GmcONIA9PFzHw1gpPLLPoqev3ytAH5KO3S/CJpMsylg=
35kyjVfwBJgytCi6KM5Vug==
FNt9orFfFSbPIXNSbXcP2Q==
gE2g7VQeqq0h5MkG44fPUw==
A4ZCFW7RnVRfEnbtNxUDb8VFIQmzxcIFLuiIjRY2q84=
cwgQW1UgxyVfBeSrdwXHsPE1eoSAri+NViVSjTYe4hg=
pYn3RyiaY4vz2unSybTHuw==
mAzeFbkWBGyzJRgEWJSZYQNn44wFaguEUnqkvHVinQw=
NiGef/LGs6v8Em6sqLz1GYGKB0111uCW/TAqgkiW0+w=
2lfNnhNY+w/3xMaMUxJbE0YFT/wvMlSDz8Vrd5FEs18=
A2NvjJRiLuDFa2h1sKHF2/APtuOPexxvE2e3u2TsRcnQNQxwyhOPeK59C5YkW7A7b++0N52n06jMhVKZJaamjKdY5NrNMLQaVh/vu2fkBa4=
A2NvjJRiLuDFa2h1sKHF210wGo6i+SM5mOyMvWCTCYyyoyHu3bjShLxg5zPuQ8lOU2MOtFgRuNFItL5b6Sc4MVX8do/yxD6ZFWo0Xnysa4B4KUmHmOY9DiEaJhGnq39N
A2NvjJRiLuDFa2h1sKHF210wGo6i+SM5mOyMvWCTCYyjqPvxPLuYyc9A1n10RKVmMAYf5KF7eQJFi6atHZXil1aba+2+LbocRxe+kQHbamwnxrxqqy19d7pjxrGlmlt9
A2NvjJRiLuDFa2h1sKHF210wGo6i+SM5mOyMvWCTCYwhs9Dpswk3IcpyIn082tTfgZ7EYR4JmulSzwiQGTk3mZVs2SBgvWiEe2AF+ZmhOvlOsE4F7KkmvqZabFxNkiWn
A2NvjJRiLuDFa2h1sKHF210wGo6i+SM5mOyMvWCTCYwU4lZcZIP+qHXFiE/4QZjKgzFc+zKsktMAwcs7cmOBzIMUDn9pAGFU7k9cBRp53ZbNJagQMX/l6giQF3GXfqkRaSuLILHt/TtMl+EzbIRF3w==
A2NvjJRiLuDFa2h1sKHF20zlpGGpRE6RtznuvJOkTW2VK3Nb2teNalF9ZCUeGgj9tIoIiw6iGcQnMBms0qB2GghFBIGdtRdIXxzzTmWmLuFnghL6MaOIPsVRy2N2+AAa
A2NvjJRiLuDFa2h1sKHF20zlpGGpRE6RtznuvJOkTW0eRbKgLYI+uonxLOjNbu81Eo0H9VV1VJ8AO1dXg3vG01z727eaHZCrW/32eX+ALkMb/m8BJARv+jkhYB/Fo4Lh
A2NvjJRiLuDFa2h1sKHF20zlpGGpRE6RtznuvJOkTW1F2xxw6TLnNjZ2wUEixwGGoJzr+TjVYIeeocMKaV1sQK6l4zdo6IwZRX6tKmstuwQ=
A2NvjJRiLuDFa2h1sKHF20zlpGGpRE6RtznuvJOkTW1D7/qSqvuRRAKCZnUS3s5jM//wfnvATMNTOStnYx+3wzbRDPaYyHWN/NPLPDRA9tT/pp5Bm+mEVdhT/iYavn7Q
A2NvjJRiLuDFa2h1sKHF20zlpGGpRE6RtznuvJOkTW0CHw58qHY9jkO4Hc02TR4FuY6PENAd9fISosdp1Qu1J9J3p4hvL1iP+hsIaiTVexmK/QbCy+cpRaWZWGNwxQ1f
A2NvjJRiLuDFa2h1sKHF211O3e5szcdEyiMtetmNcWugHRwo+73ySWXjEWCZa6hkOxjLfyVKXOwdZRvvRzQi2nSnQQFWjVnl4PcGHeHHBke1zioDhdtmcN3b4dr4S0S+
A2NvjJRiLuDFa2h1sKHF211O3e5szcdEyiMtetmNcWszQLNAMo6lyfm11BBAix7a1XtljY1+yuPI6OemDzLL2VybnA3+hoDKvOpNHErWvMOugoP/SbhMZ59sxcWzLWDq
A2NvjJRiLuDFa2h1sKHF2+dCf+uhLkIh+F2oOhcXGolHSwQg0Y4/KImHJXEkr4HiLeXv/6DWUw4f+I9pgBxAzifyML9TAQkEx0VGqL0V3a6ExLhCzqOfbSAOA59IlXqcprYA6OCrceTTFRbOrpd0mjUi339pq4fL1eKUIUDdIfQ=
A2NvjJRiLuDFa2h1sKHF2+dCf+uhLkIh+F2oOhcXGolHSwQg0Y4/KImHJXEkr4HiLeXv/6DWUw4f+I9pgBxAzmw/m4fu3vCXlWZxF9zSQE9xugsprIwL3mAgoRaDns0ASoXwU1YSvR28ecsIYy/EZA==
A2NvjJRiLuDFa2h1sKHF2y8oo8uuKitBxmteH2ZuBHJUxax/0snDsT4TtDUfUsTlHoi3Eb6RQpq0XhD8/Qx64+x2+djaGhJF7Wv2A0ZKdPA=
A2NvjJRiLuDFa2h1sKHF29ZC022jo+YOTQFqWTDEzhKVz088FVS75jwJkk4LIrStr3cRBK6ZuA7oNnCP4wEktci9Ufm9yMZt/MDdY57EfIokVjnE0JtOSpcYdrW3e/CS
A2NvjJRiLuDFa2h1sKHF29ZC022jo+YOTQFqWTDEzhIZHcF2TtLMxyH1GfLnYyr1aSzklMdeWC5VMpBWsYfsHWb+gTnyZ2Blb8PTQOys3/0pHnkIvwcnAV7h5pIdamDU
A2NvjJRiLuDFa2h1sKHF2yVzpn3gTRhj3gAN7lzvkLE2Y/ZQ8rB1RskMudS+Va977EYCwkEofj/e7fAzPAe+FEMJ9DucHIdU/AeBBUME3MS3qxwIS1e08kI8lPtfCr7p
A2NvjJRiLuDFa2h1sKHF2yVzpn3gTRhj3gAN7lzvkLGMVh6UFugjYyU43xOVV8TmUiPV/mLN8pfy1jBdoONacvGRnuoDPiXJ4QEZ4QbrPK03zXRW+UdSqh2fyQ3NaQw0DgoDxD2iIZAhcoRWYfMjjA==
A2NvjJRiLuDFa2h1sKHF2yVzpn3gTRhj3gAN7lzvkLFXIol4RRORlTTOdM8ZORk345FT/D1qS5nQXwEpm/1FroekbT1nUelZscdGepOq5r6Dah74qCwGTEWc8s5YqjVk
A2NvjJRiLuDFa2h1sKHF2yVzpn3gTRhj3gAN7lzvkLGTN14u8HAcQtfxxDDfCKV58w2rspeCV1SFrc0spiH3MlSt0rA0T66QTD6THpI5ZEYBiLTU6+4V/cnZRdRjHvCj
A2NvjJRiLuDFa2h1sKHF2yVzpn3gTRhj3gAN7lzvkLEuOYQd86ZaCRyM5fo8zgyI2G4wXOXKMvgdfVBokhKhpyzEv5DR3Zfmckc/2IJwkUY=
A2NvjJRiLuDFa2h1sKHF2yVzpn3gTRhj3gAN7lzvkLGnQr6j1kl2GdBlpj8gMKH9BhNazdrxmNpOVJfnU1XSnQi/5o9Y+qbYhBvaD93bp+34sUb/Gy8lScmNb2seN1He
A2NvjJRiLuDFa2h1sKHF2yVzpn3gTRhj3gAN7lzvkLE0dBryBsenJp62ofiEvbQ+NskCtc7EUrGAS9KrSbn60YPBnwKcRkmADIob1HhVqgGGYYMQu7nutflXZ6IK/NY3
A2NvjJRiLuDFa2h1sKHF25FH4VSmKJrQM0AYLc6q+4VSScQPbyJTSTIjeRoYxHRT+4w8hbhG/fuTLncNP744JdL3S2z7R84Ncg7dsBPYKkYgZj4HAI8xFtKaAgTy6ah/
A2NvjJRiLuDFa2h1sKHF25FH4VSmKJrQM0AYLc6q+4WkP/GroTOk8EmcnOi49Gkc7RhgyeyY714aCYtEtdCxN2vqbepx6Gza33T9ZBIBQKqKFH19JiU65rXmoM798g8J
A2NvjJRiLuDFa2h1sKHF25FH4VSmKJrQM0AYLc6q+4W9n+anAqHsRHb8fG4a3QTxJZwIFQ4epGfd3T+8JAP8gJ8J80R6qHCuGyXtuGLPOICjN0Bpf1rbFfgjwNmdkFbEbmJ/T8H3LJg8EVeuV17G2lMaxhXCN5HRXdNLxvSXdP8=
A2NvjJRiLuDFa2h1sKHF25FH4VSmKJrQM0AYLc6q+4W9n+anAqHsRHb8fG4a3QTxJZwIFQ4epGfd3T+8JAP8gF6uynu9aqaYa/QXTAo8vV9nt+fDR3J00ZTau9Djt+v51wHbrRowprXBKrmiq35RZg==
