GmcONIA9PFzHw1gpPLLPoqev3ytAH5KO3S/CJpMsylg=
35kyjVfwBJgytCi6KM5Vug==
FNt9orFfFSbPIXNSbXcP2Q==
gE2g7VQeqq0h5MkG44fPUw==
A4ZCFW7RnVRfEnbtNxUDb8VFIQmzxcIFLuiIjRY2q84=
cwgQW1UgxyVfBeSrdwXHsPE1eoSAri+NViVSjTYe4hg=
pYn3RyiaY4vz2unSybTHuw==
mAzeFbkWBGyzJRgEWJSZYQNn44wFaguEUnqkvHVinQw=
NiGef/LGs6v8Em6sqLz1GYGKB0111uCW/TAqgkiW0+w=
2lfNnhNY+w/3xMaMUxJbE0YFT/wvMlSDz8Vrd5FEs18=
A2NvjJRiLuDFa2h1sKHF24/H7WxO1R7K1vYjdogXVVeDVaDONqIGojoHy2nqxW58zYiw27iJ139qQYMp49JjQ+XHo48v3YekZYFNtVUdXV4=
A2NvjJRiLuDFa2h1sKHF24/H7WxO1R7K1vYjdogXVVcx3Rk0xdgDYgcZohRCdOzn2twvMEggJJ9IO1/hs8HgBq4+pEa2TL2df6pOk2nOosC4vj5ZCK2lRIZYJJuttOHWoVmOnEkECxBp9HF1b+JKdA==
A2NvjJRiLuDFa2h1sKHF27jGHSjuRGUBy+/z9QVwAh5cTZd3g6V10buZeSmpa/uWUDq9h98Iv1fa8xbxn6lryknPh0vpkiHpcscKvf+M74H8KqwQDashHOdZ+FeHHdtm
A2NvjJRiLuDFa2h1sKHF27jGHSjuRGUBy+/z9QVwAh7J3OgmCCmoipZ0Fm9wE3ex+xjppXHekhGAmIPP4IZs3nuwoj8Qx5ooaDWaBknP+Os=
A2NvjJRiLuDFa2h1sKHF27jGHSjuRGUBy+/z9QVwAh7mehw0galGTSV+5F7JZdDCz3GTS3u69NouPLptA78p3LqRoMcL4K0O0Gkzlo6yDRLNLWe808YSEMDNLsW9La0C
A2NvjJRiLuDFa2h1sKHF2yRC7u+kZU+iI36tkWbtNGDsx8uHjtmOeFl4W+WmIY5kpJectJfGy1wc3sGFBSFnZdliXbK+ikAe5AZKjanlfeQgO8i+9/ustgm1THPYmSgg
A2NvjJRiLuDFa2h1sKHF2zdyLk9+j1majZApxt5gNhh9wxGNubyefm45csQ7qzUxzpqjUf5SAyh0sd+5Lfr9cNITSdgeRr1QpArcp0KcMvFzk3+2+O+R5Fppi+GLdSsE
A2NvjJRiLuDFa2h1sKHF2zdyLk9+j1majZApxt5gNhiu68yco10evjcPS1bh0mYI4LYodurN1+JXG6OYWNdPi+ritscGb6RXVK8Mr35vPRXyQJJB8IuduALiRPIPXSoDx56LVU2L6AuNS8NZdq/dIWl9Ez05fDTzKF2Gs0Mjg0E=
A2NvjJRiLuDFa2h1sKHF2zdyLk9+j1majZApxt5gNhiu68yco10evjcPS1bh0mYI4LYodurN1+JXG6OYWNdPi4Z8UEboueOUdsv6GsKQ57CMnBKRU8uZa4jIIG+710TKAzr1QbnxQvY5BZVKy0S9cg==
A2NvjJRiLuDFa2h1sKHF285HHLVbXCEMc+u7peU4Knc/FdcYCpuTGHP91gGBzaamiL60dP92sqkA7JpbRlpczLTLqnLug5v386FhPOZn05qwQQw1DQu2kCPEEULcCzXf/TFAqOlyBur8K6MBRK1iHA==
A2NvjJRiLuDFa2h1sKHF2zXJ/IJ0BL/fUyexy/G2QK4feXeRW6/Wt65edRaFNj7gXqRhtMJJx98ZCAnkYHwex5Sp9HtCeRfu6WlG27YvLl5skfYiahnJpfHVZuRiJjmE
A2NvjJRiLuDFa2h1sKHF25A6/NWr4h6N4uPOToLcU9LtUy2y1YWVui3Jqme2Qg2xPTgdFYNZxKoZ5L+uStppxZpHbO3kmp2LpHtwzkIAjsbBBxARl/hMC7qwGviabrM00daOK1OgaZvm5TKh5LWxwvqyYZSzOPuBHkNNM+5pOqmNsfJJSsYqqvgqSR4HG02CsH+Vurq/djG7dq0/Ef/8WQ==
A2NvjJRiLuDFa2h1sKHF2w31uRvKDsMwY4GKoH3EzXSa9En36U2qHD7IYiUXhEGVm6iELwHZhvAXcX7ypKsHQ/C9eT9dVdZIlDRpYE3ltECR5Di/nu5FvAq0X0iEBF4yQi9ylmjpoOCSR4TKwWnCEPWwARm29480AZ0DLY+IVSqKfpLVvUxW19gl3R+syldf9OoIL97AUko3VxcJ2SB4FA==
A2NvjJRiLuDFa2h1sKHF27EUtyIcm5Ssjn7XSuKTqc/ePOL0W0ol4XftGqpEv0PwSte8RrCOYGSg4gXrXoEvlwbE4j946hNgwsfLHTbI4ORQN9hWmlzDDY2UF3wjaUsE
A2NvjJRiLuDFa2h1sKHF27EUtyIcm5Ssjn7XSuKTqc/oT73lBu8FXfxpvIIasZH9GMowfmtrv1Q1kA9PyptPsQhdUMFrCufrT+ZvIoklHZBBNKlh4vS8L1b94hUpBz4L
A2NvjJRiLuDFa2h1sKHF22Ej0b3N3bPeZHU/IE1xwMHxQ/F567jD9zF2OD+qWfeTSjLZdCluRQLuiDBQ379UtHuQDldboAotjyQHQlEZGjyL0nopl3JdV45TcvHcdwg0MtDr3WOzUCPVxsxoIPitwQ==
A2NvjJRiLuDFa2h1sKHF22Ej0b3N3bPeZHU/IE1xwMHHzW2ERleg81uqmMdtqN7DJItZZJubthoO/XT8+vFlFzK5f0w+ZdQXe/0IuhhO4F8gjQD9/5ayz5kTZhwAMEhj
A2NvjJRiLuDFa2h1sKHF2wpJ7mBlMNCNoKXysOkeZaK9hlBqMuc/2WOTAgmq/+z4BcJNRy6rgzZ6ZRDi+GPqVfEs8TcCTwchZMeVHiMkclsK1IMdDbRDabakaoZkA57bYdtVPWn2epTIq0/KJtlA9YPLgOLNw3OgSo46l1HLgCzwKF28EQbRDjUZFQSxpI0UaNJhMXD6muIK7AuRbeOeoQ==
A2NvjJRiLuDFa2h1sKHF2xbcVCl4DIf3Sd9W70YspjnwCSqXV+yhEFBVXuyvWEX0G7oprVGiaMJVByyd3eRJkFbanB79F5uC0TxODlkkxiZVFmUmhiScchAmKOdG6IoFVaj/4XKWGdZqxbULOQVCfHiEK24KtLqziJ5hSMhZHi+LuIE49ct53gy4B0LcSkHqAZb4uyrebiE82tDwOQRH+g==
A2NvjJRiLuDFa2h1sKHF20cS0xCmF50s5fkpevzOABbyuBTcKdOYOT+3i1esHfLoQAomA6TrEVx03vy4EJUYVlLaleqTVrZjdy/0jSnQaBowV7+v9CHZhIs9zYVbbHkH
A2NvjJRiLuDFa2h1sKHF29a918/OqtskNbYSCBb4Hp0S5BlaWz8wZ6QFZW+Ob4CXPUuN0F3y1BneczQhnzpGeLANhMimgHRu37d7vd05xUKx0ie4bQ3VrzrtCi9IE+6x
A2NvjJRiLuDFa2h1sKHF2/Uz2Sbq/cJveDgRWicVL/zFD3M8uIlufgQnCe8q/rKW4m+2UexIT9kaXkHg+XUa5ZIqU9gWFtEdyl7zR9t9hDs=
A2NvjJRiLuDFa2h1sKHF25gIJciOfmrFNJGFqPRSJtjm0htY6SSYTcazL+eHLsgZIcoDfdm43Bk1/avLLfdVHFeOnyHHewjSqz8bIdWnE2KSya8yeWv8+HlfSftO5MgMSB6UuM5xS6+wux4mDGgWvg==
A2NvjJRiLuDFa2h1sKHF25gIJciOfmrFNJGFqPRSJthzIu7MPpHL6eFdptvWR8mFd3Ssmdy/JTswrU43xeQX4PsBUg3b8zDXC0txetvPoF8gFQEtFBuEbp/F8xwAo6ji
A2NvjJRiLuDFa2h1sKHF23tNrA3y9Bk/kzCHorE0RVL0nhv7kSv55kDRdSLncCgi1XIogOtQe+3jlySEzvkZ1wCkQbGc0QS82rdrwgYesYQ=
A2NvjJRiLuDFa2h1sKHF23tNrA3y9Bk/kzCHorE0RVJ4dlJRe9B78eyDjyKb6DHivSGy+5dEh5VaBZicrJM+r2c1mm0wRBdA8R0nYtCdNtf+w5O8dQ7LjuapADl+Pg5M
A2NvjJRiLuDFa2h1sKHF2743Vux9/ESegZrbJOsvYo1aSMiFhS2y0MjYQ6mjz3QSXnlyTOXX3oE/UhRZfTD1wk+HFuB1oC3O3ULQU5lFdUsegeEFVOXi8/KGFZDP6L98
A2NvjJRiLuDFa2h1sKHF2/wmzwC66JsRdVcAl7GTCeOEx3504xASTXnu430DCRogOf24Ach5FPh9cV3tIS3MuGJ8PWXKfGvyVqD2y5oAc4xV6APhvHNNxxMINBDTOyoP
A2NvjJRiLuDFa2h1sKHF214G7ZuFymLsoJ6gZUfuRGmy/wTgac9tFBsHc2/u00Zw6mJ9VmFlI21I0ZakqD+IeIp1ZtsrzhVsMedwN/PIJnmKFrTCRVICFOsYkFQ7vBdMN9YQn2gfWc7WBeUXk0sV9g==
A2NvjJRiLuDFa2h1sKHF2znXxaVW/GuGMnpZsnmoAwinUOPZB6CBNR6waFQG2ETM1sje4Qwc/noyKft9fqXZ7NkpY4S+eRIRiIo1AviFkrIYPTg8zO3qqJf/xWCh3HiVukGP3Akk8DP5bSxxENhTSpcbJLYb0HdCErK+i2nuvjc=
A2NvjJRiLuDFa2h1sKHF2znXxaVW/GuGMnpZsnmoAwgI7D/e7914IwEsEyfsQ4K6XjTvcjmeXMWDJdGyb6GjPTGJdwvtYfMm718n3XTBdL+0LR9xWnEqmDEWVETpna3YRw/T0s8eAdX+uRDH6DnnlQ==
A2NvjJRiLuDFa2h1sKHF25W+D6yNzWumhXh5snZOUH2BaEgb64KlkVgbUBjGfBIDeREHk/Q9uYmpwHd93of/0yGoTNr/TnlSFHj5hgJQyqQHeSKLQgl7tB2p40d6tVbHGZnrAVE4g67SdW/mK+GDUxEMLiVPMo8t6rHvMJXojcuCPYL7oriWLzPtI3I1ILRyjPwLy1uAhtTZUKeQ/o6yWg==
A2NvjJRiLuDFa2h1sKHF2wQFKYaftj+5XqUmT4jBGb4k9p5bAq3GssF1Q9aMvchQyYeu1JBsci3yBBvmEOVh7b8DrNt0lxeNSOB1mXH5hIavAjbOld4meaoEGT28f4fzfUyqbAc3NnrbHtjCcWi1pA==
A2NvjJRiLuDFa2h1sKHF2xe8GDPquXFjpx4VMl1jdp1zVP3mh4Cur/lFc5ifsT+CI2ZNX37rgCekZQ9/n8Kde5NJpIQbTNuP3FtnXu2AFE6fSbylLLqafWny+roIJ/oG
A2NvjJRiLuDFa2h1sKHF21bggM5SImMDe7VDmKJcjRBy8rHuPC27dqmSZpz2xk2g1bjAPPFTo3grNGrwZZQeoQ6sSB1jgzmRwvcvRVTru+FPifc6R0nHzboVQ8FNfJjdOobx2BagfA3wdFGIEx738dPwFeNKIYUvp/7yuPRafp2itU2XxZpgCTJ5k2irKgOi1T7XdF+YZxum4Au95Ab9QQ==
A2NvjJRiLuDFa2h1sKHF282UbKXS6sAw3J5XETePsUnu2yX2++U+BUkvaZVpbGIOvHcfFEMPomZAbnjt1e3EduWvPWZ3kOmGxiDcG/1J9ZsjD8dQJY594qE9rSPQ5m29
A2NvjJRiLuDFa2h1sKHF25HpVvHYnW2GM11uYwYL0X2pUEwhVRNJJaVf5WhyJ9X2UtkPMy20+ZX273QLJ6gBw49wrzHQqonrLnNIn51/MrIf+vgLKF0h4k60THR1kmQx
A2NvjJRiLuDFa2h1sKHF2562uGEyqAwZkUVxGxlZLSDzEJtaaMqlclyPDAc0bsxrYJEJpvsGAcX8Vpw4LKQ5zuhg9xY0zUMNH3+2L0lY09O0rbZbIV+HnpXSQlsTorRZnAtXDMjYDz8uC4WA8jxnRztmIui+0iYKFES3EuZTT/T+oWgx6a51BtAYgN2KnAXnjyxDJhWnDglFUPJX/9MKVQ==
A2NvjJRiLuDFa2h1sKHF2wtAnQeI2ewRT6LoXoyZv4KsOjaMlABAiI3ifHlFj22V6cI9tApHgPaFZT2Apa6JdIWH6N/OmCQ+8p+A7AX7//ogx9M07Z00h9ETNNAjSqRG
A2NvjJRiLuDFa2h1sKHF25CrBXwX8b2Qa/ApAwbj4AS+31+46tY3VRd9It9jVpc2JXN4Cd0x1tpyd8XtYTrdvbPh3Fo7mfQnsBaqbLwL4I9+tMafYg0wcrkLENjVwVdr
A2NvjJRiLuDFa2h1sKHF2+RfvdPiK4jZCD/4ciyXol59WmQpOzo3VBJ8ZRLI9PoIPmd/dEbuylfWT+qq0jIL/2iyJKaCbYI1qFKE2o0RvZ3v2RnU/Adln3r6IszmemGm
A2NvjJRiLuDFa2h1sKHF2/7/F/4dP5fr7tFj95NtrMJYIdxfChpm21MjoZnc2hEj3b9yHPmLr7VqczMOomFWYrlNVk1CBYGSEVmkW4m9zd9kvGfFXy4fvEl6pmhtNg3CE0mrq9XbZdxhqsSFXrZ2nzjV9S9lQac19vLJ9JZvTww=
A2NvjJRiLuDFa2h1sKHF29Fp8yR37QRyUBOvyZXfdwivnnaMDbSEZfLLunLF1RWE+sJliA53YFmG2q8qmKGaTcIfY1pikjmqqH47Z2BL0jJIFRnqD0lZdt0bpkg/VmDEt3XoKyEwCIg/KytJESqPKHiyOlMnlRd+8fbQ6AJUougLyH07+qMB1LSA7KAcTOy9XHUguoNSUorLBapxH+SDfw==
A2NvjJRiLuDFa2h1sKHF20Ghtip8b387vMK70C8A7WDh6F9RwNJVwSsVfEBqK9J5y0IWFR6oAEGoe9u6yt36bxxVKJAUB+y+tYGrG41U5HZZzP+hpZ4vIFeOVA+KJ55exT6Qtm3kvoCWSLTyqfk1WV3pakw8Hee6IMqvimumzX4VicSngVqQd8oaijv4skn833jrm5hStSUtd8WcEGDZTg==
A2NvjJRiLuDFa2h1sKHF264WDIBaFsItSzGpFxZXsVNNfOpBpdoKy1ONg8JjkGIjN6XX/N82hV767i6ciFSdAcT8DDRGd0BOqQ1ZawgW0U5+6dTvUzz/pMkMJoQp8wBd
A2NvjJRiLuDFa2h1sKHF2zC5ckgsV52T0O4rpUHiAIVZFBOxXE1sJ/zxEUuo0jnwjFbn007MsFBqgjUCkUtBYdFp3NXKqfbTKjjJg0tfKgg=
A2NvjJRiLuDFa2h1sKHF2zC5ckgsV52T0O4rpUHiAIUCdWDsvXJcLGPaVl2nmypsMKVuexrUv+Y8VCo8nJ5gE5OCA/V/lY7bCnB+rMdTbdXkmxaaTI2HJIMYlI8vsJJ7VM92bQAG9hPMneVgqG6DSQ==
A2NvjJRiLuDFa2h1sKHF22IV2PPUXhaRhkgeBWvX4U4MoQ/M0GV0IVs1OkJXnnWmJikcg1bbuxr3YJOhF+nwyvh4PmWFZaiVccGQ3McTdKI22yhG71w4ff4t2dtxkMwe
A2NvjJRiLuDFa2h1sKHF22IV2PPUXhaRhkgeBWvX4U4deSCrxuc6UgTsVtnu7BG4yIbn3pKZ3HSXo5nxJzHzHuWtHuPBDUdRrz5Fm8BFN0o=
A2NvjJRiLuDFa2h1sKHF22IV2PPUXhaRhkgeBWvX4U6h9RDJpcqSHXkB5FIhrv6muJ9cSxk2EZwZDgY1BRQ4RpHM0TT2L+Wg5Ss1744GgMxCFhL6WsZzh3+ySPX03piE
A2NvjJRiLuDFa2h1sKHF2+dJ+9mbmlqi3INV7+e+PO4QnMkjNUaccGToFHbwfHLOSmGdmxK74rgyiMIjJeRlUwnd0cWyBu0uuamblIG8yOwW9z+DdweLnHNcwjG2Hs3W
A2NvjJRiLuDFa2h1sKHF2+dJ+9mbmlqi3INV7+e+PO7t81PCMiWDUkjJe3awFEgxHcNyz0q/1nBxlNUHydAzkrUURvSsZje+9JUY2x+cUtiNRfkLQXUwREzWebOIgqYpsc2FFE4YNg7GdnEc9Y5/QNPEKgTbDOjiHmexWKs2hhU=
A2NvjJRiLuDFa2h1sKHF2+dJ+9mbmlqi3INV7+e+PO7t81PCMiWDUkjJe3awFEgxHcNyz0q/1nBxlNUHydAzkl6pZE3xcQlh7SHQhbj/cmkS/M2XtAsrO+AYsVSzdmCVZUfag0BoUo1r2cCKroUviQ==
A2NvjJRiLuDFa2h1sKHF2y+7+9RZNXjT6+sDg2gwUIBB/4PSsX4VTQ8tnSAtLNY2Z/Nsvg9FwxJAs+xYTQEmWziEc43jEqOk7lJSe0y0zrkXkZ4SjGWjS8jUut3qpR3P
A2NvjJRiLuDFa2h1sKHF24TJphbYY/NmyXvYQy9XvfDy5y0Sao3OkmgeOEYwzkyF324fLTPYf9PBTv8aEcDxhtz9wjMX42YTrYlroK/CLjXXb0PUGrKhvFE5ONduEc8dJn1E65+0/y01knt31q//Fw==
A2NvjJRiLuDFa2h1sKHF24TJphbYY/NmyXvYQy9XvfB/G0J6Y1ujQVRoUgYGmQoeqp+/7UJgZb0uPytCGRp339ot2iHZVol7UF3iHCbJgqEP3UqxiraAfD0fibXmboJG
A2NvjJRiLuDFa2h1sKHF22R2ncEn7HWG+iTlQZAqLxqqYilK0gHpkx7ExGlTQzbLGv8UpfupWNngAPWZkqp+AT6Ew0ny2fH4pJTw3yWmUMzauaO5NT0v6wvVTeJehkZSCGKdvvkfahLM4yyvutjti7S7bTiAJJ2uAps8dk8Efam/qQIMVukoVumPlMj5tSmWmn1dy36foxaXDQNNptlTeg==
A2NvjJRiLuDFa2h1sKHF21+9fBt8GR0pR+JMQKB2u/AZxUWKeU7z/urjqscMxWzOpUJrl1HACYJPvQUSDD3WS22gvfIT60Ulef6mFxXXlxVSjwMkNUdw10911USY7V+1
A2NvjJRiLuDFa2h1sKHF23FjCaAghCDSgLZgBAJ7yYyxHFnhjYkVnzWECRbwqKCBCRZLUJPXESXnsOJqxtRNVsM0a0PvJXZ40j6W20Ee4OZGrA1bpkWb2cGVyLExxVP2
A2NvjJRiLuDFa2h1sKHF24IvEe9IFs5aVuG33eqAam5QP/wHFaD6ehlbLXok6rj9MOqh2CH6bcWq/VY/yDI1n4zGpXGU/2TJmRgXQSab4W3XFiCDND8c/U/757oQnIy/RVFfwtwfd0uGIqVJ1dG97HoUwrr+kZz++mZVZD07W+aN8TfkdvoJ1EmKbVRSTGdkPWKzqe0lhZW++hemzi2aHw==
A2NvjJRiLuDFa2h1sKHF21eWVHyEHH8tKpJBSo+l8UFeRkvoggSQSbPAFCeurfy6oNcNmsuUD9T+64l5BDFpNADL1bOTIwiviQ+pTIbbiSU=
A2NvjJRiLuDFa2h1sKHF28qy8GOhp+L+ymcjziDiZPK6lLATfozyZltMznO0OE3wrmDwXJUFsT2yzv0f7qnrYOYu6hFP7BcXIy71SJStrYpiipC4j6fWW/dlZNLweafZGOd5q52AS4rTXOBSE1vu3A==
A2NvjJRiLuDFa2h1sKHF28qy8GOhp+L+ymcjziDiZPIVACxcurNshrjmXWfAW0wUKwW5k/7dwTbGX7lZPNK6cFofb9AODjlNJaytQWitrivHjN7Ud7IQV54ghG6WSH0R
A2NvjJRiLuDFa2h1sKHF2zUOqS/Y2s6zgYarqtJMl4VEHzBk71n03k/eEVr0pNz8/YFPpQLF7l6ZXe+Tsn3NvMbORV4Ir1gNaFqS1lkHbns=
A2NvjJRiLuDFa2h1sKHF2zUOqS/Y2s6zgYarqtJMl4VnDBUljNRbievIBDLUr/8jgzFbQCivVYF+UlVBSV9Ye2wyM+zEocmslWALcSECvWJBfAr95crcFJcKCdV7vW6P
A2NvjJRiLuDFa2h1sKHF27wEI12J0TfM4aNUv6MXXckydhIb+aO3gOrxFTkoA2iXQ7yR4gosbPml7Ev8jrTJR+34NxVOVWPMrD+HT1I1xpUts1f91UVYOnabVgrGs4V5
A2NvjJRiLuDFa2h1sKHF2yOKAWqZMsdrWsDrqk5dyIQ+NEUlEPYjsdRp3WJFHHGoVxnK+ogrZrukokRrKBs866otkONzW7YNP7olv/2phLWayihScXizFSq3Y9/gkdB9
A2NvjJRiLuDFa2h1sKHF2+1lMzUaglfKZ21IgECCIREvwBevYGOCb7Q0f52DfuQhF5/H7aVtht6RJyV1ndmfCixGPfticpyj6iUItBDwZCrsL4iGiZT7/nOQYgBpIfpWhWbrqyKu5gHIgjUKxyXzBw==
A2NvjJRiLuDFa2h1sKHF27of5g9DO3Tf9WdHm/th8yplYGaBRpcCxMy62TpB5DNNdfywlNII/zBwi/LtgqC4U2JH6SrhyZR0cjBwoM8GnD9XFfsJvXfQp/+T8X/LlzLfPaDg4zbjNM/GwaGdNLvXsDa1ApNzJM8fMoEH44l8muU=
A2NvjJRiLuDFa2h1sKHF27of5g9DO3Tf9WdHm/th8yplYGaBRpcCxMy62TpB5DNNdfywlNII/zBwi/LtgqC4U5w+AA4ePlpqQPJkjknURcm9S0ko/3UCT8l4kDjfI/FXqWmprCIeH9GgaTeQAqtEpA==
A2NvjJRiLuDFa2h1sKHF27of5g9DO3Tf9WdHm/th8yplYGaBRpcCxMy62TpB5DNNdfywlNII/zBwi/LtgqC4U2JH6SrhyZR0cjBwoM8GnD8mjK/Z07MIZhdFbzpxGCu7NMsWZkjFVcuVCmcD7dwKhtBcMtOz6dBdtCSOfr4NJsklWbLkun6W4X0TNWKaPAydgYllVX/Tk0UQ6LAnYJKheQ==
A2NvjJRiLuDFa2h1sKHF2yF4cRNgU9PnmlST51V0O5p1bs3o2ewz9qF8O8VBb2hyKBKJQS6N/cQcKcpUgR+5x8DL+WSpnD9usJx0MNTY4vMZusPqyo+6Cp/aGU8qH8sw
A2NvjJRiLuDFa2h1sKHF26I4TlmPcv7/ygUd0XVetAhbXzruDTbkPjg04XKF6SYhrtnvN2c1mhHyl2ruCO0eEQsUx0K3Z1X96vwwDiRtlV3wsmYFB2CAncU/hiFVa4Yz
A2NvjJRiLuDFa2h1sKHF24eIQLXXNbxKhAdS8i0xGVxFq+sWPddqKem8WtK1oDoogJYS4Se3w6hQyiaVIWV5qT0nPxjqylMcoxHx/dXQWcirIRoxuhA1LSAReQH1CrZn
A2NvjJRiLuDFa2h1sKHF2/Qt+Y91y3kAhPwG68AbEs9l2zJaODTzZiaf25uLqUsMjDb1r0axSlQJZuQr0Cs7PvGEQFr5kRtlgq5Kl11pWYMhHl42vVGSVjELSuvXoKFzbHfZI8TPDg/KCbmmOtj2pbSUnpsZMIEr8qxoNqiL05Y=
A2NvjJRiLuDFa2h1sKHF2wJQAjAF45SJ6WSgOpeGsMzwEoh6KghcGVXqEm87O0rNuKXy+OTLeSNTjIa79hVwM4mKi6a7zsr0PWt7PTGzM3QZL8aKQQ30Yvh3vYBVHu2n1Cizw3VFfj4SGUDlt+CPrVsKcwrBfBMx9/dJKJyAqOgWOkuNEA2TXUX7kOXyE/p6xLYl37kdiOQlY3vV/kKgPw==
A2NvjJRiLuDFa2h1sKHF23TbI66MKfduZdYkq7kH2ABaAhlIfSxO2HBCKxqhLioAdBsV+LysL7QNVfIq0SCMGBkQCxwrZKFYBtIvnzHNRa8WlHlf+B8HZK3wCX4pr8aaFx+nL3pqpjF4xkB4hlydPWQwelJ5jpkQpuwNn/FG98l1Q4Ew876GEUOcLyy+RwzE5Xdr7hsEqlrGSppwGUPitA==
A2NvjJRiLuDFa2h1sKHF26hOvEncCExWb81wJSrxFoznqlpWWm4ib7lpK5+biG/wOxHFhnVmahjeEcBTAWT3qMifDBidBr9Q7dIOIp5bmukP7/IvUav5gLpAnJhUGYQCcz4rCDVlcXQMI90tkH6wAQ==
A2NvjJRiLuDFa2h1sKHF26hOvEncCExWb81wJSrxFozd/N8L7d/iQAQ/BBlzKH82XBkTZ0frSyQA3oHBKbJawAQusVIcB9db90FXAnECTgNf9yA4R+lNpTg7ea9MkMZq
A2NvjJRiLuDFa2h1sKHF2w85sOG6716qsu757AbLj6rAqBQAUelaDcF/KxPrHh9vTPhL1XGAIv/ysA8vfmVBF5wn5HSFJayPAD1ZNytBnHmXs12mL3Pon//z1mj5B1pmAy6bh9hRrqvAuBSb4bT3jXjLj68h3Az8gSQ7IEwYOlHoZKk55F4iZ/yZLBYxoX53xZ2YbvKwRw3mymVP9j2Pbw==
A2NvjJRiLuDFa2h1sKHF27YQPjan7MIU5ICNjIe2sfUxr2tQYXSq4UUlOA25UJnX8NH8keTjVoU0MApzcrBHnkKZUPjiU2ffIgC5KZFSzWOuYdAYa4TeVOEHgr3rbUq69ow2WQDHDCR29xqnA7kRGxCTcrBHS64zp+BV/8fF7gJ97glJA4m8jccVp38LaVnwPqg6eRkmERQg1AeEBkNuLg==
A2NvjJRiLuDFa2h1sKHF21/lNwL2qZP7WKf3nzVPzWBXPIfowzPa0FsooOQy+jd2nM4xbRVr9vRNj2ThJdwSpxZH/y76RSRcn/KIRwrtc56TDTJoufCn0WsN7VcIloZM
A2NvjJRiLuDFa2h1sKHF23DtqStmoWZFPZwFQ0lw4Z5C+KQ/0PWFEMyTej2KfC4w3Snc/velnksU/1n2uRk006IBa8w/W2h71uFsaHPyqNiodwucsxr7kw3XO4pqCzEX
A2NvjJRiLuDFa2h1sKHF28aqa0wTXJSLWvhivs49oNP31fnOw+IoqHHrXx4ozVUxhNSLKPpWcGofPnKa39mJDouO/pW+LfafcgkWCGsAhCk=
A2NvjJRiLuDFa2h1sKHF2/98HGpcWipARGFxsqeStCiBrkUrCMJ3JcofSNATAPdegTE034uNdoNflIV7CTV07xGXwaVQ6lpBG7n5G8TRqgt42PQVIsFdHw8rSaYkWxS3HINvMvnhPJjNQvfrsm5mmQ==
A2NvjJRiLuDFa2h1sKHF24wk2Q8X84EeXHBlO7u/T8ebRQ3aXJJfJWNgqPs+7+Y2p6KT5HieGsSAcTVWoKuawrf+eELznVuxSERhmEL/++VrX2COKcM1ihgZLxrbkerp
A2NvjJRiLuDFa2h1sKHF26PwwrLyKBfSzH8RCqKePu68gx8DdtOo2oP2rJ4kxnCX/9luYiE5518qPMmGDzEvSJkxbEoXrDO1LEJswqHtfFw=
A2NvjJRiLuDFa2h1sKHF26PwwrLyKBfSzH8RCqKePu6EKUltqWGJgBHz+27fVxAZ99ySmxX106WSboZ73TW+Ol6+yLHGm1Zy+i4icwh22EHZ2mA7tBbgianh68UcZDJD
A2NvjJRiLuDFa2h1sKHF27rnuF3tQ80Q2A05uZW3nR46LnrlSjPKvRjPvDcWFofe+kMZftfL52BPNZS37Yznn6IncJYEBq18qZucsefCtQc=
A2NvjJRiLuDFa2h1sKHF20daQJyECngtUUcdqETSF9AML6NX34FbRWM1AyC5kPdlymgmjkBany1ywxPpwU9hxBVc8nauD6jKtKT5JB7DE02H2abUkOsst7MsvvyIdQpy+QI4nYL351DsVlez45HjLw==
A2NvjJRiLuDFa2h1sKHF20daQJyECngtUUcdqETSF9Bu7qT+ZVmisJOJJ6ihhPL4rYVXWqh0Y3ChCfzSEZmpIux/rQ7XRT+48Gt23sz2fzRVne5vjK4zjASy82rbFuVK
A2NvjJRiLuDFa2h1sKHF2yypPuR86YShycfJvRTU7M2NhAaBw+Begh/2fGKR7lYO2N5jiRJrrMRPKO1yfMBPlMPWydrVNp8r4IcE6gO7dc0=
A2NvjJRiLuDFa2h1sKHF2yypPuR86YShycfJvRTU7M1gCIkGX9HLznn/fZ3dXq1e96wvwOwh5rbMPZ7MqbanXCnC01WRBfjy/RTfXLzGidw64wbkGLcAfCvz1e+CwujX
A2NvjJRiLuDFa2h1sKHF25oSxCnkwb3Fsi2+92uS4hue6bqthDsfQa3X+CKsigGe6BzVD8rk1akQdnBzEAf5W88Mwf57iZw7xd8+Binu60I9u/seNc0yUftdxqfjJcyM
A2NvjJRiLuDFa2h1sKHF25oSxCnkwb3Fsi2+92uS4hsQDQY7r8d8ZusMzgdoVXzJhSg8DKhj3oAdri/Jg8cN316x9oeKML9GtkeDvfwvkZtPbQzzn9x7/s0FiFnBcaXnUA8s/XiysI9N7upa8kCuXn2RKmfmZYd5XK0mMGviWf0=
A2NvjJRiLuDFa2h1sKHF25oSxCnkwb3Fsi2+92uS4hsQDQY7r8d8ZusMzgdoVXzJhSg8DKhj3oAdri/Jg8cN3wzx/eiKEVkO86FB0OYw45lpecoU1zlba1lHzCapinhgB8PFGnZWcX8yNdk5dD30xA==
A2NvjJRiLuDFa2h1sKHF23t9Cye9hWnDc9/RF4NFLczEQRxyLwrv4yrNFPBh2wMuuePDYQm0MrTZ7+WIRNI7Q0v8LUD/Xxk2bKc+EYAksWr/guO0OWQFAmudG1wdBv0a
A2NvjJRiLuDFa2h1sKHF24EGTcnlPwKIzJ/QO1/7TPygUM6XmTOfZkrfaOvoNiqCWjSd3w1e4Pn6vO5naZiH4dPlFa5tDceQeB76dvq7Ek/d/3oZ8ds7/yZggLIAlDH9
A2NvjJRiLuDFa2h1sKHF22xTQOC76t31RShYLfmtsM0Vpfc1icfv/4CgcLM3XD8alo/drNVswEhzvzkdcScsewPmW+RjaXL8Ydp45jzKJ0BbORwaf0cS24pHgpS0pYjE
A2NvjJRiLuDFa2h1sKHF22xTQOC76t31RShYLfmtsM0a9s5htYwYZfSEbYjLh+WSmawrkGeIqIMkecBS3E7BwVW+6Ewwqp43TZJ4aPN98UxA4z82FbsT8EAnTL/p/eCt
