GmcONIA9PFzHw1gpPLLPoqev3ytAH5KO3S/CJpMsylg=
35kyjVfwBJgytCi6KM5Vug==
FNt9orFfFSbPIXNSbXcP2Q==
gE2g7VQeqq0h5MkG44fPUw==
A4ZCFW7RnVRfEnbtNxUDb8VFIQmzxcIFLuiIjRY2q84=
cwgQW1UgxyVfBeSrdwXHsPE1eoSAri+NViVSjTYe4hg=
pYn3RyiaY4vz2unSybTHuw==
mAzeFbkWBGyzJRgEWJSZYQNn44wFaguEUnqkvHVinQw=
NiGef/LGs6v8Em6sqLz1GYGKB0111uCW/TAqgkiW0+w=
2lfNnhNY+w/3xMaMUxJbE0YFT/wvMlSDz8Vrd5FEs18=
A2NvjJRiLuDFa2h1sKHF22R5P+HqAwDuhm/mbIJI5Z+h2g478/jU21maw+Q0sAAUE4cmGxWgnOO3afOUR1g2cFut4NhnQf4rLIvB6vczS6E=
A2NvjJRiLuDFa2h1sKHF21K2v1XLELb3vbRUuITHWqLv5ycpzZEU4zZG3hFTMj2kBAGltaE5RTRrDSz+czNr7AaiEOxNtoqKWiWOo/BQQKEWjewsfWR86nOrUFqLkUJx
A2NvjJRiLuDFa2h1sKHF24O6U3nv5O2HQMBCGBBQQ+xsOHYg27gPTXM9L+bJhXU7AnT3rwRUurWgbw2lVaJE/mZSBPV8D6mZ8hHRCc1I6hJH7I0iSFVxlL3XPW/GeWw5
A2NvjJRiLuDFa2h1sKHF24O6U3nv5O2HQMBCGBBQQ+y3abWQajHmqXeUyQkJA9azRzEClN6UbtPgLRoDgladgsDN6lZotVVYpkvUWtUKK2qOzHxpTL9SWfFWl7gCo9oC
A2NvjJRiLuDFa2h1sKHF24O6U3nv5O2HQMBCGBBQQ+x1lx7DUsAmZxvosh0QLMhQgmFxNKAyDLSVjLiuTotWTTxA97Wc5RMrSn2wV5QoBbt10Fh9pK5WIRFsn3oWE/UrrfWZgTWwgwzwMRUKVJdyUg==
A2NvjJRiLuDFa2h1sKHF24O6U3nv5O2HQMBCGBBQQ+wUqZOpF1HlZJ4J9/1mM+L5BivAyWjs83OjWi1cWSoqz4QyX69qb3GuY3CL1SL/3EzE+4wRHIlg0cvceMqPa4Mb
A2NvjJRiLuDFa2h1sKHF24O6U3nv5O2HQMBCGBBQQ+yiujA9rPcCUlzTGPvDoQXLYuhhTSAKGXITdY6cZbuTeM0SA2ucccoDteYpHMsmHxIXC1wA8YzWlZZSr7jNK1CZ
A2NvjJRiLuDFa2h1sKHF29IGKO6Nda01CJxyiTyRwu/SsnQwvNvvkjpzsu+nNPr9xvNUaLDms9YE1LHn+66RGSlqWnBy53ZLBPfmgEGbUYY=
A2NvjJRiLuDFa2h1sKHF29IGKO6Nda01CJxyiTyRwu9bcp3ZyRmIYiKt2x3L96DOIhNdXaL/aXUwfqPnZ3St+NJOFGxCzbHQTsyxFKCHZnwb++RA9sJ98y9k1fAo9JyG
A2NvjJRiLuDFa2h1sKHF29IGKO6Nda01CJxyiTyRwu8+YDUDYCqQ1+6fT+hP216pZUQYnQ8l6b3e/tEKcDvaRF1E5Ogqcl15+O8k3+j6VdqdbRR3mCiwDPCDnhaKsGNJ
A2NvjJRiLuDFa2h1sKHF23zJIT5wumtwDBaNkMHhonW6f/CR9vhEu53sapEudnXH3uLnCI6pB6igCd4sP2MBj428KjPPXVfVVKgJ2+ZibtU6RIrqrGCVGtJOjDiZoMEc
A2NvjJRiLuDFa2h1sKHF23zJIT5wumtwDBaNkMHhonXwdGSrJK4t2WyqqTZg/WXxc3EYfHuI1afvsJU500/DDhsbKOdxgGAZPNzXp1ZhH1Tth3jtvYsyI54Uzpf6mJg7
A2NvjJRiLuDFa2h1sKHF25h6wTf0FJP1miHDT4XjNx/mrHwRL1mYGSIrCCbhYHwSPdIq2olWe/sVAxxH1KbDWbj8yDkj/wGl9MPcNe+lAWg=
A2NvjJRiLuDFa2h1sKHF23HW9ImtgcYa1nAqXzBJ1pjo+JjWhin1lgUyMJcy524PMLqNPTUixmPiKN4UD/1UHctq1juDTF38vv3Dt38MdHjuDK+OJk0ylr7OSFln6nMj
A2NvjJRiLuDFa2h1sKHF23HW9ImtgcYa1nAqXzBJ1pjzU+okEXqIOJX34CC3EhV/VpHDO9xMgvd9x85Vnk/KBn7xjnIl1szv86EfHjOGVnTmnVpjAZW8cuVeT5IxYB9T
A2NvjJRiLuDFa2h1sKHF28TSYyyGnDiOW4tKrIPHnrai6pWjrSAHC1RC+QZIqopdLCQcj+eNMG2HWwdNV3YVf2YXiLNT20h4zjs4EvnnCvsgBSI8xlE17tBlfM2BqE/a
A2NvjJRiLuDFa2h1sKHF28TSYyyGnDiOW4tKrIPHnrYuxIO4MW6xoAo7O8AEt4MluK8R6M+nspEFVaQJG92IV6uuLco0gZVpfyJ9Ykn54yTJd1v+EpItglXKLyTN6geD+3rKbrcgu5RpR3O8NoIK3w==
A2NvjJRiLuDFa2h1sKHF28TSYyyGnDiOW4tKrIPHnran5ULOApvYZd0BGKCJGbypuphqEV7H1zzZlm4msxmkJ2jsEPoxbyJsUSJVpB5o7CeYvPQxZpSMYmIranoP3lAE
A2NvjJRiLuDFa2h1sKHF28TSYyyGnDiOW4tKrIPHnraGKRGF1L5tLxauj+NoAw3NorwBxZXAref6XRtKUw94k0BlXdmnq7H/p/RhevB5MRS+ZNeCuHjMxDSDuJQ0aNAR
A2NvjJRiLuDFa2h1sKHF28TSYyyGnDiOW4tKrIPHnraMZoGNeqbAZyYG9ws49kNc/Yc701jGS8FNakJ5I/bOH9HPZHLaOysC7QOpUguA/n0=
A2NvjJRiLuDFa2h1sKHF25i20PShJnM2ZIrBFnLmY/fg10B9AstIX5i9/JcrW2bCLoB/UQ4/TQBzh9IlY0Kfqv5fgpg6dFDpK3XOUsp95kz7TP9s6TpSo3DPdWSOwWxe
A2NvjJRiLuDFa2h1sKHF20vtwxwM/8/YvCOhMcbDnPQTntRWWHUUR1kgag8cKecHP5OgocSHIQRc+TNanwiutVITVGRcgn7o/vfaSfMGlyOaCQiTEqPpyAQUsLDdF4hQ
A2NvjJRiLuDFa2h1sKHF21kybT/19kNUIlHqSs6cjqv4irq7HkwlyW4BQbGxTucMDWIrnLCsmeJJ3FNz7aJ3AzlOTfs/juf0JGiX1Uw9nUXeCvtMGqmuCIADfQRQCQySDIRc2fCXB6yvijPGbTvQf6gb0KrYO4uNNmJ4vrFDwg8=
A2NvjJRiLuDFa2h1sKHF21kybT/19kNUIlHqSs6cjqv4irq7HkwlyW4BQbGxTucMDWIrnLCsmeJJ3FNz7aJ3A08Zjw895xZsCxgf8K15DCrREXHnLp2JuAbeBOc5PDq1IbvuK+6nbnHfSvbL4BFi4w==
A2NvjJRiLuDFa2h1sKHF24f/PhgauGNiT+LsSFM4971f2kZ9Lt63WX/XNgm+BzyqKo/o7GYKE0vjHUXuuB4eyKqc/yVqh+9d1KEEmy6BeAM=
A2NvjJRiLuDFa2h1sKHF24f/PhgauGNiT+LsSFM4972DJo4aCcCQYYlRR0JH90hOJeR5+RuyhyjGA9sEKC8WXKoedX0VQRjDClvuhhCjg9JMmjCE5asVOy4GK+wyGjrq
A2NvjJRiLuDFa2h1sKHF2yX441/36e0cylo0fe3OAVsAacNIAzXvrq3Hm58lx7hmi/viFQyCr8/UokoxlAfR1XbgiSUhVkCngO+kcnpRvsaROP5z+eqyfqAK+7AGEAe8
A2NvjJRiLuDFa2h1sKHF2yX441/36e0cylo0fe3OAVvuClMnTR8LPfASUwtZnCSbXwMqAzJzHyq9/uTp1N8Rn7UUNnWARRIjT/gZMIXY4C+s45vCwxjnNEZ/Kmytpn/X
A2NvjJRiLuDFa2h1sKHF2yX441/36e0cylo0fe3OAVuVOW8kVdn0qetgd4V26zreAJc0pT6PZrMJhLOrFuEWH4c1vlHsGtjpuT5QTlDZNIq58xQi+1trKNyFKLduNobO7LS/jXLbQlXXkp+2BAvEKA==
A2NvjJRiLuDFa2h1sKHF2yX441/36e0cylo0fe3OAVuzIAKFRcwOFHV6j/M74seCjmlX24601A2DdBRz66tQasjszSQzsUVhcsahiDvqgsZB27h2fncVHfHRDx4VMvJK
A2NvjJRiLuDFa2h1sKHF2yX441/36e0cylo0fe3OAVtZTaYpWXhMcSia+YCOAcTb0bFYtNRu/vMjHfToGIRa3/M3WH51TLQggZX9KkeoP4QsBwtbLxOM+xdWkg5Ej6cw
A2NvjJRiLuDFa2h1sKHF2yX441/36e0cylo0fe3OAVsLHG/BsnwFHTS7XnkFjHAdHmjKLG43GXZHOKPnYyDyACCXHdHvzGF3b0LbwuF6aDg=
A2NvjJRiLuDFa2h1sKHF2yX441/36e0cylo0fe3OAVs9FM/Eu7YJxPaIGl7u8sTJMdw7TNWUiPtUhMKIgdzGsOJxDBQEhE8pADvxYcMlu+7Yg24FA+xjYspPdCumLKMd
A2NvjJRiLuDFa2h1sKHF2yX441/36e0cylo0fe3OAVsX1YS3uF6UOiJHkb0y3cyFQzrbsoPR0PdilKJInuUeeTiOsS9wPMzKTEmqf85atR52t2Qw1D3aAEq3t+oRxt77
