GmcONIA9PFzHw1gpPLLPoqev3ytAH5KO3S/CJpMsylg=
35kyjVfwBJgytCi6KM5Vug==
FNt9orFfFSbPIXNSbXcP2Q==
gE2g7VQeqq0h5MkG44fPUw==
A4ZCFW7RnVRfEnbtNxUDb8VFIQmzxcIFLuiIjRY2q84=
cwgQW1UgxyVfBeSrdwXHsPE1eoSAri+NViVSjTYe4hg=
pYn3RyiaY4vz2unSybTHuw==
mAzeFbkWBGyzJRgEWJSZYQNn44wFaguEUnqkvHVinQw=
NiGef/LGs6v8Em6sqLz1GYGKB0111uCW/TAqgkiW0+w=
2lfNnhNY+w/3xMaMUxJbE0YFT/wvMlSDz8Vrd5FEs18=
A2NvjJRiLuDFa2h1sKHF24gfr6/M4SQaal1/XNlBUY4gradVD0LqI1knfgH9D6nr/tikU5pJm1vOX4WohzcmyS616M6NpCMHWl8NIm/2ZSg=
A2NvjJRiLuDFa2h1sKHF27IREFL66Q0HnE5bOPCNZ7nuoD11PFOHIOMvLznXiqbJboX9RJ7VmNOa/T66TcK6ZfXd/qxvCC9riJP89XK9/dwltMZzWNM5f54fjxBhloYxR8gMG90fCMSYI3Rej5JBKw==
A2NvjJRiLuDFa2h1sKHF23H5hDj0RWkJ4afiQT15V0JIUCarCIOIhU45P3itD929oRR9+cHz1FseERYfS7hhxn2DkW9Dd+TZdCLIWEHXo/pPItJJrzYcfUaaAV5eYqWp
A2NvjJRiLuDFa2h1sKHF23H5hDj0RWkJ4afiQT15V0I4nKkjFCAKW/KlJa3+7/9KZO5bFc2r9FoNLuhGyPos6u+l2/lZ8rg0TE+QbrV0fsM=
A2NvjJRiLuDFa2h1sKHF23H5hDj0RWkJ4afiQT15V0LZIvM553OXfl+QSnenQPWExznGSLeSXX+8qwKwR6Zs8t8oWhjI9OLmeWSl8U3aaJ9uMrwMNw6e7hoUy190jAC3
A2NvjJRiLuDFa2h1sKHF24UzpKJUNbVmySXNhwh6ouN/O3hjQjahPOQ9ZCoxnEUzMPU/D2Xg9In1k3PFKo7xicb24tInZluE23+cNNFb+0T1MRrNN/Ocr+/kMcRmx6fd
A2NvjJRiLuDFa2h1sKHF2yr1/2FPACFADqsWa88nnG8g5kRy4spKciC4ANJc0ny1NOC9BPIiLW8MDWgHMvYz6uvY+bA/u7rxJXeqXIZ7qSKit/UDgQp6gyjjV7QJT++D
A2NvjJRiLuDFa2h1sKHF27bp978SC8hWXrRBiYcI060P+mZT8YlTv5pAYus0x0Jh6iCz2+nfuAwHCM1jxTmhBVy05AdDHBRuU6btngBPxVWN5e6siqYSC3NFaBvfjpQ9PFfLwpvkBodxOowx1fzqVw==
A2NvjJRiLuDFa2h1sKHF2zk/ozxqv+sYCW2WtOf15c8DVugZyYGMUMkIfIwMTdNIROzom2TkDrXcnxqBOHBCXXX4ZIEte6J2nFzbYRUv/vSrgMreWSmM8d8/sIsEPrIZcA/W5h4MTYkO9M/mKAiOHno/4TY+fdMsBxH6tzOLeMc=
A2NvjJRiLuDFa2h1sKHF2zk/ozxqv+sYCW2WtOf15c8DVugZyYGMUMkIfIwMTdNIROzom2TkDrXcnxqBOHBCXUhtbef+Y7uoL7fJ9+0WKVPXyZKgQW4MlRrp2s6nmsn5Rl/jJVEqlgY3Dnl2dRP5tw==
A2NvjJRiLuDFa2h1sKHF2wwAqUGbJbvLibzfE7YAPOP+u9ycYrl5oX/3DwvkGnVyf/mGMY+Rfsa4AMdAPqbScJ3VEbbBuPq72JHCf3g27f52tcpyKsd+Ci2gAdnnXiyakhJWAuNRd3LhcGZpWjnHUl/nmpeRxBqVrnvv3v7QjmjLnSGRl7bZGBWLtdBMpYZhS9YW7jACdW+dyye85rCUFw==
A2NvjJRiLuDFa2h1sKHF2/vltS6d/ABUo4dJ+BUJ+vbdChYMcIwhXbhk03HKKTgf6NeSKOfUExwFNRmI6QBQIEH8umVurxOmQ8r+q0+k3yYYQ3iSsvSoeDecMkkzE1/Y
A2NvjJRiLuDFa2h1sKHF2/fnRu6U/bYFnwkw/YNmKYVkaIrAXZ9mnJlCDQnlR8mecPf1eKYHiw3B2bKZQ0t6m3b1fMcSo/CMLege5jagCFDEftzYD6Fahnj0x1qP1Ep+
A2NvjJRiLuDFa2h1sKHF2/fnRu6U/bYFnwkw/YNmKYWtWUdnbYZ8UHkm0YJg9R9JCTPBQOlnrJxB7u2Maglmv8uIjGwNDXj5HoEZq2gdZL2bJwtN4svW/5t+cMYS9lzP
