GmcONIA9PFzHw1gpPLLPoqev3ytAH5KO3S/CJpMsylg=
35kyjVfwBJgytCi6KM5Vug==
FNt9orFfFSbPIXNSbXcP2Q==
gE2g7VQeqq0h5MkG44fPUw==
A4ZCFW7RnVRfEnbtNxUDb8VFIQmzxcIFLuiIjRY2q84=
cwgQW1UgxyVfBeSrdwXHsPE1eoSAri+NViVSjTYe4hg=
pYn3RyiaY4vz2unSybTHuw==
mAzeFbkWBGyzJRgEWJSZYQNn44wFaguEUnqkvHVinQw=
NiGef/LGs6v8Em6sqLz1GYGKB0111uCW/TAqgkiW0+w=
2lfNnhNY+w/3xMaMUxJbE0YFT/wvMlSDz8Vrd5FEs18=
A2NvjJRiLuDFa2h1sKHF26lhTCUipOgj5xhRRec859RCr2mOYn9nmJBpyLkr/bNEknCODq9J/XhM73fOr/R9Jir/tjaz3jEvn1T9JJrfux0=
A2NvjJRiLuDFa2h1sKHF26lhTCUipOgj5xhRRec859RID1dhGw/v7KpxBral8XpnVDhBTo9iHkdcp31otyGEmRGffctN+6grYY7sTxoLFD7dJhYW/CkhnUsXl/owomih
A2NvjJRiLuDFa2h1sKHF24IOVtccn+2+374lyy443x8xe5r4Q+BittZTMTcmrmwuRErTh1IWHsLZOTFodH1nj+z/FY/uxSF+gyeXeidDDt6CUnT88pEWCKIcdTxNuu2h
A2NvjJRiLuDFa2h1sKHF24IOVtccn+2+374lyy443x+vsK8OWImwkZNikohWR99j7/xxavREkwmlQeHmkliSc+nh6PJhroweSdBuRS2421xVjNa2pSlDgO2nKYagiAbh
A2NvjJRiLuDFa2h1sKHF24IOVtccn+2+374lyy443x+dBlIF97vIJwDNN8ti43YlKpRdzowlqya+erCz6OLyxqn6D+NLjLKIfrLQFm5ExwiysoAgngnUZJYPjTj3A3kJlMbf5B/A+6xzarMIqClrlQ==
A2NvjJRiLuDFa2h1sKHF24IOVtccn+2+374lyy443x8KxQt/2E9r/FMw2NyvkUoQwX/6Zi9zRTUO4kbWDIAIV5Bdngk6tREhbfGdkFEtpN4H2jJYbaoComTtJ41JM9Mm
A2NvjJRiLuDFa2h1sKHF24IOVtccn+2+374lyy443x/D5hy2V68yKbBR6EZJ0kzLLMcWDHxieyp8Ymv88nfCMaqEmMzjeW6334EttMpR5ELjeOA3UdESTUWTgbOeBxMO
A2NvjJRiLuDFa2h1sKHF24IOVtccn+2+374lyy443x/7HlY1rWyflr9qjuNktweGdQOS43aMOEUoNdcyaKIKTfBJLYu8IRyoD4BmObFXEE8=
A2NvjJRiLuDFa2h1sKHF24IOVtccn+2+374lyy443x9C0cXgLBihmmWqujIhiJEFroA0uR1lHXaLnEBh4yqlGbjqnJ6zJRuIXwGTbYBCSR/eIHM8ZFezVj32r0BrPE7b
A2NvjJRiLuDFa2h1sKHF24IOVtccn+2+374lyy443x9TvlTtYuuK1YQi6LtlOJpW70PRG6+JfRANwt21g4v4xtaEz7qZPv7vRBMML+KeiP/p1UlL+wQl4LQqWB+YcrT3
A2NvjJRiLuDFa2h1sKHF241ZXvSVXdyoydccpMwdMF8SBZArF+Dk/SUgCG0j85cm90h0HO7zAT6ibNHaUYF7Og4qPsnKLDMYwZTnQaAjYBgJ85PjjYYS4rECcIITiMyy
A2NvjJRiLuDFa2h1sKHF2xukR2ar0lEMdA7W9JmxHbST9b9KrPTiIy2Wq6oZ9ECiljzSHVQ1rL3xcovorvrF9nVuy3MKUWqzlcus6ggsJfGn7513K9lrF/HwXY5F5mlD
A2NvjJRiLuDFa2h1sKHF2xukR2ar0lEMdA7W9JmxHbQFDvu00s/9fSQ841WmqJ8Oz9dclB+rKxKpz6EjoheHYtL1acyYoIs3V/Gzti3XOBYDb+BOyfjwn4fIpxvxXet94z8S8fri0Vl1xeYR8b7G1Q==
A2NvjJRiLuDFa2h1sKHF2wqNym7HvDVf6gIIxDckOlH+RgXWaAgZDG9K/9r3jx4Zw1gSAvTSlKQ+G1rYr7tzRddJMkJAk6aANnXJxBDx39VDQxKW8yuPBeKZf+twftg2O8sogRQoBMAVG1/k0XHSNrKiarzKB+R4mRibNQDpJZc=
A2NvjJRiLuDFa2h1sKHF2wqNym7HvDVf6gIIxDckOlH+RgXWaAgZDG9K/9r3jx4Zw1gSAvTSlKQ+G1rYr7tzRS2TTvJV3QaBRNw57gdIBKS4vLfsCZONHUVtQ4SaDa62sbgmbkQq3VW5+/Mj7tGZBg==
A2NvjJRiLuDFa2h1sKHF2/D/UltZiYFI7qDf6BI93RAlLyPkifdgNx3SanUYmsGcmlcCCE4SpeFq8OS70ByFuc+aXhQya2eEBRFhHHaDlpbLsJ8W5docQ0V9S3l/LyVNUQ40cKS8fS8GZ3g4mTD3VgLSswNvUoOtNMMiQ3uNl5jh51a+wEoUPHtGs6q9YL1emWxibNje6ZuS3q0OhuO1eQ==
A2NvjJRiLuDFa2h1sKHF2/gu3V8/lihkeoKKKaXqTEkMY3ScnPX6opInGKJPsSdHmbjOldZKi4RqSc+KbR9dPAs3B48ButWifs4lYGI/NfVRqPPL1RhIbpgqCXESsTsp
A2NvjJRiLuDFa2h1sKHF23pCRtxX68rY49a9hbTCZy9musfWzkaSGaYsfwNXHPbnpWgLlYGNVR/GBuo0gTyMtPhbJvcHB6VLd0n19M/wRGgUF5IA7+o9kdMj/DWyxOXb
A2NvjJRiLuDFa2h1sKHF29LDAqyfCethrKL2GvVfKG481v5sdabHsexLbGmGQByNWAlAAmFlz2/3YfJqk+oQlh8HFOjhNbvURenV0aqP1Acy5m3TZMshb2iceh9ijlZT
A2NvjJRiLuDFa2h1sKHF29LDAqyfCethrKL2GvVfKG4Qa9DaWv1NiJk4/1Lk1hUs8XHB1xcGJMDuPwOXsAtfW77qnFdhUlbcXl4infZ2Dt6BfiUkEHWwGB5AWXNtIE+I06glboLEU/Kz+5FN8j9MXWN0ASYcTZhWEY4eHUMz0+zzcncniKozjJq/0NHEuB2gQv4YYKYmiUnVZjmybKtIig==
A2NvjJRiLuDFa2h1sKHF242iCQ6397Hl75VLjzFhNM9as38FwtCeXk0PbB+9/8R+DHHkUIFow/KKbY75nMcwmTt/CKsemW6rOfueloiDLRn3BuIxdO+twB+j7vVZwm88
A2NvjJRiLuDFa2h1sKHF27evhnh8OR0tpagXun8Jlg3WE3Q5qCinqx15dqPN+DloRnmNzisYQ7kEOrX6LbZu5QRGwhGMrUyLVzkpLxWllYdvUBuPjLCDF0L7ncbz+Drk
A2NvjJRiLuDFa2h1sKHF2xkX7tZinn8Ldtl9yIUx3i1HpoWzUGu+d3u+2jccNSJApUBN+TX62JmmwlFAM0dHvtiUd0VBBdwb6dooSQ/EZfn8nwHYe5mDEk4vz8mtUABU
A2NvjJRiLuDFa2h1sKHF2xkX7tZinn8Ldtl9yIUx3i0grCkXkbkmRSyIQEGsa9eC4oEVXuwXxp8loXd7b6DXZdRNKLhnM/PRzQvOxpXjWIHC4wST8Tv+Ax6YgkM5nCFonzTl/saWwJ26VRfIKPYMS7VmyzS81r86wunnleu4m9xr2pZqPbTRyKGXxTk4EIkpNLDw/iTqjnGxP90Ltdvy4w==
