GmcONIA9PFzHw1gpPLLPoqev3ytAH5KO3S/CJpMsylg=
35kyjVfwBJgytCi6KM5Vug==
FNt9orFfFSbPIXNSbXcP2Q==
gE2g7VQeqq0h5MkG44fPUw==
ExPkcbYFeYs2lHSAMsaJBjIbQm7FWZ8YCSkKK1z2aPs=
cwgQW1UgxyVfBeSrdwXHsPE1eoSAri+NViVSjTYe4hg=
pYn3RyiaY4vz2unSybTHuw==
mAzeFbkWBGyzJRgEWJSZYQNn44wFaguEUnqkvHVinQw=
NiGef/LGs6v8Em6sqLz1GYGKB0111uCW/TAqgkiW0+w=
2lfNnhNY+w/3xMaMUxJbE0YFT/wvMlSDz8Vrd5FEs18=
XJg7gj2JRtnZ+yUYWgFPQstE0ozN9ca3SX1lWdMo73cQxX+gTtDkjQNR5MCr6nHn3Atfg15MymvRq8sKXTX06GNlY6OLA1Q28Pt+u5z3AGBnpf04xUd1BXUY/8mSc2cR9NGStFQyCeXs0Ne8COUF0qqXp89YVSNzspdxKKCg+6c=
XJg7gj2JRtnZ+yUYWgFPQgyDihPeA6lNOmSiYYZIDKHXRKqAYOQ5auvJb4OI/usFMmHlfzDKlYanePY7Xvwzn6Zdu7/vdkUGf9bk+lxTIVM=
XJg7gj2JRtnZ+yUYWgFPQqFmz1RIiWS2D+CrF4kiCKUgDSn1g3yKypc+iCFn3m6k8VlGpHsZxUQnTUbrn2Dg6Nmgh8wctFYUNdWVIsfWHtADRyfhLlvfvpOIGCATcVSay6Z75LiuProZcohABkz2nqINbjAQ8rO2ygYVZOoDlhc=
XJg7gj2JRtnZ+yUYWgFPQmw/sPvqpjBN2FVqwrm0QuSQgYBjayJ+BDWiN9Xr/BJOa1PJO28hUUXVA1ljFKzoGdIHYkSeNr5DADsnyN8yCk0=
XJg7gj2JRtnZ+yUYWgFPQoAW1qghL3APLjgNvFu3XFOMTLjqkqM1Z1IlNznT9IMW0CtZrmm0N5ZAwvoqYKDJb81kwEGS/MDpf7lTlaRIeKMV0bXH7vQElsQoHsHicapyfM17xHkgBXZUjCL4PhKG7QClvVDeyLLWjf5EEdFR/sw=
XJg7gj2JRtnZ+yUYWgFPQoC6Lb6aAVNHUMuPBnZQj8B2fL5nP/P6+qwwdtEOIBNb5HKPqOvqIkRwsC/do2E2+vqLar3dov7DFY8D5MrRh60=
XJg7gj2JRtnZ+yUYWgFPQoQpz1e1QaE0YR0gaKWx9akzunCZHV9Z5v0j1r1evki4qCOn6y/+lRStCGRF3KS7ut5qc1aYHdqTpWpB62xfcqMBJBsVVIRQ/V+TTQ0CD4WDddHZVKAtBtVYGqksnJY344jPgu7mObG+EfxSw313HZA=
XJg7gj2JRtnZ+yUYWgFPQj+4snP/pkM9yYjIisEuKVxstIWOpvreQ8IsFf0YgkcaVaBxg77pleJ9q1CmUH0kIBEoPtoEJJEsruJt1kNA6EQ=
XJg7gj2JRtnZ+yUYWgFPQr+glZj5otkd5NfnaR/Qxp+9r7W2jJ9m/bi+OfmcdcIn4NdfKsjSIZQ6/wjDjtzNc+OMVk+LHBV49kIXusQHX6rvlnrxBFprFmUgrZg5ZzMB7QsbbTj2xFAfyRANdFzIra0RJde4/4Fr7wmjYHFBUFE=
XJg7gj2JRtnZ+yUYWgFPQgei0T4+Ggy+Ihc7WdKr9Dx2LE9FG3FtehvcZqdI9H759WiD1wld4XFOWtVRaIH+BoWKEATCTbIpU4sNs1YIdJE=
