GmcONIA9PFzHw1gpPLLPoqev3ytAH5KO3S/CJpMsylg=
35kyjVfwBJgytCi6KM5Vug==
FNt9orFfFSbPIXNSbXcP2Q==
gE2g7VQeqq0h5MkG44fPUw==
A4ZCFW7RnVRfEnbtNxUDb8VFIQmzxcIFLuiIjRY2q84=
cwgQW1UgxyVfBeSrdwXHsPE1eoSAri+NViVSjTYe4hg=
pYn3RyiaY4vz2unSybTHuw==
mAzeFbkWBGyzJRgEWJSZYQNn44wFaguEUnqkvHVinQw=
NiGef/LGs6v8Em6sqLz1GYGKB0111uCW/TAqgkiW0+w=
2lfNnhNY+w/3xMaMUxJbE0YFT/wvMlSDz8Vrd5FEs18=
XJg7gj2JRtnZ+yUYWgFPQr3h3pW+StySjwm6yvA6Jl7P0bbmCucLbovZu7VBLdkGrV96CiphgsTSeWzO0oxkOVNs1E+LViiUU3ka8hDcE2TtwSmlUHl7bKM8pX7BsdaLyGQQIF4JcEe6E7PGSaBRL+R8xtATEeCogBcL3fTz7XA=
XJg7gj2JRtnZ+yUYWgFPQpXMkS/u5/cuc7RCVf2y+b0d7PxxOCGOy1jriCg/OVZVflf2sflCaBoIrZ71kLdA/Of8ANAaRK5zOW4Gp51Dgq4=
XJg7gj2JRtnZ+yUYWgFPQsQoITMRaBlP2O8m0IPtA7+kVJ2VFOCGIPsqVb5rNtNeYx9v0SkJek6LjemEUFT3FR6xj91W+DyaD/PIxNlJC6w=
XJg7gj2JRtnZ+yUYWgFPQkhPXGFwkHSuQJNh68AFpBWfqnPcmM4nPcSWq0ENDpaTHVawuslCOiXAaaSZuAdR+1IbGIGc+pILU5qW0POS4wiKfq4JWBfd31GQcIFNIo+LIeKofEPQ/APFLwfT7Mizju9wy4oDr8JIKs9PAfO2poM=
XJg7gj2JRtnZ+yUYWgFPQrJT/pVsjt9TUTp3l7E9NsKdLcdavMKxNSCgKAVDL2MIhE4RHxbfwnc9zgaWJIFDgtCnsYMXOQbdHXVN53xg6fWho2sWq1SSRfH2aoCjK6q4WOyJJa4jYJZbC9XBSHfMiJyCjTh4ZoW/N0c/qGWdvuM=
XJg7gj2JRtnZ+yUYWgFPQvXSievooX/O+Y3412Asa+BDBWJGSHjQFjU5y91t3/7aFId1yKolc1AtivfY+8yY2CKTTT6xTtYeLQHf/bvY2tY=
XJg7gj2JRtnZ+yUYWgFPQgv8JWKcYomKNiRBmnU/9qNu5p50PuIwuHft1s1v/rqQeS2jVtgol/tr++R47HdBaEJlayvuWUVfflWIC8RFIew=
XJg7gj2JRtnZ+yUYWgFPQukb+RJ3Rrpk0Vy2H3yN3NbjYlaIeLxHtgmTbBGBwCKKdO6QE0jW7J25xyCm4NdfwWjA3rV8AqSTnAjrL1xY4ck7ZrS2QKUgyMwd7Q1MDgyx37nmmy4o4QZeCLsQZ22pxlbb1bqANj4kfcxWwMYatJk=
XJg7gj2JRtnZ+yUYWgFPQl/pj24oVCGgL972aFcuC28QeXJzyzTX6BxgVrmlTjZPF7E7BqEOh+pDF19x18wRyrQBMnp4rmmthITQ9NZZ+To=
XJg7gj2JRtnZ+yUYWgFPQjW+aKOGFqPTU81APEj7xH34755u+AhdqikBPx8ZkNvdvnQcTsXxoSsYn8WYNnXOuESP+SfjUShrYxb+MAzkwvu/JKzKsZW4I2Vo6ju1sb3/rjiFdoWsRNCp2YbyqFwUlT9ea+qGtdc2rzrAHx4dDRE=
XJg7gj2JRtnZ+yUYWgFPQuWP1IqQjGpya+kAvncgtexHKK+jZJUYq23vxFMhvSpBhHnNJde3EmaN4lo8tHFEz9y3agOE/EWm44XYw7OrhT8=
XJg7gj2JRtnZ+yUYWgFPQleJWC4eF+M4M0A42exHfr8ryzCjPiEMqZM3CrkUfAiKbsIeL5e74umxombv+poPclsDz330d++idakO5cguCQr9P6NrAH6p05JaGsDCE9cBm6HRJeNTWKv72sH6L4G8GvpwD1DyC5vaCAhnm9GBic0=
XJg7gj2JRtnZ+yUYWgFPQjhJiuyeLLRAMaD3bTvZ3n0kpAt3qptxibfw1UcT8MT26qeXmHcQBWbGZhcdrrLIwnMRTLTkJ6klURpShbam64s=
XJg7gj2JRtnZ+yUYWgFPQp9XrqziQDS0lVbg5Ty923vA79Zjkj3KNxvxj7U7DZbM9davJlWkzcXVxvurgodlq6ZMSE7vs7ifV5Rh8bcKmfg=
XJg7gj2JRtnZ+yUYWgFPQiHjJONNHs0hDT3THEL44/Drck4q6NQlz2+zCuUCZ6rM94/QCyqLGtE66xu7SztmmvlubRyBs4OwmZTkzq3g06nwIusavQYEdfN1+U2+61Kfr7ZNwhiv30hHVQ9iieVkoeXRmFfxHGEpR39rX5RsM8k=
XJg7gj2JRtnZ+yUYWgFPQnQp+dgqHQvO4kqUAe0EZZB8RpEd9Mwm9UijQIQGBKzx3w1HoP7oWt03+BIMa90yBSUlngkgWbkTDX3miw9Vp1jKxQThToBu7MR6f8NUtMWV9JR1pEm27SJx7FgNRI+BPEC/9LOnEWJk4CVqJcDD6Hs=
XJg7gj2JRtnZ+yUYWgFPQoeAlYG/amY8cdX215nAE92VBgezBsUbKV1a1vCABajhzaLNiwfMQU5lLYzLfVZHMEGXbHKZlf2iSPN3jhlFetikrTI3hAHALGx8ZxzHZYiqrnO4t6hwUFD/ZzNGDPY3zhBQCnqIIQ8lIj4MlfFamIA=
XJg7gj2JRtnZ+yUYWgFPQrvpFzWTMfa8qJJ5xrwN62XJVtXcH/NaqpXRMn9wUJw+0CESpMOfo4VO2AazDA+p45FDsJm2nVTPUiYycaf9CNw=
