GmcONIA9PFzHw1gpPLLPoqev3ytAH5KO3S/CJpMsylg=
35kyjVfwBJgytCi6KM5Vug==
FNt9orFfFSbPIXNSbXcP2Q==
gE2g7VQeqq0h5MkG44fPUw==
A4ZCFW7RnVRfEnbtNxUDb8VFIQmzxcIFLuiIjRY2q84=
cwgQW1UgxyVfBeSrdwXHsPE1eoSAri+NViVSjTYe4hg=
pYn3RyiaY4vz2unSybTHuw==
mAzeFbkWBGyzJRgEWJSZYQNn44wFaguEUnqkvHVinQw=
NiGef/LGs6v8Em6sqLz1GYGKB0111uCW/TAqgkiW0+w=
2lfNnhNY+w/3xMaMUxJbE0YFT/wvMlSDz8Vrd5FEs18=
xxqOLBtjPf20zkDZqDRNmFYFQbj0D15g71a9rgvJ1BAPbvSBIuaBNr2+Gqhht1/26Upk+Kh65DnG9hozpSAPiLnWrTkwfOTGKXNpGOrx1qSMexfp6Z4nI7OWKOD8R2HXg1KpngsnoFLhOWL0SlqGkv22USwnMJYxz7KmIewa+1A=
xxqOLBtjPf20zkDZqDRNmErL5vBAq2h9ynPr/6VV26MksQquVqmDiwMayrFGEI9JI/EMH7T0ntqvynYJOqljC/NlND7JorLFlf8Y/WPwSBxbj1wncFv0hjDRgeS+oWyIQrOvIIgr1P9h6AMrJKY6BA7AOj2z63sCbLPKtuPIMLA=
xxqOLBtjPf20zkDZqDRNmJmnuqVp8awClRd+954e1nfs5yEh/rW6OBgHq3CgZu/AzFbpQZV6aMHj5mU+kuvE7h3HuDTDgJ9wbGBcyreyLaFGdJwpk0Mbk8tiYq0WCO6J
xxqOLBtjPf20zkDZqDRNmOSrfzeuiCoACBuSH9HefNZ2u2XcMrYeXWk5F3n+dqGexBlbjhPbM/81mc/Yap1+v3bhN++xLllel7qGsRq9o/6OG552FtSYSftgA88UV0r+gtnZoBbopNgKxpoxusMnJn1QHcXlEB+yCgF02HGmIzo=
xxqOLBtjPf20zkDZqDRNmARz/kE1OC8gmZMhbWoWZ7ZRNE8S9SW96CWidef6QXPcp0GomtHsdd9tAwXkeqpkITCDkmvI+p9ajjeBh50m9TpnydpOMYZmW6gn5kS7wSg8
xxqOLBtjPf20zkDZqDRNmB4oDxm9fNlWU82RA0/UGsri/MF/r+t2jkqBfQPjiY1OmuLdga4qwn83SgaYZTW8JLB9RTpPM+LURf4YMpyWsl4rsQwgQliZVFEEyQMRnCGjE7TtwpHZ0gEIBalS9udjcyQ8vACYBFmUTfHl3idlt3w=
xxqOLBtjPf20zkDZqDRNmB4oDxm9fNlWU82RA0/UGsri/MF/r+t2jkqBfQPjiY1OmuLdga4qwn83SgaYZTW8JM9l0MOpvmcj3LaYvMDU/zP0xt7aJkz02S+Ye4EQFupb
xxqOLBtjPf20zkDZqDRNmJhQoDNQHfu5zGl3TqxOemJ0T8t0X7Y1wAbXaYseNyxRizxSCGB2kZCWvT0oWQUg6QDXyn3LXpVfCDznCH/vxNatP7cU67mp+IzX8QhDrsMDr7DCD9AmiQDIj8or7HHNBuXbUoHT0vTwKHIbibvxn9k=
xxqOLBtjPf20zkDZqDRNmJhQoDNQHfu5zGl3TqxOemJ0T8t0X7Y1wAbXaYseNyxRizxSCGB2kZCWvT0oWQUg6VJQpvgfmCF0xcE4OvkvGBml+BbbzrK2hv4Obr6ojblk
xxqOLBtjPf20zkDZqDRNmD0+JphHoipa1SGxdPdtrj8UTcQt8j7dlCnJqyylyBa+X95ChLIZCVKOwuHoRDQMjPEzpZUiG2kI9jzotB+RNeED3Xou5/qM3j0Vy9QlSvQD8hxGWrHZJIwQ3qWoHI1xu0F9s68YN9CAZ8a3kD8X1oM=
xxqOLBtjPf20zkDZqDRNmD0+JphHoipa1SGxdPdtrj8UTcQt8j7dlCnJqyylyBa+X95ChLIZCVKOwuHoRDQMjIuhLbNccKLTD8lEnOOf9QWQU+FEVIy1leFFQkr7Er4b
xxqOLBtjPf20zkDZqDRNmJngfhu2dOerXEpTjYnvLINYkFACuL24cNx+QsqrSQArrxvqpLzvfEPCw51ysfAXMG/5tJZMGrujsFLaLXJG54GhNxpkrvRJsyFzInGz0hCb1bnNSYXIsTPWnhYYw+QaaK8DDGYQ4V1YRWLaN+xbS6k=
xxqOLBtjPf20zkDZqDRNmPnfOmhM2okatZxsMsXHavMUbMLq7oyuqettplUUMF7SX8WmZfx7zPENph06GC8MqRKn3dNbWNC75sgX+VnMVdHG4UOQhuq8odC7sDT4a3P3
xxqOLBtjPf20zkDZqDRNmIxuICYRcZmgJW575ZwsCfIN+buPC0Wswo4x3ErMJos0AYEeO5ei0hGUzx7OP0wOBAzJzHUUlsSfsauJIPLfZunn76YNVAjKiDisE7+BUUk/F79SWc1X8X+LKXZcU0iz3J9snBkacyUs1k7pSG0m19s=
xxqOLBtjPf20zkDZqDRNmP0qlHEF3hdQxvOGUAaVebv2Qbz/8bDc42yUiIeXkAhkWjN+FFYf6wd4p1BpEtufiJNmAg0Nn22f8V+Rno/TDDqjx3wHCQN9J73UnJIjI3wV
xxqOLBtjPf20zkDZqDRNmKWK5Blei5OCRm7Dp+YkO644cA4ADxPM9cM0ir8/ySWvkNXXrYItpFxRx/aGcazGFFNM+Jj5saUKpGUYA0DgLI8iLEe8E3lXwiWDCn+MYz0A6nDlm3zwrUBDeU68oNejhZRPmRq+zAqZroTP26tM318=
xxqOLBtjPf20zkDZqDRNmM4q3OeKyfpitWbfGa6khZpSxcqPzdPPCa/KS4NOIgbwNzfzcVyW9jaGly42IoYE+yhDHOZu8BtZnu2MDFXI0oX3U0jUY0xgxBkZjNwoiWL2
xxqOLBtjPf20zkDZqDRNmLKXC+w51t21/EL44eVkoyChrZGQQ3JMm0v6KbaWhv6MypmngI8asQ7OFbfqrh10Jn5yrGGN4roRNDwYXnfn4TFF3nzmufHnL9HJu4xgmtfRXAE2tYg4WYzEKBAxVbpQm3XetLWu9DPgobGA+nWe4vs=
xxqOLBtjPf20zkDZqDRNmLKXC+w51t21/EL44eVkoyChrZGQQ3JMm0v6KbaWhv6MypmngI8asQ7OFbfqrh10Jvjq9WxU+xELVAgHsYW0F5ibcsKMf5yXHIpBvLjv6HB2
xxqOLBtjPf20zkDZqDRNmJOXArkXjKDw32Af/7ETN8LRgx6fo91L3P0vUnZGWItZLrGo3esYPrI2W9/Ils5HUhpNqLSNm9Bqk5oN4ZoKRrCWOHsxyHZWCiEIxbl5nUrx0GEj9RiZW+KuVNf6PtzqRH95ZJTJKpgj3AX3yUsx9Ls=
xxqOLBtjPf20zkDZqDRNmHrK/4PxSdW8ugdD7GmX+fXQbCt0F8dBIYyqF32qUc5/fDWFlcF+SDG6ofLM+UnHt79YSf7jWmzP3h6Got1Opjybo4DfIgw3JncFltPyUHZU
xxqOLBtjPf20zkDZqDRNmHrK/4PxSdW8ugdD7GmX+fXQbCt0F8dBIYyqF32qUc5/fDWFlcF+SDG6ofLM+UnHt7j8+Uk3Fua9jyDhRL+9p1nXYQ0x0mkxsi1A3fVYfQcA6NnYEl+rcXHdEIxMCHvhxQgxObXUOz1REORuIafwudM=
xxqOLBtjPf20zkDZqDRNmHrK/4PxSdW8ugdD7GmX+fXQbCt0F8dBIYyqF32qUc5/fDWFlcF+SDG6ofLM+UnHt79YSf7jWmzP3h6Got1Opjybo4DfIgw3JncFltPyUHZU
xxqOLBtjPf20zkDZqDRNmEtzq9r00C5aXn9lHJA2faseM/qcNOMlQnPhL8ZrgSpqrawuGn6YtF6pVQF37JCcJcFVv/OuOIZQ2N2iuwFWFnfikv611laFg6QFTy+3RZLKeIXY10R+r1rDQA/u9kb5L9EqMRDHDhs9bkS+g8AJCn8=
xxqOLBtjPf20zkDZqDRNmEtzq9r00C5aXn9lHJA2faseM/qcNOMlQnPhL8ZrgSpqrawuGn6YtF6pVQF37JCcJX8ghTNAZBl94J4sbnKFCAe0hO+90NECS/a2Kgo5+qwB
xxqOLBtjPf20zkDZqDRNmGXn0lIgKtlT1LkkrgV8CkQgMCC1/PlGKXPrqZ0aeHKFggMQJuu2FjRbyaBKU7Vtj6QLetA9asYKkx7qFWxQ2JmZbV1p9xH8IIF8FuKXHrOhHRUtpmlAiIm5rA6yi/+PvKycCNska+zsuBwEYwdeIRk=
xxqOLBtjPf20zkDZqDRNmMee9OAB6gZWboB6ypBq4mpYLnwZe81QhJChXYwhb6Ig6k7Qf+zHMSxbTrUonG8o5/Vgx0/TWQqbSETVJPbFZPu17MJDhOXYOXppaPNjKla/
