GmcONIA9PFzHw1gpPLLPoqev3ytAH5KO3S/CJpMsylg=
35kyjVfwBJgytCi6KM5Vug==
FNt9orFfFSbPIXNSbXcP2Q==
gE2g7VQeqq0h5MkG44fPUw==
A4ZCFW7RnVRfEnbtNxUDb8VFIQmzxcIFLuiIjRY2q84=
cwgQW1UgxyVfBeSrdwXHsPE1eoSAri+NViVSjTYe4hg=
pYn3RyiaY4vz2unSybTHuw==
mAzeFbkWBGyzJRgEWJSZYQNn44wFaguEUnqkvHVinQw=
NiGef/LGs6v8Em6sqLz1GYGKB0111uCW/TAqgkiW0+w=
2lfNnhNY+w/3xMaMUxJbE0YFT/wvMlSDz8Vrd5FEs18=
jyaoVVStBa++4lBfU2gAIHHNtq1Q8HYqeyUDTij+m8h0+JBMNNJIXY7eVl3i417XPSX2hDaGwf2Fd3umCmYq3Q==
jyaoVVStBa++4lBfU2gAIFm2HPqCzrEr3GX6hCyk3h00fO0ihtHh7oRksHK33Fb9gNEVGjnaF3DJfvIf8ypagA==
jyaoVVStBa++4lBfU2gAIM7nUe+d0kFy7NvywgX3ZUgEIAV/PsIfzvpdSMN/7V8T4SKS3TYf+VEPehMsNSKTsw==
jyaoVVStBa++4lBfU2gAIM7nUe+d0kFy7NvywgX3ZUgJEm6rMd/6qZoAxBYVwYHWh2FqvlfJUvTWg3JsG73jjQ==
jyaoVVStBa++4lBfU2gAII42p+k7yQxKLDej4Co0IlWsfSE+9FKrKe1gBIuN4moLb0aA8vVBEZnD/qh1shOLVA==
jyaoVVStBa++4lBfU2gAII42p+k7yQxKLDej4Co0IlUNe4GjmxJrQ4FYlusnvPl7i9mYAzh9cEMFx11shtu+Vw==
jyaoVVStBa++4lBfU2gAIN1r3PtqS0Qf1mYeAqIP+01gYTxKgBRHTHzng83IfZPTv0pTFzrwa5zjvmIsS+43QA==
jyaoVVStBa++4lBfU2gAIF3I5j+PJ2NVyNDThEZ3JLbulWabhttJFYKX0pIVnRmrL1AydIdCoUPl8SvXwBKQXA==
jyaoVVStBa++4lBfU2gAIEUCsfK9rfm8TcVPghSk+CqTE26RYkksFOWraQWdm2G1gperWuyKt0NFPhUyvXzBuQ==
jyaoVVStBa++4lBfU2gAIEUCsfK9rfm8TcVPghSk+CoHjxVTyU/DQtwIgxs1NavsziqqiZohsnoNDmKh45zM7Q==
jyaoVVStBa++4lBfU2gAIF273Fw958F1RTCrt8+0zbU8VHbOdgtijFFog8WeLLmFf8PaYdt6MflNrF8ZG7ns8g==
jyaoVVStBa++4lBfU2gAIF273Fw958F1RTCrt8+0zbV53U0JRE+6QyctO5zKSuvMcQh4+/6ZJZShRXnEfFvg/g==
jyaoVVStBa++4lBfU2gAIOLgmYaQ+D9TJRrk36fGZ4xB4+TRT4lEhOC8+oerZgnvmjmaB2L1hNfyfrkS6tNgZg==
jyaoVVStBa++4lBfU2gAIOLgmYaQ+D9TJRrk36fGZ4zqIjahq+TfyRvK9JJi8ZemyUGDrBtRK+hgDGKqg4HapQ==
jyaoVVStBa++4lBfU2gAIAQ8aOQSzH7COkDspr2HHNsKFsfXP+F9Ibu/d3YpSgWXvrHjknDAquMlvLSox7mhBg==
jyaoVVStBa++4lBfU2gAIAQ8aOQSzH7COkDspr2HHNt1eUmRRHitvhEKiRNjmZd/inq1v3HwGfv9le2ylSAOSA==
jyaoVVStBa++4lBfU2gAICsssiVBCyjg8OoViiMaJEJGKHH+5SmH9cCxnyw5WPSfr+60VpoY8FkjPq1w64Nd9g==
jyaoVVStBa++4lBfU2gAICsssiVBCyjg8OoViiMaJEKVvjogi0VAVtRmDyhJLoEY057NgiaujpbNLCqb3bu4Uw==
jyaoVVStBa++4lBfU2gAIG9PiBMW4w39wpA7Bg2plPRPkpLvgXwJj/QngCnGOCRVfIBjWiJSg4liCeTAXZgKTg==
jyaoVVStBa++4lBfU2gAIG9PiBMW4w39wpA7Bg2plPTK7Pr+ejn/cQP6yyn7syO2/zpI+oKZPeD9YrNNgIx50Q==
jyaoVVStBa++4lBfU2gAIKGoLYtY9L921yv7YKeSykDhnqeEWaPpaEnkSNfzQfaB4/4PIaMfckEq3KO/qnpnww==
jyaoVVStBa++4lBfU2gAIKGoLYtY9L921yv7YKeSykBgie47NKhLm9Eqjm7Am4hbs0kqXZIbLtMRDNodLdtTKg==
jyaoVVStBa++4lBfU2gAIOkhXxqlF/v5Ps/HkQc9g5jTu87byVZJB1j4um2r2ESLkKXZOd0Bct67VgOdjPtAog==
jyaoVVStBa++4lBfU2gAIOkhXxqlF/v5Ps/HkQc9g5jV3q7TUsJh8cJLMk/MDZUrLdsPJLhR4OBthsCzeBGTKw==
jyaoVVStBa++4lBfU2gAIGecKd+KK5aEvksghtE6+KP3iInahXZUYJOuUPa5Ap1LlZyTtx/BeaAT1qqT/UK3ag==
jyaoVVStBa++4lBfU2gAIGecKd+KK5aEvksghtE6+KOFHHqVoka7CXmR8/j60biTd9DVEpVKZEqnQGOnGcDadg==
jyaoVVStBa++4lBfU2gAIOKEJ3u0lZmG9unFnlMR1uHajv9AXotcwOvWVCyYtj5bOLgjZDupukSc0r5od1g5iA==
jyaoVVStBa++4lBfU2gAIOKEJ3u0lZmG9unFnlMR1uGW4KY2A9iJCCnpgQ0fA4oILXcstzi49JfXs8hKOpsT0g==
jyaoVVStBa++4lBfU2gAIIRfDgwB+gK4Apw02/9NrZH5iGY2T0sfCIONZDXQ23Fzxxwf0J6wJsqjWQlKXpfQkQ==
jyaoVVStBa++4lBfU2gAIIRfDgwB+gK4Apw02/9NrZFfNHFb3CZM/FgmEfzbxrCpHSFMA5nFeGW3WVTKaHWSdw==
jyaoVVStBa++4lBfU2gAIHk5nKfqt6+UlvQ7LWipVc6b/dJXkjA/L29KjiGywjX9Fv+4Qnp0Y5+eeSv5OCr7hQ==
jyaoVVStBa++4lBfU2gAIHk5nKfqt6+UlvQ7LWipVc4WkRNOgTRVGQ+ITTTkQL7XJGeppq6axK6ZdJHS40naWg==
jyaoVVStBa++4lBfU2gAICdF9r3mvtt5L/YCclOI91/ObOLVX8xVTQzSed4ntOBu3ys5bkz7V6qZZUlxZprEKQ==
jyaoVVStBa++4lBfU2gAICdF9r3mvtt5L/YCclOI91+tE9cb0eNlMC8clSSIl6VjY5P1iuZnzCHvrkJ8sYd9hg==
jyaoVVStBa++4lBfU2gAIOvRfl1/dQp2X8LE/L+E8MSp+IgfMwyZO0l7j5TtSglQLJXnVwW5E3Ec9qv0L4f2SA==
jyaoVVStBa++4lBfU2gAIOvRfl1/dQp2X8LE/L+E8MRz537gq+6USSlv6aXT9bivf4Rha6II6Ms8WPP7UXScdw==
jyaoVVStBa++4lBfU2gAICXDW2SlalwOai61z9OcvwGsUCNwZ98bo1WSZXGzBBJOQf1n3q8foJCbtpWuzq1Lag==
jyaoVVStBa++4lBfU2gAICXDW2SlalwOai61z9OcvwFE3F9zukvjtblXnIYWSvRWA4v3DKPYAsOmjasWGefdNA==
jyaoVVStBa++4lBfU2gAIC6VMKV5BhgevBfLgw6FmKmpIiYgVR4Qi+QoP8P+TNdEkwPLaWGKET5H2+Loyutv9Q==
jyaoVVStBa++4lBfU2gAIC6VMKV5BhgevBfLgw6FmKnI5/d++1SNGCPy2Dt/NBTWPsbEGLhGJ8seulPOVcDMbg==
jyaoVVStBa++4lBfU2gAIC6VMKV5BhgevBfLgw6FmKk8udpsSqF+dKJgZ5AyV2fDlKpXt2qdfn5h9gW+WGAVMA==
jyaoVVStBa++4lBfU2gAIP5VKaMmu/4GZ3abyZNnJ+1FLIoAgNNtq8qTez6FZJQv8AJfcOxOpO9D20MrQUOYEg==
jyaoVVStBa++4lBfU2gAIOCYn4YjVOSUYKVcEJq3wa0JwyCYXIhHimN9Mah8RBnzvPqB6WXO9waB2F8IXLAfdg==
jyaoVVStBa++4lBfU2gAIOCYn4YjVOSUYKVcEJq3wa3jOlGhH6pJ3kVIqeoscr+jXMpbm4ofenspS1ilYaTlOw==
jyaoVVStBa++4lBfU2gAIAWzxxpLQOb8yJtimAGHGKwagvtYDBIscG20bC3WD8Ts2uIRlHIRStuH01y+UvNL1A==
jyaoVVStBa++4lBfU2gAIAWzxxpLQOb8yJtimAGHGKzT0lneSLidpPgwR1cqpmYNvWk6Z74fjUhcVpgzpjy/uA==
jyaoVVStBa++4lBfU2gAIFAlj5XlfKss5gEe6HjoOu01fK+9L+5Nrpjk9OmVxJp8lCjB4mbmSial7f2L8u8HzA==
jyaoVVStBa++4lBfU2gAIHQS0Us8zwZGqcXe2ZgrodFaeJ4/keKhIUeLWefAU548EZQx8UYBiK4Ry28qWTvBoQ==
jyaoVVStBa++4lBfU2gAIHQS0Us8zwZGqcXe2ZgrodEinSil1liQhWZbcjl3SwVSxtRNe6gW7sSiYOEO5j7uSA==
jyaoVVStBa++4lBfU2gAIB/BibHEIxXyQKtDhcjQLs50LR5ISacY/L2layxaYEkrAGuA4RAZaiiXLyk/6UIlqA==
jyaoVVStBa++4lBfU2gAIB/BibHEIxXyQKtDhcjQLs4q/YNiqwItCCu4pwAlp4nOkgTsAWzrlo+19ZtJsS/vig==
jyaoVVStBa++4lBfU2gAIB/BibHEIxXyQKtDhcjQLs6BZS7OynUXAHVaKgMY6UoSXinLe9ZltLf9dO6jvcxdjg==
jyaoVVStBa++4lBfU2gAIB/BibHEIxXyQKtDhcjQLs42qJZ8GOLHmEUIS1eONQdUnZQJ6K52LwcJbFpCpZAhfg==
jyaoVVStBa++4lBfU2gAIB/BibHEIxXyQKtDhcjQLs6TQaiZtRuoi338XM/whgTWCjb9p9a+ymM/gTWft9dieA==
jyaoVVStBa++4lBfU2gAIB/BibHEIxXyQKtDhcjQLs66XO1lzrupjwUKwQzeHaDuu283IajF4ZrPxdTl6p8Zyg==
jyaoVVStBa++4lBfU2gAIJZlIUTgNOcNRJKeWaOsWTQcq3gTMDEWbWHaU15d8xLrzAPPMaTAKhAD5q7ZU8JQ0A==
jyaoVVStBa++4lBfU2gAIJZlIUTgNOcNRJKeWaOsWTTgQpMqwjgHWPiW8S+mmUIaHQ3v3dguEsPQ2jpy5lQ0/Q==
jyaoVVStBa++4lBfU2gAIC1QFsTE0QEKfuPOZjMJuaIpIvc54Jz4qoDuiWSIKpH3CkViwuExAVqYVcMf3rNvfQ==
jyaoVVStBa++4lBfU2gAIC1QFsTE0QEKfuPOZjMJuaIgNhXYG+IxK3+LhZ4pQRARqnvH9Ck1LDpIgwmWY85ujA==
jyaoVVStBa++4lBfU2gAIELK6VaWlPS6BmMFDQLZNOQvZXT3+tcWY62gYGYMaDKjeNp/WRQQln7HZFMuTQY/Og==
jyaoVVStBa++4lBfU2gAIELK6VaWlPS6BmMFDQLZNOQNni4mZsjdTrEoF10LkrYfcTmdYj6hB9iVVbUA8uc+qg==
jyaoVVStBa++4lBfU2gAIP1eum83vmyS3inoNQOJSS9pkYDmzLDiZrya0wJKs96RWSL1lR9V3DGLeGyRVaa4Ow==
jyaoVVStBa++4lBfU2gAIP1eum83vmyS3inoNQOJSS8/v1wFDqhsd2pJ2VEJfm4orWSJyV7BOGAJkaHI8IM44Q==
jyaoVVStBa++4lBfU2gAILUwN0+sbJjOawmdNeMeUX6SQY8UTkCIqQYA8YfB2cWbLAigmlzH67+BPU+kDe9Eig==
jyaoVVStBa++4lBfU2gAILUwN0+sbJjOawmdNeMeUX7db28BIz0U7F9KXomJPBJ7v0qNUeLSc0/PXS3ctOzvSg==
jyaoVVStBa++4lBfU2gAIIIIBC57SXBYpDylpVioax6ruanJfwEf/ktXSGxeIVXx+q0rx7Q89k+hS2Zmlfq4Dw==
jyaoVVStBa++4lBfU2gAIIIIBC57SXBYpDylpVioax5Z8xU4Jh00+Rg2SUHF8EpzciD3Z8VyAJz2+gXOMc5EBw==
jyaoVVStBa++4lBfU2gAIL4v5z2f861XtLnm1zsEUboCo026evond1qdCTdCiurMyMNYPIVOxBFZoyPmg4APew==
jyaoVVStBa++4lBfU2gAIL4v5z2f861XtLnm1zsEUboMR7GdqXXVZ7+7mSKzAj0rJJx0lhc1BTjeIHcrLQprew==
jyaoVVStBa++4lBfU2gAIKdSpBVyBwFi8G9Bjn1Xe2xO9lvtSSR5LgNOKYZw+SiB0DR2vlD1qbkQbItcF+J3ZQ==
jyaoVVStBa++4lBfU2gAIKdSpBVyBwFi8G9Bjn1Xe2yIcL7+yqU8v1So2YUQWDOWLh8fuUePJjAnsf400zywTw==
jyaoVVStBa++4lBfU2gAIG7B3eZyDvJJF7MA7Um4O32TLQ63ECXLKCc2CDHBqcn00IwCAxOMZCJm1S56PV4udw==
jyaoVVStBa++4lBfU2gAIG7B3eZyDvJJF7MA7Um4O30V07d0R90/yn0nUKPHq1rdR3k+iCan/6UQ8ZOYQU/zdg==
jyaoVVStBa++4lBfU2gAIBo+ALTBVYWQGZjSm/cIy6p7LedEWV+pdQ9LGz1vUPRKRK5+h43dI9Mb0O4qqcW9vA==
jyaoVVStBa++4lBfU2gAILBWGc6kcVUdYhs49Wud1hrl5EzR8A+ccXDIzzXyeHm64ys68WL+lhG396WxOktoMQ==
jyaoVVStBa++4lBfU2gAILBWGc6kcVUdYhs49Wud1hqQlZLFt5QQeQkW5Vb/ljQ35/LjCK7b3isbLSogad8goQ==
jyaoVVStBa++4lBfU2gAICBMSS5Op4PhrB2PXrXZGQX+2Lwv+kvVPJys/bDHbTb3S8QpmbWbDgLPNxm4s0EuaQ==
jyaoVVStBa++4lBfU2gAICBMSS5Op4PhrB2PXrXZGQWHqaMrXymydKMGfabSizJZKzKIYrYbo8ft+Ch8feEnpQ==
jyaoVVStBa++4lBfU2gAIOrLLVTYemLXbkKu6MKpOjyZXiLSSUepdzMBeKwhlyI8E9DmmGu0pDKOy9Hl75Rm1Q==
jyaoVVStBa++4lBfU2gAIOrLLVTYemLXbkKu6MKpOjwgzCGbKw7M1h+TbjpK8nb+55miYzaWvK71s1kojj+zfg==
jyaoVVStBa++4lBfU2gAII9TZ5TSiS85yZLz2wBgdf5ddGTRyqBRtE23uLpDBG2gcctAn1ncTblNCqAWiBjIIw==
jyaoVVStBa++4lBfU2gAII9TZ5TSiS85yZLz2wBgdf7JS35Zf8uw/Ty13JGzdrLL2p0uhd/FuDCgNpLaTcCXzA==
jyaoVVStBa++4lBfU2gAIGfSHV4jBIlQqgLuO+RgLdeze6uHCmEON+PL98U0LD+OLnWclgNynGWPUxovejmy+w==
jyaoVVStBa++4lBfU2gAIGfSHV4jBIlQqgLuO+RgLdcejBN1jaupBAyDMvnNvFzrVEr6UhFTeKXsCetcuAjJ0A==
jyaoVVStBa++4lBfU2gAIMH60tvCLH5/O385o9Ia3xpMurXqXHpTGBSsQQMvo9l1QUqC5ze1cFmwp1/xiabkpw==
jyaoVVStBa++4lBfU2gAIMH60tvCLH5/O385o9Ia3xp5CFIHxXN7hwE2Y/ZshxKPlgCTxKznCGpwUH92LPxs7g==
jyaoVVStBa++4lBfU2gAIGQaML4UWJWoxBgAGEB9ShtOpAedMYyp343DvR7PY00a0WLClxvCHS1iOqVoBNzOHg==
jyaoVVStBa++4lBfU2gAIGQaML4UWJWoxBgAGEB9ShvcGIz4iswvC0nFLvurraR8Nyvuw7T2Fs2Fsb0GDGO94g==
jyaoVVStBa++4lBfU2gAIOi9ApldMENLUNbF8FEzWsczeeb0raJn0XbyJkfWk8F6TN4GgJLpt5/ArPYXPHOBLA==
jyaoVVStBa++4lBfU2gAIOi9ApldMENLUNbF8FEzWscrxA1PQSCokcSEfoLtbZS+wxju9yu0yeudrSbHJ+hZBQ==
jyaoVVStBa++4lBfU2gAIEuMrxNGeKLV3TR7bz3Qi6jB1AKheFwAKxheCf6K6G5GYm3sRjKHk8IEdZk6ZitBUw==
jyaoVVStBa++4lBfU2gAIEuMrxNGeKLV3TR7bz3Qi6g/uiTOiUkAhLMQj7AUQddQjk4n8w9z+F6sGL/8REPxCw==
jyaoVVStBa++4lBfU2gAIBJuTwP28HoqZxBEnIdKgbcYKdE4/VEKFelWLbHDiqi6uaMJbGLM0s8Ns8OOfmYYvg==
jyaoVVStBa++4lBfU2gAIBJuTwP28HoqZxBEnIdKgbe9Td1vRsmmQWnWPNGXTbbdofvz2P4lb1Q3GBoP44WtLw==
jyaoVVStBa++4lBfU2gAIJMg8/VFOv/iDgVbZ41CCyl26kr3e3Z114xvy4eX2ww15jQ17mpktsR6+YAWqw3Liw==
jyaoVVStBa++4lBfU2gAIJMg8/VFOv/iDgVbZ41CCyneEAS2ZZaMXTCdeLV63tAdE4Gxi4M1Vf4gBjF3asVSGg==
jyaoVVStBa++4lBfU2gAIOEWKAbxmtYuQ3nnH8DCaxQg+5QRqxSvqGQaHcNCp+M+0erO7ScgdlEIVdy6+gyrdw==
jyaoVVStBa++4lBfU2gAIBVHFl7LuACY4z/lVcomH+XAQp27qDKC1g68bFyEyRsvDZxYgnti3teoMnSmq1pbHw==
jyaoVVStBa++4lBfU2gAIF80RbsJ/4G5g6heL7Ym+ppjUjry2VxGvoPQtSr3s24rTFu3LpuTgXXUFLLQk7MKqA==
jyaoVVStBa++4lBfU2gAIF80RbsJ/4G5g6heL7Ym+pqhkLeKJb8XH/wXoKAz/+QrNWqjuP8gi+bZ67JyKf0YYw==
jyaoVVStBa++4lBfU2gAIE5Bx5na1G6JzVx87gd4maU/ssfBJG+XPC8IDLDNHTuCbo4Rs/Sc5fWYcK7dI2N0HQ==
jyaoVVStBa++4lBfU2gAIE5Bx5na1G6JzVx87gd4maWFI2fxwIgiVIr7AUbiv8D/53vgjBaKicEDGMtr9AZvwg==
jyaoVVStBa++4lBfU2gAIHWdPxOUAOrBGKNt4owrvK1QYzaoYQ37Lu3B1f4wFYNkGWcDl/J3xGS9S15EJhPfmw==
jyaoVVStBa++4lBfU2gAIHWdPxOUAOrBGKNt4owrvK1nqLEqbGsIQO1kla2sZ76PGIzQAT1lukgaRcLyFpQTWg==
jyaoVVStBa++4lBfU2gAIBS8O+v9H7035WaIStCbnnTo61d4OIDYtBznQ/GfTXfAnsfddfqdyM6Df27lzgIDtg==
jyaoVVStBa++4lBfU2gAIBS8O+v9H7035WaIStCbnnSJVwfqbny7Rc+rVfqk6UEfpNBupB8eQizouCzct7N3Gw==
jyaoVVStBa++4lBfU2gAIHjPjYHRwSs8Tn9BStmBCfJH56xAt0pPYzuz4691CDLAFCB4Pt7dWPzR9f7P3lPYHA==
jyaoVVStBa++4lBfU2gAIHjPjYHRwSs8Tn9BStmBCfKQ0bKEOotFfOHXeNMYPvYPJGYJGr6UH7jNRVBhZa9A1Q==
jyaoVVStBa++4lBfU2gAILyOtgDHpFfZ2R0/3nyNtQ86QmhLGic9A1cNN5QTcyJM27D6zkaLiFC9A+Kvq2cFmg==
jyaoVVStBa++4lBfU2gAILyOtgDHpFfZ2R0/3nyNtQ+B1CbcZRivjnVUdCJEVtXbY2TmfqqDqHEYfBi7GpbxBA==
jyaoVVStBa++4lBfU2gAIAuY6mlTWI75Aw43ywSyG3ePLTfXcX3F+CnnHD24QqB0RJg4CeKzsuYug+FtHGbhBg==
jyaoVVStBa++4lBfU2gAIAuY6mlTWI75Aw43ywSyG3cpJ1iQQ6NRCFGWFbh8kIJG2IW1IRz+l7XChEJdsJo4rw==
jyaoVVStBa++4lBfU2gAIEnSP029VIDRgwWSe2QZ9XjXCzzGd2gITNUKvYMXd5+Gpvmw9HxUIIPJ2yJNNITApg==
jyaoVVStBa++4lBfU2gAIEnSP029VIDRgwWSe2QZ9XhmSJcwpO7jZuPHfJtNtcIuz1q+M0lqlyWt9vyh2jNEUw==
jyaoVVStBa++4lBfU2gAIKoIey/3iB7Lv7UjBOs6RVmqQRKQ4myPLXKVnY2JgbVOi6kuzvZsWhUAnlke8pCIPg==
jyaoVVStBa++4lBfU2gAIKoIey/3iB7Lv7UjBOs6RVmWVOYj7/RmJkm2UqqDziZGdAfJ/vSicjC68+TAnK8/qg==
jyaoVVStBa++4lBfU2gAIEAGI/+ePTSSzWi06eu7yKWGg7p++r8ZKQT3huCr7Y+GhJxGXjyvAj/tuqLlsChCMQ==
jyaoVVStBa++4lBfU2gAIEAGI/+ePTSSzWi06eu7yKVe8GyQwm1UhnCiQoVGnbEKVhhNZXr6OV73J0cqJK8uig==
jyaoVVStBa++4lBfU2gAICldQc17jCLYMG6V6JfcW3MoSadFy6NIv+5K0SMJInXwdATajcpjdlKGjNaF2CUJqA==
jyaoVVStBa++4lBfU2gAICldQc17jCLYMG6V6JfcW3MAo1HZ/7o3nm42QASBvvrblgGr7PshMY1YM+3Z4LbcNw==
jyaoVVStBa++4lBfU2gAINX0unLFpnNLRcVZA+OVDPmzkuDGmF5wFfAjrX4xQQyf8C56yHK2meTGGUAXBwrq/A==
jyaoVVStBa++4lBfU2gAINX0unLFpnNLRcVZA+OVDPk0mFEPUPqXNgHvq0lqjtmC4eKnr4xqxedYqi5hdAgS5w==
jyaoVVStBa++4lBfU2gAIIP2VPHsHH1hSXuqUTScFolPPRukkyn02d/EVkleh2vWxWFNcmVF80hfGGMmJ6Uw0g==
jyaoVVStBa++4lBfU2gAIIP2VPHsHH1hSXuqUTScFoly7Ac7/0shdaNzccVd/cCCqzz1qKEueFyZGJR0yNnR/A==
jyaoVVStBa++4lBfU2gAIBBdhFp/Pxrv2AEYTLomdTW8srI4QBnTl4eMRLaM0If0sAUfQCucyIdUcVXXsZ2U6A==
jyaoVVStBa++4lBfU2gAIBBdhFp/Pxrv2AEYTLomdTU0ofcmyDYm8L38L4XjLrIdnM6lLy3fk7nQR8ZNwP41LA==
jyaoVVStBa++4lBfU2gAIO6KFZgID8hHGze5GeEQKP85vANgQts/1mE89vUyBfc7mzumS6dLtxwCGrEZoC1Plw==
jyaoVVStBa++4lBfU2gAIO6KFZgID8hHGze5GeEQKP9va+th4nFk5DLNoYUjdfEN+cJudrLvVbuDhZe39pTlng==
jyaoVVStBa++4lBfU2gAIFDvpAZjAajt/IHoeihUyO95z44iqyRrWfn/QV+cLdChtnBK95osRSxC5zYVnqre3A==
jyaoVVStBa++4lBfU2gAIFDvpAZjAajt/IHoeihUyO/3PhOB3XElj8kVqgvAAjlGvrcllixrJKKmQAKQRmKmjw==
jyaoVVStBa++4lBfU2gAII6FonYbU+Cbk/ULcNaXeUrwbzd30sQpzOulvqRA0pkYGo7MJENc2WzKMWMTbqk/Mg==
jyaoVVStBa++4lBfU2gAII6FonYbU+Cbk/ULcNaXeUpH4Guqw/voNeTIIVlgpnwgkkVztbUT2E231/Pd6mNzww==
jyaoVVStBa++4lBfU2gAIOI8dkE2zNT7tRvQdz/2wzVwTWYU9RISCkDGpP6hVwIIKUsO7H8Qjaa8sDM/hAqbwA==
jyaoVVStBa++4lBfU2gAIOI8dkE2zNT7tRvQdz/2wzXy7/PGUVqHm14pYTXAo2u6SgI5KUj98C6erADyRb8bxQ==
jyaoVVStBa++4lBfU2gAIIG4YH9lFOD4xqHrcL+w0TjSaLh6zv66E/GWBSXmvsRykQB1M85dx/CSe0A6sQsucA==
jyaoVVStBa++4lBfU2gAIKdPd53IJLWBbuFU8n/FMyLwCEy75ncGgJ58ExW3ArFPcTt/nVP/SHE8hak7KXTHhA==
jyaoVVStBa++4lBfU2gAIGAnJ7c9jvbmWG6JSyp6jN29dcDfciwgzcA5jE7uDozN1fgOEi7FLCqfAj2CJeaUww==
jyaoVVStBa++4lBfU2gAIGAnJ7c9jvbmWG6JSyp6jN1tRJPII9nUrJZxhHts8x+IxR5ozaJa2HOIVMo1dixvwQ==
jyaoVVStBa++4lBfU2gAIFu3pdl7QuvZcg9T+AMUttgdSVyDUH4vLsmh1Fbg0mxv9YOREegF+DICvX+M0c8n7A==
jyaoVVStBa++4lBfU2gAIFu3pdl7QuvZcg9T+AMUtti+Jva+9fDawPYMVLVwaXTgbCLamVPTcUh6D6sreBGIeA==
jyaoVVStBa++4lBfU2gAIFdiIRJBk+ppQfMrLF+zGYs8vZ+az7UvjR7TKOZRAi3d731T6ZshB893UXhlvKHdGw==
jyaoVVStBa++4lBfU2gAIFdiIRJBk+ppQfMrLF+zGYvF/2wUsS5prAgam8di6DcQ8PEZqqAKnDfJEq9lwZM6HA==
jyaoVVStBa++4lBfU2gAIEKA8u9VLUYh0Yb0rU0N3GC8W6FhzmE2LGLLICbWLvdA7p4WsOIAj766L5IBOov4WA==
jyaoVVStBa++4lBfU2gAIEKA8u9VLUYh0Yb0rU0N3GDkUQIteAI4jG0o80lZmczB8AZdk3zmvexjcAdVKqOJnw==
jyaoVVStBa++4lBfU2gAIBEkPknj+0du9zf3Ckz2lG0UdBIRJXHcJ5mwWMYYQwxi4XX1ak08qoJ9Q+VmYJ0vSw==
jyaoVVStBa++4lBfU2gAIBEkPknj+0du9zf3Ckz2lG25BSFKlCWwy53ifI8u5G//kiCrsG1pNR23OOhg1YyC9Q==
jyaoVVStBa++4lBfU2gAIP1KHBftWESyXHVe5SsQKdP1Yg4FPrwVhW3l51/tSBJS4Qe/odWERLU/w3YqLVoAgQ==
jyaoVVStBa++4lBfU2gAIP1KHBftWESyXHVe5SsQKdMqPEt51PYDjPKfm13FH09pTWoQ1gUhR3cyQRHv6BJITA==
jyaoVVStBa++4lBfU2gAICpOx1Eyjv3z7CI1NVs9/bz8hrlfT8DIEJwLbQu7zqzMRdaH1rREm/MhrhpF5RjuWg==
jyaoVVStBa++4lBfU2gAICpOx1Eyjv3z7CI1NVs9/byN7LfTtJvfkiLiOr3g9Vsp45oEpuIEOJihueTV6ZMmIw==
