GmcONIA9PFzHw1gpPLLPoqev3ytAH5KO3S/CJpMsylg=
35kyjVfwBJgytCi6KM5Vug==
FNt9orFfFSbPIXNSbXcP2Q==
gE2g7VQeqq0h5MkG44fPUw==
A4ZCFW7RnVRfEnbtNxUDb8VFIQmzxcIFLuiIjRY2q84=
cwgQW1UgxyVfBeSrdwXHsPE1eoSAri+NViVSjTYe4hg=
pYn3RyiaY4vz2unSybTHuw==
mAzeFbkWBGyzJRgEWJSZYQNn44wFaguEUnqkvHVinQw=
NiGef/LGs6v8Em6sqLz1GYGKB0111uCW/TAqgkiW0+w=
2lfNnhNY+w/3xMaMUxJbE0YFT/wvMlSDz8Vrd5FEs18=
jyaoVVStBa++4lBfU2gAIOz5qWo440f9Pef04oU1e0F5e1f6nPPJSjrTWehAb3xZkVBp3hzx/PJQk6FKRIJt2w==
jyaoVVStBa++4lBfU2gAIB4zfNSwMDYn41RaSqENcy+mxuH3A2Q0+Jumlr5cRG7BMIrox1HhVtIJ5KUuVgVBZA==
jyaoVVStBa++4lBfU2gAIB4zfNSwMDYn41RaSqENcy9bZcF4iQ0cxPrklAhKyPUuBSa69JlPU7rLHtSbVMYBsA==
jyaoVVStBa++4lBfU2gAIMBl0EIll9fnc+tZiB8UUCs0nvDdCAs1bKUF6UWasS7jrKShu/pumGbspIrgQBpGsw==
jyaoVVStBa++4lBfU2gAIMBl0EIll9fnc+tZiB8UUCuBt7Qz/oHs5cW190nv8u15sHCI9aU2QY1SYRuYrRO17Q==
jyaoVVStBa++4lBfU2gAIJHiIMWUBIzU8CRZPhuEKQ3y0x51DBcoeor70efAvodtHcZz/eXj/avQ40IlhurFaQ==
jyaoVVStBa++4lBfU2gAIJHiIMWUBIzU8CRZPhuEKQ1qE3zzGP1jkbnTlrPkqyrvxKpSJAQ7rukdd8k6YVg3cQ==
jyaoVVStBa++4lBfU2gAIOWkd+Xchb2GuMqUMDqEVsQLTFGuI07CmKaDYooPeGhjihte61Jx7/u3TY/O9T2PuA==
jyaoVVStBa++4lBfU2gAIOWkd+Xchb2GuMqUMDqEVsRCxriLK1EK4GU6MPuPhFjBCqzgoiVTveEdQQH58Z4Ikw==
jyaoVVStBa++4lBfU2gAIMfL3NyrBjruhBlpCIQhnubrODCKl1fO+/Qej91ReqSR3Mb81rEVpbSttPQnRZRvHA==
jyaoVVStBa++4lBfU2gAINYgwTtoclpUdcbbyQkdQAUjtGbWqqDAFL9suoNUbWCXrupXsgD8XEMRIOYemlmiCg==
jyaoVVStBa++4lBfU2gAIMsdr6vo39nXT21Vq8o1sfQSWxMWozVpzVrJBU/DrmadBzwlxLK3mWXMiDv3CqIX2A==
jyaoVVStBa++4lBfU2gAIMsdr6vo39nXT21Vq8o1sfQ7596tjePfWEbip0pJd88vw8+hnt701AHA++y8qSskQQ==
jyaoVVStBa++4lBfU2gAIBE0sPDhQ/NasB/vgsQZc87zRH5aip4Mp2AwAiX+b8bOhsYnpmXRT1Gzg40XIFajEA==
jyaoVVStBa++4lBfU2gAIBE0sPDhQ/NasB/vgsQZc87vf28bv6wUFhZD+9sjSYEM2Nk5Izw8M6UlO5Ws8Oo7nQ==
jyaoVVStBa++4lBfU2gAIBE0sPDhQ/NasB/vgsQZc842SOp5Cl3EVuYRaFSCWutovi51NEtBfi+b5yFTWUsHag==
jyaoVVStBa++4lBfU2gAIBE0sPDhQ/NasB/vgsQZc87Qup72Nc6C5yZBR7UocqldAfnLP3DLFUZUCZocUCtnYw==
jyaoVVStBa++4lBfU2gAIHRnVG3NSTPdzWCelde32Lu9E3SW3NceCyatfQ+Oj8EedgdAmUvJUpp59oscYCOWIQ==
jyaoVVStBa++4lBfU2gAIFl7p2CNNZGaU3UufYRb0xoVVfqfkjAl82QQysG5fNu3G3xyWpLnku404JCm164v5Q==
jyaoVVStBa++4lBfU2gAIKi991XplBP1yo8///y6A0eihvSpFC9qJ1zE/oO4/+4NbPps9gIxmk0kb19eD9RVFw==
jyaoVVStBa++4lBfU2gAIKi991XplBP1yo8///y6A0cC3fYxlLryLBV+LMUTPNFRqrAZKfmdwHokslL0W10+yQ==
jyaoVVStBa++4lBfU2gAIMTNuBWD6LBfOZKqQluVBToAOBirohTYDBOPUNlQr+YS85T7vAfk+vEwtyFXO3yTNw==
jyaoVVStBa++4lBfU2gAIMTNuBWD6LBfOZKqQluVBTrAUIfqssWv9SNqQ7UI3XqXhBNCd2DKzENjYgimr167Dw==
jyaoVVStBa++4lBfU2gAIEdwiIEAchr0KX3rQISl2m1RjVJz1Wu6AlMpihbtk5+WO1czAkBfiM3SXLH8nhwBIg==
jyaoVVStBa++4lBfU2gAIEdwiIEAchr0KX3rQISl2m3pqQsEXU0KGCU5/SNMuxu23GU4K1XWzupx2NjEb9XnAg==
jyaoVVStBa++4lBfU2gAII/esh7XGK4gaw6e/BrUPTtpmDcH3dvw566UdZa3HzlzagmhXArpXhjUYbLQkN+1sw==
jyaoVVStBa++4lBfU2gAII/esh7XGK4gaw6e/BrUPTvl4/AihhKjQs5jw3v3wbYIqEy+kDct6jBNzZpIEKMH2A==
jyaoVVStBa++4lBfU2gAIKSFyqdwxtSfLRNSvJsCu5cXo1sxSTs2UNs2vqBMxdR6g1ep3CjkLrXXaTIz5xBZDw==
jyaoVVStBa++4lBfU2gAIKSFyqdwxtSfLRNSvJsCu5dWmGM9SGa0YlLJGSMxJwnpVSeYMRKxZsmUPoOcUWRvyw==
jyaoVVStBa++4lBfU2gAIJzILxKCGeWJ3s3/dkOkAc8rJgOS46OoNOU8QIW7ASl6r3HBO2LCqzEYYs0goBsWlQ==
jyaoVVStBa++4lBfU2gAICR0/i37tu45sEMW2k6yrvXDTmE+iBlvp1nNAFEgu6v98z1qMrvPm9PaU6VzCUFzcw==
jyaoVVStBa++4lBfU2gAIJvVHxvRQXoJQEFHiec+05deWWAlIWczgATophCzt0khittmBY1qW4AdT4MLUo6ySg==
jyaoVVStBa++4lBfU2gAIJvVHxvRQXoJQEFHiec+05cGvg6DhkfB76jPwJKJ/L5IFWac6UKU3PauqH2MtalMMw==
jyaoVVStBa++4lBfU2gAIHXCcrnQKz0pYOgrmKLZBh+CC+MOZMaQOUgPSicfXUYTUUdykoTKvGrX0QBJcOoZkw==
jyaoVVStBa++4lBfU2gAIHXCcrnQKz0pYOgrmKLZBh+xtBDKGaTQjiuYE5vPdR8RHOwQpdjJ+bEXraI1wAUUqA==
jyaoVVStBa++4lBfU2gAIGiHwrd8cFV94ttTAGrHXsTGDQwkWn/Vvvm5D1zDKSDGJMdoDBLDfSno4QSMhlS+fA==
jyaoVVStBa++4lBfU2gAILfQTBZo9wqBBwcxOu8wNkXaWzcAm8Asqj7KcMvlK7mcx9IV5AfJ+xyhjPcyqIqNdQ==
jyaoVVStBa++4lBfU2gAIG+fGSIfQXfidEviZsZfexjx1UPKaD0jjmGZxRImQnhOvAZJODVQDGKNTDZ+L9G3vg==
jyaoVVStBa++4lBfU2gAIG+fGSIfQXfidEviZsZfexjhQ4BYbjODeGNMjfToVOYXO4gDWW4H141PaGxuIaPRrw==
jyaoVVStBa++4lBfU2gAICrO8MtvJxkkeTwdFMJgeKmm1CFIBnnbjnWz+hzgHJ6/rjv6aSP0omwT1c8JQ1sYsg==
jyaoVVStBa++4lBfU2gAIOzgeq9/Dqii718ZW8luMIbMLkk/VSTuGABp7QIaiemgr1npV277IGoxi4uFCK+Pqw==
jyaoVVStBa++4lBfU2gAIOzgeq9/Dqii718ZW8luMIZjasZmlqwXxYztGxYmdyUXFGLyxP8XwemvNdgyR62wxQ==
jyaoVVStBa++4lBfU2gAIO1S51pOcpDynxhap2kLW9BtzqqrDUr8V/aQTuEKfEG26wa528C7VVdUaUvwAAXRJQ==
jyaoVVStBa++4lBfU2gAIFqQtayOyvxlV2O+Zk2NMQINSeBudQ6qWyG7D0ApJtHTpzERjU+8oIbnprKLSQE9/g==
jyaoVVStBa++4lBfU2gAIMR6MWkMpPXxe7DiX1kWR6Jd4q3Gm2SEtCESWLDR6D9tLxX1FkZH/0oKour6My9OHQ==
jyaoVVStBa++4lBfU2gAIMR6MWkMpPXxe7DiX1kWR6JY1FNCaY5d7o1NjNbKzochyDoJE/3/XSjXh5Pd8Vh3+Q==
jyaoVVStBa++4lBfU2gAIAYaz6dUfzAT0pKAPwFxzWGu54wbEaXPJtB5i/FhjtC0Ci7snn+rtmapsTwJx8bZvQ==
jyaoVVStBa++4lBfU2gAIK57PcCzzR4jnpaVzmttrltbX8JEh3LhCxqiul/9OrV+ifgSs7Do6dClg0OGxhVVZQ==
jyaoVVStBa++4lBfU2gAIK57PcCzzR4jnpaVzmttrlsr4iQR1pAjkCRBF7HleTsfdndZrCejDE0cTSf1I8Sd0g==
jyaoVVStBa++4lBfU2gAILD/EFlaVaZ3PSzR4BVhexdc3rA838GW+qbiRWuUrMFDSzHVF+esrRG6Gzj/fgFxpw==
