GmcONIA9PFzHw1gpPLLPoqev3ytAH5KO3S/CJpMsylg=
35kyjVfwBJgytCi6KM5Vug==
FNt9orFfFSbPIXNSbXcP2Q==
gE2g7VQeqq0h5MkG44fPUw==
A4ZCFW7RnVRfEnbtNxUDb8VFIQmzxcIFLuiIjRY2q84=
cwgQW1UgxyVfBeSrdwXHsPE1eoSAri+NViVSjTYe4hg=
pYn3RyiaY4vz2unSybTHuw==
mAzeFbkWBGyzJRgEWJSZYQNn44wFaguEUnqkvHVinQw=
NiGef/LGs6v8Em6sqLz1GYGKB0111uCW/TAqgkiW0+w=
2lfNnhNY+w/3xMaMUxJbE0YFT/wvMlSDz8Vrd5FEs18=
jyaoVVStBa++4lBfU2gAIOd0bWm+hm6nPrEVBcYq7oHnKthjrdphp858g/SQn62WGGlXwaTw+NZ773Mq9tnjnQ==
jyaoVVStBa++4lBfU2gAIOd0bWm+hm6nPrEVBcYq7oEtjxnX27FvSc8NP+NleNiWmUIkmjQgdgcJE53NJ0ZD8A==
jyaoVVStBa++4lBfU2gAIOd0bWm+hm6nPrEVBcYq7oEGfV2j67jLzgDsrELFrKOKoT+TwXdVRl1Z5FBYAH11pQ==
jyaoVVStBa++4lBfU2gAINrcGOLKv+ftpP7+YfAo4WXPrzwSZq2q6KYiCBn6nD+ESBL8nPfHI5Mcuto91i/VCg==
jyaoVVStBa++4lBfU2gAINrcGOLKv+ftpP7+YfAo4WVXWY9iOkFuvAAaM4PzI0bu0QXJPo4TwjXCtAb0SgRZBQ==
jyaoVVStBa++4lBfU2gAIAnn4GrQpwygTG4Ntgr6oTortMr27ZjC89QU7ORLjnAez90QfwE+eckLONlzy7xa2A==
jyaoVVStBa++4lBfU2gAIDpvnxWJAePOl3rhubFi9izvFwTN/0YMP8DaofHtNTylzFlr51SfnMailRDfYJ0afw==
jyaoVVStBa++4lBfU2gAIKnYs+a68BOsRgMs+Fa/SKFaPz4sryg5VuCiUXBtJlJK6qPgHY/KOIse8oy5X4JsBg==
jyaoVVStBa++4lBfU2gAIEk8Dt2FeMaL9W4Z3X5i/9x4EwgeMal5Kho85PrpxB/Tk1R+ywZAQsJ6P33yQHTa9g==
jyaoVVStBa++4lBfU2gAIEk8Dt2FeMaL9W4Z3X5i/9xeXQeLkg787iGkIsFoMKtw+RFnoCHFbLRzKyZJW75XsA==
jyaoVVStBa++4lBfU2gAII5IkwJIkk6obthwq2n7KXtrxl/uDUq6UUWQc51+pzWf943Ilki/eGfd64VqUNWeIQ==
jyaoVVStBa++4lBfU2gAIKXjAzi4bANFhiYZwEf8MVAilcFPZ8j3ITkPpstzsVE1gxbFfXCc9Yygrkf6H/vVVQ==
jyaoVVStBa++4lBfU2gAIKXjAzi4bANFhiYZwEf8MVA0S+vJqs35XfUl6STuIFZcJQturZf1cdTZr8hpba+CNQ==
jyaoVVStBa++4lBfU2gAIG6Ka4h2188meABZ4CIOijSpK8m2kOi9r0cgy5JF5dv9ou9QIJuugJkTdY4qFHwM2A==
jyaoVVStBa++4lBfU2gAIG6Ka4h2188meABZ4CIOijT2p5JA/27/qwVKAL0B09TzlBchiY/yNK115KAELAYXPg==
