GmcONIA9PFzHw1gpPLLPoqev3ytAH5KO3S/CJpMsylg=
35kyjVfwBJgytCi6KM5Vug==
FNt9orFfFSbPIXNSbXcP2Q==
gE2g7VQeqq0h5MkG44fPUw==
ExPkcbYFeYs2lHSAMsaJBjIbQm7FWZ8YCSkKK1z2aPs=
cwgQW1UgxyVfBeSrdwXHsPE1eoSAri+NViVSjTYe4hg=
pYn3RyiaY4vz2unSybTHuw==
mAzeFbkWBGyzJRgEWJSZYQNn44wFaguEUnqkvHVinQw=
NiGef/LGs6v8Em6sqLz1GYGKB0111uCW/TAqgkiW0+w=
2lfNnhNY+w/3xMaMUxJbE0YFT/wvMlSDz8Vrd5FEs18=
jyaoVVStBa++4lBfU2gAIJxHIRwcnQcJZjbrf6Kf8KXsMJQOMIJfXkLSgMDv56t5fKT1T+8ni4+Err3YPQj6ow==
jyaoVVStBa++4lBfU2gAIEKypf1niCgd7JwVheuWL1tNx27FuCbc/0Afw20a4oSX2av/KZ2WiwfNMpxiGbVpKg==
jyaoVVStBa++4lBfU2gAIExxwcIIwJ5bERwKWKqtmFVhBEMD/uQo/2OMBkgDzU+c58ldW5zmG1gVAmqeSsgRXQ==
jyaoVVStBa++4lBfU2gAIExxwcIIwJ5bERwKWKqtmFWAc0DCJDhsbMlX5LnvjJJGzabWZT0OH9SMoh9i+mBNWQ==
jyaoVVStBa++4lBfU2gAIIItj+48//4efRCNjezt39MMaSmAoFXKayARMS95q9oBEugl73mXUnNDHAG+PrMrGw==
jyaoVVStBa++4lBfU2gAIIItj+48//4efRCNjezt39MKjBKSqfenJPkVyxDxF0rvRL1DnUH5U4x05hM6JKQIww==
jyaoVVStBa++4lBfU2gAIArNTQCfUWE/pb19p72m1WARM7WaKxzTDd65DUzFYttLupCi4JZpvaHWiL13pN1jIQ==
jyaoVVStBa++4lBfU2gAIArNTQCfUWE/pb19p72m1WDEhlz7eINdHR3JGs7N5WTRo2Obd44hjt87ZqFV5SF9sQ==
jyaoVVStBa++4lBfU2gAIK+rIk8qBw/XqiDrt4b0ZjH1Z2d5xPUn30AOUgslYCZTajy0SMppI1JYdcroXR18dQ==
jyaoVVStBa++4lBfU2gAIKZxy4yhCgKIJHz1I56jBAN0QCXQu1/AVygr0sXbD+MXLp7vKvVNXegWWvBqiBICXg==
jyaoVVStBa++4lBfU2gAIKZxy4yhCgKIJHz1I56jBAO/OOXfg6UfYy38EMAL/VhzzqrE8/R461BFQWflfozO8A==
jyaoVVStBa++4lBfU2gAICJF+QSX+XqpgBtH3M9mZYmctwkx4yFEsyRVLkIjq00A6NXxNglokcCDMhiuMeihDQ==
jyaoVVStBa++4lBfU2gAICJF+QSX+XqpgBtH3M9mZYmdR3umTxM3tfuw54Cf5FLMMx9CYgKd7dbhiOzHlRuE4g==
jyaoVVStBa++4lBfU2gAIF276kYnN5GCpQ++Cd6aLNhJDsc0nLJAfXLW5ky59eNsCyihr2kS4KvJ/TswRLmAhA==
jyaoVVStBa++4lBfU2gAIOfAQjBQd4zEmmU4h+Gty7pqnDvGUxX9Ld1qcnI53p1/nQsKcsWfK4UFE4H++2Of7Q==
jyaoVVStBa++4lBfU2gAIOfAQjBQd4zEmmU4h+Gty7p5TXyU4cgMp0ZWadDfjGMNPTeVfuJeU/Iv+VuKEhJUSg==
jyaoVVStBa++4lBfU2gAIIproC4Hm26/kE+8L20mAvuNCjRsqtJtw9wYdFDT9DhGpU+Uh3RuqzVIY3B+5xq+Cw==
jyaoVVStBa++4lBfU2gAIIproC4Hm26/kE+8L20mAvvyELCW7Da213aW2Y6KuMXTKndTk+wTHgOh76Bw0Puwrg==
jyaoVVStBa++4lBfU2gAIHcJde7UGwiKdp3/N6bTDoms8kXYVAe+IP0nczjYD1vR6GtsuC3GmiyQjQV7akYZsQ==
jyaoVVStBa++4lBfU2gAIM1kqBnIAvmCKuMf9E5dTXJW3Q/3azvhiCe326M8PIjdX1gO4kfKf4koxVI6iqwZew==
jyaoVVStBa++4lBfU2gAIM1kqBnIAvmCKuMf9E5dTXKAhBBUD9IJZ0uZJjId0vbrWfh9rMi8Bt+E1SGsYjrRVQ==
jyaoVVStBa++4lBfU2gAIGMfAcBGTbcrIgII2Bur1rI+apSPPKMiEJxiJYluawl1iT1Y7JbDjNeVsMtgqCMsmQ==
jyaoVVStBa++4lBfU2gAIGMfAcBGTbcrIgII2Bur1rJW1o3p4N7sL7+QuKW/Kw6P8nnSXz5nBv6hv7iYx6i6aQ==
jyaoVVStBa++4lBfU2gAIBu+VwBSD8EOXoJxD+aJgR7uoxk+jjANKkHzv9t7uwSuMrp0Cd42yCh3rBWEUoK+UA==
jyaoVVStBa++4lBfU2gAIEobUBGeTfyT2+dIKn/raoYsWs9pf/ySwgyp+KIyF3R0tCmq9uZaYxalBfgqqH7T3w==
jyaoVVStBa++4lBfU2gAIEobUBGeTfyT2+dIKn/raobErDuWBSVVcmDd5/eScMDf4Z1qjn7TDXvo2g9QpLNw2Q==
jyaoVVStBa++4lBfU2gAIGmZYe8v0nuI1vw8NLbpO94cVQ/NFbX8fp05iLBYB3Qj+HfTJUgCBe9GoqIP2IsUaA==
jyaoVVStBa++4lBfU2gAIGmZYe8v0nuI1vw8NLbpO95IMd1WC+rdph6OHUqVHS8lipmpfBDuXV81uPUaoSzrjg==
