GmcONIA9PFzHw1gpPLLPoqev3ytAH5KO3S/CJpMsylg=
35kyjVfwBJgytCi6KM5Vug==
FNt9orFfFSbPIXNSbXcP2Q==
gE2g7VQeqq0h5MkG44fPUw==
A4ZCFW7RnVRfEnbtNxUDb8VFIQmzxcIFLuiIjRY2q84=
cwgQW1UgxyVfBeSrdwXHsPE1eoSAri+NViVSjTYe4hg=
pYn3RyiaY4vz2unSybTHuw==
mAzeFbkWBGyzJRgEWJSZYQNn44wFaguEUnqkvHVinQw=
NiGef/LGs6v8Em6sqLz1GYGKB0111uCW/TAqgkiW0+w=
2lfNnhNY+w/3xMaMUxJbE0YFT/wvMlSDz8Vrd5FEs18=
jyaoVVStBa++4lBfU2gAINtAkbPEzVOjxWjP2p5y+mSijm/PDrYWXGqLsUra+egA2fL88LLcEGqgliaCDi3cFw==
jyaoVVStBa++4lBfU2gAIMYv9LvZpkAsaorwzpIL2qtt1/p+EzIQ5+iLvZYVidBZiRU8f85Zu2bi4Q0CVO0g5w==
jyaoVVStBa++4lBfU2gAIMYv9LvZpkAsaorwzpIL2qvqMoQyqATI6GrDPnYjeDNP1gC+SKHC/JVqA5g7z5C7Cg==
jyaoVVStBa++4lBfU2gAIBf9LNlZKWle59vkFB+F4ik1MRPv9DSAzam2xI6cfSI8hGpjUpUwqmX/xYmVTCC4Jg==
jyaoVVStBa++4lBfU2gAIBf9LNlZKWle59vkFB+F4ikO2Lhv+4stVEBW+R2lHf7vV6YnKuSvhRKul2JMUbpBkQ==
jyaoVVStBa++4lBfU2gAINzE12sEeFUjtVcogsYdEQTvuyCaipl3HOKW5PbMRVYGHXdDBugUtTKwmAHqNKf78A==
jyaoVVStBa++4lBfU2gAIAAHRv2eP4QJl4yBXMCWNIS+qbPxOSTJIPWykzffXfDAhpXznAkQHtjqQ0WvI5gPOQ==
jyaoVVStBa++4lBfU2gAIAt1Uy1oX7KnJ0PBFDVWDLtEkLEjcnTbJB8Ln2/RuRwo6MEMWGD2F2fKIu7EVmrNvg==
jyaoVVStBa++4lBfU2gAIMNb6gnDghjR8u+eHXVvFHUx/N6LnwhIVe24tsiLF3MQx+vTx5DsUMtwjy3rpYp6Hw==
jyaoVVStBa++4lBfU2gAIA2ZBNvi7qi9aHAyUtiaxGCz1gLmSd4KJddk4g/2k6vNbt7tvWNVdPgPeACCg0hjNA==
jyaoVVStBa++4lBfU2gAIA2ZBNvi7qi9aHAyUtiaxGB7tDYJRlbuXDifPdol4d13aRF4iHeD22ut724LqM/X3A==
jyaoVVStBa++4lBfU2gAIF3/TnK4BDPqa7/1vYDypAXSIqM2T7pznnguIRJROJIu+xMAC632cvxyDlaUI6Emrw==
jyaoVVStBa++4lBfU2gAIF3/TnK4BDPqa7/1vYDypAWDPxJQYTOpWBw//U/GyQUL2vDkg4DORIld3ZKfIDgR4w==
jyaoVVStBa++4lBfU2gAIL0LAerkJMnn8wLbj9tari2cR/qRdfBCuznH3URV5DcB/peA5L6AUBZkeK5qrlh45g==
jyaoVVStBa++4lBfU2gAIOX0ssPQM2vJsp5sgKEpHah11Y1tcuupsa/1pF9Lnyb0TrP0C98Ed7XnOgiIYwcf/g==
jyaoVVStBa++4lBfU2gAIOX0ssPQM2vJsp5sgKEpHagUEsEe7hxrveRi8V8MZSQIqaAj4wH26dg2RV4zOPt+TQ==
jyaoVVStBa++4lBfU2gAIEOGG/phZvzU8Y8JrouC0Vun5jNMkqBvnGi962uMdbYDnQgLsRTgCNeoPNcOlVfI2g==
jyaoVVStBa++4lBfU2gAIEOGG/phZvzU8Y8JrouC0VvFjLXVnfJ6+zPfSNYZL/II/qd1We6lNOmC1XXQqQn9GA==
jyaoVVStBa++4lBfU2gAIIwN/VHxJa1G9fcoCMt3FI7RQgQI7d2+ZjFRIVer887kjVH2wGR6x5bl7ahSYcMgDA==
jyaoVVStBa++4lBfU2gAIIwN/VHxJa1G9fcoCMt3FI7H+3NHdTPaoYtxTfjjXwUcrjt704XReEF+3NcqR8cGLQ==
jyaoVVStBa++4lBfU2gAIIwN/VHxJa1G9fcoCMt3FI6MUj9YMqcWjfOukaWLaNNt9pEgDGyG6pnRLSasFUAi2g==
jyaoVVStBa++4lBfU2gAIIwN/VHxJa1G9fcoCMt3FI60DfFKyPeoLy6AAzKKa3IjsDQ1sawZyhdJGneSvIHbew==
jyaoVVStBa++4lBfU2gAIIwN/VHxJa1G9fcoCMt3FI6N9Ai4N+gfXTS5TVBIFOGmraoRLbGrbgYCaejoXcvrqA==
jyaoVVStBa++4lBfU2gAIKUJwqhuGVmqupwlu9zfSgpkVSLQuB5zmSD8+C7kEDbxVqcC8RW+4c7Znj9VKn5X4Q==
jyaoVVStBa++4lBfU2gAIKUJwqhuGVmqupwlu9zfSgpXbTQqCC1ePklqivrLTkX7m/lBHVldjqXOHwl9vvexLg==
jyaoVVStBa++4lBfU2gAIKUJwqhuGVmqupwlu9zfSgq0dc+IPeFMKvS7fO2TqNc0Okbo3QnxIgQj/YHEMW1BGQ==
jyaoVVStBa++4lBfU2gAIKUJwqhuGVmqupwlu9zfSgojvRKhkgiKtm1VZIGHbt3RxxvWA7Oubx9nTUPiQhbC2w==
jyaoVVStBa++4lBfU2gAINl5bzl3HTA8aPsvtT5hiROVthSxQWSgB0vcUhQSU3s0Zq454YVlvHJ/NLsa8PGMgQ==
jyaoVVStBa++4lBfU2gAINl5bzl3HTA8aPsvtT5hiRPBwMLuELBdk3Yu6TUK9ENpEf3dkSRMGXYARRQFyseDTA==
jyaoVVStBa++4lBfU2gAIFeTFwMIBGV9eK9uUyHf0ECr5vvQ84C9KbOZSP3sPGbnwWaDseePQwIsAACG5mbFyw==
jyaoVVStBa++4lBfU2gAIFeTFwMIBGV9eK9uUyHf0EBSo6JITu/0yDMdKEKG1veWK4uwrxMXfWhWz/2XU+R+6w==
jyaoVVStBa++4lBfU2gAIKbgQdd77wAetYwNjuDvmRl7qNjrEwHlSf0pP3cBYTLN8mvmap1EyRmLi/EXV7Whvw==
jyaoVVStBa++4lBfU2gAIKbgQdd77wAetYwNjuDvmRlAe3gzclaZ6li/l2xCD6yk/HHy8DfhU6hW62xPiJjuzQ==
jyaoVVStBa++4lBfU2gAIDLJKY9ndHQkjdvRAbxWJBXJzt55Heye0mXw6MLmG0qpU5kSm6sJ799omaFek5dyTw==
jyaoVVStBa++4lBfU2gAIDLJKY9ndHQkjdvRAbxWJBXnSHT6e7fOmsxW2jIJQ+vfIslUyGNIDkqsOjUmiGI+xA==
jyaoVVStBa++4lBfU2gAIIlCwtNmfykGWL1UlIN08w6IHzD1WAx+G/IamQ0ItRsUAszkJlM6wgW1WEdXftfG1w==
jyaoVVStBa++4lBfU2gAIIlCwtNmfykGWL1UlIN08w4cjN/e8oBhbl8BI0bb56RhN2YZkRGxb6yFCOKzmqHt9Q==
jyaoVVStBa++4lBfU2gAIN+Qz2Jthp5CASmG7dtdrLFEFz8hcws9ARqrmDh/KaZCdiQalj98we0fOhb7Kr+a4A==
jyaoVVStBa++4lBfU2gAILRbUeSM7IDTnaf5Vqk1PJMpeD7Z9zBh8gTFnKDhd8QT1zSjTupuJX3rYK1yHRFVbQ==
jyaoVVStBa++4lBfU2gAIDRiCtu3zHwJ/CkNE2vFk0wpMRlC8PUJFWMNiNWCcSL9IbjjsPxhjAHifQ9yI0t5mQ==
jyaoVVStBa++4lBfU2gAIGBL1HPrQJVV6Rq0rq20F9D5S7EYvRrcGtWDrrQXSOLbl4V5dp3E0RlpjzSl6jPHnQ==
jyaoVVStBa++4lBfU2gAIEkXaPtchQup52aTy/77JBRAyu/Ku6JOk3MDeE6TwBhvfKnPfST0V8p4NEacG9sflQ==
jyaoVVStBa++4lBfU2gAIEkXaPtchQup52aTy/77JBSyqyw0B9aZdcs40gyShH/Y5tLaqX8uV0sTr24WZOPjOA==
jyaoVVStBa++4lBfU2gAIM67lzWcZi+aea+AP6dsVOI4HPGrQFfwG5PI0gVkTecqWSazcKEg6uVmQ+E/GOOYiw==
jyaoVVStBa++4lBfU2gAIM67lzWcZi+aea+AP6dsVOKuHwXBlshqfF3qCEyw9gfGtK34ucoymHOUP4zNvrFaQQ==
jyaoVVStBa++4lBfU2gAIONGNg+ZaSzPZstr6s/Wt1GjYA2yMbI4WVkBWb2D6CUcMWGFHOLCJRU7LRe2AGj6gw==
jyaoVVStBa++4lBfU2gAIHhEp8ZB1K5/qZHY657ypCgwtSVKXMhZAzXy6oxGhy3CT6mvDtNYGMJuAjHDOyGLtw==
jyaoVVStBa++4lBfU2gAIP7MexPLWb+xUS85mC5gW/4ZCsSe4xbFhlIazPyXN/duDP8FXAfdcDSEyPrrh4aLsw==
jyaoVVStBa++4lBfU2gAIP7MexPLWb+xUS85mC5gW/7JN2zUaaZpzIK3aTqvxjQZqbgdhWthORyqGn0Id6snrQ==
jyaoVVStBa++4lBfU2gAIA8rmRwf9KYX5OTlW39hUnKIXyk5BVU52uopj7VRzw5iHwnFEJYMgT7i5081ElM2FQ==
jyaoVVStBa++4lBfU2gAILPdmmDpsuZehnV7dqJXbHoKkjwzvBM8B4gLRH05bSP7pGC7lv67HfAR1ZieO529Rw==
jyaoVVStBa++4lBfU2gAIMXMbksJSVwXGKyXj8E0lT1iW68BHFJWJOg5X2XdyXNoiKpeBuwA1ID8IjAr0/ipNA==
