GmcONIA9PFzHw1gpPLLPoqev3ytAH5KO3S/CJpMsylg=
35kyjVfwBJgytCi6KM5Vug==
FNt9orFfFSbPIXNSbXcP2Q==
gE2g7VQeqq0h5MkG44fPUw==
A4ZCFW7RnVRfEnbtNxUDb8VFIQmzxcIFLuiIjRY2q84=
cwgQW1UgxyVfBeSrdwXHsPE1eoSAri+NViVSjTYe4hg=
pYn3RyiaY4vz2unSybTHuw==
mAzeFbkWBGyzJRgEWJSZYQNn44wFaguEUnqkvHVinQw=
NiGef/LGs6v8Em6sqLz1GYGKB0111uCW/TAqgkiW0+w=
2lfNnhNY+w/3xMaMUxJbE0YFT/wvMlSDz8Vrd5FEs18=
jyaoVVStBa++4lBfU2gAIKHtMdpbZQf5/n8bmU+3pipLeMCAcEtq/D1Hb5YnswIx4Y6F3tjF0aEoqp4EnXO0tg==
jyaoVVStBa++4lBfU2gAINGKox0KfFaUKsbBiKaDrcHASKdf3a+RJNFOUaqpXIQVLS6WwnWOOArEeJjtWIzl3w==
jyaoVVStBa++4lBfU2gAIBIyxn+60xb+DTn1YQvJNJ0rqy88caETFajQvtXq00ODKbENFRJTmV5u7dxS4d3sxg==
jyaoVVStBa++4lBfU2gAIEoXWqHfoDaLE/hWOKqj7qVqnrmRqj/+sOEDyxRisb9SGQ78iwDRTu9viWBacgEH/w==
jyaoVVStBa++4lBfU2gAIEoXWqHfoDaLE/hWOKqj7qW4+cTfc0tx4gAZeh9GG9mJJcVkLmIqamd2HjoyDR5pDQ==
jyaoVVStBa++4lBfU2gAIEoXWqHfoDaLE/hWOKqj7qXwCVt3Gq9k3Iikx0Ec+g6ekd7u9awTTa0F9xqQlci5/Q==
jyaoVVStBa++4lBfU2gAIEoXWqHfoDaLE/hWOKqj7qX/it/DeF+v/8hoE0ag7LFQv9MvUleMReXWjv0zjAQcGA==
jyaoVVStBa++4lBfU2gAIKROhpI+ItJQysxSlek9ZOsbbVeaEZIZ3S+YzvRCfHyqtJY5w6NDHfCkE53oElV8tw==
jyaoVVStBa++4lBfU2gAIKROhpI+ItJQysxSlek9ZOtMSXjaOVRaOO33DoUSEDKS9Qhuj1rvd2oR0Ir62NiF5Q==
jyaoVVStBa++4lBfU2gAIIOuJ8aa9rAaGK+4ty65jkhrQFS2yqPuPZq1fufLAd7FGfTdNYA5rD5UNH8fPhmayw==
jyaoVVStBa++4lBfU2gAIIOuJ8aa9rAaGK+4ty65jkjyXUCq/iD2/oZK5xLsIRrOflrYQOBSqzQ/LadczpSZ7A==
jyaoVVStBa++4lBfU2gAIIOuJ8aa9rAaGK+4ty65jkjiuRP7okIQCc3hZ69RY0LXyR5N4+g5of9DP8BbnKWdPA==
jyaoVVStBa++4lBfU2gAIK+5TA1KyU5t94Q/CdmR7WBucIj3jvx5TOdroSHr1gdpsOWkDP/lwQJLx2lzu2rwYw==
jyaoVVStBa++4lBfU2gAIK+5TA1KyU5t94Q/CdmR7WBC4wHDHOjmIGNRwDRSF+bE4pGDFbSkfVGorlehsm8cXA==
jyaoVVStBa++4lBfU2gAINGJn3oo//0MS5YfAtNZN4sY0BjCfxp7zXw+LuCDSlIHbKLrxJgHq7ih5XNfqCmYKQ==
jyaoVVStBa++4lBfU2gAINGJn3oo//0MS5YfAtNZN4vRCo8WS0zo1jz9bo7q653SwlmgSjZN31IGBU/2v9MOgQ==
