GmcONIA9PFzHw1gpPLLPoqev3ytAH5KO3S/CJpMsylg=
35kyjVfwBJgytCi6KM5Vug==
FNt9orFfFSbPIXNSbXcP2Q==
gE2g7VQeqq0h5MkG44fPUw==
A4ZCFW7RnVRfEnbtNxUDb8VFIQmzxcIFLuiIjRY2q84=
cwgQW1UgxyVfBeSrdwXHsPE1eoSAri+NViVSjTYe4hg=
pYn3RyiaY4vz2unSybTHuw==
mAzeFbkWBGyzJRgEWJSZYQNn44wFaguEUnqkvHVinQw=
NiGef/LGs6v8Em6sqLz1GYGKB0111uCW/TAqgkiW0+w=
2lfNnhNY+w/3xMaMUxJbE0YFT/wvMlSDz8Vrd5FEs18=
gCLl7Rz2Yb6fSwKzYUOkjVTcGeegtQk0MIPvOEaX8tVd4xqJwtc9z3xb7NYCLmKMnKocxGME8h7cX+wS52Tfe0fK3gdRgKG7f0iqysUyeBUnTV6Dt+Y3OVw7fJMHswDh5jmxFUHPxLDAWByDmORnWgWuVXwg7gT5RAjujLf9SwMNAQaxZj0lToRduCMGU1rbnihRgOIHyrFwjGCPL6m3xw==
sPgkwrnsVDuwir8XVW+Xbv/dcaMoXKdR3VU30rMbsO/v1lI/sElt9xuAHv+CyCsAsTXpIkaPRKoju76g143jog==
kn4mdYLm6MMQlpKDh7Ei1NHAlio4mdIojIByKwWNQWKFqe6xkRyCSLa7ft90vdgbFqlhM2LGxtzwCN9yuga0yrg7fifIsNTNkbig6yL+aJ01UWNqoZEJ2/maFcXhgRGr3wkmX0P80QbjzVZInf+oa2MPyGXI1mh6pbg07KsID12ZXDc3V2TjdWbFFNppeUYiSmp3k/djqUf19O/aB1ISiAKy0jV/w6ltag2aoYACOzjnCdJlA3fuPgnbO2JfxmMy4sAwIGSMrYJ2kkqIY0fBN8QSM+CUNEAHeIs28kxz+wlpIlZD5UZc7rVPPVlgQYnoORsqliuOyRiqcNdU/DmGGEjyRcckQxJ4sHC1FBSCKr8=
gCLl7Rz2Yb6fSwKzYUOkjVTcGeegtQk0MIPvOEaX8tUqnOOV4Ls2KbDhXB7Xre5RLWRp2ie9AgxvN9IUvNzQJbiY7Dq0CiZjj0r0GpaSwgsPBL+IckbGN3ccAyo608UvSpt/Oknh/iet00c7nnxU341UzAkPtwKbeKmgcOlq/FN0Uy49qAqulKq3jBdxDxCEbMWWUf1DofvIc6MaCSGYgA==
kn4mdYLm6MMQlpKDh7Ei1NHAlio4mdIojIByKwWNQWKc1wV9TyoA4rxpiO7wQ/kiW3opwXxKHpR30yrLqBJVTpAyqLRqu5xtcPpA6FtcPPWteL3+zes9SbTfw7z4n63/
sPgkwrnsVDuwir8XVW+Xbm3Unc29SvbjN/Rsq9cC8czpE025qKCAfDCs1nhX3m69VdPr5eiD++F2W7igrd21ghS1JqGYYUK67l2MlCghj2CShvZ9SNn7DE7dpuH4M7If6i0NPSaNsVsLK0IlwEdhRJ6Z2a2tge3fuFRbK8wUpZ0nrSkpqgjK7NMtxovs0Qda+u2jtPHZ+TBSUyJNsyjxuLL3hUIfVhw6xKzL86t6wQA8jdbiKJzLW4OoxXDkcRNx
kn4mdYLm6MMQlpKDh7Ei1NHAlio4mdIojIByKwWNQWJ2f+34szWyLNBxJHStbE18dlisEUlek91qCacHukI7LUaGq4DfCOaDCQGiAlQ8a7nal7jb2fDgD1sD6JLWgZPJzvj13fWBMDlXlFIq8fjlXg==
gCLl7Rz2Yb6fSwKzYUOkjREl3c0qM6YFZWaecuP8tyz36P/uzh655SK5wVBARCZB4bhhq6O3SJ6jSdf954g1VnVuThA69qrogV/zWSYM9mzT89xEPIIF0W4bg93AmL1WZpTKTg90WSZPZ55bAvXTgSgHPHc9OD2jsOA3LxpJuZ1Lqz0QCI+Wd7PhzYwAU4nxWyUNJ8WvMMlYLWMC1XmDnA==
sPgkwrnsVDuwir8XVW+XbqChi+H3nQAy2WB9deADlmVb6mtZeJlsAiJUQasX8ipp0o8ZPMd0NIIUjvvUOT8OhFsMtSuMZKDLwNKiPnDteSD4Hr6kB0qaXcKLCp8BvmPDw87Ya8eGwYzqk3Vc1ndacXILhcqCiZMfFLHkZdHTmHjbeVk64lAjHfqy9RM7OSBCxrjPY/MDMsjh0UEo0hg4CH7GPDuQrAJ6mBhT5tdtAV4=
kn4mdYLm6MMQlpKDh7Ei1NHAlio4mdIojIByKwWNQWLZDpxptKs1OB/xl3CxeXdm1MiYpx14rRM8tdSLhdECEfDmvZHK2NAVKk/8Et3joX7zM+THkjkephSGoqSuKSaAzPGOrNtnwcdWWFt7uU8ZW9OX7ltbGNVqkdPEcx8/E3k=
gCLl7Rz2Yb6fSwKzYUOkjREl3c0qM6YFZWaecuP8tyyMEeHEcwzHMg9H0BXR3Ki0mmqv9Gco6YRNXJHjN31tIKEdKOpZaNGqZoKq6+f6XmKT8/nm0Sd7tvzqDqGZuuULuWYARn+049CdI5iW63P1nXBBxVHigQD18E3CiOT3Ua9UJi/eYjQ6BDDrBhjiySwuFKMwPRukJ9wPivt7YC4oZg==
sPgkwrnsVDuwir8XVW+XbkfMyvFS2IIpyN/ukhEX8bke9PJW44GuKjvBRJXR7Ya47hkfnSZaO8kIlpdK/f+SAx9x1hYcSpyjiRYg4pOOV6iZXHT7axdbkdsxmTneIQjBSe5uWLtwNTnmCgpecG48RjqZlnRiaff8rzA/SnWSHyozcnDpUIijGlMOm0XTx8WyKT3YQjqi4hGX5QkikLZv9iaxBV8VePK4bt+6u8UC7ZndQd7iyYNoZwx79mcNf8vN
kn4mdYLm6MMQlpKDh7Ei1NHAlio4mdIojIByKwWNQWJAia5C8MG6/iC0h3xhCFQTDu4J2teV/sK1dAjV1kLEoGBhbzsk923EIoJLCTPEPxv6UsVCZ0xQ2XwXMD2zssN5mnJLe/JFXyyBNqk+8d7lOg==
gCLl7Rz2Yb6fSwKzYUOkjREl3c0qM6YFZWaecuP8tywzXs2hdGjde9nzWJkLRSv1x++WgQE86if460VCeku8JpFTZa9d4mvxn65YrHUYXXjYc2NNDcDIesyxr6oLnYwngsMBuEnIhxCX7Kkc4C2pfgLzxb7rDlpi3wOVa1G7fJhkmaJaHRtYWgmwsLl5bo1Qh21ptuoMK4JDaK6edHgVKA==
sPgkwrnsVDuwir8XVW+Xbs4LJ7qy2UkqpIa/gXFzBT6B3KvtaS6CzijKNatHsgqUGmMI5X0xqBxbY61LDpt4tvefOWBcZDanYJuyRtKVzcRJ7cs7ZndJ5b7Rg6xc9BO32UPjK/+R7ViKKz+r3gzsfJL1Tar9K+k0v/HFs2CAp/03XUP3nnVGKC4kPkokPZob6uctMb7BEggfJIP8a0JpbROaPUPSaIHQJAA12NkIfcY=
kn4mdYLm6MMQlpKDh7Ei1NHAlio4mdIojIByKwWNQWJIBaMi1tqA2+kL8KLR/gY+aYIAyrA6Di1evmQxoXec1xyZXI7ARcdPMBvCSZCmH4OLuXboGi4zq/fzt2VexG8hAgUQeOhv9VuszOWXgGs4n89anqeNzTPz0iE8UgsO7AM=
gCLl7Rz2Yb6fSwKzYUOkjREl3c0qM6YFZWaecuP8tyxDE2PnDNuqTey1xZnsQWMfY2X4pj6WI1V1jpyFQkkpGJkq0rwZroaRSSqlUOVDfXzGXTvT8cmrexpbi3rX2x6QDswxPLKK4urdydIco0MqQ71RH85keuvTteUX9QBJPbXkngFJW/Flpng7oPJuucCE8GUtZ8+IOqMVaeIT9JO9CQ==
sPgkwrnsVDuwir8XVW+Xbh8FGFJ41Sv9pVNCBxkrMSZYweb5lXR1coPEp5l9IT37uU3UETeSynyJPZ/oI1tiGKW2iqVpDpoKmmdqk3tTe2aJE/e/cdjYsukDzP042Pcze5aJgxclogyk9ykraoyAavSZriAMjffENKd8xAczH8HZRQNGE3boclQy9E0/9+KqgUOyDLq9ZuIuB9VIWyAdQVXqXtjDvyZmQMK5jiwHHt0IgboLyI4KU59b8S8zWdqI
kn4mdYLm6MMQlpKDh7Ei1NHAlio4mdIojIByKwWNQWL3RuHA+jpVKWiUcdqFHYSH3cjL/z6Wf2ERVwgwwoLzgH64MMghsFD/7OKsjjE+rjlZo9MdXwvAo1eNvPgVM5zSu1Sy5V+hgih1nG4/RhoL3PKWsrsY2QFwP/Vij7dU0R8HjDnRullExHtYB3d/+v6f
gCLl7Rz2Yb6fSwKzYUOkjREl3c0qM6YFZWaecuP8tyzEmjjr2R/BZ6njNetotFuUtNcPnHCVnIuNlS3/6RpKL4HopvGYuC8PWgbEAmrs1Rj9YP8kZ5MY8r9AD5kB+dM2MrMS1VOyUSYjfaVUK+fs/G1/5IxJpkpDYOLMyuidLCkVpq2phwAGQcPff+lthbCTm0mAPVcpzTVlRCjwlv+jzw==
sPgkwrnsVDuwir8XVW+XbiANe5mRvmzEJrGNsQdpgIoK5mvjgEsjzLrlxkA4EwWJtOD/tGE2YZd7KsbKz8W3a2yq2Gw8Dk5A/Y3CdFBwqT1/hcg77pwsfrBITv2VgwnM5CzRAeOzQq30NkJVg4iEYRk2OPIsyt+fAc7xztGnCfTWRoNHBK3Rn6Ztlju08H9rOTyo62O94NUNjePSkyAYwjd0pOd0HloVu1m2KJnWLTz+pgSW9ZbcBdQHunhe74wm
kn4mdYLm6MMQlpKDh7Ei1NHAlio4mdIojIByKwWNQWI7cuUkUdZKQa6GXFo5AU/8B8ESjwp3b/D/2gNhZEyS4nMviWyrhx03soDNPDDx1/Imp3diPTqbRSSKLE8fQw7QJetRk2n5aOn1iUvxyph2TQlTNoXYvbAPFvXiKR/hB6w=
gCLl7Rz2Yb6fSwKzYUOkjREl3c0qM6YFZWaecuP8tyx3vTdf6wSY6thimViVtOVMmChjQHWrzZhs7+MQh2WkyjCHUjEdJc3TID+DPc7RMGqR3NKd+q2Wz6iSM0GnJilyqLajyrLXUFAoEUFxr2ieFzOlt9086l6jhmbggRDv3eKxLXuEZkNyVLnRHhXSgh9xfPilEsRhsjjsGI3gJvvzOA==
sPgkwrnsVDuwir8XVW+XbgwtvIpBp0oYWHU8Gm2Smv7JhHjiV+5bjVRYyCkQ/giPlQfY4jJncLtsGQ67VD4HyYfDZxmp0ekMNjHpI0rIzSehmUyVfg/7AlFfebCDmhXx+SJZKJ02xNndsS6O/sV8C/QqyGE4xItc+yDGfh0p4+vpTih+hrBgU5QNFxpJhErj5H+aaBknc3Igo3Q0RBU+N9oNWwsl0ZMy9Hufw6/wWyWQBRkfamIJpV0uJ1kjauGa
kn4mdYLm6MMQlpKDh7Ei1NHAlio4mdIojIByKwWNQWJm7+dKWXjj3qssV+f2aItMHQSlyA9d7Jzk6XyumilFNJVu6QI0AHq2maWuyAbgFI8lS9lAltTlEQZu9NdZTI9bE8FRbq6/M7LTuiByR4mkAj+5pfZggyQSaTQZ0OCSKN+IKGJQOcrg85GalISADZ07
gCLl7Rz2Yb6fSwKzYUOkjREl3c0qM6YFZWaecuP8tywV1gz0ZbntPwmLsYcDmJQcRXqJNqnkrOkPw+0lg27lQL/mGbdDjMK3CSvdNuqk1bTiiBSf8i3j0UwwlZHmRG4VsW0hRu8BKO5LJa6+V9K+NegmiJTs3suN1IBVNBN+80AZs9y2aAoPbaDsZXy/+rcEWyvUPqc0RuTLQ3gi4R8vrA==
sPgkwrnsVDuwir8XVW+Xbrt1/fzDzhWLXcM+SbKtX8wsJla2+psn/kOj+ycehixJq1UA/fsmiYizsrJxei6JIwaMRtVFb0lu/qOmAXbmoouPQMrJM7V4sYF3AHi6qidk9W0f6ZQg2WQ3Y9IayAPZdDcYl8oeFJIklK3eVx8IMecca7ngv8WmGT3+XiR4A+mqkk5YhTxNnLYaExNpWdb6/SJ+cIPWDW9xvGf8N3m0xkleAiSmu/XjBxLDy7CLJ3MQ
kn4mdYLm6MMQlpKDh7Ei1NHAlio4mdIojIByKwWNQWJ/uobg5o1tD6gWP2k4xg6XdEH8adA3f+w3lOusrPjoUYpEtbsBfyiIbRG3A6gS0ZXmuKrnb4BzDGmNJ7tKolqMh9DtJ8pGk6qzo5WEg9GOd50cnnRKTrpQ847YyEHQ3Mk=
gCLl7Rz2Yb6fSwKzYUOkjREl3c0qM6YFZWaecuP8tyzh/n6iYTeO2fapFhCZEXmyKbLNC348uzd/NFI022gIEWNWLN7aS03dbl4rfVvv5tDTV510iV0EyHMyPQvXw5ulky+PqyjH7j8ROvb7Rkxr7iJOmRPPsBuTrPwCnBPCjYu85eFBgjDC5SmNfqtLtBdJK9tHlV6Rj7tJmycGqqSV/Q==
sPgkwrnsVDuwir8XVW+XbrKTIX+8yIQNxQlakw225prBLhpBg97MEA06CnMGOqq1UQap807rbn7847dRKTtPN8nv7SbROVst+A4ljkTEp0hUmvS9tkoFTG/+KoQ7JrM09iT6JFAMlhGmvv/6rWhPKca2/WRcyo5ajB+IY/u6e2dDPVpFAFD/2/NqCn+vVXq8ZpRdVGUAGCdVnLYAcLxAHDjNggSg1nISiHS+J4M4FT9KOnuvX5hYxEUmwtdsE+1k
kn4mdYLm6MMQlpKDh7Ei1NHAlio4mdIojIByKwWNQWKiqqYduokgS6oljgmloi79f63AirkJI5s7zg5L0faJ4Uk/S34Pjsm0aQAQ69vr/L+vcpI9uPq+eS/iCPiQtlbTsxzNJBRrejo7sGVqihHuYA==
gCLl7Rz2Yb6fSwKzYUOkjdCvyiNRv112z5mfnOaE/psm7ts84avzeeSpx9geAch6OMm9E1ugIvs7cN8KMtww8ubpw9/fqk25KD5sr6FKaDy963X2MvDtYM0JxxP3bfoMVibVlLGdbToZe+DfmwEyuyK7urFeuEWUMdDCqwiOyA3YX3QQ6dSwoqbreTjqgzI4b6iLUluaxOQrmnDmNo6bLg==
sPgkwrnsVDuwir8XVW+XbrUMeBG1+ZXyftUKRMU98dQRL/slz4LBGtsZEzCZqaO9hQ1GknLtqtRWd3xzczU0gXS9f0b7awEzbLopHiNMn2rUA+x9hra4kpEvkDKlUXpg7RFbF3q5vNcjlEPVdxVcqXwFsKcFqMvNVWKZQgRGWZ8fzycZdAYLX4d+y4GBLbBsfQqPG0Ucf9wbBAavs2kVCTbifN2GKNFrPwfuYvYRV+Y=
kn4mdYLm6MMQlpKDh7Ei1NHAlio4mdIojIByKwWNQWLPWHgtyt9Lup7WRue0gF06Qg3NyMAEzhP92GkGk2tAcfOzLfhdvvuRGkEXs5suSQo5COdWzF2KsfHfD0PeXMgZyRiJXD6GuLlg3O6xbB5SO95jK17rWlTku4fPLLPtCsg=
gCLl7Rz2Yb6fSwKzYUOkjdCvyiNRv112z5mfnOaE/puIAiTFGOve1f7y2CFUoNRaFBBLFaVMm5Nkp8BL9ix0yR/kkBbbHmKG9UBqtNcB0PwRK9af3xgYp026+wDqWvdgo4owKA263knzZD5PH+LrEqcg/IVh7MQ0rx1jNt6QGnFpTdAK4Aw2CkI0jfNPFSCpXeRvW7RzsX7PWwm5Zhr7ww==
sPgkwrnsVDuwir8XVW+XbnbDUvoNN/kOD4qonR3omTdYa6qWDkSHeW4EjCRUYBfxh/n8gX9l8vVg86YzWe/y2WTqSJMAsN8wSivnFDYw0EtPm2dWYm0p5h8F5j28avmpxD3ER+JA10Q3wM85YQWMbGjUFx1Zt+AOaEVfywC7Br6WpPA5tMyvvbwpi1mCtM5OCaK9VEmJrEu5c+wN2cWSmlyFSdoXwI90bTZS6RvqyBFtAhTc9Xqu5pNp5jwuY7RI
kn4mdYLm6MMQlpKDh7Ei1NHAlio4mdIojIByKwWNQWJrhc7b0IyuY/uinRlTi49Zk3lAvSJc+/ll85NfLWQaLqfCWbnj+d5K2VOdBoMRWTKUksDTETaL0/fU6ZsNmEpL1f1yZ8YOdeFUgUHgJM7J8w==
gCLl7Rz2Yb6fSwKzYUOkjVge8+VyMQ0XQyuSX7627Syo5w6ct+8re/Hl5wwgG5DXs90oiaBwTu9x8AAnjGNAkE+J8Ht4qbfc2fZXOKsFTGiPpCkeGvjN2YmN7FvftjTO414aRRJ0nDG1SgcxhY6Lp3CpzERHHpB8QB4klsW04vC0PODyL23eeeywVEi+ZmDQ0mjZPcX0QX1K0EsejR3AJg==
sPgkwrnsVDuwir8XVW+XbmXZ3e1nj+EV/GY+uksRjezc75+j69hVY8SljJVIbc2Qt7RdhPLk7EV2NSX7Kn9uRE9WJMEF7B9ho3BMCYz5Z0zRSHChk9B3Rd5DGTGAIMTg7FvvqlOG7K38V7iCCsv/dKu0oRGhPG+MWsFjbdqw7Lq8CG3v5U/Xt+/52FhcPuzXZLwp2bavftyIP8WsTiK7qmfynbWfuu0Wa2F4da1sXZY=
kn4mdYLm6MMQlpKDh7Ei1NHAlio4mdIojIByKwWNQWIZ+QKBLErhf9Gu1fYS07mvCVCA8DiTlh4shtzxnoOcKaLH1C0Y7XJqv8oCVgUyAA++ikpZWN0xSqbnBV3eoI4vGfUl+DeDYKdCrE0VwZRFOlCwGiNNRkIKSMi6B9OxH4s=
gCLl7Rz2Yb6fSwKzYUOkjVge8+VyMQ0XQyuSX7627SwX4kkrnNHFL6hKfvUownHExsKgP8vB4iMUauCZ3k+7J0u8jL5qKLuIfF1lGfW95cryEfKfa1YkMd1VSufLQEiM4dvmvdoKR041x33fqoqFEHF+K24t0G7BReJx3xVFBrzxdHWgJXZ6H9FC/9av06Bnqg+YXt8hkuBzbta6MgdBSw==
sPgkwrnsVDuwir8XVW+XbqCUDtjl1WmJjGdIrmKsL9RpMkFQLBzSQU11ehVj5LjUbaY+K84Wv7AntMZvjuu+2kUlcsaT/LvSUq2JMVYjqkg8qiK8bTfP7OqPylDNzW4vWZJs7iy8DM2zUICXZlqVk346dz9mMYeUL332lk3y3qwlHRL824QT3fkbLGyPo7OzeSvhi7E/rf1B7iSdIEFlprspaJd1mPz2D0tLX5sPepfEK7C6N4kvyBS74+RGKETI
kn4mdYLm6MMQlpKDh7Ei1NHAlio4mdIojIByKwWNQWL/FqvKu98GvmYro1wdUtIP/I3D+kCYarAUPV2QZxe2A5v4nIkKhll3BiFRJZEwNr6xXBfeiEhhHdHoH+Cm0XZ1675VRNrQAn2+43q5H3SYCT0Q54TciJD2Cur0VW5TdEzvN5xMfvdOv4DTgeLGeBJy
gCLl7Rz2Yb6fSwKzYUOkjez6HZeAjCYSRY2oGnvFtjV+fD2A3mgxcK95jx9LMvPPvUlKSoqGTChiJhuvp3qWg0Ii4ABrHQjDkHXfcgbYwxvaynkJBAhhI3PvnAzGDmCV+YYHadirZLDGHUZjGegPLoO8TA1A7f7W4q85KVxFkxJMFqjna4ed3p08aVbzE7mAtnSHLeLAR6nwvoZ5LOHjuA==
sPgkwrnsVDuwir8XVW+Xbt1lwTiu51HtgJkLFvbTDNV8Bw9mWspk1/DUpeG8Hl/ChAAlLv9GIZcXZA6K7w5T+9APf6D8owZQg3OOQ9kcQLDfsB+EECMNJiU/r+qGPOCrjyNEJcH13hUgsIDoiYGKJqh1UhQ9r0AsdkMLUH99LJR8KjXLiz8hGopvMY7sXj3e2m65Zezsy0Xm4+S2VOodrGidNO/IK2wnbp6jJuTQs9Oq45PqRzJJq4SbGYzFudYj
kn4mdYLm6MMQlpKDh7Ei1NHAlio4mdIojIByKwWNQWId8+t3GzrWzUnFOGAkF+FkU2yC0NB42ncRHs+eEqgeuhVZut5wS88P9t66y6+WIk8+il2VgESoj5PtTZL3SLQorBeR56KXQOVJN0i3iZ0FKaiFW20c0X1uSMyFstTA1fU=
gCLl7Rz2Yb6fSwKzYUOkjez6HZeAjCYSRY2oGnvFtjVhJcJvt2Zea0o2CjZ3MMFW4YL37I3LpL7xa/zPpzyoNcm9RWbIS8gDhV6IRL+HBhCb1WnRV4shHjQ868yq3LT0uRlvxIV64zOP/kcBI7owW0UQ59DL8c+ECJgjv+3Pu1RoBbrEdR/rvEb2TaK0oxs58dLAvPHRLv7kJu7zZLaUlQ==
sPgkwrnsVDuwir8XVW+XbhZ2G2qUbaLWVt6fYwsMNg1yWzDk72qIl/OnhSSXmXKBAjYZlpvZukTvSNsVJ531Iq8XAUYVbYWMHYk24Fu/HB6EzjbhM6pCfJA31X9MOIfcrqSZ0jEiavCX5HBwg//MZwj6ow/h+OVpgQSHgh4z1jCzQIJqvw507e361Tssu08Z9kZNvJbSOm8HWYlGLw8QHb3KGqMpBBGYNwbMvjdfXZSb2IeEBJz04dqFGZ0yuXQ7
kn4mdYLm6MMQlpKDh7Ei1OoJd2gDC/WF1nGFWgjYs9ET7ukiCYrjMT1OUrQ7KWCiJvSe1CCjIrGbdFzLehllYtW03tSn5sYlyK2gjQW7aRA/qfycbwXGNp0+etsv3knAWmKMfr+WjRyR82eihkkVHn3SXUeA6LSDAY1SdneLouDEA/El4rAlrvSFTewpoXzc
gCLl7Rz2Yb6fSwKzYUOkjZhMfimjJqi58Hy3KzBgmsZaqDmW/6qt199ugeolMeJXhnmQBt0tK8XtqjFNQg9J90YFykGBGs+tDejiihnDb1GCPumdd7rAFSzfk5TyLF/YXKNPumPcPr/HxEdXcBIH2gFLG3DpyOqu3UsbA8ADwgpJHObqj0owG58bjv5hYAkUuxyBmqV0g1QwIDYv4Ib/Ww==
sPgkwrnsVDuwir8XVW+XbjU41wpQK7QAGCXxlY1ezOzgd3oVovrV5+vMlG595GXmPqucytyHEPPWpnQ7biejfmY6mqOkwLYQ6hTlCS64hubzYy0z/vuQmGPdTJ+OZCBQSs9czA5pk2HXoCarw1H5GNYcI6udWUfY/L2QfY7YrkM+uWfNZDbLpHqCaFHbnCWLTmbr7psTFBHfbT47uMHMceCESSE1KWB8b4rJYg+44sj5e4b0zCbL70JIezM9CXKw
kn4mdYLm6MMQlpKDh7Ei1Ie+RAlm1uFNqF9IGspeySecRtGqIb1Zor2jyo3g1ECXj7SFZfrGDCu6gW+0v4hmT3AJx0s1x579fMxurK0cJK6b08tQWvqfSAhDmqVHlSKn0FyxJJzN9dqxZR1YC9ITNxKYuHs9Vod/LrxwxHASIQ4=
gCLl7Rz2Yb6fSwKzYUOkjWg5Gf41JjJv46I2K5X3kBp9oBi20t9wyVxTX7JDvSORqr7X87G9Bmb2zxzrUiGPK9GSlQH679sZUNrgnyqaSHMQjzoxiAmworXKZLdL6WMVLlV/BNU+ovhEDFndZMgLF5ro+IifkBSAClCpsEopqOPWgSCC6sSJo4OYPfNmW67Z02fLu/ZeuRUXte0W+yzHEQ==
sPgkwrnsVDuwir8XVW+XbuTA2d1mt2ySjpI8YagTQXxl8a2J4EhTBn6pZB1lwVxrn0Z1/WkrQt+B8cEqkJKnzbED87zt9W4T3R42888iLV1ppje0cRYuga1mOyskmarymCLPPnRFhAgHem4FnRl4zV/v7Fcgo6cnn/CVPnb2r8AL5Erqq67YOzvQF2ysSmwDWFvJ1TNmpqas6MjE6Koh+6zL+pSbACi8mtUJ9GHjPplWfgfoyEaWeC8qB1gnNZ/4
kn4mdYLm6MMQlpKDh7Ei1F0iHXi9BHfWOsY97NlHEy5cfgwLekUnwPbeUeFPxPCz76Z4nBa6qYjMeHGocQ45eCypu0e0BttfdFy1f5u4XZ1VsdDOtajGwDAfK1gdhPW68rXGkkvutVcYBgcTCj6xKg==
gCLl7Rz2Yb6fSwKzYUOkjWXc9YVBA6vTQjX/FhDuocV4rcxK6ti8oYoWlBVMqI0dAFVluJnkRUH2M14FF31GJCC6aTYlMJNffaW2Qx8CSuHOX6SRhfsb1CZAmXmCkKA7q97wdzmiaAXz8mfImVF7JzCB4Wgy8uxQW25OuvDcJtDDpWKZdZcmoYS3N/EUbuyFsyWMARfcbv2SKxgUPnVp1A==
sPgkwrnsVDuwir8XVW+Xbh2wC0CHr67/XJEVI/T2f86PctNrc+PpxldjPnk9E2pihD2Lb6X4k1CxLv7UxVLMmsquDuQxvHBd7ZmYSUd/koZ9iX8qauBBbLVN/mCER8Y6l+E3VBvsx30I71pR4jjXL6CWue74AQYuxlBLy2knLt5E9Wes9kZXME/ZWGVPUPS3LandFBeBPobd52g3HfaSdorodXkCbQWro435mxbyDgs=
kn4mdYLm6MMQlpKDh7Ei1F0iHXi9BHfWOsY97NlHEy4y6w/lVmHUGS6AUj6vZ2wdz1HyVnr/mKTr9dP9v4aaTGmEedUzwDCjj/O2NLxughpHbVd0DNCKeRsKayHUQoczuVp8++dQRN237ZXHEGCae2Hrd/3eQROe3ckvY9721BU=
gCLl7Rz2Yb6fSwKzYUOkjWXc9YVBA6vTQjX/FhDuocVvMtexj14IhxvPb6Kgr5UpiwFWueuolE5U6AR5kyzVuDTDIJrtTvEB3uRbKT85GYMKixp51HjyvWI7ONWYwnkhDYEkwLTdSzV1YuUGgXWEB12asvJsiCkV82qumRNGg7ajjXQNw5pc32JuD+DPsrj3qGv0BCHeySSUITQd15yyEg==
sPgkwrnsVDuwir8XVW+XbpT1AZ5bUoJQMYKWvmovrFOsnAHwPkmXMmhsYKYJxOuFt1gy+1Nzd8wQ83gmQ/cfnkv0vxsi6B6UqxxmwighaOzPxHv13mTlcqQ2N4ejxDCX040hOa0EwLncgd706T7MihzNkU/GKJOWnYLegt/6HisnSpDETR3l4Y14cRgZLoE+R9XUJ+9CIjQefLmJX80CzYGe9eTV5nJVgApLeIv9QczSYM7ePMXKGE7qvvtD2+fN
kn4mdYLm6MMQlpKDh7Ei1F0iHXi9BHfWOsY97NlHEy4dIMTj6SSrfDeoKiAW6E1kvkWr+FNuIjlxua1jjFxtkH6UJD23LaB+mHS5KAypbjomOaEpU4dgMk+a5diQJQU4RCmrzN24JbfteUXInnGNsA==
gCLl7Rz2Yb6fSwKzYUOkjZBynQa8670qQLI3ngWI6xhyEilPk1s9h6JLyizua/SGq0Yx7Lm71MOojOotLT72qH1klPlR0YWjfRwzaRtn3OcfSvHg4oKLLsU1JhOKTjYyw0oc7T6Vswp98anW9/0eQHlIO+9+6B+o2yLJvjwwNOcUuyB4KoleE2z2qtXpLzYuKscIWs8+faqIvZLCGCYw1Q==
sPgkwrnsVDuwir8XVW+XbrgyHFErh5lTpgpUNe1CxzpL3UOIEcr5CbcHwc/+RKRFxR6zIPjP3CLWPqBmRutimqhNVdm4izuFgjkk3RKZsbIr0pMOI4gzfUCQFsPOkAiZWZNnj+ViTyBjTxSECwSrIUuZ3ImK31YcIyd4PoD19vrrfSc9YKWjFLD9Nn/1KmjVicozNE2o+6N0aTcXN/q28sRFMT966CBiqV+VHsiFu9w=
kn4mdYLm6MMQlpKDh7Ei1F0iHXi9BHfWOsY97NlHEy7UCl2lkWlBbRaoajM/mfOCyTKdg5rnEIYOwooaae3s8iaeNcgtaLu7fBEXxELz97/bCTSFdoTpiazWF5rJ1t0FYPw/xlDdZBxO2VFdyLH+H0eIHoRiGzBJqLmIj5jBYGs=
gCLl7Rz2Yb6fSwKzYUOkjZBynQa8670qQLI3ngWI6xgpb0zL+9tamd6r563V6AFfqL3gZYBg64YHFw+xfALaHt5QKHazQC7TIeUycnZkjlosR2ofC0cd9Jm8E3qBYMQ+pwCGlhIlzCdH9HXzIpOe2NeR+DrsQVCBTQUYr+BhiGmZpQoEWRDzOBLmNSU7Hp8ROQQDBltIED0Uhvxd57L4uQ==
sPgkwrnsVDuwir8XVW+XbkMmZgMVxfTAzkVuW2u5g58/VNz5A9O7VxXuFpbTELEkEpFdO0XOGlv8JLOYAzT0zeY5Q3ME63OoRZMPAj9bCTScMlmHfp9tJzpXbwxas+j5GypGEQ/Pk9VArNRL5xTUvw10q1mN+WkaCbA0P/aTQtqjhKLT7iu7IzFk9O//vbHVmhjHN3ldU56p1VgbDOZ7tenfnjkyfrB0qi7pV1aGr2TTOZPuUD+fPf1aXT2azU/3
kn4mdYLm6MMQlpKDh7Ei1OM/WD5nxGYoMhpc+fpg4WeUEX/ozfBuMl0W2r3cDmDUsCuh9JduczHuhU4kMF3Wj+PeQslETbmTUnYLA1n8k/2lCmHrBd0nxO2zwFWG6mUd3GBqKUW0J3eGmo7wciJUi0qnJHCPpeMFyrWHp3rRg4UZqLCqkUFN8nAbM7lBqDK8
gCLl7Rz2Yb6fSwKzYUOkjRtQZVEhyVK/lMC/QOtACj8S7Bx4wcZGeHbjq9JyOMhq25Pij2kj9AdiiwxXA4sjl1GwWOsYtD3JsCJmFB2wdPDFMjdiuIqVvZQJ02UHbERdaz5XbUHIEY3JJhnmKRTInv1BXTf23+VKTpiZq4Cn8sclY2sew3mm/CI4q0ddc6vugCTwtzDJnH03cQc41dkoeQ==
sPgkwrnsVDuwir8XVW+XbjI+AyHltoamohcYTSeu1aBaREVrovM8PiCUDGV+yap21FaAb6xqpqNOnVUlj0WqZycSve9hwp7PbwRrHJLjzB1Lx98T/x3OcMoIGp4mqKKDuVYIXtdHDtEDiyR7bHhY6elz6viqnRfqWp5Ui3KHWtbAaPpiwzMotPVYhhbFOEl5T3QyharoMmqNB39Xj5gl30oULkCLBSMUKvJ8hq0hrURfzBssc8xK11TfFqN4QlCh
kn4mdYLm6MMQlpKDh7Ei1OM/WD5nxGYoMhpc+fpg4Wc3ZtLV0L88F6fhK2YHh7A1HV+XV3+M7/vaeZE+8yxGslkZT1tzn3YDVP0+qpHKMenS7hUV0gEz8KY/LNbzHKe3L1DrqAODkCwOaEn3qWRnmnSPcqfjZCA+32w2FcagspQ=
gCLl7Rz2Yb6fSwKzYUOkjRtQZVEhyVK/lMC/QOtACj/hjG7Uly6NaCmZGWgOeaXc6HhZ8vMTzhSZj/ouiyz56cDUYxkdUWONaxkX5wdPxDhPv8th0jzrt5XOQTXqo2uqfKab0gSWjIE9vLQdj9gbD5HlHI4ZtKr4aM0w5S8sPZOu7c+U4saZxjGsTfDSClG7pXH/mfAKlq5Rus5HlCedIg==
sPgkwrnsVDuwir8XVW+XbuaQMbK0jw3qWTV537VjvzBVh6ZJsq4i66yJpppB/dlgSrHE0eHKqoGOaJ/uF2BufsMy43KeAIQLY536ECU+rRbpaaRp9KqdetHLahzyvsIfsKwA6H+2hB84ViNFnxRklOq4SsHT2uMczfoWan0+XeZPobjkrWC6GXRkU30tAdUmUChy2WeqFwDvIllj0cx6AgailJ/9qt2/xpnfz2CnaefSJclbbJv2EFOERJSrLgrG
kn4mdYLm6MMQlpKDh7Ei1Mmp4wPQt/1eLXE2Gd13DChKXognpY5FEJ4PGB2dm36itoGMXuq5xvijpM1x1/+6S3nKH1lbTsp37sIaoWLTh75IJmUxt4iZOIr2b3vrOOL8XvhvBfXHfRM7ccPkCR12A2NuI0QOVP5QDB6n0xhKiyKDsOQVRFaoF8QTIEWElfbO
gCLl7Rz2Yb6fSwKzYUOkjch1VCEp1RgNKdx1uQk4+fcdpQ6DV2cRo5Bdrf8HF50F+ulqKQe+hVgjyOZGVJViKny4lnlf3OmNc2sVC8nD6YJz3FaP+3numHABTo0xPskRxpNr6nCEknYqNz20UdLRTz3DnKb7ed/EIOs0RP8cPipE2ugkkCiVHci8OnE6N5bK6YkigjEl5MsYqsO1yiGRcw==
sPgkwrnsVDuwir8XVW+XbnPqjMLd9wwZw0grzZzrhQOdF58O2iEsE9GB6aGrJpGGioiRpV63BxIKOEwtxOyWLQsmVzyGygM9TkNSJxR6mKYlv3z1pmcXgOVHvO0RBPow0BzJllJ8ynd/VSnGybyfoR7m/swWJKJZmQ/HPu01YfmTGNXLFXTnpa0sYLpfXpYEwHWK7YH0gwICMVQLxEznHcnEfyy7ZoZVAhh9TTBJoE4L+cdBN8efryMKNGRao2WH
kn4mdYLm6MMQlpKDh7Ei1Bx5jYZYBKh6tXbB1EIajZcm1asiIuvDAyfb59ba6WYzxsvmQgPOYIe8Vy047mCnx5RogSeRfy8dALRj7OZq5/nYHcNYcCzZP3MTye7g+o5oV6mDi1pOxA41jedgtEuwmBs7+qkyZAAMAUdHY1Qri9RqYoOJkX0WhbZbMGGEa9MJ2gMTtIDuRsVMfvzT/M6ykw==
gCLl7Rz2Yb6fSwKzYUOkjaqOTDKl7qjSwf9/a4hZ2IrsPbjZ6ahqAbmKBr/LsVOceTAYTbsISV3UktyuRay0aM0y2Dj5hp3zouIxY17r7QPgkDALrpYhp+Bsyz5BLScjlaluxdMN4zhgiF2EvCTxZ5SNFaQ+uzuq3e/5knQekzLWmBjZ2JtWkp1pHSBYlLEssKQrA3p9UsqsXL/odePhkA==
sPgkwrnsVDuwir8XVW+XbqcSNHZOWz2py0wkx5FuGup685opuxrvhdWgcoHFjdsaKXSqXT/2PMZKWOYDB6AASX8oKkffuQeky9n+13XR000IOYLv6+I2HwM/hbVbf8AFVS1jCuMyPrUdfjFYyZosnAmxtVYzTtnYGUw38vhrrkZcXQdoZLtTan5FIw/ZuJHNS6zA+C/FXDh5dphhfXxMZcSrbSuc6dC3PdxEuYCVTCWRyJMpuembm9MYqdQmp+Mo/ddLqIro+0MteikuMI9QJQ==
sPgkwrnsVDuwir8XVW+Xbhqyba/3sru9zBXBC0E2JIq7bGxV8EmRGyKO/0fS1q/scWYarNSwpml1C+RzD/xGM4KIrB6XYr643wqwpNhMF5oGUdlRWe52N0vMSODhb6uoXRsYTpNVv7+0i/NjTp6DaWGVLBzg8mGgl9JHWxqCn2bk/HpvnDgVkldeG/wDU5ZmX3NWtUI2MRrVSfv+RRsNBMEdfbzLNWbY6MB0gh02tVKm/u0Ww1xoyvVLY9AU3wJC9FZF4/FJo9wxwZK5j96UrclOzfojqAcqmTURoG/YbArY31plst3zWgrr4DxZfq0v
sPgkwrnsVDuwir8XVW+XbuZMbIWbmKxlml11Uiz+eawNAPvOutgj0WE+gi8BJlJhO9cp/cNIAHT9c8WmCVUFDXWgLZqjo0aWoRA1mckA0IFaE3vSuJGBTDVc8I9F3w8bhOVtbuOhwqZmQNxNMWYcfkdWYCYTO8qaceMGE0JZlgWbu7VKEt7Le0kVFY9u/4N6hKPy4xN/RyqVFP6XVAzgMCE96evxDPBk5lB0MM2QxVdVXhVZxaCQE652PzrdpYKssA7uGpohUdXWJ8vtxRPb0Ctl/JoRF5Eqkd6HhmnwkcQKn68jtRzh5yegx3Rf8BVu
kn4mdYLm6MMQlpKDh7Ei1Bx5jYZYBKh6tXbB1EIajZdp3WBRzqgCbz6t8S8U2G1Pj72dkAlDVVkNUzD8K+nC+w1Qg1KBbqW116FD+Ur51SEK6TMZIAdGj+pYWNECvDe1GAGWFlkIEo3jQNtU2rPjtmDLgU7oAKsQmlSBJox6zJv50wx+kQqeWxUkHVsfk7vF
gCLl7Rz2Yb6fSwKzYUOkjULe+7Ouw0SY9oTDECGhezqZ0MNM2N3vLKPCkPdKGcXArPLjXb0TtUguHaKPP2S6rOiPgYO4Yspddf6cMBRBmZR1lAgRjpEwIQCVSppooUM3NFaKP+DCwCrNgpNz8D1LnR8GXfs0+rZuD8HGKneS0BjX+ZxgdqeQs+J9vRrHZnRFBSr+1Q46Shct8RavZysKdQ==
sPgkwrnsVDuwir8XVW+Xbo/WTsw8qhktHinFlLD3P37nUJfsl+WIN28l3bTasNuLzS8ypI89iIYxvh2BCR6hPmqfxkXR5IVGr53wSCiy9Nq1ru+3NqYD3PHlXkmxyk0Coi0MqsFgNIBr+cbjQ6dkASoL9efnV9t2oJH512yTYNE+9AABcVkkQOyx6usRmII+QnT8IaRWmAjkBYcmtco/5Dnb+wjbC4P7D4c4C30Z9eCluIrZGD0ZcAgNlibl7jfd5J11yzPgtSzESfxc6O6R/7CCv7X5EQ1uUG47QDjVvdQLhQKouBXb+uWGfxU0YOIq
kn4mdYLm6MMQlpKDh7Ei1Bx5jYZYBKh6tXbB1EIajZdlBpTgWR+23dtCwSfQfItRWg31FqIx6VO3wmTIKvRZOxIb+jiRm/Xv+Fm+GrTjYLI735gYbufBEv7zniIu6R8O9mSR0ZAkuiry02HKmFDFhOj9xv2KNNkN+HCWKhXNfKTv69X0y37UB8kGFJM2g6GYCsF53d2Ekze7FN3PukTEsw==
gCLl7Rz2Yb6fSwKzYUOkjULe+7Ouw0SY9oTDECGhezrKYos0qFdPUsgTyW+sTk+ijaYGKmQLzrPRSSXnE+nKde3cgXMPHHIsjXhCzrkhI0dL84mhg12oTYyB5HHSpAl9I80g0OEr3LYmabbEHpvYFR5n5rw/ByaHuEGNXtHI/It2RSvopQiiHhoLkx9Hguu8zXb/OrOuyhIoKviHIOzFOw==
sPgkwrnsVDuwir8XVW+XbrdGxDbNpolih63b4q23Ee6RpcUG4SNRAsf177G6hcRV4XIm+PI/c4lBgGQlLvhJA0Wm8BZbP4DHGRtEToeBMI6iKDJoPr6cWMjRHveqtt8q5Cela4tSN2qXtl6/pPB3QmDDXiBZyZSNmS4Q6stuELHwO9NKe58PQHw4YWJC3flyJeHkItVqCVSC46VIaIfAYtvjefngGSFju5U/TfcEgTYS4GFw/G0p5UkeVkdINgsSwVQ+gvhEyAm/VNRCoY4BVSQxLcoYIzOtWRWsgutl6qtbvPvkg9sP4JAmYLcUf7cl
kn4mdYLm6MMQlpKDh7Ei1Bx5jYZYBKh6tXbB1EIajZdOJu8n/Q9/UOHp1Icyw0piSvU1uz+zloSyl2fC0fU9r5xsuQNSFKlkTMwLeHXZga3IVAvj3WHaskhQhaGTjv2z/9AdtvKJdHfwdfvqo1/3sDMRrAF+k+mvFKXa5tRGMPCouUNSmx67gR94BqbF0Ibd7hEHxOuSe2V1CSsE5NdFu74KHoBPSqK0Z7T+eH+XWLw=
gCLl7Rz2Yb6fSwKzYUOkjULe+7Ouw0SY9oTDECGhezraPuSK/q3KRP3BfGUdQ3TQZ+a9yfjrc+daBJ0+/sI+MAelCf5+wOB0mSAhoJ9RD0ty0othA7096UFmDdAHH0X+0rZ12alrXVkYdOqxZhx5bh9I5AzVIjjEu0NYmZCPBDk231UAuTwfHT9176zWU7H94MLBDIeKy9dYeRs/4/ienw==
sPgkwrnsVDuwir8XVW+XbkyIKo1zeEIZMPw8Yqx3U+CuKO6uet74DfjTlXxtZ8uFgekgYaFzFWueFqlVFnD81S5OVdEZ2Q3p+mEUdqVyaSYb57qc3IHhUrEHzdW1eGdH7cLvLP78oihApO21lqmneeIKc3oY/PHHWE2sBJRWhHYEhQ8Zse+eacAc1GnNKQCV5PNY8iZ8YJ4HSmStrTmZE7sV9gkMjuOsJrZ5FDq5FSEEqRHufoqnvAaB15p9pqLwVi9sF1LXOSR3vgw/cL8fYvJNPx3T7rdwxt1j0sFK3Z44FkXT32SED24DNDL1PHnuS5vkdDbAPimFEuy7BLI7Yg==
sPgkwrnsVDuwir8XVW+Xbt/Ao3Fu2EZ9RzowCY0WUfAI+wjWqb/6Tdxi7v6vCrlZEBOVJdRGhVUWsRZksS35zbaFjSk3kyJIxQcAzV2bk3jg/bSO/KVke9xamfW50YukTfnDm6sCnYOByb6w4ZwzSIgFo4zfGRd0Fe/ojWVitvBr93sAfpEtHnMuc61j6szJh5o/tY48JsNdRUHb1LZEigzoHHQQAt2as459fuTgIJSDWbJNCt1nBr0QLwQ8lG9zfiBA+u6SFfFL9i2eKh1GwHL80akFvAx0bi5PVhJSzvPq2sPD4FZCbUIH/3SXjFJKv4waUspl40FP6LGdosVqdA==
kn4mdYLm6MMQlpKDh7Ei1Bx5jYZYBKh6tXbB1EIajZdshqe4L1qdiWD+pnpHM6e3+P7dq8c2DnJGNvZkQeJlt5uOZ8hFEObD0QSg3az2YPT1mOu7OnH4j+hIU+LKxDKhwcpTlhmsYOCIdp82WKB7yiheBfDF8O2OUjw1LgwQ8jGOyfUvFs9WJosSYm4aYWYZWfdtffMDBvTVLA1FWAX5xrkzOwA6cfD2fnG1l135eZEWgo+woRDDFOvcevMxI9UF
gCLl7Rz2Yb6fSwKzYUOkjRwjUCa9GzInjUrV+TUoq1745CdR+owhAIiQ1dO7i0rMRzi5YWK7mNHtVdIu/z9uNNM+92BMEiQcqKcNgWjC0tkgh0x9QltBZ+Act8hEs2PlTC4XxFmhdNLJM03abf5KPqLP9369DzQiMlTqnU9gmWmFwdWCMpYSfOLeHSqKq85dPhMl4jwzEFhr48rMsGUu3A==
sPgkwrnsVDuwir8XVW+XbjNCtHCdgmDE05KG00ma2pExfaWqdq5aYMAYnQZvg59xE2vt9NX5zKvqqRptRXasUQAQBGUm/4q2SySBao26w7K0NR/GFN8+4qrJI7xLHUGDkwwVpsTT12fMh0DisDeiMeAjTzEBxrYMeE2se0rf8+EhITYk2QBN8qxZ9/ANizQHhmVKNRlkaaFmREOacbyKaHDQGxmh85H53AefYC5nWYG7uD+vabDhELfu0B8rFryf/7kA//Ebv5vnatAIJ+lK/rmrZtTkfKJ9iRef99sXjsWnfTwbhbxl/4D3X9o/KY/O98kPjuNI2hRJr7mXFOXM/g==
kn4mdYLm6MMQlpKDh7Ei1Bx5jYZYBKh6tXbB1EIajZcalDHNEWjphbXv5k7dZa8bHxG1nep9WMxL7VPymiYg7+YxktUDtuWmb+5AKp5nVSfwqMBwpuyUu4dBevZx8XegX0T5Q+5H6Vr8w5oU5elwPEyy4IHeAJs1nJaSBnFVMN9LXZ/ZhgB2T1CyT8nE4S2YNsKV3tRkyms1bM2izOr9nsihKqlq55PzQljOBoOkVmc=
gCLl7Rz2Yb6fSwKzYUOkjRwjUCa9GzInjUrV+TUoq17Xl4azHA+5M0p3Kg0JJAn2tGYJCbr3FnOuJDE+Kt3DUv8Z0UxRs8iLd4vuW9nFI5WQQiIxk4PO7tvHJxe6qt7sCCf+iWttb8nYZrlJnhxqetD81Y96VDEMADZMWaNTI1dNbTi/83bagFXXFW09MeyEtOPv1Sc/K5YP5QlSakEvHw==
sPgkwrnsVDuwir8XVW+Xbn0nqkEOQTX14EOXZmKGfrjslrP1f4mnpwriB9gMKuQhwtp7phw+SqRlrTtK6glRPXYS+H6Krm7ApF/b7rbCVgDMCS0D9w3PwJVBVsxeKzMrrXCQ6+GvwMdOHnqPV03vENjwBA5sl9sihIMiex4PKFrXN4EtBkyYib4jH6A7o2NK5qfUtv2r1CdNKWD1zaKsGIYSka9vBkhYHRQnSJZBd8DFbXS/nZUktTcpU9j9rtFHS3YFkbfJGYLaKw58HRKfefiGM2/72+DOwo7cuzrcTdbhIk+Bv8tgfDgj4dCcpqdYt6veFjxKZbqsOGIvytXcqw==
kn4mdYLm6MMQlpKDh7Ei1Bx5jYZYBKh6tXbB1EIajZeRbodWOVUaiL+1vs5RcBf7QwmLq6fVsUTgIn1wjFXcsHOBL1C7o/9qqg1jHp3gskeoBVGyoRVUDp27DAU9JjJ+H1zjGTDJOC2nq5r0y9Q3vnW/o4lctmwRNEwjzzqnLZDMXwsLVkvjht1JfBq58GV5htlkrYoiEyE8RkVkn1c3qQ==
gCLl7Rz2Yb6fSwKzYUOkjS/iPtSebUFguQPyuSyDr1O6N78BHq6u2a8EtwZde1xkLgBuKNw3x/sKosX3J/TFb2eqGVx1lYN7LIc+iIpFpbVV0uh8+kO0rKWakWyuzHcucbp8MJ30uxjDRvdQNJl6XGltQXhgXbX5qS95WZZDEPVnpxR8QeBzWw0A1ZOHKH339GmkSThq/JtVkzJgFWOVhg==
sPgkwrnsVDuwir8XVW+Xbhq2yGH/iU/zAb4rdA4qQ7aVQsBI38l9yTQJJj2ZbHiRcOjao4MmlOs9csn0GRmZcAVAgPXZUnGBFlb0wAHoH/OeSou/x/ZQVM3KByblCBkr5AKNeS7TZCfML/YYFrkJx31iQ8LfHE4cPXH2TsT+nd6C9anPuUD0DjRkqOn7kIEDp+EblPebDUP5KYTttikZImuFF/AQoEJour4o1YmXkHypjUeyeNcIX/TYod/TMBnuwUbE5fxKq8jozFsoeyyXqNOGutlZnU+V7/Ee4rLD5xlGPUbjb7gNrzcln4kBHXlJ
sPgkwrnsVDuwir8XVW+XbrLpNDhnO6CTPvDGHJx/fYzkSEUopnQ/wtD8kIAJcXKamjMzifY2JJmfWuNFXVe8IJlcX1oIHsqm7KVasBZR0WbY4SBycE8/ooMIzpK965dMXrNWxWUHFe2kB5ZvfjVI5ezf1IEfPL9KOMpA0PDCHFFcThyr0a/xjUQef8hbm8fcE47xN/kSfOiAFqRiJGpTgo5rv7JD0Vhrkky6Zd54HFzDBDBkDIiTXlOKJX8VO2awJ2yw0d5W2LEPBxV/iWOPrQ==
kn4mdYLm6MMQlpKDh7Ei1Bx5jYZYBKh6tXbB1EIajZf7TJdkpP3mN8MbzpTVgNr8F2Q8ryo8+w3xzx9fUwW5hZV7Jjd2oeZ0MkMUTe27BoYQJv2vTaWOd9mCebKyaqUQJaF2w0FHSZ23+8fCaOpdU/0cJU7SQWAKPggSQEiY1VI4XFcNzUTrSgW0OW9fYzJA
gCLl7Rz2Yb6fSwKzYUOkjS/iPtSebUFguQPyuSyDr1OfpGRmSeFks9lIllqr75GDbJWRfztw4e1J+d7jqW+j52+zGPSE/FgeytxqLr5bnlm7bvBgD+xLVqup12IVqhFqBOIM3yPaapqLsxVoyJbbhnhwMxMBxxqDobW+HervzEnKeskZoL//0oQjNBYgi63k/wFjQRCOTwr6IFW5IQuAFA==
sPgkwrnsVDuwir8XVW+XbgPpitcw3rB2aLeRXIWGuTiCN/HFMhHTyAQbFuIyqvdz4JDjOPSv3xIrj656z0EMrGCHzRNpMYiqv2TAYG1VoiHaOvXkFsgu3iAnvt8TkMmq4j9ZsFhYA14IJYKimZCNHeZYcU8hANavbK3D6KF7H5Z89eKtlB8DsNTScyZCZea2A4obrPxiXu1JW5vP6N+s/cL4PTIXndjveEHAusKXbdOH2+vAxWCe5GqW73cwcrWPlfBRp6LM2gF8Gc7PljwHPQ==
sPgkwrnsVDuwir8XVW+XbgcEIWUz4TQomIa0U08TdAF5iUvErkXKkXjNotpSLHq8YndqFZz+jRWp296Ngc7hMq5oZhMBikMVNhil5bj5U4P2ocsnyehKChVJLkHIEc7Gm+B+szbV9dQK7e0Wqhc8pJDR5WJgXBME4Mrk2Sbd6tBOWV6qpsc68iAbzvD+/SNUYetiQ1jqKApIFa1u/9UBvZea1H8sb+6ToJrgieqjjp1bs/Iff/NlUeCtU3dLBZAlwUOXl1dQ5IgsmqUK2K0x63imSnbWjsVbvDsoSYe4wNghBUFyEo/lxIO3PMa7mTlD
kn4mdYLm6MMQlpKDh7Ei1Bx5jYZYBKh6tXbB1EIajZdVZPFvGOUABKxdC+Vuwj3RCzieOmFxuNBGKT87VdMIuJ3/z2X3UhIu2hkfS5N81SHLgspENbhmdCT6oqx9M1+GrJZpll7dYZkcjfiP6LmXj0TJga9ZpnxAE2cN7oGJtmRAXbEIhmgXY475ent+BqWigXU6o/3BeDHJOTB924Q87Q==
gCLl7Rz2Yb6fSwKzYUOkjW19Uyy6noVLfIICXDhUUD7i9iS9zQiif56rRZaTCvnUkDICyhw2B7YcPz4oFXIKyIs3/M7e76tX2SrvoaslH8LMOdkBqqMjiMobS614DOH+i6Ii3nSGCny2bnvHoaZgLEnj/DXChuDJlCVN8wJlGeOCDpx0vQRquXqdihyJeOvUDa9oWZkwdEJ98UDn/moY0Q==
sPgkwrnsVDuwir8XVW+Xbofqp3fWq1RTHis/Es0OCwxp8Npy97SnH1WdM7lxRfDQBAWz21V7aFwbLJMLzBkuAEtS4DD4z80NcpfHxUyGKZiJMRixxaIInzT/AsAtxx546aPch1nlm7vUAscc2dvUKePWv72QaqCxLeOhxtG3BAc0/cweiMizKTDm81fkJDa5ZlCvlBS81AQ2bksZLZI2r8sUlhOgYpW50l3lqSwbgcgvWQvXqftz1VHLblCQg6UURkGjICMLl07terRGmgcVjDcMjcgDdPuPoA5m2cvoW8KHxuxaAbeJ4nzgtBpDeC/hhIuPW4fUwnApbKiEpCrIF/yl4/X8bcIbyVBl8tPrauQE76j/eaz7HZoun1y9+VoA
sPgkwrnsVDuwir8XVW+XbnEHYAP+JYtBx2AyUgE1UhGumUxTczY2rZzqP9Hsq7xMxp+O+jrh7MAk6ednFaubC47C5Sk0ySnWet+hrmuRCJTA2wV4FsNDyL3QhTbl1ENZlbxTvi6JhN/CWXO6zR1iiUhBEoQmckdx++G9I6vCIMAXdILTN9pII2Ze9bWQCD5GXkoh36UozRF7nRxqbYh/4Fmq4DlZMHkCSBQoKfzQDvC6cpIRu9FjQjNfG86D4oRurH7VY0IUXVpLpyEykyuujDkyDUlynAl6dULpA2ZrbBSTt8KrxcG+4nlg+iaMDqC+
sPgkwrnsVDuwir8XVW+Xbjh8KnWmj4RMQTx3be54vFwM3jnsyfQifdzb4zDBjEwCg/+9B0SlO4WpWK5sWWA0qUqYNzTIHEiktvSvuvIamiy0tQEJNUqC61CBpl3nwXmpPrfFEKizDiqV8OhYvrHAl4szHozd256ctVxzFo3XW/NrfA68o0nzV4R9yMwV4qg3QlS3NXgTiLjpAA8NAi+7hQWfs7RkRdk22wMcikykvazcnABOr00e36/7Aag72uXWjrTK/T1xo2qFhUrEBEAmrV0+TN3U0Br9Xpw8bX4xPzc=
kn4mdYLm6MMQlpKDh7Ei1Bx5jYZYBKh6tXbB1EIajZeJVMBe7YYDlGmE1r+3hSzPp/P5xdgFpYJ43fEeX5N4n+SWS8poc+nL02GNlK0H57xkF8eknDShGnC9TFsKYdii6YKmvw/t2uk+26Z3/KMAeIAqcFZ85qMAireuckWCGORvaOTve0fP1fA+Dh70QWP6
gCLl7Rz2Yb6fSwKzYUOkje75EXuJDMuw0oOHOOjttdd2ngAm8DnyATTCSBVSWcTXr14RZqmSrGKwYH0YcVfgsP+QwH4L71bqXCwh3I95N2Z0+1dOhtKggOI8J+USBYMx8cdfuSqhnG0TJyrcPDCQtRK3kZaNj8xx0CZgs2Du+GCGaXWqIGJvs6YXT/kwaNFa6YJShZXkhoRyHbN0kGtIGQ==
sPgkwrnsVDuwir8XVW+XbvqqBtT6f1h9ja3Ptl/rEFROwi+gr1/Bc1/TpqDROyGlYt7R22R52ZRMvwE1PsqPhA2QDIguJ83odb1MTYfzsQkUCSkGwkrYaaj/5B0Ya44X2oo5AjSRU8xM50kQ3gKiGGKTGrEpzsJ5AEi569qt62GiyJ8GLKZiR7bjHsHh0vk+htsfsv0YIj7Yi9PKYNvxSVqIeHJTaMY7CFmh1NXcMRVcs8Yw8UjCqDkP2OgZsOcZTY8CGOTr703bwB/RYtrlxQ==
gCLl7Rz2Yb6fSwKzYUOkjWdTCYdxiBokfSqCbEO55awkAf+B5Gyx4GiwpjQ6ggH7bydh1L9STCcrGjx7Aw+3nfeRUOfoO+3wQI2U+wqSsICiZJzCcfU0gMRo3S6UjPDwrbt+lZpOU900GwG8EqFGdcoi6a3DqKNz7AnLm7uCr08LN+oL6H8weqxNUOq2HubD/+j0dleBCU1DcOcNUdIq0Q==
sPgkwrnsVDuwir8XVW+XbpR5ayv58hqZ1HP7B5vJpDEQvdFEa/oSKpw+kQAoEG2W+AdZgcWm5eSjIXBo0822bQ==
kn4mdYLm6MMQlpKDh7Ei1H5BV1oZXLQQ6xzyuGW085rnbVkXa2L1IXYfjACC1ccumRz82oygg6QTEVyCQ8umDCkWVZkH1AJG5TZ31gqPW8f9S2EVGHn+88S1oJUDibgj0gD2n+mFDChBGpe9oMLabUcxET/J+dGK2ueecfLgBhD3f1wpl6zUoEYLOjNdAzxF2PmcW8xXCIZZG7zkRfeWjYTZ1tDEwvFtC5wsXl9cj6/GMYSArqH7kGhKEqRryd+pUgy4QQn53LVKxGjzbWB18sSL1odTvlkUK+rL6Yi71PZmq4fm/+QFQ1JTs90+2q7Tn/OJGxEE0O4+oWTetIyl+Y7r31H8Z2ZqbwRlKVAv7aQ=
gCLl7Rz2Yb6fSwKzYUOkjWdTCYdxiBokfSqCbEO55awH2t3kL7e0XTrXdAcEvpVLkhlI6crY5f8XTvLyzCTlaZDukLEV3eVYpm/zEicpHqj79D3f75Ef7RtG+9ijKRcdQtIAjKW1yrf3kHgF+1JPKroDxCJdoQpEwFr1ODUCeoarZubBowWdUmZeuio+QdfgFKj6k2hwmWbOmyZZksB5bw==
kn4mdYLm6MMQlpKDh7Ei1H5BV1oZXLQQ6xzyuGW085rcpokNsYCqZKePZM7N5ebyStcdv+FTfPEQ/phCJxHiDl2I9ZNVK5VSdQhmVZcXHbCds/pa9xosmGzwtvvU0Pbj
sPgkwrnsVDuwir8XVW+XbpEPEiMfLsOP2wZu91LiFiv6SHxpEEirzANhSuT0OLen15kL7soaWO7gzmGvX6FpSLGQLvW/+7um4IDo80+/RCDNGao84K40x3pgDgU0NPepB/ZrQfmNa0IE7hOb9JNKcqI0MKe+PfJcrswonh3l95RsILrj/uqtYc7Y4fP1FOHWDaN8mFsSk9IYjmTkYMJ2r/CGxszoFoV8sm8vlUoYdaBl8ygKgVnH7bb8ZBi90an3
kn4mdYLm6MMQlpKDh7Ei1H5BV1oZXLQQ6xzyuGW085qiar/NtZKOVwWI5Ip/o3Zi8ngpz+AsCOj+axZgoIwBsZokKMowskey/6iU2qfomqxk9j+C+KJMU9nHffv1Fy5iw5S5jmOXxI/N/BEEvIjqgQ==
gCLl7Rz2Yb6fSwKzYUOkjXA1KqL5E07diDbyZUJWodgcvaV6c/5d54ceZ6k+VDKRlJ//GIM4xvMhPmsPac6eE9+TvNTIBNA+8yORiX0KuUo0J0XAQEp5S91eo1OCAbEO9UcTNjQVFP7RktimWLQ08GgvugMUO5NjLa/GwwI/c3NW5IGPs40lWUi088OqR5r14r4wchMX+3E2rmQNxQLkvw==
sPgkwrnsVDuwir8XVW+XbkECRZHGlyQAgxrw9zairmzjqAHHwxn6D2LcmQMkQ3a5pi95XLfXKqTEAhWDvqfAOfdlsBwXtoJUNESEpYmB4KxFfxUNEziKXY4Ls9yOlHcR0Os5J86me7BbQIVFvGFn+0IlPfi0v0zyiwMl098ScDvlO4Hib+1eCYV7bLQJywmjzPIQILBZqYFqH5BwjXVZGF+iBV5zIXO+BVzU5tDnqhI=
kn4mdYLm6MMQlpKDh7Ei1H5BV1oZXLQQ6xzyuGW085qkA2NsPycAUPJVvCrCYTbunDouQ0g97bmX+YkuXRrCVzItOUv7ZoUQz+XFL88kki7vGcauRqs9XckBkb/xHXraYff3OjYEC8ZhL5RWCT1MeeZsuNKqI89Llk638iEfPjo=
gCLl7Rz2Yb6fSwKzYUOkjXA1KqL5E07diDbyZUJWodj8IFo8aO+BAWGyADUGKKBGWfbnYmwtr4ZQkKAXuWs4C4TP9mGLuVWHJSGmNahB+qLX/uF1PpEVJXJFXFL0JDtIgNwzMyjut7JkBUoV5L2+jPwbaOMCGCqoLilec430hvAZg48pMPz8Q45LwxQlrshPKOGUurYB4Oz3PLX1eBNXlw==
sPgkwrnsVDuwir8XVW+Xbpv9Qdi8tf7WEGYmJO02yRiyg+wxUCKKh/n+V/Vol1zIr308UF3FyxJ/w1FV/dXU4RN6r385MPL2+QjPrWoa7z7+s6dxzqsh6umKlP8WQEFHizi2lf9MZoEGjT1Mka1/j4GL/hp8zOvlyLidPEwCuoJs5dXwaEW4lDbb0OX53gT0Butz9IEVkipmAi2z8CB/LuaDJItaZC2pZBQlodrmESV/Wb3oGUncvu2103YcwA44
kn4mdYLm6MMQlpKDh7Ei1H5BV1oZXLQQ6xzyuGW085puvkD3SwloavZPQT4yPKaSHga4t3N7e0/RIwCYWzlc6kRSgd3Zr+IA0isFKHEaG4shIbwtLf5ZOHSmXL/CZkP75hCYmS1hsGkJjtWF3r3SPQcTMAvZaJm8grB4uJk8ImxEIQ/G6moRzWH18GTy1wju
gCLl7Rz2Yb6fSwKzYUOkjXA1KqL5E07diDbyZUJWodhdklBavupZpt+qVDvrLyjP7mHIjrnhVMLQcpbkvjuYhUTfRAvpzZPIRPuGQUF/1pjnz88D8oR7P4cDVpkZ0+yB8vZqYzEmkCZpTjq+SrVOTNw4L/RhJsXH1dip4XVkLpmw8STAxurKXpfSEB9ey3Z65FUHS9Lkl1gvclx5MUyKgw==
sPgkwrnsVDuwir8XVW+XbvAakUcSTjQwEIMQIoQp49WpktKjZqNN2Agqe572EV6T5rGXnZtLn4kcptjWs4+2mX44kYULrVsQOy9A8aR08rull8Sttpa8f8XcRA1Y/ZkosrR1dwC6ONxFpsx8D1niw6D162cypoPcpAyMsDPtLiAFUHQaLoS9QKWmNWBxVTsJzTbd/KsH2g685j5it53DiHVuSVBf+gPEJZxYXRWBmLm70squyVBbXc6bPvUuCws6
kn4mdYLm6MMQlpKDh7Ei1H5BV1oZXLQQ6xzyuGW085ozoP9piIWX5LplxBl7OogcNSK6nP2tpPs0Ogu3b24ZX/SwjDuJfhEAEM7ZAK5jBu6hlY5nb+Qtzp9dZPX6SVSeQxO0cP9kEGlMS2VNRGGhfd5Rkzy6CBMOJFzZ2Eykids=
gCLl7Rz2Yb6fSwKzYUOkjXA1KqL5E07diDbyZUJWodgAMGaep76gG+fUL5yeC86lkQbV54gnjmgw4/acBFwF5hGDOigz6tQGl2UzPLyz475/gRy8TAAckSDR9H3Vd/S1zS0ENHhCdlOwTzBa2ObwH/O3yhjFQhwj14lJvsU4sV+Ks50kY5QXhewQYCx0/PUSZTFs9JcFUQuP6RB6LZx2qg==
sPgkwrnsVDuwir8XVW+Xbh+eMgjOYRHT46HeX7XCEhygLQnYMPxloJZxaTjZolTmiL8n/VcvT/Vx1gxAeBcdGtczIUMJn6/pMxDwWWFNgctcre8+RbJMyOdobATBF0mtgoh0eaMv/XCE8Ei+PAVqDghyGaMHOl65rZ5zL/sA/oGgryfuJHUzfhXW/3llyqfijREE0pRpAbRJcyR9OxIukjEaU72QqgtSucTvSZC22M8semnYTHurpYbTJKG2zm5d
kn4mdYLm6MMQlpKDh7Ei1H5BV1oZXLQQ6xzyuGW085qAKs+JpJ0YhW7ccCw2N4YoLsC+kY03ljoiC0wp+rj2k2L/31ZJurqprXWGZArP94WpfWLUDcuNlxboeSCglGpiyNq8ocFzCbPRAPQszXp/LeylOh1Anql7p66qhvzZvBJiDIP2qzDr5xHqVzxlJZy+
gCLl7Rz2Yb6fSwKzYUOkjXA1KqL5E07diDbyZUJWodjOQpRND5VlRtFtF4CGnWlAOS+CgHo06G2PL3mKMapVCAlHYmguUnOX8cjIf3vVWaH3pu2Jwa6zLcZdb61WsKQvlJ2yNLUr+cj6RgmR2Py30UUxsVBHzXBCENQ+PSIuv35ihHgRPZfr1rfy942Iz34OsdScBJueGBNKCk6ixYYOww==
sPgkwrnsVDuwir8XVW+XbtcYyV7l9F8FOhNyJ92uiyk7ugduWdZGmAjVw2vDTP2SbEe4BRP+qkatADzm+WFwd/eOfTaQlhhOQzCvEOPNoPgRqPYleWgUIDZvyFRY6HK3VQiZzZqFsjLagAKk1PBbPvUEjUg5ZqsWn00TZnsH6Oaz2n7KzVIN4V7lAwrrott1ImODagsdPyhU3KMCkJtcSIhAm10BjU3KsdeoRr+/37LA5+SadmtyHLvCp3gTLoaX
kn4mdYLm6MMQlpKDh7Ei1H5BV1oZXLQQ6xzyuGW085oAopTdOdmydrSSb0mMZmUVuoN25D9S5sLolRh7rYOJnTHaHrBXnznBRw7SM/nt0F2ivoJyZXjlKrw8kM/RMO0ZhZ5mwcO7RCcy0Hu04kug+LjLMlk48rdaht5CjT4CcFQ=
gCLl7Rz2Yb6fSwKzYUOkjXA1KqL5E07diDbyZUJWodhXxknRKc47YYVW+UVqJ1sq4lGh95a2qoia4F2pa7EffvugzQlhz1UB+eUSFHMZrQfQJuSCFRq0zprTSD/c6cMuaBTEePyqcbLkzk1f8rwNwuoBJTXZnT7JkKeVACUilIb+YbDgE5N8bjGH4JY01QD7F4Q6pEfvqlQ0ZzT+npFl8g==
sPgkwrnsVDuwir8XVW+XbgQfSJBfC4l4hvT3cwbwYqFp+k0K3yki5zugT4jVWISLGuoJuBvPNh+W1OjDqcVnHrYEP/J5IUrBAO+AaYLBnBiKElZD4kQTiB/65da+ZzgzVMB4OAPVWT/Np/sqENubpTOKXk4xSsjEKe1Tyv8l8U4rT14mvy6OBbVEUFuwqmFxKk/cwQIiDGBjHqw3vPmtCcpnUVFnyaEszDHdPy2JOcvhsSkXNzaxfCT/z9eYIXG0
kn4mdYLm6MMQlpKDh7Ei1H5BV1oZXLQQ6xzyuGW085rGU47PMIvnhRJ9jNzMdSjO8mkAo/JhKdBJMe1ZRiJ81BAudTxrqpVenAjN7DKaOjQaWITOgnJf8HdpeAEKFXSfnRRVWoR8no3zac170I2r8g==
gCLl7Rz2Yb6fSwKzYUOkjUVv3Tb5ugcZK/6clFdXcZ5JWm6FG6wjknRKgUXlXlSWAgmv7xH9XP1gAxonbDg5ipgJBcidgVWkyA9ml9VjEtexvzevpl/+PZwJD5a8HQp94NMmZ5UsCnDdfKQqAQ7wZAHdnQx5c1Ibab6+XtPnOctSuyjU13X0lKLBL9PQTRxl3qglWDb4Nwxu5B0ijxgUZg==
sPgkwrnsVDuwir8XVW+XbqtEI1zKae50iRfdTD+cUt1T/oEqQYP6GVqnFo0EK85/PJUZsR6NyxW1qW6ULEXFVKaxvgxiOyXz2ganhvzmZMiFJcRhIKH9qLagDE0oe2r9v2cs+RjAaqrqKftB0De580f8DCuwzxiAjv1dZo/5JMveEsALK/R/1Se/Hse34nS4+rL42vqJU8Pw3dexwbAYQwLcnpSsrqigeZCT8m1fMCs=
kn4mdYLm6MMQlpKDh7Ei1H5BV1oZXLQQ6xzyuGW085oKZOeq594cupo2+0rbhCp/BXCrQBkavbe1Apxuec6n/cdbQQBpzFdPgmWAREMMyBu1w8jJRLSUsnASaLWdHKWd34eM5AGR3aD0SvxM3G3zz/rdLdJpGgTtiUvd0ycEJ3g=
gCLl7Rz2Yb6fSwKzYUOkjUVv3Tb5ugcZK/6clFdXcZ51eRI2e1IEOkI2RLldNHa9wh3ePmfwhFBDCfyzqirSoWw2L/cl8N9OysYrVwgw07y1AmW1NgHQXvqBQf1H0PqKTotzohWuNQ0eL9lSQOC5dDXEVp4nzacOY769q3nNY+MnZfmEIE1x3eGmKmnfcH/Am1/ByCmjk2adI8vtV42rsg==
sPgkwrnsVDuwir8XVW+XbicuX1abLJ3sc1QDw7fVvYaKM+08gnJeosqDfqNHBrXWoMw0/P6XPkS7gYpq8Xe0/QqgP9S3KwFBQ+iuO8oRhBLqOe0klQqtVbdqOvx2o1vY3ZGcA2zylsY5bOEQVuab/SqmXITAbRiMQNG2MsPEZffBRd/Sshi4fMVd94G5bT1BCWLHSK0d+KkbNkqd/R7taQg47sXpMY3RLNRQwKYECXfmYXI/Hb0cN1Jge+8M6zQd
kn4mdYLm6MMQlpKDh7Ei1H5BV1oZXLQQ6xzyuGW085pA0tRF0jqNg4LOYYClfm43o4sW5zDfvdBV8tEo0erDT/RDt2byx8Xn5aoS1gBNaWzeSzp5s4F5LCUWaOd632y8oa52Dt9mNkEIPVBTO2kTb5TO8V81kwT8W6PxwObt+fV0roB0ldccPLRxDamQ+xhR
gCLl7Rz2Yb6fSwKzYUOkjbdiwI5znfltuXscG65a/gVGMgxDK+ex+V/UIUFY2olkQDXUGkvKP9JJ5ugVNkPjinTFgfUxuuqvUMWNUKA+ILz9e49R6JTDTV7PfTnDSVaV+rw0CrZZbjcEYFRPisOVMBWCr42ESkEwVN2vOfzfh0/wzaVtPE/YgTHa/ulbOsH/T91ljO7HoWCYIGnCghmzfQ==
sPgkwrnsVDuwir8XVW+XbiMZli3ubSw8oysfl1fWYvJ7BnwMrkRKSlFbg4j7gs4H3UQbpK0YNZQVvP+H9vO18YIDgJDqj4ghs8lexFSYoDSrT9/It1EMDVbkaQ9ukFqBmwuY//YCtJvjRzB4tL27fXornn/MfxQxaMhE0UIxIPKo9AVLOx7wEiJm0AMotYX59rQyme6VmpHwscTsWtKuQqFGONQTm/Q5gwCceE9loVKVoQA2moX/sRPEccap1wxw
kn4mdYLm6MMQlpKDh7Ei1H5BV1oZXLQQ6xzyuGW085qDYEEyRiSVUe5pbN2OWDYtC3gUCWDPg8nCZLOmiDtwv7gcmvbuNnkIcss07rQmCF6RyhrpHVLsCPzvFMgPWJPYTUqwv1DgCtMJ6uyQYpUJRht4qkra66aux1+Qysz0h/E=
gCLl7Rz2Yb6fSwKzYUOkjbdiwI5znfltuXscG65a/gWeA51xlotmvuM+laB7qqhq1HGOff4ai+xktMeF+668N/T6z1UeDF7/r16/saYMhguEE5T5W5pjo9ciX4OpTyGX9WJoJja9gNobGOjpgMq6fZg6Z9XvXzqCulMWaohpNWdhy+mYUcp1G37fhzucm2jjcOqTYreF6Up0/07lDbS1wg==
sPgkwrnsVDuwir8XVW+Xbl3V7Ppyp7yEpQ9VmEupqTaycDCwvp7+qxQs6MVVNomFTCeVvbVlcqpvTiX1qa8jLTdT4ONEPzaplUyumF3+KP6YezseomkSAcPViIFxJv8UXJqeJFTEW/WEYdXJqZjD0Lct8ThNrU5ySMWXshaF23pZtHM38KF36IWoipdOKqvauXJX60CD1S7D7iKjIRvgkhf++2g3K9lAowwnLP14P6tb3prLWr4qHxjnGWKTc98U
kn4mdYLm6MMQlpKDh7Ei1KWVY6omAT5yMGznekRQnqjWB0mpf9rjovLBDGoJV51S0oN62g4Dncd5X652bTmBCG5PBPrVhy03W7R/srRKGkQ7Xn2TRvSTzY+AEMJRaVm1pEFdJskmmggCsg1oUH5yVOXtpsaNtuSRrysKAZX8TkzwBefwnmDJ9rXyjza5N+7/
gCLl7Rz2Yb6fSwKzYUOkjUN8x2+ItxJFh59Ff9RxlxO+rT/OZ/s/CejyBk4YInXEPEM1LeKUwTxRMS/FAUJrVIIE3qAYd8NaG2eXlnDBzSXNRmi2qFoDjyMhjn5cT+CALmJ2OHowOc1FQ96WoFNBFjKS9pYKx3tSuA9Tc+3xzpC6QEtUFml8W6RrnAlXPLfhdAR5O/zhJ9O9xjJQsGdlWQ==
sPgkwrnsVDuwir8XVW+XbgVBtlNHwzF0bq51zL2z0awLezAC38SfdTdgSIHjnw4t55Gqr0hvnOycfM5PMGWqD6z7fU2F51H5IfM6qkeP3RsqHFk5FsmizKAEVLUjmWTJs5Z8AuNWN2mVLJidTInadmH1pmJd9aTxRqH3OQOHKZO2Ed382E/kdUbjxKpjmm6MYusduXSuaCGYWQJnIpdLieMRh8Y5B8W1UHFRt8BvrGL3IwFSASf+ElAWxDpyPiLRhyAEYXZaU5Fye6UwzWxibQ==
sPgkwrnsVDuwir8XVW+XbsJKbrabmTdH6zVe3zhRX1BEiOIuLB2APjUsB/Jtil8lD9339+oet8TbXB81v3sp9RRyNRjRp9kIxErLEFFxF27c2rHUpyEAC+U9KBAAf/AouiGRJQ3n+Di0M/fLqXSNBCTE7yMpbnhXEmhEc9WOHW3W3hOfzi5qHej3kCZATEeB5hTBeuxScb5imRFDM5DM2sCOfZgyYAD3gnD9CvCJ/qoyZS4AHLovbTbPwTaBonn0HeAhtrWMC1Nxz8Evsf8zEQ==
kn4mdYLm6MMQlpKDh7Ei1L/Khdnr2yvgvIb1e2J3xETkLm+RpLxLt+YKbKAJITGVhTSjv8IKPNdoQguVv7ybGbmnJ2G8QoTJlVnrVK4fmRfEJn6M6AUyGNAhw9G+ZTDQwGhUns7ZIJotrilR/uz9G+qGmtWRMJA+Zv5hSmWpUJg=
gCLl7Rz2Yb6fSwKzYUOkjRcAKFG7TSueLTBsFLWsG5nivQQS9TS/o5EuHR1Y3baK9seY5e65sPito2sPY+8CKTQ1+o1LGOrxtRToPJUgCcDMB8Y6d/9y40dEr8R2xrdbm8ygpIVAarYpAkY+ObNKXvjk7tvDRIQoeDPtJ/eCERJcBX2/KGjunk00FZYMOQUxNf9scfYY+KcyjCOBSpSmyQ==
sPgkwrnsVDuwir8XVW+XboTaqNxLryO+tOTUJhogenXp/in53rCSO2FuJA68pDEUyZFFnCI+tjo9cHPnYAfcoSa8ZGCXnM8Qpwsi/6tYyq6JIxeo5zXWPPjr/OPvCvpFk/niVIsof8aOLO3tB0HxlkFY6XYxxoENP4F2xoWsZYyrR9wc2FIX9GHk9UlBmJPsOZJDwVZjpb6N5bVsj5XFqyCPtwICeVllUwXesbeWaTwHLsRdjMH+TZMpVJDDr12X
kn4mdYLm6MMQlpKDh7Ei1L/Khdnr2yvgvIb1e2J3xEQrFB7O0KlFTs6ct1CH6klfK5qEsMA5s3R+QfHbT23Omk4NLpQr+W/M0nnbLLsRTse0gqcKmrZDbn/ywpyWIwypFZVL0oMvEPFEiKGV7h7I9NX+PcTuzIEZ6mJdMeTY6CiaFGnklavDTMP/87MSRnIb
gCLl7Rz2Yb6fSwKzYUOkjRcAKFG7TSueLTBsFLWsG5lHn6hh8m1LoZEMeLX7gz5H2hPaErISzWH7XH9zdRxYgmY+rHEBjNT3jbn+zgvV4xHRn5GtqfaJUB4F4+yiHfesQwWM+KN3x5GchtuvPu905q8aNIYqpywI/bV9FWOxTWqQhHOWUvpWUT0Ax/0fID7ccVwdEONt9TLtTPPA0/dARQ==
sPgkwrnsVDuwir8XVW+XbgxKfZ878nT21kSFiCiAbHGj4ycVDKBJdfmds0k7HgXcZCYhRQdgJMgBXqvuZFFbq3q8dh3GW2n4J7JH3t7VOICl/ggKjBTX/R9F0rf+hQBPZJn420xv15dw3x4xfHMsb5dWtfFXOj/HpAZjGAad1MiLEzrUw0GiRrLQg8x88eEe0w5nTsphNVwvfWssA/IejKa1tVt1IeAorqZ5qpuM2mIe2FC9M8ZuDJLcPEAftUVD8rF7QTNsbEDSsdCPABXPDQ==
sPgkwrnsVDuwir8XVW+XbrmXhral75dqmwzYWKIuZsT5dbA+5AmIrMCtZJRGqX6HEZqmn1c+d4HWT8R5GF0JMtk0PhrauNIuy7hFhf6OhwQ0wK/I+Ufd1sKV3Q+KYlGNZf6Q6CIxZqNy4VNEYkU+2rWR+iiuUBBCngDzusCod+/dbRA9tt8AOFzsFJJ5jqmBnfqIkPPdkTYsE+BMhmphrHCPxDAjVDAcCGxcGUimAI1ckLWfuop+VGQi39Oj3IM2y9WTaq9LFu+lpEnjxwSj8iv7cYrpsb59CRgaNzbpd6plV7CbcdVHHRZg6Rwsp5nd
kn4mdYLm6MMQlpKDh7Ei1L/Khdnr2yvgvIb1e2J3xET1G88nMelYJv0nhSxr9tshZqyhJIZY9wGV8K5avjwymgIiraxrEZQCdKSry483vwwuSUH1JTl6qyUwR0fQUrIOcvoub6FaxIgaoRDx52CM1IoSnZBoaiSqYkyPFZ5uwXFEQ+1IQghrleLdpCw2OGQCEyY0KoNumt86jvfXyWBegg==
gCLl7Rz2Yb6fSwKzYUOkjbSKFKlc7Vw1KMl2m+rdszd1U6Xu+iL1prRnxoLdv3Ry+maotDvp2jEuEaTWA7max7DALWZElH6PXFo+facgV3kn9NYfxTpFMwcd/lErA7S+iFDbAk1UcpLZoxj7ygWn/wRpRBTOmCPsaym7MrG6hmExA+KsqMQOt9MgttDLkQhhF7GK3Mihd2OCC6M8qxtE3A==
sPgkwrnsVDuwir8XVW+Xbhh9gx/dLvO23YByrIsUZO6pEPSB1gc2T0pgWO5G/uBFgnthuKwBCw6uigGcTS6ng7feiJS3qjCvFCStKLzu2naPgezHtT4ZZ8nMpFqvulgdLebfUnXLaPPbE/HrqRaUsMx2tiJGJ6z+ODAR6JZMHSSYU6L/gNh75MXYs9UBXWv/zVucu7iDUDnmz1CdGpQBLoFVOI7aGvrVvRcopTHvpWWhSnFbvADLE3OjBHk2xo1kYSWWLGNAWmy1vHSJzdfxQJYh7t1xGfrgK1/jhVLwdlK1xXM+DDR1C6Y3gUevYRxWQ3hi34k13QrrRRnHCZvcljLEraFvRHIUZ92S2u1cPVM/QqTFzgnLeuvrkdp5zP1p
sPgkwrnsVDuwir8XVW+XboQPBpQrQM/cVkYIb+0D6c0uBZDKkQ00nDgrDLyO9UG5p6cE2jIlZ7FbRTaj/CrL93tpvpogQkPwT4Dm7CqJZ5xYIIJ3h2/WPgwxWB724NnlWTXQvFWeokAbr5NBLfNyRbh4Yu59UuW6J+7Shy/jioFvhoFt/yvb7FSOYwBJvhl/PvdahM/6vR29LE51KCoTE8i4sOJrvfuHcilm0TYCoj8ov+bblO8EOwH/NiYzTAfgRD6Luz1cV0TM8x3W76uWwsNlblbJs1yvYJVBvYQBEz6Z6IYo5/JBrZ5zjHVbtaFD
sPgkwrnsVDuwir8XVW+XbohOC4rK0D62ftbw+gwbu1c9CJS0WcyeaXUEd3Nf16khR16Z5Awx49VDjkU7FIt12IjIOyMO1kK4vkNmS2L2nSdO0DijcVDh+9l898b3eWlavsh+9vSUh221cX0yJV31ijIEnofKuxI1ohlumMFMlJlI75miUffm/eGBtA3bZQfp0L0h68QKLRX4Z6aG5Be6KB0JS/Y5dTj5F+wyZ4VBG296UzJJ0O/BqPuRyrK5hm6sK84HW7ZJIhIRjLFus++WPCEyk+B2ZAwI65ORugwo5ZM=
kn4mdYLm6MMQlpKDh7Ei1L/Khdnr2yvgvIb1e2J3xET5e+nZCFGMwdcWjUpQDePAfOAv0cWGxLp8uqk3nHF+/aHShf7z5KNSrx04SLtZlnNmSCyB0qJz5LVm00FSuGRJofWLVVeZy0357JFr9ylr6zd2AF/2RR3KilUH7HjTje33ktTEmKVEIK+M25qkhVEf
gCLl7Rz2Yb6fSwKzYUOkjVBTv+on+EUoYm0nSbg20YiuqN45p0xGMrHb6pCBob38COZOV12Csifk++gssKVNxj1spzpEPIt2YeT2YNkuh/q9SOF+3HEjs6yorQjjaREPk6BOfTcT0WjxbEpDl1gFJWS2zzPUBNO+sEQmacWeAbPxsw6v2BB3KHGQQqj8FilFY0pSfaALWeXqbulFtI8thw==
sPgkwrnsVDuwir8XVW+Xbut6COr+Q9OkUx85o8telawIYtM9JLKFgn/cmPeuLF/NTf/4WxiZJK8Kps5f+dsPXWGV8VIhJHX5RjuHgJz/qIzDFA/HvnpPeu3Vm3XHVJPGmgzjSlemH7pOhGCrhPnQx3eiiKJXlp+ij4Rgq2sA1XJAaRg9e9W6XAp4tx9xzcXChzlm0bMOMv9NjE8UauiImxm2bebSqzrJVc9ku9bzgu37ssjMV0Dzb4Du3bQYmdzexqPMAE0uXamuxmNLRs8JLQ==
sPgkwrnsVDuwir8XVW+XboP1M22OmC+OxDp6E1135Cg8jBQEbaSB0iuEs5BXq5UexgRvTlPFi5t+r14Ndm5gHhIQb1Gf9oIKwmYFKeLXMPJBZ7klDmeCJZBpMrzNf0Z4i0/aqDsbjijMD1L4KGo9m6geMBufLjTVnq8ysMfFQjj1yKzM1tcUDhV7XJtMvNTskq/B9FxFLEpoX+mQlhUpRmEv9jA/X4FJTomdmq6ROwGOTAcSdIKWs3rrYBI2b2NyPI9cmvYISuVi62CVjpNB/TkAkUDTI5tVIchXr2ZM1baTWnSw3cpirmsVV8bESJs4
kn4mdYLm6MMQlpKDh7Ei1L/Khdnr2yvgvIb1e2J3xEStZSmpn8IjPHGFy2liTTrF4bMYzrYiGgv2c++0fGlPAEYRhfoFvI5Fv4aVQdyfrbAcLFl2lN8jpxYvhqX//VMvlj5l6tdXAhHYsnSJfnPlvUJjUDYiGlgqi0vHAt1/qpomtxKTjvrMedatqHB4YW/wkKotK1QRNqt05hmE0MVAqQ==
gCLl7Rz2Yb6fSwKzYUOkjWvizSB0zjJJXKh2vQ6I43O5Ld34b8bZaLkCMpHTDekZRq/4Go6rMVT7pFa4oH7+qkJflHq7bg/po956cqBBqJrVUUts4KxgQ8ziUD7j6YyG5qlE0bJGGlD7xDB37I+jcQWssZ7BKvYb0j1i1y0E7nxxnZkUrfEPzajIjufawsSFis329IXmZBbgQxmBuUHBBg==
sPgkwrnsVDuwir8XVW+XbgiRB6Jte8KyKORUjv8FrqCgxH7djrbMGs2W/vFXXHv61fOhbrZAEFC8TG6/xFXt5ZBPFwqqGWLKGCC8x1PJGoGwe1ZEV5LGtascN7jw3vjun1stROZktrFOns+sl2pG/JVisGoKHCTX6bUU8W4TziVeBxXmAyN63EPWqDGFOdhspIZlUhs1qHoYaoaYyv2jYytnTFTuiXBGLl6TNQZ3GL1mdOq+YWLnfUGJjX1TU6MK2Bg6lAfTLnl4mnKSv2tloLjKP/0pZUZ1JJEIKuo9frO8gMg/nopIwebStfO86vs3qMCXr3unU9C4JpFPjlAeldOVoE7T8SvyQUaQnqcQxWv5rMM0l07VCcnePcUrk+ac
sPgkwrnsVDuwir8XVW+XbvrwtDLheCnDVNWh+4KMqpcdI0b4/VKa5qdFIq5n6wU5Pv+h7K+GOYZGbvHzCx4KndDnTjjQexxZsgQl3NV15sTrgIqO/Krf01qUbzZ8MuOUEEIdK1NXKZ3cTNkdEbL/ve+MY8pxF6Xh5rROQL/87Z2L9VxGPFA0TKrRydgP2EKNNqFkY40++r7c06IubeSOWfFB6dbFQro0sJrFP0BBNqBwg/Vx1Pu4u/rU3DZT4AvFOtY0H10iLb75Pkeh5qKGxGSd09SeKhVm13rFI1kP+y5ZC57d/Nx5oh92Ke4YyEyvLLPeYg5un+PUVVdo6RpuIyzbCdEerTUIEAg4S+ZF1LU=
sPgkwrnsVDuwir8XVW+XbvrwtDLheCnDVNWh+4KMqpcdI0b4/VKa5qdFIq5n6wU5Pv+h7K+GOYZGbvHzCx4KndDnTjjQexxZsgQl3NV15sSkmdV1dW0IVRdpH0+DreJjuKg/vLhq1uAQHof9694ocUibIC1okUftn/1yqUcpQcKVuZZ5gvEO+j4BW4DEutrUSLfRdvJ3Ft9wakEbXm3oM0zcSVJiPJom/WMrqMFxzH0JOH7MAU4gPckQD11hzwCxcqb+kWPsVpaZuQY0rMSJ5DVzwUOAjHr3nwrbFf06t3vlCMDNwtjVqz4JMztHM3Kki1FTH1lcyqUvksb9zJWPWQ==
kn4mdYLm6MMQlpKDh7Ei1L/Khdnr2yvgvIb1e2J3xEQAASQVwEsUk5gww9uOfvxiy+NALFvYI1AJO7KYwrAYD5nRR3sYsEc5fh7Z6TkQPK1oqxEiJHHzz8uIcvef5tTnLMaggZ9CHM6ZXRtUOgl8PWqXp1tKl0yrqQjBPmZbwzYL/kZ5zIwqGFyMwJgVi2xL
gCLl7Rz2Yb6fSwKzYUOkjYi2C9RY+AjJ9A20gQhqzfL0rwfhGirTocNNQ/6sPgfTk/7e1ljiG8VsD4FCHow2H1G9ZJ49rSVz7RiMZfsKzpfm/bYzA4eB/ngi9OZiGCkj3cLbpcLnOfRgzO/UrkDjn3ap7WIRyJY/9D7nqXUK9r2SPtCaAa/aTo2y+9ZxJ5G+spPGKRAnPxCW9rBrQCUxKQ==
sPgkwrnsVDuwir8XVW+XbgDoVK0YqQ6llz5h8UAkw88spz9Q8GnITFngRXtTJ0nDue9M73btn1Vn9vRyXuMwBFe6Q+gvFMvp17eBfOrus71mYcme+xQmkOhg4RQOQ2tCJ45KQEp7SwA+vZqTXWkUH0n+O4ul9rxWgeTuTlNPF8cnZN6t/47wNrUMqeuUOhNyAigde8NOs3iv7YJjanuKY7JUhLWeK79KO1PGlOGVSkyS5f3M+BdWx24J+LDRcfNd0yzu0+audKwJgyR1LzLE2R0unOxGHBzmyfG5S2RuLf66WmbnswpG+LYA/eqa8jrH
kn4mdYLm6MMQlpKDh7Ei1L/Khdnr2yvgvIb1e2J3xESw7EcKenephkvOWhQym6mCk4PxnvExXK/BbbWQ7uATrjQHeo5Dst1qgeMcXkQsaIXGyQF1kOjEsN0I8u9i3Rjp9ZfL0Z6xqNGTN9z297KyQ6SkFGPotH7IEx3mc9O3nGn/SPhrz7ZbGN5c3YtE5Rb2C1V5XzmNdnmDahACiEOMkg==
gCLl7Rz2Yb6fSwKzYUOkjYi2C9RY+AjJ9A20gQhqzfIHoyTH5bbWScYcrUbfjMEMGY/fzzUNT/5R2X5vOXvXOz756CjfbAX/kZK6vd/zfVKKKBXhIvd4cvU6t6WyS+DdCXPoJZcntO9bisV+vQ376/i2yCaTGwHXl/AteWb9pAnMpLiuWthjIsWmuCDYp2xICoJhVqMpcc59xWEuWB4cPQ==
sPgkwrnsVDuwir8XVW+XbrRifB+61h0o54pvo1j/wzaybg/XRvhtBl/3Z5Whj6btpv7MP9ttjd9qyk/eEo+QilH7R2lzvWyGdAWthOLjLSxHo15uw8sMyAnSV05b8UOoXFM5OCa5WftPSZAdZf79dxM4SIG+J9h9uuF4mmfcQDsHt8PKDV0AjLRxa6J+qFnlv+BUnf+RnPn3l+WWrIxQqFVKzwWjO47EHoQaqKElIU3AsvkFoGKZ/VmOmqrOg34hjUbQkaMbGcVGD+HCIMHOtdCFvtb3xQSJD1Q0eYLz9Ygscu/2Vt7wrQih1sR6yhSi
sPgkwrnsVDuwir8XVW+Xbs/jhMbEZaku5BZuqRLXyXsJU2ggHrLWlllEbvvj3e9GXzeJFhBymdVzZ+lNhAM0sgRT71X6KricVoEzxJZYETX6I5ID0LATc07eHth/1DwM1MXa7BHDqFQFLbuISHirfZATj3exH4UfGcE1prsNln53DwBXzZOBwxwtfjsoabA+jdY7ZdbxoATRbjUVs/ysfUXFwIfT9i3yOY9FSK4oflu+pg+wjFFd+cKHrV8XPjQ7GE/BKuWDSWjJ+YtV8kIkUljjq1f0taK1+d/9Lb3Lck6iCQSdvvZGhSaPx3lKy1+9VOAKbAOBjocqITn6nu+6hQ==
kn4mdYLm6MMQlpKDh7Ei1L/Khdnr2yvgvIb1e2J3xES9cQ0U1jzNuq/ulajNON25pCR7WdT5c6pKaPsfl6XhqWsFVbAw4yECY7Ijk6WnRIfRfY7fl0N3ENCp6XbtHCNTd3gMLaey5+ztLTxbIWH59UMj69906+vjorNe/MKP+x5jocurkKtfshwN7ihcNqDM
gCLl7Rz2Yb6fSwKzYUOkjReVAFFg7dMD7kZML5Imka2bEvVm7G5waExkA0H8LFBPQWc3wpOv7aSAzeDAD/+3XIKvNvt8d+Mb44ZsTv4REltFDsx5D7VrhTE+QiiF/MZTvf67JAKWLYruUZmKOzTbZAhIa3SpixciMqZzYFehhpKJCGOcPuvwVXpfn6VTJgkyibH7kwxolVRU/MfrF8AY/A==
sPgkwrnsVDuwir8XVW+Xbh+4eBt0fHb6U8623BkIw+2Dkb2b3Fko5t0naK/KwZITZw887h79slrq4LMVD/72h40VSu8nkNMx+1kfefp8B5W0Sb3IFk0gbA1uAjK3ckDddqqyAozydZtfnGOcoEv9inG/jfujGqAYKPdbiitEheZdTPotwDnnMTBgzrS87vgzKbY2azm1ovBfe0qc8RTZZ+zFr6Aqeg0xpY2FYUIwXaxkSFp4q0SzspJMrOKntkL1/Lidjrcl3CVTG4Lz7W2CclOQ2amxg0FQvO0B8bNF8z3cnRPWBCtjey+PqE21FxDW
kn4mdYLm6MMQlpKDh7Ei1L/Khdnr2yvgvIb1e2J3xEQUsY7impvTKtShFV5Jp8Ehn3RPKTNDVCTCwAfkzTFYT52q2AOAz4QsxzNGwTBBEV3Cj62dFxUaaLguckIamud9Hh3pfikuo4qvZpTHv7bZ6IObpe036vwdddart2tktjeIgRuNcgoj/XJP/+CbYoyUefhyMuzdwx2XNYy8D1YHag==
gCLl7Rz2Yb6fSwKzYUOkjReVAFFg7dMD7kZML5Imka0oB8Z7i7NIg190AwRW++qnU6AGTDypr4D2aD7MliFQn6FZ8do11MXJc02pOYhRUZ1tgorXVnddL+rwCSbXVLQ3qEnLjpvpnndl9NcQrve4XGAq31wNAZbhptWtSVt6b9fPXfvKtIaUvGSdATAGfPo4EAAzvIr2KF0tOtCvvW0LMg==
sPgkwrnsVDuwir8XVW+Xbi44DBuyZckCNHt5W1TVk35MPCXLthultJ29hqRHxNENr0EU15+AouxW80o97hvo0HqlReGoiFVbCtRlYV7yFQH7CbZ4OaOyAFG+jaE5jPS4PsryMOZyw8rh3blUFO2Rf1+i7hNeLHvzHbJi1Pf+tdprzT9aa/FExv1RU9OayCP7lMysilyXabeTEBzNV0uE2XJMZN6I8CU4Qyt1NrdcVr6uTOzGar9iJOtF/Rf3yATjbgTXnPGL1NxtJejZJO0wazBak94MPVlTXqbPAQoJfTa4NSlV4W/cQxOcj56zKq3r4GhvaH67ZVzT7ek5eiWXhRWgxxn5/oR/umdImdpqE9gqK9Pxm29RupB8WEmBa6Gi
kn4mdYLm6MMQlpKDh7Ei1L/Khdnr2yvgvIb1e2J3xETJP9ByWWCIIfeOya+4/4ahf8vezzTcXHDgzyMO4x+TYmpOECkwuKn+ZuG5aS0be6HoM/xsmLZvJI7ShgR80JwOwESA031y71mqLoNMPlcWRq2xM0nLJY5vnI1GEdYYKtMm+7V9lFiJLNErHIxqSve8VLvfsfG3Z7d47Ob4PjclnA==
kn4mdYLm6MMQlpKDh7Ei1L/Khdnr2yvgvIb1e2J3xEQCzNnA5v80dFMaC10iv5spPVcl1QEUu+O0IPQUmn0Uui/cyLLfS1KUFhU/EXhjOg++DHc4/S6q8V12HKMvFXbQAq4B3zwwKZasbT8gmRkQmK7nyQkpE89DvWRpq4b+zQqjxE8tiYruBCEAOPiWHdepbLmCLV5D7CO0mp3GSN1jwA==
sPgkwrnsVDuwir8XVW+XbqTPnwFij1PO4jhjbNE3ML2V3UHT4Z+1IpPYNkgmCn2AhDqmy7egFSC+0p+MdKudIwXd/461heHA9YxJe8Nmg4BL8s9/LqGlSQfrzcO1vgzxgJ4tDVx0V0xUrPhrklRDdSgJ3NA82XdZcNmc4A+eAb1iAaV3km9BOZZPhhsdrdo8QldTnJU0CYa6bGCAc1dnKGq0Oji6kRkOsIKa1+dOuU4KrVj372YGB1A/P9oXq9I2UZZIUkNAuL2rVTbaN7U8emXrGeQKuzTIuXuIeP6GL7i+BZFz4pB0XfxgqUqnv44ftZnIZf4fGICjxWgBk1bnVQBrTjIvC5UH9y5SPqDMtNQ=
kn4mdYLm6MMQlpKDh7Ei1L/Khdnr2yvgvIb1e2J3xETbj8ioKfQlO9rAwknSyu+oNzYJENPBz4JUsXHrFjwFb2PaCuKEa0/QxzY5VbWjQi2NVnW/RzGSgpn9+cfDG/3NjRh78jRDL1zuf6DgG6ol4g==
gCLl7Rz2Yb6fSwKzYUOkjXELAjcY/8+UDAMMsEffhdLVT/xkcbNqMAzqgzG5CRtQVYuz5wY11cMmDI3d+EQfdE3uXDoBLNqMaY1LuWUhRghLRFsO1TzVhQEph8ixQ/8zDf+0fPEMCWM4+m1HCbq9y/Mq+Nj+cbLFVmdZC7bBEVGKYJogaZOzd9fa1kfIcJADkEMXWmq5NUKngNjwA05kIg==
sPgkwrnsVDuwir8XVW+XbrEvqJIy6g9nwt9Q4jlD06W6sQ/DoIBdNzrrFjsrjcLGRhVRZeqnfmyovWMkctHMLqFPOaiypbCIt27dB9nFtPRCddIfpMb34CI6xluJ5w4m0V5PE+kCi9cypK6/V6Snuq6tuGAUg6sdWl6xghNjidJcipJVx/Ysxg0XLEeS+m+kn2HoIx9Ay/PfZkpoQrXMPuHcyDn7+vqe969u08ynYoHYHlfzVVfd8UgzrLRKRCS1hjuAF3mpzVFt4bYjQ5kSO9SKkw6HTgctg6GAwBdXUBk=
kn4mdYLm6MMQlpKDh7Ei1L/Khdnr2yvgvIb1e2J3xES48RrawXJEYSN+otSfOucSPfuEkU8UuR0TxUWKJCSKCTPSeIgDlqGoaaphNMErW85+fX+7Z5TFVl2gHFyizjy8JKJjHmMwI1tKP0Y17p0Y3w==
kn4mdYLm6MMQlpKDh7Ei1L/Khdnr2yvgvIb1e2J3xES48RrawXJEYSN+otSfOucSPfuEkU8UuR0TxUWKJCSKCTPSeIgDlqGoaaphNMErW8473FALITJ+w6gy7GnMF06b
kn4mdYLm6MMQlpKDh7Ei1L/Khdnr2yvgvIb1e2J3xES48RrawXJEYSN+otSfOucSPfuEkU8UuR0TxUWKJCSKCTPSeIgDlqGoaaphNMErW8473FALITJ+w6gy7GnMF06b
sPgkwrnsVDuwir8XVW+XboUBHpqshmHM8lsfaihdhsoMLQ3/YqLWo7TiCE1MYoEqgv8rYlCFpiFxF6zdOe/RDWsKMFTCrOAHhL1vY2NjpxT/4Rc1nfd+AqCq3aqx5hu3bd23qJbQCTsunxRC8xqq+Sr/iOF3b6NRRyoN4o8EEfrRp1RVE4cH4NGb5Ogcx2p8WYlC/n7YK/6HQZX+tkLoHLIoXFrXbYiBi/zmTbpWE/E=
sPgkwrnsVDuwir8XVW+XbtcdS7WGq/e02DqeI+RAbpZoPYbwv41iLjD/hu3b6nTs
kn4mdYLm6MMQlpKDh7Ei1L/Khdnr2yvgvIb1e2J3xER4jhPNz9wL8HQXZ0xPGR7CvKIXQbe98nU29/+KDPVFcaYOYHRlOSq0NCKC3D3I90FCsJxZLzBqBaPuryUU9o7R
kn4mdYLm6MMQlpKDh7Ei1L/Khdnr2yvgvIb1e2J3xER4jhPNz9wL8HQXZ0xPGR7CvKIXQbe98nU29/+KDPVFcaYOYHRlOSq0NCKC3D3I90FCsJxZLzBqBaPuryUU9o7R
kn4mdYLm6MMQlpKDh7Ei1L/Khdnr2yvgvIb1e2J3xER4jhPNz9wL8HQXZ0xPGR7CvKIXQbe98nU29/+KDPVFcaYOYHRlOSq0NCKC3D3I90FCsJxZLzBqBaPuryUU9o7R
kn4mdYLm6MMQlpKDh7Ei1L/Khdnr2yvgvIb1e2J3xER4jhPNz9wL8HQXZ0xPGR7CvKIXQbe98nU29/+KDPVFcaYOYHRlOSq0NCKC3D3I90FCsJxZLzBqBaPuryUU9o7R
kn4mdYLm6MMQlpKDh7Ei1L/Khdnr2yvgvIb1e2J3xES5RvvDN8mGx1MrhGMYgDrzKje9XpZ5xH+83CjAFBIdxCwrnEiuvqvifctjxaTX2lg=
sPgkwrnsVDuwir8XVW+XbpSpXPYp3ILh/5Um3Pm0NyHglSwnNxm03Q8H6mtREgNE
kn4mdYLm6MMQlpKDh7Ei1L/Khdnr2yvgvIb1e2J3xERNGabC2/9s5rxsBpxVRXxBbVwUgPbCHyO18MSb+7P5uX39+fuZ8Gtp4raToYshlBI=
kn4mdYLm6MMQlpKDh7Ei1L/Khdnr2yvgvIb1e2J3xETzYeHkhfV45ZVYYOT3khBYChAde0yQbi36XdQuaS3kO5xgf9KwORZq1lC51uiRMFydT1qB/xqq6OaechXV5Hqr
sPgkwrnsVDuwir8XVW+XblEzpmaeTPeHt0F/owQGrOiSzv3P/O7wiHZpHXyXz1Vh
kn4mdYLm6MMQlpKDh7Ei1L/Khdnr2yvgvIb1e2J3xETiLXiZ2JAb3EdDEgh72M0KtEvdMpNveLWfXg5YNe+x7wza/CdH02e4w1to5NKAmz7HL3Vy5Y65H728XAAEXnMl
kn4mdYLm6MMQlpKDh7Ei1L/Khdnr2yvgvIb1e2J3xEQfvifC3VzbX0h08NyCg+419zbeSBTI5SgQlTfA1/I7jMreR+Ab+fV5NmsrHqXcAX+qllSMRX7LvQs/nCjV3a5L
kn4mdYLm6MMQlpKDh7Ei1L/Khdnr2yvgvIb1e2J3xERUHz5+HKlwO5ae1lcBRvI/eJkPfpeIFnufJr1YT+36q5fHQzvEtKXWGmahQ0tuGANZ87dyGKwiGjMWPagg4EaX
kn4mdYLm6MMQlpKDh7Ei1L/Khdnr2yvgvIb1e2J3xERUHz5+HKlwO5ae1lcBRvI/eJkPfpeIFnufJr1YT+36q5fHQzvEtKXWGmahQ0tuGANZ87dyGKwiGjMWPagg4EaX
kn4mdYLm6MMQlpKDh7Ei1PcBgTBMaXpCvRsnyqvDFZvQOiqO0BPtDj6Fo8U0ShipaVcNIEH4K+NOqxw8vdOR9YrLx0H5hYOih5B89SPyW3s=
sPgkwrnsVDuwir8XVW+XbnArrDu1gufhx/OIXNQIKariii5X8M09ybU9QGlGXCP6
kn4mdYLm6MMQlpKDh7Ei1PcBgTBMaXpCvRsnyqvDFZthedzjAwfEsAA9u2EwDZxlGNrXG1H76xSkMyHAFAwta3nZJxOlEDeeB1TBm4wb9wk=
kn4mdYLm6MMQlpKDh7Ei1PcBgTBMaXpCvRsnyqvDFZthedzjAwfEsAA9u2EwDZxlGNrXG1H76xSkMyHAFAwta13CrKZ2Zl7XdzFSQg684ZEQVo3kAtkYkIi+xGmFwjDl
sPgkwrnsVDuwir8XVW+XbpGjXe1icPPUlBfkPN1ARZACvdSgxbbI5rBffAFs+sER
kn4mdYLm6MMQlpKDh7Ei1PcBgTBMaXpCvRsnyqvDFZtzkMtvK6O0kxPJEPt/u6xdrFTzMy90l4OvcsDcRpAqZ/NYu3metFBCnQvX8Fsr1cE=
sPgkwrnsVDuwir8XVW+Xbv7/gfN4NUIY+/AXM5R2j803n/v0wMhP9j1pWjZvHB/O
sPgkwrnsVDuwir8XVW+Xbvk54BDV0x6Dd3NsGRw7ewjVCWWWsytshFuyMTSzgtocoFkTECGF7phOvextdLTLS2LeprcWxVmlFI62lF99m+4=
sPgkwrnsVDuwir8XVW+XbuqQpsbY6dvjMYeIdvIkuWB7NNXivoEBo3qZRNJxvTNOtfTpXKpa4Zl3vV8LqrCoxQ==
kn4mdYLm6MMQlpKDh7Ei1PcBgTBMaXpCvRsnyqvDFZsvMEqm6Nbv+Yc5E+fDgZtVWTH/tahIrh2hcBKzPPXmDiWEwBqm1k/LJlSx8hJ1Liw=
kn4mdYLm6MMQlpKDh7Ei1PcBgTBMaXpCvRsnyqvDFZvNjnW8azk3NI8Djdi/7CX+qC/NskCwV3oAZ8VD9gE4N8jGns5E9Ia1KWGFhJ3D1lo=
kn4mdYLm6MMQlpKDh7Ei1PcBgTBMaXpCvRsnyqvDFZvNjnW8azk3NI8Djdi/7CX+qC/NskCwV3oAZ8VD9gE4N9LL4rxg/ukPw04i9TtX9EMYbIoYnSCo9NUdonOlzH25
sPgkwrnsVDuwir8XVW+XbmQ5QQ1l4dNCxHTnF+vuK4Dmdvxvt/f+2IH6ZE3Yb6GvNDGEHrJY75+iAVtknnbZyLIVGdYK47lAmcrg2aV3kxs=
sPgkwrnsVDuwir8XVW+XbpXJgN3vYYHXxopcSEvzl8GfoJKTUoAxxHJjhBsBQeEIP7RkKsD2Pm5oM7sY6r1laxuhEmQy0JDFZgLdRf1osFp1CtTDZAnqyMKaDTnZXf/USkl73DgnQGXs2Qsv08HjMD5fnltIqOGqbzP8q9kaVSZzNMZjOXfBnXWhVcfGM/W2wjbFl6KEbkEjbSnc99WuXlw1VBxQVxTOYluomQMt7udBqeL5qMnrFzOv32el+n4qp1mpgEOSPMIRBjAVbwuQXg==
kn4mdYLm6MMQlpKDh7Ei1PcBgTBMaXpCvRsnyqvDFZtYzfpCPqdfgUT9/nCaTh84s/xBFlfPCExWBoHt4aWIbmVgkkKb7altZyqPSAJDAxiwdg9pmQvyLJzskpo/1hKP
kn4mdYLm6MMQlpKDh7Ei1PcBgTBMaXpCvRsnyqvDFZtYzfpCPqdfgUT9/nCaTh84s/xBFlfPCExWBoHt4aWIbmVgkkKb7altZyqPSAJDAxiwdg9pmQvyLJzskpo/1hKP
kn4mdYLm6MMQlpKDh7Ei1PcBgTBMaXpCvRsnyqvDFZtYzfpCPqdfgUT9/nCaTh84s/xBFlfPCExWBoHt4aWIbmVgkkKb7altZyqPSAJDAxiwdg9pmQvyLJzskpo/1hKP
kn4mdYLm6MMQlpKDh7Ei1PcBgTBMaXpCvRsnyqvDFZtP5tmBTTBWp1g/tyfag15/yeBAm80yIxLcCUaSlRffbze7oXMSpMEbdaVvGue68nuTbJ0NiHBlfyH01uqPEhAk
kn4mdYLm6MMQlpKDh7Ei1PcBgTBMaXpCvRsnyqvDFZvtzcHD+8hC5uSP/SCYXQV0cbCeMjcbGld/vNCutFzGKHwbYb0/Rp2+Zbs293BSUnzMDzAjZkzgLcSsGVwm00py1AYAR8bdgdv8jtyA7bqlBA==
sPgkwrnsVDuwir8XVW+XbvgNz2Geinvp+bG7wXefz+cPJBsSneQwlIqmzY8N2GA4Cblvg9JYto1BQZ+XwtmN3GM2MtK34JgX29tfEB24sF+7vDpU2mD/IpONEOvkgByT84ZGSkK24Tm4GERRuSpJJrx2Rub91tSJxAGMrAH+lk7vYBPLCCszg+vAs1F5ktjpta5SHM3ebGhxVKbrmrjcCvsJM9P/4OOtFf4Bhv7Irz/YwviMTcl37miEutU4nj1Un4BWXMZY6ms3eAlogvB9rZj2M4Ym6+RhcKJWxO/xGSo=
kn4mdYLm6MMQlpKDh7Ei1PcBgTBMaXpCvRsnyqvDFZuwAlL5ADopEz0gw3MS8YeLFIILL5bBnIGYc73X4gFFtl5hirJWBPZ6MZ6fMN6xtSLJockSNKo37tPQwMC64xutn1oxAhsyo6ZE5hmeQ4zLUrLIch+royXI3faqugqS7ic=
sPgkwrnsVDuwir8XVW+Xbnf498U5t1EtVTRMXgaj/u21EWAm4Pz8cg2mf8Fbr/cBwNJLFddoTiBrIcO/ZUJ1ehQrxOcnvqg1QoZbgGafdF3eoV8dxUQan0vr07CHzxseTrUfSKVrgCRgJ62LyAzd5g6NGTUdFPNkVDKloLGgMBEL+alLIEvSG6CVV1BwTabRhHGifkrgRYPAW+HfZ+mh32ICH7u6a6k47CZFF1snKV8pqBNsD324XkTXHCSfdlB8/2pTaoj9BKYTrEV3SQgFSp2fmwWRlhTY9Y08wv78Dy4=
kn4mdYLm6MMQlpKDh7Ei1PcBgTBMaXpCvRsnyqvDFZvMR4dJDD7Tn+eRimcVehreUoY1vTLnl/uN/Oh9CQ7mjKxdKkmbkJa7MwX54Iw9L0KDvDAHwFhiCYbjcBHKykxwXIRbXzhflseY4Fk719uCu13iqho6kVwNVO9Cht5/O64=
kn4mdYLm6MMQlpKDh7Ei1PcBgTBMaXpCvRsnyqvDFZvMR4dJDD7Tn+eRimcVehreUoY1vTLnl/uN/Oh9CQ7mjKxdKkmbkJa7MwX54Iw9L0KDvDAHwFhiCYbjcBHKykxwolCEoEUHxYJo7Q9+Dc9Y+Q==
sPgkwrnsVDuwir8XVW+XbkDYy/GhEaok7Y8WGwi/KhA6c62sIWzb1fSMzTfiYfPG+fze5RIZ1rIo2/6aMkl006SsSVA56kEpwWZMJymBpzKZ3i/mxcCjsk1sUu87SZENyAXkI7FwziDNigLi8UaG7Syt1lMRXFwhEileVKf/UgtWil5+LrxkdEoMzYkN0md8kpI1he6gutxm/UxkYLLBq0JFHdlfp9+i8o85Cuk/GIGifqph2NW0vFTCXZzthCoZtbDbgeEHxBJE5CXK1FzYA+Y9OxF9V1gq+MgLm8usKtE=
kn4mdYLm6MMQlpKDh7Ei1PcBgTBMaXpCvRsnyqvDFZt58BGKYJCe+cD826Njh/pb9n50GW5ncMtdo3vJkmM6HWYc/2okcAc8Lj58PMMRv4y6xaazctn+D0Yx6cxbdby/DZb5iY/hNO5/VsOy3GdUXJsLpn+0ms5blz/nl0idu0I=
sPgkwrnsVDuwir8XVW+XbqHep52cfIJAORSf7lQ5RBa7pxb8fZq42z3OauSsPEniRcsuOIYZ20Zn3tDSUFGMEUvjfrvxGs5Dsxkh5EPkJPR3oL7xHmyRC2XKm3tD1ROlLo6RNxKsrjbQhgMLsHvFJY+zAsZHRDgutg4Sje+y6UlnogrqYXZZWOxxhNYbAp6ldeiWIaLJx4tUCWGMaZlW8u0Sl/Zm0P7aTNM+7oaWcrQhYkwXVbDNXxq0UDbaUXtY0lNl9yq/ihQ66SXnWOrzj7bPc2Kg5ZqIk2lPk8lvh16gtJzzLM6gTOQuUOO3s26t/mjXR/t7uthGCtBJ5knKwA==
kn4mdYLm6MMQlpKDh7Ei1PcBgTBMaXpCvRsnyqvDFZtCfsa5f/WYSnJ7/MyjJHNHHujBeAvbiRuxKlCMDst5CgXR3YsWp43CNWoPCaepesZZ5Xx7OZH3cmXB3k5dTjHZ7oZupc136viMp6n1OPxT4iIvi2N5c/u9iCW145oazqlD7fLzOxRsyS6z7FpRFPg2
gCLl7Rz2Yb6fSwKzYUOkjSH5GFkos8edfSBpeEixyvoJDhF8b/0rHV6TVAS/TaSuRfIgvvZRxaASaRTO1IqR29DaUZF8jVTejg9F2bJ4w0WzMi7k6lHtunw93eXcKjJBXxV7+ARtaaz/IAR7Gq99dycARIDwMS4dULuAMWllkxUnHJzTksHrGvSMRiSV4SpWUWjzliAexYxdxIFe5uY2zw==
sPgkwrnsVDuwir8XVW+XbgOBawoOwLM2ncME3rnOohBzdDi8GLkg+InNfbljlyg4YHgUwQmJUQeUklzXePgCayMpvRfLwLha9D22ykzrosCwwOPxsCNMv2lXyB6W5XDXhMs7VVs+r8lGqW439foTgPWzd7CBJ2VHUVUzgBbHXJiiiiJwzaik2KtI8pzD3/Ps006JR6q7fRLW3Hldk/9qlS060Ymkav2VN+CP1xpwdPlinnfQNiICHNbdncNlMXUOjECi8tEr6bJyJrF3vLdRMXkfR37HB76J3LJsE7s9J0g=
sPgkwrnsVDuwir8XVW+XbgOBawoOwLM2ncME3rnOohBzdDi8GLkg+InNfbljlyg4YHgUwQmJUQeUklzXePgCayMpvRfLwLha9D22ykzrosCwwOPxsCNMv2lXyB6W5XDXhMs7VVs+r8lGqW439foTgPWzd7CBJ2VHUVUzgBbHXJiiiiJwzaik2KtI8pzD3/Ps006JR6q7fRLW3Hldk/9qlftL5qUvphUQj5NA7wJOUQiH8/csHJM9VhkAJMx38PgjQxojiXzQFy0iIsbpp8kfaQ==
kn4mdYLm6MMQlpKDh7Ei1PcBgTBMaXpCvRsnyqvDFZtlRbLqPwljsMxzWVeiFAdkWyvUotokTSuLoRiGKRFnRbBcoVqCwMhYc1iIfY2ziRwDGqHzZcwyVFiVr+UeKzOjqaUVN2Wa+kTRb+NiFnqn5h0hhhrP60gPKnWtM7iFcxM=
gCLl7Rz2Yb6fSwKzYUOkjQ14p/I/29HWvL91dnZzHkfwuCIMTSEQdXjr8IhbHYsvsrI62guPYs+LM1ajhirl1Vw1a/UiwPOtaZPS5rXy8ku2CA++5UK9Uo78ztmhyxKvtCqjPb3VBTayA6q5o0kYtdIVExj+QqWt9BFaOycHO/B1NJd2UGds6nBhfJRqUiQrTnsrunSsqlMfnpK42ZVLRQ==
sPgkwrnsVDuwir8XVW+Xbs5KI/kiLwcp9mH+OuuU+ztk/Sd8LF4SvNqOSvKFY+03BUolzFDpEnGmZ+tHQh1V7xTv9ZRJ6bQ4EV0nbL1rAclOy4Dih3XpQpNkSn8eRGI8VQY1Kndg6u856ducQw6RfW+MPSV4G/9h0b2nUi8xgZ1ULybYNaoq7mEi4eW52/LZnX25rgH6K2niiGSjkStn2Tfped+4ZdhA4n1NkuT0Wn9yCLTBI2KkCJvIG2ZJSOY9
kn4mdYLm6MMQlpKDh7Ei1PcBgTBMaXpCvRsnyqvDFZtTPz3VWPzoJ76fbC11nqVuw8kQjoAucfkXF/B05myy9IAsaNpmBtDCHJYZlpLcJyo05TVOvL8TfFoKna75ZsAPUT6AtFO/KLNcxmedCjvkUA==
gCLl7Rz2Yb6fSwKzYUOkjZpqxrv/ntYZcjh/twMmXe1tG2sauH0hlyOdDNK4EvTWqW6karHou8cVNQAn06/zck/xJhAlYZiG4jUra5UWbepNrqJZiMscLJzAcEkerLERu98bBmcwXgdMmhTQQpuPw5RiA2C8AUlc0wHJ0shzY1B2otrix2BuDAPRK8ugHyb7d95eZMbsok8EDDt1cMTLFA==
sPgkwrnsVDuwir8XVW+XbqALQnL51By2jU0kWe4KLl/MYbuMFLk4AteJkalTFR7Ap+TxlbtkkBfsumRprZa3NOSV9xUFuNzsFzA3vj5qA1qz8C155PzJ4vBF+FfHK9uCMFZR0dq1ErsiZi01rf8cvecRUACy8rPF4OCYtnItdiolapax/fdRUO00JE5cusCuIoB9xVCBzOvkgibwuOJS5DRswjH8lAfwDMXaCeHrXsM=
kn4mdYLm6MMQlpKDh7Ei1PcBgTBMaXpCvRsnyqvDFZs2mi1sVJKNXlgq7aXStsxMopQ299JXQc04cnQZ8EPN+Hy/anlPojZ2gXUd1lnJuuP2AtNiqYP+w4mw1ktqnzR+TS7iQrhHoxxlt0mzDucQ95/PLYQ9aibrVWM4c5MvRtI=
gCLl7Rz2Yb6fSwKzYUOkjZpqxrv/ntYZcjh/twMmXe2twRZ2e41z/Sxse1lv+2qsgokTxafF8qP36kTdmcjEIYb1a57do3nY1sQxNVbORJ9amcKHQDV5qu99RB/CsWyG4t8jLFK5iHg4TPOi6WQWzCDTfnKiVZ7vPImAnBiJQenvENeac9x5spUXbYBdWm/ZQkLnmu0tTqm0hkULoSV9xg==
sPgkwrnsVDuwir8XVW+XbjHTgsiHP11dzpac84FYnzqOmIPHpuBa+RWPjpObm4GCdnfz3juzGv84EuIPY2kefzMIJdyR1edzJFVRdKwXIK+d1xiudJJVvvqkFWnpdi4bNzhM5QTILqmv5xYvXsJZa8UcYxNCriwP62vw81jei9TMGVcFwffxyQkMWH9Fpqco6Esj3HVA/QUSLOHO6Q7nOd7OJITk0XPFPBltfH628/8mlpQumHDKJWYHKDHnP/wB
kn4mdYLm6MMQlpKDh7Ei1PcBgTBMaXpCvRsnyqvDFZstYGAqXfh95uv7H+xaYGEcSu2S57wRvUYPuXV0WYJNBAnuDYWKeLbgd+eTVx9F4obMfDmF9gVQ4DBdnGrQ4iH80Dkaw4qvQP3KlojV4P3MkfnhDbg01e7F2c2Mt3MSXB+R7JffBL1+vQf/go6Q3WGd
gCLl7Rz2Yb6fSwKzYUOkjcO4S+O2S21BhiD7Lx5qVXVipd7qGD6hEWJCx10FJyYKqKihQaCJIwHYUpgeGKSwR3WA8e1gosQv9k6G/1Yxr6G/Rs6vYPTiotw13LUtJNG2h7zgnEzcYK4bAuqcctinQHwKdSLkVN9o3IlnybKw0f3c+Fp9ZkAUXNg9TcvwaXMne7JvtGwVnFqPZ/wIneQ2ag==
sPgkwrnsVDuwir8XVW+Xbi2TEWqr1dFwdB7mNmOU/QbYyXgumLRaCrM+XmLWU2Gw7WYdkw95Z1vTaQM7nnHIzipPDxfTK6NoFBzaFc0fSKK/HVt546dWB44ZDdEeaXldv+PY2IuaWyQziOTVraBGGUpsYJBu9ravB6ROte3/rAjn27huZaua6Ic89GnI9yeERNSXXcsNc352crIPhZC0sR3ZJn75pNxPBBWJ7L23cnFaMUP7yetMxL0UrGNCS9DS
kn4mdYLm6MMQlpKDh7Ei1PcBgTBMaXpCvRsnyqvDFZvl6cZprulBtqJb1rJ6PEk/NneLbpaLKjDI8LYb8YG5XgsJEn12lDFU8JCsmZSbCT/jbW9eGhF0IQyD94gJAwU5Dw0RaoYVfFmkSurYuFSfL5YtM8C0tm+8q3DTSCy2woU=
gCLl7Rz2Yb6fSwKzYUOkjcO4S+O2S21BhiD7Lx5qVXVNMuoRZm7zt6vyrYqGnV43lA7h4gGmLSWWEmLQtoAACqD5me+QBOTv+S9FCTk53GVLIY4snt/zkDttmgqCtFA0LnvxOI7cY/CnOrjSXDWC+niCVPv3W310ulbcO+NSfiqtFo2o+zHrSOpjdOUpJ4p0fbON3mrtRlpSOFRcr75hsg==
sPgkwrnsVDuwir8XVW+Xbt4+4eFRLJc+N/FjZl2aSaH1nU/YINjyGbkSF0gmtJlUoigCii0M7ERcz7aT5EBxNb01QDAqMCJH+ckdhOYNWfJ00AW+8wI8jjbjHYeo9j6wPhXJwQ9G+UoprP1T+VIjW8KmtsiKAPgltE3TQMIyPQDsiNi58JHEukNcWaZUXLRN8D1Ve+jnYeP5Kr6BhR6H2pUNdBVFOdDsR6ZZjUICYp0Wwus/Yz9OL5Dns2FAdnvJ
kn4mdYLm6MMQlpKDh7Ei1PcBgTBMaXpCvRsnyqvDFZvKMH3q8N0mSl7koWH7zbXyyMhmIpJoEmiXm5TwI/5m/4shW7ec33gAfgtByA3ponrTI6gz3KIXHZXneg5Ayg20dTTmZwADkc92tY41nMLHOqPMnLKe8W51J99b5n1aXuZvEgjU8So/ZYLcbPNJr34E
gCLl7Rz2Yb6fSwKzYUOkjcO4S+O2S21BhiD7Lx5qVXVMNg8ElcbR2olQtvEzOgoRNOyGEx5/l/EqsFl5EQnExmrrSPWlgmjLxjN/5ayScoP04EPRXilb3I/7JEArc+np40Ui0T4iR2SYSNILpwoOa8UvOW1aLxZTBPcY9AvMy4+DuWyWz8YKEbJE1nJe8C63EDxgNQ9IgfefcjY13XLYEw==
sPgkwrnsVDuwir8XVW+XbiOUffIoZVildGQR3E3g2xl0Bj5PFo9LRynJoVhaHg4ZtyztXGfdqjMaNzYSwNeMU1+NfONpIMNjsklBKV776aWpjs1NQytJ6fOI26NqkwVzPqAyWiGmGj7A9c6Osnmg1YDpoNN1qbX0ZqaGaeMLtRnZiP+DoTxao7nXd7aXR6IhgbrLukri8IAIVrDLiJGed6AADK9AET0fzAr+pAjFzTjEB8fh6udUtV8HDY7cvHLe
kn4mdYLm6MMQlpKDh7Ei1PcBgTBMaXpCvRsnyqvDFZujhJzazKLg7LK87GMnNCX0pqcq82SE4vh7hztkwpBSccBnRrlWtJXh7GrrQzmCOmZk7efTRA9GTf5Md2NPVWr0kque+PMd5dd36BNElguzPoEbvG3JsYECD+cE8dUHGn4=
gCLl7Rz2Yb6fSwKzYUOkjcO4S+O2S21BhiD7Lx5qVXW9IYu0BQz4S4D4t1NdGIIBRZJAPFBWyo4Vi8HY/QLZZnSTB3xxH/WR160aMNyr7hKrBHUCgLhZBUfaLAZNKEJ5UZ6biqO4HpTSlyrcw8mP9kzu9TVwV2+mBzzOQYWK05Y20NTvQxloMf7KOYZqQFIWzOQNMMraRRGJ+tba600zlQ==
sPgkwrnsVDuwir8XVW+XbkFhSK6J31asBtgso639dIZbF1Z81fLpnYd3/VdNKG7qMtAvvME9aXoM8+nIgReQUYrEqJxfUnwfebH/WQHlGXvV9nG48o8JACbcPQLebokH4leqXlj75JEEZZ1z0spcs+Fel3YXAGuHW5RrxhkNF/goMJ9bRjBHuO3i0uvILIaDTQtLxWjKkrKtQbUJK+Iwb5Z8pWKfoHaAkKiV6aGrmGFWuKWXk5lI3ulVj03vP6C0
kn4mdYLm6MMQlpKDh7Ei1OHjo8961oFtcn1TOO5vTt8jWrWWp/F91MyWrgvoWxL/nk8wC17SiO1+Y532dYJag+NbKXhyGKenZrG0bIEq0l3P+vK8w5qy612lBb7XBlLOrH9CS9RkKS0TgbM+3jJ5uA==
gCLl7Rz2Yb6fSwKzYUOkjT1EI89csDrkk0rCGxGBs5c/eTZF3ZufVY9G5E6/DxfAhQGPlQ8UgT4vzSX4dwsOmiglntorAXOxi98jNuY4TIaxVtJsRspvZfL5jIiaat9oSE01ES5XgVjqTSzmkVJtmkZHfnP5asqcKPK940NtAdTiRKdMsB/K3bJACY+KIhu1IeBCfvAdxcNI6Eciyf/khw==
sPgkwrnsVDuwir8XVW+Xbnejj8jqwLqAqAYWAkufDpf2MXnRjVjJa+RfGCAcXu/fqcD957WzbeYm3+eU30nFvCvnFcncbB6wgAcaWhJx/72yNRVxpLHTy4ASRyaxaND/pXUGmUHoAJ+VlgPVzTtoawyRRXh0IBjbmBKxacDWQYalKCMdLJEMpkPV2ZXebjcxcGM9hh5MzuCwzJPzn9wAhd8hYeSIo7ggJPhFcjozwBg=
kn4mdYLm6MMQlpKDh7Ei1OHjo8961oFtcn1TOO5vTt/3VgKm23OT//ZaFYSSNu31D5bhkdufjoMCHKYDX1/zPkfvqUxT88GgsHnkKquMWYt3rKxWIWUMYDM105oZdVfiXSg3or1h30hAN8ZA96nu+fCkRtCA8QNgIOZpkFrxTAI=
gCLl7Rz2Yb6fSwKzYUOkjT1EI89csDrkk0rCGxGBs5en+T3qB9dss3B/AJ7T7OVqr2TGGALD6FYfYSTO6XY7VgQwE2kvPImEMVLE2Yh2SBW8Zm/2zvaBMfbLy6LINz5b+/iDdeQRoJhlSLUhLCjbCzW17MVXUmw6QdHsEGnG2eUMn54iDUHCt9nJrcwVwMuqt9D5yOSOzJJwvv29Ux9j/A==
sPgkwrnsVDuwir8XVW+XbqAvj4UAcgsw7pCun17nIwsp/hQ2DRamJrm4a9jwCP7fgV2S5nzSaZ5CcBhHdLU8SIqCBJvtBLKxCubwWMXSLxbsBoVz5v7acY6Y7EvHjXDPbzU7PBuConx/qb0f/qIt0GpJRcRu67pOqeaY1zJpMjZnXZFDWobTnmmHziBRRMTDK+su13EkO1B6UOHXdZ5srOtYp3ak1PX4++p5d3NI0i3B1OXGotYzC8bahM2lzpZP
kn4mdYLm6MMQlpKDh7Ei1OHjo8961oFtcn1TOO5vTt+TfGTKdXV7BGieT/qKHY5q/HmcZTghGofSMnYZGCE6FjjRelOYLWqJddah7AHvioRlBoje2hBhc+BRc2PS30dxM2Y5Wi2cJP6FsjmyfDXn7hcUvi7Uhnt1SL3SvJmaCmAZijPPYb0U7hdRIdXapxgU
gCLl7Rz2Yb6fSwKzYUOkjSrGqCMZRw1qQYOdJ+d0iTSeGce0AlhgwSBh97eKN7PP82MRqLc8QCMzn6Wpzjvbvcd8dRTAku1pXc/Gy+Qc0L6lZIeox/dwVmMWRcmuNtyjuCWq8HLpgovu95FLKDUwyRLOC/+3SYwKymA2UqQuEh6AY7wrV5/6rsYiY1r+C6do/qdMJEfApUUzevbUvg0ukQ==
sPgkwrnsVDuwir8XVW+XbnEdnZuZErt1rNsT+VtVZgBtUOS0hmYNwgoQFvcKRUnBBWZ90dSw7fHw1l2wrzcDkFj8OPeuc6oOufsFUYzpRlek8sk3Oalwwq60nxBMmSxKHjE4uOWX/HorYOJpJ+gZp1NYXS/Fw8yWpKfH5WQCGq69Gl1WjJwtnlwRPzYBTa8etit5AnATCNhpnm6acTywhxePv1N2aBBVTz9JSAI6Tis9AgEX75ogUjT7D6zCBoIt
kn4mdYLm6MMQlpKDh7Ei1OHjo8961oFtcn1TOO5vTt/ayyqfZhWRVHwwY5hZhXWRfCY0rHsjOpnxSIQWyLeJzDfW3cA5lVY5uDrA1zqwJjtEU4326LUNg91AMSE+c0I4Vgdwy1pK6hgz3YbzmpM40mMlDS/7XiTLNF7pd0z2x9U=
gCLl7Rz2Yb6fSwKzYUOkjSrGqCMZRw1qQYOdJ+d0iTTH9KGfMyy//0Um58OGW1B/IScbTkp7KgW12EjUundn1JNp762mCzoL5fgjU7aTZdNY15cbgN95qeRzzmcutCfCEcsMedBb5yLsXJtaPyOeTe3zSYPi8+jJwwxTPEId/aP36p0I49hBu1r+oEs5tH4ojPtUTRloA0MwEjy1ee0W4g==
sPgkwrnsVDuwir8XVW+XboW0pYM5yRxW/d6/eyQ0o6IKKw3e4P3tcbP7MPS0oB9shG6yUs5Id8+6FE6UscDegDIHmYX+CVpNfS2hw8hJOoiBwxcxrSwyRvx/XE8XyFNBEp/bnk4ouXX6AizyEbfbykMvV3tokoL6LnWnWaQyG5D1jilSZP87x+xrfSjpRB/VVCWuvmT6diL5vyLBWtfzW9jn3TetcO4fXJabKYkOAc5+m5eBpNZtE1rmNjjSfMRk
kn4mdYLm6MMQlpKDh7Ei1C7oHr0+tyq0zlQjzXQ9VDuYQg5dES/CZVI6bYL8LAGCKACGdT5/1TMdYb2ObOUmTHnfKclAHVk5nU53McpeU02y36N+PyL1VUyDpvN4jDP2x3BuraMvEaps244vu1EzFJtaw0IDggYukA8KPhENCPYaapqRVRkZLZMOsOsRLrRl
gCLl7Rz2Yb6fSwKzYUOkjUIEd1sckWJG4Kdk/MlI+5syqifp6uxkdfC0z6giZJEeY/u6RAFCAXSH+VCMSLhtagxVx2z2IozkVyJoYrgSwx8vzAW2gY/Y12XzZlTNazv9YpJ4xA6XSly5ynVpoGDiAQSvbD5mVHrO9QUt2xBTopIqgi6EFVjTRq4AVaTUIFQoeN8cusW6uoII4NIxTAA7GQ==
sPgkwrnsVDuwir8XVW+Xbt/K5f1HnXTAgNcFUZyQG/8Dg+1BjA3TJKE9A5e0C5MwL2BrSV3n4j/n0gOtnUIPpikMd7yhICKVa2fqlNgNWSriB5RaiNtTEKXMvrEwP+mgX2QZ0xQeVbJoedpkBnua0udGieAPvjEXQE8Jhv/vLm5NzJXrBBMQ7jd15n8e8XDLPcxqVgB6WO2tgBl9n4rkXY0yBKF7MNqO3LplptJGAtApFdr6gLIepORwWm0c9IF/X9Q7UGiyUPI1Dm7CCInGkA==
sPgkwrnsVDuwir8XVW+XbkNVC551NFMFCMs3xQ9VHMgzxYw5z/DXQwIDTzvPnJiV3B7BsCA21ZfEWKmCw1DrSpWpdts1ZSbChqGtKa+K7SwZQ3XSwVSEMPbSjcm2q5+n2xQWZxv3DrcMWDIUYgGQvB4ZJt6OBFvF5K/dEsv64t+F0vFz5G4sj4oflAXGmPuqpSUGbSRmo9uYawm4qBC5SGONPqAipfL8nyIbyJpRlv1jYgiBsRLGlsoI0mynrlUIfNAliIUpKwfZPxNQr4JF8Q==
kn4mdYLm6MMQlpKDh7Ei1G1+/BMrtIam64nMF4Hi3ZRj0aQukTD6MZuLXm03TptM2R72UjPfGqL1w+7N7Pr+SYndHZf+4QfS0KtM4W4LFRQWK3AYyx0Kik0K2pBEzQBImopBnfONw9qSn+jEaCEboR6fShbZqZ3hzbRKRejqFts=
gCLl7Rz2Yb6fSwKzYUOkjRHfoi8OphPnxXvUxX6NE08whdusDg/4wFr054dUCFcZcCWld5d0imSc/iEzYjHDrfYIik6JQ67n83D+GBZgPH7hmrIAPxeEdr4xJ/oQIExeF3+btHu3kxqWG0oq/5lEdXWb97WIkw2aCO+qKMuZLOVuCow/F94tlYsjqeg2nzVcUEhEw4T/9yXZVTL0foHQKA==
sPgkwrnsVDuwir8XVW+XbimxnFBrWsiTDLAYUZXdBUs+yGqZ7i+SxdfxAU13l0o9gvEAkI3WD2F7apDiTDQEBLcFTyGCxHf8Hr87UUrr/d86/X03x6aiOO98RuTpuUl5N/ykUgi6uA/Itn5cw41JJziqNyHWGuXPELqmVRWyWQOKuf9pkXsyxJ4KW18hEI5dHpfBzVim/bWSeFdysxW66+BFn3zr2wyd84cc8cU8kBCUN+HFdOjICOTaP5eSkJbI
kn4mdYLm6MMQlpKDh7Ei1G1+/BMrtIam64nMF4Hi3ZQ/vh4i8mKKc68nNYzlvBKm4ZpUCCGLeQ2T4ffH4G8+BXPQ2KZ9g3cqHEmstm56OSiLktq4uEt1vfYA1Z4ItFP+b6F1xk0jMDJSsHfpNqkSQgeDHJuvRSxOKNBuYFHOtnwR5YPG8BitgJtKoRHOrPjM
gCLl7Rz2Yb6fSwKzYUOkjRHfoi8OphPnxXvUxX6NE0/M7jCEs4z4LE0QvCGXiHe/1BOK0XhYplXUgHlFIsV7suhBta513cRrHe8OQd2MZieVa0rrrCfeiqOV2UCrZHX0notb+qFGCjQLW3yu6GiBD5mgvXK8euJMNeQgTqsbrAAgziXyVMqqXyosEPfybqbnt17/qhjDo6TAvXAtJrPhsA==
sPgkwrnsVDuwir8XVW+Xbi4/YyWQiHJPWaoHpX5bfjKQktlFEN+uqIyQIGNG7htkU7uIn1uuZwRrP1nBA59wnIWM+gq0wxzGxTf0S/G0SzJTyNLeWy1mvCwK6ibitcCH0l1p4UmfqgdMZW7r96zUfXMtqwJGIE4mQ/yg6JswDNj277MuMxLVWoY45B3uzWPZRe22LhYqJ/JLibWrFGUJgMZbHckrtYdxO4Jk8qcgbiscd6lWOcNCWvbbRvoTpSfX7y9Tssem0liV7IOF6TgQhA==
