GmcONIA9PFzHw1gpPLLPoqev3ytAH5KO3S/CJpMsylg=
35kyjVfwBJgytCi6KM5Vug==
FNt9orFfFSbPIXNSbXcP2Q==
gE2g7VQeqq0h5MkG44fPUw==
A4ZCFW7RnVRfEnbtNxUDb8VFIQmzxcIFLuiIjRY2q84=
cwgQW1UgxyVfBeSrdwXHsPE1eoSAri+NViVSjTYe4hg=
pYn3RyiaY4vz2unSybTHuw==
mAzeFbkWBGyzJRgEWJSZYQNn44wFaguEUnqkvHVinQw=
NiGef/LGs6v8Em6sqLz1GYGKB0111uCW/TAqgkiW0+w=
2lfNnhNY+w/3xMaMUxJbE0YFT/wvMlSDz8Vrd5FEs18=
7tzpNle/btTgW1O6WZRIOoF/Q7Klyq60PTDsbemEam4uPMu77Wjd/UiKhT5OwDpzmANPyrqHJpn03XTGGy1lUULT00c5hsolI/x+rvIsK3H7sewpyHtljO3xfCkHv/QX
7tzpNle/btTgW1O6WZRIOoF/Q7Klyq60PTDsbemEam4pak2rrv+dWhSI8Hkdi+z76Wm7LXsFhoAOBGLLMihpcX5ekW3B15xFoADotnyeQy1f+iVpwuWGKUP1EXV14qIL
7tzpNle/btTgW1O6WZRIOoF/Q7Klyq60PTDsbemEam4km7Vv4e7KQKf6YE+D/FwLxNOLysEaUK9jdjUGwLzlpLU1etZC+NwUnnRz/cciCi+Ef1KbHYlY5gk0bkgCVwx4
7tzpNle/btTgW1O6WZRIOoF/Q7Klyq60PTDsbemEam5lgvuEjvxM0aW1vyUBmKnIkPKbATh/whoAwULTtiZRVRJi9PrxL48qoSSVutcuKj4Kwn7FFYWA5G3IRSWdj3tn
7tzpNle/btTgW1O6WZRIOoF/Q7Klyq60PTDsbemEam7DqXNRYMdqkjhG8Oo8xVX6VRpEgCrkD496CDmfI79/UtvgcYx95GvBK/6h2yQSPLq4U6baDUs98HoTQQjuHSo8
7tzpNle/btTgW1O6WZRIOoF/Q7Klyq60PTDsbemEam5xKlIrChmX3yVI8G4NlYBJbXK8Ror6RQnZgfYJZQj2uWofQ8XBRXx9dADOFrUvYocRMISmNx5qZwzQK1s9JGSA
7tzpNle/btTgW1O6WZRIOoF/Q7Klyq60PTDsbemEam7a1wqyjQtSavxun2GH4od0EoCr9sETotdafJdJ8mSV22LNXc/OgsR1T3u63XJLqbddGyQ3O9+oguBBY+cL6NWe
7tzpNle/btTgW1O6WZRIOoF/Q7Klyq60PTDsbemEam5aENAyeA8+yfxoCc0Ghsyk+MpLkAh2tWJlcgACe1S2P2DmtwtZq/2caAaJhk7SPXlDvBteyWAeSsgx8G7Fj8ja
7tzpNle/btTgW1O6WZRIOoF/Q7Klyq60PTDsbemEam5C6JY4wt9bRdAcdPknpr3RmAKFKv5iG2AlnUYLhdzyGgVuMqOt1Vp+KDpU4Edn3h0dinVjPvpmCxIOeM9bturc
7tzpNle/btTgW1O6WZRIOoF/Q7Klyq60PTDsbemEam6jovai5vK0QxGr9HQGkqJffOW4lbT/XxSVMDIekTXazcHuYp+Jr4/bnPA6DWSMMFRBhATW3m2kanqQQ2fW927W
7tzpNle/btTgW1O6WZRIOoF/Q7Klyq60PTDsbemEam662blVops6Qzlif+aLJzz2IgTg5+M6Wvw9RuoEJ7FWpiXrHkR1Yr4unLPQIeQHOgRb/P7e1FCOAdR0X4SeahRr
7tzpNle/btTgW1O6WZRIOoF/Q7Klyq60PTDsbemEam6wGzMEt8xyrSdnDzREtntJI5vgESgj/zO0NlKL05hUY6EiMgQo9MM3cLWuuulVUENA9xaiJpuQjN4Gb6+CI2On
7tzpNle/btTgW1O6WZRIOoF/Q7Klyq60PTDsbemEam7V6aq75S2SpH7qTKB+Us87H1rGRdP0dOEiY5ORBdacldMuOGgtqxx+5kkHyANPWRSMw06KAcSlTefkLdeXVP7Z
7tzpNle/btTgW1O6WZRIOoF/Q7Klyq60PTDsbemEam7/39WujknXMfIUFAys/xQNpQi3tBgM3KlwYcWTvBNEjEYBsJqdzlSeiTrGjaHlTdOG7NSEp7cmwUjNqDF0Cx/i
7tzpNle/btTgW1O6WZRIOoF/Q7Klyq60PTDsbemEam7w5QYxHZ5IsLCwDB/CjGgRXNrbvAX1dCOhRZ8X6ElLtW4URdFK/JCqVjO5YdTqJuzey61o3/3a0NT3M1/XCn7I
7tzpNle/btTgW1O6WZRIOoF/Q7Klyq60PTDsbemEam51ascqZCNENnG6tb5x2LP90GFKVmkywt4AxHKBsXFRRq64LhwvrwgAgwLUP8Cq3ynn20MfvYSHwb4kAlfCDOYu
7tzpNle/btTgW1O6WZRIOoF/Q7Klyq60PTDsbemEam4cgA7qwbVyzx/XvE4N67sfsloSoVqy2gxMNQ7kwCEaVkEPJo5xWrgtqAmZGp1C/t8F4/RhLN35kFOmpeLGeirF
7tzpNle/btTgW1O6WZRIOoF/Q7Klyq60PTDsbemEam71donFtOMg31FLAl3UR4GZBiXTzf1VFGRYr1p2YjPrGe2NsNkKLcEWYBveBrlyCyDtH9CgIdprtvYBfWMJkHDP
7tzpNle/btTgW1O6WZRIOoF/Q7Klyq60PTDsbemEam7vfXaCxGZc//9xsuuraUro+dWt4Gmkvmc8UJTJzGf0koUMn0xPSl/qjmaUznEmVHOzT98I/LkFuOkdRNjHThFH
7tzpNle/btTgW1O6WZRIOoF/Q7Klyq60PTDsbemEam5lc32GgwDvXy4Z6hzFm1uRpj9OG8lMXqu67XawtI6D/H4G3Xr064WlI6IS747WqyABEdJlfOOxlOsaz+9c6Ihh
7tzpNle/btTgW1O6WZRIOoF/Q7Klyq60PTDsbemEam43ElSI2Q/+AAmqCbH/Gyiz4XYa9dh35sVxgG6e/DhG9FW8m1qd26QJaq5j17oA9EZro/sAAFF5QpHf00DLxOrs
7tzpNle/btTgW1O6WZRIOoF/Q7Klyq60PTDsbemEam6azHxhAcOakl+Z7erd6wHze4rf889w+i8RWLcfyaEyPWIzk5TiRQn1CX2ftZEDuS9FGis4t5qJ96AorhVs80b7
7tzpNle/btTgW1O6WZRIOoF/Q7Klyq60PTDsbemEam4e5r5NkhsY1IjtMiycdzZRTG5pGzdoxdaodXxR9lW/UNP92PgDT2I9LgWdMSs2Ga4jVJjKFICeergJzKwX6kMl
7tzpNle/btTgW1O6WZRIOoF/Q7Klyq60PTDsbemEam6EB0Hmcs62CM/gCrsUPYqBd8JkQSF/B9bqqCD+2WIExobcOKZRrNhx98+cK6B4wFqfGhGVrctF9cyl3G3DFD7t
7tzpNle/btTgW1O6WZRIOoF/Q7Klyq60PTDsbemEam5nFR9GHzbbz27ptlNmioihAYD5ue3ZCEsgypQA3Emy4v2xJhJdeYAXSZOw9wFhT62DTn4L0qYK1fHcEOWOjRpz
7tzpNle/btTgW1O6WZRIOoF/Q7Klyq60PTDsbemEam7nAOjW/A0tJO9NVMMHqwYQMBCEE3gbr5hEHFqp7i2stNKAjNVrZVdg2CPdrTa75NHqk1J/7fcPEmPHPZgDXpGR
7tzpNle/btTgW1O6WZRIOoF/Q7Klyq60PTDsbemEam432KbBpV+W//hkdxeVUOnK1A5VnvVYcn+1E6GICupRdCQehULqCqb9bMbEad8r29scqPngbQoY/GQ2ioWYE8U2
7tzpNle/btTgW1O6WZRIOoF/Q7Klyq60PTDsbemEam7cMr8sO6bihhYd5JX8SI2xv677P1+aPxZ7+Yq+CU8PNIG4fap8dDIinmRZSUhARpY4ddLMptgGitpwAodwxyP7
7tzpNle/btTgW1O6WZRIOoF/Q7Klyq60PTDsbemEam4MTamX7e73dYK6qr1jIWlltYnnc4AC7inJ7d4N5V9xPgQULaXQd3nIx8DV0DlJ75bs+JyNqfXTgMUXpmuvqdFv
7tzpNle/btTgW1O6WZRIOoF/Q7Klyq60PTDsbemEam5wdHWS7KJm3J8sJlcOV8L+clSG5aVkwvGTphOl15WWCelVttlP1GZ+O1ISGfES2s9jV8arEz4up5yQQBcenBdi
7tzpNle/btTgW1O6WZRIOoF/Q7Klyq60PTDsbemEam5kmhEcfSbJMZyoAnVH9ZYMq9YiYcfVlGSXIWo0v8iiAr8soHq4mONw9rmyWg7enXLTlM7VQjO0bSe0euiU9eso
7tzpNle/btTgW1O6WZRIOoF/Q7Klyq60PTDsbemEam4jaIK8HtA+AmCH5kR/KU2dYo49+p5YKVYigCQ+i7x2kW1fgwZBYRFZOh+3Xfc8BYYL+0ad6J/LaOGAYzad1fiP
7tzpNle/btTgW1O6WZRIOoF/Q7Klyq60PTDsbemEam6/QoBiEgNIryAivZCO/6XXoUXUgE1Vk1omcurZI1gYH5l629UP/L98W3viSdo8dZ1QPJm4Of00M8u08JBKrVlz
7tzpNle/btTgW1O6WZRIOoF/Q7Klyq60PTDsbemEam68jyAL5r2JuhRAQv8azaeWs4y7lOuSnt53F2HobK2aTfs7pM939nEOZNElEVckek2DQ/2fBSrrFNm7ShuKqIan
