GmcONIA9PFzHw1gpPLLPoqev3ytAH5KO3S/CJpMsylg=
35kyjVfwBJgytCi6KM5Vug==
FNt9orFfFSbPIXNSbXcP2Q==
gE2g7VQeqq0h5MkG44fPUw==
A4ZCFW7RnVRfEnbtNxUDb8VFIQmzxcIFLuiIjRY2q84=
cwgQW1UgxyVfBeSrdwXHsPE1eoSAri+NViVSjTYe4hg=
pYn3RyiaY4vz2unSybTHuw==
mAzeFbkWBGyzJRgEWJSZYQNn44wFaguEUnqkvHVinQw=
NiGef/LGs6v8Em6sqLz1GYGKB0111uCW/TAqgkiW0+w=
2lfNnhNY+w/3xMaMUxJbE0YFT/wvMlSDz8Vrd5FEs18=
jA8zn3s4cpTs38wN4kuJSViw/bVbdTYIS+KzeCqYvSwAo+BDVDaJ0MGbzgv3uPL0c7G4sMDUONsxtFQZ1OoAUqa1itUgsaMEuSqYPIcTNsmGRaJ6NgluYaBwGXoSzAzAYHzRz5P6K9+1f8npVPiqjYu7B/Qpd0pVBhkNK+QIgYM=
jA8zn3s4cpTs38wN4kuJSf4aFPRo2+WacnmMC8UL2N/uj2M5GF+Cgz9Fj2lz5zNKt1aG4pRzhFMpFvGGAL0cLzyr0TybIekDQzTcHj7HJsnUt4ApSJlQ7t1SYs7xq+k+rPC0WKtDrVzPRHheWJQLDFHQLL8qwUvxlSz9dUQSugg=
jA8zn3s4cpTs38wN4kuJSb7pWreWnbooBkHliOWH7MlUu9zpNAoaUzN7iAnQZft4xNaKBT9Jh4t08KzLJIDZBMVLSJtalRk9OF4Uof9SOFKG4S8d1w9iq9UAieyWThmsQsm73vBO0SmxX8CwUwveMV/ul8y70iCEmvcQ+XLddQs=
jA8zn3s4cpTs38wN4kuJSWk9c5vdvSSdyFWaLKVz0JgRzh7+zG6QIjGNlqURe9ge+XJGwSGjtF7oInBWGLwX0PlXEIa2sOuQ2L+ILMxLMfpCiHNSRj0KjN1jBFQx215UW0TfaDNcqyiY/WChAe0KPGTce+sXrw/eUX4x4dKfu34=
jA8zn3s4cpTs38wN4kuJSWk9c5vdvSSdyFWaLKVz0JhEkjgwHhVmxYnEZ+Rpl0cTkwtOWYyOVndgNGeJymuK8BNwLxtAJo2JxrhjsDCXqZyjFCMBR9w2LFaeL7DSTvbr54zE50Eb//7sToKnilSL655r7VVRr/Hi8rrLiQUL/JI=
jA8zn3s4cpTs38wN4kuJSWk9c5vdvSSdyFWaLKVz0Jht89e+Nrdu3QlAf2sj1naXVYGLtQKkjvGpO5mrp6iEmodKxqiqRVwIKRhOg9YNoVyj34Tcw13IJ7PUSr8xva5gPO7GO+DgADgjuE4EuR81uWDt+/6CPGMA8dInWZk+VEc=
jA8zn3s4cpTs38wN4kuJSexbW5tcu7LEm8Y2rG6tfYCIXH8T03kRT0dIXliQwZlVF/HesMaRRpT7wmZnsAmgoFiAI1/1IGu2lW91MztY6UVjLlwPmcv9Tr40Nz6mN4zNW2IaPSaG+gPX17XaYfdEIQ==
jA8zn3s4cpTs38wN4kuJSexbW5tcu7LEm8Y2rG6tfYByp61fegljE8pWW04GPlrtZ8scCuJwWisl8UVdi+VJZyiWdZGixYMTSY7/wp4WHSf3oFTyw60MaLq/17JrtznBr0UQUkbfF1EIq9svNYoloA==
jA8zn3s4cpTs38wN4kuJSaQeFeyusq2tLGlAS0HjGatc7sgWIK2LihzeUpBVF1qA1AIM3hR05gxYsLRAmWtzqzazGueXffXLJcNMzeWQqilcTV/YdHGk9GU95MOuNM23FIPdR+vBJ4LXuadiABWFTg==
jA8zn3s4cpTs38wN4kuJSb9k/XHbtsLPu+yXCQ11UEUF9n7kh7zmlAS+TSePvrcoNtQ5qZLXfyhAyqckD9U+ckccDcrrHdxXdxjrrUYh7B2sNM+q30qVQfOYkBDw45pJzR20tYrg65MvseqVzSFmBg==
jA8zn3s4cpTs38wN4kuJSe8MKWScrFDH+e4s6pt2vYBE36VW/XwnVSoreYiNQOdmQGB8H2RNN1gCtngDO+IdmruUnEgjKAhIxNPzHNIP5zntaPVaA6h+Hh645s4gmU7IWu8jlRlPLyHhO0hOb5/Jnw==
jA8zn3s4cpTs38wN4kuJSQzXi397XMPENhtfvlRENpXFo6wZuRNMfw/9G6AR7mt/eweKOxGJRZ1cBc4OIhTzOdLE1sycjwPgEWbBM9AXyMWW0iFNtgtpBaK36o+at/tWz7KqPMzfliWrDTim+x2y5g==
jA8zn3s4cpTs38wN4kuJScNDRyOibt4MUEXR8q/yfS6gWZkYPjUEiWGjssDZnEDQrQcovVl3qOnGvuo5hYixyRGOXHtHmsqrHt+GLp5Zmk1JcRCIeMmD+46mX7Yy/dWnb8nCRiTPCzQlclPgXZcgig==
jA8zn3s4cpTs38wN4kuJSST7mcgjsjEQSrm7fvAwELYZ1PDiNZ5EShgnrb9keVMbOgV3BhtjjtteYN+N1GEArv+xF3+91NPZVSGVALGNnEw4FYzek2oQIMUlaMbr/lsVuYKt7nvVd1lGuQRFXbBJJg==
jA8zn3s4cpTs38wN4kuJSWcCM6/aWqg7HxTEH8KUr1RydHAU4RGg14gu1Gm3WidZsQD+8hWaU0dyZHnubtPQ28t9Xi/N8SlSpo8NRCLwH483bPKlRew8m9boY524Ze/ZRTcnqBt7d17m4EQSx7QTsw==
jA8zn3s4cpTs38wN4kuJSf3nRlCssQojarIa6KG8ehyoZZ6/cl9c75hY/KHwiwzqoRIgt0oKY/fulhJJ9MXqxQzpa0TNh+Z+KuvCTrV/yx3qnztmTrK8tLKiTL+hC3Ew7DTYJrnwq07TLCcbrbwI5A==
jA8zn3s4cpTs38wN4kuJSVWnUIWGzikAlkMYYMP5SBLAPLp5iTyTVXno/jzf1aPYvHE0kQ7DYwqAyTsQQxX46p9sG3H6iME1kqC/zsE7bd+MBGUmamPbcQSFhlvgA7gVofG8sbpoHdRnjJkY051oQQ==
jA8zn3s4cpTs38wN4kuJSfdSdUVtKNHKPR+YiwTVaJADeazFmj+QarpQV6gHNVExeVZ38OpkWoLsCfk1zNFqvY36KXh/oPgpjKTjn1GBwKHdZgDs4i+J2/dVNAk/2lLoCEjpLQw90ZgDBXvvNr6Usg==
jA8zn3s4cpTs38wN4kuJScbno8/r25KOThypy3J7eNkDwvqhSWYnUGml8M6mYEAmLsEmnxoHxY6tz/9qVvf1ctqFwf+syKw8P9zD5NuCjXOS66HhxJVc6xXDQdZY8rwXuKLfibZnnegvEiOR07hyPQ==
jA8zn3s4cpTs38wN4kuJSbFE5jnPjlZxXymYF3vvk/0+5khWr5hQkc7miJq7uRhnCVZ1o3wsEzSo7N4V9TD0p7WpNz2YiShu4Gt8/ZNwCoFQvtGzF6lJBOjVYIPSRb6Js9ewUEE6ldKpZlOc0Z9gag==
jA8zn3s4cpTs38wN4kuJSTf9kn8NK8u5wUfDA4PROCcJuj7SKm0mD7vP2gvTlg0ugG1VB34FTEkwgnP27Z2mPFaYzDuD2NYzQFWgGz8LTw4iFw8uUcKfyrDVr/P1+gtO/sctENrjPKBSlCRFzduzIg==
jA8zn3s4cpTs38wN4kuJSdTzLdynNUksRHuVF+7wqIxZnpFUg6o+FZ9tzCYBqs/Mpbgt7oIpqoICPdQ7RPQVVarsr1+rgj+UynSpg30gupQe5bVFKKmv303BtoJAs2vLihrdt5hi9z6ZuTe2HWVFug==
jA8zn3s4cpTs38wN4kuJScyW7dxyun7khGA2uLTuyhQDUzTRe1vHuu7vjxvzzyqANpvAsJRsAEAI04ibTfCyK+X2IM4yL4ENHytJzHmTpMuKoIX2WTT+cNox5R1/61ZuMwf11EPEVTUzEaQ2+wYAbA==
jA8zn3s4cpTs38wN4kuJSfHpz1stECQlbZJmmTlTspr9kbWEJOhq08y+mTviu7oj75FzJOtLW4Bbdb+2hOCwPKFbrvlvRSEZUH+a3DQR/vugixN9GovSd+k73kVPSlR7qIjQkjCtGxDZS6XCmo//mA==
jA8zn3s4cpTs38wN4kuJSfowTojmI7ggvNXk8rtGGxkGrAAIcmXeINtlJgo1QjuJ434LnbKnXcaV0Vs28Ce+DyIZ69dr74hbJQEJlC8I+SyP33aT/Y5jkHQ2gHSIwwbycEaaV01xIlTSaCN+PKCMYg==
jA8zn3s4cpTs38wN4kuJSarMCQYm0/UdrR3eUmAoE9lwiinXZqeaucq9F371AZvvuLUaIRRa7JHeG9gfssa5D/LrKSsXgNwUbm3y6rMpWgaS3xXPpa+NcIxjd2KDoZ39TDXKJ7FmeiDnS0m8+rLgWA==
jA8zn3s4cpTs38wN4kuJSTcx53ehup030k3RhhVjJVbodqfe/YEtmMbj/k15PfOiTarXkl09ra1hkGz1ZDn4qVY0RNmNXpNOYFyVyfXzAm7hVQxLWg/b85vMimbbCS5oqHtwSFgZkQb1qTtmhBRfww==
jA8zn3s4cpTs38wN4kuJSTcx53ehup030k3RhhVjJVak6+4VeNm+hfN1ByfDdoNMSQYHpe02rd7k52iUcFUYS+KYNnfiikbr/E84OR+2vYojlOv+b0h48HWUgldiharXb64W1ut5fM40+0sE0DVkbQ==
jA8zn3s4cpTs38wN4kuJSY5YjforflLFQM7AlRQTuPMpMFe5imGRu4XRNXtuwEupC8N/bGKsyGQYMJDNiifThri2TK2TSiiMWMbeddHU91ihacYVKHQ1Y7MFeiB+foOjsZbwP0fer/hfU6gshsRMmQ==
jA8zn3s4cpTs38wN4kuJSTgSLE7Xy3zB98O+1WCk/t2l25sO5A2qElc04r+JxoenoHz9BUoloCCjSedrocvqE/Y7bS6BQvq8zSUtoLxGCTA+zZG9XSsINJc5oeJsClA9yq+DqxQcJ13tB99WuOza6g==
jA8zn3s4cpTs38wN4kuJSX9zLAstpznX+4Ig2KAN85HWF9sdb6IQHKL0nBXwBbc91lpegjPijVnDH7sPbHTatLRP824aW8DmTfJSNVWwOBRKo8YjAIdXyuvS2xhunqDT/ibuTWF62pYsB357plnlTw==
jA8zn3s4cpTs38wN4kuJSQqs+7+VffN7MHe7MlzX4/vP3TCWoPcteOj3BmPiCvBVqlGp4QyhTxJRPlClEIw6r9oWK1UYjjMEvXU5dY74p/S30E83J04M0BCFIbUolxZKvZuMKdmvr2/bMJoKY0X87A==
jA8zn3s4cpTs38wN4kuJSbxzi1GIaQsrKn8+GGLZJ8fu6Rr0SWK8U5DxclFEokKHqbC/NcRmKX64/nuqlC5S6DtJ66Tbr3yr0N1M4p+tngSjbLi2xu1IX2PbLJjvouw68E2DIbopopMUbNaVHav3fA==
jA8zn3s4cpTs38wN4kuJSbF1YiSL1DPyfe43/Ih7jCfwwQzU3EY+QEamGEPs7rv+ra6oFF4rkMjXF/BYPYYbUMx6nDXrM4GjNLpk9ejp7qGDN9g5cKMi637vdlqk/13c+GdmR5ub51aR8GQd5Jz63A==
jA8zn3s4cpTs38wN4kuJSQdUA5+zZrn4FZ70LHvhLLXqD1recIT4kgA/Bov+hkHDFUbi6Rm4z16IPetefIh9goZj7nRqJukJ72Pxyinp6vQLYHthXW2jboahaIxTYIZy7se4mW86sMQKzJ3azqcxog==
jA8zn3s4cpTs38wN4kuJSecFMEZJviabYsV3J8AwRbs3jIEmWwKfVPV+GqJrr0F7riywvocwDffaIYSzaey/KuTX2VKGsr/I1gElmntjyTKWr9uqHdOmnmK5WmOZV4W6NY3hPUCCohkft5jg42aC0A==
jA8zn3s4cpTs38wN4kuJSTAIYSc8eTCeB667EB47vMvcoHpII+KnPHvtriUTaXuLehE6AdDJOUCY1Lg1xlk3qd8jRwbayr/gDcZ5jA1Y6mZqEQbHQLeMvQOUnwFVoIMllcwapf8uKUfAPC7ohGYEoA==
jA8zn3s4cpTs38wN4kuJSRgQi7UrxZuxhWFkhLsc2gRXOvQaMNeRPX/R2nZaneG6YyJQIUuxIMJwL1xgmnVELSiiimTohW+L8YT/4SGfIQBgjpJYKCnd0yCWNFojMdwHcSibsKM32zshweTQII+A3w==
jA8zn3s4cpTs38wN4kuJSac/hMMAyi94h2KLRxnYNY3k7sRsMo97sPGbEKgjhy26xbMNBwizNrWPWrLXvTKv1jqPGA6zDPeY8ziJRZ+tLlXMu4CWYgDVxNpKFH4UE2A+6XSagHClCJIiT0psQ5f/1Q==
jA8zn3s4cpTs38wN4kuJSa3F2XF5lPdsfV4Tc49Xai8qZYwMPy3GStL8yonLk63mYlmoe/RFeQqcvt8CaFXJe1SOITVIHxlVeSsHXKoHtZFYDVehl2/RbHV32UEKzrzzHrVIyPsFZkvjmY4TKOHFTQ==
jA8zn3s4cpTs38wN4kuJSdqV31U7eP0+6csBjQ9ssPE5a2BK+rsh8Wa1LchD23Lu5X9vLNcL3q96UfEXXgErcU634Upoifskw3NcZH/Qh7wvwrmtboM23djzO+BMFZHvOYPAOsr5ACcUSFBqOl+X4w==
jA8zn3s4cpTs38wN4kuJSRZVs5gen5tMq6vP6DHBFiD2xg+8Z23BKCn9LUvIwQ4oDFFLQN0jMCt4bwXJWmyhHvudpIF6yKSt0Qw5jm93mYoIwjZaiFhQVJ/ssPL5ds6jINdSXovSFQDn5mchQO9NiQ==
jA8zn3s4cpTs38wN4kuJSUOnNKJzr+pmeplg0soY8Oh+M+51yzCQCVz13rPK3wLa8A8/HgBxCJ+RkTUqoP/GASxPg4dEa1OFOVBFmGJly4HiwfNnd7scr7JdO9o5TNJH9DLrYkds50NYisq53GGuFqzjDa2g/jNBnHvW+646BgE=
jA8zn3s4cpTs38wN4kuJScPWYQ2ro1e+RN9GK02VH/3pn1C7nDsP5BJ5blldVNmYPT767Zy0gwqTdZHppcbXVUSVw3a+oJf8AVLHw37/9Ui7iAHUTNx7+wr/bWdCBO3H9ZzENBo3iy/he9iJly4Z67I0Qyc1/0RmxR/26TGE2nw=
jA8zn3s4cpTs38wN4kuJSZGn2CtLIo4119wlVwvdW/qPTT1LqDYkvFKvPje+WJ2NIHqZtmu+gt0SGv1hPdvVfHYnDCF0WKWXZh5xe4H7I43pRC1SgOWH33qoTFEU/DGXvind4KXPF7a3dNA901GvpivJTT5NQysztyf8hNALduM=
jA8zn3s4cpTs38wN4kuJSR5muHqp/JSX0HszkdOPIqOCbifyR3PBYKvwCM9JCc16GfbV61OeoA2B+sgOV1nCOipiIcAZRmjh5pcenG3QcGuOHTgEdA2fyF5DXeLbzjazlOfg+Bkl//23Kx2PZpnUbXFAiQasKtvSeCsU5gAAoUY=
jA8zn3s4cpTs38wN4kuJSR5muHqp/JSX0HszkdOPIqO1w5A6zNGSk8sFZe06RUhHwgaWin1+qfI61r59R/Uay3PylxzfVojaaI69KcvItm3a5RaaCcHtSM4402iBfe1tMi8Z2D6JocZeIkrM9YqfDHEUM5J6RbLMa6qW4J/C0i8=
jA8zn3s4cpTs38wN4kuJSR5muHqp/JSX0HszkdOPIqOdLuYkHxD/EalEcbURi6obFkPKBOoPZqGmGUhjCeku3ufI6TqxekXuWAh3unkjs1MICUWRwc4n0y+98RcE2euTwFGdzwDSnedkpfOO91w+b9uha6xV8oLqn4rRqPobKOE=
jA8zn3s4cpTs38wN4kuJSShWZnyh+NfGE04E6+OXPzXLW0Jba/ClFFPoPyCWKlumxVGpfinotrm0DUL2X5Qgn1PE5JqvT/P3y3Chn/Lx1Szyv139Kp4dXibMtGtnHkfBTbC+9iH1siab9pFXGfYruQ==
jA8zn3s4cpTs38wN4kuJSShWZnyh+NfGE04E6+OXPzVJUDcSTbiCPwL8B5B7YMCvl3Zrv+5S1p91SkoXTkMHtDISo8yNqKrTZpQJdO7x6F7520svG28pHiP5PI1GgdQhGBDSUpI1fuLrtticd1PORQ==
jA8zn3s4cpTs38wN4kuJSWNHg7cdhJgNmb3U7h5RYiG7PCOhrSXqNilTO/hWRDIFG2Y99JEShXTtNX7N4w7fxkSnfI08pL1+m9C/D9uBcE3KmVtQ+nvBacKzThhqA6w9TK845oWfeRDaPDRCMY2nUQ==
jA8zn3s4cpTs38wN4kuJSW0uCFDdyOUV3WvtCnNoSl9NpjpVVMh8rhF/AcAt8Ev/B0IP/qVO5vb/xcYawR08eBTtSvv5fDxpmN8zkfeEx3Veq/1wsvp/uCmK+EN+TUGSg3RbycRZVIMzYX47/Pem9Q==
jA8zn3s4cpTs38wN4kuJSSEq5eAJNyUPfHFL4Phei4Wm7Zt1aeFNtwLbunGBqmhX94YXflmU0VMrJBTlnfb6EZ99y2DBqwexYgutHCLavFgJ322s0Fm4CjZbxGiElHet2g03G6RKcI59gWETLSYH9Q==
jA8zn3s4cpTs38wN4kuJSRlgcG/t1OrKby6y1ZCSaToExnNkPj3wAumY1nBpmDPp7Ha/Tl2zVPxL6Aoc41+LgnRReFganHLDrxe3kbL1QjnnBuCRWTtvJks8fdNz9kSZvWvv+vrF4sKiFEWRm6/1rg==
jA8zn3s4cpTs38wN4kuJScimf+clrc++8ruPygq8Jie8x5WI8+W1UoytmxFAFijQ/OqUQSsGCArcU4VtJUhAtf+TYTaXM8b3jWfV6K6roulrlTB8auWvYX0oMTwkJiwZ6NP1nOzEkAG7dchgiYf7/w==
jA8zn3s4cpTs38wN4kuJSTSdFf6FlA3Bq0RA4CGy6r3T4e6dArRmMCZbeTd1a2yoI3t7LBmoVxfdVh+uyAmdm8IiCF/qkg/5NDNL+Nqy81e84aiEL+1Z+UnwsVWdn0rg40pzlbbQ7t/qaMDIigfgXQ==
jA8zn3s4cpTs38wN4kuJSTys+cDSapzFqPwu8Y4BSErcY44it7K+kxvRdfVmy4VPUGfRyhPHQPPWXnVkWh9eUHFm6julUiT7mU65FjkNWo7ogVUOxYeZceDd/Ov7iYlSs/QZpwDr2uqrFdO1qYnXCQ==
jA8zn3s4cpTs38wN4kuJSTJEMlyayB/2SaZmMN5hh6dbWka7ioP9aUO2hQv1UdWkInGO2Chk1slvNCd6WqG+hkuFwCvkqbxDzBZOFCE4AYYNbPkRAbRSvMd1JqfiKfLhWB5Hm4nt2ScvWxuUbb17cFymKjaWcHZNoqz4YlwKgqQ=
jA8zn3s4cpTs38wN4kuJSRFE+kyO0N5niM3wcKA8yJMB8MUalockUnV752iD0xG+jzqBDDF25Gujrm4n2Zz3iCAQVTw9CK6zLTBRtkRQrJEK8MK7/pqIhX1/k2/7vHzjWky7rGfjReoR31JHHb1lNhmYKUaWrzHrgcmkh0ZNZA0=
jA8zn3s4cpTs38wN4kuJSZkrAY7V0xyvzPvu8DJF/zvvVRbX78glG2XLv6PUUrG1+AZjEulOUjP2IzL5Kh6neT9k6rIt1JPJgLUV03mK61qzgOOCrYZVix0BZF0E0+mEhpT984QuE/8c0EfhvLSAZlvEjf8N3XMNQHLRdIDCyks=
jA8zn3s4cpTs38wN4kuJSUsbdj4EDU8MV3ASq0WhOHemoLVqsciem1quwRyYsLkLhBdsGYT7zCPX36eeyXfXbRH/KOsXSYdZU0SmHkATvw9X/F9ljHdyYynXstq2uErqpXTfgbQJxqurg8DY+yklPqmlmvP0GU/OaNd6sN6RmDM=
jA8zn3s4cpTs38wN4kuJSUsbdj4EDU8MV3ASq0WhOHdFj18JYTlqDn+BIMOEC8VkRGC7U+b/5aAyTnLp0HzTvxI5CxxYZc3JM9+KKpiel9ApoXU6TZmBNgdFNbMn1saRHO71reRft9st8ABF76nY+eMN6nn6j72wIlIWVJZCuRE=
jA8zn3s4cpTs38wN4kuJSUsbdj4EDU8MV3ASq0WhOHe5lSXDSIqvOnmRf3ovD3MfQzUd497JVvDDg9H4rn+a2LQ/0BFfEPHvI2QBXT9/1cf30jX+uRYpv9GelDHBVFL/7MgMc/9STTZPH+I9iYMd+ZaU2+wyDF8xyHS6njXbbtA=
jA8zn3s4cpTs38wN4kuJSQk/YkUDKx1mMypsqGM2oz/tUO2OyD+i2hwUNNKVkMTjygauN1pGgB5dI34iPR4mt13Uv64gCVXCbo5c4f6/AigpiYdY4f1kH+hqwlBuNqpN5BX1Ee9ch/0YXjgoQJel7Q==
jA8zn3s4cpTs38wN4kuJSV+MY/bTE3LWLqBQh2tYJ0ArZuMUZbpbtdSUjtAnsVLX96BVElg36dzNgSDlk/x6OvEQP25Ie7GxtT+2EJnrbLhxsrfLAKP0JZW66nM0EkWkmDZoUr1LnWNeiddmRfv6Sg==
jA8zn3s4cpTs38wN4kuJSZ5we10L2L771Y8hRT6wgBIO8FNX+UrOs09jeiVDGi/hN/A/etr/z2wh7qNOspiytHJhkHrCxGMV7WT9PPHcMJfx3EeFrL4NzGJ4F/g6N5PJOqJZxWPvuaLm7B/ZrN0DfQ==
jA8zn3s4cpTs38wN4kuJSRiggGrpEdB2m3I9J9H+nIqPIuZgs7IlCIggHrFnWlA8wU/a+QRWKMbzg37huTh8dHa9fE9yptRKgBFp7cW5EKc6fc2/a0RnrgJKx2Gaj+8VPr2JaQHkNLHFSPjN0N2KXw==
jA8zn3s4cpTs38wN4kuJSfB9thAzf7VD1zDcsD9n2zZg5rgPJe2gMQsJiUBz0M+zTaNzzBcbLgC4ZOQLc5iXPitcGHxg7erIUXmeybzDj8bBwyu793ycRwLtQzj94JZPNDgZmqic9Wh+8si22KCs1Q==
jA8zn3s4cpTs38wN4kuJSR7Q6IXg6A+rO84hwBEdZ9fopu3FEEYdO1/IeMohyEUh22abaJiflH42V0eYcpnlW+dAfs3j55cSMEQktlHeRKYIRQwfm9gmf+IzRmMvCVigVWYA1nzgwR4wTWRJfFL8mQ==
jA8zn3s4cpTs38wN4kuJSS7Js204qbvYL/da6ugLdBPudxbJszPvGnpsvMeJEiNzVwrchVScRRCFcqWLH6kpaoEYLa4VXLp9GUhuJcsYAFELG4Rv7I11wiAAXK8z+2qIXBC3x1kY8pysbXZZlUiXkQ==
jA8zn3s4cpTs38wN4kuJSUHNU0lNUbMWrwDRc8xbGwP6NYPxjvYo/9uoKimGke7kijZi4wFMHtsgxzP7DxikMD3nJMHGYJe8cJsGNa+/o9n5ROwl3s46egedaBKYSlqZCT/kFdYd/kTWqRE440jYXQ==
jA8zn3s4cpTs38wN4kuJSUaryaQ76kgq2dPd8nWTboSyLq1dIkN54etAxYxrEzjVLcPkGYWBUGYBxFMEsXKqCj8Zf6JDswKRvLZjAXRDoUCRy5E5XJnNfMOO48AU+ItHNweO7w3JiB1FE9SI8ZrwSw==
