GmcONIA9PFzHw1gpPLLPoqev3ytAH5KO3S/CJpMsylg=
35kyjVfwBJgytCi6KM5Vug==
FNt9orFfFSbPIXNSbXcP2Q==
gE2g7VQeqq0h5MkG44fPUw==
A4ZCFW7RnVRfEnbtNxUDb8VFIQmzxcIFLuiIjRY2q84=
cwgQW1UgxyVfBeSrdwXHsPE1eoSAri+NViVSjTYe4hg=
pYn3RyiaY4vz2unSybTHuw==
mAzeFbkWBGyzJRgEWJSZYQNn44wFaguEUnqkvHVinQw=
NiGef/LGs6v8Em6sqLz1GYGKB0111uCW/TAqgkiW0+w=
2lfNnhNY+w/3xMaMUxJbE0YFT/wvMlSDz8Vrd5FEs18=
jA8zn3s4cpTs38wN4kuJSSK+aIb68BMDHYwQzrZc3HZNamtefewbaxzah6JRIg9fmgkVRr357524PO6Oq0w8OTeKTi9Dpszc7MzmSY6bpviQsTM8JATmFeIkWAwV07X7YRXBEP5n7hwt58HmMCuewqBmxSeyoEztJQqNuH6DeJ0=
jA8zn3s4cpTs38wN4kuJSfOCDEa4mRL/mk8SWBJHgVu8aIB9yddvfOfNJH9xkFVv+l3qTJiWO+9EwCvM+WOtTjqgnqb3ozHfFWyjLS/JMFJSd9jsm7yg3Fry3WWWST1ZyPligcnmnM7WtISyuLPC7dTF/8mJDXDieSm+5897O/s=
jA8zn3s4cpTs38wN4kuJSVHFqlCVDM8GJDlqiAFtr3O0F4RiIf2E8yDrcccloklFt+RwwM96GYGZ+0vz3ZDBUdVjDACGD6aMg7HaqN5j33yvLwOX9Z27Lb/vzF9U86dI3YnBG+cJyqBxCGYlcSxA/an9DcluJclixI2pLqnyJaE=
jA8zn3s4cpTs38wN4kuJSXyKJWq90KbDo0bKPYYB5Gze5pXmFrwpl0TBpKezokwJfWxEZore1Dqfu2myevnLF8Xs7zj76ixL6T0tU3arPJXNhFtafIDRFk+HB0cVuYWNRIsqEVpHpJzfe3jvnT8+UZjczRc9u+Y2CkgM5bx0b0s=
jA8zn3s4cpTs38wN4kuJSXyKJWq90KbDo0bKPYYB5GwA5yu9mlKROxwuH4QRMNCPwgQLv0D3qXcyKFI8pTyqjx8pBfYGVAmGhwWiJXJ6T/uBg1wn0JCTYmIhCtKoQS5EX20lzbRD5BDJlgQGRlc+wPveRKwS9S0iTyisfUW8Zw0=
jA8zn3s4cpTs38wN4kuJSXyKJWq90KbDo0bKPYYB5Gx3b2fWn6cTWFwa/B5a8AOssQEUp352nPaA6UcRn/EfVUifa/8YZ1L+3LwOZQs7gL1J1AXGtherHU9+VAKXFfEAay9NCPh10FYSQUj5kTplAJek7U9tlsPMAFQ7khIvwic=
jA8zn3s4cpTs38wN4kuJSbJIBYXJByYYIWTSb3O2iOlI0TdH9oZa8CtDRHzAjLxPyYfvdgrwVGc84M2H7rocXxqkuBlEnwhZSgEx3HbEWjpWiByhCjfQPGNLoP9E2ZyQTp7KWF3GkvvYT33xpk/cCA==
jA8zn3s4cpTs38wN4kuJSbJIBYXJByYYIWTSb3O2iOl7CCDkieE/tHNUvuFXg0wqEJIlWW4LAZxlFIhe+1BXM1oaJDxAjEckONlZo9Y6kJNcmGPdQEFHeG6GPK8n7VTyzj43BYRPm9VQW99nMzcesg==
jA8zn3s4cpTs38wN4kuJSZwgVxr77KU0DFfpabblowe2baAQvhHtLBDjO4eQGLD3LAqvW4KVxkD/ttpI72sGDxP15EwRNma+VJFxloJt8kphA25YO95WXdZ3yvrnY6Vw557pCSq0d9ahDhpq0RetFQ==
jA8zn3s4cpTs38wN4kuJSZ1YIbDsGF2zbEfnxilmwnjZ17Gpa6DPNgXbMKYsAx+kpoS6QYCTIGuTAceM1y1JHDIOrW8qXqBGNhqEwOz2EN4bwU6Tl7wm5wrhuJSqs9lUE5A966IXKfkzT2GtiPhoiA==
jA8zn3s4cpTs38wN4kuJSYR9CMJUpgitsoidEjEPGh3CS/BqTkg44gDUzjxHvbTc3peXPPjj0p8aDuqEEtWGY0lnB66CPmcBTNcvaVV277cSDq9nHpsHPvI7dEG5xk/8vF2mzJgEfY5ajlLnjaEGTw==
jA8zn3s4cpTs38wN4kuJSe8Xm4j1GammEIjL3DQXcB3VsSrUJuZAWl3lRCtnAwYs2V0kYXLW8/AIgNdFY6dX9QZUtoVgODP9vd/1UUTWMYvgsdkgsi83tMHpm+JE8Q+EMpcCMFZpHF3BeUJkWKoyit182AhjAt0KPYtDXn8jqTY=
jA8zn3s4cpTs38wN4kuJSb1zKtom8eh310sEEu7+zq4wjK4pSPZNtinReBxTsG2xk7SbUBf7WCr/G6tjlnQb6kJLOZdjxbrVTwbuFSh07spP310PZNSIkOhqXBn0u0gozPCP57gfEbd2cE0rGdCjFuCF156jJEeXmk9vPkZTMv0=
jA8zn3s4cpTs38wN4kuJSTQ2sF+kL7x1ueAOWoVhQ+RoIHkHQE0Sim3o6JcUY14F7UB7S9MU99WjOV9dULMHbNnazNbCxWdSaA+U22LNTZQjz612+p4cTMWuu8vJ+OOsL+4wPcwkpx9A6aciOJGctTRKGrgRK8sh4jhJuB5vpW0=
jA8zn3s4cpTs38wN4kuJSTQ2sF+kL7x1ueAOWoVhQ+T9xhWjFXaLSjKN7rSvLhy4bshEuFZQTUGpFwCwLLMY5JDigVGiGiqxU5lgXdYw3gSeNBZu/s0RFYNAX8RIYS2nGOHWTneE7PzpX7m/yI9IjD854xwKfYSSdsXcjbY4lmo=
jA8zn3s4cpTs38wN4kuJSWDMWjN90XiPHevCQ4tCKiOhakTbqWzoqXb94F/ohOyinEUwsKiZt4b6+/WTLOh6UPafNCPwZO7nseCY0johbA02oSfEaQOrzcZASVsuct6VIgC4IHNWs9oTD2Eo260IEumm36B6AgubQplvpBIDLjE=
jA8zn3s4cpTs38wN4kuJSTQ2sF+kL7x1ueAOWoVhQ+S/If/K15jd3FLN8a6Q+U271lsbdPao8vEjt5D74+lJcDLXs/gUmhA8pct7xsSFUn9QmXZTZxnPU9sMj3JQkY4Prmxe8CvbGXSKSuCVGFRFZnjAIYZKJShyMDDQ5G2H+ro=
jA8zn3s4cpTs38wN4kuJSYNNKPdXBdhM+wuTwddmd7bKduFHksawZgXjJhh8eCGbGvaoBb5BOTgKkZfCNFIlrFvuQP4J7SarzQq3SLkOVivAY5Lr1+NCV2/POOOo5x46RlITvJUQz3ln2iDCZlQFnA==
jA8zn3s4cpTs38wN4kuJSYNNKPdXBdhM+wuTwddmd7b920tJPryv8jUzu7DQkkYLaCtDdboh0hoEvjmwinsujAeVAtPTFu5TVPWFCaD15vQUyP0/JZCc0HY3J8HKyFhIs/+2i1W/dYsfQcIWNjZ8/Q==
jA8zn3s4cpTs38wN4kuJSZWDD6GblAdysEm8tfx75n8YJt8icCc3X9jJ9s0QPD5fQjPrf3EMeCBmdQ4WZGU0weFHM7xdH0dpIqAdFTiYmo2Y2LQBg+zqUTXISeOh5AyCAcJ3yG45MfD1WAyBbyoUmA==
jA8zn3s4cpTs38wN4kuJSWzj0nM9B1zatrgM4+Drys1pSf5c8jIDza6fj/y7Kug1AumQMU7fLAf201yguLfonKJ7RGD9xgMKKQD5xqMlFXo4hssos+8LBoCBtS0WvvN9uOnG/NPC3+IspK+1tawl4Q==
jA8zn3s4cpTs38wN4kuJSQzP/z30k7Wz4GdwbI9T4a2AWwgT6GRo5Nbi3pXjOE1dcf6eFhXkh0wO9Ye+c+dvh3ckp8XKsJBZQV1lTs8dtKhIyJf5tLYliSN544FxOcS9vXQ7/HPRzWuRqUa7gcEN4A==
jA8zn3s4cpTs38wN4kuJSRDyW7hqaEMZElLFdwD5KtsPlj7ttTdr2RJCA5MyvF4v6Pt9wKyWHFAaummZiJu6/kfZWpSz/tQMYBtIhvXaffZ14HTLQ7tQGD2s6uFiHADhSqpJNcxsJtucvFUKnjpycId0L3TzkgxZPNbI0cbMahI=
jA8zn3s4cpTs38wN4kuJScsH5jngEeSSFiRHt47ryCbZSoX5Yei5n0IvNu0VRbLO4bpIojECrlew7SkCULAAH6cJr0v16+02HLgABdEkJJb7r8BjFlB23y1yfzwlRqVcBYl2PTQ/d/vit/BEfn3Fa8pQAnpl1Z94z8V+ZLeUNhc=
jA8zn3s4cpTs38wN4kuJSTw2dJM32skpCczWjrBHGGtdMlVbGBjfQ7YbZ9z3XE/miTuaBkKl1/LUkDNiCjwBNALJwZDFlCyUQhWRGHgqNGM4xxX8kdv+HpVh3+yWTA+rHecShg8bqu+jAf/+qAsy7YqpZdD3irUACt891yYC5Dg=
jA8zn3s4cpTs38wN4kuJSRhx/+OpP7jXai3+eO089A0pihedxbwmRacIS5HHrZBgoxlf2Ovy4OtOvwxwOMpKqLD7CUT/IgPnMCH2zPGSRZ7ucjS2QXr2hED5lpX989pJmbdvf4scMl8S07D85Db7b0xjAiNsTH5HfC91oZqRq20=
jA8zn3s4cpTs38wN4kuJSRhx/+OpP7jXai3+eO089A3PlZLZ7T1Y2wRoAPIAb65cJp2/+W1nrl1AdT8Pu5YLrlV5Mdfr1KB3L2eG6p8i5/0FLD1qBZyp90qNL9kNfBsHMoWOIABENREmlw81A27Tz9aRfh6iG41DharykKL2KX8=
jA8zn3s4cpTs38wN4kuJSRhx/+OpP7jXai3+eO089A0tifARuzPRv98k9bykRKnzcoySaYL44vXyYbUKzMkUC4kS7MXt29dGS3TKIjtldkRQQnn3m9rrX811UXTSCW53zQEvFuH5Rxl51HAd0krpz6vgjg2VoO5193elQTBaBho=
jA8zn3s4cpTs38wN4kuJSbwdA3MKqnyoSiJly27Ruc5feWlPZCYlsJetHxkEYp0/f9NPoR5uVepr5jIwrHG5JJpPAH8CUXJDBU8OEKecbNohEo11MGydsATOI4+bc2kUMVeMNfRUFkq3CBPKITiuKA==
jA8zn3s4cpTs38wN4kuJSc13m4CblfR/Z0g9b1S8Nj/LAnMWkNw7uFgrhpn6HKf4KkMcjYcJ3UZJwnWTWWJRH0FABTSYWnUq4V0ySz5X8/I+l2QMuZb5iMfWwRyvvgsMbOxitoXrDjqaoAjhaptx0w==
jA8zn3s4cpTs38wN4kuJSbRLsxgvNicCC6ZorSMTXo/YfxpvtSxoPcyiYxLC37D4cLSaJ9A8y1tkGOAiQtzqyypT7DdFqGaWn07a0Q4GIdbTZP/fSLhSRqcO4kuWPHtcNUbL70mE+RCOi88dofVhxA==
jA8zn3s4cpTs38wN4kuJSSAuinme6LThqRQRwuM55TykPFPk4voDiJfS12ijsMT8mGz6JslolawngwKJY+lMeAZURBdweZzJ5G2e0ans6KMA5F7lSwmfb/A1Tp+udl4K6DmN7P6F3sPC6+DF1pkJ7w==
jA8zn3s4cpTs38wN4kuJSdWSt622Rj2nQYQVz80Vh+tt/Mh9L5HjpwtYG+6+be9cK/uEg0nt65ZuS1PQQOZw7QTQR5AGCTtdM3gag6naPu16uHqC1n/KwCnGmw/7DcmuUFe9xhdV1NVB9e9+4FPSOQ==
jA8zn3s4cpTs38wN4kuJSWyXl4h5g+mksCjwVjCvKd1U8hpfui2D1+nZaytRcUOAC/vNy6zsIcE3MSrhHt87J/NJQPL71ZeeqC2q1qS4bGbm0/+MlRsTcH7nDY/a8y+kp5D5T7oJOGb2IJk665LeL5trv3iCLXcmdL0uUt88oyo=
jA8zn3s4cpTs38wN4kuJSbFIt5X8sb7EnqOL0Fc/xuPcom9LKMCrhdpvtg/yOZ+FVvnkuLmYNfB1a+/SAYpterQooGa5GWkuyfCGeLZgcs6wGQtEzAuIXsfHY1zPmURbqYGvjvnAmuiuEnJJYDynFN5TkWg4AVNq132jEgH25AU=
jA8zn3s4cpTs38wN4kuJSVfh2ZDN4fcJxpoUMdz/XLapJeZd97cRxkNDB7MRtr7oCZNkDibRZEQ2biAdJIWFBbgrZ/Ty63calRzdJmHYIvFIp/vetSNcq1TE1/nTqXYsNCZsNw1L1Gsmkr33b1tiiWVy8N1fd8AySp8GBAyC3MI=
jA8zn3s4cpTs38wN4kuJSbRZQpNiPzYTuRvHsn2mzgZ9VV2jnHHtxfgJIF1T5uEl5HlLG2eBGvUFAQoIOD+firSinNxVcqeQB9a+hNEK4FsAJFfYV7m2bQXzCkVyTryG75io5ss/9wAmGt2Oabu/ZyRjkWGoOkam358HbGNg2jk=
jA8zn3s4cpTs38wN4kuJSbRZQpNiPzYTuRvHsn2mzgb+GP2XgDYXabnqD6syoVd/Tde3nayrCh6JSBOdyxqcEL0rDOSm7yTbQxqT2Lb+foFnOL42ybNYqqjHqZFXOgaWeK7jlHtBgmF+E8A5DSu3bB5hbURDh04OUNdjbjPBBnA=
jA8zn3s4cpTs38wN4kuJSbRZQpNiPzYTuRvHsn2mzgY0qOnK4MExPR6WaY0WmFEN6Hj9AXGat5o8OvqKd/tH0g/RH5c/3OfIsgCKkda2wfBD+h6s+46mRTqT/Wm4ODcKHsL+qixXsgs3wTDVuoTPl8Oj59dns4C8zQyoAc3hXPg=
jA8zn3s4cpTs38wN4kuJScaBv5l1UQU+5l9Z9MdqA14f4VloKu2/WveRXuAxqt6T0MX7tx6cgtgByrgY4xLOHt6icCwxr9wA/t5NbanGhwSA1RfPvxY8hI67CJcNOTHNzGfrnR9+aOFUK6rKBeHJsw==
jA8zn3s4cpTs38wN4kuJSbokuJVvN0tapOO5afngZrFuWqpwE8T+CzzVLR550zne3TVwxjPBkMgzqb+/VjOvqgdZ57xdfSt8Naa8JVG4HyZk/JsaTzBZYESmRKUimQZShz+WeVXDuaB67KpdzVKiDQ==
jA8zn3s4cpTs38wN4kuJSQY2y6dSXD8RBBXLWAIPHd9BRU3y5ZM+CvNLgyOznJFMO6x2oPPv4+9cORkk0jx42MTCg9FPC8epOhF0EEXhEPyzBEJ143Ets6C8CqW8ihf41+IwBhZqBdaWxTkc/kulmA==
jA8zn3s4cpTs38wN4kuJScuJLPwBkdZCp4Ij7ZtTaCkklC+LhhEKuyx/v/UNHoCzWvilUFJ9TXB4f3qKyOxiXZiE5qLzqgyOdZvTW8l1x8sAjz9bSyB0up2p2h3WZrmApTvy0MJqtGDiSalp4bHbEw==
jA8zn3s4cpTs38wN4kuJSVvOZ8txk8w2V6F/nUbfJ1zpxvqJ9MDlQftKGC9hq1GkeXxIdlO27qJzOhqrtw6sPcnFzxLm23BSyHz3suWgWEvtT/H23oDXqVvXEy/V8Sll79CFpbKh+q8JBE/Jm6hUVA/hiRNj5cRMdTVVxzoXrnk=
jA8zn3s4cpTs38wN4kuJSXnKzHnzmwSFE5baYJVwkVw2CqgG2Kh/SJaN/5YsjjWhbonSzoAkSwOc+KV2sQnS/x10ilFIpc7JBSmYtY0CavSv6RCgWeme3uO3tk+dmShIRNhXDmURm4jOW0GAadw2TyjFVRcazlYwVPRwq5TsOMo=
jA8zn3s4cpTs38wN4kuJSX3i9IXX7r9dt4HgsipRGFkS0PLIhG7Pce4Z4sXJPD0GdknrwNT58xy5lw9ZKV71PfcEqEcs5Z7P3keJH9Af99HahhLoMREg3C91u2ua/7OUH3MT1j02BzGqK2q0cg4KTppLSj0VVj4mZAbeweoq4O0=
jA8zn3s4cpTs38wN4kuJSTKIzHaDfo6P/Oyac+V4Qc342H9ELXriqbDpQkzA4kVhmVcO51/xfRspKGD8w6B5AwSWXvi9VhHP8jkCvHpnk1sR0+t50OHibe22imB2PTsQs65Nq7B3eZG3gVYdmWKZdadSuBd5DsClHe54QvbclvE=
jA8zn3s4cpTs38wN4kuJSck2Ga6lvBoMedm103fTPgDbsGEQPEh8uLT1yDm5qrIh7YLTO7SWQpLAvCkNkLaP3mCVOy1mJbphN5XettWs7DMyGXg1rMwgO2w0jj+LrKnXgYOOjwubn3xYb4m36BbFlZrkxiiC79ZcoZFnyPmbLn4=
jA8zn3s4cpTs38wN4kuJSYxV2KRV0gRMh+7g6SUcifb74PJlnAoVzMvVRCotnC1WT99yXyANHufW3jyKR56ceWv8eQdeOp0Wushc+s3H547d6TO6IdZW1GgcIMOlz0EM9bva0gLb1ZSnFzGj7HfQa8XTwujHT9lnK846jid79Ks=
jA8zn3s4cpTs38wN4kuJSYxV2KRV0gRMh+7g6SUcifYG5euW0acnI8cZkq0E84GCLPC7nY922yKwjc2RKOun10Q56er/yd8YcO4MmAWHIfxg60GVDzw8F6zY94DayBg32tdcFQtChsi23EJnG0sb80+k/aVnb/OiMiRHQaG3I+U=
jA8zn3s4cpTs38wN4kuJScfibHxYXrANxguCJ3dMSl4qvQPPUDlF6yeXu4bIfXNCYsx8JnKQjyigsTAHS5HHVqXMwJEVw+5QLnqYRFHu0VLQRWpDNnGyt8vntwvghO0R7yh34PRNE4bg/snYad0XcqSjhuxqgB95rcaRx9Apc1A=
jA8zn3s4cpTs38wN4kuJScfibHxYXrANxguCJ3dMSl4Vl0EIquyi5o9O3eOaGA9EUBRwz+bhcrccFypqXri3G6KkN9qHTYKGTmn3xo2NSRa+ctHaei9g00tybWiceOk/vvPaM+TngRRDfzcD3numSRlf2lJSCMrhnoZeNz2FHzQ=
jA8zn3s4cpTs38wN4kuJSf2IXystv0QzId5eSBbRb6zwEF0KL5wx1ym4zyeAzDc6O+Uh7H19OVdnYnCRz9H4f6YvXPXndfsDi3su20N2a9q7mEka/ZADTY6SZqCBjcyqsPRBTXIUIoP7nZyt8WqQb4rwQoRcmDbAS7nKQnl688I=
jA8zn3s4cpTs38wN4kuJScDox2hfEmehmVsMkxtFrw5QyRmiQvG55xtCObIeQPmnViHUdbokq9bT/IrMgCxIBONUC6DymXjeGzB44BJkGY5UjDgFMxvBEWodOkePzNY9w2gHIE0iRQHXEd+IOE5w7A==
jA8zn3s4cpTs38wN4kuJSbOSAvYk8NAaey80n/Ntm5ceQ3GA0wUL89LLn/pIOaFZjVy2kIvf0G+6tbZEhwrOFQVqjeUrgioVORyMRLaCDAOQzXB1EYKmwfUZE40wLzQdarJWQIKCV+fLu3nOFBm1Mg==
jA8zn3s4cpTs38wN4kuJSWk3l0DRyOyGHV+hDRRqjYeeMU/Tg7XhNmaDqSDzBlOcGuzlJitjM5kfdAdeJsQ0tTd0q7daeD6oHVrMBtQ0dn9D3hCG182BTw19T7mYYnWC/zoCB7hqqbu3OB8eLTNOsQ==
jA8zn3s4cpTs38wN4kuJSWpPieJrcvdw+DlmG4b0KfvzgHzLNeKPu+4k3EuXc0rG+JNOq5ZiAHuCD8NAw7/Qjwz9Em7R+vaJNDwgIW33TFsIkaw4zD6J7m+DXf4qzckSUKyWRJonqLn/vwWWfpZYpQ==
jA8zn3s4cpTs38wN4kuJSdGaWLrtPeJ0SDrImueJIcrzx7ziPBpc9W6dQbL21mygNrs7RCljeCvxfbyg3ie3cG5wMO8vetlirvmlmvtyuQ5BOrP99H6aNdkzV66c0cEpHhmyTecyUMESNWvyD4V5Vg==
jA8zn3s4cpTs38wN4kuJSUVqnjfQBMDbYH/hMw//y4Xt//62m8NxFmL0Ct62XJeI5TAhEmXkUTZcYOmfSTndleaRlf6YxfivEXyJVoEO9Kj2TZ/GYk8Vu941B7L97+e7abbKqNC1ZBaBwHDcW9zpog==
jA8zn3s4cpTs38wN4kuJSbT4SXHg128HtwngX/28HjGzb12uFqovsPPTJ954x19Du4Ny8VZuLc1LolwH31XCVOaNR3KrZ5cGnxS75oHetPe7aPRyqqu/56qknsDlzGTC1tlNuJbG3iwjaYw0KtIWfA==
jA8zn3s4cpTs38wN4kuJSSJ6ZPZwO8pI1RvVnMNhcRLt1ziwym7spmX5apFqV577mo+JCyQkAzb7QRWcnbAPwIekz8lw2dHHw2aMGW70aHWXob/pDSV+3Zh3XJTt+7qOOVhe4hbayonClOMVRexCJQ==
