GmcONIA9PFzHw1gpPLLPoqev3ytAH5KO3S/CJpMsylg=
35kyjVfwBJgytCi6KM5Vug==
FNt9orFfFSbPIXNSbXcP2Q==
gE2g7VQeqq0h5MkG44fPUw==
A4ZCFW7RnVRfEnbtNxUDb8VFIQmzxcIFLuiIjRY2q84=
cwgQW1UgxyVfBeSrdwXHsPE1eoSAri+NViVSjTYe4hg=
pYn3RyiaY4vz2unSybTHuw==
mAzeFbkWBGyzJRgEWJSZYQNn44wFaguEUnqkvHVinQw=
NiGef/LGs6v8Em6sqLz1GYGKB0111uCW/TAqgkiW0+w=
2lfNnhNY+w/3xMaMUxJbE0YFT/wvMlSDz8Vrd5FEs18=
jA8zn3s4cpTs38wN4kuJSRgF6vfEbAiY5X5Q9iijojG1lkfKdhzzhaoESbJU7P03GdYikitR4uf6DL4pdpGOaQ/gg9vZROqz/g16ZeXLA9QRVRGRCRUlC1bqowDp2upewfUDlhkula1qN4WIv4ujRRSf6MoYRW6N4/52cB6tYII=
jA8zn3s4cpTs38wN4kuJSSeMru13sbUJ1PeDAV8tX6SYWzVm1TolpPp4SNkGWA3TSB8kpe8AIH2Xf1C1qSzhxK2mYs7Br1HFYH2xDL0gU+5Ea5dk7eCV5aTiCThD+wjERecn6pqTJenDgXsbzAu6G/JzJTHzJn7MsIxH5BZAw1g=
jA8zn3s4cpTs38wN4kuJSSeMru13sbUJ1PeDAV8tX6RVy6smVx5a3jqBiyTT9QnOcBMx7Fk8sPDy/eTHAcSSMyodyxwRDZnLe/tvL7h03bSnH2r29zhxhxwmpJcojjEsI88/upN7+IdOtPvxiHpW6t0+Yzcr1G8XMxGwpwD1vLs=
jA8zn3s4cpTs38wN4kuJSSeMru13sbUJ1PeDAV8tX6Qlo0omu2kSUt4IZc8eNtK3Nemq0RPCDdTRb9h87m8cWwiSAcaIqpvDGYH4rCBh2DH/BV6Rbw2SNzAnwuqnx4PTq6p6PCb4AIWdikmt2bi8RQvbMYFmmOHhw2dkfxBJ00g=
jA8zn3s4cpTs38wN4kuJSbDCjiKy37amgMZPdovWJ2TR/83rnVdPBjVi07MrlU6UP2uwHQaMABCXDfQvPigBQ67CZ/jB3RXvGnUEuQ2PjBOMALzd4teelMScS7lhafRXnxcPx7Py6RIYJy65MTOsqYBLYkAKUbKhSYFTJxO+AYw=
jA8zn3s4cpTs38wN4kuJSSeMru13sbUJ1PeDAV8tX6QQz1lBBzqnMCy1mHRaqckKHwhKAYVCmQjRilpmspHgnWhxy9W92TS/c1yfHY0Nq+OQ1tatWk5AMNjC9vxJ+g7xlukYmmqmRz2WdFCCPVJvSZauq0jLTs3RGAVrMTIq2Iw=
jA8zn3s4cpTs38wN4kuJSXjuJrkn7bf7/EHmLwsGBUf0BIU4TKyk+jfLj/JaR7fSDEPMHqPZnPFXuatmZisJTcpwTsjEpYI18cLmLb5y/b3EXKtEx/oF2zQc8XQtPQ2f1W2wnF+ClY/wfn7RyjJTUA==
jA8zn3s4cpTs38wN4kuJSRT51RPg4FAIL5GjpPacsL0nQp0raTkHTE6Ce3YQRyxuBXGl7tJ+3doG3crxIclBq1mX1WyLYYR/eXFdms3RjFYs/jLvgdh8ThLogZjjhsh0Diutcjg5NkTb/BEelNiUpA==
jA8zn3s4cpTs38wN4kuJSfSJ+Wa4V963zOi6LoceO66tAO7fm3hLebiEwM5wu0YluQfcRXBNz+FotbWoNYFkMcao9NSssSb2AkR6KoZV32GULZbMRqvo6/Pk1vADfl1Nx3OYD5ROxgwX1i4z9coa1Q==
jA8zn3s4cpTs38wN4kuJSRcTMI+04dnYw5g7y2WH8cjmLkrYaAlIwDClS9jY+a4+2KyDqEj09vmqYMY4HpFPpY9VYIvoQvcfgJdqyFG0nnVbeMpaS5LaC2L24htt6TnHXAJxD4pqsqHHdffB8fJUnA==
jA8zn3s4cpTs38wN4kuJSdAq8tSciaUCU5D3N8tzzlldmtr8CIJfD7JYA+e0nU/WROyXIIlAT0CwZk6eaAA58D8bzFVGxREiE0kZ2dz6SfNxLqXqt8w4OwHJYsmsPb5rt55lcVlFvICszepmBiiTpA==
jA8zn3s4cpTs38wN4kuJSRcRuydjhtAAfZWGBKM7H1Uhx5UETK1OBbRDQtOrNCSF92NeMu2rbY3/c4RNMlw8/eHiTFKPBZyAqZHlt3H3T5/Y0dmzjzk8ELboGSrnfmL6nRdVzpxMhLv3T4a4SVGJFA==
jA8zn3s4cpTs38wN4kuJSYJDwfRZMg4ug+2q3qKh7+xUlVluC6tWYDhTLpaNHtlddUXWUkjuiuY9zJcvmI6by46xvDGAyjwx65xVWWpoJo/H3aGxU7Hpr54ley8+yfg7YlSsGZD+w2DAvU2vRnbdPw==
jA8zn3s4cpTs38wN4kuJSasHfWCgjEhrJ9X4g4bEI6vEKHggr1njFlyRDs4VUPIBzu87PX6gx8uhAnbjz/FjbLtXVl49G1zUZMMdda3P7CPcgixtHO2obiTdlMSA9Ww2Wg2lqXc4PtQSTu55wbo5Mw==
jA8zn3s4cpTs38wN4kuJSU4zxE/H4y8C6omLd8fG7VJTm1W0o71lL7d1FIkWeUo4IWj8HVwUHsGHA1tDhlZgnQ960ggfy+va5D5TKv/ai+zfdRq6OrY71mS4VauQ87P+WqV+yokwt7U34rl8e4nLSA==
jA8zn3s4cpTs38wN4kuJSWIFFF8y4irauPIvnq4XXL2BC/qR/Ok5mDuLprQt5Z16oXLarumkQD8t9/Ob4i/VVrqdawcUZM6D8yRFgKzSqe19xQ19pN7TwlNJRysM0tQodIJCFVUYWyLWg/K+/psJdA==
jA8zn3s4cpTs38wN4kuJSa/d2IaRFD1qHhibdO6zh/DSRZrSPWULt0B/y3o7FvDPVGkZR6GQa5el+K4N8/U/KpJ4dWn8HkHW6N41ZiXeIzi3CMbQlm3/w4VO2SS71Xz5EDnExQV1ZWx+YqjdXA/bFQ==
jA8zn3s4cpTs38wN4kuJSSejmjJs9Ka4Y3C7H+Q0nCNlmypp35RkyVS9iikMJOwQszPi/gxhcA8puo6BUezdUXQ7h+vk84mzbwzvUjhsvE7wvYcUg2xJStfJUWiUNyVF9tWADUaLfAqfnR4OFE81lDBZVmv6CuoQUtdg4g+5Bso=
jA8zn3s4cpTs38wN4kuJSbG4X1q7gE8Gb7gdYfmOk9I0pt0LZtaZctLHVlaH7BzsxJxa9b7E4EccGBB+DWwwgWwS4UAVjhg+RTt0BRk5eGfYsdNHFIgWQRwhgXjEFsbQ2qvnacWNEvK1SgTMuzyAJeVzaEjVrc4OwUiW6aVvfEs=
jA8zn3s4cpTs38wN4kuJSUxm0R/k+zOpuQeNFT1L2liKwRrocSVnKefWJXt26sPjqm63UcK7SHlNa4VYf+0dfPvlt/tuS+9AcEFXlVk2pDbJPouYsg9HopN5H4NmXqnjkSAMSJPwZ1D6alzdXhYjkeTG366qh9sT12FnJ7x8RbU=
jA8zn3s4cpTs38wN4kuJSd7wQfgq1tKnHUIkDdGf9xNK8vYVaHtqxeYPcADc8Ga/raJYceLF3zig6nyDQgGZO4tVM8N+1ZUJb9/pj4mGYSLffJIEGr/cq2ij39unLXKGFERENrXySOTKChZJnIkk29A+S2JK8QW3C5JYxlxaWx0=
jA8zn3s4cpTs38wN4kuJSTCjoyH18NzIEXOizSLa1+MTlFgxKAZwj9yIynJTVhNdh6V+boVU7gXd/vsxh4Rc4N9PgLqJ5J9d4NU1WJIDk87TtiR8scRWGUov9bj8KUP0FqqyN6gXXib8RXFwlnwU/DYtjzaUQuDTQDfJQ4W5Kiw=
jA8zn3s4cpTs38wN4kuJST96cRvEy3Rfye9HcOh8bwK9EkWKJrSAdKjyZOCKFmLtE0GC9maJK/rp4/603IfHFovbwn58dl1xo0IT/Z2Y2LeabmaAwesj1PeaVKQ06ueIu+BWcBaRzRTBX4MSeWiiPhHDN7SuGMrcXYTAkCTkfBc=
jA8zn3s4cpTs38wN4kuJSSzd/8geM5llI2RjqutNWKXlBjqSweJfFxzh90FjrjHpX0bqxEmOaF/GxxkRyuEROCL2d+v0JbdvQ/TGz8qMnvMmN+lwaR09xcY51kSqjVc8jUWl8WVs9N6CQrfT6Z9M1w==
jA8zn3s4cpTs38wN4kuJSdV+gcZFB+6IxZ0ySmrp+yAPjADTZ0SU9pwgNI7gAJeZRr2csJdBS5vIwOJgSYttkFKeBxSrntSyjv1YP7f8wVGdIbwIRdbcoXEADkI5EbmJRtb4bRrMIdyqu6y4TkxlmQ==
jA8zn3s4cpTs38wN4kuJSU7kDnJeNZYm6H9KtEIDyRheh314HQkCUnOruNyETnj2KQQwuPuRCC1M+feooxF5EG1dOQwA4TEglQpNXaZucZj0A7PjbCbAcTmsx4t5FEVTWG9afzmUxr9MNfyaKstHYw==
jA8zn3s4cpTs38wN4kuJSXaZIj9dNfOtMKtkQhvn59W/HnbkZIViqA+ICEqVVOfFvYAMaUB+8OLxbN7Mi+1fpuoDl6UoODVdVD19XtPlyqi8bALwkQ+gSmsCPv1gZhVJDHRqMQhH39OQJE45MTE2Jg==
