GmcONIA9PFzHw1gpPLLPoqev3ytAH5KO3S/CJpMsylg=
35kyjVfwBJgytCi6KM5Vug==
FNt9orFfFSbPIXNSbXcP2Q==
gE2g7VQeqq0h5MkG44fPUw==
A4ZCFW7RnVRfEnbtNxUDb8VFIQmzxcIFLuiIjRY2q84=
cwgQW1UgxyVfBeSrdwXHsPE1eoSAri+NViVSjTYe4hg=
pYn3RyiaY4vz2unSybTHuw==
mAzeFbkWBGyzJRgEWJSZYQNn44wFaguEUnqkvHVinQw=
NiGef/LGs6v8Em6sqLz1GYGKB0111uCW/TAqgkiW0+w=
2lfNnhNY+w/3xMaMUxJbE0YFT/wvMlSDz8Vrd5FEs18=
jA8zn3s4cpTs38wN4kuJSckP5uugFblhIpzrLEtExxV8VOHTu3c7TsSRz3D/AwPHavnxHFmtTay/iVS4I5TAZ3n5pzTfsywxFFJgK0v23gEEcgm6bT6m9US1aNVV6b4nxzoEXgAHdWDA3m525L7/gEO7LRwQeSBT9fG74v7LXRM=
jA8zn3s4cpTs38wN4kuJSUiirZIgLYGvhtwj+P8gso0Vd9K83CALXovQ2TVzJXMMynNql9PXQv5bknyfV2u86GJJsNkLAxZX8cDoLGruy03OSIO5oVEjfEh1NV+Xkg/9FRgR/cYIqjgfX7k5g31S3JJtCcxIAUFa7HChxRfET8A=
jA8zn3s4cpTs38wN4kuJSdwM+ycXrJZ1Pl7eDSWbVkylYnk5WySF24G3GS2vZUlgqf7Z6i6aYkyO4pneRFLllPgeJkmiLD78yyNL9CnzyRcRwLsWW4VhAWHm14+SJ+6k4vQznPfDwSM9xpKdyxIzN1m8dDeY118PhJ7JQ0le0zI=
jA8zn3s4cpTs38wN4kuJSdwM+ycXrJZ1Pl7eDSWbVkwH5LbYEKQi68pFqyrBt92RYfNfvfnc/fZNePWjqYOzbvcwJtnLTHZpp4WexFr9Aegve0+ZXrYIdc9DR4hYDdcd9qrsEsK4j2ysLJktKL0CJKOTqeHvJ/1oKcSVRZY8p3o=
jA8zn3s4cpTs38wN4kuJSdwM+ycXrJZ1Pl7eDSWbVkzhoINq3jIRAZfJC50KkQDA8nyqhrwEy9R/mEzIJCGl+1UyECwVVeSoBfgdUgJE9OjBLPuxCiS6NTCEifE/2SVGmU+I/e3MnxwbrEfcGdlauP+otGASIQdfdPKHHme91+8=
jA8zn3s4cpTs38wN4kuJSdwM+ycXrJZ1Pl7eDSWbVkwbj4cbBHH0UXmElvwvC5QnNsnE/jkwsSf3PBtaDu0WNSfFDyzJuaefAbpVrdlT/qxI0wYQD+tBmwfnc6g6KNszwRir+8Fh5GdRA9RbkZ7eagZXeHq151yPq7fvIZ8CYpE=
jA8zn3s4cpTs38wN4kuJSTHdY5EJYl+TMUJdpO3qwTK6/nypqVOOL4g+ccwiDbKJs/Wqb+fBwDreSjILVpUGVuVRvuu1XC/tv7oM6qpS6NIvbrdlBDQPKFCn6oSkbmoGYJ89Te6YWFje5wcVZVHjQQ==
jA8zn3s4cpTs38wN4kuJSTRd/8S0qbKp42iFxcYtFrujhuolXh5cLJmQY0BQwS6a6fxqvc0+9kTE8jyYr05IUWRDeXXRuxwaJPhKhU9TyD++3YPH+Fwmd9dC6QWj0k8KwWE5Jco/uGSjdoKt25nNrg==
jA8zn3s4cpTs38wN4kuJSVz0dcjzj2FE8EIUrCmu/trE1KcrwHqNQVDcTZAhMaOoADgZ4lUqTm/Lfna0S5W/4CstStbmtnQAlGkje4jOLWSd0z2H+d7hIClV3kAnZJJQHP8fD4nYqBleiYAWNkKk3Q==
jA8zn3s4cpTs38wN4kuJSWImz8VXIBaOnwbXKGNz1BNluzHyU7/QUTEkFRJsbyGchXRFAp4GUiPBj3x8fbXEzIB4I39RZbWCN8y9qODggNrd7+e4fK0FQnon3Cr8k3L2nGirK63j4s1PsZCphO7CmQ==
jA8zn3s4cpTs38wN4kuJSYrFUHx+0PKY7fgz3nE5trCNiKjcwIwse42NwLMh/AKSeII9/UPZmd8zzuWd59vMuvdBiIIOOw8C46VBtYw34jZziWy9xPxIy0ZKXc9rIyBgOE2ACeXqUobRenufASGfMQ==
jA8zn3s4cpTs38wN4kuJSel976y42sz5AFQ65fp/kBDpBNnCBOaEHn/l9qFTTemhzn375FTtaOSZzyTM7EErSWgejXYtIyzicDTHi/X+Y4MIt+TIWzI+9t+BE203UEJGGbhP3Hmvx9oBTWkkdxrh8g==
jA8zn3s4cpTs38wN4kuJSZV31ZgKHuzcVUErmOLTDIM6F6ydPipeW16bVY/3exSNZ4gKDAngH6smLIEQ7VdjUyFWnx6VATqXF694nfwwYfJ5cHvW1o58YdOhWZ0izu97fbWKue83F5/gBlZBfrn1aw==
jA8zn3s4cpTs38wN4kuJSZq4QKAiNEiwgYOcJRT5tpDRlIZKxjvAriGABP7MP+bRCKnsV5TQCvx7SzXAnP4GSSYyRXemJYRfUpY9MYkUmkkWHyJTn2sP2iysMAmBQIP7k0ugYR3ESB6+kJdsYZPMIQ==
jA8zn3s4cpTs38wN4kuJSRqg2RvJipUARuOMCz4tTgUSs+4voHdyyjl+szRf1aCG6rj2N2R8TQQQbqHWOo97kbD0+vO4X8Ezw2QfMhfj0X8M5l2oIgZGK4ctbjACq2EKvkkiaBZdDR7por8xACZ0mg==
jA8zn3s4cpTs38wN4kuJSdQWih3Xgubb0Z514NAwWoZSv1UtjYPwpl9KV7Vmm+TVoME+0i90SCG0skEawk3Oe8zcMvbmYbg6427y1gnsFKiy9T7uWk5bNr1aFLo7R1vhbPxfdWCnZJdytrNCcy36Ng==
jA8zn3s4cpTs38wN4kuJSTiiBJW/C0uHusrdrj/MZdiV3+Yd0dHr+jYbFpYLPr7VcWu4Msm8N2GcY+yemD17jx4ftYzQ55Lplzc3hL0z5zgnkKhVzaVAEGvcU4wVO+xlZBzVjzrD8tMJ74/oejKSKA==
