GmcONIA9PFzHw1gpPLLPoqev3ytAH5KO3S/CJpMsylg=
35kyjVfwBJgytCi6KM5Vug==
FNt9orFfFSbPIXNSbXcP2Q==
gE2g7VQeqq0h5MkG44fPUw==
A4ZCFW7RnVRfEnbtNxUDb8VFIQmzxcIFLuiIjRY2q84=
cwgQW1UgxyVfBeSrdwXHsPE1eoSAri+NViVSjTYe4hg=
pYn3RyiaY4vz2unSybTHuw==
mAzeFbkWBGyzJRgEWJSZYQNn44wFaguEUnqkvHVinQw=
NiGef/LGs6v8Em6sqLz1GYGKB0111uCW/TAqgkiW0+w=
2lfNnhNY+w/3xMaMUxJbE0YFT/wvMlSDz8Vrd5FEs18=
jA8zn3s4cpTs38wN4kuJSato1Eyl9MKlmzyI5qxAep/HeT1mgAe/7ZZQc0rsk3aLqGpRP6ijVT8Lnaj7WPLO+tUy1lvADBLfcSMCKEdzjnh0WZFdqHsERi2go5eiuTCckKz+IsEc56LmRCHx29s+Bw==
jA8zn3s4cpTs38wN4kuJSYnU6Kw0zJVhOsglekxHRdnF2Abl/jbokKbjnYYHBDSynl2HjPwBqW6g1ozPbjbHQ40qk6oT/ScebcLnwf7kgxg14LhYmYFWV8t0oMnM6VxEAwLyFmswjgNQuiWZq3+qjA==
jA8zn3s4cpTs38wN4kuJSVXnzsL9Kjo66+rMd8Yk+qZ7coRKPZJNz990omYMNQY5yCLlPB4IJydSPC4TsOEZW2cyFLmNESUqRKTJ7w3bdmlCIhgk5VmSoSNq3pjDNsLPEK3RnPZTDnKPcGkV4eqP1w==
jA8zn3s4cpTs38wN4kuJSZ5L5kDl6IqkSA6NFq4xVs2QRCRSTL4ctcDYoZCHKqY7kaw1NHOiz0FlK+OLYUjUr6HhJ0pAY02/K6wDR0Edr6jXgUA8aEg0k3CkPiBhBt3QL99uf+82FVYMOuJpiA0iSWUUwicPsH5Z+Nfbc0biHPA=
jA8zn3s4cpTs38wN4kuJSU5xqaPMMDjEyteyo0t2k13rPQKR0q+0Vad1l/T/g5usnntXk+Uum4/3QVXOf125I84RbKY756T0XJHEamAlsy92SGQGNcgoab0e5D2X0XksKhgXbSd/n9Fn3Q1bzicG5ziNMJoAB3VKmIqHd5UEvg0=
jA8zn3s4cpTs38wN4kuJSU4VxjDhprRJ6AP11d1LvxJaT0NTvSLsEMn1iqTpj9ERzaqIdxWi3Z1M9TULmWmqz3ddPFSHYPlL78oT72AYnde9ObXoaDrLLISvho0jegJjhbNOllVNySuwJvmahcZwWdBJi3tYP4BbCdpCmYZXtXg=
jA8zn3s4cpTs38wN4kuJSRcJRvHy3eOLhZP9Zs1OkEYBP1/kL5xYDoiOXOAqv2f3aPDYstci23lXoMIqNMyzTENtrNQ6JeNGNFUuVPc372+dMFM84mk1kmvutWJEidvyfUegq1ParRs5sEjxTstVwD2jkgDe6Zj4qtpnucb3U08=
jA8zn3s4cpTs38wN4kuJSRcJRvHy3eOLhZP9Zs1OkEaqEYGzQhzke8ZFTwmlfNaKTAphN7ZHR0m/vslzCr4nBH3CUMS+ULDxn+Aoe7uuXM0Zv5uAne+INX6P2VAgQb9v3GTsFRkxrwW9Lf0Jfikx2KXsOvUJwDWAgXv8IKdXjSk=
jA8zn3s4cpTs38wN4kuJSRcJRvHy3eOLhZP9Zs1OkEZvWDrm8wAf15QEQiqEfIzCYU9tsuQf/bPrn2eHie9MPY7expqndoE/zQlyPnM/StZQKwEFJ+lYA5OWuKm9FQFvzy5k7DNoAnJ8VWf3pCgOOIV/ji1gJHPqzD+AIvg79MA=
jA8zn3s4cpTs38wN4kuJSWc4cYaid1pz45RhoUE6OtDvQqGv94KKRH9DA9sHDgr3BgGQrEaOZ3NlbDvYtZ9gbc/IpjGL/rhra38N52oaRv0tNJKKqxqdHDm9pgRBswybzBQmy4E/72s/a0Vv8GnlgQ==
jA8zn3s4cpTs38wN4kuJSWc4cYaid1pz45RhoUE6OtC+9i53S2d+qs+Vi3ded4KqMKlXKInQKmPcqaGMNWvQi8nqQa3hKQ4IoPU7G7isaYJSoTzjJX48qoP1dFGMI7UUG3MWOuG4dRjkedXy/5u0yQ==
jA8zn3s4cpTs38wN4kuJSWl/InGbUeWxccVO2U7jHkJDGb6ulvX1WJl0o+vMXf+rTX57hgk/Wura6ceWQtBonlChFcBh3q/gi70pEXI/MvAKIhOKYP7s97eloOnvaYKa6WnwlJyy7lP8G3kWJmM+hQ==
jA8zn3s4cpTs38wN4kuJSZ3QH0O7IlwQkHR/JNli70/UnD80U+oeHZVPbgX3hqRtHamVVfwyQbDcURwUxwd23QAMIFOzfkUDONmM0Wi8TEE+p09UsoTJQnmpi6OAYROV/zaAITo4U2hF6zfk4w8DSw==
jA8zn3s4cpTs38wN4kuJSdzi4eOV7J36R60s0gCwgNm1vmRSmlkPzdSDUQmnRKEC/x9/mFpGxWoXhKrPjj/pkBj2vbDUILS0hmtcjq6QxRoAh4sxutthPOp3BHBa6V1yTj1IiuDerm/Abgul5ZwFGw==
jA8zn3s4cpTs38wN4kuJSZBYgPSGKNKzg9bPWKJE4Zt5l7mHmYEIZNEbcsdXOE89AiJhQAwDWlxU8Ow+VUpY/DONWT9zv8DC05Xie8ywgBPYGYk//6nEuqoLT6bX+8MooDJNWoiAy9vzdB+tRovBoA==
jA8zn3s4cpTs38wN4kuJSS6M5MoBu2FCpW9Dt+x+NqtHmj0LNCE1lWNJY0e8OymFJhp5luPQ62+DIdaJ/qg5QGHaxkKVWxg0n3VpQ/mYoLM/S7ltgZLtmkXTQaNeWrkdbKJti1EMfRcrVWbKPUMREg==
jA8zn3s4cpTs38wN4kuJSZQSwFZ2O8YMtUbP3qjRzZr9UguG0g+aAlqMJDJINrHR6PPchKFgVH7dYxjXPOHOh/Zmtcew9WKXD/UqAIucW2xrhbWU4L5Zr+SKegPAdK3GtzavBD2X24raRBJ4yyRU67NW5/mxhQdHpJTOmoNlrFs=
jA8zn3s4cpTs38wN4kuJSU7cd9KM/JiYV16JWT+thsSfZDPSDzz4pqeAiM5BQAsj7hnhY/6kTd0LTXmpaDia4zenemXR38hsixQPJGANXmNi3fZZ19oGsaL+ZgAhKOJdFH7jpejyzbRR6M02t0wNwSGESJHLPJ8fnLodekaljIA=
jA8zn3s4cpTs38wN4kuJSa5Ym1EAZ2NJ4C6OeKviGqf5NUIlajJiITXGiy6B7Eh/olzqqU2sQcjeRq2pqesXMV8nXRu6DF3lK57PvrmfzotiG/1GVRRYKAz5dLYpLIiNkoRT7djAT7yiYLP4iakjV0oIMM3U8zU8py2ud3AnnTQ=
jA8zn3s4cpTs38wN4kuJSa5Ym1EAZ2NJ4C6OeKviGqedcoTqBjr/64GWnkDhDqKn3resjW3qzKmrxfkIUnO6h6AwYOX7xilf48XEa5MA6akMUpRM6C2pR5oocU+OAO899xDpC0rp1qlHCdFytoB31ixTzQNQ7Io1vId2rG7LvVo=
jA8zn3s4cpTs38wN4kuJSa5Ym1EAZ2NJ4C6OeKviGqdSz8uFaZ6Bdz/ODJDbGn+kCHxPrSkeUsSE5e2mwv6G6UnAm3vNDVQ7lbAygL+r2CyS7iGtTFg5Lg6TLWyHneoiWtb1ROkJqI65tZeIBloBJJ892wg8+AsoTYi5Rx6SneI=
jA8zn3s4cpTs38wN4kuJSX8nFuGhjxtHiQksZKm1UUX9Josutg+KiRAAD7DyqgY5h2cROtSwFYt1xuthj8KAStvE27WWBxBGz35zee/Xb2t4VqWhdmMKganFxBSNoRLFXKlR4LJXnkxvSLFdKKnUYqVB3de7KvbtpaVsXeR392E=
jA8zn3s4cpTs38wN4kuJSa+RzVj361bObxIGKOFH1uzQA3jrXYxohVVKJswMkaP2XQg/NJMiMt7099ELAr8FqXS1/HfJoa45RaaagTbbmoObNHGa5zKjYL2woDzlgO+JZWYG08iGjCIvvXD4NfocwA==
jA8zn3s4cpTs38wN4kuJSa+RzVj361bObxIGKOFH1uxWW/Zg9wz1c5Nhu3aW7SNQMnMuQygnbJGt3JvoD9SQlTpDc0o+7zk4nt0eCSrHvONKtlGM5eHS/5PTGsuVKzMEiUmY/VcSYkmrhqrrRbfzMw==
jA8zn3s4cpTs38wN4kuJSatZvbyMAiIQXSFYlKF40tiWCSzW+V70sWz0qfjL9Y71VcsKxk9akqADErGoWHeopdhkQJwl1/FlH8DscrCtx0kJ5EBe/beUGA8RD7LBsj24q79ty4pUHhhUE4JqJYgKsA==
jA8zn3s4cpTs38wN4kuJSSvYg/h5mXLGejkSFyNVSrdcHZXth9Ex1RaqGDpgbNgh+7nZvueGlbRyOIz1db7yqdKsWrRkBNPbznlUPkF2jLyzYtXik8VX3sEYsgOHD3nV+pETqfWX5na+o8NNx+9LKA==
jA8zn3s4cpTs38wN4kuJSQC4di7MmgC6fVH9WnTJ4rayfkpchU3UqwtOuYDPz/JV+x/4BJMOCr4lC2NSKTyJiKZTdILj/QjMm5/miTEoZDZ68bTOeGV7nlCq5WXtj1IXcnyjIzzMBx3o3Sw9L0PSiA==
