GmcONIA9PFzHw1gpPLLPoqev3ytAH5KO3S/CJpMsylg=
35kyjVfwBJgytCi6KM5Vug==
FNt9orFfFSbPIXNSbXcP2Q==
gE2g7VQeqq0h5MkG44fPUw==
A4ZCFW7RnVRfEnbtNxUDb8VFIQmzxcIFLuiIjRY2q84=
cwgQW1UgxyVfBeSrdwXHsPE1eoSAri+NViVSjTYe4hg=
pYn3RyiaY4vz2unSybTHuw==
mAzeFbkWBGyzJRgEWJSZYQNn44wFaguEUnqkvHVinQw=
NiGef/LGs6v8Em6sqLz1GYGKB0111uCW/TAqgkiW0+w=
2lfNnhNY+w/3xMaMUxJbE0YFT/wvMlSDz8Vrd5FEs18=
jA8zn3s4cpTs38wN4kuJSc4q8kghf/BL5sw8iH4VI96JSA5QUsFIm8yalJzczOMkwM/Og1EB2bxMoirpbECYyOtdkzwAly9FHqF5QO9rso1ItlmqDMskKj6DRdh2z3Av3WReY3keqSE+xGhgWZ4Sxo69EqLKYLi+/E/ZzgND0Dg=
jA8zn3s4cpTs38wN4kuJSaQKtKQShqRYQgqEoXIy13YbPRVLuULlVWmLpuvNBIp8BkpueT9jcqg+ZcN740kMpwV18b89TAhDAqQlgLmZds1q63YQrXIoVhlfQvn85B4L1OCYqvyEkrhHi4iq3+7//mA2d937pHnauLUno0hkq1I=
jA8zn3s4cpTs38wN4kuJSYrhnsNXef72QltdVMQ1+IcfIok7NFZ+KRgX6KKAJZq6O+k94ZyNMHFipSqskjuJ8QkmTeSH+DBlAW8XF7JrQWSgfMszXUSzXZiXw2XMA9PQfdW14iGxm3TNoNBHTzKOpKp/3GFHHuGlkJiIs53DxJM=
jA8zn3s4cpTs38wN4kuJSSddcmvdvXUnMnmtdeMiRdy0OJTDfIPTjjLzdzDUWEXJGBydz61/MA0B/sTNY3vUmGZUj57rE+7nanFFZtIn/9MO1Yr4GbMqgMETK+eZLpn6QIHHY8mM4+MQ9vO/xhCyTBjzqXYTC9pmsdEbOBjwQ4E=
jA8zn3s4cpTs38wN4kuJSSddcmvdvXUnMnmtdeMiRdyROvtsyl2QqFQT+gKd1gmdq+asuJjmCnLSYvDazt+HAu4ulSGHSMmcRk8wpxvW4QdLSTGde+dq/5N/plPyRelXktGfIXSAwPyuFbQ4TmVGXerM0c7JriOk+DaWHRwX9vw=
jA8zn3s4cpTs38wN4kuJSSddcmvdvXUnMnmtdeMiRdwfgmb0RCXevy8qYP1aTWlR+WUlEA9iyZXSzUbuptTYeQa4Ph6dVrpmERLhzLhXzWz7E/KTl5K6QiSbMEeVlvr/T1gbZkznHFuZ+5BtuJnrYQQsERkpwyapn588W0rt7kM=
jA8zn3s4cpTs38wN4kuJSdBK6srJGfhFAvB9ivOhUDuemCqKmEzVb+1mwuffeJQ+KfOVd5IhLBA2z7CJVDdiLS37KCOu+DRGmol7T5fkjkk2yxoKI8h9HfPJLqzPP3D9PjvxOthHWiFHmZ1OKVwGMw==
jA8zn3s4cpTs38wN4kuJSdBK6srJGfhFAvB9ivOhUDtRe6VPHqDTn7DiNnlSotc6pauK1uT7wlgEn+uXsiwlNkejdXFb+7ru5sKpqboiKOiAKJw1BsXcy2XHgye/lUGbFSeg4bL0vmTHvkAc2REViQ==
jA8zn3s4cpTs38wN4kuJSd7nl4QF0aHFgZ+fTVUyfNLMndtn49Kom84kVgCd4NmNY96jJ9t8jMXOhL9ihRffcw/bAXeI11up0NvnQpr52kEPy5FamY7ETXhR+nEF+aLsrt4Dlvc0dC4wLakQwVWKhA==
jA8zn3s4cpTs38wN4kuJSfMSVKybDjJNTPlVAKCV9IcrLvmQ5+TG9ShrsUCBsmoyElT48Cs8t4y703S76JhqGjt/woNZp/rSVF/AdUeoGR//33pnEnh7D95QVq1HfMAJaw301GnfAFn6dB2ZNv5+Eg==
jA8zn3s4cpTs38wN4kuJSV7zH4HjL4wDrSNuz6JJnn2YvsEQ9tJJYoY7+jgBSVQP6uKwDcc0kgONoh36piw0U2cExqjRhgv9rr85NuRxhoyjKQh1cNHlJ9MuEH/cFXcyPdjo4V7f7YCZ65WM5Jf2Cg==
jA8zn3s4cpTs38wN4kuJSZDQ9HMvsZg2fir3JSPYnwwGU4Pi5rh0oGKn541XQLBLAwGxtTQyUNJgkRRS9/u22cTxdCsj2XFXYbQzjc5akOPWkCNAeHNab67boOfs9SUs5HNXX6V+0p9joMzaVbd93g==
jA8zn3s4cpTs38wN4kuJSYyzGQvNd7t8RiELDLtKQgV9jT5Cw3wEJwMsacXXV6lMp1XDG9O7MbU++mCWjDCfjiJ8GGR9ulXi0/Nxatig4AqDpnecf1bjxwz637+VRvpUiSoN52RJcmj9b3bgO4b3GA==
