GmcONIA9PFzHw1gpPLLPoqev3ytAH5KO3S/CJpMsylg=
35kyjVfwBJgytCi6KM5Vug==
FNt9orFfFSbPIXNSbXcP2Q==
gE2g7VQeqq0h5MkG44fPUw==
A4ZCFW7RnVRfEnbtNxUDb8VFIQmzxcIFLuiIjRY2q84=
cwgQW1UgxyVfBeSrdwXHsPE1eoSAri+NViVSjTYe4hg=
pYn3RyiaY4vz2unSybTHuw==
mAzeFbkWBGyzJRgEWJSZYQNn44wFaguEUnqkvHVinQw=
NiGef/LGs6v8Em6sqLz1GYGKB0111uCW/TAqgkiW0+w=
2lfNnhNY+w/3xMaMUxJbE0YFT/wvMlSDz8Vrd5FEs18=
BjbCwAUk4zn9hnxIhYvwZBwd1qq5IonTVWm0E+xxZ9I0F2NYv+Umyc+ilp2Be/qb6uMyJLI4DuAETg46h6Y1G4WzgMcE2Bm62zEiwAvPSa+CDJP0APoHMG8R9xi1bua2
BjbCwAUk4zn9hnxIhYvwZENvpQpkL0qRpv2e6zbZMMUETPti/605gfzGuswYNAGOV0JLyfKyYxWzFssTn4hAbOAMiBtrsFOz5fY5AmrIcLYBQxzvkdu6KuZQ9Ulb60Ir
BjbCwAUk4zn9hnxIhYvwZCOYbfnSX1BW6tor8mYDz47y+/4HxVCBC/eUjl8i4r0WCK18p4Ci2Kb2aekp2uaDCXbvwDQhJCPkbvPLN1E7GWV7cTXCHNmFg3+QHqiTxB1CRbgTk1RGTtu4lkvNc6ItmVSkGU4SXpTcjjP8Y9OiQOfZpIac2UcPNzMcmZ/NYRQi+UnXRn12X+VPhHYkEotEhdQXw6ZeIXyd45zoZYBkb+J4lDXCYlCjTf7Iazeg0iwB
BjbCwAUk4zn9hnxIhYvwZCRsDX5zFLKp7NrysJKFJgBpk4qlzd8ar54B+a1ytyEQ+8o2hDolfmmW5MAIfzK1J08n5fhZ0CJ2e2qQHyACygY=
BjbCwAUk4zn9hnxIhYvwZL/C/7SBDJM1BFqyTs3t+a0zKmoTHY67QtUOBxGCh2K1wGJM/u/oHAX1BenzKyahgiZ9o0AD86rAiq1t04QDn72VWQLx48JJWX8nfzFrBb8CO0/5wDM6rZQ2MoF9Rt1JUA==
BjbCwAUk4zn9hnxIhYvwZLSC5vJB8yNeTNvLjv0W6gTgg8YqdT+mbLxgezpPN0Nr1bA5AfELEvni4gYaa24nldQAd0+Gpw4nhUwgsQIgaANvQhT4BOv08HoUAv4pEZQK
BjbCwAUk4zn9hnxIhYvwZJnWaGOUi80JYHTyKmK91mR7H5MgLf9HYJYMVT18BgwKmUiyEo28tbxyhYL8M21o/6rGEUz+0/vTV7qsPH2TejgCp+xcTNlvA0NwvVzSTiBq
BjbCwAUk4zn9hnxIhYvwZC2kRrO0VPC+PasdJbJn5LaHgUbsBEG/J6GNqwTtHpzyc75ynn5OlpgISZzdh9VI9UP0mqvI8lmhggfxhaiB3NKLdRDbqlb3PT4GzHOvxKDuOUlwVc8Ad6VsICZ6OsClRg==
BjbCwAUk4zn9hnxIhYvwZHG7hjAbJZeZhySZZg2r1E2x+fbnZwSP+43Pioi++qGkttuVVZ9DzCzSyEhqMat2VbMstg0i1VveFjOeJn1nw9msf08ZVHYelcie1trn4V+e
BjbCwAUk4zn9hnxIhYvwZI20G1KlpjoWO1NmQrjXzKUTWkcmbxILrgv2+CTM1wIKh/z3hbvRLp9unB8j+kBPBdmJeZYW6b8y4MiJNuDn5MTndNgWeR/oeiO5WYPkTYGn
BjbCwAUk4zn9hnxIhYvwZJlnXO9sMNw7Gt+vDmdFrhuT9VTD/W/+VaRH+UygVRmyewvcQ1fkTeGDiyzTr7OsrROR4jU6FQHIvHYA3E7dyP1F+Ky49pEqKww7BiWruuukxb0DvdlgYWJh1H4zTjJI2w==
BjbCwAUk4zn9hnxIhYvwZGEMXTezOeWdjtauApd+fCZcvJGBjjL1BA0WjLtAG0HLIOEqZP1t36Es210RQLrWOOC3ih0MeHfXl3fw7RHyEMAOS/DObnWhxtYfeW0id8Fv
BjbCwAUk4zn9hnxIhYvwZB6Yg4YCWt9khocRYE8nR9swylzFd3l+apSEerjDsKH0UsI1nu3hfpoe9cUbcmNlV9v6xvxWdiWGxMNGqM7sBHGAOokAPtmyCFdsiMu9LfuD
BjbCwAUk4zn9hnxIhYvwZEG0Q+YMgeI3Hx9n6GV1Nr9axnUVSF6mEduMgZg2WCgi4EC6WLMR/+DVtigmefOrtg6Gi6s3KpBdWp2gGOzcCd0LUHO3eYyzyo6zOXIqTcEOd1X+tnPQRBAPxE3nNSTGjLs9gshXYMLOGZbcxXmGHLHyUYekZVMcmmB59y8bwA+OtMVJeoio38UtFdDXovjeWsZhbyItKY97rFI2UjyEPz+lXceii5iNJlHoWoCPvTIl
BjbCwAUk4zn9hnxIhYvwZIxfrRiRq1EGy4WE3dG1EHp1yhgkv8qm10CNc1bw9vA3YNnfUEwQ1il6GnLYIQGWs9r2nljSOmsXKXwYr6WzgtIBUdz7HnfkKm/t2LpN2FBqKj805grfEVG2GQMpdRCkBrKC80jVZasFkxhJKPxz6aD5n4v9l/LcUcwBhrv+uzswtPtKjzVImAgpytyq/WVTtHcdPy9MgkXKlkZfczcelmuW7HmmTB7zPdOpvMr5bmpj
BjbCwAUk4zn9hnxIhYvwZPtvch+CtvpjCQYDkKpsar/TZPNYeqdkGXCk5SpAnhKk5JnL3ArC1QVq9Sp9yyclYIjG9aWTC4SnBsPK29Rp98GCNHqywvvGlJm5FNc1HEDd
BjbCwAUk4zn9hnxIhYvwZK922Ka+R7W5XhoNXCmaN83ZJ+okIaHm1wseBWJ7v03oEuy/traK72MVI6OSqZmrhK0QT8j7CnNv6xgsYKWSxlOP6nENOlwoB/qV0ldi/BUoPa6raPx16D+C+mHpl69gQg==
BjbCwAUk4zn9hnxIhYvwZOsHviVoiAPhMKSqSLyZQgPH3x+UsEqU4BYgJB1ypq2a9+9+ml7a2lPK7aKSto2fL8YmNh9wAdLNPno+J0M4TDKuEIpI/D1MuTeppYNq+sss
BjbCwAUk4zn9hnxIhYvwZPukGCkbJ3LaN0luPQjIK3+YbzXFaqtowoZ4+BEHyjrqHiTA9DDJrLfORC59qGjnM2IVGzG2MZxNN0pxbHMGaBGbMGldCtwv+3ZdR00B1x9F
BjbCwAUk4zn9hnxIhYvwZNflE+Hqdq7/qRvzCkXJxorn2cxqgpGqYwhs35EKD6/dz4gQX82icSLab5/zCvjL0g0GtPsd0S1NWGQ2W2x4t6QsibYf5Pzxbv7T+b8ZYov/RgJXRyiXlOENpRxS2sPvgQ==
BjbCwAUk4zn9hnxIhYvwZMb9xynz7c3HcMCoMmj3TuU4dt3pmqKBTWTZHtzFx7TdWOyIt5I3/Vqd50z3Lh1vwsMiRfZifR280pwroq0XGgmPWGE1lPiLVGUHdoK21j0Z
BjbCwAUk4zn9hnxIhYvwZKJKrT4JZS9L9h0Kw7hccoSbH62nxOZjJaUpBQFS+0OvQhcWYnQeURHs99WYAVJaD2gGo+dl+QkFzoSizUR+r9p5mdRwcf6hTEjQXNzT0p0E
BjbCwAUk4zn9hnxIhYvwZErYhn6XOymAe6leV2582Vjtmzzx+MQT6sxmx3Nk/eKr6ktlHwagFrIYMnxFOIVmbC41gRW1AjFy8U2POO+JwhVaMACZM3d8nTFl62tc5jG+ugBN7hnnL2cM4Hg6m4pwLA==
BjbCwAUk4zn9hnxIhYvwZAF9+xJmPRLfGeYhNF/Taf6NWMmRnPElcxif0NN0+jjxideGNFJ+3Pfxb8kidywbw5fttDVm9lH/dOkRGzMrWh0=
BjbCwAUk4zn9hnxIhYvwZGrOCO7lS/Qx4lqR1hkyCaiu7Zef8jlVfM9iytmADxIg4C7u2meCcv4hyinimj7CJA3HSoWY1ofUYuVkubTP7a0=
BjbCwAUk4zn9hnxIhYvwZFYnm5xRzEsxcxaUGtp5OfdgybnXP5sqLdk38GRhVaDOMnWGHbClYNunldWw7n7YWtZ+82BjES7b3PQa9eaQVVj7I98lHqJ6naulgJsfws50we1XQcC7ywCkJzOz9Bq2gS4jXr4U5CftaWVdxiQ6mosV98p7WK9gBO74IZXQ5bEcZ7gXkWfcGjV2xjRA4Rmeow0eSL16aJIoGFDpMR9fn4cCC5n7EeoKSHbEawgWcU2Q
BjbCwAUk4zn9hnxIhYvwZBeyk6c3+gO2bq9Q6B3lHvjf3CZE1PWC6U1w0bnfSSm4tjE/OoI1g1Q/RSlTYet9bvT/5zZOGihou8pneRS5x1Nl8ussjs8+Vr2gC39ClaOi+TX4xd+LWeXj1b0F4S8dd2ZIancWV3xlmBjOtMyyQ5Thy5hiDifL0f688mmGrM37Q9A2ARou9VmxzgJngC4QT32yebfy2hN9NLXln8qPLZoRKuBauqPxP9hVEzU2SRxN
BjbCwAUk4zn9hnxIhYvwZN0IL7LS0Ly9fNbRdNBpwbL4qc/ZrblCPs7dDRESByxAKDeIJ9R2TAimo1dg59WOjIcbPVQfCmrlpJ5i5cDnXLk=
BjbCwAUk4zn9hnxIhYvwZODa03FF+U5UFMe/oHpQSzXLwCLIEprJ7cPwB8rZuFqES8cYJL1oDBKm4ffgP447g7a1RnlJw7UfzajY56Tulnt5GiEch7P3f+IhDQVLvisLj+Ye4LZ5a4hsi65dnBCyXA==
BjbCwAUk4zn9hnxIhYvwZPpCu+CZ+CJKaU935/2h00KyuJYZYXvLqYOX049Wj1/jaXSAN6K+3R65no1e04ItcltfqkANK/EsNBo490vUYW+RxPv4wDH9dd2w6WoP7yaI
BjbCwAUk4zn9hnxIhYvwZEnRyKiP/VYb0GuTVagyI5UHRTTT4DnWYmPAkH9GgnxfUXqKFmlsmSbrJ/WzV204AxUpsDs7obM+Kv8I7Xtkk6TEfGfbiEQ3tDO8TViMGFOn
BjbCwAUk4zn9hnxIhYvwZJ9inpJtC6pQ59dsEnG1FHGWPAcboRs+L8Pf1baYNbIPUEbIdckzN9AJPNKupZ8UxAZBA+Cjiur8m/WAVsAI6T596qCvd7FFgth0o+TJwElB/wn6cY2im+MgzngQO7BXkQ==
BjbCwAUk4zn9hnxIhYvwZGKPe+a2wQTMLuB1dj/k3ZmiM/MPxXtFIIPN/EgxWkeNtenVRuVT831veNNcFr7ASshJX41nsm9o32vkq6FjT1PWQNb59I4uGQPU9TQkEtkM
BjbCwAUk4zn9hnxIhYvwZGKPe+a2wQTMLuB1dj/k3ZmLS9DfOCyqPgwDYd2OSxsmqzrHYgItiUVCFLnVBKaBYgzJz7w7zhCudB8JFYF4wP7hQNosqR8amI3CGpGeWzpk
BjbCwAUk4zn9hnxIhYvwZDvjg90KEv9uG5uaFiEBDZL1Uf8qzX/vVpYm0Qv4Kpdqvra7gknH7N14hKlhQB3XS7+K0d36T4mz8mJr/vdqsS35i+3a2FM+Vzy32tkBqgKZBJgS12FZ7PBC8orkFyeaLvLrcYCaxnNUv9G0bMcl34pSX/ra6sQ+TRew7KKyFIxPiS4YO7hTeRShkpLnyOkFBE9HOmHaTTTh+cx4Urjz6ArCJlKOJKxApE0pDatGFsRK
BjbCwAUk4zn9hnxIhYvwZBCDXjA7E47zwxbs0ZkY85YghApb8X62ZgZSy8nUTk6nTCCd+lTnQe4V/iruOXoucZIhJqZhJEAZo708LTVFnFF8zIDhXMObzl0ira7lojg+
BjbCwAUk4zn9hnxIhYvwZFLkrCHVxfUIodpvzoC325nnhQWoh9VOWlwYKb/cMN4Twk2LRuJW3zLkSBUIQw9N232eNcOWWIOu+3+GXcOIo+ahY4Gfya/1byyptvvU/Tgd
BjbCwAUk4zn9hnxIhYvwZMUbz5guERyuKIiPNzkjAZ+jYLsCQrHEOC9YJ8+chBOk53ehIN+wt3TWeMROPaSRQAKyPVB8Vhq54UNtIINCLzbX9qjJjEwjnLfZ3SXkY1lR
BjbCwAUk4zn9hnxIhYvwZETGxxI728PaQ66Z9HC4UgC2RsgJkIGT5+CbhjJaSDBhqg47rVNwFAUTTcFDepxWLpJnZCCkKhmqiQKF5RnvgcEfowUmij7V3+Rl8mAYKq7r
BjbCwAUk4zn9hnxIhYvwZDIwRn+qzk9wlj60vR46cAlr1SY/6ckZ+s5NfHSuMsqwAuIKFRGdmAK2XGqaFzNTlFSaVnrp/s+aBCfpqVUzrHsGP6i1F6QNCnwxk7cFjXgs
BjbCwAUk4zn9hnxIhYvwZFXHb7Ra/9Y6tvFv31Q5oS7A8eNoOGR6cuLn2X4wU7qF+aaAjahj8RZPtW3fS+W9DeIPpDM0kP7h09K4C61urdAoNTVe/bs0ckgfUDcCBys1
BjbCwAUk4zn9hnxIhYvwZInmH1EVyBsHR5rMZfbmMnlAycFUAZ+g1zxyO24tjfiRWxAaWTdf3bVf+03955mU5fC56JwqwVQQ9+E4PpK2nPmAJq6qj9Fdli23GrfQ7cke
BjbCwAUk4zn9hnxIhYvwZJS4V0p/UwJJoZVW9Y3mJCC6HKP8QLy4Zq2J4nFP5+VgHL2Xb28YW/lyo3/z8Zr+eH/m3ZLuRiFeHc0X8OGBCxwy7iBMrtxwAjwZumFeBz/iwtNK1SuaUsZcqzLa7itJfw==
BjbCwAUk4zn9hnxIhYvwZG3URB4XAmpws2n6ksocPBhgyJXnSB1DlRPhUi0BOH/9sjx+ZbedWB+ympCJzvbXSOIzsjZyxEeQN3rG+W4kwVnhOL84Zyt41LDZ8WQW/6QT
BjbCwAUk4zn9hnxIhYvwZAUu5lyEJm7Zj5WUFsDPBWZ2TpH1mnHmk0GUllYCb4JQg4nZkICoJMLc7m4J9rHEj0QtKg7eXz4n+nN02j2I4f/bcs2CJaebKZSBDhoOjjQwT9AC5mCr/UenErAR+qu1VA==
BjbCwAUk4zn9hnxIhYvwZK/kvgSLnq3ovVZxcePfhPgPKUUKgo+FDPYwa74jEw7d56h8mk/cbjPDCz2Hg61exE8gkqD9i3gHps+PuUtDo0MnoYxlZzB9VvknAUITW9H2
BjbCwAUk4zn9hnxIhYvwZMFQb7SIFzeWNCNTlas6HnHv6svTKZAttVfaTNNfyGTpcxr9MP+XN6hpW4Gd4gMvZwJWTKf2zyDrOqfZRXV9KM7knfGkFtZw6dHVZl3KnLTq
BjbCwAUk4zn9hnxIhYvwZNGM5GeWIrCdciTYpgec0N+xZpX7vbrvr9ecZlHNHuWFBZBaCUaVSP5rthj6oZoGOOeBt0RMQWxbX2XDS1I28mpjo95fszCoO63FtWRiYuTQ
BjbCwAUk4zn9hnxIhYvwZPFRDLIYQBlAhqYkQTyBM2FpZqfHF6OITonHAOQPlATylLnKpa9sGohnX7nh8CDA1POj8hTIWvplnjZduU6T7ucyteAyUQ5R+f6MbjzxwyLRsTaIpVgs1zicObCE/j7WHQ==
BjbCwAUk4zn9hnxIhYvwZNMxr1v+MQ+qdTW0/y3PjOJWmfhE/w/lqATJ+mGJADfBT/OeH3BGelFJ7P5wp93h7x+RqotxWRS5RMFr9NGsmYkDLV1vt9OP0djFJviC5nfBXH17a23XQug6A6h7G1BJBw==
BjbCwAUk4zn9hnxIhYvwZGP0m14+kju81loSqPF+SiwHnN5pmzYIPVhSY27LB0l7TQcDxZR1VB2Dw96Ug+af0/zgKcKTiw4vSiDOTEjQgo8=
BjbCwAUk4zn9hnxIhYvwZLZagd2DoUKji7MKKKxuJX1y+hjh2lK4BfaLiFqUAEFi3w2SVmCo+sCMjkhBM8aTLfq/QJXQDRQUYbmtOhzwT1/Mfzd53CuXv6Jb7aTqZbGQ
BjbCwAUk4zn9hnxIhYvwZKXIIKHMeVM3dJ3ye04makpJtEXUxROpCSZUDVaH/pCgjXA7VTo6xqFq0u8X/9/P4f/wbSb+UX/hBSeS/Fy49BA4ArMgbwieG08v38ogTBJUF3enMk161hz9blkh54L14A==
BjbCwAUk4zn9hnxIhYvwZMX8yYVtHYihySHiFvDcrPKZFM7ESiC6XAOhFCLHwnxudZ4W2Uldj/Pu5jsRQtGjsggjDIwP+g9U8zdld5uPJOyAF2swx+DrFkDC6qMtLO88
BjbCwAUk4zn9hnxIhYvwZFF7nB4EDKzB/sHTTnOoRSl5ncnzv1DkoXoJ/Cth9Vjln3n5dn0/NbaEPyyn22Zd7BDUMQ7xeqym8J3lNTZrylLRYhZ7ZLWtiEp22tFsxFiE
BjbCwAUk4zn9hnxIhYvwZE3ZitXC3XcByeL/ioVpZusVyu0l8hz+PDswbDveR4SNv+L+dxvwfW0CQc3T+eRbbS90rvNbMSgng5UMUBOawRrxkkatxGpEocFTvAfQkwMLYgxq330CMlUX0noIxIO72w==
BjbCwAUk4zn9hnxIhYvwZA/cmG044rRIDCWJaIKUU/f3G4f8lyk0IL8YExRV+fpXO160Ke6bIm4Vu0GGOaSchRlXFqLWtjJfWxrdNJ0XkiQRb1bxwQD20bhvbpqy4mRIinC3C/bwqP5GDI81QJaCbA==
BjbCwAUk4zn9hnxIhYvwZP9psjbDXgOtkmhW4sZ6AmWHWzUGRk8ppLRv9tfNnqcjEA/6Eol571OUf9vwHSOaeRiUWirsaHhWm5dejB4xx7cqvFbj1szmHQS2ym5uRI1uCTChsecttAK2Cpb4bU5x+w==
BjbCwAUk4zn9hnxIhYvwZMeoepUTAppasQk1yZj0v3vOuc2TjrRdWaSqHRdc57+yyKSjcCIJ+vhvzLFAwnZvJxyZthO/1c57kPx8F44rUDbtjAwk8pmcgq60wba5zYo5Kutam3DY7oXMyRt3Q0hJiA==
BjbCwAUk4zn9hnxIhYvwZNEg0h5m8s64PFpcID7YlyfOkWyKyvpttjUSdcw0bVtPwmHMWiPsnsyfdTlb6x/kIinsDOHCgw4p/25KpV+QUkG7xDU6rPlST9AHsao5kp5lNNiJZICoAVsM7xUmMiMx2A==
BjbCwAUk4zn9hnxIhYvwZB6aA8aJh+w33W5FwMpUhHIshCOhjXurpScmlUiklcYD6tw5hLvpx1gMDI6IjkWM1uZSNLtQvhY3ODkm0XF7XEzHk3QAT+c+BeLlzI4yb2Kx4sxNgaAt9kQClb+3uQ8lOA==
BjbCwAUk4zn9hnxIhYvwZAqYjoJhsDNh8GPoJwGTn6eX8oIg+TrhloFfT+Gr8aKqwuY5fIDMiyUSibFP9ainZCPsV1zG5bVD+VY82qe2+JOCmEZYiuJTXJgd+Xa3UWwysu0WuBkVnBrdyUdS8ts9LQ==
BjbCwAUk4zn9hnxIhYvwZEfDXGh5Rar4FKjRPoi0rvw9mo6Q5LULsbqWHRFeuyQ6boXoYFPY0F22fLbBft18IpFayHLzRxFMqC86AEU9XUjQ//1KAzWigI60UakKpG8F
BjbCwAUk4zn9hnxIhYvwZDjBD1fBHicxb/D435iBcfTYajEx5NdooOJAFAJ6NrEdqi4fRqT7ItaLebloPnkofVYMlY4CMvTRgiWnff/UfSNJeg3P16g0P5TvLhRDLVCdmviA9sTP/qRXYFIpN3veUg==
BjbCwAUk4zn9hnxIhYvwZIq/J8h5wnLDK9j1e6gp3x20z7qKmsbEwFS743NqxhX49icbx3ZHNQw2XJ5ZrgFAwwaZkTN3kLl0r+caTvSRVUXCKeiL/I/zm53auRVK0VA8NKb+2d8bQO/SXeXw9ozxJg==
BjbCwAUk4zn9hnxIhYvwZD60OaFo08g2vgklng8OPVuwidMUHFczW9ekULRjnajwNGdG/m7AlnOGjN+0GqSPPOg3QP4Afa7uYcEHwJ75AEQrz9XufA+xgEsLmQFkxs9tW2ZOlF81lHv2aYfYXy47Qg==
BjbCwAUk4zn9hnxIhYvwZORu0FZ7x56wjC6oaQc0p/FKtAcX198NqtvCeyNNfS0Ccs0dc8VOEos5i+Dk5nsAW9QH3nKWVv60ordZO+Nm3aL7tA07F4FTwBaW1MImQfGpAtK07jANS3csQiJ6XiGNDA==
BjbCwAUk4zn9hnxIhYvwZNO8s1X7tnBbu4emEoNJLeVKalvcYGh15niH02m3EWmIZONiSHHXh26JpADFdJC1E4IgxM4M5BHHMJXc8CLBtn2wSy95dWAGZx3zv1YrWlZ5o/UhtcoVFBNB9PKQIyEeSg==
BjbCwAUk4zn9hnxIhYvwZO3v1xojmyvSkfQadoF1qnHEoU2EDCdiK71yk2ZBtk/7Y76Epn75NOgQdVBamnoQZNG6Jbtd2qlWvHr3zdRu9DQDzZE71fYukY5fVlUTcRBBoqTwc5VKZ2T4upc7c9Wqjg==
BjbCwAUk4zn9hnxIhYvwZNhDlWRelvOkOanXM3HU9Udi4SUADmCRcvOsfvYviLxqFK39oQYXJreW9hP0p7FMrEGdt2Mxq/2jOHDTRi/gV2aaHbgSvERQE8ceOul7P7J/MQgKHxLfb5m2Hm9Nt6RcDQ==
BjbCwAUk4zn9hnxIhYvwZBhjWDhDavJ4zfN0Rq+Yse7PEBg83vVIMRrhLY5ut7v34XsSDtHEQezKcEVY3OSe8NuBvivdNApDBTxArD4JVl/2eRBC6MtR1xojHUZRt+IPDSW6s4YkiFZljpLBFkPa4g==
BjbCwAUk4zn9hnxIhYvwZHmWtKvyNdCWlzYKWH3Kv6mEr0SU8vm1GOsSfMGMPiHvKzG/LHY43RZvnwEh54ut68mxV3mnxXkYmSg0aqsx75ReJhmjvW7rPpLDHc+PzAPjSVju7kG7dIZGv9g5QFD4Tg==
BjbCwAUk4zn9hnxIhYvwZMbjuI4CFRO6IMe9qgNb7SY8JNx8B4NQhyiUunzhLP2CC11vBkHFhZBwL5+h4O5nZAqDOLpSOTjWH2Tv25/F28F+rkI84tLN5sp6/x7JpNMvnBiezKQRX3KtmKzlgYmMiA==
BjbCwAUk4zn9hnxIhYvwZDbYjW7/nnInbFx0/JFDUKeCvapzX5ZQfCpigl+VV6gB8ikB1R/JBExgbJOhEdr8K7OrTcf+UXSACRLojONGA5FM1b44zKsw9fqvrAO/mfrBYM5kl6c4yZYDARJDyjAXfA==
BjbCwAUk4zn9hnxIhYvwZOv9Uhqvj6N1TzbicPmcccdgIgCY74ntu4vDO9fmy9r4yL7JbNA3LgSkNJ9w76/hRe4zbqwToytWIXcVZ3f8wnXvvGrHLNtF2ffVGKaMCVTQPoo7x/Vjb3lgEgZvP0H+Aw==
BjbCwAUk4zn9hnxIhYvwZP/dkRb63pBYruwaSUOUX/e4i9K1aLidF8EAgMIp4X8Cx9bJnSktSt1Df+NFENIS5oSg+Y0AFO0s8g9h/dvEghXlsssTckNjSgFSWpc5Rk/ssw1rOLfR94+xOr9VMQ9XZw==
BjbCwAUk4zn9hnxIhYvwZB80UkAO68/9/Id8P1+ZRL2tyShU32msr0+k2xKbctthSK2r0zSgItEtVDKIsIsuh1did3y6+qFfAEEnGQhi1eh5vDz0lmujLVyVolYcCoWj
BjbCwAUk4zn9hnxIhYvwZK5zHp6cB1wnunw31eo7s8smRYcKqzWQm4M4qDYwHvC0zP28gu8aYdRZwPEUZtyw7gijXH+Wo/cQ7rREmVTGdiPk1k3BExiD5dB0WD5zrZoq
BjbCwAUk4zn9hnxIhYvwZPhlM+RK/TZ+KGLyEmg50EWOY/yr8nk/coLZ2NbpL1c2KE3Hr1u3xg3Kh4Sigmwo7w5uYBIURmp0nfFqhCWVvlURPyRpkX2i8gH6Kd39Zi4j
