GmcONIA9PFzHw1gpPLLPoqev3ytAH5KO3S/CJpMsylg=
35kyjVfwBJgytCi6KM5Vug==
FNt9orFfFSbPIXNSbXcP2Q==
gE2g7VQeqq0h5MkG44fPUw==
A4ZCFW7RnVRfEnbtNxUDb8VFIQmzxcIFLuiIjRY2q84=
cwgQW1UgxyVfBeSrdwXHsPE1eoSAri+NViVSjTYe4hg=
pYn3RyiaY4vz2unSybTHuw==
mAzeFbkWBGyzJRgEWJSZYQNn44wFaguEUnqkvHVinQw=
NiGef/LGs6v8Em6sqLz1GYGKB0111uCW/TAqgkiW0+w=
2lfNnhNY+w/3xMaMUxJbE0YFT/wvMlSDz8Vrd5FEs18=
BjbCwAUk4zn9hnxIhYvwZG7Nvr7XYxmSgWaCL6TRPDJ3fGfheweE6UBy5LwxH8XdmdUOSaN5KtwrBfR0oYh6aqhGkSXBPFaxuvePtNjFNM+MhkqwF35uud1x61rhZNl1
BjbCwAUk4zn9hnxIhYvwZIBpeICUheATR+0Wn+M4kiGeoYMfMCBbRckAo+IvPlHV1q4VcNhtKu/v0psa9v+rOpRQtMwTjg7CcARCcMv8qGoTjAlSsEaduuhHyYhXZ6i8
BjbCwAUk4zn9hnxIhYvwZBjQc5c+ZagS8PfTxcb2t/8MMTuAvXjDXNzLOFcOtsLVnwfTDKYgyUba8/rzQwVRl5cHijxGEqpgz9X/kn7AS+iwiwRlfnJn5MQMMoBcU+GN
BjbCwAUk4zn9hnxIhYvwZH68HWvd4ETmPA2dcU9TizXWqkOVAoVzkA99ahHQepyvmBIM6VdutLR9cgmH6lsmAaRdwGjx698tQLPwSXkqn+3dOP7QppEis5VuVE5pMCLR
BjbCwAUk4zn9hnxIhYvwZMk5SBoksNXlNFO4f9zVeG1qtYYXZW0lcy15+L0SjVMl2gW5dGw29OkMGFsrF+2tgBN01rV7XzRrjvvwKLqQ1TFmjgZ62zK4wnEZbePLn/dQ
BjbCwAUk4zn9hnxIhYvwZMYGLM4ZxTgHjz1L8mqTSqGpICYPP+ZBhwd4LwZuM7tGwZzVUoxNBEu1M+ivN8VmOtvz2zVjIgVRBzFU8SFFOCWqSanDPezINRyVcsoYazt3
BjbCwAUk4zn9hnxIhYvwZAdL250sgg4WATkRdd8lD8WKUYu+f/IyJhfaV9GJsz+DRo4CuMsvAXhNbSpp5MZKo4Z56cDGtY0HjGHRXOh0pr1bWBZNnphxzwMC1OcnDfpQ
BjbCwAUk4zn9hnxIhYvwZLNALQqLGaiCbQ/7nUr0NnkEA5Aplqdt4D6tp6BDW7X2KPNyFieGEd870gjMC3UXa4Vc8HSZYMDY+CmjHuWxYODvoINa3j0KnXAvrmgvQURAc7n6f1KmiZ5UaouIR1GRsg==
BjbCwAUk4zn9hnxIhYvwZCAI4Uf+yt0oTtaP4OsXvjSPpzaVoi4p//CswvAkTDqdo6snR34fATM/nU6NNC5sV6d7rFjXDQOxJPYH3gW5tdYZ3VlcdQda3LF2fn1m4MIJ
BjbCwAUk4zn9hnxIhYvwZKIX2AzQ7deMfxVZwQDsqvejatvlMAxb2DVrmxLe53PWkbQ9muVFlk6HerPLl39ygoqgQ+L6txxswFV8gMNYNjz/kTL2osP+sE2tnPpn0PfJLtsvh7FPC43HMZjfJZNC8Q==
BjbCwAUk4zn9hnxIhYvwZFKSdbVeYAIbNhjpOpLZoBhCBSUWtd1mUuc+2lcOT6TIkQVoCYRvfVYZN7URpC+dF9gfWU0pD4pBISDYWDq6djv1+ARDoK1oYgiZFFpDC6SYBhTugvhzXQaZC6ojiIJjMg==
BjbCwAUk4zn9hnxIhYvwZBrcsedQmJtLpA3mU4iC76Ta1Tlv6xHN7V69g2lN3xXcm5JHRbQEN4W9ARPh883n49kuxz2/lmS/oMVTKqGq51Q8Pxe3Nuh26ZVaEHk82qnG/0JNxoUEkGPcC8RyGc6luA==
BjbCwAUk4zn9hnxIhYvwZMu8zIYJxM2d7Ye2UHp3hhXKT08+ATnQiYvh7BorSbN829k59xXU7EwKAUNSY3EWaYYyFSWpIB7bZcXKnUUi2xyvetB/hkHv0VhlFT79+XWE
BjbCwAUk4zn9hnxIhYvwZP1GZl6+LsKmUUimcDzXdaJCb2BZRhZACSFJg9rpL6Q/M/vKrBk3IskhIjpQPRt4k+50g1YMtHrNsi5qOvPQUoMyahw0cN6+FI7BMkTUF9kz
BjbCwAUk4zn9hnxIhYvwZK/6FEXpnDBLzpcTa+ilRL9GOMlX5RJzXK1tXANvXnem9h3k5GoxJ0+9tNl3XeiT5QvjTsjkks7PV0zmDC9eMlOEX4Q13iaTdroOdkbcU4PDjv7r2a6ElFrsXSex9N4Bvg==
BjbCwAUk4zn9hnxIhYvwZHCrGuuR1XgOhY7k/v2e/PI8T0DC4/QsBTIOtxS5mdfrLfVa1d9VvGODtVGfstdYua9ODPMOuHo6b89Y3axFyuHBoNE0i5UyzbKEPHHkaYFTqyHkywUTSlNYNjqiGrIIew==
BjbCwAUk4zn9hnxIhYvwZFz+mIgxuqZ0L+ce9cNBSRqrzS1PBpiqSZqpaeZ21I06KLUekJEnztleqIy/VY15ZECT264BYIpXCNOKVK8tCeSaBQVkrVg7YZTcb0+qPyJwIBrxQMv09/BRHk6kYAiwVg==
