GmcONIA9PFzHw1gpPLLPoqev3ytAH5KO3S/CJpMsylg=
35kyjVfwBJgytCi6KM5Vug==
FNt9orFfFSbPIXNSbXcP2Q==
gE2g7VQeqq0h5MkG44fPUw==
A4ZCFW7RnVRfEnbtNxUDb8VFIQmzxcIFLuiIjRY2q84=
cwgQW1UgxyVfBeSrdwXHsPE1eoSAri+NViVSjTYe4hg=
pYn3RyiaY4vz2unSybTHuw==
mAzeFbkWBGyzJRgEWJSZYQNn44wFaguEUnqkvHVinQw=
NiGef/LGs6v8Em6sqLz1GYGKB0111uCW/TAqgkiW0+w=
2lfNnhNY+w/3xMaMUxJbE0YFT/wvMlSDz8Vrd5FEs18=
BjbCwAUk4zn9hnxIhYvwZDhqkKI0/FPcflVqM9+hO0QRcwUSlfSs7vvx3po5LXEGIldH6Zri8IhNfl9lRZcqKyXfSZyO3/O0Q7s0HlgJsLTs/VvUfbjzUAS2pDzAjEut
BjbCwAUk4zn9hnxIhYvwZHx4dTEpGbTxG0+yYLOS+2QNnJjbchHiDIzX3gHuxpsfojsQKG6YorfaKX3uzm2/xDl/SXgM3bsXhLI4CeibWB5CRsP5esbaYxCH6Zh8r4OP
BjbCwAUk4zn9hnxIhYvwZHo8hIHiBr+Gjl9p3HEza4+gbIhnPQazYhO3igSn/9QKzSoNIWoiWVi4W3NkLHtptoGgOEuqmzUIBrnOIkM9DRFX/no8thxc6+nw7dsHCc6H
BjbCwAUk4zn9hnxIhYvwZP54+HhiaHt0dumBYxWcHpfTxaS6W9JlYeNjl4cQlDOE/aABHyq1oZtD8Slns8HUW/mPdjpvW0NI3gcdtTLZ4EiAFeYJ6oriegforPmYZQcL
BjbCwAUk4zn9hnxIhYvwZDjTTHEN4NS2AAhRxAb/LohFan7NuVPjKe3VRFTbzB6PBXSvT5DlJCO8417R7gceOidWJEmaGUz/k/Gh2hctrngzB+dkDwkAYAcaYOFpVOLg
BjbCwAUk4zn9hnxIhYvwZJZXfb20sXgUguN8j3ir2lapy4gEqLzco47KDIPlDeme/ApzvcPXr0Lpj/y7PIrxNSP+e3lxGW40duzDCzjfwBwG/437XtB/hFYF/+6xtJPo
BjbCwAUk4zn9hnxIhYvwZNOWk0KdPW25PnIk3jdEacPAxBC99yM91X9W9CyW2MBP/JP2n9JMxRDbEXL6uGtZ8TBX5oL4Gz5UJGy6G+1+24PbvVdo213LxbN8gYGudG7N
BjbCwAUk4zn9hnxIhYvwZEwTmIkIvwzGwluE0BoeZZ/VL/u5jViG019F51p9t4skEOJ9fbKo2JIsYHBfg6BDqy2I2GrTdeFZrb9YXDk408RIPz1dzkHi0U9g2z/Vb5Kn+QZQmAt4N5Xp32Q8Iag9jg==
BjbCwAUk4zn9hnxIhYvwZAmSEZ/Uw8PfOX7PtRk0VuIZ2QetUMx2hTGUfeHVgM5Ye9P3hRbVXMXClF99d3wG1bW1ap9RCDf9p1bJDASTA4mBzxNfDtwvZ5RioaDrqxeTRr5pdty2kA7e68Y9nFuTaA==
BjbCwAUk4zn9hnxIhYvwZALS6DpYL2cvB/RHYiDltu8AVxjf89BhRFlpX/iYKZIJ1gnBa6qkjJeOj6q5caGfEtPTMfndxcaj0M7GW9VTggFDDnQ803DBAcnxIrRoU5zu
BjbCwAUk4zn9hnxIhYvwZCBX2PXgXokVxJ/e50iVcMAeDOKJJpu6lLW2iSeiVoL8j08ma8+cCHBXanNIhwaR4cp3kpc7Mwe+dpS7kZTU0iMkgPrHJ+gpitdhfwWMadbn
BjbCwAUk4zn9hnxIhYvwZENLgqa/2jBLpjg590+i3EwKE9d6Tx+Fnb25hPBPe/Orc79w4IUlCSQ3rnKzH4rlvgbajSVz5l8hAdoYUWdNBijidXG4nJ+HLArdsfXZxxqj
BjbCwAUk4zn9hnxIhYvwZDI9OQA+ESR/RWFFV7vv+OrKNSKTTpSEMJf62D/JyLr9jP+lgRkyDxIBUD6ewiEbrZszgltwNOWVFg9eey17Jz1vqTVbmEEpSoUJKV/tHks7
BjbCwAUk4zn9hnxIhYvwZDR6X49e4UeUjxrabAoSc/3yrFoWfinR4Z9woHkMrfe9mZPixrUfOd3V9JgisnJNf1Uj37FtLrkc3hIxyYKOBlMK690fCQEaVs9CUF5FKLgO
BjbCwAUk4zn9hnxIhYvwZKkmncVKF/K+6qix5xAcHk0P09VFBGdEhbT73a8RlI4tXVnFameDSXXhLbF/xNB7vCXuKCzG4xB2BP5MgESVl+IhodOpiS1Yvo795BbEIbjg0KO7V/fjUyY3feaenBEu21R901btAJp41ym+q8TOmoZq63tqaX3l49fkds08j6a+au12NLLiZ+svO9d23uvDxjHDRWHC4NVbZGnHh3vqGCoU1CE+7yMJtbW3D81njTdx
BjbCwAUk4zn9hnxIhYvwZDUnqSzgSf4qSuWJ12apcGlWFCYkxqppNs/Ai8XxV4eavvwzpW0dayutal3u6ibb4OeSvuylX9N3pw+WP++WKtd18pZDSCmQyc7UUctRbXcj
BjbCwAUk4zn9hnxIhYvwZFG52zeCdSDi3HBiuOm1D6UGgFHaiTaO8FjrgdS5rM9kfzaf237FVnHcp6VPxZz4ECoNKXdYM5wuq2cgxUDmuyaXWmCWYvD5D752CMYPFcf6GMKPANDP/zZ9NGa0mhIWNA==
BjbCwAUk4zn9hnxIhYvwZIohvozjhkZMaYQmPUvMLdIz10jk3Yj9qIM0Ft87d42DZbE92cZy2j35BuL/lchngGGFEwjhT6S9asnAnOQgZr8=
BjbCwAUk4zn9hnxIhYvwZA9oBGrIW0RYQQevZ0Dgvpl/ZXq2twQVboV7NNgyDV7FOzJwtdfZuT1Y5mWh7tWPO/ru0AqGSlhskTZqiSVvKlk=
BjbCwAUk4zn9hnxIhYvwZNJ132dmJ+ar3OFApzJ/f9HJlq5JUawVhfnyufL4ayHH+cQZkNXInkgkK9I6iBaPu6bHjKa/G3GVgI3EzQWrKV5+QsnJn02kEf7RIGh6mtcA5dOaHCyUIH1+5DCDZOVKJJYYLugUfhhQmriyuSHyeWW2WUhaGl+NwlOehTVAcC7DwJEW7LmVW8SSNPCmvvnGVgPLcW20MgwtSHCZVbmV67KVONInp2HkaQDBLoOfhIfd
