GmcONIA9PFzHw1gpPLLPoqev3ytAH5KO3S/CJpMsylg=
35kyjVfwBJgytCi6KM5Vug==
FNt9orFfFSbPIXNSbXcP2Q==
gE2g7VQeqq0h5MkG44fPUw==
ExPkcbYFeYs2lHSAMsaJBjIbQm7FWZ8YCSkKK1z2aPs=
cwgQW1UgxyVfBeSrdwXHsPE1eoSAri+NViVSjTYe4hg=
pYn3RyiaY4vz2unSybTHuw==
mAzeFbkWBGyzJRgEWJSZYQNn44wFaguEUnqkvHVinQw=
NiGef/LGs6v8Em6sqLz1GYGKB0111uCW/TAqgkiW0+w=
2lfNnhNY+w/3xMaMUxJbE0YFT/wvMlSDz8Vrd5FEs18=
xzE2jXgGPXyh56V/2oQyXcU+ju1VLfAfgYqtmpgu1V3zeo/9O6iY6DWhPi/clTQSHyv7PW5iJQwyMCDZBOUc6PUcmPreis0zcAsPdU2LzWL3sfpyCJ8vGUwsnyOabmpna68tkFi4rEVuKGk0bVpSXw==
xzE2jXgGPXyh56V/2oQyXZBQZudAiarjV6wrKS7fPfEg3kaF4pE5xYk+peeqycEkMVx+o7ubMUE0F2doALxgrGf+AVwtAdaWuBE7KJLCVuFEoppqXPVpN5LJ8sknhteL
xzE2jXgGPXyh56V/2oQyXbNMkgP2cN2/+vfa1a4UWAurMu9bQN95kirg8vXNr8JA61rEcR7c+yY/DS5ehfMV8eJDjLLL13TReVI9EJxHdcfbe0sSBBp3Ds1B/W1bhr5wfkzliYrurnEmqtvG+F4QOQ==
xzE2jXgGPXyh56V/2oQyXVq1HKpjsRdEs2C+DChf6ZhL7mKx1EIOJKee9lP8kPFeD+9IbmD2xb96pQL76bcif3UIvZtzssK5JmS1M1fRc12YYDNoCQSOLJsaBz2qPOiC
xzE2jXgGPXyh56V/2oQyXdDhLSOT0d9D2Wup5LHl2aK9YZB02MKuj2AieholcI7uA3YrTz5j7+R2zC0uRUyAgh8wKTx/puagIKhE6kZFP5q+Nv2ThngL+UCxdYpnxtw25cmZ5oEdx1zQP+Pf0KqRPQ==
xzE2jXgGPXyh56V/2oQyXQolECwrypig/MsdY1N/s2RpNO9WZX3H7y35UP5eXMUL6AV8TpDcVB4rU3xscqTZRnoKL2sZ9H8AkrBDmWUM/vQYuIprv/uS3GGmk+JJhTSTPeSHmd5ovDYgUXX5cjBpTA==
xzE2jXgGPXyh56V/2oQyXUKsbMcfZ7gQhXPjWxwFB/6LTIUeU0HFO+8nz6L3Vk/DtWTgV+ifZkzqHtPERcekCTPYkO2OPBsB4F7QIvKQLlqP+akm7t/HfuzdYQTDuetr
xzE2jXgGPXyh56V/2oQyXcNMiymN3CtdKeC1OS1qgUSyXnzMfcSnOsKhQtL4ah3pccXzdP0Ksb9vSzSLZeB9W/WUChH1HVBXQKTw6dUsKT1KhExeK1NIXsrkWI6xZOUm+sTNs6Mg7HBdaeOBfCzMNQ==
xzE2jXgGPXyh56V/2oQyXcSqhsHF/W85dptNXDfI45hC4y7th0eu+bAPQGmTIQrfu//PysFmdFOmFNOMoEzAKk6ezdosNeL57BLQh7ftPwHgNI//PqILv5beT0munJCD
xzE2jXgGPXyh56V/2oQyXQL+aLmr6pu3rIX7uxoKnR8Nlt1HrlPhSJFDhjbL4h7+LRD4UZP7Vghj8/22EcQ7FBX+k0Trflf0VyF7DvcAPdQHgEb5uV8bnBQLFchdJmnO
xzE2jXgGPXyh56V/2oQyXaFY725tYfIBIFP8n/Bf9U1BspVWnMv5vXEJs0G3iMkHc+MvgHd10kqpBtRpCw3biHmCQLDkZ56OHqCCJlrQFbT06ZlbtzxQ4lK0K629WJF4QkcHKs90Hhx02B2AWUzf/w==
xzE2jXgGPXyh56V/2oQyXaELmFwDR3Yj4lIgniZr20E+TZzOMGWhaJ7BRWyhQyHTdRv0EGXCYDw/e+ieRmKeegC7PP5svVqh54c7hDwgWnMDPIuNASIC3GpxrhbmgtQg
xzE2jXgGPXyh56V/2oQyXYHTw4TBZQKE+vlabxowQYkD1MyL8XDvzrA3hCuk4SuPMbUZUojfCOIynn0JVx8HMlHHYLRHmU1QJ+r1Q76Fs2zGf/MuNY9d7hrVSYOJb+T0JCH3AT8lJobkoNjPhnnAlA==
xzE2jXgGPXyh56V/2oQyXZE6TRjwzM27ED9z+0CGDPyOPLMhgwvx0FIqONGRXh+eg1DPb4vDyuoNIwx9sSFDuYJICZQAsVu5C8FExspH2Kob9zh2rQMAOuZkVlWJ4fDiRLzA3Fkout0vCL6kTlrTHA==
xzE2jXgGPXyh56V/2oQyXY2PWQTDGJ8ed0TDWqyMvJaHbUDvbx84Fu0fMtx+WZZhxAe9jKiQMB6vy3qMZzmuPD+7XAw2v2rLAjJMp1t8wivo5JUft8QskjgX+gYyh+4TT43grIS2fAzm47YaMREJrA==
