GmcONIA9PFzHw1gpPLLPoqev3ytAH5KO3S/CJpMsylg=
35kyjVfwBJgytCi6KM5Vug==
FNt9orFfFSbPIXNSbXcP2Q==
gE2g7VQeqq0h5MkG44fPUw==
A4ZCFW7RnVRfEnbtNxUDb8VFIQmzxcIFLuiIjRY2q84=
cwgQW1UgxyVfBeSrdwXHsPE1eoSAri+NViVSjTYe4hg=
pYn3RyiaY4vz2unSybTHuw==
mAzeFbkWBGyzJRgEWJSZYQNn44wFaguEUnqkvHVinQw=
NiGef/LGs6v8Em6sqLz1GYGKB0111uCW/TAqgkiW0+w=
2lfNnhNY+w/3xMaMUxJbE0YFT/wvMlSDz8Vrd5FEs18=
xzE2jXgGPXyh56V/2oQyXVR002EfnUB3kw8gnsrS1sUkfyFuQRi52Uy+5JF1mnnYbIAOpT9yM34aR9oZF+U1qODTfwHB4ClRjHnq7VCeQ7wNUCnx+6fjNENXTEB4zx/a
xzE2jXgGPXyh56V/2oQyXS0Xh4MZqZRBplcIyns/MbHlB3gO8XGUIeot2zlWJe7jIvfHu3SqK4j7/M0j5Rvppd9xDSO4i0T2AwUkahkMmq7pL1Ln8A4qLjh3utHFtDWVppxs5aiIsMuYkpd60JiFOg==
xzE2jXgGPXyh56V/2oQyXfLzyzn1+2v8Ji2sZ2bw20wXhezAeUDGI0+ge39P3egwJlXal89Oyq76sH5JNSD3W+QTpnVhHh9BsV30vGmwwXxWyotHmb54PqzNd8n+h6DZ
xzE2jXgGPXyh56V/2oQyXWzVH8uWsVKxc/x9WfWa7GuRAptpNrTHCC3q3pgRr8+vlYbEhsAMUG7Qos5KRD6iixBsAB+fdML5vwgoKYiQVdAYJiPLxIVesB/Q6+c433of
xzE2jXgGPXyh56V/2oQyXSkscfbgwYatH1ETnXNnPSXFSZv8dsN1psWLXax8jNgMfrEphi+0hRwsHSJUaWFnry9h1tUv52LmQ/lBdCD33vr4MkoDrouwyUZHJ2iGhqDAdl2FO+0EFhHi/myMipU4vQ==
xzE2jXgGPXyh56V/2oQyXUshGGLJTIeJjRqazsde6s1aNg7I+wxHdAy91E1qDWn6L+kUAU/ej9qKfxIP1XhbXfCSTOyPQEGrGQfwW6lm7GmhM92fnE4qQIN6DYVGwt4R
xzE2jXgGPXyh56V/2oQyXREugMvpFUiIkWdk99u7A3kHLq3HYt52jwS1odoVoKtr71T0FdFrnhto15eL88d9jhdrOCLTJfI0li5mQRgaCDyyVLPZ82KZL4vJ5JSglkmDoe3wonnNJteWb0vzOkMWmQ==
xzE2jXgGPXyh56V/2oQyXYP43ZivzuOPcI7DMzME/rbWbWK+HxpsWFU79wuEveb9xBxu/ULuWbTcu3ME5C/6jT1YEUHVKlhoEIcDEsr1nW18pmMgDJP77N7dd+kFUihg
xzE2jXgGPXyh56V/2oQyXdrzjH1/+Aaee1sA1fJJpvC6BuEuwQPIjon/9u4xq0DStKtvhZSKZJ3TbJ+7b/aahA8SO9Twv1p+zO1lFNIEW06nXvaDRdVqjrCuvl9fR/Ri5mTApmH21OwzAEpgPCIP5Q==
xzE2jXgGPXyh56V/2oQyXUq39V1ZHI9Ydjiyj/VTdnBr/lTQsthGWhzftRerjAsHI+vm+Xi/5x6yr5IQ15a8rdBeVwZbql5ciNf6iCWl3SD1qtfajx9igguoRi4azS6N
xzE2jXgGPXyh56V/2oQyXdPArMbRoXaz2Z4HmJwqRf1x/pso00b3NkyjtX4vlEKysVdVDwWQVT0ISxBsWp9gQtIn+ieZBEBrQ5lR4+Kc//L3tyz2B1J7yLMvfHwxuOTrZqclpHZ+y7y6SRrLvpGPTA==
