GmcONIA9PFzHw1gpPLLPoqev3ytAH5KO3S/CJpMsylg=
35kyjVfwBJgytCi6KM5Vug==
FNt9orFfFSbPIXNSbXcP2Q==
gE2g7VQeqq0h5MkG44fPUw==
A4ZCFW7RnVRfEnbtNxUDb8VFIQmzxcIFLuiIjRY2q84=
cwgQW1UgxyVfBeSrdwXHsPE1eoSAri+NViVSjTYe4hg=
pYn3RyiaY4vz2unSybTHuw==
mAzeFbkWBGyzJRgEWJSZYQNn44wFaguEUnqkvHVinQw=
NiGef/LGs6v8Em6sqLz1GYGKB0111uCW/TAqgkiW0+w=
2lfNnhNY+w/3xMaMUxJbE0YFT/wvMlSDz8Vrd5FEs18=
winCDUmDSO/7qRkYIW66ubu4w0ar7/IFMnNosKHHsxUFSOfVrLVmLs8pDdslNLSjm0qi6t5FV8yRTWKxMQ2YCQcxmB7diy6kors+dW3cqRcDDkhlJfoJmG/UKcUb7Ha2
winCDUmDSO/7qRkYIW66uYbbazMvPVcu54CsJO7uDque6sJGXlpb3zO0v9UDV9FmBglsILSowSBl8pVxtnQQ+7KYaV+BHmMfXGBhhsMHBxU=
winCDUmDSO/7qRkYIW66ueRS3pUtnDXxgr//qD0MBtISohJnLpLIKdJySQAXT7dMhRN8eHhgVjrNDcNENgRQWd2/dFAcjtGt9JJYTu+gHmY=
winCDUmDSO/7qRkYIW66ueRS3pUtnDXxgr//qD0MBtISohJnLpLIKdJySQAXT7dMhRN8eHhgVjrNDcNENgRQWd2/dFAcjtGt9JJYTu+gHmY=
winCDUmDSO/7qRkYIW66ueRS3pUtnDXxgr//qD0MBtL8yyx8sI11sb+AL0aRjAfem9kWMLMXOkB9bL3yMud4bZrHG7HSRMlQ8Q1WhlYqM7k=
winCDUmDSO/7qRkYIW66uRa2gIYNRo5dWmW75nS6F93XUjKVk2YGnBHCCvW4gdNhOvBwFHxrYw3Caq90BRTqt2KfTTBEVWw8Dwb+OELZDzE=
winCDUmDSO/7qRkYIW66uUlbJP4vsaHx0/sfKMd2lZjaZfw68vXcA85k6KdvolQkrgJEbmZ8V+qQk0EJ53iyZUEDARuH/VZb2VDKPvUoRbJjVp0mSm8wr1wn/nAMMRCy
winCDUmDSO/7qRkYIW66uQdwRdPlRJPFT8p5GSJd3Ua0v+uFrhN6l+uxRfA2imuabIGBuDvhQ9gf/tLsIWpVcBjkgd+TGLNHLr7ZFDJso6s=
winCDUmDSO/7qRkYIW66uWGqRQMZOTFWt8BejhDpgcybX8ZykRYcGedE5aGuYplza0yG7IWh/XToCPsVzRWyLouEP5lf4lN7m1OOoa6oHzk=
winCDUmDSO/7qRkYIW66uWGqRQMZOTFWt8BejhDpgcznn35CKosK49g3TZd5rXmTjZaf22UqNFwQUpSX0shI6UCtqCoWyPzxFW5n0Yv/fLc=
winCDUmDSO/7qRkYIW66udRR4yZX5QXlQKlCiXMW7KSfBdI6/c/H2VtjLQE+ejbsBeu+HEcVL+OdQk19GljqjKRXBAGWj8SF7Jrx33FK46o=
winCDUmDSO/7qRkYIW66udRR4yZX5QXlQKlCiXMW7KSe0ntSytn/4cNsrbJwWUo3A1mLx1XY+g5pqPynZs4/ztZxHteZDVUDvn8szkBX0M8=
winCDUmDSO/7qRkYIW66udRR4yZX5QXlQKlCiXMW7KTo+o65FHd8RkD37BnVUZGwrXjUA6wTy73h+U8zpGrFyJQQbYAhAoBDMYB4kKPQhL8=
winCDUmDSO/7qRkYIW66udKEOtQ8VEE7UKb+iNk73XOuJMhCUuctpgutBItKV6w9Z3swIzb2hNKBuz99vDFXcpWMj1UFHtw0GX1S0CLidfgvdQoDxQ0Z36qG5oG1QrcF
winCDUmDSO/7qRkYIW66uf56apT5cAIPrT7wbGuE3hgGJun+oVC9qAGuX2/0Iot8fWSDWq/ubOr2sfYITCeMxw16o4PWxqQqhrH4XLPTAtla2aN26pHMJ2ZTqW3m0Yd8
winCDUmDSO/7qRkYIW66uT97BxtHv6QX2PLYS6HeqOiBST8JJf/yej0uuoclmzfYGi1UidHr1PJ09JsyBS5Xpub5yf67LakdexjMGmgeBEZyqt8I90Z8PgQXZ64471syNhwHWHpEN3kJU3fG3IVn2AgtrEbjYKyUtteHkejvyUA=
winCDUmDSO/7qRkYIW66uTK2A0darhogP3kwhPNfnMo58J6vdYIiEhM9e8+T8UdMCCsrp+fYGg16eBFQuahE1/GFAC4wk3/VVXnuwWI/0vjLDD/g55cJ9adMAkXzQDfZ0If6wK4qSGsjagE1B95U/9cYJ9udwWdFNBH9jSm4nhE=
winCDUmDSO/7qRkYIW66uYChw1d9nszxMzzZ5wK+6RRl0iu+wWHHtu7kLImDwksRfH7KNNDpTlEfI7SBwUZYb7UfTmIGpTjV6CTFA8M7Oa8TnY5Bawo8ZevrNLP4cYfz
winCDUmDSO/7qRkYIW66uQS6OGpORZSxtqBGW7W1FEz1zca0XH0TSklwgTOPE7UB2h7CnqJyC38Hp1b1CobAYt0ddWim9wvbaEUiH1solmA9S9N7pf9HxLogaOA/CckU
winCDUmDSO/7qRkYIW66uaKRvBcCn1O3q2LjSKjevSPyvJm/nx0MYFkK0/ykPCoKR/4YjPlCMy7keCFTEUS3eTVxYvkRxcCkxTh6Qi3eYBsJzNTMN5Nh+bU3DMNqvvXARRIAs5Uu5eT8nIIu/C1lkxqjtMXWF0CKv5uGTPp1Psc=
winCDUmDSO/7qRkYIW66uSQ42LH5fjz7mCu7J5E1qZttUVm7MAMl7aGJTtpHrdrJnhYwBwZAr9FjcxhU1wuWMqjxjHGOTW1/kc/FLvJnKZLPPkYC+wqfsaKf6DuTT5NP8FhvCq8hJK+v39HKlc/+Oj/W9Fu+xlLAJ8ZimOuKPZU=
winCDUmDSO/7qRkYIW66ueWXvLJ+kKPqk6OvUgjltbeWhYTbPnc89nuhC8DFZM40AScc4Bm14pSV5jUUF48Ld21n4qOn4CYCoeYVqlP0gHho5VE6d2FJ1WCN3D9sqfHN
winCDUmDSO/7qRkYIW66uRd/8XTBSwRnzM7noNEr5JIByMhVc2ISLkZxGH6+0wIaywDseP2FuA6ciXdBQFhS3yurpaZoNgwaWK+wKYhawhQDcTQYh2RM+p9/0tc1AW7l
winCDUmDSO/7qRkYIW66udbyZN4j9cOV6mWEnDcQmM4+l+sqC23qjgRLPrVAEziCEr4oICnh0j00bYzX9tk3AJIMJFAigxm+tRpW+fJD0nYGW9yCnTHGyvmrtf0qrtO45CltdEV5besNwwViu5UQ/B8OPIjF5/3Cl3X2Az6bOGk=
winCDUmDSO/7qRkYIW66uRHp3KyOLMM0ABdhZ8GQMALQlC3wmCMo+6gD+8xuA7RaU8UH7fQKUMZH73Z0R0xWg3VUT76mPCbmiDlHqZId08MXrqCtl9NgfQQKECM4eG2LFcZC+/aYXQaSlKacZvvLfL3SBge3dPUcAL9ZYA8zEec=
winCDUmDSO/7qRkYIW66uegZzZNK9EgyZhOGFbjnAxIhu2zKFRt7IJpPjo4iHsZTmjeKsXX2u+GwWDh0n4ULrRkx5Ni58YhvfXYN0Rf9EHtTDs4s5A9WWv69mKkNmqub
winCDUmDSO/7qRkYIW66uWBp65yhe+U/2xCJWXH7rzeNVjJgsLYdv7PINV7Y8rzdpUMBKn7yMoeVXhoV9WZBShUdVUaD2A9Hms9XQJ6PzB3+FIR/C0T33QtRYFMZtI0x
winCDUmDSO/7qRkYIW66uUxzr76NiZ1Ot7W+1W9xu/qSM1o2lots9062FOZXxU7LyzRw94wESJkmEb7VQuSu0QzlJ8M8c/7GoAm9SX8aka4yFr/jD25a9EOqpqmAFkEMB+qxSrK5TDDvoSxvBkRKjE8bB2lmA47qVXFODUhP/UI=
winCDUmDSO/7qRkYIW66uWMqewQZSNhDBhvwKPA0JurMnJ6+ucE2UK6/IqNktlJtW40aYLX+3S1hI3QTMJoB/riYaJb7GHt2sgUxeSlZ17mvRiyjPRyn7aDiGcF0yFg6xUyY60Oae4D2iEK80HvMnPmNJn0ElBPoSEn8o8pd+v8=
winCDUmDSO/7qRkYIW66uTl0Rhza3eC+pU51fL2YdUnjVeXpSi9TvEty/D1LytDan/atr2FI2/Prmb/bjoENqzHFxw7qpGxDjuwEQBmmy09XrV5sc4uC+e3azC77bpSI
winCDUmDSO/7qRkYIW66uQcXu/2CNcpXS2MMLLmkC54n21ZzPxz7DV3hapobtP72HcjqaG1Wy19R8jCT3KYrmUBShvM1DQReRItMe8tQ4FvH65f5Pfo4BJQmrE5jk/cW
winCDUmDSO/7qRkYIW66uSQF6HEsKdAbWIpEX62IzvfBqqv4sIgeWfkikwrG7frC5T//bSOkkbpwec0e4JaLfAyNDhDETZju3E3KrpINoWWr+to4rmKW76iy9iZZG549fbPNyZIkvmTWHXYQghmCZvBIiWsMlj7bs2MO1XNh06c=
winCDUmDSO/7qRkYIW66uckssExkMbGKh9OXi//cBR5/hb+cpcwQdk/TqDOrEDMyEOaxaSLezTiNZl+FYBL3ox2IjUnFx6RLy6EekZj4nvgvgk6Y4C9+fvP9zcpNU0wwy9r9GeKC31rA76gk2ZzAByH2YxtAKTbfbtoExO20ki8=
winCDUmDSO/7qRkYIW66uW1h1ZHlS84Aeu6gExSY7pqJDTxiPy7aZ0JBeZ4lIqRR5aBsktb/gHOMP+g71ylwuPn53laAvMjDHLax/+omhe0Pit3Ud+quw8LQvO8HMTMn
