GmcONIA9PFzHw1gpPLLPoqev3ytAH5KO3S/CJpMsylg=
35kyjVfwBJgytCi6KM5Vug==
FNt9orFfFSbPIXNSbXcP2Q==
gE2g7VQeqq0h5MkG44fPUw==
A4ZCFW7RnVRfEnbtNxUDb8VFIQmzxcIFLuiIjRY2q84=
cwgQW1UgxyVfBeSrdwXHsPE1eoSAri+NViVSjTYe4hg=
pYn3RyiaY4vz2unSybTHuw==
mAzeFbkWBGyzJRgEWJSZYQNn44wFaguEUnqkvHVinQw=
NiGef/LGs6v8Em6sqLz1GYGKB0111uCW/TAqgkiW0+w=
2lfNnhNY+w/3xMaMUxJbE0YFT/wvMlSDz8Vrd5FEs18=
winCDUmDSO/7qRkYIW66uVFY91qo5JU9ikQRY1AHpfvCihgiyA9HxgqxHxJ+n/kpxoVQFfrjz5VwxpzZaMlMfxkN6BvAMoJivWNuCssEkxM=
winCDUmDSO/7qRkYIW66uVFY91qo5JU9ikQRY1AHpftFb+Epq/odtqttsmXtMAkyFjo0Hwk0bikIJRnETKQCWgM2npLrtN7XSREYmio4wVI=
winCDUmDSO/7qRkYIW66uVFY91qo5JU9ikQRY1AHpfuCp4a8FGIepgCvVza95k1bM7SVT41vgWcO1MnnTr6bS1Ku/xL7BSiiMZbgQuO+UHM=
winCDUmDSO/7qRkYIW66uVFY91qo5JU9ikQRY1AHpfvzgXmPOzpQU/DjyH7yoZClX/J9GzjIMlL9qHJ2A84hRdiD0+/dPvYfZhewErgVesc=
winCDUmDSO/7qRkYIW66uSvCgt2i4byLwCkXxzia/Tx4fUzL96ceVYToMmI6LuL1WNXw3TghcWWTtcoun+YkqaajqB8nvmtSExM51PbBQqltydOWviaFpxR0jitiz92O
winCDUmDSO/7qRkYIW66uSidSFLqCoQB2auBzPXxgtmAExBgWgajnRxgIlcaQUMGgdGoGQ8Hewhunu+JlYEZ6VCVtobYYXTszSFUga8n7F8KdE4/flOGhQua6j4haPZgLfgzBRjZuQAhfTjWV4EE5fK5rBPUfF08ZwRievgG5cw=
winCDUmDSO/7qRkYIW66ueUDActyZ3+t0b+QbqYj8EHXZTbBvmtx7MlZE+KeCSyKm9flrhuiZTiIs3aOd7kEpXFSJTK+8fUrLIVw9gJ8bcJn7L/ze8SB9vQ5fGCfOJ2f97GzKjDfPnJ/sQAcZOINB8UP2PLvis68bh6i7s5CoaA=
winCDUmDSO/7qRkYIW66uZa/pE4+sJr+4u9hD0wxJg+kK0Lywfeizvo2GYnGlFG2x2pxz9u4nJFEVPUDfiBwNkB4IqRDF8fJGkJb9WJo5/ATBnOXvG4rpww/rCo58yTD
winCDUmDSO/7qRkYIW66ucJNIz0zH8trPZ1TEDhni5Z4ESuKdlqWcs0q0RLlIrfafXSgUPQk/GjLNW5EGmUgBfpUw9BVKJ2l/fJAW/vlv8GZ5aJB+HCuKk8YDJ7Mi+sN
winCDUmDSO/7qRkYIW66ucQjPQqfjdiR42G2NyFGwszTMpKztYhBy9WwqgndK2InScrDf4vyPhLecd7smE1HajqMj3L2OwLcwIM8/15+rhCY1PLsHNyy+TInUyEOSPRRJU0VtCmQkZgElaZ1fdLA6FhqkKp56OgaQyP+OVIStAY=
winCDUmDSO/7qRkYIW66uTCvUITmeP2VfSmDTShFWlasc3QgULtCmUXQLkaB4AMNckkI6VpDemmTljaf6Rh+gplYivH0QUzgNhX5EciecCG5hMNm+RJNdEdAOLUbLOkvOkAwR3Q/Pi2NPuv6DYY9FpjJysNE4k37lXazVggaRDw=
winCDUmDSO/7qRkYIW66uSlpDViRlerFZEywXDKifDpDQeUeZtBPRLeVBQjVDyYaDJ9PFmtURRlv0bva3ZlHR2mkPJJiy/AsjQr6SjH4IOBoPvxj8p86eWB/738M2fmf
winCDUmDSO/7qRkYIW66uWR+kkLBI6dKHOjKlnyXtEGmZLTrlq/U2p9veEMswOoV2Dit72DGk6sc2A5rqCPwLUI2qkqZ2uVmnOsaZH1ALH8TpWC/TG3RlTqQGytohmmY
winCDUmDSO/7qRkYIW66ubazipkqUO6gbMhNgRP4rFqQUmuDMBfGVWBhqfiAdOqruytpXaK71PjoBuvPPb4K4ye8mnOL6z0vgOk3HRD7s4cMjwWEy5+YL9/ofGEYdHtltJ2fj0XX2PRMcu+vtPBl7cDiUz3ceShUDt88XILS0Q8=
winCDUmDSO/7qRkYIW66uZl9+ixkdEFHzhEwiVGQnaqvr54rcOX3pj64pUuAET8sivsjFtblENgrVBXSi2gm4jg+iWCXpbx/t5wQbgDolqQLG4IjH/WQZBvyWEMpHj05Mp21pjaA+6AB9gtJzCWIqZuqEyjTTIUABxZT380EZhA=
