GmcONIA9PFzHw1gpPLLPoqev3ytAH5KO3S/CJpMsylg=
35kyjVfwBJgytCi6KM5Vug==
FNt9orFfFSbPIXNSbXcP2Q==
gE2g7VQeqq0h5MkG44fPUw==
A4ZCFW7RnVRfEnbtNxUDb8VFIQmzxcIFLuiIjRY2q84=
cwgQW1UgxyVfBeSrdwXHsPE1eoSAri+NViVSjTYe4hg=
pYn3RyiaY4vz2unSybTHuw==
mAzeFbkWBGyzJRgEWJSZYQNn44wFaguEUnqkvHVinQw=
NiGef/LGs6v8Em6sqLz1GYGKB0111uCW/TAqgkiW0+w=
2lfNnhNY+w/3xMaMUxJbE0YFT/wvMlSDz8Vrd5FEs18=
winCDUmDSO/7qRkYIW66ubdgwW8mX3p6KrKXht7kYTPgzgO8e6Suet5YAUifhG5Nt7DG8BMu+fe/s2syaV3TzPFCad3AT/A93toI+hWbiIs=
winCDUmDSO/7qRkYIW66ubdgwW8mX3p6KrKXht7kYTPhUvlCobRA0Oblt7sCMRhrZrBrrwIQ+ORxGRXQf+3tNnqxstuSUStvse+h3lNjlRU=
winCDUmDSO/7qRkYIW66uXHPi/XDL0hdtIl1+eOpT+s0+RA9qGn/9ySTT8fdd5Ez4LtmXys8ovAqpuCdOBRTz/lXIouX0JxDoqoytudzfSc=
winCDUmDSO/7qRkYIW66uSkTvksUYWvmQMMfFWWZpE2blWdJG0NYB8N9+LX8glB0dAvTLioW8aIL/z7WC/Rkx8xYIe7ew60QQiPWbhNy/MOmch8Q+QWgN+SAMZT2OqOO
winCDUmDSO/7qRkYIW66ueEhD+Z2CAQ4OoxLkVDwKQX8vBADczm0cuJSrHS6lIuEl2GJvCP4OlkpYR7z1RneyO4Tpwx9GJzQOGDB6BkwOc8=
winCDUmDSO/7qRkYIW66ueEhD+Z2CAQ4OoxLkVDwKQUpGqaKs2zHdp6DcIAYNzkCzrE+976bXThYP8+kLLW9mRDfJdDC10H6FbTg3poAfdQ=
winCDUmDSO/7qRkYIW66ueEhD+Z2CAQ4OoxLkVDwKQWMLD0yyfH5mqiyIju3xVgHkFAi8aTyv5jDqSmpHKL57yEok0DlyRXyOwrZBMsRMjs=
winCDUmDSO/7qRkYIW66uVM1mm2AecHbCMVAbW0ZuxGvRII0KKW8tOSw0hJ1sBMYiLAYgz+ilaJ0iJ9BGFO4pM5Ot2s4FpdonhZc8uO5H3Fq44dUK3ZhqUMOD6nLmVJt
winCDUmDSO/7qRkYIW66uXgy7zIGABim3nb4NOnFNMqlvrkI2k4SYsYaQlqCmAxjB8DhaFbvNJIwaHh9Q/fRZ0jHXmJ+TLTGdoQWdW4wNXf8f1tbdjUgmWXhHIKD9cOx
winCDUmDSO/7qRkYIW66uYT4oaR/jFQebixeKXEud43QESsq3SrDbKiJiQZ6016n4VA3y0Uacz9o977lhEkPW268XkFGZQ3jf2kx5Cifa2vM9WD4SAvruP9CykzA/5pAiWQlLips7pvN3NhTpaquBHLu6aer0jRTMnLRe6DCzZ4=
winCDUmDSO/7qRkYIW66uVpaQr1XCt5g0sPpIdq6pV2TpFxCB2jap+dJV8tDRzVCxGBdFfikELrLt00InL2ST5Fc51vJzhgb6LDiqY3QU2PxbPaLDIPeMGYyKxRxRRKKenGVRGkBYgIljm3eXrYTsxmC2137OLCy9ErEY+7hWFw=
winCDUmDSO/7qRkYIW66uT+L+ne3Qq8+CK+vtb1AXOgdh7hcqN3loZ+V3MtH2/Y/01bZRUCE0XzGKfr7ax9yEVOP6VGRk4HQBNT3sgAVMzfWOyPmbHwVQFQtU/Jl5RsF
