GmcONIA9PFzHw1gpPLLPoqev3ytAH5KO3S/CJpMsylg=
35kyjVfwBJgytCi6KM5Vug==
FNt9orFfFSbPIXNSbXcP2Q==
gE2g7VQeqq0h5MkG44fPUw==
A4ZCFW7RnVRfEnbtNxUDb8VFIQmzxcIFLuiIjRY2q84=
cwgQW1UgxyVfBeSrdwXHsPE1eoSAri+NViVSjTYe4hg=
pYn3RyiaY4vz2unSybTHuw==
mAzeFbkWBGyzJRgEWJSZYQNn44wFaguEUnqkvHVinQw=
NiGef/LGs6v8Em6sqLz1GYGKB0111uCW/TAqgkiW0+w=
2lfNnhNY+w/3xMaMUxJbE0YFT/wvMlSDz8Vrd5FEs18=
2dpfwlNBPNn7l4ssaku1EDH+FQOrNDFCAxvJeY38lKzQ17QFU2/sWr0FwDj78wFjI+02J9d7qju2lVDWUytDWnCQhKF6eAnfgFyeebnK6B4=
UaNUK8V+OHR23KI8fuY0EUD0kAk7GduuMo8y1eFdYVkWYLfLuko5XGDCg+qJRiZ8h5Az9IuOTWEmXxHI8FaEZ9AF02k1FWiLcYQVVIQML21DmeHf0F6QGmraon20UI76XtAwRe64iV3wcVK9hVjXCw==
UaNUK8V+OHR23KI8fuY0EUD0kAk7GduuMo8y1eFdYVkWYLfLuko5XGDCg+qJRiZ8ozeCD2yPBRHndWpqQ12LiehKrhiPfZ3pv8WVuMZZK1Y=
UaNUK8V+OHR23KI8fuY0EUD0kAk7GduuMo8y1eFdYVm8Y2XvFTVwj1BvIGDPNfA+J+gu3twT4sVOzat6xlr2FrpR55fi7m0eT1evmIrHG0rzoKAp7xhxqFnsUDGN/8pD2c0pAf8EQKfryi1ftgM+fJj6sec66nz55P9gamO/+0I2aGwXLouuIaY46mRUKJHb0hnP/xZqmKvodEKyLyZ5zqXQQYMHVD1rvcNSkX3ikmQ5tomzhTGbF5GkKKshYEymbc20UXP1HYfMnpURN8RfJA==
UaNUK8V+OHR23KI8fuY0EUD0kAk7GduuMo8y1eFdYVm8Y2XvFTVwj1BvIGDPNfA+8dVZdjEoamSmuBdyTo+aaDwECaoq6ySZeEo6PQj48wdhU33jRGk4pGxQBHjhR247TsuDD62Ht1KSWMIucC24mXkDHCebQNvvzcKXyv3gvb4=
UaNUK8V+OHR23KI8fuY0EUD0kAk7GduuMo8y1eFdYVnuf00s0Mn5M5bd2fyaDinYCo+J7YFgg1JrsovSbsJeK+FCPiK+kIZjqV7/bRe51TK/QsPgFCSzVGjJf31fnlLJ
UaNUK8V+OHR23KI8fuY0EWxnkMEyJwryvxpTAu8gnm5ACroPBBYeu+BXVv298Rowk3g4XTPEOyJGU3GZPh2Jkquj8hieEY4a+XKUVswyfJCq8zfJYbJRhXfLIqyq0OqJRHF0/1/ldaPc/sQ57ojW+w==
0weFpQ+9Emo96RkWOufvbBLQHpSZPyZwjV+SwDoX3i6DeqfD2Lzkqq/8kfQqj/4N5264NyXwGC3lAVg0/CMQyaObwERbC0HygHFS5ZhjCI52MlhukOBTMFgQFeJwfI2TFAxF0c4tC6ACLaIhd7yxUn/DVo+fqRkryi1gCODh4RAt77i3yGntE/rFo6uHpH0L55eag9zxuQcf1kELg5S9mg==
0weFpQ+9Emo96RkWOufvbBLQHpSZPyZwjV+SwDoX3i4BPCdX1p4cNsnBx416aRyMsDikPnGCHWDYcEdzvvZRRa3yejsDgqsxrOU8KMVOmSj6KLGBoJ4JoG32uLMDujJlvB0sDRWWchRe+6lK+PZTBanfgwYWHciJf97l/XgTprvsNr75yp3yQcphI3C+IeMTYEi1hmxNbc0/0EnkFWd+ng==
0weFpQ+9Emo96RkWOufvbBLQHpSZPyZwjV+SwDoX3i6fa1XTmYe9Olg8pwGRwtspvjTm5SDlJcb6qgRVf9eg7zP9SjhbYXGKfndWP9kR6uxlk+4Cz2tqg2Pb3CZwCYV8
0weFpQ+9Emo96RkWOufvbBLQHpSZPyZwjV+SwDoX3i6fa1XTmYe9Olg8pwGRwtspvjTm5SDlJcb6qgRVf9eg7+nk1uCCZZQSdbZsR68nX0BLFndbiRj9fSHWoAK+yAoQ
0weFpQ+9Emo96RkWOufvbBLQHpSZPyZwjV+SwDoX3i4cjWbTFynWfHdJrkYZWas2JZ66Vv8HtHI5+Z43mKatjYfXjBFKlEP5PWLvaZ1+SmjT+TS/UjhJ+PCWHttR1TBbWfaRnOaG9RMWO+k3/64hSQ==
0weFpQ+9Emo96RkWOufvbBLQHpSZPyZwjV+SwDoX3i7rB1lb1t2SdPXRJ62knMy2TWu5lYA9wvWVBenNBxoH3RifT7Wb76orbRlzYTAnBq5uqyx04hwM6IcoK8ZUMR6z
UaNUK8V+OHR23KI8fuY0Eb29FnsbqvHnsAfx4d0UDdj+xF+6ZNnEwVBZJbqnehN866+Z6w34AoXeGw4nZBdeKmzn6h+MDqEqj+JF6JJODp29udIXc8tNVHhbIZDdc8UT
UaNUK8V+OHR23KI8fuY0EakJyV38fH8oPg4VR4+8w0kVaFJMdnRK+7FV75iVcB3EFFCPK5YVU5oBXithOWeFvtuZUS7fP0hdSBQwyWZlBjKT4BdkFWWdkWyK7YdngTQV
UaNUK8V+OHR23KI8fuY0Ef8cLUc9r0YjregP79z8noZe3SIW6KYDYC/rjefV3sbX4krDTLQPV2RzRGdvnm/e5wy7/TnDHrvZuAgWEGgSJMUuHNmvGUUOr+Ag4fczbxmD
UaNUK8V+OHR23KI8fuY0Ef8cLUc9r0YjregP79z8noZ/TCkL9Q/ma7fD9Q10thg5ht8GzDJoba2dALin74BoH0ptDbOj1TaS4dHE3r7QYbDTKk2Kia1PRFCOLAmgkKavbq74ka7Fa/ZzuKzGjHlqVg==
0weFpQ+9Emo96RkWOufvbBLQHpSZPyZwjV+SwDoX3i4a1LHc/wueoFzde5/wRbs8QqPaDxgBG9bxn2TLVRvNoX2kmTPdK/qfuDgrEZtLYd6EG3RNrj8ybx0YjDd6vVBhpHDcv6urcp3j1sEYLIn5cw==
0weFpQ+9Emo96RkWOufvbBLQHpSZPyZwjV+SwDoX3i4a1LHc/wueoFzde5/wRbs8QqPaDxgBG9bxn2TLVRvNoT97cyXRghWdnmhCjndHhonEerm/gplPz4D7S40uwSIV
UaNUK8V+OHR23KI8fuY0Ef8cLUc9r0YjregP79z8noba6U2uIwGjXzaq1mvW+sqd2/vZwsSjQI7K0KMihrtykYux5qeseTpUJ9zoTaFZNkqOf13VMksOkhv72TcfZjdU
