GmcONIA9PFzHw1gpPLLPoqev3ytAH5KO3S/CJpMsylg=
35kyjVfwBJgytCi6KM5Vug==
FNt9orFfFSbPIXNSbXcP2Q==
gE2g7VQeqq0h5MkG44fPUw==
A4ZCFW7RnVRfEnbtNxUDb8VFIQmzxcIFLuiIjRY2q84=
cwgQW1UgxyVfBeSrdwXHsPE1eoSAri+NViVSjTYe4hg=
pYn3RyiaY4vz2unSybTHuw==
mAzeFbkWBGyzJRgEWJSZYQNn44wFaguEUnqkvHVinQw=
NiGef/LGs6v8Em6sqLz1GYGKB0111uCW/TAqgkiW0+w=
2lfNnhNY+w/3xMaMUxJbE0YFT/wvMlSDz8Vrd5FEs18=
2dpfwlNBPNn7l4ssaku1EOj53thLpE4ouCJskNEhv2pAhX8PY1GKpH08NTKVTBPQ5yl/w6gppej6GMC/iROuPqqGcN2B0InbTFwKOj//x4U=
UaNUK8V+OHR23KI8fuY0EStAodzPgweVDI1LBPW7Z7139h88xDfXasO9GTz+8yTcoow/n1I+oIozYsIPpLl51cc+Im/ZTgeWlT7k5BQi3ujM0uouIHpKp2ELoW2isEn0iwc1JGsB4ech4UFNLoJovw==
UaNUK8V+OHR23KI8fuY0EStAodzPgweVDI1LBPW7Z7139h88xDfXasO9GTz+8yTcGmcNMFlpTGJf3S5Qx3q22LknIFxluO8k+1RjrRUgGWM=
UaNUK8V+OHR23KI8fuY0EStAodzPgweVDI1LBPW7Z73xsZ5WAs8VVcN38OTd3NgLhU42EmEY6q2Ua0oUIMWGfz6tV6Vrbq4Y43ezfsuXFTguT25A9t0Ex5xAzG1m3cmCjjdlGBzE8Fgt/4GbsLXJg4Cv/3plBTvg2PDLvGiOY7JUMkihsg0wCuLLxY6UyQ3xV3iMscvbX25jobBnE9EFjdgvFXmivOAasRm6ahxBI89hD+/NAOX4oRDHkXDGeLN1m6xPTYK/DfUmHXXbRo+5eA==
UaNUK8V+OHR23KI8fuY0EStAodzPgweVDI1LBPW7Z73xsZ5WAs8VVcN38OTd3NgLJbXbr+sNGgiYLj1WZI4Ph8hvrsHXjgshzHqnYDgU3pt0Jof4jLYxQ6Ju9qXHTelWa95t55YQHhsDWCKyBEiSi/wpwVySHhp+lS9TbOx1CxU=
UaNUK8V+OHR23KI8fuY0EStAodzPgweVDI1LBPW7Z70zYW03T6zWCsiAnpkrKy+wvg48e6UKtq2gQG+BOOHOJwfQPGGaMQ18cmA1TTNL+Zu/5SbIrf7fHce87Dbbb+TG
UaNUK8V+OHR23KI8fuY0EYb2f4B/zK8jzX1D+LNRUvBl3xTWGmEAOaArhBr3YWqTmDzTHQvhPzTcKVVWhOS7hDOKkWdNGX2Lpt2XWQBHWmnYiWAhqnUy4AIKo37u/0cs
UaNUK8V+OHR23KI8fuY0EWb7QGH0e+7/fcetOe4OCbt4Z27ypLcBJ9x06DhIdzFCQcyHCgjXYa/o6LAgx4GkufIPY/WRuLe24NW60o3QIg80khAbZHX+LOQ5XOx78hyJbERZNOI/FodF9NXX/VuRgg==
0weFpQ+9Emo96RkWOufvbPBQLH5iUlrUY+3/saG/L1biVrWC3tu2KBBxJRNdyHN26oAfv1D27FW+s1neqwfZ/dN8VR1kHSbYKcxpgWLIbXhdlw+G1U/SwJaeDULb6JayHrSGc9/T8OjPE9BA+IMd7nMA+KXomIpcPTDxmTkGq6KvccdxjSebH71VDMY/8ktWVqIxIpzaxD4R/iu2d8rwvQ==
0weFpQ+9Emo96RkWOufvbPBQLH5iUlrUY+3/saG/L1bcJIBK+a7lK6LcdlP7guoRBChL37HQL+bM+IZQYtQmFEX5hc5Nn4a0LFq81pIxj2ZOH2PJATAMNDGUfedEO28o0Jqoq77no+N/8wz2emWj9huk+5Jie1tboiaGe9b1yOeGtG+Mv8HWumvEhziTOqsmAXkXyjkrRLpmF5lCaaRVeQ==
0weFpQ+9Emo96RkWOufvbPBQLH5iUlrUY+3/saG/L1YGteBSXTIPX2UQOVc3Uc2etm51NwSSsLRcZ8CufKfd2SkeNDPUVXpmYmdE6Hj+DD9pm0IYSsai8TPqAalkSpUJ
0weFpQ+9Emo96RkWOufvbPBQLH5iUlrUY+3/saG/L1YGteBSXTIPX2UQOVc3Uc2etm51NwSSsLRcZ8CufKfd2bQaIRLMlcKbU6eV7Uiur2pgm0j6n1Vy5V/pNAQQfqIk
0weFpQ+9Emo96RkWOufvbPBQLH5iUlrUY+3/saG/L1YGteBSXTIPX2UQOVc3Uc2etm51NwSSsLRcZ8CufKfd2fLIgycTXpk6rQv7KXZVRORlJbgLve9JmYbtKA2X2d6Mz60jPCvWzvJP2cWXKzqycg==
0weFpQ+9Emo96RkWOufvbPBQLH5iUlrUY+3/saG/L1YGteBSXTIPX2UQOVc3Uc2etm51NwSSsLRcZ8CufKfd2TbWkfxxt+5nylFMVt/DyIg+7CJ34GbSD8WngqpklozK
UaNUK8V+OHR23KI8fuY0ERjVzlYMdi2lw+jLv08RHprouOLc69U4UciGmBHhdtt8c1TxfnVyaW+RAvOrlYDJWhFewyxMktlZJ2cK/x6IJGAHXEsbhCio+GYtAGDUNjA5
0weFpQ+9Emo96RkWOufvbG5eRg+trk3E327awLEiA6JKjbt/UPgL1FE70e0GdxWrXn0QDT4mhv+bpzNI8flAX9Cr5MlhsK2V6vuOZ7rt8S3lNyddG4k+bT/P1vuunvZIJvbBkFMjGR/XNRjwjEiXUFghYnD5RMAPiMw5t4OKty1HfIG6ww77F/+Iyy3Bg+0484cwTIfrEGYIVh1ZLyd9Vw==
0weFpQ+9Emo96RkWOufvbG5eRg+trk3E327awLEiA6JOF6ACt7V/bIEsgZrB9T9cXLfB61NFeD7A3YgOAQqKDJsHI4l6aP+6vuKlxvESDF2C9JqJrFJHnNjabDR2nRyRx1jQLVheSd8bXKTXTKSvMa0yfa20IV0hiw6WtXUhJ9IG4Ya9DKSE2rOIsVu5RfHJyZbnig/d1UY8Gsh3vipCcw==
0weFpQ+9Emo96RkWOufvbG5eRg+trk3E327awLEiA6KaKclknNgW4lXXJIFGizS14bIYVLP4ArZigwCMNtEcVSEt68A/q2D7tNzt2uNuTyVMAbN+fZtDbcxtCIKvcx85+/T+i7pALCoKaV3i3+S6/O6lVY94Xis4F/jua0NAglCnQYSz4SZbZuS6T53s/DVT6ZHDw8zhRei6qhu+OvnSAw==
0weFpQ+9Emo96RkWOufvbG5eRg+trk3E327awLEiA6KGL2GRllNG+8gWh3r062bjmyAkyqUv7OKGAETKPqZ0eh+8A1BTNnh1HRCMNsPlUaxxfirITL5nPDoLy/IQTzb0q+7h7YugHlKZ3K75zvWJZJq1gbKh3a/MJjVPESgs/iikOi4EORDSFTepCWnyBbIeBJk3m+v1NSvQRH5QE2nWHQ==
0weFpQ+9Emo96RkWOufvbG5eRg+trk3E327awLEiA6JdUifowFzBCwqr2+Hx4RvGoj/4RYCZn+PthxxtzcsLtz8Y2zYGWhUlbo9e/Sw1n2IOQKrN2RgU05W067RRgZDG
2dpfwlNBPNn7l4ssaku1EE3qzpynN0zOBvcPGpAyKyC/z2dyg25DHj8oYY2FyvGtzc7mUFqezXSz7djihCf1NRD1gzDjRjNQJHLcTNIYoDM=
UaNUK8V+OHR23KI8fuY0EW9W5oss/YX2yLgtRJBmVraVXpWPTYamNM4HbuFQ0aTuLp6CeiLJaK2tuVMKHl5Xw6FGSB5hibWyK3Q9QOg4szwztXFW8NJzIn0QqqSdEG9NtaJrlJsOgAIH9ajXHi0Hzg==
UaNUK8V+OHR23KI8fuY0EW9W5oss/YX2yLgtRJBmVraVXpWPTYamNM4HbuFQ0aTuixwLRKX7CHxZxeJVwOCxbejkKCyDdmOSOqpDwXIm/qE=
UaNUK8V+OHR23KI8fuY0EW9W5oss/YX2yLgtRJBmVrbke89PFJtvaCo0IEMQOh86uH6TJ3U14PFI53gqPVXPZy7oPLOtTt+X1s+MFPmVV+mkK6xUb/AdySmFlsc4XjCpzlpNH5K0QFPs7ut+stnPk50hAabGu8BxnbQfdmTBlJIFX9Z6Aj4uWbQZ7aIID6dwaGCjkXxd53fEgTUmi9zo+1OVR+7Ngv6EIMF/537Cqyw8U9Qd771v8hlaHOfAEpsv6GKOfj6zQGDG9hrpBQdDcg==
UaNUK8V+OHR23KI8fuY0EW9W5oss/YX2yLgtRJBmVrbke89PFJtvaCo0IEMQOh86QiVDGWA5poc0fR36MiUKTAauqKFptWWKMeABzNd51Zgqx8DsbxwCFBP04uuvxeg8hmnQLuNDvUwzttuMq1xAgXPoZ8B0c5nBCqLSuTFoO2A=
UaNUK8V+OHR23KI8fuY0EW9W5oss/YX2yLgtRJBmVrYMSS8KT0bUmyaiTwDbPlOhp+mcJtvrtIpcFjbWS2SIGcZZ4Nsu5OdLQLClZaHUmwrD3kB9klfMawC/JqTgfbt3
UaNUK8V+OHR23KI8fuY0EWXFrViKmjejMX4seQzO1ngtmmqiv+ZfSav7tX6+EQ+vLCl2iVpGde0RsKXrmHphx+3IaGWyqBDMwH5t5kmTVT5Sujec/wIMOr32kPRUenLO9yOPkgSw91831YLpeGrRAA==
0weFpQ+9Emo96RkWOufvbGEUGMJTVa1qnuNKsM1Iv4Ad23WB52ttOyw6Ms8p4f0Udi9kCS0T09tvt9Cnpp1jQ+U+LhoONqnIawI8MktuEMAsyNiFynUndnyYVr6ZgQUeTKRKgJBflMlOMPyY4WFh1HMP8RVFiIoqzvFk7g6LqXhR2fJZbaTxkEG9dCc+uT3ez+72omHsW0cax5pQABmqGw==
0weFpQ+9Emo96RkWOufvbGEUGMJTVa1qnuNKsM1Iv4D1U2/jeWV9M+8mzTx8SrpMApbPAsH8Nz7DuSIM2/qyO/y3zMiYJ15ZHbdI0icub/6KL6YjvU3Vq1PfqyI1ftns
0weFpQ+9Emo96RkWOufvbGEUGMJTVa1qnuNKsM1Iv4D1U2/jeWV9M+8mzTx8SrpMApbPAsH8Nz7DuSIM2/qyO7ApWzRQidH4GWtt2NyTyYbEH1P0lvHGeFmsS7iec6Au
0weFpQ+9Emo96RkWOufvbGEUGMJTVa1qnuNKsM1Iv4D1U2/jeWV9M+8mzTx8SrpMApbPAsH8Nz7DuSIM2/qyOwTrwjFkfmRm1YKNq1Qg6FXQKupKL9I8IX3dTxCwbeqy19Eaa2vTFU3eezItVmrN4Q==
0weFpQ+9Emo96RkWOufvbGEUGMJTVa1qnuNKsM1Iv4CRgnGjqFyDYz3ypjafhfv7evLDcNqCcwNsbnEW+AuvZOEoCYP7Z1J8lFmBiLAVdQ1xHdal2xOtIlQ7nH2NRKNP
0weFpQ+9Emo96RkWOufvbNAt5rI+YQSQQMk2R1cbUGv92jVwn7JeFGRdIUjAH0Oc8bbJT5LIa5bchwQDz+rSmpa6t8uD6iFsp/RRY3SWBz/ySNBO+bK3UQB0L0Ufa52CkRL06acIc/Ni4IiUXvhuRiCrwtp7xx3lpC0VnOxbKp2lALchWQQvP/adRXS3LveD+DgA7Gnw1JH4EXYFbWBuRg==
0weFpQ+9Emo96RkWOufvbNAt5rI+YQSQQMk2R1cbUGv+WRotvTzK1FImtiP5TvVWUX+Gm9AoY8wOFMf8HGtjkoXm952VBMKm6pvsynAqRHj14doKXLUJ72px9pky65tPxkYDy7NVE7RL41Ih/SrZnVARfELbdVwLqnttwkliIx7s/23waWyj0JfaO8Tb84zbxL8bmyFNS0eyTZYg2OGnXw==
0weFpQ+9Emo96RkWOufvbNAt5rI+YQSQQMk2R1cbUGvIO0DAccBi3hajoAa4wPZzPU5wYyogdKAFJNH40ISEMOHHb+RVQ59TPaJfLAj5+2x8jl3yUITQQjnPOVT7TwBzUorQLRV+4nKiCFAsAM4QChnOs3e6wNcNIu68BRTuJiaSP5zAiBhBJEEdwN5LjlRy4YyszmwcmjDO0clxezVsjQ==
0weFpQ+9Emo96RkWOufvbNAt5rI+YQSQQMk2R1cbUGvlxjBmSlrxKPPNIpU4HxjvoMF/Oz8ovkzAMZfmQcB5Di5ush6LrYn4idxYhNYnFCWJrdJKwK5Sq3MffZgLkpX0J50GSIT923/5kvp02d+/UTwRw8rc5ODvXP4OZJgQHQMocT+vh3bcq8VPlqcFUB2v5oBoLh0NP+215+nGoRzhfA==
0weFpQ+9Emo96RkWOufvbNAt5rI+YQSQQMk2R1cbUGs6xgfon0GYCpiKQPoCW1Xfyje02+cD//FaChAAZx+x/ZQ8IBc1jqzT2IrwdQqQqmELBdurcA8RtQV+4tZXYOp5
2dpfwlNBPNn7l4ssaku1EMf6xzB9fUzIYuR5Rxr2mKhAmPL6mwUAFvYWU9Yx0hyknK7e3YbbAkQK2qD2wbne0bwW81CkclyhJFB9bt82TJw=
UaNUK8V+OHR23KI8fuY0EfuDTBg9XxDt1X085VTPsK36GaffMZNZAhSUPZ6TkJZV4LJKNa0OXX1ns0FmBLgks21Fvy4bLsD2OTPa45TetxTIKAvC9Cq95hlPy1qJUR94x6VCacctfS5v+f/OM/Ytmw==
UaNUK8V+OHR23KI8fuY0EfuDTBg9XxDt1X085VTPsK36GaffMZNZAhSUPZ6TkJZViCQFkL9E4sYxpF6nY6XWws7C2IZ9GtStORlikv70/0E=
UaNUK8V+OHR23KI8fuY0EfuDTBg9XxDt1X085VTPsK3HLZb4TKW3R8U//l5Zijk0q8IDrmUY4lVXWKBrkPJHhvZhCXcxVFxLtD9qTD5YeSpEGPe0GlSSc2Xrs6xHOZsFzXO0hAeLVyBadx39ncVO8DH1O3+1Dk9rRybybv06Z/0QJZB/BMU4OA8XooBeBJjUy8pLlEqPiGNngPVuDVdNzingphDNMsyE/kIedn9LPXf5SV8dJsb/rUxd9WOehmuoHbjjFaTEhB1e4DUDPr0jaA==
UaNUK8V+OHR23KI8fuY0EfuDTBg9XxDt1X085VTPsK3HLZb4TKW3R8U//l5Zijk06AzJEaFYB3fdmr2o/6B/LiTpNLNB07tbRqKJGgAnVjDgsQYg/Mw6rZ4Jlg/2ydPrNQwQ4NZi9WJSlqtazAx5RHNdeay+QtemlJvJeKK1pPU=
UaNUK8V+OHR23KI8fuY0EfuDTBg9XxDt1X085VTPsK1NyIRkMLR3d7A38L+ROcgVp8xPdseN93/ytuPO7RzcQ4CmTWuUyv5uch/i5sqimUtJtzcjhtEpf5hV5oJaQBI4
0weFpQ+9Emo96RkWOufvbHqfW3mfiY8IIINyOnY9Mrh6dWZXcs2MREXcAhA5zRTGJYTQGIWaSMd9eQvzg5KJTgp3HCfzzFi1pTmUV9V0/dt+5Z8th55czlloPzfXmnCIHm714dz6KLXtmf4J+ct+vuP67TrWIKk5tMikh0pXdNIt5AWXQ054y5pyAc4AptbuzKHz7amf7J+f+uwDauz74w==
0weFpQ+9Emo96RkWOufvbHqfW3mfiY8IIINyOnY9Mrjo2fBFPiYZvx+gfRBGheDSpeK+Di7Sx638Q0PEd+tUu6flhDx/MowxJu/qigNAZ9YkcvsxtH+RB7KfrqZbEEn4
0weFpQ+9Emo96RkWOufvbHqfW3mfiY8IIINyOnY9Mrjo2fBFPiYZvx+gfRBGheDSpeK+Di7Sx638Q0PEd+tUu27LclY9Zxu78/SfIdZ7LfAWy7up7CEKvLNThuNkNQdM
0weFpQ+9Emo96RkWOufvbHqfW3mfiY8IIINyOnY9Mrjo2fBFPiYZvx+gfRBGheDSpeK+Di7Sx638Q0PEd+tUu+wIfTh34SJqIwTOnjVk6yJs9ygBiVvUaKIrcDywGBRX9INPjn14OQN2+1usq1ZWyQ==
0weFpQ+9Emo96RkWOufvbHqfW3mfiY8IIINyOnY9MrheCwp7GC1dy1GU7/hNWepjm49sYeO48XyKWiGZqEnRntbWrkFYB6k1gZEZ6UzlbZ6Bs29Cv6dMowtTJ52Ngq7C
UaNUK8V+OHR23KI8fuY0EYsW7GiqgCJCpKde0okEDJns6y99n+ck/64C0nPSduSHX6MyIf1onXNdO0VNevHADG+LPnYI5ybk+z7faGiXD+0Y4hyuv1a/qlPl9e6iL3ZuLYjT0tlxbOOGyJhbg7hF1Q==
0weFpQ+9Emo96RkWOufvbMeyCMl08fF7YoEtJZNUe8RwcMs60s2P7LJRyFv7YFvBVjhZmuDTIsdHjtfJ3m8QHaEtQz0eaJFPtF6nLig4dh8wG59QnBkMhPW61/5N2uXa
0weFpQ+9Emo96RkWOufvbJ8C5c8jFKhwsijwyPvIf7FdEEo6G8aWYs9f+fSkwJ8VT1NhdIbkv0cfbtBYFPPJo5WcpldHWddF3iMDMxp8tu3wy8PeY8D8vvEs5QphcdKI1nlCad7gmMhPPE0CnsoqV/wc/n4lGC/PLX4dMbudJ1AIf24cHT5I8CrHdHv/1kVTaLMaojudWs+Y21aSG4c4NQ==
0weFpQ+9Emo96RkWOufvbJ8C5c8jFKhwsijwyPvIf7Fet5ovAjtNExbUtP6aJo0zrlCvuO12my26GN+wy5IEbOIbUBe/LqAa84FktQnDjTagrcqUR4JSM3vqrqZAnq/u
0weFpQ+9Emo96RkWOufvbJ8C5c8jFKhwsijwyPvIf7EBpeWeV232L7LaYEXgo0zplnKedKSfJOuCOxAVBym4FVDnxIaVJABBaPdB7qsq4jRiavEhxYX7vwI5zYOuNYRv
0weFpQ+9Emo96RkWOufvbJ8C5c8jFKhwsijwyPvIf7HnWSRVeOrWb3kwsIlbguHj5rchcgJb+tnkUNxTle2R04GAuhKLaag5WkaRVzocY+SslvMWjgPxHFZGXkRtpvsPBhY900rp/ZkY8tEynEifzg==
0weFpQ+9Emo96RkWOufvbJ8C5c8jFKhwsijwyPvIf7HnWSRVeOrWb3kwsIlbguHj5rchcgJb+tnkUNxTle2R0yWf6nmb0JAZmt3AhIWyG5HqhcWrvbIzuzGaakbOxAKV
2dpfwlNBPNn7l4ssaku1EHBZauE9L9Dkd3pxTaOfpsLzWZCK1O42vlesDbijkd9GGayNOJc9iP5rFP9bVLS2WMoK502UUeytUCSYJ98Zuj4=
UaNUK8V+OHR23KI8fuY0ETUEkthIQ1k4YSJFF3FwFm/glymXc3BL4pfvcenSI8MPuAdOKIDZmDMy9ox3CHDlEWUZ5L9DAdiPVCyvkP1THQ6qEBIsZ328UHbQrKMVnAUV5KFKdx2GEhfJD06+5tWxow==
UaNUK8V+OHR23KI8fuY0ETUEkthIQ1k4YSJFF3FwFm/glymXc3BL4pfvcenSI8MP+0jOtULit4HBuozwJx3qkh9ri2Yn1e0VYReJyBCUsyc=
UaNUK8V+OHR23KI8fuY0ETUEkthIQ1k4YSJFF3FwFm/IasJXMf477XJ/R8h+A/AuwY5wPMWIKz7yUjMSByutE0hVRECKo7SttzRbtU7PT9Q/yMdLRJ17dRTbvTIuc2aFLn7BtWqKHy0BUEltiqJd9vETx4wgWpMlRCITgAAV+4lAyZ1fA8UssuvSAdY8mhtNTbfmcqxNEGGZj3UHu7hVNynjuTcstEWuu+GUGkYyVf3GSyok9bSengCe9LT2CsAw5Zfzty4r1ve36B3C7U1v1A==
UaNUK8V+OHR23KI8fuY0ETUEkthIQ1k4YSJFF3FwFm/IasJXMf477XJ/R8h+A/AuZzLDwghme6V1CyklIVMQS54yUc5w+HiPk3Pk8iG59e5joJjgPMVqHg+hnr97T6AnZqAXSP2TVRoo0c442a+T7B3bq12UioTMUUazi4EOYkc=
UaNUK8V+OHR23KI8fuY0ETUEkthIQ1k4YSJFF3FwFm+o99ltnHmkiwjCoHtYvynhAuWC6s0s1RBrrjrenUuLjkLJ/lzjNR8VQX6Gsx079I1hjgb7W5tRlK8gwjHaNX4C
UaNUK8V+OHR23KI8fuY0Eb3avJU+Ip+Pxa063Md3d25PKNPBqCE70H53VQV3hfhYRnJvVHeOhCuoE/9dd7OzIUghjhlSogprNFubZT65MWVC08+Hz6FWTPce9lASA3ectL29xzYWcWQChHZgmB//Nw==
0weFpQ+9Emo96RkWOufvbC3tNKkpkqMvLmWneXvfTpSPRuoPpxMATlND2JFCw7E/ofnwjkBv7ecuirsSJxjd9N+fs4qOi299Y3EEE0rPm55AEf7CVDS9AUZOmWX3zTB35I9JeLf895WcQ0QCoagppOSV3HrkJgy21jFsngoUDBP03Xs7POwOQYf9C0h55laVMrZ6JVks0Y9u96qYg4xD4w==
0weFpQ+9Emo96RkWOufvbC3tNKkpkqMvLmWneXvfTpRxZx8QlB98cYKSs/8v6FNlkixkNCtVRg5utvKDagOl/0UkbG3JKLgwGBtIBmsMjWCabzPExRz1q4NjEwTAwEP+
0weFpQ+9Emo96RkWOufvbC3tNKkpkqMvLmWneXvfTpRxZx8QlB98cYKSs/8v6FNlkixkNCtVRg5utvKDagOl/2PTt4ip59CwqGRbRDbHks5LLPRMLoBxsxQglZPVgYRc
0weFpQ+9Emo96RkWOufvbC3tNKkpkqMvLmWneXvfTpRxZx8QlB98cYKSs/8v6FNlkixkNCtVRg5utvKDagOl/2FVvZfnyR3g2L4DXZfSZ3NlrDhy9fVyovwGJ0ejBy6YMVK3yBSi/cxC6+legMqSVg==
0weFpQ+9Emo96RkWOufvbC3tNKkpkqMvLmWneXvfTpS7YBGU5nRy6b9ztQ20Q20GW7lNNk4rG7kUJpagfIoFdxIRIEDsXPuD+gANbUaVMidEXGzvzn1rnbDdCKHKYCgz
