GmcONIA9PFzHw1gpPLLPoqev3ytAH5KO3S/CJpMsylg=
35kyjVfwBJgytCi6KM5Vug==
FNt9orFfFSbPIXNSbXcP2Q==
gE2g7VQeqq0h5MkG44fPUw==
ExPkcbYFeYs2lHSAMsaJBjIbQm7FWZ8YCSkKK1z2aPs=
cwgQW1UgxyVfBeSrdwXHsPE1eoSAri+NViVSjTYe4hg=
pYn3RyiaY4vz2unSybTHuw==
mAzeFbkWBGyzJRgEWJSZYQNn44wFaguEUnqkvHVinQw=
NiGef/LGs6v8Em6sqLz1GYGKB0111uCW/TAqgkiW0+w=
2lfNnhNY+w/3xMaMUxJbE0YFT/wvMlSDz8Vrd5FEs18=
2dpfwlNBPNn7l4ssaku1EBhHQtk7UqgqN+PX/npOMxula012nKWlMKzkev1ApkuQsfYButzD/wBKr02AoVXqXhYK93e6WCl01R4Lb3Rof70=
UaNUK8V+OHR23KI8fuY0EX93+WcezN79vkCKnEm8pNqeK8VNVhmq1VIsKOZfpcMuQnakPhoQ3tg66nC3Fx7CpmzGrLvyBxyD1hq0cGmcilB56SLdga9ZoAExvSTUu4paTIT9VUb8Sb+R/z18QnLP7g==
UaNUK8V+OHR23KI8fuY0EX93+WcezN79vkCKnEm8pNqeK8VNVhmq1VIsKOZfpcMul8nA+bnYD6rQziTPd19hYQNxCiVGYhPlmw2ZNOg94Rk=
UaNUK8V+OHR23KI8fuY0EX93+WcezN79vkCKnEm8pNo3chYfLLh4oEFYnKJtgMvZLrcNVzNBZatPmM3Rfx6W8CQIbWh473cYcDTLdBWRxzrH9k2SuB6avK8YZxXBVXf1DyrP/pauaZukcYu8zMkrryXgSh6EzxWllLrkZ9xOiHMC/PwOFNn/Agut0ugAs+WAtTzrQhOfB6xi+SGi3F1yd1C+vPGQggQWNAUHHAUb4OTsTgk1OgEfKMEAxdSyYQYsmI9Yw4Dz++BnwG8BqgO+7w==
UaNUK8V+OHR23KI8fuY0EX93+WcezN79vkCKnEm8pNo3chYfLLh4oEFYnKJtgMvZBuX2UiMEcAtzUmBlFKKeVK8IrGxoaQjdVUhJ3oMpBJ3nOgdawSmR7IViaWK5Fb2xQrwWy8cn15DRoPF13HyxZx9RksZTrEMFq/7Pt31W7Ws=
UaNUK8V+OHR23KI8fuY0EX93+WcezN79vkCKnEm8pNr9sVgwZ6Wb6wKcuU2xmSqfJDe60goYzEdzIYRTp3czG5CPR430LfRZr0rSNC+W9KFlMFy1QwKnfF1ahfu3yww+
0weFpQ+9Emo96RkWOufvbI6RSodyKwDLwYRSbCcN0O6/YiKVkvET0QZN18FqQGLFrJsk3kr1uvn043svEJgxz5h5EGHzDGcZBt9+HGltrrkpU8AqO+SLpkwGV1DrTgLHM/NtcKK3sm9N2RlvItUjHLfLWVg922FZvfxEU29zHxrIpaRfyZAgLp2LbOyN9ynMtkiPpqSqbDz9Npq8Cjm3BQ==
0weFpQ+9Emo96RkWOufvbI6RSodyKwDLwYRSbCcN0O4ekY4G+0u2+BFVWkzF+9ppS1/HQGziRMe+56hBSrMTOA0UWwMJPUMQ/lSUe8revLGTCgzYvmjriIQTq5puhUZQ
0weFpQ+9Emo96RkWOufvbI6RSodyKwDLwYRSbCcN0O41ObwLS9XW5el9ScFf3LqbE66NJ2JqhAhhCG//HDcljluNR6u3DyN33WK2qrig9hi4xb7C3LmlJDxdsjbbyDLc
0weFpQ+9Emo96RkWOufvbI6RSodyKwDLwYRSbCcN0O6IJuS9s+LYgTh4JkodRjWhV/VdiIZ9ISL+h9FKrSz0uIG1mcCQIEMVEUo6UVm4kXUSH0j+Rl32mb6K4bUeypBGZ0oGpIwFm9739zwn/j7sFQ==
0weFpQ+9Emo96RkWOufvbI6RSodyKwDLwYRSbCcN0O5pJv/BvNE1OSN9XBD40D6xF9MnJ0Wzr/SApTBoa2pgxF7vtnVsdvCfwomXWvM7zm5fJe2MArvGkpwmYpfpJxD/
UaNUK8V+OHR23KI8fuY0EaB4XhdB9/zCXbJLQJla2K2u0SXMu/bIVNL6av3kz8yZED8lRUQxfKeo/iG0WdbyhPyvW0jvvDPpBDr+Ired+zaYjmiq8UHEfDx0xuPLDAwDutxIkpsrjbNq2ajmg71b5g==
0weFpQ+9Emo96RkWOufvbO42TVJQ1txKm0WJzmTIqqNgAEqCRRaXhXhotui/LCFGDi5jrn9TSqPRP9S1w0kcfQHDSNhWm4IWCHrFLLB7mrul/jMyj/koAluVGgK5rWWU
0weFpQ+9Emo96RkWOufvbO42TVJQ1txKm0WJzmTIqqNAl/4ND3FeHZ44Ktjc7C6fFhTd8InU8Z8+69nmTbEgc5AfYCLuHpxwbxAFqWdjm8VsQZsHJRf1LjAotVKX9miWaX82X2aAQGEFLL810CYCCOHpnbSEZE02aLOlUkcLVIM4kk87x8PWJE4r9afMGxn7KdPiSBgDN+178V+itprmIg==
0weFpQ+9Emo96RkWOufvbO42TVJQ1txKm0WJzmTIqqOk0lya7pIP+tmRSRYRNkAGmWAPIdtLbHJgmgbzu7pyHhyrC6Gji6UGRIUi4MlKDhoiwKb5J7mtE/qac6NRX9A4
0weFpQ+9Emo96RkWOufvbO42TVJQ1txKm0WJzmTIqqOk0lya7pIP+tmRSRYRNkAGmWAPIdtLbHJgmgbzu7pyHgkoD50DLCtPY0f0ve2J+xDFUFoV0+owjhdjgE9fLOf8
0weFpQ+9Emo96RkWOufvbO42TVJQ1txKm0WJzmTIqqOk0lya7pIP+tmRSRYRNkAGmWAPIdtLbHJgmgbzu7pyHtR17I1UYS6UQ8QKVo/G+uOlZIV2VoQF6p89YtiBt6sENG+KZavnHS5JNhH3V4vNPg==
0weFpQ+9Emo96RkWOufvbO42TVJQ1txKm0WJzmTIqqOk0lya7pIP+tmRSRYRNkAGmWAPIdtLbHJgmgbzu7pyHhxE+kG6QUntDjlRiVbxAc2s9dG6/O4NkEql04run6o5
2dpfwlNBPNn7l4ssaku1EFpe5oSAF0PAA1HfCIMzDs8AsQV0qzaHfZATn/sDS6Gnx4uKshwIi9TS1rVgi21wRucps23BUjmo6gxAVNriLOI=
UaNUK8V+OHR23KI8fuY0Ec97aSbo0HWVdj/BVve3EL2vlBkk/fK1Lrrrsep/XUHsbaXwJrpQJqoRw8u4DjiCIzdDH/97vbi2n2tpHJT4d0/wcH3fqHVIdQQ3BNXXIxykCeJj1Su7jLt+O33+tcCO3Q==
UaNUK8V+OHR23KI8fuY0Ec97aSbo0HWVdj/BVve3EL2vlBkk/fK1Lrrrsep/XUHswV+kEoU5+jJkTTj/tDtNn+6EbQ60/22cmrRqS/wTXSU=
UaNUK8V+OHR23KI8fuY0Ec97aSbo0HWVdj/BVve3EL3aijM5z9PeAKOxLWL0UagoFNJG4jcxH7jH0tboKoI/yL+PhWXZVspu38ZZofF9BTcQccLtmP2bCsv+R8Mu59fyvLRt58yp+URWO1ad9aJprk4Vx5TSofvRozyyXbkTBbqXCb22YAyDPd6v6fPxXveerrJvMWJgZnUpZhXXK7dAhqYLOjYy2z0nzL450ZeuPU3nQWVWl5kIp3l+Y8ieOHkTzXB4XPE59OzdT6VeJfay/Q==
UaNUK8V+OHR23KI8fuY0Ec97aSbo0HWVdj/BVve3EL3aijM5z9PeAKOxLWL0UagoF16KgIGKb/QK3o1w1KqE7XqWx7s4IOrzGAU78dha6gWFg4rijYHr6mkKBg4txXfK2TR/p7/3aOQWGvhWkDOkR/jXZ5IihwdzMTI6LS75g30=
UaNUK8V+OHR23KI8fuY0Ec97aSbo0HWVdj/BVve3EL1spA5NiDfm3q7+HsxKlIveYWYRJ6vC206JLWMkqy6PKJST6nmnU1kyipomDJU6WgsvtKeQkuH4/k0w4krhhRYG
UaNUK8V+OHR23KI8fuY0EYnzUC8Z4CtSllmxedvFHu5umyCJEqskxCxB0x2eC++zSt1YjKvp1Z4fOGA7+9/ME1lzNjg1jUhiNS6a49s4NLf9BSb7kpaMgdZpgvKSPHY2aWFSqXxfvn4x9AVQaJu95Q==
0weFpQ+9Emo96RkWOufvbGbX/W6F9yeo4hdWorogjPZ6iqFyfjBNS5IWD2l240AeKXiS2VALJZAuUJOUsiIW/5vScIzmqnP5EMMCRKo22YdrOeDmu8pzPKTCgRetlLf3RdM5LZ+MbZ460/WgcbbBc8UF/Vixtko2R19Q7xosyJmzdo7tua0hdjX3DDXCM7/ZmNJG0m7W+AfDppcwDZE6nQ==
0weFpQ+9Emo96RkWOufvbGbX/W6F9yeo4hdWorogjPZdZXHoRjqKRcxfMIkzsufJZIszCWB1f9dDGwlvpijGOzQQqBzQrG3mOTcsWpTL9lFHUhSDbNWUWICRatBGAXh4
0weFpQ+9Emo96RkWOufvbGbX/W6F9yeo4hdWorogjPZdZXHoRjqKRcxfMIkzsufJZIszCWB1f9dDGwlvpijGO9Kt/7cLaE50wXcMpJcSHaDrv/ms/f5cKQYsZuWG3qLR
0weFpQ+9Emo96RkWOufvbGbX/W6F9yeo4hdWorogjPYl1ada/loahUwF863/uKAawY73ptrzjnpxkXSJlvCC4lPACkP1fmYyGTakaAGeBaL/GV43Rlf6mFrpDiFnOwqxPpjwbtyfqcvlY8MyXMGrbw==
0weFpQ+9Emo96RkWOufvbGbX/W6F9yeo4hdWorogjPZnyAZYa4FdPj4ORPbjZFbnW7wT4tH8gr9HhJXajNc3lgOiXiwHGwFVLcC1TdS9IdsnkC/ghcK4X2aQTYS0Lhfb
UaNUK8V+OHR23KI8fuY0EYNgw97ULweKYJtZ0m+ChJuPjQV6mMXLfIAVDqiw36q2FXBe5w4J79F1Z1kp79aeb5CknzLXfOntbHVe36Wmxx7GHA2ksbkmThN+gB2MFzH9
UaNUK8V+OHR23KI8fuY0EZEPv1m02gVrnVwXIIh9OnRl53S0fzIDPpn4oBHS6CC/I8mpOBBbcSc42h75W5dDCiSPcexA50IiDnKvzPx46xiPoH8GnDQ6KPSsfL5C+oKk
UaNUK8V+OHR23KI8fuY0EVXHHzRLKRNMuF1XeKXkjUMrZzPL4iJbbDU09ssgEw6rRDQCTMaFqPz7RzbYAel4t6V52XXVQFvfAub+cQ8RqyBv3X09AdfnJPd09S6LVsO8
UaNUK8V+OHR23KI8fuY0EVXHHzRLKRNMuF1XeKXkjUMrZzPL4iJbbDU09ssgEw6rKkfXk/aEfVadZ41DKkb7OyUZKH9OBLdlsdcArb8t339SYcT8lqD/+tBHfnH1j26GLIbr0Ow4y6lMX7HxQw3bEg==
0weFpQ+9Emo96RkWOufvbOCY/mTHwtFQDxQUha1jgb1PU8veZydv378axSZkVSiElYdbOrNyVBUp9OU5TBCdDPDx3209g37/B0TGbTsirO3TGpeB0mZiNGmHLr4u0/n40YzJnpocFyc9DYf/k71OQg==
0weFpQ+9Emo96RkWOufvbOCY/mTHwtFQDxQUha1jgb1hQptWUANBg77AQldfbYcaKbHGrO7kMASMEXo9D5dQDPGQcAoNnQBqH3OB49hxXJj1tXJyiorc4eoYSExBg6Yh
UaNUK8V+OHR23KI8fuY0EVXHHzRLKRNMuF1XeKXkjUNKJFD7gPw1sONE2ubW3X9hbOxrP2kUHljSmql+m+xuO3mCD0h9oa3Fvjzd5BewH/R/6DsiY6cK7HDxhuu6J9bD
2dpfwlNBPNn7l4ssaku1EDYObaocV343owAJ73lRpZ9yycugzssAyjHFtJWU4LttcAdkmQKidueubcoEMDi6GgpaGJWS9fQwDZFDnB5VGmc=
UaNUK8V+OHR23KI8fuY0EbwQ1hYo+HtjFuUq5+44dbebCrOdm7RCPI1MRMsig0VXPWAcj/81Uz8BTsjZz5VgKQ/r9YMByzviliB2zAwR6Uo8hQg7LFN0dgzmSfAKsMGpg+8OsHzs6FHKZ6qP+pElDQ==
UaNUK8V+OHR23KI8fuY0EbwQ1hYo+HtjFuUq5+44dbebCrOdm7RCPI1MRMsig0VX0HqCRqIw0bFU1djvKlLq6lGgfNqZ2ZEWOA6xG0cvdvQ=
UaNUK8V+OHR23KI8fuY0EbwQ1hYo+HtjFuUq5+44dbc2xO5h95LKd97z0s91ZTsRn6bq659y7Wj8mD8ZN1zG4BF8buKoQiBT84Bh7UKmSNaTRHRZwNe0n+NdEo7/aNohVBk95e62Gx5WRokmVe5ndrdLMGPgtKlGODYq1sm+IIVzkDaOduAH7HSjMfoJMxzJM7FmyXkSN0qHdoP9f/C5TqmFti/os4pfPzza9d18tUzRUUgmw1KvT4UE9h0Uzhs4piCUeW1GrX7YRqiZsf9cyA==
UaNUK8V+OHR23KI8fuY0EbwQ1hYo+HtjFuUq5+44dbc2xO5h95LKd97z0s91ZTsRJbSf6FgcELRbgTRbSDse9ZppbJ8m3FMnZlidagovlDRzmjoVk8VdmUZC+kEmqI8sb4JXzY081sbubd6IG4cdh1aZkjDhBRhKvt9bhePRwCE=
UaNUK8V+OHR23KI8fuY0EbwQ1hYo+HtjFuUq5+44dbdOhH+1tFi/vr6bekJ7eg+ysNpQmzIiwyl9tRtpRQ22fFEufbGBvuic/7mPRhKqbv7K2O3s6qCk9LmM/Ivij/NG
0weFpQ+9Emo96RkWOufvbCg/ayfsQ2N+/Swg4QBxOnkTWCPMoTsuOOFObb46wcXdRx121ojOMLHd2L4i4ibS4bJNgvrLVyAlpoKQkSrMNSpseIJ7Xc00g2HiiiIRgaWaLLPAtLQmOzL2b8cD/vblLoorrPBKTSg6L3Qn8SUnexNRosISLqf5vQGN/sie1pZ8EVfBmPc9G7tvWHaBCIsGpQ==
UaNUK8V+OHR23KI8fuY0EbwQ1hYo+HtjFuUq5+44dbe6k7Nky6YqUriNkcXUBPql2Z2m5bbQjh+Uo4uW1rHhz6LZzTYXW8w2Tr9pM15OrjfnQiwE8ZhxGVGbHdMRAFaX
UaNUK8V+OHR23KI8fuY0EbwQ1hYo+HtjFuUq5+44dbe6k7Nky6YqUriNkcXUBPqlOUbVmGui7LtRZ3nWsBqX2l9thdRrDRVuNsSMS541ch5GxTZK5AzcccC3vbZlo27OxaTa6qMjrwaeQ4GiUUu/Xg==
0weFpQ+9Emo96RkWOufvbCg/ayfsQ2N+/Swg4QBxOnnC3cswj72hVsbb3lYYNYWv39lyp1lTUxJjeD+7gIM/0i0BP6QxpYevXbWUL5daCBqrCzVKFfrLx5bAFQWtu9msuteOkjoOzMr0r6futlR57w==
0weFpQ+9Emo96RkWOufvbCg/ayfsQ2N+/Swg4QBxOnnC3cswj72hVsbb3lYYNYWv39lyp1lTUxJjeD+7gIM/0gxqCU2BjjvpEoYvx9owmnyjyQzTWHhTEpBa3CnPMLkN
0weFpQ+9Emo96RkWOufvbCg/ayfsQ2N+/Swg4QBxOnnC3cswj72hVsbb3lYYNYWv39lyp1lTUxJjeD+7gIM/0ulyHSePYbCJvz7K/sJlyDngODFAYwcUUA4q2dSxsFIOJlps2N7TTbmzuoxMzPpaUQ==
0weFpQ+9Emo96RkWOufvbCg/ayfsQ2N+/Swg4QBxOnkJm4FebGWlEc4jr3koOfvEvAOy3/S6uScLTmVLCUYwrKrfFYC9HmnVs+GlV0k2kXxW+csidCRtC+V8pl5z+L5a0IQwZ/gQAtyFS5cUlw63+iZZn4KcqRT6AvIz9Cu4qEjhrUBRatYqUI4Ar0Wy3KQuPkWm6GeeUiE7cBcdb0vJw6B6Xe3YXXkXWeiP0h5iuJ3XVjetROu9oLkuxhq572FG6C2CQ/418Jd2gyl8HxMXr2lzaMc1JvItIbSSj7zAjlk=
0weFpQ+9Emo96RkWOufvbCg/ayfsQ2N+/Swg4QBxOnkJm4FebGWlEc4jr3koOfvEvAOy3/S6uScLTmVLCUYwrF0MbQgEVLHWpsDyOPYwr06Nc3UHVaflWWOIA4tCrEATg4VoLNXtzKUCMScvv3SQVIW+BjsCn+MN9Xk71GW8XhbCoZnp2Iys7N2BzgECIr7IEAlmrpB98L17QQDaXUIoFg==
0weFpQ+9Emo96RkWOufvbCg/ayfsQ2N+/Swg4QBxOnmCtiCMlL8JpR2j4QHfvajKeXNDrKKKzTciqYBaipkQqaPP40Qd7tg57U4QdpB51rhmpuBJmiJhFpGx+aCDsbGVb+EDcwjMYtQW5nEGGLbkyfHveOGYaOsB/2I/kdaDLU+CAkm+o3nFaa7p/WjOzqCt09zp139Hz8EYpCYJ23tBaeJ0mgCpY9616TWGe6mlGi74HfndF6TE5oHQxDvI6zTM
UaNUK8V+OHR23KI8fuY0EX7UFdljKQf6fc+qnApkOqD33IIdX1g/N5loJyy2c0ib2bDq94jtofz058ddp7sM+WbqAhGmpqDMofJtwTyAhd3/i5ouzF4fPHineBymPrZG
UaNUK8V+OHR23KI8fuY0EX7UFdljKQf6fc+qnApkOqD33IIdX1g/N5loJyy2c0ib2bDq94jtofz058ddp7sM+R4niGSmfM/cmSjWp6X0/FryGL2ovDBUcmXVC50LcUuP
UaNUK8V+OHR23KI8fuY0EX7UFdljKQf6fc+qnApkOqD33IIdX1g/N5loJyy2c0ib2bDq94jtofz058ddp7sM+R4niGSmfM/cmSjWp6X0/FrDmVS4hotgpBSswosGdHLt
0weFpQ+9Emo96RkWOufvbCg/ayfsQ2N+/Swg4QBxOnlYO6e5p4THyCZ0fWH+lkty8yGFHveyObn+3A1oAckiwmDrwKTI57oVMenbO/xdet0itRJFOpjhNBMfm6HfhSFC
0weFpQ+9Emo96RkWOufvbCg/ayfsQ2N+/Swg4QBxOnlYO6e5p4THyCZ0fWH+lkty8yGFHveyObn+3A1oAckiwtsnuBS6Xuuhlmum5+9O7TzRNPJnSSQ0ylBK77WjZHae
0weFpQ+9Emo96RkWOufvbCg/ayfsQ2N+/Swg4QBxOnm93cODD8JD4qD88pQEptGYq6byVAlFxNNmu6oZZTw+0mYUcHvlX9R6XnW+O3KnCFaKIZMIP907MDovmJsGkpzW
UaNUK8V+OHR23KI8fuY0EdsXSFIdTz4K2tPs2Piuz1u396Xq+/U1mq3V3pAF08RoYhZlZZvm5CPzMG3Emavzfk2IvjHEOckdn7ggJ42QztF6lBeQIklw2DVLzsrtK85YdIvkohuZa2G12QjGqtSPhA==
0weFpQ+9Emo96RkWOufvbD+A/iskIejoTWo341FR1Nkr18mGfNNpNMh98cfUEwbnIja//ydBwdwvrndOgqCgiEyBACRDVjnFkbQb+eyRuZZTBVgTwRdvylvDVuSnmUMc
0weFpQ+9Emo96RkWOufvbO/ulVCuNTbudzeTYtMv7tv7OzSp8mIRA4+tSNwj/dPsCMxWb5BR1wLWPARODAKR+1ShfnUNictdy3ymGeKFbFKYPeIMx1m72FaVpVcsp7z73cggCp/+NYHgwo/AeQwvmRd2n/+/LDbFTJnWaCdf4WEZpVQO2pcvJ3Frz/M1GNwRU/V6LnW3i7lQq80+61W5qA==
0weFpQ+9Emo96RkWOufvbO/ulVCuNTbudzeTYtMv7ts89vHaox2iMopwIaHYkzPTvH9PJ3Bn9PB0F2zzF6bhwbMDb1Iw2hxohYHFEcFXH7Oh8YtQr7DKLl+GSWFDYOL1
0weFpQ+9Emo96RkWOufvbO/ulVCuNTbudzeTYtMv7ts89vHaox2iMopwIaHYkzPTvH9PJ3Bn9PB0F2zzF6bhwQDk9BYRLx54D4lNLYxKio3AOkvW7QbAeICRWQR6jGeU
0weFpQ+9Emo96RkWOufvbO/ulVCuNTbudzeTYtMv7ts89vHaox2iMopwIaHYkzPTvH9PJ3Bn9PB0F2zzF6bhwfrWdCgLJhM6FEEXwmuHhS4u/QUY/519+al6zg9F5wseGQe9E5hlbAhcdFL0qfb5Ug==
0weFpQ+9Emo96RkWOufvbO/ulVCuNTbudzeTYtMv7tsbNXJZFbYfRXNUjk5VfbZcQVuUf1Rhi9tF8GmxuzmvmIZZ6lpMlXW7pGJJ9YAa0HjgfkLZtgmbuEKfVhKW+nXo/Q3iXAp2f1z/DBra8kp9yIMZL+kCHZMdG6KBF6diYy1dWuJnRQpBR8SN7Fxc5U/JqBC/8RLvcWywmPl8HNpmSYGVRWyYQaHulHEf4R7H52ebtpKgYPYOj7+9xHWwxthgOLjtX7f8Na6jxg3/hxsTdbkNUY20JsF0t3b4W2GrIbQ=
0weFpQ+9Emo96RkWOufvbO/ulVCuNTbudzeTYtMv7tsbNXJZFbYfRXNUjk5VfbZcQVuUf1Rhi9tF8GmxuzmvmF9hiCkAC8zOsMJjPLMOOrMpK7bK53SFLNblMhFIL//58kkqXF2W7OjlhR+dcjHlLURfzG9wayfRjYWgj1nn7LhPkEsRnWKtonhsQiIGAGvShJX75nU+vWNLByKNfcx+kQ==
0weFpQ+9Emo96RkWOufvbO/ulVCuNTbudzeTYtMv7tvLCs9hKmJhYUofzsDYWcEqVqKlmKZH1PNTD1WOHnFi1k35hyEYT7F6JAXWdvaox0XeuipM2v8wATpoQbBvOajJYhvmaIH04JwnwklmxD0tZdmt5EVqKsUanej5OESinFD4XTCEVQaFnnVDk/Kkc40ueKqis0qYcM+XGGgozZsxwd4iGXUeQcpcGJ09AknsMu/HEwAdFmdegOoNRRv37klE1DnWHG8KgFCxiHVAuruRZw==
0weFpQ+9Emo96RkWOufvbO/ulVCuNTbudzeTYtMv7tuefoX4yecmhqus8dSBYQZk5tR1AdxhydMne67RlqqdAtLKxVxr0g5XlZ1REd21zBE+NTt3lpex422KrXw+sdi5
0weFpQ+9Emo96RkWOufvbAFvRxhcGklBavg7WAa/FXvuYq/t7szXjAMNl0SxvSrAU1s1++s+hLdwxLECgZE254k0KgOU7v31DJZwrBp4bGCU88OLfFIHIwFByGgLzq+U
2dpfwlNBPNn7l4ssaku1EJ5nGiUjUGSBQY8s6g+2KGvRRoa8krbYPu98YhPY6OHwKZOJ8e7gaqpvV5SqMLWNIxqq7TdI90Bb/CuNycZfl5Y=
UaNUK8V+OHR23KI8fuY0EV7SnGm83v+/fza3NgqosH7xy8wQHh+pf9+6EYA7hWv1bfqwf8NX6Cfktx2Nmd9Mvi1eaaKDyJednw+HNdgQoHmz2wJXTiG1zRbFOYB+yMaAIUveSyFSwXemL4SzNzjFsA==
UaNUK8V+OHR23KI8fuY0EV7SnGm83v+/fza3NgqosH7xy8wQHh+pf9+6EYA7hWv1yF4T0c0vvSbKs/Bs15YlSXCqS1wkRX6l0uJ+S4278w8=
UaNUK8V+OHR23KI8fuY0EV7SnGm83v+/fza3NgqosH6OrLQIW7+x+lUgiqdT/EBbKQ1K/6gKqXqgwvj4epZ3XiMsuXBNScUsT9Uj2fK5IzcEgaTjXz6dAidxvlXRPA+/K+Y3V7/lOTxPNHiKx+A0WnzOe3IYKag2KD3H7ubU2EzQEHntUHNraze6PVVyZQftfMLP3m9x10C8zABYOTW2CEiFz4vXMXLnCQzIbl0/A/BIFOXv46FnjjpKbDXFVtoWKuyaJ2134MJYnmfXpZ/vRw==
UaNUK8V+OHR23KI8fuY0EV7SnGm83v+/fza3NgqosH6OrLQIW7+x+lUgiqdT/EBbozi2FPEnjbbigvGEQbSPvclDfDh+HNSVIj9Td9X+aD32EHseiDByd68BhGFjQ4A6n0cTgIB2j4E8gKHih9RZ3TG/wgJSbS0yknGk5CWo4Vs=
UaNUK8V+OHR23KI8fuY0EV7SnGm83v+/fza3NgqosH5XRIY0Guejd1jgrwgTEaGwYbHi0okWa4HjKdFrjMj5XFKXq3PBsT/g5EkmDKMa+HrH012LbM+1rn2qmCZXdIPI
UaNUK8V+OHR23KI8fuY0EV7SnGm83v+/fza3NgqosH51llvv4uazk6rOV99OaWsq0nTc2Bw3QbX5xHi+3PC2S8Ih2RhYgy0yS+Bsn7E4EzQwedsNaOB//EABQFCuEzwP
UaNUK8V+OHR23KI8fuY0EV7SnGm83v+/fza3NgqosH4vLj32B+/GVYHCbc2HQcDEQl9xFbGxCxEOUiJP3QRjNtbYFC/SISwn32ITKFi61USUG72GOG7gMflihmcIfBYHC4/08gYQjgwg3fSMLyai1Q==
UaNUK8V+OHR23KI8fuY0EV7SnGm83v+/fza3NgqosH5mWAGWoPCVT2gbabjdx5oPRwTjcgQToJ5BusCrFIZ/DdlW/viUFkdB6ffj/MSgutND8LoCn5a1XN2Qfufg2Uzb
UaNUK8V+OHR23KI8fuY0EV7SnGm83v+/fza3NgqosH5QlWMD9yvG/htt+gu4ziKblWNHOSnU+d+8XV6lSQ8DF+vzxoRURMfltI/oUAIWKCT1myY08o5iRGI6PsIFrqSQ
UaNUK8V+OHR23KI8fuY0EV7SnGm83v+/fza3NgqosH6TFJlaZILIRo58wVWdWnisFwxYgCMknXpBPzHVLpxzfxRNN8CL4tBMGb1FIh3zr+SuED09DUDbAztrer5jX0j8
0weFpQ+9Emo96RkWOufvbPi8cW9wqo9PDHuwguDSlbZm5voQL2QlkrCV2cTbr4AJZ1frbVp2S+KJWHS/FKIeypNw1wR7Jbe/8sZDOgKIhVde6P+NX5iwl8CYFLIsVyp3j8050MwmWlHEOjL4gAYPElmxSkPhKfE2XRM0hG2kajVFMcLyQWvkVz1t1XaSlw1L7UOnSQ0MzLIcRWJZdO3gAw==
0weFpQ+9Emo96RkWOufvbPi8cW9wqo9PDHuwguDSlbZxtahd0AQS/tdUNGDn/FyJ8YCAntql58i7lB6mAMWaaz8AmmpgPD16FEbDPCsuIa6uu1Gr+MVHKF2IeTjMH8HIVYS9y1EzsUMh/btWjfuuO8jZF5mSaHRYAD/h7H6ibguD8X/FhHtXaHvty4WAOwksIHxqXOjvRVHU8r4EAQIKkA==
0weFpQ+9Emo96RkWOufvbPi8cW9wqo9PDHuwguDSlbZq3EMd/fK/brkxyECoJJJCYVoPYxXL6zzy/OOIh4PE79RbcHmwt31ZSpeQj0VHRgiI0GLC/tgKDkmMCjUGIb7G
0weFpQ+9Emo96RkWOufvbPi8cW9wqo9PDHuwguDSlbZq3EMd/fK/brkxyECoJJJCYVoPYxXL6zzy/OOIh4PE7x8cco+zebzkShE0ho7SdaJ+g2ggv5vV2zotFMMtBq44
0weFpQ+9Emo96RkWOufvbPi8cW9wqo9PDHuwguDSlbbAViSOQHkKf6Cx6VjuD4KN96HX2mNf4dOcd77manxZRG9+lISFne8LF5fSG8nrSxHaJh7x01l8818QyZ6DJcr6nu0DfEj6g6h+lWPemQ8ZYQ==
0weFpQ+9Emo96RkWOufvbPi8cW9wqo9PDHuwguDSlbb5V/9zs6QKiiqJhqG8CZjoBxgJH/Zk/pByx3uKeCmt1Fxc7pvD3Ilq2pvfgngxEOHBQCNYIqKdXYlp3K1mW4hx4xKiryYSdeDix47bvXWK0Wqj9bX7ahwMOnrWxC0mVAUhEGoST3ZxAs3//GXxvvdhw7t8TSiAgEH0X5oj7RlfU246ztqChD+3hRluK+pONkUwGvwpxYbb8WME2DOgURZw/IP3mz7LHc74vPrR9BV7YRc1Hi95J/Pn6IELZndMhK4=
0weFpQ+9Emo96RkWOufvbPi8cW9wqo9PDHuwguDSlbb5V/9zs6QKiiqJhqG8CZjoBxgJH/Zk/pByx3uKeCmt1Ojpri5Puc+kn8wO/Wtv+a9Yn2Xzqqt95ecFJN7Aw5rKEZpXkjCbj3UJsakZpjAJLuO5EcLxAe1LmIRr7gARXyStXSokb8TXQbRTeXADW61l1vcMaQrSMJ7PA7ykV5USMA==
0weFpQ+9Emo96RkWOufvbPi8cW9wqo9PDHuwguDSlbZToyxL7Y9yHEf+Wrb2dc8h+109SUUFdgr5i3uQUI3CS+0dDRCh6iE45vcsDYOcchKdr2PhaXGpK4cEbdeGGYZidHYi8I8J75FaHlJspqvC3ygn7p78MV01h0aKlK43N2gqhw+sqAYIAf/fYW+eiWdVNbzJ86hWoCpD50JPw8LDoMgd9uzPEAz1AwHhaoUj7iagFpBudDaIj1p0/iYjV6xQ
0weFpQ+9Emo96RkWOufvbPi8cW9wqo9PDHuwguDSlbZpSCp9RGK+8KOj57FKHefVFWZ347xB6SMShdXyZ2E9/NjcREMbq7cspf7nhi4/GDIx25dsOH2j1eX2FQ/AhxTc
UaNUK8V+OHR23KI8fuY0ESd7cNATL1A/b9nFBuUkdUC9WZ88fHOPycB+BmDb7JBwCgXImouc8kE4rHzbMu8HsoOXfYfbpn8Ki8c2hmZdS/eNapYi04n5xas9zFG90FgcZgrnJf75JkWdd10pYGzUXw==
2dpfwlNBPNn7l4ssaku1EHYM/QMY1Xn4LcN+lA5gum0ny8hRrPHKRKU1GUxCQ9F6U7taj2SbJLmFUm8tEC65bEGVftk2Cd7GdpZGy8GMLrI=
UaNUK8V+OHR23KI8fuY0ERi8eA+3EJT/wTgbJBA7zMbRl+iN4TZctSTP6y89vy2r7xCEjjNjj9qKql0ILjjbnIdXG36THGeeP+kFtFSfxcfkgo+1UFG470iv8uY0HThiolpfQl9m46R7jMhVgnIaRw==
UaNUK8V+OHR23KI8fuY0ERi8eA+3EJT/wTgbJBA7zMbRl+iN4TZctSTP6y89vy2rUcAn+JKW5qZZBLhcVsrKvIylAvfjxrMqSAc6EVHe7LA=
UaNUK8V+OHR23KI8fuY0ERi8eA+3EJT/wTgbJBA7zMbRl+iN4TZctSTP6y89vy2r5gC/4psZ9RZH7xRc1ldMk8Ppxa+TrFUOKeS7YBtoxQCf0YaTWBHfrxFP+BZzsl6tH4U2O4x5cpAJ/F7TNezpr+R0ONMvpgFGmT+VllS2wgEpSohPOsLNw/CKK4PRGpo9OJmO/FmpDJIc7sZQOrBW13ZEtpDzgoIR9oxJTr3VTILVmeS+5zH69zmeWGhkoDZ/aOz+SA1IqxBngw3njhtKmA==
UaNUK8V+OHR23KI8fuY0ERi8eA+3EJT/wTgbJBA7zMb2H06EPbkdaZ4KsT1gPPbkVZJyDychg3Z86f22i5F+MQrblomFY3u8xeslKIEB6bBuq35brMM2S5LPD1TM/C1UD/emyL8O4IRicIuKmErqE263HsGYEDZ2yHL+pF3RtSI=
UaNUK8V+OHR23KI8fuY0ERi8eA+3EJT/wTgbJBA7zMapcmXZlV6PLe6rKQh3nqnz/LYkUyPswH7uimZcHow+16lMtxiGfjtfyoLyFN5wE7M0q94lsP4ASjMe1WetyIkD
UaNUK8V+OHR23KI8fuY0ERi8eA+3EJT/wTgbJBA7zMYj0rC1Y5EXL2Sy+eiyIkHiVrJlMv2PyCUrzrybrgqvG0CqIr4BC2f0uhHIn+PSi+PyF8u7Crj4OcpaYEImMYcO
UaNUK8V+OHR23KI8fuY0ERi8eA+3EJT/wTgbJBA7zMYj0rC1Y5EXL2Sy+eiyIkHi3w1hfCnnOv7VdLfr894OantecWnzn9ieGah3785mx/rAxJ+hX6bqlZRGd0h7n9qjQoKzg+co1Pi+Y7P4fd29Sg==
UaNUK8V+OHR23KI8fuY0ERi8eA+3EJT/wTgbJBA7zMby9e1YTcFuJ/kv//zVFByF6fJOBQgUnE7HnbVFKRJ0BzwdYnvCP11E3vk9OjgGf+ZSOEM0TfI+pZ1cf74+R9Sr
UaNUK8V+OHR23KI8fuY0ERi8eA+3EJT/wTgbJBA7zMZireyANq9eXArzs96NMuw17u5W5Mf/rIuwXOcgzmqDAgA/aGVAbZLkYmTnC/aE0i/GLrOuloYYSNavI03NOhcW
UaNUK8V+OHR23KI8fuY0ERi8eA+3EJT/wTgbJBA7zMbJ8PQowe1/lJM8+W1rztO9DhtBtNVZ1gVOufU+ll15WX0IEdU9WH1a4CMs6vR2nEd6lOCUD4PWDGU+6dS8z23K
0weFpQ+9Emo96RkWOufvbJSyHwnRH0wOoF7uiPkzzodrTwqDSDU9ZOg7WRIJIoqBedScEs6kBvTH+H3ar4+kbAQliXgJ9OHyRNTGJj8JrGs7CwXZMUKnl5quuJpKmKl4YolujsN8Ptoao78XGYyS617lCIMFVoekztdStOkvqaBeZzTofCE+EcV0uRfLiVhLvrvCixe1UZBnkN+kYJc9Xw==
0weFpQ+9Emo96RkWOufvbJSyHwnRH0wOoF7uiPkzzofumXz/UvX2qbgqzACfihus6OUgD2OL+bX2Gw8LuibIluA5oObSnsQv5YuRnQ7f4aQLtrrTyfhlYHfL4bXVKKh0gHbSX1h9NMTMipGCSmN9ZvrijetC13MwgJcDSoqLcc3bxJxZ//xWk0TC510pFHLLoMt7Ej/EcytzXym34vRopg==
0weFpQ+9Emo96RkWOufvbJSyHwnRH0wOoF7uiPkzzoerzYh25ohyNlGJ15oa15WFL2YpWs6f4ZM3pYtilPh0vMcCAJr2PN3VyBiTKgf8ki48ZafVKI+T+rk25brwclhl
0weFpQ+9Emo96RkWOufvbJSyHwnRH0wOoF7uiPkzzodKCAdaVg9hAcHX96oXoK7hfJQuitd8lO/P4sNXGrIcf1/oyRxT4quRGx+LuH7yIHb0Tw6FJDCqMA8Upru30n9q
0weFpQ+9Emo96RkWOufvbJSyHwnRH0wOoF7uiPkzzof99pMWydxbDM87vhUvGWHLIEhJgMoWck29DuphZEBk4VL8Vn1PM2U7IzaOAyMyXzgA1qnOGCgPnbdjtxub1Tm6L3u2UcrYbKAC0RTIIvjx5w==
0weFpQ+9Emo96RkWOufvbJSyHwnRH0wOoF7uiPkzzodlnJveM2yUt2BhQI4j1jEu1lmyZztx11epf7J70I9+KZZSUJMQZ/BmWZDBP+69hQBRyjHtoNNpZdG2ZDKbwyd5B2jBauiNVgwz9ggpqitM4s+jQriHBEedysaUkI+7WjVMNUntS9oxdsCSMkuEHSjm+n2KmFlxYohBTfv73CP9+a9Zv/3S8Kh7idMUUEfqKtJJwSxuhwn2qFijulQ/utW/MWDbzBeeSy2/rFkRStwVTu4O98TsFPRSG7znqyhfXRU=
0weFpQ+9Emo96RkWOufvbJSyHwnRH0wOoF7uiPkzzodlnJveM2yUt2BhQI4j1jEu1lmyZztx11epf7J70I9+KQ5rW24jUuTLrs7P+MXnaH1frsaEj/EQAUsuX/NUz2ENykosixVeCWI4d45PyAZ40/jxj1wFPL68LIdRgIzapNpQVEng3XjT42rTQJmUQQ2hcMFgPwHCWFu6irD+kszNeQ==
0weFpQ+9Emo96RkWOufvbJSyHwnRH0wOoF7uiPkzzocY8HcHF4V29duUN3o3YWxx9B8JNUpmxJT+p0lpA8/oo86RN6KVoA9sUEHRdM06dJqs620+FhXeSY+QMSaQDQvECGCzrwOt48RVC4E/sQGknJED+cHimA/kkz6QiXaDKbwep1lLdQEILDBXCL6ol6BvJcQ3SFVMzEN0heGy6jm4yLZkzCDaM5yr7fV1o5YcDgr/MIBWy0hHBDLuf3HxQgKF
0weFpQ+9Emo96RkWOufvbJSyHwnRH0wOoF7uiPkzzodKv/MfJ0QUqTqzWBLs5GIejv4UaUeamNupc3VIZS/eYdgfDj5UhnDrDRE6d7oKjAiPvxyY8KJJxj9rOVcoq/sD
UaNUK8V+OHR23KI8fuY0EW7R5FEVTotlSBvqZN4rJFosu6VTiARiHM91wbousp0mpvFFxYtr4KIgtjR7oIo9bjenWZ+gseFLQ4Rh8M7w/SIKPJr5ouYZW3Q2YE+F+nO4Lb98q3N4f+dJxnDtSh6iDg==
2dpfwlNBPNn7l4ssaku1ENQbKKGFDrsrJqdUKOwtR2qSiNFmhaYBzeYH2IKhvO5dwng1mFFDB3jt3VlIlnSPS2kKal9tZuKV2i8BybqA62Q=
UaNUK8V+OHR23KI8fuY0Ef5s78PR3kQcKpxdDwFwGsy8jgf69k+cAZxEazGe1D284IB7Z23fUa1FUJF2RAa+Xv4s8gsEN3xYmhL16IjUgau8+lu1WXbpckuQ6Rksqx6q0FObJyfe2+l/iLtiaYOZMA==
UaNUK8V+OHR23KI8fuY0Ef5s78PR3kQcKpxdDwFwGsy8jgf69k+cAZxEazGe1D28ElOUnqzkoqocpsQ7lhbuH2IbJfOppz1690I9q8XwvNA=
UaNUK8V+OHR23KI8fuY0Ef5s78PR3kQcKpxdDwFwGsyy/3O/W5GC1bGAYzYUXmX42lmXi8qUP+idtqzarPW5t6J3RRoFB+wLiB0hdXUg5lolsBdPoh9sjtvgEkos47zLKVhCQjzAy2espf85yRe3w3Z/L4irQ0JdfZGKYSp8duuggQedwxPdBKlYayIfztFaW4oI20ibiCYzMob1+kS66NL0YeV20GOaZsoqH90z6okOPbrcYwrSf0IkUeT6ALhTueCyp6xmi423hltbbdaP7w==
UaNUK8V+OHR23KI8fuY0Ef5s78PR3kQcKpxdDwFwGsyy/3O/W5GC1bGAYzYUXmX4sZ4fw1k2MoM5hveVHVguo3Ds/Wlqq4Uy0z+ZC9sVgNEQ5HSWAwJPmiHXDWLXV4bMdfe0yh62kMDhEDRJrDkV5N9BIJOSHF7CjZyg97a8aBw=
UaNUK8V+OHR23KI8fuY0Ef5s78PR3kQcKpxdDwFwGsy0poyTPHNvKwDge3HnAPGcaG2GvdSqbBD69HUygbNCSY/DPjaQbgE50y6QXLweYY0ZdccPyfTEHeTj5/pihaJ8
0weFpQ+9Emo96RkWOufvbHAZgMmcS3/XO9ohan9nIfJmp0MerormcM+Ejbo160Az+AN68A5iRarCUqFXevvdsQ/zz2U1LZu70AZaLtnhyy4/anpOHfkjQjDAnB6ky2V7DITPULuq9gQAcpFuisuL9QgoT4DrRT/C+9sIRpl059N5uUIYXVYkyifgfCFiAo6wd8g/eE7Ps/YKeMisXk6ZdA==
UaNUK8V+OHR23KI8fuY0EeeRFYtQDt+ur4TwioJjGI2aiiu0oxI51wfM7Pw9vf1qeE36AP+3WdpeUfCTFK0LELBd8HdaNedAJML1eaSLlb57fOEuNr85CXc5jH9Iio/i
UaNUK8V+OHR23KI8fuY0EeeRFYtQDt+ur4TwioJjGI2UTPtwfGfN/1tBBZdc9t3nk7jyETarv4Zr3zXdL9pxSBtJlYHAmHGht/ri+IGCL+Kuh+6HOR+X78rRoPLUWwScaNA4pZ1S3TINsdYaKUgj3g==
0weFpQ+9Emo96RkWOufvbHAZgMmcS3/XO9ohan9nIfIT+W4dZcjVCnkmqMhuHB0ZqJoOu5ENJnDqbpXq9L0EFEjEsfa0uRQduDRwCdn8uExbskG/3eKqXtLQ7SSWvpS+wbaVumVdTSQEHDDwOwLmTA==
0weFpQ+9Emo96RkWOufvbHAZgMmcS3/XO9ohan9nIfIT+W4dZcjVCnkmqMhuHB0ZqJoOu5ENJnDqbpXq9L0EFOIYUtGMOz4EWywzs7s04CG8Zxcwn1iINf/siIe9MT7O
0weFpQ+9Emo96RkWOufvbHAZgMmcS3/XO9ohan9nIfIT+W4dZcjVCnkmqMhuHB0ZqJoOu5ENJnDqbpXq9L0EFFOh4gV9S5wREFvNzJfq/5QwZ49K556QfyBNyk79lVd7ihCr6aXRsrAXXGelUIit7w==
0weFpQ+9Emo96RkWOufvbHAZgMmcS3/XO9ohan9nIfLnkuE3ebxcw1mmTS379zVnq1NYxlJrObk50i2iSrKgnQkAHViRPYb2yHsrR9XcctbzbB9As06s5U08809Uj+1Kh77RRs4USoU83yXTGO5Mm3Si+fK0tGGHrDA0XVLcqj3Sd9ehf7ONmkCnvqs8zHWEPYzy3jI+5AbeYIa2e+LdrVh7b5omOpq3tDQYR7yjiY7VREDkOuDyI94gvZEGWViuFdHF0NJioNyDj3hnWEDX4i6nO/3JM9968cNjdu3Y6VQ=
0weFpQ+9Emo96RkWOufvbHAZgMmcS3/XO9ohan9nIfLnkuE3ebxcw1mmTS379zVnq1NYxlJrObk50i2iSrKgnVxCDhy6zOa0BordQllLMsCeDD7P236zLhJp5W+FVyyxkUuzALycViKR2Lir7j/UuFh3h/DYktc2gKS3g9m9l2xcVYAIl+6vkcYjU72KJSPbOzoguTLN83NRx4I54F5SpQ==
0weFpQ+9Emo96RkWOufvbHAZgMmcS3/XO9ohan9nIfKjbCRCpSjcVp/M1REykI3ZP8wf6x410WoDxFppWWE2K5QoWYdkZi/R9BJP3KtToGQxGk+6QdXHXN0ZoBU2Om6MXSkeyAJijl9od0sSEjuJDS6yXbl7tFHB1KL+V530LhqMcCAeVgSHVb0fodjq9k1BJe3/kR0dvzUMSIgWP00R+uaPargXBQ6UsDbye6UF9XWfjebtgFjEjPqAOTPW8f7R
UaNUK8V+OHR23KI8fuY0ES1Af5ChVwC30I0jCdYiq+myrgllct70MRYXSxkKLgK2La1+KfwZczOEUtaiQqlzE8S3J7WENlZBaIJ7vJtq0k9LzLvRBkq/7+VwQmkzvSOI
UaNUK8V+OHR23KI8fuY0ES1Af5ChVwC30I0jCdYiq+lYa5TbZujd30etkBQhx3Mve6RLqIfd8eVnUM3SaIGzmLH/okdOPyZKlwzf3uPf1tQoTPrW4oLTA0GR3fdPT6Um
UaNUK8V+OHR23KI8fuY0ES1Af5ChVwC30I0jCdYiq+lbgc/7Rn+QawClQL/CywH2c5V/93wSDcdGCO5vJ0TZdEV66hNNzlyOorHpjIV8Bw+xenFK4dNfYBluxC9OfYya
0weFpQ+9Emo96RkWOufvbFPbyxxokN4fN0D+UDOsbCoaGHmFmZUbNpMf+cNHFYT6iko3RENMIDx0cabHUHhPyxqvGOr/nyto1lqhKw9Z9+U0Fw537RKGppqbvT8uizBt
0weFpQ+9Emo96RkWOufvbFPbyxxokN4fN0D+UDOsbCpe4E76vQ5IrIdF/v0kX6ttdjehHt3XryMla/GxmdorZJlfshzVK6zsXoUmEFl3XYKwkiplHSOboO7wh0HfvuK6
0weFpQ+9Emo96RkWOufvbFPbyxxokN4fN0D+UDOsbCrkinpq8XorLltq+GgjxzxYUgMawtSAn7GgIgAA2QNxyxjiPLwuIEfW0hNQ9zMNj+IXAyMLkuiHlq3O8GT9aQAj
UaNUK8V+OHR23KI8fuY0ESuVn8YUDaN5LRQeTXTOvyjkFmQba2j0e5sCgM6qaHFZ8BbioZPnltpSGRfOGLIqJrSTIAoXmMJbdmylRLv3FWwjv1USMBN8upwSOnjvNSuR/dOWDv0aEQqfqfVH5wMswQ==
2dpfwlNBPNn7l4ssaku1EJlq/BimpHSaACRElRgnte9shkGiriAdpJPyfcjI1xS+EcnGB3KGkC1g4Z5L+f2btUBdJxog+62xLobm2HZFCvA=
UaNUK8V+OHR23KI8fuY0EepBxf914ENde7NMXF95vpuldeitDc1JHsC+HtGW7Mp+nSj2+0NZsfrpzf/OpCvbqHvrc+YQtenpqnRQUSR8N1GYmqfjECxL8gxIrzns3Rmn/Ro9iH5VOebLA7mriVW/fQ==
UaNUK8V+OHR23KI8fuY0EepBxf914ENde7NMXF95vpuldeitDc1JHsC+HtGW7Mp+uPtf/OYoa23OjtlfEslylAuJsaGf/fXUIJuUHVB9juY=
UaNUK8V+OHR23KI8fuY0EepBxf914ENde7NMXF95vpuRk7FHOos8kNLCRDnemvjSp/XTGXTBai2sCobcUValuZizOriq3uroYkkuY+wL13asFRJ5UI9I5f0socMFnQP5/vNJ5TBAqr2xHIftt3cQNjzjfjrE/gl827hRpWpX0Y+3Lfk/tfVP0BgaVfLopwIuNcRhiXQ3Eh58xHjdcChc1hnpXoNuJNAbyzStKLHVzxI8TDAUJCzm/rwwKsk9A0WA7kgbaX72/AlsywJSRXvqbQ==
UaNUK8V+OHR23KI8fuY0EepBxf914ENde7NMXF95vpuRk7FHOos8kNLCRDnemvjSEaJSCqQde3YiUp96UyVw5rHUHg2OgmNP1s5LZlxiHi4rq0/O7DKLzWWp0Za710iT02dK6oI494I01rNkYsbmSTsfKqP6a7A6v/XOLGw2Zz8=
UaNUK8V+OHR23KI8fuY0EepBxf914ENde7NMXF95vpv0Cfx3TLzNiCP2Sl7I9LIwpnctt0SnuYV0oppQPegO6iAIYT7iNUquf4MTXO3PttM/Umcue11iWZ7UJETgYgLZ
0weFpQ+9Emo96RkWOufvbIOtBkbQkCwa16KFu/a74IyNtmwkUWp9wErjBpeooAZy40e/yvMq344S66eYY4NDM/tH+G527kuwOhjmDtfapk1Hj9Lf7/gMVSFWAPT919UXqF4CoUpNeRzPx+lBoqHd838OJ3SLmJc1vM+VztPAbj8fKgRAI+gM+C1A+cXPyrPeyuBoGVadTDuvTN28bD9FSA==
UaNUK8V+OHR23KI8fuY0EepBxf914ENde7NMXF95vpuXLOHTbTBkcjlFkviEcuJZ+j2A1jEWxxr5yDb6nmHvaoL2V4l43rKvEgIHNVwPqS+yul+mmSKS0HOQci7drEpk
UaNUK8V+OHR23KI8fuY0EepBxf914ENde7NMXF95vpuXLOHTbTBkcjlFkviEcuJZgaHx9Z5jsioYN4pkHYxLOzmZ1i8C2rB2G+u95ycqprmco2PGaCoB0o1y9DTDWjKzAxq/tjPM+XPKZQTixGCxWA==
0weFpQ+9Emo96RkWOufvbIOtBkbQkCwa16KFu/a74Ixtx9IM3Rjas1y4bCRZNOJqHqQdiB06HE/HRyzbrf9Sc9u8uZDwYq9QAG/wg2f8HM3gBxzR6pcMq0qPg33H/bUgn80LG1LdtT4kWoD+UTggWA==
0weFpQ+9Emo96RkWOufvbIOtBkbQkCwa16KFu/a74Ixtx9IM3Rjas1y4bCRZNOJqHqQdiB06HE/HRyzbrf9Sc/10hq9BJuW5NqkYWYGKGz4udnrf/1lFppAoz74uUQe8
0weFpQ+9Emo96RkWOufvbIOtBkbQkCwa16KFu/a74Ixtx9IM3Rjas1y4bCRZNOJqHqQdiB06HE/HRyzbrf9ScwaHl4IbUnehmbS3ApeQpvDyszU1exOPgHJUQ+BQDqKgfStmE43t3cSgD8OHQNefBw==
0weFpQ+9Emo96RkWOufvbIOtBkbQkCwa16KFu/a74IzgvSYbUP+tn1guaE6QPTYMiPEOIb/MkzOodFv4/8IV8PBuFR8IVEG0/RVjNwC8MuzhDrMiiZTNEcHpZHa3X2Tu3mD24GaVXKheDPBZG3RoD6dj+Syxn4aCfzbUbUo7FyQ6LihzevftYrCt37LYlU74D+Ondfkqv+dRNlvsMz/1wvu9BfD4oWaSGqwnMZlSSbX1Zyk9kvniYVzDgbFZn2MaWznliSrjPrcd9fli/HpKjgbnZWnLHJYPVTIZiooYO0k=
0weFpQ+9Emo96RkWOufvbIOtBkbQkCwa16KFu/a74IzgvSYbUP+tn1guaE6QPTYMiPEOIb/MkzOodFv4/8IV8ITvJWLqe+CAuv75rm1bpPE65XKNLJiKoQ49lddfOzkxX1x8d6tWIIhotFfHXIFyiefphwbpiDe/gBzJbExNmnn3jl4PxjO+NIkTCfBG7tnSCuBOWON/OVa+u0pcIqU8xA==
0weFpQ+9Emo96RkWOufvbIOtBkbQkCwa16KFu/a74Iydpd7MBfvkV1Cb5n7boKNFK7ILe/L+/ES1r5p8gdG41DdTLzvWvhwxDRT+OIWRxw+nKsfZSTrMV4VINbjWw4PEjT4qu73tHiAIuTh1dmimL0Y4JcL4LwjSrTqtofqNhyQiaBV9KsuJBxCfOiNU4ty9J2rVlijf8CnUxppGL6SfIfpZuhW52oNw7k/3jYs/fKQwH2axMZr1sn/2TeLdcGQH
UaNUK8V+OHR23KI8fuY0EcWkxmWFCSu5dskq4EuqcuZd/Btr3V4RNCJakXqGLRr+yK9UCiQYuKbZFu0ySVnUd7EKr1G7YrKBgGC48IVI/1afbu5NximMIkRcMI+axFZe
UaNUK8V+OHR23KI8fuY0EcWkxmWFCSu5dskq4EuqcuZ5qvMximzTlQzb2E4/g6+2Pho3BKYWAHXJkHy86Pl/ghgrIkdO/s0F0JXv7d7oSajIJn5Y84NCPsILTyzTMq4/
UaNUK8V+OHR23KI8fuY0EcWkxmWFCSu5dskq4EuqcuaRjkLuTcCSldGna23ljJnh5sSUACNo3cJKeWOXzQZFjpzbiIOpbe2QzvQrGkfpWZhPP1EfWQ1P3kVK+z89NlsX
0weFpQ+9Emo96RkWOufvbIOtBkbQkCwa16KFu/a74IxM56xBvR4htj2Ujn+hLMXHc/1qScj4zTlmn9T2s0gLGwaV4DDGzlfujIeZ67/4oZwOt2d4jL9eEGC2SPcwDfOa
0weFpQ+9Emo96RkWOufvbIOtBkbQkCwa16KFu/a74IxM56xBvR4htj2Ujn+hLMXHc/1qScj4zTlmn9T2s0gLG0hE1jfOkEL5Bir6Lb/Pj2PVZVQLQZp5J7cUFevWkA3R
0weFpQ+9Emo96RkWOufvbIOtBkbQkCwa16KFu/a74Iz3OZc+t++/oGvfhPUJTN30clXKlwfGtcsxu7FghYpOpCqnF0jHRWTYx/AN0+GkXYROSUhwLXAEMpmsm1e214D2
UaNUK8V+OHR23KI8fuY0EWtmORprpHhl/y+bBEiSjUeuwjuCip1COEs4U+sXyz3OJ+/mF0+sJXDdymhyrbdaofnHLhFnq9pPamOrebiKdF6OC4XxrQ7Wjh0ib7X22US75ngD4ghyL96V8Q8iPPDv7w==
