GmcONIA9PFzHw1gpPLLPoqev3ytAH5KO3S/CJpMsylg=
35kyjVfwBJgytCi6KM5Vug==
FNt9orFfFSbPIXNSbXcP2Q==
gE2g7VQeqq0h5MkG44fPUw==
A4ZCFW7RnVRfEnbtNxUDb8VFIQmzxcIFLuiIjRY2q84=
cwgQW1UgxyVfBeSrdwXHsPE1eoSAri+NViVSjTYe4hg=
pYn3RyiaY4vz2unSybTHuw==
mAzeFbkWBGyzJRgEWJSZYQNn44wFaguEUnqkvHVinQw=
NiGef/LGs6v8Em6sqLz1GYGKB0111uCW/TAqgkiW0+w=
2lfNnhNY+w/3xMaMUxJbE0YFT/wvMlSDz8Vrd5FEs18=
mA4FyGkoFTcMuvhcQznT4tb+RavGo3H/c5Bagt79SGyMVShBA7aeXjZ52kBVX1BkyWvfjc68P6V4u1bPLmrr+6ZwQtEjgTLWkuZHNQfVpCg=
l2ZaoSVMkgZfWescZOJKxXhX71sAiaDcRVnwrPFTgFKJ4nXY1Y7iIt7BBEBrNiVEzdqnekXHarQSoTmrMVYXuUufT+E9jpQZOi76XLNE7FQ=
mA4FyGkoFTcMuvhcQznT4tb+RavGo3H/c5Bagt79SGxnAJ2mYKLWN2rhmrSdrUI6Ah6hR5XOxVFeDeRG2KgMnjKaY670jaqmDF+NP0DByWU=
0WYqw0HllbJrIfJZWZKqr8hNtusO6zNKDY03y9gA4/nXkue44T6wCu1Kjhb/FNVVNPWhipTfaG4Zki81GZt+CNtcQCt+VNzaejsqizoLbYoAfhyQVq6Xl1QzgJi6s8lii3N2Nq4bHSu1YbGNIbpTZF1u4d9GcVEnrdpvkR1mr3i7ZeWBdiUrb18YMrF5ry3yVFCgVlJLO1FBvaOEz0OPKW8OdBG5OBD1i/MX3Wke8Ao=
0WYqw0HllbJrIfJZWZKqr8hNtusO6zNKDY03y9gA4/mHIwd7zDoSm01/B9H2wxVqYWWnhDnYjwvdgi8FnGWknYYbJ4Fy02S1EpCSK/1BopGPu6sNCRHTbRDJl4nvscb2COgzM0w2Pi8V4H/EHpAnrPaADXdcJAy10KvWm1IPBJ5k+/HGfaS3c1esQG85SpP+AOvsmdOPtgv7fN25sDGhAgUzABFx9MElyqlco+hr/gQ=
0WYqw0HllbJrIfJZWZKqr+WK8Ea1zgEatUB5C9F9Eo5HW7c12Re52Vhav1AoFioBn5eZ5+cd1SooJIxouK0WwWc/z5GnBSYIVSxMrh6TPO00KK75Px1NQHQEHcAeeRPqtArEjs9NNPfy4p0jnYMltxmJ0YwXAyMtRLsw+hBtnJ1Sew+uwa0KCJ9pX5lJXi8S6zEaI6g4TXupbm+5UwJmHnl/KTjpWI3ZUr1E4/ss9/nfSQFJMkcVTlRJRXm4VGkY
ZuHQeO99WpBlUi/2KJTR0//sClXckcfjxzFZ8t+psQ/n7+d5QSrYq4CNFdA6wML8DJog6W2VmEC3g79F0OdMB2Ry69glaakWgS6OFsVKZP5s/+JvDaOjY/0o79jvy4x4G3UpDuIBXJmiZXbGnws70ycE4kZFdcNFD6CYqjrn03mXEOigiJUaBf5G5J0rl/ry
ZuHQeO99WpBlUi/2KJTR0//sClXckcfjxzFZ8t+psQ/n7+d5QSrYq4CNFdA6wML8DJog6W2VmEC3g79F0OdMB2Ry69glaakWgS6OFsVKZP5qMX7m9DRVm/qoA3GMciVnjy5vumZGM+/mlk/PemD0NrZlnygx1avsLibdoLWjDgGvaUF2w+mLTwsoOPXkOF+y
l2ZaoSVMkgZfWescZOJKxXhX71sAiaDcRVnwrPFTgFIRxtS3i5dRxlAiCcrKt/yV4gfZUIKaRneI+jVZf4EtXUW/4T8sCprxrV17dEkb8ZQsJGw+Caj+UX99pt37nBv3
l2ZaoSVMkgZfWescZOJKxXhX71sAiaDcRVnwrPFTgFJapRfls6seK4egGYMRyZe/amzeBEIN+a/Q3Z4LflrEXa4GC6YnAs065HZEiC9vqSA=
ZuHQeO99WpBlUi/2KJTR0//sClXckcfjxzFZ8t+psQ8o5GgoES4CkC4tLs/7GTbN5BGqElSlVU069utTJ3ZVA7pqk5p+TA71+l10ICKqa30OLpD5Xi7xuyzZKYaZ2fqnwf8sBRTdT31IyyxQqBi4ufslox3HmOosOMUXKMiqeFQ=
ZuHQeO99WpBlUi/2KJTR0//sClXckcfjxzFZ8t+psQ8o5GgoES4CkC4tLs/7GTbN5BGqElSlVU069utTJ3ZVA7pqk5p+TA71+l10ICKqa30bUGXR2Lop1cmYHXKrEdUiwMC+E0G//b3urEyvmllZQG5TgZtxksQEb7qunEtH4ek=
l2ZaoSVMkgZfWescZOJKxXhX71sAiaDcRVnwrPFTgFKu/6uKvVwkuQ85/78xj5qvpA0ZVR4JX0bljK4zKuZ1LTTFvjglYO/4hF5p9laUEdY=
mA4FyGkoFTcMuvhcQznT4tb+RavGo3H/c5Bagt79SGwmHsnjzkawQ2GOJOAisobndp0qRDRAJK8ZcMXbOaruhUFaJN21YRTLhwCF0Y6cOk/GXifLLu/4xOstXIsqRzorzhv4FfF6R07O1AjZTReFZ1SYK/j7gejnpF8YkW+IbXuKWu7Fa9HIU0UmuFeuQZ4v
mA4FyGkoFTcMuvhcQznT4tb+RavGo3H/c5Bagt79SGwmHsnjzkawQ2GOJOAisobndp0qRDRAJK8ZcMXbOaruhTy64FtmUdKB5qnw6siCni4C3WaygLb9ac7VHLPya1By
mA4FyGkoFTcMuvhcQznT4tb+RavGo3H/c5Bagt79SGwmHsnjzkawQ2GOJOAisobndp0qRDRAJK8ZcMXbOaruhZY+l9P8SNlonxvUFzGXp/IFwWKYqZHKpdwbUwI31aer7fheiU0WMYlMrJBk5so+eVLA40bWcajwtN2g1T14mHih5JqQprXCXMWqqCyXw7BI
l2ZaoSVMkgZfWescZOJKxXhX71sAiaDcRVnwrPFTgFJt87n6/vE4Qr8tYu7e32uRjJCdcUgDjo1OoJAXs+5KtdD+5bLbflWe0OB0XBrUtW8=
l2ZaoSVMkgZfWescZOJKxXhX71sAiaDcRVnwrPFTgFJt87n6/vE4Qr8tYu7e32uRbvuPA8GlbClivtT6Cai4ccZK9Sc1VQ4CD9TebCIqhYE=
ZuHQeO99WpBlUi/2KJTR0//sClXckcfjxzFZ8t+psQ8FdvchhifFiqIiP3+WkNQLodNTN19pWDAe+FXVAS2F7W4DlNUMJjxPNnyqZYTpT9velz+w4AFFm20wO/0PYV36DcVKkqYdwUetpO/LwsHwAW2KJ5Q7ZP5W8bhySBJ69Ok=
ZuHQeO99WpBlUi/2KJTR0//sClXckcfjxzFZ8t+psQ8FdvchhifFiqIiP3+WkNQLodNTN19pWDAe+FXVAS2F7W4DlNUMJjxPNnyqZYTpT9vHam8kDGev282oeeQtBORQltjx9AlBbYWkkHk8vLYFWZHVh949uxW0F77Q5UGOiMp3RTN4cdUZEzUjHoEiFLpE
2NfkNjDTtacw4h9dnQbX7q/iBk+n0yWeSzr2S/DGGk8pjOBC5BWSTvSR/ynJVhcQLLtbOD+o2aAbvGOr8JYy+BpE+Cd37QvApAVQW2tvQdbCD9L9aXKaponblkEFFY3IKLoVhVP2sHzZ7wA51HveHEn/LUMI5e9ABJeaWKZljlYfScfZwN0dPSktskFBlSauc8nEpLZTd3oRDZwj4wN99Q==
2NfkNjDTtacw4h9dnQbX7q/iBk+n0yWeSzr2S/DGGk8Y09AMn6V3LJiXsF548K0BWHk+r7TGaGHS5mZkmaWtsdJy3P7BtnDElehE/pl+/yA=
2NfkNjDTtacw4h9dnQbX7peKQd3IsVGrUVUudAcyE/72h1E+etEUgG+iz9MyLJ7VpbxnIEL8Vt9hoca+Q0le5A7jkkwFEj0sTuCfOZdhkvfhs7GskaXrF1Wxu2LyKTMqWF3eoJ0DlzKz1aiJqJZHzbwEPXQdDqLh6MAkk0luG8I1uRYQPtbTtRtQpngmMSBt
ZuHQeO99WpBlUi/2KJTR0//sClXckcfjxzFZ8t+psQ+5C23M+MremqSV8w6qMxUlrUPhWWjuWYSc/KkBc6ncyYrdw1VK5tesTwsZvAee743T3NKtm98qeX8i2XtWAxSAxZHyWVRYKDQU03D4YQD0chheulH7uPRlFQe/bCQde40=
ZuHQeO99WpBlUi/2KJTR0+HrazQDzpIKHjRkthGnlcIjt0h9vlzvNXVCMqC6zgA7q9qw3bCM8iAOXOCf3ddrNLzlUmOasmIcAkwZ7GWzqAuegSLI5apsZXSizslrAj2+Td4wXLtq/p/TQABlr/GXndppMKYUuJNUvMLeppmNjTY770BH4tYDlNo0tJc+Pug03y2Mh5ZenWRdIGRqJQ3qju0P+elmjFe5tHfo3rlQzOM=
0WYqw0HllbJrIfJZWZKqr8hNtusO6zNKDY03y9gA4/lCSvBPnhmPDw+eQeh2h93a+OEpWiBCwafHI1vwRjBGNy9S6GpXIR0uGA+TANkx217ImAhnmkSuJX6XuzdJ5pnFzlEOPp39oLKFKMvpGjiqt9Af90qVWoqmPluE4VM6G9kZD2umFmVStoLEu6+WlbhbBUZnS6Rp5BCx3f9mQ+jm1/HWZcHegUIbKKf6yrHuoFU=
l2ZaoSVMkgZfWescZOJKxXhX71sAiaDcRVnwrPFTgFIlY7OCZF4thQW9QuWsnMU/ZH4DXD0ul2+808UtfaPE4FQnXX9+EzaCQfP8cO5j3WA=
mA4FyGkoFTcMuvhcQznT4tb+RavGo3H/c5Bagt79SGy38pSM0ieo4IeA39ys7+PIPzJp0yXc3U6vFAGknMRuEsgM4kpgi0VlLVy5tcSHVQs=
l2ZaoSVMkgZfWescZOJKxXhX71sAiaDcRVnwrPFTgFJyu2No/+mt6u5m0SBAPc6QOVmSW628oFutoysdZC1QeUAdJ6km+eBZO8VRywkTC7I=
mA4FyGkoFTcMuvhcQznT4tb+RavGo3H/c5Bagt79SGyyBYZVMTQAp1XHGe8K1byNt2I3vxybSv7/DMZ8DWDwBW2Y2/Z2e7XAwojqbcSb9Fs=
0WYqw0HllbJrIfJZWZKqr8hNtusO6zNKDY03y9gA4/nHs05e+BrctnndPZNUCuUHYrN8Y3tpbZyGEgN8Q/cGgeOZn6Yr6llP7M+zyX+GaKeVGZokP+Atk6pt5d4lX4e5jHIqi8Gy6p0f33l8nIJJyeFrdHyy21y9UHhOb6edPr2GBfCg3T6axxJ1oHNPvSuIni7I3g3pHIymY2UfL7ne4EB74OerVSDKGRK2FQywpcA=
0WYqw0HllbJrIfJZWZKqr8hNtusO6zNKDY03y9gA4/kAQ2AKGdJ/EvuXUzfnqsO64ssJSMoV7vcBWWUPd5R4m6M5mxHMzHNqwwzSkDaOUr4nc/Kb/YbBNxV0Ppn8UEvVkba7Ik8kpjt3+wH7h7cgEhLFU4p6Y4twD6eY+gV5qtH8KGyOABLP3wfIH4TK2fiKNxlPX5TV9cJeLilJ3b1ICsE01gwThMOSULXSAnUfuGU=
0WYqw0HllbJrIfJZWZKqr+WK8Ea1zgEatUB5C9F9Eo7lLhQawoVVEgY4lImPcfb2E7+8HCKCUkzQj6oJ+dPlDRlYzmk4VAtynDU+xWxoWTH+OLh+C6EqTmKvoZ4mLVYGe/fuBOMrDfF3o0eyKj8+FLqXTs7MJKPfjFxhFCC2IVs9DDzmcAgTDAr29+IHFMg6ywk3p4B/LXsUgDUVmdP9Sq3+aGYUKBTR6XGyiPOlPtedXngQgta/DGMeDKwx/lQl
ZuHQeO99WpBlUi/2KJTR0//sClXckcfjxzFZ8t+psQ9ceUEQ20RsvkVKa7D2k8/zLnAUnZ1/FlfzP0O/HVlkHrctWDVROs1eb+Y0PHgpsyB4urb/RsOkDZHkkJ8T1kBFWjymRsQofYShz67N50vAcpBliuC9cC9y1FqOCcFuAvQ=
ZuHQeO99WpBlUi/2KJTR0//sClXckcfjxzFZ8t+psQ/jXOImvXMn1sn0esfnrQ28cdFU5BPvIfNf0yx5VLEnjV5AIQiCNrd2cJ8GG4UwvwMJYKSz6XSjyv9Mum5DoI7sUXlwydLN4bs0TBgxZFR+TFFFtu5KMUFSmacxxJY5RDk=
l2ZaoSVMkgZfWescZOJKxXhX71sAiaDcRVnwrPFTgFIbob0jZ5K5NHbeUqIGZKwlHDhLP3xAYNi9PN8hKSo/E3kgULsKBAGF91B4PhbpfaxyK6E+90CkRmjw9p/ETvGg
l2ZaoSVMkgZfWescZOJKxXhX71sAiaDcRVnwrPFTgFIbob0jZ5K5NHbeUqIGZKwlQ+OJz/z/0lbu2gKYAsDrjccmWSRBB4e+62U3L5GjJNo=
ZuHQeO99WpBlUi/2KJTR0//sClXckcfjxzFZ8t+psQ/jXOImvXMn1sn0esfnrQ28cdFU5BPvIfNf0yx5VLEnjV5AIQiCNrd2cJ8GG4UwvwP/cSgf6Vzzxsy5XWEslGWjsQjBIKtFVA2OhNnsdhHsXPdVXOE+65omXoCSEl9i+b8=
ZuHQeO99WpBlUi/2KJTR0//sClXckcfjxzFZ8t+psQ/jXOImvXMn1sn0esfnrQ28cdFU5BPvIfNf0yx5VLEnjV5AIQiCNrd2cJ8GG4UwvwMJYKSz6XSjyv9Mum5DoI7sUXlwydLN4bs0TBgxZFR+TBlO5+5Wj6wLAKMe0Ttj9qQ=
l2ZaoSVMkgZfWescZOJKxXhX71sAiaDcRVnwrPFTgFL9F2TpaNQAR3uKwaz/P/hRn2Tpgv/8Tm19J3h8dwEAP/guV4B9wsUmbp10F511+jo=
mA4FyGkoFTcMuvhcQznT4tb+RavGo3H/c5Bagt79SGwBvcCaTpNEcr+S7FLtML8n9HGovfPVB9xqEymw+ymveI28NNoSgH1RQQlKT4rVSedPjvk4WTiTN03/5VO0vQzJ
l2ZaoSVMkgZfWescZOJKxXhX71sAiaDcRVnwrPFTgFJemjVClCSurP78xNf/dJFJQMpGifzkWHWTmilRnH64fMG8M1yndx4uzjXXyJBSDCY=
l2ZaoSVMkgZfWescZOJKxXhX71sAiaDcRVnwrPFTgFJemjVClCSurP78xNf/dJFJnYIjsxfjngAJ336RGodvaedZPvXChQq7uML1gnDYUto=
ZuHQeO99WpBlUi/2KJTR0//sClXckcfjxzFZ8t+psQ8xMd8lVPiIzBLWDtrydQs9L4J3ad8wL+b++10edHg/dX5ndTFg/dJ3smmXpCeEAFFap6b3AgkRomHANG9KGSKaqDzNYVOiRCgTFc5HQaj1WBai0LzO7cA7EOd0XaT1tRM=
ZuHQeO99WpBlUi/2KJTR0//sClXckcfjxzFZ8t+psQ8xMd8lVPiIzBLWDtrydQs9L4J3ad8wL+b++10edHg/dX5ndTFg/dJ3smmXpCeEAFHPa5ybJaP2ZfqP7yRpvoe+szve01xTjAoWqjS4H/tzrh+UhrMLNfgV9NsT0h74D4WhV+FAOY2k09kNb7xOVlGe
2NfkNjDTtacw4h9dnQbX7q/iBk+n0yWeSzr2S/DGGk+lq3KppqiXEn395lEeV4UVrtWoH8V9jrbd8OEFv2f+MOWvDX/a47PUvjaWxdupl0HdNaThfSAB1xYRZVZE2shfS6bWVvZasLq3GIzHdcaAfJqChwAVJjg7COoefRgTQUQeJnmfR48puPa5AsRS5QtLdelLLmX1+J0euGQdQD13nA==
2NfkNjDTtacw4h9dnQbX7q/iBk+n0yWeSzr2S/DGGk8WDP4th+G6lWy1iEfBJLgX0X98VVq5HNa/KmliiMXRJ6kInzvGycwz/q64YcheSno=
2NfkNjDTtacw4h9dnQbX7peKQd3IsVGrUVUudAcyE/5vxgW2xW0QzKjJa39LnrqCx8GUt8O9zmOzfJ0L6mMESBp/eNCZVzqkE7GKepd0WYsqoFJzQqAJzzrGvYOr+vcQfpVrgQ4Cm1AQ/RdCkAeKBRA3iR3nTEH2iRPL1MTfBPzVQ7kRXmTEBkQC9PZqCRnQ
ZuHQeO99WpBlUi/2KJTR0//sClXckcfjxzFZ8t+psQ+IiR+jwhZGdtgPLb87laG29UioDx1hGon7hrnOdQSeHOj+e0p7KXrxRKQTAPSp4ViIKtkaCwscxuO2TtKro1c4AVMa4d+VdfWF7B/7ziiI9maDWERhnXhSepeGvDilVI4=
ZuHQeO99WpBlUi/2KJTR0+HrazQDzpIKHjRkthGnlcI0uTZfqvQp5W3L0f1gVoilu/zymZFB51gpWxtNeIgx6P3obfkh5jq3Zko4cocExS7in8ubBeQbiiNpknciKDMB/jZE9+BNTHxscuFDEYzwe8AAuGEM8i4+NilPETm2zxfej/jKIOJDi/bLcJAG+LAIZ76LwTggYc0Aqt7sJHhoqcHCWbGBvdvmRqR0PnHd/og=
0WYqw0HllbJrIfJZWZKqr8hNtusO6zNKDY03y9gA4/nXhisyu3LTweCEr5l8W0Iu/kHsrE538KtrmZK6tDBw28FO929cgVmbMay+3yaVFLPBDsmMweRCedjhyU5/e4m5JT+SIAB2E/RvFCL8fO5jeV7guZjXK1o9D+YhLG6S/BpEBLUO2ktESnbS9QH5ci9rtSBsL4wt78HqE9239yOyk4pRBj5h9IekLRakJHTzZT4=
l2ZaoSVMkgZfWescZOJKxXhX71sAiaDcRVnwrPFTgFKOyTioS/KAM0pt59T1bWBqCWF0cld1h2eX9mUBVnZ9zRyOQ++M3bMdzwLTT0fX0DE=
mA4FyGkoFTcMuvhcQznT4tb+RavGo3H/c5Bagt79SGzShD41q9Nw7N1h186SKSjPFFI2cEdbXms4QuqgpeQEf+yYnloAqaBT/53Qf6nZCBU=
l2ZaoSVMkgZfWescZOJKxXhX71sAiaDcRVnwrPFTgFLVrg5tE/WRAPVyVm6ilqcof4FQyj4ORjZIr8ykrwpYilbGQLPpXpAZiWmwr3vLYuY=
ZuHQeO99WpBlUi/2KJTR0//sClXckcfjxzFZ8t+psQ+ZVJBvmr9eh0gdEBKaZjUSMWzi1iW6IlNguAXrF8QVbDxL3Ro/xEjYM7OX/TL0eioAQ4seGpM6wNZCCpQvqUmVEweLMp0JWLnVnQ/r25CqZ+lQG4a000VxSeTn9swglVA=
ZuHQeO99WpBlUi/2KJTR0//sClXckcfjxzFZ8t+psQ+ZVJBvmr9eh0gdEBKaZjUSMWzi1iW6IlNguAXrF8QVbDxL3Ro/xEjYM7OX/TL0eipKnukua5O6xrfAppB1htt9BHEuFcqyepL3UqSCSgAyRCQkwBzMLfsT8u9rSQUnbz0=
l2ZaoSVMkgZfWescZOJKxXhX71sAiaDcRVnwrPFTgFKDHRIa2cHFuZfeECAdMq3mU8Y0GBIS2btYOHuJYeJyJLoZRn4/Bo61Ero+JREiDFFCLV71CkdZEGsplqwjTz8yKca3RkDqbbvmB/I3Kpiwou8fhFHGOiUTYaGxDTYxEzg=
mA4FyGkoFTcMuvhcQznT4tb+RavGo3H/c5Bagt79SGwT9c8FpaoeSp3KCMkKRnM2RghZPuVQpeRPO8Xd0OQbnzomnZH75W3rf2S9OzLbKWs=
l2ZaoSVMkgZfWescZOJKxXhX71sAiaDcRVnwrPFTgFJlT6PtK8xADhoB8XHqdR8zTM6fi2xp1tnqmmFEJIEaSP1tiPq5JQsf/sRIGDP2JC18Lldy/Ndo6jbPKmZCy+ejlCYCY6zm5YtcYxKiwoah0FxTmlHkh5xZXkbuTgYeEZc=
l2ZaoSVMkgZfWescZOJKxXhX71sAiaDcRVnwrPFTgFJoiA0oKAj4T1W2WoccM3i15Naz++kB2LKbpOnWPI2oEZWCIH2NVYHK8ctKAGKz5Olx3e/uDaTMjaVRhPiqlJRBd/2+Nb16wKU2HbgTUiDtdNdDdES7D3IX2TEY016CFWc=
l2ZaoSVMkgZfWescZOJKxXhX71sAiaDcRVnwrPFTgFJzkYhXgUBlOWxbkghSqWRypZqzy7MjKZpOuGLc0nmrPN9ecEp2Uzm7ea0MwT7mgC4=
l2ZaoSVMkgZfWescZOJKxXhX71sAiaDcRVnwrPFTgFJzkYhXgUBlOWxbkghSqWRy3dr6alOwv1vL6gbEi2JLPFL3ZxKiWsQZrQrvO79/hj4=
ZuHQeO99WpBlUi/2KJTR0//sClXckcfjxzFZ8t+psQ/Wg9KJWzyA1OUuyPjMZ4GxiaYMrA8MGrPT4D+giCEV43g+tqdxH91sRH6rI/ydsmFfTuWi8xnK38EHVVVPhdYvnG/ZlU3jvUZ1d4qTcREn9uDokyF7IuINvXhPZJvY12M=
ZuHQeO99WpBlUi/2KJTR0//sClXckcfjxzFZ8t+psQ/Wg9KJWzyA1OUuyPjMZ4GxiaYMrA8MGrPT4D+giCEV43g+tqdxH91sRH6rI/ydsmHqqnKWLnCGYIrqaaYpDPOGBsYFouXiO/elmUGApGn+22GUeuyoY0iaVXXd0uSI2HMBmr+lrBe6u0gO757IWt9k
2NfkNjDTtacw4h9dnQbX7q/iBk+n0yWeSzr2S/DGGk+h5YBlymTQjGZnmPCfl90igUPZzQFKoCcklMh1apr/xnHu1YC5ipor9lPOyss9kadB58c0QodeLhqTcyYMy73o1DwYplx53gq9YGl1a/B2FLtv6XxHKS+tNvcwyLkdvBhJKzCgQhwYiz8Ev3UtnzSb726OaM1E1gGkxZkfGil52Q==
2NfkNjDTtacw4h9dnQbX7q/iBk+n0yWeSzr2S/DGGk/sQ77obRbDleJZ2mWn9vPcKrzsqQYz66W/LfBMipIVu/BfKLgjAgXOEJJtKg0lY1A=
2NfkNjDTtacw4h9dnQbX7peKQd3IsVGrUVUudAcyE/4nufZyLTFzbaAJ/RlACrOv/ai1MQTMUrIde2CpOtv7+6UIfnwHXqezG3V5Hl+XTjd8HNOe3mlkYhS2tLkeEMh06/nDmBkNaqFg3Xiu6nD2nUGr7QumK8bXjWNDp5MYkGnleaQPZNRmkAuJfxEMJLdz
ZuHQeO99WpBlUi/2KJTR0//sClXckcfjxzFZ8t+psQ+xc7n3y41j+33XOAdFitRWKm18BOxCZX0aGT0IglaQ3FUXwU6QG3zBqdMgwZHhCFiNh65UWO3UFypWi6RJKl6c3WYBb7nHhBRXD2QanF0p4drE+8rCuWd5blAYAQvgOIw=
ZuHQeO99WpBlUi/2KJTR0+HrazQDzpIKHjRkthGnlcIxROj5o6K9B5sGo00onE0gbem/Z5LfpmE7kj72s8VcRMQMWnUDZfx51sexThxnvi3RMUP9SygaE5vRw+bHY/3SY9gUCDmYdXYPmkQ6YfTGwHVJusrf+Z94vw1gfI3QNGBmEcp4GuI9OsZ+tpiAwm5TyUccjl/HBw3HEL1ba+NgqOigIFEy+8z1XmnxheI4rOo=
l2ZaoSVMkgZfWescZOJKxXhX71sAiaDcRVnwrPFTgFKiLcR+yN3ZzbL0CsqXV92E1kehNWLfe2DO7U7nNexDoGBv2ymlkoNPeTJNZVCjI4t2ATB6ZhDZGoPVdDaXD/8E
l2ZaoSVMkgZfWescZOJKxXhX71sAiaDcRVnwrPFTgFKiLcR+yN3ZzbL0CsqXV92EHKaopuzbGa8U+kAiwmTEqYihQAhhO6kk6XNOw9L57Uc=
ZuHQeO99WpBlUi/2KJTR0//sClXckcfjxzFZ8t+psQ9DMnAV5wafef+MF6OT79bvpK1h6wbWaWqCjjbjm4b2TCY1dJpxPrLas2OhCeelbHsyYe9Fcx0mBrcO8MoiaVNU3TMz5/bz9X0ZmdRktuo908pqDFAbpADo4BL2d8my2c0=
ZuHQeO99WpBlUi/2KJTR0//sClXckcfjxzFZ8t+psQ9DMnAV5wafef+MF6OT79bvpK1h6wbWaWqCjjbjm4b2TCY1dJpxPrLas2OhCeelbHutVuRVRN1uUfRsCw85LPQwwr8AvkLsRpS+r5l0Eeri33OG0JzbPIOChMzrxOXAroU=
l2ZaoSVMkgZfWescZOJKxXhX71sAiaDcRVnwrPFTgFJxvgOJkdp0yo8c4GQpJ7kLnjewKV5CdhbL2phm0ESgJlph5s7M8QWJ6pa7qxjvIkY=
mA4FyGkoFTcMuvhcQznT4tb+RavGo3H/c5Bagt79SGxrE2kbzOPT1fjFrm9Rd+8LPjcdB73YuymcsMVavYRFwu/7z03Qsd7psBAzN1xWrx4yMFhxkol5xBDvQ+8u9q+y
l2ZaoSVMkgZfWescZOJKxXhX71sAiaDcRVnwrPFTgFKsVrmHiERbiqZwbJLx18io5uO/sBtg8S64C5pXukH4IRttR6zEirfaaW7Ly4fUhmE=
ZuHQeO99WpBlUi/2KJTR0//sClXckcfjxzFZ8t+psQ/T5P8ACB2k48xsHa+b9eupRkjIrPy3PkLsmCMxkvuEEOuEiOBbNmKPFHSmBMHen6o+vHr5VwNJpnlHLTDYgX1oP2WZQ1r4mEa9NKWiBzinttDpMR2MaLPrQM8RxOMMfqs=
ZuHQeO99WpBlUi/2KJTR0//sClXckcfjxzFZ8t+psQ/T5P8ACB2k48xsHa+b9eupRkjIrPy3PkLsmCMxkvuEEOuEiOBbNmKPFHSmBMHen6pfjOoFxyyD6hJE5vsg4lZ4vYsCpo05RHWrNbhC7VoLn/qSy0C6zU/7SjLcDXV5r3E=
l2ZaoSVMkgZfWescZOJKxXhX71sAiaDcRVnwrPFTgFIGuoAF7JKl4ynu8fVSvth3W9q5WVVj/Ea7XS0V5o5EzS1q7qthKsgvjIpbLHaKylE=
mA4FyGkoFTcMuvhcQznT4tb+RavGo3H/c5Bagt79SGweDj/J0lBO+wwTGTqhLLn7CSQzw27DhDo53Bpe7tKrbykPqzf8rbiPqxApBGIEANi8llOP7VYqvKONb7wTTorg
l2ZaoSVMkgZfWescZOJKxXhX71sAiaDcRVnwrPFTgFIXJYm4BvvlPjOnU2KeG5I07yiqFNM9KB5XSbnidJkB5vxp5ftSsfomz89k/Rty3KI=
l2ZaoSVMkgZfWescZOJKxXhX71sAiaDcRVnwrPFTgFIXJYm4BvvlPjOnU2KeG5I0cKobmOsgS56LWHMeC4FT6Sh8Pe/S0akIdztbtihngNs=
ZuHQeO99WpBlUi/2KJTR0//sClXckcfjxzFZ8t+psQ8mXkTwgQlvQPdNJNsczty6wc8jIAutBuqcE6HHYQiYfSOk1pV68eHCkzMHG4AIyLYJfuewKpLdTOQdc27KCQN/hpXvSQeXxrGsLUmGHGtWUmyZLXVd6oZk6Qocy0iuOg8=
ZuHQeO99WpBlUi/2KJTR0//sClXckcfjxzFZ8t+psQ8mXkTwgQlvQPdNJNsczty6wc8jIAutBuqcE6HHYQiYfSOk1pV68eHCkzMHG4AIyLYaKQu7l3+0xKZ1LXA7LCFviHlOWUTzLqaaMKTrBtuejOZ/reffjp3yEwkJ9tar/TvIGUbZi9SSD7on/rwUrK2P
2NfkNjDTtacw4h9dnQbX7q/iBk+n0yWeSzr2S/DGGk97Eh4jIa2RURwOXOpQGe4iF5u0/3sNf1a9Y1Ky9rg0f/Sbv7RS/qzBOHucC5FV/60ogb5lEnQlxesJ0K8/2Nwv4OkiSN6qe/icIL75gnGMQSymlZb6fp0rjev5zr/q/ymIcsFJM8WgyM0YMV86yh21OUnixjZNa2ktjY3yz1yykQ==
2NfkNjDTtacw4h9dnQbX7q/iBk+n0yWeSzr2S/DGGk+UrUJ1kITP0TiAmiRRk6S6ptdKj8lH6FRlMRLQmWIxbmklXAwrepOY1J7Sedo6+nM=
2NfkNjDTtacw4h9dnQbX7peKQd3IsVGrUVUudAcyE/4x2jmHAEEmGwB8n0nTTPZDbdeCyK+BhwWs0QEbpoAfSMl1wxjFS5NFbs/iCgAweHAe0+UuMGDD2h2rwA+8VKoQDbFlq2xZLzYF7yIdVoIx4s5kSoMVmkU8MDCSdS/+N708vPtpYnYVoMKRTHBCzR9q
ZuHQeO99WpBlUi/2KJTR0//sClXckcfjxzFZ8t+psQ/BMaJ3fayZeoVQ/1ikvSN5oYY40RtyRnOlsWKrSitPHcVWQxX5vTXg/p8rR6pCDxNXJguwrva6HiOO23j1RiMcFq9f+aapf62g4sZDV3pEgVIyYdU96bBF0O6RAxrxwiU=
ZuHQeO99WpBlUi/2KJTR0+HrazQDzpIKHjRkthGnlcJCitPHcqwABzfit5nDoMU6u9rBqW8/ZbQFzDXWg9tmE7fnljx/r+LXN3VO7bHXe4EwMfv8F5yacRcnb3Bm9zJ4UB0AWaIbHO0m4BqulR6CyA0k0DJlX5p7PI1djbCM1IAT6TOTrYhPjA3h88ZikAnJ7QnLPJra/t7u8DoGbLffam4Fk/CUNnWEjqcbG/u/kY0=
l2ZaoSVMkgZfWescZOJKxXhX71sAiaDcRVnwrPFTgFKsVrmHiERbiqZwbJLx18ioTgUD0DhgGLLXJ7W5TM3ISz305C6LE93qn+uPyphU9dHMB0ATpE3gCxx4iTePcCuo
l2ZaoSVMkgZfWescZOJKxXhX71sAiaDcRVnwrPFTgFIBK1eaxFFkyc5xcBa73Kczk7t5Gc39lOsJGGH8Tz+edCKTJF3MjLMM41iX7V0/FMI=
l2ZaoSVMkgZfWescZOJKxXhX71sAiaDcRVnwrPFTgFLdcXomBXQMWRglGqSMh/ieA66ls7wBe7paSDaJe2+wI9XiWbAMRrSwZx5xTN5KUDw=
l2ZaoSVMkgZfWescZOJKxXhX71sAiaDcRVnwrPFTgFLdcXomBXQMWRglGqSMh/ieMdS1IyYSHzemUvIsv892bMGiw2BucAkhos+178AsWZk=
ZuHQeO99WpBlUi/2KJTR0//sClXckcfjxzFZ8t+psQ+JViVp7E8z28wvKprd/RNF4bWZzgujb1sHmlDYvaduafMVI2A7/ylZe33hPTyciXxb2LBsPXMsHRV3U4ChC6EEdAogeBQqFwR+xS3rYKBDtzjHF80gKAHfCpFc7kDv8zo=
ZuHQeO99WpBlUi/2KJTR0//sClXckcfjxzFZ8t+psQ+JViVp7E8z28wvKprd/RNF4bWZzgujb1sHmlDYvaduafMVI2A7/ylZe33hPTyciXyoQEnb4jpGOinYtwdULzrytztl+r5EM+RYDtcfWthyvTGDL5dV2j1vk9zXNu+If2usiNOIwx2PXmekm80TifuA
2NfkNjDTtacw4h9dnQbX7q/iBk+n0yWeSzr2S/DGGk8wKONUx5/RPUOodVKvHJ0ArfB0QcYEikKU+v3eoGBAHXjW4Ot8LxQo1TPdmLbaYYH+ZdW5TlHDXHFO82MKmoU6w2EGsiqZTl8FFLFHdqQzj9KYZcV/12D49obZAbGNXVfCO2E78g2MItEru1PfYBVkTwV7JQi1Falv4FxaR6TyoA==
l2ZaoSVMkgZfWescZOJKxXhX71sAiaDcRVnwrPFTgFJu4ywbzPI2SXVBoH1FYK1Pqk7Q0nC3dAZdn+gnS24twzXQl1Atzj1n1J1w7ymUh1Kip4PxqZj/MLIfxQwrxiRB
l2ZaoSVMkgZfWescZOJKxXhX71sAiaDcRVnwrPFTgFJu4ywbzPI2SXVBoH1FYK1PHW/iCPP1rXHroQJn2+OIA+EO2e24cl4W3z6EAwKMrIE=
ZuHQeO99WpBlUi/2KJTR0//sClXckcfjxzFZ8t+psQ8tPvkcMbZZxYaVZG8Y5UjyvVHoJzDMFsq3QRDIBcRIdb3Owx6NQQkAtwcpLykA0G7ke5xnr7fGScItNU3LFLwDQTqKu2KnDZHdVBsGYzfE75BvWD5U3YnzA4V4a9PnuVc=
ZuHQeO99WpBlUi/2KJTR0//sClXckcfjxzFZ8t+psQ8tPvkcMbZZxYaVZG8Y5UjyvVHoJzDMFsq3QRDIBcRIdb3Owx6NQQkAtwcpLykA0G6kJlJD8jkcB6VjlZbeq63C9YYzVxBtVjj3EWWbTdV3w9fcA7vREGI4uvJj97pW/48=
l2ZaoSVMkgZfWescZOJKxXhX71sAiaDcRVnwrPFTgFItGAu6qc/D4WayMBmZm5c+gKyMOybcSyOtuMAkWRha3OPhwYUD2ViqVJnjSFvA+1I=
mA4FyGkoFTcMuvhcQznT4tb+RavGo3H/c5Bagt79SGziIA9J4Fyr8d761Eb9Q8Yzqkmu259rUSsbIMLn2k78kj+d9DSfcwxChhPwFANPPEKDrRqfKnyKaENf6VDK56da
2NfkNjDTtacw4h9dnQbX7q/iBk+n0yWeSzr2S/DGGk8zkXpWZK6VbzzjR8j9xpP6HwSPMzEUMpf0wjn51MvGvXXnC5BhPIN+DX+MZB2aQcY=
2NfkNjDTtacw4h9dnQbX7peKQd3IsVGrUVUudAcyE/6WcpTzkBkM1x+S7pUhbYr75l9vvObbkQjCADwRRd2ejkyNFrrZj7BptyQTqO+vCv9yNN/R55hZwPXYrLW0yYkCrSldFyyxP7FQAbQzzgV/GDd8urUnJkewsoHrOWUSs3mXCsJguJPg3b95CRHzzt6D
ZuHQeO99WpBlUi/2KJTR0//sClXckcfjxzFZ8t+psQ8yiItKRrupCUxjq3YVWOy33e6qSmPjbpjt7ZNuC43+qXTIG5WMSW8vLfkwQGUBXp6fEkbKXY1yTQVqhV9UsIIdyWyp87RhixFNpjqSufTaCiJDBSk0eOdQUlVU/ywbvNc=
ZuHQeO99WpBlUi/2KJTR0+HrazQDzpIKHjRkthGnlcJwLtUV3hFymN7I7LIMeyNyWB1b/O6QUW+J3MWHBNj66dglzYWb9XrVvIwl+6tE35E/aKE8T35YO5xLuh4tRzbGnoTczioYN0lqWUkCqM4SpHWriJZ9m46fPSD9Ml5dTDDerHmfuEkmp4VC5WvZi602WyONFuKmapclwB+2Kl9KuwqOcInPYgGBg5A2Xmn2Akk=
0WYqw0HllbJrIfJZWZKqr8hNtusO6zNKDY03y9gA4/n/IJaj4pBPq5Cz+3a58LLJngUADTZ/ECwgFF+aTIUfUr810xF5aKBMAR+hQ2aD2ywZBvbLSJJ5xgsXot/Nsa4iSSvGnmS8GC62J3ZkGqnLZCSXr+nKAhebwdAVF9E+4fpKxu6pepaDGwt4sUG9WkcCoSw4r5cHHlxS+iUbLFoEPAFwCtAL0eFGdi3QNw89ly4=
0WYqw0HllbJrIfJZWZKqr8hNtusO6zNKDY03y9gA4/kWihRaALtU3vVwrkF6qpFX3SDWh5kQl3AoLopZO63mWsNuoPKasEto/z5DZReOFghNtGQFAV6q76/oqGq2FOOwq0s83vCmA5cXVGaMQ30P0FRz4E1wtqG/35pqsbqfs8mH7J2f5HmMwJGvlh+K/QQ/n/JDerjaj+8/5qIjP/f+b+HDjSD6/uGJDp6ubf0lv68=
0WYqw0HllbJrIfJZWZKqr+WK8Ea1zgEatUB5C9F9Eo4dR4icSwPDdNUjdWTBO+ClKsoxZcNmiNCle7PW1z4D1wBcU0nCHtsAkvRNz3TdDUootyfM+3Glc4SSKC0hliWEuRStLEz9keWdj4iwiLyu4my3chy/WHDbiboNiEP4jqhrUcCOff/Rel6f5L7NNeO+JoAI/gJj0/XoWx0F9yCQQcRBSctGVG7MASTzY863GH1zRlK1dUExSZHwaRipruaQ
mA4FyGkoFTcMuvhcQznT4tb+RavGo3H/c5Bagt79SGxZQQE8W9oip3RpDFdnJYJA8vy6ltIVcafvmpOEruVBE2cOEoXGjq6mL5gGp7JCGbo=
l2ZaoSVMkgZfWescZOJKxXhX71sAiaDcRVnwrPFTgFKzkIWIV8axN6bmdXk6FF8M/LXzP2TWXovleblxU6WxjlUnRv5PQzn5LWOfw6Fx/PE=
mA4FyGkoFTcMuvhcQznT4tb+RavGo3H/c5Bagt79SGw+T7IjHMt2Ni0vRZ8fmi0kGLCHVOjyPpjrbNv04mHKXen0/fV6GHdnS9JETWaJAZI=
0WYqw0HllbJrIfJZWZKqr8hNtusO6zNKDY03y9gA4/kQSIemzBVXK/FEwj3Wb7gapaieafccGJyT0xcneXsC4x9MuZdqM0W2HXlIJ6vw0wHjvWd1c8zAwlt/ze5bHHkxi9EHLct5hZ8A49HaPvPf1apFNGPx5i3y8Bj+eeYLekA4MY9AQmO39aaGWT8+2dtDSssjcrPRU0GccxwMqT5OnAwvYRhkxzht2smN4oP8FBg=
0WYqw0HllbJrIfJZWZKqr8hNtusO6zNKDY03y9gA4/kQSIemzBVXK/FEwj3Wb7gakrxe7J3vBqrljbWJsZCHwkULfkBO+gb1829eDP3B1bQFxDJUqp9nuf7t9490G8c81dRfPN5Nmmg5P06j+sEvCljMubQ1Uv0mkkf73CNbrLJ1Wwg7mEwagDcuL6MfcCoLN7b2i7AQYFSVVr4+ItHkT+u6DPflHHc3vh072ElrNmQ=
0WYqw0HllbJrIfJZWZKqr+WK8Ea1zgEatUB5C9F9Eo65bTtzo0y13+5gmx3/MYEglTYu7n4yNvyqwzo4zkX98oN/m0UimygykDkx+w9NhGbAI7AYoMrd7jSRy7cV7ZU0gxQIVCga7d0dM1cXp/vWJzZvh7l/f4AXb1kiTDnuwqjd/xucaabXBpv9joFyT60YKrxBcQ/aUkF2AfKk+UfDEtzl/Zxf2L2xrI07UFwgKYjnGOubkjrm/CVRf7qEWkql
ZuHQeO99WpBlUi/2KJTR0//sClXckcfjxzFZ8t+psQ9HKeXgG+DL8NJFVaJ6/lRT/ANt4EMkinivY2PyrWhOPX3iv6tTUiSN0mb22Ygk87zdby++uuf/Ka/7JYIvvkRbpL3fBjDHYGE1qF6+CSdPcSYnkh0+h1VMsTJ7NI4sZEM=
ZuHQeO99WpBlUi/2KJTR0//sClXckcfjxzFZ8t+psQ9HKeXgG+DL8NJFVaJ6/lRT/ANt4EMkinivY2PyrWhOPX3iv6tTUiSN0mb22Ygk87w4xWtPApVFAwvjtfI9nsKDL3lTi2kqOyxhuNFBVmykjXNdFfMxQ9x+wMe2V8wapC8=
l2ZaoSVMkgZfWescZOJKxXhX71sAiaDcRVnwrPFTgFKvUcpmY3qTtVRT0ECn2VeuIgr7T8ouV0ga4+2BExCi7ab4mXQNzRCcMV5S6pNQtAHd8n+spsVESThWqnnAMlC2
l2ZaoSVMkgZfWescZOJKxXhX71sAiaDcRVnwrPFTgFKvUcpmY3qTtVRT0ECn2VeuvPas/0IwbfYd4FR15zbdon0gQl4YgdRxi2d41rr/Tu0=
ZuHQeO99WpBlUi/2KJTR0//sClXckcfjxzFZ8t+psQ/zAgtTqrh0mlPsP1yv6v0nwhBegv1NeSmNb8GKgyLGMuZNY7AbID5aL8CqNU3F/WCFXl6dPOD30tlbKRF32OIwZ6kd742M/2RnNLEqK2FR5aeW+yur7ncsRqUg6vM5cjg=
ZuHQeO99WpBlUi/2KJTR0//sClXckcfjxzFZ8t+psQ/zAgtTqrh0mlPsP1yv6v0nwhBegv1NeSmNb8GKgyLGMuZNY7AbID5aL8CqNU3F/WC5iw0g/vY7cu3AM6j0W4+nBqrEEhRMDdIonEdjsgcF0dt60gH61uvXjldVqCoEd5U=
l2ZaoSVMkgZfWescZOJKxXhX71sAiaDcRVnwrPFTgFIHVMGe8/PSt+dEttW1OJ06B3GhmspYBpPCLkH+I1mDliN6GqghGnXC8wQz09KEOlY=
mA4FyGkoFTcMuvhcQznT4tb+RavGo3H/c5Bagt79SGyPD8BAtCvaZ9rVO6VVy3QStgz5yxRn+rqeO8AubBkMB4cqYYjGWDagc4agf5svpMso1/WnorHIaxiB0R6cn0Rs
l2ZaoSVMkgZfWescZOJKxXhX71sAiaDcRVnwrPFTgFJIr1vvRLPAVs/rWNT+SQQpgDsrY5+m7Blu8tWQSGO2fOzhzFuCCrVZ5G0WTP2iDLY=
l2ZaoSVMkgZfWescZOJKxXhX71sAiaDcRVnwrPFTgFJIr1vvRLPAVs/rWNT+SQQpbfTn0n0buueyl32F1fb1WeXByPtrqXBigAGw2USpDDA=
ZuHQeO99WpBlUi/2KJTR0//sClXckcfjxzFZ8t+psQ+8khTa7V4eZ2Mc5wNkymb/PgI88wq6+ckcina5fA5HxIPRyXNOW9MRBLi0a4McdJtImyCkOJVG8bErACo2SjtRR4n4CAOM6ylGRVfd+LUHR8jcYzeLHx2j9bUsSu5Dbmk=
ZuHQeO99WpBlUi/2KJTR0//sClXckcfjxzFZ8t+psQ+8khTa7V4eZ2Mc5wNkymb/PgI88wq6+ckcina5fA5HxIPRyXNOW9MRBLi0a4McdJvbBmVLCdhlnx5pyQqsxibtIs708Yg6sFZERwjVB0bIFm/O8ZVTI4bHbOTgvei66RU7xGbMk07CQrDMIM37qnOW
2NfkNjDTtacw4h9dnQbX7q/iBk+n0yWeSzr2S/DGGk+nRXt1OFwKmIxf6MQ2PM4ZVXfynbS5ClPrQ6a3cBkDXUzPg/SkN/J44WepEF6BNxjdmqgrKJYMDag5WeAFkEzNoD1xRnyUZQQkydTr0ZWGGAYMeQo6ddKhw1ra0U+m4dSRTtX7x/ywT4/H9FFwgJM6nT5na6PriFhl+GXvh9S94g==
2NfkNjDTtacw4h9dnQbX7q/iBk+n0yWeSzr2S/DGGk8fOG4BlI9n5EErzIEzJNGF4GE0iYpFohh9maYLKMF3Jr4lQCEwTCvWqtQz/5Ii0Cc=
2NfkNjDTtacw4h9dnQbX7peKQd3IsVGrUVUudAcyE/4jvdXWwU+QyjEfiDYr48x17HGP4unb25ONFqC56vV0cUAvJ96E8TAiOV3plyWZeyU83RVzgPl70sRXGqJ0W9PFuTshtlMiJYoFFsL6nUdOwL7TdV64rLMSSmb7WLtZ4msyDGsJAjx5OuG/iGhU3y4D
ZuHQeO99WpBlUi/2KJTR0//sClXckcfjxzFZ8t+psQ/Kfzny/g8bW1iBJIfSZihKbn27HxFl4ZFjwr/ucCDrasGa9NWyATim6p1Oyw/8u+P0dj900q0mOEtZuYp6V+CnWRy+AADrUgP9myzmZNYbput3jSy4Tde059XwGbfHsV8=
ZuHQeO99WpBlUi/2KJTR0+HrazQDzpIKHjRkthGnlcJ33jxeAPnhLyyIAvoYXoWoYesYG7hyuC4kDrOQTpIbzkC/nPrzGwx1n3vQpsmfa+9kTIEByuftK/epCv0Ae3Lq0mM8WdODceAPQebzZPwgJpZwqajC25Zfgttgbqs0j3jB3xk9nv3X56u+/AZhF4VUEZJwqgiU6qJ6ABEY1RRMruivrXpZWdG7XRjhOzQ966E=
0WYqw0HllbJrIfJZWZKqr8hNtusO6zNKDY03y9gA4/mtvSlbZ2alpN3MpT49t5pCLRQ9v3a0q53XcJFskspT3avQzVWt+3V8kxO8/YT7T4BqPWyiWyCiral/AmmDDWV/M3hT+r73wD0a1UUgdakamWDo1TP6OSUjAZGJmzue/9yJ8UG6MELK6uj+Xha+3QYOgjuE83flOnTPAGiNQ4y8NYJvlqOBlcYTDU2YaN2Hhcc=
