GmcONIA9PFzHw1gpPLLPoqev3ytAH5KO3S/CJpMsylg=
35kyjVfwBJgytCi6KM5Vug==
FNt9orFfFSbPIXNSbXcP2Q==
gE2g7VQeqq0h5MkG44fPUw==
A4ZCFW7RnVRfEnbtNxUDb8VFIQmzxcIFLuiIjRY2q84=
cwgQW1UgxyVfBeSrdwXHsPE1eoSAri+NViVSjTYe4hg=
pYn3RyiaY4vz2unSybTHuw==
mAzeFbkWBGyzJRgEWJSZYQNn44wFaguEUnqkvHVinQw=
NiGef/LGs6v8Em6sqLz1GYGKB0111uCW/TAqgkiW0+w=
2lfNnhNY+w/3xMaMUxJbE0YFT/wvMlSDz8Vrd5FEs18=
mA4FyGkoFTcMuvhcQznT4tb+RavGo3H/c5Bagt79SGyWRVgVwEzu75FeSueUvkOMW1Wc1ShkELnJJgcFYNJ1C5oj5Qz66RGC2V5rToQqavk=
l2ZaoSVMkgZfWescZOJKxXhX71sAiaDcRVnwrPFTgFJElofNVqoIWXFE2oBlPuoSPKg4eZtLBqlvQW/M5UYawlA20hk1UZG/zD6PeAjsVNA=
mA4FyGkoFTcMuvhcQznT4tb+RavGo3H/c5Bagt79SGxMTN6uljXA7CRd81q4TY2riljxfst8wItGIZTT1u1XE52cr3roQ+S+hIwYaVkoBvk=
0WYqw0HllbJrIfJZWZKqr8hNtusO6zNKDY03y9gA4/lL4xkkfJuM8dvpOaX8CO/jhAgNRVuYdW5aGSdoGfQ7KYfCu8Qcu/cPcgXqcfu4FkEh25jC5z84IiTwsm+9FOItY3PWC/LcVifskL6Z1UuSJrjEjj01P4m28vcN9EZJxi2fI9BG/nbpYiiF8/VapMrleBcB55hm42J8LhtGCqSPp6tH7rg3oy5kLCaOYzs+gQA=
0WYqw0HllbJrIfJZWZKqr8hNtusO6zNKDY03y9gA4/l8ZV7Mizma9D9JGQO+wgZstUs4fF4rkww8dZSWuRNnbf1GWpNKKhANV+bHqGAmWwig148ei2Fivqgw+KnXKEnBNU7y20Nao0qMyIVYiF+UJkhLyAUnagQJ0RzEw1MWqiVBuH3u9fY6D+SH1HIeYJdGUKW1umV99qNovszylgaQK/+7LWojTUIOPsoOQcNaI/E=
0WYqw0HllbJrIfJZWZKqr+WK8Ea1zgEatUB5C9F9Eo6pcaqa5Ys04pZKW20CQJauujz22DvZsymIDmZi3XXiMRgXADyUa33lwbnqpXQ7+1GWhS4YyVMM60OFTSSCIXAmz+UWjwOd2hqXeiMB2kkyC7q5oG2qLUW1o9DhTXck1t5gmki5nWsFnHw/bQ4du1+dhytOKx+q5sovMaEPyv7W8Xqnif0RxR9RIDNhT0nzpI7GIaSwGHq0DDXkiJWa/kDp
ZuHQeO99WpBlUi/2KJTR0//sClXckcfjxzFZ8t+psQ+gCAjM5tJ9Kp6n1sryD3DKMSVaxhGIY4Y41sfPCb6UXIa02wfMD6mOtwuRYoNtXW8mp0EIAzQq7BNEi3V/GK83yqoteNWqG8ssd4TPkp6Wvz7FjHDaBparu1MEy5DB2v4=
ZuHQeO99WpBlUi/2KJTR0//sClXckcfjxzFZ8t+psQ+6wk1jJMuZQWNFMohtU3Xl9iJ/yJi6aM+iqepny5C3Kae4UDSyJRzXQulfRbJlTqihyWSLi8UWpxcVqQa3BP8UMaM9PITvzo2Y5Zag37sU19gLh/NCGiq+73AovXoyioI=
l2ZaoSVMkgZfWescZOJKxXhX71sAiaDcRVnwrPFTgFIjy08dd5fCr8Rw/5G0Iiv4Kjk2wPX8eHH6nU81injy2gTD4ATgPsZljJXCkNuuw5lqM/a4oUDWJPd4HZUcH1Kv
l2ZaoSVMkgZfWescZOJKxXhX71sAiaDcRVnwrPFTgFIjy08dd5fCr8Rw/5G0Iiv42HP6iIMuaDafO7Pq9znhPZ+op+vcwIGjeFcRjQB1kIg=
ZuHQeO99WpBlUi/2KJTR0//sClXckcfjxzFZ8t+psQ81SB1178J3GVumo3l+4CFTnEqDa740omjWCSCsG6mRN6zpXdvy56+bIRgLgpC8jx1r9dq0MXfC7hxJizk0nXfQzslgvK08wjeuzTtYT5K0f4XbOyG7vnL9opRLsjd7TNk=
ZuHQeO99WpBlUi/2KJTR0//sClXckcfjxzFZ8t+psQ81SB1178J3GVumo3l+4CFTnEqDa740omjWCSCsG6mRN6zpXdvy56+bIRgLgpC8jx0DNlMt1VJsdmomaO99+J5EP/EJTfcVB3xgmzd3DukA7Wdy7s1MbQHjcy3oSKetNjc=
l2ZaoSVMkgZfWescZOJKxXhX71sAiaDcRVnwrPFTgFLXiUmr9IO7WFbIWH5Z8C5DwOBMtY7wTrvcqT9TdE8WUgnojsMdZFP/MhgTS5LCecc=
mA4FyGkoFTcMuvhcQznT4tb+RavGo3H/c5Bagt79SGy4/2D3fYHjtKJ+5b+iW+J8uR0tm3VoqEFhRALcr9cLzNf3FxJGorGao0dVDGBsuPeB/lwVQcL7V1AFvsgUS0kXx0Pk93+2XpeNvcmSEeG19Xhq+v6/ZySvT6MtaH5fk20hOhMxhz83s3loUiy04Exb
mA4FyGkoFTcMuvhcQznT4tb+RavGo3H/c5Bagt79SGy4/2D3fYHjtKJ+5b+iW+J8uR0tm3VoqEFhRALcr9cLzJEyX9GbNMVsvt3/6sZpDBEhDJNse0TnCeRAy0rQyT3e
mA4FyGkoFTcMuvhcQznT4tb+RavGo3H/c5Bagt79SGy4/2D3fYHjtKJ+5b+iW+J8uR0tm3VoqEFhRALcr9cLzJ9kCY2RlOYQeXEM5DTwAdiwE8atoLHt79aN9QW6JhAA7i8ClfCioExiW5WriRUZyL6ebjQBQkvvK0lB0gNZjTydQiAYqyJTttrxtZOhE6Lm
l2ZaoSVMkgZfWescZOJKxXhX71sAiaDcRVnwrPFTgFJCaAYXjj35a0Ky7x1LXSLYlU6QA64lYI4iXMWMdYCiAqjl7tpAQKZed4k8OVVM1tg=
l2ZaoSVMkgZfWescZOJKxXhX71sAiaDcRVnwrPFTgFJCaAYXjj35a0Ky7x1LXSLYZfPyTEJ3SEAxBZyjmhaIs9nfRaO4VGTl3HySFry+geI=
ZuHQeO99WpBlUi/2KJTR0//sClXckcfjxzFZ8t+psQ+KpDEMsWWvkULg3rpjhkpDf93k4g+/KQjTMxZAJZqUVlld/a7cPodpCpjaSm2E2gcuFDCRErt4QoA7BMyQ7AUJxRS8UmOZFXUO3rNviQSvjrlvpH59x6wRRMVpdBlJZK0=
ZuHQeO99WpBlUi/2KJTR0//sClXckcfjxzFZ8t+psQ+KpDEMsWWvkULg3rpjhkpDf93k4g+/KQjTMxZAJZqUVlld/a7cPodpCpjaSm2E2gcYt/MOA5DF57JTzA1xBh0A0EDmozaDLFJFauTsWExYGKU/XkAz5kubZiH59fQxEw4pCWUHOM/isDN3SV7I/22A
2NfkNjDTtacw4h9dnQbX7q/iBk+n0yWeSzr2S/DGGk/QIzI3K4bDzDl64TnxZkfgv62F+uI3oPyjVqGFUbqAfDCTZviMH6xUF4fJ7nx3uHDSBsGMlJIe5x5uJXRTg3KgWVGiWE7LahTGQ0WgPB1caCD9KoBKPEA5shNPnwN1LLhjCp5CRskxhaWHnHIfuf8EPmC2iOyi/oCm/RoEsO1MeA==
2NfkNjDTtacw4h9dnQbX7q/iBk+n0yWeSzr2S/DGGk8vU3ezqvdrmpBd+QpZZ8+iH/3v7eASF/I47jNqSgfTD5+nGtykWKHONdWoBnvLVNQ=
2NfkNjDTtacw4h9dnQbX7peKQd3IsVGrUVUudAcyE/49/GKi/v+jHr0S0T/Ki20l4GHFbHKd7cDIn8lHq5ywtqhJg4akMc0V2hmxly921SNuPx7AIxiscehcm07dpKIZIKtv0/pt5Wtkz1vdS0JAdc0t9Q1a8J1+9nKlrlXGQdVLljwGFEekPXuUbTLG4p92
ZuHQeO99WpBlUi/2KJTR0//sClXckcfjxzFZ8t+psQ/7kYnFkoTDQeSWeLak7D41e/+2F4uUbggDs/0oEUth/0RJFZB5+2h/lb39fmOxP2uV6g6fLWv7RDahSYLQ9V/qhwFUfXF48X92OTlaFxAh9FD1baeKzMl+DzZpltIxCbk=
ZuHQeO99WpBlUi/2KJTR0+HrazQDzpIKHjRkthGnlcKVnVeqbVlGMPa00Mw6uyNFcSEq4Kh7P8uiluGvXvqzkSd7tMw22TvxXXNdbAbLmPaXV5g6vfq3iGSSdQbSpOG3bDEZpsNk5X30RcQePxywrKqKvQ5jAeScsv6IKaCSJPH/9yY13kQ3uF+3AQhnYr/bzw+swr9q8FrtSWBRivcotJbDQboWgisWgGlr2DoEiqs=
0WYqw0HllbJrIfJZWZKqr8hNtusO6zNKDY03y9gA4/mK4h58YeE38FXFDBLMfGNCooB77avBZNqh+BxrsgVFpLpn+l+0WL0jlln3s+SRJw8f/+FaMS2H9OYqvvghTWJPnzOtqWK75t4siowM2dW4aChsuB7Cfg/3KBsveG9H9492qkwIr+X8ronc5QRnmn+W6aaLRcIha6/KBkGgDuoUlp4VSBx4NCdW4MvNsZSR7U0=
l2ZaoSVMkgZfWescZOJKxXhX71sAiaDcRVnwrPFTgFLOV7xbqnhZ2GeH3On28RmBADyaZwlaPtgqLaBsNG0TDtHWQWm7DKfCOxR/ASv1UDU=
mA4FyGkoFTcMuvhcQznT4tb+RavGo3H/c5Bagt79SGyQQVUhYFXDM+j+iexMm20kAvMGPuEh5l27I3nNyXwb35jM5Wv/ri+93RGqpYsNIyI=
l2ZaoSVMkgZfWescZOJKxXhX71sAiaDcRVnwrPFTgFLuMfkpWMJj3KlwEJN/IiYa/Pi2CVVM1FlZ1s9FpYTpt4YrruoZkRhh/DoJQQiHupw=
mA4FyGkoFTcMuvhcQznT4tb+RavGo3H/c5Bagt79SGwTXTu1erasOSMeG3QSdMSVJfdr8lySFXs+hNzm4/ndUgVw9tM6cVH+Oqwr8Fw6q6g=
0WYqw0HllbJrIfJZWZKqr8hNtusO6zNKDY03y9gA4/kq4KBYmrK/qThR3pW9EJDxK2esKKH99igz79P6DlQc9WUagkiMke5w60aXXUGrcK4yUOSwf3AQJ6i/2h+riaD5y3XRwEjWiA4fudwgLT5XPp9o4mmJ/b+mRxyCz1W5/LYL5wPa5HCp7rHcw8vfb8nwoAq94K2KKpmCxSym/ev+Qa/ezODCDBc9rdfzPy4vN64=
0WYqw0HllbJrIfJZWZKqr8hNtusO6zNKDY03y9gA4/lOa64WBzQzMz4kO6DwyuWgY2pqhd+kF8dR8f+/oQLaDluph8fHSVPPEP4YXf+G8VCFrZ7TCBP/0bHQgnSx9yi794R5Qh5/UEF3nkEYNsYu+Afpmw3QACfiCPfn3uC4yIC2YYSIHQBtj2ZnsPMwMLOzy3pz3VjW86499L++Mti4FnFHYP9SIR3j88MWUSrk4CQ=
0WYqw0HllbJrIfJZWZKqr+WK8Ea1zgEatUB5C9F9Eo6HkyvZS/coT7AN+lAtGCKREnBJJO2RTGty2Xh5dJo+MioT5M238WQS12ZxTkU5HRzBkQS7TlECdf9FaJ6MRhvdhbWc4Ycmtz/xSP/fFY/DqfEzXxbBHk5OZ1RreyUBpexpUh72W5O/C/ZQuC2MxuS0HjKUT66fOC+GPGLy9T1RUH9+rbbzjBzbGG9vyf2H7NaQ7YvTM3MtfhM1ilQD0JQU
mA4FyGkoFTcMuvhcQznT4tb+RavGo3H/c5Bagt79SGxQ6MTCtB2o5dyrASlwLbBspbYb3HnmGmTgNxqNoCTWFmsazCHEv6SzDIQAQPzpYbw=
l2ZaoSVMkgZfWescZOJKxXhX71sAiaDcRVnwrPFTgFJGzTOW1VajpXjbQC9TYzkPpT99V/RanaotdVsFuR0EJJ4iuBa5xn+EtGg1s/UXnAo=
mA4FyGkoFTcMuvhcQznT4tb+RavGo3H/c5Bagt79SGxB4gKmBfG/pNxPP6naZyu+ElbDG+nimtuUL6yT8/aesXzjeB0zXMK5tabhDmpOFYhEdmanZh0j4NNfqKFKT7WICkNRAht7EQCmD0R2Af7iYQ==
mA4FyGkoFTcMuvhcQznT4tb+RavGo3H/c5Bagt79SGxKNEOzfx8NVPqBHuoEr4eHWxdxhmVUwEN0IOfxQEkwFy0YL7ftUo+acQqoWIKR/WVEi1YbkSn9okB25mwBfVof76U+M1uJxsAtl6PaZ7MMEl6G4QD8CGnnIBY2rKLGEwWuNJvh2qbqvervwTa8UXzpgREzfnM5VpJP9r3vwrXeaQ==
ZuHQeO99WpBlUi/2KJTR0//sClXckcfjxzFZ8t+psQ+gX0BzVQVZ1r6V1k+VQ36iuLl8tMqYGHU2saG8wbLyI+wncndabSBoBiEluM80YIhPZpBn0eQaUXD2sOqVSwEE7GcY1+2OEXA+gZIlkEmzz+u7QLeSL1MKZl4Jp2CyLlk=
ZuHQeO99WpBlUi/2KJTR0//sClXckcfjxzFZ8t+psQ99CZv+JMq6iX2tX11xpKWCOe4ZM4ASF8WLbr44VCoLGKm+CWzbvIRQoXHD/E3ft9ZwSKQKPbwRdkVZY8ME9LIZnmD63EvqtxMhF+PEBGlmYbc5YuHmEV+RZy/E3iKxzkA=
l2ZaoSVMkgZfWescZOJKxXhX71sAiaDcRVnwrPFTgFKDpt3Dbx0HNoYU60u2o0xVxrvma0YJxDmYjCqO6uytfkog1RpBTOjeQwIZZx1UHaxREEZzFkMUPsokkweIRyuG
l2ZaoSVMkgZfWescZOJKxXhX71sAiaDcRVnwrPFTgFKDpt3Dbx0HNoYU60u2o0xVsptmk0dUq/FYxIBx0a70e2MDm+93Kj+QWua3X2famoU=
ZuHQeO99WpBlUi/2KJTR0//sClXckcfjxzFZ8t+psQ9eZhKsclnCYsKkGN/xVfdCa/XCwdcx5DTBuSMrR0xqiHAl3C7t0aHj3ro8rqt2hSgqvgOnWzViplBQUho64oxJ4jvM3xY/ntFA4QloPbJ7rSgrpINmg4knBy2a2ZsC3lQ=
ZuHQeO99WpBlUi/2KJTR0//sClXckcfjxzFZ8t+psQ9eZhKsclnCYsKkGN/xVfdCa/XCwdcx5DTBuSMrR0xqiHAl3C7t0aHj3ro8rqt2hSgchSAiruaI5/DK0qlAsleYSra5HSIveBAddQMErFXm0ju+RgH0oyLcQkb1EHyHYZ8=
l2ZaoSVMkgZfWescZOJKxXhX71sAiaDcRVnwrPFTgFLgLKO7NX7ouHl31ZG/nwvEUGW1rH/fxUunknEGT2cGwsphiGg2OYafju9bMBP1INk=
l2ZaoSVMkgZfWescZOJKxXhX71sAiaDcRVnwrPFTgFLgLKO7NX7ouHl31ZG/nwvEils2+Yb1kLJ+2/vSiUO25J9tCKR6Ol0tj11LQUySmjncsC3AL8g8pD8dwZlQ7ZueR7PtsLU+ZuBPv1rLvxFX4CAMA6ZcMMrzu9WIrPGJLeM=
4cPoLQhsWmk4i8DlbyyYl8alL0inpAZ8x3GYJs5NoGUlaFhEQU1JvIc/1WCEVYiM44enYCG3quoAjRuEPZ/jZSHV4pa2eUOFb1B3dYmZAIOWHaY0xBp181HZsm3tAUtkV8VdU62ZqILV7Nf96gwK2A==
8A+3yBhY+Rdmqim62Ye3jC3jHwcLUD/o3Cj93uKwi56FnRwLDc71qc4oceHbmzuf6hYEnfsbD8tDo+Y2bfQCMFnuA966SU5hGfQ4I0YshNM=
8A+3yBhY+Rdmqim62Ye3jC3jHwcLUD/o3Cj93uKwi56FnRwLDc71qc4oceHbmzufy7ELdyDZ0cpONNduVi+/i7xDLl2vkw3osSsPIybIa6ThziGOX81q51FuM+VlwuVn
mA4FyGkoFTcMuvhcQznT4tb+RavGo3H/c5Bagt79SGw7fv5XXMuyVHm+gPodQ4UfkrU+nNXATxZHh45I/5t0IqVUQ70dSId2hhbJ5BVrAbP/SGTA9K2ZeJcCtp5hCqu1
8A+3yBhY+Rdmqim62Ye3jC3jHwcLUD/o3Cj93uKwi57Jb9ijWA9YDO3pdJMeiR+AhvE3obg9JogNn+RfJICkIsmsW1mMPPwFWXISwx0Yo8c=
2hoQBa4SfhaeldkU/tXW3o0Dkq3K5Mm1Nr5nrQIjfbidujDdVjB+S9vH0gNTSQoTgvblvTtbN4AaGLXzt4UWAt1Q5am9ASvKJheaAH2QhXJkgXZpTO9uenGfFcdD+XcTrikV3FpvxG6FJ6eXRpWAX45i15ucD43u9ZBNyzn+oik=
ZuHQeO99WpBlUi/2KJTR0//sClXckcfjxzFZ8t+psQ/DfgIVsBUABQfO9QvCBQSVORn6LwImkwDrIOuG9EUeIxgkr3xP+Y5ccRn4B+/OhdXzfhuZGDZ17tHsVnyZJamMwBhUX+agY8TfOWqOaipNpYK3uFZoLEBPW9I9WdGUXFAX4Sg0pYufEsPamfCOuo77
ZuHQeO99WpBlUi/2KJTR0//sClXckcfjxzFZ8t+psQ/BM92kTdcf6DX9NxdW50fYum7pUX2myqUHtblXIZG9DGSnpOONqVPoRVR+JvID03cGcqbbQiyLcec2CyNwyjfOtL77hDJbZQ0gCX/ND9CC+h75Tloo9EnWkYx5lSwtA926F5Ze/EkF9AFJOq5UKR/l
2NfkNjDTtacw4h9dnQbX7q/iBk+n0yWeSzr2S/DGGk8mCkxmsYXmEPf6gMmNotjr530ReqxTzGDpDrE02TtzslZ+f5qC6B9iHsSuAUrPPph1kdmFtwBPT+087az8cBuEFhNgQWdCFLZHZOlDks+1wYyEcONfpzz7Psf1vbtLh0MaYfGmgN29rAY9Hw6z3o9MQEgjTJdPvTdkyeozVcnBUA==
ZuHQeO99WpBlUi/2KJTR0//sClXckcfjxzFZ8t+psQ/H49i9NiYRymU/AoeKJTjiN7Lli/UrR9oltphAD1jFMBJ53+btG9dqcvlTJF5pQmQvT7Z68a6QP3E60W/8XKvYYJvT/Knsbo90YIRpFLd29gAMywiIFiUYLv+xNwS/y3k=
2NfkNjDTtacw4h9dnQbX7q/iBk+n0yWeSzr2S/DGGk8YEhCfOLUEHy/1EHhOkpcUrINz/QLNvR40NGBYiBczFKyU/2H0c+5RwqBSRW3CRRO5qseYPMrJOosby86zafZh
2NfkNjDTtacw4h9dnQbX7peKQd3IsVGrUVUudAcyE/6/WOkIkCocShNUfoGWfjDZwqDMbC3sJ7aWIoe3lLrZbzcHLQJEJO3TC+7fCw0OEwYOet4LA86LEtD7awFB4MGVTOslrEzWng4rAk6+PwmxsIZbKJgx5VYMesPyZzQrzJN+J9Tu9EGoHQ15UFjRN2u/
ZuHQeO99WpBlUi/2KJTR0//sClXckcfjxzFZ8t+psQ+pcx6OM36KCDsaF3hc9lFN/aIHWlFvhmu9zyiTZSrGDvHRSIz94rgr0dL1IXPUp/fYKktJtOoWJ5Py/YLOpxIGUoTxvi9nuK7Y6lAjEAzCx9Cuxy7v4/u6w6lauXr7hPnUyLE3kbDV/ZcSIwpjK8TF
ZuHQeO99WpBlUi/2KJTR0+HrazQDzpIKHjRkthGnlcLX56Q5VDeZeaDdcWq6c0B6MicontGQo6JphsemctkNtgX0Qr50dBt2x/FKEljxlW6DBl9pTIfPOpuydBAJqq1iVSi/no7ZzFxd4vBgzXiiYn5N+tf/eCcxCuVaFkurKJnJe0BIga59OMMa1camLtH8Cakoj8ocxvlF3TmYFmJgp5WF8/D0OzVCKR8G6cc9EEk=
0WYqw0HllbJrIfJZWZKqr8hNtusO6zNKDY03y9gA4/nmJhRrA1sAA3lW8KPesy2qTJ0VmCl6seYdJJJtEzhvbuEtoO4Yh3XnNh3M4HC96VcX2Unj8IMlURgIah94t5p6qjEK51ea5rxchIV1okc37Pe1KR0n2zQGvMD2c/0JnjKlgqUwxR3J9/Kys7OgFPXL4fqBdHidrQcM2PiGeJxh6SS3oMzYg3XYVLpzs1PIfGs=
l2ZaoSVMkgZfWescZOJKxXhX71sAiaDcRVnwrPFTgFJ8T/HMokLfpS54+r2+cwLmu2//QnwIFZOP/kzVuL0PyhB9FzwnZ9EH1sUnTHWriBw=
l2ZaoSVMkgZfWescZOJKxXhX71sAiaDcRVnwrPFTgFIg708SSJED4kakRF6/q6HVFbBi2mKcOc8ghUYbEbPM/LUYQcwJEzdra/Q6cbaUcwE1X02YgHPyzPiRkXYojX7F
l2ZaoSVMkgZfWescZOJKxXhX71sAiaDcRVnwrPFTgFIg708SSJED4kakRF6/q6HVI7oassHjm18ki/UwBk/I0gMEokWSxusa8+bMuTLFScc=
ZuHQeO99WpBlUi/2KJTR0//sClXckcfjxzFZ8t+psQ+qSGEbK12TGEv/diejXkV1YEx+qgs08m8hpf5NP0ChcSicnydC2xQvqIAWDJogK9554youTG1UHtnBIi+smu/uGkb9zmAjUIoJBL9bepAy9tjtvCVZecr67RavPT58rHM=
ZuHQeO99WpBlUi/2KJTR0//sClXckcfjxzFZ8t+psQ+qSGEbK12TGEv/diejXkV1YEx+qgs08m8hpf5NP0ChcSicnydC2xQvqIAWDJogK97hljzexe3p9p9TIjCj19ushVHIYv5PadnWoKaQ/Zf0PcGMW05+M9M5q0h7vWgeSts=
l2ZaoSVMkgZfWescZOJKxXhX71sAiaDcRVnwrPFTgFJsmEfU1O7dYvaTieHIiuYVmvTIvNLOXap3d1yOVVj8GCBY633iwhMaqS+rfIBOJGs=
l2ZaoSVMkgZfWescZOJKxXhX71sAiaDcRVnwrPFTgFLxgqZvb8/sa86qrhBYK30b/EM81pg6hSF3l+MdAmolV5/0Hf3iXa9hmzR/DT6jv8yOGay3aCaaKopK042zIN4tO41Is4QtQ+UQ4yttm9YqYDpaGtpCP2AjOYXJdRpIT50=
2hoQBa4SfhaeldkU/tXW3o0Dkq3K5Mm1Nr5nrQIjfbhKHeS8FgBPKUftNxV7LLMWR+qIvXlhn0LHMpuJzOPkeef2yI16EMWwAxcWh4LdGM6HGJ5nlf95eZXFbyFYVFDL96VTNR3NjM01HQ3t+doopZ8jw0V2q7OQf9kNSogTRro=
8A+3yBhY+Rdmqim62Ye3jC3jHwcLUD/o3Cj93uKwi566ZStzM5Z8F2KyQFpxj/9mjlFxeG+WFHQxN8qPLzAElJfVt2rddi1FlarmcYz1nTw=
8A+3yBhY+Rdmqim62Ye3jC3jHwcLUD/o3Cj93uKwi566ZStzM5Z8F2KyQFpxj/9mGNwPed3sDL3oAd9GZ6okqzm4rkxffxitxjDMutnv/1gsA2hymTuisis9KHoui056
mA4FyGkoFTcMuvhcQznT4tb+RavGo3H/c5Bagt79SGx9g7KpHfQ9H+xLP9XDpKlAJfSj3weqPK6tfshhl6yk7LexRMsuXe358ZrbT416ikndKZU2iIyLqJCPySHetyw0
8A+3yBhY+Rdmqim62Ye3jC3jHwcLUD/o3Cj93uKwi57+YZNOs/PCKNuMyIMe/opiM1vqViHEnolZIgahpjQs8rGFMWGVD38/CwiNYIxjo1I=
ZuHQeO99WpBlUi/2KJTR0//sClXckcfjxzFZ8t+psQ8Ps8ZYRiXIjDdFwMMljoChx4yyFw403Qe1DaYdRqorKNuD+zEJMHvddBSD76z5VpSscU/SRcPtJV3SbGL2IeB+D/8Hu+zWOyX0wyN5bjbUwXvULiaq+P/Q6ITIohpiSC++LEsXb9etPYvidjl/8Quf
ZuHQeO99WpBlUi/2KJTR0//sClXckcfjxzFZ8t+psQ8Ps8ZYRiXIjDdFwMMljoChx4yyFw403Qe1DaYdRqorKNuD+zEJMHvddBSD76z5VpT59fk6WIHrrClRo+hRU6qcZ6ND4coLStUcPiqY91EyZrf0krLfUWKz7JLJmgYcwwmCt2/53MaB/7Tt3XvTrZoO
2NfkNjDTtacw4h9dnQbX7q/iBk+n0yWeSzr2S/DGGk/8JQ4exvkKyPjSanT2hZ187kWqVLUwUo50E5GWGyMZU3CtMnVgV1O85AIYRaX0RO5ffswAVJ8UwycCFxzQ7/hGlbmscv/CdD5VHjFbtXej2SW36xhWzzQCapGdk1cf04q+fmcnsbJoWc3rIPL1zL+y1FUXx7j9k3muoXvc4y0K6g==
2NfkNjDTtacw4h9dnQbX7q/iBk+n0yWeSzr2S/DGGk+641cBE0Sa9tobj6FIHcSkEOJiwiqpuGGMQChSJLzgD89tXett5SXIC7jXFSon8JO1KiK3Ylk1h/MP+emig1uu
2NfkNjDTtacw4h9dnQbX7peKQd3IsVGrUVUudAcyE/5NJOQJxI56lnmOkrGAJ3Jbiwf+vhtNV5CE7OHxkY1MzEzaBnEdLgv9Zpx2AZOTacvKniP5fQ0Pv5MUV173tg2gyfNYv6l0THZO7Jd1OWwtG6vwQRJznqB8UuY02stKlJNonRKo69A3gc2G/KBa8jov
ZuHQeO99WpBlUi/2KJTR0//sClXckcfjxzFZ8t+psQ/32Bf5qwpbCtxvbewk2NzGEPFKdlh+svdHfy6wwNpdOqXVn7nkBvYt/IQnGMjoKjAFmb7utSnlP9z7BN7p+hSptCOUBsBukXEjZyLezfYFg2dYSWeG7x6F2P70P8DH9Yr5KCiNgzcWj7i/LsI5FElb
ZuHQeO99WpBlUi/2KJTR0+HrazQDzpIKHjRkthGnlcKvJP33pv8ADT2Ya+lCS0P0LnE5ne8Gmbao+cXx+oNQ7576tZSrOUtfKX2D0NhXNQq/BcKNtaBnfd5aaQurzOXfRDF707IGGDZmmQy9OUJSWoPkBqXlNOsPUZC4pp6wEJzqQ2D0YsHiMjFrHn4xz6xh6knLQHGve3qXs6zckRopoa6xgbsVUPg8/YrsBj4GpQw=
ZuHQeO99WpBlUi/2KJTR0//sClXckcfjxzFZ8t+psQ8OwTy3JRbIM48vk9VsK9QZZLbh9cxNmh/2bBRfuyoNGMF4wVyUoqHK0s/ISlYd/oxbIrtOzeLREVfx1Eh7FnlU4LtU3iHE8A1YTRgZCX4y0ryCu8w9T7Kltp89I+mQv2s=
0WYqw0HllbJrIfJZWZKqr8hNtusO6zNKDY03y9gA4/kO8rVy79SMcHGFl5yHBQkjskLbdvUwc/08p15UnOVgHPNEmFa1CX0gHw3HrKCwLzZDMR2lfj84OrWhekA+bcIueHi1lonUZ535eX398+kxZt3jJ7KXWjvlbJHN5OfwfXX1qxXDzvVoz3I67zpSZFyBKRvkYxBBYgpKd8tJYwvTi1MYDlUEyElPDRF2hLdjgNo=
l2ZaoSVMkgZfWescZOJKxXhX71sAiaDcRVnwrPFTgFLaEAOOFIdzTf1gkFwulMKEky3ZWKH7ppvL8FI0i1InshWRFvARpoMdIS86oeOKidE=
0WYqw0HllbJrIfJZWZKqrxUd+1hhE2JL2c3NgB07sEkJrt6540dpbL+1rxzh0Ro4xU7Aej1RnmB6ZGLGRJASvdF/p4WQpVyD0n0xxK/lLDCM8ZGHBuvI32ke5ez3jQoFyHArmk3dG7USiW9DujLm8LGlQtpxXHyJNiktqT7XyPh+6fu0V9ELlQAk7ldx5ftKT3OYoq9iBZpBxeyYEL5EZP77/m8Hg/xKp8jd2lMouH4eAeYpjrmyXYV4opz3mFib
0WYqw0HllbJrIfJZWZKqr9vbynmk2m/MPafrcjPH2IF7oBADXOGk8Gez5PxBXEKl5jUsnzgkXbmZLNhJC1j+K5KhxxJBkQTUxvyk99amBqsbzzm327ncujAcCeuPiHKdHSznsQcLtHcCzIVzWCgIPA==
0WYqw0HllbJrIfJZWZKqr9vbynmk2m/MPafrcjPH2IF7oBADXOGk8Gez5PxBXEKlmNA6MQ1LE0up1qVT2BFs4U7SrsiespoQZDdeyuyETv8=
0WYqw0HllbJrIfJZWZKqr9vbynmk2m/MPafrcjPH2IF7oBADXOGk8Gez5PxBXEKlD99yMmuQVVnUUOSG1rmH/nYq2tPoTScdXe2opOjtyLM=
l2ZaoSVMkgZfWescZOJKxXhX71sAiaDcRVnwrPFTgFLLfG0ASaiq22pGPJCJJ55mGWM6DjWMfV8MMG8ovU8a8oR2gnbuHSumi8CDC0KpmLKXB4LG7JQFgfJyMIEHXG1D
l2ZaoSVMkgZfWescZOJKxXhX71sAiaDcRVnwrPFTgFLLfG0ASaiq22pGPJCJJ55m55ePThvh4XUuDVPa2IHipA4YtyG+bLTlgX8IGqwI1yU=
ZuHQeO99WpBlUi/2KJTR0//sClXckcfjxzFZ8t+psQ9dEOfLi/EcxkYQFJH2UEw2PGpDgqkLH+eVWC38QXKac//USnZXa6BoTjQI5AG51RRXpBJwtgf2cynsDHUphTmllWnoV9jloVaPwiru/BMXppKSXouUyWOxsppTTAgLtWQ=
ZuHQeO99WpBlUi/2KJTR0//sClXckcfjxzFZ8t+psQ/fPBFquwaGYyDdliuufIxvSjPVltRWMUFFS/QJBPlp+tXgDfHUaTaQ029DK4apoZ07qJMSpoEcwO+CGkVQkrnr+qXyO1ToLEvCsjlk1M6M/qZvVR1pxl13ANOueLZ8jwo=
l2ZaoSVMkgZfWescZOJKxXhX71sAiaDcRVnwrPFTgFLeDpuDyfeZ9HvfIkPquD5+8yZKlLJaqgvgFUFiB2Fg3XBY7wKuL3Excp2ZHVIzutQ=
l2ZaoSVMkgZfWescZOJKxXhX71sAiaDcRVnwrPFTgFJCo4uuiSvosAXdify2OsWXR5Pk0ZqmjJ6uPOdOeG1Iq6h1Ne9qzOKfZWTcGQmbxwlDhr+QiE3Ylfh7dGt7GVtwREJtYGoHiMLU7oO4zOkwXNoh98zMI4MzHczPvi+tuOw=
8A+3yBhY+Rdmqim62Ye3jC3jHwcLUD/o3Cj93uKwi56FyFoKVSHn1pLAjfk3PCFDXtgZ1P61a3cUSeqf5rkwqBzTXy8ZfkSWX6sQT8TuSd4=
8A+3yBhY+Rdmqim62Ye3jC3jHwcLUD/o3Cj93uKwi56FyFoKVSHn1pLAjfk3PCFDqfpGFDINjc8hqgoYPtvFIPCs8pV4bujob/cgz5r2/Q/aM/ADxpLMyhl3xxCj0GXN
mA4FyGkoFTcMuvhcQznT4tb+RavGo3H/c5Bagt79SGzLZ9lVFdBUBwh0el1Lxg8hjUZFxUMT5/NhytT5d5oexsS07QG2N4xDQzU7Vhfmf9Rwksb8Hccp9VWN5FlkjekA
8A+3yBhY+Rdmqim62Ye3jC3jHwcLUD/o3Cj93uKwi57HxvfRy6uljnFPwEzlCoLwwDVOoitjA3BF+VlHjMq0wIodtWNLMMPYhBaSDpzvJ2U=
2hoQBa4SfhaeldkU/tXW3o0Dkq3K5Mm1Nr5nrQIjfbjV/hJkAgDOVjSnD3lPAHbcaqWaZmgzTz8apJpCGij2+VXCnu9RQC8NBd1RDMamp4aOQ/4c/Ku846oKawYa3SHdyJq+zzsHbq2hXKJeOuBSGizDdSFagJSMsRtOSFOby9s=
ZuHQeO99WpBlUi/2KJTR0//sClXckcfjxzFZ8t+psQ8lzG/lPxPtT5dLFB5kkJzaVTt/+YVClZYZttMeSAVhzifOF20HtKdQCmAC8vUCZV7OK0EWrvgcBvaH4RTEk2JT9eTPxbvVSIoiQ6uJpZsG5MaQYBzPDS0qdIYoxThDUHNH2H0+/T1EzX8FVZ74NA23
ZuHQeO99WpBlUi/2KJTR0//sClXckcfjxzFZ8t+psQ8lzG/lPxPtT5dLFB5kkJzaVTt/+YVClZYZttMeSAVhzifOF20HtKdQCmAC8vUCZV48XWgDyopFr5q0OL0ykObySulj12cKdbAP7Ix653Scq8yL5tu7RrNnOKIuEO628QlndDxG4dIcTjurnUkZiQuL
2NfkNjDTtacw4h9dnQbX7q/iBk+n0yWeSzr2S/DGGk+YwEN/rfgw9nXC8idiVJvny4zFR8sRfP9h81BpgJkH4tNvb5mFbJUCfQBRkvfxurXKAEcegc8iFy+in3C5nmrFFoPoNRudcmmV62D62DX1yxlyAoZYekCsKcT4c7eN5oscuMP6ir+CKZxtlppmptf8fS+0qlD+xKqeGu7fuqErBQ==
ZuHQeO99WpBlUi/2KJTR0//sClXckcfjxzFZ8t+psQ/zZoOQ3o5wZSjUx8TFMofW6wge8FtleCeNZcL5ZdwPnSwY7SOMWCLdFY2kfWz/ajC/5PkGEGiscIbIKYKU/r85p1FTYcjnAqNoVRqu742sKkazUG7xEyY53UUhkJOhBUw=
2NfkNjDTtacw4h9dnQbX7q/iBk+n0yWeSzr2S/DGGk/coJDDSGldxy4AP0W8peUxYoRp+NXAweKqaAHvclFoTzylqLKN5NgkFu620jutM8Jh3T/sstj4i/VjjDyhvyV1
2NfkNjDTtacw4h9dnQbX7peKQd3IsVGrUVUudAcyE/6XAfsjuAxIxMOa339nRPrqQOka7Fop9tOLH0Xlp9Z+d1m8EkYj/VX/9b2/YJfihISXprjGwcR4wlPdhyGDXcFAg1/HGvy/4AF8bmEKFC8zJefmOqqlt649xmLPHyI63tZF2cFJgOp26zNUKwziCaGT
ZuHQeO99WpBlUi/2KJTR0//sClXckcfjxzFZ8t+psQ8qxyOaZ/McI0wMEXMv+Vtcya9Yok2Gl+Cyu9evNzn8sldFajgM4Ra6uGAcxUclm9GI6XcICcoZo4ZZ9QGJO18cLZPfAOUpUgziA/eF0Yx0oVyx1NHFuMPaiNruiQfBBuJpL3dPuYHfpn6BFpe5vBSw
ZuHQeO99WpBlUi/2KJTR0+HrazQDzpIKHjRkthGnlcKJYo7ftsn5AH8w5amI2wApk11PEgNXBKeKQeWc8bOOS6zWWO70qKEEjdhCVRt8NDZSmFlqRFBq0FPD4BtQYx9xCVOzbXtvPkJ8DBWn6GWYotE2uvRRPQxdnmVEqKo08hOMPBPPjJkUpOkzNbWeLM763DP/0YNgQ9aI0h3EncGPZZYxpOf/LWfAhXQdJcK9+Wc=
0WYqw0HllbJrIfJZWZKqrxUd+1hhE2JL2c3NgB07sEl1H8Iwtf3ckCw686TZRaz6gPxt3SmTfedV2d08IwK6HfeIeK2N9d3jwHifX8pmc83tv/bl17111zsUIaPqtmMbDFN5fpZAceiB/EV+bYGHPyCibhJ5I9YmlwRM7DgxEEA9sGRfPz/0wicWRyFar0F55KutFRAxifT+hYGQ99ZCfD8+YYX2NX/NRgLlw3aUneAa0yZODbmnIPckCYi0Elni
0WYqw0HllbJrIfJZWZKqr8hNtusO6zNKDY03y9gA4/laRTkrcRWsJvkCu+kvROvrVb8clDbV8Vcn3uJFGBAf1mt1fPJC3qrPwv6mXq/+pStfnFzPOyG3EfGGnDqFFid+BWdWmZRhNoMv43PE+tQGx0DNWSpUp74aSHwXBtvxpX+2lGtW07BvkfRR+ZjqDvvawFZOnUCBfuAHd6yEB7JKMFRWal75wOsks9vulxa5X9A=
l2ZaoSVMkgZfWescZOJKxXhX71sAiaDcRVnwrPFTgFIVJnOUHXnqwJ3nK6oNwwAJlCQ1RMjRzIJWXA3BbNB/Kroe3kEVFdJ9d9QMXWv9a/A=
l2ZaoSVMkgZfWescZOJKxXhX71sAiaDcRVnwrPFTgFIJwLW+lp26Lwq9rvOiwWHEXHugJyj6j3Yu1If6mwuBvbS3+xqRNctNaTKZh6MwMaqMx3h61DiLoq5czC9pLUHt
l2ZaoSVMkgZfWescZOJKxXhX71sAiaDcRVnwrPFTgFIJwLW+lp26Lwq9rvOiwWHENLX0wVsGodOkh2QpEia5Kd667cOJaL1CWLMY97K0kTY=
ZuHQeO99WpBlUi/2KJTR0//sClXckcfjxzFZ8t+psQ+jBzThikapnGr/QHxUmuayBzpq3eZhPFMcY1Tx7dkzZIpx4WqBU7w0973ITbSyX+gAePojuCVQMDzvo3H+c/l1ZcDOMb020DgvJG64sgW+/nDcOLY8/0FCwyvrwEj4dPI=
ZuHQeO99WpBlUi/2KJTR0//sClXckcfjxzFZ8t+psQ+jBzThikapnGr/QHxUmuayBzpq3eZhPFMcY1Tx7dkzZIpx4WqBU7w0973ITbSyX+jAEKfpVwgChWTd5Y4Dtz0c+tHtsC1b4bgimzxJmEuZMupO9+MY8S4asTLNWBm6VgI=
l2ZaoSVMkgZfWescZOJKxXhX71sAiaDcRVnwrPFTgFIc0J3HX+4ZRTVQShX6JAQntZZMwQtvBDkfulruuSlSJ8gDgaBf9OWyjzAABsn/Qnc=
l2ZaoSVMkgZfWescZOJKxXhX71sAiaDcRVnwrPFTgFKt1KAzVlDERGRRVLlvVCMx0tbn9FOW47LmOnibjW3kgZVzJxqtXgTm06NWrl73sZhgrNNmAXK2IbXBfYypM8CL5bRdXBXqVvfoEcXq8lXI53eYjd3rynfEy4v1AdeK+/k=
8A+3yBhY+Rdmqim62Ye3jC3jHwcLUD/o3Cj93uKwi54vaJe7pcNIibhZikaO6075bYq51RiT571KNVmx6lBXiTwtsrXn71SXKk9KHUw738s=
8A+3yBhY+Rdmqim62Ye3jC3jHwcLUD/o3Cj93uKwi54vaJe7pcNIibhZikaO6075T5RJhZV7tnnsYTFEZpow9IiUSI8TzlagDw/UEcKguqSCp/dc/JNfgH/zGAIlKbG2
mA4FyGkoFTcMuvhcQznT4tb+RavGo3H/c5Bagt79SGzHckcXBWxTkV8bGscx4CkhDNnt5yB+8zIqOAqQIPRTwRdoI6aBNe8T2qb+2eBJ5+5S6H/1RseJT9ML0RDGvRlX
8A+3yBhY+Rdmqim62Ye3jC3jHwcLUD/o3Cj93uKwi57z1sh08zWOPEuzsDoAZQ/p0gjltTU2pwwPqN7ZmtMnHO0uI4Px8Jub96/iq9h3qVk=
2hoQBa4SfhaeldkU/tXW3o0Dkq3K5Mm1Nr5nrQIjfbiKym7QgN1KRi+YaHiRPEOnhp8nG3rxk2QUWp9fxYZjEQqWtlsojU/gpJrUnTrZhZUB24q04XOZLQJgA2DQEoAPxfgY15UBDJ75MgxCixuCb0FQHHtEoVTe3JlSZYkHVBg=
ZuHQeO99WpBlUi/2KJTR0//sClXckcfjxzFZ8t+psQ9eVTsRWYh0LFdq+lL4aDNe5q7o1uFlVWk38DTXjZjPMsiSBA/hqHIbT1Duqwim2SBifgvNrlseW8BUpEszAItw9K2iKhzoR1l34vvqHo1nILAZou7RvOQN1U8lEA4brNSheSp8Qs5sb6UaJdSnlliX
ZuHQeO99WpBlUi/2KJTR0//sClXckcfjxzFZ8t+psQ9eVTsRWYh0LFdq+lL4aDNe5q7o1uFlVWk38DTXjZjPMsiSBA/hqHIbT1Duqwim2SAP02w0ryMz/X/vv6D+ZAqhxMVo8pWsDvi7aVJfuWC0y24vN+MvRuiDEuGARKY1Z8flTDEWUkF71MoYdqJFsis2
2NfkNjDTtacw4h9dnQbX7q/iBk+n0yWeSzr2S/DGGk8iGH8k1HQ8S1kj1dzBZG/LTmDjclpieHo/79yPrvoVud0l6YZIzZX1wbRW4Sgft5e8+55bIWCNeuDOy3SkAMNbG2xcwTyy16yjVUMFvYNArb2Y9CfAtahVCnPUXuQJCXAdKwDrBqPgt7vHy5CVp4W/4lorMeoHNho/ztnJUxYS1Q==
ZuHQeO99WpBlUi/2KJTR0//sClXckcfjxzFZ8t+psQ8T3F355p6xZDQwe9MJOYuvH9En8+UK9oyilrI2NeKTfzDumKsyWaBE2U0wb1hHpufF1sGBlUvCG5aGP4kSXjSqdP7uXn33iBFvR2afxX+U5lKB3gZdmMEJez6tUfqqKIo=
2NfkNjDTtacw4h9dnQbX7q/iBk+n0yWeSzr2S/DGGk/rYTw0LNoloG4+ppxSB8/4YmL0UyGgph5BDlzGCsdGav7840e9DoF/doD6HzGa8rqiE/pyz9QLTMflj7aZY++P
2NfkNjDTtacw4h9dnQbX7peKQd3IsVGrUVUudAcyE/6cLG7ZxhMBEu3cuTYFx0WsdpqC4NuYqhLevFEPh00Qt7CJBT/Jbue9qh99FANJdzWCUhksQsNqqqpG4g/TyJ57rY4Js7Dmk4QX4BrJ/ee+r1JBzRqE83cEt06+7v0UebOK2vwcEhHvMFCiMNdVaau1
ZuHQeO99WpBlUi/2KJTR0//sClXckcfjxzFZ8t+psQ9AAqkqt39cfEz6EnJjpm1sRnqvKHdnYdlx8kj3iIFYDN4xdD0zqx8cuHMSz3TVu5rWQj27t5LzUcJYudvRZMqzd/R+5KZD/l6Ayd+zIzzTe8nup6+dgf9WR0B+KH8xRE4+jBu8PalUhq5cmuPcF3Ms
ZuHQeO99WpBlUi/2KJTR0+HrazQDzpIKHjRkthGnlcKdH/SoFpUnNL7xqkuHBl5lA+fq9b2So0YEBT3hwOwYs2xgWK6/9e5sFRqWRgXt5S12TCJ0iZElam5ghtPO2S/CcSD/ERJYZX0xVPcReh2zbchS28PnjBe6UFNVjZ+ocF9FVZF+deuAKOKx+DCciS0/AZLUPtSHFb49szW1uknQvv7+H54lwmQ9ThBS6XPgNGY=
0WYqw0HllbJrIfJZWZKqrxUd+1hhE2JL2c3NgB07sElGrBXabtYP/i2+wl3OmFsT3covC84nOdxtZ8Lj0c8yctPRVYOW7znQtFEX5cnA8A1jtBz6+LphOUay8aHOM3h0qLVJvuSf22W3XAcOwefyjpmVstfHwZPcgbKccOrvOaPjvya6Rmu78jFrNSyAhvZ5GtKFpd4MfYx4fzEWgEr3YTTN0Vxr7xr89DrQCphnPhNGEKCUzBNO2v72Wd9B/rwT
0WYqw0HllbJrIfJZWZKqr8hNtusO6zNKDY03y9gA4/kJBzKTnL4OpRJXjRcVPKeqrTtxb+juKAbkmtgJrTrvhheZ5LvsO+TmrjRLWTb5J5XotNR9/ij8QEj3QSKqSiAt7smHn2XMrm5Ipm3vC2tBPAvjEcdy2Re/rSnJJc1EySvJt61r1vKJOx90LWkCM/amLv4Rwpht6vcqPeIowP+gbBNhHBZY/vCG0nbH3NNAmVQ=
l2ZaoSVMkgZfWescZOJKxXhX71sAiaDcRVnwrPFTgFKcy9aw59XZZ/RaHXJ9WiCiWJ3Yr3+liErCNV+GlDA48FdsrooDw88X7Id3vH6Zewk=
mA4FyGkoFTcMuvhcQznT4tb+RavGo3H/c5Bagt79SGyBvDVSCsYWPx3Nx24bGCTwsaWn3D+91g3fTOJai3w9b03Ly4p+TZzMu0SJJpHiXO0=
mA4FyGkoFTcMuvhcQznT4tb+RavGo3H/c5Bagt79SGz6Y0Gqw46NZPMuOpRUpSs+bKjdGf5SPd8tyVi4KIwHaPL7edxx6erDki1jbKMLO3s=
l2ZaoSVMkgZfWescZOJKxXhX71sAiaDcRVnwrPFTgFJ0xOaT8vlfLzbwtIzz7jIDNUvASRXhk6lvfpM0HHb1EP+xMvVlHetLpRAHDu6teU4=
l2ZaoSVMkgZfWescZOJKxXhX71sAiaDcRVnwrPFTgFJ437Y0HqbddPPQsI0j89OdewNBEpNGydES3ikaXZAxDrXLU4DY+BIcTtOxyQ36U0Q=
mA4FyGkoFTcMuvhcQznT4tb+RavGo3H/c5Bagt79SGxdy/gQ9ObSjt7OMXKiWxu2bsNMBiW7rHhFC7cfNbSSgmXRGnN7ZSdT44P4ABCKerk=
mA4FyGkoFTcMuvhcQznT4tb+RavGo3H/c5Bagt79SGxpzOAGJJv/K+8EeBnI4wdF9QSVFPIUoNKBUOBmC+MutAVL4JOdGU7S2McP8ryOoOU=
l2ZaoSVMkgZfWescZOJKxXhX71sAiaDcRVnwrPFTgFKINz6f4VMa0bDe2jxlB2U7d3r5bfQ4wRNelusEb4YJWvez/Tzlq4ijebN4Uk0W2Ro=
0WYqw0HllbJrIfJZWZKqr8hNtusO6zNKDY03y9gA4/nzL/UTbdc9H9OGG4vGvfh7w5qzuB35Ke9c/Q2n0ejDBCMxMKNLTHgB49Dyc/IWBrAjWQYByWuV8eTPCBGPqHpERTa5Iy+Oc+cEadiim9OokaYPISGOhJl4GM1f19tGQ0JmaUBSvQTCRTf9yazRphwwaVjz4Csx9ZxCTNvD2YpyMlguZEr7QmXtWRoZVJ1s0Ng=
0WYqw0HllbJrIfJZWZKqr8hNtusO6zNKDY03y9gA4/mOge5fLlXPrMGxGT5+l7siKpW6FEffgi+CkQ8Gfym8dzQ15eSWmTqkKLxgd3uHjz2oIXMvbsZ85fLh6zbnyp/7YXa2eQoTtLKERwc00hl9waUy+hwiNJ0M4w9hViJ+uf4ronU7IohwlfhFMDduvqK52nyaM69ca/Wus9mdW4bJCesJe7GBPzUoWXrHbniXyC4=
0WYqw0HllbJrIfJZWZKqr+WK8Ea1zgEatUB5C9F9Eo45aCYvXZUM0zmR4ffp7hweETonrB70bXfV2D0wHYFTTmXt6DL7/oWUdf3is7J2iAnDGw7ZrDuOD7EGIJFVASEC/mf3g6SF4cREJHjXNzXoegxVQ6ivI/Lq0fOV/rD73fK2fXW8dXGGGiPj9FWp80zf4lmqt/4JQiQQRuASy1Auc+8sBW1TGsyLxEGDUVlalLTPNgkWKC6jdvs07VXxF68d
mA4FyGkoFTcMuvhcQznT4tb+RavGo3H/c5Bagt79SGzSMOr34j9dMxTgMDO3rdD8DTDynU3aWu9JmJ7f6er+EyejhEpDalKXihXyEdyAe3f0/4O4WcIN0dqjJZXGlwHRDU2pdqWBPekJdtiVKIfVAQ==
mA4FyGkoFTcMuvhcQznT4tb+RavGo3H/c5Bagt79SGwC6ojUqXeC78xonTuTXsIG/6d7h1xk6MSjIfGckaVIY/iv7xHTsTbZtf7T4ACDfmY7HFeeuAD9bw8hWoYOytflzlIYfPmH+ki3LHClTvzL7CtnWtbWR/YwRj/Ey4Pk6Hdy8aV0ArI/0phdO0obIqX0vTg+pw2MVXavL5TYioLjfg==
ZuHQeO99WpBlUi/2KJTR0//sClXckcfjxzFZ8t+psQ/LatZhA7TzAyz06XMAqB9W9LwTMVXGNQL2KXK2IpemDpSKkzIk7TeoAHApIGRcNtZUgd1Je3BZ90nSLI8veTDKZOCxfCzbqz8jIpQzZtU6awOquntybdYcHoT/fXKlSWA=
ZuHQeO99WpBlUi/2KJTR0//sClXckcfjxzFZ8t+psQ96puwjlZw4vjUfwi0j4qib4jy4UJfvcq3YUMmTELVxQmrGquV+pUzqX6fsuwIMJSRoGfl8blqR30ds/PZCHBMh1PaHrM+lmeyWRXyFnUbnxr2LQUPDY5OQD+kgX9bbwok=
l2ZaoSVMkgZfWescZOJKxXhX71sAiaDcRVnwrPFTgFJsndw9bSnXqdIC18j7onJcPJxvznx4XGbnl5bu2e34CH+OOB1B8vw/1/SyfDMvXPO7ssqkXhy/zy5eYPo08GdH
l2ZaoSVMkgZfWescZOJKxXhX71sAiaDcRVnwrPFTgFJsndw9bSnXqdIC18j7onJc3cJutAzgD2Et5P3EX+AfXvWCMLWJfl2uKXj0tJ0f5qI=
ZuHQeO99WpBlUi/2KJTR0//sClXckcfjxzFZ8t+psQ/X9DfxW9L9MwSP5dy5K58InynSW+Ee6QIFme0eDLwL8HpRAzf0vZ2FhWNJxSA7wZM7UGMKN0bF5eXUYmtWku/SZCd2i6WAOJBBsaB7pU3REwtZa9kqK3IZSmWtPvpOm8Q=
ZuHQeO99WpBlUi/2KJTR0//sClXckcfjxzFZ8t+psQ/X9DfxW9L9MwSP5dy5K58InynSW+Ee6QIFme0eDLwL8HpRAzf0vZ2FhWNJxSA7wZNGHOWUlRFI38K76ieIbkNytg6ZnyvT9iGMMJaw0CRIPtVy2Tm0pYvZnHN6FlpAhs0=
l2ZaoSVMkgZfWescZOJKxXhX71sAiaDcRVnwrPFTgFJsndw9bSnXqdIC18j7onJc4hlujq0eQt6Bryug7lMchdHckgBkcBynUZjbwEmas9c=
l2ZaoSVMkgZfWescZOJKxXhX71sAiaDcRVnwrPFTgFI6HJLMisfM/5HckN7pFqEmm+lscnDQ7UShPGRcjBvzAhLJXhhJeuyEZwJVx6yhMy14Ip+dQxvQgNHH10voB7UMEWax0oDaWnTOQHZTDhuKzbrpYUdAgJGaW3896rj8CkA=
4cPoLQhsWmk4i8DlbyyYlyBMrO2xEuKTh9OovEXQiaAuRpE4hbtjKT+i0LfTD4mewqbSET9/CvoO3iXMP9vQKIASlv/XSByqwoxeGNbyXTvb1Z+/CUWWbD8JDxVRrCptWyUllHB0dNB1kMkSz2x0hA==
8A+3yBhY+Rdmqim62Ye3jC3jHwcLUD/o3Cj93uKwi54YAWGBzf/8h9i17nyu+xCanMbaOrJQ6UXzbOndLD3/8GNfE/HTYE85UMnvR2VI6nE=
8A+3yBhY+Rdmqim62Ye3jC3jHwcLUD/o3Cj93uKwi54YAWGBzf/8h9i17nyu+xCaYFOl369M1tcos3xP9kF8pZG54+61DK8DmjzCAAv+jmTDJ7eyXX9Y8ezR8/T7aR94
mA4FyGkoFTcMuvhcQznT4tb+RavGo3H/c5Bagt79SGz9lNvA4asXuTECkbHA6JUhbUjOJZ+wN3DCiWE0LExDjZgD9d4DaUhzs65eo2Y1syDGVBJ1XsdeXAmg0OZ8iK3E
8A+3yBhY+Rdmqim62Ye3jC3jHwcLUD/o3Cj93uKwi54ZOxOS8tLkCVd+F75WJCxI9J4zR1wV10HF+6jeWsba3dfESIbhdDOwu4FO4vLo0NI=
2hoQBa4SfhaeldkU/tXW3o0Dkq3K5Mm1Nr5nrQIjfbhOXOuwhWJH/jQUAEfFQcY15vsLEnxV3TzjwJEaAvo0CfVT5C/kfOcH2zoEgfl9shVLU/uzn9dlAxn9wa//rSRFf51HBKygRlxuNHmqWK8y2TcChQH22EgVrHyvpg0++WQ=
ZuHQeO99WpBlUi/2KJTR0//sClXckcfjxzFZ8t+psQ/StyiByOod6Q9ONMdLiISY38QT2/H7XOp6lZEiZ3GX4ccNNjlZELVY8iqwZBHF6Um9WvAdAx7NGGVfXBxFfBID4cMseg02bXz+u7z+SqJyKbZrStVkKpDW93I6zur3TkgaElZLEvnTA29cf302ZhIQ
ZuHQeO99WpBlUi/2KJTR0//sClXckcfjxzFZ8t+psQ/StyiByOod6Q9ONMdLiISY38QT2/H7XOp6lZEiZ3GX4ccNNjlZELVY8iqwZBHF6UmWf5BMvW0AEF6DN+nkBdLjvqZXizBVV5wqKI5uGIrInNPR6e+XcfJfBc2IH57ulpw7lnMojjCA9gG2A4U5Wj9m
2NfkNjDTtacw4h9dnQbX7q/iBk+n0yWeSzr2S/DGGk/GbWg/FOx8rOK4olj40+jMkpPbx/q6dGb3Cx4gkD6u/gXaBUqOlVbKOKO5LbOI7fhZXv8n3lxxQRIR757Xaa/i2bqoh7RgbnL5dS45v3jLMWvI4WSFPL/UIbHaItA+P0jhdnOhtdD6YdXY6Formi9RyZK/DJ7GFjgjaODeMMsc2Q==
ZuHQeO99WpBlUi/2KJTR0//sClXckcfjxzFZ8t+psQ+zUIeZjKXcYxB1yzVPznWXNdwB6fTEvSHreP40gjCtSP/2ZufBZPx3i+viAH7sjaydg2ZgfEsqkd6W66nK6aJKKXGMN53hx6Ycc0fHozYEcDVQU5uMYzbuFShyyy46LK4=
2NfkNjDTtacw4h9dnQbX7q/iBk+n0yWeSzr2S/DGGk/+k3DH17TmSXmkSb3tmS9RvEI3NYDr2RpnhHWTbCCwUVqZg0dDBHp3iFJJl7W5oBWxoXUDFp7g+IaSzceZjJMr
2NfkNjDTtacw4h9dnQbX7peKQd3IsVGrUVUudAcyE/4tVZr2NMoPSww2a38YHp+ne+EwzpHlQ6QNNidWVLF9HZGSD37qzeTX2kRaxaFqUMWR+lj48LLmuB3R346vWAOe7j5jfQ/DIjUr/e6jt4CTPCaT56PWgoeSgSniN1jjJ00ofgNAMpnIRBehsySu/MsN
ZuHQeO99WpBlUi/2KJTR0//sClXckcfjxzFZ8t+psQ9OXD8hGpz49SaXORy0Wxme5FVIPSdqhmqJJrqHzTTmsrwZ1n19dO2BHDtss1O6dSxxpsMooyGObK2YTeEdojK7B7b9k+7X8jeSK/VI+l7s7EFAkN3wZR0yKH8M6umMr6dcW84vEzPKpas5l3zZuhVs
ZuHQeO99WpBlUi/2KJTR0+HrazQDzpIKHjRkthGnlcJnvFF8dPpk1w2XwVp5T/rNdtiUI6ULVpZo+wMXV6YmTLN9p0q7WBPutD0fZtYeEICrJ/unYeWybVStVV/ToXdD0IJyrd8Sh1XoLzzBjRdmnlq6m/hD/iOzA4jQRaebUATqEzKVuBRS2V9vr6OtqeZ8UYMn6mzd+EkqSIuEionqVf/vTglkhwHRb6oCOIyW6us=
0WYqw0HllbJrIfJZWZKqr8hNtusO6zNKDY03y9gA4/nbXnmdX7OKcyviHg51/m/AsWG27iyRSHn8ljOiHIIU64ulrSsqiF6Mea03nyNOIFeM2nZELQ5w4E9grIfLf7Yh8nUbLXSWfzJojMoWGuCUvfs/2XQJonOuJfd8sD0bqfE5l9fFDs14jn1jN6Jz5DoSlkB32FMnfZId7YQElUbCuVel50iBg6w+EKfuupsBbs4=
mA4FyGkoFTcMuvhcQznT4tb+RavGo3H/c5Bagt79SGzw8bvyF61P2CoU05ksp3K0KghQ/V8hPA5ZA5uLXwiQKRgyOZwCMdLkJAY3zMbXKTU=
l2ZaoSVMkgZfWescZOJKxXhX71sAiaDcRVnwrPFTgFLxJLCG9XE5/s5R2jH9m9fXxavBdkmlQgXWGjYPLUg+KPb3dsdN0Doms3fyb9cmUt4=
ZuHQeO99WpBlUi/2KJTR0//sClXckcfjxzFZ8t+psQ/sQT73tUmB4su7o65O/nGx1F1HFfH53+z8dntotvA6uRkS0vEJkNlEsbdL5gs9ovc0WdguMkBHdCrxslL4uMIyn9DNX0D/srDMkIClgnA4Kvt8/AP11Hzda81u/3iIs8g=
l2ZaoSVMkgZfWescZOJKxXhX71sAiaDcRVnwrPFTgFLqgAnTzzOSDJ5wqQwmQLDMXJ2uTNFaTLMOWJjZm7kVgMtYyjyB/F0mEvijL0AUWuHh3I0kIwauQmYUy+jHd6Ci
l2ZaoSVMkgZfWescZOJKxXhX71sAiaDcRVnwrPFTgFJqF4l9gdV/NWfyylMMMPSSUCn3Hi+SB3Anyk1C6UDIuiBqSEhJzbE8Hdhl6x1GmsM=
ZuHQeO99WpBlUi/2KJTR0//sClXckcfjxzFZ8t+psQ+dhv47HTtqb6kAVnWvo1q25xe5+5drlmKFCIR+shtgODDRuUg6gbhRNz7AqZX7CXlB9YkuUizC0Yb5d9Wgnx/WsoubEYBIDQ6ZRXitg2LvLsivJYlbL7aefisRyHuNMyM=
ZuHQeO99WpBlUi/2KJTR0//sClXckcfjxzFZ8t+psQ+dhv47HTtqb6kAVnWvo1q25xe5+5drlmKFCIR+shtgODDRuUg6gbhRNz7AqZX7CXkyZFYLOGiJSCGx9PM2RwUQJ+TpChPv7I7haXhFMiWlDMdl1JZK0F39gzEHIuUSrwU=
l2ZaoSVMkgZfWescZOJKxXhX71sAiaDcRVnwrPFTgFKL469OEMThABdusToFcoz7Nf9wmu5X9M8fnQp3Ukq+roFq3zuapcWlyjY9y8qFIps=
l2ZaoSVMkgZfWescZOJKxXhX71sAiaDcRVnwrPFTgFKL469OEMThABdusToFcoz7Wdl+fecgB8cTdV2h91SFZ7dqW5Ft1dBlqI1HaMyMOxUk0pIr8kgecKbNCo457jAY7uROWfMPPvArDQ0IqayDj4wpHTIWuPwYT3266duqBpo=
2hoQBa4SfhaeldkU/tXW3o0Dkq3K5Mm1Nr5nrQIjfbgbZmU/GPo22Tge7XGwxeo1+oXvTP6pjHyr8wEyIkla0y4cA4Xh+zMNloYNhucCof94vgaEaVLkEqPekLxUrQb+Z+FZk5+hnPtwaGKY+8R4d0CUYfLlpiLjPNJi9i2wSrE=
8A+3yBhY+Rdmqim62Ye3jC3jHwcLUD/o3Cj93uKwi54GhP4Z4mX8D346T4s8xVGxxmpUIWhLiH7KwSxRLnO65tij+yPr4SGgiXYQUYpaCaw=
8A+3yBhY+Rdmqim62Ye3jC3jHwcLUD/o3Cj93uKwi54GhP4Z4mX8D346T4s8xVGxSaSn77nkGsYT2KxaygqGMNNcTWXRnSn03IWEsFbnKVW0shbqTPgJ/2dtd45lDV3M
mA4FyGkoFTcMuvhcQznT4tb+RavGo3H/c5Bagt79SGykhM4EdAdlL6PH5lZuC6+pmSSfYyEzSDHwrcm6R5x/8vV/0ZbQSh6AlFABH1S1tjZoCkBxDfrY02jzPDsOHNqS
8A+3yBhY+Rdmqim62Ye3jC3jHwcLUD/o3Cj93uKwi56K3UocvL40BjEHjK2TDQwnnN+ib6W3+2AiY/IbtixgECYWZkBP+lLwDvrwF+oeoLY=
ZuHQeO99WpBlUi/2KJTR0//sClXckcfjxzFZ8t+psQ/Kt8nBLuMVpUlv2KkcLX6ib0D419j1g9L61XljvSVWxLIH9OZEprv/551qugRjimnlDQUxK2ytPWU7t9/EsPEiG35YutIvj6f3QV7DIbyaceV5uOw0W7rF3CpAbi5DEDFzdh0O8Ty9Ko+emQj1kuX9
ZuHQeO99WpBlUi/2KJTR0//sClXckcfjxzFZ8t+psQ/Kt8nBLuMVpUlv2KkcLX6ib0D419j1g9L61XljvSVWxLIH9OZEprv/551qugRjimnbLnuG6xCeOn2WWFu21r3qvHBwviglRyiMM0tdWbMbTnrjPdhl75EETnuyASlT8gdHIziuncTZSkTpQyAZjuKD
2NfkNjDTtacw4h9dnQbX7q/iBk+n0yWeSzr2S/DGGk+IZxFBm07wbcTVfi6S5SyX4hi/AyVNiYT4z1a7NayUvEGF2Hac/VY1sjYkLPcbOEgyGMn0nGT6chtmgqdOt6GsQKScZH92OaGpNWGqijYKsM1AK1aGwbLttZhzYQ+ONyQokxV8ZczS+KUNzP9iBq0KhSiCU6Z6ZiQzc++oPwlJng==
2NfkNjDTtacw4h9dnQbX7q/iBk+n0yWeSzr2S/DGGk+ifIBDpqJ5a+74nOA3BmFW3CuVVGfegBLMuAIHb/YypwxY97cEO1kYYyeURNCNueRe5HLVeCBCHlORKH+cXVxa
2NfkNjDTtacw4h9dnQbX7peKQd3IsVGrUVUudAcyE/5TD4KsSPcTMBL3ZC58QuYKziml/0ZAQBpE2ubZFbOPGo/o51vwsbBfsVWnHkcRhptdhj9fWdGd/lrgpTRHMcvPncSpKQIp+dhH4WOemU+O7vQLCg+WQOy/PLAuALl14l3wrFldD71rUYcXOE6fQYCy
ZuHQeO99WpBlUi/2KJTR0//sClXckcfjxzFZ8t+psQ9fKt4xFb84aJn77HGkhL0juYv44XIN1XI8Ds65fGMbkOZkw1gO52ysSzABPH/MyI8faYlMd9HbKiijEhE7Relt1crgBDXSsLrkWRKsB261dVvxbZSZQ7HTTYfZttdoyvlOrAlQh4SwoKoQPM6N3p1Y
ZuHQeO99WpBlUi/2KJTR0+HrazQDzpIKHjRkthGnlcIHhQxCNor9tfk0ZsmILM2zK2JetPdPhn8uC4l1GjxBjUamx+gHN41Z1A2Pyp9t+yY2mwY0xp9/KJptKslBWpN9AuZ8vQT0cTLZViUS0Z/BSbdykkz/cJdFOsWW8q5MCH44OOhmFqZsIPUzSjLIa0UWz3FbSybd1+xABKwJuwlBkYVuuodiUp9wYhlYZQZXtMQ=
l2ZaoSVMkgZfWescZOJKxXhX71sAiaDcRVnwrPFTgFI+EF6Dd9CTK9JbtvlQoQ50O9XKFofd/ggNriYOmwREW8Zsxkr97RjSrq+8Qp2AafM=
0WYqw0HllbJrIfJZWZKqr8hNtusO6zNKDY03y9gA4/lnS3MszXdJQjaN4Z/bRU6/vQ8IdBlSRUaB92e43mgcP//KdVjslaqZvbK0ZBUil04938R9AdRmeyGCI8B1XY1udIu953sPOpPQ0Ua+Ic+z/15CglD4EgD2YvQmAh0X66bi2IjVvcZ0ABjhlvmDfSOZzYqWtLw7GnlfAw5sWAGvukhADqdmku1L8IWsU9VEoUY=
mA4FyGkoFTcMuvhcQznT4tb+RavGo3H/c5Bagt79SGzeqyrCpz5X9VyI0HJqZDlP2YarqzDlbCNnSL80R4QJSqyQ8y+DSna/0lctg5MB7XU=
mA4FyGkoFTcMuvhcQznT4tb+RavGo3H/c5Bagt79SGysqZtOEAG9euBEjZDQGwr+iLid4bl/0FRtlN0bJQY1gIl9Sor6cDzsQ95OOMcJwx4=
l2ZaoSVMkgZfWescZOJKxXhX71sAiaDcRVnwrPFTgFJRc9rFg8gcYL6Rt0MtQaayQgv2d9kiwXlBCGZL290XhBVpvk5uLMGqwwLgCnKXHxE=
l2ZaoSVMkgZfWescZOJKxXhX71sAiaDcRVnwrPFTgFJRc9rFg8gcYL6Rt0MtQaayN7Ek5ODnE0b1c8qvBZ/SX8I94+Mby41ROEhEY9hq7oI=
mA4FyGkoFTcMuvhcQznT4tb+RavGo3H/c5Bagt79SGzGLZZ8NRhklT0u/yikEuwgrYNPQg5d++ZABMQ/NUeOxw+3n/AUaNMysk1XCjrU6N4=
mA4FyGkoFTcMuvhcQznT4tb+RavGo3H/c5Bagt79SGyCuA/oqnzpGV+IqxlP1uS+MXJYXFU0/nO8e+xEkssuHGM5Yyk70AIQU9ui0OCGeiU=
l2ZaoSVMkgZfWescZOJKxXhX71sAiaDcRVnwrPFTgFLhAXd9aicf5MlFZb3jnqQyO1E3zPgZW5Cd/usVYASyny3fdFvb/RQZHV4HlTZCVnw=
0WYqw0HllbJrIfJZWZKqr8hNtusO6zNKDY03y9gA4/kjViYxiomLImp+jOn9lBmN5mn++eSKSRkwbMfFbd9qfjqwygeeynbQe6/K/JMW781d+Up+n2JDUy1uTcjxqHUQqRjAV9LzKnFa3e0NTaA4IQPmXw65nVdbN69+1hm5PgKGigODufTuIW0hAHNkkqbwJmw8WXxRfdJv3iv5JYa2eeNcIh2kQZ0DPH9LGKY3ISY=
0WYqw0HllbJrIfJZWZKqr8hNtusO6zNKDY03y9gA4/maXo65CxrhbMSUmjx54mbBrOyjGE9dHV+357RszB35E/imliQPb9cmEIlxSCCropQn/kKTjcG5Kj8shEvwd+CnW3N70XsMXfV8gDd6xn5k3QaB0C17S1Adl8UGbKnnfmIQ2Ccbm87qI1aMYojKRJQ5zNe4+QFaHkGPyZvs3Kn8pu9kRUHIwIJkkq9E7tPg098=
0WYqw0HllbJrIfJZWZKqr+WK8Ea1zgEatUB5C9F9Eo4jNcXtpkIEYmNURXjv0dxzDtdo81QzDC8tUx1luSTfSTRbBEmJlnTjCfRnqL3gq0yfj1qnpwj0VQxkGE/Ful3EPmjlQSaRgEkFkcCc+XSt0otGSMhrEyToY2LCEZgViXUm8JqB6DVtXRToxtydJMaMAoLXOSEwzEqVyCN4nnEqAOQeypTsKZxs8oz5RiuyWeeTADTf00UiNq7d1S3WjQim
mA4FyGkoFTcMuvhcQznT4tb+RavGo3H/c5Bagt79SGzMIcrYCE8QCTwJEMMRhfhOtqXtmthJPeNU2N0db28BHRBrbVPDKdGXcv6ioGgoKPhGTrRKZ+MiIGLxensANOz/H71R7BC+UmJ1Zl+42RNXww==
mA4FyGkoFTcMuvhcQznT4tb+RavGo3H/c5Bagt79SGwh3nzCDplSP4lrDNivSe3fe+GfODySN9Y9ccIJfG6kxqXLOZNbJ4Ks19XveNTSWFfXEmb4fiiEa6MXRKnYq8z8WplP9eloUSrc79E7oEfPB8lZraJIkL/abjHPfc8e7nAyyiXjKWo8KCnO99CiSnh4QEkYonnk9ETXRkco/Zah6g==
0WYqw0HllbJrIfJZWZKqrxUd+1hhE2JL2c3NgB07sElCmF0tYOQ1Xuz4Pc7In2UINCn2vPiCzHg++Wv1NHdTbUj3I84zwDJDsyndX9cYHAiOHIo3EPsBZtcIDMltkmjeo6pcvmAFHoHAIDUK44UbhEOM6udR3BfWVWIsnRKwUTbXItpOrbUI6oyD30H1zClbeSN2atHIna8BinTcpXqk7KR5bJ5zwIXi4PtoFdjwlYMiY/DZ2WR64XMp+PnG+M49
0WYqw0HllbJrIfJZWZKqr9vbynmk2m/MPafrcjPH2IFzleluyFApm73zdtWvOkBCoZplAVn/B2E7U8UgGttzsKTRr4TLqT/hZrZcj/glMuPtvoqdBRnXVWdRFhcctM7RyqYomG5G0W5WhAOtAPiv+Q==
0WYqw0HllbJrIfJZWZKqr9vbynmk2m/MPafrcjPH2IFzleluyFApm73zdtWvOkBCvkF/5CQSKuEvH8G3X9mHtWymRsNKilu5I2RR9K0QtRg=
