GmcONIA9PFzHw1gpPLLPoqev3ytAH5KO3S/CJpMsylg=
35kyjVfwBJgytCi6KM5Vug==
FNt9orFfFSbPIXNSbXcP2Q==
gE2g7VQeqq0h5MkG44fPUw==
A4ZCFW7RnVRfEnbtNxUDb8VFIQmzxcIFLuiIjRY2q84=
cwgQW1UgxyVfBeSrdwXHsPE1eoSAri+NViVSjTYe4hg=
pYn3RyiaY4vz2unSybTHuw==
mAzeFbkWBGyzJRgEWJSZYQNn44wFaguEUnqkvHVinQw=
NiGef/LGs6v8Em6sqLz1GYGKB0111uCW/TAqgkiW0+w=
2lfNnhNY+w/3xMaMUxJbE0YFT/wvMlSDz8Vrd5FEs18=
mA4FyGkoFTcMuvhcQznT4tb+RavGo3H/c5Bagt79SGwM1BFQef2SR3/V4aGWgyBq/OJQHDVRdjCsyGFIX/FrGL//AaF+eCGtv5WWDFu6ARQ=
l2ZaoSVMkgZfWescZOJKxXhX71sAiaDcRVnwrPFTgFLAeoRmJeFtqSpo6tMpn29Zp7mpMD4OT3q30M74r7946+8PGx4/IfuxFoAy1w+HgKs=
l2ZaoSVMkgZfWescZOJKxXhX71sAiaDcRVnwrPFTgFJTkyNdVL0lw0pqs1mK+wSBnb32BRWMrjUakEBYpmWG8g1MZxMwXE/eTvf3y5Ohhpmlu895SYYqb0Bb5pt+emjvncvPPDGS6u6tLpXepXk8XFCbf2Q7o5CY/LhzprDh5+c=
mA4FyGkoFTcMuvhcQznT4tb+RavGo3H/c5Bagt79SGzq/PNhaDeItlgiK0J++wz+pko+4IMJJEj6iNULFazBD3ykgRAmaCjcXCVmYtBDxnA=
l2ZaoSVMkgZfWescZOJKxXhX71sAiaDcRVnwrPFTgFJL3julQhGpDYTvCCqfcb+MuoPNjYkNxEa4UrcDl0forDXqh8LAMGSZLNDWGZ2F+fHRbWnozqWI0XLjX3Ewf3r12iIQxlmIck0RA20gFKubd2vA0V2ABzVQmUv6pvy5EPc=
l2ZaoSVMkgZfWescZOJKxXhX71sAiaDcRVnwrPFTgFLYl6mH/gCv2etPjelbUP0w6t35vN8xyjSe/GHbm4SgtBnoEqwUn7ASgC0f3ZR1J8YAqHrGFDPROaacUzjwJ5pV9L1wlEs2FB9zcqupzwZtm3L3MrrqjMFhb3SDhRrv5C8=
l2ZaoSVMkgZfWescZOJKxXhX71sAiaDcRVnwrPFTgFJf9uixyf5q18vHqWbP7lR9YERxIkjlYvuR6dPbY4xihFDCdWdmDj27eYSBWQRFXosZUQWkzKYWykNcqVKWJup0JfKooezDnU20Vup5mpld2aRLFYszIMIGOfpU5omDueU=
l2ZaoSVMkgZfWescZOJKxXhX71sAiaDcRVnwrPFTgFKssofTv14jTyZq1j6196ZCXV8zn8EG18sDvwgMXBZoI4wrVz8xU4pWP+BKs77DMzrUEi5q7aao50Q5QiuYTYqU
l2ZaoSVMkgZfWescZOJKxXhX71sAiaDcRVnwrPFTgFKssofTv14jTyZq1j6196ZCpBcKQGvNnzbz3UTtOW8/suiS1V6zZSVtKlZUjefG3yI=
ZuHQeO99WpBlUi/2KJTR0//sClXckcfjxzFZ8t+psQ/xO/4IffulpgcRJAYrkImEYtGxr9+QbiuHW3vUUaG/Z4TEpBrvnkz4Q5Lhw5RN7XAkkGHpqcgOTLvyoqfeUJGYlXnYBfJdqM6Z1od67r09k5Y3Mo/MufB4BMmW2Ls4syI=
ZuHQeO99WpBlUi/2KJTR0//sClXckcfjxzFZ8t+psQ8ORCxs6elPESyuP1fMW32yRjkV8SqIWG2FUY2c8SHCtYr8wPrZVxndSJh9gq/XyLgUzdQcOZDc1y6OGz/ee/XT8dY+gdGQcPTuBIQrBeNKB8LYHNeMXQwmkkWJdpadcQc=
l2ZaoSVMkgZfWescZOJKxXhX71sAiaDcRVnwrPFTgFJG8hstrgQC4x7GLOkjrEzzutes6xf6p/ltjIKzoj6MftvTHt+FE3I4YT0owU9UyJs=
mA4FyGkoFTcMuvhcQznT4tb+RavGo3H/c5Bagt79SGyWhqjPz0pcNo9CjVF4cBQDio1/iTFPFvC9qfVfNnOS8fHoDWTio43E+L0lef7iHvXL4pGdtOOqOPO65ybnfskRmxhMKvXWbmORZ1QVHo1CUNlF8uwPuW88hO16HqgVTwvDjO2xh0JNOIivylQaIlMM
mA4FyGkoFTcMuvhcQznT4tb+RavGo3H/c5Bagt79SGyWhqjPz0pcNo9CjVF4cBQDio1/iTFPFvC9qfVfNnOS8f5OCmbW0vL1/sMm+IVOrs85twsBMvaG6UfpC/ZCJPwx
mA4FyGkoFTcMuvhcQznT4tb+RavGo3H/c5Bagt79SGyWhqjPz0pcNo9CjVF4cBQDio1/iTFPFvC9qfVfNnOS8Ua8RkyzA8zDb3A0sJuVQ/PlYoRXk5BsA2NKGnaW76YLCrJXfdR9D4f8HCl4HDWadfwP1kefg+SXRdqvFVBKtqxDbY25jTMgpBweZaiavkU/
l2ZaoSVMkgZfWescZOJKxXhX71sAiaDcRVnwrPFTgFJg3ir2bw95F3g6CfdbveG4FEafk4SlWShz9d/zsUPIUmH+IpV/sJ/kT6INovv1As4=
l2ZaoSVMkgZfWescZOJKxXhX71sAiaDcRVnwrPFTgFJg3ir2bw95F3g6CfdbveG4CjBss/CfAw6T28oIKJT6puGpXTX0CvV02Gmz2n/EN0s=
ZuHQeO99WpBlUi/2KJTR0//sClXckcfjxzFZ8t+psQ8HwK7FpO8In0zSsz6xoSzACo7wMX2IFFng4eP8dyvcAa7b2ek9dbdnLpxwOwEbxXwxMcgZ3v3hZ0hvwsGHQcL74F0E3tbO8spoFtRfZqneMXMFoY3pqzUf/Rd8LkBEExs=
ZuHQeO99WpBlUi/2KJTR0//sClXckcfjxzFZ8t+psQ8HwK7FpO8In0zSsz6xoSzACo7wMX2IFFng4eP8dyvcAa7b2ek9dbdnLpxwOwEbxXxltlw+wExeD3kTJ5wZ9nx+sQzsmUwCFVxwODthGV5Xm5ilOdlMkCBpV+mM5f+0UhZViNO+yTmsf+OayG+9Za/t
2NfkNjDTtacw4h9dnQbX7q/iBk+n0yWeSzr2S/DGGk+JDlILNYCFZNQQW33LnQKjwK947z7XDPlKR85Q6Y4TVmt2WNpdIPYO99P2SpDyQRsPN0tXAbzmfZOZDD8dVp3c9s24pj7LlPtZyfKB+arQlpTGkEuuPGlUJcLiJ2EWsq9n6qgdi5AXZJt89EEkkObUEq5gYCDnqjnh7SMDVzq23A==
2NfkNjDTtacw4h9dnQbX7q/iBk+n0yWeSzr2S/DGGk+bsrfyGE3XpxKTSBisXHgkJ1cnj93ZNPwwOrvChSNiuig3HNfvM9p4Jyk/cXpcGoAph8ATQIxza/oTxH3MX0+K
2NfkNjDTtacw4h9dnQbX7peKQd3IsVGrUVUudAcyE/6hWuXwn1cT7sDuRJPzCBf06osltQR6GuAryIK1OXvvg/ZuCZBSOqnbm0h9DPWNLWqT8CLN0FzNvYeFpSqzFQjubWIvqJulAup6ZW014nCoU86O0c0uDPdJqoqZYD4hOFpPeYm/c9AMpnh18FSMMsk6
ZuHQeO99WpBlUi/2KJTR0//sClXckcfjxzFZ8t+psQ9x8fdS93zM1pUvlNZs/Poqr7Nsx60+hNtN5sO1OU3VQrG4cC3oroKhswPSy33cxxByXJ+WFY7m/Sd+qkCi8JJcr/PQWuCXTDTVSwwOo/h+ibvCgcmr9OLkeBoExhbm40k=
ZuHQeO99WpBlUi/2KJTR0+HrazQDzpIKHjRkthGnlcKqYC894KWv6t5vb6dA16hSlGBVnB/AEWDKjUVZEdKya9Ge+WCobjVXux2XN35892N4AVdagR4/tUqFe6nYHqsZjp5j6aaeEgvG5VBZphPq8OZ8gqcwN4DxESYgbh4Dlfim45cRjNVqwplHJXFLpwdCtX+TgQEgjzje1UXlAiWxcyhCR7kJ3ahSxnakajoP5Z4=
l2ZaoSVMkgZfWescZOJKxXhX71sAiaDcRVnwrPFTgFLWhIIlTKHMRUQH1wcdOlWjMbJ0q1GN5R4wtFXBHqT9Qv9GBfehm0RB9CyfansThZUmUMr2IHt2HNFwuMDEMdhu
l2ZaoSVMkgZfWescZOJKxXhX71sAiaDcRVnwrPFTgFKoW/f1A3K0ZDAEyqifOTSlKv+Ful8vrbrhtSioT+K8ZorvltzP488CPRkY4+YsGP8=
ZuHQeO99WpBlUi/2KJTR0//sClXckcfjxzFZ8t+psQ+N8B8ITmBKyNYho6cMHeSjapDFOAx0r0NofonOCVIDGdeRp7GnOW79JZM5aoqhPgepP7nAI2ImApIcpG+kYF8aLrLkGjApSxizGon0mEyMWC24blRUMCjAHfqj0W/OpI0=
ZuHQeO99WpBlUi/2KJTR0//sClXckcfjxzFZ8t+psQ8w+WLVRkbJuL6mALX8V5o/97imVfa59IJ/KWNZZfTuNsz4qc5GsGZMyCpYXOK0eLWV9o60y0LJh5clMNW3k2rGhsGilGIxtwGbv6wrYtzjDbEnMqWfcYMuQwhMhABY028=
l2ZaoSVMkgZfWescZOJKxXhX71sAiaDcRVnwrPFTgFLjBO7CXbKB5plk/+A8fIwkm4mmZx+aJvOwRH2/47mz4pU7TkQO8Km6w2D6bjGKUAo=
mA4FyGkoFTcMuvhcQznT4tb+RavGo3H/c5Bagt79SGx2v51RiPHA+Wm5O2mXx48nGhlYSdPNLslY8DShdeuGBVO80KrDfuJ/MijXoivbQDUQFdEFW1Zaab7khrdheP7t
l2ZaoSVMkgZfWescZOJKxXhX71sAiaDcRVnwrPFTgFIAb++oQL8QjEZ/AjIkktw3lAHkyXPYTspfUOnARdv/RfTA0CeCMDZ4vGLgNizxh4s=
l2ZaoSVMkgZfWescZOJKxXhX71sAiaDcRVnwrPFTgFIAb++oQL8QjEZ/AjIkktw3I+hiif7qkenR6ZlvvIBwicJSWzwbrWfRUylHzS0nimU=
ZuHQeO99WpBlUi/2KJTR0//sClXckcfjxzFZ8t+psQ+C5BMNPvKulSj+cDJHlo0OoH6udwT73rfKuFIvrRyOhCiZPFFLQKG9yF6QmiyiC0uLaP+VFSM9sPrI8or/L6duDndPrDuvWhvGEJQmXikfhxEYh2vXoMXRnJpF8YoR9I0=
ZuHQeO99WpBlUi/2KJTR0//sClXckcfjxzFZ8t+psQ+C5BMNPvKulSj+cDJHlo0OoH6udwT73rfKuFIvrRyOhCiZPFFLQKG9yF6QmiyiC0v0ZbBT7LudWzd0qsvtbSHQPRwbxEsidXLEg9e7vpQ91PnwwVtgUguTTQmCxL0AUhgat1hhZ4XJPrlSBl5IsZkz
2NfkNjDTtacw4h9dnQbX7q/iBk+n0yWeSzr2S/DGGk8wq3F8xMw4a5URc7voWxuVrpMzPi1qwh76hJwUAH2GbK3KgfV0kiJoae8rHjDmgskY0X/SVe+VmRMfbO1y3h1d35HwyjVm0sd2jbp8s7H931e/FId5LbdQior0vCjvripRHuum5O1KluSThoLuxlECN5TE7twWf7JF9kp3K36iYA==
2NfkNjDTtacw4h9dnQbX7q/iBk+n0yWeSzr2S/DGGk9hIpJ3U34dUALgMwdbtoc5/LKfqB/mSmUApVk0o+b8kkAK2Vz0RtVXA6wg8YJITnJ6ttTldR9u9DsXUNsk3sBi
2NfkNjDTtacw4h9dnQbX7peKQd3IsVGrUVUudAcyE/5J09J3H021XflrZ46aiBOaNB1UKQC1WOI0Rq7cC1cBYNClk76m4ZmWKVxGrN63M5MMuFZCYMC2smFCbCAhC/HGS+BmFmWXtmWczp4RCUs+ErYTm1sXtk/dYJPrp2ZLRIXUTdG+ffx3pC3LWvMr4geB
ZuHQeO99WpBlUi/2KJTR0//sClXckcfjxzFZ8t+psQ/om5kde6o1k7n3j32IijjmcbxWN8BvtQUFje31vTDLLVX4mY5+fjxlEK1BrceGwCSCimcXY3r+ndQajqaTWK8kEjkAf+GmG9guf4BInMpS7EVDvBpIZcjG8lcBCZYbQW0=
ZuHQeO99WpBlUi/2KJTR0+HrazQDzpIKHjRkthGnlcJuYGmExTLoqgt1wQlkMYkybHDVF2NVBfzfdP9bmw2UKMHkQ3A+sEKYKk6Bc9PD3VwqgjUaFFdvC7rKQ7MPkr5LaQmvhd/E8NbAFLNtPcYW+gZy6Gj/NBm+rDkkZq8WGBie/c7bWUvb9vTKyZavM/KhahH1kx4xMhCNKGN6FrwDV3cT5+ScG4ku+3JqRMMGNbk=
l2ZaoSVMkgZfWescZOJKxXhX71sAiaDcRVnwrPFTgFJTxKI+l8cJR6/zbqCRx0YOQBJB9igjdt+nFwYXVkJt0Q601SKm2hkOr4Z+xMvDkaw=
0WYqw0HllbJrIfJZWZKqr8hNtusO6zNKDY03y9gA4/ktyu1cQyrWOelH9XkEDFCOw7qFhjOKh2/+UJXKeux2HCeW4UYobtRgpNBJs9b9yZRFmbGiZA7sF1j2iTiSzOucyyzCLunVcuPjBBnrg/JJX1qddyd7zDZp7q0jQoAzMONoTXKj21cY7GdwM4FsqjMf3oMWNZNZCwf3PaB4Lyfl/AAXLk78Jw4jn9GIkPXputY=
0WYqw0HllbJrIfJZWZKqr8hNtusO6zNKDY03y9gA4/ktyu1cQyrWOelH9XkEDFCOawswhX6JaZPjLVIC4RhK/wGw4dWxF+MTCCbLIAZ8y71tjshfTtYieN/Z0tR9dp6q3JAQvptUmbJROrPQhOL5ZndeDdwt2KYhWsFGe4p/yN7mkjAnXeuQhEoExVFqvgpNdj/5tCEWUvkFbduPQwmknTbKdUjhLaFJ+ajrgS7Qjdo=
0WYqw0HllbJrIfJZWZKqr+WK8Ea1zgEatUB5C9F9Eo77t7S90JePzjCfnMaFbaZchEPolPXcEcCmv1U86S4RabWrRQtMxxgHryUXXzXtsVrpVAMjILj2A0l6WRo1Czr9VKm5OyAGDAtZmLs2lkTzMfXiQkttKAYJx68kAq7E+zUYjt9wzw8J5SsHf3b32l6BDuOip2U1yWULzFGTEexUnvi6uDJ6CzZLO+UzMhZNOkBwv5UAeGFF1hHTXatBbny5
mA4FyGkoFTcMuvhcQznT4tb+RavGo3H/c5Bagt79SGzh5TXKfhBKnLhhrHtgLbR7rJnbAo91mWDOJWMcJbfN2XzWZstEOnS86w5GVrnqhx8=
l2ZaoSVMkgZfWescZOJKxXhX71sAiaDcRVnwrPFTgFKNpcAykLOTrvRKlPnGzSh7yI3Au+2o/V3475dij9jtyk7g1IYIJil7ZI3D3H+Vn/U=
ZuHQeO99WpBlUi/2KJTR0//sClXckcfjxzFZ8t+psQ+2i/OlMl3IW/vTpNURn/Riv3BtdKIJtNzmVR/bbY5I8deeYUoapAbqTaxZU/rXWOKVwcX1ogZeJp/k8K1GTtE3TMR3akolpEp/4lTPXBd225Ixs4moTul1hdleWwRgB+k=
ZuHQeO99WpBlUi/2KJTR0//sClXckcfjxzFZ8t+psQ8oZ1V39A/sKI2hpoW007fyIGHOJRp67nFTaVGoyTqMCZb6RAWGsxJyozHxAiWw3hSpHs0zxx22p2rVeL6TEDdflE8frFSF5nTV3ECWgzX3fpqUO44Wu4abm4Zk211D/xg=
l2ZaoSVMkgZfWescZOJKxXhX71sAiaDcRVnwrPFTgFIW0aNXvhVKmtYUuxiULLVd5GUSplpvassYxBixYGW4epXliX3WeFLM/SEjpLJPVGFjYRFouQ7iytE28FkVJofGLT/tTfcONF8O8JeuLyrzXDlMP2wY6E+BOM6DfFR+NNU=
mA4FyGkoFTcMuvhcQznT4tb+RavGo3H/c5Bagt79SGxvCws8MmyW76QCRGeL4mt+LHEnw24EZ6Cxfd9yk3/fwsHK/bXtujNkp2slke+lXcU=
l2ZaoSVMkgZfWescZOJKxXhX71sAiaDcRVnwrPFTgFIckc/VInDd4wSVVpiEovtXiso2cwU99Jix4aWvRSbylwmIINResWkRFRIvJCh56Ck8l36Rv3M4mTb0Sa1h9CWajVreqPrcQmXSgrFUGB+K8P4RK1gmc7quOtRtEz828pg=
l2ZaoSVMkgZfWescZOJKxXhX71sAiaDcRVnwrPFTgFIb+dUSnz5ZhZQOn4rrDF6Chl4K26lc+lhYgOKHME0bbXFJCR+7g/Pj579cjyuOUbxxKHjwPwm8noZ140I+sGot1PxOkzaUwRjwTflEGu9kcjYTOsqD7fXLfzD4tDd/Otc=
l2ZaoSVMkgZfWescZOJKxXhX71sAiaDcRVnwrPFTgFJzBeQW1TZSbszM2+8oIlxb4+ITQocECh3tAcK18lFr6VbbrdZ4rmm2l/yeF6pYfIqzchO1jsq9EaSVDxZyTuX3
l2ZaoSVMkgZfWescZOJKxXhX71sAiaDcRVnwrPFTgFJzBeQW1TZSbszM2+8oIlxbrwVjQ6O9bZtugFCtcBtglBDgBLVmqv4qUzP+1MkueRo=
ZuHQeO99WpBlUi/2KJTR0//sClXckcfjxzFZ8t+psQ/woQMQya2Hec0bO4zSLvyXb2Bgv3ATyvpoZQbNfipqW57kkRY/GK+stUhCFTl8dddMR8k8UD84QwTAttzmawaxIsBjapVFimg/GxgKFT4NwEiF6rEyTDOOjQqfuWXexqY=
ZuHQeO99WpBlUi/2KJTR0//sClXckcfjxzFZ8t+psQ/woQMQya2Hec0bO4zSLvyXb2Bgv3ATyvpoZQbNfipqW57kkRY/GK+stUhCFTl8ddcKFsVlxg0FwFeJEr22nMcJ1K2DCqFx1c/rahNlnp8wpZLXjbQsk1NS1kY4OtwQMYo=
l2ZaoSVMkgZfWescZOJKxXhX71sAiaDcRVnwrPFTgFJzBeQW1TZSbszM2+8oIlxbH1pv0/DLP+6Ysghjw6csu+9VtYi4oHwVeqQ79OY1KVY=
mA4FyGkoFTcMuvhcQznT4tb+RavGo3H/c5Bagt79SGydaZDw5kVQlxe+hd/DflMRkW2irdV56MUaEN1jMpbLX+fpBq4lSAOV4K0Jwdy9yYjkodzQ+2eUq7lgZBGQPIE7
l2ZaoSVMkgZfWescZOJKxXhX71sAiaDcRVnwrPFTgFI009pTpyGcJQPjqsIkx+X828B9h60Cw1Y8oLLqUpIDYiFbamViSHUtIHMSjY40S/0=
l2ZaoSVMkgZfWescZOJKxXhX71sAiaDcRVnwrPFTgFLYYtZp0GCxS4jmlsLUlWmrYKQBwDtRf+W60R4dVn78wxW0blL8wn58CHhd9MTxRds=
ZuHQeO99WpBlUi/2KJTR0//sClXckcfjxzFZ8t+psQ+A/ddCxWieZsWbi9mRhgC4dGyYWupkwz/eHZnXAkJ0SvBlG5LlHCJv+eySF7fA9hvuGCuwCjCfwCLh0HZ5kPOXh3mYXq8DqelKjwlB1ntw9OcUNtaj7k6M9ZX/I1S461g=
ZuHQeO99WpBlUi/2KJTR0//sClXckcfjxzFZ8t+psQ+A/ddCxWieZsWbi9mRhgC4dGyYWupkwz/eHZnXAkJ0SvBlG5LlHCJv+eySF7fA9htiE7/HpnPw6Uha50WPkTLkHA+HBjQacTaKWOE3BqkYhhWiyHP1Zw8Ke7Fx7FaItkHSmaHwf8zskwToKQsWLdjC
2NfkNjDTtacw4h9dnQbX7q/iBk+n0yWeSzr2S/DGGk926fBaxaL5sDGVYk2DSJPB8GF+D7ELpWTNbrXrABOebKXnLfRZS5J2EaoFa1YoFgo2IKywia7Yep9sEx3AZvT8Ie+oJApWIXivleLsJXZtIRPDtw7Muk7uMiKh3DZCZFpt+1NPk2OfZl35623cPB8dPzw7iRlbnfA4JqiPPIy40A==
2NfkNjDTtacw4h9dnQbX7q/iBk+n0yWeSzr2S/DGGk+SG8rZJ7MTzdtJhmLlNrYf2euEKeeoSz5m+bU7kQLWfcVllBq5czGkZ7fxUDAtoww=
2NfkNjDTtacw4h9dnQbX7peKQd3IsVGrUVUudAcyE/4EUlUP1jb08arJoI3puLkREJoM20QKTy1+MauZW0LcENrU//96fqSz5nGZ6Osb4pCXn+ndGT697CecPSRgCsDjKk9MusOQmooVdqIgUV2o/AD79pDmgZh2KlrcaYA2Ys1DWRvH9MkJ8SPtmTryKevM
ZuHQeO99WpBlUi/2KJTR0//sClXckcfjxzFZ8t+psQ+JsY299fQ0d4+2cq+OuYjAuRFCpIuuVKVvt/tKouiSvXh14hX226wwoLK/066Lk2xZr6ybDOowolaiOYRl/KuLTU0Gd0n3HL1rFSbGvUt7dzAs4DKiXOMk1F1z5V6lB4M=
ZuHQeO99WpBlUi/2KJTR0+HrazQDzpIKHjRkthGnlcJfDntsUCbVu4XHapG2rdufX3OIPzgotZpjRkJHGu6kyJpg4s8KznBlXqKc8YL0NZpwoVF6W0IpDNKqrEspSKxDu/r5iPPp3uwoe6aeQSPe5x39QBAg90/z2OarnNYY9yNv5j2xSMCSzpMuxvuDxkaOEx/ic+ozpPs6zad9yfUfP7FrAW9ypDzMl6i6GTtrr9A=
l2ZaoSVMkgZfWescZOJKxXhX71sAiaDcRVnwrPFTgFKLDItEo48sQr7eGmUNS7Yblv93Mxv3FSxlu7RZToLlRuJWW/aHsGlznHRmrrX1pr54errjuHlo9ZN2oVRFgewn
l2ZaoSVMkgZfWescZOJKxXhX71sAiaDcRVnwrPFTgFKLDItEo48sQr7eGmUNS7Yb4Oe0v7T3/GXLp/Yuwit1mXol+fgufC/bk5TUM4N/rwA=
ZuHQeO99WpBlUi/2KJTR0//sClXckcfjxzFZ8t+psQ+aPCa1WquEekqRoRnrlcqFK2zjvqKlBVZ751mVavWZ0J6MtikDEoUkH8K07kwSk3eKkTRZ6D+1bu1Xjr4B9xtZv/c4FX1h5a+sH9UvmTDkeUEzShyM2ZFN4qo/H2FMtq4=
ZuHQeO99WpBlUi/2KJTR0//sClXckcfjxzFZ8t+psQ+aPCa1WquEekqRoRnrlcqFK2zjvqKlBVZ751mVavWZ0J6MtikDEoUkH8K07kwSk3emIeBRwCMgUTVvXQhYiqM9Y+UdsyZfcDE2JUp28dHpkVWeY7iMOpIqfn/qxNlHN98=
l2ZaoSVMkgZfWescZOJKxXhX71sAiaDcRVnwrPFTgFL7HmwO11Fqu5P/Nn8oJazx++GFMpfZMY+chpgm0GZK9cXe8LunKwxH0hEn5cQjIHk=
mA4FyGkoFTcMuvhcQznT4tb+RavGo3H/c5Bagt79SGzhJn4XywlT+Rdx34Mwx+pERhy0tRySwGcWfgWYG6F72dlyA9RfZqO/dBjvP1RQwIQWuf5/sTrHcGTAp5PeNvOR
l2ZaoSVMkgZfWescZOJKxXhX71sAiaDcRVnwrPFTgFJQVna2bjzIvHarCi4SBGYrb1ZVAyvRznFsIVyoBzgKxnDjz7PubV/DL5IrgSgpWX4=
l2ZaoSVMkgZfWescZOJKxXhX71sAiaDcRVnwrPFTgFJQVna2bjzIvHarCi4SBGYrBm5umIYOnmDDKOfEJM0MSdnq0iI05wsv2/v97fKfl8o=
ZuHQeO99WpBlUi/2KJTR0//sClXckcfjxzFZ8t+psQ8gYezLIG/TiafpKGKeXOeTSR+7h6V1ATGvdDZB7Aalp2JrCT99qJ/opceXQHoYgkyAOFGQtrZe4lCJeepnngN2v8Pd/dB6HTf0M0SvruiBdPma6q/nlPoD1F4fUOj1asU=
ZuHQeO99WpBlUi/2KJTR0//sClXckcfjxzFZ8t+psQ8gYezLIG/TiafpKGKeXOeTSR+7h6V1ATGvdDZB7Aalp2JrCT99qJ/opceXQHoYgkwmoceNphgkPBdNT2UmteuDy3DKcq0Ou1+GBpmZhK+ScJNXAARwNmHqH2gdx0FAsRKPoSUqOOAv8kYt3pu3YHQq
2NfkNjDTtacw4h9dnQbX7q/iBk+n0yWeSzr2S/DGGk+8nlsBjKY4iicvqHNy/WDwEIihpRiZ8cn2flezj9BCNvUrjRy/hSKkEkg7C6md5s23aROCi/W5SqEVSg3uIhAHaYjBif13sR1GMsqxpcBdJQDY71dBNnSNxDpA0gTRf52NTVs8q+2DTYS4ewg0EDBUEdUAGUnVJ16hwE0VnUwKog==
2NfkNjDTtacw4h9dnQbX7q/iBk+n0yWeSzr2S/DGGk9h/Xu78pQfBKOlEZEZ3D09/OaUhkXeKOmw6ZepigJKheGeE2/BdJXDEBBMlkBYmu4=
2NfkNjDTtacw4h9dnQbX7peKQd3IsVGrUVUudAcyE/4QoQF+vffU6JU1h2Mk+ssN0vHvgklZWCHnock2gQipac+W5dOQ/NYL61Fke+NjeGc8gwdFFAC3Op7+aihH19wX7V8yM7jPMWEeU1Q5Uk6DBLbmOcYc1GJTLu3OKrgoltGyOn59MIeV7ArvXCrroz3j
ZuHQeO99WpBlUi/2KJTR0//sClXckcfjxzFZ8t+psQ+YTi/So8YjyFmlG//AVn7QeOdur6jL11JyxO0G2QFYqtccSCuf2kPu2lIHf78pe3PFFpsuBeufWnzDG/17tmGUS0qpZIGkMYI/U7E3nBoyl8I+QQFC/FaJL65qsL/lssM=
ZuHQeO99WpBlUi/2KJTR0+HrazQDzpIKHjRkthGnlcIByu4dJn+06OB4mxxGlYgb1p2xhBVNu9nYUNfJ+P/YD9ueBA/6FARL3AYH+vG369CDGubtKw0/Dc7vTL/eqm+6H6iIqqxt6dYRtXbLsSEHGrShd06yyjFJFZFIUu74SHPtt+AESWpXp/g9aVs9l/5sYibR0+M5lJUKV4My59QE2HDNC9lp2LBivUsVJSD5lJo=
l2ZaoSVMkgZfWescZOJKxXhX71sAiaDcRVnwrPFTgFJyWIAPsrGj36LwYVcpww7KStX4vQqO4ZfGtCrpCNJBD5m53kaYSbVT1497nLNSUkQ=
l2ZaoSVMkgZfWescZOJKxXhX71sAiaDcRVnwrPFTgFI3JTjhbbUJmenpy8aEzqOy7e+4NR9U8B3vrUiqOA/KgGdYHVzpBW/tVwxgF9icn/ZT9w2eJtonbQ1UVwb3+QoR
l2ZaoSVMkgZfWescZOJKxXhX71sAiaDcRVnwrPFTgFI3JTjhbbUJmenpy8aEzqOyHt67HT0JeeEEWrJp3K2ud5ail9sxEZMDl+Q4fXmAsJc=
ZuHQeO99WpBlUi/2KJTR0//sClXckcfjxzFZ8t+psQ8Jzkm7Q+ggR0AYRJB9xv72BgDitWoK2O2aWaSYHPB5/EUfkN6Ad+xPDIQLXxGFYKe4uDKEGUIAPPTDH4+PwbrahPn+7cNnKSfM4YHGJui0REi98HpNnECd+PWW+AeBZ8c=
ZuHQeO99WpBlUi/2KJTR0//sClXckcfjxzFZ8t+psQ8Jzkm7Q+ggR0AYRJB9xv72BgDitWoK2O2aWaSYHPB5/EUfkN6Ad+xPDIQLXxGFYKd3NUTowFNGfdaQLGzu1g5LNtR5yyRtWWLlG1G02qeAKD0KKLTECJYs7neKUzj4OlU=
l2ZaoSVMkgZfWescZOJKxXhX71sAiaDcRVnwrPFTgFLctt1p4NDPMfgzRMNNn/YidcM7rL3amwP8RHcmZ3g/r+ZRE48DkfdtGoswDMpyxcM=
l2ZaoSVMkgZfWescZOJKxXhX71sAiaDcRVnwrPFTgFKdbp9Q1A+vjoydoicsI5JZQT2tfXkH93RiogIfSo++wBhl461+t2yaUcCHJDWN1Xk=
l2ZaoSVMkgZfWescZOJKxXhX71sAiaDcRVnwrPFTgFKdbp9Q1A+vjoydoicsI5JZ2APbY6Z1OjuH9BMt4Gv+LDDMS2b/In4mhtU6zdSHDhM=
ZuHQeO99WpBlUi/2KJTR0//sClXckcfjxzFZ8t+psQ8pdSwOJQ5Vp5BY694Ao6P3u6Ur2+hGffWd1O6MWshML+1CEA7ZG78lUiu3Tb46uMBV/a9Zli9TXAEVDcm4OtNOmrnM0VflcEU1Ro+ZS8dRMTh0oN/XflBYgsRZFv7yqII=
ZuHQeO99WpBlUi/2KJTR0//sClXckcfjxzFZ8t+psQ8pdSwOJQ5Vp5BY694Ao6P3u6Ur2+hGffWd1O6MWshML+1CEA7ZG78lUiu3Tb46uMDl9RIiPRY7pnADPN86NdsyHx1UQFVH8tc4N1+Kgb14JTrFCsGG0b4ruS76ygT9aHwIVp+5E242QSKltBFZfcVE
2NfkNjDTtacw4h9dnQbX7q/iBk+n0yWeSzr2S/DGGk+I9ZY3MkKJwc/aUETcp80EF4yc+spT4PYphSLvwrXyGfJf28cQs8xSHKPPNsPpEryJ4qRPyDmfmUojmYj7qFfOIHH0VGZ7tkNs39Hg2rtj3XhkVU3XxgG1WHvSALbFKHSPu6J/6QIGeJxPe1Tm8iTiW20StiIEkwoAvzW3lMDWHQ==
2NfkNjDTtacw4h9dnQbX7q/iBk+n0yWeSzr2S/DGGk8lXv/kBsxyCGpqjJkKcjsuclfQeZYrDgWa7XegoAEwAoZTaMX0QuvrjQ5F1LA4WwT82ivSOf0sS8KpaYUPTZP1
2NfkNjDTtacw4h9dnQbX7peKQd3IsVGrUVUudAcyE/6bd1wMk9KQgkN4PmK8ee8i288Ew47z81RBaYJwclBvd0D4dhOT9naxunwI4vio7cZw/W4Tl7ZFmjw9tHxYd4SydLdh1OyCZEhwwyLuN2/Mq3yZH+vO56OJIoSkpRn7fzlIhR7pNX76WAjrAM4WRoOy
mA4FyGkoFTcMuvhcQznT4tb+RavGo3H/c5Bagt79SGypOG2ArBVPzjfuJkXt8NdOsl/kyrBDDapF8KKso5VbaKV0fxpIMVU28r1zJB2x5H/JKhCGQqnZiUmggsebMRoT
ZuHQeO99WpBlUi/2KJTR0//sClXckcfjxzFZ8t+psQ8/WkLM7cZKqn9ULm5AR8nWPlUGFt/3XlaXks17jz9mZazPlmZNirhsGLHtf8KDPuVg9i/I26AXgCvVEnu2txDdkeFqfMHndu0znQz7GHVAII16CE8BAyL+/678mPJIACTQiB9Ar6ah1jGPNqFkqhME
ZuHQeO99WpBlUi/2KJTR0+HrazQDzpIKHjRkthGnlcJTD4hL4VQSA5ijEhwkZInFX2UdMH7unYHGiV/v3N0ECFBcQUpfQ6mB0+vrZayNfDHusZADgfaZcNK9l+iFCuUhW5K31gonmPF0PnTXK6rR3tuVxRC2XLHr2ShXKv8X1nF6/6SAbjtBVoNGOsohw211943+TB9ufrh0BCEQ40XruJPMHD+F+sp0DGkRYo4jofx6Q+pmWDtrkG68QeR4kjSo
