GmcONIA9PFzHw1gpPLLPoqev3ytAH5KO3S/CJpMsylg=
35kyjVfwBJgytCi6KM5Vug==
FNt9orFfFSbPIXNSbXcP2Q==
gE2g7VQeqq0h5MkG44fPUw==
A4ZCFW7RnVRfEnbtNxUDb8VFIQmzxcIFLuiIjRY2q84=
cwgQW1UgxyVfBeSrdwXHsPE1eoSAri+NViVSjTYe4hg=
pYn3RyiaY4vz2unSybTHuw==
mAzeFbkWBGyzJRgEWJSZYQNn44wFaguEUnqkvHVinQw=
NiGef/LGs6v8Em6sqLz1GYGKB0111uCW/TAqgkiW0+w=
2lfNnhNY+w/3xMaMUxJbE0YFT/wvMlSDz8Vrd5FEs18=
mA4FyGkoFTcMuvhcQznT4tb+RavGo3H/c5Bagt79SGwz+Nbk6DZnNsgDEzvfnMPeRnRX6vUg0YmiNQkOTraO4n0kaErgTXyrLiwzBAjwuLE=
l2ZaoSVMkgZfWescZOJKxXhX71sAiaDcRVnwrPFTgFL8Qs9wDORYBdwfJfCxBfFVoa7eRr5cErtGMdBoJgKFTAtSj/vwaW1OOwzq1EyB8ic=
mA4FyGkoFTcMuvhcQznT4tb+RavGo3H/c5Bagt79SGxcOSgE6Hq9D+M9j1RAy8WXdENeETrwuPWgLeXQ3DIW+cMzoPRzj+I9lNgKfXRS0So=
0WYqw0HllbJrIfJZWZKqr8hNtusO6zNKDY03y9gA4/kDMs1VFpq4T1AdarT8yG1HM6N6qYABIJLGJbig/XkoX1icogVxDE73/6cOSfxuXqypk5JvQ2ZlSFLTLQpSg4EfJy1f1EpABT8rHISU9LqhT8RrLPJGIuGeSWuCLQgrMqFBAl/v5r/OgHF77tn0oUdGUkaAf7fO4OaztCAiEMBRAsIrA1fF646d1os2Ox6uAU4=
0WYqw0HllbJrIfJZWZKqr8hNtusO6zNKDY03y9gA4/mAkukjkzULaUo05tF2v5g2DwmTvj3AEcOXwb9/n95STIyls3NL+Z2atedAYHKsowWorsnVCleYhDzjL0K1cSpYYM8VmQvI8zixqRXHWNXf+oRI+88Eyw5tvAq+guIdxXS70M16tf6e2QgNIBE29jaF8Zh3B5HyYgFCacGxZzKz4yeqt32mGgcltpdfV+MWvxM=
0WYqw0HllbJrIfJZWZKqr+WK8Ea1zgEatUB5C9F9Eo4JI7aJQAOb1XER2mVPQOU+Pc2KdWstsmVFtd0yJ9IvmEiY7GUIgemuc9v7XmoOwyAdSZE0eqPKxzEhQS0Bo1EjqftRsuOOMUfqETacYbrgQqfsxagitP4Ux/6x4SdM0YGrQ4zK05K/Z18bK/s8ZmHhlbZgvjM3/aHtf77JBubBQOfWyq9TD6xCwA4LNLSLAsggumHPi+4zzFO2KnUyMvAg
mA4FyGkoFTcMuvhcQznT4tb+RavGo3H/c5Bagt79SGwnwNu9EVCSAfprf1thJqn9M3lr5jb7Pbf6ePrypp7GVreD3WzkKXA1H2oOJXdqA5E=
l2ZaoSVMkgZfWescZOJKxXhX71sAiaDcRVnwrPFTgFLQniovLeFC19lGgE8jf4i8q94pHnRYXGwMpXknLQFQnl2tIk4FQwzX0MCZtBbl8l0=
mA4FyGkoFTcMuvhcQznT4tb+RavGo3H/c5Bagt79SGyGnh+ofphYJFDHTD64q22T9eaxLHRkSzvmQ/ceoYxWT9ngS4i+kWj689o8ze7p1/4YMS880zBzZ/g5cDg8qjb1VDFvAsW49MhKi4FMsRyBqQ==
mA4FyGkoFTcMuvhcQznT4tb+RavGo3H/c5Bagt79SGwpDCNPUhq3QX75gLGpsN/NjLb+ByoDUL9abbyvsx/Fj4wnTUitW9Q81cOv+7A0a4QBNXZ3SEwlRj6VtbHtUhBQhX5G5c+7Z7gvP6XTgFWv9b8IVA6QXClBeWDYysQDfpPEULgVAAiSMqwsdm6XAqYHFgykeubNcaMj/UcoS3EbAA==
mA4FyGkoFTcMuvhcQznT4tb+RavGo3H/c5Bagt79SGyKrdrY/S4Hm8PHXZL3/oqMWwDTd4arigoQL2UDSD8NqDZ4Wg5bYom/Z5v3CMDyRMA=
l2ZaoSVMkgZfWescZOJKxXhX71sAiaDcRVnwrPFTgFJAmfI2+N7XI+eymiHdW1COKO3eew7VRWjdBRgbfk6lS8UNQIr7rl0bBmw5eiUaafI=
ZuHQeO99WpBlUi/2KJTR0//sClXckcfjxzFZ8t+psQ+yETe02dMnv/kRJVDTithuG86rtphzF+bHo+ZO5GkzTHrFhl8fzQ07A+BeOGTo8WpwMk9C5GBN/WPeGXo0zmZjqZTnRVmjOEKIDm7QKd9V1Cy4HOj1Qgu4Q4wM+9pkxW4=
ZuHQeO99WpBlUi/2KJTR0//sClXckcfjxzFZ8t+psQ+yETe02dMnv/kRJVDTithuG86rtphzF+bHo+ZO5GkzTHrFhl8fzQ07A+BeOGTo8Wql+t7AkRMB4Moz52vCzWcZj4azzI8u/uyavb5IeqPZxZY3bEx24eFSpEDWk11WnOw=
l2ZaoSVMkgZfWescZOJKxXhX71sAiaDcRVnwrPFTgFLhpGFmh3rK/YDreguOdm/hA2RkYz3dONjEhpFaYukR2MzpebYQgHTuth+ayH/JWiEMznWb7le8oBSc/H+49awD722yOBPt8Pz72RZ7qx7ZwOwFuDdvDnYPYgSj6YE3knE=
mA4FyGkoFTcMuvhcQznT4tb+RavGo3H/c5Bagt79SGx6o4yM0U65mFPMf1sqXmHSoSaUVlNSnZGKaxkNh19rYee/siWXUkaRb1G0mvlridg=
l2ZaoSVMkgZfWescZOJKxXhX71sAiaDcRVnwrPFTgFLPX1j6VWZTKLlM/gfw0qYgWnRfXg1qZJ829dGD5G09+C5GvJ2tDQ/lrZexLSoc0ssjTz9ApmBIkdQGm0L4vjhFoadhHrWLrooyD5Yr90xaSJR70+d6wd4QeJ0cSmTDCGM=
l2ZaoSVMkgZfWescZOJKxXhX71sAiaDcRVnwrPFTgFJFuZY9PdbdlCeAVnKczwI11cBEJAsE6QdWu9zanx7U8tLNuxo+XE3W5k/rjw03O/QlTBbnwG/ECXFT/aOhC4MxI/uK2zzZyNJGTFM6dqWZFgNdaKaaDY/i/cGswmc0SWk=
l2ZaoSVMkgZfWescZOJKxXhX71sAiaDcRVnwrPFTgFJnO9Pc2Hz3ndROMpgfV7o+gC93fiJIS5uE6n9kJ4DtinC3PSRd4oUuHYk6dVFmQjH1wIQoEF7oaohHrrHmzFU+lnFu4sA01QMaGvHswv+P+Z/n28Z2le1UeTAnYZ3bEM0=
l2ZaoSVMkgZfWescZOJKxXhX71sAiaDcRVnwrPFTgFI0eEegKDDdESKPLZFoKKwZvKskAPcS75xdjpTzlLAQnY/jJcWmeV8rXJgBzgTGBOHVvKK/scfhBZR5Grksv5Uy
l2ZaoSVMkgZfWescZOJKxXhX71sAiaDcRVnwrPFTgFI0eEegKDDdESKPLZFoKKwZWtM+uMmdH9ldqu9QsMk+k8u6ZCOAV666Rar+sQVy0es=
ZuHQeO99WpBlUi/2KJTR0//sClXckcfjxzFZ8t+psQ9PE6G//xUfaMquN4Bp88+m22ADWzcif8UxV0w9FPTaIIFaqTeGatx78tB+vzH+XIWknZHHjKsxlMnjdXG548+NpoJ8i/wrVwMTBwVbNnAagrp8LBYn8batb7yguu/yuuE=
ZuHQeO99WpBlUi/2KJTR0//sClXckcfjxzFZ8t+psQ9PE6G//xUfaMquN4Bp88+m22ADWzcif8UxV0w9FPTaIIFaqTeGatx78tB+vzH+XIUuH+ChS6S6jEC61UhbDpyr2Dkv8y4YUhHp1egc4AtluxevbOnUbLnbaTjxTll8IUE=
l2ZaoSVMkgZfWescZOJKxXhX71sAiaDcRVnwrPFTgFJdQhCfdZm+qcu3PvDYoqFexE4/rsDZp74ioLPs04tNHBC/SbdqjglAWic87ezeavA=
mA4FyGkoFTcMuvhcQznT4tb+RavGo3H/c5Bagt79SGxEG1/G+m/AlOq672lpC89R1+/kHKskrLsHoDfEvNvSUdAxcbfM6WZr0sqA9PQ7ynmhxcZEc6Y0STdXxqfq0+CB0d2OzfME2y71zy6mppeUgL6/ta90UX2knazqSY84oI3Z+HmJFaVNInMRMujPbNU7
mA4FyGkoFTcMuvhcQznT4tb+RavGo3H/c5Bagt79SGxEG1/G+m/AlOq672lpC89R1+/kHKskrLsHoDfEvNvSUUmN8ptn50QPTbJBNFtfrTJPs+HXCDSmxGE1KV7K3Goj
mA4FyGkoFTcMuvhcQznT4tb+RavGo3H/c5Bagt79SGxEG1/G+m/AlOq672lpC89R1+/kHKskrLsHoDfEvNvSUZsiHsb5eyr+t1F7yxPKptxkkaqIZIJhLtGynv46W/m6nPEcyS6eKUx4bxeeQVdg6r6RsISnrRpFPB8BIAUS31ZJLN5mZM2aqc1dfU2Fc0uc
l2ZaoSVMkgZfWescZOJKxXhX71sAiaDcRVnwrPFTgFJ8T/X0Lw+Pu+zdJo7QAB832v5eVAOV72yrn6gjwWZynMdMqgqw9K7VD84xzqK0auw=
l2ZaoSVMkgZfWescZOJKxXhX71sAiaDcRVnwrPFTgFJ8T/X0Lw+Pu+zdJo7QAB83ER8zTKDwwzer7hAHNjguOhUo6VOv2wx8tC8ZeEP5GSY=
ZuHQeO99WpBlUi/2KJTR0//sClXckcfjxzFZ8t+psQ9BdSDYm72d9nFAaO99gPvzjVwA3DrtqerJVFtofRyV2F5Km/ipYsLc7ETsHDmwckoxdZPjvoiqiO4j+S0TBHxXWVubG1grS+RpZP+QZX/iHFx4ROKDun7LeiOhp6Lp924=
ZuHQeO99WpBlUi/2KJTR0//sClXckcfjxzFZ8t+psQ/soisZCeWWbi+XdzIugQaXG/kx/DxM6gOYSOF03zWB8GOScqVHkPL16hTL2HJ9TqYL9sSIRs3PtuE+Dj1XWzdaqnELJTADKU1V/zxYeNfZl835yX4S6T+vk85Tul/BevWoVI/8VjCDuojgvxFpI3jf
2NfkNjDTtacw4h9dnQbX7q/iBk+n0yWeSzr2S/DGGk/00IptP5tEVWbKu50pgF5psxglWtXoT5PLaVge2QVHGdOGNr/Fx5VVZdbWCWkBLdhf2PHa3G8uds/uR75oOoI8yiwLl13NA0eScouwEN0zgCYW20tOJR/GdBDK6iWV0cqVTvc2TQp9ET+qDb2ZiihvPuGikwDbxKyhRAdUq7UKfQ==
2NfkNjDTtacw4h9dnQbX7q/iBk+n0yWeSzr2S/DGGk/6YilhlK1Ow3SsxC6ciTr0rFyZ3buzTYTpJjQihkWWwvBdiFm2z4rJGQWmaZ4q+yE=
2NfkNjDTtacw4h9dnQbX7peKQd3IsVGrUVUudAcyE/7F8x6Fw/402cDaHIuWB6lo4lpJ1+04nhDIwVf1RsI3YH514PL1PLPtWBKhLwLh8HU/VUHrN6bKpTbhqAJAy67oWRhtJ9OL+fJmX4U0t/3s7UlzT2gDQ8AwzwX9p04YLY5DfDYY2qkckH5+uZQGIlV6
ZuHQeO99WpBlUi/2KJTR0//sClXckcfjxzFZ8t+psQ8Ze4e9uhmebLqrtAip8Wjjoy+z7WNVP7lT0mKpF4YhqijHsqlOK7j9U4MV63Hm/T7DIBINCbuOyxZumdKT3yEuR+RG9SN0B6cj3rPmrWN1jMA4Dfl6cRIr0+MzF8jwn98=
ZuHQeO99WpBlUi/2KJTR0+HrazQDzpIKHjRkthGnlcImvaXEkmRJm6CXGIZfztmitkVvrmhe6ZMIrPzy0KC1x1jtZohFmeGBSN64z5yUn4EtVt/LYLZBS8B+rMaK2+QTzxRkG5hSewnMaZo5KorhZ+DBQlkko6fZ06+x692RsaQEwgksLnpTPGD0lVNu75Vi7WVWFoA8ZDlo8wcABS+dormn55bu5sp7gn3uoOGa9RQ=
l2ZaoSVMkgZfWescZOJKxXhX71sAiaDcRVnwrPFTgFKEbMT6P7DXCWihzor2B0ECcUEOqwRoTJfAzPSogFW9HU+b4mDsAPkzLHzsFgtdDx3F9VIR12TpQg92B+74vz8L
l2ZaoSVMkgZfWescZOJKxXhX71sAiaDcRVnwrPFTgFKEbMT6P7DXCWihzor2B0ECegvpjk7TQS2FBXhwrH+DRQsEk0Tw698ZQs6L0SeAz5k=
ZuHQeO99WpBlUi/2KJTR0//sClXckcfjxzFZ8t+psQ/JrsviCn0xR+0UuHKqvyqHsE7vC0/S65L0Uj16ujYDBvMYrNySPfA5THqVVIHYMcuIUlZ60Xujb5ZMS4maDZzfxWIQmK/DL8m3FEVsUWRD8zHHd4CKIOMPVhCxd8PqmEM=
ZuHQeO99WpBlUi/2KJTR0//sClXckcfjxzFZ8t+psQ/JrsviCn0xR+0UuHKqvyqHsE7vC0/S65L0Uj16ujYDBvMYrNySPfA5THqVVIHYMctKh5Hng2ZuuPqO3yQfwMXNvAeGpQf0exyEbXvBCCyxbReSXbv7bbp70MWv48ZAtsY=
l2ZaoSVMkgZfWescZOJKxXhX71sAiaDcRVnwrPFTgFJ4Hw14ec3PiuEvebU1PBkfG6Z/fevNmR7M8XpSlFSo1te4Ay6NMYe75PqmM15GRcc=
mA4FyGkoFTcMuvhcQznT4tb+RavGo3H/c5Bagt79SGxsAVsYkQoWmCEi6F9Dl5h/QrCDqzS4prp8GHNafU4SOfIMW/cT3i7PNEtY5Pk5VC+MpxvIN2A2hflRiVXj75T5
l2ZaoSVMkgZfWescZOJKxXhX71sAiaDcRVnwrPFTgFJtVYsmOnmcfK5k5YkFvzboa7FixGeLpcd9vSNMaRYVU5AIdyh21OceY9Ua2sdE03s=
l2ZaoSVMkgZfWescZOJKxXhX71sAiaDcRVnwrPFTgFJtVYsmOnmcfK5k5YkFvzbohFmb73vwJGXd97ZRVLMi5T42LLc+r1UH61+BJynzLto=
ZuHQeO99WpBlUi/2KJTR0//sClXckcfjxzFZ8t+psQ+qAlN1wP1LkWvK9yGfCd3BpbS8jiAc5H443G1mvSenP0zlsdUNfwo4i10BkIdJjBJP8BRIpRGSrq2thfvR89Tm9RJO/AkQU6BDqfqBBIXibvbc5R1BMUKcsVUQfz0lLH8=
ZuHQeO99WpBlUi/2KJTR0//sClXckcfjxzFZ8t+psQ+qAlN1wP1LkWvK9yGfCd3BpbS8jiAc5H443G1mvSenP0zlsdUNfwo4i10BkIdJjBIuQd1JU7iabcYW+eTS8F98BrebksLpgU2rYKU0DITSf5Oo7CSxSmU75GGC1ol9RtLSrAAl3nbo1GvOiKjT9iWF
2NfkNjDTtacw4h9dnQbX7q/iBk+n0yWeSzr2S/DGGk8xNTMssWSp4yZTR9DjZ8fXSH3lSSUiA6XUikHhY3wFATY/CDGta8Ab61jCCXr4av5aQVli2vjiKP6WvhxpZQvvoqYR9kjd+wqbGSyDBTIM/e0OneDTL3fQEbDyNsUNVOujccIsEW2T6qxB0KFGCxlTIIwg15LsECul8odZC14bYw==
2NfkNjDTtacw4h9dnQbX7q/iBk+n0yWeSzr2S/DGGk+r+bDytmP9UDvieFCot+HXCneG4A+aH1al34MumTFNDfVmPH3epRkyTyoMhPNGRDMMv93dq5x5VVSfZhkvrja1
2NfkNjDTtacw4h9dnQbX7peKQd3IsVGrUVUudAcyE/4ICBQukXHO3QqGRqaifISMEQVE5ZsXDDJtqEQD88C6uhnI+8mXDOoggNiDzh2Erl3Nvaz530ImdKx9XGgjOQirAmbk+givy0ijCKBo3UC+gr9dTPZFmY2JlIkks5Z2F8HYbmNeHtdGoMUX5tup/m/C
ZuHQeO99WpBlUi/2KJTR0//sClXckcfjxzFZ8t+psQ81QMU7pkAT+NsNyCNBNnR0iofg7pXHk5X5ME7Q4OK7yudDH0e1w8ke9wabp6A5EXwNwkRxCfowt/RmsREejapt5pfubrJau7DAd4+/+kmH1FIijIR3Zjuo8Xb8GeCxoQs=
ZuHQeO99WpBlUi/2KJTR0+HrazQDzpIKHjRkthGnlcIHRt+VnINl9xjye04NygqxXBnXUnCjOMnlWo1bKEDvPI3RwXpF8SFbVkJPSBjYI6O7SabY7c1Dn/mkMCEoTlYVgh36+NwBEfvegioFv9l6maM2tUVddHF1Opa+dJdRstKswR3cxg6cRS5jD2RHCQyIGb16tmyAvX1brUlY6oC27J4bk+GW5v6MOyg0HxNIvgc=
0WYqw0HllbJrIfJZWZKqr8hNtusO6zNKDY03y9gA4/nai4iHLZefZazwpTfJzxRNTOEn5Bh13rMcjuzaFfLCIbyC8iuO1o2LCuCDc5W0IWK5ocaZgFxwckvoHTjaWw7zppNqjjOcXiZAiqtcoTUG+426vCaKGSWfES/3mkLkusz+7gZSfd0M6UEyQKr9h3BqkYrlaBe9ARP3o7PDpA1IxM3Jal1z4okZXOuYV/6yeHU=
0WYqw0HllbJrIfJZWZKqr8hNtusO6zNKDY03y9gA4/miB730E4eQDBj/TrmP5UEQD3WtjOTcvWHRQtxhORJrRzv+cWC+dZfSLgGBAj2HBPFISwfqMwABgjalUvZborva+E2kGCqWr/AClwimOa9CqJZ/Q9/w6ci9yFfENcbC66carjlGQP3ZHMWuanojE04OZMhLSgpRjqRY9ldXaGxTEpqNp57ARGhe62MVe6A5YaY=
0WYqw0HllbJrIfJZWZKqr+WK8Ea1zgEatUB5C9F9Eo5MfOL6yxDXI7oVzgQMAPu7ddClIR79fKMRHHtIf+P+jYo5HLlYjjw8sAfXxa0qnK7jPSvWIrmUB6bB+BrE8j15j4GxXkAYjeDMw31521imFdyqo7lRUOE8jFwWK3Zd8nZ/RirDPrgN+mQrkG+l1iSNDqy8P9xHZ0+o+DF3KtQZZo26FXCrSIj+srzGUE6X9Ud2QrW3/xvitL9PRHnnWRiu
l2ZaoSVMkgZfWescZOJKxXhX71sAiaDcRVnwrPFTgFJO92m9YIL/2Uiz+AzkSmVoHi/K5yob6oOowRBLwF6U0RR8uK+DgeysCuCAB0v0qmE=
mA4FyGkoFTcMuvhcQznT4tb+RavGo3H/c5Bagt79SGzs35EuLp3htB8Y62pQZvOFLyS3ZmYAQg8Gc2FRcvjeF/AQIYrRUV80hID70txPpAgObWDRyMHhtoEKrDFn1GSh
l2ZaoSVMkgZfWescZOJKxXhX71sAiaDcRVnwrPFTgFJd0GGyT3U7pGyj7f2wBv/WFKxpDO/haDM41vRr9QzqVEbL2PAnp3qNk87v1NPnmdJqJ7jStAjfCqzu0ETBQ3Ly
l2ZaoSVMkgZfWescZOJKxXhX71sAiaDcRVnwrPFTgFJd0GGyT3U7pGyj7f2wBv/Wh7WoBIULZpGip8I2mmmB2WmkwbzvzbTh5DSt04vdS+Y=
ZuHQeO99WpBlUi/2KJTR0//sClXckcfjxzFZ8t+psQ8mDOWIKrjI9qlFrGs++euYTqB3bvhnIG7WXZ7CpuZlTIR4iuusnS/p/A9va4hOFttRcyWVldgTgHqT6IvYbTBAArQn5K95S0PuRVPsUuwcTPROJUbeRzU1j/HoUKFwtZA=
ZuHQeO99WpBlUi/2KJTR0//sClXckcfjxzFZ8t+psQ8mDOWIKrjI9qlFrGs++euYTqB3bvhnIG7WXZ7CpuZlTIR4iuusnS/p/A9va4hOFttG+o2q2g+KD0PtENMgGed4ReFAGM73QKr5SzW6NXSluU1BzQ/yMenLQDIsuTw63bc=
l2ZaoSVMkgZfWescZOJKxXhX71sAiaDcRVnwrPFTgFLre4gSWCGfqQKRdjbsocCtpVOhr7aCBTzk0sAsYBRF425GxTu49S1Iqc5iwsgo3ZA=
l2ZaoSVMkgZfWescZOJKxXhX71sAiaDcRVnwrPFTgFJGKIuHkyL3rzlKiDmDNFPx7PO4jNe8QHXJPyqSidkUnqDizpB3reve9ggZJNqSTRk=
l2ZaoSVMkgZfWescZOJKxXhX71sAiaDcRVnwrPFTgFLAPF65mt8lL41cbEJN77aVu+k2KLoT4gbpJY66IUJH46FmLPNGcT9uZcifJC2GpFE=
ZuHQeO99WpBlUi/2KJTR0//sClXckcfjxzFZ8t+psQ81yVVPv4CiX8SbJcte5laD4LjEvWOfJksI8Z4dR+iaMK48oKyTi1mJmsa9y1jlRGh6FKtk8pDwIxDpER7t8YRUZGQgd2dsa+fh/HbCTnu00qXG4gQEIEsyZ+JNKntBfXE=
ZuHQeO99WpBlUi/2KJTR0//sClXckcfjxzFZ8t+psQ81yVVPv4CiX8SbJcte5laD4LjEvWOfJksI8Z4dR+iaMK48oKyTi1mJmsa9y1jlRGiOLQhIg8ILFwD5nafR0xZC6B3lF3KLQBwiUvL9DQ9fRAGYrMyuqTqfRMyvV+OWamc9KNpD7VCG8eXH0TGFjU/G
2NfkNjDTtacw4h9dnQbX7q/iBk+n0yWeSzr2S/DGGk8KpZ5/40yWZvT739rWsamdaOSpVNXOGwS0O6paRn5jD3Fg2C1GCTGT7hHk6SpnHiCTaEYoqEa0pIPcgU51hpqiRTJlletxB8m2+EDi2r/K4ZpHBKTV20yeyxVyQITCC0ump4DkFcNeGmLjeo0633qYLyqqwt23/PsEs8t+CFmM5w==
2NfkNjDTtacw4h9dnQbX7q/iBk+n0yWeSzr2S/DGGk9efNphHIlvmvG4WRTvViud2MeieZa3OVt7iZqxPI69x8+OyKW15AjtQu5JPI4JEErr0bg8WU9M5k7NdQ+nW+ou
2NfkNjDTtacw4h9dnQbX7peKQd3IsVGrUVUudAcyE/7JbfCGDgpFAlGLp3BzYG2F/yWFHta6OMd1xxXogOShNpiyXjovwmr6W+g8nrEZqYN3lIT616RdwUM7PsV+fJDNIRIKxn1aot4FcZwLcigM60RcrRNXMFDeqjbvl05U173GHst6VU/U7HOpZA+XFMoy
ZuHQeO99WpBlUi/2KJTR0//sClXckcfjxzFZ8t+psQ8dogjevsl0J3o87igWZX0ynJXQ2S59u72KrqLZw50CrDPiZhCHZ0FY/eTEr4P5phMCyFhoARe0djjw8iDuFWOIlVUllryjw2W718nF8cnFK6X8qU7/1wN+zR0idhMuGIdOQtHZUwra1vrHvDZ8dLUu
ZuHQeO99WpBlUi/2KJTR0+HrazQDzpIKHjRkthGnlcIgFOjh1++pXFyLqvULGsef8m5Q1LNDI1pWixWWVrR0ntVjpBenEK+U+QfCW7DMrg2T8J/o4nyKij7LYfi3l8Ey7DhQbR9lD+Zg6vzmE3Gy7E2449l7Yspch9er7ibBwmnOwwTUgq6SevWNWOx2QBCyiGFTwb2ns0F8TtmPICf2S8FpcRiTXW95YTtSnkhUozb2aQBGoTDem0ZXhPmNOPao
0WYqw0HllbJrIfJZWZKqr8hNtusO6zNKDY03y9gA4/lXGN/sFelS6aNc//PF43PLGr9DcXhE8dEM7EOXV5/uINtw7mjE6617435cNlzSPAZ236I2Y5e5/HjrOekmbRI//HjFc/vRdXBbkkDNhhBHB0nCvhB0UU5keboY825jxcsScFvJVvMBIL+X1cHbn1Ab+x2mZq1krCCddvFR5JUDRJrRLmddKnfdtWWzpqU/mNw=
l2ZaoSVMkgZfWescZOJKxXhX71sAiaDcRVnwrPFTgFJgc1HvgSsI5l4Yg6hcWE+gdSkVcdoYCucyCtPFhbbtwFvXV+nwdCVZo8HWha5Kh38=
