GmcONIA9PFzHw1gpPLLPoqev3ytAH5KO3S/CJpMsylg=
35kyjVfwBJgytCi6KM5Vug==
FNt9orFfFSbPIXNSbXcP2Q==
gE2g7VQeqq0h5MkG44fPUw==
A4ZCFW7RnVRfEnbtNxUDb8VFIQmzxcIFLuiIjRY2q84=
cwgQW1UgxyVfBeSrdwXHsPE1eoSAri+NViVSjTYe4hg=
pYn3RyiaY4vz2unSybTHuw==
mAzeFbkWBGyzJRgEWJSZYQNn44wFaguEUnqkvHVinQw=
NiGef/LGs6v8Em6sqLz1GYGKB0111uCW/TAqgkiW0+w=
2lfNnhNY+w/3xMaMUxJbE0YFT/wvMlSDz8Vrd5FEs18=
mA4FyGkoFTcMuvhcQznT4tb+RavGo3H/c5Bagt79SGwBFihrACuKBUWDxKW0HKAlquJbVXvPWMTA5HWXFt5iiYHp4eTo+Tbm8cfCxxEgbh4=
mA4FyGkoFTcMuvhcQznT4tb+RavGo3H/c5Bagt79SGzVZpy/2OmmYfzwkdMPGblI8ppfgVaSbyg5DEi4NQcuxw+18Kjg+8G/Dn+8YpqjaoE=
l2ZaoSVMkgZfWescZOJKxXhX71sAiaDcRVnwrPFTgFInmaTWho7XBQdE90Q09DoU0amj1UEnrrp7UKTBD0CjhvnAWwbUX+kBF79TD9GqKME=
ZuHQeO99WpBlUi/2KJTR0//sClXckcfjxzFZ8t+psQ9gvbrtsYwC93w8NnmeVjuiBrSD5tjnfvz53BX2OroTo8nl6KB5pdGScRbgq4AYNnLUmNFGyH/IG7kd12k1TI3mYoXoy3gBU3lWkdUwoTQwb4u3d6CmxQC17zky3+EGF4RBIDCiXjFYTPr6V43RaHm5
ZuHQeO99WpBlUi/2KJTR0//sClXckcfjxzFZ8t+psQ83Y/VUjWFso+LfQYcJ97VYeCOQ0g6a3VXAA/4FuffV1MpPSNBAftC6h+wtN3r1/ZBtScPAYYYYyKbauoga653Qy/uxoKgH0i5EcIXd5TRIdxfiUyfvf+WSEgpVcW7SLSkl35+XyErusYSOC/4zNqGS
l2ZaoSVMkgZfWescZOJKxXhX71sAiaDcRVnwrPFTgFI/ls3ATTEQnPN76WVKSNruudt5TPPcZ6azfvkUKYY8fWx0zFVE80fENf3Xaw9TdhxOk9imYgHrdL+GwSbzX4DHyku5B5ujEsGOMoXBlL4Vaw0muaMrZT08eQaYWa4JxJw=
l2ZaoSVMkgZfWescZOJKxXhX71sAiaDcRVnwrPFTgFKGs26crEbYUseP1AYh6sNR2Bu28QSKoCSbSA1TQxG2sFatyaLYZ/ZkYe6u/4FxZ0OJ0xqtwTlEXIZjquP82bjf/u1JVsRiRwP+2d5+Oq0PxG34p5dnSVGzTMZ5ijdzXFw=
l2ZaoSVMkgZfWescZOJKxXhX71sAiaDcRVnwrPFTgFJ2s64G+s5jZQhfGVO9tEuv+S/bV7zM8QhqlP8OsVVxLVroKAmlggMpqZE7YaQZfnc4rqaNNGSRLXXiGG68x/jmHwRMXwYTgoxfazSb2Px8KAqgEZ5S0rgEa8U04cV4EKQ=
l2ZaoSVMkgZfWescZOJKxXhX71sAiaDcRVnwrPFTgFJJ5yVZ0yrMLmYdYBhnz2n1B6T6DfhNxBys47p82IqHZ2Ry/t/daKyLB/O1bdv3jtwuvC6t89pdTzDLNrWPDnpX
l2ZaoSVMkgZfWescZOJKxXhX71sAiaDcRVnwrPFTgFJJ5yVZ0yrMLmYdYBhnz2n1MbZuMc5mqzPA910wbg0rrsdNvb8fVB/xT1o26c39WrQ=
ZuHQeO99WpBlUi/2KJTR0//sClXckcfjxzFZ8t+psQ9Bbk4v53BKYZCASs75TZmfiek2gqJP60duDGxvWcK1z1vMBoHZyKUo0b2tOWkKZrKD2GPyMqhyQHfeolASTOh1VR5oX3dW474uBjPZKG2+jSlvcGgy6H5Ck/ZE68nLGwo=
ZuHQeO99WpBlUi/2KJTR0//sClXckcfjxzFZ8t+psQ9Bbk4v53BKYZCASs75TZmfiek2gqJP60duDGxvWcK1z1vMBoHZyKUo0b2tOWkKZrKpqyoJ4CYARyVZZn8oo6U0W9KEWX9N1yxPIHc19XM8EaBKJxKTUpIRr36nCbffk7k=
l2ZaoSVMkgZfWescZOJKxXhX71sAiaDcRVnwrPFTgFJJ5yVZ0yrMLmYdYBhnz2n11tocOj+FRhhiiUC60BtQWWclsT75USCPGnekwHJoVkg=
mA4FyGkoFTcMuvhcQznT4tb+RavGo3H/c5Bagt79SGwaZGMONmXNhqg4Lz1yYMtiGmPiVUVOF9SyCzsKM0tXnUnMRKAxJ9zMM2mMrCOke78Blr0oXjCqQomgtxUXF8LS
l2ZaoSVMkgZfWescZOJKxXhX71sAiaDcRVnwrPFTgFI1wrqSx6rWN5ZoZ1qOpKupE28w1C7ztVVMdqakKPtE9BBWGg2ieDUGHozIFWWAb18=
l2ZaoSVMkgZfWescZOJKxXhX71sAiaDcRVnwrPFTgFIBnxiQHcw78N5tlFL2MiVj1v/sA+OJpuDUqU949D/LDD1O4XkCqa3Gz8z5Gp5dR+U=
ZuHQeO99WpBlUi/2KJTR0//sClXckcfjxzFZ8t+psQ+f7k3K3LT6btVyUe4sCIQaFeKAUH0Zp5wx9E/uf5YMtL0Z7VBvkYKdMobaEWXaokoxodR2LFTLj4u0il1thjKmynVn51lHq9n3o+SsnDWKVLx5TCAwQNTGTZw6kzO+VVY=
ZuHQeO99WpBlUi/2KJTR0//sClXckcfjxzFZ8t+psQ+f7k3K3LT6btVyUe4sCIQaFeKAUH0Zp5wx9E/uf5YMtL0Z7VBvkYKdMobaEWXaokqrlz0J49V6w8t+vYQFVzQRg+evpoL/Ah8+/DNyfX52QNXl+cb/03mdaAtjQ+HmZJhM5zSiW+rK3GHJ86OpwxQ9
2NfkNjDTtacw4h9dnQbX7q/iBk+n0yWeSzr2S/DGGk8Wv/cPYGJdUDBukhFWZOA1xiJISCqaIeciArVlEQa2z+DvrJrM5P6L5lRyhwuFLjh7wF5M4kn9kdy92e3n9u6Kj++hFMqc/u/wB+Zy9wxrL/+4vQHDtXwWt89vSokeGx4s+U2m+CeOrI93RuhnyTUHbkaFC1x6XX5JwVgPhDcUKw==
2NfkNjDTtacw4h9dnQbX7q/iBk+n0yWeSzr2S/DGGk9V6jiR3WRU4QBGN5S8V7CO9p3mbqhFcQ3NfsVNoFftQEyGck+/EDOB7/Dxs55X4ihDCu79pKZ7722ksKTOiJ5i
2NfkNjDTtacw4h9dnQbX7peKQd3IsVGrUVUudAcyE/5VeCoi44vGeimOFzBcsFYki8m+dAZauQF6hgGu2lfhNWTjpLicw1XnJjofFgQcnepUgA5ShYohGS1HrNwDf7ofv1jz41qrV6qjk9PrW8WNf4Yuxy96NG6GyAfWTOrFfdI2wUl3CvSNBOjALDDQLwI7
ZuHQeO99WpBlUi/2KJTR0//sClXckcfjxzFZ8t+psQ+IB7g3/d8iY82Ig1BY2mYiVb6+FzlyRaEo0PuTMOPZ3BneRqMFn5eU31LxPG2nfUmX7xciK4101PeZT29VrUeS46LGGzmIogV5iY1/QKQEAePAR4MuTz2y00UJ7PT2Dn4=
ZuHQeO99WpBlUi/2KJTR0+HrazQDzpIKHjRkthGnlcIZGubMBX/Gy9K4D8l+4t7Iz/n5/Fu/8zke9jPghQmijGTo+lLR/hOJQ7yDZjNEGjTaESpc51rrCamhKpSLSALjjxOx7sUWpPq1DRfRKcLRYSe2ycc00WpjIL3rfrgfLCpWpmsmt9tGc7KstOKUxVN+14D1LMnpNyJz8Zcw93Yu+yo4BpaVTbMbxmck50qQLvI=
l2ZaoSVMkgZfWescZOJKxXhX71sAiaDcRVnwrPFTgFIe0FBHp+lhWL2gOMcPZIntwXRbbIdCdNdgCAMNSmXUCJ0wtm2fCnIMIjgLmUdalXM=
ZuHQeO99WpBlUi/2KJTR0//sClXckcfjxzFZ8t+psQ+Ni/moDSVpUcx8wI1KYsDEW64Eh9BByvD5s7vJmOZoGTdp0QNonf9Vm1q765K1Cl+bTSei/FGWzWMDUHYHukS0EDdu+06Vyx5tiHDu4CMe2x3h+3na0XgzCbu4KO8JOjI=
ZuHQeO99WpBlUi/2KJTR0//sClXckcfjxzFZ8t+psQ+Ni/moDSVpUcx8wI1KYsDEW64Eh9BByvD5s7vJmOZoGTdp0QNonf9Vm1q765K1Cl9d/SUF9BrRvD3OcceXr+p+6XfdyzD1QI+jwlTih7aVoVLhIhCkbD4RDR1NeUX+FzEAkS6WzcHxyb1wNlUyhaN+
2NfkNjDTtacw4h9dnQbX7q/iBk+n0yWeSzr2S/DGGk8zdBWKMquBDga7bElaik559f+xLo3CV09BSTV9Wpox7+rFN/SnBgArWRBIf99Y9B2AJ5vRRsr23yqDlibPm12fhhfWc2ELe23ejlL8SqrMQWo45NUzcU3YR9okcSdDG+XKHKE3qOpsmire9QMNCMPLjS5kNamYep1mUByhAUYkVQ==
2NfkNjDTtacw4h9dnQbX7q/iBk+n0yWeSzr2S/DGGk/XEaLn6hl+tgqwzYGYrOVWMY8eijvd1AyZVhjRgZY7uzBUBtUjt1RU7V0pl39S5aDz5/ydBo6PaCiuElawEyfz
2NfkNjDTtacw4h9dnQbX7peKQd3IsVGrUVUudAcyE/58R+QrnhbpDvVx/vZnYqEF43Jmb9o+0lYGIHUxLCvsKoRF+Tf12T3ROjTQODpBq5fSH99iZSLy6P0xIO4v3pmeyrtKXEFProMRJyD1fchPXZRFPufeH1KnLPsAvL3KW5IZxxSClMvGbTek/34hIGfX
ZuHQeO99WpBlUi/2KJTR0//sClXckcfjxzFZ8t+psQ9St262da01nNJTZnfvU+pKNjoMcCWSsUsxX3DMANik0qNGtt2S37B4lc5AJ2Cx0OBpahyIoP3HcmqPguRQF/pjwshLiO5MQ4xi6aI35xNobew6VZsrSRrfeZ/c28ZUz8Q=
ZuHQeO99WpBlUi/2KJTR0+HrazQDzpIKHjRkthGnlcLjM1Xaa+SmnpxxeIOFn+/hoOM5bGST3SGMI1I5gWxmI0Q1sNdi9+CjHtOC04JvMcXDz6HPz7W1vM4jrD6xVN4QQZcMI9lZH7GdWKFRQI5iORWCTtd0HYk7w+dXixJ+5+vP/fmztcMjRdnG9goAy19DKuGZ8l5BNErILLYwqcjek14TaedvUW1CgnP1IRuzhMQ=
l2ZaoSVMkgZfWescZOJKxXhX71sAiaDcRVnwrPFTgFKb1IAsBUVUtCF/uxNnBHKHT7ER07rhxjYgJLWj1K1ylFUAeyqi0kmOW2PygAVTy8opX7cmLgM+tmPWkxNzVN14
l2ZaoSVMkgZfWescZOJKxXhX71sAiaDcRVnwrPFTgFKb1IAsBUVUtCF/uxNnBHKH+d5SEdLWbcob/5WDjKla2iaFAVTi8aTBpeeHauvZAPo=
ZuHQeO99WpBlUi/2KJTR0//sClXckcfjxzFZ8t+psQ+KyUKobyqshAn/ojzslBQ4SsiAeNgWHXrLmnH+eeRVYHOYZM03dzrmVtHO06c7nAE9eB5ROrwqQ9aoWiWnr6xTnRjQK+TTZhzTCg6BZCxo06n0EKui43mqWntbtIzeJ18=
ZuHQeO99WpBlUi/2KJTR0//sClXckcfjxzFZ8t+psQ+KyUKobyqshAn/ojzslBQ4SsiAeNgWHXrLmnH+eeRVYHOYZM03dzrmVtHO06c7nAFmjbper1VXFSl+ZvTl74q8nmdsTy4vui2q37l3/E09hyutmHzz/xl98zMjg34tegY=
l2ZaoSVMkgZfWescZOJKxXhX71sAiaDcRVnwrPFTgFJU+hu41etFAtasBRRrsN+JQbC7tvNj3totilCg4b5hq6gxFQXg9a7aCfHkrAoDBUQ=
mA4FyGkoFTcMuvhcQznT4tb+RavGo3H/c5Bagt79SGxPTq4tZQ/fYbDqXR+hhzGOlWngniaMZZ17Xlbs94mkXp2GGx54akHB2ToMh3APDhXWx/uwZdZ+m2cGoUt5ItnZ
l2ZaoSVMkgZfWescZOJKxXhX71sAiaDcRVnwrPFTgFIe0FBHp+lhWL2gOMcPZInt2ZK/W9ATF3SfKOWa+hE8zN+AapG3CaJpdpR5AVdAL2o=
0WYqw0HllbJrIfJZWZKqr8hNtusO6zNKDY03y9gA4/k18vj4vS9/kvKer8w4mNCVDSm+RZEhe7qZRTxdDzC6WtF8uJb7LtnR3omQ3c2iTrCxCyN+ZzgDp9VTiswA5chT2f+npkx/4ou6kNNADHpDPHYmoq7lfJP/bpc3y6M2k43t9pdmGEVqv9WqjuTqXXgz34IKEdw6MveREw5EgInP9e21Gox9qxmsHGvyIHQo/SA=
0WYqw0HllbJrIfJZWZKqr8hNtusO6zNKDY03y9gA4/lg/nNs1OTmPUeIYqYCnKY/1oNROIdMy7WP9oqlzm5H/SpLhI2shpZFDsZnuziZEy3lAffG6SHbIJiwbF40ci8ESu7XMzCSGLCvWyeS81qd56ymdGMsjb6WA1rBuXRhcJe7x4ic5G1r/ReJHwRT1b1jZJDZ9JTPKgvAwT67ipcIvHLaOQXwLbUIm+5DBza8F6g=
0WYqw0HllbJrIfJZWZKqr+WK8Ea1zgEatUB5C9F9Eo6bxuCi30PHOJWN80YahAHuJCkiOIsmi+bCeqc2MmJtWDgTdW+9IncKOaSuiuAHID6sFnpn4EaE7gOf6datb0kCFiA6s9b+qF7i2/mqU6ykq/zdv0zwEuL4OccKd/sfGgicfE3DbcClfPlLlyeQ3ld2etMwTCtn6m5oDDol1ix+M9BCFkZDtQtLh0en1KXYtPGZLrJV32EOeetr2KYNkNGV
l2ZaoSVMkgZfWescZOJKxXhX71sAiaDcRVnwrPFTgFLWhJv4047uofKSGiWzFJ7b82uVpH9W31eNSRMk8ca1zLwIOci+fLQ/Xz6aaoLlPQ8=
l2ZaoSVMkgZfWescZOJKxXhX71sAiaDcRVnwrPFTgFJNjcbFNK7pvHIYBOY4mbQLL4MIoHy4tTm7coNtS+Vy04WSRJ5x8rc4bn7j6RL1KgnGjd8IoccNfMVpvBcPhmzb
l2ZaoSVMkgZfWescZOJKxXhX71sAiaDcRVnwrPFTgFJNjcbFNK7pvHIYBOY4mbQLKlVN8E+HHK7fTQ8P+Tsewo3qwqU3yF/qN7Tq0uskEpQ=
ZuHQeO99WpBlUi/2KJTR0//sClXckcfjxzFZ8t+psQ/jIx0yGxb3G/RDvUDe7lHfe84KADJtPWh5au1xwo2a15ZxRCNWK1qLjqcGt/xJsmG9rEDUkxZFGt8s8+Trf0WnaIjxOOnKcggt3J1uAWLQbBjSc1/JSOZebj/+48zXcb4=
ZuHQeO99WpBlUi/2KJTR0//sClXckcfjxzFZ8t+psQ/jIx0yGxb3G/RDvUDe7lHfe84KADJtPWh5au1xwo2a15ZxRCNWK1qLjqcGt/xJsmFmwVl032l7xJVKzqQGm9jF0qONTu7gTh+NNDsI1dyIb077XqaoCS82SZkpuJjeCD4=
l2ZaoSVMkgZfWescZOJKxXhX71sAiaDcRVnwrPFTgFLz/FXVgfdhitSJAyRy6wEbMrxpseewU256pGoRl+yxUVBLkij7ddV9HeFDZhen/MI=
mA4FyGkoFTcMuvhcQznT4tb+RavGo3H/c5Bagt79SGwmnmU8jRIcNMGAVHk1A/jm3lp3vkNyNiLoHfFpgc4pvENdAZbIM81DkBIz8z2qist4ZbIQf+btR11iGt+Hoq6D
l2ZaoSVMkgZfWescZOJKxXhX71sAiaDcRVnwrPFTgFKSxLz3sD2OnSf/EHtDWlY2eVTdxcdHUckPhp0dpfcHWc0JYpL6vRofidpKhnFJ8CI=
l2ZaoSVMkgZfWescZOJKxXhX71sAiaDcRVnwrPFTgFKSxLz3sD2OnSf/EHtDWlY2Nhd1dP/gAnKwikm9US4hTaRfWPcDp5QmypZAhNsZswM=
ZuHQeO99WpBlUi/2KJTR0//sClXckcfjxzFZ8t+psQ/isuF3XEOn8Sttp3pekN5Xkym8KbQwJyGLyHGjADfbO4ipxcw08j4aYuQJqN2WvXDXDQ1sm3pPF573GtpbW/S9dxWWQ40LfPHQmAmXsen0xxLe9pR57Bl+zmQ2Nh3rFD4=
ZuHQeO99WpBlUi/2KJTR0//sClXckcfjxzFZ8t+psQ/isuF3XEOn8Sttp3pekN5Xkym8KbQwJyGLyHGjADfbO4ipxcw08j4aYuQJqN2WvXDq4qJcX/0nBhHtEAyNV6SsIVix4nZQGXpZjk6Ke+5pgElXBeJ0FMAntC2QYXQG6BsmWtw3kdeaxDO59S7pHIbH
2NfkNjDTtacw4h9dnQbX7q/iBk+n0yWeSzr2S/DGGk/SfOmoxql2ZrPJOFupHhCliEaM4GQisKdz+yjz8Jogn1WqKHjacYLAw1D1VXhI6u+BI8e02y8lI9gOPAX/d0SdOQm/fPr+yF1bteoLnx9G8YlY2bU+RVPTVxBziRzMWhdD/VY8ptISBstT+/b88zr80Y3aiVsXTRo1/uAhpdo59Q==
2NfkNjDTtacw4h9dnQbX7q/iBk+n0yWeSzr2S/DGGk9b/a3bx0pWqzFeS1gwaKtOzGxS7mHuiEJ+eYCcaeJjHE3tgaTVvdxc5+QFXWUPJDFQ5rfOCYjmUV00LdZcWxvo
2NfkNjDTtacw4h9dnQbX7peKQd3IsVGrUVUudAcyE/60m4PNpYFISCDpD+YBOOWmSxLmJTjDOPaE2A7kw9hbMTVAbFXvqQRVuyhKXhXq648JgFWw9DxCR3HyB5VPjD79ATnA++8OF7bTh1OBesbIvM3JWront7SRPLCmYkrqOG9u3eOcq4iuMNA7lXxc0TN4
ZuHQeO99WpBlUi/2KJTR0//sClXckcfjxzFZ8t+psQ/ByKLdqBE3M5PTH2mDz7U5AQxRK8NiTRwgAovUQG/bE6Oolp1hHiAQvGL3U50LYqc+9Kx3pSCtvauQycwSl7KWFjj5xn9mXR8K+QwHCx5mxAMaQpqsFVbjjVUdKMG8+KyNXm0c4VZF91RfY0czCdpQ
ZuHQeO99WpBlUi/2KJTR0+HrazQDzpIKHjRkthGnlcKYxLYGf62MBC8S+QRp9qiKahodsDsSgTCcVEHYnx9OGX3rtdA3FsPuKNoGxFtUUGhALhR9ABIWOWYvfHnZykK+iYsbyeUp+x2gWI8yj77hL+fUrSaAcn/asMLbhp8vBiCNIrzEqrP5EEBIfeeDtbp5+uR1PGfF/Xg6n7HiPqO/w4l/fl9Ww1DJdYUnsWhI6rCOiG39anA6ivWblRRe6mx1
0WYqw0HllbJrIfJZWZKqr8hNtusO6zNKDY03y9gA4/nMLIZLRDgyfJEsqPBgEq3w0g8TZQ0bmpzP5C6D7XW2dGEjC0vIafKiS7Sw+BUFYC3K6clUoR1SUyT/SGjsIR1dwAiScmsB7WIsB8k/8aMX/yJSfoZXaZYIqgTdG4LxqyHR8xGm1bV6RAVt3yJSWj32SsTwW6UyYLJ1aRP6JOSCW58HzWwpjCyIMViRzou0uzQ=
l2ZaoSVMkgZfWescZOJKxXhX71sAiaDcRVnwrPFTgFKHSzk0C36IRC85oSXG3OQ3hc3RaNugb5JTlGkZJ3cI78nZuUVZkzTjJQUiUy6YNOY=
mA4FyGkoFTcMuvhcQznT4tb+RavGo3H/c5Bagt79SGxYV4tNxNqbHIA8hm0At9Pz+S8tvFI7Hp4FXikAd6Ts/H8lL+u7GB0wHgN2WARF32g=
l2ZaoSVMkgZfWescZOJKxXhX71sAiaDcRVnwrPFTgFITuWqZK6wOBqaaWZmVhpLRrNmcPcKlCqaZ9QtdJsr4cqyh0+Pzp6C7SOIfIDda+7s=
mA4FyGkoFTcMuvhcQznT4tb+RavGo3H/c5Bagt79SGzqypV8YqafS6K0eDojiv5rA228f/BiUsn2AgcnI9Luogyoo1F1VDCCiXE2okD9UTo=
ZuHQeO99WpBlUi/2KJTR0//sClXckcfjxzFZ8t+psQ+TgLcuI0SfBjh6+Cqto0SNcGrPnZsO+k2SvULxkHZfgMcpMSKA26EIMqpSS3GE+X0S0LRlaNi+vIfGodF+kFB/DY0ro6NlzXzrFABDUJVyO2/MtXQWswnRgwRE6ThBqhqt1b+jtBYqFOK47YtM5Cob
ZuHQeO99WpBlUi/2KJTR0//sClXckcfjxzFZ8t+psQ+TgLcuI0SfBjh6+Cqto0SNcGrPnZsO+k2SvULxkHZfgMcpMSKA26EIMqpSS3GE+X2BJDQdrBDk7jnCFXqn8GyhwxmzeT/Hg/06Hf0P/6I8REC3ND95t+6srb1k3MMKDs1ITthDxCczZagZ5OAUMViD
l2ZaoSVMkgZfWescZOJKxXhX71sAiaDcRVnwrPFTgFLjD1oInk3gNe/+zyj8I4SE0gEdfHwaUOVAWiO0iJJUDQRbIrFkfIxEpGAa+W2vVNps399v9m17Cz+bJkwg2YUz
l2ZaoSVMkgZfWescZOJKxXhX71sAiaDcRVnwrPFTgFJ1+32xg1IUu+zuPZbSXF44u6dGT3Jrs944JAHqooF4qxitoOKNJ2q7b42CfXhduSs=
ZuHQeO99WpBlUi/2KJTR0//sClXckcfjxzFZ8t+psQ9VB2+FvkzsEYGAKU+5kr2FhWLZCoGiLXa/i2v66ahmlRdKVN5IuR7f/L9CfHRw7bXxXOQzBFgNyeg3LnsaeVrqcRBEiJbQ90ju7YYynA53+bOkIeHT4Hg7AG5OBa+Fd8A=
ZuHQeO99WpBlUi/2KJTR0//sClXckcfjxzFZ8t+psQ9VB2+FvkzsEYGAKU+5kr2FhWLZCoGiLXa/i2v66ahmlRdKVN5IuR7f/L9CfHRw7bWDrH7JxDbwQQw1ItrcchDe8Y+y2Qm7+1TneozXeYzR5XJBVa1L4wPqq7otCUlTN/o=
l2ZaoSVMkgZfWescZOJKxXhX71sAiaDcRVnwrPFTgFJ1+32xg1IUu+zuPZbSXF44JJOENdI2jlDMa7A9d7XwV97AdW5MxI9EXJL9n5HUhts=
ZuHQeO99WpBlUi/2KJTR0//sClXckcfjxzFZ8t+psQ86IbpQ305/KlBGgOBwAvzxC/bdq8XlmkYLzF8KDwywQhKkZlWF1wLkEXVKvOoQ3GsGtoAX5HGFF10P+rMk5FcnKfcWWD26EOqIAmbm9IYkH/4+b22u37hnVLkiNeKtKGc=
ZuHQeO99WpBlUi/2KJTR0//sClXckcfjxzFZ8t+psQ86IbpQ305/KlBGgOBwAvzxC/bdq8XlmkYLzF8KDwywQhKkZlWF1wLkEXVKvOoQ3Gu8BMd//GvtGjr9//YIr+S8o2t92RQ4/52GTjPTFjYcxYErRwLnP6dpogy07TV67OmFWQ2K8eqFRkakhhsoCDuv
2NfkNjDTtacw4h9dnQbX7q/iBk+n0yWeSzr2S/DGGk+XCqcHi/h4fn/PD0eYOOqoIkR6oDyHs799re94ySdA0E9Z5SAoXtIqc5jDgQcf/4AJQHMn3hFd0G5RzggZEdGd9wZU2MbK92HSv/ectSqD3Afl42g7j52VVaW0nK4klL0sWutyHdWC/c0Dv+9BaBN5/O+UR+JVIXEClzAu1iSI1A==
2NfkNjDTtacw4h9dnQbX7q/iBk+n0yWeSzr2S/DGGk+QMDZV+1vlSQMv2HE9LVIOw5H+bBTcf4lTWjJ40GsjsL+HG2lCbGuDievmm2w5iTk=
2NfkNjDTtacw4h9dnQbX7peKQd3IsVGrUVUudAcyE/4f3ipKmiih8xL+dq5GKgxxe5kF/NRhVBvxKPxSmWs/Mfd78IqlwgWrIP7IjqZ9iuBaHlKKJnE8f70nrdXM5pUn7YYfwMXBDUUP9l0/tRDFQegSpI9fnqAdWyBwhCwOutMuPITYauhEZSQbtU4YvI8G
ZuHQeO99WpBlUi/2KJTR0//sClXckcfjxzFZ8t+psQ92q1Q2x0ESgeHdbbu2Sqx1Kqi5HJL1zEFa4OjgDX5Vn/MG7uzLKeH4ciPg+1gFGFCSHoknarWTJr9MU/TU5gAv+cBo4R15JMGztLNHT4NsGmVciE6K1YZW12SfsiB146g=
ZuHQeO99WpBlUi/2KJTR0+HrazQDzpIKHjRkthGnlcKfIAbhUxlxeh7TA6bAZSKfnw7DyWTsQ8ygkl3QPrq4WWvcT15NQtUbg7mdO5B+kBCTdXQmgb+NmvJhwzvu33xU15NpCfL40DEgoLj+ebIOLKMvOUsEuwjVMIe0/NVAUHvXqOOr0qZGzcwth7w8bbOPORYtlSfQx2GzNnHXhlthmBEHO3GqJeYhTp5JyL4/WS4=
mA4FyGkoFTcMuvhcQznT4tb+RavGo3H/c5Bagt79SGzqaWKdRsmI1fd5uYnHJs7nkWOASJMbRQ+tB8TYdmQusClZw3DnzngASCWubgHw99vy5wAeVY9OaqG7caKVX2VJ
l2ZaoSVMkgZfWescZOJKxXhX71sAiaDcRVnwrPFTgFIh01ibT5yXb0ZStei890Pz37eIsm7jNncSh7XXdFhNIw1Nh/sQo360ii86hnH0J54=
l2ZaoSVMkgZfWescZOJKxXhX71sAiaDcRVnwrPFTgFIh01ibT5yXb0ZStei890Pzem6DcYMw1lYl/ziR8xTxHGkRKAPoE9A+9wBBQyWJ4n8=
0WYqw0HllbJrIfJZWZKqr8hNtusO6zNKDY03y9gA4/np4wLAhAMn853OmqXtpbzGz9RrGYF+mQjwRl9a5JLkvZ8qjpDKyGxmLdvLym+kWfUZLo/qFbsS+BU3PiDfSL4ZwBaBOrrzhJEyy2vBxSm9rBsKzEzvHKtR8ZTODyv7uLbpCs71N7+y450l1MJehBLD0P07jVXRaukBqqyEFN6OQJB2p9w72xGx/Qw+6aI7zSA=
0WYqw0HllbJrIfJZWZKqr8hNtusO6zNKDY03y9gA4/np4wLAhAMn853OmqXtpbzG4vv4SsE/BzOpEPEVNCy4DYWOaU26GUWo4ny4gwSOLdoe4hlpVA/YspojHX+RS77XJYBME1SAzcBeDsDXbRZOQq14L6NAt6utOAHgDLEbyJSnj3t+JGhBUyLohyg8GO/TvrRbI8A13hO/vXIJg5cLTBCQzLXgw93iGTtCYX7xd50=
0WYqw0HllbJrIfJZWZKqr+WK8Ea1zgEatUB5C9F9Eo7wrJuRxg/gV3gcHwHfd14GH+D8jpx1kqKphedSRbMig71N4dN5EXNv8pmfV3ML77sST7R70cT0C0pGqRRpHwU4Uvt5DGsoFp8ay0lhg1qQbCiA5I6+J4RReVT65L9Cl5dd4u9YmhBw8DTI0a0lFBtmpbbJIhhejZxE5WGaTXxBMHZIr4ifgY/2aGD0mQgjnxpcNOqzYajVve/gH0EksNxo
l2ZaoSVMkgZfWescZOJKxXhX71sAiaDcRVnwrPFTgFLA6TduUU8IJMh50atSvuxH5RYV+qiui1sLvV1/6vMzlFj3WvA+JnuPQRR7BNyLtpU=
mA4FyGkoFTcMuvhcQznT4tb+RavGo3H/c5Bagt79SGwbE+h26uyeVnlBT/6xq5fzwMAzqt+xxUMlDp7JaZ2Lru3OjTgSdhPWpg+i5s6/vcw=
mA4FyGkoFTcMuvhcQznT4tb+RavGo3H/c5Bagt79SGwuChRcU7LNXg2Q8WT+zw7e07ZBJ0Wlg2Oy8ikWcc2u0tmYuA/lz9LsE3GNAPOZg6c=
l2ZaoSVMkgZfWescZOJKxXhX71sAiaDcRVnwrPFTgFK2YAqr4A9mPxEARkeS/K/iLGr5iJu9ssA55st8ysPKvxfLyESTuJBnPx5pnHGw4Ro=
ZuHQeO99WpBlUi/2KJTR0//sClXckcfjxzFZ8t+psQ93yLpEOVTBztn2USduprh9STgjPWfFkRzI9y2kTW4hQMJ3TZeR+cE/g59E00m2trFXaEG6rNbyNzQN7FEWST9vacBLeNQ8QpaP5zLeUFcv2O3RoNFMosQf4q2sAxGWvgA12mt1JsWuAnNfadPRmAkD
ZuHQeO99WpBlUi/2KJTR0//sClXckcfjxzFZ8t+psQ93yLpEOVTBztn2USduprh9STgjPWfFkRzI9y2kTW4hQMJ3TZeR+cE/g59E00m2trFESw2VN2XMG9fm/eSoljQi5C9BM+VqLSeqkrmSCby4H3CPyNAWjDZQKhdFVmwG6DQ2fsqRb1P7yHUmESmFoEU8
l2ZaoSVMkgZfWescZOJKxXhX71sAiaDcRVnwrPFTgFJhOkRKD7E8HmXyDpA/0E87339c4BZGa+R13mzFFUq9fEBiVxbXBhInadA0R88bxpih+IQzjHMoiM0mZg5S2b0zgibeTt+yBrIWD6N0LvmbDIBYFIUtluvsDgtVajbhUMY=
l2ZaoSVMkgZfWescZOJKxXhX71sAiaDcRVnwrPFTgFJKJZLvY4T/XKVEDVzquZXZRkCVEMSjoBrqHWIXgzBzeeGDS3MlgPQHzC28b5Z9j/mhUVvS3yFvCb2BwAf2R2G1X+KpvWScLw5kU0kluogtFnFL2Sq3oeNiYsYsxSZZMWM=
l2ZaoSVMkgZfWescZOJKxXhX71sAiaDcRVnwrPFTgFIQtaIeTcF8r04iIx3KWjbtQRaYNild/Rj1IG5JOHs7NzfBDcYeU3j+FSQZ/PodUicqvmHvmSkYKseV8O8ASbHE7DWRzU6j8sFMyAYnrnSa2TP/dbqmeevXAusCjZf305o=
l2ZaoSVMkgZfWescZOJKxXhX71sAiaDcRVnwrPFTgFJif3bRAqkhtcFLYh/W/yeOXZUpZ7i9/QgpJYi+AqFThzmJ3HwVkxEfStI1M/OsAx7NP8WbzS/aqZbG3hCDsmDO
l2ZaoSVMkgZfWescZOJKxXhX71sAiaDcRVnwrPFTgFJif3bRAqkhtcFLYh/W/yeOgTTFeJJx9l7tKJd1VqYJ82+N0HHgByeZ8ZJpCvUB9yY=
ZuHQeO99WpBlUi/2KJTR0//sClXckcfjxzFZ8t+psQ9GsMpEAUhvEYGaZC7XyLwSl8Ah5C571Vzp+7IeZbQwRC18Z8ze8sfTtJewdGWo3qMiE099CETdLsUbT2NbHk/1N3IqImceQjQttFltPAR56RdmKSwbJyjNSY0P//XwBJM=
ZuHQeO99WpBlUi/2KJTR0//sClXckcfjxzFZ8t+psQ9GsMpEAUhvEYGaZC7XyLwSl8Ah5C571Vzp+7IeZbQwRC18Z8ze8sfTtJewdGWo3qMNKBLRoNNFGHHs1TxHRvE2T3Pm8utoLdAMmFULNyAUNEOCUoU3dekPRNus6zptdQ0=
l2ZaoSVMkgZfWescZOJKxXhX71sAiaDcRVnwrPFTgFK9dhOtZaF4LK36TEATC7nXyeWgbwI/cru5CqTHWKGHeb0E5EkIFrUQQk7DbHhQG/o=
mA4FyGkoFTcMuvhcQznT4tb+RavGo3H/c5Bagt79SGyUDl1JboQqtR+0FgmzIYPRmugmDMw4YgL/1oERLqpINmVREzaOBGjsmfTQQMnO8u1wcj4YVYUlbMBQpaf++5dP
l2ZaoSVMkgZfWescZOJKxXhX71sAiaDcRVnwrPFTgFI2HwwnH8mPvMQtDD5zG1trTGsFlsIrtKpCJUm6nAGsOKXbAExYA2Qr3VMDEelFEaQ=
l2ZaoSVMkgZfWescZOJKxXhX71sAiaDcRVnwrPFTgFI2HwwnH8mPvMQtDD5zG1trgkzlMz8yqoXHy/DFzs/810p3srwVNsgC8i4r+rr6snk=
ZuHQeO99WpBlUi/2KJTR0//sClXckcfjxzFZ8t+psQ/TWe/9hTmf0GVGzFEkt82K+umbJzLyQxmM7JncDSl5+Fs+rq59efsBp3knmWiQTb/NmJNeKzXKZcsufxZKY//NaO27+9RO/EwXDzmZPFi6+H5sw8N1DSvTwpwOWZVDwwM=
ZuHQeO99WpBlUi/2KJTR0//sClXckcfjxzFZ8t+psQ/TWe/9hTmf0GVGzFEkt82K+umbJzLyQxmM7JncDSl5+Fs+rq59efsBp3knmWiQTb/6ALjC7LlQU0Y43ZUrrx89W3VKLb4Klm1eZCPN3GczHRBVGRxLQFtlrGAENJ8LYMrayr8WDvfvYdannUf+d4rV
2NfkNjDTtacw4h9dnQbX7q/iBk+n0yWeSzr2S/DGGk+A4qAMzDqFh+wwNiS9k/OTzlI9sXDFG4CBC2xa47jtHH7wlawyBwWlKN30GLFPOzxZPlZohJZMs+fMDoVgSvfNdpes2o8QZmLKgexXFNDFdG/FrHxovpQVFQYNoAKdHO2ktqJ6IfekpzdeK7MHOypz18ljqy4PjOF1RwdsNWGC8Q==
2NfkNjDTtacw4h9dnQbX7q/iBk+n0yWeSzr2S/DGGk/gxZ19IWQY4r02X9/4ptFV1YYFymn+NmSeC5MkxvIbMagurSVydFh/uNyTufNqqdY=
2NfkNjDTtacw4h9dnQbX7peKQd3IsVGrUVUudAcyE/5JHA9xHA8dVuGh+mwd0nov4/xQqL1rBQbuhxW3d6ZvhnPWbUCTd6x2++ly+UyON2MPJ471uEIA6zWKDs4ZCrNhSaECC+DLGUfMHrOCZJdlqW+adieckLilzmWwMbxFouKqYpWu3J/zoMcYL4M7jNtk
ZuHQeO99WpBlUi/2KJTR0//sClXckcfjxzFZ8t+psQ/937NBaxRABOpOuOChwCvSnLnQ5qmHHlrypLG+Jm88J4Yxl21i+wxjriaELTVnrgT6/hAhd2F8FJxRxb8YAFZUYqXH52ys5AlW7QTMlGWS24ERx767YHIYLi2T+XngK90=
ZuHQeO99WpBlUi/2KJTR0+HrazQDzpIKHjRkthGnlcJRTv9NTwDIkWtkiqGkrROZr7xrtn27Vk7AEhDZ1/ibhF6hZ2tCMDImhB+dxZbWPl32e/+pAG1K2133KcGWQ7kFjXwkm9uiud9q2eqHxj2eL5j/Xp1KB7l8fXC6o18LJO94rpQGydcFSZ7D8+UpTP3UaV4/HDAfcv8qxMqaIPAkormjbUdxrI1blV0pdJZ36+g=
l2ZaoSVMkgZfWescZOJKxXhX71sAiaDcRVnwrPFTgFLNMnnQASPXPABpmGygM0u330lFJiKT+Rfs/v33H3dYixxel4zvODTKNGButU9jrvZb3yUQEBMmXSgqSbg1nQWa
l2ZaoSVMkgZfWescZOJKxXhX71sAiaDcRVnwrPFTgFLNMnnQASPXPABpmGygM0u3JcHUMEuEH+fzQpj1OM6Z1cs8EuhDI4NR+UFrlX2ZJMY=
ZuHQeO99WpBlUi/2KJTR0//sClXckcfjxzFZ8t+psQ/0kcjJma7a2f9uFV4dRxo9EWzXtoMwmVa8D84MZYFDgAwBjaBWZBEYEbKhPYrwOoqIKQN9RFGyj+t+EEd61VlBpqG73iz2TokFpTCw1Rvd9MxqqO/oygWoAh/jLFEdu5w=
ZuHQeO99WpBlUi/2KJTR0//sClXckcfjxzFZ8t+psQ/0kcjJma7a2f9uFV4dRxo9EWzXtoMwmVa8D84MZYFDgAwBjaBWZBEYEbKhPYrwOooms+691JaV0Rxz7MtqskD/f53to46BN6pvkokkD5ZquLiHtXGYEn9zxixSDX6j9l0=
l2ZaoSVMkgZfWescZOJKxXhX71sAiaDcRVnwrPFTgFIi+Ox0+CL+SNyeBFZRB6yo9IklMpjyZVq1RJ/Mv+xNUeuPZNulF3evobm03dd8Nus=
mA4FyGkoFTcMuvhcQznT4tb+RavGo3H/c5Bagt79SGzcTG50Orey3YZH0LxeGpSWeEcOXEcNfes3NENQi12N6+EStlsGbqyW+F0f1QMxD8PSYtk4v7LCAYE5GhWFYu6d
l2ZaoSVMkgZfWescZOJKxXhX71sAiaDcRVnwrPFTgFLWQ5anQf/hqLUyYleVehO+Sb4ub5p9UsYwIZ3WzBhMhmHe5BrEFo9W8axzjG6b0Bk=
l2ZaoSVMkgZfWescZOJKxXhX71sAiaDcRVnwrPFTgFLWQ5anQf/hqLUyYleVehO+PxiEO0Dj8rcoZtCXHM8Wmi++GRs2LeydO1Jqbu/WdU8=
ZuHQeO99WpBlUi/2KJTR0//sClXckcfjxzFZ8t+psQ+MpeqSIl4LeseDQd5wJ8WvI/1ovk4m+yK8d591TmfXKBp4OlKJy1UxdgC2kwaXbo2BsmMZOE4N1xHpbtSsq/4Lned40EkU1KHUW6VwnsVMxzHG1NqldNlimYY8VwcB5KM=
ZuHQeO99WpBlUi/2KJTR0//sClXckcfjxzFZ8t+psQ+MpeqSIl4LeseDQd5wJ8WvI/1ovk4m+yK8d591TmfXKBp4OlKJy1UxdgC2kwaXbo28mw0uyEp2xEqmiJENptbCdeW4fvoxZ31xHyUD08VohK1DSbO9YwcnIeQnP8dg3D1Apxt95Gh66xXfNdipT+mj
2NfkNjDTtacw4h9dnQbX7q/iBk+n0yWeSzr2S/DGGk8n55MuzeSbMnq+HWLU9BmE+pW+AMRVXBndvoKFYpZ3Brtn3gP36K2KQEmpWGVLpqIzXOAO1u485Tj/9HIMHZOKBq90Hmely5pNdp70WDikBivzvE7iu3IeSdlCRtsfT3ZYvUeaC02QZEoYP4JxeOt9EzDQQ+hm5LAkX0+FOL/i1Q==
2NfkNjDTtacw4h9dnQbX7q/iBk+n0yWeSzr2S/DGGk9YDEQmm/JXhDS7m6pZX/6/O4t1KtddF15EPx/QnsFiCvHWF9JMP89JNpZ8V3MS9t4=
2NfkNjDTtacw4h9dnQbX7peKQd3IsVGrUVUudAcyE/4q52UCpQQMZDw3EHx0rKPmWkGcxkwRF2HGMlhEyNJ2Z/9Ij7RUcPEmKP+toZe1j+5572RX7UtTkzNUN85I25m3v2icXMvCZ66SGGtZ0oG8MOyRF+PI83uhYqna/oc3zC0KuVjvHJJNpo+fLkxjiESA
ZuHQeO99WpBlUi/2KJTR0//sClXckcfjxzFZ8t+psQ8A9nbt1trO/n+kkDbRDy9xh1ICJLuUetjEVlzcUT5EhMUks7SyqO8l/PAEfg6d23gjCH+eMQUX/7uuc352+iDlZufhWqh0q0gY3r+UyUYgDXEUpqEcUmu5fYQR3MkMH78=
ZuHQeO99WpBlUi/2KJTR0+HrazQDzpIKHjRkthGnlcJ12By3K8kHXr4qkshW1+PY6KXX+zboWoGmKUAUURnsYThvFyR6dWKVcp2RrYGoZyBppTjepaO0ZR9YABNFrXKc+rf8S/sujwHBENY9fPvUMWPvZcRedgVA2nltKRmPD1O9BxGhNmd4Zva6OBwNy2QGErdG0ZL1ZFEuRKPo5AB5j0gtoSi+un2VFq/P6KNDj9c=
0WYqw0HllbJrIfJZWZKqr8hNtusO6zNKDY03y9gA4/kmOKDaQmTfxF3dHVjqwag+3sSOMI5A0oL67ZnToH8qObwaHyQeDM82hlq7i/+3xrQ0VApannUfbJsEtotKU+XdSRlAr1Uh37CXYdfq9sbJbaG6LU7AF0dqPF0VZYN1ctko6ZdOoJzkPvWhavj54lrJHxj5dm+pl/n6UhqAZ71V7+RaRrYRj19TIV8Xn2lFXTA=
0WYqw0HllbJrIfJZWZKqr8hNtusO6zNKDY03y9gA4/mZ/fRsCXe3jIybQFs8ewu47RCY/780rRbMu0NWSoiDURIVsqD/PxgGbR3lT+VDdjpCdkbvcyRJh6BR+NuKtRivPv9PsMR122XKUQsZpJtnDShfOkTi4W2XeknQL8Jul805YHps+sdnEiEEFSgAcgQ+h6zeBeZpvqS5vVvlYmV5RzOZL2GCpKlWhX2njEiIpz8=
0WYqw0HllbJrIfJZWZKqr+WK8Ea1zgEatUB5C9F9Eo6qjVTGPMjyMyhT0ASQS5NOp0bL0PB9JgGVtiiJThLTZtxSUGAeTuFDJN5lMbd/A3AyjTNOck3hbXCBtD7Oj8xXJAgI9Pn8u+7+nV/eSYK6ZVItt0TjtI/mMyCVO9ua1+q3ZNQfnDlZKZIp1pPqocG0f126FuvHdrk7qwpVowc4aAQIN6OufyHMRAdRutOoKK8ju/Cm08NGbiazBPg5Kiat
l2ZaoSVMkgZfWescZOJKxXhX71sAiaDcRVnwrPFTgFJuvzzSjjBBtsIaBREGejwOUIViTj54upNbqHugS8ifLyRQ/+p83zmgAF04QTdYUx8=
