GmcONIA9PFzHw1gpPLLPoqev3ytAH5KO3S/CJpMsylg=
35kyjVfwBJgytCi6KM5Vug==
FNt9orFfFSbPIXNSbXcP2Q==
gE2g7VQeqq0h5MkG44fPUw==
A4ZCFW7RnVRfEnbtNxUDb8VFIQmzxcIFLuiIjRY2q84=
cwgQW1UgxyVfBeSrdwXHsPE1eoSAri+NViVSjTYe4hg=
pYn3RyiaY4vz2unSybTHuw==
mAzeFbkWBGyzJRgEWJSZYQNn44wFaguEUnqkvHVinQw=
NiGef/LGs6v8Em6sqLz1GYGKB0111uCW/TAqgkiW0+w=
2lfNnhNY+w/3xMaMUxJbE0YFT/wvMlSDz8Vrd5FEs18=
mA4FyGkoFTcMuvhcQznT4tb+RavGo3H/c5Bagt79SGy6WgkUt4mGyOElZvxAZxfkt2PcnCcKJwLOPD4gChTkrQJd3Vc/bypSTDwgb7UBTNw=
l2ZaoSVMkgZfWescZOJKxXhX71sAiaDcRVnwrPFTgFKfvqzMpO2aAavxiLv2DqOGmt+durUUtABEgrYwKSBLZHRl9A19xPorm7yxU3gPzn0=
ZuHQeO99WpBlUi/2KJTR0//sClXckcfjxzFZ8t+psQ8+injYKfB8rMdtTp1FQZL5DtfZgfzDAD17xvZ2T1dt8Dhqj4atkoJa+Y/VdaNcrZlhL+URhyXCiRNNigLiKlKEc40Tt+yvZZtCr87hHL+wrq6IEDDVHB7XsEtz3QiI6aA=
ZuHQeO99WpBlUi/2KJTR0//sClXckcfjxzFZ8t+psQ8+injYKfB8rMdtTp1FQZL5DtfZgfzDAD17xvZ2T1dt8Dhqj4atkoJa+Y/VdaNcrZkBkYfrF8rG3YIFPhXLgpEdpU1gbYO3LpuCZoTdswRuicKXd+9JNhuueJ5QOF2b/GY=
l2ZaoSVMkgZfWescZOJKxXhX71sAiaDcRVnwrPFTgFJ+jFIbAvNKY4sDP0V6ebIX9aPIP0n2BZ837FxXzhIEyLzGQMRpHMD5jN+wunRYdngv+f7dpKx5uXvLV/EkjG8SJsCA8brRbvY5mEDLQcF2nlnADKNoMhOB1SxZmUCM49k=
mA4FyGkoFTcMuvhcQznT4tb+RavGo3H/c5Bagt79SGxm2Are1Gc+ZcRsY0WVUPZ+itmc5KFi1vWzeRj4pO4PyDeaXgUYsD0AOoo1wo6Wvec=
l2ZaoSVMkgZfWescZOJKxXhX71sAiaDcRVnwrPFTgFIgv1vbZ3GM30JFOHAVCaBJqbembBhTA4r+/nszsf72wlVUcPDDBCQe936wXNIXJbj3xaKRJnlkvf96syn0Qpk4lytgl8rZhCfvOTfgS67JR43LCey5rJNDOv+o2Sr4yNs=
l2ZaoSVMkgZfWescZOJKxXhX71sAiaDcRVnwrPFTgFLF0zIUSHSCkoJ8+kvliQSiCKQSRYE6mpqmvAqPO0Gj165musFvDzFyhcNGLuvnjHEFqmtGar0O15PDJTbRg+eaKfAOjFPLvyoZtYrogH9Qsv/9XNDvhJEOsbbc9AuEXk8=
l2ZaoSVMkgZfWescZOJKxXhX71sAiaDcRVnwrPFTgFKVsPD7JttXIqwc/fYN1nbxenTfge6WFRHzkEnmfJFUlTesWDlc3lStdPkmepMmekwlK4qQEdBoxbSO6kOwoKe2uO+e64tGz6s/sHiOIsignbMErkW4yWJFSjp9TiwQpkw=
mA4FyGkoFTcMuvhcQznT4tb+RavGo3H/c5Bagt79SGwA7wogN1n6GqV4+E7KFhvLXvcJDFI08VehcTdB0P56+sLMiM45lQj8GPM2GDAkQHY=
l2ZaoSVMkgZfWescZOJKxXhX71sAiaDcRVnwrPFTgFK8goIyArvy4FFgQLXX959y+X8OUb8caqXfr4fjUrtX2HhKn0AtY9gdnDpaZwlIJwQ=
l2ZaoSVMkgZfWescZOJKxXhX71sAiaDcRVnwrPFTgFK7V/xiXnAlJ4rfHc6YDPcJ6YaM7waBa1nT7xrmjrEmbbZlfMMAA8zeq1pVOVGsurFn0XOk+6aYU5PVyZJSKiCk
l2ZaoSVMkgZfWescZOJKxXhX71sAiaDcRVnwrPFTgFK7V/xiXnAlJ4rfHc6YDPcJSaHOtIjwYguYG4GO7LBUGEPyGs2KEn4eQBSyf8cyb4c=
ZuHQeO99WpBlUi/2KJTR0//sClXckcfjxzFZ8t+psQ+Vu+X8FdEO6jwfZbQyUZ54MbqvgyMMbA5pRg+eCGwHQKsbHvaMLACm/VAOJfmGp7YFTcdCEEwaiKaNiqWDNkgopYU5F6qim7XzTebDymRnWETOjUfunEsLa7XluWW/Hvk=
ZuHQeO99WpBlUi/2KJTR0//sClXckcfjxzFZ8t+psQ+Vu+X8FdEO6jwfZbQyUZ54MbqvgyMMbA5pRg+eCGwHQKsbHvaMLACm/VAOJfmGp7b6XXDAz6rDJ8yeF7PrHXDkJEDMb0B3ctu+/YgwT+zMoxukDA0i+PN0CtwLz62UILw=
l2ZaoSVMkgZfWescZOJKxXhX71sAiaDcRVnwrPFTgFJ559PZVnd5bb7T/WwFgq0gV7WX3h5juGvSEcJobM1VpFxOlVz4pSCsoz2it+WjqQU=
l2ZaoSVMkgZfWescZOJKxXhX71sAiaDcRVnwrPFTgFJ559PZVnd5bb7T/WwFgq0gqhTrF/sGIpyXXHtDwivYZ+P5B0y4V1AguAgX/lHaVnj2EF6CD4lphtw1kODnhAEn+rrTDC/EiId6xD9kV73s2xZMUo8zyJMhJiBqZQnwfZM=
4cPoLQhsWmk4i8DlbyyYl8ocCWhF//sOLkdnZLLD/nXm9Whymhaw71j3+34EfpXpSSKgS8V3ToDasioInixS2CE9GliL4B6phtFrKTb/EIYYuqGC0v+Lh+AQVTrEY86PV0D6snvpoNW9Tr3+H07IPw==
2hoQBa4SfhaeldkU/tXW3o0Dkq3K5Mm1Nr5nrQIjfbjw5xVF3PNPDpSgVfHcaAZoPlBAPihLvhSIGWpkp8T5xQHEPKUxniVz3Th4mDhvvErs8+xSugbWvsDMVlv0VnLzk7TiRKzOZi8JlHDSq9OlcjA+JPqPmVxeGm8qHFSmHxU=
8A+3yBhY+Rdmqim62Ye3jC3jHwcLUD/o3Cj93uKwi56ZfJKl6/K8IFMEYD2q3E0HbjYzlEtmK5ktSptMz7ldPJu4P+U7jQaSH9VKHbeuat4=
8A+3yBhY+Rdmqim62Ye3jC3jHwcLUD/o3Cj93uKwi56ZfJKl6/K8IFMEYD2q3E0HbpMdfl6kDNeGoodoPcVWMt1UROoE9IyizSRGraRwoRsymz62ubkwK35XV5FJxU28
mA4FyGkoFTcMuvhcQznT4tb+RavGo3H/c5Bagt79SGwkDNUipYOK9pTiAknThnPJN/a3AILaJihWQVCqJImqP9yTThyBNLHGB4T+rWkOrejNu2x/d05x56d9t6YyK8Mz
8A+3yBhY+Rdmqim62Ye3jC3jHwcLUD/o3Cj93uKwi56uNORwFP6WnH7xnyxQwrNI3eJDF60pGyqcqJH/EgGgt6bbywotYBEZmnShmHzaynI=
ZuHQeO99WpBlUi/2KJTR0//sClXckcfjxzFZ8t+psQ8to+C7Es2QOSHc3yuoi9v+YeAo4wQnzymZhCgenaBMd6RTFO/xg+A/1VPKtoEA7Q+I6GZmid3QD/5vxoTxK6dfvfon9Oa6piBmZ5w/obJCcjis5Y5O6/fnNOt0r0QBI9IX9y7dNPPzpc1SVgfYThHl
ZuHQeO99WpBlUi/2KJTR0//sClXckcfjxzFZ8t+psQ8to+C7Es2QOSHc3yuoi9v+YeAo4wQnzymZhCgenaBMd6RTFO/xg+A/1VPKtoEA7Q8yA+1MSYrtyQ+7UZP/7HZ8PHOXLJtF5zFcTpR665luJHEY8WaqN9/OrF5NHdgG1bN8iLYsf4xrAJ/kDtX4hyem
2NfkNjDTtacw4h9dnQbX7q/iBk+n0yWeSzr2S/DGGk/RiFdXAmmVZMTaVwPR0/rIx7lXsaPpjtFO9BvOhytl1GemNFUi0OmqcyMPRdwt6+itbYsyUMb+Y/l3cA9NluWqX7xQZ7xihTxdqYUYZmHwwunFIf/rIwgM8bUZ0VVCN07v75WGiPTnaJHVJWpNGwkJL2LoXYuv8jUt8FO+9TF9Cw==
2NfkNjDTtacw4h9dnQbX7q/iBk+n0yWeSzr2S/DGGk9c+GO0yuwi9gaYDnpjmn1YIYUkXMXdyoImTUC+JCp5QYHh594Jh1xegbjzro+nyO8=
2NfkNjDTtacw4h9dnQbX7peKQd3IsVGrUVUudAcyE/5SmcZpZEGE8kUxB0POuXXLjDYAbWKpRsYX7XNXSAA8HZNJINKZmztuD8/HeRYrKFa6s5u1H5+qVNdHjbrwWsyU9YX9Gp/Kf1boWOwmW1wg32Svb3Vt06v9Rgdv6/PxA8dJq/67mZIbU/7Cj4u0uCAJ
ZuHQeO99WpBlUi/2KJTR0//sClXckcfjxzFZ8t+psQ/e7Zi9Ig0uLdyBc1Grsn1l8Drl+PnGKzG01ZprviMfoCZYXY4P8RLER7HOuMenlvY9LxZHNvCuqHJYCg2/xjy+rIj71IuUK3NakCx7uijJ58h2smNa3jWZ/IWrd26nryQ=
ZuHQeO99WpBlUi/2KJTR0+HrazQDzpIKHjRkthGnlcK3S+fGt0MezGVM/6D/0/OJbK0HVfyssbglNuOCoLpZAeLj/CehdLZcm2umfhMq7ND1KW86pv7waj9QGBE4bdQCFTF3G7Vi3rDiRqFCkdAUi9CrRmw0sU1r1JAzJKC09rp9G12ZpyjaXh/bVnSZz+vZMkD/CqYUuRRqiX2ONmSAnvcf/U229dY05/hqRJs1oZo=
ZuHQeO99WpBlUi/2KJTR0//sClXckcfjxzFZ8t+psQ9l5Lq/dakAJtoLwtJw/2JEHt5975ksqqI7GdCuXvXcdMGcDpJ4pDRBnWPYu+Jtj2D27r76mSuqrOmJ1UTDNc2EyQJ+Bi5KPyXEnaB7TdjHR+sJCQNr8TIp4e1zHXRdLYg=
l2ZaoSVMkgZfWescZOJKxXhX71sAiaDcRVnwrPFTgFKUiJySsySzYYYYB1zew1JyWMFhNp9Ute0K3wa5Itl4S/TpzlaSgAzPklDd5U4FAGHEYS7j8oowkWepXqYUkydk
l2ZaoSVMkgZfWescZOJKxXhX71sAiaDcRVnwrPFTgFKUiJySsySzYYYYB1zew1JycrnME24iF0bP37w3g7AsX2fSkelP1tBm2eeicl8PUVs=
ZuHQeO99WpBlUi/2KJTR0//sClXckcfjxzFZ8t+psQ+OKZjFtfB8ehA85Nt3nxQw/N0a5TR6q+1YBdduQlB8rNJp1YUeo9NMqc2DsDFZTWO+pRuxcTyWVrJ9b+UcBujMInPwdRVo55p4KQX9OsawBu6hbokK/mJ5b0+e3Fp8Puo=
ZuHQeO99WpBlUi/2KJTR0//sClXckcfjxzFZ8t+psQ+OKZjFtfB8ehA85Nt3nxQw/N0a5TR6q+1YBdduQlB8rNJp1YUeo9NMqc2DsDFZTWMHPYfoPWJeefv5Ud8nAL3F+7bEZbYax763y50Uh8obgPrUbn5XRbKmt+w4B0K2G4s=
l2ZaoSVMkgZfWescZOJKxXhX71sAiaDcRVnwrPFTgFL1KYyEzUMv2v7pEssL5BxDUkXsJIEZxk47gHqHLhuC99xPQS8bDuW1p+dN6DNH0bE=
l2ZaoSVMkgZfWescZOJKxXhX71sAiaDcRVnwrPFTgFL1KYyEzUMv2v7pEssL5BxDQIcYYz5gA1VOIfeGTZocSx+q2IGz3tT5if4AXraQI/yoYQe1A3tLy5VX+F824P59Az9qrw6jrkGOS7WxjaRx6SJVZiLzBUJSaVXd+xVJSy0=
8A+3yBhY+Rdmqim62Ye3jC3jHwcLUD/o3Cj93uKwi54rK51h7e5C6ttUsB/wYelZlfOUPkpPDOmu7ODpFUpFjeOmjORXmzbhFIWjh75sNDk=
8A+3yBhY+Rdmqim62Ye3jC3jHwcLUD/o3Cj93uKwi54rK51h7e5C6ttUsB/wYelZJDiNfZwma0P/NgyI75oRW8Op6rxkWrdh5vclEjBn2V1D1B9N642lpowTNsx4Twl0
mA4FyGkoFTcMuvhcQznT4tb+RavGo3H/c5Bagt79SGz3uFF7EijXHh95KUqW98Ysm7JxzcVvokBVjPcGYQTGfvMpWDDwZhNbSOseMoIDSnG4E3BHlA5by+gn5/i1m7Kw
8A+3yBhY+Rdmqim62Ye3jC3jHwcLUD/o3Cj93uKwi57CRN3XPitqyHlD/ft361nMTSwr3EmpIMfswnOzm8XwBWkuMuA/OaMVVJRNpypzwgQ=
2hoQBa4SfhaeldkU/tXW3o0Dkq3K5Mm1Nr5nrQIjfbhyT2Ge6GUpypPEAQmxFKhusNJLTN7H4PGzKHvjsKmkCeopgmg0Wf8hOBv0zoSKqWh27akHtc9y8rQmPWVPbP/tOiVrhFlqK35us/7Zr+kPuPwvlsdbm7O6BDL2GU0lRBE=
ZuHQeO99WpBlUi/2KJTR0//sClXckcfjxzFZ8t+psQ+WlHWWq9YXVWOFHpXo0A7Unor/ZpgGOOYDft9kz0x6451wRlgx/okCQ7+xW7ZEe0sceT2WP/kz+8U5Qj6dRMnhMmGrHQXzN8lP4Iin5K6Mfzxpz/k7r3driaaZ1/SBiBaTuXWBOk0ZkUCJnGFurmp3
ZuHQeO99WpBlUi/2KJTR0//sClXckcfjxzFZ8t+psQ+WlHWWq9YXVWOFHpXo0A7Unor/ZpgGOOYDft9kz0x6451wRlgx/okCQ7+xW7ZEe0u1IDAGY1KPh7e+XJ3eGMeNcJ6pNtQeX0dctSYFSgZdfkrG8jFHlOszNKHbxQKUaqCxma3hsbuk6fds36AWrWCb
2NfkNjDTtacw4h9dnQbX7q/iBk+n0yWeSzr2S/DGGk+S4Avasu+V5Ocgd0ID3kpz54+//maormox5HuALgVXjxPLyOk+mlYzgIHpwg2ToelTsex1X+zIIdv4E8Jk/TRDn9h0TEEAfAdLJq4SoTSPUbJbJyIlPoJxWe4CDPkSOZFH2pnHIr9MWFG5SAqyxtGeNSzbzyh3hJ/+yzzDE+Hvpg==
2NfkNjDTtacw4h9dnQbX7q/iBk+n0yWeSzr2S/DGGk/2jhWONB4NuzuFBrGH8MAiMu3UZgaYUOnk4liR9e0Ra6GgSgSJsRmnb4ZbpdlOsfk=
2NfkNjDTtacw4h9dnQbX7peKQd3IsVGrUVUudAcyE/7U7tPAAGzdoIQnobTLltIVSIbTbz9LmGrnrM5UjC/AjNIKL5+EKJCjFmx+q1i3F07HrQjMqaNFr8xu06OZo8Kj/S+xXfC2noruOtlGH5xR2JCfcqPgS1kaL9UYimTKKxeLm1Xprr3z8Fy2vXZiHLyH
ZuHQeO99WpBlUi/2KJTR0//sClXckcfjxzFZ8t+psQ/XnRlxVMLVfsBNg2K5WGb20YMxZC2pUYEEY+/HrwYPpEPE+U0p4CXtJ7BM3JSkwoROMnA2yh47px5Xcis/I4hC5CTk/dGj741Jem3BQ91kKXSm6jCsbPhmrMRdWg2CBXQ=
ZuHQeO99WpBlUi/2KJTR0+HrazQDzpIKHjRkthGnlcLc9e9eSo8BzBQ4BR9SoFR9jkZ7rl1r3/w5y4rkwcqtVXqrSfgvKozHs1lOKjNGk4wgfrvZjrN3tDF9hWqFdh+2alCE6vHxHVsTakoMiV8BYJ3DOm7ZhjPaNuwNckahgJ5a3UybSLLCLy6/EQQJl2Bv1FyxbbCyZ7PpPztxeqgJFKf/GNyAdijp99AidZzO3Gg=
ZuHQeO99WpBlUi/2KJTR0//sClXckcfjxzFZ8t+psQ/oBLZIZZhcsGsTZ6Wj+dtqh58deZ2crmG9X28CvY129i7WARZNCcRRRnEc9zlZX7LVDkrvSTs4gDjwtaAZ06oquk5JY7jsw2Zper55iW30hbHqHC3dQZVsfuIqEF+jZ0o=
0WYqw0HllbJrIfJZWZKqr8hNtusO6zNKDY03y9gA4/nD56wsAWGQqtQW3h8Lf0WNEY4Dbvb25igloMtjXG3rHzD+QCdSwWClNkTV3oClzpV954h5FeQLO9nKKDZMu8NtjC2Qg/MnKyTlUHAUcBQ+Wuliw9X9/bWE8SlKoXHnfebR6Q/Hby4Mn6/yZ5/aypjSQW2fC1jVB7dOR0RXCG0NbsObl6ymd1o2jSsNg0H9DpE=
0WYqw0HllbJrIfJZWZKqr8hNtusO6zNKDY03y9gA4/n5BRLF3ywYu7Q/uiuoGbuHS1BOWH6WAj1S9QU5z31vsTPSFhNXNDbgb1WEWRFKKHGv2t7cl27gT5Z9MCNjNtoIVLAQf/urcy83ojo85fe0kKe8dxmwDT912EFyVv7E4s3x5EyHrGhfGqFUGMZ1JOTpfQ9DdnJlJTniAqzA4CuW+2eGC8f3CWBxA7Q6L2ebSNM=
0WYqw0HllbJrIfJZWZKqr+WK8Ea1zgEatUB5C9F9Eo6TFqDd+nXzmzjvOTS4xnnPxSs8CnIAffZfqlqzfX6y0sU/ol356S9nEUKwpMxPOV+oNigSnLLQrBImpI3QM8uF9AdQcaaThHHa3zZIgmOB+iNQ0hjmIIRkWltQ0seh0yksT0LTFJct/R8b4rq/HoShsmkMjqib2b53Yrp19roVGXPiad0VL68Dx1P/H0/JKVdcaIh7rw6L7EyD1O82UAzV
l2ZaoSVMkgZfWescZOJKxXhX71sAiaDcRVnwrPFTgFJu12HUoSx8cAMMMTB7j5D4Oyrw1B/z/Q3DORK5Scw8byPlG/pKQETRfxV+spw3+D4=
mA4FyGkoFTcMuvhcQznT4tb+RavGo3H/c5Bagt79SGzNItrKo9AP2rjsm2CYxvOxnIyhUgJnNlIKiXZRM9r5J71sFYmgH0YTJFOAKYc9xug=
mA4FyGkoFTcMuvhcQznT4tb+RavGo3H/c5Bagt79SGxab6EwZyhnF5M/c244nJ+3xONyZJugPdaPB7XksKdDNU3XRtAAwbzcq2MtDxpWMtc=
l2ZaoSVMkgZfWescZOJKxXhX71sAiaDcRVnwrPFTgFKNnx95Q5iesyrzNPgtbIiBc0Y8Dg/uuW+grDfDXH0FOxQ21CjpMUzh1WlG2+5KlTI=
l2ZaoSVMkgZfWescZOJKxXhX71sAiaDcRVnwrPFTgFJ0nLSlbigz/n19pDh6LBZSG5V2i/3FIOSwuvAhqnBW6ZFmOpLB3BPnQupeUpQDb8U=
ZuHQeO99WpBlUi/2KJTR0//sClXckcfjxzFZ8t+psQ+GFczQ4De+NTZL5wDgsoRL+PFfaz5vsVqDqyYkc918U94GBZUk3MfO0oY8YUkIEmV0EpBHe5UbrW0sx2jM7qpJ8CWq+TdVED6EgWCCWtCvVakU5vFfTmptigfqdwaQ9Lc=
ZuHQeO99WpBlUi/2KJTR0//sClXckcfjxzFZ8t+psQ9NySQCsjAVdcom1WYWyFFMB8OvYV9NJW0OjhH5NwW16bkZVs2S98GPun34kz9o/qMrTQaPFX0jGQpzplkABo3c7Pewu1aFzbNJhrmpcFWxpwlYLfYFUkknFMpzM6pyztM=
l2ZaoSVMkgZfWescZOJKxXhX71sAiaDcRVnwrPFTgFKijTv4HLxfgZ6HqyLIzWL05YafhNReyOIC1l5v7I6ecbZZHK9bE6vJDM9N2oTRXCdB9a0AR0O5ovY0+MVP+SGzhwKjzQxo3/yWuVB/RxYeHbOEC3mVPOSuOBq2eMFly/4=
mA4FyGkoFTcMuvhcQznT4tb+RavGo3H/c5Bagt79SGy8rNXYfIW8HiS37XRtRP+uFP+9RcL/vBODEmI7lIbsT6RRVryYAcgGdl8ncv1pZlE=
l2ZaoSVMkgZfWescZOJKxXhX71sAiaDcRVnwrPFTgFJgZCOPWrgBRen8tFcUAnOt5HltLQT6r6WJ5vUYhlncBehwL/Gei3dXzwmqXrKpYGEX8euJBiyX1j+IEMy1sYnFtNkBpmrFD1hORmz1HOIAvrzVJd9UXId7dpzM+vHOIF8=
l2ZaoSVMkgZfWescZOJKxXhX71sAiaDcRVnwrPFTgFKmstWkGl6GD8L1Zm2RpJuKVQKY1/10j09IHFVWBFmAPZN5kfUYx0JnqwP28LmWsjFr+uAr6tbldnxU5T6eP/TAmBvIjIOG9IkgsZJMTLG+llsDib206eKaJcf9f5CUTFw=
l2ZaoSVMkgZfWescZOJKxXhX71sAiaDcRVnwrPFTgFLDWtEJTMbVwEnNUNATiLnTS0w21QwMlHj7T35cLZM/wuf+IBJclHvrFkJZBB5XlxcET5qbnqyynX1Xtlv6t4WSWbxtzm2bng+57JdhI9NqZ3ObaRg+ce65usbwXzXRhkk=
l2ZaoSVMkgZfWescZOJKxXhX71sAiaDcRVnwrPFTgFK53EBxC8LkC5AAlF/yuoZtVFLOdFgN7l9XF2DvXM6EZanLJskhwdb9r2bHWpw5Rxwv3SVYrtcc3k7tLa7H+gsf
l2ZaoSVMkgZfWescZOJKxXhX71sAiaDcRVnwrPFTgFK53EBxC8LkC5AAlF/yuoZtsBaEYOUMwexnYXEu99elAQ9edCvpOYpY42b9i695Y60=
ZuHQeO99WpBlUi/2KJTR0//sClXckcfjxzFZ8t+psQ9UGQhKmx5YB3u3imJY2udl9enpQWyalpPMlsI0jX52UHaFtBH2TfJLFDRtXroPIzFNOg/UD+2EGdx7vJwDIMPKmpba8IC5kpRii+83w7d7jChUQ54Ts0JjEqUtLUVRdcc=
ZuHQeO99WpBlUi/2KJTR0//sClXckcfjxzFZ8t+psQ9UGQhKmx5YB3u3imJY2udl9enpQWyalpPMlsI0jX52UHaFtBH2TfJLFDRtXroPIzGLS6wQNmvN8kWEt6MJ3eS0d97booZ/WLmYbjl4C8Sk3/B0XPovOfqv8lNfVEVfMzk=
l2ZaoSVMkgZfWescZOJKxXhX71sAiaDcRVnwrPFTgFLrAuWvRbe72g8fs6/NhlHznJ4cFHNpHmWdtCzwDBK5oJXj2zIaZq7v29Ra4/uvFoU=
l2ZaoSVMkgZfWescZOJKxXhX71sAiaDcRVnwrPFTgFLrAuWvRbe72g8fs6/NhlHzfLXbJYa//L3Aff8Mgu3obeXzriOoiDIzOOgi/qe0T5IZfOXhSe5IolAlKkFjqwARBiZhEAQZA4xHMNOmPwBZT0Hph8s7nW+Rw6drxYS1HNA=
4cPoLQhsWmk4i8DlbyyYl8ocCWhF//sOLkdnZLLD/nVLSARolAjzSbE6SiwywcQjxV9O5eqgSVfR8aPy82vKWdC//qIaegV68xVlHfaocZMwfPA59ZJG+JrYeZyAlN9SldnPEAP8aJFatArnRQx9fw==
mA4FyGkoFTcMuvhcQznT4tb+RavGo3H/c5Bagt79SGw6AM2E9AJYS7tVjWYrWgERJLMqgqPa4kV8zxAQ0ntsZ8YTwPiE6eQ5y6/f4WXqFOU=
l2ZaoSVMkgZfWescZOJKxXhX71sAiaDcRVnwrPFTgFKkIWB1FsOfGitiDbyr6mU4Ic1gIOpGkDHOw9gqsHnDqjwLJ9pQqNdxxGKBZQkpCgo=
l2ZaoSVMkgZfWescZOJKxXhX71sAiaDcRVnwrPFTgFIGWRVftVuCNOrnwcCopvqfTWYA8E8/BhPjuh5Vcqnin7rA++FWnP1VJ37W3rq1hzcnIrfOtu4H0H9uv8/bIfNe
l2ZaoSVMkgZfWescZOJKxXhX71sAiaDcRVnwrPFTgFIGWRVftVuCNOrnwcCopvqfckWrMnEHVmFNcm4jrDl+LfCbNWKIHx2+axmhYa1Nr0A=
ZuHQeO99WpBlUi/2KJTR0//sClXckcfjxzFZ8t+psQ/dPjnx/p/fMxJEudJLn9sbSEEWc3r7CJ9JiU4n9b66yekh4+3MyRJBBU7/J6AgBN8ToSSJVXefzAvTXGNE0KKtn7WG0O5T+rZkilVwOu5WA6OFvo6cNqNqaCnoDZ1MQDQ=
ZuHQeO99WpBlUi/2KJTR0//sClXckcfjxzFZ8t+psQ/dPjnx/p/fMxJEudJLn9sbSEEWc3r7CJ9JiU4n9b66yekh4+3MyRJBBU7/J6AgBN9CJ61FeepmAfWRQ9ao97lAu6HmsSN8nwPWyEg56zp6HhYCuLfm4Nv+FT+0EsvD75k=
l2ZaoSVMkgZfWescZOJKxXhX71sAiaDcRVnwrPFTgFItMqbDcSvAqoJNUuTpldhO+12xZdvAs9mEysP28aV6/rTza1W37p5iLcaS/ytmJlg=
l2ZaoSVMkgZfWescZOJKxXhX71sAiaDcRVnwrPFTgFItMqbDcSvAqoJNUuTpldhO7l2xgKME4toOsSGk3JNzPPY+oThrREqfPuT2ezekXhmwDAsxbH6xVFvObT4IM22qlI/kx2exWGJPudpRyZ/AetcW2kpWBtfrBepN6/ZBgyA=
l2ZaoSVMkgZfWescZOJKxXhX71sAiaDcRVnwrPFTgFJe1NsSQO13eyNy/GnZWppgNYIuNbT0MqqueTDd3LVO9Pu/f3d1NU+WEYBJD0kS5olxsw7EG2cOPhV8wnsrCkM0
l2ZaoSVMkgZfWescZOJKxXhX71sAiaDcRVnwrPFTgFJe1NsSQO13eyNy/GnZWppgzpOmI2QP+BaHFKhOMUPDNBbibHtVN8/gGTm5S/fpTD4=
ZuHQeO99WpBlUi/2KJTR0//sClXckcfjxzFZ8t+psQ8j9zsSeMvjVHUhgsLpvTLDTI1MI7Zc/UlRLRHgoTh1pmYYg1R7QfK+KJrwRmtuZZnGBo3SVCqPRCFVrX1ll8orvxa+ODzliAtqrYKECQf82gFr/lj6LWzA2mBnYCnUbeQ=
ZuHQeO99WpBlUi/2KJTR0//sClXckcfjxzFZ8t+psQ8j9zsSeMvjVHUhgsLpvTLDTI1MI7Zc/UlRLRHgoTh1pmYYg1R7QfK+KJrwRmtuZZkfbDY2In6wt9KGVqdKU+aB5NlklmwuYwKy84QKs7xM4v/tWKDId/NymgNaHBn5aw4=
l2ZaoSVMkgZfWescZOJKxXhX71sAiaDcRVnwrPFTgFKtnP4OxvLAM0a13fT2zOl0kQSqPRXNHksJFEu9vUYDJiTjx+O0v3TSAzqOd/XMwQY=
l2ZaoSVMkgZfWescZOJKxXhX71sAiaDcRVnwrPFTgFLAoVkxPhmMSqNoBVLdEV/CgrLs7YFAwrJzK8ikcIBW/NouzrfD88p17MIWYSsFIbemjy3R3DvoT0QBbpwVxQ8BoSv9hsHrBR24P4s+Y5CtdlWJxtTMGWGHly8KlmCbrQU=
8A+3yBhY+Rdmqim62Ye3jC3jHwcLUD/o3Cj93uKwi545u9lPv+P0TydtnT7IQO9N7nNzZQmBYr4f2Pgz2nGNlv6LHR6sSWuoQ8dAvtBJ6qedYoEFOgRIyvZN80PoHlHpHvR4oYPAeaDH7yg2p8g3Iw==
YVBw4w8i00aXRr8EM6qQUFXB7xP6Cf/hqu8C/h666w9Xpx7emCxMPfF6pRNgLwTCRY3oAZaA3+ezHXo1SZqoP++dHW26rDrRjt2ZvegtJEbWll10GYoCfX65JyF1GztDTdkLSS76KTFKOJ2u+0oyTz2SuxtAMazxN/BhG0JePB0=
8A+3yBhY+Rdmqim62Ye3jC3jHwcLUD/o3Cj93uKwi57jRY1SvHeD3PlR3QfLrjRGaDPdatbQBl4xcgxjpu4MI3WvA+O26H/eajSeFqKkMTk=
8A+3yBhY+Rdmqim62Ye3jC3jHwcLUD/o3Cj93uKwi57jRY1SvHeD3PlR3QfLrjRGEPxiu9dMWzpzzNzyQUosSXj58mqZm3vEV20yPey23BL2suTqMIG9e9vC97ceHNSQ
mA4FyGkoFTcMuvhcQznT4tb+RavGo3H/c5Bagt79SGwHWOeE62GqHGQXc1iW3h89TAJZxwYno1Glv/pNmuAqCBZdnTmp7CM3BQ7TqFNU4dX2Wh+tVwugeXtrbrm+IAFz
8A+3yBhY+Rdmqim62Ye3jC3jHwcLUD/o3Cj93uKwi568eHZ+4OSD2dtLnoZMxISjxlsagRziNLMkQMZ3x7/gXIT7O1P/5/sDXrrXeGncSis=
2hoQBa4SfhaeldkU/tXW3o0Dkq3K5Mm1Nr5nrQIjfbgvbN6mInEUJkhle+N+5bBmoxCT8ODyB1jjWGoa4WkyJ0tK9YDdcQO0OK9rKjqbCGd09IekC9TRoZ2yq5y9dy/Qc0M0xFlmPyLC+O43nVxnNBBNo7ndBt0eOH6+jH8FrEg=
ZuHQeO99WpBlUi/2KJTR0//sClXckcfjxzFZ8t+psQ8W77ETSfcrGv7bqPW7Fxh9tj95TQlQ6skScyQ/yOpddR41i+0nBjFgZgADL3kKA5DiUT9ikispuuRIB6BHsIbv4kJ0AFnhzpYTahMSt2Bt7qM3LgQsGR2crEcrsqZPYjvJzVRBxyJshwLJo4YoX5ff
ZuHQeO99WpBlUi/2KJTR0//sClXckcfjxzFZ8t+psQ8W77ETSfcrGv7bqPW7Fxh9tj95TQlQ6skScyQ/yOpddR41i+0nBjFgZgADL3kKA5B5gtUTLxqqSEx6sE+oZJZezmpzz0zvyCE7xvVfWvRieMhAklQHjz+mMvTKJnHtDliswbSmn1QCI3/9qjDGBvlF
2NfkNjDTtacw4h9dnQbX7q/iBk+n0yWeSzr2S/DGGk+8LrdJOwFFfU10O9pzJDDeLcbs8HSzUx5IQIQOGIySZIhdMN1l8RNIyJM1cWCZAiHY1uMYTokwKSGUihPuw3zWYXHR1N57G1ndeJZroMqifNNtsNNqDkj1LYnRf4yZPusv1BmFa1GZPqlb7gWW68kqHpS83L88/B6C/4Th5VCDxw==
2NfkNjDTtacw4h9dnQbX7q/iBk+n0yWeSzr2S/DGGk+GVx7lB/v3xc5rENS41haRolTT7YBjONKbstvcEgyKKa7X4418iUS3Cm9vI3Hcx75cZG9XqlIe3KWOAcUD6SBG
2NfkNjDTtacw4h9dnQbX7peKQd3IsVGrUVUudAcyE/5eXmcmzfWcAProJ/3uBttjYwl4m/PvrB6JXeLjDWCvdg0z5rLijr9KhSIle8JBPDTkuWXm8fIooUhB/WJebOpuavquPt7zghQqnhZoubYMrOHQ5Y/LmqXSn1L9wDVX7m26E/06dW16QBsms65t4vdH
ZuHQeO99WpBlUi/2KJTR0//sClXckcfjxzFZ8t+psQ/fJf/yCq06YKlhHxJDthDuakBGNAuDn30ghQ2oIYwbvya3/6tDe+HEzj/SMrsUg2auyHtM78pFCNHkRiu986p6RdmN6QwFDr9kdnsyIaABDYhEy0e8W1teGnWw+cAEpvw=
ZuHQeO99WpBlUi/2KJTR0//sClXckcfjxzFZ8t+psQ8vgbv5Ot/bfP2CI3c9N2XJSdrI7M6fzv9LRW5eMqKvL1G8OqQN4dwG011OhZ9yiMy8teYAg9FBrq8+d00Kt5hlfyDgqcGlZP45qDJMiQg41krk0GpxH58APZ3tPx9wG+U=
ZuHQeO99WpBlUi/2KJTR0+HrazQDzpIKHjRkthGnlcL33LtBiWCelLoaUCvaVvzx+l1jahY5iIH5sBWxB+is9bB/UiU+Df6pCBYCOgtFBLbYuPU172QivYqEs+eYmC7/dLNxnQlM7iZmD4vCrsyhf7GiG9ffwnhIspszuAUlLUNFkuy8I7NummsG2J7ZfC3zM59WmBCQ4F1i/Bk/9bIgnXdTFTrq0QLVnW5itfZ7Z7Y=
8A+3yBhY+Rdmqim62Ye3jC3jHwcLUD/o3Cj93uKwi55NlKrtlfSo6N2lgU+4aXbRNpw/pMdCJnRQ4hDKMmJUugF4n0XBTkEvrW4smuKVffY=
8A+3yBhY+Rdmqim62Ye3jC3jHwcLUD/o3Cj93uKwi55NlKrtlfSo6N2lgU+4aXbRxWd0pwibnqbcL+d19Tj+Tt6wI1lJE89sMJsCeyIV0gYDH/1GHJxRZedbEkSiKpDB
8A+3yBhY+Rdmqim62Ye3jC3jHwcLUD/o3Cj93uKwi552IBvIkMmzNfPL8Tx07BQWeQga3AL+Op4b17O+3fpGQRZplyVrVcQCWs2U6cMixRA=
l2ZaoSVMkgZfWescZOJKxXhX71sAiaDcRVnwrPFTgFIM9+sLiCNpIYCYAoQf6fPdrfwYCxWkjjccjG4vKHnRZF0a4g8zzSgBAHh7CxbcrJlhZRS5IDj3SkY2HJBuY+u+
l2ZaoSVMkgZfWescZOJKxXhX71sAiaDcRVnwrPFTgFIM9+sLiCNpIYCYAoQf6fPdvSLGy1NG1Dky6r6B1OAiP3NW+jIsnkwAHgdpG5YNEtM=
ZuHQeO99WpBlUi/2KJTR0//sClXckcfjxzFZ8t+psQ9zGtojfSFsS2S7EJIFyH9psR+UihIxMQuVcKhPwwztfOolJsT4V08Wsm3xBp/BrJgAJp8ykV55v6KYJcG1oBEZHYKaL8eqcdJeGfmmAAra16Og6+QIh21r0T7cUJzWb50=
ZuHQeO99WpBlUi/2KJTR0//sClXckcfjxzFZ8t+psQ9zGtojfSFsS2S7EJIFyH9psR+UihIxMQuVcKhPwwztfOolJsT4V08Wsm3xBp/BrJgq325ulN+kOiEwu9GLa+p1QsMGWVaxioodE/TqkLN2ZDu8LJoOwr7px5KkjAm70ts=
l2ZaoSVMkgZfWescZOJKxXhX71sAiaDcRVnwrPFTgFLj2W1x5drA8YZ0eXm3DpyI3dbqrUjbCXe53HwHHts+WPs6z6/zQGYkib7n/fC5SU4=
l2ZaoSVMkgZfWescZOJKxXhX71sAiaDcRVnwrPFTgFLj2W1x5drA8YZ0eXm3DpyIBsglD6+kIhe2Z1iJceoVVzBZQU/koShva2mBt4//HOMjRSmhK+6dILy1ewrB/i7LUWh9cInGkDPt0I52JIwqIbxRhHcoKVakRqyzbpv1Hmo=
8A+3yBhY+Rdmqim62Ye3jC3jHwcLUD/o3Cj93uKwi57NcKBzyPq7nVuSgi0qTsgKwsPjjOJax46Hk++d38Sv6CvHpe0i/FvxLWhKbuxeq8c=
8A+3yBhY+Rdmqim62Ye3jC3jHwcLUD/o3Cj93uKwi57NcKBzyPq7nVuSgi0qTsgKVGqxVV2alNBW9C8BuQFR09pfmzpWVavknnoKTwxt4WSXSOS9C+nm0UXwtgfQNEKz
mA4FyGkoFTcMuvhcQznT4tb+RavGo3H/c5Bagt79SGzLc+Cy3sXDHnqw+Saa4DJzkx/fpJb+5AnYhEi6qDhhG428uWgQwjde9qELKYW9wSvY/8IUKKggCg7gPignKJSI
8A+3yBhY+Rdmqim62Ye3jC3jHwcLUD/o3Cj93uKwi55XgolfJWzsPVAN60eSST/rZDTT2EQGWGkmjYQmR7mtPC3sauzhf4Zsfoj7zJDK/2A=
2hoQBa4SfhaeldkU/tXW3o0Dkq3K5Mm1Nr5nrQIjfbiPrB6dZGI4K35Mvni3gdjNh4ZhiLNwgBtaqTp9ynwVY8b42Q1hgmfR2D3Y4A8a32u3nEhBlLMnuDYK6MHX+qvGgJYgy7JMC5Nh3BEPlyEXY55HWvPrzWszrxC/olKVb/E=
ZuHQeO99WpBlUi/2KJTR0//sClXckcfjxzFZ8t+psQ8KGJns3wD4bdgCU/JoMTh7onLmmcCbwn3bGwPlB+Ze4UlZQ7pnYmsHjqvRnAk9Ghmp/LzAm7XZYgbBp10YBdYC2su5B2skjlNdFBjh+jxbxDgv79zypQc6eu2IxNQ56dloSZd/VM8cG/u2KJ18CdRY
ZuHQeO99WpBlUi/2KJTR0//sClXckcfjxzFZ8t+psQ8KGJns3wD4bdgCU/JoMTh7onLmmcCbwn3bGwPlB+Ze4UlZQ7pnYmsHjqvRnAk9GhnHFo7Bb88Usgy3CxlsZi0fYd4qc4EUtUKt+xWI6tr5XzYDUwYfZCsCOndzFZRtr5y3ca+Cq1vEf+M5qftpQrhf
2NfkNjDTtacw4h9dnQbX7q/iBk+n0yWeSzr2S/DGGk+HuF+rC0B7w9UZFOjJ3Et2E2tzCunpC1RACo8E+fRImOEcJ/ttDDzLYdOetm7Ppo5QJAbamheU5kgqjEEgY30YfkcikqPLJKUG8OBQjrgdUSEqIsN+GL4t7TEJlhHYELUqpcLQDVs/8/lDaoEZd/3Qahjxhr/dYXAdIgxEMtugXw==
ZuHQeO99WpBlUi/2KJTR0//sClXckcfjxzFZ8t+psQ8axwm4PsIhDQ5K2+koKK8p8KLOltHxruphrg2iHdvd3dwWc9bfxEDe3K20e3WojaOuyX5F9Bzgei1s0HjwY6OPZraxm/Q9BSMi+lUEo5B1LP82Ed70tsVXC49CimRkdrI=
2NfkNjDTtacw4h9dnQbX7q/iBk+n0yWeSzr2S/DGGk/mDfCSnKDEV706OFRyUSyFD4+5Eq/lHxYBlkAsxwnq4BPkPj4NztbXivrGgDOLXDI9vbkrfmoAAFDAiKE34A12
2NfkNjDTtacw4h9dnQbX7peKQd3IsVGrUVUudAcyE/7jQDjk8Ovaq8vGJyeXlltrac9Mseo02MzwWl9WRVPSZltaIBopmcZE9Sxk4EYOEBPhBo2fdy+bN8mmoNweWkH7fIKXv7SS03Qx/OU3pydwGNqBT7g+i70D15AqdheKd+Eyo2pHhnNlePxIpHuIZekQ
ZuHQeO99WpBlUi/2KJTR0//sClXckcfjxzFZ8t+psQ+8hoFJ2wRvjqjI0owPotGkfyaYj7u+wEW4galWGkM8kNo1nVxEE3noclY2TuYhgyIRrK6bRPpGj1VHscycHn3Cv8W9n4jlBXFe0Yaug8N1PXUjdWy0hC2WwLYlO3pw8EQ=
ZuHQeO99WpBlUi/2KJTR0+HrazQDzpIKHjRkthGnlcIp7ygBe/otl/m8L0ghH5v3fXIcwMO8wZWjsAl6K2YvaUMKZTP18XIQduhlRZBnyXzSxZY+cPN7mYiX6W65yFv1rUBxSd5fGHh/BY41+oxF3WwMiWr4txZfUKuPDKpn9tJo1wUDAeQKj0aQVu1yODy95csNfDq/jGuNRrj9JEphEc15Y7Cqhf9FphSJ4igngk4=
8A+3yBhY+Rdmqim62Ye3jC3jHwcLUD/o3Cj93uKwi56x9pEXee8L9/TI87jgGgag6SLSK5IGOuTaVyjHdTC9IeYtudwSoDzeDiH+O+qmLA4=
8A+3yBhY+Rdmqim62Ye3jC3jHwcLUD/o3Cj93uKwi57lNc/OJ9IDMxcpUpHL9X+G02BwH/U8Av82lG5157/na+zYNrNQ9CVXJHfBFEuTmVD2TOI0eWHyk5PP3RRWsE4v
mA4FyGkoFTcMuvhcQznT4tb+RavGo3H/c5Bagt79SGx3MXC1llkzlLX/pJpTibksWg3VbzuYeq3LfWgPqrwp6wIYKZFynkG9qW/HBgAJ/D6nLId/Xa4my3EJ7pr81EJS
8A+3yBhY+Rdmqim62Ye3jC3jHwcLUD/o3Cj93uKwi54z+e2k2JTzFJJrAlsGRBWkV5rNGJErnxvcibBFqtmb4NTu69mOmu931inFE625Wdg=
2hoQBa4SfhaeldkU/tXW3o0Dkq3K5Mm1Nr5nrQIjfbhkgIMBcYw474OP+Stn2EsMlXwNwXqZmeqomfsfSwYHjJPmKqBguDqbiiB2GuHOyrXFc/XExjWUuRrj+cOly/6q0dns0Vu1MMyR7lNuAsCbBEkQP3zvRWl3vI2VfO6S9T4=
ZuHQeO99WpBlUi/2KJTR0//sClXckcfjxzFZ8t+psQ/xKSmswHJMnh+H+UUkJIDcBn5qUpq3/q9og8B2gevY/suM3EWWj1bGzmuOeWDOZR1kxMm3RXwHQvgUxs8BjKh3ZzYcJyuz8AbouWnCOKOxzee/E0e9jHIg+liCKZvKBlcjIAHZwEWrcncanqo/c7bI
ZuHQeO99WpBlUi/2KJTR0//sClXckcfjxzFZ8t+psQ/xKSmswHJMnh+H+UUkJIDcBn5qUpq3/q9og8B2gevY/suM3EWWj1bGzmuOeWDOZR2C/I80+nW+Vr4NFAGbgBhA8j+Bgwk2/Czq/c1Rb3H3d4poIwGTrCXSaGJ9z9/baB3ECLDyr4Um4bKauqwzFhee
2NfkNjDTtacw4h9dnQbX7q/iBk+n0yWeSzr2S/DGGk/YqIngsj0/RfH6M3YuiI5nm+eyqqo5fEurrSRRdd+t4+YHiksuXTMiGMp97w+jUBuui18timT9yComRee/33hK5jaXor0Xc9c5QOtK90jYiOhKTaw67tEM5oOmw7R0sJmn0RJQ4whl2ZjTg92AHrpu+h08ubOGsy4TXkLOs3gi/Q==
ZuHQeO99WpBlUi/2KJTR0//sClXckcfjxzFZ8t+psQ+ncBwyVZiIYvIDlensxgh3SNHGuGu/ryW/GtghVGS+lP/jIynCih7UsSEOPv4c4P7CHooc4sg7LvpEUgvmd6nJg6mFgr+xWiyyX2Nv6vdv1mCA7TmwPfPwm0ZBqnp7OsU=
2NfkNjDTtacw4h9dnQbX7q/iBk+n0yWeSzr2S/DGGk/TUDUYqDikPe1cYTLI3NhA3II53dGCejF3y1Sh3WSJe4ROSPp5IQIavAf9hngidtEaNRHIobe4gVUPFckN8aJe
2NfkNjDTtacw4h9dnQbX7peKQd3IsVGrUVUudAcyE/6LfmLYHRfA8GC268Ke58lQoKqZQmyckBo0yS2Ksux1xWrw+Wl5i3zqt56CL0pPpMJg+lwuC9J0FK9zi+2gNAkcQx6JH56KK2NvAU/tLqkB/ho2VRybP1RzaFsP8UEowEqA1glkvyyW4MdR2u1PBMz2
ZuHQeO99WpBlUi/2KJTR0//sClXckcfjxzFZ8t+psQ9RMwqXyj6LV4o7GZA+xkXeYBKj193gQuKINqKsSODuABUGvSrZbtkduIXTT2Lw86jeD0+NYSw9cVvQiRnMjdz5qYKBOB9Pjg6JQ3gHAqjnimhYp4KwF3O4Jquav3yW6NU=
ZuHQeO99WpBlUi/2KJTR0+HrazQDzpIKHjRkthGnlcJ0ssxqlhhhprrsK/MMjk6AwcmjwItvz+NL+nwrm39dsPOZaNGe4DDScAy+f60Ym3DG6njDnsMwG2BXuf8xmHRBETDyqXqG4g6jJ6ewXOzJ8UqNGEEuup7QpheKk4WtFJxtYB4oAcAdPQLZ83xx+TD4gY6nvBpIMd9LVXd7bKnbI63ZUfMS+n/leA7jMwCP7Wk=
l2ZaoSVMkgZfWescZOJKxXhX71sAiaDcRVnwrPFTgFJOwCDGfAGlvfkMwcpHg2suYsZ5d5U65uMCYNYFGfGW5lU+CP/LNKepuwHAWUQBYGU=
mA4FyGkoFTcMuvhcQznT4tb+RavGo3H/c5Bagt79SGzGg24Q/FqXx/9QUgygkgLBhYyh4aKKLpA9LLiwBty6YRA67fcvnM1rJpAGkF8KKXA=
l2ZaoSVMkgZfWescZOJKxXhX71sAiaDcRVnwrPFTgFK4xhXAApxbxfK45v0zt3W6BoES+8wzSgOjHyEIFSQL5EPMoVXCrE2HS3CJqS6fmNY=
mA4FyGkoFTcMuvhcQznT4tb+RavGo3H/c5Bagt79SGxXyLqgBCDGB4Q131IfJyM99rJZ38q9/gISjYLsL7hnGfPPnsoMq2+EfvULHkZwb9fMSgQ36h/qgF1xbSAI8fPK1eoUNbvI8BoNaAwPHLhgOA==
mA4FyGkoFTcMuvhcQznT4tb+RavGo3H/c5Bagt79SGzI/FsDFROQL4WOOAr9EJ1pQTuWNyvr1T7mj/WZXTWI01MynloqQy13H01MehdiNhrs52I/EQKUk4y6dgYzwwjBGcTCfy14WJkUrqs/EJdUxyv9rKws2ukv9v4Pc+4sVztPG8i+CTjVdUBBu4JUg6prQSHTlQ53IbEVy82OCzJtVw==
0WYqw0HllbJrIfJZWZKqr8hNtusO6zNKDY03y9gA4/lOvU7LaonowxdP7/tZ+pZMjRX0hUKd0Cs6NAV6qPA2iwH8cAiISv6bVADAZALmH12tNcAyi7HOLE74RFG1kf5yUUgeH9uDaNP0qzAKG9zRiPam2FnMgdVLAMQ//nrT0yfXT9bW7AlhNe/KRBmR9Y70rqyJu2X8bIgrEm3oM6+GvG7phK7KY5fecEqJoRi2RrE=
0WYqw0HllbJrIfJZWZKqr8hNtusO6zNKDY03y9gA4/ki02TLdJVmZpL+XKAeymELG2W4b9U28LvdHnue3cI6CmPAh8WdOX95HnNo1laMw5bWmXLWT30P920bgKzRiurVJxKYfs67gxTR+UnxDRzD9anOOPr5eowfHZKfWd1ySNvprhBgYESr21z6bztMO5fgCjozHfCecV76tWdE/sviqmGjl8/SnvEQXp6ZTZWH0Bg=
0WYqw0HllbJrIfJZWZKqr+WK8Ea1zgEatUB5C9F9Eo6MgOwLnIeKkMEpJ5BKNn1l9LcH1djPXLRh41KVeKGTTMIIWdaOSUjLM7BKcSOXqkYG7JeiCLvBirYf87saT0ssPmqlAChrZB/JK/LrSAzv7I+IxzPGqAATfLM45BjKwXJxt8DyVdsRX/Aezi9fZlFwRNeSTgoqgQO6fmHP5bykS0vsCWCdwUl+iaE2Vm0+0oUveV1H9X8yvmdk2lR416ce
