GmcONIA9PFzHw1gpPLLPoqev3ytAH5KO3S/CJpMsylg=
35kyjVfwBJgytCi6KM5Vug==
FNt9orFfFSbPIXNSbXcP2Q==
gE2g7VQeqq0h5MkG44fPUw==
A4ZCFW7RnVRfEnbtNxUDb8VFIQmzxcIFLuiIjRY2q84=
cwgQW1UgxyVfBeSrdwXHsPE1eoSAri+NViVSjTYe4hg=
pYn3RyiaY4vz2unSybTHuw==
mAzeFbkWBGyzJRgEWJSZYQNn44wFaguEUnqkvHVinQw=
NiGef/LGs6v8Em6sqLz1GYGKB0111uCW/TAqgkiW0+w=
2lfNnhNY+w/3xMaMUxJbE0YFT/wvMlSDz8Vrd5FEs18=
YF3KZGDYqOik8MQ9MyUryQSphGETNKK+KQMGRo8Yp+l64TgTYvXQfJWupRkJ1we2pyfWNCYRa0w0yO3EnO/znvqXiNHFRcvt6w2EebPgkCIQabFQ8OTO57l+lz+988vN
YF3KZGDYqOik8MQ9MyUryQSphGETNKK+KQMGRo8Yp+n30GT3/MFYcFofdL06Z1h1lQGSNGgVEP2roOnXq0VF3pncilqFrcCRxerXZO+QGWSLh/xfHhiqhooneWQYo5nJ+8kYR+lK50wFF4wX1NABsE0WPr4HoJmhymntmAP5Qt+RNMwQRDq39PfBWhQRDn9BqsiI2b7n7dhaHG2snn8uhg==
YF3KZGDYqOik8MQ9MyUryQSphGETNKK+KQMGRo8Yp+ldseWv7WzH2YBi8epKN24uX4Vf3XNCYcMSwZ+Wh6hjd0CYlPWeaB9IcH3paSlni1ahnMGjBXO4GqXiAEzXiykl
YF3KZGDYqOik8MQ9MyUryQSphGETNKK+KQMGRo8Yp+ldseWv7WzH2YBi8epKN24uZzhBjyDB/ubgouORHPl/rPI2dTxsfnNoI9M4OwOb2wjLRzIRIuLlHd9haCaIGaY940/69gchSJPukmBsS+r6QZ/WEK1mW2Vs0zMz3uLseqYYgcC/ElGhBtoFFWUkptLjvSUJiyK056L5sPwMMVInAA==
YF3KZGDYqOik8MQ9MyUryQSphGETNKK+KQMGRo8Yp+nL709eC2YKH/ZzwWGNW53z6BrjFXM62yh9H/Z/Fr6FeN+KrU3qd85o6SY4M2Oz8C0S2sLhqlNj4Hg5eXjMh8lI
YF3KZGDYqOik8MQ9MyUryQSphGETNKK+KQMGRo8Yp+nL709eC2YKH/ZzwWGNW53z/LdW5VIliiHuaGtXpd0CxZ+LLbUX13fcLF2UfMgz9ln8wyOScd+Q+fC3uuPhkN6t2F4HEe7vnJJTnFpkhm4Z3OjsvrNp9BzYASj7AhTx8NHV5nAApvIs9RpZlRXlccBfj5svSPpp9NfmMqrggiGS5A==
YF3KZGDYqOik8MQ9MyUryQSphGETNKK+KQMGRo8Yp+nJ+BGTtJd1Qs3tDonWsCF6e+oZ69Wbg5vscnewVCnVRolFOdWd0cZ0PyiFV6X0rLyX118WSoh23ILjZ2DPq18G
YF3KZGDYqOik8MQ9MyUryQSphGETNKK+KQMGRo8Yp+nJ+BGTtJd1Qs3tDonWsCF6OWdgHIjxcV5ku6DXJQqecmTzwKVWa5eY09OTeawrolnp+8SAUjZGQPHZ0l5aFtY7KP9/pTEfWG3ZHqFWMySEUETrrznGHt4/MSIp98kNi+ua+7G60ooL4+HLPM5E/mehNBrZdTVhW+545gWSzFwODw==
YF3KZGDYqOik8MQ9MyUryQSphGETNKK+KQMGRo8Yp+mkYVRf6Is6HmOkg7dAG8ALvt3xoM6trojxkXp2yPxGbu9FR1Ra23dUzkYYCeFwo9mc45MR4z6XTPlNxyylE8qG
YF3KZGDYqOik8MQ9MyUryQSphGETNKK+KQMGRo8Yp+mkYVRf6Is6HmOkg7dAG8ALKweOP6FKYglatF5DTPptalLaFfc3qOBJKlyAVc/SaZ24tEMSINL1s36I2RIWk2c39cExKpENY/9VFw1TmC2/W1ux2akCkv0tIcWIwyZoGVKpV9gSaJuhHOx7hkk5/sd2KUhfhODMMZfwdGrq+7816g==
YF3KZGDYqOik8MQ9MyUryQSphGETNKK+KQMGRo8Yp+k+xa6FM5zo0zL+GRLhr4V6O2UQ26Qgg4CsiDGG0MSDptbMI/37+2BoR2e1zaBw2mHLM62qR0SezmldqdoDn4HF
YF3KZGDYqOik8MQ9MyUryQSphGETNKK+KQMGRo8Yp+mGD0xZx+ZBV22E4lqBUEkM6ionPIyn3379WqC39BO5kpvFaZL62fsh4I72mKuLz3a1KZ21RDzKh+BsdRCSyjAVueEqiUy1zA3nL4KWDyWmGx+U5XzWkWfjfSYcaHBau48e6y+R68cnwxnudFvlmntLtiW7VvhsA8SY3xIV3oNJfA==
YF3KZGDYqOik8MQ9MyUryQSphGETNKK+KQMGRo8Yp+lWQocfQdsJobZWJg3Z3YQOd5ZoGpot24qFYKV0VOWr2wTNnLJ+wsVObSS2w7BzPvgn6Ad883ykQ4uTtkn+uQxI
YF3KZGDYqOik8MQ9MyUryQSphGETNKK+KQMGRo8Yp+kTxhfzOFknIzVI98IAQ2GUFNjSsveAZumck+1JH01oaRneOA0KSosEf+RzoPD3klV44+pyE0up26uGXmJWXHz2BDXCCEv5A4SxoKmTeYNUPwGIP/R7XIFtndymdgZtZ0F5vvP9+/kJddVuFHRKVBYNkDuwgdAApHkY/M7V6toZAQ==
YF3KZGDYqOik8MQ9MyUryQSphGETNKK+KQMGRo8Yp+nJGWCun1Pqc74HcKbKSe2H1M2rGWVVr+UpnHAzeFR6jCkibv8jHB6teBzfSU7PKMVIzwdLT4+M7Xlx8+Sas/Ls
YF3KZGDYqOik8MQ9MyUryQSphGETNKK+KQMGRo8Yp+kPoqkQBbSejubCR5Qq9j0iEHJJjVtYzCn2tmBJC7FBE8FHX0R5c+uiV9DS0Nwxg55ZDD/emHtbATpcNUdXNRjxpyrIi/RjbHnduv7+FPJDHDT2zWU0s7RmFJTHPPKjz71/MHYwJ5ZkPJ3GuW1L1sPQoOVi4xOiSRN6236SdHeWlQ==
YF3KZGDYqOik8MQ9MyUryQSphGETNKK+KQMGRo8Yp+nw52iUyTFtF3v57Uh08ATe/gJIEPtUa6lVAtVk+bxuWAvY2Lkhh2O1On2tAqhGw/AEzKv7sQbkdXsm8XpfBZX5
YF3KZGDYqOik8MQ9MyUryQSphGETNKK+KQMGRo8Yp+kOyi8M07mKsOMdzO6o63ETgE4zm+UNSW43Vn+OeRnmrrCIaKc9neJrGwd7gGMACuWfQAYmw7Cbk6ylxRaFoAKyBlLYDHf5BlP+QI5FvhUq/hCwLJkpJ2W9QxKfbB53DoMdLOM7Dlzh4P6kPQQTunF5qUviNm6nSSEShg/Ub2MTLQ==
YF3KZGDYqOik8MQ9MyUryQSphGETNKK+KQMGRo8Yp+mOCd16XCZWYTaAZsiAJ+I0xwDGqTE0ohstslqKGKC3o2pRtySDlsirUljfTrNS1gFnS8T0Kuq4vIvYSo/GtlUz
YF3KZGDYqOik8MQ9MyUryQSphGETNKK+KQMGRo8Yp+nZ4GfrcatAne7AHKwLoCJ8ZOXH663dYBn7/K7osqTChbGF//p+l2zCSM9HJe0UvUWWF5n/k8OM9N+RQbKBXvLw962Bed4cLGvo0Si9ueVNJovlNnFhzWe2nSSjgt+fPuaeDhzxI4p6+LmorDX6cjO1zsN4p98rBLihTdzYVz87ag==
YF3KZGDYqOik8MQ9MyUryQSphGETNKK+KQMGRo8Yp+mExz+KCfYSfWNJTGSNvX3bQ5B7krGhalev01dKZ7E/xz3Iwi3d+DD5JBI9Gcf9V1qgV/h7XWFUzupo4FRp/oQR
YF3KZGDYqOik8MQ9MyUryQSphGETNKK+KQMGRo8Yp+niR3EAfSinsWCzF2QWQHy6zZ3Lg+iALUSmSBz+/N8SIDi5kAFrZU3ZEgXc3TDhO/SwIFkPQ8bUs93E8JjMP/wqy0bWSTi1iNAJcD2d2FM8S9CjLLeWEWFW1LGqTXzrTGBI0khnXdhEoUsJ5WB54jt8HabkZuC+Yvvu/zcBL0Zg2A==
YF3KZGDYqOik8MQ9MyUryQSphGETNKK+KQMGRo8Yp+lJPk3sQel2cb3HfUoMrVBDuKq1rqH5EWamIeZhEwM8gJQdsYMf4TA9WLqaTp0/ye1U8IJAo/WRD2fOyFjmWSJI
YF3KZGDYqOik8MQ9MyUryQSphGETNKK+KQMGRo8Yp+m2ED+QUBfJdl2yEirYOUF2XT4suWhmD5FalaKG7FW/PFSPJrUmt73CV797WG/eJachxLxsb8Q/HNiG7UBTgLI/DhdHMuk7QfLdLmVqVH4i0fUGx318NObboYHgJ002uGyc1UWekvvNAcof3MB5XbdKEtpFObyLo082nGxoYVQk8A==
YF3KZGDYqOik8MQ9MyUryQSphGETNKK+KQMGRo8Yp+lC5TFaf8ewJ44qvQ9V7XarTZE95gstG3lqRySN9gEA6sGQTo9lPSuu1ZNzagU79OV+howeqcp2BJWlyVQRs//G
YF3KZGDYqOik8MQ9MyUryQSphGETNKK+KQMGRo8Yp+kDlLoFMBSOS+RJKpI8Wum9MBKpMR6aoRrSdW6moUtRNiqXll0i842Vc2S0D7jHSDeXguY/CIDiUgBZ3lsx2krzQ8LkLE6nsf38IXB15SI6bH/f5wyNQtRjfRehos2Of8/FWlTyQ5FP13IsWtgbja/FBZgw+k95ZhwiFr1mNjbdSw==
YF3KZGDYqOik8MQ9MyUryQSphGETNKK+KQMGRo8Yp+l8MxCwtvD7XQqQ9WHpasLDDwR8sptQ2W4CyVBYdDmN1M1HK98t76aX34HWVADYg9c0HOqlyt3rlospFFmQp78p
YF3KZGDYqOik8MQ9MyUryQSphGETNKK+KQMGRo8Yp+lVmRRZFZEe5VrPZJSFCrY4rtn6KSwzr+NH8lompBCx3DxiEvdDHuX/T8lG6D8+LZX/h66ngS/zpjlOWjJuHp9kWXu+PvrdEEOpAwWNknT8P/5Lp1VNH4owT4slbejjPlstQTHHnHMAcKzFedRLRIaP4zTXODKAVEUMTxzN97nnBw==
YF3KZGDYqOik8MQ9MyUryQSphGETNKK+KQMGRo8Yp+mcY34uZYligI43aYUYr5mNNdZ4fSXmQJJmBHJUOwTWzfYIWZfMUcAOtTEQfF9Zr2Z185TRs59t3fCo5p/Y9OgU
YF3KZGDYqOik8MQ9MyUryQSphGETNKK+KQMGRo8Yp+koeJm6/9B96SoswTwO93EKiZG01pRI8lyI8UAyfqQDAX4ubFtmibn1cyDMie240z9HyzoYttNIx/cdsVYf4BtcDpqC1sbNDHttt2E0EvdyX3IoZiOnaFLZrlHY7zkpefXOieyY6a6X7DvhKsAzrho30dEO7wMy/1gO9+j/KZcEDw==
YF3KZGDYqOik8MQ9MyUryQSphGETNKK+KQMGRo8Yp+nwsimjENbAt3iMhnqXuZbAPx0b9IAc64HF9wLOkr9sp2rFBk+R3NEcG6BgmQ/mp1mW19RV5AWNMTENKpERNmp+
YF3KZGDYqOik8MQ9MyUryQSphGETNKK+KQMGRo8Yp+l84nYXlNv8tYjNAF8CCdcRJ6wp1y5rtBjfup1m3UjhaJzO609GscE1IWqbpG1hsbbaGpXNNrvSy/vnJ9JS8udvRFbBbPWgbTqoSHWCwFvyfawrxMGTN5uFgJEYyP2XSbi/KyFl8YTqzhg4W52en3A5+Ewpjq/rhBwFqolX+e5sDA==
YF3KZGDYqOik8MQ9MyUryQSphGETNKK+KQMGRo8Yp+ler/GdKxNFePt2BWfpSd5yP4Cv6HoFoo/s4SSBElq/UVoP8hkh1kcZhDF2Z/+fq3HLgSf8CRvsyvkXqunsdyNL
YF3KZGDYqOik8MQ9MyUryQSphGETNKK+KQMGRo8Yp+lJ16b1yx2T/C1wmu5NUzuHT7BVXCaMZJ2Q3/HIyjN61jklygriUlVVImp9Co769ZZ1utYVq0Cc8M+AJZTiYlV3HjDVvP2YbGpjfo7vezD2yoG4kmYTOEnZdNERR1nodsl5mPpwCX2GW4MmQadSXM8hGctv71b7Eznn5qEk2qdU0w==
YF3KZGDYqOik8MQ9MyUryQSphGETNKK+KQMGRo8Yp+mIE2C+ShHDAPVT5dA0mAqy+jmRfbeQwJANtfGeB2U73FI8SmK8Tjup6ynJWfPGfIg1iM9BCLjGUQZ2uLYcVkTK
YF3KZGDYqOik8MQ9MyUryQSphGETNKK+KQMGRo8Yp+nwfO/JQvlOvnpo1EoC0V/IwmIC8m0qUXrIvX1dNWhdnlrSzkRps7FLYpMSbpm2znKyCMnSlvhJeA/lCuF8otPk0X2BOxPGWeR+RomA77PfoZvBdOWg13mNUES6A9XUWs4VZV5YAkFFTKQ8lIX5pkfTUgfXFMbXabzM+MDqf8dHjA==
YF3KZGDYqOik8MQ9MyUryQSphGETNKK+KQMGRo8Yp+lqTpk0wlE+pRxo8FINTVBr/tHMju6IA7/+g3vWy6aJ4RZms0egRjeA23WA3LK0oo5U8RdWaqK9qlgpX8EMcKRa
YF3KZGDYqOik8MQ9MyUryQSphGETNKK+KQMGRo8Yp+m3c/hqedL7+JNSfh37DkVuWHXnd7QGUnNA66E8g7G3zvy4VG3QbtFWHgJDB03Y5JjocSXSx8ftPB6qi+KEz5qxY00sW+XtkAxG4gy/uOTV9N6h0IQQlKUFgXOMyIAAV0LiQZsqMwI3O89L9u9GJUP4Q3alW7syWe2eN0YhZSJkmw==
