GmcONIA9PFzHw1gpPLLPoqev3ytAH5KO3S/CJpMsylg=
35kyjVfwBJgytCi6KM5Vug==
FNt9orFfFSbPIXNSbXcP2Q==
gE2g7VQeqq0h5MkG44fPUw==
A4ZCFW7RnVRfEnbtNxUDb8VFIQmzxcIFLuiIjRY2q84=
cwgQW1UgxyVfBeSrdwXHsPE1eoSAri+NViVSjTYe4hg=
pYn3RyiaY4vz2unSybTHuw==
mAzeFbkWBGyzJRgEWJSZYQNn44wFaguEUnqkvHVinQw=
NiGef/LGs6v8Em6sqLz1GYGKB0111uCW/TAqgkiW0+w=
2lfNnhNY+w/3xMaMUxJbE0YFT/wvMlSDz8Vrd5FEs18=
ROUvdMKd4BFUymenFcV8J+1JSZiOmMRRFE8H/5bZB+C7xqv870GWpdUrpTVHv3BuUeUPFX8uEfyqVr2UieyQAxraEBWKwLvHZsJoIsPE9rEhjy1gbVWR5xpuhsnNdrbekYh3jys4EfAYveYk3PyGObb1NTUoYKd2J8NcUusCerroXVKcnLL4tyuxaXI99XG1
Sjktsrnmvk5GYg9YZ4rU3fCTkS7Hh0p7USOvT69oCmhlTpgHvrf3kvdWpFPP9T0KgeX+0cK3b9A/Wrsca27HQOHKi3ns3gi99NDJmtP/bnnlKF4a6s5bdAdy5ack8YuoU21iG9GMoURFP+uf9RhFSDx3Y1knx13XPQ47kMXm18Wq88q2xYhDAcCZR/10dPUt9ZUoLvbgILeBKt8kf06ekA==
EaU+1HwzfxEJjQpLfeSazsuJmYK4j0CYwEcm+z/DdomGAKEs/I4jKq0C8/QCZdxbH0wVp0qQVN6bA41dPEfe942VHKT3wbWps+NkgcEgmWE=
EaU+1HwzfxEJjQpLfeSaznubMY4mmV+8xs2tPXhLhApgoqO+ji+rG0mPzyrhMIkYp8kpTownktCdxls7YqNUGGHqVirw8UBZhLtWRussTYQ=
YEGY4V3NOdbYSVHPbEXhw4v1cKKhGD2YeQy8nfEJ6hOI2zxbkvnrY2/+1k72uSLAO0he5kN6nyE8ygFgqeTElokw8p16JtRkgPrBilTzpyyPISt0s7oMvh2e8jwYMCUW1bqJ9LtfrEWBOsjVgDBzaw==
YEGY4V3NOdbYSVHPbEXhw3x9QSsnfSgrE+PrDT8DylUN54kFtXmShyi/NOjoyaac90JyyZgksEZu9HaU0/ibtQ==
Sjktsrnmvk5GYg9YZ4rU3fCTkS7Hh0p7USOvT69oCmg7jdkTA6JICYmfe+2jDZ9vxO5wRjg0Fma6Gxpof2Lllg==
GY4pUMzWQivXFZ2H4MhJP1sZZDcQrjBbtSkXGPbXR9TdJHxhlMrmEurHlnipo3Xn0t3U4SEoeoKpT0wFsHVF9GRFpK0t8qjxUd8P3VTiCOrr2MM3QIkxpdUNivkdkH7z
DsfY8JW0b9VvsGPFHvNIEswX1P23YdO6b7/OEgYftYPW+GP2FsNouyEZwU3zoNHTOp/yAlldyuZJ57QRdpexTfSrxTVh98mKKuOrcQ1bkzY=
DsfY8JW0b9VvsGPFHvNIEswX1P23YdO6b7/OEgYftYPW+GP2FsNouyEZwU3zoNHTwRkTz8xiAGSZPIq3ZmDeeooI/jJ1Q50jpL8vPPyRh2I=
DsfY8JW0b9VvsGPFHvNIEswX1P23YdO6b7/OEgYftYPW+GP2FsNouyEZwU3zoNHT8o/pM4wGPt0NxKWB8I7VipWu16TY4jRenzGPouPyT8g=
DsfY8JW0b9VvsGPFHvNIEswX1P23YdO6b7/OEgYftYO95QsefmIzerogremaoZ1ObwWW8I3Nsp2h66x3BBiEEc2PO6sg8bFC8JAdIzjahmc=
DsfY8JW0b9VvsGPFHvNIEswX1P23YdO6b7/OEgYftYMak/K5AZGT/6i66p50f871tF1Oy/xELB+bC6y2ZUf6o+dTGy16fNydIDu01qzpyBc=
DsfY8JW0b9VvsGPFHvNIEswX1P23YdO6b7/OEgYftYNoucpuxF68GEF9yNGyutRKMtOYiMaiHtmAbmTCjvNHdc/BOTfERYS02iYMGqUtJHc=
DsfY8JW0b9VvsGPFHvNIEswX1P23YdO6b7/OEgYftYO4B8gUXL3LF0XfxjNywKh+k1+NYlKxBMT/5mfo3+FAhpZIeNgiLFA+lIXY+k8XKDU=
DsfY8JW0b9VvsGPFHvNIEswX1P23YdO6b7/OEgYftYPWqkWkPcv50HXkouWHAcaUR9Jcy2J7DXbHzE3nMSCP30D056wBLmLpmSn0Cyju0+4=
GY4pUMzWQivXFZ2H4MhJP1sZZDcQrjBbtSkXGPbXR9SS90UBTErH+NiSDIxe2wFqER7hcn+dmWEziUablEg2ujFd36V/4A/Qj8Rv8zxtZxkAHVJhKSump99FUWmbrHED3Bp9x2q/ZJlqx8shm3z22g==
EaU+1HwzfxEJjQpLfeSaznmF3/Zr44tUk2dDfh73VuwByU4+rNSnRrA+E8ftqNNkaOqj7P+jSipQBf1VRruuTf22Xp6vOWP9d2Onn6B9yFpV6GTSqB/pYqfk9REIaru6
FdZjWS5Lf9mGUtyuHATvFPX0e8ioz6zpGs3fYILyjEvNl2wK+tLnTGu1BcCJ1KykGBWALg2q6+aSX+w+fG408egJ6/yfeTYgS4m9/2zil/Dv3fq2mKBrWBkYANzrnqaj
EaU+1HwzfxEJjQpLfeSazmFrtF44zIWTZsreXb9x8x2lSMFYHplc7ffW6+n9AGetNfJ1xbysOFE1C6WCG/MWozssPL6IHYbH9DD6MXWH0/c=
