GmcONIA9PFzHw1gpPLLPoqev3ytAH5KO3S/CJpMsylg=
35kyjVfwBJgytCi6KM5Vug==
FNt9orFfFSbPIXNSbXcP2Q==
gE2g7VQeqq0h5MkG44fPUw==
A4ZCFW7RnVRfEnbtNxUDb8VFIQmzxcIFLuiIjRY2q84=
cwgQW1UgxyVfBeSrdwXHsPE1eoSAri+NViVSjTYe4hg=
pYn3RyiaY4vz2unSybTHuw==
mAzeFbkWBGyzJRgEWJSZYQNn44wFaguEUnqkvHVinQw=
NiGef/LGs6v8Em6sqLz1GYGKB0111uCW/TAqgkiW0+w=
2lfNnhNY+w/3xMaMUxJbE0YFT/wvMlSDz8Vrd5FEs18=
ROUvdMKd4BFUymenFcV8J+1JSZiOmMRRFE8H/5bZB+C9VhCWEYvTyxBa/+BWbYvdP11D+N7WLxMcTkN+puTPWUxgW7rDzx/C43zZJiUJumniuIIDtXXSYIteC8ZvGpjeabdkYajbMUQoafldJW5E4TzmPnsb1JES5xvlha05R/bsS9CLAKOWJ+0TpQ4HGOJS
Sjktsrnmvk5GYg9YZ4rU3WprGKKvMoI2RBIe4mpbWahU22jcj5+XMVrCgEYvNN91YlpNTYnUMN/iabc14C61l2AO3NVBC0nb4EWKDRYedJSC5kPsjQj6y+XqkXGZak1hpp9Uj7/BbT/OxkjL0uCvvIZE9EbxkVNRkB4AKJhWlRBNqUMARUI81zVmkf1wmjC3ZJJO8LtqK5ZlMdY3FfqHXg==
EaU+1HwzfxEJjQpLfeSazn2l4Oiaeb22w7y/82P32jpI445m7W9z6QhS0H/o1lSYmHjfK2adKFZ7SAOhPtoseHOPhCRT5C6VbQt8gauBops=
EaU+1HwzfxEJjQpLfeSazn2l4Oiaeb22w7y/82P32jpI445m7W9z6QhS0H/o1lSY0eCUVHmFQFwCn6K7MMlTemXYqAdBsch4264C0hzea0w=
YEGY4V3NOdbYSVHPbEXhwydF2gnaSjSst6dHLF6nOCnP1FnAYCTEaL18uGA75yMpd9JCzN+R/2LnOeDCHm4zEKF0we7mZSRJmj2JBYwW8P4en3nhIHag4pcvytTKAUxMCy6pKYLj3kEf0K3oXiT4bA==
YEGY4V3NOdbYSVHPbEXhw/ntiZaje8cCqZUr/3BLvANsu5VtAcm5oclGAONGY63rx7mOCMKivrWbDPF1LxkbSw==
Sjktsrnmvk5GYg9YZ4rU3WprGKKvMoI2RBIe4mpbWaiuXe5lEHLZnc+ZJOB5vir+1I4ZG+awsNlPycVkEhaHAA==
GY4pUMzWQivXFZ2H4MhJPzybmnveoDDb8W2nPv1Xnx18qvA1wIBSrop+ere3SQkn1yDv1Uk0HgbbbVCGLkL1KCwIHlxzXih392KcMBtUugFjRAtyVp4XzRfSyqdZoxPK
DsfY8JW0b9VvsGPFHvNIEttjdZDvz9pM7ORfmcW2b6QxWiNerQBxo5apczs65qCTiqNYek+fVhVGqhlkD0Pin+VtG2EkqRLnN5BxwsT/W9U=
DsfY8JW0b9VvsGPFHvNIEttjdZDvz9pM7ORfmcW2b6QGS9CSSWdWKV/IYcTUDPbZpe43fBn6XDy17TMDtDCOpZJzJhPfzAwRhARMHjHzAwg=
DsfY8JW0b9VvsGPFHvNIEttjdZDvz9pM7ORfmcW2b6QGS9CSSWdWKV/IYcTUDPbZ/SJdj+uW17yzCp47wY1jIePN5Q9+AmZNIv7SnH/L7vs=
DsfY8JW0b9VvsGPFHvNIEttjdZDvz9pM7ORfmcW2b6QGS9CSSWdWKV/IYcTUDPbZ3GED3RDrNLEn7wPtZvYgHIbeUTnzNj814GopS5OWRiU=
DsfY8JW0b9VvsGPFHvNIEttjdZDvz9pM7ORfmcW2b6QpGHfaFykq85upUHh247Gj+7pv+hiq0PWg3Eg9+Ipm6TH4Z/FQsUjy5mnXwgEZG88=
DsfY8JW0b9VvsGPFHvNIEttjdZDvz9pM7ORfmcW2b6QVfSddKvj8F9UEWzlnUghaVrtTIGF/pziGKeeRxxXNhjGqr6jRXwEh99NZ3u80dOk=
DsfY8JW0b9VvsGPFHvNIEttjdZDvz9pM7ORfmcW2b6QXzzB18UyKWBvC8Hl5howXGK72edmjBmbA+sRgYZ+gc6I9vudy7sojcYm2rth4BGY=
DsfY8JW0b9VvsGPFHvNIEttjdZDvz9pM7ORfmcW2b6TGQk5brbn8UpKLy52EWpz3iaKxFiyiwF7q7f9C0IH4a9F9U48LVA6wMOC4AOd5u3Y=
GY4pUMzWQivXFZ2H4MhJPzybmnveoDDb8W2nPv1Xnx0FZHN7xf+bU792NUV5Lf1tN5TQJ+ZYO0RLfpmS2TPJ5lBm6U6nJryKNEf5TdMkCeU/t1Y6dSjij5lObMar6W50l2zmU/Xo+AyrgOvUmyAfXw==
EaU+1HwzfxEJjQpLfeSazkoGO53pKa4PXTtDPuR2hp9zKO/uJ/gsI9w6tSfZCXjPlNZ8SbIWyDQ7qCW1irILpuCOKCajvd1XazVZNEDDIm10I47Vjf72s1eEvx6frUC+
FdZjWS5Lf9mGUtyuHATvFKAMbI7B+4EPR/R4iKKxG7XICaOBss7AknZWEHc5h9op2SQChdSJgxlRqVUQlDPaHhYXO0v/jnn0d6f4Jh0X18yIi10Sz/i9kbyJemTXQxqH
EaU+1HwzfxEJjQpLfeSazuK4pfxYu0Dmf0duVUdPCarCeIXmQWkv/0GZYV8c6OJ7Ygw66eMCbQPGLbIrL96fAxZypiUr17wBrAKQzpmr72s=
ROUvdMKd4BFUymenFcV8J+1JSZiOmMRRFE8H/5bZB+DbC7CF8HOl2DdGA2iuY9o4PiPYXMwl1id9ChkAL9ivhYEiL9CouUxjC/soyy5DU4nGXhu9h1V2hv7QJ3zA6PynW39g1qmYI9Dl7Xc0oXM0gUVWFJ23x0c7OUuyMmbrwWlOARKTiWn7QRomgCo4l9JB
Sjktsrnmvk5GYg9YZ4rU3XI2AXeO6hWG/EtplusOLZBS5FoKjpxUikoafXWlsGbQeeJvSimms2utl+B2TOip3JSiAdHGG40nwy9ofpsWd24PR4ILBm+X/MdpyTNEI2TgmDM6QS7S32f/dkIpkzry9mqZtfy1ZSAPG9tg+pMNzNljCL6tjwUHTrb7MroflUrJmkewxvL3S9U2TuWyuWd6Pg==
EaU+1HwzfxEJjQpLfeSazmcOSfQz+PGXFSLHL1JfOhZJeARzu40M7Dtews/Ke3U8iLAOTsDx18/jep9gbyi39LUeXduqfI/t1CjJuslsM6g=
EaU+1HwzfxEJjQpLfeSazmcOSfQz+PGXFSLHL1JfOhZJeARzu40M7Dtews/Ke3U8/4/yf2Q3FDZbJg9ILJCf4YQSOBqYesSDG+7AY1Ics4Q=
YEGY4V3NOdbYSVHPbEXhw5Oo0uruvrA7IdCgVhKpyf0rVoWFoRS8FlEddU8I+EX5LIeniCpkAfctc4OWieVonLZSLfvz93lUZbQn6aDgOw+XzIgmIStkwyzFp4izFRiGePkm/bm/PMetKckxV7IovA==
YEGY4V3NOdbYSVHPbEXhwxeun0rGylUzEBSTW4duYN0kh5fb+k9svl2bYb3B30xzMh9pVypHWnYgr8BNnKU/XQ==
Sjktsrnmvk5GYg9YZ4rU3XI2AXeO6hWG/EtplusOLZDhuUU8ZdZBni7IDm9DMSmcHvGBIsy/2/7XkqqAogZ++Q==
GY4pUMzWQivXFZ2H4MhJP1lO4hdy4Y/PBmLGtj/0NZA8RhodA3txDDr0SPvu/S0rwtyprb4y5XkBYNsujiuHUD2j5UCKkvpUONxTI1/yLpRRJvzDyOsM+jNgGKOqSSCy
DsfY8JW0b9VvsGPFHvNIEttjdZDvz9pM7ORfmcW2b6Q1FlYazIFY+b7Jsb1TRhbbTfyoRe2NWBWOIAP8R1cVui/96pCWyZaDpXBcTEnMCPo=
DsfY8JW0b9VvsGPFHvNIEttjdZDvz9pM7ORfmcW2b6Q1FlYazIFY+b7Jsb1TRhbbv8DrsNETEHw9FHX7rMZ2YqmDzUeVKvI+o89+Blp0N3Q=
DsfY8JW0b9VvsGPFHvNIEttjdZDvz9pM7ORfmcW2b6Q1FlYazIFY+b7Jsb1TRhbba4Z+S1+3rD2jOxlzoLfxZ7RKu+iMSqZbkIYiimrFpDc=
DsfY8JW0b9VvsGPFHvNIEttjdZDvz9pM7ORfmcW2b6QF+gAtZpeXR9OwSSdiim8uagJSx4mhXjnfxty/rMwX1XlVLeCuJobdMKi6t4xz5EU=
DsfY8JW0b9VvsGPFHvNIEttjdZDvz9pM7ORfmcW2b6ReknD8qq4r4LbdHYi11cN8Qs92iDEHGkq2pIVj56kzhHBHOiHn/dz4ooE9I0iFRSE=
DsfY8JW0b9VvsGPFHvNIEttjdZDvz9pM7ORfmcW2b6SWiTjWPIZ1QPwmXIBYQ5GNlgige1erRqreE6PjRZJwPkGxmmo7Sj4svbMRN3hNDiw=
DsfY8JW0b9VvsGPFHvNIEttjdZDvz9pM7ORfmcW2b6SzsIHWuhZ1xlbA6HCdGmgwQW94IhI5gP/Ypx5n+i+x1DUJ8W47inO4McNz+dPXAN4=
DsfY8JW0b9VvsGPFHvNIEttjdZDvz9pM7ORfmcW2b6TL+LcyVwcd+zMfS3i2aQ4EOARsznVLNDP3BLnoqUkBmrDMut4Pf8T695VvKXuwM0o=
GY4pUMzWQivXFZ2H4MhJP8Ok/lqfsBKePcxVicRlRjrbOFHp8GTUCOYZPLk1sFOqLPbt4SbK38sFlZg4aczFZD+cB2EVBlWmr7ySm5CwJpSa8vBxEuEERyVCiJNqF0qr/RPOpZ7RL8tVFpnQzGRb9w==
EaU+1HwzfxEJjQpLfeSazgCITIwjTARibnkpCSt/V8htomamfQWS0it+Sh+DsYykAJ/NeexDB97lIGcWVWPK2sxZmffSll6Ulye9yt+iDkzfxuzErxLXViX0p06LUaRZ
FdZjWS5Lf9mGUtyuHATvFD008Kk1G6lgfprS5oxQyulqUstYGrZIAk22FAhpk+8EXHy3ZI98kPFINHn5XpEIJpgDo06EoUtK9Wmfl1YjDzcoFPGA5n2VenclxtI75qvz
EaU+1HwzfxEJjQpLfeSazsJsN0qb8SbdZdmDXr7GhWeHj3pCUmYlaclm7t/dVR+oMu2LiwtI0md5g00/0JmHKg1/gNWIpnieD78bs3tKg6k=
hN8GT1J40T5qfKkIxBQa0noBb9pUfvV/uZ6iDk0bBcfvS+wWjdZgNG+LRsVz2K/fVkGxrUB6Yw2fI/Z/JdyLBIk34H93qZwwWLA4zgsTlQmT5jGgZEyW6c4qK1OupRup
hN8GT1J40T5qfKkIxBQa0rdSrBVCLeFHvWlRrrcAcqmrWVYC3MpdJv8xEcMRCRGKbSMZ0W2jd4+O0BPlmq2X4jpdJVYbOfNO/HR51TnV3HpD0jg4Kr1PuSz9ddvUD7QQbP0zYnBec00HVd44VKnAqA==
hN8GT1J40T5qfKkIxBQa0pyx+93y/sozJcOO25/2+lPgSU3VhkTipxAF88zC7WnFUa80f76zv5fa4qxPGu3Wf7VAr31T5GyVanZD39/pVbWzR79NrfNlP9wsjTe4L7RO
hN8GT1J40T5qfKkIxBQa0ng1Ek393SOlK0ubuUmo0NVVeUsbPVEtB27VpQ8l87/hB7oOLjN6o8ak/LE+h39hPbr4PKwfz/ZyqnUe9H3eDdVWzJ3c/QcVbdBeP2ogN04k
hN8GT1J40T5qfKkIxBQa0ng1Ek393SOlK0ubuUmo0NXjuuzU83bD8cKxiIDJ6cKXxqFP8AIl6w4PZxJ0T3CtvWwT6VYlntsPvJmpwb3BOdto0TfuwI1Ebcvtcn5OtNf4fER3eOEpHUXb+hwmKJDQOg==
hN8GT1J40T5qfKkIxBQa0ng1Ek393SOlK0ubuUmo0NXExl/C6KXFYcs5jUq1aUBcC8DjLe92U/7/cHK65q3ForyNqeOlTqJ/EmP8JdzyY1zkeO7/BRym+DjFPI5Atkmq
hN8GT1J40T5qfKkIxBQa0ipaCZzFgZwBhm2uK4KIHpbQwyCtSy72vc6Y/AxcTYbi2ukB21xJ7AfmD/vTiKs36VTDYEjF6HvkrOMWI5rBglaSXy3y1Fg5gc9RGFnZ5LQV
hN8GT1J40T5qfKkIxBQa0tyOiJAUJlweXpUUX7toShN5sve0yDJ0MV19/ws+ruqScxtqHOPeRY8XE003qV0vAWhiYLZr5NoAdY0JddMowYp7sC+9UoBLUC3CU5BzbBZ4FR+2xo4OiYs5GiAwazL7Gg==
hN8GT1J40T5qfKkIxBQa0lLnkQH0qZE2DW00kbh54clp8ssiuQCMHzx7+ec3OBT2JUhNpbxrHj6yFBEHdmjQI10KTkXMJZfttfwQaryJFc4sLWomXP1cPgBNvCwii3zq
hN8GT1J40T5qfKkIxBQa0qawk1/j1IjvBMsbp4exvV+rp4UMQM7JroG6IQC01aEh/OnOeE1DDIPM+uqKPZShkKkZ5LKLo168upmCEi8JiPFo8myT3KCPgVKYqSY4Nj0Y
hN8GT1J40T5qfKkIxBQa0hifP/VmSMrDekfazlfJgDsaHaBGF/lNWK6ROl25Waf6jyLQV3iSRjwm8l5fKN5pGLA/7QUXWXaqdx8yT34qR1bwng9PGehcnf5b2WGfhA758aGphOuRjYe+mXxpJYteEQ==
hN8GT1J40T5qfKkIxBQa0hifP/VmSMrDekfazlfJgDtRgrR9P9G7Q+mwzf+uKNhxxWQ/T/FsGj7zfIVBraqiLOTkE6k9DTYJynh+IPRmILrAV9fQ1MOns5IczgBVPFr+
hN8GT1J40T5qfKkIxBQa0uUEDbzLVkogf9RjSqfLZntrqc29PZxpgst9XCvBY9ltS4y56h2ShA7EmuSm7X93/s+8ZI7RmSTTzd2nn1m1DsgC3sUrv4TTvSofZbI9MLfV
hN8GT1J40T5qfKkIxBQa0hlP82aDIzjWDKN++7Zgw7JGGACPC54HgMvq3SGK7gJGkbXPkEToAdkxAAryklxYLgBfA+0C2WFLAJD1SoqzZhX5O/DWUP3Gb6K+oZ/PISTZ3puf3YQTHfjCr7ntkqafCw==
hN8GT1J40T5qfKkIxBQa0hlP82aDIzjWDKN++7Zgw7LpPsqs+rReZJQw8lrs3KqljAEgyojA5rlM/XSensHuk9Y/l465P7S5WHuoRJuPeJYvP1vETS2DULQlMMBUORqk
hN8GT1J40T5qfKkIxBQa0jWJalSJht95SKAmt2Ve+FCXX2AhL6ygCLhWAxJFuXtDZpdjzmc627eyUZFz85rg6/59NssRJw2EPrn8ttApb/BWfKKpClnDpKF3Huj0Csdz
hN8GT1J40T5qfKkIxBQa0jWJalSJht95SKAmt2Ve+FBO81fm6IixaZTGrmj/oWR9FyAPlJRQmpmzW+1HftkM7pcqxO0u9CaVcfFW04Bg98fCOybge7nCNICjKKZT/1cfOoG25QuokMPpwKWXcjL+Yw==
hN8GT1J40T5qfKkIxBQa0o7k9EziXn96eURMYdtDN5VgJPscuG7UdRXbqFqFdbRG1uAViZqXGYM3SwOwboMyCXRxjVUtKot0cLbjuJXdnkBSbgrfoZv2QWyLSoml9iul
hN8GT1J40T5qfKkIxBQa0oULNBHZ/uXNQ2vlOGo64nV77ObVwtcp2//AY6ojBUJxU1QRvEMo+Ur2S0wr4PaGIOYgpLk277OxNdjIvYL6AGNw7k6gAjjAQNBcn4j3TsU3
hN8GT1J40T5qfKkIxBQa0qIF1Hq8S58ENStXxNO+6y9AdhZsjNq/DuVOyhLYVe7qlkUO+KMlnN557+NBxjTh3UThRwBBBOvclUuYG8VuN+VX72MGEk2yIe+tVWu60quxg6Qlfn7k6gQI0h1ECWduqg==
hN8GT1J40T5qfKkIxBQa0qIF1Hq8S58ENStXxNO+6y/N4C5eHLT7VKeneh5bLW+lMh2FpVENVSeN3NJKxM1XGxpgbqawJrvZXqofZsk4CNF8gRtIgOp0TikxEsklGxmu
hN8GT1J40T5qfKkIxBQa0uWcPU0KNTIPIKTxRNxe62bYszw1hr/EPd86oufcoO401U8vcdWM8nbTAbqUCR36BuA0h3o6tkmE16aWiC/UNX8p3UWjSTzdZc+xx2ue5Kmx
hN8GT1J40T5qfKkIxBQa0tl9L6s6EPtlglrVGmIAGzIssTnoaRW0N21hg1o8lBRQQao/RjrogiwHztp2m8PTy2FBHLR75ZlxqiWc1XRu1jWzyZ3Kw/Tb5Uu1HJkbHEKdfKIkm1WklTp6lVMIxYWZGA==
hN8GT1J40T5qfKkIxBQa0tl9L6s6EPtlglrVGmIAGzJuh2BhOGAnqWfWycappgY5D9eGBMKBZef8x8+oVnInouOKgIyR5F+DSdbTcp/RBUZoCXPiK5sAmR6MUzBhsZb/
EaU+1HwzfxEJjQpLfeSazsyJMBrfEg6NY1sYMcCFKOl4k2F1N4p3wvo7FAiyZzid/nD4EAtnoGAhwjUszORfFZj4Znepj99baDm12DH+nC0=
Sjktsrnmvk5GYg9YZ4rU3fWXODqvdABuGb9JzqGTBxWFZ0v0VL7DaSnlu5aHo2VCcXbpNUK5z+euPgg3/XX03g==
GY4pUMzWQivXFZ2H4MhJPwh+nTBzskddJh9YA8XTtho0fY/FhTyf6UPEGVTO2uskAkTg1oRiI2fVMA0hzRXHMw==
DsfY8JW0b9VvsGPFHvNIEttjdZDvz9pM7ORfmcW2b6QDsEoiMxEAV/l5wDLwQz0Neiysq9Gh1BExJ3E7ZDDAHF6Ay9+rbXCm1HM6Hi+0Hc8=
DsfY8JW0b9VvsGPFHvNIEttjdZDvz9pM7ORfmcW2b6QnvLBwo4kNkHlIlLQGnvmwU+dqJCYurb5QAHxfftJkr2qU7OEQInVu4Okh9W0TxkE=
DsfY8JW0b9VvsGPFHvNIEttjdZDvz9pM7ORfmcW2b6Qx6ePB4i3dX1sS3z5qn0w+QgL0cjmeVTV9FY+Z6+ERihcuoYwcCJPf4v+/ym6lRw0=
DsfY8JW0b9VvsGPFHvNIEttjdZDvz9pM7ORfmcW2b6QfdKiNx7RP3fZWTc2ienJA1MSDNCkPAVZQEtONaVrNKC6r4J0SF5ck6H7u3SRKRTw=
DsfY8JW0b9VvsGPFHvNIEttjdZDvz9pM7ORfmcW2b6QfdKiNx7RP3fZWTc2ienJA55ykC9xVwDrBrNTJPNhI9s8Pzlanl3LN2e6tZJBCSUY=
DsfY8JW0b9VvsGPFHvNIEttjdZDvz9pM7ORfmcW2b6QfdKiNx7RP3fZWTc2ienJA55ykC9xVwDrBrNTJPNhI9tZb/TCNyxqSNrN0Lu5aqJU=
GY4pUMzWQivXFZ2H4MhJPwh+nTBzskddJh9YA8XTthri2gJVD3l5Y/1pvkhmX8ZvAvI1rHjNbQlJ5wcbPDlYCGFFYL1pJ9MnhvL2LALgmKY/gfUNfL2qhQaO84RMVsqEioiP7YvVex1yOZSfTFEzzQ==
Sjktsrnmvk5GYg9YZ4rU3fWXODqvdABuGb9JzqGTBxX+A7BQYykY3HiDn/sraeCgb5QCejnR+FKeWV3v12dvSrdKAhzejPzrQRnmiqWAKv0=
JuRgDkhw4F1oASeQxlFK/ltAkr5H2r1F/QTmjWhEJLjK48M8iqndmRCLRgK3R1x/ARiFgtHighiKVHKBSIJP5M2wubSPDKGb8yncCYoZPFA=
JuRgDkhw4F1oASeQxlFK/sfNbX58IwadrCA0Shc6gIrZmDx97CqrN2AkbU+GiAEsFesLfmQsasJbXrx83dhail+U9VJy/2/ZcQvM+FHJT1ebzLrbj6h1B848+MwdUvA7AQRzMD+woQh65k1N2bjjCUIb4IvJZ3s0PJ6cDZU0ejviy6aUTa4juEJfEnbsk91Y6AaoLklLp8OWAwHkj1zIhvwx30Gsp746kgNcwdDjxHA=
JuRgDkhw4F1oASeQxlFK/sfNbX58IwadrCA0Shc6gIpvE8Z0LXe30k5PfghD6bl8R069BBH+X78zgky9h52c2kf99zk1v3WYHp0QiJYcj0yF5k0AlWiVyVXRSaZxySfG+Vil2gGHx1cMS6Xibh+a8lWD7d81vffPFO+RPycTZHjeyBnJvxdFvHvC5P1PmRoQ3/2+UiYwsfwXv2KJBe6tEZUzL+V7D6TynV2cHbu/NumDQswWqkr5UhCIwr79CVXC
EaU+1HwzfxEJjQpLfeSazpmjBpCJlunZAyoL/IxCpQET7HadLVzdz5aF60GATyOeUfiSSQH9izJ/Czk88XIq8w==
RAr5E83FxqqCJDcXPWsZXluBQJbJH8+N9cJwYbBmRPYkXKjfANiPS79uVL2XaEXiOAhv4FuAYGFcVIwIwVqbnovo+RzQsgyHjYr2mhpnOitX+RgjAGoY6WuANAJ+eTjBabqDOCemBKfEQnJkjZild+w2kYeBK+lXPbWRav4x9CI=
RAr5E83FxqqCJDcXPWsZXluBQJbJH8+N9cJwYbBmRPbNHEppC+FWEzeU/AbNxy+0cayPLhRqqiyk0EuXyIZ6lipaDwrQVj3C/l8r5yjFj6k=
EaU+1HwzfxEJjQpLfeSazpmjBpCJlunZAyoL/IxCpQG1zWat1hzEWq7uNywCci7s9RbnxQZHU0zBIVD3+vNmbFoDdHjaiSyrLmkzF9amvH3TFWLWfkUgEP0epqgO1Y3z
Sjktsrnmvk5GYg9YZ4rU3TREhFB6y+J6u4PTRDhSkImD/ELvpvLDeXn0p03RpX9I91M1OHl+crbbrhB5RWSGHyMd7Lx+dHuOrYEMs6PCAz9PJjWLYtLIeUPu/8wM5O/Hd4W+M0J+15DQuBWh0Ll/1RNqdwzOOIkA9UVD4bIBmUhHgAgkjBe98ZhfbeS7N+A/wvDP9Ds1CUbdK+zy/MaGrA==
EaU+1HwzfxEJjQpLfeSazibpnprBGlD5qyQ9Q9uGzEossR/lVoIQR2CeM1HUd/OkoA+naom4cQHtdAryjy6mTCAtDlHQAzrw82YxI1xK8dw=
EaU+1HwzfxEJjQpLfeSazjmYQejlVU6yQNU877YHF07eHHS/PbglnHcSTYUg8A/ir0LV1x3SJBgcd7uoNUY1mrTGpP2gs85MRtm/dBABylg=
YEGY4V3NOdbYSVHPbEXhw+QQxo/KAlmwqxTDzf7mF4d9ZEamIlisfwlzBqANdjZL2t0BcVUTdIi0fmI5F9Iv+LzB1cdhrEwO+Pj/qYwV1V2xfl+87volC2Iu6rNpHiBELolf04VeOyvtWBsyCCEFlA==
YEGY4V3NOdbYSVHPbEXhw9wfl7j8dppBw6PqYxBvQT8+TNGjxDcqLmWEZu9EVDfJx+6v0x8clkULncXQJ8I/7w==
Sjktsrnmvk5GYg9YZ4rU3TREhFB6y+J6u4PTRDhSkIlkTYyZwAP7pg3ybFStJ4q8iSkZ5SzGWEap6wSWAnVmsQ==
GY4pUMzWQivXFZ2H4MhJP2xhcB0ZgXWsmDB7I4ncfQFfDnaaYqnnysLvkgWcSDY+8zCFbitmoZk5WCrXu1+YCk8ZUBy7m0cFA38PAJUM5HFgxwan+KKYPrl5BkisjUE4
DsfY8JW0b9VvsGPFHvNIEttjdZDvz9pM7ORfmcW2b6TaxubKy2Au9qBo2mhoyOxiYLrH7XOw9oDE4+wuJR7Q4mFtzRXD3NllUdSSK7bEAWo=
DsfY8JW0b9VvsGPFHvNIEttjdZDvz9pM7ORfmcW2b6TaxubKy2Au9qBo2mhoyOxiflLUDaiz1qN7hLl5PAFrgXKHsHrIsbs2EKO6Y/ndIaM=
DsfY8JW0b9VvsGPFHvNIEttjdZDvz9pM7ORfmcW2b6TaxubKy2Au9qBo2mhoyOxiIZPWn0XvPvPqU1tEuEg+2LgZCLzXoOxwWcoVRWCtmoc=
DsfY8JW0b9VvsGPFHvNIEttjdZDvz9pM7ORfmcW2b6SqAjs+fAZCKbQ9baTvjI3AUsYxXg33ormyHdGLJKCbbqNgNYgiU7MylpZ3iVXFKvo=
DsfY8JW0b9VvsGPFHvNIEttjdZDvz9pM7ORfmcW2b6SjN25sUji9f0CIxq5h7CSvLwp5290C7PFYLggyXGO83gRIiWovGHOxZYGjCnI16vc=
DsfY8JW0b9VvsGPFHvNIEttjdZDvz9pM7ORfmcW2b6SRKoJSPQJuhgv3Qs7Tx4LVUBx4gO0KGDL7F21Qfd5Q4esfS/bnd5fzQyV8/4H4qx4=
DsfY8JW0b9VvsGPFHvNIEttjdZDvz9pM7ORfmcW2b6RFvQbttfCWsLH5Dpn1YxgQNSSvBkVgMEbxZdIpjM5ZWo0ZBnBCkyFowBh+RfFCOTo=
DsfY8JW0b9VvsGPFHvNIEttjdZDvz9pM7ORfmcW2b6TaJlA1gipDIdvD+cPJ84Kt3KKTVIAyO5vlJZ8HeeO9iDmP9Pmc8qgByXjyyodkFTA=
GY4pUMzWQivXFZ2H4MhJP2xhcB0ZgXWsmDB7I4ncfQGPZztkk8nQG+gcxRiyCJBFq0cW7jnOmmdnFQ9XEgjh1cCUfVgYMOqBfMEJQiqs7UWoFupxmyohqqVSUnUQVwrFF3buPIpD7D/N+tchlOzNDQ==
EaU+1HwzfxEJjQpLfeSazmQfCsT60KwXBDRr35/L1ftZp4tLsIPQhfL3/Cou83sK7ffHOSmF8wdWJRXaMSkE6U3skFiUQbh0Wl0s42xVKSerE+/qDdakgZbIDoVfLR9Y
FdZjWS5Lf9mGUtyuHATvFBVhxooX/ZTBcvgLy1+Gy9J1/dASPnYVpCDCoPwH/P5EaNbSHPDgkgxVkShzEOx4+K+rZgEopbPsMtkVYl86MeS1hmW2LIZ6laLvfywULAPf
EaU+1HwzfxEJjQpLfeSazjDIwFACEWHscd9RMSZ4Y7wJKIQZr67F3M6jhQ/t33IKRnlLBp40rMWPACGzdoduojZquCrJQNfRlBAZQc5dJPI=
EaU+1HwzfxEJjQpLfeSazpGgQTN8W/QSPlIc/Qfmje0VOqOuGCwApZcbuUrgNwLQ7RFdKB8UR/q4GuWmb9SOPdiELGrhdjuKYNkSn9+gJiM=
Sjktsrnmvk5GYg9YZ4rU3Vqp31Flo9d9gkpxkKsk6czc5W/31vWYSbw5Hr3NxM9PbdpamJZEhnuAngGqC7tTgA==
GY4pUMzWQivXFZ2H4MhJP+QzkpM/+c7NQqdEcT1VJKz5qbTRoDbSYfKXYSyFE9cg/uop4LB55hxpmSKf+qP1dw==
DsfY8JW0b9VvsGPFHvNIEttjdZDvz9pM7ORfmcW2b6Rc/hWXRBaWBZlDX98eeZuwV0TdgtLolyZSySjacPXnB7TRleK9KWeSSj0AHkPJPso=
DsfY8JW0b9VvsGPFHvNIEttjdZDvz9pM7ORfmcW2b6QREdJ9UwUxUdFCLmu6AzUbZWyyoYuIU20vKR3fx5uYBkoVFWkNnXhqKgcQk/alAjU=
DsfY8JW0b9VvsGPFHvNIEttjdZDvz9pM7ORfmcW2b6Q5aPUbeKOJlb/F9/Ij25fl1QGLnxAuRg4vnAP47zREFH5L8YG6RBANHH7tvsHgpuc=
DsfY8JW0b9VvsGPFHvNIEttjdZDvz9pM7ORfmcW2b6Q5aPUbeKOJlb/F9/Ij25flVbhWKLlaM2ReG4Chfb7+Rn2g2MrPleVPIQeler+xur0=
DsfY8JW0b9VvsGPFHvNIEttjdZDvz9pM7ORfmcW2b6Q5aPUbeKOJlb/F9/Ij25flAL0AD5q30a4auBdrkp4+V6bP3KCrehFAQJj4Mymy2Fk=
DsfY8JW0b9VvsGPFHvNIEttjdZDvz9pM7ORfmcW2b6Rq+ilfftv9QqetbU+oMmDzSUm2a4qaJpLB93AQOVh7JSs17id/gejHFpbHYtw6It4=
GY4pUMzWQivXFZ2H4MhJP+QzkpM/+c7NQqdEcT1VJKyqFOBcjtYTZQVp2ZdGd/62Lt6KqULTa9XegMhMW18aMNLbzFCcdiijvzxSb9MtXOBV8Fe1E7Yr5I4sO1sTsPO+NkUXcWD7BG72W9AJ9FG1kA==
Sjktsrnmvk5GYg9YZ4rU3Vqp31Flo9d9gkpxkKsk6czHWkiqPOd7D5U2W8BQN4rrU1Wej6usXpz/os91U42uT9ha02D8d37aUJdbaqvzXzI=
JuRgDkhw4F1oASeQxlFK/kHLQ6SY0/IYovO7hk+WpmYp78tY5Ye4N1sA0emslUNy0X4mPgR4Qx1ruoD0DqXO5qkKDC4TV9dIxp6/CILnNn4=
JuRgDkhw4F1oASeQxlFK/kDPAp9xXOrodik+BCo7abPe4yCWI6/s3Anmmw6TMe5iNBugElyZ7OavDABPrYe6PNeF9lWaSHcVbRni4/qSpQ1iT5CS/tPXDC4uSHmcU2OgUZKUeTy0mmyu3zRIeUfGk7S2FzEglZBetEpJvpkCp8C6YFBQUGxUG7iPZdkwHUxNnGH+eTodrjuYDN2SXXURGYMGAJ3z2uEStabJ51ybEe0=
JuRgDkhw4F1oASeQxlFK/kDPAp9xXOrodik+BCo7abM8d4ykBuVKcHup1rpw1f8Clzu+h/ve95wf01m8wRooFeQ3klt93OoBDPU3o/cwyyZc+8ODBB3EeqdYZbQYnMhvhHR7cEYfEL4fdfiygpsvu+se1GUhkfPf+QL86X7Vcu4fKzIx3ge/Z/QN/qGukB9/t8WQwv1lm8o5MKpN7owgB0v4cT3UUXB2nFQgc9eUMROtdkfmRz5X9RuMfhB7UrX1
EaU+1HwzfxEJjQpLfeSazr5g/oUni+oBM//v/7bkjoaInzPFw7fZ7tdS50W/SItqCWUqod1eT4tVCmB9mm2RwA==
RAr5E83FxqqCJDcXPWsZXqNAP/t3rKbdBX0WpZDMUFsCbry82W+65hW1FQgh77eNU6SKTDor0SGtUms15czbloquBffwr2RU8x7c/PYjvddOIyHi2pKudVrnfZuETSIzfVqvJ61WshtD9JdB9mbbGmZBqoJXydOZQI76HYMLyXg=
RAr5E83FxqqCJDcXPWsZXqNAP/t3rKbdBX0WpZDMUFvpIw8IrLoK34jpgwuBClPJT2KdV+EI5tfYPWJauldknbOXH2yuW/X0Ru1RhKQ72OI=
EaU+1HwzfxEJjQpLfeSazoSBjQ27HeoUgjEcieJv2ffOxFD8qAf8k27niDoY3+euAl1VxI/agyubZkyxz3DPfmeDhA5DjcVidP2YXC+Xe2+194M5XWiGs848XZJ1bzpR
ROUvdMKd4BFUymenFcV8J+1JSZiOmMRRFE8H/5bZB+BOrip/luRUhXCCgOT8k954yS5T/vw9SpVCW8Az3b+LQxh5o4I7JZERcKlbUy0XRnFewrj32o22Bx9hmoNWb1HKRpXrnu+aYBYhLccQeey1sO2F1TjpF7q3/35QuZUrkWxwJ6yAzAxqnnjyqNcVFA1+
DsfY8JW0b9VvsGPFHvNIEttjdZDvz9pM7ORfmcW2b6RSPVopqkY/PLRaOVe1rrO5wr2HN7nV2uBu0zz5c1qpFikITXFsVsrXzOLe4bSrfbc=
DsfY8JW0b9VvsGPFHvNIEttjdZDvz9pM7ORfmcW2b6Q4Ed9wMgGmOhGOGTIGHbFo9PANTnxsCyEboKw7vJWnz4kwJ51XKHPpbOZySk9Mmz0=
DsfY8JW0b9VvsGPFHvNIEttjdZDvz9pM7ORfmcW2b6RnLrBNJqOOLPW/w1B8hATwaySuZdq3w+yDDXRJlQCPzVFpC9biXvrBOmwIy4g7GlM=
DsfY8JW0b9VvsGPFHvNIEttjdZDvz9pM7ORfmcW2b6RfnhthfnaAemUuunnk6A6Hz+oh8EhJkfivkZJOd7Jjg7OtivV3Bwr5wOqt6+SE7JQ=
GY4pUMzWQivXFZ2H4MhJPwdwt+WC4E28pBJE4GRBRGH9QAq+YeWcN9Y5dJ1I4bN9kvveR2IO7XeOMD2WEECmyfYapmJv+i/n0j7EwFVqvKcDrIaB6fStx5ecIm37W0sAEPNvKOpfue++13qRKb2iDw==
EaU+1HwzfxEJjQpLfeSaztzLbUfavW21OSywGyh2L50EonOApsTSMoeInd67z7MRgaO1a2DsDVP7xi9v8V/Hu5xV9RiUWIXgpe0Zyp0pDUE5WyMNUjw+6mL0oS71OOlA
Sjktsrnmvk5GYg9YZ4rU3VuuzW2yLL4xIssRs+rdo/oLyFX7WDn4D7dRxsYcj19J1cYW5x45w8Xt/nT3O79O5fQI75HfCQdVpl2h31EiOHEzRkqVkaycs1U5m3VbWxEg4bS+kJv3TglWjpWA7A7L1zhMOls/HeMmHYmdzA3Za5jBw8ESa7ywh7/s2fOyr/ZeDUOQN1wg7ZZrGaz+8jutjg==
EaU+1HwzfxEJjQpLfeSazmPE4Np9UHARRPk6CSk77RDxSRn/OQKHMCTQQ5Cc0CJwL48TGMIWUS7w+5lqt0wfBVNwnz2CawqXPqPP7qEYr8o=
EaU+1HwzfxEJjQpLfeSazmPE4Np9UHARRPk6CSk77RDxSRn/OQKHMCTQQ5Cc0CJwWCFcnrt1zKWZV/LxLvh+YZLbCrxtpSbFMBYh7OoFYGU=
YEGY4V3NOdbYSVHPbEXhwxUQM+aqJKO3Et0FfgqoHhgUHZw02SLP0x4cXExD/7kiAYNXs74olM+e0MfSHhBb43CmbXcc6a89aVzojwwT3NjvkK+ya+SIk3V/asLR5SSiag2OjIfvEbYoduzmXWbNhA==
YEGY4V3NOdbYSVHPbEXhwxUOi59HBGhDnN8R+j8lSYL1b6aKRkXTHGuyyG9ej6o/dGWLJzGIIvlXLBkGaUwO6w==
Sjktsrnmvk5GYg9YZ4rU3VuuzW2yLL4xIssRs+rdo/osnl6eXQS66Zbt9atd9OuXnBB+ahE4BRkgrUmkj7E6wg==
GY4pUMzWQivXFZ2H4MhJPwdwt+WC4E28pBJE4GRBRGHM1W2O82prW+6OABIjlsuIdPKto7OPISFr1rXMRLkabGiJSJBnmPgTilCmEj3nNzomNwdA/vURWZCxRLpNs82g
DsfY8JW0b9VvsGPFHvNIEttjdZDvz9pM7ORfmcW2b6QlJsY0eWWjcswj3OcFgwrgpBa9GOOnzXN4gWTHoqwbLz4KABewlI3EHr9pEWG6fVI=
DsfY8JW0b9VvsGPFHvNIEttjdZDvz9pM7ORfmcW2b6QlJsY0eWWjcswj3OcFgwrgLlUZS0cPpjmKZiCLVSn4F3l4ULDCvmsgvclmBChJ9y8=
DsfY8JW0b9VvsGPFHvNIEttjdZDvz9pM7ORfmcW2b6SD0MbnB+SCrgj9aqOQ/XSPHl3vvZurgSY26gQl9XS5b7WX3P4rH6RccTzMtvFJAfY=
DsfY8JW0b9VvsGPFHvNIEttjdZDvz9pM7ORfmcW2b6Q6VBT9pSTVtGY94Ql/xCxMnF569h1EivfybruO+9qQcdC/Qcq0B7UNkMbrK+J0bLk=
FdZjWS5Lf9mGUtyuHATvFLM7bNg4ihUfH+isJJyM+4RbIBsZ+K1Jd1UFMB5M5amy1e7987yS/VXXhwnzAn0thRaHqDlyL2grNYRT1npzhE/+jHTN7zi9DEnfCBvGyUyq
EaU+1HwzfxEJjQpLfeSazrMua7eJeAhEtVii+bQn9I0y7tGxxObRClvccxRQJNia3sGDNlpDwRN0e/WzljVTDJG56+heSTUMuijG8l8z/Zg=
hN8GT1J40T5qfKkIxBQa0vX3Quu7BCRKVWMWI9aIhKW4XDweqbwncHODzfIRP5NQYxZPkoaGCBau0uA0yuyQSKeDynPAr29rc3QLclQs/bHfqRs9nfwfUEEqYtrtC92b
hN8GT1J40T5qfKkIxBQa0kHdfJ6BslDQIJ8NiQWUwtwRVr4dFD5YQUZXNZs0zJI96f2fCNugtxbcHBKYZGwJLWD02/Lh0O4/t8XqLB48Lv1BmjwL8/C4Vdklg3tZ7fcLo2lHL8Ag0kf6mYxq0Mvu7A==
hN8GT1J40T5qfKkIxBQa0jl5mB9EZJsb6ucfOOtO7iCZucycSnSQb6JIEOAax/ZrhNi9drHDh+/E/Lw0k20yy1CcYRrvEWjAec7h5bd69QA55qF95VPgH9O4mwRBVpgK
hN8GT1J40T5qfKkIxBQa0lzg68XL+o5rqAzWLGO548sxoLsF0N9sX69yZUJ9qLoNynUCaEasX54Khxk57JP/CWMurjhvgLO65SceCffdGXoI5yw7KHkO2XB6Q/RfTpsj
hN8GT1J40T5qfKkIxBQa0ieKuQMF4FTRE/SqZRz90okFiZtzX25gh4TH5MeOVDvZLaUsfkOJOqM1RcYvl7XG9D17E/2cr0Z1f8dM1blvz84htxK4cJyrDnQEYkgK6lA+qHJTBG8vMtKVPpkfhwsvVw==
hN8GT1J40T5qfKkIxBQa0iojfdeYF30sZF6B+KZQBUH7wHX/z5XzXq80IQOaVzoFX8Z49HzXDJE5ZV0YV/M4ZiW7+8hHMIK/MSQllX1wIQ7dmj485vYEf4t/x7kahYdW
hN8GT1J40T5qfKkIxBQa0kHF/aiq1ueQONuVS9yYGg7/BQzhcSdstIRCP188ssjqUv3RHU5INKAq2+4ehy7Jb/HRvp8jnEHMSXaho0mhS+a5vgLbwyrmbENoHjaKZuiA
hN8GT1J40T5qfKkIxBQa0nHilyCuVIQQC0+DpmZkK5B0YCTXKIn6wehr9tNR+wN1JKxGi3M56UvWUVi2gnzmGjj18fxeYJxHuJxniU4hUi6oEiCAf0MTswH1fXeXoUGLLYCXI+Pli6b4ciKjQ9Bmwg==
hN8GT1J40T5qfKkIxBQa0nHilyCuVIQQC0+DpmZkK5AHX6CuPwhyJ7ih9gQ1KmrhtmansmK21yi5FCnbrP+1xDPhHNzyc9PZRMzR0mrV11GZ4hXC7jMhKzqeLiTnsrSM
hN8GT1J40T5qfKkIxBQa0ncSK5JB8kwy7rBoWw1dUfHudzMv9y+ic/d8dY/D+sJ/9KQvcllgxphTeIF9fk5mW4qRA+lH/iFjif5Atl5J4hXGr0CloNuFv/MMo72DP6gD
hN8GT1J40T5qfKkIxBQa0ncSK5JB8kwy7rBoWw1dUfEXimvGYFM1CtendbR+Himm6qj08nVvthI4j93p2ALVeCbOxqPhOTdLQIiwJzr8bvVx4AwfrHal6EiE9UFaUbEntQWvaiz8lgABTrThKLqgkw==
hN8GT1J40T5qfKkIxBQa0ncSK5JB8kwy7rBoWw1dUfEZmxjfv1FVSB3C3cthesgDppqdFC8BkLs8WFgv8ERJ31To5IHHtcpr145r6iO1/5qkEQJs6PDbI7Nau6JPOGDA
hN8GT1J40T5qfKkIxBQa0m63InC/3WNW6OTeVwwhhcqV5f8+VWvGhrQ6JWArLd/5ezIMMldHrljakpPvgDTMPCNJbEHah+LKFe1Qn06T4DxEe8qZaNJzC7lW6JnbGuNl
hN8GT1J40T5qfKkIxBQa0giXrI200wBGU1uxwlqfKaLFrsGTYx+dwQhoGevLSaDISGk0ThHTVurQ2YQEls+HJGZR7+IPUYUZB86xFhn7zVjo4R9AIQOJ9MkIqq3uhZS0YH4dW5iV16yzTKfm6lqI6Q==
hN8GT1J40T5qfKkIxBQa0sqmHgVlhD0wFZRqx6FufeBgdOK0L70IfDq/GVC+Bvded+yoeX44hwGjPkgoDthDEfdp/GmGTwF68gGqsBWj/4+xpnTOJ9pPHGG0iefDQGYB
hN8GT1J40T5qfKkIxBQa0iNupFK0UGjZjhhlZoN1IQvOgqW4PVZX+6RhRbKqS8CK9fAYjrGD+0/KOoPFDVxoiE77ko4lf903B8q2rAh8dyk+267fz7GSXJsuv7oQtD+k
hN8GT1J40T5qfKkIxBQa0iNupFK0UGjZjhhlZoN1IQvq2/G+8EbwJ5o1/zCxzEXyDxQieMXvsbf1JJVtlR4wpTRK17TlM+M5i9TTwXl2sZkXdORINb4qMmB3e5szYpYgLO6YFKqYQSy3Rm9INNDOGQ==
hN8GT1J40T5qfKkIxBQa0iNupFK0UGjZjhhlZoN1IQs2hnZ5WkDWfvRwKfttVwuPzSezxO+tv8Biqb1Y5iOd3ulyVmsPT1XYsZW++0IG8BQB10lWymgmCFiWvTcy//oS
hN8GT1J40T5qfKkIxBQa0k6dX92BkoacgAOJocVCcVE/UCMvB+Adr4cVCLAblOs/ME5rOgGk2xn5XKhkFeNhhSzO7pkcHP0z6t4pTss6xMGj/cMxJhfV4zbGHV+VnrJ8
hN8GT1J40T5qfKkIxBQa0q6tO3zdSAxOpriAL7K6Fx4syUGVXY4rRZYuxBFVQwixDFcUsekjuzDTcAF4BWRMIWyXk+ww78DZHJFX9LdT7aOgek1UKXXSjvVbwpQ3uAqBclLkHCN+oYt744mWiaJM9g==
hN8GT1J40T5qfKkIxBQa0q6tO3zdSAxOpriAL7K6Fx6p2UwwW285gli3xOcndsQu7t8XcuO0gXQ2ys8BNXRXmRNiBtX7UOlEtp9g2aCBv2gOQlkh6KctWF+TfhfMsppT
hN8GT1J40T5qfKkIxBQa0mMmP1qQWjPmPzP/Dqvkn6DnX4kD57uFjWDC0DR5IbtFq6puaHbsGVQj8qkzH7jcIovMK6Ok7wDsu/1Y0JG71UJWY50glmdZ3lYuuO6Pmob0
hN8GT1J40T5qfKkIxBQa0mMmP1qQWjPmPzP/Dqvkn6Bod8OWPa/cojO8RDKwEnQmP+XjDLYGWiYcpI7dQgE3towqZrkwli2dLISldH3nF1bKbZbWBcBXdzdnkKGiDgHOBNVOjpJ22Vc+2zRCNS0WtA==
hN8GT1J40T5qfKkIxBQa0mMmP1qQWjPmPzP/Dqvkn6CvjV4ikdxWaBhXFNrLwVnI1q3Z6f5tkGGXGhd5cfx9qUg84cKoTtgG24BzOA0p2mhOmhxboFpoxE5MGLIrIB1M
hN8GT1J40T5qfKkIxBQa0iEBQk0CeX6Xddz56A/hq5dkff8U5R0FFtEUDnssAlpUNmZovWO4TVCRHaJp0tdOmJqYgLQ5CI5xGoA9StMpvI95kgyCv0ucyATSnwWkn0co
hN8GT1J40T5qfKkIxBQa0uVawWfdpmvkbj3T2f6bpU/7C3tQGbKxatzTmOOOilcj9amH9ROaw1aOhOdc8uUTREGkxqkqgd56UjG2hoXI3bBvNp2UBZGYMYoIj/b90ewvwmIzSDsfZppRlbX0UI/Vkw==
hN8GT1J40T5qfKkIxBQa0uVawWfdpmvkbj3T2f6bpU+27EQYIi9TSa+QxQ0hJkC9OQ3QPXMjwIiIoiuzjUjYQ1KvBpeIEjm51Wx5EiQdhDqCh0ikCclphI845kSSJWCp
hN8GT1J40T5qfKkIxBQa0niGmAzrhB6/H4lNjEEA8LAVxq8RjZ0Ro+c04iE36gTryCKcZtJTmA1RntjVHlErCG0/sgFymflBzqboa6q8nS+1NSiAafylebnL2WqxTr5X
hN8GT1J40T5qfKkIxBQa0gZKCA7tOqJVDOxAUEsDKt5ALZJEjHHCFfsvVabTqlOt+IE2X4VvUyd7R0UOoVwN2A+aBfHQqFWPb/Fb57atiYJAUObZrPpLVqFEv4gID1YK/00PQvGDKp9leEnKr/JCJA==
hN8GT1J40T5qfKkIxBQa0gZKCA7tOqJVDOxAUEsDKt5jPVt38xTV0TYUX5ZV5G3snU47f08VlDKIUlksRMxO6gagc0int/Vp1/GHbKs+jzdcw8eR52ahgHgP7uaDzx0D
hN8GT1J40T5qfKkIxBQa0jvEeLEkHo8qN/IOzoTaaxEJtvfO2YS3xQRFOk1cIqKBD0KCTMOQWqw9hg98IJoovudoczYrUW/Ov905k8U1TpKQGk85g6HO2xfcfEVm6gwA
hN8GT1J40T5qfKkIxBQa0hXP8qR0AdbwFiNHsZiWPMMZre+9ULP4awSj3JALnLALWZg2uxjU3c3UbtOcstj1MKTejUBWuj/eR7rerKycMv+X+WZYEFeBhFbAsgl0rRs0fvU2LVw661HVHe472RdoWg==
hN8GT1J40T5qfKkIxBQa0hXP8qR0AdbwFiNHsZiWPMP/ska8Mcc7gidD+UIbimDIWIm0bzQdD8IIlBzr6gKolRtndImyN/oktquQnFelZ6hQg6jhfuh3q5XZ2uginnUO
hN8GT1J40T5qfKkIxBQa0kwiWt8joMxgQK3rfC6COjl8XFXQdpbKaImc5qbbhVaWbs+UhdLBGwrgxREDU57EQCR9HloXoLTgHb1QuN/CZ2jB0AFjKVc0c1Gc7BadL5ua
hN8GT1J40T5qfKkIxBQa0kwiWt8joMxgQK3rfC6COjmB7nVo+a/8kNaAke/bwlyVpEgrYoG3221wEw7Tj5+lPqSWm+91XSgTI3Mu4D08mpnOCCBPhV3fehUFVdGrfFxxzUaY8xLu6XGxsGpON8lFIg==
hN8GT1J40T5qfKkIxBQa0kwiWt8joMxgQK3rfC6COjl4JcunCIJbLtmtkMSmdl5wZot6xBQ6Re6vlDKi0oJoVX9Eqjg+tCGtzycsfoC+ydQhFOR2/mdtTXUSDL97AwrW
hN8GT1J40T5qfKkIxBQa0rf4LGT+IYm1D32KykbC8ejMSteT2oMK5bUA099DFGhE27wKCJXokbuPJjc/DnYZVMWpJ0I8WAfbIWarQoiTUI1+QYtbbduNz5oW0JBDCRUe
hN8GT1J40T5qfKkIxBQa0kKcsTRC3D96im3oofVFj8HR1giiXRB6ATIow8Or78xGZQTMZYW8Hq1K59p9+TSnOLwj9NB2FpqImTF+ineQT6llDs/nY4zSByMGb+IVxQXMuYZ972fEjsSFzlqADE1vxw==
hN8GT1J40T5qfKkIxBQa0kKcsTRC3D96im3oofVFj8E4K9j+3m8bNEH2kgH+30Rpq1UgZ3ev9HohCAIOgLX8ibmvajvbZj3dT8Airg6IPb5iEa9Dnocw/4Dt8/guKGGp
hN8GT1J40T5qfKkIxBQa0rgyho/rGftqc87q8tGFLvUcjAPdA34o2IZaSegg9ta0E9HA+leKnhaP9D67TfIKbtmzsDQhu5Ir3KYVHfsrPOWAAEKi/vKCNwHpvE7QwA+t
hN8GT1J40T5qfKkIxBQa0vT3ULYGZqpwomUBTY6iQTnKa7k07QkTYuX0JqwXj7ogTXcshulnqdOEGy86Ztl+rK6Y5o/5fodSqloEv8OvztJjHpHH8hafn98s2yu5C3NNno4WPaaSpnJMb01SLHHCmg==
hN8GT1J40T5qfKkIxBQa0vT3ULYGZqpwomUBTY6iQTnFuaQiJXDS0h8bTSYkZ1fbvTMt3MSmeLwq132LBokS6gOzkcx8d/HcALcy8MGDLOro295MfVdWcSVlNzcBjeZ4
hN8GT1J40T5qfKkIxBQa0lh9tW++5bz32YxT4rd1Ul8aVTxjsBACG4YSmGkRRHJkPBMuSSrN7z4fXVXsd90tTXESG11AVM9yeTvc5lbplPrmUaIa71JFmXwFauwZnxRl
hN8GT1J40T5qfKkIxBQa0io4kq+tyspdbn4Nx2ODrLQfzXE9YTn6FLxg3AYYO+eihQdc/U4LyynsvwLlMhIaEmyFyowKPvBdrfYMzK037qEI5Uz885vQmIVvQdc+JIJMvyJENBjVneB5Z+z7QLve2A==
hN8GT1J40T5qfKkIxBQa0io4kq+tyspdbn4Nx2ODrLTPqNnvdt9cRIO9br/egk1w9vK3O+X97bG7DsjyX2Tk8gwnu2xtEJFOoxIb+9XfoCA87gasI0gu/v1PbVBvymvo
hN8GT1J40T5qfKkIxBQa0tlCrdlo2DAELLclx6ebaXjHlLClho7Esg5lNxs4+H7NXHen/ypYV7u0tLslZG81nOVRzKA1CFiTYzgaIcAd/UpJPKslTa8viqZt2JpmoGWX
hN8GT1J40T5qfKkIxBQa0q762f0jmBrOdL1l9zFjSyZHrA43bSDxSn5SIKCiPSMlPg3E9rpxCBxSQ54RCVjLrfTG4lCISmispd08orAvL8Z7YQ3od28yv98fLqAdEuTRfs5D1mLcLB4rg6OZObk7KA==
hN8GT1J40T5qfKkIxBQa0q762f0jmBrOdL1l9zFjSyagajTX/h4UPPVJphWOzBo0t6bN/xNFvV2HUe7XB4PCiZPaIsSSES6M/KrBPgZTaXadR1293hctkkSr58kHNzJl
hN8GT1J40T5qfKkIxBQa0mTJLFtnHI8FtO7Afp+KIZSd7j5nzImwxghXHm21veeqEFIkBNE0IM9jU3YKjyR8ScibVMhsynGOyLqTLOM9ykrfMXqisZWmi1r4gej3IN20
hN8GT1J40T5qfKkIxBQa0mTJLFtnHI8FtO7Afp+KIZSXAa5uD9BpFAUDsTU4brhaLrlPCFoodvR1wgSfX3BKnSIEexthJkubzD19u64NlEhVcaCQMPV3pBlQ+0KDZlMNtyxfR3ZLh3WjW63AdOrxsA==
hN8GT1J40T5qfKkIxBQa0pk4fguOiSPyLzJ3S1vv87yRMEVG9WkfTVTyfS01TT2UQgX8co4JVuXmojr2SvozqIzleG2af+vSnwLrn1vimUWexzCfa2Kc4Rh1OYxIEOz+
hN8GT1J40T5qfKkIxBQa0on8TjTDuvAVHXHng+Gx0bmnaGsD1QncPMh5/rqHFqpSfnDidcmiyyJDA+TlcPHD05gtuZXwGigI73wyJaS6rJgBfqw3p9xHJAfXCaJ5aB2F
hN8GT1J40T5qfKkIxBQa0ohrdJVqVqvdQtLIqD5ieJXQ7Bg8MBNlN1wZNmDQ3YFeTWSYLVKHSIJU3FCrISDJhPE2wvDFIzNROIJnAVyGaMh7aTVqeAMeD9RUDs8SIpwva4Y5uvob+pu3rt2Vl45eUw==
hN8GT1J40T5qfKkIxBQa0ohrdJVqVqvdQtLIqD5ieJUmWxJjcRKIOpBik+ieWhQxg1RjWuedCITH9kvcpTVoKsiOKyAoD9yvYipitwJbMVSPwsXX6FMQj9JmjlWogtQ7
hN8GT1J40T5qfKkIxBQa0sAdAp/I/Ydx/z2EYO/89nJ4S7GXMepOchdNZWABCc3aDw1qy9VXudSA9EJMoTCueHRdq5nLeyZIrh8J9NL9PUKODbpPgSveN0mhukZlzHs0
hN8GT1J40T5qfKkIxBQa0sAdAp/I/Ydx/z2EYO/89nLL8YmQqSjjl+cEUh6n97+CELZw36XGrUR7uyYT2B6Bw61J/IC1k7I/JHIbwoFgx8wkHrwq0itSW0kNuNmiLyd4hy4Ez57kPM02nnmFSLSF2Q==
hN8GT1J40T5qfKkIxBQa0sAdAp/I/Ydx/z2EYO/89nIDuzAgqQ02oFB2iEcd4VBqx29PnDBn/K6q7eqx9Fh+G/PKLqsS2vjkjvkXC3lzgk9E0ph1/GbmTTN+0gM+XcmC
hN8GT1J40T5qfKkIxBQa0lENx+11EPOqVDKIxwd65048KNfColsPBBziEmfKqoBD4ATmWNZp6lKELIO9NIjTJF/Nijl2kjXz9M4luyvtwwEEXk/Lr05sEB9RP1ICfMBg
hN8GT1J40T5qfKkIxBQa0rzrlCFsDVFAEQJtAwwc9HIjObOWPGCSB5BufwxdX+GxTDZgfON55QJ2AztxsoT5ZxTIk2au6g+GfiXZR86yC6Kg6Xr+Fw6bdxDWtePIGWxvVhsK/iI7b1mqjz/4QgZ0+w==
hN8GT1J40T5qfKkIxBQa0rzrlCFsDVFAEQJtAwwc9HLyfWnvTz2WIRakH9JKrHXOpBVmKZUe7D2U6DjailjJls5sRLUBXLh0a/wYox/ZXbferNMk3Ah3YZnSCe/Bd0/p
ROUvdMKd4BFUymenFcV8J+1JSZiOmMRRFE8H/5bZB+BxGLDVpBoKshEnqjELpQ0Z2v+GJtiPoLkeoerjvcLWk91jpv0fMNWBJ4041YfY8zP6K24qoB5IE7R9e+8WutU1YZVxKQeC8NvRLwlkEgLs0Wvn4fI8DoNwJ5al6ddzJQxtKu3V5R70tvp0ycLkNDqD
Sjktsrnmvk5GYg9YZ4rU3Z+yBVb6eBFisHwVp3Ef0H8w4vxt5xatnouj9l3syni+XW99BTMWFLTbWndLKO7hn8He24MNmQuDXKIp46RXulFnyeWoNGkxhU3fNQVPuWUSHRIc3ohRc+GjVMZBFjUwMoblAaA5CYAvHtD0yhnyPL5hgIN43PSbPfu17qFv/HvorHnqZcQbUbsxRgtiEUfuvg==
EaU+1HwzfxEJjQpLfeSazt+1BNhKQAKWASKMKqq1cnfUQKFkMqz70za3W15504KpIj+B+TU8v4l1jJlN5/LI3IFNCLvXkCZFfR/Yoja9D+Y=
EaU+1HwzfxEJjQpLfeSazt+1BNhKQAKWASKMKqq1cnfUQKFkMqz70za3W15504Kpqgp7jDr0Z+PshL/xK9aeUWG67ma6CR+laZce3GDSNGQ=
YEGY4V3NOdbYSVHPbEXhwzqfY3jAQkzxD6Fnc8pQfe2bBOfZMYT8IC7Ond6HB6WNQ14pfP+JnTEOdnjfhxP4MLs0lh1XVqQqtGeLgre5d0os0QMCvNssaxm6ilm7ki7p3QoBmDaJN8qk1TvVbhu2mw==
YEGY4V3NOdbYSVHPbEXhw8JSRhE8kO2VTCkr80JSHPtAyt1Pqq3T0SzS2iXZGoAja9dxkEbDJppjrD/CAR4G1Q==
Sjktsrnmvk5GYg9YZ4rU3Z+yBVb6eBFisHwVp3Ef0H9CDzPM82dj/VSMW4oEmwtB2/rx6sFqk2SxJkOhACnEpQ==
GY4pUMzWQivXFZ2H4MhJPw75mNn8uR7Da5yOdWdfoNxYcZEDhXTXS3BmVMaHO8OnlJxme46LNtGca7K68DsyFvddRu293UTiOpIR9oBdKLCnPmz70b3ZqBUF1db7ePW8
DsfY8JW0b9VvsGPFHvNIEttjdZDvz9pM7ORfmcW2b6R9jGCYiWHT/UPDXf34fst1Xf3irpazhDCvDesFkHhs9qpb+Joz8I/67OSn3i4DiYo=
DsfY8JW0b9VvsGPFHvNIEttjdZDvz9pM7ORfmcW2b6R9jGCYiWHT/UPDXf34fst1H3wjPHHnEBoXKrPxr+jHfmTb1FjjAy/xECAiaxbG2mk=
DsfY8JW0b9VvsGPFHvNIEttjdZDvz9pM7ORfmcW2b6R9jGCYiWHT/UPDXf34fst19oEcwngRKp7qt4CJxH6phXrWR/93wHJIadzDSVPBa1o=
DsfY8JW0b9VvsGPFHvNIEttjdZDvz9pM7ORfmcW2b6SN8YbQbjI0IlF1aECO3r2zvd0bmfwwU7Tgvk7cWLZwjTCC7E4JH2K/p/50ECDZ9Rw=
DsfY8JW0b9VvsGPFHvNIEttjdZDvz9pM7ORfmcW2b6SunhKW38PEqNtHWg6FaSXQIVLNPekvp2YSYWF4tmLWJB9KNCWAhzN68GP5N/LvEgM=
DsfY8JW0b9VvsGPFHvNIEttjdZDvz9pM7ORfmcW2b6R+goIB8/c7YELpDus1x3L8mqPYFanVIQs36ukRrYnBNJtGtJnYL4n5ERzN5zm12y0=
DsfY8JW0b9VvsGPFHvNIEttjdZDvz9pM7ORfmcW2b6SF+zHB6cjMR/oZrvo2jjyKm4GrXnI+Azj882CKrywUZ3pSdOTZz/NWi28bvZ+Lb6U=
DsfY8JW0b9VvsGPFHvNIEttjdZDvz9pM7ORfmcW2b6TE3caloDG/H5rUUoAHzgWEc3dusST6NCA577HJ2VEpaBBYfqXroV6Wrrr+OXQoGMY=
GY4pUMzWQivXFZ2H4MhJPzyRpY8ywJvB4tmX60fe7uA/hgpW5okxrKgJZUahCrdAwaGYpJNt/FhhSoHKuFFIwhxehRPgN1xCRc8PxwoBhOVXhT2G7NtOCAGFKDtYQCq2fz1TNN1ctU+IHvQcXYZTSg==
EaU+1HwzfxEJjQpLfeSazlfzR9MrFqd6kRjQ7SzBvemjGcFNul6dy3e/f+Kdl1q2f9AljPZcSQXrYCap5GZM+Hk/Ny8/+nJAGmhKrRHt5wNu2XKmDhaysyqhFy1TnMk2
FdZjWS5Lf9mGUtyuHATvFOD6ZDBALCf6hFguoUR8BXL/W21NNpDCSnGLBVSJQyne7Heg1iuTxiIuOKBes52QDgAo4787UiWohQqBm8pxoJ3pUaMBSJ66Q9we8Wjlys5l
EaU+1HwzfxEJjQpLfeSazkW10TklkIP4rWhgOOnjG6TbZh5JWacmKHf1BOPS9wpZfMclj61XF/ymP4mEokHqU+w6bsDEN1o3tX+wzSe1ohA=
DsfY8JW0b9VvsGPFHvNIEttjdZDvz9pM7ORfmcW2b6TOh3IP2uVMKRJr/oZrvO5w8mi8I6NQDfaD2XFi5zCCJc3LywDoAzHVhDOIjurVpcA=
DsfY8JW0b9VvsGPFHvNIEttjdZDvz9pM7ORfmcW2b6RrQ7rVn19qulqSKeceaSfstZ06aFo9vCAsVc11CbzlZWubIIGFiI1EtHLzTOlowOA=
EaU+1HwzfxEJjQpLfeSazn0Nj9Q2PhERF0kRzSOmau/PrCAPgGWie34kl30qVZhIUSRQ9EVFP8t0BbfVdtxS3lP4LcZqV9U/ahgX6181vu0=
Sjktsrnmvk5GYg9YZ4rU3aTI/ZY1d0q27RJf3Th0QUlMOTHVYEaQpTv8mUEX5fADfjO4yk/39tRwrX6xGPmvnA==
GY4pUMzWQivXFZ2H4MhJP2ao4DmdOd4mZo1jWSsvEDdYTtXD4vuozXTGBYz/pOHeZh7cf7mhoVxXIm/CCMnUzQ==
DsfY8JW0b9VvsGPFHvNIEttjdZDvz9pM7ORfmcW2b6SbfOamHjerH60SOqmu/AT4Y1f6xuiW5K43Pj3mpispE3fnH9daizQ9EzSvRq2BG+I=
DsfY8JW0b9VvsGPFHvNIEttjdZDvz9pM7ORfmcW2b6SbfOamHjerH60SOqmu/AT4ZBAlgU5WciatKvSZyO9I5Ut7zEbIJ2Qfwnu33xAuVec=
DsfY8JW0b9VvsGPFHvNIEttjdZDvz9pM7ORfmcW2b6SbfOamHjerH60SOqmu/AT4KqetHv33CrQwWa5cYt1rvobqXS2P2647GX5PYZMVYMo=
DsfY8JW0b9VvsGPFHvNIEttjdZDvz9pM7ORfmcW2b6SbfOamHjerH60SOqmu/AT4KqetHv33CrQwWa5cYt1rviKJj1kmNxRdB/Sk1whOnvU=
GY4pUMzWQivXFZ2H4MhJP2ao4DmdOd4mZo1jWSsvEDeWedhzCEtZNbKCyyLW7DGUArqT6gjWcU9u92NkbUWNa17j8QZeXpJQxVCCVagdLDNeKaiJewRpWy5dUdZJfdnGMZ2Pt86ipYX8wAstVniU+Q==
Sjktsrnmvk5GYg9YZ4rU3aTI/ZY1d0q27RJf3Th0QUkpUV4VY+/dPHkd0W5tVnUmbto8UV13R3BADMcwHnzO1AJNm2QGG1cmEJEsAR/jotw=
JuRgDkhw4F1oASeQxlFK/gaxQYwo7MZ56VqPbgwXWGL1U/C/vWxizGwSp8JVSUP2UpUMjrsyJfKBOU63zwFrfk/8bwDRWRv2X0iaLEitjvw=
JuRgDkhw4F1oASeQxlFK/iFU02wcn8W86NH5TNmvrI//lWbEq7JL2gj5G6gmIh4win9/kJb+RiJ/fCeTTkR39LVC2izty3HlwBf8pUKkVFlzfCMgBHxLtRqkiuSjjdpGOZsPvN+2rKG2VzXoNVOrLCoQHYcezvSmb6hKokV2grU4lR3JjvJdwErG86vnFx16KzNNZXbLTu24+yUrDsMN63Jcl9pZEMlYEJhgq5oqh4Y=
JuRgDkhw4F1oASeQxlFK/iFU02wcn8W86NH5TNmvrI8LvcCW2ksvkSX1BtLoQ0zOENQvcO90DXHQSeosZ2W31YidrmD6M3k424K+d2a3x3rUzzRblbpB9fSUfYQXx0SIRJbFZi+ukHgj2ksk5ZXeulKHUbj1IMRExO6ltd1fFSTOuIs+s4UPb23oOnqAVpv+jkxP0tq8BiirJYE+FZ5ru7ugtD8xFtpx3WBzs8tle5+RmdHBUtC3MU77UL8Lkd9Z
EaU+1HwzfxEJjQpLfeSazrnZjGcIfOBsyHiSToqsoc9MHdfVich6N4Ua/GxLyFd/yNv/ZS9r7kTWGZu16wJnYg==
RAr5E83FxqqCJDcXPWsZXs7umXTT1sTkSLxC+5hBnBew9ZtKRXHiWSBxALOL46TRcdoJLr91ZdgmATKSCjWRMJ5qiIoHPYNBcKv9kyZy0287jV0nXij13P+N38C2CJwBXFacXeTjr8jtOtqmv+YSeywjydeDiQ4eZVcZu7kkLqA=
RAr5E83FxqqCJDcXPWsZXmb7lmhV7PCQo8ELAvTtA7jZLDZ1L6IAAa15dafdrUxhBrp1DFojE7d3Hl7hJO3uhBZc70TfRobpo/a5rYDrPXM=
EaU+1HwzfxEJjQpLfeSazpswHCq3Z2RmKbWt3F51KxSkjv3CoRlbKNhQB0WrpIqQBAb8CPfKIGB0vHHoF+B6WDnWfcFjOmpQIkJjbD0A6KC1mHXarBC+uPvj7MJXhI20
Sjktsrnmvk5GYg9YZ4rU3Z3nvmvVo8MIWjR3P4BBRFE6ct1+NzIk3iMKrI2VWUcChF47QHv7YJdkBHztoJnGqiImNncwdwsjzO4b55QVpo8PlmwHJhhlJZtrv5c1hjttG8TQFOIPGWhkk7doEdP/+KElpHyNBFFNlUD+g8LvVs1cQRsMlW6vzaUJUoz7nV4wohd3zbUpdfZgc+wod7AH7w==
EaU+1HwzfxEJjQpLfeSazmZ13glg9vF72a1wCFZBkjGRmrylt/fGKJJzrHICe/2AugN8RzpV1CRlmTAPMMC5It0/L0180vmknJv7yFhhxfo=
EaU+1HwzfxEJjQpLfeSazmZ13glg9vF72a1wCFZBkjGRmrylt/fGKJJzrHICe/2A5LF9Olj8biuhEUsh+/EFKC0xVbuKIur2tYekHjyLPE4=
YEGY4V3NOdbYSVHPbEXhw2qVNnmS9u+zqPztiWhKuqY7IBc/in1A5wMx+wNFakJ9U0NJEjUBzKylWb2ySxWOW0AgI1DcPX+UzIvY4bqp8IIdqq2uDj313UCgZKB/YZIVU+AibdKA76Wil1S7XADe/A==
YEGY4V3NOdbYSVHPbEXhw5YXMfJ7jpWXLg/9xZIM4jSQF1GsI9rUEXOlyjF9vo8aKacW3j4xWSNDNSxVf/+GYQ==
Sjktsrnmvk5GYg9YZ4rU3Z3nvmvVo8MIWjR3P4BBRFFDxoE2yIDh21drF6Sr3Wg/74LbYRUyaQcUkYZRsPSing==
GY4pUMzWQivXFZ2H4MhJP64TBMYVoDTRSS2mCYkBMHq7GwfsFUtPpisU2yr+9XYl9t0OHDhAUjK6bGUDvXa/PLA1nn8fBaf9tXaLbp+fZac9sEiMHvAmmVFSSNAiHjsN
DsfY8JW0b9VvsGPFHvNIEttjdZDvz9pM7ORfmcW2b6QFcUzw2h1HKrC+E1WpfV7cZNEm1JdAKeZvRetBx7GtdtDvl9At+f2GR86wDiNgOhw=
DsfY8JW0b9VvsGPFHvNIEttjdZDvz9pM7ORfmcW2b6QFcUzw2h1HKrC+E1WpfV7cDwTtpuBDNfTenP+96LMgGJJojeID/h+5HsChwvFB1Es=
DsfY8JW0b9VvsGPFHvNIEttjdZDvz9pM7ORfmcW2b6QFcUzw2h1HKrC+E1WpfV7cOskk45bfCSDxukFzKJ48fnsAF/22wcf/A4wwRXLeedk=
DsfY8JW0b9VvsGPFHvNIEttjdZDvz9pM7ORfmcW2b6TAmMaqu74YZ7zR4IOCRzBgo+6kLmSgljheW52s1N7MEN0qr4mLVe0P7Vo7Ez9abIU=
DsfY8JW0b9VvsGPFHvNIEttjdZDvz9pM7ORfmcW2b6Rsod86Sfb1RkS0vesTQnu8MyDTJ+y7fUYhLdxRfPHCRFuM7DMDkubpQ55ybP/NtxM=
DsfY8JW0b9VvsGPFHvNIEttjdZDvz9pM7ORfmcW2b6TNj4iDugHhHd0Z9Z2S14wkUWXeLIM7yMFmQkblTf7/z9p7gyty5tLy4gO77dFqEQo=
DsfY8JW0b9VvsGPFHvNIEttjdZDvz9pM7ORfmcW2b6QlGO2laV6zjauj6hYADotTp/XAWFRgjL02fD3LpGuD6DjKkbNNDXBVGMFMGYD9yGk=
DsfY8JW0b9VvsGPFHvNIEttjdZDvz9pM7ORfmcW2b6QCbnxSYVdgJJGIWIrttfIPuHAoJ4//Q/Ryf3sBRaRWurpEwQCdxz4whsLpLaHfyK8=
GY4pUMzWQivXFZ2H4MhJP64TBMYVoDTRSS2mCYkBMHqUk/dJX4zBdGzgmlRxfFcTapIccd3gMDLhtFzGg53LhQFi7WZpUXX3sIERfu4T/nk4yVzof//8/rWhlutjN1CE/XlS8stfemMS0JT8/dArIQ==
EaU+1HwzfxEJjQpLfeSazgyBdpqDsUTMCd87JQ0KrXp9yIZbQa56EddjGxuZd1zTfTMI8kukB+S4+W3WO6927DnZAiL0b44WrYhOqUCK1LfqSeVsm8GCFMPPcMEkATkj
FdZjWS5Lf9mGUtyuHATvFJvUDh57gOKZ1HE++rAT8znAjdAS0i8+HMcUcv31jAy3cm7V/dMRxZru5tWeG1YQxBiN9zBx7fywW11zwc+tkAryx3RFnVkJ4DlvOJfG8nP+
EaU+1HwzfxEJjQpLfeSaziv9sJh7bUZOmVcnm/bNLHQM4mGFQ4GcOCY9VkGv3Ryc1psfqt+N2vmnmEc6fSVXom/iRfyjm5SUL8Zkx+hanvs=
hN8GT1J40T5qfKkIxBQa0ph1J+64a0mOr6k6IrpTJzkKROI5RqhIYQxQPrzUhkkw3WbJ1yu1LCIfKfw2R3XwbcKqvsJcLPMv1rmbA7zeL0kUtJ5dEhfGuCKMeHP6Ey+C
hN8GT1J40T5qfKkIxBQa0oj1GPuz8z5LIeLYQTVfslTPAso2k6Znkm3WgNa059yi2vOoWimkGkFvPbEW1NgpMwnJgtRFJRLyQsVJeKGL5czU4i2nJEgpGc67Vh65wAQJzBK1m0/LGAPcIwCHNv4GNw==
hN8GT1J40T5qfKkIxBQa0n1GYDOOgdISC5+9xT32ndqSCPlVH0qMQYjbNccnqxAI8mlRKHYkkKze2+u4oR5AtbOe/ggBkzDI1lBx6438lx3Th5lssl6HypF2yjVQRYro
hN8GT1J40T5qfKkIxBQa0lQSLOPmKn2FunKzZeelbFK1gc41AgdF8tQvqQKIcpWAuoeth8Zm/dpeSlS/7uKNv1ptlpNcI7FOH/J60y41JY7WytmZRo8yRgGmD6re+tfW
hN8GT1J40T5qfKkIxBQa0rpTncLwYFAA2gAvl1PaOFpbaZFhHjepjRlTHbrTe/VjIJgeiPST8RtRiVH99jw9yYXWhsR/ee9RuQYtmBzC2hPbwXNpAdJqKeY/pbJ3Q7/wWl1xjvGvbiQIKCsE/T7oVw==
hN8GT1J40T5qfKkIxBQa0rpTncLwYFAA2gAvl1PaOFowdXjEsT8IFUBUAGC5/Nri6Wzll3CsH6zwZOoGmkl63ZyN/9loNWQghsPF4hz3HYE1niMLCI/jVTT8D7J/rI+T
hN8GT1J40T5qfKkIxBQa0lB3gCF8nKfL0p8Ph9KorFn7w60wt3oQzgT03OsFt2ZuyvJ1QKxlMSjvpuke2klYDhSh/rfQ6UT3z3lH61y5jRC1xCpn6MMI8TayHI65g3AX
hN8GT1J40T5qfKkIxBQa0lB3gCF8nKfL0p8Ph9KorFnDbYtTgjINuRFEBr/gx6xAIe0oOmRLf3mtVK92YZ8tgWqlWeJfezz89T8Id2n26n34X/t4kXn7AcaQIiRwF3vGBpgh2AElT3Hh5b0V8d833w==
hN8GT1J40T5qfKkIxBQa0lB3gCF8nKfL0p8Ph9KorFnRVlnaxqFF2gw2y+DwduXWRCisVi4Nr7ZSAKlDXnumxd1M9IQUXRX6EzE5VjaaDBtIoCFQFtDH6rK/N/yS5/Hm
hN8GT1J40T5qfKkIxBQa0meAI5rCUTyQmktugvhLhJTRWHZSx4XSGnhy8FYsvtML0xCHr/6Q62hMEwdJcSUspuXfR6ikKkJDYbbDOyTBzskYcueInaTkJy/wvUOvrff4
hN8GT1J40T5qfKkIxBQa0meAI5rCUTyQmktugvhLhJS2Um/Loi31mbPYgOgkeOMB45xrjDKXskosfs6vDzZ3MHjcG1xVuCoQfewwR3RNfOJhbMHL44w155lvvrzbF3ZhBLtRtLsElivFm/pWJMWISg==
hN8GT1J40T5qfKkIxBQa0meAI5rCUTyQmktugvhLhJSmNSsN2+ZLr91AluZgzXItTQ3XLzvJYA9f3lMTOjE0Qv8644kOK8Blr5tbuU2otWhcNgfN1UjZ+DPKSfqRc0Oj
hN8GT1J40T5qfKkIxBQa0j/1VtV2Hx5z/l28eM/0qUIFe4p1cbSWcBSS+2XoTsDp7zpKRqkdPzEXkIqb5fNnRF8lDEYe9pAQNuHwjLO5I8Xe4xg6z5qybOAi/gNy3ZbU
hN8GT1J40T5qfKkIxBQa0r52J9W5ZImsa1gjXgLq/KMwJSkOq3B7/ZpfsLIe2wTKAh7W+7wEyTp0a1nmXOYVp2M3JYpjrvaWbpljTekAZ5dm1wmdSk/inIugfavjNELUUTp9CDeIxWFOVCK22ivaDg==
hN8GT1J40T5qfKkIxBQa0jdSMDlsHRB3LWSW1hQ5Og5S6SzcpETt9UNZwgnf7RCFqGigM9pFTuiLBpwD3SfzGWEt9ixO6BBtgx9nJUbW3mB4V023KoWekx6OedMieoDC
hN8GT1J40T5qfKkIxBQa0mrDpgNBeD77hpYAoFhXucdYCDB5OCKejIfHu8KYMyCo4DuCnxfssVRzghNlv6+7ceGt4tNDwc435YcFsp98l2qSn3L0Z3DnGqRS3YQtMVrk
hN8GT1J40T5qfKkIxBQa0mrDpgNBeD77hpYAoFhXucde73z+fuGnPFFVQOD41ZBlhZ+68kwcOnl1Vfi4Yz6Z9y8gEO105vAQVb+arT/ZODdkajFdWol3zJndj8haZRZKxBs8G/74cr/4ttbCAb09Ow==
hN8GT1J40T5qfKkIxBQa0mrDpgNBeD77hpYAoFhXucfp1cIkuNKLc6o/7VrSdgx2YMHLL7nPzIvGoe+HpCODVEcOzbRCgZRF5ToioklvQfT52zxYGjkcEDlkfccZWv4h
ROUvdMKd4BFUymenFcV8J+1JSZiOmMRRFE8H/5bZB+Bb/aWqvqPbBsfa8eNSMSdmi5ovQwqgw3OVS973jiHV2xzA1Okzo39hAWQnFW8JcC3XWg7XAbL0NyDtQmQupUYZ3fNKzO/ShAfSrEACAC5TfTtOY/7Thom8h0WLAdHBcl8USfq+f9XE6ko684ST0QQu
Sjktsrnmvk5GYg9YZ4rU3ZQ4Fw4j39WqdVrNW5MODEL2x8Q8nMZLhjNxwmHZJwl4r855btt7S3j0LgV08daDjs75ZTXgYBFZ9vTD6ECK3QzVrJItr37iDVyHB8pPHBE0IP0dSQbZMPdnnZP9ZcwxMXHmYXWYAfRExhByKs2GUMSvcxMLCJNt0ECEmc1DYMvJ1SnP0cTqgGfrxpipjsBukg==
EaU+1HwzfxEJjQpLfeSazooaVLGQ2J1LBcNfJwapvLc71idhQnIXLM6zcRKJlNI1yE72XV89vqx+yRtPxiWQgfxStxl6WRwE9HwbnQm50Mg=
EaU+1HwzfxEJjQpLfeSazooaVLGQ2J1LBcNfJwapvLc71idhQnIXLM6zcRKJlNI14VvlCDFSVGRMUapbfBZPLQNUuuEMLAH3XPVWryeI3x4=
YEGY4V3NOdbYSVHPbEXhwzQFBiasEc9gX4Z9GsJ3X+0UpImv010YlcJCN+DadQVnk0ptRjZv6FVLKU34+/92Grg+9ympB0vqYs+JqgQ+/29hX7MeTQBf1vtMvJFKSmji9sVlQuqTs9JI1RPc6jW6rw==
YEGY4V3NOdbYSVHPbEXhw+LaOHqvQDsJba2qhefgW7CanBfeOv8bbKB1DbgioQMxAatZHL8PayB/EaIvddNQ7A==
Sjktsrnmvk5GYg9YZ4rU3ZQ4Fw4j39WqdVrNW5MODEIsKhNn4sODWyelDor+iVwc4GAw7Zsg1Qkzf0sWbfX5aA==
GY4pUMzWQivXFZ2H4MhJP+YVPzOgrTB1S5Dskj7lHljXgCfOyzGLdSAtguYqOcJRPtdAnNO5JuWZqhpfyk8hxH/9j40fcDjnSgV+LAy6AUt13G6bNuEDPj6jtsk9dcJX
DsfY8JW0b9VvsGPFHvNIEttjdZDvz9pM7ORfmcW2b6R/UZ5QWW/goTI9igK6lQC9w3uTEemifriUgnysYRrccRCO+RzgowQ07rcZw0bVmW4=
DsfY8JW0b9VvsGPFHvNIEttjdZDvz9pM7ORfmcW2b6R/UZ5QWW/goTI9igK6lQC9XR2fAZ2A1xymRkY1q2WnUxyqh3Ntz2ODpVyAMAT5RBo=
DsfY8JW0b9VvsGPFHvNIEttjdZDvz9pM7ORfmcW2b6R/UZ5QWW/goTI9igK6lQC9H3nP+hem4n/VJ63k3Muy9rZy4KCBQgcG8cdZJfu0cv0=
DsfY8JW0b9VvsGPFHvNIEttjdZDvz9pM7ORfmcW2b6R+tqYjVwnKziG6+hNZqbI5lbhFCqVBJvICbEhcgHjrmJEfmfhsWFbG4c8Cl+g/zj0=
DsfY8JW0b9VvsGPFHvNIEttjdZDvz9pM7ORfmcW2b6Tyt9lRk1vJvL780Bey0Jy2hLVJWwh79MTqgpJn9DsxWYqnpKM4ndLMdlCZSPuqOA0=
DsfY8JW0b9VvsGPFHvNIEttjdZDvz9pM7ORfmcW2b6SaHd7iyBtdJvRkpVDGn9Kb6dFypNV0lFYKUoDioX/UzHaPzSH2CKIDZZ+czNaBpvI=
DsfY8JW0b9VvsGPFHvNIEttjdZDvz9pM7ORfmcW2b6T8YZTEjBc6QzqdsrUX1qd/8auwF64F8VX+BA8Jeyj7Mq3WFMPnfwTgHdVrqXvL80A=
ROUvdMKd4BFUymenFcV8J+1JSZiOmMRRFE8H/5bZB+A8UDxkWIUpETX2QBGJhyUmpqq4MTccFVL4U1aHKCVXQQWl4ZwW29K+0crjFmL94v6anLovNgpGM8QonLlhgXgY1QS7WSyEYhQQ8rL2GfHg9PByOqcD97g92JltrAZd4GvGS7On44VweTdo2OdG/bCZ
Sjktsrnmvk5GYg9YZ4rU3dLBToDY0zdBbuSLMYdZ/qMVOtBhRzK2Kn9hOiK7btUt4qPO51pODw8jGDQB/NKTMMtuC4GDzzsEdOYYEL13NC7/oGP7HBeRUpnP0jgwkSmLj6QoaOO8g7gBCS0kvo29d98/EGSC4eprC9SJycLXN8QM5kVvMFReyOoyfkdDCy4H9cfkcwg+wfxd8P9ZCGJu3w==
EaU+1HwzfxEJjQpLfeSazjCPis6eTalLxX8xvq5ORK10fC/wiH8i6OziZ8jN5pmcxbAlcKwbKvaRQyCfCT0XDdUhK4HsqseGE2d+jARNdck=
EaU+1HwzfxEJjQpLfeSazjCPis6eTalLxX8xvq5ORK10fC/wiH8i6OziZ8jN5pmcRd5b69+FOK3X57AxPlNKkxQiIV+BHAwe7JIhLY20y88=
YEGY4V3NOdbYSVHPbEXhw2WIiXzeJxyYdhnVWOYJP748eq08chZR0GCyXb9LWASx1JJ6JxxSLW4ueY9mDfGoDJ9D62WcQtl25SIspCqzS5EAZwU2JKMCV/2fS6PXvq9pp1b9jRsxNmt1BV71Ykv7YA==
YEGY4V3NOdbYSVHPbEXhw5CPX19xRu7R0dnz1r8NlQ1gTEmUQmc+haguZM2ENbtrH1hRV/xxqDqVlZdslggjMg==
Sjktsrnmvk5GYg9YZ4rU3dLBToDY0zdBbuSLMYdZ/qMIFmD9CpUUD3HNK43JVJfSIUHggfHpoHgo49xIm0EvBA==
GY4pUMzWQivXFZ2H4MhJPwkOyn9I15J6x4SSxMqdzkYFmb/8annBsxZXyNiDFZ34vgtwRC+qvykqzjseZYbV4mWATNdlw9AmPUV2GqRkriFu6FuCyClhQ0g8ZD9ATSdP
DsfY8JW0b9VvsGPFHvNIEttjdZDvz9pM7ORfmcW2b6QuiUJSgKmwvhvosauDR/g1RY/f2gqLBjXDaJiuAX7znEhtTuQSH4Cgk0Rq7ieBNBU=
DsfY8JW0b9VvsGPFHvNIEttjdZDvz9pM7ORfmcW2b6QuiUJSgKmwvhvosauDR/g1nE53Ws8FuTN5kHPum4FX6XCynLAoI1IBIBURkgokK2A=
DsfY8JW0b9VvsGPFHvNIEttjdZDvz9pM7ORfmcW2b6QuiUJSgKmwvhvosauDR/g1A1IYdWmLNpzW58rqOGh6Sy/WHVPzw3sg4Rwp2yFPlpI=
DsfY8JW0b9VvsGPFHvNIEttjdZDvz9pM7ORfmcW2b6QzL/9ig6dOpZZhPDhVsBpog7W7f2SwT6h42pWKqFydy6ApmqI/2zudLOTPH2J97lo=
DsfY8JW0b9VvsGPFHvNIEttjdZDvz9pM7ORfmcW2b6QJQkipVgY5Hv7SyhreS2UYcY1b7eyyVTnO1lPzHP7hgBDHxMPzc5nrZ7IbDrKJ6kU=
DsfY8JW0b9VvsGPFHvNIEttjdZDvz9pM7ORfmcW2b6T2dWwXOCpZ+WpNbifbH4jUFAm5sifDhUkhaEbCU7fn/E0vPcicIBVnSkFeUXDEpPg=
DsfY8JW0b9VvsGPFHvNIEttjdZDvz9pM7ORfmcW2b6SAkd1S1bYuPngW+hHdw7pz+mDLFQrA81AOkWVLIyObbdiuXIGtUGvWoTep2LetrLQ=
DsfY8JW0b9VvsGPFHvNIEttjdZDvz9pM7ORfmcW2b6RpV3Neq07dv3f/Av+8vM8eTydYOYQ53WuGGCWNEt8MWW40MmYBJovxd8bLejLyyPQ=
GY4pUMzWQivXFZ2H4MhJPwkOyn9I15J6x4SSxMqdzkawUkRwGN/lJW1bz3SZjUV5UALV2EJex4L5IPNzk5mMvE2954oRu2rQfqSrdfG6jyqk1t06h5dU/o5jDo8LiyhO2+1fMfRFGfomDqxhdMvRJw==
EaU+1HwzfxEJjQpLfeSazt06oo/T5IQR35j1s2wEhoviKiMX9BHJYVGQucFX0TdrL5F+x+7OGOTH8LauB3kvx7j6dLsyTFKN8JRXY0QgY261KPQ1fPGGUP0tRWoJ6m/4
FdZjWS5Lf9mGUtyuHATvFAS4i/+tHZKUl/rBOVQaSsdlgvXzZinejyF3zZiH5Bg9i1XLy/kfZMJQe0n+ESiBQTPBo0VMXPitnPaCd/l6o0XNf1GzSYitNSg+exj82GFA
EaU+1HwzfxEJjQpLfeSaztjl6B04AuxfBcTR+ktkuETmkggSBqio7wSVtVsVO3vCoRidfriLSYIpZ7DsWFNrVbdY/iWJ+H8DJxFHfbU5tDY=
hN8GT1J40T5qfKkIxBQa0lK6D4qJCj/q0qzpjy4RLwnSneF8jD73WwWdJFHoGJJEqLPHqNRVd3pgbCJXB0GVNUNMWS0scaz918g3PPhG86HcSHa7SGTf7FNm4C1xygFyzTsEcl4/2Da7iQOZ2YhT6A==
hN8GT1J40T5qfKkIxBQa0mr5ut3EWv4IpHJ9QwygK5WOuVVps4UX0lyuos22I4ViYiW3N07Yo+T4GUC312H2Qzwfro5gzuJB5Sh4+7Ft9eqpNwf3t5qW0GsEvqmlYero
