GmcONIA9PFzHw1gpPLLPoqev3ytAH5KO3S/CJpMsylg=
35kyjVfwBJgytCi6KM5Vug==
FNt9orFfFSbPIXNSbXcP2Q==
gE2g7VQeqq0h5MkG44fPUw==
A4ZCFW7RnVRfEnbtNxUDb8VFIQmzxcIFLuiIjRY2q84=
cwgQW1UgxyVfBeSrdwXHsPE1eoSAri+NViVSjTYe4hg=
pYn3RyiaY4vz2unSybTHuw==
mAzeFbkWBGyzJRgEWJSZYQNn44wFaguEUnqkvHVinQw=
NiGef/LGs6v8Em6sqLz1GYGKB0111uCW/TAqgkiW0+w=
2lfNnhNY+w/3xMaMUxJbE0YFT/wvMlSDz8Vrd5FEs18=
ROUvdMKd4BFUymenFcV8J+1JSZiOmMRRFE8H/5bZB+CO6OkDWpDs0fpcxWHub+hhgxrqfkp75vVv9MZBTyZZFtEgQyzIohNGmMQy2UILYJ5yJuLb1hI7ABsawjA2BhMTHxKumqujVHXuE0ifferPCp38OYgGjdcg8ewK/LHlJF36eCh3VCABhYsmmjN40Hlo
Sjktsrnmvk5GYg9YZ4rU3TDjtvfUuK1wK0uDDxjDaVa+7vxC1rH2I56KwEZgVlD8Cvd8nqZvU3Wje5VU9Kbp485VEq6bMUUAhpIGfh4GNlt3Cl7gZI//6Sr1vOmJoyME8lQzhZG2gOuqByRsHG9uXO3DydqbBtjlCX5p5RPsx3eURmny86QA4C0SgLNOmh2KC7V/BcnNk1nQQkX3yR2DmA==
EaU+1HwzfxEJjQpLfeSazodJ2wft3ZHBrFA9E+WP+doF/bMEEhMO/r08uma02vP2J4YubmGQY4MWcq+Gb/QJMWQ4xr3Ct2NS1pB6qWwwMFw=
EaU+1HwzfxEJjQpLfeSazodJ2wft3ZHBrFA9E+WP+doF/bMEEhMO/r08uma02vP2OOgrk9aHM63/O8MIn2uNqwn7DX1Y5mFLi2UgeBQdROo=
YEGY4V3NOdbYSVHPbEXhw3a2HzGX1K3blqE/gtkdjy3Jd+LHTT0RkVCTH75RLPN/+BAZArrdIy5XbDiYh1FknKzT/rhamOQihrucqG8wmJ1DNCjJCi88THkY8Ingl4W4Q19zNBs6NCxulAjjg3VpBw==
YEGY4V3NOdbYSVHPbEXhw/DfTv/yd/dUHWU5VdS8EsJb22cweBzTiHEmNuvAqlshqhQEp70fZAJccoRYRsLhgQ==
Sjktsrnmvk5GYg9YZ4rU3TDjtvfUuK1wK0uDDxjDaVbT/Zf3C78OYJ5jUxwYiL4RqzrPj0gb7iH1wK4xBUaQWQ==
GY4pUMzWQivXFZ2H4MhJP//vUJD4+OArxknKS/EMnLAliUl95kuZOa01tHZfmPuE3HgsuPdlSVCpAxHx89Fy31NGOkVdax0yUI+sRty5Vtj6EyEm3lEcHlZFGKn+Y/3d
DsfY8JW0b9VvsGPFHvNIEttjdZDvz9pM7ORfmcW2b6RjPL1TcYQrDUtY6z0erZYHWcacP2BtJ0faDZeifH6HFrGVUKg/3Qp/iogmeuWFSuA=
DsfY8JW0b9VvsGPFHvNIEttjdZDvz9pM7ORfmcW2b6RjPL1TcYQrDUtY6z0erZYHagByATLoGZroMf9TPooTKEEvx0mMvh2pNN7HfN/gI+Q=
DsfY8JW0b9VvsGPFHvNIEttjdZDvz9pM7ORfmcW2b6RjPL1TcYQrDUtY6z0erZYHz5sHj7e0UvG3U2JNHeqU2t7L66nNt8HF+8PFKIp/2TY=
DsfY8JW0b9VvsGPFHvNIEttjdZDvz9pM7ORfmcW2b6RjPL1TcYQrDUtY6z0erZYHW/P+fOQH75dzZWt/hQuUcOMx0M9KDEHk+XC35ylNjxM=
DsfY8JW0b9VvsGPFHvNIEttjdZDvz9pM7ORfmcW2b6TawM5qFnJmYLoHkMk99M0TIuTAUtVYzZEMKiRkys68EUNxDtbD3rB3Mxg91Ycf80o=
DsfY8JW0b9VvsGPFHvNIEttjdZDvz9pM7ORfmcW2b6R+i0L0LeE2XmUR9xYl3c+2QpVXxw7vM4/dpgd0uvQuRQbonkSjt+QTe4ubCi3MiA4=
DsfY8JW0b9VvsGPFHvNIEttjdZDvz9pM7ORfmcW2b6TqZA1Ho9xpNTUCJM+SNXK4pGW1KTTPfSHSaVKiyipfN+7cnL0iky3gh+VGwHWJ2Rw=
DsfY8JW0b9VvsGPFHvNIEttjdZDvz9pM7ORfmcW2b6Sj46Ta6OL3F8TIgfe1sD4yS8NyVC7NgIovpBBaDSaIlGSlwtrgJlxSByMFF4nd7T0=
GY4pUMzWQivXFZ2H4MhJP//vUJD4+OArxknKS/EMnLBZ2AZ9fwwf7MDBVPKRBD06kjANpL957hT6sMyxiTkTCGJeXu7iwr0r6PEa1c7GPoZR/3McDfvGEG4wYdd7xB0kzvXYDIgbQT4lvo8vyXlqlQ==
EaU+1HwzfxEJjQpLfeSazgSW4nJr3Kb8EqWd6EatMVFsT15oI7Isgz8tz+sTi4qYZYSB41tPVMd87RTViqEJei95foFnjPziayBbeWroH5WUT4M0N4GrVVzPH/6Mk+vt
EaU+1HwzfxEJjQpLfeSazrDIHMxp/gaT4m+0hKxcKsk1o2MHwCmJUuIesHvIkhIBqwohIbDbxE5hEsu5B1uaqqMhELoChhEfGLcltCUQP7I=
FdZjWS5Lf9mGUtyuHATvFPiQ1oz/WonronoLUDEQwhhgGKXgFwDbkhnHFdAixoprxmjJ3AGvTmE14pdQeLBEf9qIdlNVmmXRmBcWP0lD54ZA6edIwqXceuqOAF68wAE/
ROUvdMKd4BFUymenFcV8J+1JSZiOmMRRFE8H/5bZB+DTdHuYjwiPzW7yyq5Hq0G9Cqs+nXI3JlG9rxRFqaBDxaVYPcRBUePGWy4e3CnOVwGznfhRX0vWyXHjuJ8VKFOlf7y/Zhb4r4984Xih0jvC+uEma3QW8zhOhL5RwcJ11EJupbx9JCVgnL5UVxH1ykjJ
Sjktsrnmvk5GYg9YZ4rU3UUWBhkg5NNGYUxvji8z8Lv6UyDPoVB5vnSPfxXnyeKbiFfBUo7fZIm1cHqWLLa9L1uW4aMrHPDPQ+Bzl0oa3aisKF1jOEjk5W24lu+QA0wDJcLivbIeul1n7hRTfN3Nh6FAtULNiC2datP8CxXcIuFtRK7c9aecbIogmyj/hZF5T6+c/oEjXKoTr/Splpn6bg==
EaU+1HwzfxEJjQpLfeSazlk6adadHcg42n37Q8L+INJNPk9C1biRKoFU6cvp86cYrrwhn/Xu6/yy7azakPX5uTIYA39f3c9Q24Pb5MXwJb4=
EaU+1HwzfxEJjQpLfeSazlk6adadHcg42n37Q8L+INJNPk9C1biRKoFU6cvp86cYZbn6cmwbgD0OapPxbfZV+etNiagCZzMfKJxEf7/6BJw=
YEGY4V3NOdbYSVHPbEXhw8sCkXd5MygkIJqErmS+fPvhLC/oUbv90ezbkNTqLhk/f822VOjznmzAU+UQZPTlG6VrpoWPg9pUPB1pRiqRDOrOCXTwqAHpDsjE1Un8BIhQyAZqB/6QtizGDyp03h4U0w==
YEGY4V3NOdbYSVHPbEXhw3ykAusF/l/WYwM9+h2adwddaZWwT7gfw1RjnVEJ7hRmQFCh1z7Fv3dPOT45/Ikg0A==
Sjktsrnmvk5GYg9YZ4rU3UUWBhkg5NNGYUxvji8z8LtOdGUZw5RmmokQ2Cd0S32F4AaJsxCO7XIRw1e+xkVfmQ==
GY4pUMzWQivXFZ2H4MhJP5E52fdLagYwNjyQQVxh80yYAvOIoJKnJ9V1jhPpsS5G5/oBovPzblJcEnZFutefhjg1JW/vYeKxdyE5FnLS48RwGIXVmftJLreJaE8aMnzM
DsfY8JW0b9VvsGPFHvNIEttjdZDvz9pM7ORfmcW2b6R7CF5UYIE2o4JCorJXd79eG1M3T0We3Ikows1zkn0P2nH5cR3NTtzSoYofotv8EQc=
DsfY8JW0b9VvsGPFHvNIEttjdZDvz9pM7ORfmcW2b6R7CF5UYIE2o4JCorJXd79eHp0zaunxOCdo1c3WDta9hKzqrqDBpEvwjJirwceh3qA=
DsfY8JW0b9VvsGPFHvNIEttjdZDvz9pM7ORfmcW2b6R7CF5UYIE2o4JCorJXd79elrcTVQpLd4TNi9M2xUXIFmGgwhCAfNIT5agZFQXruLw=
DsfY8JW0b9VvsGPFHvNIEttjdZDvz9pM7ORfmcW2b6SvVRV72SgzyfooQ8pCLIxrSZeWrFGP/IMccY1IGW3yPr0+cw7OY3Uwt7un8F7Q124=
DsfY8JW0b9VvsGPFHvNIEttjdZDvz9pM7ORfmcW2b6TI74OVWGHFG6JIDi9SUxtFWcAfJwI9O1piDjw6slqySxPnpl87wpX8ptpqgh4JDnM=
DsfY8JW0b9VvsGPFHvNIEttjdZDvz9pM7ORfmcW2b6R3IjxRgz2aq9hucsloG9Ucq3mWDTZVPO477uwHVCkiJwUJaleER3aWb52M4vS0oMI=
DsfY8JW0b9VvsGPFHvNIEttjdZDvz9pM7ORfmcW2b6StgJf60UaIHrbkRTs3XrkvOuByamZE5XL4JKpxP79txlNqpoUWVTEI2hP5KVGTUTM=
DsfY8JW0b9VvsGPFHvNIEttjdZDvz9pM7ORfmcW2b6QutrVGj/D7FB6oAExw2CtviXBxGwwD2iWAkXvYzqaLTQ09fUXZXsgW6Jf3gTHATE8=
GY4pUMzWQivXFZ2H4MhJP5E52fdLagYwNjyQQVxh80wAkKF+ghAWZNZ46rNPwzR9HHluRjmW4Oovk1WE+VDBfimQDPbafRT2/uepAHqc8cQMVUEqAylamGYAMjwc+NQHT2gn6Q5Xdl6yKRsaylf6zw==
EaU+1HwzfxEJjQpLfeSazpHirirdgHgOdGnvAUcgxeKGdHmSLSfdqWMXJWo9MxB9jApxh6Tbsh0wPQAxHZ0rc0vf0zU0MyoDdY4NIvbCvIz8CqH0DfTtHZIpTn3qQpbn
EaU+1HwzfxEJjQpLfeSazk/Kdyme022WN4YI1B7vhwDz621AIZGNCFah8wrwMbR9dvFTc8P5WNFJvArA8xpAJ2JZ4g5TJLK/4PlVu049q00=
FdZjWS5Lf9mGUtyuHATvFMajK18vZ+DvQOwmXfzSjujAuloE4q4R1rLNUF9p7xh6jdGaYwVfYcuj/lKKLecnTbvjhwOKbfLXsBE94LlF0MkBS5jZDH9Ue6s1GERAvb1G
EaU+1HwzfxEJjQpLfeSazpVaMDrLzcCrUA96QKRaIM0DR0OBlcUCIYfCDfwjMqFbBxFedEfeco3ukVY2TunvcAVVRFf2eSJSmvXH67zMeY0=
Sjktsrnmvk5GYg9YZ4rU3Ye9X2Zhu/3L7QGAsiRs7yTkWcpuPcw+MFoE1nSRofH8gVHZgewH9TrcmXUzNExepA==
GY4pUMzWQivXFZ2H4MhJP2aWUs4+WPW6tjNfGu+/3dCQ5UvGOALu8Qc/00ncpdX50Wr1GFCJGQCgOo7Y0q589Q==
DsfY8JW0b9VvsGPFHvNIEttjdZDvz9pM7ORfmcW2b6SiKWrk9GZPe0CTlg4GrLZVbv6VV7wLZgupH3s7xXvVMXEeeLDRRqmhiyTa/k8huY4=
DsfY8JW0b9VvsGPFHvNIEttjdZDvz9pM7ORfmcW2b6TcBAj4/WBBobZR/kOnbpZIhvMIX/kB87yrbi8GvAgD2oNJG0G/Xug0MbY/MgtTN44=
DsfY8JW0b9VvsGPFHvNIEttjdZDvz9pM7ORfmcW2b6RLdaK5Dp/Fve12MR3A5BEzO1KHRFAqzsnZd1wyXuDmw7I+tG115yVfebrpxKwvpIU=
DsfY8JW0b9VvsGPFHvNIEttjdZDvz9pM7ORfmcW2b6Qa1KYPteq4QsJPY3OdPVLUAjo+R6T/eMpg4HK9KehvuiaLDogphgw1TkrM16tLJKA=
DsfY8JW0b9VvsGPFHvNIEttjdZDvz9pM7ORfmcW2b6Qa1KYPteq4QsJPY3OdPVLUHYpKhpS3wFLyy7TfdoouY+buQ1Ahm8nPkMVznnNplzw=
DsfY8JW0b9VvsGPFHvNIEttjdZDvz9pM7ORfmcW2b6Qa1KYPteq4QsJPY3OdPVLUHYpKhpS3wFLyy7TfdoouY05z9PbAP8dDUUM1v1yZifg=
GY4pUMzWQivXFZ2H4MhJP2aWUs4+WPW6tjNfGu+/3dADUtTy085HneLOjRdQ3JXCJeZrj+7k9FHHxie3qH92m8YcnDP9WOW1qaLKA2nvU6y5TmQKsKU0/1g+nZIudKA4/AnNCuuQ2etry1471I+Y9A==
Sjktsrnmvk5GYg9YZ4rU3Ye9X2Zhu/3L7QGAsiRs7yRjnxNSGAVZCGSwn7ditxOSbDmUegpANJvtHFtXYDjy8/UoF5QIHMiKvrRrQkcE/Kk=
JuRgDkhw4F1oASeQxlFK/rPuslMfweR5cVYbA29448dydE+MydguZMdQwVHMQNeXq3K9VU62XHtwxLGtDXL03Z3M3NsC1Dz8TQcVNhP6gh4=
JuRgDkhw4F1oASeQxlFK/obNxE1JFf4Zeq4wAq97NkW1bk/zjsJlKjlH+F5rp31vefKa/XpnsuOZmgLEDSKM8pEF0uGpmUxVnhxGUORKZggp6kZgxugG0qYJRMztPxjcX3f6F5qBdoNXj0mDTs4L573bO3BDeztmktKzxXrmKhVqmXUvK1ontnSDL6V+O6rYINamFy2aVKXLKmbqdzXsHJLSrMUh/bsVHRT/E8zCl0Q=
JuRgDkhw4F1oASeQxlFK/g9t8ww90eEqBPbOILEnutXgpiQiM0Ex0I18PlUCwM/fLjlsE4UcSGyYPw2fhIoQqeg13rqLJGTetBH+Okrt8IYyPgu2Hwtkqt0UBkWsh6An/gDDO4admRAQmpIg1w0Yg0xn2eWJUZQwE1Cb88VtESVuOVuMHQrwPozjrnijdxjEkx9Z2R1rjW3Qb80Af4fLTg+7KJWIax+xI4drqi0iBdiFNZrrkJnuqv/fhnsDBezo
EaU+1HwzfxEJjQpLfeSazuV1volQVf5LtCXJNdwLY+0UJXhoz6EhBflx02zSNqAN+Wy4OMzN6VAee16FaGAEXA==
RAr5E83FxqqCJDcXPWsZXnvBYXuFI7mwKisP1KOXpmV1YjsF+H/ev7WffLhmz3FUEHT4iOKJg5+u3B4QCjBMQoaO7vggOdhJq/5ivtKRPQJcF+M7A9ZlfQ7OQTGR0bdv+IJo37S84vYCD5f5coxW2aEhDFCTVuRUKfPL0ywyghg=
RAr5E83FxqqCJDcXPWsZXnvBYXuFI7mwKisP1KOXpmV/qFGEpXww/c4QJirh3HQOKTxHmfyGj92o0qFCTEH5HBFO/MXYAoyfuwnj+vkzl6I=
EaU+1HwzfxEJjQpLfeSaztifhKa9xTUzdtIdxEoY4WexKr6ALViRoIFEpVxx1bnF3ygKtNyBIQIEv6KStgSUCI5MCESpLZ8TtEmbb3B2zMMOVtwGxTg4DaxC2rbj9a32
