GmcONIA9PFzHw1gpPLLPoqev3ytAH5KO3S/CJpMsylg=
35kyjVfwBJgytCi6KM5Vug==
FNt9orFfFSbPIXNSbXcP2Q==
gE2g7VQeqq0h5MkG44fPUw==
ExPkcbYFeYs2lHSAMsaJBjIbQm7FWZ8YCSkKK1z2aPs=
cwgQW1UgxyVfBeSrdwXHsPE1eoSAri+NViVSjTYe4hg=
pYn3RyiaY4vz2unSybTHuw==
mAzeFbkWBGyzJRgEWJSZYQNn44wFaguEUnqkvHVinQw=
NiGef/LGs6v8Em6sqLz1GYGKB0111uCW/TAqgkiW0+w=
2lfNnhNY+w/3xMaMUxJbE0YFT/wvMlSDz8Vrd5FEs18=
ROUvdMKd4BFUymenFcV8J+1JSZiOmMRRFE8H/5bZB+DUCCK2DfOz1AnfyvacU6X9UP4HPEgYx7EORvSFmPoHUsXg5rLtSKzkkmAv7ax6FW0/T+qdTysnYwdtc/n68gu0Gu1StOU5iECwX4ATgsaiKJAbNpmloQoA8oqK32wQVsnd7HNTspU9Gz8EZk3DV+a8
GY4pUMzWQivXFZ2H4MhJP9Gp8NJRroRmhxXcsXh+QlNj8OYJnCTcntdxO4bSYbm2b4Y6xb6h+FyBwMhCGeC9tqgILIbspOopYmRfoEniPzCVxaItbZN+EVYP1AcEu+4o
DsfY8JW0b9VvsGPFHvNIEttjdZDvz9pM7ORfmcW2b6RSYjgOuP5cc0gbTQgpiTGoCCTD5dEAcsG4dlC85vjYUuezWEFLUSNV018+Krik8SY=
DsfY8JW0b9VvsGPFHvNIEttjdZDvz9pM7ORfmcW2b6RnsSJpcZYlyiB8YKnZ+97wvFuzhk0UtEc5/3oRCOgPk3M/C0Z256W/2xcXzvi7xnA=
DsfY8JW0b9VvsGPFHvNIEttjdZDvz9pM7ORfmcW2b6RnsSJpcZYlyiB8YKnZ+97wDGWqYkrNxDMUmr4+SUsE8xeLY5m36za8cCap0DKByBo=
DsfY8JW0b9VvsGPFHvNIEttjdZDvz9pM7ORfmcW2b6RAVhcqQw2pCau/ily7xwlQFrHFUZn5Oy/sHiaYv6X7bHAltaXpk4ZHwjiV86+OUrw=
Sjktsrnmvk5GYg9YZ4rU3Z7PSolCZghy0zf0mnm7GVBnEIiWQotnkl6Eq1N5PoYNWiTby5wd2cBRC68f+DYeCGjPqUUi2Hsxwxnic3DmVGTnFR+UbVoBMWpVLEW8HZxE1BJ+4LaKuOO9fooEMa2gh3gJWDy3yUPRgzhXNV0WoQfu7MYATuliYDsNU80jMJOH
EaU+1HwzfxEJjQpLfeSazn4AT4FQjUcm4UGgaSQ42mdBeRb8j9gmmUszV/q+CmfiyHsdCRJB4K1T1jUQteZnZxX5cX7NvRXAd/pLfjDhH/A=
EaU+1HwzfxEJjQpLfeSazmO4jRXyeJnjnndetPzoHkMFRRNU9orYboX3FrykJqCIIc5ODZG8SbeIAwhrf5OHB3n+giLKmL2BqMgN+KyJbo0=
YEGY4V3NOdbYSVHPbEXhw0MKBzzHUVr8tEKsziLJGNryp92ISCNTpBZ0/3/K4LBk49xaDherTSyLttlnvW0sg+d9wbA+vbSdpET6gDKZ+EHqMPQWCLmWuiVC/T2cAuu3F893fStzserY0BDKn90V4Q==
YEGY4V3NOdbYSVHPbEXhw2cH6ySPeOD1zCyNoOn3wWzDHo25nwj5SGO5/7iH4zqm3jTpdh9O9z1ImqE0cMqN5g==
Sjktsrnmvk5GYg9YZ4rU3Z7PSolCZghy0zf0mnm7GVDagNx32KvLfK2CaUsE/3ExEYhqUoTMG5B3DnGkNPsp0A==
DsfY8JW0b9VvsGPFHvNIEttjdZDvz9pM7ORfmcW2b6TiM09zLGamDadEb2KXWceEsmRl8Rr3NNEajAFxMx8t5xT2TbFjCB9mZh8EZIFz/Cs=
DsfY8JW0b9VvsGPFHvNIEttjdZDvz9pM7ORfmcW2b6S0eHeix1sHnhBqgr64VC742ng1MwgOWHGlF1W8ZOMnC7aRPwQcxNukh9T/R6d7cts=
DsfY8JW0b9VvsGPFHvNIEttjdZDvz9pM7ORfmcW2b6Q8tSqIuzbLtKfV4fFfvAwLcuCOaSVZxum7t1ZvOuaskftjfTdy93J0WEjJt510oIk=
DsfY8JW0b9VvsGPFHvNIEttjdZDvz9pM7ORfmcW2b6TVEO7gA1S4cIFQXPeRcKfCcgOWX7d9PPAvCu5gH+V9IALMPqxNCXvsAXeEzEt+8yk=
GY4pUMzWQivXFZ2H4MhJP9Gp8NJRroRmhxXcsXh+QlOHg7ACnKhcqJXgw64paOH6XmtTlZhl10CJhG6WJXgW2sCkgQnxHClpL2I5w3YQC2gAooEikM5OXbhWzVsWRf36A1eKXkiUpKOkMDhYegTvYA==
EaU+1HwzfxEJjQpLfeSazk1y4AZghiqCEo1fbT5VL5s+XWrvt4NGdV+ESdp+QX1ePdYC5EnpMEetR9fR+Pqs5iMjaGrD8wug6FX4HDej7bQHewlH+4NPzfzuuuiR9bdc
FdZjWS5Lf9mGUtyuHATvFDMWcG9LU7r65VEkytyi/b8yFelRCoOv4nnjOLFy5MEEAf5oSuJ9nLYBTUgtriwIzf1GCABsncrWVENYBbyeuFFMXEOVsTAMNktDyJ8i1dXc
EaU+1HwzfxEJjQpLfeSazngprq61votz6t8uWC7lJNkapjj9z9ZS2wuKNzjfIck5bK4MDf2bFSHDKx0nAnPlGXfk9x6lrN2lKlSok4gDAQU=
hN8GT1J40T5qfKkIxBQa0vxbwZpsKDGduIYsAvOSqrQWrjxhW+72A7ihM9OHfElWlgZk+UIIw5H3Xc5KJ0ZrntFkL/0UPICGj9cgKeBc2Y3Brm7z5IV2Xv4BJrdQuWBX
hN8GT1J40T5qfKkIxBQa0iQnPeC80o2hM7olyhpq6KBANrQjEwp9tFpuWzbzvudVnAducHxqklkNG7BQf2el/Nme3sds6yEw/iZ5HPvmagcUSt83vJxueFeQMja05/mj9fEzY5JOhbzlBFyg/5GxqA==
hN8GT1J40T5qfKkIxBQa0lq/w6NOkyjfjZLpn9HaHPR2rN9tgZSN/74e5CuObw46V8ohbM8z250Xk2LMsUJPFGW9kAuEEnF8x+jGdgZO5+ewiK/lp5qRIeLRiH4nMN44
hN8GT1J40T5qfKkIxBQa0jMrxbE2s6WF8Aucd7xIddSuV1o2+M+JZt7rKISchDSEYFrvFo95qAQLebB23tYgQxbp9E3irjflLsuYa30HEyaIeuAGQ94uwWjUDK8PlBA1
hN8GT1J40T5qfKkIxBQa0jMrxbE2s6WF8Aucd7xIddQIuB2EgkncI76G8TQOYxAlyjSKpvLFmJvUcSjCKxVFg3mQUCdBG+do1EoBeIYIEq/dzzpAxNV7wXsarE4PR87wJtE3yYgjCXO9Noi3KEbSMg==
hN8GT1J40T5qfKkIxBQa0jMrxbE2s6WF8Aucd7xIddSOC1j6SHesXF2DMsz5HgXyC1W4pJ7Uf8981lIQwRRenUTyswiuWAvYnjbCBk7aOpFydf58MwaXGch9fYoS7C0Z
hN8GT1J40T5qfKkIxBQa0vDbUNz2+5axEC8CyeWx9fVb2iGe70ElOFvZh61wHDNQHysHGdc2K+Ed7H8bA1JtmYP37CaLaDVsdCK93X4nW6r+pjjDKM2f3CnItylr+eZ3
hN8GT1J40T5qfKkIxBQa0h6b2j82NLC5NntScG664fSxUemJ5Eb0XO2KVG0PZgWqBoAVX175X/5Pp+Stv0zztr+Y4DMLJwUY3/9LcRPIbLKXRTZWuPuMOhTrOglK8d4w6e1/L7FHq+cuc+SGbK3M5A==
hN8GT1J40T5qfKkIxBQa0h6b2j82NLC5NntScG664fTxQWNltpaAvG7AbHKPP2QS+bR2fUGvPA85LiBakjryySDLyN//5cs3b1k0K2zr6tTSFlAEahcd9GqHkrXxR/eb
hN8GT1J40T5qfKkIxBQa0nqp00FDEvCM0A51yAKOqi5k/IFgncmrhN/FG2WhUrNEuYsVnibhO/OepKR8v/4BtB226kCNnNOA9eCD+H8Rb4Xt/kCtEluGZaycqwmo3WYy
hN8GT1J40T5qfKkIxBQa0vsLXZqrmcb+n2VceX2kKnkMWWFHC4I0jXGfKPE/XBnzNtrAUvk4zEYDcOzHtgTP4TkP2GP+jwYSa0g+luUbBZP4lDdLy9qQ6bEKFeIM+TVtETwWd0B3Yo9fZcKrRo/dvQ==
hN8GT1J40T5qfKkIxBQa0vsLXZqrmcb+n2VceX2kKnnNU3OavLrRCFMgUaHiJ+cdPRkCIy1cmqyTdG2ZnkPhN0zq4JrK25mWwoummtg1+ILdnivdhTUXaihjCRG7fT4a
hN8GT1J40T5qfKkIxBQa0jjq6hPJKyJJuzm0JaPtDV/wDoAKpngFUUP1NCZiS5JNoEbDsjP90JljNjCUyuuGDbcsaCmP9BbX0IqG2h+imfzbeyssO03Afb4dYqqAVzCe
hN8GT1J40T5qfKkIxBQa0qB4YBOMTiceTrnrNTRLkZOmKqHKELdxIDgiXoQB1/zINO3oadCzob/f0m1vlXeL5G2Lp/imXIjefmbxuhtKW48Bo4L6QMqfLPWsmxgz/6raFqtc7avLAPiw9xkI3s+Pgw==
hN8GT1J40T5qfKkIxBQa0qB4YBOMTiceTrnrNTRLkZOTxyoFjLl7WHHj+ns3TLJOYCwz1aSbvsW7ymZbvOjfX8N+q729DTUiLWF7PXKiwI/A5uP4CYfs9+dGCab+ippk
hN8GT1J40T5qfKkIxBQa0sZn7xe3Pji4rEfBNhZYPvApo4yL1VSoNYoppj8oJ4DpzpIE9hDrVmnA59gX2nj/JAos8O5n3OEHDkYM2u2YOUximf4XZpJs+XgUVNvlVjf3
hN8GT1J40T5qfKkIxBQa0sc9QhkC0DC+BwgQ6q7B6ep2kzqmTBf+P0LiY/mAXTSYA75RXhNgaT8KtgcfkMBFRsHVvzUTv6BbH1xtNcYDUb5EX3aHe7mbZK/FEMAdFTQm7Zr1+eEfFkODoshQsmRwWQ==
hN8GT1J40T5qfKkIxBQa0sc9QhkC0DC+BwgQ6q7B6eo5xTpD9u9AUuvO66GIfW0nRuE3iJjqmxwfOMOPfkJ89S1Yw9LWf+Sz3bwTI6B+Bif5JZ3TYB1wKPeIS7EwQnqL
hN8GT1J40T5qfKkIxBQa0qjGVKIPRPlYGRnR5A4kSH6+x9nMucQ90v6lfUdUp2G4xfOYYQsgWKYwlBFd+Mc5sXsyGYVB2pcqH70HMjvZV1Dow9Y+/c3ywiKIKrM8rrVO
hN8GT1J40T5qfKkIxBQa0hDmRkpOw5j7SIqA+g2wAZ9Rp/ZjvpfehTBnjeHVFhABfHykCIcgvCC9/K4wDb7RmCnlnD+jOBxb2yIGW5P83v1+aU+AUaOA+4yknIi7SQvxf2oOJrzJq5w86zdTY0+2RA==
hN8GT1J40T5qfKkIxBQa0hDmRkpOw5j7SIqA+g2wAZ8XeFhfnSi9dy9+E0XmAFSj1c+r5dSG5K5AFr8zgnA4ClU82ukciCn5Z4pAAzIGYwl/SY1EOIF5bScQ/zg2bPCI
hN8GT1J40T5qfKkIxBQa0rrpeM/jPyGp+wCeFCX+rcEQweyTIyjD+E/81r2ynZITZnJ+X4w+H8OTMsmik5I1fGsBKYQ7s2EuXwlmqBvx9xX6mBVt5vTU6+oo3ayXzr3e
hN8GT1J40T5qfKkIxBQa0rX8uRX2vjzooMcS0dL8DlTwgyOlX1i97alu9c7JmBusW3xiT5azUss8wrVz0rB95z8memwLNhy0uZTasM+sXMCPcScqAs2q5D4u4iSkPUN3nFK+dMR2Em2/90Dc2DkSGg==
hN8GT1J40T5qfKkIxBQa0rX8uRX2vjzooMcS0dL8DlT9gUQaD6WT+ZAktupfhEZOPZmMstoXSms1eJ3J5Ur2Tjo5aEY+vR/0omuqIB3PawoQ3DnLARi/YPl/4YT91Gha
ROUvdMKd4BFUymenFcV8J+1JSZiOmMRRFE8H/5bZB+DqkuKjYSIMjXGGnQXPuh5fBsddswS5A+pjDF5Qm2SjzT41UfzmS3qCzhghNz0eJete12FFBSGo6jMG6Cmkno5Y+1FJWYqeG6o9vhAnbsoqNmch8o8adSN/eTpeoLC28RHPHeAXuQ8ewhcJnRpnohAF
Sjktsrnmvk5GYg9YZ4rU3WLmmi5T08Emev91bXlFfQ4MtZf+SCvjG0MZDXMdtKLz+Z+O/7FsNBYhFfWDGL6y9ZABQoELUT6/BThb+DC4qGOlpC1tf70U4Z/o17aVpP2SQloz4H03K9C36YNWfhIhcNpNan4InmeKaUK19N3Tz2xqHxMINSlp4DpR6en3vKiN8UTIhj4cbCN4OL2qFsXpsg==
EaU+1HwzfxEJjQpLfeSazte8hnrte1x5N612XKGWIiDf2DTHmFP4zTDO3/kJSEslEaRuUgfRjXADc2qXuPLsT0gLcvpURt+KvGuz8pO06YA=
EaU+1HwzfxEJjQpLfeSazte8hnrte1x5N612XKGWIiDf2DTHmFP4zTDO3/kJSEslzL5nH1ghnJcmfzino0Y+KEwCTaLVql99ybfQvZ//6Hs=
YEGY4V3NOdbYSVHPbEXhw8/k4+0S0W438TlNtOQ1A0YZ1FZn+epHLs8eeFMDqzp75KHpB9yjeWa1OUDtM9y/M1uuRtRLRX19o5V9I8Kshbu08OXYpNmGNZZYQ5NU0KCfQKSAsfOiL+hbeQ1V9CARkA==
YEGY4V3NOdbYSVHPbEXhw37TvEoWPM8RsM2r700o3/vnC4LiLwP/a9Uyjn0YJKrHI4GhJqt07I+DIxXkTNG0ag==
Sjktsrnmvk5GYg9YZ4rU3WLmmi5T08Emev91bXlFfQ7VQnMIil28F5PW4JHtJ7t7nY2fUazLnhT5DidUDREwgw==
GY4pUMzWQivXFZ2H4MhJP3HqW5PxsgTi1IiDtKQ/KKgka2/mmEZDnP6Ojxe4wLRqt2Pxga3KaU/QHPqauD1L+oNQkZZftbh7Qw92z8f2FaeryIMXzGkAwe4A2dnkyj1d
DsfY8JW0b9VvsGPFHvNIEttjdZDvz9pM7ORfmcW2b6Qly38whIQufc5B5PTbkalWtCzZv7skGGJGsOpYUkMsT5RcXh7TgCzzWE5n+DcWDJo=
DsfY8JW0b9VvsGPFHvNIEttjdZDvz9pM7ORfmcW2b6Qly38whIQufc5B5PTbkalWoud4gQqaKyBPVBJXO0ZpBMwwHfnZZLzXv6Wx1TcfT1E=
DsfY8JW0b9VvsGPFHvNIEttjdZDvz9pM7ORfmcW2b6Qly38whIQufc5B5PTbkalWKChvwuOzsel6OsUVL+qpv3+Rl4xkXzUAraOkiNdBpUA=
DsfY8JW0b9VvsGPFHvNIEttjdZDvz9pM7ORfmcW2b6TRwgZpAdpdGiD4uBmdkWiLZ9HK7ivuQRMyTjlTs1lchAT34JpIDTygXtC94kqouUo=
DsfY8JW0b9VvsGPFHvNIEttjdZDvz9pM7ORfmcW2b6StLQ8W6eDrg1R/Iw+t9i/DjEf6MgMd5aPRakKbCO0YdhpR6x66Gyl/xr17ljqcyIY=
DsfY8JW0b9VvsGPFHvNIEttjdZDvz9pM7ORfmcW2b6TBHzRGPnTfKdL5WowBPHSk6gwpVs9nz0dx/U/pwC4nd2aY6czCCfsS7clZlMoCC2U=
DsfY8JW0b9VvsGPFHvNIEttjdZDvz9pM7ORfmcW2b6TqHA8/YXTndxEntExm7iQdKVYtIdl4eimMeJ+2rb8u53iXYy5cfgrRa5vR6Ufx7Ok=
DsfY8JW0b9VvsGPFHvNIEttjdZDvz9pM7ORfmcW2b6Q7WmpFfZ7kDy6QoAldxQ6YZzDFHfAX0CniqRDs9qQaX68K8gdh0fk9NOTIXQ2gDzY=
GY4pUMzWQivXFZ2H4MhJP3HqW5PxsgTi1IiDtKQ/KKgju/78131DQqGMceDpiRZY7UR+QrLLbZgV8y49gXyHNEsnprQDbSC/mxtDJ4i0YMrd4O4+RvINGQU3PP4mZWzV4hT/kW7d+AP807RiB4cCaQ==
EaU+1HwzfxEJjQpLfeSaziQ9aEozpKcJqM32FvHlWraD9t2ygc1z1W1IcXwLoMt3fUdSPyaA+6IXgyh99/NDR5vhzrr9jliklcmrMPtMkacqMejkTpLEo4sWef6a+PT8
FdZjWS5Lf9mGUtyuHATvFMYIwbHMe5EZIPrOXF63Aj/AYfj14hEPcN5xC6YwfDhAiiQ5ByAvICRSLNpiKV5qHlO2GSbwdaVnnNmnrM+PaX4aUsQu4n4ubXJqWKOs9ceC
EaU+1HwzfxEJjQpLfeSazkBndEP4D4RYX9sdtKk/xG4g76/G6NbHAsYzd2bIZTBEhc0aqw1MZ8yzheUGTZsp1fCjgE/sNNqRcjQtQHCeqm4=
hN8GT1J40T5qfKkIxBQa0qkx/IznIky1BcAa4yFly7VdAdAkzluQtIXZfwstw1W71iRHqLkTQh0dWfcf4UNjOgT9wRguWupzawms6H4ULCQbakdzqFoYGzZa3mPJzejE
hN8GT1J40T5qfKkIxBQa0j273N6J6vI1FlBJcXfFatBB2i65XEZGITbYIAqU79CLhaWTNRhcsmdEaDv/bD+OReA5/2Zpdiu+zDWhVpxGj4A1H3h8nFxjCAi6OJ7Q7OFoOcPNeyYvKqWPEmSejQ5tNQ==
hN8GT1J40T5qfKkIxBQa0jyXAMyXOBx9eIuCl9VbMKSLDFEqowusTsnrTJep86ONowjsGbbCvBcR7/r0gZoxM31sCTuO55oyTHX6vaVtHvPCMFgBJYOM6SsQyLwy7SfG
hN8GT1J40T5qfKkIxBQa0sRXZH3H5kaajYo3bFgly1pckWdbCSMXvkHxiW9pU5bWKAXxv6B3ENk/CPQCaku7xaPoza76LkhVil93IdwCst6ZZ+d4qzn539CSdL6HdFgj
hN8GT1J40T5qfKkIxBQa0sRXZH3H5kaajYo3bFgly1q6+LR5NgFTgVmYEiSVp6gWycIWy01qY0mzmsgsGXzVirA5RY5cTcRNsX/T6MKfinPLxq6yhDIhjJJkVLeoBosjGbzdFqmPAqVvLPqyZx/K2w==
hN8GT1J40T5qfKkIxBQa0sRXZH3H5kaajYo3bFgly1r94ftfY/1Z/N2cmoCb9F/x98eH7/2umC4MaNGMS6xxIWwn0CFXp5NePUZWZuWwZZ7eSyD7aUvPVjHNnMMh9pMG
hN8GT1J40T5qfKkIxBQa0nQ4KKVWy83I8gn8dF/qAAByTwvmG3XZ5BOB6DnmcYKdluScMQ/NAvctVBvukx6aG/0WMR7rWKF/CKUrL+IQhLKxZ4nWjKSrS4tJF3ViZwhh
hN8GT1J40T5qfKkIxBQa0nQ4KKVWy83I8gn8dF/qAACkScWtNvzlckUaXB1mlSWmLsGfkHEo9yADOWt2oTpqec2dgfM6to9iilxPampdK2CHiGSG6z/wTi1PzZ5L9lbbeqzXnhGR6ecOlc8uShqd6w==
hN8GT1J40T5qfKkIxBQa0nQ4KKVWy83I8gn8dF/qAAAgj8PC6mh7iTXyrhuQ0i64Ic/l1d5E11K5FvPHy0E2U+mpBdLKotDej3iPvLqNOvzRwvm/o9L23FTAx8/S4Pqe
hN8GT1J40T5qfKkIxBQa0gIxmZYe6lT7olChSK/GqNa6Ejsp3c9c1BCIXI9gwIQScRVJqsWh3jbqz1KwrFeQYH6lGrQY0DL1mSqNPn2e/gAeJjIvTjRRrOHz49i2le7k
hN8GT1J40T5qfKkIxBQa0skETH0+bVi7WljH05iRi2j1r/9OnOBNvKb05PsaOzx7oBiLimVpFaK83gen1vNSi5Jr35CW5Q2b4fA/M1bA1wP2f0BUEdHPs7/KB/pdqs/6oJMbHRBvkpjau/GIwnlBwQ==
hN8GT1J40T5qfKkIxBQa0skETH0+bVi7WljH05iRi2i9ok8wQ+KqUmL8riCQi5d5LbxMEiIY86O8pX3bkQfM9zO9WWw5JcvkAN0NwVSQjNV2DyxEGcHwd024AssiLxiD
hN8GT1J40T5qfKkIxBQa0kmv6pKkpDwrrhRWi1E+38Us+Ys3xl+opTcLa5xV5hbQvJKD95WWuMjEJF+JOsMwcOHiAF+9lB11aapOePzIFV3AqSqA6YeKAabtsyBtOtXP
hN8GT1J40T5qfKkIxBQa0qSE6HAIZEqbF8YTdzhvvheFT0SUXV7q2zzx6o51N3a1QKSj9iJ9q+DL56UoF1t6rQ8juzHMUzp+8jkUSOLDNkgLwqTjlWmvtoWqDMqr5d++qn99o6BqKgezDKJ/HTrweg==
hN8GT1J40T5qfKkIxBQa0qSE6HAIZEqbF8YTdzhvvhf6er7mH6qZnJ7vCDy76GZw+gLYl1l0BD4wQDXz8ajXe1hRRTELE2ScAANA629BnNrqLABhoO6VOq/4H4f0O9z7
hN8GT1J40T5qfKkIxBQa0rK6XrEa7iuTtb+pMViuHSleEzQLzygOd9MPvpj1vxi7upBkvsVcnBECo8hRJQqbATHtywSDUC67PUucRvQY74753r7EMSYk21ZgiD5oAryc
hN8GT1J40T5qfKkIxBQa0rK6XrEa7iuTtb+pMViuHSmUadHCRkEI5nRPsPtuyDUmK3UPWk86QmrkYtlHkCg42F0eh+86qxDXzoHv3D5rsuPwWti0ATvqrNfqUL/RtRGpsXi7xIymsmUMbtg7vNpV4A==
hN8GT1J40T5qfKkIxBQa0rK6XrEa7iuTtb+pMViuHSmOdkwGdWpFS83mprlo7AdHCE0uH+inCFMjcmB3sBLlp0bCAUocpMSGWsKubXJX6uFViES3wYLWoNT+4LLTOtMz
ROUvdMKd4BFUymenFcV8J+1JSZiOmMRRFE8H/5bZB+DkJEx3X2V96XIE3/juFSzJSBa/BMVn5Ebz3N3zLYC0wIPHainVWgIICm9k4ai8VE185O0etLjB9SS+GS9ytTxfQh2p7FePkSZ+ngkHGGGWnSACggyG7g+8jsMt6TYDHXXf96Ejg1AzZc9LZGsSNHPa
Sjktsrnmvk5GYg9YZ4rU3dyEdm0+Rgn12kbeSl4Ro6CvdLeZOsL9LhO+KtzDP5pfUgmUvO3K6Uhf+vQtsc2AxL+EFWomjI161KQIDuS/1Pm7xtd0o2oT8cb6OkAt5H0WKk0GNDzhukuoIsJx+5u270M4tDEQVZmTJRX0OwIziGqL2ixFknjpyu+Gyw1Y4arNHftEvJFeyqgDvqg2muNN4Q==
EaU+1HwzfxEJjQpLfeSazjXNYdWobNBuGWQM7mb3LuVKu/QfcTMhaiHE3oxXcqYySDwmHwxfro+WYT0pGcRE9qIqLzEBrD8J6IvEpbEhFt8=
EaU+1HwzfxEJjQpLfeSazqw3GTRnroorwBnp2X9h5TOINt15SPpi9HXOfV2ZRoRmvLYRfJvLklQz6t0KgoCHSzdbVBl2U/KygIwFD3NPSwY=
YEGY4V3NOdbYSVHPbEXhw0XeL9uctowmYgiwoZ48FuTrqbLlCVJHql7ydGZpPKu0WNsQeYwvh1fn/o75TzsVLhi1SmhzdBIuRDB9Or1uZKPj9z5xttGFN1i3Df7A2Bm8Pf2+5qBMmcrGTtkXny0oUQ==
YEGY4V3NOdbYSVHPbEXhwzBmZ4EFtc6oo2ElPp14uXNVLJtQ3ToLBjAvjYTS0Eno1MWL7Qlcy4cTYpQUPJUWSw==
Sjktsrnmvk5GYg9YZ4rU3dyEdm0+Rgn12kbeSl4Ro6CqZBPxgTPVFxcBi25ciYUVpO46isjj2u/ZEalNA5mTeA==
GY4pUMzWQivXFZ2H4MhJP2O78tX6cNNvkZLhsk0GxrNAkveXGtVnIezZA4TzSlvN4r8e/nq+8Ub7DQADk7XwLjsNuGKnHE4GlB6yPW+JeJyFmVMlEg47tfzD+D/5aXtT
DsfY8JW0b9VvsGPFHvNIEttjdZDvz9pM7ORfmcW2b6QYopZw6A7UAxvUFKkHIIRIvuMUNcSkC/ll29Sz7YG1XGEkNzWC3t6R6iunojUcdro=
DsfY8JW0b9VvsGPFHvNIEttjdZDvz9pM7ORfmcW2b6QYopZw6A7UAxvUFKkHIIRIg7MgJUgm9depI/5dlwzilnk30ao1ydMleHymECT5N/w=
DsfY8JW0b9VvsGPFHvNIEttjdZDvz9pM7ORfmcW2b6QYopZw6A7UAxvUFKkHIIRI73f2Mvk1S7S2bMjEmgw4nD41qBon6BLtnn05HF0g0Lc=
DsfY8JW0b9VvsGPFHvNIEttjdZDvz9pM7ORfmcW2b6Ri8ipliqF9v6sfpx3DsJkSuvkCY7DLHB3p/WxGkeJS8Saq7aJblbJo8mZSvrFZNgE=
DsfY8JW0b9VvsGPFHvNIEttjdZDvz9pM7ORfmcW2b6Tz6ZFCBNVwKuLdbbRxe5hVL/v/yv+DuqxUg5VHUJ0Ugkvkq7jMZRS0y1x/eLmzylk=
DsfY8JW0b9VvsGPFHvNIEttjdZDvz9pM7ORfmcW2b6TnsX3Eh46tM2WYcUkdmbItvwS0zFwsIyPF+WBjuPiDt3KJ6+p61Plq+PRvAyRTRSA=
DsfY8JW0b9VvsGPFHvNIEttjdZDvz9pM7ORfmcW2b6SSZlSNBRF2BEEP3hQYDMzmQNu/osb/MrgC/qH/p/L0mjibwypzxzRVOFS6rUFU1T8=
DsfY8JW0b9VvsGPFHvNIEttjdZDvz9pM7ORfmcW2b6QKaKsoOruoZLs8Brgzn5YWwG1xuh4WdXqW/rh5EWA4rjY/uRLtaKc0lvaUJMedGlM=
GY4pUMzWQivXFZ2H4MhJP3dHr+u3tBMTG8Fy4nBK3V/ih8Nd5X4oBuCF31ApwUwkFNqVtsmwdvpAF0eiDoEuVbDS7gxgkhXmGgOP1n5n7RUcm+JcPCmFA3cBnYq0HwBIYFxIaRIr1zEpTrFFccisuA==
EaU+1HwzfxEJjQpLfeSazlUu4dzySRj1e8Ib8kJ3DeFTI7etMAJl4RQWYxtrP1uI2h15CoB12pOXdDAkdBkTYlUj9tOHVtSHtFRRP65yMuikkoaJsTCsMO1/bS8FhM0F
FdZjWS5Lf9mGUtyuHATvFPftWngrvn765fU0Pa5VE2nkXdFebQDEldekumz0GRn8ldwrwmAN+YinWbxDGBVJIUBXE5GWWZNwObXJK61fuRTvTZ5WD6nuZgULu3zLKTcm
EaU+1HwzfxEJjQpLfeSazsdi7DEiprbUhZnfWjQsK03joi4W7AigIZOSiiVrKhpoLzQwq/4i18apxmEZwIuG1+t+8Tdh9I8t5gYQB3PxlPU=
hN8GT1J40T5qfKkIxBQa0lrPqvmFyXLUa70yiJgKgkLjSSUVPnJpx4rOoCuaIm5/O9jtA33ITOzOhKrbm+oQ3bvDDG5rGBiqMWoiVLI9Ft4twdOQyoWk8q0csqRzbdx7
hN8GT1J40T5qfKkIxBQa0kNQDdlK3j2jArKwwK3E8kr9kOIFAM9X3jN/4yO28kWbzkaFeyE0IMofh45LvLNqohCGW9K1BZSV1Iat/B/e0jC0KTSK6GrKH9Iji/gtzl6Zre3DZ+pHw5rWpgSx0bEe7g==
hN8GT1J40T5qfKkIxBQa0uOgCr/iX5/V5StCPONL7TOm3hjnvIBypoeiICizJxTk/Qhscbk25wglO9Ou8j9U+5PDYWTOqxrrzrxYNDH034AZhJLZkMrpWueQd+BZiWPB
hN8GT1J40T5qfKkIxBQa0jok4nSbD4MCympnGtFSxQlyz/74iawvErRk+f7dGnJ7qWMZ3fSe2cK8yiEw0xYbO5d0OHNY/iEH8aXgYfupaYkYS9FDifokCYw1B9DntP/b
hN8GT1J40T5qfKkIxBQa0pwV8cgtZ5GzQYGnPRI1cjqkEtpeGTHGYq2PBlyWzevhjvquwBIu2uKHJaUTSadDuIOkuSqGygADqQF+hQMyCJyAIUSLtV6g2OyArs9mtELtV2tl56O9eYKIt0z0UuCySw==
hN8GT1J40T5qfKkIxBQa0pwV8cgtZ5GzQYGnPRI1cjrWfEbz2h3+u6h6UeI2U3m/E5vu+xm7FOlK/6fqailrU+gmuNbC3nzPCPew6BLCSSCpZu42GXRX8owH+WTDw9Cs
ROUvdMKd4BFUymenFcV8J+1JSZiOmMRRFE8H/5bZB+BMLaudo2DZedPoo1GYr1pbAc3AE+oH71NYgml7Tum4txJOpSsNXPEmpk0XhVURTXJ4ilEWEjoiOt5IoBD28+5zADpLG3lSROEgKOcDDCzCjECIoNh12UpuoUJ8ee+yunvOeFemodDFjIEz8eY2IEKb
Sjktsrnmvk5GYg9YZ4rU3chfL30nE908Ke1Vv5f9/KiOJWzPWtPmURwjuU5HI8euFqvcgdcHZS+0cUH9mkPR6GNj8jAi7eMsc3jeV0SwQFkk3wIUEBmiS5xXv+8xoCjLPx+P9p/hx+pLZLG+qRjoaxsrzVKeTEaOzet4BkT2pbKTBq+xTyKftjrQHHVUFqmtE4P8yPTQwEmEGSVqePraig==
EaU+1HwzfxEJjQpLfeSazqhlppPFL+1cOxa75LxDjMib+RUEOfr9Ert0PDT+n99IIgV2UfforjRO+QQ0ZlMZkkueDha9UoXWm0x4EQHvpPs=
EaU+1HwzfxEJjQpLfeSazqhlppPFL+1cOxa75LxDjMib+RUEOfr9Ert0PDT+n99IfQQJOErxWDPXHyQncVfaao77NccPVCNzCGBykC/kxwk=
YEGY4V3NOdbYSVHPbEXhwzfyuFJQZpkScqCmG61ch3SkaoZDqlOq8SsOY01pYf6sutW6LAN7wYoZZ624ciY6CBKwmo3BcouXPNQyZnODvQrUulAx1po8KF6miCieteQ6LL8sLE5bWSVifKqrq3Alpg==
YEGY4V3NOdbYSVHPbEXhw7oHbMztT/eGOBI3gEu6/8f2hd3nwvaEA8SdWV3LhKvNjBkqK87zdcPGtfBHHOXwtA==
Sjktsrnmvk5GYg9YZ4rU3chfL30nE908Ke1Vv5f9/KgI9+/QnkwTwfmvDywMGOW9ZZOpc56RebY0dJsEgNtYsw==
GY4pUMzWQivXFZ2H4MhJP8KCclQaaGTdqd6wAwnggN/p5cBqgA0CiFY+QXZ8bgsPWRHRpN6oRXnMfJLZI7fNH6l1/OQVZPIFeSj9ZqhU0A2Jf59sygMltLt2bBKUvVkC
DsfY8JW0b9VvsGPFHvNIEttjdZDvz9pM7ORfmcW2b6TFM5MSB6jinAOl7OP/aKGN9PAUvdHkE54W1IN8mbs3Rf+s1DS9fDZGjkBjq9ytqsA=
DsfY8JW0b9VvsGPFHvNIEttjdZDvz9pM7ORfmcW2b6TFM5MSB6jinAOl7OP/aKGN4Sqs/2YNp+xkW/tmUaEbuluP816jq753L7ISyvUsCjM=
DsfY8JW0b9VvsGPFHvNIEttjdZDvz9pM7ORfmcW2b6TFM5MSB6jinAOl7OP/aKGNSxV/k1r2VppV94fs/IpiImJPwu0oaW7A21ZCSLNDif8=
DsfY8JW0b9VvsGPFHvNIEttjdZDvz9pM7ORfmcW2b6RKxsS3uv/KBp3O0VJJ7Ee6I6n5vs48UUkPqRfbnvbj3fNbD4Qscu7FqKYhURxv8Rc=
DsfY8JW0b9VvsGPFHvNIEttjdZDvz9pM7ORfmcW2b6RcwN3AlyzfwTOeOkD/n4xjNJzOvEqLj0CKLQ7aUiOnb/kYCw5/VAlGQ1PWDFvtVdU=
DsfY8JW0b9VvsGPFHvNIEttjdZDvz9pM7ORfmcW2b6Tn03Gyl6019xgiIf+sKTtoxZdcJYW+WpE7oz7MtZvGI+Q8s/FKFv1v4UUXNgG8lIA=
DsfY8JW0b9VvsGPFHvNIEttjdZDvz9pM7ORfmcW2b6QIBH1BXkoKCxCjJnv04kGkFoNJ75s63Tdw2n4U5gl1F0uvEwfxWGaUnsvazXTHl3w=
DsfY8JW0b9VvsGPFHvNIEttjdZDvz9pM7ORfmcW2b6TBCR/wwZKC1RleSqKR6c5NZwdaSgHE4Vz55tkL2TWol0CirpLrrrHEcyEm+B3zw6s=
GY4pUMzWQivXFZ2H4MhJP8KCclQaaGTdqd6wAwnggN/Zc1j8qTkGomwu7xOZA5cpWTOrhlyzch5KifWiwtZzt6KtrZZL/U3EZ6ktUd1icmV7EfftdCvGEIi6Z0vXdIYyp9Yzqgn/Fy5ulfnfng8GRQ==
EaU+1HwzfxEJjQpLfeSaztZfbVAQup7dxzzgdifixPQRfq8gcxyffb/Wsr9WBW8EdsDMrSIVaKT3oV78jd1e3VN5bFUfAnwrCdzzRWeepQSQeZ7Lf+MGocrRh3DfiUvP
EaU+1HwzfxEJjQpLfeSazr0P3kPBSaDkbKpZsWFOCp5zRH+CWrhc6il4xwvj5niLR0oH2JL5haFPUea0EtiKVeidQQ2q4tWSS7C3tZq3Tvw=
FdZjWS5Lf9mGUtyuHATvFPxKz8lu8nYLA61eP0sxKpZExE4g/ndkdjNDn0fUG/kjZ7l5Wbyxt/aDDSjqwQG1UQMHCOSMtipVBIomabxQBG5JFwG5fjcxeeONT2AQxPVz
hN8GT1J40T5qfKkIxBQa0hYJKR8d+L0UsIU4INZObcQiGn56rh2K169LSWwB/rAC7UMoTqnPJJYy2Uq9gVsoyS6pXbsZ+qZw8g4lbgLQAlYrI1jS3fXbQfAqpPewSvIf
hN8GT1J40T5qfKkIxBQa0rmp9jEZPKyineJiRDp9uIBDRfc7m5AtnVZSHuIbbEUDUIvicIT/z0xrZWMx9DgC3SL2uOHxrAF+Y4WKQ8gQCm02Z5yBfUhBaC8IwXrAjncVAF3cv3bOSXcheB8EJCnzig==
hN8GT1J40T5qfKkIxBQa0lEo8cw2+VDZfiFf+wjW0bPiaoPfJirSVXU7RdJOaTfjIk7yAA+uMbX0BD2A7A794OdfUQ5r98wsz6+X2y2Hs7NLw6AVO2Akf8JcbA4MtyuX
hN8GT1J40T5qfKkIxBQa0kkF91OYuxbnD5Mi5nhqPmrdUV/WjMiWdKvS41E3UwG2MgkIApEwbHQgWQWH11YOMOIHzJoH4DqG4SK3P2nU9u9eTtjH/1mVFPZ+jUAKiXnE
hN8GT1J40T5qfKkIxBQa0vO7kgxJBL3VGpIKltKSh3AC4XPiIqL5aUUa7dtyR+hSfJJTcZVlnidiVf44/Rxm5K32B5WWcPbmjgfk37U1WAqzOdqF1i7EH2d6OkjgWxNdC9cVvjN/E7+p0akinQqapQ==
hN8GT1J40T5qfKkIxBQa0vO7kgxJBL3VGpIKltKSh3DlDwtZyEiMzZqPqyHlJDX6FRQNBH64EhqqM0J5CaneVhpm3bJ+SfTfz6DU88lSrL40f2KAQTfNJf/BZ76A73cI
hN8GT1J40T5qfKkIxBQa0mhaon9+RGtQA2g7BgCpCAQxJM7sZo7mQXMxB3nrRXUIeIfIua+8/yz9mVLniXg2Wetm2Aza4d1R8/xCGMD0yZKNqIkWp/+nWVuu4Wsal6bL
hN8GT1J40T5qfKkIxBQa0sPRrGz79c2SmiXCeF6fypzK/eQMjH+eJjQe/xhoMcEZ81fQpTx2lmriLYwVb4EWmCmQkZ1+xSCXbwDvFu1dRZbM0rWTAEkn7EfSBkRSS6akPmlbPAJV+KpkCRPvsXWHwg==
hN8GT1J40T5qfKkIxBQa0sPRrGz79c2SmiXCeF6fypwqth/J9O1823Yu3YCqqSpdgDF8ZG6o7fPxHZKE9wWzFeMJelzbbzwkwiUFKIsOA7RVM7ni2Ie6NTlfjlv+TIoR
hN8GT1J40T5qfKkIxBQa0siWyGx7cxCPv6cpdFEZojbGJ2UdqpwRA4EjIoqeAMnMb8ZjnLUGxr03Biy1WYPy1jyP9+dtbGwrDftzViYeyc3I4NGzmFHbLgZpKDAWZ1TL
hN8GT1J40T5qfKkIxBQa0kVDIjmg0yHacnHpWpCrQcrCGSQ+2Rm2Uiq+n027E+fsCCv1KCS/RpAu1YDi9TC0GzzZ5KNtVYFonQ1zNrkI+VY7wrAaTflBQgzF8tkPx2MVgeZUGsUYmrdFxenN0BYAsQ==
hN8GT1J40T5qfKkIxBQa0kVDIjmg0yHacnHpWpCrQcrdDbgRBZj9nbVMIir+ymyjO4iXOzMRJvv5ORpQwzG8lSAxjhdVq+3UBlGRvPPqoTAG9cBE7zYfjdhsmc0sdaJD
hN8GT1J40T5qfKkIxBQa0oYGspGQyk22EoUmyi77InPBuWng5crA6mvXUYwnfOC2BUGkVYHB7WphDKbO7VPM9kueni3kgQi1twcudl1gcXa5LurHHUqHdfxlmAYMGfUp
hN8GT1J40T5qfKkIxBQa0oNRwyfFriad1qhwqMKkGXmFPiHctcjipoPullzsEHsuXqjTizOgAjGBcAXakwablP9CPmGVpOhZHQYALNQYth1zg2wkybgiahCqoAqLGNO585fg/exR9v2/BbabrD1DhQ==
hN8GT1J40T5qfKkIxBQa0oNRwyfFriad1qhwqMKkGXkvSZPnRJm2mjp1QSHHDAuYJI0JKQ3X7UcC0TXLBkG9jhIxQh/V51zwyDHYaQYaAC40rtjeAfR7M9rC6T7ZMmlv
hN8GT1J40T5qfKkIxBQa0uiToTL27YdaYhNPObls7j79jsTlYJppf48gMl0jV4HiKfmAqfJyExgeA+0WtbGTr9b498vpI3uxJX+jW8OLGkN+sXlMDJx6crsO73ZlyLBF
hN8GT1J40T5qfKkIxBQa0rCjYiLuWU9IUqJwfFfaRzvWTC/XEGKrVnGsB+JQThJ5sdsvk9FBnMyfKA4NO6R5dbvy+LRiHQojfAP4gFvBXKAEOb918fvaNNNXyZcJuI1TcnKhDP9K6NPEuaUokWjgLg==
hN8GT1J40T5qfKkIxBQa0rCjYiLuWU9IUqJwfFfaRzuQ/0FyyzbAhGW1XFLswIb6k8k49enwQO5YNSRf/TK1XD+0MbpKrSH+UXBJ6CYNSRdHEI5f6aefYi5FZ/oWyZbp
EaU+1HwzfxEJjQpLfeSaznCAu6kCLMnVZDe+Rz3ZwHAHI9ZYl0t01FzV+brzZEmfBdA3IJmM2rCA3HiSwi4y2eA/AZkeL1KuIsgN55fIFSY=
Sjktsrnmvk5GYg9YZ4rU3bdeXDCefhbDtsNT+DRlT3LquoAcsY97zfeHzTPdTkRe6we2ARUQXWjO2ohXUL2r+w==
GY4pUMzWQivXFZ2H4MhJPwEK18DneiZe87ATXCl/pNz4qPL/IwJi7aTA3eexaDypZMfbswVNY1XTL5uW0zdxkQ==
DsfY8JW0b9VvsGPFHvNIEttjdZDvz9pM7ORfmcW2b6RPnMR8Xqm6v+IYlb/rVKTk5VjKHkRkRzurDhRnlJC+WuMyMd3m6AI5SAidw0v7/FQ=
DsfY8JW0b9VvsGPFHvNIEttjdZDvz9pM7ORfmcW2b6Rj6a1mN42tr9+Akkm2cwM77fOAWzFQSvguJ07gI03KmTxiTgDs4ofI8rgIhJCG/xc=
DsfY8JW0b9VvsGPFHvNIEttjdZDvz9pM7ORfmcW2b6QvjtZCY6C6IdjHDbIKAyti7NjljM9gvP4sOEPdcfQ8/h2h+83XNN0ZUVvMTcrHLqU=
DsfY8JW0b9VvsGPFHvNIEttjdZDvz9pM7ORfmcW2b6QphUx0r5m1oXpYNq3eKBTcROWBX7EunN32AE96GjHYwasrU9rO4GlPGbrmrWQ63do=
DsfY8JW0b9VvsGPFHvNIEttjdZDvz9pM7ORfmcW2b6QphUx0r5m1oXpYNq3eKBTcLTyGixtIVjRGfge8aB+VfkZi/ijBsKuTP9AgZOOpge0=
DsfY8JW0b9VvsGPFHvNIEttjdZDvz9pM7ORfmcW2b6QphUx0r5m1oXpYNq3eKBTcLTyGixtIVjRGfge8aB+VfrTCDvVcLE8xlzQZAbO3q6Y=
GY4pUMzWQivXFZ2H4MhJPwEK18DneiZe87ATXCl/pNz+KMaxVhrtW6UWm/JhJZ+XgcQNLOsAVaeV2pru4Bf0NCdzvDCbOtWfXWnM62EiHxlLExnAoYGruX9gCr+K8MNkfc8jLCGoGglmXb1TFYecVg==
Sjktsrnmvk5GYg9YZ4rU3bdeXDCefhbDtsNT+DRlT3JnKldVTDJN0jdeyRDUQaDAaNqwuemuVbQJ1wtUqV49wacAUG6zWxDHGbu/tHvGvI0=
JuRgDkhw4F1oASeQxlFK/tR0kY6FyRujT37xakMdN9AreICEvCce9v313GdBk4zY6dmZiwkszWMWU1L8Cza3eDXnDuXTN6rhythhF+Zu2Ow=
JuRgDkhw4F1oASeQxlFK/qZxQeM1+ej4YrOwLLIr0gQtTeYbVAYzuKwcCvp8ipjj6uaTJQ97UY6Z4R0LFM73KsJuS2tQCvTfU6J50wDrxj6j1X4PQCx7ZrCAW13sRBvir5bzCcgWbo3FOd1KKNs5H9FBibw7/s8JYdTiC0RDwjK0mGPE+x/bl7UmwGSejIrgf1/kz4/MbiVQjVErN7HjIxSRXCE8VzUpB9WIKw12X1g=
JuRgDkhw4F1oASeQxlFK/qZxQeM1+ej4YrOwLLIr0gTf3b4n+QlNC0UGIYym6FK9/vTBfuB9DW2SlNbeZduWLVH8cqxQ4R6fAOI4DfzPHtR5vPHN/1OvmIjf0Y+Jn+uQBDncVrm/tseVtONZzfkte5aU73Exiy2KDjqVgoMo94T7JYEK2mZs0+laqtt0KgYc5VXmPpfHsVteXjX6Zi0ypJwsCzEd/x/BDPGj+nR1Z/nuR6ejc7wIrM+AWcLb25qQ
EaU+1HwzfxEJjQpLfeSazpC45Gmf9yw+MDX24UAhE1ZhIERSGH9zcoXD7qxtvIrk6dI/CeEsbQYxpOCF4d8CSg==
RAr5E83FxqqCJDcXPWsZXgf7GBnD87XvcgOb6vo8TgCiPqXTqj8o0JnESHbbkYhbto690a3rbARVRTW9siZMys4z/YIiJDKMpGT4EdnEjQnq97tWFqFhKbzlR42Dv+xi2qY4ecR9IGaFMxvoGvnpHYKh4Bb9gH+CEliD/x6q1QA=
RAr5E83FxqqCJDcXPWsZXoEAoesi6UfYbqOp3qGra+QRgAzFvl/EfI5BYgcRH83lfeG1bXtPNJ9EgDs0gG8XUA6bHzTJASIyr29QEB20W0s=
EaU+1HwzfxEJjQpLfeSaznpRVjzemBkVV8IijH2DlsbUBUiN3SRVOiCFtZoBbbpEfKh0QSj3188gqXgy3PPUwEZvevpSmUsUzBUDZQSCv6oAFwNTzikm+qUZm2+UGMrb
ROUvdMKd4BFUymenFcV8J+1JSZiOmMRRFE8H/5bZB+C8GqvcYO3qHtHgmUERK8PGOTBKg90kpMc4r582Ktzc9H7H/GJ1RK6mBmkkc892ETb4k7cNpaHqsD3D8WQ8lhuwUNNF5nnwKh4uq/MuEuDtDqAAi3Z7p11rZWWtBNMCtrTr37ov7qIZwSvjDTt1X90n
Sjktsrnmvk5GYg9YZ4rU3Y3+Zld0s7Pu/MclDpkSfybwOasOZU3MGvFWBUqEf6QL+Y0EBiCx8+8o+Jm5t5iEiWKDWu5U5qqaufIXjqGP/lF+hMIgZdB52HdyEchshaIfMzYYGGJiOzjViLAeJgPyudJIRdQ49+AsjjBuzb3d7HF3cEc322nfhx251lG/6J/KjsWzsKiTh3tmEqBJXp98Yg==
EaU+1HwzfxEJjQpLfeSazuZ49xTPivpA2LJfQcUXOV0495TdDfZBgr8Ql9yAWBvxXMFgYjFMNzqioYZXzoUtB2Wnc/J8bhIHxqEZD3ndkIs=
EaU+1HwzfxEJjQpLfeSazuZ49xTPivpA2LJfQcUXOV0495TdDfZBgr8Ql9yAWBvxqaE7hNYMizuMNmAn6CZG7KkDsUl5FrCoAmcVmq2c6A8=
YEGY4V3NOdbYSVHPbEXhww150dNJib8hfva9DwB1mK2D0bXiBNxuMfpQtKbvegGfjuQvX24pKBiBwi1uQcuacoUradjeNah04eo7Fm/aTQkZgMsUrFVJuQUEIcmDNzqcyOfQLT7bc6oMXVhMuEJtLw==
YEGY4V3NOdbYSVHPbEXhw4UPDj7l3uQ1Dj+jT/zjMiRPMdtWTZGlTeDrEuKlXreWnAC1peFqqvNxkBs+8YkDpA==
Sjktsrnmvk5GYg9YZ4rU3Y3+Zld0s7Pu/MclDpkSfyZPuymYnF1fABkq+Z21TPq/rUqf3Hl9uMmHW8Yj3Bht7g==
GY4pUMzWQivXFZ2H4MhJP5q7QitCBoV09dgkvS2akyy2RNusueoERLZhj52i2zCKPz4rDrgREE2AuunFYKgO+V6M5/VXxo1H8Du9N0j7bD1HTUAoLNxuLMQ+AysNYgE9
DsfY8JW0b9VvsGPFHvNIEttjdZDvz9pM7ORfmcW2b6QXOg9tF6EkwVQB4Rfd0mYwKcD+4PA0cMxsJ0bJWvxfCgDDSX7tjxvMVJdE5SJF09M=
DsfY8JW0b9VvsGPFHvNIEttjdZDvz9pM7ORfmcW2b6QXOg9tF6EkwVQB4Rfd0mYwdXfCqo95kJ/xAFD2ygOsWgLoSIqANqvqIb1MCEjvsiY=
DsfY8JW0b9VvsGPFHvNIEttjdZDvz9pM7ORfmcW2b6QzeKXAYHwcxvUDOFmiLJobRdBWFV+XEZ2oihzsp3ldYONaic6v7RyXGoyy/H0+Fl4=
DsfY8JW0b9VvsGPFHvNIEttjdZDvz9pM7ORfmcW2b6R1j5KAn4ox5zaZqSwkOz615pgTtHPJEXT96Xq5N80jsNKNVCaB0Jcww69WDukWCRw=
DsfY8JW0b9VvsGPFHvNIEttjdZDvz9pM7ORfmcW2b6Tp9kH5HDPg0qEx8rQiBAzsd0c4q8P0qSvCmTns2vT8YqbgcmihS2GL7nQFDfDAza4=
DsfY8JW0b9VvsGPFHvNIEttjdZDvz9pM7ORfmcW2b6TP8mGmSQZbJklmCUtXcpPTkEfbZccqPVkiFCEOjvqRFW7w5vZUn0T40dwmRMsa3M0=
DsfY8JW0b9VvsGPFHvNIEttjdZDvz9pM7ORfmcW2b6ROz/dnM401YfF2nU6EB0rbI8wmDbyMUsrkT2LU9zJ72Ds7PHRpQDNDmskD2UYbOoM=
DsfY8JW0b9VvsGPFHvNIEttjdZDvz9pM7ORfmcW2b6R63lZlQJoaonAnsE3TaD5kk8ezyW52dNNti61w7oYR4nHpF9pM0SCtx82yjsiXknY=
GY4pUMzWQivXFZ2H4MhJP5q7QitCBoV09dgkvS2akyxqpwQc2IxZEsXED41CmTb+gIqrMdeVigkI+WzbaVgdfkZZjvUkV+55ww4HzvXor9Y097yPjNizmoCGxBjjWEFv0SDuBf+H1hXaARMIRCo7YQ==
EaU+1HwzfxEJjQpLfeSazi709QuUJeG3FFAkPz43D4KySus5CT72zhlcVAL3JHOxgGDNBK3IFrdtzsx1haxSPlwwXLKGeVHkAtqxIXqUIeyn73XWC+vS+yCln5833+WX
EaU+1HwzfxEJjQpLfeSazr6bwYe5rnE29uFd8GHpDeH47QfkoqKPI+gbUslhXRrFNuu+l+6xaER3cQkA8j7+pOTx9Xy6tSvxws5zxeeLjVc=
FdZjWS5Lf9mGUtyuHATvFKfO3Gh634hGWIwq6Jbq4Q8liwiiPnjkWZBKRtg4MDPZF66NkhuDFwjH1jElTKuUGFnzhN6EhSboDtFPsiy54mb0jIH6rQ0WStU5OwZJccXJ
hN8GT1J40T5qfKkIxBQa0tw9v+sra8TmuMmkAzCbOExngQvDRjOVeaKP1OYF0OKf4g7AOB+ymu1MGa7rvgLM6uL+hVybZhqsGF8PcAGRZ08o5monXPYqPTqXX7NBqZHU
hN8GT1J40T5qfKkIxBQa0ivytnEGdwDIFvRjB3b6fzNcTcsfIZTM9zIrQTGY99MM3pPkKiO2krOxthALBUd4cTdZsIiop3blcLLVBJLlHRCCPTNuHdDMDYbFKhcRo7gtnaOyGFB+G+dukXJTZ2CWdg==
hN8GT1J40T5qfKkIxBQa0jcC1QNh6RgaHQz3V/eqyFIkH+oQLArGyQZ088QLMNXIdfIAsKzoOXdLHtpnf5c2XRKaVo1u0yfd001AGhOvEZNtKAMdQ1a2Q2o/1Iiw9yPT
hN8GT1J40T5qfKkIxBQa0hhPsQUxCS4/Haw1TsgtqQtmZZWaVZfuO5HFGT+m/+vixhoq4ZWa9saEdKSOJw3ZyemtKQSq0Do4NZf94YiGU+vT6N4ZjWlMGR1yLS+Q/wHS
hN8GT1J40T5qfKkIxBQa0kEjPwmPE4GiTanOC31VkLMgoRWEh1/7+guvFlm62Hv7tcBUnXKbSvWFJU7kkFPYYYkCOOeBH+OUUApLQuOCaHAEtpaa9D5R58+2oz4dyRjpYpwFFE2fNsecwh3bA/m1+g==
hN8GT1J40T5qfKkIxBQa0kEjPwmPE4GiTanOC31VkLNOT9lBhqIubN2BivK0SgnnblJ0+0NfUA2ho5bN55jUNFEhBNMSyYGZqpD0BzbsCXrfYfDP63G1MFEb16db9dbW
hN8GT1J40T5qfKkIxBQa0hMPYCEuhqToHn65EKB+SMmTYTeu03sCpIqxPEn25bO4Vrh50F5uXIIygvPyCaxA63Y2rfXEB6x1I/yJ/S34epRndy3EGnpR7vIhRZ7LRYSr
hN8GT1J40T5qfKkIxBQa0hMPYCEuhqToHn65EKB+SMmn9wVXX15Qj1JQaKI5Vj0rpKuzkZtdlCLTbZ0eBAGHI2xw06jDFb0r5j1kw2iE+X+dlosjEbjADxEyoJiw1QmjhjBBXlHF+a91y7p5IoTW5g==
hN8GT1J40T5qfKkIxBQa0hMPYCEuhqToHn65EKB+SMmi9PpdGTKYEUIVqAj3lpBTI6ZDKxVYL47qIB3p7oy84fEoK89QSxyMWWDmBmxe1LqxsOAJ1X6lguTP+aw41g5l
hN8GT1J40T5qfKkIxBQa0ij6DFW+VSV4pIABxqQKGa2GtYlb/JD6ObUbP+C+wT6hvmvEZ7xd5bbQpO0K2KXL/TvApqXSpgQ7ZdSgfYlXvnvVJnn6TKu/VbCS0RYqch8v
hN8GT1J40T5qfKkIxBQa0gF3cC2zqBhV8kj8W45Oa/6J5ivv1XRTc/8gXZQShdIIFtRvaV48gLQog2yca6z5g6P7Sf9RzjMNeWkrAtBrHtAmXfaBSIgSaTDQ/aHblvo+67gcRz43mykUZCGD6jixWA==
hN8GT1J40T5qfKkIxBQa0gF3cC2zqBhV8kj8W45Oa/6bsp0vb4TNMQp0EMZyKTSOBybdXmSrErp3sIf3Gq5auyemH7LsiBjV5BHuhuCKHz8EAlqKtMKVHrZSm2kVRQXJ
hN8GT1J40T5qfKkIxBQa0pu3lNGU24aonP9M0AQuMiaejufG0Mek3kCB/y4Sndp6KHDN9jwgFmqNwcwKfNM3/m0xF5Z9sKhLzTGJxPNwKizHtweNymaBNZ2O9Hfk8s0g
hN8GT1J40T5qfKkIxBQa0lU+srYClrCAT1eY9weYrSYSijJ2yAfKhcuDJZejJjTlKb9kQhb3E/Cuk0BxeRxkgTKxBWBbenE8b7BFEPTtxGW0Tp/DJez42rOfIF37ehMIaQ47Nguaam+mrxypZ7e+1Q==
hN8GT1J40T5qfKkIxBQa0lU+srYClrCAT1eY9weYrSbYIrjbKATL6o3HvYe3ZnVD3HrEJCJ0iODQjWj8NHRkf8PwUgi0ns7Ep0vrEwq17cxT896se+oc0zTbO8SRuTuz
hN8GT1J40T5qfKkIxBQa0pKk0KPT0HSINGXNu3r+JHdSywER2hSjWMpPvdEuivmkZHvjh8Q9LmITtNWF8xCSQAB++GrDOO3KjTwW3v7f7jz0paAmneHXkN4xiRdDgJIc
hN8GT1J40T5qfKkIxBQa0rrnLnDiZKFrx2eRP31fc0Hleia2Xa+z8uAWdZ5PyjhWLnU53w8u2eCPBBfEW7ugU1MNfwSTmZ8vVND+QBXqsz8LBehIdCVcUQDfy9RGKEOttKQ/AUKv+S28XTuj2lk8gQ==
hN8GT1J40T5qfKkIxBQa0rrnLnDiZKFrx2eRP31fc0FQwHcPEF26A4FTES9pXR3DfUE3Ou7svoruSLm2KJwpZ2qGleHhpnsT0M7rsU2MPFoRfqRo8XS0rg5pgpds3Kqz
