GmcONIA9PFzHw1gpPLLPoqev3ytAH5KO3S/CJpMsylg=
35kyjVfwBJgytCi6KM5Vug==
FNt9orFfFSbPIXNSbXcP2Q==
gE2g7VQeqq0h5MkG44fPUw==
A4ZCFW7RnVRfEnbtNxUDb8VFIQmzxcIFLuiIjRY2q84=
cwgQW1UgxyVfBeSrdwXHsPE1eoSAri+NViVSjTYe4hg=
pYn3RyiaY4vz2unSybTHuw==
mAzeFbkWBGyzJRgEWJSZYQNn44wFaguEUnqkvHVinQw=
NiGef/LGs6v8Em6sqLz1GYGKB0111uCW/TAqgkiW0+w=
2lfNnhNY+w/3xMaMUxJbE0YFT/wvMlSDz8Vrd5FEs18=
ROUvdMKd4BFUymenFcV8J+1JSZiOmMRRFE8H/5bZB+AQ1Mx9pq9jn5RIK8k5iGjnhPzwOw7dz6kZ37555L2TO+64JFTLCs80HA8Vjv+nihh/ojO2AvBhbZy5JjJLUU/vDUVClGjT8qnkEZgNGGUYtIHV7nT1Hj3PoOdc9Fb7xJ6kB23i03A4zHZbBFF92C34
Sjktsrnmvk5GYg9YZ4rU3X7tG/hmdUhgMs4NFKLGGGfEcrnOxpXeResLiF/RhAkNtNNoPKH9StaZe+OwHfb6bw2hXHjfMQNVEVo+s52Psbn8FNJaMiwQ5lk0v4BCF+VPojcY5fUGZh98pMlYlIw7uHJEIv6eWzoQqTvSWCSradOJfD4o5yerK8bmU7YWtMQbSI534N/5pP8jm6jTZQ7XVA==
EaU+1HwzfxEJjQpLfeSaziLo8DvMKj63i/WA2LzNDJDo74O8TfaPHNdBDbmXsh0JeQhVUAqQe3ZMMQ13C8YMyPkCe9EQtMWox06Bs3wPdK8=
EaU+1HwzfxEJjQpLfeSaziLo8DvMKj63i/WA2LzNDJDo74O8TfaPHNdBDbmXsh0J4KWXu17uktaJnlmBW3+uMw4E6g/2foY+q58fzrSmNIU=
YEGY4V3NOdbYSVHPbEXhw/h9zxnYPb9nD4BIYNuRMKqDgqPql0RGRGGKgM+B/8ntL7sWNEo/CsOCW8ioRrK59Cwr+n5vKVsDiYObGOUg4IrhELYxAume0tu8pu4cP0ZkKlCyzdbJasmwX25B1v06ZQ==
YEGY4V3NOdbYSVHPbEXhw5ZYOacUjJBY9QIcbEmmXoYVCKyS6Z6SEureaZRVSpPfJ/sg4Tt2utEsn3YMNpAvXg==
Sjktsrnmvk5GYg9YZ4rU3X7tG/hmdUhgMs4NFKLGGGfgDuA0lZ+dN5kmmaTCfx6kkwPiADoCnDi5nSvms92B3Q==
GY4pUMzWQivXFZ2H4MhJP2LzA8sHdcyAwT6+SeVr/ICpYtD2hnuhRtFtqBr+B8Azk07Q7n+KEIoE45DYJAQpbBsaa7Xx/fx5Ecmoxo0ftl9MZ2nuRj+PcZRQP8+Aw0EW
DsfY8JW0b9VvsGPFHvNIEttjdZDvz9pM7ORfmcW2b6S9XGJFCJKO9h0BoL7TvObFl98W9k8GA/BymAKBa5ktnfdpDkN/GqNYaR3iSKwTaKs=
DsfY8JW0b9VvsGPFHvNIEttjdZDvz9pM7ORfmcW2b6S9XGJFCJKO9h0BoL7TvObFHfZyGSmTqaqoqu+ceP53PhecwIxlYhGEFGnIcF9Q+Ak=
DsfY8JW0b9VvsGPFHvNIEttjdZDvz9pM7ORfmcW2b6S9XGJFCJKO9h0BoL7TvObF5wxenP2r3soufObSzSztgYf6xKGKyS0ojQ2YGhZFkkw=
DsfY8JW0b9VvsGPFHvNIEttjdZDvz9pM7ORfmcW2b6S9XGJFCJKO9h0BoL7TvObFXsFvlgpkZciLxOvDO8d+BOmmHLY4hog8CTdb206Yyfk=
DsfY8JW0b9VvsGPFHvNIEttjdZDvz9pM7ORfmcW2b6TKQlS6eLxYqXIbqB6nxa7YgP0ZDOE3r9cvdHbh8Lijcd6oH0ftoec1nzgHxbDoNPQ=
DsfY8JW0b9VvsGPFHvNIEttjdZDvz9pM7ORfmcW2b6RldYg+gYLuIpqJmcni+4SQMHP6rJVeZ0near/jdOHcEuzOOCOWCVxBdGEX53ktyuE=
DsfY8JW0b9VvsGPFHvNIEttjdZDvz9pM7ORfmcW2b6QWvs3jCZX9+UCtrVzhKDSLxddSEXaxxfjEuG8KJq6ehtBY7/GhRZkYycBXvGK0Yc4=
DsfY8JW0b9VvsGPFHvNIEttjdZDvz9pM7ORfmcW2b6Qa9bAIqmZvoZ92F3qKAfOyPzHdADKvUnzOyGVD1iA1uJl88YmoUKGhLE9/5kQdfC0=
GY4pUMzWQivXFZ2H4MhJP79n2JXqoPlGatl+ZLQu5zP9PCOL22S6V/ESsJ/3lMFSG636DUcGtV94TISA07GhOx0FwwaudQ4TqXyG9aHDKiG3ibuvzkZH9LH58NRz5VxioZ7S2b4M+3xB69yDP+4UrA==
EaU+1HwzfxEJjQpLfeSazhJo21NJdO7E3b939sLE2MXqWfyEw/vIwa1Bfb3vxxDXdKPuKOhLVNW1kcFbUgYujSx3KCvqS2z9F1TexhXKQeLAHngn1x9Clmo4oGh98PMa
FdZjWS5Lf9mGUtyuHATvFOLXUqS0bysgHwy/NR2WrgpyRNQKUB2UTbZutGEwSOHKk3Vh6lgfSGEpIEEGBx8eNlVZFwXC6oFe40LC2zfgJwIObb/tfuuIpiZLKHOLxhQL
EaU+1HwzfxEJjQpLfeSazqYvnNp7Av39KI/t2tBheSohzN/lqPp4emj5mVVWfp+Xy2YoTsbhruTXBrwUTtuFgHg/LIbfeqoRD53px9zhUVA=
hN8GT1J40T5qfKkIxBQa0tw9sgDUEr2Jz+XCEJNhGdji9iO4llzRD2rB9SGkuzcR/uXyVT5jPv6SeB91zCns+qXmy6fBftdyzbJD1zrsKYmZ3DFS2APnj4NqaFETj3wp
hN8GT1J40T5qfKkIxBQa0tXZ61TkLFRrpMcna6evopn9LJU6yMP/bLy7GcORjgMdG7a3DULetIssSRfp16Lh31DbrX+BDkrmnwT4kj6cyBiYfSDyTMltjXathJUF6Rw+gwCsErWHus10x7WPrvbuYw==
hN8GT1J40T5qfKkIxBQa0ryIhDJFx3hOZRdems0u9cd40uMnb9ErtpcMdi9vmT3yAktz3zKU3Y+4qgDVBgyDvyDy2HfsrtDVDnJhmVoeFI1icTOUFj1bZ/rmKs0rhCQT
hN8GT1J40T5qfKkIxBQa0gWqsoRFGwuM5Aupv9CSKoWOPr7c9OmXRrEk1w8bT23OJ2n0QLM0YThDkKRV7PSMonU2p8cb511HXcJIw1309hjiDQwKOGaqnvW2wg4CQ+pv
hN8GT1J40T5qfKkIxBQa0qdJo7WYlz9w8eyhLIAkS8EEC4ZpYHl9CxZSgVJBjj7I6jUotOSUJ7Of14V56GLHHL/CeTZS8W7U7GzHdO7VFGjOXseep6Tde4+SXJbG0JD9HdiIAsxma9cW+VTHeKRftg==
hN8GT1J40T5qfKkIxBQa0qdJo7WYlz9w8eyhLIAkS8GxO4JinsTw/e/hQkbazToAWI0pP6kcRvoZY/e673rQTvg3McEVlcBR7j9Agb1gvIuQkR5NkbuyxBC+TA+TrMzX
ROUvdMKd4BFUymenFcV8J+1JSZiOmMRRFE8H/5bZB+Du9WqpYtvLwLyfsD8owiG1zUtf3mOQgUOrgilh9g3GjNAeGFicVxOUVjQQPMQrxh6H7vc/LuoPmE0YF2hH/fukeFF7f+VpGgE6/VWqbEVBAu1o16Lx5n+EzWdcG4NUxgxV1BPYcs0x13YnzPsUuZhq
Sjktsrnmvk5GYg9YZ4rU3cJXgpmMEP3bwCsMzrbdX7tMWS5yagrWk9X7yPgCotYPzNAswjLeitKCbbHNPcTchaRFjzYyLmBykaGV/i6f5PvsDCg5xXKwg+ZRihkJzVXMEmLno7PI9bMGiye9ge4O5SBAw2tb+jD0iuVfFjWC5j3FN32eJRJtpT1GPJuBy37D2MwBKxhtF93xYgj+H4V7Uw==
EaU+1HwzfxEJjQpLfeSazpDxznIIl8RyXz8lPiHrX0iIOXX9gOT0QM0PhF+vbwg44ORMqMxhxRh+PkdbWZasDuDXLOSkPMpCXQsMSyedP5M=
EaU+1HwzfxEJjQpLfeSazpDxznIIl8RyXz8lPiHrX0iIOXX9gOT0QM0PhF+vbwg4bkkf1OtK18hV+wDeNghEm6YGUiF4RvfJ5qPE8F6a6iU=
YEGY4V3NOdbYSVHPbEXhw/CZMu4xxhBNB5K49XQj31Jd4kgfoJZ7xQdabEmpJTevigOrSkw6n6WoNDitcUvLZ5DTJMaN4781o4n2XF2/LBevXJBZARXlbtC61U7csO6RLWZXr7Ag799x35ChyoRCFQ==
YEGY4V3NOdbYSVHPbEXhw9KQIxSlE0zWOeaTw5drQTsPVkd4xjno9vznbwX1ayafZZL8+3kQ7xiGE3SkKylZ/A==
Sjktsrnmvk5GYg9YZ4rU3cJXgpmMEP3bwCsMzrbdX7t9bYeTqd1ZgdVgmegkRHisdC4IJZyEat8nRlafCWZ8Lg==
GY4pUMzWQivXFZ2H4MhJP+OAruD+UoAFlMLnQ0GI8taBZXMBzSqn6hRtoJbf58zmUm3ceWvz3BGotWk9b4NI+Il/rsYeTiUD6sSIwKIjVZPI7yZJj0lNU6kKZuRzerFw
DsfY8JW0b9VvsGPFHvNIEttjdZDvz9pM7ORfmcW2b6QN3fJYoIhQQk1opNKR2yszzdZklJG3Ca48ETExzVodaX77cbolppOfkn8oF89S0wI=
DsfY8JW0b9VvsGPFHvNIEttjdZDvz9pM7ORfmcW2b6QN3fJYoIhQQk1opNKR2yszPEFNQj+7fCMjkfSTQYuGCEWFwtksuRXETXVFVCrATag=
DsfY8JW0b9VvsGPFHvNIEttjdZDvz9pM7ORfmcW2b6RxhNRAG6MYW4U90pP/K5BmzTsOC4DaG7HiwjGYLC3oa1oiOWyTkpnYhTN7Wxf9oYQ=
DsfY8JW0b9VvsGPFHvNIEttjdZDvz9pM7ORfmcW2b6RxhNRAG6MYW4U90pP/K5BmBqSfC9v4tRC64KtPpD1SdBIrm2RtksPyJaD+HCRIew8=
DsfY8JW0b9VvsGPFHvNIEttjdZDvz9pM7ORfmcW2b6R52vaoCk1LhNq9WgPEZlqwSfUpaI83fmB8A46H/7kcV2JzfqNTxOA3rIQr6p+PqUM=
DsfY8JW0b9VvsGPFHvNIEttjdZDvz9pM7ORfmcW2b6TlBmsW6hc60eK5u0PLuyJ36NSLJgUxRmtmK1GLhrjXRI5mPPYQo/VexTB20rR264o=
DsfY8JW0b9VvsGPFHvNIEttjdZDvz9pM7ORfmcW2b6TtLubLYT/RcdtgC5vrVDN5kF/0tgXY4kXXSfndYp7LFQGmgTJ9drQJFWzilYqYfoA=
DsfY8JW0b9VvsGPFHvNIEttjdZDvz9pM7ORfmcW2b6TXW6Xwm+4RBWmw9Kv5TLawgu2FHNpboAudzepqkATi5jMPOvU8b9+1fp3XkbE2c8Y=
GY4pUMzWQivXFZ2H4MhJP+OAruD+UoAFlMLnQ0GI8tbq9VlzifL8/znMlZddZXns/O8SpVO5/soBHww1iWErTYk1DpOI2TvjDwiq2VzgBFOLIRQ8wlnWrI+1OhEIcmkoAAojqflH0vb/EEidv+yLPQ==
EaU+1HwzfxEJjQpLfeSazkNE6rd7mlFBRFxGSD0HFBhAojr/NOZDJFIDWdO9WEz3/5vWNoGYA3r9TaeMyYn7A4QyCDT9PqEPRb1LoOSl8Tq50APW3Q2NxCkDIPMEeZtU
EaU+1HwzfxEJjQpLfeSazkY2UkiNxCf0Tclo3LeJwU5onBt0f+StIOkIfVy/8Bc3verotNelpBu9TC5GCi9jD43biVzfMeFtBuz/rJ6YUhA=
FdZjWS5Lf9mGUtyuHATvFK/PhMRO5ufvmzncDApG13aRC+MPOyatB88jHeShMxBOgeJckozBW7MwsOvRjEbsWCgSb4b502DuzhQBsCpCUh93UXmyZOU378BoJSu+6cMi
hN8GT1J40T5qfKkIxBQa0rQsySlX0LAbjpvdwIC1dffPDrhwdkLdI4GSAGJ8MjbvsAcqwl6I22+fNjINFIJjj+RH2hH8P186jclqhvAieBqdKNpYoVhbEvRRywcoTuUw
hN8GT1J40T5qfKkIxBQa0qzPy9omxTOHblnlylbam+QPK4K581ru66sOa5K1AnsIuDhT2Bit8oxrEDS7Awu3I0B56SeqtJUxHIOWseiZJnPlRVfsgGGa3arEOswGokmGLuZDo9BNBn2N/6hdXgVCnw==
hN8GT1J40T5qfKkIxBQa0l/7DbpQ7iuoB1hsRIBHC0a80PQAppvBbcZGvTytPdNx4Xm8YNJirYkTr4R1urjItY0JoODtBQItJpYjesm8Ft7fBef8nSsgzF4lSPVt8baP
hN8GT1J40T5qfKkIxBQa0uTUvsuXrld/OZ1vSHa0gVpE4Dy+3L9CGdnjeCBSXvkmez958gSXQJVVhUD6i17ZtVhMogVzZzTQHCcbJe4yuVrdD7JewZLpaY0XY60gqNic
hN8GT1J40T5qfKkIxBQa0j/EOeJwY7sTymEUxoZWb7mYHRiztLCW0UQqP/gcWAfekFjNBBYxLJz48E8JM0/599O44COXh9cJf0VIvDfwXAOQ7XQQjvPzBgxfQQSDcv1sJhve/ZcyaCNuDILQvt4DzQ==
hN8GT1J40T5qfKkIxBQa0j/EOeJwY7sTymEUxoZWb7lfUXYDtjU+9mJmzMDKaqCUIy0sBs4ruUuosCAit84cqczT7iJh+dVIZ1VvdccewbttutDTvwKEpm1MsToaUFHz
hN8GT1J40T5qfKkIxBQa0q19aw9eppUdKLdmKiqwF/zP22MljiQ8pHjDxNwZTRpLftQe45xCLvChjCd4yCL3OVx6sf4g2gELez++Ix6kSCwIDND7H22zR+cVRrCCFSCz
hN8GT1J40T5qfKkIxBQa0ifTJG/tpkZxzdIxNJWJHsmdGUQ+d4/jmpBSYgvAob6pE444NMKHfE3QzW9FHESerCoJdzMljvbgixLVu9dfAjyqzoayNr+T89yIHjtIVoUguv9HC31jg+qus4hfQ7v64A==
hN8GT1J40T5qfKkIxBQa0ifTJG/tpkZxzdIxNJWJHsmJ0PkOzrsCzHvpSYApf6VzN8CzQZZ1Bf0DuoWYzjg1gHqfaq337Bka1F43eVclNtV85OntJ/AQP6sAKyy+0ty/
hN8GT1J40T5qfKkIxBQa0r9rIH8M8sCB7VfzQFye9yfTGWlZH8zm7chxo6xq6Y7381AaR6onKI0u1oZ4WmqFtTHVAb7mlxSXhS6rfCTTeqzrA6Tnk+Z17s5DP8a2d9/T
hN8GT1J40T5qfKkIxBQa0rCGxHgtZ/v8a7zuMdmrZFQm2R9yYYh2WF3bYWazJnH0lFnutm4b9uGfWz0W12a/xgHJjKTJ1/msADKEazmthx45Og+KP3pEIaX49M3ChC9iJ36NCZiBJaAVE2NsadYraA==
hN8GT1J40T5qfKkIxBQa0rCGxHgtZ/v8a7zuMdmrZFRfug6A0Hme2mnfd7XxZrVth/XdRA8hU4DUi6tyWos29FtyI10AIWMZJR4ZSH2J+KMTYoYfn9R3nGCbiLbFAqgd
hN8GT1J40T5qfKkIxBQa0l5atIqWHmSHqM3a/bH0Qy93dPydyRwTCjtXO6zS1oeAqyeRX8CK4GHhvN1vTxOPUaDJ/lNnoidzy5HOIIaiMpU7TSnfDvRQ5SZmtU21ZIEH
hN8GT1J40T5qfKkIxBQa0oveFfcivB+dLK+g7Ewiq/d2cu+BaKq86bvLbK3GYS/8oaW/XDw4zHwd6cxS1rqPKq062T4OeTNErOlITBnPCJGGCfXNIG5dPoqZj4uGIqJkV6SjIKZqRmqDM5pUVlbHww==
hN8GT1J40T5qfKkIxBQa0oveFfcivB+dLK+g7Ewiq/f44EZrP0X7rUkHMyI714pP7XWQ2mYfZu/CbmRzTlqkiQoYiilbfMhGejjWO0buVnijwNfmjV2xeCeiDiAxYcov
hN8GT1J40T5qfKkIxBQa0pNCXGbxiw1E+2+uGWuubtfnPQJnxAPWndQNXjQlnN9aqx2PQXSb+VmI2qDYITVQWt9H9BV6VWYcOcEccYd59m6mAtjtw9LypYsR3br9K2bL
hN8GT1J40T5qfKkIxBQa0lLGXZ+FjJTba+lSXmkZBRgn/8b12IIH0yEQJJ9MBWZBY+8tLQ4e9ZNvdpLLpHrQSZYM9jwp5Veukh56k2+P/0vaDJPCFWadGAoYLmqOaBKTzM3OfjtM20A6Qxj0RkyqVg==
hN8GT1J40T5qfKkIxBQa0lLGXZ+FjJTba+lSXmkZBRjZMhuK/6W6nFZboIAmSsWxzWgt8KEyR7O1qEW5T6w3Xk0UoOFClHC+HxryyWTxQD/Fl84DLG3ZfXdZxRlD2s5h
hN8GT1J40T5qfKkIxBQa0umO6miFBxVXMX9CRXy2Fk+r4BHe8CpuxOnCI3U9vghX51RfPaC6CilI+OKsiJ/qJvBVLwSKmxuIZbtvLd44JoAg0ycuOrsHESvlDYYM/apu
hN8GT1J40T5qfKkIxBQa0szbnk7hBwBsFBi1vDp7+J79GA3O3GwRdwU0+CZzjIrjFQqciHWqHDOQ9W9qlrPtNwOjyQAjKTUQJ6ENqzyhTKZZo7DA4Kj9kqFSVSsxUSRDCW9p6SN1wJ8VxWF4bqs6ag==
hN8GT1J40T5qfKkIxBQa0szbnk7hBwBsFBi1vDp7+J65aQKPNsZ8Wcc/t5+VB8KUbkix8dt/Id5UjcKsSulC10s8Cs+D0zDcusur2GpNCFaX3EyWd2WZpzyFD02OiYMw
hN8GT1J40T5qfKkIxBQa0nHiwX8rh1wXvfu2V2S+JY0vykclVLm76kitEziS3EphwAvVUYz/3uZTcU3HYjJL6z7amCaguz0NpnTSDyP+1/gmTdGb/K/3wz7rO4GEkvNA
hN8GT1J40T5qfKkIxBQa0jjI98S9kf2HmozFb9awohScONbOq12TPdyrx5dTb+7tfWWHbOZ62sABcMYHrGqnMhOGdhDR+FU3FlU7Qhz01dLNGVDNqlCJT153Tt6y90NIreC4o60zBO260uA+SDnQWg==
hN8GT1J40T5qfKkIxBQa0jjI98S9kf2HmozFb9awohTrpAZJBUpdhATlRFIdllkC96jHmywXn1Rnd8RcVpr/yWOFqdJa9W93QzYT0fo4DH6XynrbPkdmoDWvpNAxYPla
hN8GT1J40T5qfKkIxBQa0ntjE4eLO/Xj7ZAEJQKoFroNrIw1Ancav3Ms77Hsv2ZM21c+Ngxb5CrSvhVktnASdB9bmAOR4EOxRu/H1f/7asn7z2R1zL2f7GZlf6Y+fMGK
hN8GT1J40T5qfKkIxBQa0ntjE4eLO/Xj7ZAEJQKoFrpfWd95K2t6q/6lU4/6rwnGKxv7Sf16wXoJ5uhT3KGZutcf1JifWI1Db+IUBSFnqQox/BrhZRJTUIR6I9h60uT93UXpWBXmb4P+qGr1AijA4g==
hN8GT1J40T5qfKkIxBQa0ntjE4eLO/Xj7ZAEJQKoFrrJ5zeaOXHeUTH6nE22P1X3tMCzp2eVFvOEURHR/29RsulHOnPUvkKCJSqm1xRr8EwSEuvGAW0YHpIxGnxxalsn
hN8GT1J40T5qfKkIxBQa0oSDymXca9Q52HPAKR3sZiGlGSywHnp8dSNQzfXs9jnw49xtb6pHgmZLeRtrJSzbTLTWhoFcpD5zCvHv7wNAqA5SHOcttDOqDfNLfhIbFdnA
hN8GT1J40T5qfKkIxBQa0oWcu0Uqy5I0qhXt7x3jj/4nWfan3fgtCpLe0szf8YAw4wEMv6K0QYQwNgpaBRdLXvTdDpyNsV5Z0NGa8bc2bMVZrIH9tb6/JYdq8ZvFkH8h9qjbia9u75JvBkamcc+Guw==
hN8GT1J40T5qfKkIxBQa0oWcu0Uqy5I0qhXt7x3jj/6neFpdc5/0H6NyW6JdsMuqNhA8EMIXhVk6+jEmHyfTtx0bQWRWLuUiW3OGgr8+b3At70iPMEIQ7SnnHAz8DdXq
EaU+1HwzfxEJjQpLfeSazsG2Oo0PISJ+HRBZJQ+jVCX2SIKBnMxyRvp2TkQoYbuR6+JdDHz4zPrrHz25gTqraoFmr1DsRPTTUOxEPcnXiPQ=
Sjktsrnmvk5GYg9YZ4rU3Swgf9ytjsagiOE2niu1QZpPELNJHUm2gjgSkhIVG+tlCmgozes4iGAFh5pxJT9/jQ==
GY4pUMzWQivXFZ2H4MhJP1kEyBsHL+ymzuMUEYDEIdg2yk2PXa7oqm+PPgbWECroBt/1afqboNTki0D1Wz36EQ==
DsfY8JW0b9VvsGPFHvNIEttjdZDvz9pM7ORfmcW2b6QL+rCK7ttuns0iVNBnZgD5ofqmzjW4nDP0hSy1Djq8DvBR4AavkGtbnGma68t6TbY=
DsfY8JW0b9VvsGPFHvNIEttjdZDvz9pM7ORfmcW2b6TCPOQPVkpbQzQeZgQI2PZu6vafbd4u742FkbCAgBoDLzekcas/Jr/FL9mteva9j1U=
DsfY8JW0b9VvsGPFHvNIEttjdZDvz9pM7ORfmcW2b6RmHteuaeqhdzRE4w5ROUAfcCWnujNySl+CYUnYotXKGCEYIYLA7saMPpD6TTEBBTU=
DsfY8JW0b9VvsGPFHvNIEttjdZDvz9pM7ORfmcW2b6SohpVDjlMSp/4kmNwx3a2xR40dksIdI30Bo0cYUGU5Yg/EnTHIOfSNTBe+Jh4QeMw=
DsfY8JW0b9VvsGPFHvNIEttjdZDvz9pM7ORfmcW2b6SohpVDjlMSp/4kmNwx3a2xc/mlPpMrXPBhgZkgdTuSlLNDzaoqf1UUdY6BqRmrsc4=
DsfY8JW0b9VvsGPFHvNIEttjdZDvz9pM7ORfmcW2b6SohpVDjlMSp/4kmNwx3a2xc/mlPpMrXPBhgZkgdTuSlGJP1Zy5qqdT93a6IkjX/iU=
GY4pUMzWQivXFZ2H4MhJP1kEyBsHL+ymzuMUEYDEIdiA0fcSobeWSkc/7rHXPAuAdNZSsKWJ/ORJ//P4TDI5hU6G8e+atzMXqOWqLd5thyub9iLPY2Jn4x7nhlJg3So0qgmqYh7Bz/nmjO63x/Im+A==
Sjktsrnmvk5GYg9YZ4rU3Swgf9ytjsagiOE2niu1QZoVMBWQtv/DPU3MN0vKhKsJkSvT8KtIHW4y/4b0hFBCmvs7enAhvB1ru/iwJUR4gdo=
JuRgDkhw4F1oASeQxlFK/iKQ5Y/LrBZDgxS/Xb420eN+fwOFEL88AssdbIBKDaYQR7cE/O+Fk1BhuursgyIjRvRNZf//M50k0WpmKpPp3oM=
JuRgDkhw4F1oASeQxlFK/lvkE/tmNE5c/6NNtJ1B4X9yljCGTktC+bv7g8GFztfhjsgPBvo+/98m5WViVxrFRdwyHZ1zATBcfHlIGi2CqR2X1IV9fLdtqdXtDCi9qWyjMruI89ZcCufhUrSRvO/xbsWte8SEE9RAgFZr4Ic2aCGybe8p/OxU27o87UQx7dVWDvjXNSG21rV4EIQpVEigGv2bqcetU0yEEwgFEaIdG+M=
JuRgDkhw4F1oASeQxlFK/lvkE/tmNE5c/6NNtJ1B4X8IjsvLHVTkMHMrrkG/SAfp+g6O4r3ZabnZAy1rnEVzy+BhMFiRZixfFlMkV4N4S2QSJmhIWCxsXIbJiKfue6C5OiC7mcyfsduChvRbQf7VGx3pTZkcCxVnzqBAovnVfyIP0ilYGQ/XtTX9w2Wb6BXx83RQpeHpKUBHZ4JyGPmwCXtXJTEDAbgo8txiTSAP3wYNoaJQHpz9DauV28zpOELu
EaU+1HwzfxEJjQpLfeSaziHD6UVb0OtkxHYs7FRGDPJ4oUYE0LmjMhay0rZF8NVkPRUlV6/k9SEQ11/jSXL9Hw==
RAr5E83FxqqCJDcXPWsZXiE1zuOQIYc9qVWGZt6PTRTUv65t8mQzLv/Wg9YqAYJ1hOHHOjmYWqZnKyqbXuwC6N2mO+uNkyuSAIzcJhD1IRy9p+5iTBXr2+ThzHxTLwuM2qLObxmZlZyaT2JOI5rP+eV5xgFccFA6YZyAN/0C5lE=
RAr5E83FxqqCJDcXPWsZXiE1zuOQIYc9qVWGZt6PTRQzWeKBN6OfFHCLhhrYbclUUEGNT7kHxgxNqC+d7iuU9jFS2P0capIgILJtQOWKKKc=
EaU+1HwzfxEJjQpLfeSaziHD6UVb0OtkxHYs7FRGDPLC1sgQz6UClj0M8U7B9KoVIfWlpfRvyo6jVFnEyObRTE9zyuA4G0FZ08a3AQtbuCDQThIgAWZCQHMgb3zkPMx7
Sjktsrnmvk5GYg9YZ4rU3WC1qDGPd00ZRSHi/adusCMkY0z6RRwLaMvMSIF+FmMiJISA7GU7F5iyOqrN9Odn9XBWAsan5gGvl3MwCKCZYVC83gojHIio5HDflfv6braJO4alM7b4dGj2Rraln2ExjIpoa6+g0B6Qqn0jYoODIp6ATASTO8E7KbjGRyuyltvFQ1IVUVEgtrHP81iC5jefvQ==
EaU+1HwzfxEJjQpLfeSazqy1v74vF7cXepGXdG+ikT7Ygqk3J1cdYmQ1GwRniExgoBwr1W8/1k6cpoRC4lAwKuTR5MQtJcLg0bwMweDLZok=
EaU+1HwzfxEJjQpLfeSazuxVgJy6GY5wThXioO1i16XV5Fjc4HGUs8gN55bNF03LQYAgNdLe0Rw2SPnDuICHNs6F+kllSdl+WgIdz+bXEwM=
YEGY4V3NOdbYSVHPbEXhw0EyWMhusBDQ5IIyJGTjKyMafbZNLMcWSGGMTRwl/z30XwUkyRFN9dnvXTBfB+ootr64QJv1ag3KH15REPFUpuWnzE4qWmdEnl/4Sr2kjTrtmbHYkttWyeZwKXJmjjYAKw==
YEGY4V3NOdbYSVHPbEXhw8PdtoB4pTthlR1DIszNC4eyhKWAhNisIxhg+yeWXi7QMf70E383y3GRFXia3OVQEQ==
Sjktsrnmvk5GYg9YZ4rU3WC1qDGPd00ZRSHi/adusCNz0JA2odLwg32HymPJV0baD6AVtzHjxWQRje16SrxgDQ==
GY4pUMzWQivXFZ2H4MhJP1WGwVWUEOaxe7joB9FY8ERydGfIiB9gH8GLexkgFX7ErmwSUYNh34GBrIQb5Xu4HjGT3amcwa/QhLIBsfTNRO2TQbKmFAephvheXD17/Nml
DsfY8JW0b9VvsGPFHvNIEttjdZDvz9pM7ORfmcW2b6Ru1Xwd0C3770pGRgXU8UY0k6fbTGhv+AFNpHtiY6SEVO3QaonxM96uDGkRkIpzuRg=
DsfY8JW0b9VvsGPFHvNIEttjdZDvz9pM7ORfmcW2b6Ru1Xwd0C3770pGRgXU8UY0II/XagPBjLxcQ+iPwitq4Va5JFFmMwbO6sbrnSxmN5g=
DsfY8JW0b9VvsGPFHvNIEttjdZDvz9pM7ORfmcW2b6Ru1Xwd0C3770pGRgXU8UY0GpDnTftl8c4qI2ZFDqYO7aXXQerD59QarwnAt5LnYY8=
DsfY8JW0b9VvsGPFHvNIEttjdZDvz9pM7ORfmcW2b6TaB79sjQCZMUACPKZyWVUZfniUJCU2JYU5Zt4B87dn2BNP0ux3KhjXLMwlfTnXNx8=
DsfY8JW0b9VvsGPFHvNIEttjdZDvz9pM7ORfmcW2b6T3Z4ZOCyK1zlTRHuIOhk+5gpyGt7QIKRguj+g507XUzgr2Wi/UqJAVqQlX+qti6Ow=
DsfY8JW0b9VvsGPFHvNIEttjdZDvz9pM7ORfmcW2b6ROxiPyz0ezccrAUl4PA3vxUxuOAs3MDo8W8dakHonE3E+1p/m6ejvv09BKNzLPRVA=
DsfY8JW0b9VvsGPFHvNIEttjdZDvz9pM7ORfmcW2b6TsnOIol/6OvGg6mS/zhcB0QYGDcIST87hfjiChgPutmelHH5HovZt6zX2YVdLobD0=
DsfY8JW0b9VvsGPFHvNIEttjdZDvz9pM7ORfmcW2b6RtPX3RN2nKJTBmQ+R1Kb2DPQgeQpc5MkH0OKq0qKc3YynuiUMUWl+U5B64culdlmM=
GY4pUMzWQivXFZ2H4MhJP1WGwVWUEOaxe7joB9FY8ET/nr8KQf0Gauiwhxva6wBC7xh/bhXPup1rRxJ+MhoNXqdsIepNemgovsm6YU7tjLOuIPQesOsAO2rLrdK17QQW3pvkPAaeHJZ53hprK8k9dw==
EaU+1HwzfxEJjQpLfeSazsAlnRf3+avTWF3NxoQGAjgwwxAAKLlO/2SYhdKHh+JyV+HkRP1FBPjT1Jnm648NNzlRJk5Pc6OdyE6KtmTQ9jeIwJOSsP+LvumXPIDzXAvG
FdZjWS5Lf9mGUtyuHATvFJi+NGod9nc3zG3He3GtvFRuTqn3HtxyUiLur8ROvCxkiRON3pQMn+rlUgCSFHXcsHzbFb0lGEO8hGDQMGVBLueM8rYDMq6fA334YkwfsTJE
EaU+1HwzfxEJjQpLfeSazuBTOVZmyMQ2FoxDuOl4Eq46oN5hl23xpkrLFs61Poyim09Yt7/FVMLiuaH1VqGbiaAvck4yv4zDhKJ6q27YVH0=
hN8GT1J40T5qfKkIxBQa0mfxVF6KHFWCgMhsbCst86UNLYE4UHVtfEErWM1EKec6BxCIdLC/oGH6UCkl63biTa0+mCh6Brm/jMVbYe7HHO2r5maHmgjaothBAclry97E
hN8GT1J40T5qfKkIxBQa0vIBsjgft7PEdYjMJBd1uZGS4+dgpp/OdmQssF+4ZDZvd5ZKCAWJYhhwuvJ64ahIvDYT1zc6RB/HxX962VXOcbs5W1U/iFWGMP6Z9F0Xfe6k5DM+lfCY+oZNqTLQ+5aFgA==
hN8GT1J40T5qfKkIxBQa0pp9IPIId9nYBRXGvb5EYUO0K9Yx9cmzJ8qNzZ7/E6csJ/+DgmJj3XkW0XPPD6i14a3fXsZTv816wgGA6FWbGuR2DjyS2/3NE+Hb8sYxdV6y
hN8GT1J40T5qfKkIxBQa0uO6HIAgWw81cZ+zcPh3SsZSG0UdKvzQKLpkbfcSOv81ueo9PN0ec9ZoSCUB+Q0Vhr0p553qy8RvSQggLtKm0Zvhv7x5DyF2QYrqWVMx3obz
hN8GT1J40T5qfKkIxBQa0uO6HIAgWw81cZ+zcPh3Ssacg5mP4TTwgw2p0J+Elcv9pPt433del85kru/aFXBFTrZwGYy8OeqCMeUcjNWixG2g3lMqpNqzKj8FibKovwHl+XGY0MTuwrcIV0ytLDEVEw==
hN8GT1J40T5qfKkIxBQa0uO6HIAgWw81cZ+zcPh3Ssbz7XecCrnPp/HGfPSK3ndlgbpCnXmBW6QerpSDf6ngD+4SdLb0yDKIbArwb7jqsdU06EL/PFdgwgGlto6wLokv
hN8GT1J40T5qfKkIxBQa0s34Q4Hl16wF9xkfjw3NjqxI7QEpuZU4lcwsH89ygyGpTC2NejUNWKikehF0HmMN9+AMSotu3WkAGCASv/E44jTrhGurh7CreSlimXDfKAAt
hN8GT1J40T5qfKkIxBQa0ljC+1DDSCNXj1LIbGegQ1qc8xKBUS2wgq0yQ0zFS/FEoOAbeFJ+Fp2gtHbeL06mvEZPTpvmnEPNEeOmEXifVQuFuCIAqY4K8NrNerxC1v7Sf68sE0/mNpBB1NJdC+ZIhg==
hN8GT1J40T5qfKkIxBQa0ljC+1DDSCNXj1LIbGegQ1pitvHkqc6fRbXklK7dZGl0mVmDP1+9qu5pOkAaD8rWYJyoEIkrhdct7l28Sv4xNGtvBNK7zuJO3f3VUoAVt2+r
hN8GT1J40T5qfKkIxBQa0jIK+SUJIqfOk/FSmF+ZC73oA+Fksa6BX9vDEh8XlQT8kBBrqaFvHB8/V2Px+cEOWDCcgJJ2pgvIGXVVL1DISQ9yDD/H9+0tCe1CQtzUnYPe
hN8GT1J40T5qfKkIxBQa0jIK+SUJIqfOk/FSmF+ZC73G8NKqtgtcGLwH9uLldyNJKcOEgi7KrnO9x0HLycKOGwZ6UnueiMXkeEtbscLTZW1ZM9DFr7sbwREjHZib/io3fILADwIfXsHX11Dj795+lA==
hN8GT1J40T5qfKkIxBQa0tGwNPTsNh6B3lIRTePzKXUcHQ/IE4C3c9Ys30R02xzHzgYDMniXo3ajlmllwJDg7P3uj9jQC3XSCmDsMOKwe+zUlgT3spAjVZkFHZKhy+Nc
EaU+1HwzfxEJjQpLfeSaziqQGYQwq4Kt0+AhTHhJ0miACzSHQuffYTW0nO36N1IeoHmtv6fVtSMj9qhRhKPhQ6Ytqb8UWuKGMvd9q02Toe0=
Sjktsrnmvk5GYg9YZ4rU3WKas80uguH83T5KLjj7ZcawyFYYc6ij4GpJ2jSncyYvFcyWEIlg5dNeyMhzoGC4/w==
GY4pUMzWQivXFZ2H4MhJP4tqqzhZCrI01t+i9/jMIEyM0XYqoSH2IzgfHyHQTJkUa6COqykdniDj+UQURfKa5g==
DsfY8JW0b9VvsGPFHvNIEttjdZDvz9pM7ORfmcW2b6T0SujiL8KHe2aEQ5qjb+RPTRQNj3BdDxzYl1zsK+baUUYkYH14NfRH+b/DBoaowe8=
DsfY8JW0b9VvsGPFHvNIEttjdZDvz9pM7ORfmcW2b6StWBcsa0tw3kPjyCxnoQDHchpz9gjHuL/Z2CeQcl6lPByFcjIdgyQ4Kah+y+HP9UI=
DsfY8JW0b9VvsGPFHvNIEttjdZDvz9pM7ORfmcW2b6Rtm+6p5KeikjCFcAx1lFuLkFNgM6pBwImnR5IXCHYRM/okrPCTGIhLmlicOhlASjk=
DsfY8JW0b9VvsGPFHvNIEttjdZDvz9pM7ORfmcW2b6Q8tNWkSjgCH7/Tgt1bY+abqjrxvLYa7Rm1uLxDPJk2qNZFApps26Gb9i5XiCeHW8Y=
DsfY8JW0b9VvsGPFHvNIEttjdZDvz9pM7ORfmcW2b6Q8tNWkSjgCH7/Tgt1bY+abdrBwxtbaq73VVuQY2zDDU+NaFu7qz3szliVRe4UOkPE=
DsfY8JW0b9VvsGPFHvNIEttjdZDvz9pM7ORfmcW2b6Q8tNWkSjgCH7/Tgt1bY+abdrBwxtbaq73VVuQY2zDDU0joGXazGtyRQRGrvJenvK8=
GY4pUMzWQivXFZ2H4MhJP4tqqzhZCrI01t+i9/jMIEyTfZVGuhLl1WaW8a4giMlZhIV+BO2j28j5I5KKIihkX8ujgemy2XXdRqombfHsqviCygC8ILfRVkRBjMS6TNktIyjjdpVLpc/vAMG+BtUdJA==
Sjktsrnmvk5GYg9YZ4rU3WKas80uguH83T5KLjj7ZcbGE11s84zOAnrg6jBNzPZrssO00Ivr72VqpOJ1TiLsEpmAw+t6K3dB3K0tJJXYjpM=
JuRgDkhw4F1oASeQxlFK/gb/NQPkNEE0q53ea5uOp3JlJufGVgDCasdyN2tPVvV1iSnQgGfApGJ1lVabfmQUafuOmE+dpnMWZ8Qq3bj2DoA=
JuRgDkhw4F1oASeQxlFK/lBnVFRFJltyaKZ91+ymh04QpUKtqqlqB3m29UoPnRAJP0CYBwlt1MnouXd6cCN9UT5iWeaagTlpZuOHHeY2Lc0yE0Wd1NPD5V7IczQ30MYC+2GbasDrr7eR5PkSJ8kEQQCr+9+aev90i1wMLhQJpLR9y7knTJcyJG29yPi1J1RQvU3R4gYMEnjrCyS0sCWLyAkWjvCiZyckKLqGI8OtY8E=
JuRgDkhw4F1oASeQxlFK/lBnVFRFJltyaKZ91+ymh05zI2AoubJpjVYrujO6PZApGRAg3Z5Q5OE1WVZBPXL6DS+lTpvc7jXZbrX6HWyXxIy55ybjqCvS56W1zj35sg/Pvs8rZ5/2enL6IK3JKK+Xa0opAg6q4myIdaR6AY5ihnJGVmMscuVrOkgfyjKDld+HF4k+76Rs3Fgl9zXqoE7ZdV459VtdpRryrqEDCSdKOTB/3qM+nD4c0aPW4HOYybyE
EaU+1HwzfxEJjQpLfeSaznnHbXDJ3iE4xSSkgiIXULzt8yLrJKhA83ZioNHJfCQBi43/Fl5VVKTNl2KTifBDxQ==
RAr5E83FxqqCJDcXPWsZXlifK9RMVEd2aPjaDwn75ASc332xQSHy6fKwt8UI8XONO5/S/uyIPE3oLXI9ykkb2gwwiEy0cS4d872r+o7Zjj19RAuSps25gIWSwSmZSx8SKFw1LLOnVTRNA37oQPAt/diHJbIsMafRwKMaZk+akj0=
RAr5E83FxqqCJDcXPWsZXlifK9RMVEd2aPjaDwn75ARpKD4bieb7717nFPNLM9uXbqnZ2U5D3tUA4MpKBXf+se8wztQSpZGoa8RGAoI9Q50=
EaU+1HwzfxEJjQpLfeSaznnHbXDJ3iE4xSSkgiIXULwLyDDEYrT7ZZe/4CxNeyhVXcoBA5evFi2/ZJqPVPDCT4KMm5m/qXq0GdVaVyEXoAAvGDiaXRLxHhxN9FCQTMyr
Sjktsrnmvk5GYg9YZ4rU3WKas80uguH83T5KLjj7Zcau73/S47dzbbqQmw/tQLjIVJwGcp0LNmKj++e1YtEVf80arBWoN8hB9I4yj9zXo/tBOjheRNeJqKsYL2DxhRwZtwzT87kdT290PtcL4VjTeT+xx750+mr1si4ImX2Q5SX1cMTgw4uHS/zPmm7NohJH9yZSMIF2056Ey3iIu75+ew==
EaU+1HwzfxEJjQpLfeSazvW09GcY5g4BmPKuuIFmii8fKIZ6nf4pPRXz+jacFvt7Ptaw+1l/q5tMqqWs3gRbaBoBlnyb3HMqaRhi7mBHHQk=
EaU+1HwzfxEJjQpLfeSazvW09GcY5g4BmPKuuIFmii8fKIZ6nf4pPRXz+jacFvt7tw8VjApIxHYTCB8m8I2rgmALtJtT7i8sbY6yPmz7EGY=
YEGY4V3NOdbYSVHPbEXhw5MUSeUNSvaCwvLRzEEFR8SJWdTA4Fu1GQ1Koi4S0LrQlTw0ZW00QeLRawikolmxxUOOGGFMhybvktB838kSithOTD3rHTvTehMdMc4ZjcWrYxndxs9pDfNKXgKtdZow2Q==
YEGY4V3NOdbYSVHPbEXhw5MUSeUNSvaCwvLRzEEFR8QXyh8Z8YA382vygnxuI7Fn2MvH12x1ciWSwhZtaUXnQQ==
Sjktsrnmvk5GYg9YZ4rU3WKas80uguH83T5KLjj7ZcZ1q+JyxdY/In2qE58FRsTbgvF7Jr9TVkkIkjn1SLvy+Q==
GY4pUMzWQivXFZ2H4MhJP9bEaJoF07QaJ9+VLcUUSJD0AyBsnBKmNQOTZQSDPORd/AT5oC5EDb6+AL/nfz0MKvocGNIrL+g73kueccVsIziCmNCSghpXl93ZtmkoYvuD
DsfY8JW0b9VvsGPFHvNIEttjdZDvz9pM7ORfmcW2b6TemDiQhq5gn9ceG1qwDpGZ8yGr44FON6Z41/FtzBFoMIsWo/t8BbcJywIkP8aeHIU=
DsfY8JW0b9VvsGPFHvNIEttjdZDvz9pM7ORfmcW2b6TemDiQhq5gn9ceG1qwDpGZAH+Earfg4txvsLg5+ta+H0iVxgMMl/J6pTFKhWWKJ8k=
DsfY8JW0b9VvsGPFHvNIEttjdZDvz9pM7ORfmcW2b6TCJUytaykH9J+CSlXaQ21xa6HlxjlmEVShNcD/xeZJIyZV4zSpS03huO/hI0OM+4k=
DsfY8JW0b9VvsGPFHvNIEttjdZDvz9pM7ORfmcW2b6QrhA/qR0h1/Mli5lihYs8wPr0yzLi+6xJW1eOSSDAkQiT2XDPe08OskUcqnVaR8/o=
DsfY8JW0b9VvsGPFHvNIEttjdZDvz9pM7ORfmcW2b6QDe6QM1PG7GafdeziWeUKUD4YnuiuhrWOCI1ZWmw2L7pdcvfCwnn+cfXvlYIvYJNM=
DsfY8JW0b9VvsGPFHvNIEttjdZDvz9pM7ORfmcW2b6SiWnJTqhy8+E6TbuFh1pI5b6IscgWqy83GsWGrvRf1GsozSRIxRi0oYpdIWCqS09U=
DsfY8JW0b9VvsGPFHvNIEttjdZDvz9pM7ORfmcW2b6TMcn28/TPPp2LlRKDuhyszLBYHnIoc+Jw0pVBX6saFnLCTvVMCTHGv9tePHZA1EWk=
DsfY8JW0b9VvsGPFHvNIEttjdZDvz9pM7ORfmcW2b6RaTPuLVM50KUTXPBM1tdWgwX6naJwhy1PB4ISIVb+3Oq80HC52ea7VnfdhrVsfSTA=
GY4pUMzWQivXFZ2H4MhJP9bEaJoF07QaJ9+VLcUUSJBbKLRZcL9GCxf6GDqqd1ncCKba2RM1ErHGwEhN4t0CEaUuprcvNOWzqXLCOK5PMIJ2IRlY4SFafDZLckQvmh/46ZTmoWCuiIDHj98uTveBGw==
EaU+1HwzfxEJjQpLfeSazt5cn5v+wDNdqbOiHh9Vj+uX6u2I8rtP4vSbjzCA0j8mXgRQ6VadM2VrGnG6p/9Bj0AP0oRixC4Ce70p1bWORiw3Ib2fIDAb8nIqbHQrslKu
FdZjWS5Lf9mGUtyuHATvFMiaSv2sRmnkpR0foY6lsv+s4X6ZeMcXIPoP1tyaABK08f1pcUkcTu83GwZs5p3B1BOuOQdCk1vvpzbc6JPEsclnbdkuMnZ3LZcV70sxTvDh
EaU+1HwzfxEJjQpLfeSazkv8d4uNieHHhmRR0XhlnKOSZNS4kMyGn49FDwM64/KAiGSK6UXEuBjrmN7fAAsMUtyU4t9/tFWc/uY2B2BUumk=
hN8GT1J40T5qfKkIxBQa0kqaQkoJjBNEPoUEAxEVBZSn0iD3Iad02PJCF5ovJfkxS1IlNddT7UBPGLK99qfcWfLfvDVuVXKv29UsgqY1336qq6xE4ryF2QrPjK10xdLU
hN8GT1J40T5qfKkIxBQa0raAnI6rMBUEGf3lET5/J6ILd3jTJQbpzNkIsyeFhHvMRYeQcsNql9jdw12SM1rmoFIUBuciiJHhJmANaeKuqcHfdgqcRvEuHJA5z7ImS+kD0cXLaAM5VMe2sA5Vy8rgAQ==
hN8GT1J40T5qfKkIxBQa0mOe1os25XFGgin9pQsSZSGiYazZzzBoUgzZZNaJ7TpPt1ybuREF1ddzIstWi9cpzkmMLFKqARQMK4ATiVtef6I9Ie/2OmKtDzdwDofHlvgG
hN8GT1J40T5qfKkIxBQa0mb17pFoVebaHOQbJpsQmaGBGtkV/b5ZQUdCUpr6PiStNA8wVwISXf2rZvs1xaQLBYgswo2J0Lku/9QnibYMauQHM9KO689yiY9MKcPR9j5k
hN8GT1J40T5qfKkIxBQa0o8Kgl6hOOUY6j82JfdUU/UFa92vUL2+Eq8rz4rr7IZm9o8Pl+67YJrx98NC+YDwi/k+VB6kr/qUJkbTI9G1OcY1cL/nh09bTMzkOKEcJkCLFZqmrN1Nxzr/cFau92SBaw==
hN8GT1J40T5qfKkIxBQa0o8Kgl6hOOUY6j82JfdUU/URXSvMWikPLNKCnSDt4rm89qhOdnoqqudiijwIKpGL80xyTs2G/nM8CUBNSVp3Ow/+BPBKwADi5VqzMdftSdFO
hN8GT1J40T5qfKkIxBQa0iQ5rcaB8/0JkKMdaSSJosjv6dlDlwLYXU7ZwPzGQH181WsbPRg/Lz0vFDTLUbz1nx/WzsWobn0mMGuGRgpxLOGE83hkD7W4gesfIPNtNLb5
hN8GT1J40T5qfKkIxBQa0ijKRVzE4HMAXXuVoa8s47YXniD9p3VR6eyxrreCKYjQ8F/WxOJKj3fxBzCYkieySju3VpftrHnUSprlxPMxhvTwsi+MUvlkbHm0xuR1OyzhNNcIe581xKtXK0Kd9wgRVA==
hN8GT1J40T5qfKkIxBQa0ijKRVzE4HMAXXuVoa8s47Yybtv+zf/mjBFRNJJA1HFSSWUg7Y0B+EA/JKzylSeD8XIk/6VBm9Ee9uU9yYur2jPPfw5MkS/6DlJNU6LCQtyH
hN8GT1J40T5qfKkIxBQa0l+Ygl+n36hwCSItlkiPbJNP2vSDYnzQmHsms0w6CRCjobdR9j/yXcBdJCH2G4ZF4Gmgt/6/Tr9dIiCNn8axBBHiMUpC4uUoM4maPpe6dTMF
hN8GT1J40T5qfKkIxBQa0sisBNvhJEBuhjIrh2+IXiPsE2wayJllxKnWQU9mJRFXl78aJ0CxgSUfirL1QjbF0+6bm9GvfYP12wGp+MowH+uVV6NGUScYP90FX1rlCIGtS41A9VPt2Y/XSkMkZCWQYg==
hN8GT1J40T5qfKkIxBQa0sisBNvhJEBuhjIrh2+IXiPNNWYkqykqkhJoo/64kvfejRaqlytnUP+73PS9hsV3+1OsWdYrGyMe2Mx+sXpXzJoW1qGaAOkIf+h+N3e1Usn2
hN8GT1J40T5qfKkIxBQa0heVE8EWYYzAerFdWtXZO0QJU6s2Pguybi26RTIz7S6JKXRlNjGgljrnbkcanqU6ylTaqXOQz4SPcDrrHpAV4e3WQL306gydyeIcJeMzm3Sm
hN8GT1J40T5qfKkIxBQa0jMoIBm020PubF9XOXUZo5blwsgZbSwhY9aps0Z4QEvtVZBVgOKfRt0QVHBYAB5AXvkTCUF52cKJs3uOgkL6F+6mFmRDEjujQfFiCmjIjFy9tg1XpAVDrryumO28pjEnOA==
hN8GT1J40T5qfKkIxBQa0jMoIBm020PubF9XOXUZo5Ye2uGgVOoAZlgJgZ/3BgKaCxwHq93jSQ9gX3KXEkwszalC2Z6K4iwekHsyp/IH/U+59AhW4gVGE8oEavC0jGCe
hN8GT1J40T5qfKkIxBQa0meZ4C5gt9CGaUIYe4zJXggetkvQps5BIDR2do9z/ZcfKYYQypblLyeUmY2uLfLEHJ9EbaTjTWVF84Uh/AjHMy4OH/e+pWtCtQkbMhrdrJoC
hN8GT1J40T5qfKkIxBQa0vawkBxKYpw9G1lAC3x8mPk4ALULjyOfUUJatteFXnaZzAf1J2o6XPx52FqElqzvvz8ug42yRc6jI6Zml03L/0t+SmyvxrmTIMcq6zq9k4zQ6sg8E9yJfN3WxuS/wDjLsg==
hN8GT1J40T5qfKkIxBQa0vawkBxKYpw9G1lAC3x8mPn5OKMHmGSypE6oWYaoKBMjZ2sVnE+7jbNB1h9cVTbgQlAlKQv1b+Zz1YMcE6IC5FFiXxeNFy0E2wX9d4XMR57b
hN8GT1J40T5qfKkIxBQa0lw37A3Tg6JuiqV0jfrOc2V4uGnFm2JEwtS2SHXBQhVHU6QUEQ47l48tsLLV4ef7e6gPE8anR6WuLoeJJQoG2QgBYWeii6cBQmje9C1x0FRb
hN8GT1J40T5qfKkIxBQa0lw37A3Tg6JuiqV0jfrOc2V8nTCyGv/B9nR80RML3i65ry65aOo5k+qQr6cxVCQBEbnYJJeBOnOzoYkZaCIK6iwe4uWBX9UNpa3LRqKHf90o39CDX2l0YEg1OI13LjCtiw==
hN8GT1J40T5qfKkIxBQa0tyqji0wsaULS9qsgBhbR1rF8j4p11QF3/xq0ukzUittRq3ukvELiyuhLOqILU6DRE/wF1lW5LnPQU7hfURzihJnLqXACijUmqRuLaeLzwA+
hN8GT1J40T5qfKkIxBQa0toy6grS+v5y7LVB1flwoehwSwDSTD2xhbnGyRCD5UakpvnkuajSJtzc2t7XMMs/pNUQCQdvTmFnEnVzNKGGOo6g5DHrGahjqo7BVwhjS6YX
hN8GT1J40T5qfKkIxBQa0toy6grS+v5y7LVB1flwoegBMbEa0J67PBqC885EPvjbWTK8Yt2sfqk6w303lf6Bs1p/3gJxzjHTmh/zv7lTbCGh4roKf92d3TJzF4NsFupeBZoQF73KxwPv7S+X4heVqw==
hN8GT1J40T5qfKkIxBQa0kLWUJwX8oWJvlBCyptVatebJc1WW2yZdAyB6fCCxiP5EjwBUuog1pkQkY23fkRz2hTr7S66ENtBM0/488s++T90AchtGMDNTl2fgH8ZuO/N
hN8GT1J40T5qfKkIxBQa0lR5BBWfHRT3EaxORGm5lkX1tQQEic8w7CD6TPvlPXpO6ceidY8qniO9eT4mU+Ud/sxWx7Se0AzCchJHnFUxc7NlCZUSZdaBwFTQ00OxHoxv
hN8GT1J40T5qfKkIxBQa0ua6rYOrK3lYDrlRDyp8zuM+6D1Q9hFuQA268n/db7Cs1pf8qqhMfyoE72NlJS8KoKUxyRqQk5fz3RoZ8RRTKmLjBc7UTpOeAmv1FQvunw1N4IMOntZHYGEnpq2E+M9HuQ==
hN8GT1J40T5qfKkIxBQa0ua6rYOrK3lYDrlRDyp8zuPTFCpc6mP1XFFFPqiJNBxWe7Ybre2lo2WFq94BefHZK9v+ltp+rlrKcEZa9D+fBxbTGa6PjdFm+2kNxR0T+rjC
hN8GT1J40T5qfKkIxBQa0hH2ee8jl2LpJqy3bQgThMLJHiFrVuPGwFChz8IhyVonoNMlxUUYlzTYuhHsoZDo63M1SOV/iYzuHw9ikm/7WefU2AejTx0qrE77K7uOsFLj
hN8GT1J40T5qfKkIxBQa0hH2ee8jl2LpJqy3bQgThMKU+cn665WZ1MPuf5RgrHuFxfrQsD3VwadeCtGAyItu7OQgN/6YOJzzS0ZCI+v/nBzO6zdYxBzbFl/G9H7KioPGt/glzeCbCXiAIDD4n9YR2g==
hN8GT1J40T5qfKkIxBQa0uramMdRXku6ORK+xVybjLVDy6WxaHJP+cQ//fLL8zAFaRtarX0ph4e3GUi9JVmy1hTePA9/s6p384+PTUOOwhHKZuHckKu94GLEysNGICfa
hN8GT1J40T5qfKkIxBQa0n1aBBfJH+GqMM8UoAFxKOkZiaB8sOhK7eNMvC0BhbUMYPmenS5h89Nvk8a1ICOQfbNWHyccZZRPbBvY7RySugrANtQ6gNgKxMiLNCNiYNLg
hN8GT1J40T5qfKkIxBQa0mU38Oiy6ffbXsXM7kcQ2vlaoEcjMGas5MsWDt7B28JVRHeOq/laglcB2w/87peEsOg4o0iYLpEu0aMYT8LGGRuLr1b6NodVQw1y3et68Xc2xKDb+YreW0NG+lyhUvMg7Q==
hN8GT1J40T5qfKkIxBQa0nG1GN4PEGayGyjaYS/MeACxqWzsvFcyHMH9AaLNeCWhqxDQuiwP70+AqUcmh2579tN9J+43ypjPMvK+ANVTgw+Xv7KmAp/BymA483xL868C
hN8GT1J40T5qfKkIxBQa0r4+iu/aCZpEcpRt2weNWxIShAbuJ+YKQc5U/UASzAyLixUzBGP6Y8WJgX1NeOsqliN2KN0J63u10dvn29U1Chb5tZIawmW/6fyJjf7xrsJB
hN8GT1J40T5qfKkIxBQa0r4+iu/aCZpEcpRt2weNWxLrtwCpHNIMa1nL6dLTQqw5k6YgN1H5Rbg7ay1FOmZD7eiURv+ea6T19JKvpo+wTFPJQ3Is6UddMKtPWCYC+EV31hOSheY156wtyW2Y0E0eEw==
hN8GT1J40T5qfKkIxBQa0r4+iu/aCZpEcpRt2weNWxJTwHI4T/b8BO1Z+igOqZNjX9Dbxg0O79QyOZZaz/PzhddPTjc68aSQB4wEPeukADr+bA9zBv4s3xTkJl7QFoJa
EaU+1HwzfxEJjQpLfeSazngnQ1R8zo5frtThmSQYhq9dYIa+FVkvlcu4Jr1AJTNmTsG5qcOiSO6TBFpzcIVV7h6BnPyqGh8bPafYgNIk4Wc=
Sjktsrnmvk5GYg9YZ4rU3f4kNC0kGMUTgMYphnVpjGFHQS1WvuEvcokzlZwtW4kvvsPBSCcleKTJKdu980uvQQ==
GY4pUMzWQivXFZ2H4MhJPwO6IXsduBDPisN5gVD4gO5cQ+KNCgPxIPoeyFlEKpcrSKbeMZcBucLArPR5fTxuBQ==
DsfY8JW0b9VvsGPFHvNIEttjdZDvz9pM7ORfmcW2b6ThOfBWfwGJRD/qpL5PuHhj0fIfK0+jmN2MNqUo5zRevUKoJ8nCaTF2Mr3NRxltYeY=
DsfY8JW0b9VvsGPFHvNIEttjdZDvz9pM7ORfmcW2b6Q3cUJ4caUXo/9XlR9VVL2SrqGkNksuWvdqwoCM4Z++YTPP0f0W1Mi6FmSqZagbpJs=
DsfY8JW0b9VvsGPFHvNIEttjdZDvz9pM7ORfmcW2b6SxKjk+93I77nQZmUjom+CpgwBfSoy8mGJM8NXy2cpyeU7bOniHy7cSc5cFquS1ROc=
DsfY8JW0b9VvsGPFHvNIEttjdZDvz9pM7ORfmcW2b6SxKjk+93I77nQZmUjom+Cp5zfNV2+gAj3gOTrPCAheH7FJoKbORi9g6n+RUPvDZFI=
DsfY8JW0b9VvsGPFHvNIEttjdZDvz9pM7ORfmcW2b6SxKjk+93I77nQZmUjom+Cplx8pHDwtikQh82AOQ+dqfu5fQox+OX91Srh2AMXRYAQ=
DsfY8JW0b9VvsGPFHvNIEttjdZDvz9pM7ORfmcW2b6SxKjk+93I77nQZmUjom+Cplx8pHDwtikQh82AOQ+dqflRIAM++6QXQJKA8jh8LJFs=
GY4pUMzWQivXFZ2H4MhJPwO6IXsduBDPisN5gVD4gO4F9R5wQLhQaRRT0+SRcAp0yGL9qMgi32iDJd2y9r+2yWV7E6HMltIOYhSAGBZpHRdZ/Mq5Li3x60n1jNosou1X4A6GJe95w08Z2yE5gcQkig==
Sjktsrnmvk5GYg9YZ4rU3f4kNC0kGMUTgMYphnVpjGFMv+sTjwfQXNT9+hgZAY0zN6TfHcPj0Uy+UUeVoF1E+oOuDubjAIwiEJWJ+h0YpBE=
JuRgDkhw4F1oASeQxlFK/qopXn0y1pCtYIX7hBxIzVnhVBlzuqZgJ0MGpT8f0XreO872BYFCIyAg4ArpSoXOyku6/ze0LMxRpUcnbmtLSlQ=
JuRgDkhw4F1oASeQxlFK/qopXn0y1pCtYIX7hBxIzVnJu0BV3hx86VHYzIft3LLXFsq4/O7LINyLy82FvNBT5ZPSGXo9Sr8f8ZtfN48rBZ/Ea3huzgtg/WLcScvWZHFd/ksB5ultT1gfruxtEjCHfVNsGDziom9ui3u4imgRVh9M3bICuRlw3vskN+GdIu7/XPN2o6rKxhlZZ5OzionEs2t001nOURGNtklpYSUa1Lw=
JuRgDkhw4F1oASeQxlFK/qopXn0y1pCtYIX7hBxIzVk2uiz3jbD/O2Op/OVXM1GOWU7tu2KMqWWNTNrWbB6vqvZlbYpDWKguP89OMeJ+q810a/wX3ltJYbImSNf0R2UbcFlDlXG4aq8qSP3bPHp3Zrs5GXl7w0z5lug9LGHBnh8+TeY2tMz/lx5HyhIlHpkkuI2gJJLeWrfE0Z/ylT8wJWFDkIXUmYZd6GJXSJ+Qa6wiRevuaNZvl4XFle6grZQN
EaU+1HwzfxEJjQpLfeSazrbMgPJslSuq31NVCs0Npa7MmyRktnPeTuIj9W6VdR6tPXLG4kN6WLmucpF11pwrJQ==
RAr5E83FxqqCJDcXPWsZXhKYSXsmXkQVNbn1b6PLXXGiI33f/iJOQbLYk9IS9F6LJXMLm4aYS00+G7UyaGjjCuDSpHbfy99XF54oQe5zpfgPEJ2tYSP3bX8RXhWoi4/6v+qDwUYTPuASfFEygXtaBV+GqmRG6VSpZy+Sj0gXH9A=
RAr5E83FxqqCJDcXPWsZXhKYSXsmXkQVNbn1b6PLXXGAh8Ekkiuq0rnj3//gfyPRk35UVu4ZStzppaoJQiLARgEolTrpuvy5OztP1940Gnc=
EaU+1HwzfxEJjQpLfeSazvoo0ugmw5MevtLgrKJOSFY5rh3ZQLRu3GcN7tnTWuC3FPp3cOcqpVjGdLwpofxN/orJ9XH/k6Ba50L+nW47p1C2UQsUKGgYiWdPxF0feFt2
Sjktsrnmvk5GYg9YZ4rU3XEbySXdtjVg3G78Z03zUdAJf6ODRG5GC1IsKvmv79UduLdWAPk1muWdP0yaLVjoG/cH2vBd693rP7kBmC0JZNfA4Ld+BX3txwJnBgzzhsbsWhNndM5CIxiISqZ+810GRT37BVSdBJHA14zmUNrwEQBQeXZJrnjbqMGxk8XsI98ONjOu0c36shAhLj0bm8ir7g==
EaU+1HwzfxEJjQpLfeSazq9+5kGaEF98ETQPGBX5d+Eav0WTq1Iwelu0RAu4CvcqVvCuaj+WH2Cbqtp2IZVg1ZUWyGPSCe7W6KagpX3LU/o=
EaU+1HwzfxEJjQpLfeSazq9+5kGaEF98ETQPGBX5d+Eav0WTq1Iwelu0RAu4CvcqG/A7JZn85q4a9ZnKkOf0BwtNkwoW2jb8U0LwqN7mnqI=
YEGY4V3NOdbYSVHPbEXhw0vo/KOlsSXVHi8VAGcopg1v6KK+q1ZbtKKkjxn4ISWPQo/kG9ogaEKmtpMw+7jToGbSPEX5MIPTPBl/jQXlTD5klQ6hkkhB0KKxurjN4SEvH0Fdw7ZuY8CmhyoVVRGYXg==
YEGY4V3NOdbYSVHPbEXhwxj4jyio5NcR9SMXhjBLTsuMiyyMtNP2EbxDvZbDQSVchfvchwwHRCMdOWA1hbujig==
Sjktsrnmvk5GYg9YZ4rU3XEbySXdtjVg3G78Z03zUdA5HPY6eCz3504pIsHlUfamiE2BsKHUvYhfTtPNW8RgGw==
GY4pUMzWQivXFZ2H4MhJPwegBXSA7YXEevJZUlimjgSx/N7KwFHqj8dgHCgfY0LnOPHGJbsFFnr7I4f2irsJny8RH2s7Fp3BYeqzTE08Ju3bE4KbCkwok+F7eE+2yxHv
DsfY8JW0b9VvsGPFHvNIEttjdZDvz9pM7ORfmcW2b6RoPQvuoCLNRpyl35IKvYYu02w8hxPoFZrcDqyZuaGOThzD9R/9ZwW1u4aU0ujK9PY=
DsfY8JW0b9VvsGPFHvNIEttjdZDvz9pM7ORfmcW2b6RoPQvuoCLNRpyl35IKvYYug5aCjdiGVPjPXOn7uC+6kD5m1JYlTlMdh/aDiQJ8dVo=
DsfY8JW0b9VvsGPFHvNIEttjdZDvz9pM7ORfmcW2b6RoPQvuoCLNRpyl35IKvYYuPiMraqQIsMnxSifAC9fdHcof7ZZ+bBo8UYrRHN0WmE4=
DsfY8JW0b9VvsGPFHvNIEttjdZDvz9pM7ORfmcW2b6RVSY6/ADRTzCoL0Eeb0N/ER+qP3OX1mdDuiFiKWUOJ9rzmKub1LReYCkBVqqbhw8s=
EaU+1HwzfxEJjQpLfeSaziIOXkIWboSZRL30uNWot5RTsiIO1Ub3v5ugkgWP/LIGgesP0DhQkcI8SgLqhiJTd4k2afa2oPEDIsRLo8Djh9zhXcEKQAniz08qc54LcjNp
DsfY8JW0b9VvsGPFHvNIEttjdZDvz9pM7ORfmcW2b6TF111ASR1jaBPJJgcu0jUJmotP7R7qnfGOuxG3INbsdtmFvO0HlrLfs7AfvyTH3ik=
DsfY8JW0b9VvsGPFHvNIEttjdZDvz9pM7ORfmcW2b6TE+/g1vo78poicqxl6KpA2LBdgBy+86TjYWPfsZI8c6pII9A+p99nlc4iUTMtgaN0=
DsfY8JW0b9VvsGPFHvNIEttjdZDvz9pM7ORfmcW2b6SXjhlZXZu+Eh6fmxgRukN4Ytj6IOyD0go/xBx1ZTGSIxyjidKFGIpvMr59PnqHWHQ=
DsfY8JW0b9VvsGPFHvNIEttjdZDvz9pM7ORfmcW2b6RXbUue0SLxVh7yYTDaptetPQmnB1k91KZ27dBoCmftdsNJRi0mfGnGMLTaGfFSugk=
GY4pUMzWQivXFZ2H4MhJPwegBXSA7YXEevJZUlimjgR5VCE1J4tOkV6Dw1W2NsIX1qwoiPUnRtTeeed9hHmbaPh2xfyK6UPQycymKLuDuC2xISpuN45zt+w68owNS79cnlbBVG4or5+zyGSNnBvEeg==
FdZjWS5Lf9mGUtyuHATvFJYmGqSI0Ih3k5nRTWPhOVyRm7b6/VZBmeujvXxAk+CwHHc3jfvSelr4tSbbB20A2MOiGxWQan8uldddFk6tmM6rlvz2mf6+Cwnel1D0YzNF
EaU+1HwzfxEJjQpLfeSazoMme0ZohTRilS2kbzpGC9r9OIVAVly/0ru62fveNuqL0TOnA9cuud88tlmI8i3l8hqgI6pO3nIYOuQsDiGWC+Q=
DsfY8JW0b9VvsGPFHvNIEttjdZDvz9pM7ORfmcW2b6Sqtx/noWqY0jTtNOA+b5N46MgsVMaAphB5fhNiLCE8LTXYP3VIE1uGHmNAqtG0rjU=
DsfY8JW0b9VvsGPFHvNIEttjdZDvz9pM7ORfmcW2b6S6wx6Y63Wz2CBZEtFBj/wQKzkjBFthYJMLqp2QcOv5clXOoAWE++8BVL94U5/09Ew=
DsfY8JW0b9VvsGPFHvNIEttjdZDvz9pM7ORfmcW2b6SCfNVuy+h+gqfv0v2bjDBBYI485qj7y3PSpAAEXKfbDduQu/uPMiR5TkpZKiuTMtc=
DsfY8JW0b9VvsGPFHvNIEttjdZDvz9pM7ORfmcW2b6SCfNVuy+h+gqfv0v2bjDBBh8nAm4JF/5gW4dxL6oYn7KA7471TGQVkXGSHOkBmt/E=
DsfY8JW0b9VvsGPFHvNIEttjdZDvz9pM7ORfmcW2b6SCfNVuy+h+gqfv0v2bjDBBjbYRLuPnSAMELnGSeChVEoiDA58l0UkBALDrx/a1eh4=
DsfY8JW0b9VvsGPFHvNIEttjdZDvz9pM7ORfmcW2b6SCfNVuy+h+gqfv0v2bjDBBjbYRLuPnSAMELnGSeChVEiAT6ZroltIUKF+JVu1KBuE=
GY4pUMzWQivXFZ2H4MhJP7UrjCKjnhBz+lvdWdP9p9jKPlgrwH6G+SLVPbrJ4JHcs5ObE9qgeum01XBFtg2lwu/tr1Ceu/1PagdX20vSz6WQXhQAB0rKj013/ln8EAscVCLM79OkmxZaFyB02hRafA==
Sjktsrnmvk5GYg9YZ4rU3ZeLYn4tzpSGe+/ko92C1yaIVpEWrkff3O4xlt+WDUArjEhCTSqLYWeNRi3NZqFfc3QsEWnFN9tIqAIFmsEbWkM=
JuRgDkhw4F1oASeQxlFK/ujv0FTTMC3yLkqIf2wOMkkmCp773xEOuYyLcjX4zrnHaJNOFFKVt0VaEQ8IpBocSe0C0TbQVvIvL0sL6r2qovg=
JuRgDkhw4F1oASeQxlFK/ujv0FTTMC3yLkqIf2wOMkl47WVbjgQ7M2oBZdIkdkdLg5lHMuz2/21WsoQWPq1YoQqCx4BPxAJDgsXXb2StY9vktwaipzeifzpqIBBefqERwrCJzDMO6NpO5NOGEUwFvmNA0nhTdl95lZBWb7yEM1rNVF4Fz9C5VZxr6QnDctGtzpS4jhgcluk5x+2fkMKIsMjp/oo7ITuJerHeRla5i7Y=
JuRgDkhw4F1oASeQxlFK/ujv0FTTMC3yLkqIf2wOMkmFfuUQr5Z2ApX8RbFiW2eXKAVleR82zxGXuahvM1jTybRrGJV7pLrObvDOaTyzKtd+uoJ167kBh7fqgfiddGvTjhm84syWHndRIJMZQQDO+6f82DNUZmM0Ng7RyXWuP/jgsuE9WC5kb1HOHdOQ/x6PCjYSnW6yQVQE3PpUHSQux0TJivTq7Ueh30An+PyUnrdCWHOTVt9iS0pRMzo7pUme
EaU+1HwzfxEJjQpLfeSazoPMoQCSCzVIs3QmHECWseez9OoiTC6AiMnmDReSo4OJykCyQ6nqS+3iGgMnSl5YRA==
RAr5E83FxqqCJDcXPWsZXvEiYQKFiyaVj9ryRyZ1GMDgtvWJVnNvCnrQS8E6EcMhd7+xYTuET0HMHrMYhpHfz6ZjsZ7BcOrNFZ7Yi71QOjFlGz+LsvdkqPhuJW+hJBm2E3AvKh4esx+Wef4ilv8/3aS4MFSPqRYLdQG7fLU/DAU=
RAr5E83FxqqCJDcXPWsZXvEiYQKFiyaVj9ryRyZ1GMDpsOiCNqzlIFBN1YDAGKZrc+/W9be9i7j8c0IWcqggF3KT7aJ4NdDKf0acKtKeKJU=
EaU+1HwzfxEJjQpLfeSazoPMoQCSCzVIs3QmHECWsee5MoDbHcNufmAE011HpzYVcpGWellK7eD4Il7FaMQNXOitQUrBeP4n9Iu+Ow7nW7cAbuCr3ud739BPNrQ6TgXQ
EaU+1HwzfxEJjQpLfeSazmgEsq6PO6QRsT3SiGhpoYT6xN3jjSDxslSrPjcPZuZ3sBP96F3DCU4hQmJWW0iovEoCQVq078Sd/bnIXV48M0s=
Sjktsrnmvk5GYg9YZ4rU3ZeLYn4tzpSGe+/ko92C1yafp0fvd92IZawv9GDjIwaD+rSDr4rhSVfU1yOEqAPjig==
GY4pUMzWQivXFZ2H4MhJP7UrjCKjnhBz+lvdWdP9p9hSUeNjTETSjtoABuOuNnvhM1vgyKJYKw1F1LY9x6hZRg==
Sjktsrnmvk5GYg9YZ4rU3ZeLYn4tzpSGe+/ko92C1yawNiPOiyAjscqwEuLcfRXsFFrv5LvUWPZEF6uQcOujWQYM2F2Du31Vj5tJ6h7meZzHlbf4lM3H2IQgFxo6ZnlnKa+MZKxQPd8L9yLYTTM2OHHZACo5pYGEEpcOk8u60lcAX1c6kyW5V1/rr1seuY3yNTHYhiq9h+NWntYzSibajA==
EaU+1HwzfxEJjQpLfeSazplI+82dwcnp2vMaEecJqaOZ0dJ5KwJIQurEBSEGjUjEi5cx5l667yMYCqt6UyRRpgHH9XxssVljuDQVbno83Xg=
EaU+1HwzfxEJjQpLfeSazplI+82dwcnp2vMaEecJqaOZ0dJ5KwJIQurEBSEGjUjEJrYTm7PP+aKnT5svOomOXTibjAO9guxa+eJ7XrEz4U8=
YEGY4V3NOdbYSVHPbEXhw1gkT/OPWbXGdhZ3ByW2f7VqthVFyNEE0776PF2SziB7WDybgnWP3+5CKJ2ERshP2KDoj+AS4FtTXmR9SUk05psU7MbPnFgCEBD+TN48a1y4jujf/DxrHFg+Q+mU1JaG5A==
YEGY4V3NOdbYSVHPbEXhw9mRDgMUerMq3Uw4qWoGM/6460X0MuCchhgqjguW6XmumjyEldkzX2uvXiMRDknvSg==
Sjktsrnmvk5GYg9YZ4rU3ZeLYn4tzpSGe+/ko92C1yapBimYjIM6pqBgJ7fU/eCO2G3UF/3IXPdS3emllXoMvw==
GY4pUMzWQivXFZ2H4MhJP21NxPCHoMwjokeAmhMoI+cWnPyeD73zoa8NeR4PtcFgD/Dc0bgc/Yb6wJo0OQ1+hbmauNbSLQcOnFmhYGstOlEhGFTNY/M5KpVYR18kJUud
DsfY8JW0b9VvsGPFHvNIEttjdZDvz9pM7ORfmcW2b6T27GUm+mLFgaTc6FAC3D8lo7XWNavgYXqoxlZpLO4m1M8o2RuaRUhEXooe8bpHESs=
DsfY8JW0b9VvsGPFHvNIEttjdZDvz9pM7ORfmcW2b6T27GUm+mLFgaTc6FAC3D8ldxvRpuqAeB/k8YA3iU3yUuC/Pn+FXs0uMebgg7xt10Q=
DsfY8JW0b9VvsGPFHvNIEttjdZDvz9pM7ORfmcW2b6T27GUm+mLFgaTc6FAC3D8lodqsORf4uca1eD4NneRqea4vFE0ynibFEnjoN4oYErg=
DsfY8JW0b9VvsGPFHvNIEttjdZDvz9pM7ORfmcW2b6Tk66+ZXY6NvwCidPaf3SGOmjFAJnc20QBnIE9gM7qMs1eqjvmdqVadUBSC46rjAv4=
DsfY8JW0b9VvsGPFHvNIEttjdZDvz9pM7ORfmcW2b6RbRBQPWH5flJCW4RLpPV50nZhyZdygJkIYsaSBVe9MHSijQ8hOLg1fp+kP9ljDmdg=
DsfY8JW0b9VvsGPFHvNIEttjdZDvz9pM7ORfmcW2b6RbvhrTuMLGV1m83pdzeXtgWh0n0glHZMJG6O6miTEMmfCWVBz8hlGotv+BIL/58ck=
DsfY8JW0b9VvsGPFHvNIEttjdZDvz9pM7ORfmcW2b6RAmmTjJumLHiApnTSVV0K1s1N3q/8wWTJjWfSUOSKdU/QggDUpUi7eWTlRdLibMsk=
DsfY8JW0b9VvsGPFHvNIEttjdZDvz9pM7ORfmcW2b6QI/8ZDQoIGAi2ewsmMB8OgJw2Q98UWAv05ZmuH/QPfMkXsgTicpu0lH1oyD1dNSxM=
GY4pUMzWQivXFZ2H4MhJP21NxPCHoMwjokeAmhMoI+cC6sWX+D4QV9rxbwR0YAUIelRb8xo2gUNOG2ZsEDuHVkNTOuPuaYFIGftWZmoAzTIDG3tS9YnaptVV9ODTmXynRa6321xr/HGvrg++WYSV0g==
EaU+1HwzfxEJjQpLfeSazpboguB/CqshzayCn7GPlX9t7wiFeycIgCEJhF1bBpx0Sn7sV8N7igEBuGb+qf/mFPDh6Dma6Hcc5qacJcZDeh0XyJ+9Y/eWKm/DPN2UvEa8
FdZjWS5Lf9mGUtyuHATvFNr4jzP23Fly+/JImfx8SkhcVJoW88g2yTWA88Y0LobRvLQ8fuqG6gYaqmegNxitUN6gYmW36J4hfn5H2VvBXoulPEdXT2D05gedb6G81elD
EaU+1HwzfxEJjQpLfeSazv1ZGsYIqao6Ei9+YwF0N4lGEfGGCyltMHGpW6y3V3yHiUJzg5Zbs2SjKqQL3usDSOPKY8QDLmBx7LxIlJktd0U=
hN8GT1J40T5qfKkIxBQa0l7gZ5QrZGLlYRWCxeuqDUBCyannVk1WHBVrVH+5P/yVjbsYlruf0L6v+mjo/ufsOg1vf8ym6d7rOEEqOWCFhwswIQ6WKU1F8OSwRHbXzJkP
hN8GT1J40T5qfKkIxBQa0l7gZ5QrZGLlYRWCxeuqDUA6k+9fpo85CtzSDvJ72KabiThnOV1rhD+neqy3BJEZpWeNNO+F7vRtHHi7ZZY0WC4tE5Wb5uXVymrH4nhdLqG2nZSablUfKN/bxxtqaf2szQ==
hN8GT1J40T5qfKkIxBQa0gDz28X8Mtv7fj9qGsVeLaanu30zVhH7tGj7PDpEKs+GvoNBGXgW2y4/Bp38C+OrtXNEGhEsV1PVKY7jIl4XEDY04IiTpOi/K+68Do7mhd8m
hN8GT1J40T5qfKkIxBQa0sn2YZHUrNKIVD2Qys7RdJx3gJmxoCX84/nXSf7S6B+Lp7ftMGnWomLtgFbSXYUGlkseeF5czy2s6QHGNke4l4dv2C68NJpxFIQTpYe1eGpM
hN8GT1J40T5qfKkIxBQa0h2oQ30QgpcFRfylw6HZE8CNdqgINV0jF7saEcHgLTeupTVf+0fVNTtCsae2UksN/FDqhc8V1/X/3eJPdFVNYVrGGo33S+uk6XFqrC2Gt38Ba7T7DDGUa9jMGP01QniXYg==
hN8GT1J40T5qfKkIxBQa0h2oQ30QgpcFRfylw6HZE8DbV7NC2D0hvGO/XtZghD+7Vj4+4ItcwBaW3NkxtsVKsraDYt6MhbRV1Tw8/lx7LGjRfUP6CgN+gQsnwqW3eo6Z
hN8GT1J40T5qfKkIxBQa0judSzusHs28FhvBEwRT2GPhJR0/5mHvqxfRzOM4GNwbixLPK7QtA9on8StZ8b8xKxJtUdsJorBuT64XZMqIBGff3ZL7IJpDMKKn/MoLzeBF
hN8GT1J40T5qfKkIxBQa0oVKTgxkUzFHqja07kdxxnc81hpW12TpoTMkzrf67TWyh+up2+7USgrbpdVFogCL0t7ihVQYkLS3oDLV/kNyxkziqQDUr+7lBcfAfCtUuiQeANVgTzriL1ebrbzegxHaow==
hN8GT1J40T5qfKkIxBQa0oVKTgxkUzFHqja07kdxxndNbiIq7kNV1V0butDL7TjyFvtwI9KK931sYbkb6hzs/uaVI08HfR0BlgrCU2VRkJMxfXPzDY9Fih/qqNO1fjCG
hN8GT1J40T5qfKkIxBQa0sjSBpedVPnUs3SoWcYd2uWivZxvLt6YiHrsOHa5IB3K9y63oRAhRpMeU3yB8sw4oJw8GOOgTI3+iGGayrOsiReUH1+1ashe3BLGEFnSmVgY
hN8GT1J40T5qfKkIxBQa0stauh2wefSH/xCTxXBT04qotWU6Tv5yM2PrAhbl6DqjA0GHVp3DMtFuh3SSQ2mcXeeRIlu1KV4rJHpcA/+QulTDx6Buy1dNCxL22ngRsWzkK445s8V+rq1G5w/mUpCLWA==
hN8GT1J40T5qfKkIxBQa0stauh2wefSH/xCTxXBT04oqqkVXQiRquf/KIMjbHMAIPbhQ27XWTRt2rVcuD2QcHQz0PEcr8SoRbbznz4n6XM7mz0mahXUayAy2YRxQqsxN
hN8GT1J40T5qfKkIxBQa0oFb3ppL+LUrxMfO+vigG5DcBGFLXZp1jI4CS63IuPBUCwt0K0HpmM+GJxzdEL9OxFCYuideQf5cYgvgnEYjDAidV6CcmPxnTUkICIpCXS+p
hN8GT1J40T5qfKkIxBQa0o8/IOyWYTcuxXiqtfhVZldjO/IFOE9p68QlBDSrtR83OZgv4JwJ08UKN1KbmWkjlLnn8Yvg5ryAjnLR6mxGats+QXbcKxZTY4DErGPTi9V7m6XHB3v6RTQjSy8KaT7gag==
hN8GT1J40T5qfKkIxBQa0o8/IOyWYTcuxXiqtfhVZldIUNZTP6D9iFuUSvreODnVfABbWPF3xL8l5+WKaB6DPxfFUVG0SHJl3ZTSyCi27Ho7qVLKB6jbFyGGDP1KB4xG
hN8GT1J40T5qfKkIxBQa0nW+6fMnj481OaHEOA2Ledza2wYvCkbIC7R0j7Pbi7ElH+inqE6ItAJyiXNmmOkcOXtS82JXF2yl8IuIRhzgOytSOiUqrOX/HCDC9/fcrmZo
hN8GT1J40T5qfKkIxBQa0szSZFuoKk6KiTOCfbtRgzmuN7tiUk0fVVm/Xrxhhi+Q6GrvANpYb6OWhQRDa6cR1/dL7bPBQsLdXY8PDbwUvlGy9p7q+Q2oaIOhR21mSjTxk7p4xmkIPdWIVcEY8XLQdg==
hN8GT1J40T5qfKkIxBQa0szSZFuoKk6KiTOCfbtRgzmT6/oaG+9ShV3hje6tj+suUTFAS7E/ccoQVx1i/hz6AFBu11jHbEBLtjvFs9penKZzteN9kqj6q+tZmK7TAlQi
hN8GT1J40T5qfKkIxBQa0gMOsX96q6fVy67HZqVa6Vxctcw78Q6Fflr2tGlTKl8ZCJr+f2kZ95Hqp4BOvNuFkH7hx5iVpGxJ69lLoX1nn0IwF+RSXpb0UB4TtCAHkUB1
hN8GT1J40T5qfKkIxBQa0lONAE5OTEcsljJi3rK5OMDgufTG0jYR8ZiKmE5t0wfGAimPPwOpuYpglUVUmql9lMWWCeC5ZdBxWRQ3FnwUFALWpxrN7LdVGLdefWmuLDCocs+L+GiaW7Y/6p/Ww6T6Vg==
hN8GT1J40T5qfKkIxBQa0lONAE5OTEcsljJi3rK5OMDiT0pZBX3WgusVq2M8eu63TgNCNUnIRz+PTMvoV1oGjbvcT1MxSO7XRbsavG8hBgysaaq+/gqQ9KEx0SKKLhKL
hN8GT1J40T5qfKkIxBQa0nlY4XxWBimaaHKTpFixTMZ18R7gulq4A++LZBv5TAU71Nhx69EDzILBNDZFl4EtqUZChVX374WYTQFymmWftXxW7UIRw9q8l9ObxbXGRgc+
hN8GT1J40T5qfKkIxBQa0h7fMg5Inz1zlYqLImfCWygiZudluVs+Fkv9SP19lT7s47q/ZXBvTYLwh8C/a03gClbncxI4z+v57Dfuptddm7B4L6ET7PGC36cMBSVV9CIxnLUYs4TA7y93aWqYan3C9g==
hN8GT1J40T5qfKkIxBQa0h7fMg5Inz1zlYqLImfCWyiAyGeGB9dFG72JgI88NLrLT6lR2YeTlPZ/VAHPfQ6DrpY7e8wQS8v+9uGhJ+mgMm0A+C/0REPgfZR8qb1kU+Vb
hN8GT1J40T5qfKkIxBQa0mNsjgo5o+ts9ScxPCUZOCCMZf7Ef3hE2mmV7sjLeRM8nr318anv3ObbpL5o8sBWCpFlPyGRU8w/vJL8l80t+Gh5dcZeJjIVRw5HizkGHQP1
hN8GT1J40T5qfKkIxBQa0hfHcAqrVxI9c9WRzEoon20qOf1l3Y7itWSrbq7+x4uJQTEwzm/hHe9zyeVC0SOHYkLBk1Ca4/+wnEgSvQY8nnVQ1F9NhmK65CCXlMnEHWFOIFOKnzoh+7r3kYIIYcLi4g==
hN8GT1J40T5qfKkIxBQa0hfHcAqrVxI9c9WRzEoon22sj50/TIpL1CjKEVjmlEkmeiAikRVE66b51/WpMnaz4c4vApHydEU3arVfelYLtQOK8CGcZ9ZuJfCqdKcFVXBc
hN8GT1J40T5qfKkIxBQa0gfYdWHm8rGnJeihw5wH0ehH1NvDBTMZh3OHnrb4tGm/AYNygFacNB9IDYJSzUmMHU2b6f4dyervTGe9METTX4O6qI/3QAIUQi480zWCoQHc
hN8GT1J40T5qfKkIxBQa0uffBMABijrVO/xJm7TKc9VWcPnKChbj/VrTlKRa5SZCvaUQ58SDAn4IKSxfun9xFGxN8x3E43Z20t+jc1kfk/clt75xxjVWjWIe1qvzSJoBDUw3v1B79pSMJb1M18DDxw==
hN8GT1J40T5qfKkIxBQa0uffBMABijrVO/xJm7TKc9URZIEkVQubeyoaDjrh0IXWjKBLgBpL0vqn7/fDgobESVVHOERe6+dOKK6LzeTzJzNIzTDtPzDCVCN2d2rK9TKB
EaU+1HwzfxEJjQpLfeSazsR7vASVgTOKXhok1K392JcrycCCJyqnHTtK7Xz7nCxjrIEHMcZ80UKjMewK3k1S/pWQfEBaZ5hKXGfHgrI0KSo=
Sjktsrnmvk5GYg9YZ4rU3ZFGNyV5gpS42wnzzAE4s/ovjK9PTB0oZ9MksD36eZ8ODrrjhvRVFFwHjuzQl94H4A==
GY4pUMzWQivXFZ2H4MhJP5nmk2pJMEdM1YeMrSSOV9tOUNhMr9PXaiishdg4C/PH99zTKCuAeRlBAZLBvdo3Cg==
DsfY8JW0b9VvsGPFHvNIEttjdZDvz9pM7ORfmcW2b6SKb1MG8AHNiJxuZ2ISs8aRRv3EMRmHrAPJ34zOaAD9+36wHuWj0aFzZz6QenoCcfo=
DsfY8JW0b9VvsGPFHvNIEttjdZDvz9pM7ORfmcW2b6QGrN5I0E/nu/luk6aYuhs+c/XlgPstJZr3mrvNfi+Nq7Q7MvlK6nDnLn/daGUhTGY=
DsfY8JW0b9VvsGPFHvNIEttjdZDvz9pM7ORfmcW2b6Q0hHrh9krYrYc5YULMKqusfe/lnE7AzuxD/78OrcYUjCIUd0X4EzSon6a8ZMwJYQ4=
DsfY8JW0b9VvsGPFHvNIEttjdZDvz9pM7ORfmcW2b6Q0hHrh9krYrYc5YULMKqusxqVXV6Lx+LGBx+pHi0VMJJdZqCTS9uQI1yzwteXClS0=
DsfY8JW0b9VvsGPFHvNIEttjdZDvz9pM7ORfmcW2b6Q0hHrh9krYrYc5YULMKqusd5PT9G49rlg59ASQZL1QabwOELENE6t9Us5Dfs1p6OE=
DsfY8JW0b9VvsGPFHvNIEttjdZDvz9pM7ORfmcW2b6T44K/ziZP7cQg2T48nSPT7gkUQXsRke9XPD1WCOI3PyXOT5GehbNK1vwB256D7XqA=
GY4pUMzWQivXFZ2H4MhJP5nmk2pJMEdM1YeMrSSOV9uw+NJC6WpeB9M9A98RJ6i/S465XFhG8i4l7aX4ID5i8tUQbLPW0hcHhbcaTbp3linuvuO4uhz0hDFhtsjZPi5F8QKJtNL+KmHolazTGKhn6g==
Sjktsrnmvk5GYg9YZ4rU3ZFGNyV5gpS42wnzzAE4s/offtu3dsyQZ6jIPxD4q7nV6Lm71h6kadHCLfvi2xJzljtTIoMuydk1Z631GNHdkgI=
JuRgDkhw4F1oASeQxlFK/uhOB1HmIrXe/BaLAKKerVUL49ui+OnRVn5yzdjTtgk7/X66h8NhQMUb2su2wLU3t3OekoAzRhfPgjcn/x10Xjk=
JuRgDkhw4F1oASeQxlFK/u4/vzSVynNSwFFj9Ee6OO1XouvNXkKtz9Jq83vuYNTnS7AWlOOoyiU//klOUA4mj5edQ2BvSa7iyyXXejoEi7bL6DDnorNhYK+JQSg3jAfO/zD+N8VhuSoZ943thQHXQ5w1hSUWSFw1FWbDRLqivlZEo8uuLYO6TMg1gMP1QTnKyJRPI8yj68ST6LYmw8BpGCqPxgSCNr2nZJDnvfqFbZ0=
JuRgDkhw4F1oASeQxlFK/u4/vzSVynNSwFFj9Ee6OO02XDrPGhe2qtMr4n1B9MuExANDqM8ezd+O9toT7x88JLwSa4OxvsfCqeXX/j3/7knSlLJoZJ7SVcbbkgfveZKC0rU/z366RhYwkWSt6MWOlOP4Zr0WcR6TGzFzR17B+TLXPhmmURi2kF8F+yGnbyQrZi4ohRCfKk4uwQOXfh9aEDggPuujoyi7OTnRtGG6dDoTJAoPfZm19nyzT3gIQXh5
EaU+1HwzfxEJjQpLfeSazkaKQV/btr5lEihOjE9P0ULSrYQS55Qwji+j7SmqJVzTVvGZbEGGqEeWOGTB8nFvPA==
RAr5E83FxqqCJDcXPWsZXu326o9gwvM5J2pLXQaRRVu5+5pmfoA96WA7WrLP9aR1DrfDTwLkDfmKLoBKM4FyOuE4kEZZOIqTOpeYbjmZn9ClsSJhqmlca9dVskGJERdXXcNrVNoMvOkmutrXNO7vRnu8dnb3iBcI3YM2LM+Jt/M=
RAr5E83FxqqCJDcXPWsZXtqPTCkp+IoyfpjPNLimP4jmjXWgnFidBBIRo9I4IC3OT8gE0lpumHeWHc+sFbNtM9Vdiq3ualVAqVZOAnvpLnc=
EaU+1HwzfxEJjQpLfeSaztvG0Q6Q0oPyBxGTQMgRzBAf34HfPViuYQXP/FTPwXmmcgRH9uVAq9AfI0ib8ujTc2L9fCrF9ZcD8FOd9IK4juJYJ6aRSffGPsVrxXl/OOBo
Sjktsrnmvk5GYg9YZ4rU3ZFGNyV5gpS42wnzzAE4s/ptTUcMETQgI6WsRdA8eEoF2SjF8yzLz3gG4rjdh6FHzCcg4u7HxeLwRUbzAsmdBMbWMcB8zxBcRiZ9TLjTmpkNeWtwTqAHN0Dh+feLngSC7eheOirt04uyqemkv03YDvgzgDCnrRjGoYv+VNLhnH2A1ZHNjH4beoAIUI5lJcDWAA==
EaU+1HwzfxEJjQpLfeSazoXhPW1FpA1WZLz5e/o65em5jc5IR26ejk2kPUUZsZep94fzEX5eCGwoTyQnrkJ2Jh5y/HPhbqOA9Hz8n+oXODc=
EaU+1HwzfxEJjQpLfeSazoXhPW1FpA1WZLz5e/o65em5jc5IR26ejk2kPUUZsZepZohKYKWD3kYWgcCAJp8ceODfnYhsUxapi9oLwAAyg5I=
YEGY4V3NOdbYSVHPbEXhw9rkVp/0CQs2wIxmkqCb4b1TMVA4uguax5wY+Z7sBBtPLRGN3o+CMPMO9Z6+a7W0ZIVom3YGr3TPPpDwE5M1YgCSV1jVY1LJ7wbZ/66f/ipQEZG2fZygrmUqIZ3dZC+bGw==
YEGY4V3NOdbYSVHPbEXhw9rkVp/0CQs2wIxmkqCb4b2chso/k7GKpiiuSfIYWnQs3azsGzUSWpCqgNYnSiJVkA==
Sjktsrnmvk5GYg9YZ4rU3ZFGNyV5gpS42wnzzAE4s/q9prNnMiim1be0NMNdsGvH5jc4mt6KZL2hWkAgBdywBQ==
GY4pUMzWQivXFZ2H4MhJP7k9yGJM19i3Er/JgyWKsFjIyrZ3bGqL6CNOG9V3aNSdgJsoANnupXAM3Yqo0zalztDyRGKpToiVuFbtgzE+S+8+pa9Ai/bxc7JyFnnYRZ1k
DsfY8JW0b9VvsGPFHvNIEttjdZDvz9pM7ORfmcW2b6Rr+f6JbmBfZkPlgwVJFgVwfS8D8vLUgkwNCEFs0XOSzCscjE5aTsfUOUXJMiOJhT0=
DsfY8JW0b9VvsGPFHvNIEttjdZDvz9pM7ORfmcW2b6Rr+f6JbmBfZkPlgwVJFgVwFJOjMQVHxS8YyZ3mTEb/6GWv5RlsDXpcGrIGWl4F388=
DsfY8JW0b9VvsGPFHvNIEttjdZDvz9pM7ORfmcW2b6Rr+f6JbmBfZkPlgwVJFgVwlnGrZVlkG2BD/R5/ss5VbUYONtOv43ZQvD0SKcbwQvs=
DsfY8JW0b9VvsGPFHvNIEttjdZDvz9pM7ORfmcW2b6TmcagVsbmuaQB9eNe2wbPI1RbFvMPS/aK7shlwjWs9J4Us0frrLuqtkDtWDoCQtD0=
DsfY8JW0b9VvsGPFHvNIEttjdZDvz9pM7ORfmcW2b6T25ZuPPEiUJWFywWBszfqqLKGsFuH+wlnLwLVpTXJEqcVZ4FdqCiIUU4tZAalX3Ro=
DsfY8JW0b9VvsGPFHvNIEttjdZDvz9pM7ORfmcW2b6SbPxHaMEqvg4GlymPsIDyomivfswWHEYABfVdNBub3Zv3Kmwx/Nwy1FMzegfnIOc0=
DsfY8JW0b9VvsGPFHvNIEttjdZDvz9pM7ORfmcW2b6QEVblQM8ZSvW8BbhTKRQtIlyA1PUYpVLjHwWfg+OBTxKhVSdTzy1BJ7ThfymdttWk=
DsfY8JW0b9VvsGPFHvNIEttjdZDvz9pM7ORfmcW2b6SGND+zga72j+C9Thr8X9YrapK4uvuecFirpONeUupIwnk4moGJFrDYyTwNLBhZRpM=
GY4pUMzWQivXFZ2H4MhJP7k9yGJM19i3Er/JgyWKsFhmi5s6MXPCJ1NTnVfFGlX+8qpSyMRPD3TsCGpGNq1g/NLBPhEa7eNfWZKiFyYr1TusH5JCGUN4Evk9AObGk/rbpeZewHx2sa9iP/PQzUTueg==
EaU+1HwzfxEJjQpLfeSazh8ZAmgC8TVATb+56ArLQX9drzDjrrc4/pyddioGN/TRDBouRXeBtgdDatBqgOqiLEYz3c7e0Mt0yiv+WY5w83Rj+CLp+QaCN39+bGzyy/2p
FdZjWS5Lf9mGUtyuHATvFHg937tfTTXcZkvcKRXJ1jF+QN4iyRw4UAV79DXni5Rk/qAu886cRKga0JlmK0FVrb3LmqAta/YO7gD0EkhwPFclQIbPRWffXvtRSjXjvW74
EaU+1HwzfxEJjQpLfeSaznLtHjxPJ6ftVMFkflLn14hDimbx8FQqdexFF0raD1261GxhVpRO3oNBpGS9L9W2bqGM2hHlHJyoKDkS/FjVthQ=
hN8GT1J40T5qfKkIxBQa0ns1lMi5al3DoqkqNOlefDDhfzvG6kRIsafBGu4LkSQ6ae0IsOhuIHbh/qpkrbFWxLWhkTacVz1QHqiW8c52QVhEWyNt2x1O+AxxByftVPFM
hN8GT1J40T5qfKkIxBQa0ns1lMi5al3DoqkqNOlefDBYHCk8k5taBZn2nEvOC2ETAGhym/y8kWfO7k+mVqf7a7TObzi/tWXvv1k1auS0CiNzGlpUElzT7ND7okkzqpNrqSoEO6MfPIf6GQi8s8yeeA==
hN8GT1J40T5qfKkIxBQa0hjIFhLT/fGBI0QrtAcMTDMNM8pBiJQ94zgoRdNqHW6HXwEC5EDwAX/T/3xcQJpwXarNafhEY+jQcL+IxTGVZb9AH32xIKpi6wWMg9CVMf3V
hN8GT1J40T5qfKkIxBQa0gnLHN3M4LGBRXbhyPR7dKrGW/tFHHVf482bg3VRcCbIz04mLhfbzLnQAeoG+h9PCYIniYaHbaXL22nEGwz5xtYUYBM2qsJfyxSPlcpmMbR3
hN8GT1J40T5qfKkIxBQa0gnLHN3M4LGBRXbhyPR7dKrf1eFbuMHvCHAqA6ON53ihhwanLwMjoYlGN+AY//DOjTgXimnelAEAV4SgBn/EySiy968wwCprGA1/89STWPneq3xWWXJ+Ot2E1pk7d8O6bA==
hN8GT1J40T5qfKkIxBQa0gnLHN3M4LGBRXbhyPR7dKpL5qiUNOg+3/1Sq//0l59ECFaAbWI/Cg9Z16HXgj1+sCmhSb0TSskB19vetd9XKgJ+53lhJaA8qyuZKKeyFxNu
hN8GT1J40T5qfKkIxBQa0n+hWbqZows4Zw3pVGCdyBIGjsS4SbyiuZurDpaeL97TMldeykFdxa8jW4m/SZngPRN+vmmzl3WZv1WxSHMl0t1CwAkn5CQzduZM5u3L+xDJ
hN8GT1J40T5qfKkIxBQa0n+hWbqZows4Zw3pVGCdyBJYNNYK7EtkfpT+jxjki4Gg5wVrx3pUi1U+Zn2RzGU9JIINK0fGYhKoFjBJSeEMVkXwCPxIt0lfbe4FmAsRm/Kn+Z79CGfPb0k5dXL4LvpzBA==
hN8GT1J40T5qfKkIxBQa0smXUrgquSHBc9TZEFQ72hnUrHV49BrQaOjjUkca8hSBMga6E4tsQBWdcAXqPr6jL0BIqPQpGfVyJ2/Z6WiClvnv6DsodXu/PYuJgaBSSjDF
hN8GT1J40T5qfKkIxBQa0o2PoXbmYpidiimEJm8Njq0TJsRW/26F8CCuRQEzjdFmFkhygzjp373KUwwxSlPISywzxh0utLrGsBTGpb2hszIE3v1lindvLT10L86Exq0/
hN8GT1J40T5qfKkIxBQa0qmumss27knDaH30KSjlV8rnRpdnBuAIWbAlyl+IWrz9uumx9USdt3NLueEgdTHKaOHw6nOSmgRJSOP67fZIatnviM/3wXi8JzB9CCeDwDd9pV00wDxajaDs7NkzVJdgYA==
hN8GT1J40T5qfKkIxBQa0qmumss27knDaH30KSjlV8ouwCMtrGYnVwyB0XvWQ/zciHfyYNmKjCcB7EC6nCbM5UNPhv0eTbxvZvaeLOJpGqHkaxXDFmSck5uRJSRNDF02
EaU+1HwzfxEJjQpLfeSazsUbHhcwaePOueTbpDutgeM+fUFlKCYquInnk+1HiAYJi754gGq9EfjxFGmQ6t5NRRXSd41aKeqB0GApG3v3AGk=
Sjktsrnmvk5GYg9YZ4rU3QK9wZkMQPNzQxRzdczDQO7cqmU4HXVJ27Rid5fcEgiYhu4GAPpXlHxKQwGBj3XwDA==
GY4pUMzWQivXFZ2H4MhJP9nerFuVTUjA07SCwWtYREK0Y+mUmtn3gfXFYM8WRiCJzMnNao9ipyW1+mWDlkmKYw==
DsfY8JW0b9VvsGPFHvNIEttjdZDvz9pM7ORfmcW2b6SzgdD1W7tzjnT0MBPSWrChSUxJMN1Vdt+uUO9IAHPVT/hEBwU7VntANanOp+Xd8Dc=
DsfY8JW0b9VvsGPFHvNIEttjdZDvz9pM7ORfmcW2b6T5aN8hq5R1WcsN1uZLgxPzaOkZxf9lpZqnOu+ZDKW5HFqeW6g91jbs7dn4lDkkx1s=
DsfY8JW0b9VvsGPFHvNIEttjdZDvz9pM7ORfmcW2b6SBLtrYOh5DYMsRnmSq28pHREv/WZaHYeF22oCEx0cKICseQJjqCrgHqNBLxTgi8Qo=
DsfY8JW0b9VvsGPFHvNIEttjdZDvz9pM7ORfmcW2b6SBLtrYOh5DYMsRnmSq28pH+5BUz6/GCgsJ265eJxJcKiQGcc6Ku2E3IDJwS0eca/s=
DsfY8JW0b9VvsGPFHvNIEttjdZDvz9pM7ORfmcW2b6SBLtrYOh5DYMsRnmSq28pHMAR2oFmntcrHBJTEFehssXTgnz69u5lDAF3h1eXhoHo=
DsfY8JW0b9VvsGPFHvNIEttjdZDvz9pM7ORfmcW2b6SBLtrYOh5DYMsRnmSq28pHMAR2oFmntcrHBJTEFehssfVGFJtJ+mP+IYVyIPNZEnE=
GY4pUMzWQivXFZ2H4MhJP9nerFuVTUjA07SCwWtYREKkx5DU38aZ8Jf+uKJP4v5CPToVeseizX6vfQq3f0Wu762/ynagjW9Fv8iOd4W9P36EjhYSLU+0jYEPv74iZ3PdazBrjD/uRzwiammluwne4Q==
Sjktsrnmvk5GYg9YZ4rU3QK9wZkMQPNzQxRzdczDQO79RRqAhf6hsBcr4is7RKBrpxQRZCHnMtSz2xbZZFUXWvo4K/Aq8fvm/XEYy3Z+0Fc=
JuRgDkhw4F1oASeQxlFK/pN2ekrahqLykc3Dmf7OHhiQcLdCw/bNSiCVhYt33cJ3NvEe85K0qMvkdgJjYC1hgIq6q8LlCyPmWz861153P2M=
JuRgDkhw4F1oASeQxlFK/pN2ekrahqLykc3Dmf7OHhhrauDZ5fTDUOVMYaMPs4hsGt8S3sbzM29LzwFGV1FP4Iunf2Niq7U8R64s0TiIVs6+k9kWA0L+dH4e2lkb4f3AkAyWoNja1mApk+AHrB5RIrIBrKWMmGcGw64pJQUrlA1tTk1aSeIMNxpHuA1l/jGaQk6XOg56cIokanPWX9PIR9yZY3rqJVZqDr1W65rnLpA=
JuRgDkhw4F1oASeQxlFK/pN2ekrahqLykc3Dmf7OHhg3KX+7NJUZ1RfW6ZhPkXT2pSusW5eI+kKrizDDinIgYeQ/UwBeNPvAO1HeeVFO0g3OSQWWC0x9slLlksZ8ujuMxr2MnIzRLonfg3ALVci7mWmMTqYo8pYKFZoFvHJ9JDASp4oOpPKzz/WvB1/EzA915KTilrneVSlhVfE8VeOuwsLzJSncODWwiddP5BNXTXOkwuNOXmeu+mt0wS4jxyvG
EaU+1HwzfxEJjQpLfeSazt8TbsKRpGu23lqFXYp7okeLDZT4ysONDtsJJD2MNKvZkQD77Xf1eDSWpt6aWXmPyA==
RAr5E83FxqqCJDcXPWsZXgy/7hRpZof4zNajQijdDWBkq/Hr1Rd0lcKk/2QQewslOWl3BMTKtj6tqfZBJ2lqDg1SCy80AhRav3a0tOqxkNDtzakkK9o10DV13NACgauc/tAiUxFiReHKYtDAOGmeK2xZNS4PNCfIPWVjWkOrtWk=
RAr5E83FxqqCJDcXPWsZXgy/7hRpZof4zNajQijdDWDdeMmcl03qAnWxNS6yRRF2tAOBmYyeS35MrimrDuSNXJpkhu2fM2pQIGLJi80/giQ=
EaU+1HwzfxEJjQpLfeSazk+xnOLwRmY3/kB5OYbD7whMeq2K+hS1hDABgGeL/FGzGG3X+XMvkvYmFMYlBAkiIxVEj6l+qZco3W4laCeNzccTTZSjqJRqg6EmnTIpVBIg
