GmcONIA9PFzHw1gpPLLPoqev3ytAH5KO3S/CJpMsylg=
35kyjVfwBJgytCi6KM5Vug==
FNt9orFfFSbPIXNSbXcP2Q==
gE2g7VQeqq0h5MkG44fPUw==
A4ZCFW7RnVRfEnbtNxUDb8VFIQmzxcIFLuiIjRY2q84=
cwgQW1UgxyVfBeSrdwXHsPE1eoSAri+NViVSjTYe4hg=
pYn3RyiaY4vz2unSybTHuw==
mAzeFbkWBGyzJRgEWJSZYQNn44wFaguEUnqkvHVinQw=
NiGef/LGs6v8Em6sqLz1GYGKB0111uCW/TAqgkiW0+w=
2lfNnhNY+w/3xMaMUxJbE0YFT/wvMlSDz8Vrd5FEs18=
ROUvdMKd4BFUymenFcV8J+1JSZiOmMRRFE8H/5bZB+DjtiUZ3N7LQUxUFKF5Nt8q1684HFZBy/APysKiB/qvPyX4zwNt8/HSw5eVr7LkbF1BgPQ6LfLotnhqxb5ktRnXCamIGzi2ewSUD67r2EPLct9cAnwmB+c7egUsCuufTRwKy12pzNhIoOdtvJ/j/Al/
DsfY8JW0b9VvsGPFHvNIEttjdZDvz9pM7ORfmcW2b6Sf85r+zr7EZbmrlJ9pdZd8VTtu8yD+CSawL8Q4nDG3z2XkwLfyvE6/03Y8Oaq1/Ok=
DsfY8JW0b9VvsGPFHvNIEttjdZDvz9pM7ORfmcW2b6QLQd1+rO82JarbaVvBn9HvDvBIlwh08IZJDi/e6fCMv9ulDG+uTdqyoYoAmQkhaho=
GY4pUMzWQivXFZ2H4MhJPxNdYp6P1kgXI2lsgnHrsF1XdnvzNnaFTjj6sn3a0oOyDrpzD+KfSEFaSmlmJ4z0XQbuysUI8sPtKwLd2yaY89VxJWWPsA/uTntCnwwzym3xIytSnbdySV5nwTgUaQBNcA==
Sjktsrnmvk5GYg9YZ4rU3TuEQAdiAmvR913tQNyU/TK59y9hLgIyo9aHnu8HNMR0oVqwJ947/wMYpWWUsSXy3ctPKbuaMvmfXjMNBenCH/gMkNnbLfHjzlL0T/WfeSaKiZdpZTyIn+vycHU100JUxCYkx4c/eyDZvIe+SxbRgMW/FifPuBujiTv+uMqcRu/NVbtq3GK/l+PF0e5sL/jj2g==
EaU+1HwzfxEJjQpLfeSazly6tQpATWV7ffkuidA5z1yZn+vUXJZPQ4PFAJSX61zhypwjPpUKteTPEahx2nCeWf27ZcjKAFqRhdiBrnpWX+8=
EaU+1HwzfxEJjQpLfeSazly6tQpATWV7ffkuidA5z1yZn+vUXJZPQ4PFAJSX61zh7pd7P8rNfDGdwA1ZtlfMRKby/yOwz2q7iw+6TTwG5V8=
YEGY4V3NOdbYSVHPbEXhw9MTsVngaZjtoIi9knaNz+6tv7UWS7WMyv7DwpIZlIjKJOF3yuP1ZKioyBps9+dPDDFhOE7cZgABRDcB/KeOP3giZ6BPU81G6p5jobxHFsp0Z9VEC6LpNkWGREpJbTh6aw==
YEGY4V3NOdbYSVHPbEXhw07LDO68nAgvsLybv8STMSDzQiSa0sqZRxou9ZDDJQUhtdWdmBkoq+JjTBZ2kKK6MQ==
Sjktsrnmvk5GYg9YZ4rU3TuEQAdiAmvR913tQNyU/TKjUakRs7nxgtquCfjZzaB74bZyK8wCKdLQeVnkBSe0Jg==
GY4pUMzWQivXFZ2H4MhJPxNdYp6P1kgXI2lsgnHrsF2n04C6QuD42x//+IlaFptjynmA6ErSMQEcLCyXh/BrX0QW20DHaFfBr1KzCWrNu1YPDY0r1kIP1QRChtWmkihW
DsfY8JW0b9VvsGPFHvNIEttjdZDvz9pM7ORfmcW2b6TIbwOsUSPgY7Y1T6AaQe8gl9G/1dza4d70Usi2APWN58jJ9L1bvzNgSj6RIRjxFks=
DsfY8JW0b9VvsGPFHvNIEttjdZDvz9pM7ORfmcW2b6TIbwOsUSPgY7Y1T6AaQe8gvO11eAtmLUffO+x7QdaODjG4E/SvAmNbn6CC7wIFXyA=
DsfY8JW0b9VvsGPFHvNIEttjdZDvz9pM7ORfmcW2b6TtDT5VcIIjFQuoostGOEPKsdBToZdevrywpFSTCDAUn8jmfAK+ZcVPmIH/z08dWaw=
DsfY8JW0b9VvsGPFHvNIEttjdZDvz9pM7ORfmcW2b6R8vt952azGqvmUR5BP9ZWlitLb261YNuxiJIlh5KXCrqrdTJDJcIZFZ73NM45QgcI=
DsfY8JW0b9VvsGPFHvNIEttjdZDvz9pM7ORfmcW2b6TE+SYFlz/crnGD6wxrBgiFJi9IagF8Av5C2iXk8kpJ61emOdpqboyyOXOmAb7e9Fk=
DsfY8JW0b9VvsGPFHvNIEttjdZDvz9pM7ORfmcW2b6Rik4GvtKkA3e81Kuo+MMiMdgoea5f8pIX6Aq7ssflT3gmWGOF/qKxG1DWoCssq97k=
EaU+1HwzfxEJjQpLfeSazrMbo2cSxoSBkQHRCjK3sxPoTVuhQExYUymLpBwZhZQ5YTykdp90h7FtZaCpwjN0lNZ2Q5PTn2F4wWOCM5hG6sgiwYr2nFS5sW5eU7yMlIUF
EaU+1HwzfxEJjQpLfeSazuQWGmy+ikZ3rjkSfZTFY7zBOjbea9AWhqjI9EbvWF/Vxawj+gFUfo7hSLrirdKoO3uSa9qG9ZbxeGc7jmg0hlc=
FdZjWS5Lf9mGUtyuHATvFBuMoNWvWNUh+nsJUwuZ6RRpUkqfaqzUbbv6/1cZaVGbC3KMKPw9Wy2CkislxxRVMXjOO3ZedCgvgRZVW0F8iQrHllnJjcX+EISamT13ZySP
hN8GT1J40T5qfKkIxBQa0twXQ8BXR7Z7CMQeKhMCyc53FjvHwm0ypbgUu61ayo1/KiLhY3P/stG+bLPibdTg3j+24K/hOgMxf59NUOkoT+TXklC1k0AXUvgipeL103NF
hN8GT1J40T5qfKkIxBQa0lSOSMupNdLNeVHUqfrBP/oU5JujDSCDsHg5NsjKzEsliU+8jvbms5HwtAkrKy+R9sUiZhlrxgHdW/NS2U/JocehxOIWo6Q8ew24lzrOtXDPlrJVSkRHCUXjZ8LkCS7BzQ==
hN8GT1J40T5qfKkIxBQa0p9EDNB5U6t3cbuA7uxc+ISzSMG/DwR3XWAFU1Ycn/NI+JFZ6OxjaBfJBRUje9Chs8fhBWW2qC+YobvLsI1qqA6dS86/d9WEkFn53oHiVFs4
hN8GT1J40T5qfKkIxBQa0msA7AQGzKg81zxpWWCp5MIknG/tsJ2V4akR5ZYKzSurNNvSKbA1qJVmyHDojHJH/G77MeTpoBPCjubz9uF1hXKnkD4+4Tuo9h7CPUmyUb5X
hN8GT1J40T5qfKkIxBQa0msA7AQGzKg81zxpWWCp5MLkaJ82QoWzM83La5HGj96la3SBpl20sYW0Ra+uVhDZrzDkiaHPae1d/ulP6s3kw7CnRsGzUP1U3xG88bkqI5aXdr3hoYsyDVOgFgkJDiYmbA==
hN8GT1J40T5qfKkIxBQa0udIHb1AR5iydADMApDIsmSbcdKs6Ve9fJWTZmox8pa9yvVKamQwp70kKyJs40JOwZlNTlyLdJ/O2Zzq90NxQxj9XGiBjvcn84l5pknQWLOh
hN8GT1J40T5qfKkIxBQa0oeKz2tq9WAu6f3qMqvwT56VbPeA0U3HfcxPDudrHn6mEomlp3XERwnX3EwEWophpM46gEcRNVKMraICDIQmWdoZAV7SN8tyyUaSvstjmEHg
hN8GT1J40T5qfKkIxBQa0pfn7LXv7NBRZhZfRAypoBk07lOxkqlvhkAXnR9MMWec4Rxn8FCdJZfSSU+CIOVL+H2/hkALKoyELNv7d4nCQ4e5GGNXmbzJfhLaeXNxpUKRoQmvGVpJi0s3t63uBlAcYA==
hN8GT1J40T5qfKkIxBQa0pfn7LXv7NBRZhZfRAypoBn6R0KG3cLMRG/chvmUh0LkZGhJGZAE4MXHds0MuMvK3DTRwLyp45M6olQsJF1OEm8GrSymVqRoZua/FhGkSw7U
hN8GT1J40T5qfKkIxBQa0hjIiT48k1m/N88pErUJ1NdBXvHvQDgHmYAqI5Tvn7v2W5VDhrTaSiOp/mdWgDupmOGAFbcqYXwGVwCb4NQ1Ntj1kdOVgqFM+zy6s6tHKSM0
hN8GT1J40T5qfKkIxBQa0hjIiT48k1m/N88pErUJ1NcDN+0HsT4vW7goHawTUAk+CKYqIVnyeukKN9GieGJlVj/bRvSfLn0PbFoohWgaqtqvsRSdz93F3UloCH/ANOq5lgWQNyqHnHD0Gay/KFVxiQ==
hN8GT1J40T5qfKkIxBQa0vZDCRwVLEcfBgJPBqt5xLjWAh6cnFjGY+0680Ew6grrMBuO8FLH0YeR+gQBEQT9VxvHA9wbWnjk4N3+TPutbTjNxS6rHfgMccOXjbLS2jWy
hN8GT1J40T5qfKkIxBQa0gKHtFmp3H0TuqkUm9D0b1oXiWfl+uFRwUPzhX8uG2hxi4NeyoiLf6uGbrJfp3VSu2Twy/WquIEOelvNN8M6yvYIHKMaKtLgByTj6Oswor+a
hN8GT1J40T5qfKkIxBQa0j28Bda9xFcGVhVQNOLDlUDMleFi4TAFIZCUlPO3HgBLpqC5IvUfJKti/8d2Pd+/rNgJuM1EyXAYWHxugcBw+Vuokqnge3rUupnkRxh2KFrveHFjFcTc1BHdj1EK03SM0A==
hN8GT1J40T5qfKkIxBQa0j28Bda9xFcGVhVQNOLDlUDTZcT3M4vgCqfccEqKOyWCeO803HlX39l5eFZBqAYuSyazXaiyMejol+7J4+88y5f1GVPp1WCShCIc4Qqv4SpZ
hN8GT1J40T5qfKkIxBQa0ialJA7HuLcxiBomz2imei+bIqO+h7nFY9KKXMV7Uu3He3WsC7aB+PXZr/j9zKyXPGySV9SLo6Z+a51OBEO1cfqqXnyhtP+k8tVLiYloB12P
hN8GT1J40T5qfKkIxBQa0q/o7R6WJtc3cgwA2vMtqJ6e6vgYJoxi2YwlZQyHLFp+LLO/oM1igcaVshL2nY+h17LKgjSyO6yimMc4s+moKU0wzoKASPVrqWVU2SWVbaYL6BhMbjnHhNhV1Nk5rIcEqg==
hN8GT1J40T5qfKkIxBQa0q/o7R6WJtc3cgwA2vMtqJ7oMZomvVwYHAw3DOl+cQCgHUxNw+L4SnMnleQ1rDMD9SpLYyUJ1SYjYGqs6SPVgjTs+SNeORUVrQPdJe6KQ3MF
hN8GT1J40T5qfKkIxBQa0kv2RsRrgVy7jF3pSucbyKSG0HaSjoPllFtWwrxB2U6F+fAQ3jXbWByrUxump7/fPEFsUv+dC4V+Z8ILAbOHpAvMT+nA3s3TE8kJ253mBcHB
hN8GT1J40T5qfKkIxBQa0kv2RsRrgVy7jF3pSucbyKTAaImmpDvwsEyHGNPPuilLnFR5BrjqnusKfHvZbZgl7Ug7UtSLIOahG3mdVS1O2iM5pVGVsSP8Yy19zGvk6BjI3vdbwt5Q3CMvOu1e9+EJTg==
hN8GT1J40T5qfKkIxBQa0rJp0uvDGnEiUkYlaLNg8F2z1/5ooY20anRXTKaNqGjGmdX4N9xXzEAoL35pr2xn+fQv83PTQbqMBIq03na4W8jjRLBT8E92PNy2PrX15wOt
hN8GT1J40T5qfKkIxBQa0hUJiYKiI2u+xgvOHfASfAe6sAqMnadDmMcUhC85yuylSYefUhjrxAJAUWhF7FVCRb6fbWAw5Rn0AbNv+9Sl3tZ8hX1DWcTrzxIMq/zsaXLq
hN8GT1J40T5qfKkIxBQa0oFsRHCYDWhMIQcsb/YCUMD3bNpel4Ha0ROACOATlgFIMK21dK1OC4dXdWtL1tlRJLNRFDcu+xeEolmw8bJCinyfyWogaRSxNeYXqjny5j+k99GgG7TWgrUSt4z7+xo7kA==
hN8GT1J40T5qfKkIxBQa0oFsRHCYDWhMIQcsb/YCUMBASGM2Kb/bYWSev4VccGFjLuLL3sFnl4QFgDm2qC16whqj4PqSj7agUC16/H3ZMlNEzf7bR8lbY9Q7JD/NUTCr
hN8GT1J40T5qfKkIxBQa0kAee6Ok01qGsQa7wrOUsdB9B3dzXdPKjDJEjcvc/KCmTOeg6mPVZ1TXxz/nDBNImyDChxDg8XuOgtz5WUBbvQoTZBlQQ+pwqfjt8nDhIKFD
hN8GT1J40T5qfKkIxBQa0t5vNWTIMvpYjBVUSxO2PobV29ouEIFHR8M857bPToPg5gWhKgLVzpKSdStz0zt0cokgeNSGURKAF5K/49csxysSo3Hze9CCfHKXxT1HsoYWXcmSjQqNkURGIMa+OcHilg==
hN8GT1J40T5qfKkIxBQa0t5vNWTIMvpYjBVUSxO2PoZJHZxZmg9Z2DLVXEvXllRltMjScKVPoNZWiLE54kr6hRb9k1dtptNvElBXX8vqxZE4p/j0ks99hESNm18+RYO0
hN8GT1J40T5qfKkIxBQa0uelEgc+4HxB71kIDTqk6tR/cx6MriRuCIW2Nutmryxf+vfML5mkVjcLTGQayX8X4oeVNI7eWfpEkePbfryrOQf6eXCcJEA9Rjx3FXbky8wa
hN8GT1J40T5qfKkIxBQa0uelEgc+4HxB71kIDTqk6tRNTxIuSMwZFlbGRXfJCtdHNh5udKYINOQFVhOC/OSopSHQBk3kO75tH2jl8SrN5MUbMJK+fRAF75Crk3PGltC+QMuTKehWVdS6W3HgNXZjmw==
hN8GT1J40T5qfKkIxBQa0vtbJQJ64dNH4ZbEFpbYgJSRDuaojSLCkbHipselbNJvO8z4B6VYuRcyg7N0t9TrMwy3N6OW1gscCLQk8Tmf74rJZxadyyEFtOv7oTgmWGd2
ROUvdMKd4BFUymenFcV8J+1JSZiOmMRRFE8H/5bZB+DWhyiYEdKmWUr/yKEPv6iQdrTAr0zryV+9S3z5h2LQqC/DV+uaoxMb75IHw5xv6/UmaMrOKLNbA6hooChkTzy/0hGo9RTy+xZHMILYcfLGI6tu4ipehT2G3KgedwS2FzP5i8Y0VS91Y1CvAKFSU+Ah
Sjktsrnmvk5GYg9YZ4rU3aYxCLhrT8yWpTZxV/8Sba8DoSkoVpKHhH4hkxSg2CN/dtP+d89cJPwFBcAU5owKf+Hab71L0+AeLsiDTphgxUA3VlTmis127tetDF4UwrSnfDeHhUu5FSqQ74QlocmWdbiNZWoDX4jBMhX5gMYAYzcY9ugiHFdnlFb00m+WfTX4
EaU+1HwzfxEJjQpLfeSazmfzq7I8Q/2XBIdQzzB3TwRuhrsRarH19jUE78Z4JOZ7VSCSu28R54VIXjKFs0Khj//6+euUtzAMke5BscH0TdY=
EaU+1HwzfxEJjQpLfeSazmfzq7I8Q/2XBIdQzzB3TwRuhrsRarH19jUE78Z4JOZ7Y+A2LDlIMnB1B52WXjdMSFv4ZFb3kasqhJhwxoc8xJU=
YEGY4V3NOdbYSVHPbEXhw9ChBXpcpHPAMiBdE3op0I9OYbaiy98rivyXTMMzHbnSqZRj2A2niPdwb6hVV3HYfnf0Z1NeZuNgEna0GjhQMnqlQrQQGsfqcUcAdSSgbiHXiH4lw4Xc3CFdd2QBLIKyVw==
YEGY4V3NOdbYSVHPbEXhw7A8UYKCozVtCx4eEl6AZkp7TiF7tmgaCjE34wwRBJYbOYuspoENXTgFXUmEpDhFiw==
Sjktsrnmvk5GYg9YZ4rU3aYxCLhrT8yWpTZxV/8Sba+T1gwFnhbRc8KFczZWaElTMUmG/1xy1fmHTv0z9ZZhPg==
GY4pUMzWQivXFZ2H4MhJP4eovl2H1thZABWBrkJV5f8qRlh05wtnnJ/J7BuKFSIl+Bcs3NiOzT7dRpFHdM8LS6dZkpES/bCYLniFhfQknNjoouprpLo21pfT+WwVZH9X
DsfY8JW0b9VvsGPFHvNIEttjdZDvz9pM7ORfmcW2b6TjWXAqNEC6zmEnxHEI0dWnMkllsdM4cG1BAt1ToGa9kGr3LvmZdTmZ0NXEzAEHH0E=
DsfY8JW0b9VvsGPFHvNIEttjdZDvz9pM7ORfmcW2b6TjWXAqNEC6zmEnxHEI0dWnHYYx0WwRkCItnj3I0D2VuwbSJXkZmJmK5RGnX1zBVvI=
DsfY8JW0b9VvsGPFHvNIEttjdZDvz9pM7ORfmcW2b6TjWXAqNEC6zmEnxHEI0dWnvphF+NxQ1+ADxQjjb8wWNZWWBhVZUygDwSqAlp3x/3w=
DsfY8JW0b9VvsGPFHvNIEttjdZDvz9pM7ORfmcW2b6Qvi/QiFf6/VvHxXDzcFrHvPGpBrWpXEzTKxFQjrjXiRrFF3JEfXw9B/A03W058FUs=
DsfY8JW0b9VvsGPFHvNIEttjdZDvz9pM7ORfmcW2b6T64SOgFqDyyh/1qjVkTx7e+8JyGw/LSBh5rJOsI+68CKXwSMtzHb9mpPCd6vAzCc8=
DsfY8JW0b9VvsGPFHvNIEttjdZDvz9pM7ORfmcW2b6RY3Z+kNyyS8M7MFPsDD485eBmzOLUecuwAU4/abWGlfCQMYDDR6Z0TnTJbA709gnk=
DsfY8JW0b9VvsGPFHvNIEttjdZDvz9pM7ORfmcW2b6TsGHlWyz5Gd12RX/HVmf8WDz0DqGJTCBrR7Mzz9FjZD5ocld2uGoSX6IzdgnYmo+w=
DsfY8JW0b9VvsGPFHvNIEttjdZDvz9pM7ORfmcW2b6QxGJrDfq5aqv4F4pDlH7hY7MsIrrYw2IF4JBYX5HvZzUoh/GKtRq7bwegY1c5UMaA=
GY4pUMzWQivXFZ2H4MhJP4eovl2H1thZABWBrkJV5f/q+SAtPEJODXfNyerMCRleHH0V7crOQlVMpLGsZA0BIMDwV/I4tcuxj9Aw2Z5Uft0Iax45WIHC+2zH1t+Vu6efbndbeboBGwehMdg/XQZCew==
EaU+1HwzfxEJjQpLfeSazp6RfKE0PnsJ0C1Hq+8rny53gaeJ8YDt7V5eBqeMlGvXs3117OmqMDyHJLj5I9sGFls5J2PbbN+jr3CIJkmPb8eBbiFuH0q5I7tg5rK8txD3
FdZjWS5Lf9mGUtyuHATvFGSnd0juCgXRtxIX+nB+M2pCmXKl6JK/IA5TctZMDjsGpkqTlqRRf+FMRLMQAv9zxz44+fRbT2NRmq7GRHwmZn8gJA/zD9u7VI3n0gyT3Ls8
EaU+1HwzfxEJjQpLfeSazrvFTZUGu4NjAB1q3/AE3ao1sgmLimQYklUHcKOhrWdFs37hvDuy/TJlLgqMLUlfEBEtufZGps/FilfRlQa86V8=
hN8GT1J40T5qfKkIxBQa0rUwSaCmPmNjcmuidtmXrnCdgfkcIhgkjTadjYRjnPbDjuVpqP2xD3UHzyXVngHiZDV7gmdTRmACNne5upBuPFiarzMg7fEvZyNBzbI4bwbZ
hN8GT1J40T5qfKkIxBQa0s7AQAB8veHZslpFXo48p9uWYwtdndIFXrsPVRO4cDByMdUtc9CX7XJJ3MI48UFPtWfPrChCdIjR1zfMy0dBktTBLLap1AnuhmMWFxSNq3Z1Ny2fukd5YEe7xjlkZPyG4w==
hN8GT1J40T5qfKkIxBQa0m+rI5xja5cvUqBxm+dKl3edLVqauHwDUo6ZWQv33wXbmN/72DD4fvACAyB2ESezMkW1rf0v+/mVEeiWgiRGuDJ1GoPUs5E1dw3IJl4SZXwb
hN8GT1J40T5qfKkIxBQa0kml1XftqCa77XaX8KdDyMlbV+GXlfWzMEu4vMq7nAoNY4rg5MtFq6qiIR/c35MgKMLDahS8xukeaR99IHp1ZFjqHd0jrf6QOIaXlS7o4veU
hN8GT1J40T5qfKkIxBQa0vHMuyO34H5zpX4nnC6aWupAm+iH0QsdlU67N3JuPNfvzxr2q9KypvRp2U+rEHwZflArkt3qDjh7Ve3XXoV17WgaaGA76OA4j8dkW+V5/vWRLQpa9cWBIuZgGs+djM5l8A==
hN8GT1J40T5qfKkIxBQa0uKdGLi5JgnUKaBbt17LXd62SDMatx+CkffdcpxZmF8v4pJHAUm1dxIq82RIhloNUIYb4CFiNM9yPOQ1f8yABvfrgBb+jN0y9FpgDcjATClj
hN8GT1J40T5qfKkIxBQa0sRgDE01hkbKF35TtNfAqZf3cTg01xZkZu4BZ4u/RWXzt3/beVvaJDXON2q9cWdbdo2IyTKcq0OdPB1FpdcZlcVUwsi7KjgeVHS/VX2pVnT/
hN8GT1J40T5qfKkIxBQa0llFwlM4b3Vz1KzEbDuDx5agdA0cxqdl2qQWu8zTMSqY5rq8SPXdnnmtEPOi+mu2T2tPqhHUCkUX8pPunQ77r4MIgpHpLC0OA6wHYyQhxnL+m49Xo8xsS/dDaq/DIklyvw==
hN8GT1J40T5qfKkIxBQa0oct3dUeUf2ihMEB1F/dKUo7yRxjcPBjoiKeq8N1kMF30jjfVU/dr/ILhKeibCyoToGLT8zeVydO07PNNOl4kuyzSFL/Ul28Js9Qp8lz8vYQ
hN8GT1J40T5qfKkIxBQa0uvZRWECZiwETrU+p6JpNgnC5Cw4d9OAC5avZgBfj6nJdNbxIzbBo8m18JcnrAwpW4VsakkqT91nLDiA4wC/hR7L0cW///GAKPgHa5leyGIn
hN8GT1J40T5qfKkIxBQa0v0Pn9VoY0xALp21QGCbwfxgs8kZHHBwxi5+nD0StmXzLfs3UpSi4doad1LX1yYTZqt3mkM5zWPUAX87OMhP3wJ7uJlTCNi2FOnOdxXHT+TB22Z8ZnhWCcQ0C1fyoXi7rQ==
hN8GT1J40T5qfKkIxBQa0v0Pn9VoY0xALp21QGCbwfwV3NXM0xu2PLfkN/qQ7K8lIbKagwHwp6TX8D+GyJtaNipdOVCGa1lWMVXnEbyPd3x3AtNqp1C9iKE+2BrPYu/5
hN8GT1J40T5qfKkIxBQa0rmecaMub+G8vhQdu+e37/qHmIFx4nGOhqayWpJ9uvjyXg9DG2AvdFgsBoACaUaDESASyrTT8NKmDVu8+jofE68B2tm/phUyEOZ20qW7q0X1
hN8GT1J40T5qfKkIxBQa0vPcfx8yQzmu1HL4fjHNDS/dFdxJGas8hg1p4s+eIK6FMWFyfQMi80UsRPbsVya76fU6JmWzpOda1EaOYsQBZVqsDt4cxr5bILrMwe9Ush/CrVHFA52ICQH+FcRubORm5w==
hN8GT1J40T5qfKkIxBQa0vPcfx8yQzmu1HL4fjHNDS8Bex6OZvTx8uzk5wBuUiNp08v5ubENPS4U+10Gluclf+OaxwK0nPwnRJ/yG8d9zZThcUXKw/Jxy5BdWky9zKP7
hN8GT1J40T5qfKkIxBQa0n+AI+4aGNsDn5HLmMLEmBUdBi3CgT+HoxsCs7yMlt52cqtnMRm2zHeo+AraM+GP3Xi0VpZEEWmnr2udtT8YZzTumis+4Dbs7XWVQmhASZ8I
hN8GT1J40T5qfKkIxBQa0sFlfszuGinkf8FvY2n2L7pyqDlUF4hABxoop4fTH2nfGqYFNOuIXMVsUeVSR1Juya73rWu7f4R+m1+5p6Nxdns7B3eNZPlZBzhRQk36u0AkW4M/FjoE6RJ6JL8AoZgZHg==
hN8GT1J40T5qfKkIxBQa0sFlfszuGinkf8FvY2n2L7q9l4l34vqEivnCIUNoXNOQJPly+nlitMbo2kQjU+2eiBVFXlp0dwL1NgC+0bFwrX+dAvmakDn5wSVeiaGgZGuj
hN8GT1J40T5qfKkIxBQa0hzoapMGJFxTy622v3/IskcYVzMtepEhXFgqIw007uW8AL1tSgGTTcTJYhadSaKOi3TJXlsIb9p36CWHyAn6ZzxwXmipVgLqSGEOwgOtzsZX
hN8GT1J40T5qfKkIxBQa0mkVuO0HVtA1idW9Xh4PWYKN239M2r5Aei2DgCptjJTU+xDUyJl6NwljutTQ233b2EY94jdZziRudqBGTanKdEJWBWIkOCYT/M68WzNQFIm7m7wiljVhBu9y5RTwXjA9vw==
hN8GT1J40T5qfKkIxBQa0mkVuO0HVtA1idW9Xh4PWYIZE9mk0TGVfaGMNCOUJ+udD2ZUiSV6t+as20tBIp4UHUIdy4G8tD3K6PpRwiXFn8vEZ05gvbxsHa7hHTVe25Wx
hN8GT1J40T5qfKkIxBQa0jqDNskx1eU8u/JIWxRSNq+gIfx6jeYt8swkpcFDfYyiLrimQ/t1IYuV/E8nAzlwJ/7CquunaH4D9ucjYnXmwEGJy1u8KEPjFKRBoyIWVNie
hN8GT1J40T5qfKkIxBQa0oy9nXsxx8+2u+TOfzSRziGaBiYzViw+YB7I8l9sB4FYT3pKAsr+fdRms3sYVGCfvhZg3lz+kG83I9oNzd05xIJMFt3+9T/7TudDIwSYJ30wR07AsnwE6/U3NCjWuvUg0Q==
hN8GT1J40T5qfKkIxBQa0oy9nXsxx8+2u+TOfzSRziG0q1cQhNMSZk/TEj+Ia6jr3FBNRZZKLpq7xtxdwpCfnpD9FT9SeJrxCDxpwF030rbufp9oA3HdQWshJtwZu5/u
hN8GT1J40T5qfKkIxBQa0k1Nr14r0O4uPhRp9jcNWSV8gcR/lu+PLD3sRcMc51JhBLpoLGIWiNOOjyJIzeN0t0Il+zZLBcXzkq9Z85faShXc3e536N8OBGPCEkgNBy7P
hN8GT1J40T5qfKkIxBQa0i+i1UDZtEzmWbVg3uLBh/UaSkQ+1COmlwn3jVVTYAjro5oNNtOgsMcWuE97MXHO7r0OS1L3MetriZUZq2Dz9d7eNAjGNigaXORanfDRUVadkiH2XI4d1W4yPZimc+T45A==
hN8GT1J40T5qfKkIxBQa0i+i1UDZtEzmWbVg3uLBh/WCZKb5Gun5KImvilrrpzY23tpCQBwmDPHaw8apGwdLVh2w+AnoQRWlgVpu2tZqfSW6MJcK0FkyFMm+GgFNPrST
hN8GT1J40T5qfKkIxBQa0sdQH9gyY4StTFutVpMN9qm2eL2N7W6GIpvBS3E0QzElP6+jrxh1mcPBgiKKcW/wOnB8uqeI/BeTM/VKdcopCgd+r6tu4+iIISvQSF5XCMuG
hN8GT1J40T5qfKkIxBQa0sdQH9gyY4StTFutVpMN9qlamUtF4Vu6XejVEDleYBali7aiLwnMpXHbcyz8PKZvjTVQE30L2LoziYOCosQ2ouq9pKNyNp42ucq+fsyzeYP5+0rR2dhNH5T2YLrI9M4vCQ==
hN8GT1J40T5qfKkIxBQa0sdQH9gyY4StTFutVpMN9qmrJ/wTslRIu1PgRj2UQLy951NitvCpEPMATrs7QSDXf1avzGgZS6UnI1BbvZKogs1G3lgSowG9xim/eYe9p6SE
hN8GT1J40T5qfKkIxBQa0occwOkJrvHLLSlFEaazkAY1uMpLYzpLQfjAtK8PwrJEH7GDKjevrCVOT/xnmSfS8TnONeLGfFi1KaduB45teA8jbNmrRje+ZqTzPQ1rMSxZ
hN8GT1J40T5qfKkIxBQa0sZccCVM0f5oUUY50/kPKKMckAb98nS9oaQPnAXk7p1p8xQbbdCslel9A9KgcKUDpTtxqR6vUsWMhr+A7kmosrBTUruAAvgbPXmbpSqunhHbKeK+hpUpOXRe55OIUeEznA==
hN8GT1J40T5qfKkIxBQa0sZccCVM0f5oUUY50/kPKKMl0dATnzss+R5vXIfJufxivBHfdp0bzs4uIzMOm2Q2TxUaxYhK7fblI6bKVgY0WuL/o9njaeaCQQkjHVoWbsfD
EaU+1HwzfxEJjQpLfeSazgyeFJ61m6scueND4Vohwe1hjEiouuuezuMJ7aDyb0dS8WS0+VwNU/vUeixeIEDOM4UXnqYfpgXPvrthHrivqzE=
Sjktsrnmvk5GYg9YZ4rU3SCMNFTz+EBbgFdNtHyp7ejxgO/zpRQv4JBfCQ+SE0HqCfuXZHuQ298ks4TCnoTeMQ==
GY4pUMzWQivXFZ2H4MhJPxymHGMNt11Nb8dtXhtSE8M2G+onG9vNS0XjR86Ml7xNfEgiT6LguwhuF84HO77wFw==
DsfY8JW0b9VvsGPFHvNIEttjdZDvz9pM7ORfmcW2b6SnZpblGgsGEnL8F8yhK/t8jiC11XgZqRiA+feOvj1iOwYKAddS29a0ODzTE6qLY84=
DsfY8JW0b9VvsGPFHvNIEttjdZDvz9pM7ORfmcW2b6Sz3XDTH/bqHkIqhlzCoiVWeqTLC2geJO2IxdoNqESOXxiz+LT7C/0T4rIidxjLBso=
DsfY8JW0b9VvsGPFHvNIEttjdZDvz9pM7ORfmcW2b6TFaUCXq8/alU2PE4GfMOCAk150lrhfvwzYXsEnuj7oNu4MmL/prMduifqeC/LTjmw=
DsfY8JW0b9VvsGPFHvNIEttjdZDvz9pM7ORfmcW2b6TFaUCXq8/alU2PE4GfMOCA4IAUwIfviOVUHQMSRFmYhqFrB0bnUskuaz0822RhCKQ=
DsfY8JW0b9VvsGPFHvNIEttjdZDvz9pM7ORfmcW2b6TFaUCXq8/alU2PE4GfMOCANvDYg69bLVrBadk0bzMy8HH3e1v53bgmTyD9TJv8BNQ=
DsfY8JW0b9VvsGPFHvNIEttjdZDvz9pM7ORfmcW2b6TFaUCXq8/alU2PE4GfMOCANvDYg69bLVrBadk0bzMy8DqWQVS3l+l6VvdQMtWaWhA=
GY4pUMzWQivXFZ2H4MhJPxymHGMNt11Nb8dtXhtSE8NgaYHZ2SAOaiVQ5H9Ico8u3mTT85rS3xSoLBGalz+1wAaU4E3ns5IpEsuzWHWsmkfEclepk7x5lTjaInIl/+zIGAXSnpKGsOMjzWMAD56q1w==
Sjktsrnmvk5GYg9YZ4rU3SCMNFTz+EBbgFdNtHyp7egNgXUMgGdQHsgSBaCmFIW7QrlK3+eMxgliOQmi9/ZSDCJwyNoyhHp74ncYeMLYBUQ=
JuRgDkhw4F1oASeQxlFK/s1Du6XL5STye6TkCeDoPmmQ+RoRvN3WU+LpZAJ+f77+jtASQTOGzLCIHEfAqBFvzAvWLlUXLPsBdPAqNJJAm90=
JuRgDkhw4F1oASeQxlFK/vd8zHSeTeRjFK5za9t7s4utfhk6UcRD0O95kpWNfbEo3NBA56pQTl3mVZeiJ/hH3XdB2YVpnsstcjoWzbbzImsgtFKtFjZX6oDPbsgMqnOmsUyHFhnrxDfU1yyKkWVUfRo2wcknjJPTnWzROtfrjArhqfRRI982Urd06v3x3l6u0rMTf2w8cYRw8EKE9zU9v/kHrVMFA63QaIApjkB7++0=
JuRgDkhw4F1oASeQxlFK/vd8zHSeTeRjFK5za9t7s4tpCYRTIbP+r53jr3UI2e/Z217ui+9KF7ezuk36UOrBTA26+YQji5kPNbvaLPchYJSCKOWbKgI27UBGc6Qh4b7EtFtQHjNvxXSVSyA0O4+TJlLFy1uqPdxlBXKSkSIwfOo+R8iDR9rBMnMw89mrd7EqeltHrRzfaSx5+nmiwJMOxGjG8XXOF/4VFsr/RPxrf2NdCNZJeEkbDjtE44WqrWBR
EaU+1HwzfxEJjQpLfeSazrF963ZN+VtT0XcLdpxK4xrhJ9R+2+FDNy/OMPoPlwSTLO1igB+pehA8eVm5Mo8FJA==
RAr5E83FxqqCJDcXPWsZXlJjT+vB7eu4+gfUzdd9K2beRD+/h8uByRdm63W9uDeSM3QJamKXAAxt1SCz5fxMch5+KnCmGnFJ8lFZLh4ASOWb0gKe1A5YLILMOGL7T5OYXtEUSXvE5baFnVLZO1kpHNHhdAmGCQBTPLoCq3AuK9Q=
RAr5E83FxqqCJDcXPWsZXgz9VtRdhAcrPQg8I1XhSrmRCrp5l0EB+a3Fc18sl0exdWJ1b2HWAFl4kcTTiZ3F58PyZK+vNkodQQiUtBZydNg=
EaU+1HwzfxEJjQpLfeSazozknS+a0qv1P5/3M18okARiTky1uegAO42x9hn8nSVbg+27OFvmA297UjHTFDyv68UCynyHusBITaNmr9DYbfNbG9sPs0kLUrYO0qt4QtB7
hN8GT1J40T5qfKkIxBQa0szv4FLdyIHoxh74dCN3XiHmo/oiSsjFE3OC0mAcbOhyspEmLn4IDKPvVQAOz5XK4l2+e1oJFHd2t3wmGW0MujiT40H9BQI1X+PxTjfRQeEC
hN8GT1J40T5qfKkIxBQa0njRK1Yx+wq2+PRnZBIlcc5KK6x4T7CacpZP47finCodXo7smCojWYLpS1QjvqyXw1NnnhcxLL83A+XcVzIoQid3ruuMa+yicop1yzO6/XCHG/fWYtiCNuv9zZ8DY9ywng==
hN8GT1J40T5qfKkIxBQa0saJRiWtkG0KRTOWMFjJO+z7xJA0Ic4K1oip4NS38wudKwg2ig5W/kx9E/HfTy60h2g5a7LiBJ1bQmrCdBMlsprhkuW48XdEt9t0yqoRoDis
Sjktsrnmvk5GYg9YZ4rU3WL3haF5xRdd3L2wkmVsmTKYx/btTZEOG0xFaNgRRCPSO81HcaPBGf82FXmwcPHQo5W01et+awiJOejL5E0dDdPMOyGZv6CdAa+zdFfBQoULY/Z1HDra8hT3kSGxQjO+/YVlHBYNaXIy6F96SJ+n1iLeZcxDcIEbMsjheRQjf4H/EnTNg/kOmWUYpgCv+ikokw==
EaU+1HwzfxEJjQpLfeSazu5Tbv/502q1XT419t2N/sLR8kHRZmbP3jq10jnLDt+blae+m+TtRBnA8Z5vArcQgRkhU5V2NpBN8hSRdL8zIkA=
EaU+1HwzfxEJjQpLfeSazu5Tbv/502q1XT419t2N/sLR8kHRZmbP3jq10jnLDt+b5nZBKu+BbyDhJsA5MUkMadqXab7d3ioMJAK9G2wxJBo=
YEGY4V3NOdbYSVHPbEXhwxklYQL1Y3V4PEy96K7KLT+2anSzcva/gCvdL4Ubzc/rQ15CljwsIoELgnaFHeiUlkXtgLjXLnkQnsjk3J3K12ROQ+PCvnAdLDx5aC5v2zmj2EG90lMA6L8zT2/g0pNC5g==
YEGY4V3NOdbYSVHPbEXhw2UI3d74kXfne5R1lFI2VG5Af8ECRIIt8pzCYr4eBcwKVmtUwKFEhtQgiUwROKq9rw==
Sjktsrnmvk5GYg9YZ4rU3WL3haF5xRdd3L2wkmVsmTJQPgPSt8DIS5m35kJ5fmviUSNEZo8EbL75vDqY91N0OA==
GY4pUMzWQivXFZ2H4MhJP2+kIjsMUXc81AHss9CUcwRb1hfUZOSxkUMB8s4+9YgWBbofVaJkATefV5xxkBftqAwnDBivLUMXU4sUXvRv5HOxK5ddil6+GfEPGzqbmtSP
DsfY8JW0b9VvsGPFHvNIEttjdZDvz9pM7ORfmcW2b6RBzm5ObDK0C8xulPLTKwIBK0QMuoQryuGcOApDpX/8bWXpjy/6XENuppYfvtXKwjo=
DsfY8JW0b9VvsGPFHvNIEttjdZDvz9pM7ORfmcW2b6RBzm5ObDK0C8xulPLTKwIBjT0t6kT44BzP64i4oia27xz7pndz8ezK/MUn7PC+aO4=
DsfY8JW0b9VvsGPFHvNIEttjdZDvz9pM7ORfmcW2b6RBzm5ObDK0C8xulPLTKwIBPLWaZvBr+0Ub04p22IhSbgliUN4RTqXnp67q7FyMcWg=
DsfY8JW0b9VvsGPFHvNIEttjdZDvz9pM7ORfmcW2b6Ti7T2v3IjRzK5nvMWvYds7rpA61F3X8RtPTcToVXAAP2cDuJ5GcTmu3ftbWwvbxZs=
DsfY8JW0b9VvsGPFHvNIEttjdZDvz9pM7ORfmcW2b6RZcMrcjfRCMwfXMPZyieieuaWvtAfDdJQqaTgNVd0+0AovTbP7muLAqVylZultYXs=
GY4pUMzWQivXFZ2H4MhJP2+kIjsMUXc81AHss9CUcwQFU6GY6lv7xdQYg5sLoIgVOLdhaDgSR1OKExn7EGwgZQLTrvyIQZ86xrawNeV/Y2jLY3O/7id2A2v5rKB+OWe1sYRvZZxViYtneCuwydIXUw==
EaU+1HwzfxEJjQpLfeSazlx+P0r4tjxMdXb0fAQt9IqHXKWT2ia/1vw6EExKh7+Au8kkNAEKZeLPELVbkHKQXM5dWgijEry/kNugq2FOUdgCGAnw1zfpNOGHmZU5Xuvs
DsfY8JW0b9VvsGPFHvNIEttjdZDvz9pM7ORfmcW2b6SWJNG/sdfguPao+vuLDmXWZrTmtYL7HJaS+rNDJ0BMF7c4e0zPxr+eN9yxYUG5GJo=
DsfY8JW0b9VvsGPFHvNIEttjdZDvz9pM7ORfmcW2b6TDT2+3/XVbgaWhwgtQaaQKKKr2TZhWbr8EBVVQWcb0kxt9v58y3PfwwI18uxCw7Rs=
DsfY8JW0b9VvsGPFHvNIEttjdZDvz9pM7ORfmcW2b6TCP3/rJpHG/x/pSZvXPMSnRol3nSpueA+AJvfgVZnRUPeaKgi/AusrW4cQaodUyxI=
FdZjWS5Lf9mGUtyuHATvFAfa73JJYUisOUbtK9VEuHWJcGKLa5wG4m9jfYd0vnJ/sOaXMj6x0WHFGmbNDgIar956UEqpg+tqwEPE5jsvt3JIScfy6I9Sj1Kb1h3nKbDG
EaU+1HwzfxEJjQpLfeSazm6ksEeWBI4nrJOQz2OfAWf4Zy8SoOpROXJEAsY/n+BlzlyEMrTtZkDVoe2H+YGcLU3FD6vPKM2cfeTbY9DanAk=
hN8GT1J40T5qfKkIxBQa0k08huye4EHd83ANI/gECZuKiIEsvBgxTVA2HdQ09zAbCr10U7x6X2X1fQTZkYhfHlKewnW/Fe1k4AYrsFputlLicMzI0SD2fVzjzbnsLkPg
hN8GT1J40T5qfKkIxBQa0lI50A5MdDwuiUGf8WLnB5fj7uTRwETywqA1eckG9A6Bbj7TDohLRM4HSA1eM6raA4TABNDchiIbHZFB2uKSlBc0VmwCFeIwJAyIJ1biDYyAaLjQjhLzeV5LdwYJqBaEnA==
hN8GT1J40T5qfKkIxBQa0krAIF7joBHbkb58oqPW2umFR5RancGn3ttv1Y+SpQ6FxcK2omBQK36TNa1r7UavO31Iaw5z6j3J11RYif1EcJDYN7QJqfvFggZ95NpfWuip
hN8GT1J40T5qfKkIxBQa0pho2Nwn+zbJvrEkvdg0uCsHdp8bWSIZ5pdr278LOBA1CucqzpZ9KxpCyt4fRgSVLbbqXuSeuD05JlNTFdKllTfmjusg3niCYpxglq2coAOG
hN8GT1J40T5qfKkIxBQa0sO69l/fBx/heWyH+KiKSsKKVtijUabo+/ZyRf97X/g6BHjrNlyXbeQH+YZcvFf9Q8OP7hiUzhLFjBXL4PF3GucrScffwQqGHYb/XiO83HyuWOwN3Tjy+yxPVCB7/pY60g==
hN8GT1J40T5qfKkIxBQa0sO69l/fBx/heWyH+KiKSsJIvSQ1vKKU+K2fTw7NnZMS5B0RdpnDwNRgYNR/qMFSigjAPHq8SA7eI1JUqP7hnJ1kEc4+UyxM5wOBUJPQ32eC
