GmcONIA9PFzHw1gpPLLPoqev3ytAH5KO3S/CJpMsylg=
35kyjVfwBJgytCi6KM5Vug==
FNt9orFfFSbPIXNSbXcP2Q==
gE2g7VQeqq0h5MkG44fPUw==
A4ZCFW7RnVRfEnbtNxUDb8VFIQmzxcIFLuiIjRY2q84=
cwgQW1UgxyVfBeSrdwXHsPE1eoSAri+NViVSjTYe4hg=
pYn3RyiaY4vz2unSybTHuw==
mAzeFbkWBGyzJRgEWJSZYQNn44wFaguEUnqkvHVinQw=
NiGef/LGs6v8Em6sqLz1GYGKB0111uCW/TAqgkiW0+w=
2lfNnhNY+w/3xMaMUxJbE0YFT/wvMlSDz8Vrd5FEs18=
ROUvdMKd4BFUymenFcV8J+1JSZiOmMRRFE8H/5bZB+DhiXXojl8OSd4GMaxq3hmThVaC2CHtJa4lEGQFyqRpCpF1wG55ebXAKB00Ec2OuMskVf6fOIFuS25KzTzNW8n0lE1/xHV4sX+g7k6a4u+4EQCgZbkazTz869HFGdu9ZPLW3NZ8bE15m7reRb100GGx
Sjktsrnmvk5GYg9YZ4rU3Xo/jBKuTQcFPhBni5+SUHAOg8RVqLA3tIQLZb9F0n8oR2xOmRvipXVXVSTg7iHpu4+4qHa+IleJ0X6tVkyrYUSivThM9JEcW7cSxhKBf3BoQgI4Nvf20yByv5VzZnfKLUx1Voo422at0aaOru7xbD56nynhWj+mYA0nsoQDGus3
EaU+1HwzfxEJjQpLfeSazlYJgRA5FePHs3+cNDY/HzN8tlpfHrk6fiaortflttmAbTKnq08FcACFrL/EmWNN9/+4pa5SdiKQawREYirj81o=
EaU+1HwzfxEJjQpLfeSazlYJgRA5FePHs3+cNDY/HzN8tlpfHrk6fiaortflttmAqr+1irLHRr/N9VXp/H4Vw8MnT0ernyDqCYplSVn08sw=
YEGY4V3NOdbYSVHPbEXhw6E2b6+ygWGH91U5X1P9tmddzahkmx25Rwb5GQbkqFtj5uLMXwxXzTjofEsL5G3Uh52LlGy876vwqL8rIl6uB3Gwa/SK5ACsN/5lODhxd6YDeP7SD9rWP3HCPhpqOjL0CA==
YEGY4V3NOdbYSVHPbEXhw8tf0/xJbUjBNKK1Z2rYWuIRH+1Yg8FB9VRqxtw+S2eebPPmTlvUAKgVTH8sLEafWQ==
Sjktsrnmvk5GYg9YZ4rU3Xo/jBKuTQcFPhBni5+SUHCvc9OJm9U/OhQQQFG+QroPlEqeVKmDLhenmFrMtWTrxg==
GY4pUMzWQivXFZ2H4MhJP0ErhyB5WcpN9MB8LB+s91A7PaCH9ZOUSqah91MJEC1X5PG21uTNxxzDAuJoBRW1gYjbJwhWr2IGygSOhErkBybdspPgMVd8G5LqM5FHL+9n
DsfY8JW0b9VvsGPFHvNIEswX1P23YdO6b7/OEgYftYMoHy/Z04DwjhEaTaXs2x6Ao/o4dp3OlxqRcKffSdjLicFJBaFDrTOGzEuUQzcDgF8=
DsfY8JW0b9VvsGPFHvNIEswX1P23YdO6b7/OEgYftYMoHy/Z04DwjhEaTaXs2x6AW614umdFeCAyg4pCRkyJvx89u/sD4BdJdAAVDHXP7Lc=
DsfY8JW0b9VvsGPFHvNIEswX1P23YdO6b7/OEgYftYMoHy/Z04DwjhEaTaXs2x6AuFBSXAz0emqIxluudxA5LmCSnZev3pTX3h1Pu7SALN4=
DsfY8JW0b9VvsGPFHvNIEswX1P23YdO6b7/OEgYftYPl33ukErjFVDakA2E08l3p/1ATkbnURJZy2ZsQE1rx6HgN6jwwARsYkvXSSEti6/o=
DsfY8JW0b9VvsGPFHvNIEswX1P23YdO6b7/OEgYftYPpB56rxooXO89Mlv/tto3hZMzCanxP98yt5aFNjEDBkLgN9fXmnQMghw1JvYLewwI=
DsfY8JW0b9VvsGPFHvNIEswX1P23YdO6b7/OEgYftYPg11MYw9D2kXLgVOuY50jmrawsQ+MVoBZBElMlYu+ji8v2rwQul5kj3/gRNZ3u2YI=
DsfY8JW0b9VvsGPFHvNIEswX1P23YdO6b7/OEgYftYMoqDKM9lwRmvW559Zn+Qx+l3ZoI7fCJlsAHJv0FrDH/jahaRBythnIeNsvXpBQnQQ=
DsfY8JW0b9VvsGPFHvNIEswX1P23YdO6b7/OEgYftYMmloohYic359/mJFrsNYuQDtlcRo+t9CrDely4Burw/Y9B3euqusxOC4ZMQlgkPoc=
GY4pUMzWQivXFZ2H4MhJP0ErhyB5WcpN9MB8LB+s91CcbRVyLEp0WM9bCQOizMO7sqB4RuIpDGm/lN3UDEq+AezMTkpk1qmy+FuIsEM4zvr+fKn70xFv/Rh9mz8tWFTnceh7A/zoRDztqLsLvcgISg==
EaU+1HwzfxEJjQpLfeSazqvcwJCjBKn660mSZ5dOkDRBMPSmF0Tl+9v+XrZYc2sFnHQOsRZM6HSZTIijMfq3g0cePlNGnlDKOC1/DEN3G8Ar92kqKo+FavTSMIXSg9Br
EaU+1HwzfxEJjQpLfeSazo3ARUE5BcinTw91eIcMc9o/5omFP/+B4qsPbyg0VuwkFdiFsfyUXem5X/NdrKfr5WxugigOqThok5nDCLrs5Xs=
FdZjWS5Lf9mGUtyuHATvFHH9FJcz/KlCbeX8kouPnUxk7CJdORSbFhYqjvgBEEKPtKUaGH4MJTGlTOmFsnYQo0Ie2sfKIsQ5vL4+iLBTz98XoegmX8IcLACZDnipOdH2
hN8GT1J40T5qfKkIxBQa0l6oUBQzd5KEVuIscFuwBpeIMZ1jXL/GJxFyRe6LTAys6huZ5BR2Xni+dWSiY2EVeXrH46ijsrPcjFcEns84UzJHOvl/8LA87dL8ZFFnm/ss
hN8GT1J40T5qfKkIxBQa0kQ2P601W15+Uglnr3/TS6wzm8A5CVGpLL8EjjMXUym90CEPTuC3rKA2FSzKLPqk8AyyBsQiCCPVmtY5loZpT9fqsUqqPJC6vTAEwvseO3zDHuJTartT+2NsWksmHKfwTw==
hN8GT1J40T5qfKkIxBQa0gMIfcEUUN3HatdXELewbA4kQLkjp22Gll04NMbFPTLjmkpp2YMlPLJqZPuFVSJOj4GRA5Fgi7uzYV6nEjOIklTasB1+bm+cwo59MjZlzBWM
hN8GT1J40T5qfKkIxBQa0vQH4BePWTk72BIFA0r/EhgHmRPRjQ+G6P3IfP1ggtwUvarJPyFHdtL8sNr8kZa7AyOtpGm2tA7idfw7up8BKSgvfQ0qDSEtL/52JwU22a1C
hN8GT1J40T5qfKkIxBQa0vq6Jgi5ldUaShvspZSmULjdcLnxfLS8FSLmYxT9G+iPfNwwkBY9YlXoBI/6rk9+etSa/zW3f/X6hINMrTyTYYRhj7kiGoQaVXI49DbTy7fU/UcutOMIK1qI1TZyQ3r8VQ==
hN8GT1J40T5qfKkIxBQa0n9gkudqLQB0dYJF9oeqiBdfOrCr94oR1dn1vPA2LSjsi3i2CTSf6cJxD/NRme+eX4sITuI5W51BOIsoPjiFVwc0r96vOM86jw/F6EPvuoTO
hN8GT1J40T5qfKkIxBQa0q/bG7Y+lJUFHeBlhmsZEhc4dZ4ZkPsbW0J0fGWe74K5pBdloU+h6LDp9iq2r7rrpncjR3YWPzzH1IILJSI9s854FL3fyvW0YSgk5wcKSu8y
hN8GT1J40T5qfKkIxBQa0jE/fdCJ1MaQ2fh2ui6Q2TV4RHhdDacNl8yv0C1+3D4MI0eOfDKTrolJQ1uoAWAskAl3Lv0ReQU33/EUh7fZ8qS8m2lrpJFPfKVRi5iTt1GUUvc+bGtKtq5LxP0W0A7YTQ==
hN8GT1J40T5qfKkIxBQa0jE/fdCJ1MaQ2fh2ui6Q2TWWg+tzOLObiEeVhX8p6+ASVam6x8B3+NBDpTyPZvd/Mv8yc4O6nIozXCa1+TY12Y69GJaTsCFvUikQ/CkB3uN7
hN8GT1J40T5qfKkIxBQa0rpMtNd2RMFWs+aVbN0XqekIn+jcX8WevMw41vFlmb50/vOt8UzXnciMfSi0JrUb1Rb1rp50UKZYDt3oQeAWVwuuX49S/tct6qYQ2gGFme4w
hN8GT1J40T5qfKkIxBQa0rpMtNd2RMFWs+aVbN0Xqelow6fAdqJawtCHSvHWc7Box7zLaV2iDbRuKHO8BQkncS/AZvBNhr7qzPrmqBM59HKgXw+osM1J5PQtPfqK0HLZ6HLS4ZuLt1vDgwo0CLCapA==
hN8GT1J40T5qfKkIxBQa0oqzCQgGTmH0rv+P/GVily1D0uwXTXI2OggOsvsEIMrYBrH7UVfzyTwZ3sBBMPPFX517kolc1gNvyq0Eqqyus/69gNf9jwDrA3UiXH3/wZY6
hN8GT1J40T5qfKkIxBQa0kjImW7gzTnoI0DKCSWmywF3IOSCyKPli68dilDmrxQSAbGE5GB678DGn90twVqV4fEEE7l4q+nHBVAA9klZ8V/7pPZ0G1kjAmO6lySIH2A2
hN8GT1J40T5qfKkIxBQa0n1HFYy7OgCLihBLhIiM3Nzyk7XMw/36MVrCpMEdRtIpFtmzq36XdJQjlvLBELXzEIEv0qpj/gpwzEIlXR5MXlLQpz5XU6WejBAErGF5Wsn005tntHXhkY/7ECPEykqIHw==
hN8GT1J40T5qfKkIxBQa0n1HFYy7OgCLihBLhIiM3NzkhMWcZDpB1uOI6Nwy2jTp+VXbAi/9FkSEv1TX7U5X22/QKKroER6kODxaTbAAFw3316tToxeYpnfiUeZDgU5n
hN8GT1J40T5qfKkIxBQa0t2kYOjBbAfZMi7trRE+HfINm4D9O1puG7czCo2rEkalkDnDGm/MMdpqcZdJOi3Cs8JrX6oqy8McRhJk951AOVlhHTZtcYaX5DuVsbgEYeeY
hN8GT1J40T5qfKkIxBQa0jS7gzJjzBAkvotCij1qb13UDDA39EUC2gDzgSglC6bcw0NCdV81DDC/7/gP0XtR2jlGepqKTeUeyW24/HfFHQfk30+gp5VY0qnAORJWSg79ZJJRFu79lDN0tAKrZJDxEw==
hN8GT1J40T5qfKkIxBQa0jS7gzJjzBAkvotCij1qb10ttIooKeU0UMx4GG91N29Qd1BncuXtzYpqx/GPdpfOBUUuOAMALnTs0YBgmgIuhaxAsLe3fiMtQ0WDYMaR/tCG
hN8GT1J40T5qfKkIxBQa0segw6vEdeTM5AUbQAmm3gMaqAWcxun4H6rsQnVBFMEzkHBXK+JfuUAw+rKuyqyQ/WdnSsDVIX3mSXoehrHqeX6EdNLzPNv6NEQHdHEmzCVO
hN8GT1J40T5qfKkIxBQa0por3zx3ecto5LQEUazqLgWfeLuTinNTLeglKZoqWwp7PePqvrHnNRt4ANToaqGxF1Sag1XEZic5SBqXl8ozdCpwBQ8uuydIgDHLc0E5zKt5f/J+rvh6C8a0H/F96FZyIQ==
hN8GT1J40T5qfKkIxBQa0por3zx3ecto5LQEUazqLgXpvon3UevgBfK3fSJBdzWIJqKWyR6J3L98pZ822olBnumVNdj7YRTlSjG6IngvrpFGDYfSHYKN3E50c0HJiY9U
hN8GT1J40T5qfKkIxBQa0ppt/0PSZ2q7z1IUWOAnSPaSQRkf76AwbFkrAdfcdz5FcPXD42q3y/iw0qGFXRJLn4anphOaGvNnraf8LBwsB0EELljSKunInyCrs1Wr3lKd
hN8GT1J40T5qfKkIxBQa0gedQZbrom2d4XJGbcTHlN/vYJ5TMtDwQWTQ1eLMNt/iSDprt9mwiyvAMTQ3Fr5vAoCLo82RiE2M6pZlMGPFTd6jjHNldj2EJIk/+8tXRUekJbm1+Rx9kG98mg/icQdfWw==
hN8GT1J40T5qfKkIxBQa0gedQZbrom2d4XJGbcTHlN/BBvzXpbQNAmVeXe3nQHbuH3ixFPC5Oe+cR5d7irJ9+YSkS3sw/ql8ZLtkVYA01IEdAU3miEN5+HcwrT43wu+n
hN8GT1J40T5qfKkIxBQa0vj1fKrV60OZoCDY4cpJc4OZk0AYtPflOslbH17teU1tkD75sAVE0uCKl2GuPJjSRdpZJXt3U/KxLDaO9ncBa/Rgiw4x9XOHQFRLAJQHbZz3
hN8GT1J40T5qfKkIxBQa0st+ux8Syc0AGMIWuKqd1d4YZO0QjV55TuE3FFjfKjf/EXJ0LnBzOvVMfB/dSP7DDnjjOFl31sn9RCGerXOYlYEncvBUV6XOwkO0K+AH1r1YUYgYsGqeuXwGcM9hfei/fw==
hN8GT1J40T5qfKkIxBQa0st+ux8Syc0AGMIWuKqd1d7LDTWpcPVPrxoa0G9iPR2LwQRKilDs8fL8hnOju1QPBtO4xYVuRiFl/R+BvuBvx2roG8U5XvvpFHAD3P6LS4e0
hN8GT1J40T5qfKkIxBQa0hIs29+60uCRCzYRYoFjPUrknwzkeyD0nikxwZakZRqRf7mJwJgF2bXPAaGzcnToHB+7qlW1LO9JnmxWrVWqAL9c9894UKhYLIz+4tDFyDCo
hN8GT1J40T5qfKkIxBQa0hHa1gbnwwkVSXjAg4dNtAVa6mcrmNxZdZcdlBOUrvC7h7ZYmM6SthV38C2P2xaHstHGFiXbDRNOqrvvcXSrUUacnjGPfMPsifdFxbhR+ZXeqfVRcucajC48czqOuHkYlA==
hN8GT1J40T5qfKkIxBQa0hHa1gbnwwkVSXjAg4dNtAV54D5NRn+3cBM2/rPuUaRU/5eXqFGLjIiBSiVoqc6nxTGqAEq2OS2jIF5dQf+DcOiUK7JoUhG7RnqM/AmfftOm
hN8GT1J40T5qfKkIxBQa0uX8aZf9Qeb3W2CkvTEcrG80cZkRfxVYaycv0vgWgezhbJUiNbnNUU5G8gPPRPBY+ZSXGUn88YX/XYvgMBoc06n2IgITb54LgLc35lGkY5+N
hN8GT1J40T5qfKkIxBQa0iO/5Wzw1VKvHL1jHp85k7T7uVz0TL/FedlfmaYjOCFVCQfeuni6aK1eGp+dDjCwReBOInOIiG0hwF9d+dsj3sVf4wUSy2elvJ+oWFpzAMFd/1rqlsq2j9jtJyd4jpN97A==
hN8GT1J40T5qfKkIxBQa0iO/5Wzw1VKvHL1jHp85k7QfdxWoP5MLJau9iA8yBmKaS9ms1FL//dE5FmCxW/jVbsNe/+ZPA39D8vDCsV2+Jj/F1T9p34s+QgO0oDHBaRmd
hN8GT1J40T5qfKkIxBQa0pq9OpIqFDboaSzBqcvUGSfCvZIyn6aP7NDt0dg535oQUr3xrT/u9Vc9OhKsOemhpT/d1XWNfUucbWJ/9obnWZcUfOP1Kzqyfc7pcYTRTiOP
hN8GT1J40T5qfKkIxBQa0pq9OpIqFDboaSzBqcvUGSfnUdtETNxhJJJD7RXDiNcEblzVgZtRFC3/ZJSOMuPYX+yTNbRRdFKh0eLjVuc9PkTiE9XDEFZ9NS9i0dOyVMzW0c1MYnCsz1ZOu1HbUq3HTw==
hN8GT1J40T5qfKkIxBQa0rMn+KXC/yMvqvUZYOt7TfEwr1xfdCt822/Pyt0eCgb8BNQbp7UfyXTUbwY0PW4xFRnGPsD0DoiurUEAPoUYstnP6f+BJWaHBfSpJPhJnUbf
hN8GT1J40T5qfKkIxBQa0ixzIti/r5KkhVkNY8AZFcHucl1EZZcziM6Mbm/SFoaKtVCohwG/36CxBrsWGvXFQhPaSJxDlpPx7onNpjCwkmuiPAEyk+dNNiCwzxSSXBLR
hN8GT1J40T5qfKkIxBQa0g/iGYNBmoT7cKRbQBABdjm1BG46iZvT6usbmRD1Jy1jMT6CYKBjGmwxTgxbg2lAuw0L4kTq8R8T27oJqnIchLS6GZ292y1OsEbHubvM4QvHBAB0ud5O5jmkeZJe4FuDww==
hN8GT1J40T5qfKkIxBQa0g/iGYNBmoT7cKRbQBABdjl0ndWKVrZBZv9lFBTH+j8UAnI8V2j9Ip4/Go+aQkaGSAKsqPiaMJwlb8GSlpImxRi0El14yu97oeVOvNnaMaCX
hN8GT1J40T5qfKkIxBQa0sySvgpvs74CxKoPeKhkFWRfCrWwAPxW778R6I2PNuMPWCVMeepdGf79xH+99VgGOm22aHEYcnecJ2mi0Cul/n9nIAN9teFBPKwn9pZxVD0H
hN8GT1J40T5qfKkIxBQa0tDyIMOtHqG3678gNKf6bYkTGvlAOxQY4dQ+4QPUTsFm6iBgrHZfwBH327stBbIFw8IpGToTy/nBF9RX1BaMvCt1Hv35I0ZkgFr3VbY1EuCOq+dAEAVqtZrX8Lw7q1hViw==
hN8GT1J40T5qfKkIxBQa0tDyIMOtHqG3678gNKf6bYnGoNMoI1/pIWyq6+kT33Ezprd61rSp0+ITMNu1x2od5unzxUm0LN0f0wEipKIHiCq65BUYVsNXaf7j9oizHtSG
hN8GT1J40T5qfKkIxBQa0rxClk6HQrLEm3Za1H5YjABl/IAt1bg9lqsvTVx7zgWtdW7Bcj1JuYxkdIhjIsplBh30z/HEUHlRy9dacmy0cSMwwhEAMgyuTmhTdQ7rO/Ic
hN8GT1J40T5qfKkIxBQa0hh9mAVxjaHT6+EfWm3ARAhTccq/bpGJ7ZwjJmlD/3jf/YPpMiEUILaAHImXxyiGTAylsr9v7OOAnkBcdwQj/HXdbeBaOEqUHEH/VKZDEPXVZj2vtdr+4dbESLzbJjBJiw==
hN8GT1J40T5qfKkIxBQa0hh9mAVxjaHT6+EfWm3ARAg32kDjzH80+L8hazbTtM5KIZ/auSlayDa6P3o3WTzHXv2GIjhYgULZmg8MLqJ054qHBWDQclgOrZ7R8j4vaTPQ
hN8GT1J40T5qfKkIxBQa0iCUITwy/t9l1AAXNhQKOfi9E448cbgC7PoGQD3R6rNyWWVO9225AW+m7DiFzb4sFYwH5hnPRxHh4MVsphX57WMXqFj7IjIrfFA2S0TpHgCe
hN8GT1J40T5qfKkIxBQa0m0zP5bP95Si7kA8mCQalOe0gSFh95kIH1xqwU/3HcOMXWmnqs+S/Dtant2h936Y4G7zlDQh6NVFDC4FRpAZQRZzuSKidGBEsvdz6Ziq0i08Wtb3ULFgbkb+sUJXcqUO4A==
hN8GT1J40T5qfKkIxBQa0m0zP5bP95Si7kA8mCQalOcefBmYr3NDtO88nD4a3IdvhyOZOzZGRpEakPNIsRqelcdsuNY7VhI7PjtKDphTrBI5Pz3vLX4xGpuHuC3I2xtu
hN8GT1J40T5qfKkIxBQa0tTobIM3jcPFh9DunpmI1USC8YWEx9rleKChuqGD4QU4Rp8c1zH3gNtDHJJCT6BhnWDWb3unEmwjBvI3I1J+qrO/JfIru2/mIQYuW6R49LPn
hN8GT1J40T5qfKkIxBQa0tOl3ctp1S89jT7GGNK2+GaZ/lRop8KKcYqkbWoDxnmHUAs3/+RGlQ0IBgUzVvrQGpfHZPs7ItSVAegl6tm9PUB803L555gAG5UiXLFGo2a4gUSjOVxAlGP09rYIEA2H2Q==
hN8GT1J40T5qfKkIxBQa0tOl3ctp1S89jT7GGNK2+GZASSP01biZfE2BsUHHccH7fXnxzmxicb+qesqtyeBDWQ4xwvAUbvR7L9DpM0vHF1226CkZuivZ9zu5xiBB1Koc
hN8GT1J40T5qfKkIxBQa0tNNz8u29hsurnltBugHM6TTMGI0eSYSRpj6p7lIKTruP2SQ8/pyYRj7sXTyUsr592nXozCPt70A9JyIto9eGKKqJPqsb/f2MK0uZ31WYHcp
hN8GT1J40T5qfKkIxBQa0uYkGt8/NMVs0bHPZSu3QDOL6/92DdOLIBVu2HM/f0aWIC0UwZfz6Fgyd9EKQIYIU5sl8FjB932ko2VQpvq3kvvGERJvqN7korCrNoWpKNufxmAhIk+cDsHb3cfoxwyOKg==
hN8GT1J40T5qfKkIxBQa0uYkGt8/NMVs0bHPZSu3QDPbc5xWI4mpN5swEusXeh1UqPdEnNxa9C/46RCHmqNMpNZsgskZsAMhP0CpdJpcSd88qIqy4zCu1eqL7dZPwOO3
hN8GT1J40T5qfKkIxBQa0ld0Ceko8PGKyv23EJe60VK9NCZB/7a5KCfy/my3RqrFqFyqCinjBfbPWNvIHtPCkxaAZJTu0SvuN/9NK0zYpqckpggHQeuaLb+mJ4yRcYkx
hN8GT1J40T5qfKkIxBQa0j9kyHdZVtHe3ifBnliPZ/nO0DN7twhv4U/stJf1HDLrLkm6OnqIqbu/1GDCGheOVXp5Mph2nMtC6XF4suJR59Aw+JWxrMajEGavXjleZ8nTuPvaJJjvs/SRNXpnHbhtuA==
hN8GT1J40T5qfKkIxBQa0j9kyHdZVtHe3ifBnliPZ/mKDXYiTK5qBctnaA/qTf3f7phxmVi0ODgcaca/qmEuOR8Ia9qeUckCe1LHXfahY9F6lNp5bp+x+tYadeIXgCa4
hN8GT1J40T5qfKkIxBQa0oOITpwnH8s4wTXAV+g0apFRBTj+GBiy4k3EI3EhbvkG6TeXsV1N/o4C0SPSq8E6lI5ZVWvG6K4/nTXtQMnSFrtpSJXdRHdonjVBthuDwVVd
hN8GT1J40T5qfKkIxBQa0oOITpwnH8s4wTXAV+g0apFpHlY1uzqLFsDX2fQCA2jMNnyXZ0x1J83E8fW0Z19nkNymSBHt/+P3+UDFCff7avDg19f08DDZFSIsPcME+cyNDn4aMKLAA8tgCbigDayJHQ==
hN8GT1J40T5qfKkIxBQa0oOITpwnH8s4wTXAV+g0apF7xjANHDrid5LuQ5vfwCDgf46XZADQwvOrhx2nQ7T9L5GVRznnlCgsCCm5G7fTm8hi500L6xPpt88BQDqf+F6i
hN8GT1J40T5qfKkIxBQa0o7l3jweexC548zmWYZgtN4BREKL98pt+TLKgmbr/4VJh0ZtgG9OKmrdYzKiWQ/5z5yXWnrYF9mY+m5LOJByiJVYYX9Ihc+AvqI2PsrDLbHI
hN8GT1J40T5qfKkIxBQa0qw30JnYl//uzWqmLHOyGuCjxdlFppvhYKQlBXVK0hV8phQymbQYL6fIDPI0ntS0BNu20XvA2lWXbV5I1yhvNeWPR+Ts65f/kidwobb7ZnNAnZD7BYiNO4PWAUHKFqsQMA==
hN8GT1J40T5qfKkIxBQa0qw30JnYl//uzWqmLHOyGuCYs/mRPTxj4vg5/r6ZxVAMTqAy4dpn8HdjOlcEz3RWgQyVBaQGhOT7OmUdnpCmnlTB9Fmovqoz05Xgo5ibv6Nk
hN8GT1J40T5qfKkIxBQa0kRtDpeIzWGhPrtA/C6X40wrYz8EmPA60omcNKWm9oKguJnFKqR8rtKJN4n6PTI0WemrDFQEjJSwzPRihxmeO0l1aa3ZmPFJQB/m0wH2R9w5
hN8GT1J40T5qfKkIxBQa0jrNwxOort0dvbPnxXKwYm9RS6F55D282GA6o+R/AY8hYxcHpywn0LDhvDAdqhwP7Veri+PgrbwWDYmK1L2+eSJWbydHLUPoDQFI4LcjCTnP7PV/frDUE4jx9KcKwVoyxw==
hN8GT1J40T5qfKkIxBQa0jrNwxOort0dvbPnxXKwYm+n3f0yI4OHZM1G01hJDch+CA3gRG6S/YN9EvhA68zR/bKm95ue4E46ChAf+r5rDYppXKEhIa9VmeGldYbS7w0y
hN8GT1J40T5qfKkIxBQa0qugisKlK7xo3kqTrtLISDsm7DT4iWbJWfQ7LMgsCu9Pgk3wPqF82KrnV1cH9DvEao0ju5zHYq+yTjyp1n7ktEZrR2V9RXdj8u/vrUnA0ghG
hN8GT1J40T5qfKkIxBQa0sC24SvG5INQ92o7Zkcjf9yxu+v5iHY5+RlS09vDuKMtAIMOLDHRXN8as8fw08UIg+5Gp1UbJU7sqd+iFcbIrAppYcTB4DCzrL1W3giT9BnD2hBUVf1CfswTTmxhgNU1tg==
hN8GT1J40T5qfKkIxBQa0sC24SvG5INQ92o7Zkcjf9ysK6JO0i/FBI02kGGEsBY2rvC4Zhl3h0fKWa5RoP17uhnDyuVuiUV2Q9GuXfwyEbeSulG5NgCEFGsb3uiB7lfF
hN8GT1J40T5qfKkIxBQa0oi7Msaxm8jiooGyTcneSya1Szbuo+DgRFOCkfAxzkjvBy52bRVPqyPz2bwpjOnTrJzz+G+KXfvTAWmNTckj2D5NDQGQE9WxuhvgEVLzvRtU
hN8GT1J40T5qfKkIxBQa0oi7Msaxm8jiooGyTcneSybK9oP7J5n/RrOa7V8Rr6vYwOH2pj4ZMOQka+4qT06VUVoXHE3XnuC6MWQKu6w6GgxKppLx5yH9H7pbCmoACslUdNfsBYuQP0J5C51lvI9fOA==
hN8GT1J40T5qfKkIxBQa0hS4d3NtQ4+prhv7jzWuHEF3K4a5XcjGq8J8HF6E/aZaSnBNworzeAd6zYgbmbl4+bt0Y5nphK0TwKyVmCw0TJxqUHQ8zXBDou7cPsmuZXBI
hN8GT1J40T5qfKkIxBQa0mvrYpTu2SMUK6pgz8ECJ58AHEOmgv/U4MrntIocuKzIr1rYh048unxP+7k3Sib564cs/boXvb4H+ElB31pOGCyEtzgMoCnorFhd+vODxKmN
hN8GT1J40T5qfKkIxBQa0rOxl96yVVpapuheVLkCTi67S8XEGujbQtVM5hRNjYljRpKvogPyq14GUD5CFQlClePOoEUnU2DZskHue+j0I0A5Rr/8IEfoUMHf24NSqNjr64VRDgOyLfCpo+uJlX3+5Q==
hN8GT1J40T5qfKkIxBQa0rOxl96yVVpapuheVLkCTi6AL394Vi5bEKOn7D/bdO6qc4Sjvxts/qeFe399A6kAWqq1ZDlHFv49XV6PYfJP8TjjVzg7k2HO9cVtWJr1HHRC
hN8GT1J40T5qfKkIxBQa0kc0LKtuSObdUDWp3RD70VEcmF+shFpSaX581y/hRKRbbsjN97AhEQSTRMu7O/olITaZxAmfVtsGhlpVINa+j1o7s2nBitoiKQNbVGKB2Fmo
hN8GT1J40T5qfKkIxBQa0kc0LKtuSObdUDWp3RD70VE9nutyFI6P46zeiSD5bQDGckNPHB65XPKMnS+sZgzAB03K6qZ6TNzwG9mQbjflmEVVU6I2gjaBgMQYDKmFBeVfic1SYg6U5hMFtWzhahj50A==
hN8GT1J40T5qfKkIxBQa0kc0LKtuSObdUDWp3RD70VGkm+ub4XNA77JQA0CCHPA3mVvQynYMmZZRSEOKNOCJ0ZpGuItEAIvEf4A737RSQBSccnfW0zVgpodA6NXi5nJi
hN8GT1J40T5qfKkIxBQa0us88GydUp9lCnNALGIdJG2X6ArOa6wvL3ozomMBBk++6s8BVOofwRD/St8BSSNz73PgfzVCOIcE49pBuyTSaK/wouYwGVDvIL/ud8RFzmhJ
hN8GT1J40T5qfKkIxBQa0us88GydUp9lCnNALGIdJG3Txq8W0bSa4PAcFaAEUJUAXC20yGv5UM8sWFTNghJX8Ugidwrg9h/4VDpg7Pe3tH4N6MV4jQD57QzoZiQtv7DKZQUk26HBqRgGIlMGaczq/g==
hN8GT1J40T5qfKkIxBQa0upK6hJmg2XJ2GsHr6unAlth1ER166K1sZsJ4DJNiFIQc/WqDl7xb3HzgMlfG52971V5hwFYVX43EqVwNkYxlFc7WQc/rbta8XhtgMFsNjW9
hN8GT1J40T5qfKkIxBQa0jiCnc67ql5gXXglK1YNC1DToJwI/uc5Jfom85WIuh4l9WuTTod9/vpS0TPleVe8wSFP3HtF4XRmxT8T8+dv3Jw7xT/+67vQ6W/q0R5m91OV
hN8GT1J40T5qfKkIxBQa0gpQtQDG86qR0unZevC0SHtZE1cOZlE+qn0oLxEkXuREIof0Qwx9RQP0iOVr/UpbsH1143Gw/YshWyEr5kU9Kt8dymj51ie5LL3khx0+VA6TVGGrBi38N//V3Th4o+kgAA==
hN8GT1J40T5qfKkIxBQa0gpQtQDG86qR0unZevC0SHtyOHnn9f1WjwPyNQQd7YnP3AvOyBB39G5XPDlcgmMVtn9a183piVX7984t9IzxdRSUVGFcIPX6F2zJPBazmhYW
Sjktsrnmvk5GYg9YZ4rU3dwc3fhMACHHkxSRMlxY8JLHlzym/voZVgl/MjFTJ4veE9kBplhuUCgbCf81i2dVnw==
GY4pUMzWQivXFZ2H4MhJP3f5PBSQilzMvXvMfgivnKGEHPcKUaSgqV+ommk20JMlSionRI1pmDHv44eMVSg37g==
DsfY8JW0b9VvsGPFHvNIEqt/ChOBa4qvKQQPSxnwxRNdHGTQBaH5wWv2QAqIHER0z10EOA1GvwNtjqWs8m39fZim7SeXZaDI+7lgQkkt61o=
DsfY8JW0b9VvsGPFHvNIEqt/ChOBa4qvKQQPSxnwxRNqZzN1ZhVCANoXgNjqBT2zoAVHEmimY4xxk/XENnyttuKfmz/fb46howwd9P/qedE=
DsfY8JW0b9VvsGPFHvNIEqt/ChOBa4qvKQQPSxnwxRNpc/IsWhQ5CWfurtz2y/2oEXib3lTzOP9lg5I5AidddXgN8JjRhYrDzwI/ScvxCfQ=
DsfY8JW0b9VvsGPFHvNIEqt/ChOBa4qvKQQPSxnwxRNpc/IsWhQ5CWfurtz2y/2oQ699FdqXz3EYpotOim3EdA6WOUFV2/8+Ri2AlyyUlCQ=
DsfY8JW0b9VvsGPFHvNIEqt/ChOBa4qvKQQPSxnwxRNpc/IsWhQ5CWfurtz2y/2ofZrQp7/HilV6swTP57yqBbs4AcjdhblBo0+I/LrxGt0=
DsfY8JW0b9VvsGPFHvNIEqt/ChOBa4qvKQQPSxnwxRNpc/IsWhQ5CWfurtz2y/2ofZrQp7/HilV6swTP57yqBbCHM2R2FCkksy4i3p1IFSk=
EaU+1HwzfxEJjQpLfeSazig2H+NVW8TkqPsT/LmZD0w3P+gp9Agyi2tjlewq53DHpaBz7xh1OzTOT7XFY56snymqhnh65Fx7hnzxn0O4eY4=
GY4pUMzWQivXFZ2H4MhJP3f5PBSQilzMvXvMfgivnKFwrISr/P6iLGkn1VA6O6LPOAb33BciA46YuMdu7gGqS3eXs9qgwM26DhlDmjXBdJ6/QX85GYL7y6msdBQQH1XjtGVyLzHe4306KFWRGeZoJg==
Sjktsrnmvk5GYg9YZ4rU3dwc3fhMACHHkxSRMlxY8JLUNeEqBe0dvTw47vSPYSfwX8sHVFLhSSFQTRDkyM+h9DUDL5H4vr4wVfCpbV191X4=
JuRgDkhw4F1oASeQxlFK/nNZA/Ze6fpE8zCgbWfaxKAhSPtYjlseZZ82Sei//Pu2a272WnjE2+yr7xQHrBcOpUPUvPYILFEUWhmvfTOKFKM=
JuRgDkhw4F1oASeQxlFK/lhO8QQlN7x9lY8kWm1IkAmbzKOKqrV36KmEhwPc827IHWIEKibGmLB99oZ5WiB7axHros7ZzVKv+QWS7AzAp4aqQjNFNRiBocWNN0JKBlrie33mumy5kpoz+4laOQwlWODAAat3S95kkI+rIPLT3LPFws3Fvzrnt6Vq5FnD6vGTYhzHT0FvLlQhPlm2Em3SmHUZjv04U+s4Ty3iL7qlBL8=
JuRgDkhw4F1oASeQxlFK/lhO8QQlN7x9lY8kWm1IkAm6p67r8xb6MRw36dK6amIgZm3bco9phpp+0xihH0hTUZll3q4JcooraiAwKtz3RTBEOi9xmiI09vi8euMiWQpGOTsi57oIxmeBBJ8unEvQMKG78MkIoozT15xJ6hnd+ZOYXOnp0h4TXRml/5z+jO0uk31br1bCRNUpFE0ci3KSAp0guMoEBXwASjt6181AMNCf0Ub/iO514+aiQ1+G914N
EaU+1HwzfxEJjQpLfeSazl5k+xLytmcYAJy5Ogxr6HtxmpWFrSuB44R6zl9TLRdEKMrroA2zFrI5eiaZsJUKEg==
RAr5E83FxqqCJDcXPWsZXpMki+a6opSky4HPp8rM8U8VpF9q+iu7kgO+K1bdLpNlmg0L5Gtq3V33JEhseN6maP+mnrM9dgNXzwSpb5czsg/4sOVbQkQep2W7i3kIzZmjfLKxYi2HYIXaXDy91dCtwE89ycxwi1AQYgXj6qt3mEc=
RAr5E83FxqqCJDcXPWsZXrEohVBngt+SO7PIqpiwI/qyLl4sojtzBTJZ5/CZOZKqDNvg9WSmby3Re/9pmG7MovioU6joRqE7oEc5XNCw170=
EaU+1HwzfxEJjQpLfeSazrZjRR0UExUjrthOBWV4gKCiDLMCTqsKza1Duy5Gxv37FarsEtyDQxh8UnfV9a7SygTYiTEWmt0IRCgSeYUBAbGkeabsCAeWCEb7FYSLk27S
ROUvdMKd4BFUymenFcV8J+1JSZiOmMRRFE8H/5bZB+AZjuyqdNGB+NR4+iObOiiCvSRbRMuDzCvdCbi7EKKTj5Z0Nln0WpfrRiQhzjDohKEbNTDe9Cj8YNp9Ey0gMMZv4FIrROMhJK0IvuTb2HDjo63DBcdR530uMMFCkzUSbppQaWqMsGdxEDNpmaCgTFb+
Sjktsrnmvk5GYg9YZ4rU3cGdHA0nWhYyZwaKBXJsGrbJMDsHXKhj4oHuB5pTgp9+K3LpqV+6ePWMaLhJFySU6BzLZBsCIpWR8oiZDZlhSQJXcNGdfkDelyttvvwT+ZcPiy6z37iKoNkzZr1qdHv3DvzERraFu4dAJbpeyIpm4a9zHko0Jphm3mmROGcpjucF
EaU+1HwzfxEJjQpLfeSazrukacq38hgJIZyO+fNWnfopcAi76mFeKwQpER7at/gStg/jOMol8r+D1yi0hSW7cptPj9w8Zn7AmOhWoTbkEk8=
EaU+1HwzfxEJjQpLfeSazhbN+hwX1eebcj/3fPDl/7jTGkTo/jauErt0LWD3lTBk9vw7eipHSNFmsgTvThPV74pBTiaz9tPuX/r3jpkOCJc=
YEGY4V3NOdbYSVHPbEXhw/YAVBTpgbjRg18QN7Bc+A7D3dpuicxlw2m6r6KfVVvwQZCodPgDiywrAuOx9LoQcqe6TjGtpRsptTXojOnJB0KlyZpIs7cbhJAzTlZPHBfnVjbjcr80VRx5HA6svNf/Cw==
YEGY4V3NOdbYSVHPbEXhw8FINIw+dlVBJPjy2D10kXtIYzC8qh/Qfs9TLdbIHCVx/zWeZrJI9QICKKUxM+fsig==
Sjktsrnmvk5GYg9YZ4rU3cGdHA0nWhYyZwaKBXJsGrahaV97j66+4JrwzR5iSg+PuKzQKgcW//ZMiyf/4YX82A==
GY4pUMzWQivXFZ2H4MhJP/u4CqjgMxsOtIbf1cuUFGbF8FIAPpo8mi6lG1DVtZcs+O0npbtc15hN1jVhcLC0V9mIylF86Yx31fJ6r05TDT8tJE2ImErUMIlZTKZb8+Rj
DsfY8JW0b9VvsGPFHvNIEqt/ChOBa4qvKQQPSxnwxRNKAY3JtrhLlmbLVc4e8rgkOk/Gc9n25R/jwP/QHW1Y2piW5te7ALwDCy+VVBccWQ4=
DsfY8JW0b9VvsGPFHvNIEqt/ChOBa4qvKQQPSxnwxRNKAY3JtrhLlmbLVc4e8rgkMP87o0Mr3UyB2da+MIoi6DRI8s+2PU3iX4lKctkiVhU=
DsfY8JW0b9VvsGPFHvNIEqt/ChOBa4qvKQQPSxnwxRNKAY3JtrhLlmbLVc4e8rgkN0wxHDrbVq6jBS3NerzYQQxddnuQY0F99yk0vU3jOUM=
DsfY8JW0b9VvsGPFHvNIEqt/ChOBa4qvKQQPSxnwxRNRmCf3jhI/tPFZeYcgtEGF9kcrubaV7nkQMmEXCNqigkUoQd6EDqQzzDiEv7dz7Hw=
DsfY8JW0b9VvsGPFHvNIEqt/ChOBa4qvKQQPSxnwxRN/Qe/3IQmmxsYSOd/u4fTRQcF3hVM5o13JHDA+cAtaSjQCdcy4mXq0/bMsD78CBT8=
DsfY8JW0b9VvsGPFHvNIEqt/ChOBa4qvKQQPSxnwxRNC4SZDu0TQmsshgEHpMvWcUEjQPVoGgWnPLLhdO22+ciDr7hAMg7CRmgXzXxSLBQs=
DsfY8JW0b9VvsGPFHvNIEqt/ChOBa4qvKQQPSxnwxRMzPKk5ZQ/NGsIu9nt1yKwciZ6cm6uup5X+sqyUD/aMAMPku2zl164qinxnRoJGUAY=
DsfY8JW0b9VvsGPFHvNIEqt/ChOBa4qvKQQPSxnwxRPq3/HsW2WLL/rs5Yz3KN14BqjTlfjlH7wfHh52y9/JXHaHdhpfBSXOkIuVa+ZzTO4=
GY4pUMzWQivXFZ2H4MhJP/u4CqjgMxsOtIbf1cuUFGYEgdMB+YVe7R1BdUPDrx1Azt/zaBz2XaxNeiV2Miqr7v0A25i7J8i22n4qY9Is4UCYGH9iEeYU5rWgREUYDU/PhI3yzsUB5P19nz9goY+zfg==
EaU+1HwzfxEJjQpLfeSazk1sEbowk7OUqXd0KzKNgPFLPAZ4ULygtGduRmzAw/YA+rWvv8QdVIjIi/RtW9poorN0oYE29KhnKdJUzLPZ4sOsy4yhX4xR0wmrfEVtlqD7
FdZjWS5Lf9mGUtyuHATvFAvEh2wdMcf5kMVdJhH+9NltNGmWX/oUR/8WW3TTqR090CQAQtFFbNWrCsWwNL8HZLPIQtPDBBq5dWa6g1CF4EpSNmtAOLH4tS8v8l+o9bxp
EaU+1HwzfxEJjQpLfeSazuxO4aReOKVo4m19pdxuYF7GSg8mwox908AQgn2tg4o+5ydVmtYLo4lU+/j9FSu87QtytQBVmYNIxddf0bQlfSw=
hN8GT1J40T5qfKkIxBQa0tix46jahfwAO55MQKPs+G39mcyRSSMQguzKMr94lqsxIkbNXmhjtJXSNrdc1uJW+/J6fc3/fsz3/Zkz8ZBPbMkD8H8ZIt1FqDf7NHgLzqTE
hN8GT1J40T5qfKkIxBQa0tHJdTs4aHZm4eq2uuwr9kIc9c9LHDCL/0Vi1xMeyhIz8eUNB9PrhRp5dp/1qwity6EjuVaGm719r8dpLDDZHtH+8OdgKEmNSetz6pWCLxZCQ2bRbHXRBcAMGWpEzDhYug==
hN8GT1J40T5qfKkIxBQa0kFBlpR7Tq052mLBZykG+UZYUzQwvTnSTGAKYQ46eVF6n9+glBVkAYcfctGnBxOS4RCQG5LRTekWmmMCovsS1ACWcTzOBQXTMaMbReRxSa8d
hN8GT1J40T5qfKkIxBQa0nQ0biJGaWFTysUhB+PaO0iZ/5BMhSlHDNKZCPoWDq6YG9+G86o2OdAZJgq9fHjscaNid1tfmdsf2vGGGHQtteFJsL3ImzA+Z5EQYfZMO3Vg
hN8GT1J40T5qfKkIxBQa0gdcs5YIi82mZy2CerU6Fp1cWmFbYQd0rnT4QoHpcXXG6AC5ul73H/SC3rCYVtd5cJ6H2sg7TAOSzy6yuFUpU2GjHjIRQ7nyXwsaHhjzjo5tlZ/VjzlP+zZwl8mywS8M8Q==
hN8GT1J40T5qfKkIxBQa0gdcs5YIi82mZy2CerU6Fp2vkHDveefvWEIyB19o5+vPHvbB6f/rO4A2OGEfql73SInyhy4Fzl2AQ4ovZtqQKkyBVfEmHlMvrxev/gHaTM1M
hN8GT1J40T5qfKkIxBQa0jFGOjaW1FqjF1fyfddzB6GxYjbn2Eb9vUsZHm9SdJi1l9gm860NC2XLgaxIy6/xEen9zxA2UZocBzUVkIQBPW2qLRWeK1D7TqrJUmEU5+EG
hN8GT1J40T5qfKkIxBQa0jFGOjaW1FqjF1fyfddzB6EniHL4rpNUdZqOsf3fFz80iJlAt8XisvOTdA1pF0rS5bYZazqYPPwA1/iMEZWCIMGmRDR236emr96s2YLARf3YEHuy6H3SzD74B9A85Ht0WA==
hN8GT1J40T5qfKkIxBQa0jFGOjaW1FqjF1fyfddzB6Hx6ZZK9AnAX2O+Un1MH7gUvC83LE2+CRieX1O0XINo5fRn+HZtlUo2GNzkqK7ymc0zwI6n5n/yFMClOvyVJYwL
hN8GT1J40T5qfKkIxBQa0m9QksaJHCEGucaED3eVFLP1okuiG0ccHeeSwHzrRQ8pgm8PYJ9kbwoWiYi7khk2qxs67WcVBHCjzsNTDWdXHIscN/ouqfV+pCIO12IGI9Gn
hN8GT1J40T5qfKkIxBQa0sYB1d9YSPnlfpGFCghWJ10vMkG2pBMWBzEIdf+otDOMWSgc3FtNYxb48YzWRd/dLGTdtL+D2rtMfuo20+m1d8n1zbzNiYR2GWfcIGRlD3hIUGbdu+xR+z5Q4c2PVEGdEQ==
hN8GT1J40T5qfKkIxBQa0sYB1d9YSPnlfpGFCghWJ10kM7SCe+5aYnKXjpLcw+KVHLGjZFAOQgsrw5UK8nWjM6unTsEjndmwUe5c+/wM/jD39B/gKWGMoGGtxD+zgCt/
hN8GT1J40T5qfKkIxBQa0olfUEcDaDhECbkVvwb94JaCzAXR+CT84H3Koz9GW4Y7m32UnApnHsWNSSYmB0IjQzdC5/33BKbQba+RsSATNo8g/pC+/QlVq+J1Utk5StFO
hN8GT1J40T5qfKkIxBQa0rV6lBLPWHq204pg3HnFHTV6j8fXlqEAKj6VubVck3OuJWtT6XX6D9MIBR6FoZY4kp9dXXU0llQhJHL8CFu6E3QzIGouWzc70IRr01U6yLuwNisSOnLqRJe9OCfYFHNWrw==
hN8GT1J40T5qfKkIxBQa0rV6lBLPWHq204pg3HnFHTXFfAai6EA7gdPnUjF83GJ3LsF8UbwrUZuRLzcvYzuewupCqSMgAo5IYqJykoRtrWPlb3nNIulGGv6+ZAcw/ZLd
hN8GT1J40T5qfKkIxBQa0gN0rsmvk3Vx1nmeqoIW4/cbI0pKVZtsW+lwirmaqy7Efsx2BQGoo2ZHA7DbANYbvslwr/sxBx6Hru1kOudvhfTUQ995+X13JARbZ80atlp4
hN8GT1J40T5qfKkIxBQa0gN0rsmvk3Vx1nmeqoIW4/dC2DdggFC1pJqyq3U20BhXrgcwAKAf6A5c5juzHj+qIhUdvYuU5rv+Hx2HRBeTTJAj40U30mGi8kaWeKCJb2lgDukHaDThF+EeqEf1k3HeZw==
hN8GT1J40T5qfKkIxBQa0gN0rsmvk3Vx1nmeqoIW4/djWhvikyDgp4i3Ci7swGAPKOrmu4cDd5DMIeC3IZTrcPLdxydVgPr8wER93hnTdi+XfOak7P2jy4h71wO3ZiYp
hN8GT1J40T5qfKkIxBQa0uyeVIjAiYZ+IUKFYbyGW3GRu7y70uSkpUqt68BcnvJ5CTcMspwWrN//Fmc0IBedGYRV7YrywQ39+Zhwc8LnsViJ4lRxQaCWTYG8iLtRq0cW
hN8GT1J40T5qfKkIxBQa0gqtJatBbT3haD8IIq/SGLX2UYjl260JmRgqagRm+zcPaZKdBNdJrnElUWg0WRhKU2bvIs0mBqbxcG6oTI9l+MNaClNSGJVUqo2JxxcOLNNOfkVyL5DeELy2Yk5qOhDlag==
hN8GT1J40T5qfKkIxBQa0oXmZAhSVAbagvZEqUa9OQIB//M802mZbS8cRr8BuQTP9QAMqQW+JzUYzHbdYKdLwr6b1Extt2OwSiE4Oz9AtR/KsFQCwUOelc7cX3toU6f4
hN8GT1J40T5qfKkIxBQa0o5CMcvl+JR0tVJETm+02Br0HN2JS0hHfzFTsbSiNZMWY/PipSne/5uImJlLYSjC0UTfD4k1porxn572NmlfJYXF6YL7OQ2M+ecUTIoTs/bf
hN8GT1J40T5qfKkIxBQa0uTICohlCgFFAEqLkpgXCvh6H+RqD+YcTuyLyav5qXUY+q35IUHcAmZ4rpG5CDouKZWjza9blypG1tGC7MV+b8yGJ+D3rWSswqYhAVMwabZ5SSGK3ZJlASCcMyP3z9DT2w==
hN8GT1J40T5qfKkIxBQa0uTICohlCgFFAEqLkpgXCvh6M78ZBn/6GAPLMRSR055Xu1MOGZsb0Mqe/qo2ON6IzJz7ESjq9OgPjJ7f9SqfSB1IAtO8IyPXQ53M47w3jNvQ
hN8GT1J40T5qfKkIxBQa0gk9oaYVi1os6WLV0g4Vd3Kdg4iHh2AsEbiFj0tpoa7jRv9lZyy1pC1ZoijzuUGyojV3neSUuSAjGmkicIdJTbJ4Qka61ldrTeH7yiW7Pf5D
hN8GT1J40T5qfKkIxBQa0i7V2GM1Zo1bKP8oF9n6M7YZfs7s/ly8tR0RpP1ykvRDmzc63sjxgaORpjVrHA8OdoqkP2c80ypXuRcsPqTmf1aES2Jk98uAZnFlTY03yglIocCpGHXqIcCAZThKZQdqKA==
hN8GT1J40T5qfKkIxBQa0i7V2GM1Zo1bKP8oF9n6M7akEdgEKSAqXUXDnTxmu8EC4Pyyj/8CgnN1o1s0iILG/A90gX+II94Id9WjSBSRyD+6xOfMu9lVoGp3+TTp+Wqd
hN8GT1J40T5qfKkIxBQa0nwu7Y2YtFNBIJBG5RYSacZadGpdVh/Ke8t+tp83GlFzngm7c9JUx8V0Bre5TW3NzeNqDZ2SnTRb0hBdFJgoUskaWl3PLat3TdpvUuaBD7Sf
hN8GT1J40T5qfKkIxBQa0nwu7Y2YtFNBIJBG5RYSacbncKEEyX8vd8wF3JY3sVrDiud21vIjQupx0RbrkJSCyixqjQWDI3WGeV6JgGN5APcA55WC00EG2nqPFNA/kdBkWd56PvWlAbJ4NLNs70juLg==
hN8GT1J40T5qfKkIxBQa0nwu7Y2YtFNBIJBG5RYSacbQ5gM4XNk1WNoASok52/kshNpgs075z9Zm5oKM2tLfLjLp/kOR8QFEk9lCqIbRF0BxCOY1JUBGfWYhpnLcqa+m
ROUvdMKd4BFUymenFcV8J+1JSZiOmMRRFE8H/5bZB+D5ZhFClChLiO5RZ0Hc5p6FSxRqbWnq2xRGNX/EEerBikSHYYIq8eU5czWQZ1W+QdEm7Mr0H+5IYdmn5hhFG3hTXFJDkyQDdZkuVKov4mtNJx1k/bk8yj/CIknfob2sMZacQR/SSGxSmeaHinORgggM
Sjktsrnmvk5GYg9YZ4rU3QKkahGhvB8j+9RWVG+q0cel1fC7dMUoFGJu3+JKZT6vF5jnNOpccsn1dZa2DJIqX4vNRpt1vDOXI24diDon6VLBqXCdGGYjBKtYy+tu8VHC/IvsQheNNIEHgkvt2uJCOPFVuKrD6k2ytuxwLAlbZEgF6/N718USoOgKvl/gMRWMyNPN1F1wguwmoJon2tg8GQ==
EaU+1HwzfxEJjQpLfeSazhJf/7xxRWqq7lUPqv78jcwRjdyIygf95BCzWIWxxR/BA4PAqZHMlzmMoEVAI3dHDcmBM733sxm9IEZehPWvyYw=
EaU+1HwzfxEJjQpLfeSazhJf/7xxRWqq7lUPqv78jcwRjdyIygf95BCzWIWxxR/BSwCKEGYDSTj5dZ5vUn4CyiWVkg9sJgYfi6Vt+COM9Wc=
YEGY4V3NOdbYSVHPbEXhw0CQQX83urXaB60v54/YRi5n1XDSZFAUVnhZws55i1qycRFMp7eptECImrIZHqSVzB+WKq9hFVSQpwhz9dPQJyhQeVuy+kVdXKy6/HgLbIrQos7maJBPZXimggXfSrI80A==
YEGY4V3NOdbYSVHPbEXhw3W6gMIaiQ+eJ7M7wVkoZn5lrQ+AzZ4dkQeT0rGYW2nQcqMiYIYJAfHy9k2KvVuTgQ==
Sjktsrnmvk5GYg9YZ4rU3QKkahGhvB8j+9RWVG+q0cfmWTVtKCGosvdXPHU9hX2UuGNjmuiD8+NhNDtt59M9RQ==
GY4pUMzWQivXFZ2H4MhJP+OeyrwUEdjPigvqJVUjIJi8t/db0AB92jAydBwqRGCC1EkOD7GWwQWkJQ+1vHU/KRxDt4jUNKXndHiJfUdQjVX9JoK9QWAeawPeeq3NDQrq
DsfY8JW0b9VvsGPFHvNIEqt/ChOBa4qvKQQPSxnwxRNpMldAqlzxX+e6kO+RaZ+Zv0SCRLaPLrNS2UhIvcdrjBeMC+GO8TJ5tN9cKSMy7HE=
DsfY8JW0b9VvsGPFHvNIEqt/ChOBa4qvKQQPSxnwxRNpMldAqlzxX+e6kO+RaZ+Zn6qXZeg5wAsgJMJMWvWg0xPSt4h7CfgfiT5D/S+wCMY=
DsfY8JW0b9VvsGPFHvNIEqt/ChOBa4qvKQQPSxnwxRNpMldAqlzxX+e6kO+RaZ+Z/Z70rq96gYs8ItJSTgAhqM3C5o5dzXfuPTO2N/3EWUM=
DsfY8JW0b9VvsGPFHvNIEqt/ChOBa4qvKQQPSxnwxROWcc7t94EpS6NoT4vV/mUlQcoa6gLf1QkhRWihOJQvlJDVcz2ooHqCYbyEecIyfl8=
DsfY8JW0b9VvsGPFHvNIEqt/ChOBa4qvKQQPSxnwxRO4jKcYtQGlNjgzq6vaI5Ng564Qbwy8JKP7FUBksG3IHWEVOIV3Wt4JkXeMjGMqFqM=
DsfY8JW0b9VvsGPFHvNIEqt/ChOBa4qvKQQPSxnwxRPWG/FvYw20uT+Pt650AvEH1Pn7bzJPWgw1NGHYYNkpOlj6GLoFnMzkpultCwy4Ggc=
DsfY8JW0b9VvsGPFHvNIEqt/ChOBa4qvKQQPSxnwxRPOShL7lbCCFtisTRJRnuTLzcByNyMkRKpEPtJOBBn0tLuu08J8qiSUVDmm6kzRKK4=
DsfY8JW0b9VvsGPFHvNIEqt/ChOBa4qvKQQPSxnwxRO3YxjLjspizdL0ALGFDqsd5Sl8cU5y/dIyINUgLUWseK96GLz3f396H3mI0X8Jzxs=
GY4pUMzWQivXFZ2H4MhJP+OeyrwUEdjPigvqJVUjIJjEVVOqOxXknBquMtUNvCNI3lIaYQ3CY/SnNMsgtWZby+9Va/XDxMxGoXzOHPOuv3fDQ9thO7eMajHmC3QEl1ErJzCpkk4r6nJ0YrHJEFhGMg==
EaU+1HwzfxEJjQpLfeSazid93M80sJk9KQMflS6+7GI++hXp1c2yRbDa8rQFNTRNhMJNJVKytFuT34kkpZwZiIf05BhdQGMQuAxn6QW5HjvWgzpyaxhhhytOfkD/GP2M
FdZjWS5Lf9mGUtyuHATvFDmtlpZ7/v29CxnJRQJB2fCtQsDPFBPZHYXiFwoT1yob4QJ9ROHmPmyPsyehlbCQ6lOF1wocn0LdwCHYBj7sQcoqUausMHh3v+Gzw4NneIAr
EaU+1HwzfxEJjQpLfeSazrguiolS1WVwVE6yhAyXSZ8cFhx0Y0YXyAdsrPfGowpYKAP9xhQT9/x/XWA1HpyFCVicDJieYPm2l1Ndn0UVw9A=
hN8GT1J40T5qfKkIxBQa0tcwz8J/n0AIGF6HN228UKe2PtbatFdMMmFneNJ+FLtX0MPsOgafBoWg8oQ7t13Dh8l8rwyFhd5FeVGektArL0Z25vtGhZhpJaS2Zl07McHV
hN8GT1J40T5qfKkIxBQa0qf4v2P6Q1LhcZLheJNUbAPvQX6N95rGXHXfx5be6lfmoJzVaoJYPWexefYoXjnLYw8orVd84XMadMqDGi8nUk5kw5uhz5XfuTUYd+T4ARflxKBdecz3N91qFnv4MEmxfA==
hN8GT1J40T5qfKkIxBQa0nagROULNqPpKRXtYC4HfFsQzJqaGW7G9iCWkisQ6ub7MiA0ZLDMzr0qdiv1Vxd+J2J/r9yyhgFswSwICnI2DAbSFYxqskRJk0wDGP/Fr0iW
hN8GT1J40T5qfKkIxBQa0tewj2V66jVLFG+m+C2dkuO6yGfTgUkxjwiBCaC8fgoEsDVjFQUmghTkft16G/3wB52UNa0whPbp6jurjlMX2uA8+z4VHKui7qG5oQzXVTeU
hN8GT1J40T5qfKkIxBQa0tQ7SznQybj4a2SzEl5jQ+1CBeIrZHTu6kgVEqC+EbulYXSWgP8/vI8ktZTa8I76sY2kygJqTlUQDjvQiffy0myqhVn/9oP78cRqMrAXBOcdT++41xI5MHmcIvypHAAlWQ==
hN8GT1J40T5qfKkIxBQa0tQ7SznQybj4a2SzEl5jQ+0fg5Lq9Jud3qlbEEtgJMh/+wwnfLhycrQhXOQAmWbVXrLJrvcHIrXmKUoT6t4tM+zSTnb4Dn4SFJ6ea56Z1mDo
hN8GT1J40T5qfKkIxBQa0rtbAAxG83KpVVHncUznrajTAczM3dQ5pNOMs/Tl7vl9HJjoqbKqWiTq0Rphw3HCeyaxvA0YHsiu+djucEdoXlwkJxICfeUoA2qdSv9XOhHU
hN8GT1J40T5qfKkIxBQa0iiNOQcLqYtwHVzZ+HN2191obohYyOYbm3X2CAd5KCCr7x2sHXZkmEu91lWc2WdpZhJezKvqPcY2Koe+nfeRuPIJVX0JHlbhskbxHbzsqReKND1DGJ06xo0pq7xlncE2Tg==
hN8GT1J40T5qfKkIxBQa0iiNOQcLqYtwHVzZ+HN2190xwjmGPEwq+UjSEMMFbcGfheYfFefbmrK35QxOZHg2FewIPFIHdadcr+DR0HOcVVbNbFxoSvdhCB+qVsW0FaTM
hN8GT1J40T5qfKkIxBQa0mP7AENtUK1qbeY302Ik52+t0GCNwqGaU5SCQq4imBCzHMU2E4zEj2kK1UUf3ltilme5Rgh0ORybeFhPLLnNa/etJa0kPYOAg99ktFtwurdB
hN8GT1J40T5qfKkIxBQa0i61LgZSSPquiSBoxlc/8v0ogn0O92X4h9+ngdjtYWhwRoyjTNMIRHp/sxHLLHwE0X5FAVa4D4isSUMsXliZoLlWA9tPvyy8B7APMQqBE3OOKNhUtzR7HR0ZG8YHmyDkaA==
hN8GT1J40T5qfKkIxBQa0i61LgZSSPquiSBoxlc/8v00/CkxThyjOy0ZH+a8xW1wooSfNtwq7eG4zr+CMNj/oaUTb519DJAiEWyFClZdV4Jfo50iMrp05AqEX4ZIrwDq
hN8GT1J40T5qfKkIxBQa0qgh+FYdTJYIb2aDqxMrP12Y2G9jg3IhEEu/Mun0HOWpk9kjtzmwPWOFkZUoKvscx3pWP18dF18V/iWS+dGmbgBGTTF5z5QzM0ksW3LjXwQq
hN8GT1J40T5qfKkIxBQa0mb77JZUY4ZCOwgXkYHmmFpjuQkkdhqErniDuZW3lTJpWHHvl5jaPqxeSngfM5glPzebf0GDXAY2CDJY1/SuoLS+Cmw2S1o6RziU3nETxdEBROdwikAHpYct8LXce1UBmg==
hN8GT1J40T5qfKkIxBQa0mb77JZUY4ZCOwgXkYHmmFq22LODMVf7rJ07dckY8td/b4FZaOXwr/Va8eXKMN/DoQu35EeVOPZnK2Km9xuLjjIEr9pNGnAZxUGR2bNrJTe+
hN8GT1J40T5qfKkIxBQa0t/eehvImBY1MCNPeRV2MsLMuvUfUxU+rsCKPh250fTc+xVizJPxnTMHpPQT5YPdyhknYCM9iYl5YmIcf7kyIvUpYoLqpk483e669wCZS1c4
hN8GT1J40T5qfKkIxBQa0rtxYJZlDDjTdp61P+w1fzshD/mYkiFIuiFXOwxxC1HNheezQjRlVj14jQ8SXba8t7EVErM/JmexypWh5Wnz8buGweIpvcHILctMhsAXiNbxkBVglul3Pg2wexwVZ0zRHw==
hN8GT1J40T5qfKkIxBQa0rtxYJZlDDjTdp61P+w1fzvyRChEVouLpwkAJIUmalX4zrK3SHDUKnz/iWSy31pKtQkKMbOefzRbkoZGiBD4t9t/ojogXOxoUwlgNB31S4u6
hN8GT1J40T5qfKkIxBQa0iynQ7WvDXvuBcRAFljQFCc0LPPqPSHCrTByMUU9I9FR5DOz29VGWn0QZIcPS6DgKGncEYmoI0aSlCjlGTC5vLYxpvCrgg8fkYv8vzKZBFtH
hN8GT1J40T5qfKkIxBQa0iynQ7WvDXvuBcRAFljQFCfAlIgxdTeXb1nCIQkOXPUvnaPyFjjPhS9bldmq7wBJvQz1/HlT9tBkrUZW+8hSHaz5M/Xvb0SE5teQ5TmB76l6DskNrX1VgiPv7cvEq7M1kA==
hN8GT1J40T5qfKkIxBQa0iynQ7WvDXvuBcRAFljQFCdPI0DtuG+/i8U3qk+xjuDkhQXBFxSUuALDWIv3wPzCsxXib9gaFHFugro865d9Y2nzWjYKtndtxC8JuINpah/A
hN8GT1J40T5qfKkIxBQa0j852iaOUzpFaSxI9K/KDqrrVYtv2dl95hnSkYGyDwIgcDGb8nWUlKdaVQ3TrEYPuS6XUmSj51jPDyJm4cPHdLqn3P2poqMM48wjy4oxX+2p
hN8GT1J40T5qfKkIxBQa0q5zq/c/HK+6yGjJgDDBgrKVIigcfnUdMj9qJ/lJHRMh+szgkcgoZ+grhjJv8OuCpoexN/359dJgL7WQxhtu6zBpPXdDplFAa9WAN0wsmJ38aygs4smv+gVIelIu5tudYw==
hN8GT1J40T5qfKkIxBQa0q5zq/c/HK+6yGjJgDDBgrI8u1bujqi0DUAcUnRyqd7f9VbYXg6LzdHoUJhf6OE7oK5pIO6YJLaPsL6mXX6N7muAwKm8hMWA4yWkEzCGhBKi
ROUvdMKd4BFUymenFcV8J+1JSZiOmMRRFE8H/5bZB+ABZr0lOmLxi+8BOl4NLJmQmyI+F2PlX/inKM2ieF0jPRL0vXxRqSa3tsJCf22Y5ZJp/pcLHoD2Ul7gS1d5VoUw330hZqDNIT2SMSqx5OQM7p6GZY+4R/4lG8vUjji0gfKRdwI7ZOT1VGkJmzj9KuqI
Sjktsrnmvk5GYg9YZ4rU3bpXPsmMYed3YzDovHZxKj8y/1Yn5QaGGbXsaSHtuvmYmmug/3KyhzB1leabK8OWehBHoHMkVm/TJPsYMEjQEz/o7X5VEQLAriiPHbdvjRYMGu+VThjL4DdDmZ4b8Z5j/67GK6UAaYTUUajx2qRaP+6ver5ME2sHvL0rRR15MGc1Qk5yqUUYMwa4jwiMYwChFA==
EaU+1HwzfxEJjQpLfeSazvI7WfCH2H4nXDtF4bWsO1YvProkLE4tJZvb0Y8HB3+SW5QkAFs23cgmTn84UgLfjoWLFO5sa5CJDyfRaWyfxAo=
EaU+1HwzfxEJjQpLfeSazvI7WfCH2H4nXDtF4bWsO1YvProkLE4tJZvb0Y8HB3+S+eT8dHVvVZLeBecdm9he2Rxce5AlTh22SiJgMZmnpl4=
YEGY4V3NOdbYSVHPbEXhwyOxesCGiJGL2CBIASseg/cxqZ041ibGkD3HXXUhS5Yd20M2ywRbbpRwvkjcyH3L47EupbZ+/7F7jeGuA3Q/Wr4mForz0/DDfsy2nDiv52EHkYeElcPDAHQ5/DeaBSB8tH31YCMEKcy2PyxQ8l8j94o=
YEGY4V3NOdbYSVHPbEXhwyAB5fHZI3x0s7GDq9xD7DGspAkspomsHB3xcmCytL8mj1lNTOAQygzYYfULCc7oMA==
Sjktsrnmvk5GYg9YZ4rU3bpXPsmMYed3YzDovHZxKj/hzPD+S9m85w4BJZRxjR56tSnPxkDo4YPzuRaTMzvcXmbYcOT6NBrhUXQoiJ+rrJo=
GY4pUMzWQivXFZ2H4MhJP2Qjw+iB03Ztgam8XSUR/PgwcIC4HI0fh0eqQxpL0fOHDiIzlmGiKsyTQRCjG7L2cee2+VjJ4H/bj/ZZtYZ4wBtl00NvElRgu8IRQQx4sL3C
DsfY8JW0b9VvsGPFHvNIEswX1P23YdO6b7/OEgYftYO7j/2re0+JhXFMxtF49FS5PJ6cpfpLG+XAXhbgHqjzTpZwAlPJF9v+oVMrXOe53Xg=
DsfY8JW0b9VvsGPFHvNIEswX1P23YdO6b7/OEgYftYO7j/2re0+JhXFMxtF49FS5lUSScDmTDxQ40DgowoxFsAcM9S7Ah+CIWlo/MyIVelI=
DsfY8JW0b9VvsGPFHvNIEswX1P23YdO6b7/OEgYftYO7j/2re0+JhXFMxtF49FS5VgrMk2ideyEVDf03HQz9MLvsnFTEajP0DV5wiGGp91R+Oy9kTuBdCSAK7rBRKw85
DsfY8JW0b9VvsGPFHvNIEswX1P23YdO6b7/OEgYftYMNk6KwBKIw2fMxuyGKRGWMKTqivQ1TRQsfMnjySn7VZxkKs1R2vOLwtOL6qgL03kM=
DsfY8JW0b9VvsGPFHvNIEswX1P23YdO6b7/OEgYftYOyZ1zG68LdfEBwVy9XAi04T0JGYjaGXfevmxRiVQHfYmPpZyHxx7bf3XTXY2+D83Q=
DsfY8JW0b9VvsGPFHvNIEswX1P23YdO6b7/OEgYftYPpOqYzlp7pNjsM7hK4gvelfxhp++4JYeqbr7B4Eq7t5qx9zIWxIrVn9p/2ojhnbAE=
DsfY8JW0b9VvsGPFHvNIEswX1P23YdO6b7/OEgYftYNPd156eNh5EJg4FfgygNZyrssT9Fw7qs+MuG+3UD20b37g8svdlU8uLTQiWA/rO7o=
DsfY8JW0b9VvsGPFHvNIEswX1P23YdO6b7/OEgYftYO0V60CQEP/XLAp6ikys9mt+KcAfgqTs08tJ+ZbvJ0zJkwhE4k+bsINsWnT6TzzV6s=
GY4pUMzWQivXFZ2H4MhJP+kKi4TjMWLByXV1saSEmElMSunkWI2TOf+I6X2+1+nxUWbPjvJcmtcUaJ+AXQjgr7b9fUApeGR87SWqJSN8aGx+ls83g98W57TNBAs/4vNBIzhVQuu2q3Qm1BH3DkoHfA==
EaU+1HwzfxEJjQpLfeSazl+V/rqFLQn+jK7b41fnlJ6wnPno6CmpKD3THM7qGpvCFe9UOb+nmtge1h2aGEJeL0bNV1A7RjnO5lisjIFg9v/3URWt6MJnkaj+TX4axAiV
EaU+1HwzfxEJjQpLfeSaznoIOfyAeIbVgnSktR94PFFXw3SCLvlM+u/eo0IyCZvFy6FsKrBbpNrnzs4oBZ4HvqoLxHO97foWUOek7kafQMQ=
Sjktsrnmvk5GYg9YZ4rU3bpXPsmMYed3YzDovHZxKj+ASwUQHtTeEUuYPz0z9M/w+nKTqjgNsYFyxyMHlnaPHQ==
GY4pUMzWQivXFZ2H4MhJP3S1kpblJRqdEYQiOrMBp4R0lNWDPAXq9A7Fp/5LW7kIZj7fIKqYC2Wqew1LAEui4g==
DsfY8JW0b9VvsGPFHvNIEswX1P23YdO6b7/OEgYftYNgKylR5PK1SdMKAMtEKpd/bhKNMqUOoXXnXklvAOeqW2butONMIs0dxEZLfIBlY5I=
DsfY8JW0b9VvsGPFHvNIEswX1P23YdO6b7/OEgYftYNdJJiCRaiaeDOm7S2shqsnQ9YJt+yHhW+c4O6dwERB3JPZ4MbIH4GD8FIzMcpnAeg=
DsfY8JW0b9VvsGPFHvNIEswX1P23YdO6b7/OEgYftYPu1tnaGI2ld8p/Seri7tUb6mGE8s26yXMiRUXOxIxabNDZvdeC3I0nrWq4hLfzqiU=
DsfY8JW0b9VvsGPFHvNIEswX1P23YdO6b7/OEgYftYMcZV9dn6dTTvrRKXW5JgmqnUkotpw7tJgsR7Df9pIvns2zuxpUu6HUYAoCXTmf/XU=
DsfY8JW0b9VvsGPFHvNIEswX1P23YdO6b7/OEgYftYMcZV9dn6dTTvrRKXW5JgmqVIc8/cQ1S/1sn2uCC4WrkhERB6r5HogINBrQfj0DSFU=
DsfY8JW0b9VvsGPFHvNIEswX1P23YdO6b7/OEgYftYMcZV9dn6dTTvrRKXW5JgmqVIc8/cQ1S/1sn2uCC4WrkgwYbmCTpOLNhJ7stzm9ll0=
GY4pUMzWQivXFZ2H4MhJP3S1kpblJRqdEYQiOrMBp4RmtYDhs+Ne/o9X0HilpKENUJr3OlxlbT+8HhCJkANOY4pHQEyI3pdzm/c69cuSZ2EeEaRY7/mw5iQ3fnOMRveLD48LPWkN6CHhoSiJc2XhGg==
Sjktsrnmvk5GYg9YZ4rU3bpXPsmMYed3YzDovHZxKj/yPsQORPk2yRq7Oein4kSJ5wO9C/36j61py9nfHW5vcZskNaiOAOQTDTK5eJwP0A8=
JuRgDkhw4F1oASeQxlFK/pINen/Ja+lXUZjVLcfy74000n1zrEXb/zXKleaAD8MJ8Rfr3OxT7Y58tq0vP4R2rxmptQDOwLMrpxdl3AtVaRQ=
JuRgDkhw4F1oASeQxlFK/gSdQPEZ32eSPVVMohFOAUpZXsHy6kglJU9VCYu5t/H1zwwqIr6jQrsk3vrg4c8XDKo/a4zsfX4ayKbxl4+7lH1v5uIP/wgxvNZOlNzB8yiM3c9mvZ/M7zDS7i+v/VKjPgNi46/Qt7VTXCTzN19cwXNdikgbgJEXJ4772CJ3Dfks5cpeIA2rijdplcmTAEHyG36qjJiInB06bXUB1WKrPAJqxSFKGgQjQpdAf76E+WA0
JuRgDkhw4F1oASeQxlFK/gSdQPEZ32eSPVVMohFOAUosRH0N3KeS3Qq8poreKNM0Eb38Uv5Ws95+EjPiPioCVx/pljcbovg033W4VX/opByMGF/FNpERUWOg4b2PzZFPMiT9yIVhfEmrdcdK0x5ASssOR9rb7NdlpWq+cqUgyEEUPMNolnK3dl+a9yGSUtt9n63jdUH7XMli6xL2bYEXUcXgN0+fDYV+Kuiz4zLmvxvsauprZyMPCovXcSQV8Br+
EaU+1HwzfxEJjQpLfeSazipPnKxcSI/Lifk4NYu/9OtIy9MgbG1NzjDgdycelGT80Wc6NlZNZdibmO6JyZpP/g==
RAr5E83FxqqCJDcXPWsZXtlcHaJypaaS4Z8QL43VSGuVxlwO1fN/LJ0XK+dUGMcGzRaCHgJNS24DfdfjDjY8t3UXCKwpcfaCA8QZ+C0gBB7Ri1PtsCUqqyYlge5YUMXC/SAmYB5IjhfchbhOxBPI4ozlv0v4Vxs0eWPg5a/646o=
RAr5E83FxqqCJDcXPWsZXmoCmY2lDG4ofhv7OijCHzSr7rZ3FVXLLfYaEmOriL5euykkMH5J10nsOUSXzq9gZWSEjDR2/CGC4No8qN0fMnU=
EaU+1HwzfxEJjQpLfeSazv4ySDUM/J+kPXvSxvjYuR0C4YHqAk9Y5CpQSROV3rGxKBSUm05EtEbTidCuUDYWiya27ktDi7sDa2pVUJcV5pP3Z0qPXH8AbvDP86kYmcfw
hN8GT1J40T5qfKkIxBQa0iaVonqKhrxH7UwDEmiUrMpAHj4VTlwSybxVrxViEDzQbEMwKDw/YVxehsNLz+5MKoXVsADRfiQhfPBeimFTJianEBO6pSoBrLziN8kwOj3yBT15zN5qchWnFFw1ls9OWg==
hN8GT1J40T5qfKkIxBQa0tTDSy6d4Mf7QD9l3pX01Rdk05XJV2ng320jEaSBMVymmvG1nFnVLW3+xr7T3P0EDWZOqOLMTl6m0kpgEFVIetxSTNglkgh6nA59cfOvKlnz
Sjktsrnmvk5GYg9YZ4rU3RBv+h98dyQKe56QB5l0Vs9AAZZ3rK2PizPsr9QC3ZYBf4OBkoSUGrQ7QouNtZWGyqphCkFbslGPFIEv78YOJdYe6y8kT+ItaSjXOyb05JnMXh0Nxgw/o4v+ZUayDTCL1ZaKgyv3kVzhctgU8733vpR4qN1t+EaOly7i1xyR+/PbIztNMU8sj99z/d3BrjOKyw==
EaU+1HwzfxEJjQpLfeSazmPB3bCSlR1CeciQv5Yw6/PP6sMr5Ag0JRgEZCvvJIbdQoyOrnonxwgKOrh2rd3B3soV8i6h81TiKQ7et0pI9zI=
EaU+1HwzfxEJjQpLfeSazmPB3bCSlR1CeciQv5Yw6/PP6sMr5Ag0JRgEZCvvJIbdhppbp+eb4dITg+Eq+Iph5tCxrhOqcBYtO90WuWe1G9g=
YEGY4V3NOdbYSVHPbEXhw85tvWV7R35ZJo+xJHaQkbiHNw1+SpT8RFqClqVln5adtxgOHeDd5uIcyEQYmpnYrO7HfKH2dH3xiGHX+E5qr+2CRJV/LqWZAkhUAkCTWF9Q5C+Kr78SctAWN/EPZcrf8M6Vn0MVvO0hJfV/QHjX378=
YEGY4V3NOdbYSVHPbEXhwwBmnykj40hxB/N9giHQUrpTQnJzugdAWHhOvdU8+/JrJHZls9iJ86Rvju9clvdxEg==
Sjktsrnmvk5GYg9YZ4rU3RBv+h98dyQKe56QB5l0Vs+oSqL+RrJoIjEKMN1uAI3WHIrczq1zbJHx/zCyKRBQ7ptDCufMyo8jMYTE/ZEynZc=
GY4pUMzWQivXFZ2H4MhJP5e87JCjUMIS+71dH4V4FEJVU6GQWG+gvT1wU/WzrT4l16fLduT2zXKN6Y2gz21or/iUkthf+FtdHLHYOgMnClBPjqSYYI/DRmUSFZIGdTJG
DsfY8JW0b9VvsGPFHvNIEswX1P23YdO6b7/OEgYftYPz+e1pRAIMJ7+vMnYRhsaHeuTk3eeNqrJp+NWYd6yPEV2EXNCa56VP24A2aMYG6Y0=
DsfY8JW0b9VvsGPFHvNIEswX1P23YdO6b7/OEgYftYPz+e1pRAIMJ7+vMnYRhsaHWCXosZw//1MC7TKW0mCDDfqTtGsE+6IIbtaNTA/Eer8=
DsfY8JW0b9VvsGPFHvNIEswX1P23YdO6b7/OEgYftYPz+e1pRAIMJ7+vMnYRhsaHqJSX/qLFdkfh4isvfTQDJ0AcXyiv0qamDX1l9zjYy8Ko4hnm/nH7dGlHnT30cbVg
DsfY8JW0b9VvsGPFHvNIEswX1P23YdO6b7/OEgYftYM0nbX98FfDm9nb8MNGH8eBgD+V0XVdLJ7ORyqrcziGCP3+AbSjfE+XK51gDXLNP7E=
DsfY8JW0b9VvsGPFHvNIEswX1P23YdO6b7/OEgYftYMTEZ80RM5GWmoMCmfjaMRzP+c3JKzFLVVRSziqWvyAHkrIPVwAsoh3orfqaz15QOk=
DsfY8JW0b9VvsGPFHvNIEswX1P23YdO6b7/OEgYftYPCYE2hheIMZ2GJkokVUZ2eGqAp6YbS3mfBRAEuYZn1tsa+h4tSFiV4BfWaplUhjRg=
DsfY8JW0b9VvsGPFHvNIEswX1P23YdO6b7/OEgYftYNah4OAXd4oxR3H63ALAHJy8XfqgnnY5QQIaCpoiVDPBgJZxbxCBGGUPjFj9yoY3T0=
DsfY8JW0b9VvsGPFHvNIEswX1P23YdO6b7/OEgYftYMJkc2u/DUElgzy/68PBRGwH95G8ujSmZDDotAF3/WPcXpyh93rU5xrPsj7fP7I4Ug=
GY4pUMzWQivXFZ2H4MhJP5e87JCjUMIS+71dH4V4FEIFw3wFJCLgaGb4SoSQinTU1d3zMaaM1uANvIw6xVxyoPZ051FJ/yu5Q0XMvYeeKK5f+fyL5e/OtDzmf5JGrAJw/RABlZkSw3YkMFEBvW5Vmw==
EaU+1HwzfxEJjQpLfeSazlkPx3kT0e1ECxXUAUKkbX3uFaPl50yG2HMIiwDiO0gaj6or0Txrwmdkw1xlOX8l4u0W00LQJ7j2MJ7TDzpN5UJSWGBLNNjlKf1v71F09+mY
FdZjWS5Lf9mGUtyuHATvFKxR54JOueJTlpNA9hMTdDYgL5q91gmNAm1HZzV/M28mF76+zEp+QyZHThruReenv1sDS6Q/VEdtPnyZ/aPP4urkrcPRcJ8Uj8TNqTq0FItc
EaU+1HwzfxEJjQpLfeSazl8QIoEZppHbWoeVPX1THTVk07IuPHqGnbz59UTRSfCpgAiUiu2shZ5Q3UTULifA6MqOtXu20MZ3lUZX4oqlwgU=
EaU+1HwzfxEJjQpLfeSaznsPAZC67H/LzpC/ddKRGN4jY3dLbkp+yXYLMqZlrlECR5mIH9KncRRSVWdyu6RWhIZM/pUV8BNPwcnhU1TaruM=
Sjktsrnmvk5GYg9YZ4rU3TbmfhWSm0dP8hV3LCNNSV0OYepY5yk+CmbmrhFIVLzwHpNY8Q/lRsRcjN4DiNy5qw==
GY4pUMzWQivXFZ2H4MhJPzOQPtEeRZLToqG/5s/mhtEirv1WT73ejooV1odY6CA8wPFlpckKcheA6F6S8x9I3Q==
DsfY8JW0b9VvsGPFHvNIEswX1P23YdO6b7/OEgYftYMBtsWpVS81SttEddLnD1QpcglIw0qj4/N6iHuyvSNfNsZEki7nNvbmRRewMLUOVnM=
DsfY8JW0b9VvsGPFHvNIEswX1P23YdO6b7/OEgYftYNTTUnpeZUxdlYSDanfzmzHVt7Iwpt9qxmDfqV4bm90WvyZ2IWcWLdcQV3v33iOr4Y=
DsfY8JW0b9VvsGPFHvNIEswX1P23YdO6b7/OEgYftYN2tUcirp9zkgwpd7hmruxC2G4Rk9B2xpCAyrR4h2MCVRocDPt2gMhVS/jYL6unGU0=
DsfY8JW0b9VvsGPFHvNIEswX1P23YdO6b7/OEgYftYN2tUcirp9zkgwpd7hmruxC2miouMOKA96mOk6myHHEQSh3i2Z1Ber10qxswTrK9Wo=
DsfY8JW0b9VvsGPFHvNIEswX1P23YdO6b7/OEgYftYN2tUcirp9zkgwpd7hmruxCHNABeM4IDEVh1KRx1mpN3ZLDb8XY6rM2BIMKb7d76e0=
DsfY8JW0b9VvsGPFHvNIEswX1P23YdO6b7/OEgYftYN2tUcirp9zkgwpd7hmruxCHNABeM4IDEVh1KRx1mpN3U2JxvBnOwPHA88cpwjW2oQ=
GY4pUMzWQivXFZ2H4MhJPzOQPtEeRZLToqG/5s/mhtFDbUM9OT5vbxdJ4Sm6vlshiFj/WJcRY3Zlxy1shJnSlKUqIcGikMIxZB79vU07H+HnzMvWcWEey1mbG+aTcU0+jHNf1Pesoc6oDEY4S0Pw/Q==
Sjktsrnmvk5GYg9YZ4rU3TbmfhWSm0dP8hV3LCNNSV1+aV07LQUlWT8FoGUTr3x/iw7JKkD/IiUBPg0cHNPLg7LzuBEQNRT8aIB18qlVec0=
JuRgDkhw4F1oASeQxlFK/sYBgKBNr6m0OO++qgQQxxdjrp0xlsv5G741HFgg8J80YNbeLegBbtzz1fzw8lXwG1Uw7raVOtsUZ0yBvs4RTB0=
JuRgDkhw4F1oASeQxlFK/uywePwRGPFJnYpO6LD9yrCUb9bEIQQQ3zPtT/I1VdXDbYaVtkx0gLW7TNl2q/QUy022MTXeBMzNzSdbQ2Eh890KuW9zxpMwbrYFkk6uairzYtYEF0MAwEUyS8wrI+KHmz7LkATq1Rxa/Uy4zw7ldBEhuy9Wvb+5xsJiFdx+lMjztCTnOdztJicbtVJ/DCRkT9mOgk7Nomz+3dKg7wBP4uYGcI0p17GfpeiEizTJJjmC
JuRgDkhw4F1oASeQxlFK/uywePwRGPFJnYpO6LD9yrBV8iU7j7AuQMgU/RI3ywPxMR9vHUBqziDhAroRepKnjL5kgUtbMB5C/GzH6APK+pRuWDBJFPDKFprt8Yw0dwHPb7FfsulMXdJEGV/JPlTToLsxDfmFf1TQ/43ioTi19mZcjdR3AzU0+HD80sp8hUgVJuBZGPMj50DXlOSB9+VIx1bapQtCcn/SrDhp9la22G4dc7dRAMF7RMGhyustZD4q
EaU+1HwzfxEJjQpLfeSazo6NOtdvsBn4eRmaT6VzSj1fGqX+oLxQWj0GgzIjaZXvW6A1Db+mPKHv4MP4lfGexg==
RAr5E83FxqqCJDcXPWsZXmcZuIVUS9102GwrM4tC88R4h59Tt6tPd3cqgkDOZrpvcL8ulY+t8I7KZRE03kggYremeUjThj5bESv/JIqTtYGAB4hjNfPiYAVKbXcyv9TYh03gyzoJSqxDfaEAPlwGfxahS5UOj+r+53rGUeCYB+c=
RAr5E83FxqqCJDcXPWsZXgFulzXNHoVo2Fa/R4/dluXQpfihFdec1PfLf6WK5KZitPa7ERj7GWsx1Aul0tjNchbAhu6n2o3bLBGlxwyO25w=
EaU+1HwzfxEJjQpLfeSazvrluNLsQ4WwWkyXV0gSXRb/Ts3LAjaNn5KePwnkgfGzh479Y3K2SzZ0bV+FXK9W3fls9tXeF+xYDj8NzDvyfYheJNQmQpM5fE9Xy9EjZUrA
