GmcONIA9PFzHw1gpPLLPoqev3ytAH5KO3S/CJpMsylg=
35kyjVfwBJgytCi6KM5Vug==
FNt9orFfFSbPIXNSbXcP2Q==
gE2g7VQeqq0h5MkG44fPUw==
A4ZCFW7RnVRfEnbtNxUDb8VFIQmzxcIFLuiIjRY2q84=
cwgQW1UgxyVfBeSrdwXHsPE1eoSAri+NViVSjTYe4hg=
pYn3RyiaY4vz2unSybTHuw==
mAzeFbkWBGyzJRgEWJSZYQNn44wFaguEUnqkvHVinQw=
NiGef/LGs6v8Em6sqLz1GYGKB0111uCW/TAqgkiW0+w=
2lfNnhNY+w/3xMaMUxJbE0YFT/wvMlSDz8Vrd5FEs18=
UxrTnjy0F9S5vkl1LIEZRrq8Be1h8cZOUqgzMTjfk+S+oDz/W0Ao9S90j6hfiM1MMNJs6m10wz86zix8xOr3I8eJ4/jyP8pEUS+poNHO+r55Z89bLVfj4a0uLjgjJzZ0SJaHyEwXYErzDCsmZr9D+lI63GaVuhg5S5zQykXhINPvCdRmbEOT/fYUVLVjuRIV59j+ilUxUZNK11eFY0Z8bySwSmj9lATFPHDzeDAhvrI=
UxrTnjy0F9S5vkl1LIEZRrq8Be1h8cZOUqgzMTjfk+QCFswbiXllgwtJM8cO6AhOFjmlFAImF7iVYPzpFCrh2Z8o9AmkwbFFSdgbuoy6ShQ+Zj4negEpprVJkm23FyiGmbK9qruKROMzMoxFMESTwCfBQEfqLCyNWl21Ko/tFAQ=
UxrTnjy0F9S5vkl1LIEZRjxYtcgP7Mk+EseWYm5AMM+XfMj5bRvV5+VY8KtOttKn65kbl9fr8mjB8r6Qw1J+YrusfvR2FysAoJNwUG/CGTsMpARw2qZJRd4dEpwZ1OitRySGW3/qLC/AZsFPc/A2nuQnVZTk01BoR+XzcbisAy0=
UxrTnjy0F9S5vkl1LIEZRs4K7FdiChaqqX7+XYGaosK/BW9tu4DQ1RKd8/hbDfH75NNzTuyD3ONNhGeo7hkHszTbUZfYZPZfYB+znJZbVo+bNo9qjwv1z6dY+zfHiIKV+nuP7IoilZi7rdeU6soB50EbceIeeZmgpMSClp/gPTq0sPiXphQsL/TLLODJXr0bFo297ZSJTycuQ23IFAgrLL1lcuqaH5tAkTODGwD2QZs=
UxrTnjy0F9S5vkl1LIEZRs4K7FdiChaqqX7+XYGaosK/BW9tu4DQ1RKd8/hbDfH75NNzTuyD3ONNhGeo7hkHs+CXHAaHIjF440J6Tx5tqHOfcqYNEEgeTbHUkYulEJDD7i20VB79qO4rUfilMvqJQIMK2efmUpmx/JwyhBoXUr4=
UxrTnjy0F9S5vkl1LIEZRimqvh31cANG3pHKnjI1UzNjytXKp2JUe52iD3OoOy+DERkHeNWQ8oPo0yitVgllJDsw2JunCLxv5OR3N9WmBcMPgwdeRHxcnI+adJiFx++N6vhzAapg/tCFE9hupNDKSfwduy/S9OExTiYull2snfY=
UxrTnjy0F9S5vkl1LIEZRjbTiKPOAjEyExD4fZBezucsaZ4kZ9QMY55s975vdSlKl9SRIkVJb6ktz07YHSw+G8rlLXqcaBUOGidmhqI2ggOaRw5mMAJ91qSWVWEfLjGdUD6YqIyxlPe2wqUIp9FQTF57y411IE6U9FqYxJby4mM=
UxrTnjy0F9S5vkl1LIEZRs8xMvgqlS6SN69El3QCM1s40UACU/5CWmRcEj6nt4Ne26IQikm3hNUNBLUBysC1A7BjBpYXhwxBwlXT8ZYP2YVLlmRVuzA3NYRMRD0g8n+X1BYnUtdKulfGhZ/LYzoZrpr9OI6C/DpKyHfK183dvsA=
UxrTnjy0F9S5vkl1LIEZRlir4SWnTh8AEZC96IvdyDpZMhnHcT+puEsY2HMkuhKo8hn13dK3a2aiQkk22NNq996BSin2Arc3+y67vE/T6CfNb23A+QfCQSYuUKZIcj2PQCfFTLuLdz2WGt0EtBTFWsNTlcrDt+xUIr2U0LibG84=
UxrTnjy0F9S5vkl1LIEZRvaMPYOX6SbAMrJIwcGw99B4kZWLqgjUJyesp+WLmiu9882AQTawUDqQ0bTG3I0ujGMMizqHcsuWv4jkvKuA1Wa9bne5bhkyTKwN6Ho78Ep9CNjbfpCKbMVotFmoDVNFdOgDZlmYURt7phXnL+tjWQg=
UxrTnjy0F9S5vkl1LIEZRvaMPYOX6SbAMrJIwcGw99DY3bayw8G/mLHqtP5lhmUHH29e+9Uhf/axNnK+b37NFajLb3JzfbLHBUGbO5U+n0kchlxaRkArARBzqhSa14pO4HXCucsGJVaREKE64BE7RSpfp2geYajOenQt3rKbR+U=
UxrTnjy0F9S5vkl1LIEZRvxjyQ8aKkH/XbuhmMxiotf8dcr5C9h7Qoo5nSzZifrUF25J2mNwIsjKrNMIeMHkiMBNPeDV+Fbgfld8oOosTCGDVYx14cIHAuGLMeSVxUKsyY9tarzdXMxMnsBRXDgZvJ+bk0PovIw1x9NlthxlvY4=
UxrTnjy0F9S5vkl1LIEZRvxjyQ8aKkH/XbuhmMxiotfHlQh2VnVm1PLwvLG3POfvzq+G7e7Fvpm70OGElIl/GQDZqWKidQeSl2K4OniZAUmhWaiWPjqJrWZqgmdxJHdTeCcp5bnap/TcAizS5WrkDNiwUaEvAQYzsL5wrUCB3Xk=
