GmcONIA9PFzHw1gpPLLPoqev3ytAH5KO3S/CJpMsylg=
35kyjVfwBJgytCi6KM5Vug==
FNt9orFfFSbPIXNSbXcP2Q==
gE2g7VQeqq0h5MkG44fPUw==
A4ZCFW7RnVRfEnbtNxUDb8VFIQmzxcIFLuiIjRY2q84=
cwgQW1UgxyVfBeSrdwXHsPE1eoSAri+NViVSjTYe4hg=
pYn3RyiaY4vz2unSybTHuw==
mAzeFbkWBGyzJRgEWJSZYQNn44wFaguEUnqkvHVinQw=
NiGef/LGs6v8Em6sqLz1GYGKB0111uCW/TAqgkiW0+w=
2lfNnhNY+w/3xMaMUxJbE0YFT/wvMlSDz8Vrd5FEs18=
2rIxwVynswUuTdZFps10Mx9r9b7UTblCgI+kyjrfC6Rxfom9dH90426lWUEin+7BUgio8K5rUJ8Z9j0ZG14gSAqoIfaXc+/KrIcIbo0aeJQ0Gr5OoA9UzaLrljegeWdR
2rIxwVynswUuTdZFps10Mx8lBlXZ6vOMVMg0LZzdt7dBz4W9Rrj6s/x/2rcv2f6h3l0VQrCnQu2XXC298VgKfQxTJNgucpkwk1sWt4FBiFwjQGh3wdExQGr8XY/zueLN
2rIxwVynswUuTdZFps10M5klfTt8VCeJARyzTFep8RBdl/prJzgbisu0Frs8GhecwOIwN6NiHsfm7AoB+SsyFvj5PVTmVTEof/LjpTlzbs0QOODCLDWIoXSkjEugblSe
2rIxwVynswUuTdZFps10M4DH20eJoCHGtbRQLtQDN12NJugSXsIX0QaVnnyRGKm1CDnOOBg1D5T7UBdnuPR6vhrTAfzdIFS07DM+kubrvSdLFS3oobeVkezaSq+irle8TpS88NrEuq/nJhIs+dt2DjfQeZuHfd3RSF6fOitCuFw=
2rIxwVynswUuTdZFps10M+GmqUdec/0fHokv6oMV4KcbWEiMUiXAo8beE+P1eEcW5qlaA6nkA6SBFdbIrnUUVLxz6JRc8DUQIfsK7WMkilbC/1WlSECP7b1itZCJv5Ws
2rIxwVynswUuTdZFps10M56COLAnFgdPJEqsiVXk+OpKmoNcwFG3ScBVAJq1CweS6niWdG4G/8Gj4EcsRoI5yNeoLxo+NJkMrvZwfaGdqffq7PgcRPF8vUnNnSlxsPNH
2rIxwVynswUuTdZFps10M8z22oRxOm+Eu9W3EgINvfXBRtL19P2FOiTmaqG1vHgweTCpFtAbPKXAoamfX7vw3uwlyPOsFw7s+OeYFxq+FUZMDRjwCa8f5FNroQpgoxsb
2rIxwVynswUuTdZFps10M6vKHngBZyDndJKIhnmPEIvDSGllAHr+axW50tE/UIBgx903Qjw6XTgAzkk439BVmP7c/ixBvd75E84uMOsICkbzZti+eXtfujC4HbX9Eg+u
2rIxwVynswUuTdZFps10M4v0o9SSvkA4d2IbQsirCi9ObbLJE+IjRCVpU1E/ToqciPO+loE9tI7rFUGz1gvoOWyEvZQ+Y5SR2SIR7aNebUOGvMpHcjr/NB19uVdA97Fh9y5BfvoKF0rERk1RIpSpXk9pisTYR7RmzZybsK3xpsc=
s1AI+jac9zNelug26DTgBjioSZ0OuLLSPavInyn5LNlIbpmPnTa5Uaqod3p6ZcgLMAsScaiqT3FRiR2UdTEQ9rlHKyvBCN4G0JaBJaNCF3PECmoJH4ppf/lHHVFAt3zi
