GmcONIA9PFzHw1gpPLLPoqev3ytAH5KO3S/CJpMsylg=
35kyjVfwBJgytCi6KM5Vug==
FNt9orFfFSbPIXNSbXcP2Q==
gE2g7VQeqq0h5MkG44fPUw==
A4ZCFW7RnVRfEnbtNxUDb8VFIQmzxcIFLuiIjRY2q84=
cwgQW1UgxyVfBeSrdwXHsPE1eoSAri+NViVSjTYe4hg=
pYn3RyiaY4vz2unSybTHuw==
mAzeFbkWBGyzJRgEWJSZYQNn44wFaguEUnqkvHVinQw=
NiGef/LGs6v8Em6sqLz1GYGKB0111uCW/TAqgkiW0+w=
2lfNnhNY+w/3xMaMUxJbE0YFT/wvMlSDz8Vrd5FEs18=
K4aRyf0twWgvtBwpne83DWWCN0Worg1pjkDVgLtSNmumqVEeWnliGWctST9QvfALBwXwfyYwVx1Q8VghY8+ylwHsdj5+ioBlqhJ50rLYowE7qpkSWsGkkOo/9FsPnLjG
K4aRyf0twWgvtBwpne83DRQef15+0jgpaz9FjDEgxkLXRaASEX9SC/HBGiopeLeqgyqL1p80f/EnoMqjO6F7rgQ9HPfDS03SdpLgm6YpsNpwzU0I0j7DJMC1ss2hS4D/
K4aRyf0twWgvtBwpne83DUHRE8Kj1Sz9HUqsprNdrXo9K+YmFG0dXZ1G3l7tal/sQ9Hk8Y26L22/ozJb3DjR3W73Hkh4dwU9l3laNaK8/Z6f+SYD2LbaKzHmvpeZl8dZ
K4aRyf0twWgvtBwpne83DZO/gA/YsCUYjfCIcxkGgeKMbf+gASKSvVwx5ThlaSfclhr66DkaLEtdS5JJ09A/uJIrMCSNJysnfJbmcCS6eMyvzd2zycdJbqJJw5Ns055chjwOX2nFdgDgol0X4Ie7yFMy+4Jkiv4o+X2UNKsKHQM=
oRIQf1qdWgeIwcpYbPWriT+vzH0ySuqUUmPrr1wyVMaBUB2lBk02wvqP/HkLny4aqgp2AG8wdG6KcKFmX9WRllwZtrHttckwaP7zyKSyMw4aNEGh3pCFFaxWFw9YO335
oRIQf1qdWgeIwcpYbPWriUj9Q6FuEQOkHnz4SCEBfryayOhgfxrMieOd65Y9bgV1X0pr7a3HjDrTEIerKiqYUzDCM0VbqKUmwLCYdHRARNuPxMmGv/Z5E0Wlk9Lv4SKbiJFrs030lIbxQLz0SKDNIA==
oRIQf1qdWgeIwcpYbPWriQb7njEMmu7px68q7rGvL8z8EkobU6FNLqGDPpRMeEylR8Zp1yFfZxjnGg2cb1n4yULunX08VyVNTlVioEO2ZumVTivwd4LyYgVdAFS1+zDX
QGEMQYQI0BCOgzHYwQJESvxrwbatHxrlWFrC8UkRgUhIl4GaQXIn5nedOa4tTkWX+tdNiwuZr0CILVbdnIlPaJMom0R/1jO1WNOha+RxgAvRMcLhqk8TVKZYF4NckRCq
QGEMQYQI0BCOgzHYwQJESvq6Qz8zvXHlKeG8KA/8FEtCv1bGsSWF88nyoU9BD1e481FyjM2tLHDk3jqApYp6GrJni170Svfp7oIt0QKxSVq5piehcxsZCR+qk+gY1zdA
QGEMQYQI0BCOgzHYwQJESkMYze3yGObyJk/QZBRwNgPbxk01y/j/jS1lrvL5xWeqn63W63r3M3/wr09Skx2NQhR5vjsE0wAZciuXXxwCnjTZsltIrbgdDRLvcCdaj5EM
QGEMQYQI0BCOgzHYwQJESh8gHdgGZJya6BWq/N+vgEn2FlDkgjAuXG5kHHSbc3bcBMYmQmdSTT2F6OC0Z99MWOKdS2oIFkyq9iVlrwmAmMFHrrv6DfQlH0Uq1ZyMJXUdPPKz+lL4H3LpeSeapt0QVLTWijBaK4xeeMw9pEOvEA8=
QGEMQYQI0BCOgzHYwQJESrs/GjuEpJEC2MIywuue9cnLziou2ubNboY5HEVJAweq+dPx89nq19xDINRXDvs3rztVks7fU4qePgZgkdKz+Kn0jzKBQw8Hoe7nh9zRKXfn
