GmcONIA9PFzHw1gpPLLPoqev3ytAH5KO3S/CJpMsylg=
35kyjVfwBJgytCi6KM5Vug==
FNt9orFfFSbPIXNSbXcP2Q==
gE2g7VQeqq0h5MkG44fPUw==
A4ZCFW7RnVRfEnbtNxUDb8VFIQmzxcIFLuiIjRY2q84=
cwgQW1UgxyVfBeSrdwXHsPE1eoSAri+NViVSjTYe4hg=
pYn3RyiaY4vz2unSybTHuw==
mAzeFbkWBGyzJRgEWJSZYQNn44wFaguEUnqkvHVinQw=
NiGef/LGs6v8Em6sqLz1GYGKB0111uCW/TAqgkiW0+w=
2lfNnhNY+w/3xMaMUxJbE0YFT/wvMlSDz8Vrd5FEs18=
RUiOQ6Cyun51LOpEanJz2OohiJoFxydEnRdq+d8MEuvgYmEB8dn9dQ2bqqY4s74RvZPcAqIBFrrIxNFl9rrbGY81+lT4eOPIMxerZ8SShNbY9NKba/M9p5AVxxyBOJ+e
RUiOQ6Cyun51LOpEanJz2P0NcguUOQCeq4YvCsvJ3a/FhLhS0boIXubxZJReXNpAdmHYsuDfbnsQbuAWFYnEnulYgiWqv7E7n9n7ihJmJAVPClb86f+oIbPTFOXsRrTY
RUiOQ6Cyun51LOpEanJz2FNmfh82e8VqlOmvUXJXExqNNKgaiaA4VuPcFNCtbByU4w1ThjrsZVQx1v7vPi0wjmPAWiB+y4d4d54n+G6ZZtuBJjCeJIGhq2QetMpTxv1I
RUiOQ6Cyun51LOpEanJz2Pvc3pOmVAZVkyFpG1+OMkI5u6ygsK2Dv/4OUq6h/zDGKdfZqLqONy6XHxpnNPlKDhvGm8wRICLiNCSLArxcTvjowL7u9QQvbbfbuIaEJkEKeBFV/jQLRKjboiCrVwSyowHlXm4TIIpHbnSX7+5D9q8=
+KnaCV51V+Cd78u4uILl7dQ48WydNJUEECS6L/SHAtlkEsJ9gt8Jsy6VtEPu7VAobIJusjreDbdRrVcTOMSZfXmuPyftsn6m+mZsLyIXKMK5FpQPQTNKNAbNPoImpBol
+KnaCV51V+Cd78u4uILl7eik9/YCqBprEa1gDXG6oNk3ZX2IM25N9+nDF6Rc5sBbLzdtS3JGLfOJtC5Ic8dAh9eEHKbb6zozcFtwqrhRVMmHCiHisrt775KeGAhbwa9Fb9UJJ3gjIwQuJwd+qLn8xQ==
+KnaCV51V+Cd78u4uILl7d92aMYnwNUlfqOdslrPIysyTtW8FTgWf/j+r4DZ+aiQtzm/pFwuReu1Sui8JYHYAFEsKvkWijI/LChDT2Xd5PoGka40Iohq2RzN+NaKASZQ
+KnaCV51V+Cd78u4uILl7TBfDX+jeoMIPCO2abXlakwB2U22jSQ/Si/q6BU1lNW6DeM6Tm8usQ8gZFV3uXTgXVHSZFgoHZndetI4NcPwXDwgBeqzEqn7ri0J2DybXukM
+KnaCV51V+Cd78u4uILl7T3QRkPwPI2MTiGU+v62o1vAM7FN5IM0upFNK/n2hYiwaE5TFt27LVvPFLrt+J5hFAthHVLuO/HwiUO2Akv0YssoZcCyaHXiSya52K9BqL9Z
+KnaCV51V+Cd78u4uILl7Va4n4ZeMnHdJxfji3SAAQ8jN3Po6CMsGwnEFbQmq0NEW0ngCpWDKte8DfGfWJgXC/vHqOnnHxgO/UVSvNgkv86hy+dqB24cgWIjz97R3wwd
+KnaCV51V+Cd78u4uILl7aT29LBGRZMzpFCzAnWgscBHlsyLBf+8ZHSRnu8AtWGlFB87rgRxVK3QZ5ess3DawfbSe5ZIXANrORNTNwJX01p+c/EVx8mXFmgWrwXbNZ4Jb/hulwB+/e29MQkU06Mbuy/YUGyeRcF8X+/wiKYw1ZY=
+KnaCV51V+Cd78u4uILl7bswe+kedZLFj2gMk8+n3mx6SY9Qr/qtP1FYuTrTkpxw07COxakTBtk4Y9RVuNF64guk1/6IACGPmTc/IfQg3BpryYBIM1wEUathZYpM2mlC
+KnaCV51V+Cd78u4uILl7fFW0OFz3W3T5zAtr+nAvilAkFSP8SUKJJyFgsp3Lv2kSY1wYCa+4agR1USK7ZUQuDtZnS2aJmeNHJpRb2mu7S6UWYDki8p0YeEu3oxkNgdEtEcjg+Yhqv2Hv+MNSGEoIw==
+KnaCV51V+Cd78u4uILl7UK2WOA4bf7Ax4wi8l7Xrv4ILK0fwTjWDPZkerjvmzG4Gru60pP4h2Cuai97I6bZr8LGoeYZtpMJBdlBwRfsravNhQAPhL+/Ijkdc7dFYlxW
+KnaCV51V+Cd78u4uILl7Q7ycSkKhLbwszN2kTCYlXBKg5a1PIb8OnHOTgFMDUydRN6YoPwgDm4qdaQhqn+irZ7fA+TY6WJ32HcKWHKfkvuzC9FbnRjjy4ovM4rkyEZm
+KnaCV51V+Cd78u4uILl7Ysz5NczLGlap3VSyLcipslOkQW7dHAUMg4dQU2YtaAGruGW7w9/ohbTneKsj7T8J0ltXoj6vaktF+9RpyVBl1UOlzQTrw5Ryg8cfGZkJatM
+KnaCV51V+Cd78u4uILl7RCzX2iPd9JjU2b+eTKUpaLh9ZiwURFo/nzQYLE4LLkcyjt2rcr8i5fdcYytaaJrXllNUj3lfE9iaVcHCFRYQnzzBbQhHSybNW+nxnYEcQYW
+KnaCV51V+Cd78u4uILl7Y3c1nCd+F003dRY9S6KjyQL5O6p4pMXpJKfPBJq7LXUaR2qIx3dIzN6etq1rIFf3XSvXLsZlHZhfo7AUqqpfWF5fzA6cXyb1v80YCsC+hYkkAuuXD3+fp+Q71oQLODTgwWT9F+opgcimTQE1Dw9yW4=
+KnaCV51V+Cd78u4uILl7QGBL40OGxWhC772bKvrXJq8dDsY5tDJwsTzl3koo+DcqqO5kTRlaVB/oPFrSUPhEGLVEAd/b1ckrGY7mvoz2xUY4jrzeXVTvKA5iJq0c+hM
+KnaCV51V+Cd78u4uILl7Tr2e07f0l42LRPyAZiCuXytdmUkvsMZSiUTjAjz2GbsLGkSlHmCcOp5KAP8PQyGtHUAQShONUI91anCv4eE249LRQt1gbaqIa6J36SuneSsGlyXrfFkF1Hpf+QH1aeLwg==
+KnaCV51V+Cd78u4uILl7RE/bePm646PS/FoXJN4rVWUUmnSAiYfKKq+/234q7cjD0TQu030Yzp5SbWOQo2QFzkxsbnbKU6DzP1PwnDqgG5Z2hLh0wjnNCzYo+eylI5W
+KnaCV51V+Cd78u4uILl7f8XMq+eGa0PEoZulx0q4XeSMs+2/hsAyqVqYEdDSUXu2ZDtjjus4IdLeQZSg6MS5tDuFfkq/u6mKwfs9ScjIxY2Jf7Lq47JT4KC3OmK44Js
+KnaCV51V+Cd78u4uILl7UhFNSpG3tMrnXkY/f7x0bDx3ONk8hwWOk1xzHWkBpwZ9yca7xbK7FlOQIS0TyE3NVtMKzBPqOaSR2tMFWXMIlA7JKO2i87qjh80lKBjOFEb
+KnaCV51V+Cd78u4uILl7T9beS1hFvKm3VD6NyikyJwnL1zWZaFjfrEcxbCY+cDyWAuOqINnQSWS4FKQ7GIPPdfEsV4M6qYgPjMZmG8BAeoCfgaK8eolBO8ojKiJbJf+
+KnaCV51V+Cd78u4uILl7WQsofb8S4Y8YvZH14VLVvSeE9/DhQPGMHzUmFl5ih92DWuneVjDnN1D+gJpTCvKqNu7NuogGyNLoq6tMAlKLQxe9E/aD71N/JM03JSVY5NqQdptKpZy3etoOVYxp6swKtcAT5LY83ZOYdtnZpScIpo=
wQ0OvADSfAuSTRTOigIc/R7o6MHdMMWrTu4NSpEuFLbo1otP776iVTGj0/AlO0WHyhUegqbZiRnMzJiQSAJ94a2G9VJzd04WZSAMXTN2p5hypkCdFFpmPqj3d3K9yBdT
VrI4Yleqh7VsjbZrvktODx4jT2h9tMadxH9xV1wucDLTsDCkaniYWd1zEfvD8VwQUTL/giILQhFnSlXo+TzYh9H0QMQLhzgh+qnLLQdEv3sFi0twjpplCF6U7h8ZiHe3
VrI4Yleqh7VsjbZrvktOD4TayuvzWvtSDul2k4RltOwsxNxXIs27NmGDu4H5UU6O+OdJUYIfQPWwCzyYOft2c33KdjNpLcwmr2MrsowU8EOMT6yCEBonsYD3+nhirDKu
VrI4Yleqh7VsjbZrvktOD3fTGMytmvvtEjNRKYOX/Yb8g1bBkTY9hWXqnOla0+q2cSqQjXaID3NtCq4kASHjJh0hm2H5otSwIjteF6muKh7kaoEV04ghi571DqkLUBV/
VrI4Yleqh7VsjbZrvktOD24PkW7Fl+62SKFTN59bE41GwdCCn8aXkR4zlR5dmWg2y9gJn+jgfwwVZ42YofqELJBGDgSsTFlCsyi46y7AsfqupfqDxH9Pv+R+qJO3dhxbK8L9gvxdcSbWlZSPF/8wIwSlzzrYhLJYhQsOc1V3E2w=
VrI4Yleqh7VsjbZrvktODyZ0TbKNAQOp9OJK0bwLH8GdLqJ3LFqEeLHZVAj2ttfG+6f1xv7zg24WJzsjUyRUsH6Oy/GwfPIobQomdzLjGbcJAnLYbfxIzVGHuxz9lGMI
VrI4Yleqh7VsjbZrvktOD2kFIuSRn8VucbcxEjZFmnksfejSwRw0fDoIDhRBae6skozc2lQAo6PmeNlBDoNK97xsNs3maDsqF/m475dbpHsSnqjxRTXJDpg1xX5PpW9InLcvFNCKefhhvs2oN66ylA==
VrI4Yleqh7VsjbZrvktODwYNjTJTh6XwoaWYq9INMjhNbbQw11Og5d0ENPbHNRvtr/uPxB7mN/w79okbJoHUwsIwrEsGkPc2Wmp45HtJkQKDHd5VWVVCTS8FTQhyK6yu
Vz/JLSMRIU05F0e0LBE5QUHrhK0xcCVc0Wq7raChqxT3lDKAV93HAtWqi+5lOaMZluqUJXZmu35Qvg9R5RPCgGkxUpin/3EL0pqAVrVIP4uBxPSoFQNOYbJWhlq9YA4A
Vz/JLSMRIU05F0e0LBE5QUVjexbdFyfCixwxbMoijYHVvM3R+C9RuNt4SpF2An1hp0MfTbzLudp9hALH4F42PoNnUDGnY5PvCVjM5LtD0J170zUJOyY2opWW3MgLvPY5
Vz/JLSMRIU05F0e0LBE5QZcyRYus/9unDlqGbMPmQEumyRDeg2JUxSJDXcDpKN8pUvn+mPqi2ZVr5oGSrj3PdJR5Mvz5aOHzMmNxZ/Ibs30Um0tOnRRzYF5j6bzztoP+
Vz/JLSMRIU05F0e0LBE5QSCOxyprCHLp/o3k9FwgGQRxN2ni1yJU2+ozvPJ5oKGqbFWeVKJrdps+skDSQRbBuxb555ONRsnqxMactQBmQaRepl8EkryXEgVU+3HWyTK4sThX2EGoBXvYX6lS1MBzuAJmdfz11HZoxCeF26hOHZs=
HnfIw6stahkw5WffLl7aGvqCgtAM2tamcMVV8Z4G4cU3BUihPpnd5s/Se7sN0svVChij/4jUOR2jukwwabDZ23xfsS0GEM6FDW8F9O+Y0sftKHUPJXwg2ew6ODD+Z2L+
HnfIw6stahkw5WffLl7aGk4xNlV4CGEL3cy5YRKAASX4iN0wN24CmymraTwuocLAZPyktJI2KGKCN0mnB8lJ0+VgAdRg662n+ePmnkxBamU2uP1VJVGwwpvmuvB7M50I
HnfIw6stahkw5WffLl7aGgQh/nAo7o0EyuYE64j+6Xd8D5E2fGhGpLCPI7uZ7uXhP3vE7QIu83pceWiJ0YBaVH3hs6DDnG927+hnHf2OpQivDYdcOOJaiosNa5kyM6Cj
HnfIw6stahkw5WffLl7aGjPW9cTv4Ii/oiT5hrHpUwUa6KxcMmTZRWiDKP1az2fOfR5p0Y0swQoo8H0oMYPwyXBbyUiJ49dW4xwp1NgBaXOrQ3CPQadywyS3ybuC5omP
HnfIw6stahkw5WffLl7aGtX2VmN0d0c21UFtdHFvS3MHPaQ1j214ggyYIDlgZVDmAJmKkyzTCT/N6YMj8CuoXSdHz1pe3I6p6eU9hUrL/W2bWY2baBwg0q2yMWwipn6W
