GmcONIA9PFzHw1gpPLLPoqev3ytAH5KO3S/CJpMsylg=
35kyjVfwBJgytCi6KM5Vug==
FNt9orFfFSbPIXNSbXcP2Q==
gE2g7VQeqq0h5MkG44fPUw==
A4ZCFW7RnVRfEnbtNxUDb8VFIQmzxcIFLuiIjRY2q84=
cwgQW1UgxyVfBeSrdwXHsPE1eoSAri+NViVSjTYe4hg=
pYn3RyiaY4vz2unSybTHuw==
mAzeFbkWBGyzJRgEWJSZYQNn44wFaguEUnqkvHVinQw=
NiGef/LGs6v8Em6sqLz1GYGKB0111uCW/TAqgkiW0+w=
2lfNnhNY+w/3xMaMUxJbE0YFT/wvMlSDz8Vrd5FEs18=
G0iYcR28qZAuOSG/WQVMNX+O01AFUtuV2bNQcMBSRal7Kfx36WQPemk1tKzrKfDqCL/YRP2ATK77NEqh6Ulq6hF1xgBdvKibu6RcjhzxGSeXNM7KIXw6wUoEhyDKdt4c
G0iYcR28qZAuOSG/WQVMNT+ry9mLKBGlU05bfBKG4zb8UUuvTc4bL0ZiPCu4xCsFJrR4DIKfifgOg1/dEqfHi4C+DXjRTrIZ5Oq8BznO+eLECt5uZdljhV096uFDAaIh
G0iYcR28qZAuOSG/WQVMNQk6sBsuBqbRqCnxDVxbE0P06cgJqkIxWkb9QJqRdGeXnbnfhYrTjqOsazLef+gs6xi126waM4SCGL6YdHktR4lF9gArWckbx81pFiymAyEO
G0iYcR28qZAuOSG/WQVMNemyzeKkn7rrXbdOVOgMXIGWNuqeEqS6/jfEdzpFwR8iGybP7cVFCdxk/zgkrlseKfZoG5OHdIzgfsQYuu+bzRf9u7tlPkqTJfG2277I00rn9bpj6rAoOBD4YNBJ8fIw4UeCofzcXGzDI6Il90qbibs=
G0iYcR28qZAuOSG/WQVMNdiw+RoEeISFO76f6QoP8CTKbJh5ynV8QkK2M+VU0AfJ5w5utZPzbB2rxIUWWsML7e5X0C2JxNuseA0bNQ+OuaULN028m5Rx5nBEPiACUAP+
2VU+19uCYz2pmB/KIKU3MPHgb8cv0l6CqBG46Xna+60O3MrcBKYTM88dOT8LSxNCdWF1SvRguzCpPChVfAH1LBDdunIfLgwEcY4KwBqjYGcQfISzv0ifh9q5MQNEx7xv
2VU+19uCYz2pmB/KIKU3MFhSSRQhTr55dKZqCFKQ323yBSWMQaoqKGsfbForb/NKHvxLZsytEFnNHLqa+FmUJur0IubR3hXOZ2y9olJ6iGlDMCTXLtngKcNr6PGvDHiH
2VU+19uCYz2pmB/KIKU3MNAFWBSNkp83bMKegNJILeXiDwxqxCBigQHQ/B4czIIZQBk51rBp2ZlwpZXfIkNyda2n19zIzpVS2Rzs6aZcSSmayTcaGCHmrRjtHrrOTiYv
2VU+19uCYz2pmB/KIKU3MBj0vGf1eyFdT39lyzFG3YucV03pdNwr3iZCwHlEG1aKiQ7gsTi5ZKL0rCNlPi3x+5g87gjm2FPCcrYgKv6mgvDccFSVq1lDkN3zymsvJ6b9mQwUSu+4/70A5cSsEdG7q4MpcgOf1H5aiY1sSHpHBTA=
2VU+19uCYz2pmB/KIKU3MHmpM/Ti6IvUGfXkCSqIZnoY5WTYE791FjhPbZJsJcBLmAcMT71lEN3X4aFezo3APfITmTm3xU6K7zVyieXao4GdJTcARsbMxh6pBgmERraA
TprIlrK9DkelJj1Zv/iyNlJdqVXHVDMrRvYgHRKvcVuTUs0BXkfmgxnzzn0RvatCzWPj8zwgrFq2cuqGc4/0r0W7huHN4iEVk6AHSCIXSk7lKKzIFrgTGjdaMcy3ItZx
TprIlrK9DkelJj1Zv/iyNstEz3d1O0YkIux0caUs3w0GWbXAu70sUR9cdCnpXERdhtz1nsgF/qUEUUR9beoR4tD4XxcE1LVm2NCCF2mtTRDwJqn/YyzcIu85pUampvIP
TprIlrK9DkelJj1Zv/iyNl5aREK2qAAX7IvIZeX8WWYYRlpTeDFx1/JBmUiH56kTJOmZYK1tdU9DHfiVxMf9uFOmAuurYbnXmqBw/ZRk8noa5Vlal6CJMf5t5GiAiaVe
TprIlrK9DkelJj1Zv/iyNt5IndDVVHfJaDGEAecxjKvBX7vOXyDDOas1nWk9a/0INw0wadJV7+nWOxL/ct5av3hk3PS9ADw4AcdVc5fT28C5bfza2GA7vPXYSkdDY8hcXBIsbP2T58qWqpt0DiNAoxQ82FYw87YWONQb4Z/TTuA=
bZyVR5X1m5LPhEVjn/rOpaNs86gPdI44gcsDsQHptUx7RbhMYSYaOICO2pQ3ncBGnE8csU5Y556S5S2ehjkJEj6dregeqOeyMNnOgee8/UiPA6DfhoC8Pjm2Qo31vNd1
bZyVR5X1m5LPhEVjn/rOpcGTXX272pU69KYFCsJQ7di6uWW5o4OShiVbUkDCBtyl0VH5oTBjpaAz3poh1Hip2Fp9fpPyhFCRryKmdXMDBpRFbPvqgRHo9qo8rXW6h5Ea
bZyVR5X1m5LPhEVjn/rOpT2IfzKL9Q6nHOreGEfv6qIW2EJiswF1V1LnqHurLIQX/dm/N7OKUYQmKrlJeA1qWHYiBcxRaqscu/41p/w3+qGAmVV6w6WyV3RGVANy01Ji
