GmcONIA9PFzHw1gpPLLPoqev3ytAH5KO3S/CJpMsylg=
35kyjVfwBJgytCi6KM5Vug==
FNt9orFfFSbPIXNSbXcP2Q==
gE2g7VQeqq0h5MkG44fPUw==
A4ZCFW7RnVRfEnbtNxUDb8VFIQmzxcIFLuiIjRY2q84=
cwgQW1UgxyVfBeSrdwXHsPE1eoSAri+NViVSjTYe4hg=
pYn3RyiaY4vz2unSybTHuw==
mAzeFbkWBGyzJRgEWJSZYQNn44wFaguEUnqkvHVinQw=
NiGef/LGs6v8Em6sqLz1GYGKB0111uCW/TAqgkiW0+w=
2lfNnhNY+w/3xMaMUxJbE0YFT/wvMlSDz8Vrd5FEs18=
ctfMh6GD3teqlgo9INnucmsZremOTcbMwUKo6zZdN8LRfff/IUEiFkX0Y2Rif8L4dKYwg5eBXzcBGK3eeR+2WW548KFvsNKVcdx+1gf/V7/Z+UZVMw9ed3LJYQwv6kkGRhAOLv1wD8MKzkcsHtbu9w==
f/dplxB+TnWmjrnqWSXHzSKYlHRZy9tdLUewwHxJn3pC+RGtm1bjSejO7w6DYKfcPvftH3ybkrax1o+BWKKPmTS1pcJXcqc5+1e+7ooiEeEijuZUzvAA7DgFlqhvAcjCqY0WBlP8WpfbzAuav52A1Sk9EhOcAIIPIi13ARK8srhnPeduzkSDK9IpHgyAHAytonadoCnCBWva0cp9ENOuAA==
5VH7AOvFWJCHCkKwMUUZ6oZNvIAawa0qIMvh2yXlTmcly5WZOsi8wryZR+g5V69cncI9Fq6vaxGLkbuu0WdzDUVTvk4GO/7qg7ZGG50D1dlghcX4Papgu2CTyUPrmS1kL453g8AeQE+xmLPr//+82Q==
5VH7AOvFWJCHCkKwMUUZ6oZNvIAawa0qIMvh2yXlTmcly5WZOsi8wryZR+g5V69cM2GaxSE4+OipoUjhMgIul5QQa5oWbtTnmMoyQUQsaZdOOywzqpwP2WWTFeVV5zvl
5VH7AOvFWJCHCkKwMUUZ6oZNvIAawa0qIMvh2yXlTmcly5WZOsi8wryZR+g5V69cncI9Fq6vaxGLkbuu0WdzDUVTvk4GO/7qg7ZGG50D1dlghcX4Papgu2CTyUPrmS1k0jNbFmXoTlrQo5/1I/+Xp4PvOASSbTG8S6KVaCZQJjY=
5VH7AOvFWJCHCkKwMUUZ6oZNvIAawa0qIMvh2yXlTmfuMTCgVLIhaUAQML85KMbKeR/6fm367/BLO/2CspTl1J+tWyGux/vm1FhCJHtcg76jEPOLKZuGkHWhnHeH4REg
5VH7AOvFWJCHCkKwMUUZ6oZNvIAawa0qIMvh2yXlTmfIll0JuXM98aLW4S503KMEvcQCa8yLJHaozsf06QaOkvLXUBH72auPL1J1xFhyO2Nfd8YOhFpYVIlcpjPAOJgrTk+tN7SCv0szkcvvyqrucy0jTDe3PUIF6mnVdLqyCa6YUD6A9mi9t2mQgdm47nNrUZDksvtnjYSSCJtyPgjyFA==
f/dplxB+TnWmjrnqWSXHzSKYlHRZy9tdLUewwHxJn3ow91Hk98BVEiUzZRHaWeJGTZ9aGCJmZDcDzX1C9MlBgYUNOiR/xvc8GKnJOLxzcrFCSp/shbWrIdYFp9Nx/avZC5yrvUWLEoPB+jqVvXcy5SamOu/caXCxQYE/X+eSRAg=
f/dplxB+TnWmjrnqWSXHzSKYlHRZy9tdLUewwHxJn3qze1b5PnhLMx1F0Y02aWF0g+Etz0exTsQFcxSTBZIQoz7f5sQeXUuiIk1GxMrYW2QP4go6sbUpUHY5ea/ICEcE4JYJ0CZ5v1rL9KxpqjXb5aDjybLQmdir96PfHt46UjU=
f/dplxB+TnWmjrnqWSXHzSKYlHRZy9tdLUewwHxJn3rKG1/XmahmQ8f/TgNDkLHQsXE8r4qdBc5iY8Rdo2x7Q/pdpWrW8EEwREeSz5mbfGP6nkI9bPW67uNjruWSpZcAie+GC4KZJjWxFM31vzTuPw==
5VH7AOvFWJCHCkKwMUUZ6oZNvIAawa0qIMvh2yXlTmfVRtH5wWQULLcFIBjigsTc3MZT9KK2f0tlu9ifdSj6FwIcqkHRxVl8Lc5g1cLZHiu9ozi6tFU3J2xzBrLQUYUK8Jgi3FsP8EH1zaRyqLG11eTzNV5547dDG3sbNJW9rX/qR3FUY580gFLqtwqijYtd+5s5COc2Wy0XWFW7XL0RDQ==
ctfMh6GD3teqlgo9INnuchraRloylhGkW+M2T3i7tD6thLi+OFK8iXUtFYmiMmsswjSVq/3nASUC7iT8OVqZul2DTY/ufFh1xBYGUX8G+UNn6hp222NouuJNbCsUt80LLqeAsqv2aSGYVIMxkWb+RG6kU0/pmaj5egC5F3Vkeas=
ctfMh6GD3teqlgo9INnuchraRloylhGkW+M2T3i7tD4Nb/eClX3tvgDCo7hYJJS+94v2wDs+y66M2KaLbkhcuS98fLdLwcve575TF4YsdBQtAAODN3nEXkAsbhrLPE9fnrlw1/sbktxzHY8sUEv98dgfVCVXbSNiI8MgRGtVetgOm5hWJ4HG0JIRNAaZ05h7
f/dplxB+TnWmjrnqWSXHzSKYlHRZy9tdLUewwHxJn3qSe3oUoiBRDYQRIHF3JaJS6zlF4fwR7OG5fBXcyw13GN9vJOs3+pD3SilINnkHgk3oQj1WXme870qfzE/Q0b5+O7yQt5FGwXQ/HmBHWJ1MkQ==
5VH7AOvFWJCHCkKwMUUZ6oZNvIAawa0qIMvh2yXlTmdDCrlWqVbB0q2g6GeUzWCGgf6Pv0Nh+AxCcZ1DIhnRUBvxMdCd0vbZ9pqA9g8wjQST4gxtTYEABPHh84OBlOd4f5VB0GfsBb0DhRi+gLjm/V3+2ES0/LnPnQDjVb5hYrxJ2Tgg75MxQZhDLhVLbTqSVQzJg8wE3aP5UX2qdrqd9A==
5VH7AOvFWJCHCkKwMUUZ6oZNvIAawa0qIMvh2yXlTmcYGc9fRnT2KjCugHYoYmnrmU+Q6eUN1OnD8hBYfcJJ6cJnOOmimy59YvjnrNRIoqJRIz1PcgszSxm34N1eqi4mU/zwHCYGo1mPwGThCHdEKRy3+TQDbGS37uqhBc10wanJ5DwiT9pxEe7LUZy7zMWsEQDRBcuAeMtDa3nL3Z10cA==
ctfMh6GD3teqlgo9INnuco7AMYHHNaIDLdVzDu9ZHmK++tTFR0jbB7UaehXe92VK2ULLYAcUVx8ws9dzIfF5F5hjLxngYOeSDiwaR8Stnslr47WBYmrXep6tooseXeltCOoUerl8zVSzpKRviAScCPOc7VIhOc0+uZKy25su9bM=
5VH7AOvFWJCHCkKwMUUZ6oZNvIAawa0qIMvh2yXlTmfM19xwBDdH0Hu/nGE8A5MCwqv2iXGlKQaOSgpQfomLXyL2nN+Qed6d88mldXXV7j2BvpKNQN98JPuBU96TTombwyKLT9rM9eJknPpR1Q9zJR9mVD9LsbrvEABaKlZL/prdoqYC964d8m4VuMBaXZWk0rUTjWEfyHftr/xondRP5w==
ctfMh6GD3teqlgo9INnuco7AMYHHNaIDLdVzDu9ZHmL3Q7Ps+S19lNsNpbyXW27rmvXgAsTnLb5oINDUd+l78VexaCtqArJMpNXhJseu9h8cIDPsxAc5oqPcdxwzrCIgBZ9vUl61rmxmTGy6sde0Yg==
5VH7AOvFWJCHCkKwMUUZ6oZNvIAawa0qIMvh2yXlTmeFA5M5xUBFEjqv91q+XLDK4gjlTkmvwFBOZjeFZ84LHxKz+VsgboZXo1ZFND5N++FJBKu0DRjZYX4TolH/Kt+S55zOP4rD8IhmnLo1VNt1q3FOJFtj2eszNp+jZabnQzmaAUKzqE8FWSY3R9zMlIfyWXta3bSDdce1gi7rYxqDWQ==
ctfMh6GD3teqlgo9INnuciCOe/3l+jtmMcmz2HrXwXsZdamtwFvjzwt8oCGUwqeo2PfJqdJNDHkEZDviMysx7b8Adyrn/cgaHye9tlaU8sapJ15IcUdWnJBl1Dvhju7UHovyLkkwBhBDE/5xhIKC4Sj1gxN19BikJgylemm3D1Q=
5VH7AOvFWJCHCkKwMUUZ6oZNvIAawa0qIMvh2yXlTmfJVaL8ZazBLWLPXlAcfbjCUDY+aST37l/7Z0Z4uRuQAYbCXlAHZc9nH//aqOLcHdNnP5GU7s4z099HR1ZLsGXtTghx9d4MkiOHzEy4Zb1L3wCTMTZPWxYeCH12GMxFEEJLF31y9rtJtGjbMug3xYvk/lyTAMXd9KbQaaVHGw1ngg==
ctfMh6GD3teqlgo9INnuciCOe/3l+jtmMcmz2HrXwXvjVbM2EBTWNWtRrgf1C/01q9rmsRzGO+V0D7Mge6/1vfywsrR3fpX+SKIJCcqHJ30rRjXTtT+qb1PeNX/ubETTy8s+2xVgycEqy57For30QiWx/Z8PwBxcqIzVgPAVDqyEhU2/zXp4PAMF3lWxZQZd
5VH7AOvFWJCHCkKwMUUZ6oZNvIAawa0qIMvh2yXlTmf6HkKdPHdAFz/mFQ4BZDLuNDU8GDecppB4wQy9NlfTUIt+VesDeRm/hkXLdqkq19766klrFRxXhBwjbJKFbdBxCQQ/MmfDWz9QwwgNCYIWPHaN2iZMxJzpbgkDn7drLbGLMO4HfYbATeXfUbdvOst9xPfasKl6GJ7w1qfj0xBmwg==
5VH7AOvFWJCHCkKwMUUZ6oZNvIAawa0qIMvh2yXlTmcRV7XYMDPkcrEYGMMk/kO64dP1Sf0a5bZe5VuQ/lGhXccDZpsj9ZLvY5LsQJkLWQ2qtUu3gKrsOEetXoBAvPviyrJK9o2f7a98BRANh/ljqV7UDCuR6MB/AKlxj1U8vVh/vT8orPwyWfZ9M6wgy20pCMIoeuL0fnWIjj2wzszWyg==
5VH7AOvFWJCHCkKwMUUZ6oZNvIAawa0qIMvh2yXlTmcEM7K8yS+r89PsZjfltu5urVqvV8zl3hHSHHPErHEqDLiS82pZGLnnSGq9omGAdqMn5pzwi8XkO4Atxa0Jzj3bdi4L8ZTDu997UItzM8vB6hXPHsdAlg50j7ECyAGTAbbtwXuBvqBCej4to2x8Fcx3h50QFCMcqeyHBX5L+kbg0Q==
ctfMh6GD3teqlgo9INnuck0NvLWe/rfyGJ4LVEdVADm1sOU0JXMGc2rSBDCUH2h/6VoNvRaOJwagGuZ/janvRLPDdTJWBweHPPDep7RiRtF6KP/yiJfAkeaLpIBuSRpTIpbn5uhn/sqyesf75PHJrJQX8ijYilJH0UN+7MX+fh4=
5VH7AOvFWJCHCkKwMUUZ6oZNvIAawa0qIMvh2yXlTmeas3GEbPT+/oA+DgO0lwtZSuBTrtvGlEcBKM3fCp372DDmPi32UTI4FGkTNZbQwjsCNlBO79AQDS7yNf2mMcZW8IF7bWhxgvV2ovb2/baf/IC2DPbvo/2rbi4NI05b6cs6WhKWmyzlqdmiHkZcfxCevqUsdo3sVhBzKb2gq9Jw+w==
ctfMh6GD3teqlgo9INnuck0NvLWe/rfyGJ4LVEdVADnxaNEhQbUpMlFbg+qY8Bifnli4elAXsdXFrywffSYTw/STPHvbX8OSFbg4RhP8ciapWyKBgMX0kjGKmnK7o5jLmbalFFK9ND8CxnrmVG62lg==
5VH7AOvFWJCHCkKwMUUZ6oZNvIAawa0qIMvh2yXlTmfiQZuR1gWREXhDNkMbaNtGl+AZR5nHbJ/o/fu3mPHJvo2L4cUqqpAnKELyALR1R3MElOO18DDJsnJRz8DZo+l6mSqYlkbnB4p/u0W/7wyWNUfVAj0ye/zD0RKpr6rgC/HbdyYzUkfoONq+XLNjhs4trucuOlC/bG1hjrX4TlAQ9g==
ctfMh6GD3teqlgo9INnuck0NvLWe/rfyGJ4LVEdVADmbhMOMglxPvsarMlxW2c9RUzeRnlJ7gH6quwbL5Z21XMngYzOysd7g4n482qcXMno8IJqMCTrlN6+zGcNBn0TH3DIrRZlnnICJF8S+OSclPtxmOoJh6rK2fMCoYRdQzjk=
ctfMh6GD3teqlgo9INnuck0NvLWe/rfyGJ4LVEdVADldXvQR4ACL0bcuSfgfu0MUU/isZY8585hgcJF+HM1BCbF9d6AmoIZVrxNVRSjpalvptdm/v5PLD+ehCdfoc5Tm6QgSZDvRGrhGye1hC2Vf6G0mQ5WL7dt30tUa7++cyJklBKt//R3JsHgHlSNT5tgG
5VH7AOvFWJCHCkKwMUUZ6oZNvIAawa0qIMvh2yXlTmdLTALbC3go67tEY219Qrp7pbrFggD4iYwZ4QjzMaPOzdaohQEv1ZdfziPcaJ0cIAhH67wulasQNmvZi/kZncsYU9VkIny4NZdri0BcyNa/O6NyXOYtZ8pU6iOfjKTBCscJioqpWh4UZGvY6uOJi9pswLxJl//1HgIlhYthfOha/w==
5VH7AOvFWJCHCkKwMUUZ6oZNvIAawa0qIMvh2yXlTmf4x7yBICOo6hrQeetoaBE5eZuVn33wzcUB7dYhSeU3/K8bBhsaUyNuGP468X7eHnDuZ4IHjtgtZdZ/hjJZLKspCjozM58tCu6HWlAYhnZ174nD5xgCUlZ8BADCgRngshVtbqrGwVZlmPlaaSwM+/CDwZcoDQfT4B8vJeJdSwtjLA==
5VH7AOvFWJCHCkKwMUUZ6oZNvIAawa0qIMvh2yXlTmdUsaOQb8X/P4AtO1ZCbbqo2wmQffxIMNDXcqozjXgbHv0vuBfdy23OYXmaxhQd39qh9IZTjVRuDXksCqInftNs6WmpoSEZiBa7dMPgr9jLT5VOdJBS0APG/4nDFKygYWKuTfUs2DPRtmV0eea4qhqE/2m+rPKoLf/WooptkFZzNA==
5VH7AOvFWJCHCkKwMUUZ6oZNvIAawa0qIMvh2yXlTmeeOnnuqcrsH1pSAC1A76vSKayLpyeU8y04RMoxtwZYxt4mb/XHdFVTlB4zpQz86YuiDu0VCqwUOxNcPiXfaMxhOrQq/0Yi2fzTtv65r0wRO9I84Umquy+LnbJcB8DHg6gHH/0h05nvOJdnhsTRrryKHyZ6HXSAFn4ccsaERD42Xw==
