GmcONIA9PFzHw1gpPLLPoqev3ytAH5KO3S/CJpMsylg=
35kyjVfwBJgytCi6KM5Vug==
FNt9orFfFSbPIXNSbXcP2Q==
gE2g7VQeqq0h5MkG44fPUw==
A4ZCFW7RnVRfEnbtNxUDb8VFIQmzxcIFLuiIjRY2q84=
cwgQW1UgxyVfBeSrdwXHsPE1eoSAri+NViVSjTYe4hg=
pYn3RyiaY4vz2unSybTHuw==
mAzeFbkWBGyzJRgEWJSZYQNn44wFaguEUnqkvHVinQw=
NiGef/LGs6v8Em6sqLz1GYGKB0111uCW/TAqgkiW0+w=
2lfNnhNY+w/3xMaMUxJbE0YFT/wvMlSDz8Vrd5FEs18=
5VH7AOvFWJCHCkKwMUUZ6kss8MT00biVa5K408z+XIubl+6GENCbGaIwUDOj/nPQYN4aAUVISgGFQ8hpitxH2zMV52SFk/slWR5xw9d78ZH0FcNJZ8AWBU2zQbeO/4/FokGsDMGiGr2mKKfncPfjsGXLJzyYt9pmttuJeCJBrjiUlrrWg9GjWLfOutMRA8+/xEsmf1lFtrCHs55oJ1MN+w==
5VH7AOvFWJCHCkKwMUUZ6kss8MT00biVa5K408z+XIvZNQp7iM+3u1q2+eMB0AkhioEoeHTt8ndnQtLNhg52i215TlX7CvxMRQOahDrZGMwLsq1SFfp9Jyj5fmGjKHaAeh8BMeCun8DNsjHeK+P3ahL5fEE2tjpJ8gxTZa1vSayBC1Q5KuTdW2Q09hqWZ7eUalW8gl8L9blPNuo1mrjWaQ==
ctfMh6GD3teqlgo9INnucgz7gEEwu4DP+lnX8nRcPjSBcFwfyi7tmTdKb/qmeD7/bAgwcsxdQF90KiVy3WP0SZO1uebRoUjHFuBi7/cV61neGqIPyUrbf3nKrQfbrJTC89Q9wEDnhs3otrJIA2gq+JDhwoYCHdUfgCZjjnRva1+c41Ccr4apQHEmJybjx6z2
5VH7AOvFWJCHCkKwMUUZ6kss8MT00biVa5K408z+XIsKkd8MCIt3f8uds33ehlMBhn7D8sZ6VCkhQlss9Pu052/9flsIs2mDsu5eVuSSZTkVBefHirDpbNZ9zIDLfs7sS0JIavTYZSEHcRoggdKlOYFXIgyJW2dOXSOta0zWf5UkDbC2XsSIy3pnhUUqvEg0Wm7iyDp0WM3GCTRghoNu/g==
ctfMh6GD3teqlgo9INnucpEtIfKdGhMAoLdFQLVOw711jfE5lZc6UB7NRdLz1P7HVV/gkqRn+L7ubkied4q3MhibMffjZueiNLarlQJEUVt6ZsQFre2XeAEc417CUbO1iyH8AzFzAXZzpadE7o6zgmWRPrveCONAywMXn8VhaluRNIWFzcoM3AsadC0yNnyG
f/dplxB+TnWmjrnqWSXHzSKYlHRZy9tdLUewwHxJn3rUHC/emLPrpWjUGOqCdYNzhHAzQbCnkNyo6iuCZIN5xw7152SH4v32zyf/1sOIShGcjxiGBR2fEvmtue8I0izt6pKTXIG3ns/8SoC8p9MkU9EYUA1VVPnUaoPBy1bnVGoVoWY345/ItDPovHlCWJ+cMRDkuGW7sjOV7hgM9XxeGg==
5VH7AOvFWJCHCkKwMUUZ6kss8MT00biVa5K408z+XItcOUqS90ufw1lQCpIOSmOTeKBoJwzG55t6R2kouUqO1mtgadVv/HljmcG0u59Z8dSDJ377q3IIidWLtH7RGJh8URazZY7xN0+GHq4vQ0wtYg==
5VH7AOvFWJCHCkKwMUUZ6kss8MT00biVa5K408z+XIvu9eQiQrNDwc6uE5LjwSp09NFk+tptWx12wHXxDqbUGQRuljz6/KjlxVN+/Vp5bAgNQ6H9q4+/2bsIwwEXVdiq
5VH7AOvFWJCHCkKwMUUZ6kss8MT00biVa5K408z+XIvu9eQiQrNDwc6uE5LjwSp0XZWULaxglq9qmRV+Ju0FICygRkVFbGqTT9NHXfmokayEL1Xp5hTlRWA9eb9F7bMcqJoRWRxmfjICmGzb/AwUVREXgpSelkJVO2NvG/5WcCc=
5VH7AOvFWJCHCkKwMUUZ6kss8MT00biVa5K408z+XIvCMirGhSsXTG8DkDzH79ahZcg9pPZtZmEjSCOx70ZJP0nVOyUvES+1kqsAKn51YFnASNHJC1IzwH2FGkMgmVzE
5VH7AOvFWJCHCkKwMUUZ6kss8MT00biVa5K408z+XIs2AGyr/z6xyTOhvd2ChLpcqg+ZQPxDM0cXHv1tRWbSpPshW/yGMXhmC3ptJqA3vl6JTc8IAo5IDFkm4BFahviCJg3c7Zg/ldPoWAlSK+cMxBrrwmNb2qjUCwzV2vDD4V1dCwfxDn6X/drc147/ZANvlUgQRj6t6sGPUtDy/ezY2Q==
f/dplxB+TnWmjrnqWSXHzSKYlHRZy9tdLUewwHxJn3ru6Qvh5q8MvWs+FbHOFvg7+Jh4PmU5ZpeQAr+zEaz/51XpdaoMyIW6b9oCYsxbdo1e8SET5UBeD+E5B2+Sr4/PLNCyRXKjlJu9KCnnndd94sfu81v1UAn1/BPW/HbevFw=
f/dplxB+TnWmjrnqWSXHzSKYlHRZy9tdLUewwHxJn3qK4LeH3xba54Qq8RjMQdANhyjunlO9oPEbZOEFOcYXBUU5aAdK5Xd68q6ydI3hZiRw1sLLEnG72fY8qkqCt53TsGBG4416ENrQ9ZZELmMBY0bTocOnjupanj/q6Zi+so0=
f/dplxB+TnWmjrnqWSXHzSKYlHRZy9tdLUewwHxJn3qUvwFHav7vGRWn32dnNoc69lprup8k1Cc1RoUfuk1Tl76ejAjUhM1sb3dHC1vwW9H6X14dF1h24V2fmO29KJ/qu3uLIXb2UMbWVVPBCpkz0A==
f/dplxB+TnWmjrnqWSXHzSKYlHRZy9tdLUewwHxJn3qn+vTpLCcqtgTLz7/2cFemDkOz1AFvTRutkgIS5JNCS0p4ICw0+yJlT8HJA4ZZq1YJI1rzldWFyTQR1mv3DftVw7yGPfPWHEImCL22/rx+Sg==
5VH7AOvFWJCHCkKwMUUZ6kss8MT00biVa5K408z+XIv7JdwGl+CPYvWBZhdiu4P1E9kcjsI3U2hQhymePxSwoXJ92gU6F6sehYAeBB+3Oo0dMAHuEoJ9PmOFDatZ8Usby2rv0onT1faEXhsC05CmA29WiEY/Etbsd7+Hztd6LfAh+ueO+gNJ0D1MBncDA0DGqdP24Qw8EAWtur2ALgixQw==
ctfMh6GD3teqlgo9INnucpEtIfKdGhMAoLdFQLVOw70ScTAl8sPFnW5jTQkrc0qfs+dHNfmOtKWxOyAGeCq4uyLogYtNp8NcLKL511rJYufaQhL/FT9Arp5FuJMNDLr/XCRDhLM3qstDyioWgGI7vdNJFOd7Mxm4/eNoCUmFQD5kM0V8f6rmFgH9yeNQIasz
5VH7AOvFWJCHCkKwMUUZ6kss8MT00biVa5K408z+XIvdf7CYTQGyTPod1908+DbjCTOQu1NUL0EK034HCHKbnAuLNVpa9NXwsNFVAH53zwdYe92uV3guUmDT355wdhe7FqxAZSbDOntYglqdx988o90G/txgN6JNYZrdyFU4voHEYpZHccwFioaBLqQKiW6xrCS82jqgSRjEzQhmRwNf3w==
ctfMh6GD3teqlgo9INnucnA7d3fpphqD71t9Wdd7oCn4UDKincwqWuvwjFfQKX8ZLXPoOpK+63KcBghLg491OGFSndGLr3QmCMXmtBvXbA+j4piP/x08P6IDDBZG+E/YjP2EANPnukynvkCqhynVue+6kvJG/WRUKclzX5+05w2XhSKv8IiYrqKzerqTH1OT
f/dplxB+TnWmjrnqWSXHzSKYlHRZy9tdLUewwHxJn3oRYMOOiPdcBVaZOQvFIyNaVnAUzP/E0q+A+oTajY5lSPQdHEax3nnylQxZSofUqGsn7N76pcYYNeDHaC9kcileho0QNhz8IswP3zk6NDQMj/UPRnMz5XrdimhtykSjy9JlNZFvuRZHMBH4HK7K5It+Uwmx7b9YOKjDtqinKEIjFQ==
5VH7AOvFWJCHCkKwMUUZ6v8GHk2vIk3tp48vO42KdDX3daXe92mFU234UzbfNE1sLT95eJ0Cg0CHqeJ0IAuDLL5bQDQVhfx3pkXyp8Qh3/4TUM3J+1QXZh6BltOwcyjQhb2bYS3FcC0gzEyeu7pZ1A==
5VH7AOvFWJCHCkKwMUUZ6v8GHk2vIk3tp48vO42KdDXi70dXVp+2SDwBSKm3bQL4WYzlVtiWbp06w1ssDdswRBOyKeL6rlppSAWOGcskPXAASUteQX93NIkARGs9EgYC
5VH7AOvFWJCHCkKwMUUZ6v8GHk2vIk3tp48vO42KdDXi70dXVp+2SDwBSKm3bQL4lB2okws1JSRArUoCXLjZ5zOwugV+XbInylKgB+/OV4USWcstY3sTePy/bwBjmtzlNl5hB31/FjzU0voXL4hGbu9meuiDyU5rQWHaciAKhD0=
5VH7AOvFWJCHCkKwMUUZ6v8GHk2vIk3tp48vO42KdDUjrFtwHouk7wdTJojPWaJxJ+Y4/w/3aoVNwzktMiortAU9ircP97yWAWv5c2rB5Xqd+WdxRZvnmxJ0KOZ15SPf
5VH7AOvFWJCHCkKwMUUZ6v8GHk2vIk3tp48vO42KdDUMJArtl+Ch6UufozA7oqTIUy0HICN7++gx73s0GPtgXY9wpXZrj5QpNnKNrqwxS0LIc6EFs8BSXQ1V/XceH+u8NlcW2COjSCiExutLv3dmuW/tk4xgbtROCUMn/JE+apcCsdWlJ/aNYlFwD2ZjjxPjQoCL3V4rZvVqRJ1wWOzZvQ==
f/dplxB+TnWmjrnqWSXHzSKYlHRZy9tdLUewwHxJn3p7VBjIAwtYZx1EBVOPHLVopSfLRUjEL3YBSlqbMAAkImYU/tPkOKAYkAxMOqqkpSfn+QifdfTobXegoTfHcxn829rbC0y1n3zZz6YdyPHwiWxtAV8BBJ3U5pUGjrZtaBI=
5VH7AOvFWJCHCkKwMUUZ6v8GHk2vIk3tp48vO42KdDWcniQoob8KKA7HkrLSWt6qhS/WUto7ZEOPCX2/rK6X03uwDYsm3ON7s3tO5EAL97DUU5jBqKadTsKfFsvwAjpd
5VH7AOvFWJCHCkKwMUUZ6v8GHk2vIk3tp48vO42KdDWcniQoob8KKA7HkrLSWt6qGYBoSGXPMdm1/TnLVvqEa2Ec+3RkIGnYVKYuivFDVwLhn18F2BnTHfZ0htknDzP85AaQSTU1JHXbKBm6unEgPwPXHbSfWH72KSnkXVI1DmOuZ0fHNIuOgvVpVAoe2Zvri6PIeB/nJZbzzXbbJGffcg==
5VH7AOvFWJCHCkKwMUUZ6v8GHk2vIk3tp48vO42KdDWcniQoob8KKA7HkrLSWt6qhS/WUto7ZEOPCX2/rK6X03uwDYsm3ON7s3tO5EAL97DUU5jBqKadTsKfFsvwAjpd
5VH7AOvFWJCHCkKwMUUZ6v8GHk2vIk3tp48vO42KdDWcniQoob8KKA7HkrLSWt6qGYBoSGXPMdm1/TnLVvqEa2Ec+3RkIGnYVKYuivFDVwLhn18F2BnTHfZ0htknDzP85AaQSTU1JHXbKBm6unEgPwPXHbSfWH72KSnkXVI1DmOuZ0fHNIuOgvVpVAoe2Zvri6PIeB/nJZbzzXbbJGffcg==
f/dplxB+TnWmjrnqWSXHzSKYlHRZy9tdLUewwHxJn3qdp8PAWMu6aiGrJgwmq3piUH77rz6wUVsdZRwUxxeB8n71eYqPy3kRK9Z+R1gKTmAY36ZnuqF6ZPrVb6Otruu1UfusKaVHwSN3H8e9TYmg9a0L4CQ4ulIN/AzyDkVv9Y4=
f/dplxB+TnWmjrnqWSXHzSKYlHRZy9tdLUewwHxJn3p0GppyWTo9Y8V4ORnyYoHe4cT9zOh1rj128ifES3PO/1J5boG8egXXsTPsG4xdEZyFxuoROMkDUI4CDRDcUSUHfQPluHGEzNip6/G7nBzeXw==
f/dplxB+TnWmjrnqWSXHzSKYlHRZy9tdLUewwHxJn3pLs1kpPXIzcmPiipNpvNFp9A56Md9g87H0ghoe0Rme9jTwkfXIb9rreOD0KqDliHXhrOmRmc0CjCqgUHF1cxkMy0PN50VmD1KdbkKcR+Pt3Q==
5VH7AOvFWJCHCkKwMUUZ6v8GHk2vIk3tp48vO42KdDWAsMwSkZ3H5lxlH4fZmvewCt4RI+Pypxe73jrazSGmwRj3+R0mG/5+klEBfcXpxdIWWGhtGSMvdnhYO48yDTdZIQJBb1a56io58SoS5jyx6q+X6va7cBWv9Xx/sZWmoPhCUN6NPtXlBydPRqNUsCBbDTPZAvr7rrzOag7YmXCQpQ==
ctfMh6GD3teqlgo9INnucvwM19RMv8DrVS6iLPRUAb6aO+X91XVdCy+Wbvgh6IsWg4K6FwmobxGCpCIAoNLLcDhPtZ3Cg3VoI/RZHDY4cwqyQfpsl0Ezd9vJZG22GIrIjsdmo+MthNzY1q2SryMbbIORomnXIstLq7MGmA2GBfw+oHCphnU7MyX/cL0Ez1Ye
5VH7AOvFWJCHCkKwMUUZ6v8GHk2vIk3tp48vO42KdDVuCUPCNNCLFLGuvXC+oeXz4PfKuIziZjaY/kvqH1XTmlBtmO3Sugi8kzCiLjnybTusbW8LqvtiA6bmbgzZD2rtP1UF+rDjE1jyPlGsrwrwlpr+QO6SXBqRJ/0itTHfMAydWHgT4pIkrY6kRDtmATAnMZVFcChqhL/RsP2VXBuqqQ==
