GmcONIA9PFzHw1gpPLLPoqev3ytAH5KO3S/CJpMsylg=
35kyjVfwBJgytCi6KM5Vug==
FNt9orFfFSbPIXNSbXcP2Q==
gE2g7VQeqq0h5MkG44fPUw==
A4ZCFW7RnVRfEnbtNxUDb8VFIQmzxcIFLuiIjRY2q84=
cwgQW1UgxyVfBeSrdwXHsPE1eoSAri+NViVSjTYe4hg=
pYn3RyiaY4vz2unSybTHuw==
mAzeFbkWBGyzJRgEWJSZYQNn44wFaguEUnqkvHVinQw=
NiGef/LGs6v8Em6sqLz1GYGKB0111uCW/TAqgkiW0+w=
2lfNnhNY+w/3xMaMUxJbE0YFT/wvMlSDz8Vrd5FEs18=
ctfMh6GD3teqlgo9INnucpi++C0R/mjNNdMNfGFynM4WnKgvLWT9hmW0EK0hC5og4pFSq3UJPRmY1S3nZ9UPsc+fGvJmHml07dbe6BQ6iFWGYSAQu8cAz9jNH8JfL++iMrCb98WUoqEvPYYGrDmdUg==
f/dplxB+TnWmjrnqWSXHzSKYlHRZy9tdLUewwHxJn3q2Y3hpwd0QxD5Ym8OdV8U+p+pURfu2U9MZn42Iws/kl+ucgIhDHRSZa4NnTdrNnIVOX522yBofOoYiUb4pLAWL2BZzoZSnlAIItMUbdrmiNqPsv8PF05Zbk4H+uoR5nc8GaIVWxeOq5MaY5XKKoFZpfJan2nbjk3PPO0zCnJcKrw==
5VH7AOvFWJCHCkKwMUUZ6kss8MT00biVa5K408z+XIsiyQACnhyciTr5/j19HcXfz+E/UeV0kxagX/DYdLmT/LfCXSU/cJtrNi8Dwl2NtmcEr3fHJD7wKz3HuNTveuIoFHRFrtDSAr5GwTFw4d8WDg==
5VH7AOvFWJCHCkKwMUUZ6kss8MT00biVa5K408z+XIumE2kHF8jX5N6jU+HFP/3+hKaehFH8g8yk/3DGS7ZwgPGhlZJ3Jsp6lML6yqpU8tBShiUg1d+Oo+5ZmZdnUq2W
5VH7AOvFWJCHCkKwMUUZ6kss8MT00biVa5K408z+XIumE2kHF8jX5N6jU+HFP/3+z5mPEf4K0FgZa2gtOQXlbikL49j0WnFyKyDKqe0oZ+mzcIo64qIcbFvte/sSrUclv/2bXRFseRsxu+lHS5VxAFbi+kyjSxHZrk6GdE5+mkk=
5VH7AOvFWJCHCkKwMUUZ6kss8MT00biVa5K408z+XIumE2kHF8jX5N6jU+HFP/3+hKaehFH8g8yk/3DGS7ZwgPGhlZJ3Jsp6lML6yqpU8tA/oOfVvJcdbr/YPH+ukXZP
5VH7AOvFWJCHCkKwMUUZ6kss8MT00biVa5K408z+XIsWD/hNX2AJG6JCAwnAhcYTk461HYnFO7S7v8buibwZUyavwXSw6emGHN9wy4b+fErrE6AYf8JqGt2pHI5KhFnkvVPPQeWkzLUNaO4wHcYEnEh5UyBSC8LNgcN4iaj5+YDjkUIT6Y5vUpW3ybWVqYAMqy3fc53Vq7ufPC/wxX8Qeg==
f/dplxB+TnWmjrnqWSXHzSKYlHRZy9tdLUewwHxJn3pPcIHgMd5KtrpC3R0B58mdaE+dSLNB0XCbN3Zf/E9pdvLODhqV4VMyoJDIh8ff8iFPH7nZlRiBOtE35w3FiOcl7hI2EjbHJO9IR5S52DYEYKSZez2Mhoso+EcebuC8Nic=
5VH7AOvFWJCHCkKwMUUZ6kss8MT00biVa5K408z+XIuqGk1+PM69YVDcGAckeR9bLF70HONG8tJUzkarTwv7d8zOP7FSw8DuLXfcIHSqazzMeRqzXDiQ90bGxhqtkEpW
5VH7AOvFWJCHCkKwMUUZ6kss8MT00biVa5K408z+XIucUMualn6u1N7D2T689WPzFS9QUwTRLPh1U5Q9DSezFztIeo4RmE4T5rL3mFrm+It2R412A2JVj3nnn5arY7+KkTsiTsqrvVGJ47NSIHD7+vf5Fsjl4jU8hIcZWNFuTnTSu3uPkK8YN7ff0sIm55jjFc1LptJD+pgIJYvyoFdQuA==
5VH7AOvFWJCHCkKwMUUZ6kss8MT00biVa5K408z+XIucUMualn6u1N7D2T689WPznZKpBWMuw99LSnHDJ0WXI3utmWcW70GYlH2XKvRg4zwNfP71Xyndtz4c2nu4RTZx
5VH7AOvFWJCHCkKwMUUZ6kss8MT00biVa5K408z+XIucUMualn6u1N7D2T689WPzFS9QUwTRLPh1U5Q9DSezFztIeo4RmE4T5rL3mFrm+It2R412A2JVj3nnn5arY7+KkTsiTsqrvVGJ47NSIHD7+vf5Fsjl4jU8hIcZWNFuTnTSu3uPkK8YN7ff0sIm55jjFc1LptJD+pgIJYvyoFdQuA==
f/dplxB+TnWmjrnqWSXHzSKYlHRZy9tdLUewwHxJn3qyHa5DN2Qb1dYkpNKpyPuB0EZvDVEH0lFBhN7gick94RAQk6pGGp54mNRWqIvUTJr+RyS1REv11YTv0tJEc/42cJ7H46fr6/ddIVPPDhLqZV7NdNVroddjbRwqrtRC8kE=
f/dplxB+TnWmjrnqWSXHzSKYlHRZy9tdLUewwHxJn3pvo+Cyaoz/zZZMEyjRyYwDFm6dxniJhPln7FtIEbp/OtW5lJAs6SEkprtskp+d8hKjbCnYTbjTF9irt4xWTCIz2DQ1q8Ae3jfacyCh6ZiIQg==
ctfMh6GD3teqlgo9INnucqlJmsgkPhU8d7pQRkA68pPMjnJZ7eg3DpVsEWa+hjje7UR5iohA6EDcUVJdBe+yScEtQ9JgJMr+Ci8J+lxo6RWFY+P9v5YzqcS1FH+ws1AaESHrInYh4mkDFLFd5CAqNFzHUoUQgBoclUQugeXL3t2AMHG/RDBXnKCfd12Wj1eX
f/dplxB+TnWmjrnqWSXHzSKYlHRZy9tdLUewwHxJn3q7cfiNSwJWU21FFVgj+fg+qwhFW240sOP2XcSLM8YLu8idpKjtGfEGW58UbzVnZbBKs8ekXXMo200VO2o231MJ3WrbU+7QYD0KjN6ghofe+z1N+on+5/71DtP1LNJTxbS5IOzHT7xo3SfwbEcD4ZK2tnDI+f1ZrXSl9CzVrifV6A==
5VH7AOvFWJCHCkKwMUUZ6pKuXI5QxJIDdGRnTY9t9QJl3JI/1e+6W2n/Tk7pc24Q0L7ARI98Keni6MeyTMMw7f0DpzKtd2PxQEwnngrPpFcbvk4MAhpNaa90vN2+Bz+Zk2WtF1bE8mf0hLnU0wYOnQ==
5VH7AOvFWJCHCkKwMUUZ6pKuXI5QxJIDdGRnTY9t9QJl3JI/1e+6W2n/Tk7pc24Q+nEVch6AoO2ufppIRqGQ+gBSdtet8OovZGWu9hHgGs4c4utZ5+E1TUI2Phufe8TU
5VH7AOvFWJCHCkKwMUUZ6pKuXI5QxJIDdGRnTY9t9QLAsN6YdplCtFVRNcaBHnO1cuZV2bxyENRDrFJHpgff/84Nh5OTrouQlghyfGzS9V9UsluE1XM0kTsUHtnkUcYy4evP0OwZjcdhPt/5Cq7J95aASIdQovLEdXnC9ees8o0=
5VH7AOvFWJCHCkKwMUUZ6pKuXI5QxJIDdGRnTY9t9QLAsN6YdplCtFVRNcaBHnO1qXnSW0YwRX8e0rLjEnoIunC7Sn/I+sMaC/3gggOdstiHbBWG5mWfBorVZSRcY0BW
5VH7AOvFWJCHCkKwMUUZ6pKuXI5QxJIDdGRnTY9t9QLnws8Ouwoli/yzdqo+4VmzqjdDtrRYWZ5qWTbuNF9ijvFhCSU8HjNwEQUVLOZQK/QMHi6iQqs/4seLqsgXIu8mJKn0YYwhw+ZTTMW9FT3QTPfTGjZzK/G6jKBDhbWB90d/j/znMz1CQbDz9yFrCi2lqrP4yR5dQmg7vgrgHT4w7g==
f/dplxB+TnWmjrnqWSXHzSKYlHRZy9tdLUewwHxJn3qaRbNjQFYOkTKTo0C4Pj04KtMi7Ro8Iq/gXM1fsmtM/h4ijR9FTU+eDqj7HzSk5MRrtVaKI7SkCtU7IFwUyKpyFe7+k2jR0iSKpduBRjGeSIej3L2rYS4n1lpa2vHWPqU=
f/dplxB+TnWmjrnqWSXHzSKYlHRZy9tdLUewwHxJn3px9GXE+Rl7znpISdLC8YyQdN7MNQFGSZG6znW77BMwgdpYBjyjRcw84GjUk+TIPc0S06RrM/tCzWkWkHn4OMaLAfkRiuGh7zKKCWDY5cBZYDHS5bCuP2w6VOKDXx+ESYI=
f/dplxB+TnWmjrnqWSXHzSKYlHRZy9tdLUewwHxJn3rXbUehnT+qXzbvClXpxNIVVo0NmUxyqLgkwqv73R8FMZdtuPBIsSCnzOMMWUD7Oqvwm28Dp6ricrmJU0wHVF9/aQApRQDCicFYkr2nuXDS9g==
f/dplxB+TnWmjrnqWSXHzSKYlHRZy9tdLUewwHxJn3pLabvBIo93TTWsUfLT5W1/NUraeOEmo4VuCLPlEjU1jdim1Z40QXwZyv1bkop7b0Rzs50zS2rYJBd897US1OroZeKPa/ftgZT9VBN2k9Mx4Q==
5VH7AOvFWJCHCkKwMUUZ6pKuXI5QxJIDdGRnTY9t9QI4Q9jFhxPKnWIUHbO0+fxYYqggCeYvmUg0QikbLY4VWcb6e7pT4IB/i6p7AvV8AcVNqOLHUfLkBoksEHZUSdfFuJERsVNC2TLohNGaNhCuoB1k/B+gAaIhJWWgK9tWmUybUcfcLflZ28lqH7/WLLk2W5YiMENhW8AeIuzov3aD0w==
ctfMh6GD3teqlgo9INnucnezrKad/7J35dy7e0062UUsWX2Ggxiywyci+FYO5qUUT/VY72oVTgr8LChGcHI4aqKsHXmdVNLR6zAj1F/x8F42RlXblrMxelCZhBThP11KTrnwe//73acn+U3F18nzlyAQoJLLGlj8LFCCSXPDxY8rQK5c//lobtoWMDELhAS+
5VH7AOvFWJCHCkKwMUUZ6pKuXI5QxJIDdGRnTY9t9QL3OP131jNaLwvVNn9UvrPVF1bYxLndYK32zTbNpb9dxvgQFh2dyXN6XwZQSyAarmqzgBTmiNilvFjbPNCQk3ye
5VH7AOvFWJCHCkKwMUUZ6pKuXI5QxJIDdGRnTY9t9QL++IKHjVl7Hf4kt2tlshOLRq+jY3wKK36G6ZmmyiDf82FTZn1iSzmoELIUKrhn7b0kgl9V1fSqrk07xJ+7IoeD6Xh+z19T8HOtiuNZ0yxPvQb0FYiNrRZHIWji1/JD+Pfru6oByy0XKx8TdUkJvpV0UdQwzmm8AVEBG/0i/uWHkA==
5VH7AOvFWJCHCkKwMUUZ6pKuXI5QxJIDdGRnTY9t9QJ9N7xZCJbcH/cmdARwCcY62DUrCdrxQYCWB5JxJBFS9dCaLSyM75ERvjXydZy7x4jvh+ss9VUmkPhYlymnxvIH
5VH7AOvFWJCHCkKwMUUZ6pKuXI5QxJIDdGRnTY9t9QKssv3NgI2lQf4Gnn+pgzHWgeJDMWAvB7z53x1g7Ll0lm8MCx/+v+UZJmk5wJZx1WOReMwShx+Z8g3anJaITQKMEWziPfvYz/wiSAO0X2+b0jr0gzIYZ8PLjWEWeRRQp/1x5W+cB3gceodzKr6WCfPf0f4/Ov4ybB1c0eZBBfcOhg==
5VH7AOvFWJCHCkKwMUUZ6pKuXI5QxJIDdGRnTY9t9QJvMhrrWR4tjdgsge4ukQ0A/5vhvsL1HcEkkcWUa0rFnY8DA/2HINe12IqvXwtFzVUOXiFhObURoRSNuOZEGKYqevJVZGvbwhFbN07WF9Id/P6+stCcYEf5f1jUSnTEKMgJ0oYwQV02dlQLjLyhc0o+SRgzdaWMxsccs07wYOCecw==
5VH7AOvFWJCHCkKwMUUZ6pKuXI5QxJIDdGRnTY9t9QKi/ksMuPBjD/FlrSM4mfDyGRq8ddJwfj23Qmyo7joW1ZqhHK6mGlN4AvgAp8440gbpRNXKc8WjIO82CmzGW6JZyvC7URD4SmfdABNxiPJQ+nTWhFutbaDN06k9c+uNtJTw35UqxORw0HDjBWyabDi7F+DeuTHAVDJeqHGpaTOtNw==
f/dplxB+TnWmjrnqWSXHzSKYlHRZy9tdLUewwHxJn3r/IbXwomlGIjkVic101ObON87eL1mhP8cRWpRUa91IZheOf794zCJuR6c5atcISNjdOwlknF29lU6EQIZlwo5oKh7F7rWHgQReWBGzs/qi2w==
5VH7AOvFWJCHCkKwMUUZ6pKuXI5QxJIDdGRnTY9t9QLyYGVIr896ji/s6lhViPxJvIkdPvDHFqUGeLPhlPtitdEjUpJsX3IdGsVCAIpukM8DI/tQv9SrwZ5nFJO+mkw+8cdwcSAZKLUskuLC1SYYqIvm2Ep23xlP3+mD3Oui6UF8hn2YCXDyEIlJooxcl5YTVCtgC4A6xWBw1RzKfDA85w==
ctfMh6GD3teqlgo9INnuckG50PB6ecJ1cw9+ksD8k7zXKSbUiQMPWgFBoVJU61jy2exEKJVxO4n65k61fCu3pxzJx4Eg5Jgh1exFrK5gQ6WWW0T86lTt8vLmAB4YrAlvPYiMcI4C72Ctj7Hb0lG9AA==
f/dplxB+TnWmjrnqWSXHzSKYlHRZy9tdLUewwHxJn3qdasvMG9Vkv6RJVXonC3Z8tBH1PL12tfu4lCi1Utbeg1/wxaZV4a5ONgJgdZJS/L7wDAYlwgOdWPB/grNZ83MFoq2HrRI9nUXu97nBHALQkMqGiO1EU3tDsyWTqKqS7uatNto+lm6AZn/zf91LDU7ZbFEKIy5zD+DrWWnluBrWpA==
5VH7AOvFWJCHCkKwMUUZ6s0qsPgOkOqcN2oU1oNN9eBkOC60GuX7dEjdmAufQO47tY39sjxJdY5DGZMv+hfQeaYhT6MONa41MnZuXF+qXMFPi2BoEZHS8gPeR10v/ExQiY+92B6+BrAQ4Ghczhj2gA==
5VH7AOvFWJCHCkKwMUUZ6s0qsPgOkOqcN2oU1oNN9eAgzcbAykjZQvLQPcJCKVuSeHGxs4QZqYQfeoiRXY4dyZ82V4qCMv+1usHOhXh9QJAk9iPE+YWZWzrvSw82mDZj
5VH7AOvFWJCHCkKwMUUZ6s0qsPgOkOqcN2oU1oNN9eAgzcbAykjZQvLQPcJCKVuSsGzOr2VjkYXbZoit+CNr/CdhtJiC5zx8Vib50KsnGEvK2f3oAS0F3uFwyFdQINReAijZOnALFagWqLCyNey+LK/AmH+DvfZd0PqQlEUFqzU=
5VH7AOvFWJCHCkKwMUUZ6s0qsPgOkOqcN2oU1oNN9eDi8uSwQAZj/0dHSLUi/itPvY5QBMEeAsZ4iJb2Il3fY2MkvOjTRO+DoqLzTLDN2nAKfwQjP4q6WuHmJPI/tYGl
5VH7AOvFWJCHCkKwMUUZ6s0qsPgOkOqcN2oU1oNN9eAsO5MNjpKdJsKQ7PGEGwGuF/IusKFb/KTt50HPVrboWe9ZB7QSxnZuvWmc1n8KnIF4MQ9/eFS44EhHZPDTkmpZXSrII7q1zw9SMn7+NeNb3Fd5KV2qvDYgct8oN/FZF7BKkPC0sEBiw4HF3DvBoOQ/ZRhF/84mCS9WOf3MIKb9gA==
f/dplxB+TnWmjrnqWSXHzSKYlHRZy9tdLUewwHxJn3r33PQArhuaPipeqyn8ChYxv0VcIg5twVp/amMrau//MEFSY2Q5AzEc2gE3evZUvf+TDYRLkOhwdvigBA958X3uy5nA8KxsexX4bI+DF6B/vXs7MSjUV/4X2buHboe4SA8=
f/dplxB+TnWmjrnqWSXHzSKYlHRZy9tdLUewwHxJn3plZn6qUwjw0KQUyJEpJfpYjj/v8KCIJj/FvKtnWiieE040YahkBenN9v6wOuOV9NbHBvEKvVgqvg5ArpBlqOH4rM021ySOSBtmuAEKVBT2jVDM6SfYWNZd+ruF4KTGIhY=
f/dplxB+TnWmjrnqWSXHzSKYlHRZy9tdLUewwHxJn3oJympbzpceagQisklOW0SnM0mGgZkYz1KOspp74hSM39BFCNsgunG28mZ3F2CXHWsRsS/9LA8mZews6DTP8zsbKefbKZO0+mDLMMRRkeYUeA==
