GmcONIA9PFzHw1gpPLLPoqev3ytAH5KO3S/CJpMsylg=
35kyjVfwBJgytCi6KM5Vug==
FNt9orFfFSbPIXNSbXcP2Q==
gE2g7VQeqq0h5MkG44fPUw==
A4ZCFW7RnVRfEnbtNxUDb8VFIQmzxcIFLuiIjRY2q84=
cwgQW1UgxyVfBeSrdwXHsPE1eoSAri+NViVSjTYe4hg=
pYn3RyiaY4vz2unSybTHuw==
mAzeFbkWBGyzJRgEWJSZYQNn44wFaguEUnqkvHVinQw=
NiGef/LGs6v8Em6sqLz1GYGKB0111uCW/TAqgkiW0+w=
2lfNnhNY+w/3xMaMUxJbE0YFT/wvMlSDz8Vrd5FEs18=
ctfMh6GD3teqlgo9INnucmjgrpzVTKE61Jvp210wDXNwfE91Kd25vscU5ScdN5fJCgGZXNDFCK/0Lu68CHVA/yRxGolCiRYI7j8WHoeWF9ehOGtuH8bp6DQLuNEVeG7bey2iNxG8r6djhICmf+DsMw==
f/dplxB+TnWmjrnqWSXHzSKYlHRZy9tdLUewwHxJn3pRQYVEedqFC58LG0J5hanBch/Poa04+ADgxp4uVAZQFwmAU294UxbGyUNyWUVDL1ygZSG/0lxwEQ3MIIJB9YX7h/eXp1Czjlnu2xXL5GkSHr0K0g5EAVgNJScs+X2++eUW4/ZohDI4EdYlWHegI0G0LIpSwuYOa4KUnObK5W9KqA==
5VH7AOvFWJCHCkKwMUUZ6lNKltsgeANxh6v2oNAg7CM2SUZ5dP1NqO2b0ah4R6C1CfRt4aMQQvMkJqsuYwCG4Ik6oIweUYBh4iSLburhm6jYQ/bay4xg9JEUJPuibHk3ZE2p4zCpqGVRnail+jaG7w==
5VH7AOvFWJCHCkKwMUUZ6lNKltsgeANxh6v2oNAg7CP7f69zSUNSyFQ7hNA4cukUK8WekU+5IOeCGNprfBU4li3HZUTSy/ZnRsWuibMtxojL7s2N3GEEHEfkNKIJ63PL
5VH7AOvFWJCHCkKwMUUZ6lNKltsgeANxh6v2oNAg7CP7f69zSUNSyFQ7hNA4cukUPJidHG2GJxdwkn8k6miKzYQW2FXAExv/dCWuObb2npN0VSa9OKGNSixwK8XLNqEwxSYtyv3dtqWPpkZZ52fF3nO3p/kCoLv8XSLDq1JupA4=
5VH7AOvFWJCHCkKwMUUZ6lNKltsgeANxh6v2oNAg7CP7f69zSUNSyFQ7hNA4cukUK8WekU+5IOeCGNprfBU4li3HZUTSy/ZnRsWuibMtxoiN8IbW07ejac5FT+xCVrY/
5VH7AOvFWJCHCkKwMUUZ6lNKltsgeANxh6v2oNAg7CM2jz4s9me/G1P3Iljv0t6mHBIW0ter1StqY3pNwdqQlAPwj4HOI0+lpJv/5pkvfo68TSfkvCcIYdExrz6YO/I/tPV451yu0FwQJNt9WTCWFKBLI9389kqLpg387dETPKOvl7x5tLBh4GqZgoWXSLoAr/Fj+G/7GcL9WQIslI3LyQ==
f/dplxB+TnWmjrnqWSXHzSKYlHRZy9tdLUewwHxJn3pXJnHwVyA2QZh87r/QGs+R0XXIBZeRdYS6OA6HM00g7VdP1HP/R42wHDqQtroFH5kZ7cyQ2fRtnEGmht5jAeuB2bqYY2U9x9zj+nwUmHhWxJ1ndkC0OXudexBDKdwKjyA=
f/dplxB+TnWmjrnqWSXHzSKYlHRZy9tdLUewwHxJn3ojNucElH/r5iteNqLgeJGICKxrOHGhc9+uyOApinZMHe8/8rs8K3cKvHVBpFzrObu/kNsyayx/uuKKKNW62oULjLpHCynEIgnXA1EiLoB+gXgvvRufEbCMoSJPOt4qsCw=
f/dplxB+TnWmjrnqWSXHzSKYlHRZy9tdLUewwHxJn3p4UujdTsTLScSDilN8qv+zz4bUa9xvaK2cLrkywGN0YBQmu0lKJ+/LNK8v9Yhqn6MiEg9wsq8Jy+zf3r0w+mJaCSL9y6JsVlFeaQW/FHQ9KA==
f/dplxB+TnWmjrnqWSXHzSKYlHRZy9tdLUewwHxJn3rUoiZnaq0i3RUmxwiCXCX3EspIcT/0/cLGvF3LkByXjmo2jdhVF8YU6FAaFMq8wv9j/e4S5c+qyE0p0YmOgM+HwqIpqZM2gX1aMkZ6pD0Sb50PbH5HRrWhLI7loNn94g8=
f/dplxB+TnWmjrnqWSXHzSKYlHRZy9tdLUewwHxJn3rYt7XECcxvHWWyVmQ0xblEeB8gRhuvLynmixBkPiN+qiDHVdF2KnDtw8N4v3NiEURHNaEhDXZXul2lSt3NGvRCQg+TXo2cseOdnAwmQqlLHg==
5VH7AOvFWJCHCkKwMUUZ6lNKltsgeANxh6v2oNAg7CMa2z80+jOZ6G6OvoPa6MvjC26pp1wA+xbd0LDJhIzJFoQFNQG0nAliICPMYBJe8PnpaiuZS3ngniqDz8YB3uYH3fqWh2+HAMEER15KnOBTgY/SZg5z4C0wZG0bQ06QEqbMv0zcQu83jgWKvp6CvQuE0JV7r7UgOB3oPCvrbqPBFA==
ctfMh6GD3teqlgo9INnucil730g/+4RkLSdG8T3BzOx/fU7jQ8x14KYG04oOsuXgVOv6MSzvfKWDoQVLBRVcMKhRn1QTfeDKg5PtSX3TKcAl/8uUpkQf3+iZkqVkvKTPOh8yUJ6zWg8y3z3zJri4xcyGxleQgOVdGWFaRE7pxDg=
f/dplxB+TnWmjrnqWSXHzSKYlHRZy9tdLUewwHxJn3qIK8Y6LngkgOU0MHLP4HOZjAir+Z24Eb6GQlmUo4DnzuHWkdHSXjPLOmKXsLWL490Q8nLMllk43CTkAiTZums2o5Nga3uLDgYJBan11KtQJQ==
ctfMh6GD3teqlgo9INnucil730g/+4RkLSdG8T3BzOxID5cNM9jeBdn1wLsh+m3QcV5Y/j18KEPR5iUZtDWgOYIGMmneF3yqrVZoEDTHzXOE81esFO3qgH57zfXDgf0JxtueRB9EZj5OCSmhUdtoarI794/XVbjkhPyeazUaS94herrg6E4PZLjs3MW0cNEr
5VH7AOvFWJCHCkKwMUUZ6lNKltsgeANxh6v2oNAg7CP9MgmqVH6/4KjhOQVzDs+8AHowclVJTbOCrn7FfjgW8mKEYR0Xjz8p9tSdDHGqelcXJ5yag6yjxksWD2Eh9+jpW88Lhno4OF040APgHU1vw5r143VLEQkxv9ykDSmeoEx5pD89E2lvrzpAm6+SwtxO/uj3GL1kWJUJDVshmzj67A==
ctfMh6GD3teqlgo9INnucil730g/+4RkLSdG8T3BzOzIZeEgfChRc8E85s09dxAoymemt953Vm5GRyxkbM1DfaKgqZu/ksYutblNPezk9HlRtvPzu5AaoiX2p2SbR2vGVBS/Xg9m0p2PBophpvkGyTD3uisUQQFeKzuCXr+AK+Q=
5VH7AOvFWJCHCkKwMUUZ6lNKltsgeANxh6v2oNAg7COxk/+XoVDnlBNuCHtW5Hgfjie7D/IEYMDj5KLHcKqPs21BtBcOsPVy5sBLyrWKMR4gglJIVnvlKS2xuK3j6KM/GyQdOTXaAoVltTK1Ys284NYTBGrM5EsMaXV91CxTWQH5Ju5/a9aCfo+bY7OdlCEjrpbvsq2e6JZbCN1TfO0B6A==
5VH7AOvFWJCHCkKwMUUZ6lNKltsgeANxh6v2oNAg7CMo496Q1VMprtikEYVlyznQRGNZQDeXBeVlKnuqDMwPx81gLPXr2FNfU2QJUbtrK+EaK6PBFPaaKIEI3eh1leBv
5VH7AOvFWJCHCkKwMUUZ6lNKltsgeANxh6v2oNAg7CPOYU1xnpG1y34fi6L8pIuG4sqaSLjD4Ln7hwRajaX5CM/Rt33v9pYNdUD0JJx9nnN6ygZUxowRKdS4PwiS/WlaX40ZWeZTooTRdhbZVVXiaCuXLtN4g55IXWGWSB611iZvmeq0D8B79UQQoHq7tb+7stxvvTDu4c+S00MpJZdbIQ==
5VH7AOvFWJCHCkKwMUUZ6lNKltsgeANxh6v2oNAg7CPOYU1xnpG1y34fi6L8pIuG1ht/+HcfOZFb58324Go6OVlBmngBUYVk5u1uYyDt4aSCbHgTIpPNTEvY5fkGhAr9
5VH7AOvFWJCHCkKwMUUZ6lNKltsgeANxh6v2oNAg7CPXVe+Borf9pAhCoSM+Kw1jGdus5vCEVm0UHSZxE9E8kqVTu9if28DQsv5wXK+CP4RnigEv2G4Mc693f4rH1UETgTdY321YYOcy2C06fYrsL7L4wQM/0oLv0cNy2RPVHVLQd1wg0AExKcwo28+B7QbYsZP7nBAONgjGrnrPEu1v3A==
5VH7AOvFWJCHCkKwMUUZ6lNKltsgeANxh6v2oNAg7CM7nlCkdNtYLtXmgMXmWZeqTByVLhxFVCJLb4BleIcpMVXrwTzzdAltyfFXiU/FsUKCt8jB+Eo7nDmf9WD5J65byPyZ3XUtsIRyqaatt979jK1iozt4u7jvXx2Jxlj2iL3PbBm7gwcvuyXlU+mLnmOmiBHSi2k39LlO0+2BxpKN0A==
5VH7AOvFWJCHCkKwMUUZ6lNKltsgeANxh6v2oNAg7CPcYQS6P/zO0qh5OPSLPx4kKJOVevi+eg41xEAnxoXD7BVMuJq35l+lwNF9JNXBoywfw8XNDFmC+kENX4M0hgzSvagqGtHNTQLA8lc4hrtG4g6hgo4boH/2BHnmsP0qBHMaj7gmnMg3iusO+mubfQF2yxgfAJbQvgA/hVeSY+P0uQ==
ctfMh6GD3teqlgo9INnuclK/6WsO+E8QLS1D0Oxlavd50RZ3k+Xb1ZZsafSrFrhf1mF6T2kUN/6yBDw+GYpH+IwCyAmr3CMrJAv1fwBHxvfUUMA8Epe/10xoqWwb+2vPWixMdC4BXucJP7KpFDIiA3Jazj46O53Eyd5CLC0VB84=
5VH7AOvFWJCHCkKwMUUZ6lNKltsgeANxh6v2oNAg7CNOBSwcDZ0eNzaIZnn5FmIW4DIsES+vDR/TboBcO0i+DbIwcSPr81b1YZAUiP5YeNr8Vdl2oBBQ+uujzmB52KuKhUqtUre3O8Io7qt4xKwVyVINTFkF4aWURKxwMfq3Sx3lFZ4GIR7uqRwcMpV04tYpjHLYameGyuz2WEvZGBkVyQ==
ctfMh6GD3teqlgo9INnucrlghHKA9+LaTy1IO6prdwDxurtKpYmtQq6CS2xJbSzAkYrPGtreNBnc0cx9B4sLm02i7pVxg8qw2BIYyo97EiWwxi9gRfp4RYyQxCatic8hoY4qGtMCwGviO6kqQdhCTw==
ctfMh6GD3teqlgo9INnucp2tPM82o+CrshKh2E0q+XM8S5B3afVbP/x6QaVjIz2OfbJTPdAusYP5TT/5mIN2YfXcLUVEQ9bdAZgYRlu0esb+Rm3l3lQoaBAvrO0+WBvECMp6TnqSlnQ7wtGVkM5TyA==
f/dplxB+TnWmjrnqWSXHzSKYlHRZy9tdLUewwHxJn3qf9JaGfxFU9OdyQh9JtaEczHaRnCbm+FUaIDvQfzT10lJigAADRGVFJyZ2g1fmwchQAYig1VvKYAGXZulwAVnFgzZx6swKh/1m2uDgq+dw93kH7k0m5n6gUIXiFUL3wYJ91K/ixq/Jhxje0Ia1000hpR1wWR7KXeNc769nxD7q3w==
5VH7AOvFWJCHCkKwMUUZ6iNJdO6Jkwq6xHU4/HER4ZYYaHBzuXJ40twXCX7WCBbeY65Of8gAz2he7+EkBX/iAjew4dgM2DRDrOo55GZhmz8uMyKhfJ2+eNP79aBztwX9LUkJgnkDaFDehd44SNjoBA==
5VH7AOvFWJCHCkKwMUUZ6iNJdO6Jkwq6xHU4/HER4ZYYaHBzuXJ40twXCX7WCBbeHWCzcShNJvJJzyEtn+42CA6RR8qzHlXFq9do6ghVSNGBOSJhd/b//QDv9oaVHCSM
5VH7AOvFWJCHCkKwMUUZ6iNJdO6Jkwq6xHU4/HER4ZZYy9/XOuB37L7bNvIkOdwvVO1MZJx8BFkE8YK8N2hsr1wIEkVAqwNtRCvmJhp/L/W1VLnAPbeYPNqp5fq76sOwm1Rwq545PYYtNT9wo9clPyZ8v9gEazYqO/qESBJfSEI=
5VH7AOvFWJCHCkKwMUUZ6iNJdO6Jkwq6xHU4/HER4ZZYy9/XOuB37L7bNvIkOdwvzr0aVXpWUWxVL97Ux8Q6w9YmITMeLFm2Jpfg/OCdH8qZ6VY06mjTRIsNEq805Jqq
5VH7AOvFWJCHCkKwMUUZ6iNJdO6Jkwq6xHU4/HER4ZYwtVKOwVZbuvKphN0tHppPT+VWoErBqul1CjH+xWkQRoNabJAm7rdwTeTC/b9FsMfPCFbaY8VIoUOz/SQKUmm3huxzsZYR5/R4BExUKeZaLWE21cS+QYTOO1cxpPqzPlI+Ke5kw74xe1TyRbpk1iIJB95RoKwhpQ5PWKmI/viRQw==
f/dplxB+TnWmjrnqWSXHzSKYlHRZy9tdLUewwHxJn3oKhfbM603sLFvYTWSXr3qxq7Fupbq3Ze+k+rugUDOzszSKTe2N/iZA4WBMARg8Cd4O/K6NOyNLO+yw+tLCYVk9WZCNMc6IE9bYKtnA7OU8GE+w5DdIc6vxIn3uQjhV6Iw=
f/dplxB+TnWmjrnqWSXHzSKYlHRZy9tdLUewwHxJn3qp3B8Kav+FcF/8rFxn+TsjfU1g7rLUWEzjMTPsggGZMxKCEoikG+Yieg1LRdSE8PHLAG3WKd4GkOvrfyvHaYhInylAfu34SII9bnbwYc4X7SU4c7vW35KtZiJqrSeOIgw=
f/dplxB+TnWmjrnqWSXHzSKYlHRZy9tdLUewwHxJn3pUdQOUPH8IFj4xNWYfSABw/pDkTSEGmEydfNcvZVYAnQIjoaFntmqkE7dtZkzzgGs7UR8BsFU6Mixh8PH16OMRjTkWXk6HTlJiF3ReXmIErA==
f/dplxB+TnWmjrnqWSXHzSKYlHRZy9tdLUewwHxJn3o97l9iO2dgMjZPRumAkW+rzbJ/uDBLIIfwSpdF03Uh/EazAspEEneYRPypM7vUYooRE24GTSRpecyBxEihRrZu75I/IzpBdWbErHdyElE/KzqZuHgHK2bfM78TA4u8Dn4=
5VH7AOvFWJCHCkKwMUUZ6iNJdO6Jkwq6xHU4/HER4ZZv4DMQHPbJx6ebOoBn8PpNSU7KRUGa8xAsUEgf4rKAFBNqidabRP9EilAllOYof9jyTU42aeuTVBswMOFi12ESf9vahsP6UbOIe3z8HvUz1qQ0+77sV0zrQkwx6mML9PzJzaxHaZGfMVK3I0N7oNpmD9LASOKqaabp32wKaUUklA==
ctfMh6GD3teqlgo9INnucp2tPM82o+CrshKh2E0q+XNd7UEAlqigC0z7/AFvJ8ppYsusqXVJDdsZqKJhlTuHrDLsIKg+KB86P0zHALPu8LGOj6qVHNM8yZ+PE3ALyiltwNVtI3XmdLmBp6AE7j3EVLTmXNOzLxpEnYjk6KKUKBk=
ctfMh6GD3teqlgo9INnucp2tPM82o+CrshKh2E0q+XN7rACySDUjuTWClUOScGtC3sD2I7VgbZPj6pZyFJC2zVhCsd+UJkiuNSP4uZQ1RJjEve1zp94PNhN4wz3QkY+MiBygiKeXv7IWcte7MflAfg+PxjuFM/qLRb9ZTmUOE02BmID0qLMRJYMD9a4COJQn
ctfMh6GD3teqlgo9INnucp2tPM82o+CrshKh2E0q+XPPKySeSzm7KDmWJr3BmUJmL8TfdHUSeEZZOksrAyyL9qk9hIbyazIyDfOdQAuJa5HWbDwXzzi0JnZ2Si1nCM3+J83z95DNSb+JguwXZomt8OZtRyshWwXjmdbyK25c/Q8=
f/dplxB+TnWmjrnqWSXHzSKYlHRZy9tdLUewwHxJn3rkC4Bxx9aNU6a3sQpYngKwsAr7/LdMx+mAnBvW3uq2vveeMEk2DJJ5W1IG0gBG1/p8hb1WH78DDGPMNClDLomF+zXZKeYGKM1H4Zp+AFUmbg==
ctfMh6GD3teqlgo9INnucuiFWxR0D/u5318duOQ5KUniWwzQuy29gDE2P9c8u4ZWM7zgo8DqfNdv3ifWoL/duaG4QWRpB289rlIlci53HXmr11eCnvOIeFbvmLZVCJbwnhLF6K7Gk6vod+LvzFWCJd4INg92z1AVOjPOUI3zANM8DCc9rI5oTf9N/dpICbYG
ctfMh6GD3teqlgo9INnucuiFWxR0D/u5318duOQ5KUkE/38uQ6qSuR7ysscWZV/uz2pWa+1iVOSwRC1+dWjOGcGDlPv6hHlk7rmmeXcwuXiPz87VkumAwlQg7EM0p/a2RGYUszNvc6gv9ZxpTYYjEHpdEnVweGhuHNv8XqnH18Y=
ctfMh6GD3teqlgo9INnucuiFWxR0D/u5318duOQ5KUnttiwLwG6ktOmxSRuQnYwi18+yfV0iQf/b7LfER8R7OmyYQRZNfQLpbVDs0QRca/JsWhgO/Vd2Fy9J5TTlBCEAYKqBUcHgpOyMKc4TAe/zcNvVeLwkwfAM2UgKHydmPNGE+zvrsrwMbG1A+KYRlcMc
ctfMh6GD3teqlgo9INnucuiFWxR0D/u5318duOQ5KUnIQaR5W8hf44eXtmGufW3wcrGE9Squ1H+rlIThsTiJvSv4MoZyKIrZLkmmxBec3cmfpNMbOJLrGpjij/Bq6hEA2KT8wIu2IeL77BFoCah6wbM4kPNHTfFE6NeISCR8dFo=
ctfMh6GD3teqlgo9INnucuiFWxR0D/u5318duOQ5KUk3GYjz5/irdlN7V3zNFtIUjmLQ4Mb/tbPH55jEddlB4CXzZ//2DoHxf6zz2SvjAFubVfbCq4ck1g0r1jmOAFpPaa1kGuXfm7PGOje2ac77O5ugvsMxF907iSiC9mmmCNKuMa4ud+GZF5thB6xrOSIT
ctfMh6GD3teqlgo9INnucuiFWxR0D/u5318duOQ5KUkzaYL980l2VncxvoTz8eGNrqoyYFqz0sU+oDsYt3ZstPjX9VML42KtdnEz1RfHN65o6Y6FYaKFC4sxiZHZw3hiisytchD9Cnyi/i1oScf30d8147M6fjMpNW8GM3pYJzI=
ctfMh6GD3teqlgo9INnucuiFWxR0D/u5318duOQ5KUkpCax9aQDMI6wPgmNdpeGN3b9ftVI+vD3dWw7L70R0Mu/2BSTksPLpzwtRwQnVG1d1JbQRRhhIcRhjuGimxuHahPRQtP5cpe9DLOwQGwvYnYfg7m2Uu6X9IpBtP2mgCdO/nNL3TztyBVq5My6je5H7
ctfMh6GD3teqlgo9INnucuiFWxR0D/u5318duOQ5KUkjTMgRHh8Gg7uqjvdeWVitFi0MvZOk8OBC20zdX37GNC7ac/Tp8sL9Fy1BJvdu3EmIeDyNZTdSBuB0bxKA3vvpSq4lVN+V3XwCo75U3dWX4pcZQ5YMwLjEwyGLbyl3Uxw=
f/dplxB+TnWmjrnqWSXHzSKYlHRZy9tdLUewwHxJn3oFpTGzc0ea7uIyQIUK5N1eeTQLumNv2pbg2yRM/AJ3RaItBbRuPk+r3EDcHzM8USjcHCDJuUunMHwX4X4zj2zoAdDYX55Ool7CeqUZCcA4ng==
5VH7AOvFWJCHCkKwMUUZ6iNJdO6Jkwq6xHU4/HER4ZZz6fv3m28hnBkhn9O3Tg1sJeX7oJ7pJ300yK/p9Bcpu4xCNdghLM09kiF0rIgZP81VRwL6jtiDtCJEAgX5N578hwMju8qbXooJXXJcUXUzZj8hxNyImeyp9S/791JGmYN53I3ZPp8DtA1nCryHUrt1J+ygMLHcLZsruogZ4B3phw==
5VH7AOvFWJCHCkKwMUUZ6iNJdO6Jkwq6xHU4/HER4ZYHoaAm1A80fdnjQZvs1vVhTu/Aivc7mYmz2Zbb+O0ZcDyXun+cqfjSujXivkhsyoMt8+I5JHWuzehdKFW+m6nM
5VH7AOvFWJCHCkKwMUUZ6iNJdO6Jkwq6xHU4/HER4Za8NdNAPtfsIoaPuKl5rLDOPYNp2+o/YwJRnz+VGcaqRVTNWrEHM5GKXBtEpzlJdY3ehul8WRo/1QwtIFne5z8BmcGsBYt3V+PQTmjlGHx4uv9m5H1ciMpxirT7NFxaywCOntmjUU25niStEEaHzZ63cTL2zxL6zv/0TJdWay4bHQ==
5VH7AOvFWJCHCkKwMUUZ6iNJdO6Jkwq6xHU4/HER4Za8NdNAPtfsIoaPuKl5rLDO9jXbEw/fiFHOg4/S81IV5IvFz2S267jVSY4CMXUbLX4NhfX63B9oX0ent7WUb0bV
5VH7AOvFWJCHCkKwMUUZ6iNJdO6Jkwq6xHU4/HER4ZbFccM2B052quuUM8aDmkiQhxGIAQcSXlBHCuQrQiELBxpqPJxm067qymltJU3bum0hgaR/ws1em6M/vqknmGn2ZdbqWumqjaKCKIvGK2g9o4fziatffl6CC0TJWAHenu1ARwe07Ak1hjjNpt+Wvl7VxGfmcQMMbQgk5LUic32a5w==
5VH7AOvFWJCHCkKwMUUZ6iNJdO6Jkwq6xHU4/HER4ZYjrmn7BPNhbyJzUG5UAJCiDM7M7zBQ99KMml/sJK4r7qMiVM1YqNF+EpMxPtydtFbDV12hWiSoVDmR0MMSYp7hBtaxo7PpW6/uBul3IDAMzC0HtWLmekBZLSp7GL9wiOVsUb8Ifx/AsYbSnD1oJWwZyK8JM4GBvUnHYq8uOG1CxQ==
5VH7AOvFWJCHCkKwMUUZ6iNJdO6Jkwq6xHU4/HER4ZZCRWXcWjnqEnrF7cR5x5Ws6TGcgqtdwdJ55CFc35ZqkeS/2QsQpF9X6R0I/aKL8Z9RxVMgiwGrwpswZ2gN6TMM/yPv1Jo/eQyZ6k5mCnKP88jbWDgNzamOwTqxqwZ38AW/Rn6XWNnK2XxO4TVhlnti4hj2Zzu8kinIWKBI7pERHg==
ctfMh6GD3teqlgo9INnuckwfM1guk/yWEfUnJfA8i8nHbxXHXbCs+qaPWUa2/XGMrh28xjDjqwimZWQzDrPqRy40JSsPYc0hoffRGfZ27yliCTRDZrFFYkQHYWCoJTMJfLuQ2F6CvZSWNonHT+Utb5b36lOwExcMaIlmymxuJTQu7xMJDAljnsekcTGy2Cc6F2eeiy0ugC1I1fIlAz26nA==
5VH7AOvFWJCHCkKwMUUZ6iNJdO6Jkwq6xHU4/HER4ZaQj7xUS3ETdp4C4/pQAsYLDHqHVkzpI41DrS6grSwjHp+jH1l84/hhIHwRs82NLXA9UI1M55aackEweINp3byWjE/vl9wJLY2kGFynjZ/89KWWFKE8wg8Ly+y7UZb4Dg/D3w6g1gzxL888AwhTGZwZN41UHyOszWLrsHZuX3EzOg==
ctfMh6GD3teqlgo9INnuckwfM1guk/yWEfUnJfA8i8mMvSsNoBtw0MvsnYroHojm7w1dWgFuHpXjmQDdjzSpORQy6qalct7HYqXRYimNjLpZe+81aM8H7ElLl1vbrPgr0E8Ej4PPfkGTV3Tj65GCfiApZ4hrlEueaqEi0I83kus=
5VH7AOvFWJCHCkKwMUUZ6iNJdO6Jkwq6xHU4/HER4ZaxIKERNeBAfyJCX22MP8O32G1pWGePMQW88jwUMie/Ey9CAbMfbtuPu1Zh8Th9JcnxaR9SyAMHsAbCDEZVHxyx3ZyS6eu3sZ6FC5PLBvI/0j0g0CEpU2kZojCCBOrPO4cchcFwOFTbIqtG+I7wp8YN4hFMwAk4oaDDtUUg9pCx/Q==
ctfMh6GD3teqlgo9INnuckwfM1guk/yWEfUnJfA8i8lJ5MqxPf59bATQulcsvJBbRNgjT4wDSvts0nGbw1G+yLriyohZ/bCyio3SkAiMo9YsGrN3+EzXe8J7m9vpgjlu6HAXl9oF82dL0dReq+EuUQ==
5VH7AOvFWJCHCkKwMUUZ6iNJdO6Jkwq6xHU4/HER4ZZQZGQFMpfmkyYHGq1DuRqp28HdWKrZ61qWREW76cvQP6GeojIkupMHkTEZ8uV90Qyhw9005kpyFmpIHi97DQdVRFIEKttEleNp5Tpe7/WqcEMlavZGf4OtYBj/99rpyH8D2sMfZ34IhHj80GdDZ9HYdteiQHAXPUFe/i8ojNDXxA==
ctfMh6GD3teqlgo9INnucsup4Gm4Do+WeYTa1LiHKPKcmShoWX0gQeDo7PcCZhidzjqjyk5LNxgiG/GSfQPNzJokUlv0lg3aYFCy30Hnl+7pCQ8jdBONe9yTTbxv6TrLIdHEUfWVgkVpe61zOI1DDg==
f/dplxB+TnWmjrnqWSXHzSKYlHRZy9tdLUewwHxJn3r1TtckbOHUG8oMBGlUH2Km1Rm5g3QpSi+DgtxmUgaO/RPidbNPE8bIt8qGDQ/3/l6ZrnMPlpMIOsC96iC+hGK7lGQSTj9V8yx3kocZo8duDLv1DG7rcEWxz++7WKBgMTl1Y7wjlU3uGuOBV+USbMvgXUGtsLFh4iGIL+0HmO1RbQ==
5VH7AOvFWJCHCkKwMUUZ6vCvJ0Mg9urxtfgT8qqTDx77BaUEiPTWdcJ9nff4Qaf3FW0hO/sIxuJKOzgrpBzSsIhuw3Tfp9UaBrd1UYl00NJbeAJYOTHTY27DiXxkezy35K+7LL4JG4oDZzj3dw6lKQ==
5VH7AOvFWJCHCkKwMUUZ6vCvJ0Mg9urxtfgT8qqTDx77BaUEiPTWdcJ9nff4Qaf3LG9Z4xmB3wfuAV7fGWYwP2flVv+SY9smL/63i5NG55EZxRBbrYBbFEMiBrnjsJ/e
5VH7AOvFWJCHCkKwMUUZ6vCvJ0Mg9urxtfgT8qqTDx6CcHIrON9FYFEM22awF8cTIPuZgy67geufz98zyDSwtABYp5FfFRs4Fi8RJmQK1aC5EGDmQ+2b05uaue2ANiogVD8GU13YJ2l5+BJRLX6Jvho5hBRbIR2qGvqsfL8MTpQ=
5VH7AOvFWJCHCkKwMUUZ6vCvJ0Mg9urxtfgT8qqTDx6CcHIrON9FYFEM22awF8cTLL3DI+7atesew2umbtZoy6yjjSXmEO7LQAkVMqtBxi3heSw4qciFF9D8epC7dYmz
5VH7AOvFWJCHCkKwMUUZ6vCvJ0Mg9urxtfgT8qqTDx6e+YerzHC+e/wJg9j8pj6TzMk6/oRyIDvdTZG3QyFvq5GojqGbDrIgjl4Be5BlzdbbISkF+/Ox5HwEwLlL2g9XVYHG56xAKgZ8VlBcb4vDCZ3BkBTG/iGrlH7btnIh2aXDQMPwpyE5QLmoV4HW9ceC+PZu8PvSnC8AQZBUjpbcpg==
f/dplxB+TnWmjrnqWSXHzSKYlHRZy9tdLUewwHxJn3qM4+RT/refk6cUO6+6gfGAO+u30QCogNlxhjqlkU2GMIj2rnTJfYTXTJfHhmXXL4Rv7MEipmvsYXEKAE6Qem2fwXzZtzzj9gVkfPzyS0gMtCInLWljrtknyx083OQpfP8=
f/dplxB+TnWmjrnqWSXHzSKYlHRZy9tdLUewwHxJn3pYD8jOiUA/ueAX4YlqAbUPjuRwbO9bwfGn+L2v8xe2xrz0HDZ1MWsj6h8jrxXBL6dyPPotwFuCuJsqGSa6IlOMDtTelCRqS9S6HzzbWd332kiSVdP9IstqYSZEzqx5j8k=
f/dplxB+TnWmjrnqWSXHzSKYlHRZy9tdLUewwHxJn3qdrVaEdrgkGJiFeiyBY2471l9Lz7/veprNGMpJcrcU4zUYdiNicMbWcko+BeD7xp1UV1M/JsdYPAarQuPPPRPXhXClkN5zgY+La896K7KtSw==
5VH7AOvFWJCHCkKwMUUZ6vCvJ0Mg9urxtfgT8qqTDx7mYpl+0ve4cTcKmomyCbiiRRzbWwc9qvr3+mqpiWaFHDt/U7h6ZkCBIETNw6v6+Yj+xhBGs5RFMzJgFFAnnCOJ5zJgOkMrZOc4jJW12GAaBbn/vtY7Eizw1HjOkgM6Up6F7iSgOpk/z1OiO+IFBfXmXheIbjK4tQ8YCyiCicafNg==
ctfMh6GD3teqlgo9INnucsup4Gm4Do+WeYTa1LiHKPL/Ccw1iAPG972Mj0IAo9oQLmjkSnqYGaslUKh66gG56KvMDdnFaSkfKy1MzNCp6iQ0oa9Zkg/YsOqzXDCRua7nbOGJOl3FxusI0Vkx6B8KSUhFCIztVChwW2krj01mdlA=
ctfMh6GD3teqlgo9INnucsup4Gm4Do+WeYTa1LiHKPJHnCPQATAqxiYPGV6m80nzHQgZ2mhqhcYwOU5H+FFHow75wyzxGm6D0uQTqpP7hthsAMX6PxepwEvLm+9lnsFmDQnxOX49RdRmMYb3AHZeJk4/KUBjtR8jFn2B93/omuM=
f/dplxB+TnWmjrnqWSXHzSKYlHRZy9tdLUewwHxJn3oA/iEcYez9XMzLlWAbKkeJSPr0PLWJIawc07wE5loazzIJ2LGOpq+RUBXTILyL6lIla0lC5/4DRLY3Qv6+4sobdOwrkC4wkhRNsj0rP3lXGA==
ctfMh6GD3teqlgo9INnucsup4Gm4Do+WeYTa1LiHKPLMQYzn2PT443bA1PNEsyf0yBdRGx0e4cXqW+kkM3dwLaEoJnTq2ptiQgpSi19j3/U3OBCWpe5t7mKb6/3M159/z9D6iL4XP16Ss2oUjqSC2SBJ4thqHXuL8MHlyk5QzugI6LW5S0+r2buvAg+aF6qD
ctfMh6GD3teqlgo9INnucsup4Gm4Do+WeYTa1LiHKPIXE1DVKzCLbq0+NC1T/AHaAz6DdAuzdnwgBhHDw6px65cBBXh4gS5LLjrHwJYtDtPuX3Mrs+y2kxJ6i5Ov3uUNQNnqAfDQ/6m+5kkTQ4bYDCXdEK2JD9CisC6uzUSJAn4=
5VH7AOvFWJCHCkKwMUUZ6vCvJ0Mg9urxtfgT8qqTDx7RaDO3yoAjesqfvc8KpignruWxk1oZ+Zv8RGD+QBLxvaD4sqQC0qIS09HHJmnktWzRF7Kj2LJTbdGAYuK5wTKqc6Twsz0nvNxJhUE+1kcsMT9UUqq9g2mosJloWQh+ijQVMz10/XFjK3KhaekkAJ5ECuahNeL0BfXoNg55mSwwWw==
ctfMh6GD3teqlgo9INnucsup4Gm4Do+WeYTa1LiHKPLL3pjNRKThZ271RBTsVbGocTu09nZ/0qDgFlXRPLV1U/2rbyMZJmw/F+T4NaZPncI72Eurd7YZnNxLgycwCYI5/9aGw7HamRrSwjqgGBXMIXWd0AipnJ499Hg7SAObJQU3rOZ8D6Y7t1H7SuPP6oPZ
ctfMh6GD3teqlgo9INnucsup4Gm4Do+WeYTa1LiHKPJadRK+/Z04DIfLhn+dVU873CZaUkzD3PNWi3HKN88W1wA+RetJs81u0JzuthaiGWQgmrJP2pHY6aSACTnBeg2MrxwxMjLKe46C9Z4ctaAVr4xlZl1ai3eIbp1aZ1ZTs80=
5VH7AOvFWJCHCkKwMUUZ6vCvJ0Mg9urxtfgT8qqTDx7+yl5ha7iZdDU+Cr+IS+yxYc+yLqItRO95d1POoLSMyVv1YKL++WqWjEcPP9/aLORRrZOfHgqa0AQG9Th87PY+
5VH7AOvFWJCHCkKwMUUZ6vCvJ0Mg9urxtfgT8qqTDx52PoloiaIL/eY/ukRc2+alaF1qOTOayKhMkYcBTM2JGulwteCbKtJTSG5RkapbQetPbhUht2oGHQqIGY91vpCdpdu5ECwAPZ6E2NE6bT9YFQAzqNNHzDAx3QoEl5KOCZne9ilFgHNw/TMzNYxrCsvZdRV0vmqCdx4wPz4091Mucg==
5VH7AOvFWJCHCkKwMUUZ6vCvJ0Mg9urxtfgT8qqTDx52PoloiaIL/eY/ukRc2+alG+RvD2balab3pgy7CX1okl5WGALpvhbe2fwZIRI/gl3di2oWXW+m24onrFyNsjAq
5VH7AOvFWJCHCkKwMUUZ6vCvJ0Mg9urxtfgT8qqTDx4elCmRqzqFdPUBqdQLfQrf+sjOqTIvYVe/05D+jyXG/xVvbPREftnJqnDbYk5IMV48RIt+cw2YYUPvOLQGXYxEQ1ugyOGWyTZdfjGjTbBoLStGqlHAa0Vpd3MfM9wI2SZ7lQWhC6c2kvHKZoAcdibFjfTRRJ8Hke3rKpVDAQsTBw==
5VH7AOvFWJCHCkKwMUUZ6vCvJ0Mg9urxtfgT8qqTDx655XsyEDG7CAnQDIZ8/mkKKXYEiw+iXpZSfu9VyMJbpL5t1//geAoFkr5uoKyR7b49PxoxNxAKDQZCzcajo0QsnJbUslLVxNYdVf3rxcEl19OU+CYPiXjteqvHPyzATnWUuxnHn6+l056YGfcKDx15d35IE3EeZZ6suBSgSHdCXQ==
5VH7AOvFWJCHCkKwMUUZ6vCvJ0Mg9urxtfgT8qqTDx62Gs5CEhg12DBVprZbB2F8cVcy5/324gndJt5XyFLRfTC2t1VYwpX+ix7BKoEnaZVYYFLPdwVduBXIgs6lEYk1LaDxUv8kkqYnOuKtBIIKdKfvn+v28WMt/8Z1T28uwrAqXpcbLILzhhYpaB1sKRn96/M+zutPSiVcAnWAB3lqQw==
ctfMh6GD3teqlgo9INnucmXnhZ+c4SJQWjwiGz8SEYQ/tWwSPLVc9HWmd4EZQoWtvd0HcABV24RRqLA+6tQ0oDVZmhPjjnh9/A1K1J6s2GFwfzASEUmub9r2MPkTSm9n5zsRP4tI/wnX99b0LbnH/hU3+WzHFwBxj3Eat+9PmEZ2Y5zI1cYL5U8NQ1eiJiAZiJNXA6mxShuB/kWscoMBUw==
ctfMh6GD3teqlgo9INnucmXnhZ+c4SJQWjwiGz8SEYTrJORVcrcDElYF12Qjh+paW3TOBPBcVu0zwmU2sdQW5s8KCyU1yZ72pn+K9S34KQzivp3G4bBLGcLoAXAqGsIlazvHdXKbuY2ws9iO8i0P4IBtQG3CN3Y+POYXI/8oSJ4=
ctfMh6GD3teqlgo9INnucmXnhZ+c4SJQWjwiGz8SEYQOCHKkDLiOWi8DIc3sUzKxkojq2IvNKOJdMRYI+qkXV41egJwjLzUZ74pqGMDG8GF6FiUCv6a5xDWSV2QcDnyENYI0OejJXBlS0F+dlhLr83wM3e3+sqZirA9E/oU+NB53VmEna3v+RHbT/uATDjGL
ctfMh6GD3teqlgo9INnucmXnhZ+c4SJQWjwiGz8SEYQTK7F+pdbfm59rxSsbo00ZZfAlwferGtQFVCbHyuGLEM5sBGAg139q3SCqENkuGTXHNwYd3xn2AtTU9GnhAmLX4SeWI0+oJZPY+d70mRGYATjaootsHUjPAJz0b5/ix4k=
5VH7AOvFWJCHCkKwMUUZ6vCvJ0Mg9urxtfgT8qqTDx6WSDFeuffBJlNgism5Ju+neWznPxCma/uHxymmwAp/ovm1HR6t6EGabEZ2o2SqE/88HR/gJteaBreG0M0dswGkvhG6gtZltdpSGPJQ4p+FiCiTnVmMxhgK4th9mHT3WjDPojQIC5DKY4G0VwgnkWCt4OJ1cXNGDnXpTmXXStvJpw==
