GmcONIA9PFzHw1gpPLLPoqev3ytAH5KO3S/CJpMsylg=
35kyjVfwBJgytCi6KM5Vug==
FNt9orFfFSbPIXNSbXcP2Q==
gE2g7VQeqq0h5MkG44fPUw==
A4ZCFW7RnVRfEnbtNxUDb8VFIQmzxcIFLuiIjRY2q84=
cwgQW1UgxyVfBeSrdwXHsPE1eoSAri+NViVSjTYe4hg=
pYn3RyiaY4vz2unSybTHuw==
mAzeFbkWBGyzJRgEWJSZYQNn44wFaguEUnqkvHVinQw=
NiGef/LGs6v8Em6sqLz1GYGKB0111uCW/TAqgkiW0+w=
2lfNnhNY+w/3xMaMUxJbE0YFT/wvMlSDz8Vrd5FEs18=
ctfMh6GD3teqlgo9INnucn8apseNYhBsMZguuhlTFWV2R5aDzmt0cT1pGwPEdSfQe//eW93iV5UA4azQqP12Nf3pGfWYguS0dTscKcownBoiYmKDyi8tBYorRnxWGjX8BODikGjOsAHUnXuDl75is9jRjuBYXCCZyAdCvV/Am9I=
f/dplxB+TnWmjrnqWSXHzSKYlHRZy9tdLUewwHxJn3pw7GK7aQtqG3+E0Qp33fu5SKnpYwmvdF3D9c7W6JEWqKvFwndbtKtOjXmRywdVY4m26zzVZSRSNLmmFgG0HXFXc/uUD0kpTStZuaEdPS4nnlnP+javJuGSXNrUWycD8pvLDpGe69dDNRDA6rZ4KrD299S1bBHk/bZ+wmZLNZbQEg==
5VH7AOvFWJCHCkKwMUUZ6vyeYK73aXYyxkxMYNUbzNMD+Dftoirs0sU+fouIIaCO+XcQFJrERZGP6NpVwDl+qt82Z6uvBnIROvL+oPAuzOQlaVUrFzue0jP7uQQTIUtVW0XjKr0rG6EU7DxT1qGl9w==
5VH7AOvFWJCHCkKwMUUZ6vyeYK73aXYyxkxMYNUbzNMD+Dftoirs0sU+fouIIaCOcEJUrj4aVf2UILn1RCV1kgJ15318osiLz2KBkt10b/K3pJkRriObScKEvJMHYUkQ
5VH7AOvFWJCHCkKwMUUZ6vyeYK73aXYyxkxMYNUbzNM1TLNxnm+IjrfOz+bQhc8ZJ3kCgKGpruhZ3HiirRJhJV5VF/2McD/li8+RW7Tz49UNccnEwYgS2HN8UgWo2B2jFVdtLZpPWcFdPiCOwBKKRFNLz+/VBLYKY7+ns31M2f0=
5VH7AOvFWJCHCkKwMUUZ6vyeYK73aXYyxkxMYNUbzNOGWAJ9UZqwqy0N/SO0rx9Y2NFWhIH7QRo45RxfWDagkPHcf0ElXqeEyHaXoISSh39w61+rBE3k/YnOUmz/FSQ4
5VH7AOvFWJCHCkKwMUUZ6vyeYK73aXYyxkxMYNUbzNP2JUQYMVtgKAL9phIz9tmWZhjOSXKLYFTEiiqw7EOfvPpcLVahlBAlY7gSQL1yAqTacsVvP9ffqNiP8ezFiXbc7N7XhKrjkGgFE+cvkUo189WoFijON1xLNtZP/o0hL6KVGWD2TSQVCAsPd1IMfWTqIaCEHcmNHxeAc0rKotRv1Q==
f/dplxB+TnWmjrnqWSXHzSKYlHRZy9tdLUewwHxJn3qcc6bqJd2swGhZVM51TvLOUkGRaVVpavCnz+gEz9hXhwrZXRoX6mwexarLJ/Fa4VcXSMad5ffsYqRChlnzWmeZOfQ4tPu59e4NOPAqIq6zdiWY4MJh2xU1iLKekwfhcq8=
f/dplxB+TnWmjrnqWSXHzSKYlHRZy9tdLUewwHxJn3qJSs2DQKb2+vRgcTnPzlik0nt656tY+4RvS17jXu0KGld7qmawY2mvSzUQlXFnP5Ef/O3KknYfGNmsk8c7xN6lyNjzQ4ljZkRSqmndvt7E5SoQMMERiuziRyVhUf2zAiY=
f/dplxB+TnWmjrnqWSXHzSKYlHRZy9tdLUewwHxJn3qBoaP7ikILVdmrzCD55mQkCALTw5QD/Hqaq7Wir0MoVimnlb1+GijYU41q++YJTo2AfBRSIh7wffhnzh0MB/DeAYcSfZjsCeb6AD4+txzX1g==
f/dplxB+TnWmjrnqWSXHzSKYlHRZy9tdLUewwHxJn3poGRAQnYJ+cJaKF8WCRu6p5khl0SlHJHQiO47WSOOk7ZT/wHLzNnqi34V7uKOu4tHMWqGLyYBQy5itBk1x5AKvAH6Xy34rrQhkh/AXvjcExA==
5VH7AOvFWJCHCkKwMUUZ6vyeYK73aXYyxkxMYNUbzNMjr4eR6/LiPC8+xAYT5D8XaW3Smp5b53mKgyQSD0HftDqf+D0q1QxkK28Oa3KxrKo/o6ddFQXr5/mIAJnj2FNVXq4cOGiXcw+LWpxJTVPKnNtUTnkDRB2Kfa5f2hS+JdJACw+86F5DaR4MKCimmQ4P9ZuruIvuTtYLZxBPde31xA==
5VH7AOvFWJCHCkKwMUUZ6vyeYK73aXYyxkxMYNUbzNP6z1yUqBHCZUVrr7ChRjCeXogPgCvUuc0SdNE77eStH92LD1ISsXfd7vccl/8q+AExVH/xW+yR7Ak4Q1h9qneH
5VH7AOvFWJCHCkKwMUUZ6vyeYK73aXYyxkxMYNUbzNMLP89g0D4nOO13awlOq+rISKHraUZQn4fXZVl/QLS0N5x9eyuenZA2Lch+Ygwpy56vZnkqeqlndO+w/h1fJy7QujFhEx/EbPkHPR2wCpO/Dqz788Ks6yn+Pl1v+hnoB8yekJR2MIpQ38pD+csEG3BFXPt2ctBulguAh9nImd4Ylg==
5VH7AOvFWJCHCkKwMUUZ6vyeYK73aXYyxkxMYNUbzNMLP89g0D4nOO13awlOq+rIPJdbYEvhX5BOUgaxzVKt2Miq/c2lgvwTOtPHLiF+Vk0547JC/eq0Xq5OkMdAP4N9
5VH7AOvFWJCHCkKwMUUZ6vyeYK73aXYyxkxMYNUbzNPBqH3PfIgcu4GYK/iM3WQzydINSUG6Oo709+V837vW1/oeE5KfoGPgKfRHcLdRQRo4oGuwigchj84c7fznNHgVQ+stVLIscQVqBVZDRIGxLe7Zb2qXLzWl6/qxYtuOxr3Abrw9JjpLnNSZ9hb46ziw+pb4xXr9fRRMDihUAnde6A==
5VH7AOvFWJCHCkKwMUUZ6vyeYK73aXYyxkxMYNUbzNMPadeB2C++s31Sbl+JJe0SCd+hWdtgGz81wod9qxUWKbJFVQdGydjPftpBAqne2AE8/0fdM51yQetDdF3Mb0qJYbLqEtbIkGejL5B+uieKDy9SAxur7uA+8wvYqF7A3S3TXS3XuAqpFz3WZI/9iGVnMM+1ubpZoBmkSIGZkYKYUg==
5VH7AOvFWJCHCkKwMUUZ6vyeYK73aXYyxkxMYNUbzNPKxxpU7q2Kiv933PJMQcsqze5c+oqW3TRjAGJdKF0Og6xtoGq+K0/Lkn7ePYTNWxxwx3UEWCLhP/U0+LMLUoYv3RC2OZphqImZ04ff5jnburkc3kEea3ul+XkMOhjxakLGwtiEuR351VKwMUp6BSovZwN/E6jveiQsQj6NrYAFnQ==
5VH7AOvFWJCHCkKwMUUZ6vyeYK73aXYyxkxMYNUbzNMBzPN1b56lUQ9+N6k/3w3GoNnyUJT1ex8ctEAtR/ybRvME5JJtZ8fkDz+9CNAKdMGh7qTVju0JQBtr8eOfFzRBMIHqR5vLQ4k2cHx05iVXwI+lbeTK0NjpxJ53cYItr7Bs49ALBIz0XDDqyOuBsgQ/A7lezj1aLxYMprKrI2aelQ==
ctfMh6GD3teqlgo9INnucpVHuYriP7tm7dPvcR9AUEeMfgeif2EUKiuIFwia+hQNEpXOdOAHCONLEi2saJEAQlwUo1HtwLDGvBBTleSV5LSCkPpRthTyC8qgRtRCL7LiLakNDMqXQr4lIhXVLjYAFw==
5VH7AOvFWJCHCkKwMUUZ6vyeYK73aXYyxkxMYNUbzNNSnKntttURud9JyNzrcr/vnbeq3J03b3CxKTXvwhNNHQbZWtosRte/QG8eU2WGlrsw/cZcea7BeC/RxL6FUc6oLkKtdfaW0A14+BWlvGvXoIpI3H8cmIo2R54zIgRMXsN9rFJqESaTeIN9ImWF0sPiktF1uuRvg2cPYnUwir3gbg==
ctfMh6GD3teqlgo9INnucpVHuYriP7tm7dPvcR9AUEeIUzwmABVIphtAAwc00//+dg510OrMxJmJspeaumRyUw3Y2TcDb85rD5OgG/yYCw1crwj3B9FeyOMZj6afCDh5o7H0BHj2fOgHvLYjK9A05A==
f/dplxB+TnWmjrnqWSXHzSKYlHRZy9tdLUewwHxJn3r8rITDclXOsEZSeOlaF0gFLd3zQIXgown/soDpFfdC8BnAh+ypAIBBxGloaTH5twTel91tuvfXM+3ObLWieB/K+MxJVg7qvgcFDNaAXP9uyQ==
5VH7AOvFWJCHCkKwMUUZ6vyeYK73aXYyxkxMYNUbzNMLoDnsMdsrak4i/8Yco3T7xjK3b9OZrjst0NZnv2w/M2ze4TOIUOZmg2NEC2dVaBNwOArlVvHWWQf+Mmi05VNe7CrRAt7m91iD4IFDOIoCLtH37ePFFHoCavSPNwrEftN/vqZJsF880muMMbg9GeIIUlHB8Ug/tvmzJpJyvU1Cpw==
f/dplxB+TnWmjrnqWSXHzSKYlHRZy9tdLUewwHxJn3oXyISuu1cbI9ITvi5yZ2J/vLf2iReN5e4nNy+wYLxgpEIJhaDXzbvrK3KEy4rOC/tcWZJeFDejaHkomroEseZb82RxMPw+GCf+M94fvY7jAaeMTuuy8gdVlnTL+pzjkg0=
ctfMh6GD3teqlgo9INnuciv5gG1fpdYx41oDRBhJegaixt7GmWqX2CSkyykRuLtnwSXwZ3+UtgB8J+RXKa2HdibohIdSTk18us6LMWJ34wa2dG7LrcYsOLT+q2H4EvVlxlzxibjKZ0H7vfD2DVicvQ==
f/dplxB+TnWmjrnqWSXHzSKYlHRZy9tdLUewwHxJn3qJG19VpVOQ/xdHyt80P4vwQMkuRWF4xu+IWZJDfHe5kf1JY+YNQISWh9bbwe7Gh2ah3kljHLy3FOnSo2loczuxhUdmzY9rsxAKU0qRc7b2S4mXQAeQfB2YF2JhFuV8bQoYI12S8Q2pVJQIWV/6Mye//Ixul0OVSIIX3HBts5u1UQ==
5VH7AOvFWJCHCkKwMUUZ6oGTi+hC7gopXrvyVDID7JE0vbKKXB/mjz/7KOeemWYjT0E1eqykrIhKUj/Y6OEjZJyjULz4bpelvZahIfJml/FbtONXdS0/5iRAoXLGwWvYg7uEhkFmzHtDH/0TXk0fpw==
5VH7AOvFWJCHCkKwMUUZ6oGTi+hC7gopXrvyVDID7JE0vbKKXB/mjz/7KOeemWYjiD4sJHvW6W1Oiwi/y0Q3b0P2BG+0rIbvtV0VMml/S8p6kSZPajGZzMSWS37Sz/7S
5VH7AOvFWJCHCkKwMUUZ6oGTi+hC7gopXrvyVDID7JFMU6XeZihL/vlKI3B211pwnWMuwFnlx6d5cqFrfwFIGiro3DCkvm9eUey8dkPd54+PUFyJ4WcmitIvAhIyvgqY+QT2upmZKXKjDoh2qxZ338K4wLVZY0y4mwHjD+5Bmq4=
5VH7AOvFWJCHCkKwMUUZ6oGTi+hC7gopXrvyVDID7JFMU6XeZihL/vlKI3B211pwfL7tHCYBcxO6XooaJKC0u3d1vRl/ftGWw2zz7E4h8LNSkLnWEWGlJT7EcaueEaB9
5VH7AOvFWJCHCkKwMUUZ6oGTi+hC7gopXrvyVDID7JF2pmIlLW0EmIH6pszM5tw4L7PfjsUi+ioll/YL1Dxmy8Gsu/3kkA9pRwLZ6t5c8cPg0gGbUeySz5QzVGV335RuiykMbItGxgektz4u8iCO175zQVaMjcyMXkLmu/nRizU8RNzvVS3TSUQ3cgciTEYFZ/DmjroMoYngZIkYtoxu3g==
f/dplxB+TnWmjrnqWSXHzSKYlHRZy9tdLUewwHxJn3o2WD6YgPEm5EEwQRtaDt3aJ/rNUQ9HcnemC9/Gyr2+dxTr8dvQeJqDkoNybUAbvoJJcGLylG+Uy8+M1/dVAlK2ZOMENHdv0ailzn2VrDRwqQ/fvBANIvONujHLH0J3osU=
f/dplxB+TnWmjrnqWSXHzSKYlHRZy9tdLUewwHxJn3raAfL8Xi3AEWPYbPZphNlDstm7rWr29QWv8JD2C6de7aAqDq5yELNVJL9v15yJhZSTtSdXh1Wi2U/rXbbhs6iz0IvqCzv/2cg0I7KCD1YFxWc9mMJcYYJUH45Kl2+OGf0=
f/dplxB+TnWmjrnqWSXHzSKYlHRZy9tdLUewwHxJn3p7eUQqk1HoDoRESiBqHqV5o17Byuvqip2pALy6x2o9rzPi5J823a838TMhrO04IO5UrFSfmaQse+LbuuJGTp5IXNm6BosbHyj9oucxWMPHDQ==
5VH7AOvFWJCHCkKwMUUZ6oGTi+hC7gopXrvyVDID7JEbS7m8hBZunXT5ElL4WKx8Z8D8MOBUvyvz40i6g/qchsEHXdXI9iQ0PWb/xy0xocR1DZ2A854l8Tmk8Ym/3q+cp+Gdl9zy7vUR5cywilSp113C/6xyL7uD/XPeqebkcNJSpbYh8tWedvaAf5Y+KxklvxlbaSh5pGuXe+G+/dt/Vg==
ctfMh6GD3teqlgo9INnucnRZvtP+iTVCIUpU6ctIZKnqEEBpfRefYpAyKY98e599bUdg96/0dIQxXEiLg8EjEHmJPBDjvLcxKmcZQQ/wUDPi/pYpQkXuM6MT4G7Qyd0odLEnOc36QYBL6qwzTFrF7958Jj3dewypMVEHMHKUW4M=
ctfMh6GD3teqlgo9INnucnRZvtP+iTVCIUpU6ctIZKneOJcTl2ePWVLB1gpVmlzk+goPq/XKc9HZvbcYlXmi67G/HtMR81mwA0nZ3ekgi9PtfZG/Azw9iZvjd2E4IJEKIw9ubkVUInEtxpNkP4XIV8UJgfzEQH2udtibTzNGCg1iXS/S/CkoROra/PgKGr2X
f/dplxB+TnWmjrnqWSXHzSKYlHRZy9tdLUewwHxJn3odOX+F2QxtF3cxICUJKwKELjuXkMsW178nmL3kzG3REwUOe6cD2UrcSY9Vh2XZ2N4GLDcrIFbdbqi9r/ByyuwhQO9VvDWvGDltv2O/tWPYJA==
ctfMh6GD3teqlgo9INnucnRZvtP+iTVCIUpU6ctIZKnT//9+yzYwc3Fhbb/BNkO+O607t2rGWLic6mC2AQRkcx9OUoGuVXUjFh/2L1MGfVmcusVBEjGHGL35Q9AhE+7udkUGaqlO02b24u/0UJwz9LBQavQrffJugCe0wBAXZmk=
5VH7AOvFWJCHCkKwMUUZ6oGTi+hC7gopXrvyVDID7JHqXP+leFeMibMqVxDBVHz+d1cjJ9GH7i75VuvANGMoWe6TAwp0pdRWtfnab0txeHk9EaUth0xMgt06MDBhWEcHhSL7lANxU40htFOkc1qsGwddcYm24p4CdGk9EcZet+D47WKVCStXRz8+saH2CWCkfsnVow0S0QNwSkmulyOdnw==
5VH7AOvFWJCHCkKwMUUZ6oGTi+hC7gopXrvyVDID7JFYrm+euoc4QTopQO1YEK9A6vTt8q45l/ESD4ivpNt47N+ch8XoPP6sdeVdwVuMOxcuMQlZbIl4K2yQXnSDDTO77tWMOGqq/5zRavZpmMIwS6Kxg3BqO6YNv0cmvozS+XFvfJFLijUl6eO/8rhWFRW1p6KcLfKrdqYkzyCt2d2MLg==
5VH7AOvFWJCHCkKwMUUZ6oGTi+hC7gopXrvyVDID7JHhky6M4vmud++hR3m0/C1xvuN5E+EXBsSGx9lZz9VxEBM1hd1PAfDXlVWXy6ff8/q+Bgm280MNV5kaJl7BtmGa
5VH7AOvFWJCHCkKwMUUZ6oGTi+hC7gopXrvyVDID7JFSr6RabShxx2DXgucQHGE4KWcteahVXsW+MydLGUqPwkZ9+OCpUchoS3LBezFMPILYyAmv/35RnBkAHt7WLkoiaohF3EqTt+V2l5irX7zncZ4y14ptDHJ5xrbYNpmU+kZmt6cDnLy3jqfaYeqOTRm44EmBNwEdfA5HGa4M/HuC6w==
5VH7AOvFWJCHCkKwMUUZ6oGTi+hC7gopXrvyVDID7JFhppbnYfsKEK4cBGJ5uhnwlYSSJkzqnfOFeFBJMrhHQiwjmXjpbMR3qtnP0faclIxZ0fTF8CRNLadvb/J6h7g0
5VH7AOvFWJCHCkKwMUUZ6oGTi+hC7gopXrvyVDID7JHn285cTyllyfesMs4SD+I+AvPqTrArjPk6JYsAneNi/n04VbTz/QWjRvuLhfhK3wB3lWZc1WP7kmy9XktHxXx9aC5cZIssNeb6tlCCR/vp1xl03ckAmWd6XRv7tqiW2oczFvxXR4H4kvCqXHXhCeMOJoJwfO3EiRstB5cAoDXqEg==
5VH7AOvFWJCHCkKwMUUZ6oGTi+hC7gopXrvyVDID7JFlectb3uWD4AgrdOP+OjfmEu+6IxJfYQX8T0JXV7gCcEO7vJb2vwxRVkMfwlzHt5Mojq7plnMCKJitf5YQkBhhGz1u/Di5gDnYPpWqrIFnmVKY3e9iDrJDgUfOOisFJ7u2jT8XOR1OJA+8yBct4gIUVaVzBjEJ7BnYie2AgyiTGA==
5VH7AOvFWJCHCkKwMUUZ6oGTi+hC7gopXrvyVDID7JF/4SlVs2vdq78dowxB+d2qj+0KqvQVu2k/qkQu7sXpdbPpBKVq2qgEBFbRBvg3ftsb4lESroP3pMZeLuFkyt7MjKjkkI6HOXUxvKcAtPUceuY7k5ktLWLzxRLG4Yesin6XD2woZ+zpoFMmj4kc/XBq/SbXua4BSXrtT1wS8zwOiQ==
5VH7AOvFWJCHCkKwMUUZ6oGTi+hC7gopXrvyVDID7JEn4GeNTowlVVDBDbxnh8zXxt6sxjKe1DYvI08IdHofJJnQKSYgJJ6Oacjpj31AQxpJFZeXaGaiCbuEhdhZ6YmPUG20kZ74DzJ172MPtnBzu6lb4n+bO25So2xaBZZSajM7+LRzTLkkjzR1DE+duU5KKUn956NWgny+2sl/DVAK+w==
5VH7AOvFWJCHCkKwMUUZ6oGTi+hC7gopXrvyVDID7JGBMF3rD15iJP6xC5Wqqx8rp6cGBZbLGpOTxySuGTOmlpv5b4AVKixj0YrnUBTlV4ZMeul4SICjWbRxFs2nHl/VYSVWSY8aHAsX8QhdcemMBDervXou3bDCa9z1mWPPaZOlP7L6Vw66LQ9LPhAHHanRWGiHBRmOcGQGIWRuNFRx4g==
