GmcONIA9PFzHw1gpPLLPoqev3ytAH5KO3S/CJpMsylg=
35kyjVfwBJgytCi6KM5Vug==
FNt9orFfFSbPIXNSbXcP2Q==
gE2g7VQeqq0h5MkG44fPUw==
A4ZCFW7RnVRfEnbtNxUDb8VFIQmzxcIFLuiIjRY2q84=
cwgQW1UgxyVfBeSrdwXHsPE1eoSAri+NViVSjTYe4hg=
pYn3RyiaY4vz2unSybTHuw==
mAzeFbkWBGyzJRgEWJSZYQNn44wFaguEUnqkvHVinQw=
NiGef/LGs6v8Em6sqLz1GYGKB0111uCW/TAqgkiW0+w=
2lfNnhNY+w/3xMaMUxJbE0YFT/wvMlSDz8Vrd5FEs18=
ctfMh6GD3teqlgo9INnucs5YsqslDd8xJMZNCOMx/iXStUgfctyTIl+qJoktFx0TEmheFPa01BOF7ELJc8hN8hN7M/oJrjZSJELCx2l9fkZ8muraO7gHAfqETw0sp1EeS93qKiV8QIpxa8ylgOG3eA==
f/dplxB+TnWmjrnqWSXHzSKYlHRZy9tdLUewwHxJn3qEjnZEbtI9aP8OYLaBf7MYG1vtX82bKDpSWjTCmQsLcGoSESssSW4AZ6l7rGgL53ApNy1ME4BxTUO2h/WHHk4QvrMgSbhsiDXySg5IG05s9LCYoBWKBk4taOMcF4f+vknUzliQxYpeRQeys4cBF2fELApNReQAUkstd47LIDJZFw==
5VH7AOvFWJCHCkKwMUUZ6np1KfYRUY3ozDWxeTG7S11hMISHjavsbR9/ozzCIL6JnIRoBI4TvPxYhozmyBPKjFbTjnv+znUWxha/cHkcH1PWUmfXHtAOC2WnwAaelGOOkr/61B3h00m4YPeFxPhp+Q==
5VH7AOvFWJCHCkKwMUUZ6np1KfYRUY3ozDWxeTG7S11aAJ5Rw7mkzyRQHFFGFP0HANZzebiluQ7EZsoS+xtPGan6K8qwOSDTOcpB1EyKx4p/SyGNaGoMJPc2u9A3KMqB
5VH7AOvFWJCHCkKwMUUZ6np1KfYRUY3ozDWxeTG7S121CWGhsB80BJqSXRsP0S2ZVYp6+mskilmUq4/zGnXHGDjHcKQ/uduBgICcMIHnCJY4UTLCZQoYlg7CklQVR+DpVUfP6AoNcW+vg4BmE8yZ5lOzpYr5HrIzcJrZ6ccZD10=
5VH7AOvFWJCHCkKwMUUZ6np1KfYRUY3ozDWxeTG7S12ece7TmBhZ6WeC8vp1DUMyleyxuM1SonRaUj8RENAanJNBTqy/vgOGlYGYBl6l5G0slRqVTu5a1RMyOzFcPFeJ
5VH7AOvFWJCHCkKwMUUZ6np1KfYRUY3ozDWxeTG7S11ciDfSkYqLPGTnMJxOHEphxNCdRrL3yQanpDkMrIG2jdYYSwszDq/2ifVPeU/tsRpbwmCistRXyQ9+14IdPgzdfnGAmt1tW4FOcd13mVnIfLBXa4edL9rUWCFVGJnYohl6deBzprWMXUdStRCFOsgNtw1ZdG7Whrn06d/YWfFlxQ==
f/dplxB+TnWmjrnqWSXHzSKYlHRZy9tdLUewwHxJn3qvalJZ9/EMdYLrkaujcvZPLITgo4jl+vKI/xaIxs3r7R44BOvjyN8la6jXNKNfTlHKaspNRMGxRNSoVp5LmfIYzneI/1mVjHVZs+11Nr8ZDPo3tAdDyen25j01ZgAZcDg=
f/dplxB+TnWmjrnqWSXHzSKYlHRZy9tdLUewwHxJn3oFQ8vuEIrhBtflWkD1CKn7xBOZ/Y/osoVrUFfaB4Cuxn/kFJnTSiUXNaVBB4gqeJXi6p0l6WBvWooAMHsMfdiC/OViTSUg9hszVZqQxUhtnfMNkxrS+Dgml4Kj8O0OCg0=
f/dplxB+TnWmjrnqWSXHzSKYlHRZy9tdLUewwHxJn3rXba+i9fAOnxXNWpNU/MofPBZLtq+MHsZ4wnFTB7kS/ZzJvpSUXcaN6Kj1X28ED7PEYjB34s0dBMN6BAWkfqsrdyYRdfUZtoPLShPElGV78w==
f/dplxB+TnWmjrnqWSXHzSKYlHRZy9tdLUewwHxJn3oTr/Rp4bicHwaPPuX+rfSC7KXIXD8DXkQk/xTSTA0a/EX77Pde3+Anxn3e6D0gUWmN+mOvS4p2Z9tqqpn+gsOVprcF8TTrjv7PPO2S0pw8f3Vb71T4p801w4cS1VNK4Ts=
f/dplxB+TnWmjrnqWSXHzSKYlHRZy9tdLUewwHxJn3rDzp0ZABNj3FT7o6Gtql+bUd2ixRrgi8BHzmxfboEqSfyCl5bq6tZSaxWAVdJybmDbV6d6l4ZE43Efc0S2SgOwi3I1M4ANxeKTm4SGgHZN+Q==
f/dplxB+TnWmjrnqWSXHzSKYlHRZy9tdLUewwHxJn3rgtkP/Vr9chu6hX2QH4XQTyLJzGH2bIfM81UsF+qjjGNQXsUbBUQ9xP5nzBhl6SMXfvuHhPcYqwPftpuwHYshPlMTfuC7JNOvmhsaKEKTAnR9Gikg9i1mPHLMJhP085nE=
f/dplxB+TnWmjrnqWSXHzSKYlHRZy9tdLUewwHxJn3qF/3oKU21jzqy/ylB0SuYee0/7TcXlnJ1JF8Ka7/GRHGADjAhpUS4fGWNOI3e7wX8bCJVp0HmTeBK+sq5YJfHWTmXoqFMxO0PWC+fPgr4wGw==
f/dplxB+TnWmjrnqWSXHzSKYlHRZy9tdLUewwHxJn3od5t1uOXOdIfZDtXmmA/DS8vg923W6Hvg/g2y6Va2RK09e0UneEnWKknshLayYYOd4vbdSY4qJk+vE9ezNCmcM60p4Jgoa/XCrCTyGlpuNxaJDlfUnNfgacFdnPcuSnxY=
f/dplxB+TnWmjrnqWSXHzSKYlHRZy9tdLUewwHxJn3r97I95h2Ej73cpK2lWRRkXqKv0bfgcrMyUxlmF4MJ/z3zYSZI8ecI0/OYvdijlyizN2FrrcdRpjex40U92tDEZkpshQeazkdNfKQZSLu8E8Q==
f/dplxB+TnWmjrnqWSXHzSKYlHRZy9tdLUewwHxJn3oV0GCDS6Vbi03RCoov4QuogyMzPvpM3Dapf7r/zGl3+DxW7pG8N/KNL9zNIXYHQLsbF/m2yBLFfBRdUd5YzKxnKukvkZmhSTDOLZcJ721AC3SPkOx9Zn5UjqO55PdzV8o=
f/dplxB+TnWmjrnqWSXHzSKYlHRZy9tdLUewwHxJn3qyxDmmCEq/xgpnV1N3yf1aNUbzyUbiKngTQXDT+FtTIceN+UI6B+IVxfFyu8eWOtq7IpIV811p1j5wwoGEFfIEWsCzPxM0DNyW3HWllM0cs4qR7rfLiyuP5RWIEjvUtHw=
f/dplxB+TnWmjrnqWSXHzSKYlHRZy9tdLUewwHxJn3pzAvJUXvS84vWniLZpyb0XGoKP5PrbrhdN+AH58+1FJU+ZSNB6UQQpDDQc063ip17jNgUbYvf6kSM0PdeN1QyDZGTmg6z45KuGsKBCAg/1Y+kA8CSHe5PDkVRzJKBNqec=
f/dplxB+TnWmjrnqWSXHzSKYlHRZy9tdLUewwHxJn3r7J7oU61agjvBrcqBqRudG9HxcJHwGSl+hq6X4kpUSGQvMcsXFCxebvG4NBvI+y26B3U4yMA/twEXPzVYhUpdugXan3nxXhNG8dHxzv/05mg5Gn2R2Y6Ijx1fQuR6eIbE=
f/dplxB+TnWmjrnqWSXHzSKYlHRZy9tdLUewwHxJn3pIcB2zNbnYRTLVJ/ILZi2I8pyfus2Or4ExUP0VnZuz+JKie7opzEmQs4bTR5plt9da15SJOs7tkKZ8iX2RfzY6+TxP+lqtv1ctio92/c03Q3RvUdYPlYpfmY0LwRqb5a0=
f/dplxB+TnWmjrnqWSXHzSKYlHRZy9tdLUewwHxJn3oaBurRZALqvuaWkbNLytaBeJ0mFILmUmNNdV2ssrazC7trQgKAx5gI8exjd3tUXLoBg1etvwQ77OeD4rkm9nfhBf1jzOLhMIjhjgmZx1urFw==
5VH7AOvFWJCHCkKwMUUZ6np1KfYRUY3ozDWxeTG7S11+g+7YN49Zijl+kSO0hfKG7FBIHnwgNGVuj/S3Ef4/dSJ4m8Ii5fX5kd6jwBGqU7GYsU34o0biRM1oxr6jiJFs
5VH7AOvFWJCHCkKwMUUZ6np1KfYRUY3ozDWxeTG7S128IaszdiABYFkc2S9NRmdrOCruoKbwzwdyBGz7fcwydKf4g+2FPzubkT17Y0BNCgIWGNz0ap9ht1sK3gCZdjMjPvf7Eje2nqJN4vVh2a6KJjA+GVvwoR9HeGdy8hkO6ZnLIWO0BufiYORsHrg26lc78oxRY6TT/Vuq2avtm0Iw4A==
5VH7AOvFWJCHCkKwMUUZ6np1KfYRUY3ozDWxeTG7S128IaszdiABYFkc2S9NRmdrZPIbZsSc6dk2B+YYBF4DLAXi9/1daVBZ1st/80zxpMmulKnu7cUI8E3Q57Do+gZm
5VH7AOvFWJCHCkKwMUUZ6np1KfYRUY3ozDWxeTG7S128IaszdiABYFkc2S9NRmdrOCruoKbwzwdyBGz7fcwydKf4g+2FPzubkT17Y0BNCgIWGNz0ap9ht1sK3gCZdjMjPvf7Eje2nqJN4vVh2a6KJjA+GVvwoR9HeGdy8hkO6ZnLIWO0BufiYORsHrg26lc78oxRY6TT/Vuq2avtm0Iw4A==
