GmcONIA9PFzHw1gpPLLPoqev3ytAH5KO3S/CJpMsylg=
35kyjVfwBJgytCi6KM5Vug==
FNt9orFfFSbPIXNSbXcP2Q==
gE2g7VQeqq0h5MkG44fPUw==
ExPkcbYFeYs2lHSAMsaJBjIbQm7FWZ8YCSkKK1z2aPs=
cwgQW1UgxyVfBeSrdwXHsPE1eoSAri+NViVSjTYe4hg=
pYn3RyiaY4vz2unSybTHuw==
mAzeFbkWBGyzJRgEWJSZYQNn44wFaguEUnqkvHVinQw=
NiGef/LGs6v8Em6sqLz1GYGKB0111uCW/TAqgkiW0+w=
2lfNnhNY+w/3xMaMUxJbE0YFT/wvMlSDz8Vrd5FEs18=
ctfMh6GD3teqlgo9INnucu5pwrG+UzH/r7u2tc1V7+C1DyX8+Xsa7Ee7roNkVq4RNeMcA6QFBwpbMQBp+TIwmHF2+JUx6VO3IsST6zbHRGxkseDzWfmMhhH9e0yvCvRiMpQy/v8YEVkL9m6lyk1LQneId8lgK53r1TSDq8lrB8n8W4foqeQzs1HqFykD/1kw
f/dplxB+TnWmjrnqWSXHzSKYlHRZy9tdLUewwHxJn3re/vfu0KAqycV8GIim/cGmjZF2aTFy0PfuAF+/fJ6M9LS+rwFcioRwkXV0HnVj8V+CpxEC/Q4kQlx2FzEV7GEVPEUUCq0VmvgM9aIkAJZXJNz3fFP98JXjgqAFmwgMR+JOplmWNiAOQbx6K1kBnUg2wuISmwzqzGdIwv+KphFapQ==
5VH7AOvFWJCHCkKwMUUZ6np1KfYRUY3ozDWxeTG7S12y+XIjDqJus3e46FD7J8IDEQMsx2b/6eDAHecvl5Wx6Jw6dCqSkEKHU9hZ/uWHWkqOaxNhC3TLtn0G1d6USlcbzRXNQr6oJrP/ZsxrfMRWkg==
5VH7AOvFWJCHCkKwMUUZ6np1KfYRUY3ozDWxeTG7S12y+XIjDqJus3e46FD7J8IDkYha6yYu638ejnb+3K+26FtVoCCU2mWQvE097MrDqNe98nM36J5yPdZmMAn/0ln6
5VH7AOvFWJCHCkKwMUUZ6np1KfYRUY3ozDWxeTG7S13EwJlzoJblcia1XS7bjlfMFDuw11GNUjPXmt1PAdRt/QrVFa+BUkGKCuIhOqObv2lx3YLWwmQ7Nq2BsoruhpO/mOGpGtDGAtEOo38N8ovptlrps3vNE7NxkLSA41JRNCM=
5VH7AOvFWJCHCkKwMUUZ6np1KfYRUY3ozDWxeTG7S13EwJlzoJblcia1XS7bjlfMDUhHCQA/O7IVXPsqfE6EPpoTovDOllVICg04ZiMhBMDGmglYg+QoQYm145skw98K
5VH7AOvFWJCHCkKwMUUZ6np1KfYRUY3ozDWxeTG7S13Q//pNJHi5CZZRshp0nazDyvz0utZNunA4FOCs9SH/etqutCQdUldR8fq4Ug4mrW5W095Eft3oPyWbwpA4uDJxJWDDz3tCrOxgJBtODX3xtmus4L5ci//ArKsjvXmtjWHvVqBpk6tC4KEEymEImt2ZGrXl+m3FGXnFqmsGK9J+tA==
f/dplxB+TnWmjrnqWSXHzSKYlHRZy9tdLUewwHxJn3pMkVtGcdA9WFxeABQQLzBlSLijIc8HPp/s3YXAluhWuiuWVeqdSa8WBNeDrmQsiOPeaimxv6P17VxeLW489k8xw7V23ou/fbXJn5pCpiix2vNaXKAkcixMQBcdoBk5lVw=
f/dplxB+TnWmjrnqWSXHzSKYlHRZy9tdLUewwHxJn3qzDm3VyC2J1kS6WIUpaaxbnG2sWVvcl3pdxgb3602+Ky71jlp7LEuPdaU8lVUmKCWSeT3LRI2HGZLTBMTddKyVbIfh31V1l6+eSZx5LFOjUPJwP+8PJDR2rz4EZtpYKts=
f/dplxB+TnWmjrnqWSXHzSKYlHRZy9tdLUewwHxJn3o1wVFGLzv9urFw6ZRKN0+eOPeeOuOJ8WfDH5e1OeFovZEqSDscLePCa6OWPpOszmFYW5tbWUQtWUgFAnZtUIkEhQMJhR5fja1RpPG0CdjTDg==
f/dplxB+TnWmjrnqWSXHzSKYlHRZy9tdLUewwHxJn3rgPsZ9CewSrfmzyjchRZbBJ6lzox8LgZjrzaOxHWKwKhFbmjthWB5fb09lKywmVYloIEmlRg6Wjp6pbVaV5G89Oh8LKsOYwMk5g9X7RqW/Gw==
5VH7AOvFWJCHCkKwMUUZ6np1KfYRUY3ozDWxeTG7S13y3mvwYSxyJjRkgznVvNGS+5ubEtOdI4Ho6Z6HI+bRCOqdrxQo5OaB/v/PPHU1Gwu/0C20MeeJo44KpK1GbYKqxsq8h+GQZaWX0pkb0FI091Atofi9Bh3AXcl5XM2XsBLudbTLIZhCmLd4DmFBhg6MGIkfk/mrAAqVm/2W7p4pDA==
5VH7AOvFWJCHCkKwMUUZ6np1KfYRUY3ozDWxeTG7S10TwglRpzv8Roz82/lJY3wYtnNjqWWMDh9ATX1yGaPRrNjREayqI4aqpfYVr/QIwn0fHhn5BnVovzQukDYBvtqMQUsRluIa4ZD9LBVELMVeSwbR1tzhFU3/J4DX6V7UTZVgBrHsnbUPI6uwJI+25M1Ah7m3ubNob1lDiQirNeEUSw==
ctfMh6GD3teqlgo9INnucu3rGtOh0+uYeyU7E3yj8smgyXSvCgVINVICGM0bmOlvvUczdv6fn7+w8iZfZCcXu02ccIPLl8AJb7gv+13meHqcWlz+qVXOK1LUZa4r336IqRjIT6H1NvZx7zbj7NTORTpSsVu1RV7YncNf1uhMh14=
5VH7AOvFWJCHCkKwMUUZ6np1KfYRUY3ozDWxeTG7S13uEIrIX0a52a6aOYhoOQs8lJyVdNuccv+cqcVTPuy7r3XwLMCUrSo0SiSoYA9wYhxiG7HtGO0lHmzTdMGTyETvFWTh8sm0VV1+1lcxi2hkDQnOT/adwgecClrQhEhQfqxKO9jDzi9Bix41ULjjMJg/f80J4SCyi+qsstNQLb5tRQ==
ctfMh6GD3teqlgo9INnucu3rGtOh0+uYeyU7E3yj8skbsoF87TzZPo0RikCc4jhxVEDyNvrP3lOPAuRSgyck3OClJ2acqvTc5Ufkj1JVGZyzm2oPIqAmENP1WINrXO6o+MaT9NlzrhdUo1RirLj/1Q==
5VH7AOvFWJCHCkKwMUUZ6np1KfYRUY3ozDWxeTG7S12JwXuS4yhTaw0nfVy33xoCEegpT3Hg97dwN78uyCbGc57kfh/74MdZtQ9ZTHj1GPTHsDboXS6hOzzd7m2wdCwupAKpFC74CE0/Fb4SSD8CKTTrE9/H++b2WH3Zsyqa4j8RE4uhkQcKwk9L3GoFN0RsV2AIp7rfQeeMaCvr2z7VmQ==
ctfMh6GD3teqlgo9INnucu3rGtOh0+uYeyU7E3yj8sm4cLY5/skyoQvLgHyWtnDpHeXdUFi7dr1pWMZopXUUSgCLGccWf2ov+pWv4UxO7jcV3c+Yu3nLbl1Np9ay/PTH2qjtJJqay0bNC7AASzSBxT4A2qP9RNUKNXgoC3AIRdY=
5VH7AOvFWJCHCkKwMUUZ6np1KfYRUY3ozDWxeTG7S12LHW10RBjeom/N4PxOc3O/3RRJ0jgwMrHbUTGDFQ4aIt6p677lw+w9tPD52hA4ywLmKJ1lKP+yZ8Yj01uKCdTKWKnTMSclykFOsQ/msDvp7eOLzP1UuDLZ8Lw5qY4CNIVVD63Qjo6suBbgVbFDcRrC+nUtuSOfqrbTloZDLxGdnQ==
ctfMh6GD3teqlgo9INnucu3rGtOh0+uYeyU7E3yj8snYgFynDWLRnATRah9XiU0NJB1KWCylYDnh/VbhhwXA/roontIdyVLMpDmM1lWJTCbgU8qksGrvqwR1SRg7rN1QxRj7+wYzZQEVFLhbyTvfmiXEVAhjoqIyNxTyaNuRfX4JXnlCJTmKlCnGXiyJXJjW
5VH7AOvFWJCHCkKwMUUZ6np1KfYRUY3ozDWxeTG7S11aYW2UIQcVkoKHYJBCFi87dcwLolNYJubxzRcOTIIAeW31wvZUbXhVOl7O1snaFMx53qyRp5qEbdURHQmbG3+Yej/O3eX5in9uuTXH+a+sgHz7CED5qMiM1HCJlFzbJ6LcG0tzNC356diCEWoF9OSR0cnFGiWapkU9XXZY137pjw==
5VH7AOvFWJCHCkKwMUUZ6np1KfYRUY3ozDWxeTG7S1360sPn/XgC+pMLAxk3TL7RWHl2Pd5oe9oJEhJ6zLQa5z04286hWlZPUKgqoPO+JMkdKmLFRl0QrPATMGGXteCGppoBQf4wHjfSriJ62oKh477dMw3C0E6j6MV/SguRtCpvWT7Fog+t0eCIPJoIa4/j2Gt5b6HfIF0r4OcYm9VA9g==
5VH7AOvFWJCHCkKwMUUZ6np1KfYRUY3ozDWxeTG7S13ZQJwX6dpa7qEvOQphxFUd/Qp6VLWBm0jS6OMKz18uVFYz+QfOvSp9g2cprPZtNzf5wBQ/8ZYJReYUPnrlF/yTxOGfBPM+sok6JGjdneOLVMpykXgUh8pbweTQ/AQqEU/INaIus4q5LVp7k7r5m5FVVz2wWDEWQng9k+o3S8eDug==
5VH7AOvFWJCHCkKwMUUZ6np1KfYRUY3ozDWxeTG7S13FY9XmTwn6QjrdrQ8oobsAl9q9AhJrARo9LIHIop0eXMM5rzVuwKAwwn05yoOWfZq9RRbkgiJWrhOU3Of29GdZukEJqfmYMkQ4cmrxewXJ+1huu4KJ6HbRbcsy0+haEE2ILmkELg4zqclNnT1Wf2dfeLZ94LhqjLxt6GpYJINFHA==
5VH7AOvFWJCHCkKwMUUZ6np1KfYRUY3ozDWxeTG7S11JGvKw9vC/2oofudmXZ4+h38mxQhvSkZOlkQDHCyto7lFZHeMOU2FQCgt+DnKnA99gxEDkM1jJHCJSKl1tJnufYZGapvstZgwZE/yMKAG1Mwl7CWZglZ3vjE1ARMzg+JdB0Jb1yPbcZCeOAey7yLOC9jia1WY0KfkmvTDo7hYpZQ==
5VH7AOvFWJCHCkKwMUUZ6np1KfYRUY3ozDWxeTG7S12Sc/AvKqVIRK7ZYsuE7qRb47H9AmkHoYiEmBhQy2j2doQbJVdL9aPD68PxzaPpCajcOnRzeEyrX22ToRjQQLH8kuqlmT5utVljBQd9qxPldlXaVABTIjczlNfm+uknlO7PFTHtqfPKFtuULbwU65OtcYoOzMAnW5M4l0p+ADhjlQ==
5VH7AOvFWJCHCkKwMUUZ6np1KfYRUY3ozDWxeTG7S10tA8eGRKkefCeFSIZtfC+YnAHlJN1PXZKZ9l3s4E55dCykgwVduYpYo+VkR7+1Hon+Y5d7t4GPlVJOxPdJnlVz5ncrYOcN+5nBHV5cwfKR164Fs1tiZgMIa0ITCaWS5eUyHx+U1PFFbiMUoSnlh1qcgDaR/YEycs11KVPy9XhWqA==
ctfMh6GD3teqlgo9INnucr6gHNRN0S1QI47qNXiXqDkSFxVIIuOVfyRuuKC8j7kOZtZ3xvLsMCEFRAuFyyDB3kO2VAZGvHCGTeQJDvkI02dYMg2kBO+eoxSVcGevTkZnwANJbqjSeeH5g8AKZPetLg==
f/dplxB+TnWmjrnqWSXHzSKYlHRZy9tdLUewwHxJn3rmVtq38uKQga6qFgpaIyQsANK55VVAN86mKZcWBmp0MpwFZV5coqRANBgDEO0KFOGkAMgSpfYbJ67odvQ5TutSU5c5UjMv6uCWCkCx7veTeo4QKVMSQ5N7yt+ua17Q84k3oQk48TNX9aE0Hh8mCGdQ11fOepdjfaE3VCCkNFDDVQ==
5VH7AOvFWJCHCkKwMUUZ6np1KfYRUY3ozDWxeTG7S11TEQ52YdC0MhmkJ6Z6yubeXF9zzML6Jo2PJpIvwFxfvfMsvsQj1qJcEX+7oL0+xbHZ532WalyALIRVLUnhwTVdv17V9yJtWTqh4CofJdgQJg==
5VH7AOvFWJCHCkKwMUUZ6np1KfYRUY3ozDWxeTG7S11TEQ52YdC0MhmkJ6Z6yubeyz2VoUXPRBevssDJPt2Z1fh1zEZz3s1L5YljSnJsxPVJVY6Xp45RMds7CDj8acfa
5VH7AOvFWJCHCkKwMUUZ6np1KfYRUY3ozDWxeTG7S117eYkTUZT1Vh9CEn3QsyXL+Gco5EIzVxy/tbFvpWDlMZwDC11DceMzpLYeI/YycL7XBnDoRf1RiAuhatGURUmcLdvm5C1/VQJ4tfKByT+4vhl6oZSmqvsLi9k6xeyTWEc=
5VH7AOvFWJCHCkKwMUUZ6np1KfYRUY3ozDWxeTG7S117eYkTUZT1Vh9CEn3QsyXLC0wxWKQrMxurVdRyspl4E7mP1aCqaukNITxaXsGv8y18lZlIev4QWiLDvKOzXUQe
5VH7AOvFWJCHCkKwMUUZ6np1KfYRUY3ozDWxeTG7S117t145eRvHzcgAERd+i0crXyndrc0dvIe40IuMUmMXK0eXGGCL+OS/zlXYcKqf1N6tnWr4gdAy/uCKNRZbFQxDW3pZnSij26E3zm+c9msyGgtV3A0wNokYBtFirYV7O68wmsPrR4Md8mOEOpJldoIIyfYmAYU5gjTe1t4qDBIrkQ==
f/dplxB+TnWmjrnqWSXHzSKYlHRZy9tdLUewwHxJn3rmLJTAsb5iWSfNt3RjolGMmEWPN9m/WZMidJKrWFOv1fYWyGySZVyR774ouJgGkq6ou+RVyRXM2JKpFVHzMbXBgJuqHIhTCiXjUiGB/rss1dCCeb6D34IiUSBz/ksHszA=
f/dplxB+TnWmjrnqWSXHzSKYlHRZy9tdLUewwHxJn3q5N8tmDwPsUuwLIWfyF0bGQO21BW6fEswJbK95bFE9d2bNt76CI8vbI+mKJDqiySHjE85Huy+nQ3Xdf9/MzC8GNhr8jSxjUY84P2CiFYbKxFXDoa8sc6exLW+6LiFmghM=
f/dplxB+TnWmjrnqWSXHzSKYlHRZy9tdLUewwHxJn3r/viNgAz5NmUiryDgSUjUryDiNxq7XJsRnf9URI6FsbOnU9a/D0EqVPlzPjpTuO5aN5WbghUAwyJG4nTN41CTAlymtUV2qN5tOQPpimHxXPg==
5VH7AOvFWJCHCkKwMUUZ6np1KfYRUY3ozDWxeTG7S11Ew5HVx+6B5r8tg72QjdShZVd4Vu51PIBb0TrssSm2dOFZic9qJs86qjkJJ7TI7UrQrmP1LfqW4WiUWAC6WV2oK+d8D6iVhhuA+7cwGCZxRiB6NeMnvIStyFIbm8REagAHLQzr7GKYCGaZY0VgLcEG+rLXu2isdCFr/AYs4w6xQQ==
ctfMh6GD3teqlgo9INnucr6gHNRN0S1QI47qNXiXqDn+yA6EVn5w3B7LageT5s1lh6S8i8AuNOM2JJaWolZP2nQ2Oj7MO/O4wfEzXGEy48lDuY6FJh6DrXPKrqUAOGFUfudcdPueEGFuXF2rBypMgUl+4lXmnQPTkU40Zi5dFrg=
f/dplxB+TnWmjrnqWSXHzSKYlHRZy9tdLUewwHxJn3oktaEZNqvwUaBG50LpHeXZgGXFfMJWfTI520595ij3s0bDeev0Vh1wGetJmBZFT81MaGGYBTCQdNos9HxOg9z+xAGDNMKBVAMgdf9AnwslrA==
5VH7AOvFWJCHCkKwMUUZ6np1KfYRUY3ozDWxeTG7S12SsXpu9agwu8+fFrnv68wFRB0DOeoxYd7H4GRFIQ+oywiVlzXreUfrZftVpVzY4TS1srp007YVf66wcj959Xi/U7AMpW0fWDCLQD3Lpe+YDD6v1U4FZq2jRm/EIum8Jzg6eNlJZ3drAGlVPNU7Bp0y94z1rODM9Lh+ZPwCL1qzpA==
ctfMh6GD3teqlgo9INnucr6gHNRN0S1QI47qNXiXqDktd3tJGlRu8rynjvAazpHFn6+g60qV98Cz3J2dFLbXHf6pBgltu+DhQ4R20wcMV/nHRHIywccbYz4bpzI6cjR8Q0aeKoYoYjxAYmgHtETiY2dL38hXRP8E+bEtIU3Q8z2uX5K/MS9/0N6V0eAw6Hab
f/dplxB+TnWmjrnqWSXHzSKYlHRZy9tdLUewwHxJn3rMcSSLJrdgQGtZNeWFvh1s1h/jcueXKDhCRJ8I+awBora0PAowImDBnWbguh2ubMfzXJSAyced8v2STHO1inqubU4Edt7f7X1xApL9YK0Vvw==
5VH7AOvFWJCHCkKwMUUZ6pFGKTPGl/ye+g2TWjVbHB43CuJQAPJXBLMgJlv/arPM8Fn3RrUVj1rH1UtGLH7RR83W0rbaCowFZUgl7RfHosALG410+mBORAR6L7+Ic4g5Yavqg4KOz07SQYstBUJecAa9ra2DqY25K/AKYv1pIv5GNeIV6P9SFjy23Be+vHfdR8dCIVbgoiMLDfRGfhcm8g==
f/dplxB+TnWmjrnqWSXHzSKYlHRZy9tdLUewwHxJn3qQtBySIzo/PNol9d3/6ZenbiYeC8qwQaWd8LUoUgNA5w3KlOvTCLR9EztF65d1EdctO59ImyqJMZxXEUi5KBoNAvc7oHfZh4oxMqF1Dwl4hgwRMftuL5q+TUK+wVtJ2eY=
5VH7AOvFWJCHCkKwMUUZ6pFGKTPGl/ye+g2TWjVbHB5Xw3P+m1youtkMCsUP+Gxw+FEygUvt/ODo/fILGbl0145cKOvuNwlYzq5dbfyu2oHlo4PIyocp7rzx7FjmRAnz
5VH7AOvFWJCHCkKwMUUZ6pFGKTPGl/ye+g2TWjVbHB7TwF5IlqUEaxvSYwJP94OVQPQHJSWb14mtApCEAN1UW8xgNJ/B8cdIXMOvQCl6mZfQzMFu/Cc3B30G6fR9YA9wj2Ei6eFt7qM+J8z7ABG4uDfCMv86n0m1RBG6/E4ALVdYaGsTMtd7kUT2ILzbo8Mni98/eFF8Y8AxNhe+vZbMKg==
5VH7AOvFWJCHCkKwMUUZ6pFGKTPGl/ye+g2TWjVbHB7TwF5IlqUEaxvSYwJP94OV2DrLVhcTIVWDO/d2ZyxdR1Uytm8vS64F4eoEvrhJV4RYdjPcLA+7ROd0URq6k/4R
5VH7AOvFWJCHCkKwMUUZ6pFGKTPGl/ye+g2TWjVbHB6+7D9ELgAI3ilFIgX295juvCuX+TIsPS94JYyjX9pgRvocN1Qj67zWhn13NcNfVsikCWlu9pTPetBdOI0gEMxTm8AcROyO93347UlvQ9WL6lh//RqnUGw9ShpTW8KQNR27ENJGTlSjvuixU+YspCrxjB2DsjomjX8oiDX3g5oY7w==
f/dplxB+TnWmjrnqWSXHzSKYlHRZy9tdLUewwHxJn3oOMCq/W5c0oMAjubyeBHHQsxPeHxxhJEV1iIqwDi4uGHHyPn+P0gq/Mu17SYVp5Hg9dyBP2evMb6VUEtCoGeO9Xb/Y2yO2plz02buhEan8fw==
f/dplxB+TnWmjrnqWSXHzSKYlHRZy9tdLUewwHxJn3o6nqIO0SJt7O8dhxkGQ9qH5elYS4eVTwF85VqXnqC26UR9X1zlvTAxf6LMjk8CvEcM2djIa7bjYAHTMcH23ncmwHbohs7yAR206M+E5PDU1w==
5VH7AOvFWJCHCkKwMUUZ6pFGKTPGl/ye+g2TWjVbHB7U+IJ+eg3aaroR/gk1K+gXLzF5mHSDZNA6CTIl19mRxlN4lNxc0RhkvndiwYyudOXifvHRXe9crCHDXzRDDJMpt5FNccggTCEnOA4AVMD1zTw74d0rbPszVQzkiVedvDpkgZJ4WWHEJ332xLS3rzos4il9d9cdq7xuDWnuKxXAtg==
f/dplxB+TnWmjrnqWSXHzSKYlHRZy9tdLUewwHxJn3pEf7rKb9gX6jP6/CWD2zd+hVMyk/r0eftS82qe8ZlPeKWaltorJ+Ao6rgvAUNRK86TTNW6ybcZZHXrmtXoYo2Y6FiAU9UK6cn99u6q9F14cg==
5VH7AOvFWJCHCkKwMUUZ6pFGKTPGl/ye+g2TWjVbHB4kqA33ak5wN24VBAt/CrQA9XbFBw7HREYrN1cvFoUIcDnK9jW+uYgiwRq4RTidYvZLfTp/frGPs73JxxoJJ+fgDRkAS7GN5bNevcc80qMlADJmmIJdE7ZRzCS/OrVXe+u7N1D5ySQmc7UKUyYV5uaLE+gJ0bLTC36sGa4dqZemPw==
f/dplxB+TnWmjrnqWSXHzSKYlHRZy9tdLUewwHxJn3rqKPXjae85FSAuAh3Zs/anDsTeEcUZg0J2GbJ8ndrJzR4DoF4tpInaBuKThOcy4hoG/zlE1EXx2jIdVnV0XXPP3gSGawFahoSH4znUD8TVR/XH8osSwUEu9o20DPFGDak=
f/dplxB+TnWmjrnqWSXHzSKYlHRZy9tdLUewwHxJn3q0WP02C5cNfmFaDeblqIq4IBkUOtjpvbRDoddZMiEE4w/uHf7rCtnelh67wR9UKeXBqowSaMtchbvy/mTAHdaOQbvgCLRfJ7sQzSFZ4tmNWw==
ctfMh6GD3teqlgo9INnucv66tLkitNJQtnniCf3KOMzZHokJOAaKk0Wdm5+Mvb/UTHpdwI9mwEebX7GzXcloEnJLBXG/QlnBaQgMNTmW4hkjXzM8Hgi3ujzfAXr87ySNSQvWyUlev32CYU2rjYjytxOyoSz8X6AYDRcssJE1N4h2PjAXi0vcJ+yvlZr9L88Q
ctfMh6GD3teqlgo9INnucqmXtF9Ny/DVSH/DFutWzbwalp3rEpvrSrdmcul8NH5cj+YFREisEtD3g/O+WqT0WqQKyP4lyHPzNMKc0bApJhVP7AfRQZVLTl5uxoA6VReAYFMuIg+ydPSuwThzTGCFf3PW5D/ZW6czdG8DC2P2ZVjGYgOirrwvMdqbGqBT8cS1
f/dplxB+TnWmjrnqWSXHzSKYlHRZy9tdLUewwHxJn3rYja7mvcQWiKkgerkBsTM6XOMAiSUJTx7C25OupJtc7kz/V/4lMFVbPtcCLYcoM5uEvvxR3Y/w7SjX7rY6PjQtqC4A99fnkatLq2a61xXUvPU0vMSxl5aX6jJKK4NMT9ztCgJZK91qJmxxCsje8TD2jZ43gzIWHIyEjgcoTi9DCQ==
5VH7AOvFWJCHCkKwMUUZ6pFGKTPGl/ye+g2TWjVbHB5AU5Dd+pZKatfWAnwoXFZkSUx92yuCS2c2GVfhlAT4sy0yIBoT0Byo1iwCUnabfjYbDPz8/Wi6nBKHndK+7BLXVJMM45IwR7LAJgLtymgW+Q==
5VH7AOvFWJCHCkKwMUUZ6pFGKTPGl/ye+g2TWjVbHB5AU5Dd+pZKatfWAnwoXFZkivuDnkoKKewx0YIuMS0TLDlq7sqWHpMyQvtzAor/PHXWKH2ZbOVhdHU+4k5MHiVp
5VH7AOvFWJCHCkKwMUUZ6pFGKTPGl/ye+g2TWjVbHB5AU5Dd+pZKatfWAnwoXFZkSUx92yuCS2c2GVfhlAT4sy0yIBoT0Byo1iwCUnabfjYbDPz8/Wi6nBKHndK+7BLXtct+TguxZxd4+T3xEpGW7T5kzD635/NY5jFwgPcRWUo=
5VH7AOvFWJCHCkKwMUUZ6pFGKTPGl/ye+g2TWjVbHB7We2wrLjDlhN/hF+tNGTmmIXkeKJehB8fCxPmj/FF9ejJwFS7AWs04HgqZUOjp+LRWUYMGjsRsBks7TSf7b++F
5VH7AOvFWJCHCkKwMUUZ6pFGKTPGl/ye+g2TWjVbHB5uiT7Qm7I/eOBFpqrV31FTzV2c4nsP1ApZ5VayvWmQDy8IQn6TztLpkOteqGHM3qk00sZOSzNiLpNzBcnYM3LFszAW9HHN0JaVgwpM3pM2Xe/Yj22kZA1qb4BAtBXRsBvtyTP9DQCpx2ayy7igueBSEZzaNLjAQszJ8kkAzBethg==
f/dplxB+TnWmjrnqWSXHzSKYlHRZy9tdLUewwHxJn3qjKAT3Ejfd36fISWhHKA6rRTZCsp2uu3SLC1N/OE5VUz9XB/GklrVZtYCRaZeBbOnxV6hdzSEkXLjFHnUxv3cUodOJTZ4NLvFSMZD654w10F2g29F7aeUynoPy26xXwjE=
f/dplxB+TnWmjrnqWSXHzSKYlHRZy9tdLUewwHxJn3rWlzlSZj0f742w7iZaKDjNNBH45f3cPCJLeDMp/f2LORoFT0JS9GuSf+PmUxPndYEDZL9I8NBrc8k1ktJBixTymJV6EYdS6EgzlNmegEGpSAyAYHesaQZZArfBe+ObxOM=
f/dplxB+TnWmjrnqWSXHzSKYlHRZy9tdLUewwHxJn3rgzdt6rOXubPawti/8QxY3Odc8Y2bur/4MAUkgEKq1wwSq3J4GQi1cNImn6IHjUao9zbL8Pl33/+dA/KLgT9l5Xb45VKNXhvWfaIkj2bfOyQ==
f/dplxB+TnWmjrnqWSXHzSKYlHRZy9tdLUewwHxJn3q3LpoHSUtx+6iVecKW6l5yrAe/MJIHrxbfcA77+UTzasUn3BaxGlnpROX47h85UNTQwPros3vL3To1Td7yqIU9DjnczIS90pq9goMsPJWW7A==
5VH7AOvFWJCHCkKwMUUZ6pFGKTPGl/ye+g2TWjVbHB4zbpm07GeqhHcYQRYJZ9TlNe935bN3QmV4JDapwzBpk5L77Hu8pono2cZB+HNjO/razm+6HB0bNz5cQS233CYZh14Q8ergrF4cxqggWC+DF4Yxt2vTMa+d9PZJ8oF/2WcdI5/VkRH3QA5TDVs111rh9OCrfhbrzfkm2Ujx03Dskw==
5VH7AOvFWJCHCkKwMUUZ6pFGKTPGl/ye+g2TWjVbHB675lgMJ7wpaFn4wh1OLC/so3ViyqQE47FLeCz75c+S52GDEp3wjJEqHyaktyzd559h2vbfpwHnLd6/W4Md9PNaTrRkcZTgodHGVhvrPbgUrHX4Wia6CtYmI5PGdLBnQ0N9mWQGGgCfNQIzz9AmF86tkLJKZenDLHR/QHK8kgzvsQ==
ctfMh6GD3teqlgo9INnucml5NX6XZR62t0fvtVkm/41byZej23iIjjT7E02KWHPiFGZUwsQ9plR5+obbMpj+Z5YX8sjYy4dqJpar+sYxTDGc2q4JkLqlipigEfDN2uKIbTpUbRONETpORr7cJky+MdSEf7oujorP+jKhVCrahio=
5VH7AOvFWJCHCkKwMUUZ6pFGKTPGl/ye+g2TWjVbHB7VXSH7bx5s1EbjXC8pC/zwWEgOKBhrSKgpeJC0C60VgBImLC6UmMgqH5udxrDHwUhM+nZXKJruwTHuSQ/BA32R4E9n+OmQbUrcTKbCZafrT8WJAPTVknwlTOlhusu2joWvL0wXwolk7E3iXEkFcUciOH7Xnx3wdato1Y84UzZ80A==
ctfMh6GD3teqlgo9INnucml5NX6XZR62t0fvtVkm/41hgr6O/vEw+/cNepAoZhbhzvn+30HELCc1mztZBKiVy5vpli5FtANF047m7mmEPyTsXAJJkSIAjsxSUHXmfVQh95iGyX+DGF25m2LII7EjXQ==
5VH7AOvFWJCHCkKwMUUZ6pFGKTPGl/ye+g2TWjVbHB6h/g38if33A+hIJHlIepGnQy7i62w7CnGEeFDqhBQgeF5gfbsk+tcV+W2EmVI0f0ODSut2yoR/FaFFc8P/TnYpy+ZoG0NpxRBaDKZ51+Vfhes0luhvcL4jicxU/Z6lUDeWsqz4jI192r2CzASM2TmqJcMNnOzFHyIBCsakBa1Tmw==
5VH7AOvFWJCHCkKwMUUZ6pFGKTPGl/ye+g2TWjVbHB6ZmeawcggSHjQaK/ldMzbWBJnc8AipTzm1HrW9LTBpjsv2ocxpbn24jOVBfddSpRXQaanHLnKQcEMwYQUHbEcRx0/fMnqzhQ/1mghg55aBsQTeDjqKVwMfqYwaHTzIgvL/JLkETOsSvQqg9WpZQrQ+ZrEMR6fdX65PR6RDmNg5cQ==
5VH7AOvFWJCHCkKwMUUZ6pFGKTPGl/ye+g2TWjVbHB4t09o9RvzM0fol1cmDqRL6ImX2gy/2y/oJ5tshcaFdwe7XZGB7NQ0pxsrSikF1ASBG3CnWquNbytkFlcxZ5tRStwJmy/H9K/4nzRhUu62NppOfBQx3gpWVh8hcBorX4o+5SJ7MgrluP/f30FBCxQqGXwXUzkt6nciQ2ilmeUJzxA==
ctfMh6GD3teqlgo9INnucl/LUOvNewIgB2GdaWqdYoL8dQCN2NiDBB/bVyY2oW9JRztN/gYKSCbDIsxNjRqZboip2vTm4f5b5X5r917Q4fOAIj02doppFtEp1ggUnEvoTHgRsiCIMhZMOBXpWpByjD7WghfoFtuO7wdmEnhkNrQ=
ctfMh6GD3teqlgo9INnucl/LUOvNewIgB2GdaWqdYoKn6+43CKeBliNwhBsxvpoylYz0jzMDhgG1beeZSlqCQhSKblZ5rOUK0fYGW1ebJsHtu2qV3B7CbHltWNKd9Dy4o71kqc5G+pGfjSH4SMfY2O1i8HPusfXXpfdrYuuy3F9Z0eeidn+37SKObfp9+Eer
5VH7AOvFWJCHCkKwMUUZ6pFGKTPGl/ye+g2TWjVbHB5U6D8o7i/QBv17xY7GQ3DXtWdhY3YBu93f5tWPGDzXN80adGaU0leorMEzGHSeTO2LCvPHey5P2U6qDzb57dsZIoQHfo+o5tpEEzcIXQu0qoc7eIshHpq57ngWWGtwGL7Lfjgmst8hHM6USOi7LItGZhuLMnDvWJC2erq9kpsKSQ==
5VH7AOvFWJCHCkKwMUUZ6pFGKTPGl/ye+g2TWjVbHB5tgAOD5QFzSlGgZ3fvbfDRyW+NuMOxp9OoRZbhzRS8dczsi3VjPjXozILZ3U2WkJDKUrAC17/GGz4JujJ48/ffjNYDjpJwUSjRhivUXBlTRJozmQtZ7OIBqKFHbLhCYusaMjrGxpryGLBFB185a4Wn+qogniCcQQbNm6U6ewlkjw==
ctfMh6GD3teqlgo9INnucqhbi8njJRZZaNHAMosUCcZe6b94mNfdelXcmpd/rq29KpEF6EOcWmUorqwOcEjpQHqbZ4HQsaAEUdi58ElsM8pEVr5049+JmI07kRq6YJKIuQwr5mA+JbExuPXu2GOT+r3d2ekiVnvgKKEZ0Pv/acc=
5VH7AOvFWJCHCkKwMUUZ6pFGKTPGl/ye+g2TWjVbHB7NT7S3Gw+4aRg8SYL/cO5oKMvXbXp51trtwPC2XdVYZTRTPqaxEakqWL06b+vbREIeHTTtqv1loaFdg0uyMLO+Gu//1Fb04d9M5/xsC2u3liTfpWT9QUDgrqKrdRNj4AVBzlTiJSGEsV48y/CM3d4iKvXt1BJxxVXSJg220IGCUw==
ctfMh6GD3teqlgo9INnucqhbi8njJRZZaNHAMosUCcZIxvQ8EeB201ds/gU3C+RSRVovAehQtMVucJyDnzo2e5PgZD2Z6hxas76eV8NetGxc1/1xQEJPFF43ONuHLv8q6CW70+0T01b+tXmKDsGWVA==
f/dplxB+TnWmjrnqWSXHzSKYlHRZy9tdLUewwHxJn3ot4Yx/LmmXN67LZTQWUQef1myHVmBna+vPRW2bCGqNFyUhyN+WCxEg6ymYuCabZVKyTpiiJdeYkPXBW9dTAuS5qCZsyB6ffKRy+auM8VJfhA==
5VH7AOvFWJCHCkKwMUUZ6pFGKTPGl/ye+g2TWjVbHB5wPCTj+4g1DTidXPGDrIY8iYcsuSQKxuWcoxK4jUG6ovoRLG3xrf9yAkfywqXbeQF6/O7Sr8J1sktvzvn5heBPQcfeSH670qq+/VteePR3/X4GrTjZ4BGq3jBpWQXRn39+Dyr1rvmb62UmuxvFmFeSlAmlZ9/QOcNJUc6mkjcXKQ==
ctfMh6GD3teqlgo9INnucvwGFvTDAHXyohQVAPQzVirJEKx1KMOybix9FHHOLipSmIGgI/3Ku8KesUCZUhM9MForktTIy2LQVp2v2lO1bhADzl3Su+U66UXSZyYTANibdWTZTnq+44IUngznwiOz9g==
f/dplxB+TnWmjrnqWSXHzSKYlHRZy9tdLUewwHxJn3p4jTlmNoV2qrS7pCOZr3SG2jeP+ZTQvlIg6DfRrd9oipopdXVPPltZI+lmo/3HtDSh47VznfAfxtx0V/ZeuVyvsdIJVnPRuwiu9G3buv2UToye/9yWhGW3rSO1EgbkNZAvSeFNFMr+JsCLcMm3U3RS9VxYENMP1nIp8RapYYQqSg==
5VH7AOvFWJCHCkKwMUUZ6pKuXI5QxJIDdGRnTY9t9QKnFoPYNl782Zafkx/phPwoF2j1C6NV9KInIfRNMksfJ4zP9VykfJTyDkZSIM7fZ/iXfretwPIpC3XLqTY77BsA8SBK+ojyN1YTVm+Bp3/BfA==
5VH7AOvFWJCHCkKwMUUZ6pKuXI5QxJIDdGRnTY9t9QKnFoPYNl782Zafkx/phPwoR3H7Pg+JVMdDJW0qH5JfXxv1ly7tDlY4RrXs6lw3mT0Zmzi6m8YWr46rADuit7o2
5VH7AOvFWJCHCkKwMUUZ6pKuXI5QxJIDdGRnTY9t9QJ97oAfrw9Bi2R8x+gOtrPUNkKc2LuHV/0Qk21pNviWPGjVjucwo+qg6kJOil2q9RfKw017rMjgcxdbpUFauylyxNs4yhl+gOVW9vHT4zpZBNB2m6Bs/MOeyUhlIVckQ3g=
5VH7AOvFWJCHCkKwMUUZ6pKuXI5QxJIDdGRnTY9t9QJ97oAfrw9Bi2R8x+gOtrPUlk+sL1OlcCY/GqlB4L0m+XWbzuVC8E+uN6VIX6EEJQc4elsbIy86qUhE3n26m/np
5VH7AOvFWJCHCkKwMUUZ6pKuXI5QxJIDdGRnTY9t9QJgnZ0JZsOhltm7NdUqt/fa53Hu9EzjCbMKd3INcp/S/2Uod+IZCm1qregf01alcTDQ/OGKBWBsEnnkpsmUa3mqris7U0KuQo79j+8pM10ZuEVsfuZPiZ2PYktNw6DTCyPUYLd7X/wFTipEihFzmWj3d5bDS0e0bNjcweFfpW7DfQ==
f/dplxB+TnWmjrnqWSXHzSKYlHRZy9tdLUewwHxJn3q0s7899GBz+dADsyEZhfY4SRtDXaY/6ErVohhyfptRPcFtsMtc5ot4LFMf6Lc/jpcgiWTeSnpqN08JJ/l5065rSWkxii51NAyQ9Cb92B80jXutaknJvpWIl7du+xgk4tg=
f/dplxB+TnWmjrnqWSXHzSKYlHRZy9tdLUewwHxJn3p2W/+b85aQentWIyVxVsftmcDiqousq0Lbif3oznJpBtRW3S3QYZCNO8mwPwMQxTAGoXK8rp6clUURWvd2UqId9vtvqMBuMobQnoLsZo6oSLVEG8DIgfcp9hv7F7CkWxc=
f/dplxB+TnWmjrnqWSXHzSKYlHRZy9tdLUewwHxJn3pza0YK6c0j0QI7mJs7KjBWgSnAxieEJDvByxnrkoM3JRcpGT8lagqZcsF4p4zT5uEOhegQwe/btA4oGhcERn/W/pDJtwPMJIlR1p3iHlPewg==
5VH7AOvFWJCHCkKwMUUZ6pKuXI5QxJIDdGRnTY9t9QK1kZl56Xa25nuwQuXIKQMn3EiD46M0bod5ykrdMJQduLelPbagiKAEDeUfg8CZMUsSJLbatxjL4QBdlJzN6g7oFzFvLB+TOIczSsTmSzMEtLgoi3NwwqT4Y6MKRtV76lLk9MgzuDsAp8pDGMSb7UKsbrDAEMdu3FCIEmDCeSLaHw==
ctfMh6GD3teqlgo9INnucvwGFvTDAHXyohQVAPQzVioPfn3SHyy7lvjcelfsIWrhIAz1DXhchQtXxfy3Z2smlFVZCKOyij1TZlfYb/hl6uPi39jRebOLOk8sbhKxuaAhwyt5CPKADTXWzPKYWC4HtJrxndoVANQ8RVOZnLQ0yXU=
ctfMh6GD3teqlgo9INnucvwGFvTDAHXyohQVAPQzViqbIZpG7pic5qpDmsWRJoZGxyriXPRCVvAlboTF1XGy7q//l+m8YDlsAbRBibuOHKw3deHXMXwlD1YvY+fC9VbLPMmhkjI9GeMSUYDr1iZU+hD/WJYW40CIxQm1a/BRUMNbluXqhnRfxL4UVGa198Dg
5VH7AOvFWJCHCkKwMUUZ6pKuXI5QxJIDdGRnTY9t9QLPEAegcnpoRSm1VhUgirqWalE/+mYxlTtb9nd/0UyzjItzf7jlH+U1ON5dcOsGk18+Yqtp9Mh1BxdXDxTGeaq1e/4FsjeO2pXBBoGenXnFFfroGjJUh52HbAnZz0u1eaQwFKUbQ7HqlIn2BiyWoQfx+eGSsTyKyKBEGtc1uNzA0Q==
f/dplxB+TnWmjrnqWSXHzSKYlHRZy9tdLUewwHxJn3r9W+VTy3/4xFpZwc2YVqupQPkQgPHjcP/BG0DEI59imvdELvzgnrAuCoBbHPor+IDR5dW80jLVAJ4WDeCY1ucFRuHLoSMswWRDXeP0LtPynQ==
5VH7AOvFWJCHCkKwMUUZ6pKuXI5QxJIDdGRnTY9t9QJxh8ozqhYdyKpWElksMTlOSXLCuBJtc293awkgdFMkaPudAKYi7m2rMZq0YuMPVQSLDX67YmCEIwDXLj7SVN7chFxtnLz9Q+hGbEc5FQEl8Y68s8fVnqJzRE4XwEcSciuhgnaiceV2ds9P5JSObZUopIfiObuGqIvB777hM5iWhA==
5VH7AOvFWJCHCkKwMUUZ6pKuXI5QxJIDdGRnTY9t9QJ/qh9J1T7fu4h3/0McCyl+/K81jZeC8ZxbrAQoRbPU/+H9L0uWCNpdkWDP+RDGjnvjOWGjJpby7aKkiM+kA3dOBM/2qjwcN9KtFmKdstDhtIMeCY4s953K3UhCVndFqb4UkFBjhquXNy9/BFjsuHI/YOLwXdDNzq0tE/wy4GkOfw==
5VH7AOvFWJCHCkKwMUUZ6pKuXI5QxJIDdGRnTY9t9QKWreCO9q8jlat3QDm0nzDA2I0qvCGO9T3KD273Xl+FcKAbCYabbA/9H3NYNhOPwvgiouGc91HmGWSPzqmnRTWkGKcd9zSDDzkTI9xsU5XBMI5fVukxxvSzgbGasKILvl6hdgwF1sQI8zKx3KiyZFGFaEbCcNL6ILW8gRzizfoRdw==
5VH7AOvFWJCHCkKwMUUZ6pKuXI5QxJIDdGRnTY9t9QKQLypMgoMvE9WOk4EL3refXvl/O0Qq+VyrOlOYmiRrVuxbfs36pWiky/qK6wY+BzWS5kUdwzsI1pElS5D1Vkop28jKWv/4KEdTibSS1ykchaXl5QwPFOcsHKPmo8jnfgED/xxnpaKMq3QhoY+t1wOjcXCJyxRjoBsl1idPKW/WPw==
5VH7AOvFWJCHCkKwMUUZ6pKuXI5QxJIDdGRnTY9t9QJebirMmwZZHTwtMBoMkKH2FHCKxIozP1Opm5pDprC667bElrk8dulWDvy13WJAPf64OnKdmw3XPn6xKqeXoZGwU9fhTjGIjmH3l+9jtX64W0oKkli5l9Td/bntjBCZy6Ona+GyXWUxel64WUAOV9mqA0y6mQFXY5TxkMAAxcDorA==
5VH7AOvFWJCHCkKwMUUZ6pKuXI5QxJIDdGRnTY9t9QLQ4ORXqSDflBp4eJyFLq7Ck5Yo+05XfhfYb5FOYHQKLcLi5Raer36gRcd/hIwMLSe8Y4OrztAUoCcAcBL94/V9eipfJv6hhP78+ZEdFLYpU3QyikRUBCm9ueO+LSPXwAAyFrnF8Q5LMQR+IWq2uxeFZxM7mw5IVA7pG2CGZfh/gw==
5VH7AOvFWJCHCkKwMUUZ6pKuXI5QxJIDdGRnTY9t9QKNAPMYqYOsmHHdSZMlb4cJFCBqBabEF8bV2m9RDljE1T+hj9+FwScTfAWW/+jN6z+JFHCkTWiaLko7iy/5oji7VhOvoU/YqTnEd/3rpbHo9sGGq2Kxd4Nwmzr6H0PsDxHQL13r9SeHTsQP+vNaqw9Ydj/Mqg/UWeOnEPmxSTPqDg==
ctfMh6GD3teqlgo9INnucrBL8AofdVro+GiMeaPZjD7knVVjF2OpV1kbtSnOKYl1F4kWx18BY9Ovz3SAvnqV7Hv46yPhMuu09CHqlAa3nf/NirUxQmwoRSUVqZI4T3nnLW/OMtpUJP0bk8KxaYXQqA==
f/dplxB+TnWmjrnqWSXHzSKYlHRZy9tdLUewwHxJn3p+u5VheuNNhJ4OkFEubR77KcldFrudOiP5AUhE98G3GVGQDmMmnmZrqXp0L59SYowho46lBgyCrImtvK/NiuykxXBVnv6NaIZJ2jpEX6KAfIAsdxFja9vDKJuX9XSnPDVmMPABGqfnPDw2mov4nnVdQjVo9zmvOxA1upCoYrURoA==
5VH7AOvFWJCHCkKwMUUZ6s0qsPgOkOqcN2oU1oNN9eBZMRjiIZzBMyMg94jSLA+mf5k+MGzNOhOYtUSxwbhDCAO101EF0D2eu4WQnPApZND/r/qO6qdWtgEE9EbNbfrNoG+bNud1THJ5NMSqFXLe5g==
5VH7AOvFWJCHCkKwMUUZ6s0qsPgOkOqcN2oU1oNN9eBZMRjiIZzBMyMg94jSLA+myAr7xas1Y6a9K4M9Xyc+oS1WbGNxmD4yfANJuJznkhTqLtS8W7WumAXp1sEg0tIa
5VH7AOvFWJCHCkKwMUUZ6s0qsPgOkOqcN2oU1oNN9eBUlXF+/CgalHovHcY+GddWjuzW3kodgoX8FE0X0wdWb4cfPuNJDn0DaKy7gH4GFntPSfS7V+5EHp9zTloLjx6RnJiBEYxo8YqtjDk2JvisRuYvGKAWchMaBomZwPlBb6E=
5VH7AOvFWJCHCkKwMUUZ6s0qsPgOkOqcN2oU1oNN9eBUlXF+/CgalHovHcY+GddWgo03kJslKTH3q7glbJPpaURPNDtm+lZ6g/o7G/B5Pwnjc+hz0hyMtllsdryBmljC
5VH7AOvFWJCHCkKwMUUZ6s0qsPgOkOqcN2oU1oNN9eBR2nNr15j4pMvoVJC5jmn3Zb46OfTjLqhQjPfImLPB5YRCD4TogGWpMbOUCZqDaH4rYB5DRtXsKNhR6LlIhW2+aH47mv6AZ5NkN5Rwm0JVKblFvTuKUNJlF8K5tTCiIeWssb8iouCjq6nmjXHJtptmub61slpZQbvQafi5UFO0WA==
f/dplxB+TnWmjrnqWSXHzSKYlHRZy9tdLUewwHxJn3rZYNRxu2tRsM6J1CC+r180TBp+gMp2aXmLumQrQA93AYDmt6Z5Y3NTKWVJXkH7BxGC/Hp2ZyWaiR2FnchG0JnLl/Ssr07pccW3tTJaIN0lxQUKEnJ4IVJGaNAA8yQU3Tk=
5VH7AOvFWJCHCkKwMUUZ6s0qsPgOkOqcN2oU1oNN9eBCOyUkCdj19q/2X30DTjcg08US58ztRfKdN4Hh9A8wtVWqydrHY39gexdaFEOD710tJh8Zl9PLD//qUIlgcqrf
5VH7AOvFWJCHCkKwMUUZ6s0qsPgOkOqcN2oU1oNN9eBCOyUkCdj19q/2X30DTjcgUwI16qwgd1KnLIwZhiPRykSkGclIKDVK2u74QC4qZa2m5VyX5MbC7pQC5i0MrtFExktyJjQwWUQWsc/F6NrKsM5Mh0gdPn7zFM3dZ2U38oXb+003P5I+JYHv8CHDiNSaokFzZJ6eKM5HLDk6MhSIGQ==
5VH7AOvFWJCHCkKwMUUZ6s0qsPgOkOqcN2oU1oNN9eBCOyUkCdj19q/2X30DTjcg08US58ztRfKdN4Hh9A8wtVWqydrHY39gexdaFEOD710tJh8Zl9PLD//qUIlgcqrf
5VH7AOvFWJCHCkKwMUUZ6s0qsPgOkOqcN2oU1oNN9eA95cLpn9rvKBrUsHoZTU+Ee/WpcsfJcZokXbpuc+uSet9E8Tvyqh+lwrXMMIDL+HlHgtMO8RgkYWTa4iKGBH+7xzEBAKv47tZH1o/4jl8lQhwDCDOZyALVqWHEg+k6io4VXLcsj9sgbsJoeq868fVjhFGDZLAWjM5h92lVrPxvLA==
f/dplxB+TnWmjrnqWSXHzSKYlHRZy9tdLUewwHxJn3oQgcggMjBkOwupLeWm30sWPm2CVyWCwis9j5CWQaDLj8mNVVshZSZjp99M5TDVuY7NUY4EpOwht3Qx2iF1w+lE2BkFGa/Q1PvVdQdKxHBMgnLVufZ9pWHV5LeIfeG6sIA=
f/dplxB+TnWmjrnqWSXHzSKYlHRZy9tdLUewwHxJn3qlApfxGmZU/J0KH/EWfvekYdhj8QFVqbWFPpYgEntPf+U8zCZKZ0XzitPtZoOXglQaCpHLh/BFfIUSU29fy0YwStx6hAAizMUqewGYWYadZw==
5VH7AOvFWJCHCkKwMUUZ6s0qsPgOkOqcN2oU1oNN9eAWOqEXWTfsdAXBqz08YhK/3kWMxFsFYgBks89/+Blj9p2qT99el3No+7oXKxz/A8JwluP9daZazr190YK8hhsreYDlmdXuyW09+G3svBQPwFfLcboy59hCndtmVUNKS7xlnEFnY0XpTQ1jLQw29DaiWXsBM9uPqq+cfqk09g8vWg==
ctfMh6GD3teqlgo9INnucglaSiriP3TD85ykDg2A9BoxlODGrZTcqPrgKm1mk9xrlnGSJ0hCQtwbAieqAdGjaJje5sgCCo999b5LupDzGkdRFqgb8/ymNkFMs/7VZEmZZE0PDmOmJ0LUQ5yPvFvHurPM4kohL5OM2QYPybHXIFA=
f/dplxB+TnWmjrnqWSXHzSKYlHRZy9tdLUewwHxJn3pD1Qgui268637crrQx7Msjhd/0+dtrw5PWia94qkkIPvMQZEhVjL31q1vndVNPkgdJVXfrL6m8m72oex2wZeHOhFluz3I0d7FJ4ppJtu07Uw==
5VH7AOvFWJCHCkKwMUUZ6s0qsPgOkOqcN2oU1oNN9eAPswsegYIemalHu+8WkBKdWqIjT4ey8qkF7SdZdZkmvNgTLBJpWms95R5A/r5ZgBf/kZJC081MsCvR3jTr43Be5Wdj1O7uXHl9OmXT1QAqiY+Qgq+j4mOgVFsaxEuwdXmlslKzmUmie4J3uupONwW1dzmvgzunxf/70D96CfJzwQ==
ctfMh6GD3teqlgo9INnucglaSiriP3TD85ykDg2A9Bq2B6YoHFhq+Ufu/9NphlNY3BZSlDVKFAscyKQEm8cBhsr/VqTOGlpBa0Sa6BP7L2FiOglCE/OVOGcLWKb43v51WVDe9KQZlOqv5RY/WpnRv/xNoka+R6rBgbHBcodGDxlWw26XBUV4tUyGHReRHANZ
5VH7AOvFWJCHCkKwMUUZ6s0qsPgOkOqcN2oU1oNN9eD7IJ7DRt7h3wbm6bYsIgVICOHfmwfhxyZ3nmvhABLdwTJ0QNJ6w/UmjiN82bVg0E+i1QUB9DyNmnBxHu6RAPdvJyog4Hv53zfMvo+HnyhloYxbnZoOkUEArtQ5F0EHy47KcazdsRVF8Y8kdTiw6Whjts9UsvtobNMDnxtnklJVcA==
5VH7AOvFWJCHCkKwMUUZ6s0qsPgOkOqcN2oU1oNN9eCtGsVyF4X/aRmr6p5paSR7G3lbAv1Uxs/ZOL6MyrfHnTCvVf6DjpcgHjOQP4i6yfthJQib00/eiANT04mmVfS2k5R4mnZxrB5WQE+du0k1NoCtWm8bOm9MgomB39IA+cG/XDC5e3SAuyV4pakYJ6dEgeNbPOsR3bbhwu3riXt7xQ==
5VH7AOvFWJCHCkKwMUUZ6s0qsPgOkOqcN2oU1oNN9eBeNPt/n0uohJIf8SuFnexuX1pp0Gt6oaYBroradcqgHw+XZ76Q/oiYPS+PdHcBlesue4n48x4FUtect5HBaKsfnQL4gF7b8zasQWin5FN0yWDrSJ9olXJb3KMQQTgiqX7FxlfZg4dN4mqpb26kn7ruMwAvpGHRdbuvdVjNEiUg9w==
ctfMh6GD3teqlgo9INnuct+dP3wGw47SaR7nZNIEsL1m+TB9Fk/J3vMmRHomesTnyDplkNvHYzmOHzIhNvm4OG7ME5DjSapW/fokMQlGRqDYK3HO8RksAgG0B9xu4YomKMKcMIM4tWBcpZEw9XxBGhw5J1yVrSEOFqujzJuxGbcLtCYhpmvWTfsav4wv5uq7
f/dplxB+TnWmjrnqWSXHzSKYlHRZy9tdLUewwHxJn3pO8nB9JxqSxOzL4qnJMHql2OICzFGhO06uWOzcWhXluHDyIZ79JDvg2vzlhngDeX4P9e/yKkTgVYsQtNYvNDpAgwN/QGRWeMzweuQqMWlFwMVFgitw+Wf7GGt50xl8RQKV2H/MfkjAHGAR79/RypFJDIpZ/H2FPqw2ntTzKlHw4Q==
5VH7AOvFWJCHCkKwMUUZ6s0qsPgOkOqcN2oU1oNN9eATZtJ/3VSeJwPg0avoEFo75o8YFJ1f9beeb7xntPwt469+EqEwEDmVA9MX5MnkiINbbQlFA9DSowsvWf2baycgkm907WOkzYQXxcksDnyQXw==
5VH7AOvFWJCHCkKwMUUZ6s0qsPgOkOqcN2oU1oNN9eATZtJ/3VSeJwPg0avoEFo7Ryola6WXdHdXKisJJmFpBjEvHpH3roCBTQnSN5jWI/M7SBJeZgycSlLZzYxcm3zH
5VH7AOvFWJCHCkKwMUUZ6s0qsPgOkOqcN2oU1oNN9eATZtJ/3VSeJwPg0avoEFo75o8YFJ1f9beeb7xntPwt469+EqEwEDmVA9MX5MnkiINbbQlFA9DSowsvWf2baycgLe6uZNrAj/535/ZIy44gAp0ndrV1f4Cz0U9MrBFNL60=
5VH7AOvFWJCHCkKwMUUZ6s0qsPgOkOqcN2oU1oNN9eAl7/VnXeu90RTEIZaj2rAq1q0HZ8Xu75di/aHmfGfHK4hVGnePecGnVYFwhLW3aV/lLu+EJdwHjmLK0BrhpFKU
5VH7AOvFWJCHCkKwMUUZ6s0qsPgOkOqcN2oU1oNN9eBVgUT0fzYhOqh8kv9qFgC+W1pzZ6W0TXuakhGZdnUBH544NAPylOe4+TPxe+2Wm3Sl4UO9kxyGcReJsf0I67MB7pyScr2oLtetvwknficVyTkG70hVlS2lsluUCadVCvsmkSM0pASx6phBvbEmAY6owH7HD7kr2r0Qj3f8FYhxlg==
f/dplxB+TnWmjrnqWSXHzSKYlHRZy9tdLUewwHxJn3pJCo/5aJlFs33HFkJJZzrgHDUYYel3XF/GY1h7SZ5MIoS2BDGzPDnmRvHMroKSW420CisfJSGeM1VlMgif6Xqq2HX4JW7BrEh21IXGr3wmSe9RXQeQ2r9m+GcxJEp0/Xk=
5VH7AOvFWJCHCkKwMUUZ6s0qsPgOkOqcN2oU1oNN9eBhXRBeEJB2b6TS92Rv+99kTtUPRfJZgcAopEylmL6GM3mxeSu6+cZE0aM/389Dw5hUNb8LFI0WbRNYL8Wxh+fM
5VH7AOvFWJCHCkKwMUUZ6s0qsPgOkOqcN2oU1oNN9eAbgCMiiPvC3eOSiIuFC/LLFtTMR407DtJHrcictfvzpslSnCQDAaK/F2X8wP0ygkj0IPczZJ88b5GT08SJ8D6lzSKX9teepHKXnY/R+/CqpnS1jQ3vqaZa6xBV7cgUiNNDWioEqq48jUR1ykAfl4oJKb3Fb2uaSgN24Dtd0Wpmhg==
5VH7AOvFWJCHCkKwMUUZ6s0qsPgOkOqcN2oU1oNN9eAbgCMiiPvC3eOSiIuFC/LLtSOw3Iwr1FZHFHbykvYPuKS23BDl1N+P3TM/qahcnRJY68Gar7NdOzjJiVhEKT3F
5VH7AOvFWJCHCkKwMUUZ6s0qsPgOkOqcN2oU1oNN9eAbgCMiiPvC3eOSiIuFC/LLFtTMR407DtJHrcictfvzpslSnCQDAaK/F2X8wP0ygkj0IPczZJ88b5GT08SJ8D6lzSKX9teepHKXnY/R+/CqpnS1jQ3vqaZa6xBV7cgUiNNDWioEqq48jUR1ykAfl4oJKb3Fb2uaSgN24Dtd0Wpmhg==
f/dplxB+TnWmjrnqWSXHzSKYlHRZy9tdLUewwHxJn3rO8491bPUi80nvk8ufb6EnxVUNGld38klIEe1KGzFqteyf2NsS0vdTNjE3MbZOBfFSBnWAZNVXZBcNA4joz99qcC+mZfK/DRtl9SDSwPxwmZHMsdX/sZFnqDxzYzbb768=
f/dplxB+TnWmjrnqWSXHzSKYlHRZy9tdLUewwHxJn3pJjsPl6gLw8jpuXafcApGI95TxQn9TgwNnrC1oL3wS0JNCe1Ad8WM/JuQ9vm2ODuU7Ussg6qk6699NyiCDYylwUJs4FDD+d+ktatwYs7UtkQ==
5VH7AOvFWJCHCkKwMUUZ6s0qsPgOkOqcN2oU1oNN9eDdSXLbIYMS9cN7VW9QQSngACqaKbj5xuTm8ytXoNvFQvfitUSE/UKanAiCiVGTdo7DiQB1T1FKS88Cpv8d3d5MPgkhCFoLXBqVxsz3J+zVvVlEcWA39uQitvXOFiqtsfQohKAmt/jhtycToas4SPdYi2oRShNrAsmNLc0nNXTJ3A==
f/dplxB+TnWmjrnqWSXHzSKYlHRZy9tdLUewwHxJn3ps9emJ3OgzxelnRb17V5oZ8AJtNme7URR8r7i5Y07xSQaatb1vWAGsTjatKkGyZ2Io983e9r2Y/gAEDHGcw5pnlB7T1hiVC3UYaes3H2nWtA==
5VH7AOvFWJCHCkKwMUUZ6s0qsPgOkOqcN2oU1oNN9eAEVlxoNtdMD3f6uKHsfe1dgoBxGTXYC6KNGezzAuCyX3Q/E7dCbTntgx2foi5DROTjc9gK63lN8rkqVwTCEQL+S0+Ns+9zBY89IeBPu+77Fj5+qUpEiQA0aglNVZcYXh8lN69SuCwm24QxS8sEKdMgHw2+zMLlUaMI0X3OFBVRfg==
5VH7AOvFWJCHCkKwMUUZ6s0qsPgOkOqcN2oU1oNN9eA4Ymq6hEKL+nOsgFwG8sOH6tnyOryJki1n3Nt7dfbs+A2EfOiLknnlGbOTEM3oFw6NvaqocijNHBu21sLT1Ns16uvxn+4b2PC575EXrJWjeQkTo9+vp6EgFRCgusY3DTjcACea5lRN677WbkUFxa/81h2ZjI3HdyQZSBWhS24tKA==
ctfMh6GD3teqlgo9INnuctGi0wINuETEu6ygMMH5lPg824N8dktYz4/Qi9s6fuY0X2H0zln+q5wVKzgq4CAiQEPYwCmDoG7jVP/Vi7jWgL4N5WIJ1U+iJQfSu07x2GBqBxazInTEmuF7VWc+XmRpb7U5Gq47zVQkJOF8pyz3xFZWvdXwc5+FmBwYaD8TB4bm
ctfMh6GD3teqlgo9INnucqO2pC2uebBpX3LwA4ow8fb+9edProUYQjUyQoIx0YEse4zGFwHJtf7wbvfzRnIhF89+BUQ9Wt3AuzwqLw9WnEn4gdGddZPmXtQoU4TS8Yg+2UkrhUDiiusEAjE/hkABfLblmXv5PzBD0eBBVAzesX0dU/Y4NzDI7svBEyo1cDlQ
f/dplxB+TnWmjrnqWSXHzSKYlHRZy9tdLUewwHxJn3oJWxrGkpfrJqOBPN80XFFnxEVeFJzgRf6/bcdSZopBAFM5D1nkjQEPZ6ajxpy16qYBNtHs23zNwVbbwl7egz6UTm3BHFCYZUjxLRexfW3mxxwUlxqjHsmherF4oGrdqQHYvuVMNAUQjePJRXOiI9F9NBUV1kcSB/fHvw3O8FDA4w==
5VH7AOvFWJCHCkKwMUUZ6s0qsPgOkOqcN2oU1oNN9eAgrRYEdT2ZPPeaxOiYYSafoY2i5e/j/9suly5zNQHuir4WZszDs4bLkQvvDABTx2ZjM/LqNQo8Teoeq/W8dci+myjFvPLYVn7TmBSQPEDkeg==
5VH7AOvFWJCHCkKwMUUZ6s0qsPgOkOqcN2oU1oNN9eCgZbOs/pvb4VL8vcY0KcIndAALA+Q7b6R07kLhoSx7fJ/uD6jjuAluFLrlXjN8B/QOnKF6h+0CuQNNsrrlwgLe
5VH7AOvFWJCHCkKwMUUZ6s0qsPgOkOqcN2oU1oNN9eCgZbOs/pvb4VL8vcY0KcIns62HKJ+yJ2oeUxCzEt1Pcrfprwi8gwTK2dbszVegWchm3FxmrsBLU99WPu23VnHAxOLvf7QF6nFcr1Rf2rm6h7rIJinJgTCXr0h3a1EBOqY=
5VH7AOvFWJCHCkKwMUUZ6s0qsPgOkOqcN2oU1oNN9eCgZbOs/pvb4VL8vcY0KcIndAALA+Q7b6R07kLhoSx7fJ/uD6jjuAluFLrlXjN8B/TvrkYtEK4awCgjDxqFVj+I
5VH7AOvFWJCHCkKwMUUZ6s0qsPgOkOqcN2oU1oNN9eCBycalyZd8TD7xTUZnlY/fH52fdT5R1Z+reztHGAN/0P8EZwyelCf0TrXKT1L3oi1XQhQW9af52qGXU1K0Gnt9GYVvSCnrgsFBz+gaR0ylhgyzsmTjUsNU3VJsa/0AR3/bv2OftmIOzIeZbHPCLoNW3JW2QOzcBidZdBwcoFw0+g==
f/dplxB+TnWmjrnqWSXHzSKYlHRZy9tdLUewwHxJn3rZfFhJbujcIRQjbZJjth8yEeMCQwXxeZbsRcGdHGvWaUjJZjpNhx/iTyuem/83ghjlSwfEq3BJUo6xsNteKeu3jOqdKerFcjqeuGz/36lC+XGtb0yEP+KJqcqJ/u4AWhQ=
f/dplxB+TnWmjrnqWSXHzSKYlHRZy9tdLUewwHxJn3qyWUtreAcv43k9Qy9zo90TxeJ8+M8LrM/3c0DXmdWdvp6CpXe7laOkzWsT+vYHHG4S3JvVnD9gteZq3iotnmg7Tn18uBYNoO13rNMB829LIdofXj9E9v4cm2ENC66yssg=
f/dplxB+TnWmjrnqWSXHzSKYlHRZy9tdLUewwHxJn3phiJztHKOY8PssOqFUPu7c65lWtPqMe8T0acM2Xs9oYWJ4S/IU7vUayutGD8fJjHn+O6vw/4ZA9fDpQaCUZxQf/rCbzeZrekzSCW4kn31v6Q==
f/dplxB+TnWmjrnqWSXHzSKYlHRZy9tdLUewwHxJn3oZxeukocHogrXRaSykxmyDQjjg1JAguzttYFWnXOr7d5ORqM1kkNfSG07GpDJlb2Ncj2QFK+aFvzPe9AmA8HVPeK+3BNrK/rOzS9WbIiFa3Q==
5VH7AOvFWJCHCkKwMUUZ6s0qsPgOkOqcN2oU1oNN9eB07H2Jy41Uwu+jXkV1hKo4i9NN7tjJ+pFvm1ROfnFHbBRSgElWwXNHUG9QmiN2PpgdLEu8vT4fSElIIpAeobLRHd5kpwcRtHMCaZm7vmZA9JFlmqfLyfXvcJA16tpAc2LSibJsRRZXC0LVIiTdlHSq8/quwfAJZP5C6xgwULLk5Q==
