GmcONIA9PFzHw1gpPLLPoqev3ytAH5KO3S/CJpMsylg=
35kyjVfwBJgytCi6KM5Vug==
FNt9orFfFSbPIXNSbXcP2Q==
gE2g7VQeqq0h5MkG44fPUw==
A4ZCFW7RnVRfEnbtNxUDb8VFIQmzxcIFLuiIjRY2q84=
cwgQW1UgxyVfBeSrdwXHsPE1eoSAri+NViVSjTYe4hg=
pYn3RyiaY4vz2unSybTHuw==
mAzeFbkWBGyzJRgEWJSZYQNn44wFaguEUnqkvHVinQw=
NiGef/LGs6v8Em6sqLz1GYGKB0111uCW/TAqgkiW0+w=
2lfNnhNY+w/3xMaMUxJbE0YFT/wvMlSDz8Vrd5FEs18=
vTiXY/letAxhSPv1yI90/Emip8bmpqP8tISDr8tCYYN1CzeQkKVJa6Acs3JzUTyXiUa6QHfhS2if28Z2hye4UA==
vTiXY/letAxhSPv1yI90/OX68q1HyOybzHMBAmFiMe4Du9T/LINC63i0bYOMyZ9l4FDmBaSL7RgWTGCsEnR5Kg==
vTiXY/letAxhSPv1yI90/OX68q1HyOybzHMBAmFiMe7966L0bsNtVHGYEe5N+piJtKwYGNwU59GdAQom88uCVGFKIvd7s7lE/gGgsWFOnMIMMyrP6ubu2gGv+r3dl+36ucJS5CefNVdwpTmWWBtKSpuptQEPTBCjouRbPtRC8gne1ZgQRc9k2g4lt+/FUQzoxvyhEleS0i1Uspy32YfQ2iuUZw/YSTwPPrPZv69XzaY=
vTiXY/letAxhSPv1yI90/OX68q1HyOybzHMBAmFiMe7966L0bsNtVHGYEe5N+piJtKwYGNwU59GdAQom88uCVGFKIvd7s7lE/gGgsWFOnMLQNHrJF/hm26s+ehZyIpHSq9vraVHP6qi/YdY+E/DnHpLxT2DKv0tNyC+803tcgYg9qCLT5vrTjuy/O9EBSYSNO1p4wniZCQGB0MQY54q53w==
vTiXY/letAxhSPv1yI90/M4KOHc9VVWqa1svSBoGPZX7/b32X6tC0NP9F+yPxuSdIIv+rnpuuT5f/H+kFqjb1MDjHK08w36vOlP7i9l9GvRy1C+lrp47FiVSFjAVGx5gbLqj9KPH06L5kyXFdvAmxcgrUfagSCNSLiEL3OUjz/SEGOv5NG5nJOAfyehrLzO7eF1tG/PrTPSkpIsj3scBDVa+hZXLW8xGUw08G1vK0g4=
vTiXY/letAxhSPv1yI90/M4KOHc9VVWqa1svSBoGPZX7/b32X6tC0NP9F+yPxuSdIIv+rnpuuT5f/H+kFqjb1F8ti9QuiLd22hrfdCDZf1QoHOA5gIC9IfCoTUCR+Iua2yxBrw67qHlwpvv8Fasgn5I6lGU7pnV7M1STvL+VOq4ALR/1AB3k40s2i+a+WXktfEV75xN2q0waLojh1SFksOsLYYjbewZ6SYLKMyQne9U=
vTiXY/letAxhSPv1yI90/M4KOHc9VVWqa1svSBoGPZX7/b32X6tC0NP9F+yPxuSdIIv+rnpuuT5f/H+kFqjb1PAiphCtWDopq03rb4f2J/Y1ryylLpZVAHFq+Z+iUorFrQLwznK9no24fmnQW1DqyLKUEmM2IGjQNNejWffhFCkhoHbwZ/vVHaknvCNI+95XLURQvJCDYWl2sKHAJafEbg==
vTiXY/letAxhSPv1yI90/JnOGz95zEYOnVoheigxYFlAaGoNZWvDhnjUgWK+g5AfbYuHLwXZlpuaMhc8xRTuP6oa3gzYBbPZp1y5mUQZuK5wH0QmCV4SnKYZA3GHZv4ePzcHyUJO+tzsP1nunKlaoA3BY0ynUxGq9u9hZc1YzD1t1mNBqdQe5yTbAMp/E1WXlBlE2S9M20AEGbvVcPreEu5r0cMsAxNPY2V1ErVuq6I=
vTiXY/letAxhSPv1yI90/JnOGz95zEYOnVoheigxYFlAaGoNZWvDhnjUgWK+g5AfbYuHLwXZlpuaMhc8xRTuPzbov5N/GtAwMNIONjY52Omh4EpjVwdCC8QMR+s94SA7FkzexI6GCKLpIpCDp1/FpPBtdvlwAch94KM9qIcqSnathuWe4QiCN0v5ReyEB6uYmEuLa7+C98ElDp+0W3CZJfYL9WqP3a55rd4vGyaN6XU=
vTiXY/letAxhSPv1yI90/JnOGz95zEYOnVoheigxYFlAaGoNZWvDhnjUgWK+g5AfbYuHLwXZlpuaMhc8xRTuP6oa3gzYBbPZp1y5mUQZuK5wH0QmCV4SnKYZA3GHZv4e+ORtZtiUHHhpOzK1RwMk6MKIfC+VAbubsGFBuGAZFi4R4TeLXITvHI27b+7xE67NCKQ2HCkDNIkXCfKSYSqnGtNdPVhbjrrX6clf7kn+U7I=
vTiXY/letAxhSPv1yI90/NNK0cBusB48bRoBh4gsEUZjBUNd/YHB456yfKXDiW6/WpZ2yFKkqhD8ms3s5KEByQ4UZ13VwgiBhBfHb1cXFLX0UQ7cDf0aRIwkQRW+nEA0tpGZLWoFV1sXrtCzk7O2NMhHkXK5A7DE38nVgC9TTA0GNQjsqWntgUhXLWym8B1bqtUpq7GC6GT6ml+6WaSLKQ==
vTiXY/letAxhSPv1yI90/NNK0cBusB48bRoBh4gsEUZjBUNd/YHB456yfKXDiW6/WpZ2yFKkqhD8ms3s5KEByd0/a8/j3ua42I3gH75HQpR91B3I/PdzJsNn4xxwHn18n8rplqXpXbAYbpInN6YVE9TiVq4Ik+cHp6241DpxWoQo2zdI5oJuMepFr0aJSE+LbRpHpCMcPgBekHZzKcxpiGtS1hK5UT/ltbBVWmbGXJU=
vTiXY/letAxhSPv1yI90/NNK0cBusB48bRoBh4gsEUZjBUNd/YHB456yfKXDiW6/WpZ2yFKkqhD8ms3s5KEByawwbCSh7uslCcTSky7FRbX4M5FjEFkGVgXQwaIZ4WEXKsr3ICtmCQxRYbkIlXVacoXwJF8HtIqQwlQTiUykWhKkplVbEXxIaFXdtU5HoLbI+6IHzyQyJR4zSI9TBr+i2uiKcTD2pIVygXIQVy5UnDI=
vTiXY/letAxhSPv1yI90/NNK0cBusB48bRoBh4gsEUZjBUNd/YHB456yfKXDiW6/WpZ2yFKkqhD8ms3s5KEByd0/a8/j3ua42I3gH75HQpRDokXgEEdNIIEn6X8ojgaS0iCGZeqccu2hcqlnR22Bb1/6NgR0O2o9qg4USshYe0J+9tfY1MrRJfl8g9Ti4WmIQsRrU09RZT/dUeDwbAwTUdXLhsCwqbpNaO5qRvQbg0a/cko/4a9fAYJFfzumgWWP
vTiXY/letAxhSPv1yI90/JAL1WqSEU/nDcgcjPAJMH3Pi/HNsKPA4qhZY2s4PzUEBEvo11LQeUrw4UMUVea9LJ4dGPCROCGNG1kEWe1LKKo7HV6eTq2YxAElG78dIjScya1x3a1jWbs4gj91+xxW0GhAi+2C6JhBSGYM5upiY9lg4xWI9sCUV10lWrMG06Z+4GZicHtgy90JTQGPKuM+IMVUhGrHiSXU2ZY1ZMMDQ34=
vTiXY/letAxhSPv1yI90/K1bKvfg2wTWH0/qxJx8sc37QciOFdJwxviJOu8KBfaaw9jNjmRL5+WeE0NJmv3zpRmZZhKaVJTEwtbN9lr4TC8Z5HKFy6/Bug8c1mIJH9M7oJfKcGjRgMvfGcnDlop7ig18m2tntSWoOGJ6N8lnaFhzPoG4a7F6nhBzsQMX7P6/BR3OskrpTH0i78tayM12GXsXPjCClN+eec0Jxo3+J1+YrA89w3EBqKrX8daUGrXe
vTiXY/letAxhSPv1yI90/K1bKvfg2wTWH0/qxJx8sc37QciOFdJwxviJOu8KBfaaw9jNjmRL5+WeE0NJmv3zpRmZZhKaVJTEwtbN9lr4TC8Z5HKFy6/Bug8c1mIJH9M7CwGWnOLyBvdahFzzAHnuc2v5ITBFfY8Z1NrjmxrPcnNmNP9Y3PQIFjbxNoGG0RZNahLHpIYPNs7Wc8WhH68ciLRw6pY0IE72TCdy9umsNvIdbG4jLfxQCee8xyNEY7SA
vTiXY/letAxhSPv1yI90/K1bKvfg2wTWH0/qxJx8sc37QciOFdJwxviJOu8KBfaaw9jNjmRL5+WeE0NJmv3zpRmZZhKaVJTEwtbN9lr4TC+LW1Pim0mcJ1OLhbL+hMQEleqPN0OgWvQt1PnRFehpWZTyjTiROHr0lTuWUQHkkEAGAogivo1ksq33ft2+d8jcOdblEGgj1mBDsZDCP/zPJ4f/wyqq3iP6DybFzxjZBiHMqdvbt4xdNhMBlNsytfG4
vTiXY/letAxhSPv1yI90/K1bKvfg2wTWH0/qxJx8sc37QciOFdJwxviJOu8KBfaaw9jNjmRL5+WeE0NJmv3zpa9Kpco36MURmUyTlPA1fCB8kLY8tTSTpxAoUuIudO7auMxsBA3gvOtWgLep0LJmSOWpNLZBVZg+qhB1UDyOjrQXlYdVs4WGEgosiIqon3dR+uSwr4v6spPF4Ahb1vBxUg==
vTiXY/letAxhSPv1yI90/M4kunohFieQ6PVgvb8i8W7tI42/+h8epOgOhewQzjiGg/mU7SDjzMWUEqA4hIosekrnr91aZifdyrDErYJ3OawJLHh/0Gbnddtl3Hh0yv0m9W7xu/ghsvs+b4PrsxJOxpzPqTKhPpm+cPTIz/A6yN1vlHRo38OMbQnYhxf9ly/FXE+B/lP6HUld9o0anZGbx+uYDPvEy/tplfPwTyTY5Zw=
vTiXY/letAxhSPv1yI90/M4kunohFieQ6PVgvb8i8W7tI42/+h8epOgOhewQzjiGg/mU7SDjzMWUEqA4hIoseobu3gTuhmOeGm1+HV9tkljRpBwufmhEJZoiOygcxz/ShBixE7JhleL873EO5JgDYVLrGpugP91tMB0Lk7ylS+2qCcDBuNPkIjPKoFkjkesiHyRP7CAf7bMXhiO393GTuw==
vTiXY/letAxhSPv1yI90/DkneBEoZeX1EqVOWwIxyaHCoEzY8dcn1xFTQS5AagLIIF2oWJVVK6mRLCOeUReiKa06+9wyVNu2JODsW5dv6mvPbjcA7Ux8/lujiHmYkCGpgcmRV+hByh4lyX706eYJbK0kF8mA78GfpCUq9dePO/LD84NIimg8wr5BNdqSemy8c5Pdh6hpwV/IAH/HRrDTijhtlA9extnX9VCKvUkyF+4=
vTiXY/letAxhSPv1yI90/JqvOiD8g41YeDlG0C7rIqS/SsSby704w+CRMBSp8M3AqPLKkRmzE5hZII08X7a8PKfq3S/dZ/IxidVj8pDpTA5BOvlpEfKf5CN6U/ESAR5SJyUB05KxIYPc6AAGG5Gnf0Bsaz0PkXNS8O9n7pCVtHSyJHxa5kpT3RecFNiwtca2C6Z5qk4WdfnbspzN4ENJP+pe7WMvjFio9McLIJsoVhQ=
vTiXY/letAxhSPv1yI90/JqvOiD8g41YeDlG0C7rIqS/SsSby704w+CRMBSp8M3AqPLKkRmzE5hZII08X7a8PKfq3S/dZ/IxidVj8pDpTA5BOvlpEfKf5CN6U/ESAR5SHk6otjVnl9UrRdbiTy6Hex68Rpe9dER8/UwaUNfWkvV6AWIMxJuy3EtD5XBrlxgZviSjf6BHtXwcMjENSWSd5qtrZjjyGrLaUaKoe4VYwNo=
vTiXY/letAxhSPv1yI90/JqvOiD8g41YeDlG0C7rIqS/SsSby704w+CRMBSp8M3AqPLKkRmzE5hZII08X7a8PMEcto2Dg2f5ZFzM0P1siEPhEX0+i+Fkd8bAcQqgXP9xB7V5eky+yBqPNP3Sr5VekMrHOTkAKIWMimWZDDFrXTLc6okovRIC9Z0sAnwf9pAEaBZ4V8cr5oppKdPPB3AeQA==
vTiXY/letAxhSPv1yI90/JqvOiD8g41YeDlG0C7rIqS/SsSby704w+CRMBSp8M3AqPLKkRmzE5hZII08X7a8PKfq3S/dZ/IxidVj8pDpTA6GaNBg6LtOrmeMA4WOgy4jK1RPACvBbU4HnXi3VfOD/YVckZakqlzNw8LvOJR7ngJEExBHFuKKd2lCW3MMd5Q+q5/+i0yR31yy/w/CO0oSoEeaIZapjHjZQfMF98zSSik=
vTiXY/letAxhSPv1yI90/JqvOiD8g41YeDlG0C7rIqS/SsSby704w+CRMBSp8M3AqPLKkRmzE5hZII08X7a8PB77BRtlFtCMQ0gZ/i+TtRQFJGSWi8fJpH6LHqsiuF1mgCxCAMaiX8JyIaEqSapjbJJw1fX93XQAVuvrRWLzk3Gzkt4q+YokxxlOxr/pXrki6AxB0jYcu7NrANl+aX9VOjfofkZ05nAKgp2M+Mo3hrY=
vTiXY/letAxhSPv1yI90/FnXClPsDpWxFeb62bG1TEY/Ld+SWHr8UivQWqr8mOwA6ICbqSB7o5gGgribH3tPdA16eyZOT7jTusGH1n/J/k9Z8gyiofY1zrlrqWNwMAopwcBdbGVzbZY5xlSQxe6QOFAjk55MYvYkGOQbE8gXwJpHHW3oWa0an+HTEgmj6ji6LeR94kTI0J2YQFxe6S/1+RYu0SwhunoKPs3k8H3x5KQ=
vTiXY/letAxhSPv1yI90/FnXClPsDpWxFeb62bG1TEY/Ld+SWHr8UivQWqr8mOwA6ICbqSB7o5gGgribH3tPdA16eyZOT7jTusGH1n/J/k9Z8gyiofY1zrlrqWNwMAopKhz86OKnF32d07U58GxoFKg56K4EHxFNiHPCCMwFh+TrLvtoeWP8cT5xnC4sLSl4i4xcUPszCO1Q8UibLNZRtcNA2QBUypjtfsH3QwUPNBE=
vTiXY/letAxhSPv1yI90/FnXClPsDpWxFeb62bG1TEY/Ld+SWHr8UivQWqr8mOwA6ICbqSB7o5gGgribH3tPdOeMXfGsyeFKixH6dANhhTRPc4jVLAX7687f6hZEssjn67wXNdDgHA1ZCMZi34cgpdXJexUWJyTE1TSiMwORc97x/O29fom/GWw01cmOwOeuqtWhiHEyhLSnLacaGo0aOZGrH7fMCwmxlJugNvFAiV0=
vTiXY/letAxhSPv1yI90/N0ohEuNPNeuqb3gnWW8NyXBc+inEpMJdnkVY+xARcbsvCHHnLtlHO+cYcpcGKzXL+EymPAAoLz5C6+2h/q9Q/XhR0hHHCJFEw7hH5Apwh4tLMPZhnF0fbt19JDUrEBSf3qrF3PklTIPllJL/gIjy8tbmSE9BsLcg0wfXDl95Ulqd3t7it9mXkvn9WfrmQev1xatPfPqcWCeXIsDIxm/ysg=
vTiXY/letAxhSPv1yI90/Cj/ISyIvBlCfWPuD/AoqpjrnToSudmAuXxrn0y8j6wMYL+D7my26ckCitdPb3j2ax/1IffTAh40dD10t7n2/e5Bk1cZpyu9E2SaHLOD1Un9PJ9pehNYw5jStyYLs0YZyUFx88PydweI3+vRsKhxtXo5lYkIUfvTxA4t4Dw19CtNr8hU0UOEwZXRUOjx5jF8m0LpcNW5ZodEgISaBWxq31El+ctcTKCbZWzE/+/wxZZ8
vTiXY/letAxhSPv1yI90/PtdIL4Da4V7U76tK5UXNEfS1lZjqx/lCzC5Ne6/u5PDO7hu2dBt2/B0b8M+dIO72tBYT9OGBMto0fgksTXraCsJAuInch+KEe+3i+FlAvxjoYQTntw1lMFLMS/IZ1f9n2Srr2vxnzChGgE39w2+Ae9K3QDm4wvtpbEfut5T2jbU5jI+IpR8QWWY0uYqK6GdHg==
vTiXY/letAxhSPv1yI90/CsGfWtFao09WkyZt8qEul/hf5eLCcyuAlbALZc+k5ChjOcij8or33Ek9OusfIOfIOhg2SeLh8Qb0Uf7rxPF5vyYhoAgdXAR1Y6IL13aznZgJ6qKgSjB2xkRDLPELlsyE9Srxz8cbiSRImqy6s5iTbFplblOj5Rsgc+awrDK2nI2A9xDpASu1Q6GdzNfll2m8bKmltlNyoqaVyk3GWJXTaI=
vTiXY/letAxhSPv1yI90/HFaZ2Blpiz8FRLGfhK02Zj7j+KIxm7elhDWcmsjj+qzmT/MWo4yC+CEsFK2ShdYX12DdnhW/9fW84dhnhY1I5YjkL7N4JVYRIyTgLNqHTrQS8T9rH1/e76QMdfuFoCD+D5fCLW/3jqI/hDyKzhrpbKhgan3QbDEzIM9V5Q+b0iSH1C18SlnLBOTRY5NndqdMQ==
vTiXY/letAxhSPv1yI90/HFaZ2Blpiz8FRLGfhK02Zj7j+KIxm7elhDWcmsjj+qzmT/MWo4yC+CEsFK2ShdYX6pP+oW9yd7Su80XNaKMLBRLXcTwi2HytvVunFFP2m4RfN6Tx3mOMN5IFuZf6LKCJR1npWxCd+ZVq8b5wAnYrYXwz3LMzQjno95vUwYvm8X8N8rXkTyKfmmOvMXQLizEAeiEibEIzTqbGoTWFrDcZ+0=
vTiXY/letAxhSPv1yI90/Ov6x3basGnvmvEChd9PGWsBpP3D73YIZup5tIRcYwV9ToOz+FCz7p4hmdm4U3Bsc7W8C/eSFA8P47SmoDPR1I26vWO7NnkhLPnPm8bnWLNYC8+56vjkjtDcr2m9FHtGvSfEpdlPjwNyKDZtDDuZI/+hR7rJMZ0y+gfVjFgxH4NRoBpLWl8mrgBgG5mBN67g0GDdXuBjjyn6+Fxiwt4iWPI=
vTiXY/letAxhSPv1yI90/ESurHHlvPKFkPFpnbseXD0uQvPoGLaobGBXxD8Kem8sgiiArwwRfaa6dMaeCHsK6WYBSflaIGLER8n5RSewWOTl6OvgKoxJmwU99ct+nv315JMmzPzeA5vOBSVgTKo8En4VPMVkRiQuitAZcj1v+XZUw8YjtvneUPW8SlN0LJ2C6VMkvQSe0ed5mtsu3IqJnjfHTGeMg00bRQHU+79uDR0=
vTiXY/letAxhSPv1yI90/Mc7zXupwJ2EY5eMecWVqImJvjxPy8UireGFMTnAXEOeC4ejn0Zg6yxLsnWEaMCbwTEs6o8Lt1lBTUd7jVl2dGCxwFSAc+0nWyj5Js8LVII0wSGjvSqiX/iN2ZtO5ceijmcLHnaG/XkRBH9s4mJHXjL+hAiopTeFSpHYJxzS69KygaAGXx4Kt09zJrRGAiS5OWSXx+tdhuCk0l8KBsFKfiY=
vTiXY/letAxhSPv1yI90/Mc7zXupwJ2EY5eMecWVqImJvjxPy8UireGFMTnAXEOeC4ejn0Zg6yxLsnWEaMCbwRg5TDHbwnxKY8Sr9e9KpM6lLGty+9QRKFQ9FuTx89iyLnw4cpFDiqUJSBh0RI8pk4uWEZWznkDK9kXIYhjyAFUiRP1T192KAxOb4Nc68LK6O3wcoctJ4jl2hgtPe+xx8Q==
vTiXY/letAxhSPv1yI90/Mc7zXupwJ2EY5eMecWVqImJvjxPy8UireGFMTnAXEOeC4ejn0Zg6yxLsnWEaMCbwR/W+83M/i6Yw5Yz6mT8c+pH4Yz/sa18wGCQQCfQaoGT1w/nXc6ZCGveNm/XX/3sGVGW1/rMxFQ5CV1shlTTIF9/ZGpDvlZW5mk68laZd3NPslpiUN0GbvYYMj6jw8uME+FLRyGfaS1DAnzR+wk2K40=
vTiXY/letAxhSPv1yI90/P7i9v29IWXzGssLrFK4ofHYPHk4apXlzM/UvL1/OkAh1a4ySX0yxI/ljKBbnVEDcA==
vTiXY/letAxhSPv1yI90/DX+FYDNGTjAyALnmTwoeFySEBCjJXs6qAEMF6Le5/Y0Nqwp5ZadIknYl1X3ifAQtw==
vTiXY/letAxhSPv1yI90/B//RBSG3hTG+Vi/u+w4qiY2cBhEXjQZzpLBBsCqme8rszVAv9ac3TFPrTeXe+Fn3A==
vTiXY/letAxhSPv1yI90/PMwnuk1KcFNYbQOmQM/SFZ6ZiMAdSGCw+f1cnu7zUNrvseD2ncdFqXCB/dkqsL3ng==
vTiXY/letAxhSPv1yI90/GuDhUD9uj/ZbRKpE37hUvFM8wmTpJ9f2WIVr0nPh4pSD8WQxvQCq/TLoOZEW8wOtg==
vTiXY/letAxhSPv1yI90/EpjeizLJaOubFF1SoQwL0J2qQxOcHJyG8w8wzzpjH8bAGdD4Ry5Y1kHMeC8kv/IAw==
vTiXY/letAxhSPv1yI90/OdNjztDwDUXA5RzhfdP7CgxcR/0tqv4h9DDvgnwOvKS6+35I+P5OR8p7erlbT0jtOPBzT3gnsKYJ3lFttbzncEtCqo+CHhSN0sNfDTx7fOTuYqV9kkbuzTwW2INSGHGwtwcMKNt5ibk9gypCNyjFLt8o8XGf0Pz6IMh1jLP/KxXI0EPl2BMN2ZB+OpzKg3Js27FiK4lSjZVn32OtyEW5lY=
vTiXY/letAxhSPv1yI90/BtXwp5jMSjgisn+igw1Yhgr0fXoeM/En4WnXOLq4d5DtesSo1IyEbKeOpKpeA+yxEykwFxacWB1VLmWT3IfkErrtBdaHPcwPrX3qw/A4X/cTizVrsxqUlbQ3mTUTUHKdLGAFHPH/QVR3IwJ4wMnmwGQyiZY1PUhRU4VDFCVJXxAhQK621JDyC+OP2xp5SKtOxON3vFYURwfbQGpkWt0kFs=
vTiXY/letAxhSPv1yI90/H7dA1QgVMS48lq98Lwfj+XGgZZ8esG637lcjMB6uSF1U+/3HVWTjLXiiMCqd4N2FA3e/yIQ+KgtArklUt0ZfGMQbSLq1ogLmFzTLCG/nEIA0o4o0P6kOk2g7UFyHWdarERBcy/yPgVSpgcvBYPSc61Mqcmchs2LTC5L5fzOcdzWD7jtHYHtcQqqc3b0kh7mJ9EEthyEBM4GIN6ajAasAwo=
vTiXY/letAxhSPv1yI90/DDhIBpHLIBKJFLSpIYPPFodL4pO3FWobkaXLWy1GI6yYc7a2OZeD+VFga+OUvTZgrjMEeIL7nDiKJ2DWJOxTvGOqsiscOalrObKvae8wS1EQ5UFXQDNxebdT6ypxaE+LfwaE2/mi/rTamxr9y6Wp3EeuaGjGnu/i/7HrUKZ30L+7+Qhk79wsmgrwfxIYGswbSnOT/T/CaiSMYztU5KxVVU=
vTiXY/letAxhSPv1yI90/NYC2s9R1sjNPAVr28rGGg5a2ppIGpnlZvaxHFi5h477sh3kdJxH97Bxd9EVQliMaw==
vTiXY/letAxhSPv1yI90/AY8z1P24BDOvOWWCM/LEPo/Vq0E6RXyJkEb8WkiazlitzfVIGsyUsUjCwOV0T7Vbg==
vTiXY/letAxhSPv1yI90/N0RWCKRwJvNh90C0B0kYISTxa7HzBs1GRzoFFICX7R5uVXZpMq7ws09j+pGkpdljvSums+s1l9PXcmR452+ZP5lq0DnYBPIINaM4FInXEWUDxRPKffZS0YnXQsWSRuCoKiU8wawORufkUFkctvsy/P0001XPNgBj6cIF5FJjJLPcBeBRTfEFCMwNrCqEHphQKa4RFZlL2bIjedo0BId1fk=
vTiXY/letAxhSPv1yI90/N0RWCKRwJvNh90C0B0kYISTxa7HzBs1GRzoFFICX7R5uVXZpMq7ws09j+pGkpdljvSums+s1l9PXcmR452+ZP6ofkquu48b/KS7LskLsTNWIIBOwvKklEnnSjefu6qwS3twPZwGe4TDS6omYweO23NylDnAe7omEx7AOHRA9XgchOAiJVvE+G7pJVtgE/q9OQiJfFXyzSRvN+DX2WV4ako=
vTiXY/letAxhSPv1yI90/B59k3fKJUuVmi3Px2W43GjYHk7HMjD0italJB7z3wjYmK/u4iE+rOGSb5tDHRXfUz3wjqmHEiBcXo5EMFNLk9f5nRceniAuWMmLMBuwHKY82GAdjIqeow2DOlDtfS0qn1aubS9wVersfDe9OOQEhfjLMkBrzY7wK/q3Tu2Ayh8wJBhbZxlE665FKtaOU0+X242F8B3qcF+ta0GOytUuBIw=
vTiXY/letAxhSPv1yI90/B59k3fKJUuVmi3Px2W43GjYHk7HMjD0italJB7z3wjYmK/u4iE+rOGSb5tDHRXfUyOhlwjin3kr0cjSpX+mEHt2s5AS+9UezdlT+XAF1H/UfAlK9MCy/ux4aqlWdgFbdh7WUVZi7gK3rWm5ff1ar2T3knPGC59jgOajwILkKBV0SH6tBf86EYD30eTDpCHE9g==
vTiXY/letAxhSPv1yI90/B59k3fKJUuVmi3Px2W43GjYHk7HMjD0italJB7z3wjYmK/u4iE+rOGSb5tDHRXfUz3wjqmHEiBcXo5EMFNLk9f5nRceniAuWMmLMBuwHKY8nkjYT7snlqt0j1KwUhdgBNTis7laPQdWiR9th4b7iZ6OpA+zPrNVjMJkVpcYp5NpZFxxN61/CIICzhXM5f+GLA0vy2BNuMZvuufpCcp4kLc=
vTiXY/letAxhSPv1yI90/B59k3fKJUuVmi3Px2W43GjYHk7HMjD0italJB7z3wjYmK/u4iE+rOGSb5tDHRXfUz3wjqmHEiBcXo5EMFNLk9f5nRceniAuWMmLMBuwHKY81dbsWcdCXLPJ7EH0dZFusIIKIHgG+suxLPIyhCyBcSWk32j4JrqxAY07sYEyW13R320cgsKci1IXQZhedoxTWENI91w8DLyBJWxOrvoO5xs=
vTiXY/letAxhSPv1yI90/B59k3fKJUuVmi3Px2W43GjYHk7HMjD0italJB7z3wjYmK/u4iE+rOGSb5tDHRXfUz3wjqmHEiBcXo5EMFNLk9f5nRceniAuWMmLMBuwHKY8mbJQyZH3vfzUWHMrwT6pGO1isZKdv6w5DUfK5EZCEH39aSDRIvnrKYlTcYaqvHaELXLxGgiwIdrhEnDzlnkSNw==
vTiXY/letAxhSPv1yI90/LobL7nUihSjouY8XprGVeXNPGHlEkv2WgnRMARbrnqca9d3O/zEl2e7KIQuoofuvYk9iylpm1J0/7xQFwPFyiAlM3DA/8CbcKZPidJ+kxJu96C3KtCEFQkoi5OTa5OW8xdYUqZPbpdu0nh6VXTCcIV+EkxiUitwxEkjrjWm4A4zkdUbpPW0ASi7uXAG9R0R3ON7wUj3raNppWlS11fP6/I=
vTiXY/letAxhSPv1yI90/LobL7nUihSjouY8XprGVeXNPGHlEkv2WgnRMARbrnqca9d3O/zEl2e7KIQuoofuvawxD6baVGIiZmhBG9+NfZQzxiyCVZutt3rns64F60hmVyGNsz0dm3NPRSNkMpNIqwojUbTkMcjjBitVuKgmOfFWoSe8qn0t8tqHuxy4Mq5sx7zVbW0Wr4jI/q9fPqXohRD6qJfT0GLHtjTPnn4C3IDf1sYGuIiPGd9x7VrDfdrD
vTiXY/letAxhSPv1yI90/LobL7nUihSjouY8XprGVeXNPGHlEkv2WgnRMARbrnqca9d3O/zEl2e7KIQuoofuvYk9iylpm1J0/7xQFwPFyiAlM3DA/8CbcKZPidJ+kxJu+iU2pyZ8bCq3tuMRITnf2qDiHlnzOWVRMHCc6N4dQ9fty0B9uUexvM6oDdwP9m+JO+fcxkBDyoklmMkdCFIn2cojNNExSeYLIzbIqd4PYybNvAwiG72FwDwUVGa/AER+
vTiXY/letAxhSPv1yI90/KQHhmQ0nlLdGV5Ll4pn5MJmsXQ/L66Fqgwodg9k4MemE5zb8QwAiki1G/kwR6KaNg==
vTiXY/letAxhSPv1yI90/B1EtVr4LIZ8DQ1sbhiRL2mTn2tJxm2QtDSPQ1Vk0kUjMKGn9MXP+F7s777wsjX0A8HbsK+DVXkPpmmaLZy+aNt/oNARMJwSzmn6hK5d13ykfV+wfzNqLFfZac/zv7WGy0jrmwYnNG7BW1H+VFDi7CBlFkSumElxz9i6yuFDJHmke6LqVCPEZGPhBDR7vmDYO0G5x5hKa5WYr8Ix8ZDK4IpAkqP/Er5kPjtsachjZtZn
vTiXY/letAxhSPv1yI90/B1EtVr4LIZ8DQ1sbhiRL2mTn2tJxm2QtDSPQ1Vk0kUjMKGn9MXP+F7s777wsjX0A6VDrm1Ho+aAQT4I+T8hWBqbHCGU7Cwb/cH/AVWldgNsS0KaTabnuc8Dc4wWDPsMHOGDj7H4SJyGhzaW1rexpaurZ4E58kNj4W9wSZDbcb6zQBa7BmoFSYMOMFldecA152zFkC8llTZZJx8WWgY+4VM=
vTiXY/letAxhSPv1yI90/Hx6OX7Uct/amjRYgm1YbYvSA37L3zXTyKRHpFiaz4BFpt2MAEvWG39xJVXP1t4JOg==
vTiXY/letAxhSPv1yI90/NEmbi1AAMbD3AaqD0efLxSJkJDgpJ2405j9a7jhnxwqaBe+9CRl43OCTpeukfklqGE14JPg/dQDGb9PW9TNnehNajnydVS6cB5EUBCg72aRf/tU6O1Cmv8hmqkmnGCL6pTQW0NAWhETZedAedWUjOKoi0njZFTRiMQTL/XPkwqOBpKIn/8+AAcDRu48ulk+erKqtYrxYSSqf1KShc3RXBpInGQ02uaMPOwtvGi7V3cj
vTiXY/letAxhSPv1yI90/FMaZZP8RLJ2vBwm8d8RqH9ijE1n8BZ4AcdwvDYAksgZDM/fCB3XCgNIdLq96Sb9Kw==
vTiXY/letAxhSPv1yI90/IVZYHcAW8VD9knsBnnJ6ZvlDO7Y/hHNxrWG1/hiShBe5nfsSqmOdjp9TlupLNE4ig==
vTiXY/letAxhSPv1yI90/NHv8coDgBLkyGHsleLtv/D9JsiL0TNnGIEHDZrtS8+fsELs9PbkEp3QYPUQKdr9Fg==
vTiXY/letAxhSPv1yI90/H/6nQAkt4Spnvq1QNQ4kE0amAOqUN9cUyi3Mt8sKp+HJIXNbDPqt3QlZ1GN6HDs5Q==
vTiXY/letAxhSPv1yI90/OwtE7vKgtIq+zyO1ouWx906FKA2mkfwu3lTlCr8+VIEaCwe7DJawsv+DznfthKgXg==
vTiXY/letAxhSPv1yI90/MJOCcM3A5SDiJlu0FbhmgETkDMBeZtMrHkVwTSD6mAToFyg1l3ujQudxP9EShmb52M91966TufusA1EdLq//m9CMkg24CTXDM0BXXAS1r0QLPcPoJWqd+3veqTgHCKxJygCDfR4WITGfEKphYxHxv/NXmbsEp8WP5Rm/Q3DL0JoYB5e7dp4EGm8ad2ttfYaO+GxjoqSYxdbuEG/ituRghwgVVDT9A1k8NqqymPEJIIn
vTiXY/letAxhSPv1yI90/JlJyBnPZHOo9XWhNSVFzZSJIr8Ow+kFwcoWH0gDdEPbaIbHEJn6rVSsA2otJGdPZw==
vTiXY/letAxhSPv1yI90/JlJyBnPZHOo9XWhNSVFzZSEIG8yn7yMAeXSsDF0AvOjQWMwhn3wqBVBXz3ehp2POK6tHVK2/EFV02/GsQlYz6OyW4ynBXri8ZLO7k9N/6cXDZ03oQC53NUkw/1R0tfGlw3NTm4wClHtAqZJ1Hbp7OvoxWdhakAJI/uLnFQXyC05r9V2TkztFr+PiSz5a7KSOTDuAhXFgr61KdzNVYgIDZnbNF8KsxT749ZeJG9u7iNG
vTiXY/letAxhSPv1yI90/EYpCv0q/y5hUX3oMVb11VTinppP654DyRLBVxy2t2SQrcL6B+YaMSs3CIUOIJbAoA==
vTiXY/letAxhSPv1yI90/PwvKw7XMHKJZPTHMacXGpkpfwKtQ6GusdfYYOTzOC16/GLMNQJsHblB21KK8XVjUg==
vTiXY/letAxhSPv1yI90/EBF7PoyYuvcOTnQtY8Up6op4DsOzSz639QdDosf+NaNqrbK+z768153Fv24xIp54Q==
vTiXY/letAxhSPv1yI90/L8PYrqZID0BHarPeLtAo+idFB3PqpNGmhhYY90gs2lPwW8QpOfsvSZLTEwpn8pJ7cgQI/aILpeohXsbMdSx2Xp7prvcOU/cLVKtTL7NfAlFpA58ZWwyPnGQndScw0vS9erhaHVU9t8ShUnzVr38ipcchqI/QvUzEPZxUdEP4+NJIxej+gOIMq1fKVXRF3ItlA54kDx1AAeEGN8Q4fCmCJI=
vTiXY/letAxhSPv1yI90/L8PYrqZID0BHarPeLtAo+idFB3PqpNGmhhYY90gs2lPwW8QpOfsvSZLTEwpn8pJ7cgQI/aILpeohXsbMdSx2XpUZEjz14fuXoXpRIbt1Uy99u8fpvBvIOfwUhHkw4kI/2A/7A61xQIX6XlCvXajXn7H8Bcm51jwsAxARs9ZKDIjSdQupfyFbgR8eOuvHf4aWqFB/IvIQUQCWGLsOk8DJoY=
vTiXY/letAxhSPv1yI90/L8PYrqZID0BHarPeLtAo+idFB3PqpNGmhhYY90gs2lPwW8QpOfsvSZLTEwpn8pJ7cgQI/aILpeohXsbMdSx2XpUZEjz14fuXoXpRIbt1Uy9BYDiA711oi7Zw2zwYvsrEEfnfTvSh/MhLOdyoBIfbVYxV+10bVCsZmoO8FSaFBWw0gjnYY2Gub2u06MAHrzUTSUulPPVDFNGkx1JkgEVhyI=
vTiXY/letAxhSPv1yI90/L8PYrqZID0BHarPeLtAo+idFB3PqpNGmhhYY90gs2lPwW8QpOfsvSZLTEwpn8pJ7T0IqU6B/XPeBhveF19IahmAK0tE3EhO/Equi9WkKumH00Ls5wHQXUoYoisPRTP00dLa1bbadEZ0oXPCWBW5Ebn4VVilwhKixzSf3lQY/uRYxq8qbMS3+I8+Ivd+YsluJg==
vTiXY/letAxhSPv1yI90/L8PYrqZID0BHarPeLtAo+idFB3PqpNGmhhYY90gs2lPwW8QpOfsvSZLTEwpn8pJ7cgQI/aILpeohXsbMdSx2XpUZEjz14fuXoXpRIbt1Uy9DogcLWpjhy8uMLQn/xcJ7tdwdDLbFA0wlZWlxhzh8wrPjVaXCVd23PZSu273IxsydqMEkSY14VX02/WfSjUj46RIkR8KIqUjKNq8+AkZDAA=
vTiXY/letAxhSPv1yI90/F6piXj94XiLHLfNaUfma/E18MwG9u4pUjhUevFyQuWkMpNgNoV9nDt5zTYy7XbC6DLmgUn5dT46RguszvUbgrHx4ZNMhjhjvXs/edLqhH1Rzd52ONN0bnH+qavqGJVCCRiWG37EUdyD9AzicHsQdHwJG8nF6E5dj3E3jSbUz5FS1cMOmhiTjVQCXTJObWApLFk/AZwSm6D8hZUnF3Czx7A=
vTiXY/letAxhSPv1yI90/F6piXj94XiLHLfNaUfma/E18MwG9u4pUjhUevFyQuWkMpNgNoV9nDt5zTYy7XbC6DLmgUn5dT46RguszvUbgrHx4ZNMhjhjvXs/edLqhH1RpX7UY1dkg7LCafKX1sCPF4VWvEo1tndZr+bz3/y7kduSsyLwoTsbaotTp6RZjDZYPTAdV7Km38OKjYpYm53CO0EBiIyZXHyRYUaWbAkftDw=
vTiXY/letAxhSPv1yI90/F6piXj94XiLHLfNaUfma/E18MwG9u4pUjhUevFyQuWkMpNgNoV9nDt5zTYy7XbC6DLmgUn5dT46RguszvUbgrHx4ZNMhjhjvXs/edLqhH1RZe8q9QRuC6mqChCJeylHAzU3oo/vyqaq/PMdCkH2njiIbeBCbFPU4CkG/QRoTRQOAbcCZ0j+K9dmh9/trZZNlF0D2WEwd+o5l2v0ni4Osrc=
vTiXY/letAxhSPv1yI90/F6piXj94XiLHLfNaUfma/E18MwG9u4pUjhUevFyQuWkMpNgNoV9nDt5zTYy7XbC6A9yPlojmFvKbdHyAWqA7sK2SLhbpSzev6/A6PVOcT/vaTu/RsGtgh/XhoUPo8OsyA0gq6z0gDrzSEhvdKMjS2+EFP1tP4dJGXMJbeijT+OVsiTKo6n50C8MN8nzMjNQsUoVorBWFuivsIWuSiR4KLQmILVxICYdgC6NSU5Ms2Cl
vTiXY/letAxhSPv1yI90/F6piXj94XiLHLfNaUfma/E18MwG9u4pUjhUevFyQuWkMpNgNoV9nDt5zTYy7XbC6DLmgUn5dT46RguszvUbgrHx4ZNMhjhjvXs/edLqhH1R5sgi5BWVUv7McuSvEBsFHGWsZOZYx3bsi8J8nn+SnVgsiZ9lhLNgnviS+W1EwCtDW9gkoyMlUyq15Ym3Xl0hGJWCA+uB52lbTV3HknDq3Xer8MevLYeXILJO7TzosrfN
vTiXY/letAxhSPv1yI90/OWDotLdtgYGx6DqfV5pOLR+FNZpr7JlfLyZQEvgeGMlR8djJpHRRh7UGeesvRgPgg==
vTiXY/letAxhSPv1yI90/JvLpmTfwFZqgqsFkDgxzc17eaaQOapNwbDQLIPUzB7lRUcZTqAgCauCCugrAp/2eQ==
vTiXY/letAxhSPv1yI90/PQGOtVpBNEriBcVZemTnZ255F1k95or9Non09RX61jLDeBpBb7dZ+VHZd0ncx+8oG731Y7vUpVAcSK1oHM8HhWb44zd7qIVbvSmHcHm5DANSyXAQXDUDwMPwVOJuIFyyA8VUM5Ej0AF4Ng72qCQahf16zdVPd/dJmGoSUmkEwvJcYxFO1FI8aDdt5U5gPkhZqWieqBtzxTWTKb87DqxA1B+eTnMAblOij0M4PV9xJZ/
vTiXY/letAxhSPv1yI90/PQGOtVpBNEriBcVZemTnZ255F1k95or9Non09RX61jLDeBpBb7dZ+VHZd0ncx+8oMe4KtXWi/jRKN+o7GmNsXJ9CxrMb6YC80XeR7lgdJ0CHY4eGSpuy0xAf94YjR/acNH3/geZhS6J987vgYaOQjIQCykp9V43e463Uai7TdQRmiZybHhonn7fnH5iPMY2bg3TJEMWdWCFyx8mOqZUTKg=
vTiXY/letAxhSPv1yI90/Hx9fM9zBMbjLsbF6F+9dzGgwk+4H8xIVGefkxhhovbJmCa+PkcqNheO6+Ee1yssYQ==
vTiXY/letAxhSPv1yI90/MfQTvj3eSytcJv2tTEUYpcDXgE6OJfiJbH12E1Ykf3l1QEFY0YReyi+HfjUdvouEg==
vTiXY/letAxhSPv1yI90/CQizt5ko0/oqUClcbyiJ4zGvA4LNV2kCLdgvwK7ADm0ek0+NbKM5TUORTrJxfOg2Q==
vTiXY/letAxhSPv1yI90/JqIZNzvJA/oX6MWP/hEsvgHB9HriNMFW87AxBva+us49NIRJ116+V0UU702537hbg==
vTiXY/letAxhSPv1yI90/PXZMGsDvSRY5ffPVsr+Vkb84x9A06TyMa5Sz6o7rZ0+iIL3qyHb46kKnHDl1GVlJg==
vTiXY/letAxhSPv1yI90/IUbuh4DEukXJRkxw/2LacIzCOQ8E9YRWL6VOq43HYP53M5AjHU/LTRipfIEl8Tn6yc0quNBp6OQcP+vdGxqS4ew0Tc9pMxF4q/aDymxf2CSsOThlu497bjDJt8H7IbXAuADoOq593v3Dq868UAanVmovKT9t5cbBDLExN9L+LtHPIsT3xdOJPrS+KFRL918skLAoHIOXhzt+jgbb7HQ9SF09TbHTG0tSs27BhVdvmhM
vTiXY/letAxhSPv1yI90/PPjo6ACEPCot/LBfyoyh7+Mn5W2HV7+ZrDC2DLGFYXCbu1J/d5YfQhZWXPNp/dFLnv5PBH/D/lqmZINLC6jZWXe9FTVfuFRTWrBV7To2bvhP2dRH7nN0DNS5yxQwbPl6EShHSIJK/pdi4SiOQ4YPVgKXSNJWZ5r/lfPMV1wNLXFGzf+CR/8FuZdMJEZDmzZRA==
vTiXY/letAxhSPv1yI90/Lv0OAU7dv9B/omuu/nvO44us/VVxC21NkfKzq6aWRMfHMQeaIkipN27FlY/Ki5g6SunDqzmc66wkvhwN48fxMX1dQUPMuuop+oiNgRI2n6I4tzbP7kcrSU0qFNhHdFYyGJfxZl6RRyqYcoyJ7X4CH56sult3jwxM2USqfe9uCDsYmnSFCBtC8iMYsP3Oi8n1A7jiqebuZGUjJixzr6ZqRE=
vTiXY/letAxhSPv1yI90/BZRyGVMaWpvVDvue5Cs9okHjKtZRHcgH1ak6mqifZKmptBu8X7k/wHrsR5IqUnkkNR64iQuReMW0cN4CUwYbzWM3/Rmy2hxQwtWVfVztkuF8iWJ9JnbhTFh/3HGCtFraTAKhxLwkvMmP/aGYKa0OC/L+M0xLjT5YkdsnD4RWVXZ0cDrxtFnOVPQN03OsfvEgtXUPEcl9teXELcuG70X9xc=
vTiXY/letAxhSPv1yI90/PoveOdqlKHsqWk+XTqsMs7QkslvKvutRnxPc2vvPZfMpAWgoj268R2ev4eos5/ekOF6urr6t7pUFXklhjHKkHW7d+hkX8WtU80faupWLcCcnmNjkzgh+M1yWqK05+fxDn4C4u+VxiA18EN5PdjsyvyUBD22zVDxW0/2se/OEEMVopPGY8FjZu+3RZ3m354LjY3HMWQS06sSzzjeeYwlJLGTKvGeOcJpTzyDtDLkX6G0
vTiXY/letAxhSPv1yI90/Pfg24S77/VGl34D0veXe83sXfKJbfPFECrcd6vN5Ve1MXo7RHzPucmzYMSDYe7s/mK1Fh4xfA56aHnvP46J+2FS/cwiGUXHezhuBvxpaWUkmTbd6Lt+pYjOzyh99zuxPiN0030a67aYx75vp3VKC/Gxq4I/ejfm1mZLXYysV71ZXznrUw3FhIP7BvSD7OVv9sGbXmM77Vr2BayQEnA3FsQ=
vTiXY/letAxhSPv1yI90/NQXXX01f73xgF3W9SAjMK3/G4Vz/pEzCPeRXXCZH3HRSTqrR8n14YpphH4oCwzuhEjRmCYiWSzbH9zscoXZOFVDt/ZUV5QdhGVMr/h4/AB+po1CRODNXY4n8anGnjgo4HZZCOMolfotKkErxChs0j30DZxe3Lya9DWQwUXJa6izHO3pHvB4gPPnEViDIDdxc57aD4kEDfApT1g4obS8C+I=
vTiXY/letAxhSPv1yI90/NQXXX01f73xgF3W9SAjMK3/G4Vz/pEzCPeRXXCZH3HRSTqrR8n14YpphH4oCwzuhEjRmCYiWSzbH9zscoXZOFU6+Arvu0u70HN57cmA8DtsAlUIKogZtvekU2bClSiSLGOzgEfvnGwnMOliJ1xMgkz4KxZn85HDnTT2bEApcwtCBtJigdaQTcJfM55DajN0L+EfN/1CvuO7N5BLRiyTriWxgfedgjEf63Re6dZomnO6
vTiXY/letAxhSPv1yI90/NQXXX01f73xgF3W9SAjMK3/G4Vz/pEzCPeRXXCZH3HRSTqrR8n14YpphH4oCwzuhEjRmCYiWSzbH9zscoXZOFVh/NAwrVeQdz8iLLq+5fndViRf2faY8Nkz0G6qlq+hZd8Fq35sNlsvE5nsUc6UO1TwVH1tG3f0fYjrj84K7pxjnVtY+g25JREWNRSbJuFpU0reaKNMXcdNEZG4B4+R8n4=
vTiXY/letAxhSPv1yI90/NQXXX01f73xgF3W9SAjMK3/G4Vz/pEzCPeRXXCZH3HRSTqrR8n14YpphH4oCwzuhEjRmCYiWSzbH9zscoXZOFVDt/ZUV5QdhGVMr/h4/AB+2PE8Vpzs+rxYs4MdQmJtlMRW4NZGCDBVTPf+0k4ZIE1J/BMVM/TsJ9oBZJqSvt0ldfINeYl8L8OQb40tmZl0tey0OlEnIMQi1eqfhAIy698=
vTiXY/letAxhSPv1yI90/CFhbncqPQdcEmTBD9JZ3QllVeq6/vEEutkvRTxBh72o9ylG/a1ZR+sF1z3R1BdqpPeYXvQ1XwC30DvqYSHaH2hiO8yyiTkwMOzt6zSzwLS4EWKjA+PdF0JfUYqa4A16JQurbmkY8jfuyvg3WC+GB4fi2BRxxdO/gk8Qb/Bta9jeIrmi/J3T9V6JaeMSn3HXdoNq1ILH4z01/o79j+c7Iv0=
vTiXY/letAxhSPv1yI90/CFhbncqPQdcEmTBD9JZ3QllVeq6/vEEutkvRTxBh72o9ylG/a1ZR+sF1z3R1BdqpPGUZRZGCvtZswd/w4M1PrpMVXMZ5hp17uWwnKUtqKZ7XqyGUeJr98kXCJT9StAcemf9SktQAIKd0at6Fo8gepysbhQnFqmsVZ1JFkzQo2aDuJdHeXBZMd/bH9mgwL+6nYIFjjy17gndKCTrLSXYMfI=
vTiXY/letAxhSPv1yI90/CFhbncqPQdcEmTBD9JZ3QllVeq6/vEEutkvRTxBh72o9ylG/a1ZR+sF1z3R1BdqpPuZERj79DgTb7NX0zC50ruzJftZjJyDFnhbtNGUTzhU2Ho5iUQ1qde+/Jy+uKnuq/OxBF7GeSRIsy9TLY2z/XDjrhLAd2Unm5v15xiWMDDJrpSLsYRxg3MSqnnH8nWDFQ==
vTiXY/letAxhSPv1yI90/HTScAellUXeUBBbX3PwWNuHB9fY/YimjBjvooXKZTH3HHHvRudt7nM70Bm3BmIgdEY25eOnip5FP5zVBcfnslMOHkKUkWzExXRzbBRgctD12nDZm0zm4Mbc051ua9cQmY8uD1crDORziJEl7AB35SopjdiNANSVWA4F7pe1TuhHi5VkPBrolVNRW4mAnvLlWpIr31/we5f8RQXfs9kjxvw=
vTiXY/letAxhSPv1yI90/HTScAellUXeUBBbX3PwWNuHB9fY/YimjBjvooXKZTH3HHHvRudt7nM70Bm3BmIgdEY25eOnip5FP5zVBcfnslPbfnwxBcWfRzouBAVC+q2H2eGWj4LMLvmDC6Q58llhkQ2RvdRG1ngGMZbipSKqGpXbgDZ/s1ZhsSFX5G9O+24HTklFMYwWxUuyvU2Q+0BMIo79BYQbxT9mrJkwaQLC51nWudqCE3pddxdawW7M8br7
vTiXY/letAxhSPv1yI90/HKUn3MtT1XUcsFOTKiMmIU+vu33hxlSPkV8adRyueS49xzaMWt1RhZL2tJetsz/5RK4ODLTnbnx3HIfFSdQDlOZTz2i7g5lBVmNPVO1fMUKQKkw7TafTWyNc6mFeKvElKHGRoag6mCDGzAYHHxENroKCgVoxUV6E6agQvpuwWIoTiMTF9+d0s56MYRvf18n5wb2E1uB5g3DT+7uF8x/kwk=
vTiXY/letAxhSPv1yI90/HKUn3MtT1XUcsFOTKiMmIU+vu33hxlSPkV8adRyueS49xzaMWt1RhZL2tJetsz/5cqL1e2M8IoW3lI4+AC1Dwwf2X0r2WTrTPodjZQ0+/vWDur7VlZAYFwmBKBEPLXVDuOqonqecf5F8peQrDnhd/wT/mFnePkD6QwwRElz8QkTPpEaxo3TUnhnnm3rUx64f6Bhp4nb071tNGT5Im7lRUM=
vTiXY/letAxhSPv1yI90/I+9k4gqogkxEUVy7wP4lwpplKDhbOx5H3TwXXfxkV/QBEewpAFRu2E981o3GehIVrGk3ggkm5SjqUfjaLinjf8lLL1dSlc2Gy3mfNVaB6sCfQDpcU6gUhO+sOuuT7VcoiaYgC43T/V1hOlJSmDHu6SgrgWmsRYLrSzR/U86i8vg7xRDKebNKoVcOZQi/uNmFfRrpZFPQS1AR94tjEB/mEA=
vTiXY/letAxhSPv1yI90/I+9k4gqogkxEUVy7wP4lwpplKDhbOx5H3TwXXfxkV/QBEewpAFRu2E981o3GehIVnKRa3NWXnr/QKHswrDr6xulHl+TRFiS5TQ60d7DliMsY1e18vxi/yMVCP2DNZtShw4ztJu+XlICu1q4IofW7awRR1fKZjK771xAkb2wJz7bmftQdrTAAHYk/eA9qMNKFA==
vTiXY/letAxhSPv1yI90/I+9k4gqogkxEUVy7wP4lwpplKDhbOx5H3TwXXfxkV/QBEewpAFRu2E981o3GehIVrGk3ggkm5SjqUfjaLinjf8lLL1dSlc2Gy3mfNVaB6sCO73llvgTONec8ZCw6eBc3X9KuLxFnZ7gYcKuktNBAsJWBhaWt5tCQIvkvm/Q8h8pdICaDx0Jj+G6F1kKkW20ji9EQqo2CNJZWD9H3zvGNCI=
vTiXY/letAxhSPv1yI90/JOoyqasZLF3VUBhjctjsgm+rYK1RlWIQON2dDYLr6Ad3IV42YIaLfQlaIULIEFkSRB9MH7v8+Z5ppZuZLlRxI4LBkZRsPd6KBHHXXjDdOz9k2VlTFiWXlwjZVzpOCMBJMTZeZuKkpXTRQLCwvSDHy27qkjoVvo9GLUpy/GRSrRk4bJwa1+paFboYrMLHVUEfA==
vTiXY/letAxhSPv1yI90/JOoyqasZLF3VUBhjctjsgm+rYK1RlWIQON2dDYLr6Ad3IV42YIaLfQlaIULIEFkSTBHv1ny7Z9ZgLWDCHxCzJ7WT9Oz4E8k/IxCTy3P43WNueWXll4TJot8JuOd63TKVmLZXHAT4uieoyihTkYt8i4iqsr8ltKvRFOex/nxXOPQYOQHLRRUibrTLfbGuqwr5A==
vTiXY/letAxhSPv1yI90/JOoyqasZLF3VUBhjctjsgm+rYK1RlWIQON2dDYLr6Ad3IV42YIaLfQlaIULIEFkSaKLOADci4aSZ3nIQ6x3848BoENfDStVFqZTyUBo8t2ojGZhthDCWm4kGhhMsirBHyy/NOksaePUXXtIL/4MFOFtNHKJ6aaWcvmafi9d01Nn8gPIwiHDeXswjKMScyJEHJnfi8R7Ca6qogK9Bj/q+mA=
vTiXY/letAxhSPv1yI90/JOoyqasZLF3VUBhjctjsgm+rYK1RlWIQON2dDYLr6Ad3IV42YIaLfQlaIULIEFkScdHnJQIm/6PaGblR01KkyfeZBv0y4IYA+EDaVdE/qZrQYml0TaI3zpcIozVsvnXHDaGd+11bw624BwPQAsKm0ePoJ0ln1pxLeHc1QhyDeFZvX6iEdwiuY/E3cIygDCmVsBBBQm7hV0Wu9YuHvWGxrw=
vTiXY/letAxhSPv1yI90/KsHE+Gbd9SrHGVc3b+yTLQqoDFj3xYOIdeMLG9lTizQNZ37hIqVydyns61V3UBruDRTpdWq5Jn5avU10zFjErzAVCpdv5B+t8tluZkrXmDfXOdGEqTr3qrUET6mVhWpvUre6WhQcUR7XgnjGP4MDXoa6IuovqRJdQiwkTPGFLOq0DCpofErNsUzyD/WhbZmbA==
vTiXY/letAxhSPv1yI90/KsHE+Gbd9SrHGVc3b+yTLQqoDFj3xYOIdeMLG9lTizQNZ37hIqVydyns61V3UBruL3/VjkK34OfkTDu9l5LnXab9QBqa/3vx+lmphQ9j3xFYf1S3mdGHoqnEo1Zg1xSnfSVH8Rw2JrnUO43hNcbpnL/z+1MzvX4vC9cu8+PMQbr7LAuP/QLDRnFR9POlYn/GQ==
vTiXY/letAxhSPv1yI90/KsHE+Gbd9SrHGVc3b+yTLQqoDFj3xYOIdeMLG9lTizQNZ37hIqVydyns61V3UBruAvZ+yxuRWFccHL3TQE0/8jnnD4Rk+yAUjdqoCnSL9c4aVf7l6ak4JlQim/d7n5fSQPSA9hg9KWF1AwP1dWBS6c3xzxrLvftgVWsVziPQY1i4VwGMdkKvBC2l/3b1hw/P4mirB+0CuOOhH2RDzqU1Fk=
vTiXY/letAxhSPv1yI90/KsHE+Gbd9SrHGVc3b+yTLQqoDFj3xYOIdeMLG9lTizQNZ37hIqVydyns61V3UBruMble+ioiUafVXxnPmWDnihr6S3B++BMkzC23gM1n8BEE3uQikiK/fnOLgcwppiBUv/Nhex3/IJr2eh9ipVk78nmIuIprW/kczaXiLf9q18FDL4Js1fMpOsFSzfiwekYzw==
vTiXY/letAxhSPv1yI90/KsHE+Gbd9SrHGVc3b+yTLQqoDFj3xYOIdeMLG9lTizQNZ37hIqVydyns61V3UBruKcI++kbTuDsDaPc1e6v1Rm/m+lYkfMhX+0o0GLLWLIQ9Qxv73CVpB00N3IiF6Qb1ZHB6ZK0w309JR6p23JdsB4Ra5fNmRri7am3moFlgX2cm3jfU+Gv2U4Tq3gLOmNbHCkENX94cVKTatzhVufPrcQ=
vTiXY/letAxhSPv1yI90/AgEpwSYVp9zUvyOMiydhITUjTPCVKAzXdQAVuaJEK4pxIotr2aBwslth2wvtm/yUJOGlTAXjE9kYrAw6/HDvbIVmiEDIFcqcdTRO+FXuzXBNfThIURktn7v994k+M1dXgZlTPyo5k0PG40tuZjrVqg6gnJoh7bVHfeNjW16vxiqUcB6icWHQ8BGrLkKjj19zjOcA15kmNtGhsFfwkjcq14=
vTiXY/letAxhSPv1yI90/AgEpwSYVp9zUvyOMiydhITUjTPCVKAzXdQAVuaJEK4pxIotr2aBwslth2wvtm/yUFj4/tz0D7BpLIfV6p9FBf2mAuUSOAxTgMX6sgEhzoKaHP6XhHnMpM9QdZSUn1CXQiYpSTq72Xf1u3/nzXdfIKnsSRAyF8iRYTFuq6wE91SCNB2fobomXq5E14+BW2qwVbK7/pEqRJRWyH61BsO2cc0=
vTiXY/letAxhSPv1yI90/AgEpwSYVp9zUvyOMiydhITUjTPCVKAzXdQAVuaJEK4pxIotr2aBwslth2wvtm/yUJOGlTAXjE9kYrAw6/HDvbIVmiEDIFcqcdTRO+FXuzXBvjXuetdLvi2p6XwrVFTmbwiBdy6VrPlv7xaG6n4pMIupETSlvjMcOK4GeXtJrYLj3OiOB4OZBlhsStkh9lDC9guCAF7gZ0Pr2469+CtwVlM=
vTiXY/letAxhSPv1yI90/AgEpwSYVp9zUvyOMiydhITUjTPCVKAzXdQAVuaJEK4pxIotr2aBwslth2wvtm/yUJOGlTAXjE9kYrAw6/HDvbJBNKHSJnaqWWet0waVlmwHoyl6Zuo/+E4F1C9BWF//F8QDGnlS+zbXXPHGZnAotlT3uE1mWp8PtjOyBLScWnWgjrC5J58xraGmo4vTMo2yeyUh17oQgBfKnYxpnuAVhJZhpTzz/wzs8QemRLOcA7Vo
vTiXY/letAxhSPv1yI90/Fc0EWpsty0tnG9exziRHED6U/CDJN6AD2G2/1TqIarsrvDZHXaPgtjOIJcyzR49+ogHoAdlShD1onsncgtsQABWpzyPj+lwvwfrQqjFzUuoFJDj27YhVUOPGLFC3fBs2ue8o57VUZNBWE2FZ/I/KyeeiXt+gXHpVrVYLcYO53JLQPAYrP06gYfiohXZtGQYu+D7bDNK0HvuKDtpsAUsO/s=
vTiXY/letAxhSPv1yI90/Fc0EWpsty0tnG9exziRHED6U/CDJN6AD2G2/1TqIarsrvDZHXaPgtjOIJcyzR49+ogHoAdlShD1onsncgtsQACWLEEHRZz9w/FhsnkgCc+2l3GyUTgEfYvgZu3aeC9QTCZIx+DNN11WhA/FslIaHG5YLW4qRtnJxBQ9UHWh/lyYSz/15ySUUo63UI2gYH8kuO7ae9KAugvYTADpwtFwNF8=
vTiXY/letAxhSPv1yI90/F1W44LXWVIyT2BnX+t7o8WnGYNK3WzL5oQ6chBRCsfqUB4TWCx5b1KNRGhlhL4OpS6nlXmSiwcorvwZHGN/3onxbvuHYxi6Bu9W3El8hiR12M5B/7tcscE6jsPJaul/riwoyNROFmWmflA+FW/ayRsKBtwcV61AkNItFxYSMxPKJ3Vqy1ItkmUd8zPdiVueRmkWF+NYPMo/OdhWGGwll4Q=
vTiXY/letAxhSPv1yI90/LpK7nY4FcKfoiBZyhgMI8/y+PYE1GyV6//zjqJJ30WfdOzRYvfCR96DZhbE3M9a3v3jrgrcS3L4BcOrSNox1aw/WUuP0rDKqHMIQkRnqi45dltUhzSe9olUswM73oaC/HgpZf1860076YnmqD0/2t3VzZ+4xYXZbvv5yJnlE3K7KhSg4PxctccLnFz7g9q92g==
vTiXY/letAxhSPv1yI90/LpK7nY4FcKfoiBZyhgMI8/y+PYE1GyV6//zjqJJ30WfdOzRYvfCR96DZhbE3M9a3qn2+rG/gotTpKCFkJ1SKgJVHqDWFmYPl9VeItNB/mU5Fe7OrBd4s1m7AOUdlyWp38kuUj/ZYmydHE5julJ+40S60JvVzjaqGf3GN2nX5RBi3A5rh4MI4Dh4y8oqGvUersN7bIGHqMtkcRwPYOPUvVI=
vTiXY/letAxhSPv1yI90/LpK7nY4FcKfoiBZyhgMI8/y+PYE1GyV6//zjqJJ30WfdOzRYvfCR96DZhbE3M9a3ilWpQkfI2UfZOJ3T7th2Dk6g4nP9tI66KJ+6FuXeoiQTqldb5JUPrhJBIxwENkKak0HGnX2FYKm2InBO1++meH14fJkniuTUJuYZGnq8uLgLFbaLH9RlYWbq7jtUFmqJFA6Oo6g1e8/Ibwfjdkuv24=
vTiXY/letAxhSPv1yI90/EfmdX1rXMsdb2pprcfRpZm3bfmzVo7NDsy4hasDbIuiIaStT6kwKlczvLrHiL1PaA==
vTiXY/letAxhSPv1yI90/HvhlZpZe7p7aZ0bhuzxtjVRLYZXp/CMYbwrpR2NTNXYxbFlrR/7Ndvh6f7IkKO1+Q==
vTiXY/letAxhSPv1yI90/L3SXt1eC8uAXswjfewMy/khnAcZY31RQovGNwmgjbbSn9V2taxuUkrvus+/ndMk3A==
vTiXY/letAxhSPv1yI90/LU2D1x5w8ZG7d64l2ip9sfQ4venoZ7zHCxRFlrtl62NOBargjk9PTVrtzSaC4U/7w==
vTiXY/letAxhSPv1yI90/BD8ymQkJMHvRDQgvT1tdFAWCcMRsqWo0au0R2NZcvCXfFZtLAuklZfY3zujuraN7g==
vTiXY/letAxhSPv1yI90/Iq7tSbW85/yTbaU/kjk02tPm4+HcvEEf7Pque9ekIhe05bV9x+UeyusUTmTcviBLA==
vTiXY/letAxhSPv1yI90/LUh4WUnWFSt0ruKbl41p+cpDV9+jLMtji4vAljJLI1VgLOVJJKeCuGfDB8EX95l5VyHxP1ddco7Sg8P84Dd/kqwHqmTttX0PvelxfT/NyMt5pZjcSXNNIuB4hrf6JcZv1F1m82ZalSR72zZ69MTolFLC7jyS7NDoire0i7RiF5Ib+f5w2Q4lgOsBVl8Plt/KhFFT0SNTOv82BJsatlPXF4=
vTiXY/letAxhSPv1yI90/LUh4WUnWFSt0ruKbl41p+cpDV9+jLMtji4vAljJLI1VgLOVJJKeCuGfDB8EX95l5TaVKxFdSXrIwd9TR5xbV3/1WZczlqeuzxl2Td9oTnYdJg5M/4Puqhtt+nx30iLtHA4NipEdvM7pz7/s/hfjj/hyC2C27h2aYvCgsRmru55fTcnN+kmLeYpxBHuJpXnjJ6cIrimTD652O1sbWqo8UNA=
vTiXY/letAxhSPv1yI90/LOxF41h600bpyi38XRKPp+fLiwMicRTn4dz5m+ZDIBkVf1Ki+ygUvoEb82eiGvTxcFk0Ry+yNTAIjqFAqHfdjeneEAQrRhOC5IgJbXbQxu0P/qtbPyrZN0oezW3YDB3f7YzTIZz/i+ZLjc4wGn86Wmi1kRES/gaip7heSZ6yvPTvNheHAWir04Sgko5/rVopKZ/RvRy+TFpQ0o1WiyNyxQ=
vTiXY/letAxhSPv1yI90/CJbaBhja48kCL5BQkPUakWxTqErQBol5XoRRtTQmLcC+YpMVcg7xJzKn7fapZZLRh4F3fsOh0hlbvHPpXJ1lHhsbHCN4WkNWnrvyA6xuYDphFh/S1moZHhat8c5Sf2i+ML03ToituxKJdSC52FA1v3zCuPXxnz/tBGf7z9SKZMc4rvrck3guoTkDGH1eEVC2WVSg0K9575h5QWfoIq+gWs=
vTiXY/letAxhSPv1yI90/LfjZScKgs340o1CKxXrL7R0Fq8ZNlI9qkAY7vjDWQ0XeINrQqcEp7ZuBGLzB+5DFg==
vTiXY/letAxhSPv1yI90/EYrJSbVCmFHkZY88lgQctkweKAlrSCJa8t+7cUb8v1poUs+hJpNJbr174mC9I5LlQ==
vTiXY/letAxhSPv1yI90/EShHb9RaYL7gOzOuwz8B0WRvqsG5if/rYdYkbctU/VRysNUNifngidaRNykagQvQCKWnsvnAJpRDV7cds2sQkSLTP85vlE91F1mqcdpEQwunlnp6MDqw1eYlH4H97ox8LFbUV+zXzky5zZhEbPqUrR2ye54aAyK/vJcSSvFi2Dk8qx1PJ90kHwm/xhk7zyE9rzW1hcBiSTrWFUdegSBU2v1o9eTN25pF32zZ79nMWs/
vTiXY/letAxhSPv1yI90/EShHb9RaYL7gOzOuwz8B0WRvqsG5if/rYdYkbctU/VRysNUNifngidaRNykagQvQCKWnsvnAJpRDV7cds2sQkSLTP85vlE91F1mqcdpEQwurSL3L+B6van+pf9i6tk285NXM5DBAKGzI9WIc8JXp6S7/WV/k6vBHteWeh5+L0a7GR8l702lWAB7urT5hBOHXz/EYAcnXL3wcD4zKu7Bslg=
vTiXY/letAxhSPv1yI90/EShHb9RaYL7gOzOuwz8B0WRvqsG5if/rYdYkbctU/VRysNUNifngidaRNykagQvQCKWnsvnAJpRDV7cds2sQkSLTP85vlE91F1mqcdpEQwu5+jqkSmjRmMD8JscCv2206CK4GwxPzUrjNE3Z9YSIJ1oP9rW70j6QRR5AC8B8zsEc6uQCR3pwAeoboAJxgll3g==
vTiXY/letAxhSPv1yI90/OA4Y1kWawTWRCZitESqkPWkKVQ/DfhlRr2tS1IFvaCwtSVRyEGO/TFMJcq4laY0pcKLLpNHHLIwzFnqpClIFbkelgQG4b6wpBla4Zx0FFDFjdhXFVcBz5dbvrmGl8//1OF6W7mCL29fUotZOlZ//emK7m7481tUjBNY2UjShmq00UGcKBpt1awry9d020oQBw==
vTiXY/letAxhSPv1yI90/OA4Y1kWawTWRCZitESqkPWkKVQ/DfhlRr2tS1IFvaCwtSVRyEGO/TFMJcq4laY0pcQ/dIpzK+AZR5y9Uvccr3gHsRo5ZOXVfJB7ywtRn71yAcZqPHxQGWON5BV+1ZBBl3BRP76rv6eCECvLOs/mYydFVTylKF0sLqjdqw4IQuZQTZgSNdO4ZIL41ZYoBUTZMjKzrvnA5eIfWOzZ4OGAsR0=
vTiXY/letAxhSPv1yI90/OA4Y1kWawTWRCZitESqkPWkKVQ/DfhlRr2tS1IFvaCwtSVRyEGO/TFMJcq4laY0pcQ/dIpzK+AZR5y9Uvccr3gHsRo5ZOXVfJB7ywtRn71yympBI085FDCuUUufOdkRB2fvMGU0v/65tO1/1r5UkahN7Daplb7lN6rOJNBtLmBQapwcJhP9xJ5NBk90okaSL7slgfz9sPHDn63Rz1u8ZHc=
vTiXY/letAxhSPv1yI90/GjmT9h7aTH3VIYVdxhTcFWj5sQUewalKpK9G/CIrA7nIesObsGnayoBr7l6iJHp97QHit712Z5UBFsMmqVqE2x6SxJ3P6KXSAWwFxY5y/SZW2y6iz3EcAKNCqnEUlzUSQowdbLAvDcTatA16Sta9+j6mK/AvL4ayc9D+c/UFGlF8r81ZkNtSHE6vY6iRkDhwxhf1Khrsnkwro+bTQHyfa1YsD4X7SM+PmzP/WsxB/R3
vTiXY/letAxhSPv1yI90/H8tAlw/+ZeA/SAgRwKYk2ql3puN4TxAxo+i/2/v4nsEKA0raP67ki3UBaKJ4VUHsAuuPy1eYd2VoHLqc825jpr6xA09fOnwT5bQNXik5uFqC8fW3v6mTCYoDD+5zj2hzcZb2+eEslNlxrcOeDnEhooO4QuRVs1XD0tRTK94hDr5zy/m0YfF/Ju4WIatT+SN15moDQXiKjMYiOhKf7p5krU=
vTiXY/letAxhSPv1yI90/CHOGeZlO8WQFqeQWkuK3st8z8Nw3P+nwdVTg4tGXw6qKsUCTy4SxwNDptXdAfk607AgGpegKicz983my88A6z1X47K0dZj7RW7VESPi31WafSEiWCaP/9VGYg/9BUfVctdUEJUjQR/RuWz3wjRo1ZX8WEAlif5x9sHtzqzHjgUINuKSIwaln0C77CYtznmwb55A6e7iXBc3EkJGtIBZHJQ=
vTiXY/letAxhSPv1yI90/CHOGeZlO8WQFqeQWkuK3st8z8Nw3P+nwdVTg4tGXw6qKsUCTy4SxwNDptXdAfk607AgGpegKicz983my88A6z1X47K0dZj7RW7VESPi31Wa96pbqKzxH0x9v1ZJbOZEZhV6uXFsRsbOVvpQEN/Tp70vz0oi0w6bUyH68KmwTtp/rBznVZ+mpUi9B9EgQOVYJ0Ov+nNJrtWO2lNGkEUub0I=
vTiXY/letAxhSPv1yI90/IjtF5v7NfrXHq2TZWVAqxwrhwPRS2/r3+txWOoOG3dAE4G4cnHAzZprWBdcKjiXgg==
vTiXY/letAxhSPv1yI90/IpNn7mVmtG+qsdW7ov/KPmGwXnQjl9xtUjM1m5FmQjnRyLmO/GqBqp+O9l5xO34H9a6mnxJY54J8D/D6APnq7lj5gKrREfLqtyCtTHG7ZXSxxGGwOBv9NJOK3QNq8bkJn5gxIUO0s8uR7Uac4ubnrosWI7Xk6zV1y8vWfb3BXKm+eF+q/ylEoeB5G3Qv/h7gsORRIIA1jleGYEj0CUZdO8=
vTiXY/letAxhSPv1yI90/Kfqat40gRqZuaw9l57rfm/V0rCQ5T6PmKumd/I7ecJacu9grTRLLoctHtn0dmcTdXyIUOQF9V4aAzfVFBP7TgM8DYjX23IFamYdZ0dlryelR6BDkPEs6hK8IyRQU9wb6omgTkpOlWQqsFstRyK4Ne1sFDazjn0hHzkr8A/cJoVgeoZhlwdBiCDCTxB9xcdq71rhI3pno8XDpX/r2LcCH9jd/+RtXovIwUNQ42DJr2oK
vTiXY/letAxhSPv1yI90/M97q1rLRs4pZEZ4twnz2oONualDHLH+jDVTbZCKCwONMVRf3MEkCtMQ/UuzCV/JCw==
vTiXY/letAxhSPv1yI90/OtUy3VumrhBptzyBjIke8tyVRVQOlxY1AJAzngQUGL9Gma8DJADyObj8WpT8IxP+1r0HvFcVPwgeIsamekGmx9MIh3Z5M5ocMa7AhZ/jzfTxIYbL//PCtOFHYIZ5K9CyDRCAebNzmHkEFYHTWetAMn4cScVqbSzVEgIXfpsjsAx08qrnIaWRMyOw0pzjfniql3B2YBwjEJfFeKM8ceIJS2CWTeFYEcJYRSvNDC41hwx
vTiXY/letAxhSPv1yI90/B67w/0jaLHjVUxKT36+FBXXt3UEIaEiIyfRWX9agCOplSbqtG+Fx4VgcHgEbFZiig==
vTiXY/letAxhSPv1yI90/MgRCwOItGIRqseUy1bITijMpF1KI0Bc5LlG7aC7xRAU4T1CF45iE7+uQebsq7tXVw==
vTiXY/letAxhSPv1yI90/CKQEF65IzcDTaPh0Ew1OcAUma2TYcXLrjt7A3np+gAk0Q6PWx9hupPsIDhjUFhP9hVeAcowgQGc8GTnT76s30XC0y1Us0Wtc6jZvACjiavTZSZguqh2469O0SPqRJ+gNBBQNvOCUpIzW6nyubFVuVGScpsy7Jge4mSunnfrvIDw4WppVVZrZb2lTjPW0pWNzkvui0OpRIPXvWVhxfrO9QUMh/ZDTVwtkCpWR3tSRDtT
vTiXY/letAxhSPv1yI90/CKQEF65IzcDTaPh0Ew1OcAUma2TYcXLrjt7A3np+gAk0Q6PWx9hupPsIDhjUFhP9s2maRFprgw0wtAS+qP3vF7vtccab4SpqLxUVGwX09oAeB/CJNMBsDJ4htUpWnZIMs++DrJN6YCIw0AU/ZTZgnnFUkTPtfN93PKlDaNlZLOtN+GI8iq+jPkBHvWbnqzxg7fUSqgVxz1+qbxWchnVrdM=
vTiXY/letAxhSPv1yI90/CKQEF65IzcDTaPh0Ew1OcAUma2TYcXLrjt7A3np+gAk0Q6PWx9hupPsIDhjUFhP9s2maRFprgw0wtAS+qP3vF6Y5OdTARbdJKgPb8DVy7neFsm9yG1M7zHdLepC4CnHx9Yk+dBiuIRz5Hf0jLM0TrMypXlprMumR/jNTmBlIyexrAek6rAeLDfv4kji3kjSrejnjYgAdc5eTkrm6coP6z4=
vTiXY/letAxhSPv1yI90/CKQEF65IzcDTaPh0Ew1OcAUma2TYcXLrjt7A3np+gAk0Q6PWx9hupPsIDhjUFhP9s2maRFprgw0wtAS+qP3vF6Y5OdTARbdJKgPb8DVy7nengUqeN6mdg4E1lDof3wIit818hx27SiKSLPewxKPcOTV/kKqJYqljvix+A1x8zZAQhpX4Y77qxOUuDIaW2HthS1RL6Q4Ag/14omxgenJj7Q=
vTiXY/letAxhSPv1yI90/FVJ94CVUVDxMY6h4ZmZDaX9bdOQVW9lf8P5yz0deis25NrSBJDeDTvFOOtEKgi4yQ==
vTiXY/letAxhSPv1yI90/CKQEF65IzcDTaPh0Ew1OcAUma2TYcXLrjt7A3np+gAk0Q6PWx9hupPsIDhjUFhP9s2maRFprgw0wtAS+qP3vF6Y5OdTARbdJKgPb8DVy7neW6MwrhZPLkFpCrFn3mCc22ruwFtWx0ZbuPbeDbr3oIA4nqLQx5aikhqzXd4UjbEiwdo5B4U8QBku/bp//5VtFmTDl5EYHviQBDgRdKFhBgm53d/PinWEXqovlok2Skc3
vTiXY/letAxhSPv1yI90/CKQEF65IzcDTaPh0Ew1OcAUma2TYcXLrjt7A3np+gAk0Q6PWx9hupPsIDhjUFhP9s2maRFprgw0wtAS+qP3vF6Y5OdTARbdJKgPb8DVy7neBLsaiXPyYTUt2BSkHGBGK47Ipz/TusjWNg2kM5ymTdMlbnV82g61HFwcZcCw1+spVrgYD5hi8cyZVHOPAC9an6/bBjTQ4yl4hzodoRxkmRc=
vTiXY/letAxhSPv1yI90/CKQEF65IzcDTaPh0Ew1OcAUma2TYcXLrjt7A3np+gAk0Q6PWx9hupPsIDhjUFhP9s2maRFprgw0wtAS+qP3vF6Y5OdTARbdJKgPb8DVy7ne5sXhpylq+dGr6KWwDcmxP/FFcakqFMWn5RQQ1mhsD1uYFi5KgspyZKbb6n3N2e3IyPoHqrXBw4VZr1lrrgw2Xx0q2hNvMuZVcSb1/6FAbic=
vTiXY/letAxhSPv1yI90/CKQEF65IzcDTaPh0Ew1OcAUma2TYcXLrjt7A3np+gAk0Q6PWx9hupPsIDhjUFhP9swtJPVrhme3oa8SNp6KX+wTdXOYjWN8McSHodr8eGZi2vm6U7BPm2lvHoF6zJZXhxLlDUuKMPUFAF/5mTqguxt962SIeZeGJFeUtYfnyhsST3QbDEGbJ8mF4HDm+YDQcg==
vTiXY/letAxhSPv1yI90/CKQEF65IzcDTaPh0Ew1OcAUma2TYcXLrjt7A3np+gAk0Q6PWx9hupPsIDhjUFhP9s2maRFprgw0wtAS+qP3vF6Y5OdTARbdJKgPb8DVy7nes5xAqNKGgpIy6zMDtgE66pd2fWKjT+FniGJ19xvoGZobfVM3EyJRAsPjXRrdgl42voM51bH3BoKDrDn+ELYkKrJh3+MgweZH2vYQTOn0E2s=
vTiXY/letAxhSPv1yI90/CKQEF65IzcDTaPh0Ew1OcAUma2TYcXLrjt7A3np+gAk0Q6PWx9hupPsIDhjUFhP9s2maRFprgw0wtAS+qP3vF6Y5OdTARbdJKgPb8DVy7neZtKUZDni9CJAsGtxOcBKTEuzy2RvlYCXa0hxzWZKiy0GWscnbK9igoJslcKZjeV676CYsLZy6cMCfcRpenzY+jnRVZy1v+NY2pXt7WjpmaE=
vTiXY/letAxhSPv1yI90/O+7WJ1NIqJgAWtDG0BpTqXHzDUDFeGOPUlbIvOt3Zq3HLbVe6SwoUo5Wk4q0zPIwA==
vTiXY/letAxhSPv1yI90/DfNUrxGfg4SQD9BF1Uv3EfYl3co+DXtpS0O/yzo1KcKcYTpalcc5fCIkYsAFGt89A5Yo89YiHJR3Xfmq1X8VLdTop5rby2zcKbNYpSrtSMDEqJ4XCLcK4q0OawTq6EXO4dZJSExpTn6noUQvCI5DFfSFbTSlfynlBawLPZ0ipiqZ9a/lwFybTFt51P01a7nwZipGi4g/u5xE2CZnqPflSg=
vTiXY/letAxhSPv1yI90/DfNUrxGfg4SQD9BF1Uv3EfYl3co+DXtpS0O/yzo1KcKcYTpalcc5fCIkYsAFGt89F2xKBoZQ/Rr1sJksXK1W/v7h0Fslh+40zwpeRGwGyp/v0o+a0wM/pQGUKhZ6JcwY6RA4CEyS87JE1h1u5W7FhEuaT/Nb1bKySr8DjJwkqoAue6/u6VeuAfGySLABU0wiL6uGTatEusezs6pBKa+CegPslR6zxVwysWbr54aX8Wp
vTiXY/letAxhSPv1yI90/O7lEplncAXgr7yFNrP4XZ2xzlVmFKX8Jvbw24/MSeqAspe/uois9ZbnjF2smRqGcA==
vTiXY/letAxhSPv1yI90/Id3k3KEBAhpwdMlXR2oeUWiAw7p7A2WNC0BiJ0LsbA94IBhhdY2B44tJmFpMy72ow==
vTiXY/letAxhSPv1yI90/JTDKJBZfIWygzUIxMaZ+CEzksZhd6RRB7S2c966hWTEIwZ/8rhBfY41u0FinbsJzQ==
vTiXY/letAxhSPv1yI90/AU8iaP3Sy8PwqRDW5+6dMfaP5bhczezzFqDi5sLR1UhV9WnTtrNEK5pHxUIz0NtuQ==
vTiXY/letAxhSPv1yI90/EojYm2II6eb9fpEtiGVSRXhJNGsUHmT0ktVE+2SfeTLifIoOG46iNKcxSU3Sed9NQ==
vTiXY/letAxhSPv1yI90/FPFHJqcJf/GhZVGbWtWtS7zFOHh5rv/rC+XLAdC7mKaNcaWqF+0jo3I1MhGcA63EA==
vTiXY/letAxhSPv1yI90/Bue9QLpi5ey09D42oG8sDEsc7V9K5YeoAODQAVyPAPtSWnJ1IZirRVIp/4MtHwohg==
vTiXY/letAxhSPv1yI90/AE5v5vBSKgsyhlW9xYRJsB+Nf0VtUCzgiULlwOnTpVPuOTxztAf31rFFALDR19ezQ==
vTiXY/letAxhSPv1yI90/Hs1ZLrNzXo9iM7gHEJURQm1dQhjW7REXvyrH1/cqh6M7V9vKPJVs+QFPqLXelm+AA==
vTiXY/letAxhSPv1yI90/MNHxlB/eWfZwTpi3KdR4IsN/8K/TTPqPDVDH7y+iUhdKMMtHK9ykKONlJ9kGFv4HA==
vTiXY/letAxhSPv1yI90/IwshIY4istxLa2Rt/PMznZDKah7t5EEXQLdKERsbiVkBwN7hqtA61XPU9BTh90pFA==
vTiXY/letAxhSPv1yI90/CHMb0W4vuFotDahc3fmEr8R5v8QR7yIs+taX7MXJxSBuj6DJsrI0xC7PnqG8MdF9g==
vTiXY/letAxhSPv1yI90/B8j7T2w1RpVt+m/9GOjtTndfVpTq0qScZcGsqP98eA4R4U44nMPTMjne1CQoExRzQ==
vTiXY/letAxhSPv1yI90/BMdpTI0/4/gBlpFzb4dOvXtXV1R8wgACmMtrn84uL5cRResJ2fs7sQCs5NlwsRZ7phYqDynTeZSahJfciXl+NQgH0W5p3rkM5AhaRwhyTwEE8A2iYKeXgwdD7M6d23crMFRbtfzkpGy3H/Z3gjzYo9mAltAecD3LJsks/E3ja8x98+0srF5UfB+MyczEjIJrvXjHjGlGC/ZTAa2IzqcTkY=
vTiXY/letAxhSPv1yI90/DKJqChj66tOi4lrDhkXAj/pb5IoNPUc04DCPz/Ima7BOaAUgBnZgQbFXG2343LmNXe6Q146HJ7FoH8W3Jp4Qpab2rln/r3dCYI61BHdxJv4V2OThVgpm3jygT2DiGMixeXR912iYwoU0ZlOnkYUPcwNHPB9Tr6vKncUkcntxTAnSiFYX3EnsVyYW/ghkKbOTkcc29bq9lAwuuuNr9gfhL4=
vTiXY/letAxhSPv1yI90/DKJqChj66tOi4lrDhkXAj/pb5IoNPUc04DCPz/Ima7BOaAUgBnZgQbFXG2343LmNbl0UigdZe/Kx/88kRiCkycJZZ4gLRciawkdbVb/MfcL4W9sdbzPVGaACjCS0sxnU7rQE/3Mutij5p2PbBL7SdlPSz9CqgkEXPEUVjPA5hjq8CtKMlTqQdhcJswJal5C7g==
vTiXY/letAxhSPv1yI90/DKJqChj66tOi4lrDhkXAj/pb5IoNPUc04DCPz/Ima7BOaAUgBnZgQbFXG2343LmNV2pDTnU3f1LQCzH+HEd7s0cyNugw0o3iOFbbPVqUf6lmCt/957RQTZjGEd4k4dSAo5wlOKYEm1OvBCIf67MAc2ciL4kIBd7KeM0AkhaOF1p7wC3+7TE8EpwJ4fdP6sylTF54eAtgQaKs3AxBlgTdCU=
vTiXY/letAxhSPv1yI90/DDAxuaMsLqj0Tam/mQ652UMx/4v/AFPy5UXpaa7Rm+qtPi6C6tKuT/Gk2CBzbm4ckE89/Inj9iU5g3+G8bkmTGY0k4zvCrov9d7FKKK5MbRBIfHfYr6zCL7zi2YfBF5i37YHs4/KXELNOTOSVC1s20nFiykZFgPXJsx0/cTNJA875AgWZgF2Cka7kpaCpEuqQcSoC3QNKw53vhXD4CreR8=
vTiXY/letAxhSPv1yI90/DDAxuaMsLqj0Tam/mQ652UMx/4v/AFPy5UXpaa7Rm+qtPi6C6tKuT/Gk2CBzbm4ckE89/Inj9iU5g3+G8bkmTHQzOeLBzG6/b/vehbF0BfMM9oABGDs9qQEcQHX8otUVK2dW1YxdbBW0RYfPX6OMozwUFfQA85yoNp311VH6OCXaC7MRbxJWh2SXGuaNho0VFOuhsVkK4Py7blP3JKighcfzKpis2W22l83DzoCt9a/
vTiXY/letAxhSPv1yI90/DDAxuaMsLqj0Tam/mQ652UMx/4v/AFPy5UXpaa7Rm+qtPi6C6tKuT/Gk2CBzbm4ckE89/Inj9iU5g3+G8bkmTEdSQZrfxTAd5nCMlnPnZRGv4W34F1B/85cqDkLBH6er+x0CnyqdNg+4Yhh8EleGkzsCKz3Neoqa4KGBZyVYULKrZEZlo0Cs3EOl8g4Y/esKGC2BTQkNuyZ043PyPs7awY=
vTiXY/letAxhSPv1yI90/DDAxuaMsLqj0Tam/mQ652UMx/4v/AFPy5UXpaa7Rm+qtPi6C6tKuT/Gk2CBzbm4cnqVK+PHi4VQK8dHJbVif5X31/DcAlL568N9KmFGq5qAg7w2KRe2P9X5P8LorRb4ZceLL1LKZYAsCR/q7FSUGEVYp1pk/Gb17qnoOUFRWEisG+4XvC/degoeLVsRtlWQ+Q==
vTiXY/letAxhSPv1yI90/DDAxuaMsLqj0Tam/mQ652UMx/4v/AFPy5UXpaa7Rm+qtPi6C6tKuT/Gk2CBzbm4ckA+eTm3Gc5tkgT6C/ZK/z1FQmOD3TSYAY7pstppVMM0coOVS6/d6ulhKVNp8m1N6Qh+EosWIEZDR5AVGvbDj47IgAQpDc+LSmBU8+NOrc7qUpbuURA/tvGtM7dCLce24A==
vTiXY/letAxhSPv1yI90/ClszARypVaY2ktxFhtbrfi2oOluZkrGhNop2Er7dHNnWfznZwzoHJPYYZGMNbGx4tN8yU68TWdkaZBH3xuuXHlJlvoifH9mplkhD3KvZpjUJaeXrRxbAv+W0rL11SMasranijFA4sGqKAOgTOOoyn4O3vJlrmrgwPyFVGOMZu/FT5+J9OnH40EPbxpKXUeQitA0Gfrpbpi0OdaSrducWoO/t5oNucvGuWBexTCMvwdk
vTiXY/letAxhSPv1yI90/ClszARypVaY2ktxFhtbrfi2oOluZkrGhNop2Er7dHNnWfznZwzoHJPYYZGMNbGx4tN8yU68TWdkaZBH3xuuXHlOXV9wK28tGT0ht6CZ0pWEIkziU2jXJk1FkXEbnQKyShzs9Jpag9LO9fXRRImIaz6xnpd/D4iKIvWO8pP45u7HJHIUF1INEKadnskjiWWMd+dP8DvcwPqQzZf2Gc8qmrQ=
vTiXY/letAxhSPv1yI90/ClszARypVaY2ktxFhtbrfi2oOluZkrGhNop2Er7dHNnWfznZwzoHJPYYZGMNbGx4tN8yU68TWdkaZBH3xuuXHlOXV9wK28tGT0ht6CZ0pWEhXSBFgcB2fcySWfvof7WmAYnne7EmKpQn0hG5tWlbtDh96Lhe8O/zZtD2UEiM6HSNp8D3UynlYelgyFIWH9I+p4u4bqcDZ/RIrZ9NXlfyXc=
vTiXY/letAxhSPv1yI90/Itf9DSN/OOO2mwjCnCaMvbs6KSWAKoIcPTSAaFut0WzohFQHMzIcsfaqPZCryMB/VJEoiQ9gBKWpzwmFnRsr60CbAgX2Fw5hAtoalgU9H77rpt9Ss66rVlbnPBzP1LmeIeGBy3fP2QIdIYPdR+vXSBi9UvglmcvG0Wp9enwzj0a2CnDFwUYDqldMw2FaofKNGB2M6wZT+OubSz+am8z5AM=
vTiXY/letAxhSPv1yI90/Itf9DSN/OOO2mwjCnCaMvbs6KSWAKoIcPTSAaFut0WzohFQHMzIcsfaqPZCryMB/Y9dCfSeoAZJJRzXu5330OjRJmX0XPmqos/zHcFO2dYclqC+8JLokrD4iezpIcj57tu/J8wkRduLY0uC0OC6+RFSd9Czy8jwlg9IBsYoUX+iB4WUOXa9o8nU+g2v984Vd8Yr/ug6WDbVvq+KF79EuaA=
vTiXY/letAxhSPv1yI90/Itf9DSN/OOO2mwjCnCaMvbs6KSWAKoIcPTSAaFut0WzohFQHMzIcsfaqPZCryMB/VJEoiQ9gBKWpzwmFnRsr60CbAgX2Fw5hAtoalgU9H77qqsVBPJw2Ru8ddI+dHdO2JwsTpFo3v8GtU+k/M7Q1jemg+nmKSX4rNqPvb2kuc8Kxvu/BBwSKWu6+jiQ+6kSHaC1lksu8ueDByTEWDgCMYY=
vTiXY/letAxhSPv1yI90/Itf9DSN/OOO2mwjCnCaMvbs6KSWAKoIcPTSAaFut0WzohFQHMzIcsfaqPZCryMB/VJEoiQ9gBKWpzwmFnRsr60CbAgX2Fw5hAtoalgU9H77DWIkuef5f1cCkuLcXrijs8iB9FVSugQPP8weMGtw0zQfU5lU8029rlyr0ZUchWptg6xYKHRSzQ3pM0Ub1ElOC+vSnVBUYYot9GIasy0pCdM=
vTiXY/letAxhSPv1yI90/HJ8KGvqktEnexpsgimqdGlcWvs4AVbdFyihquvbstTATScMsydfyXnRw9BK014hhKDSZLLE30K8+otX2x+x/6+wAYSIn8zlUecAHyek3f9kuCmxpMaygtFjugdr7Z56XbOR5jbFxhnC9c0bAvQyWFmg6/njJTM2Ka7xzLudfCo8RemsajkSoduzKIzPiPOzMMLVl1tAfnD4EFtvBX5mo1W/AmTU2ditbQuIyD+ZHy5G
vTiXY/letAxhSPv1yI90/JSSxjk2GCyIPGGzJqmk12ww+zpuTbnRifWH7cE7dXCOe5Px8oYCOQVepf7q9fYIxlbNzULTkxVlmekOGw+e6VLpqbl7lZnx632a8k2igCOUWJvFFZg9H7RfW/78KjR5l6j7qmY5A2mnN+karCCpSeF4kCo3qyIga+v0zKPbzh/36+WmSFZ64Q5owlXqc5a7Ug==
vTiXY/letAxhSPv1yI90/JSSxjk2GCyIPGGzJqmk12ww+zpuTbnRifWH7cE7dXCOe5Px8oYCOQVepf7q9fYIxnFLDLJ21lhuFoUmh1kicpApnc6xdRnRzHlfrQEbZA2Ljbn4X8TyQ2K/sFJiw7VH8FzcedSXCmDHYYBimus+Vazsi1CNRf82iNx4IhEkB0tXMzCvde2wBJPpvP9Be2fdew==
vTiXY/letAxhSPv1yI90/JSSxjk2GCyIPGGzJqmk12ww+zpuTbnRifWH7cE7dXCOe5Px8oYCOQVepf7q9fYIxlbNzULTkxVlmekOGw+e6VLpqbl7lZnx632a8k2igCOUqJiq9yf6kXSqhlPRTaRROzHhbnztWDXEaWCDEuZx4hKSxkSLjW2ELVq4+ayGR3BNaNjytW4ppfZlfF3kI98T2OZL97axyQthkNtEmsQlgDU=
vTiXY/letAxhSPv1yI90/JSSxjk2GCyIPGGzJqmk12ww+zpuTbnRifWH7cE7dXCOe5Px8oYCOQVepf7q9fYIxnP1hZgUsHr6rgcCQWqsBFJF0L0UkJnRzvUTkAnkDpkGuHz3vhLNPptG+YmVB96lP6SwHedLxemRysn0ziFao7wiYSMvHVld1v1x1PPgakkvoSk4F4FIBXfUH5QmVv7lyQ==
vTiXY/letAxhSPv1yI90/GWTbrVXxmqlQEjz1QXPBQC6XClikE7GlcUv4XTp9WQbtpevfomuhHOXHP6d2N/2jb5yIF2KhklDWGE28TfGTfD3VJMCDAFVKpG1iutdoQMvT/hQqoi9KdW131ZYyslGw2BWTy2IC80gYPsAmb02NXjBLj/yOdQzWr3KydLSA+aYFYrD7PXHvsP40B+tAe4NF3zd/zhNKm5rcHBQWefm8Xo=
vTiXY/letAxhSPv1yI90/GWTbrVXxmqlQEjz1QXPBQC6XClikE7GlcUv4XTp9WQbtpevfomuhHOXHP6d2N/2jb5yIF2KhklDWGE28TfGTfD3VJMCDAFVKpG1iutdoQMv9p8nTKSf4Va4XKulkO2nXMlNwjpblEjnrH0uObY2FH204O8NrfDaPd+A7jdLuJ3sP5S5btacIFD884flNGQ0pF977Kjy4A9hNl7COuwKX8c=
vTiXY/letAxhSPv1yI90/GWTbrVXxmqlQEjz1QXPBQC6XClikE7GlcUv4XTp9WQbtpevfomuhHOXHP6d2N/2jV0fGg6dRbkzCeJBjqRZgJ5uCHPjj44ZyeRLLqXRg/uaGsfHLZ+RmalD6ZzaluhbCIgFAB60uwOoTcFdZbU5YwCJa4rZSOVexI4n845NuhJYjsJSnjPXr5avtcLZzhCRrQ==
vTiXY/letAxhSPv1yI90/G+PFU81Aw3LqNppuLDqFTg+kuip+076UCu1KMqgbgMHet6uF7J4GOLRmPfdbBriVC0O7r0+nwPMiQvr4mHjjgyn54prlVaQ0YugJVqqaVMREanTXvs3SaJQfuq+MN34f/0MQlf0o/wt7LZMA5+m2qvFG4zVgFar9uD2Oc+Kd8vfcehnzbH4lHGFtAuYKvf22mRUJ91FlXgd9FXhnmeMWeuJzPzpOHG60AOfBkukfDAe
vTiXY/letAxhSPv1yI90/Buif+7oKjQY5zc91+5xVbIUpbFgpGbuKzd0t2qJmcfO7Vy13DHfRZtI3l/XxJWFZSzCn6QfW4Gf+FF0HTEjHoLlCyNi9E2vCCrHe4DrFp2Hskst2W+/PO91TdffKH8Q4KjezhLHfcCbc1YqKiHlmQgzOSH19G9Cg37XLLkfCe0DRyZfbQRMKnFzkHJfhnAO6ScFaT7g0ijr2x0BiKkNhq4=
vTiXY/letAxhSPv1yI90/M6i7gtyhVEWjOvSV2P8duE/lSQ4sH+uiXzZM2zVSMTxFLLw8Q6XQ8KolFmB/DYOJpKs72j6opQ0/v5DpmVKB7+KPNPFVgXpspE08eLK0Q2+lfrjDIu2Cm0Nc4WRzi4pFGSQPan7T+wKwKfHbuZn9ageCrkHHkMadhDd4cxFqcfhXNAmWdh0hgEmTM/m0i7OeE6uGoXdtirSeuWknvLSSlA=
vTiXY/letAxhSPv1yI90/M6i7gtyhVEWjOvSV2P8duE/lSQ4sH+uiXzZM2zVSMTxFLLw8Q6XQ8KolFmB/DYOJg9BXqOht/EHTwNK9RAaSg9fOKOvg0vCBH/Ehfu02bkRFgm3eq7D8WOwuYv4NuZEtjmv3ne/GRjLrrBzNwQPD65B7hFyc62NvNOTjX8g9A0wGlT4NORwvr77GMrzYlJRoc2xbz2uAPDgKyva0nWCIJk=
vTiXY/letAxhSPv1yI90/IJodYBSFOpXnZlFyo4QzDsfwEvZcli3ESvk+cdiolw3q+wuZr4/ImAjlSaf7szPNXD/CHby7mw8xTLIvbYGHsdJ/iyK4wLDsG9shs3dS5YPLjisWLK5Qjr6oeHhpCNT31fmIjHLVO3HkUgKxqJR4z9V8CKmvasCpBjUvzAw77bYT+JYRugsQnX5gNMgaiE6YRCXl/wu8bvDco6ZfDdnSQA=
vTiXY/letAxhSPv1yI90/BaG3Q758EFlVEgwHUsHg7HOZOacb0gGNO4XzyKlLTsoZKhC4c5HuJfj0qbHT53s62vW/0fXypgQ/rePRkG01gU7Lctngy+lm5J03h/9Q/ZdvpHKYJabd2Y04P991EIXStg491AoUyK5ERtt912k1seaZI5WmfCUGyTYnNIsq2n4LeS7dR+NQ8SOx3vCO6l3Dunv35ImrHsDH5fEmgTP68E=
vTiXY/letAxhSPv1yI90/BaG3Q758EFlVEgwHUsHg7HOZOacb0gGNO4XzyKlLTsoZKhC4c5HuJfj0qbHT53s62yEP7/Z9UxUFAziSz/yW6hAnYxI4wdwjvP0+QdeTha75bheEYH6GcbFpBJ6NaqBg1qRyB//BqHew9NNn/mb2zr9magSUXiqb1QiYHnArh0mSYkqU6anQLwb9jtNviuaZMEMzQr8Naki/3mI8ga9/kOn9S6ZDay9HX3R82Fc25n4
vTiXY/letAxhSPv1yI90/IiWiq4d0nFWFElpjWz3ev7Qmt1a3p4n78Z7ZWl5LauZD0DGs379JIlzRO6T6KSSrtTcSCg0LgcHXQ9zjcA5eGMB7oa/FAuv8rSbyO5reyLI9LZFQ0AbE9mDWKDw7Ht62FbZLIrE4gD6WElpPDfHPXib02xzgX7FqXo1zHwGgDkqUJERiG2gub47bVXKtEcJlTg0BdmysQ82ZVJsy9W/0vc=
vTiXY/letAxhSPv1yI90/AsWQvFOJT5ZJmuTSDT7BiBakiUc3GxSN3PccFg+zO9JZy95xaDCWRkVffXoLAWYlRSuyXm7Mo6re+K44hdIPJIalv8TbJUeJCu5jeLKjtvP7AAkxAbJSWHMAoIVneC+o8K82SEaO5I1Zxkowvqf/E8F5gof4XvqFsaLLCMXB3iyZZXZoNDdJIhfzBffny1ch+f/lVFG+idzC4E8O1P6Rxo=
vTiXY/letAxhSPv1yI90/AsWQvFOJT5ZJmuTSDT7BiBakiUc3GxSN3PccFg+zO9JZy95xaDCWRkVffXoLAWYlYqwpgpMWJu/qn+q+xQuRR3ZaUAN5huTF9jZEI0bXnLHcnYO7F6FwtTQ2ybYR/zeL+kwVfkzprPYx/G9CU+FkxB37FAHR8lXKh1HNIoflCkdwupUC5VylumHqH5PyqaXQA==
vTiXY/letAxhSPv1yI90/AXjPSI2HuLFjgXaEpFEDs+PE5rNukNeNpazhQHEoQCxKLnjmY9IfQbSNVAXTANgfWykQipOsMdPsE2npPKZJ7lpovu5osxv9TGkQwBXgoiuBPhCUb9OjhSpN/Je3RP7zpbwrWj/2/A18iJAjjfgiLLyzBfHQE7QZygjpAjiF7vNlKD9lUL16SckraphiJUKtgBA1YvGkFQzjB4hEwXz+l0=
vTiXY/letAxhSPv1yI90/AXjPSI2HuLFjgXaEpFEDs+PE5rNukNeNpazhQHEoQCxKLnjmY9IfQbSNVAXTANgfWykQipOsMdPsE2npPKZJ7n7U09qO/Ykz3lajb/uYmndYGeRjp1+3BtDZdt2aNX+THl8MO8ZxN+NEXD/roK5IoZfovaPD1rAseV508RWiKe0wtActnifGB2UHt6Y7Zs5oyderf7YwAD9fTL3G29YV34=
vTiXY/letAxhSPv1yI90/AXjPSI2HuLFjgXaEpFEDs+PE5rNukNeNpazhQHEoQCxKLnjmY9IfQbSNVAXTANgfVzKMBkqkhanF6SZnWgR64LjVmMM5S/iDCNSbOQntJrS8bCRCiTyxVB2Np4PhwFzjsJq+QGeA7Ti/h3IiDF2YuQixbTY6d/dD2muMXr7YjvpX7Ho374C0fh0WbCuWLC0mA==
vTiXY/letAxhSPv1yI90/Ok3MjOU+3gTCa1r3Ltw9Iuu32PMy4rxaU2WazZGxD3TSIVL3oHMOUavMtuVs+zHmXO0vSaN9MsqJe5j91L184yc0t66FOL/VS91Dc6CsKxrn/d05cX3Y6gy9BiQlEmE2y0FkYlVYkHOZwluPzQ70TAYFsSlc9Upe7MselJH3/RDQRS5XjiMZpiOM0qXCOF653G/RTnd5qfvonWgQP2G7yM=
vTiXY/letAxhSPv1yI90/JA+Ih0uw7xH4aCFT1zLEQNgkkqnCSP7vFc6e6Z2HVPdbBvyIh6+me8YN00kG0L+naeAJEa4+7HepUQBAbC6Fl+EW/+7OVmSErYWd1JTSPiLd+DcuNLTopLYefwbuh8BTdnfU/J6iJCKX+2PsHPCW17yTvhFeEBA4hovacjbBVOt3yDdH8FruCGCi3v4Usf3lWzeua6QKpBiztMAyVI0MnM=
vTiXY/letAxhSPv1yI90/G9MGyjzAVjn6PFzjZMILx0x8iU/u7eXY8k81lmTXWtqoIYb9Iq5hNkbnJfUqj7Orw==
vTiXY/letAxhSPv1yI90/G9MGyjzAVjn6PFzjZMILx3+FOx3fm0FTi7yzcV2tlf4uK33OOR2vSfgNQP7BodhPYiGDMuvHbHFKbD2XAvgk9CSEklQlVMnYugEAXPruMXB8qQPnUQLQ8YKqCPLhVQEQRRAopQoKdmwTu1TsgRhFOd63DU8HcmSSD8WVRh9Zr6sm/nsmShhptTxHNlMFeBbOw==
vTiXY/letAxhSPv1yI90/OgVOXNKi5p4Yw2Weqd+ngmGaxYOGYqHjVAPrJxOyHp2+eBf8mN/hzPEg13o2wcznBAsyAYPgqSvMoUo9u5iDzE/MVNcQrQgPQn0X0pb9E/1MXSFUcP3iAL1hZOzRQolHdVJnnxShVJrb6iuFVptfDXuWMFx4+/8oIiQWA9EKEfpEBzPNSeEquLXo/oI5cvPRLWZH6fhzpb35eEMnuGg2jA=
vTiXY/letAxhSPv1yI90/OgVOXNKi5p4Yw2Weqd+ngmGaxYOGYqHjVAPrJxOyHp2+eBf8mN/hzPEg13o2wcznBAsyAYPgqSvMoUo9u5iDzE/MVNcQrQgPQn0X0pb9E/1yXl3Gpx9AXiOPLYhECle1EL9IyTVRFg1AnYKdwMoBmUwm3D+9pey4Zt48HDOFQDCVefsbZqQzkPyCIGheQrfHUNGyV0lbwMJrvFLaYytdWA=
vTiXY/letAxhSPv1yI90/MTTxsXwDoTa5laj/CAPMHINrFvRxTdtBep9QaWxwXl8m4045boSqGUsI/T0O/QG8L52GhN6EuRMsq/P0i5AFyywx5D9ROK3e81GWk6bDyCjI3zLwu3l+Bk84EtnG6AUUhfFuBKZuFHlSmt/1joYMNIaRAp4QKLV8JjVx6S0/ga2TTlZsIOV4Tl3mSfPd1ImXf3iYnpXVvlkt/jwvQ42f8wRBUK1QlknF/T8YRR5ze6o
vTiXY/letAxhSPv1yI90/M/OC4QhHyVN7i66l670NQrRLKBKhKbHAwHG2U95SZdVGcTkSsVtU9wTZ+//aPVK59bk4FSDTinfAKD6bI6KxTGgMI4NTjgmTXOfU+gMWbv4I0aEuVs0u72AklpO2UZIOOb8hKxWbVLU9XDqw5GvZSa0b3NB5qyH/+uekqaHsO4a2sIwu1pOGanLOv4iAN0h0Wnac2EO8uZN0rjvuWn0I1Y=
vTiXY/letAxhSPv1yI90/M/OC4QhHyVN7i66l670NQrRLKBKhKbHAwHG2U95SZdVGcTkSsVtU9wTZ+//aPVK59bk4FSDTinfAKD6bI6KxTEXKbf2Mt7++Jru3dAioAZIV0VOJwPzQqnpHao8qEHyZY+pk/8VP28vBPF1asYvjmgO9tgegiv6ZAttOnKCBJhzyk/elwIMH44VGMvtpwuiOg==
vTiXY/letAxhSPv1yI90/B+2HXkg3btSETuqc2hjCGKnIKc4IKjvOW8RnZXXFNf338qa2YQvaAzxCRs59HADNZO0gE8keC3bx1RX5Pt+M2a5j4gp3xMD531GvpOPFRm1CLJq2A3vz9UG7q8Pz4uziMugwukr75Hgpl8zdMdWBaJx+y/OOzs6PTqwje5XpmwYDu8nobJwELRwSu1kdqv17/t8K2wpfqsOw7VAJfqjWSs=
vTiXY/letAxhSPv1yI90/B+2HXkg3btSETuqc2hjCGKnIKc4IKjvOW8RnZXXFNf338qa2YQvaAzxCRs59HADNZO0gE8keC3bx1RX5Pt+M2a5j4gp3xMD531GvpOPFRm11Rpe35AhPt4K+6AIpJ9TPDReB96hJjjMh3EGiXcaPbYf8PYQ8JOJQx1ziBPWt4dK3y23/IiBgKEpi0vg77jnGxcXRnwjeLd54IfYud0PSQ8=
vTiXY/letAxhSPv1yI90/B+2HXkg3btSETuqc2hjCGKnIKc4IKjvOW8RnZXXFNf338qa2YQvaAzxCRs59HADNZO0gE8keC3bx1RX5Pt+M2a5j4gp3xMD531GvpOPFRm1EmDFiXh5C22n/QJjkIePKOZflrJSLvyBxLymcYR5A7/FfLg49fWs+L9kCjTdSYMkxTqKrmC224H3/DAA1vGJjlD8CKe1MsCngTKzwrd5XGQ=
vTiXY/letAxhSPv1yI90/MRLoD9hM+xUcHPPy53VM90Dju3DuNu4/cG8PaxLz/gcuCGZRvHjP8ETC/39CGu9M/RiDRWRJBUcJSoLqvJPOwJSzN5um2iiKUbhPTq/o2n7iIDPq1QkoEI+oJPB8tMp0YOI5O5R0TM6rA2Nz7AQdy/4W/fBin08eKHanarB0A9+QWEHrBM21fj05HZe2khHoewLlDF/7TQ5zQilluzYmZL86/T7iBUV1Bit5mhBTCay
vTiXY/letAxhSPv1yI90/FIEPJ7s2Tt6KVpneDqs+Z3Zp17y7v1lkLX1agqUFSI1+xHu6DHvL3zh6A8iv/TV4A==
vTiXY/letAxhSPv1yI90/I2YUzmodXh393uhKEaa44zhUOsy0VSaSlY5n+sILJKG4YbClx6KSLERX1JsswaVNQ==
vTiXY/letAxhSPv1yI90/Jn/nmRn6O6xrtXRklAC+KCJUr4cuuxnLzeb8EVud4WbOeEzKBfhCPGdrh30PJu5zdEhLp2mO7iL3kjstRSjnXzdNoXgQ1j14EE78TsRvozMNKQ+i7qFAch3mTGOoYyEZnny36objzKv74Yd75Y0G5O/7Ph6U/OpKeJ6QhKnX3B3yFHJ0HqSQl6gMJSM0AIBxM8OQJkUbO0XcHFocE2fhgk=
vTiXY/letAxhSPv1yI90/KaESxeiCxnL1XGSSFSc1Zodb39p9ROFLVun0TnQ0ZYYSRwZAGrRbsnr0SOilpMVzqkD4FIdxDaetMRvKnvz5fbRWr2scN5BAlzbn3o18ecQVh6J6Kv8/xggv7oil79KneQUJ2R24u0h12nGc7f7EfY7/ls2PFz3rJSRS4CX6EIYfLrBCAqC5F/1QtksJj+uJ8t6Hi7BhcMUpOJlKQdzDz+K8AINuuR+SxuObLlReOG5
vTiXY/letAxhSPv1yI90/PciyOvYrB4lAB07yIFQ8uJJHM+uqf/h6qG8yRbw4MLib3czBT3imGygDgGpA4hwwg==
vTiXY/letAxhSPv1yI90/FeuBN28BmmV0sGH+OIBqREgqOXEyUlv7DJZ1LZURmgIIZgLNWinI+Bq8OZ1NubTAQ==
vTiXY/letAxhSPv1yI90/KGB897+6grC3Yzr2a/bRqxH1bLRNbfnnq7f03M6mDVM+AF82ElHxA5t/jQoI4kPjA==
vTiXY/letAxhSPv1yI90/OUWyLDTXY75/iRiFtFYBlOjhht025PSqpEBmVHlRvby8IhIaM2/j0kvk+CJtO/+1YyVa10RLkguo8kN4QENsHTSWqiXOM9+Y8wQ/2sh0ruq3lsG8wBA29IgUO3bE6E0/rduWL7zPSkw12htXwwPflAAC8O69g7rHnxBmGkeLJQWZWyb1DL5272/cjNCTf1OHP7ZrZo6z/cDigY+xgj/QHU=
vTiXY/letAxhSPv1yI90/DBpAKxHp+QyUMCrL0x5AjOEdYitnqLXI2G8kjhMuFPTB8/+bCNIvN3/qAt/zbJKLGVGHGOXXFVM/Yc6ftZyQntfb56StYaonurLy1tbwiac52ITd4WGeLYvsokIT5fK+oXJaz+8DlhJw5zPIxjriuo2akyX0ChImnE3wlvPgOCuC700HeEUIQ0tNnD8oMTGo+r93PHIDVp01QWRozRYbvQ=
vTiXY/letAxhSPv1yI90/H+PCmKN9phIW9XpjU4W3Wm1VSbSsLOeJxxMZAP5umNf0cL1Qv5ttqRWZbM+cPw09obXeiL3g67UUl7X4QgwstuwKVohKCrmXhLQCAqHJJBEd3fgfOuT4ef3oGfOElW6f59KbJRhELH4plW1+xQo/6PaYtzxy9MnBJsDc5avJqpBaXYdgh2B3a7MU2N9aszeR2YKXiYW2Nyiqp5BO7Tv6Hk=
vTiXY/letAxhSPv1yI90/AGNKRHrw8GqrBX55htdVL3rlSq8k7m0l7FeY4JMwDsFKlN19tsWytSBJ33r2ibglsWWP2pRlIUpAGgihSsHEc9pT8w91es/FNBrSEzBv63sv75Id19fvHBw8vS+ms7ogz+eLSyIh/bzdsJMwGledL0XW0CChwMD5jDpYEUyZmGz7Tiqn6qxGF9YiJfapAMjhpShg/rqAH0Wevm823lv4h8=
vTiXY/letAxhSPv1yI90/Nf+yRHDttVsHSLSBV1El+NseZphAMY/9DqB5SOyyNne39FPA7PATv7B1J4WpLg3aQ==
vTiXY/letAxhSPv1yI90/OF6QmJuGyx/bDe/1xE4JzNxzJPvuhbXjIRd41pSTnZVUWcRNoMn8MRjGuJXzmnc1Q==
vTiXY/letAxhSPv1yI90/CvT2i0VmCGSPLHnbJPU9ugirlP81T4bkqaFyibMfJspToF3ZoW1qjLk4kzFBxyV3qsmIdePKmE1mB1oHOMjjt8vUrHDL+Vx8CqLFJcjRWTYjw0dKgDD1Wmv8Pwc4L4kLpPMC7E1JqXPw7ghLayKoc5M1UQy/VQ0gBjXoSUFt07JTaIo1cjyKrbKgs7m2i4sdJI2jIljE0mtQ5sbPkyXLxdkU4dSf3Jnk4BGlYZgR2j2
vTiXY/letAxhSPv1yI90/EKpN0OSbTOw0UgW+t76yfChEpQXSP8lTe5wDyi669tS66xIVwdIO7hBM07MN7wPMQ==
vTiXY/letAxhSPv1yI90/HUV3C0iQjvsFFJ7wk557l902IlMIjzeVjVN8R6QRrZX60Sw29bbBifTZ/InHgr7vA==
vTiXY/letAxhSPv1yI90/EL4G3bQhjeWcT9XL3zggsQikdG1WuH8EipdnZ8chghwAm4+//AqrRUNAoNdlJ5VXg==
vTiXY/letAxhSPv1yI90/B1VJ8/7Gk16/b8qp8/pyD6T1y1vTujw/4BS+sf8ySS5gQtxR4Q5Wewq/xTFvUts4VYIJ76ekNcWye6GitROld5EelH4BLXxIbRnkygDkQRl4DKkRDGSjChIs4K66gyjENUHlZ7ZPRprfkcZCabIvyo/WVzKBY5LeVgxyAF8DUUGcDiO4WIkUSRY+94MpheemE2BDG4PSkBiJtCmWD/hnxU=
vTiXY/letAxhSPv1yI90/B1VJ8/7Gk16/b8qp8/pyD6T1y1vTujw/4BS+sf8ySS5gQtxR4Q5Wewq/xTFvUts4elm1NLkSH8GCndrRz62sgFh0yIolij2ZSz3/ilQD4Q4Oye/fCb2JcR7TgE4jphrfa67btKgyOyPotKtwG8Brj4UlEvjG+ldzhTgG+3/6DE85Q+aNE7mA3jP7vsKjEn9nC7MmMQlWll8JHjl9lCnrKJs29ZHjegWo0XWdVH/bUGU
vTiXY/letAxhSPv1yI90/Glk58tiWOHmCDlMtDvIfOgvRlDj8yLdWROsxoRX4jBNBRDS5i6qmjTWNgzaeNzrUA==
vTiXY/letAxhSPv1yI90/Gv/FLZy+GhgSqJNuMUs7m/1rXuCPAuebNbDwmxD/7RT7+zx1KYXmwuUCOGNzE2oRPgu1u4Tjt1oMHuQYAi60v73PBLRwWippyv54AgF1wVQPQU5KBoimN69lBYbK46lcZQ0F4orMzZhzdTsNuc6IryUPcYNny+ZkOkGqp/O8x6ZooQbZCdYoQyVWrA5A6BoJg==
vTiXY/letAxhSPv1yI90/Gv/FLZy+GhgSqJNuMUs7m/1rXuCPAuebNbDwmxD/7RT7+zx1KYXmwuUCOGNzE2oRHDG0BK3fYAGA7FsHN40OBPbfEFw5A/r9n1ssqgFZ6e2WJwLS1i/pbXwb53h7UmT7Mu4vCpd0XP/i1a7dSTWCkoCz+cP8BcVEIdPBst94LkALE+aqnqc1ivUAkucOJe6uVuRSveeyuleMi20QGr9CG4=
vTiXY/letAxhSPv1yI90/Gv/FLZy+GhgSqJNuMUs7m/1rXuCPAuebNbDwmxD/7RT7+zx1KYXmwuUCOGNzE2oRHDG0BK3fYAGA7FsHN40OBPbfEFw5A/r9n1ssqgFZ6e2GfoxERyO3Kw6xhEuX7OXVUNuhS4Hz8Fv8PM+NyR6sIsZ4MiZFH4pk3y6wlOglvnlnta0nUZUnhLBGw81Fkq7AY9UTLxbkAoEwS7tK/6HPe4=
vTiXY/letAxhSPv1yI90/Gv/FLZy+GhgSqJNuMUs7m/1rXuCPAuebNbDwmxD/7RT7+zx1KYXmwuUCOGNzE2oRKt36RzKM6jdoYou1pRsgUP0A8dc/FtPKxeXuydBj2SPJHeHsuHXFVmjLorYpivwZGP2jxRdvF4WZOFjHsh0KjJhjcluvbXEh15Xmzeuj/6CVSZz54kKbkMiALv5hfqxjqdu0Uq8Bmpi5RLC8vI4pRrGR/ahxVzwPhpGzge9tSlJ
vTiXY/letAxhSPv1yI90/Gv/FLZy+GhgSqJNuMUs7m/1rXuCPAuebNbDwmxD/7RT7+zx1KYXmwuUCOGNzE2oRHDG0BK3fYAGA7FsHN40OBODKuAgVFBToILGUywNyJvMWx3ITu3m17ygWlYYSxQ1RjOphfaOrlm+wu04H3vcC14+ewC71L9mKjSCGTBDlVxU/p23qL1jdZRiwkGk98npTqUa+JJdzbfUll+0M8tIpIM=
vTiXY/letAxhSPv1yI90/Gv/FLZy+GhgSqJNuMUs7m/1rXuCPAuebNbDwmxD/7RT7+zx1KYXmwuUCOGNzE2oRHDG0BK3fYAGA7FsHN40OBPbfEFw5A/r9n1ssqgFZ6e2jsjQMRlDJez53lbrtw2zDVyFDKu1rCNE/2A7afkpN/mmZ3HQHhgg46XcrwvoX9bdgJukHzq+2EufQetWLrlV1RI8bkHPXIb0Z52Cl6+9aLs=
vTiXY/letAxhSPv1yI90/Gv/FLZy+GhgSqJNuMUs7m/1rXuCPAuebNbDwmxD/7RT7+zx1KYXmwuUCOGNzE2oRHDG0BK3fYAGA7FsHN40OBPbfEFw5A/r9n1ssqgFZ6e2QZNBpIS+T13aAzXXA4XGcyp0imWMDHHupWdRFUP8QCGHLPVQt4kbE1vdKnXIY7c5WSnz2++lw9k6MIKW0cI17dYm4WAcvCK88Druq2J3+4s=
vTiXY/letAxhSPv1yI90/Gv/FLZy+GhgSqJNuMUs7m/1rXuCPAuebNbDwmxD/7RT7+zx1KYXmwuUCOGNzE2oRHDG0BK3fYAGA7FsHN40OBPbfEFw5A/r9n1ssqgFZ6e2HxEf3jREIMOlgHrrnm/QGFL/6+LjPmCvZnWMvUQ4vMLCSYPIFpWYLtbwgNwfY649xWXfOtOHR760D8/1ZqPuVYXOa7nwupqbWyJgk/fACVc=
vTiXY/letAxhSPv1yI90/EbOjoRzkodmL0DgVg41TL6o6iM/Pv+QGxibAwBI36q1YTXub6GkYeIT2hE8kCThwPhjcl3GOMGkoieiUBWeua3p4Xck9X/8UQM2U79wr61avqvSC/3FWTW9t0O27Yk/HBTheQqhoRIFtVP5/n6KIIHyuBhvVSr2AfOIXFwNkK2hsGqJmNQMKivVB6Su8Tl4o54tKDWthtC6bmu47Vhkjbg=
vTiXY/letAxhSPv1yI90/EbOjoRzkodmL0DgVg41TL6o6iM/Pv+QGxibAwBI36q1YTXub6GkYeIT2hE8kCThwPhjcl3GOMGkoieiUBWeua3p4Xck9X/8UQM2U79wr61aN5nWCG50kFZoe/WJ7W7OrBUvIAt5Ib+IAC2wWgFKCIM2UTAm6GS5+AVwq9Lgrxy3od6xH2+QakKzXnsctKtsYJthwhCVDNae7NRa4ztXKkiaIT7OigfFut4G/FwxsDwu
vTiXY/letAxhSPv1yI90/LFMuo4TDxTt04BAfzVZY0BiGTc8le66jFcfAqwfvNuorZpTCgI9N8Q8Er/VCMZARQ==
vTiXY/letAxhSPv1yI90/NKs+CJK1xqTYROcrmnP+hsJTgkp0XzQ8JW0PRgqyGdx/vp7f1wOxvRf3sO3LuJBJWnnuAVFb5fk5KdQ+2wmdQFEIPLcSTANwTnYOFYqzbr06O5LKzctUNNHD6UlT7Fg1P5pc2xByQiIBZ4EXbdHSaTD3/zKCbSJchl8iQ/qwiSI/V4abSZNXNMKlI8SHItjYQ==
vTiXY/letAxhSPv1yI90/NKs+CJK1xqTYROcrmnP+hsJTgkp0XzQ8JW0PRgqyGdx/vp7f1wOxvRf3sO3LuJBJegWCx/LHihkg1uBQhK7VD/P/xp6+zFoC5qAZIXGcA01ZJY1xIpnBPHayuLCwNAuFgnS2cce6fYyVxx0CTitFR47/t3GNf2+FCy3IAs+uwhYHs5VQaLpAYEDrugtArZKNVtY8d7/cj+KxZkT4L0r+c8=
vTiXY/letAxhSPv1yI90/NKs+CJK1xqTYROcrmnP+hsJTgkp0XzQ8JW0PRgqyGdx/vp7f1wOxvRf3sO3LuJBJegWCx/LHihkg1uBQhK7VD/P/xp6+zFoC5qAZIXGcA01wfPUcu1uoptDagDeZYLTsYZo8n0ULLokOYhInAImMyTv3jXaM0yJTZ5tofDgbhjINTiY3b3DoJQMCCxMgykJiCS2spOJ0BWlDpYyJvFLp6s=
vTiXY/letAxhSPv1yI90/NKs+CJK1xqTYROcrmnP+hsJTgkp0XzQ8JW0PRgqyGdx/vp7f1wOxvRf3sO3LuJBJSOkdg/Ay6D2N+c+PPBBPflImPRriNc/zPQPZNTmvtDCcxaVT8ls4F6YQSmBpj6pLYhjBMO69eGXHhuANOww+qRatYHTtrHaEDGAGi7CVm+y9eJqes1wAyJVmpO1juOWlLAQxGmnqFk6NhnbKQuluWMc5Wt8XtuUGuiAn/EXWJEz
vTiXY/letAxhSPv1yI90/F+stmP0L3R6Dy2iHBTyL0mzM2WEFTCe+tDd1GvyBPcTR0pltOjVltbXT9f5HF84yN1Muiwb3MhO5nvRj0LLW6a4nk0ngJe8MtKse1T5N6qkhdxTWy8B9UxDRX2rio5GxMM/9XJQd0VaMNloECa4wyBRBPs6BWJkD+bQ2sAydLdzPJ9EUzT3CXf70nBaJWhiYYMAqV1SUFhhsaoztidHdco=
vTiXY/letAxhSPv1yI90/DrntcuDhuyQoBu5AWbzAhhTWnXpx5I880dJQdWInGS6ZWqkvpPzujt0yC0C+QJYfo+5smpeZgydp3ATRTbKcHm0QkbfMRTfd9EWo2op1+0NvRRM/zm00RLCIQGUe4An5nO2w5ZAGHOTZei5hR55AJ+UOYzn6RE+AsTNjxcZ9tdDbR5XdBxQA69enNfcqtbLJg==
vTiXY/letAxhSPv1yI90/DrntcuDhuyQoBu5AWbzAhhTWnXpx5I880dJQdWInGS6ZWqkvpPzujt0yC0C+QJYfo+5smpeZgydp3ATRTbKcHm0QkbfMRTfd9EWo2op1+0NwbHYX5HBUWB07T1+GMzxlFK5q2f6iYjAvWdnqFrYedszq6AjDulvpa/MYTq8huvzZ9Ojre7GIoRf2kj4SPow4hO0nDzExR0VJrdekrn+azo=
vTiXY/letAxhSPv1yI90/MOpb3Fv74cCRWzFf38WnzDYZDdBp2D5AJWh0drFqi1SKmzxm7W9BSWAPc7G5w6shMNhwm5tICVjxGjNb7B5YGE84qJrLemMOZYQVpQpXczymMYXA3JWlbxwNcAXqodW2oN4x2SJHJNjmJ0SjjT2O34nGGSGpKNY9MXxt9IeJXCedxr1JJH0Wc6aRb5nKpjiSEaLqm9VyHt6wjp8Asx3fdY=
vTiXY/letAxhSPv1yI90/MOpb3Fv74cCRWzFf38WnzDYZDdBp2D5AJWh0drFqi1SKmzxm7W9BSWAPc7G5w6shMNhwm5tICVjxGjNb7B5YGE84qJrLemMOZYQVpQpXczyG/dUXdDu/nera5pBktJVlph+CEWv1bALhHFzYbRmDqc9+7tp6qN7WTKchFP9QVtB1QMzgtHO+65p9t31n+ePyDPDs6l6T3VjKqiXDfBXmGE=
vTiXY/letAxhSPv1yI90/MOpb3Fv74cCRWzFf38WnzDYZDdBp2D5AJWh0drFqi1SKmzxm7W9BSWAPc7G5w6shMNhwm5tICVjxGjNb7B5YGE84qJrLemMOZYQVpQpXczy9o/Vg7ZCnN2nTVLPiG0Xacu3dlH8nuxpkVu1Nlv/DaHDrngYmzKQxoRFBoezRWV6aeIUj3NU4bkybQQSJeU86xnuDiCeDiIPHoLneMfJRPU10umI6rmLe1ZFrhCW5e1r
vTiXY/letAxhSPv1yI90/PDPzCie/wAlTWx+GR+CNFChHc0kpI8WdyX7v/yzq0mX9RPxlwbSJExs2/+QCnZrrg==
vTiXY/letAxhSPv1yI90/PDPzCie/wAlTWx+GR+CNFCwjlWGPL13BNPBrMsKqkfO9dupFtqKzx2LvuQ4z9KFmFC3dQF/XETa9H0V+mLu/l+4C+RHu0ZmiPUxf2gbfRLvNSD5IYNY1ntaGE/3byGhObn3L2rIy3+3t8han0g/NXlU/CeYO1+RfB3yfg01Twp72otpWEoiGA1n6K2EEvP9+zesuYbgV/HVYp8VBrcEw/o=
vTiXY/letAxhSPv1yI90/IcQTgfdSLyf0AQbtbpvQQzJRQCpyGZms1yjF65cwERFVxS0w9cbkf6ZmFR/bYzgA7VN+pJrcyf4J+C5IoFXy6OHhdKDOxGTmXX222aqOWaG6WxjmxQf3rWURqwdvRhPn6B3/e+wUjPX1ZGVoyfEZDuuVcVYwkz5B1pelrUDo2oyf66/QR86I/y+dB4DBTBN6WbqArLzvZOe4pBAJ0ac2ASH29gnK5R0kI5A8akfpv6t
vTiXY/letAxhSPv1yI90/F8wjB9US43hc3yJEEgyVaDwEhP9we69phbSOtNi8p1VKw/csmAYxLrJYCxAroLQQA==
vTiXY/letAxhSPv1yI90/Kj2RQymfop8dsXr/OhVzHOq8modDmlrcg9zIPPJfi2FpeTnQeMgYS2Id4i+r6BYkg==
vTiXY/letAxhSPv1yI90/Kp32rnNjwkSXEjn9bH7QBhy7T/kFBP95YzTHptg2IHyZQMdyy2Ns/1mINvkfcVFuQ==
vTiXY/letAxhSPv1yI90/LLM3xTGuZTxc9n9/USiFoMxBNioaC92CyOe/RidY+jFtChg3ZZcXkynvTmAx0pgGg==
vTiXY/letAxhSPv1yI90/CBCZw/635gK6seRuscTLnPVGiuOQ9vdg2MXVEl5vxzSGTOGwDkb7VXqcarpft3CAQ==
vTiXY/letAxhSPv1yI90/CBCZw/635gK6seRuscTLnNVOusaJoI9Y6dNMw21HB/CmfC0/0PhjANdxUoSZz6EhdJpPBewNxyu1208TPldKbMZF03g41pVNR48XXAMZmn9nXdPs492cQmYotNjHnFaIOctCXi0piQD4DujcXS6aV51LWxji6w2CEhGvkpuoff7F0QDoYLYroryTA3Dvfr5rEE4y2OtjC8ZD5PGDt3NuZc=
vTiXY/letAxhSPv1yI90/GAWgoOzHew1LDIMHG2b/SgBfTsKlLZq6DJGTFPtI8rxKUpueVgDrxmaweHTTElA/5vKmAoaNNcVTGdfODiSu9vgk9rYNFygx8C1URJfqvjK9PkY0vgSCwn7q4ONbeHAFdmiCiBjG8cq+9TLXMUnXvb3kHdxWjSVK16ufJn0whWRj8fXnR5ZKLTOE1cD+QHeEg==
vTiXY/letAxhSPv1yI90/GAWgoOzHew1LDIMHG2b/SgBfTsKlLZq6DJGTFPtI8rxKUpueVgDrxmaweHTTElA/5vKmAoaNNcVTGdfODiSu9tq/GnorC/3ldTPjM0Il1eRASawM09wdLori2L/++OW936vDLKcRTXE7PXnHPbGAslVoQOpYmENWkxdvDxWufK9o2UJAFPb8/E+SvszgVqT3w==
vTiXY/letAxhSPv1yI90/GAWgoOzHew1LDIMHG2b/SgBfTsKlLZq6DJGTFPtI8rxKUpueVgDrxmaweHTTElA/50FmK+IyOlD/Tb9+GJ3rTqdMJXRQN6cZ55pm+FU56PYz8M+ps3LGqFL4ViwpIN2eklKpuQHV1tZUl9evhmhH4ibf3Ik6hu2+l4SZki63B5ibyVDWVVXKTEIneNAnwZmJORsBV+NvL1/KGppXT7xBJD3rX2qlULJVEU0LJjgoAqB
vTiXY/letAxhSPv1yI90/GAWgoOzHew1LDIMHG2b/SgBfTsKlLZq6DJGTFPtI8rxKUpueVgDrxmaweHTTElA/50FmK+IyOlD/Tb9+GJ3rTroBFz/4pg3vdky4HPdpwNZxK8/xtH2P538sMVtIgrseQvHWb2OO0AddaNJAdCSnY4XN81TkT85W0iKolrL8FdfOfrVHzGqinH+GCIw77tr7VgMI9nNdaw0QZmpE8GMabQ=
vTiXY/letAxhSPv1yI90/GAWgoOzHew1LDIMHG2b/SgBfTsKlLZq6DJGTFPtI8rxKUpueVgDrxmaweHTTElA/50FmK+IyOlD/Tb9+GJ3rTroBFz/4pg3vdky4HPdpwNZHhRD8Ij4WH5VPhS7shiJ6Y1MS6DQywrD83HBghXniyo00dqrqZ3vJm7XWZWbkOk0S2QRYWYot12ARcgHgilZmo3ygp8FPC8qWG2DacQjoQg=
vTiXY/letAxhSPv1yI90/O1/6qlkqAJHm3eC9gJL9l5tXzbZE84BhubKZxCxtPgd0fLZekY86DZffr+9f72A1TeWIhXJ97bOx0Z/Q+j8ljkWJklvSGHSY+6SVBBbSnkA5W8ag03KJ8knCC8JR4pU2yugtO9i5RGc1EWYpJYzOmqdJ9v33MkaDz2gg/NRiyywYMVaNu9oFWBCDtEaQeg47VeATSAk6CxY2qzfFj6d50s=
vTiXY/letAxhSPv1yI90/PuoIkAiM5YmDK6Ut/BZekFhjcNf10zopxRyAW0uhgWvzRY4YJMr1FEFc/XD9QShRTQUq/U3pZGqot24DEWukPvgi/0M6E1PrSHNm0l7ZzDRmwNFwb1C/i/phyHFQ23rvb2ca2tfxQ4pHdgBO9amurZAuxF4fbgIdlCH1uWaMPa1eDqiqXfPdefa4EOUbQZKc09SmTvr9YAl12lW28sWs0I=
vTiXY/letAxhSPv1yI90/PuoIkAiM5YmDK6Ut/BZekFhjcNf10zopxRyAW0uhgWvzRY4YJMr1FEFc/XD9QShRTQUq/U3pZGqot24DEWukPumNWnkUXbDK0LZhh5RYFl6uWXVEMXXs5caiGFd7B2G80QUY8HoRE3WJymxHzrxr8AbjZRRm59p0SZqXIYpvkti9VuNerg84AbeKqf1CdiiiWSOISp2wiYBtnf5MK9TsRc=
vTiXY/letAxhSPv1yI90/O6X3GBt5TimDfcz19cESeo0GbCGYGkmwC0QfHmpIoEuk5QWybzxouf+geTgD3H+VGFKIhbnEO7ljny2CWpWNFLGY2QuB4+XTKzavFN4093fh9nmaK/lsRp8rn5RYoLkyf2EOhdTdCpVRw4glRyDZIiqNO3PH0/lFmmOsxJEA94Wkh1LFmgSyts/UfEmEKfbPLoKvMOLeMwkyNOJEGo6X8U=
vTiXY/letAxhSPv1yI90/O6X3GBt5TimDfcz19cESeo0GbCGYGkmwC0QfHmpIoEuk5QWybzxouf+geTgD3H+VFtDJKk7nccjWa2zxr2sT9HNPhfadA2XmT2G7tWd3msQDZQDaKtXeBYfbNSq26jjZqRjeziFTgkYlRqaymDC4kXT0A8MdLj+pekBq0YMLNY4au3Se5iRIKpY6zGb+v2Bdgif1hcbU6JdXK6bjIYoay4=
vTiXY/letAxhSPv1yI90/O6X3GBt5TimDfcz19cESeo0GbCGYGkmwC0QfHmpIoEuk5QWybzxouf+geTgD3H+VCAg4rDwPRhT8F5XEf9/sq7O786mN82DO21siVUk4Kqx+84crzWwqhje4CF6W0fVTuk7doMTE8hVeQPSUPJN2ofvUle9TIBXzRvn35WAxpU98XaPzrKWb+w4INTesKVI9Q==
vTiXY/letAxhSPv1yI90/O6X3GBt5TimDfcz19cESeo0GbCGYGkmwC0QfHmpIoEuk5QWybzxouf+geTgD3H+VFtDJKk7nccjWa2zxr2sT9HCOkqgubX4o3za2+tHUhqPlHxOY9rmHL1VeEEs+MDPxLYEW9MWH8BOacxcBU/cGH6C2Udxmh16ru1Txl8V2TlCzM23OwSltWp4W1o635hL10geqVvnOLaHsM0ji7wHeDg=
vTiXY/letAxhSPv1yI90/O6X3GBt5TimDfcz19cESeo0GbCGYGkmwC0QfHmpIoEuk5QWybzxouf+geTgD3H+VI5enkrRQrq9pfqbDAvrDSHN5oNRQIP/2q13gxWq1yBwiOJieRlve/+JbhFDE+E67xst4z3Pqii5dSwOaTuazL6XwPO68y6FMCfJ8aDsT2vz559ZapwkSEo5ult4fHQDMA==
vTiXY/letAxhSPv1yI90/O1VUl2KbcWuQw7bTHtRdUW7ecr5eqNZR8IZxPq3jPqKM+O7/ebwUr8D4qWLCRvOc+pgPB/RPDWM+iPatHZVfDBqS2GWlhAiZ3pHEhNejOvqgRrctHOtbkR76gm6dGUCPuWTRLHKVuf5zUDmuYWIkwF8i9O7KVFK5DSrvdHaokusEBoKktcoC/PcJeFY+ai4mLOrRjn1NuVVVujvFpwUA0U=
vTiXY/letAxhSPv1yI90/O1VUl2KbcWuQw7bTHtRdUW7ecr5eqNZR8IZxPq3jPqKM+O7/ebwUr8D4qWLCRvOc1qvm4klT32rfNf7y3hX74rPrW+xFAQbimmG00retbf4mFa4ioE/BIWjSObr1YoAx4J9/OwQQpAqtKzQlQQAZLqIyaqK4bVUr+t+cIwh04GZPjQ5M86v6SiPi18+d9YlUTkIVcn5kSQDlvfeGHfIFSQ=
vTiXY/letAxhSPv1yI90/P7PTjylsUVZ3U7Je+/I4UPfImFyxLEXYX+Ioi8a6HPMx8N/9DCp7de+uCbIQodxIEFum+r29tdQUv7U4jXBDQZOwdv+XrxQeevUq/gzrVi7fpkZlaTGgLDf7ohmXSQK0fAv6y0XzhAbYs9PcY6djUM/Xzqf+3u0s6nR6jZJVZOee5xzDU5lGTcR9FIOqGuSJ+Kx5I/AoKS59Odlw7+l4rA=
vTiXY/letAxhSPv1yI90/M90XT8j0zq2GDuyNKSeMshS7wH2B0D4l1g4W7SERv+yRH2s00K0X19wEkglXNXE2HTK2pZi9IRij8HafsRqvuyN5ESopjnRJSLIc8at38sDOJLDT0DidsEaxFpTyPFQ1NdZMZkVVoV25ZgU6QEHDne88lHojRdgLp5+NXF9Q1y7/XCeLvXcOoX7khti1vHcTwNAfIePrPmBVPCViG5gWjM=
vTiXY/letAxhSPv1yI90/A1/HajtCK/FmWyf+F/bvyaIpY/qvNoh+zrNSdbb7akk0ZWeGtf6w/1pr6Q3TtXds/8CPxmYTrOe4/kyy1nflAoUYWIJHjwYS+M5EOnbQ1kQCUSXX0Go2MT+9SRuE7rMIcqKSGahzpuMH74VwgaFBJFo6ZSuQjYAal8Y/j9QxBKbftHqifTbAyOxzq5mj58GwA==
vTiXY/letAxhSPv1yI90/A1/HajtCK/FmWyf+F/bvyaIpY/qvNoh+zrNSdbb7akk0ZWeGtf6w/1pr6Q3TtXds3E+b3cj9TTct8wUst532YI28d4HnWF8dqyZ+CN7xxkVoFy7RAEX4+MRU236noFkNxliYBywddXJzesKxKEzlMmIMCEYAmQq/PhCXrksF2D51ZjHSThIwgzz7BddCLou6Q==
vTiXY/letAxhSPv1yI90/PhEPA7hDCm6iwXMteHAQMw5Sh0GVnDb92tpBJ9TJx4Vv9S0BPtMchS1bcHRagCKzgsdWAoqKDgEnLn1Bg24qI9ovL+Ec1UtX84SHH7bEy3EsN4MPISIW/B+1ACDiU811G3TqCAYZC3hiaPc1pAhLGtV7bKUpl36MrP8AXxDSQN+nWS5MyXpxElgVkeCAGjkk41iKsr4ZkczXpJtZ9WoYI8=
vTiXY/letAxhSPv1yI90/PhEPA7hDCm6iwXMteHAQMw5Sh0GVnDb92tpBJ9TJx4Vv9S0BPtMchS1bcHRagCKzsfMHil5F0ZvNtvY/aqV8oqVdCeO54KWYuRglQGy4tOfCq8gBZS5yTNoRF+Tv4FwxF5c3fek9b2miQrHqBtIrTGajWdbn9xWz9ggTrfy9cQAM8Tfn+aFMPgQvQm1G1iCDw==
vTiXY/letAxhSPv1yI90/H1btl3Mlj2QbIAAVlpWt7eku5sYXLaVikV1ebfl6PzXxePizbXEC7FFzTcRwPI6uopwipbs+RlFgj7UKrYCr1poV+wF7VkdtVZHl9YoiMGwR9zm9i9/bOQkfZF5S+0BlRhOr40EOmzCdBPqI8ht3newKs8ACDOyINwLM3sO+kRFCM9UUMCr2bmQHwuIU7/tnB5HyrNNB8KdHC2rZQuUxw9OL/MAfglhC038ukBFmWCY
vTiXY/letAxhSPv1yI90/Pqc658TT4SbBHCH34TzLUO1zYhAMHRVL5jFH19D1vLLR5Wi4YQhijyoGQJV/mZNd9hqavLtJsv13iLNaQq8S2a+bxx3f2hTsE/OL+7zV0rriYgC1nKtwbJU2XZ/+QWJIeOXcyLaD+5oetPf5yLOLt1coqm96nxe9NEReldkob5+MHYbTRpk7hMmgzIGnXgDWg8x4CLDreTpalvIHrDaiww=
vTiXY/letAxhSPv1yI90/Pqc658TT4SbBHCH34TzLUO1zYhAMHRVL5jFH19D1vLLR5Wi4YQhijyoGQJV/mZNd+DL8hZfB8sGgbxtcBl+xWleH+IxnZLQrGeKML1SHNFtffSAYhW5rx/aTAJkT5F1T9Tfqdk3xzi7a5dCjrp1X8uortKoLlDk/8mIfoubg7MLZyC10Ha2+HbedpGVO5pyoUatIvjumkhBu3gVxEalOHIRi7rGHcjfDmlW0xplo/vf
vTiXY/letAxhSPv1yI90/Pqc658TT4SbBHCH34TzLUO1zYhAMHRVL5jFH19D1vLLR5Wi4YQhijyoGQJV/mZNd9Ka5SgWfsHNhHFtyMQs4vbrB+MECoAi15vrE8MqSthApkVvsvTlaiNsg0SsuCVn273OQ2/BdydSqyYEpg0/Ac91cEFyUcKdjLVp5mNMVzVtOOSA7fLy9m94eYuFwAgDvA==
vTiXY/letAxhSPv1yI90/LJR5h1tJwmmPw3HruLz7bGNk2tj+yTMM8v3Bo7FObQkijIZ4j+1ni6QDBdptrJkcXd09IwXYaS1Iwiw+Ki8EHWKqrFfSNNVHLgVaw5YB5dcxbpcVcvr42UlMt2BVRN7SttHyIgaXJbWiTBiPlfVVeWBfjtDUMGbdT0PV8Ygmy7WyN7mGXLJLpMDyw9vuuMV30v7j1n0DeY8krLvUkq6hbA=
vTiXY/letAxhSPv1yI90/LJR5h1tJwmmPw3HruLz7bGNk2tj+yTMM8v3Bo7FObQkijIZ4j+1ni6QDBdptrJkcVVeJFiVb6MuQT9FlK4gausPXzuPdJFeKTZ42eTHRFv2RMJPTHucjW4u6xmQhQ9XRcxq6Jaj807dC9LdHQVBw1WuWXc/cWoeIA0UgdnDV/PGWbJM+wqp/2D13q0QiFfDzJjrjbIlVBWgmQEfiG47Q3A=
vTiXY/letAxhSPv1yI90/LJR5h1tJwmmPw3HruLz7bGNk2tj+yTMM8v3Bo7FObQkijIZ4j+1ni6QDBdptrJkcQhjfG771xcBQ2Hu7HOWr4CQ+jyjMN+vio86vT4mLSE6E9TXnXiaX8CJ0CVNLc3LKqzUgoCJ15RIX+WxYdBy3hsZ4qn7phBsGGZ50kxz0zQoZKAA6WcWAs9rl3sZFSXwDyfqQbxV3aP6ky02H3/Jm30=
vTiXY/letAxhSPv1yI90/LJR5h1tJwmmPw3HruLz7bGNk2tj+yTMM8v3Bo7FObQkijIZ4j+1ni6QDBdptrJkcXiB9mApBbTDO4JSHuFxWhWGN1u89tHt2Y0TVz9hDFM8KZeV02h5KyFkRQM5U8QtGA3CPYr/HSC8GF+N1jzaVR2tCsJnSFt48SMdwyT37KA/NUc8BwvNGbE5NjlLXR/PHhtfkrw4L4wjB7gSfvF63SY=
vTiXY/letAxhSPv1yI90/N4bbZ7MvbcXDlx8pAZflXVs8Ghd5T7iRYRP89ZPxRiTp6s5l8Syw8lLxzn4QhTJt/tmErtwHIbLFdjdHV1C0WO6pHLxiTmQ8cak7tQLYbA0TAGk9G4Za13aaMchi9IqrN74Q3zkqV+M3Vg+OxXpBsC7bYmdKQBRAbXsKNeHrOEFmT9kSRmRDTBzurXyB5mt+6EdiU/08mXy5jxdXl8KF9Y=
vTiXY/letAxhSPv1yI90/P33rLysdl0pSN+8Zlmd/ZFycEbdR0wFpSF+Ga91qjp5fYVKbHf58XkkTcG/BAJ6LSBobKeGOn7J3G1geNEwS5nVjJqleKtHMvBzjDo5ATCxk/m6mC/xFenQh5n5WIQbWaQ3Np3sRgBl5DFbnN/wwyGYmhjecs8Y+4vcd1PvYbXo/rW2MVeSJFa1rE9WeGj8iweH/E0Uajq04x0GD9tmcFE=
vTiXY/letAxhSPv1yI90/P33rLysdl0pSN+8Zlmd/ZFycEbdR0wFpSF+Ga91qjp5fYVKbHf58XkkTcG/BAJ6LSBobKeGOn7J3G1geNEwS5lc/z4n5EJDzQvavefqcutSZ/8WcBcg5FkUca/eGrhd+gGTREi71DYN48FqG16dPzbiKlMYh8I0frpE9vLItlp0NvyGdfIrP/St4YslhLUDa+cu3Zc3WcRoPjc/WFCflRc=
vTiXY/letAxhSPv1yI90/GnNUE0EhsqSVuJZI0WywR/nrBCtH14BulhTeILsgDUmtL0700hWrpldXoi54laXUwrFikkw/8W7FVZ2YY9XnihQ6YIVIM5gKp08FLBapT2ujvWYZDb3l89x63mDc4LUL2UoCTruPCZEU5rOT5NEmew/ZqqAAkLLEjE22m9k1dpF3bbeHkhc0ELvBEGBs2TMMzhf2CJ1t6XwkBB5aHoY65A=
vTiXY/letAxhSPv1yI90/CyHklOtWw7hSDcceYIw7Pq7unRMd40Z3eBKoEIXMJfjqkeQUUdXUmrpok4Ke+VWoT3WvpT6NTn5hwelEKfU4cSzuP9isdW3AaMUdALaMISbD+HlWjPXHzATKyMvi5pjm2L9c635lprQBZRVGFvw6syVT2aH8484BiPKN4gh5XjUaJPqJWLvnWTfoQtE436JbGFuGpHFVx4BOchDqp0zqJfH7uoBjW+RFnITw6YSg24u
vTiXY/letAxhSPv1yI90/Ktf/c6ICxLRJJ/xw2F+MMeWYyR3KSw6KOo3JL4P02e+Fi6oeTUAbw5lzCnUmqNTtm+vLXanclCtjCmN7X7Nbt338ASfrvmSxMH4NN1qMdkZN7RSpsRVCdRqaiFClS9XqpQZ53CdlLk7yZQ2+231u61DXGoGr4RfhmKHwOAlkOF5DHyW1vLABY6m1gpCHh4uvesM0Ad8kcotKpQ4Jy/JJw4=
vTiXY/letAxhSPv1yI90/Ktf/c6ICxLRJJ/xw2F+MMeWYyR3KSw6KOo3JL4P02e+Fi6oeTUAbw5lzCnUmqNTtvG/SeC7wxHMePUjgexCpS1gilIzNA2qkOk6uJMgRvt23BZjqlja1H0Saa6qIVzZFWEm7fEtFRNlOok3D7z6YuJHdZ6jCpM+XKRyPDdl+qSGMFvRBdYUqmwTKtcx2uEfQw==
vTiXY/letAxhSPv1yI90/Ktf/c6ICxLRJJ/xw2F+MMeWYyR3KSw6KOo3JL4P02e+Fi6oeTUAbw5lzCnUmqNTtiyDDh79EOjzrEh0KBfPX48tz2K5Kv9fh+UoD7TzVbfiK7M2qDJp5qL8DtQNOshROww+/QWR6NCyyobZM/CQKMw9YPToL/ltP2jzH9zXLcTa9gxbgLFYsf9OZTIAa7RConW9CA0nkbrrC4/X/OYo0GEuQ1FK545Rs+z6u0iRRNAg
vTiXY/letAxhSPv1yI90/Ktf/c6ICxLRJJ/xw2F+MMeWYyR3KSw6KOo3JL4P02e+Fi6oeTUAbw5lzCnUmqNTtiyDDh79EOjzrEh0KBfPX4/ohR/AbCLiZgkA1w8XSav3S50/sLJycAFpa4nfPg9Ss5sugVy2+OddBspg+PMsT+Jsn8s93NgOhNo3+YT1vPcssjW6EC1/f2/82a4Z9g8tmmEnll48eRNaGbeya+V8lYw=
vTiXY/letAxhSPv1yI90/HWlclGVVk3sgE/NQt4o9R8O/HbEB1pq8NYGiAAL8y5MJdbGFvANN/2tugdVqj0HTw==
vTiXY/letAxhSPv1yI90/OtGIL2ulKxLayGaABg7FP+BGmW6Y12tMoZOU8e63o+TwEJoO+bCzeoJzDdsnugAcw==
vTiXY/letAxhSPv1yI90/IwAIrZ8LZlYf3W4WBTikCyqshrdRBKqBjGQNn0oXmlIzsDoQtmHkXGZTSfgp/Vl5Q==
vTiXY/letAxhSPv1yI90/L2HicywueHO/CDZOAd7l+3x3TrOW7jFhyurIXqd3xhk2Xa88IyyUoD4g0hu1uyseg==
vTiXY/letAxhSPv1yI90/N1tlrb4L9V72CqUMHwQezXH0PaIUq/wP/BPVvJTepiaPUayDgfYKn/Do+V4UwCpnA==
vTiXY/letAxhSPv1yI90/IWST23DiadjxpU7G69AMj0lQICuRbFzyWfB/4I6IyNvK0G1hpsPgooi+YGTLyAdjw==
vTiXY/letAxhSPv1yI90/COwjtEP4vAGj6KYfutVFD+ovTWp48O9kO4Qvcgi+x99fkfbJ9WP2hYSAJX8PMaFADOmR77EuVoGlTf9bJFkxJjrRcW2rhIU7a6S8SJicyFw7TMBW6AX9x/DiPMPQuTExOEfegxcaAbyobXyPLMq6tDLkgmRYxZcrYckC9us75+VqOf7rHSqLszhs4ZbvZnrGWWluO80sI5f2zkmkDsSK0o=
vTiXY/letAxhSPv1yI90/L2VUUjeSpDuk3BfHpTO1ltq+8fCwr1VJJ7ck1DPX5XquJiQ8uRSXSe20Dcwq0VAINF8Nme+rg6p/5vWMJx7ANhbUCNeTvCM6L0UB2TekmEHCSAh6Dd5FeBZGgOLDxDDO8ja+rDsh3AYKKu4zNGJD+pdcgoWIDws/0oGLOXbzT902u+o6HBMGouSfyjIX/IOYPZU4nQCiXwBt5mAjZCM1b0=
vTiXY/letAxhSPv1yI90/HcyNLLvsyCLjt5gpSZriG++bw48kGHrmkhzFM5N2+ip1q0mlZzyYZ9Id8VjcfiuBiIQ5njAow/wBgt2d42XF38tsWPv9Zr26BouoyOer71EwUJHVO6ScwQXZ+zN0rKiSw2/CRysodK+exz+xj8Whjnv5UmLEHHfWekdDamZokthOKaNioi4clehmKSjxW207FtnMp+UhE0yQJ5ZY0MFBJY=
vTiXY/letAxhSPv1yI90/P/Ee2hNOuAH9gzaNtOsWkjPRz+exs9AS88Ud520pkpl0zO6NbrxmmjkYdBZh81r60QY65EI5r2bDre251kOxI44wBq8EUtJ8oIiEcvawjX6iW3kYNLzxOE60oCS+n+BroaIbbtJl5hZh3ybeRvoQlmPMmOX3Gc3ZDjpShsTOAfhcWxbVvBV1hwnyvIZiCxqI0M0ojyvzEFx3iDEn/eSVX8=
vTiXY/letAxhSPv1yI90/JucQ4DW98cc18oHi1gL2rrjxGSavccj5ZcNkLX8VOzm+dkkpKPWHgkpfYV8inH4LQ==
vTiXY/letAxhSPv1yI90/O3CHkluYSMnZshSLLonIMDBpqSJ/c+tmenyILHfLSSyMlE06gxsqCTv9HyxQzunpg==
vTiXY/letAxhSPv1yI90/LROJqzN7csJLTCWQQqI5TXoAzzvg2Fr96RheAdlzOsrap4+AuBfbsKQ9hlN/DyidUh0KqQi9iIlnhn0W13FpNWmROgh7D+i1Rkbrh+cXmM/xNT1mG5H8LVwWaML1psItrsGclOa3dVJUzXc1QxyCaahYd2KLU88bpbXisnHcz9MQxmS4+GlJPZ6gUApFEqgsVoO9c6s+rjFQ3UcRvaU1F4=
vTiXY/letAxhSPv1yI90/LROJqzN7csJLTCWQQqI5TXoAzzvg2Fr96RheAdlzOsrap4+AuBfbsKQ9hlN/DyidUFx6HUJQbNPc/qzG5zHndg5AJxc3rPxhgcP1uYAyOyZKi7L2weG0xiW0LdKnGIWoBfu9YZJK2TDjPxs/J89uvPdA+JxIXHjOVtUI9vewZnEpHa6wwvta9W7Wr2CWUm/0tuQY7a0p/5rPofkQVFmNz+XChNfjMYlTKpC372NDsVl
vTiXY/letAxhSPv1yI90/LROJqzN7csJLTCWQQqI5TXoAzzvg2Fr96RheAdlzOsrap4+AuBfbsKQ9hlN/DyidUh0KqQi9iIlnhn0W13FpNWmROgh7D+i1Rkbrh+cXmM/NUIzO0sx+oQsB7FrIUY7HOqwzjBCVQsfnlCGCc6yd7Ln/Dk9oPT5RnF4wgeDsafOS+VOg6ZSWoOA/cX9sMnj1wemf91vseTysJvscrgiZQE=
vTiXY/letAxhSPv1yI90/DOYXbtlU/txXFP9hY2+CKMK+hs5XMW3l8CwE2Y8svtllllP8yv4p8/CO+3bpQewR8vkjHf9C1IWimpVGadLxq51vnNeZAtFZmq5PIwcFA6ywLD5gai07VTV7wBSanaVZLFWYJ8xM7Qc4QqKfgz7EBXVor6LsM6B5skMGMOuci+Wo3HBrssuiQ5wgceJOx7ctA==
vTiXY/letAxhSPv1yI90/DOYXbtlU/txXFP9hY2+CKMK+hs5XMW3l8CwE2Y8svtllllP8yv4p8/CO+3bpQewR8vkjHf9C1IWimpVGadLxq51vnNeZAtFZmq5PIwcFA6yCTWUBG9G+8kq8lTTDi0c4fMjdkwG4n4+TN7cbpkf499osYQlmJQybgnypN+53E3SNj4Ha/4mkr8qQozFOpd5rLxX3NlsNsIrUq/dBVBRkfVqEtMp1rC5CAm3Un4RBJ3g
vTiXY/letAxhSPv1yI90/BQyf9fXVVTx3oi3p+uIyllxA3IkY0OMHvbyM/oPrGi8zTPYVtSzRWAKw9LoZRlsN/VWfzerm9PqELhJjomisivPJyVFYa6/X0vFfldXYddx62EauuhEGru66aWZXI8sl8qI0s7Qg3Lsp6yp19gzLtITAHLy/8yk/SlXz3j/bzvxk4x6ik1SiSbMjf23hFK+UQ==
vTiXY/letAxhSPv1yI90/M8nn8E3zFjO8jkjA3rut73zzvw1A4LG8JYBhkLMipqBXo6lu2/nOGB2A/mn0Bz7enPSS+yO84mWv519Eop1EnP4bP4BF6Ji65Z8h9hUKahaHuS+S8SNwIsIWNJGGwc9tlbg1R/UFgBq0LqS0Z/j8JiNFM/JsY99+Fc8kRhRR2VCq4B23mxNizDKxCRlC4efNIf+4mI3D3B6l/+RUl6OFys=
vTiXY/letAxhSPv1yI90/M8nn8E3zFjO8jkjA3rut73zzvw1A4LG8JYBhkLMipqBXo6lu2/nOGB2A/mn0Bz7enPSS+yO84mWv519Eop1EnN/JnkMHKPV07wmdOti5lsF1N79cQGeyjwRcJ2EEe1tU5AotRYqxGrHpDvrAH9xWEAHYeThC5UcpHLnB60Tj1Y3W1xRQ79lROdrS4+xTRIXgF7akKRj8BhtRLnqb+hRW5Y=
vTiXY/letAxhSPv1yI90/D22Qpfz7c8AgJsbMB+khNAhgGJPGxQKwCRiaKj5zt5uX2U3C7qtamJOYNuOvmsx5G40WwctPjUet2aeTEdHnT0SHsMya6Q2B8wfDWcJ4RGcfDww5Zm0VZVuSYIjLBZlJhRjtP+3XMb1N8/NKYX46Y91FIE94UWLbbkN9gtOGI2O7Bq956Esue3Zhf3Uisp2Px4DwOEo216PSuGfkM0R3ws=
vTiXY/letAxhSPv1yI90/D22Qpfz7c8AgJsbMB+khNAhgGJPGxQKwCRiaKj5zt5uX2U3C7qtamJOYNuOvmsx5G40WwctPjUet2aeTEdHnT0SHsMya6Q2B8wfDWcJ4RGcrRJcuAGuYjx3tJfIzACzNq/FQx8yaSYP5hiDyf+MLN6ID7BJXCQPfhHmTTk+cFJks1Xr7lxYq/bE5PUELpaTZUdMlDDvP24LTvkYY2urmGA=
vTiXY/letAxhSPv1yI90/CXOOTPtTK0EkbRRPFDA2t8WuzEOb37C9vK09pkQAkMG3h2hKX75SsHhf9eXOUCC5w==
vTiXY/letAxhSPv1yI90/CXOOTPtTK0EkbRRPFDA2t+iAWflTI6x6CCJlG61dd6QLFpcHxV1S1v9AtyzMSsy1wh9XVnISIBVDIa/8LGK8vaezvS2+WrBlKaZji6DnrPYDGDIwjhMQOElXcllUfZo/5/sx94qy9i3zjqTHBapTsi4hbIdahBGmSd/YQyCwwj+t5e1xosetLXDkXWv8J1WNSuswIgzKdN7dtCTuE6xdDc=
vTiXY/letAxhSPv1yI90/EjVQqjHAYWMtJ8SeK8MFb4sJy69IaELSLsnmmoFz3+o4UbDE6FxyPuOxkFlEd7q+MxvFpXX/P9sFhsa4ujp1GWHql7TqqYLSXDwQ9EIyBTCiCy+KOcw6uIucL5XlxveTpMvMrFd7GBb0Hb2eEVVOBHzOzXpyhvlYVIolS/x5g+DTUylaCXHTsuBTCewBsf1aFJEajtupIFCJQKjK6WIfd4ToHXWOe4HFxt/28kfk5Yj
vTiXY/letAxhSPv1yI90/Ck6pCQa3vOVH61gb4Y33C82AK5/u6CCb00037oada8AfMHlymqeVF7z+PYjl0IpYQ==
vTiXY/letAxhSPv1yI90/Au4l+JxlERAigDKxgyszkWMYSpLPq6TgGp6lh5gkoxoRhlnqdIot4zwAknmY7uubQ==
vTiXY/letAxhSPv1yI90/HO1yOQuKOar8Fcm8guSveyGdPCKe6o/298m1+LjezKwuDrKGhdZV0RX6OdTeafIGw==
