GmcONIA9PFzHw1gpPLLPoqev3ytAH5KO3S/CJpMsylg=
35kyjVfwBJgytCi6KM5Vug==
FNt9orFfFSbPIXNSbXcP2Q==
gE2g7VQeqq0h5MkG44fPUw==
A4ZCFW7RnVRfEnbtNxUDb8VFIQmzxcIFLuiIjRY2q84=
cwgQW1UgxyVfBeSrdwXHsPE1eoSAri+NViVSjTYe4hg=
pYn3RyiaY4vz2unSybTHuw==
mAzeFbkWBGyzJRgEWJSZYQNn44wFaguEUnqkvHVinQw=
NiGef/LGs6v8Em6sqLz1GYGKB0111uCW/TAqgkiW0+w=
2lfNnhNY+w/3xMaMUxJbE0YFT/wvMlSDz8Vrd5FEs18=
a/Cr6OvsZmiWmco+W5SJtZ02sA5YgJ1vWc3hzayo3dnxKm2wO6pIrBi/t3wnj3eu5Gik0nNbJ3uEajrltvCGww==
a/Cr6OvsZmiWmco+W5SJta3YyfiR2mFhJ7p76qJEoe7qRyfx26BKA/KuCvp/RTTNq3EJDOH/PSuCgACOYcgmCA==
a/Cr6OvsZmiWmco+W5SJtRDKW53hMNv4dkqs1+ZhY4wa4ArexmWCNMCF5XhEbNmAG3Ql0YaMF0Q75aJMaEF9YvgRBq/EkjSq7uhR6E//bX7CHJYF5fT2Ntg0mqSf/u0nu9RbzlvTPd+mx1MrkR6CUuxevD0Mal0sDEO5uVfd0IVmUOCuKgIMwgoQ1fG9IafJeMf89FJ+V8VeFiBfPW/O/i2vnN4J2UJf6dk3fE8hGYE=
a/Cr6OvsZmiWmco+W5SJtVUbUlKqyJZSDaue4SL31w7Z3N2Q1OrzH4iuJ9NKxZPMpxkajWE7pcwT+D5wtai38SLPQsNcEHWKVTpyXCIgBpyLQmPms+ywEIval8l4zqxG06V4VxY5AtZFlmP3KWItUZwdkbvbtZUG5OGNQb2S6kdE3P8ASBgQQxbBllsK2BrovJCM8YlRls83zjO6nIqHtQ==
a/Cr6OvsZmiWmco+W5SJtVUbUlKqyJZSDaue4SL31w7Z3N2Q1OrzH4iuJ9NKxZPMpxkajWE7pcwT+D5wtai38cbqyADI1L9IxDpW3q2E2PF0lVOIn7NpmOFVv/kduUx/JoIEoFjj7M5U1DyGA0IKtkl5Gf6er+ptE7hnuKdVx2g8YyaQI6L8mJd0YUQw+EAu+QPMi34MB6411YcTMXz48XSbHmweuedJLCxNAerq53M=
a/Cr6OvsZmiWmco+W5SJtVUbUlKqyJZSDaue4SL31w7Z3N2Q1OrzH4iuJ9NKxZPMpxkajWE7pcwT+D5wtai38X2xOrrd3/N5wu/vXboalPKpQjfBxBs3oU5vkLgRdmh6wUyM/6MAThJbuX5tTxQhvgMrfIzlWihioxWmZTnWcDeU0ngiaDnQSIK5etGEQePg5wpC+jVU04eX37lMAcsF7S9N586QdZWTIF1AfLU7dWM=
a/Cr6OvsZmiWmco+W5SJtVUbUlKqyJZSDaue4SL31w7Z3N2Q1OrzH4iuJ9NKxZPMpxkajWE7pcwT+D5wtai38XoVbv7cfCvTqB0hkwYqisQrAufjugA5o9yLGUQXBQHCZ2w8qKp1FeitQ4w9gLBWCV3cJivWe0tEf0MU7PpxCnci/+VewVNNjyBMLejVQOkiGV0XwbXanT11aSex2Iok7ORUDTMQTncHJbUrh+j+ItE=
a/Cr6OvsZmiWmco+W5SJtVUbUlKqyJZSDaue4SL31w7Z3N2Q1OrzH4iuJ9NKxZPMpxkajWE7pcwT+D5wtai38Vfk4uog+Dkq0yVkXiXtlmQyl/smnxIm+OBdCUaf9k0EohMOuDRjw7ilTprjz/E/JLcCwqa3Yfhe5uWmvr8HKHZXR2T3zEccrcTvbrI/SVI2S+HRdI/t4oMP+m30olLSIg==
a/Cr6OvsZmiWmco+W5SJtZlDpf43D99hYvma3VxJcieUxdQDfQSx7U019YF1I+j3CTxHTUpCm2hr9J8+kdhW51P9hJoirK8LsnCaGB28aVW6NEJD+2SfSE7SvsuBRSK7qWYsvSKXZGLHpZd0roN+5kfp4kHsorUJk+Ps0QOPJIWBTNGn/uQUzBu/d3DbB6st2ERFWN+FyeCxUgK9oNxthfmk7Y3MFLwxGknT+JP+n6U=
a/Cr6OvsZmiWmco+W5SJtZlDpf43D99hYvma3VxJcieUxdQDfQSx7U019YF1I+j3CTxHTUpCm2hr9J8+kdhW52hJ+FfzARY8oNI2HlkJ7dO032JZehR4nbTv5Su2013dUJJ2UviXcC3GZpvR46ZMBHsoDgS3jpVh0LrL4uKWlRrlxNJqj//YEeV+DvAQRGtRjEE2NlrAa0raNsqqU86ezA==
a/Cr6OvsZmiWmco+W5SJtZlDpf43D99hYvma3VxJcieUxdQDfQSx7U019YF1I+j3CTxHTUpCm2hr9J8+kdhW51P9hJoirK8LsnCaGB28aVXnB7jcWzoZM5VsNt4lKsuf133u2QFVZQ3oFiVzhnOX98TS+8IKAmMLsP25iC5znNrlJ0XHJQvuToKtI16BTooUcK+c9w6TxwTXv2+7DitKNs2mV1kl8IQlbFj8QZnQcQc=
a/Cr6OvsZmiWmco+W5SJtZlDpf43D99hYvma3VxJcieUxdQDfQSx7U019YF1I+j3CTxHTUpCm2hr9J8+kdhW50+bGgxnoFClVOZOXooyA7R3V7utbEpTLjACdm0K+JwC456mUGHoK2/85S6nu0Z+5/yX9jY4M8jUxAGio4MztzeSDAuDWoTMVxIHW+WpZr9epcrPlR0Ty8VP2JKO9AA6Yw==
a/Cr6OvsZmiWmco+W5SJtY2YHgXgPGAFAA1TbKXS8ICu7QAsLKwra+0GxSu8I+FoOro44GSIKVruH8bg/0+iN731NqSgO/qeX8YDrMMqSb9rNx7eejHxGu8exiK4EG/2rdSdrLt172eHxKac9ekPHOZF8ZHMeZqeuPqBhSGgNdQ+wcZjFbo2y/6NX3ElOfbFoIMqOWUzt0Hosj+usXRYGeMAfLili4Xk6Vd/FAY8qvI=
a/Cr6OvsZmiWmco+W5SJtY2YHgXgPGAFAA1TbKXS8ICu7QAsLKwra+0GxSu8I+FoOro44GSIKVruH8bg/0+iN731NqSgO/qeX8YDrMMqSb9eCTWlyjm74KVXIVNGP+3cPMdQ7DqSrGp6aVwNv/lNLgoX4A0/7Ueox6U6lVtjg5Y+FY6nBHUYX0vHsfxtfBQerR0PSf4B98oHqkxd62Ehs9w2RtPyfiDo7bgSFIHztpqA/9t7PzZM6gyq7WZLtw5N
a/Cr6OvsZmiWmco+W5SJtTD/xJtf+V+vr1Ccqqj7QGItwXvpAo3AzTk3Iu3KbpkHxoYuRSeMdgJFfhU9+woJlxZZ0GF4IgwSvZ4XIsrw/drL3mAmQIfmYMNzKlQhK1fOOVQg64jRn+1I6UnlXIArnBMVkUMQNe13doJMpbGNG/4REfwJRsltL5XA4qH19Of5WVwDbXeX5bO5ugF4I8QH1LWQe+dT2u1wHQOGDxhASUI=
a/Cr6OvsZmiWmco+W5SJtTD/xJtf+V+vr1Ccqqj7QGItwXvpAo3AzTk3Iu3KbpkHxoYuRSeMdgJFfhU9+woJl6w1+ldgHD09cFnnW/Z95STngTLn1UezB1dqbpWuBElWIrzBWeIVig0wZplG1fgy7EB1R/SgjqIM7xEpUVgRvQ1TS109PZeDUxxCkkYI2rZ384I3VXMtgmfN7GXXrqheM5fsjfRIGKEzkj9i8BiaOnc=
a/Cr6OvsZmiWmco+W5SJtfHP4D0DBJnKhvIAH66KQ6iFsyx64KElP30KTJVA4o1bn5JGB14a74dOkqd4uV5+4MlqdXm5rNeqDSfJCRnyt3Gp3CqGSG2KNiRllvpJkoVhTtEcDcrJkqI5XK5n7WG7LnuwLJKDr9JALy3RTI2y80IOspydV3N2MXXA8NSgLOuI98dy0lkPOLf7lhx7BehWaQfGqhCuQxSxTIjZUXO7Gic=
a/Cr6OvsZmiWmco+W5SJtfHP4D0DBJnKhvIAH66KQ6iFsyx64KElP30KTJVA4o1bn5JGB14a74dOkqd4uV5+4EdhG3/gfNTvXB7LkmevGhI8td+sNHzgBVsMb6eZRq/hCS3WWdsojJTAuC/AQLPwKTJW1ir5YDeYv0NhkpsClYZci4OK99YrCYi+9kV1q7Ew/6tMVBDVljzadbUBjAMQ1z9ml8WM2Pcbsk/Hn9bAgCo=
a/Cr6OvsZmiWmco+W5SJtSQ04f4EKj9ODO7oh2CeGIpjT3Kh9ofauipfA23RLF/JAY5ldUccCki2BoQMjSpiZZwZUBWWAtTHzanbx9f90iZ8CL/mr3jt3IIosENiX+xSpzjEQZ4vNitnnKSmknR8QmRILput9STMTTWABQKa2+iAXS96gwOXWUPBGkFc/0bLI06rY1BX2pyi74xaFGJbGCH86lUBUVb5wtY77Vvkr1UAPCT23fWHF8Ae3ABN/P0P
a/Cr6OvsZmiWmco+W5SJtSQ04f4EKj9ODO7oh2CeGIpjT3Kh9ofauipfA23RLF/JAY5ldUccCki2BoQMjSpiZY+obUUnrZOM5MDeMVWa1c+Pib8IDB5rbL05Rl8S3kVNZkqCNj725BX0073mJ6Q3RB7kQLNfuJjm+gmuIspnJJtlvP9D7kKH6m0LYSyVErwalSYHPbC1bwJCcEl6T636GA==
a/Cr6OvsZmiWmco+W5SJtSQ04f4EKj9ODO7oh2CeGIpjT3Kh9ofauipfA23RLF/JAY5ldUccCki2BoQMjSpiZZwZUBWWAtTHzanbx9f90ibpDGxIa8GUT+Bn/Ew7zRaQN+4Cll/YyqTQJFMaqGGGQZawjqyplUzeHtFRf6G44A8kFzALcPXIQGhE1G0VD1myAyIvoe5CpkyVqoAp0AWb36PA/8II59GnU9aBHY+jiwc=
a/Cr6OvsZmiWmco+W5SJtWg4br7YyE7RM++wG9J401ahU0HGrwVBgmzwQ5BM0B8zwtS/YCfTmROLV9SljNWtmfO4CoVKc3Qbj9+Ur1oM/PUdWj/TXWpF5V74Q/NPkTGSgTemKy0d/WvbwwvwwsN0CaAMezasiQzjQrjT2JStlt+wJ0HBSS4gaPuvmRJEJmmdVGmHGpeo4GoV2JxCTenyMlToYH7JD7X8UkwchGRKx0qjgUZ8GMq3ZDvX6DIhHIwH
a/Cr6OvsZmiWmco+W5SJtWg4br7YyE7RM++wG9J401ahU0HGrwVBgmzwQ5BM0B8zwtS/YCfTmROLV9SljNWtmRox6DZEywilMIvpsgLR03yHxEBl2esGglsMf6DKUqJG82d4JrDmUkT66pzwdzARapLQC0owPsZYrYQFKSuKTQhMeR/enFpOKqWmh59ULwLd7baLC2WNWyywHMstjfB2mA==
a/Cr6OvsZmiWmco+W5SJtWg4br7YyE7RM++wG9J401ahU0HGrwVBgmzwQ5BM0B8zwtS/YCfTmROLV9SljNWtmaiZLIAW41CUCMta7aoiVagbw7UFE8s/WmcEnG3gPVnPsfK73/7N0sF4TwmQG9+usXeH8B0GMJF5d0msDbrDz9qo4DkxV1vu1iYTKfobffNceTx8LAj86wRGc0AzXFQqNlzURfgtHTytwu4z48ONOvU=
a/Cr6OvsZmiWmco+W5SJtWg4br7YyE7RM++wG9J401ahU0HGrwVBgmzwQ5BM0B8zwtS/YCfTmROLV9SljNWtmfO4CoVKc3Qbj9+Ur1oM/PW0sN7SUV60sxO4V6sgXQoYrbqfOrm8tiY8SmOMYle7BoCKT4Grlan0er7Sw7S5UcR174WKUjcieqUm5sqn9ygUv42N9r0CNWn8HhH0Qs75tXi84FkVhR5ed3rMC3GK1uc=
a/Cr6OvsZmiWmco+W5SJte7oWzAtlOwMp3XSPPLbikLGawHgwyLbTJsAs3hTfsNQi1MA2YGNg7hJUa4nGlA3zG4NaqWjJRgKpZ1szpwRuBcD68EdSm+eNN15Nk1Kz1vj5nhNdaPe084tNGM3fhl5ankZuo359mbgiY4X1N8IENvJD4Ao//QqtfT/M89I2ysytCUVJJgyS3ZGBe4fmbIS+5cvYpPu1Oo5k5zNC90NkCU=
a/Cr6OvsZmiWmco+W5SJte7oWzAtlOwMp3XSPPLbikLGawHgwyLbTJsAs3hTfsNQi1MA2YGNg7hJUa4nGlA3zG4NaqWjJRgKpZ1szpwRuBdnTL6n4YON26NGt6hVAzk3O5/PRKzZUmTr+cSkiILmchXSOWLYIpgJQP4VUIIBVeUJmmO6MGoPqmXVmV6qGLwoFn268UdHKSR+pr9WDbylyNWSQwNW8OOYbzaVIrMFigU=
a/Cr6OvsZmiWmco+W5SJte7oWzAtlOwMp3XSPPLbikLGawHgwyLbTJsAs3hTfsNQi1MA2YGNg7hJUa4nGlA3zNQuY8UCA9Dqe5tXAJbtQhiXU8TxQlS1Suf9GevAxwShvune/327PHHZdyqRv4YKEox4dUwXlD8BePv05qhHRALty6pjW4R08iMX2cX+cPA36NkxmNazgIGYr6nXvTzdVA==
a/Cr6OvsZmiWmco+W5SJtdzo08U2bDdIa90mxpF8168PwDmpz4WS7rxRzriuSIhSfCOZcVnxzxfoWWfaCmem3hNjwEsZ0qibh2+O+PVsH1vQVyOf+ADg4VW0kJutGmk3VHpY0w/4GbtTzjkQGLJpn2yp/zuEiODzALt/0xGjXOrWmWRR0v5SqMJh2GYYcnj3Qd2Al8mQ2KzkW8t/RIJZIzNSqYXScUttq828aTZE7hYMb5ZU9DMdkIwd1vjTSZby
a/Cr6OvsZmiWmco+W5SJtdzo08U2bDdIa90mxpF8168PwDmpz4WS7rxRzriuSIhSfCOZcVnxzxfoWWfaCmem3vXfzscwOGK2CslmS/VFShRsxy+4bl55303iOw641WcNXh++W/pjRqVsNYlVbKMTYb1kexudpIb5i7QE/GUu8fVgsSmyi7UVaXZFXtWv/INNyaxGSn2cbAVwzZV39aaKZdbQM6hlVJd43IiVgwzNriY=
a/Cr6OvsZmiWmco+W5SJtdzo08U2bDdIa90mxpF8168PwDmpz4WS7rxRzriuSIhSfCOZcVnxzxfoWWfaCmem3hNjwEsZ0qibh2+O+PVsH1tN//NQcMFCfGi8JfWZ+keXRxp1a6vTJVhAmW0UuSXQqF0j9yhWanWpzQETGMkg7NkjTIWCGJ4PuUvwKGAXLZ0Qro6RaZS0flZe7B5hhE1VvZZIZc9nrNsbr/t+FZdB/T8=
a/Cr6OvsZmiWmco+W5SJtT/gNpQkrm2HjdcpWn8Y+DCaJJb01U9u2kqxQ4RejpOdOvacJBjVt29JH74EmAcZ1isNdnOq0oU4EOaI9e9nuuFF87AgfasN2MFOaioTRiionoKdOGwcUFccjXHNb2NdltagbQoB7L4DueLfXXjvOeeNQjH5oKoCGTHMLLbLPfQLWAr5kxCb2z+/9FNxA1cCgwnTJxgOJ/xzarnEKDSCADo=
a/Cr6OvsZmiWmco+W5SJtT/gNpQkrm2HjdcpWn8Y+DCaJJb01U9u2kqxQ4RejpOdOvacJBjVt29JH74EmAcZ1nS0u1+UayhowmJ9ZDPSNib6iYpUBBrmbM7NrP3jJsXI8ut41o29AK0Z6BS7Nk9QtYmMSs2Go2VhWCNx1tqHagvNFnnd7gj+SL+HcHmlLLUyMMR/Og6NRQVa2cRazobTKzRlZa5NGUtQz4RhoZf36uw=
a/Cr6OvsZmiWmco+W5SJtT/gNpQkrm2HjdcpWn8Y+DCaJJb01U9u2kqxQ4RejpOdOvacJBjVt29JH74EmAcZ1nS0u1+UayhowmJ9ZDPSNib6iYpUBBrmbM7NrP3jJsXIJcqam4oXBlXC8EUsv7+NutqpgWfuX4E64hUDqjtKSUsiMDco50z+LVXD5XMM7TGl40lhfCSXJbyckkrbAoYNdfAJXMp7/jLMfrmWvl1ktEo=
a/Cr6OvsZmiWmco+W5SJtT/gNpQkrm2HjdcpWn8Y+DCaJJb01U9u2kqxQ4RejpOdOvacJBjVt29JH74EmAcZ1nS0u1+UayhowmJ9ZDPSNiY3D40Eq39zzF9nw9c/2sGOiULfRK03O3qPzIskWrk/vTk/Y4vqzJ9k2BgTq2IlPgDzbz4TwIUTGIpshqXt4ZLABAMCOW7pfCTV6Snq0g0gbUwLXJVduL2+p942DGQv8gA=
a/Cr6OvsZmiWmco+W5SJtUwylAroPprHx6HjehIGprSB7sBF91RI91eKv0O2rcdTqG6su6e9QuEhCEPfdvhvw6150TiwDO9nLLP7s9wjqxPnGuHOeMfMvjzqQb7zN7bWfkEC6aNLjHwGdFn6F5lrbZo3PzIMiO4HLsfpGX4XTqdneC70IEPcModt1FEMufGwXDe/owU5meJF/Wt8qIwSi83SAhPlAHA57nIaq3Bq4e0=
a/Cr6OvsZmiWmco+W5SJtUwylAroPprHx6HjehIGprSB7sBF91RI91eKv0O2rcdTqG6su6e9QuEhCEPfdvhvw4hMjQ2XFKdomGStp7ZyUtbXmyBgjc0KjO+tlhpeYq6YcwRyp4kqBbxOkAqcI9ME5HWE8PkpZk58nn7ve+TeRIa91jfR8hpOE/c9XXaIfGvESg+NmA1mcaZ+GzpWcvcC4g==
a/Cr6OvsZmiWmco+W5SJtUwylAroPprHx6HjehIGprSB7sBF91RI91eKv0O2rcdTqG6su6e9QuEhCEPfdvhvw6150TiwDO9nLLP7s9wjqxPnGuHOeMfMvjzqQb7zN7bWH43DZcMPcctHl+tkvkgf6FtqLX2P5q9XUhMCN6OBFmb1nlFmZGQr8AK5Pe2WgE9da5+IJMdCHjSP3A8KMbXutQ==
a/Cr6OvsZmiWmco+W5SJtUwylAroPprHx6HjehIGprSB7sBF91RI91eKv0O2rcdTqG6su6e9QuEhCEPfdvhvw6150TiwDO9nLLP7s9wjqxNWoY08DXNLTtNv8ZDP/lPaLbBBeAtblu4V3UI5qhuSkXD1fCK2kt3/f8/MlrSMUl2jty3Vn+5Gvq499SHSE/zRxyxlMVimkSeaDAmAe4wi3Z9XWqFeBjwl+h4hDVzZsqHRay9eAepC9HR1rD19KtG2
a/Cr6OvsZmiWmco+W5SJtUwylAroPprHx6HjehIGprSB7sBF91RI91eKv0O2rcdTqG6su6e9QuEhCEPfdvhvw6150TiwDO9nLLP7s9wjqxPnGuHOeMfMvjzqQb7zN7bW75/pZDBZtTnDzJzrQR8T/EkF9DmbwvS6ELGNPijV/UdY202uIXSl4MAzpri1CjHpXZk/hJfg+uHAxci13ejc/hUBccCHrGBMMSz2WMtMjbk=
a/Cr6OvsZmiWmco+W5SJtUrN4VlPORqpHeTX0fsndK/cClj/KCEAJE1p0Q43xCBFoXZW90Isi4+cKBBT4+XyYYkl0QwEUFT+7eK7lVlUdC8cYPqhanbUvzlP15jETxADMcESvkb4lQ8OODaqGTqWgkYGpLvIpJPqV+5fUueSmpystf/ivoXh9WXVZG5IC+mcMk/CsR/n1oLHCaiDDPeA996KT8cb+qVquON1917tTgU=
a/Cr6OvsZmiWmco+W5SJtbMgh8oPLin+Sl5nOv/kX5JP6o2Qba3AI6ONjooxlo3VNVjPzDRzJjLiDHQaTohfuQ==
a/Cr6OvsZmiWmco+W5SJtXmAJvUDFtpDRGe75sG2/QhDYJkgotNX8FzDaPZuPneZ0emhVhB/0IEMUlZeQ9g6Bw==
a/Cr6OvsZmiWmco+W5SJtao8HeNSL9FoY8QUO9il4vF3371qa35Vjns/gfe4qmJpspRcXvOcWHfNfLYUY9RbkA==
a/Cr6OvsZmiWmco+W5SJtbSdJyTjWfSTHnR/T3iO/RDWetKbQXaOfgQcbGf4JxnbP7GT7hFoFVetC4sMMFBkqQ==
a/Cr6OvsZmiWmco+W5SJtQPDbidVvEN8yaSQpC6wv1Afoa+o3GMlBVckM9zNTzU7RemBcgtq0diotXQ6jwHKTA==
a/Cr6OvsZmiWmco+W5SJtUrFSVTugQzCkZ8RMu+XbO0RrQy8QJs8rwmj5z3u3CUvPXXBIVkeFLCv1dsuK2K0rg==
a/Cr6OvsZmiWmco+W5SJtV6365VI6rhYjMBHpUkTzK7gUIWgcn/F/Tb03kxT3EIN6YBQYpDspkXzEZ3Fd6xZ1xkUAHEPpTsxzLWMNteFWn7B4pWUErzgdoe3SiIoqmqeVAfVT9aiiAqD/W24WWB+NnRwa8s7pygP/zJ5u/ApJJPUj8kr+03bBDW54q8tK2I3HsHrDB70lafv8VL/doiP2bKadJq9HpmtUw0FI6eX4k0=
a/Cr6OvsZmiWmco+W5SJtZb5PoY4iD+7huSVlHGnkzRQ7PleyEVByhJYjij9Ct/wW5SAm4kRdmhTzG28vPy4Zi/gut1r9YIKOf3jf3d9Dk9Kqj5epMmFsc8daeDug6kqqx1G2Ix59CPI8gBFNVtyzUKTGecwxOQsbfSdoz0ONSM0hWN59WluVOnxfMG7lmnULOeKGzD7+po/rOrcELvkcPSfgOGHmaRLQnh3E1VH4Bo=
a/Cr6OvsZmiWmco+W5SJtSXA6ZAfF/jj7w0jY2wcRR5SYsqa0pTs8smbzTIqH4j9FLsJU9Obkzh51w2OJhFnuI2Z78kR5Mncaiab6duYD+pQL8N/MeqnXJckV1FZoA4lzruhBa1GjNQMXyAYDbWkZ6udi4Pj03Ubsym3P+wzhFIOIgcFoxkhIMhwiw76uZ+XsDo2jPinDmldKRyfZ0n48W2D+5Aj9dnwZ/WfL6W4C60=
a/Cr6OvsZmiWmco+W5SJtbXVtMkSJoLuJXV6PIK673lEfryP/IPwjQpp1cPKuauJhPdDJT1iAJRxQMMQq0MY+JYVN7g6SZi4XmDDurDmh8fCGHwMyubumxdbmirFc6TKSwmr5Zfv/+VBjHJeaPF7ige0ZuKihhLkyLfhrIfzOg668d/Qp3oMGdrN/WT1az3iEfuGaxHTTbxgYfMpBMDEKcthZstZHGxf3VrJbDTdolg=
a/Cr6OvsZmiWmco+W5SJtepIj6OdmRVJH4uTSyLKWB5WaxsusFRjcZwjf+VmEDNpCCSFzYCk+ILBknfbcbRttw==
a/Cr6OvsZmiWmco+W5SJtZJDXriexcBHgHfCG2H4451WLGtXAiOdY9bJXkUSQDiQneeY7HvdbUbS6Ihil/NgEg==
a/Cr6OvsZmiWmco+W5SJtSPyCTL808CqY+uhLdmiS0AZpYEsJ302vwsZbKIYyrVevmvcXVcQjZJ6tfAcGmk6oZ2caAd7xcyfHKSyFKOv1EeKzboGwPq/HFdwGPAQr43F8IvozmHo5wdSTzozBJ64/IjWT+W7yGzO4GdR/C7UHNGeH7iB18MIq6KIkZbzVIPWPeH9DdXiRODEiwfrq7gZur91PBG8AEAX5uJ2RmlIGhs=
a/Cr6OvsZmiWmco+W5SJtS8cAE4soOFGc8Q/Ej85IIz84qxX5IFc0ZYtQ6XnWfnTBu96mwwbdnS7HOEfrqbCzro3CmqW8wbHy6cUlTMbs3bmI3LAvowfRXIdaFIS3BfvqVymb2CRg2DRetrzzIdXvGPkoxBARQPvz5kee36cklLTvtAMJzKx9NKe3DCj0d8N41PMlEfjdIz3cxw/OSlV64FdSV2TcoQ16pfD5qpz9N/ERWWmESorOPbUKGixGxAd
a/Cr6OvsZmiWmco+W5SJtS8cAE4soOFGc8Q/Ej85IIz84qxX5IFc0ZYtQ6XnWfnTBu96mwwbdnS7HOEfrqbCzro3CmqW8wbHy6cUlTMbs3bmI3LAvowfRXIdaFIS3BfvDwxifdhdq+f4xagivQ+g6iuiqfDNzdyW7sQziC3Rc7rOgIPBxliKhG7kAUeibp8idZPaQcw8pmoT4wA1RkIpqlGhugEJsYGggEocC8qKTXQ=
a/Cr6OvsZmiWmco+W5SJtbfPzOBSnet01HmKVbg5Taby8viQ8LiY2Fl/tZSh9yGFIPezfIakolYB8tXevab1Kxf90yqrASYOTlWnr9EJ0aROmfUsZVZn81aI58fmgkQeiMkbmPKqfOFnJBrpium5jP5teCu9Z+QkCglqCvMSwy4r2y0G5SidF/a3kJxgl5+38Et2cii2aNUtYjdY658AGA==
a/Cr6OvsZmiWmco+W5SJtfci+bXbzXNZ5Bd725cAZrxdnMJOfQq3Wf2syQmc8V0Va2e+msZ/A3orEvRvujelXyBiwCdeIiJkVD3ZjZFNKkkS2F4ylgii9M9xxHYbnuKvjz2M+xk/syJT8KIijY2/lMAhOrA9kr8rWBPx8JblodCe7q6ikrw+E0lq7n4ytGyUFg+egAGchU/YDAsVxAPkc8CVK3WIJoCrYHEn+NZIJWZ9y3E/b4dZwCDJP5WYKTV7
a/Cr6OvsZmiWmco+W5SJtfci+bXbzXNZ5Bd725cAZrxdnMJOfQq3Wf2syQmc8V0Va2e+msZ/A3orEvRvujelX4PUyNvjfORLKyCPdI/QpCwhxFrttxTMHWh0UIZ6jYrkJZ7iKm0KTm5h+SnIXRsizVqVfuZxuEup0XdqngJ6Cxngmd/n8Fcw+HVvSuBBBJf5jRB3obfvRzOGNAJIMrRNXQ==
a/Cr6OvsZmiWmco+W5SJtfci+bXbzXNZ5Bd725cAZrxdnMJOfQq3Wf2syQmc8V0Va2e+msZ/A3orEvRvujelX4PUyNvjfORLKyCPdI/QpCwhxFrttxTMHWh0UIZ6jYrkTnkWAgp/Gwsbe0wKzd40B9TLttVjlVHGBDAiC58CtP6JKoPkOXCqDIBeATYqG7ssohJvI/9sDHi8WvB6DqWKIS/STHVITux0s5+qEY9afME=
a/Cr6OvsZmiWmco+W5SJtfci+bXbzXNZ5Bd725cAZrxdnMJOfQq3Wf2syQmc8V0Va2e+msZ/A3orEvRvujelX4PUyNvjfORLKyCPdI/QpCwhxFrttxTMHWh0UIZ6jYrkPzSPL09RSMZ8NHG6JIG/aco/B1LXmkG/9Yyk21FPR2Q/kF9N20UNcoc3HkRMmgIKsh+kHOSmwkPzrTRTYs71OMvDFoABsJCewFICQmO9Ioc=
a/Cr6OvsZmiWmco+W5SJtdEHxsMp7oi4KH7G+vwwom0fcArTzKqqDZyU0amCIti4yXLobh93M/NvgmQD8Vv4YG+BgrF2dsQhNy/+YVhrmOOQep3q43F1XC+Tzeb8dtL1PGROZ9BuxyNa7SfRudhVvgk1oRzhOJApSasMxqvfgtWpQiYyQdgjTl5ZV8pSzjO/UvkRurhzV1dHJ8uCCD+2QN/wHnE15PxFOQ142rPkdtQ=
a/Cr6OvsZmiWmco+W5SJtdEHxsMp7oi4KH7G+vwwom0fcArTzKqqDZyU0amCIti4yXLobh93M/NvgmQD8Vv4YG+BgrF2dsQhNy/+YVhrmOOQep3q43F1XC+Tzeb8dtL1YGg0S3qztoKC2WhV/j8s0RNLpy+tN7xYzrVN6aI8yywDlRszXAsVpSbwuTnidoRou36bJPhiVFyt/GsSBGrToeGQvg9dHTHRboKU5u4TCWI=
a/Cr6OvsZmiWmco+W5SJtQTUiUayDYcKvm6yS4OyTH718lBygwqXxy6/Tzii+b1tagfFGpzSmhtiFLy+fpRwXw==
a/Cr6OvsZmiWmco+W5SJtQTUiUayDYcKvm6yS4OyTH75WubPz10z6FJ+kdtUyGUr5OsAfZDcpWD+gXzd8KNGcDA0AZBqFtPgVtponfbgNzf93ncKB9H2I2lqBiXNdQ58vF0BvfUqrC7ce4TDns0buzMcuKGVAwMih8ASMXwyOXni/hJDQGRNHsV2qLWUXwgASl9ovZQd7KSB7yURZS7VkDDXJGUTn4dNFrqHo5QJmwk=
a/Cr6OvsZmiWmco+W5SJtevewGN85F8Lw5+0H1KGw0BRZtcnTegEPLF3JOrQNliUEmX0V+03i+5+YMABmS96w1MOLdCumdezn0v3x4JQyj5zeh3mXx6x2Uc9Mkum2g80rD1FUSXeO5q6vM87iEyLghktznfD7FRYd2ngTioUzuiunVfWt1T25xwtVYUmfsAcMIKnal+Ad9/WoIJag+kUmlJbkhdG3PBO1OZ9b45Yb54+Qk+jVZm7nX36L+OseDfZ
a/Cr6OvsZmiWmco+W5SJtek9SASd/vmxhEWQeQ45HkyR47RTlRjGPn/5MBftcgK7LVcCLzQoYuLMTbM6fGkShw==
a/Cr6OvsZmiWmco+W5SJtQR9488Xp5NxCY9Caurhhb+TyQeKcYov2gOAieK9r446h9ekSehhirUhhqr1Lnm4luwnbwbXiPp/L3NnqiqqLWFNXYYtCgbstvy3Uzb4KLQF6UprJRM82rOFEfPv08aOC/h1Fp1t9Zsd8CxMZR71aMxZ1g/UN9811cb1fSlHVZVsU4SHDpJEDtQ2MJBx1Z0nMZi2RRv1LpDPFEnLe1CKPUIMN0iPPrkchvaav2tX+mH9
a/Cr6OvsZmiWmco+W5SJtcMB3Mj+YdSrrOBJrUNHycUmZLkhQO1nixBBNNrSnqxiW+9d4kMStbSFUI5ptERSGQ==
a/Cr6OvsZmiWmco+W5SJtXPXywT7nVcK3OANRY9pkLeZJtKKqdJPV2UfYfbYzboPaxjnU3YG3rwmGHvsOPDNgg==
a/Cr6OvsZmiWmco+W5SJtYrQS6faeiEQYG676zsuSdMBZun7d7oktVxv2UmgiHjUyycs04phPoBZ+xzcxllXSQ==
a/Cr6OvsZmiWmco+W5SJtQ+iBXE+d3PGepS6Zzp3JILF3iLePEwqX/Si1YgVVIXcsJvyrZw7qpuAfygmQtlKVg==
a/Cr6OvsZmiWmco+W5SJteH5gtiBrKCGFhRX10K4xh2seAGHhLe2d5Rj+X5awdycHHk18WLPH9Qppd+nDICtcw==
a/Cr6OvsZmiWmco+W5SJtbmKrN4q+F+k1dt01wN+YgQdnIPq37iDTvIkQZ2hMEwIM34Oo/BoawMWazUdDjNQIA==
a/Cr6OvsZmiWmco+W5SJtZiNnZafzeeBMJUepsf7CiByuw9VvW1CM9SBUrg9FeYGGYFGt0soB+rsXjeHbUr/Dp1JGW5oGVs1pMXtL+pyPrZ4cipa7IDfS4jsC4SNGAjolDHcRmSHZ/G1sXFlryHORXoKdysHGkt+hKESOPj8wHxnDFq7KGNjR6azuBMSe3Tp+Lj20g/7oeTiXT3QioD00LqQ4hhuERXVSqRHae+Tc4Mgu5GuGfZilFIj8OZ5xlMA
a/Cr6OvsZmiWmco+W5SJtVIXLfB5ngjcPgUScPqc47ZZwXexAm9rnvn9Uw6HvhFBl/W0pjRhoKiOVjhvIBuy0w==
a/Cr6OvsZmiWmco+W5SJtQcJnk9P/Y9sXiueVKY/LdTkx34x/Bsfc1RewsmAjQZw1bchx6+Jt8mwzYE6vXUyi9xrn2cY1LAW/ku7S1h52617ax32G5Apey184/agsHvSNLlSZqNYNU3TyTZORUv4tth3ppAHQAym9ZMgeXSFBDoJ5ao25xX3fkTXvDy+bC5KdoegzYn/E4Vcv2T4hjWQcfkImGi50tASdEUum9UE8yfQ614AdTpnpDdcXqt0VX2n
a/Cr6OvsZmiWmco+W5SJtSx8INR/zXAZzwh8Kgly38yMBCpYboa4hvb/dLdP9b6qlEISSgQ6emrHIwy4M9+06w==
a/Cr6OvsZmiWmco+W5SJtejh5S/Q/2KSPf0DRoU+IeUMZPofAqMd/SoTpR4K92RPpCnfbofoxg2PmfuewVQRsQ==
a/Cr6OvsZmiWmco+W5SJtbbYz5NxMkX8lZ8e0QavrEFbwV9ZP9lkeJNQ4yhY7+Mr7tA/Cd2vMGjXLltvxujOMw==
a/Cr6OvsZmiWmco+W5SJteftqQTNAOCD4atEXydN/oevVdWFXxcEej5dfLa3nNmImAjRVtE0fc3SSZXJE+yHWg==
a/Cr6OvsZmiWmco+W5SJtaq5Z7rTGE/BYG2Q2s/THM6aeNwDcJv0EBF9EJ810tB4sWgjsixpDVC9uLaVTdi8yw==
a/Cr6OvsZmiWmco+W5SJtd0FGgeNFmmUNePTa36V3rtSYVexjsf7RIk+XR3xtIxIw+i4RkW20HIXXrMTQ8tpWA==
a/Cr6OvsZmiWmco+W5SJtVkkJ7PmJCGYj0BxH24NGuc3Dydfgws1DIe8oj7TMT3hY3kqRpNWUq1bg5GLiLukyUbU/Q6Hl3YtFPjLTr+94DeWzEUatLseP7rrGKMBbmAq6FTZ4PFOh7eoCi6sDZvAzmlb8V1Uaj/CCkfdDjGMTqO7qlBd2gC0lpToNc46QRijrSV5xateav1B7hC7H5c+HwsMUAOsad5BHNZxgxbWEkXbkwhTh2OlGM0y3jf2M0FV
a/Cr6OvsZmiWmco+W5SJtVyYZYSx9AidcIeusJT1/sB1nXUcL83chaDdj9dyYLkJl9OT4DyPtt/oueRmpSQxfA==
a/Cr6OvsZmiWmco+W5SJtf02q28KyT37O+kjVLKhiTjK9RyNlPU2NotgL2mnZkhU2/YF3MbZmPBf/f6eUMoW5A==
a/Cr6OvsZmiWmco+W5SJtT9PFnXBWLwf6jI4fiIw7J3e0PlY08MNOhlzTbPfvzABHSM2v5kFUdRGOZ/UYrRMw7jTdxliKr8BUbcKF4Qogur/7YCbaQeFUkGUThjxzx8HKg7q4CpK2JIxiS5hnB25Hd7pkupEJQqiJvi0emoZr3o6zXhTMuulBhjux+7Wibdq8fZM4MQDJVjbmt/G5lj9Qwdh008MXl0AiPnydJLPTPMzBO2cPnt+EybJT62rEeAP
a/Cr6OvsZmiWmco+W5SJtbS7XbcDc6vfzC7fivQZVeOmeNt3ZlSU6tPRG0106xbsMJHx0slE5JLMMHfwJUWWLw==
a/Cr6OvsZmiWmco+W5SJtT3FJbvZ3Dbi+F4/TKJ6a1evH+CXyTJLQH0VDv63mwq56WlyYBmZGzelaVBAkfk63w==
a/Cr6OvsZmiWmco+W5SJtTuh8SJL7etXBGk0XLwNSjqK3AqGoLFNwhW79fE7xbDMTe60ha5dLKr5BfijNvsOxw==
a/Cr6OvsZmiWmco+W5SJtWJ68LFMLWLoAusA2Q/oMU9MpmX8f9rnfyyqv+1uXhuzChX/CGxl5M4TAfPdw4pM8w==
a/Cr6OvsZmiWmco+W5SJtdSsfcB90oQVZTxuTZhJcMUBGx0R0skbAprqOSBz6et8+vG6TTTKidXJ25S5ShdlUQ==
