GmcONIA9PFzHw1gpPLLPoqev3ytAH5KO3S/CJpMsylg=
35kyjVfwBJgytCi6KM5Vug==
FNt9orFfFSbPIXNSbXcP2Q==
gE2g7VQeqq0h5MkG44fPUw==
A4ZCFW7RnVRfEnbtNxUDb8VFIQmzxcIFLuiIjRY2q84=
cwgQW1UgxyVfBeSrdwXHsPE1eoSAri+NViVSjTYe4hg=
pYn3RyiaY4vz2unSybTHuw==
mAzeFbkWBGyzJRgEWJSZYQNn44wFaguEUnqkvHVinQw=
NiGef/LGs6v8Em6sqLz1GYGKB0111uCW/TAqgkiW0+w=
2lfNnhNY+w/3xMaMUxJbE0YFT/wvMlSDz8Vrd5FEs18=
vTiXY/letAxhSPv1yI90/I0dJ/ky1rCigFmsNhE8DJFbRPB7XOgNMwojmwbv956yd4Rsd/MUWhYRpsytfLX32g==
vTiXY/letAxhSPv1yI90/KTlyXQp1f8vkZUSaiJFMctS8taL3lQMZd+wW8gNu/GL1nNJndbk3t71fg6oGZJ6hw==
vTiXY/letAxhSPv1yI90/EClKXwAbIDKM1yG/L1u8wA/OndaXfg1XgXlb76o0exDTZl1fQGIsX0HvUNNmiy8WJK7WilmJKpNo5sI0pPiOoDlqwh5YDISVbmHPY+ZYN9KGy+IPOIlnMdyUT1pSIRR/pNnQRa0g0YW4Gs1lp7NX4gVz2tisMABxLTgfDtUBjWS3emHk9L3llgdRCKKlZri0AORZFWkFUy+x6hwae7axPf1w4vzpWKYIyaqOscxccxq
vTiXY/letAxhSPv1yI90/EClKXwAbIDKM1yG/L1u8wA/OndaXfg1XgXlb76o0exDTZl1fQGIsX0HvUNNmiy8WM43xQPlPYU8G1JIvnE5LLMGXRB0tuqTMHNXDaJt/RwOaEIPcFfkM+U0cjsKUdv6NRKav6ia4ssXcs3xJoM5Bv5mrXdtU8AjwJu6StM+TXMREyGuZ2xBFOXJGigJxB5v3Q==
vTiXY/letAxhSPv1yI90/AA3LVK3ozgPea6XecZSKApAdpnyPLf5k2ESVfcvEqrPFXJMtvtIbG1wQgG722ZC2WltfTArSp7pchxI/7Nt9xxcdr7lao6UkwVyntIj59xG6wNkResMipm4byiNaXZF+wTMltMRs27TjuxcB5s5q+TVYNey+z2nkC7mAFzod0wEdpqrzSBd1EAH6Mv9aC3z7Q==
vTiXY/letAxhSPv1yI90/AA3LVK3ozgPea6XecZSKApAdpnyPLf5k2ESVfcvEqrPFXJMtvtIbG1wQgG722ZC2Yv+Cu5tpKIVXvA2vc/lH3+tvtAZqiMe/X2n68/XuQr+7XYio18usVOyeWjWCs6Z+rfXibZgivwgK/PiTrUHQxSSkJQ8B0Na60rVW5YR8UHCw5FTHO91NJlDinSelPVUiMLOPXzEePOl4wJxk6lFABY=
vTiXY/letAxhSPv1yI90/PpK+oJJ1tLNePac+kgopmVi8vISD3aIUDlpArnqPaSDvl3pnr+9QPB7x/090uaBaCQMfvzTjt49JXFPuSjn0tpVBMujFR/XZKckI595gMTK74xvZt2gpof2v6ppOBzvX6VjnfbYZgYTCjhQSFet+X4kvK8ypq7VmyL/J8BDQ68FE7jUy34FzRrYvosPG95xd5jYED5N6r9SWa667yQFjn8=
vTiXY/letAxhSPv1yI90/F2wOiK5aHaCRmkvJOvuF3S2aYo5PFNN8OP9TE/tkmJCU5TGecePOX/Goo2rWdo5uI/Aw4+Y5iHTUVpfBIxI88uJV5qR16W8Ors+wyCBfdwnb1GGKkBCWgFXM0Mnsa1Y2tga2kF7VHY8EbnIH4Z/cZTUl/qZdttzyYGNlPd1nl9G1HuHpD6GZJke43kuRaDiLEfcYG8KucjzxF3zG8AkHOzJbdvM2dZ1yfEWWDMgM03J
vTiXY/letAxhSPv1yI90/F2wOiK5aHaCRmkvJOvuF3S2aYo5PFNN8OP9TE/tkmJCU5TGecePOX/Goo2rWdo5uI/Aw4+Y5iHTUVpfBIxI88vmJyMz/KyYAJTCXknQzHQtrzep4UV4+tcB3ywdoD4GzvTv0GycShgEmxyy7GFBXAX+N0Ggs49c1NifClXJ2vL0wF+sx4stviHfHRoQkr6mcZaNgo/J39N2ruMZvwZmxhE=
vTiXY/letAxhSPv1yI90/F2wOiK5aHaCRmkvJOvuF3S2aYo5PFNN8OP9TE/tkmJCU5TGecePOX/Goo2rWdo5uGrfaGLREj9Bg+NsWgmN9AC3dkwDdIpiQgQHHLGFmUPme4xXs/1ekEfwiHfA83Y7T4LW40ilhQogzSEqMxIFghGzfWCsgQrElMjNy8cPGCkLsKBep4yB8YhQFrwY4+nTsQ==
vTiXY/letAxhSPv1yI90/L9qu5J4b4jnGkNSn+xPDHZiv4cbcW6VU2Sph/rpB/NeLz6QvfSeuEVFjK4+Fo2vcLA1eaZKQwpwPs4oFPwuszWUMpojQ6OPE+MBorTweDOV5vadOd2isWfKUG0rBtagMoZsQGV9kFsf5sfKur3IkHO3fytSYV9qnePgMFpQFJfPZLdccsVtNR99E39K3GmLhCCw9hhE2MhIS2afADvWEsE=
vTiXY/letAxhSPv1yI90/L9qu5J4b4jnGkNSn+xPDHZiv4cbcW6VU2Sph/rpB/NeLz6QvfSeuEVFjK4+Fo2vcLA1eaZKQwpwPs4oFPwuszWrGH7n9NiHKUZLN8L6D1MwI0Z+L/sZtTZ9QN0aOh2EArLlZQrbYRagPHQ7WKd2hE518ylxmxKiVAt/X8qThZk9TFW1wTelrDMftUi6ZtlKDoTHJ76kQmd9VfEBZvOIKrQ=
vTiXY/letAxhSPv1yI90/L9qu5J4b4jnGkNSn+xPDHZiv4cbcW6VU2Sph/rpB/NeLz6QvfSeuEVFjK4+Fo2vcLA1eaZKQwpwPs4oFPwuszWUMpojQ6OPE+MBorTweDOVwo1+rkyESjCxLRdCQ9WnD2A1FGht+zER/w4KO1QVp0QvvdXtNZQDnvzUJ+aaF9b/KP5eTkficVtB1agdD+7hkBLVF2puC8dOOD7rAcjR5bE=
vTiXY/letAxhSPv1yI90/L9qu5J4b4jnGkNSn+xPDHZiv4cbcW6VU2Sph/rpB/NeLz6QvfSeuEVFjK4+Fo2vcCaTkSqagXfwQivuRoH/7my5cq6nr1STD0kOP+9NRIpyCZL76uZw5hNjIBJgRZHvD63kP3TVbUbcDsNCsSoZeWkq+EFMEUrVVEzt1T0Pqq3GFvdInKRVfVMnx6OQ5ICTlam2OL2a8ZV6LcdNB3zcaJs=
vTiXY/letAxhSPv1yI90/H1XkQD4eYG2qHWP5UtCErdIyaXFI0iLdjQy2BakjbJg6C5CBvfnlvgXedgoq9F9pITLNesytSkOvzWQrid2whJ3DmownpkQuv2eSxj/CTcoR3C9bpDBXros6wEceG6R+8JP9OHop4nyIfqUBO9iFcfjg1h+p2wjTD7BuL5zUa0o673TvFCLjd8jIOcjwkKk+rGM5aGbIrIZRyRlxcJDeZk=
vTiXY/letAxhSPv1yI90/H1XkQD4eYG2qHWP5UtCErdIyaXFI0iLdjQy2BakjbJg6C5CBvfnlvgXedgoq9F9pPDdDEF9b+3W5A3XmXbX0e71HfCm6LnO5H0qDymMIjDwWrfN9cs8jrMyhgUIeekIxxeVBBcYxct4SvO4iQ1HKWpGmsoXRwnjYg1IsrFBKt/lMKY/lMjqZQlNSI65HQK9WOw/S0H/YEwXB+qKnKX+yDc=
vTiXY/letAxhSPv1yI90/GbzbNKWjYexCEYialpAEre+6SwaThsY6xGG2L0WbX+crCMOUdfk2200O33R9J3y/5hAyDMs0rN8UQxNLC0tq+5yasGCaA7kHAXj86mZmo2K614Z1sVA5yCQNg3GJ3C4sGPhj4akNPauk6eOp8iVlOasQTyDLyVwAY07fX67LAChOPL5f8j1pzdKey9av/WKd/IwCxj1y5EWiO5QFgb4FCM=
vTiXY/letAxhSPv1yI90/JXLN7KFoOtG1gUafM13RDn+P5A/OR7y9/xpZ6tKrkJCp8awpu2zyaatuzN1Bxm8WSXHsNvoaGs26gKzfKt+sThEXxyn+Gp5yQE1JOycamlzjmjyXBmiRL3vO6DG6leKQoYNQHvjawZSNajifBaulkkaGcHeY38QGcRxWIlPeXlXpuWpOJUpGODD0lgkuRXQImbfEBqyIg+nM4qH/5FIGYc=
vTiXY/letAxhSPv1yI90/JXLN7KFoOtG1gUafM13RDn+P5A/OR7y9/xpZ6tKrkJCp8awpu2zyaatuzN1Bxm8WSXHsNvoaGs26gKzfKt+sTjZ0qF6jo6B+FMHvZk9HeLLxKdDIMj/PTG0ds8hR36k6ej56D8j8VXj499kNTP+/Hq8iAJ5dVlUZhjw44BvIjOTAFdn2HEOGSKOqubzT1AfB6oqvBWAsDHOlF3ST82+/9GwvismuFwTYcN8w9Wnep6y
vTiXY/letAxhSPv1yI90/HRLFzy06qaOS/jJFbODHpdtvC44Mvf1HEaNiYCJUbv326Qs+6bk2Nx1798IgJ8L7wS0xVPChvrhDwdH/+lvwfhSO9GjscjN2U2l37IBnZ+7nwPsg6n9LxuEBQEB43r8l8VCuf42hLd+hkGnRhhq6mjXfRsNByK0haq96E0DO07syjKbM+Kqo0gF7yAia8N4zrR1bHpld6EqaQWv+dNpqIoRe+g1jeqhdeMZYkk7WE8b
vTiXY/letAxhSPv1yI90/IhGUI6+UllFih+GyjSNxROhNaiNN5yWJIFSKpo0b1XOcV1b4KWKJ0d1YlNIjguDKXArMtVsOCWMgNzkPSaCumEF0zwsNao1ELlbeOe2t0MCWOWJdyWmFzoa02GZvEDlau2q5/Cqzx4hQMkPpYsBXOiLz7cEaHtw54b7PixpzZVJnUf6FUZHoTKVcFtNwuLg8FXrvwcoBGLZ31fcxZpHdp0=
vTiXY/letAxhSPv1yI90/AcKXfl2LvtGV2dD8bz8v2KE2OTTvjQdoP8+8kk8l++tH5ATbxiYp3WWo2fU92O+Qhf0BljEzp/PJeR9Wn7yWyRLmfTsvJtDbggWdGgYQgdNRiIGfWC2fn+Ldd9fXfZhGr3Tq3AXsh66q/jTZuqsOTssL59e6GPEnOvMYoHLYmGsGktNrK/YCYRcWQBIg5ubOWbuB40sndXTxzr1SJ+Bs1E=
vTiXY/letAxhSPv1yI90/AcKXfl2LvtGV2dD8bz8v2KE2OTTvjQdoP8+8kk8l++tH5ATbxiYp3WWo2fU92O+QhsQAbufXYczNjR1cACQgaCKxHR5LquHPr7WhGqCWbnC+oVz2Aif5dDQOAZWySQRGYdigM5kuUPpQwLGS1VDT83AdR/8StIsNtTl2No41A6lJPRRxTO6e6GKnE9ZhN69KmjfVv+HjbN19ch4mXai0JM=
vTiXY/letAxhSPv1yI90/FRv+e4BCS9CU5lWKnjEgdXBRmz87DAVtZQVcOm1Bxzttk/nPzYVk9iFTPVWqvB0JuzZAjwSxzO16LIwPxg8VenEIGRZnEPSa/9dzt+Uo4yaZX1pWKxiz3XfDTQF6uHGxh9uCJBWpQaqsNS1Q+oZJ8d6kYdEvJvtClWQIKjGvb1kJYpLxuILS94hzmMbeEYCoeNOg5qPwJCixA/LZx03gSQ=
vTiXY/letAxhSPv1yI90/FRv+e4BCS9CU5lWKnjEgdXBRmz87DAVtZQVcOm1Bxzttk/nPzYVk9iFTPVWqvB0Jpyt3tx711IS3IlhKsMauHxD7rLgl5r97OOqu+cykaX3CJtGjxoe282vraS+Y2aRSMvJ9uyLq2cRKlsaxBWzYfr03pT1XW4ZdinRmT0FCt9S+lNYTvYpIjWlQmj54yRTYA==
vTiXY/letAxhSPv1yI90/FRv+e4BCS9CU5lWKnjEgdXBRmz87DAVtZQVcOm1Bxzttk/nPzYVk9iFTPVWqvB0JuzZAjwSxzO16LIwPxg8VekzjzbmnrhYiWyZXXFWTw4RR78014hkildhl9bE6WevvMI/ZQXWt/2ItJSSUokWtyVCL3ukgt739Y9H3jCg4SoQP8tnBvVWaciRhHlOBOpJL1uRkSKMZmoRVyvG3U1JmSE=
vTiXY/letAxhSPv1yI90/AJUtZPaOeDW8n6lK4wC9UktN1x2GYqrB2SIfMi7ObVnuD7QvGKgiOfZmumLL6yd9chJKjKrtJlUHeCShL1KVTKleOEPd5jafeJn5EtINL73mW0iz5bAgzGS+xCc1r2zEzuMVXbFqmWgOOal3iocB9NWbi9Sd3CsFWh6eWtyBnxPG1Fs5lUDWMwKQhMRo2H5paQfw2vdSi088BqtUP/liDA=
vTiXY/letAxhSPv1yI90/AJUtZPaOeDW8n6lK4wC9UktN1x2GYqrB2SIfMi7ObVnuD7QvGKgiOfZmumLL6yd9Si7xK/OyXOFk7b7ABzH3O//aJIiT2N7IunT3/xIR0SepmvheOS+UxRGnIjwuBnCHFyJ4JUkpJfVIz3Lo14emiIAOXM1jQjHxqgtG6K6al9LOdQQYRqBv44C5aKwVjhJAA==
vTiXY/letAxhSPv1yI90/AJUtZPaOeDW8n6lK4wC9UktN1x2GYqrB2SIfMi7ObVnuD7QvGKgiOfZmumLL6yd9d6YklYXjlLGPMgnJi3lg5usF/5YPy28hZsxc3mZYQSKTUP7XtjvoxaieS6awolWXr5QThH1GJGxzFDLTg4ZlmwMenC2XRZX8HAaiU2C72wQEVH6HqeCmFXoWNlDrLGxDqH7jwDZTFpdpevaNL5b838=
vTiXY/letAxhSPv1yI90/AJUtZPaOeDW8n6lK4wC9UktN1x2GYqrB2SIfMi7ObVnuD7QvGKgiOfZmumLL6yd9WTEeOCTRX4m5apL0EN4ZzSC1ckcTWgS6dpY2U610AmimXLczU5nss4GfNuf3vZELOVnUQxYUalZAPDU3ih7WkD9ievXt3FO/tBgxSWxfjJpHCstqDu73ofLrG+xO7ffu6IIkWO9P8+BR5D7AhS/3T4=
vTiXY/letAxhSPv1yI90/AJUtZPaOeDW8n6lK4wC9UktN1x2GYqrB2SIfMi7ObVnuD7QvGKgiOfZmumLL6yd9d6YklYXjlLGPMgnJi3lg5usF/5YPy28hZsxc3mZYQSKSrZK0SNRpMGK+CnW7Q6Deag5Frg2X8uVSmGn5zSTUu9GWI957oLdikOAm2LAJAWD6/zT7XcIZX6el37A/K7C1Q==
vTiXY/letAxhSPv1yI90/AJUtZPaOeDW8n6lK4wC9UktN1x2GYqrB2SIfMi7ObVnuD7QvGKgiOfZmumLL6yd9WR5XbsD3LKX20/WVx98hLlVo3gKZAepm4L2+n9VsGmsKc30Z+znG80gS9bmLsn3jvo6IjxOV6ojpAP4a6YRytHx3lkCLBOatC0DDk2G3w/0fHV3k4P9G7HjCHFuvskUXg==
vTiXY/letAxhSPv1yI90/Fqh1CiFetnphW+8R7rdjG9aHg2TtkbZ8pz1N1ecKdo0uBOQhE2oCuwZy/SHaGdnZ5KDTCd/39tXK4Wmaaw7lMRqtuONb7grqFCYI+wy5DbvkfnTJ0g3Ltm9d1oaqMyTxs5Hfs5SuuFzDyOFCeRxoIAK1tCAS4q6Tw0eTeP8B+/Ec6xXgA9ByCW0dIMS+2gW+Tw/Wm3m/b5YQQOL7vKNxYI=
vTiXY/letAxhSPv1yI90/Fqh1CiFetnphW+8R7rdjG9aHg2TtkbZ8pz1N1ecKdo0uBOQhE2oCuwZy/SHaGdnZ9OUQDVZTn+uUcDUYlKE/BtpOSwZlPK2UfgQQE4brCbi5xgQna4KOjVZsPSu2ZV57x5tFxjRECezpLrmRaEFwOE82trsck67X3JxiHCd9HRBQXBmdNbhFaYnMXQX/f0XrA==
vTiXY/letAxhSPv1yI90/BRzsWyKU5nUAVvVZsaqX+B2VTm+zHZCINN0bC6P+JHbwnS+V5TbrpkJ1HehdAPLcrRmp3b1jhn/ZKHRKRjbJ1HPcKPW5zWu5Ip3Lg6exjM/D8Xza2YG5SXGBdfF+DQb7Pk+OPQIwMBJqdxqAthVFwI4aAXFS++slvU0O0lH1exmbjDKhkKQ9+bAzL/0os1Z4xyAo6ZZXEmhGwLqnQwqG8Y=
vTiXY/letAxhSPv1yI90/BRzsWyKU5nUAVvVZsaqX+B2VTm+zHZCINN0bC6P+JHbwnS+V5TbrpkJ1HehdAPLcu7mGVdHic4tOvFrgdWL6M19fJbCF79/VfQeD8Brq0pbYwmaZC7zlAfHSY+mxAqc+zQE8yNbxtMXfMSNNIVtFPoGRYNuW1UklscRL4O7K6SeX8V9sWGC05OaeRvtGeD1Y4A4SKtfdbWHpYPVz01OfIg=
vTiXY/letAxhSPv1yI90/JQaLJ+gQlQXj1OeXxZATReb/v0c0EOYbGWdYa8d44jn6CMraguxjrShL51bqH2piBcxWvOH8VXowUvNormOnY6qPtEUiK+/XAEtEHU8vSoGIWf/FFtOEGj6ma1C90CQkfNXorhdkbquR3BzZQB+ehhZOXQQhEZUfwWsMyKdtl4ymxx9IT49UvV7LfJBgzB2SRysVkRfYzu2ICdBY9/rn/IX4l/jZyJGN+B7vf4WJ4zv
vTiXY/letAxhSPv1yI90/JQaLJ+gQlQXj1OeXxZATReb/v0c0EOYbGWdYa8d44jn6CMraguxjrShL51bqH2piBcxWvOH8VXowUvNormOnY6fQA5KBX1047wU8r0vodaZQot+Lr6W3IsKWOVZ0ZnxrvlGcDOkejQ+fXHVXs03g0jRFTz/CBbDwgbQeM77V0ayKmOIe8zuGGi91dVXPaueBHQw2ln3UxW/59HYeEJngvM=
vTiXY/letAxhSPv1yI90/JQaLJ+gQlQXj1OeXxZATReb/v0c0EOYbGWdYa8d44jn6CMraguxjrShL51bqH2piAAdGf4fannICjaHg8XCsJDyZVtInS+QL/9WwF8Xl96rkwV8eNmt+IU3AYy5KecADfUiLBNwOmLBbBaPOV9HEoeg/JyaUfCcud20iN7MXE3mKfBY+Ox6+gSRKbJxEqu1Lw==
vTiXY/letAxhSPv1yI90/JQaLJ+gQlQXj1OeXxZATReb/v0c0EOYbGWdYa8d44jn6CMraguxjrShL51bqH2piBcxWvOH8VXowUvNormOnY7I8AbFbNqj2njUd9qmjrY9f8ln1yrWY0OYNtY940HpIepD3/WpOGYxL5x3108Vs4bmqVoT3M5TOtxMPDcEnwxbXSesWrMZRiWmgu7/oNsMf2fQGv0qcpZxdmK7NGRYdfM=
vTiXY/letAxhSPv1yI90/FLprLk3lr7u7Pj9Q3VyvZPa0e9vQWlJYwoEk/fcgVhkDZLvmssFMKsbGvv9jMYyqIiSm94cviGi/C+RQBFsURoRqWE65gO2KS3Tcj3Id99u6cBakpHkX7ZJPLd10bC7L/JuRyW4r191qRES67jh9GOx/6/muyGaPlXKpYzh75x1LsXctNBzDbfPM6WMAHi420K6SOU8cHHbGfeZiR0+94o=
vTiXY/letAxhSPv1yI90/N5q1j5SHIvHGJxqQclSGmf0+Unturb55DoeQWbYjqpdQLEY2vTVJqQUm2nXGW76Lg==
vTiXY/letAxhSPv1yI90/CfS7dHTJDU6vDjrEHOilv9ZaXrzh74d0SayD72vh/fWFAfdcAe9YFzcbYw6t4y1gA==
vTiXY/letAxhSPv1yI90/GLAN8+BF4w/gN1/kBbCoo8J2X3vwLf68bh+SK89OwonG5M+tdNfIAEq/5zBtI08NQ==
vTiXY/letAxhSPv1yI90/Fe4i3NpbWOo1F5jnB9GqBtGyzmZzHrhEGPYU5qcyMxyxivKE+WtrusNUS4O2akKNA==
vTiXY/letAxhSPv1yI90/MxODn3NOOvhhI5HzMBtaD9t10g0fF/OIuQ9SkI1vHxBPLS8ld/MsB1AuP635QWXoQ==
vTiXY/letAxhSPv1yI90/GdjhFegW3j33eY4ONQoJcUllZlVyCF2mMAMPxTDLadgra1RGd4JMzLKcenYZAZwGQ==
vTiXY/letAxhSPv1yI90/M3ryqq7ufRpdlELqkyd9PIDVMjXdEYnl+KFpRd/WD3QFW9yqzt/78IKBIMRr4+LHdnNA+JdHL2MS0+vCCRzL5GMpIm/VuSrpzge+hFlGBnUzQAzapK5+qPTozuMT7bA6cZ3zqX0dGRMSymVaCO/XYb1WUUm4GneFnhgRi5zmI/Fn58EH2y3D4QuRmNVzAIkVlW1duKhq2jTEJyM41/QCqA=
vTiXY/letAxhSPv1yI90/FkJ55SyAujRLebDW0QRuP/w/ppk3Mjzc73eWOalgOf+ZZsAzO8q+C/9I6LS/eK1B1t0DhQ79JJetxCH9xq4N8bhtx2diWYbXbpCRGu2O64/aGEYPfl/hxbYsjS0d3O8+QgbvJDwnlOV2/K1YbJxjcvHkDHxWAqbh3mlECl4WkdhHGoRgmQlOPow5KZ4GK/9ohnBb6cWYdjPFxsRqIMISWE=
vTiXY/letAxhSPv1yI90/N7PYzA3ddKDs6bdyXWO2FFp+OQhE68/utM5BocRsOvSNkyzLkdGOf2w6+zY5AVeHn/iuLDPAZos3xZaVkyJEgfnKacUOLyY+nu1vXURwfvKW3yiktMvHgpUEi/0tbLDe4Z5nOtu+V+RXw1uuhdPD8S2912WTv/mgMFkQqd9QHtEjr8X20KzzWA2JEUMUUMdlGxAqp3XS43eOkpTZDVCEjc=
vTiXY/letAxhSPv1yI90/Jv2EiP/ch+NIfqkW2ilaESrRedHQ7NcVdKMrloqKUjZFHioC3bGEBY1sz98ZeCHh99ZyAV/XpKjamKtYbpl73UXJUHkCpn2q/3IzE5wMnhR5RZMx3d0EC3D46YuruYx+u7h8ymeEKTyHNeuNqR80E826XPTA+w5EYx4h1JpqFQNp45P7WNhTumcI0Gqptn0/xdvnwcMrKAs6r6zKaoCY/8=
vTiXY/letAxhSPv1yI90/ExXZfCOimSoHh0hQL4pEWGRnfSZH9imhq41wE/6Tdu23CIuW7vD5Hv8pGLAS9DG6Q==
vTiXY/letAxhSPv1yI90/IYzusqifigvnEBkNLjTIBjf70MOR9cwu60SqcBC/KM35k67Lnn2bNufQ07C3NDgTQ==
vTiXY/letAxhSPv1yI90/DWUUd8p6DDGmjI739nyUugFlHq81vEiwjzjgzRFOlslMpjZ4rx6NVB0vPaCCWkFQw==
vTiXY/letAxhSPv1yI90/KKnpfFMzdpFsmeqh0AQpAIGVQVBeVvsWHU+j0CN7BeXD9/yCcxj+A3QyyWs6HcuFLOK2CMTEZhC0N7HSEtj0r3sCDek0UsaKTL+8MMvJFncwgveufUJDaqKly9AZCY5R5wG3dMvIPjzFj1hUl2xnEJt1Fspc7T56fwbUFWcRaJfMgi+jPLLy1m618SdjuPvWsRHZW+fEtU93iiuGPIBo9+8gCQx1+i2nProgCld7q+C
vTiXY/letAxhSPv1yI90/IQIyrWSKiPJ1WnDp4jAsfCGHgqB59zLNYWDarMX0qs3wWtqLsK4IR91vDE2ugzrUA8/wKvQgqzUC3quOYxltdSl/ltbLur9ajg3xnPJ6uYZVNspj/hYF2Vg0mkNOgjgIJeTXm1FXB1eW043L561kxhqUXSjzP7OUt3u3k4sZkMHe+i0YQ6Iwrv1/W2fnrmeOJbjAa7fxv9lbBZMqbRQGzE=
vTiXY/letAxhSPv1yI90/L9U6ixrKP8caaTHAaRhxhK1hgHIfIpPQ+j4stGoXostn/qBLuYGEM3e2fX1PJlkm75WS2lGdX8R2036LW0Zuvkb/6HoW+aMK9uuFQKdghnn5TNGWxGTsrZy8SPSxz2l6ebsTu95p7aLWALHqaiia0vwL1Xy+CxF5wrW46nqoUnHTmbiNx4xJ5eNf7kFlrjS4A==
vTiXY/letAxhSPv1yI90/L9U6ixrKP8caaTHAaRhxhK1hgHIfIpPQ+j4stGoXostn/qBLuYGEM3e2fX1PJlkm75WS2lGdX8R2036LW0Zuvkb/6HoW+aMK9uuFQKdghnnBNd7NjCqGEoP0KKPuhhaerD5D1b3YFU4YmlJhDZtfKKR/1SvBlocYIh23ZX3FQTg6Te/7ypmZiml7IVBUweKlZRFbK747Y33fXCFbON6HGM=
vTiXY/letAxhSPv1yI90/L9U6ixrKP8caaTHAaRhxhK1hgHIfIpPQ+j4stGoXostn/qBLuYGEM3e2fX1PJlkm75WS2lGdX8R2036LW0Zuvkb/6HoW+aMK9uuFQKdghnneUej+Wp33T5/D9I7ogMdyqx5ux8mxcrtzdqcuojLZyZLpn9IouL2BCEknKM/vgs/FhrXrqvzdfEvQ1eefaFV84k/XtlTcp/lniBs8YYZErY=
vTiXY/letAxhSPv1yI90/CJlTkFM0sQ0HNYSAIFWNvJqKLLzftjxbJupBPQ3tG8mrVeoVbRUAmDRAuAGVQ83A3hd/zU9hVckjpx6Fn5fRKG2PV2P//O+yBrMz9iVN7WGR5QNlB4ADGfdQLEQw2CFyNnYT68+pOAsC/vAQ1xkjfCTB2TbJpH9x/B4Pi2FNR1KluRxaxjVLr/NPjse4Gh76YsqExh9biElKrTeQt3afsP0+HZ4RxjhULMWjuvBGNn3
vTiXY/letAxhSPv1yI90/LA+hEHW6Bf8zFqAaxVrQNu8dwcnSUu0s5n6yaT8hZpxYzhCG6UAZWMJzYXEfIIOFLjs3UeM2hVX8sY2Dslp7smgjl5eL3tm4vhWgIG3gt57Q0fZfp6J5jZPcrtDZ7SGr85kqhuN4iIpCD7CNKrgIovY2p0RPZAix0fqrTBMpGiunAxriE8/g2mzLxqj7ThZeIRZuHtwcrDjEkxvjzRjvaA=
vTiXY/letAxhSPv1yI90/LA+hEHW6Bf8zFqAaxVrQNu8dwcnSUu0s5n6yaT8hZpxYzhCG6UAZWMJzYXEfIIOFLjs3UeM2hVX8sY2Dslp7snsKCSpRZR+z8gvuhEZLEKwhRbgCvDW+/n4U1v9G6P0+As3TFcSu9kfsn5RCDTqOVo30yZtTK0h2mdpeQmJn+yvLf6QUGavubgdGrJ9UlC/Gm5TRkOODe6CEMKgzUvmWdU=
vTiXY/letAxhSPv1yI90/HviN7o7irK00N5AQQmfPUuH3Tc/0p307qEhjKBfts9uJyG43h+Ews0MakfGmLumm8w65Etzb3r+bgi2Ap3rXbjBVORvyS+60Cf/GQHg3pVHpks0ZWl9XBd3Hybuidxc0B8LnZa+OwaM/gmHWYyrJVvyfb105FseEI0BAGDZzs12htATEjZji0s7KRn/lnMkRw==
vTiXY/letAxhSPv1yI90/MpjdwSkDGYIyS62qzkzlhp+y9d6vidAS5B5cTv+L1y3+9Feh+V1o83x9J2uaKVzizYWEOAuq89JA2LnKKMPKpJE5z9GOZDTH4mKBrn44pgChlAjHkxaYCq/SoNMN/p17O4HdJVVZu9fpODqsfqM+WBz+GjoksHM/ibpzaUxUOdMRFMo+0P1qAjAWWzEvJnmF8zXNuZE2m/e0Y6nhoF2TE4=
vTiXY/letAxhSPv1yI90/OjY+k+E3tdbi8PjqPor0zLDWQR+67Sf02wbPKAgz+1ioTKrAtCP1dvBPcEtEdLThw==
vTiXY/letAxhSPv1yI90/LO6bKxgDVT/4EbdxpeEMt6grSVZekalJil4/Y54c8dJ1taTz9U7SZMGwC5VcnELn4PKL/gLelqiI+ek/tMr/EnOgsEY9dGVTpwxJTZ9H9PIgEwqx3/WLaW9F2OfnkGMcDIV/c5Kf60nm4lL+zVlkW9ATaeObXLiR80jFjlWWW/1v7cxG5WRO/wBzFlZHXQU3JaTfjcWMRMZqUL0u7haLjw=
vTiXY/letAxhSPv1yI90/P6yG8lYmo7KtmaqXXZyMPv3OJzu9nOYV+Omq6ABAvcjYmy8UlHugh0c2NzSoNyYadSjUZ6DnQIaT6IrvA4O9TwAKxYTmOrslK4VVhfICSTudJoa8Lxn+1g1UD33Zfq+oZ/Zzte6LhOFiRHudq658GXdThN3FtVvh/FH4xQEM1bIdpy7G+wO/9BejKw0x524Jl9XvLVj1sYio8tJle2xoGih74TQV0QvvzxFMYMLsPs4
vTiXY/letAxhSPv1yI90/HWbbjOK3wii5vTCgt6SkvmacqSASkLo63i35xYXH0aFjISkqHp2Q7PbWOBjPpcNgA==
vTiXY/letAxhSPv1yI90/Od/QE8d+qTUBQOyj4cRSfMAIP5ChC5w6bXjkyxQam5mitp0TNfnjQL4j4JEfhwG36mgcqCEsE3GRbBmjY9x/HKfcdYdCotVZPJsnmevK4Oj9HjERGYIEP3DZbF43AHapJ1aDrGrOMoxzrFAWKQw/6XED9RH5uVCPqSy/G8SNu5ODhACmMYFVh+EwqJu2qqLXXcsQymyI2IogRNUJ+3NER015ed9r9Qsjjj6683tmXn3
vTiXY/letAxhSPv1yI90/BNclaXAPqFZ1Y+FTLjccp53mebk3kgTdBQcWyMtECzyWF9EwWjoxoaYaFIw0Ii40g==
vTiXY/letAxhSPv1yI90/AAbC6t/6rHn6Zadih2Qsylu1w2qS4FOfvKSyK4TrdJpqN+qwCW4En6KuBhQm6xpLw==
vTiXY/letAxhSPv1yI90/HO/A7FGEYGgwvas91KSZQ7OQw4J02IBHUQFRF+rOGUcj+0cdZC4UpndtPg/L3exRw==
vTiXY/letAxhSPv1yI90/JcfYYUj5HSx6KOAbjqkJLKVGmfEl9mSKA9o/O/a4yDS59LyqiPsM89qukcJqYHFZupUmV1kOg0phh11LtUsS6F+1ffwuQwivcKozLIre7iWwh4I021KPBF2tJMNkv60e016AbAiwVtbn0c0PZAmDIlDREqTxjh4AQJh7kCNV/YDG92rmZATTvk/tFt0kPFrqis9KXprt/axjTJgIcWqUJCv5fAJta8GspDOZZ4U8MLj
vTiXY/letAxhSPv1yI90/JcfYYUj5HSx6KOAbjqkJLKVGmfEl9mSKA9o/O/a4yDS59LyqiPsM89qukcJqYHFZupUmV1kOg0phh11LtUsS6F+1ffwuQwivcKozLIre7iWj3d3s86TirM03OsRF05+KsRZKE8cz48FhAaJdTQE5hDbD4oN7RShzyWYL9jsNdU4ff72WrCIHWMTfWFpA8ZWo/h0ii1iOE4LPavu1sbNc/U=
vTiXY/letAxhSPv1yI90/KB9mL97Zii3/mzSIiQwyoPYl0l30mQG3WP4RlDVKN82gMZSp3R2Z2bLtw/0Ejpm3RQ9iGAcnD/1F17sTdHksbT3VFUqo9cv8edtY2V98mpRQeE8/zDoheyi6BUT8GhBMJzcexGb1iMjXshB0v1ZHvUOX+gUuN11+kee+5qGjcyO707dx9sTtrU/OWa1eHQHUXkvPecsInfnGRiGcWGe7eI=
vTiXY/letAxhSPv1yI90/KB9mL97Zii3/mzSIiQwyoPYl0l30mQG3WP4RlDVKN82gMZSp3R2Z2bLtw/0Ejpm3RQ9iGAcnD/1F17sTdHksbT3VFUqo9cv8edtY2V98mpReRTe80UNQGPid06u44XNOuDgCYCgDGY0SjYFuEjFR+UKDIgQSjHB9rCXP4HjlkXjBb00jMP2SovgKJlVcIN9fM0Cwx8IybCbXdmJGt8wnVo=
vTiXY/letAxhSPv1yI90/KB9mL97Zii3/mzSIiQwyoPYl0l30mQG3WP4RlDVKN82gMZSp3R2Z2bLtw/0Ejpm3RQ9iGAcnD/1F17sTdHksbT3VFUqo9cv8edtY2V98mpRoMgEdnDbT3o60eKvUTjP/qqigkzs+XLqURLVWEvdDhG7J6/UNmB+GTvl+Y9h4p/ME0VfmwWlJNYJ7roOiX579eKyLF9jeKuWBFOgWnKDoEs=
vTiXY/letAxhSPv1yI90/KB9mL97Zii3/mzSIiQwyoPYl0l30mQG3WP4RlDVKN82gMZSp3R2Z2bLtw/0Ejpm3cXhlwL2KA1uShyapLT0kIbABZLJk/UXxPFf0xg/tXWN0jyZnKgdQ7GkK80Dj6wEk/SLtDe1suZPx1MQyoO7yA843trttW87lVRa6A4vz3VYf1t9L7tfFKKDA+di0/ygKR/zM9UI734nPF+dWq3YutoQFxzToz/Teb28Hpo8ydRf
vTiXY/letAxhSPv1yI90/KB9mL97Zii3/mzSIiQwyoPYl0l30mQG3WP4RlDVKN82gMZSp3R2Z2bLtw/0Ejpm3RQ9iGAcnD/1F17sTdHksbTQ4d91azVn+EpJKGtBgLL12smmLMRbEDtOVCAfsHuoA5PPoeRqafTMyqjfcDgSxqzn7GN/Zi7WrfW4MMw6+5oAYTGwxj65kHqFQntwtYqkv4KLwIgGjNp9bL5y6c06XZg=
vTiXY/letAxhSPv1yI90/KB9mL97Zii3/mzSIiQwyoPYl0l30mQG3WP4RlDVKN82gMZSp3R2Z2bLtw/0Ejpm3RQ9iGAcnD/1F17sTdHksbT3VFUqo9cv8edtY2V98mpRSXT0ziwCdefIuAQ//mylRD0GVpGpJ5dlKRII5e6uyA0crFoyuiwCAxbB3iWMmIxS2Jy8kRTnePSdLzBpp3Ms8iHpiCbPtBtB9MA3x/gILT8=
vTiXY/letAxhSPv1yI90/KB9mL97Zii3/mzSIiQwyoPYl0l30mQG3WP4RlDVKN82gMZSp3R2Z2bLtw/0Ejpm3dnARIM6JgSS57wYsS5BGpaAnnqlgTXxuOCYqqfdDyFb4DuzquQiyoAYr+dbaYip5GnVtDxJeZ2NHpgZ7/DGACcOypHB55UUBn4QJEgTB+iEkYAscAT/SOcBpcjM1C+bhQ==
vTiXY/letAxhSPv1yI90/KB9mL97Zii3/mzSIiQwyoPYl0l30mQG3WP4RlDVKN82gMZSp3R2Z2bLtw/0Ejpm3RQ9iGAcnD/1F17sTdHksbT3VFUqo9cv8edtY2V98mpRvPinjaybwmCAdlYCqXaMBPR05ilG5iCISiaiK8Bph6LiJg7T21eRKKGIFTM5sP0SDwH6jc/oUsycigUDrkhqNap8dcpS4B31biH8ccvDQzU=
vTiXY/letAxhSPv1yI90/N3yjOcYKfUx1Pd7rg+Kg8ow5g5HFS6fJsq/hQGs/BCGtuWe9zyfjMUapr8JCWihtg==
vTiXY/letAxhSPv1yI90/DEAckD/up2AxERHkRTXKfUEhZsEONx46Um8piyiUDbrzZEUanlKdehbC5uAl+A+WJuDjKQz4K7p/jCmsst2Ljg1hbe/zkzUojXJFNTPhqp/2c2ViCBKaT+oHxxgbWe21KD47pdtyVObo2XxRzVSvWARI5DeoZlt9B3/IcidatkYzdt3WpTb4S1c5IQiFDQviOIZ8Gy/8YktR8Ht8M9mUNE=
vTiXY/letAxhSPv1yI90/DEAckD/up2AxERHkRTXKfUEhZsEONx46Um8piyiUDbrzZEUanlKdehbC5uAl+A+WE4GOr0LteDsQRW5VE0lT8+l5BFL5E6OvYqzwoWxWhvygHTJk5ch+EMuJMsqLee8qEGqRZDZdDoR+zyXhQJ1iEcpE2DoQQUHF5d9sp1LF3KJzhVF3mdqp7A4gaztTjeBBqoxBx8+NAYZrGr8poMiEQLLvmQ8dKHXNStDaHr/Dq+/
vTiXY/letAxhSPv1yI90/EMO1Li4fsofqbi2KKRcVPJ4qsk54KGPtoOGlPKt5HvWmyoHjHrQSSaoMXQJygPCdA==
vTiXY/letAxhSPv1yI90/NLTUFuq4gjbfGXtyh43sZcwY6ufY7yCjtrnvZe3e9sHLHKJaff6AYFTh3cBwUJjoA==
vTiXY/letAxhSPv1yI90/BE28ZHDfJrhElzw/dvuPEb9g/TCNoeA/O+VXTtfB/rDt2LK46TKT8Y3MmFo9mnhOQ==
vTiXY/letAxhSPv1yI90/KFnLqQKClTIe8GYpJK0j1KdNUMgIFXKWGtSp98lol83mFLt0P1BKGRwEhATGgXVYA==
vTiXY/letAxhSPv1yI90/AvBE2oMdtn3Pg/f/H8oVPSGqVWqhFFEeLXEPCi0nTkH7whFHxwrMpArS5FYJYsyeg==
vTiXY/letAxhSPv1yI90/AN26fLYooOxbwdRq4yBp9k3ghH+10V+Wqc83Y4dhSTLFHCaIPSw9HS70x8thbQjHA0FIuIBoBKMy523h2NKSnly1LvG9Jjm8D7FeHMTyqSXvwlRJq+eTesrYfaQHjTTpd2ga52Sc6APn/3GycAqYYvk2y9VXoT1jtgOi3851bY8tVtUKjCwRAhdakSqIjFxQZffbRtdbD8M98g2YGHdt1o=
vTiXY/letAxhSPv1yI90/AN26fLYooOxbwdRq4yBp9k3ghH+10V+Wqc83Y4dhSTLFHCaIPSw9HS70x8thbQjHBneKLruSsOaNdZoRkFPUDsj5QASHFe1xmzYMWBn/Dw7cmZhmcNRG15pM4j7YM5kY5dTNv5p3+c8wlsnQ347GE5g+1vRYtiDBi6unLQ8jROPNt8st4DTlTvPxa94UfzstKE1dk/8Y3jrOqJHGJOKvHY=
vTiXY/letAxhSPv1yI90/AN26fLYooOxbwdRq4yBp9k3ghH+10V+Wqc83Y4dhSTLFHCaIPSw9HS70x8thbQjHD4KFJMZX3IBbJ0YjRVDT/ojfB1z3WdHlpYconaOK12jv8yRJWEEemWteikJvxOKv30BVD6xh6/CRLaTJSIKIeqodkvFmGdht3HYFdnQumrCO+DFkp99dB78GwMGy9hV4g==
vTiXY/letAxhSPv1yI90/LwpnlBKfVq+GeX3ZXJLQPc0HK8r13PDpTw0yp2Us8kAbsxR3AKspfN0rhrBV927nkVJ34bzNz8LTigwgKFwCAwdspI3FW/D5ikk3C/ZZowN1rxm47poMvhkb8jSWkKCqz0vwpjbOOM2/PJucMIUuUU+tFFcro3rZ40KRgTQ0WaCNBFiAupZgBl7u1nhL6IhJTkvhAicyHgbXTu7UZzhUXQ=
vTiXY/letAxhSPv1yI90/LwpnlBKfVq+GeX3ZXJLQPc0HK8r13PDpTw0yp2Us8kAbsxR3AKspfN0rhrBV927nkVJ34bzNz8LTigwgKFwCAxFegpiU6gv/0EghPQKmsPh6IpNexp6VIPVe8PC351SCE1nhJIcJtUySlMVaz4tNWYiBNkO+JJmlNeOyMbv5Lo9vueWG84Us3JidVaw0tJ5n5P22CAKRxY0luFjDos5ans=
vTiXY/letAxhSPv1yI90/LwpnlBKfVq+GeX3ZXJLQPc0HK8r13PDpTw0yp2Us8kAbsxR3AKspfN0rhrBV927nkVJ34bzNz8LTigwgKFwCAwr0h80QsCH7fgHSuzdOLNETQ+GBU1wn4E2zHrtxCTWo2c/iZ99Yi/2YpBdnwoDRCg9MXxx9V6nSKtHfAMgqo0ZjJozhBhy34s14XPf0SXLq0GO3XCNz6sI7lDaye1G7gg=
vTiXY/letAxhSPv1yI90/LwpnlBKfVq+GeX3ZXJLQPc0HK8r13PDpTw0yp2Us8kAbsxR3AKspfN0rhrBV927nkVJ34bzNz8LTigwgKFwCAwr0h80QsCH7fgHSuzdOLNE6qgaZlfvk27JO+ZbSj5WMtDWZA0vKBPXoEFslT+fP0/ZyLnmsGvg07rPNNIFa5xtL66dF5OyeufwxFS0mWuN6aV9Zl2sAlGOE+uFXSSUYmg=
vTiXY/letAxhSPv1yI90/IVd5894wyBKzS0A79zEmNafhlim3R0f5jMtnLHCIYZ66yKsh0W2/cWYnPuehCA8i/X/2RXhrHDwlEjoK1LfltEqnhdlbeF69RWQLIc2YrPy0rgKoi11sD+TlelSHwVwHF36mty+HN31btbGTfW76p0puop3KP2moheomkuefHOXswB0s4uA83sD6laPxYkXNw==
vTiXY/letAxhSPv1yI90/IVd5894wyBKzS0A79zEmNafhlim3R0f5jMtnLHCIYZ66yKsh0W2/cWYnPuehCA8iysRgR8LIfYOQ4bu66CMNxiHjlRY7H7efNYLCTGkT5ZJHvtlraVmuQIlK4BT9zoJdfchgqaJ94WFa1tUMHzFFHUEjDq2Wf5lUQ8TEyFCoeknaF4W/OjgKsn3anlWeRFSbw==
vTiXY/letAxhSPv1yI90/IVd5894wyBKzS0A79zEmNafhlim3R0f5jMtnLHCIYZ66yKsh0W2/cWYnPuehCA8i5dOoHCNttayR1zZ4BYSci3qHDq2tknEtZe6NxSDPTlisdJcJn3yxu/TX6KP2uzq9gxOAs+pxDKp5UGBbKyWXtl44O5+xrOhSdjE2pcbtpc5FNQIcSHkiHyfiqMDRfqJpi0Yp+q1G3uom2aVmXoHIDo=
vTiXY/letAxhSPv1yI90/IVd5894wyBKzS0A79zEmNafhlim3R0f5jMtnLHCIYZ66yKsh0W2/cWYnPuehCA8i5dOoHCNttayR1zZ4BYSci3qHDq2tknEtZe6NxSDPTlijR0ZHxfvj/La10HpQrhju0VlLmaHYotrGvGIwlBCaGRzWkiw29VA4knvK+ApK3AHPT/ezFo6Ll8C6LuFBPcEYeuvnYUUSiS7UNfdKEjPTo8=
vTiXY/letAxhSPv1yI90/IVd5894wyBKzS0A79zEmNafhlim3R0f5jMtnLHCIYZ66yKsh0W2/cWYnPuehCA8i8yE/4mruhTqqYsCsta6A9MunCVqlZS64/zYuSOkbr60mMmT1Eoxjod/xdGe/1l/6oHuNqJ4Bunc+h7yrL+QtBCM8fXASVyXxAIkqzwddXwjHv69l2oyqkwR0ff18qG9S0bFOG3XozacUxs4cM2aDFY=
vTiXY/letAxhSPv1yI90/ERyr89KBspTu2PtFK4MDDYSWqkpa0lKkzhoUb3TETANYYMP0u4oMjEj2RI22mFyu3cnEmKsg7vnIdj4JXjpX6TnxzokIT73QJOTssXdY+jRfSa6uDGbtto5ftlmJR+41b1DJydozG9XF+e0D5l7Vl1og1rrbmCeRrVefP2PEvQw6s+5L94hgkyAmHcU3xKe0BxNDJGjfUvyTJy7DWmvdPDKZIMt1dgtXB0+3cIloQLZ
vTiXY/letAxhSPv1yI90/ERyr89KBspTu2PtFK4MDDYSWqkpa0lKkzhoUb3TETANYYMP0u4oMjEj2RI22mFyu3cnEmKsg7vnIdj4JXjpX6Tv/Io9zJWdV9e8fXocFn+YKG0bxF6qKLP7GyZ/5KRftGOdXrd3FC9rwW0+e/jec6Uwx132KttvO+P0EPiIEC8wF8ZIEbO0JcBXLHsj9ul16MRzr2G3jv+0LwYvNfnAesY=
vTiXY/letAxhSPv1yI90/ERyr89KBspTu2PtFK4MDDYSWqkpa0lKkzhoUb3TETANYYMP0u4oMjEj2RI22mFyuwAD3AxnIrxwvoDZJUiUNafiN7YveJAR02bLFN3PMB1C/Veeuxy2HD3z9E+20fSNp5ZLY9pbKntyepTWYIE5Rl9p4uQU3FRWMdzd3aCDQJnZxDIkAuPxhpAW/w7InKUrIOBYavN1f3HEMUienvffusA=
vTiXY/letAxhSPv1yI90/GixcfiRsjaEQPNYwwJYLEWsioj9E+uRyCFEYPFDRXrGnxxv8xcbRDb8VmMMPOWB7pwipCgNdBqHAgLBWJUV4IV+eqKNfQTFV+3ehCJa90EFrkBhYcS5SKCbGciCY+eJJimxx6VcTdnPY6IjnH+wczniU/sF/RCgo4DYBFks3xw5PWtjZQ/8ukAZKtwrInz2wdy5dXm5Piz0x8WGN79UFWI=
vTiXY/letAxhSPv1yI90/GixcfiRsjaEQPNYwwJYLEWsioj9E+uRyCFEYPFDRXrGnxxv8xcbRDb8VmMMPOWB7iGaf1ONd7xmAKaXwUU1B5wEL5h7/kgdu9BxOkJaE+O0llriQ/D3Lhx/tDn9t0e5dL8EFKEa/IE6hvf2FvmLo9lHONZIVjlN8yc5RSMr+YcW1k4We+4qaHVZnBpFJEiHQw==
vTiXY/letAxhSPv1yI90/E8hB98BCAX3y+3X+e/dIxiQ+lPrMemSBPAQuZr3T/x5l0I+fTU2xQYAOB5cfOeVi0n4LrLsNDoWaqd4wfkXjzbq+iLI0o0fS8EtD/6BbGEGugInlqj+OQWH60DCVKB96LlKm5rpdJR4YTetEd3EsgwEKsbnaHFbg8JG4d53nomqjthffct0Tu2pEzQ1f35aiiKCvN3ckPSFeKyTrbjvYfo=
vTiXY/letAxhSPv1yI90/B3663J/PMGTcOBJPfwEbz/4Rs2UjMa8fcltk/kjbI4XWz10ImKECz9UrW8IbTbn6EC6oVs23W7DIsVUbuR3vLOlpId2Fo2KTL9XCsTSjwbDDqzCr9hiIIgaW1kQqfZp6F4J6e7s4a31v/da/lukC1hBnvS+4C0/+Wx+ArLiG0YHvTX7qZOybi9oesAVyYZeZf/OmrQ7CyhS0szCd5pm4Z4=
vTiXY/letAxhSPv1yI90/B3663J/PMGTcOBJPfwEbz/4Rs2UjMa8fcltk/kjbI4XWz10ImKECz9UrW8IbTbn6GxKr4Zn3DxEtmv6VBNUEWBGBRSvPtYQ77UN5XxRfBUUO7lXxJHLIvMXsRPw3Q8+NrZjm3/K/MBHAvRMRSmOzD7/1jUfFG4GSBE2+o9RJCDqWJ0nVlu2Zl+Nqa6VOP3aXg==
vTiXY/letAxhSPv1yI90/B3663J/PMGTcOBJPfwEbz/4Rs2UjMa8fcltk/kjbI4XWz10ImKECz9UrW8IbTbn6EC6oVs23W7DIsVUbuR3vLOASQWZBRTXFbNs2S3yZdt5X/ROzByZYtcX1WXMb3GzCP2EcnCErQziDMvqF2qF+joRGwQsNfhvKSu63kNMbKkGZ83e7nPUsBOISvqk8qpXaZQNIUeJAaWYK4RL3Ce1wd0=
vTiXY/letAxhSPv1yI90/PmflX5FZ1BQlg6kPKQgtSj6hU/PuOGwKE6WU7lNZ8l2poZtEAZEvOA6IEoRCWim5AYTKl40/TLMOCE7+HMIn0C1SbEmT4Njjl4R/JqD/263DgA7dxA7QWFn/nY/ZOhk9Vhz5mhWRiJsJJtQwn67BKyc8zeXzP57oZfDMRA1pfQ9VXBfJU2oNt3sCbzdGKjC7/ckO6wv9Qp/TRkxIA0oLY0kPqgfPc0HWvjIcFNQPfjT
vTiXY/letAxhSPv1yI90/PmflX5FZ1BQlg6kPKQgtSj6hU/PuOGwKE6WU7lNZ8l2poZtEAZEvOA6IEoRCWim5AYTKl40/TLMOCE7+HMIn0BSplCIkgRmLWWwX4W2UWsbxnEC8eSsGgYuJxvkuJzd4/C+kb1TihvXTvXAp+FPzw8m8XmHlJQteSMMix0mh3tGe0Kt5nFO1jpJoMCo6dOe6FOPHAFkznz5kxWy8vjNkAzeu1CIMbreMrnf/RSTtOk+
vTiXY/letAxhSPv1yI90/PmflX5FZ1BQlg6kPKQgtSj6hU/PuOGwKE6WU7lNZ8l2poZtEAZEvOA6IEoRCWim5GCbIL0ATyBDVWohMDrq9opnA8BKpZzWNVm8173aPfuHpnaYba/OuC0Pg2ZBVh9SVA84egT7wlRikDm9Eyu0p7OElCeRoyPTjJ6sgfGthOOBLuejHCP/8rzGdgSskpfTALyM9P7rSUxkptFvVi3F14Y=
vTiXY/letAxhSPv1yI90/PmflX5FZ1BQlg6kPKQgtSj6hU/PuOGwKE6WU7lNZ8l2poZtEAZEvOA6IEoRCWim5AYTKl40/TLMOCE7+HMIn0D+lpVIN1JTmNHU8zTPsLv1Hc8OlHcUNEM5c50AHLU4OUgLPJoOiyi3zmVXie+3UtO0uTMJ3T1UL+aTj/Os8l2c+GBUkaxGS55iWYcWQ62F7b3nVDmbwzXoLTlCE3JsCCs=
vTiXY/letAxhSPv1yI90/ND1bJTLgZ8SkCnbmzlgjsq6ho+8mZnX45kFNUDj6VlVSfs/ZJsktUTEO5bSNBel1pmYMtBqolgVCRdURY3FFpvxfbwy/Jl2YzU22nOA1M9Pk/UNcOxmTK3/qkRUFuEsuhsBQdz1IdFb3nKyY3cEIORyvayPOmeMLj63WDJHTtz1RJCqi1+R7aIxJ+o3idS9XU7Q89r1tySfo8msKpa2Ij2gagSr1+5U+AHX34gyn17+
vTiXY/letAxhSPv1yI90/ND1bJTLgZ8SkCnbmzlgjsq6ho+8mZnX45kFNUDj6VlVSfs/ZJsktUTEO5bSNBel1mOD7vGvhnI9LUsMF+I3k/4WCAXTlBvk+KdicAzhem1MtPdYER5k0+i8QJqdl4a3T1/idNd01yF9g3Q7CZRbIoytQ3+QsZ056IXh5fzLymLxI5+88B3nEwwEG7ESy/r6t5UX4E52qU9d0IJrz3M8fUg=
vTiXY/letAxhSPv1yI90/PLYBbc6+e/E+39GyF4aIAPgS0Q+vNbhCjoEBE8SSl/ywcYOg1eRZYHa0kyMONHUdPgONLoppmAnQ5zv0NOfiFDKvlm0ZsnYeYl87T14aJsYD7pxYoELSQ73GNyCXwaSZ2x0Z5ZorPTDfwuCRXhaIcbMFlg2CJNA0dNchffenRUp1/0GQlA33DhU267eX5ergyixW/sbJVC7XGty2JyQovc=
vTiXY/letAxhSPv1yI90/PLYBbc6+e/E+39GyF4aIAPgS0Q+vNbhCjoEBE8SSl/ywcYOg1eRZYHa0kyMONHUdPQ8J5wtHA5BL2LM3P0JjT7PM0aMSi2GElIDe+UCLLrKDGfrW6aWdZpxYL7f/51L9oZJQHfxmVdCHFI/sAf9xOof5IkQ99y/sqV2rf2DKsvjA/Cvbte5dksKlvE3Qm3pxw==
vTiXY/letAxhSPv1yI90/D0N/5J2XInaOquMB4ChvobqR9rCwQx2zuL/f9M/9A7nkCAR5fC+jxyOrDc2JH1DVrfpyp5GIFIEaXoX3nJ16+ieodr/jcy0zgIACj7NtTfPkbiFY1gMziIATgOlBahXbcQqtGh4Xrs22BicjmXNpvwMC1kEx5L+p4k9vwc3I4Tp8mnIMq3udMViK/XdBYpUk4jHpFtdtmmFpSZtNun8lzI=
vTiXY/letAxhSPv1yI90/D0N/5J2XInaOquMB4ChvobqR9rCwQx2zuL/f9M/9A7nkCAR5fC+jxyOrDc2JH1DVmAyEhUvd9pd2WyjWivQPkAeY345xCBHKbbKoP6v0GU40aufUB/qm4vHEbvMFN8173EfaZ+ZDXCZiBaMICcnGiEXQwFB5TLXlg3hxCNdF5KysYc7E6zTSedZFKevcJOeZA==
vTiXY/letAxhSPv1yI90/Oh85IJj9MaNH8fAbw81yyXIVticBPsu6vi4mHxEQw1SEf7M6brg5z6rlmrGvpwxXNiE1yc90s2zYsJf0DWBkSBMdwKBiDwHsMKKrcnkrU7HwRGKx4sClnIXlVWB6b79OXM3BTcyVnVVNXKfYRyHJbcvCJVt0LNeZ1aifLhKtzkCstUUu3Q2A0Byur/XlIiyP86et8dvLFJU0khN/4Rna/c=
vTiXY/letAxhSPv1yI90/Oh85IJj9MaNH8fAbw81yyXIVticBPsu6vi4mHxEQw1SEf7M6brg5z6rlmrGvpwxXNiE1yc90s2zYsJf0DWBkSBMdwKBiDwHsMKKrcnkrU7H+iBU2BCISZANkS0cuvN2lN2cGYcmyF55J8mMJZMvxBsEz137W9xRETilY+f7sAUlsNj21mXb3cCMnE9N49LthQ==
vTiXY/letAxhSPv1yI90/Oh85IJj9MaNH8fAbw81yyXIVticBPsu6vi4mHxEQw1SEf7M6brg5z6rlmrGvpwxXNiE1yc90s2zYsJf0DWBkSB2igcPZ6cqhMck3di1g+40lyOKXIYgbEMEk8e81CFso03UGY/F2jrnCXI3N9qtwoJ6c9iNeb3KhylNfjNEnfa0g8KjKY2joGwZQhyz1WTmCa0D9d268znvygg/I/Q+20JUeYIhoIK4cVZDMLWtGuWD
vTiXY/letAxhSPv1yI90/No/qt0Q5bJTmh+LHTUyy84nqv9ZCmXD9L+3uwjLuxHwpCxSr3BlqmkJRokss5HWZ4bgvkr5S2gkVpFuEVBhRDh625vI1ers+D4Y03aDruEuvP1u/u7R104SOL938E+Pzzj5rJ8FjbExAD0CIe5zevgdPACsgeefVXRROW0wRex3CfolqihM4DhgpIAS/GpNhtRBjLlb99OVy42MvP7hQKI=
vTiXY/letAxhSPv1yI90/MSQ7VuiSQJWbaVRAVGGXMq0Rt8ML2JfMcFDGqFVsXnT1fspZ322u6DYiMszk+kfzYWt+277jBu72qO0EznnVzmZJP4uowFm43i7prWc6eS7atlKp+umnwE5E4cPpvpxrRWsOEYNnZubDjIXZOVISHj7IkAbPDIM/S0ukRYB0H6EXzw968K2c0A3ayvDrANnST2dA/gwAi7qg8BOkoyFX4Y=
vTiXY/letAxhSPv1yI90/Ep2NJgCOREsyvEsZnL9c7jQnSs80W4hqqhjwsnSreLRUXuVtkYS6NKoOS9xIN8qj+YkTtA5ue5yhmebNBBr4SBaYxTWkASNfk/6ilJhPzhxXDAIzY/2XR8+vN8Lc+CjwIKrTSvn3lwPc3FLjiv01r+Yg/do3Uf2ufc+Kv7qPA9NqOcGC2nhLmGRBVwf/hPvMw==
vTiXY/letAxhSPv1yI90/Ep2NJgCOREsyvEsZnL9c7jQnSs80W4hqqhjwsnSreLRUXuVtkYS6NKoOS9xIN8qj7LkmrVSr1iqcZ9SCAtE5HzpCTMDSNaMv/DPg/KqCGYl+QyzGHqW4PNvcryeB84RpMSVwFXPh0jgoA9Wqyzs2CJmV0Cv5Qr92E+MRIZUPW9zpiPYNnAuCUaJ8+cWYxJZv19gR2CyMfRybOs2FVNurqU=
vTiXY/letAxhSPv1yI90/INulAF8wWr0HBPxrxjLndm0d1rjxL/hLODq2wSTvpw77oEXGJGnuDwErcjGIRX0iuf626rDekUV/CytkhqIxxFxKeOakTdKvoFsqwoN+nkaceKVPTJqit5/qUy3LGARdANjwmeukHOswGUa0S3nAQpaNKLmXpkt3xGBXtRTG1P76V7opAZFdVmoOAgx4qqMPq4re8PfwWGO73fbbXPAqLE=
vTiXY/letAxhSPv1yI90/A7xQ/XNm7uOt86s/ZgWreptMRbqGpFl6+Vfk2wgZBL8T8qRSm+tr1x6WU2q6jNX9A==
vTiXY/letAxhSPv1yI90/Lnl+na15XlHSRBJS909GzTHd7/GUULhJWRPeUy55dlXMcn8/2KZ8F6yHqe0htDQkw==
vTiXY/letAxhSPv1yI90/KaxOLHoGR1S4xzORgnaHDXYxsr/q/n+EC08kkQNrSuJl7iff+2YgLZ9tDhXMid8jw==
vTiXY/letAxhSPv1yI90/EY9n5SUWqR3+HNJdQHwadewq6sb0nRaN2Db/e97kCbN8KGemLZxCFkXYVb6SSHTQg==
vTiXY/letAxhSPv1yI90/GsrB3AZhhIbZOdyaPwt+DR1FkLR4kVkfdMVwqqAMBDw//p2qrFjDwULK26CwiJXog==
vTiXY/letAxhSPv1yI90/C6EYG1inAWejQcehVaFmwmgap0P45c2TF9SOiqhfqt9w6nsUY2t/m54IRZ6a7VR7g==
vTiXY/letAxhSPv1yI90/L3DKwVEKmTsLYcFzfV9T4G64Q1Hxo8r4tse7KuOxMjjXpiV5v1a+zI08CRjonHm9ZzszKxUj/mIyNWN+QVwjGeIpI+luRGyWkkM+52STQhakjAswI7GLmjGV2cnlcYsbd7/gaFSNzgTGjHR/MQl7X37FvlRAjva2egnThJoRNxfQVbMgT0/wn7IXLHbz0/dY0Hn/CiPUy6ctwICcZZDBCg=
vTiXY/letAxhSPv1yI90/L3DKwVEKmTsLYcFzfV9T4G64Q1Hxo8r4tse7KuOxMjjXpiV5v1a+zI08CRjonHm9V3lor9pVc1UbTyjSDH1a/Vhf/X3JCJclTdELz+md3zU57BrXN73n4yeQYgw2D5F4K9dGwReuejJXXUFLPWJuzhRz26SLH+3fj98lZSqNv032aq5OXBFLK/S6pOsUEBZqZGqjH4sLtHsABt/cRVo8/o=
vTiXY/letAxhSPv1yI90/L3DKwVEKmTsLYcFzfV9T4G64Q1Hxo8r4tse7KuOxMjjXpiV5v1a+zI08CRjonHm9RKj6DoiIgubKTxBTezf3zKu37ufihtY5A5JK3Cpx3BOj8iHwco69zZ86AF8RQ/6KSgwWyGOpVf0lhLvK6W/8ztHw9wsztEb8yCX7vAHCt7jQdhmIzkkOHiT1xPy7zzczUb0ZFPrDT0B90q/17OGMz8=
vTiXY/letAxhSPv1yI90/BwVKLOFBPJXuvfnJmmZAj1gFNU0BcuOK8oTtsyFnO3DbaafHcKljTfIV9HlOOuu3yXdclnFjaGYnvHel16W4NCrFMt+ZNFW64JoYN/QhiqMmIu5z1FaTFwV6NFZbL94f6GV7LhSygRC7foDBm/5GPtIzZXKbYyUre58smpv9YbS4auRh6Yrm6UcrK0+Gd/VdnKkTF+9tsLNbu8FgUVLDZ8=
vTiXY/letAxhSPv1yI90/K6GL1GkuddMQJO+PV6TQPuYBncsD52oZ+KaVzvZ/Af4mChsCUMAjJn8q7CuDnLlPQ==
vTiXY/letAxhSPv1yI90/NxchpYBkQEhWWuNGjS2ie02um7T/o2zDGj3OltPKwVsICOE8blkb8TmBBimMHFiOg==
vTiXY/letAxhSPv1yI90/B1pbsQiUrDbKNUKmjEJ5Jw3KvISn3yVdlznblCLsK3ZelaM99uczxHSv08CtLiCHatK8JTbDQ00ocItvl8zT6DyBUaHcJA8fiG9707OWlnxZTUQZD0aW+oK+dkf0Jo3rff6rVf19dx58sRTOPwOjwrEukkKgCYrusRjb8yeFqX6r6QfYy1C/UFWnIM4hIjsIo91vIgLBWsJSWhIqwWcE64q4iTHkp8B1kWd6ldThozW
vTiXY/letAxhSPv1yI90/B1pbsQiUrDbKNUKmjEJ5Jw3KvISn3yVdlznblCLsK3ZelaM99uczxHSv08CtLiCHX+e/Kco7D/pvkUWtBSR1R+CrWH2n0lNcxizSK8CPAB8DYB6CO5X2qMnfP0/DXeExW//ReGUTW9eXjPcT7sXOpI5TIPNeJWroKH/dme3WQIV5S7oqCjrovwmL9lSEAGPdQ==
vTiXY/letAxhSPv1yI90/Mb2rYkv1NDvvjjf0Poyx8FfQOv9e9lNpH1XbBULxsXcKXtVVwEhCj+1ZTfb9OD7uP5rGJ5kmTXplM5Ts7Knv1PX0Atqkf8yWUbfhS4dK7JPyzuLkqyj6+r19xnJdqCbFo3bRAApu0XThCFrNI7FsrxKhqFV4wQ6bnu2xSDOnjdSCLYnxALSv8S2Mpp1WghGW3RqwWPY7V4gKVTIXA42Fz0=
vTiXY/letAxhSPv1yI90/Mb2rYkv1NDvvjjf0Poyx8FfQOv9e9lNpH1XbBULxsXcKXtVVwEhCj+1ZTfb9OD7uP5rGJ5kmTXplM5Ts7Knv1PX0Atqkf8yWUbfhS4dK7JPO0QMgMtQePb4C35q2q2Q045OM3YV5pGKKWwyLgqDSx0MC7Hcg++HYmwzAO7rJP5RaiDqrwM31Mfe32lUZV3ymXyLrejHS2YxaWD3vcrP+8w=
vTiXY/letAxhSPv1yI90/Nn2eSr8WQSaher+SUjjWw5ZJQ6scHMWE042H8jYpXvEOhpjguHXPHWwCWr1DcIzVBQiquQuofwiHA94sfZWLQeSy86k2hnFqXPhAhpWvu8+5VlTiGHy4gXE/J2ZPEyfMw+bnUYDE7yLCx7duJXTZQhhfq4omcrEmMbyKK6hZ/tgsqPUEpMyYs5fhamWATUMi9USSLkp1JJvmGYIFDmvxIM=
vTiXY/letAxhSPv1yI90/BS6pxqceQ+IGjb3jDIYYyXL97aCZkOguWdohwmlKTkX78fTIYQhufMaT1CAQhLquuojQfLSkjHpYPgTJ789E/c2wuqKJ2Yx+5cRgdQAMqpq1+3WhoCE7NtpJ2vt3mo1QFe2ku4TAbt31IXr1fGqabDh30alD3lUfAo9vFC3TJPVNo59ySI7q/u3F7DU3d6ASzoUAD0RFjxljCl9pLeDpVc=
vTiXY/letAxhSPv1yI90/BS6pxqceQ+IGjb3jDIYYyXL97aCZkOguWdohwmlKTkX78fTIYQhufMaT1CAQhLquuojQfLSkjHpYPgTJ789E/c2wuqKJ2Yx+5cRgdQAMqpqXk06t0NZ1+/v5ayU2h55fS6aT3cY4tX5Vn0jYYGBbvXcrMSgAgxZckbLJGA+l0srGoj/f3NT6swHieGLPBPvtw==
vTiXY/letAxhSPv1yI90/BS6pxqceQ+IGjb3jDIYYyXL97aCZkOguWdohwmlKTkX78fTIYQhufMaT1CAQhLquuojQfLSkjHpYPgTJ789E/c2wuqKJ2Yx+5cRgdQAMqpqDB8n27pRI/fA121FRvdsn2prwatHqIt8ntPnszdCxb15ob/zz9XaxtKmai0Zy7DqRXQg/vDJO19STG4gU8BqeNpKUmLhBSkwG4ppw2nRKyo=
vTiXY/letAxhSPv1yI90/BS6pxqceQ+IGjb3jDIYYyXL97aCZkOguWdohwmlKTkX78fTIYQhufMaT1CAQhLquuojQfLSkjHpYPgTJ789E/c2wuqKJ2Yx+5cRgdQAMqpqh9AqdAPOd0w3Yyz7h2dRhZ+5z22w0nZXTxJ7Fzq06bhM486UnJ69jRyiKjr/KtlUY88CrkKXtFOn+H18F42YYa5UvZWcJ8c4DNmSxgLJJCk=
vTiXY/letAxhSPv1yI90/Mrxx2oJmh5TgOcROpHOJzr2d+ccNNHftd4qObQ+mZEj+gbCjCRpeSIaqavMvYjcR+b7KVvvLbXMprlEApYubUiRRWIKpG9uEyNJHeuywsCb60RCJwppjrh+z+ictXEcDdt5mLN8uvC8CUR6XLvrSRG0FcaIN8kFeQqNWDXbEy0kxrGPa1eVMEDTsof1w9AM5oxby3mRD960QPu9tFJlsheVacbmMxJ32ZhUEi+KF71i
vTiXY/letAxhSPv1yI90/GnxuumUcZSrZVOqliNjT1D0rPfTpMjnHNo49E9HU4GkdLefX5Limbw4FBkADe5guA==
vTiXY/letAxhSPv1yI90/OZcyz/R+7UE8X2BVQnckJHCY4DH2lrXQ1wpTR1oipPo5w0VS/jvIMqc4ICtkOZOVgoqn8Sw+2anBVz0s0bn0eD/zRpDBmjUG71rBXvvPF6asHrrMhlA2KLKx0UJuRg2YESXMot2pph5WUZHERrvO0k3m6qFaiBtkpx3f/6vyZPPwBJs0gvyBl1FxQfQWyZrC8Xen21WfDmsU4la9nSLxJQwVfDQqS2xdjm7EH1hU0ZB
vTiXY/letAxhSPv1yI90/OZcyz/R+7UE8X2BVQnckJHCY4DH2lrXQ1wpTR1oipPo5w0VS/jvIMqc4ICtkOZOVi50tNo//xNLrNP0nzWgYdWklTWsf7sQPDNbuxpw4uP8YU/I7Kcst2TckoeS2slqMBObsZws97+RNYZADmjvK2uQSwEBkTFs0c4z/nQE/XdjxaQR9cYFzF3MDW0YJ0bGYETxRRCPfpPgORTDDYAKEtA=
vTiXY/letAxhSPv1yI90/F42gGbWJdn4yHPH5soEiCz0oFXxqa284dq9ZlfcbCR//eTnOaQdhW3RtiICVPbk5A==
vTiXY/letAxhSPv1yI90/B9t85Z9enB/wZgz3zy4CGnizt3ItSEIO5SW3ZTytCpsrZadZUFKPp2Dxy7KsW1oWw==
vTiXY/letAxhSPv1yI90/O1JZo78LgLqQrZkqR5Z8aHL25wLF50OCdW8dYbm805BDq+wMQ57jukvjDrXOIwT3F4gOXupKi8C2QJph82lzWeCvqv4qqS8wYsClsHBv+8At0XIl7m/WYtOyWbjmSHlW+fAmj+2PfGRS5Pbpl2CNyLcY0kiSUmBzW9PmK4//vIk54qzRnSMrIpX/PXGkLZMZ6kmza7odd9/aPK8gu5AQyC2h4In5/7UpDkZXhVvPitA
vTiXY/letAxhSPv1yI90/NysMmBq3J0/11gqcspPRwRVJ6gpAEGlHe0Vaa1HoXq4ak3KSodB3abP4RrmAjAbuA==
vTiXY/letAxhSPv1yI90/J0htNvqr6gMLeIMIeXemdureT3fL+9NUXeIeJuwKlHFo5x3gcb1QxubKxdRHzw0QA==
vTiXY/letAxhSPv1yI90/IA6Xi3CZ58nNHKJMRmo7zBiIdafv6S8CnuqaKf3iVaEGRvPRNJQuxMZeGbyWz+m1GODE5lQrbfyMtuRj1uPIk7RuPx+N0t9pM5imu0X9RU71vkXLs/JQYlw4dp6OHQ1L7Tfp6UJA3cXhg2uJl8ZfUYKCFjxWrCZcvGCakgxPm+ZJFqgrwemG8EVtYHGTOjeb4uqMjSB4UTHu/yW6IHBCnL2r504BoSksBWT26axsQUW
vTiXY/letAxhSPv1yI90/IA6Xi3CZ58nNHKJMRmo7zBiIdafv6S8CnuqaKf3iVaEGRvPRNJQuxMZeGbyWz+m1EZk+CaZjwUO10ZNKw3qfp1dQMAwyQPMKB4r+DVS5PmRgH+fy+eyrT6XvWGQ8p0/6/AKjAS0sLz8ojp1ODhmwMceY9Yn6JRDt8Wc3zp0DJUSRdrgv7MwVS2LzCH0KfmCwA==
vTiXY/letAxhSPv1yI90/IA6Xi3CZ58nNHKJMRmo7zBiIdafv6S8CnuqaKf3iVaEGRvPRNJQuxMZeGbyWz+m1GODE5lQrbfyMtuRj1uPIk7RuPx+N0t9pM5imu0X9RU7dOtoZjqRx/giv98nytockhBmzw+GTLcfSTtKePdeHrJ4l9YRStx5MICfELQTP+LHqYct1YnppMfwdSjtUjJynbE+Orvt1fcEn+7ZXOtchOE=
vTiXY/letAxhSPv1yI90/IA6Xi3CZ58nNHKJMRmo7zBiIdafv6S8CnuqaKf3iVaEGRvPRNJQuxMZeGbyWz+m1GODE5lQrbfyMtuRj1uPIk7RuPx+N0t9pM5imu0X9RU7GvUkW9/xO4w8I//xXQ4m3dlP3cnWjz7RYqH7tAotlkBDT08x+n5jAI2q7y5hA+H3AbmBsvj5p8LXAG8wp2aGJfMy12RNiY1hIvFLyIsvvXE=
vTiXY/letAxhSPv1yI90/IA6Xi3CZ58nNHKJMRmo7zBiIdafv6S8CnuqaKf3iVaEGRvPRNJQuxMZeGbyWz+m1GODE5lQrbfyMtuRj1uPIk7raoPiffSNUQwhOO6nKyWPxd8M5Av+DBYHhHCJqQpVZcqFpv/fk6qNZP46AJ8QX02ndAKKKoLxiL9MEESlB3dkvqRTkR1KCa5lIhdoNrVSoy1AmB5J2mK+Q+la0qy0J2A=
vTiXY/letAxhSPv1yI90/IA6Xi3CZ58nNHKJMRmo7zBiIdafv6S8CnuqaKf3iVaEGRvPRNJQuxMZeGbyWz+m1GODE5lQrbfyMtuRj1uPIk7RuPx+N0t9pM5imu0X9RU7ghmLd6uFw+6MCHNniqc1dVsDXZf1YZg02Grsq4zemoq2vDKHXCfXxjAeWS1XJAKgj1pCC0yIAGOx86KMo+PYkgwAgSYpGlBoRMdM/acQ3Rc=
vTiXY/letAxhSPv1yI90/IA6Xi3CZ58nNHKJMRmo7zBiIdafv6S8CnuqaKf3iVaEGRvPRNJQuxMZeGbyWz+m1GODE5lQrbfyMtuRj1uPIk7RuPx+N0t9pM5imu0X9RU7UpJplKrL5KaFJ4tYiNNVtetxGsw2DFf93R7GWYCsC61G/awnPQvYoB2Hpc1Rn95N7eiW1kM6UGB73AcC9qVsF5I++QSAFT+Af+PXB5K375Q=
vTiXY/letAxhSPv1yI90/IA6Xi3CZ58nNHKJMRmo7zBiIdafv6S8CnuqaKf3iVaEGRvPRNJQuxMZeGbyWz+m1GODE5lQrbfyMtuRj1uPIk7RuPx+N0t9pM5imu0X9RU7ggXXiulsqkzA87bVjDCHyN2h/Dlhiw0uzfSTDtaiem5LNevHgrEArAYrptdxAiHCjCAktZRzd1qBwR+/ZHJc340rwHGeriSw5DedJ2RzE2I=
vTiXY/letAxhSPv1yI90/IA6Xi3CZ58nNHKJMRmo7zBiIdafv6S8CnuqaKf3iVaEGRvPRNJQuxMZeGbyWz+m1GODE5lQrbfyMtuRj1uPIk7RuPx+N0t9pM5imu0X9RU77XLiRKcGVUbH33etVIaDT3K0PqFLBvUxDu5WOQjmNPACE8gAQGjHSCOzdnpBe/gQ8xmI4oODPhfStKqAoUNw4a1SyFRoOhsjlwX8wvM9WVE=
vTiXY/letAxhSPv1yI90/FWf7jRkZmL5NFj6ut842rrHWafn3uYHvooMSfpAYv2qVGqi0jHB0HsS0+9Otp6nyRu4btKvPdqXlNPhAaNanUNpPtB3635KgIB7rf5dETodG9x7yO26Ss5sVEJ4UjAlRN9tgSc4TWUrVhiMxWJpBWAgGOZ/mcM+5RHlL/x7HxzW7ZyT0GghD9zptioFUcAI/XRBdQX7ggPiK0VVzw6+MNT+m9gC8MhF8yRU32nP8TMv
vTiXY/letAxhSPv1yI90/D1QHfD08ysv9/gKEgrVEcvJcPIKely9xCuslm/3+sqUy0SdhNXDvXXtQvoY5zmpgA==
vTiXY/letAxhSPv1yI90/PhSh+Y8mSlpVJyHz+M6GtdXhsKw3e0bZsjxmcBXvdtSOHfUDbu4FGg89Ym655BC/w==
vTiXY/letAxhSPv1yI90/BpaN4gbxssFN2+dx8Qi4BB0dLwtn9om/ZOHTLxFoYr5143aVmhPjNTbZubgrFv3mXfnzC0ObBpvzCWjBzNo27AOaku4XgLVv1FXxwdnIhgFrYVRudJSa8ll1G6eqdF2jBiMN/3sPN0sTmfmWUTOLPl5Od1xNEITmlXHcbOR5+5WLXONNlfjltfvZNmdZ5RtvRPSxvrGgCJsZClP944PTw4VcDMecNYryVdU9ng7HDDc
vTiXY/letAxhSPv1yI90/BpaN4gbxssFN2+dx8Qi4BB0dLwtn9om/ZOHTLxFoYr5143aVmhPjNTbZubgrFv3meaoyCJ/zA0OoiBgOX6I++TfXDj0qUlFB6rbs1NJn4UWZEQOXpYP/zoHDs3DSCOzQ2/gaKiRSuWF9YPA8r17Hxg92NcIuWRfuMtIgp3lVnDN6U5IRdVkc1o1xbwYJMJ7haJtmCyYYBCowv/qt8pxNuQ=
vTiXY/letAxhSPv1yI90/I8AzY6OIZaAJUFkZk97EfUGDdWrlFIMXTI2gygi0l3qOqs3hp2DqYr24RUUUwUdAA==
vTiXY/letAxhSPv1yI90/Nh9lyRISEiZl0ocIJ52jd/AhhukrjRwDLuZz2iuygwiAai+aqkWd9+R8H8luJ1DyQ==
vTiXY/letAxhSPv1yI90/ASAjKsFVxwh2cQ7XpOJRQrSWwNqalBIoY29EEOCUXcNoN1ZA6be+kFhEgxeHpkWIA==
vTiXY/letAxhSPv1yI90/JhQK7ZKqrXDImUQdEoKEXBqcXNXSxhwMggk0uGhzXny06hYiWQp+QZi9+n4t9R5pw==
vTiXY/letAxhSPv1yI90/CFEb8utN1o8YGccMYXLytQCazieVtKKkbHy1MQ6hoH2TjrNLEr6lcvVuom71Q8v3w==
vTiXY/letAxhSPv1yI90/Ku3uu1oNdACASRJrzwSp0MTKeBiMXHg0BfTWECYLTz0Dlq3xe62s+D7JNZRvpBhhMwa3XHqPcqPgXBQld2Kyb9zX8B2PSwztB7sT8ze4srcQ8zuI97W0egGzbA0DOlxK6CuVz5uT/J8hXtKSBNI27cE6OfEJI3t4pshAWnX3JEXL/JArBk1kzIW9y0ElG7+7g==
vTiXY/letAxhSPv1yI90/Ku3uu1oNdACASRJrzwSp0MTKeBiMXHg0BfTWECYLTz0Dlq3xe62s+D7JNZRvpBhhEC7oVbrPZ+JCPYfmUKoBBM1kuNi2pD3/fXj3DLM3ZQLyzHpk2hEI6/o02TvaqhutCslloabH4A3iAmVbrk2Z+zz7PWCTmZuq1gLSdEcCNHdBN10wt8egFU5DyB0NFloOxQ4Ajdd0fwztieYIH3Ybr4=
vTiXY/letAxhSPv1yI90/FWLmhQfZhJ8iwYV0VL6QWIKFdNHJRP70xiS2U8T/pM1bcim7CCMqiC1FLLO+9MxvdButltFY9lE6EeLTv/4oOp9qr0LpbSxV+YXxUmrQd2LM0OupRi4AIj6HUfAeAFc3cNP4X5n19wc+FnTGScMDlZqYA8SubGbLCzOvTvUY9awkMcU8WtUvGaJSvCzSZyDh5sq6CfCE8pnqIkx+6W3cQA=
vTiXY/letAxhSPv1yI90/FWLmhQfZhJ8iwYV0VL6QWIKFdNHJRP70xiS2U8T/pM1bcim7CCMqiC1FLLO+9MxvVQSNvxEFR6JnWibLBvyXc1v2AqsdA9fokNoBGs1jCnO0Mo3spm02Lx4AoMEFwsR40lJVRTJ/jN5TIS66Y1xSQgOVRS89rXQra+f9S7uErDdyhkxDYYhcZNJlMdK/rBvjyZhAG8xqR2YMxxOahgKvJo=
vTiXY/letAxhSPv1yI90/FWLmhQfZhJ8iwYV0VL6QWIKFdNHJRP70xiS2U8T/pM1bcim7CCMqiC1FLLO+9MxvTW2jPeJuNJNpeOSe5qizVLVi7jausMg4w63DESlJSWl+heTR/mrhdIjzpKJQkBF2ngmWFHp6zbEuhW3G7EpR89qt85O8bnzCjh0/aRVX0Chc7b89M+vR2hOSvy6/AYslPVEGI8IP7jgCObTj95SH+M=
vTiXY/letAxhSPv1yI90/DHI0R7+n+57kZKmts2SCdCXFpmo1HXqWj+EflbNqzcFQev40WRZ5YkELRW7v+9QQDXPSy88g/v1E7sMPH1oTzBHAJvd3Dx0sMioEte1GGizp/BUeqY8DSsbFAsCcQkjIrsNa7+CoEOU0YeTWOusWrSye8xQWD45hEYsj9owIU1G/gD1VoQnoojijR3Bx/oNsA==
vTiXY/letAxhSPv1yI90/DHI0R7+n+57kZKmts2SCdCXFpmo1HXqWj+EflbNqzcFQev40WRZ5YkELRW7v+9QQD1iNPvY30kN+X2F1U8psVeH+C6Ea1Bn5fXco0Wl6k2jWS2pSU0s4SZ7j7gRAUaUlhhhalnH2QyC1XGEDbKvH0Jtk6fFU+H3zbXMVfivpLzX/zyO/+3y9yaKRWB7K/mz5Q==
vTiXY/letAxhSPv1yI90/OS7PVcCtdT6kEqIwbImxVWvnahJqbE67eUInPqYr93EJloBWCOmWEl52aK6IHdJsiCzCLgkCj6zqqzP2ReYxc1fBvlZGwVGL3z+kHtzHllPZzh+CADtucXyrBtZSloE0x7k78Q7RIskQTXK+GWTeeLrsgeu/0d/paZ2sYtW/V2PXOGXNU6iYGNi8umhx1/rDTION5qIDzG5SFOQyZnOOHw=
vTiXY/letAxhSPv1yI90/OS7PVcCtdT6kEqIwbImxVWvnahJqbE67eUInPqYr93EJloBWCOmWEl52aK6IHdJstSAX7OZwkzfhsmCpBFNSpJANpEWSvuW9jnEDLrF56vNAv4MIKe0AWxP6GZKsyeO6NvpW+2xdmPpLS54ZBU5FX7D3gqlMDBNfLu/KtAIwZolnwGvNtRl+Itjdl9+SsyEvEopm7AHU/GlcsOKDVFzTfs=
vTiXY/letAxhSPv1yI90/NQRBMfi+LU4LEcXZNHtqSoZzNvMfE55jzFK8SXzVIsC7BaAFTbCF/xNPh8xIsF5QP95Q4URxN1y/H65QZIJxWD6lf4NdCtol3CB0YAaXUpIMaLDMq3bm5CDUytwuWndCAdZ6xKCaeUJAQK3vUpXMuEUwrdxT22fh/pNmy66lJrAxKhfAHhhsllPYZ3uPvrpUg==
vTiXY/letAxhSPv1yI90/NQRBMfi+LU4LEcXZNHtqSoZzNvMfE55jzFK8SXzVIsC7BaAFTbCF/xNPh8xIsF5QMEO3zvouESRHKZnukXKp3B1LVZkrtQeCLprwg84OvMnB0PR1DACMmERJge6616wHuECsLnoWUN5qL+pUi3+3hGJruAMycXlwkiMRIiSbd/3JfO5Xccg1Hj0v8W53HNOzepeBHlzUJ6qXhxAtlKcnoM=
vTiXY/letAxhSPv1yI90/NQRBMfi+LU4LEcXZNHtqSoZzNvMfE55jzFK8SXzVIsC7BaAFTbCF/xNPh8xIsF5QNLbT7suDBeMA4iaBW+TY0epfDHSl6T0yADhNwShb1NIHWqCtdjIebvYxo0J0xA65Vtoa1YGXVGaIBCiFCFAkATlCbj9Dpu0sqE3BXqaHhjkxnh6XgUzWRlnDsWfdO4vaTZSJx9tJhoF47mbOK5Q5H4=
vTiXY/letAxhSPv1yI90/LG8lMxaMkDSfsCavZAdwq/RndvDk7jVbCMmYYDMZfsr48Vgjtu57/CTtPGy9jp8SJiRoke1oD1B00HFB5QIIalerntJrg+lbSSxV0fYLNOeY7p7SRN7rcq3Y9FESOieKV3fQMaC9xM4BabFO2hGjh67if7+2Eddtg0NITzf/bvzRfaqbWtHKCf0Yh1Gsabo1SIrWmhA8S4LfEc54aFlPIQ=
vTiXY/letAxhSPv1yI90/Dbudd7ojLXVqk6zlhFhiywHz+2WsL6XJm5IeWlUTaEka8lPSyZPg2/rn6Xw5zvMSkkXPQA1eQefyoJTcj2DiOG1osdDiFAudSfpdSmPJHX+qOqZqOMaY1Artpcyp/REihoPjsgYwZyqZTUpBmbYtgpIdX6JR2kkUJoMqQC90hULLgLYDVR2IAMD37Wt0eiv84xAsieMMir9FfcgIiMRHwS2qhOJNK7eCGsahv2cRrd+
vTiXY/letAxhSPv1yI90/Dbudd7ojLXVqk6zlhFhiywHz+2WsL6XJm5IeWlUTaEka8lPSyZPg2/rn6Xw5zvMSqv36ufPztm9fPascYwDakducjhHHYEVj/gpF8qKXMJe8BNaTvyW+gfPJVYwjMqHLWB7IN9HMUKMbxcGGY5kvGHY6eU1qVi6D0N/xsY+bgNP5ProMPV85zt7jCVq+chO6F4/V7WtgqW1wGhEeem+Q2s=
vTiXY/letAxhSPv1yI90/Dbudd7ojLXVqk6zlhFhiywHz+2WsL6XJm5IeWlUTaEka8lPSyZPg2/rn6Xw5zvMSoFHDGybfdqq9fSOicJPE9Qt1rX7k/yh5nd6BEipwYXKhm/cjEtHFCCTfvIk1PJCHiVo3Szlw/LLm2MYEUUwJ0ayJECmhH5zKzZqtQVQsdKU1adRytcnUqXf5/zLucwPAA==
vTiXY/letAxhSPv1yI90/O0GfmHHbpgzBGNtWaG27mS9OgAsqPRW7Rcod5P5jtatrvJnM5XQg+lgAqTArGuQ2fwIpSgUshhzxBDnAbmAba3dggM7js75eLGBZxCLDii1CIuLhcmhq4DbJY+qfPRSANpVYtTcQOoAHhPZiXyKXC/PAIRzTt+TYW/SaXG/zdSis4AcfZxVpjLiXf3MsSrh70omIu/SYsfQwOaLyL+cc1Q=
vTiXY/letAxhSPv1yI90/DMDVuCC7iJkJk/QGy6MEN5Fd4lajqys6h3LqGgkZTjCRbt71JdHDaQiL75NT3ZlsoYs55G8n/AZMVGzSMLiwhvkVbdZClsuRUL/xlGJGLDhIpCtoMrE0OTGBn3xDBq12uVBCDoEw35qI1pAQHKoVgm6GgN6XeVOoEvCrO/Dw1/RF7vVbZzkSvautDtezqlbYQvgHhzwt+igGiY/rrCM6ZA=
vTiXY/letAxhSPv1yI90/E43fEMyG73SxWKUnccXLkA96+Qq+JI5SCPBPk9F4M/Hv3JQEfa6ei0xTnpyrDIV+GSnebnFOLxPIv/Ma6SMVLJyhCFpuUftj+DW0WbojWRSF7KCAXMYxdH4Ltw76w5y3BOzfu+GxnGim/EQno9Z9/PFLBFLNOWg+XFulsBhfBc8oKy3egg3TDNGzGY6Cdh9p0YndFFVDIoEtrZ/rEcP2wwhfK7PG7ik2wVHHAcfEIGa
vTiXY/letAxhSPv1yI90/E43fEMyG73SxWKUnccXLkA96+Qq+JI5SCPBPk9F4M/Hv3JQEfa6ei0xTnpyrDIV+GSnebnFOLxPIv/Ma6SMVLKgbUKRHr3VXtShRZIl3WKO2yttVK/fGokPNSdCgpr+B3bWQz4JUBI9p3ocQF4kisnufZQ0CRFvYwJgHIygkRN/2K4dh12Lmf0bqB00s4UF3ZJhjdLzSg5I+5eGVBL20gU=
vTiXY/letAxhSPv1yI90/JHUU1YrwfaleXi/ejV0QmaasC3npmai6ojIOo/BWPbLwFURK6Ulpl4KdFgG8YOuFGlbRWFicjXfdavNGxVciQ9CQ75olPld0wCpOEJzfCKk+m/z2jNg5tVj6rrWl/5Non05tWqNM2bErgxaKemNfCipAd36LoIht0bkFKaFpK95s20rFS5JZ8FOKxqimnMNuw==
vTiXY/letAxhSPv1yI90/JHUU1YrwfaleXi/ejV0QmaasC3npmai6ojIOo/BWPbLwFURK6Ulpl4KdFgG8YOuFKQ0ulytOwNHWxLEuxxf5ep9HMDpu1MhI/sKNmzCFKPw/dNKDO/bcMwuK+/pQcF4UiNTARJvCmYg90ZjKFhfzoY+qhS7Yz/ny9vKhiH7X8EuqqVFirNDyJgowmic7FhEoA==
vTiXY/letAxhSPv1yI90/JHUU1YrwfaleXi/ejV0QmaasC3npmai6ojIOo/BWPbLwFURK6Ulpl4KdFgG8YOuFGlbRWFicjXfdavNGxVciQ98iC0oIxFQ6SXo/+Y3/q9ciqSDtbF7FOF/cv8NcnqN+0u0dlAV/SSeh7/o0MAw0tYnbU6C1XC+/HoYINSzJ5qTeVwuhSjYQhhwQkyM6a6Liz8AdJIlLFMINw5++2mCLWDv6KjYzJzEEAGXNljnLFAl
vTiXY/letAxhSPv1yI90/KxnaHCICebwu2Fh/CENjLy2MQKPeeGqm353ufhbYSEPKfRKZFacTyXJi4EVB9V4cL4HO6Mh0XWP7/pYtJ41yl7U8eWdfyQpmSis7G+IovHUZt3YkwBqDXZXE0Fe4nB+YScUCB4NaK97VcbqueiMcIYP2u9HyhVGQobgcFYQReJwMBjoq8x3st6F010ZZVT+IpY+3w25Ufeo+o1pc1wNSkM=
vTiXY/letAxhSPv1yI90/KxnaHCICebwu2Fh/CENjLy2MQKPeeGqm353ufhbYSEPKfRKZFacTyXJi4EVB9V4cIsqAENycIt8b/MgCbPF/ZDm9/X8x/ie/EUPd2oO1b10FoN7TpsZTOPg2b0D+az2nc1wfWr55zc5oT19/EK/1IWGyod1IJ88RdyESYeOzHELiTBT8yAwY6Ou8ONk5KDwjTNjeoyjal+GmK4CU7/e//8=
vTiXY/letAxhSPv1yI90/KxnaHCICebwu2Fh/CENjLy2MQKPeeGqm353ufhbYSEPKfRKZFacTyXJi4EVB9V4cIsqAENycIt8b/MgCbPF/ZB/OIqo4WmTbatfc1zv+4PbhrQg4LmF9ZAsYVSrfHsDG/yVMOQNQuakL5sUjqsLyeDm2vjIlk2zg7N4WxmY4OayQfGbbKr7HPkgsit575VBLo374A3Ynfo0EIEHKWUeH13Dbv5a5Refzm6aaOn3NAET
vTiXY/letAxhSPv1yI90/KxnaHCICebwu2Fh/CENjLy2MQKPeeGqm353ufhbYSEPKfRKZFacTyXJi4EVB9V4cIsqAENycIt8b/MgCbPF/ZDm9/X8x/ie/EUPd2oO1b10w61WxFKNKyhRkh0XBVToA/jmA0CKKcnuh70Ry0fWTbWnmp4QcKaR+qhpHNgRvaeIndakZP3rvTy0VpBWIQDS/OSENjVh5ZW55fQPeGzifCw=
vTiXY/letAxhSPv1yI90/KxnaHCICebwu2Fh/CENjLy2MQKPeeGqm353ufhbYSEPKfRKZFacTyXJi4EVB9V4cNJOSCprZlblwQm/cj2FJbLDK44cKyaQyRUWmbrWt0nbYeItrG6DavALR6+1df/vdmHPGbYoZJnVyjNUOrYFrfrapNi7abDoqY0BUuvEjRb/t9VrKXhkZZkLwiq6BvLdEA==
vTiXY/letAxhSPv1yI90/HeLdOoJVDRwfHlql5tBwk+Sg/d94QsWMnq6GxfV7hIb57yFk8E76Du7b17c9JAaAeReMECEUF8h11ETLEQ1OMhziZ9yZAXf3CZ7eQQfcouEJYOZXi6LRrRLxPQFB2wmr125Rj+U6p8rHvAAWa7P7Ec0BCmRFeM+PsifR6jnNjw6uCghNEzyF6HCv5sifPjB1Q==
vTiXY/letAxhSPv1yI90/HeLdOoJVDRwfHlql5tBwk+Sg/d94QsWMnq6GxfV7hIb57yFk8E76Du7b17c9JAaAZsPTjw/soU5BcBlKwCcVQA1qHU68eQIsuQgnv/Ovrgc6JSk2gm6tvtHkbHf6Dri9F6sV78RX56a2qaqdnyK9zl+tMMjhZwbEBdw3yJcgJblkAZDVWgX36eSVb/bP1LPoAPGqhYoD9yqJVZDJM5khx8=
vTiXY/letAxhSPv1yI90/BgE1+6icIXzK2ltzAmqAkBh5FTUbsyebTPda2taCN2mJX9XVwdk5C3o2Uw/xpwAMzhs4pAdPOyVLXln6MoxZ8j7fX+rm9oi06vM0aOu45unISpUcUsLChfzDiOnYM56ZeTpQCvBKDHnCCKamNtR7pUTIApEZMNe4Isei2obL1NLR9C7m3stEs3QTm04d9LcMuDzGCh38J7gt3ZAc10l29c=
vTiXY/letAxhSPv1yI90/BgE1+6icIXzK2ltzAmqAkBh5FTUbsyebTPda2taCN2mJX9XVwdk5C3o2Uw/xpwAM0kMU0zlUwiD2BiCrZICxw+tZR2keUpSfqlSnpZMS77oSQGnh8xQhSYp7o2ZCiZvLn7ixPM56+4tSopD8+iLsKKE4jhcRqVuqn2tKN5BuHmHKhDz/iDph1TKsock4MO1PSciltDKIUbsAyhXFonlJLE=
vTiXY/letAxhSPv1yI90/K+/CMyugw76cX69r4GbNcGIvaWRqzfSuhWDPU+yZJMUu7r+FBtD6pEZTfe1c+ZxlRXk/EH18zzoOTfzaB5LhfXzCqqmLR/SXbpToC0F9w8ZaX+n2ufbDjk5Mq2VP/U7qK6QaIiGItldPi9XW/Me+J2yTubEz8dGtLmSRwJijmW7PvrkSUReWWLg4lDuFs9vBjIXg7yqYwuZM1YaQ2k5GdqgNqqtWPQW6T/NdEe0U0jc
vTiXY/letAxhSPv1yI90/K+/CMyugw76cX69r4GbNcGIvaWRqzfSuhWDPU+yZJMUu7r+FBtD6pEZTfe1c+ZxlWyhZwGpao8Kv5zCas0BHeNMe3qmk3kjprEI5/SG4D/w5c5YYRd402rJlgX1kwPYq0SYXiAo7SH7GAYGqVF+zN+zp8A+VBZWwlS21/tIb1nRnY6E7Jonl/TaqEPzeBeWk/X2IGJN7XcFndyXHkylEAA=
vTiXY/letAxhSPv1yI90/K+/CMyugw76cX69r4GbNcGIvaWRqzfSuhWDPU+yZJMUu7r+FBtD6pEZTfe1c+ZxlRXk/EH18zzoOTfzaB5LhfUi1l6MxHMwgN9PfewtBGCUi30ThjjVJmJOz5Cj2QXi8tNKMFqBoYjDXcgMUp6VMzxi+JRvTuBQ9DfyDFgGUc+TPZ813TH/PRCKU+jixBmaenOmW6D7XxKKCZKY9AnSZCA=
vTiXY/letAxhSPv1yI90/GYt3Z5LhQ5uvOXaO4ia4vWTqrAQlxzRslf5PNXPyTfgtUjiQzucKHCDAFSAjnD3yBau70fJ7Ktrb0i/y9zHDVqE18BG/nRFjJ49FHjhcFxQF+ejOUVVWLS06qDLAiTiIlGwqUyh6/sJQNOWiXMPS/rqtUyx0yhWZMEmYA35xCkOYj4TPPOCfhl//RfXNkuIfbWNP8JXmzprZ8jHtQE++98=
vTiXY/letAxhSPv1yI90/GYt3Z5LhQ5uvOXaO4ia4vWTqrAQlxzRslf5PNXPyTfgtUjiQzucKHCDAFSAjnD3yBau70fJ7Ktrb0i/y9zHDVp9YpyHUSNtlPcYDvM1BTYK0EMv5165jNkNIw42VWteHulI7mOIepaXOTcuMzF1Y6b66CIqPyiWIjLisYNMfLA3353PywvsYVx4C+SwMv2fCbbix8KLy+KK0HO+1qHXSyg=
vTiXY/letAxhSPv1yI90/DzSJw4wNx/BdKDzhEdfDt6SBlClbdNU/eUArBEeQkXAkfIx2ZwYl8Filn61tyV5YGBSbta660ErF/5GHLRhdbHkEABCelTmOqYLa099OpEDcAiAfudjabICLVq4HzFqXAJc19a3W82GuM5WbMMH4CV4DdGp7NAHtHgpan6225SF+V1WA6k6uIf/7l2zd8n9oevjj3FEnqOLjsRI1gzdUGY=
vTiXY/letAxhSPv1yI90/DzSJw4wNx/BdKDzhEdfDt6SBlClbdNU/eUArBEeQkXAkfIx2ZwYl8Filn61tyV5YGBSbta660ErF/5GHLRhdbFov0f6R50OZnA0aghfL8BBZAuo0Dhu87w0x9gXgGgxTdKeyKQ9njJUakAAb9m6ApXDTQGlmGgshACP+kS/pzuD6ryrc5RF0kbf8a39SuVkNCv1f0NuK+bvkfE7bgHT5qI=
vTiXY/letAxhSPv1yI90/BKnhPrmnnkCK9h74QhuUKxjQFkqELClMQj2jGiBBMeY2OwWJdwQZV/fB/hVpZLglQ==
vTiXY/letAxhSPv1yI90/H+ts5Hi5fhSXzm+LwUqycNoPk6idaJu85FaM6ARrAXhGjNIiE1Rh/LzuzwrxCxCzQ==
vTiXY/letAxhSPv1yI90/LyYMnvqiKFHhstLlnNoX3oD0sVPvlPULniqYXS28y0KWDfc/XR4SDuzsh2venQJsA==
vTiXY/letAxhSPv1yI90/GM5EcXN4tUAq8ugT0Hsxz4TUsDIv6tqQtWm4avFNfr7Tmx8Qh+v8TutX/IeSVHTZQ==
vTiXY/letAxhSPv1yI90/C/2HE/RpqMf0M9S/zLimmWmGMO1RcL8/lqqk1euyJJiEec7TSPHoAC/6X4XbKshiQ==
vTiXY/letAxhSPv1yI90/MM3aUKIEA0bPgHW9/NPckP2VgSe6heqHyoP8sBPW4PNaEsQfEu/YNsYudlh1Xnzgw==
vTiXY/letAxhSPv1yI90/HAGz9iV5qbt1CgXpXwhD/EqbY3Pjb9esJvbd4wAlcQ5fRj3KzxEnWDOIH5E3LLZBTtyr2sC2PrS0KeqZE28h95C0+Xb/TM1I03Q/HN24+pbD8uxOsU5XU3VLc0yBsJZFf5ZeuflxWjv2BhnyfvmeRRJhcUaat22AbbCLvNe6iHaOTNb1asvGJSCZGSYTXWbYqRx2ekn4Dla19vwXcF/hkk=
vTiXY/letAxhSPv1yI90/LooMj7TitiHcnh6AYtzw0lioOZ+VupwEYNRNx4wn53xiMxNto5hiPbNKkvcccHJgSh3Fntx3n5wqPwqdhBXmWUROfs2vfEYkEdwVoxrxbgtHp2663jalzc12KO890Z6oyobJiU4ha6UINF1TpjKTZ/K16GcFBoVs+ak6zn4/Cp8860EhzjkO+aoMokqEvbuqEwTvx1JkkRfC6PKFdo+OLs=
vTiXY/letAxhSPv1yI90/AkdA5Tb+5JliwNgfqC7WK1SyqW82xM/xyP2wEAIyrRhZt8uitKcpdO7EdHgyr7EC9TLUj1WZzSuQMViyoju6QlOAIQwLOj+lcFK1I5/xOWGc4h9Hwa+DvVR4v5ZacdYyd6LEr4hGEw5EGXp9T22ZcYtqJFGZ4M408H7SezBZ1TVQY9V4+1458vOl2aKy0XRXqa6n9HOTpS8ziS2DJT2NkE=
vTiXY/letAxhSPv1yI90/JmL0zTiMUoKzhTLx52PSSCH3rvKZ+9kVfmiR3P7rV9qzX8qvkGnniZkhOUFIbUy1L1PdZaWA2TXzI6Ke9rdVD24mv/jy6yUpyRtiU74p+mhXNIBq1MqlAZKiWgvPam0zNH4B6H2W3vVtbGLsw7VWCn0r8JN8EImBgsVlb0jvymqL20Nx5FMamqFooUaHKOWWkQOzD2QHTAZ4b5kPogMeGU=
vTiXY/letAxhSPv1yI90/Ehriwxow3mI1Q/YnCyIGnJ4QTJmcNs5T1Om4yacW08VucxLh6gB/y+cSMF8GRbDpA==
vTiXY/letAxhSPv1yI90/MH9/vjBi838e8Soj05RRsCDBqlhwTj05WM74fJgTOWU+XVHKc31rZQR0KzRjRPd4A==
vTiXY/letAxhSPv1yI90/KjE/tTQrHU5Lnvow3CGbbn2xs+5icmC/sx7cGIyedMMiF5kWrS3CztxHry7KcsN/9yey3RH3HXWNgqNVIBaadIhUYiMBRJomf4j1QLyvCyKk9a8uZkHRiA4xezjJoSDZqnSyZ0D6tELb5nYbJ5NpdVvZoFvOcilcLPTeNZ1uvVHA5eSTQj7jeF4iDGuj2FEtcJPiMqDIjv1CWiyrn8m6rfnwlBXBbugJK52f4wAlQ4C
vTiXY/letAxhSPv1yI90/KjE/tTQrHU5Lnvow3CGbbn2xs+5icmC/sx7cGIyedMMiF5kWrS3CztxHry7KcsN/0GEjG9T7vRBOXMTW6GkxURPVp3/HuLLDOGv/r2fsZybpfWjKygG8niD6+Ufr6L8RBKRbwif7xIKWT9/xCXU79gpIWwU/K7Ihml145YwcBujIbYk79ZyifJlP/iun5GguBiW96We7gMyG8HEA03WBw4=
vTiXY/letAxhSPv1yI90/KjE/tTQrHU5Lnvow3CGbbn2xs+5icmC/sx7cGIyedMMiF5kWrS3CztxHry7KcsN/0GEjG9T7vRBOXMTW6GkxURPVp3/HuLLDOGv/r2fsZybk+pCLdcSneMuviE7W3PdIyArorlEvRFiAgDryCoF9LYGE0yEW2W/k8umhO0GzQHZ2QyT7vkGj4Bog9pZ5YKRlu4Qf7Lik9oiIUstmogKOYs=
vTiXY/letAxhSPv1yI90/KjE/tTQrHU5Lnvow3CGbbn2xs+5icmC/sx7cGIyedMMiF5kWrS3CztxHry7KcsN/0tD7eIhlHsDuuvOOYraYLl5ulRjDyPtwQ501tNXUnqdcYZ1VLEBcGTtug0eDgvmzEN0Lbj4Td7x8q6Pf0jkHtZPU2AzSRbjOMTpJf//+1PQKxDtE2R96NomxHD7ywsCmA==
vTiXY/letAxhSPv1yI90/HQ/5jYQMuuGnAcPRsgg4odqfnjp1YxCtxhZT/5fkJJxiBifVAp7oyXSbgKEFQ3Ha8ldVqeRaxMH7J8YIj0eC13ROHV+8tc+a6IHbgsxeco5Me7jpsaGKRLC6AnJE5DTDyAbGuORm0c4VogpHWUOjtAAS6hKZMO959xvZOAHVjMabV58Ou37kTs/VM1spafRPVZR8Hbi4nhjww/Xu+OrnDE=
vTiXY/letAxhSPv1yI90/BZSTYWXF81aY1Ze9+459i5n3IbkCGHDWVzHBKumPd2qS6TrjdYzaG7FqAra90H2QoMOuo11+OcIv0K1mNaKqLJGkEzomSHOU4n9B5iGd4d+9M/MUfwHOjF6JmJ6378PF01VoMgxN5N5j38dTU4rL4pKVFjWn5ZYBv7bVI3tIOKsL6P6YkxzKLb4xskchssVHNRAq9zSyP/9n/ZgUAoV5tUbPnIc3ShwAQCjO51kucB9
vTiXY/letAxhSPv1yI90/J1vb8hCSBOh3Y/dQAQNA8GU59TClTftqBsI2qFtZngvTpsmuZPhJQ7HfeE0MGZUjzG+odMIcIzqedStnSNi54koJ7qF6jvXcCCTaxNXh/f7x8VJ2NsrUdOBoAGF9j35LgEopF+lKtVpeyRGG22Vx3/Zd+k6P8g9OewBwEkErczl9rujcDKWKT9VYgwiFz4oN8DEwOwZJLbV75sih0s2Eg0=
vTiXY/letAxhSPv1yI90/J1vb8hCSBOh3Y/dQAQNA8GU59TClTftqBsI2qFtZngvTpsmuZPhJQ7HfeE0MGZUjzG+odMIcIzqedStnSNi54koJ7qF6jvXcCCTaxNXh/f7reDkBcUNC+88sMelwvmOSm0P+vHU8bXZArsa8CKDOji6mAUJdByUR9ub3EckK9lW5vM1+qGfOuQSDRVtt7Oh9B2f+cpHlvYg1j4znDgh/mQ=
vTiXY/letAxhSPv1yI90/LGdWnwmSFseFDlCOkDrcq3s4GaZjf/SXnsAK57pSlu1LWfibIdXYAm6cPz83mk1Aj/70YPQB6zqaNJ4492XHMWuxZu0G8MPVFb9XFboh8EIcc1sBAFnJcqOMfzcp1rcJqGrA8vd2MeVwHI4kGE5D5NwAGwiTvG2Y7Ihck4M8Ma9lSb0gl5SRmw495SVdcExLP1sV9RPj4cP4OwdURACYK8=
vTiXY/letAxhSPv1yI90/LGdWnwmSFseFDlCOkDrcq3s4GaZjf/SXnsAK57pSlu1LWfibIdXYAm6cPz83mk1Aj/70YPQB6zqaNJ4492XHMWuxZu0G8MPVFb9XFboh8EIm2DHV4GgMWD3S/7l3sTXcSZORaqXs2bs4bt8bL52qKRperju2wQRFonrTh7+jd59/WsSLwh0w57VXCM3TbLjQQ==
vTiXY/letAxhSPv1yI90/BylgOFwLcmBHB08N9kxmhNvoMRuu3o3PybfJ1Ojn1E7/tShA0Xz7+6ijD0RhFugtQ==
vTiXY/letAxhSPv1yI90/KPoY3mkjPqfOhUyWa2KPEYPHXy5T85iADLtK/ARF0hOb0vKsNLqoOASzjp3mDdtoow8YAGrEXcetJTrfiYdYdpREY1fK7tmPU/IAuaJNAgWZOAu6iqFmapXUdRkwcPp1OyLOXQ3Pg+T0rJGmZbiGRAbDaNzg2va/ZIwP2p9saK6DECTa0LHH9Rv7h/3I7fMth1tgtAfmU+MdXZ9xaMnofE=
vTiXY/letAxhSPv1yI90/KjBEYTodDzB4F1NYlR3aIuCaBo2w00UuD9+6pjlICDeRPleUWDpolByV3cXU96jdTETHQMjBkblFjHuxcPk77gAprkFdqY6hNzl3/JlCsgP7gW1d1yu+r8UOroj2YSRF0SKIIxXqHcBeCzbs0LSHLQuOFy1veDpAvLv0UwjZuadhH/G58V8R0xg6yCQ7yWSVRLEVlokQ3tAhKrfBL7Na1zltM1XCUe4pMdSmOQZAlJe
vTiXY/letAxhSPv1yI90/IOjgfh0E0f5RzQ1e15ttpiJ9LSukzhGqIfVrMUeKYQECTu2Hu0UJd3qpAEaIyXigA==
vTiXY/letAxhSPv1yI90/NfIgX5fQR8G/4BlRXFvYZzFdM2Cciras81N04VhU1To69PSw5+DK6b+4t1uso901Jjwe19KpcGvRSJUE5O0QMji2dQB3LyU/xlFCIACKX7Cl10bLGi9164+LW+1o42CMLRhbsKDC64fTJnUoCV/SccQZ5gi0OpKBuaAKykTC9kiGEzs1YPbJfs+dXP7L+9OpqyX8l8M3OfpLqSGdSZ4O6/wFBzFZsjabk44s5T6nQiL
vTiXY/letAxhSPv1yI90/I1G7h3h7vw0JE5GmVaYC8iHIVR9EYHx59DK/z9vF+3fmr8WTU3fVJ9dNo3vJl6hZQ==
vTiXY/letAxhSPv1yI90/MsUZdunfpnMe/4a+6o5eKujsGkgDZXa4gsAt9NQVKnGN9t/Xp5/9nvWFZTsZpPOSw==
vTiXY/letAxhSPv1yI90/K+EzSvQbwQ4yR8UvSDHzBfvqg+BP4zATRIzyPnlJ0s+qX4aVUTLnpJawZ6yCSQtmA==
vTiXY/letAxhSPv1yI90/CiDQ1MDDBmjL60ErYpYm8wvueL2XsEnPnG5Wq2uiqXrld5xBKvuILaZ0KeWizQYLw==
vTiXY/letAxhSPv1yI90/BEA7mJVsS++Ka9pRZpQdFyU0Nx2wXSKtZeRmqRTzLudTctrvSsmOGIakVa81/X0Fg==
vTiXY/letAxhSPv1yI90/PHQbKEVyd8PvYiZRbNh24kATJ3kffNNKfNba9Qo8wgFv0QPgEkbCj3wWfvU6pVAxQ==
vTiXY/letAxhSPv1yI90/Bl9qvYdDY+FpyUB348XfCOXLom++A35YTBbKtxNu+PMhXyrS8tqCVJiGTdEY6ZiwA==
