GmcONIA9PFzHw1gpPLLPoqev3ytAH5KO3S/CJpMsylg=
35kyjVfwBJgytCi6KM5Vug==
FNt9orFfFSbPIXNSbXcP2Q==
gE2g7VQeqq0h5MkG44fPUw==
A4ZCFW7RnVRfEnbtNxUDb8VFIQmzxcIFLuiIjRY2q84=
cwgQW1UgxyVfBeSrdwXHsPE1eoSAri+NViVSjTYe4hg=
pYn3RyiaY4vz2unSybTHuw==
mAzeFbkWBGyzJRgEWJSZYQNn44wFaguEUnqkvHVinQw=
NiGef/LGs6v8Em6sqLz1GYGKB0111uCW/TAqgkiW0+w=
2lfNnhNY+w/3xMaMUxJbE0YFT/wvMlSDz8Vrd5FEs18=
vTiXY/letAxhSPv1yI90/NALjoA15CsRlpXQoOE0Ki0tWVmLmUFGC0aieIinzQ7PXYq80gCtms3oyKT9EtMzDw==
vTiXY/letAxhSPv1yI90/MH/GSEGLJd044w+zjNKwmITCDTctDeYmAoeST9CIuA6IKdkn2UkbPjG75g43GJnmQ==
vTiXY/letAxhSPv1yI90/MH/GSEGLJd044w+zjNKwmKGWPT8i5b51ZhWyeH1XtUDkGxfTcGtQekzFIoGec3gPtB5IztjrGGZpySIND29bBOaHh56XXITwTAr/fdto2IZTFGxekOZ6fddTk4nMvAZiPu1kZ0yVJe+kO7fDDC0CElL+KBFmx5+IOSR1xZ5grBQDyB49E21RHpJnXIiRTCBV8xhWlAyMEsH8ksLsymFz0c=
vTiXY/letAxhSPv1yI90/Det9ZspdVNIgTjFvZBJKtpwaeMbE8s6jSsLgEPUCo5fL6SiETpODT3g165R5pdao4YmKy4jkFIxPNqUA4albdP62sgImymTUSbzu5iOyxKZ5HiAMHy23XoqfKehzdjey8sO6SrPrxk0u6yYE9XWSxRxPQS5CmJH/4qEeZSOLFwrxhpTkFBZWikdZ8BsIFiGnw==
vTiXY/letAxhSPv1yI90/Det9ZspdVNIgTjFvZBJKtpwaeMbE8s6jSsLgEPUCo5fL6SiETpODT3g165R5pdao4TWAEhc5aycw+Pjgd1TDIGidN/ZRE/8kqz3PUxd6r1KzuAbb8upTu75Flry70cmwbXdMWSYaE+40qtQcXwhD39nkAlf0eOSumJHad7OKsg2eX00Gvm+GLheEJL/wvjTT63dSMbqDFPbYfu8fzNYALg=
vTiXY/letAxhSPv1yI90/JjhCidDn4gcXva3Um6v2FeZeQ7GUDU1uTzBZqNiTLY1ZnMiDV/TZFXYl52Pbw5efVQyUqLwMjvQgbX2KgfYtMCcOUp2aiy6OiKHGyeF6roSK0PqmcVeit5OYsO1JEaQtLJoiBrp8yh5lXwHcfHeZSzcQaiLiNX6s89IcOhX7LRs/xhkuyn8JuFup9IA4HszrtfruCONRedC81/vkzzBu1w=
vTiXY/letAxhSPv1yI90/JjhCidDn4gcXva3Um6v2FeZeQ7GUDU1uTzBZqNiTLY1ZnMiDV/TZFXYl52Pbw5efa8qvkGebGEK/BTe2lLZp8RBsUUWhm3Q0rJtyQ5s2qrISTSd2tIbj8CdN4YKB6VYScP3k0BBt+XvzymhNE72TolqxspOK0Lo6V7ZENBjhX0CTCjir1LghQO6EXJcTHqJA7ilH1RAzVjBbPCHCLaQX4o=
vTiXY/letAxhSPv1yI90/JVaApkJSuPmrhXRTHaRICoDDd2MjdGfQUXs8mWMrFrz6t7CT73JqSXa+NxU0bbjOiXRnifUGcXKCDCjq+kbO9vsZVPyi2qy2VOHslkHE79+WQAAbEnGs882jIXlfkE4RpsU13apU9HLLDYSgcqWvKk/HNMmogJlLcs5ypPQEnsQ6FptTgxZofKzPkx9HdsEHkhl5GsdFqCaSodpZvHqrq82pGGRfr+RD6EI78pT7ekI
vTiXY/letAxhSPv1yI90/JVaApkJSuPmrhXRTHaRICoDDd2MjdGfQUXs8mWMrFrz6t7CT73JqSXa+NxU0bbjOiXRnifUGcXKCDCjq+kbO9sQJJJnycS29vTef4xnniwknsFJjQpoYgLD4U7gpFSkvB9pYpTYPK6WUnsDkkDm7WwUFID9vBJ3r12xOEhP2Ht7028taZcoocqqk/gPoaTxzVPdPzUfVXPUCtb6XE0w768=
vTiXY/letAxhSPv1yI90/OFEYRQJDTtWgxQOBJ7gl3nAocR4CpGpPqfF4ClVVCWe07b6fD24FVu1neS2L92rkSIez7HxNDvwsn5b1vCEYbXPuKbJHjpeJR8Xt7jAbIK7Io8OG1auQUaTqs4BBP3UQCQOzJkH0MYpdslP2EagnTFuovntJgaUkb4NLRi6j6hiU12EOXEHEgmRuMPhDN3pVVAZ1ARivVW5VCtn6e3BBqE=
vTiXY/letAxhSPv1yI90/HAAvWDoyxJysbQYPrvckPIXYuySMbJmMsNmuTXDpWxwSGnFRSIlPd47UpPa6Ij2Wy0dOmNd8C0Q/VZAM0BDcA858b4HbS5+5/tCp71K5k4GVRAMZwkFo2BHOzLXYnfp1x1i5+dXAAcdqMjdPW5ew+nZNjJ1fLXp38ZwTh9VopPOBTuIWhA8JHANw7SR0RO/SyJlHEhsbsN9sWX2RN4QCsA=
vTiXY/letAxhSPv1yI90/HAAvWDoyxJysbQYPrvckPIXYuySMbJmMsNmuTXDpWxwSGnFRSIlPd47UpPa6Ij2Wz+/CbS6A2E4iu6Hr/mPGb5nJki+U2Mfnh6dKoMZUK9Z6sfCWo1ZhFvZM3hnIN1CTs7P4e/lFlY+UmV3ItGr/U9oElQuam7IAHTNkSCYwLADR9OznLkUNyMhbM5pa9+jIw==
vTiXY/letAxhSPv1yI90/M0KBBHCn/yi9gGi7CVefAsbbPmp1aGI5Ce9Yd46TeXMifoqi+II9M8tRaKJkVfSEY6e6aOJ+o+POnm/fp5qh31n9EAdJrBr+Q5+e+nrIqhvCLBRM9K7S319llU5QO9N9wi/RP/tQQr1mvhSuPNfcuJSAa4lh12Bk+AAreh9SxVxIaeWm7ayrVDYqJPJo5afAWvoHF/1I7Dc8t2HzBv73FA=
vTiXY/letAxhSPv1yI90/M0KBBHCn/yi9gGi7CVefAsbbPmp1aGI5Ce9Yd46TeXMifoqi+II9M8tRaKJkVfSEY6e6aOJ+o+POnm/fp5qh33AM7PDWgWyA2TB06mnwDbftL5C+fv7Xg5YVVDrt+AjujqO/4oHsnwpi1CGWddBYdynkncewyRBeyblEn89Dxo/9eyG7YsV10BUVmTcoOQQytJhVDbzhgVcM3JemYhR97U=
vTiXY/letAxhSPv1yI90/Ef2pLp/nqK4KWBAp+IND1AQL3bfkInJ5lVmaUyusf+VBYOLHhxv7rIsp13Qa06qSY/5f9Rxp+UcVt1KVeHlrDwkY1PYaBzbrU/mEVWENbM+f6yN6uwXDzz1kboWlSm3+jtOlaj3Icu3Fb+5T2e4eAO+A5sfGBC7wnrCfZFXvvc+lQA7XdlST5nJiBQowHOGQGaQFdDIJRfd2xRNlIFebLo=
vTiXY/letAxhSPv1yI90/Ef2pLp/nqK4KWBAp+IND1AQL3bfkInJ5lVmaUyusf+VBYOLHhxv7rIsp13Qa06qSXxKGgI4HIGS6Zh4nOw1TzDny3C/77N/rqFnWLC8sswS5rRYC1vlh1h9hQwD4zoY+nFFUE7JpvvcN78df100nLVulMysj6204L6AE6zmgHY4XByAF+CJdk68H9geZizDOA==
vTiXY/letAxhSPv1yI90/Ef2pLp/nqK4KWBAp+IND1AQL3bfkInJ5lVmaUyusf+VBYOLHhxv7rIsp13Qa06qSXJceKTGe0djx8mDPVp7TdUsk1FMOkp0A/ipE0ienPd4foOsGTIyr+QJr6oQQThJC5/x5xTfR6zZ+no3/fF4tKkSMwE8BN/dYr3FanYyZvPsdh89EQwV+zrEt0kVZPtIzjt2yFlS9EFXl4PxSxNG1fc=
vTiXY/letAxhSPv1yI90/Ef2pLp/nqK4KWBAp+IND1AQL3bfkInJ5lVmaUyusf+VBYOLHhxv7rIsp13Qa06qSXcaTqEmrW0k2Q7s21SJ35uEaS3Vg7x4ZfAA8+RJl4XATsOI5pFQxshxNbNR5hkPrS1XJH9R2M/6Gb0sIeBa6KXCzOJTUZG/hC3pWmxtJ0vj634DLMhyyLLjzivRgJqGRA==
vTiXY/letAxhSPv1yI90/Ef2pLp/nqK4KWBAp+IND1AQL3bfkInJ5lVmaUyusf+VBYOLHhxv7rIsp13Qa06qSZkPpVW0SdXt7S4h2Khtj+11fOokfLOnqKAFedCT+dss5pNRprbT3/lxnXYL+yY+U+KN+ufM0tDfYqHspnDt1oRUAc2XdqmmNbErjgu1osPiqhgIiJQnS2lvSqe47PbDVXkc5tAtZNXNx+FBMoggEhI=
vTiXY/letAxhSPv1yI90/Ef2pLp/nqK4KWBAp+IND1AQL3bfkInJ5lVmaUyusf+VBYOLHhxv7rIsp13Qa06qSde17R+MZBwTp+G5z1wKrkPU4VhLokD3b30vAx8j1M2AAXsoHhMj/r+YqtKl42hUe7ZAUTmSMOsou59TlHzc/oY53fuJN8tNwkfLXF4EF+b5v6FD28PqZQZ+1nbvSsBA6CnipuzpPt05qA11605XNfU=
vTiXY/letAxhSPv1yI90/JbWypWg2y9NfAHa6tpvsB1h8NoUG8qO/8O24ciEDk48Uf6QAdUIjS3KC7kFPmCX/Ja6FG9/kc43koI309eahpx9mlVWFRsoRY/S7wSy2ZZ7S0HMuC8DRR43DWll+3GesZG6qofn2H1ZTizzVEMWa1BkNksQhfhInUECftOSQibka12BY6T6sP4MAkTmG9nLZTBt2HGUNP0gsVBBNDgCJos=
vTiXY/letAxhSPv1yI90/JbWypWg2y9NfAHa6tpvsB1h8NoUG8qO/8O24ciEDk48Uf6QAdUIjS3KC7kFPmCX/Ja6FG9/kc43koI309eahpwuI0k3LKPljVlbOsQsCWIyeVOYq+RUqipopsVKUqXBi3DNFkVMvv59CaMIWov8jlpC8a4O6zYIBDYp56c2Zr+S0QrMGvgMHApf6KZ5SO5DzJhfaaZQZnxIkb5+oF/Y9zoBfA2/AgQ1uvkYQJ5rmmNu
vTiXY/letAxhSPv1yI90/JbWypWg2y9NfAHa6tpvsB1h8NoUG8qO/8O24ciEDk48Uf6QAdUIjS3KC7kFPmCX/Ja6FG9/kc43koI309eahpx9mlVWFRsoRY/S7wSy2ZZ7sz2nEkYdPztFokJGv8qVmZrxOxkHqjW0AVWDPmnf6kkQtq71E1AGvuqyv6sXuP6CAGK5KqtjrHm6MNoYKMLkqiikjhmPRM6Vl4pITrWVvM0=
vTiXY/letAxhSPv1yI90/JbWypWg2y9NfAHa6tpvsB1h8NoUG8qO/8O24ciEDk48Uf6QAdUIjS3KC7kFPmCX/Ja6FG9/kc43koI309eahpwa4KfuKSnsLqoD+KgY6EdVr5PVuZyUK7k6Fqm8IvSI2RWPuiHEz6LUyvWilho0GVLqWe9z99O3/ouSzktCqk2+8IAzUpT1pLt3cEkpFsdED/cidrV8McE2Q1wgqnnUcZ8=
vTiXY/letAxhSPv1yI90/GstnqV1y6SIwnojnLgTVhrq3tOOGjeXPDUBNRay6DCHGw4RGBs9I+JO4sBDpcz/TZvkj4ozarkq3iG4miq8FDUqy/ZrDQJYSqF9lJVHlwG1gtbLGtEugvB9SFSer8Q/iokx+S7w8ZdQ0TpBcf0zwteR2ASAx9V2a77ba+KVVuXyktjWAgw775UF1E2P9WuDSgurPuADXiaDV8aZ1BYrTjE=
vTiXY/letAxhSPv1yI90/GstnqV1y6SIwnojnLgTVhrq3tOOGjeXPDUBNRay6DCHGw4RGBs9I+JO4sBDpcz/TZvkj4ozarkq3iG4miq8FDUQM9bGhlfZDGmvTkBwO8JvXfCGkBMRJAVSqp5iriEOLOR7sT4OGC8XLhoTPdSENEHFbbRQQ9zVkmx4OkJGt2HRb29lRLnGWaxPbzRLR76kajD9PMs2fGxKMdQC2xBZJAM=
vTiXY/letAxhSPv1yI90/OsG/KIrtwKV5GFuiBTlJoeOhNHmfsp/Mq69i4SaOHmFOjvIPYO96obHrLMoGHsvQrHP2QCbI5BygVkcrAG1kldRVtz0p3jLZqiRdRtgx68MZhoR/etHxyZhR+3A38isT4fUlCGXnhl7h2grK0HzUARDWug5V14j1jdj+BCwKEXNToqN9rTA4HSdgM92L0abjQ==
vTiXY/letAxhSPv1yI90/OsG/KIrtwKV5GFuiBTlJoeOhNHmfsp/Mq69i4SaOHmFOjvIPYO96obHrLMoGHsvQrHP2QCbI5BygVkcrAG1kldRVtz0p3jLZqiRdRtgx68MeaOFCG1bVKYZkFqPCiIFKy1I6dScmCA6BzZH+UfCIE3ZWmQRRoTZMIdQXkYR1wWNF0IVoHz36tDGS5L40UBYDxbBD+o0F8HYJK05YRkjKN0=
vTiXY/letAxhSPv1yI90/OsG/KIrtwKV5GFuiBTlJoeOhNHmfsp/Mq69i4SaOHmFOjvIPYO96obHrLMoGHsvQsf97kp144NN/QlxZ9eqdvfONneScFbMW3sq4zYYzbSXYDshXYXRIp+TJo4T1LPfGJ8A7/sBYn7SzrQ747zb1JqnXsqdmnc71/ejR+THuZyb1DACcfOkecDZ0j9EVjpNZu1RIvuZ5DZj7hgUvKBPN34=
vTiXY/letAxhSPv1yI90/OsG/KIrtwKV5GFuiBTlJoeOhNHmfsp/Mq69i4SaOHmFOjvIPYO96obHrLMoGHsvQrHP2QCbI5BygVkcrAG1kleo8IfoyeX58mhBzmXeC9YkD3eZwm1+YrElrbWaM7w2sj+8iuo6Z0tGf4ambTKZ8AAGmIsc7+/n53M5tiheNkO+haz7n0lrVYpa53/kQEXzSoQj1EPxKdAj9C2xOU5PG+1DYBqQK3iZuBNPwJx79k1p
vTiXY/letAxhSPv1yI90/OsG/KIrtwKV5GFuiBTlJoeOhNHmfsp/Mq69i4SaOHmFOjvIPYO96obHrLMoGHsvQhZ3NF7K1u0cAizWRdwwmnGoknwPUceGFTJU/yNLGiqGCnaCmZA/z8B+pYN9HbFhJBL3Dk3H8Z+grFrr7ouBb2gRxsVlCcvvU5Yl57iPo9MJL68TlGNoxY4KhMEF8F2rVqcbuWOHQ0RgEuqIqZ6VWjs=
vTiXY/letAxhSPv1yI90/Ed8Ep4vmVSbY7Cw1FoINZQDXtoULS3wHRNHbWHxHiROtSWN9bTDueG1K5555w8hu5lawmbv43xwJ2makvrQuP1HK5UWF7vZjou+bdTF7DsgWRokOqDQTVEo61golRkqAARjInam75O+OYE5kG8vijDI0aoFxOOd/Fx2HQIFJQHpsvypQiwDwFIm3cCv8gUtdmu9W9V+dEPhhVcC0CIjpFU=
vTiXY/letAxhSPv1yI90/LK6ef+cqqlfCtXkFPIrLtRH+YZf3pa0s9v6QkDydsRxKwk9RUkU0gF3cxrmC8dcy7n3GYYxK6KmO5oAqW99mw6rDNnaKThfhZG5DfWudBa0+K33MfNByvorwvPT+z5CT/mee2pWNPmgW/MpHtK7vH+2BT7BrH47ENI7bKgwXQCYUIWUmOoDJVF7yOw/5fC/0A==
vTiXY/letAxhSPv1yI90/P6dzg2pEDZZIDjGUET1jyaoJbStUxdzz8zjFaS6ejm8KrQTweuD+dVfquVwcJI8eLVzz3FXPsTexxW7tXlP8kv7NUIv9w1vVpsrXHr41xyB5U2WWEnEMnNbugHrxd2tJR/DyKG5UyE0DA22DMQxUK/BIz+oOCn4gVHjmC3OUKXzRWuoWXAJO8Oz4ZGd1xLbi3vMmwUm7rTeesuET9zKMMrUhPia4JJNy3njS/HHUMJ0
vTiXY/letAxhSPv1yI90/P6dzg2pEDZZIDjGUET1jyaoJbStUxdzz8zjFaS6ejm8KrQTweuD+dVfquVwcJI8eGlPa8uZpZ4MQWtQoePghuf9T8MvJXP+ZYHztGcmbFKwwaxtozVaBYYxUnggcD2Ujy80Opk1Q+RUdl7pXaAkjCGtvUT5thr6wlYZk0jPdvjqdg8fAmjhcjMa89zpfEa0kA==
vTiXY/letAxhSPv1yI90/P6dzg2pEDZZIDjGUET1jyaoJbStUxdzz8zjFaS6ejm8KrQTweuD+dVfquVwcJI8eLVzz3FXPsTexxW7tXlP8kunlhkTyNEVqYhVLE4WecNG/fGA9GszQXtWIg2Eptr3PiDbB4HT5tu/2ZtTX+l2mMgETH7WxWLhiOS8vurrrmriP1T6iX199jsb80L0F5Vky7i+Y+c0Fl1y/egb2JK65x27/AhDbacNHa4UXdSmQUNg
vTiXY/letAxhSPv1yI90/P6dzg2pEDZZIDjGUET1jyaoJbStUxdzz8zjFaS6ejm8KrQTweuD+dVfquVwcJI8eGlPa8uZpZ4MQWtQoePghueWnDZIZt29UTKWRouSRoADlbw3F0AqYaGKrlTVOGkS2OY8ddF6ZA55aWi8gK821MOafJA1jG8zOiwK+z64gyJyAQjfFftBa1bWEbq/CsSa4w==
vTiXY/letAxhSPv1yI90/P6dzg2pEDZZIDjGUET1jyaoJbStUxdzz8zjFaS6ejm8KrQTweuD+dVfquVwcJI8eCO6snq/oaJx3shHgcRkroPofJ26AEtMtz/r8Zeg5ci/Yp+QW1DvrBJJB349iRNnpbByiyiTO9xl9EkMWChGEEtZBcdTgag3g+tn85gwMMG3goxhMciOLonlmFTZCATvIQ==
vTiXY/letAxhSPv1yI90/Eka4UDrL6+R9k24HFxPBJdMkXazzX+HL23R/IvhlM9fiNG3xs9Uk6XRdXpgoqUHnM3gKMAFWZiGQ/RE9Hafa235vUi0c+yaqvotHy4RFcsdXtz9s7A4msk9on8FI45yc6tu4DfSONZpnYnOcJL7MH+0v5Nn/ukSPATr8Qv2CESRM3S2NsDSdq48RZ7QGNXAaWFDCnB2o5avmeeUaM6ZYA0=
vTiXY/letAxhSPv1yI90/Eka4UDrL6+R9k24HFxPBJdMkXazzX+HL23R/IvhlM9fiNG3xs9Uk6XRdXpgoqUHnFYFMHF28z4kLKnd9IBu/fyuu6ZNo7GXrBLslgP9CCKQvMMsIDfiG0k1E+yxIygz7ovauvd13xpE+yF7bifieuI+gyQOuNKYhKa2mpOWtvYz1jm5+J7VfQDCbkLlLT0VeLNFyrC6NLAMon1eAUOaqac=
vTiXY/letAxhSPv1yI90/Eka4UDrL6+R9k24HFxPBJdMkXazzX+HL23R/IvhlM9fiNG3xs9Uk6XRdXpgoqUHnHP4IomYomI2p5YwDa2PqkyPPHnEQxQ54hhRyG+QqT9oni8paXyT+IJ8wDP/mWHDcPPPhUD1x/P7VKjX1ydLSQ08VYc2Whph0ylfL8X34aG73gey7kJa3wedBRzvpG3G/F1PcbsNDYvv1l0QI4qVRtY=
vTiXY/letAxhSPv1yI90/M9C0l5hhDjlTuzRhUvxIroN4BMwxtCaRGwGzbcPJvxHAjGw+rCK8yJRDBY4Nx3IcA==
vTiXY/letAxhSPv1yI90/M9C0l5hhDjlTuzRhUvxIrp4KcHH77/q/vQjR6CI5PEloYRolxiCPcUfRYjFTvOQiJcjCT1XXjWHZIGEZnz3sRnM3JFZcGLU/D+JPE+YfGLnzOwY2vVhYQtKn3c0b3EwDyiBfUetmfTmfbfPSADfXgvTYbcJOVA6vdUirkDHC9w+5VoNBZf1wj/fMVy/mQR5xD1G54An182Ml14g0B14ViU=
vTiXY/letAxhSPv1yI90/F1WXFwaHpAqRmhaOM9HzZsIumnP+CNgaONpNWfKKbY2DRKNSYNyYn6FVBYjELkv0P/1+UF9kNZ66WIffR9Q+zEguaYeoDx6Z6+oil1iitM1l9+jETNgUmRkWXOnoLIRrcKL9y7CdhVxwRctTfmh53DatfjgRbdfnSLwpVFKFe7WNzKkAY3p+N3glr0WY0UyYU+W9NDxlCm2IMqKyAdzrLY=
vTiXY/letAxhSPv1yI90/F1WXFwaHpAqRmhaOM9HzZsIumnP+CNgaONpNWfKKbY2DRKNSYNyYn6FVBYjELkv0P/1+UF9kNZ66WIffR9Q+zEguaYeoDx6Z6+oil1iitM1NPBApTjqnH6ug7Ry5f8KN+9A+ll4+F2L7uHj0bzucfM7EympBcedsnM3yJITfFw19ffTo9TVY0lGLqq4oUttftU8enBo2/WIPZONNJRmmWAfhg8DKaQPihp5ZRtLmRy3
vTiXY/letAxhSPv1yI90/F1WXFwaHpAqRmhaOM9HzZsIumnP+CNgaONpNWfKKbY2DRKNSYNyYn6FVBYjELkv0D1dWsixZutXF2W07KAkM/uZMg0e7STL013DnXd4O10ddfXeMZcgoR7z/+ndodLo6Jdu63M/Hg27wGhMyeeZPJMW+AvRbJssgCf9qPfkItZ+N0C+pjbl/SEBdhfWeN1nYQ==
vTiXY/letAxhSPv1yI90/K0Z2+veyCollD+uzcXoVUrEyw6q157MoUyudCVjVJ7/lvaTBNIKGCpVsd6a3u8YVSoZQ5pxBbI2srDuuxUQVkD2WiB+Bv9l19zuI7lSXjkLL3NQ71ww/3ijzKwFbZEW/QJN7Gtb1n1P1Sj4XJM3PVmOqM3AmMDwjIAdE6gJ2+Df507i/0eqxcbVtXU4TPCx+9WDAqJiDS1hx39NuJKCymo=
vTiXY/letAxhSPv1yI90/LvOd+pUaDc6SuPH8ZAI0cm/GCSYinko3UFRjAOEizK7Y/l71ynjesEst+1QF3DsNU+oMrvnCecosH7xkX/yiOfom9h+y8PI2o5SVNCdQ/EwOrOeQQdfGjZgCHPcRHNsqUGM36s0jicEkM+5BWSVFuV70aLLjww2wY4Ki10KwfC9yIR+BUYK2qxYfY7LW+Tayg==
vTiXY/letAxhSPv1yI90/LvOd+pUaDc6SuPH8ZAI0cm/GCSYinko3UFRjAOEizK7Y/l71ynjesEst+1QF3DsNUfKdr9Qiai91Zrrx0OG7DPlddcQGoh/o9jiPfmEzwbKjcnXlVV9ZTdYpKAOk3Rbi0qcbcXwP6uH0J/acZLTWA46uXiCKFbeCM8iDhMFH8GoEOSGCSpQSaIWJGAkzCJIfs9WvHEgytlIDLgY3WbB/S/JzOF1opFasQcXnlqkU/YG
vTiXY/letAxhSPv1yI90/LvOd+pUaDc6SuPH8ZAI0cm/GCSYinko3UFRjAOEizK7Y/l71ynjesEst+1QF3DsNU+oMrvnCecosH7xkX/yiOfom9h+y8PI2o5SVNCdQ/EwIC04Io6WWjd29+NHloQAG6UjbTxrynCTsNKVAmIkFiUHBg4QsLeAABsMIjIko7kKfaN+CYiWx1kz0mAXrOnMVNCzkqBqd6fBFhbH4uTZFFE=
vTiXY/letAxhSPv1yI90/LvOd+pUaDc6SuPH8ZAI0cm/GCSYinko3UFRjAOEizK7Y/l71ynjesEst+1QF3DsNU+oMrvnCecosH7xkX/yiOfom9h+y8PI2o5SVNCdQ/EwD1qK/tURFXfHuzOvVXnErqVe0IYTPx8uOcK1ZN7fMfbf1iL7YobDUbh3/H19SE1a59/8qYrn7bA8rbKY2+js7Ii6NPm32fk1tGT164f7nd0=
vTiXY/letAxhSPv1yI90/PbH8QXp0mcDZgqwL/hwaN+bC2aueBWpj5Cmv4u8+LJv8X8S7ZneXemJfL6dj59iEuvRSeXBQMLDYV77L40Qdv5ybasfSjrMfGQHExAb9fP+sNzX0UX5/b5PeWPRMLTbIrUyFo9zLOCsqN2+otmz3cUMItL0KzAr+hwGEP85s6sM/C44BxzpirHhas2H0XFnBPEyw8xHlRu9Nn+0Lfp+rqg=
vTiXY/letAxhSPv1yI90/PTOuFSmdjEQZIv3Y5mn2FGQjPmbjeVfb7qT5nUa7OJLNhhNN5CAbmEsbPaZnrmK/g==
vTiXY/letAxhSPv1yI90/LQkQEciGDsF/AesbBFwU2XN+iAhjoNOpKxZAGOLICAXmuNJQkM8bArjVIKcMsRujA==
vTiXY/letAxhSPv1yI90/LQkQEciGDsF/AesbBFwU2XtRiD6jgoY7lc5LTaF8BptSs+HUNjh/33cnjYN8+lMKp8NSI8HU/z44HDz88XWtpt4LeVB0y3MS2UNMZAqCLxbaEk64jAWKePiK3tbxOG+u0jZMd+BZz4bxd75mf9VYCRUvfdZ58DQ/JpkfitfdwM935iNcicYLwO5imfIWp64aoRoN3tjuDymtTbfIF5Js6U=
vTiXY/letAxhSPv1yI90/Pe/dm6J7XeHCHyWG9U/lHIgP9M1bV00jvlJKhHEtEPerHiG3Pg0HKmhHkOavZRel3CrjrflDhZQv9c9WvaP6YZuM/lnGrPcpRBaYA28xFGw7ovlaRgEUmZ5M48ko5Ltyw3YFaLhEuMI/6IBaeSbw9Zqn08qp//ht4oJ5ijWQbn74ICO/eSFUZLoXkCIycKxOFrtZQ49MqJE8pcBO8pXzqnbATboSCOdlgrMROOVzKqy
vTiXY/letAxhSPv1yI90/K7PDNqbjBkzKQ0dWWp9QNkDMp+nGCs5cgCrNxznjO3qUmKDqtTY6VzrjfXKK1Rjnw==
vTiXY/letAxhSPv1yI90/KMnFSXK83mHj8oS9SjU1Gu9/DamEgBDUdyMzIIPYDBPR3Ye/50eYKGk67k1WutwmQ==
vTiXY/letAxhSPv1yI90/HXJ4dc4Vhkq04JMOwKYGAJ+ksLDR79uATRSJxs7vZ5x43dDOfEdZS1IXY5L7QOAHg==
vTiXY/letAxhSPv1yI90/DSswXhGx1+tKPZFxsqOg2fXz/oFAIl22h7tBwV8hp13dTVAZJWrIBR4hScW0sW2efiteQiDBjr0TvtiO0Ju5xziNOTNQyPhKKU5WSffXw7frcFkRIsVRJldq1IbiVZHauPvNO2Qnf0eM7+Re/Mzo/RBJii1QbaTKGXzAY901h7UcCBiWUzlWUDST6BNkbS2H8mZscX5v7sYDgerd/9fVs8=
vTiXY/letAxhSPv1yI90/FQ4cOfOX2RRz2cSlVC4V25uLgNC7TQj2zIlrAM6PC8nNfyGutkF+UIoEhX5tdRflHDxKl71Rjo/nVmTGUIIlGYeGHgfOZ12WhMD7a3S0XzVsT/QnbW+6g+CSNbAttJ2U7OpoSSfnnYJ4/C38F4jqpfDTKxP3UamNXJshDvxZbZJJFvu7FG8mt1NzNxddh3G8wz7G/lX1adlna7wKu03EuA=
vTiXY/letAxhSPv1yI90/CdYKxVk5hjXa8MyurREjErcdUCNrxQ0QOyFHGKD5bfl59vydbl7G0XDodB6M1CVu8F27J2xFMgK5wmthnxgMs745pwQAGnz98RFc1g1x34apI0C//hAlbC6ekSlSI3xCFTckEDZSmaZ/1k6ChqVcC1+0UMT2GNYkFrBABvTvhVU9mbiXadmriiFdBzTvBFe4C3z2nEjwuWhwCStH5hyeUQ=
vTiXY/letAxhSPv1yI90/LAWr7kyBZZIhVX+Bj/CJikXHEOa+7GD2EktlLnXL08aJO5I1cFcscrAECykrvOOCl5MP06asdHxdFpTEGyeH0FHfN+9jxyti5cT2F/GeS4Kol7onjNlDfGCaJLA6Ey8LZJaGlr8kGht6TrZ8+taRP73l3gdbXrXiqJxXbVkMe+hNeMey90HHK2Mr2HQv4HcsNvur1ljhQkpjBgmOj2/994=
vTiXY/letAxhSPv1yI90/B4PXUfI4nOaoKxlHTLJgMQSwV6kTJB7xIgK1OnFjkq9ct9R+IBVAnU3R9kJ9Bx3Jw==
vTiXY/letAxhSPv1yI90/Glauvhdbw+wLEHjxB6/6VlnRrdQyZaCxB+3grmF/UThDtomAPahoVAzWRGEHwuHww==
vTiXY/letAxhSPv1yI90/FfPU84XJLGPjoUMsAS5nvxJfucOtNruPBnCPsyFrz1KTHPHeJan0C0m6oCamVtvD6PFBWOKOmiZSKswDoKzfLA8pqO29cy65BDhzlOGTy9+d4gkdJwbwE8wcm1iGRtwklqcTT6nT3XfKNE9pdo+GJSZM6z5uZ0V+wAku6c4OTToX9gyRWvkFS8Wg9MGH/gXFWVnuMqoWkY9QG+cFxuZQRGi9iiM3K67D2aTPL2vcJEC
vTiXY/letAxhSPv1yI90/M8Rn5ioR4L1ILke9MeEoO6KVCPF7z0kQ7C528xJHzlizfYgEhSQNCMTVpsqDLBCFA==
vTiXY/letAxhSPv1yI90/DWwxvjmbijY8vwxqJWOWkN+aPbXrNf+B+fmncU30ljOHo2Aw5RSsUTIh3Zg4ZPjWA==
vTiXY/letAxhSPv1yI90/CXkFYimBZRj7hqKZdW0mZRBhJdw30+v8Q442NDQPBdBhKqeB6h1Breofh1zR5K9iQ==
vTiXY/letAxhSPv1yI90/L2xo67GWyhIC6mRw8XBBLKmqOZypgQkR/RY2KEuEwXiAUXpNCwEaUDoWoLOoxAGkFYNVEsBsuWGNUn2WzKSHEwVMytEQZfMrkZc8mGiPFO7xAd0XL5kJ+lQPKJhWvckIH6Zd2Oyhck4sKpTiwRlSiTmNVYQ+TNIarVRE+t71attf32rKbNp7ljydbmshC0rknvTdZpey+sg1dwRJzEJVjQ=
vTiXY/letAxhSPv1yI90/L2xo67GWyhIC6mRw8XBBLKmqOZypgQkR/RY2KEuEwXiAUXpNCwEaUDoWoLOoxAGkG8zxCvYozr9Vr5cOmofXfOxw+iHckeIbytDCn/erqFIaOdOi7VUM5C+2H3l9MGDhHEtB0bEgmGMft4AgJQFtX8vRCte4BJnlvsjIXe12M/qUF1kpgwuP/1Ldi5SgmVkASZqa1HW51v78vLP7euMNp2uRngkmc7GHyoHENRNwL2E
vTiXY/letAxhSPv1yI90/HE2rWI4z5+6z5JRr+5VSDDUN0HE84ZMEsfeL8htOqzlYEODBIrVJE8wNoZFvRWdTA==
vTiXY/letAxhSPv1yI90/PQdxHJBUGnO9UtwGrG+2fMcaB0xxoDXLZINGfka0saTZAP0BvGc220VhC5/UqjTDFF9owWH92R1+xRDgFsvH4M4BfZ41utsLB4PDg0cQ+77fxETFK7v8LNw95JKVhku+dYfNFUOeB/phcmiNEyonS9K5HbfE2aDIoOkFh9UWU9k60DkzQ5PQ2KtbPX7riWvM9tvwMjr2ZZR86z6oncsbQo=
vTiXY/letAxhSPv1yI90/PQdxHJBUGnO9UtwGrG+2fMcaB0xxoDXLZINGfka0saTZAP0BvGc220VhC5/UqjTDFF9owWH92R1+xRDgFsvH4M4BfZ41utsLB4PDg0cQ+77/36e9MN09Jxbzmi4xMVJfUe6i/Rz98M2bJ12pMuBLVXz+UUXiwtIOvKh/VoGeuhAibOlry9gAvdsgx3kYpekHGc9luDRd0a7XCF0Ln6erQ4=
vTiXY/letAxhSPv1yI90/PQdxHJBUGnO9UtwGrG+2fMcaB0xxoDXLZINGfka0saTZAP0BvGc220VhC5/UqjTDFF9owWH92R1+xRDgFsvH4M4BfZ41utsLB4PDg0cQ+77XrUM031OnDwNMHox8vNmka9FmFY7V2seVR5d0TwQC9Yffh8W8ZUxxjrBXWb3kJ/2phFtadBp9LT/GIaUQepgrj1XoCYcEzkFcD/nqLYkxmrAsa0vYxTvmeKMh3Nr0m5O
vTiXY/letAxhSPv1yI90/PQdxHJBUGnO9UtwGrG+2fMcaB0xxoDXLZINGfka0saTZAP0BvGc220VhC5/UqjTDL3B9+kSr//oYNoFIVrnyqgXHWbRo3P6J5Q7z2fOiHGW0VkO71UL1ednmXdYLjy8Jf09LD03W20lPMA/K40yposnzBWJ4ujFypoBZy+qaBq+a82vWsrLwOgxPR+VuL4QtQ==
vTiXY/letAxhSPv1yI90/PQdxHJBUGnO9UtwGrG+2fMcaB0xxoDXLZINGfka0saTZAP0BvGc220VhC5/UqjTDFF9owWH92R1+xRDgFsvH4OkYOvhRewuWhhocRMV8IWDVjfzPnLRcSqF69kFPhbM659jjoGhrBvZVaXHOw43PznUCGvJ4PXitghtgO1QGyliHs/FWgwXMi7izvdBaHESTUwYW9kgWz7bpdqNSPUyV8c=
vTiXY/letAxhSPv1yI90/PQdxHJBUGnO9UtwGrG+2fMcaB0xxoDXLZINGfka0saTZAP0BvGc220VhC5/UqjTDFF9owWH92R1+xRDgFsvH4M4BfZ41utsLB4PDg0cQ+77bmUopyR/kobZwvnxq0UKHAU6DueEEX391w8FFALVUYtA5BP1QcmWgLa9knxxEB2kVNTzHrGa0tdkFJ0fgmFYLLZ3J+m9pHn81HqhJdAffTI=
vTiXY/letAxhSPv1yI90/PQdxHJBUGnO9UtwGrG+2fMcaB0xxoDXLZINGfka0saTZAP0BvGc220VhC5/UqjTDHOiLOYuUwSZAsYvHlPe2XRAkVfi41VIXxQx41Uopj/1uAkolnx2cuxiICuwBwCCWyEzFjQLvLIUx92DgcKyc00w8KZKCzA07WcXj0xIbhTYJ86wgsd3FnJTVtIMcISm80IRwpIUihkZ7EC4woh8l0ymlnhf+1FPoKtIrNNTQa/h
vTiXY/letAxhSPv1yI90/PQdxHJBUGnO9UtwGrG+2fMcaB0xxoDXLZINGfka0saTZAP0BvGc220VhC5/UqjTDFF9owWH92R1+xRDgFsvH4M4BfZ41utsLB4PDg0cQ+77P3TXrgeSyV+WVOejqXsF6CN9+2NfrDKHH3R47bJy2J3gY6ant3QF5hfGqc69jkgGP3w8Yh45zQ3xfip0m9iHqv/awJ7OrXhvbZBalVM+YIE=
vTiXY/letAxhSPv1yI90/PQdxHJBUGnO9UtwGrG+2fMcaB0xxoDXLZINGfka0saTZAP0BvGc220VhC5/UqjTDFF9owWH92R1+xRDgFsvH4M4BfZ41utsLB4PDg0cQ+77qc4MO+WF1UhyA0guQ94f9/JsMwl+0VjMFRg5RHGenYYhH1mPsGK2u3s83Q+mXhqi7zRuglzsRJuJyQTNfzVTmpFOZ0M8mgVVk5KqD9geLkU=
vTiXY/letAxhSPv1yI90/PQdxHJBUGnO9UtwGrG+2fMcaB0xxoDXLZINGfka0saTZAP0BvGc220VhC5/UqjTDFF9owWH92R1+xRDgFsvH4M4BfZ41utsLB4PDg0cQ+77XnRyHNhmnzxy626kSPnDsV7qvYAPulDWBhw0UZf4sl+hNoaUgIFPwn4OY0yl/ISChsux8mXwzfW9+65vcFbmStSoXx3OZz0UpA1by1s3aqw=
vTiXY/letAxhSPv1yI90/Owlr6y6RbqDGi3z65Ybvu9/PYxjWCcRz2HsriOtweyKI+kNbiq79M35gS3khMZQUw==
vTiXY/letAxhSPv1yI90/PJWvqpzFbaBZgiyLINOOHCYkla9z4pqe4S5Tlwdmv0KxKDU0i7eJ1TIC7sD8mllmQ==
vTiXY/letAxhSPv1yI90/Ob3324pq2lB6qWnAh2eptEupq4ZmaFVgFib3Azy9k3N+EsgVlG7RwkyKBjU0Px7Ig==
vTiXY/letAxhSPv1yI90/EsgpigTq4ql9PQCVQHGmxgyznq58okMPoPPGuuN0DcWeghoLd3EzqoSP+mDfnKjKQ==
vTiXY/letAxhSPv1yI90/LbuaUCQ9j0EZwg41p0Qjdc+qB8ug9NUr+0xeJLv/hkjXLTpNu1+J8wgeIYmk/wuqawZCGwiRFaRs8BsXIMxVJR3FkcdhSVEn5df+sjTLxmCPsUxTAhaopMwcsc+2HHPvJ9g1olhCmcN/M3ZSpdmtHGEMQ1Y30qHVtQQiuKshe8mzZ3BbvCzS7fvgRZZwieskfrNvznFNoiWGOsE3nJls47zVTrhzsJbGOKYTUofeUfp
vTiXY/letAxhSPv1yI90/OSaX4B7qCIBagN8jem3ZJeYHVZRBhPrEiDWS24fRGAKwB59ikI+ShNwQzOjIyHonw==
