GmcONIA9PFzHw1gpPLLPoqev3ytAH5KO3S/CJpMsylg=
35kyjVfwBJgytCi6KM5Vug==
FNt9orFfFSbPIXNSbXcP2Q==
gE2g7VQeqq0h5MkG44fPUw==
A4ZCFW7RnVRfEnbtNxUDb8VFIQmzxcIFLuiIjRY2q84=
cwgQW1UgxyVfBeSrdwXHsPE1eoSAri+NViVSjTYe4hg=
pYn3RyiaY4vz2unSybTHuw==
mAzeFbkWBGyzJRgEWJSZYQNn44wFaguEUnqkvHVinQw=
NiGef/LGs6v8Em6sqLz1GYGKB0111uCW/TAqgkiW0+w=
2lfNnhNY+w/3xMaMUxJbE0YFT/wvMlSDz8Vrd5FEs18=
a/Cr6OvsZmiWmco+W5SJtTiVsA3oOgsycPW0ChMdWYzlY87+S8LJVvc1tEAsJdK8jH2IUVUkDmddYN2N0jqyBw==
a/Cr6OvsZmiWmco+W5SJtcsgfkIxOGZIiaeZWTkkffQCegulZk3Nl/CmCehLs1OwVnEw7zqiZbg1PORYs+joNA==
a/Cr6OvsZmiWmco+W5SJtQIMvs+bOpQx7zu3zzz/I4dHeDvOwR0YOGSdDIJGRaEDW+3mwgJ5HmPUs+AspLKOaA==
a/Cr6OvsZmiWmco+W5SJtfb0ErZVEdp70AjbXT75ga1RwF8a3ZRJBCmCWcM9duh6yXo/1dVdyyi3/foE1DIm5Q==
a/Cr6OvsZmiWmco+W5SJtU27N42cz/EZIA+N4Do6EaTHmS+7RO6V+0K4pbWIlPgUvTJboV3tCY+aKmcibxMVTA==
a/Cr6OvsZmiWmco+W5SJtSywPBBS6HaC+Z8cTUIsPBBKdFjH3m5fWdXxhR9xMZz4fjP3GXPxcmzndBQK2r58VA==
a/Cr6OvsZmiWmco+W5SJtb2jXXG8ESDXCnW76ebmsE1rKIH3twe8TYIoqh+IsC5oBuRcCoeouIwrC7dkDQjfk0x3ti1aqOrSHAiUU/z6CcBq/bpwitsX/Ltorw3/algs8gdD65TW/hQ8MydzF0/uqfVLzKMPpkr8KHBNfkHLNT5iX9LSnh99nXvQWH/QZbSmO+kz45eS4Z16MsrS6qYyRDgTOeP9973TeODwDwduXdY=
a/Cr6OvsZmiWmco+W5SJtb2jXXG8ESDXCnW76ebmsE1rKIH3twe8TYIoqh+IsC5oBuRcCoeouIwrC7dkDQjfk3EhbcQ2XzKjjG4sk+DVf3FrN+nYX0mmdvOFIzXDVvN7t/NwALNIqltCULvVgt4J2NIcNKIoMT0WPlIaXQ1ul9PNH8SLnDNwABoYAkSgDswzqF+XOAk5EuVj2kcLzdI8I2BwW4CtdPmqkT7z1RwCdOo=
a/Cr6OvsZmiWmco+W5SJtb2jXXG8ESDXCnW76ebmsE1rKIH3twe8TYIoqh+IsC5oBuRcCoeouIwrC7dkDQjfk3xF62aOf84KHaJPwxTajNBlJwMxs1cAY1M+mGeOpHTooBTZg52XjnwP1m6pVDwYNbT7/7bu3j2MxCH5XkNqfAv4laxKpgXwx3kMlIyN8ANIUsTYTs9OL09HLRYfyC1zy+R3ZTvevttw7zEGJv1cekg=
a/Cr6OvsZmiWmco+W5SJtZ3wIaQiV8rSXLOlOOSisHMacYVqkyF84qeE968wHL2VcVm1B4smEqz6z5yakzueB57fZtSJ9crHXOztao2x9ve0CDvwCQ57cF6b+98FInR9uVLRNkjesMg/vDHJGgmvS01ecms72W/WFUSsJbMEpBc9B394TrZLY5NGNg7Wb84DX8f09LlbXYRIDSaZpDadSxMWVokMq8ZVS64nX74jcUA=
a/Cr6OvsZmiWmco+W5SJtZ3wIaQiV8rSXLOlOOSisHMacYVqkyF84qeE968wHL2VcVm1B4smEqz6z5yakzueB+uh8HQxa2RvmkQTvC7DQtCSB6Xj2cpgWBJve/dpwUmolnP/EPcU1hfjGOojW7w23ZcEFvrnflXy0GEIVY8J8LkyNkaeXAJBZyf4SJqGNDbYSF1k45ky0OFjzGe4x97x8w==
a/Cr6OvsZmiWmco+W5SJtdLpNwooU8D17BVe9s0BwvTXtbhqTne+j+EwEByGm0jIVU8diQaJEjeHc++rJ/7yiTovvXuRtph+k12MaXU89eEhYjHBjW8rKLZKBp6A10SZXYiZkoHMQ6bnz5OZAlU6tvaF4Q1zr5k7d6C4QR8xbixgbMGgwsffuLkLZ2n95qe80IntlvkSHpTUUmslCVcjTNEdmJQrkcemzedVC7bt6n9gBQ83NWRs1BVYFqKrlhFE
a/Cr6OvsZmiWmco+W5SJtWjGiiveDuepsvr5cpIGKk2+bdMFzlTuUG3k9NfViKhOJsF/NflLPP4tkvaaETaHvO6ppkcNiJ3SuHHw0NTNbS1pzOr4UwrQrWtBg9R3nZCpa4xUcmG395h9+6L6Xj+OsZJoLsDZhxMv1DHfplfO7VGIeEsk58ebGkZZT54nJL14/+jtCVehq+65bgPQ0WSLa77Lb+UxBF9cxboJCRys4uk=
a/Cr6OvsZmiWmco+W5SJtdoFqyxE+rrAboM/v8vJkvMQtAx/OsuFlUueyogf/A4LLRjmenc4ijqACabqTE61dL+eoi94laqgw3CfFJgHtLZK6I8ijddtbd+mlzsPDd46KOzQTgxje2niD18wEZhB9kSpIz//jcLTT8NR4efwEK3VG22awTcHKpoN+q1xP3BOGaOVWkETBVFmtEdzPaEuj13RusPV5xfhmUAjw85r31WaCQKVn9i+/sA1eJAasREU
a/Cr6OvsZmiWmco+W5SJtWVbHs5AAuM706IyvLnjsgs2JhyJvXkcGzLi1OO8/PPXRWgcMoiIRPUnRAbs0tu/XaGiZ6w5DIkKFYeiXUO+NKogEjZRhP5hcYRMmrCYmUaVPHnd4WfdX+JANm4l8w/e4EKuD4hEOR9maBK3z/61+3hPInXm0kE3j3QbHgfpu81fFlfGh2t6+XkCPps+sQy9tQ==
a/Cr6OvsZmiWmco+W5SJtRyt3IzOKS6rnQWiYGv7ULK09/DY/JesRGAbSRIDwWtOB7YBNj5ol3y/y/MCS1IIHDP6/9dB+fx0jjf7/H/RVdnhgM2kC9j0E9aIae5HS7ZU9BeR2dllBv73kN+dklcafL/jl7podjplMNHgKhnIiKrHbKAH6wB/RlTCLObc82Rd/v9gRzvHOKLfmzIiEcNo+j42KnqsKKTu2i2uP8Ycvv0=
a/Cr6OvsZmiWmco+W5SJtcvUaPS1rs3kZScb+UdYmYVSazBCIBA0IWzcIhRDpZRPuHy5F4nzB4nWYyuyrTstrWCOkZa2NlV0puhoom/73wbz1nQMm2mSGFxUi73oM4C2/X+yP4JKQd3CEfy4CZbRG42H4S5PO31h31y5rOP579Q5MZQcMQk3PQ4UXym1M9gu2aCFrTEYlyfw4sZFvYLLxhAb+E1j/VsCgneah6KFGQU=
a/Cr6OvsZmiWmco+W5SJtV3osT+nzO8ov0SnExZFTBwzINO3mwm3K2IbT3WemiLkURV0ozJQgVSujPhzfc83C9+howDaF0EOrTiMneSebtuZTavWHEbMz8QXvoIDLKY639/ByBNikntbJ0aLMbAQr/TwklfgEFiS4kWxml3W3OtCQ7xkj3hyrJDbYl+xVIkiWPGXa7acajUUmvs3ttvEyeTHyi+lkfs/FpGIRyaC+wI=
a/Cr6OvsZmiWmco+W5SJtV3osT+nzO8ov0SnExZFTBwzINO3mwm3K2IbT3WemiLkURV0ozJQgVSujPhzfc83C9+howDaF0EOrTiMneSebtuZTavWHEbMz8QXvoIDLKY61NmDIoStaqyv99Jy3fcD7Zv1Etqpu/jZ+fRTdczmjOkshrUd81FzFKJr5zmmnwXRRkRXh+MdRpSCzKXnnDn/92eKlSj7HzuPNQLDB360pBA=
a/Cr6OvsZmiWmco+W5SJtV3osT+nzO8ov0SnExZFTBwzINO3mwm3K2IbT3WemiLkURV0ozJQgVSujPhzfc83C9+howDaF0EOrTiMneSebtuZTavWHEbMz8QXvoIDLKY6LlT+1kdieoM1vbIAGgeO3V6i7n11ZivwEpqhPBfNhI8ZQhY2bNeou0qBWvQadvkJAIPL+kINijBVLPHAdI6qYxTMcDkhEO045is0la7WNzg=
a/Cr6OvsZmiWmco+W5SJtXr9PgKf9vCs8cEk1tMBRCNfWPVhMv538XQdnoxUknWxwzWPMElzKXZenbbUf+7vO112MUT36LFsol5ZKt9CuJtCJFuNAYSyjRD5S2FIlSntwbS5o4D5nRQ95imyJIMp7BANm/+b2gkMfaUASDjbGb2v+wDa5BKadvFLGhJENT3TLID6o6yqTGukF6thT147xNTNFmoWZxxzLP5uuV6Wlgk=
a/Cr6OvsZmiWmco+W5SJtXr9PgKf9vCs8cEk1tMBRCNfWPVhMv538XQdnoxUknWxwzWPMElzKXZenbbUf+7vO62N4oXRcTa3aYyn/9Zfa34M+GCKtN3G5pIZ+/i4nS4jP7mNFlCzazBToApzk3aJx4Gb6yeBkuVqhWTr/QO9BUdTIiEPV28bc7HFm282VNQOhuFDIFle8+Rtu+a2+aDSmBxwt8qUTJtmargEmzxeedM=
a/Cr6OvsZmiWmco+W5SJtXr9PgKf9vCs8cEk1tMBRCNfWPVhMv538XQdnoxUknWxwzWPMElzKXZenbbUf+7vO4ouqyI42Iw6oApbWpf3VMf3GGmLzCQcaJZJaliP3Tae6P/8cGWyDNvEcwmyYKrYUQ0NqRO6Q84t4NoGjVODAKTQa8aMQtiysHA1okM5Y7Ww49KoptPw5n9e9ShehhQ9cw==
a/Cr6OvsZmiWmco+W5SJtWYg5q7K+GRO909wWhj9jm5ojg6nMMRf4BsPXiPYpQvH+1HzCczRjGon0UlWStQHMYestZXObHKOUppefQz8x+IR+ZeRACEyz3AlwJBFS5qXt5188noKPa8uUTJ1+1+xa8DzQ8SJK6gowOqC/z1zJECFOgWzfP6QcJPuL1GuDYL1q2Ln6BhZieol0cJvLeaovnufRE/tb4v51RyN9o/63VE=
a/Cr6OvsZmiWmco+W5SJtWYg5q7K+GRO909wWhj9jm5ojg6nMMRf4BsPXiPYpQvH+1HzCczRjGon0UlWStQHMTE27Lb2zzkR/pTR/Hhexe8X8hYq4ZMX6/pk4jAaf/ZKyP7FtWdxb85pR0tKUlHmaG8FmuG5xsXOzLTRSXABrc66oFMlPbIKQ10zhsnDCfRm2pH7CymlP/iCmDJD9O2m0AC6nDeaK0SyyJSHA/NxQac=
a/Cr6OvsZmiWmco+W5SJtWYg5q7K+GRO909wWhj9jm5ojg6nMMRf4BsPXiPYpQvH+1HzCczRjGon0UlWStQHMYestZXObHKOUppefQz8x+LDwDR6uVse1fVjuJDuPeJQPNxvfm9QYKAs858wZsjtHKUWpo2HmCgBxzHE+fJ9Ks+j/+I8/1Gpxmqwr3FM6fzUgVqQpTpyAR1Oy8GsetO/NXTDNDlyiBpkzeFdhcJlWqGQFyPaMJOmWtW54T83XoZd
a/Cr6OvsZmiWmco+W5SJtWYg5q7K+GRO909wWhj9jm5ojg6nMMRf4BsPXiPYpQvH+1HzCczRjGon0UlWStQHMYestZXObHKOUppefQz8x+IR+ZeRACEyz3AlwJBFS5qXHXRjRxHwsW4i7go65fEHP9bPca2K61XTef1g3E3fBtsztCw2L3QejE5K0RepdN4aWSqN4MEbCNMYfnh3iPgi9m6PFNBHQ5/3MtLbKG9JVUo=
a/Cr6OvsZmiWmco+W5SJtcpn15EEjz29waf2P2pQDRO+bZcUQudAOSd4hh86SxpOd1iBkT2YPYc+hmNnGzr1kiT8mpDQ6PhDVClr/aK25T2RNkbhRhsUX48A+W3U3yWdl07UH0rBzDwjtVBC/38OVHdUqNfkfgiXXnNJYrACWJu0BH8qDMzSF538sLGPBG/leUShBrmgTGeRhE8OC87evOFQsoQLlDH4DQtVRlQ+OYU=
a/Cr6OvsZmiWmco+W5SJtT1iBOIbmGg6k1fmOMXcAkOaLyqdEzwXBrSL+KQSSVe6KDQzMxy3osFBb5a9xngmzOKqW6hcNNUpqr2fZKrUmbvPSJNCbDdwyV9XpQNXHpNjHioTE6QMjoBWXvnBb5gkZ2i/0lTypxSlNkyYNhNnE2XRdiUx8Xy22OcSaguczygnOXU5gcNsEO/cUeliZMXo7OmLTOz/x6qNvM01bMsq8kE=
a/Cr6OvsZmiWmco+W5SJtT1iBOIbmGg6k1fmOMXcAkOaLyqdEzwXBrSL+KQSSVe6KDQzMxy3osFBb5a9xngmzOKqW6hcNNUpqr2fZKrUmbsixx9K4cltp2qMAnDu5Uf39um5SLTg8L8Vx0IWJKylvjHtm5ZTvXExIms2xMLWKW30rDs3v5+RpTtj6w+jUexNUzQe+8znFYefxZk/BhMbCkmHoPkNlEeEwHn8jlOKSiQ=
a/Cr6OvsZmiWmco+W5SJtT1iBOIbmGg6k1fmOMXcAkOaLyqdEzwXBrSL+KQSSVe6KDQzMxy3osFBb5a9xngmzOKqW6hcNNUpqr2fZKrUmbsixx9K4cltp2qMAnDu5Uf3AaQMVZHaHmiVSTX6yCFmyJ8ujCtr7e+x07jGFf4wFBxCwXLhxY7Dq3vzOU06jZAszJjvfVwTf4ryYn2P3GbTBBaC6zMqqv2g63Db58W1nns=
a/Cr6OvsZmiWmco+W5SJtWVQW/ffus/LVNg4FSEhUREA14o2WX8GFVQj4QjmyfweD6o+9jiir9q/rqm2IJ2d2FtZDE6pIjRBiTu8iaysVyxZdXC6eWzWdJbUSQAzvOPSYLt5zjnqjdSVI3oVNsOKx8h4g0Wcn/7LJTdWbo2Z5ttbhkVCXjXR/24Vu1FHHF+iztBQ+6NZNPsmBarcsRb2ep6xqRz1zByOfXnqO6/4SrA=
a/Cr6OvsZmiWmco+W5SJtWVQW/ffus/LVNg4FSEhUREA14o2WX8GFVQj4QjmyfweD6o+9jiir9q/rqm2IJ2d2IXjOJyXOjJrYLjydotghBkze/hoBjzeqqPvdtq+KiXPXgOEDQpQ/b4uaQicWV6gMDjx7jX9R+IMjYpoHqM5vFfTQtjdM+wvMm3+rkcjUAce3fjA8Nmpr6nx5D35omzZFjRdkZDG75N2YKX4wXA/8htnlZBw5MyeflOF1aqB0+Xz
a/Cr6OvsZmiWmco+W5SJtWVQW/ffus/LVNg4FSEhUREA14o2WX8GFVQj4QjmyfweD6o+9jiir9q/rqm2IJ2d2IXjOJyXOjJrYLjydotghBlJPy+JwL/bfHOP51e/ev/kqwPxOEh8RTrwT7WeaVFN1h/XJ5VhWaZNQPrs0zCnvVEDJAwBacOTmgmCPCVSMv9czJpnr8LvUjto7I3rrxOHOdZdf9dpX0hUZbM8tx5ARxU=
a/Cr6OvsZmiWmco+W5SJtWVQW/ffus/LVNg4FSEhUREA14o2WX8GFVQj4QjmyfweD6o+9jiir9q/rqm2IJ2d2PY93TIrw3m8t9QGa4TyB6jAsg1JLGXYPobAO31DmrptpJgBkdcN55LZ1ylgOSyYeXZtLB9D7i1xsTXWnQt25d5dke2BW5InEwMFT8zUGpRkhLWL79UxJ1AUVqigq7eOVw==
a/Cr6OvsZmiWmco+W5SJtYFw+TTtKNCXFV8jxjxT6VwStCMCwex8FrOXYE0t4v9qoXjOl8v9pcT+E4h5ppfePydEkdYlny9Xyo6vCgUCNlsNzo/92nzEzjXbJKFDlmQ48itGcKlCjCdc79CKu6tYblJDfgPR0n+OCztRrat6mm3+71EvfLxCwAKwM+M2TjMRMAe5y2wtWVhlYi0J1b2EytzdkfVjlE38IKIgV5dznj8=
a/Cr6OvsZmiWmco+W5SJtYFw+TTtKNCXFV8jxjxT6VwStCMCwex8FrOXYE0t4v9qoXjOl8v9pcT+E4h5ppfeP6hjlJUeaTR/thr1E8SBF4T910fNJHfKA/6c7DFJLWaNAUJHidKmwixFIZq+PZxeUFqkSh0v/91jyX0oKmsmMGhG+BerFc5nn3vcyH1GOJIoE+NfFQUwpT5e16sNuARibGwLIfjcvkJLdFk4i1YugdI=
a/Cr6OvsZmiWmco+W5SJtYFw+TTtKNCXFV8jxjxT6VwStCMCwex8FrOXYE0t4v9qoXjOl8v9pcT+E4h5ppfeP6hjlJUeaTR/thr1E8SBF4R+q4eHTNuZMqP74RAnpk3DX36/CSqmO6O9Hj/+P4fmpodkbXie7ZDZufB/qKlJGxAzX7t7WjxiF/D/3MOSaKalbvTHa4OVqxjs1ISaSlNzAAEQGnN5m524p5GlvRD9mwOm8HOwlBOJYfbcmApai/ni
a/Cr6OvsZmiWmco+W5SJtYFw+TTtKNCXFV8jxjxT6VwStCMCwex8FrOXYE0t4v9qoXjOl8v9pcT+E4h5ppfeP59U8WxzaVKizMKgWuVvs+uj/PONVukXvlBM0HQJpI8isTCI8+tov4xFNwbQ6xqL5JUZvtNI9RahmKd+ntST0bcApD+xzMPSXJTrzTUbj1nEXR1wr4Ii46rEm4NEjJ5QjA==
a/Cr6OvsZmiWmco+W5SJtYFw+TTtKNCXFV8jxjxT6VwStCMCwex8FrOXYE0t4v9qoXjOl8v9pcT+E4h5ppfePydEkdYlny9Xyo6vCgUCNlv0kId6RD/KFdDoJIjCk+zjTnxaD3R+UfOPLLp6AaAXc1qEZ2+OEIRZVgabU6hUhgY/9Jqi5mGaUlsY6gxt+UEMpxn3ZHNys67c32wRtDZpRw==
a/Cr6OvsZmiWmco+W5SJtT2KN13AAMwzS5nh6sTK9k8wDiL2My+XPEm2b8fMj/zgnzuuBbp+TkMn0DRu5f8/D//rl+azN0+lfgFaS9KUlwZGXzaY/OGbWSs0Yn+osuSz0ae2wVqUELtyGJv2kG47yQL6lWLUHsv4FJw65Oo0+LnGmXEgWLS7wEYOSlN4wIyALUfxKqhq3zvJjFAVOPQp4j1GCsyGPC8bEm4UB4zPykY=
a/Cr6OvsZmiWmco+W5SJtT2KN13AAMwzS5nh6sTK9k8wDiL2My+XPEm2b8fMj/zgnzuuBbp+TkMn0DRu5f8/Dy63zUiAz3JMUC8Wsj2WL8SILev/FyG8hS0I9TQgswJMG5vc3QSyx0/yuD/zLOgxi+Lu+gSAJmIw5VQyFqV3kaxTcUu1wB4DmM/f1iyIKLyK9tAD8dhuI7H6d/sPMzVsUQ==
a/Cr6OvsZmiWmco+W5SJtYh7aZ5DKXDa5ZtoLUezX0nAHlF2fM6+4xRP8PmmjgVmZPpUKdDzgpbu/ZJaFh83Pf84tuTs35c3yzC+psHOLGNdlJMRdptR1SqXqwRCoh+0YK7gczcznXt0Ukz6nPab+duVTJqTrWa2+LsU/8ie6K96YrYtjGT5/rf8+Z/8RIQmHSn/vEmHkwPDsEQ/RBUCybdAT83cMSIasqHuOnpzbbw=
a/Cr6OvsZmiWmco+W5SJtYh7aZ5DKXDa5ZtoLUezX0nAHlF2fM6+4xRP8PmmjgVmZPpUKdDzgpbu/ZJaFh83Pf84tuTs35c3yzC+psHOLGNdlJMRdptR1SqXqwRCoh+0PDR3vOGMPnvCOT7+kjKrpQJuEcK5PPUn/n9lqb4gntMRphLPtn1fZmBEnF1bygBtR2GFl4IJhjZ3EXr/v5bAwQ==
a/Cr6OvsZmiWmco+W5SJtYh7aZ5DKXDa5ZtoLUezX0nAHlF2fM6+4xRP8PmmjgVmZPpUKdDzgpbu/ZJaFh83PSsPwQ6kxkcggK3ld3+tNwmX7rVl0/IaIKcmBBGGHQXcZf6qVm6W0/AFJ3E8Nm9J2Tt9vahzW5oE2GfKUao/hSACED3zJ8AokxSYe5Hx4BnTeD2perL+8rGAj1TaH3jONg==
a/Cr6OvsZmiWmco+W5SJtXiQI75b1kugvHk90nZHLIvuo1fjNDbzb6wtx30hHJ6nDUROxbJUShnVP64jrWzoDg==
a/Cr6OvsZmiWmco+W5SJtXXhSDqVNcoGj8NAUEI0u5Ftf3KRKkaMJ8ckJ68YnanIT69kpg2TorZZZmNgqUsErA==
a/Cr6OvsZmiWmco+W5SJtXEaWLctopux59xvHuqqC4IE8IN8+EYETvLtkvgRhuUO2qDawTD7DewfHVFHQi5arQ==
a/Cr6OvsZmiWmco+W5SJtXQt5nMGOx1F6ddpDK0anjOFYITDElESCL0BKHM4fArS8qVBog7nXsEDqV5Oyg8moA==
a/Cr6OvsZmiWmco+W5SJtQMkFuzLuxRKYpNREueOMHcdZtdaKNd2Zh+AaPAjBXWP8sISswdAUcDwEKMWtTIy/w==
a/Cr6OvsZmiWmco+W5SJtTUiAPTSVVV8yM0+mJuQTQK17koxBpaQFUarziROU/OtTZchLpqWhhlsHKCsyAdYng==
a/Cr6OvsZmiWmco+W5SJtet1PM9rhc2oS4jCd+GBgXML4KX8Wktf1V8dSSRllAn+86TB7SVI1TBzPevGB0bH0kcOPFX6+wG5v/lr5xpNQMes6tAx+UgvReoGZ11x9iAadalhClDoH6c37iOw+a2nkH5QxTvG4VLM0JH5qvkNVqzyJTcJ2+NHtKbvVqpmBFixM4GPZpksv7PPqeoDeUK1htr88V0SqOq/wYRdhVtKdlQ=
a/Cr6OvsZmiWmco+W5SJtfySiSYLv1m2TCfrNTJ8dTnjZ6VTxJ8mB/zrYKkFhYp3WPs3KVjZT/Qqs09OwtK+uBOVJbvZorUshHYYud53zJKIfydeBByBLzEd2dsnjmkPiFl57xZnJiD3TtDOq6NiTE/eVil3jZbOL2q7VIhE6s+JQH34Td94dX+uEmc26GFjGWHe0n0orPTPwf+VOXZfbCEi/TnqeXrDnBy3EaZ8ChE=
a/Cr6OvsZmiWmco+W5SJtXaZ1idXta9gEB8f/JtTg8FAFzGDkInwH0eh7FSBmSZ1FNneeNj6Ee8ryYrBV/3zWhL8hUBu2NMNOrLBEYa85mhWUW1J3JIVsFpLMosV8xgijN8Zp0Yli4ikDZqETIqd2kj6Stp08wK/G8tuULpp+PpJILX2RKXqmKCN417MDbFL9ViehJMl1RI2zG0nxnKPHW20Zdd3MB/XUGWjwDWEPU4=
a/Cr6OvsZmiWmco+W5SJtVotgEJJn8A57q3v9a8ybuSAJmOO9inpmIMNxarZXsYYZ5gNWsghweBIuUVksrS/xJH+YI+ZNAQIZHMNUL95EPhYu9oHAOUHjpHoXHv5rdlotejZvgGDJGfJ7z/ECLGa1VzJvvmehTZ+9P+ZuaqEOvimTs4qioZqWQBu/7+2qcPWJ7/nEFopfbWITSNSWW5ufqSi2CKTikKYXW3W78P4DHY=
a/Cr6OvsZmiWmco+W5SJtZ7WfVPsegnzqBIi3z8FW44Ge/Bb1mUx2LXv8FP74MKhpt8L/8aPAluMRVs3ZUUSlw==
a/Cr6OvsZmiWmco+W5SJtSNRZmBvWugw7GRaq9pZrspiy0OnIN3DmwrFK0bviIDZEKSd4klUKIItc43l2Swjig==
a/Cr6OvsZmiWmco+W5SJtRfLxVBgqwi1hxvzV1uELhruj3E2Luye8zgDeJC/zgdoHayZKfBhC2JgyQYpwu33gA==
a/Cr6OvsZmiWmco+W5SJtUtjDMsmjXHcgCkI8Ceos//7hXOwaBZKcDOIW27NhWylZgDvL8s2Xtfc0GNn2B3AXg==
a/Cr6OvsZmiWmco+W5SJtcVqEjWlaQxZbADHSZ0M2rWyuuSqd9gocoh+LpA3CbhnzZRPPcKtbUlEqolUYEYorQ==
a/Cr6OvsZmiWmco+W5SJtWO1c+auiKNoKr40O2wfmxZ7EDdMJipA12FURZI5LpU4IjfxyI3Kx9mOikigc6zr9w==
a/Cr6OvsZmiWmco+W5SJtT90uhR8gGaQ+OXOphgsh7qcqOhz9DUiffzy/lxEu3Bjhsvk4x1K1hxFVzXPkqrRhw==
a/Cr6OvsZmiWmco+W5SJtX2Vl1s3ZBCAoYTRi+BFG8OtI067mWEwtYTlDNGwTh4bVfUj9Bdmx0kXx+kPQc6U/koXpQJ/ghZtEoL0BKzsD9NvpPbc0B7rNXuZVhX6IBUMSRd4T/m3PhhzqkQyKwgZ2iExmmLRqtOMYJajuDqphdshTw4wyrhGqBJ+tjwYKPLtImeaezk2lPWtvcmlPnqTxJK/UqzcnsKZ8pT1BgAwjMg=
a/Cr6OvsZmiWmco+W5SJtX2Vl1s3ZBCAoYTRi+BFG8OtI067mWEwtYTlDNGwTh4bVfUj9Bdmx0kXx+kPQc6U/tFi9GK2qzLp3yhb5Lknhlp1hTvrvTdLy/qGOPRKFqTF8/2+Ynq7chWmpPOHgupunQRNToNfCRNrQnp/GXU5fguIBFouNPWIru3vWw1lF3dtL9Hmkp64eB4rmuDV0la4eA==
a/Cr6OvsZmiWmco+W5SJtUHkkMNLoeM+rpqigZnOgc4Y/7H6a8WeX2zG0ac3hzj/0a1ai09dFRqgRU0NDPwI+Vnrjn+MZeSt+hmsxXYyku4WnG7aYtbXR+WRbbGU+1/ds0VOahZvkRLOFYznbTa0yXKa6yqRIsn0Oc24b35qiDdbueCrYz8k9zE0s5e1rzF4lzDOyUdFSNf3od5ODV8RpR8UQsOUDd/PoPU/ZZ0TQZc=
a/Cr6OvsZmiWmco+W5SJtUHkkMNLoeM+rpqigZnOgc4Y/7H6a8WeX2zG0ac3hzj/0a1ai09dFRqgRU0NDPwI+Vnrjn+MZeSt+hmsxXYyku61C8LtQQqoqy7W5CJGbJXICniq/aysAJTZnQ/QFeyT2u0Ye4mGGsSJgV+7H7rvzJ2Ezw7Twaq6XSDW8E7yBrNhhkXJJNaUqiXoy6i3H841DfKXMFtVNWfG17ENWu605ho=
a/Cr6OvsZmiWmco+W5SJtUHkkMNLoeM+rpqigZnOgc4Y/7H6a8WeX2zG0ac3hzj/0a1ai09dFRqgRU0NDPwI+Vnrjn+MZeSt+hmsxXYyku5ReRR9SGszQoTKryitX+ZZv5qz7CS4SWPvAaLXB9L7Xb53rlN0omXYyJ4jGk7j07r6b4xcrn6wISJ0iYErEI9hhBgnHRTM3/RD7dCiDe9yyXNjYq45NYDpnGD6PgfB1gy+IlszskgZzDhq8HuJTunH
a/Cr6OvsZmiWmco+W5SJtUHkkMNLoeM+rpqigZnOgc4Y/7H6a8WeX2zG0ac3hzj/0a1ai09dFRqgRU0NDPwI+Vnrjn+MZeSt+hmsxXYyku61C8LtQQqoqy7W5CJGbJXIH3nzsXzhq/RJW3wEuBzSehqx+pIqvSZoWevG9+Aq892Z9cahBBwKUjcuaKacLXt8wqTteIyifO3YWZlVOh2Y2hymJYdxX4OeEGYnBYgOBqM=
a/Cr6OvsZmiWmco+W5SJtfMvrQM/+WcfmM+f+0gbGcZ97inONujVNK0J9xeh5RePOZLjUVlmGh6GSP4tSZKR5GgvOyG6i9fGYsinfxXel5K6MI4/y36TGyqGzKj/H4qeHl9GCmRVKygb9Vg9UI0XlzoeDUc38BFco+jUtUUZ90tYLilKxck+AfmqrVH4AySsn9SBLp8swO1nAQWbh0mMl7Dbo1XN55n5tHKqDH0zul0=
a/Cr6OvsZmiWmco+W5SJtfMvrQM/+WcfmM+f+0gbGcZ97inONujVNK0J9xeh5RePOZLjUVlmGh6GSP4tSZKR5GgvOyG6i9fGYsinfxXel5K6MI4/y36TGyqGzKj/H4qelxC8TvbNe8XodGH50QyFENDhxYGMfqQZKMeyBIFHmDVo5gcTz2RORi1Jwf/ziBq8Xn27EX97ZJgI9FGgesSyWqycg3ZtsR0KjGO5tZIkT2Y=
a/Cr6OvsZmiWmco+W5SJtfMvrQM/+WcfmM+f+0gbGcZ97inONujVNK0J9xeh5RePOZLjUVlmGh6GSP4tSZKR5IJqx4xfrFT7m+PSe94f3Zknnk49lSCQOqu28M6TqX0XkrRo+b8GCEVDMMMJkGIVSIAas2udBSyUxFWGV4NQ0IbcMKfaHMmszQq6ruiHFrtgu69ACWJPdY2BiHdjCck5skKmdjjLZS6/jGUDsM7ir4w=
a/Cr6OvsZmiWmco+W5SJtVFeFldYXXVtWIe7GsAQy8DOBreFcZ5cbTV+Pi2FcDZbDayy/WL1KQ3eeLpUbm3DvhWUdsqd9arLOIe2Mv8ggZQfsDIMl46lMBhnOFwmVHAlrcqyPjeQkcx2NJonn0z4jUIlF6NQp5ownHZ7J8xzcLjPXXfXFcjxvArhJ/V/SI1Qq9nazgdHaMkmUtR7FoL8lO0lvv2KjcsBfsoL+AP+kwM=
a/Cr6OvsZmiWmco+W5SJtVFeFldYXXVtWIe7GsAQy8DOBreFcZ5cbTV+Pi2FcDZbDayy/WL1KQ3eeLpUbm3DvhWUdsqd9arLOIe2Mv8ggZSjF2OB6kqnb3scJXheThpv1VzrU51ieyqMuTigS2//jFidZTy69C4mz/aY8knXNSidgKPTTRm9QD+eFQFQ3yq0ILcRVzboU2TLUsIw/P+yTRGCQeEtoT4ChvdqatI8TQc=
a/Cr6OvsZmiWmco+W5SJtVFeFldYXXVtWIe7GsAQy8DOBreFcZ5cbTV+Pi2FcDZbDayy/WL1KQ3eeLpUbm3DvjA3NIzUBB7HsPZJLzIYvIKwmB6RnYIFxBg40MBhcIX1FQPRjH1Xfr+WZm+zFwAdm8P+8z9EIKWfdQV+6zDFivEGNIQONPvFvfH/9gCRM0RHSATeRb4fvEJbOZ3Sczcuxw8QtxhvwyH+YbNrOyMFGxw=
a/Cr6OvsZmiWmco+W5SJtVFeFldYXXVtWIe7GsAQy8DOBreFcZ5cbTV+Pi2FcDZbDayy/WL1KQ3eeLpUbm3DvgBZ5t7pp3BwRZt1ENHsqB3hjNHj9ePnBpEwkKaYDsuPhH8VyzX1GmV61ECNwDVhIahfyFoXaaFJyOkrDZLX4ehs7Y++Dnsdd9rTriLL2ooMmw4HahtPgmphF6/2OmMhSQ==
a/Cr6OvsZmiWmco+W5SJtfDa/3VW55B87bR4eW7No0q+BW3RQ6HmKhSz8QiXmgFSBoa/colNh/B3zaeAtmx/bWiIXxApgCCbqRZfAhLSRyeuRkdZE6s85iZKh39hbOD7hzSxcF/QNkTjvCErum9EvawD507CehSCxW95HsCXZ0vHoxvuk1JrRgmzks6JgaEnlm9OPjENC0ClV9iwmg4ONvQ81cSbMKTqVnG/sBbr3cA=
a/Cr6OvsZmiWmco+W5SJtfDa/3VW55B87bR4eW7No0q+BW3RQ6HmKhSz8QiXmgFSBoa/colNh/B3zaeAtmx/bWiIXxApgCCbqRZfAhLSRyf6KT/twGU7HWBTintRcx8Hkqx7fXKL353AUCn23KaDjyrOqxARMV6oNwvVK6RhFrODQ0ikSvrC/6+YlCSpyA+6ZFLdXaGiMZvTkMi0X1fNHhrXsduMzItnrhXkq18stnqbZL0YJpTJu7dwinJXfI1i
a/Cr6OvsZmiWmco+W5SJtfDa/3VW55B87bR4eW7No0q+BW3RQ6HmKhSz8QiXmgFSBoa/colNh/B3zaeAtmx/bWiIXxApgCCbqRZfAhLSRydZ9W6cOrAJcans5eo7PQ3uVoxIuVXmoU0EACz7isTl1SqV0iHyv1oNpeiPXlGvNw3zZDS4SNqxp80pMN5a2tyBZyqSyaVTl+GPw0xtnvlcXxnsGZ6pFgrQmuBmIQ8oc6k=
a/Cr6OvsZmiWmco+W5SJtfDa/3VW55B87bR4eW7No0q+BW3RQ6HmKhSz8QiXmgFSBoa/colNh/B3zaeAtmx/baf+CfDjRDwkVbM6bcuIYm7Lj/k3TjUdh1r6SezhELQ/6AMziX/mXKt+TmLFW1Rcdavw89PtBtxi7GLqj+FhFf+bwcMvytt8kV4fD6Skv3UTaMH0+L47jNdV5ZcuaSQS4A==
a/Cr6OvsZmiWmco+W5SJtY4mpEw3A3SDopV93UP+250Ul8ukDsROYr8mhV+zmSvJ0ItVcJkBn//OCqe3g+wCDG30Bgp6WU9ovv6ta6MIe5FZdeK+LXq+UKNmPxRQGXY654SBtOKQxvzIImlf9fbAHHoQUiWjtJYWZioSgBLvIrdN4EEdUra8We8O37mzcaWwngTPSMg7LWtqBqni9EUjJhgTdcEgzOhFsschNNICKdM=
a/Cr6OvsZmiWmco+W5SJtY4mpEw3A3SDopV93UP+250Ul8ukDsROYr8mhV+zmSvJ0ItVcJkBn//OCqe3g+wCDEZXQima4+K95xmsevwNYGQXTkV+figeWMCNzIEI8GRC6dTSCLlJPXpvk47dkBd2EBMKFI9u8DUhe482gz6VdDBhIJ9PJhaHAPlLoEXRxJLEfLhHopYFrGj8JpZFmLSNCA==
a/Cr6OvsZmiWmco+W5SJtY4mpEw3A3SDopV93UP+250Ul8ukDsROYr8mhV+zmSvJ0ItVcJkBn//OCqe3g+wCDAg6r+66iBEpZ0tk8jpRqnRSrTWRND1QiOIsoeKS+F/fplfFbTYA81cQrOSr9HIpuf/z5n1msqXoSKyonrhkKLIWy/BZ6DFr+8xOtJ3+gZ35iQrzkjAvKIaaB5qmga82Hgvh7iUXgQFKw2XelM7HAco=
a/Cr6OvsZmiWmco+W5SJtWlAG6LJ/uu9POqjxu2abkOzuesGG/6uUfR2G2RVrTJiHnNd46rGJ+JET3OeQyMEKGvCFeJUDGLbOS5I2PVHFQ5g8HDS/5sTrfcfjoeGVGJXfvj134puhBSr1tn6N3bp94x7FeZeAjLBDjvoFqxoqk9QSQIIWZXsYOu5SLdUnsSpknnwD782yoTT+65CvDJLdeW9hzRt9wDUM21tq9jY3vg=
a/Cr6OvsZmiWmco+W5SJtWlAG6LJ/uu9POqjxu2abkOzuesGG/6uUfR2G2RVrTJiHnNd46rGJ+JET3OeQyMEKCU6vjP6q+gzuFct4h3ETjJhWDGap1d74VHLKVsc4vJyHgB1HX2NhgodZo3dpPpq2NePbz0PeZec0PylFkMTPJ9Vi9kO7SHnlGVju73WRsqXxUiltjxk3r3WFmiA0SiS2w==
a/Cr6OvsZmiWmco+W5SJtWlAG6LJ/uu9POqjxu2abkOzuesGG/6uUfR2G2RVrTJiHnNd46rGJ+JET3OeQyMEKGvCFeJUDGLbOS5I2PVHFQ6c5eVzOeQEXNlMpg+pW59BaLDis2TojdRcabfYWUfxFbjJ2KaczkWJwbGy+7wJR1T6rp0zz2YOoV2OPvzYdm+LxYyGZdZExwK8HFGHAm0fjceMl5HUL7HQkR5MAyvZauY=
a/Cr6OvsZmiWmco+W5SJtS1pSV4xyM42OnTyXvpZB+jFFGPbarmuu62SBbtq791dVDxp25jWVLLYf8jeWsY6TEHWrUWop+zS2/MTTtZ0SxbnLthuvADju3+ebaEQnYOsMOVklVrIchQpbZUa3ogONx7rQiABSlnWj2+e8Br+T4o+1ozWWrTlLnQJDXA5NrnHPa8brkk5O7qOdqL6u2SIEJZpKRmYyWj3YDmJAo0N44I=
a/Cr6OvsZmiWmco+W5SJtS1pSV4xyM42OnTyXvpZB+jFFGPbarmuu62SBbtq791dVDxp25jWVLLYf8jeWsY6TGad/iBdliBt6MIOk6YcQv3i0mDAS/sIXzLSrJJ2CTEhvcJiXkx64viEFzbW2HPrWx/ByhCTDWaat/aW4b9OMTPCoQbaXtd803jaOopAy3I70Fpr1flcL+Rax6ntFe3jQ9mD8gXgyQF4i07rSrvHJSE=
a/Cr6OvsZmiWmco+W5SJtUNuwawl7MJdHZ0eMpzAIxW6E49zYfbMbSBgQClHr/dIGIE7BO3eTsiUpCvjvgtgzsLOhHuLIRvhpGc5pM+VeWT1WnrOGAgL16iLe+tAkjEDSsZEQV8pYTpTmUZVZ7buHY4X+VOEIMIdiTIvpmtD0suZuDCK78qt476zbfanimjMgO2UrCSKykfO13rNuk12mbthw+M05yR/4Uk9T5NMlASloUecDRMEyXZdTd0yieiL
a/Cr6OvsZmiWmco+W5SJtUNuwawl7MJdHZ0eMpzAIxW6E49zYfbMbSBgQClHr/dIGIE7BO3eTsiUpCvjvgtgzh61hYZieGmqFqzeeHlx1H82UfgRGtA0oifEZoOTKqbS9kuLuWjPgN7tIcoXTWBCOr4WxsqakZRv3Ddsak6HHlY2W1SM8+RCSS5gUeJe/2FkzInaB8tSH/2840s+9bOI0g==
a/Cr6OvsZmiWmco+W5SJtZM1N/pUdRjLFaVD9PXgxzkdmMSWS0837FWLA25gCp6KCXdmRVOgM7M3psuX2rmWrrZZKt1KNdsx0o1v1mZUABu3126EybhJ5+RS21MDAgqT1vy7KatDr/nq1gc45nBobqKaSEo2t8w3A6VekeKllcCPaW0d8rN+kvpIKJX6+zeE5jVv3o6QGkjqnJg53sgOXL0xf3DjjGtdvW9/f9nzSVw=
a/Cr6OvsZmiWmco+W5SJtZM1N/pUdRjLFaVD9PXgxzkdmMSWS0837FWLA25gCp6KCXdmRVOgM7M3psuX2rmWrrZZKt1KNdsx0o1v1mZUABtfdysHsPBA0u6NJTga2rk7dwc2Izj4aeGSIB2bR38ASGn0+g/DCUh89aoacEM+jGpD/vBPD4/1GYU+r0u6RkYmUO2y1mTgFtNXQFHHC/uHXQ==
a/Cr6OvsZmiWmco+W5SJtZM1N/pUdRjLFaVD9PXgxzkdmMSWS0837FWLA25gCp6KCXdmRVOgM7M3psuX2rmWrpvQztWz0Zx/IpYePRcW8SRp0eoGxPgLb/Qa2zKWT7JdaYk7ZIMA5JU+LQNAj1lFAEEHXJjVwMrWOuMZRg0ivtx9OGnR5Yjj1cdr2sTLKay0oE1NgP5FdqgKC2S9AQcT461fOQd09s1vDZhi4n1ExwU=
a/Cr6OvsZmiWmco+W5SJtZM1N/pUdRjLFaVD9PXgxzkdmMSWS0837FWLA25gCp6KCXdmRVOgM7M3psuX2rmWrrZZKt1KNdsx0o1v1mZUABtfdysHsPBA0u6NJTga2rk7d7J1uguPKQtzLqlOsfq3EMhunqgmW4VOj8qsxpRvNTre6ugCKwWyWnzSegJ2GE3eIZy2ghpFbdw4K76DWfKXgHKCcIkN7u5kbROuEalLDiY=
a/Cr6OvsZmiWmco+W5SJtc+PehkaLtmskkEV7V0T0ZlPL4n4ycGOZw7vgdCqATPNAUJZ1Fa5/44LFbafl7QCBTF+eDWGYFrDT0xGsJy2jjUUoMzqgzb3BSFvjrf1r9deEwfuhyLMlP2p4YEdWI49WktL9AreNFi4KXuE0WLJ5jaBKqW/fYBkztkEX/AQHDEx7J4dUvMpzCxHvj8xWZArD7x2rz3fVJGUhI+oVmIsOn4=
a/Cr6OvsZmiWmco+W5SJtcpUwADX8Z3YAaUzVSPbKWkL+ACFfTfC4LqMsiPyOpTtfBlW6dmZiS2d6Pb70D/786J44S2C6gOtewd1xyBnkGIyrpnzcQIOZ737II/qdXkQYi6najfIyiFR19WYUQiXYkqVKr0YovTfVVXa+1tC/iQJAYLgXv5XdPd9h4Uw+HJQOwoFuU2638Fp7a9g4ZVXlGnO2bC6PR2W5rT0yHhOPl4=
a/Cr6OvsZmiWmco+W5SJtUW7TXBa4t42nH44TtJYeLAaMxdgV1iRd8GAuTwzRA1n8MKm6yjuc0Y9jUNF9iuuA6qx8mwZOdHueYG16n8tEkxCnheQ+585sx7zBwl5eMMMN1v/1hKfGLpH0joG4Gl1kqZ6GLb4ixO5dPm23EIHiE2y8npqINvG94w0VXqrVaglTLEegJIwkzWlWVK5jrniZ3ibEVXQfekWHrvbOCq9+W7c0Lzc7ju+mSXFHPo0lE0S
a/Cr6OvsZmiWmco+W5SJtT5ESXd5uwL7y+n1Ng9MB3K4ymAFoABK7A+Xj/JehWD0rAoMiizS5fTYWw6Kns+kZLw3Ns+OHgBKef5/6FBjP8LlAlHYmOhyagA6hT/TopzUvXVORs0cNPJKGmLpN7tHd3mSV5ppK1ACkuEE820Ux/rySX4w1Fk3vJlKtuCI/BgsF0H6nO+4bG3dlBsv8+Mn+C7bR/pnGTI2X9ABufkEil4=
a/Cr6OvsZmiWmco+W5SJtT5ESXd5uwL7y+n1Ng9MB3K4ymAFoABK7A+Xj/JehWD0rAoMiizS5fTYWw6Kns+kZPhF5wTHP6aKpB238sYp0dyT2tM5klJOlzXre96VT2N44Aq6+R8fRvTCBT6NQgBmo0xw7TjJ/67M8kWvf0IaJus6+bUcU63ajBLg2rvbdZp5Qx9IV1JZdzeVD/ffE0Ge+Q==
a/Cr6OvsZmiWmco+W5SJteAhXcnm6R2JbHmr1T2Cen4Y9l7YZ2lXhq+ZUDEM4rhWvZspiwR6cAnsQQySk+F5KACCR56HAy/UmKRbp7VLviOhBU/bvrq8bCYxVIBmn7gSYUAFtFTXAc8D4oLzSZELh6hoWhMShns5c6QsEk/o7UhqoWGE+9bPDi2O9d1vhfa6UrEoAGCP+4jKEneNt/qNKEYaPTK5LwplijH7xdB8K22DIoYwPPImqGchTHSZnt9Z
a/Cr6OvsZmiWmco+W5SJteAhXcnm6R2JbHmr1T2Cen4Y9l7YZ2lXhq+ZUDEM4rhWvZspiwR6cAnsQQySk+F5KACCR56HAy/UmKRbp7VLviO90fHUMYcdhhz9KPZnnR51MzBp7EaO+UXiPLwofjpdwUtLnb/Q4F7+dSWmZ3vNDmW/VhEzhxAzeV8tNdxPDNTiYLtBq5ifretKjrNyTmfJA0m0C0KAJqQ6xRy7g9eo5rM=
a/Cr6OvsZmiWmco+W5SJteAhXcnm6R2JbHmr1T2Cen4Y9l7YZ2lXhq+ZUDEM4rhWvZspiwR6cAnsQQySk+F5KGqj6sBIpVIjiu9XpqJ2upsBFcLmbajMw+egqjekq2D3DY4jJBZX7NHJhYNZ/qq5lQbYA5wUe5MmB71s92oW9g/P2onPqaL4XV742yROsi54AGC0W7VlCBZLYS4dtsRA+A==
a/Cr6OvsZmiWmco+W5SJtSFYL1SglT7qEckEC4SErrBv/CCwzXnOBZ2cB8GQHtjift9jvXV1aWeHMFGroa967w==
a/Cr6OvsZmiWmco+W5SJtSFYL1SglT7qEckEC4SErrDUC/odQ259Y8Yzc7IM7UH+TLw7DqDzMRD+vUu08Dft81hCFaUbkNjZ6FQiO/WtNV2t1fW+5+E7qC8cn5hOcAAB4cJ8jRTjk0V928f9IEy6609+4txm/EZIy8VmJNkxAfA/h5wi+fkNn5jxy0gCh7aF1vFFCUplxRTBgADYLu0CPCAlxtdI6Cn9nk+VrCzmbuE=
a/Cr6OvsZmiWmco+W5SJtednYyvLKn9FrNdtsAznA8J0s+AbczAKYwTspADkz5dzzASNq++RbNg7rBRbuGw9f8ag5KoYAMAsv3akPbtNNcJ89f25bRhnUUuLz4uEWnFJBb4nQFwjb8+IRDd2WTyF8cUQjDUec+Wc4ABLj6n73AklWQm4fzRhAB5AqaG4E+OExCr4PEmWDFhpVClohPT+DjJ2RtZ2kFXZ/SWhkJpXOjg=
a/Cr6OvsZmiWmco+W5SJtaWunf0bcqv6d2AbXtvBJgST/u4a+5UuOK5AoUBXMIZPU2xwUpOn11Udal9LAqRQyAIVi8cgzS5BVCaJkrjk06SSaDoorLsUDGTL8IYeOCATdpDYdQfjLeuwuWkdmjJIYk81pHGvq3k+uowE5i3ZHu8muDD2JxT1hMVrQjKLhRHTFMJgSYdVh2Cl48OL+u1Y95YM5OLidXbGe0gxq0jyKlA=
a/Cr6OvsZmiWmco+W5SJtaWunf0bcqv6d2AbXtvBJgST/u4a+5UuOK5AoUBXMIZPU2xwUpOn11Udal9LAqRQyAIVi8cgzS5BVCaJkrjk06SSaDoorLsUDGTL8IYeOCATROQ+NdIGJa7bs2yaN7bQPHTw/7WM7slAvISsJzoQ0Js/pVNPWZNjEyeXeeVAi1jILDtwA916SuP2xPcIiWNnUw8Fvg4Xb1jY9Vdou7Na1ynG78sv+QKTnzovafknrS7U
a/Cr6OvsZmiWmco+W5SJtaWunf0bcqv6d2AbXtvBJgST/u4a+5UuOK5AoUBXMIZPU2xwUpOn11Udal9LAqRQyNG3nOBmzVCKmxJHwtxAGXfIXJBUpn3OV00n3WCJb/uRk2FN0qWS0q6sPo/kfAScFrVLqipwhKOSJ3ZSgd0u3j6/LpXdknnIj/WnNhHUqGb0sQngUrSXmwKd+cqncBVyJA==
a/Cr6OvsZmiWmco+W5SJtaWunf0bcqv6d2AbXtvBJgST/u4a+5UuOK5AoUBXMIZPU2xwUpOn11Udal9LAqRQyAIVi8cgzS5BVCaJkrjk06SSaDoorLsUDGTL8IYeOCATZbBP5xZxW7X4nhGVvLihlq5LONq6lQxFxSaeWWmQ7Lsi1goRPIDkoAEY6uGlH3ut+ivVWInumRaQa1F/r37S7CzTeHuj+LghPYbv+5S1/jY=
a/Cr6OvsZmiWmco+W5SJtaWunf0bcqv6d2AbXtvBJgST/u4a+5UuOK5AoUBXMIZPU2xwUpOn11Udal9LAqRQyAIVi8cgzS5BVCaJkrjk06SSaDoorLsUDGTL8IYeOCATrYKuUAGScv9LAYHN6+XBvSriUNJqOrrWRvxe2XB5gqNln/wRTjQs9RE8/UjI1RMau2qwYXYHym7E7jUxHfOU9a4i95XjkyQaMtDu5s6szpg=
a/Cr6OvsZmiWmco+W5SJtSFzPPY8PxwZUvzwO/ulJzIpHCObPMMVWQi+UvPAsrzIpW+HZZLHLU0CXZ2szZ3AcB2JKP45mkMQU4v92K7vBUV6MAkG/cS3KuzEW78RQizNVjIPN/S+BrpH6H6lArCHeusWEIeZPXCHEQcIa/72hDuxu2nLY9sOCrVlJboYQYYAlQWayox77kBSnPnhPYcg0r9Y8xaZBgWNOcVqcBnz0uY=
a/Cr6OvsZmiWmco+W5SJtSFzPPY8PxwZUvzwO/ulJzIpHCObPMMVWQi+UvPAsrzIpW+HZZLHLU0CXZ2szZ3AcB2JKP45mkMQU4v92K7vBUV6MAkG/cS3KuzEW78RQizNZ/mAypEQHYBWectGjytCSMpbGthPm0Bnf6oaiqTVNfLlqmcZcxh0BhKXeOVrTRSelGQIL8B2VdlnBSxwNBFl7Q==
a/Cr6OvsZmiWmco+W5SJtSFzPPY8PxwZUvzwO/ulJzIpHCObPMMVWQi+UvPAsrzIpW+HZZLHLU0CXZ2szZ3AcHCz4o7KLFV/pQNZl+x2WeaRQxsGmAe5kdHujrsMyDjx+ctkpFs4nwQJq3pHABtBhoLw6W0IyEUkv0MD5xJ0mi5nkz2eDYMsuEQBJvBQIUZrPERZycpD3s3IDjJelv4zTvZPa77IgLu9jx2/s6/ZFi/xiSmdr8BGACavq9/7V7DY
a/Cr6OvsZmiWmco+W5SJtSpoOb8TsT1LPLU1wMFgT2kHG1G+TBhXF64xGkxZy3jUGtXKbaFVFFSYbNuhlP5CUw==
a/Cr6OvsZmiWmco+W5SJtYiK63TbgJYS/Js19zzJYUn/6WSTwVJgjEnmQ7JAgjz0hegIKXZQOxyEm6W7nFDwbA==
a/Cr6OvsZmiWmco+W5SJtYiK63TbgJYS/Js19zzJYUlxXJk+OzgTDlmfKWQMXlbOFQE+RBJT1YepUU15pjKEJ1hUa3F23o7/FrqnihF0gQqFdLexUCIQi//R6a44NnFgVwEeZ7MShEwrA6s/Ke2wEJOrJnCvv8/O1aK+Sba2ntgLY3HvDVcj54pqRK1x+kSKqoZ2gzDRB68DGbL87y42aUye9ZL0UfPDEh80dnNSeZo=
a/Cr6OvsZmiWmco+W5SJtd4ttaQWHgmm3JBjG/AjJWAZW7ZvVQ+dlLKjcJY62o8jrqrnlYM21dhlt6CJsmHPIhG2bvHQS2V+speb7rOSAGoP8KHNYZNPQOsQqozaN7odq9dQ39ArWE0+7trOhdTEf6P6YNKS7lLkEUVJvy7pz6ZQxKo8+lafjhDFLZ86Sl3QoeI3OEycSzzh5IdtVWpmuhKVIh3gNjQWLEO5gUjdj9EuFYsCowrI/2HC1MqR5PI9
a/Cr6OvsZmiWmco+W5SJtcMEzgwJ1HqEw5fd4rq5KqDVZAR11loYgnvNXBrR4M/2dNAf7R2Yte1WjE9E3jnrZQ==
a/Cr6OvsZmiWmco+W5SJtTBNJyKcHHBdAMhG/GfbSuZLWO4AE6+gaaUBXzvDCuDBCM39Cmb4mNjgkOGDSDltSQ==
a/Cr6OvsZmiWmco+W5SJtTOXjtOwfEWJmNXPnP0TBRADGShNBclBaqxURzV+TbyEKpG9z35bKz2Oy7pOWRrvoA==
a/Cr6OvsZmiWmco+W5SJtZwfBpwJWjw2rZ/vWTfeBdkhsvDfPVCMuYz69xCvKT9ud9CdzuPfWZ03hDHzRjqyjQ==
a/Cr6OvsZmiWmco+W5SJtVmpNFm2a6vK8xfS1hDCLIuVWyVn2XlN92CCRf+gJ05IfPkvqSWjB/YXXyR27UThpQ==
a/Cr6OvsZmiWmco+W5SJtcWfrx+ZcPgvG4SRGIk4HHDrKskKqha5FaaaSIiv2UgmzJ49uCtFdaOA2rxfRzHmycfIJrODhQj4qr12zwpsujz0qDIb1Qq2oZi83Dn5T6Buobr+YMyh3EV/exlGhBH8Imy1vrK5rInLjDWG8JYth5AK8S/Qz+ZhevKKJF8SLE97qg/bqWa8Mnjy0Vjg/0kVKdh/mskDEdKPi9VS9snO0bM=
a/Cr6OvsZmiWmco+W5SJtbryfGIyMkOvwur5IN1yn4XV6pLkRobqIaRAZWIq/taogahkHWXm9DPDfoae737aeVLqguDlaIpNubIS7PFCw+x9lJqRrlCFz4oRkQD62qMSt2xEbeO6r3CNuNUktNmlmbtMrSXH4poMnW4nel8Z74nzeOKuqZO+aMi5YXB65Ml80QZJ0yzB6bbvTRbUixdXxrObP2h0AMnL62JwWfyfRmI=
a/Cr6OvsZmiWmco+W5SJtcTbAbpRmmoKrvMzAaoFgdP6EOPWy/0c+Wx9nK8S+XT0jOeoAsmUmXAK2eyNw/LDAev77C3gyZJcLKt6MZjD9FX0Lp2F+Pz2vL51YGzeFGvCBBnSeX+XYDHYkLjslSCVSDUEmXOXfCoiFfEiarBs1bQDF6yVLuIZfViPX1Ktea03hCFKffKWhDx+JuvRf3EvjZwGDRIfRgOxSnbo4ERLdkE=
a/Cr6OvsZmiWmco+W5SJtcTbAbpRmmoKrvMzAaoFgdP6EOPWy/0c+Wx9nK8S+XT0jOeoAsmUmXAK2eyNw/LDAW+avSdk3Kz73gHadCRRC6Y+TZQroyxicqJuu2vvAWjuLzMKkwGVP4b/bMRn29fqR+Z3z82gQGMspX5Ccq+MeWcFmZ5mQPl5QMGYFGMYS0nwdnhdR5ZQ95Twh13KyW4B31fp+oRdgm1gxySGUBf/fnE=
a/Cr6OvsZmiWmco+W5SJtcIxJTOJyi5I/JRSUkG8WF/SdwdGFvF3eAOnhwMBqCIKQoQMwdrxh/gx/oJ6SHHl+A==
a/Cr6OvsZmiWmco+W5SJtRyitOLwAjZkJMk3ZlJ05Ts7z4vyfCUdjm7vaFWyUEtlDc2AqcOorPLlh+FP8QmY9Q==
a/Cr6OvsZmiWmco+W5SJtXT8kYiVy8DW8/mZ7BBSEgm22ZU67SlO+JGz0hbB/TNStUAfwoGZBshpSIOvuk7Woy8LNTCoITPnDTdEbCgfazN1oaoP4M+QHAuAwcx2Yem4KennRI9YoxPGz+DoLG5E0yLBanSxOmoZchnwNuezIadPCh7Kp9zsH8/HxkaeWF8w5oxSAf2K+Ol9Hg/SQtZYfHThHThJZ3ox3lykSs4ympMM5H2b0Y1nNBsOo5LeEwkN
a/Cr6OvsZmiWmco+W5SJtWb9FXPKawPBXvSZi/JxFzRmnCwsT7m3WG0ifB+Dck3ZthiobfLnHu8PNsgxHIZ9Tw==
a/Cr6OvsZmiWmco+W5SJtTSczqxuj+tYi3zF3sICow3ID8np8xofGiRMT52U0NdUJRrecRHmD2fDdHe5MWdr3A==
a/Cr6OvsZmiWmco+W5SJtafGYPHv/DdgbhVxh9syec60DPZpI6DjgPSLGh1SfJl3bGa1dlC3iRvgTPs6Z1l4AA==
a/Cr6OvsZmiWmco+W5SJtWNhVEas3SxgxSR95gHADSnFxzJd4DUFg3iBtMRHsEuWzg8223TtlVVItIW05R0CmA==
a/Cr6OvsZmiWmco+W5SJtY828yJjv2X8yzVx8iLewT+zbc3rib4rOmA6L0GqxlfAiUgm9E2iLrPQL8rSdxycNg==
a/Cr6OvsZmiWmco+W5SJtW07LyG3g+kMu/MU+y8NfFWpT8at4qpT17aKeb1Fbgfb/DZ0hmynGHhR7P75tX0vkA==
a/Cr6OvsZmiWmco+W5SJtZ1ya0E+Fl/sv6BManpgcahSSMQRTbuaQFP8pliDDkOkfiYswXnkCcFz5PAM3DfUdA==
a/Cr6OvsZmiWmco+W5SJtWHVe9gqBK/tscbFoWzlnC/37eBxiFXQo1TpXvb669REuNFmOPCjePSWvwQ1Ydp6Ng==
a/Cr6OvsZmiWmco+W5SJtaIqZ+NVxRrAtWvkYy8Bift8T+nXv4o3sacgFoXcY5x9A7zS0zIdrkmTXarSZwrP2w==
a/Cr6OvsZmiWmco+W5SJtVlYdCR0JNuROcNl7XiCSfuj8xmqjn9tjq9v5hn5WE7U96USsArD3g+c2RcY/qVLIg==
a/Cr6OvsZmiWmco+W5SJtQCCkuyykD8GK+Hx18RiSvHfvukWQSUC4BFjXVVipigqBvvk7Ow2PpXsNykjTAX4kw==
a/Cr6OvsZmiWmco+W5SJtYhkzhYaqrts8/b1kISfQ5sh7NxnZn8kScunj9D2+7BDmTBrOWo4p2pHJzkzf2VpeQ==
a/Cr6OvsZmiWmco+W5SJtd6fRmqwFGXUhLLUIDQeDqE5YWC9dhKBhAo35G6kw9Z8dqDcGbHv6DWWR4HfHpwEBcO/qjBf7cv11d+7xgZV8iE89IDWHiyTwRBWZ2qg39w0UQOTlba1brv09VPx6pmgIosufwQXqe60oOATQtyYEhVkYUXaLLPkL/CZa4uYETpV7TeSpBwK/SZKgclsiZuoe+cDpUg0etusAk9oQBlvbKx3+iqb6zynz/4iF+agiMWi
a/Cr6OvsZmiWmco+W5SJtb/cc9cm/OsOb7NiqbHZs6uqyNjUmgpmLY8+UqVIqKdUJlqeMKd3dnd8icUeBmJiFA==
a/Cr6OvsZmiWmco+W5SJtRb0UWko/h3dz2bM2gWzaFHvFLZpF4aTxJ9zRr6L18bICziyYKUMUd5IHeXnekmGOQ==
a/Cr6OvsZmiWmco+W5SJtdmVKrOm3dCShBORugNyK5h7+fCC8zBg+Gy7x/KBN6x6dgfrCs69OEpjvsFLAidiHA==
a/Cr6OvsZmiWmco+W5SJtevU78+nlJ4lFxl4v6n6ly3zE3tn2h81KxBvPEk/ipidId7lDUJjSSMyYlljM0fU+4Ap7v3z5kkQp2Hi8N6cM2fpLXrk5R+JppykdxtFLhSZplcUlx2/xLi3xiQTLtrufbRnx6jmNd88bwQ4FqdnRKtvovv2ut9syI9LxAAelhO5U0j6IV1cArLsW6Xo4sbZANivEFVt/dVTQtkYKBp84+k=
a/Cr6OvsZmiWmco+W5SJtevU78+nlJ4lFxl4v6n6ly3zE3tn2h81KxBvPEk/ipidId7lDUJjSSMyYlljM0fU+yL8MJ9ekFRFbMSpS/HMvc/bZh5nElEjAHFIFDl8sW1t0Bh5PIRXjdxg/rm8QilrWqPMr+5Ejvo4yRwWzSG4KkcCNb3R+pq4aM/eINZaeYoIONVqf5dKfnNSgF1Unvdq/ZdXWLkzZ4bSYWvIv7b7hk8=
a/Cr6OvsZmiWmco+W5SJtao9cLqyshEy9wlyqkz/jlrIDAP/V724BJnovdtvYzPPcL1XZWOH1hwYe4+ghEK1FA5sYMRUqAg3Wol6rj14En6lejBRG/VKMNDMyxiNMrxUH+skR4dwajUbkI7leFogumMOHee8dMBvd0FlgdJvG667PlV+6RJztdWB2IP37/LTopsBjncGKODdjEL9vF6FIStXNVsX6NPOYrutVIXwNBE=
a/Cr6OvsZmiWmco+W5SJtao9cLqyshEy9wlyqkz/jlrIDAP/V724BJnovdtvYzPPcL1XZWOH1hwYe4+ghEK1FA5sYMRUqAg3Wol6rj14En6lejBRG/VKMNDMyxiNMrxUto20jRfg1nFlI+zieKBYj7YDv+PXMsn/UitatKXPAKi1MRGhBUhvJnU1Slid/i03/fNxggFYscArVm+1cd5SzgJmtUsK0B8fW5TAm9knNpg=
a/Cr6OvsZmiWmco+W5SJtao9cLqyshEy9wlyqkz/jlrIDAP/V724BJnovdtvYzPPcL1XZWOH1hwYe4+ghEK1FC93nni1zOyE+rVeF5h726QstMgXlx8Odwx1PByA7LhkiTxobNn7Swi7BUfXXpLGKLL2Xi9Rd+PB2/HnSuqHuVKNzsTX5x/hpMiB7kNmcPKdHGMiIxMhrTGKHEJSgorrT+pSckY/om8UTh7+ln/Rnhk=
a/Cr6OvsZmiWmco+W5SJtao9cLqyshEy9wlyqkz/jlrIDAP/V724BJnovdtvYzPPcL1XZWOH1hwYe4+ghEK1FGYULOuyNjw4pTlZwqCJzC2HnBeE4maiawFf8jWbZnmRpvK+sDk5SKMuSQVUN228bzC15hHiGzZA6UWoL23rUHXKYT3Jat5G5ErlA9WIW3Hj9W3ma/RlK8q0TSVL2NBzQQ==
a/Cr6OvsZmiWmco+W5SJtV+3yJUM7jzNZqvzGI0a19EZOmhKJSb271TwcDdYveUkWGj8iEmS9pgWOOqhw8pGyjpRcUQjv2tcaaBVEVrSYTxOkZmq2jKDuPMbeaOBignGeJ4XDoSVy2YLXMMWhoKKxMvHQp+OY84nUwVp82+0r5VBdvLEUML1UnlGwMTpqjFn5vZCJSdpwKee4V+kKpt/Nw==
a/Cr6OvsZmiWmco+W5SJtV+3yJUM7jzNZqvzGI0a19EZOmhKJSb271TwcDdYveUkWGj8iEmS9pgWOOqhw8pGyiJ5OBY3YppuQqvPtHcc5XosAkXFUVrdmzyNUSVNOFj5149V0xucFbuyl3ucVMGDDy8yw/y2+Oxc10gkagUGkxh47MyL2f5LXcCoTTmK1F+d6qdL7215+EIBs3ISmmbqTg==
a/Cr6OvsZmiWmco+W5SJtWg+JgsMxDPTVgURQQ2uf1Zn5LHzdn6V6BBkddDeynHyP2bTmjmQeQpkkX/VfFpQoHh91/q5JohhoaYgglVqA8wHMmLrDwc7vYSWJ938uerVrlb6lhtiKBcZKYn7y/XoCIP2VinXGpagepF2Bp2wzRkMZEDQGsM69aFP0adz5f8zfqSi1ZVhCMxFOdjYxo1KlDu1msuq2oFNBGX4fUXoUk0IsXXqQiDs3LNuxnsx5vg1
a/Cr6OvsZmiWmco+W5SJtetGKDJfBjh/nkE2SOs6xlNt6oCdTE19K/BPfPUvBxsdrykfJUDG6MWOMjczQMI2DeB7k4DjKnAkL6mPVAXvl+HCS72zsHtfJChVtR+r7qKy7ohwae1t7+32IrzvQdIwtnGGOIq6jtOtqAeVM/QVcpsqlZ2XmV2mBrHE6bxfX9uTw+c0YdyKs2adtqIDof+7qboE3WWcnr1002g0m2PEHZ8=
a/Cr6OvsZmiWmco+W5SJtetGKDJfBjh/nkE2SOs6xlNt6oCdTE19K/BPfPUvBxsdrykfJUDG6MWOMjczQMI2DRk6LTajBR2RZlyzwoHR/E8ycubocqPvQ0Hu1u4Y2EL1UO8XiQI7AY1R/i/NXwyUm1UcABycuklub2XzVxB2ozEXJYctaK6tAen1BGQf3ppkFWtWE5Ui9fp/Mx6RUw7wLA==
a/Cr6OvsZmiWmco+W5SJtetGKDJfBjh/nkE2SOs6xlNt6oCdTE19K/BPfPUvBxsdrykfJUDG6MWOMjczQMI2DeB7k4DjKnAkL6mPVAXvl+Ga/pXVuuaAxz30AWU0GYwPpGsmLnLlWySaExVQZoyagSSz0aqHOfe0CrP6ptQkPTals7UBwqnNsRi2VIFdS2XSMbz7Xot5htPXEJh7NuB2c6/CUhMOApTCTQ6g6ICHtCPBsaFMYTeyKw7O6PNxc5zF
a/Cr6OvsZmiWmco+W5SJtetGKDJfBjh/nkE2SOs6xlNt6oCdTE19K/BPfPUvBxsdrykfJUDG6MWOMjczQMI2DeB7k4DjKnAkL6mPVAXvl+HPhQubjFzOUzfqYuiwb+YtxHmSQYCbnRwCUwVZofonSIhB3tL4D+11gPrJBpbh7h5hCB1AfEQZzS6EN/eP+4q2PsRcC/PO28tqwcTXjlzqqh8v1uJ9pKGmbNLhnXbmX5M=
a/Cr6OvsZmiWmco+W5SJtYv3dI6i1vrDENkgzUCNKB8ikQCJBtL29LRH63rOfYgD8jc/TEMfNPDhyH5OTzAYIi9aoQoVRKa/zwUyqHtsO4y0SnSYyja+hFgXp/6+65ODp4itSe68JNB8gZRNTiwk3E42WCW7iUMqfx6yfnpfDyrIu0NG7AD1O3lIb8fwBTFGbIKZbQHgHg6pA3oty4FW66/aEmSTj26ec9xwmSiTFI0=
a/Cr6OvsZmiWmco+W5SJtYv3dI6i1vrDENkgzUCNKB8ikQCJBtL29LRH63rOfYgD8jc/TEMfNPDhyH5OTzAYIkJ971SZAMoElUgkLMyhVzoDYOKmnfEXqhTOW1BCrGtOh2eEN88c7nDDMWMzXmFnr9sYG4B4NYNh6V4a2MPZ2QySN2yNJVC3Q17AGELfOpR1/wDbGZMGsYLu+e5Mp/amnw==
a/Cr6OvsZmiWmco+W5SJtYv3dI6i1vrDENkgzUCNKB8ikQCJBtL29LRH63rOfYgD8jc/TEMfNPDhyH5OTzAYIsRw13weXC34rWeOoWCmkmVVz20WBibgtYJ8fFkp3+mso6oV4ulIeSffTQ2MhSAhcXzbKypYIIFGcmGHqao7SWeLo6LmVMOPazmAhWweS6MxtqfGQ1LT4sjqsFp9/XVkJ0uA6PauCNhznZ+KB5/V+No=
a/Cr6OvsZmiWmco+W5SJtYv3dI6i1vrDENkgzUCNKB8ikQCJBtL29LRH63rOfYgD8jc/TEMfNPDhyH5OTzAYIsRw13weXC34rWeOoWCmkmVVz20WBibgtYJ8fFkp3+msnECPSAKWSpEfDDwLTXPQ+mSBdgHYAXZIPq8/i/q/Ua4UbZv3WzJK+boXU01sglRu1DCGdRs8RYYpcxKoawhYWgIDHiABVQs42K4Rh4a7ROo=
a/Cr6OvsZmiWmco+W5SJtYv3dI6i1vrDENkgzUCNKB8ikQCJBtL29LRH63rOfYgD8jc/TEMfNPDhyH5OTzAYIsftxsOiPsXK5+ADSpmyV5DWiNARK/I4E3U5LewLAXbiuwhIM7lgEI0R2u02AKbZemjfgBkGhFjCVF7swxtea51GkM7g2y9MrknlXbZWJl6YwHOze6U/uaYC+yO8vLgBjp6h9PiHI0T1a3SeZgNrKw0=
a/Cr6OvsZmiWmco+W5SJtTfv7v57x/aPcY9LEoUHslnTsuoyZaQaTH1QqiZOEboPgsYztye3ME9PmNQsJ8dzbTwErLCkEwYJZIE4zQCPx8xNq5LAV9YfPHKVHZw7xt4NPMjTQv9SClx22qvL1qFvFrLx8dtMD/NRXRg/IlqZ4tKBHjrRgF92CCr/Xw7D31mM92uvmLd1AJzQQQAtdL48aKbfWhFdCnw9aSvMzRiV3dI=
a/Cr6OvsZmiWmco+W5SJtTfv7v57x/aPcY9LEoUHslnTsuoyZaQaTH1QqiZOEboPgsYztye3ME9PmNQsJ8dzbTwErLCkEwYJZIE4zQCPx8zFenS+PAv9edZ/ZCHAVYbqNop4pAgIOKyf5qY9XVkIEKiU1a9ehOfGS7w02TteWYhFD3zMqFL+Lg86D9fj0eFeTTMVlbVoKo5aEqI2b8qyncuZ/pkixmscRT6/1QFDcUE=
a/Cr6OvsZmiWmco+W5SJtfTud88SkufaKuCxyLUqBGX+CP+xTbfXYb6knLrNo35LpoJuBro7UZ0DzjQn3uz56g5233zhQ6qJjgn7wQzlO65cvO8wGXXglMInb2DoBBWmS8rribBitYWdoriITsSo5g8LgFD/KyRmaknqzbiWpcL3ZyypRkL798h/DU+DRDmwUuaRHrb4rBH/vUUS278k/xWO8MSk/9rcrLwXbwTk6tk=
a/Cr6OvsZmiWmco+W5SJtfTud88SkufaKuCxyLUqBGX+CP+xTbfXYb6knLrNo35LpoJuBro7UZ0DzjQn3uz56qb10E4h+3t0N0qv26sUzOpNzLFB5FN8Wp5k47031kXS+UuRDOw3GT3k80hY7Lv10qW1LskJELABcsoqoHxqn7xEYGYiwP4cf/Ta8uzOlJw0ydxgChTPwIsIixRC4ngnDg==
a/Cr6OvsZmiWmco+W5SJte8YeIlqc+wF/2fkWmowIQLNOV5Nj+V7GlNUUtDQmW1+u5vLTAYu4OkQ+FRccMTbmunduAyGIg1IL/7p50PxvQFFTVEJmYrgBWC+WS8So9Oa6aPdLmiTRrVACJyrFzziXXq9MztIjez3TIK85m5wkLuluAuf0wyyFMUboeQdWwww4tOm4y/lUxcNpsKSzBBjqstUTRPbs02zh358GV8mwHo=
a/Cr6OvsZmiWmco+W5SJtW7al9BWT+TmszZHh/B5EG6Gp1wpIH3dreiRSNfW6+BmasP52kOFoYqtD1i6LaHN3Y6cYR2JzM2jd2miR2nKjNIN0mlpkrFKyvX1U9BcgTYVMhHB6N7/0YLy6ATxEsQLSjN81yKQGTICfmzjSJDGy2luNOAl4y0uK/jf/Xrzn31VZlkOc1EGsxz5lRw5qe/Ds93Pnbw8uBgosxSsAZJNhJrAJFdQT64e/mCNHjFr52rB
a/Cr6OvsZmiWmco+W5SJtcUabv9WtYRuVYO9Hd8qrXTvOkK3xbUTdc5WBHfREcmEqbkgEBdd72FEWnSVkW0Gi+OVrYXCXcY5yPnWl9p7d4uTahIQi+i2sTb2tN2lTGS4LzX92DNS+MpwvsXk2bCsd08JhhMbe7wPUyi4M/ytrjlXRZK6E3FeLQndEKLIS6eBxrngLGsvrMDz+sjro8ITqQ==
a/Cr6OvsZmiWmco+W5SJtcUabv9WtYRuVYO9Hd8qrXTvOkK3xbUTdc5WBHfREcmEqbkgEBdd72FEWnSVkW0GiwLnvP95Wj/t1kR4JV8MVqJQNFWAv15WQvx+tOEn8mkpgpPYopwBCik+NJxMcM9PjnSFsO/VT8rgqt9lWXuZAfEiuNv+7NqSt0yCUs546qOYWLDBs+ZKgZHNk+od9TFJRKc/7w8rGEh7wxBDOKfHHZE=
a/Cr6OvsZmiWmco+W5SJtcUabv9WtYRuVYO9Hd8qrXTvOkK3xbUTdc5WBHfREcmEqbkgEBdd72FEWnSVkW0GiwLnvP95Wj/t1kR4JV8MVqJQNFWAv15WQvx+tOEn8mkpty97tcGkXIgTNEGOeq1BCDulY4acPrJaoO5gpV08n0hdx8bhzQ5Lp3YpErft72aDnoiWzkx+HwPA/fQjPPhlUFvypzzHqd16RGj3p5FpEAk=
a/Cr6OvsZmiWmco+W5SJtcUabv9WtYRuVYO9Hd8qrXTvOkK3xbUTdc5WBHfREcmEqbkgEBdd72FEWnSVkW0GiwLnvP95Wj/t1kR4JV8MVqJTdc46A+/W6rRZ0KrNz5lzPLGC9FCHXVxk2PGfEJJvXumlsKSWWocLDOHmgHMo388BwkS0fVhnyVT3O7qkRzbIQ0ikCPvC3dcnLlFSUQ9KBri+CQlrJpvG+xEg5hrSci2E77AFY1/6L7v6tUMdiTxu
a/Cr6OvsZmiWmco+W5SJtXcj4LF8pFEAEaiDPZcW4ifnHrW4fYg5fjhkV6s2zxBhpMKrwN1gz7+12JxEJtuQ+RS7YGMCVujEvaU3VbGGJsBCDmUpjXET9jXg3QisuZKEZnCsk1Mvjo7mN4+BczdY4xv4G+tPMD7VUrVEzR7IFzL/DCebVID8izCRFsy8vE0wUAv+8RltniN+3zGfzTsjrUmEevTOP8uqudKFIM/GbgdJkIS6tK/KL6k2jBd+u8uy
a/Cr6OvsZmiWmco+W5SJtcagbfioHAtx9CX4RD1ezOEYjBWCC19djsWxyrqO7HYIT+qSFlFqmtx43SFQnB2kQ3fJWzgN7I2whBseltebgj1/t5HNGM753hhhxMAbRd+rYaYy27gNAEgq8GH5zfEXBZ1VlNrnP/lNa37c2+weCiCaWYNzrRaDpOAemBCEc3YLhPPvleaSW3+D2voiAk6b8UZwW7OwVpML7xOAwoWDqYw=
a/Cr6OvsZmiWmco+W5SJtRHa1ZWYCKrx82UMNb4yE+vBJSk4u+XvDE1iL2sOjLZDB0Cbiy6bWbfCY39xSy1nFxlsQGKHOlW0rxsMXzVHOHp8XAN7ANF+BdbjxHYqpzsO9Tn11FzOLfDGFT/Scivt8/pOnuOyHXn5JEpkIxPweS6qDkxYWzMvGoaOqW7CcVHhxFS3xacJVUumpdGy+47+i/VTN2auxIVHXhzHbWZvYIo=
a/Cr6OvsZmiWmco+W5SJtbnhiNOj/Tr9cH0P9IQpzdK8f30sHASXIzSIoT9LpHdBPKdX08wcCFvrx5o9FEmw3DtZsGy0sJJ9YceM0rL+jL7MaY1udNL4bPHMFzBQorI6Ste2GUXEgza3sskuVqd2ZUgiTW49GYSsPu8mxRqBLsV4ZANRUjZNFJcNx1hv18DlcYs/4TxjKkaO0QHIaFIl33wRvmmXQGFU+k8Ciw0SArY=
a/Cr6OvsZmiWmco+W5SJtbnhiNOj/Tr9cH0P9IQpzdK8f30sHASXIzSIoT9LpHdBPKdX08wcCFvrx5o9FEmw3C/aTrZAwGOPg7zrf9s/0NmSfxDE8AllAdJ6YPzCyv1fT4W+teuTsvs+sNeqJCBHY2+9v0vSy4q75mV6oEvXS9wl04jr4xAHY0+GZmr4IO73Z1Q1CRrvC2pHXkVUI4UHdg==
a/Cr6OvsZmiWmco+W5SJtbnhiNOj/Tr9cH0P9IQpzdK8f30sHASXIzSIoT9LpHdBPKdX08wcCFvrx5o9FEmw3C/aTrZAwGOPg7zrf9s/0NmSfxDE8AllAdJ6YPzCyv1fxiQ6WUU80aW5hjlL3YqWHxGMCCGkTTSaPw4RIKkgxprnoTgmbGkrYeS9bDbcjvfluO3sK651kBLMztF3KxwRh28U542UPyDsA8L9FVRDDAI=
a/Cr6OvsZmiWmco+W5SJtXe9Od2wnNOcdsffMyDR0FO34uN8d/Lay+beGWGm98yNxsR3XN5NFcbWv+yO8Biq2bTyxPAEfIonW+ezJEiDWaXcSBQq4kNxW6RFiDxej0f2ruJqRJZHFkJJ9QVJzQp+yH9RYreO2rLeXmsqVC79VDfAGIW/dmcJfYCmrGXtslkLXPDSGtIMSqNJEw97Or/T9h15ZR0PWV3oyeEiXozRKRc=
a/Cr6OvsZmiWmco+W5SJtXMdaXuGClcmlguJBgkmoYWVy56Fpmfp6awboK70XdR0OD27okb5njhqnAKOEs0089eJqVXv6Q/aesmnXbradAk/LC4zV2Cu63kI1B5ABdK3QXnG3Mr6eSWSrnlIJF8nC+A32fCQ3VHybQRGA17jW3VtXFWaCo0WdDafhCCCuA4DMZMtNGCBa6NpScLTgj6etoqNW4kziGMHExuP/rJyieo=
a/Cr6OvsZmiWmco+W5SJtXMdaXuGClcmlguJBgkmoYWVy56Fpmfp6awboK70XdR0OD27okb5njhqnAKOEs0081F6gEPCXBbRJDtE5xpi6UN+yhMpfKCcPdnhGGXVNgxYR8DGGsoAiR06ciXNCI6OG7fK7qVtD3/5Ei+RZAsEtuH7LdEE64fy8L/lB+OL9E4yQnaNOpHBOqmcBJ0skYW0M1SRzm1k2JnbaHaursfkvj8=
a/Cr6OvsZmiWmco+W5SJtaH7ziRHv0Alkk3rJY7t3pNhaF/qo716pIulXU7h/vIc8SP7qihNE4I8C+zsVUWtQ0RXpGDeNMV+h99jFfHztbzKoRyJOU2+M47UUvuREDz2pY0Zv65S3T2S+GCUP7dgufEHkuoMNy7vEYNPiXS0nSATr2VUhUaprVdHRcPPZFnr7RjS6iKRcvwXR8F6eHeKRyiu6MBPFWf+rdDLqnVT4+E=
a/Cr6OvsZmiWmco+W5SJtaH7ziRHv0Alkk3rJY7t3pNhaF/qo716pIulXU7h/vIc8SP7qihNE4I8C+zsVUWtQ/eOPnJ4HtQ/aBtj5pGIfaqXay7WG1wiPISHm+pw+1Eyp3jZXy4OsyOCrUwB2YzznhalAuGmBf1wo6rnhfSmTd013Xvq2yx96phTVZQrjkcB4yjNyoAG5J8ftwaUfQu4EQ==
a/Cr6OvsZmiWmco+W5SJtXZmmSv0+fD1Yi1iCOZPHKMeMFRDVguIm3ikcSn1J1CxfDJ7j3RilE6lncr4hgyhmA==
a/Cr6OvsZmiWmco+W5SJtXhHYjjRy7jC2wpUxkbbAq3ITHvMPJx/wzgghUW9qP0uaANDvr48h6OFHDRsVTRBZA==
a/Cr6OvsZmiWmco+W5SJtXhfPTi4WJ5BOu5IDzSEKB45rKmGVjy7OVAu1tGFNzZ9vMyrr8EUh/gQMMSnVtui3w==
a/Cr6OvsZmiWmco+W5SJtYkcKeKVlkIDM/XIaSZgZOmCZoYP1Yi6KJvs4O/0K1FSTmL6n5Py9QFsU81TJiA9Bg==
a/Cr6OvsZmiWmco+W5SJtWvNC0C9GFytXTGWUYIlHWf/Mmv9ybS92ncDJc8Pq/HrcC9kXbjXM8uTWpvOjIYmKw==
a/Cr6OvsZmiWmco+W5SJtTb1yLWGwhtntdJOO40rXKW/WB1Bi0LL+i5PPZT4IFCnnAfzCXixJ/hQOmAmDZI8jg==
a/Cr6OvsZmiWmco+W5SJtTb1yLWGwhtntdJOO40rXKW2L+XsGcb6wmXt2K3tj2EX2A31NFstvWi/nKP0u90uIs7RxUVEyDE3jdIGp9IEZ2ceHzXFPfF/6VO3Nx8waEJF8/rYcFTcanE2FplF67gI6JB9Cqt1ZWy28aWsIi8k2IuIV2Arvlvx6P62rGK7ZYiJ0dJMffGhiG/1W3l327emMJv7PIhFqntDf+YAneBIHp0=
a/Cr6OvsZmiWmco+W5SJtUeIxjWIZorGCRvF4yFvCMi6LB9xsX4mTglobTMwnAHXbN7WD4higjXpnjRgF38dZTQQz6IAjmYhC8ZqES1aSSxuNaA7UhVOZiBztFRZlOS2euvAAIHCHYarxQzrtIADgz6xsSXHJUs/xsOYXCd28JuDmfjdCo58o7E/5DsB2KpTcFShRcrxI5tSmfXjjYQGOcYNojPc2AZXGsOgR9XrcC8=
a/Cr6OvsZmiWmco+W5SJtdVf2tAvx6IlIPXl/d1iKr7c1yuk2FHT7o9lhzzhX3KueoPuzzifaKZijnkc2BI7oiQw4Wz1N9cbUQXghamv8kaFSc0pYvIoc7/pGgjCytcByWUsEP2LL5j2IWM585y0Fwkm1eq7UU6Wm3YPE2MPO8Z+Vsy2zGMAMS+zlG/95SWtRWZN3SJiP75n3JGnEkVNZPtCV/4lPirJOzCjy3jVD/0=
a/Cr6OvsZmiWmco+W5SJtY3GU819YbP0mH0xS5YcPbZ67ZKDMSlHS5JbhIPXAa1yNh+L4yKDpkmygVWq2pWoS4tzLhulnQ374rOtYLJBy6Geu6Vcufz3ZZFAC7k3hbIl65SKEs/UlLxS3zqrukFOJgCjn2GSFgmqjXvi4zYNbOLFuVZUfzMGVTE7VSrF9xu46K7LjJR/JHH73B0X6aNlffIs95xdBoJhngYzS/4exoE=
a/Cr6OvsZmiWmco+W5SJtbVR/kLqocK6xLnDWcTiYGsV2hEheqgc4HXxolKKQR95uyhH5UIjLJQz8kwEZvH/UA==
a/Cr6OvsZmiWmco+W5SJtVdNDU6eS/xzfEApOAYmIeuMSVUAzpSHsFaCUep+pjsTLdaM+wyRo9oodZZpCAjwng==
a/Cr6OvsZmiWmco+W5SJtURUmpjBZptVEMnciVf6+KlaRtQib2Y4Ng/YD47bbqmLR+mB29VI+GI2evPc0nQgSQ==
a/Cr6OvsZmiWmco+W5SJtdcGM0nZWQ51bRKXx91qDdq1K//1gOxH4ByybrMcJM0HjVB+4RxVs9DQ+xtutRkSjA==
a/Cr6OvsZmiWmco+W5SJtdn7LRWlunLn8r6WqNT2phU9g/JXSv8DoFY28OX7vHViSjOoV+/2C71ZgEYSiNAlaQ==
a/Cr6OvsZmiWmco+W5SJtU7/GMxfPBRosBpyUG2qwrSwgP8Fa+39rNOICncgf9g7bZuGzpMme+k/eSWN1x9gNQ==
