GmcONIA9PFzHw1gpPLLPoqev3ytAH5KO3S/CJpMsylg=
35kyjVfwBJgytCi6KM5Vug==
FNt9orFfFSbPIXNSbXcP2Q==
gE2g7VQeqq0h5MkG44fPUw==
A4ZCFW7RnVRfEnbtNxUDb8VFIQmzxcIFLuiIjRY2q84=
cwgQW1UgxyVfBeSrdwXHsPE1eoSAri+NViVSjTYe4hg=
pYn3RyiaY4vz2unSybTHuw==
mAzeFbkWBGyzJRgEWJSZYQNn44wFaguEUnqkvHVinQw=
NiGef/LGs6v8Em6sqLz1GYGKB0111uCW/TAqgkiW0+w=
2lfNnhNY+w/3xMaMUxJbE0YFT/wvMlSDz8Vrd5FEs18=
exIJRV5l1HOsv4Xkc5Lk9lsj5ISg7i4jv9GEYClyPLkMfo9cRnZkqRakDR9XNuYup2OyckrOlao7eIV8tpcynVBgTVz6e5schoGKh14D9of+6Vy97NngBKQPirXr39/g7F6SWeWB8NMaGMSOJLsQAt/Xln/SFm5kUATIMjQNsZCpo7Dk5cgYljdGMiDWo1bERwT3gbHv6iyPIb5vRO5CIg==
exIJRV5l1HOsv4Xkc5Lk9lsj5ISg7i4jv9GEYClyPLlVrdI4yvKUYKvvzN1SyS5aKcqkxQFeO0zAfgsiGK1+YiirdpoNBZEVKYnN6xiuR8yZVYrNxMtUU9aU6x1rzMAOyTGQsygk/hrWCFud0ocVQFtx9a4zJMzFvA29Nt3tlgoDE6uW3/25xP7roNuO26O2mxUCab4IVt3c7pPNL5vGdg==
exIJRV5l1HOsv4Xkc5Lk9lsj5ISg7i4jv9GEYClyPLnrclEawbIU2Lh/xONwlmbkkq5RhZWJ4GB7i6fCKOKRr41I+XraCY8bZm4BbIORZJluif9fCln55GGJH0p+jnTrnJam0IXeV2rPDkh8EAADHnV/RSagpgCI8Y2zxI91i2sHsDvVtRbOl0PpZBpxvoro8IERU6TvwkHYh5V8/0N8oA==
exIJRV5l1HOsv4Xkc5Lk9lsj5ISg7i4jv9GEYClyPLk0HFQe62nOv9NDaNPXMmXJtg3i5K3n0oQTEtcFOFTmkNkDKYhmE5mFgvWiz+i7KLwMf2VugqGkTNgqY1x+nosy0xXxcsXYrhD2VkBgcUMNqjG8DdvJqtKN3qKocshKAR/qlH7rQnb76fep9sdP3D1ZP6+JsEnbsZ2izUUBa+CYxQ==
exIJRV5l1HOsv4Xkc5Lk9lsj5ISg7i4jv9GEYClyPLmaOSQNcnxcODltWcYAsO6T1CXDccC8KbWb5VibOQvOk8wzh353SgYKB/tUirT5xZEXn7LXrsvfP+TieyXaAIxz1GfXGPw5iZ/SV9Tdxh50GPFLsgX6cWaXdLXJuv/6bu0tQSsAn5oY1qVL0XECNNeLFAH0Ni7tQibg1DoNBsWGXg==
exIJRV5l1HOsv4Xkc5Lk9lsj5ISg7i4jv9GEYClyPLnjraqscFZ6Af8eTLRKFfRcr3khrHlgRPx+luSnKajDNCJB22W9nA4oeIN7roZP8T949oPY9d+MBks6MKcVUSG3OM3hu1xRj8XlGw82bDy3doMuiS7G5qlLR4j4HsfI15V0rF524pQOLzHCK7n5E41D28BoBdDlOxSVoHIKVzFATg==
exIJRV5l1HOsv4Xkc5Lk9lsj5ISg7i4jv9GEYClyPLm173OYopMCO3NbdI2PY8QC/k3elnOWhpqUGACkc1lv+NbAzmoHzmg1OeD1EgAEwu4HFwfCQM9GW4od5ojH6G6u0kdBvQQCbApw4I0pXp3yC9669QE/PxCTBHPrV05KSMyoRd7HmUf7Xftv5ucZn2nd5/L7omCzJuUJ8JocBEOzug==
exIJRV5l1HOsv4Xkc5Lk9lsj5ISg7i4jv9GEYClyPLmw+xlHJosmaRpSq/jEXzg1MRZsN+jaCZpu4oS5h7DLXXWQQ/+C/CGO1wNxS0ehVFBcN/eoBZdwU0djgV/kwubzbjUcEQh5VRHnWvZ107t/I80aC+uwV9JCsIm1hqbLr2AXV+lrXwC+3KOWj+8owNYXnO6ol1Rl0XzPUXLaULsd1A==
exIJRV5l1HOsv4Xkc5Lk9lsj5ISg7i4jv9GEYClyPLn9NE6AvW2QqwOH+94yvvHB17zgMipB5ifT1p+AuAQ4+zJ6+WG9LKVoVFCRRdbahwJ9sKLRWlCGOZRrseTmP64THMQrRE+tS1+LaMgpY+hjTkiYtOAHKF8xAwO3/gVAziUoG3a7kdGzw7KKMxF9qugrTtHgdqUvGjwZaccYdZwdEg==
exIJRV5l1HOsv4Xkc5Lk9lsj5ISg7i4jv9GEYClyPLkB2kyD30lXPrtZLTF0PkbFXS0O2UCvg04/OuVErlUYdl/dfbw0X5mvcZmV4xcnEbFT/omlXGq7SnbepbT5vgAqoT9ChrtlcAWJsyJGC0wvxs0t/S1dRt0qfuVLYVzYv5IbXQrrtxF1l2fen9UCCVR5i5Zb7tFn99Sc6Ti4cSNR3A==
exIJRV5l1HOsv4Xkc5Lk9lsj5ISg7i4jv9GEYClyPLkKgYHVpgiIhcxuCfhoTXwDa65+6BcCJvIkZsClYpsxbl5b+MMHnNDGj3o/JOLF7V45Jhpei9dZIVnWqqqIc7SMoQjPedEkbyQkmUKmFeVsQT29GhrTrlgBY8r7fqT5EMmmTfln+bgZTNqKDAlgH7K3VFUNFFkOrWi6MQMXGVKsEg==
