decrypt_file cost time(ms): 501.938
###################################################################
Loaded model_ /data/user/0/dji.go.v5/files/qs/mobilenetv3_small_1114_no_pool_no_permutet_personap_417_hengpai.model success!
detector init succeeded!
TFLITE_GPU_DELEGATE: params_.allow_fp16 = 1
serialization_dir = /data/user/0/dji.go.v5/files/qs/
GPU acceleration is used.
Applied GPU delegate.init cost time(ms): 2020.35
new buffer: hm_data_, hm_pool_data_, wh_data_, offset_data_, maxpool_data_
delegates size: 1
interpreter not NULL: 1
wanted input size, [img_h, img_w, img_c]: 256, 448, 3
output size: 3
###################################################################
real input size, [img_h, img_w, img_c]: 576, 960, 3
Using GPU delegate
wanted_ratio = 1.75, img_ratio = 1.66667, resize_width = 426, resize_height = 256, padding_w = 11, padding_h = 0
input frame data type is float! 
interpreter_->Invoke() cost time(ms): 113.309
maxpool_transpose cost time(ms): 0.395
os time: 0
frame time stamp:1156138
obj num: 0
cost time: 126.81 ms
*******************************************************************
real input size, [img_h, img_w, img_c]: 576, 960, 3
Using GPU delegate
wanted_ratio = 1.75, img_ratio = 1.66667, resize_width = 426, resize_height = 256, padding_w = 11, padding_h = 0
input frame data type is float! 
interpreter_->Invoke() cost time(ms): 71.774
maxpool_transpose cost time(ms): 1.711
os time: 0
frame time stamp:1156302
obj num: 0
cost time: 84.173 ms
*******************************************************************
real input size, [img_h, img_w, img_c]: 576, 960, 3
Using GPU delegate
wanted_ratio = 1.75, img_ratio = 1.66667, resize_width = 426, resize_height = 256, padding_w = 11, padding_h = 0
input frame data type is float! 
interpreter_->Invoke() cost time(ms): 73.878
maxpool_transpose cost time(ms): 0.42
os time: 0
frame time stamp:1157191
obj num: 0
cost time: 77.842 ms
*******************************************************************
real input size, [img_h, img_w, img_c]: 576, 960, 3
Using GPU delegate
wanted_ratio = 1.75, img_ratio = 1.66667, resize_width = 426, resize_height = 256, padding_w = 11, padding_h = 0
input frame data type is float! 
interpreter_->Invoke() cost time(ms): 81.837
maxpool_transpose cost time(ms): 0.618
os time: 0
frame time stamp:1157460
obj num: 0
cost time: 88.311 ms
*******************************************************************
real input size, [img_h, img_w, img_c]: 576, 960, 3
Using GPU delegate
wanted_ratio = 1.75, img_ratio = 1.66667, resize_width = 426, resize_height = 256, padding_w = 11, padding_h = 0
input frame data type is float! 
interpreter_->Invoke() cost time(ms): 89.562
maxpool_transpose cost time(ms): 0.813
os time: 0
frame time stamp:1157691
obj num: 0
cost time: 97.535 ms
*******************************************************************
real input size, [img_h, img_w, img_c]: 576, 960, 3
Using GPU delegate
wanted_ratio = 1.75, img_ratio = 1.66667, resize_width = 426, resize_height = 256, padding_w = 11, padding_h = 0
input frame data type is float! 
interpreter_->Invoke() cost time(ms): 90.558
maxpool_transpose cost time(ms): 0.461
os time: 0
frame time stamp:1157991
obj num: 0
cost time: 94.732 ms
*******************************************************************
real input size, [img_h, img_w, img_c]: 576, 960, 3
Using GPU delegate
wanted_ratio = 1.75, img_ratio = 1.66667, resize_width = 426, resize_height = 256, padding_w = 11, padding_h = 0
input frame data type is float! 
interpreter_->Invoke() cost time(ms): 70.501
maxpool_transpose cost time(ms): 0.389
os time: 0
frame time stamp:1158224
obj num: 0
cost time: 74.479 ms
*******************************************************************
real input size, [img_h, img_w, img_c]: 576, 960, 3
Using GPU delegate
wanted_ratio = 1.75, img_ratio = 1.66667, resize_width = 426, resize_height = 256, padding_w = 11, padding_h = 0
input frame data type is float! 
interpreter_->Invoke() cost time(ms): 74.453
maxpool_transpose cost time(ms): 0.384
os time: 0
frame time stamp:1158491
obj num: 0
cost time: 82.683 ms
*******************************************************************
real input size, [img_h, img_w, img_c]: 576, 960, 3
Using GPU delegate
wanted_ratio = 1.75, img_ratio = 1.66667, resize_width = 426, resize_height = 256, padding_w = 11, padding_h = 0
input frame data type is float! 
interpreter_->Invoke() cost time(ms): 68.471
maxpool_transpose cost time(ms): 0.418
os time: 0
frame time stamp:1158759
obj num: 0
cost time: 72.888 ms
*******************************************************************
real input size, [img_h, img_w, img_c]: 576, 960, 3
Using GPU delegate
wanted_ratio = 1.75, img_ratio = 1.66667, resize_width = 426, resize_height = 256, padding_w = 11, padding_h = 0
input frame data type is float! 
interpreter_->Invoke() cost time(ms): 70.941
maxpool_transpose cost time(ms): 0.474
os time: 0
frame time stamp:1159024
obj num: 0
cost time: 77.447 ms
*******************************************************************
real input size, [img_h, img_w, img_c]: 576, 960, 3
Using GPU delegate
wanted_ratio = 1.75, img_ratio = 1.66667, resize_width = 426, resize_height = 256, padding_w = 11, padding_h = 0
input frame data type is float! 
interpreter_->Invoke() cost time(ms): 76.658
maxpool_transpose cost time(ms): 0.513
os time: 0
frame time stamp:1159290
obj num: 0
cost time: 87.693 ms
*******************************************************************
real input size, [img_h, img_w, img_c]: 576, 960, 3
Using GPU delegate
wanted_ratio = 1.75, img_ratio = 1.66667, resize_width = 426, resize_height = 256, padding_w = 11, padding_h = 0
input frame data type is float! 
interpreter_->Invoke() cost time(ms): 86.813
maxpool_transpose cost time(ms): 0.444
os time: 0
frame time stamp:1159556
obj num: 0
cost time: 92.945 ms
*******************************************************************
real input size, [img_h, img_w, img_c]: 576, 960, 3
Using GPU delegate
wanted_ratio = 1.75, img_ratio = 1.66667, resize_width = 426, resize_height = 256, padding_w = 11, padding_h = 0
input frame data type is float! 
interpreter_->Invoke() cost time(ms): 87.205
maxpool_transpose cost time(ms): 0.45
os time: 0
frame time stamp:1159823
obj num: 0
cost time: 91.6 ms
*******************************************************************
real input size, [img_h, img_w, img_c]: 576, 960, 3
Using GPU delegate
wanted_ratio = 1.75, img_ratio = 1.66667, resize_width = 426, resize_height = 256, padding_w = 11, padding_h = 0
input frame data type is float! 
interpreter_->Invoke() cost time(ms): 76.819
maxpool_transpose cost time(ms): 0.478
os time: 0
frame time stamp:1160090
obj num: 0
cost time: 81.985 ms
*******************************************************************
real input size, [img_h, img_w, img_c]: 576, 960, 3
Using GPU delegate
wanted_ratio = 1.75, img_ratio = 1.66667, resize_width = 426, resize_height = 256, padding_w = 11, padding_h = 0
input frame data type is float! 
interpreter_->Invoke() cost time(ms): 83.905
maxpool_transpose cost time(ms): 1.008
os time: 0
frame time stamp:1160356
obj num: 0
cost time: 89.877 ms
*******************************************************************
real input size, [img_h, img_w, img_c]: 576, 960, 3
Using GPU delegate
wanted_ratio = 1.75, img_ratio = 1.66667, resize_width = 426, resize_height = 256, padding_w = 11, padding_h = 0
input frame data type is float! 
interpreter_->Invoke() cost time(ms): 80.836
maxpool_transpose cost time(ms): 0.865
os time: 0
frame time stamp:1160656
obj num: 0
cost time: 86.561 ms
*******************************************************************
real input size, [img_h, img_w, img_c]: 576, 960, 3
Using GPU delegate
wanted_ratio = 1.75, img_ratio = 1.66667, resize_width = 426, resize_height = 256, padding_w = 11, padding_h = 0
input frame data type is float! 
interpreter_->Invoke() cost time(ms): 77.017
maxpool_transpose cost time(ms): 0.409
os time: 0
frame time stamp:1160923
obj num: 0
cost time: 81.666 ms
*******************************************************************
real input size, [img_h, img_w, img_c]: 576, 960, 3
Using GPU delegate
wanted_ratio = 1.75, img_ratio = 1.66667, resize_width = 426, resize_height = 256, padding_w = 11, padding_h = 0
input frame data type is float! 
interpreter_->Invoke() cost time(ms): 72.947
maxpool_transpose cost time(ms): 0.399
os time: 0
frame time stamp:1161189
obj num: 0
cost time: 77.713 ms
*******************************************************************
real input size, [img_h, img_w, img_c]: 576, 960, 3
Using GPU delegate
wanted_ratio = 1.75, img_ratio = 1.66667, resize_width = 426, resize_height = 256, padding_w = 11, padding_h = 0
input frame data type is float! 
interpreter_->Invoke() cost time(ms): 98.968
maxpool_transpose cost time(ms): 0.455
os time: 0
frame time stamp:1161455
obj num: 0
cost time: 102.862 ms
*******************************************************************
real input size, [img_h, img_w, img_c]: 576, 960, 3
Using GPU delegate
wanted_ratio = 1.75, img_ratio = 1.66667, resize_width = 426, resize_height = 256, padding_w = 11, padding_h = 0
input frame data type is float! 
interpreter_->Invoke() cost time(ms): 71.041
maxpool_transpose cost time(ms): 0.45
os time: 0
frame time stamp:1161723
obj num: 0
cost time: 76.067 ms
*******************************************************************
real input size, [img_h, img_w, img_c]: 576, 960, 3
Using GPU delegate
wanted_ratio = 1.75, img_ratio = 1.66667, resize_width = 426, resize_height = 256, padding_w = 11, padding_h = 0
input frame data type is float! 
interpreter_->Invoke() cost time(ms): 68.964
maxpool_transpose cost time(ms): 1.041
os time: 0
frame time stamp:1161989
obj num: 0
cost time: 73.425 ms
*******************************************************************
real input size, [img_h, img_w, img_c]: 576, 960, 3
Using GPU delegate
wanted_ratio = 1.75, img_ratio = 1.66667, resize_width = 426, resize_height = 256, padding_w = 11, padding_h = 0
input frame data type is float! 
interpreter_->Invoke() cost time(ms): 76.533
maxpool_transpose cost time(ms): 0.594
os time: 0
frame time stamp:1162255
obj num: 0
cost time: 83.142 ms
*******************************************************************
real input size, [img_h, img_w, img_c]: 576, 960, 3
Using GPU delegate
wanted_ratio = 1.75, img_ratio = 1.66667, resize_width = 426, resize_height = 256, padding_w = 11, padding_h = 0
input frame data type is float! 
interpreter_->Invoke() cost time(ms): 71.029
maxpool_transpose cost time(ms): 0.381
os time: 0
frame time stamp:1162522
obj num: 0
cost time: 78.415 ms
*******************************************************************
real input size, [img_h, img_w, img_c]: 576, 960, 3
Using GPU delegate
wanted_ratio = 1.75, img_ratio = 1.66667, resize_width = 426, resize_height = 256, padding_w = 11, padding_h = 0
input frame data type is float! 
interpreter_->Invoke() cost time(ms): 81.129
maxpool_transpose cost time(ms): 1.119
os time: 0
frame time stamp:1162789
obj num: 0
cost time: 86.303 ms
*******************************************************************
real input size, [img_h, img_w, img_c]: 576, 960, 3
Using GPU delegate
wanted_ratio = 1.75, img_ratio = 1.66667, resize_width = 426, resize_height = 256, padding_w = 11, padding_h = 0
input frame data type is float! 
interpreter_->Invoke() cost time(ms): 78.105
maxpool_transpose cost time(ms): 3.125
os time: 0
frame time stamp:1163022
obj num: 0
cost time: 84.43 ms
*******************************************************************
real input size, [img_h, img_w, img_c]: 576, 960, 3
Using GPU delegate
wanted_ratio = 1.75, img_ratio = 1.66667, resize_width = 426, resize_height = 256, padding_w = 11, padding_h = 0
input frame data type is float! 
interpreter_->Invoke() cost time(ms): 91.632
maxpool_transpose cost time(ms): 0.435
os time: 0
frame time stamp:1163288
obj num: 0
cost time: 96.536 ms
*******************************************************************
real input size, [img_h, img_w, img_c]: 576, 960, 3
Using GPU delegate
wanted_ratio = 1.75, img_ratio = 1.66667, resize_width = 426, resize_height = 256, padding_w = 11, padding_h = 0
input frame data type is float! 
interpreter_->Invoke() cost time(ms): 71.531
maxpool_transpose cost time(ms): 0.413
os time: 0
frame time stamp:1163554
obj num: 0
cost time: 81.024 ms
*******************************************************************
real input size, [img_h, img_w, img_c]: 576, 960, 3
Using GPU delegate
wanted_ratio = 1.75, img_ratio = 1.66667, resize_width = 426, resize_height = 256, padding_w = 11, padding_h = 0
input frame data type is float! 
interpreter_->Invoke() cost time(ms): 67.069
maxpool_transpose cost time(ms): 0.681
os time: 0
frame time stamp:1163821
obj num: 0
cost time: 72.504 ms
*******************************************************************
real input size, [img_h, img_w, img_c]: 576, 960, 3
Using GPU delegate
wanted_ratio = 1.75, img_ratio = 1.66667, resize_width = 426, resize_height = 256, padding_w = 11, padding_h = 0
input frame data type is float! 
interpreter_->Invoke() cost time(ms): 69.052
maxpool_transpose cost time(ms): 0.395
os time: 0
frame time stamp:1164087
obj num: 0
cost time: 72.624 ms
*******************************************************************
real input size, [img_h, img_w, img_c]: 576, 960, 3
Using GPU delegate
wanted_ratio = 1.75, img_ratio = 1.66667, resize_width = 426, resize_height = 256, padding_w = 11, padding_h = 0
input frame data type is float! 
interpreter_->Invoke() cost time(ms): 70.034
maxpool_transpose cost time(ms): 0.802
os time: 0
frame time stamp:1164354
obj num: 0
cost time: 74.471 ms
*******************************************************************
real input size, [img_h, img_w, img_c]: 576, 960, 3
Using GPU delegate
wanted_ratio = 1.75, img_ratio = 1.66667, resize_width = 426, resize_height = 256, padding_w = 11, padding_h = 0
input frame data type is float! 
interpreter_->Invoke() cost time(ms): 74.251
maxpool_transpose cost time(ms): 0.633
os time: 0
frame time stamp:1164620
obj num: 0
cost time: 78.039 ms
*******************************************************************
real input size, [img_h, img_w, img_c]: 576, 960, 3
Using GPU delegate
wanted_ratio = 1.75, img_ratio = 1.66667, resize_width = 426, resize_height = 256, padding_w = 11, padding_h = 0
input frame data type is float! 
interpreter_->Invoke() cost time(ms): 70.034
maxpool_transpose cost time(ms): 0.433
os time: 0
frame time stamp:1164887
obj num: 0
cost time: 75.533 ms
*******************************************************************
real input size, [img_h, img_w, img_c]: 576, 960, 3
Using GPU delegate
wanted_ratio = 1.75, img_ratio = 1.66667, resize_width = 426, resize_height = 256, padding_w = 11, padding_h = 0
input frame data type is float! 
interpreter_->Invoke() cost time(ms): 83.554
maxpool_transpose cost time(ms): 0.512
os time: 0
frame time stamp:1165154
obj num: 0
cost time: 89.207 ms
*******************************************************************
real input size, [img_h, img_w, img_c]: 576, 960, 3
Using GPU delegate
wanted_ratio = 1.75, img_ratio = 1.66667, resize_width = 426, resize_height = 256, padding_w = 11, padding_h = 0
input frame data type is float! 
interpreter_->Invoke() cost time(ms): 74.149
maxpool_transpose cost time(ms): 0.434
os time: 0
frame time stamp:1165454
obj num: 0
cost time: 79.086 ms
*******************************************************************
real input size, [img_h, img_w, img_c]: 576, 960, 3
Using GPU delegate
wanted_ratio = 1.75, img_ratio = 1.66667, resize_width = 426, resize_height = 256, padding_w = 11, padding_h = 0
input frame data type is float! 
interpreter_->Invoke() cost time(ms): 68.247
maxpool_transpose cost time(ms): 0.4
os time: 0
frame time stamp:1165720
obj num: 0
cost time: 74.789 ms
*******************************************************************
real input size, [img_h, img_w, img_c]: 576, 960, 3
Using GPU delegate
wanted_ratio = 1.75, img_ratio = 1.66667, resize_width = 426, resize_height = 256, padding_w = 11, padding_h = 0
input frame data type is float! 
interpreter_->Invoke() cost time(ms): 66.741
maxpool_transpose cost time(ms): 2.293
os time: 0
frame time stamp:1165986
obj num: 0
cost time: 74.136 ms
*******************************************************************
real input size, [img_h, img_w, img_c]: 576, 960, 3
Using GPU delegate
wanted_ratio = 1.75, img_ratio = 1.66667, resize_width = 426, resize_height = 256, padding_w = 11, padding_h = 0
input frame data type is float! 
interpreter_->Invoke() cost time(ms): 79.646
maxpool_transpose cost time(ms): 0.834
os time: 0
frame time stamp:1166253
obj num: 0
cost time: 84.44 ms
*******************************************************************
real input size, [img_h, img_w, img_c]: 576, 960, 3
Using GPU delegate
wanted_ratio = 1.75, img_ratio = 1.66667, resize_width = 426, resize_height = 256, padding_w = 11, padding_h = 0
input frame data type is float! 
interpreter_->Invoke() cost time(ms): 69.734
maxpool_transpose cost time(ms): 0.422
os time: 0
frame time stamp:1166519
obj num: 0
cost time: 74.066 ms
*******************************************************************
real input size, [img_h, img_w, img_c]: 576, 960, 3
Using GPU delegate
wanted_ratio = 1.75, img_ratio = 1.66667, resize_width = 426, resize_height = 256, padding_w = 11, padding_h = 0
input frame data type is float! 
interpreter_->Invoke() cost time(ms): 71.447
maxpool_transpose cost time(ms): 0.416
os time: 0
frame time stamp:1166786
obj num: 0
cost time: 79.258 ms
*******************************************************************
real input size, [img_h, img_w, img_c]: 576, 960, 3
Using GPU delegate
wanted_ratio = 1.75, img_ratio = 1.66667, resize_width = 426, resize_height = 256, padding_w = 11, padding_h = 0
input frame data type is float! 
interpreter_->Invoke() cost time(ms): 74.504
maxpool_transpose cost time(ms): 0.402
os time: 0
frame time stamp:2013840684
obj num: 0
cost time: 79.174 ms
*******************************************************************
real input size, [img_h, img_w, img_c]: 576, 960, 3
Using GPU delegate
wanted_ratio = 1.75, img_ratio = 1.66667, resize_width = 426, resize_height = 256, padding_w = 11, padding_h = 0
input frame data type is float! 
interpreter_->Invoke() cost time(ms): 70.87
maxpool_transpose cost time(ms): 0.425
os time: 0
frame time stamp:1168285
obj num: 0
cost time: 74.335 ms
*******************************************************************
real input size, [img_h, img_w, img_c]: 576, 960, 3
Using GPU delegate
wanted_ratio = 1.75, img_ratio = 1.66667, resize_width = 426, resize_height = 256, padding_w = 11, padding_h = 0
input frame data type is float! 
interpreter_->Invoke() cost time(ms): 83.196
maxpool_transpose cost time(ms): 0.449
os time: 0
frame time stamp:1168552
obj num: 0
cost time: 92.601 ms
*******************************************************************
real input size, [img_h, img_w, img_c]: 576, 960, 3
Using GPU delegate
wanted_ratio = 1.75, img_ratio = 1.66667, resize_width = 426, resize_height = 256, padding_w = 11, padding_h = 0
input frame data type is float! 
interpreter_->Invoke() cost time(ms): 82.761
maxpool_transpose cost time(ms): 0.406
os time: 0
frame time stamp:1168818
obj num: 0
cost time: 89.192 ms
*******************************************************************
real input size, [img_h, img_w, img_c]: 576, 960, 3
Using GPU delegate
wanted_ratio = 1.75, img_ratio = 1.66667, resize_width = 426, resize_height = 256, padding_w = 11, padding_h = 0
input frame data type is float! 
interpreter_->Invoke() cost time(ms): 75.867
maxpool_transpose cost time(ms): 0.455
os time: 0
frame time stamp:1169052
obj num: 0
cost time: 82.575 ms
*******************************************************************
real input size, [img_h, img_w, img_c]: 576, 960, 3
Using GPU delegate
wanted_ratio = 1.75, img_ratio = 1.66667, resize_width = 426, resize_height = 256, padding_w = 11, padding_h = 0
input frame data type is float! 
interpreter_->Invoke() cost time(ms): 67.859
maxpool_transpose cost time(ms): 0.392
os time: 0
frame time stamp:1169354
obj num: 0
cost time: 72.059 ms
*******************************************************************
real input size, [img_h, img_w, img_c]: 576, 960, 3
Using GPU delegate
wanted_ratio = 1.75, img_ratio = 1.66667, resize_width = 426, resize_height = 256, padding_w = 11, padding_h = 0
input frame data type is float! 
interpreter_->Invoke() cost time(ms): 68.058
maxpool_transpose cost time(ms): 0.621
os time: 0
frame time stamp:1169619
obj num: 0
cost time: 72.573 ms
*******************************************************************
real input size, [img_h, img_w, img_c]: 576, 960, 3
Using GPU delegate
wanted_ratio = 1.75, img_ratio = 1.66667, resize_width = 426, resize_height = 256, padding_w = 11, padding_h = 0
input frame data type is float! 
interpreter_->Invoke() cost time(ms): 73.423
maxpool_transpose cost time(ms): 0.6
os time: 0
frame time stamp:1169884
obj num: 0
cost time: 79.413 ms
*******************************************************************
real input size, [img_h, img_w, img_c]: 576, 960, 3
Using GPU delegate
wanted_ratio = 1.75, img_ratio = 1.66667, resize_width = 426, resize_height = 256, padding_w = 11, padding_h = 0
input frame data type is float! 
interpreter_->Invoke() cost time(ms): 69.132
maxpool_transpose cost time(ms): 0.576
os time: 0
frame time stamp:1170153
obj num: 0
cost time: 73.091 ms
*******************************************************************
real input size, [img_h, img_w, img_c]: 576, 960, 3
Using GPU delegate
wanted_ratio = 1.75, img_ratio = 1.66667, resize_width = 426, resize_height = 256, padding_w = 11, padding_h = 0
input frame data type is float! 
interpreter_->Invoke() cost time(ms): 68.894
maxpool_transpose cost time(ms): 0.414
os time: 0
frame time stamp:1170418
obj num: 0
cost time: 72.189 ms
*******************************************************************
real input size, [img_h, img_w, img_c]: 576, 960, 3
Using GPU delegate
wanted_ratio = 1.75, img_ratio = 1.66667, resize_width = 426, resize_height = 256, padding_w = 11, padding_h = 0
input frame data type is float! 
interpreter_->Invoke() cost time(ms): 78.127
maxpool_transpose cost time(ms): 0.382
os time: 0
frame time stamp:1170686
obj num: 0
cost time: 82.908 ms
*******************************************************************
real input size, [img_h, img_w, img_c]: 576, 960, 3
Using GPU delegate
wanted_ratio = 1.75, img_ratio = 1.66667, resize_width = 426, resize_height = 256, padding_w = 11, padding_h = 0
input frame data type is float! 
interpreter_->Invoke() cost time(ms): 71.64
maxpool_transpose cost time(ms): 0.397
os time: 0
frame time stamp:1170952
obj num: 0
cost time: 75.252 ms
*******************************************************************
real input size, [img_h, img_w, img_c]: 576, 960, 3
Using GPU delegate
wanted_ratio = 1.75, img_ratio = 1.66667, resize_width = 426, resize_height = 256, padding_w = 11, padding_h = 0
input frame data type is float! 
interpreter_->Invoke() cost time(ms): 67.175
maxpool_transpose cost time(ms): 0.779
os time: 0
frame time stamp:1171217
obj num: 0
cost time: 71.925 ms
*******************************************************************
real input size, [img_h, img_w, img_c]: 576, 960, 3
Using GPU delegate
wanted_ratio = 1.75, img_ratio = 1.66667, resize_width = 426, resize_height = 256, padding_w = 11, padding_h = 0
input frame data type is float! 
interpreter_->Invoke() cost time(ms): 67.113
maxpool_transpose cost time(ms): 2.189
os time: 0
frame time stamp:1171484
obj num: 0
cost time: 72.571 ms
*******************************************************************
real input size, [img_h, img_w, img_c]: 576, 960, 3
Using GPU delegate
wanted_ratio = 1.75, img_ratio = 1.66667, resize_width = 426, resize_height = 256, padding_w = 11, padding_h = 0
input frame data type is float! 
interpreter_->Invoke() cost time(ms): 67.912
maxpool_transpose cost time(ms): 0.396
os time: 0
frame time stamp:1171750
obj num: 0
cost time: 71.516 ms
*******************************************************************
real input size, [img_h, img_w, img_c]: 576, 960, 3
Using GPU delegate
wanted_ratio = 1.75, img_ratio = 1.66667, resize_width = 426, resize_height = 256, padding_w = 11, padding_h = 0
input frame data type is float! 
interpreter_->Invoke() cost time(ms): 66.902
maxpool_transpose cost time(ms): 0.591
os time: 0
frame time stamp:1172017
obj num: 0
cost time: 71.526 ms
*******************************************************************
real input size, [img_h, img_w, img_c]: 576, 960, 3
Using GPU delegate
wanted_ratio = 1.75, img_ratio = 1.66667, resize_width = 426, resize_height = 256, padding_w = 11, padding_h = 0
input frame data type is float! 
interpreter_->Invoke() cost time(ms): 69.479
maxpool_transpose cost time(ms): 0.5
os time: 0
frame time stamp:1172283
obj num: 0
cost time: 74.309 ms
*******************************************************************
real input size, [img_h, img_w, img_c]: 576, 960, 3
Using GPU delegate
wanted_ratio = 1.75, img_ratio = 1.66667, resize_width = 426, resize_height = 256, padding_w = 11, padding_h = 0
input frame data type is float! 
interpreter_->Invoke() cost time(ms): 77.256
maxpool_transpose cost time(ms): 0.485
os time: 0
frame time stamp:1172549
obj num: 0
cost time: 82.127 ms
*******************************************************************
real input size, [img_h, img_w, img_c]: 576, 960, 3
Using GPU delegate
wanted_ratio = 1.75, img_ratio = 1.66667, resize_width = 426, resize_height = 256, padding_w = 11, padding_h = 0
input frame data type is float! 
interpreter_->Invoke() cost time(ms): 69.554
maxpool_transpose cost time(ms): 0.533
os time: 0
frame time stamp:1172816
obj num: 0
cost time: 76.088 ms
*******************************************************************
real input size, [img_h, img_w, img_c]: 576, 960, 3
Using GPU delegate
wanted_ratio = 1.75, img_ratio = 1.66667, resize_width = 426, resize_height = 256, padding_w = 11, padding_h = 0
input frame data type is float! 
interpreter_->Invoke() cost time(ms): 66.861
maxpool_transpose cost time(ms): 4.596
os time: 0
frame time stamp:1173083
obj num: 0
cost time: 77.25 ms
*******************************************************************
real input size, [img_h, img_w, img_c]: 576, 960, 3
Using GPU delegate
wanted_ratio = 1.75, img_ratio = 1.66667, resize_width = 426, resize_height = 256, padding_w = 11, padding_h = 0
input frame data type is float! 
interpreter_->Invoke() cost time(ms): 68.401
maxpool_transpose cost time(ms): 0.381
os time: 0
frame time stamp:1173349
obj num: 0
cost time: 76.855 ms
*******************************************************************
real input size, [img_h, img_w, img_c]: 576, 960, 3
Using GPU delegate
wanted_ratio = 1.75, img_ratio = 1.66667, resize_width = 426, resize_height = 256, padding_w = 11, padding_h = 0
input frame data type is float! 
interpreter_->Invoke() cost time(ms): 69.587
maxpool_transpose cost time(ms): 0.686
os time: 0
frame time stamp:1173615
obj num: 0
cost time: 73.526 ms
*******************************************************************
real input size, [img_h, img_w, img_c]: 576, 960, 3
Using GPU delegate
wanted_ratio = 1.75, img_ratio = 1.66667, resize_width = 426, resize_height = 256, padding_w = 11, padding_h = 0
input frame data type is float! 
interpreter_->Invoke() cost time(ms): 70
maxpool_transpose cost time(ms): 0.51
os time: 0
frame time stamp:1173882
obj num: 0
cost time: 78.577 ms
*******************************************************************
real input size, [img_h, img_w, img_c]: 576, 960, 3
Using GPU delegate
wanted_ratio = 1.75, img_ratio = 1.66667, resize_width = 426, resize_height = 256, padding_w = 11, padding_h = 0
input frame data type is float! 
interpreter_->Invoke() cost time(ms): 76.184
maxpool_transpose cost time(ms): 0.506
os time: 0
frame time stamp:1174149
obj num: 0
cost time: 85.024 ms
*******************************************************************
real input size, [img_h, img_w, img_c]: 576, 960, 3
Using GPU delegate
wanted_ratio = 1.75, img_ratio = 1.66667, resize_width = 426, resize_height = 256, padding_w = 11, padding_h = 0
input frame data type is float! 
interpreter_->Invoke() cost time(ms): 73.073
maxpool_transpose cost time(ms): 0.468
os time: 0
frame time stamp:1174449
obj num: 0
cost time: 77.4 ms
*******************************************************************
real input size, [img_h, img_w, img_c]: 576, 960, 3
Using GPU delegate
wanted_ratio = 1.75, img_ratio = 1.66667, resize_width = 426, resize_height = 256, padding_w = 11, padding_h = 0
input frame data type is float! 
interpreter_->Invoke() cost time(ms): 86.522
maxpool_transpose cost time(ms): 0.398
os time: 0
frame time stamp:1174715
obj num: 0
cost time: 93.771 ms
*******************************************************************
real input size, [img_h, img_w, img_c]: 576, 960, 3
Using GPU delegate
wanted_ratio = 1.75, img_ratio = 1.66667, resize_width = 426, resize_height = 256, padding_w = 11, padding_h = 0
input frame data type is float! 
interpreter_->Invoke() cost time(ms): 80.825
maxpool_transpose cost time(ms): 0.586
os time: 0
frame time stamp:1174981
obj num: 0
cost time: 88.321 ms
*******************************************************************
real input size, [img_h, img_w, img_c]: 576, 960, 3
Using GPU delegate
wanted_ratio = 1.75, img_ratio = 1.66667, resize_width = 426, resize_height = 256, padding_w = 11, padding_h = 0
input frame data type is float! 
interpreter_->Invoke() cost time(ms): 68.117
maxpool_transpose cost time(ms): 0.44
os time: 0
frame time stamp:1175248
obj num: 0
cost time: 73.185 ms
*******************************************************************
real input size, [img_h, img_w, img_c]: 576, 960, 3
Using GPU delegate
wanted_ratio = 1.75, img_ratio = 1.66667, resize_width = 426, resize_height = 256, padding_w = 11, padding_h = 0
input frame data type is float! 
interpreter_->Invoke() cost time(ms): 72.914
maxpool_transpose cost time(ms): 0.792
os time: 0
frame time stamp:1175514
obj num: 0
cost time: 77.15 ms
*******************************************************************
real input size, [img_h, img_w, img_c]: 576, 960, 3
Using GPU delegate
wanted_ratio = 1.75, img_ratio = 1.66667, resize_width = 426, resize_height = 256, padding_w = 11, padding_h = 0
input frame data type is float! 
interpreter_->Invoke() cost time(ms): 87.013
maxpool_transpose cost time(ms): 1.024
os time: 0
frame time stamp:1175781
obj num: 0
cost time: 92.538 ms
*******************************************************************
real input size, [img_h, img_w, img_c]: 576, 960, 3
Using GPU delegate
wanted_ratio = 1.75, img_ratio = 1.66667, resize_width = 426, resize_height = 256, padding_w = 11, padding_h = 0
input frame data type is float! 
interpreter_->Invoke() cost time(ms): 78.606
maxpool_transpose cost time(ms): 0.414
os time: 0
frame time stamp:2013849704
obj num: 0
cost time: 91.6 ms
*******************************************************************
real input size, [img_h, img_w, img_c]: 576, 960, 3
Using GPU delegate
wanted_ratio = 1.75, img_ratio = 1.66667, resize_width = 426, resize_height = 256, padding_w = 11, padding_h = 0
input frame data type is float! 
interpreter_->Invoke() cost time(ms): 88.13
maxpool_transpose cost time(ms): 0.582
os time: 0
frame time stamp:1224022
obj num: 0
cost time: 93.713 ms
*******************************************************************
real input size, [img_h, img_w, img_c]: 576, 960, 3
Using GPU delegate
wanted_ratio = 1.75, img_ratio = 1.66667, resize_width = 426, resize_height = 256, padding_w = 11, padding_h = 0
input frame data type is float! 
interpreter_->Invoke() cost time(ms): 67.833
maxpool_transpose cost time(ms): 0.531
os time: 0
frame time stamp:1224285
obj num: 0
cost time: 73.061 ms
*******************************************************************
real input size, [img_h, img_w, img_c]: 576, 960, 3
Using GPU delegate
wanted_ratio = 1.75, img_ratio = 1.66667, resize_width = 426, resize_height = 256, padding_w = 11, padding_h = 0
input frame data type is float! 
interpreter_->Invoke() cost time(ms): 81.155
maxpool_transpose cost time(ms): 0.425
os time: 0
frame time stamp:1224350
obj num: 0
cost time: 85.941 ms
*******************************************************************
real input size, [img_h, img_w, img_c]: 576, 960, 3
Using GPU delegate
wanted_ratio = 1.75, img_ratio = 1.66667, resize_width = 426, resize_height = 256, padding_w = 11, padding_h = 0
input frame data type is float! 
interpreter_->Invoke() cost time(ms): 69.987
maxpool_transpose cost time(ms): 0.421
os time: 0
frame time stamp:1225103
obj num: 0
cost time: 75.393 ms
*******************************************************************
real input size, [img_h, img_w, img_c]: 576, 960, 3
Using GPU delegate
wanted_ratio = 1.75, img_ratio = 1.66667, resize_width = 426, resize_height = 256, padding_w = 11, padding_h = 0
input frame data type is float! 
interpreter_->Invoke() cost time(ms): 86.567
maxpool_transpose cost time(ms): 0.557
os time: 0
frame time stamp:1225370
obj num: 0
cost time: 94.178 ms
*******************************************************************
real input size, [img_h, img_w, img_c]: 576, 960, 3
Using GPU delegate
wanted_ratio = 1.75, img_ratio = 1.66667, resize_width = 426, resize_height = 256, padding_w = 11, padding_h = 0
input frame data type is float! 
interpreter_->Invoke() cost time(ms): 78.256
maxpool_transpose cost time(ms): 0.737
os time: 0
frame time stamp:1225636
obj num: 0
cost time: 84.795 ms
*******************************************************************
real input size, [img_h, img_w, img_c]: 576, 960, 3
Using GPU delegate
wanted_ratio = 1.75, img_ratio = 1.66667, resize_width = 426, resize_height = 256, padding_w = 11, padding_h = 0
input frame data type is float! 
interpreter_->Invoke() cost time(ms): 73.97
maxpool_transpose cost time(ms): 0.635
os time: 0
frame time stamp:1225903
obj num: 0
cost time: 77.87 ms
*******************************************************************
real input size, [img_h, img_w, img_c]: 576, 960, 3
Using GPU delegate
wanted_ratio = 1.75, img_ratio = 1.66667, resize_width = 426, resize_height = 256, padding_w = 11, padding_h = 0
input frame data type is float! 
interpreter_->Invoke() cost time(ms): 83.868
maxpool_transpose cost time(ms): 8.682
os time: 0
frame time stamp:1226169
obj num: 0
cost time: 98.583 ms
*******************************************************************
real input size, [img_h, img_w, img_c]: 576, 960, 3
Using GPU delegate
wanted_ratio = 1.75, img_ratio = 1.66667, resize_width = 426, resize_height = 256, padding_w = 11, padding_h = 0
input frame data type is float! 
interpreter_->Invoke() cost time(ms): 75.446
maxpool_transpose cost time(ms): 0.382
os time: 0
frame time stamp:1226436
obj num: 0
cost time: 80.292 ms
*******************************************************************
real input size, [img_h, img_w, img_c]: 576, 960, 3
Using GPU delegate
wanted_ratio = 1.75, img_ratio = 1.66667, resize_width = 426, resize_height = 256, padding_w = 11, padding_h = 0
input frame data type is float! 
interpreter_->Invoke() cost time(ms): 67.304
maxpool_transpose cost time(ms): 0.812
os time: 0
frame time stamp:1226702
obj num: 0
cost time: 72.56 ms
*******************************************************************
real input size, [img_h, img_w, img_c]: 576, 960, 3
Using GPU delegate
wanted_ratio = 1.75, img_ratio = 1.66667, resize_width = 426, resize_height = 256, padding_w = 11, padding_h = 0
input frame data type is float! 
interpreter_->Invoke() cost time(ms): 80.857
maxpool_transpose cost time(ms): 0.457
os time: 0
frame time stamp:1226969
obj num: 0
cost time: 87.43 ms
*******************************************************************
real input size, [img_h, img_w, img_c]: 576, 960, 3
Using GPU delegate
wanted_ratio = 1.75, img_ratio = 1.66667, resize_width = 426, resize_height = 256, padding_w = 11, padding_h = 0
input frame data type is float! 
interpreter_->Invoke() cost time(ms): 71.113
maxpool_transpose cost time(ms): 0.485
os time: 0
frame time stamp:1227235
obj num: 0
cost time: 77.613 ms
*******************************************************************
real input size, [img_h, img_w, img_c]: 576, 960, 3
Using GPU delegate
wanted_ratio = 1.75, img_ratio = 1.66667, resize_width = 426, resize_height = 256, padding_w = 11, padding_h = 0
input frame data type is float! 
interpreter_->Invoke() cost time(ms): 72.303
maxpool_transpose cost time(ms): 1.313
os time: 0
frame time stamp:1227501
obj num: 0
cost time: 77.725 ms
*******************************************************************
real input size, [img_h, img_w, img_c]: 576, 960, 3
Using GPU delegate
wanted_ratio = 1.75, img_ratio = 1.66667, resize_width = 426, resize_height = 256, padding_w = 11, padding_h = 0
input frame data type is float! 
interpreter_->Invoke() cost time(ms): 76.449
maxpool_transpose cost time(ms): 0.911
os time: 0
frame time stamp:1227768
obj num: 0
cost time: 82.518 ms
*******************************************************************
real input size, [img_h, img_w, img_c]: 576, 960, 3
Using GPU delegate
wanted_ratio = 1.75, img_ratio = 1.66667, resize_width = 426, resize_height = 256, padding_w = 11, padding_h = 0
input frame data type is float! 
interpreter_->Invoke() cost time(ms): 73.742
maxpool_transpose cost time(ms): 0.462
os time: 0
frame time stamp:1228035
obj num: 0
cost time: 78.107 ms
*******************************************************************
real input size, [img_h, img_w, img_c]: 576, 960, 3
Using GPU delegate
wanted_ratio = 1.75, img_ratio = 1.66667, resize_width = 426, resize_height = 256, padding_w = 11, padding_h = 0
input frame data type is float! 
interpreter_->Invoke() cost time(ms): 76.471
maxpool_transpose cost time(ms): 0.902
os time: 0
frame time stamp:1228301
obj num: 0
cost time: 82.548 ms
*******************************************************************
real input size, [img_h, img_w, img_c]: 576, 960, 3
Using GPU delegate
wanted_ratio = 1.75, img_ratio = 1.66667, resize_width = 426, resize_height = 256, padding_w = 11, padding_h = 0
input frame data type is float! 
interpreter_->Invoke() cost time(ms): 79.126
maxpool_transpose cost time(ms): 0.444
os time: 0
frame time stamp:1228568
obj num: 0
cost time: 83.473 ms
*******************************************************************
real input size, [img_h, img_w, img_c]: 576, 960, 3
Using GPU delegate
wanted_ratio = 1.75, img_ratio = 1.66667, resize_width = 426, resize_height = 256, padding_w = 11, padding_h = 0
input frame data type is float! 
interpreter_->Invoke() cost time(ms): 80.922
maxpool_transpose cost time(ms): 0.442
os time: 0
frame time stamp:1228834
obj num: 0
cost time: 89.058 ms
*******************************************************************
real input size, [img_h, img_w, img_c]: 576, 960, 3
Using GPU delegate
wanted_ratio = 1.75, img_ratio = 1.66667, resize_width = 426, resize_height = 256, padding_w = 11, padding_h = 0
input frame data type is float! 
interpreter_->Invoke() cost time(ms): 76.239
maxpool_transpose cost time(ms): 0.611
os time: 0
frame time stamp:1229100
obj num: 0
cost time: 82.375 ms
*******************************************************************
real input size, [img_h, img_w, img_c]: 576, 960, 3
Using GPU delegate
wanted_ratio = 1.75, img_ratio = 1.66667, resize_width = 426, resize_height = 256, padding_w = 11, padding_h = 0
input frame data type is float! 
interpreter_->Invoke() cost time(ms): 66.701
maxpool_transpose cost time(ms): 0.471
os time: 0
frame time stamp:1229368
obj num: 0
cost time: 71.162 ms
*******************************************************************
real input size, [img_h, img_w, img_c]: 576, 960, 3
Using GPU delegate
wanted_ratio = 1.75, img_ratio = 1.66667, resize_width = 426, resize_height = 256, padding_w = 11, padding_h = 0
input frame data type is float! 
interpreter_->Invoke() cost time(ms): 67.612
maxpool_transpose cost time(ms): 0.595
os time: 0
frame time stamp:1229634
obj num: 0
cost time: 71.789 ms
*******************************************************************
real input size, [img_h, img_w, img_c]: 576, 960, 3
Using GPU delegate
wanted_ratio = 1.75, img_ratio = 1.66667, resize_width = 426, resize_height = 256, padding_w = 11, padding_h = 0
input frame data type is float! 
interpreter_->Invoke() cost time(ms): 78.867
maxpool_transpose cost time(ms): 0.6
os time: 0
frame time stamp:1229901
obj num: 0
cost time: 87.331 ms
*******************************************************************
real input size, [img_h, img_w, img_c]: 576, 960, 3
Using GPU delegate
wanted_ratio = 1.75, img_ratio = 1.66667, resize_width = 426, resize_height = 256, padding_w = 11, padding_h = 0
input frame data type is float! 
interpreter_->Invoke() cost time(ms): 73.013
maxpool_transpose cost time(ms): 0.443
os time: 0
frame time stamp:1230167
obj num: 0
cost time: 81.965 ms
*******************************************************************
real input size, [img_h, img_w, img_c]: 576, 960, 3
Using GPU delegate
wanted_ratio = 1.75, img_ratio = 1.66667, resize_width = 426, resize_height = 256, padding_w = 11, padding_h = 0
input frame data type is float! 
interpreter_->Invoke() cost time(ms): 79.518
maxpool_transpose cost time(ms): 0.588
os time: 0
frame time stamp:1230433
obj num: 0
cost time: 85.142 ms
*******************************************************************
real input size, [img_h, img_w, img_c]: 576, 960, 3
Using GPU delegate
wanted_ratio = 1.75, img_ratio = 1.66667, resize_width = 426, resize_height = 256, padding_w = 11, padding_h = 0
input frame data type is float! 
interpreter_->Invoke() cost time(ms): 80.328
maxpool_transpose cost time(ms): 1.756
os time: 0
frame time stamp:1230700
obj num: 0
cost time: 87.403 ms
*******************************************************************
real input size, [img_h, img_w, img_c]: 576, 960, 3
Using GPU delegate
wanted_ratio = 1.75, img_ratio = 1.66667, resize_width = 426, resize_height = 256, padding_w = 11, padding_h = 0
input frame data type is float! 
interpreter_->Invoke() cost time(ms): 90.566
maxpool_transpose cost time(ms): 0.45
os time: 0
frame time stamp:1230967
obj num: 0
cost time: 96.94 ms
*******************************************************************
real input size, [img_h, img_w, img_c]: 576, 960, 3
Using GPU delegate
wanted_ratio = 1.75, img_ratio = 1.66667, resize_width = 426, resize_height = 256, padding_w = 11, padding_h = 0
input frame data type is float! 
interpreter_->Invoke() cost time(ms): 84.783
maxpool_transpose cost time(ms): 0.437
os time: 0
frame time stamp:1231234
obj num: 0
cost time: 90.845 ms
*******************************************************************
real input size, [img_h, img_w, img_c]: 576, 960, 3
Using GPU delegate
wanted_ratio = 1.75, img_ratio = 1.66667, resize_width = 426, resize_height = 256, padding_w = 11, padding_h = 0
input frame data type is float! 
interpreter_->Invoke() cost time(ms): 74.112
maxpool_transpose cost time(ms): 0.419
os time: 0
frame time stamp:1231500
obj num: 0
cost time: 78.472 ms
*******************************************************************
real input size, [img_h, img_w, img_c]: 576, 960, 3
Using GPU delegate
wanted_ratio = 1.75, img_ratio = 1.66667, resize_width = 426, resize_height = 256, padding_w = 11, padding_h = 0
input frame data type is float! 
interpreter_->Invoke() cost time(ms): 85.969
maxpool_transpose cost time(ms): 0.473
os time: 0
frame time stamp:1231766
obj num: 0
cost time: 93.664 ms
*******************************************************************
real input size, [img_h, img_w, img_c]: 576, 960, 3
Using GPU delegate
wanted_ratio = 1.75, img_ratio = 1.66667, resize_width = 426, resize_height = 256, padding_w = 11, padding_h = 0
input frame data type is float! 
interpreter_->Invoke() cost time(ms): 72.118
maxpool_transpose cost time(ms): 0.474
os time: 0
frame time stamp:1232032
obj num: 0
cost time: 76.836 ms
*******************************************************************
real input size, [img_h, img_w, img_c]: 576, 960, 3
Using GPU delegate
wanted_ratio = 1.75, img_ratio = 1.66667, resize_width = 426, resize_height = 256, padding_w = 11, padding_h = 0
input frame data type is float! 
interpreter_->Invoke() cost time(ms): 82.775
maxpool_transpose cost time(ms): 0.454
os time: 0
frame time stamp:1232299
obj num: 0
cost time: 87.143 ms
*******************************************************************
real input size, [img_h, img_w, img_c]: 576, 960, 3
Using GPU delegate
wanted_ratio = 1.75, img_ratio = 1.66667, resize_width = 426, resize_height = 256, padding_w = 11, padding_h = 0
input frame data type is float! 
interpreter_->Invoke() cost time(ms): 77.731
maxpool_transpose cost time(ms): 1.902
os time: 0
frame time stamp:1232566
obj num: 0
cost time: 84.152 ms
*******************************************************************
real input size, [img_h, img_w, img_c]: 576, 960, 3
Using GPU delegate
wanted_ratio = 1.75, img_ratio = 1.66667, resize_width = 426, resize_height = 256, padding_w = 11, padding_h = 0
input frame data type is float! 
interpreter_->Invoke() cost time(ms): 114.996
maxpool_transpose cost time(ms): 0.485
os time: 0
frame time stamp:1250949
obj num: 0
cost time: 164.319 ms
*******************************************************************
real input size, [img_h, img_w, img_c]: 576, 960, 3
Using GPU delegate
wanted_ratio = 1.75, img_ratio = 1.66667, resize_width = 426, resize_height = 256, padding_w = 11, padding_h = 0
input frame data type is float! 
interpreter_->Invoke() cost time(ms): 77.673
maxpool_transpose cost time(ms): 1.69
os time: 0
frame time stamp:1251217
obj num: 0
cost time: 84.744 ms
*******************************************************************
real input size, [img_h, img_w, img_c]: 576, 960, 3
Using GPU delegate
wanted_ratio = 1.75, img_ratio = 1.66667, resize_width = 426, resize_height = 256, padding_w = 11, padding_h = 0
input frame data type is float! 
interpreter_->Invoke() cost time(ms): 79.094
maxpool_transpose cost time(ms): 0.824
os time: 0
frame time stamp:1251482
obj num: 0
cost time: 88.366 ms
*******************************************************************
real input size, [img_h, img_w, img_c]: 576, 960, 3
Using GPU delegate
wanted_ratio = 1.75, img_ratio = 1.66667, resize_width = 426, resize_height = 256, padding_w = 11, padding_h = 0
input frame data type is float! 
interpreter_->Invoke() cost time(ms): 79.892
maxpool_transpose cost time(ms): 0.499
os time: 0
frame time stamp:1251717
obj num: 0
cost time: 87.58 ms
*******************************************************************
real input size, [img_h, img_w, img_c]: 576, 960, 3
Using GPU delegate
wanted_ratio = 1.75, img_ratio = 1.66667, resize_width = 426, resize_height = 256, padding_w = 11, padding_h = 0
input frame data type is float! 
interpreter_->Invoke() cost time(ms): 76.069
maxpool_transpose cost time(ms): 0.395
os time: 0
frame time stamp:1251982
obj num: 0
cost time: 79.864 ms
*******************************************************************
real input size, [img_h, img_w, img_c]: 576, 960, 3
Using GPU delegate
wanted_ratio = 1.75, img_ratio = 1.66667, resize_width = 426, resize_height = 256, padding_w = 11, padding_h = 0
input frame data type is float! 
interpreter_->Invoke() cost time(ms): 66.774
maxpool_transpose cost time(ms): 0.489
os time: 0
frame time stamp:1252216
obj num: 0
cost time: 70.048 ms
*******************************************************************
real input size, [img_h, img_w, img_c]: 576, 960, 3
Using GPU delegate
wanted_ratio = 1.75, img_ratio = 1.66667, resize_width = 426, resize_height = 256, padding_w = 11, padding_h = 0
input frame data type is float! 
interpreter_->Invoke() cost time(ms): 68.277
maxpool_transpose cost time(ms): 0.784
os time: 0
frame time stamp:1252481
obj num: 0
cost time: 77.265 ms
*******************************************************************
real input size, [img_h, img_w, img_c]: 576, 960, 3
Using GPU delegate
wanted_ratio = 1.75, img_ratio = 1.66667, resize_width = 426, resize_height = 256, padding_w = 11, padding_h = 0
input frame data type is float! 
interpreter_->Invoke() cost time(ms): 71.009
maxpool_transpose cost time(ms): 0.389
os time: 0
frame time stamp:1252748
obj num: 0
cost time: 75.685 ms
*******************************************************************
real input size, [img_h, img_w, img_c]: 576, 960, 3
Using GPU delegate
wanted_ratio = 1.75, img_ratio = 1.66667, resize_width = 426, resize_height = 256, padding_w = 11, padding_h = 0
input frame data type is float! 
interpreter_->Invoke() cost time(ms): 71.469
maxpool_transpose cost time(ms): 0.415
os time: 0
frame time stamp:1253016
obj num: 0
cost time: 76.058 ms
*******************************************************************
real input size, [img_h, img_w, img_c]: 576, 960, 3
Using GPU delegate
wanted_ratio = 1.75, img_ratio = 1.66667, resize_width = 426, resize_height = 256, padding_w = 11, padding_h = 0
input frame data type is float! 
interpreter_->Invoke() cost time(ms): 69.344
maxpool_transpose cost time(ms): 0.377
os time: 0
frame time stamp:1253281
obj num: 0
cost time: 79.279 ms
*******************************************************************
real input size, [img_h, img_w, img_c]: 576, 960, 3
Using GPU delegate
wanted_ratio = 1.75, img_ratio = 1.66667, resize_width = 426, resize_height = 256, padding_w = 11, padding_h = 0
input frame data type is float! 
interpreter_->Invoke() cost time(ms): 71.092
maxpool_transpose cost time(ms): 1.231
os time: 0
frame time stamp:1253548
obj num: 0
cost time: 77.498 ms
*******************************************************************
real input size, [img_h, img_w, img_c]: 576, 960, 3
Using GPU delegate
wanted_ratio = 1.75, img_ratio = 1.66667, resize_width = 426, resize_height = 256, padding_w = 11, padding_h = 0
input frame data type is float! 
interpreter_->Invoke() cost time(ms): 66.511
maxpool_transpose cost time(ms): 0.379
os time: 0
frame time stamp:1253848
obj num: 0
cost time: 71.004 ms
*******************************************************************
real input size, [img_h, img_w, img_c]: 576, 960, 3
Using GPU delegate
wanted_ratio = 1.75, img_ratio = 1.66667, resize_width = 426, resize_height = 256, padding_w = 11, padding_h = 0
input frame data type is float! 
interpreter_->Invoke() cost time(ms): 66.376
maxpool_transpose cost time(ms): 0.468
os time: 0
frame time stamp:1254116
obj num: 0
cost time: 70.932 ms
*******************************************************************
real input size, [img_h, img_w, img_c]: 576, 960, 3
Using GPU delegate
wanted_ratio = 1.75, img_ratio = 1.66667, resize_width = 426, resize_height = 256, padding_w = 11, padding_h = 0
input frame data type is float! 
interpreter_->Invoke() cost time(ms): 68.443
maxpool_transpose cost time(ms): 0.805
os time: 0
frame time stamp:1254381
obj num: 0
cost time: 74.254 ms
*******************************************************************
real input size, [img_h, img_w, img_c]: 576, 960, 3
Using GPU delegate
wanted_ratio = 1.75, img_ratio = 1.66667, resize_width = 426, resize_height = 256, padding_w = 11, padding_h = 0
input frame data type is float! 
interpreter_->Invoke() cost time(ms): 81.254
maxpool_transpose cost time(ms): 1.25
os time: 0
frame time stamp:1254647
obj num: 0
cost time: 88.198 ms
*******************************************************************
real input size, [img_h, img_w, img_c]: 576, 960, 3
Using GPU delegate
wanted_ratio = 1.75, img_ratio = 1.66667, resize_width = 426, resize_height = 256, padding_w = 11, padding_h = 0
input frame data type is float! 
interpreter_->Invoke() cost time(ms): 74.247
maxpool_transpose cost time(ms): 0.39
os time: 0
frame time stamp:1254915
obj num: 0
cost time: 80.161 ms
*******************************************************************
real input size, [img_h, img_w, img_c]: 576, 960, 3
Using GPU delegate
wanted_ratio = 1.75, img_ratio = 1.66667, resize_width = 426, resize_height = 256, padding_w = 11, padding_h = 0
input frame data type is float! 
interpreter_->Invoke() cost time(ms): 68.15
maxpool_transpose cost time(ms): 0.418
os time: 0
frame time stamp:1255180
obj num: 0
cost time: 72.234 ms
*******************************************************************
real input size, [img_h, img_w, img_c]: 576, 960, 3
Using GPU delegate
wanted_ratio = 1.75, img_ratio = 1.66667, resize_width = 426, resize_height = 256, padding_w = 11, padding_h = 0
input frame data type is float! 
interpreter_->Invoke() cost time(ms): 69.285
maxpool_transpose cost time(ms): 0.495
os time: 0
frame time stamp:1255447
obj num: 0
cost time: 90.073 ms
*******************************************************************
real input size, [img_h, img_w, img_c]: 576, 960, 3
Using GPU delegate
wanted_ratio = 1.75, img_ratio = 1.66667, resize_width = 426, resize_height = 256, padding_w = 11, padding_h = 0
input frame data type is float! 
interpreter_->Invoke() cost time(ms): 69.461
maxpool_transpose cost time(ms): 0.61
os time: 0
frame time stamp:1255714
obj num: 0
cost time: 73.39 ms
*******************************************************************
real input size, [img_h, img_w, img_c]: 576, 960, 3
Using GPU delegate
wanted_ratio = 1.75, img_ratio = 1.66667, resize_width = 426, resize_height = 256, padding_w = 11, padding_h = 0
input frame data type is float! 
interpreter_->Invoke() cost time(ms): 67.942
maxpool_transpose cost time(ms): 0.482
os time: 0
frame time stamp:1255980
obj num: 0
cost time: 71.618 ms
*******************************************************************
real input size, [img_h, img_w, img_c]: 576, 960, 3
Using GPU delegate
wanted_ratio = 1.75, img_ratio = 1.66667, resize_width = 426, resize_height = 256, padding_w = 11, padding_h = 0
input frame data type is float! 
interpreter_->Invoke() cost time(ms): 70.066
maxpool_transpose cost time(ms): 0.41
os time: 0
frame time stamp:1256246
obj num: 0
cost time: 74.271 ms
*******************************************************************
real input size, [img_h, img_w, img_c]: 576, 960, 3
Using GPU delegate
wanted_ratio = 1.75, img_ratio = 1.66667, resize_width = 426, resize_height = 256, padding_w = 11, padding_h = 0
input frame data type is float! 
interpreter_->Invoke() cost time(ms): 71.781
maxpool_transpose cost time(ms): 0.392
os time: 0
frame time stamp:1256514
obj num: 0
cost time: 76.157 ms
*******************************************************************
real input size, [img_h, img_w, img_c]: 576, 960, 3
Using GPU delegate
wanted_ratio = 1.75, img_ratio = 1.66667, resize_width = 426, resize_height = 256, padding_w = 11, padding_h = 0
input frame data type is float! 
interpreter_->Invoke() cost time(ms): 69.747
maxpool_transpose cost time(ms): 0.375
os time: 0
frame time stamp:1256779
obj num: 0
cost time: 73.327 ms
*******************************************************************
real input size, [img_h, img_w, img_c]: 576, 960, 3
Using GPU delegate
wanted_ratio = 1.75, img_ratio = 1.66667, resize_width = 426, resize_height = 256, padding_w = 11, padding_h = 0
input frame data type is float! 
interpreter_->Invoke() cost time(ms): 66.772
maxpool_transpose cost time(ms): 0.385
os time: 0
frame time stamp:1257045
obj num: 0
cost time: 70.181 ms
*******************************************************************
real input size, [img_h, img_w, img_c]: 576, 960, 3
Using GPU delegate
wanted_ratio = 1.75, img_ratio = 1.66667, resize_width = 426, resize_height = 256, padding_w = 11, padding_h = 0
input frame data type is float! 
interpreter_->Invoke() cost time(ms): 66.714
maxpool_transpose cost time(ms): 0.819
os time: 0
frame time stamp:1257313
obj num: 0
cost time: 70.988 ms
*******************************************************************
real input size, [img_h, img_w, img_c]: 576, 960, 3
Using GPU delegate
wanted_ratio = 1.75, img_ratio = 1.66667, resize_width = 426, resize_height = 256, padding_w = 11, padding_h = 0
input frame data type is float! 
interpreter_->Invoke() cost time(ms): 67.553
maxpool_transpose cost time(ms): 0.388
os time: 0
frame time stamp:1257579
obj num: 0
cost time: 74.968 ms
*******************************************************************
real input size, [img_h, img_w, img_c]: 576, 960, 3
Using GPU delegate
wanted_ratio = 1.75, img_ratio = 1.66667, resize_width = 426, resize_height = 256, padding_w = 11, padding_h = 0
input frame data type is float! 
interpreter_->Invoke() cost time(ms): 67.308
maxpool_transpose cost time(ms): 0.887
os time: 0
frame time stamp:1257845
obj num: 0
cost time: 74.111 ms
*******************************************************************
real input size, [img_h, img_w, img_c]: 576, 960, 3
Using GPU delegate
wanted_ratio = 1.75, img_ratio = 1.66667, resize_width = 426, resize_height = 256, padding_w = 11, padding_h = 0
input frame data type is float! 
interpreter_->Invoke() cost time(ms): 67.607
maxpool_transpose cost time(ms): 0.412
os time: 0
frame time stamp:1258113
obj num: 0
cost time: 74.446 ms
*******************************************************************
real input size, [img_h, img_w, img_c]: 576, 960, 3
Using GPU delegate
wanted_ratio = 1.75, img_ratio = 1.66667, resize_width = 426, resize_height = 256, padding_w = 11, padding_h = 0
input frame data type is float! 
interpreter_->Invoke() cost time(ms): 78.734
maxpool_transpose cost time(ms): 0.625
os time: 0
frame time stamp:1258378
obj num: 0
cost time: 87.613 ms
*******************************************************************
real input size, [img_h, img_w, img_c]: 576, 960, 3
Using GPU delegate
wanted_ratio = 1.75, img_ratio = 1.66667, resize_width = 426, resize_height = 256, padding_w = 11, padding_h = 0
input frame data type is float! 
interpreter_->Invoke() cost time(ms): 71.679
maxpool_transpose cost time(ms): 0.459
os time: 0
frame time stamp:1258645
obj num: 0
cost time: 76.929 ms
*******************************************************************
real input size, [img_h, img_w, img_c]: 576, 960, 3
Using GPU delegate
wanted_ratio = 1.75, img_ratio = 1.66667, resize_width = 426, resize_height = 256, padding_w = 11, padding_h = 0
input frame data type is float! 
interpreter_->Invoke() cost time(ms): 69.318
maxpool_transpose cost time(ms): 0.43
os time: 0
frame time stamp:1258913
obj num: 0
cost time: 73.134 ms
*******************************************************************
real input size, [img_h, img_w, img_c]: 576, 960, 3
Using GPU delegate
wanted_ratio = 1.75, img_ratio = 1.66667, resize_width = 426, resize_height = 256, padding_w = 11, padding_h = 0
input frame data type is float! 
interpreter_->Invoke() cost time(ms): 77.616
maxpool_transpose cost time(ms): 0.432
os time: 0
frame time stamp:1259178
obj num: 0
cost time: 86.228 ms
*******************************************************************
real input size, [img_h, img_w, img_c]: 576, 960, 3
Using GPU delegate
wanted_ratio = 1.75, img_ratio = 1.66667, resize_width = 426, resize_height = 256, padding_w = 11, padding_h = 0
input frame data type is float! 
interpreter_->Invoke() cost time(ms): 95.375
maxpool_transpose cost time(ms): 1.294
os time: 0
frame time stamp:1259444
obj num: 0
cost time: 106.472 ms
*******************************************************************
real input size, [img_h, img_w, img_c]: 576, 960, 3
Using GPU delegate
wanted_ratio = 1.75, img_ratio = 1.66667, resize_width = 426, resize_height = 256, padding_w = 11, padding_h = 0
input frame data type is float! 
interpreter_->Invoke() cost time(ms): 70.072
maxpool_transpose cost time(ms): 0.428
os time: 0
frame time stamp:1259744
obj num: 0
cost time: 77.944 ms
*******************************************************************
real input size, [img_h, img_w, img_c]: 576, 960, 3
Using GPU delegate
wanted_ratio = 1.75, img_ratio = 1.66667, resize_width = 426, resize_height = 256, padding_w = 11, padding_h = 0
input frame data type is float! 
interpreter_->Invoke() cost time(ms): 87.549
maxpool_transpose cost time(ms): 0.395
os time: 0
frame time stamp:1260012
obj num: 0
cost time: 99.497 ms
*******************************************************************
real input size, [img_h, img_w, img_c]: 576, 960, 3
Using GPU delegate
wanted_ratio = 1.75, img_ratio = 1.66667, resize_width = 426, resize_height = 256, padding_w = 11, padding_h = 0
input frame data type is float! 
interpreter_->Invoke() cost time(ms): 85.341
maxpool_transpose cost time(ms): 0.877
os time: 0
frame time stamp:1260277
obj num: 0
cost time: 91.501 ms
*******************************************************************
real input size, [img_h, img_w, img_c]: 576, 960, 3
Using GPU delegate
wanted_ratio = 1.75, img_ratio = 1.66667, resize_width = 426, resize_height = 256, padding_w = 11, padding_h = 0
input frame data type is float! 
interpreter_->Invoke() cost time(ms): 85.536
maxpool_transpose cost time(ms): 0.725
os time: 0
frame time stamp:1260543
obj num: 0
cost time: 93.113 ms
*******************************************************************
real input size, [img_h, img_w, img_c]: 576, 960, 3
Using GPU delegate
wanted_ratio = 1.75, img_ratio = 1.66667, resize_width = 426, resize_height = 256, padding_w = 11, padding_h = 0
input frame data type is float! 
interpreter_->Invoke() cost time(ms): 69.492
maxpool_transpose cost time(ms): 0.491
os time: 0
frame time stamp:1260844
obj num: 0
cost time: 74.402 ms
*******************************************************************
real input size, [img_h, img_w, img_c]: 576, 960, 3
Using GPU delegate
wanted_ratio = 1.75, img_ratio = 1.66667, resize_width = 426, resize_height = 256, padding_w = 11, padding_h = 0
input frame data type is float! 
interpreter_->Invoke() cost time(ms): 84.711
maxpool_transpose cost time(ms): 4.848
os time: 0
frame time stamp:1261111
obj num: 0
cost time: 95.871 ms
*******************************************************************
real input size, [img_h, img_w, img_c]: 576, 960, 3
Using GPU delegate
wanted_ratio = 1.75, img_ratio = 1.66667, resize_width = 426, resize_height = 256, padding_w = 11, padding_h = 0
input frame data type is float! 
interpreter_->Invoke() cost time(ms): 75.257
maxpool_transpose cost time(ms): 0.433
os time: 0
frame time stamp:1261377
obj num: 0
cost time: 85.129 ms
*******************************************************************
real input size, [img_h, img_w, img_c]: 576, 960, 3
Using GPU delegate
wanted_ratio = 1.75, img_ratio = 1.66667, resize_width = 426, resize_height = 256, padding_w = 11, padding_h = 0
input frame data type is float! 
interpreter_->Invoke() cost time(ms): 71.23
maxpool_transpose cost time(ms): 0.389
os time: 0
frame time stamp:1261643
obj num: 0
cost time: 77.787 ms
*******************************************************************
real input size, [img_h, img_w, img_c]: 576, 960, 3
Using GPU delegate
wanted_ratio = 1.75, img_ratio = 1.66667, resize_width = 426, resize_height = 256, padding_w = 11, padding_h = 0
input frame data type is float! 
interpreter_->Invoke() cost time(ms): 72.852
maxpool_transpose cost time(ms): 0.492
os time: 0
frame time stamp:1261911
obj num: 0
cost time: 79.249 ms
*******************************************************************
real input size, [img_h, img_w, img_c]: 576, 960, 3
Using GPU delegate
wanted_ratio = 1.75, img_ratio = 1.66667, resize_width = 426, resize_height = 256, padding_w = 11, padding_h = 0
input frame data type is float! 
interpreter_->Invoke() cost time(ms): 80.65
maxpool_transpose cost time(ms): 0.414
os time: 0
frame time stamp:1262177
obj num: 0
cost time: 84.374 ms
*******************************************************************
real input size, [img_h, img_w, img_c]: 576, 960, 3
Using GPU delegate
wanted_ratio = 1.75, img_ratio = 1.66667, resize_width = 426, resize_height = 256, padding_w = 11, padding_h = 0
input frame data type is float! 
interpreter_->Invoke() cost time(ms): 67.758
maxpool_transpose cost time(ms): 0.589
os time: 0
frame time stamp:1262443
obj num: 0
cost time: 72.669 ms
*******************************************************************
real input size, [img_h, img_w, img_c]: 576, 960, 3
Using GPU delegate
wanted_ratio = 1.75, img_ratio = 1.66667, resize_width = 426, resize_height = 256, padding_w = 11, padding_h = 0
input frame data type is float! 
interpreter_->Invoke() cost time(ms): 68.257
maxpool_transpose cost time(ms): 0.464
os time: 0
frame time stamp:1262710
obj num: 0
cost time: 82.867 ms
*******************************************************************
real input size, [img_h, img_w, img_c]: 576, 960, 3
Using GPU delegate
wanted_ratio = 1.75, img_ratio = 1.66667, resize_width = 426, resize_height = 256, padding_w = 11, padding_h = 0
input frame data type is float! 
interpreter_->Invoke() cost time(ms): 67.277
maxpool_transpose cost time(ms): 0.424
os time: 0
frame time stamp:1262976
obj num: 0
cost time: 71.364 ms
*******************************************************************
real input size, [img_h, img_w, img_c]: 576, 960, 3
Using GPU delegate
wanted_ratio = 1.75, img_ratio = 1.66667, resize_width = 426, resize_height = 256, padding_w = 11, padding_h = 0
input frame data type is float! 
interpreter_->Invoke() cost time(ms): 70.868
maxpool_transpose cost time(ms): 0.498
os time: 0
frame time stamp:1263242
obj num: 0
cost time: 75.081 ms
*******************************************************************
real input size, [img_h, img_w, img_c]: 576, 960, 3
Using GPU delegate
wanted_ratio = 1.75, img_ratio = 1.66667, resize_width = 426, resize_height = 256, padding_w = 11, padding_h = 0
input frame data type is float! 
interpreter_->Invoke() cost time(ms): 74.202
maxpool_transpose cost time(ms): 0.434
os time: 0
frame time stamp:1263510
obj num: 0
decrypt_file cost time(ms): 405.011
###################################################################
Loaded model_ /data/user/0/dji.go.v5/files/qs/mobilenetv3_small_1114_no_pool_no_permutet_personap_417_hengpai.model success!
detector init succeeded!
TFLITE_GPU_DELEGATE: params_.allow_fp16 = 1
serialization_dir = /data/user/0/dji.go.v5/files/qs/
GPU acceleration is used.
Applied GPU delegate.init cost time(ms): 3389.58
new buffer: hm_data_, hm_pool_data_, wh_data_, offset_data_, maxpool_data_
delegates size: 1
interpreter not NULL: 1
wanted input size, [img_h, img_w, img_c]: 256, 448, 3
output size: 3
decrypt_file cost time(ms): 493.36
###################################################################
Loaded model_ /data/user/0/dji.go.v5/files/qs/mobilenetv3_small_1114_no_pool_no_permutet_personap_417_hengpai.model success!
detector init succeeded!
TFLITE_GPU_DELEGATE: params_.allow_fp16 = 1
serialization_dir = /data/user/0/dji.go.v5/files/qs/
GPU acceleration is used.
Applied GPU delegate.init cost time(ms): 2303.86
new buffer: hm_data_, hm_pool_data_, wh_data_, offset_data_, maxpool_data_
delegates size: 1
interpreter not NULL: 1
wanted input size, [img_h, img_w, img_c]: 256, 448, 3
output size: 3
