GmcONIA9PFzHw1gpPLLPoqev3ytAH5KO3S/CJpMsylg=
35kyjVfwBJgytCi6KM5Vug==
FNt9orFfFSbPIXNSbXcP2Q==
gE2g7VQeqq0h5MkG44fPUw==
ExPkcbYFeYs2lHSAMsaJBjIbQm7FWZ8YCSkKK1z2aPs=
cwgQW1UgxyVfBeSrdwXHsPE1eoSAri+NViVSjTYe4hg=
pYn3RyiaY4vz2unSybTHuw==
mAzeFbkWBGyzJRgEWJSZYQNn44wFaguEUnqkvHVinQw=
NiGef/LGs6v8Em6sqLz1GYGKB0111uCW/TAqgkiW0+w=
2lfNnhNY+w/3xMaMUxJbE0YFT/wvMlSDz8Vrd5FEs18=
qCv2tAUT9pHcsp9FHh0A8V1wCAokde7667N5m9hUf98nB8vKk0C0v2lu0slf6PfQprj/e51MzRf4kEzAFB/XM0c1xdwEDzM7RCMCpaLnV6k=
qCv2tAUT9pHcsp9FHh0A8V1wCAokde7667N5m9hUf9/YGJ2aiHG1TwKRnFTAMi6sKl3DbugadB0zxWYqttL2nAcKW9XM++Pn9BIxH9MEcwE=
qCv2tAUT9pHcsp9FHh0A8V1wCAokde7667N5m9hUf99bfX/zFMQam0rkKIiIqFAKsLD1+HKcO95WLSlV+iJ5H6po1RBHKaD2j55xVB/twaU=
qCv2tAUT9pHcsp9FHh0A8V1wCAokde7667N5m9hUf99ebyQy3jr7JzPHVRiuQjni/7A0Khu/MfOrPNz3CFdCwo1a6ZrcwzSy1zCYXLnZxng=
qCv2tAUT9pHcsp9FHh0A8V1wCAokde7667N5m9hUf98yF+StbdbdX4IyYLCQcLL6xOdQdJgU4nTU2vHl561VHBXXp/Z4N4/a6gKb5elP+dw=
qCv2tAUT9pHcsp9FHh0A8V1wCAokde7667N5m9hUf9+nE8ZQ/lN+hW3uGznqHcmC7nNnJ6OI5SBljdMzF3IBXRxyzX8eybSM1reF6rLLT8Y=
qCv2tAUT9pHcsp9FHh0A8V1wCAokde7667N5m9hUf9+Sm2/7Hh9tIrHMovUT6t/YydodOMXYWITkb+1F2w3bzqLpcVgjPahJ+7qW4XjXMTE=
qCv2tAUT9pHcsp9FHh0A8V1wCAokde7667N5m9hUf994CHzoR+wKccHbWlVRIZZu+vptQU1BT64OeZ30XztiTCfEzikk5ZijCtVpflKf7Ds=
qCv2tAUT9pHcsp9FHh0A8V1wCAokde7667N5m9hUf9+fxF+zVsgowi252e3FErl6/xjzIx5kmnmRMN7DzXj38eDDs5Ex3btn3yDQLLRnKtE=
qCv2tAUT9pHcsp9FHh0A8V1wCAokde7667N5m9hUf9+CDbanp8MpnEihqChnj1TWiF143cP3pDJiIQMrEdhd/IpXCmal5gaV+aKQyYYieik=
