GmcONIA9PFzHw1gpPLLPoqev3ytAH5KO3S/CJpMsylg=
35kyjVfwBJgytCi6KM5Vug==
FNt9orFfFSbPIXNSbXcP2Q==
gE2g7VQeqq0h5MkG44fPUw==
A4ZCFW7RnVRfEnbtNxUDb8VFIQmzxcIFLuiIjRY2q84=
cwgQW1UgxyVfBeSrdwXHsPE1eoSAri+NViVSjTYe4hg=
pYn3RyiaY4vz2unSybTHuw==
mAzeFbkWBGyzJRgEWJSZYQNn44wFaguEUnqkvHVinQw=
NiGef/LGs6v8Em6sqLz1GYGKB0111uCW/TAqgkiW0+w=
2lfNnhNY+w/3xMaMUxJbE0YFT/wvMlSDz8Vrd5FEs18=
qCv2tAUT9pHcsp9FHh0A8V1wCAokde7667N5m9hUf98Nzs4ueOlGtruS0+N0Rql74ZngdPQwqP0hFJSexoyYFZLuN8O/Qw6ccfSt0uN/Bag=
qCv2tAUT9pHcsp9FHh0A8V1wCAokde7667N5m9hUf9/iVAJjugzc9W0phrfgSpSpXkt0vc7CDtuA4+kN0l5GgG3uS5dcK6ge1bmwh2aflwU=
qCv2tAUT9pHcsp9FHh0A8V1wCAokde7667N5m9hUf9+W6X1uvkbDaibztHHtJWOHrF49YsvBUpOFQN+ItR1gxeaqPey5FXwlrAryL9CCBBo=
qCv2tAUT9pHcsp9FHh0A8V1wCAokde7667N5m9hUf9/RM7G8rmRdxXoAcMJ3ktKtE7z49Ml8h7ySDgP+S6dYDl/yMfcHxEsHmi2X1NJhcBw=
qCv2tAUT9pHcsp9FHh0A8V1wCAokde7667N5m9hUf9+OznjChRQA3EOExRWyWnserDH7o3MoYXXr8mVM67HTVVIqbGvxAN+CDioWWnEHscw=
qCv2tAUT9pHcsp9FHh0A8V1wCAokde7667N5m9hUf99VQZ6Az7snOL3aFy8HXq+kn9mOjGhlY/g+9XWnd2LudMkedDER1vjqcDMSqBjurXI=
qCv2tAUT9pHcsp9FHh0A8V1wCAokde7667N5m9hUf9+PAwB0py7N3MndXmh7fhhWkJ+S1JRpyOwfK/y37OiIeEP81vPxAmKqAHfYSrLf0MM=
qCv2tAUT9pHcsp9FHh0A8V1wCAokde7667N5m9hUf9/a27K0iMNFLsMjRpEs5Xtg92KVcgtcYgac+fmpdrq6dtpzbm4YJw4Xj6t8O9TyHHU=
qCv2tAUT9pHcsp9FHh0A8V1wCAokde7667N5m9hUf9/YsTw4mWPJqYtt9DlLg5qU+eJNVepX3C/iixW/u7dOtgI0Fi6Z97jOhaCcEHI4Dlc=
qCv2tAUT9pHcsp9FHh0A8V1wCAokde7667N5m9hUf9/3BEWCZPv0HCo6lIEMER9bAu8i6TbAaFvfIPh8s3XSRXZWXDLRUFMLOz4mj91TB3Q=
qCv2tAUT9pHcsp9FHh0A8V1wCAokde7667N5m9hUf9+3KfI8VGX0GaCSNQNFg8q7Y89MHWzUyUZXjfZHyF59Jh82fni+pvKsEN55xYt519Y=
qCv2tAUT9pHcsp9FHh0A8V1wCAokde7667N5m9hUf9+SM8kyxuzIQq/s8nbI6xOyCe8jgwpHZ4ZlHOESDwsxq1lY1VTT1WL1VXJrZ6/CvEY=
qCv2tAUT9pHcsp9FHh0A8V1wCAokde7667N5m9hUf9/5gRynlprXcU9FNY/EnBSrEa2w7lxHVVhBl234DXq23gx5ovY7/exEP0tCO5lPuU8=
qCv2tAUT9pHcsp9FHh0A8V1wCAokde7667N5m9hUf9/LduKAdD0dvmJBAI+R2IOlw/FBSKUH2qDpeQtcJ94XL0GGywCQ03I63wjFcBJV74E=
qCv2tAUT9pHcsp9FHh0A8V1wCAokde7667N5m9hUf9872zDn4zrjo+/CDcNebOGwZEosW2vzZRGv9n6ec5K8biFMrRv559Q5ejubRpDT8ZA=
qCv2tAUT9pHcsp9FHh0A8V1wCAokde7667N5m9hUf98vD1LSo/ITTwsOsv5gbm6PRzP3aJHxrlAT/fEaCGEsf+bpU5gPxVMfZ/JxDQXlfRE=
qCv2tAUT9pHcsp9FHh0A8V1wCAokde7667N5m9hUf98XJ1YbCsLRcuQ9M5Ndke3MQ4PvzwVCkQtAkC2UbR/truRCKxaTr2t1u/GUovJFFN8=
