GmcONIA9PFzHw1gpPLLPoqev3ytAH5KO3S/CJpMsylg=
35kyjVfwBJgytCi6KM5Vug==
FNt9orFfFSbPIXNSbXcP2Q==
gE2g7VQeqq0h5MkG44fPUw==
A4ZCFW7RnVRfEnbtNxUDb8VFIQmzxcIFLuiIjRY2q84=
cwgQW1UgxyVfBeSrdwXHsPE1eoSAri+NViVSjTYe4hg=
pYn3RyiaY4vz2unSybTHuw==
mAzeFbkWBGyzJRgEWJSZYQNn44wFaguEUnqkvHVinQw=
NiGef/LGs6v8Em6sqLz1GYGKB0111uCW/TAqgkiW0+w=
2lfNnhNY+w/3xMaMUxJbE0YFT/wvMlSDz8Vrd5FEs18=
qCv2tAUT9pHcsp9FHh0A8V1wCAokde7667N5m9hUf9/q+UizEBTTtXUj+UxuDY4+TSFfuPuf8fTARxsAv+XM+nsOo8O/Wz1rNZU9sCeO4W4=
qCv2tAUT9pHcsp9FHh0A8V1wCAokde7667N5m9hUf990Pnl0PMKFJZ0B1u+qH2nMdHlhapjvKnoZA/0PJB47hu76m5mJIg10K//SkBGj7Wg=
qCv2tAUT9pHcsp9FHh0A8V1wCAokde7667N5m9hUf98U/aUArJTP+uvmoN4YVbs8epgIHpNADu/T1WztPdi7YlRwNmtOtz1QYHy6cK/XEtQ=
qCv2tAUT9pHcsp9FHh0A8V1wCAokde7667N5m9hUf99KkaYL+EYHHkqGX7M+1TAmrz0hThNwO5W6hjLTyKHOXinBisTMVAtsj1Xcko86wfs=
qCv2tAUT9pHcsp9FHh0A8V1wCAokde7667N5m9hUf99RcL6lxiZyN77HfzucUwi/bvG2Py4MQ0JnyzjpdAJscPIGCfAdHpJ1e/YLUD4rWsg=
qCv2tAUT9pHcsp9FHh0A8V1wCAokde7667N5m9hUf98kCniGanbDtMwl8uxnNerfc/Zfvj5a6+tZOcqKxOLsyCprzWO873P+IO9qTlRPOwk=
qCv2tAUT9pHcsp9FHh0A8V1wCAokde7667N5m9hUf99k0rQdk6zzFYS6ZJblunG/WhoxAGIXfE/31O0UxBDOOQvEfhAIzJ+IWStgJv7HaxE=
qCv2tAUT9pHcsp9FHh0A8V1wCAokde7667N5m9hUf9+hWnDUCvvBQGjVl/nPODAuXaYwn8279bAySuM11juvfwZstOczllfGORey2/t+osA=
qCv2tAUT9pHcsp9FHh0A8V1wCAokde7667N5m9hUf9/1XAAmG2uSAfFmnyghe5iXQr5DOUr67W4Q6dDGXS5kjRzfFvO5Or+qLhLGBJatYKo=
qCv2tAUT9pHcsp9FHh0A8V1wCAokde7667N5m9hUf9+lnSdls/Anz1OUYVmgHfUa4UrnUpjHVVO1OX6XjZi+NfevRu+vkk/MwkxtmYqgGlg=
qCv2tAUT9pHcsp9FHh0A8V1wCAokde7667N5m9hUf98z0vwOzm5VSKY4YjadMuiFhVqYtWPBtPmPZlPAVzsqOZmEwF1VKLLnmq2USg/ZOB4=
qCv2tAUT9pHcsp9FHh0A8V1wCAokde7667N5m9hUf9/ZM0yhNlnsu/Jc0Yp8mb7BAYKtbpX7DV98czXR6/1UFyOjxUzLM9ydZAY3ZBs1orM=
qCv2tAUT9pHcsp9FHh0A8V1wCAokde7667N5m9hUf99XHa++AjsCzU343jHRA436EM5kKrIM2jFfodMt1R4hBCgjGUGvjbiQVRJh8w4PwtM=
qCv2tAUT9pHcsp9FHh0A8V1wCAokde7667N5m9hUf9/G24X9+NBxjXDe99PbGMpX5frXrdsvv7JDPXYhhYmvODdYHds/W52n2YRXae7rsjo=
