GmcONIA9PFzHw1gpPLLPoqev3ytAH5KO3S/CJpMsylg=
35kyjVfwBJgytCi6KM5Vug==
FNt9orFfFSbPIXNSbXcP2Q==
gE2g7VQeqq0h5MkG44fPUw==
ExPkcbYFeYs2lHSAMsaJBjIbQm7FWZ8YCSkKK1z2aPs=
cwgQW1UgxyVfBeSrdwXHsPE1eoSAri+NViVSjTYe4hg=
pYn3RyiaY4vz2unSybTHuw==
mAzeFbkWBGyzJRgEWJSZYQNn44wFaguEUnqkvHVinQw=
NiGef/LGs6v8Em6sqLz1GYGKB0111uCW/TAqgkiW0+w=
2lfNnhNY+w/3xMaMUxJbE0YFT/wvMlSDz8Vrd5FEs18=
qCv2tAUT9pHcsp9FHh0A8V1wCAokde7667N5m9hUf9/iAwOnyO/t/TQJjxMwY6lg3sWlw1A4pacZ8JZzYYEj+oFqX8GwKkPtEzs3BzGComw=
qCv2tAUT9pHcsp9FHh0A8V1wCAokde7667N5m9hUf99xPfPTClj/WeAxBssxZJyFS7xatuxMRm/SOynoUCENR0YWooEHDMuiPdMEPAOvAIA=
qCv2tAUT9pHcsp9FHh0A8V1wCAokde7667N5m9hUf99mLeCD/wtZTx+u2bU2MMcmFy1UxH1ZnmFFJzO1cuwDKQsftfR/vKj7+jQdNRBiKDk=
qCv2tAUT9pHcsp9FHh0A8V1wCAokde7667N5m9hUf9/rye93sC2HMpFbKQe88RDmkKDiDw6hb2YPBVX/XvXAypBWFiLA/ETbxcY1MEJkCgg=
qCv2tAUT9pHcsp9FHh0A8V1wCAokde7667N5m9hUf99V8qD0vsGbCDstv+niWAGsEsTo+Fc5H9ws+vomXI5LLcIqgjWMf41+iDAQzBf6Lgw=
qCv2tAUT9pHcsp9FHh0A8V1wCAokde7667N5m9hUf9+ZDq61StRCsKG3scxyaHJhToSkdaKJLcm6v68mYfXOIXW8vD0wsGvaJEqyJDzSFCc=
qCv2tAUT9pHcsp9FHh0A8V1wCAokde7667N5m9hUf99+ZQeUg3/lfGkUXWIyjpga3nk4YUFfO6d9AHGD4boipDcGSd/FRz9Xf356DBxOfCQ=
qCv2tAUT9pHcsp9FHh0A8V1wCAokde7667N5m9hUf9/6eZpc3RlhIBvv5H/ErweCvpMuluIzxBlDUIhrJw2ji9bBqFo1n9JVuTYmuF7tSRM=
qCv2tAUT9pHcsp9FHh0A8V1wCAokde7667N5m9hUf98zPMZjagRhoNgBfLTdXx6e2ie8x+PrPxw79kw/Ex4vd50IC2vuI587LXZVoiGj+VY=
qCv2tAUT9pHcsp9FHh0A8V1wCAokde7667N5m9hUf9/hgKP3w/RkiUSWNDpNyYUlJ4yejNBKHFqzy2L5z6pYFdPkagxrO/fFX+g3Gap+gpw=
qCv2tAUT9pHcsp9FHh0A8V1wCAokde7667N5m9hUf9+20tUwLKt7Vh+ynXKRSKXKKlc5Z36erITvED6wpEgyBG1GencFMVZu854B3XwGm1A=
qCv2tAUT9pHcsp9FHh0A8V1wCAokde7667N5m9hUf98XTfb9S7EKVRcpp38OBURPLEj79vAWbFFUwNlsDAiqe7MkFGRIX3mGDeXHLohUAjo=
qCv2tAUT9pHcsp9FHh0A8V1wCAokde7667N5m9hUf98fAJn+vRbsUREbWbrRAzOfS0A4hsHWzEqNXHGfE0an4sXzRsM1bKfByQGj78Pff3k=
qCv2tAUT9pHcsp9FHh0A8V1wCAokde7667N5m9hUf9/sGiqmGRZtO+9xKXXV+f3WQGYJDwZaGkgL6vGfh0Y+bMkYx6IewB0CD90nD3EtTsg=
qCv2tAUT9pHcsp9FHh0A8V1wCAokde7667N5m9hUf9819OZHrcjNupxZqdugz09X0NMu1UZHzjdB3iDMLJpFJHrq1aylq0BcolDCdPAnM2M=
qCv2tAUT9pHcsp9FHh0A8V1wCAokde7667N5m9hUf99+akPmsqh7jM8XLUZ+ILfOTXEBrpoV4+Smniff7rN1b552Ja0pxPOWj9G+JPfLpjw=
qCv2tAUT9pHcsp9FHh0A8V1wCAokde7667N5m9hUf9+hHNIdYwcZbptKK3TeySf+LZD0V2L3AjgP+F46V+L4SQxXJItE0gQJ4tvRoDpDsgM=
qCv2tAUT9pHcsp9FHh0A8V1wCAokde7667N5m9hUf9/WYIXKke8BXjgSpblbBlY7B4KBu4oL4hbOExMovL+eXCAipwdiBB2bwdr2RyOZIKc=
