GmcONIA9PFzHw1gpPLLPoqev3ytAH5KO3S/CJpMsylg=
35kyjVfwBJgytCi6KM5Vug==
FNt9orFfFSbPIXNSbXcP2Q==
gE2g7VQeqq0h5MkG44fPUw==
A4ZCFW7RnVRfEnbtNxUDb8VFIQmzxcIFLuiIjRY2q84=
cwgQW1UgxyVfBeSrdwXHsPE1eoSAri+NViVSjTYe4hg=
pYn3RyiaY4vz2unSybTHuw==
mAzeFbkWBGyzJRgEWJSZYQNn44wFaguEUnqkvHVinQw=
NiGef/LGs6v8Em6sqLz1GYGKB0111uCW/TAqgkiW0+w=
2lfNnhNY+w/3xMaMUxJbE0YFT/wvMlSDz8Vrd5FEs18=
qCv2tAUT9pHcsp9FHh0A8V1wCAokde7667N5m9hUf9+7+PudHPrUBD468qBA+lBDYEf0T48+j7dvNZhxh3utP+AGJ85o8twnt8bVHkxN3jI=
qCv2tAUT9pHcsp9FHh0A8V1wCAokde7667N5m9hUf9/7cNOoIHQJ3toq5rBSeY9GqW+sErftugaxmovuk3ADDCxlb8Nxr3+T/4MgrPZI8pQ=
qCv2tAUT9pHcsp9FHh0A8V1wCAokde7667N5m9hUf98VqlEaIWeoaILqj0YiWRwWg1xLDSsn64XDZhvg9YXuKDqPFSekhroQIact3Bjrc1M=
qCv2tAUT9pHcsp9FHh0A8V1wCAokde7667N5m9hUf9/Jr2bfWY2aJr5jEMNAQMLQMQnhTjPujoiGcWK+6XmajzWRxiB3aUf+zrOwee8CpUc=
qCv2tAUT9pHcsp9FHh0A8V1wCAokde7667N5m9hUf9+UfvOppbMuuJ4VnVnPFm7lkbq7VIHJym5T/h3VQDGD/mll/9P7oR+9uCej3WB4IGw=
qCv2tAUT9pHcsp9FHh0A8V1wCAokde7667N5m9hUf99MVHJEKxi3i4VlGK5HGmq4C/uVohS6hiPnZUldTDm+HiOwtsfuAMR7G1lWZte9UpA=
qCv2tAUT9pHcsp9FHh0A8V1wCAokde7667N5m9hUf997oOf0oZJCQo9g7mITftQq12qjFmDJ201i+lOOpwTrI2evmKI3kXdSHyP2lJM2WUs=
qCv2tAUT9pHcsp9FHh0A8V1wCAokde7667N5m9hUf9/ZPlBv5G8DRc18fqUpB4HiCxupUOSI6b71Epqf1G9KhHpEXllcP8YznEslM1Z6z0M=
qCv2tAUT9pHcsp9FHh0A8V1wCAokde7667N5m9hUf9+KvjU52rZcdKvitjLAebDMjOGN1+azyedSRPvw5gyhlhm9mF8u8UKVBMKMDoo9Weg=
qCv2tAUT9pHcsp9FHh0A8V1wCAokde7667N5m9hUf98bK9zd+WlwVsnZYOOCvnnpv8CVu5Hi8haUdnSGwtvs1nAzGqO8UUuJkS3YzkCBcDI=
qCv2tAUT9pHcsp9FHh0A8V1wCAokde7667N5m9hUf9/KyUX++RCwHtku7Gdslv5p5U/rhCkJem3QIgL2jIe1clgMzDtxiutu3izUGSzIpc8=
qCv2tAUT9pHcsp9FHh0A8V1wCAokde7667N5m9hUf99FfNMSzskjPYxL1kmCPehMyNq418Pn5omLRX2MI6SLnZhWFcdeFub28xRk3D+mDC8=
qCv2tAUT9pHcsp9FHh0A8V1wCAokde7667N5m9hUf9+osyRrecs2E26ppMH/tH+i2WceddE8xMIxrMM1+tV4fABj1vOKOuEF+/2DMsZm/NY=
