GmcONIA9PFzHw1gpPLLPoqev3ytAH5KO3S/CJpMsylg=
35kyjVfwBJgytCi6KM5Vug==
FNt9orFfFSbPIXNSbXcP2Q==
gE2g7VQeqq0h5MkG44fPUw==
A4ZCFW7RnVRfEnbtNxUDb8VFIQmzxcIFLuiIjRY2q84=
cwgQW1UgxyVfBeSrdwXHsPE1eoSAri+NViVSjTYe4hg=
pYn3RyiaY4vz2unSybTHuw==
mAzeFbkWBGyzJRgEWJSZYQNn44wFaguEUnqkvHVinQw=
NiGef/LGs6v8Em6sqLz1GYGKB0111uCW/TAqgkiW0+w=
2lfNnhNY+w/3xMaMUxJbE0YFT/wvMlSDz8Vrd5FEs18=
cqN2bYfRrUv4HcfJxNNwG+tBH5QdImhmW+gyMEGrc7YCaNg/bLy+4DAey1abEE2Albg/UuXZwUuFgF1TtTL+wGUm8Ex96rsMysoGxg7r2ikg+LUxI7OlyZ07J47AQ68L
cqN2bYfRrUv4HcfJxNNwGye8LDRBmuiw7CR+Wea9D6/CWXcaiOqiNoYZAbhIDq6UW3ujIBxAqYvdcJZXEDbxP1UOIJTaV84T6/TLwSGwK/j38+/YyZB33TjUtqoL4RHJ
cqN2bYfRrUv4HcfJxNNwGye8LDRBmuiw7CR+Wea9D68D1azPOIM/RM9/arX1kVGu6PO+Fd+tDBY9JUlsGIfAHwZubOBBozzqp6DN0hPgdCFpDC2+fx2/lQ/4eSJETlNT
cqN2bYfRrUv4HcfJxNNwG21RGR7Tg8wJ9jJYu5jC6aG0Jgp/0Re/CgRUMqjKcfw2b1PdNlAUGeOZ5AEYykgT++JYzzZ1VsvAzaZJrztYcDVDN0S1IMeJtMpiRnQk8KjSVZQOq5fOMS8aoAbmCPYcyA==
cqN2bYfRrUv4HcfJxNNwGye8LDRBmuiw7CR+Wea9D685/XfR0PCd3c09BTuwwuSzr/a+suxnkVRYTtbVsP9AMtNg1rcQH+gT120zvIX7xwMLjf5wM8qVjrApFg02NehN
cqN2bYfRrUv4HcfJxNNwG21RGR7Tg8wJ9jJYu5jC6aHFgVoJqUhIVekVlRaGztSgla8GGeYhN1BPXwpYuLJBdMIGjbttoDqHpzO39PuHywVKtFdlnZ9I+3gVMG/Rqbg7VFP6yGmGaI2MEH5TZNV4aQ==
cqN2bYfRrUv4HcfJxNNwGye8LDRBmuiw7CR+Wea9D6+tYk9eUW/X3zw0BzXc028/h13GXswiBr9QYDR5ufRCPON7hekVxXyNbcTuXEdwfmgvrWpM4TIB2s5ITt0zB5o/
cqN2bYfRrUv4HcfJxNNwG21RGR7Tg8wJ9jJYu5jC6aH1bB3dMUBLux6xEKVTvu4R45zGiAWkCYj2qS3TCLCibTl1MK+fuUEqdsjNmfek2NrDnyOruW35FicHjoBaC3Ltuu/bmhOjC+b79kssFBF9cQ==
cqN2bYfRrUv4HcfJxNNwGye8LDRBmuiw7CR+Wea9D69yRJRTVEHGP+tLdd/48xljzPTleOaDuEld5cErEOs2jKbH0OMz+dLESA7zvVR84Q26RE4MRtNxpQzNhBPHsQhz+NV853NLvpAGy9eCDvho7A==
cqN2bYfRrUv4HcfJxNNwGye8LDRBmuiw7CR+Wea9D6+KCwJyg4889DannEe0DOndNRg7vfPMwp/CkxIvhOasWMW28G+yNpcLl8RTguR6+1hRwSukdvoTG1LwA+xnZQSvCow+Hw16kp80GCgpEMQN5Q==
cqN2bYfRrUv4HcfJxNNwGye8LDRBmuiw7CR+Wea9D6/GMr4+F1hLA8YYC+ripZLryddR/F57KgNzH3o1XuG7+nrCPgq5fAD4WVkNfco6T2NlR0Qg4kkDuD9C4B6m+pb3TkTPP3Hb17dhU36ya5h7Zw==
cqN2bYfRrUv4HcfJxNNwG/gEMWEsvRRnS7kZqTzaWHrEjTaVrvUw2xp5ca/eyF/okXaJaVrTZLemFU/b9TvK27Vtk+9XG8/ER4Gw3QXRhlWlno1HeFNPblvDvXDvABlERI/LoNt9TRcvg6eweLQ9dQ==
cqN2bYfRrUv4HcfJxNNwG9TS0ZsyyCSYZQFa5/Edom6zyN9BofBWQdVpksn/2+saAz2H27sA0cFRYuy7Ov1Sl+jTG4WFXDF9chhJ9m2y7oX8ApFikpClbR1g06Azoqh2HgpjXRzMSSlozd9eTz6kHQ==
cqN2bYfRrUv4HcfJxNNwG9TS0ZsyyCSYZQFa5/Edom7C7Ec0DypJz2z7AQFPxnRKcZ5IoKOUiqYYxi2HPjTUB2NLLLOaIekJK+8OwODFgHOfJNjsjlMybUf1y4sJxdtxbBWDJ//jG+8dQS5kaxtDiPA9AoEj5lplPu+PSerwlK6CIOkzdgjjPjmz86zANtZz
cqN2bYfRrUv4HcfJxNNwG/gEMWEsvRRnS7kZqTzaWHqC7R/b1DTm5uUqM6SeemthsCW6TX6na2OgnJEF0PDicLldoHrGNiXomHvy8ErnrWHkaIfziRYzfAabFfvZkPRREtv9n7FV+wr4sCDpNmzPzCvHP9h7YzKBbqaeSn4Su7I=
cqN2bYfRrUv4HcfJxNNwG9TS0ZsyyCSYZQFa5/Edom4N1MiqkAgXAk6s9//jzFqS87+7SyrTCPC39XDPf4sGfSw3EbVosGajWGZwchfPhUU=
cqN2bYfRrUv4HcfJxNNwG/gEMWEsvRRnS7kZqTzaWHonM+M5CR8dORu+fhyR5itY3UQXFh1K+IQJprwCBWqlv/e4smda/gyha9MKXZ9uSbO6HBq7EMhPVw2KXTeZS6Zl2NaGoZDsAojiYpllW0bOTA==
cqN2bYfRrUv4HcfJxNNwG9TS0ZsyyCSYZQFa5/Edom5OtJE5j8BbJpeF4McYVhAMcHBnXj4VRWzAiEEdG+/ZqOEj61Q2d6HVlZSDAbbkh4SoYg+ZiFpP8y0XY6s3xsRlhMfvY222XxInNZDjfsS8K8pD3ZEVZB0RsGWan4qWjCpq8QdEcBqwEo0lMqESUR7sHdglarNG2Oyft138El35NQLhkc6SVDYIx9KnavE4euml78TrLLD27/L+L+rkA5xwI/xmiCdq6psj3Gu1Rkcu5u9xuSXs5imsICEpqO2vcA3xzSVyBAJCdJil+aoGsAsb6rMcOTCYHLlMPpO61YYkuxwFLL91Ge3pAWI8WixFTZgsHlTzmW8rwuAwsTX01FmZ
cqN2bYfRrUv4HcfJxNNwG9TS0ZsyyCSYZQFa5/Edom4kbQDOu9rFfEVIKWDS23JcW4+jQLU36U/yoomEafQuO6O2xPUkd9o9TGwq3mlQbc0=
cqN2bYfRrUv4HcfJxNNwG959TYwYUl+zJpap3qHJDhekiZATPGRUqRONBYlRucZjaBlI3q3pjix604lX+KSUFCsA8hfB0KxI9vnVbOdYAxyUy4/1Dimug27xrnZBw56C1QZ+7mqrhEBdV9K4nWbgCK/VBJ4b2TT+sG3haTHqf5bRw3QJtCLhQNSH/rB4TIFUTKmJMfc3OdNmjCb5QIYdVuQIlD9gDRM/Ll5vJQiDzDc0szpTFZtrE8z3jjNQCNKKtngv7QHbcreRDg+WWCPJr1icGkUE1NmWSA+zG54a1PJap1YieZ+5dwDGUEYXH1OOYO33CIWGBSh0oWPqD83dRbwkxpcFLISTWGuT+YPO6gWfBblGpCQwEHH6ElQ25q7m
cqN2bYfRrUv4HcfJxNNwG959TYwYUl+zJpap3qHJDhcUSewkG/xue6FnrxOdcof8+OqkhtBPciazqi9DtEn213i1QDe8CVrXsSik2j2yIHf62mFTxS+5JvLWFsuG3uMOrDDLnF1lYargmQoA2isTWw==
cqN2bYfRrUv4HcfJxNNwG959TYwYUl+zJpap3qHJDheOlb9dm0EvuXP/c2P+jB/z9/6xr6Dwvk2y2tTpgoGgmZn4+LFUKb1/wIsnizlznLpjOF6Ts77Kweg/szwYBMbdnO1cnkj+yb/iR0+o/pku7vP28eVgMf6TvRX71ayGahOvVvg/EAS/zh9iCGxF/9r0rLszuaza6rjxqsPSUOvwkkGlQTBnfFIqrHL8zYKgZ5DDXe5qOJtOn29oPis2DCMqqCHKVN9pKaqle9fmFBlrW3MqtPSo2R2suqO4zj/QklcDi7hUdFgZnHrvn1C2ch5KPI7EVdMs/NvRqQc+B+NvrKNrcF88819wi+VVc9k/6oZy6YBfPFCWOMPGvzgkvXQduf319GmmsZVJJLMj2WfwOw==
cqN2bYfRrUv4HcfJxNNwG/HGrIYmptzfrJFabHd11YEV5L2eabvpfGXIqChio+2j3OwCVS2XC5dhZ+DLI6eoli1+7YUrVLHQo4Kuuf9wTtZiwluV7OGf4tvWmFqeJNAX
cqN2bYfRrUv4HcfJxNNwG1zTfVNyTJ6VtwrgbWwSIsqVgSPYMCq2igVLzDWCu6E+2DGSx69rDFUDcABPhgL0mDzPpoOExeHD+3P89a2L1UqSWwn2vW6fJ4/nN+l9W+Dk
