GmcONIA9PFzHw1gpPLLPoqev3ytAH5KO3S/CJpMsylg=
35kyjVfwBJgytCi6KM5Vug==
FNt9orFfFSbPIXNSbXcP2Q==
gE2g7VQeqq0h5MkG44fPUw==
A4ZCFW7RnVRfEnbtNxUDb8VFIQmzxcIFLuiIjRY2q84=
cwgQW1UgxyVfBeSrdwXHsPE1eoSAri+NViVSjTYe4hg=
pYn3RyiaY4vz2unSybTHuw==
mAzeFbkWBGyzJRgEWJSZYQNn44wFaguEUnqkvHVinQw=
NiGef/LGs6v8Em6sqLz1GYGKB0111uCW/TAqgkiW0+w=
2lfNnhNY+w/3xMaMUxJbE0YFT/wvMlSDz8Vrd5FEs18=
cqN2bYfRrUv4HcfJxNNwG+7LEuzsS4Pn6p1P3yC2GQmV03ZgT1LG8FKpCcHFXJvza4Djie5eYXHF1rCazeqrzZAv0Hk9aq37E19GBFY+tPbYI90oiNtRxn46pdY6U6Ft
cqN2bYfRrUv4HcfJxNNwG+7LEuzsS4Pn6p1P3yC2GQkfxz9AJ5G6CKkW68JfWgkpC7XpXWFqE80rTcrlinnDWE3/wkBhogLlYaYh+uPZTCQ3GY//ZDiiHVlQORtU2skw
cqN2bYfRrUv4HcfJxNNwG14abOUFcpM038buRIBQ511CSJTWBrCBBzd7hb3rNGoDAbvxaBaCPpDGUHVilnoqqGg7ysleSgdNG1r4MwWtltEBxanpkqRDLZYLAh+GNKDMbY3LCYdEjcCFxZiYUKofJQ==
cqN2bYfRrUv4HcfJxNNwG+7LEuzsS4Pn6p1P3yC2GQk87eO2qwqCN8tpG4PL58VrjKfWFBXOflNbHAMKOgr0VCGrDB5wSivQik1RdWgf4dHoCsermqffaodsjWmlK+hR
cqN2bYfRrUv4HcfJxNNwG14abOUFcpM038buRIBQ513DueEXTtFLZgffVUxUIqzXgClAKYxKaLzaEcaa+wL42Yoa4i2r48dLTzhaRe0dFax9tKroS6Ybb0jwmargoV74o/EwjkpDv+IFB+ZZOiXNEQ==
cqN2bYfRrUv4HcfJxNNwG+7LEuzsS4Pn6p1P3yC2GQn/XqQexbuf4qhwXBouI+Djydh3ZsytvOvOjm/bgvKGPA50a6hhUZO0/Zx2/iF35ODm+Nam0b8pTkFLaXR/BfYeiAvB+0aLQ4+OIOria5/97g==
cqN2bYfRrUv4HcfJxNNwG+7LEuzsS4Pn6p1P3yC2GQmjypOu7OIw8rlSi5d2TJg+BNhIlREjnKWGO3vud56kSRtnofwiBU6+pEZF9V8NxnwNU7ibLQ6JAjFRzJIM7R6dQauTK79stSkbWfCk3lBKnQ==
cqN2bYfRrUv4HcfJxNNwG4/0/d65LGGXpzgOfH4aWa9/ex1KYSuFpVlxg/8DQPFkMSnRC36gi5tyM6rYpnEc+xYMWnBGVJCYRui3cArQVbiLEB1UI+xLjvim/rYmN1fyaFINx5Nzqr6gfcQqTGVCf8KbTkI2bMORgmpUW3waSxIqKZD5udYkfmylM+qW5tgFvFlFSbotQ9qyuazxMt3yCm7tSvpLcvm6UjwBlzU4O8DAapuVbBrd1nRwvMRk0GBn8xjFYVM6nEHpe3leddDeEkNdAZhsnUraJhOCX1L6LTV2eh/KCW5DJ/XXrhj90YTA4GZAdelmZNyB/GwPelU57f7fG8SGHYrKm3c/67+2rs+4i/MZERhy2EWkbbncOBNmc8A3ABa6fsWMNoWvQ5RPxxAZJcaTTyJ3V2O/p8WS1fcdO7lFvczvoN92GSsgF4Iq16fplyV5dbdEA164UD/jqRyKcEpZO2NS+eeHN6Dwq/yV1Hflhs62OSnPQwxJx61y7J3urtS5DHHcAmnOhljOpD7AB8JEIg3KjKdAB3jon440t0FJwVIU8Pn7SFDPEJjud0Mjtq4oMD1jpkFhZ525VUvXNtgiqnuglKC1EpfJ/7O9BGDdlZWD6U0izk0JjN/5ftjMm9Np0KFTnTUHJL4kpTcvkkwVg4LpzrY0f1oMdEGmiDXKv0apHtDxS82agW4FzekOIxui6MVdTjV4wcD+2JHxQYyz9s+n0qth1+T3pc0=
cqN2bYfRrUv4HcfJxNNwG14hdsLFkNqTxrQCTbdGvmv++ywlysgpnhjpUOwyJpTVMublyC3TqxTlzAhzS4we5qwlj66jrcp9kF6SRRI4zwiwot8H+c+iUngGbFZBuiU8
cqN2bYfRrUv4HcfJxNNwG14hdsLFkNqTxrQCTbdGvmvQPOaQaEV10wF9pg9kYkTTVLV9I6fZ5vE/QasWt50cryPpCVlsFnac3EsH08FIGibjaR3oGJqvtWb5D8rKF3tS
cqN2bYfRrUv4HcfJxNNwG8lJACFk2quxOlwmHM1dxOi3HnRUCChZvWrygONJnUcL21zsP9VdcARMCjzKefQwwfUaxlMFQaJJhAgegOOUWDLUFqBiqXjokVfoxBBl+lR3BfVXRumB9p88NJN/U5TabO2EIARoAnlmFMZ4ZMKEhaL7TmZOYT6ZGblBhENh9y3rUIwfEHDop7dpycGGG63f4M3dJ+0QnmY66KQ9UxGJoKf7XOK4lbIZ2L1+4wbft6LoRTGgML4+B/If732Qlqll5PFvjRPOSXRukFa6U+PWyVxaAORLrV1YyrW4AfT7CMpL5DR+x6PyHMxYu6BVss/9D0miTDbOvDChaFLX3TF0Yq248kIaWNrDWEnQfHuQucRRmJcr07QvxqtPsFFLv72JhTgd+OpdXi94bVScLbZpF/Ta1cTZOPiUYU16mbJkaA8Ck8YoglNRMKlEHQluWgzfBVsYS/pMR+dA0lcWTdMmpu5Qp14HJKAplbrW0EMcCoOQjSR3fAAIFPTCdOa2/ehRvOk1UycaObqh2svbodpeaLz8st7kGReU+gr4TEG2OT2H1WvL3HbW9yIVZsJVmcfQVZnRvq2kizpI2SzTPNDDR4YpGrqbqjY/gbmvMEhVWGwtNOueFrHvyY1xoDZ5vB2XtHLj5it4Y5aZJqxgkGPgJRC+MK3DK9Ethe/My4+GaTbJU9I8YTbmsxEz2LzqdkTCxA==
cqN2bYfRrUv4HcfJxNNwG0v9WLPnMlRAk/oLnJtU8OblPUb9pSsIpOE26XaEJKMyjtMk9pudwadbr8/pIhSp0iLZ2sMQiwKLahPUqz2OvD0ccVSnoI/hdWLNXrmhNBTfwTSCvuKKQdzXMx5Wjj3ivdAMyzp+61uhNMIdMLlPqkiBhwQ3VsuKCAWohWhjh8pFFpPZZrhz3TlG0RSNCcyHA+9pxY4U8FIFj7mxUqe5ZlPFgFWe5iIFnQUUTJAe39CwtWKkp4VHX46PfYkhiKLUzrn7uT1oyn9mdvw7sP23CoW4CGz4HN1MUupL6vXW/Yz39nl7OExsd3YWDRfR3dBxNqF6YXgCVKfr3YSL7JgMTSit0b+NRSSX2tvH/oQjzdnB08IjVgRjTSBP0D9Runi46b9EphESMAbLKMZQDxgkRrC/BsH/9USb+sA2yEyFhI+ovQiOawbdWvypYTVS0dWBieOL1pUKhLjCc+86BzcvOQaU7bNCLAK4WKzuNVlYEZTjSjZtnCP3uvlZNHB04/N/YbfM4uwCn2G7DFkJjlx+PfQAcMFhEkrocSdSUdAAC+2pEBDx054lyPSQCuvwJkfMEBoIbKoLzIhSa0HeJoJOnQkZx0Vk1K/Id9aTrDQ/biGTh5Bw0Cm5kJGtNeUHnpeqyY5qf2PNsbTFz238huypY/uOT5NfpDIx1HG1f5BGRnEE8w6pwCr7wcKPsg7oQqOvEiu46OrbS8oleLcoxJKrGaM=
cqN2bYfRrUv4HcfJxNNwG1z4Y+rHVST/MGdeHXqpswfID+ZS0OTbKBBlBQufcCey286Z0T6ytSj1SDp0fDLgYhVM4FHL8Ur2ejJUqEYNsuwp6M++izEXGQVKBCNVR61n
cqN2bYfRrUv4HcfJxNNwG1z4Y+rHVST/MGdeHXqpswfht5W8MZK6CtOmJ2k2PVZB34sHjFfJviPY5LcwCTTaqT1zb5zzdISWxljOOzwM9JSjI+mRzQo6Pk0v6f4TyGIh
cqN2bYfRrUv4HcfJxNNwG7nMFsIXfZAb/jecEKvJTqeBUZbwy11ETsmO5R6+t5nasbRz5n7VN0ugLX+FtVcvECTVmlZOhuR1qEHTWaSx4W5MlOxoaeoWrNBbvunSqcQdEdJDvZs/9u5Hh6fTRDsFkA==
cqN2bYfRrUv4HcfJxNNwG1z4Y+rHVST/MGdeHXqpsweP+/pl+iMSC76CYs1C2wIwwKUyp6fclKEnQhMwORjj7I6HsezCiQTIlQO1zuFDMAhW0W/P7kYVAGZnlIYBfV5pUrF4449VhM8SbLUPrrB9KQ==
cqN2bYfRrUv4HcfJxNNwG1z4Y+rHVST/MGdeHXqpswcPzQgpEQI4cFWKjsZKrvqOhTu7nxXsA9sxNBvk51ZvdRDJI50JbIJgftIF0/acOhUvzGzWbojZhtLI7WArWk4C
cqN2bYfRrUv4HcfJxNNwG7nMFsIXfZAb/jecEKvJTqc0TM6Xq3oJsEHZnYEqj1YFPyJ9Hyp/N8wPxg+N82GwjRTqMdnIZPw6vZYkEbzV0GHy9w7L1ibPasESSGzkkj+qNI2uVmrSQZhYTKkJfjq0Hg==
cqN2bYfRrUv4HcfJxNNwG1z4Y+rHVST/MGdeHXqpswf8wG5XX9BDdeESZkWF7QIpUFiN7TKgHmDltlN7zww7BZOvM+NVuUErTfBEio43hyo1re3MI+PsXl3EiOYjN63L+cMNDQSGDZUCBaaiHo9OYQ==
cqN2bYfRrUv4HcfJxNNwG3xFF/hGyHiUbS42eDE9yfRTFC5v/Vey0Gk2rfnmkOY3/Is3xnxgyw/Ylr2YpSp62QALqnAul6K95XaocVIhnrWA//WQqiVITeR9RzWbY9KqDWt/3Honagjvf7sXyQ7RXBGHGzWI7SDZQ1HP0KhE40kNNOTxfdUfpVGkCTxI7MEDaMQJfRwp/AF5Y7wv6axjIQ4T3iU3Dm0iU3Oe8LA+gSFN7qUeziYqIVnF2z4v1JiljzPuHwnh4P2838Wg76bxRqWLY/z4O0/JubIIbPpRoCsudO5Ok8zyt7+F9bSb25cZZWSFUKHKsOc+rpJ9OWj5SkPffh2FxfaUhr0iTLnfHbuqRE9G89l9mZ0cV7DHPzgS6Dx6oPTSb8d5kDJFKzPGvBP0Gd+DiFk3WrFu/D2f2Fyo7b+C+5oUi/nUaVpA3dGXvRBY5OURQZu1GVGBhow0vbRtyFF0sG+vphG8Nv5ZQWPhGMiGtm7DuF16lG5V48XEMnnZiHQ1cy3LipD14/g9OowNf2diF4NLBhj+ri4FvZAsacGaLlAakLfDl1JZP9O8YNNaxVtkFgjnptMPQQH2wj1FBG68NKmI3+Dmt9jyLUBYAlSkAuVmrqHDk5QQaFaRXPmLKUVGZndpQP+XundODUsZOa0PUHi3xq+uAqQatt9KM7G78JyL2mV9AOstg0SQot+3ZG+R1LGxC1ZWOm4e4tBQtKUkoAZjTH9jvsnNiNI=
cqN2bYfRrUv4HcfJxNNwG/c0i37K3XRiVc8Z8as8XwfsxnRyeO4Hj0X8Q4NHKwSRHtH8uOSxhueQ/LOiWuzBWUasfFPmrhNSYcLBWuFhnIbteJhla7Ag0m/c26qC76MDP2K4PBC1PELKpcZPZl5BtelQhOMKlz4PuetEJ6HJq8289S/vxaAXSRgDq6q5FP/TcFSxRCKj8RyZc40hAI97pawKg9vZN7PQzWHKjs++wGZN+Rg4Zyng7RhaCxHxKpHHtzbyiuikupjishDigQNZhtwAdIo+Hg9xRfKpDRhBjf27bWHvwOe0+tlJHwGD30Gh1PnuofkRk1bcqBneCptqoe13RMPDD1n15Dc1QKQjew/Qtnh0VamCLvBaC7RodEvDHGgsxt1SmeGUS+pG0X9k3m1drvJMjZugfEhb9SO4QPUjVhBcdCFPvDqwCFccqCtqgHvADpkNCiq6cniCDq5S7Mcy79ZGm4FBCgsSmTZjJXGEn51KpwVAbARzlkfX/8lnz7Ugv1leetYUD29KFr5RvvofigtWTeeXBn+eyWlforNQ741YYK9feR/zrpn9XSUII3arPalMfq5GOfuLlAepMmtQGDVOwDphfYZARcmQZaYD3yeL0U9IPI8CNAL6tyREk/umNNf0PDM/AXZ5RGMUDp7CqiUGWCWhbziZN9izd2pzWQSsJlG0Gnc4VQyCnMO+pd0onnmTfzoJWyKt3zqCJA==
cqN2bYfRrUv4HcfJxNNwG0UxjOboP++mVgjWL+m5/q+w1t3krUe7NwJGzXLrBooGbXDWuzMFn1jpv5PXTOneseWs4baRUNpYKmZxBvY/Ov2ID2XHlmiBwYPgKNo3PmeYhsphB06rVcx8SPn15wCQi/gQXd7lzbeqNKxSjkgGAngYRnpXSco/qlo4MKyjgxXr9j6kjZ3bmVoH7FhK4rmn2oXDoVq+7mG+bYmA66fbk8UNhEPszbS9TYqyXpG5xMHFaOJFukndGkrafUUHE3Rj7Fg9pVy7hqwpJP+lBxMExS92NBx+pCpEadXEHga6bwF1twDroH1AWnF8AwO6QT4i3UrGyek6lF49tZ9i4HpJifEIfkru0QYloFPACklTGAz3h8RhG2ZabFyYRTpY1+WfRHQEc8XfAEBrbQ4qmieNcMmW82mAOwPzv05HFSgDOWTn6CD5HN3fkqxTSo+ijurK4zVn/q/C5UgAP4VcMqh0S+XUgo5ntNeziJPbWAwRwHsdk9anApxijATTzMYi+LpmDBEx7Wmcl8r6oKyyvqq1XSDE7AKasa+MDBYCl+kXtN+Iec9kjR0RC3tOjoCh4mCosN2I9bdYEIs4wAZc9NmGWk+aMm3gqVWHoR5esGi8nFXddCjoOlj1tZYxR/5rKJfXyV9SBc6mo8m6t0Nl/sKec6/0tdYIozQKXXMzQsRABnxoOKFbIDAbAEoGk/Ua3YbXsgW/V86U7nJiAlAc4jIfs5U=
cqN2bYfRrUv4HcfJxNNwGyYEblVRLL0/dOW1hhDK3C/gxNR2/Gs/YTq+dQyzUBWt4/SOV1mxcUiOC6DnEL5tCX8GihU5OLmgUt3E+wNYjsPaoVDtH8OSR3xwXMRk4pdu
cqN2bYfRrUv4HcfJxNNwG4E16IGT6LTrOikjoTS+Uc6VKM/W/nKWXJTJRKHw1BQf53yIm+TiAWp+QK+oEJlguOueAppLytH9zU/GfAMS2GzuX+HyswLfdT1kdHdg74lJ
cqN2bYfRrUv4HcfJxNNwG4E16IGT6LTrOikjoTS+Uc7f7VeCmYE2ZO352lI009T7z3sllcD9+Qo/Zgmx/Y0BYpnoEkJmj9FsKU5ntUJkTH1QYIreEH+W+Yu7tv98Nox8
cqN2bYfRrUv4HcfJxNNwG0y5dewTYSIm94o166hfmzAkOHupoN1HjCjrp7xXiA3NSQg7zvnyF7auVWcQGdp4yuJByRJS4t+zXei7ZjcO8NW2j+bKLvvFYvoahfgkTLyk
cqN2bYfRrUv4HcfJxNNwG/n+S6T0mo+J9HshLlpJqcjx1U4glURfVCduqHlOlZm+eHsF5GcrqtKXw+XuhrmZXvY19HwIC3dHUZAwOHUwdIc4gh5352TP2TQwhhL/sUxo1L1Bz22ePfDVpAre/ewhM4txQnCWMiiAslSLtPA3ooTdJD3ZJCczOZJkENIst4hnYgIIBzrecKg3Yzm+ADIdUAlsMgdH50K+C+6qeRGbBQhgBCqzYki/9AwjuRPyQBDxzcdHs7eI8beS1xBxlpKAt9MC1NoL76FXwFckUoqFIbosoyXqR5H35SBMX3lroBvYYBf2Wv8gwFlUza+Dlo0OxmepvXvDz5rzF504m+sEZPA/Q4srrzB/6h0yF458ZZId/PrX6maTtFW09/PXzkpmUiyuOhtv9mWeiA7fbeDlkOqg1n/m/mJaoJ9YHeEHBQTBwBnPLdtVXuGhm4gibYg+knBTrl/t1VU0/UwYnwTpqmOeKyPhwZ11o+QGc2D28f/5e3mxdRvJ0Sa1CE25siKGsq0aqcB+k71SKjQzUPfy53xCsgXTS7baZpDeeURheiyGxPHYss1HFpv9xvHzUQpo4wQgYcXk7RyJ8aLXbqE5vtBUNIk9pvToHt8VKc0Ese0IW9cI6MjcASUDBHZyTCRLQ7VWmQgsCxi8xEfwUUPI1J5axLtBhyVCtG3xnjuxICwOlbU0/0oRJxBwqFyWiEyURw==
cqN2bYfRrUv4HcfJxNNwG6VFHCIPPB5RsCkV5/RBMrt6yxflqKVz2woioEL2tAcZzZp5lRcapHA10/WMZrdqwgbYaWdP7oNilN+ZV+Yuj8klacGTci0zFyKfWGvE4iJXP9KsOK//jOr95TqFm+TQEveagmtxeq8OO/08IBMiT0f7icKnSkYdwW6lcNPvAVQO68XgV2f50l2srjNtEVkiQRoQ4Po2tHVlErLKNqIo7k9fUAyrImKK8dqStKkdU4CnHqcF8aFuCjnib8JI6NVY9ERTOfR1qRKxIV721VPM5OJOpdaRKvJ8JSz6hJKJWj6mskqYWljzVIjKnUukZ0OqIC8+cxmdqtXb+slTlO2Iy2cF2/I4NA66kuywcHCXem7Tf0xyOwPcJbRsjsbouNFq4uX5iNJ80RGJR4MCgoEbtmVz67tbkJGgmvk/pGelPGxgpazh4+0huO9bK4w5Au6OoHse/aJ3+sz4+jqoyKsYlGk/d3dUbfxP8Iq5t468n9QRdIHgA5zGeiohKhaXOTLmfc7F5TwESPnj1IbndeMT6jNCf5kfDD4MktPQ4TYpVb69gUZnyJxxCLPz4o09PqnRY8T96lHuK+4tNPZTN/Y5suQp0Deii/b1a8rkatUL0FeMYnHcmGAR1FP3cZa4Fndp4lRLkPpj8C5FJGVMNmLfK/eLpqvNuUc1FiaBZsirZ4+JjnNQd/bRtcgMeJ+0Z1jBRdJd4v4ZPgJ3rB5rWJfDB4A=
cqN2bYfRrUv4HcfJxNNwG227E+M+JQ25ZSZKlQk5nKxiOBsDvXx6U7TFrOHCJJirz41vx1ys+zr8QkpYGbJrKZi+KiK6eCIAIgPTAPdp0l6xw6+EmmftGkWPd3Uj7Y/i
cqN2bYfRrUv4HcfJxNNwG227E+M+JQ25ZSZKlQk5nKxjhzSDPWpOONiOattVflUHABiQCWFeJZqgISHTsD6T63eeEgjbPT9HA1Ue8OlV4A4lSrTAq5yFYMZz+i7neiDf
cqN2bYfRrUv4HcfJxNNwG57M4BQ5S/W8+/rGGdmeszdoXKPeW7AZImazT6qtSmks9J6LXPBnthaeMqN0upHScZ3izQONZE2FA0BW3uquHczK0BnrWMpnyanLM6hNFVFShUle4dpSqNLTs3Hly6WVbA==
cqN2bYfRrUv4HcfJxNNwG57M4BQ5S/W8+/rGGdmeszfYUs8QC0gfULozH9HFeiftA4wlDtBstrDqOy2ptG4FC49zKPK69Bdi/7GhcMlvRYaHOMnzxtbgMdRwC8cpMeYHl49i9o+9gwFOPi++4hrqejKpgO3Q28SVA4vjwlxoRrG5C0PmdFcUh47jxaBMYcLluMO0llo0gWfBC82mxIf55gWXagAKvTYTo/PsjRHY5UlmtD5bqLrE46NWKkldWPJWmOjgFnIMST0JNFfI+rZBRgnl5QirG3To2WjXuP6WtyBJarZfP/MihjHCGCLPdD/3L/CFCU9q5tpkaK+T7OZJ/sQw+ybkm+6Iy1jQh8NbexNjxRq1jP47HKVrkCPFXYIe
cqN2bYfRrUv4HcfJxNNwG57M4BQ5S/W8+/rGGdmeszdzlmmg2m4zEzyamOyEC1AonoGbObthcaxSqr5WPXC/+dN+2nVoxKCY5l1tlltPw4RdQAKUdrQcSSwvT+QcTBAxW4xUvRS3mc/XVoSp/akRug==
cqN2bYfRrUv4HcfJxNNwG57M4BQ5S/W8+/rGGdmeszcPJnH2MuueWg/b1N/6hpCGunogotOK5jceVSu8eOV0ikV1SUfegrFQq3ZGfYGC5QjyArV3+zDY2y3xDyn2C6//y05VRB7bMQ2vXDr/bN2KKACdO0kf5tuZVFQ+FsfG7Mg8jOh9EEgBwpqRtm1VmRI3IscQJIsNjJX40A8mkTLcBm3I5mtHsoRtd1Si6mHoTvtluAEU/D4HVcBHSOtWSyl9AIjy1aEqbtP+ZkCtap8ArauJ/Jsd1dkdp2FcbQYmJBeQ4gPjcl0Qkj2qWV/8i4dPHILCXt6tp0ccvmASsTemL7L3dIAGOG8IIHllJx4cYSjQmVxb91b2Wq1Jey6j+4dj
cqN2bYfRrUv4HcfJxNNwG57M4BQ5S/W8+/rGGdmeszc/upwAyNRVNlibj12rfyzFXzSF3vPM9NXvJG0gDVwralubb5KJr3Zw2AecAWaIrFu2eOKXI+sB4dVyk7Xg2OYLoUW6a2z82OuNhNCwup3Si5q3lImO08/iqbpA/esKz+M=
cqN2bYfRrUv4HcfJxNNwG57M4BQ5S/W8+/rGGdmeszc/upwAyNRVNlibj12rfyzFXzSF3vPM9NXvJG0gDVwralNaoQSVZEE1SxNjiSV17iWKxAlqKKfuzwUmk6LHGE2Jw4OJplEk6YMdTecb0wKrkrZ2S/JjsfNNDc5MG1MJuyRl6upbtiW3RVpSxh4nu+HhF6aNiwSvoLzWGSFa0o487Dp4NDsbhgU2IxFlzAyFgJf2b3WjnGzj5mAObM9JnpVOHFd/F6cHoDj68s7FO6n0ZPJbLRmqSRl8rnkJo4wAN6q0ItPCynOYMLoQcC9On2fgwlsM15tjKyMSjJnMsvaUUy2zBdKQRdMx3GBXZDfBOAS4el3bymWuWDYEfDkEP1gUhs1pYD50DuKOyd5vgTB1Pr72ydniOoJ1YVv78AKJvKo=
cqN2bYfRrUv4HcfJxNNwGyvYX2D90rX1HhFP+yiBCc51eUNtqwASxtPXbzPzSGf9iO6Hv0Al1K/d2pTRS6H0WLjP6UHaFY+pNN+YPx+Mwyi+YPDkvhfgsoqKlXe9NiJBysetiDCVDxEsjDAlh7RlAw==
cqN2bYfRrUv4HcfJxNNwG3ucniSF+K5MsbFeqWMXHosipWTxe6FOWue7CrWNibBQF7hQ4muEYf75SppTBnLQ6pSchljwfw81NuzwCy864j60nb1o8u/7LvINSy9OX+MRu2/DQTxARQsMgp/kIYFvng==
cqN2bYfRrUv4HcfJxNNwGyvYX2D90rX1HhFP+yiBCc5xOwz3Ynm/rK0MJlBt+KCKkZ9MKJU1JtH/AbInYf0W4IGKrcbsGl4SFWFAST/WRbnpd/sjw7/eJjG4gi6bzUQX
cqN2bYfRrUv4HcfJxNNwGyvYX2D90rX1HhFP+yiBCc5VchjdrGS3/phJU+cB6UKvpqpjKyAb8IkstZxhNZiQgiM2BkMzmfBYAbjkeCrCt7aJugVFovolAsiX8m/jd93R
cqN2bYfRrUv4HcfJxNNwG3ucniSF+K5MsbFeqWMXHov9OEMsf34P4HNKyXyH/P0w/Z3ncPtnbYtNeNj97++bPcrH5fudzoCW7nzX1xDjY3dN/A9Mreo9DO/59qXr0btRnoanFAHKLwCnyej5irVpSA==
cqN2bYfRrUv4HcfJxNNwGyvYX2D90rX1HhFP+yiBCc4sPjeHsU6Wr8NMn0L1tsCyiBrWYAErtkxtpZeTgwag6TvrYp0R8sd6hH4LC10Qo/Z3baYaXZKSf5MyxC20LGq1l35jikxLg//JPQ1F2r/pxA==
cqN2bYfRrUv4HcfJxNNwGyvYX2D90rX1HhFP+yiBCc6pXD06LZlhHEyp6C9HIkwdJMFJj+cV5eo+QXSs/d8LQVcfIv4uZ4NdeN8lQttXXwSJj8ZFjF6fuOjErU+Kq9c/
cqN2bYfRrUv4HcfJxNNwGyvYX2D90rX1HhFP+yiBCc7FziW6GHx0AtP/ydz2A2p2w4agkeKLPvumQsYLz1JOLT6s13AzmoCWpMZjTBf0howBYmlIySuJN14hODg4XjWyzEYY76WAuO89V11hE5zZSQ==
cqN2bYfRrUv4HcfJxNNwG/zYfVEfuFGhC3/f6r3vpW/C4P1ktLWex6wUwnNUr//kMb4M19s42ZYxSFNezL6l6F6cR4TsSKFUWo+vf+OShwWCuBAohHU2PNRjaatq99k919a0vpP9TYM7u3Fs6ocJC0SpvxTV4gMGQVrcbzvmltlRamgMmrs4xBeBuw2YnaDuM5aM+douAISjq+k1+Nqj/IpUeapmF9QtHZx/qFwgnKRhqgUJttlvY9Ua+gZyZ1brFu0ZzCkpzf/+O8OSlTKF+tm0LLFnVYjVakdFTgcbvz0zVX8JJknhhELmJgZlCDsCpVxaiIq1J4kN6ns1S+YUlMKGTpTKV17wvAv4l5SISAMOBp90DsmUW7PnWocwoJEzQOf4oMnZhWt920fSQZfMVnbNeg6ek5VOAfeDHt+y/TLeeK5TZvKT2sRkSBxvuHksIjSzdLlVaSNNI5dO3/gsyhdCL4t5ArEFz8D7IWVoj72hFiUDVi37LTJswxjeEPflKojDyN0U4Ob7go1Fn+rnOE6Gwpb3v/qUVTAKV8LenzryyHgNtwOIqSLc2T6ibHSTIJX9NpkCWw8m/TL+qOf/cRDO1HTLWBSoyEZFvEDqW4pS7FRisYWW1Wm9grLJZYrrNH7z+Y1gadid6itFXZIcUjFt+euFgxaQ5hTf49NyODYsp7++Wd5ffaKh37kYgtaCjHqwin6GUo3mNFm8OY3wvIYyuJNrq07BZfmWqxDHgNU=
cqN2bYfRrUv4HcfJxNNwG/6s3gC81zCJwx+19jmzaN010aJ9RdNMSz3iZSCq6BMVZaaovR5DQgj/yDPeVQ4N7urS0d5HhGeKwz5WO9c+lRXcNxedw0DHsKpJoQdH+NEgghtpI8HG0jCYn7XlfCk41BMCHVV9Z7pOPgtPcj2KI9kTi0iOKilTGrevbGjiCX+/3kCb5/JHtcsV+LyxR7NNsZDFCewiVi5T9bDFevh/cLsWZSArVF9OZCUz3icFwCFQlva83Ithyoe+4Z5WxSJsbppdDlv1UHvInDh+jZeTKD56xs/KZaExIT5j7LWxXmRAtox9W8sMjgoIF0FN+INCTn7sheZp+IQmHYO7gEMJcGWsEGkrY+8MiOD37/ViXhWsLmDc61X57kO7mbaCzgXphV/CB2J1QEz6He5PB17NcQENedk0SNLMSwEUXxX3S8mib4MVanD5dxJuaQYJSmg31Rz1GQ5gPW7FHNY+F8qi+PJld30po5yw7N52tiY04RudAxVhHSLMb46uW5vOyX4BDSLd7mEqK9yP+L2xfLTDsUGr/qTQn68lcpkwGjKAFNpZG6bZyUaUM1lMckfHaKfKHha1xAz13FxCY4JHlRMv0F6r/ZstX+yWP3Wy1zR5Oz5NwVxT93BuxPkxTAudJic1YdJh0Rz4umZ9Hn98mrDtQQvqtphKjB0YmQHSLXWKU6I1D/vrWaNRau9RJnt5aKHDrQ==
cqN2bYfRrUv4HcfJxNNwG3e5JGhtyVl4Ee74eIDSOQBpoL4j1eQ9QS1pklm3O6Kg26Eg7lXoK0Op4HGoYbuHtYurwzhQ42W4MjvVeJbyn2ZgmZnGZIlQqDqmMHKLPfr2AueizMPs6GU3F1eorqwIDBsyX4+HuT8sHHhZgi3gtr17+r26wLm/vqybcbTTPF8AL8nEiM6B71QPvTozXoNTZ+IBHMrKUwiCgtKHODmfF31r3dsG9y9STwTnhqtM9pqipe8HNZQq9gcZClo3Nc1N/G5jxCCEtCqOPjDlJNIgz79XY7rpoLw9oXO1yREFzBh8MW+c4MN7wu0dWJcP3URnh70s5yfcD4V9kOIanhy/ivSraK2Wg0WmkmyC2f94h0YspJIGjlWanFvPhHJjyrHG1QacLqe028ssNHRja+x+ZRIHWHIJqRdPptMzzVa0Woki8k4ITyAUVDxClKI7+8087jtuTtUmOXTPJo0/Zuc/wWVbsLlf9ClBVval+OfMWL7HzhMzTgjWy/KkdAAVZlOwRD5tJZjP984XBdJEu16XqUif4FAZQ5csvYjX2x1scSXQDn7wt5cK4h7yGpDnsZZsPoilXB0KTqfSzxHVCKNvAr9zX131xVj5TihT0TqUNI5RGAZJIhhe8ShEeegfKyTQCbb7CgJt92suyaLySFv5odJbFdlt78joffhjQDdoVTND+D4tOFLPswnzvokh4M73x2fa8eQa1QrUoD4ukIkog8w=
cqN2bYfRrUv4HcfJxNNwG4QTwaMQCIvia22dHVpX8UbqVD4I8EJoPWT2N+YrrPSKjn3/9AwFqSUtrtstT5v1+8l4XEguO++bZHCKBwq7/iizwPwuhQ0SieSaBvJ03R4q
cqN2bYfRrUv4HcfJxNNwG4QTwaMQCIvia22dHVpX8UaT43OnIOf74EdY5J/7/YjESR/3o/1+pUggO1ZSbHrKxEuvxDoT+FeudUsAQmK5hES39pN2gItldr442IgqJUYj
cqN2bYfRrUv4HcfJxNNwG3e5JGhtyVl4Ee74eIDSOQANTR/0laBXHbSs7pmMi30ldJL10CZ5TeMAm26xQkXsxSZyCg9buegbibrdSaH88Y9PPQs3YRCG2xxAdvifaIuiv23COe4BW3bH/BCUohmpHQ==
cqN2bYfRrUv4HcfJxNNwG3e5JGhtyVl4Ee74eIDSOQBY7eF3WlsfWDot3Wyu7X65p8jbjKEECA2jUpoPSPu9idQ3wxUlmAgTeo0/dcl7Bcs2uIS7jjExcg46nU0I89T3h9ZvUSM2O9Hc0lMRmmAexipgJLX/5MfV9ElKbQN4MSaoJlTCkQN75XeBbKqwfm0p1isMM/INUQ/O/SLZMS+alTmf8DIETAkzRMPni5k8r5zw0jzFx+t1x8thwMBjhrwBYBU9U1EdsDR5wpI3fSl4d9HzCgyB3gKc+mdwMLYiNotYiNfIG7X7T01sNSOUN2hofCog5ZCjakLbHDuZ2c4AlNRjgv8mmLW40rxS4RhCg22NgeiFrtSdVQiVBjwCVrn4
cqN2bYfRrUv4HcfJxNNwG3e5JGhtyVl4Ee74eIDSOQBRUXSAfDuepdEz4mmv0tYrro4CAFY4QwikLMCNIKfkpo1O6ijP+ls7LBUxm3yQKy8AGBYpWy9yK6uVBSbda7f11JbjSOhKITA/wxrRCSbzpw==
cqN2bYfRrUv4HcfJxNNwG3e5JGhtyVl4Ee74eIDSOQAetkau01Qrj9vj6vPJj8OIpbOJy+fS7mcIQGVb8rXqJbzURyyn34o5tKTtbYlpRwS6GNdgX/yXEpa5oaFVIZJ/RNGI9Z4Fd9e8Fiji6DAj3b772MuPNvx4u56FJvIQ4tkfPylrQRZXHcKfIuH+xf93ZhLQhFVusshAfUKZFe8oRh7JKgIX3XhaNiPjYckj6Y1FGMn9W15R5HXO197KIVwOS5tGF2geQu8KoryvGjvsG6ARc3LZGY29L9PTWjX5vb99IqXMjXcLe+LPpy+Az0XrbNIV1urT8qL11wA5/sXSvNxMmRdHooLUYoFhKdpSxy+xHKR5HrwSY/PqOwf3UJ5D
cqN2bYfRrUv4HcfJxNNwG3e5JGhtyVl4Ee74eIDSOQBF5NTtFJQmdO19OKfr2Yf8h0XTUY/fj0yK1vPWxD4s0TxqUOSSgSI5X3v6ooKnf+TvsHAoORpOc5n+oSFi9GiMUKasuudAH3JkcO8V31wIB3NbTZZ9sTlvdUNhQUDNHWo=
cqN2bYfRrUv4HcfJxNNwG3e5JGhtyVl4Ee74eIDSOQBF5NTtFJQmdO19OKfr2Yf8h0XTUY/fj0yK1vPWxD4s0YBFqaOd1nJym0d8coIrVloO0hAb6M7yEnzcZlyFRmT+6v7KmN3/RD2ohe90c2yzpvh3dCpaQvWOA6N6PLES6PO7Kfqgm5O0rFjTNJN/N3wgZDM2Ut4U9HdfZ4aOMm+YHpIYuxeQIWoWKi1S0Hr11KsVM/6J/DUsHfPhK2cwy+GQB3KhglEinEiVAJ5CmXrk34Es+kWjRcpR8u5HHdpQ9Ey4LFPRbzL4ClTp6RKTN4CVhCT0rsUTKwMYBF+Sl3sf+VVNrx0s8QazpE7NYUbeMqLTdfKpsiXogseR9CuycmyWN1IB1dB1GP2eV/OKaN3YM60bX5OEg2eUtlZQEfGkuUA=
cqN2bYfRrUv4HcfJxNNwG/hfw37eaDFv9ctn4VFXdWMTH1z+gDNUoatQX1hD+I5uZuooglOpLM0uKiv2dWs2a+vmfyLx/WCKIXzjPhXSD0W8w4YffvdlzOUQDVnTbtjSoySCN35OqoiQU0lDYgJENg==
cqN2bYfRrUv4HcfJxNNwG9dcgnhTybWKF4AuSnCyKzJ4eQ7Qs3RNiLyEHyZFfHLKG1YznSJKNgmZfP+/jF6hqWQxzc9+K/psxeeLPtfGCcWJ9s2VzB1TnaVzsksFebO3Cpi5zEpOmX7+DD6SVaSQGg==
cqN2bYfRrUv4HcfJxNNwG/hfw37eaDFv9ctn4VFXdWPX/m3ksLBaB+iwDDhYMbQaDCOx1vHweBYcUy6gMClw59nzoSShGBRlCtHCgdGBSycedwMST9uUU+foYKyfuqwg
cqN2bYfRrUv4HcfJxNNwG9dcgnhTybWKF4AuSnCyKzLM4SPPYpOsV32k4eno02QepvHZ6Cy6vudtcJJEuL2462y6qIyrJNbLWOLNeIQB2hE1KcBNT0mXsYeqtax2tXFzAn2CGFpKpS9MInbdQMeF+mIiSKD5secHHj9hlqHHzJFsGXUfXOeCXKc0xDcrHCQ82UIqi9ACpPF36uVN2HpzLpaUA2gJ/Od4SwK+pOn8kWlhsVSAhwpPIO+uubDhfITs5q/9kZBzCKXRtOgDBii5uYhz2R0dpFSqNdIvatqlv7L0lxBYh4a3bzbUKsnRGqmBL+8yM4O8Yxiu1ml0a5UOgxMWoEAK66letTIqN22WwVGo/Vt+iYi3mH2bjYBGmZwT4A4xk6IQBVtF2L7OSNHhXHAZ/QJGfHlmL44nsfT556h1F6w8ScOkPNg5/fnw6tpJ33mOn5MDp7B3K1kCsnVRAUt2bZjqKTRsoGLrUy6cRogSO2wZMUiQOrPbxD7SYMvNCk1c+8dhofsHk7Sf4vPzyl906O2aKgcsMHyxMhTNYdFX0SAeLqcdonEWgP6apIqaAMLp55k15icd7Q7PcXFnVoSL09N7ThqQBp+X0xkPxsTobeYTeF+tLGzyTNOvnIQHpWCiuoXVbTPn0d+1g4OT/7mPZuafBCGK9Cxd+f9wB+qJvnBa6jj5MRdjZZgFNcqfEN9emo6wQAd+O+0YD7duvg==
cqN2bYfRrUv4HcfJxNNwG/hfw37eaDFv9ctn4VFXdWOl1yz+kuv65OG16F5xh0soBfazYClpc3E1CVhNlKHqZp1+l3M7XssJ/xh23jaIvxMzUr83LeQ8pBbD+8/3yPZi
cqN2bYfRrUv4HcfJxNNwG9dcgnhTybWKF4AuSnCyKzKLbgaGpdTkx7eu2qVxs/igfcdLr7QD6h8OvrsDrYGCFw/DtnNSbLMyBFD1gJGXl+Q73BzvQLbr4Omte4T9Wy7ChusHoUUMdukTUHV4t7Sqxw==
cqN2bYfRrUv4HcfJxNNwG/hfw37eaDFv9ctn4VFXdWOWYkptO0JvDrycaqsmYQGAlORJXk2XvaznjgxhryYYqrzqARMcbUJrmNIv8RtF2C003oocp+Re89DYrS56yFk1W433rhMs02mR+lShph/s+A==
cqN2bYfRrUv4HcfJxNNwG/hfw37eaDFv9ctn4VFXdWOFoRHFQWzHz3Jyr+c3D/niMIZ315u6Fi5gOcbQ94XQHRhWraRbCXdFeDHWETtgv4pbdSWSpwixa/3onaVPbdTzWmvURNgQK7ayY28M5uK3MA==
cqN2bYfRrUv4HcfJxNNwG3Vuql8tqOR93psKqy7niHCzKI3AKjB9OAm/FwS5XY1Muv/InsdHtVNrzmoVZXGnG0DOydfWG/sCFql9BJ2UyxrDKifpQ2UgtuV+bmTh75RPbz6o94MhWCB+P7HAGTqYOc2WBuQeLIA3EzezRHh4rKXCpY/TU7Sq7e4QBEO+mYB68LCiHc+FVVX2mCp4RaM92snBB6iabr8pZUyIrMfQLF038lVnM+tcJUXGowkda0skjQgMzn8zw+TVg+MmCqbx0HAYqxSmX3t4k62RI4V/akeHbT0vx56KocJZnY5GcMSzN/fssB98eO2+wS9ZrN85MhXDhLSmU5miqg9VVj66QjCcdkzJEdAGn3l8YnHB5E97YVCydfNvB4SL//izmeSr3QdPSbsY8XiQqjDbd8SZzouoZ091GAFBWY+qKYdm3ANS9/YaP5c5b6f2z3kFxlE3OIIxHg6XDXitSL3Kp4ey1LilkghXooyKXAHLEp7EWsOp882wmYNc7h3a2GzQEUPQfZqcz98tpvr22LkRRYSufcdKTSjO4QkR86n3jXJ/s++jj+dCOhpYOLCXQz0Ijn4CuA0JsuymSDaSphMIPsiq4prLwp/aaw7R3fWSG+4uafan4KbA8lI/14TKPwFGuOvgLM7s5cqzvsKtUnxeAo3TJetikerG9qjpiHZNuxwtx/MurppDMz7OFz6jAytCwHAFuw==
cqN2bYfRrUv4HcfJxNNwG5T2ctfyUlV1apL1wxuc0NQ3p5Z6QDg2TC9vHymm3IHK3IG+ERB2ydmr9/EZbtHNcD9Hiqt8/UzAQTgibluVoqNBY0mPX/7RRMnbXsbR8q02j40CgP92WXtOBOvqPUEEIxEha+vaobnCvf9P3lqGq30PY1sU1yRpJlpBalAjhFzoUjvGk4WbyuzgEC9fgdSiRbMAzR8Il+MdnpLG586aLWPvULCI2F8OwcVMwHfu5mDr+2Dk5BRZ8kgJKiy6KioN3Ca4OaH/YCuB3PPcPx/Oflik8AsjVm46b2ucU+N1ShcMrHMiHp5AeOypJmhd1q9+T9WKC0uXm+tNF0KYaT5l/6eqAnsFn1iGEsy/Jc6dkeeACmFyUtquODyngBBmea5OZVe/NCPxEySt42sOvhVeRSBaRvh4mVGqGS5DiuwY5Rob+kCZeaqQ6QkMVi1eju8T/A0PidGenzgsQnW5uLwNFUGJUNBH93lcDVNUgBL/9KW0VNWorm2ZFKUaAA8zNgmoMjwZ9z8IDUkdqun9LlgPz/G0uNzSMxJvj/hh+1uWjKWTNkYbfdMbAl9mWDXxu0Y+iAyDcgB985Rr8gZCG2R11/TCOSFO3hEm32l72jMVJVH1CWtZRf0PzsAimJBMcVkbP7JmDaaIDRZdWctw/YQPvIPOPztL+ub7l/mP09MCrsCo6NGP7rjbShBzixJsHhSsgL/X/prJ3vy82vcJ+s4y680=
cqN2bYfRrUv4HcfJxNNwG/aW1MqPFbmfa03biPLapgaTw6wJz8uuAikuqDJIv/CicKwEpwgJmNXHJV9GPj1hPe37QkQaHmV29eo6R9E8zMydUSRBv52oDQfsdJZm7mgT
cqN2bYfRrUv4HcfJxNNwG/aW1MqPFbmfa03biPLapgYNbwUpwxSLhpGEt+91Dh7oA/h5f0OgwvQYpBBIIg5UCpe3a4BVFLrU/zaPNE+vVSGT9NjIT0ZWBe2PqfsQaqMb
cqN2bYfRrUv4HcfJxNNwG5zVLOhQEtL9Rm6CP1ss+w+AKVx1RMyvtbYKtKkqrrHGNGJ/jokfVjmlScmBy3GsOPfUJIvfvFtvjG4SFVIhQvjVr0qj5Wa5kjLeQH+fx1V8
cqN2bYfRrUv4HcfJxNNwG5zVLOhQEtL9Rm6CP1ss+w8GYBUs6i6HPeQjpYize4p0Z6/c//UfqRsHmtBhFDcRfJVdk+rNanGDn0LkxVKkuB6WeylA9dtb+ojaSI6P35rh
cqN2bYfRrUv4HcfJxNNwGz5u/3liXBGteTfCszRuekbERQD3u8K6Lu10eMmH7YdiDE0YIy4K1Go76CYS41hvmW77AR1I6EBgg//ImDqCVjizCJYVrqsmzUR3tXx3h94C
cqN2bYfRrUv4HcfJxNNwGz5u/3liXBGteTfCszRuekZ3aTAcUGK4x0lbQECKn1r3XV8c0hnfDks1BJ57jJuxiY6e90U9Axs1Y6xwj0hi2rKa/aj+kyAZRh1swfHIeEVy
cqN2bYfRrUv4HcfJxNNwGwpn4In2js2R7LhiqBaGRTChuXEH2YQ/8SCFdBEjxD/aoZvafQ4PQShZp4q5OGoOTnr+edblKnXrZd3HiJiS4wNdIotXz+QjjyKIf7p8QYV3
cqN2bYfRrUv4HcfJxNNwGwpn4In2js2R7LhiqBaGRTDxS7TimMO4WmrjMvuKOPSIeAhYLS9HXcP5J9zXsKCyv2iX7ssGjTnvIiwQ4n33I80FRLFsa6JKPvpd8x+6sIjZ
cqN2bYfRrUv4HcfJxNNwGwpn4In2js2R7LhiqBaGRTAVV+1xYDYzTTUgNLsN5OdcVozZq1KeVivUC4QRF27a7x9xlPCAuJhF5rq/J7Nn3N++EtSQgy8jcD6qXs3SGh+y
cqN2bYfRrUv4HcfJxNNwGwpn4In2js2R7LhiqBaGRTBkOqpSVIKU+wn9BuCV45yh4U/YkHUgPa73EpZBUdbYAWOGUuKdq3j8rjh+YuWZvopLyFUX2gNoeoNshm9Wbh5U
cqN2bYfRrUv4HcfJxNNwGwpn4In2js2R7LhiqBaGRTA5aZNk2BQHTjZRD07Ws+pc0mofI2poT88G3b3rVZQVX0HPe7oePaOw+YS4qBWxTVEg1IuoQB0uG4jTIKeBWa2l
cqN2bYfRrUv4HcfJxNNwGwpn4In2js2R7LhiqBaGRTBrJc5rJo/EBIG0rEXwO/pN7KqmehXzFzQy3ba1G5ctJ4HhDrOxqO0YDhg7VZGCfrzkqLd250FZnhSMpCIydNUr
cqN2bYfRrUv4HcfJxNNwGw//dkL/G6Ka3cVcMulszku0n+wb+d8E6x0I086y4UMf04eM8RGScPIYzzWRpyx68qRut+7femUtXtLuksBmsdeKulwtSz1O0Y1FeGMZtPWl
cqN2bYfRrUv4HcfJxNNwGw//dkL/G6Ka3cVcMulszkvoag05vIWYH02VehlX5H4huvNof6Y20f0RbcJp7VX9ToWys5Cv8Fo4y5PLJmn2vZfcVZNygEy9dtG698DXv5wZ
cqN2bYfRrUv4HcfJxNNwG0CqRewGp7QVOj76mZgj0dw6UME0OlYmaettdlc7zF7+8lVxSP8yGn26ye8zqXrvecPrGmYffi0dXS6y2McLpFFZdaXKDHBKrh5CpQVYib+G
cqN2bYfRrUv4HcfJxNNwG0CqRewGp7QVOj76mZgj0dxaHRcn8vO/9ZfGlYhShRH/Q1KWxaeV4q8fRrzDHkfUnDp4Evf2ffGaX6Oxcsl4pf3Q8gjORMFnAkh+o7tX/lz3
cqN2bYfRrUv4HcfJxNNwG0CqRewGp7QVOj76mZgj0dyoFIsIB0P276GnxIAKljVqbJVZSAtGA6aY9yndYhDbwm/quFCWXO7xVDp+9Iudnme7zbZmrWjXX5JcTRUi/mOT
cqN2bYfRrUv4HcfJxNNwG6UxGubyO6+yUu9mT7KGSy9i0+j4RKI8X3bc+uDU2kCtXFv/l7qFVmB9QmBhMZ6bx1m/we2bPhQvbXozM4sHMSyUuZ/2lPc7b5dfTYjbUQWh
cqN2bYfRrUv4HcfJxNNwG6UxGubyO6+yUu9mT7KGSy/+7SReD/qNhvoO1xIc29IJBn03KwuAFi8zm8AgN86ZIBqHYkD3i/murfSqYfWZdmMO4WVkrlzvLyp+ffHrmz9q
cqN2bYfRrUv4HcfJxNNwG6UxGubyO6+yUu9mT7KGSy9K5jgASGReERBb4ra19e8Q5cP+7MwmsDtGxe2QjHTtRUKoFDQKO21myOk4hKrfPg+Hw2hRZX18JkJ/Vcr1qXtY
cqN2bYfRrUv4HcfJxNNwG6UxGubyO6+yUu9mT7KGSy/rPfz5UAmJgK8zknspKgpji/TXZSrBW/WLf2s280774S0hlkN9hMaaqgMNx++sP0sUvFaMWEEYFzQrmleKVzQq
cqN2bYfRrUv4HcfJxNNwG6UxGubyO6+yUu9mT7KGSy94QfU7Yoy1iwIFFgHkACHM05I3yy+7vLPkXls2yCkMjAgSZaxnJ+e5/uDXl/DZ8KQxJMC+iJBTRbkNB1HPSh7n
cqN2bYfRrUv4HcfJxNNwG6UxGubyO6+yUu9mT7KGSy9QavV5qr5+MsAx3KKwib7cAFN/cktLxEH35MVwd+j6juTEPeZ306wIY7xyH94mZ+OYz1g+VhYRlEhQhzOqd2wg
cqN2bYfRrUv4HcfJxNNwG6UxGubyO6+yUu9mT7KGSy9kFFdgkuvj3Y9ys09igP35/SMYQVaIZI6eFAAePp0kUr8rUk16hUeCvq/AUj4hY8zx0IS2ItO2an6dvkPWwM5X
cqN2bYfRrUv4HcfJxNNwGwcDKIyaK5idSVZImQxPJSjObFlP2rAiheVbWFVzHsM0/jWxOEKUIJmAztwwDns740iYoy+NKx3J3GsrXwXZi2UcpyNwFbzUB4zm+l844Hoe
cqN2bYfRrUv4HcfJxNNwGwcDKIyaK5idSVZImQxPJSgkKqzD5bvxkGZFOkXURBcEX9fP3dxEzg03FHZyTuBhVC+JLN6r88AQNCS37fvHvIdnZEtC05gxZDd/24D8dSs1
cqN2bYfRrUv4HcfJxNNwGwcDKIyaK5idSVZImQxPJSjMb5zNWsBraQilYncLIQO2Kxo1EkEOFy2BFCzb3dVbJMYWlt2P84RDgoY30jLw80hhYoiVJphnnjaSYWGLWeW6
cqN2bYfRrUv4HcfJxNNwGwcDKIyaK5idSVZImQxPJSj/vIg9khWZMxTlR/yd1n2EtYXknuDtegxBA1ci8+6O9p2zwsp3JaPcL/kuL5NkGGql3lWbY6s/SjF6p6qWy6gD
cqN2bYfRrUv4HcfJxNNwGx0LsjeVUe5PDCsL7hH0VLZOBGFhk3+BqmeFf42jCtOsL2dw0My8Lm+pqwU1SvxE5SV3718+Oa2GmrPFsBIFV3Dn+QSwxXwO879nCICBBkT9
cqN2bYfRrUv4HcfJxNNwGx0LsjeVUe5PDCsL7hH0VLbuyLwqUpLLvkShkmMUcXbBnvO3QqnzZCd7JQpFkpwwXWJibe7kLtvKHrYhvG6CmUks/sGAH2bYs/DgGmz64vro
cqN2bYfRrUv4HcfJxNNwGx0LsjeVUe5PDCsL7hH0VLYTn0NkQeP0uycchguST/dYnsOo/7sUxJW6TrAEiwxHGu/zbdEP+EhbuPDLnP5D6g89VDoKVTKqmpwGZASnofc3
cqN2bYfRrUv4HcfJxNNwG124dm01Zan4S+FYgwsTT08UNK3Z+NFhHsBNRgjO7FQR25kmu8DQGAUvmGgJn58bPAGZ31iLXLb0JQ4G4ug+SRj3FBJhTf4Ou+2dENueHIMK
cqN2bYfRrUv4HcfJxNNwG6Zpix335aRqsY9eivA2XaICuQyzgZwfP0TbLRy5q+dAFcsMh1VJGLBuuocqYlnDvFCUVZt99w0BygMhCr3gchgemon5kWAMCjdyilblHwPDpFYL/fCmp65y+Xi9fM2mL3txdcdENAASz7St/ywqJ1kP40SGdwQbclSwg4EVPzWOMewweqt2anOOwE8i/lMEKkZHIBs+agpHek5UceEqgd2jBd2Nk3wOHqoywHvrO923lUNAruPkMklRu3Vm0quM6dLr/TYZeBFg0OI9y/2RnmUmtm5R864mhf+RdvEa/d9upFluDeSP6U3BJuzF8/1lRN49KuAjxzuGp6aUGZwU7hzx4y0fDVZ71EL5dcIIFK4QXHK93zCPjbJpce0ogtlOu/sAAKGK/heHxU1cD/uAQ63DITW+E3eQraK81YcPD9Esydf5c85rldR2Qv1HWPAwrzeO/kbuX14jMdSh85Jo1fdEXeHoDnZnrhtJ/Clcb1jE7EM9uqIwwVZTV7/9b4iiHTEUkXrFWVmIy8ZcXMq4cijAtBcw2CjPOBzbr44+jAjITPFfoKedv+iQQM6z2Ryxf4+EZC2I1dgL5Be8VKWIhao0bfHyi8kU8YMMy+nq+bdahlHtWT10wlGQtgnX4zi6MNYsQGW8dSPITvP4Q2sQ9KfhuXHSHmaBMaiSSRCk95UkHDORsC7/pUsvPMak1Iv1Iw==
cqN2bYfRrUv4HcfJxNNwGwQd42acRj7sKqM6UPCFnoJbykj1tDcauCeiXguRzNu8CY9BkAb5GDMhS5ol38bd4j28IxSemt6H7mZobaSqd0wCOrv3B/JiKgIxRO+R6o2MxqoBacDWgVzIGLNmyVbsEfgJcVTvCybqbPzzracMTE2zSgGWAj8d1kqjR+PJVnV8mVe03MQ2JSCYUn5O8AzXJLD0iiZHMMQAofYGoef8XsX44W0d+o23w0O/zQcdA2wB9qQ1HSrDTNd5ZQKqOYtoQWfrbaTAL7AdM786InfpmH56EpKUso4x3UTMXxtR4NMd7m4+BuBzcAFY/Kvg9LarDoWI/7xx5tVMe0gl7A51/AS+5MhZ1iyBbim+mUzGIQxV3QZ8FkzZKZoEiFzlunT4N/UQNf7QNTsvQ4DNxNGK+b4ZXDfMmznuw8abT21oBt9c25vo7/uUE9MKX9GYWODBan6nfR/Of+v4j2td+wFRRDbtmXcJMqkJQgnGbQUspBgCOSJYLWF7jPoc4HchDjNhKmk51s/B6otp/avZNRr6mUSX0V/w+bGN+vCMtxXsHSsAfBtjqmmGi5A8GoKcqEHe+Q+nHwHOi716jDjXpYcAzLwFxHXAriqJR8NakThBr0bPiN1Y/Pm6vMSG6a8bus0i+Y67BYczoVtGu94SDWpg4ibE4DxqhlB/sqdltS6GbZwS1GL8AYAj+l6sfLEzp30AuzEz+sMoYjl70B1N07hl8II=
cqN2bYfRrUv4HcfJxNNwG1la7EHZMQyHZt9YQo4W0eb6FeQKTOXBW+HiwQNet5yOi700iEyAubTZ/yS28mOh4ZYE1/q0Z90wir+rG9zkAgUPncuOxZnuUks83NiNfxfS
cqN2bYfRrUv4HcfJxNNwGxnWk82DjrJl0EvupEPFsKr07o9tZb5kGJsHzfap/BF4DV0OAPyf9XQzYLZ2nXSGG9MYreC1HM7TxsB4tXRK483s/aEF6Kp8ALhrUvFO2JY4
cqN2bYfRrUv4HcfJxNNwGxnWk82DjrJl0EvupEPFsKr5i1GYbrtjqRijoqY74eRcgUsamAMHh6X7quGL7FZJJfCzMJvbOfJ8CBxqEpEWIHVoJMnVgzd8YPyxUz21U5Xf
cqN2bYfRrUv4HcfJxNNwG9YN6A+EdFbt/mUCy1Jhy8enqxsaq9zvhPkw3a9GqlGT8n5aO09XOpr1q5q1Jkk9nT+Rs67eRSyRlRnhyrw+AXMPqAjLvSqEAhaL6Qs60ssPdcvwWk1xixIS7W+8wRfUEg==
cqN2bYfRrUv4HcfJxNNwG9YN6A+EdFbt/mUCy1Jhy8fSaRLHGZT6qCRiLjcmJ1pPqmB0tKXYmggawt+rqJPseJe/saO37GoZWYy3hIcPAEwCLXpIZN1hr41eue5WhKfP0ujajYwAe3BYENAyWdYyI/RzWElODsl7+6FJg36CBAaSr7956BWcGw4unpEAF29e+TFQAdujyKNX/OugqutHgg4oqezJp32Hq+G1JRgIwToYCuIIY+UhFSf9el04O9Z8z33kZ8RjHYm0C4rOGwUJ/+9zlNZmIrbE+nyLjeTOaywYvQnIxzfCeuDn9mL9e3rVdqdyyA2lSQq+FgBawFS0qs7k5tZ9hzYX61d43mQu4kCrD4WmSbB56d2C9910jvci
cqN2bYfRrUv4HcfJxNNwG9YN6A+EdFbt/mUCy1Jhy8eFb0/KlsBTV2OFfHfTWa3Z8XwQqq7ho998YIp3n12oBaxLCstBFQPdf6UlZu55bQPycaKqEitWDcYLXWyOl3goMmSoHkfnR/SERrya9JRE/w==
cqN2bYfRrUv4HcfJxNNwG9YN6A+EdFbt/mUCy1Jhy8cyIktl9wURVqgSlkcNEm1O39vfzpkPI+JilUFdJVYtn9B4SWwpy5LGnpGAyIdO1tDXJcOyQrDxZxyvUygu91uTozDTrY0V6Q6bOL8ZmGfioNJ+B863IDguEgc60MOXPriWcL/uwVqBLi1REY0H/Jzn6amO3fgn6uwSLsTjPyl3GHb6LgjUi4XiVAKNRT7SYHFMR3B05hyPwvaRza7t3zXPCMuTW2GGQNue79KP8bk3sgH6EI4iWLfeHSl2E+RUBn1QEABmuid7QBF7ARnO41IR9CrroIpOEDKO0M094DiohFQtBgA08XLoJqGJjBDvxYUZj8Qfvcy+9n4C/CTqkE8Q
cqN2bYfRrUv4HcfJxNNwG9YN6A+EdFbt/mUCy1Jhy8f4Asy/F9YXkE5olfdp1MQSOzhtFzFYZIYPSoHUCRf2t/nfnmu2A5ypIkV2gp7QFrzhm7vAvi9EbsDR/2amXBBA35pS8WDmdSqllf07O/Ik3uIbQoA/nybQdxlDG91TZtI=
cqN2bYfRrUv4HcfJxNNwG9YN6A+EdFbt/mUCy1Jhy8f4Asy/F9YXkE5olfdp1MQSOzhtFzFYZIYPSoHUCRf2t2gpy65lkJIlFURVGhjK40Q75wdC8AVVzr50Vc+jaoq/4SUNpm5GDHcVe0HCQymYTqSuZ7qF4JlzIiv6YVOBYYTUU2oLWW322thsXxejmiWD7u8yonPiywabLlAXstAj+fEHO2MKZMlvVTEsaZ8ils7crA7xTbJKbXJlii2tlZ3cX4vAcuhq6DG5TIEEWTFegLHN19gL4Qkaf/uOz8G+mLqabuTtpAwn8wiaq+Ck1uWZnEDOEuKdhLTT0e6ZSw7jUa1TVESZ455I30AojVkTboBtCKt97QnRN3awAlK9pmV9M8ZvWTdcSOK3gtnuUw7AdCfyuBo2RtAfCJmartGmhXE=
cqN2bYfRrUv4HcfJxNNwGx//BMhRgpATwSMr8WVa8YgEhfUJQYIDDPO3qmq9jwzlgvI89j8ftQmq0Ubhyuw/XoBX4a5YfgX6j6m+maOqQPBsnssa4+0X3yw9GQnKmKg/q2afzJnXq44JC6xXWGh35A==
cqN2bYfRrUv4HcfJxNNwG7Z/S/5A9KKWgDel3n5Rsk3RSM3wnrAANGEKHCHWNnFP5YyW0t2C2/i3O8Z3AZhzlZbh3YiflqXBC0gfc2JqLx6rpmiP6fp8gsqqvBkmUmUpY8Sxnp/y64rLUemk4mRZ7w==
cqN2bYfRrUv4HcfJxNNwGx//BMhRgpATwSMr8WVa8YhM3G1+PSCvoJq5ILf+qvEcS8UqKm1zkM4E2QW1+hy3WtmFjV1uvviuhTWHIB/u6rivP3t3qTQP5E4aYiFJzOal
cqN2bYfRrUv4HcfJxNNwGx//BMhRgpATwSMr8WVa8Yimz08iveZK1mXrD4zYy8DRLLL6DHxzvXtmfZ6YGyboXtO73FZeQe5N956hsQEBeJ8tSiKs1oRA1nBCSbta7FxY
cqN2bYfRrUv4HcfJxNNwG7Z/S/5A9KKWgDel3n5Rsk2xs33OOWQ7C55UqltPexJwZrBTwX78Mkjgo+Z9UKurAw//HTlc36nLFHHmi8NuN1iNCswBRGxt3V3eoR3spJzMAwx2d5iBTepbwHia7UfBqw==
cqN2bYfRrUv4HcfJxNNwGx//BMhRgpATwSMr8WVa8Yj9SM6ACyi0ImAnsJybcAYd5zFXdi+sM94DuRyCXe/8xDH6m7zkfVL9OVeL/EvqH2KGGWdbl/khaf+lWLGcOh2hcUmV1SB6Dm9+XqVLs4wx7w==
cqN2bYfRrUv4HcfJxNNwGx//BMhRgpATwSMr8WVa8YjnJL3r6rRlCU82iRHeubjZUcWqcG4mgJa9mfsGSRxvrJKyqcVEsbHZ7KHEWLh2/c49seHe0/Kxehh0hWzLy1Ov+OR+qkqiDctP7bF0Rshc0A==
cqN2bYfRrUv4HcfJxNNwGx//BMhRgpATwSMr8WVa8Yj99jjAyrWbUwspaKq8nV2Tk7pTgIFbLjqhNbBkzDoS0OgBaIjzHydNyJ/zTVg90QViMZfMNZ+9v4rhqnpac5d2
cqN2bYfRrUv4HcfJxNNwG2FA0u6jahd1cMtZo6Ecbop/eIGcWz3lraySgMcHXxFBSgGGzcIkog7S6COhckUksAeDIo1px9KaM3Sxmk04hgetlfwhSKW70vlFKNPwQpw5pvMTZg+zAjlX7QP7EhLoCY5zz2lFJNkr8DHBbbAeahphZfUisYH/s+0l3cN00Ko1GUMvnarZ/7Ebms2DhlLqINJClQyz1hFU0a0bUvoUlIlvx3UhKP5726/0XP+vVboaZi7GA2lmiJBwqtM6Iz79obMgw2fZPTs5Fug/0kP4rnOnE2XMsj6QOmBnF+IyYzL3K6g1O1WLLeK3Jv1yWJNEuwTAeU3tVH26Psl2c0y9HRDINMMgsY1vCe7JeRR2bKoBve8SVchbPMid4/Qk3NB7ht/M4AKAvaUsuFQwJ/5yyRlrIMmweXxXpucCl71Jj6DZPMSok/fXgON47BbSpoRMeVzXL45BLvnR6UTTd3nJBeK3Qli4NRWDpL2k+84M6BgNmKGRar8Idj2Ai+p8WSlwvfvrr4RZLMenccCqFTqQPkeeR0d6wwGqWmgUnftgplfJ99sh+vTHHzcnOaJAG2TvQw3nt4/uqkrC4fhoFAkBz2axqDTWBz+z0jt8TKWaNeRU+t75JoL/O9QPDf1PlgiCFZjV1yzXX6pj+sVOFZHD+ovQ674Dvna1dDw8b+kgZ8Oc4TTBFQkKeAzZEWg3t3sCyucD7RPIrLzVoA/Mjjgm+n0=
cqN2bYfRrUv4HcfJxNNwGwIw0lz9dyp0xeqQeYYMMihO38VmW4/ChNlxmVsbfbhXGvFv6nN2UNpc91kqiKjzsnh+n6v8GXSc1Lew4jLce07kDIRVnBrHuxnM4jIMshXc
cqN2bYfRrUv4HcfJxNNwGwIw0lz9dyp0xeqQeYYMMigcJKaXVJbEl4aZ6DLo45moRrEZh5t/HTkhTWLVbsxU+/rJ1Ec5ur0pD0KyZrhnchr/hpgjT1Lh5/zvEE6pbz32
cqN2bYfRrUv4HcfJxNNwG1/t0miDBR+GomvsQJGQG9KBuClxys/WgCnDgoSUJMgWKpioui9KlxT15jTZpoqf8hbHKYHTCGu9B6NHo+MU1ovPdr67DrjY3kAe74psj9aib7kb7SyL7WHMjIqhtgmVfg==
cqN2bYfRrUv4HcfJxNNwG1/t0miDBR+GomvsQJGQG9KmIb/zbYv8Eqx+tmvxIGLll1yo+VBlRLOm03RFFFbbVpvMNDCZLQEQH34cY8cewSLnwxu45ncKG/AYJs0kJBF5ZSYn+oNEzHIqFXi8Ru6HwEdD3E/8FELcNnIN6AKyVfGQj3S9d2v6qSWbJQJDgxocLS0r2jZj7FzepIU//YyMRFrMma4JLSr4M3JbkfuxFumjY1Iu8geuw4VeSOqjZisA/Ol30a/o0+wZacE2l6zPv/OoiJUqXCmQ8ANNepgO0tirc9Srs2PdG79+7bQ4JkO6/5944AB+RuiKpOMLNzD1jGfkD/0NcTr3ZBGqBa1NfRjoRXNnQCbOVOJyncbLq6jg
cqN2bYfRrUv4HcfJxNNwG1/t0miDBR+GomvsQJGQG9Lhk1KFs3TOi7V9IMskzVFNARjMs4RXHEUbYuPlQ+vFd2iRCKGHy0GH2wZV/CjvptEF7LMWoT+M+pgwSqW8YyHGkXlPn0lcPgi+TqWyVIWmdw==
cqN2bYfRrUv4HcfJxNNwG1/t0miDBR+GomvsQJGQG9LIHWH4OElw+9otlwIor0TxIsDnkCSisK0UFj4fs5i8vPqBIuk2TqgEjMBTjDJn5uxyuSrjq49uo44WGhfgB5oviud3185dLAioXIlTM3QNTgA9iXbTvgRHLr1KMLwp73rqheUU1dq7VVftmJ4yfyaTkKpy6pflaTm0XTyilucyOIrW8eGxs51kOEyG26EkI4sN65BPPbsGc7wpS1QBADjWIv9fwbIhbryR7Xio89K1kFKTVOX7Nv+m+9r8j/YNJ9IZ7cV42onc+HeBJ21fE1zN8NJWrLDuJ5CXe3vnNK1idD5U7WbDoNTVpJPF06xVcGtWxtvqwOg2rQg8Y09yYsWd
cqN2bYfRrUv4HcfJxNNwG1/t0miDBR+GomvsQJGQG9ImuEBRyPFQ67VkQrNmaOQAnw5r1SDvJd+NflwZ9Xi5ITzCS8yW9IcDa9ru+pXySU2YE0tdM7FetdQIyTC8F0dU5nY4TG4xDSxkn1XD4PObCYODtOuGYdxLnQoy9ZOUHPk=
cqN2bYfRrUv4HcfJxNNwG1/t0miDBR+GomvsQJGQG9ImuEBRyPFQ67VkQrNmaOQAnw5r1SDvJd+NflwZ9Xi5IdK5Hrk5LpWa7Flep2TTTtn7pQekEIpBbub2xCRKDNvZoZ+BngdtoMk9t/fjLWjqsHIlFvQobPNOTbqiQ7lUsohTzcfCV72Ci0XW/LpFGK9QGC/hNJtGds6MP2uKK79m1KxAeZ4ptqbr3ODXlOWAaTZ5XPucihe90QBU86tWjeNwhfJThdxcB3BRK/eGRtqAWBu9rEMOl8VtnNN3QsCQzMDINM3X4ErqPjOowIP9JEoTriS27YZL6BhghRJ51argIvSI/wGHeBFT359PBrEH+Q3o/H4aEHGEbzEhIdbdOOKQLbh0PxjyllzL8TCx21TDbp/cybo7bOiClIK7mw46WdA=
cqN2bYfRrUv4HcfJxNNwG4J4pLtPh0FPgsnYyk4oBx7kQayWNlOKn/nbUaFXeM+n1h7s5v5Nk3Bw9K4yIk6nGnnmUOIoVR3J6pkCphpBHb0g6frVqR3T6+rS4EZURoukTOMfDue8odKbSvgqbtVrfQ==
cqN2bYfRrUv4HcfJxNNwGxfNpfllLrUXLsHBfgYDwDZpt8cPBH6Mp0cqyvM/2If/qw8KepFUDrUronZ214YWQ2PnRZfxKA9NWYjyk1d0CcIgdzkEBoYmn7mAr8YM7orn7jr2oF2gKpleeqke5Tqrtw==
cqN2bYfRrUv4HcfJxNNwG4J4pLtPh0FPgsnYyk4oBx5SVihy0YHhO7PNFb8I+hh5d0bcQcglCxPW94oIpqFZa1h1T+mEkoLkMx0RwB4lCkk6s9L8JeYpohauhtbBSJBA
cqN2bYfRrUv4HcfJxNNwG4J4pLtPh0FPgsnYyk4oBx7DM9TbeLOQ7F8UngFD6YnzrqsOcesOHMj3oVZCid7htnEAgplIe9e0/QBiMzZwegstfRtSR3u+uMMDCOCihEu3
cqN2bYfRrUv4HcfJxNNwGxfNpfllLrUXLsHBfgYDwDZCePQMRVOWMHjS02zJ+sL8zUsLQ4MyLJunJagAT6U1UfZbSHjXyE0oUpvEEI94YW8/+9viVNmWIuttV5CyY+KqTG4aHIjov6Xx9zW5oNaZ1g==
cqN2bYfRrUv4HcfJxNNwG4J4pLtPh0FPgsnYyk4oBx7urmyqkU5nOHS/bk7fnyfF/9exDCUbPXSMIPcaO89AMpPdWzEr7D/sGV3GHXFhcbrJOHjqZ7kIEQ47ygRbhNhp3Hyj9NMO9lmsgRwBB30zdw==
cqN2bYfRrUv4HcfJxNNwG4J4pLtPh0FPgsnYyk4oBx6Nx73ymeUmzFTQy67vAO958GgHiAMimS9rDv61EYz+23XRrjaZT37qfoxhc1AUCG+SFMsesl0FX7S3dLGKl1L2j5mXTD0OvXvJp3m+fqVriA==
cqN2bYfRrUv4HcfJxNNwG4J4pLtPh0FPgsnYyk4oBx6vfUwBOhfYGVq1HZZ4HvL5/2gCKZZnHgGDhv5Pa2T+v1irzfqOpsFMdtbcuKdFk+ywipufDZTZ4+LBSnAplSMu
cqN2bYfRrUv4HcfJxNNwGw5rA5GDv201ow+qxsz1oRIQHMdJsWsbFIRT45wfCgR+AfgY3WrcsYI25i/MSKXTQwhESjUUC/5cZx3oTFG1qmhvtMGDpj/+eVtLrxQv1PHhCJGkPwCqd/S53gX1ZHctZ/zJSBIsJugaAutRA+pcyJNVxzuBB2Bded+6TR1yiBkMhvc+5YrEz3Yk11lGUv19qr2WD9ygMOG1hAHoTklKC7oZ7Gt/iJa3RX4a2lzkMOqDnKja/RVuXxdAc5A2SqEoU5zxXuUPweIM0ZA1DrFxMr09D9xBGaYUyDXx7TBSvp9Ig1/Va+yOmW0xK4q6phCHp0AcNoTOfiW993dc2m+o+u0J/ubb1reHhiwsMmlGMplPkQKKeZc/kGCRZkq6lWuABXlkNlfgs7dbO8Rs2mbCglpx8SFlc+QtUqTn2NugvJm4vgcafITTLzINbbypT6j0fW9N2X8dekWOJB58zmKnz2TB+v+s9Y7rZzw6aHc+n5Bz54/pxcnOmDnxI1ZJT4ZLRwM7xg/6P6B1LFncvvJ0ckTSqSQe6bnoKq0mIcVbtNRPe9zL/x4WYT9MiIgOqCC49SMKDR+XNPXUUsCB+Ui4n896xDu5B2QMjwo0AeKi5CMoP1bUx6vAo1pVAg+sUrM6A5vhRENxhZmyfvmxFWp7mRhQlJFrWGdAkQzJOPSta02rLhkpymoDvLihrMBmvxX/c0eUu2cX7pmB73s5h10sky4=
cqN2bYfRrUv4HcfJxNNwG5odEZfTKN7x2dzpVGCn5/DXwqqtVKZRP+BvnVnaWy1P98FeQXawh5HCG6/8TksUPdCtKZlsBjVq7gJa2sd2sPacjIlNAlNxgt5ySkAldHwnrrEUTGK7h9gzVfR1PBjsW9hpT/EeJYr9qyPv9guqBsrSOmmo1VWb5dGbX4bjXbOmgDxAg5mCDVkk9GtCaWTEJ5OAnFx332N7kvfPkl3lv79egBkNXyqDDXsNMh0eS88zMEb25+qzCAmwodYiJZTuDSaNElvgW/qYtnOdP2x8dSNdwWHqHR99hAv7Kq7dLm58Xm2XH1rTCoABblut7xjAD+Kbvqhvsi0wT4zbRjYcLT2kHncMwzZreW/6QZ41LS00PmfA1GbY1qrXsvvBr68IjdGd13G1s4y5tv2928VCgvrn7xISFXwhV+9yBWlhaKskcQR1bKfc0EDWiNbVdeLYGNkkn5m2DmJTV1B5Y0gZhNcXHdm+6W0Bk1BebjapodgKzIytQj3HfSroNLs2stlFr5B9PRx94YhU2v3Sp/rr796Zd6JuypwlYtiOZJsvLTfmoXMOwDbeQrSxx9EGNb9C13Wk4KsfhjB8ylSZnciwt6P5i/OO8zBgBAvpeVwyyoVHsiOi+EafXT8qeS8hzSbYSvRYDkXLRoLP2o01Jpc2u2w8NG8WIW1YysB9/LVPR4NEiu0phkPmGb3Z4WMLeH6wzg==
cqN2bYfRrUv4HcfJxNNwGwSYbuVr5L8ynsj5jMJHRD2GIwsQh6bHvrrMkiQ1O0tmbwi5FLRy4eM7T1IrwrLwH3WIkALh6E3BijEmcwPhGSoTd4t/VCdDCcqNaoG8wdnSQmyiNym+UG97WV464hT8gepQ7mKdifUbxwur6LDqehtTDAKnPIP+BWr83k/TChrF3ApnK1oUVFTOwFTHXA8SY1LamzmWzjVMTl20+zc++D7n3DlmpO+eRH99hotD4QoznrzuSo8cQA6Ctw94kbKK9xgGtYKekH4O4FeMqd4TPiuspPviW3H32vdz1S+EOq2l1nolZIUDU0+uLR1AeJL0kjOk+Tibc5RPV5t8+/dKM2s6AxAIB8HXwdhul+VxBHd8pnI1BLDGUDy+29+6fGl5cfGzb+rE7PgqZ14Cd/phnhY995tfoj1bsBIjlbA7Sa38u4ooSxr/7M913oVAOS1NT5DaW/zWke9xRvlgDiogAG4Vs7OtsUukWzp7jRlh2DmV15CFKNdfkSm64gvYPSRzFeexAAS847num88iW6mfriAFnIfSI3sgtlQxYJJc0cop0Zg++ZlFq8LNRoNNZoT8UIlhhzcgXLcCGSH9/V9lyrUn9tfiwAdC1GK1rZEyPzvbiyHunLdH7+CLR0EM7lX32tTIkICV7xIMR/vvc3OYXiZuntSSXbFg//wnsdITI0MjXqk0gZ06nUE0rKhQzRsK1f8svLAfGZvMI92aEQ6pZ3g=
cqN2bYfRrUv4HcfJxNNwG+iII6dTV6F9e7SBOIUN7jfTYm9QhCTOnGTGPNQ4oafD2kI9Mos0sj99K4lY6x5NzYCKa5fOnhA74N9y2OruWAg6yWiem8T+Q0wTxBhZYiSB
cqN2bYfRrUv4HcfJxNNwG+iII6dTV6F9e7SBOIUN7jeckq43Rxq4kQdXTIPxBx+8eisKcH82tMWDLf8y0h9fD0oCCA0COZtdAcohvVCybhz66kfm1cQQ3p3XBjAXhAPc
cqN2bYfRrUv4HcfJxNNwG5vLlpWDKsoOPTI7i5bMqWeVJZwx7i9wcQqf8RQSV2Cdrb4rFiCBXIEt+hP0cEO9xB7If6Mw99Z17yYFajoLBBQWjGYlOYsK6QAC0Ja1gUjfKlBDjUVzXfj1nUecycdaZg==
cqN2bYfRrUv4HcfJxNNwG5vLlpWDKsoOPTI7i5bMqWewLZi69dDWoC3x+pPjfg9lpf1mQkFWFNxV5y9759ZUpjWWFArZNLXHnuOM1ZWFQv95MhPiYI0tZOpWIkTbI9BK3KimiSh3Nlc1GE+iC3eb6ulcBTxg6RodBoD8B0xhtxgEiLtgqXcRvXl5fUq0jwVRN/G56bxkZtLS5sKZUauko5jNJmzvdz8MB+yAlz/azY3cQLzltKXiC8XSHQBWWHEAgu7nBvdfkMVPms7ZhlKOUfSJ8yKi9leYSpmsjLF4qQmC76PyJHdEQ73zwHlYSvomds3aSSQtne/z+Ga7UFgYTZEjPFAZFRNqY4og8Ta//M0btCo4QUIjns60YfR6wZcM
cqN2bYfRrUv4HcfJxNNwG+/ki1ahpCwk7SjSsPNCZs2vUtZPGvTH71MdlSJqCke2fv/4Wty3GoVlK0K17hgfdckKgSEAuDoI/kOE29ObAeIHoU5G3VwP+WlXQrf0PHda9/gQ3bYWmU3CkOZQv7hxcQ==
cqN2bYfRrUv4HcfJxNNwG+/ki1ahpCwk7SjSsPNCZs0Shws6ozThyyq4eaPHdkB33sTcyaNi+AdQnp9msK2ZsAgDXspox2VgL99Szse0kG2ttRwqAzSqfxFgfB0Zwhqrre6XlPCBf+nr/zx+1+FVl9FYCzwgdtPeaMR9JPEZn5IiFwXysASuo715rDQBG8Oeu/zmAb8qBL/EK7wJL3G8mSyySLf6yjf9MEUzJHupOc4i+7zXhpCHgX+3kgLCHAuYe9raV5flqhlZ0mUK7jAn+G+aCSiZVffLp1uomuhagdGEbyMTq7L0RjT5dxl9zvlEQrFr8kjvu27/TfWqF632Op5+FejT5snQ/Jp4cqjVAstMJOShkWR4m127gt1LADHY
cqN2bYfRrUv4HcfJxNNwG+/ki1ahpCwk7SjSsPNCZs2gqrTom5Q7WinucsMejSxUzAFR1sBM2u2TjOsnIbnuL9hsqcO59p/PSrv4r5tWrCX/Cgz/q/1sei4Uw5fJ7pkwLAnypNXwJrcxP2fC0aLLpX0A1dPsFcJGryGfwBWcNs0=
cqN2bYfRrUv4HcfJxNNwG+/ki1ahpCwk7SjSsPNCZs2gqrTom5Q7WinucsMejSxUzAFR1sBM2u2TjOsnIbnuL1yFlDWhFIin8XqsnL3ZaQns+3QvqLJM2QI8xjQ/AIJgjdRsm7WZLbDyTW4upILg5+QfugBrR72vTD3BJ4EiMUPd5BF8RoSTEffJyJm6HBmexCeWanrnqhlNfhQpwz3pGmSYrx0YpkLIImXEL/LmHV2YAqmGZc6MYtaqKj95ojkaA+d3JEO04loR0GG7uzmuM3l3CDHJqSaOi+3Yi5ujcIW+KC+cvMIqbvI0sGhwj6gp/Gshp9sSJQFdKPw06vBcGSf/x4qEQmUxtOzFufQYd7tsBFBp3D6liwJ6l1gO60s4UTHzEkvH3FVWpX2efJu1jNZINoYOIylQV46zGjm4ils=
cqN2bYfRrUv4HcfJxNNwGyghD5ow/m/JbPCMYikU96Wdsm8y/y6lL9jt+7ksrN6U3YyObVHM1UtbjImopavqFE+eto7oQFlatkq3NwOkvO7rx8tPWnhN8svK5nnR6HeILL7De6m7yjNnOZuHvUTtww==
cqN2bYfRrUv4HcfJxNNwGxsXD9NNFN+v6GjAXGHiH9KtTO25ITX9n55owXx/tMG6U3tfnX4U8zszqLa2SmAm5UvDGvHn6oLCOU8fsS9Zdnpbt3nACYfLlyz6dNgEZHfy/+fzjYEoFESWyF5WpVMSwQ==
cqN2bYfRrUv4HcfJxNNwGyghD5ow/m/JbPCMYikU96V0W8SzB54hVXbDJTga8TeUlpAJ1GXL3j5uxcdjsZrJZll/iLPFKfC6suTdLwfcBV3e9jKrIM6i7HTWH0twurFy
cqN2bYfRrUv4HcfJxNNwGyghD5ow/m/JbPCMYikU96VD1qYNIOsWhQhvJ5YW4Njy7SaabltK62cvht2kIKGXaB4dwprZ0vpc7QAegkfh1mAZNXcO0EuLcZupibz4VatE
cqN2bYfRrUv4HcfJxNNwGxsXD9NNFN+v6GjAXGHiH9I9c5/iCfCMu+ATcAEEEsL4pDLkxyNXf9PISwTM08NuQC1nm/uCTYV1H0oxjktA6gzRiuVrRRxw/htUoAZ6CUI5RcE2+hw06EyYfVii/tH62w==
cqN2bYfRrUv4HcfJxNNwGyghD5ow/m/JbPCMYikU96VDvAJlK5dsYbS9RGD+gvDgWxG5hdxW6oBgiwsMCENEAw+yFfLT1Dz//KnnC66SIhpJdHxFQtDOVwpvdVsrQjtx4rHWZInW7QdSOuVOYSbIbg==
cqN2bYfRrUv4HcfJxNNwGyghD5ow/m/JbPCMYikU96Wmz9i3p4qh6OjQoAjUGtz85udVHVFQaqnLpXg+qPPxuyTqV3MTajPOn6Rh1FCSSKA92jLO8gCcEILMahW82WrKA9sfOrIhCU/Pyd8e8GM8Xw==
cqN2bYfRrUv4HcfJxNNwGyghD5ow/m/JbPCMYikU96UCGpUhJ8H5OgyCJ6GhbcxBIXZmDyn6BH2nqgt5YUbsQmMANjNIuvUCn/iKGeBOwQsVlJ5uKPiSN9wSzlyBVpeL
cqN2bYfRrUv4HcfJxNNwGzIdeZwcmGj231e03SFCuvn7dIQwwevX2KkWhvtIZpmztJ5n7cwVM9BwxoeHJ6NJhiQw8RRuWgK6yQ1ReSbrOq+q4AQS9V1gBgUYNdjr76U/iEmxrrr1dCJUN6PCKA3b/cIp2EASbdTEGNTisPyHmjVOlr7IpStFUkA3RC2R/E07BPgl9xUL/Wji1VVsLW4ZHKOPfUzOSHc+vQRiZtXLWGhZc0RV+81wgE1XEplTS/DkcK3mS/TEo2EBDWx4os9NnxsuuazPpWIlUTEQRCjkK5OketesqXnlRnl/9/stPj+6/QHWCPgrA2lRLcmbcBcja75NUHcX2IorlzwC3FLg/O51ErAp2HUhvPtg3rJhsUnYRlivJDmgkIunnQOwXiVZU9LRXn7RFvG3/BEhocD9cCUy93rro/PFeZ83p1U7Ra+jfEMoBqIgdjxvqrRSaHR+fsIUxLEs95hkNliwcjFB/o9phpaBHKfV06H4NmfcW5pz6jDDJX5r6rVywyyD/y1D/tGtgyV+VVqR0uN5KpELn8s4SKAVhIiBBAAeO6BT6C6HuyH38M+4pfPuV0cXbeTe3tq63FuQ7ME4UHzQfkM5k/QN0yr/xUMTHtOiE10kvFCQVswnBTrvM2rLmA9nFu96vaUj/BEE2EGS17AmR/dyEooO9QOdvCz4Og7XHchZyY6Hx9Dt56PyBsvb8EYH27hfmyJOe6+LL9PCf9OreeQObWI=
cqN2bYfRrUv4HcfJxNNwG2CueChPH6B0gn+t5bmkITPvbVpondGqfR5loQcN2lGyemH0QzpcKS0EAFmPc/DXn/8JlbOdJkoFqCI7LqgtJvoqHIVHVbja1tL+YTZRpRhdSbOf2eNDFoJHkfPaGVqtFQlHM9A8jzrmiuSoAYxSiXxdfEMII1+Qr1+Jxd0pHPEAGQXvH/AtljWb9u+sTngqzztcNRI8KYvxczj/+2N2gPh01AiWKntvoG4axJbesaBhGtsNd/B20uERNUGtI7BO8OPEvQ3XW0NPaT6jth66W3WN1S/kNTpwy40AFaj/qNcDNWq+H7u8ho9Ru6P5Wxjh/7D5hBVVDumVuVVEHUY5q4Yxm/alDsCKO1iAQbsB46ZFB4VrubDJ7o3OhDYTBdMxx2VXZx3J8P9MYEl7UaaH/kzPB26GHTO9yA9FQKW+3iEq9KBX07t8g1tV/RTbWaEAUEZnWJUeRN6+gnS6XoXLRoYHfptaqL0sjPf+NaxO7plHhE4uzt1ZQ/HD/LusRMaq6gSPj5P74eGsseilLBxSuYLEvSMtAYZKCCoCW31iXyidyRJYYZTdqmplePOHUyu0nzYvjXqWAfYmx+TY/5crZtYTHNTe4V1ypKJb2UYbu63TRK+nW0dMcuXpsNgmi4nTG7FGAaFduT3/8eWGEh1K9h1/HrehHsdnCNIn4KE8QuZLnhxK5W08RaqqkNsYsvEZzw==
cqN2bYfRrUv4HcfJxNNwGxsA3GTdSpmkjW79Un+tkJ+WePNAOTHQspnZky1GYOnWk4h0otWgof5QpEYqfzeZWamwAJdRPRxqA+iShIuhM+jxAObWrasL8IWaF2NHq6jjZVuZ8zLZS5QRRk6k3O5bMjScHqXHNxnmpMFt+Xkayk/9yM8N2oEyPYXDGmaJLPNH59dA+E6yOtksMimqrHfts++Zzo01hgtkKV0/A0Z2v86lDXlkBImxUJ8cCl9PVtQrl5TVlQKFGsgN8fvCZICkD+T2omErT0yn82If4VZLobXATrT5eNNsq533D4jOe0t5xAr7zQ8SOas1Vk4oJ2feQPysfiNGKE3RqQGy5zXwUO703RpIfWvCQfwDhbeMlHzzYAZvRBo5Xk/NCa99/qG8ciVbMJVc9OTeq9FZ/LmaZuZuUJX6Hn/7bQrKegFsT4K5lc+ECyYndfe6ck0mDSE1z98r9UW7ebrRwobUAf2wUf3rgsWkNdPJ+/S2gA2Kkuh+aHU1x451BHvRFcElzL5IcrzL2fb1vUvCXyD62nKcTc2y2toP+I3zn2X9sne30XpL4lDK5egVyArDSvAZ4kzcV5Vu4oT3Brpd0xFpOlxjIPxRDbiBPG3ngPPx13n3kaC/vd43pt529d+MBEVC7Uc8B2pdAKZ3diSSvuLVNEkpDE87equJ7EjyLWxV+dSJl5GSD4VYjlWEyG1q07P7y7/eR8VTFkdQ89gLUnbO0uLxrQA=
cqN2bYfRrUv4HcfJxNNwG5rExU1dyD1ridODXWg0CsaPl/RlhAmTo9+43zljcr/6VnjHWpLcxQSay/cIbuSJG8toN+LYvf06gEt/HaLMGl6cDpGzI2tcruo3JJ+cOLek
cqN2bYfRrUv4HcfJxNNwG5rExU1dyD1ridODXWg0CsaW3ADakgrAf8fbkeSfQjXqAyw1iFHgzz9fk/Z8BGo7KZQpcduJOMVUiJQdshqZ06AW2DhtVMEoMEAo2LmVm8SO
cqN2bYfRrUv4HcfJxNNwG0T8ejtHZZ76o10yp/AkiXgTGlR3c3tf+LmYl4tCSqyTAXLjC+ueWauxR+8IHlB4wixyJM0sxkBtPBA0FId86XLJn5iUqzrKvikkheX+trf5Rx5cmlaFshhL8sjGuPgO8g==
cqN2bYfRrUv4HcfJxNNwG0T8ejtHZZ76o10yp/AkiXhOhkXgJFbZnBDxd6lZS3E1VI4Nio3tp+KsJ9dtSPiGimwTHDInLWoXFxWiHWT58OvmgWshsaXsKFwD5WPLVxRzIzBHq3c1YpC+wMKyie/l2q+Q9YdWvAVpVKW7n0fADij9vftfl4Otb1GFpr6tleva7Ro06NYvjU5dJAIZ+cr33/611rmzfv+NK+jEP3dqSpgRYhA9UMFftSkXSq+CroKSgyh58l3FXhvpElfjaXPNe5S3AYLQZBYOpwxcM6X6W/I/YcWUjFuI62/P2f+VzA5/bNx7xm/A9hDgakQ+zrHx7IdCOnO32DovIwIxvRgoutV/F0aHK/DTMGxdpeduG4Xg
cqN2bYfRrUv4HcfJxNNwG0T8ejtHZZ76o10yp/AkiXh7RdCIs82XD2LXaV3xbQeBguDFrl0QXnKz6P5VJy1Ml7MyK0vmhErXUx3U15beWyU9qSrwDOXdTHaZ6cGaJGgbuzypC0whcUBEQBE3A2R1Ew==
cqN2bYfRrUv4HcfJxNNwG0T8ejtHZZ76o10yp/AkiXgEd36ugxnDK9SNNP+GjMU+XQubdg/z8dqUi3PnOIj3CegMDLH/fMsTQ0qZDZM5tf8ejKTXsXEOLtNesJJWs9z7esdjQRdAkBzlamBA7+UnSK/VmWPSS1TG7G9MDkvYyFrY0dcVSxKvFoP7N0X3EWkri1xtezkXA9Qd+5DRWn3olRBYxdejX2/MEkMYso7bLeuysjPGQBtkSW9pl/t+stC1dgQd58+oD6QZTwnQJus/cR10GE+BTNemKzBk4wciIiWq04xAEW9K/p2H+WsCgy+PA+IL+hs7eUU66lzNadQdHE8EMXdcZcVYaMefT2m93F0lIAd9MPL+0E94Luqg1lm3
cqN2bYfRrUv4HcfJxNNwG0T8ejtHZZ76o10yp/AkiXhofHSimK2P53qP8McMlTwVH58136Zz8bLYR2MUbPKFAKIk5GxUvt9Q5CMNVixeUVB0hdehlL9J22IPrQXrR3Jlv6p+/ku/qs7nUKw6bXlp2mDfQBJGiUtkiTdjO/AT4T0=
cqN2bYfRrUv4HcfJxNNwG0T8ejtHZZ76o10yp/AkiXhofHSimK2P53qP8McMlTwVH58136Zz8bLYR2MUbPKFABE0jGt7z6fzHpheBLp0sylBi9lqhYSUSQUt3qPXAFVKoByGMLWr/Q4D40PMfjejiBA5cvKY4S9HYskNL2ylVNM24pE4MTAVLRqTRBM2MRQ+kysRLiQHLkUYz11Avp4kxHOI7Mfn2nLFAPIIRMI1JK7t/AWEk6gMW4vfMwRpnF2riEVD1xZDOxA5j/U3xpie33dark9c04e5YM09XkRQkvUHV8qrHkAUG8mK9YacuYxtSt7QfKcUchPFgbh7YczVRoQ67+c7EB85Sa3FH9NuGHlc/uYkFJ6g/cGB2+CWswt4/FtmdrmA+4pq6xSQMMpbhMJD5VI5+sgiJE/scjixWFM=
