GmcONIA9PFzHw1gpPLLPoqev3ytAH5KO3S/CJpMsylg=
35kyjVfwBJgytCi6KM5Vug==
FNt9orFfFSbPIXNSbXcP2Q==
gE2g7VQeqq0h5MkG44fPUw==
A4ZCFW7RnVRfEnbtNxUDb8VFIQmzxcIFLuiIjRY2q84=
cwgQW1UgxyVfBeSrdwXHsPE1eoSAri+NViVSjTYe4hg=
pYn3RyiaY4vz2unSybTHuw==
mAzeFbkWBGyzJRgEWJSZYQNn44wFaguEUnqkvHVinQw=
NiGef/LGs6v8Em6sqLz1GYGKB0111uCW/TAqgkiW0+w=
2lfNnhNY+w/3xMaMUxJbE0YFT/wvMlSDz8Vrd5FEs18=
cqN2bYfRrUv4HcfJxNNwG1oURXb/gAwIBJpRnSk+FtgUTHLAUGdnJQQAABf/SWkWDU8HM7ynv+rGZ8MzdeaxOFJWDh+2dt6RFHYZFkQA890gWolHaWEg6TcGJQD0Gx6B
cqN2bYfRrUv4HcfJxNNwG39kouAcA2/qx8eujSIdExxifuB+z/0zaF+hP84wF4lyp6/6evV+xqlG9evwjH4dsJDUAscEuA154dLv4DCc+Y0iN5XCFSMOFkNvPs0B6/5G
cqN2bYfRrUv4HcfJxNNwG2LgOEWDJ89LZO9/YM+xb+ynY2O5axk63WDk8AKKqAOlV8PZDCQPOTVFy4WA3a+00yEXDJG1n0GWs3sit9U6vWromb/uUh8i9gKboK88TsKYYqON0MMVCK+pCwvYGZ31AQ==
cqN2bYfRrUv4HcfJxNNwG39kouAcA2/qx8eujSIdExypbL+/cav3nC5qzhLYxcWdJXP8tf/Dyy90C+Eao9SzRx18EHr7VzSUDSlPZw5od0gQmm0Zn3etYp3NB9t0MNMb
cqN2bYfRrUv4HcfJxNNwG2LgOEWDJ89LZO9/YM+xb+wt3IwKgUoTCAm/bFab69gQfCHvohR4j9fqOPzekh2MhNU2HsQZ3PcrQnXzH7jg8yqh55nNOy0HE1J69SmLdA7wwy4PDcDbI7kJSTsddBFotg==
cqN2bYfRrUv4HcfJxNNwG39kouAcA2/qx8eujSIdExwrlgVb2ypfNl5AdSMCvzFCb21ahFcf0cLALmizIGVsM3hgNgJUjizgZ40i/d6J4guqYWirKGbRO5PMa5jQ3jRL
cqN2bYfRrUv4HcfJxNNwG39kouAcA2/qx8eujSIdExwFXAZr6btfrUiLsjTd4oAMw9ZjW3h3dlDX8eHaedYW1N3yXnvHoQ7M22tHX0oeZewnM8Zpr53jewJZ39s8YilWfl2Cz33gyWWnfhCDi5HbjQ==
cqN2bYfRrUv4HcfJxNNwG39kouAcA2/qx8eujSIdExxN1eDY5Fr539VVgA6NIB6Cc/tOG0pJztqwH1UPJo/sn3UiK7TgsfJ0nBiwxCAvZIfVjPO1GF31CjY8zFUMn3L/
cqN2bYfRrUv4HcfJxNNwG39kouAcA2/qx8eujSIdExwFYGOBwg+PKI5z4nW9ZwdfvkyspA4RiE5GFNV0ANoK1cZkVrX2cbp+TGVU+zetRY0CN15a4JmbgMZSwfiCn9X2D80tLOmwt3WGR/2auCRqsA==
cqN2bYfRrUv4HcfJxNNwG0RIgEAiL2y402YBsk5FovIrEGrZtJvjOV2JtiL87tgQoA+l2NKQezeXA9Xby8sTn0ftHIGcppoOMo83W93yUmDerdGaPL6DdUQR27B+L+OIO42NExd/NbNcb4sD/ngI7xO3bOegTlEw/XkUTz8Nm3ucOSPG6P6mwd/wNasPd3f7mB3nsBK6OcHD/0djAZtt8Wwn2FpWBraxPNSW2PtCkBKStVyJ63VTACXUOlX2vIZBazYBOQHp9Q0WpueXnmUHbxRlvNshY1yqdj4GlNyx7TymZzB+J8/K8oZuA47TNn4Erur9Tu6djZD8WNMVRzrTf8/9Q+THUAf48iiGRa8MuT4EoLZbMpxr7UC3s2h+VcEc3KwJ5QJSl6tpNJsCAfvhIwSk24Yd3ns+qeYrdKQtGu5+MrmVzH9fd/dlFbu04A0p9vSoSKRWVWRd4WmIVk6xW58qZt03BA3qeCdpB5p6z5egjCdv/ZOHIMsTATp5JFoDJidRQtjbi638jF++PfxPYo8bixIHzaldH2vtoSGPSObOaabL2ikefpl22GSrKjpyQh0xa3nZkuaRc9kgy7t+1k6ONwOoTuVNuIWH/YVmKgGz24tQu630ivcyD6Fj2EOr8a5Fn+wmhuelTxzd0A+2XBltL+IjjXOrSFgoKG8DmvXhapSAB/0qUyrs5ZvfzSh/kwYPX2NUeKVxArr8ywh5J3nWjIPaf0j+7rB78AHmMHw=
cqN2bYfRrUv4HcfJxNNwG6DgBU3hmksESKKZtrmWE7korkczxb7hBpCM3zw34yo3AZ79JJ51kfv6G7PMytwss5jnlZ6LoZakkvvGB2WHp6ioZQ+aMfyAnBCt/T9rQvxvtfx+Xj0GAekMaGBXo594QBWLQU4zwLpuLtESi3vvZXdepCc0kYIXMcmxSS33n0gGRE7knB0EkDue3qp7UIVIMUA1n/qE4CtURWZ3VpL3haAzEy8EiPE3jCv6lbdJuAa8RtV2gxjr9+kZKQ2IBYPeJIeV3eMna0NYjgM7/AJoM5YVlreN7rYIQqEhyzqwSxpLOVqzBI4k3LvMJVBlx7MENiiQM2ROehmpm3a0J8KETAqPuzmnB83sVzpbGVEG2NUvrv6bnwMX698+d68wHTLwyAGeecXGTx32yOK8MSly2kU5IZLxfd3zsdSIfXNcN9kaznUESEfuwtzKwRbuCC++Gr4geCD2Hqb0wY4ogk19nHsik59p8J3bXcBUQT/ycTKyJYdXSNbA9IiJrSNL9fKD6nC6uywGGNh3Z7QLp40BzVuQ4OEXfsWzLll6gCD45UEStPRWZMGGTweRqCKmy5MQdwCQC9Qt+H0qjtGDV4MZWOKYt4+hW/erIb1WpGypSCG882O07TVV4SAfRyRk8jcZXlUDDlWWt7dvwIQ0qUFZ1Dzd2NvHQXUfpHiqs1GXAqh5W8tqZmb/FxJ9/z9yfMucpQ==
cqN2bYfRrUv4HcfJxNNwG6FOOYKhiypgVDBu4g6lrpwAog3CAJHQbHTZH+durOpgscze4UCBGwRwHdMa+F8UI5ZKF2e6R/MVoQMxKHJWZc3nChAoNOJBEFb3MUsXNNO9jODVZipu7JdMu407tK5UrttYHR5RlpeqpwZW9qiwWAhxbFdztZlGtGuk85OiHslOqR4QO+35SKTIGXTIUgkAE+N1ZOS/ITXMV+WdzkCtmCUi3yV8rwRmKBymiLVx8TTemobUL1IwCEayHxszsYSlQDIKgtacW8NH71K1zDyXF0zjd6SKb3GftymMAfvDRjDK+sHdSgx4FwBFThHr/SdrIvidGREcW5DR+huvuEUHRqjR8qeu6j29znkJbpxpyLyZ0Q2+tDg81x5tJuIaV/lF8AUO7XXnK+sXafhuo3aTj/1wZRfvV0AhTtiBops1eFOxEPoZBkZrUL2S7aQMBbhvQsVMqqx+Ibc2+sPS/hgXiUcm/88R9gF4LFbNjOKj3fFkd+fUPYqG6Fk8wKq7VsnwaW184SKCUINguwqcHHzRRwJua2ndQwqQFCLBC83qQzIuu0EEF/RvEwdAGriwmSW+tmE6yc18y0NlXNGPSAMJ2s7WMlOzsUasd68oLva7j2KDNfY64vYDlp5O1WkIlCHd62VH96BczbkMK0b7u8UTOps0tidQIRi0HIg/m7Bdg4+tsQgPtP7Dv8tTFvV3bcDBgAOECdQ4+eV3cAfwFwvMjY4=
cqN2bYfRrUv4HcfJxNNwG96ay98YeYGb+vGH+DHdlz3gT7HnicWw0TbsdhdkPeY63Sj5Stks4PMhC5PRUyPkbB9SZFJ/r3bSj7alhRfFg8c8JdYbcGQwKryixSwZ7Oeg
cqN2bYfRrUv4HcfJxNNwG96ay98YeYGb+vGH+DHdlz2qqRyq9yuW3dHCuOmuo24S7Pg9bi/5MIBwXpDAZef1dGNqdDemp2fepEqrfRVERx2XvrtWAO6JcpwPKXOZRAb8
cqN2bYfRrUv4HcfJxNNwGywNLq+nAXuAlAMSULZBoK/79onfeIB5mkjJDKxNHwzEk9MgGbMTbSHFAsm6f0Ev4Ge6bLSuYVBGTe337eaHkdhBKpVvgBhw93M+0j0+Z+daegk9oSx3EsUS5DHuoupWTQ==
cqN2bYfRrUv4HcfJxNNwG3n8/Ft7bm5349W2W2zZP6zQsWbYau3JLyHMJZrPDhL5qruK4pNLeNd1X8BschFe7tOptWgTXk+ouXX2XPATWzopQBLfPan/H5PaPrjq7AWiUNpZ6czGWFfZQmpVvV1dIevU+MO/i1C6N19fh6ZFk2hgn5GwSXRupCnqLf+IFqHNBUWmdMDwgsERl1f/+HAskTl1+cUCCQxLYa7sVxfKYA6YRxbZRLQbKXLHbd+rlRdARApRTatno03GTZtAB+vxNjWK/acDyhGKuFuedOE5mSmwGXEY52xwRrCk+9M5iS5aVqiFC9YG+stxs6po+RWRBKFJe4iOSiR2TwXpzMM9J2w1IzMGR53WlmtNpFEtzoOf
cqN2bYfRrUv4HcfJxNNwG3n8/Ft7bm5349W2W2zZP6zUhVry+q3gSWKo2O/NdpOCY3fNWUokaliMTzYRvyvB4YDRmPVvO2cu5HvhM1WoChSak5AZ9REdM0D0dSGSBBkid9Jv/m0xRAzJC4Mz+z/okQ==
cqN2bYfRrUv4HcfJxNNwG3n8/Ft7bm5349W2W2zZP6xIv9hcNv5TvUY7BIoq1ytBMCU+OsHzBZnVA348LBEd4I5HRlTN4LNzGCbpxk/ZqnW34YGQTJbCYvWaeG67e57YPoFKxvV0LOZfQLPEB/HtOZfqvo9i/YOLIdlnju128tb0nZWjDz4/+ppUh8KLbsGc5rXXezS2aXMTOVuZw3Lbf/6x+YLh2ZHJ2XrNxyRYROT1siTZkhBD+P+vzFfRXYS2qv4pn9j8ZlmYfNmsdetSgOyhIe8UnQGrIFR9q8Vh0o7uwvINzcHZ7kGxsK6SAfxAoMxSaik0WnEfYWJhgM7U2vEi+Cskw//6ONNGymyNv1sXvnH5MvhFlQUj0M4qLXXx
cqN2bYfRrUv4HcfJxNNwG3n8/Ft7bm5349W2W2zZP6zR0AIXeK+Ym8tBAIYSFzZB0PGppFwOmfD0vA8oPd6rwLVtR6kVJPUW9J6wxILfDPC9nvPaCHO9vSWzH0OXhuQhf4FDHZ2PTlX7C2UfEAUC2EYL65nuBbW4nZ0EGZvB+3Y=
cqN2bYfRrUv4HcfJxNNwG3n8/Ft7bm5349W2W2zZP6zR0AIXeK+Ym8tBAIYSFzZB0PGppFwOmfD0vA8oPd6rwN52rYEE2PZf7h5+Nf7DqRJNN0QJfgRD2fCQovnoP4MDZbWXnEWcDVfLlvL87zdj078eAS55+urkj/mGxMEoOJGS+q1h7veSOdLjaP7FH5XJidZsy9jGyruyqKa9SICkhJ0b5lIaS4WaxtplVtaGl2+TPdtQdsntZfew7cX3ruhfANIxrK7P+uD465rUI2YJ/dKdaWS14dEri9MkqCucxzpyvDn/6xr6FMAbA1dBwAmn4Ai4mFXZlhyK9o+HsF6CpYmUllZl+b3//Ai/FGKP+LWqfzZZce/lLS1FA6VMd8Ia9rMMDh+uj+Fz6UVM7QyJ9HK8WqpSIBfLEKPL7h8msV8=
cqN2bYfRrUv4HcfJxNNwGyWAf1ILU+o43wWggE/g02GDfaO5eEzIsKNbC9o3QZcd5FH/H2vGU4t44XjR6oCr7trefXPCybL6h8EA+VKm7af0T9aUxtLPn+VoQSv3MnMp
cqN2bYfRrUv4HcfJxNNwGxMI13MfjmtdNmwGZ2Zt+W9s6+XRvBSJROet+f1lRqeNYFn3e9buql8Jg6akHXpPxz/3/yoZycvdm+Rn2PlINPhQ1jQdS7HlSqxbTJPv1ujh
cqN2bYfRrUv4HcfJxNNwG5m5AjoKtdlTYtEgJjNX3aSZ75rGXUxGADsjPSdmAdSzePdOlGKXOy1NouHGEF/tXdfyhB+ZPHUmVjnUitHVQ/ooK2PS91pgvDaOD35TUsAfV8Gpz02cX3wDGBOK6O1trw==
cqN2bYfRrUv4HcfJxNNwGxMI13MfjmtdNmwGZ2Zt+W9OUved7dxxpou+NranRG9n5B1fEoRqlOFjmGmFMSQGIUsXBAJAqYahkR5DxDBhT6RWJBC99pYrHLRVGPGvWfZm
cqN2bYfRrUv4HcfJxNNwGxMI13MfjmtdNmwGZ2Zt+W9Lc1nHX5nDytfIWVaOn0j4lROeFd7XFSUERA5uCHvdf8KZW0quV29UibARVoLB9A/QA/11Wy6w9MvgtXfl9emH
cqN2bYfRrUv4HcfJxNNwG5m5AjoKtdlTYtEgJjNX3aTnX33aJTVbPez4fi4ikgKxdeSWYv04DBU0Ia+7+UoE7dhz4KfQndrd6nPK4pxUR2Uin8yGxlOI4VcMvArv6I6BqfxUoJFljKy8yUmOFbHZVQ==
cqN2bYfRrUv4HcfJxNNwGxMI13MfjmtdNmwGZ2Zt+W8zHCpblHAZtelsbn2bfbI6NNQlVjFUADk3WY0ryyf8OZJD2Juz0Y19cdfllrycKhVU5xzKDr6Sb2uv6lByxVYA
cqN2bYfRrUv4HcfJxNNwGxMI13MfjmtdNmwGZ2Zt+W96gk3hHN6lwG1dMV9vHn/hLrESyVSUMbdGgNMAIrbi6YzDZsjQN9V6yH9laIx8VE6l4Z8OjkMX8IoD3jrXpwtqNkA51VZAIhGmUIsRotRJ3w==
cqN2bYfRrUv4HcfJxNNwGxMI13MfjmtdNmwGZ2Zt+W8VgyIIgOGkYXLrdNymrnR1TniKqgtpXE5vX5WrQ6XNXl4dYXjY/GFkl9NTZVjGgPCmd+IfpGP2FgIjVtUV3Y2Kj3zs0ZLxW9ZqcqAfSxtbDA==
cqN2bYfRrUv4HcfJxNNwGyakMxrVYgjWcIpX7OWjWHiChAUMz3ApLC1JwHsukWBhOYd17FN+fJQQhhaLUBYShlRKeh+r6a7ArVUGMcxU1Rmj6xWwltkSExIIb9GKrSXSKnhPGvm5BMIomGqyMWdmgOPVz6ujHv4KRObffxI6CJ4uB/ldoQyl1hxrHteeZ3O6vmA+K0Oix/+M/DwIcyT3IPUJVvhtzshpdKdNpv6vlBS5zymTPNA7be/hSg94NvNO4TGXApdQN1EDkTji0GQasxSRBNwjwKvo11d0+9WzMhw5KpTgQM6AJQ9lr9VO1EdEv5cn9GdptyIe8MMu5vrkb1cX9X3833CJNlqLYyeIhN6K39TmPXUNBp6Pn9T7CzawpnuaakZ6JWpcoYoX7tIYdVTTsdcL+5oNlswcDevAYE60+yKdUr2ljJrOf2lDsheTbIg03X2gN3aqvfmSlZNlZBXQ3zCMqxCmBEHMIzZe2Oe0sVwONXpTlh5HRSgWgzo+Ga35Ge/b1i1A4alvmaWOSvigN2ldYRKNxkUxqha157usU5QwVSMFMonFylYDDqtPMbkoKRUfyK7/J+p4bVIlVu15lEGllWr7VMbQuHPeVLfFyAG+EG9YgxOjudN5VjlRMnTQz9KuX/Z8mAPi3I6f2AGhy7BcNxD7yYAozk+W0tpHo+UUp8ECJinTF99PfUsajyzrsnIW1N/4V776iksuTq3sgnRHi6Y+5JO8kMsK3WY=
cqN2bYfRrUv4HcfJxNNwGxwcD6WSMviPaN+N0Eo4SMZfDTcknCrOEhKZz6o1/LZ7dzM4xKEAsnhT4Kd7XXFRJD3KfvWf2XWJ6gEeXqOqosQWhOSEZImOmdTBfXeDVsbH
cqN2bYfRrUv4HcfJxNNwGxwcD6WSMviPaN+N0Eo4SMYpd0TfCnladdlCepasQQwsyFB0ixbfuNk16JYTR4e99azps6uSAOT283U5zXTYKDYWSufiblVmHgcH4WVMAkzT
cqN2bYfRrUv4HcfJxNNwG7dkqWcXoOjHgYwAkg4bpWrET/WK5lpjUKVVLfyK7L+aFazlMs0UCutHzf/oBiaOzE/LPaNoDfA3jtUbYw51enGaiHghEvN5iTukdlUyWDT/
cqN2bYfRrUv4HcfJxNNwG7dkqWcXoOjHgYwAkg4bpWqowspATCSpQgDS1JtSDHaFhTwEyuvrCkPu2OFF9OlUakuJKfoREHMdjLS2yYWW5HdZr2u8h082Y92ku0Up6Ajy
cqN2bYfRrUv4HcfJxNNwG7dkqWcXoOjHgYwAkg4bpWpFOe3KGOMdyRpJGbYJiqEckcpMvQd9tmJClEPbjT2mO/WnJNEwhGhXoNyk5kiBArEu5G4FcZVY8kJBlBDAvmWv
cqN2bYfRrUv4HcfJxNNwG7dkqWcXoOjHgYwAkg4bpWrpH2eSQBcA2uMbbho4Bvhp7svf5wObw9C1ruxC32r9AtROgJI1VH0Qt3SZpUPH8zXH9ZLjrpGxPX110xLAPmK9
cqN2bYfRrUv4HcfJxNNwG7dkqWcXoOjHgYwAkg4bpWrbZDRx7hXAssqEWeyVVRXoPzDZH9J+oQxvy9gY0je2Rfz9e9MyPNE3wmv5+UO9He0K6q3kYhFP5Gxi37/ClbuV
cqN2bYfRrUv4HcfJxNNwG7dkqWcXoOjHgYwAkg4bpWqXnnksFFSJk3/2aZxjoZbdRzM86v21xbvZMhXPgTyEHIWCTE9G86+ccE+RtG+74WZZx7pTq4BdsUlSGdnC1aLM
cqN2bYfRrUv4HcfJxNNwGyisyIEXFBRnoRW69OzcEG/5/fvXghLcjssBs0/3Sz48dj0ru45LESYJnNuQCkj6GXk7ghlH1FqmtZA/KUl92hc+5kqLvrDTPWKsvLRDmgK58NTq0RKO1J6XilLBKAqkgBBuGTfTLPHLp1vc4bv3Mq3LZP291jg1sN+n6T9fk885qBIq+8eS/Bjm2fRh6J2hVKtt7iIFNVnnLmDO1v8XjNeJEQoszYopLp7ofPN9imq1pT4Q1WChCK4sM7JhSjtKVkJCE9U3USHIX07bCVOWSNA//E+n3ORQEAHL/j1F1Qcm5o9PbwOipflFr82FsX4z6onvQ8xGUPa6UuK+WxJcl8aPzATCmxuzKN1jTwhmaxvEMt3z2G2ft+fYVcLZYBN1y+rLRpZdShAPbcwxKKaGaHkKVVgF6ebNA7tT5JJL3HAvOxsdFjGEcfj09ALx3K/M2svYdFkPM9CMio6/u0SLzzIgSYN6Z72WMh2fqRyhof6oGA6RvTYJEYDVrIKPDuUbjOFZe6IbXbkSn42KnIVkMPHRFhJ/pD2cSfASh+K4hg2lo8+3SYTlDJHJPCT6vN/6Y7vaUtEVZziphkkk2c2SkyPL9kpdwrkQMQjD2O5fW2UkngcE1o6+3FdF1MMubEcYRV9lmS1jrzc9avI8f1n2Ex0B7zEfxA+S20drEVZzL4+D3tosQMUPdmt2csmz1i1Wmw==
cqN2bYfRrUv4HcfJxNNwG0OHzcp3yDIiS6LQ1AZg4WOAJyelzV24lja7+L++fPMq+jAgrzEWjAcDHHNqKNAav+TjgwDjLh6+rV/avX8hJ1hl2ZqNri6NqXpiwaRdZxE2EMWGughlIXpp2ni75p26twdFXiAqeNptHbfwG6DG9D/tOmd1/aOgMeAjV2rPF+4flLj0U/m30rqQXpQjH40i2iW+0N2kR2IJ32kju/T3tkL95a+KsqAPBOFmdAD8rBYpUThoG2ZHcuwsn8YrMDLf6IU/m4mOVGUxGe6svKowH6ICW3aeO///VeTjmqZfXg80ptSlvJ0gU8MHNT+TcYhrQgRF1VnEVMq3X4R2162Owo+UrVova7Fp81NHwW+8SqqQSYA3FaNLp3kfyk5LUG8C8aKQ16CjE7DLAfEXoArLT3uaLziLUAYW5P2HAd3+3mknB0vX3sxKjGYaBbPvkfo/4JutWg+RyxBCEAykey/Gq7uIP0shTEQaoZHFnOE82aevYo+cHQmHQ5WHyAKCnWVOWN4DbCwmsb3yGhkRAE33vQjjfuWyOik+yngBilKtKZgsQEr3jpjSNFUbejI8esVCoQ2+gP31bb0M6/2SEu9ZJ39RdQ9QjC9J5YRnlTj/rkkmvFOfu0tO0DxwqP8fUVchL1L8rkkgX2rw0OUZcNY6MjyVhoeLEaxJHgABbT9RBAZFpRuzKyLxHC1IISOlI5/C2T98qGdz1bKC7AGsr7v2IqQ=
cqN2bYfRrUv4HcfJxNNwG9ZSu7IbxDl2N9uSiDPIsUQB6+fBvUyEAtmrUqNasgw6KI3fwgcghNe7ZHg2HkuyuZpjB7QyQEqZKQSK2O2BHkS+PBqjNmKWOLiXIy+PXZLg
cqN2bYfRrUv4HcfJxNNwG/Iy/6+pEOKQBvOdHEDO+ccIZgU0YhIP8VyD2knefDVaQBANBKq9wsrcFmsttt5fycDmQnNLoWV1qjvDh2kPjACe/OTOAAcNaMVR/nJ+AEAY
cqN2bYfRrUv4HcfJxNNwG/Iy/6+pEOKQBvOdHEDO+cfOmXpNVRKWVmFdJwTi0ud1yvyp2nWFbZR9oJzXf6EKHUgz8YlIbxz0VIYrtTnhOwl2d0E5PKNFc2+fnpDtBf6+
cqN2bYfRrUv4HcfJxNNwG1CGyehMNI4BD8jJ3/iNbSfg8ZBRkSCvGsXuCql68DltADNFdepqeARV/dgpCpooqZoZLO8QulpMZvot4veg9rckwsosQSLuEebHtdTKj8mxfQVQE8d09rnrb4Y6OhMGKA==
cqN2bYfRrUv4HcfJxNNwG1CGyehMNI4BD8jJ3/iNbSdOWrRdcrcwDiOaVC6RrG+uJ7Pr6UgrcPLQ/Vo2D7umIAayNm8grLeg9vqOsmVbQWV6jW+Mset45Tk5vuQh3BOXkJsmNkDfNzxGRJyAVRIDb4uJk7kj7gGVXkZAsJsqoEkw1IbsuTeFuKn8x0TjPmpsCIogeEx+OPq8BukrX10oDAwbAp27x6Zk1GlGV3HnbncdHheoaJHbrRRKRbiT0GneW1ryulDbl6DpJJt7khtyYEaEND578Le2RoJDoTM+58nKghPZho3pPUlxtrn9wPCyUQdeu2AbDr1Gxy3duVw4b0JvFldTAdkSgYlCX2TGt5g8RXEzq/HM2juNL4c0hZeh
cqN2bYfRrUv4HcfJxNNwG1CGyehMNI4BD8jJ3/iNbSfjjLDq4XcoYWUYmkghYoBt909GLpC/5kGZhOBW3SvENBLK+0JkKzObQ+2z3MHrrnxt35YzFTE76NP7zNCIyw9pkFThMtBtJVHVZHFPyRKu8w==
cqN2bYfRrUv4HcfJxNNwG1CGyehMNI4BD8jJ3/iNbSdCnXr4PTWPe+4dwvyoKY9b/5JtdgE/zTqAaKjuZ1Fl/xA1etJlk8iarZE8Dj8Au0kYQXQrGl5aSrXoAM5L+QYRMJuxo/YeXnZk7f/IuYDr3KPvNTq213FRn6651/pPTOvkKIZxHuyrx6c80xKFapwKnQJXv4x9MWKU0iMmaOCF33L6FgPSjEwnkccHw8JfU9aWV2QJQRJ+mOv2cSarIfFBjJIhdXRvRIebbgQRSz4dhqPlEQ3JabiABpGnn9kqQivnZ3EDfjvFA4kS7cMi4RK6onPApASNOqs2ywYNtghN5pwR5JC2sO0SV+7UOTM8JKEstVJIdInM3+v9SDk7pVIh
cqN2bYfRrUv4HcfJxNNwG1CGyehMNI4BD8jJ3/iNbScA8luepZK/dhW1A1ic0uQ/X/XP61aaM7im5TzS1JhSxkUXoIalwxCb+FLcALa4DNJqiXeRkLT0R35n8onhzRs/ND9TT3LzSP01kJlfZcHmXuL1/gntYO1101IHZN7eis0=
cqN2bYfRrUv4HcfJxNNwG1CGyehMNI4BD8jJ3/iNbSesWKFP6nf8324kSmYkGP2YmNJGtomyfLNWpISTQLEkjagpKQ7H9CWxz5Co8ivbFsZ8ijK5zddQGGvQRY4vDf/uJnl2F1P2Asxczjb3Xk6XFBHmzJREL96blqC54n7cYVj6+nSdQ8UUcNKuWyWy21Yln/W4V5kn/4gVnpaZP8ZPSv8FynxSdaMl+rfyMEQr2jPp9Juq+AII2qnMUybiKq7ghSl9NFQOm/zvZwgkqy3gq+kAeQGPPu45dD2Tzi/8sXHclItpjYwGN++cWH3dyhp+s6WjFz8TnLYUkNrGfZMqz92/t+aA3GcO8a2s98we0yL+W1YwHEwybmREzH95j3or/9QfR51mBWMYfqKgVrcwtsPNu4QUuo9bFMaqHnEQUU8=
cqN2bYfRrUv4HcfJxNNwG14kv8ti9qdm5DBthqdmb2VtVU1ATpzGafdP2ScVChgTWeKMoc9Y49772mZsqblyCi+YMvjr9jyvnEyEWFpjVEPiiX4wwVnDbWZSqkjeAQZS
cqN2bYfRrUv4HcfJxNNwG8+J0Pumw9NRiTZltPecDhsMdbvacMmCzli3BvpxeFTraQ5Fo2WuV0pi0PibOTy3s18p9yULww/XB1u9apXIk52SKsnCWZh5zcZLEoKCnWgt
cqN2bYfRrUv4HcfJxNNwG25pMqOSfhIvrE9zOZSHpL0dxc+d58ptlbr7Eja+4Dlcoy0Ww6DiNvdKC9/q+BJxNIfhupmw9ADkr35KrtnZ+diuO3yB7eXtm6pWAYMpytTRJNYhKO7ewlnFT0Pr3kNUVw==
cqN2bYfRrUv4HcfJxNNwG8+J0Pumw9NRiTZltPecDhtN+hGbpMwK3qVuCBNajaAAVdDUdq7dVrngBs223o77DJA6nToNkv49myuPwf4tcUJkHRGm0/4BAxI638vXWYkB
cqN2bYfRrUv4HcfJxNNwG8+J0Pumw9NRiTZltPecDhujHuG7+KgbXjVgNd/Dj3L+Ni/esD5LwJ9zDQ9JHrQKuRmxkKL44L5IKlDT1/leTbcOTov7pVdTYP3m8RHeZAiR
cqN2bYfRrUv4HcfJxNNwG25pMqOSfhIvrE9zOZSHpL3FvlKfSRV1Hb3/4X9wthJCXfOa5IJfCMlY+WS+SeEE30P8VnuZJzm9r70mWa8+kzxdhl0zZ4yaIf+h6BfILx3Sm4jzB7YZO7FchguIN8r04g==
cqN2bYfRrUv4HcfJxNNwG8+J0Pumw9NRiTZltPecDhvrOLPyGKAT0RWgDzA9sKianxkV+gJCmz96zeCJ6vgFj1SjF2lJRZioYmDVJbsDq6uOY7QzOdRvMbFB6T4VubJZ
cqN2bYfRrUv4HcfJxNNwG8+J0Pumw9NRiTZltPecDhsK950xtGfN6XsICv4PgtQbQ+VNbuV2oWdGBR22/50OUiITCqsVDfEz1mh4ibXR86NT/P8hlSfrN4XF5PChV9hYiELk1Ns824HuyrlHcEopZw==
cqN2bYfRrUv4HcfJxNNwG8+J0Pumw9NRiTZltPecDhuCVgO5DhIrTJ6LSWdE3FlsSS1Y68a/gUj6K+a96oJSx09mCj3nGRCUmayB16r783wqgJbiqK2ZeGuK5zuKTIHct27AnOmmgleLw+/jvb55Lg==
cqN2bYfRrUv4HcfJxNNwG8+J0Pumw9NRiTZltPecDhsoc+E4I74yGsHNrR/7RE9nn+Q7Q0fcKPCpRuEbYypaYU3vp3yKz6ZQX/wJlXNAA4BTzLg7YZP1e9uLG18B8Lm9
cqN2bYfRrUv4HcfJxNNwG/9IiLFeRFeklZsYjI1nUt1kOZEVG4N9A1L61P7syj9AuF+yjdGSXRlnEa90zDt6c+NWfesgtvoOrN0R1YfChnIMJsomitvlzWeeGRZjPprfEbA42o93o6Ct+60smL9P4+hapB7RyvqQYn40T6Bjiz4FrwKYEBVYMiEOpJGFEnRT7E7kveiakgEVO0jQZ9PgPOR0hjShcaL02uNwhoT7ZZeafcfjxW9+mA+uBfi3gC519e5V7IvzjUul0WiDtfZjMTwmjlhW+Ij9a3wPIdpmfxrWEPeThWC/Qip37M07IVu4addsRW6AHUDqVyflgb96RARKMg+CatCBW32N6q4qjMkbJzjfmHLnVWhFTCwoGmbQutmiR2lfXQLIHJ7P+5q5RM3IL0v9eWeIxk8E77sCjackqQ2Ya7Nk1wNONnSPnDIkPzrNqnaGapklUkFWWQ3nXJ4y3hkzv8/bnH7hIFNRPNGxqYMbGTgUX4NhQyVsPAwiKbj5lPO31vyVfXY6ryGiv5IfMuuPMM1A5NZTeyi8GkflL1lmQRx6KfBFmIoY/EREJAp9ubp1YGXTJHCQdQ0vDN/6EE3flSAJAFeQOYZTWqxmWx1Mn7UsIkVk1qwdlcn4zqZzQN/ndZ4OMrkyOpEfqmEjr6dGvIXUYeLjoOFIEvqlFSUa2nKS8rAzirYKfxrRGWg4RxMx3lLwK9lN8etIciKnsBu9xdBdekYxmIlSrms=
cqN2bYfRrUv4HcfJxNNwG0H/Y2ddQ0+Tih8Rdb/aQ31tfMIeFFpLFVgxOWPdEF6XV9QFqp0YqgfAmsVJggahSr7lTYs/Lf4gMVUcM3a+trccpKR0Fgz7pioxTyI4ELVe
cqN2bYfRrUv4HcfJxNNwG0H/Y2ddQ0+Tih8Rdb/aQ33tNwht8+YtAJhrSVMgOT1Yyfpx3+lFS5iXKZAq5MFsgYBk4Ued2Tg8dnR3DaGFyUElQ+yxvfvY+TmxMbsF3oRb
cqN2bYfRrUv4HcfJxNNwG5xWX+OpONEf7BNjKLRAnwePu83t+xiGXusv6LOwTq8U+CRfAyg4qw0q2dHPq8L0Bz5ncyCvZlT+O2Iw2pLcE8gAAlHgpBxYrKGjWHcVCS+K8LClNnPUfD1rqww+lm821eHmnB8pBJJYsGzsWllB4gWu2495fC/Sy380Ae0msokUJ+js9u4NEzmgNtmT//wF+XNOcXJQgx4qWDbMzMHLvgmfXqHjCfSNbEslCl/ZvcRh5+WvIYu2E8MqvSkO3O6ceMdDQW+a5rZPyDKvwOR1RrOlC7ttVs4B6p20f33+CmnpP5xFoPMq+FgWwoNgDhy0Ye2mH9Vh0YvbRon4/tpcukEdx+DWAyWnUyw2YkkKJBmA1RlFHbXe+XPDb5ZdsacU8xgR4P3KiAwV4DnTvh+1k5AoPTGKsQ7dhGEF7EJ2guJHiBYZPepueUZigR4VWH3Z+NV+oJ8f1+2qguwpYUDfBpgrBDSEfXvN6Uvkxdra3n9XOsI5BBzjm5uOnvCvv5EprT9/lngay5T3pkUcIo4BZdQMAa5qzlqm9+lXql55/OkSXhceEYFN0QyGqyvnf540JPrS962iLpFEGdivyHUI8I4YsXmAZboh8Fa8ImGQOu4imJfR5BJLDHUH4CqzzuMQl+Nyrh/WnmKQClNsm0dtUgW9IPHcEeN5psXgYOjwdpKy2dbwzM2Z7Ve1BpVPNXh22Q==
cqN2bYfRrUv4HcfJxNNwG58Z+Zh6bD7cvtIFEkTQ0NLC3s3tVtZwm17N/0YdX/Y8uVRoCJzwT4eTJY5xcJHZHg9kkwVENGhsLSrbNobUhEOc1A8lp2/ZV/+9MdH3wkjoy1XTGnmYIB6VG1pQDL5TxUh2F/hdFDcut0No4N9ptP6YEq6z7iAFKbhDnbYJZfgsXway1ImufC3GPGzF2r5YFb8z5C6er7bZwVoxEzvKFSq8Es7bUUMYUI5f8P2lELIbbtI1o14ams/NRPP5zl4o4vySX7bJNMxa0P9Y4Q3p4g9sU6sTcGcjFR1LF1cLRsWB1rPmliFy1xQeJsikzSLyxAt0rn4qntnMQJ43vdfX1BwE/6Ab6u6OItYAAVKijqNkY9/RkiWyeGgQYNRnmkfuRA0jS9DWWiPupFumm2CJQK7UZl04241cjJZ4BBYVHqWcEqNpFjG3dCq/uM9O7QmccF/j1xRYiGvIgEu3iEZCqqvAPYG7B8tBrNtUmTc0eSJ1N8+GMMlINsmEyocDweSRounAj5+RRXDdp4qps5xKaJau3Blp/ivV9wDraJeo4n6AH1URy7Glp/ewF3l0PTJNd4RkZOCNNDMJXZChSSwp0z4MOQSSfxBcTU7gNJICt2H5TRIWeptEU1ghyimzBnCmewun/1oNrOOxYPsQMFc3nHMHVhDSsjmCGuzULKfr1fgC3RFm3smVaTcoDCpz3N2lgXhSgI4POk7m4ryx6Nh+w/A=
cqN2bYfRrUv4HcfJxNNwGyghD5ow/m/JbPCMYikU96UFSkJCzVKeKuwCPFaml1TGK8BEObYOHqNVOOQh8162EdlVvZBZu8hgJlS/XESUkpmcYW7LbpANxLhfQ55R8DET
cqN2bYfRrUv4HcfJxNNwGyghD5ow/m/JbPCMYikU96WidTpGfAT62SnkMfbXibkQ48mfqljlDUinWBolUzFZLf3i6iTocNHtfW0NQJOcm3fHT0h78NbT5mXLYi5L5/Vh
cqN2bYfRrUv4HcfJxNNwGyghD5ow/m/JbPCMYikU96W46ZcbcgrKAd0P0Ou/Q9F7cd3T7pmFl86XQRH95+YnoUGb2SPSIUO6GUjePco1kLibWLTqtXq4kNRghoDfe2aO
cqN2bYfRrUv4HcfJxNNwGyghD5ow/m/JbPCMYikU96U7a1hjlCkND4vZ//PUxVX/E8w+JBwil1QQSlEgZ63jifFsOf0YizIJK0MSmhniUWe20bh1fgc3e2SeEN/nf+q9
