GmcONIA9PFzHw1gpPLLPoqev3ytAH5KO3S/CJpMsylg=
35kyjVfwBJgytCi6KM5Vug==
FNt9orFfFSbPIXNSbXcP2Q==
gE2g7VQeqq0h5MkG44fPUw==
A4ZCFW7RnVRfEnbtNxUDb8VFIQmzxcIFLuiIjRY2q84=
cwgQW1UgxyVfBeSrdwXHsPE1eoSAri+NViVSjTYe4hg=
pYn3RyiaY4vz2unSybTHuw==
mAzeFbkWBGyzJRgEWJSZYQNn44wFaguEUnqkvHVinQw=
NiGef/LGs6v8Em6sqLz1GYGKB0111uCW/TAqgkiW0+w=
2lfNnhNY+w/3xMaMUxJbE0YFT/wvMlSDz8Vrd5FEs18=
cqN2bYfRrUv4HcfJxNNwG/Ed6Px/j2gMT5AFbLNeNLKLmCcyV5DjMQbmdRuD9HPnjw+vrZDByNVQjaP01f83cJzyj1yWaN9Kr8V24R97vBRZh2RAxHVmJuuw1EPvvUP9
cqN2bYfRrUv4HcfJxNNwG/Ed6Px/j2gMT5AFbLNeNLKYZ2ZmVGBub1mmLi1MO2mEhTZQkxF6Z1baOUg8p7ywkY3Kaqb2SP6dmp9nWFlVCdwVGIlSRzAZ75i+nDVYSWb1
cqN2bYfRrUv4HcfJxNNwG8l/QbVPkPaCn2t74Gt5opb6Ov4gF8M0e0sTnpQV16uP0o1XgrA75JIWcBM2FJKZ7fcaoe/uYeMmErPOtfJzSGrcJo2ixSUiZA8FtW4e4PqGPP9bqruZmGi9gnxy9y9xHA==
cqN2bYfRrUv4HcfJxNNwG/Ed6Px/j2gMT5AFbLNeNLL8QhQ2GEhTDD8v9FZHSHmO/evgucyairLWCDyTim32BBFU3vSOs4OZ3JdWjogycUmwoB3418vi07uFl9+wUhZ2
cqN2bYfRrUv4HcfJxNNwG/Ed6Px/j2gMT5AFbLNeNLJoF1Aeybt5A/cLHsJ+VmOKMinNixaTDGmWT8vDt9TPr+5EHY9tDGsGUTbz/vQEB6AkFcdiUvr2ii9uEMk/2+h1
cqN2bYfRrUv4HcfJxNNwG8l/QbVPkPaCn2t74Gt5opaW1xd6/yk6NcPO/xW3cg/tIMxH/lQ5jRVPEH5ew4UWC862upiSkVMCMyn6EH7mBgkyjO1f65UPgTY3lnTFOuMby2mRGSEVhUE8HUSPSf5AgQ==
cqN2bYfRrUv4HcfJxNNwGxowF+XrnpI9bMR9f/4uVdN7EveT/jBwVDo//x3sLXXy4fmRNe0Pp1Zj8fJBM0TLu/4eMZ04WEdKxy+EH89ve+O4S76k7KyupzUAfieJaMh5rbaeiqOmCUijXTv4iql0fw==
cqN2bYfRrUv4HcfJxNNwGxowF+XrnpI9bMR9f/4uVdNUstxy8EFhL9xQWHZDeeqte/EB+sEFCAz7n7MKzaqn471C/RjNgx+P9d3wDcER0OWidzLyK2YyWneqrzmGLNKRGHKdg1Jru4v3PD0pNcxCxA==
cqN2bYfRrUv4HcfJxNNwG4gOwsKDEpxc7DlmniCnsWhwNrK2/XDTbVrjAPlr8KugKQAM9LiBI5aPpT+sMOWl62hu5/zW/JVt73ouo25/30JwPVZ4fCCxSv1oJ5vSnznMnTU8dsF0Eotk7y7Fn29ljOofk2bI7hsNb/MfMuC8yQtFI3/66p1LQdEZTUglNtW57UjwRdHuxMSF+DmgzRhbVBGUxxDbwSU2ldkWWQKzdv2SYnxiNGU5O/zuzJO9MPM+sxsEmFXBH07m7xYlmo0gucPMuZsyS0d2BrTv73OEF+M7dHxBNVBTo53Zt23lLph03+mShCABVwC6aHwUY9Tn1Gc3TJW4la4LVsDNTkVUy2lIqSNB4EeNSJ4OH23Uau8+0qGHjC3OUo2gZLsCUdaHRHosH4v54XIRFUWmXsCYvssG9EsUqUD8eodAbX0o1ZjCpTOqJiEsHIVChMzqI1aTFreq0+gTlk2OptcamhPeuH1Uubydh21wCEFvq6x26eT3KrzhzvTQ+aCo8DxDbJOtMf+HLNTBymlcp4akD3Kzaa54t15xwBaWoAo6cUW6yc2jfC9wb3D9y34MBorewvfttmJ73hYsn9/P6a9hkPpcExCUFQqS4gKBmXMhkgb3+KNTE6Wm08fIgxB9kU7tMBtLmuiKrAxqd2asLQGF1lI3CnRZFQZLu2nXiyXi0qx1aogJDpVmIHWsg/cZX7WVPHL308iY+FrJQFz3sllM2RRwG8w=
cqN2bYfRrUv4HcfJxNNwGwuTLE85V9XbAAAqfKiYisB5Ss+MMPfDll/s8dEfiuNTrFv+LfdS3mzXL+FZjIDuo03q7Wbm6M0WVh7zdUgDKBjbre9+o88tQo+zvR6xnS/V
cqN2bYfRrUv4HcfJxNNwGwuTLE85V9XbAAAqfKiYisAn6DurH3Uq8wWMjmiA572wAcJmHu9VQFoUwYZ0yuY9J/ELs9PjEMlyphjFQJrxP9OzR2x19HJIUexy8jpBFgTI
cqN2bYfRrUv4HcfJxNNwG8X51STMc0GvN+CygkF6oOPjlaIysgrEtXoAxltDk1Yei3Bnxv6ZMsyJ3Hnk7kOrO1vSVqmwLTM5HzqAkR4FPI+I6F4Gqa3LiMsMUAlXLsX86ioPu2hu8m04KHiIOi+4Fw==
cqN2bYfRrUv4HcfJxNNwGwuTLE85V9XbAAAqfKiYisBeEQpKpQDWMpY5k/iqlUFo15qLVmgU/Z6Zxb/sp0Ky8Qri7sSHDcGbQBFHbrtx4tPN+0WJMq/f1a8dHttcnTKE4dnP5EnbqLZLXMwY39OTYQ==
cqN2bYfRrUv4HcfJxNNwGwuTLE85V9XbAAAqfKiYisDfsm9k2/i31Qe7ZK49lizPUbJ7TKhQavYR4ZAxoWSwZ1uCrUo8nD2sbHZnhY1sK9rvK6JuNRgiaJsgrxLkvNKWeIeOxkDwHUPLS9aiGZ/2Rw==
cqN2bYfRrUv4HcfJxNNwG8X51STMc0GvN+CygkF6oOMWtM5LzzfFBPfWMAEfPoQHRo0SS521HyFtj+NvuonxkBlDtg6DdFpSbV2IamzWQG/ut9COJE2h0mWuoEEtsUfxpgHXWnzOUcBZvGClBBcAOg==
cqN2bYfRrUv4HcfJxNNwG8X51STMc0GvN+CygkF6oOOpfCla/ccxtOtZaAPpbLgvz+Q2mRg2C3Iy1/22cmZdxRcdkD5mmk2c8delPPwUI+Bl/LkZUjQ9WAVkxN3xek7OIu9u1D0TcG5Mp4KGhEhx4q195ULg+d0k8E5G2RqphXLVmwOLbRmc5AM8nnuyhg4t
cqN2bYfRrUv4HcfJxNNwGwuTLE85V9XbAAAqfKiYisAPQlXlwxrKI39o4+L728mBSKblTiVfNtT+i5wb28v6buY2b6CdgBSySeCI2FChlM9ZT2jie+90CQY+AgjNTJluWTqw7WMLjwe7hXjyP6SVjQ4jVNilu7/Qo83ckKIwd/8=
cqN2bYfRrUv4HcfJxNNwG8X51STMc0GvN+CygkF6oOMkpUzemCPpLIVQL45qJRA6eBfmhERyFK8LUGW6bmesJKCsuJ7rlEGDZyi+93rrsoM=
cqN2bYfRrUv4HcfJxNNwGwuTLE85V9XbAAAqfKiYisCM7DvGoPX7It9unrL3gpDTsZytTciBn/NxfjQ59JAZObp80iaHIvUFROdV0qOjo9hfrEkWO5lKtVfiV0asqJLg8EcaFC876Yc6ovLgxurSZg==
cqN2bYfRrUv4HcfJxNNwGwuTLE85V9XbAAAqfKiYisAyfGTsrX6SceFilmrtpMSk2eyUzqqBC4Mom1MP5OGQW0MNw+tvUdC+IZtvCoAXJu2KiqEh3kACYlSnIS4kvCI0gxXcdMbbkO/niIqDPTkMrQ==
cqN2bYfRrUv4HcfJxNNwG8X51STMc0GvN+CygkF6oOMEn19S4ldKJ93F8qUqoS2bOerjEkoPLhdpMcr/ISz2HvJyXkRH9iRnjxoquvJkNABHk5qZBZ6dOS7TstiLuKpz/Fu6r465EwXGtLfp9iE66w==
cqN2bYfRrUv4HcfJxNNwG8X51STMc0GvN+CygkF6oOM8TdEcBalkewWuMMx3uPcvnFb2ioGtdBlOJecDVYv28iMEOwL2g74aPBixNz+P5VJpwRDz+KSMXjGrcOz+8fePpFAjYD30tbuAeQ8N0h++hOf9glElW6x1cTF1vfEPPDQFfSwzyFck/zdpRRvvoAxZ
cqN2bYfRrUv4HcfJxNNwGwuTLE85V9XbAAAqfKiYisBL+i/SAPBLGmTVqlwenJmc9kri0Ejyk6iWtBtUmqR9cPcsc8D6Af/8iaHrn5PfMDRHXVmrFgh0zD/zKAD+NFF8pFrbm7T9uCtaqFXSy+Z3kBQk8Z2wwPGoAuWgMNCJkr4=
cqN2bYfRrUv4HcfJxNNwG8X51STMc0GvN+CygkF6oONUeQz0ItRZPLQ6bZEg23mKiI1QItrFBhp6v3h/gzdp+qjWAlu3k+KVuSgVJitKfBE=
cqN2bYfRrUv4HcfJxNNwGwuTLE85V9XbAAAqfKiYisChC8JrQIRl3u6674UN0t8XITVLRUibbSEpqXDOwietSE+KT+NUSP96S3/W1pomFOQVmleJUMJ0RHqpRaj3hI3yqfBd1uy/gzonF3+di7EuHA==
cqN2bYfRrUv4HcfJxNNwG8X51STMc0GvN+CygkF6oOMjfFJrF1ymvw5syKxb4qqVGtb0jGAKlH/01fsQYU1xl5mXwuviMtwSoUagoF13P3i6knWX1BHQcDKB2UwUtISwB52Pip266ULNqVuduymM2VlzbcmCvE69SDPf39G8QKdoTYdHlpVBUbosvrmwkFSDbfr+3TbXNvi+qdCQb3f8XojkG/g8xMZMznjPoLFfTIRTuF0zGhIe50ZOF4tw57kZy84aK/KuwKlmRIQ2h7RW/c5u4D8r0QVQHcL8ALIjUvhcroom2yvip6VmtJUYWUeBXWRDq8YoP7kmuV81d75OO7V7LHfOrSqPj2OfpbXj4iPQbcjfStSxTGRhb9EYxxXC
cqN2bYfRrUv4HcfJxNNwG6G/7TIQeVsyVvJ5BE8dgth5C9m35bP/hz2rFywFlFxdBwT1JR9vU4nFWmoahw/La+ch5pDfz76AEY5S1aICenxkDgp46yG6ipW+utGWyOWz
cqN2bYfRrUv4HcfJxNNwG5D57XY5zoXZc+UIdnnwkg1Rm9z8v3nIf5AqHcurO5btbAA5tZCbu5YRVV62JQes2r5p5tCj96PyBiHTB7ez1/aieKloyKrn8DoaGt1kiM8/jltq5IP0/R+XwGnnshimDQ==
cqN2bYfRrUv4HcfJxNNwG6G/7TIQeVsyVvJ5BE8dgtj9KWam8IrA0rITJ50vqRg9mrk8uhpvGkOo74wnUthT+XHZ1yX3gO028jlYl0krC4LaBu8AxsbN02JVYTanV8AU1x+vyhTgVpQEWo6/mq0GWA==
cqN2bYfRrUv4HcfJxNNwG5D57XY5zoXZc+UIdnnwkg23gbNQZ7UZnFOZwOnPYSlYZPnZ2eMfwnGbjcdE+ri981YhXIGIzmMSyxYRgEVlTUA=
cqN2bYfRrUv4HcfJxNNwG5D57XY5zoXZc+UIdnnwkg2U0Eli7BhgGxAaa6sPCL+f8pggIhYqiCMOzQNzt8SXCc0uVKtcwq/AoeiZ7y/0oHJarEZ7OSRxrH4tKa+uLppehbC/7hdy9Un6VkMmZYL4wbI8ULe3xIQ38Lnp+rKwnLwzO99gHQvW71iQYqEXiK17UK+pNJykUK1QKcW+ACCndqOI+S8szIHxQmqDNgnEx1rf4Tc+Q4tLbCOIwWr+PkIE/DII69xzbU/U9ztxnUWQx8Scrd9ck9zaIeC8bsQ2UB7SEJkcBeKjO3i2QS1kNt7bkIKKOf38Ucpr9UAY0AYqF8L3HVs6/wwKyc4oGko9hhIjJ1MAYwgWhTgF2KcT+/4m
cqN2bYfRrUv4HcfJxNNwG5D57XY5zoXZc+UIdnnwkg2riXZVnFcUrnQNqm7Z2MFen2cM99IH4KzTmsjsDnSySvxwWcR5VC7eDt+oArawHRw=
cqN2bYfRrUv4HcfJxNNwG5D57XY5zoXZc+UIdnnwkg0gOkeRAPoFosOMOyumE4MXNXUPt8NCPZ2+tNjgDxRhqQhVqMgKvd9fvLOkI1xgB7/ESjtkbXDBQz+nGNz2uyiqGI9xpiXpj6oSgFWB5W87Ol3iT2bAJ5JYvm05SfgS/XRXvmoUNzkFYtqOjjtjYabsucnMLLJmZa8+3YP2gshOrHbItn2GofO8XSNjvA3736s8VFtQbBCj3XB6TLP6Y1xfExetI0RZP6ZFthQNbb7eD05aOSl8SoiknZHaR0bRpxP/7yOrPNdmpQ73GUQUZGXykmw9zQkyuEt5B7+jv4nVbvLV7LQPbHc7GkDHFzWy2PzDBCTGgcW9BDXP0gN3EFa9
cqN2bYfRrUv4HcfJxNNwG5D57XY5zoXZc+UIdnnwkg1IkW3pP0XNcTd082z+GKH/c8XCnszIToMo4Wf4TY+HGrfK7HzLaQ3hCIxUDDfQptane3PygLSI2CltFuL3ktbANUbJ2Ulwrtgr/mGmV2abjg==
cqN2bYfRrUv4HcfJxNNwG5D57XY5zoXZc+UIdnnwkg1IkW3pP0XNcTd082z+GKH/c8XCnszIToMo4Wf4TY+HGp+t5dyEnLOThmp4VDFb27iPFKx0ZzSsqBsgxzwtk0AOzkHo+DWUo2nty0NKwgBOaE2O7Ml+3hh8qmVENBBgwgbksPwfN2w2f9cG9IvnZj7XAn8RhYfA2WZoom87Zvdb8GwZnymD6+/GtbGJp9g/3o0lgSJoQinr+aLMTakhU0ZzV8AWamXMXlEiBYFOJ31R8TDpNLo9fnFxxunL+p7cCTavulSJ+EJuPrnwecJGE9AVUaEmPCNvelxG8e4BVMclQxYBaFzonh9G4WCmZ1E2Tpvm2ou4gE8m4bo1K/qUu9Oqg49+a3nbm14ZkgmMsTvtIA==
cqN2bYfRrUv4HcfJxNNwG5D57XY5zoXZc+UIdnnwkg0BVL8yZ22/TGxPcizvlfnYrAcZjEPH1rmv5PS5HEfq3lH4sHsYEs3dNwS6X9dojFXeppdmfuoKUBiZUeQuNE2TAWYR5WOc7s5uBXeLede/oalcMJpoVQkGmFbWe7sZDEj/sumyHw5tCylU8RbFZaTi+ht3fPam+rlcQmnIqVCgp/e7ONfDzwCIbY96c0kBZICMaAdASkD4RGjE7vktbkgznZw0xVz8Hp/O/3X/gzH7x2XZBbTzgg4aSBLGj96eM+//XbCdGb483bor2G5gorjSHZZRIyko/p5hMcUS3M00GrMBlsTs/l0OeT55MmVjLoz5slg0paIW1lVQNTWZbON4
cqN2bYfRrUv4HcfJxNNwG5D57XY5zoXZc+UIdnnwkg0PhTyc3irNzJGdSZsUFPrtXx7q8idgRkpph/gPWlvVulwk+pMo8VuFZAG1O+9J19LvyBISnqCxiKWD/ZNqynos8MjbHYl7gmWu6SaQtv7pYA==
cqN2bYfRrUv4HcfJxNNwG5D57XY5zoXZc+UIdnnwkg0KEHtJJ34xQE2IwA3LgrEdsEGHa7AOKB3UAV9lPkTHDFShvWo0Iv1rEGd4vpf90/pEXp82KzuxSblD8yGBEklzPoURx5JtmJLOHlTmd22roniebAZkXkIuqOo8wQNMSxnXCwO1EmlLvG3VvCtSNHABzNhtFvzON+NtUxhCu8+DHoZVyVWDRaZz850gkp2tyALDOZ+vQzgDQ/6O4kvNaa5hHxgVtdH9ulNgqNSku5x5ziJUER1e/BO1Ezxw49hzxCnZFB3QtmgzJIwzT7p26djicdCkbZgpEV+jUxqTjXI84X6byd8yNSFYFuYkzBdD712AtTswqCc2uMDrGiLktlC0A+P1e7NOmEIMVVaO8tixYA==
cqN2bYfRrUv4HcfJxNNwG8OH8N4G2sZJX/k36HlF9JIMmv8KIJtMgRcorbEUroUhoK41QwrE9aFS4C+bqXCo2nHjFe1LWyUB/luTI5DL+pLRP8HBxm19nq9zubgLbYaG
cqN2bYfRrUv4HcfJxNNwG1aXEPspM/qCZJALfe40Uh1pvbb2PHb5sniOAPFPMm7GnE/RVNxCx00Tsp1hcE72zNMb4TQtZjtFIBgQl334eGlHYqqF5SEO53FkXkrEpK8l
cqN2bYfRrUv4HcfJxNNwG1aXEPspM/qCZJALfe40Uh1eEJHeVgEXzLTj9C96eAyauP/OAaZCTyZTY44L+0VVX6drfGDK44H+sEHNB3NEF/o8SwoskwXpgNRlwXFPpQl4
cqN2bYfRrUv4HcfJxNNwG1aXEPspM/qCZJALfe40Uh3C0EhrIpRE3BSaJSo4tkwe7oCFpw8lcfMUDr2HdStnX/q1QAQf+cuvM8lZvPRgbRZ1fVCVInsM5ZCYb/9u6irW
cqN2bYfRrUv4HcfJxNNwG/EATgDoEpCxH9vvC+Hz1s2fHPq19fTE7kGZhkQCKTaw2z2G2Y38tO+UQiBaZxT1hxLfLat76a7SeUyBDQXNcX5hPTBsg8CIIgGI6RtJ6WqL
