GmcONIA9PFzHw1gpPLLPoqev3ytAH5KO3S/CJpMsylg=
35kyjVfwBJgytCi6KM5Vug==
FNt9orFfFSbPIXNSbXcP2Q==
gE2g7VQeqq0h5MkG44fPUw==
A4ZCFW7RnVRfEnbtNxUDb8VFIQmzxcIFLuiIjRY2q84=
cwgQW1UgxyVfBeSrdwXHsPE1eoSAri+NViVSjTYe4hg=
pYn3RyiaY4vz2unSybTHuw==
mAzeFbkWBGyzJRgEWJSZYQNn44wFaguEUnqkvHVinQw=
NiGef/LGs6v8Em6sqLz1GYGKB0111uCW/TAqgkiW0+w=
2lfNnhNY+w/3xMaMUxJbE0YFT/wvMlSDz8Vrd5FEs18=
cqN2bYfRrUv4HcfJxNNwGzK40AUNmSf3nF+ZYDz+OOk+WmTabtg3BNI1mqO86v8z33vtJsGY9kJqXUoeMLhO9tuwcqbR5rfN062ybMxwI0wsAz09XiFaKKQNlGt7xdgN
cqN2bYfRrUv4HcfJxNNwGzK40AUNmSf3nF+ZYDz+OOmOOJ0BQPP9AyCTkv1juoGc3PyVUbuv5eswQWsUT0l/Sl+NGoDB7Xp74chaEh4gccNbooG7cVxvl72wc0Dr179m
cqN2bYfRrUv4HcfJxNNwG0DC63WFdSaaQCSIwty8hxxZ5PiQ/WtpSWgMuoeai/UStI1G20EybFvNG03/H/YMPtLIRsgNk0CDaWo+Qi70umGMZ1TUUEVY9WARV9otXgcc21XFbgagmsoxs26w0e/4FA==
cqN2bYfRrUv4HcfJxNNwGzK40AUNmSf3nF+ZYDz+OOmqg1NjTl8MGw+cxxmpNF2j/Ztm/fMZ6+fAjVCwoJV2EmRQnkG0TlbJIyHsBiKeizoU4bZzkoaB6XNH+STmaOeM
cqN2bYfRrUv4HcfJxNNwGzK40AUNmSf3nF+ZYDz+OOmbnqcrQEyOwq1yYCAa++9+RDUP8ckqXxf9rTEQVpIlGdpSVl/DoGCL6e00ap0qHRfgOrawhiQ/HFXhfpuF1PlLH5kEV2KIoCLUOkrrJNiW4A==
cqN2bYfRrUv4HcfJxNNwGzK40AUNmSf3nF+ZYDz+OOmSAy0FSZFx58Icvn68N+kZAbXOhSEnKIxLbIkf+WTY1AuUTnXIreNN1PDPyQKR7h10x20U77mtslS/ihFYtGyk
cqN2bYfRrUv4HcfJxNNwG0DC63WFdSaaQCSIwty8hxxMfR1cResQUt3r3tN1cMy6gYQlRogLmLQRPJ7NSQVgKyWh1vIabcz0RjXKv8z27rKwd8pw9qg9Xnpol5pGOWRkPodHgrUVGePWZqUOsnbyeQ==
cqN2bYfRrUv4HcfJxNNwGzK40AUNmSf3nF+ZYDz+OOkQavaEiCB5zsuITsuti+0p9zZc6frmGZXbJQSFsIv26O4GY7JsYBYOyYh9WBMwbjs8wSbznPtTtvqdaqrGNCwkBpZ/X82qztXAlN4f4IuaZQ==
cqN2bYfRrUv4HcfJxNNwGwNbWeCmsRH2bjsUwD2gtc0T6wMPLZQZXo9kHx93bMdekZ4yXxolMuIqEvQnkZr1qCYMO1lJJa+R0o6QfurtIPpWM71J8ykcIWVURtuZs3soVWEk/0Jf0ATUVrJQCPthFo8q8ZeTih4r+OHR8K9jRdMEd0HPN4AwLiIh1BClP3yFq24WMdst5DNAc2VPNqx7iQrn2Li4AiASDrvFNahGgim1h6VSi0lVmTDM+ygA8cQn+HpDZmNOsB1l+U2Wfu2TujTHI4uoFt/nX3fGqY0V5O7+KrfF6LBC3ADbrdS7otrzl20cpnCR4VYRfPkjGhvCtJO44VJ9Z/WcmdW939fZwcnfD/82TajLv3bOjDHeGz+I1KyHMah+p8kKU6MbK7e5l4356SKbcpiHW2e4EY7Jj/uiCbCQmyBuOeyJ2JnBVLOUYivkH/Yh0C5lFI+F7Wej/uK3IQ/+9TPc+mv0HUi7jxHNpDzfPILabHXDaPpcCxY4Y03wyx3l0alJLLnf7ZYkwcEwyViuMBD+1I7hS5UrMbyYMjRcuvC6+lBYyqgIY3Iq65Ao8PFE4Oaq3USoJV+K9ael+YpwJOoDkla7sjyqzB3HL4GTZFJorH8NqmMAYofdf3v30wQv5omYbGvruMsHPE6CNX+QqKAQbzL330JY28dhkNsVC4ASbQ+KbP4F93xTz1J1WbgWzJ3CMYbUxvHm8RJqRKkZmiUf1hx3ra/sD6A=
cqN2bYfRrUv4HcfJxNNwG07gTKmtVmQEqx3ybUxM3mVZ9lKohjRjwCHUS+bkCBQ2jmqhDatSO1+Xleq3rCm6OgHOK/RjuxWPrBDagrUWQgAZoLtuSjTyuzSyFc+rxWAg/jH6LfxDpip6znkMSgty/pJAxeQ4qYY6Y8ejB3gBRWo7zKk63pXp00fsLJJdVzCC3aohUeOAm0HIN1G6SZ6KRV/rcZ7nI8IniJyjmfwU/lgINGsMBu27jWkQsUoJeWV8MjY+Z6NYGVqhzmb8ps6F55S7DUdT7DwHE3WA1huHE1Wom8jn7NRIJRJ7/iOZPbj+kWB8ChQiWXhGGTZtIebq+1K5ar8hQdAq15LsgxpaI6HLI8dwZunQKN/aekAlGwxKpTsGqTZ9tXzcKSpwiC3Tfnbhb1NtZswecFQB58jyi80oqd58UmzJG2Tw7jLAX9rjcJs2g8bxH3KJiCEBARM0/cBLoNzSTKYP4RYOnSXLk+mKCVKlSouMKBF6poromR+3fHT1Rz+sMYxc/0IUW082AbU3hM9SZUwaiwJGYy2A0lHVZKkJ2KZ7PxmUsxx3RyaSBgyXizQP+4JR8S8eiGVDEFpthI+e+F8PTkiCc6gYu6or+6fEA+s/HeeJDnJAIevVLRh2HWneCOCGqnFaPxHwKzPLL0UWvgQ08XtgIQYCV9nFF6cKPrm1s78d3HyKPe/R2KClluCy4CQNEj24P2nQOw==
cqN2bYfRrUv4HcfJxNNwG7ZE0LpHVnBKU5Vepq6HtWQB4uaGeaiJF+f7NpBu9as5I4fmXPb9wubfmLFRM80yncetu4zX5jRECTXrHX2n5yvkFo3nF4kRBBOWvqeN3HWTLcP2EI12rwPj7h2R5I0qvm9/9dNnHiitIazMeDsFueJuKCu/a6fiJ6siDcN28buUXawnC8Audtfa63KkGIR3M/bF2RuSbeA+f1IDSJ/Na5QRjsZOndf6MSatfMRWf4Gc2Uy38JcZc9cQ9h3bszgo8bqQUBkBR7S1rq1/QkBAU8b5wQue2gde2zEhBhbMpJ7m3chNm/ano4Rcxacn2njMtBkrrVnBy+ok9dlxX4dXkjsLVNc//ziUl/Q0FWDqZj+wD5Hg16Ahhl4I++JoazZ1JymQCXtS5IHoPQ9AYpGCOnRROOH9I3y39fObA29UvBirQe2OpHTweVjVsDyAgeEl9KJrNiIUQqZBVbeWzXCmz+MHq6YtLzutUF1Gks1mbWJDAjlbJ2U8roOvO7joJ3QTgAzm3N4BkcReZPvsYisSJyPDtmLOI+ArGR2EhN1gbK9sKh1AwVYcw5evgYtO/iTdYSWxCaFqYY/Z8cxkA5PlxLpOq2kF1Wb/34KrL6J6llMye0+IXPXQACCX5Co4CV0s6z9hdtuF/jlRi9OAWzWRSVzBC+qu2i0B7wMw2K6Q35ageihqpjUXogCifnM51lqbEIL75r+1aCu7IM8uby6hAJI=
cqN2bYfRrUv4HcfJxNNwG0vVSYXJppNDDtbnyMeGvi3Cnh+48HA2uua9OJQGA74xsu3ligbJbXUFS8NtnUYGQpx0QvV/4Irh70MzU3/FTDsNYNQDWG6iXz8E/nh+cr4+xVVOV5MYFZUwrGJdHA5a1AjpBc7qoK1oMf3ckjiQZtyOdsbeQIn0+tJjZEUugZZlIPowlC3UFxA3kOPrdPW15hAh5L2cyptb42Le2MwoA/7WlQC7d3kEcyLZavL08/JuO+1Di2w0y4nSHIb1iy0IaCPTxK1PxAQnvU594UKkQ1Bpztpm6ldPMXnGq1q3TNwuAD+QFkDwfHIKxhz5yoBiw83TAG5SA4YbtzTUi8TJ/DyiPshFnmEd3zi2nXOC64ZplNcolCbFnnbv36lFUYckzJHrfjvR56YBJPyQkADImUMqfF8c+2TH1ZujJYU5zP6HLIiefjEn+EuzthdAJjabeKdeJJ0kOoLc11/ClOWxR7IKiVqz3SR3d1csFqKkKDIMRBNr6tT1xKwIbmanqntqFTxWG4vP60MIclKZokcQaFW1EGofjqzz2pHGWyuNDZnXCMqR/Cj3IpSpD8sQYzgyfWJpeHBmxplotHSt4KoawyCzOAJYBP1X/n3W0dmu3KCy/3ZuOweKT5PdVTjqXgnOH3YMcfN9+hR8+jKorLJcerA5W/UmxwoX58UNpHVOM2ez5hlenQ7tLju3DoWv/8Yrdg==
cqN2bYfRrUv4HcfJxNNwG7pxJktMINmgG9g1564BE7sR373xbDm3zDnqcrUqcGefjlAheD4mJzWGMTuWAHh81A2uxm/2UVPC6mEgCasmeX+5+5IfgvnnWWqczlTJbHulJXjkHX8emRK7qcmUi/PSBqMoUzsvmhCqRNeu5YQo3P174Y5OkcqLsmET+eE++lO9tPopQzLRlVL2ark7l3buONvd/UmoNB5SVhD1AVKfzYZnAPnYwXRMuRxiHpiO/hLwNbD3mUS841z0oAgh/MD9X7etIkQp3EitThMfWqCH+TVTfOYD+Uo1mEzwDQNNpnjnKduuRo0iY98XMT75R5jtglScDAgaiJPaUPUmsRxbutHz3jl0a70lLFP9ztfBL/TnREjUhpT4Zo4FYwXs4e1OKxbs9tNZSblKQcpoCf6Rz4dPc68KULhozmsJLlGBY+YTN9qHJnsDXBNFzRxLl3BZ6q8zUPSM9DDDnRJ5XWxcQQxAPKFMRmyn9SfIhRE75ALCJ1GCRdz7hPK3//K2GIxJYv1ry//vMWvyp6/4wy7sezpX0UDig0UJa/8fhKz1oq+159X3v3mtW+Yow9JQxQUNKtC8cbW4k1QpRQwwrgLiFERTkxwJYe8ifa66pzyJfHeRLFM7Skou9H6DFGb1DX0jW6BoYJLv58U+LEYX4O3nWoLulFVoiOw+0UaZDrRvPamEKYY4G41NOtbABiZ8DZ9lccemslKjBKGcPwLl6YoVm8U=
cqN2bYfRrUv4HcfJxNNwG1Dy+oboQcJbpMvYj/DUMjqYzKVDhTznCSC+PzMXVYFCDmVZq/0/cKwuRXUGb54ZOIE3+fXv2+LJTwTX25QDNplQ1hCTiu48hIZ80XmDkZUo
cqN2bYfRrUv4HcfJxNNwGxboMstOsrZ8lj/uRS4dAS47OKcGzDyqWrhCw/4OMX0hOFr5iLig76cZsT8Cvuipv/itzHSzbwysRO33ViaxXfmnjd4Mra7UVlSI0Fa4tSTW
cqN2bYfRrUv4HcfJxNNwG2OTmp4WyF5bPnBe7SvAfxqoGHxhZaEI40yMTxy+frzz0l4ZJlZmwF1h5crfP4Vc/x/RuUiFReZXoSm7t3JOxuwVJYFjM7MqpG290Iiu6OtQNI8IGCJZmlfooWW5UFVD3g==
cqN2bYfRrUv4HcfJxNNwGxboMstOsrZ8lj/uRS4dAS4gWfHYT5sdzZW3jYxz3nGweGpdZ5lVDQAj2j+QpAhU6+hN7ekqZFQQUfavj0D/X1bjnNfr5nYyjh9GxAMvINOg
cqN2bYfRrUv4HcfJxNNwG2OTmp4WyF5bPnBe7SvAfxr511/dTYHcnw0KO41EaKenboXq66VkR/hZPfiskimv/62tOVoSwWPtce4JfQxz+6xaNnDgBKLwsMPTJ4BWEtbflndS/6TCuQX2EqRsB1ST1A==
cqN2bYfRrUv4HcfJxNNwGxboMstOsrZ8lj/uRS4dAS5uJ8C9ydf/ZbGlQ5e++xx8Z7glGsM1n9hJzNCERsO4LO+beEB66cGIp+G+b6t1UfYPoqBCvnx5YRNk6CA64X9z
cqN2bYfRrUv4HcfJxNNwGxboMstOsrZ8lj/uRS4dAS4u11s61u94ihFhliGfw/5S6toVJII+OOepkBjBbb3seJskpVaF55uXKrmq+XP7VdjJPjwNgIrvVPGBOwK1fynwGP5YmKQrWnGOTgKk1uFEKA==
cqN2bYfRrUv4HcfJxNNwGxboMstOsrZ8lj/uRS4dAS5t/lrfkItIRFjvg0bdLFu9Lu4vTTbWgZyxyhagqD8AkKz0jGaJFjgUX8xAhhWvJr1S5tAN/QryfMB/Ckn8AbAz
cqN2bYfRrUv4HcfJxNNwGxboMstOsrZ8lj/uRS4dAS4XYc+s0i/8loVxRvmm+/YigGc6pHk/NETLdTvo5VrcVBpnBMufGZa2rKZ/zk7w4zdV3lAoUEu1mbUzCT4J2jE63zEFVG926IEwGkROQH5m+g==
cqN2bYfRrUv4HcfJxNNwGznKz3ZHVjNsOxccNX4pX8YzVHwQrPsAuBecRhIdJ2cqmYJtBVMTaqe9Yeh0IjRWyaIV552DDMwCz6qJbgEdAgwdvr8opHNl7k8HFA0aKg6sRacw20CBMnBVeziboYWNFweAlt0JHJtEhekQQmKWGF0nKhSaqCo+MCocEYnpCoFzZPDECE6qKjAru0+3fvTCrbwjhbGDlAnfrY7kfcgzZa+xUbBFYNxIpMFabboOZ0TgrDzp/iBgMKeWE8HwDvxq/5wNWfSGcMuDmGv4y62E2JP8eWbTocr4vZOesheJhYlxQLI2Yr7QeLgPS8LqJVYWnD/rSOEn+U69BPEmIso0P7OcpQ9GAG48z94IH7G49mS9JYy5sk2E2OcIAoejXvbsPAoTK9kWqLObIJL/iacJNDNUR6yXz3TYhU1CACyaeol3j3IUlNKR1dYJYZzB2WfFYdy8OhVtTRKg0tYPUpI0LHSUq0ygzFGnWxHRvUxpDdEiGmfh/OtKGAri8udhUZYz5KByQ3dEhHOSDGjppP+HwhYQbfdjyF92XoTzGEZbT9pXMzc4SqMFbm+j+BVaOqTHmI9KbNvC3p5Q4XN8J8r/+KUeHX1F/jRa8herz0oo7FWOj/WpWHtx8/b3gydBBmKTG60AEp8W/m9Oc2BETQbVcbx8ZSKjF4BHeS+dM3dknh1w2eeOg0nWmwrVy6hffta+me1KYSiFPIeW2g3IOwgUd9M=
cqN2bYfRrUv4HcfJxNNwG5igRLaeoCnv8I+yJM+TIqNQw3d1CbNE9sgzoshJXOq2ZQUPb//PzZE3OgJv7KY3S8X2+RHRdlfpy7ajndHAMPBAooA5rGWlk52tqoEC+7PHUi82YGfWF4YB3grkSKyScA0AT1Gy01MP08WMN4rvSYGMKEenPrWdNQFY/ukOSyFaYy2O+5KUJi30nrDnAHnFfPOLbA3J9v19sDu4RNqjDLBfAOVOXcILSHBw8wn8lBtITioOP+ZB6uHCF3dl+F5Fwrh9WAV09rSz024S83dRHuOj4M8NqY6SItWiqkzwSjZc5GCYQSxkqs5AuFFTCwAipmjr9BVhRCZ8Y0Hz18qUCU5Lo0p0d1gFcNmigc9Z3yIqAbWvP7zzcpMT8TZnWqqnGBozmFVIZ3XwE5onNBci8hHHfqZWwcc1ipuEx+Wq1vu96ncbb5rBJOb5vQn2FczNEpt5n/FP5oY5WXc0VDpla0TGOOLhejOlOQQOZQU+AojYbwbVp2xd2sC4UCPLFOtrcifvXXkyfkPudAG8i5rpbCy0XW/yOIbRMMVjIF5PVfgPL61zCJ2eU3a/a83PSXfTt1Uft+SXO660gDB3CCKJZO6uvg/3sKpc3npA9qZ5S20aLosfSMd9qgt/JAhazY8mgAUNptc0jkUDFZig+KWrx6jXkk7Mo2+8u6dCcsDcKizMvZdtiCLVcxB5dsPtUG8TRw==
cqN2bYfRrUv4HcfJxNNwGzqxEXSfQ5yg0uPckuTm9o7rSnMGXww2DG/Ee/UqnDgN+5JMua4TELCjO+LoKoNXj4Ij/VInOUQGBE7P1xSfq2g6ZAUkDMzba8+Vn+PxVNT8lnJqD4TXr7adWV8YgCyGApe/Zj7in3KraNIyXaxu0MM8jc6qO64pG2SJ6QcGM7vKPdfaHHzBpsZO+m6L67svNFC74JnydYC90CVcTFgKXKG8SMkki/fFeRmhD+IBotiJtDncFpy592/kiUjxTbKi54bzC+uGrtqw37NwQ+afp/rjRdFgaRB7wmnNBykCwg3t2zr+UhAkBBe5RKPptDZ/vMAJ8AZfXHuzqYEf7a7m/dQm366MaoE8O+aCqtYPGW1sjmFSUE8F0Cpx6K5wXIGeFzbjZGbMKsEnEQZo5mSi2bNQxFoDe2fLcOH9nNhNs5rJxUjwGjAC2b4OpKoRdW7SKCRhN14uxWnaBW+h+CoX4lgmePrpwWVlA18BLfNuaMcmG6elMRy5r2+NS0W1u5TSJS7/3PIUiJezQ0egPeDRHM8fvtald4MH3Vh7Nm4voFW+M6ulIsPCtyI7mGQhi32ltkddU0bqmzyMgy9xgLGcVIqDC8bwLcf20quqaSSpOI6v6cGViwxiNSN3NG5zIch11k2Hqgp27ZqcIVARMjjwNMJkThpqNioMMW0sb8lmTad6d0x5jdBLeVcOMBAsYoUKVsaDBpVGew6nufH0HL8CN8c=
cqN2bYfRrUv4HcfJxNNwGwrrB06gj1+a5zNyPn9/B1qTjSdatT4Ls6k3wLEMWRUwwqBVaSTiE24TG6YcSwuOco1AIVefGI1Ax78QDfeOAEsCBzcLr4v7n1apQJu8VH6D
cqN2bYfRrUv4HcfJxNNwG6VnyR/7C+BCTZqRLciiOEAOk39ZdJNxdGeqdUmEQkrgPIDF3mitjOlDhEXWoy+9lAs5Aa5MNBTqDK9JFwuKJ+2lYHj4lwLWk/VUjFlwl14O
cqN2bYfRrUv4HcfJxNNwG6VnyR/7C+BCTZqRLciiOEDYHb+/Eag5dZZGv4Oqq+tC+Xl+TAb1Qh7DugUlwqE+h2n0NiyUzs3sRf6PgMFup+j7FFd0yOvHTLjA8L6WMw1B
cqN2bYfRrUv4HcfJxNNwGz94J0b7+UB1mOes6OLImtzgAgxURgXnUVWYMjz3w9JmhmECt/gQeL9wC5JnoG05gpoTi+lfWtGpcfSurJ8Zckuavn3yl3oZ7bW2LEFpGyUHjEuEFw9nWOKnErQILmKc3Q==
cqN2bYfRrUv4HcfJxNNwGz94J0b7+UB1mOes6OLImtyEDuRYbPGztWmMU0qx/oGIq+EDKL0tdGmGScrERjHEFUk3Ebfsj0EULT5MD5Ylel/ZLwYLoK5gf+29JedlwR6yLGPN030R8DuEbs7BVxL/FKubc7gTz2J0RhxV1p6wVhBtWXzpt3jGr9trAE7BAg5PG7fpL6mb1O/KgHanx9Gta4oiPBV6amc+CodUNKMzLe4WegvoUzvnmKvdl9/1zWMULxo82ZFuqiIiweVqHBPRhndr28H+42q2h5AhpyyJav1jYvulqoMO7yHbq22nL1dFhOnx8YIikIo9D1WopS3ipzVPBxgQua4aeFKPduIpr4DIBlpfZ2IMi+bNtjfLEB6q
cqN2bYfRrUv4HcfJxNNwGz94J0b7+UB1mOes6OLImtz1S1D0cpPoV24agZ8kiLyTAzdXezMBmS8k1Pq/Dpgl0Qr3DZmcJQ3OGLXAK9Wb9pIKV5ozmkuSsSafJ1c7Ld0caUOXzaDjrKwA+5Jax314nA==
cqN2bYfRrUv4HcfJxNNwGz94J0b7+UB1mOes6OLImtw4sinz4u3fF6+M9I2Hr0J44ih1II1qWw1Vpt9bZeMzDGc3vaJMlY06VGkJcW+Suo8O0PzmfpaGJinZvT56eBi4Xf1mrEZ5I1bBF4RwIjkkkGYc3NVMcqJ6jGzNwwAH9T7GX7XkpeBGh+t4cDThyQ90MYev2WPasnroOuVoibUEDGmRBGMjlFmaxg6Qu3PkFpz00czMH4Z4dN2eOAOQOzOOxZ1LK8+9Rrm+F8GsWV+5HlabQDpUTLiC33KIAID1p4JuYE5iO1tiW7KPQhsHD+3Ypt6ECCMoJIh2nvT2tT9scDKpqbJUkLmoJfs4bym9FVZXRJbmPmPfRZTo8BuQwV6k
cqN2bYfRrUv4HcfJxNNwGz94J0b7+UB1mOes6OLImtz3rXH7yRC2GuqPrI2+6OvvYavnAmex0SC4fhboMXTHqgH3U3eCrI6lD0SCALQULhzJGiBO9qCS0YkYsv5GD7HBztH0Ql2zat3gX0HxPS2YBKz5jA+X/AnACJMb8k09wNs=
cqN2bYfRrUv4HcfJxNNwGz94J0b7+UB1mOes6OLImtz3rXH7yRC2GuqPrI2+6OvvYavnAmex0SC4fhboMXTHqnOPy9mvArRMYwkaek5dWM5JgvuJfUb1XTIR8v6Sc5KQoHi4aGpUCif9Y5hqnBWCqp9r9b2darqHk1ox2bk059QuTqL8I5shjWqppn8X8xQDhxg+h00gWkUr76lYu90yW5pPoTG5qROLQSFFp1aJ/by3QwL7FNZgKqLjHbprS1COinFVR2K0htFpCZ50L3x2LbmS1E3FSfY+qG02Cp3gNuoVmrokHmovpU7Adx4j7YWiBOp5RN2qoaEYhZAart6wIURUhHVK119tjsXFZJqHyXCKfjMl5tIgitopSZhmwVH8loBrm1SrsfRwBfdKJihbknFdFG2vd/eYrt1iP2c0H7c=
cqN2bYfRrUv4HcfJxNNwG0FkYh5i/f7slSeQt30ybcry/bXjMfRJc6i3HsZ/4MdWuR8GzTCzb1nLc2rCxGRvJnMG62KdUmoOqCp59At4HU+TWCx2yN+uvh0MxxQKNYsGHacdPhMWoo1bycJH4aZ/XQ==
cqN2bYfRrUv4HcfJxNNwG2Qo0RSIWDpOIf/dEyEp2rqbD4m/9Azm1w2eL0lUpDCzRgKFIaVr2tpgS29avOO8ZPP4kTyCI6LfoOl+4KfKO2NK5ipVVTRo/XnPg4rdX3jmAY5J1mgG3DfQ5hugqBXcDQ==
cqN2bYfRrUv4HcfJxNNwG0FkYh5i/f7slSeQt30ybcogJKZs63odIA+gDyawIZbHHEHzQjAOEiKgzGYFsPINruB+oMRJIwwL2T2DOBeTkhvBIZ+5XY3C2FxNJoCJmEa2
cqN2bYfRrUv4HcfJxNNwG0FkYh5i/f7slSeQt30ybcr4XYYC5EVepNJzOhzW6eOlWBMnEBQZEJq1KX9DuyPsKCH8FVfpULOflG7GItDIY5Grl41P4RJoZoWdeKBHEMxt
cqN2bYfRrUv4HcfJxNNwG2Qo0RSIWDpOIf/dEyEp2rocp79TFJGzdCH9MQyoSSXZlagRf0VbS4L3jWk4i7sTPBbV3bN8pEJs8m5ghmnjmcv2+jB3IPtc4jhitKloty5F3EvEHfOgMSj3gMQLzOYUdg==
cqN2bYfRrUv4HcfJxNNwG5mMb5623HR5dVqJlewnvoOtJoVYaq/hy80wNzDy7SQMF27ERpyoTDp/UaTO6YAAozujhqeBocxlKrtonv1RsY1kju2CrJD8rSulJZ95ihxAjvAtXCbVVqXmEklbTTGgFA==
cqN2bYfRrUv4HcfJxNNwG5mMb5623HR5dVqJlewnvoMosqTm65myveoRjB+2DZKmPEXBwvPSel1kfPtyDJWN4XYEy3UoWCTVX1or7J6RhpShjP2chOiBhZ5NvQFMXn3C05k2aS4GqUYsAOW1Z9Mu1w==
cqN2bYfRrUv4HcfJxNNwG5mMb5623HR5dVqJlewnvoMJCpLL2WEk+O2Sh4dBvp8XKn5pFKlRl3MTqa6YNmd2pyBsS6k6NzvE5JUWcKkrEr1E5BSK1V4i6ECUuWrlxFH8
cqN2bYfRrUv4HcfJxNNwG9wfOUygvGI4oticvVAN6xgwgO+e37ilwgIdca91MBZKZescmmLqo6+P6Xh0APX1LL8Wljjal3U8Vy0+2sS7BGIGj3xxHKJ2TuPRj+NB1lvfAIH0JNC4dZCGPzisWYIxRxDaAYRpd37X5yMh4ILNvuzYJYHDUMzJ+OTW3J4xh7Q2AaYrWYKGVQSaG2UxXQQbN94xR6HTZa9r5rTo90nBxO1/0XOzlKui+GRrfe9l/f7Ho/CkQ6wrU94W/ZiQr6jA1yl4v+PWw6FZOGIwAEna5zq2oJ/A8fwe7VAIumtl3Xyc2M8kZ5M68EfanOLGFa7O7RWgblWLaOyA5+fyX94RtRyz/F0pncfexTZpHmeMPawwfRz9T4BRRW2cvafJi/R8hpQTgA8Z/Mfr+/RrtJelsHQurqs7nNZ+XR0vg9SH55/Y1ajGBOBQWrd16+Q7MOecSkZb5k2yWep+AonLF43CNhPtGRgYhzDynXmn3EfX67kK8/TC8cWqp3Ciad9ajRZQTUSuP5NeojVwsROeem2k1DrBsEp8aPIj0vSarTW/emO8SNPOlqQQ1sBDqfiCPn3vW35xCGvg6R4hpUzCuTMTp8lsdZR/4v+XCuCvrBsBnylJijdaCJzMJPDvDa3CLJqpIiOnjGdiyCIEGoh0pX9EzJqkkxoufSqc+OhRQqo4MauFnHQHIkBogGQx3emz5IyONQYCLhd78xQRo+mKgiwNjY0=
cqN2bYfRrUv4HcfJxNNwG3Sz8qOfxlEqURKb3cVwfe30/o8uyVPLJ0BEz0+uwYjGRftfT9kzbbal4zRLJRXeorx/qKOALNOyUq33jQAJ1Hz7w80WNa0M2qMSR+YOcbTN
cqN2bYfRrUv4HcfJxNNwG3Sz8qOfxlEqURKb3cVwfe2QKz/yCnU0GVGupbFNi/JyUjy4phV/EXGaOlzTNUgWTVkgSy1bLRW1p4YSu1thiivnJovWnewcZTb1F2yslyfZ
cqN2bYfRrUv4HcfJxNNwG5VSWK/knbC+FRFckzN7Tr5VJXbfEtELcYZ6zrFSmrgeTjSI+L4wmVvQq0sCLbxktIDyf4UfBfkGl6o/bj3CatAxRWvszlv9y1d6jZ8YHTCVFEmXzT28oYx5ik7JC3fwSw==
cqN2bYfRrUv4HcfJxNNwG17hJbmdOvwPfDob+cQmBIfMB3X/2V+wZ54OmCuZ40xxwcjQlcg9Kxoskc84BDH/pwRJR9GGiiXhjYcnryeMGmIE3z39NIniM8EEkThUHvVB
cqN2bYfRrUv4HcfJxNNwG17hJbmdOvwPfDob+cQmBIcZUN9hUOtO1DBUQXkE/EQ43Iv8Qvk2Zdw9xGeMiWamglWqVper9GWIPMUQ/XsTab9b5ayF6i1v2OLoz2dtfSrX
cqN2bYfRrUv4HcfJxNNwG5I8uZJP1UUH9Nh9QbYh5WMf6sdfVh3EQ+JkNQkW4B+6J2NrzVVqDwHMX3rT4BnLzzYDuE1imqx/dULEdzTs/NgZD2H8SlZ2KKke8MF3c5BSR3c8UecU0mkzBTyw2+rVgg==
cqN2bYfRrUv4HcfJxNNwG17hJbmdOvwPfDob+cQmBIdwTfS7KzjG7yZhb5bAaWSPExuTIs2Hps1R6ri/OdcRtEg+47wVY+gTbyd/GsY8+3KYLOH4W06J+jfelvTdERGU
cqN2bYfRrUv4HcfJxNNwG5I8uZJP1UUH9Nh9QbYh5WOxq2rYYzJEunTgGNVGmbmjW01GFrsY4lUkD+GXzn/Wj7vmj+EPFASgmzpDKtMuvqTOmV5fkhgTe5ItZdxh95VMnT2szPVBEeFg7RLqIQEFhw==
cqN2bYfRrUv4HcfJxNNwG17hJbmdOvwPfDob+cQmBIfBu/HLBYyZ8bZq65MwS3qw7jseGsUePbmedM4d+Cxjn0O6hkc6IJKSh2cY9vn3DsgeVAm1dSo71gWKdYvpwio8I86qxKZZwo6hggsfDvn8WQ==
cqN2bYfRrUv4HcfJxNNwG17hJbmdOvwPfDob+cQmBIem6A+4a42oKWvEg+1YEJoOvXvmOnedfhHlaGuXJMY40/nyOlqszI4NVh+WxayYICQIEduKgiznmnwkxVggoTpDjGK76IIHhk2sZZZFZ/U69w==
cqN2bYfRrUv4HcfJxNNwG9cjqRqrgKZITZfqrAE1BQL65xZrPZ/0/GV33iV4ZMwYFWuZNyObcbKn/qFPIU5KPt9oVW38HxkI2jrQDxMOiJ/lS/bTnnIpRd8AIDvxG1c91n5MQ0PSvdDx+x4Lzi3p5e3YA6Rl2o/dl5pmnfTIf2CrUyyQr+6Uhuy4pzLALXExi8N0+8IOw26R8SyL9KDbwy0OXoCusfW27b8gcgCo8rxCk7zRjVE66gczjQJo34q4i4CmSTGq3SJLBr/XtR0bo8wAhPIgXApZqF7h2Q7ZG2c6rh1BDUh/0Rz2hAHhsehmw0ylt6YMbNgifwW8EB3vkZI35eC0dRE9IMHrveDzKmS3lJJhMZu+BMnqk0rvGp7xt+MCfAtZjNW6hFU7vVaRRMw8PFisdBEGDBed50bH8k+a/vpXiMYGZL5+T/fkpBCfioKQCWqvlAHjLd5Tq/VjszycGxuXyv9Ibhrj2C/jyKGBLWza8OI0+h+LXnRnhu21peGGbYeOvSnjc9wdeQ/YddhV8KMIZ1+YOBsP4heF6G6dk2QDXKjGDM2vYWBnDsYm85ib1bG5D0s4FaIIxj6FvXSJYaBAHf7f87qGpKvPskEhBbgFHA5caUbbOszUmAUm4+C2yKlO4GqGGFHzd9gxe0qV/FHDq/Nu6EtBwBidBfIpm/eVVuCIk7cbze2izPWmotwa7zpUNtJlQLEGErn8+3FtBUDe13C5TBbwhdEKroU=
cqN2bYfRrUv4HcfJxNNwG/ahaawp4DUZnHAu4G6nqwAe7aVNmwBOVNYcxUw8JaZPw7+0u886yfnkEg+kyUy7OQQnu8Ca8Gqc9k0sGg/4DU2zySTTKMjUX2tyTNK3Oz2+pn9q6LgZ2B6R6RnBKB+31hkKoZwFlhbrFj4znxMw4YFsffJ94C3yGEyotDGF6WLCcFaNlm/Qfaz//5Zb64k6fYObC/bEKPifqrHhGlsEvUr4QX/Uryo/H1RM9joOdmHx8D0rrpqrZ2wbCLoKa8OusgSe007wW2xN+PYmJIArPZn5qUxYXCwB8xEytVDagy5cIyd2g6pUxgRRhAgsMQN4cbxRMXF4Q8iMDaYHokrR78qhz2gDvzfvDoTeazsyTfmdcHVr5zhfH31oAWXEipHC9jc655TOg1g2gZgPaIW12eJqTg02qgleFeO3AjtYEOyU+4wuKcmuuwT2vCp/j9Jx1rMFPgrc2AxquRu8X4WvFd+wvNR/sdA2AUhaNeXfop90ZVB4hWl3mJDuwxGn9i7SBUOjVXPnl1TdSHbT4KBkHFzGQoWMl7p1lwIIRPnCHp+EYZ05UkeAchBprJOgaY1l5A8ljPxGksRbVldN8j0qKyt1AR9r0WHIBGUCIfzWVxHP1b/sI9pcP60cYDToV3rzNDqnCfE3McCASA8OHhilofD94zEcsf8RcHlDFohnCgq9KKN0mNzr4KFNlLSm06hQIw==
cqN2bYfRrUv4HcfJxNNwGzOawwPXsCDNz1h8PVBdFnwHM6uBeBz8psKlR2AbFwtY+pc5vyihkXAmWDTG6208Iwg2eUo/Vrht6M0QBg/zVvgXs4Rc0DG4reZ2nnwVektk0nDF9xocKtxFCNI7v3dyNQXFPQDTsnYzdfL+rJWI/09iEcRsbxNeB1Ott3r+ORJnWLXOFyu1ZsFL8kGMagdhxosrGzSgDhQI8FgfQWXac3uPKLgNWjl/WY/mFPZVwIb5GVY5UuookDcZw6ePjrPEG5G+ZEtqZNAys85gMn02oz7h/Ca8OWBg6Mihfux+NyOXhNrOdLfhgkuSjmHcZZWUNrTfpLuqxJYhjcaM3QB5nyX4En8XKYuHxYEF1lNVSDDycdwIlEhlt+Id6+UiBHpiEM2sK58l0p8hls+SqIAosN68HVCZhDc/fDkRLRL0KiwR9xAxBayi8122L0tZqVYXmA+HGzTECqfdfnD1aOx4WUTutaUwWbFMWysfcaBupXOMxosnz2qHawTz8ARejVe0IUdoFFfehrmD8Yh/ejWRINto8rwvH8wMoegJFU3vgjTrPhqKw7ZXagbJlED5gWNW65TRKLNoVzwxq8o/cRA4DU5GQDUHZT3ZzHCZBctikIQcKZxACUf74wzDqLJUW1/QcqHCLvw1eIFghenqxuiEVgHpxa2O2aGRPhAE6xBXrQWGJO3rRrRzTm4Bm3M3PAUrqdvJz/+mnAlWrQOqgi8pxyM=
cqN2bYfRrUv4HcfJxNNwGxK4XjIw6LmiHTcDehJLc+KZQ5t1Y5LhIzlDliZApRepjwC1eEzpKY6k2bDo0Aw5fnQPxMkNae4TnJq6fY+sDCH+vgURJ/snE3XYorR9ZygX
cqN2bYfRrUv4HcfJxNNwGxK4XjIw6LmiHTcDehJLc+J9fja3d4G50DOfAjgzdYEbJfU+wREggUxv2VUX7h+HeipZCbf8FlRbe5VSTih2L396L+kEsDqjdurhGpG3SMCd
cqN2bYfRrUv4HcfJxNNwGwFrccDx/lNbh4drcc6yX7MGO5kZtlPxEsw+tuxGSHZ+CBRAViI69Qn5HENTYPRpZIUTKDmclmXmwoijAAs5ZkXvp7pjeE8lr8RBnZt5JXqzGRD2Oyn/pq3UK5SH6THQKA==
cqN2bYfRrUv4HcfJxNNwGwZ8PjIZubwqvUC3Zk5Ga5de6peX6x77SQm4Y0YRa1GkjQ4MVJeiJ/tvZ8/MkiFJHvS8tY9kGOWjVwEk3dSLZJXEr0YD4hZjdulTwfY03r+z
cqN2bYfRrUv4HcfJxNNwG61iiWrRFN4Ell/5EL0/iYf2jMaLQ72BX6wnYqyd2Er0zjwa6mHsDQV+f0W+QgNSlqnma/U8Xryre5X8bgzuszWJqf3MYz5pRyqlAFxdq1Ivbk5M1QGO+LUp7fdblSVucQ==
cqN2bYfRrUv4HcfJxNNwGwZ8PjIZubwqvUC3Zk5Ga5cEXgzCOnJRza9ZjWtELUGvZvN9gJoVZ8OzuCmVLb+4bvs+aQRy5k/Q5ukkQpJXOWpP4S3f7kEEdVogFkSz/huz
cqN2bYfRrUv4HcfJxNNwGwZ8PjIZubwqvUC3Zk5Ga5dXE7gVz5nSa7Gq3OK88f2gdFYNzYVgySpGQe4qby2R8s4js7zdb1q3u7hF2X72nwyuT0DLPzMiDZfYbJ1XuXQEss8mK/BTLX78ENB2UBl5vQ==
cqN2bYfRrUv4HcfJxNNwGwZ8PjIZubwqvUC3Zk5Ga5fnvD4xgFgIHcowHUwfFcwnuh7mfuRhxsUWxGH9Jth7sPzOP80abHGg6ZUSw2zmswBzsA2Altntg8rF0A207aIeqZflTArrzBbFnroyKW1CEg==
cqN2bYfRrUv4HcfJxNNwGwZ8PjIZubwqvUC3Zk5Ga5f5fYrE2Qo6gU3F/0QAjM340/kMRkrLxM3DEvPlM4bMYthqaXbVvJBDlZoek/68OLirX9tlGk7d+33qAc0BMv8S
cqN2bYfRrUv4HcfJxNNwG61iiWrRFN4Ell/5EL0/iYfWyQL1uA61OXDYYxJFbgJx3ZWYgNiJhhDnWELCm/VWFRXFAqmW38xr3rjIE41UU6CbI2ju/ZC2nutfs/xWYF6776VlDavboAQI3VSHlA0+sFZHGj6cWWOJBChgvEKkc542nx7dGWbMLaOmrX3IDVzfDd5vToSe/M4oUR1QvjF6CtxGRt7bOVybGSVJdFJfTcWyCFQHqTr6rp1ofGzzVHWzhq+bly6QEYG2wh2qqHz5QhsSjvJTbOPnbJg/Oly670hci3vy0Y3raPa1/JALcOjIy/Rno9c7JgTQNjKzrkZVG/9v660ovMLMhF/UyPNhaq+WzPXiHoSsHOYDTjIU0E6YgU+rhnF/o62F5skMEMRJmAEqh+Leag4ATy2ak/n3nDMoDi+uSHFHgYhNiDlR9y9w01M+76urZsSFQhhOt+hZ2zv5YMRFMjCYX9vi8CObRgo056nliHEf/ZHKkV+e928Ow2mYH3qTBhyLsjgjbsDrF5ed0c54ZeFraX6ZlYJIbhJ4qHvd6s7fwXtwhdtJLkqsubzwuawMHz30C1ABFxCv2OTMTmzd05xxtO3hho/Ks21hJ7ymOdd3xW9ln3+Q6JuJd0+mBXpeETAI70D2xXgLEzCVIz3TtEdaqyzhTH9mB0ye2xjdhkdBWB4Q1rP7iJ53iJW94A4S9SK67G8Rfvs51GRCl82lZ6xiXVOkgL5bpq0=
cqN2bYfRrUv4HcfJxNNwG4hT2Sg4uneSHq+4yDS6Vzv7RdHZp02BuOyrQWoUzI3oCyHUEbRL0/JtXUpYO8ugVhKfFEfboLXumHn2s/5oUzbNR09OqcI3EavMis2U+cjQ
cqN2bYfRrUv4HcfJxNNwG7op+PYMOJ9iA1xiw23Fq5R9mStYUnmbr/B0V1EhsZ+0WdIp4cnw4GC5OvHHaCPHGhYx1EqXvnMjXisOwu8c0QINgvlYZy0eR4jrSDFzDj0t
cqN2bYfRrUv4HcfJxNNwG/2TyBBFhuoubdqrIYRPvWuz4pZmjfO+2ADaP+/D4bv3EqGN0gh/CIrSxVlR9WEbBe7lXxx/aqYLJpOIzQUxL3bl/38gA7H2ikYCtNqMxH51M100ereV+bS5jPXDE0c1Xg==
cqN2bYfRrUv4HcfJxNNwG/2TyBBFhuoubdqrIYRPvWsX7yxqvYpy3X3Gl5v/JLLBNTy8YZDtx/KjM2+edzSjsVIuIRg2i7V+UDNNqeYBNanFxNMC+ccOVFX1jgCKMyO/Irvp3iB3mr4AhnPNMC0fFCZQCEW8C/EjTErZi3Ld/KY2UHVAX7Jlk55zPVXsudn+b4RDoVunrqRUi4aoZena3uCtZ7rQ15PATn8eSNGMx6jxGjQCimD/wHqdbC/OI3FGnxxEn5DUpKSrl3kchTjPhDC+rNFz7XdX8v18pInd39DJtEaCmFbXTwFSM/cfwvfv1+N6pnZIScloy50zzUt1Ee2wiS/e0x5UZgS2TrNO0SeDNkEi7q4g1q6s9WZfCcFg
cqN2bYfRrUv4HcfJxNNwG/2TyBBFhuoubdqrIYRPvWunkxxZaJXwpSWVaz9Q4FmLOCWSM22VchmVFzRm2JFsewlUtqMklkAhvcpLeS2KRqlxVBE6m6pORg3mxIs75WVHnfEegHVR0No3q3RuF6ef9Q==
cqN2bYfRrUv4HcfJxNNwG/2TyBBFhuoubdqrIYRPvWu1rP6CCTSZuQ3rbaC/UOXhegtXrqC0KMYId9H3OOEBYmTy/thCUlq3PCS4O/geOqwMieXY8nFfFqw64j2QrUj9pGRf9OYV+x3o2Aimkg184E8NSTZzvXwnOlBkvnj2Y13rpYS2+9KhxSyWA+dpS74GZF7KPeI7opsAxmXBqiMFTCOWW+qQ118d9uHVfe0GCqciPTFyRpZMFZUyi58CLjHmjq7yIU26ubJ0wcjcnCm5Tht2zewpnXLh3aXo+IkjO2ulLs6Ab0+rQ9Ys8HBf3ZzTXNLV2qknewrvfO8luslP3+PqBQ+0rAub2edWcXzKsVoD0e4g9zKCwFr3RJvfgq6F
cqN2bYfRrUv4HcfJxNNwG/2TyBBFhuoubdqrIYRPvWukjJ0Rp3854oCQMKa0t5zwMZV1LssRRj/adpwynk3wBZdLnmaW9bkcW4pvdlNZQtie9F1L3ed1UuIkwJ7IeZK9RO9D4iwYZRqOB/FmZ6gnlF1QAxnRY2YWCR8++3AJMUQ=
cqN2bYfRrUv4HcfJxNNwG/2TyBBFhuoubdqrIYRPvWukjJ0Rp3854oCQMKa0t5zwMZV1LssRRj/adpwynk3wBT8IheCpBL157woqjVukqayHr6oCsvY1KQ0mphvs4Bmn26uU+d98Yjzbo/sRMoMVRtWnkQ2e3gSby+Ygj3crLEuO0rTj+mOHBvkmTNimAnMMS55+U1VRTcQG9o3wpdFb8P4GkQk/Dl/pzdn7TLG9HPAA3N+n6PuWt2HbMLOUiRYMFV7MChjeydu5hbhaECw62126NTWMqSv/7alhY5DhB19UkTwJtSMdAQmuftu3nrl6bonWcg7GelHidUW/LErH5AS+HoOnhdEFgr+WFI0X6RgTuIZm8gTtrcmegofKFxBEyQQcXquTsvhS5HA9jwf697K+3LZ6UnpSDKZXVnnpfY0=
cqN2bYfRrUv4HcfJxNNwGx3yv07i/LXZsCXSg5oRURsbz1mj+RFWpCrsvHRXFSrNw6VfhWVZGtNeLCgUvXGCVdLfAEG7DfZBY/e0KLUdLFVdr5WH74O5CNbMOFoJN9UJTlH5pywS5xczfYX1YbIKjQ==
cqN2bYfRrUv4HcfJxNNwG5LbsNhOkx9e/PkqBehYWsTm/QCaU8PHn53MnneWEW7KL1zq2eCpu147SU4Dkhziy+fi8Izz4iiHT5SpIuNUZmrIpmcOrG8dts2PHr++ly/pReuMNlkGCOF5dBQAOAKbMA==
cqN2bYfRrUv4HcfJxNNwGx3yv07i/LXZsCXSg5oRURujWV4IML8puUk+SuWF1HI5Z2rmfyTSZ1flcpYRDqhxXusdNHyFIyFVKPWFoUCFoYrSy9xDol7V3hR1DSV5nOkz
cqN2bYfRrUv4HcfJxNNwGx3yv07i/LXZsCXSg5oRURtLMgaLWh1pK9tFpHjzmX74UC0K9aWhmNM7DL5PU1lL3+/egmzy5gW1rijxZ5HvXlGkrQ7w1iM9HcWd74UoTjOX
cqN2bYfRrUv4HcfJxNNwG5LbsNhOkx9e/PkqBehYWsShOtSJ7ppln+YzhKEf3zSbobGXwx3Sa/A/g6UJbfIuOdTemCfr6VIsa65ZXQpjZafdjW4NLwv/beLiwpYv1/L1eJC91gOTHqFfxcccy+roCA==
cqN2bYfRrUv4HcfJxNNwGx3yv07i/LXZsCXSg5oRURv2aKUIOg8m7ky7sFFZZStPaU/6tdA+rNJy9WkhqvYPwt+mZxQ2WMDRJpvu4DpfpAe2CRq94E6Ec0jsowDRQl86ZsYO7dujIPMcAfTHgHCpGg==
cqN2bYfRrUv4HcfJxNNwGx3yv07i/LXZsCXSg5oRURvcz5Hyko74fUS7swpfBirn9yAVJ2SapQrIklwRYGW8BoJ3OoTAK+RLNOxZm3gbt6339/g91qOxBDNbXeBhhyDr
cqN2bYfRrUv4HcfJxNNwGx3yv07i/LXZsCXSg5oRURuYBQkUIpc20GMVTAFxCJF+bL+HzE6gSmYytVihn6Y8ImWlYZsOStiABxDwu65Rc+fCnCoc/TiMZytcSAIcn2PBYd5Fj/bRUdLeR4UN7IaQug==
cqN2bYfRrUv4HcfJxNNwG7hYE8KCAUFAvc0+3hlsXZqsQNYdwIhRRnURjJk18i6arx6o6pShIEmk1QSWM7/3/ueG/RciDc4ZRRfyERciol78zAyWzYAGefCKd3RjigcYkfcPTLPO8MDFrTPjH4rUfu15gxO/ifhkKWqTWaEcHDoLLKncaDmrClehDCZnWHmDl4MaA572kcpZHTRJwpKrKSOqZKNGLazIFumE7jmCMpnZJPF8FJMrnFC/1zQKDXxwHUf/NAGQpiy6z3hQAmBUNc/DPOW9fLf5hwH7ufZa2I12qpV5//5ugmZ3RFDobtktD45CzwV0g3yDyQfAY0xnfwraom43qxchb6VuqiAv5lOwJk7dbj2+hProavZry5uMEBjp1ncLJeU1qLWzaDfLt2MAzDCv/0SH3SOohKqYMd6Q8VO9Luqg3szD+BfD5Y1dhETyiDlW/gQzci/ffVG7AhahElAgY7gAKdsfyYQTi5tknFCgziZU4M7up/EZC4Qk743+DfzC/w8kTcdlDjAjTXFCP2WUYlvz4UN6/Q7+vtNzzxtiamrRey3U2LOjB/YxY8QbsPgweY1DNs1MJghJbRs/oO8/TXzxrFErUcf+6XG7EyfXJ+YRZy+Pk6PtC0fwRG2II4Eln5gYhoprJ6iJAmSOoFeY3syjJI9f1Bjaie2fVGPiRyt88I+Oy8+sIfEZFVF+IXbWmlGeB9IFy3G6DKp+jjvOCdR2A7IOHGeKYwM=
cqN2bYfRrUv4HcfJxNNwG47O1hb9BZmfoqGRQ8deuhbHQu82Eex3yyFe3N/sSy9jd/E7DtD9dgwYbBj3kOA5Fa24hW5i+kgswka+ZocbAh15FPtl0Cg/EocmipSr+XDJEsitMEXq3PNE6DoU7krtUIkQioU9uS9Yp7v/r/u7aOXUlEQE5ckK/aGeyqMMSA5ncPQ54TX7/6k0FEXDRmxVtRE/0IzSZJs8S8gAI1Vag1DZY0RpCjIa+R40IlJMFB6UISvni8RC9oWkR6LlY3veE9UetmdigqJj4AeHbn0HCBtXkJPuf8Pjl504dy/soG3z+whd+Aa7q57hH9C6KtqZg6I+DW76HkR3e7HOeGbGIL2+jPBqmZWeifShRpNHFL+wcJwCLa7s9ao8Uw+vQ85cHfpAEBL4VhWgU0nK0n85oAy9pFN0czngdLktPdZ7AuHFwpqDpeETnWIBMI2y1uSeizX+ImcoTcYMD3eRS/NYGAeUXwjsZL4cDlH8FuVfMPWjczHE49VoQQONecLEn0fYoRlPT9NvvDdpEJDw6jSLr29A2yUeczsx3/6iXwBui5jI5Rn6wLLbUVaap+0FeEWMhGNEhP7gYpacHgczrLT6PGvJuL1icN75eBoPiveQMHvygUURJtTQ0TbxFZ6YpJ7xbgy1PwUBqrgvgePR3DZd6iRXyHMjyZWyjG1C25XkDKsQipRCb2fCp+9A+lsuoOyV7Q==
cqN2bYfRrUv4HcfJxNNwG2VnyFGxXey+imw1+8F4vPGcqhC5XdF//NbHGzqdZWkJtxiRzT7ifsb9cHyyMbZKmU64Vse8adHfS88hG6TebgGKjm1on1728niWAcpYvTgj/QhF4o7lHCa25EE8DU02e/0bmD9+4ingV/Du/72z0Q2D8b3XMTO1PFgHnrT4wT0kUjhNS4EHbUHhAJZBhX2g8nombvG58+28bHDIZj2RPI03HK4qjg3zZnjGDf7jCjoByKZfTRmus9PkTSwR/tB/vcexWGtoqYxUHdixOhQTCjHlpmKJzZA6cM24Oa4zBM89CIxa0RFhO6SqIngJ9s+tF3mIyBoSLLC/HWPjh+AbWxx+asYILMT2Go1pjzr6+wPSlXjSiDJ76Z66zQKHBL8K+6amUutf4KwcWvBh5GM1Iss0cWF+b7LX5JsdyzoACy4/ujSFYqdjyobFOeDDAtU6S0pozVNANlj56p2oduL3OR2whhnrW+E1hcC6Yb0LmDGGANig3gnrC1tzPM/bXhCMbdwcoc4DUXCoa0XGCWp39tt/ZZjZYAysO7m8CCI1ZshwCJbIPP9DX90bNKM2qCfEQfi5lv+iqVMnw/PHkSZEGa5acYesZcIioF2TRwydH6dBzvvEcJrqcw7gK+sbi35/WkdqqjxH5UyXGp5zSx4FitVri5cmPjpFGEoj8kdGaEbA/SzJHqDFgEqDl5X2ZDqjZiV3wZVfH1UTwBFKM/2TOI4=
cqN2bYfRrUv4HcfJxNNwG/lhy+uptR30G8KNVkXtfP7nGknX7EpNVPHyX3ssqt/aU0qXMh9pfHljc0ve1sIWxqZ64y0Wsgwtdqpxv9uFZq8OBPNTdBM+f9cEz4xUqtnG
cqN2bYfRrUv4HcfJxNNwG5nl9zFoFRUXQ4e7vvXCu83LubskwVnZ5AcEFi4C3z8ScNoFMiRFR9AV8TFsrJ3tyqtKCr7JrZXsy6RdFBCX8N+16bGEOGrS2JPdvJRs+Gkh
cqN2bYfRrUv4HcfJxNNwG5nl9zFoFRUXQ4e7vvXCu80kse8hcSvLHqOJH4ROQ0+mclkkx01B5JOHafRKNmXhPmsNi5e3E4l/xaj9SnkNpcgOZ4gTaeO2gbI+OLJlKGp5
cqN2bYfRrUv4HcfJxNNwG/TgpPbwrX68w69y6yuk7XK44uUKbtkLUGD2Ykgz0kH3dgc6O5n8dAUc/36wrRxhAVjp0g02t/LVVkjnUJEVYFCvQG2OKGTIGyQX+PpEcWChPgQ7zDcd8SmKHQ2DbmPiYg==
cqN2bYfRrUv4HcfJxNNwG9OZU6FhMUos349/NoQvdCcfK05QLaOL9RiQufPhymNUQWoHMjFWFOKN9hrKo3q2h9FIfvJqcHaZimO2B8Udg3udeQnQMAu+QWwNespCczju
cqN2bYfRrUv4HcfJxNNwG9OZU6FhMUos349/NoQvdCc9AhMOfvpBKv85x/HkF0iOHc/hmbkwsapflYYx9tFfGBqDM5TOdhj4GtMylqBnZOSDKGhpC5ammw9coUqyD4aP
cqN2bYfRrUv4HcfJxNNwG0HGxRXsY74Tj3s8lxj7h4qyNj4aH2ykw5XYEoC2tfJbLcymkhlSRPtGg3TQvR2RCX8lFE6Ar1Rtdm3UhZktV0mJM+LWspRqeJ6+/tpjvMXGS1CxrYHK21m1RPUZDwm5HQ==
cqN2bYfRrUv4HcfJxNNwG9OZU6FhMUos349/NoQvdCe6BNpp8QxItobpq2xVzoom/KKWVw4z1oRCjAVgzZC4e/9NXHmv5ieYcUjA/s0HuzTJxG5ya0+Ab5Kgz9qcHsi3gf0/GeER2RzYa6ZACU7KdQ==
cqN2bYfRrUv4HcfJxNNwG0HGxRXsY74Tj3s8lxj7h4oZcIHCgsPJ7cXXkk0AZdRIYilp9Ks/diw8Rzn+El91mW5k4KbMNDd+ku4pNNidPjzay1VMuTtw+6EDlcSQG3MzVCPxpOKOAltTwV0qatdKtvTSpEaKahu2zc0WzZJ0F34NEb20eICH98IJ2Y8POlk5dza40Tz3/NOii4XyyyRgtA1EAbt3u6X/rY+HiH5O8GNiP/OU0QSTOSxQ5x4cYBfh3KvyvqqWJ6a8crrLXeqnzASvS/+/XNyfukS2I725jQYFgxbLCUdnPs3v1GmAqnZIIOSnadkR8oc4MOOUc/9H08ZSV0iJGf+sKzHELyoX3Ou1B0eH7B1P1/aF1gr/x5ExqEnmMkgBnZpOdkoxIbxmQYemVpIICQYYCygGPdG1y9hfCP9DuRqQZokDS4gyN5QGEDdbEbLxwCmWtwpK1y8eztCbp459WgUiau0eIjHN+bzopyxcdwxtnj5k0Kb8Lo2uyRVKzM02T4wfSP9IIQ9AsZidptAJdZvUO4OJuYUnxQLmLLMxFa4j8idfT0xtZw+d9PmPf0UBuob93odLcDw3yHUnT/QS4iy8iKTbKzXxFrX0zYgTBWT0icgkULRSUQCEImXPOfCVEPjoALdrlg7Ksm+FsWo+3LzFsWdqQyh3duwNT7X1EVTeODS53fmJ8h7idHqAF0w9GxkAp6W771KjO5ny7qjyoXzUHEkGjr/gfLE=
cqN2bYfRrUv4HcfJxNNwGz+bOX2s3grro090UTAxylfkyz7hnsGBolKLgJYeXnlETFogmPpc7sJeb4JD374Lih6J6nszFTOcKM3XnPwV/R5sJfpeQ1dw8VjwJELbx5I6
cqN2bYfRrUv4HcfJxNNwGwC8DQOrufRRiCT9Zy3Yh2PfO8QCTEjB4bBbUDmrWedeEu8n+pHqV3u05y4h50OptHvZZlo6QtSWvYXobv44elOCU3djY0EpUZoc1ZYdl+h9dGBtbByWzyTNNE1dJzgI0Ahilcqe89APcQUBJHvh8WmKK0za8QHtMfxbRjk7mnOlCZm4mLqhgbEK6IXqpW3/Do44PWhoXsvZpdsj9yKq4+uI248WDies/ZLd6AiZeSFrtbl0ejMVU9gwHws+4fC572V8oDwIrlHLBW2Tgg36xeHBYbSxYIWS7TWPsrCb5TDfmucaxVsUghYFemGcy3ktlJ5zelPp+dSD+vOXp7wbIwTujKh7Z8jTqQ/k5jpSYyM3wZMfLopsslp38M8fmbJ8MwhJDvPtVuszC6fC9OVQwoSp1KZOSHCNkqEFynHyXv/MWzI+N2gzt0A/sxmrDkq4J3VXIN6KpjLOuitaCMeyT5oYdwsStwpgbGXNSvJbGwbTpHozRDZfIkzdwpRfzkC+viDx3owCY8o0T++I8KFiMHQ3DixjGwLTeC9zp+taav83prMuoQR76JmEVdezv9I0bI+rG5ar/suZtNcC4Ufm4vqtkqDqhu5Ur3vqTOcU1svzRcs4FyslYp17Uxos7+hn7lgjGNphCOomdxPuSfNRxPrgteTwiZne1RMAohbhBnZSGddiR+hAApiBk8iEKmcRyZJw3HJzk1llKC2vnrSB3Ls=
cqN2bYfRrUv4HcfJxNNwG4bcAZu28JpA5nOKAghfaQBAn7DkKkZ4V/m7eUajVosfpOx54Pg+2ZGJ2ocson6/81z8ZSUQ2zZvOVPil9LY53Kbqa8IVTpFU4omR1dxMvQ/92blwP8zqteZgEI/3IT61w==
cqN2bYfRrUv4HcfJxNNwG1YHPk3vR8jnlt8jbcUqgu4iHjKST4P1ztENl0WAQ/W5tLDcT68dJYhYeeQhk+Zfo9HoGWqZDWL301L3o6QeGZNC7i++jMhlVXGKQSJM3wr58B0R19ASP7BYJutd72IAHA==
cqN2bYfRrUv4HcfJxNNwG1YHPk3vR8jnlt8jbcUqgu4hJdbcMNYtOjcHrW1tPcNHSHBEID6Fl09a1AdKpw2FwbGw0ippV8QelwoeUdSKac4wrhK3xKULhHus++Gg2jeAyd8dtpxfhKZTfEyuXEQPWpH/kTAB+qYEollvLQjFWxaF6luVW3pA+nBC+dMWVqza
cqN2bYfRrUv4HcfJxNNwG4bcAZu28JpA5nOKAghfaQDbW5VJQcsK9HxoTvrBQ3x1EGRWgKnY47jx44RWuH650qA+eC5B3Tcpkkzby2LcdjlNT6vVsRX6q/+ybC/D8zNdPmvVksjtd+X6arOPzUBOYp+EPEF90tEyLp6cWL+xcWw=
cqN2bYfRrUv4HcfJxNNwG1YHPk3vR8jnlt8jbcUqgu4bEivZb8x0lq8uBSmR4G+ltMoEQUmM7tkBXUoUZQZpzE7y6KOHPDb1jzOD37JBU2o=
cqN2bYfRrUv4HcfJxNNwG1YHPk3vR8jnlt8jbcUqgu6AbG8Y67+eAb/aww2x0rRAzecQlOUo8U6/Dr8THwKC+u8VNnj2cfcSgZFn6mNKXE9fC4/rAblS/jVFVVmso8HtpIuqVu3tXdbpJ2M+2bdo80gnkR41Ggaq6MprFGfVSfT4cDyJYatT1kj2CHNUJP9wxOpYos0qKL127abMWTlQn4IOSRws40JhTU7If+B1M6Nlt1gXvPWagG7ELNbgEooB5fkHGY0p7fdlsNWttap77YMwF4dmgk/VvkDQm7lyxuTfJSkWIlyfG4IWRVDH+V/c0ytel/NM4gd9HQOVhRKb0qr84pEzsviVs5IjtnSZvryR+6VH+bXSee+AzHdcKYiq
cqN2bYfRrUv4HcfJxNNwG1YHPk3vR8jnlt8jbcUqgu4SKUt/I8ZIPO1TUVHmLEf1zsIICUMRk6zUTeU2zrzlijAaTX6jsYojETYvfpvBC4vcJYqDAeAFfmIDlqaPaKo1Lnj5SgwLHiVkCJNi9PaiG320rHmRVZzXp7vxxuXLCwcXTbxR7zmQ9k47iLxlu5pQy++b545f4/8y2PlyVd6UaR2PhuAsK/DeTP80ZcAwulUqJqXnhPVLGyP3cUD3ctXAoQ7+o5rXZBYSDPeRBBpHCBJIVBlyQUK+H0dJE8uxT5hgVl3N/nHhgYqDPEq+4oVwjkTxKi0AhwrTWTiIdXVZ0NYLGMEy7D+5ZMW4bQC7MZL2ppW9Xk7ieb62M8c323iS
cqN2bYfRrUv4HcfJxNNwGyZpxBjLez83Pj8fPGzn9N0nIwrjZS13/DsFU26AIJxORomOfWOkPu3hAEfkJSOGiAiQQi+11xUr7Fyn81xlH3n9HlM/HGSnKgThISk/KcsM8S3nm8Qw6CqP+1klTReXAw==
cqN2bYfRrUv4HcfJxNNwGyZpxBjLez83Pj8fPGzn9N1VAfKoSFFCVCS40hulZwP0+y6pc95rPU5u9E1qhq+3++stAL+65kG3ispKL3L8jX4=
cqN2bYfRrUv4HcfJxNNwGyZpxBjLez83Pj8fPGzn9N2Jlmqk1v3Wl41TX+Kvu3CQSDnDp4ENn8mee0KqlqXUNMQLRmeajdqO8yHnDfNBTIuk3jxzKjETT/BRZqC9kI5FrgAvDSv2IdxbHwCJYP0DhQhrWOWyBfe766dK3n2PD1ecwRS29DBqaSIPB4OCGFKlfpEZMx7fjMzp/ZPRLmkFt/0p+IqsHvlGMJ0ZAaZzYk4naUYhSVKn/AW57UlJLJgi+am7VmL9I9MR3lQXNXGV6rbKdAKy/ZPqBkV7tMUFD82+42MgLUVjbZNIOURTyz+OA5cxMDgwtB2/dq0Ax04H7ptWb9N9lw+Axsxukun27oszpz0Wkgn8exus1cwgM8sZ
cqN2bYfRrUv4HcfJxNNwGyZpxBjLez83Pj8fPGzn9N3zp3NwsrI21bc8xpzamvQYVGIyx6+ZShS1ePUrzJD8lKoUdDXy4GzmXSH+5Pk8ToI14XCyn44NVz5cHwuEBAv5Q3TdzCzMWyRF/yWeHV0wv5kHlZtUhFAADPuCwUf4Mfa63Rui96l7zXhxw4xT714U1l9Of48V8ImhV7fHSFxV1AbnLy9JR8WKn5MFFj37ZrBZ2WJndhXtxCgWSo7bHLarGztEEvsfzYg/XoxZ68j1lh/QYRtGXztlT1JZmAcdSV4Paxm7SaxsBfaAAFPEUsOXHqM8aRG2L2V1gOVSGPqC65umqw8pU8/T25lX4l4Jk7mGy0Fkh6/DOCxDzhBq7MCt
cqN2bYfRrUv4HcfJxNNwGyZpxBjLez83Pj8fPGzn9N02Zv7Nhv7dBeHmKEKC9eUBTmKVnVBa4Q35+A+QjoMFnPwanDcGsLeu2FcFQpSD071b4Y3sMe0ettuorWBP2DdMnaHip/0jU8zCmDKvjSNQJ65jjoCthMwC+zxIECLNULU=
cqN2bYfRrUv4HcfJxNNwGyZpxBjLez83Pj8fPGzn9N02Zv7Nhv7dBeHmKEKC9eUBTmKVnVBa4Q35+A+QjoMFnJuK+tzxyOp1r6KikspnnXaplMga6e7AFtgRg/CDJrUZz0TMeauJ3DnC3/JPmsMGgMgWYu2UC8U81zjApHuqd16vkpLeH+7HrAbXAfcmbC0JbFtubvILVGjT/Pog/ySp3WQ7VCOImPYuaOC5f6pJ6YW4+JRD1byyNjR46ADIip+Xh9YaVO5MXE58LBM3p8X20R8RTXvCtpbLzmCUsnrDsFRoJ4RdnKXCNWYMI1SP83OpobeAyJKbt29/P/hwxJbWBgxwF18mENRFXViaSsmXV3/BoFD5Zt3JuoP1csuO3SxVR/mw9bjKZubxxC7d69hZYQ==
cqN2bYfRrUv4HcfJxNNwGyZpxBjLez83Pj8fPGzn9N12keduxMeDNlCEnJ+bjgqnaGH2F0Ksc3dWyiqcUzCS/2KRw6VOOKk2zVMqlLiA3P2kF6VmtCYPiyBEQX9bGErjzAP9px8n95L1W6j95ZF7tw==
cqN2bYfRrUv4HcfJxNNwGyZpxBjLez83Pj8fPGzn9N0CKESuO1wEOuxUr4/7UWhwYo/uipHaTf0mdw7sQSUfPwIpsdKS7P58BmG7vmQQOeGsvlVw2s21b/SqAE6UMBxTDsrBwdUZDTNk0CAv5DEmmUBJqbaRl5uGS4vhGNPIz7B7JriFvBjh3H4mGFPFUTJFp/bp/sNZBX31YWAd0OBFMahWzbk8vwPEGX3MJhtd7MMNrBPea6aTlYbUsQkGfQ7bOoDEt2gotcRUngL5t5Gr3FIaHWH2uzNQ/KR90AXRsxn6DsMQreY0/Q06Tney4iA2HTFht7U6vYrFSKB7CcPB868AJFEq7qVFkcrrOkYT/Hn2SVu4KIfPj1kXzRqL4Bw9vSiSBSE/MskRvgNFUOUoag==
