GmcONIA9PFzHw1gpPLLPoqev3ytAH5KO3S/CJpMsylg=
35kyjVfwBJgytCi6KM5Vug==
FNt9orFfFSbPIXNSbXcP2Q==
gE2g7VQeqq0h5MkG44fPUw==
A4ZCFW7RnVRfEnbtNxUDb8VFIQmzxcIFLuiIjRY2q84=
cwgQW1UgxyVfBeSrdwXHsPE1eoSAri+NViVSjTYe4hg=
pYn3RyiaY4vz2unSybTHuw==
mAzeFbkWBGyzJRgEWJSZYQNn44wFaguEUnqkvHVinQw=
NiGef/LGs6v8Em6sqLz1GYGKB0111uCW/TAqgkiW0+w=
2lfNnhNY+w/3xMaMUxJbE0YFT/wvMlSDz8Vrd5FEs18=
cqN2bYfRrUv4HcfJxNNwG5N9lRhsgCA90jYrn3SogjFPSZ2TZ99Sfgem9ZeLg4wcG6ynoFCHZk84qga/T8B2qY70L8qGFOK6rGRux7hrGQbmhM5NNfJ88sGiR0WqpNdS
cqN2bYfRrUv4HcfJxNNwG4yWZcf75lxffsLKoRJ2642Pgf7NETbI22z7c138ErD9SmWoEdf1g3L/PKJCgP2A3Okz2eVd36Sa0CKuQsaQhyHOPKimdQwdCnHJL2RI6arQ
cqN2bYfRrUv4HcfJxNNwG5GFmIOwC67nlCxo4r5fok5smAM1igTi+jjI5tYLkt8cAwFd+u+b75J1ieW7oIbi78PWC8SzjdlSz20WBt3lmqrbGsn2pgSET9Nrq+OgF1iQjmcs8sYUGffWzOCebM+ZBg==
cqN2bYfRrUv4HcfJxNNwG4yWZcf75lxffsLKoRJ26411vvmcZtYo5Ci/IqlyMrMC7XJLgSDOYRb7XEdpb1NsRZUMwQ0TVViG7pk9PjeBVTwmMhzX4hRgEW78BGH8vhw/
cqN2bYfRrUv4HcfJxNNwG4yWZcf75lxffsLKoRJ2640hZeBKhiejNnyYbwx1Y7Bxuag7QfO9miajpxASYHhDFfd87r1EP+nQmU4sMKm+k+sbI/usWVyqQ41EvLwyx/zC
cqN2bYfRrUv4HcfJxNNwG5GFmIOwC67nlCxo4r5fok7cKFHoJhoU4P7dH1lh2PQp7j908n6cq7SzGrjiQRRjpE5x5oQod/xI7khoS0adt4cy69zOcqKNsqWS5zfWC2GLayduy1fU6rOQBfOj9iS5wQ==
cqN2bYfRrUv4HcfJxNNwG4yWZcf75lxffsLKoRJ2643cqPLEQOfI+3bq7yCSMNEHPDruv+SoGF/L64IQVCcSEz+9cuLsnAiljgxj/YQfjjBmnUUcqy+q1CoX01vMHSl9Bl3knef2nbkVur6lfWsd1A==
cqN2bYfRrUv4HcfJxNNwG4yWZcf75lxffsLKoRJ2640ouNsRpf4nQheNtibv5/3Gnl/hrzskfb6la+yokTj6liAc0J3CG4EStLzUEd43UPzn752edxQp8zZkZw/jdGfZNycKUZf7ug60dT2b772s/w==
cqN2bYfRrUv4HcfJxNNwG4yWZcf75lxffsLKoRJ2643+c9dl/A53AynQXyVKmURbM2VE3duSDP3ZXSAxI90C49DF2nFVFXRirvQT8SBpP5ztrZNWnB5emI83ud9EXryf
cqN2bYfRrUv4HcfJxNNwGxoPKewzRWQA6h2tTy7KzLKP00fUCePn+qI4LmaKbHhPb5wQjVh0K88jw8zoyDoA1De/Hp/11bp51TG7H4ZMphDapKDQOGzr+q5+T8lDNR/n62dMUk1/EA+5JzWMZaz4A/IDZXVcv/6WYbIbxkCZNDmDcJpf8bNx7/yMQAUzitZ+0h3f6MV/sl4ze2QQER6h4lxS9TsanvUpZ68hTj6G/0kq48rtk6fW1PZccTiONQLnYhFPU0ILk0tgGdPboStZXdGc0kbWK0bvdrphBNr0KnUCGvaILTOZvIr8eTGF4niSo3VJRNhhVSc4IKlvF85t6D/VaWbFqxQ3w6IjLSNV5TkhRN126ajNnjmERXylGdLBJHvlGc/OJX+tPyT/0yD67XGCiga9I2Km9+IHkJQY0+NStom4h/jQNAWdyqZAy1sP80dWb/kltiseGHvkzF4ALy/hzWk0DaQb4Fqyb+Zm/yPdMSQTLaxXeH6cEP+1fKNzRVBxAYrHfD/kiVP8i1fDI1OumQjEI69hsFv6JycQPP2MMs7wE6S4/Mzcpber2tJnUqG9JvCSjJ+NlvTpAlnHSdvT7qxq0vGrxK7njSRX9PvQBPYGI+Nq+Gpms4K9DotEygHlstrNWrPrQ5gqGDZN6GScEgV4DskaYpHOHfLV6FbJxUsH1d5SC3lk7jQI3LYf73i04UvpKqRn7+K0SE3cEHePaROEHsotMHX/NOnZ2hk=
cqN2bYfRrUv4HcfJxNNwG3BvLF6G/ce4a9nALZbMI/uybw1chYzMZmXC5YbC7Y0JVtK2lXbuQzg14KzVJ0PlLY9tmz7PgtXtsIligUJIIZ3aoU991geeTOX9SduNmFy0p/QWeFrb4FSrJYccMMTgLr2C+SDfsdXch7Uo17dnJiaWuZFVLK50uCUZIoVj+8PkkkElHXk7XiTG9J7jbaEFR4BqJy0ofuek2PD8Q6uWDLct0re4RSZe1vZv0DPULhPaGUV8c8ZF6QOPWFKhp2PQZaEdoaJn+kjuLiD5iQeLXU1LTVqH6XjlHPHb66IO7lNVDDxv46ZuAeP5j1fk+5D6wFPAQICOQy41flD5r8umYuMns8e2/3Pnctxl3dfTHCnWZD2JJZFprY1NVFe2oSjDM75aczfoZDkyTILU1y7HDAgXmzBgPhy1bix2fYEaBQDm8CZYanfmF0aqOj3ifNIXvrsxvQTAAJ6dd9U37YH9xMQU6VeYFYCsXbtHSV5NC1COnCw6WGUqbJMwpmex7FGttpHVyLKk7gEdnj4ImRJ8eur7o1sfETGyJZyldqJKTOgjx191+HSFnN4Ukm9wQwwSNYzDlOOBuT2VZHxVZJ5IMlYeM5VDa2m4bBiY5fDu35j/3vf6ph3fgfnJZ0Y/dzlsaOjvHAc7+4xn+C5Rgtdf3Jph/+MRmzouNgS8VNTBzpVijr8t55Xii8uhW6c2KE4aDQ==
cqN2bYfRrUv4HcfJxNNwGy1VZ0jNCpiTYLbfBpVQhco0n38i18svfMUwiJMFQhfnzKXlExZoJlBd+PdLc4Jm0KRF7mt7gmCTwkrnvUm8fjbCBPbfAHHmtkwaGnMIjnV5+a/dPCXILXRfnzZhEUaeDab7D8uSjq5vSrP/l0Ri5V2uMCEJae1r+qowXG3K7uA8VYpbvDZXrciG8+EBNit08GXiiy6LbmwdVqIxEMElg8kSYY/AIeq69UMOkqrOAbXGZ9lZ6pJGy/zmTqJyT9CbPq0Z7YRnoxYlXwCBeaw3Tua+e1Z69Dh6K9zpBTAI5kXDxJU2KRT7PmhE87cFqAaD7l/eJhrsh/9YAMgVsmsewxj2uxI6akCMypYeGhCp1Zg+cAIrPnGPy+6Ikv4sIy9UCEl6qe+TZbbmEppauSrmcfDsrRWMIhVXu2TxvyGnZDZwskBfSDtvC80qEc+ap7yNid4dpj6lL1WqHLE7+IMZsu4m5q4O06I3DFUHRzuhM0lq1u1AQuhZt9e5wamz+FgYqR6SGQO9E1Qsmn7s5mX3sFs1bq/UTStVC4EVTcCaBnk9OE9bKvTJjBmBpxjmjvNDRAAq87hZIQC2aFg7tRWZVtYecf1h5Yyy2UApIMPvHKdY46V92prK8jwqr0vmcCdGiZ+Vj3khA1hIUsW/9UDome4ujD1pDvB5gHAZ1LV3EC+Fb1tVkkZ6Hb1oZSFD2DOCZ6n7X/zjQYyst2PsizaMxLI=
cqN2bYfRrUv4HcfJxNNwG7QpQ1chaaT28IRPJXSO0bv+UTKhQzIja8To3U2yDatQ76sZGuAV8rfmyWZiscpsx/oLbLexkRHEhNfIuy9qt20BXGrQ5UQakLy8QemWNsp8
cqN2bYfRrUv4HcfJxNNwG/NedZR0sZhABkP4fkZlRm4sht8LqogSRt2sVsmHHGb2Ahf+eL8jfH0+czzClNz0Y7Gd1VMEBgLKjXX06P5MY7oHoVBLWUb3TokmjwRFjMjO
cqN2bYfRrUv4HcfJxNNwG+AWNkiLTGbF57JNEq2bDNI8s6HMta5aK/x7SCIHRKuzU+93/Gj513ahm2Bu14czwIzeg83M5/eYvfuszP/brS3DEMcot01OQI8EzP8bcdGh
cqN2bYfRrUv4HcfJxNNwG+AWNkiLTGbF57JNEq2bDNIswYcG9QCmZaqcCyQJfQy3QYQyXQ1YIFpCNZuOAXWvKw54XrTARQueSlqW6J+BUwrWj9W9XyahJ9+loVmuLB8u
cqN2bYfRrUv4HcfJxNNwG4zE1BgC642gvKl7T2cV+9mIdR2v7/z8TKmlW1gESZC7tdwnftNw9Qx0WHkRnPizAkheBcWGpjvhimSsQGP6OynvWDYWmazovacm7ClXLCmq3yAuMRAszwnOwgifULQaMw==
cqN2bYfRrUv4HcfJxNNwG4zE1BgC642gvKl7T2cV+9mu/UPPaGC3DXVaoKdOaKWfGtjKca5c63ncv5R9wDk3QwjhO9bZEUAGcb1h9he1vnoRdvo6kXdgA8Oq2M70WBYMHJzX/hy9WNU8mf2H7GZQvz8xtDBcfFXrDZqZbHACZpHEm4sM2l4QnNme858kuTE7K7xNScVkejYd1+eoUMsbKh81CBTo3jU12k5+VXWVjX5XgOPbiyugk5aNseRQQ+kOOxV6QOcXIPW1VV5Ie9+04h0ZLPLM9kDkx22Lu1sdkvTwlo/pFBdyxMvjQTllcUOsm+2vSxeScu2uNbCerDs2qei6dheV1AyLCadVmyHufxhiK5fgCPheAO9K7P4Z4YRo
cqN2bYfRrUv4HcfJxNNwG4zE1BgC642gvKl7T2cV+9mZmhSkj+ZEOjUBreMT8qIG+8NP1gHg3H6H/5O0chwzpo4+WgYOBR3hNQRSU1lZ8/GUZTfhg1rqUZRDFe+BG34TTO/ETot49HVjrwQWJbAR+A==
cqN2bYfRrUv4HcfJxNNwG4zE1BgC642gvKl7T2cV+9nozArOLNWFMvpDA/Ubd4DzNYS+KoFNxvilnMAKka0Q0s7wvt1x4qsDiskOWTIFxkWBnKF6zmwrRr+m6uLRq/MAkWsOsA0i47rnVZ0ODYynVmPsuSAPxm1e6emuQMpbSkFNq6Hl3aB69IL7Igo6rBBZr1sjvUPDIcBkK3p/ATIdbduVJhL3w7H4rkCrCpdZC1u0tMleLw5hx5h1gWwyJtfwftkvuS4Qo7GV7w+7oH7i2SYGvGBU98EJOi3xb1FcUUneQV87ncLMJ5VsxuukttbZ06eODVAyeoh6p9VtRXyeUVpd486DLQtcZ2/VgcEKbBwXbGftiUdtWtxgTcgDkxTJ
cqN2bYfRrUv4HcfJxNNwG4zE1BgC642gvKl7T2cV+9mBWXF/dw9+9po+3mzBp+kgNxyafRyELJGbNh9eZsksbG6DChJfkd3VhgRZ49M0m9cDW3Id4/mfrpjDgLG+yH5a+0iCpx4LYJmTCsJDQi13W6y4c3JX5jSWZwRlX4Yi2TI=
cqN2bYfRrUv4HcfJxNNwG4zE1BgC642gvKl7T2cV+9l6EVrScZM1L5RVCIkmEPJyPiVPeUAlSE9+Gc1cVwxak1YV1gdgjETFPlGwn9I0pYjBcqIeBQqgkDTGV3QDtk9giI9L2TXDNV9KSxQ/MwHOXf6x9yG0v3umxZ4ps7XTkkAH7/LUgSn++HAgEpwlm1U+lFGbpALEc9R2/NhHSOaQQzKis0IvYDp0wGKpD2L2DvhWYaslIhn5jhLo8eDkS6i0nbBnGUU+zEy40tVdz+DTmfLXn1Af9xD8L8p04zZfFiV3gG9pza9CuVCfhiWag0RYAettwiHE0ibbEm2Muyeah8tCaZZF5W/HX44MZpqIBlffvmZrvqy41H7cQ8Wgfz6mHNCnwFMoGrDqYf2VplErnOZulXg+Xu0V2gxSz9F2USg=
cqN2bYfRrUv4HcfJxNNwGzPTN+T2tI6kGu0IV5Cg7q4BPkuzks2FakT/cJFtb8nvHMsEzHLjjnP6jrsNpvyDwjeXMT+1svoIEuyBS+y6DO66+d2uJ71hqwfJpt6yd018
cqN2bYfRrUv4HcfJxNNwGyypT3cQ6GZ5B342mjYAQE2vSvpvf8aVz8xrvPtNzQaeQLL5025V+TWaYXkmg/v8kdT7Nv5lOXJw6CerrL51XYNoxcI4iWFJINpFx2MW2UfP
cqN2bYfRrUv4HcfJxNNwG4H1uyZJ8ced/XTZ9K+ucZR/Kk0mMKw2tIsRLqi0lJKxuyy1uh++FfxWvBHv/OLWS1XPgJu88g4QRZncY0t6J3cAZMCPVNHPfFXWwDJh5WZiYDJTnQQdYgdL7ltNsdeTMg==
cqN2bYfRrUv4HcfJxNNwGyypT3cQ6GZ5B342mjYAQE0KFVYgYcz1sDykD0fMXrbjb6TY4LSBn9Mbn3x1dpG4AmvthwDiWelzcXIc9L09j4RYqMB7qKYN5PMzijsjodxL
cqN2bYfRrUv4HcfJxNNwGyypT3cQ6GZ5B342mjYAQE3k75wJ7jHsgS5sunK5r0EkN6p79ffVcftadD+D/u5LPrJmMqCQAk0mXtkCp1vToOWhPt/Z5GcanLhsOnZ0NYN9
cqN2bYfRrUv4HcfJxNNwG4H1uyZJ8ced/XTZ9K+ucZTFHMQ/y2shDTfU8hbyaxBAocQXKWi0EXZuM6yk5Z2hqaB/mlAw1O2ZdXTGQbrEbrSsxjk8hhy9uVs2zdDz9+OaGvvE8zlQkT0GQt2pTxZWAg==
cqN2bYfRrUv4HcfJxNNwGyypT3cQ6GZ5B342mjYAQE1/0V0VOQVWtAPy+8YqqJKb/LQiJe0mPt+gJyi5u5OrWpJ3Qk7G11DCy/obbOWVPzHI/6p7B4OxFgYbaYl5uF7junjF4qBfb29L5KN43ZTsyQ==
cqN2bYfRrUv4HcfJxNNwGyypT3cQ6GZ5B342mjYAQE39eA//+XdSl7q5T0sqiKcQ/01RcRqKzIykea7cgOJyles3nUIFf9yyG70gbtjAcnfjIlhuBvU7tP5d9X3oqUCjsOO1tnbMfXO3M7Ulk+Au9A==
cqN2bYfRrUv4HcfJxNNwGxZyy11jhFUImpU/XZ7SV8qu5/OeCMXJ1QbY4LjSRNh1cPZxsRZS4lhIAfOsy6RpazXB/uxe/sHBDQin477t0rXDNwHveUajWoUM0atVsd2S
cqN2bYfRrUv4HcfJxNNwG9nRH9OrDV8JWgqgLh1VGrLaT0gVkimGYZkUTgNYUcQ3MPjQQWmwYzDsGiBYN1PDwzAeTYH/OIsYvmLTg9TFOEHfkyXRW7NBl9VOIZs7E3WY3bXQe2eErE2cFblCEWhRB8Ebt7I7MK0FoJAxi1e04DuqxYshvpReOl/LasfE44ut4ljmPp6KePuknGr5WrZWjnhRCYTa51750ip8IC/Lj3azWBNpGm5Qc/0dKGaGll00Un7n7mz2e7LG/otCM6B7D8O2PHYmkh5/nAK16gIhUOVuVRcTYomoO+GanMVgqu8SGlEggtFUecXgNFZIJCotmIAxg18og5cyVTI6J30WPQ6Hd6uw1g0WFRE7uX2ETKDOtGnpBCJsGIBtU8JNtaWvZCIUCaCiXIh5wQ1m/iXS2Yl9ZEaQUgc8H1OZ2qdy4Szz8NH3NYaPcBf01RAyEYzayeYZLj7t7lk44HXmVfGNCn+mL5fVQzvAqnr/uJW/X7z7Ya56LNmKjsJpMx4/lgFdlOaR7l742bPgX1bO8kSC+oV5wHrexu5Kn2qoWNh/Oo1jrYUTP2fkP0OdqB58Kbbavk1fHwivbbwk7N0E6mHukRwx/stWRf6G7ms2Fr5hYm4Yxlat9wClwDLl53pUaDcY4+w6tEDrmhCO/JBy0VcA0kdHOD/D+IDcG6+yX6QW6lr3aLgGVnX8IoDVaIQ/221ciXyTYzLhqUX9iZ9DwndqwxY=
cqN2bYfRrUv4HcfJxNNwG+oxrxoeT/THzVNRdL11hQoXMyeUzdgazgTXQaZKC1R/bsDKunWwbU/Hz9amiDZOzDwbXjjl6nGohgVIaFlN8AGMVFXKA7djNCE5VQnvUc0QZykLf9O0mDhm9DHPrKl5pLryU9Jag6gtYFqQjyZKGdMXxZiqfbeqCe9Ed9PxgrTvlvlj6jYcCPms0C2MFgau10fD6fRDXbu6FMhgbP+iEbOZgKef1aF+Q8LbadsZQyl3V7vnZFtjHAvuar1U8JE9DKH820gkR9lPajljaHZ5w0K+zfX+5NDg9O0e4BcdTUx1DnAeMy4qZNo+SNJ1jv85fTYPGXD0BkYeVzYORnlq07f3X22aGNvEykhaGmLWWEwi8dE4xbkQwGd5i/WX8BS35iSTfUOkibBZegRliYqr6YYzB+mpLQyd5hrobxctZfX8uuEXpbbmHJ0HOkSciKH1Iq7AYrwpMJQ9g62wqvrj28kh7PRHfNl2ZN7otJPGh34vA6W6yPNEIM6OPgc4EkacL4Cp/7Wfe3UKebkBepjIEpbiJWkyYPHNleIojDg/kpXWW/RK9ewxONtvdFok2nS+ApfcEU7YldZR+nuRNKIkLmgyyiZ5I7Lpl34E8SyQihhyhohIDnJNEmLk7VMChEJaJbC4R6+/VObjRH98L+7Ac9ciod5sfvxPRwOyE8zFEGLiPxuAuTwnwILLZagAzO1/9A==
cqN2bYfRrUv4HcfJxNNwGw1nflPHKuth5a72PUZZnWPKqxheQa+lfZ2NbyPd+4tlakFiyyq8gf07RHzWo2hTiAZO1ak2l6X7xP8TLIn7QVG5lmgRoL37EbvnGmr6rE2U4fuzYV+hIb+lUKz3fOw+/sdDc/K8NcM0f4ZqF0MrRNZCfUBJCuWsBRZZgM8MyEGOKNc5JfmbHvtLcHhlXrqk8AkpTB5Zu7y6BfA+3SoLTDisngroQMOVtZIx64Q7mHV0e0PfS++GtnsW0W14kt7+4KyTwST8RTLeJN7kDKjQMdwXQbBQRU+6OfuXxdppchxBhxu4ooJKMQkmtnieJQNOGHaRnh45dADy1diUzTkLLcihuwzzjDsy5fVixD/+G8Q1iKui3rsc4iO/P5qVtjlntG5wv4sEZJUbrc84LxfPDWcDXok0ccBCPdrfPWHZ3EZYwYro/yYdVV77INhD5thnEeSnF7RnBd1iYTa7bWtm4kn67qQ0LARFX6DJHrNGO02LfzX6qRdwRlR6s2jSNb8VdRPh71Lj0ztXS2oC8CYE11nlpvdehf5CJcUGRGHLmqMgYP6M0Jvi91FUl1FDNIULrvF38SNJYQs1bYY6ePlRqyhs/qEIIlULgsRFOeET1CTRsP/0gFt4z1+hEVsFCXpg9bPY+LoS2J3nNYkuLZYJ0ZLDekchCqkEBYmPpCHwIfmQfXqdrM7uaZDcFTQaIh/pqLISKSc0qudGT2Trt4WuMcY=
cqN2bYfRrUv4HcfJxNNwG5QJ7jRs7L5Hxaj7nbj6P9bk1aE2KFJ+BHwoEBVrwavXJdELNnVfCbYBSvMzUodTUFPQRuyNqouNdbs9m9lWJVCMoIbyhiIZK1xgF46ujRcQ
cqN2bYfRrUv4HcfJxNNwG5QJ7jRs7L5Hxaj7nbj6P9azvTxxtiR3qa51DPj2PHI4wDGm7W8nT9Fi+zlHyA9rEf7C8GfWzZMRDLlViFiHyQ0c37yceQjdmCaxpZED9Nmu
cqN2bYfRrUv4HcfJxNNwG5QJ7jRs7L5Hxaj7nbj6P9a8nMTBfZo8d18UbalELjA6KOaHabp7Mq1Z+vpcwez1E2nlZY6Yrsr/VhhVau3lqMpBbrqAMKPxOuWuNV8bgvKr
cqN2bYfRrUv4HcfJxNNwG5QJ7jRs7L5Hxaj7nbj6P9ZVe0XBGv5oDt/3vU6ezjcOLPPStnpEWWbQE3tU9erXVBAnz5XNpTjsJXTNaSTUs7VJoeNNHmEqfnVNYoaLIvqf
cqN2bYfRrUv4HcfJxNNwGw4d6lczH5+wD/z2Owbo92+SbXYmixell+mZyV4kxZA+vqJ1ymuNeaaGGpsxqFudlO2FCFeibceSO/+8YRCovrbnfohNT+R/3LA8VQbZFi1hy2pQiYmFTFb3+Wil32QH4g==
cqN2bYfRrUv4HcfJxNNwGw4d6lczH5+wD/z2Owbo92+vUkQjbIOwzImVM/PPuDwuxWCUouQ+GIOT8zwDf0GMXDe/Z9RyVEijKNeMVc1dUd770kL5tUJdKJcufS9vFDuArHcJef21OXBboCpfw0tfAksuKD/Nuw1JP/a7+CIxHs960MXXf3oUs6Zij2T62fBMfUBugzAOePinIl3FlijxDBeuJ5Bpzi0HRSI1IBPfsFTlATu79Kd8NLK5/NzccTYti70yXKuWZS+zSYlntLHg3qPHf2ZaLuTEtPByJytD5yXheS6pDOen4sqG/Fp/K84e23fuZSrFnMw0qjvuW2VnUfnB5RRnPOo46IQJf6AHwtVeKYTqLnJ4Wdjn+rDOnTbd
cqN2bYfRrUv4HcfJxNNwG7A9QMj03fn5qJCR8v0dT7SaPLDhOjsm1zKa/aP8ggUNcRF3oGzTN2yvAOWQqrv5jzNM06VLT/jbRMwvCrIrpdJdH7ZiYtZscdCyxfORkidaEKlnu2EQ4M6R6jXkXFpzfg==
cqN2bYfRrUv4HcfJxNNwG7A9QMj03fn5qJCR8v0dT7RghtlwMq9cd3zh7W0h4o5wUs4ovYtljK/5M0k7gHKjkrkftfCiOFBHgL2RsW0FbCUS0M464Am5E9kc0TJ15GH+qNXq8VfzhYmvfrtnsLU72DTTLhd9HfA0Qb0y6lV2edbwFL5p5j8YLQEnZl4rlleeCRVDGt0cPeeJMY0avlI0dqNppc/XmqowOvhrQIfW4HGCpMav7LYm06GvtLlJQ6g2j4eVhqDSqUU5osCksLswFvdqSQctAUr9e+RBfyQ6dYHo9gG0u5w6LqtV8hUwEZCueECUgggBfEjtbgE8Ftx9Jh+aNseKpqSgP+gldWcBxqq01CXJS06+/h8ZTTHksb9C
cqN2bYfRrUv4HcfJxNNwG7A9QMj03fn5qJCR8v0dT7S/H093A+FIM592Q6GPZxERDPcj//N66w0je+Wq/Ff6JW9b4fU8/jNSa+PkaeeMSV0iQ3aPQ6Gt0Cfq7s6jSvv22vpkcpNNv5l/eGN3YiLqHseS/6hZIzevfMOPQX24O+8=
cqN2bYfRrUv4HcfJxNNwG7A9QMj03fn5qJCR8v0dT7S/H093A+FIM592Q6GPZxERDPcj//N66w0je+Wq/Ff6Jfd4k/LITgOUY473Pmh3cGIX878CatkPfPzruu2VrooM6yyqIhQ9HdS0FG9ohmPpgTknmejH5FC72hztGRUFaMoVJiFjeHAMBp+KA29rY9EkdiPgXHcp5tp6Y1Vd7EHakvmBq6I6hVxXwL2p9tDd5bwu1dalCmo+3H8eizI9CrXpqA9zctjLOUQ+PprJK0UQvLtc7lSdwMIqc+RZ3uMqR5EaJ3BeYgNaDTPLU/heUtI1K1f5n3GLSe946i1p92G/M1ekOXcF79dv/DeENxs25bTFwntulMqBqG9mp5bT3+mapv3IecvwZJbdZsifFhv/73I9f7nIHkW5vyN/RLdTHm4=
cqN2bYfRrUv4HcfJxNNwGyfMoFbYHZTM2042ozMaL89sGk8JFwW70dJytBIEMHOxJAFsq672UHtib1RQcu2yqIT//U3fWFswwHL/Md/YJZnRyMKqWJWT9yL59PfCIWo8
cqN2bYfRrUv4HcfJxNNwGyfMoFbYHZTM2042ozMaL8/qru9+vf8Z0f+vkfJinvJfYZC4dSaTBjetPdwuTf7GYT0PPmJ8UPsKrClqWzC7Vc8ftZlWjF7ZjOax88b19/4/
cqN2bYfRrUv4HcfJxNNwG1D8FjmSfgKeYwVUF0NcuVJYe+e+d0eSSZ2McRpkZ77YPCEOEFS446NazCEhp2HwJkX9KOLBCls9r3UPoslR/T/nRffPQzs1u5n4WQ5cxGIk9lpOh3axcZQQaRbg/mIKMQ==
cqN2bYfRrUv4HcfJxNNwGyfMoFbYHZTM2042ozMaL8+SI5YJGM9T9SxK1GTLd0XUUXh10pSFBiLrfFeTU7YGgFBOnAbkM+8jctuOlLpydpBbIEorefwqA/yfcfqxsyk9MvqeTM5Cfeti2c8iAzf7ow==
cqN2bYfRrUv4HcfJxNNwGyfMoFbYHZTM2042ozMaL88U5FCFtqSrMA4nMvoWFLNGgDZfMECFuq88LWGpLVaYR1L2IyX0luplAmIYQH3SG8jZtzVOPdIiED7UDISb1jkk
cqN2bYfRrUv4HcfJxNNwG1D8FjmSfgKeYwVUF0NcuVLOcZ/Gua+du8FYF0FIidv3Az/ZYefh0IvfCxgfGGPu2m3hBR8NSRh1OgQ7C4sncA1Vfejmmeeq10KypPDr/Z3aCGu2Semn/J2IiYcHec3Stg==
cqN2bYfRrUv4HcfJxNNwGyfMoFbYHZTM2042ozMaL8+ji+KWdV7ipH8zn8ZU1hIFldR+eMyH/y7tXmUitWsH87zXf3af0BQrabsgP5LsG4TV6ozeTULzWn4TvMRvIKAsXEvtYaS6pB9uIwr5GLP1zA==
cqN2bYfRrUv4HcfJxNNwG7mfBTg0qxmw8Fo1H/4HJUhJqZJ2t2PhMLL6qA2jJPpqwJcxf2mvgv+vgJ4w0JoQUTMsRjIgExMC6qV0ioDu6UW7GrVx4lyjuomsLZpUeUmDHjGO6GhWLT2VdxOngDLZJKEaCY3Q+qs+IXlgQAUo7HbA26mrTjQwopijT6S/nJI0FSP2uB96EmG0EjJQVQuHbK7PJQNhZOqjOfbghXjhLqtx1s4dyPHvZosWTyZ5VCKuIuNoYiN/UtKfO5uz8btVmFSQ9PLEC/L7IMyUWpp71yY538lkOq/SuclBQ9tebGw39yzACJ+elT2CzYpCd+3YC/7jsLrDXbpts3MqH6wLqTFCNSsVJOVvy0XEc5t0+No3vGvFckvj0GhNNS3o1lcY1kmBAf7NQh1roU3ku8IQsAS4GlSGVG5qFxlJAXvOG0Lrc1ebahDUDLOGo19dlaKYFpABEbdgBB9YZJH24lYtZ6X/cvxNmOWCKHN9vDcl5xkk1bphdYi2daZeSSBf0qRJyagTlNP3NLt69xArwIyWK6QNj1Di3GikxvZaeP3I6FGHmUQuH50eKZbAQ4Vu54QjuTQXpXOK+AJZSTrg1wQdH4xtSZcfv7gfQlZE6qdHIeVaAXT/HKOj7EMh6ahVcy1NUmc9OBewlZhvx+ZcdNoOnym9pm3AtYHCMid4Plsy140IWPCRmzRlz12LKojX4YQHoBwW1dGrEZ475nGPo6Km2NM=
cqN2bYfRrUv4HcfJxNNwG9Rj3t8CEe0ed4DpNUezi+mw760WFOB4J7Afx9AcmRBycy8ZvrgO/cA7dIRWFMWbSk0jifhdjPuUP4fheGJoTpgxfzxpy2X5+pyTuzvGpjPO
cqN2bYfRrUv4HcfJxNNwG6KKWOBMWohR7IY7i6t3SV/fqk9BtLNVRWZqdJMBfyPXerTDRlj9pDu8o6T1JdegBO9sg5xLpRLtIfo+UfVuefDZFr7kir2Cbgwc8CYHZF6D
cqN2bYfRrUv4HcfJxNNwG6KKWOBMWohR7IY7i6t3SV8RMzlUsqWDRIdqLYHaNF6kDrk2XbCKGWlXew+UNqQySeKahXwyB3YaBRmvrHaSSl88fY+9pESVCJBeLWUNxYGb
cqN2bYfRrUv4HcfJxNNwG5RFucsnFcIFGmI7kkOcxbUA9Abh7QoamTwn4IPPg2+lv/UwPXjVFliiUce4V4otmGEtFGAjRZimopUTSOmU+f6EZzP1bSmG24KyI8a9nTFFt5oiG8EAIjwn2IAOR1gDFQ==
cqN2bYfRrUv4HcfJxNNwG5RFucsnFcIFGmI7kkOcxbXinc/ph8knktF1molV1Vazq6N45Z+5UOEDMdFpiWhHjryOnq2CxfOItNUBYSYhhKWSla8SUZn4KTzp4BeZ2O3b57NX4BTI/B7XAzp7GhKwSxI1u0v0AjcbP4AldvCUb7Mu9lozclQW2XWebux+I4bEbOjbClgmeqTwI6xd5rrs8QTD3txpZtee/AngH2p79rWV/1WWXLNMTZmSJpDDlvD/OHP79MxrqyjVqHMPBgbGL3AhluNUz20y6d65lbMzL9D04vxQ8hcTQOqSLYKENwnWV4n6sEkrLeAyTL6MnGJ8WB0ZsEsmIB2/pud0IUPXbZJOi+uPY+6jfZD8m1qr5PUI
cqN2bYfRrUv4HcfJxNNwG5RFucsnFcIFGmI7kkOcxbWOPtR5mvLQOv9KajLqNP7JSQTgW82NIN/92WapbFFNwoWVh0xx3uP2Mqdp8v+na0dI0AmRH6X0a1GkXZ7ReVLvfnaWTlIlCFNG27y+8uWRQg==
cqN2bYfRrUv4HcfJxNNwG5RFucsnFcIFGmI7kkOcxbWpV/hgiHeNAMimZ1oZ6AaoZ31xZxYiDfxKyk0sECyrqDYX4XkaLYllT6r7Zx/LtaygJuFFofft/RADtZNXweL8auvZIrEkcRCiSOMwrPEe+zQ8BJJVARNIBoTyzUSiDE9aygVgqDdlpVuNDBWnnjI/DXGLVDD/+HA7uuPI6IEg2yOtJKzJTWVyjEmZxaGLn31D0f/r7xbLiJl9/5RYvMhlT4gSwXRdawq1G9aSSNkgJnLJRooyQxSWCShvfPloseYy4pOLHloETxqCmxywOCXx8KNlXfhdHb/uPB0XiKsDEElzHhyzwzBI3sB2fHlK0MhPIWbHOYKSsVNFKXGjnqAy
cqN2bYfRrUv4HcfJxNNwG5RFucsnFcIFGmI7kkOcxbW5kOsXGrvb9uNIbrqukAe+9sH1g0hW0WRyvDrVD62GK6vRxLGAL5oy0uiPquX/uqADbIJ6G7gxnNXtaFo5zQ2qYpUe38RWrwpWj7CfZ/aHhiC97OPAHi5jH66eon5XefA=
cqN2bYfRrUv4HcfJxNNwG5RFucsnFcIFGmI7kkOcxbW8E+ZT8KoeV/QmP6vCwtTKw8d5PgPG8pOTdOnJTXpFeHk/oeTCOAX7ifd3HANhsL+5gDQ3CXXni76zxBkfZCQFdUolLw/+gAOyQ0ZC01LcQNtPhqZy7LRIiqDgcAtr9uQY7E4WcEwhwUdmpLXgHQarwjk0fxb7roDw6X06ajU1IyUtSMlkE50sNflALPymtUqZOv+c/RdTYy/mVppg/B1u7bUGpyh9EBxKeHm2+OvxmMtDRINISUvKzOzK/v1m1NxavgIY1uAOFscRTsZFqGEmfTZu4sXPxboz1pwwSFY5HkmaNMsLKkXnGcQBUxcgpO03nz5IzxBjTCy4AUiEuORNmFt4iyZT2mAP5scUsyK07neEc9iQHBKiUQiG1uydulw=
cqN2bYfRrUv4HcfJxNNwG5Uhov2+3i7hBr6NpNl9Wyim1X16X7ni0M/Em/nYTXwhILJXTC6M6F0JyaVI7KXxSDstzCGpnHR/91ebMT+py33+VmAa6692NcGc6PY8WXYz
cqN2bYfRrUv4HcfJxNNwG2taUrKNgDq8pZ/k1avnB45twYzjhEkR+mkm39bmLPDEhmAp2kk22B10+YO/KdyfIN3aEX0478/SORwk/NrZcibkjA/5fxQBTmaMGY86IHKr7jyXLnM5VHxz6+nEQ/hBzA==
cqN2bYfRrUv4HcfJxNNwG5Uhov2+3i7hBr6NpNl9WyjEYz97u5TBtPhlFAeFrRCdkB4gJjQTOtoMOxzaLIhHIl7ddPMvYKMJ93kTXMvgkO7jpE+0W220e6n8u/nA3L5g
cqN2bYfRrUv4HcfJxNNwG5Uhov2+3i7hBr6NpNl9WyheAd2PdFeDK9H1KfANgucfM7P5GgWjiMj8o3cPL8qCnFIErfH7zjQ2C1pwYJMVmvnmQbgrWStPROuXx5NZPVYn
cqN2bYfRrUv4HcfJxNNwG2taUrKNgDq8pZ/k1avnB4715IcTDDEI9zRi1rPbJkL4KAbu3B2QlonIXAKTCnhxVvQBHE6MwG7lGz4/gLUVW1IFsKK7opimWhj9mkOyayxHC/KOj7+R6Oje1FObvYgrmQ==
cqN2bYfRrUv4HcfJxNNwG5Uhov2+3i7hBr6NpNl9WyjuaFHYxp8mSTRoX3IgRuvKkkPgPYTkOdwo/z/VMX/sEIcvl9J6T8bjYPotBBErMUMUcocJkbajA30s+hx/JmbolvAvhnwmOL3j7SJ95IDjNA==
cqN2bYfRrUv4HcfJxNNwG5Uhov2+3i7hBr6NpNl9WyhUEKjy5Z8pdMxHCpqhNKKRSKAk5Fpy7hkOHsFJuhRpZc8Yj7JUed48/pHXdL8PHGvVVuat21PfDU/2RU5qEAb9Xh/WX7eoG+DgnUvEsziQMA==
cqN2bYfRrUv4HcfJxNNwG5Uhov2+3i7hBr6NpNl9WygLzsGE8SVXzuggTL1CUANnk+q/Simphh90nSAby3vEbChpcdo8rDT7dk4jbodhC2krlNfr4qsivoAWDMWU3RZf
cqN2bYfRrUv4HcfJxNNwG8a7Gog5wEwAnw9BIEG7UhG4yOOlNeSs2HU108t9rolGlTjFZ6gzczC/MiOiPqlDXt7Q6kYun9Z1MxE9suV5b/Uyu+NIZZ9D7nRSDjfRS/Ro3CjV5NyuzVFIJQnkzUpWySYYDPpDRDyQAosi32YMKpJHIZYQKmjzPaiAxtJpk/C96ANPShTVt+Hmg5gfhajSBuilKQiovg8RSyzG9gPO6hG5x/OH3+GmL+yQZ1GAlrSHZqi93SvTifCIwuzCQeJNLUXnwDpCfDbHNSnKdVVS/UVjS90/SqLh/LPmwZN4Iir6inWXhJsK39o6qs31zRDBfscUJSB016eQrbsseBqlNKiatbuqVK863xPfB+ESW+zUQGtN6y2itYfBNEp1io1lG8sx1NM7rb92sp4D0JgX8czUARgL4sy9k5OVASb6tfHUXFkERUT5eBqJRnfAvwjq7f1e85phEDFq/a3b9SnxciYSLuhdV2QhMSZmllezLi0vtAVXgewib7Q5dQSybshgiT572m1u0e2Q9bDfKKawzWgGPInFgbTVkNEK2rt5y2CpXrhsXQ7XwS4dRhbAhqRI64WX0G54kQaz3sCmLrUSzG+RME839gKzjlaRcD+JOwJzCPAV1IPbl+e3dCQsG2FIuts408AnNfTHLmWs8rPlERcP9gmtn7jh+pEb131eUyulykUWGhX++VjggJ5d1pObUbAmWQtkmP4BgLKXF1dY+CU=
cqN2bYfRrUv4HcfJxNNwG75JhsDjwloBveyRRJEMy+0uhmTvJGeAfn6jyExtGvkL1QGs6EgQWOs7mr0x/grgkfLtMjc2ZqE/CxMZZFshcjmWEf4RYQPlACY/0+d0jvAmqjt8hFO4TiKvpaQnLpt/zI2XpqE2WVmL2bmcBMfWQWih/TtxU3iRnjEf8LMN4pzbt5XJNaGsXS/EZGQQ9IiK87UADknKdjTTAxSyd7OrKG8d2+Kucp+aSz+FkV+CiAiqRXyd/CALHfA0b/sC2Hmqgxf+zt7QCiNwMeXZln0jpQsap4Ck0USo7lGLNqlKbiKQNZGL6WnjCHzjA596iDcFTckfZ20+sbOvEUnQG8Y4yCnJJAP74xbcwFTiDto+6+Utaislqi4s3S06wA+8VxUjtgjENzW+C4Sr9/IlkTjWsP2zPndNlWgkvOALlW1PZZYAGe9NxqEHxLYw8OFjaloIfqAw1JMJx/t3HsbUg4BAtpLWxtjsVKAMbA4rDkSC6iZezL0ZtwdSKHsXzLZr+JXhfgvJ8D3hpgjAVP5nEbdIxxi3F/1iDQba6a/T1bChBLUIc1Y3vuwPIgpkCVUJBytHtswGVwTjvLEk9Eedc33mawiBv19fFUBby1eNGVbBjAuBQ/DtcGADw+vlnxpnFAiftK1Njr9NJ8KLJStarR5HoVBu7enzEfDaJ/7og+6+xoyHRlM8ZlNihkQLbb01gm/hKw==
cqN2bYfRrUv4HcfJxNNwG1sFlq/iydG9P6CAmC8mznfKVgoIiqA173/yQ1vz/wb6dQn3dmFXdRzpFSfTtC23O781EioM4/ztidcjUxTL3fnOAuJPIE8DuvcgzG6xA0YaxAMEhj69131y3/blA0TlX8O+C0D4F7sZ3vq3HMz05vGGBs44svwjJmRRu11DdCY0fT4HpNgRyvHViv225WrEwujCscu5gDejucjaSTRGLP3pkW7+f17lF15fPr4bQ3m8afqB4sjAD0FdSdahqgDoInISgkHxUkvS4u1pkm0H1Nw3k4nBnbSSuxGtGAlj8hobPx9E29FmJSk9UNWtrBMZJadin3cdQMR1WQsGy1PAjzvWOAj6jWnYnv7CqQiPGRAphQ+IXf+478xyHMw5qVnbFq1EOi+zgjM0+XhWzOzgEEoZwSamG+a6xlCxuiZCD4+Lf7niHMB/zTa2wHr4JqQMWpBotVmnNINvgmbEcoaqMPn7iG0ycTmvswVnCq+jifcYybvXt0gZonPBHQD3r193xqOyadiBpvS/Cm7+QuEP5ZZHvRCxpswBGXoQ6Y9pIZbIzp8w2oyAgkaSsZNp34YFedbpivRJUKyIl4hF3+6jgX7tSkKqtV4i6i6SuyQc0skoyIiXGiMdI0wSm6WgF/gEAk9wiF0Dov+xYhzwscEss2H+3uodbXGdgYhrdZOmnyo4BJkTDNzT6Awdp6hID0+aJc/3ct8UHUTdSrVphbIUP1U=
cqN2bYfRrUv4HcfJxNNwG1VhnAxTJ1HbsdwhTzgWHOgHudUFieU3DoJFQ6NROAlP3W3Ys0ZawEg9ZA3CKgP8vI01a2T5qnrAjTNg6yMCaio7MWEegoJnCqQP34ssChrq
cqN2bYfRrUv4HcfJxNNwG+nGyE1j3zfKq44goMyLryCgb1aZh6I4eCbJ9wzQnMMsyiyGm4HWAt/y6WvVbd+l3Amqh8I6lFcvF5E57PjkGQTMK358uPC1aTmVVBnTwNB8
cqN2bYfRrUv4HcfJxNNwG+nGyE1j3zfKq44goMyLryBzz+Vu8b6L6q1xsWZbZBTQiODQfkrX/wh8GdW9p5QMQA/PWVkmRIjUZPXsAw85c0YuHw9T4gbw1sPpjE9dqrtf
cqN2bYfRrUv4HcfJxNNwG/MbBP9Iie1noU1cAtyPcowb14vrCY0Ld5wchT1SWzArWo0IZxeOdsJuPj5PgLrCCO0dEOgaHO1wsUMqAMyHMmLncDDNR4s2QPSGKe56hSMjPMdNjAOeUxO/J+77YUE7QQ==
cqN2bYfRrUv4HcfJxNNwG+nGyE1j3zfKq44goMyLryDy2WE5L/Q3BT88ZNGfa4wlhQl0t+VbPpA31Wwo/edvkHUcQyeaijbI9BRhV64Gaa1l2RUnr/5xazeiDC15m4Zu
cqN2bYfRrUv4HcfJxNNwG/MbBP9Iie1noU1cAtyPcoyj6xhNkzuJdQpMCPS2nGEyol06rwHh4IZ4QmSSi+0fS0ofwzi4TGVrZg6zpeGkq0D5fSxpJAGcF1Z4wefVjywiDkkZDivpxquw8aTmvhHErA==
cqN2bYfRrUv4HcfJxNNwG+nGyE1j3zfKq44goMyLryBBH+7+/iNq3GqO9XW0MWMid8svMG6614CeJIcong3osTyUTTMqBkiYkAmntJfLEmh2YBI0t1TWZ9j4PSokIi3f2PEyk9PXIkoJL4EDDvwYiA==
cqN2bYfRrUv4HcfJxNNwG+nGyE1j3zfKq44goMyLryB9BKcbJEi3fzi96rYQMn8ClT44mrDOY/jmhBbVAdG9XpMU1g7LdTQPlkvIDxULfumoLrfEGlUKP/Omj0qHQw1XIzt3XRxgdE+pt8ldjNcZZw==
cqN2bYfRrUv4HcfJxNNwG+nGyE1j3zfKq44goMyLryBpmfjH4Ecgvu3aNJIt+B80EyuZ5mmczctgpngZ486vhALO2K8XVlkACXVJzCgRwJGW1YPEovObU2uoUdNNzMEM
cqN2bYfRrUv4HcfJxNNwG51ucUDJgsgolgU4Q/YGD9OOw0JEhNYst1O+pbjl036/UnBn2G10lhmjDz5Yth05ZC2aZFAVCVKud++2m1xmpUFY/886b0lYqn3sf9SJBB03TxBC+zUdTsnu9xDvuw2UozLxPIroERBi7F2NsPHfTP/Dom57W+3+GVdRXk1az419xY7YGMRVf+ITno//Tv8H5IW2InxFlr0F5ZzRE+9R3xRyfof79n4QGf0HLwxt6ydrnIVAPNndhu+dvOKOBdl70o96BwqjyKWBuBWmm++t24g+F+bt3S/JT1mo9pretRuawSFerOuhZ623Gj0XkOUlwlIm7WUqWM2l/HgtQ0kP0bdAQr1xW0XtLsjDD5WslBuAqaWBwKptkCR/8yEdqXlrgc9hINKJt9C4V68Dn4BgoiJ6sP5315iJsbdH9wVY8ObTZJJsKNw1z7ypQPtX3pGNXisDaFbcPOD5ZFMOdQGh1Dw+IunmPSASzmL5t/0IXuEF2RCBHPy3NiLa+tkKQ0srK3xRh6qC2Q9+nbYTsP+juv8SDbSMcWkh8hTlXAZKCgi33eMhJTNit0/5xnCaSAFf0b9S1okEjvvCr5+w/Lwh0McTs7/+OtiKE286ycOG+WToifs5hcRoWI1oq3rEr8LbbD8Yeom6BsPQDNh2jShzx3o6rS5UvL0KnN9hwCKEGkPfVLrRplGq8dOzdUKE0ZDUDECv/Acgc/f1NZNzYHTSGX8=
cqN2bYfRrUv4HcfJxNNwG5KgRwUl5RK4MHQW9pWznk+mKbTXoxDwUl29umrOAYMBiSth9IwJumF2OBsYl4GLD7hr+uG/XUWxz1/IHaHSUv31TnlyD6uEoR2V4aMXZiOp
