GmcONIA9PFzHw1gpPLLPoqev3ytAH5KO3S/CJpMsylg=
35kyjVfwBJgytCi6KM5Vug==
FNt9orFfFSbPIXNSbXcP2Q==
gE2g7VQeqq0h5MkG44fPUw==
A4ZCFW7RnVRfEnbtNxUDb8VFIQmzxcIFLuiIjRY2q84=
cwgQW1UgxyVfBeSrdwXHsPE1eoSAri+NViVSjTYe4hg=
pYn3RyiaY4vz2unSybTHuw==
mAzeFbkWBGyzJRgEWJSZYQNn44wFaguEUnqkvHVinQw=
NiGef/LGs6v8Em6sqLz1GYGKB0111uCW/TAqgkiW0+w=
2lfNnhNY+w/3xMaMUxJbE0YFT/wvMlSDz8Vrd5FEs18=
cqN2bYfRrUv4HcfJxNNwG0qFhyLusH+T8HAvfTJwFuluwYWsuKCQ6ZCIEO9iUMvIAT38v4pPSKcVR/7jZhdo053uuL5BplNeNM/yp4W0CRijak+ZOggBEm3quH2hm1IO
cqN2bYfRrUv4HcfJxNNwG0qFhyLusH+T8HAvfTJwFul+vKA5qbxIb3dNf8QmbyKU03ZcA22PKZR9RKRO5VpbYvjnHBzpvC3kW3eJ+ghSYzxT4AZ3Qw3dSczkXrmAp1np
cqN2bYfRrUv4HcfJxNNwGwS62loL3THqnSpDMTOLyKhrF6nwQNCMdFZl7Rb+I+sOOVh53VLpaTUkVeFRjJBgDOogmh1Pz1rJbXOoOGIFEYFYa4GDqd36KfGHXCj6+a7gdaJqleUV36QUWxWrxYhMYw==
cqN2bYfRrUv4HcfJxNNwG0qFhyLusH+T8HAvfTJwFul2f+b9gJZ1htO9xYNEKRg6NRFkCcF1IU/U6ReYPerirAj2D5M/WmIeOOQHtJoDWeRKvAM37IFISqntfrZMCUTK
cqN2bYfRrUv4HcfJxNNwGwS62loL3THqnSpDMTOLyKg33mvYKrlqiyI1t/KUGt7biZBnsYkCYdxVsjFkS/soJYiSVyp3/uHCtPBY3IaKmwJCIRSnqkIGXjT3d+M6e7K+yQcg6SEjm6Es9JNIF/J/FQ==
cqN2bYfRrUv4HcfJxNNwG0qFhyLusH+T8HAvfTJwFuldk+Q3HtY/lJUrpt2Z/l7q7SGymHf10zXGi2obF832XyuA4oSqqoOM5jU59e8pkajO+jjuy7tWruMK5KQoZ3QZfgsC6DcyeivC0Y2VV5uAyQ==
cqN2bYfRrUv4HcfJxNNwG0qFhyLusH+T8HAvfTJwFunB1hz/sxJ3Tnebt0l5GtvEzPktOY9EoToR5D0DTw2vOXz4rIzhnXtbQHSbUIP2AW6v8LWpeXkH0gIUcmVoP9Pr
cqN2bYfRrUv4HcfJxNNwGwS62loL3THqnSpDMTOLyKgl3sW1pkpN9+OwE2Ul6gJBANSIL4+88gm0gdzWgvOhZ2D3dPnkwpJ+xdhOtR7ME+6B0B+NSULU8RIGTw45l4TcYmHMeYN8gWV5mXNm2dkQpw==
cqN2bYfRrUv4HcfJxNNwG0qFhyLusH+T8HAvfTJwFumb1vVCkPHhZMP4Ml22kx3XxhCXBKx2Xfp5w16cjqF+DCFGtck7TyRuU/PSfX7O7uEhWbpKn5JUhqfQ/StDJ9raXkONvaMJWEIsm5f1y1ZiOQ==
cqN2bYfRrUv4HcfJxNNwG0qFhyLusH+T8HAvfTJwFumhNrRqLHU669yhllaiqR3wEyXSE+sPZCQRA7ZPJWftO5IV7bD6dG9mAm1YsrPeONdQVMmEsLK+2UKzKlCfpMD+Bj5xrxpwHHNBAkGsm8alVw==
cqN2bYfRrUv4HcfJxNNwG9s5ySPzPYIAaUGfF4EJsXpMbnDX6nqSaFwvzzXqA/G8UTOgDtPvqA5eXN8Ithy4uGpsgxfiiypq9De8QI9OOYi/1iG07P3CHwuM8kDfJFHcC/ZLT9z5LzGEbZ7rhV8f2A==
cqN2bYfRrUv4HcfJxNNwG3cyDCC01jx5e3c70IBQWElIE/RYplzvHQsbdGE7pztLz1eECTcPZcWTkF9vlxVkngrPkgyvgxUFrBaeK7HjZ1y4z7Butr74huMtTQFrEuX21DXB1PdsemEirqqUAAjXyQ==
cqN2bYfRrUv4HcfJxNNwG3cyDCC01jx5e3c70IBQWEnnCTvM/htRZYnyAfqGcsxVraTPgZrS8tXkXQT42ikwJgya3RKfyrrv1Fsulz4eo6VpXs2aabcDnkvsWhg9oOJTzw/P+08+0xe+fVw58LhsBQTXzYVnyAY/S7wnDND9mvw0ORsrnddwao0KBhzywzs9
cqN2bYfRrUv4HcfJxNNwG9s5ySPzPYIAaUGfF4EJsXoVL0JeI/YVaGe8bap8hqtQg3NIsh/DSNVM0hFk/CxrlSGmEp3Gu1xOylHA24Yx13aLF0zN30MTv4uo8lrAEI72uKH4Q1/t8bOYU8pD1+f2sNEKG+QmR9IRxdZOv7NVALc=
cqN2bYfRrUv4HcfJxNNwG3cyDCC01jx5e3c70IBQWEmqzOzTm70o2YfHmZ6TLSXsX+52qdT6c4WLF5hMRKuf/o68bJkq+U/AsmdHwoChmWQ=
cqN2bYfRrUv4HcfJxNNwG9s5ySPzPYIAaUGfF4EJsXrw3YZfMvGaZ8xASljC5WUVYtFwD2us0bbZvyyx0PQPlz7WdOrOtUG7R6DMsfObiEdnkhzkKf3Mf868uUoVjHhqzszt4WEhIV7AVDwrBj4ssg==
cqN2bYfRrUv4HcfJxNNwG3cyDCC01jx5e3c70IBQWEnYHbxjF12sUyiicQeOIV/XXG73yipJ/Cppk06fxh1CDFEnZqlinrRMXpWAohq9ssstuIyte8FXN2RV/RmBBsDYYmE2VTct9BsMRTiAcqIOGzOE4wtjAiRHmObtODnrBZWgoahYTcAdLEYm5Ygi0DMsYch4S3RstJKWeepbxG4lapVkhbakpo6GGO4SioW+SmkyaT5cpzNVxUvm9kqglGQtjzr36EzFZzp/1jKAYepfcxKHgXDmLOTTEM46HnHkz4d1rJJ+q8VsVT39Ogn6PDkeNw/11LirM5PaN48Ywa7eg+LQJ/U4GPj4WEHqwhhxJFaTQtqCsdLFCIvsKpRDjUj4
cqN2bYfRrUv4HcfJxNNwG3cyDCC01jx5e3c70IBQWEmTdVUtbohs6Ag4Dc8YzdgjfHIOJKd4ZT17SF+dNn+nd7VvTssCRgxRDT2OSXkKlJk=
cqN2bYfRrUv4HcfJxNNwG+8iLJCz0nh3GYHCS3siEA5idZt75pqMrQy8FLro3/sa6GKSfmZR5nMXKHnqR3oX19oVEo9AHH/1flK0kQyT9vHW0/6kAtZJ2Z3Zo4/Jqhqm5ZUY2D1aCqA4yvfUzEJ3MiJVeDh6F0j81pGHdNAh2bNeqpBwsLKuKTy0OcorKueOo90R3ZWIEPWkVXtAfcvyUaK1uB9tAXQdZWno6bvbczOSpTr2x7qzXoWNd7WEH8XEtJfEe+RYA5NJAptHpBGDX6T5iRDqzb2RXMz7pl8SWL6Erfn8bainY0h20SI1I+69dGQ0T2vL+aV/IhqAV3UJeAiaxiFIJfVY1R6hY43CVbP/Iv+uh2IGssScRcXr3afz
cqN2bYfRrUv4HcfJxNNwG+8iLJCz0nh3GYHCS3siEA4tA1WEAr6e80i3B1qI+tRGR+T0iX8+BUDwHpzAacDsuXH948nqQ0s/gdsyGGb1JemU8t2hbHgP31twnwZQ5LuytAgIirwsOtXYqIquXWNGmg==
cqN2bYfRrUv4HcfJxNNwG+8iLJCz0nh3GYHCS3siEA6SW4ymugCinmvY9xCyNjwriH4dEvCgkJu2uRa/Oy0JLhjoO06/el7xX5MGDV6tr59UkbyrdWBJF9haecI/Ph0bhbnoagUp9vrtcAGTp0Dxh7h8lQ88IcvCt3UY4UEMhMpzaFrr8e9H0MwTEgN5O5vFbkh04Znec9cpbrZaiq5I3BGtEk9/xCmgnsLqd0UbA/DliozOKH1JWGaTcOZarz2k8O7zRRfZLgAZFKiZTX+IcwEglnCJOEM9ZkX9Q3dVvX+/ZE9MpRAo03TJg2fKVOPqq7ghRU+L+5bVL21hrIxkvvYQ60QmYVSOTomQCbhXSU7HINXPM/4rRd/WYhm8lyX4flQbccaeZUA4MNXLDwXUCg==
cqN2bYfRrUv4HcfJxNNwG5fXdjBqI2XuztAasGfvf8TjkVNk3083t4dFOEGr8x90Ek3sjQKHhCN1cpN6PqvyBgqpWGYtAKMbBmQF24mZduNmS+ir+a6IKKizyAjR8HaxUivCpI60r/gKP0ECD/cafZc4PJfFS/DUTVi52Mc4672SpzAl9setq13IaNPyumrA
cqN2bYfRrUv4HcfJxNNwG50Vu2Y+6tCV+ltkgae5bghUjcir/vUbcCNPiAXShrbJZx2y0ckZggNVF4XaMoK0NuIEOQ+QzVEv/u7wvH6l2Bg1x1bj0zQy+sJCRj3APo40UeYMUPlpahGJyE1mKGxHQ/uAW2ebrqPFJj7LY4Z7Ann2NOEj5uOeH3WLmZurO5pmSgJPv8ugyO7n54Qen0xcpnsZpHN5NH1ftj4izdUfyeWHIuZVg+FsHczZ8RU5nf0DTeA+VCSa6uXwO4vDbLpCqun30Clbbx4IUc4/kYbuxio18//Lpy3HwhDVgeKhkqnhqTdNJ0nLNSQVPmDih2TVr+EYa6N3WmatJZMsfS6+ecdbqTidNh8JH7unHjBCyC3eHy3z+96DkiBGChlGC9CtMyfoV80pmrCVdPP+pXCbRstdh7Qei+bNPuIN+Wo2IXFQ8N02oMscyTl43cOpyyNT3eEEnS1YHyJi3BsefHdcbExqOWNobyQsFuSW2Wwn14Dv29MtzYMzLD5Ns2JrXccIbN6J4V+RxkUkBXehyy/qxj9HOBN+p3y4i97r4GpHQySI0zmFl+VKUmEUah34WrFVyVDhe6TA7aY4JwUis3OxbarzFOctmoo5uVzCeKHGd1tT3IIjAnoWwQaVmnrTyaU0IjVexRkT3trnP4wq2O34manuOOFi8nSECoX62H9WWCnMMrOe/yZ7kj36hC85YQ/dYg==
cqN2bYfRrUv4HcfJxNNwGxOPHLGHZjUgY9aSNCaWhsFXNFpfcUtYHvR7hSmVKAHeRoIubaBFFNaGgNgQunIeIkruJ4upgV/U1stfX7i+MhuMnePdi5hbGdImyGkXaCYSCEQXQ/bt/EGBYWY7OSBjTEXpovtrNr9R/n2pP1B7sj7o3ubXIiR+VT3ZLoguxbujIPFq+oybrbXbX2HYmb2T26YQtI75Hc3KzpIVNULb2/EYXzWW5MGLvICTrHeXSF3oxBwJDhoHIZ4etpuJgukrS2JVyn/bxutXCJm+Lm9ZvItfW2BORiCFMmxFDTre6/PRtH9aKATpekUr0fen4iCnpHlC+YPUpjRuK52Xk2/7KQH4AQHBGSDiGlD92mxAm9VYODhK7HthhPd/afrXhl34dfEApGwRf2HsTghxuDLKOC4gkj2YO21b5v3wyiWWIOtb2zAWK4su8gP4VWvVFWq6xZgdiYnM1g153LOUPRQEHK2svnQByanB8PJ1DE/OQQrWtMm4S9AN+6RHNVvlvA8MGyEygL0AlHfH3IOsrxkyZkyHqYfEFSD74INo6KdiDgR+c/P3KVWCY9iRdQbG+MdwjzSV9PCnOKw1xAnWeb+mLj4n12FzUrIcNCnUwJtOjEYxBNgfO/B2PL7EqRopKX6bxmTKRPU3g8T7lFKQz0a5fOjXgLx1N8Cr+3O2UbNsDgdi/nwOWRN8bfmdCDkyLeYLdApiLKplg4WD6lK6ZEIVLfs=
cqN2bYfRrUv4HcfJxNNwGxSx+VSxr5wb3+hV0gcl8PSOQx7OiVcXTfcxKrAaKcoF6kFR8Ej94vQ+qezHPE7obp6plejhRMw2M/qPHnq8Ksj8eK0gmZ/I0z1+96GvxM1A
cqN2bYfRrUv4HcfJxNNwGxSx+VSxr5wb3+hV0gcl8PQuX478I2bAogIDnwbSVxacKjkDaavhRuM8WRVnTiUmUdG0IeaOlF9DdhXGAFkmzzGRSwxNuVGNjdAkQ9Fh76XK
cqN2bYfRrUv4HcfJxNNwG5D9mR8uLd5xQE5pcSaxD6FJC9PKN+Gn852iU2zYkWFC8KLEW2cTlnaV8n4H1ZmuUnl5bJpTjjzwUstC60IQluBlAQex1/jRBXsDX904qNBe0tzHShMhY9VrBzFA3kDyNw==
cqN2bYfRrUv4HcfJxNNwG5D9mR8uLd5xQE5pcSaxD6Gl52zWF3hAlC7VjbE5YEohdFaRNHUsXZTGtaSZ5W1zjDxLa0KNrx1jHrXjkWVlQ30xXENKIsLGIxQjpGzmr9G7N5utB659pwLWDS/iG6wkHK++YtIYgge3h8Ya/+o0GoDetpujGRCC2Ueifgg4fX8a1vBZU0R+2K6h7O8ac/m9CZh4jCb/Vlj8X9o8kt+hTOkhPSmjEY3BJtw5SwtSO6Y9vW2WsybZE+7bUH2iv+Pt5HoPZ/QVzC94pmYBoeFOGk9+k5WIy9FOymOYK6ubegOH+J2FXNUk1TfA11G31aWq3+DhuEQs6rugvmhRTJzRyeRMwBSDC+ZzuBIimxzKb0XE
cqN2bYfRrUv4HcfJxNNwG5D9mR8uLd5xQE5pcSaxD6H0IMwX47dUH9qpyCh5u81iImYNtW5hGWEyl3eP4lbCqApPqEa+NmYB+NmMfrZFU8qnN8BUaKVtgxpOcYXQBazfmUp/xeap+gO5oM6iGz+qmA==
cqN2bYfRrUv4HcfJxNNwG5D9mR8uLd5xQE5pcSaxD6FtsL1kbqcYQfkPAPNENVZpYrZAMzb/6jzE0qTqimxcfDP3Au9W0MqvcRUwrxgNgNoykfYoQNR4ycZT/iaHb1x9bLGyNOsuGzqX4GSFJ5Z5FNnLvjtalC/DHQtDEaE8c7UCj4ma6W9vXUU7kQ1SAR0a0pTugW4KdptNG6g5MOgD836rVykxG7aj5SxYmz7JrGVW6yhoUX6BXefn23yp/pOIrbaQztQNiDQuFMAPdGyd+MI+dyJ6P/3vKqMejNKzrtPvoMNPbGsLNp090XFS16Xs43vVXvBGIHmhteM5fl/W02SMGm5qg2J0FsNfxB1Y71EeDqLHRkI4HrekUyHZ0iG2
cqN2bYfRrUv4HcfJxNNwG5D9mR8uLd5xQE5pcSaxD6EAeKC6uDwG+2H1Qm3RleJp+cGNB1+S1HHJR2kELLCV3B0vS1lmG7P2q6GaDUH0gn0EdM30zW0SGGDsrq6S5UsOsYCNhQdMkl+0ZKJLB8SduxFVX2/re2kQ+TAvEK1258o=
cqN2bYfRrUv4HcfJxNNwG5D9mR8uLd5xQE5pcSaxD6EAeKC6uDwG+2H1Qm3RleJp+cGNB1+S1HHJR2kELLCV3O6tbZighuAv/Ph8aspCcEqu3Hqn3+h/onGtLbq9JNQ4RmIXYiyquxyDdJTXRfguzj8CV+3YLdIK8U1wGTu1M3dGFQfNQG6a2up5XxgsEtMBLgi3JotD4hHg6sIy01UZRt22tMriVRraSsMo7cJwW2nSyjuYGoUTtmEDz25PxKRq9uB58usgnBOkS9X0tsfzWu+tryeIBuHRkZNwME2hs/TWLo+YWzZg2d2JDDPVv6LD0bxzBmiszrUo8sGVZb3ujsL9mOEeees5QeR4plJRf0vl6CbvA9NbkoslEFjuWYR2lphomZbmsQFiikmLpXY7wKmervol+HYUDw8RpgV1KoI=
cqN2bYfRrUv4HcfJxNNwG8gGpTClV5Ht1TjYroenlVk+wFg+Z3CNnrnGEayVq3xQkUEw+OHF51kSFFNuBunEf1HNs3sntb3OnqC8ZpJ/eu67qYVCVO67TjU/HPba+3UN
cqN2bYfRrUv4HcfJxNNwG7P65k6KuAoNNo9TGv6SFICfXNIHRMi/PSLz/bFAj96hvV0IN5MT6iKgieqYyB2sYe4lwsXpWpV1kCPF23x7Ue9TN87f3BU6V9vrjJValDWI
cqN2bYfRrUv4HcfJxNNwGyTRotXiTln9FNWc99gf5jxw0Ge40ufXHDUzs+yZWWe9Qa58gR4xH8K8+6FprdWEXEtjBI+J5J5tsJ54rigXHXiPYSIU/EjgjVSD4BDnOgCbmn9fm4D8CbvZUcY3Ude7EA==
cqN2bYfRrUv4HcfJxNNwG7P65k6KuAoNNo9TGv6SFIDVyXwf0+CH3RBi+G9mBnDQ8lccApQ0HDD8CeSmD43f59Fi6n2LiO/2vjoh0eUNSdpdLTWnEoqj56wqQDPL9Tpq
cqN2bYfRrUv4HcfJxNNwG7P65k6KuAoNNo9TGv6SFIADD68N5VNIybGCHAahzONfbxCORPjiXJgYsOBSlzV8J9sjLMWnJVTC0GLnQtiqCLFY17fknZ944+Q+NfdhvCsq
cqN2bYfRrUv4HcfJxNNwGyTRotXiTln9FNWc99gf5jzEX6CciP4hb9bYlEEOqVNYGFUTgTXHySIvKjG0GY49nReApmas9Jg0KmoyUxPhaiZacxkAc8mP6MRyEmL6ikkPX38PC6lw5fmCtYQjAhtZeg==
cqN2bYfRrUv4HcfJxNNwG7P65k6KuAoNNo9TGv6SFIAgBFH06OuWbj4doe6UG7e/hCgwQzqcT9ehWcuRg5l6oU1d8CzQ9cFdAlCq2m3jLvzpedcWz5U6CJM5PhIYcnpyLL61cp1bL1JtX5vb9Ug0NQ==
cqN2bYfRrUv4HcfJxNNwG7P65k6KuAoNNo9TGv6SFIDIx32hZyrQQSAKHyXFImAfge02n4/jmsFcLIAjdQ/LTOfSkLmZMIoP9deMFEJp65k5bm/V/fIC10/hQZzhUJ7GbtAa750iboIP1pLUESc2eA==
cqN2bYfRrUv4HcfJxNNwG7P65k6KuAoNNo9TGv6SFIAJ76RZt4yU5Kz3IaFIvR4Xsu5+bZpO9qezdPD2MKxlor3ES8vZwJ/GsX+NcnCOsLycZXnyft3h1bIXR3WdfaE7
cqN2bYfRrUv4HcfJxNNwG/2e5sjQ78X42Co9YLM/wsQrxK3rCiP1fdfyn2uPcLKsiSF0a7n5JzLF2KT8q7IBVFKBMcQFPPfxx8tbxdClB0Tac2SOF8BiqvwCirhZSpchn7fxal8VrX3LB/CIICSuAE/V8fHoPfQqIM9hsWL0Ld100sUNV27ubFM9JWPopaGlVrFwJxE1gSEE6e/5LSNIxqqKjOc68n5Q0vxTxM0g//SIHXzLpNG/3au8jrWfc4CRT+N++y0r4BkjWhYKlaVv6GTafnk50isPXRjbfPv9r7Pq4EqDlvq9Wy21rdVDxaGCEkjm62PC/zjnXfPQ1WXj/SIv8BABuIcwvxQwQ0PVDjHs8LRztqUaGAuQxgPjhSRXlNrHcAZCPgdXNpoTokwb0cB0LrMEA9/XqV30SL4BvYepluy5qcUyAs8NfPpcd7THr/HqNhjppyeueBy4Rod83FHd8ocdq/ufYvoAqj6pdkauwH8rYSJFSuOytXT40vSVWZfUCTZmdrCmCBmjnJakeAHj1w39addSFoHc5bDC4DM7UbrldKIgXaFMhyoYluC4yTfeYkG/VYY8Pp8cmRFI9dEY4ViIqvcbLVosjNKIe2kEoKpqfJzrFolSP9XC3RWLa/JAxbLPGP+3RuBMZRXyz4BqOB7RBwlF7tptn+IsG/mHULHBOHquREh3YfiOApXJZjV1OepNjNhKX7bXMwKqfKW4cjb+zZLnM/hO+p8yOZQ=
cqN2bYfRrUv4HcfJxNNwGwMnIbHfCDbrCo2LxQQ3iG3RyW8uYxrWVLXdMsGU6Yt68UHA4X40D1rp7Oycy7zvwYev1FtXH/RyLRiTI3myvcy+5SFZ2r9Tu13XxssKPYdVZ71NeAV3Cp0CG7VuXPj3hyYf8rL6J1ItyYDjA05lLpGMpKETQnAGzZkUqtloXPDauTnxUYKd93iPzb2KkscI/FcMqybflnyqYzekq1AL0y2cZSJHbMFiYF5TcUlnvPavPjplS3bl/gtUAn4aPZTU5RSC5JfUpPR6ZCxgW1p61cbT/CBdDU8JBkv0NSyKCQ6zFZA+YWlST3SAfJsRjIArfQ1GjP5XmbV3/zOpiOFAF9LuRXoHoJCkkNzR8T8RYBOvX55ehSdekWcaYJxMw2FPmJaE999rvu6vNxse2ZcIo8yZKYw99AYatq7UpOM6pjXPAKeOPYQSkWcXhiTFLJpqyjLE5Zgw3RORSTP+gtrN53N8+WQ5dNsY7PwYDhrTLdWYyWSMYMU4ZNeNJjBggLbuishadAgkslXa/cisz9KO84+d6VREEGi5QIL/3GN8u8Uo1O6Brj474h4R9acpy6ROaqGilP3UDUTNgZ5jYX4TiC6PcH3jBf6k8vP4FUPUdfosK97zYa+O7a2JWRck1YmjvShdmiCgBU6EsPSFIYUzTkXErKIrbCSv/z09GoouT2pcncjsLubmxFIHcIBZzhuewg==
cqN2bYfRrUv4HcfJxNNwG1BgAgxymEZZVEpR+lCZPZa7GSbyeGr/9j7WbISn4FfTumo9Vl6rYlFJ6e6FCVpUvug8JfPYTEhKE1sbjA1RRh3P9aBbK1beJRP/GCe+ZCamTw7TP7C77ZI5KV9tJgQT4mIGUXyTKwAnYad5Y2d0wPWJuZgPyP4pKnbD8Kobip2ahU/z8LOC43cOpJh/F4+qKUymA3jVnBq4TUWPz/ycwUWhu5HGQr5qN2WKaQ4UYPoMxPPK11TH9qy5KwgimmB7Pcv38//bXQg+fcU9x/SKuef7biEJ+aghCxJJ6iqRm4JQRiseS/6cA23yNhGmVSQ6f28ktqs8E/08i9P4XPAx829jRtQizIu1wA4P6FzoWfZ391Tfrkgmsa2dBu7p7f3QP1wKJEUY9ASjrqzZdPs2S8sOLyaspmX6RxUzJ48FvFYPhxqo2LmLVoYX8LpXmNaxkAmySj+7HFWtJXkZ7CzNJaETJYOyjBYF1w3sf/09f59pCHjByLjutx6C5vbv9r0WL296iVdC1LjknPyxpKQxkAc4sZTVytyZLdOuGePu+e530SU4BsAArDRgs79+b6WNKFw8kwzdDk/94WjjeJQ++Uvx8Dw/DNTMp3LZ1xXaWKsTngRwPJC8Pbn4o0fDY9NE6o4r5AZNC8C9UcSh7Njr4U3g3hl7AOFRbGbhrSa5sy/tcMvnuYVBOIfjWs/5CjYgt7JOn9La+eMsG0EQtkKOZ8A=
cqN2bYfRrUv4HcfJxNNwGzqKLEuCzRj6qg2mST/w0TK3EKr37jgan/13NTazaNRZKS6luWY0eJfiK1flFM/bj5FcIO8DeikVTlQ+T+w7qdK5p+32MGt3OuV8louWTZahR5wXqNfz8BsjebntG8+fWw==
cqN2bYfRrUv4HcfJxNNwG96LLtzZePfC7uHurPg8ivJshhvW6VqfqCNSFwjVIXIcW1PGJCMf1gTKfarqvWP06B8yaZdQssRx+NkhsQLfAQFTYS/UyX5PmXjFzxXUQUrK6WNxgONah79N+Uv0yDpVuQ==
cqN2bYfRrUv4HcfJxNNwGzqKLEuCzRj6qg2mST/w0TIfKxj3Eqz6AnbLp5n4/BHkmGQGCcbLHIKfHVWRGWdEX/8L9RLjfkC3rK1dnq/LYiswJ+uCw3gI2st1PQb5jaPhM+SEOUoRgiYO88viiSPD+A==
cqN2bYfRrUv4HcfJxNNwGyohBiY/A+0hBt+vjO7rwnO7HeQzF1OXU+ForBx5BASC22+u+8BLf48j19ZuepP44fWWrKR7/9j4MSN9KeSrGceAkAYSWWEXdhSdECKKAiEotmDe0K8WpNBIeL8XLWdYmA==
cqN2bYfRrUv4HcfJxNNwG88qdDkJisyUyl9JWjzNsdRKA7ymh9X2hs9+Z0IhM/uznsF0HasOKcgaQZCwfXmeaJMhacgPNFrxWe23mzz7uhCGa29xl8VQhVG3lvX8Hrfq1JGRMpNmXYgVS53ywoMFew==
cqN2bYfRrUv4HcfJxNNwG88qdDkJisyUyl9JWjzNsdTNIaPwT07PhZF0Ev+9Tfxas1g0IiJB6DF3MBw+hz0W5m4WD0JjP3B4vo9H8NMMsSY5TAm554pUfR0Q1I3/r21NGm5dYnRe+bBmedP9HiiGSDufq0dnnycI1lRjU7J74n6lmITOuGL1C92VsUHGXRfL
cqN2bYfRrUv4HcfJxNNwGyohBiY/A+0hBt+vjO7rwnMt9IF90bLpBJ3ewCfeLeRNcImxDe7mkiBdpx1Dga2SBnutu46QU5YZUSYp7nQ4ns9+2OGDTvCQGs58GyXzamnbi4V7wD/QOCwVyIujZqKUVAbRJlrO25SE7iBLqOk8LYo=
cqN2bYfRrUv4HcfJxNNwG88qdDkJisyUyl9JWjzNsdQsY6v8nPfYgnVRe5qtCY1pJ1mrGNha+0P0xmx4mvdHvdoRZX2XT7u7M/p+liiGfks=
cqN2bYfRrUv4HcfJxNNwGyohBiY/A+0hBt+vjO7rwnPwokO35qYUxuX4zmgC+I0YfUYP24SxQ7ge8KzmKcEhViqSReg4Z9dj7PbAyF5rsC61lsHaoe/mEh+ACjNGdK/slg/YwcIDc481C8kMh86b/Q==
cqN2bYfRrUv4HcfJxNNwG88qdDkJisyUyl9JWjzNsdQSiJ6+lsK9wTa31PCIbsq4J3LnJGtT7yGE7Ud4cD/jmh+aB5hwlWpQhko3Bbt2QUYDH/VSYDeehSThO2RZwhzj2VHow2CcB1fn566DnqIuFGKY1q9nK+NCSqfFEQixx3oNgdNRIBdIWG+Zcdu6efC2IL7OFEV6KOzWvAdW18Q50uW6R6+XPZXWNJPgArDkifv1qBIx3A7a6jch2xtDHB3AHuVNtDqrVox1pIeVSgODMfRd4BWaHhBYvBaSllCKoFXQqfhtJpXNe9vvVvw10bqmDexA8clTUTZc0BCCe8Ta/1QdrIgXCG67IEcw9n3G25MlwmM7kN0TgcizLADlRy58
cqN2bYfRrUv4HcfJxNNwG88qdDkJisyUyl9JWjzNsdQBTLU2bbKPnlQ7G7Q+aKWpQ1+FdWz3i0Ufq4LwfBebpywmrB72ToLoGQCp03LlNRA=
cqN2bYfRrUv4HcfJxNNwGyohBiY/A+0hBt+vjO7rwnOYZbzpCIzN4UV8chJdINqGJ8P/NL0ariO9u91BWTGOjRJFn0ItE5XZEJFyoto0/e+6yDVs8folId7OHYYmQhLPweX4tvAQCZrQfZg8ZJPyXA==
cqN2bYfRrUv4HcfJxNNwG88qdDkJisyUyl9JWjzNsdR8rbqUHnqEjeIgYNE/aUCug1NtvmALnRlG2KdGy4zfkhFqwWTwz/kF83ltuBn+4afhp6ggdmjCIWrg0k4WguIztE/F0lk/tsLVREsQ5huNwA==
cqN2bYfRrUv4HcfJxNNwG88qdDkJisyUyl9JWjzNsdS4XT88nn5Bu6rXn2Jkc1Nw4Vc99ew9/XhUA8bH7eOIe3z567OQH4SjvXcvtCRGN6bmSgmwCh0OTH95e5mXKm0mSgpKvAmI0cHAQBi+5owVPLYBiONVy+NCRRLr6k+A5YXMENNQ1xrVCYyTqgmHkpps
cqN2bYfRrUv4HcfJxNNwGyohBiY/A+0hBt+vjO7rwnMj+MLJt4t+TH7Eogvmnqf7VdwkQ+4XkSEH9uwQa+X5+yDASCSgRskzaNL06KyCmDq/IRbvFwFzyNDfjwOpgaJwKbFxgSM09TDK2xQqJVeC3YZ00kFhB95Gv20yorSnLkI=
cqN2bYfRrUv4HcfJxNNwG88qdDkJisyUyl9JWjzNsdSaVea1n4FYoueWvsq5Hjd7Q1i/APUrP7ymt5F0Po2N3wKptEgiR38/zLgwQsbLVLo=
cqN2bYfRrUv4HcfJxNNwGyohBiY/A+0hBt+vjO7rwnPPk2mWEp5syolZSOM7juwIlYWg9+1qsJz8ixxDDPfmG4hVsJfeqqYruJCLyvxMQ6Y873ARc1EaoAHWxsJXLGHZS9rED2/FJhKB/rBi3hcE3w==
cqN2bYfRrUv4HcfJxNNwG5srEjLI2VlOA1Vqy3J0h73b9Hue7jBw2f/VKXTetz8NDooJOlKpFnAJlNEC01rDV7Nb1QtZOinsCKpopbRuu1vacRWCMmnf4DZZRi3ISB//l6nvA68PVfu+qpU11Xl/mgJfB8rJQ3Ap8jmRNakwshMQHWhFOdhapzJG8UL9jJ0lgR6DPb/plJBe89/dMkOusA7+2cZzBzWEbkN5v7iL9Brf/AgJNpX7kD5WhRQY9BwZVwa2kO30Z41R0EGnseu6BjU/LqmYfRGIJ28KUz1Ni4Zx9dzuKSCOK4trTTignTSwtNRrPDIWwcVyrLs0ZdhEGAGTXzcJJHEcuCdceUWifZ6wLnzgbVUCcWdj1t/Zzn8t
cqN2bYfRrUv4HcfJxNNwG5srEjLI2VlOA1Vqy3J0h73I4Umwl2Ek5YhLnrCsoNWlz5FD7YU9l1lEgn2Mxr1EKxLH4ts332ojRoaL3TEQC17nCh78wu81z+rHqQKpuZw+kyx9KCurmFVqYoT974Eeuw==
cqN2bYfRrUv4HcfJxNNwG5srEjLI2VlOA1Vqy3J0h71H0fSQX9eYL4sxABPL+DoWk9nur4Yn0zHq1sotkkQmusQOE/sn72VLzmbErM6NTbEY+xJuIeja5PuxdUwBsER9gailKYShBmc0bV0BQuwu0msTxjBeyU4QpL7PMwAW5uAXgf4HgRaINOBbsbr9MLuhH84cUIoxSJFhEvTVlMKgYrAITv3UHQeo+VuRFpqHw0M+0wKmodVTckUHY4g3RYfaAw+Rrpk16ErQNQ1XCqg+Xo3Xyelr+lh1D0GwIAbMvR6e0/p3VcdKyP2LV2hFtBVMPioGKAXILrgVGcMEP9Szr15T3f2vo/64Lz1/AnoudRPrfDXjqSwpvOWUslkXA+Cp0THEJI4T73s/i/7phsaTlA==
cqN2bYfRrUv4HcfJxNNwG5srEjLI2VlOA1Vqy3J0h72hm/HOU+6pudIqKihCaCZmuFTGqEM6xxs7QpJOJBU45WfNHNjkXDI36xbHlQeJme5S4yB/rgmC5LFutguTRV0mFSJc+5KwDIt0iWasiTScsFQ8VGAKpgD8gJLJSRIXlJAKrogupmPRcLA2eBitM5jn1kefdXDwVWGxt6xzrZkiFKY3c1ShgwLIN+YiHTO9pwtbxiXFYshONJt+tklaOTklsjNW/x6GqZE2kodEbBCS5WNXdNReNTm1cgJMqe43X/GPAGJ5TmbV7QZjit8v2ZvOvRKH84J5kK1XsSDKcuTG1GPe0I1Cro8ydw5Q007P1onEztaY6gzWrFebGzcLudqM
cqN2bYfRrUv4HcfJxNNwG5srEjLI2VlOA1Vqy3J0h704rgLIO8nLq21cEM5bJLTafBuuR6a8FvwO9R9hNi6CGkssltTB0fmHdD+gzALwMvM=
cqN2bYfRrUv4HcfJxNNwG5srEjLI2VlOA1Vqy3J0h70m9c7uTgTQV4BF3VTMHn4M+Jm5TZBC6SlrlNB71Qi8CyhRdsymIDgvj8E+C4QtApsUKHzBJNW13UFbeF+JXch7MF7VYF5EpdC81x2gK9g7dtxA9Y0M0kIpOin2CKAAJKB/I1y6ly5Y4ViDIkWqeRMLFNpCcG0MW6l8SmOMK+0IzeH8mbBHqZK+GSjdOgHNow9Rpyq1Ci8V4tkbJgQ1ed8GsKcG7MoE86nuyhs+IZZ5BgRfcsTcuJMVofMPCh9S7sMUGjvAjbRzBAhM1hAT0X7N7JTVMW5OoIPxIxhFuwyjmdRY8bZ9Z93HeoqO7kNghHC2Jrkzs+dDSybHgU3PTM/T
cqN2bYfRrUv4HcfJxNNwG5srEjLI2VlOA1Vqy3J0h7181v1x8d2unO+EMA5+Hth91bFU0WAehtiaXq1eesjHxXio3S4n8qQdwghP2TRUL6s32lplI+WhxfFTQfX7cj6wqVzACtyl8QNBLBhDOaj5DA==
cqN2bYfRrUv4HcfJxNNwG5srEjLI2VlOA1Vqy3J0h7181v1x8d2unO+EMA5+Hth91bFU0WAehtiaXq1eesjHxeWZuXUgsWYBW3dHzwwpMPayaMQB2d7v91zTE8Ft3OHBRgz+1BawMQttl6k7HaPvHCX0e3L1tMlKam8E9q7cDGLqN4JHbZTsYCNQztja6M9le9UYC0bqTDeHC34R1Jy/aXqH5DKVWdnDtYHjMsttJTnXhkKxqvfUhNY8xOnQRrPTZW+oWQhMpHx5LXkX2xegydfd8MLN2/pLbY463hUlQtSalYFbGHE1mf6vMMObbN6YYgNvDPjqpuTlm/AC7amj2WIXwL4HzLT+/ganQMPBiqHdtUJN7UUg0OMfAbU7gBOo4Ez+MNqeGaDNcxQn2yFLjg==
cqN2bYfRrUv4HcfJxNNwG2sEPlBBUr+8oo40w1lstg9ax1Os0Itcygly4hvi7f5BtVdxtNi5diFv+vK5AAJtX9PbtDiCyt8Mza0Kum8ddZM3iI74Vwn45yz+W5nwYwzEGlA6hmJaH2Isyffe13n4LXWWN8KOjzFG4n0TsiGyL/qDlEw+oHanvhPZ7D7w5Ixx
cqN2bYfRrUv4HcfJxNNwG2sEPlBBUr+8oo40w1lstg+0OTsAocTjDpNB08zNmlyMFK3swXBVeQrorHV0iou6UNEwLreAQkIAKyUxRcCTXQCOjSg0YE46MDwqtz7AfmF0ZXZK/6P/bEf78eH4+GikHaV3lZXax4A0OuxAQomA4iRSZszdUrE/aIMcXBWMnYTT6S4fNK5dOyFLtoAwu8G+rGeHJAHqqlTYwvhigN3QcWePCFPOH3pHWePfYXUfpGE+E4bPBrjctKAm2j3ThOeclVz04EQ+TkDBRqdSxFaSVIlZRSnO+WWbYsVE+YR3tCrw84pul9W+j995j0W7aov8NBfjTlR5ABdhw7dQghW2g2AcOq5q7HK1Fiwe4cmNX3ydmJ4dvkTMuGlRJdJnggeSoIEUESHvQVLNhY9w+f0mV7zBwruVg6Qcd4fHlv43/uX7o1DOmGiAU+zT7PHDbNZJvFvwpvXvaW1CimJbBxKkeCA7YKJlyzfZzX1sPVyZ3x1sDvo/iV3JR6xRF4nVSrt9FBVtfHtdjBvCvO0IwkoW1eWljN89mf6oio4pjJpTu1j/wA6ju4Gjm+cuOGMd9lNvakTPT0Y0tT+dlO3x5cs8plW9WCa9heK0XEkCUb/ysrnqctWpbufQ3WA6wptbUSu4iu/uAglTMD6BMx1aySLsuGNo5K+o66bk9cg5g1qOXPapIo1Gf4pGir2iXQJ5XirTsg==
cqN2bYfRrUv4HcfJxNNwG7wlUwRm2dWEOpCyMI+KKwXJPW9jzR0I4flaK+Dh0YTYC+1wZ2WDVYWxrGMjMmpNixjl5byKRE7SKixMyeXFaIkxMjY2Tdv2JP2nRPoeamZrc7rKOVZVpntPNb9q83ehPwDPFbL8l7UuuH/+eZC77dD5rPch0DgNflpPZKMobB+WhmtsYk2/dK4ZoloW0atAGhE1sctdds6VGO8vY49bdb5g6KljTR8bSjphQf1oEmdeCqRf05FkbCi51gPN4gd8SQirSasB3rWOb61vOheyJD/09PdDjh35C5mSfiVn2pXxUkjzdFtRYugJzdbu3vxm15OqvTjat4WARd0tjWiN6IVLY7pBdursIEw1ztYLkoUVbpESNWB3y8OGm9zLYK/pbXqLFmMB+5DgTd5j4LHg4DiweRLV1WfysQXLxKMtYnqHlH9AaHlHkKDA6R8P3+yXvvKbn9wEXcOm5KwZ292Q0XRwYL34qfM1VtPMIvRY0i5q39onFqroDe88rtRw7cV+xFni923hl8tdJZR5HEe99QVDHysGtNX3ZQA+xwLefhIVyxC+JQqjhOT7ootbhXEDBdVlVyFwffXXbemiwgI+1xiP3+I9spS9bxLO3B1llsbXxJclj3ZJq94rfPxVOK1edbRIainE0rqgLxzN0l2GiZQ0fubKzBK/29tIfIgcXQnwjKz+1zXr1Pq9CNCs07bv/zIfP5ImbBAf4B+BpMFl4IQ=
