GmcONIA9PFzHw1gpPLLPoqev3ytAH5KO3S/CJpMsylg=
35kyjVfwBJgytCi6KM5Vug==
FNt9orFfFSbPIXNSbXcP2Q==
gE2g7VQeqq0h5MkG44fPUw==
A4ZCFW7RnVRfEnbtNxUDb8VFIQmzxcIFLuiIjRY2q84=
cwgQW1UgxyVfBeSrdwXHsPE1eoSAri+NViVSjTYe4hg=
pYn3RyiaY4vz2unSybTHuw==
mAzeFbkWBGyzJRgEWJSZYQNn44wFaguEUnqkvHVinQw=
NiGef/LGs6v8Em6sqLz1GYGKB0111uCW/TAqgkiW0+w=
2lfNnhNY+w/3xMaMUxJbE0YFT/wvMlSDz8Vrd5FEs18=
p9BSqeaQS636MMrobYTmAfpQABDlURClLVRDWmu7BJfl4PmDKManiDjNqi7k3MJvU0JtwGRKycjL27WH9hjXdHqNLX8FsicLoLCUmY/TonRIe++b+OCVPgSdUIrIt+Os
p9BSqeaQS636MMrobYTmAfpQABDlURClLVRDWmu7BJfl4PmDKManiDjNqi7k3MJvU0JtwGRKycjL27WH9hjXdGc/ljiEZFigX/A2+9e3OEwYL6gaROORVR8ehJJkOaw2
p9BSqeaQS636MMrobYTmAfpQABDlURClLVRDWmu7BJfl4PmDKManiDjNqi7k3MJvU0JtwGRKycjL27WH9hjXdAWX2GVMhOgEP9oRcCKgb7knXSteNxbGmbLfkv67psn3
p9BSqeaQS636MMrobYTmAfpQABDlURClLVRDWmu7BJfl4PmDKManiDjNqi7k3MJvU0JtwGRKycjL27WH9hjXdFSNkde3eP6y7t5KdbP40AquktZegq7BRBhW8up8GY85
p9BSqeaQS636MMrobYTmAfpQABDlURClLVRDWmu7BJfl4PmDKManiDjNqi7k3MJvU0JtwGRKycjL27WH9hjXdB4TBydPN4LQCuEdAnXdIQzl7kJSrpH8BcjEdQcW+nYH
p9BSqeaQS636MMrobYTmAfpQABDlURClLVRDWmu7BJfl4PmDKManiDjNqi7k3MJvU0JtwGRKycjL27WH9hjXdFFSZabaaPUl3SPbL4EnKl5fihK3KQie8bVRYDVjuGhY
p9BSqeaQS636MMrobYTmAfpQABDlURClLVRDWmu7BJdCccEB9xyUaJmphbUaRZ4cM6WpHh2bg7Z2bYdgiPv/blW7Iy/uVxtn1zN3WF/v7aXHz5tuH/isaHiFtAPLjb+B
p9BSqeaQS636MMrobYTmAfpQABDlURClLVRDWmu7BJce5L0lnpT/phJnl5ItIoPNisJLszz2pWgX0PpNiXaMFpSB7VHnASLXipwyGyOwMYxChqM4R3RO/r0TMLkLoTfE
p9BSqeaQS636MMrobYTmAfpQABDlURClLVRDWmu7BJce5L0lnpT/phJnl5ItIoPNisJLszz2pWgX0PpNiXaMFls5Hi7LUxV3LGsXp2EwKrQ/z9ondZ33UcfTeDFHIKGp
p9BSqeaQS636MMrobYTmAfpQABDlURClLVRDWmu7BJce5L0lnpT/phJnl5ItIoPNisJLszz2pWgX0PpNiXaMFlQVuG8xVPWjvbrmKgLWf97msVCCeSKVIMWRemsYGsnN
p9BSqeaQS636MMrobYTmAfpQABDlURClLVRDWmu7BJce5L0lnpT/phJnl5ItIoPNisJLszz2pWgX0PpNiXaMFqew4glMy5sTQP5XDinEsOzyBiMcDjL+4rIGJ3Orpe0Z
p9BSqeaQS636MMrobYTmAfpQABDlURClLVRDWmu7BJce5L0lnpT/phJnl5ItIoPNisJLszz2pWgX0PpNiXaMFvz00TKLf9lmP+oUvVOZFirIvOCF/gLGHEnrSpd0Vdyx
p9BSqeaQS636MMrobYTmAfpQABDlURClLVRDWmu7BJfkMZOijSmf5Jba48agFSAbnZ+qIXTS5zp6M4tmlG46ydexpu6rAyX9Q37w8mihYMjphDwqO8lrWl/mlxJWCDDX
p9BSqeaQS636MMrobYTmAfpQABDlURClLVRDWmu7BJecv9FRDAh3SPXeazue63iunnVtV3Ifye7Zk0EExn71/HvaUxk0m7mTtaITBPxCO1rfu/Ozfjrc+6C4Ouxvf6Fj
p9BSqeaQS636MMrobYTmAfpQABDlURClLVRDWmu7BJecv9FRDAh3SPXeazue63iunnVtV3Ifye7Zk0EExn71/AIAZ7DAri5z4lLuNhi24sD0NlFNbwSc3ylsOyQlcl63
p9BSqeaQS636MMrobYTmAfpQABDlURClLVRDWmu7BJecv9FRDAh3SPXeazue63iunnVtV3Ifye7Zk0EExn71/EsiOAcbMiyoe9ko9IJOzq50Hu0fgvkOnYVw7JBv+mSx
p9BSqeaQS636MMrobYTmAfpQABDlURClLVRDWmu7BJecv9FRDAh3SPXeazue63iunnVtV3Ifye7Zk0EExn71/BhQQwnyLvHCNdrkRQL3T4R0PsGb4uo+bKGCFrDwakrD
p9BSqeaQS636MMrobYTmAfpQABDlURClLVRDWmu7BJecv9FRDAh3SPXeazue63iunnVtV3Ifye7Zk0EExn71/EZcN0aFPOvJZBxRLTkym9w1/RRvMAl+xbXDhwbJ5S4m
p9BSqeaQS636MMrobYTmAfpQABDlURClLVRDWmu7BJecv9FRDAh3SPXeazue63iunnVtV3Ifye7Zk0EExn71/My8NEZMlo6tsWrzn0ZDQaI0GR3HcmBF3L32hTLcDFEd
p9BSqeaQS636MMrobYTmAfpQABDlURClLVRDWmu7BJfKNAutM4rirs5uGCLGZVXsdgoPKLpxDRmqQZBDMogBfm6G+VQBKfErwsnHIYuf6uArHFPs5gSs93rTnFFv31J1
p9BSqeaQS636MMrobYTmAfpQABDlURClLVRDWmu7BJfKNAutM4rirs5uGCLGZVXsdgoPKLpxDRmqQZBDMogBfqZND8gbTsLlLoz5cQQmCQWb8owXBijU6mulbgdmAa7V
p9BSqeaQS636MMrobYTmAfpQABDlURClLVRDWmu7BJe4LNfaMWAwLE2+dV2O3urpw/XblvkKI1mjJcxRzK4s5BRArTWNOb2mCygEjk9EKwMdJV4KFpiUpwyKT9Yr0Bcm
p9BSqeaQS636MMrobYTmAfpQABDlURClLVRDWmu7BJe4LNfaMWAwLE2+dV2O3urpw/XblvkKI1mjJcxRzK4s5B0m2N3kJFF9f/5C+AJziZ8TxtOlah/QNGDjje8FF98Y
p9BSqeaQS636MMrobYTmAfpQABDlURClLVRDWmu7BJe4LNfaMWAwLE2+dV2O3urpw/XblvkKI1mjJcxRzK4s5BRYNoUJy0VckgOu9xVpHf0ZiSTJQoGOA45vwCEia+7d
p9BSqeaQS636MMrobYTmAfpQABDlURClLVRDWmu7BJe4LNfaMWAwLE2+dV2O3urpw/XblvkKI1mjJcxRzK4s5Hx7FbIAjMhzOUc4JCSRH+Lu/aej3VbZee4E+XGFnxoK
p9BSqeaQS636MMrobYTmAfpQABDlURClLVRDWmu7BJdY19O0n4EpUASArTwB9cFBO/uwI2Z0tifNElHfS2hH8mzVhv3ZbMlQ/SHHAtTV4XtrP3c3ByCaFXERjvm25xuZ
p9BSqeaQS636MMrobYTmAfpQABDlURClLVRDWmu7BJdY19O0n4EpUASArTwB9cFBO/uwI2Z0tifNElHfS2hH8tuleEsKcCaqOQ803T0St5TWBnDtEd25fu6jZp2iPFJa
p9BSqeaQS636MMrobYTmAfpQABDlURClLVRDWmu7BJdY19O0n4EpUASArTwB9cFBO/uwI2Z0tifNElHfS2hH8uDf1lpCQ28uI0y0a55QNY7jSjJW1VtUIR1ccYRxNOG7
p9BSqeaQS636MMrobYTmAfpQABDlURClLVRDWmu7BJdY19O0n4EpUASArTwB9cFBO/uwI2Z0tifNElHfS2hH8udfjPpp43rxgmHfSwH82n1FnwLU8Qz84BMCp4keNI/4
p9BSqeaQS636MMrobYTmAfpQABDlURClLVRDWmu7BJdY19O0n4EpUASArTwB9cFBO/uwI2Z0tifNElHfS2hH8jdmjU7eBhF6fRVKm0DiqZaNC2vZhkMdG2ATVq8OQ/rc
p9BSqeaQS636MMrobYTmAfpQABDlURClLVRDWmu7BJdY19O0n4EpUASArTwB9cFBO/uwI2Z0tifNElHfS2hH8v7Nx9zm+fuPKFIyXQKGTVIo91GsiXkoCQHy++WSkqxs
p9BSqeaQS636MMrobYTmAfpQABDlURClLVRDWmu7BJcFC5w+A4aWsvMOP/h9/vKCglXwHlCuKoJkPeXsadtKc1I3JqIYPxDwErQaYqoz8d9Z+uyxzjhgNTs/NsjpKjOI
p9BSqeaQS636MMrobYTmAfpQABDlURClLVRDWmu7BJcFC5w+A4aWsvMOP/h9/vKCglXwHlCuKoJkPeXsadtKczCO2ddJbeG4+efqcYX4wCWGD/KRD2bNzI11NjifA81u
p9BSqeaQS636MMrobYTmAfpQABDlURClLVRDWmu7BJcFC5w+A4aWsvMOP/h9/vKCglXwHlCuKoJkPeXsadtKc0jTW3aycilStuO3v7kw3x3NMVRnMc+dKoLgF1TqB9gf
p9BSqeaQS636MMrobYTmAfpQABDlURClLVRDWmu7BJcFC5w+A4aWsvMOP/h9/vKCglXwHlCuKoJkPeXsadtKcypZ6NnEIAF8FZmq1hOsDVfOoBP7yZXwN5E8nlfzuoRI
p9BSqeaQS636MMrobYTmAfpQABDlURClLVRDWmu7BJcFC5w+A4aWsvMOP/h9/vKCglXwHlCuKoJkPeXsadtKc4z8KdmNyim21kxkSPiiwmQgBs8ZFjesRUKUEN2LbaI2
p9BSqeaQS636MMrobYTmAfpQABDlURClLVRDWmu7BJcFC5w+A4aWsvMOP/h9/vKCglXwHlCuKoJkPeXsadtKc5t3BdvB2/ezOHFq1wgqxcsP7rtsgaz15oDBancGi7gl
p9BSqeaQS636MMrobYTmAfpQABDlURClLVRDWmu7BJd1HqBBSX10DpATrzQ4uOFFx7vUNesAK9DI+E82K1rvL89VnoOSxJ4rlFfSmBcgPsoeaoTqXH8/i7XD0/bbBsan
p9BSqeaQS636MMrobYTmAfpQABDlURClLVRDWmu7BJd1HqBBSX10DpATrzQ4uOFFx7vUNesAK9DI+E82K1rvL2U3i968X8olUwsERmDaORjVwBZ61EomkwjJd1hd+6yf
p9BSqeaQS636MMrobYTmAfpQABDlURClLVRDWmu7BJd1HqBBSX10DpATrzQ4uOFFx7vUNesAK9DI+E82K1rvL2WcsWCv9A28T/UXGp7tV4vzB1CYYULuAZo9i6LznSuu
p9BSqeaQS636MMrobYTmAfpQABDlURClLVRDWmu7BJd1HqBBSX10DpATrzQ4uOFFx7vUNesAK9DI+E82K1rvL72IO0CIUkuCV1YFTrJ9ZWtQZBl2xcY4ErvnsLxcJ5p7
p9BSqeaQS636MMrobYTmAfpQABDlURClLVRDWmu7BJd1HqBBSX10DpATrzQ4uOFFx7vUNesAK9DI+E82K1rvL4CwPGLVHL1MtLExoJfTPa34DjO/rozGcWT3uJ+nwwPF
p9BSqeaQS636MMrobYTmAfpQABDlURClLVRDWmu7BJd1HqBBSX10DpATrzQ4uOFFx7vUNesAK9DI+E82K1rvL8KJi6G3FfDW0cfKIJv9fUKBCmDDhv9RLVYcBDtQSB9F
p9BSqeaQS636MMrobYTmAfpQABDlURClLVRDWmu7BJdYer92qu3RZDFHN9L4JKe1gvKiOjanBV+2uLjasNCc9tF10tM+rqqzqcZHWBhDeuZBLgXrFyPiyevqNj4oZ75t
p9BSqeaQS636MMrobYTmAfpQABDlURClLVRDWmu7BJdYer92qu3RZDFHN9L4JKe1gvKiOjanBV+2uLjasNCc9mpO3sZBkA8jav1NvOjHwbMVLNQ4EtyXJWflO7MsihKB
p9BSqeaQS636MMrobYTmAfpQABDlURClLVRDWmu7BJdYer92qu3RZDFHN9L4JKe1gvKiOjanBV+2uLjasNCc9kZcQxdtklBT32Y3bBfFbZ0drWdyUnGgVhbPgnjarITb
p9BSqeaQS636MMrobYTmAfpQABDlURClLVRDWmu7BJdYer92qu3RZDFHN9L4JKe1gvKiOjanBV+2uLjasNCc9uFczduEoai+YxpBKUhlyE+o9lFHivGunePIO92AkNjn
p9BSqeaQS636MMrobYTmAfpQABDlURClLVRDWmu7BJdYer92qu3RZDFHN9L4JKe1gvKiOjanBV+2uLjasNCc9iPuwMG8jnXk8OpnvtD4NMi01dtPQGWeZbKbn1kDvuz0
p9BSqeaQS636MMrobYTmAfpQABDlURClLVRDWmu7BJeFXS4GzT+9a/BrGeyEphF/wr1jWnWFUUVFhYrplNEhJHWOiM3h6elgIYBFzZJwbpr64uvtPTZbjHtku2kJxFXt
p9BSqeaQS636MMrobYTmAfpQABDlURClLVRDWmu7BJcQDgML651DHYCrQAE4z7A4DeiS8WEMgoziMiRZF85HOklIm2CcV7SlDYmEEauE7Unb4E2P7i82ylYXv73Xk4Aw
p9BSqeaQS636MMrobYTmAfpQABDlURClLVRDWmu7BJdC10iHZWuLhxrDpRJuhpgB6rK1SB0Nzdv3zTDJ2VfNa4auFHZF5k2CWH/Vrn57/Tfln5dnIpGka+zbHd17tYsy
p9BSqeaQS636MMrobYTmAfpQABDlURClLVRDWmu7BJdC10iHZWuLhxrDpRJuhpgB6rK1SB0Nzdv3zTDJ2VfNa+S/YzgoOcVaLk2yN264tJKaXXNk+PTVwTE3Ng0jfcht
p9BSqeaQS636MMrobYTmAfpQABDlURClLVRDWmu7BJdC10iHZWuLhxrDpRJuhpgB6rK1SB0Nzdv3zTDJ2VfNax4aRyifaCodMRaN4onBS9jWighoKeAaDZQ4a4WEFN0q
p9BSqeaQS636MMrobYTmAfpQABDlURClLVRDWmu7BJdC10iHZWuLhxrDpRJuhpgB6rK1SB0Nzdv3zTDJ2VfNa6Z/iuthVhq8+dNwxSxnCD41pP09BZHjF0JW70rOUYpY
p9BSqeaQS636MMrobYTmAfpQABDlURClLVRDWmu7BJdC10iHZWuLhxrDpRJuhpgB6rK1SB0Nzdv3zTDJ2VfNazOcajXDHEp+YwPsLOq3TH64B9l9JHfSrR0Ti3Aq2tib
p9BSqeaQS636MMrobYTmAfpQABDlURClLVRDWmu7BJduxistDD4xSCooOywEijEMKFdQ3for/gYWYbF54IHo5NKctEL+BcgsJuAW8NlqGGXKMzJ1WHaIk10G0KB1OxZ5
p9BSqeaQS636MMrobYTmAfpQABDlURClLVRDWmu7BJfmttA/Bp8CqszC1SwMmMdN/+3+4JlOvZYnYytLq9QsqIMpkP7YxK/LaaLZlunV6C51EuURMORLSL8BJNotBoFA
p9BSqeaQS636MMrobYTmAfpQABDlURClLVRDWmu7BJfmttA/Bp8CqszC1SwMmMdN/+3+4JlOvZYnYytLq9QsqKTdCgmerpGol2sqejqi6bkZhItSAKUmcYsSiuEFPr9X
p9BSqeaQS636MMrobYTmAfpQABDlURClLVRDWmu7BJfmttA/Bp8CqszC1SwMmMdN/+3+4JlOvZYnYytLq9QsqD4dxwWhVmXMIa8fzTDX6VUNfVzY5o7UhxaMGU3M12BY
p9BSqeaQS636MMrobYTmAfpQABDlURClLVRDWmu7BJfmttA/Bp8CqszC1SwMmMdN/+3+4JlOvZYnYytLq9QsqNuqRQcnkfdkeSNKx09VWu2O0ObZG6hS9ikKlqNljB59
p9BSqeaQS636MMrobYTmAfpQABDlURClLVRDWmu7BJfmttA/Bp8CqszC1SwMmMdN/+3+4JlOvZYnYytLq9QsqLf+n+HfM0qAh5m11kjxNFh0i80nLmIFV+zH5CcxoF1g
p9BSqeaQS636MMrobYTmAfpQABDlURClLVRDWmu7BJfmttA/Bp8CqszC1SwMmMdN/+3+4JlOvZYnYytLq9QsqHfd1IsUZRftoQKzCMTPjcirz/Fu+wrPHSIPqgiAfp12
p9BSqeaQS636MMrobYTmAfpQABDlURClLVRDWmu7BJfMjlvK2LjLCMXLpLcRyXP4E19VFfHkdjBhmRGqG4egfLHUur//a4Jk4b/WQtV+/4vRIoXbYYypl6ub0+3SOsECvueRUbdcWxpxGwt3rvFv7q4u9GzN+wHQqJrdMJPG3mISACZomJKpupWAu9CeetXn
p9BSqeaQS636MMrobYTmAfpQABDlURClLVRDWmu7BJefFm0MJgGWQv1JsFM8ahIojpjrj6v2W3Z2yy8DrDxjt4BLcjCRrCC1gkfxn8gKRH1noqCr/j7Cia2PXkLw7Su+
p9BSqeaQS636MMrobYTmAfpQABDlURClLVRDWmu7BJefFm0MJgGWQv1JsFM8ahIojpjrj6v2W3Z2yy8DrDxjtxu0JDBShpdhfBIvHN3hXvuPRJWecVO9U/RTbzpYDAss
p9BSqeaQS636MMrobYTmAfpQABDlURClLVRDWmu7BJefFm0MJgGWQv1JsFM8ahIojpjrj6v2W3Z2yy8DrDxjtxevh8gT/h5aPJ7aivEWJf9oEJJ6dgaTiT4/E3hLyOKq
p9BSqeaQS636MMrobYTmAfpQABDlURClLVRDWmu7BJefFm0MJgGWQv1JsFM8ahIojpjrj6v2W3Z2yy8DrDxjt2akTKV707LWg38CRlHgttJPpLqssdjyWZT7TgrluAnc
p9BSqeaQS636MMrobYTmAfpQABDlURClLVRDWmu7BJefFm0MJgGWQv1JsFM8ahIojpjrj6v2W3Z2yy8DrDxjt0iLOuE4kyn7+TLbgXJ2D4uvZ0PoVAFtUzjnWGtMQfeF
p9BSqeaQS636MMrobYTmAfpQABDlURClLVRDWmu7BJefFm0MJgGWQv1JsFM8ahIojpjrj6v2W3Z2yy8DrDxjtxoQpT63eCAoiEwMgngeAzKn5fqurgSJej4fMFM3eqjv
p9BSqeaQS636MMrobYTmAfpQABDlURClLVRDWmu7BJcU62wSK2zPU5qJrt9qnODYFnFMRVJObgkRRr/R6mfxoNoJoaGOrXCgx15DJkkOoCRB2Pd2R5ybjYOt1cJh+Rni
p9BSqeaQS636MMrobYTmAfpQABDlURClLVRDWmu7BJfkxMYuLyQTJ/O8uxarBmgFfysdkdmn+3InZW+k35r3EVk7/96TOCi5D/ErIXZHVG4fiDefv/+oMgywn4PR3jj7
p9BSqeaQS636MMrobYTmAfpQABDlURClLVRDWmu7BJcTjCLKv1ERP5IZGt+GQmSPdzyqoX7mNFRoeOZ8sZVArY4IAsyIk8R0jE3/WrTExnQWRoObmNYj5n2cTS7URhP0
p9BSqeaQS636MMrobYTmAfpQABDlURClLVRDWmu7BJfFjYvC4dqb0avujNfaDPzIBw72bU2YLpHzRNgCFAewNfQ64iF4A4P3dBMnDDCH47uxcFVrTqxtfZHCenRvXilH
p9BSqeaQS636MMrobYTmAfpQABDlURClLVRDWmu7BJeBUoZqIoI0KOgID1jYY9+xyWLXlAzqLujuhfAQlr9FXbULjL94EaZOzYyVhUtKcDbLx4F2oUqdc7v+x6xF0D5f
p9BSqeaQS636MMrobYTmAfpQABDlURClLVRDWmu7BJeqMIBhil0fnuY4z114CDaYxXHWpcwqefjRgZ2EF4BklF96/MLeEcOkV1PwRLV6PL/sIkYM4jh7d5oAC3V7kogf
p9BSqeaQS636MMrobYTmAfpQABDlURClLVRDWmu7BJeqMIBhil0fnuY4z114CDaYxXHWpcwqefjRgZ2EF4BklEZ34ykVWAfnPkyvS3pOiOhMwWhN46UxlVBHcFKqPmpL
p9BSqeaQS636MMrobYTmAfpQABDlURClLVRDWmu7BJeqMIBhil0fnuY4z114CDaYxXHWpcwqefjRgZ2EF4BklDWOtdFD2AjavmVz+4x3m3aMnp0UuByQ2HpnUNMNUiQJ
p9BSqeaQS636MMrobYTmAfpQABDlURClLVRDWmu7BJeqMIBhil0fnuY4z114CDaYxXHWpcwqefjRgZ2EF4BklDN9kmRZjpCJZj+J899rpckzKLo3nh59b1f/zOLPlKmy
p9BSqeaQS636MMrobYTmAfpQABDlURClLVRDWmu7BJf+dK0ZaPjtUbYpvUDP6gYCci5K6ddU0Bu48J5R20s4NbRCpJZ56l2ofyjdHMVd3irrfqjC3uTo9DOhfN1gzrxe
p9BSqeaQS636MMrobYTmAfpQABDlURClLVRDWmu7BJf+dK0ZaPjtUbYpvUDP6gYCci5K6ddU0Bu48J5R20s4NRlKuHjz5jdISd6+6hS/mlItx1nF3jzPb8VJcrXbJn5a
p9BSqeaQS636MMrobYTmAfpQABDlURClLVRDWmu7BJeOv5HEFKDCHaY9ZbmCaOar3gEkfEP6EH5C0fs47m/kXZsv96O8GijwEkSBIKz9S58J0RUfv3uJq+dA3VyBsfcV
p9BSqeaQS636MMrobYTmAfpQABDlURClLVRDWmu7BJeOv5HEFKDCHaY9ZbmCaOar3gEkfEP6EH5C0fs47m/kXcb6n2R7Zh3bP6ZoGtquKeP7l0W3V//cIdb96/e460l6
p9BSqeaQS636MMrobYTmAfpQABDlURClLVRDWmu7BJeOv5HEFKDCHaY9ZbmCaOar3gEkfEP6EH5C0fs47m/kXTfasGpizTo/tEVhoo9Pminch7FA/KUV9ySpNKJNn/gY
p9BSqeaQS636MMrobYTmAfpQABDlURClLVRDWmu7BJeOv5HEFKDCHaY9ZbmCaOar3gEkfEP6EH5C0fs47m/kXSkY3N/gBS36dnePtgrGMB1DHSEWxRIlW3GmKSX/M6Dy
p9BSqeaQS636MMrobYTmAfpQABDlURClLVRDWmu7BJeOv5HEFKDCHaY9ZbmCaOar3gEkfEP6EH5C0fs47m/kXZ4K84739K4DzYQOvjvxB7b1tNRIuAX4nrG1gylDEnQG
p9BSqeaQS636MMrobYTmAfpQABDlURClLVRDWmu7BJeOv5HEFKDCHaY9ZbmCaOar3gEkfEP6EH5C0fs47m/kXUrv+zJahaUUUOa4XwW8VUKv5m7vn7UI/Pgwdu2RQEp5
p9BSqeaQS636MMrobYTmAfpQABDlURClLVRDWmu7BJfAIzEcNDkguOlK6MXwRZ1Yt9YJ/9njn5gfyJIGUJjgWqQrtGTmZkZIs0/+exo339sVyObEokmjqVpKyJc7Rzt8
p9BSqeaQS636MMrobYTmAfpQABDlURClLVRDWmu7BJfAIzEcNDkguOlK6MXwRZ1Yt9YJ/9njn5gfyJIGUJjgWrjC3Afna2DMt5CiV1iaFtndIGlZthK1ucHNOs6/jyXw
p9BSqeaQS636MMrobYTmAfpQABDlURClLVRDWmu7BJfAIzEcNDkguOlK6MXwRZ1Yt9YJ/9njn5gfyJIGUJjgWnz4HeS5GthBj7MxN/+JakzqG/qO6GjeeOVhrMg4XpLr
p9BSqeaQS636MMrobYTmAfpQABDlURClLVRDWmu7BJfAIzEcNDkguOlK6MXwRZ1Yt9YJ/9njn5gfyJIGUJjgWk1CqXGfpus4MJj9VZaq3+ruAqc1Q1xf8nSlJapbyg68
p9BSqeaQS636MMrobYTmAfpQABDlURClLVRDWmu7BJfAIzEcNDkguOlK6MXwRZ1Yt9YJ/9njn5gfyJIGUJjgWuJ3eV2zqBqmJhCTq952/pLhczpGzLBXC6fzRuRKjKDH
p9BSqeaQS636MMrobYTmAfpQABDlURClLVRDWmu7BJfAIzEcNDkguOlK6MXwRZ1Yt9YJ/9njn5gfyJIGUJjgWv+NoFPGGF2ANHGMDOFAJOhCT38VGTny4IdmNVSARoWJ
p9BSqeaQS636MMrobYTmAfpQABDlURClLVRDWmu7BJdfBwKvjVPfcTD/2rfXlvmS12fhI9v+fCR0QRAkfhDY9O6C2vQPHQUYV7DrrVj2fVvSDsfTnowwDd2BksDV20Mg
p9BSqeaQS636MMrobYTmAfpQABDlURClLVRDWmu7BJfnD2rRZE2F838fmujVXx0O9IUs4RhdOKOHk8QrL7eaUr/GOq3G/QDwQrYyUHmOIgoWFc6aHE7VPzhzSXDmODbH
p9BSqeaQS636MMrobYTmAfpQABDlURClLVRDWmu7BJfnD2rRZE2F838fmujVXx0O9IUs4RhdOKOHk8QrL7eaUmDkUFZW6yHbto0f/LRGtCBZs8Alsc1Jzxl2Ch6/+wvf
p9BSqeaQS636MMrobYTmAfpQABDlURClLVRDWmu7BJfnD2rRZE2F838fmujVXx0O9IUs4RhdOKOHk8QrL7eaUjTxv+623840D7qMjO7e92z1Ry/IwMXgdiE8G/MLJjHp
p9BSqeaQS636MMrobYTmAfpQABDlURClLVRDWmu7BJfnD2rRZE2F838fmujVXx0O9IUs4RhdOKOHk8QrL7eaUq7BlP5NSECinjYx8Zac4BDgZXv3nOgrZ0mRR3vXXHIi
p9BSqeaQS636MMrobYTmAfpQABDlURClLVRDWmu7BJfnD2rRZE2F838fmujVXx0O9IUs4RhdOKOHk8QrL7eaUmC9xC4k8ZZHb9tLnDyxoN4Mbn6RUaXsHzObWmqFJihL
p9BSqeaQS636MMrobYTmAfpQABDlURClLVRDWmu7BJfsGG+TLJUI3a/BEp889IZDawG/yFh4nwXdmkm18f5dnOX2jusAmg3Nx5T0N6xNzOcdVYYX391YFZXnWW5uN6p2
p9BSqeaQS636MMrobYTmAfpQABDlURClLVRDWmu7BJfsGG+TLJUI3a/BEp889IZDawG/yFh4nwXdmkm18f5dnJvowSNoNSzi9Udl8l74pySEu6S/g1pfio0YwZh6XSbv
p9BSqeaQS636MMrobYTmAfpQABDlURClLVRDWmu7BJfsGG+TLJUI3a/BEp889IZDawG/yFh4nwXdmkm18f5dnP74gE6unChYPPIiGqWjACdAXbQyyBe2NNLsuBsPJwDG
p9BSqeaQS636MMrobYTmAfpQABDlURClLVRDWmu7BJfsGG+TLJUI3a/BEp889IZDawG/yFh4nwXdmkm18f5dnFhD2rrZac7QjXIerEgOY4xYZro61ibEaqFAL+bwlRdv
p9BSqeaQS636MMrobYTmAfpQABDlURClLVRDWmu7BJfsGG+TLJUI3a/BEp889IZDawG/yFh4nwXdmkm18f5dnPPqJP6XcyqJnuLDS2KWkb/DIq94O1icGE9mG/jC4+EC
p9BSqeaQS636MMrobYTmAfpQABDlURClLVRDWmu7BJfsGG+TLJUI3a/BEp889IZDawG/yFh4nwXdmkm18f5dnFq/bU+7lCEskz3nObXYfno1TC+R4SS37QWg01sMyi+4
p9BSqeaQS636MMrobYTmAfpQABDlURClLVRDWmu7BJeZ87azTM9giCK7pXwzsz5uiwpmUHNaqD2srNfDoDmeSWjbJlhOaqPhYw+6tIEoObRToiJd/Wcog6m4Qf/4btvA
p9BSqeaQS636MMrobYTmAfpQABDlURClLVRDWmu7BJeZ87azTM9giCK7pXwzsz5uiwpmUHNaqD2srNfDoDmeSV9OQJXy6PaeLKA5fRs1DOFOU8ufO3OTMpbzhSP3PADw
p9BSqeaQS636MMrobYTmAfpQABDlURClLVRDWmu7BJeZ87azTM9giCK7pXwzsz5uiwpmUHNaqD2srNfDoDmeSTax7QmyoY8yh16m/smVgE7/ge4AmeuhGlRK3ZA48a5A
p9BSqeaQS636MMrobYTmAfpQABDlURClLVRDWmu7BJeZ87azTM9giCK7pXwzsz5uiwpmUHNaqD2srNfDoDmeSZ/Bm8hI28rzm4K/PeTDn/s7GAlXFmCF9JjmRyA6Cv+y
p9BSqeaQS636MMrobYTmAfpQABDlURClLVRDWmu7BJeZ87azTM9giCK7pXwzsz5uiwpmUHNaqD2srNfDoDmeSduFQhOY1+QkDkMAlIHPr3sayz5GCEXDcSYGLj8t9722
p9BSqeaQS636MMrobYTmAfpQABDlURClLVRDWmu7BJeZ87azTM9giCK7pXwzsz5uiwpmUHNaqD2srNfDoDmeSdp716JvDpKLDnl/GUqh6o8CZ6jtrvEwQWP+2t0DtFs2
p9BSqeaQS636MMrobYTmAfpQABDlURClLVRDWmu7BJe0Fjhe78J3rbicfIOwBKZHwFPJVaoxRaSXLTXpnGWu6KnO6ZoRcj1n72NQeIOUMfnpsi72ZIA+CjKG27awWES6
p9BSqeaQS636MMrobYTmAfpQABDlURClLVRDWmu7BJe0Fjhe78J3rbicfIOwBKZHwFPJVaoxRaSXLTXpnGWu6C7DoIa9p7/HFOLEv3KPzQOT553XEs9jC+JEYo1PopUe
p9BSqeaQS636MMrobYTmAfpQABDlURClLVRDWmu7BJe0Fjhe78J3rbicfIOwBKZHwFPJVaoxRaSXLTXpnGWu6DZAitaUwsf81RB5ZZO1c9Kcni3y4RLevWD5znztyQ7+
p9BSqeaQS636MMrobYTmAfpQABDlURClLVRDWmu7BJe0Fjhe78J3rbicfIOwBKZHwFPJVaoxRaSXLTXpnGWu6ODRXLO7gyr330PFeM4mo8i6ajFXPoJCS4egVQKgx3sw
p9BSqeaQS636MMrobYTmAfpQABDlURClLVRDWmu7BJe0Fjhe78J3rbicfIOwBKZHwFPJVaoxRaSXLTXpnGWu6J7uZp+L03hJbhNxgZQjRaIzdPgXSw3e9VCcaEqQz5EM
p9BSqeaQS636MMrobYTmAfpQABDlURClLVRDWmu7BJe0Fjhe78J3rbicfIOwBKZHwFPJVaoxRaSXLTXpnGWu6OYlSCAYt0H4eg3tdfR1+Y6koMOak5knYLPfQb0DWUV5
p9BSqeaQS636MMrobYTmAfpQABDlURClLVRDWmu7BJf08ypJqKpzD4lwEQ1ieEelengiyBOl5C847qjPHAEKaM7E00gujT/fHcHczIxqp8xfYHheIx0KtYUH4wwUNblB
p9BSqeaQS636MMrobYTmAfpQABDlURClLVRDWmu7BJf08ypJqKpzD4lwEQ1ieEelengiyBOl5C847qjPHAEKaIgsvtJWtrqswQ+Pvrq63+ztXoaDZwlQs4vPT0I4pd7H
p9BSqeaQS636MMrobYTmAfpQABDlURClLVRDWmu7BJf08ypJqKpzD4lwEQ1ieEelengiyBOl5C847qjPHAEKaD8GyHDwwV5Zuk3ihTDrOt/NeyFn99zo0s/GOKP7Z6P5
p9BSqeaQS636MMrobYTmAfpQABDlURClLVRDWmu7BJf08ypJqKpzD4lwEQ1ieEelengiyBOl5C847qjPHAEKaCMBy1kcL/R7N880IQzXhSTx7BiW0wsZatkQSfMYiNnL
p9BSqeaQS636MMrobYTmAfpQABDlURClLVRDWmu7BJf08ypJqKpzD4lwEQ1ieEelengiyBOl5C847qjPHAEKaKbWynCEtgaaG/pTNK4VDYGX8F2/JBOhU1ma5vhCbK7L
p9BSqeaQS636MMrobYTmAfpQABDlURClLVRDWmu7BJf08ypJqKpzD4lwEQ1ieEelengiyBOl5C847qjPHAEKaCf2/NMD9gKFpWnvWKT/frSl4qxSK33+X+E6YQ8SC1aw
p9BSqeaQS636MMrobYTmAfpQABDlURClLVRDWmu7BJebzcdkCpNj/WpeUdO2JhGm+2sOSVCsg4g4L9KT8R9m+s23miinODqQlq5HvlUS+t+k450ZT22N8K1kM67XB8rq
p9BSqeaQS636MMrobYTmAfpQABDlURClLVRDWmu7BJebzcdkCpNj/WpeUdO2JhGm+2sOSVCsg4g4L9KT8R9m+ipYnI7p0Bsrx8vaDVvNdoUpjcBOq0GW+cwNLqqMMDlm
p9BSqeaQS636MMrobYTmAfpQABDlURClLVRDWmu7BJebzcdkCpNj/WpeUdO2JhGm+2sOSVCsg4g4L9KT8R9m+hWBQ3vkjdcxBXWxib6/Ap0IJakS1ux5dXbGAkTAn/U7
p9BSqeaQS636MMrobYTmAfpQABDlURClLVRDWmu7BJebzcdkCpNj/WpeUdO2JhGm+2sOSVCsg4g4L9KT8R9m+o5Q6qNao6c1gj0dBe9X2VwrSnc7tVOZM8oABsEfqL4N
p9BSqeaQS636MMrobYTmAfpQABDlURClLVRDWmu7BJebzcdkCpNj/WpeUdO2JhGm+2sOSVCsg4g4L9KT8R9m+vgm352FbZgkI49k6RHLqbfc58tAKC5BahIUzPwPPBmj
p9BSqeaQS636MMrobYTmAfpQABDlURClLVRDWmu7BJebzcdkCpNj/WpeUdO2JhGm+2sOSVCsg4g4L9KT8R9m+lP3vULHIGReEjOxH/ZD2lDUuAx5O6QfqksxEPzX/WDp
p9BSqeaQS636MMrobYTmAfpQABDlURClLVRDWmu7BJdtlqr++4xnCYxqOw88VSzdSIbpGRlPOBJxr2LyIRlnObWK/XItNKzNoQQRbiiHylc+3oPbkDkM0FTldnxjRxpC
p9BSqeaQS636MMrobYTmAfpQABDlURClLVRDWmu7BJeEHKepm7dTGN/q2zVVPi6+DE60sBqOyaF7BCx0aJqABxWxF1Y9Hxg+dS3JuraFnf6eA7QDqP0ZJTnjqdN3RlqY
p9BSqeaQS636MMrobYTmAfpQABDlURClLVRDWmu7BJeEHKepm7dTGN/q2zVVPi6+DE60sBqOyaF7BCx0aJqAB96ivta5rfzkYZuJozR6jQ9E1vNEOPdOJsFNaTOrK8fO
p9BSqeaQS636MMrobYTmAfpQABDlURClLVRDWmu7BJeEHKepm7dTGN/q2zVVPi6+DE60sBqOyaF7BCx0aJqAB1otctaC6RCpF5VOGdcsdWr0CiZnLt7xf06Dp43O6NiS
p9BSqeaQS636MMrobYTmAfpQABDlURClLVRDWmu7BJeEHKepm7dTGN/q2zVVPi6+DE60sBqOyaF7BCx0aJqAB2C/HrHM80IhxrDLHLEORUk/MdUqzMdNgZuBj/z/Gc7k
p9BSqeaQS636MMrobYTmAfpQABDlURClLVRDWmu7BJeEHKepm7dTGN/q2zVVPi6+DE60sBqOyaF7BCx0aJqAB4jOYXGkfSMw42qUsHPF4UFvkcL7djB3s126a3gkNPMw
p9BSqeaQS636MMrobYTmAfpQABDlURClLVRDWmu7BJeEHKepm7dTGN/q2zVVPi6+DE60sBqOyaF7BCx0aJqABznxhphPCzzN+zB2iuiMY0HonxB9DvitiEIxRVxfOTQ/
p9BSqeaQS636MMrobYTmAfpQABDlURClLVRDWmu7BJdyjHDYeYBATh1NTTbJfW2eZm0vkJInjD1kFJYdknst6Xn+hRP4/giFqhM4njxz7oq7spk8dW2oSojPzLWMRYqr
p9BSqeaQS636MMrobYTmAfpQABDlURClLVRDWmu7BJcEoucD1/C2bOG2LOxzbU744U05tG/3Kz0x7gVRJONzYt9i6hbPxdRsxm8CQw5sZJGefMLkKhZLDFAC9+1QS1da
p9BSqeaQS636MMrobYTmAfpQABDlURClLVRDWmu7BJe7bKjmQLG+zWacjEpcnsitzQKd3jHxGk8MooPmN95ZkYQexEy54xZEr74eYnMH0BOjL+bVzn5JttwNFhIO/+4f
p9BSqeaQS636MMrobYTmAfpQABDlURClLVRDWmu7BJe7bKjmQLG+zWacjEpcnsitzQKd3jHxGk8MooPmN95ZkVI3zKlEA9mAjnXAv0HBazmY8TJGBaGOLJtGhJN8419L
p9BSqeaQS636MMrobYTmAfpQABDlURClLVRDWmu7BJe7bKjmQLG+zWacjEpcnsitzQKd3jHxGk8MooPmN95ZkRF2u1lGYlH/ECJznVyumMaynH//8rfZCBW6CznMe6DB
p9BSqeaQS636MMrobYTmAfpQABDlURClLVRDWmu7BJe7bKjmQLG+zWacjEpcnsitzQKd3jHxGk8MooPmN95ZkWrPDFNOowMuGM8h5Gr7s8NhYIf9VxK3PEgJAOYDYru0
p9BSqeaQS636MMrobYTmAfpQABDlURClLVRDWmu7BJe7bKjmQLG+zWacjEpcnsitzQKd3jHxGk8MooPmN95ZkS5+Rlh1OBL+BSFOSLNBipR1l0MbyCVB/ue+P9E+mF8p
p9BSqeaQS636MMrobYTmAfpQABDlURClLVRDWmu7BJe7bKjmQLG+zWacjEpcnsitzQKd3jHxGk8MooPmN95ZkWqFcHBHSUWGZ8M3byMRSXCeXFBZo2GrqJ38DJvns0lU
p9BSqeaQS636MMrobYTmAfpQABDlURClLVRDWmu7BJcVK6+5rS7dS/WXXCF+vyPyUyO6QYcoEM2X8sWNJi2F29GzrJr+8Jk7tW1R3gn893riGeDUGohS+VUK3CdUBkoH
p9BSqeaQS636MMrobYTmAfpQABDlURClLVRDWmu7BJf+27H4hPxCKan0xt2IHOOm5HUsFIZePfP79AlbJdBb0dTpiDrI47Y1vweOgvfzElhVzPllX4Yo8AiAMm6nZZo+
p9BSqeaQS636MMrobYTmAfpQABDlURClLVRDWmu7BJfCThIvSEVfvdN7xMMmB2S/mBSYb+sp5OQ8Y2TMB2ppGEMnpcTfZkve/+1jm1zZZszuEZrpZ1pKlB69DCt2EnrT
p9BSqeaQS636MMrobYTmAfpQABDlURClLVRDWmu7BJdKnYKTnzg1tNcqkXF/Id5BjpX32RkOShCbvh/I77FEcQN1NSUpGZV8GW/OEB4X2ifaFRmZ6iZ6c0qjNAsjpaH+
p9BSqeaQS636MMrobYTmAfpQABDlURClLVRDWmu7BJdKnYKTnzg1tNcqkXF/Id5BjpX32RkOShCbvh/I77FEcXm36K8rAl5WbU+arwKQj5vXvUozIP4B0cH8X6qW86iO
p9BSqeaQS636MMrobYTmAfpQABDlURClLVRDWmu7BJdKnYKTnzg1tNcqkXF/Id5BjpX32RkOShCbvh/I77FEcXG+Roj2SOAZ6kC81TBjf96QUlVs3K+K8MjSpnuZOrmZ
p9BSqeaQS636MMrobYTmAfpQABDlURClLVRDWmu7BJdKnYKTnzg1tNcqkXF/Id5BjpX32RkOShCbvh/I77FEcUhSdxkmkh57cu8J77V6oqdxAReJ2dlvu06yW5jtUtUj
p9BSqeaQS636MMrobYTmAfpQABDlURClLVRDWmu7BJdKnYKTnzg1tNcqkXF/Id5BjpX32RkOShCbvh/I77FEcRyRtDHduQUMd3g++NJYzj2ATXp6eyicA0KAvcZbCq2C
p9BSqeaQS636MMrobYTmAfpQABDlURClLVRDWmu7BJdKnYKTnzg1tNcqkXF/Id5BjpX32RkOShCbvh/I77FEcS9FWNlkHyC8Jm50I6LqUfiBV5aqpSUn9T+ZlxcQiFnF
p9BSqeaQS636MMrobYTmAfpQABDlURClLVRDWmu7BJcBGatNUbRMSPBu79sUOF4Xgfg95N8bATXYxz22HBzE4QbvDe9RADomZa3rq9wM7sNcSVOvu7C/AiQAVlVcVa4G
p9BSqeaQS636MMrobYTmAfpQABDlURClLVRDWmu7BJcBGatNUbRMSPBu79sUOF4Xgfg95N8bATXYxz22HBzE4d+unqeuvSkHqKHwZSzyLXzjGucrDuAV64wnULhDVkbM
p9BSqeaQS636MMrobYTmAfpQABDlURClLVRDWmu7BJcBGatNUbRMSPBu79sUOF4Xgfg95N8bATXYxz22HBzE4bMzL3D7lNmK9WBafuXwTEgwGglLjxU3BHgIU8CZKJGs
p9BSqeaQS636MMrobYTmAfpQABDlURClLVRDWmu7BJcBGatNUbRMSPBu79sUOF4Xgfg95N8bATXYxz22HBzE4cHVISGqviamcohqisROeIPNUbeGgf5ONfPyi5D6vyam
p9BSqeaQS636MMrobYTmAfpQABDlURClLVRDWmu7BJcBGatNUbRMSPBu79sUOF4Xgfg95N8bATXYxz22HBzE4WKCQGo0pNB6yfpQ/yO1XqBEY8FfFbZKIe0dMWfFmI/9
p9BSqeaQS636MMrobYTmAfpQABDlURClLVRDWmu7BJcBGatNUbRMSPBu79sUOF4Xgfg95N8bATXYxz22HBzE4dwsxRx9okiCsFXTCYEvSNIk64q9xtEBpMUimuov0c2W
p9BSqeaQS636MMrobYTmAfpQABDlURClLVRDWmu7BJcz5yDx3/Rgeo6mOcg9DP7lUo/I02Mx7QKtWW8x4/ScGkZv/z9ejiHVyC2JXDNIjbQMY2unZ7o3JhHi1a9Wa4RU
p9BSqeaQS636MMrobYTmAfpQABDlURClLVRDWmu7BJcz5yDx3/Rgeo6mOcg9DP7lUo/I02Mx7QKtWW8x4/ScGqd1kNesG7+r7zp4aPRHw/+MnjjQ0J8IhSf52rkhTwSc
p9BSqeaQS636MMrobYTmAfpQABDlURClLVRDWmu7BJcz5yDx3/Rgeo6mOcg9DP7lUo/I02Mx7QKtWW8x4/ScGiZxClMXge9JIFEdH+wUT3SNxMCqWt1NAkM+HbAKnX2i
p9BSqeaQS636MMrobYTmAfpQABDlURClLVRDWmu7BJcz5yDx3/Rgeo6mOcg9DP7lUo/I02Mx7QKtWW8x4/ScGmbT6nG8KDlsMDkLb2wWKDvuCYGMnz/2BHtTLSqBF5aO
p9BSqeaQS636MMrobYTmAfpQABDlURClLVRDWmu7BJcz5yDx3/Rgeo6mOcg9DP7lUo/I02Mx7QKtWW8x4/ScGkO6giOQqkFolhIW46Py9q/e2ZTDvWe8cP/JcjXhwuLX
p9BSqeaQS636MMrobYTmAfpQABDlURClLVRDWmu7BJcz5yDx3/Rgeo6mOcg9DP7lUo/I02Mx7QKtWW8x4/ScGkUVolhPFkfOi3TDw6eh+xLcS3zqUK6NoyLyjCEAL+IX
p9BSqeaQS636MMrobYTmAfpQABDlURClLVRDWmu7BJdTA/QOQdpEXdL7nEJvXKfxY2rfijrob98rxThlbDWckOaAfzMz2r5hGSgZZW1JzOfwcODT3eiKy0AdgI6/fHJT
p9BSqeaQS636MMrobYTmAfpQABDlURClLVRDWmu7BJdTA/QOQdpEXdL7nEJvXKfxY2rfijrob98rxThlbDWckO5cUuLW+8SfAYv0SDDcHSHu/Jb/tLPyGCx/Kb0Wv5dr
p9BSqeaQS636MMrobYTmAfpQABDlURClLVRDWmu7BJdTA/QOQdpEXdL7nEJvXKfxY2rfijrob98rxThlbDWckGMRvBaCKDgUhV4HnaQ5Zah9jFJRHfhVFfxLNmaSxELg
p9BSqeaQS636MMrobYTmAfpQABDlURClLVRDWmu7BJdTA/QOQdpEXdL7nEJvXKfxY2rfijrob98rxThlbDWckFRHwBIhQRnm78ESitxFOjRkUdZgL9AXvcwbtznf3PX+
p9BSqeaQS636MMrobYTmAfpQABDlURClLVRDWmu7BJdTA/QOQdpEXdL7nEJvXKfxY2rfijrob98rxThlbDWckEJlLossSmbyXsiTcQrgdgMyU3mdW/04WP8Tj+XNOMOL
p9BSqeaQS636MMrobYTmAfpQABDlURClLVRDWmu7BJdTA/QOQdpEXdL7nEJvXKfxY2rfijrob98rxThlbDWckKM7wZjMJ2YWPKVTDUuxZV0w5Jgso/0J0mMjdM/E8AHd
p9BSqeaQS636MMrobYTmAfpQABDlURClLVRDWmu7BJeb+g56WVcAMU6AemyhNu2JT+SxkHszbjfkStKMSL6gWVHCvMHbW+weIE47YycxE0LFbqqQhM7CBW80s3M+7Akk
p9BSqeaQS636MMrobYTmAfpQABDlURClLVRDWmu7BJeb+g56WVcAMU6AemyhNu2JT+SxkHszbjfkStKMSL6gWQNA+D2n1Ctwz3ri1OJfD0glJt08J1kEsm0VeMYB5iF0
p9BSqeaQS636MMrobYTmAfpQABDlURClLVRDWmu7BJeb+g56WVcAMU6AemyhNu2JT+SxkHszbjfkStKMSL6gWRf/peBwmkPrGoySkkaEpwkwJEj1xKB5DgL4qR9PJrn1
p9BSqeaQS636MMrobYTmAfpQABDlURClLVRDWmu7BJeb+g56WVcAMU6AemyhNu2JT+SxkHszbjfkStKMSL6gWTHiJlSkTPCmVCKiv0nFn8aI3mYNhPs4O6GgLZ8NaCPi
p9BSqeaQS636MMrobYTmAfpQABDlURClLVRDWmu7BJeb+g56WVcAMU6AemyhNu2JT+SxkHszbjfkStKMSL6gWbPJCXkEvL3K23QMg3tgiNrqByKlhz+29NVK1FuDLnYt
p9BSqeaQS636MMrobYTmAfpQABDlURClLVRDWmu7BJeb+g56WVcAMU6AemyhNu2JT+SxkHszbjfkStKMSL6gWRVCwDWbcO/bsbdggIVDKIlAmDHWV/ncMmUws49XDCRL
p9BSqeaQS636MMrobYTmAfpQABDlURClLVRDWmu7BJcOitZvfaocujclO7/IEmAq7+MYBF6PBt5miKmkZpWv3d18Kowfa20iCybu2guuOrmeMuaggwpwUNKa0XNYO1TB
p9BSqeaQS636MMrobYTmAfpQABDlURClLVRDWmu7BJcOitZvfaocujclO7/IEmAq7+MYBF6PBt5miKmkZpWv3bJgWdXuD0+TBx+zwR3Gi+vjh1dsIKtq/C0KIKeGU9P4
p9BSqeaQS636MMrobYTmAfpQABDlURClLVRDWmu7BJcOitZvfaocujclO7/IEmAq7+MYBF6PBt5miKmkZpWv3XwuinG/1FC4xaxGezPPrmUStBbOh3XEtg1wfyrVxG9t
p9BSqeaQS636MMrobYTmAfpQABDlURClLVRDWmu7BJcOitZvfaocujclO7/IEmAq7+MYBF6PBt5miKmkZpWv3evO20UByC0wCs+WjGuFOgnWW0KVB9uOxjvYlk3NeCnE
p9BSqeaQS636MMrobYTmAfpQABDlURClLVRDWmu7BJcOitZvfaocujclO7/IEmAq7+MYBF6PBt5miKmkZpWv3Z9w4BSt5mA7GdccTq7vzOZG1f8bbu2KIOA/vETpqNg6
p9BSqeaQS636MMrobYTmAfpQABDlURClLVRDWmu7BJcOitZvfaocujclO7/IEmAq7+MYBF6PBt5miKmkZpWv3Yo9+pd1pTuXqq8AwVqojQs2ZAkBASJGXMwyVQvAKURi
p9BSqeaQS636MMrobYTmAfpQABDlURClLVRDWmu7BJcx6O4gJFiChc/1aECQEP4E2QMWphj086u8Ugt60E7D8ZZcxuF4+n+OZ5U/9fVkn6peGocivyyCQsGNa/ssK9Q7
p9BSqeaQS636MMrobYTmAfpQABDlURClLVRDWmu7BJcx6O4gJFiChc/1aECQEP4E2QMWphj086u8Ugt60E7D8X9m3JGUKwi9VvtCRZbu+lY7anDHDSvrA9hh1dMGOTSs
p9BSqeaQS636MMrobYTmAfpQABDlURClLVRDWmu7BJcx6O4gJFiChc/1aECQEP4E2QMWphj086u8Ugt60E7D8VeH0YrDditN9V+zxcBV7mgEgH50G0HnO9W0xfNETGDd
p9BSqeaQS636MMrobYTmAfpQABDlURClLVRDWmu7BJcx6O4gJFiChc/1aECQEP4E2QMWphj086u8Ugt60E7D8cdLjWbtKFJNLlf2ln5ihEchDO/ISOONUbFoam3e9c7n
p9BSqeaQS636MMrobYTmAfpQABDlURClLVRDWmu7BJcx6O4gJFiChc/1aECQEP4E2QMWphj086u8Ugt60E7D8Ryvjgk9z6HBHZRvb45UVclQeEsLIw+46E8zw47s3RUL
p9BSqeaQS636MMrobYTmAfpQABDlURClLVRDWmu7BJcx6O4gJFiChc/1aECQEP4E2QMWphj086u8Ugt60E7D8TKg7mlhhj4cvecnirMe2+ub2Mvs2EDSSnMEDNtMKfuJ
p9BSqeaQS636MMrobYTmAfpQABDlURClLVRDWmu7BJcO1WsioA3LcalCiqwXJ+snmrOlKf3NOc1pCrZp4Tb2q2VRZFOutfote255Rm38t55rkk8TdmIFG3oCWu6nxmyc
p9BSqeaQS636MMrobYTmAfpQABDlURClLVRDWmu7BJcO1WsioA3LcalCiqwXJ+snmrOlKf3NOc1pCrZp4Tb2q+gEhQ6GZgraiDJ6abmNPHjaWfiMOqEzy8TTASiL1j6b
p9BSqeaQS636MMrobYTmAfpQABDlURClLVRDWmu7BJcO1WsioA3LcalCiqwXJ+snmrOlKf3NOc1pCrZp4Tb2q0cJjqeD2fdSpYXvqs8OEojx0UjYeI/DUlOsAxvjIi1a
p9BSqeaQS636MMrobYTmAfpQABDlURClLVRDWmu7BJcO1WsioA3LcalCiqwXJ+snmrOlKf3NOc1pCrZp4Tb2q/oO6LN+2pvjsI5TfaXYnnIDIXPsvDVtH26jbC1iG6lT
p9BSqeaQS636MMrobYTmAfpQABDlURClLVRDWmu7BJfNHQIVib0O1uJcD2pUgq0tWT9VG6pZ57Pg0TiMogtENIA2YAeiiQTg7i3cyn0THW1dIgJ7uo9e6ca/bf1tAcP9
p9BSqeaQS636MMrobYTmAfpQABDlURClLVRDWmu7BJfNHQIVib0O1uJcD2pUgq0tWT9VG6pZ57Pg0TiMogtENHLfza2cY2iqBRGU2QZcT6Q4E9DutHMmK8VuOjmkrXMx
p9BSqeaQS636MMrobYTmAfpQABDlURClLVRDWmu7BJdsMPnYRrCCbvrB52HazMcx+9NlBXbIzYNuMwFKjUZ1ocNrhK2QxJ2gtgy6+Yk0SpZEb10ERIn7gadlfm9IYTVW
p9BSqeaQS636MMrobYTmAfpQABDlURClLVRDWmu7BJdsMPnYRrCCbvrB52HazMcx+9NlBXbIzYNuMwFKjUZ1oYZR6ALLdGY6Dj122SBzMfX27kpgQnrDqs5M+qTeDL2t
p9BSqeaQS636MMrobYTmAfpQABDlURClLVRDWmu7BJdsMPnYRrCCbvrB52HazMcx+9NlBXbIzYNuMwFKjUZ1odZF55tgVHyhkq+CUSZKrXcoLPa1zG8vV+n3ea9q/OjQ
p9BSqeaQS636MMrobYTmAfpQABDlURClLVRDWmu7BJdsMPnYRrCCbvrB52HazMcx+9NlBXbIzYNuMwFKjUZ1odIrkeU3XEYU1CAeqXdEdvcSktujdHDMTYWBtuovZWEn
p9BSqeaQS636MMrobYTmAfpQABDlURClLVRDWmu7BJdsMPnYRrCCbvrB52HazMcx+9NlBXbIzYNuMwFKjUZ1obsHd40clNru/sfVV3AvZKe2y5UPlzdfK9pkbZV09zsE
p9BSqeaQS636MMrobYTmAfpQABDlURClLVRDWmu7BJdsMPnYRrCCbvrB52HazMcx+9NlBXbIzYNuMwFKjUZ1oeo1nq9VnMezqUpUfP11nyAxzurdY6R790XHbHKl3Nsx
p9BSqeaQS636MMrobYTmAfpQABDlURClLVRDWmu7BJe0lRrH4XxHt0BHcsafyGyz7kizlwjCYMOuoEQmgmXT1lSK1vwrCzkAlhzteTuEAMlwn29k0ldnrAS1cs8KTJqw
p9BSqeaQS636MMrobYTmAfpQABDlURClLVRDWmu7BJcHZpR5dC2v0ENKT1KMIrwQs0cn0j80uK8cUhIz59dmba0Y19XtdsWrVLRMS5NQ+3kyXUKoo8c/WyIW4PDW/697
p9BSqeaQS636MMrobYTmAfpQABDlURClLVRDWmu7BJcHZpR5dC2v0ENKT1KMIrwQs0cn0j80uK8cUhIz59dmbXcmeM0hYxIPo7jHPx5JMHsA+86IGoUvSjw6t9Wb5F+j
p9BSqeaQS636MMrobYTmAfpQABDlURClLVRDWmu7BJcHZpR5dC2v0ENKT1KMIrwQs0cn0j80uK8cUhIz59dmbXluvIhrwpaKEgAh9N3nmaMC8eRZa5eFjxPtAlWg71eW
p9BSqeaQS636MMrobYTmAfpQABDlURClLVRDWmu7BJcHZpR5dC2v0ENKT1KMIrwQs0cn0j80uK8cUhIz59dmbab2K4k/tFT/3uSBTN64d4S7Ucjazg5HT4N4IiXtNvQK
p9BSqeaQS636MMrobYTmAfpQABDlURClLVRDWmu7BJcHZpR5dC2v0ENKT1KMIrwQs0cn0j80uK8cUhIz59dmbZwIeG1bK6o0RFIIVdnX1FzW+cD7bGvdDF4ZQJmU3Aed
p9BSqeaQS636MMrobYTmAfpQABDlURClLVRDWmu7BJcHZpR5dC2v0ENKT1KMIrwQs0cn0j80uK8cUhIz59dmbZx2CWSm18gj7CA3akqXhAV5wKGeuo+fGEHCnD2T09FA
p9BSqeaQS636MMrobYTmAfpQABDlURClLVRDWmu7BJdrZlGk7tVpjpiFRLokIV2RoFshMzoU33DQgguroU+bmN/DNJKSgcfTPUsX8oXFbquCyYuDCmPqFq+OajAwgUFZ
p9BSqeaQS636MMrobYTmAfpQABDlURClLVRDWmu7BJdrZlGk7tVpjpiFRLokIV2RoFshMzoU33DQgguroU+bmCAlZj4JCLhxgrTAQfHymEDvDmOXIUXis7p/bZlmBQiZ
p9BSqeaQS636MMrobYTmAfpQABDlURClLVRDWmu7BJdrZlGk7tVpjpiFRLokIV2RoFshMzoU33DQgguroU+bmECWdkvwMw6T64XcqZH+7LrXHa8Fj61RZ9UxoN0wHdo7
p9BSqeaQS636MMrobYTmAfpQABDlURClLVRDWmu7BJdrZlGk7tVpjpiFRLokIV2RoFshMzoU33DQgguroU+bmFLrIrW6vmwpbzn2f56aBuSDiCC+Pa8WAtaQv3/yQMmW
p9BSqeaQS636MMrobYTmAfpQABDlURClLVRDWmu7BJdrZlGk7tVpjpiFRLokIV2RoFshMzoU33DQgguroU+bmFydtwOa34W0RwCrQy1xRKopKsZCBUHai565gYL0KssR
p9BSqeaQS636MMrobYTmAfpQABDlURClLVRDWmu7BJcQp/RviceDkxWvb84kpnyTeTxw2faRcB95ITRL0oh+3SQ9LOU6eP4kx+sx4oc1U6u23IziPlzkxPZJwode1YfX
p9BSqeaQS636MMrobYTmAfpQABDlURClLVRDWmu7BJcY1K6k/UHIboInhKA0NaUfSH2UKilVJYCapivrAWqMx0ngYAmdzc5lBCUG7KeehKAjOl28AkSW1w/AroQWc1MQ
p9BSqeaQS636MMrobYTmAfpQABDlURClLVRDWmu7BJcY1K6k/UHIboInhKA0NaUfSH2UKilVJYCapivrAWqMxyCgT1y/yd5V5w6nJgZ11vgsbUuXL31j2cb1SHIOIAW/
p9BSqeaQS636MMrobYTmAfpQABDlURClLVRDWmu7BJcY1K6k/UHIboInhKA0NaUfSH2UKilVJYCapivrAWqMx0b3XbRIjrUi0FhiEdTU8OdQiq2ICZV+RXLY6GOa3MFd
p9BSqeaQS636MMrobYTmAfpQABDlURClLVRDWmu7BJcY1K6k/UHIboInhKA0NaUfSH2UKilVJYCapivrAWqMx/xFnOt2ATTZy+ruvQL3gbnaiDMTUPvSFuBiwbC/NRDx
p9BSqeaQS636MMrobYTmAfpQABDlURClLVRDWmu7BJcY1K6k/UHIboInhKA0NaUfSH2UKilVJYCapivrAWqMx23A4rkLM3UcJVqbGQpHlIYPr0WljqkRReM6pfCIhien
p9BSqeaQS636MMrobYTmAfpQABDlURClLVRDWmu7BJcY1K6k/UHIboInhKA0NaUfSH2UKilVJYCapivrAWqMxxVXg9VUnvfCQygFt5e/gB08Zlmgu34N9chrkUy62znh
p9BSqeaQS636MMrobYTmAfpQABDlURClLVRDWmu7BJdQNLe/a1++lJnaMVkvwpINIuEMsX59BcP8VEXzn+mRM1AshDW6t1fhlU8lhbSGb18a/dkDf237DehWobrivcsG
p9BSqeaQS636MMrobYTmAfpQABDlURClLVRDWmu7BJdQNLe/a1++lJnaMVkvwpINIuEMsX59BcP8VEXzn+mRM/wZ03jqO2F1FWNqaUnBsgbM1OIqipvoexItAX+DXQnT
p9BSqeaQS636MMrobYTmAfpQABDlURClLVRDWmu7BJdQNLe/a1++lJnaMVkvwpINIuEMsX59BcP8VEXzn+mRMxhxEEiDOP6YPZIFJqpGUw/IeaimusTGkTXpiXTW5R3v
p9BSqeaQS636MMrobYTmAfpQABDlURClLVRDWmu7BJdQNLe/a1++lJnaMVkvwpINIuEMsX59BcP8VEXzn+mRM1M7/z51soIGWkkPglZas7TAIfVsX59U71y0xhvinvJZ
p9BSqeaQS636MMrobYTmAfpQABDlURClLVRDWmu7BJdQNLe/a1++lJnaMVkvwpINIuEMsX59BcP8VEXzn+mRM90p8JyHk9pvK+8NLXdVpivd0fHX9sDTWJkvXQtIZ7r+
p9BSqeaQS636MMrobYTmAfpQABDlURClLVRDWmu7BJdQNLe/a1++lJnaMVkvwpINIuEMsX59BcP8VEXzn+mRM+C5yNPxJ9WB70CKCLGGKiQjVPvY1PkIpBJm2a/Olz6c
p9BSqeaQS636MMrobYTmAfpQABDlURClLVRDWmu7BJceJQXW+ZeiZk32r1EpqskD/9gQHm4IUAGiqiDCxGXhSKkIIt83tnkVn3XxY6LCWjO0z0iVgueszWfHbnxlfm+i
p9BSqeaQS636MMrobYTmAfpQABDlURClLVRDWmu7BJceJQXW+ZeiZk32r1EpqskD/9gQHm4IUAGiqiDCxGXhSC4nAvMkyHmQirFKj4AqyV+q4pCW0PBsbrjtqiDQsNoj
p9BSqeaQS636MMrobYTmAfpQABDlURClLVRDWmu7BJceJQXW+ZeiZk32r1EpqskD/9gQHm4IUAGiqiDCxGXhSJ+VzYrjbO3iRYrcKJ3FyI11jlVOlartEl+H1VdG55Lw
p9BSqeaQS636MMrobYTmAfpQABDlURClLVRDWmu7BJceJQXW+ZeiZk32r1EpqskD/9gQHm4IUAGiqiDCxGXhSHt+8Mda5jsN1+a1JwKAoo4VrX9hrdklKdSEz3VUTD5a
p9BSqeaQS636MMrobYTmAfpQABDlURClLVRDWmu7BJceJQXW+ZeiZk32r1EpqskD/9gQHm4IUAGiqiDCxGXhSNSFSmuM/HID5VI2UjQ54Y4er4kgGwLomdl6ExXtGS5W
p9BSqeaQS636MMrobYTmAfpQABDlURClLVRDWmu7BJceJQXW+ZeiZk32r1EpqskD/9gQHm4IUAGiqiDCxGXhSLsoORkvFhv94g4SNfMHSoqK+YOi39jGfVeCH4/vwkdK
p9BSqeaQS636MMrobYTmAfpQABDlURClLVRDWmu7BJfeSODhQ70X+Who0K9M1CX5XDNFgd44+EMfRXAV1p1UsDs5OBQtR4UHoB7hhzkV1hAeZUMCrdVMUjDq1SIYgQZC
p9BSqeaQS636MMrobYTmAfpQABDlURClLVRDWmu7BJfeSODhQ70X+Who0K9M1CX5XDNFgd44+EMfRXAV1p1UsHWQa0uJqf+U/watpHDO1JEpK4cbyj0uaVlYH8Oc6JHS
p9BSqeaQS636MMrobYTmAfpQABDlURClLVRDWmu7BJfe96eIWnZaMPM+k3KX5J1vkxmek65h+0mQhW9eZMmt0ilcr+u3r48P5mgxJ0b5TXJYuzRdRTt8EzoFH/tEEkmO
p9BSqeaQS636MMrobYTmAfpQABDlURClLVRDWmu7BJfe96eIWnZaMPM+k3KX5J1vkxmek65h+0mQhW9eZMmt0sBWAWv6AlyAEVZD/urGdVJBCVgkuVpaJMM6vgwMLdKM
p9BSqeaQS636MMrobYTmAfpQABDlURClLVRDWmu7BJfe96eIWnZaMPM+k3KX5J1vkxmek65h+0mQhW9eZMmt0twoO/KuNO7xrymrmkVXuX5recv2BB7DwWPk2OJOeFMR
p9BSqeaQS636MMrobYTmAfpQABDlURClLVRDWmu7BJfe96eIWnZaMPM+k3KX5J1vkxmek65h+0mQhW9eZMmt0qg58sMX22rj5ZC90mKQNb5DDku1hWHCddUdMXQpv+E/
p9BSqeaQS636MMrobYTmAfpQABDlURClLVRDWmu7BJcFEhmIU368N4wllEBkfbYe4h/lVWNeWUGhhiu3mWNqcJcHJ89DFQVJVNl8SuqjmGSzDY8/28sifAYZeoyr8mEN
p9BSqeaQS636MMrobYTmAfpQABDlURClLVRDWmu7BJeu9Z+w5arA+lfz2Z96AXYKs7yXYmw62yJkW/N61VWE3Hqo2BaccdzkEIKcn5P/58uV7PLuwcPvKvmgdHF82MO2
p9BSqeaQS636MMrobYTmAfpQABDlURClLVRDWmu7BJeu9Z+w5arA+lfz2Z96AXYKs7yXYmw62yJkW/N61VWE3IT3/tDuPOr5K+E3muH8x24cp6Fc3yiF1YnZ8XPgPKD5
p9BSqeaQS636MMrobYTmAfpQABDlURClLVRDWmu7BJeu9Z+w5arA+lfz2Z96AXYKs7yXYmw62yJkW/N61VWE3Lhf/uQ2cs7J9S0ohyS4sGjhbiWKWJQijdrDXHdTx9oz
p9BSqeaQS636MMrobYTmAfpQABDlURClLVRDWmu7BJeu9Z+w5arA+lfz2Z96AXYKs7yXYmw62yJkW/N61VWE3MOhTRklbGF+kpf/1TjHS1bQaTHHurlz6tfLKyufAMz0
p9BSqeaQS636MMrobYTmAfpQABDlURClLVRDWmu7BJd0C0AwWBQL/hPja8rpERt+N3BQeRj+kvDq5v0uHfN7o43Rgk+H1MdUTgmuBQBdet09QKxEDg7EjgqyfW1el9Rw
p9BSqeaQS636MMrobYTmAfpQABDlURClLVRDWmu7BJd0C0AwWBQL/hPja8rpERt+N3BQeRj+kvDq5v0uHfN7o2MOicpE7vl7g7LONH46XuzA6Kq5gPeyw+LTC0bKNmKX
p9BSqeaQS636MMrobYTmAfpQABDlURClLVRDWmu7BJfAtnxBEXdAq9nIXQC3xeaedlk3HVOkXShxRKWZsdVyratg7vDEU2h7C7GttkjHRpAfZmNorjZ1m18Hxk6abwjU
p9BSqeaQS636MMrobYTmAfpQABDlURClLVRDWmu7BJf7TKUKRrQvuk0SiqkLJ5c+9Evlmx5j79In5rcRwPEMKXe4LHd/VxF5vzzPs46sPS5H6v6SQqa+CjhST4VNY/j7
p9BSqeaQS636MMrobYTmAfpQABDlURClLVRDWmu7BJfH+pYSmF2M1jmAmI+dqkrNjxc0VJyNYktcfF6brmK/Y4lz8On+jIxTbKr1h5PuNczgV+rT5jKCtF02TaOtr63B
p9BSqeaQS636MMrobYTmAfpQABDlURClLVRDWmu7BJfH+pYSmF2M1jmAmI+dqkrNjxc0VJyNYktcfF6brmK/Y5LNMC6HN8fwARcdGnL6DWR4soGo2thxEEVjF5cxEPjt
p9BSqeaQS636MMrobYTmAfpQABDlURClLVRDWmu7BJfH+pYSmF2M1jmAmI+dqkrNjxc0VJyNYktcfF6brmK/Y8Y4MSODQRSZ2/CGqrJvFGHRfiVWIgEY/Mggmb6sciLE
p9BSqeaQS636MMrobYTmAfpQABDlURClLVRDWmu7BJfH+pYSmF2M1jmAmI+dqkrNjxc0VJyNYktcfF6brmK/Y1QLuj9WbqQe7KJECFHwNu2GWoKE5/6M7bwMWHKO69xf
p9BSqeaQS636MMrobYTmAfpQABDlURClLVRDWmu7BJfH+pYSmF2M1jmAmI+dqkrNjxc0VJyNYktcfF6brmK/Yzsjwv8cfZvOqICbLFgUBLCQvaKOxaedn8oScLGWgOmS
p9BSqeaQS636MMrobYTmAfpQABDlURClLVRDWmu7BJfH+pYSmF2M1jmAmI+dqkrNjxc0VJyNYktcfF6brmK/YxMVWwy42PpMVpR/Clu4Y+v2l4O+GlP+CyjXtwY5AImO
p9BSqeaQS636MMrobYTmAfpQABDlURClLVRDWmu7BJdJA8nRSlE/abNXt5pFmSyQ7P1v6N9koIAxgtoyg/1pS4E6aL8aq9MefHGWKhqSC103oCGanX7hA4f/4rBxuuSR
p9BSqeaQS636MMrobYTmAfpQABDlURClLVRDWmu7BJd7k42B3/TNTizI0flQrXJ4uQ4mBYyhA6cGvap2SVU69kL1cpZ9bqGX0Zyg+HfMjeIbrbzGYKpBrUSXGdecnnSZ
p9BSqeaQS636MMrobYTmAfpQABDlURClLVRDWmu7BJf4jdYuk2UF+pWo+yfphH1+Zkjqkt1aYcrl+jHKJ5HHn+xjdw6nV13b6Zt3pqyOaeBqnf2FZfGhvFtI9L5ePIe8
p9BSqeaQS636MMrobYTmAfpQABDlURClLVRDWmu7BJf4jdYuk2UF+pWo+yfphH1+Zkjqkt1aYcrl+jHKJ5HHnwVz+WYHrf+ScSECczch2ydAOt9dELWbqAoV2ikKERo3
p9BSqeaQS636MMrobYTmAfpQABDlURClLVRDWmu7BJf4jdYuk2UF+pWo+yfphH1+Zkjqkt1aYcrl+jHKJ5HHn1WxroevsXpbniXiCUgv7Wn5qw8WjY8WAn7rTPLx6r1P
p9BSqeaQS636MMrobYTmAfpQABDlURClLVRDWmu7BJf4jdYuk2UF+pWo+yfphH1+Zkjqkt1aYcrl+jHKJ5HHn7nxwPGHxdHjQPasDg/hJg7mPfexg+9R4+0ib+2pBJhF
p9BSqeaQS636MMrobYTmAfpQABDlURClLVRDWmu7BJf4jdYuk2UF+pWo+yfphH1+Zkjqkt1aYcrl+jHKJ5HHn9u/y0GsUVjelvNhizZHJPy3nIPNHV8RSIxuMV9Wbe+6
p9BSqeaQS636MMrobYTmAfpQABDlURClLVRDWmu7BJf4jdYuk2UF+pWo+yfphH1+Zkjqkt1aYcrl+jHKJ5HHn2kanfJcZikqilNn4Tib/QbInTfZB2Q/vkt9Hyp0gAhf
p9BSqeaQS636MMrobYTmAfpQABDlURClLVRDWmu7BJcW2ZR12QaO4q6xNrh0B/OxMZM9pwQ2ptIbAl7mnX693pxzKAQQDacqdJZQCKQBIJh6ncAxjc6feHlitsots6j4
p9BSqeaQS636MMrobYTmAfpQABDlURClLVRDWmu7BJcW2ZR12QaO4q6xNrh0B/OxMZM9pwQ2ptIbAl7mnX693nTcZpUYQNzoTLSvn2STnOkZZ+h4MUiZme7rcwXJzvgr
p9BSqeaQS636MMrobYTmAfpQABDlURClLVRDWmu7BJcW2ZR12QaO4q6xNrh0B/OxMZM9pwQ2ptIbAl7mnX693hQj+/UUDDGCwHeruyHI2hm0/l2oswAcXVug62fdyWke
p9BSqeaQS636MMrobYTmAfpQABDlURClLVRDWmu7BJcW2ZR12QaO4q6xNrh0B/OxMZM9pwQ2ptIbAl7mnX693vzTtOxrx/rPTDE3RGpbP9428czjXaZUR+17MaeDA942
p9BSqeaQS636MMrobYTmAfpQABDlURClLVRDWmu7BJcW2ZR12QaO4q6xNrh0B/OxMZM9pwQ2ptIbAl7mnX693gW38/VDqF3TmQdzKTbnDTRQmaG8UN2xqB6EDtMWZAEN
p9BSqeaQS636MMrobYTmAfpQABDlURClLVRDWmu7BJcW2ZR12QaO4q6xNrh0B/OxMZM9pwQ2ptIbAl7mnX693gRnS9dCMhd4Dgl3poh6BvJGf1hd+dLwZVRAZb1sUTfZ
p9BSqeaQS636MMrobYTmAfpQABDlURClLVRDWmu7BJdP8q7u2OK2JEtA3OxDq+QYMOovzjzvABCu5tv5MbyPaUdeo5uFwN11YCYCbOZret8GZ/cwoxdTOecZpXdk+Mmd
p9BSqeaQS636MMrobYTmAfpQABDlURClLVRDWmu7BJdP8q7u2OK2JEtA3OxDq+QYMOovzjzvABCu5tv5MbyPabTN9SGpkkh7B84SZuPepSOYXzqZUc5HD3Hm9VgPzopD
p9BSqeaQS636MMrobYTmAfpQABDlURClLVRDWmu7BJdP8q7u2OK2JEtA3OxDq+QYMOovzjzvABCu5tv5MbyPaayw4cqJs1DCPGghq1YVUQEKNdD2XjhrRluRgZU8IoyB
p9BSqeaQS636MMrobYTmAfpQABDlURClLVRDWmu7BJdP8q7u2OK2JEtA3OxDq+QYMOovzjzvABCu5tv5MbyPaTLRRlMrKHT9vUj8MumPSzO+bcOH1CmMnmtdlPdd73bP
p9BSqeaQS636MMrobYTmAfpQABDlURClLVRDWmu7BJdP8q7u2OK2JEtA3OxDq+QYMOovzjzvABCu5tv5MbyPadXejfQUxv7rOR182dFYDE3mLK9v7mnYt9zH3zqY+S6v
p9BSqeaQS636MMrobYTmAfpQABDlURClLVRDWmu7BJdP8q7u2OK2JEtA3OxDq+QYMOovzjzvABCu5tv5MbyPaSNN99LWIv4ZcDA7cTTGVcnONzxBlniwwbR+9xZDIlY8
p9BSqeaQS636MMrobYTmAfpQABDlURClLVRDWmu7BJekgYvSYbA/zCAV+gUFWlFngXnKmPIjeijUhDQ3eUQ5ApgYniJ0YPiQ2O433gzQej3x/CCNMjn0EgtUbeGMPJrs
p9BSqeaQS636MMrobYTmAfpQABDlURClLVRDWmu7BJekgYvSYbA/zCAV+gUFWlFngXnKmPIjeijUhDQ3eUQ5Au5RUI1Nd9wpTz1RcX2Iujc35Q0/VvcuRxKaas9frgHf
p9BSqeaQS636MMrobYTmAfpQABDlURClLVRDWmu7BJekgYvSYbA/zCAV+gUFWlFngXnKmPIjeijUhDQ3eUQ5AlU7YuEN7wxEjygceCIyHeh17aajWvTTsyO5CDe2zb3m
p9BSqeaQS636MMrobYTmAfpQABDlURClLVRDWmu7BJekgYvSYbA/zCAV+gUFWlFngXnKmPIjeijUhDQ3eUQ5Ai/h5pqnxJMts/U+X0pbIwJ5TcLiDHILDUqymdDRKn5b
p9BSqeaQS636MMrobYTmAfpQABDlURClLVRDWmu7BJekgYvSYbA/zCAV+gUFWlFngXnKmPIjeijUhDQ3eUQ5Amjkay+41A30qQHHj+Ldpvm7Olzw0PftP4mYG0LQHbbR
p9BSqeaQS636MMrobYTmAfpQABDlURClLVRDWmu7BJekgYvSYbA/zCAV+gUFWlFngXnKmPIjeijUhDQ3eUQ5Ajm87jl/pEjv7MLNOGfWLf/q76Tlsbh7lYX7nCIAvzoC
p9BSqeaQS636MMrobYTmAfpQABDlURClLVRDWmu7BJf/wTyVdK014YOl61qxIjdVrBmrNrykPIkSzR7prr2M2xPxtlZen3qA3MRMcax51T+KhoMCRp6uPTy0mcmLgz/8
p9BSqeaQS636MMrobYTmAfpQABDlURClLVRDWmu7BJduiLS5mBWqSPzxBzNZCFL7n778prUUBUkKouloMRcGOKLBK5N9dmOtBwTsDkg8yR2hcdYK4RKmgn8qRisT6ILz
p9BSqeaQS636MMrobYTmAfpQABDlURClLVRDWmu7BJduiLS5mBWqSPzxBzNZCFL7n778prUUBUkKouloMRcGOJHK6/UMDg2Qy/nt77Vcxc0JFMyiO5ySp0GOIiYbFREQ
p9BSqeaQS636MMrobYTmAfpQABDlURClLVRDWmu7BJduiLS5mBWqSPzxBzNZCFL7n778prUUBUkKouloMRcGOEfVT1ZXpMSobHbhC/oKgu9ohn70JA0pgMQxxa32sXLz
p9BSqeaQS636MMrobYTmAfpQABDlURClLVRDWmu7BJduiLS5mBWqSPzxBzNZCFL7n778prUUBUkKouloMRcGOK6QP3ewsNzHJJf0ha0QQzlTGKN8kStcRZbJCCCMjxsu
p9BSqeaQS636MMrobYTmAfpQABDlURClLVRDWmu7BJduiLS5mBWqSPzxBzNZCFL7n778prUUBUkKouloMRcGOHxTMBqRhoqPOR/22UmKcOqW23ZuI3l0LEnWQL/qQ0c0
p9BSqeaQS636MMrobYTmAfpQABDlURClLVRDWmu7BJduiLS5mBWqSPzxBzNZCFL7n778prUUBUkKouloMRcGOOvRQ8kJileYHb3WK5qg9Te3jq737aJfQBE1RbbtuknN
p9BSqeaQS636MMrobYTmAfpQABDlURClLVRDWmu7BJeRyx0JQC3zrg4Qy+JiGB5IKhJMhj0sBq47TeZ8SiXz1GIdMFNlXBNYNN+s5iSWL2iyL/5twOO4V/tKeewNgaW3
p9BSqeaQS636MMrobYTmAfpQABDlURClLVRDWmu7BJeRyx0JQC3zrg4Qy+JiGB5IKhJMhj0sBq47TeZ8SiXz1CSdhkDEWWvu8zWbiu5SizAnXtk45Ny9VIH84QC6aYOD
p9BSqeaQS636MMrobYTmAfpQABDlURClLVRDWmu7BJeRyx0JQC3zrg4Qy+JiGB5IKhJMhj0sBq47TeZ8SiXz1O7n06MioTsjLU7P0idmlJ8uU61WCYbAR0NVW7MFNdw2
p9BSqeaQS636MMrobYTmAfpQABDlURClLVRDWmu7BJeRyx0JQC3zrg4Qy+JiGB5IKhJMhj0sBq47TeZ8SiXz1PTrZ/MyUs3lkRQZH6sWKq6L8sNPra2yJi9P7kySL1CH
p9BSqeaQS636MMrobYTmAfpQABDlURClLVRDWmu7BJeRyx0JQC3zrg4Qy+JiGB5IKhJMhj0sBq47TeZ8SiXz1F4cFUioKMZ8VtUUuhUVONS7M38iWCZasHzCKsmcppCG
p9BSqeaQS636MMrobYTmAfpQABDlURClLVRDWmu7BJeRyx0JQC3zrg4Qy+JiGB5IKhJMhj0sBq47TeZ8SiXz1PPETw2DXt7r5L69BeyPfDtPr4KgycQx8m8tINH1ze30
p9BSqeaQS636MMrobYTmAfpQABDlURClLVRDWmu7BJePoWJT7rV+Rv4493v2XbxPsiHSEqP9Ew2C2MwTtjEf6cY2fVsqP7hmNuoONhog9KetcBEd175n3EunGxKN7vAK
p9BSqeaQS636MMrobYTmAfpQABDlURClLVRDWmu7BJePoWJT7rV+Rv4493v2XbxPsiHSEqP9Ew2C2MwTtjEf6eKAeFauEHwW0apds59D4SiBdm0d5A/cAZRff2sAxCul
p9BSqeaQS636MMrobYTmAfpQABDlURClLVRDWmu7BJePoWJT7rV+Rv4493v2XbxPsiHSEqP9Ew2C2MwTtjEf6WewtXnJG7Tz71vjoSQ9IR4qN0EA1fqYm+CsPbV9fCEO
p9BSqeaQS636MMrobYTmAfpQABDlURClLVRDWmu7BJePoWJT7rV+Rv4493v2XbxPsiHSEqP9Ew2C2MwTtjEf6adC862t/PDQu0dc/npXq71Gf3vok0SEUgvDaw92zyCA
p9BSqeaQS636MMrobYTmAfpQABDlURClLVRDWmu7BJePoWJT7rV+Rv4493v2XbxPsiHSEqP9Ew2C2MwTtjEf6bW2ZD+NDDEEUJzcYuKaP7TdRo0Op6wsATFJiyBTy3Cz
p9BSqeaQS636MMrobYTmAfpQABDlURClLVRDWmu7BJePoWJT7rV+Rv4493v2XbxPsiHSEqP9Ew2C2MwTtjEf6W8pAxAa1+DctVcixQW6iApXPBbEtE5RxuxQlMy2wvbZ
p9BSqeaQS636MMrobYTmAfpQABDlURClLVRDWmu7BJcnSfXcH+kcnahbMSEnFizNFxcUfUP+sMBPsXN2Knpyvgd03Z8IOtMV86gcuIz+Syb8l/ZOwuh+/n/sx6ceSSZ1
p9BSqeaQS636MMrobYTmAfpQABDlURClLVRDWmu7BJcnSfXcH+kcnahbMSEnFizNFxcUfUP+sMBPsXN2KnpyvvPzCIwx/4E8G6+wPq4QSPedEpVbJxyXgjRmGY/P4a6A
p9BSqeaQS636MMrobYTmAfpQABDlURClLVRDWmu7BJcnSfXcH+kcnahbMSEnFizNFxcUfUP+sMBPsXN2Knpyvtrf5CyBZ/7ub0o1neRk7eeZuKuVkvQ5obxAfXSdeusw
p9BSqeaQS636MMrobYTmAfpQABDlURClLVRDWmu7BJcnSfXcH+kcnahbMSEnFizNFxcUfUP+sMBPsXN2Knpyvk+7sOF+cnAifSenR20QIgHZEk+dMH0D4XfydEJFoKgB
p9BSqeaQS636MMrobYTmAfpQABDlURClLVRDWmu7BJcnSfXcH+kcnahbMSEnFizNFxcUfUP+sMBPsXN2KnpyvgEvfMhoMrP8R2AAX/uLMEWqGiga+kNaLTLKhzHO1C5x
p9BSqeaQS636MMrobYTmAfpQABDlURClLVRDWmu7BJcnSfXcH+kcnahbMSEnFizNFxcUfUP+sMBPsXN2Knpyvn94H35Uago1uGM5y5ECRYHdhg5ko85ydSng09bd0sG8
p9BSqeaQS636MMrobYTmAfpQABDlURClLVRDWmu7BJeS2C484Udjk9hmkOF4qfrxN7PdKlmARg4Da00kDN1oZUD0AdiTGXb65Baw5ff1xKkvJlzua4q1hjj7eNaD5igP
p9BSqeaQS636MMrobYTmAfpQABDlURClLVRDWmu7BJeS2C484Udjk9hmkOF4qfrxN7PdKlmARg4Da00kDN1oZR8gP+hQ4Uy1B5LlNipSGjtzIvs/Ihj9Imvl/CYzj7sf
p9BSqeaQS636MMrobYTmAfpQABDlURClLVRDWmu7BJeS2C484Udjk9hmkOF4qfrxN7PdKlmARg4Da00kDN1oZd/ciWRAvm/Lg4kzrGtcs4T3jO4setP8XMV4ZgHZodnw
p9BSqeaQS636MMrobYTmAfpQABDlURClLVRDWmu7BJeS2C484Udjk9hmkOF4qfrxN7PdKlmARg4Da00kDN1oZQN+8bom5CPSjsclst6GGFzgNlX+H5sW5tEEl7hEcZRV
p9BSqeaQS636MMrobYTmAfpQABDlURClLVRDWmu7BJeS2C484Udjk9hmkOF4qfrxN7PdKlmARg4Da00kDN1oZX4lCWZF4eQJsHZnTm0pdcCZVOwhpgRmCiE9f0ex4HYi
p9BSqeaQS636MMrobYTmAfpQABDlURClLVRDWmu7BJdXBAV/F9bsRNDr+VqOs/ojyOM2FD6rZzw8vlOJLqkmQ3OFsC6EzeWOtjGMRuczNKzXAyOjO3yBknmIXmIMXBpf
p9BSqeaQS636MMrobYTmAfpQABDlURClLVRDWmu7BJeBwmai/3m8emNK2PR8MFFAommRASjIdURWmPfspoxeqbHl1k6ukYXiPFgJhUvxgZpOVXvSw+1aLEs+jSKmV6UM
p9BSqeaQS636MMrobYTmAfpQABDlURClLVRDWmu7BJeBwmai/3m8emNK2PR8MFFAommRASjIdURWmPfspoxeqawlYC3pzeSi++oCGNvl3kmmyd5/CY2G6do36ZvPPT8P
p9BSqeaQS636MMrobYTmAfpQABDlURClLVRDWmu7BJeBwmai/3m8emNK2PR8MFFAommRASjIdURWmPfspoxeqb9yu8wuuR6Jh2Tzq7azu/8eyY3onMbICiOfAsNcIILX
p9BSqeaQS636MMrobYTmAfpQABDlURClLVRDWmu7BJeBwmai/3m8emNK2PR8MFFAommRASjIdURWmPfspoxeqRlhFaEGQTZ5TMZJ96wevjl8CcipJYHDFp/IFJbJi8An
p9BSqeaQS636MMrobYTmAfpQABDlURClLVRDWmu7BJeBwmai/3m8emNK2PR8MFFAommRASjIdURWmPfspoxeqWysDmIrc/2mQ68/W+voHpcFrfX6HWQYeaQiM/4XWEVO
p9BSqeaQS636MMrobYTmAfpQABDlURClLVRDWmu7BJeBwmai/3m8emNK2PR8MFFAommRASjIdURWmPfspoxeqbO54XV7Ie+g+gBmYnSi/3xll0RjFx0jNV3jdpIpvtLd
p9BSqeaQS636MMrobYTmAfpQABDlURClLVRDWmu7BJefO9Q8xX+oX5DQpnu0tCk44ce+6olN0nETvGbNI1POnxEkTCh012FWGks8NyA5OHl9GlAZk2wXrN/QCHg/L/Z/
p9BSqeaQS636MMrobYTmAfpQABDlURClLVRDWmu7BJefO9Q8xX+oX5DQpnu0tCk44ce+6olN0nETvGbNI1POn/mFWrbwBiOtkV+hxBVSnLy7VsI76i6KJh56gX3UJ1k5
p9BSqeaQS636MMrobYTmAfpQABDlURClLVRDWmu7BJefO9Q8xX+oX5DQpnu0tCk44ce+6olN0nETvGbNI1POn4Zi6TnLlBf30yb0GmcfznSd37qcI9KOua1LbHkG4bwz
p9BSqeaQS636MMrobYTmAfpQABDlURClLVRDWmu7BJefO9Q8xX+oX5DQpnu0tCk44ce+6olN0nETvGbNI1POn4wLGV8ZGBpWg50Vckd4ryKiNEMzy5V8pZL4WJ0M5GTP
p9BSqeaQS636MMrobYTmAfpQABDlURClLVRDWmu7BJefO9Q8xX+oX5DQpnu0tCk44ce+6olN0nETvGbNI1POnxf7NSmBt+v0ayiXppXOtfbc9KsRSRQLHokOMNEjOiAz
p9BSqeaQS636MMrobYTmAfpQABDlURClLVRDWmu7BJefO9Q8xX+oX5DQpnu0tCk44ce+6olN0nETvGbNI1POnyHPfIJmLjKTmlrQD3uHvrhG067VnlwnSpVI3UCDx5qu
