GmcONIA9PFzHw1gpPLLPoqev3ytAH5KO3S/CJpMsylg=
35kyjVfwBJgytCi6KM5Vug==
FNt9orFfFSbPIXNSbXcP2Q==
gE2g7VQeqq0h5MkG44fPUw==
A4ZCFW7RnVRfEnbtNxUDb8VFIQmzxcIFLuiIjRY2q84=
cwgQW1UgxyVfBeSrdwXHsPE1eoSAri+NViVSjTYe4hg=
pYn3RyiaY4vz2unSybTHuw==
mAzeFbkWBGyzJRgEWJSZYQNn44wFaguEUnqkvHVinQw=
NiGef/LGs6v8Em6sqLz1GYGKB0111uCW/TAqgkiW0+w=
2lfNnhNY+w/3xMaMUxJbE0YFT/wvMlSDz8Vrd5FEs18=
p9BSqeaQS636MMrobYTmAfpQABDlURClLVRDWmu7BJcAwwUxYw6OFnR3AAvEPtBfd4l35aAp73Hn328K5xeKjYbjN5WtzkgBq7nWR+kM9fCsMle0W1IPWL8C21lAAfjK
p9BSqeaQS636MMrobYTmAfpQABDlURClLVRDWmu7BJcAwwUxYw6OFnR3AAvEPtBfd4l35aAp73Hn328K5xeKjS9DjGCu6MVloXUQo3aCVZ0IWZPGmvob3U/0EIP9f8oj
p9BSqeaQS636MMrobYTmAfpQABDlURClLVRDWmu7BJcAwwUxYw6OFnR3AAvEPtBfd4l35aAp73Hn328K5xeKjRcgGhEGgvoxIjWtyZXqmYrslTEtyNusLuiv0z3a6Rlh
p9BSqeaQS636MMrobYTmAfpQABDlURClLVRDWmu7BJfXywmFJG4s/QqPsG9LuiP1vcZ79owOH1+K/fDqHdiX7ftH3XP9FwRM3KqiLIgu1pPmwiSZj+IgNC8y7WsBLY4e
p9BSqeaQS636MMrobYTmAfpQABDlURClLVRDWmu7BJfXywmFJG4s/QqPsG9LuiP1vcZ79owOH1+K/fDqHdiX7TLHP0dd9RmKleRFiGoMB+FsP6BFJ5f+mKFPjlRuEkL9
p9BSqeaQS636MMrobYTmAfpQABDlURClLVRDWmu7BJfXywmFJG4s/QqPsG9LuiP1vcZ79owOH1+K/fDqHdiX7cshc2HsgL8Ck9Q2Ie8vujKACAcK/rWsE3FvtQaii0Qf
p9BSqeaQS636MMrobYTmAfpQABDlURClLVRDWmu7BJfXywmFJG4s/QqPsG9LuiP1vcZ79owOH1+K/fDqHdiX7WmGTzhgneUwQXBHuX8utw2kpW05Dk3tg/7UTc0mPVl7
p9BSqeaQS636MMrobYTmAfpQABDlURClLVRDWmu7BJfXywmFJG4s/QqPsG9LuiP1vcZ79owOH1+K/fDqHdiX7W9alBueam2x2myaU58yEHGpbo2zDwM/48Zoim1UKuOX
p9BSqeaQS636MMrobYTmAfpQABDlURClLVRDWmu7BJfXywmFJG4s/QqPsG9LuiP1vcZ79owOH1+K/fDqHdiX7Z5W4Y6C5zYJBLP1qusHsU3VNu8us3w53JfHGZDWs2/u
p9BSqeaQS636MMrobYTmAfpQABDlURClLVRDWmu7BJdRCCQhM/UqY+xfH1JhGrgL9UrVZe2mA3vlCDQMB61VWinKAwUWmkGc8Bjw20RSIo9tz2W7A+vZ965zwgA8pVy8
p9BSqeaQS636MMrobYTmAfpQABDlURClLVRDWmu7BJdRCCQhM/UqY+xfH1JhGrgL9UrVZe2mA3vlCDQMB61VWj5lRNqPPtM3ZqiGyDXMye+dUhitdbTEAqwDw71TAQmv
p9BSqeaQS636MMrobYTmAfpQABDlURClLVRDWmu7BJdRCCQhM/UqY+xfH1JhGrgL9UrVZe2mA3vlCDQMB61VWooS/Rq//8kkG47PNlGwG+uJ0h1D79QicKNi0ypBnrGg
p9BSqeaQS636MMrobYTmAfpQABDlURClLVRDWmu7BJchuqa+c9CiWrU/R5ErLG0JVireNk/jb9xfi5mWT2hT3w8GBHDeyp+TenA5wrEVwZLR7tyNJOfDWd/081EYv8x3
p9BSqeaQS636MMrobYTmAfpQABDlURClLVRDWmu7BJchuqa+c9CiWrU/R5ErLG0JVireNk/jb9xfi5mWT2hT38toaqpsUjFiV7ABBHAGyplora+3Cjql3uTKamvQFfec
p9BSqeaQS636MMrobYTmAfpQABDlURClLVRDWmu7BJchuqa+c9CiWrU/R5ErLG0JVireNk/jb9xfi5mWT2hT3xX+H9TasFRNwPuagWatbdEGSrUwBck0KHhUuHliqS13
p9BSqeaQS636MMrobYTmAfpQABDlURClLVRDWmu7BJfjHcnTex8vBovWR+dFjfvaY3glAFsGLyJLE1a7uiKb2CDl1VcBOIDMvT97uk0k850KaciTHfYxFnZ3M2tcv1ed
p9BSqeaQS636MMrobYTmAfpQABDlURClLVRDWmu7BJfjHcnTex8vBovWR+dFjfvaY3glAFsGLyJLE1a7uiKb2DDyiKmTkjdpGumaFtWuPfAN297D3U8gluIopDIooHin
p9BSqeaQS636MMrobYTmAfpQABDlURClLVRDWmu7BJfjHcnTex8vBovWR+dFjfvaY3glAFsGLyJLE1a7uiKb2LTY6u8Ykq4YH5bEgKmaI/9t7pNowIX4DjC7tn+y0ZZB
p9BSqeaQS636MMrobYTmAfpQABDlURClLVRDWmu7BJfjHcnTex8vBovWR+dFjfvaY3glAFsGLyJLE1a7uiKb2BvNHH3gdm0EtAJSYcvogOUihQUZvh06EHtZP4I7Hsd/
p9BSqeaQS636MMrobYTmAfpQABDlURClLVRDWmu7BJfjHcnTex8vBovWR+dFjfvaY3glAFsGLyJLE1a7uiKb2KI0/3YrzxJNV3d4Sfc2vQpcwi598YzhI+cKSo57ndC2
p9BSqeaQS636MMrobYTmAfpQABDlURClLVRDWmu7BJfjHcnTex8vBovWR+dFjfvaY3glAFsGLyJLE1a7uiKb2NyJuzjlkkyS9Rrg3af+V/y8ixYiV5nvoqdW2YCVhFVv
p9BSqeaQS636MMrobYTmAfpQABDlURClLVRDWmu7BJchuqa+c9CiWrU/R5ErLG0JVireNk/jb9xfi5mWT2hT358zGBCCunQ3r9eoqWFL4U4BpK/ZorBzIzup2/onzqd8
p9BSqeaQS636MMrobYTmAfpQABDlURClLVRDWmu7BJchuqa+c9CiWrU/R5ErLG0JVireNk/jb9xfi5mWT2hT30WbqCvhDpOtajWe6hJJvT9YYBAA+Sq5tvjdpDx6EpFL
p9BSqeaQS636MMrobYTmAfpQABDlURClLVRDWmu7BJchuqa+c9CiWrU/R5ErLG0JVireNk/jb9xfi5mWT2hT30Cr40QX/0SxpRnoU24BQXvD0PGYwsRD6YMgci5wjwdz
p9BSqeaQS636MMrobYTmAfpQABDlURClLVRDWmu7BJf6iSybXMu2wHUSvH3bHRuph7l2scVOk5nojO9r1y0BLZWcqiCp0P5RyQHxovAnOslaU71sAaI/aERNb8La99OO
p9BSqeaQS636MMrobYTmAfpQABDlURClLVRDWmu7BJf6iSybXMu2wHUSvH3bHRuph7l2scVOk5nojO9r1y0BLVzygBy3DB3ZF4PwzfyIPZbOfrqdrFcsVBGOB49rlOKi
p9BSqeaQS636MMrobYTmAfpQABDlURClLVRDWmu7BJf6iSybXMu2wHUSvH3bHRuph7l2scVOk5nojO9r1y0BLfmsDmwHVBW1GNh6FrcVGapfLau0vICKKo6j/plolR09
p9BSqeaQS636MMrobYTmAfpQABDlURClLVRDWmu7BJf6iSybXMu2wHUSvH3bHRuph7l2scVOk5nojO9r1y0BLXDthuHlfBt7cKQGDOuK8M4FA+R8BnVQEWOo/RkNsSTJ
p9BSqeaQS636MMrobYTmAfpQABDlURClLVRDWmu7BJf6iSybXMu2wHUSvH3bHRuph7l2scVOk5nojO9r1y0BLVVBID6qtr9h/tM76i2rLPDvQvsijQ3X9UzXEnLwThGo
p9BSqeaQS636MMrobYTmAfpQABDlURClLVRDWmu7BJf6iSybXMu2wHUSvH3bHRuph7l2scVOk5nojO9r1y0BLfWZ1aZRElHsPVMEf+AxoOnNT2p0o2S3K3z4LjHhraMC
p9BSqeaQS636MMrobYTmAfpQABDlURClLVRDWmu7BJfRH6Z35tdmifWlAqXkWuwVG0q1TtYpOCRL2ydJA7HD2u0Cm6cKbULq2RNNPPNeGRE2z6PYJORvKexw/5aSd0d8
p9BSqeaQS636MMrobYTmAfpQABDlURClLVRDWmu7BJdYdrv6cF0Bjnk/ndWsa3sXqiyCM4Fx49rKxjIvKdZNj5qn5eF8uRk+5k8mNF0/4Q7VlK9cEYzLXnLNSceMWDTA
p9BSqeaQS636MMrobYTmAfpQABDlURClLVRDWmu7BJdYdrv6cF0Bjnk/ndWsa3sXqiyCM4Fx49rKxjIvKdZNjyyBkn/yI+fHA5dVqS4zuGP3HeSR7F1kwPAmJYhQ1KLw
p9BSqeaQS636MMrobYTmAfpQABDlURClLVRDWmu7BJdYdrv6cF0Bjnk/ndWsa3sXqiyCM4Fx49rKxjIvKdZNjxDFBH5avapeN+eOrD++2yKGcHpyPOIrrCxHIS26hmDj
p9BSqeaQS636MMrobYTmAfpQABDlURClLVRDWmu7BJdYdrv6cF0Bjnk/ndWsa3sXqiyCM4Fx49rKxjIvKdZNjyuyeNjfilv3p8fA+ylxZ+cU3CY+Yw/J6SVlx1U5Mcep
p9BSqeaQS636MMrobYTmAfpQABDlURClLVRDWmu7BJdYdrv6cF0Bjnk/ndWsa3sXqiyCM4Fx49rKxjIvKdZNj+uAlAnI3ww2hxo4ZPlv7Nnq5sdNf29WyySnpsREj6ud
p9BSqeaQS636MMrobYTmAfpQABDlURClLVRDWmu7BJebHWfv5IYIaWfprjtCtzop6auruBSSpisqX42NHLi0LTwLYDSrv1/k0wrBc0vOTQCImTtgC8NcOeReyUkxhh7I
p9BSqeaQS636MMrobYTmAfpQABDlURClLVRDWmu7BJebHWfv5IYIaWfprjtCtzop6auruBSSpisqX42NHLi0LcyBd3u/AjqCY5/yHb3xb3kpz5N8K+Ueqs00qOVmBsll
p9BSqeaQS636MMrobYTmAfpQABDlURClLVRDWmu7BJebHWfv5IYIaWfprjtCtzop6auruBSSpisqX42NHLi0LcciFbplL901IxTYUNU9nw6YEHqUFe/AS8tV0CyEXNbK
p9BSqeaQS636MMrobYTmAfpQABDlURClLVRDWmu7BJebHWfv5IYIaWfprjtCtzop6auruBSSpisqX42NHLi0LR/pNN9JYpg+dCJpbPup7y+L1l/flxIb4yFt5mCcPom7
p9BSqeaQS636MMrobYTmAfpQABDlURClLVRDWmu7BJebHWfv5IYIaWfprjtCtzop6auruBSSpisqX42NHLi0LXE6dJG+ssstidvy8KMBMJbGSlazoS+cfGfVUwlQ0LmA
p9BSqeaQS636MMrobYTmAfpQABDlURClLVRDWmu7BJebHWfv5IYIaWfprjtCtzop6auruBSSpisqX42NHLi0LSvaQUu45la7Lw3d5Fxlhqt+5EwjKnifIg5kX7EOymy+
p9BSqeaQS636MMrobYTmAfpQABDlURClLVRDWmu7BJe7nclIXXntOeVoeyqkPhEDUTDzOnTtT32gVtinqY9jOJi3aIG2c7DFTJ3cruu4GqeFGHoqWtdbwV0tkjIrOjOg
p9BSqeaQS636MMrobYTmAfpQABDlURClLVRDWmu7BJe7nclIXXntOeVoeyqkPhEDUTDzOnTtT32gVtinqY9jOAMHw+JAapV8f0CSsWO63q18v74Ax+5nzcV2YY72mcGc
p9BSqeaQS636MMrobYTmAfpQABDlURClLVRDWmu7BJe7nclIXXntOeVoeyqkPhEDUTDzOnTtT32gVtinqY9jOOuSE5BqxvXlpAghnwPAFdQpGEad7OPNgW5N8RWrFyrq
p9BSqeaQS636MMrobYTmAfpQABDlURClLVRDWmu7BJe7nclIXXntOeVoeyqkPhEDUTDzOnTtT32gVtinqY9jOOlPBw6MgcAgoam3fu0DQpeq+jyyFmqBBzVeXUQTOjZT
p9BSqeaQS636MMrobYTmAfpQABDlURClLVRDWmu7BJe7nclIXXntOeVoeyqkPhEDUTDzOnTtT32gVtinqY9jOJRExgusR0TznVaDWH5H5gt0KphmWMX84ULDjlFKEP8S
p9BSqeaQS636MMrobYTmAfpQABDlURClLVRDWmu7BJe7nclIXXntOeVoeyqkPhEDUTDzOnTtT32gVtinqY9jOA2ynKpBuyQSx9K3bKwmMwRJwDu5FWPHI4e8IXcPKjEr
p9BSqeaQS636MMrobYTmAfpQABDlURClLVRDWmu7BJdPOmutAvV/NVeqd7I4wc1D9xKapO4Lri4OpovumfLvRUjRW28g1yzrYFHvZXdVgxLkIFr66U9DG7+VzdKxqhT5
p9BSqeaQS636MMrobYTmAfpQABDlURClLVRDWmu7BJdPOmutAvV/NVeqd7I4wc1D9xKapO4Lri4OpovumfLvRQ9NVT0PPCDzqXkLI9yhBRHOQhm3RBOlyJL0lRbFZ2Vd
p9BSqeaQS636MMrobYTmAfpQABDlURClLVRDWmu7BJdPOmutAvV/NVeqd7I4wc1D9xKapO4Lri4OpovumfLvRTlg1uI9m2+P3c3k0il21yQ4Dzj8EesfUVlXdj0Yi9tb
p9BSqeaQS636MMrobYTmAfpQABDlURClLVRDWmu7BJdPOmutAvV/NVeqd7I4wc1D9xKapO4Lri4OpovumfLvRYnPdU3+mbO1ZXQ/z/eoLq9cUWDXXWyX0y4kHzgqbnms
p9BSqeaQS636MMrobYTmAfpQABDlURClLVRDWmu7BJdPOmutAvV/NVeqd7I4wc1D9xKapO4Lri4OpovumfLvRSz1YTp6OX0t9IPBbw2nuZe49xIAlkhAS86ZmTORBqmZ
p9BSqeaQS636MMrobYTmAfpQABDlURClLVRDWmu7BJcod346VH2fCj71M8CCK0S5TCJOXzWirPbp1a7lU7SD7tzDmVaPZw8Zabfi/hUakdszUlSo6jhF5zBLnWCIJVHI
p9BSqeaQS636MMrobYTmAfpQABDlURClLVRDWmu7BJfvDnCfad4BP7edlnkQdekrgZF9TqVSZQOqXdwf8cYEuKf4jDMdFH/Ytnsks/kvLIEd+wDRcn6QCtEBESozqNav
p9BSqeaQS636MMrobYTmAfpQABDlURClLVRDWmu7BJeXdaH08Xeu/EkYGF2QZhUSvgdXTg1I9e8Bs0fXX2AzgDM1sLEaCL3+sk/vRz/MtAIYMWl1vHSkxTX4CinIsD/6
p9BSqeaQS636MMrobYTmAfpQABDlURClLVRDWmu7BJdLMhIvmRQ+JVeJ9eb21+FSXGn6J8lcXeS+jokZtU6FMHpA4fcFWVg78/s6cuimZeW8bwhhYzLUorBuS7ROU+lV
p9BSqeaQS636MMrobYTmAfpQABDlURClLVRDWmu7BJcWq3NAWcufQ3hmE5oHAdZ3cFqAM1QffA5n3TACuDV5A/wuFuGVd2+RZwS/cQqg9+8LNv0EH44cB0l2qWdowOxf
p9BSqeaQS636MMrobYTmAfpQABDlURClLVRDWmu7BJcWq3NAWcufQ3hmE5oHAdZ3cFqAM1QffA5n3TACuDV5A/C1XtQ2eeHDaPX3+qzKElwBTx4271xcVULdCIYnDSiu
p9BSqeaQS636MMrobYTmAfpQABDlURClLVRDWmu7BJcWq3NAWcufQ3hmE5oHAdZ3cFqAM1QffA5n3TACuDV5A6t3uZRGnKQnDwJLMGe8huobN10eaDItiMIi7fppyNTC
p9BSqeaQS636MMrobYTmAfpQABDlURClLVRDWmu7BJcWq3NAWcufQ3hmE5oHAdZ3cFqAM1QffA5n3TACuDV5A2U56dYrV1iMEBjn91a4tInwJnIYcshHu586u0FIhmLp
p9BSqeaQS636MMrobYTmAfpQABDlURClLVRDWmu7BJcWq3NAWcufQ3hmE5oHAdZ3cFqAM1QffA5n3TACuDV5A8ryWzVTNxiK/Pqzk72p+KcEJ5rpiY8CkJf916nfdCmV
p9BSqeaQS636MMrobYTmAfpQABDlURClLVRDWmu7BJcWq3NAWcufQ3hmE5oHAdZ3cFqAM1QffA5n3TACuDV5A7MKO6zdYhMpqOvRaSFh22rfZkBgy40eAyURsq0Q5/H7
p9BSqeaQS636MMrobYTmAfpQABDlURClLVRDWmu7BJfwDWCVoGKj02SIUSebLGQRnLEcMkF+j1tAzCkJq28nGhAva5BUNCVKnoQYoQULSt2sb5IhCGfgz07Pw/dl6vLs
p9BSqeaQS636MMrobYTmAfpQABDlURClLVRDWmu7BJfwDWCVoGKj02SIUSebLGQRnLEcMkF+j1tAzCkJq28nGmWpyZuJETJPYvFztS/vY5+bG7qSWfz6pzDDUh4UijnO
p9BSqeaQS636MMrobYTmAfpQABDlURClLVRDWmu7BJc7ku7/pWxV/d5SrfWOXabhEq+Re2AztcSiZKzztxZpaX1C22E68qI+86jl5/iPHH9JWkCGjm3+F1ruidFkr7fZ
p9BSqeaQS636MMrobYTmAfpQABDlURClLVRDWmu7BJc7ku7/pWxV/d5SrfWOXabhEq+Re2AztcSiZKzztxZpaTlCqMMoMa1GwdI4BQOPtrfn6bWD7jGgM/Mackq8HdD2
p9BSqeaQS636MMrobYTmAfpQABDlURClLVRDWmu7BJc7ku7/pWxV/d5SrfWOXabhEq+Re2AztcSiZKzztxZpaUCM8NGlCiS/wmakiRn1NV6LcwRvEYkAS35cGCwd5w5K
p9BSqeaQS636MMrobYTmAfpQABDlURClLVRDWmu7BJc7ku7/pWxV/d5SrfWOXabhEq+Re2AztcSiZKzztxZpaTC8Vw68o0ZEsoPKIqVsiRR4Yhdvup1Ir9ZX7Y67uoD1
p9BSqeaQS636MMrobYTmAfpQABDlURClLVRDWmu7BJfm2n0/600/uc+gHATUPkTNW+ZHzQIWCmuRDM1dWeOFXkDErUrJU6JhHz5GjwhG5OEO2KuEN1ZgNoEeRoJK66kM
p9BSqeaQS636MMrobYTmAfpQABDlURClLVRDWmu7BJdJHLo2RdqazvlJWBuoPkfEEFrQKGImI5MAN0TuQd4sNkVtuEuB/WnTKn2bUNHAt3suy7GBuALJLrccoXR1Oe/b
p9BSqeaQS636MMrobYTmAfpQABDlURClLVRDWmu7BJdnZ9+GC+Tg4EC0YJlWpSXxgHGvQehy39hBRHsJsPKOo2bdUxOP44bWTSzNXHOlHwe6XtoXOag1sfAiH+ZMY0eA
p9BSqeaQS636MMrobYTmAfpQABDlURClLVRDWmu7BJdnZ9+GC+Tg4EC0YJlWpSXxgHGvQehy39hBRHsJsPKOo1x9SMgoREuMS1976zsBHHnPlf6eGbz/6DEP/axxJFT6
p9BSqeaQS636MMrobYTmAfpQABDlURClLVRDWmu7BJdnZ9+GC+Tg4EC0YJlWpSXxgHGvQehy39hBRHsJsPKOow8FQnjOgcl5DXLbbcfollgaLBa6Z7P9SVTBWrAbaLwT
p9BSqeaQS636MMrobYTmAfpQABDlURClLVRDWmu7BJdnZ9+GC+Tg4EC0YJlWpSXxgHGvQehy39hBRHsJsPKOo65KMnpj9gj+/qO4kltw6SFtbMHZ3NJ/cWgXCcaZE/Ai
p9BSqeaQS636MMrobYTmAfpQABDlURClLVRDWmu7BJdnZ9+GC+Tg4EC0YJlWpSXxgHGvQehy39hBRHsJsPKOo0oS5qmWcQ+gzG7KoewNJxl/vU/+a/sDuWnqRflvUvl7
p9BSqeaQS636MMrobYTmAfpQABDlURClLVRDWmu7BJdnZ9+GC+Tg4EC0YJlWpSXxgHGvQehy39hBRHsJsPKOo13D9/e2lqxCxRBzi/vH49ryqP7b/rAdySSJcPJArx1I
p9BSqeaQS636MMrobYTmAfpQABDlURClLVRDWmu7BJf9Rkmr6ooSvGfIu/su2Vvfwi9694z6kaOT7WJ0sSabBoAuGrXtOCISS8LYqf8pB4k3g4OUBW8w5zjvvtuw6pOH
p9BSqeaQS636MMrobYTmAfpQABDlURClLVRDWmu7BJf9Rkmr6ooSvGfIu/su2Vvfwi9694z6kaOT7WJ0sSabBkIE5aJJV+s+2GTTPesGt380KMzVKgbkVPDGbfKSU13S
p9BSqeaQS636MMrobYTmAfpQABDlURClLVRDWmu7BJf9Rkmr6ooSvGfIu/su2Vvfwi9694z6kaOT7WJ0sSabBkA6FA6ydbca16BjFIAtDN0sDV7VIFn93A/iJBRdefaO
p9BSqeaQS636MMrobYTmAfpQABDlURClLVRDWmu7BJf9Rkmr6ooSvGfIu/su2Vvfwi9694z6kaOT7WJ0sSabBq8VhBTE3p6/K99hh0GzZkk65I4pztSaY7I/bsV91uTv
p9BSqeaQS636MMrobYTmAfpQABDlURClLVRDWmu7BJf9Rkmr6ooSvGfIu/su2Vvfwi9694z6kaOT7WJ0sSabBtMfFPOGcaIJJPoB7TWGi8xSe32WpfAvxpdHHxDWiycC
p9BSqeaQS636MMrobYTmAfpQABDlURClLVRDWmu7BJf9Rkmr6ooSvGfIu/su2Vvfwi9694z6kaOT7WJ0sSabBleUgJCMypw60Ph6DurCwA9YNhofZf6KgXmwYxbwaVfR
p9BSqeaQS636MMrobYTmAfpQABDlURClLVRDWmu7BJd23VwcaoyMIf879iNCGUOIrVXmaEQAkrYdsMzaEzUbjOUBaq1j0t8BCCpgggQfqKkw6AYFbpbc58cKKgyTL0v8
p9BSqeaQS636MMrobYTmAfpQABDlURClLVRDWmu7BJd23VwcaoyMIf879iNCGUOIrVXmaEQAkrYdsMzaEzUbjO2lIvzK0u02aaUtMn5P0vTylYiun9vP8iUc3Aw3Geja
p9BSqeaQS636MMrobYTmAfpQABDlURClLVRDWmu7BJd23VwcaoyMIf879iNCGUOIrVXmaEQAkrYdsMzaEzUbjA9MEHdsrjJ7lBpYcwrdWibmRGcEgC+Ma3j4CRXwsTt6
p9BSqeaQS636MMrobYTmAfpQABDlURClLVRDWmu7BJd23VwcaoyMIf879iNCGUOIrVXmaEQAkrYdsMzaEzUbjLIjhEa9qk59UnIgb2hnCCC0B+0JRcC9A1pMLXVeb39f
p9BSqeaQS636MMrobYTmAfpQABDlURClLVRDWmu7BJd23VwcaoyMIf879iNCGUOIrVXmaEQAkrYdsMzaEzUbjI5dMCtVlXGFIIY1wko2V4VF3agKLU5qnJavM2kB7HRh
p9BSqeaQS636MMrobYTmAfpQABDlURClLVRDWmu7BJd23VwcaoyMIf879iNCGUOIrVXmaEQAkrYdsMzaEzUbjL4alt5SamLl5ubh43df65PQ4JT3uAvnBuBu4ahA+x9H
p9BSqeaQS636MMrobYTmAfpQABDlURClLVRDWmu7BJcUh+KflthaXMkrf7V0Rph/yIfLfFxvtKjvfj3fEeg+P67ksIQQJ6xr/ZfGlTO2zK9U1s7vnHGCNc68T4+LC+f8
p9BSqeaQS636MMrobYTmAfpQABDlURClLVRDWmu7BJf30wxeRYGtCro/DQvXxspB2ciBMC+geodYpR8pg8XLqkoFI85RLBu+DSP4ia7UwCeWjCMkJWylfvSNUdFf4+2r
p9BSqeaQS636MMrobYTmAfpQABDlURClLVRDWmu7BJf30wxeRYGtCro/DQvXxspB2ciBMC+geodYpR8pg8XLqhIoTd9So1pAO0KCUFD3JetWElZP+h7BaEmcXXBKBJH6
p9BSqeaQS636MMrobYTmAfpQABDlURClLVRDWmu7BJf30wxeRYGtCro/DQvXxspB2ciBMC+geodYpR8pg8XLqt9ZTdIBFGA4O24f++PWHWon/spp9Q9loXz2omkRLRku
p9BSqeaQS636MMrobYTmAfpQABDlURClLVRDWmu7BJf30wxeRYGtCro/DQvXxspB2ciBMC+geodYpR8pg8XLqr/AbFfyasCZAKfJ+9hg9qzgGRJ9TyzUdXdp4c868w52
p9BSqeaQS636MMrobYTmAfpQABDlURClLVRDWmu7BJf30wxeRYGtCro/DQvXxspB2ciBMC+geodYpR8pg8XLqgzGmSI+pYhb600VSKEt22HrUqRXG6fMUYC33aj6kGGH
p9BSqeaQS636MMrobYTmAfpQABDlURClLVRDWmu7BJchVgrSBuNqIR87x6GO+zPjy1VsIvJFRg6NnaVHHlVBmkwKOnyp6bjhtsmPKqrLlrvP8y+6V2BWNnMIEkgfBeeo
p9BSqeaQS636MMrobYTmAfpQABDlURClLVRDWmu7BJfgMS98+H2QrpT+eT0oQCIce5A2BB0D3jRa2+j8N5pDmnNPbrh48hvV4zOUGVIcPe8fmmekqROOWqFhJfytdgWD
p9BSqeaQS636MMrobYTmAfpQABDlURClLVRDWmu7BJfgMS98+H2QrpT+eT0oQCIce5A2BB0D3jRa2+j8N5pDmn7WZapkzamRX58wZ9jevCoDj2jnYD7LVejWyJEElaN2
p9BSqeaQS636MMrobYTmAfpQABDlURClLVRDWmu7BJeHgfbGSjLybJ5pmQZTG2P/CbuU0IzDGdGlhlMNddl8/qZkSOUzGqW9QdklHFvBMbpAbhNSahQ1XETdDXkXooaY
p9BSqeaQS636MMrobYTmAfpQABDlURClLVRDWmu7BJeHgfbGSjLybJ5pmQZTG2P/CbuU0IzDGdGlhlMNddl8/ooirO6Vo16aUKmo8Isav4FwOP0dH1BaprrU4X3YNwAI
p9BSqeaQS636MMrobYTmAfpQABDlURClLVRDWmu7BJeHgfbGSjLybJ5pmQZTG2P/CbuU0IzDGdGlhlMNddl8/kIJzEnn7DozADf1gr/8Njg3hzm7DEfcTcVksXyhCnlM
p9BSqeaQS636MMrobYTmAfpQABDlURClLVRDWmu7BJeHgfbGSjLybJ5pmQZTG2P/CbuU0IzDGdGlhlMNddl8/khTNYvMLaG9BBjcaGyubo2+NfE/mWJMXQsNDzRIO/hD
p9BSqeaQS636MMrobYTmAfpQABDlURClLVRDWmu7BJdEq9eWXezwBYFDlJoxlpTu6wO2whNzYTv9MdW2OoMjpUoMU4j3z7iA3a9Nvkt5cycy6AHNkSNll0PRfbO+lZvc
p9BSqeaQS636MMrobYTmAfpQABDlURClLVRDWmu7BJdEq9eWXezwBYFDlJoxlpTu6wO2whNzYTv9MdW2OoMjpUYWZSUJ2LULo98zopUY/REIDx/qnYIMz+wb+TvGqw6c
p9BSqeaQS636MMrobYTmAfpQABDlURClLVRDWmu7BJdEq9eWXezwBYFDlJoxlpTu6wO2whNzYTv9MdW2OoMjpfXm4+AjzrLJhqp+FNtujZ2lhGPZEdgxQxICi5zk6r8r
p9BSqeaQS636MMrobYTmAfpQABDlURClLVRDWmu7BJdEq9eWXezwBYFDlJoxlpTu6wO2whNzYTv9MdW2OoMjpT1u4To4qWw8riZZKSGfBOPwXQgDRnZEEl2FsmBomd6T
p9BSqeaQS636MMrobYTmAfpQABDlURClLVRDWmu7BJdEq9eWXezwBYFDlJoxlpTu6wO2whNzYTv9MdW2OoMjpUdWJ9JR0TPMcII8LwWuOzQIf/BJ+iW9xqAQZeZC0SAb
p9BSqeaQS636MMrobYTmAfpQABDlURClLVRDWmu7BJdmingGzYYDrhQFOg7d3yn1RTmFl9MVZB4RKi3YjedZIli4s8g6cSPlbsfmGDCFTZ8ODsarGB7F8juLjJfKG8IR
p9BSqeaQS636MMrobYTmAfpQABDlURClLVRDWmu7BJdmingGzYYDrhQFOg7d3yn1RTmFl9MVZB4RKi3YjedZIrCjVOFSFQ7ReJnALvqKBCTHDMkJskyjsYyIKZcsAmAX
p9BSqeaQS636MMrobYTmAfpQABDlURClLVRDWmu7BJdmingGzYYDrhQFOg7d3yn1RTmFl9MVZB4RKi3YjedZIv7InkmCg5uluDj+WrDY0+3CWi6i1EUtdMoDk2yzbRXB
p9BSqeaQS636MMrobYTmAfpQABDlURClLVRDWmu7BJdmingGzYYDrhQFOg7d3yn1RTmFl9MVZB4RKi3YjedZIj00Kcpl9rVHEaL+RTO2NRKzcaQBV6UhMd8nyBqnYsEZ
p9BSqeaQS636MMrobYTmAfpQABDlURClLVRDWmu7BJdmingGzYYDrhQFOg7d3yn1RTmFl9MVZB4RKi3YjedZInL88N1BKNDqPhwbkzldcDVXutvnBJMRLJRp+1CPmzg7
p9BSqeaQS636MMrobYTmAfpQABDlURClLVRDWmu7BJdmingGzYYDrhQFOg7d3yn1RTmFl9MVZB4RKi3YjedZIq3r5Xe/t9d3/7DQorYVwkuXdfZ7UiIZOMVPnG+pFsOn
p9BSqeaQS636MMrobYTmAfpQABDlURClLVRDWmu7BJdEq9eWXezwBYFDlJoxlpTu6wO2whNzYTv9MdW2OoMjpcGy41AY1R0ziocQ/Rbc/ZdbIU1m/OU+3KLTrrauhqsN
p9BSqeaQS636MMrobYTmAfpQABDlURClLVRDWmu7BJcCmtZ+IptJ8mY1H0CMNAPXBiWWOpOztOB+XfLGjI7K5nQQ8JFhXrxGjn2rD19wldLQk0t9CdjlrGNJO7sFXXnt
p9BSqeaQS636MMrobYTmAfpQABDlURClLVRDWmu7BJcCmtZ+IptJ8mY1H0CMNAPXBiWWOpOztOB+XfLGjI7K5pK5gHfUvAih6xL3gC/5szezcLSxyiyS/R8jkI4Hw1pe
p9BSqeaQS636MMrobYTmAfpQABDlURClLVRDWmu7BJcCmtZ+IptJ8mY1H0CMNAPXBiWWOpOztOB+XfLGjI7K5mbLi8xQ7rtxs10YJeSSgX1+Ro9Z2XQWQnhHv7Hpbukg
p9BSqeaQS636MMrobYTmAfpQABDlURClLVRDWmu7BJcCmtZ+IptJ8mY1H0CMNAPXBiWWOpOztOB+XfLGjI7K5rN/rVDke3Hl0duQJIARC2WHCoGu7QxMC0e6sjwDxWl/
p9BSqeaQS636MMrobYTmAfpQABDlURClLVRDWmu7BJcCmtZ+IptJ8mY1H0CMNAPXBiWWOpOztOB+XfLGjI7K5qu6uhZDg2Zn48ARLwu/T4W5cC4Ja4Awx/XIMtmNSFbA
p9BSqeaQS636MMrobYTmAfpQABDlURClLVRDWmu7BJcCmtZ+IptJ8mY1H0CMNAPXBiWWOpOztOB+XfLGjI7K5mrAaPfM5+aqbHNNCTjtHNsyny1sPB8/TkUU0comLaio
p9BSqeaQS636MMrobYTmAfpQABDlURClLVRDWmu7BJfl08H3SxuFpa3klNfplVXbG3kqYadfESf5+/vcFg+PPmI/nxvrorkGRxcmOT73IWv89/Kmm3wabE1G/PW8BBJ6
p9BSqeaQS636MMrobYTmAfpQABDlURClLVRDWmu7BJfl08H3SxuFpa3klNfplVXbG3kqYadfESf5+/vcFg+PPnEqF/4twt5fr6ySggAXtCPl2MuAfYKjYs6W5ezT78OW
p9BSqeaQS636MMrobYTmAfpQABDlURClLVRDWmu7BJfl08H3SxuFpa3klNfplVXbG3kqYadfESf5+/vcFg+PPvNqczCkA6zbs2C5jZ9BNahO/KDIsgFSoQQ0WOEiYo7w
p9BSqeaQS636MMrobYTmAfpQABDlURClLVRDWmu7BJe6LWbIZAHCCfWz4QxsQ3qCW3o+zSSsEqRJfwZEkET+avRyzuuBnOv6WilwgrtTJu9X/NEpwKhx8sReRYkfod3b
p9BSqeaQS636MMrobYTmAfpQABDlURClLVRDWmu7BJe6LWbIZAHCCfWz4QxsQ3qCW3o+zSSsEqRJfwZEkET+apeh5f64vFRV4+LGNmPALWQ4DgXX57pzRBlsyk61lj5e
p9BSqeaQS636MMrobYTmAfpQABDlURClLVRDWmu7BJe6LWbIZAHCCfWz4QxsQ3qCW3o+zSSsEqRJfwZEkET+arbPiz/uDf7IEa/CZiXpIGY4jF+TZe71dz5TR/f5T5oT
p9BSqeaQS636MMrobYTmAfpQABDlURClLVRDWmu7BJdyEBs/ZteYkiWxHKKcZz7p2PQsICMpC1+GwIfXXYNsie1DnGuyfcBMTVzqLYKdG5Q8GW3LIRS2BVUtGVTFLoWZ
p9BSqeaQS636MMrobYTmAfpQABDlURClLVRDWmu7BJcTDzMfWmqLX0En4nql/bkSlGhdev6SYUcK51KuhwRpg38XZ70sPftp9idJv37k95rJLcjtjH0ZE1gsFSJhMKKq
p9BSqeaQS636MMrobYTmAfpQABDlURClLVRDWmu7BJcTDzMfWmqLX0En4nql/bkSlGhdev6SYUcK51KuhwRpgz789gSo53vUhMSaUtKGRkvCPAO2Qyle4OILMMmKssgQ
p9BSqeaQS636MMrobYTmAfpQABDlURClLVRDWmu7BJcTDzMfWmqLX0En4nql/bkSlGhdev6SYUcK51KuhwRpg9ggqVl/bsNwEjN3+k/gpe4wyuyBTi5nSJII1/GrpEo7
p9BSqeaQS636MMrobYTmAfpQABDlURClLVRDWmu7BJcTDzMfWmqLX0En4nql/bkSlGhdev6SYUcK51KuhwRpg94+kym61BXeBxyeNYyhP3TdFAzHswWHLIN1RYtlTQ9g
p9BSqeaQS636MMrobYTmAfpQABDlURClLVRDWmu7BJcTDzMfWmqLX0En4nql/bkSlGhdev6SYUcK51KuhwRpg2RTFkfShvzbaukSw92ghkF9ovEoQEF967+HjTLU9rOm
p9BSqeaQS636MMrobYTmAfpQABDlURClLVRDWmu7BJcCknznuDIy8icBX+6taF9XWQSaBtQ2CHSjv6DPIa03xCiMCYyZ/qmcq6Yjw/B57sRJdFOr6WHOafPB7IPudJg6
p9BSqeaQS636MMrobYTmAfpQABDlURClLVRDWmu7BJdm4/UkNGIzBomWfvfR/WX6o0m2w7j3j4OSPu7J5M1cMhKrdwj8l8HHNYNpksJLrgYtsrqAADcYEvTd+RXXQ9zC
p9BSqeaQS636MMrobYTmAfpQABDlURClLVRDWmu7BJfOfv2tLvJb+JAAZzVxgCImgrFdGbNOGLJhoeHSiWpkErQeLUvzy/ecBuMes3vXPe686cIf1rTw5/OMkLZChJZp
p9BSqeaQS636MMrobYTmAfpQABDlURClLVRDWmu7BJeFPjj5Uzvj43Yb6vNRsVUqPN0SQsIPIeR3bp+Vr7laVAHpXxOOT0lXQhfz3xF644tLQ8wFLGj1OFn2MgBoHmTS
p9BSqeaQS636MMrobYTmAfpQABDlURClLVRDWmu7BJeFPjj5Uzvj43Yb6vNRsVUqPN0SQsIPIeR3bp+Vr7laVMZlbv6yAYWDZzimfZZ4yCKagVF/zyj2bBBCba5PzVse
p9BSqeaQS636MMrobYTmAfpQABDlURClLVRDWmu7BJeFPjj5Uzvj43Yb6vNRsVUqPN0SQsIPIeR3bp+Vr7laVHQpTeOBJE4jEi8PrQJ1IlikhIAvjmnx6AFf3HkK7ORS
p9BSqeaQS636MMrobYTmAfpQABDlURClLVRDWmu7BJeFPjj5Uzvj43Yb6vNRsVUqPN0SQsIPIeR3bp+Vr7laVMJXIhrcKVSuxXnB92hyIywDLuVVVv7HULDvmGrQHn0x
p9BSqeaQS636MMrobYTmAfpQABDlURClLVRDWmu7BJfpY72dqV5noilHbdm0bHpjeQ9ncr+CzSC/ukgJfOGfZ4n1YgC1waG0uFc6coFSFgoe6ezpiQJfbeMjCMR8Ac0O
p9BSqeaQS636MMrobYTmAfpQABDlURClLVRDWmu7BJfpY72dqV5noilHbdm0bHpjeQ9ncr+CzSC/ukgJfOGfZwpTr0udERUJl/ePhMN07mW++smNUuh2GNuzJKoh35el
p9BSqeaQS636MMrobYTmAfpQABDlURClLVRDWmu7BJedYnxxG4RNgyMK0Mw3YH1Di1Al7BP3THtdO+jToSAw4FJ+S3SGlbUEjEnXSN8eT9A2IX2Jt6Qwk2Rd31WvDdqS
p9BSqeaQS636MMrobYTmAfpQABDlURClLVRDWmu7BJeosR97PJ4GsU+T62dKPRKzo3xOKmdXueLfenDdoA+Bsayyd4+ZT9wKP1pNrIFnBpaU9HJ76dF1a+g85f5X4Fx/
p9BSqeaQS636MMrobYTmAfpQABDlURClLVRDWmu7BJdltggpD89BfqC4PqicAYGZazJaD7kl0URphY4x7esNJDs5qcNcrP7IXJmvZkLxR9u/aAsbDU9hq9oPVra9baMv
p9BSqeaQS636MMrobYTmAfpQABDlURClLVRDWmu7BJdltggpD89BfqC4PqicAYGZazJaD7kl0URphY4x7esNJNnat3ZaB+10phbC5eFEzNqgeH2j0GMKiLfB6NtqukNw
p9BSqeaQS636MMrobYTmAfpQABDlURClLVRDWmu7BJdltggpD89BfqC4PqicAYGZazJaD7kl0URphY4x7esNJLdYGbbf8y4FhMlcaB6JPJYCZgMLA0wEZlrsmXIcAvBD
p9BSqeaQS636MMrobYTmAfpQABDlURClLVRDWmu7BJdltggpD89BfqC4PqicAYGZazJaD7kl0URphY4x7esNJMG93/ng0mnq9+P1vrD/4UAIoEP7bCCBQYV6cSbIgr+I
p9BSqeaQS636MMrobYTmAfpQABDlURClLVRDWmu7BJdltggpD89BfqC4PqicAYGZazJaD7kl0URphY4x7esNJPE989MxbOFZ89/Z2daHt7V+2+CKVi7tqLu3dbLuk0Pp
p9BSqeaQS636MMrobYTmAfpQABDlURClLVRDWmu7BJdltggpD89BfqC4PqicAYGZazJaD7kl0URphY4x7esNJAPKfZ/WhoYM991iDCqq37Nk3QjqJvCDPdXI31w21zPh
p9BSqeaQS636MMrobYTmAfpQABDlURClLVRDWmu7BJf+bfsq0iMjAYz41o8kXkbV3JusBzRtCIcKLdmfCGx7Lbt9b4g2PUHoifG/tIg0sEBEH1zA8srbHlPc0BevEyEH
p9BSqeaQS636MMrobYTmAfpQABDlURClLVRDWmu7BJf+bfsq0iMjAYz41o8kXkbV3JusBzRtCIcKLdmfCGx7Le+jcCKkklpLuUbySA6HyJQ93X1UKSzcf5KFs2b43S2J
p9BSqeaQS636MMrobYTmAfpQABDlURClLVRDWmu7BJf+bfsq0iMjAYz41o8kXkbV3JusBzRtCIcKLdmfCGx7LZaFJJB5u1Km8Bc8TW6k6wLW6Ehhh1dSq2cWOH1Y8bbT
p9BSqeaQS636MMrobYTmAfpQABDlURClLVRDWmu7BJf+bfsq0iMjAYz41o8kXkbV3JusBzRtCIcKLdmfCGx7LV++JGiqaOdCciV0FVIfI4/ZYnUe3MGJkuVFMmYWYMfw
p9BSqeaQS636MMrobYTmAfpQABDlURClLVRDWmu7BJf+bfsq0iMjAYz41o8kXkbV3JusBzRtCIcKLdmfCGx7LSw35otl61e/63CA5FBCP5iQIOCJiiMnKjIQB79f51ok
p9BSqeaQS636MMrobYTmAfpQABDlURClLVRDWmu7BJf+bfsq0iMjAYz41o8kXkbV3JusBzRtCIcKLdmfCGx7LTgdVI8pcqL5CB9AgXlYxPHpMPgEEaTxdT6n2TkOhzyD
p9BSqeaQS636MMrobYTmAfpQABDlURClLVRDWmu7BJfCtUNySB23lx1xBQUNlh5NIMB8dWFqvgVEJQfm8LA3Y9x/yLMM/VrA1XpcTl5Y2Zu2tpFGCytvPxD1Xqv6lyWx
p9BSqeaQS636MMrobYTmAfpQABDlURClLVRDWmu7BJd30+/DknW8TE8TpX3LgZ10XdZKjCGR+AQZVsfo+dUEHNyYv5D1gbKrAdp5IyUcamXqxbDLxNvp3p47Yd1kXygm
p9BSqeaQS636MMrobYTmAfpQABDlURClLVRDWmu7BJd30+/DknW8TE8TpX3LgZ10XdZKjCGR+AQZVsfo+dUEHAUOcR7m6wzFF8QchRx/wUIhRE1o30IFg6QMq891a30g
p9BSqeaQS636MMrobYTmAfpQABDlURClLVRDWmu7BJd30+/DknW8TE8TpX3LgZ10XdZKjCGR+AQZVsfo+dUEHHI12cLER8cTDUzzaLGwLhA707O8PSQ2JS+IZfdYQrtW
p9BSqeaQS636MMrobYTmAfpQABDlURClLVRDWmu7BJd30+/DknW8TE8TpX3LgZ10XdZKjCGR+AQZVsfo+dUEHFjoO6daIG0HFQ43HZSSrGWDmJ4wkSC7rY8TZ+RS7ctT
p9BSqeaQS636MMrobYTmAfpQABDlURClLVRDWmu7BJd30+/DknW8TE8TpX3LgZ10XdZKjCGR+AQZVsfo+dUEHN9bjxtlBxew+XCOQ7PKQFO9zqkM4DBCJz6eDXJIsgO0
p9BSqeaQS636MMrobYTmAfpQABDlURClLVRDWmu7BJfJUTwGwUTgWF7UzrNdDTEt5BNC8FRr6nzDRSnVk0fshkRe01MYzc1jxvz+tb6jiD/5XMSM+orMf6AI859Gxr6h
p9BSqeaQS636MMrobYTmAfpQABDlURClLVRDWmu7BJeYiDBb77BlFmpTF/d596F2wN/8+Iniity4pA8Tvm6FD7oj6QS7OAl9xg8fQ24IrbRXfWZ7oeu2zgcm8qaxTkTG
p9BSqeaQS636MMrobYTmAfpQABDlURClLVRDWmu7BJeYiDBb77BlFmpTF/d596F2wN/8+Iniity4pA8Tvm6FD1d8a7tSpgNzguMG9vGzOTnVwQyPVcs+brdJGwS0AabX
p9BSqeaQS636MMrobYTmAfpQABDlURClLVRDWmu7BJeYiDBb77BlFmpTF/d596F2wN/8+Iniity4pA8Tvm6FD7JEed9ogstbmeO45dk5SZddP0CnioKSZHjBEdX6aDtv
p9BSqeaQS636MMrobYTmAfpQABDlURClLVRDWmu7BJeYiDBb77BlFmpTF/d596F2wN/8+Iniity4pA8Tvm6FD1jLvjDoG3QoHlSDPTA16PTDPlyQopgJvvoMXhjlqhPi
p9BSqeaQS636MMrobYTmAfpQABDlURClLVRDWmu7BJeYiDBb77BlFmpTF/d596F2wN/8+Iniity4pA8Tvm6FD/aoj8nN01BHbn6pMKTX/l1JG8+zBbAi8CywVlhkBD++
p9BSqeaQS636MMrobYTmAfpQABDlURClLVRDWmu7BJeo2ewBxIE0dCgbEAp/ixODEvu+MHlvBiCG/Ooxy2fpg4G8hm7+qsujYEo6kr58ziKW/FUWxmDnPMyYJ0yvz9hm
p9BSqeaQS636MMrobYTmAfpQABDlURClLVRDWmu7BJeo2ewBxIE0dCgbEAp/ixODEvu+MHlvBiCG/Ooxy2fpgxMX58ZJG+CsNpOOjNaawRXP3ThLcmzJvfIl2FQ/j/6O
p9BSqeaQS636MMrobYTmAfpQABDlURClLVRDWmu7BJeo2ewBxIE0dCgbEAp/ixODEvu+MHlvBiCG/Ooxy2fpgxSgckdl9N+lwb65JmJzbSYcVtAvYQ5j+850f/ViR/43
p9BSqeaQS636MMrobYTmAfpQABDlURClLVRDWmu7BJeo2ewBxIE0dCgbEAp/ixODEvu+MHlvBiCG/Ooxy2fpg6MjnOa5gSr70blZeInrf2IYg5fz+6iGMorML+raT+dJ
p9BSqeaQS636MMrobYTmAfpQABDlURClLVRDWmu7BJeo2ewBxIE0dCgbEAp/ixODEvu+MHlvBiCG/Ooxy2fpgzDwb+kVhZqqqmhCM9inpxImBWHwgdQzeIiR4R3pxMfG
p9BSqeaQS636MMrobYTmAfpQABDlURClLVRDWmu7BJca8vty9onP5lfkITaA4GY84wQ1ytvLJKtTSvwUJO2ZXFDbK+XWVeYKMsPqvO90/xG8UGe+RvrmQHXbBzf8EzxJ
p9BSqeaQS636MMrobYTmAfpQABDlURClLVRDWmu7BJfWceba1pKGYPQN/C8qw19ZYJZ9hTLg92OAsDiOM5BZCWlWP7pSuw0Bw+O4Y4Vm/Lk01PtvmatVdunueea3jehm
p9BSqeaQS636MMrobYTmAfpQABDlURClLVRDWmu7BJefZ8ND8aUl9gNv3YJuWVue7p3xHYWDRi2YlsScQVkCKfogGEotoqT54mhu3G/aoey4NRojuCGzxvNXQctYatrq
p9BSqeaQS636MMrobYTmAfpQABDlURClLVRDWmu7BJefZ8ND8aUl9gNv3YJuWVue7p3xHYWDRi2YlsScQVkCKSDWF+MybLYqU4tRdae7KIqcyQ6s5wbhjqgJjyUh0RKA
p9BSqeaQS636MMrobYTmAfpQABDlURClLVRDWmu7BJefZ8ND8aUl9gNv3YJuWVue7p3xHYWDRi2YlsScQVkCKXa9kv/7vj+C8MnXNpC3/FGvCqoZNM745FxRCasH92Ar
p9BSqeaQS636MMrobYTmAfpQABDlURClLVRDWmu7BJefZ8ND8aUl9gNv3YJuWVue7p3xHYWDRi2YlsScQVkCKYMwgPaIGtSPBxMPi+yi9ccD6z2o4yHaKuBwDAIUJl4Z
p9BSqeaQS636MMrobYTmAfpQABDlURClLVRDWmu7BJefZ8ND8aUl9gNv3YJuWVue7p3xHYWDRi2YlsScQVkCKVX0KXzQeDlyipO2cL+t88gI73sr0/C9M9y+CZaVBPJT
p9BSqeaQS636MMrobYTmAfpQABDlURClLVRDWmu7BJcLyOQG3AjiBEjHK2RnHyHCddZylYq2NygGRF72DmKXQLJC1xNJy7NhBKzUq8XalWyF90AQ7iw1DgldO3PT+cTr
p9BSqeaQS636MMrobYTmAfpQABDlURClLVRDWmu7BJfyX77WOX+oA6BmNNGsNiN2XjqI7sMc4cx3JBNiGca7td4WIUlo+tWUTjkhBI+pcIqXxLnazE7bAHHrTcYUzSmk
p9BSqeaQS636MMrobYTmAfpQABDlURClLVRDWmu7BJfyX77WOX+oA6BmNNGsNiN2XjqI7sMc4cx3JBNiGca7tfXwAteXxTRtcOo2UpGVdQ6GJmc501pom8Ia+oPovvlA
p9BSqeaQS636MMrobYTmAfpQABDlURClLVRDWmu7BJfyX77WOX+oA6BmNNGsNiN2XjqI7sMc4cx3JBNiGca7tdG1mpAqD+QSbpR0Pq6+kdbisMQnqZ+xYplzL5s9Ly4s
p9BSqeaQS636MMrobYTmAfpQABDlURClLVRDWmu7BJfyX77WOX+oA6BmNNGsNiN2XjqI7sMc4cx3JBNiGca7tS0JoYq8Jyp2ewoRQp1AGou9XUEg8+QCy/yxIIJJzTBC
p9BSqeaQS636MMrobYTmAfpQABDlURClLVRDWmu7BJfyX77WOX+oA6BmNNGsNiN2XjqI7sMc4cx3JBNiGca7tfeFWr04DB2Qys562Jzco3CCUB4sTOvCZyXVd9kf6W+n
p9BSqeaQS636MMrobYTmAfpQABDlURClLVRDWmu7BJfyX77WOX+oA6BmNNGsNiN2XjqI7sMc4cx3JBNiGca7tcCjnOTUWpUK0v88K+Q2FS8EeV2kvDchmM1EZozzDK2u
p9BSqeaQS636MMrobYTmAfpQABDlURClLVRDWmu7BJcpdok9X00YfC6gHWaR4sxGC8dwQjhePpRMmGWa4gPAcCGRec4XrjO5XwLEiH8LvdJhe6dcD9By7THFr+x3fm9Z
p9BSqeaQS636MMrobYTmAfpQABDlURClLVRDWmu7BJfToa0e2Jrc9ld9A2vMISmTOtbn0EhPhWUoovVh7SMPv+5Pf8ChnS1XxTeh1jNH1QoqcNu1WUfsffIHwnxRhVZi
p9BSqeaQS636MMrobYTmAfpQABDlURClLVRDWmu7BJdVk7ZE9KJaQRpQa16BPDvJmlLMK03ZFZyLrEgADa6Qc0KU+Kbx1Be6/EcAlvPoLZmzU5eGq7f16g2bhZdqg9r5
p9BSqeaQS636MMrobYTmAfpQABDlURClLVRDWmu7BJfEbshQ/o+SBKCzTJlIv9yn/BGlMKY6mRI1+uVqhD9XqcFbHQCet14LKDNhMg4ljuqh79Xp/Nc+rlvgBUwn5WHO
p9BSqeaQS636MMrobYTmAfpQABDlURClLVRDWmu7BJe/Tvv50H1XXrwVM7cvBrg8UT17IOBgGFg4Q5SzcQgdHaFgfaO80K9sTo9KDXnW3r9rQo53v0FaLTX7Vn/HOrpB
p9BSqeaQS636MMrobYTmAfpQABDlURClLVRDWmu7BJc7JgWoMKlJF5N+6KK1b790DtSYLvxDs1T3J6HYx8DsnxCGbrttZXyqadx82I/ghDoZqcdpS0+qaWUFuFzOZTGz
p9BSqeaQS636MMrobYTmAfpQABDlURClLVRDWmu7BJc7JgWoMKlJF5N+6KK1b790DtSYLvxDs1T3J6HYx8Dsn4Aq8ZSqTlLCjbWFDzZwPAXVgt8rEK+/qmYRTqNpeM4H
p9BSqeaQS636MMrobYTmAfpQABDlURClLVRDWmu7BJc7JgWoMKlJF5N+6KK1b790DtSYLvxDs1T3J6HYx8DsnzllKFbHb1xpKJ5N4NqzSOUYV+OnJk0OVdqSSpJ3QhPJ
p9BSqeaQS636MMrobYTmAfpQABDlURClLVRDWmu7BJc7JgWoMKlJF5N+6KK1b790DtSYLvxDs1T3J6HYx8Dsn7eIozlKlMCA/Mm3IuxdEBnXUliaKoQv5fztWZw4ywCl
p9BSqeaQS636MMrobYTmAfpQABDlURClLVRDWmu7BJc7JgWoMKlJF5N+6KK1b790DtSYLvxDs1T3J6HYx8Dsn9i3bVlsn70LMkS/MzWDZVVEKaR1KBh4RFHK1vOO4IZ/
p9BSqeaQS636MMrobYTmAfpQABDlURClLVRDWmu7BJc7JgWoMKlJF5N+6KK1b790DtSYLvxDs1T3J6HYx8DsnyfB+jzrJjMntLQzzJ75j4a4Y368kW0+fqewMWgs6pd0
p9BSqeaQS636MMrobYTmAfpQABDlURClLVRDWmu7BJe9VYFrxyCKYHPHtFu+HbA86Phu3gxWrIec2RJgTb75tD7whOFUC3p8dB0D8/tjqdK90i238TXaf51nHk14TFUF
p9BSqeaQS636MMrobYTmAfpQABDlURClLVRDWmu7BJe9VYFrxyCKYHPHtFu+HbA86Phu3gxWrIec2RJgTb75tDvBGQ2BQ/uuBA1vCiLwSw3plzMqID/wRgm3u9YTjoRz
p9BSqeaQS636MMrobYTmAfpQABDlURClLVRDWmu7BJe9VYFrxyCKYHPHtFu+HbA86Phu3gxWrIec2RJgTb75tLdubdOpXadPfFvkPGzE2QDkXbuYDpXCUDImltNNkiZe
p9BSqeaQS636MMrobYTmAfpQABDlURClLVRDWmu7BJe9VYFrxyCKYHPHtFu+HbA86Phu3gxWrIec2RJgTb75tLupl3/lO28PW0uwH+ErjAJKOLagwH5nDgrgaNYFAhC/
p9BSqeaQS636MMrobYTmAfpQABDlURClLVRDWmu7BJe9VYFrxyCKYHPHtFu+HbA86Phu3gxWrIec2RJgTb75tP/G+eDUyxLzwE/zBKzMjvWGaqdstleew20XdnnzF+t1
p9BSqeaQS636MMrobYTmAfpQABDlURClLVRDWmu7BJe9VYFrxyCKYHPHtFu+HbA86Phu3gxWrIec2RJgTb75tEW7I4poAjukO/Xrtr1mouugfxauc9+AXZ1aHm0OzpNz
p9BSqeaQS636MMrobYTmAfpQABDlURClLVRDWmu7BJcURE3T74z2yAl0jE9eZ2DKhYJtY/PHH8wrEgIuXZSIRhQQ91JAdBEP4v7BECz5qhfs+CP4/aEyuZhxK13cOi0h
p9BSqeaQS636MMrobYTmAfpQABDlURClLVRDWmu7BJcURE3T74z2yAl0jE9eZ2DKhYJtY/PHH8wrEgIuXZSIRvsyhUvbSJuW+PIBnBgJfPyd9ov70GAeJJy75XlVClxN
p9BSqeaQS636MMrobYTmAfpQABDlURClLVRDWmu7BJcURE3T74z2yAl0jE9eZ2DKhYJtY/PHH8wrEgIuXZSIRm0gPlLeWtOCavQ84CejgtDSSf6S96X2iDfOzchOw4Ke
p9BSqeaQS636MMrobYTmAfpQABDlURClLVRDWmu7BJcURE3T74z2yAl0jE9eZ2DKhYJtY/PHH8wrEgIuXZSIRvpGw0QH7+BGAjfm4nfi2QPtjGx5S+xY783gXydPQtgN
p9BSqeaQS636MMrobYTmAfpQABDlURClLVRDWmu7BJcURE3T74z2yAl0jE9eZ2DKhYJtY/PHH8wrEgIuXZSIRu1v480CcDH8hsrbf8sx3St4nAQ/YA6kgxtjl7ooIW+T
p9BSqeaQS636MMrobYTmAfpQABDlURClLVRDWmu7BJcURE3T74z2yAl0jE9eZ2DKhYJtY/PHH8wrEgIuXZSIRgxR/5qfQ85dGXhcc62lLq0dws4oE4arLc9BC2V+Jmqe
p9BSqeaQS636MMrobYTmAfpQABDlURClLVRDWmu7BJc/Lz89uA8xYtgJzbZcG6AC3PIJTJyhjIfyyKCrL7B4wGBuMCI6RQjlJ3DGPTRcwLjpEIU+ecr7b0gIXj/tOcC2
p9BSqeaQS636MMrobYTmAfpQABDlURClLVRDWmu7BJc/Lz89uA8xYtgJzbZcG6AC3PIJTJyhjIfyyKCrL7B4wJ4qkeL5h6Z/Il/phiw1FGihmhWhK7+G7urxIMkaEJNM
p9BSqeaQS636MMrobYTmAfpQABDlURClLVRDWmu7BJc/Lz89uA8xYtgJzbZcG6AC3PIJTJyhjIfyyKCrL7B4wHjEm/voxfh7WE8Xz4ioyGJniJDSpWWaUu+Q+pyupWXf
p9BSqeaQS636MMrobYTmAfpQABDlURClLVRDWmu7BJc/Lz89uA8xYtgJzbZcG6AC3PIJTJyhjIfyyKCrL7B4wPsUrpFOegHuc/kvk1WICInJzrtVN25TH09TIuOe5jLr
p9BSqeaQS636MMrobYTmAfpQABDlURClLVRDWmu7BJc/Lz89uA8xYtgJzbZcG6AC3PIJTJyhjIfyyKCrL7B4wEmeack00vLbExRtkfJP2xX1jAq97rK3ZaTTlqtNI5vD
p9BSqeaQS636MMrobYTmAfpQABDlURClLVRDWmu7BJc/Lz89uA8xYtgJzbZcG6AC3PIJTJyhjIfyyKCrL7B4wC3PJrIOiBBLDU2jDAV6sc0wZUyHRcIiaeWCqLehlu4w
p9BSqeaQS636MMrobYTmAfpQABDlURClLVRDWmu7BJc8QCVGwB2BJ3QWimrxLxJHuTxXXm8eTgCBDO/Vzo2cYKoB45B+GJI//VWZhqH16RtdMjYUDgeL756ssKTwSAJ4
p9BSqeaQS636MMrobYTmAfpQABDlURClLVRDWmu7BJc8QCVGwB2BJ3QWimrxLxJHuTxXXm8eTgCBDO/Vzo2cYOFObQVEq6t1zEcAoryW1BKrDmfZUiR/Ld3Ht+1E2lcC
p9BSqeaQS636MMrobYTmAfpQABDlURClLVRDWmu7BJc8QCVGwB2BJ3QWimrxLxJHuTxXXm8eTgCBDO/Vzo2cYG7FF+QCgvlKhfgalehFTBp7CfJUNA7RCqEHzaBIM3hD
p9BSqeaQS636MMrobYTmAfpQABDlURClLVRDWmu7BJc8QCVGwB2BJ3QWimrxLxJHuTxXXm8eTgCBDO/Vzo2cYCHq9JnSgJmMBhh3IQg7r2qeaedGfcJGK5iUu0X08TPj
p9BSqeaQS636MMrobYTmAfpQABDlURClLVRDWmu7BJc8QCVGwB2BJ3QWimrxLxJHuTxXXm8eTgCBDO/Vzo2cYFagfeUGKINenhxQUe0ODnP2iIq3jIQ/LslPNaUkGGCY
p9BSqeaQS636MMrobYTmAfpQABDlURClLVRDWmu7BJc8QCVGwB2BJ3QWimrxLxJHuTxXXm8eTgCBDO/Vzo2cYDVrjlBIiOjiXpMTUelOov4Fi0xv64H2zZ5hgRX7jFcK
p9BSqeaQS636MMrobYTmAfpQABDlURClLVRDWmu7BJfx7ITMsH6kHrdvarlIzupM0yShc7mGCTJ6/ExPsx0PsbEeKgdJDkF6RPtgLnsMIsAjBuoKwRRgaPnJyy8jIa0i
p9BSqeaQS636MMrobYTmAfpQABDlURClLVRDWmu7BJfx7ITMsH6kHrdvarlIzupM0yShc7mGCTJ6/ExPsx0PsaJ/GiP6lJWwImRpxpLj5BSABmqGdR+xKSTl0wZSHfJ8
p9BSqeaQS636MMrobYTmAfpQABDlURClLVRDWmu7BJfx7ITMsH6kHrdvarlIzupM0yShc7mGCTJ6/ExPsx0PsSsY16b6vVDcH3TYa7eA0hgxj/BVyKuZxXJaYB/ZEWju
p9BSqeaQS636MMrobYTmAfpQABDlURClLVRDWmu7BJfx7ITMsH6kHrdvarlIzupM0yShc7mGCTJ6/ExPsx0PsRgeoayVFKz98y8qWlBQQLqtj1cYToQBau96udbNjHxA
p9BSqeaQS636MMrobYTmAfpQABDlURClLVRDWmu7BJfx7ITMsH6kHrdvarlIzupM0yShc7mGCTJ6/ExPsx0PsefGI3/TKRarhXhsc1G2mTF4nXC2+tC9iO1zf2RGVlG/
p9BSqeaQS636MMrobYTmAfpQABDlURClLVRDWmu7BJfx7ITMsH6kHrdvarlIzupM0yShc7mGCTJ6/ExPsx0PseTKwdi6QgEIP7oNwz11DjP34f6ojrsNpizf56s7ccA1
p9BSqeaQS636MMrobYTmAfpQABDlURClLVRDWmu7BJcKleu48EmGXCgRnt4lKZeDIqlkop8b3QV8nX+08CAqEWk1bvjjHweB8fqVQw3df8xmFKqDFnpVJWN2WFDRKoKf
p9BSqeaQS636MMrobYTmAfpQABDlURClLVRDWmu7BJc7YuRk8GDemhI0innC2BEtCMK6QtCEf6gCzymnydmtZIUwhuRU0llhCX4IRXvT6A3Cp2Lf8edQgS7GF/45x44B
p9BSqeaQS636MMrobYTmAfpQABDlURClLVRDWmu7BJc7YuRk8GDemhI0innC2BEtCMK6QtCEf6gCzymnydmtZHdkn0zoj8a8ZfKf1CmGSMiRiW6celOOzw4yXeuM3vyR
p9BSqeaQS636MMrobYTmAfpQABDlURClLVRDWmu7BJc7YuRk8GDemhI0innC2BEtCMK6QtCEf6gCzymnydmtZBx+XLi7AMjuWOyKwHZcSlnRJMaYiT18RyIFC53vdNTc
p9BSqeaQS636MMrobYTmAfpQABDlURClLVRDWmu7BJc7YuRk8GDemhI0innC2BEtCMK6QtCEf6gCzymnydmtZA7HkiZ1dus6E9dYZPBOcFBBHkfwDqcKyDEnAx7qNlf4
p9BSqeaQS636MMrobYTmAfpQABDlURClLVRDWmu7BJc7YuRk8GDemhI0innC2BEtCMK6QtCEf6gCzymnydmtZEDUyzqv/y8ZtW6aPnv28iChpbZy6qvGmgcaelI/UfSv
p9BSqeaQS636MMrobYTmAfpQABDlURClLVRDWmu7BJfupHN4D/k631+U+8ZHFBBNvwv7V3wll/+hUHxTshpNUecs7n5a3WEaKQyuRTmGXOELZFrcHO2k9QlRCM3UuFcA
p9BSqeaQS636MMrobYTmAfpQABDlURClLVRDWmu7BJfupHN4D/k631+U+8ZHFBBNvwv7V3wll/+hUHxTshpNUeJKqnJESAclk2zXi5SkyO7GmoVtURyISvIM8vVxLuED
p9BSqeaQS636MMrobYTmAfpQABDlURClLVRDWmu7BJfupHN4D/k631+U+8ZHFBBNvwv7V3wll/+hUHxTshpNUe+xxbIoXFo+n7eFffYWRzSIZRuxK3oLCsOhHmX1+YrQ
p9BSqeaQS636MMrobYTmAfpQABDlURClLVRDWmu7BJfupHN4D/k631+U+8ZHFBBNvwv7V3wll/+hUHxTshpNUe2T97xPgl91+53dYHvfT+AvHqjFBFbjvRRiDvZGZml+
p9BSqeaQS636MMrobYTmAfpQABDlURClLVRDWmu7BJfupHN4D/k631+U+8ZHFBBNvwv7V3wll/+hUHxTshpNUe+KWd+XNMxA4boAc/n7sjPb8b9q/IbwMR8tD77EbWxw
p9BSqeaQS636MMrobYTmAfpQABDlURClLVRDWmu7BJfupHN4D/k631+U+8ZHFBBNvwv7V3wll/+hUHxTshpNUUc042RuXs/j9ixmHnlexkZzmFd/ZWQMguYgnnpwnKVM
p9BSqeaQS636MMrobYTmAfpQABDlURClLVRDWmu7BJcuyyejAX0i2JvnH2oNM+wUHE0MKgh5el+5WJhVhotVbP3gxQSFR50hH9A0jz4tatpQ96uot0HrKTQxxIW0GjBj
p9BSqeaQS636MMrobYTmAfpQABDlURClLVRDWmu7BJcuyyejAX0i2JvnH2oNM+wUHE0MKgh5el+5WJhVhotVbIzINwmhdIgx+yeAN4b1ArqSPTjlGQrGSTIWWPiQUGO9
p9BSqeaQS636MMrobYTmAfpQABDlURClLVRDWmu7BJcuyyejAX0i2JvnH2oNM+wUHE0MKgh5el+5WJhVhotVbLC+rze8OiyPyC3GI3fHxPy5cdYZbKbYYtdmMVTiv/wR
p9BSqeaQS636MMrobYTmAfpQABDlURClLVRDWmu7BJcuyyejAX0i2JvnH2oNM+wUHE0MKgh5el+5WJhVhotVbNugS+03BJ0FiTPVmWPKUL6HHhS5vLXToMwACkBihvSq
p9BSqeaQS636MMrobYTmAfpQABDlURClLVRDWmu7BJcuyyejAX0i2JvnH2oNM+wUHE0MKgh5el+5WJhVhotVbIgqSlDOKWyvjOxuUAe3SEX7iO405qHLZbfm4KiUmVgR
p9BSqeaQS636MMrobYTmAfpQABDlURClLVRDWmu7BJcuyyejAX0i2JvnH2oNM+wUHE0MKgh5el+5WJhVhotVbGW8LUQVIjlLnOxDnwyv31vPLCDVZ/ycOvd4KGgwUpO6
p9BSqeaQS636MMrobYTmAfpQABDlURClLVRDWmu7BJcpWtIbCk6An5aoBEypaxswLM6RZQB7NH8MQYUXa3q8YFnv4iYoHTnTYvllsGoPz1C6KohZFlZJU36Y762MlxdE
p9BSqeaQS636MMrobYTmAfpQABDlURClLVRDWmu7BJc+3b+Zt5DV5Gg9EWCw0l9EI3EofTz/vUPi4ZuG6worDB117J+rR7aL2F69uaFE/pvFVrXNncbzYP+GGug2tMjG
p9BSqeaQS636MMrobYTmAfpQABDlURClLVRDWmu7BJc+3b+Zt5DV5Gg9EWCw0l9EI3EofTz/vUPi4ZuG6worDGM7R0p7ZgEruDslf7xVcsJFnwhWVT3kYKIk4Q8WoTsh
p9BSqeaQS636MMrobYTmAfpQABDlURClLVRDWmu7BJflKZj+AGgDBDGj5sc4BLyYgzIZd21LtO8lzIG3aRZDj4S8gGNP7I+mE1BoINoia21nvc2jaL7lm5mOF2AJyqBU
p9BSqeaQS636MMrobYTmAfpQABDlURClLVRDWmu7BJflKZj+AGgDBDGj5sc4BLyYgzIZd21LtO8lzIG3aRZDj9Qcdu1OZUgWXG3Qv2Ya0SLIoqVqoO5ZThXoIS5JWUiJ
p9BSqeaQS636MMrobYTmAfpQABDlURClLVRDWmu7BJflKZj+AGgDBDGj5sc4BLyYgzIZd21LtO8lzIG3aRZDj/OgIh/1Yf1MsV92XWcPO7iMkZ4A6s/W4I9wmNqHIsBP
p9BSqeaQS636MMrobYTmAfpQABDlURClLVRDWmu7BJflKZj+AGgDBDGj5sc4BLyYgzIZd21LtO8lzIG3aRZDjzQdf+WndB42tABHO37iHM+PMkkp/Vbf43KEXKk0Y84u
p9BSqeaQS636MMrobYTmAfpQABDlURClLVRDWmu7BJeznDzkmoxeTh4TH04tQGpYvZUHFvN0jb8KMzfu71ToEEXoLT2JZBwT7V8hTR187Zb1OTrK0eXa1oBwpl0YxfUS
p9BSqeaQS636MMrobYTmAfpQABDlURClLVRDWmu7BJeznDzkmoxeTh4TH04tQGpYvZUHFvN0jb8KMzfu71ToEPOTfQgZEjUPFZXacD8qvdkXUfDiSwDugpauhA81V9OY
p9BSqeaQS636MMrobYTmAfpQABDlURClLVRDWmu7BJeznDzkmoxeTh4TH04tQGpYvZUHFvN0jb8KMzfu71ToEDkYYjc2A5dfN9KL+bDT3wcFpZcMZzWIJSX3hVGNZS1+
p9BSqeaQS636MMrobYTmAfpQABDlURClLVRDWmu7BJeznDzkmoxeTh4TH04tQGpYvZUHFvN0jb8KMzfu71ToENzjejk1F//9TrSJZwedVLIZjMdLBOnOqSHU7pFsBc0o
p9BSqeaQS636MMrobYTmAfpQABDlURClLVRDWmu7BJehWB/a6eI7NidEGM1up/7uEw6BGEbcWyQZ15Y7/C9DTjA3Io9fcrJpWfWjvvnOaSCQ1Dq0mp4XsAGK53F9JouI
p9BSqeaQS636MMrobYTmAfpQABDlURClLVRDWmu7BJehWB/a6eI7NidEGM1up/7uEw6BGEbcWyQZ15Y7/C9DTrnkoN5zT6ojfkdoV8fwdD0uXdQhSgHATyk76hZvTfx3
p9BSqeaQS636MMrobYTmAfpQABDlURClLVRDWmu7BJf71becN8q0LeJo5MoQqxCwFAhwCL1So/jNHsBJ1+GIuqbJOFj2tx2ECSGjq8WuHv0RvslwMmacxQy0ewnaMcAE
p9BSqeaQS636MMrobYTmAfpQABDlURClLVRDWmu7BJf71becN8q0LeJo5MoQqxCwFAhwCL1So/jNHsBJ1+GIuhAYkZ1ysZqwwsDZ0uvOCyg39NGT+gIKwuX1NdVtJd58
p9BSqeaQS636MMrobYTmAfpQABDlURClLVRDWmu7BJf71becN8q0LeJo5MoQqxCwFAhwCL1So/jNHsBJ1+GIulD+NrBMnzMDC0GYHG0iORbbNuDD+6P4T8wS4hdk0dYk
p9BSqeaQS636MMrobYTmAfpQABDlURClLVRDWmu7BJf71becN8q0LeJo5MoQqxCwFAhwCL1So/jNHsBJ1+GIulVIMx1iifYSeMvxoKk981wLVg4foP8xDU1XmG9buefF
p9BSqeaQS636MMrobYTmAfpQABDlURClLVRDWmu7BJf71becN8q0LeJo5MoQqxCwFAhwCL1So/jNHsBJ1+GIutVsFb46P2Xa2QFARCzOvrHwaecT4On4XspFufiZLg0w
p9BSqeaQS636MMrobYTmAfpQABDlURClLVRDWmu7BJdbHDBuWFm0u2dylc2wUm4JAaH44Y+dDtDNNQ1foI6y27AvA95tRNImdu+CpTqwqktbOJCJMH3Rf6gw4v+APdOG
p9BSqeaQS636MMrobYTmAfpQABDlURClLVRDWmu7BJc6oPj2WRPg9j11k2d/tjji4870Hig05uAX+RLwhT6qCd0gc7aG0PLfMDRicfKpFQU2bcF+gPcPZmTsxDfXNYIb
p9BSqeaQS636MMrobYTmAfpQABDlURClLVRDWmu7BJc6oPj2WRPg9j11k2d/tjji4870Hig05uAX+RLwhT6qCeleP4Hl6LJumpM3zhXz7YKvUbKBiN8ubMhz9HPchUXZ
p9BSqeaQS636MMrobYTmAfpQABDlURClLVRDWmu7BJc6oPj2WRPg9j11k2d/tjji4870Hig05uAX+RLwhT6qCcdSIduH88V+wHBOGiFUPf+c4fMYnVTc6L66NaclFN30
p9BSqeaQS636MMrobYTmAfpQABDlURClLVRDWmu7BJc6oPj2WRPg9j11k2d/tjji4870Hig05uAX+RLwhT6qCVY8h1meqz8drLbZsmw9bP6XsiSjAXJSF3lMYTeFZxom
p9BSqeaQS636MMrobYTmAfpQABDlURClLVRDWmu7BJc6oPj2WRPg9j11k2d/tjji4870Hig05uAX+RLwhT6qCZyRizsyPeM/OjEmtg7i/sNVd37mUE6qF46EAWYKMka8
p9BSqeaQS636MMrobYTmAfpQABDlURClLVRDWmu7BJc6oPj2WRPg9j11k2d/tjji4870Hig05uAX+RLwhT6qCQZwXQGXsWlPHkXkPtagvvuMJYWIiUau55OIBn7K0OY/
p9BSqeaQS636MMrobYTmAfpQABDlURClLVRDWmu7BJcrZAla7y4DmdfUsngwD5XD/fzY8LdMinbEOL8ikwoWGUPq13ld2eqJCIUBjbkl/z/LCZ7HLz5K+Mo3RSHX+dUO
p9BSqeaQS636MMrobYTmAfpQABDlURClLVRDWmu7BJcrZAla7y4DmdfUsngwD5XD/fzY8LdMinbEOL8ikwoWGZmj8bxqNkXc+DqAS7SNvY51xqOi4TpHPFbrf6Z8sf8d
p9BSqeaQS636MMrobYTmAfpQABDlURClLVRDWmu7BJcrZAla7y4DmdfUsngwD5XD/fzY8LdMinbEOL8ikwoWGW/F89bIKw5A19IgcFa3Oo9bZC1gfYnKdH01jtJB2hW7
p9BSqeaQS636MMrobYTmAfpQABDlURClLVRDWmu7BJcrZAla7y4DmdfUsngwD5XD/fzY8LdMinbEOL8ikwoWGUb0Zsbd9d+yacZx6jTQpmP8v5k6+GiyNWgQ+7T26pHe
p9BSqeaQS636MMrobYTmAfpQABDlURClLVRDWmu7BJcrZAla7y4DmdfUsngwD5XD/fzY8LdMinbEOL8ikwoWGY8HFJVqR/nrKbjDUHaPfjO5Ye0Wdj7hGvpR8OetPDq8
p9BSqeaQS636MMrobYTmAfpQABDlURClLVRDWmu7BJcrZAla7y4DmdfUsngwD5XD/fzY8LdMinbEOL8ikwoWGQzzDcHfM16h5XoBjtjLUsQzcMGgeFlnGfB6xH8JeCyX
p9BSqeaQS636MMrobYTmAfpQABDlURClLVRDWmu7BJfetH7iymi6/52Epub1Z/cava8oMHF/JnC3Wiaws4W2F+I3VZGMqlw2FcTVPYh+LeiyX0RBLIZA513yetd8DEBB
p9BSqeaQS636MMrobYTmAfpQABDlURClLVRDWmu7BJfNRe2vnCEUvC6r4Dm/EdYsVU1kYDkGOvF49njWz/Oli0GefMl0sg4m7HzyurMlnRql3lYSKXBvKN/9+Lqsq443
p9BSqeaQS636MMrobYTmAfpQABDlURClLVRDWmu7BJfNRe2vnCEUvC6r4Dm/EdYsVU1kYDkGOvF49njWz/Oli5LEYxmh5cSO3lJy9K7D5mcqS166udPKjUQnMIb0BvZ0
p9BSqeaQS636MMrobYTmAfpQABDlURClLVRDWmu7BJfNRe2vnCEUvC6r4Dm/EdYsVU1kYDkGOvF49njWz/Oli8W6my/KTn5ND/HVkPMms6E/AZcVfSCJL8mixVRLARAQ
p9BSqeaQS636MMrobYTmAfpQABDlURClLVRDWmu7BJfNRe2vnCEUvC6r4Dm/EdYsVU1kYDkGOvF49njWz/Oli04CVEd+WdUQx9aS48p0jFzezA2bjjZB0CZyi3/L+L+M
p9BSqeaQS636MMrobYTmAfpQABDlURClLVRDWmu7BJfNRe2vnCEUvC6r4Dm/EdYsVU1kYDkGOvF49njWz/OlizKOlzFk3JQOm3ciAf5FJRJi5D1c0ETVBG+HC3543kgp
p9BSqeaQS636MMrobYTmAfpQABDlURClLVRDWmu7BJfNRe2vnCEUvC6r4Dm/EdYsVU1kYDkGOvF49njWz/Oli3yHiJNiq11CfEgDOoTbF+gWYQplir3FBwHHXi5p9qZQ
p9BSqeaQS636MMrobYTmAfpQABDlURClLVRDWmu7BJetRFNwsPbqOaze3BvbJ6mD3LSLqEJ84rdDl1yzQGnexPQMPmF3uE5Ux/vgUinOBuTyhbwqbZ5HBM1rIK2l/rGP
p9BSqeaQS636MMrobYTmAfpQABDlURClLVRDWmu7BJeq5QGX9Vf/cJ8CbWXHWajdLqXa3yaWt358fAwUEo0Xw9XnE45LYjcOuTgxJueZ0YCYOfPZmrEg1TV7KFmLmHlW
p9BSqeaQS636MMrobYTmAfpQABDlURClLVRDWmu7BJcTEgBUffrzcXaJ7PRWWgOJ2WsuX20F8vFxlt6G6A6orGKuqCMBMP7tTulZ3Wa2qcrCioKVN8pmmKQY69bUTDnw
p9BSqeaQS636MMrobYTmAfpQABDlURClLVRDWmu7BJdJxIA1MTOVGpi4VTWHyX7lrXca+feq5+R5wXud2Waj0+s5tYxlbxYOx/9nEr/WoeRYzF7xySf9Fk+1O3+Et2c5
p9BSqeaQS636MMrobYTmAfpQABDlURClLVRDWmu7BJcTs3p7aY+tIlc7wBXnSln0R/fru88koQSgHOL6DeDbkH6VPx8tqdoGxUMs5r3KAVvF2Y0pSnXWbBtltjVD3Gf0
p9BSqeaQS636MMrobYTmAfpQABDlURClLVRDWmu7BJcTs3p7aY+tIlc7wBXnSln0R/fru88koQSgHOL6DeDbkFX7VY+2+FTVMNgHgkCJLIpeWR2R8AawMiPMffSfafGu
p9BSqeaQS636MMrobYTmAfpQABDlURClLVRDWmu7BJcTs3p7aY+tIlc7wBXnSln0R/fru88koQSgHOL6DeDbkFl+JDUh4UT40DcLMg74R/biLSgtDReqiDhNqA9ZZjrG
p9BSqeaQS636MMrobYTmAfpQABDlURClLVRDWmu7BJcTs3p7aY+tIlc7wBXnSln0R/fru88koQSgHOL6DeDbkNSSjlcd+8GnQiNZQqFGNaAR+ChkUdIjaxlM97lQrJ60
p9BSqeaQS636MMrobYTmAfpQABDlURClLVRDWmu7BJcTs3p7aY+tIlc7wBXnSln0R/fru88koQSgHOL6DeDbkBUQEyB++67tFldfYxfa5O0roEbrYas5NwcGgfi2kPUf
p9BSqeaQS636MMrobYTmAfpQABDlURClLVRDWmu7BJcTs3p7aY+tIlc7wBXnSln0R/fru88koQSgHOL6DeDbkFNPUX/ApcamosaR5ShUeP1f2eY1DHr/HgdJT8693WIF
p9BSqeaQS636MMrobYTmAfpQABDlURClLVRDWmu7BJfisuW9FuQqE5LCRgfFdj6TtCmsAcaYL7Cq0fM9IQLU6lHUG846hd2PLg1lYLEoOkJ2at/+3uWvXYojCgop7fLi
p9BSqeaQS636MMrobYTmAfpQABDlURClLVRDWmu7BJfisuW9FuQqE5LCRgfFdj6TtCmsAcaYL7Cq0fM9IQLU6lXFB8+W/yOOMrLTWQZhkmsjSQiNRDV90xPQoDXyzVdp
p9BSqeaQS636MMrobYTmAfpQABDlURClLVRDWmu7BJfisuW9FuQqE5LCRgfFdj6TtCmsAcaYL7Cq0fM9IQLU6gQ/cqsemgRfQA6ouv1rzti8pD4F0J/Ly2goehCctB/Q
p9BSqeaQS636MMrobYTmAfpQABDlURClLVRDWmu7BJfisuW9FuQqE5LCRgfFdj6TtCmsAcaYL7Cq0fM9IQLU6pbrLKiFJfoDoIklGc+10D127P/q72lHBAI7q1fLNyve
p9BSqeaQS636MMrobYTmAfpQABDlURClLVRDWmu7BJfisuW9FuQqE5LCRgfFdj6TtCmsAcaYL7Cq0fM9IQLU6nKxkxAcsSQPUE+2Y/Bwac3C3aaLBNT5bSv3PK9TqNVp
p9BSqeaQS636MMrobYTmAfpQABDlURClLVRDWmu7BJfisuW9FuQqE5LCRgfFdj6TtCmsAcaYL7Cq0fM9IQLU6rWZ6upq67bu0U+LHQBpvx+dLtze9Uw/PBSOmWoRQgRX
p9BSqeaQS636MMrobYTmAfpQABDlURClLVRDWmu7BJcn2PtSXnEgWZIVxpeSyuYk03Xs1KrqXSoC5Knid5zdtvs/RHI8uGEQIdyej74pZlpAa41y3tb4T97IUAeDOW22
p9BSqeaQS636MMrobYTmAfpQABDlURClLVRDWmu7BJcn2PtSXnEgWZIVxpeSyuYk03Xs1KrqXSoC5Knid5zdthwxufM5OKNnroeFTJuGavSFGVP1ZNjGoVG4EHi8uaJL
p9BSqeaQS636MMrobYTmAfpQABDlURClLVRDWmu7BJcn2PtSXnEgWZIVxpeSyuYk03Xs1KrqXSoC5Knid5zdtpPAPXl2beBeaIN5iAHsPomNp/FjAMgaH4zHlxynFmZi
p9BSqeaQS636MMrobYTmAfpQABDlURClLVRDWmu7BJcn2PtSXnEgWZIVxpeSyuYk03Xs1KrqXSoC5Knid5zdtjNCCwd7ZJ1JGTbqrWoJ8OCuOr3BVur5+v/WezioJzJU
p9BSqeaQS636MMrobYTmAfpQABDlURClLVRDWmu7BJcn2PtSXnEgWZIVxpeSyuYk03Xs1KrqXSoC5Knid5zdttchzvrlnGPN49UwNNAtaNMXZqCDX0IxjumYrYzYp9S4
p9BSqeaQS636MMrobYTmAfpQABDlURClLVRDWmu7BJcn2PtSXnEgWZIVxpeSyuYk03Xs1KrqXSoC5Knid5zdtstK9pdr6ue062vClgVgYqzOm7fLnklB2PnITqYXuQhF
p9BSqeaQS636MMrobYTmAfpQABDlURClLVRDWmu7BJeZXUI8n/FJ2oZSbSyAFcYsuP3QjO+FWhYaD3Uu2SSkr5IKn/7cYplm3KlxhjWgg64fy6iswj9D1Wxz+NVrhrPd
p9BSqeaQS636MMrobYTmAfpQABDlURClLVRDWmu7BJeZXUI8n/FJ2oZSbSyAFcYsuP3QjO+FWhYaD3Uu2SSkr4g0mUIFD4imuDFviDPjS01bHv8dYpVcmu42QCuRt7Le
p9BSqeaQS636MMrobYTmAfpQABDlURClLVRDWmu7BJeZXUI8n/FJ2oZSbSyAFcYsuP3QjO+FWhYaD3Uu2SSkr8plJY44bka93p2zNHl5BCJ+z8v6A55jO9m6oWsYgGxa
p9BSqeaQS636MMrobYTmAfpQABDlURClLVRDWmu7BJeZXUI8n/FJ2oZSbSyAFcYsuP3QjO+FWhYaD3Uu2SSkr4p9ad1JuOHiinWlVClbX3zkCtQGgEz0/aJHsEWBKvQc
p9BSqeaQS636MMrobYTmAfpQABDlURClLVRDWmu7BJeZXUI8n/FJ2oZSbSyAFcYsuP3QjO+FWhYaD3Uu2SSkr6qdy3Gi4KT0u7XNNZrX+J6BqKluNjpCVyvdJoq6mXnd
p9BSqeaQS636MMrobYTmAfpQABDlURClLVRDWmu7BJeZXUI8n/FJ2oZSbSyAFcYsuP3QjO+FWhYaD3Uu2SSkrzCpvYAvvHS8eDONWj8QSV7NMXI8hqgfdmz8jf1NmEhm
p9BSqeaQS636MMrobYTmAfpQABDlURClLVRDWmu7BJfT+2HF7kg9QNrcclr1Txh3zaRDqhf+faD9RVSb/sCmBI5hPi7cXT9yP/CzhDF6SXiDxJ4KkoAomdvg6pmH8m3T
p9BSqeaQS636MMrobYTmAfpQABDlURClLVRDWmu7BJfT+2HF7kg9QNrcclr1Txh3zaRDqhf+faD9RVSb/sCmBAmLQrGq0sKd2XZAK1GivHASqTCRhB5+eNzz1nGUx0SY
p9BSqeaQS636MMrobYTmAfpQABDlURClLVRDWmu7BJfT+2HF7kg9QNrcclr1Txh3zaRDqhf+faD9RVSb/sCmBO80WnscztfaWaWvfHchkm8CvObPdDr7YMliGmf53OF8
p9BSqeaQS636MMrobYTmAfpQABDlURClLVRDWmu7BJfT+2HF7kg9QNrcclr1Txh3zaRDqhf+faD9RVSb/sCmBNMv4B+TW8fPYEomMfJQd+hqdY4rKRxwun3EgNVmuWhU
p9BSqeaQS636MMrobYTmAfpQABDlURClLVRDWmu7BJfT+2HF7kg9QNrcclr1Txh3zaRDqhf+faD9RVSb/sCmBLh0JBT3Fj9DkeFtsu+07WTpquPyXLoco54S/hetBs1j
p9BSqeaQS636MMrobYTmAfpQABDlURClLVRDWmu7BJfT+2HF7kg9QNrcclr1Txh3zaRDqhf+faD9RVSb/sCmBBrjmCLBMXIQYio7gbiid2mXH6XRM+9klQFVwNXh7J7q
p9BSqeaQS636MMrobYTmAfpQABDlURClLVRDWmu7BJfR4v1yMCDRcQu9F5PCWfhIW+e+sHTcBrkZYD+mm4dOGtV7Q4bHpjZpWUcb4zo0VNHDqqGM5fN3ufOYm70okyvk
p9BSqeaQS636MMrobYTmAfpQABDlURClLVRDWmu7BJfR4v1yMCDRcQu9F5PCWfhIW+e+sHTcBrkZYD+mm4dOGrZPBNZ/qO4jFaYEouEbFqzYChCFE+4WciLGalkbdGuJ
p9BSqeaQS636MMrobYTmAfpQABDlURClLVRDWmu7BJcZfoUOXxsjIKPIWv6+9gd5Rmu41jQonm+nkVlDFqotL/duS6wAQp1oOQeyeGG9W5gumkPmUeCg6SXN8FmGKBOZ
p9BSqeaQS636MMrobYTmAfpQABDlURClLVRDWmu7BJfR4v1yMCDRcQu9F5PCWfhIW+e+sHTcBrkZYD+mm4dOGqM6uOjVZEce1B43RuAeWjAiDzCKnMWRD70N7HBpYJOv
p9BSqeaQS636MMrobYTmAfpQABDlURClLVRDWmu7BJfR4v1yMCDRcQu9F5PCWfhIW+e+sHTcBrkZYD+mm4dOGttxcn+Gmm41oHWRX+Y2St4hRHHFiunEvq20SRqZBa0v
p9BSqeaQS636MMrobYTmAfpQABDlURClLVRDWmu7BJfR4v1yMCDRcQu9F5PCWfhIW+e+sHTcBrkZYD+mm4dOGhuINptFcxmyyVBPg5r5C8LiEswTTJFbY7OVS+GX9jl4
p9BSqeaQS636MMrobYTmAfpQABDlURClLVRDWmu7BJfR4v1yMCDRcQu9F5PCWfhIW+e+sHTcBrkZYD+mm4dOGn2FYlYgTYcXGsuf0+XVO6oBXlnLq1D/M1xdEOApv28q
p9BSqeaQS636MMrobYTmAfpQABDlURClLVRDWmu7BJdQVMN5djgLq9IavOya/+PJSBox4Sw6SmWQgU+bm8TvJzCdFNAtmZynOimBVxQvZPGFyqxWtvRc2663bn0c+5JZ
p9BSqeaQS636MMrobYTmAfpQABDlURClLVRDWmu7BJdQVMN5djgLq9IavOya/+PJSBox4Sw6SmWQgU+bm8TvJxtJ59rhwAkbGqCnhZ5PkaKpZUKySsSoqJUmtu6Rnm73
p9BSqeaQS636MMrobYTmAfpQABDlURClLVRDWmu7BJdQVMN5djgLq9IavOya/+PJSBox4Sw6SmWQgU+bm8TvJ8rt1hDOL/MuJeJ5w6/lzVPBjEO/OkzJ6ejhFgWmigTl
p9BSqeaQS636MMrobYTmAfpQABDlURClLVRDWmu7BJdQVMN5djgLq9IavOya/+PJSBox4Sw6SmWQgU+bm8TvJ1RN2R3a0Jh4CpTC2uZQrfvfl8B4vJrKZmupse/v1Lc7
p9BSqeaQS636MMrobYTmAfpQABDlURClLVRDWmu7BJdQVMN5djgLq9IavOya/+PJSBox4Sw6SmWQgU+bm8TvJ6Vh9J6hrlbR9nTkaLbGZyK0SjIVU5+9XK6eYV1mhQpw
p9BSqeaQS636MMrobYTmAfpQABDlURClLVRDWmu7BJdQVMN5djgLq9IavOya/+PJSBox4Sw6SmWQgU+bm8TvJ/I4Iip21nsh/8jCXNfy5C2GNHSl8+XSv6rpH3DL5muB
p9BSqeaQS636MMrobYTmAfpQABDlURClLVRDWmu7BJdwWNa5AAMQ6RYh1ENooX37NQbPav6BT4L3VHYh8P8amGCFck3VzXECxqSrEOqVDtKP0qXDXwTSzXyKBC2ANlB/
p9BSqeaQS636MMrobYTmAfpQABDlURClLVRDWmu7BJegKPFuqKzlRbKAb4QqAvsRHBtGYHRjVw2WrJvfcCFaf5Vmyz88hMJlBKEdJhDLbtHZdnE0hQ1f8ZUItbTt7R4S
p9BSqeaQS636MMrobYTmAfpQABDlURClLVRDWmu7BJdwr2DrQBeTLvK+YapT74O4tOlDSXzwT5g4KgaTGDNGEz6zyya7sH0dE3WXOuIBXkpanGcactC8H3ZYkSqptmsj
p9BSqeaQS636MMrobYTmAfpQABDlURClLVRDWmu7BJe//K18SQmoa4Q+CppN4cY/Vt9tgtbVbpyXyO+TAaJi03yVlgToyI5ZT8posL/5gQ/fCLWdwaDwAkOKSlT2qM6R
p9BSqeaQS636MMrobYTmAfpQABDlURClLVRDWmu7BJdR6Q+NqcVCZixHWN9Rr55crezM4Y5jKYNNU0coh3h5y0/Zb7f0mL1T6bdhVBdc9TSNpEFmU/8l/mKK82uJLbM8
p9BSqeaQS636MMrobYTmAfpQABDlURClLVRDWmu7BJczdq2Z16TOmJfZvuPSTKtVS0m7Vbp3vNXJSmAuwJVeia3kxVUzwRdww80xSUlz5uJsimFNqw02JuoFLi5xhGEv
p9BSqeaQS636MMrobYTmAfpQABDlURClLVRDWmu7BJczdq2Z16TOmJfZvuPSTKtVS0m7Vbp3vNXJSmAuwJVeiYZA9gPMLOs9VnUOBQChkEr9q2ocek3JlBZ6axUQjYAc
p9BSqeaQS636MMrobYTmAfpQABDlURClLVRDWmu7BJczdq2Z16TOmJfZvuPSTKtVS0m7Vbp3vNXJSmAuwJVeiU40PahEvJ6olg5tweFC+TBwiXiKJCJTQSReVKa0kzf9
p9BSqeaQS636MMrobYTmAfpQABDlURClLVRDWmu7BJczdq2Z16TOmJfZvuPSTKtVS0m7Vbp3vNXJSmAuwJVeiZEa2NUZuS/vHCbuLIaAbOmWUXfiulbF/Yq8RUI67GPo
p9BSqeaQS636MMrobYTmAfpQABDlURClLVRDWmu7BJczdq2Z16TOmJfZvuPSTKtVS0m7Vbp3vNXJSmAuwJVeiQafU1n3thK0KIpG0uXHfdfGNY9LcKQiHoDMVXNQ+hF7
p9BSqeaQS636MMrobYTmAfpQABDlURClLVRDWmu7BJczdq2Z16TOmJfZvuPSTKtVS0m7Vbp3vNXJSmAuwJVeid1OHHAsI56+RsP6z1D13AmBhcp2ubliJaLctRNaAC2E
p9BSqeaQS636MMrobYTmAfpQABDlURClLVRDWmu7BJckGreJhBTNiy+dGBWl2NtOc8bCfOjJNBzI8cLelzRp9STLMxMJ9N19VIfwj98NjOBNhEtmn7srgHVUp6C+sfXk
p9BSqeaQS636MMrobYTmAfpQABDlURClLVRDWmu7BJckGreJhBTNiy+dGBWl2NtOc8bCfOjJNBzI8cLelzRp9ctyqn1i26WxrfVyY2bYyozbITXott84oJz9ZU1Yrp1e
p9BSqeaQS636MMrobYTmAfpQABDlURClLVRDWmu7BJckGreJhBTNiy+dGBWl2NtOc8bCfOjJNBzI8cLelzRp9baqsmOI38X9L+u9icd2I04iC0euw4sCYnYn5rbiXPdS
p9BSqeaQS636MMrobYTmAfpQABDlURClLVRDWmu7BJckGreJhBTNiy+dGBWl2NtOc8bCfOjJNBzI8cLelzRp9QsHpSsTLibBm++559PZaJTwYqPHdwNMJtfFSfKN0gB8
p9BSqeaQS636MMrobYTmAfpQABDlURClLVRDWmu7BJckGreJhBTNiy+dGBWl2NtOc8bCfOjJNBzI8cLelzRp9QRVf6ZMUmunCkSO2rplTfIHauvFtbAC4sd0YfPjShF6
p9BSqeaQS636MMrobYTmAfpQABDlURClLVRDWmu7BJckGreJhBTNiy+dGBWl2NtOc8bCfOjJNBzI8cLelzRp9cst+DWGCiReNiPqeWaFSpyYZ1G+MBC40nxubJ1P6n5V
p9BSqeaQS636MMrobYTmAfpQABDlURClLVRDWmu7BJe8us0bSgwomdKz9pxxWo5JMrpDrGXEGkJ6rDDjGh9D3lIk1zq/xJQAtPbtdattSodjZg/qjxS6KfQUWPks2pxV
p9BSqeaQS636MMrobYTmAfpQABDlURClLVRDWmu7BJe8us0bSgwomdKz9pxxWo5JMrpDrGXEGkJ6rDDjGh9D3oufW1+ldHELXhGv3kAUgcQCARlyKOrbWYmHLQZQ9HxK
p9BSqeaQS636MMrobYTmAfpQABDlURClLVRDWmu7BJe8us0bSgwomdKz9pxxWo5JMrpDrGXEGkJ6rDDjGh9D3pPSCtCUyOuyEMsAbjIbhq6qAjP2P6YvRevCnZn61/mg
p9BSqeaQS636MMrobYTmAfpQABDlURClLVRDWmu7BJe8us0bSgwomdKz9pxxWo5JMrpDrGXEGkJ6rDDjGh9D3lTDHz9y71CLxo9YZKleJ+FdYHTE7cSCTTs59TyMI+9A
p9BSqeaQS636MMrobYTmAfpQABDlURClLVRDWmu7BJe8us0bSgwomdKz9pxxWo5JMrpDrGXEGkJ6rDDjGh9D3vgYkKD9lB0Ss6bvcNRiz+FLMroYVOXLdSVVR2za8mNT
p9BSqeaQS636MMrobYTmAfpQABDlURClLVRDWmu7BJe8us0bSgwomdKz9pxxWo5JMrpDrGXEGkJ6rDDjGh9D3qaQP9pibQDvKpGbX6sz9ij/pubaji9NaLpjSXcaLbKN
p9BSqeaQS636MMrobYTmAfpQABDlURClLVRDWmu7BJc0uIpZs6YlEefIpOMVBnzfhKt7ztEau2WhqrNswdLqj7QPcD1JSAYuQ091Tf98yXIT9SCVJ7GDXf9aHioHZRkb
p9BSqeaQS636MMrobYTmAfpQABDlURClLVRDWmu7BJc0uIpZs6YlEefIpOMVBnzfhKt7ztEau2WhqrNswdLqj886vClY2dB/OjWrI9GhEJRrKyOXuGI0Z/hTHgr/fT6e
p9BSqeaQS636MMrobYTmAfpQABDlURClLVRDWmu7BJc0uIpZs6YlEefIpOMVBnzfhKt7ztEau2WhqrNswdLqjzVM/1Y9LJFAMqZJJusGeknU9PJ84awsQ2wTbXtvPZFy
p9BSqeaQS636MMrobYTmAfpQABDlURClLVRDWmu7BJc0uIpZs6YlEefIpOMVBnzfhKt7ztEau2WhqrNswdLqj+FB5cYaEaRpGlk2wS8nqcL7ilth1I1qf3tAc/urFJTW
p9BSqeaQS636MMrobYTmAfpQABDlURClLVRDWmu7BJc0uIpZs6YlEefIpOMVBnzfhKt7ztEau2WhqrNswdLqjwfrieyWAdhQp/hgp23y7GQiYM/3a0q1aMUkV2EqAdpd
p9BSqeaQS636MMrobYTmAfpQABDlURClLVRDWmu7BJc0uIpZs6YlEefIpOMVBnzfhKt7ztEau2WhqrNswdLqj7Q2nAvr1Ka8IgrCCvetCSnIZa2kKMS6HRaPOavDvQGr
p9BSqeaQS636MMrobYTmAfpQABDlURClLVRDWmu7BJfK9RFO9o3lzKnVmrHtTJjbm7opjgpWSwhdNo2uagomIWsAdEt3AooQh18zZN9+fNv0IE2uSHhFjGKm3Wky5N5z
p9BSqeaQS636MMrobYTmAfpQABDlURClLVRDWmu7BJfK9RFO9o3lzKnVmrHtTJjbm7opjgpWSwhdNo2uagomIdvAnm1SW0RFtgu+1cO/DjI2O9ie44mBVve1YMMZHjhN
p9BSqeaQS636MMrobYTmAfpQABDlURClLVRDWmu7BJdZzSZ+dpXoVuopjFHh2U9uFvBd5Er6+8qvCx1sX8byKx5vG6e0ooKLva47Hi+LE0Xwze42AVWfpRReWEXmisdo
p9BSqeaQS636MMrobYTmAfpQABDlURClLVRDWmu7BJdZzSZ+dpXoVuopjFHh2U9uFvBd5Er6+8qvCx1sX8byK5I9W7WR8jnXvt2lZglBHtm0e/LLkR+uIWfu8lPs45Vo
p9BSqeaQS636MMrobYTmAfpQABDlURClLVRDWmu7BJdZzSZ+dpXoVuopjFHh2U9uFvBd5Er6+8qvCx1sX8byKzIAZOJ8Y574c7PPwUr1MQRR3aEFFlP/Qbk1e7Zx9pc8
p9BSqeaQS636MMrobYTmAfpQABDlURClLVRDWmu7BJdZzSZ+dpXoVuopjFHh2U9uFvBd5Er6+8qvCx1sX8byK4NELhWyJdNTpFEMdkZ1kjthD/dxJDTiO14EE0y2r1Ak
p9BSqeaQS636MMrobYTmAfpQABDlURClLVRDWmu7BJeccA6VPfmIrRp2s987b1ayVnWONUkL8DtHF1FIGV1oASSJ6yRUyU73Oi+v8Prin6OiA1QokItrjweVZxOQHJL7
p9BSqeaQS636MMrobYTmAfpQABDlURClLVRDWmu7BJeccA6VPfmIrRp2s987b1ayVnWONUkL8DtHF1FIGV1oAa8ssVojk2/23QlPvfJ0e7b5cvkaXJIdjmBdJ6lWu65x
p9BSqeaQS636MMrobYTmAfpQABDlURClLVRDWmu7BJeccA6VPfmIrRp2s987b1ayVnWONUkL8DtHF1FIGV1oAWgPXBplBj1uHWHlMOmfeZif3wUumw8VHgQwX8rbGlpL
p9BSqeaQS636MMrobYTmAfpQABDlURClLVRDWmu7BJeccA6VPfmIrRp2s987b1ayVnWONUkL8DtHF1FIGV1oAceTxXDeTodmVdaiDp0ShUXDLQsqcLAAcNvzfM5lBB3i
p9BSqeaQS636MMrobYTmAfpQABDlURClLVRDWmu7BJeccA6VPfmIrRp2s987b1ayVnWONUkL8DtHF1FIGV1oAZBu4GUIdeC3LSH4hzGIa+7jzMh5N6oOyh1hsXrYB7oa
p9BSqeaQS636MMrobYTmAfpQABDlURClLVRDWmu7BJeccA6VPfmIrRp2s987b1ayVnWONUkL8DtHF1FIGV1oAQpeUBQR0mXZk4AXxxMmjabUo2sk5dWm72WWIc9dtcTt
p9BSqeaQS636MMrobYTmAfpQABDlURClLVRDWmu7BJc8NLVHHVsqT7g+HBtQ8fqFdMryT17ANIrRH1uf6ppDxzLc7XMDREL2QaThWIjMkK/kJSLrE3SfFXjBcAO5gvIY
p9BSqeaQS636MMrobYTmAfpQABDlURClLVRDWmu7BJc8NLVHHVsqT7g+HBtQ8fqFdMryT17ANIrRH1uf6ppDx0OmSkNH+m5i++9ToHKuzkKMH+p2mo2mkqENq6lCNT3w
p9BSqeaQS636MMrobYTmAfpQABDlURClLVRDWmu7BJc8NLVHHVsqT7g+HBtQ8fqFdMryT17ANIrRH1uf6ppDx4Lv0uw+RSDRudgacboAiEBUHZPxxzkYlfKQDXEB5uZW
p9BSqeaQS636MMrobYTmAfpQABDlURClLVRDWmu7BJc8NLVHHVsqT7g+HBtQ8fqFdMryT17ANIrRH1uf6ppDx7ga8mYDTftRrh5K1NeDp8MXCEUUo3LTWx+tEsb52/IP
p9BSqeaQS636MMrobYTmAfpQABDlURClLVRDWmu7BJc8NLVHHVsqT7g+HBtQ8fqFdMryT17ANIrRH1uf6ppDxwrlNiYQJ7ybzdyHarDnx+IpMBbmuR3pkN07ga4Pfw0u
p9BSqeaQS636MMrobYTmAfpQABDlURClLVRDWmu7BJc8NLVHHVsqT7g+HBtQ8fqFdMryT17ANIrRH1uf6ppDxwk8Si/ER3jDaRwuCyep3Qc81eUM0OC46aATWMcauGC2
p9BSqeaQS636MMrobYTmAfpQABDlURClLVRDWmu7BJcny842LLk3r6K4m7MkbAjrz35ymT4MnQPasThvmTHMvMO/21Fc04rJWPiEmj8gCoLqb5ky59F8mIZzI6EXNp4U
p9BSqeaQS636MMrobYTmAfpQABDlURClLVRDWmu7BJcny842LLk3r6K4m7MkbAjrz35ymT4MnQPasThvmTHMvGQYXKfyTEn9Lha6MsQrpHb49ednT1/vWiE6BzIij6gw
p9BSqeaQS636MMrobYTmAfpQABDlURClLVRDWmu7BJcny842LLk3r6K4m7MkbAjrz35ymT4MnQPasThvmTHMvLWoqYnEsd6LGrznH/P821Z2EXR0Oc5IdwOyceQiSDfi
p9BSqeaQS636MMrobYTmAfpQABDlURClLVRDWmu7BJcny842LLk3r6K4m7MkbAjrz35ymT4MnQPasThvmTHMvLicTG8VqJzviz+yh+lKoJ9oiG9QWIUJRFls51lV1rD/
p9BSqeaQS636MMrobYTmAfpQABDlURClLVRDWmu7BJcny842LLk3r6K4m7MkbAjrz35ymT4MnQPasThvmTHMvOrOqiqvsW1uEYKEa4tiwTtxzXmUZ9ZqFaRqQDKKZirN
p9BSqeaQS636MMrobYTmAfpQABDlURClLVRDWmu7BJcny842LLk3r6K4m7MkbAjrz35ymT4MnQPasThvmTHMvDjYjfvvE3u+gPAezsAuNXcggdygQtZC4BAX7xwH6h2B
p9BSqeaQS636MMrobYTmAfpQABDlURClLVRDWmu7BJfIuhJNJ1KEg9AafM8H0CcvHf4hb50bnZlea8Wv3EKqPx6lLPlz0UjDVXxMtYXkf1PNAEQ2C8wLWfVMENa5aifr
p9BSqeaQS636MMrobYTmAfpQABDlURClLVRDWmu7BJfIuhJNJ1KEg9AafM8H0CcvHf4hb50bnZlea8Wv3EKqP8xlUXp54eCj618g8GLXG10VwS4PwRVHOJjRNAlc2iKV
p9BSqeaQS636MMrobYTmAfpQABDlURClLVRDWmu7BJfIuhJNJ1KEg9AafM8H0CcvHf4hb50bnZlea8Wv3EKqPyD54Q2P1lEjruTPxiSAltR2XBE1nPSBsb4mRdOv7ZxP
p9BSqeaQS636MMrobYTmAfpQABDlURClLVRDWmu7BJfIuhJNJ1KEg9AafM8H0CcvHf4hb50bnZlea8Wv3EKqP8w9MhJUEaNSmrIY1l7pYxuAEC3lq2v062ELaOwk/9l7
p9BSqeaQS636MMrobYTmAfpQABDlURClLVRDWmu7BJfIuhJNJ1KEg9AafM8H0CcvHf4hb50bnZlea8Wv3EKqP6vgZnH692CJ1jt3IJxRUR9wkCNzUFiKS6UxS4A9PwqQ
p9BSqeaQS636MMrobYTmAfpQABDlURClLVRDWmu7BJfIuhJNJ1KEg9AafM8H0CcvHf4hb50bnZlea8Wv3EKqPymmvB9L9l46/FBP7Tu02gp0f63llz0NjpY3ry8TISq0
p9BSqeaQS636MMrobYTmAfpQABDlURClLVRDWmu7BJf/fIRPikaDeVCkse8Czl4rZpKMpiqtqBiwe6G6QuMK7MCQkOAm3tN+m84hi/RmiAY66RrYq8lJLl33cTAJZeaZ
p9BSqeaQS636MMrobYTmAfpQABDlURClLVRDWmu7BJcEKoqJOIjsz+dX4IYg8Dd8C24etFWyHQRcZRpzI7UISdk3JDG7uXxypNC6UFfnslRGOX27Xo0fZXbAygY4w06C
p9BSqeaQS636MMrobYTmAfpQABDlURClLVRDWmu7BJcEKoqJOIjsz+dX4IYg8Dd8C24etFWyHQRcZRpzI7UISfwvbu5gwtwcZD4kE6rOnIvW68WU6ewzocIr+bKv42bp
p9BSqeaQS636MMrobYTmAfpQABDlURClLVRDWmu7BJcEKoqJOIjsz+dX4IYg8Dd8C24etFWyHQRcZRpzI7UISSF+ZJ/MJ+owm6bVxuIfqHivoxRdTJeu+I2GCvMs9wE6
p9BSqeaQS636MMrobYTmAfpQABDlURClLVRDWmu7BJcEKoqJOIjsz+dX4IYg8Dd8C24etFWyHQRcZRpzI7UISTxnrLOWiEAhgzFq1m35asmvg6vA+Ik5enTlsT6ZYmUh
p9BSqeaQS636MMrobYTmAfpQABDlURClLVRDWmu7BJcEKoqJOIjsz+dX4IYg8Dd8C24etFWyHQRcZRpzI7UISb44XBEo1RARd/20OBeHT6wtT52SnF5DpCUpYGOuZGJ8
p9BSqeaQS636MMrobYTmAfpQABDlURClLVRDWmu7BJcEKoqJOIjsz+dX4IYg8Dd8C24etFWyHQRcZRpzI7UISYwJScQEswt8v6oUp2DFfkC/3vN2miiWaX6CPd7me5xT
p9BSqeaQS636MMrobYTmAfpQABDlURClLVRDWmu7BJdDaHvqCd1qDV6PSRTZpGeIMpgPxa2v+mf7sKL8JokLx8iZ5dUTO2ao3RgHJLO6E6oAvZmwdG+onAD0Qw0z9Up/
p9BSqeaQS636MMrobYTmAfpQABDlURClLVRDWmu7BJdDaHvqCd1qDV6PSRTZpGeIMpgPxa2v+mf7sKL8JokLx7861ef4sptnD58ftCYrGP+0IqTN3HVS/i0LP92pUFR+
p9BSqeaQS636MMrobYTmAfpQABDlURClLVRDWmu7BJdDaHvqCd1qDV6PSRTZpGeIMpgPxa2v+mf7sKL8JokLx+BvblJRqSyQ8z7QIM1Cvw+/oZ64BYPFtp2fySBku9fI
p9BSqeaQS636MMrobYTmAfpQABDlURClLVRDWmu7BJdDaHvqCd1qDV6PSRTZpGeIMpgPxa2v+mf7sKL8JokLx2HlMwCbooQoegBofV5Qioe8qc6XsK+dPd4NtdxDrP1q
p9BSqeaQS636MMrobYTmAfpQABDlURClLVRDWmu7BJdDaHvqCd1qDV6PSRTZpGeIMpgPxa2v+mf7sKL8JokLx9+0fdL0hH1fSXfHYSKNBNxyN59z+qC4WB6JnCtRwsGT
p9BSqeaQS636MMrobYTmAfpQABDlURClLVRDWmu7BJdDaHvqCd1qDV6PSRTZpGeIMpgPxa2v+mf7sKL8JokLx4VvaoaijnERxmhY3j4Ei1GEj5d2LNGoK7MHmLM3uGN+
p9BSqeaQS636MMrobYTmAfpQABDlURClLVRDWmu7BJdUKs8j0bUSumlo0YBTELG4LKnopBYiW5crWp0sTsDyislxW2ITdcnt1EvC6HywVf3/+JOVcX0YkmlgcPAhNhJt
p9BSqeaQS636MMrobYTmAfpQABDlURClLVRDWmu7BJdUKs8j0bUSumlo0YBTELG4LKnopBYiW5crWp0sTsDyis7q8GymvatDcNhfwr/AY0DuTf7mJkp6D2EUtIlUhTUQ
p9BSqeaQS636MMrobYTmAfpQABDlURClLVRDWmu7BJdUKs8j0bUSumlo0YBTELG4LKnopBYiW5crWp0sTsDyiizPamwDp3gbcQe+PRFDbcO/d3voB33ozEusj65XoWtO
p9BSqeaQS636MMrobYTmAfpQABDlURClLVRDWmu7BJdUKs8j0bUSumlo0YBTELG4LKnopBYiW5crWp0sTsDyihqslqTTJZjF/Xb+x1/A7XGlQLrzXTp+jF9JScM53I5T
p9BSqeaQS636MMrobYTmAfpQABDlURClLVRDWmu7BJdUKs8j0bUSumlo0YBTELG4LKnopBYiW5crWp0sTsDyir4Q26dCO1gkxttiLN+Etqq+cXPq2M/AFiA7bIw65YXi
p9BSqeaQS636MMrobYTmAfpQABDlURClLVRDWmu7BJdUKs8j0bUSumlo0YBTELG4LKnopBYiW5crWp0sTsDyimv073j1dob1hMXk69DhpdeC3DzPCJJPPK4GtSebSnxA
p9BSqeaQS636MMrobYTmAfpQABDlURClLVRDWmu7BJcI1qxoOOh3VZ1LswvWm+ynTGlmTE7Dl5f/RK9YRYRoNeu9kYouwI5slTwL+XIqnhbMVwQOA17TrepuJEI6Ey0E
p9BSqeaQS636MMrobYTmAfpQABDlURClLVRDWmu7BJcI1qxoOOh3VZ1LswvWm+ynTGlmTE7Dl5f/RK9YRYRoNVdhPslUXzP1qFEmyJqg7NZB6mg8pt2m8jMN5xUFKAFv
p9BSqeaQS636MMrobYTmAfpQABDlURClLVRDWmu7BJcI1qxoOOh3VZ1LswvWm+ynTGlmTE7Dl5f/RK9YRYRoNZlKg0cHUPJcrHCpo1eFTq96rEmWNPWGKxj8NFvLRdK6
p9BSqeaQS636MMrobYTmAfpQABDlURClLVRDWmu7BJcI1qxoOOh3VZ1LswvWm+ynTGlmTE7Dl5f/RK9YRYRoNZK6QEJTraMUuPh+710bEVxLNQ5JWp4xj1mnijBOe4bY
p9BSqeaQS636MMrobYTmAfpQABDlURClLVRDWmu7BJcI1qxoOOh3VZ1LswvWm+ynTGlmTE7Dl5f/RK9YRYRoNfK4IKUxZGSI1YyCWYJ25UcjPJtLuNM0YxpQlo02k9xC
p9BSqeaQS636MMrobYTmAfpQABDlURClLVRDWmu7BJcI1qxoOOh3VZ1LswvWm+ynTGlmTE7Dl5f/RK9YRYRoNc3f0jolm0bgL+Mq9aUu/YXxr8z6CBhZIdsQoC67oHM6
p9BSqeaQS636MMrobYTmAfpQABDlURClLVRDWmu7BJc8LqjGDV50gqUbaiBztEFLy9SxlOI1N3CYfhWAsJvk+wq5FPBLbmQoO+KBewA8WpjqOg/TjFLGrU/F/G5boC8n
p9BSqeaQS636MMrobYTmAfpQABDlURClLVRDWmu7BJc8LqjGDV50gqUbaiBztEFLy9SxlOI1N3CYfhWAsJvk+4gUy3bxYm3qm4AIT897AeeVt36TuEwRiWLrW+GA0bBg
p9BSqeaQS636MMrobYTmAfpQABDlURClLVRDWmu7BJc8LqjGDV50gqUbaiBztEFLy9SxlOI1N3CYfhWAsJvk+xAMEcVD6udmP7td5AFr18r85MHv9k68OrRqDDlL1w2D
p9BSqeaQS636MMrobYTmAfpQABDlURClLVRDWmu7BJc8LqjGDV50gqUbaiBztEFLy9SxlOI1N3CYfhWAsJvk+9wgn6GpjrLlTSnDsj5sj8fRrpQ/DrkanWEP0u/Ea82n
p9BSqeaQS636MMrobYTmAfpQABDlURClLVRDWmu7BJc8LqjGDV50gqUbaiBztEFLy9SxlOI1N3CYfhWAsJvk+zLifzdmR2ApV4P0WXJBPX51gX5ifWzbyO95+RWZdyOi
p9BSqeaQS636MMrobYTmAfpQABDlURClLVRDWmu7BJc8LqjGDV50gqUbaiBztEFLy9SxlOI1N3CYfhWAsJvk+2LrNhJ3Tpgknb/9Sgq8NPL/QaDvVpMcFU4RVeUBbzr/
p9BSqeaQS636MMrobYTmAfpQABDlURClLVRDWmu7BJfQyuBBpBqKFgqfR5UHvVa63alJxMoK4I71eY8/tGcX+2Xrmeon329Rv55dfcZjW9jURjaR3kMsBMzv/OYQunFk
p9BSqeaQS636MMrobYTmAfpQABDlURClLVRDWmu7BJfQyuBBpBqKFgqfR5UHvVa63alJxMoK4I71eY8/tGcX+yeurrcxpN5/ma0exTEkqXJvxUHDG4FGrd7w+JOfKeNe
p9BSqeaQS636MMrobYTmAfpQABDlURClLVRDWmu7BJfQyuBBpBqKFgqfR5UHvVa63alJxMoK4I71eY8/tGcX+8hPMr0cKS+XT9cH3CVN1vtmKeNiCc3d6J9hKec83hGt
p9BSqeaQS636MMrobYTmAfpQABDlURClLVRDWmu7BJfQyuBBpBqKFgqfR5UHvVa63alJxMoK4I71eY8/tGcX+027/g0TT1a8jvBiCvqObtN7m4z1aED2N7UQQrE89WWx
p9BSqeaQS636MMrobYTmAfpQABDlURClLVRDWmu7BJfQyuBBpBqKFgqfR5UHvVa63alJxMoK4I71eY8/tGcX+x13WHZkEgq8D/a9cXeRmK5ZxoperXcrtPT4/NsPgUyM
p9BSqeaQS636MMrobYTmAfpQABDlURClLVRDWmu7BJfQyuBBpBqKFgqfR5UHvVa63alJxMoK4I71eY8/tGcX+xRj3IQpDlhEfcrLWdCd037KUmDPI8q8c8Vkn4RJ0sO5
p9BSqeaQS636MMrobYTmAfpQABDlURClLVRDWmu7BJcMQ/uPJ+UxCHNdfkaozFgtB65DMrv2dxf4vdGQhvNkvIDooviiO3qq8zThGhaBvvEPOVBqG9h34fVebI3JrtFh
p9BSqeaQS636MMrobYTmAfpQABDlURClLVRDWmu7BJdO6i0czHG5ziYT+4/WufvNSXNOApDmCFnwwNdrQhMiebYEZw+bG4Bki5jBQu6hznV0anmjylile6PFtsEZQgns
p9BSqeaQS636MMrobYTmAfpQABDlURClLVRDWmu7BJeLSNuKpgpA//WlMQjxawTJBKB1S6RwN5UuoOtUMr7n7RTnigzhMGqwATEW1pdyzui3A0JlZ3MV2mZdIXEdJu3Q
p9BSqeaQS636MMrobYTmAfpQABDlURClLVRDWmu7BJeBdxzNDO/4U2eE6+kr27+lzb52VEoKP0Tm0Ep46byNDW5C0Z+eMrm1Fc7OwwuCtQ6tqtVpUc96of7xEX+5QeuM
p9BSqeaQS636MMrobYTmAfpQABDlURClLVRDWmu7BJeBdxzNDO/4U2eE6+kr27+lzb52VEoKP0Tm0Ep46byNDX94IAKxefPJY2Jr+QdklasKzy2UNGc4OP8ZCXllY5h4
p9BSqeaQS636MMrobYTmAfpQABDlURClLVRDWmu7BJeBdxzNDO/4U2eE6+kr27+lzb52VEoKP0Tm0Ep46byNDbeJczPnls4pE/6ofURgof1BPKKHm3G6O92Y53mc8GDK
p9BSqeaQS636MMrobYTmAfpQABDlURClLVRDWmu7BJeBdxzNDO/4U2eE6+kr27+lzb52VEoKP0Tm0Ep46byNDWGWsGMeCEeiXYdj6/4+w1sZMcxsXxJ/4vprJCayibz4
p9BSqeaQS636MMrobYTmAfpQABDlURClLVRDWmu7BJeBdxzNDO/4U2eE6+kr27+lzb52VEoKP0Tm0Ep46byNDZjoL7A2AsxK1VAGpJ9a1VgIhzK9+EFq+y06Y7Fv3sEu
p9BSqeaQS636MMrobYTmAfpQABDlURClLVRDWmu7BJeBdxzNDO/4U2eE6+kr27+lzb52VEoKP0Tm0Ep46byNDYXnky96DufwmM9sV9agsbq9KKbzNy84XrAu8VLJQ++W
p9BSqeaQS636MMrobYTmAfpQABDlURClLVRDWmu7BJdWf3YtmTk40R0Oxyxkrka3MRSkofeCEMaan4tPOmIgOfqdR5oG3oTeW3AkOl8nduFuw0MYCquvrFNDh+UtDeCj
p9BSqeaQS636MMrobYTmAfpQABDlURClLVRDWmu7BJd6tAZvn4aQwTstlZI5bOKrNQ10lnvN+2efRiVCxjiGBvPVM7/JiV05FHHotQWg0MUIgzFJ2C/cvpTACPoxsd3q
p9BSqeaQS636MMrobYTmAfpQABDlURClLVRDWmu7BJdeUNvSXcn89bZjW6ajTI0JPA1HGcDhzC0Hwru8ER57thATo5VHvj9FX0mwWU6RibPziDCMjXUatiAQlyf9A1Qi
p9BSqeaQS636MMrobYTmAfpQABDlURClLVRDWmu7BJdeUNvSXcn89bZjW6ajTI0JPA1HGcDhzC0Hwru8ER57tgTtwAvqd2CjIEqe4GDfrDw9Xp2h8eS4pV/R8130cjcj
p9BSqeaQS636MMrobYTmAfpQABDlURClLVRDWmu7BJdeUNvSXcn89bZjW6ajTI0JPA1HGcDhzC0Hwru8ER57tkISLjYzdi0rD8tGc/OMZVnFKrDuDJWe4OcIfQUjuUjA
p9BSqeaQS636MMrobYTmAfpQABDlURClLVRDWmu7BJdeUNvSXcn89bZjW6ajTI0JPA1HGcDhzC0Hwru8ER57tmCtbW0IvFZwhEokNFFzykEI4jczfVixWjecrbSh1+V/
p9BSqeaQS636MMrobYTmAfpQABDlURClLVRDWmu7BJdeUNvSXcn89bZjW6ajTI0JPA1HGcDhzC0Hwru8ER57tkj42l7L7yjZ7FGMEgJJJffR4RB/j6/QKZMVdnRN+Gwr
p9BSqeaQS636MMrobYTmAfpQABDlURClLVRDWmu7BJdeUNvSXcn89bZjW6ajTI0JPA1HGcDhzC0Hwru8ER57tvkGFYypShQIgBv2WyIjOM5uxsJs7jJ3MPtU3D04dx9J
