GmcONIA9PFzHw1gpPLLPoqev3ytAH5KO3S/CJpMsylg=
35kyjVfwBJgytCi6KM5Vug==
FNt9orFfFSbPIXNSbXcP2Q==
gE2g7VQeqq0h5MkG44fPUw==
A4ZCFW7RnVRfEnbtNxUDb8VFIQmzxcIFLuiIjRY2q84=
cwgQW1UgxyVfBeSrdwXHsPE1eoSAri+NViVSjTYe4hg=
pYn3RyiaY4vz2unSybTHuw==
mAzeFbkWBGyzJRgEWJSZYQNn44wFaguEUnqkvHVinQw=
NiGef/LGs6v8Em6sqLz1GYGKB0111uCW/TAqgkiW0+w=
2lfNnhNY+w/3xMaMUxJbE0YFT/wvMlSDz8Vrd5FEs18=
p9BSqeaQS636MMrobYTmAfpQABDlURClLVRDWmu7BJemoPXOdiVtJ2tkHyWRddLsAJ+DSeHSJ1YK6TLhgMqgxLGS4c1xhXia7tFqX7e60yTYECauCBn5us8fZewBNjG2
p9BSqeaQS636MMrobYTmAfpQABDlURClLVRDWmu7BJemoPXOdiVtJ2tkHyWRddLsAJ+DSeHSJ1YK6TLhgMqgxL8uwonQ1c7uTFz32nn8ovuI98JTjZ+SBeWfCxgFH6fV
p9BSqeaQS636MMrobYTmAfpQABDlURClLVRDWmu7BJemoPXOdiVtJ2tkHyWRddLsAJ+DSeHSJ1YK6TLhgMqgxAE5dpVoMLL2YWMdTD2e6uHwICfVsQVgA6K6vhIXr2Q1
p9BSqeaQS636MMrobYTmAfpQABDlURClLVRDWmu7BJemoPXOdiVtJ2tkHyWRddLsAJ+DSeHSJ1YK6TLhgMqgxE49IXSUcKtRzUdvvgE+lm4EORGqJvI3526MmvmqRMX9
p9BSqeaQS636MMrobYTmAfpQABDlURClLVRDWmu7BJfPHKBPrwLMO5SyQsnRfriM3IqPMHWW19j9HTZnu7rU6P14/FTK+6LFhZSM2/tQ0UefJnqRwDp/LGlaEJCoBBpy
p9BSqeaQS636MMrobYTmAfpQABDlURClLVRDWmu7BJfPHKBPrwLMO5SyQsnRfriM3IqPMHWW19j9HTZnu7rU6DjxcoF+4+sVOVX31RIO5Ed77aO/e4IyUPoOAzf4xzKv
p9BSqeaQS636MMrobYTmAfpQABDlURClLVRDWmu7BJfPUWat8//hHbsj1JNKNUSMou916shhHQLHNPXg5CpfQ5VQd/7oRz4wd2i4E5u3EuRLJ0CflEOl4awAPHrKvyQc
p9BSqeaQS636MMrobYTmAfpQABDlURClLVRDWmu7BJfPUWat8//hHbsj1JNKNUSMou916shhHQLHNPXg5CpfQ5fnGA9WDSZX87iwrXhFf/L3mR+T6P8z/es0thBSuV5P
p9BSqeaQS636MMrobYTmAfpQABDlURClLVRDWmu7BJfPUWat8//hHbsj1JNKNUSMou916shhHQLHNPXg5CpfQyg3wvmdD2wzFVMkGqxaj2JvFFlxsZcbQq/S//W98Awk
p9BSqeaQS636MMrobYTmAfpQABDlURClLVRDWmu7BJfPUWat8//hHbsj1JNKNUSMou916shhHQLHNPXg5CpfQxnlsEgPBEXvfIbp6bwGaiq2yUgBnOFoo8zDdEvm+VBz
p9BSqeaQS636MMrobYTmAfpQABDlURClLVRDWmu7BJfPUWat8//hHbsj1JNKNUSMou916shhHQLHNPXg5CpfQ3dwWZRKsr5hBkZiq988jBiNo4IfBmZZtRpd0wCGoKF+
p9BSqeaQS636MMrobYTmAfpQABDlURClLVRDWmu7BJfPUWat8//hHbsj1JNKNUSMou916shhHQLHNPXg5CpfQzxnTH/2oZ9jB4v2oWisYpazHfFit83H9ab53QLjnXbQ
p9BSqeaQS636MMrobYTmAfpQABDlURClLVRDWmu7BJduki6Y8QqDtPserydTpFg1c0z9yVO14qNZ1Cr+2J1Hqk7qdbNs1KIvZ7Ij4oI/hHh+4OjJdqx6IhGhoHY4OwFG
p9BSqeaQS636MMrobYTmAfpQABDlURClLVRDWmu7BJduki6Y8QqDtPserydTpFg1c0z9yVO14qNZ1Cr+2J1HqrqGjMQR2o6zt1OJanVTNjc1opyR4UuhBaJAKepQkKqx
p9BSqeaQS636MMrobYTmAfpQABDlURClLVRDWmu7BJduki6Y8QqDtPserydTpFg1c0z9yVO14qNZ1Cr+2J1HqsHCoghnIKuOCy8ffEqGgJZ1Ee48mE/q5bUJFyg/8b/g
p9BSqeaQS636MMrobYTmAfpQABDlURClLVRDWmu7BJduki6Y8QqDtPserydTpFg1c0z9yVO14qNZ1Cr+2J1Hqlw98K74x8E5aahQhhLa2ZnYUtSmKoLlmThBkQes422z
p9BSqeaQS636MMrobYTmAfpQABDlURClLVRDWmu7BJduki6Y8QqDtPserydTpFg1c0z9yVO14qNZ1Cr+2J1HqmbkqHiE2ea+LbVr9HhtX+6WOaJC4JzWdFtQSTRSVbT/
p9BSqeaQS636MMrobYTmAfpQABDlURClLVRDWmu7BJduki6Y8QqDtPserydTpFg1c0z9yVO14qNZ1Cr+2J1Hqk3bbLqfH11nd7cWlCV/FVG9PdXXzcAX+NRoHj6SlexM
p9BSqeaQS636MMrobYTmAfpQABDlURClLVRDWmu7BJfLc6oK2JGyNUvzXX4EeEwjzNQS1hnD4IQTv3YeARa2msbIn462AsJjTSCzyAdajaV26gqcbebXSwab7SEjBLVx
p9BSqeaQS636MMrobYTmAfpQABDlURClLVRDWmu7BJfLc6oK2JGyNUvzXX4EeEwjzNQS1hnD4IQTv3YeARa2mgHc6JPFpTiebfUYfOKz7Rf63p0cdsryDAieuxBIixo0
p9BSqeaQS636MMrobYTmAfpQABDlURClLVRDWmu7BJfLc6oK2JGyNUvzXX4EeEwjzNQS1hnD4IQTv3YeARa2mg4UVpzEq7TeuFwUP6VfvxXqWn9tdJvUsZ4kc8G2YK1f
p9BSqeaQS636MMrobYTmAfpQABDlURClLVRDWmu7BJfLc6oK2JGyNUvzXX4EeEwjzNQS1hnD4IQTv3YeARa2mg8qPQQ3dbag3Yg87wWYJ6Edup0oqRWHwsRVQcMbjLJ4
p9BSqeaQS636MMrobYTmAfpQABDlURClLVRDWmu7BJfLc6oK2JGyNUvzXX4EeEwjzNQS1hnD4IQTv3YeARa2mu84tc9T+L/+n0ex06bYTqOSuutBbISQ08oWkUXL5shp
p9BSqeaQS636MMrobYTmAfpQABDlURClLVRDWmu7BJfLc6oK2JGyNUvzXX4EeEwjzNQS1hnD4IQTv3YeARa2mllHw+YnMwBzpr2RnlwsqObWkYl5472+gOnBaPBVMSX8
