GmcONIA9PFzHw1gpPLLPoqev3ytAH5KO3S/CJpMsylg=
35kyjVfwBJgytCi6KM5Vug==
FNt9orFfFSbPIXNSbXcP2Q==
gE2g7VQeqq0h5MkG44fPUw==
A4ZCFW7RnVRfEnbtNxUDb8VFIQmzxcIFLuiIjRY2q84=
cwgQW1UgxyVfBeSrdwXHsPE1eoSAri+NViVSjTYe4hg=
pYn3RyiaY4vz2unSybTHuw==
mAzeFbkWBGyzJRgEWJSZYQNn44wFaguEUnqkvHVinQw=
NiGef/LGs6v8Em6sqLz1GYGKB0111uCW/TAqgkiW0+w=
2lfNnhNY+w/3xMaMUxJbE0YFT/wvMlSDz8Vrd5FEs18=
p9BSqeaQS636MMrobYTmAfpQABDlURClLVRDWmu7BJftl6av8mWyxhYRy2/Q1kIHEEgAF8i7cGH4Huxkn7Ll874TViIJ3Mq/ISrzUIXqKWnS2o9c1yFR5/IcKn+EQ91O
p9BSqeaQS636MMrobYTmAfpQABDlURClLVRDWmu7BJftl6av8mWyxhYRy2/Q1kIHEEgAF8i7cGH4Huxkn7Ll828shMRGuuHqBynrYhuWtUngCYPPmTo8acAKt/Aw4ssG
p9BSqeaQS636MMrobYTmAfpQABDlURClLVRDWmu7BJftl6av8mWyxhYRy2/Q1kIHEEgAF8i7cGH4Huxkn7Ll8xjdH1AyTiKHHBflbf4ZCvakhTNUGaLUlxLZrhRkCW5F
p9BSqeaQS636MMrobYTmAfpQABDlURClLVRDWmu7BJftl6av8mWyxhYRy2/Q1kIHEEgAF8i7cGH4Huxkn7Ll89ZiO7u0Mx7Lre8NHX4COEGKbtYYn9XUxELFjDv0952a
p9BSqeaQS636MMrobYTmAfpQABDlURClLVRDWmu7BJfWfdMtXbmE7H6Rw2cT8PfkLSEK0GVJHvRRG5dcmhJINezCUB6qfiouwfW73vyvYWOcjCTOn8DNm/kVySuZHnB7
p9BSqeaQS636MMrobYTmAfpQABDlURClLVRDWmu7BJfWfdMtXbmE7H6Rw2cT8PfkLSEK0GVJHvRRG5dcmhJINZds5oGHvU3kBxjb1rJ0JyiSnnVysmB11YI8bBEGXtHW
p9BSqeaQS636MMrobYTmAfpQABDlURClLVRDWmu7BJdiiqpGOw4t0d1Je8SmWonqFe1YL+b9/pbSlRVcwTLHnTgWT7O0Vyt2lgGlaNjIpr1V63lMGJKIe0MxuwRoaOPp
p9BSqeaQS636MMrobYTmAfpQABDlURClLVRDWmu7BJdiiqpGOw4t0d1Je8SmWonqFe1YL+b9/pbSlRVcwTLHnZwusJ+Wpx9pwsJnHMWTYHIH5k+t+fkDY2nEdXxpkCIT
p9BSqeaQS636MMrobYTmAfpQABDlURClLVRDWmu7BJdiiqpGOw4t0d1Je8SmWonqFe1YL+b9/pbSlRVcwTLHnZmczBlft5/j8HwCsQs5N3p9fRDp0b6SagJOb+ofA7hv
p9BSqeaQS636MMrobYTmAfpQABDlURClLVRDWmu7BJdiiqpGOw4t0d1Je8SmWonqFe1YL+b9/pbSlRVcwTLHnVphMtPrqz7ykjqhyAOT9YJ/v3fIn/TUi3wDs+SLImaZ
p9BSqeaQS636MMrobYTmAfpQABDlURClLVRDWmu7BJdiiqpGOw4t0d1Je8SmWonqFe1YL+b9/pbSlRVcwTLHnVsgbDohTlnW7TUdpyozMH7zrh7yepR8RDqfwynNqZYq
p9BSqeaQS636MMrobYTmAfpQABDlURClLVRDWmu7BJdiiqpGOw4t0d1Je8SmWonqFe1YL+b9/pbSlRVcwTLHnchyKCCt5IABUuBbzgDgBQT9+xe+Zpq8Luw+zCcxG0q6
p9BSqeaQS636MMrobYTmAfpQABDlURClLVRDWmu7BJdJWiEl0PXQ4S+4+UM3GzJJp4BN7bDn2rypTD49ANnbnoYDY8MWjTFSG4UUlnu5gwpCH/LPUIvMHwqMcK++dYc1
p9BSqeaQS636MMrobYTmAfpQABDlURClLVRDWmu7BJdJWiEl0PXQ4S+4+UM3GzJJp4BN7bDn2rypTD49ANnbnrxwSVgm3U6b8as1N4YijTbrMyhLe3i0SnL57WMN6W3y
p9BSqeaQS636MMrobYTmAfpQABDlURClLVRDWmu7BJdJWiEl0PXQ4S+4+UM3GzJJp4BN7bDn2rypTD49ANnbnrTdOWXgnp0RWBiBXwAXFY2nsdnk3sTSC2wlHUb1iPsx
p9BSqeaQS636MMrobYTmAfpQABDlURClLVRDWmu7BJdJWiEl0PXQ4S+4+UM3GzJJp4BN7bDn2rypTD49ANnbnlIPBm8+DrSp8ljPMzirU65Qf4jATRrBYgW2hMR+BjJ7
p9BSqeaQS636MMrobYTmAfpQABDlURClLVRDWmu7BJdJWiEl0PXQ4S+4+UM3GzJJp4BN7bDn2rypTD49ANnbng/t5e/2tZ/ftToI4dqG9VWGbU7CJrnOeYnFRAaR92h2
p9BSqeaQS636MMrobYTmAfpQABDlURClLVRDWmu7BJdJWiEl0PXQ4S+4+UM3GzJJp4BN7bDn2rypTD49ANnbnjrrfTV4+akJlcAnIHyHs5kcXuxbqY0kszSeH8kyDrp/
p9BSqeaQS636MMrobYTmAfpQABDlURClLVRDWmu7BJffqaiZDxUeqxCYD7OfH+BgEXsHltcJTi8cjX8oQFrmNMXgmwIBivJS1HnKbsElyF+M6dDjaT5C2L6GvcMog1hm
p9BSqeaQS636MMrobYTmAfpQABDlURClLVRDWmu7BJffqaiZDxUeqxCYD7OfH+BgEXsHltcJTi8cjX8oQFrmNPFJ2PPhPXHOKiz2NlbhRJDd7CymbeaQsq2bPF1Uii2m
p9BSqeaQS636MMrobYTmAfpQABDlURClLVRDWmu7BJffqaiZDxUeqxCYD7OfH+BgEXsHltcJTi8cjX8oQFrmNIOuaRwGqZ/2WUbp2HGuzMMkwsvr7W/pC812ucQlxFey
p9BSqeaQS636MMrobYTmAfpQABDlURClLVRDWmu7BJffqaiZDxUeqxCYD7OfH+BgEXsHltcJTi8cjX8oQFrmNBNJuyZQFj7m8JWzqYa4weqM7X8mF+H8KLmRVbthyk0P
p9BSqeaQS636MMrobYTmAfpQABDlURClLVRDWmu7BJffqaiZDxUeqxCYD7OfH+BgEXsHltcJTi8cjX8oQFrmNHpg6TPLeWHhZ70XdWpjpfyHaPL7Lra1F4LIgOuKg7BW
p9BSqeaQS636MMrobYTmAfpQABDlURClLVRDWmu7BJffqaiZDxUeqxCYD7OfH+BgEXsHltcJTi8cjX8oQFrmNO5E36KjBhQMdSNA3Y01MwSZayM6kv9BStb4321xw63q
p9BSqeaQS636MMrobYTmAfpQABDlURClLVRDWmu7BJfcxjenuk6HrCCQ2tvDLjhGVM/gg4PTIlfb2MVgMFi5aM4vhk8my5OyONL9fi5pjC1uoShWy2r0pw2ffz73FUhF
p9BSqeaQS636MMrobYTmAfpQABDlURClLVRDWmu7BJfcxjenuk6HrCCQ2tvDLjhGVM/gg4PTIlfb2MVgMFi5aKhVeOK9Coe9tPOcqmZzrGpruc8EL9KCA8W6u7EtKbw+
p9BSqeaQS636MMrobYTmAfpQABDlURClLVRDWmu7BJcbedoJJF6bggvey1tg1j4vCUhkQQsRbX+/vJ7hrrhPMijgS9+5XE90lrMsObM3X2jJSIwXf55xQ5En1OeIc0aT
p9BSqeaQS636MMrobYTmAfpQABDlURClLVRDWmu7BJcbedoJJF6bggvey1tg1j4vCUhkQQsRbX+/vJ7hrrhPMoUKqdPz0dlD2FMXiOVFnhsLappkXLhwY+WEw883ZUa3
p9BSqeaQS636MMrobYTmAfpQABDlURClLVRDWmu7BJcbedoJJF6bggvey1tg1j4vCUhkQQsRbX+/vJ7hrrhPMqS6RMv77+zELZN2OaHbiL2SEE4x/vjZNWGTAxkyhp6W
p9BSqeaQS636MMrobYTmAfpQABDlURClLVRDWmu7BJcbedoJJF6bggvey1tg1j4vCUhkQQsRbX+/vJ7hrrhPMsh2HMfjlU+6OqowCVXIMEGGgBdmQOSnvii06zTX38Uu
p9BSqeaQS636MMrobYTmAfpQABDlURClLVRDWmu7BJd50HQkGJl5NO+oO8c7+IT4BoISRPHmnh/SFTMsIqbMQD2d6FxYB2dro9KU5o7BHo3zv9sKxz7/HXwd7n4poNfn
p9BSqeaQS636MMrobYTmAfpQABDlURClLVRDWmu7BJd50HQkGJl5NO+oO8c7+IT4BoISRPHmnh/SFTMsIqbMQDmP69IZJp5zK/sAOB9gW0ydxt7ocpFKjCkchwqhhykf
p9BSqeaQS636MMrobYTmAfpQABDlURClLVRDWmu7BJd50HQkGJl5NO+oO8c7+IT4BoISRPHmnh/SFTMsIqbMQGBZK9XTpjPcmJVxxnZklmJadlTeuuIh9KDcIYn5iqjF
p9BSqeaQS636MMrobYTmAfpQABDlURClLVRDWmu7BJd50HQkGJl5NO+oO8c7+IT4BoISRPHmnh/SFTMsIqbMQN4yVgB49j0+rwsAfd1MIyDRPxT2Pnd7Ci3p4Cgk0FW8
p9BSqeaQS636MMrobYTmAfpQABDlURClLVRDWmu7BJd50HQkGJl5NO+oO8c7+IT4BoISRPHmnh/SFTMsIqbMQHWFGvg3VA/vY4Rez/3TGQqw+7CBsHS+lSg6agq1jQn+
p9BSqeaQS636MMrobYTmAfpQABDlURClLVRDWmu7BJd50HQkGJl5NO+oO8c7+IT4BoISRPHmnh/SFTMsIqbMQE7q2tW5vFh6Q8CRQoNo8gIILMCqCpSE7eCpbDkgY8YN
p9BSqeaQS636MMrobYTmAfpQABDlURClLVRDWmu7BJfPi8doC3i8fMd8+VIzW0idoglhMxsVWvRaK9jBizPScOMVzcwvM3VKd9iW1CyCmqVThwshEnfOo6jeMD3ewzud
p9BSqeaQS636MMrobYTmAfpQABDlURClLVRDWmu7BJfPi8doC3i8fMd8+VIzW0idoglhMxsVWvRaK9jBizPScFXS8h10Y+foM278rJdWnSfl6zDxZ1Ov+aQ5LqSp+4Ya
p9BSqeaQS636MMrobYTmAfpQABDlURClLVRDWmu7BJfPi8doC3i8fMd8+VIzW0idoglhMxsVWvRaK9jBizPScDsLIbdHgJDncHOmIumG8ieBh/wVEWfiaBR64fSzIxad
p9BSqeaQS636MMrobYTmAfpQABDlURClLVRDWmu7BJc9XSrheYWG+gFuRQkVC8tP8guoQ+5J+R4pOPvoxv1TMED/c6OTaTEhasZMjXE1vXqKu+kTq+Whw58b8q5Y/8mZ
p9BSqeaQS636MMrobYTmAfpQABDlURClLVRDWmu7BJc9XSrheYWG+gFuRQkVC8tP8guoQ+5J+R4pOPvoxv1TMEHo6NnSc7o4UihVv3I073qWnRTwU0o9FHBWJe/Ui3mk
p9BSqeaQS636MMrobYTmAfpQABDlURClLVRDWmu7BJc9XSrheYWG+gFuRQkVC8tP8guoQ+5J+R4pOPvoxv1TMImqtquDejpbq57hsLA/A9sRiauo1bAJPUq9GfecSyNZ
p9BSqeaQS636MMrobYTmAfpQABDlURClLVRDWmu7BJeR0wdf9bMq2TXR0RQR1eI3o+gDkaSdkYzdarMrYdoSAOnPQ39TmyXYPY2IW19jVVONTvvgnchdUe6Tk3PNE80Q
p9BSqeaQS636MMrobYTmAfpQABDlURClLVRDWmu7BJeR0wdf9bMq2TXR0RQR1eI3o+gDkaSdkYzdarMrYdoSABpeluGO3zrtAewjXOwMKLGUaexlbLIMz/8WqZmzbZ3W
p9BSqeaQS636MMrobYTmAfpQABDlURClLVRDWmu7BJeR0wdf9bMq2TXR0RQR1eI3o+gDkaSdkYzdarMrYdoSAAaUFnSYt2Q9ooAEk8EP07Od1BM31+mhbk/2CCuRMJ3v
p9BSqeaQS636MMrobYTmAfpQABDlURClLVRDWmu7BJeR0wdf9bMq2TXR0RQR1eI3o+gDkaSdkYzdarMrYdoSACUiPbhcCdfnZFF41AxSMw4HoSGXymaeaeWQ6W8vOEiN
p9BSqeaQS636MMrobYTmAfpQABDlURClLVRDWmu7BJcCTmBCvm/VCAALDw9ZT8LApvg6yWRWoeBspVBHk69vVGTqirmetn6305hRex7id4cZEoAsWKTYX0FpE8Yu2NoP
p9BSqeaQS636MMrobYTmAfpQABDlURClLVRDWmu7BJcCTmBCvm/VCAALDw9ZT8LApvg6yWRWoeBspVBHk69vVD88HNbx6qrWuAS09zDILROdo//GZV0a3ug1dq0Dr0Yl
p9BSqeaQS636MMrobYTmAfpQABDlURClLVRDWmu7BJd5iE2uBdN2pWJAGPT5vBczmeoKUNE4NuzU2NCiHMWuCZPg8EFAjtUa8iOVxCOweKRnpO7toZOM+oP9q/nrw46Y
p9BSqeaQS636MMrobYTmAfpQABDlURClLVRDWmu7BJetWUG435XGNjvLb/lCfMJHP2TsCVT8MEhHuNBPpr+NeTxVJoKJnYmwuqna4AqP3pkBfcSjtGU3NxDDbHz7yINo
p9BSqeaQS636MMrobYTmAfpQABDlURClLVRDWmu7BJetWUG435XGNjvLb/lCfMJHP2TsCVT8MEhHuNBPpr+NebiIpDI0c4OQSfdJErYsTYkSyqtTyb84+TpJu5Mq55JR
p9BSqeaQS636MMrobYTmAfpQABDlURClLVRDWmu7BJetWUG435XGNjvLb/lCfMJHP2TsCVT8MEhHuNBPpr+Necl4Zm9OEfoOxMtTHGZ/MhgYH6hjCEusos604fpCoEOq
p9BSqeaQS636MMrobYTmAfpQABDlURClLVRDWmu7BJcEdvoDF10YJWXr+C4wCds9/J3O34DUaWYYU4wEKYpWZwJR6TPmqjCSZhiZXmnpoliZTOzdf5Gy+gVvcDPKtTIA
p9BSqeaQS636MMrobYTmAfpQABDlURClLVRDWmu7BJcEdvoDF10YJWXr+C4wCds9/J3O34DUaWYYU4wEKYpWZ9EWr4N6YmMzzEHreAiT8kye1EC8vefOoPCnPRqEqDQf
p9BSqeaQS636MMrobYTmAfpQABDlURClLVRDWmu7BJcEdvoDF10YJWXr+C4wCds9/J3O34DUaWYYU4wEKYpWZ3lPKuhyMo4v0rqimrfJ4/pFvxbZkoccxTS1wlz37otJ
p9BSqeaQS636MMrobYTmAfpQABDlURClLVRDWmu7BJcpeCBC+4kswvqj9nMokvrzYlndf/ZtHAZO15+OV/ULhvmG/Uavs4eqDz+0ZwBc2OhTOhQhKXFLZwABxAaQ0/VD
p9BSqeaQS636MMrobYTmAfpQABDlURClLVRDWmu7BJfXrp3MbbE8cH/79lnhBQ5q6hnv0qJgArBw+VvssPk1iF5WqVA081xi4tkhTQPhy4ByKHHTGpnCs+kVk2KqHUHV
p9BSqeaQS636MMrobYTmAfpQABDlURClLVRDWmu7BJdbTB4FXAQqo0di1ngKqnBBp+QzEHnuJGFrlBdDq9mcQ5CDkzskrA36oDv+lsQucthyiirhyggkqrdOvcWmmWl5
p9BSqeaQS636MMrobYTmAfpQABDlURClLVRDWmu7BJe06+MMJMy/fXntEV0QyskJWRI0Ht4XJvGrWunJ1uoq2lT3cQIbiPOeaGi3T9fTTzDyLjyxJT8sBprJcbYYvcl/
p9BSqeaQS636MMrobYTmAfpQABDlURClLVRDWmu7BJd1oXBWuUlFl0pWTBiTA3NhLOHLpXolDEP9EqxqkaIs04SOFVkrG55cOaw1TBc7i9jGKz3CVrx1aL7xrp8jJyoo
p9BSqeaQS636MMrobYTmAfpQABDlURClLVRDWmu7BJd1oXBWuUlFl0pWTBiTA3NhLOHLpXolDEP9EqxqkaIs05o3oI0rheSRgmh8Qv0w0kFGayg/Is3nZdx9+ZvYMzqz
p9BSqeaQS636MMrobYTmAfpQABDlURClLVRDWmu7BJd1oXBWuUlFl0pWTBiTA3NhLOHLpXolDEP9EqxqkaIs05EQc9yIsFY9BSVxLpuSXfEOgmBbnmnCpV6rJiv6+5jf
p9BSqeaQS636MMrobYTmAfpQABDlURClLVRDWmu7BJd1oXBWuUlFl0pWTBiTA3NhLOHLpXolDEP9EqxqkaIs06MZ5vp6v6ZzbAqcLYDSkWqjwweJLiG7Zs1msW9+A0Qq
p9BSqeaQS636MMrobYTmAfpQABDlURClLVRDWmu7BJd1oXBWuUlFl0pWTBiTA3NhLOHLpXolDEP9EqxqkaIs08mHDpJ6hxc4uwYFLyNZ1xZaVE5UTtsfHxHLNgw7ShW2
p9BSqeaQS636MMrobYTmAfpQABDlURClLVRDWmu7BJd1oXBWuUlFl0pWTBiTA3NhLOHLpXolDEP9EqxqkaIs049o9GTUmMRMCxEjL5reHVMh90LQGt0CW1o1V1xHxISd
