GmcONIA9PFzHw1gpPLLPoqev3ytAH5KO3S/CJpMsylg=
35kyjVfwBJgytCi6KM5Vug==
FNt9orFfFSbPIXNSbXcP2Q==
gE2g7VQeqq0h5MkG44fPUw==
A4ZCFW7RnVRfEnbtNxUDb8VFIQmzxcIFLuiIjRY2q84=
cwgQW1UgxyVfBeSrdwXHsPE1eoSAri+NViVSjTYe4hg=
pYn3RyiaY4vz2unSybTHuw==
mAzeFbkWBGyzJRgEWJSZYQNn44wFaguEUnqkvHVinQw=
NiGef/LGs6v8Em6sqLz1GYGKB0111uCW/TAqgkiW0+w=
2lfNnhNY+w/3xMaMUxJbE0YFT/wvMlSDz8Vrd5FEs18=
p9BSqeaQS636MMrobYTmAfpQABDlURClLVRDWmu7BJefKEmf10dNqfJiiZ+RA0RoJPFhEvvWCLaSTaTW/6ljJXRsRx8TVuEdRQUQ5Nq8ecJSFTjdzB+QiwKRp5PZE3U1
p9BSqeaQS636MMrobYTmAfpQABDlURClLVRDWmu7BJefKEmf10dNqfJiiZ+RA0RoJPFhEvvWCLaSTaTW/6ljJSp2uiwM9W739Yy0q5F0eYT8kLQs+mdx5jSUGFZO1Tnv
p9BSqeaQS636MMrobYTmAfpQABDlURClLVRDWmu7BJefKEmf10dNqfJiiZ+RA0RoJPFhEvvWCLaSTaTW/6ljJcaK/UB3+YW0dzJ40E2qPZwiII4ga5T2eAE9BaW5GZcl
p9BSqeaQS636MMrobYTmAfpQABDlURClLVRDWmu7BJefKEmf10dNqfJiiZ+RA0RoJPFhEvvWCLaSTaTW/6ljJRPVa1WTO24auWqqLHlAPKnm8i5c1qFCSsCjG/eiNyNZ
p9BSqeaQS636MMrobYTmAfpQABDlURClLVRDWmu7BJefKEmf10dNqfJiiZ+RA0RoJPFhEvvWCLaSTaTW/6ljJR+KI+QAqpu2burCDq9zPArZ6gsecMLDUGcGKq8NUsbP
p9BSqeaQS636MMrobYTmAfpQABDlURClLVRDWmu7BJefKEmf10dNqfJiiZ+RA0RoJPFhEvvWCLaSTaTW/6ljJXNcBzBoaDVHrM5zbAvN/9xZvhwfW/fiYekJz3eBsBBt
p9BSqeaQS636MMrobYTmAfpQABDlURClLVRDWmu7BJftGjJtv4H/k2PfK8shz1xv+HU0IPYCcCiQ048QhfY6TEb6ZvSj6IpgaLqTP0+aH4ojcjlX006KzA0BoE0FMqvF
p9BSqeaQS636MMrobYTmAfpQABDlURClLVRDWmu7BJftGjJtv4H/k2PfK8shz1xv+HU0IPYCcCiQ048QhfY6TMjyN+Ygr29YBR+bGCsL8BXC1H50OmMxKd15o/FUIRHt
p9BSqeaQS636MMrobYTmAfpQABDlURClLVRDWmu7BJftGjJtv4H/k2PfK8shz1xv+HU0IPYCcCiQ048QhfY6THutcGWWbqz9czEXQXIr3r80E2C8DgnBkvEIB5Dd0NDg
p9BSqeaQS636MMrobYTmAfpQABDlURClLVRDWmu7BJftGjJtv4H/k2PfK8shz1xv+HU0IPYCcCiQ048QhfY6TDOl06GCEfQv1bEoBgIoJFPoWAMCIYx9ZU8s/YcuezIA
p9BSqeaQS636MMrobYTmAfpQABDlURClLVRDWmu7BJftGjJtv4H/k2PfK8shz1xv+HU0IPYCcCiQ048QhfY6TMp96zvhYZgjAaKI4/kVepuqu0tJS/mOXmtswXRO3Z6S
p9BSqeaQS636MMrobYTmAfpQABDlURClLVRDWmu7BJftGjJtv4H/k2PfK8shz1xv+HU0IPYCcCiQ048QhfY6TOgHZ1XbT5SSN1E72AmWYDhcGsAUUvryFpcYwA7xX6Ua
p9BSqeaQS636MMrobYTmAfpQABDlURClLVRDWmu7BJeG/9Ye03sPTjZhpyYQzrRJ8hyzjGHXVQm07YIAe/Njyr/X+/ECwZ6S84FyGuPuRhpCvRxCO1Ro4zbe15FDxLKxx3OUWkkLrycryGiASDi8J/yMtdQz2/BtH77PE6ZNYBejTtkQ0VvIIYc2NiybqjoD
p9BSqeaQS636MMrobYTmAfpQABDlURClLVRDWmu7BJcG/50WUlY8L0s6T01Ey/Yu/EXpx3gUh76I/ezJ7xtTelwR53sVE5VvyRV5jt846zm6zjf2r0OmIzMb6u1kb1rY
p9BSqeaQS636MMrobYTmAfpQABDlURClLVRDWmu7BJc6olAGFnOM3GBa/K5LgEgrjghJrTv9uIUe5DltNKnDAoCEYtXOx4/LHOWRFvbunKmygrUKc9oEtzoLXhTWVD/K
p9BSqeaQS636MMrobYTmAfpQABDlURClLVRDWmu7BJc6olAGFnOM3GBa/K5LgEgrjghJrTv9uIUe5DltNKnDAq/kCkO80lYkkE5DUYtJpY8OhTxRxhuNKAKXg8MEM7Tk
p9BSqeaQS636MMrobYTmAfpQABDlURClLVRDWmu7BJc6olAGFnOM3GBa/K5LgEgrjghJrTv9uIUe5DltNKnDAoqZzM/MUMeMUxMdbgTJcqa7fB7csHmsT8GsNSmbw1Nx
p9BSqeaQS636MMrobYTmAfpQABDlURClLVRDWmu7BJc6olAGFnOM3GBa/K5LgEgrjghJrTv9uIUe5DltNKnDAhFHcn9mfvc52z3egJ0FCqyvW6G54ORAEX0RsvMuwuYW
p9BSqeaQS636MMrobYTmAfpQABDlURClLVRDWmu7BJc6olAGFnOM3GBa/K5LgEgrjghJrTv9uIUe5DltNKnDApvAP6NDfd7Ox6sB1HPu97Ls7LN8OlW393mq7FoiuJfx
p9BSqeaQS636MMrobYTmAfpQABDlURClLVRDWmu7BJcbd3y12BcQYgzcIgow8Qfi0aEbngsqUVjvwBJvfzcp7cFkymOeq44Ts6g2MCldce/ySpo/6GPEfW5lwVr0MAIe
p9BSqeaQS636MMrobYTmAfpQABDlURClLVRDWmu7BJcbd3y12BcQYgzcIgow8Qfi0aEbngsqUVjvwBJvfzcp7eBPlalYjFgCoJehOYrzn1q9QMRZQKRrsBMBvW6BATJU
p9BSqeaQS636MMrobYTmAfpQABDlURClLVRDWmu7BJcbd3y12BcQYgzcIgow8Qfi0aEbngsqUVjvwBJvfzcp7YCjcMr9dtMz1M4R+IWBycK76z0zPnn2qFTjvprlIq83
p9BSqeaQS636MMrobYTmAfpQABDlURClLVRDWmu7BJfSBBUAaHI/EpKJEsZSfDikCzoXIKrdb3YmKQ34jL7q/CM/T9eeJjOw8ADIRhz2TDSyyy4a8KLXta0+3sTI5y/W
p9BSqeaQS636MMrobYTmAfpQABDlURClLVRDWmu7BJfSBBUAaHI/EpKJEsZSfDikCzoXIKrdb3YmKQ34jL7q/C161rVr4L8zAsRt0sdZjhJAUF7Pk44Lwk563XAx2U4a
p9BSqeaQS636MMrobYTmAfpQABDlURClLVRDWmu7BJfSBBUAaHI/EpKJEsZSfDikCzoXIKrdb3YmKQ34jL7q/CZvCNcozse51QBzOI/kycEbaM/aMtGjQgEXi+VOpgzV
p9BSqeaQS636MMrobYTmAfpQABDlURClLVRDWmu7BJdeWpWFBz61swTPZMTj8k3Rg5Iws7JKi5VeZFV45niIZc7B1oggbJPfSPMCk5RxzNGasI2RzNsP8NVCghn/6uKB
p9BSqeaQS636MMrobYTmAfpQABDlURClLVRDWmu7BJdeWpWFBz61swTPZMTj8k3Rg5Iws7JKi5VeZFV45niIZRqXPsT0HQifqE1qyYL88Tn7E4fX2FGUx5u6yQvP0+GM
p9BSqeaQS636MMrobYTmAfpQABDlURClLVRDWmu7BJdeWpWFBz61swTPZMTj8k3Rg5Iws7JKi5VeZFV45niIZQwpStOdGwHpzbd0BOCogeGz0D70ciAuq+8DK8yNqrro
p9BSqeaQS636MMrobYTmAfpQABDlURClLVRDWmu7BJdeWpWFBz61swTPZMTj8k3Rg5Iws7JKi5VeZFV45niIZSobZLUjCAAGePoxa4n6hhknTNwvg8tuZcz53VDn+rMD
p9BSqeaQS636MMrobYTmAfpQABDlURClLVRDWmu7BJdeWpWFBz61swTPZMTj8k3Rg5Iws7JKi5VeZFV45niIZaWlYlwP/ugVHGLjtuExwvdE3e6R2IVpJ5WA71zXWpHh
p9BSqeaQS636MMrobYTmAfpQABDlURClLVRDWmu7BJfswIEDisjnTzZbCqBDew19lknQJaG8Lf7NiEBxF0F4BS0drjpt3cvlIW7jiCkFhg+iFzmePpRzO/mDOt0y2z69
p9BSqeaQS636MMrobYTmAfpQABDlURClLVRDWmu7BJfeZx4LgdZMBsnysFfH10OGV5uf4mr+YZUkOr38FOLpHE4haXTgZgR7o1ATzwHuVid1a09qPYsAQjwIbl9bj2vy
p9BSqeaQS636MMrobYTmAfpQABDlURClLVRDWmu7BJfeZx4LgdZMBsnysFfH10OGV5uf4mr+YZUkOr38FOLpHOsmt3mfYUbaDwO7OmrSlvzEsFPqcEXdG6hzfoqB5yV5
p9BSqeaQS636MMrobYTmAfpQABDlURClLVRDWmu7BJfeZx4LgdZMBsnysFfH10OGV5uf4mr+YZUkOr38FOLpHLMJlZB7Kgzjx6txVtpV3fQQllwn4A6MkX0d/oJJSKM4
p9BSqeaQS636MMrobYTmAfpQABDlURClLVRDWmu7BJfeZx4LgdZMBsnysFfH10OGV5uf4mr+YZUkOr38FOLpHH68qYqPyU32gRU2rDh8Rs0DvQecAGdtX43eCTyXKxBa
p9BSqeaQS636MMrobYTmAfpQABDlURClLVRDWmu7BJfeZx4LgdZMBsnysFfH10OGV5uf4mr+YZUkOr38FOLpHGlqrZSEc0mDgxxO5A0rFxPxhREHhRIV8TBX8doLNuTD
p9BSqeaQS636MMrobYTmAfpQABDlURClLVRDWmu7BJfeZx4LgdZMBsnysFfH10OGV5uf4mr+YZUkOr38FOLpHNo3eNbFCVRN3T4/iZj49OGo/2NPpRXAY/W82VCeceVo
p9BSqeaQS636MMrobYTmAfpQABDlURClLVRDWmu7BJdqLgRSqejiWsAMNujyNlhX0SGXGuf+xu1FAxvzYovdktZyIIPy5byUtPjkGfDWRUDdbIZWqvp16ejmDnEr9Tuo
p9BSqeaQS636MMrobYTmAfpQABDlURClLVRDWmu7BJdqLgRSqejiWsAMNujyNlhX0SGXGuf+xu1FAxvzYovdkjXUfKFyP/C0q4+0v1mELCFwsAmDy6gt79mJtIR6uikH
p9BSqeaQS636MMrobYTmAfpQABDlURClLVRDWmu7BJdqLgRSqejiWsAMNujyNlhX0SGXGuf+xu1FAxvzYovdkkz1RdbZJOP/OmOycCXkqKMjYPvfZxMgL3S9wf7+wfdX
p9BSqeaQS636MMrobYTmAfpQABDlURClLVRDWmu7BJdqLgRSqejiWsAMNujyNlhX0SGXGuf+xu1FAxvzYovdkuht2u1umqmF9vw/5RMsPIlLtjRWifvpqZdOJenxzqD7
p9BSqeaQS636MMrobYTmAfpQABDlURClLVRDWmu7BJdqLgRSqejiWsAMNujyNlhX0SGXGuf+xu1FAxvzYovdkjOkB0eQMSTKXgoP8+T1y7ReBi41VMszk02RDQUruu+3
p9BSqeaQS636MMrobYTmAfpQABDlURClLVRDWmu7BJdqLgRSqejiWsAMNujyNlhX0SGXGuf+xu1FAxvzYovdkk/leGiNexoJE+BghXRvTpLnpcWhKjxhZN2AWQyEr41E
p9BSqeaQS636MMrobYTmAfpQABDlURClLVRDWmu7BJeAdM8vjMgnk4xcqWbUKVsPSAik6ZnY9yiSJjbCP377uwn3DUxYSk8+cDxok6RmRlroaVItgkT9i5w/GcGwrtzA
p9BSqeaQS636MMrobYTmAfpQABDlURClLVRDWmu7BJeAdM8vjMgnk4xcqWbUKVsPSAik6ZnY9yiSJjbCP377u3uVmwgNtriAf26NViCnQezELVY4KJ4326bXWBGLZzLi
p9BSqeaQS636MMrobYTmAfpQABDlURClLVRDWmu7BJeAdM8vjMgnk4xcqWbUKVsPSAik6ZnY9yiSJjbCP377u4DWDWGPt/PNCq1cQRIIomK9vSKWRaU192KP0eFqf052
p9BSqeaQS636MMrobYTmAfpQABDlURClLVRDWmu7BJeAdM8vjMgnk4xcqWbUKVsPSAik6ZnY9yiSJjbCP377u3Vz7GTqoNyWNiXVjLcDvUyvdqfIneSSUNdMcE+aWkNE
p9BSqeaQS636MMrobYTmAfpQABDlURClLVRDWmu7BJeAdM8vjMgnk4xcqWbUKVsPSAik6ZnY9yiSJjbCP377ux77goS27phOMyZJzCIVryKb6XPBdJVIk929OQU3tXzR
p9BSqeaQS636MMrobYTmAfpQABDlURClLVRDWmu7BJeAdM8vjMgnk4xcqWbUKVsPSAik6ZnY9yiSJjbCP377u+HkJVcFkut6cgJ8LF6WPzs5j4uEM3TtgoJvtRZmkPiA
p9BSqeaQS636MMrobYTmAfpQABDlURClLVRDWmu7BJeM5T3Go0EF7cqqNgQHimEmJUdnQ3aYKhH77touhE4avQu4SEcO4ZmM943aKPuD6rocpUxg5ckzFC0fAdSuIpH2
p9BSqeaQS636MMrobYTmAfpQABDlURClLVRDWmu7BJeM5T3Go0EF7cqqNgQHimEmJUdnQ3aYKhH77touhE4avX5LWmqtS6bZqnBl5g9xEyTZPpgjnG5DID6b24ZXbJdQ
p9BSqeaQS636MMrobYTmAfpQABDlURClLVRDWmu7BJeM5T3Go0EF7cqqNgQHimEmJUdnQ3aYKhH77touhE4avenXRtyvn3iXfVf+okIhFTtM78HnyaNw7BSxz8gZO9tS
p9BSqeaQS636MMrobYTmAfpQABDlURClLVRDWmu7BJeM5T3Go0EF7cqqNgQHimEmJUdnQ3aYKhH77touhE4avTmP8sv9tl31ixJXMlx96FEM07KRjGTiRI8cq8npJ8RZ
p9BSqeaQS636MMrobYTmAfpQABDlURClLVRDWmu7BJeM5T3Go0EF7cqqNgQHimEmJUdnQ3aYKhH77touhE4avcKo+3hUW/SrZXWF8pI7GFDj5B+bPCxv3qDTB0pjLQcX
p9BSqeaQS636MMrobYTmAfpQABDlURClLVRDWmu7BJeM5T3Go0EF7cqqNgQHimEmJUdnQ3aYKhH77touhE4avfOEU5I8v/uOmqp/sPJ3vQ3k3UG/RmRvvQkaa7NDdwCx
p9BSqeaQS636MMrobYTmAfpQABDlURClLVRDWmu7BJecBEV07UsjaijZobr1r06E9EQuD/WYmLjDSNM4zPsHMDtOlYg5lguypz3/2hYWBJORWotRXZWhjdKyU7ggKzyI
p9BSqeaQS636MMrobYTmAfpQABDlURClLVRDWmu7BJeVDi1xfFWAVGUXz2cT8OACFdUx45AyQyEsU+Jku5p8MOPxpGlE4+OWr/0j4vSJqtodSsPzgKgunlOQuU3KdxXe
p9BSqeaQS636MMrobYTmAfpQABDlURClLVRDWmu7BJcwcgrG6trUeHPhH/cd1ucA1On0Kb0rZs41vbZU7DDmQanb3huAtiqbF2VKWQ3BvzbtVlU8ehWZWMcqVf8HLi/e
p9BSqeaQS636MMrobYTmAfpQABDlURClLVRDWmu7BJe1FHoBqfCJxpfV6g246Dv7B4mvyQBrm1CRsHWr/o9YOb0er3uof5/wX/OiNcwOjeq4KYInT3ovh6WDU6qglRmN
p9BSqeaQS636MMrobYTmAfpQABDlURClLVRDWmu7BJe1FHoBqfCJxpfV6g246Dv7B4mvyQBrm1CRsHWr/o9YOTdomUFVS6F08HIhhuEVeFhAkWlHs5W7f9Vl/CWAssTI
p9BSqeaQS636MMrobYTmAfpQABDlURClLVRDWmu7BJe1FHoBqfCJxpfV6g246Dv7B4mvyQBrm1CRsHWr/o9YOS9hGLnDGvc/pJjI4DxA+R3Z4yDZSDcyMX97A3jpw6Mb
p9BSqeaQS636MMrobYTmAfpQABDlURClLVRDWmu7BJe1FHoBqfCJxpfV6g246Dv7B4mvyQBrm1CRsHWr/o9YOcg/A/7/408XTluR6h+FbiqPtICXNVcNxpw4VJ79n7yX
p9BSqeaQS636MMrobYTmAfpQABDlURClLVRDWmu7BJe1FHoBqfCJxpfV6g246Dv7B4mvyQBrm1CRsHWr/o9YObikUHTIGvc+ZsnCw6FKeJ/4sGpQpsYUg6Jidl6Bz8ag
p9BSqeaQS636MMrobYTmAfpQABDlURClLVRDWmu7BJe1FHoBqfCJxpfV6g246Dv7B4mvyQBrm1CRsHWr/o9YObUDstoqPSX6S27xtLkLVRjafk5n9UQlz6uPmtPr9gvI
p9BSqeaQS636MMrobYTmAfpQABDlURClLVRDWmu7BJcHd8G3q7JzpFJ6Xv7AqJOlRqTV93a3kCe4helHOBq2B5EFVJXHBDmE3re+bPw44FaWn5nCb0H8AfB07KUnPYH+
p9BSqeaQS636MMrobYTmAfpQABDlURClLVRDWmu7BJebUkfl7UZgDx2s62+P96BuXzMWco5l59oeO/tEtweGusO+swq6RLCrXRUugg5dnsSMjlWE9huCvItlbz5TFg9l
p9BSqeaQS636MMrobYTmAfpQABDlURClLVRDWmu7BJdmeBE9beQ+d/llYCZ0yvscp8ULkOpDEaEYrokWDhDc2ulN0Xy1gVa/Bqh6YlfdRreUU5OsiJUTUlWtBcjQGkuZ
p9BSqeaQS636MMrobYTmAfpQABDlURClLVRDWmu7BJdmeBE9beQ+d/llYCZ0yvscp8ULkOpDEaEYrokWDhDc2muhFAFg2eZmLgGNXPAXAl8M12ewqNpbpaD8Hl2DOXgx
p9BSqeaQS636MMrobYTmAfpQABDlURClLVRDWmu7BJdmeBE9beQ+d/llYCZ0yvscp8ULkOpDEaEYrokWDhDc2liF2TuBdPb2WujOu3zKsBRBvJlrP3q0PzqBfh+Mnaon
p9BSqeaQS636MMrobYTmAfpQABDlURClLVRDWmu7BJdmeBE9beQ+d/llYCZ0yvscp8ULkOpDEaEYrokWDhDc2sLh8eqSqip0c6kVgkRiHCkHTOglXi6fg3yFhGm42Yfq
p9BSqeaQS636MMrobYTmAfpQABDlURClLVRDWmu7BJdmeBE9beQ+d/llYCZ0yvscp8ULkOpDEaEYrokWDhDc2jeIPZ8bZRvTFV7eMn7G3mfxVNlVWPZrcvdPE54NdZaN
p9BSqeaQS636MMrobYTmAfpQABDlURClLVRDWmu7BJdmeBE9beQ+d/llYCZ0yvscp8ULkOpDEaEYrokWDhDc2k8jeKBMkm0vcbmROfd6YZszsj+rQ/EDtP1L4uvcqKW3
p9BSqeaQS636MMrobYTmAfpQABDlURClLVRDWmu7BJepgwJW85Y5y2a3JZmKGRTPNowTJS8un/ZhGQI6YMByBmZY0KNgrC1Wuc0gnOZb3rhL+zXlbouSmuLpnlRhUfid
p9BSqeaQS636MMrobYTmAfpQABDlURClLVRDWmu7BJepgwJW85Y5y2a3JZmKGRTPNowTJS8un/ZhGQI6YMByBn+7CFyFCiRD7y7Jek8/PVbH+QUixXlNBWPDm/zHVQ0j
p9BSqeaQS636MMrobYTmAfpQABDlURClLVRDWmu7BJepgwJW85Y5y2a3JZmKGRTPNowTJS8un/ZhGQI6YMByBrigFifGXhJU7YDGASx6GSnW4/l7zYtbH5+r/l0o+aZ9
p9BSqeaQS636MMrobYTmAfpQABDlURClLVRDWmu7BJepgwJW85Y5y2a3JZmKGRTPNowTJS8un/ZhGQI6YMByBgMbs3lYya+u0CgAoxrZ2D/GbINgxU4FuiFIl06FSMsZ
p9BSqeaQS636MMrobYTmAfpQABDlURClLVRDWmu7BJepgwJW85Y5y2a3JZmKGRTPNowTJS8un/ZhGQI6YMByBmBRIwF/JijrABTauGBLjYZz7MWSuh7UgpJtxL8CMLOt
p9BSqeaQS636MMrobYTmAfpQABDlURClLVRDWmu7BJepgwJW85Y5y2a3JZmKGRTPNowTJS8un/ZhGQI6YMByBpsrXFk0JgSI1oNXJtPjeNp0DiAaJT7gFjl0XQibOs3+
p9BSqeaQS636MMrobYTmAfpQABDlURClLVRDWmu7BJcDYDb08LLoqySX/y7BwyGkrxP2FOMjS/K/0n0km9HqBAfwFNdXLsKBR2u4k9YLuPWuW/X+HE7CQLcMhDdGhPwm
p9BSqeaQS636MMrobYTmAfpQABDlURClLVRDWmu7BJcDYDb08LLoqySX/y7BwyGkrxP2FOMjS/K/0n0km9HqBMVvvJpqGN44ADKsZdgN0+rFqpW/9H6EXJHTUSaWIPto
p9BSqeaQS636MMrobYTmAfpQABDlURClLVRDWmu7BJcDYDb08LLoqySX/y7BwyGkrxP2FOMjS/K/0n0km9HqBLb9nP1wY+UbQPbnSMPHjJ5nVxmTWgaG3FJ7AIaQt+LX
p9BSqeaQS636MMrobYTmAfpQABDlURClLVRDWmu7BJcDYDb08LLoqySX/y7BwyGkrxP2FOMjS/K/0n0km9HqBFxQ4aRjuijf/CrK295mOLq5j3OEw13tVKyM59izsPgR
p9BSqeaQS636MMrobYTmAfpQABDlURClLVRDWmu7BJcDYDb08LLoqySX/y7BwyGkrxP2FOMjS/K/0n0km9HqBJwpuqjKhjlMdQ5EB3cqC0Cwoe/hPLJZLilpJfGU9ka/
p9BSqeaQS636MMrobYTmAfpQABDlURClLVRDWmu7BJcDYDb08LLoqySX/y7BwyGkrxP2FOMjS/K/0n0km9HqBP7yG8bFi6NTbYrkEouqo49XOqBcPTTdjatXkOj6U8NE
p9BSqeaQS636MMrobYTmAfpQABDlURClLVRDWmu7BJfs0TdmtbIhQ6JgmVxXQ7p9Pqf3SY5xuznJv2fG25rQCkLGmqwcnOlz/eciuqQdyqDrO5NMQwt6muLuBWZd8bFl
p9BSqeaQS636MMrobYTmAfpQABDlURClLVRDWmu7BJfs0TdmtbIhQ6JgmVxXQ7p9Pqf3SY5xuznJv2fG25rQClASc1gObu1lJFZLv/t/RYcwxJibXlK6468nKo2jG4fb
p9BSqeaQS636MMrobYTmAfpQABDlURClLVRDWmu7BJfs0TdmtbIhQ6JgmVxXQ7p9Pqf3SY5xuznJv2fG25rQCl8tOFku9X0p5MSq9KvVEiuo4sqONUK0uZ7yknyAJcf2
p9BSqeaQS636MMrobYTmAfpQABDlURClLVRDWmu7BJfs0TdmtbIhQ6JgmVxXQ7p9Pqf3SY5xuznJv2fG25rQCvPaWPlZx6MtMWV5qhqFflaNClJ6O+d0m++dT3neVCE0
p9BSqeaQS636MMrobYTmAfpQABDlURClLVRDWmu7BJfs0TdmtbIhQ6JgmVxXQ7p9Pqf3SY5xuznJv2fG25rQCnMr/WayWn2rZbVvfvMSOlbwtXDchcEt5U03jaJkRWhy
p9BSqeaQS636MMrobYTmAfpQABDlURClLVRDWmu7BJfs0TdmtbIhQ6JgmVxXQ7p9Pqf3SY5xuznJv2fG25rQChyWgzqTakkGv9P2axGHWVWakEKjlZkAkkna8jlrVL8+
p9BSqeaQS636MMrobYTmAfpQABDlURClLVRDWmu7BJfUZazjlrIQfRGvEAqPOu5PHV9sMAj0toqRGwPBlKgYOeenHa8RX5dqP4402lxczWa3fWUfFQgAhQDPRUVlgNwk
p9BSqeaQS636MMrobYTmAfpQABDlURClLVRDWmu7BJfUZazjlrIQfRGvEAqPOu5PHV9sMAj0toqRGwPBlKgYOWpOSW33+0b2c803MmLdFyMUAeXeZphqU4UX38WIMWeK
p9BSqeaQS636MMrobYTmAfpQABDlURClLVRDWmu7BJfUZazjlrIQfRGvEAqPOu5PHV9sMAj0toqRGwPBlKgYOaFl0nNmN+uhMjUdmBjtrwtvsxlLSJfdl9HXSFMoeFpi
p9BSqeaQS636MMrobYTmAfpQABDlURClLVRDWmu7BJcwloVZlf3haNVjUeICmM9uwFH1EUw/1I31UPuzHZCgUAmiEVuk+9+XbH9zYvi5b/XxD8as5NbvC2iUuDf9knro
p9BSqeaQS636MMrobYTmAfpQABDlURClLVRDWmu7BJcwloVZlf3haNVjUeICmM9uwFH1EUw/1I31UPuzHZCgUHxbFHcfyy/0Rm9gMOKsdJPM+sIoOtreSVR9p8eN/FqU
p9BSqeaQS636MMrobYTmAfpQABDlURClLVRDWmu7BJcwloVZlf3haNVjUeICmM9uwFH1EUw/1I31UPuzHZCgUMrmFcuRhh/gzr5/fELxS+DVEX8MaUVDCJ4Ew8/1m1PB
p9BSqeaQS636MMrobYTmAfpQABDlURClLVRDWmu7BJdypXNCO42Yb9NwojibAkhFM/q1Q7bhCOCAolYwe7vAOAKak1PSZITjbeAjb7WnsgfCfPMUInywQ9kCyWIM767i
p9BSqeaQS636MMrobYTmAfpQABDlURClLVRDWmu7BJdMvi7VF1ravZuTW2RL2sLjI5jLcWsi8WRfSiABTJbQWKoKC854gXoettr9asgsu9mmeNMutYBJMCyZg4Pr6fhU
p9BSqeaQS636MMrobYTmAfpQABDlURClLVRDWmu7BJdMvi7VF1ravZuTW2RL2sLjI5jLcWsi8WRfSiABTJbQWCEaCu8V0H+Ao9gGTZOYo3WMHqDP+V6gUueEsuD5ZeW9
p9BSqeaQS636MMrobYTmAfpQABDlURClLVRDWmu7BJdMvi7VF1ravZuTW2RL2sLjI5jLcWsi8WRfSiABTJbQWMhTtjKHgbKOep1TTnt4uSK+y0GokxKMsZ/oxOKaq25w
p9BSqeaQS636MMrobYTmAfpQABDlURClLVRDWmu7BJdMvi7VF1ravZuTW2RL2sLjI5jLcWsi8WRfSiABTJbQWNrZHLCHB8GOA6k651yPKm8w25TE5pXJ/kC1B2JlSoRk
p9BSqeaQS636MMrobYTmAfpQABDlURClLVRDWmu7BJdMvi7VF1ravZuTW2RL2sLjI5jLcWsi8WRfSiABTJbQWHSev5UXc4kw4iSnks0tFsiIUdU6t9q7aVyQxx72RIXJ
p9BSqeaQS636MMrobYTmAfpQABDlURClLVRDWmu7BJdMvi7VF1ravZuTW2RL2sLjI5jLcWsi8WRfSiABTJbQWAIa9r2LBS5C+hYyi/jljBLjSd5DrtVEoq6IcdlLasbq
p9BSqeaQS636MMrobYTmAfpQABDlURClLVRDWmu7BJf8cs+qZJdu69x8JGmIMLtSAMyklUk9iTIUxRwGsB+KuSwd0Nep2wSmh8fBQrp3LZvmxzwn5g233yKicdoDDVsh
p9BSqeaQS636MMrobYTmAfpQABDlURClLVRDWmu7BJf8cs+qZJdu69x8JGmIMLtSAMyklUk9iTIUxRwGsB+KuTZcg0WU5+ZyQledcIrQB2O6uU98TDLYxh1fk5wt3L1q
p9BSqeaQS636MMrobYTmAfpQABDlURClLVRDWmu7BJf8cs+qZJdu69x8JGmIMLtSAMyklUk9iTIUxRwGsB+KuaUPVwd+8kD67Ne1sLgQAcTufDQ8aUzaSRL34GUlOpcM
p9BSqeaQS636MMrobYTmAfpQABDlURClLVRDWmu7BJf8cs+qZJdu69x8JGmIMLtSAMyklUk9iTIUxRwGsB+KuZ2Rq0k/ASvAwzGn7ugMHfZKI2kGZjqrVBhgzKSgWEMI
p9BSqeaQS636MMrobYTmAfpQABDlURClLVRDWmu7BJf8cs+qZJdu69x8JGmIMLtSAMyklUk9iTIUxRwGsB+KuflVnO2y4HyGn8sCjqj3/qD86Q7dGk//ITs3/gzD8uvp
p9BSqeaQS636MMrobYTmAfpQABDlURClLVRDWmu7BJf8cs+qZJdu69x8JGmIMLtSAMyklUk9iTIUxRwGsB+KueJylR8FdJIaA01JUmCFXVSRpnF+AGeWYXArhMfxMHmc
p9BSqeaQS636MMrobYTmAfpQABDlURClLVRDWmu7BJdydgA9c8P5J119vCH/p8vVfkXdqhomgIwZDXS44ZaNyraWtEycWbaF1bIBaoJHWjFiPCrrs86imy1/2JgFjCzm
p9BSqeaQS636MMrobYTmAfpQABDlURClLVRDWmu7BJdydgA9c8P5J119vCH/p8vVfkXdqhomgIwZDXS44ZaNysQ3knpjnQZkIsJyBKS4xXCIZ8gkQzH/vFypwAdGD0Un
p9BSqeaQS636MMrobYTmAfpQABDlURClLVRDWmu7BJdydgA9c8P5J119vCH/p8vVfkXdqhomgIwZDXS44ZaNygWCwNBwM++sKOD3n8zIphGBMJU/gH7eMGZECaCekgRE
p9BSqeaQS636MMrobYTmAfpQABDlURClLVRDWmu7BJdydgA9c8P5J119vCH/p8vVfkXdqhomgIwZDXS44ZaNyvPObpZpkHSKh9wYnGzrt4fNhv8ITc5sv0Sl69Zp1YJM
p9BSqeaQS636MMrobYTmAfpQABDlURClLVRDWmu7BJduS6CPiB5e9CiNCHOJkZiK9Z42BWclnEEt+/jMe9rYTUrRmmmF0KsH6RPXx01lIAbuWzX225RMRO+QUAR6lH2E
p9BSqeaQS636MMrobYTmAfpQABDlURClLVRDWmu7BJduS6CPiB5e9CiNCHOJkZiK9Z42BWclnEEt+/jMe9rYTRCnd3dWsPKgHcCVw6COwgbxjC4mgdOC7sb3u3z53e3C
p9BSqeaQS636MMrobYTmAfpQABDlURClLVRDWmu7BJfW0b3qgt+7QjDBmFXxl9PgM20dLlK5v8WPh8abokZ/mb7358jAAcWBtEmXeNq1lKmQ0Xdcl60ozA15BALF5RUu
p9BSqeaQS636MMrobYTmAfpQABDlURClLVRDWmu7BJfW0b3qgt+7QjDBmFXxl9PgM20dLlK5v8WPh8abokZ/mXMhLxauPVqefLJx3cZIpoPzcyaB63CBqdFNBHAmdWwi
p9BSqeaQS636MMrobYTmAfpQABDlURClLVRDWmu7BJfW0b3qgt+7QjDBmFXxl9PgM20dLlK5v8WPh8abokZ/mXG8BY6UmW4/eTyZydTdDD7hK9jH93vHcB43XLhUxAKu
p9BSqeaQS636MMrobYTmAfpQABDlURClLVRDWmu7BJfW0b3qgt+7QjDBmFXxl9PgM20dLlK5v8WPh8abokZ/mUmnwnaleMZSoRDLaFNNgidPiIsWyzD+r1cXt8q00ZAS
p9BSqeaQS636MMrobYTmAfpQABDlURClLVRDWmu7BJfW0b3qgt+7QjDBmFXxl9PgM20dLlK5v8WPh8abokZ/mRV+Vd6PGChostKXAsIvBjSG7e+E0PatyxVdNet7H5dr
p9BSqeaQS636MMrobYTmAfpQABDlURClLVRDWmu7BJfW0b3qgt+7QjDBmFXxl9PgM20dLlK5v8WPh8abokZ/mZvRJG4ujakRolOmXXyeC8SLTbYgeM2r67oC/0J+MfU3
p9BSqeaQS636MMrobYTmAfpQABDlURClLVRDWmu7BJez+X8w223uTYFx8FYnUlEQMbdZvoAD/4XUmXWX5yo5d41uizxwGGh69jqVKfgRFANpUHN2CUOA66bopHdRsbCT
p9BSqeaQS636MMrobYTmAfpQABDlURClLVRDWmu7BJez+X8w223uTYFx8FYnUlEQMbdZvoAD/4XUmXWX5yo5d5EeqIsVnyRnEddzSKIPV88RUH9rZrnPKunjJbHYzKVj
p9BSqeaQS636MMrobYTmAfpQABDlURClLVRDWmu7BJclYxthIjCM/0u0xuT8Ul0fyLzbAHOS6ZGklhoOd+4n4+ANTJffDrbNDRIYGQGOW46WSbkKBb3YrCXeqfDB8y6S
p9BSqeaQS636MMrobYTmAfpQABDlURClLVRDWmu7BJclYxthIjCM/0u0xuT8Ul0fyLzbAHOS6ZGklhoOd+4n41bqfY6B+GqIM7U/nC+6JSe+mkzjZxZV+dHSVV7T4TeI
p9BSqeaQS636MMrobYTmAfpQABDlURClLVRDWmu7BJclYxthIjCM/0u0xuT8Ul0fyLzbAHOS6ZGklhoOd+4n43lVNrR65fSGxOv5Y8fP36h4+KEpuAfBcgBi7xNOmjMi
p9BSqeaQS636MMrobYTmAfpQABDlURClLVRDWmu7BJclYxthIjCM/0u0xuT8Ul0fyLzbAHOS6ZGklhoOd+4n49mfGWlA242dgXTIAcyIolevQQdD9swYzGkLWxZDUIM4
p9BSqeaQS636MMrobYTmAfpQABDlURClLVRDWmu7BJcR5wVaweZEOI9o5O/7GycFMsOgNH47atRcjVnTsmK7OxAfnoCi9WxbK7r+M4plGWmkRlkpVPG5vowzJcN6oC83
p9BSqeaQS636MMrobYTmAfpQABDlURClLVRDWmu7BJcR5wVaweZEOI9o5O/7GycFMsOgNH47atRcjVnTsmK7Owv3gfcMbzB+bnyFGF/DX4NWIV8ZXzNYYg7pmMi7DBQo
p9BSqeaQS636MMrobYTmAfpQABDlURClLVRDWmu7BJcR5wVaweZEOI9o5O/7GycFMsOgNH47atRcjVnTsmK7OwwLaOni7bk2KPMqz72AaRDkmwfMe+LQSiajpyWK13o4
p9BSqeaQS636MMrobYTmAfpQABDlURClLVRDWmu7BJcR5wVaweZEOI9o5O/7GycFMsOgNH47atRcjVnTsmK7O7ndMLk0EuYlkZMvGbpYH4fORcJftVJmoekmYgOVzbsb
p9BSqeaQS636MMrobYTmAfpQABDlURClLVRDWmu7BJcR5wVaweZEOI9o5O/7GycFMsOgNH47atRcjVnTsmK7O5fpRxkHFWJa2/me/OqVjbyQ/L2G+g5CNPokWOvLWoED
p9BSqeaQS636MMrobYTmAfpQABDlURClLVRDWmu7BJcR5wVaweZEOI9o5O/7GycFMsOgNH47atRcjVnTsmK7O7J2N8QjfyQDA4Ygml63BbpJDbJ1L82N2JLbAmI5ILgE
p9BSqeaQS636MMrobYTmAfpQABDlURClLVRDWmu7BJdgKbRYGXHBt5/iTSlIABEp14gXxLVAigN6pElQiw3GnTd8vJG1CTl87WT0rUo5x/8foXb561/Bkr1fdnzeLZfj
p9BSqeaQS636MMrobYTmAfpQABDlURClLVRDWmu7BJetv7YAbYwPuRRFy9TdLrzt/MvtZwjyKILS/iLgFfwpepls6K1BDQmeneRi0XLSfs2RzQ4aOmBE+umwC2jWwDRg
p9BSqeaQS636MMrobYTmAfpQABDlURClLVRDWmu7BJdRvExWoy7l1u2XY8fUrJ579lT9FZTJSNmIy1soDvXWl7KUR4a0mbcRHpvSN+VgkIkObLUpvou6NpionQdYtVp4
p9BSqeaQS636MMrobYTmAfpQABDlURClLVRDWmu7BJdRvExWoy7l1u2XY8fUrJ579lT9FZTJSNmIy1soDvXWl2miuFIv0qnpIXjXJ8RZiT/guMpUTe6EkI5ArbhyBVv8
p9BSqeaQS636MMrobYTmAfpQABDlURClLVRDWmu7BJdRvExWoy7l1u2XY8fUrJ579lT9FZTJSNmIy1soDvXWl5QfYX9hDjIBJCJStAVu1exNuHqIXR76PnmLaiM7Vl7r
p9BSqeaQS636MMrobYTmAfpQABDlURClLVRDWmu7BJdRvExWoy7l1u2XY8fUrJ579lT9FZTJSNmIy1soDvXWlw1/xU/vOzlR1hCBg8QTFgGTG3rldgO3uFe8aUbaw+CG
p9BSqeaQS636MMrobYTmAfpQABDlURClLVRDWmu7BJdRvExWoy7l1u2XY8fUrJ579lT9FZTJSNmIy1soDvXWlxwmr+ftypU6gXQaHUMEvmmgZu5hVUgFIaaQ8HoxXYlp
p9BSqeaQS636MMrobYTmAfpQABDlURClLVRDWmu7BJdRvExWoy7l1u2XY8fUrJ579lT9FZTJSNmIy1soDvXWl54okvbzyRT/Ka2MbkPLUVIJudPNlVGbJOIUDRh4HBiQ
p9BSqeaQS636MMrobYTmAfpQABDlURClLVRDWmu7BJcaifsmeDXqRzmWzI7ALuATYc1IBjF8e1U/iyy7ybduN89Jc6tf8tQ/Ce8Csj066wtvgwnE5r5IUPcQoyNjJTK0
p9BSqeaQS636MMrobYTmAfpQABDlURClLVRDWmu7BJfIwyi2QJq68epTl+WdH1yOrhSqRqbaGI/b2ufoFtC5Ke4YGXt01+GfCokSRXESafmoc1u49duF2aZg9fJxMAfS
p9BSqeaQS636MMrobYTmAfpQABDlURClLVRDWmu7BJdElDBS7/S5zZrrRNh8XoPTZuXwyYTgc77w5RfQgkEnh1LlXN3GX66vY+Vpgpgm4rPqzpdog3yGwVMFKDtbJWQM
p9BSqeaQS636MMrobYTmAfpQABDlURClLVRDWmu7BJfz4lrfpb3GK7LRdXWX+Hn2JWsrPcpq8EqpD/1yvGaDOJEEMF7JjxOMfn0Dt/DxkNpZ2ujb/O1gJHm3h4Q31/x7
p9BSqeaQS636MMrobYTmAfpQABDlURClLVRDWmu7BJfz4lrfpb3GK7LRdXWX+Hn2JWsrPcpq8EqpD/1yvGaDOJFl4wdo01ikwkaPKXmWGeHOP6YbXtbJoel2yFTePjFi
p9BSqeaQS636MMrobYTmAfpQABDlURClLVRDWmu7BJfz4lrfpb3GK7LRdXWX+Hn2JWsrPcpq8EqpD/1yvGaDOJX80ttFJqavDTvb7smDWYNfbU8NGe8MDZCy8OTka7P+
p9BSqeaQS636MMrobYTmAfpQABDlURClLVRDWmu7BJfz4lrfpb3GK7LRdXWX+Hn2JWsrPcpq8EqpD/1yvGaDOGEZ/myKFrX9LEXX3UQ+NyfWAIZ4B7qGaspBs13jhUdc
p9BSqeaQS636MMrobYTmAfpQABDlURClLVRDWmu7BJfz4lrfpb3GK7LRdXWX+Hn2JWsrPcpq8EqpD/1yvGaDOG9wapgljTWfxkADur92lW4h/4tbM/UOiAFeQfy5bMKH
p9BSqeaQS636MMrobYTmAfpQABDlURClLVRDWmu7BJf+pApummZsL1LdRKyzaUQrDO8dqOiMb6uJ8KLgGmVcioBe4ZFiHkFcubwEmcmHNcdQXmgRqNa/mKfl+n3v7X0U
