GmcONIA9PFzHw1gpPLLPoqev3ytAH5KO3S/CJpMsylg=
35kyjVfwBJgytCi6KM5Vug==
FNt9orFfFSbPIXNSbXcP2Q==
gE2g7VQeqq0h5MkG44fPUw==
A4ZCFW7RnVRfEnbtNxUDb8VFIQmzxcIFLuiIjRY2q84=
cwgQW1UgxyVfBeSrdwXHsPE1eoSAri+NViVSjTYe4hg=
pYn3RyiaY4vz2unSybTHuw==
mAzeFbkWBGyzJRgEWJSZYQNn44wFaguEUnqkvHVinQw=
NiGef/LGs6v8Em6sqLz1GYGKB0111uCW/TAqgkiW0+w=
2lfNnhNY+w/3xMaMUxJbE0YFT/wvMlSDz8Vrd5FEs18=
olszlNn/gghOzI+Ej5vWu7gqSd5TGbAWTQVeHSRCkoOlg5wROfrJ5uiAOuZUje8V
olszlNn/gghOzI+Ej5vWu6gtghNhI2dIQxdrP8/llEm1Cs2TkFGsymPVyhQhm1Z0qoKIxizZ/bNsurMHtWOvSYWTXVN6Q59cIP53IvTX4ZoZfFBbn6KFiUEZr3gu8LNe
olszlNn/gghOzI+Ej5vWu6QG1DRxSKkp/HwKaZuZGVozVgjTz3B0tReoG7o06hrAyqS/kn3sZp985WF4DaXees6bCxnHuT0UTAnKvvq3zOKIlQvGexb6+xjzhpLH+zQW
olszlNn/gghOzI+Ej5vWuzDIcKxyDETz58de/JN5QUELJm42y2wN3MZA7Um3vuujbR2/igO/GPuj8ajn5ZP8hIvD1cAbwwGAbdTNjpxl2GeLEr+eywpQ56e2CViXmw5hUsiUFgtEcv1J2FiY74KjlEcxYjqDm3LBzKqRVI4mp1A=
olszlNn/gghOzI+Ej5vWuzDIcKxyDETz58de/JN5QUFHWqP7PVA4c3L1npmHSQft4HuOUooyDy5x4GQ2k1i+AHNsZcnizE3rKAGnnP/jz8s3IfkW0nCl4zQARc1VBV7c
olszlNn/gghOzI+Ej5vWuzDIcKxyDETz58de/JN5QUE7OyscILSP4Pya4dhiJie9/UUwA3Gs9JQLkuQpVv29zT9KnwpGomIhQgQc4po/3SQTj/hw+PLgnsTaufLdfAqmWf3cPejSBkkGd6r7c3RdSZym7jYdnOVb2H3fQVUmWBA=
olszlNn/gghOzI+Ej5vWuwGy++x3d7rLvoxCgXO2cp8ikwaWAaUpf72+Kcc8ivYybUvDzW0CJKQLtobJHikuKNNAzMFqpHzjwSJ0E8Zr3sKlW45yQL2VGDl9h54P6pKxAfy3/lDj53izUpPs+70R6g+6s9SYt7FXfb9nIqBKl5Q=
olszlNn/gghOzI+Ej5vWu2R+iGBtmGPg3YuMA2OZ3bWaHeXS1P2JlHuhvtKlpX2FTSM0HspJFvye/Y3njCWPW58ott9Ijtyw4RX5zw3LydJXiyLfeL9I112eRr7ba0Jf
olszlNn/gghOzI+Ej5vWu2R+iGBtmGPg3YuMA2OZ3bW4QSeqmR1C03EkbaTERlaUzMgC0kWRDiYdC/EASd4YCw==
olszlNn/gghOzI+Ej5vWu42RChoDJJrQiMGy9vMNX98mfZIPmItUZYZrTYNTjCyk5kDn5D3uQCNSCSiCncxyeyi6PIXgwJqtPash2s/egISjj7n6rhlzFzmWv8DOBIo91q2D0O9mY2SwwiEyy7dvZrlC4umCcSp4JM9xRnuQZ+SM+wgbboCZVJML9XujAgsudMi24IfY0Jdaf2eFsYhE6A==
olszlNn/gghOzI+Ej5vWu42RChoDJJrQiMGy9vMNX98mfZIPmItUZYZrTYNTjCyk15mDQMGhMBCMSv0wHBLL1LGHretXDMIVFBFvXFCsrum+EjItnnKeI57G+4/vuHGme7eRVDt6AuZJfUioXo9Ag4kYGSNrv8JDWG40tBfp3D4WaJJwbnVB00Dpj6IQ/1OH
olszlNn/gghOzI+Ej5vWu1exk20O7dAwSsr0CYs94WqOFdITynReKw9lZnh35lu11dLerDbhb0icFcGEOsBoIJOqjpk8krmmsQOKq1wk9iuc79tOmfzkS0kzRHWEXphWvIwzKbPDB321Xnua84uFsA==
olszlNn/gghOzI+Ej5vWu8u2XrTYK5yabrH09fNqBkJgBNwmqkczQxwL9/85xzv8aqBaWDwuuMxOBNDJnx9fb1SNi64L9VHwWxVeUx0PdrIekGFzPlhYmIIyf4GJU/7l
olszlNn/gghOzI+Ej5vWu8u2XrTYK5yabrH09fNqBkJYWBsdbcsIRj5tCnog3M0cXTcBhGrexsf9FFb54UdwEw==
olszlNn/gghOzI+Ej5vWuzXH4CM9IrS2Uzd4QeSjRAlz01tIEW+M8fS2B7jJ758fDaRbM4ztC4LM8JMQ60g4/hBkHQJB4P/3uL5EbeAWXjcVDcOn+pnfPio8xv+Evtn7yVZGIqS++jLndY8p3CqJryK/ysYx5ZbIcqMTKjU33RpI5d6nKfa6yvo0mJSmzF40hx+CTV7fke2aACjZbgBL+g==
olszlNn/gghOzI+Ej5vWuzXH4CM9IrS2Uzd4QeSjRAlz01tIEW+M8fS2B7jJ758fDAhlaeQ5mkCkLbjYgxW609BJy5Nx+70oP4XANkYFd3ceqrcSuefopQUNcIEV6uWc6U7AMr4BAfgFiwwWJaNOgENV44h8JWKgSK6C+5NT9AzQ+m42dJCslNP2/DB3zvmw
olszlNn/gghOzI+Ej5vWuwc4T74UEfEy14Y+kah5ry0FpYcvXu7nai5fNH9wEhl/LCXQDpsKME6FpIk9umLRsy0/r4Xu/AliZOpqa8ggrPlSJYYMZBxn3Aa4B8Fn9JIqEsBlccr0hd1Q/B3L1hj26kwKy61iIJo8s4du9q9Nu7DMdBIHw3eNgDvlGpfRreq/EzsI/q31KLbi5Lfszxu9sg3nilOhYASyXEFj4YWm/Gw=
olszlNn/gghOzI+Ej5vWu6IaqvAma7udf/KgtZzobycSk8yBh0pFZHemts9fWaDWfBFFQgV/0pfZHxpV9moDCg7Eor3GTbUgMmAwM/t3KC8=
olszlNn/gghOzI+Ej5vWu7Xw8xQxQ8MVPMu4wlw/B/bpJtnE01dWq/IHXmu2f0kT6odmY7/T9U0Cpa7AAoynoJiqT7q3jhrOl64kHH14m4ohXflK5uNt/ZUbukdfxN/N1Lamylj4bvjQd/2Of2KntA==
olszlNn/gghOzI+Ej5vWuzQeddTGXcCSfK7coernQpuD5uZ007VvY6BavhSWRMi9M2ijxvIUVFWEXmbRYZei/d1V1qHMeRZHxEHRN3TjTtESAMTrCEr8FfVkNdNF6xZL
olszlNn/gghOzI+Ej5vWu2/jbrCW7uFEfuL74GKq26mYDzXIARwgAS1A+mjUskWVqnE7+gTVclmi7u5iGD3Py4G41S5regw7XWesw6qwKN4Hu0XSAO515896TuM6ItCr7TjLoNPB6Hbi7auHuolddw==
olszlNn/gghOzI+Ej5vWuxPzaGWJnJAwNxWBRGtrgnm6ycHuamOenW/0c4L9qnVurQla+MFgBiWCFQQIn9VoZIOHSGLPhQJ62x+sv3fKKvY=
olszlNn/gghOzI+Ej5vWu4jOMpGa2bD0s4vKQH7BuyCw3JK/dLBj7OUpPzUvaL92HS/Qgd0Z/W79vqTGuYmowUn4QlUJzXwTkO1H5Qou1bNb4LHFUl7cevw/0z0vRTlrDjTSWiRftuRrvcig+Sr7+izopo1HhmfY12k4w/lfbooQj5g4SCAc9CGSY/kmEIJu4lvGPo8lRXVqa7lTDoqxVJOtVYzAqpZmkB/zPR3pdPk=
olszlNn/gghOzI+Ej5vWu6A0CCI6Kcm5mm07i8fnVLUbJDcNL8s89QQyblW1onfhJe4hJgNIV8rv0kFLzypTVebe5kZF5dqjJYClnxoZRn4=
olszlNn/gghOzI+Ej5vWu8qyvNTbgESLyxYUyVRhiNSB8wcrxQI479t+I2a2OSfV7zixEl767qoujM5yBk4lRD9Lk2bHkGhtDIEn1lCPDNfeKb9sL0glaZhG7H0juunD
olszlNn/gghOzI+Ej5vWu8qyvNTbgESLyxYUyVRhiNTdB8V9nIAT+iYza+70IewFSgO9iXss8qqBePNJ749Wgg==
olszlNn/gghOzI+Ej5vWu9tvm4N/CioUQqYgMicQX69NRzQZ9bYZFnkz7QfWbrf3/M5RSEpeDxMEFD08d0+ZiePHQ7W4laRlGgX1u+nbBuCPY3o03ULSJB/1VeK57KFTsMHObKj0wO2LDPJc3aq/6UaJW73Ek7ZKP3rK86jb+28ofiZrFa1sm5Wq6fdaen54
olszlNn/gghOzI+Ej5vWu9tvm4N/CioUQqYgMicQX6+8Yt0vzJaRxdYCPielhOCn4ukgxODTEemnmGqck67KTSVT5mrUJWOk4fN5nJFCbZ5tYMfm1Ip/JDp7ZmQ333GfJJx0Lk7jjkmiXUBO+dc7KroAVjJxjClz0xDlDocoKWf8ZNkwdrA4kQaasSd3Fi9Z
olszlNn/gghOzI+Ej5vWu/Iqzniv3xATSM2GQ9+7kzQz2KwGtvb21MnhppF8nooTV0HHQvdAUEh+fGYeEkRdYxXv+6HEqb8ACkCFHwEtc/eGL+vhrIwMlkabaBzEkYYJotLRpqLA51TlDUbFxq8jrA==
olszlNn/gghOzI+Ej5vWux/Q6Q8B5AVausJ2ZyK9NKsZGN+6JiymoEToaixRCkuyUVEuCmtioeZiID3flyaWUSP8MSz649cnP013Zn1eipG8RpLKxvsz8mQk+Upqxcbd
olszlNn/gghOzI+Ej5vWu4Z6AkV/lnX2JPR0FK25nk46RUkPQhDbEi/XFdhTcE2pjIYHIX/vryCofvk8LRd9nqCgfvTUFOl3UmbW9AZNfRKvJeUMBAi4EqRZZTZ50SjpMgxRfKUzvsAO/lLrXxmJKw==
olszlNn/gghOzI+Ej5vWuyYqrGkDjaku2a8zBYL88XL06hrKZYGL+q5vWTwiTXXf7BpwZ/8TgWG1mFMy4X2SdgSiy0sfDLfNkw/G6ZbZQIa4w6HDNUd/2ASk2UyFj0Bh
olszlNn/gghOzI+Ej5vWuyYqrGkDjaku2a8zBYL88XJieWF8XRaLoZT+wwSv66eo5MX7KTQWWRnHONzQpMvbZA==
olszlNn/gghOzI+Ej5vWu732H539w2F9zZrjJ2x/xj5TM8tqJ2LcCFPvQxLr3pqCbGggvC815hk/6knexFWIoXNoAlDrk2pRMmMqxEXVJXUDivDB6DUfiTBDpKataeJnw3f+RL0tU9AcHMP20ltkGsU6GhdmCW73Z4A4y0NBN90dJB/T+VITRCjIu1oIViGg
olszlNn/gghOzI+Ej5vWu732H539w2F9zZrjJ2x/xj6WRZr17+jkEbG4EO0eESVu1v/jv9sMeybM7Z7UcH3ULoaQF8z9kn75P1oCXKvaaeqgkQu2hwl379Urn3zuHgtGoOpuS/YaM+5NGIFOFX+rCSdUOumdVzn8mVuzPEJGaX/ap3ynxreqLvzfXnbfN9Bp
olszlNn/gghOzI+Ej5vWu+yq3VGN9Ay2I4aYDIaejh/1EMG6HiLhPvPJkuACkQOfiPDWVnTUGk6MuMEzXb0GkzFYdqQgX6gbTZ/TV9Vp9FnWcFEUX2B8CuJ/XWvAHP3v
olszlNn/gghOzI+Ej5vWu+yq3VGN9Ay2I4aYDIaejh+HoDs4TN11KvRtP/6tao1cwuuH3bfXONzDPCyQQLEQfA==
olszlNn/gghOzI+Ej5vWu1sNHaTNjfOx+KYfDxjymubicHrEiaf1bmzl9kEOtQ5QDfjLvhnRk6QqY+SU9XzdsWn5yfoDDKfBWG0TLwYOuntBawUPm29ehC2w8jkx92ogJ3vwUBYGFbib2aWTjNcMjlgN7rWLZc4c8c9tNYNTBcKnXzDG8w8ZFxi9HAua+HNG
olszlNn/gghOzI+Ej5vWu+yq3VGN9Ay2I4aYDIaejh+juPo+XflM/sAXUPb9YqsZDzTxYCByu0ALy5ftl2sLofW8v4nC2ZvyQvkDi4xNFOMfYlSDLINebQYc3tQU1DKvWwHKj8rvgmUo6KlmN9DPBg==
olszlNn/gghOzI+Ej5vWu1sNHaTNjfOx+KYfDxjymubicHrEiaf1bmzl9kEOtQ5QVMgtyTo6NKAohplJew8/b0RaMjeosNwc5eW00EP9fc/CkYXyTPOTpSFIpAXj/tUy2SbX/shdMcEydsHZTFcNso3yzYO+PCSJ1vCKZr88JoCVbvOQw1YCyIWCTlFhqLV3
olszlNn/gghOzI+Ej5vWu5xhYqCJGBy4+QwNI3TvBXma1e7eMpfDmX3uIi0wKuBWHgmlniFghhdwDSzEAGC/VM90GUkwDe3vdz4YPwSqnsiIkQtMXuNZAuJhBMsko0f9rQ5Cu3AuF1PIe8bZxHqj4AWVN/7e4KgqvYrJFaN5NXzd1053KFrvyUlU8EtWBF1reF85ZlQoiJ28+CKadicCoBopWbVOvDl7gX3LMeqANM8=
olszlNn/gghOzI+Ej5vWu5xhYqCJGBy4+QwNI3TvBXldImrsrADAcLvqbCv3Ys+RE+DQ+4s2WxlxYeU/4nZcb3z1q80FULOmWbK0k6i1Dkw=
olszlNn/gghOzI+Ej5vWuy/FUSzaxWs82QYCjKN1Bz+ZPkZfDxwLZ7xm6IdbjUSIaoBEz/oO099iFhfmhZlibimiMS08boaFRg18ozjDkDBXLFsHBLwE9Qvf8hmpVVf3tPhAl9LaBwb5zClvfY/obGTVmvk08nBhYbu+aHRr9Uc8eDr9Dw+Q36BKbP2RUUOTnVCdqNk5jo9jI2pLRCf5lHDNAd2Kec+eW3uS2L43NCA=
olszlNn/gghOzI+Ej5vWuy/FUSzaxWs82QYCjKN1Bz/6+5MXLVqXVoVg/1putEVsGpUo052NTdR1GE0X2RQo2yKnnpOsGnpfyARpM8yUUvY=
olszlNn/gghOzI+Ej5vWuxI6hTeVTWmc8Lr2nC2H30yZDeR1MovgICJAnUTnQX3xYCrWskEWvSjJVrXJOIzOfYK8P/kCiIgaJqxt3maTYS5zFPALMvUtDEnH+QGf7o4JJSR3em2V1i2bFx+SwzTGPg==
olszlNn/gghOzI+Ej5vWu30xy4cbQrtLgIFV+1YlX6f+PvDn/3vur4TA3av0+hjR
olszlNn/gghOzI+Ej5vWu0feeiX0XDuQVc+auxiuMge7PptUAk6kPr+an4OxAaxxSEJ1p4WO8BI+XQqf3BnOYU54nI6/7RRTqVbSOxR22T4q3heNiuKOa913BcSCv8Ez
olszlNn/gghOzI+Ej5vWuy19ksScWoY/tbBxarQtGq2Hy/7j6t3L/o93scgzLws2UwlYPskgElyUwg/yTwjC6RQyt/Z8+QchOEnLYLYhNwtUohocx2Zf/qDcPWy8uPGcYW9qy4X+m+WYyxZn2KCTEKevPqGTqHQ9gWZlNTiude0=
olszlNn/gghOzI+Ej5vWuy19ksScWoY/tbBxarQtGq3NyczVsMIeYMbHuqsyxaoFhxG+X4UyODeaPNm8TultylL98QSyZMBv3kD4oOMI8vQ0TalPNEvbAuYLX22YcG3m
olszlNn/gghOzI+Ej5vWuy19ksScWoY/tbBxarQtGq3tLywt4NGM8iJm32e3LmnM8Y/4XgpjvkdsqJtQQpKMvRcepv1XdRTTQzXViChZ+Zgu0248tbpSWo6VHgfIAVQbNIDOBZ9aKV+JGkeGanmDDzHydv0nsoIAbGNJMQ6tN3A=
olszlNn/gghOzI+Ej5vWu1GzQvj1c22fLQohpMYo8GiFzJ7Bu2zpPnbk7sfdOQOhiF9x/igZpoNpsrZ37VCLHsMqqDPhRR+GmLJw8yjfSxOBl9a8a4dwDfGd1chvNuzoQXhUXecCLY9ahKEm6cBpybmhD7aEHDhO8rxZoln17ys=
olszlNn/gghOzI+Ej5vWu1GzQvj1c22fLQohpMYo8Ggl63C+70qZNB9+rY3HkhPLAk+u1TFVZTeqrCrLpxBiabzhZx6wcS7rvcvIstkl46d/h185XzHYWj2e7FFfQWq8
olszlNn/gghOzI+Ej5vWuwhqsyg+majU6PVJnBkQsfa++0imA/fRz4r5KEhNdKKf4GO4HzU6xgIpencoGRGUqROYre6TYdIU1GMjYFbGfOZNBmddn3A4QrppHfgCvzvT
olszlNn/gghOzI+Ej5vWuwhqsyg+majU6PVJnBkQsfaj4ilhRVoKDinx12sAOuWVMXtr3CTKoqxNKc68vcJtWg==
olszlNn/gghOzI+Ej5vWu6gjMMl9Wlysllk5xopLGOeXwmAZWrmiWmhKYm/5vioDP5tyhbgWsLRRrK52KN1qHogAjB8qJfmIWwNFYltt4HmTnu6md5xzYTBk2sf0KENsuN18kQc4FSwcm9wq6NcRQqM5okj2hGhimRGXo19A7kgKRpEyrap/lkddSbGqivIh
olszlNn/gghOzI+Ej5vWu6gjMMl9Wlysllk5xopLGOeXwmAZWrmiWmhKYm/5vioDU9sgif3mSjQUBKfLKRYpDKYol7Hg6ND6IiWNmFAat82jog7crg9J9kXjbVv/1K4Jl83C7AFgk+3IFPNQFdLLxctGKdY/DEvt/o+Sofq/wZKjRTr0Zh44D0ACAuRk1DRK
olszlNn/gghOzI+Ej5vWu12O61TTICjZ8BybCOrShVUMIvEDHffiu9yLThccaEgH655L2u/vReMs6deQYqljGRQR+kcqEQA2js5mf63JrR8kd+vtgH/FTowpCNnPVrhOPSHGU8d475mv6Yc04m6FPg==
olszlNn/gghOzI+Ej5vWu7wFnZq1oepIoU86C8/oc0BW58Kjp9+XMmIddCdLfdVy7+gz2468CbukUi8DwC041drTCBhrVpj4DXg0VXQPQ0nJEHfB4rtyR6mzthLGv33l
olszlNn/gghOzI+Ej5vWu7wFnZq1oepIoU86C8/oc0DwJ9dJUvmqav+waexJKZSHwqqlTIZ+bz7yBuWyZV5Qgg==
olszlNn/gghOzI+Ej5vWu1h19FLKsOFUsjoOIwvuEwys/5viOCWW0oZCUEPvPopnTDMx5vxUBXtwXkBsqRgUeeDIXBifxEcKpDUM3MjJfM39mqbL7rvOYEeEk70l5hCisE2POAVIS+u8f3N2bbXvrFW9RK1AYbrRwOjw2vHEOXHsitJUr2Ul3yeEnJVpsQxA
olszlNn/gghOzI+Ej5vWu1h19FLKsOFUsjoOIwvuEww0yelVMdJ8hnYs5rphjoVMqG92pj/2jQzrvWCS3yH3je1yHUtDKBAQZagIhw0IN1VvyLicdV6s/LgXYdFGegQSMMJ0cjKlY+Jgqf5WV7m8Oksdn0oVs2wRHjeH0ksDF5/XGJQ5EzrWfejCAX2nvB4Y
olszlNn/gghOzI+Ej5vWuwIAZ9U2v96AGFJNyMsDUpdstOSSUjYphPmwtP3MftLnJL4WRg0Wsg4WUXYunAF++ofv4yFVsNeL8H4XwnNe/wglyRs8+5CeAXo3Zx9qn8zlrYSrcntgJHz4zZ11Y+uIlw==
olszlNn/gghOzI+Ej5vWu/yLHEr1nY/DTK8fnvLE6JhtHCLMd0OxMt5RaTB56BnNjW30ikdpInm9NRi8l5NhQsCuj4rDSQA7RskwET8R+LtSsGnLZctz5aDHcOqj4aIf
olszlNn/gghOzI+Ej5vWu/yLHEr1nY/DTK8fnvLE6Jhoj8udy+CpYtRbpP/kyermjLDNpB4iKldBaKdXk65L9A==
olszlNn/gghOzI+Ej5vWuzGTPoUiDKOS/yXMC7UZJ/y45Ao92im9YGjlPrwCBUfnjV1AatMrXb+hDOpaytfj2bKK0x/7xAbTKgxkpPRo2h+dcHVAjUoJV2X2lC5gumi3P9mbAd20VtVsnVY8k8QPPrSjSw8bDARi98r7KheBenz8G47RgEFpZOdLUnP2CGFmbENcQM9XLm7UFCiNpfrqK2d1LDang2W0FmfsML0/405zMmt2pv2oi9kkC8HiJ9RSlMtyAzQx4Gdl8YSu2wSjtzloUSXWIjSh5vMFzbqGsNk+dK4Ote48F4j/8HAz8oyu1ZihMdXTNN12JpcT35gXzOewmmxRpjuBdh1vMNnqMXn50l/CGCzB0oEinxiwKL58KMlVv5SSoOwsiQbDDDpZSP4/VtungcTMsa3NhtrLaDZ96M3M52mQ2awFsB4yp5e8
olszlNn/gghOzI+Ej5vWuzGTPoUiDKOS/yXMC7UZJ/xyxc0qPtK0FCriEZ24H3N/yGtEdxIVscBxJM6QdRKmZwCuvaCFANgU7KXDNREhjPQfHLh0TgweC+TZo7Wvu6ZzeRxHwSrMM7lqaocA9/BKgzx6byx4q9ErBMffiACxGoI=
olszlNn/gghOzI+Ej5vWuzGTPoUiDKOS/yXMC7UZJ/xyxc0qPtK0FCriEZ24H3N/2vU9owbgoLBvg5iSTVCaxh9oOXelaCNq/NEDjOP4VaEQSVUNaV7H+PHy69RwyRlcl1W8JX76lEY4saXFNaLHtg==
olszlNn/gghOzI+Ej5vWu+VCtgfUWNqFrHEOjSXI67N1SuFDgAgCQtyXNXJ/QEtYnElMO5P7RQcEw68KaMMo2m19/obXxcDMUWCyMXKY3+K1lCa/0YNsH1TExNJliGOmqn0pkFTvlQSS8mOKA+q+Bg==
olszlNn/gghOzI+Ej5vWu9aiQTEPkTjuuK/CEAw/QgGvyx2E7xyV8l5fbI5/Ef8NIckmzuyc0fqMkshfhhHDp9Hl+/L18WOLEuZcps+YFc9rznGLiabTNGzFYPNAx+yG
olszlNn/gghOzI+Ej5vWu9aiQTEPkTjuuK/CEAw/QgGoUfMJ80QcKVIljpgyrs0X9mfFfrp4GbepZisSFArc4w==
olszlNn/gghOzI+Ej5vWu3mbuykvyFKNc93RPa451dBBj2hZjNKe1jp32HNZ9uSzLpfVjpnE5MKY+mvxmDpDQuW/+4+9Qh9b4pQBDsp4ZYWOSM05lpiv/OyFhKXK76Y4AW/HzC62DohuuzhNfwSwr0w4J2vEcOxcWbxyuxb7MXgebh4yd9si5tvLnlTKI+jdp+lU1qV8p+Opjuo0MuXAaw==
olszlNn/gghOzI+Ej5vWu3mbuykvyFKNc93RPa451dBBj2hZjNKe1jp32HNZ9uSzI2IoDvoPpDGzUdRga4+TtSaXOBXUfPOTGQyXTylrryCxVwPYi/rBgOa9+vIDk0Bcoc6k7Mi09kkDL6WnMj0xMl7OYZYW4wOI4ZSee1/BKQLBFsmrupNamjbafQXSASF2
olszlNn/gghOzI+Ej5vWu6o7GLtVWVIs2UvnXGRNwnCxKpxG9Km8MdasO3iqcVbT5Eh7QPkpOuZ1+z5YPmLLs7bsW2JXGd+xISF9nTb3WUhvx3Y80Is2C3jYeQN4gPLzcCvtIkMCw+VftL6W3tBj9g==
olszlNn/gghOzI+Ej5vWuzzdg/R6zD54I3z51IiU73rBcuQNxE8QArrW+8oi2WHAXWBiPyhfsW8eo1XaZka9ybIUpbDuZ+uYWslGa0cbU8hqhQExQjqULA7V2eFz2jad
olszlNn/gghOzI+Ej5vWuzzdg/R6zD54I3z51IiU73rVfVGBr51WxgKqKpU43H9v93X9hzUabWnOrF7M0w/YMA==
olszlNn/gghOzI+Ej5vWu1ATQ8uqboDk62gJD5YtjJuK33y++9mkiWAPsKY4wLR5BLOYQCZ/+A9r1Rb6Me6LOagzBBovyaOumKKTcgEgfmDuLcqh6s/i8rqOietIdOTMERSfwErAKLrZ9E3FA+eROKt5Ns0gHKrSQOs7RrZWGqCSp4Lj1Pi9GUfVS4HmrjnSefIvrEGYLyqzuvF392CZJA==
olszlNn/gghOzI+Ej5vWu1ATQ8uqboDk62gJD5YtjJuaMSNbxKv9J8fC8fSuo7TyH9va0p65sisyuds16qs7fT3vrSFo+OwwqOQF1JsO5uciuQj7sXulpotxSxq4CGAM5i1zfC6brqBpjVla4XgqrllXprzbC+FP9DB4CpN5n4mP4s9IqepWKcJysaLCiAM9
olszlNn/gghOzI+Ej5vWuxrz4xUJWzt5rGKOPP+q+d6yOb4uGnkF3PbK0Bwq0SQDVzCTSM7ADjuVe+qGwcSr20pdcSlh1WbKNv+lqtPrFSQg8ggI+tSncvIO4dtXfIjqsrLkap0yzWENDbWtdkKfkQ==
olszlNn/gghOzI+Ej5vWu6DPBRiMr9+FXZXmfkJP5fAfzXfeu2FhOUMSwpEF6WKQZ8JmryhRmjrT/2ncf2gTwDm9pukfY3dZHqNg2ji4lhw=
olszlNn/gghOzI+Ej5vWu6DPBRiMr9+FXZXmfkJP5fAPCwPbuAUi//4MMQfpJhBXNFLZFhwSUSdGR+GszYLzGUN984/oqZnGoDLQKOiGFqmXxht33YS7Rk0omXcre+vULjh+tnqXcR2DaCVMsttOj0LA4P75n7zY5qsXkKTvVzveYe2lruMJ93R8Mh8nq8tNr8WpsxtpRuAgzaRPoUS4eDcEEhEvYOn31KFRTJdkc/8=
olszlNn/gghOzI+Ej5vWu/NMkmCHdOjXIg3stBr4g4S7CuspdNve6tjyEqy7AeYgb25vYrga/0mQWiNVuvqt1d1oiH97zl1w0LPlMd43h4/sVoz0wy09RpVE+vdIGSwi
olszlNn/gghOzI+Ej5vWu/NMkmCHdOjXIg3stBr4g4SgKjFn2F9lt6GcGq66p9sRJrIbAEswsxMcpxggYWU0tw==
olszlNn/gghOzI+Ej5vWu8pKwf+Aw00KZQpAEY9dLEhut3uJkca5zXOtDmNY23XoB8xRjJ8csnRryrAQCur+vGNC3SdBIQse7kL5WuJ1tmM=
olszlNn/gghOzI+Ej5vWu7gvM97tHGICbMb19iCiOGfwleYpCN36tRzVZoFeYDM+q68OXmozXCiTDqXfZIuARnJYyaiHzJm1CSnPEmPNj3W7ogfC5gulsz48pSynDFgc2s4gcLVUioS3cyFnyvqCo+1xr5hKTeZLU3NVZakuFzrj8KtvQ0H6jcKPG98x93PLq1PyjMqHejcqm4ywYkCvrHbr7N2n5sP7JW12EXdvlAs+y6IHZxd+zth1TebOV9ovYQTZKE2c574IwZEuTPIFS3WaYKHE9aKwuThRI1mgYX6j8APHe3BD5h+iNjAPjcIkk4eVOqxgM8Nso97d4d0l3KwdBxt1lhRPacmFuKLRnszaOo7lawH/Y9/AZPE+IsSG
olszlNn/gghOzI+Ej5vWu7gvM97tHGICbMb19iCiOGf4GlLCIAx5lj1Nm262hiC7qCZLkc+OsIYLT8osGagiiqwmxgopDPvOy19Gz0lwY4wL2n3r4xnNJYbdZGjRzHhu7HqpcCoL9gZWCjCCvawr+6q4eF41ICZoQMO9xizD41o=
olszlNn/gghOzI+Ej5vWu7gvM97tHGICbMb19iCiOGf4GlLCIAx5lj1Nm262hiC7dfonSGXPY95PEjBp5Jg0yl77pUkI9DTW38YfqlzZLUeO7+FqxA/NRYdlm49AjhJ/lTuX0WYX1sk3YP61uEt57A==
olszlNn/gghOzI+Ej5vWuyqkxUMkE9VdTSdIfRPwYrWQooUTZQZPREGQy9VKAdm6sLo6Sb0F5P0l1NcogJGxyKQ/IJ3gyJrMtkfAir1+CVvatdunRTlwybdP1lgcldTd310bNILLtvseKdu9MCZSpg==
olszlNn/gghOzI+Ej5vWu2a3hoN1Ii8x6+S01oBiEX2bSF5D+Eeuu+CMxTsUb0PCQIYYWx7RLRIffZ0udUGvf65AfP30B5J3XSYzmaBzeVr9cHszbdBQzB2DRPo1UjQX
olszlNn/gghOzI+Ej5vWu2a3hoN1Ii8x6+S01oBiEX1Jn8PknLwVSqsNK98QS/INkjyagguKjNolI42p8y8DKw==
olszlNn/gghOzI+Ej5vWuzdjEHB3u5dicGD6Wd5FkFiNhFtjaRfNMUQEzoHkRPjTq92pGRLhzbmB/73CDzbPaa0lxwV9l16lwfHuJlnFJpbUtendrah2QFGf+DXgf8lh7BTWuL8io2coFpkdjDZNIdhLe1fSu9HEntEOADMU9yq0FYj2AIq/KwYyRUBDTl2TexmyZ0NRLCvHfuaeo3GbNQ==
olszlNn/gghOzI+Ej5vWuzdjEHB3u5dicGD6Wd5FkFiNhFtjaRfNMUQEzoHkRPjTfoTI/p9dMCF6clBFd1iuf7lOMpmCGTillvfT2oA4QCPXzTj1z/s5HZhjO8XjHZTLMmoJoH//fcTulpMq2LpcagUy6wovVmsvWxJLJKuHOyKGQF8dpcwa8U5uCWJBn5yw
olszlNn/gghOzI+Ej5vWu32ouhdkTpLBGQ7dSxnoIw/LgAzFohbVA8nkaFeHgvp0CB2MoLMaiSC+XEAlePtZszAJr7mol88jPFmw6VJrd4F6mMo72QiNHntE5QVIDwNSgrbSUkCeFGvnxImNyOROZQ==
olszlNn/gghOzI+Ej5vWu5R+47J4ay1kOnMZd8RK43FNa/Q3KJ+WZv1EzlBfmDEbS5pz+8Qeu42v79v9lMWtykq4EJ4PxPIPMmT3gi6/7whq3Kd6xZVn+5uplGMhMLQh
olszlNn/gghOzI+Ej5vWu5R+47J4ay1kOnMZd8RK43HGW02ZQcrT02QYYpJKtFIqIjSg7+gvHo6tJiVp7OoWew==
olszlNn/gghOzI+Ej5vWu/e6v89cFMtyj5wd/mVdZeDSuH122YTR5lxHm4JoCUoE2NDVmmc8m2iVHIxDpoUM0mgfDr8IK+xhcfm1VVcs52xmygebRm8WGnCtgo2bMjgLULd3MBy/W9GyIGZLWgWOv3d9k2t3lXqvxzo+pUScy4gK/Bugklipc5hLtQ+8bzHmgsspJ4VYbhYOXQAP7zPF2Q==
olszlNn/gghOzI+Ej5vWu/e6v89cFMtyj5wd/mVdZeD92nXDrWPf40hV86y3Cc46WILi1Nce7XmlewAQ3OA5pzVNMKE3kcbIYc8WoXVPfWMYja4QZZplHUiJV9TVTss4aLCo62sPoQFXaZhwdVoFFELe1lUVjSfP57Vereozw8MrooffLtiqd1e5fx0uzgIm
olszlNn/gghOzI+Ej5vWu9xnf1FZ7BcIESiG9zwjRbEaA2BJuf/TL0QzGhmD8JWEyHnFGHCpxoHibVqiIXA9BUSb1TdB7EeWNvJ23JKV40mNdu6BW+IKM/T1EX9od6ntDb0H5PrG0pPSpCr3FsLpHg==
olszlNn/gghOzI+Ej5vWu2sccF49bwBrQgOsorsPo1lpK1pJi09MwfdPUQlBdlKNaKJFcAYiaw5mMXhPJm3vjPLMlnJMkkIVObX6sOvrqIILiBmyCJHX632R+gfa4O+p
olszlNn/gghOzI+Ej5vWu39a84syRmnYqQwKeSH7zlkCEdvH6xYVgpQKJsSPfExLBJotFftKsMdczmE1W1JL9VS6/xRjUW1eTE1SdfIRF0svRT/bXnk3tipEDdUXMFdkVto5IAQQXeJMpaR9dgUlvfFCuJ00lQFutKm6Ucv4zyI=
olszlNn/gghOzI+Ej5vWu39a84syRmnYqQwKeSH7zllPv7Zrdd4bDX07L0h+ZtCakhpxdWpQlMA4hJgp+GvqfkJn/9ProezO8l2enoRlHqlb61Vwkxr/5jkLeVFSuKpY
olszlNn/gghOzI+Ej5vWu39a84syRmnYqQwKeSH7zlkMrSiDjVh4lIGucpy/nPCq4RTXYPLyLiSEA+z0nj5Ywdi4QHwPgxKiO0GjvA01SVRKi/pjn7AI1Pi0iqNFypjyeDRHMngCfVIhJUAvoe8GVGo2Y3d25dnlM3jEuoqg1zw=
olszlNn/gghOzI+Ej5vWu935LX8CjGgd5ruJxf69YJtRDlMxL1Rd+R/T0jG65jZ7Sw1qWEnqM3p7o713S+STEVyTkRRgP5W0QhdBeweGCjCTu5o8mBb/6hutciLcydBT
olszlNn/gghOzI+Ej5vWu935LX8CjGgd5ruJxf69YJs4SNrVSQsquVLFCRHwxVs/pHO6W+3D+vUgUYFUINLssLc0wiCHR5/rNMU08HXiF8xANihZhW/FddLZYVTf1+BlRWGbnyT605rBkX+o9Z4VnGmwvaZQccwTyYj0Td1bbPw=
olszlNn/gghOzI+Ej5vWu/9WUuQwYI3nVv1UUyrrnNAHh+SIbIFu6ick3hmkxsQePfr97VUInFeROzOO4+E1pXPKVgl43lUPkJRhFYSspc6vqR8jkIwAUoJ2kuFYzEaJ
olszlNn/gghOzI+Ej5vWu/9WUuQwYI3nVv1UUyrrnNBgPq8YMDJo9DRs1et9sG1gNTwIbUn7wQgSG6aaxxQm2Q==
olszlNn/gghOzI+Ej5vWu0SRmlW+hkXX9FvzovF8bG8AoVoIrtZc39o62ZaZ5rOINF5tXvaBKqaUYZgKrtAgBq2SCIxULjj7/ZBi48bo3Sx+pDA7tSj/FgBV0N0a10O0rpwGdkXYnhb9TWeGoblI17yhuljxoKzCck//io5gMoFDvGRp3sQSDdlCHiMFz4s1idY7B5Rovpy0+s5RNnesng==
olszlNn/gghOzI+Ej5vWu0SRmlW+hkXX9FvzovF8bG+i8VvmyFmxuxNXqqEYxm4tSmbhsqa8F+iE2LmeX6IkMkpQF9xKVSXM1o3TMVU0YsnDDi6/AwF5xCbLynzu5ctdiTa7LlRfhic2PmINfGaZUu4bXfx6adtqqMH3iADnDp73qbOLd1kX4pLrwrqc9y2g
olszlNn/gghOzI+Ej5vWuxA4gYk+VVefJpQtIVE4ZiZ4gg0qaF4q6TxZ3l/ivVaCFheOiiXT+0WGTXlb5XNOUlyCW3VTP5WNmdHcqWV/jF0eKjFJIj1YbcphTKcK2wSzbF7kbkAvRhUpE6RJh2ScxQ==
olszlNn/gghOzI+Ej5vWu04+V0FxrzUake/bYt8s4MxUpUjm5r+CNpLBEMcw0d2CRYWEMqhZBwUnH8ud8qhO57KKSry/kJZHTgc9SjgATH95tgZFZDAkLVrtDWYT4H+G
olszlNn/gghOzI+Ej5vWu04+V0FxrzUake/bYt8s4Mwx+kkpJOu8eNxH18ofHZlIhUaxm5NoIxr3jUOw/Z9Egg==
olszlNn/gghOzI+Ej5vWu7Oudkp8azs8VL/VFgpxo+Ey7Uk6CF5pcCYt0GpW6HrdB/7KxC2HL/VjEvUwGBZ/YcjYRbQ5dMrqhVEELRk7YL69LPIUTjFZZIiNtMk970sgvkTqpNigp5TKrFFZpVIpec3DetVyB1ehyiq3meGSmWKR3CwfLjOU4APL0Az3M7ZbDC74VfBzFSYjqNpLYtoGIQ==
olszlNn/gghOzI+Ej5vWu7Oudkp8azs8VL/VFgpxo+HOCyxhq9ST6mb+PSso3zSBI33hjApuBuKsM3+jLk0YseMNpLCKTnJo/cpe4MZd5ZITVj1elX5+Wyg6gqWW/o5RRy6ryMXFQ83xVaCs0cTwxD4+VKRXHSMEAoOjwmx42HHg6pN1FLMAQfu/+52E7Mq1
olszlNn/gghOzI+Ej5vWuzxInzQmmJF1VuTmv2RnnBOYKJVoKK8G3yA0S3FaYMjbsx5r938JeivF/A8R4Lam+JFN2NvizZXpZpEDSLJa95TN+l4s1fEHnNaBbiclAysXroy24OdfwU1DTh24vEK7hw==
olszlNn/gghOzI+Ej5vWuwFIFO2iiIgXhoL4c00nJyjr7BEqCNdFPWMH68wG/VdpGfE0Yrt0/nqyIiFROXE8S5nC8u8nZFHu9lYZwp0j7kHw66lBizeoIO4JavbWb9M7
olszlNn/gghOzI+Ej5vWu8W6oI/u0YB0oHGLI+jDIMHTS13N6pp0LprhbUXWFcfov4ZEHl6AISRLvpbwz5MONeCNvFWKycBbP4K/ajTsftkFs0vKr8bMu244bLSV5mMPV6QkiavCXs/uY6dXvbagQz4Csn3uAuNEsGjCWihf5G0=
olszlNn/gghOzI+Ej5vWuyQ1qe9bcALP/3ENbyje7dLKqr3zl4ymEjLziQbTiELFo+JbWilQq6WbupjPcJ6nel2BMCh/5BwfVHkcYp2QOh/r5YS+f1+BdR85qQ0/BQnZ
olszlNn/gghOzI+Ej5vWu7sf4JfQeOW6xmO9Xr0uHRBGfJTpyfmXf/qeAfjGio0bfKI1Pdg37ZIqvp8ussJBLo6vnc2NHpmqaLWneBnX5rQDLI2EIvI5UBk7WiSBRp3EKPt+EJ3yXnBYEebWHszhKd90ElGKd+ymQNjhza822mk=
olszlNn/gghOzI+Ej5vWu7sf4JfQeOW6xmO9Xr0uHRBBQozbGRnSITiu1p6+FiZ5mp5WaRIsKthgsPC8tWp2D1vcDL8JZazdnc9nU2K+lQCqjN/ev3/gcuApc4L+m5/A
olszlNn/gghOzI+Ej5vWu5aMkbst277X8gbTjLCOIZ2mJ+qt7Iac2F7rr5pZl/HXu2doG+5EAlXaJKNaMlXYib6PnRSNBOv/4Dw+XekHHJwFXGyZx7IB6Zl08sfaQQhWigptj14TkQM/ci8uv7qvF8ITcM92Dxl0DR2GGNNe8dE=
olszlNn/gghOzI+Ej5vWu01no8pBccKw0nEK1CqCH5B9jLg29b+WFrpThnEHdXWHnhOa24r7nIOMimpWk4KKQfx5ES9ssPlPCtARuLlAH3S40FAsB0opFGeEFsiMNmGZ
olszlNn/gghOzI+Ej5vWu6b2T8BE3Ec0lD2mEag2VBqbyivFV8oGRisfSGhBMT02jrrQQhtaA9JDsbT0hf93leGxMDMzB9XNospfZoigM+BQMr6fdv2Maqz1YgLwhGK3TX6J7UerNBgtmN1+1xDwxQjQ/U5dywDnceaxcXzdM2I=
olszlNn/gghOzI+Ej5vWu5XWWETs7nAh6QSKVT8+hVJ1sn09YZLDiAd7VrPiyK7mmbwGE+qheLFdS8fxDnur4pi8BGr2GbW4bh0207YbVHMNjZqxi2WjMGnDe8EEhRFH
olszlNn/gghOzI+Ej5vWu4RgalNY+rv4frgD100sgjs3Bz6XrrrPgFiLeDfaTyZZnWLg4iLPCi6qiJByC6bprG+wo9zDToCg+GoOWCnBHp7uUrKMRfoWjk6TwatqAxMKGa4rXfmXAmMQPKGtQsmE7Rdvm4dn1Ek7yThTdbjto4M=
olszlNn/gghOzI+Ej5vWu5UOPY9pmniKK1G/5au0veu+ywvfJQeXifrfqvfkbnP2ACXfgmMhG0ScQv63yeBse38YDbwu9UHim1tYcIkoUz6flOvIjaPTID+ISfJnLJuO
olszlNn/gghOzI+Ej5vWu/rhZRREdGcFFORHOy/hGSti4wv+CLMXrjbBxsJ1Oz5WvUmIK7N4eRd1wvIy7QA/wzBxRk3MUmAZlppcL7SP6Kebbw5QrqeS2o62fdN7pAnWN3sj4FEK4eMTbIXaBKeyEVe6k9oiWjwRgUcGAv8YJQw=
olszlNn/gghOzI+Ej5vWu4oDxKfVMWvbqKJMojqF0etesWaTsrQCn8d4sNKbsKwleCgfMsGgGakh1T3Vvml9dPZ63NNzBwJZf1z4m+XCPOy6Atc3ysSdaaGgH0pY+dhm
olszlNn/gghOzI+Ej5vWu0o3zaSiASNLO050uvJQjwNmJm6//U5IbbO7My+vzH/4WGzBf3ZHCKLb5eWZKffWDVeQ/Q4n4Kdc/134IHsNCXeGWJtkMVsFp9tonI19ODrhAFB4ndCtN4KjAfT81GGYF7HxYRiphhXxrewXfkqCU0M=
olszlNn/gghOzI+Ej5vWu96wW8tSixbS8P4HWIGkXcDswdhwSlQYMflF1OGgIC5BrG+Vpi45cmXyDl3amEVzsKmny+RrAPeflEF21MYRPEXGBRvKjLpasFkxuZSxnZdm
olszlNn/gghOzI+Ej5vWu0cVQihFUP5KFg9ct6Lr9e87Qb1VLJCsydMB77YEeGhJISHf8XWQhwu3EWVCh/JWuOknSucbkxAesRWWlOtI9zN2pQiTz+bAZS9PNyJX4VPAOXjqQKuG4hqyjYTc5HL4080OId3OgOA2TcYslzt6Pko=
olszlNn/gghOzI+Ej5vWu5ghptiw6tb538xXD8+6bF5vhvysZWrrf9vgMfuqQ8CWhE6xJ0lqTMkT+xQZDTdj3qjbLaU4gxXN2guBEKzdd/Jaa7bFJopjsWCax5ILe/Kf
olszlNn/gghOzI+Ej5vWu2r05+M4YA7CE6tMalA2M1nWDF7HuiSihb+sfS38Sq/VjisTh7yxnaJc+Q9z+vjkCPRFoacp2kq9rX+THB/NMk8o9eJMSijVHyartyCBKJslNNuAv7khp34Vn+y73YGGyN8zboTWT5N38ujw9Fm/EXU=
olszlNn/gghOzI+Ej5vWu2r05+M4YA7CE6tMalA2M1l9du/y+zLqOaNQtMjbknn3YyzIPCEg8tLCdQ3Z++JK7H73mXl1XFr+Guf31I6Er8fni2y/PLDZTJ6nyDtdNHgN
olszlNn/gghOzI+Ej5vWu2+o4yFJ/wdav1j62pV7+yy4BOwaZFeiQCffECwMiFzBSJxiL4k9cQYJ46Y34RdPtlE4P8Xd1zB9BchejRZ2qKEk/5VEUbVqXUAxZZ6tqwrZVmP5gpRygFEdPt1RRznmSA7EICkKOWc8s6BM93/6owc=
olszlNn/gghOzI+Ej5vWu2+o4yFJ/wdav1j62pV7+ywi/WBLcrWY/0Q49ILR5/87nBlvhXz92k6CkaU+K7szn9BXWKLJk20/DRJhIHjaoaDzxedEjHJo0/7AXDWXsihq
olszlNn/gghOzI+Ej5vWu0w9YVQmeAfo/yGFyDEhapk7Rq0RSHA5PCKFpU9u4EoNJHuUmyyGSii0egEoMcRGGGHN3svsI1ieFAaL9/yFGGr0ieDtiZuNIhLkf07qeMr/T1hRUzi9RYvbTxFwQSJWm3uPkow0bZYTB1539X2SWH4=
olszlNn/gghOzI+Ej5vWuzJpMqe/tuvgMQCUuzImbDYmlwYMPSb5dEB7ZC8oSVImt3qCIn/EmibQru6nMBOcVEVi7gBOww+NYt6OmMbj1QrnJnHjAqCCsX5aVYX6MuIx
olszlNn/gghOzI+Ej5vWu8v1TYU5Y3dKFP8L8p1889YBrmUyTkxtaLzaYwEF14omgF2to6DaitB6EBok8gc76KIPanKiTBbu+rpV5ydtmInJxL4LvragmnGZHZ6nGcaPBg/5XKq42+OTCNEzdIuDKEcgvKeRTgCAYchrPdmtkq4=
olszlNn/gghOzI+Ej5vWuyhq4E3Lm7HUmiwxzMG10FxpZ2c5suurE0RUyuQFJIPdTbX4WJp80qjE2PSmhCboewy7P2Vb0R3XV5nmNAwMrIgj6VvT16/g8fipZJ/nDjGQ
olszlNn/gghOzI+Ej5vWu02bqse83boU7rW546kHuuVimonVdxk76XX2iVlYcoupbXSecqd4DoqjeQuseOmbfuRph4U9S2uO5eMJD2WUnZZzrdPOopM25HFnOOyrjWrPfINQqkMKzOunwxfsRqll8vE94rptImiwVbCjZGv6J08=
olszlNn/gghOzI+Ej5vWu4a9tF267bcHgeyFuQdgk0Dz4p2CHPqO98wNnsMTV5l8OC1kh8Zvk5p/7+EDM1h3yX3O5UGGmN1kFvIH/JmJsw5r+X5tX771VY2MPnAvBvuT
olszlNn/gghOzI+Ej5vWu4a9tF267bcHgeyFuQdgk0A0xnV20WEXNonHixuu2CZIXFoF7bn8oA+I4SwevyYbTQ==
olszlNn/gghOzI+Ej5vWu+2xlt7G+DdeW3fG8ja11lkoe/6xutOrlRSeRwkarlM5yB6IE512rqcj8+vErRogfx6k+7w0VSHPXLO233sOaZNYpXF7Uvx4v++do1yQhs2pfijiwzJo39yZ20FkVx4qe3xjh5aQu5Vg50i5RGkimFnFXYyEd6QvBGq7pBYYQXxALxZZR9JtTNenolR5lNp7eA==
olszlNn/gghOzI+Ej5vWu+2xlt7G+DdeW3fG8ja11lmJxzgD9PH7zK7tje/5AMVCkKYJC5kVnh3eU9e3SvqWO5BoNQDSnzotxSwdgWFCHzcc3AiNQEEut0btJvX6z6o1CxdokKLt7fjyrl3Xn3ArszjtoKn4NbULRgt8kG1x5XrDsSiio/KAkXdEyzXa4sP0
olszlNn/gghOzI+Ej5vWu73xeumrNRLXDCBbICRoa+rZ2A3eLTH+OqM0284dDbcBUmkzDTDpcJtIdpYX2ND2l6trCi+shaPURJAUITeIBDgl05T1rr3u6G+00w5bi+HjzUP5DTY/2F2k5S1PD6hoWw==
olszlNn/gghOzI+Ej5vWu/30O9TB66hINzth1KP0CUUD9HDSS0wHdaTmijQFXJw3FlDJinmPxqqInHJk0kUaij68RyiqNzaMu7CxPOSp7lFgIFtHxjwqpdgGOGOiO0Yx
olszlNn/gghOzI+Ej5vWu+3Lthmqr+YhUSOQ+hZGZfKP4TLo+q09cwxSPz1zdo8TAz/JNiZHX8V11DazuzIzmhxG64kwsbq+URyhovG2j/b2o3BsyDADsTKtXq3dWVyadzi6kKgmd+/0xkMVtX0uyYdLN82llmjmb7FSp25tpV0=
olszlNn/gghOzI+Ej5vWu042v7MNJa9WBGRGVA27R00rGuH3Fz6Z6vvQKjVUeFGx+OJbPK6GqLdDLLBhFYkd3NaQCMKzn3Hqx2xKIjvE+vsBEms8kADWrhqM2BGicz4U
olszlNn/gghOzI+Ej5vWu9T5cUQ4D+rgCam6BaHKWPoMMv6bVNuQKhcLp44kaIxn8hymIGoQKOkvcMp5WpQAuR3HLXipO+b2xL5l3FeouDbyxvFO3BjD0n8zI6G85bXEIoZdvD0S5907XCnbv2J2Gw==
olszlNn/gghOzI+Ej5vWuy9k+qvdX6gzhs9VFkoAQj88iaPe7NdpZ+KNS1nLgD374chvYA+OMlkUX8pB3rLZHdi2uR4gvAWlfBUvlvOBxTdhMCkKJOB4a291JfbcPNKh
olszlNn/gghOzI+Ej5vWux8JuobDj/mSUcxxZhghppSrMWn2BCD8P6FrENf+6FOviSYjjtl0kEjGUK9Lou49XWqxQbEPAgqomzIqklZvdfVkUdySemtysQNUdC8bImSTaSFf2ikz267uf+pFgeh3FlundHr1oYQ/TRVUSyW8A7M=
olszlNn/gghOzI+Ej5vWuwRJOaaPXBhEf4obXhPi3ZbrJZcUf21FQxFIMxIsFhLe9wclClcQDZTYlh3Ir+1lLDU4lsl+3wh8cyMmCxRHaVR2R/2pjclSO7gvT70J2kt/
olszlNn/gghOzI+Ej5vWuwRJOaaPXBhEf4obXhPi3Zbz5rhf+fp/ty1oHi1KL4YYvCMEvhhJajrnAb+8561aqQ==
olszlNn/gghOzI+Ej5vWu3THHvw3dbkCVF9Wi0p6AS+ebh4xMqQeedtfNjxYXYqtGWSl3yCV/icPzMwmj8hDTiJ2qtLZD0KLc8hn0TbZ879YMawBzYQNV5ng7GGEvF+3l2c7Xj/ib4Prv1TQWFJFxTdOy0OA8NJP62zTsbNf0mxcIwFFWOrkzvEuVEOYrWsgfCUS09aew9bn1S63uzMqyA==
olszlNn/gghOzI+Ej5vWuzLYywArDLmXaUyVvvZCiRwdLdgCp8gSOgN3qaPAxqnSzWwGcEAmcbYYEzjEU7l6rS+uB8LZsYX1lQ/iBqqJcm+ep9DbCIIoEl3n3mlRkRQpFuqu/nyNBVvcrGmMQZ+UDpT/BoHQCJdpivy7DM4xOY7N37jlZsX4CPDtWcoBMEgu
olszlNn/gghOzI+Ej5vWu6bUhk1Ebzx18dEEbWoxQcxgCU5QGgVPAvUky2ITtwwZPTLbiUtRzA9145rnekCj14nuYs+P5QkSRH/119F5XZepPtkl8Aeh5PlAP9PoRA4H9kMvT8+yNfTHTcni9JvQlw==
olszlNn/gghOzI+Ej5vWuww5YRYiP6m6a70HV0Nz5ynLjtWtvqV9ck7Ts8qZ1EtcGhMhOXeDDevSoN2j2m5QMqSCsuIIGAZhOXqY8uQLJtodfPwTkYZ9W+8UYXiADNdY
olszlNn/gghOzI+Ej5vWuwMQGFXYHIhR/d+IOYEpZHMUrjaG8Zgqcwz9aQnYXbjqAq7qouYuDhZK3oYOVSNl1CbSflZjYCD8adKVuhSUSDLTa8uPrUtil3JARrkTHZDdcxqG4aoAz65EqXJnIvAOqIS+2r9ztnkMIHliHTCx1gQ=
olszlNn/gghOzI+Ej5vWu8pRjmh5N2PPcB+vpf38rUc0zhJOR8ros0eo6gkwsjmp8rL3SblMImwnY2jXK4I+WcjRi5zNuhF/tsF1jqmiJOey7wOtEx09iuenTG4oyh0I
olszlNn/gghOzI+Ej5vWu4ZENJUqq1nJrWnU30UOqQio1iy+Ex/X//biW96Qw/ERhyg/1EVtoZZeuZXfF7CWrQ==
olszlNn/gghOzI+Ej5vWu1m48YTzB/fQC4bbcqbX9w2SMBFPkG5oDyPO550m0mSHE0WH4/XRO6OdM3yXFhXYsE5NEbwnW6r7LOqNyC6NMKiEbGVgIW7jSn6Xk/92rxKAWHcLLSH+9jvoFooq77zbMEEdUKvIKXzQkno3sGZjt9sh2AUL+EpTMlLCSSDRm9okYHIem5yBYlWOrkLVNGL+xg==
olszlNn/gghOzI+Ej5vWu1m48YTzB/fQC4bbcqbX9w0xsXk9fQwWsGPDuaOmAahitjAD0sGyi6uayEqKEBQ7WYvFA5iGYI2HFjy6ynJDXYOUV2kG3FrTPfsAUF95QLCes1dTArO1Nz8/IXh35m023Qo0Tgup0kcFVL7oNPUiyFyGpdugQ6Jai1/YIsE8G1wa
olszlNn/gghOzI+Ej5vWu4D6JYXaTxEBsKZsZi6qJL2kaM8auOQpEEx34lH2+4xbAudecHfgtwABbZe8ZbjwQgOV/FDmmXptXDvH/cEWN5+j6jDohKcCh1bpZw5qJLfI/3wcyeFX9JLc1GyUXT0Vcg==
olszlNn/gghOzI+Ej5vWu6M95F/8kOeRw/VlyZV9i4S5wF+nyoIL8nzzsb8JLP2UBMzA727hdY0PRExRGLpnevqIcf+FmbiBw3/54yK9WL4YJHXnOIl93kdNNAmD2VkS
olszlNn/gghOzI+Ej5vWu6M95F/8kOeRw/VlyZV9i4RhEuudoidCJqfi0nSa0TQrE+LAOhlji6+09GxNxqdj4A==
olszlNn/gghOzI+Ej5vWu58t67k+DjzT7nY4clMcey7LyQUN7PeC9E4xxft8okJfFWtTdY0gwVnj46NS9muWTr5ZgRX/MsHvRnAHSn8BcSwPCF6piRL/gELeVH7wmcbrZKrsIzOoT6la0gqZNeoM795rPi8e8C+zlYEe77Q61T9umbrg2dWAd7JiMiWXbNLYl5leUxHdN8VVvbcMA+3fiQ==
olszlNn/gghOzI+Ej5vWu58t67k+DjzT7nY4clMcey6lFcT/pTWNXK+qyykcgFtxRYRKGbCXTwtZ2JtVZj0fDoMCXotKLbfGidtfKRRduBEzRgSLZdU2jPvdIFokoaiBeJ5phq52oah5FOuxwUIqmgmCPL/pQoyHfq1prXUq4a4eyVIC2dGucoFSFEPUR2je
olszlNn/gghOzI+Ej5vWu8AOS2l22s8wBJquqn83I3tfuFfHcLR+3k2yZxkbuHvLDYPajfj3DnMb53mrpqMhSlizMk5B8pFfq/IRpveDyndZP3++Njw1+NSxia5MAZaPaiyIFMdEg6H5Q/Iu9aQDtw==
olszlNn/gghOzI+Ej5vWu8z/aTpV9cid4fg/TFPm8vJLvIFa1j+jJuRosoB5b5OezzvAHnzcPseHBTHz+sWb/gDaVn//SQuHH2oqDamefLbHos9sg2woDBMJn1etyo5n
olszlNn/gghOzI+Ej5vWuxpAJjP0v7YQU/wt+9XVNYyYu1hj8wqrwxjvXOd0upoJ6TYjZWdGhGQuW0OSyhngvztE0qnmERnsAp/+aQJrsQVm9BucoZXZZcu5tRCZNqXkDI516u8Id1ZPV9ooR5OcsP7unsrI97fC6OWX9qnWnJU=
olszlNn/gghOzI+Ej5vWuxDVcAqWqLDOZ+PR7LOBo5sPQbC+b1mBsYzpYMpNDVEImgu42lcpFaZlnlpSQ56vor2uBtCHA6IzDncnL6W1njrg1db8qfCmFaQZqEbxXMHW
olszlNn/gghOzI+Ej5vWu2vsuzOraPo1SOEFY+ILCTupFXQl6jfPxPhEifwD9EIGA4egNczJvB+fn7dyQVTgX4L85cW3cdYvG7oAIlZS/QVscLAgcfAdBevT2+7KNiwe6zXV0KHPjxHvE33iYTwus9aIEQxmYP4F1RF3dTfTQAA=
olszlNn/gghOzI+Ej5vWu179NpYtYXxGANHL5iz+7kDjc6NKcMJ5p0Tp5vk9NuOqYqoybz5852rOfoGSi99Rydr9TMPgk1BgzaogR+qdrQC2TlVKsDhqCc554nYgWEvH
olszlNn/gghOzI+Ej5vWu179NpYtYXxGANHL5iz+7kC2KCH2DxCLIAysjlWTgCX1Wym/MnIeZbhCz0WLP3aTeQ==
olszlNn/gghOzI+Ej5vWu+sqCFP7D2SlTWLUtLzFvrWzC0LfDqFMp/exoGbmCPBWrqZUCgMqN85D2CdkD+eb4HNkSOaJSdlJI7mUGaoBOcxn9Znnu7YNBPgH6kqpBJHANxWJLg/JoZWnB01LjSt9J9vcQwNihxq4gMpX+cWVP94LOERDUzHYmlchsa8Gzo1O64cjuNSgGUXelLf3P81nww==
olszlNn/gghOzI+Ej5vWu0azyGYq5MTZZm/E4V5wLwHUWkeHWg0FZagUk0zxGIFXCrDqmtl9aeOErxZVToVdufEzgwf813Wa9emwZPyY3frJjGvoMcTMXXO5cFY6ySSgKjXZrAMZrmOLRiZSH6tssFbZyMQCb/MSjrUU99PCTNX3rUZ2YugTTKDEi7lu3tpk
olszlNn/gghOzI+Ej5vWu/vHT7mxuISXg9TxgJk6kZqcBq/UksfgxKW0Qpmk1wCFo49vXpG/NPOivEg/v4FurfKWYoV0BXs/cQKpViN6JXYe9dcarWTC4dO49/EoLB+v4yMBhDNS81FHyHaA3QamEA==
olszlNn/gghOzI+Ej5vWu/VZqVvPduORtn+77V+xK9tGOVV5wBRcnlXPigyjXnqGhBQo9saSgLHWuI1Hc0S8mJgbxsf39HtEb+uJJhBSwVuYXiB+d4tEmNS9b+q015Fx
olszlNn/gghOzI+Ej5vWu5rn+k5JTP3yOYAU++H7HRWrVcRVO9UYzszAJcM/hke/omViJhXEhrTRcvTcY3pGVgciXWoDJ2Wopsoz/A0q4l/oya2lRisVs2N9a2T8iZl3RwfVb1ijd8AKioy2yILSEFLab2hw5E+apoS/FUj60UM=
olszlNn/gghOzI+Ej5vWu0bmxG0L+3/tpHJ8zN/aBNHH75ovpXsYr0PCnYhEq8ytoNuzHU69FqbKHCEVodhOdW9kGzvAuCt315tdJHoKuScXgHLCkQMnJOzK9vR3IN75
olszlNn/gghOzI+Ej5vWu0bmxG0L+3/tpHJ8zN/aBNGYs610WjeJN4wML0jmrLtSbK9c09y87IyLK3okDiSzBg==
olszlNn/gghOzI+Ej5vWu6hdIPT5n8wt+1lVAGZ4fKSOXVWrH/jhVlXr+i7XNp72S5QB3XRlzvfC6Zlws0Jg5jaN/Lx5XqycV2waNAFkeLLUbZ/BJDtCJnKd9Rxd24+v2a1cPW5uiZYBiOfUn8OMBhY1b6uzEipIfakNo5pGQ0MsuRcgj8begBwZgciHZ8LD+0xG3Svqzd+VHZVeC+GdUQ==
olszlNn/gghOzI+Ej5vWu/+4QPYwqNy8+0fIziNzjIZ8WfUGTJ2s57o+d5V9UENi/FsZWy27qTYydEgrPHGGLbTrkxIKNvnqHXEql7G4j7lTi6t3L0et8pnvlA/3th3rpuwoUVVhUyu3sdMqfkwXJKhsM63UOruUg86xllteH9qSflieAg52jdwfdRIDg5Bw
olszlNn/gghOzI+Ej5vWu3pvtI7WomHbzMkRRG+a7hzVJQLf7Cfb05HjCJ76eSPL5An13FN5pzbDHKlK4QD3n09p7i/jDLKTH6mXoT8+tXriMEP0eI5TKXtmsY5EZIuV1LhQj6JbVrt5GEDkRUgAZQ==
olszlNn/gghOzI+Ej5vWu7kL7rETpNlxO8L2AHq63vamhixm3dRB34UuSCdkTdNbdisgAVz0ccO6xzvCDtQGFcXuKLZoGiO55TjADrqguD0baFzeMLwE9HHIGl1H4/53
olszlNn/gghOzI+Ej5vWu2wCzYL5r+HJKXBndhmnZvCeJ7ZFYHsRPf3fcFAOS8CZPO17jWg2EZPKACCqso75xQ==
olszlNn/gghOzI+Ej5vWu5NPH+r4QIYBA44YhAuvyea3sdymprjRJlEkYX9gX+GN488o6qB/1DUGua49LxP1LgUmxu7taNp4qwfgxgIUxqx9dSOxa+FJhvubEKilOmeL7HruHJTIFjtXlaQ2pDp7TNsFI6NZo+GAD3rosn2alHxGG3jlne09F/JIMaetm0q1ve1VfdNPkiRKyYYdGISPng==
olszlNn/gghOzI+Ej5vWu5NPH+r4QIYBA44YhAuvyeZtbcTfy4BbeX5kiYtebVHoCHI5O4LL8KFq489Psnov57bXig99gD/YC5FgOK6yczAy+JRkyLg9R8wWWMBTMiUCChXiqA04m+EikKOCeIvUbDClMgiI/Ul1UC/l97IzWbbppS+dMZQqk8bZ6/wBdFDl
olszlNn/gghOzI+Ej5vWu6n/LxVAIdSRSlpQcMaw229EK+OF6Dkofas0HrOtUxwWcXHNiO2IYIK+NuMlsZaKrFhHFgyMdGMUl9DKqGyoggeDKauVCv7QycllPMUZml+aZADvFQg1adPnpnGiAeeGoA==
olszlNn/gghOzI+Ej5vWu3PpyYooMX6T78P3V2zPplGYVAXh4v3k9Icn1c4bW9g29eqrdo8cKrUFW4nfDh9GzbuvneRMC61aA/rPvts5XUiRNQHxTPdxW7PpXlqYpIX2
olszlNn/gghOzI+Ej5vWu3PpyYooMX6T78P3V2zPplGfaZbtKbCqqBzVjpybuKtGLjBIi1shGcY8TU3wuyFVYQ==
olszlNn/gghOzI+Ej5vWuzSO64LWreY81fbeG5QMvRyzzkoOI7xXCr2Ribig/ncj0K7Ef5sWbfrJ7aFKlYEypal1rTvG40MOAmnJ9t51YZZK2bTd+VtRtqLyWSDwsMs27pQbE919PlwI6Pb9WaYtdk+Ig1SsT19764tkYzrb7piG4AN3zodhTcymFF2Cs9hKUNNtamCJw7aIAoyqgBQFdQ==
olszlNn/gghOzI+Ej5vWu0geaHYbC1LZc5g+RzkAms55hEgLNu7Aun5fE05G3Yb3K8Tf8q+xGkx0c+8k+mx7NOJhYO1212TZG5h0ILzKvkevg2y5OlaE82ElsvYjTFtGFQIf8kZQdtWGOCYTk0i4fGyhWDcawORR+LhOaBRcuHr4i19Yyol+rCuiKEjCKf0J
olszlNn/gghOzI+Ej5vWu4PMIcEXMC8z0m2znbfJ/vL5gv5wZmuE3CIxQ5ThjmpOO/zQueOsnybPgwzMSFFSJR5GLieHlBCOajbwRoQ4hBWbdOxQVjHFWZXagiCqN0OXU9RLIUzTIZwSkXPzgu7IFg==
olszlNn/gghOzI+Ej5vWu2C5MoHLZJeO0EJ/IzE4h4m3maTXr40gReZ56NTDPYPRl2Duh2LFbuGeWf1Bb4TY8gikgSOUe+H74h7rWwjXbxxiTqwcoEadltZFOwLe1FPH
olszlNn/gghOzI+Ej5vWu2C5MoHLZJeO0EJ/IzE4h4mP6w5X0cei2OR43zpE0j/RKJIDQSmNDkw7iyiNPgR/+A==
olszlNn/gghOzI+Ej5vWu2C90uEFtNB55K/Wp9nMELAI/c0ixbuBlpAqmNZZ8zYMne1NMOXBDofZixXHUJCkAGfhomTDdgR4v7G7juOIQEJomXEGlBfu4P0TG4CzB/L4GFiDxrcuX5PzlW9sgGiaCSWzcj4gVONh6aNeH6JucxVlvCEUctt13sz722ONX4I40MwK75PAP4adT0+FYV9eHg==
olszlNn/gghOzI+Ej5vWu2C90uEFtNB55K/Wp9nMELAI/c0ixbuBlpAqmNZZ8zYMHBlTrz0W5IegHK8ZMPW4fEC7nYmnQ/pGWAfvSgdU747Qed428NKMYOUprgIT2mo+BivPFyyBKg4F9mQv3Z4uRPBWz7ftpe3NDltvUApJCdWp5ubOcE5N1Nl0E5785nE5
olszlNn/gghOzI+Ej5vWu8nTZzdLPLvseLfd2ZWNyrECXTgi8djga0AU1vX0vJa3CcsPGNoKc8Swr02JoEYdAo++8hpXrvLsL+xlDS2UvtiRQCQbYbph3fRM0NRQ0XomB6sn7JpGge8Di+q1Xaz1cA==
olszlNn/gghOzI+Ej5vWuzDRZvbhxp3m+GQi6B5OqSuu/fHUr0O90lRrqDBaXDK2uc5NMSk/cm5NHs/cHmAM2hrJkVkuYm95ym1qcFtGmNSypyrG2rwoZkN58OPXGp+g
olszlNn/gghOzI+Ej5vWuzDRZvbhxp3m+GQi6B5OqStJtEqIs1/oq7rTiAZ3kQVZAyx+JhDH6mlakCQGXw2/2w==
olszlNn/gghOzI+Ej5vWu7j4FzsOEGgTo7LFQoIl51oHoaDJJU7voiYvM5xYoP65b+RH3OYP+JB+2ODtZZRWTNbPT01nzQgSA59fmytg8Ip/57Sn09AxTHazWaj9ubv52fRXBQf7QgZ8GrYnoUN3ibKt3Ip9V6fn3Gq9hxuBi/wBeQExALBYQ+36OtfEVKp10qXqhtyqqGj0tcUURkAHag==
olszlNn/gghOzI+Ej5vWu7j4FzsOEGgTo7LFQoIl51pRSMGctWw03KBTc1zLDgmFe0Mh5WSpiEYQVtpzoWrzi+UopiLjhkCIhvNfZQezlLMr65093be0KlLGGKBOcBdcQ5YBNKahrMBVxKP/cZArii9deqKZSeDHDz23cWqYyS+5d45ILmhTD4VLsqQieXXT
olszlNn/gghOzI+Ej5vWu+tYAZGBmpOH0nuTi52YYhUR7YjtvglZkswihqblNj5ysBQH18SVjCs9ezwbYVrbB022+/zQPxuNp0Aghney7qgjARXzm7zNdzVhA1+e8K/PVs0KBqLe8TySAWVq32jbCA==
olszlNn/gghOzI+Ej5vWu1KgI8RmXot+HRojdZgSIPNeQ0Hs4O6wSSB5HNUdaFKD8Hk8lNQFhPBZQwYMbzbCMqBnZjK7Lu7XVvDVmSpx4QJoaBTsg/Suv/oBmgoa7fbH
olszlNn/gghOzI+Ej5vWu1KgI8RmXot+HRojdZgSIPOlaF9biTl45jPz2zcjC/hepaaYh1zuqUXHw1r0NWU4HQ==
olszlNn/gghOzI+Ej5vWu7IllP+oJDAjhb//bCK68DhQfc/JFER3jfxESnZeSgoYXNoWeNhpN2vgMQP6PbMdg3ThxbQX1V54FP3sqpM8g6U9ecbvSCP8s5EEEgvWATtgj0V6lTnXF9xzuGc9ESBUhWtw2u0bsnMevdruHUiFsnEJ6TWCasKFICIS/NCTKQmjREKSwVBkrnAD0pgpRt8jUg==
olszlNn/gghOzI+Ej5vWu7IllP+oJDAjhb//bCK68DjvsVVKkuUlMZ5Otdm7oq21gOYaBxWVB7A7nVEZ4huHffPkQDnXTWt6F7Jp5PZSVCjN9cnVNa0kSgM+J95QLvqIWWiJUa/56xpNcZ2mDpJKvPR0jEwnXpB60MJrIrolhiLbXMaJPFnQLXCw6AfsT3L2
olszlNn/gghOzI+Ej5vWuzNcHvx6dZn3Obxnk+N+Zo3vkfaUZ7nksGGxLtKYZ6V1T3Zf3sET5Kwvs0qbONXZxMhpXWqSqUbyTFqIvL4CyNb/tVlCvOfQlaGvLf7tZ7u0JFUqN7a7ssc+Hf+HsF6IUg==
olszlNn/gghOzI+Ej5vWuzRvJ/vai7lJdNvMmuOknPlPijhN+yg9DH42MYyFp3cd
olszlNn/gghOzI+Ej5vWu9+ppLRhSmwJKSpQqH76UT4NCF/t/aQVHyUUK4xDUnLItOXsW8QrRMzStvStR9OD3GTQyPW1asHlQQ00OUkAV/xY8f+6DjwRnOTRie04r1JY
olszlNn/gghOzI+Ej5vWu0nvsCrag2vA0K3hZHCCgNdU6iyuzf9QO4SnTZHP2ExWLVxrjuyAkNth4uXgsCQfdsZfrreH7DTNSS87/sMVRUZTtuG5XGhfq7TRciuOALHxu54wXM2btqtMtbrRNDAaUwsUNiK0nzTkXKccR1hQeDY=
olszlNn/gghOzI+Ej5vWu2/RLQNGaIpuaZVJdZ3ipJX7PinmRdnTU4gHYRPHX7adSrtwwtcpSKDmt010V1Eii8dKvRJB/eAvV9bJGfFxKZcgLrNiUjcEohNTKefTzzFd
olszlNn/gghOzI+Ej5vWuwUf/R1Wxp+a6a6byv2ZrCreUNwF1KhXX+wz469+txBLIc3zgwOrVQS8fpvHI5N5yS25RGqAm2zIuHnCCZT3VdSc1zsDDUBxSWGNLmi08718I4nDkyBJWSVfk683pOSXB7tojoBM8CNuB3HmOr5iCLA=
olszlNn/gghOzI+Ej5vWuwUf/R1Wxp+a6a6byv2ZrCoqflFRUCxdAVUwQO0vndPjd6XeZNfbyH99r74M0KFaM0BGU6mQAFAWLNGh4JeS7Xt4ABQo3HYgrgRTsFeIghhn
olszlNn/gghOzI+Ej5vWuwUf/R1Wxp+a6a6byv2ZrCqQfFsfqQRsAYbsl7fxEb6+RTpuE/wGMD42jAy9EzgZyfJboIrG/CXilxPpH+UnZBK/dh5Kdt41FZPwBukgN1IQCvyLxLSrtW2yVXB78B5/0lSM4CTE3/SV2Dv9D5+Puls=
olszlNn/gghOzI+Ej5vWu2kpknMtqYdSyrBkiJMM7zbtIQPXeSXlWgFw8QuuMTTOpdJFcTc7CbZB7k/LaUOGAmJO0Aq0llqWG4dsTWhNj6htZoMsYYCMWQ596u7e+IlsU+392/VhWRddV6nJgzB42FimZ2tL4cIF6p9PVzTTSZh2xnriwguPNc58zGmcjfWxUEkB6Xv2pexjki7m+dz9Vw==
olszlNn/gghOzI+Ej5vWu2kpknMtqYdSyrBkiJMM7zbNqd4deQ5yGm3bvOZ09yyrPwyyL1vnrDc/uVZ1ooa/tvdCRFrJASMmHS5EYY2aR0mdG8rZ9KJar56N2FOfcjrDYm+24cU/Fzoqvk54akdeuKMDaaoGybDDoI5vwrBe4zPOk4SUo/BxczO9yxQJWuVP
olszlNn/gghOzI+Ej5vWu9tRWDu2+4Y5DHCzsGB3ln+qbqp3SRCLay2+RxwG20it2B2neBmzWAI5jST1SjjSiN/vDXbt0F5q7pG6dqitGbRZ35UG22RckhsQDc/BDiiD
olszlNn/gghOzI+Ej5vWu9tRWDu2+4Y5DHCzsGB3ln+xvU6aFDwkthixqjie204PN5IKMQFBygkK4q7+VvbMMw==
olszlNn/gghOzI+Ej5vWu+7phYnK7O/Xv8SWONURSXbPmMk+bPFmzWcwXjhEmSY/9UB2axK2JqA7ghW5TkkfUMXzdcOsfcAiVUEUpX8NumZ/CAwhDZtZYWW9SbA9g0K2v4BF4BtK+7SVfWEck/Payg==
olszlNn/gghOzI+Ej5vWuzhMH2efzE2KuiKDTvn48F8CcLD7yM9i4QEKBE4UuXkiHdqklB0M3XUJTf11SDZDqUyaE1C7kgsQmOpjYlsw6IQb499UmXIg97xELNYBT1px
olszlNn/gghOzI+Ej5vWuzhMH2efzE2KuiKDTvn48F+Z2n4MeC6eerzTkdFpaiU6KJZ2V+F7+6S1o+y65cdu+g==
olszlNn/gghOzI+Ej5vWu9J32UAPaM35SOCAL8ZMIP+XIGspgi+UmzPVRB1+JGV7dI+2kAq2gGRuB9rzSuTfAi5LfeHyHfqDq4fnaYKuPZeb3i5cZMXXivu85S4auR/Kk3yRvRv94n4/f+mAj73XvCXN+KCbO73F1L+YLVP3l3u0OsceUe3bZrukmfkU8npxMggAJXzUcoDYbjtopsChPA==
olszlNn/gghOzI+Ej5vWu9J32UAPaM35SOCAL8ZMIP+XIGspgi+UmzPVRB1+JGV7wZU4bVDW/h5ewRrYq4Do3GXvjO7feQiykoqKotSEHPZl4hUhZ5ciblkkC1KMUPJYsmGbSQRrOwe2M9tDVENOT/DO6wsd/ETYbokZ/xHQKQUh2U32kJ8Q+fF+m1oqbAqa
olszlNn/gghOzI+Ej5vWuzmOtSJeIaI1+UfNxlyEJAGbls8kHvvvtzxny7c3b5EZ5qORlDoFTFvms/UMrgiyXoAlVb3iVPX11TrG5/LRWryOlQruzNk/OPzFcso9A6mSq0lOYzyAquTJjuALCsAKPg==
olszlNn/gghOzI+Ej5vWu0vyhI6J3c0werJfgnFTYyRWImWWuCbj58uHIst05L0k0mXGBTGR1S1OLqbfMPNOU/YCXdcbk9LJD4EzTbMsSKylK4Q80ypNSNKPKWai2xvj
olszlNn/gghOzI+Ej5vWu0vyhI6J3c0werJfgnFTYyTR8bEwYzGDcCRmdhTIfj9typ3P8PYqmaK65EcU2Jjy2g==
olszlNn/gghOzI+Ej5vWu6vOWJERyc1HzKBL5DY7WQEPSOGU67KV6qWDokRnyZlksWsPj2th9xGBZ3qP91F5OBgPRV3g6Ap0DiaM09jTEkQl6oAm9EgZ9Szuv+y7UsvkiPQp+yjkPKWjCw+yaJ6oUO217DPLUDY2XOEw3ckHA6LIanMV4NSz9czSTjxRSEAI4JQZR+HuQzsWHydO53A4pw==
olszlNn/gghOzI+Ej5vWu3C+3i8KUFYwqEZATnlYxFEEWVyS/RqKemxP+4GgTBWG2RP1H7mqnyMjC9R9d1ieBdYWTtqSXKojXpfMF5CHnj3vGTFugfMVTLMJxFsIlKzKmhwMuX9zv4M6psS1Q+mL/vknYQSixlF/rsrSanyQ6EE+EqwjYtTY13cD2GttVlh6
olszlNn/gghOzI+Ej5vWuwUhs8H8FeP0nCKJgw3QFhTh2SeVKWL+8XPDvtzGKIcEykw6sPoeoqIGOhG5QWA37DZElS6KpTLAWys69pE7XdkGZPlZPSQYwTgzk/5PM42jnPVOM+0DM/b0Ug3NXIQDBw==
olszlNn/gghOzI+Ej5vWu1VVO7RIjdf1CKK2aij75OpP5yXkxNr90sZL+bsFAmkt
olszlNn/gghOzI+Ej5vWu1zMND6z/t+Tbyf8iHSEPGP9/WkEbS0e6Wq1Ex/NnmUiJuOQE9a2NMj3t+u9gHMx54SWyoB3q4PBMNgo+Li40URxHiSoQ6xDewcfQz9KNTPv
olszlNn/gghOzI+Ej5vWu2iCX/a5cNKMVEYmYCEKU8ZRC2zamUdvzVskPt0BHpdrTZaUCsAkdtT3l/oPY5oqyzndwKTcYHWeK+H3BAaqL/4Yc3ammy2D8sTYK6YlyiOn
olszlNn/gghOzI+Ej5vWu3t4De0oPXYqE4CQZmlecOfqbPuDwk+udEjA3yyVFfrnzaGgbuekBqdAfkZzBzIVwENfzM1xkX6rGm8FijIkRr/uKW/ujoi//aTqooPweFpLSGhVBCAKy1NveMoZ3cyyBA0ArexePNkq20LGRJQfPqE=
olszlNn/gghOzI+Ej5vWu3t4De0oPXYqE4CQZmlecOeXzuPJl2j33212B5lpeMsTwK+jrQXnooL5Fiw+kHravV3QsdSvjdH62UUnEhjmt6TGMLX/7h2EYO7ON0SUOX+T
olszlNn/gghOzI+Ej5vWu3t4De0oPXYqE4CQZmlecOdRsi71QXDV4ISH+aoLBAxgmjAcmb//zua8payzHSdisZxS2SLdZv6jwSgzOQz5psj3u95gwWb1HcHyDjUIgCDnApZpbEK6g+ODtsSed7wtVfqn397Gnv5S3o3tJDCOr0I=
olszlNn/gghOzI+Ej5vWu2Lumonk9bRiY7YJXLgvMx0CkQbbHh58+Gejmb1azhPo7sBGWe5huEqwFnvDHc87LI3l5Mh4En5j29g37OacOLkYWHULG0OHP4Z/jlDMwuykJxK3nrq7/hC52JjBwkdZ0RqVl3EF7cpOKf2eIvXi6Uk=
olszlNn/gghOzI+Ej5vWuw7z2LdE+Yfi1O7SdwzgqtrsojlrurdZo4gH7B4oOSRro2IBVfzHMDuy0281PXEE5Q3LQZVXnErCQ/513eJd0EqaWm9V38SMwz7IvadyaFfI
olszlNn/gghOzI+Ej5vWuw7z2LdE+Yfi1O7SdwzgqtoALJuDC5DIzqRdsXh+aLDKkhzWSTZ4GcgdlPf4qAAXFg==
olszlNn/gghOzI+Ej5vWuz2AKoLJF3Z+cYllL4/GDnfFBhgi1D27P308XzA5eRMHjf1LmRPeQyGC+/wobm1Xt0vvwl6ZwMg38ESA0hp/lap2DRkqeTdQ8zWISlBeXX1AQiq0StYmKkprgxmi0xThjlpEv3rxhEd/vP8FgnT5J5YgjUbotqK78osU049f5Dj34C9UMExnKmaKW/pZWmmjWA==
olszlNn/gghOzI+Ej5vWuz2AKoLJF3Z+cYllL4/GDncBsxhRfiZgQgJwkWXWLKNgs9IW+8qJhU1FU0WF4QKqahJAijmDyKyi2wsCs6sh5HiBVB8h6/VBu2JajbybFKasIkq5QnmhELlAUasOaYxcmbFNLwk+C4vuoj3UOOBE+xX52SBsyAHQ/tRxktpZBKId
olszlNn/gghOzI+Ej5vWuwZm6XTVOSrD5y1N2frLdzoq5jz8HJQX1kSJtz6ceIK4a5ewGH8MBOf09jUkKbr0JVmFuv0G3Beb/G2+jTIyitFmrON3g8RqdgdmUOiuCoxhlmT5xWZ7K6F8dXw4blm84w==
olszlNn/gghOzI+Ej5vWu9Q1r8RxhdMo2sX9Oy3qmILenHgpR6+/01WkWQV2N5/nPoJadf7yxzj+GX+sYc4/Cyc4TRASK4e9RsQhNULlA8V+xN+5Y7hUQ7VpetrCFH6R
olszlNn/gghOzI+Ej5vWu1bi7cWq9yfxSuvN8RIPpHbEUliFJaScO24SwWxlHgNlPBZRwrFQqOE+crKZWnwQsb9lkmQK4lD47021XrTxUkksASDsCu0O5NlUGrgScXI5hqANsA4vlb/9XgFEnP1x6a9V7CdzmTDox07smw3QZoo=
olszlNn/gghOzI+Ej5vWu91qCwyxQJj2pxdjfuB1iqJTKEIx36ehz0wTVD8JVFrVV+oiGB59qVnJDJ2LJQDt0rqPeSlqsEjAS7DfsyFU46378oIEIJ1tPWeKoo/E6cnz
olszlNn/gghOzI+Ej5vWu7RYOwg+Au7FLjl3UVbOO8dbaWr4asYr9yrQiqzl3sfOLJY3ZA5LrtHrx3YbAfh5uFyco1/k0eBFuCDkRf8c0BRQSv9DAHC6iCBvkm09+xzSlVViuBjNs/Zexe5Ye7NsQ/pAHAbIBu9yyqLuEdpMsWg=
olszlNn/gghOzI+Ej5vWu7RYOwg+Au7FLjl3UVbOO8eAtQiKV+ejAXyCG7GjOlcdivASVj8/sg8j+FL1mmv8LPigBt0QV3avrDEQUf0lxx8i/z4J/tOHaQ5GFNICOIrR
olszlNn/gghOzI+Ej5vWu9qbXspPJgbauxRR8FnxU1XCw+Py3d0hZKUdX3HP9IMWG2rLoBo8rj+LsX7O6QTymdckKPNfYmE6OOpEL1L9Q2ROZf1xa2T+fRBU5/D6zHjPi7KjweHuMbeTR8OqKrchGfvdeERjXIVBzAPXBgqkeKQ=
olszlNn/gghOzI+Ej5vWu0+kGcC5G09L/bo4ivR1Z+Z/QpP/gwbrNJlVJwpqFvy4Q2AtdhzDevY/c61E8P2uhubswCZxD6xRfenp5Q/NLtjxWw0MN3hvXrTVamD58Dc2
olszlNn/gghOzI+Ej5vWu6GhR3e39YdXrZvVeDdy7k9V28fcMxy5E32USf+SerMkkkvHduhzojd9vmiAwDUa2CKHilWOOb5wA+1YW111wM6Dgs7kKPCzKwOIMCIymJaTrNa7OkRjNDW1h/y6NfKcM0w1m5TA6rFUNpS1u5i9Gqg=
olszlNn/gghOzI+Ej5vWu6GhR3e39YdXrZvVeDdy7k9iqPYx7uM6kNW3NPaOqQ66FuzclD2HSjWV8i5GAWH7B62vKjnPbvMtVLJ5Fwte9/Sl7uzHr8gOhlH13jrj6dSq
olszlNn/gghOzI+Ej5vWu4YveyDUfVoxh7mo4KU5jIuWm9eBcJ/Pf7hbkxoOvyX/XqRXBTF3kKDJRSu0Rml3xixpJp5MFK5LF+BqpmglXJ4zWetOypF/DoQNXa+o3I6lujkJaYg/ZJsT1JIax6spj3QLv7PJ1+8A6H6md3XsfAQ=
olszlNn/gghOzI+Ej5vWuzPOlVMJL2cwGTaCjuSy0j11ZsykP+Y1rOsAwqbfWxxV4fx9H+OU/XQyl++vSooljbqnRdyYxaFuw3sHhxDqxeBAYKvlgBALY6zjEgp6ycNY
olszlNn/gghOzI+Ej5vWu9e+4bXgNxK+3+cfLAOKuD46xOC0J8jUIq6P33697crEzOcDJtpMJuhJ4O/4uAVrGRhz1zw2ErBCpKVLUfXhO6Pp91AnubiYgnBsKQ4RHUQtcc9KIX4T7GFKrkS8yWZUmwA30pNuke6LiZvvvy8LjTs=
