GmcONIA9PFzHw1gpPLLPoqev3ytAH5KO3S/CJpMsylg=
35kyjVfwBJgytCi6KM5Vug==
FNt9orFfFSbPIXNSbXcP2Q==
gE2g7VQeqq0h5MkG44fPUw==
A4ZCFW7RnVRfEnbtNxUDb8VFIQmzxcIFLuiIjRY2q84=
cwgQW1UgxyVfBeSrdwXHsPE1eoSAri+NViVSjTYe4hg=
pYn3RyiaY4vz2unSybTHuw==
mAzeFbkWBGyzJRgEWJSZYQNn44wFaguEUnqkvHVinQw=
NiGef/LGs6v8Em6sqLz1GYGKB0111uCW/TAqgkiW0+w=
2lfNnhNY+w/3xMaMUxJbE0YFT/wvMlSDz8Vrd5FEs18=
olszlNn/gghOzI+Ej5vWu+QSL6zLC0H/Iz09A7qp2HtuRA9mWF7vxXpU7GRa8uMSLiU+K544h82/wUpjP1T4ii5W3tC+ACpu6d5AWlhRJPPCYgVuunVx5q2B+0LDxjIsB5u9PgNwk7GvsLRBHva4WA==
olszlNn/gghOzI+Ej5vWu3R5bU1TTVsqB7p/Fo+WAy93/IYJZCmGkhv2wErSeHOsVmUR7Hk/YPCBGXb3MfHNM4qVkP1vNwyLqLxemr5EUF121SEQ8QknydOzV1yfjJeQ
olszlNn/gghOzI+Ej5vWu3R5bU1TTVsqB7p/Fo+WAy+YUAeRqqgOao1yHQKkVbamN6o9ZWa8/do0JR+zsYfOcQ==
olszlNn/gghOzI+Ej5vWu0N1HfkuWfJ95dUPmuJ4fTC53v5dDgRRlQU9Or5qPaxXXCDSrkGaysjZNuHHVLqUpG1oyGiW+w4vzAJdzB6J9uAbfZz3SZsBaLih1RwJ0sRotbmGIda2KfJo7DvZRw2FdNH8Z+BgM1l6XNtJVX+OTLdygbbtFUjM113Wlvj9oukN53ipkFn4Vzs4lVYRJ33NRQ==
olszlNn/gghOzI+Ej5vWu0N1HfkuWfJ95dUPmuJ4fTAfDHBWGXqsGsc171LTHGQWI57NVwWfyLBJe4Y/4/rLeIDqqUIi08GdpE/UDUTuSAlj4//R0Yosda4HSSaFdMSA47dvUEHEvaj0tH+l9a5H0GBruQjwJGxRYu6KU7ihbFQqnp82VIMoYYOaWLKf4w8/
olszlNn/gghOzI+Ej5vWuxVq/x/eZeDqR9cwQEsHFL4EhKAxprm+Al8TicLhm9zsHcH1t8ffY4cPsuXqN9MyVEwVeliGx6ePFEk2jqqJJudxaefxnCkSPDmVxd07mofaZX9E+0hQkPunDfUbEWp3Ig==
olszlNn/gghOzI+Ej5vWuxLme9kTIMHU1jtot3xOOhB2mTan1xvKTMnO40UhHtK5
olszlNn/gghOzI+Ej5vWu4tDULBppXov55s8E8Qo1piapP3T5e2Ri2jBkRaaXGYpYkR2rb746Ga39DhqolRJFziSgDN8/bRgJapjo+uS3yllta7ZorfuPjz3u2nMunVm
olszlNn/gghOzI+Ej5vWu8AgeQISQhExso5eRUobD0kdLdqhlJ42pXlnZgnsAus4IeOi1rLXHU89X1jjmpKfWYHA0ZOu9z1k2xzc2hEf+Ly3V+rGjiDuv/YHuYXlAQhav+ugtYLoa7LFxng+9e6535yiq47PxHWAajBCl+OWW5o=
olszlNn/gghOzI+Ej5vWuy/4pnZDTOYcYztY9iWHMNijiP3O1Ul5tR5dNMoggL4q3uo+SQ9yKYPirxiDlyyZ0wpIZP+H2qaf855+i+Zc8PlN9n1uL/anzQTp/Yc0Xsnl
olszlNn/gghOzI+Ej5vWu0SFWDzoBpDgmjaL7e/LbLEq6VVqGUaFge9KWwrWCWL2gS2dsoqVlj75fi1fUqYLbeYo+NudM2qkS8frXTi96z69NPJFhpI6JXz560BdjeN/nKWAZvEbnGv9vWD+hKMNPecINZSrTs9ufGJ6DgrYWWw=
olszlNn/gghOzI+Ej5vWu0SFWDzoBpDgmjaL7e/LbLEz0r7+GVgVW9FAnm6lbC1oicHWoS3soXj9dxWyEpUL/5iiySF58BetxtvCDjlnoEGuRyxeI0h+Wl6RIM0wTb6v
olszlNn/gghOzI+Ej5vWu0SFWDzoBpDgmjaL7e/LbLEdgHLGeQKjXyNps2vnbqriUijpH4mi+RUfnleJiia01sdqcMw/bYt3KFBf9QySHQhZ6gfJvvD/Ynk+xbzTBXmAJdtgcLrJs8Kh8IMDqbHavpKwGW2yEO886p1kkQH3+rI=
olszlNn/gghOzI+Ej5vWuy/0+BtleADB/s0okxbMCZIG9XN9uPg5Uv5vGkMzw5OSDPRUfjYSjMZhRojCNxhimixOHLECk4Pvb0r+JF54yaFGnHjwcPkmA8OiDjJSfrAb
olszlNn/gghOzI+Ej5vWuy/0+BtleADB/s0okxbMCZJfuyDDlmPDk4VfaIa78z9zIPJpor2L49/6Sd2OkWP3Rw==
olszlNn/gghOzI+Ej5vWu3r9aEmObonjU7goNBvS6zcWlW4KxFH2ciAcO2x6dk5ObmtgLhHeLA59gyaHHXZrhvn6I7nMeX9+U2G2nzzjOqv3XYASfLXPvIYgvk7I4lyaVXGl8kFO8G29S7Ya9k6Nvv0qW70KbYpvwp9SrKnTe81deFpfG+GNSmd/Mv2FVtGpfPewiZmHlb2bz5/eG6vuCQ==
olszlNn/gghOzI+Ej5vWu3r9aEmObonjU7goNBvS6zcdaA/LVeew015N0Nij7/w07fPlRha9Dle2jgs22WW/05THjz2s7lGishSpY0OQRUzxW8jrhf4C1QC5zmVZDaDTeRojise0AJbw3/+3mSP1DgGzsruHXhQky6Op/Ze5uyHYzkLL4j3dn/mQ5WJVcE4f
olszlNn/gghOzI+Ej5vWuwh3hgTAnoLpYI3e22EpIYrukvE/h4bDWh/q+L/Rqx9WqUH1ragM33b+gBCaIUEzb9qM0746hVN+9TSC74UYSxo6tjaI/RETkShKyIAD9PgWalJDuwhUcYfKanIZVu6egw==
olszlNn/gghOzI+Ej5vWu6+8VZ+I0AnmtOLv9U7da0/tMuNR9+9g/l0AQ5wxPBdleLKWYRWd33QRjMHVMBLFvzh8xXgGnCWNBX5SFRrL03e/fuRYshevewAiVXhYKOnW
olszlNn/gghOzI+Ej5vWu6+8VZ+I0AnmtOLv9U7da0/LZvqMNs2EQHXvD0nhNQJMoLykd0ISUWNzEprc05UG6g==
olszlNn/gghOzI+Ej5vWu7G1WLkR0HVtLg3eA7jFaO4CQ7QoZWkbL2ANkWgB1kra5Y0G+B/AcA8egxDdV06vqc/nxk5U6D8+sAb4FrYPPPxZAA/CwewJqjGkZQPT70lX5jFiF65f7VPI4ouk/Fd/o2qnXRokqvcEpnWGx1iLXnNMfWf07oUIIbGBmvv2McnQZkSxguLgoyZNTrMYnKcoEA==
olszlNn/gghOzI+Ej5vWu7G1WLkR0HVtLg3eA7jFaO4CQ7QoZWkbL2ANkWgB1kraqXEYGyyIaMX8z7UBptZ3wIa9IZnCA03l0hLmOVdiy/L4gfNHQBPRynpZ2GRNn16CeJmVe6ZWnsaG6RQJ7rBvj19iLuvlnz0IayDN/MveLUogpWm5A1bBqXACC+HydkOD
olszlNn/gghOzI+Ej5vWuzbWZwK5m9UuKqB8Vs1kI5RCOh+Ohqkp37bQYiGcgcBmw2eQEaoVXJ8kh0L87adkFGiNkOOkMiTDfYQuYpZ95WKsRZBqOR0d/61rgLZK7zoJjoDTibdaveqEstqh4TVGsw==
olszlNn/gghOzI+Ej5vWu5vwMEPiztONX5VNP3s6MQ+mdckLBTjOfXtrGAhW7Cz8RH1oG4n9/wQENd3/AcDsseyQnrafo7VMYotyENdkJ9TM5wa+Y4zQpC4QN5tJgNmn
olszlNn/gghOzI+Ej5vWuxClVt0gm9uNUuujoSqX0rBUXEV2oL17i8Xp0uL+AAjWXGWZJTfALpaqNfVt8JcLWA==
olszlNn/gghOzI+Ej5vWuxClVt0gm9uNUuujoSqX0rDdmuMyKxj8zOdsRSU5Xc9hcpRZ7SmfEkwkyRPGklspWKnsh8RlYw5jak//AZ5A6WRgihGrzEGCHekkKveN3tCZ7aX4Gu61NdY0r7BBnoYRG9+BNGNm+GiAm4MhZMryxBU+p7RzY1sLiE7weaX8HjpVSbqhzPYYbDBsL7CW7pdBxA==
olszlNn/gghOzI+Ej5vWuxClVt0gm9uNUuujoSqX0rB21VnekJ1GLSG/IpCAgkZCwWiCdYoe5EENhGnFRUonl0UFnbN7yglLaJ4D0pQz4ir0HznU26lSwp3WvhscAWFPYUOz5NCuiLRPal1EhGHJLk8CfYuPPdA5vRB45LTnWBd4/6S3i5ySLAD34+gOr9B2
olszlNn/gghOzI+Ej5vWu4OAWUJAHlem6UsEh2LYp7svesRRV5uF6QOFnFjTn5WwoIPdS7F0p3zpChc2ldAJ88Phayn4Oz09pdvXCCejyMFHbIW4896WK5+ydTzLT8JqvM+5bf/Q/Z/au9qGK5yu9g==
olszlNn/gghOzI+Ej5vWu54d12AW1NoFqwa1yR/WTUz1bdj1PDd3vt0ux0EtlPNW
olszlNn/gghOzI+Ej5vWu4L8W7EX6zL+4vrmRc38LYpJAqopeEF/OO6Z/OcdPYpWbR49DfMpID0e8FR3HnfIoKMDHrTeFIW73ufk8vrg9x9UTrYoKN+8sJ7Q6WZFMYRS
olszlNn/gghOzI+Ej5vWu1tHSgNSJUkF/Hs7lKGZPjgIyajIi46dOLIF1R622teg9CcOonLb0KtZtGBaZSaLC9mEPDKTARkGgsRmegy8GH9amWvlQK6HNB2+p3pWBURL
olszlNn/gghOzI+Ej5vWu5XNYDQdNf+w9TJzzHgo/x03V0mgeKlqZ4G1og0FNqxO0LYvqjzoxS86p6jiC4LZYzn3Z3UxZWiX3rZVbR5P/YRUBghJN3SICimfIGfKXgWIhWbQaQzxHnhLq6fKYXdTBwpwuskW2Ejv4Jfz9626Jw8=
olszlNn/gghOzI+Ej5vWu5XNYDQdNf+w9TJzzHgo/x1yI7GL2kb5BZ9Aai7G5h3QkPEXYD7ehGybdFEO1O4O/sbN8J3yZjqlvM79zevG0IOJNIMPNh/pP14DVDTHW3BM
olszlNn/gghOzI+Ej5vWu5XNYDQdNf+w9TJzzHgo/x3xtYCiXoS31YhGa45VL1kawbgQvPHN69m47zW3jsYkhbOQilDRv0MvJJ+8iEIIHnfxUXjvTLqvlQHN5BYeiJ1DBo6hvkilabO/cZQHajbVJE5X/OeClNMFEww53EjAkFg=
olszlNn/gghOzI+Ej5vWu7GB+Qdpbn6NAINL09u723lNd659t01qWdEm0cI07MhSEKxBrZ6iOpKmbV6yNtIPNpJSHp1mVXHs61w3wipU4u5KjHN3gmWziNsTyphUtVvnZBMI/6tF1clTDPShVpCHGYFpB1eEGxxejdNi3U0AAXY=
olszlNn/gghOzI+Ej5vWu20H2LhPWWsOOQadQxC647nT0qWySq+GrZ2+Oqr5EHgvZxzLqBonOvQE3SIW88SpO4N8VOrbJwD2Qlc+oly/EI9+WnAZ63f+tIIvHJ/I3ra1
olszlNn/gghOzI+Ej5vWu20H2LhPWWsOOQadQxC647naPRmEE+UyVzKWDPc12DShZQfDmuaVd5T2esUfwdRZ2w==
olszlNn/gghOzI+Ej5vWu+6K2NZIqs1D38YXJWwXcHypoik5pXnWUOr10AZ2dNeg80HOLefNVhlYIuaFe/EKWaa/rSLPqoSm5LtFuWlBj/McdmZCc+SvO+tSdN1wDetRXSeXRhIwKmY/nk5+Hn07nQ==
olszlNn/gghOzI+Ej5vWu3GGKJUMULJ4MBGx8TtglniUzuh+ZmxeOQCnqTOy0SP+rJX5IRcJxD9QoEOAMzr5FwRpWaDpG/Z2kA9vl+Kf9XkZrgjUXInk2QD2EI//+GIwXhcULf4Tf5zZqm+zLZyzg1mpCFOoV58lx9sDq33Z0u9m6YhiR+y+xfOn7vsQw/4ekpujV1sLtTnKSy78WVdCsg==
olszlNn/gghOzI+Ej5vWu3GGKJUMULJ4MBGx8TtglnhyGDTlRhP1nyVFV+4v+gn/uDl1Mv3gqJEh+cnRqVL9hKEQesTPgnHd6qj0QF++KTdK9jR4jfxKEXYCfW0AwZ/H+s+ql8hqLB5UaK5PbrJb78qELJBlkIl2QHmRUeQPoojlQUG7a2Fqey6IUcW347RL
olszlNn/gghOzI+Ej5vWuwlW3N5QDzjMf8CZlvl+zwA9N+yTl00usg0y/sqZcZ3CWMxnELwlrnA6dQmHIhNiOe99pyxcC1ITc15tVF5PT15N2lcvIBrfDd4bifuDJcVJ
olszlNn/gghOzI+Ej5vWuwlW3N5QDzjMf8CZlvl+zwAEPs71Il4boEiVXzEtumvwNOVId/TQ+SCydm5XgJJUJg==
olszlNn/gghOzI+Ej5vWuwHrQNo2yp+0NJHvoqeBa+J4fKLq+33i9+58FfROa1vjcmPO+8UJIzSZ7/67You2a4pCXoGteO8j4Pv37Ch2WT7snYPBjbwHNzyPYrpQVxsR17qyTaIKypKUbk1FnRoPmzO7XJfcUziECcrll8ycjOwMtS3EdufBS1DI1f/IjC8w0PM/O/SEztp3UyTjqjDBRg==
olszlNn/gghOzI+Ej5vWuwHrQNo2yp+0NJHvoqeBa+J4fKLq+33i9+58FfROa1vjZqc3tCf3a9kfQYCDR210Ac5Ajy5b2z1tpnacQw5O8GN/37JKJmNW19CO1aknoG9ChCHh6izvdEEuLJ1YDtT0UByMuHOjJXS0QvL/ECs0g9DZkeYvYqqxa7+qiSj56Gb9
olszlNn/gghOzI+Ej5vWu/lI831Saft9wxux1N8deOwKHaqb6tL0kgfxHv4TyQtynURypEXYzTg/ItfM34lcmttX0L7MKAcXy43fZlN6nxziIPUYZa9Y7rmSH2+5uxsAqha3+eqe2agxjsLlZ660Sg==
