GmcONIA9PFzHw1gpPLLPoqev3ytAH5KO3S/CJpMsylg=
35kyjVfwBJgytCi6KM5Vug==
FNt9orFfFSbPIXNSbXcP2Q==
gE2g7VQeqq0h5MkG44fPUw==
A4ZCFW7RnVRfEnbtNxUDb8VFIQmzxcIFLuiIjRY2q84=
cwgQW1UgxyVfBeSrdwXHsPE1eoSAri+NViVSjTYe4hg=
pYn3RyiaY4vz2unSybTHuw==
mAzeFbkWBGyzJRgEWJSZYQNn44wFaguEUnqkvHVinQw=
NiGef/LGs6v8Em6sqLz1GYGKB0111uCW/TAqgkiW0+w=
2lfNnhNY+w/3xMaMUxJbE0YFT/wvMlSDz8Vrd5FEs18=
olszlNn/gghOzI+Ej5vWu84TjX6SdAG8H7GxOCFnNLhG2donXyxhZ866gZKpZHDe
olszlNn/gghOzI+Ej5vWuwXs6DrjWc+vr12qHonf9JHHlQfz4owQ9prRyqeuwaI/RxjKJoL7KJtgw8KNapiEHQAVaGycZjAtsfAF2e/R1XZu4izxg2rgcBn0jbbJ+4ok
olszlNn/gghOzI+Ej5vWu1qIPzb9PUujg7p1xYpHBsWaoqxDa+awKp0ycxv87eL3yCtxBt+pzQkkY8SMAeXZqkW6F/TsTYwNsAJ2NkMXD0Xzv7gPJB/b1+pYCK9+OMnrHkZSJt6Mgiri7S/L2gaG4CVXbqd8kJ9OB8cadCdR6S8=
olszlNn/gghOzI+Ej5vWuwNK3G6FhoXNMrY5WF8G4LWuv6ppF2o38ZB11Vl4wjq8G8jSNrtj72u9gLZAbjKOmQKzECHrEHuzckuRuDBTmKXS/YKY8sSuV9KqmSe9Ed+S
olszlNn/gghOzI+Ej5vWu21v8BdSqlHk5WtE185hBuatkFYOlKTVnPSOJisNI8rrfoLvInrsKpypwv6xC58thn7VBrOgB8MfQWX+/vA/gkn5YckCcjdjWxvLaQFGzyqvR10YJVV4w+FSgG6jbkitOVSYOf8JnubMQB82nTRijTQ=
olszlNn/gghOzI+Ej5vWu21v8BdSqlHk5WtE185hBubFBEWmZF3G3Ef7E7wBXMsOT7f2JqSsXSwFOVYD1BW0FjkE8d2X5c5J7AmEBSybUTGl0ECLiJ/v3IiB7dBmCI0b
olszlNn/gghOzI+Ej5vWu21v8BdSqlHk5WtE185hBuYcSZEsXRjrVDjBfdxJElmaHD4/YAeMCkS0tSTxaAstcKfZVl3QR1nsJhqequWzkvub+KEe2FMAanDgpBFiu3K/ilQEZeYB3JO+/ijtXeBlU2SnB0UvkzasDAuRCtSv7qg=
olszlNn/gghOzI+Ej5vWuwmTxUfcTMfgkXF7d5dX59d7Kmr3bEH7IubQkP2K3p4MPW1tnsHsmUJYud+nq/3KL1/l305iZpuv/jxRXeekcwlWExcNzkMgYKKoAv2yh2Uh
olszlNn/gghOzI+Ej5vWuwmTxUfcTMfgkXF7d5dX59dDSz2DiV4tDv/YDVUsLQfRBY4C7b4fyQYpmUi/xFJx2g==
olszlNn/gghOzI+Ej5vWux229UihW5MQYwPbkX7iMoRTQsIIUBeFYofabWgfE0Na0mIyl5YXJjWWDG3lljkIKFkk0hbvQLiYg/qx2UQBBjCUFZWthNAXurVIvBNnrCyZpnjxnU4QKLovxdbhxYkfK+Dq4xEKU5dXVuu7YpGUOaaEQ1rB9Uv7lINe92QEAu8Y
olszlNn/gghOzI+Ej5vWux229UihW5MQYwPbkX7iMoSxT7ZtBEOJc0uIJZSBA0xtOXk+2Vt2gBSlr1znBvkAN1jWMaPgqczFdMXRxhbgH4h9kZmiPHnJdzuGLMVICt/DZc6NCGu7HSsxL64Tt5y3/Q5tif4N7VUQW4JcqVvkacSO/P38yyolqoFT42rrn+K0
olszlNn/gghOzI+Ej5vWu88ym7/FD6b00sCn4aiN4HnWC7n4j8c2LkGc5rQ8yYqCRSirDs0u2x/tIpKdvQpcwGbOgaVFy8UEmBTZ2bhX6LC6A3NSJVGbE8Ywhh/6w7Hfx+FTnJH/bY0aYAxCSl6Khw==
olszlNn/gghOzI+Ej5vWu9NooGD0KQ6he+GDIbo+xjDt9G6xssb3TxWnuJ0hDvrkvoRpRvxUS8Vl6BDJrvtbMijMAYseGlzyLD4+vOe5UrJqEain44174KvfySHteWo7
olszlNn/gghOzI+Ej5vWu9NooGD0KQ6he+GDIbo+xjDKs+PPA5wv8Eib7xwFSx8KO8SrgMyExxm3mz2XGQpuXw==
olszlNn/gghOzI+Ej5vWuwm1hhfQlTQ7A8gXB8m4dHuopZGI2ouSJK+U4meiG+Oggjwn1Htf8E66bMG0b1j5ZKIjJPAboB4IXrLPZp2+ebKMRFc3bk7AJeQbwgqjIfD3scy0CbvPMjG6rgDXC8zehfHJhHyB4Q0qpKyI5r7i4irPBecU3wcOuBwDVo/d1tS1
olszlNn/gghOzI+Ej5vWuwm1hhfQlTQ7A8gXB8m4dHuopZGI2ouSJK+U4meiG+Ogu6OSMOQxz19uPcpL2M81X99XE57y+5MxAvW4lhMJukmjD+qvbAVvQzQ/OpDyqXKj1rDC5Ym0R6eyd/KAYf5UJXAMljQVMlrGe9uuWaxHNXhZOosWvakEEBqyRDaKe7tr
olszlNn/gghOzI+Ej5vWu2F7N/lg5zp5fx+NHAX5KoPrfw/GGdLkKQWX9mOP+AY/rLFQ9nZuDqNYli0rjBhIG4pP6t0xY2F78/jjYmRhS3Heyu6M2HLRZ26SmaODDrDXWqxVYLKujqy7nx4/3gBtaxbAtUWFLwx7+0hM1m1khxNT+dFn1MVFHTnEk5uK21XeEJ/eJI1TyWEVeHrzAfz74tQnGRMLabc+osjNlLVHoJ4=
olszlNn/gghOzI+Ej5vWu15I5RDTSjxCWJ3tGf7tOWpKCx7vA5mKdKed9oCjzRK9SpHLkqNcX0pzkZrV8tpjPgKVbYZc7pAiKwzGJGB88VY=
olszlNn/gghOzI+Ej5vWu+pUPb1EqxyRY+dfWhLDuYILwIjpnCSXMx+8os5pvSet3Y4bxvqhUSzEYy1BRahFF6Fq3SOarPUe7PVVKzbl9mhQKRjkHtCkzpR2F/E5prM52bED5vOlL8zYfoK2Qm8x5w==
olszlNn/gghOzI+Ej5vWu6p9RursYsqvIYsfs9KX+JPYyORlQRb/OPBAVhbmZF4d
olszlNn/gghOzI+Ej5vWu04iWDcRhaLnbctg47DmnfRTrO8ZB/y6ofTqCArJqpQkZVFUaJxtTt1emDHnXaP3ODshlXzaHkmSUYvi4vLUinJOlOjw7h00irwu+vrVq4WJ
olszlNn/gghOzI+Ej5vWuwaQi7lPEd438u2tBiOpYDuu4iStj85o8IJjVtMmh3EugpwNCeWfh3IfKa8YLqO6ZULEa2ybBMUBTBdF00dyhnWcfANxxpItZ+tWMBReXhcyM4FpNqtj38FTyrK+EKamhIyglVc/eun2dcyE/CvtOSU=
olszlNn/gghOzI+Ej5vWu424kpg5qnOXuaa4m+uaA8aZAIr6llVS4ALkX/T8MEsNkJgolGeVJnIMmeMF5FNAxNKJETJhhcvR9GrzPbVOkvAfz+4xk58/2W6k0kDIHsK1
olszlNn/gghOzI+Ej5vWu1bEc/epcyjiVtcQv2ivWugGMvOA5SMBc+Garj8gOD4No0rQGcR3BmWe3mWcRXNhI7U2fY8rzlw3pYWruymPPlwdLcnsJmYeAV7jJpkPWQWbuPSBMHBNOjBp/ncFQUI7pcD977WJvAwB6a0ShRvJlhQ=
olszlNn/gghOzI+Ej5vWu1bEc/epcyjiVtcQv2ivWugbcs9xqW5c0KmDEi1dLllRunHuzXaqTonbAbjAitBmK/0JTKauV+ADDSRrFvxbIimpZ8+lvyleN4d4J1ORIUwI
olszlNn/gghOzI+Ej5vWu1bEc/epcyjiVtcQv2ivWuhp01mVDW2ny1FeL8yoBTOsGWtlnpi6tV6Iw3QDnFWE11Vys65AZg316JVL/nw5CxA+l2lUOTHdpTDlCk+OiwK3fbGNuiVd1ZNA5gDciUiSm3WBieU8Ys0tr6aSGCaVHlA=
olszlNn/gghOzI+Ej5vWu1Bdc+9E7F3G0p6YePQbqgRQxaipZv55fJlr8ABQYKbahSLg74PaFRQhMtAGTnzMLiIPEaBewsSf5BHNiLjGuTtzIcung0O3CO06yKeFI9u7
olszlNn/gghOzI+Ej5vWu1Bdc+9E7F3G0p6YePQbqgRD68athr/NVVKCu38YJ4gNXszTgzTCx5F1Tg0qnq3TzQ==
olszlNn/gghOzI+Ej5vWuwft5kropozxn573AjVAtaNy8SqUm6hcXIF8g+gcpegg0tw+bld3GNhEqajhzNtSBu/vOWkd54/xTqiYjysCFxWFFFGZq3waRYEOoXq7oBG1OuuVTGJcvWeuEkE2bowubKxYwvmYpHpffm0xn+tWERoyS4I+KylOIBS9sej3Aj2u
olszlNn/gghOzI+Ej5vWuwft5kropozxn573AjVAtaMKVr1FmA0GA4tqhEtY3nwDQWdqxk0KJibgucwEB/jsYzyK2+eQ6DYBrRWRiqwMyq5dvuDLKK0yMWBpoMPx6ibatbdnfRZN2zQrV0VkrN64M0U78PTy7XwBefIKQ6SNRftr0g1MkDsgaUeIOhgTcD8v
olszlNn/gghOzI+Ej5vWu992eavyC9NZRjVtrih8cj4gAiGNTASlKcwbvygNl+o72vUb+m/KPojKmHOYg6D23hZPLK8nUnEK1Mn0t+E3h/iRqlaTliAmrY67NxCayKGxdh6jZvInH16Z75TkSSEtWg==
olszlNn/gghOzI+Ej5vWu8Uai4+Karf7cOPXN5Dl7jjwZ0l+np2LwlTkjvjF/mvhKo59Yz0nlwE8rIxIJUaTlYpNjSDEbtUMd5iVmOW9rmR6rK4dh+7NlbsT4QQykWSkBagYW2JP85wmItCQlE8aOh8EIgf9pRuyCN9E7P/MjC7g0NZPKlnwUI5r8Yo+tbng
olszlNn/gghOzI+Ej5vWu8Uai4+Karf7cOPXN5Dl7jjwZ0l+np2LwlTkjvjF/mvhw6jTFRrGDvpQzfaROVxEDBd8fUvDWZ/PqgtkVhCUY789PAjY0RHUOP4R/TtyTbqTn2FLpui2jwZtq/covSv/lM2DBQq+gLW3TU/Uib8bDqsynPcWseXISURSmTusA7gB
olszlNn/gghOzI+Ej5vWu1wIziD4AJ1PSxHogjj5dBV2I+Wi2dPgfZPYN+E4ki/odT1NuP4Sxfv41XsUOACh4A3tZSa+KoFZlzXdRU8atQnD5ESe/jzfVcfJDqoQo3LD
olszlNn/gghOzI+Ej5vWu1wIziD4AJ1PSxHogjj5dBUZyEPCLMv6o7gEDyqoxwNqp86sxGExLT6xNkIIvqJ7tQ==
olszlNn/gghOzI+Ej5vWu1+FshFBIEe3aXzM2/BiT1pNyMtXa3lCoVl1gq01hSULvFsZMsAZPYzYlaM7OEoFxeL33SCOyyKF0L7GCCQ7aIj79CJeAEBCJUBQmlqxU5O736/QmQTMDIpfTYJ373S0LQ0zNDbexAuAn9T2zhuqzc3QOzd1JugXqxQC25ubFz/tW2cM9zvrtc/C7DG5avMvwXC3lXAgxr7PMUUVQq6ODQ4=
olszlNn/gghOzI+Ej5vWuwPqeQKmVCHdvP4grO9Bj9eDGz1s7Jx1LPmWdoRH6VmYNYXhu241LZOjTwgzByjF2qtIhyuNWH24G0WiiRS+eWI=
olszlNn/gghOzI+Ej5vWu99sUslBGSWzrLDUvZ4MfYXr5SKrF9Pk39XFv3KGX3Cvt00Zm61+c2nOBEq4Ux499rrYKjrR98oAFU7XYR7IzoLi4eIYI68bnGUmr+9mxOpeOIkzDcAL5jNQNhXMYvYiolw04uu5+ZBIkXowd5jjoK7K/WN/TqdMz9G88X7BbOpnmZTLAU7ZCSHeLip/L8//hWDfSUeS+TQdZbDnOr6hZ1k=
olszlNn/gghOzI+Ej5vWu/yGeqj7XBD3SaqqeR28uzCKBHxJgjg3TI3PkoJWTPLvv9FSMaF+dIkYqIAZaSIjCYxCo0lkkomnek7KMm9gWws=
olszlNn/gghOzI+Ej5vWu2gWy9PnNtYSd4ThFC/8pLbMzao2NLg81KShOoG0OWpqdRYs9zYd0VgiTM1KbPAe/ucgj4abqR6OZQ0BsgyVGO58R76gP/4xISDnyEzPY6PtBLQPbfnpeyHJAoFa21Dxcf4m30VkqVaoX9JQELfqvaMCtK+9LTEKlkcZ5ErLjm/T5LrnCds+7h+r95MzV9tH6NU2nssv1M0slUY5krBMD4s=
olszlNn/gghOzI+Ej5vWu2gWy9PnNtYSd4ThFC/8pLbYAUOgE7utA4J8ycP0xShntUcHCglwT6QkS3x2zFqox7VBtLy9knVJvmPQerwtyqc=
olszlNn/gghOzI+Ej5vWu6PoBp6m8aOTmztLYa1Ad6CU2kkzHWd5l7D44PrbMpwMdSAwZqKqiyyvR2vCuWc0mPSWi+bHOivU7xAOcU5z6DfcgZvnucvpoik5y85rP8bz8cuO/npJRjzNADlqx4wtGNQBQN/r43IfklDmJ7ONLaY/K4aGS45+byUy6flY4aKmzb8LaMoO0xA0oBCJC4+wdrd5SLj+LmMhCxNeaX0JfG0=
olszlNn/gghOzI+Ej5vWu+V4b+KnfIbQ4zdNyYNoOn2YLKUqtZu9bSG8JO2XpmyEyjRd7RzDiWwR+axGRjQ3B4blsw0mbX+Lz3eCSdpB1Sw=
olszlNn/gghOzI+Ej5vWu76Pd6NNTgRDGP2zbe+tfqFr0K8TTGCqHNjvn3XQ0SnupuhQHLqR/BiUzgJmTx7mpltDFgfXhx2IXTfr9OnF8hJJYLXZuzf8uG9qtaG2YISTNqqqrx0vt9RPFOe4GIqr7dS7ziJBD1m//2BVx9+vDjmsKwDUgk0iolROBIb+4Ai3e/Qp/5MtaTD0znLP4YJRCXxJL4uZSATBJyiDVr1LwGU=
olszlNn/gghOzI+Ej5vWu76Pd6NNTgRDGP2zbe+tfqFrCMbPWKRQ9bwkQwR83MRaYxESAd0SMkCaX5hk+aznNIQsPyd5ypdbuQpdZMIM4Ag=
olszlNn/gghOzI+Ej5vWu5fBcHvS99EQiQBvezH5ai2+Wj8PEyrxv1lp5XJWA9dDBYyhJc28+8tbiFYNC6ct+Fi+DpTkSv5AbxNw81DgNmQzfgh3TEd4Otaa1B1aWy8uKhJhCazRObMB0y1RGFYlQRRrv8VbXCrHz4QVTBsDQKpZ5qh2JyHbas5CajuIDFl2sB+8qBSE/vvCVbNZ4dDRJ/47aKzcubC9xM/gqpEI/UI=
olszlNn/gghOzI+Ej5vWu5fBcHvS99EQiQBvezH5ai2PMHRwRKLt56ulJm0ITO/yjUnknbTtI7GkNn1NcQX9nDAv316Y8K+RLi1XNxV+bBQ=
olszlNn/gghOzI+Ej5vWu8E8odRRuF7A7IDgTfjs2LPFYjp2XLAktfjQMaQaepTQDqVZbhEALx4RSRxcXXQ045aRB/QVbpaeHJxlOqUBDUcJvNOBoqktK8p63WjrDRrUOhxFGkh9KaQvwE/5uhPOP4O95ZDgKKpidac3QvOOWaOx9M2fzL1LqAUhBgY5DAA2VGOXm1SdZYWX2ZHmI4SPHUVdSjqNEJtDorrQvbn8qXw=
olszlNn/gghOzI+Ej5vWu8E8odRRuF7A7IDgTfjs2LMpkN4rj3VXyLusB7vZM/aWrXDAXZOZkZh30qFU5nHlCgPgqkcJ8BEVVUtBB3KiGzE=
olszlNn/gghOzI+Ej5vWu7cT1Y3eR1sVhtp9ZB0EU0KdvOwE+lXjUrdxb0AGbWHkp1qja2e7z/rv1BeBnxfaowM/fFtkhLU8iY21Y7bZNU6Y4ViqtBjggzsPakSb2TCa56Owog1xjz9asfLpT7IZtw==
olszlNn/gghOzI+Ej5vWu3vk0TepHjnVQYLxTS7TUOpft269oXL3yRlxo+tebLru2cDmzdQZTKiaF3ayog1u9P0WS65qLHwnmGOT2rr1u4O6j1aa7OHECjKqDOsU0Pqg
olszlNn/gghOzI+Ej5vWu3vk0TepHjnVQYLxTS7TUOpqjqSjzrCzpKJA/MMpZ5myPeBPPa8M4cydfeW+bVU78A==
olszlNn/gghOzI+Ej5vWu902Q69RJnl0Q3Ihed7AiJ6OfOwt3fN9Xopq4Ob6cAemo74LwyyT5Fk/6GZyK3IwYD3fynl4tRD+noYpmpqPiQz+DvSKxu40HNmkj5o98IsHb8VhWp6NOjwX2s/MyIQqeZaPcFXCSNrrtuTVhoFuriescj5qEQso0tmHTQjuqXLw
olszlNn/gghOzI+Ej5vWu902Q69RJnl0Q3Ihed7AiJ6hmpheqD3NNVAIGAwsF9TbacAECRS4QNgowt8RvifxIuGpKWU+Ga5g+KEUBEMe66J2WGBffoZ/xnUMGYSQGBuUdGs04effDX2TpUmS3N5esSvReTsyTdw+PHKIEZUB+pheypjeAneLOPz4faRZZkoE
olszlNn/gghOzI+Ej5vWu6lKCvM++IULSCIZwztrRBNIVnowKn/vq1hW35vRuZ1cmgLwuhQpOeCjeR4oKelPSKD0fu/+k3Avn/mQJe9BPMOLUsQah6f8C3JCGW0G5NTHCbN/l/OSQtBpOQEOw+wcjg==
