GmcONIA9PFzHw1gpPLLPoqev3ytAH5KO3S/CJpMsylg=
35kyjVfwBJgytCi6KM5Vug==
FNt9orFfFSbPIXNSbXcP2Q==
gE2g7VQeqq0h5MkG44fPUw==
A4ZCFW7RnVRfEnbtNxUDb8VFIQmzxcIFLuiIjRY2q84=
cwgQW1UgxyVfBeSrdwXHsPE1eoSAri+NViVSjTYe4hg=
pYn3RyiaY4vz2unSybTHuw==
mAzeFbkWBGyzJRgEWJSZYQNn44wFaguEUnqkvHVinQw=
NiGef/LGs6v8Em6sqLz1GYGKB0111uCW/TAqgkiW0+w=
2lfNnhNY+w/3xMaMUxJbE0YFT/wvMlSDz8Vrd5FEs18=
olszlNn/gghOzI+Ej5vWuzSZPXl/ZT9UaTy9ItLZTMMkqIDgrnFQDyqgaZuA0oyV
olszlNn/gghOzI+Ej5vWu6Ugc4tdLaTXITGrKrnj2QeeNp9vzK9mChr6ZzUqplnY+kkAhJPfo9eKqLsAN+F00PaILmsHxpfwK83TJkthhD10w2WSJiIx5/ft03fT669L
olszlNn/gghOzI+Ej5vWu/secw+J/Q0VDPW0T3XNfPM4m/6xEHZ1c7vLO6FakGlOOZrRSsbFm2GU+tfqh7Mm8xhe3JJASyiw6IYFnJGGjKBnVhorE51OzxsOE12Ee3Mg
olszlNn/gghOzI+Ej5vWu4sCZROjvHHZAf9fGXuh1rq1QoruTfxPQKeaG1fAFRDUrHbRUCveVRq5S/2jD6AOly2qMk9Cy9qrkvNG55C2rp2DgciHbneOgizova/zcXcxqa3MucBV+noHHBmQXNG/vr9s7Jm2EWc9v4dD2wNDuvY=
olszlNn/gghOzI+Ej5vWu/secw+J/Q0VDPW0T3XNfPPyn6gJ5aDl4BTLDXmbMYl0hUMfSVu1FTPOLlYW7cQJfOtWBTa+0H+faaLZVmkitwhb/qrYytubZTK6+nM1MBrqOlH6WPbevl89n72U2SHDo5AXFNCb34JKMggALWu88pU=
olszlNn/gghOzI+Ej5vWu/secw+J/Q0VDPW0T3XNfPMOXxuCpBfnD/Za8qlmPZ+2AxtB5urIugO4iaD5ask38uk79rgmiSBhQtliWUwazNzNwhvsxYy76tnDX5mLPprf
olszlNn/gghOzI+Ej5vWuzZ5pyNfWxkcP0X0N6x3moS2N2cNN/XIfRTN+lGbH+V1UpQrsGv5QJXV3pLU2oaXLVgZRRAtvO21sIXjLuCjjcRb9sJLQe7Gv+GgM5G9b/HsGaL2cAwnVVslUUkMte3OKfA/GAbNLfP2a2Jt+kRNAVA=
olszlNn/gghOzI+Ej5vWu9pynAuK5CfHRJ4VM/RyE6a0EkN+RDC2FlOL5jtyLKN764VhIjGijQwNYIf6usRLNeOQJlA1XUE/Qiw4XplBij5CgCFbiEjipdvV4aY5gmtS
olszlNn/gghOzI+Ej5vWu9pynAuK5CfHRJ4VM/RyE6YokYqoO6ZVCUL+gs3c4Wkab9HnJneVdnstxQF02AK+GA==
olszlNn/gghOzI+Ej5vWuw5DNS4u5TOoMRpQJ2ENJKXjN4GXQ4iuJ12m0Y/TO2kNCcbZjwzee0qEM3lwZGKZHUQ9rWjK/lHl2u08zjjkhgqQkVVOZNuaFIikD8mcAjXGSAafObTAilPZftceCcr0pOQYACMXSJgJ9hmcjt4u1xMblSN+sxrjrtdCr6BJhe5kZpo46p88VxP6Gh7p9b8fmw==
olszlNn/gghOzI+Ej5vWuw5DNS4u5TOoMRpQJ2ENJKUktdgV72+TWHtqnPl9yq81geqa1At0JJ7/2CnkZWLK9XPb6Rnkji2IyCEfn7fIvvjkBmZflUvm6eVweVr8PatrB6ciVYTHxqhC/6p0Z9jO+gdtgEuhZduypeArfVE5oiMdkcWAVTFDknsWUKQTnaQq
olszlNn/gghOzI+Ej5vWuw5DNS4u5TOoMRpQJ2ENJKUCfeiCnilKJkC/temwIpWI6jkTsQddL4RMtK0vCF6qbuB8u3/Uxg1h8QBnGWiz7tOzR7o6kkrzJ5j0EpkJoU6dCmvjmpbPmeRhuY4LAWGc9A==
olszlNn/gghOzI+Ej5vWu+yHaxlpONkg4WrG5eMpICX6q17/574eAZjsEXIrZGGNaM/4a1XpAffEqvItHJOl1RXd5jQ7GFl0v4ym2cB2BZWpwmVEtkzMhFq9hv6SkETqJ84p8dVwgeqLmtCQPgW9bYKRWD34sszGGArZaX5x8kvemwRiw3t8JmUK/k46CHb0NMvWf+Th8h/tsEvZ6fwiTw==
olszlNn/gghOzI+Ej5vWu+yHaxlpONkg4WrG5eMpICWmVqvrlddlSa0dm1YHhwkD+tfij4j+Hhf31x6TRo5LO15Iuk7i+p+hqytKazEFCjErVa9yMxjdejUyZCL54NQ1PXttxo0T0i1o6Ko6YE80IILXqHO7mICVERfG60t3kLK6yKjThBDyJZS77AhA6YCL
olszlNn/gghOzI+Ej5vWu1/ycz3v0rfl2uhb56xB+W66VVFyXth2zgXkD25D2SGulJI4+YaKKjoodQ7upj2R6/pSOyzpJ09K+lTjMjfgkNW79enK5xwL62wm1MsXejj4
olszlNn/gghOzI+Ej5vWu1/ycz3v0rfl2uhb56xB+W67kt+/Jr3R7r3SdkJYg2pmVRSxBa2RDvEbx+W67au6hg==
olszlNn/gghOzI+Ej5vWu4GzEx3cGXnXgMpYN4nSJmbFMc803WVxE5cCxDvzTdNFaKItDnI/+UEQ5dSg6BRlWARhM2WIWahXLPysoPDMemgpiYw72gFjKoxIgguC2gRuB5lgJ5mbQABkGTVexRtrpg==
olszlNn/gghOzI+Ej5vWuw0qjs8lHi+JsMrKp6RGEGL0bSsWwi3IInqkX2e6o2Qo
olszlNn/gghOzI+Ej5vWu1DfYKhVV+rJrITiST0K1o89XsHaMEfP+L5iU7eT9cXNUW3f0OKopl6o/34cSsHbaJ3I3+NeA8bye7o6tYNl2ZHiykVBvjy0Z28MhSc3Vggt
olszlNn/gghOzI+Ej5vWu4t5bEMSf7yzggUulVG2Yc1AEGuj4DemjtOGFvfS63DHtRGJ31ym+k5vkBhSMalHq+eTObX9Q1y45pV/XXyEcNj+z7klmlXSF3stAdy6cF9Vt5ajrLjb/UaZ63B3QbXUtu8mRmbfMXjRUYgR7GwBseQ=
olszlNn/gghOzI+Ej5vWuxZSsEDDMqZlkLgHf2m090u26YiwpZOHyFWlMzKXo/epPJ2bTZ5+Ig94R83ykQcLt81P7Cd2oQo36vTf2+b3HA7bheMlrm70uSaYv98584im
olszlNn/gghOzI+Ej5vWu2wEIU9/2kCGe+L+ZwE7HeSKNFmVieKTKueClp3dHggCUVnDikHI5qiSNvy4SwmC309dBMAOVtAWsi4upQhhy6M9DSAB7aEpL/LOPLrBLOu6
olszlNn/gghOzI+Ej5vWu2wEIU9/2kCGe+L+ZwE7HeQWx8XqEHM1ESBiSYVVAkvqyyElH8j/Va6UTOrctXViqmja858WUdBgpwrwSsA/toxAViAoGn0O7kGWJkaP20iDMz6WzjQREJyTF+NWTVtMHi14ydwaHH8UX8k6J6T1zVo=
olszlNn/gghOzI+Ej5vWu2wEIU9/2kCGe+L+ZwE7HeRIq100enc4YyVu59l+i9NMLcFxT8ASC1xoyo19z65H7xM3FNdegP6zTCA9slVf63RfZT+VZwq4V1rVbm/WhzPjPXX81TH2Grd81CRSPXaujZVswtwg7U2Xw+yLOyNl7GI=
olszlNn/gghOzI+Ej5vWuztWnBRnMPupKAOGlSlmbhx/Nj/5Ps9t1vDd+9fk1V/hgPai++4e7YqJor5MSkj+vtb2DqABsKaVtPmjSm4oSjPcAf227624iqmitgd7Cdn0
olszlNn/gghOzI+Ej5vWuztWnBRnMPupKAOGlSlmbhx2VeYnQjEEAXb2LCxIqoHWGUkyozVOUISYDlzE9qTwHw==
olszlNn/gghOzI+Ej5vWu2RyNT4rXGW5VIpA5xH4AwPCZTIlFHIlerN2QmSRjLgHqhvcVqY9l7Nuon+m9XiqcWBqSqUTuw6kVNa+S2qqdh+BPp5/xNh7+HLRwipEsq2f25cHj40kIh088P1FAFe4yVY/fjZbe1/ZXYuIgJ3qUD25utgXPsC1EvH6umHYDXm1h1Nelqm1wMlGHZo/Oe+XRw==
olszlNn/gghOzI+Ej5vWu2RyNT4rXGW5VIpA5xH4AwOePJ72gwPT+NJQmazXqr/oWX61XTyQ7kDqJDC/NccLLXwkwnB1gNMZNz1FBRxg52x6hZ8OHcROsrF6Az0g3qZoAdRLKY5962DS9H909p8x+rxMm3GYA27SM6H5jShQFNM2bAjZwP6VjB9KfgdYuzor
olszlNn/gghOzI+Ej5vWu38Fe/fHKbKwmv1leEn874uh8jRisDp6sePAwTX4f89Wh5XRWOFeynRZzTm5Zimi6kliZaB6MKlKD2QXcwpbz8yV3q9DM2Rvtn2CKX6eLk8tWL8bL536o19HSB8Jq/Px3Q==
olszlNn/gghOzI+Ej5vWuxdndUV180Yuzf3FvCPZZH4sdRrhBYd0GgMKz2daS3zTsFSRux6lLJtnirY56XjWRu16EEGu1jFY74RLhu2riUTdqUY7aOpGVtI0UHgWMtA5
olszlNn/gghOzI+Ej5vWuxdndUV180Yuzf3FvCPZZH7XMM6vaTnPHvLbmrXF8JyuOZ+M49DjtRAIulju+YECEQ==
olszlNn/gghOzI+Ej5vWu1UO5Gm1XloRaeINPh6GrfKkZqtKta2XKpWbhPPlhFEnrLGZtRm9LDVGyZLFNh267YtQ9QhJNnZbIEAZwdvIgsEmTdL+ibecPnsG5Rj1ROYEwpdxmuoSRBZCIzURdgC/38oSsha/oBu+xfEDPRAVYr5ktKnigYTllKdSRXmDvWspBnvw75VrKQ2PZ3X0VntF9g==
olszlNn/gghOzI+Ej5vWu1UO5Gm1XloRaeINPh6GrfKkZqtKta2XKpWbhPPlhFEnNrQYjffDVJILABNIe7SghiE/ynBaZ6hFUxf4DSJYS0nkExa6TwX2vQ/OjP1Mdeb3DnVxQGlNAw0OE01c5UrCVBfeKvTATBH5a7DlyUKa2z+GWQ86o74IgtBTy70rQXCh
olszlNn/gghOzI+Ej5vWuzsv/aSvGpa54itxHG3/b6CFSr2EZr74VwkQaNC+JAiMpjMzeDcvyvwHyybw07SVrB6bQAw+ggmZKx3G5xzaJEEWyKQNHG6ZZCEIS4gSYKbAHMgKmqvMRJ/StcTDMruYYA==
