GmcONIA9PFzHw1gpPLLPoqev3ytAH5KO3S/CJpMsylg=
35kyjVfwBJgytCi6KM5Vug==
FNt9orFfFSbPIXNSbXcP2Q==
gE2g7VQeqq0h5MkG44fPUw==
A4ZCFW7RnVRfEnbtNxUDb8VFIQmzxcIFLuiIjRY2q84=
cwgQW1UgxyVfBeSrdwXHsPE1eoSAri+NViVSjTYe4hg=
pYn3RyiaY4vz2unSybTHuw==
mAzeFbkWBGyzJRgEWJSZYQNn44wFaguEUnqkvHVinQw=
NiGef/LGs6v8Em6sqLz1GYGKB0111uCW/TAqgkiW0+w=
2lfNnhNY+w/3xMaMUxJbE0YFT/wvMlSDz8Vrd5FEs18=
fKV1WkT3lzRp1VVxYJ8Ir32dldy6qGZ5UPJDzHQcNcEGj1PXi0Bt1hF9TO2lxen6xz1A6NnXmB6xfkRoAQYXg9IMVtrkVv7A8zrJwZgkpmo=
fKV1WkT3lzRp1VVxYJ8IryAicTPTu6+KFEV/EhmjSkPlyalvc9AJs67RBlngRbF3ODGa+KSoAsH0GwyWlJCv4LFoN+cjVKzDR5nV3b17A4o=
fKV1WkT3lzRp1VVxYJ8Irxq1BvKGneeSFJQVHNdDNZt9hnyfQ8mXW9Dj/cgpoj+BTlKVTfac3Zy5Mk+QUJh6Qr/EIv3PXaqG4Ojk7EYTLSs=
fKV1WkT3lzRp1VVxYJ8Ir9S0ld+GGVfZWKS6U0X7vYAqgQA2T9HlhHVNqksqGzh8v6aWPtBw0JpZGzpbk+sAcvblfHVG0KRgKTIw+xsybeo=
fKV1WkT3lzRp1VVxYJ8IrxbXX8bBhf3Td56zANi4TpFfAJ+iMEVqhsBzdioIMehsZUQST36EIZrfqmMOP76vyM579fuE4v9qdjThaSzzhUs=
fKV1WkT3lzRp1VVxYJ8IrzppgRXLm7oxwjFcoDTirO7kXmCZwWn64MDkBViuVHl3J8es2I9Yi/XBdPsm/C3gbrgi77GMOYdfaMgrad6fbWo=
fKV1WkT3lzRp1VVxYJ8Ir6g9A+ETSmoJfDq3K+I68Ro8wETTM9SjST3/XMYYjMsy/vmcBDbgBocTUD/pM5oFAP4wZA5yiDDq7DNdL0gSTvw=
fKV1WkT3lzRp1VVxYJ8Ir8u4aZzXzbp8n25cecov0s0l4+bBY1sikcIzR2KGpka3lkgQNaktfoyhbBKxZ14ZXiGzVKyBSxZoWt1zJOuaMAk=
fKV1WkT3lzRp1VVxYJ8Ir+QS5jGaHLXk6OAs7xj6PCefSSWW+OJudd7gUTnNfGaFmUaktBG5g+IWBZSgyDYJrk8DXGxycwHdGTyhicqwvlY=
fKV1WkT3lzRp1VVxYJ8IrzUiKZkLB2yFxy3Vd1qmwww+XF0AGt65vEqbuigGxy9wwIEYR6gremTnN4TALrtfmboEdVWljsVoU8HfN5/68E0=
fKV1WkT3lzRp1VVxYJ8IrzM5/nTHnANHsCqAVpdaYAJBTVj3bBwOijttq/1+atgJd47h3XtpOjO9abXk3DIzpA73qrAfoRYQd7TGENdmWbc=
fKV1WkT3lzRp1VVxYJ8IrzYAV1vT4jY+e48RJJpi6VqzhzKXlyi4JuLdEJ4fLU8FZq6LdQMy754BsEc3T1T7IkeOT6YjpSaElURcdNav2e0=
fKV1WkT3lzRp1VVxYJ8IrylmrfrbNxFeEt8O0Uih5MJZjaH5o/Bkr8kLOkp52RpeL574909TdUZxUnJvt2tzLVherQXgQfZT46N6Q1FIZqA=
fKV1WkT3lzRp1VVxYJ8Ir0JUzxBEmIl2Rjt5D2iyuZ05YVN5AcuvDJmXogyIgHWGsE/3yGeLZ+XqKZu2l2seM+jKGppC7nuyq9lZHdt+Szc=
fKV1WkT3lzRp1VVxYJ8Ir/BX1BNZ4m6bQTxIlA8t6Gim1EMYcEiGrbLPpe0L5PPu7P27yLRyw/D4imVldp82+2sOzr1KkRMfFoNHfQNm90o=
fKV1WkT3lzRp1VVxYJ8Ir3cup7UzfQx3tKo2acZbe6dQmhH3nQND62KBn8y564myGGrRCbVAZ+DDzxW/Nk5nxv/61rB5sNU0t/gtNARilGs=
fKV1WkT3lzRp1VVxYJ8IrzKZ8s3zG5geICkIOnsUXkQFfY+Po9PYSGfDTpKal2Kc9Sx7Myzsi4mrJPk1Ko2hFgubaZay3miBBq1y8zJ+/IE=
fKV1WkT3lzRp1VVxYJ8IrxK+0z6UAJDlbnHdLF1kBiCaLxIIf5fXPhazAM19EOC99LxB8FCR1ffCGv6bYD/CmSiIHQL7UjH6n2X7omE3jWI=
