GmcONIA9PFzHw1gpPLLPoqev3ytAH5KO3S/CJpMsylg=
35kyjVfwBJgytCi6KM5Vug==
FNt9orFfFSbPIXNSbXcP2Q==
gE2g7VQeqq0h5MkG44fPUw==
A4ZCFW7RnVRfEnbtNxUDb8VFIQmzxcIFLuiIjRY2q84=
cwgQW1UgxyVfBeSrdwXHsPE1eoSAri+NViVSjTYe4hg=
pYn3RyiaY4vz2unSybTHuw==
mAzeFbkWBGyzJRgEWJSZYQNn44wFaguEUnqkvHVinQw=
NiGef/LGs6v8Em6sqLz1GYGKB0111uCW/TAqgkiW0+w=
2lfNnhNY+w/3xMaMUxJbE0YFT/wvMlSDz8Vrd5FEs18=
Wf60Ocm7FrYBxQsv4wrIx7wt725xVFWD8rW2qdumucpNfwSF4YIjOh2lfFZdE0doQO1tzo5K4P9BEOhXEw2P36juNAFajDe3op7oEJNEfW8=
Wf60Ocm7FrYBxQsv4wrIx8HrSz524hdDouWk/Arkp1gLukXwj3lY3cgQiIKJFXY21OG/9Howo8F/UQYcyomOY1QSuJr+s+klEZDDWpTsMKk=
Wf60Ocm7FrYBxQsv4wrIx1rua+0VD1OTMBRsVW6npYwmVO6p3F/ZALijwZ2LmRP/amxMwvOCNJvJh7S8I7G38qzIr+eDpcI1WszN3UyFNjM=
Wf60Ocm7FrYBxQsv4wrIx9JN/yVYmTBvoIGMaFHBD9g0+r8ZGzmniI3POWi3PX3KvJlALzF6HKUSCdXyOV68JOahRXdS0bzh9hhw6Hy2PyE=
Wf60Ocm7FrYBxQsv4wrIx71IjxCyD7qoyRzX7djDzqZzJuReSx013uUg2PM9QI6yQ/wOyyAkoghrXhJ7FTBGLQ==
Wf60Ocm7FrYBxQsv4wrIx7snNMmaxTHa94+TUe7gN0aHNwHxs1a9akfvN0TwwsbGF4QRS6N/4rWt6sEZnoSIK0VJiVPm5qMUI8vs3y3tB14=
Wf60Ocm7FrYBxQsv4wrIx7QL6zcw7qjUIEujZFIeHcGEYprT/9Aj73bDr649KQbBrY0bE/YpRX5Y8SrB4ei3AIIR8gl1VMh94Nr6q9DHxdY=
Wf60Ocm7FrYBxQsv4wrIx60Ej5M0kcPHZdH/btbnTUeJ8xfxsIZtMzLABPKCr+sBRor3vQEPCiwe+s0N2jUW+wwigXolCa9QDsruLMp1RyE=
Wf60Ocm7FrYBxQsv4wrIxz23bCmsieGh89Icn3NsjznMPHl7yJ8hhYnymDORgnyNPcOJe+oHZCByO/iFKRT/b0DlwudS/55rEjlQrUArK/RN/K1LR1rAsWuHRe0PREbg
Wf60Ocm7FrYBxQsv4wrIx8PhhrcselzNsJaHQHItVNq4Fh5/zXWWWdjqKVGsVUicOGU7NDHO6/Q7R9rgZtwFzLZqE5qVnuE0n2dZV9tbSIs7TQM0YTBjjQXqk1m1jjL1y/7tH2TGqcWVioTx1Ev3ow==
UranWYCYJ2gY6popVMYVh0v9A0oktlAnsFucF6+fRMB/NjGjSS9bdqgRjdgdRBOqzWk5767Mk22oFqjOWv0b/uFw8lVKnL/Q4/eLL1sMkCVG/kYNfneB1skW960KKg3tjbX+3vSTjdcR0AfDoBsCZGhVpbIWsqsiroIRT8UEQeQu6uZsSFjROOrd7f4YHD+A22brvb1VbTW8sMFw5BfDw7+lWJ66swSe8EVHgWaBdpMDdRro8bCDNt+z51K4hoSyKkPeDApjjWBvwhZIJJmUulg+6izybKlxpoTr69aRc8Od0KafLhFPF6A+Z0Tb2xRd
Ma8/ngfPvTmcYKMmQ05A+Sl7es932Rp4CtKLVBPxOEJMVxdBccwsZJuWfU9njV4HX+C18gqQEgUMGI6axYIBDXidc7wuQ+OabmsK1MgT/iWSpx8N92VvDpr5+fKMxubF
Ma8/ngfPvTmcYKMmQ05A+VJgP7n0OHfHMumQnQGZZMifkw1hjjzdHp3MfuuKBIRkFPltLC7AJBcbZ4KLHeJvWMZlaOUJmNAzflz3yelTZ70IQ361CWB8JLi5cK/URqdY
Ma8/ngfPvTmcYKMmQ05A+VK8GqAeOK3+1uh0R8VblFrXaV/tmhWCdcEhzVE0Cy4mcCGF1MWApPNXgaZLvqQX2MF4PS99zubC0toSLHCNPn1LJJfP+6n2KBYmnn5VHDKKrDn2g4q7mcd/4Jf/11XF+aGx3hCKgxJCgt87TbIsEegIPIXFHOC/t7hlzfO4N53APgMuzwBv0OaNp73EpRah1tSs7R0OEGsDNi8b95UAfUpI+grIUb8W8+bB2k9ZRd3cDiJLuer5s1xEUks0++O0SGkmPXosmTmgvXZOmTp3KbtzjdZRWvBNox1rjVy/yLqJ
Ma8/ngfPvTmcYKMmQ05A+Z11LJcbXeRcV/iSeCoLqIDLP+1iOPM5h9Vo5rwx9x9EKTD9a9BevLl2VCxlRf3/qLAcaxTGrY/SPI+cHKQIJ19lMH5NKyNurYsIvG1rD/8JoguHZx3ati/IosEvoBvo2QCRIyDaAVO6FiJr+aMSCuuXvyPXzC3PkBjrLav9ej2QZQwog17nOydYG1EL9jbN7wVq73N8ETZ2gtaTRPYvzYn7KZ4qsP/SyfbftnQkGUkcSObWcEz12FF7jQdftHFo5IQR4cIAnQHYmKU/WVFJ/sdQK5gYIxtzizRrVZxWZtZYL/FA+ppurrbZaVEObbb3oQ==
Ma8/ngfPvTmcYKMmQ05A+a4QDwjeZb9a1YxSpjAKNFGAKbkLxdCJUhMbo/MlmhYo9d5rAafllgIK7BPGlPRqkZZ0Nr/Qkp9uYd1b/bEz2iIk0vemttofscMFXxyL0bOfI3cmdiFUfbPY/J5lX85Q+HnOMBuMDW2y7vkyIMYNZWoH9AjXPSiGm1BCaQuhubMAU37op5WVuq7+9ZZX9REyXt+90/X7RYMmYPoTeApLPW+jGY4/utHbWzsmXwPE0OAGMYUW9L8LQftlQdDWtS3RahCr//EmFpaQIeRkLAO/IJ9O5AZKyzOC830SyAm868a5
Ma8/ngfPvTmcYKMmQ05A+al9CTxd95zphNAiqw/YtcX+NZTzjSQ2JLSm3Dc/uVDUXqvtaOqKuPTKOo3dczUqdm/otVEgwteVXsnzTPS4c/1CFHP6p4w3QpB6ffqJBIUom3VaBFuhVqlLBwtwmSJHtrXwfZdLGnMr5SOse2Pepryy0CsuRl/Tdu7eW+xTFPaeLVwqtCKdHMn1CQx8OrcN9rWhLZbZl9v6X+oikeyoV+v285Tzp9FB+mFDPbeFvtYEhVfRSh5S/fWY1luT/5+EABtpEiUDVQxr5LToTIoByFsMlluH8ORXpQEOwcNSi/kppHR1P1rbbD1Jgo4Y1nNRYJONdwjYEiUw8jideAaHANLallEPY8r0XUOVKIuUaOXGhw6HIODBI2686UxNZEUXS97YKp5otY+mtW5x+KrXnzR9eK6QJ3v6qs6f1w12FIKjNHHqMmFdV/pQ/T3RRlKOCg==
Ma8/ngfPvTmcYKMmQ05A+Z/S/aqko/WapUChwNcdz+3W7QPHZ3KfLiXksFwFaruDY6vRmBmG1ZdOfcc6QkS+y98vU0dpu2ckKTIzomOpDzjTjP3tod9dAZHx0+Xs+cyTLgKL0m07raHI0NsmrS1WjBFf0QZMvW9KY6BSKNUQ9OzMekzuBA+hwoBJt9jMoi+pSsy12bJFF3jNSBxhAV8kZQJtTgOOqoTc4VjTPRcLQZMtil1HYnB8WLFHNHnqTmlvhZcgwCnnazccv7a+61D4UxVhz26VAZ8XVEP315vQhGhOBhngGVkm+smAucaPnr+MX9g4Sh3DF5KksY66G2zvgtjljZKk2kgPjG8ou9gvDRba9jORPGdypWD1T2sXYyRzf930NwScMzvDTcHnlXBj3Q==
UranWYCYJ2gY6popVMYVh/t6EYXmT3Qgu14eUwOFiM9vK15AMnO4YqJthCuv3VM4jmvSJDI0gQ9AhP25FyBM+bsqbjULKlxpH87QToc8zms=
Ma8/ngfPvTmcYKMmQ05A+V5Axe8QAH/Y6IZgECfR7ta0EbaXVMXDdIBkAIlD9eNTtEmCm7qliFXrXIRh+nPo0iEIftXUxiagudifNIcQ7mWDqdScgel++E2Rb+QI37sS
Ma8/ngfPvTmcYKMmQ05A+Vcwrmvzaa7asiRhun0JMoMCmSjGGe6bb79dlvt55bTBC31e8ageTrQUwULalU9ygQ==
Ma8/ngfPvTmcYKMmQ05A+Vt/LJoqaK2cT8EWJvNfo8hYdPpN65hr4TuMaubGv4uCQnv1F/BsiIgOOzdn99GxAXrQETVDD8Uglz9+v7TFI81UnJsigAUhlk9AzeVdswp6
Ma8/ngfPvTmcYKMmQ05A+X7nzBri8V4/rNMbbpybJwtEo9rUcfjsnPb3yBeaC05RNrmeldUVw8uNBA51QQlT59/wQsdrsY1Xwt8cfboEAS8=
Ma8/ngfPvTmcYKMmQ05A+bX6ZJ7itxO9N1MW5pBKm/AhdkCtJlH9NiA6LD20kNYtvhWUT8PNdOL3R4BYT7CKJg==
Ma8/ngfPvTmcYKMmQ05A+QOI2EYwLX1F/OGXTSuDb0bNrBdTuyPnQNkn1KgaLo09q6KeTQi0dNHoYpjNYVhRcBMlRiWm/HGAbfaKdA6FrNKEBX3ehL034vsD7rKM13xTVLhyfKNBHtgNnfw19d6c84BU+RhpQ9V3qAaKcuv5qHs6FRJYecHSsWmbmipnGcLgs8SNrSDkp+iOm2xakNR81qUxmh7o3KD0OUzJ/FQjncYmE94+D5cPW7p8uteopG1mMLNz1T43KB9M+DYBK+Jp6UKW5P8MUhS7Hm/vFKlCIafGFd1B18sNP+hm6Uj8Q0KKvneYQyf7d5NyN/QG1ItU/KpFnLfg0BeAGRNjxKv7/swpJrlEsrtwWocfGG4hLNQJDVs8CKHkaaAam3TKXwlMrTgh+0FyCsXUwXPcKJcfJOLeTi0SD4WMv34ncsWb7JRukz79AyB/INGnmZ5Q7+RIiA==
Ma8/ngfPvTmcYKMmQ05A+RPcx+dbilcFVpEs4Te4D0YoeXZ2Hm/1wHL4KCwUWJBT2eFZ1TLvJ0+VjmX0Fyjl9lAU1Mwzlvz92QgVmlcRckcAQOzg6kGxcQ11zG8hNJ1gdMU4gr2Hai19CzHeoSvWXihjNQ8uGhA8RwaPtKG+eOO0RDKJIKUdC4lf8WUy7yxBI6ry67kmUNvQF0Q1Kp+5Y01aMhvKnFXmRayaW/e61ZfM6pPAzxsBoz7Ph5OEJLxOTUbZdJMbRcyftJN2vNPQl/mOLefOnsht9sXKS61sXFLCkn1aF1M5ZmX3LjgaCfxnkIeFUa1FME3z6qSoruZXfrKQsAQu74AKzQY8nZENHMefvNxqYNAlx7lpyKl2LKXBjOH8HAfPYVB8Ii/J/TEaaw==
Ma8/ngfPvTmcYKMmQ05A+fxUuafk3X2plD/JS5s7ZKUVf9BwWfFGX1ngyAAxiZgjMJu439BGhouhgfAbCIVKhzJ4GoNQxZRBSN6wAhqtIrPe1A8V9ywX3qnzj8qmBClj
Ma8/ngfPvTmcYKMmQ05A+Zsa746dNSTah4pMPAUPMz3QAtWL5l4zhlWfzSWBZDd4MaLZ1QxCw1YfNdYBtNECeBvyo3BUaA/6yzkwkefdPH6KtE3RQPM0SxE8f7D+ioiGgWP5hqy5fGjVi4An1aZ/GA==
2vXLNBl3uhZMssTUSM+HirXB1O7WlZAh/yJfYabfJ4VwG2X/4PH2QfZFa0r9cjZaIOirscI9Qy4guWkpEEti1R1/EZ/Y0Cgj7ZB/o2A8o5kC7qUpWnRaiBNR1fU+75+i
2vXLNBl3uhZMssTUSM+HigGbXIqn8OyDo5Lxug9O7jh1aoCNOgW2Hhk+tqOjhRhuspORZleF+ShGb9CVzt6rI1f3srv5GkGfbRxBKmSmlvEgDq+k3BihFYp12Eg7shXjN50+4Dnr9NcgRZbpZSm3YkhWkObiJmMwi+iSc34oZssUC9otPVIYTHMPCqH/PY9ZhISalKZJBGjJuHo7mIzzvZXQPr6GIB9zaOHic9giJyg9TBmrQa7+f67xalaL3KlYyk+qKnepckckl7YpMI/83OvvuGb/lBVihCY05y2ON7SO95IQDKll4cOmG3mlQTWzsNaFm5nBDj7DJhxiGOdFkeBrwwuspdXLP/P+0ZR89XwLkrLeutMVZlw06hj3ycqnhL1JHRDA6ilZ1I8xygYhiU7s4LQoPrUMES3vQ42j95aEMY9FUMQCDeW14HC1gCY77X1qsdmRkfZ/4dEf6x7SYw==
2vXLNBl3uhZMssTUSM+HirvuT+dUs11CvYH1aO2tS1p60BaKValrua7LWaSRUhQyaYgMCgblZPo0wga7ntwwKk/MeSIOTeItOctqT0ci3P6OzfHkXj/F3mKHTxSOou/hYjonDr2z4JzVcEv14nC66WWqnPerbrqvhxVroczgKYqQjxHoSc6Iu2mwdBOD67+6LBCWZgW2ogHsJrCkJMswtuaUXcIyBzgm2s6XQCGXzRMIwIsKjnbbiasWXVYwDSjxufTr8Hrx3habe90wM9nP7ALLdOJCzuUz2rRTarQPp62uTwnfvMqLW3PAOwShfcdYZ6dI2T7wrcvKHx0dZqdfKsUpoWleuTWEdeaLz4FIcPv/L06NsLuRRMbDYlPSxKjqQwGk40qyJg3Jf3mlyTkdFg==
2vXLNBl3uhZMssTUSM+Hio8rMWvLFni2VAihrRTqrx2PZWgTpV+Qu3mUNnKiWFJNMqPeW3xbxXqNBuPx8qmpBkmh9TkxW8d9pVs0HSQ6ZRo7ad/7ng7y2RFA7SlQB1hs
2vXLNBl3uhZMssTUSM+HioN3PmiKJI08ujHq3JEO6bDvrMEJ7nzHkCERecgS+kgwjhwexYL6CEcDBTHHDSbTlsVhznlvP3Zo9FgvWlbWPW8=
2vXLNBl3uhZMssTUSM+Hiq+dCHXiIwdw9VADcFz0MKHNfO/oq2sWb7k8U2icQqnLmz4varAtZxpXhfxnlK7PXPvjN9kBU8rSYggPreNYQjDPPGBzz/jjxJSd631lbvky
2vXLNBl3uhZMssTUSM+Hig50szGLInJm1eHDtfiLFEQgSMdru9re/STZjWjlZq28Ry6pUx6wdy17sl9EP2OOPJAy/Gsyn+81ZIxNQbbcbPedvX1fMYTmU1jvCmRHXWJi
2vXLNBl3uhZMssTUSM+HirXLfzWj+tutF42M71ZE6wa0B8d7w9cZZMNxIkcDkjN0msjIvo9Ba0A+8Q+ZuApActKU6x3rHsRTawmb6dZiXxA=
2vXLNBl3uhZMssTUSM+HiqCzytTUqpw+1JmtXpczv5F599PAisRQnO7tUvEMM+QkoBQ8bl8WsMBDtmGE0vU92vQbnRRgTZJZa8JDEvx2XnQ=
2vXLNBl3uhZMssTUSM+Hiin2kaz7SWfh0UiF9rKw8NMAmO8iRwKi3OE/Sq6m5fO6MbMU7hhctwsSiuPINY79ZVObBQPlrG5yUe/2+acdgS2XY+mA21yV+KA+LNyWaxWg
2vXLNBl3uhZMssTUSM+Hin8qyNVIHynK9yN87zZqztppMLLw6I/V0vT+A9knjyW9J3BAF1r4LvzzPccYZV8+0wdlRWQB64KMSgDFPARRq8GnVx9vab41p5LV8RhHGbRu
KbxMuepjiTE4WwJ4vd0lrhc2lByNEghj4MwnyfjaVjnYPOsgK30r9JjWaFUPXtRX8Ir9FZ4JYbvVVyCr0aiq1L9AsIA4NQa/kxUy7VeceYs=
KbxMuepjiTE4WwJ4vd0lrl+8N4GWqaBbgSpq4TOtiXqD6eialKB62bMhV14oGxOI1n7BRJVlwCrx2mh8OBxeovYXA/TTNUZ9s7v6t62CP6s=
KbxMuepjiTE4WwJ4vd0lrrkuGsw6/yXryAa9zXOEFR1EK+iojzJDfVRHkvons+vLL9lOJmnHU6vtfVCl7k8NFdswMQitlCuNY9dhR6WSZdw=
KbxMuepjiTE4WwJ4vd0lrvZOQk+d9emWGzLmXqUQmjePaXsIuWRlVaYvXCPBJB3+BAzZVSVLXET6koKxLHWqwfX+Wu/e4OLqY/8IGxzfElA=
KbxMuepjiTE4WwJ4vd0lrjTofbBwkp39ldIaz0/C23lzdDZ35sutlT1AZk8cYy2u0gIhLUWrIYdVyWexOjCFmQ==
KbxMuepjiTE4WwJ4vd0lrnG1i+/1spl8yp6yShqNl8eQJiHcy+dlcAkc4VlBNkWCJ1EgsRkiO9beoH7fts/P8yRBarktmDhVinbzACvfoGA=
KbxMuepjiTE4WwJ4vd0lrszbjfJjk2TNM45kEf/+J1VaEf41Ezs9IBvELMRGoL3yBUZ71w9tfWbprz53af5pIQK6y/FXwS0WNmHoq+4HlRg=
KbxMuepjiTE4WwJ4vd0lrgun85DcRahHLHegixMNqS+qAjYM/hG9rVmGGYU2HKWbFi8JXhFJK/pSOPyS8Sm4S+HcshVWTnX8MNCW9Vfwq2Q=
KbxMuepjiTE4WwJ4vd0lrjudYTqICLB9AVRy42Sw/gbFrG2IoWFfBAK1/y+dgqZ1OncEGaFMazDMftgUcalt7V2TdtCFeUHRCbPcaImW/syBfiA4NtP657B8V7CFUnTX
UranWYCYJ2gY6popVMYVh5pMS7jATqXhnsnKggkKAbpMV9jw2ayWcIyIN4rc9DDy9yZ5yXg27/PWa7b8YIY6etlenyU/VrwjlGZo7MDZmQJeU84044KACmyThWsAsSwthxImh1nendBHqx4cXiLLqyvX6umYRCV0yFgmUBaQJ9VSokna1EMWMAlAwHCryEeRSGoYE6YtBYTuojHumOIPZyJ99Zz4GsOA9GbnaGumsSGjqS8mr5U4sony7qTaapqMQo95wx+QYpAykoe8O7nciyFHHPyiI4lQ/FGkvCUiGkQQ/iDfIazw3vYNB67PZg4W
KbxMuepjiTE4WwJ4vd0lru1r+bDsSUTlRUddqWN7NedMYN4oIL9aLktDHbCrMWlgVRjgA7s/bPK2/wsonSBJswQUUAtsDV540TK1bzHvrzUeh6QVCOek6x3Yz1wVPavb
KbxMuepjiTE4WwJ4vd0lrmWuZC14LGz/NDcYUIwclmqkwWI9JCB12x5HCFgdCbL6lODEX0qpSog0BaV6ETJMZRayEVKwFaAudVIvXDPF0Bdz3tbOaub6VW8yJO+Y+l3s
KbxMuepjiTE4WwJ4vd0lrqKb7ql5+j0HpJQaLpQYWHwGhxdF0olmVfc/rOGBsUKtRsNdB7LwMBIUnx0te7A3XCCfQX4qCf1nxYN0iETThJIFQYO1gCVDA7d9Crr+jw1nGx/3HbLF2w/ejbw4zX27bG5sNktvAVgX/8KWb1nQI2RjywppiGs8jxXTdLAOTLKbVrR75l52PqU6hGXsGazmVH1xarvVvsCRJ73wefCtseygxQDu9PyCoiW0cHgwZENG4VLoOoFgUoTxL7sKretzJID9N8aTb9hkbgGKKG3ttbZ79TcaCbraXTc7U1rgBf1E
KbxMuepjiTE4WwJ4vd0lrqKb7ql5+j0HpJQaLpQYWHxcr0Oe8t++4fF7b8JbAiAzIy1EoRxlpuHBbre73i4T9qoUYOMSXDmA1B2Ltt3EXCnwjJUaQzQgLeC2SWkTEAUj2FtHMV5OvFis/g21qRhJJZOGDq3V8xK4X8AXzhE2rV0HtwtwsggJv9akQPrzZLbcuXml3cdY9YfMOiZHxImFRkowwE1bLeL0NeeJAf0UWUx/VODGmCBQFfvqVgRPw95BilYpGVkyTwK7CCCslCW8/jFGvrjcVHmoJ9C105qS2KfYm5W7M+tLWCU2saNAmHMppoOgLHYKkB2ApuiEm66ggA==
KbxMuepjiTE4WwJ4vd0lrlbDqtbcwQ0FuC1ML6ADqnXCtWdMaEx5Y8I4l7gvR1ci3fmvT/esm2zfdVejL46vStk8SItat0K+wo72XYCiIcAv92wZuo8xnxPAcyIBImpxFfuBiG+mERSiINt1VgkD7FTxoJHPRnZsDbovGGRumcjYA0R9XKGUqZ9PHZyt/cGEVy5+5+El0kZUPicXTTIZgpp9FMthS5xE4Mi1/LNNZ1UGIzEVbvN4rC7Dx+h+MTZeSRRYaPv5Jglg6I7juadNYQWO/HPcs+NZSvKgdJKLBP4zHGuS9mFFhkQkZVBVytKh
KbxMuepjiTE4WwJ4vd0lriY4iQ+1PyU7pX6hl7/GcwKVAtpe/NKEwFcKgJiMu9RpLiLhPXsU8UB70NJcuXxZavKrIKON3+6ajcj43HTKjHLzmFtHGtMCGNgJjnmHHe6y0MitugHgSrpNuoncbq8kCGXwMCeFAH701uDq1YboSQ4wR/RkVnYnfLmQIQ0JwmA4I1hbc42uSV0ClDaHih4fNKR0S9U5xVpWNM2CHYTZGpJJ9J9lMxcu7hawulDXqAqk+XmJ3hrBRUxfy5nFNAM6ipeuJ307JXyHKriCuffOV1CI9bcn/UQ1ysArF/ookzx9EgqVjq2lJe49Ja6jnmHnlayxalpNmt8vj2unSZBCHWUyPUjlL8ly4a8cAC5z/pt1v0FBKfciUgDfOfZV/CT35lnwuHQJYBSKd3PvuTm0oe8KeL4NA8z3oGWMqhfuOn5Ihmk9GL9YYZeb4OkbS77j2A==
KbxMuepjiTE4WwJ4vd0lrggZXkUyyYIiKWhCv0UiTrhhHTfmQ8n6yF5SwAK+SasQRFgX6ck92yEcETLfS5hGyyVtDtLQbNJU2CtUJS5/THdmpZFapiNFHcOW7w78qjO5u0SNr/iJniU69XnTJs3ViKDlkJYEGyPG0XyUuDEJATxaSAheTtj3oviM27y0Rm2uplXG1nFo+bvuhwkUANzHuCG8N+EdPxU0Zg489gyVQiy7rggJLDeYX4jPVTz2dzrLIi9vOMuzNHVr0/uzNmUDApYGh10gC7vdJPCja09+YCX+q3xcTrPWjgQDv2nOd9vG78JkslLMMHgjjCZrzb7MyRLxSKB2BdsS4tAZHid2iDOBxXrudGmYSWAhAgaaZwk3C6pfk9lT1Cl/6rtueRw1tQ==
UranWYCYJ2gY6popVMYVh8wN2YLKdw11xVEIK9cv0QGgPxLNy32xknmOH9Je0QyM6+TsZwwOczZ5vJLCxv/ic6gNbUSXPB5xUjBxys75kgM=
KbxMuepjiTE4WwJ4vd0lrsXWOryNFUsHq7EnMYR3X0SW6dgiB0Gtrt2QQM4SxnBCVvIHcSq3HcBBErxSVXbyw084XXZpkMBeBXDmYddWbG1ZWpMdmDinM309Yfg41U6d
KbxMuepjiTE4WwJ4vd0lrmNWAoD9rNLksOhHsEVk2TLRUdD7mLzaar7mME5hMt6kV9baZ6fcU4OjHa+ULaak3A==
KbxMuepjiTE4WwJ4vd0lrvmiJd7uct3RAy8SlvmH2qTqImQaZaH5Mwt1pJ6WLuvcLaCFUjXm9QMsb5HIj1Wgo/NHx2pg9U12LCGBSQ0XwrsBbePcQeA0HthmGTXYxtdd
KbxMuepjiTE4WwJ4vd0lrrRiDiwrlF9KLKBsTha3a5GGIzOMJBcA9aj0n7XemQcaUUzxm4MeeoRNEgDgXqYxXAaJqg9qpAlAYMBKXyu/nS4=
KbxMuepjiTE4WwJ4vd0lrixTPBb+/i0671pOBS5SJ0lL3q0QE3KXCvRmGGgUs32enFPQhrIhev1OOfLzoWBcT4Q6hIBE0NwIgYt59RwJAaYXgI1ceOptog/WFdxKG+QsM7IR9kE8h3WeBkFLOgjAc2R0FKG45z4NjwINMoGsy+oYgeiRv5w/QTRCuwzO0fdamhQwrbAaEBSHxOPyXC6V8mjN3HTRn40boUHKPpPUKLDTt/bMrC2uF0vIXhXvkEaoYXlrJH+CTb87RvrBTkwYQjmtsEpV9o/OZYtYCzFh4rwlr/nmcNPscW4A+jxEbxtoECnjZ9LAwslSt4mmypkK8Y0/z+42znjpT6pANH5tcNYGF4WdFjqSoJRNQJfPJZXJEbWknGnUpyXv0TOd548Ww9t9uB6f4ZCmi3SelONQG3v0qbGbnftAR0yysJbf8dmkuJYu/W4TjW8Agm6Z5ZzCAg==
KbxMuepjiTE4WwJ4vd0lrgI+slEvMw1pjqLPiV3sRGd4T9Q8k8qQco8JCh9K3/KO8Tw8DU7oc3kYBaJ4x6GY4K9SCoXCNHqx0ZphbFQjrb2yy5XSMRg+KzoQBrTQzSLfRx2zluj6sLRTPKz98vz0sJNG3kEjAwSu1tKE/G/bjinecxl0JmetYPS8OuFo9+mL6ZXRgsp5cxSbivy5mUJAixfzS8aRZ2xG9Lr+uApdVd7fBA2xvBdHFakYrF+9NLRrEJVo7JNxj2imxOOeOIg+7M5MJivuwEkHKoa/+Meq6DS/o5vDAC8FqnEH5ZFnoZpw6Vh5LUUxwfjHF8H9RdLbUP/ynhyPw9wrYs6B2ow2ZjWbIinZ2qYLRX0kThEHbhjD/Db8epJP6T5p9xDe9B9NcQ==
KbxMuepjiTE4WwJ4vd0lrkiDfeslE8Xfei14HbkNgSQOuvL5kA6cDE510t9bMzjDc/zRvA0KX7ArZipdKG7VNwEWz7fr9NVy1YRzKB/3x+fFWRrvpvVwwdrQ0ydE8Jwt
qSB7a38aFp5MPa1ZaDEM/gB0egl7AfXLkYZR1tCssnsyCKZmxnD7ZtTT9t6PZhLx751O04s3acnaXTXNbkwM3I0A352iYM9o50ZJigCtYVxtXA/So4SOUcwFZ+u1GPX7WngNaJOOAbfpIi9MgpRSQLWmB07Tgtf/88hLQtKyBBVu9f3mFQDhc/5kw4NGdtRA0k/SmbMwtILMcAS03SY4mlvr4Cj21g1HZMtA81ausqnmg8lWQIjKKKXXTAJ45XXboJkjAYYY233R/XYfal1efgAEh/xwN2HdYLNA16mSD4k4Cb291qIQVoh9nj85IINFJmNsDxRr6iMgH5S4r1X38S/6llukda5F2I+4EMkYJXqYeo0QM0oVXiGvNT7vU8fa0dFwSULKO1vRTxGiCF9m+WRZ8ARKG7U1rC6Z2odzij/hVwm6IxBA9McnwKjvajXKZGGxVHfEDnMRnHY+hUAjEw==
qSB7a38aFp5MPa1ZaDEM/je3/DNmXB7T1NUbISLo2Qc3EcbQppIxsnUKiYiCW2Iandz/XCjFD3m3kt8OUPVrbY7JLAddYOZTw/HPQjAhWjjjz68fVw4u/y1a6yy0mqAQ/0glTmJj+/+cTRMWiDY3bljAdnr8+xxs81CFJqo4OtJND4P46jv/XVatwTHahfkl95vazTp2wmeeYgf7/evheY6XwxnSQMpmYdfJHtoUGFxFGqTUM/YhY3TOQG8gkrNxSDT1asDaxybTIfljHPO8rk5cmGS5pq3HmQ7Cje1TZVcVtNTmY7pwe2IjkcCHBAMES1a8aR9FsxX2oDmsBwsAvqc0SulaegUCd/tBSOTgC86Ahkb/pnEh8ScbwFg4FXZ7ATl6IDcsrDmieHxvJweNeA==
qSB7a38aFp5MPa1ZaDEM/v15LqBBRb84Lbv3nqsdNaBvxySTJclcrSZtSlXvYM8GT7JARjunTej2odtIv6c8Tn+vpTYxhN6+jTAQ+g5UDCeO5TYhPG6YT0PQu8QHFOma
qSB7a38aFp5MPa1ZaDEM/rnbrg56XsxGuQw/S2S5xjpjOEuz84KpOsLO3KtpWF8m31wuRKkUzRL7xGOq4VlfGWFuQTBi/G+ENQrQ6hpMqdqUw0falYy/qyb0ETHz/Ru1
qSB7a38aFp5MPa1ZaDEM/gQMzskxWMTIycTQUqVmKqGDjKhoGFzYtUJMH34g4fcO1fU/Myf7Bwr9DA/WdJsM1Il7etovdsZeqxqTPw+Ul7w=
qSB7a38aFp5MPa1ZaDEM/r6IXlYI4PjPlAeJRQ8jl23HsVfkO9UavFP++of9xiK4nybpaV2SgegRcgmVcnnLvT6qw+mP4cDc35bskt8GCFtdzYaPXQcKqI9AHGl55kzq
qSB7a38aFp5MPa1ZaDEM/nF57Q2K7Bxs07q70ylsW42zUK9bXU5WxokV+zvIVCuJJK/GYMeZlQH9WaSCRiLjMEmtSF9iKqaLkIFNfqfBnreAvb0xhPBiZQthgW87Ylu5
qSB7a38aFp5MPa1ZaDEM/jE3TLhGHnST+hsNoRq40eRMeECAJblNAg55WXUYa7UKUmmSReRmNyFdLWl/YjvBU4FOiRivp0tkJKjDcndvR2I=
qSB7a38aFp5MPa1ZaDEM/p/ehkWJrxamTNDKxNZpqAF+kiCiP0ut0yNfAnnWMf44tmMrnybEvVBeu9a/ZBGSvDHGVNm87LnETgV5ecbdse4=
qSB7a38aFp5MPa1ZaDEM/kWkM87VQR02a4SjTt89YkGy1Nhk9965phetHAY8rJ0RJvhx0Z/fU7efeVpoq6uCm52yLclGEUtk1mhvTe9pQSXlIU8d5qEFNUHgCLO9HZ/l
qSB7a38aFp5MPa1ZaDEM/pwF+BiwWweLTtdddDJXa61AVDrllukCH1X436lz82qWa/ip9khioC7ffDZE2K4hJL747SXXLRaMdSSjE+0oBxxiIVzxWtKmfn1NRU05MfxQ
iFhvThCEnyGUjk9Bq21sJREELtcsYoIMQ5YXmdoJkMIBCS8KJMeGAUkPuA/ntROdLcwTnV8Ln0ud7WCYAA9Aj43o4YcsqsoW23djmvrJyZ8=
iFhvThCEnyGUjk9Bq21sJUNtnIuhoc+4EChbfVnhmt0i4BHGmlKG+/pJ6ru7/kRPZZqplDzhnYWfPZkTTbGxAHzuf9XAU+WSKZRpussNTtI=
iFhvThCEnyGUjk9Bq21sJUNtnIuhoc+4EChbfVnhmt0i4BHGmlKG+/pJ6ru7/kRPCxiAhhWyl05xqTekEtl+ZF77V+CyyWY51RUzighyH9A=
iFhvThCEnyGUjk9Bq21sJVqWgTWNIAandcjwSIUO4ZFmL8WDet3MHEgD+9W8HT5iL7VdKnNRa0aMNyCI4pNsJdNQhW1DEa99dhfE+5cGd6k=
iFhvThCEnyGUjk9Bq21sJdom0ML4L3S7YhLSdXxpAk1xTd4kYmNhc7GBbMzwMp4k/V01BOFrbRaFIP+ua5Ywx/MJuf7qDUXYRRMe3Nl9+eEdkHhuTPoNCj2FbR6oTjSYPuZR+YRpY9MHzBzGzu19NboaJIPN80PsUp+S6mkuyd8PUYHfW5RBBNyzMiAGxr51BjS1iWDR/z1a4Ri9lx/ydgopcHhahP+tao7dYQBcqzSr6b0BlHE6K5rsFiVuhx6DOgu5+X67QWyiA5IrnFYtmw1vS35NLK+fJn3aFVuoIwRffmzz+Gh7cSHb/wrAw8iV
iFhvThCEnyGUjk9Bq21sJdom0ML4L3S7YhLSdXxpAk2orAf2s63akYmRMI74RhuVhbClLTosF40i31jsVktfx9AAZv3If0CbqBNwxjYtmZ/X1OLcCKFaNngyW6sNwBItZixBBF6lXAIXmdg+GEzu2NBe5yDPJVaTKGIubDvXp8/ouPz/U18PyStHLJ95oFXtUFUXU1gAB452bApYsHQxq/gMB4wNSxXb8LZku8oWxKG0CZ2l7Ss0HB/I1GRkmxDwdROprLszK3PyV/O2PwBy6KMi2ZxP4zXn8hNBSMDtJUgh5ibbHfcgLSfa/V/BDClY+AIiUauDidlu+K+SBCsuJw==
iFhvThCEnyGUjk9Bq21sJVqGdjJI+KvqTIfRDhJGt+5vDY2dqmKjfh77/ruYmM1VdFvZc9krjHmtKcWkZDTbMDEYBkTQcsxTi3z1++5nGIUM7AAI625svrk8dUgaBmjq
iFhvThCEnyGUjk9Bq21sJQoDZp77HRU+XKdy13PL7jkQVdGGdPY8f3fy2ZjjOYKNgmFjDUO1s98qGriqL/bkcYZvkDCcXHMBnyCtWRtRe6xZ8voQLOIcgK1vr/uIoUzJ
iFhvThCEnyGUjk9Bq21sJRx1qvvdyQZrojdvehpkSpMcodI/S+rAX8VOtSFfhypdThG5RmWZfKKnzDuZET/7MP9xfREfuuxvArYvvCdMUGUUeuZ9E5DQP/DQ4ZlKqZgXKEJvCtwwcCYrGRyQfIVaLr7tcEXER/TzXRFdwSKsLDCz5feVMeh+e99X2KpuODbHNXgOCJX81b1Gez9UnPhL2k1lVjVB8Q/XHfLD3NAFl3diSJuQKWVndukWOgYeA/AxbrN69eNDDrgwgyQeBkuRElKDh9MiNHa8IsIydSy630n3obMZ7nm+rITk/K5hz1qH
iFhvThCEnyGUjk9Bq21sJX9W/4V+/ZMKlSBbvuyIAjC0zrWjal5F0q4UiSH13uu6JsqFAWdDHiBES8yuxIyciNGDmVz55bIhoC+o+Arl6jVQfTvfgYqm3uT+KSn+u4/dwHNCmLTdW+1PkL9U0rkLANQzrUzzqsMLkdfkTxbaLHUNEaApdLO9ufjOdM5dAYFNIevhnCYB/0BfJj9UVkHeOchwJQ5nxKfyxG08AxDOFnu7uI+IA+76x6ah9f8KoVXBDT63UxnGozZjwjPCNSXHPlUZOZ21ZdaZTdBo0895yrcuhSMn95DllXXPH+wdO3IA2sIMqE0ysO3vaQJnsdi8WA==
iFhvThCEnyGUjk9Bq21sJZqCVgeBwHjSBAUKaXgL4S4qyLpNRTU5R1EmlGFvOJDS4nalcToZJMw9oXKxPXt4q5o4wP9UyDHQu6odYOkORTc6aFI3OS3/Urjhd+qLKnHy
iFhvThCEnyGUjk9Bq21sJVrGSBs1Nwt9yHZ/6bnBhp146P6f4MkA6G2MuDojB3wrRX4h/Uta2zJQqfbskPx12bjp9WdWX5SGQE1U8TTxpkIVzQKXnzK+SWo6cZiGr03NGiRgrc9WSN93IUVOtV0do2/GUFmOn1ZXWjmzFWybA1+f04R6GTE7RV5l6UIOnNwdwXN0D855ecH/Z1h+3NEtBy7p0HOdRC5STxSmowmIZByXG+tDySbJZ4Y03VSVgj2gt17nw3XolA24rddQVBy3y+3Wrr4GM54wRu9Bg1UOYTQRz3idEG57+N0J+BkAlLhIWGPV3HQJnmJ3QznpsAXaReILbVZrkzw04NpkqQtPxxBPz69Z9O0yVMpgQriraoPugosXhMOzVJMnixEzaY04YqmsV8NAU2xGlMIgE25zt/9cpe4vB1ENjw6dvJW8YdpEiWoUiPcMTTrvxYRh2GtSBg==
iFhvThCEnyGUjk9Bq21sJccjXIuL5JZk3ItNoLxIukwONWGUfRLE+ZcBWGWEcNfPkRV7bfU6FHArIa/+MaQIsiFA2L+urRIl8ESgQrXUhloaFInYFdLZuG3UT9CS5F2BL9niXwRbjcUQEGB1zdmZHQK7fbOe4f1Z4fN8Di0nvNBCSZLYIRVV/lulvUxhixSf+UIoF/ik+SgnXO42wARytUny3XEULnS45z9wWDK24vlyDvavA13RBmCGcQvpvPY78fgsCNHDug+eYBPq05mrMDKVQLYmhT75ORPWIFjEH0DhhaI1FH/WkPislNBVSsrub8xAB5wv3NPPoaC4SC/AZjzL33gL8mdYbwL6N9wlzTdOff3fvTgqs0CEoTntV52MvcyyVpJMx1dxY96fIdufJA==
iFhvThCEnyGUjk9Bq21sJcO8j0mZTZcEq8jLgrKGh9QOYgsnzXpnR+FoYBvy8Y0Anco0rGcd8BRNhlk5/aKVEYkP/YkCbaT2R1wTpVH443AooGQvEaqo3KYKMNkQSsrA
iFhvThCEnyGUjk9Bq21sJR6971Ut0voNDuQqDQaj88W2+marIjKwSEoGNWSNpDPn8GjtWhC+FBdnnz29OR9i4Q==
iFhvThCEnyGUjk9Bq21sJTYoQS4NtHjXWccdnZJBe4G0wDWm1v/bJ3Vm0kHhSO0uObLdMqTTIYBSnfQ18qYtcNqm0FAI4EsBM48qBxG7tR0=
iFhvThCEnyGUjk9Bq21sJe82r2nmpdfG8qUNdpGwH6ZqQgYSCB4n305M49S60mJlOqfeAWOWCW0S5ZB5ylHQRoZUVz7oZ9Exr502nW03lJ4=
iFhvThCEnyGUjk9Bq21sJQedRiWk1Wdehmy4DKIakt9e/T48qKmnij1uPLqB/rmnPKO7duYqoBQaZCdowT0e822wzIIguiWCxUaescNkUwXyQ4sTN9loPREweYhFIXPb
iFhvThCEnyGUjk9Bq21sJd3PYsiVdBefMJT2akUZYmRUhC1haZUp8fzCetoC1BmhMB7M3anFBM0+U1ldamJiWw==
iFhvThCEnyGUjk9Bq21sJdSxx92aGgXN8H5N21EYWNT80xDEXNc7ZWB1IOF+ZwnpNhrUa7kkIFuC3D57MIS9bovc6LejWuW/3xX10JsSkwI=
aS1etKzV+MUOHnt0A3pIbuIxOfM3Ppf7EnsKg5GpVhsbqlFf8I3ejRm1CaiLtV0PI1fmZRozPQjUqmsPDNthdKc71UtzVbyRtHnc88kdCakNJg7u2icF+UO3ytc6tjSS
aS1etKzV+MUOHnt0A3pIbvEWMlMoJNC3dBKs76V5yKa/gFB1eSb8WEOBuT9JZ2NR3cxtAH5acN8viIoBOQsFWTQ/JlE6aq6vWsPsgIRpf2U=
aS1etKzV+MUOHnt0A3pIbnt1tYXj1wUJgrGoDC3h+aXKwTFftInuvxkPEiW05Obucb16/XHrx4XM+BalZTSNYYUesFnzrziJfKSplkfdFWwAW4fIzqUPrsbPOr3vf7J9
aS1etKzV+MUOHnt0A3pIbn1Uh99+xSQcL/OOG682TvIshSCGvMu7ylhALqF1KC7GXtOko2/VydX67UiwBqcE9ABEr0wSUFj+hrE93BX2apGtVNyxDu6CzX6uGbraDlJ9
aS1etKzV+MUOHnt0A3pIbgwiEhhroJs7t49ku/ybXKhm6NyH0IHDKUkPJNcvcwVWZpGRYSC9te/4PSV1hbFZfd+Rj+ILQJfNjZK+CkCRvPo=
aS1etKzV+MUOHnt0A3pIbnnMOFxFYEToVGNC0ETCZixr/yYK3MDsNovESNQv8ovbd/XtqVWPCLVBlfZTlHPUpg7AhJ2h1uF0THwMZ1n5MVU=
aS1etKzV+MUOHnt0A3pIbm/H36tfXTFxLHVDetgoEF+0SInKcNM1wY6h5K9g89T1/eE9ya6surUz561VR8Pth2YqmKqYs4CVJ1XsmdRAnEUDjV4tCqY0akPD6NMJXkGV
aS1etKzV+MUOHnt0A3pIbh8XFOtny6VSmwE0hUAWZ0bOLR6PtQBRMghHI6NbzUAC0HKH1pejG/ueBFWQcClDEGDQRiDkYu2FSQT8RaQFfQ1SpGxq0SoZf5yXrwFnXfEC
aS1etKzV+MUOHnt0A3pIbgnDnxrX/VDvLKsGB06eAjC5gGK/YdWPm9fYZXvhxNzAP1tBAF/w204IwPH9Z0Eh/rwqMJCubYSyfFDIO7IdO0I/MatFvYJa39OBmN4MrUh8
aS1etKzV+MUOHnt0A3pIbnImpBgIicW7t9BZPT8Srakr4DzGaGYkN4eqgMuZ1GrqUxckePiMgp1ThtMJJjNpzIRWkdZH44ygi/qjshNWf3H7FGa5Hzns8syhbYrNRqSP
aS1etKzV+MUOHnt0A3pIbgzlY7OiHEvO8QcLCEwt5PKDQSSc0aAxTiGKV6nqRMbcz53Pptl8So1WvqEw3bZO9kChqc3PNAVFIhAqtUNCfj0C39ABHml5Qgoiu7MTeKIZEhU8hW8oxFcpiuZmAPvRZ9BKy76PELSJ4CxrXYTJYRXxKS09q1xE4qqmAolexeJ9gzGkCvCfNh/CYnTMiF3/0w36BOWchLqVEKXyNIbsnE3vFWdlzb1S+QZMxKyLI7flAZJwfjm0WMLbrwL+AEb2rQbKYQcgprX+erJp+ZlZtnMKjoar78TbhEY5cpoUYuws
aS1etKzV+MUOHnt0A3pIbgzlY7OiHEvO8QcLCEwt5PKc/QD2RdMuuoWBvD42PHNVVCSm1qphwcn2JINNmaqwYeDIsAop0w0Dd6ksl/4ME0ESYeB6KIRmOsboFnYPsu9UwwcjBKxlx3p6YQvI3Qu6ubkPT8vcBLhmI2k0B+9z7bU75m9W96oZdB5fBKZKSBrGYd0uYpwayAwhlvutJyRz+8BKXnnUiPwDhBoEtbmqOG6G25S4MgMh43Dz+i7nbBJvZHMAu3yCE6FAyHp7k+lT4y6ZQy4a7/rlzGrzyCCOdM8UV0QKf6waJ89NHoJSDti3evU4KbC5CoaFFE1AuAQMoA==
aS1etKzV+MUOHnt0A3pIbo1lJnmYsqELLjW0z55cyhS68ICuwMPmUd1aEm1ahz0vyYsAGivHnvyseq1qHv2v9oWKRq4u2UhJUfqCCfTSw2tYH/RruJCmT92G/LuadPaJimGVPN9oi3xxTZYPKZuPZbzgoHP3qTswYMoISorulvN5+64Rr5a0zaVOnbiuoiDCw124iltRlEKp0OvcUQkGM2y2FcELDaO9zyuL68B3ApiRMqBeU6Q6P9Vu7ASeRV53V5/XyrHpCAFj26t9yjWESpRd8eYurSin3e6cGH38sc475ajK/cvgYn+OJdZGJmWGYAvFR8u7hD1vr6GWRYSoRVrNj+vkqswEcaDkoZf4IhEnn31vGCEDBsM4WWAHIu+n9HsArXGvYYqGqlYCRVO+RJXkn33YocUxulacOTZdpTXvtBypdwKWXEXOqXg3/LpBqno7MOEgM+JRu9d7Jy3vQw==
aS1etKzV+MUOHnt0A3pIbo1lJnmYsqELLjW0z55cyhS68ICuwMPmUd1aEm1ahz0vtLwbMRDRxRYaBISfalTayxy12gs7krqMfflSwLZQF8RnZUjv4ZAUFRUphdmlUlJp0wp217C5JACmKK8ORVR90XruainHezKc9Ytt224phnAp5mBxJVn0TK4VFEmUAIR1Moui8Dqvkcl+jqmfOraHUoJPZ9Kd0yJn0fOWgLCcCVKG7gJPkw1p5pPK+QdcmXzsYfC+SwEuVvXQ2e19h3Qz+r54vJV/oRIBb/1zs6PMedxiJG7ziGBs0xnsPe/3FVI4YRKc9q0ir8hLTuyVbWB1hFuFCuRnBpkSJsKCSfxL262aQ7FiaAa68UqURsPj9kXacI7JF7fK2iHp6wKZ/55UMg==
aS1etKzV+MUOHnt0A3pIbuIlPxqNuvYeeavzUG90p/jIzeyFEdBxJvq4XTolQvOSomHKjGnDtQhW4bKX4tbNVs0HDfMI79H8cPUPho9hIBBGj5WFf/cELuQhlzO0GVaz
aS1etKzV+MUOHnt0A3pIbrLLAOhwf3gd1b1khGocqDkX0U5NKFQpQ7FSLaXC7va9uNnVBWxwmauPDnxmdMLy9lqS7dcpZCM8nvNx2J/dG0Y+xw51OnbbzCbs0PmdAP9/
aS1etKzV+MUOHnt0A3pIbnl22ky1HXBiRKmHWm1nv6OFh9aibAR0HRIrl2wVrl3N2xi51Z4Nk50nQQO9ypENxYbEdq6X2jTd/nMjUVMHrah4I9+ywNJl/OJQaLt1fK98E0b93hEUFFAC3nU1qcc2AN0Jnank4ymhYRAvoLTPMDauys80+kFH8bnj5jEvVxhWm32b+eLNYDUnky4hNF+ggH3DHoHFIpS/XzgYWQT2e6jAUKSo1A7y4qsg/RFNYzgKSd4jlPXxz2GNqF6QRR6nx1EYKIlQqq1MONaHU6LzL5jlTYQqWy/Oi8UM/n/nIpY+8Vf3anL03Prr6DRBzCha1XCC3QX+dGa4MNAco4LjcFgIS4oVqYz5DgwBGXb4zS0HLcG2gtmGzHIGf/6ldSKUD2yfSR+O/eowI37boYcpZHsRKJP/6lrMp1s5UNoWt4ac2AnSWMWTObkL9/UiYTgQtQ==
aS1etKzV+MUOHnt0A3pIbj0kXVf96uc3KRn6zV5M9xTOLc9UQ5/zOt+Q/r/9wfpcjnqm3Sr3hNz34h3Q/GBOiF0SI526qvpiJmjsD/o9Q0MQhImDAKHrtYyUI3S/dcq5rMdQ8lfutpxwRMiCUixZyiW/WOmGtb9iM9Je/d4Z1RYmSJunqLqldKZSI/0mK2Kd8BcTQhcHKckMUQ/3S1YRzGM0IvSHLkQsTHXamZPO1wlF1fxLNh3xcNHF9p7QU1FreSRAU1CQJeTl7axQ/ZZO5DzYbmKmzrFtled5W1/GgI64laKVtqbTLMKArySvZeYcsxiJ2Q75V2sywQmbByoCNsrQjmlZ55YpR3hPtf4b64PqTvWXITZ8h12cLrrj6FCyAy5XwLe7bSBFkk73nC0LuQ==
aS1etKzV+MUOHnt0A3pIbjWlIiDXNADACgfkxajkc1BWgFSlAXsDvzkR/VHhyh/7HEH8yRHY0VlYg9m5Av95Gsy6BEK8pDtslerfTiANayY62sEcMCiaYAPT95OHODfg
Z/Uvn603c9apwH6ZZDbLynpd2B9RZqiLm63ps9hjqoMP1ChzVXJaGBfDdXwGkQw8dEUUs9yqfXq365gqleRUp1Diz/RcQMVSyTwKHFKL/OT6G658AGfqHU0G8j01ri8rh8H4UnTN2csTW730RZ/Hc4A1Ft4JByb0uQ7nKpWVoRM2DqQqIFOiJOJYRCsOGQY7oTBfpfQXiCHf4ILz1KvUq8AHrL/l9N7w7djLGwfU5Zx6IvroAsBzqFIHlagrnDOsjJtHz6bGFuHWOxx4SZU5cMzF6UQfbZxCNl/07tkWz+iXEoG7m21Wl9NzfDJEXQOYFvfQQqi/KL7IejdvwEtVMdxQYVpVgpB8oZFgobXRTbp0nZYjCcDFbhm01sD1DR1QvB6Cf/xJJimdkWPWkrkw/A3KlusGy/3TKgBAqkvt4XfcVN9W6berfeMEyyLigM8g91DFFf5sJFp+kuc6O6MhHQ==
Z/Uvn603c9apwH6ZZDbLyne3UVO5S8d62uZAsLyEC3oeIUbRS205i3q1BVAUbTR9lWjJamtfbinPIC+DB5qPCg0TjQ7LO15USbLOIJ7nnQjK2bYMebDJMgrrbDBE0wri+HSMUKrG1FTxADMhJtY40kA8SFWyB0sj5aCo/oBVtTRhHzx+/T3RISJaPbWX/WBjeEVzGHFzqHE4FeL1kLG1m36xVJaZiKl/LV5p0kgRgp7oH43R29OlnHRcz/uKABENYZ9vhSggutjUsyp1BosEIt+o/R5C4YvksDZQR+Zbzd6QKC0gYQjUw6bfsZavJy/peTnKEhPKmsA465B/E3y8ofJI8/5Tv6QfKJiHg/mXL+IeyFLR82NPVmdFqXUQGoGnfTVDvI/Ge33w0A9k8jnbMg==
Z/Uvn603c9apwH6ZZDbLykftUSkne0jeFaxfavWBn0FrpQdcavNdMW9VeazAqBq3IpQflKRMgDZsyBJHC3HkQZ68Jl7kNCp9iCUq43EzVx42OkUa7bJyMJhfcLjwmK3u
Z/Uvn603c9apwH6ZZDbLyhP9D2km706larXioHO/ypkYpxnf0SbI9yVTj30ye6CZQsSJNyWtTztGSNsi67Qj2RAiUFi4uVwxqjteuE2/4Uw=
Z/Uvn603c9apwH6ZZDbLyjM1a5B4Ka3cVrw4NXd9YAFx8ExMZtNNhPdi6axPE5vDZI18yt8TyHpZUQP/5LL8AxEgspDp9gJIDV79Etdg+WA=
Z/Uvn603c9apwH6ZZDbLyhUbm25bVDF8tFXWbp6soNtPvFDtkojjA3+sk1vEhjm8OmSu1JaeaXuamfRgfcxfJSsHeHM+J7Y40yEBh1PZ7Fs=
Z/Uvn603c9apwH6ZZDbLyjK25ZAR/ShlWpXa9gmtuEcgqOiRflQgD0ztTBqpt2RXKU+pyDDLkLpTnfrAYyfSLCeMjgSUcrBJiUtMLR4kDMg=
Z/Uvn603c9apwH6ZZDbLyjOutd2meO0vXSjEzhRmFrKzPFj5r7CwcMclQZmnLbJh64q6gYAjXAmRXktcPyZIRQ==
Z/Uvn603c9apwH6ZZDbLyg0dZYYygJ3Oh2XqvLFcoa+m76oXFC6Uiy1o/XxVKay14ifA2Lw3m6iwOJMLrSKnUBAryukgK+f9RJHBe745vQA=
Z/Uvn603c9apwH6ZZDbLyiSpHZ1XPVh5gpOHiunDY9qPl1EJVs972kaKtsUj07zyOWaZPH3wtTYHCcB5NSFL5K9JyP7Xgkjgu94CYQCYtfU=
Z/Uvn603c9apwH6ZZDbLyuKwWgusKXO5ufcK1kjhsS1RL44nTkm7lBbLgrjLe8rsYNzl6F07Regk69zxbyIqbZaIx/Hn4t6wY0lzGdHk5Bo=
Z/Uvn603c9apwH6ZZDbLypPI55S3WJjEnkdLwW2AK6aYD3heRdOFrit9CZdueDasAWtTqMrvoYiNtlIUo3ullB6Mbz7kDz72cgE3wGOQ2+r2ACIqE3Xoodr6hdp9K+Cw
UranWYCYJ2gY6popVMYVhxuDgWJqz6tqb8wjXHzW+Tsi8ZMshg8JB9k6tquqWV6qHbm6DiHZgxUfILWZ+carFd20UOdk5zMeNPV0LAcgs97gL2VoQJvpcz0nGUMInEmPvrW6xVYkzqaXBq6AQ+F9SwVYj1BljD6n/mLCxVmG2mqRQtaHWABPrXYYO4l/gOHYfBP82Hk24UM8rlHjR133M4XlOEejJvKeRoNv1se7o01mhXglNsfI9Xs4ZHON98YyDfCIMNJJXylk8GHrI/u6mggFAeOzlNdu4Ic5QlLXXUPrnxOHBF7oLNz5m/w0qGG0
Z/Uvn603c9apwH6ZZDbLyt3dJraVmjKI9pOAwqMzHoiPHUVLPQUhIgqMO1+Rpf1JGRHYPN4JYo0AuckFJPmTVuAytqCK9RjmSV2jPv7jiayH0/g9Jm1UvqgPsuRT7wt0
Z/Uvn603c9apwH6ZZDbLyjfQvVDnvxf6P7m+D+Bcbf27kJC9F4YGxPF6sK3FqPJRvsUiYjEPxf8xixnm1atkXWINt7aUYtn97S30ONlJw6cQtYJG99EaeIdvhrpLNudI
Z/Uvn603c9apwH6ZZDbLytTve4kUCpiOsM4/V3a+pPvesU+xvfN9zcTteTBQnLIjwNXTQi5d8kttmRIBZ+mAfgTv3pjKMp4rMaIlijRlF6HVf/HNRnDuVAeP9IABg1XK
Z/Uvn603c9apwH6ZZDbLyt6tCiMZr+T4dC9xME/QhbpJDyr5xgFXmDzC+SCXyHgZu3tagg42smm/w4+0uN1xtbXzgvJ2AznLKHfydaKA1OyTB3+19IST6XrbV8l6ePTMi6Y6GRAkR0Ztnfw++45oJmyN/M9UDETkqSUjkf3eniLiCklPUzSq6watNPYXM6gn7+lC2YyYY49xvqyskGbJXGMfnIlBoE4+YVXNAFqZb6LWl3NBftXN6J8LLgj47qdeWhi1TPbtIKyUHdHOGmsgbIkOrzuCrCKdPQYX2+WL2xulj2PwZaXQytEkiXLafv7r
Z/Uvn603c9apwH6ZZDbLyt6tCiMZr+T4dC9xME/Qhbr3bMXLr5D0p7Dj5iDvLRvqVgIQoOy0gRrGV1HgyjR+Lz/6+//ftcIb8aEPCgkTyVjrnc+AZvw5ujaQ+K+KsQlAhPBxfVljuKvL93yL0CEmZcFZn1jjQ9h2ZIxpCwPkjYzA2Nyr5pcaci81jw7eGAD7YAxcTe4dnHPNNkCrUAwUe0d46J+pv6sr4o/P/e8EtdyfgE5jcKzU7+T65YRYFoxVE7PUPYsywqu2juqg9K29XOcF3S6hE3oV1TXZd9lE6n5UJ1581xJgPe54XZyL1jpS0EASXUiV5ZHsH0WakDZsnw==
Z/Uvn603c9apwH6ZZDbLys6O/SuYLQrqGDnOCWbPWbQEGv2bNrYMqNDNuyFDmTaxbmZRJP9DMoC3NIj/fRhECeYC0u2Zu0zmFKmcyMQVwwhiKpHyw9OxZoYmfxh2f3/ev7Ri/NN5iryvKzD+UFwuOy7u7OIaRpH1Bo0FF5k98WCwUV+HPaVD4Muu2pc0GrLH8Pv46zSteeVzqQ6IKHPGIyGM1tugRiUMO/yta7FNe9VtW/vtCxOLKmeh4CC0+JwNTE6sLN8HZtQXUbnczoTx2F1T54zdn6zsGwPE3c7s+6TMDaDfFNQgqFh1bdfgk2sS
Z/Uvn603c9apwH6ZZDbLygBRZlO0pHU0J4WvpcxwO8NlFavoZNSAYtUaaUpyg7Huoz5IbAOSxP0Vu+kWH6kT84FbelhAOHI6IG8wxdLYIVMuK78Ov0zaXGH0N8QPyAYAu7lAsjsbt0/ew94aet1OeibhYjCYfLP1Lqe/bGleX5y0x4I0Zkr0HTibRQss6K76Ymeq+qOGr2HEVuoZiuXpI78dgWssQvlTFonFfzNV6A+72e+dAP3w1lqWrVpCjDxpR/ToDloPamksUkbPD57P+uD+wScZhH2CtBJg8XPYBKL4CxKUiXYdzQNzFH7ac3XzxciaJefUnSUF0adVOg/zIY8PfWIV9UkT6/eM2P6iMuTUJ/0l3E7VbM6mlVRSW5+lykKuhOjeBgCzUHUTuUQ96GtRDAeNOrhXLCNhzcZpkBbgGWxWNMNSH8QXhqk/maFypcYcLDruRdz2rGyTIIjQ8A==
Z/Uvn603c9apwH6ZZDbLynnO2W0j7/gMrtc/k3D4ThXYqYvIyzC9CjxrCPQpdjkNNEptS90a64U5FsejpMz5fr3WRlFEJ4I2sCRV30gUxzwE+OPz7GtLIw60pVm8Tg7RidNkdkVzp8FjG8wK8FjY+csKyG9sxso4YV1PeeA2WIQ5m5MdL3KP/T0GEYaQj8MF/75ainyWMO9oXC7t1EJzoGYbggNbCKwE36Y4xuh6r7hZRicCnNa23N9ctD1GZn1ypjrb0pPohj8/nDBUaCz8pVaKtXxQMnP90EncDfmktbtG93N/Gqw4kMXLmhLc5xaAR9CxcFSZgV1VNFXB8qeLKgSJpw/0EEZGoLwc1FVWZd3OyuRCVNNRFqx0h45Z8PVQ3hTwyHM7tEpSSkqKREpN8w==
UranWYCYJ2gY6popVMYVhy7vpmMpZUPeTUId5otRi5Kv3tYLDlIRblzgP5pFbkJ7FQ0gOKg3eiONBgRryb1blosPoHMD7CBHV5nYue5WQIU=
Z/Uvn603c9apwH6ZZDbLyqdjrkiNX8QWVJp9PrlAFxlFhkddAXBiuTglJxrssPG429OKQovg02ArJ2gOVBgwRS0v00oOBk4xoAgRk8MWXbI=
