GmcONIA9PFzHw1gpPLLPoqev3ytAH5KO3S/CJpMsylg=
35kyjVfwBJgytCi6KM5Vug==
FNt9orFfFSbPIXNSbXcP2Q==
gE2g7VQeqq0h5MkG44fPUw==
A4ZCFW7RnVRfEnbtNxUDb8VFIQmzxcIFLuiIjRY2q84=
cwgQW1UgxyVfBeSrdwXHsPE1eoSAri+NViVSjTYe4hg=
pYn3RyiaY4vz2unSybTHuw==
mAzeFbkWBGyzJRgEWJSZYQNn44wFaguEUnqkvHVinQw=
NiGef/LGs6v8Em6sqLz1GYGKB0111uCW/TAqgkiW0+w=
2lfNnhNY+w/3xMaMUxJbE0YFT/wvMlSDz8Vrd5FEs18=
MoMCJMIOFiq1bfSr4XgeOqxNQ8VE/a3hY7B2IHG/UJmmgG6yuPdYRqZWgnrHc+39587voffCHHaILh6h2vIqFbj3PiLGBq33ypEt2D6eIdc=
MoMCJMIOFiq1bfSr4XgeOsQDD8esHfcLsML4q87/ZFCAURCgssaaIVeI77o95msp+tIr/EEr/B07QvtKU+yVITPaj9cnIEFQFAPYqka6pQg=
MoMCJMIOFiq1bfSr4XgeOu1xgRD4icuRGfZGj0C6jQgvnqWudULKGgpulClvU7Erbl8QQeSg314TipWPG0E5PVKCGhjbZCHX/Dnwy6kIBLI=
MoMCJMIOFiq1bfSr4XgeOkWlaDJSUUksAzCufLahAZj9ZcLCSUGIKaK6sVXhr8xKVi6ePPdUgYJM1IjNfySjKBVSZFp6K6NLlAfLInRiX9E=
MoMCJMIOFiq1bfSr4XgeOqlF8g1iXb9WvavtIilEqTsRImSaIcmQ00nRzBopVHtUSSGIhhAHgEnNFQE43Bpyng==
MoMCJMIOFiq1bfSr4XgeOjuVdJMqgHz/msgiT8bYRxBxjIPK0X9FpL7iAdaA40HDJzoRjgi115ZiVl7EEdWgwA+uKvN610wFB2TMyngx9MQ=
MoMCJMIOFiq1bfSr4XgeOlxMxWYL+RqNLswdNsENXhP4pkgXGhm8KApEK2ftVjyiRBSnuDovJmlPlZa5R4IVmqdMLi8vLO6Qn6Ek6cyytQE=
MoMCJMIOFiq1bfSr4XgeOq3KV1Zp/2UGWY6G8UVkxSstSPt/ifA0PZfzTpAGH4+jeTa6zaOfwnC2StPxJtZ7j9pquOSW47gUT4KUBogRwPE=
MoMCJMIOFiq1bfSr4XgeOuSk+YQoMJKnDzjc+qNvq59/aoGQOasidk7pYh+Vn6lUXKrASioBAH2yKbJFakwA4qHocRx1f2BE1y7dsRPorm4bZWPYVWpGpxCKmc4HI+o7
UranWYCYJ2gY6popVMYVh5y6H50eohemWxdChhdoN1LnZ+HasGuoUJBUehJ5chRNZhmbZNqJJUPMCbkpdiEM706uiGpXCqhgRfDVF0gw4tOmP5CVwWlrTo4yyzfp8ClWyhPULz76V+obavezJqnRwxMJ6IrrkY7M5XXdvl0ooHxjqOjlAjlk68MPQ6dlZhxwcMT3vawVBevC/g2JBDcG7so90dH3xjTJjAFRUpleq7KvQIwJ9s2yW1nV24KJfld5ikRprmxx216IUG45QDiRKrvcG14LH1aP5YSFkujcQu4kSC4/1R6s9CuGisMLAvKf
MoMCJMIOFiq1bfSr4XgeOruX8jMC69O9J7s7XzfdqfzDQ0ET2gBwQiTEV9fBGViYbB5avFfqn8yaZNsbFBzej/dMhHAqattIjbMP/N4vu6pFXBKgtvj+dW903Urg/SostXJDfJB7LJl14CFlhtS+Ew==
MoMCJMIOFiq1bfSr4XgeOgXoH2p9zuO7uJkllN9Bl7Y2r264XsLtSVwcPCEjD4x+02mY3yRs0EhNY4i972F1HPiCeZ6uhkx/4qjqIbol5mcv4/LBT7QuvnNV+ft7gnnENLICiA0W/k1P3L4r9YYA3g==
MoMCJMIOFiq1bfSr4XgeOjGR+MbxODXJBp2Qo+B+rvaZ8Cj2TvvFutB7Iz0D0R4jAIxHnqSV44zr1DAcHvJirxpmrQ3QIuN4wJmVjlWWwt9vTYFxA0J84blc5DwMaWWJQEw+h3SeFRgMbo8Tqwkdrw==
MoMCJMIOFiq1bfSr4XgeOis3VKUuxk8jBSrZYwAo0IArcPJqZweKgBTari7Rn0QycuqPHdGf/crGKcokp7wcoikWGxudoi2JVPIUirWw4rptHBbgwjGnJpuNKUPSyT+pAUAGYCw8q+9bBrGQqIpLYw==
MoMCJMIOFiq1bfSr4XgeOo3oSGesib8fhpuNLdBat3PL2xDejUz8JZ34e5e3utP8v+YQ8AFrjKiJkUTirKtZ0WbWDXjK3vN5rUm5rNYXwP4=
MoMCJMIOFiq1bfSr4XgeOsRmNBfm3/FLfsFqvET41kDv8xDgxaZYUOBFQ5PJgUsW2e3irfw2lTjQM5HVZDSgSZPFSvcia0Utdu6htx3UjpRSYDdgFUMC1xsfGxCH5dYV
K7/cr1EuOjggIdPw+0QKro3/FkhDe1mUPjl32MU9WbF61hcyXllpRdAv7s2Q0R96Z2R+bVyhaKEM8Eb4j6Ydi1MIbWPCJ1dPi5voENwfa74=
K7/cr1EuOjggIdPw+0QKrutaEQX8VnFWCYmKVxTBC8cQWqSyJanEFBlMeoAOHX8qgYNQYJ5MyTV6Xs0Ugbm76fSP9davOR+/ur6d/3RibwU=
K7/cr1EuOjggIdPw+0QKrqefXWIolhCWrz4xoBWJPv546BnnJJoy/SQIyFQLt/rTobH8RhAGgr2+6NEzZ9exmoSENUMNpbe9Dh+I6tdj+y3F92KpIhZHbFIMtr4zx21Y
K7/cr1EuOjggIdPw+0QKrrWZ0xatou8qi7kvx+CFJBCq+TVPydJ+646woJsRE7eyS7uXWzM++tdgcdq53Y15WaSr8qYJd1L2WpT4AasQVkLpjUuFmHSw0wv6WG+3dJ75
K7/cr1EuOjggIdPw+0QKru2GKjRJ4hsxqErswdSta0M+m4ij8Z0hLpnM1S+VtVpIK2nETsKOWUIAQk11EytzW+Z5QKa0nS3kNHDFbMnQQ4x6ZY/RzgEX2Ds1hNo0r61vFmapsnCMkq3yo3X7gjxwPZ9GdBBJ2WoWBIue6Yj683U4gSGncv+8m7V29FUOF2E9VPE+PngBw8lmf3FZiAh/zIys4L7BAizBm4/aNQsTh9ZkOj9FNDb47r4R4Ia4c2umAez68A9l+ZnB5GyAT8vkoDIL315sLFAJnXnkoj3r+GUGDHsE6Q62eHnbYCXxLIJC
K7/cr1EuOjggIdPw+0QKru2GKjRJ4hsxqErswdSta0MLtNpclKC7S1Nbg3USrbR+Cc1btuMDoT0BpDMWPXWRTmkvxvH5XaEDzT5i4IIWQe3Gt8lhP37ATu2oLa5MmqGnbMr01224PJYjsZ1NtxDl5v+Bzvz2nhTwWkuGpRID8kvuWGquDw5nOlcmavR0XzXqxiD7fttU9n6gV6MIJBXo4zWnY5G8m3BxrpqNLFaW8tep39hh8i383ia8p1DeF/b1FTJwq+EDZ9N5iEH/x4NIEZopSZBdJPM4vS0NIDyHp7euOgHhskIRvqsRXKb0m+C5xfsKU3ke1RxMczCdUUIVjw==
K7/cr1EuOjggIdPw+0QKrrMoPd58ha9pFmliv8/OJTDrdCvfsb6HCNjBmD0tw903/zHa2S/CNDr+EhCZ0Ie9c5zTwG6rnjhVnXyZfBMo6WO2JdK3C0bkU6jMfVSerjDizkRrhu+hnrk2YDT14h72KsX0HEvesDHPtVsfXEt3IG5iqZwSTS1pYyOA1HqZPTuEHifBuBuAwKjufZ1e7EcROY/WM0ige22BCLsnrTmHZgdDXJMoJqubV1pHGuhyF4yZG4Yfi/mBWTeGfWSuF/q1DpuapAN+Vq1HKjD5wFETJbdw9EScD4GI4LIzwF7bFtNkOd9Efcbl90QDkcs8eZuKcin1PfX0jdd5YdiHMBSuA8iskdkcBT2+KWCpSVdTZNZdxTN08dVgUxxn/KLTNSeC8qc9ELrSM+ESS+Smpo1CofPcyYWh2+eG2+hWfKz0mw2dugEIeD074JIn45h27xlC2Q==
K7/cr1EuOjggIdPw+0QKruMHcEdU6wVelbtKmY0R9WRCbbAWp43Zm+RI4tPq6C0S/YUmfUMB2qHFLKvb6502iyHrk3ZXPbFXpw4R8X6dDWHwuDAWh1z1lLdh4mlROHEYU+F2c+enCUsPlTPLbRF+cyvMoCXiOkHJ9Jimq00klgpJCFJxvII75fR//npR0m9wZpYqogIz9NHYvuBYwErIyhVI/GHPmduwLkV3OqWk8vWrp9hpFUbc8EuIqHG7ud8wR2nwVA2GRFGqn+Iy1uwfxnc7uEdc/ND10Nj7vdtmAeiOJg+s3Jjft9EDMBwtM/K2i/FGVi60Ycx8eF6PZo7IEDHDz3NWEJ5DocqhraOumjO0/2VT7PWHwsi1WrmpLf5GIbpodZ5D6Ai4XbK/XFRI5A==
K7/cr1EuOjggIdPw+0QKrmsMjBte+q72aL8wNf51se54nA9YUMPh2O/kIEWTSH5nxNeU1jZYEhTP5yTVJtflgczliYMEXtYvTvz4wiHFWKf3wQg0fQcbHK1FKLkzBQV1p/YI78+pZzBzZXNb5Kmhvw==
K7/cr1EuOjggIdPw+0QKro/zr4X1jQYP73hKZ2RRX5Gqy8f/dojkNrvFJ647UGJMIOK5tkYEkcXYhnrPVxahPw==
K7/cr1EuOjggIdPw+0QKrorBsOYQWg9oIwbgVN8tl325vE2iyBe2T95yCvu8VW270UQmh7+IOvb58mfF0CXwBiEXvtLNUvaEkqQhsTqi1Ug=
K7/cr1EuOjggIdPw+0QKrv3ATxvYq6H9OWtdwhaUI+msA5lK43G3+UOGvUt1rXOgFhHXQsbLkGv8Zyocigz+hw3r85AoxZ+y6cqUvMWC6Ig=
K7/cr1EuOjggIdPw+0QKrk7n/ZLbYGMYFoHI2dXSQad82j3phMEgTtCVBtmLcLtDzsZZ9XOaw7booz06ypT2k2LO/gZR5Z6UB4Isf+Ztc0IYQT1BrdQhDY0WD4E8Qyy2
K7/cr1EuOjggIdPw+0QKrhwOaXlg4krBO0lzVEj/yvX9B0GFA5JWbpP1McFCNShQIFytkmYE4OjLrGaA/Jer4zpwMzz4LfHtpxYsZ6NXpqsulhIDps+FUv7Lba9zLVOV
K7/cr1EuOjggIdPw+0QKrhT6uHgOA4xL2JvElSFXAOrNFIsxbGogpoc5iXxmkEpmVRntAm1OnSmoz47xcsenkjb9rnUMYdTCrDexVmsqPp8=
K7/cr1EuOjggIdPw+0QKrgn8uDhPLVr4S2uCHoTLGQlfcVL1Me3Orfg5dhq4SfZ2nXtWiYvz55EvHuce9G9d0cc9uY/krBpaCd0qDU9LTciYDWybKs+F8Z3rUJAGDetLHMfFQIHZUNp6o4XWcIBw+J1VVdB/pxNPtud55Rb7WwlSUFh5HTVXKOWaxNu9t26aOItmn1nKJ/T/YLuD8ceJbov3ksMIYcFxVeel0+nrT22OkA0fPBLQCzf4471XfOz17kIwtCSqENEnTaI8SxzSbe8r3S/mfG1ahjrs/EHcKUWJJ22rfQY8EqBPYG+vO2WV
UranWYCYJ2gY6popVMYVhz8GMowVCf0IDEWPRCblotsiIWzIYrAywm6Dwu4g2JLhkJoq9qDzKrez7fLoHNQoVuVw5qfKfDt6tHQLNp5Lf0ALBkXw/nslCrf/A0Ff+Xs58JEnJphiCru8SIQJXtScM2Zbmiafho0aDP7abqrG7YJPXWBXlDLI7g+vQ/ZZ65u98sURu3iIAxdiKfxZvFq7TMbsVclmKH0sin++54rT8oW1OecSMGPhg1u/xSHiGmlcALdv+vB+717gOuLIR9K+cJywvARorLEjxcTEoyRKzqRQGE7X1BR/gV0VCZhV3xL2
UranWYCYJ2gY6popVMYVh4ucR7sgSvLe7MjX3cri2fSVcN0JMarvGxriocNvc6Ez5jYy0WcOUDUSZxKzfqyaAfUvCSMn/33sxc9xqn/YwAA=
K7/cr1EuOjggIdPw+0QKruWQQMPRIvxMaea/Vt9B34wJJGxf5DPXf0kH4GjXOy+Y/JjkuwPvuZk9LzYucKKv1A==
K7/cr1EuOjggIdPw+0QKrgVN/cMGwSMuIb0xn6gdkAsxAOpxgblpTR1mGelGUa0+QuIGUdISM1fSpdxqdatIwknQjUlIwZhXATaiqWO20XqvliHgegcn2ZygHvu4Qwis8NR9/WRS440AIQ1zl9pBggKr9ZxHj1GhYlRdT4eb4cSo/qWfAojDJIRHKub94CYqoucaRPknxUTRoRvg2td5TQfUiNt5TixQjv+x9rzkATK8ep4JPuDot17gG9NW5RaVxET1BEglceB5tZZ0xXCC6nn0W8faaMIYcz7TRE++S5dsZXtSeb3WWFouqxDyf83yFUQNus4xUsco+qgiDJJL/UZzOff1F52qCqWxJPnsRzmxsbrGhQnDhieuhU8yrtrWmYq7GyfKJVxll0B4s2dkhzClTyXQ+mRTk57nAJseNmhJJmkEFiU54IcXygicEuKgzpdbRTXzaGCglST0Yv2vQw==
K7/cr1EuOjggIdPw+0QKrqYnt+/zcenYHJvDsLsKTx1ev87+1zaUrN/OQFd+62yqTwcybvNVwIqaWHpjkV62uKQNQX0bQChOj188xqfrxeLz7jZh5QSTLLlbRRExH3W9rJTh1sGjzt4l67C91fJtZyUEX7A6XxmRzpBmenE/A0vt1znqqtoqkfGUnPT77ehaFvY/37xLMhJnpNWUJT/yCE42pRfMqKLmtgpuY5kxHO/louqQcjeHLGaWrF6GgE7O/+JrGClNTglkdUhOXs6Uk8ZoGY8aZLzf2339dwQuoxHJyt1rQoOTWNkRMHODSfofdM9GWklj8/bKtKUNcMmfVhBi0XRn0xV06075mQygA4/PkCWkmdz4ZozPykUYc/PxbI/fkc0IT1voK7nO5LH2Rg==
K7/cr1EuOjggIdPw+0QKrp7doTikMfxwu3oYmtwZr0J5y/t1zyJJLb/wHl86T1cZ/kFzUexYvISzrg36uzykDb+XW/LZVSQqkG9E39SNvsvTGpExaTZXDacCScHIyB1F
K7/cr1EuOjggIdPw+0QKrvIOfBABRH/z4pFDW7iu8GQF34YRPWvfpTPLrWXBnfemFQZ8zLlEJG+P3KSrzftDmfDXT5dVBcr8cgvdF/0Qmwm2TUnDy+5557WzVxST3avDKy5auuKVQal2evQDnBP60Q==
K7/cr1EuOjggIdPw+0QKrqKe0WrhG7u/HK3nMNNDuZps3cmxEU/8nBomk5+NTssiT+3Wws+RDRRJb/Q2N8+z60gbv5rWaDPycU5ZaZaEay+WYduqnjzhCGAhXdRQpjeZtY/QSSqMkDJXHiJO4LmJ2mJ8VtsFdX7NJZ51T5ilvcPbke67dlVXOyUHpR/HdANIdySf8j5JcEXSbmmqJ1UDpvaKmO2jammcyR/aMI6UwOchIEeyhv81C8UWEou3Uk5mlGveHHybeeLQdzUUay4sf69zBfKoTkvYCk7/y1+mT0JSQsSVhwjwEYZGjIc5hvdATpSK/bXaBq9VxFLG1cfiXRoSAPnXWstIIudk7YK1YskjWR3vALGrzBTu6cHWezj45moB0+P4d1LX91DApIuEio2z0CUvAqHKhC4rTrkFvDqs32QiBY9t0biBBNTIrd1e1QT8yU6CjwgTQ+x5a71ECA==
K7/cr1EuOjggIdPw+0QKrhcOCE38LvYuNh6lHztp8b9p30BNJaU5RSw2cr+CHmxZlpnjo87qjBnpnpdz//G4Te6R7F2aUTOlnUOEX+KV+GOMhKxDcQMwmtEUrhls15m2/vEu3RQhf5rbThHx1OPlCyW4zeoDM2sBOqui4JeK6jXgIOcorrn6urVmhu6wX7KvgIhtq6IJkUd0pwcB9N+jGhzMnwMJRjUjKfmVCG1TYZ3JULvK9dJhxQBVttwBF/+tfuEV7vvNaKzfmE+GdJOrPdDCw8PeZvp/XbKPQR9tZOmoN2m0dQs3dpA1xS1MKvtdlD7UWCUjTu96A0GvIc0LQt6KqtwpKlLwMrZhiJ5uAhfOJ0S3XkMyior30wAddX9qN5ihz26pZbDZ4zpujX/YcQ==
K7/cr1EuOjggIdPw+0QKrrHOnBBtO/qxgXgZn6JTFw4JlY0IZJljYf5eOA9XViL337yDvm6cueGDUqo3iQ1CWlad+3Xlg6iddYRP2s97OY9gyvXb74aNNdpZDSi0nJJ5
K7/cr1EuOjggIdPw+0QKrufW4OpiI414qAumNo8JE3p8KS+rm04Xda1QENieCcblExqPjzEylNkyGykbIfGBCWZdEEL+Oyh7+7du6pAXEk/CXBWdBaUECsqCi6Pu0KvfPY/bR4OcLNnmXZiRwIS2VBowE418aUjE/4qajDP7tLmckwRk75gaOBcd9Ncz6q89QkEdphkjqunUNLhguj2qHT9I7bWrIA02STmZKRGHst2btyVIUbx4fHCjMeQvwCaHiLozNjlbtYzDHztJg6n2fQK1+FsyZlB+td3uqSD3cV7msqvVJN7n9zdvHSGk28McsRJKcRcLQ/M7z4bwpk+F34PUpMNievuEEQjm1pri9p9UbdAIkU7hvckhrc8JX5DYeLjktG0A0XcbTvlmafFYexsc/rjHYaBMoTN+qBBCzKp5nSDXLj0/JR2c5XzSyJZf2Yo/5LRTvY6BNNjdXc4wVQ==
K7/cr1EuOjggIdPw+0QKrl96egTiYs/KVafLFRhRHUVmPPpG4PEe6QbHhalu4oKEzYHMmV/IPvL4jZu2KKkX9xQltzG3P5CO6Glbi75pXBcbUY7Shkn77SJt3t7Gd12Mz+j93c96hcpshTlpzTG5Uf6CQh1iS8xb7WAsNXkYdQR0dr9vOc9FNpMfC8Nbi+KQB8eowYvBarV/fZLIlfnQ7+JChXsCC28twkdkqkmwB7ye5ZLIxrt09yD3R5dvfmpQLaUqBF9DRIeANuFDKZtRFL8zpzayDBYdZ/AHGdOeSND4tNeDO5DpgC0AIqj6k+niE5f5ChduBD6KxAU7IfPpZ/L40WuoOhWF5wdb+kMukj7+BW+OqqVxgQZO9xIZia35WZ9BGSeBVmHoh/BXxoO6YA==
K7/cr1EuOjggIdPw+0QKrhphmZRdlmRGxIS06wxOjCLI6nT4IBoyrEM8xP8gcmb0elrHmTlu4hmVA22ck+rMx9d27sL2Jc5w9syE8nIOYAlCeDPFnznakEcv4VsTpCQn
odNHpEELX76PpkHoKsq2v5OHSdZbwLlgwJqhvGHaTf0DhMoW6g/+SMsVwiONADUEu9wpAhx8xzSXaoGQzNQQT+n6DKdfDAKdYOsx/nh4Bg5JZFBYjUPeOrFvWmbBXDsKGE396c6h9BhOXKAjqAQrV3I7TmCf5Gehq3ngyew//7iRkCzU1Fz2tNuYKUUrmGnwR25dYfna9vCCEm7AOL1MzvHz2yC5umtgd31HiJ9B4vN0x0VZXnrPSoHuHP5qdIGbLMWr/Jao3l14gL88rTsix3P5EtWYI4uK+xKIwQUpvGJJJ5arO0kFCjg9djbzFczodDT3e1e7CPibsVPlapltfcjhcxAV1ADTJIft8gi6Az+M3COaY7/g0d7XL/TKe7xV4QIwubz6ICvyM2V48ySMQQVQjLTOuJLc3QtTURTQN+yDP15Hb9UFlVU6eGvVizL0mcRQMwIuqi5SEevUGCsobA==
odNHpEELX76PpkHoKsq2v2q+CTr5OhvGpV3NM7rl8MDhGJdwzF7tX6OEKl6D5UTnSXSJ0TDYumoJgsV+NffxgQ5YgA/HXzkFqYVYE5UTKxCQZoN/2508DbgtD+awWaL7d4HPd1k0yVsl9yYjQ1CqKNWMgwrlcs7fA6wyrnZ/E4rv80YhsA0nssx6uUeVIB/Eil+mnCXBBTN3iCH4eBLJtp5GCx37Dz56Yh7X2M1WNv9jaOhEli+mEO04P0IbDQBFpIRLVDLrPQ6TIm5J68YTQNxwqjNU3dxwCVpqKsHiR/GZ00wCuJWt2X1taK0lFuuhRKvN8PkBrmSnvK267K63+OquVq9VyGYLxInfxEWoblsKf+PVAooGU4XYPVa3DJf1oVHB7951o82sIEyT9m6qhA==
odNHpEELX76PpkHoKsq2v2gE7xKhCt70pr5p4lSVfkRJgI3u8rr1T5OC/NkzGFWZt7JHio94ZlY3Ul/PiUV+LBzp1FjZmvdeSs9jTDSrrV/uQb9Hx3Q31rq662WktL8s
odNHpEELX76PpkHoKsq2v+qwApiSz97qvUqR9jea5tegzA1UhBNl2P0wb+uaF3AwLW4kq1qX+I/9LJqXFK37viGAhoMKI3AmYJLdJt1dXc0=
odNHpEELX76PpkHoKsq2v/hFiQPAN3ALuIriWZFIqBC8H3k0FqjjowiOcf9DwJAeliQcOKosB82Day0MyHavNtn4zaf99PYHgcJXTjDn54lhtOyisFF+idH2PkL4zYNHLqqGc7bdDkyN77nKbfbAYmGrhRI83u4Bo1WiqlB+37Gti6oo2AkyXHOo9NRJcu8HAhLtgb2vEZ1+3gp4cNCo/vO1xr6Mhb0MMJHu6+Jvfa8YEKAmP5qx4T19XUu6VT0rNeg+p+0yf/EqJndh2gnGLZcGKFVnhpHUbTWEHJPSRKFN5sSeSsmzHy1aDBaKhT+5OrGm0g6hcvso6+U/1oG6r+yVb+pJ+MkFH7v2tmQBCNVUYmWMwMljo5PkD0WxTJ1QLzpkJ3MQK7l1CWdZYaLEd/qmOT30Q2vovB9x8CCzPFlgUjKKhTepTvM0+TTzM2+EylaOt7MvfC43xjwbZ/CvAw==
odNHpEELX76PpkHoKsq2vxyPHw4wHug+xWPxUZJ1QzRphnz48lGMjbr+mMESQFSW24NIfcRgQYsJRg9Aa1Q10K8ac6DT9rLQgMT4U1FMy4pwHEQPKpT6BKs9/Fi+HHEUaBU6JlajJMrW2jnZGmk641Grh9OCm4FL7Wl1yhYNBXAnevMR+rMPW6WDXBM4WaVC4A7fVCdW/SHVseSteClBP/ug4fehC2iPclrq1yEHZe7sHad4YTaNYtaEfekXy0L8fm0/rGD1CdaWqsCU6w7bFlsx/Caso/k33OD3FSofLzcCYDi9eHvwRhrOzl40k5uJu4lD5bfQ6gmlGUqPiGEf+aNny5Zy/fn0bWCWAhWbHhjQ0QqocQcmndQN+7Zvsf8Ol/9b2LzhjiGeqNtc8kDbWA==
odNHpEELX76PpkHoKsq2v7tjHGPnuvlhDKcEkE3AioyEUrsoNJaLAYrR+JrDDuw1sX0j86U/5Xv2y8RQos5/SJFITjKzel7iH0dKpAwspbQkF02f2rhwzJcOM3wa8Z2r
KpQ/xM4wuZjbD2a0il4Nuy1K+RA/P3/cciDAi9xUfqhJyuy3QUxgcKJxuu5vX8fkHbYE2N90VLiEIYyS42FTFJYvbq7pxOnu++hPJ2LNKTUFoGD342o22K2XwYcHJzc/R4h/dg/BEq3vvAVBxrMoKDJ5isT3fO9/8clrWVEb90u8yn2Lv12hARbC89DOVxdqxfmE3VFGWsefSijZdL3b8PXBjD1BJsN1e/hg7kngPoWEwHGsBXWmoCwMRn4yTkvL8vBH2ts2jwwrbR4jZr5k2S4cYU24Rk3mnse4G/83goo5oHvPY87Tm3+opT4dc8Tkkfhp4pYWx86ALo9O94rNx+oPwG03OFZWkYyGo3fBQXPxr6drMRskwHCyMHsvkk7dZC3zO51tZqSdXB45/3Idm660exwZrZaUCJ0in/tGWFK7gjTCLOt+ctEAJQGFxTDl3epKkjp+XQktdYidHXRWTA==
KpQ/xM4wuZjbD2a0il4Nu+UBD+DETc6tSob/Up0vkt+F7G2wDn18tA/M32JLGgDrMyuGoJ4OKtG7ocdaWrZF23hv4sOtHuI8E9FRAGg/fuzUYP+7vphZwuA5qXzEdtIL/FgOg4vkY7rxST4NzVMefF3BHEUr/auMh/DX35tvwjMJ3DydfPI12WUqBTF11H2zOYG6dlx3aI60c3TQmLsEF2NoJVLjWouxXd/2BlDvr6cFsZtbPDPWhuWu360EhNU5dBJ/dlry66WCtBIVOUWWyV+PoU/WjM40BM/tebgAGTVNkwSMlLQZbxeX2dYsisICjwfzyYCU6FJxKTcLyib3bP3FXw5kaYAMKguZMpwOc6gJpLG7CuWTZln/zpVJ8iD4H+ikdRUxMJJvOA5Hckv5Ww==
KpQ/xM4wuZjbD2a0il4Nu1Ifxb3AbmZrR185h25N1aZcxXzRSFFpyks4EabfVq9vZkwRfapFN0ZLUoqxN8zHys4HZoDgmWlfnyhtKs/BjPskXikPM83IrpDarxeB/N6k
KpQ/xM4wuZjbD2a0il4Nu7jl8F7AXUXaegnS5IWUwj1pnRvTGbBFR+M1nSJfQ8I6WLsDx6tCLLvImrclEueavJuL6jDF58WixpWtY3+lGaV/bEfbSshQbTCE4POrv9YO
KpQ/xM4wuZjbD2a0il4NuxtrqLeCiRCboNasytLcxbx/YaxQcrL7H3z27mZXK+WQVt5IwHIZyrBoRjhF/8Kwjj+VQ/v0AJx6V87Max9AD+Y=
KpQ/xM4wuZjbD2a0il4Nu7ivO/g+D7QQzaZr5N6ae7O5Vll9jwUomMKVaV03TNcep+E8b4tcMNsyMvxy0QkjwOxQys6QmWBFFGCE04e56jBOS8+JTx+9EFAOghpPFKVP
KpQ/xM4wuZjbD2a0il4Nuzh7tkI4foyAMOxcNDMQzRvNgmm9kNVSoWMh/jsqsBkHOrf6sbgcRlXjU1A99BebKeLGI6lVCA53i0S/WLS+tEzIgKcCK6EwQHlhX+WOr7/c
KpQ/xM4wuZjbD2a0il4NuwklbWToUGfSrhWselIj0TNwSBeZjn+3csXHaumcR+ZbQM3EXJINu+HnqvR+zGY+ymnahAg9smfkA1QUuE21slI=
KpQ/xM4wuZjbD2a0il4Nuw+hmnq8Eu6Uq/WttgGC6MUVWuQKuTNpcbQpsFgTaJpqPQwTAHbLSWg+hdqOMCm8bZ4JirXV2g2XMS+X/LzE7EA=
KpQ/xM4wuZjbD2a0il4Nu+SErYHej5lsy5Cigem9lq/3dqUzBO2OueKszsnHWA1GypLjm1/QrhyYHFtgWmItinC80oNOt7J1WHMWPCl/1NWFKlxwycUVxWmR2GDvQSn+
KpQ/xM4wuZjbD2a0il4NuxCnd429yQERvAiKh4a91oZaQr5npSLP425OA677s466mwKoMt/qDlE0g8OaQZWh8oT5Dsfy2Go0Ot5u5Kwc5RkMi6WN1mrAD1Vr3VsmxqVg
KpQ/xM4wuZjbD2a0il4Nu+w2OHMwwpPsjMsPMeEWWMMkZjx9n+KExvV5EWCQPOJgDGvraFdXp9nF7MDgox5KhDNj3UL1mLx3D83TwpiCiUL+PrXuYcM9M3Z6cDqNi7Cf
KpQ/xM4wuZjbD2a0il4Nu8MR0zExJEwT+MbbS4/VIIQHcYhAAfFaWT0Ek4fR/SHnlyGbpYkBH8llq4c9jbz/tdZjzRPGtcOKZmBi1iONem32vN5ggX2QUpDfwCCze7bG
KpQ/xM4wuZjbD2a0il4Nu4dvuwnbrdv/bWMGFKPNwJSY1K1/uDTdXpAJUMAOsXYbnZ55Lj4MdfgTOu3Eg+NautYsImxTlz4FskzMpi30pjkhZjcR68Q1eWNGyMqkxA4eBM16F5DD/RwNPV7yTl6hhSZjXELcuh1nsGtftJMh18SF8LvlvBzxWKrpH3oXmZhoiz3jBzcIGmEc6+NkE/5Nj0t107GlDMsnQT0JIgbqrd9L6mEXkBdtYgZR7bmpYOuv8Llbl1DwMkz6PkcQdIve0o2Ow3hj8PUBbOAVZ0DnkMXEYOMDIPp/2TAWC6Lm/x28
KpQ/xM4wuZjbD2a0il4Nu4dvuwnbrdv/bWMGFKPNwJQbBuRDNJD2WH+eyN52Rwg/F44r+FYjPFhVgkzlFjkuAA0wySvKyGDWDCQujms8QJTVUL3HZZOhKIaVPPmOyixx4tdd6oAmHMejHlOR0Kt6eH2h1AiIBpm0PCdUSGeul56WA+JB5WEFjefwr/n01cPxOSNXEW62lpa8z27laABF/KdIXuaFdm8AWGr3OoyBhM3Sj66KFocEkvpwslszuxWKE/pUurBQDoNk1+DPI8f/k8Ha5EyhT15VAYEGSsg/Rtp/t8vvx3fZ1h85T5dKaQi+PUxgAbnMH1v3ODvndVVvHQ==
KpQ/xM4wuZjbD2a0il4Nu22sWG8tccVkwnAV9JJOAt/J72nrN1oWISEQNNqDtODu1Igg5bdwz79wP4jo5h2m+fPX8q+oFEAszDwy3qnFtQpjLpfCv3CN+BlQZ/BVD7acNuQNFbIjk0ngL0RQSFVecRUyMcV6DvQciH6uw0VRXMf0tHwrDRvCSPZPFvrYfnImYet/tFYoWxUXRbLkDNjshUrzF7thAWbu9ikMg9PNoQ34wgEwYCkLpm8wVeEs6zk1huB0j/fizuO7Fi3pNuqtZcz1OOCXs2bjzFK/Ff2PWtkC1P7vWs8oCr5QR8FAWs5O
KpQ/xM4wuZjbD2a0il4Nu8bfmtZ9e9y7AmiNn2q8fuYaoMk+aOfyc9gttKRv9nDD9LsGTJfIwXQv78eexlG/+x40xNhNDqGITnhYWj9bGN1pa2IiYFhwBhvdfxr70gss157n6d1SmyERWP9RPx64Xmm2cHkvJQJj/KRVvehYN0WtAyYKeA8QAdVdjCakT/Rcox250ammAxWLFm44TufcBkpvPMlDD2tMlV+o62M8COCpGDCfZNBSsko02Xy+DYvVjr/uxLnWkEKAF8AMbexiut9QXC0WjNr5yW1EZvxAhmOn1xmYeHoqpoqe3Z6WvWsT2xYEv4YQWxM+9UTcZVT5fRm5tiNRcklGMAkaNE1L/7MtDok/MmEyooWMILqrQUlEnyoN59y5UZF2vL4LFUEwAcFcmuJLbrU+yyGkvi4o8PNRAIaAF9sB2qnNTDjH2ApAwZEOsRauDKzSvcXEsdARDg==
KpQ/xM4wuZjbD2a0il4Nu2JtEAxsZx/ZINRp/5G7Iy3xCxVQhHFqC9m2ECOEXrK45tIuSR+gkcwDkZxOqv2y7zZDpeTV8EyxjVc7XyoowLSNzNrQTh8f9jwa4dIMbEFiAApAst60ZGuCIPvZiA2iX9ukPAh94Cu9C8BT7KZzNAP5wYLxxzeJM4BqCf+gZbYGatS5VYipUccTk5XPImvdovn3omHLkKSeXqlveGIoY7u38wZVK44qpM420FvZCaoQXG7PCyjxfcYb5MpE2h6Kj4o0opVDPOvhHKTPgdT19j8R1vQ0VEDsyEoAJNYlOC2OMUeeUUczuukQNovs0sbsSBQuDpAQBicy+TSJJfNzRa3/oMob9rrw6EFnDTgbj3inoNl4ugh88NR4nucOmO/j5w==
KpQ/xM4wuZjbD2a0il4Nu2TB7PLB3Y8bRn4fX2xoTwzEwfmsxiM81ve+wtehID372YQDKVPA1Z9VqsuYQz9pAqVNEwIV28cbED1v6uYPdZQetFtLiatD3iA9pkNU/wpD
KpQ/xM4wuZjbD2a0il4Nu/i4Jt3LPzSkzOz9+bomJ1rQrrUST7jqsKxjLqCdNIU8SGnY2sa4/fFU2UWPamOKz5/Xn2YggdoJY1DX6aAaJTFjmmtPgb2Yxk55SYz9P1tZ
KpQ/xM4wuZjbD2a0il4Nu5UqjPqlRp2JN2fwSny92rRtZtu4ni+Jv8Zn3pNZCYsi6n2u+ywp9kdGDFG1e91UJCPReGrF3NGPywNHJrm2paHuEZDexJwdKTHAmwUVRv4ae57gQ/NkIsoWapt1UrPxlTvKXEBhOs7gYQ3Yv7GFI12GOUXCHakRlg2lLyZBkBZublrPr0PZDruaoxBnbK6udT84M0v6f41JoqmVimS0tIMsoPXP/y15GNA+zEacQyToG2LTNK2i7CGzg+Ur7UMNwTAr8A7CWS3h91zNaPwuVqUSvxCH+pmJUJT6/GLtYDMvQJTo9ng2UX5ZeqtAXdLvx2gjo1kxfXkjXjWh7BSWYH3tZmfDyFTgHTVGHhfIgtPIHDAwwbunMRO72DKf+JO35Ybpmc2znMq7Lhs8iKJCr85j9AWTP90f/12g9ltuAcj9uk8y83hVr4kq2P7BFAkf1g==
KpQ/xM4wuZjbD2a0il4Nu9t2uzEqZeOGoP1WOJYrRfijOQOLlXf3w/CbM/ZqGAbIB51kkOs9DP20SjI7kArvaEvEWQgD5gikEsPcb5XSal4oO8q2jWHDtJPzxHh/E7TZ54WYdWZ4N1d93FFGLqyynS+JeZtPO5lXQEv3qf/jIBelAsdhuI5LgQ7dmUhLFk1FAJ7EvG/YdRVCqSmsaXTd88xIOYE4cZyH91+7RWmIQx7M+oG1SM0I0aBpRXwFCazWBoYBj+latDIitgOB7NfRQ6vHYOMm5iVmmTUI+pyd/SFZp9YmwE1tBNnsqRC2SA61SkyeNozbZdgR4CPJ2dMRs94+15jnhHTPTGWJUoJBCN1M1H8PAUdRpp36dTJI5rXwuM8SK1OXwPZ02ArgKVAfDw==
KpQ/xM4wuZjbD2a0il4Nu0v2ojUSzFkgOEm2pO2vFZb5GDs4RcwHL/V4SdJtVhEay6Ty45RNDBl4xLczKa2bJYMQPW7hf6NvvYl+V5r9Z59jUrNS1bZBSK0u+91+3kLF
KpQ/xM4wuZjbD2a0il4Nu79YyrxySBJlfFhnavHkFr4uPe23FnpJqo0GPc2b4+wKETarRWqNGGYXsruvHtoPzfrz92eopgiUmyptuS8gQzn+AKedWpzuVJFylRySwKt3IWAQ7VHAC5SzEEVI/fHSRaVkzjpsxYbEUH8VRiVJxT1U46cctL/vEJyzFuPQ2+JzIa1Jxkfgg76svqY+qZTrYhatcTybguaan63ouqTtmlfHkim4IQwXobV36kRl9PNXunxEtxlJfSQxdEGSZJ22u1icr9eypARDCBg8e3qVfJJqZymIfJf4cG3pGTOgz7a782MnkyWoIpbRYj1K23SSIZwG00m9bimyfMdEviO1Y5xcz+wwNJZc+rK91qomiLzGi9WeuusJkhlQ6FsmF/ijWTg6AlFN/JAtKvVJwE7scqqbc76iyhoe0N7JssflITKuI/DMC5zMgI/iJQjJY8MfFg==
KpQ/xM4wuZjbD2a0il4NuxBTjKRMeqlIUcT/0VfhPk+FLT9S4WVHRSLZzNfGw64fmjDuIyxM1d+OMsYoSV1Cb201kZ5EvmIRvl8Ge4ZMa4oUQyfRoKS1Ngc1Ml5vdErQYadsjk+rGWffNHv+rdC8bjBeCp2sta+DSeRS4+XmrFp06pnIb/XWxI69TKFqlrD66kxNfXPMkocqx/5O0jgYa613w88HOsm/qfaJ5jm8od1zXwKIc9udlT/EiLk6LkcOJq+Z+kIgpM7Pfg5f3VsfJQqjRTgJN7t0acGUz3J0mpfEVi7e/BgJYXGK8nGMW0Fc+n+EDObdw671TKERo6IDN8XQ2JnQkpeHxVq0wclbQQ0eyXkod/8Lr4VZ8uQV+otgcXgcBdJC3UIPrjLdMR26Ww==
KpQ/xM4wuZjbD2a0il4Nu/RJP1X5htfTiI9hhnJSHxIdVv7SeMkCr72iRXh77neRGii/3z5oK0DTghtkyPnGGi7o4na/9awmUXuG+6wWAlKNUZkLjBm6DISHdkBVYPL8
KpQ/xM4wuZjbD2a0il4Nu45ghkLfDpZkbSWGUKYzLi6xyBBnT2+VR5c58aZmSQJn5UBQOXgKJVwbXBYVaRPgvCByqR2us+HXHKhH+i7ul23c/3l6FntRJUitI6bCYhiX
KpQ/xM4wuZjbD2a0il4Nu6RDkm1R6pKkIXTMJEtqh8YnFKvw7T2TcdIkUtRPmXyhhdWB/aWr+GTwDhErNYAR3vq2XtLodC9pqk3aZrw6QFQ=
KpQ/xM4wuZjbD2a0il4Nu7ozm71B5toyG5T/K5vKTYU85z7xWxWG5wIcS5JqVr/DQTYp549QoTRANIM6WB9G7h5PXbBJ26/4zmpuElgfLMbRr0VQL2ps7MVIUEzUkrdf
KpQ/xM4wuZjbD2a0il4Nu4rpaV1vwcj/xfOmx4oPE4K4Oh4ahYD6tOkK2o88MRDqhHTjBHUlLkm/uLY2kiwz32dR8jKm9oxegwThdgMbwnqSahYf9hI9vdzGN7Kfj4g9
KpQ/xM4wuZjbD2a0il4NuyxeIUyZf2xQjwA7eIwtpxc0IWmmDN1j8f+k/ZCxRFB0NJAkXmVQ0sKtRnbwPUnQrUtj7ojVFFyaphMHUTPYjIk=
KpQ/xM4wuZjbD2a0il4Nu/8KRD9zcPrQ48wHlDvITa8Nf2/R3nPD8vLHtXU0OXQbiPtdykAlQ3zsHJZeDmOn4OccOuNt1yCR04FkuIu93yU=
KpQ/xM4wuZjbD2a0il4Nu5x+801+bjR2yYu2TnAY+rf1DhM0d73dUCwIVkk4V8yTzuHbJpmgrBhOqZHsoa7P5KpMbzFBuoiOo9G49FbJcoR+jbZRA9OOT+Ks9F9VNPFg
KpQ/xM4wuZjbD2a0il4Nu+edSFt7UquXG+Y9Rd9arJhdUf4iQ/ouVHTmlgqhp8ZZTiJb9DWAddg6mgcmyHrNu3AJ4RYUCcfP9QUjgy7RQLXxahCn3v64M9EmtmgZd/DO
