GmcONIA9PFzHw1gpPLLPoqev3ytAH5KO3S/CJpMsylg=
35kyjVfwBJgytCi6KM5Vug==
FNt9orFfFSbPIXNSbXcP2Q==
gE2g7VQeqq0h5MkG44fPUw==
ExPkcbYFeYs2lHSAMsaJBjIbQm7FWZ8YCSkKK1z2aPs=
cwgQW1UgxyVfBeSrdwXHsPE1eoSAri+NViVSjTYe4hg=
pYn3RyiaY4vz2unSybTHuw==
mAzeFbkWBGyzJRgEWJSZYQNn44wFaguEUnqkvHVinQw=
NiGef/LGs6v8Em6sqLz1GYGKB0111uCW/TAqgkiW0+w=
2lfNnhNY+w/3xMaMUxJbE0YFT/wvMlSDz8Vrd5FEs18=
J1xKvx2Bi+pBjzcnEaBbR3WCRuJLkMIb9U9CxdmvSjp1tEOrnEk2DAAUgxAR7e+FaijLE4f0UFe/Ijxkxxhw0d91+aZQObjq2TEWteMOeIQ=
J1xKvx2Bi+pBjzcnEaBbR9DB26V+zDgTN2vUZtwjKVVvTkex1lOYo95Gzj9LWf4RCnZDTbdUi3gfP33ePCjEijsrDHfZqsxTCRTB6xlr1ZU=
J1xKvx2Bi+pBjzcnEaBbR9Gq0nzvbhg7CvKKZGBmLO103/6yu3mkVDfplMPcUTxUIZqjB2aCrPgHwulk3J6CTly1h1yb2fWzTmhLq/GgQYc=
J1xKvx2Bi+pBjzcnEaBbR+4YwtgETXi1kZ021Uy4RyCqpJg5FlQ3tO5lufYgTy34W7uX7sH/FC+n6wvq19U6UW5mk1ViXi2OUdnPGl+pvS0=
J1xKvx2Bi+pBjzcnEaBbR5XQm1iNE8tl8EWclzQzcDmBnT5upfT1TQBSZhqlyAQNY9A37kFnByMroRoAVfaATA==
J1xKvx2Bi+pBjzcnEaBbR6H/g21+vmGMObczx1LNnh+zqLSoRmrWQ6ZWpn8wNz6NCy605BuFA8H89RLh7dP+9MwM0FoQvPbA+cGlar+Nvpw=
J1xKvx2Bi+pBjzcnEaBbR2IYsAQcMl0ywwUQUP+xzf/bC5cTebrp2bXzQGN4u+WA70t8LBot59VpsXNJ3lCDGfm2oNq3ro2nT3VzI38TFJ4=
J1xKvx2Bi+pBjzcnEaBbR2du063KkGHOKltn+9YY8jABVT4y2CKYTTbnsMMUe91AqiD3RCmRKjGMyWhf1qyI9dTEA5IAB4vGs7XgzMBJpaQ=
J1xKvx2Bi+pBjzcnEaBbR0XRdSrfldEEuJEGA9QGQb99amEM+NlPtHhxHMhK50r59IMzk7sdFK22pJHJ+Og0UpMgUVYzAmcIxWOug43cP1KdBRFUAQlaRxOzRXwY9zh3
UranWYCYJ2gY6popVMYVhz8sYqF2QgkCVoH3sn/8CTp+eCHEflQpQcnxxGZ0kPLnktKQrsTo5Hz5TpwkhPvW/xdUeAds/rqj7Ut+MMdSk5g8kdXLaAUQnKs8KIiRGo2s6OZFbFVRYPbpBlqCiRnkUrISxrfFqYi7PU6RKhaOehmNUMebekqajc/TbC+84ymvyQ9BthHLJR4yQed8Dc7QaOQRY9eSEt87aKdNQjc53PNMPfW2MqNrCvllNxmLTISHZU+u3aqOSJVOQbAWxZ7wmGnwzrgQi1eSBI6nZMKOP4k6p3Eldf4CRRf1z+dz8u5a
J1xKvx2Bi+pBjzcnEaBbR1Ng2TB0ASxk50PGHbUsMVBiiKL6qH1qqGakQkEjddDGRknnux1Li5cMlrHd2GRASZE5vuFCBrZbmy8wuGbY53BnEEt9eiVoj9UgujPeLqrt/QOZCGkXRz7PKKp+0KXMyiUbG5QlurKHUjCZoEaEkmqyLOOT8Wby/pCSaTeXgkXotz1AMZi4n3gtzQqraSiD0Gd/6SSz7l0FvS9YCDFlqJThe+irEqfBS4a49SQCD3Qm58cRoS3ENTTTFbE+oflrswvgafSRKZDNlMrKGAYkZS5UpCHfwZfQMQEXL6MKdvpCbF4WnlP14PzJ+7FEXhUSTA==
J1xKvx2Bi+pBjzcnEaBbR04J7zn6opDI/57RRLMUI4z5I9/mqvl6Lr6Y55ajTQjPaIYeZ3S6GuBKBmkaU7PZKGuReEFBDvFKE2Uqf0r1XG/5e7M9xC0TJxJ1sOZ2mfhU
J1xKvx2Bi+pBjzcnEaBbR7wUQwSMBO4PSfwqRsbtj5Twj10rFPP/fD6agkr5qwwuiGhzLoCzjnpgh54g1J++u5SkZuynAoTqH8QZl8OzW95St5n5UOFuKuiR8VHit1TePUH6D9T8p9369QDV3iik0g7/jmhPENCdrIL8w4ViHaG8WQa7Mkod6eumYfDWkfI+fUPNI5t3Dd5ohOYpDeV525gPWmd6tdil9fv3Qjtv33fAlHNSSJoqXkliyX0Yq2Klx06MLKrLz5p1tBmXE9KzGhmXFth/gtvnIQ/XbiDUFWlkvuSXzt8muwWMMlofYqtb
J1xKvx2Bi+pBjzcnEaBbRzLC+nBtCLlb0ff/nZT1W1xgzZ3akj8TFEmlmP5F3mBcKOMDYzjwwKXhgxt2VoEOshmLPozc5I70G2wH3n9tg9ByP/ZN8uChq8n5JNYYz3as7MF5/wO7Xi3Xn1pa3ERWiFVG2I11mJCkVdyXe2Hh/9uGwGFan2+7Sa2hBZiR5XJktECJBlmGmzbcWkWoL22b6cYqqbXis5rcykAwNvhq6LD5Imh4jOzBaaM5A/Ocun1BuqTy7r2nHlPnIbc/AaZcaVfZavWdzWR/ZtZ56FfmecyAgTP2ZhQHCEWItFiB57TerYoGz+ds9ipDe54ZFmBb5Rgw5gwRhhvIzQyQHDL9qLSsID0Apv4Nk6URrI58XabGQflcA4iuy0R0Tvcc+zXA//iRd/ZUCsdQLMjqLEqahL8ZT/nA/z6ZcEgw9ed7mHrT9R0N4HmB0VUUy2eZDXzA1w==
J1xKvx2Bi+pBjzcnEaBbR6nHVdmWHwWFAc5Y/fBivQ8/MIDw4+oFACde+zRLqmYJyY1yg6IsCmBOE5nfXy8hXpEwSQ3O8DIntNPTIWqGb4HmNs69ek9icXmAPFuNAmrygPt0zBDv4pmokE3wm3/oMEEEYJpriAN4yAG/ZDgIGFSEvcm/nu/JQYXT7R0c3F9XKpy8IY2iX21zc1dALnlzBT6pVubX6IDXMG/qA+fVZITYxZRVYDOvvgs0dPUh7z3cnW+iLi7t2uwW+jr4WgLCtD5fm+nhQn7YuGCj2BMgH+7OboI/tAiXSc7SrXe7ZFcd54OpakVAaQNgIc/Ja8lRTWWOC6sg3HZEPaDzwCX8YprSwx6oJuO5VzT2+YcUDTjjb9cZbaTgmfJGTKUN5t2tUg==
J1xKvx2Bi+pBjzcnEaBbRzUMuYunLwtOJhra4CyYwbNjHxEhTto07zIEzOL3eu+d8y1PKHvRq/dQixHV+w8ypyPF0wfxIm4JM3JS/FR4qOOfMcnkAny27vCvVa6BVU19
J1xKvx2Bi+pBjzcnEaBbR+QoYN7AVFHVAZ+fWXr11f9Fi+379MPlsDchAGnTxSiQ6uUteQYw2mcvE3mkau1s0m9aMlrq2luO3kU7nPHgqv5JSPms1sHTPX9nGABWl+x2g6X2pkaj2Q8heP6cCL51gcWdB4XUXRUQaS4npGgFQhSD/2YdXWHy1NNVYWlMpIMdMurNXgUJX8cLem0+Lrdz/vFSU9k4Bmc2tXsSme96fpXuEWs1xKs8qfYqVEoQsYoSFrJKI0TFFz+pZxR2Tm4buB6W9cJSa2cT4iz8hF4jjju+Y81lBA6RPw2768ypW94C
UranWYCYJ2gY6popVMYVh8mDkK+XbVEzzndUMjKDd5Jo2ubNp6Ao8z1mIcajIKUGEQ6cnMq0ScGU9UfUXOUQDBbcT5+bbEnqC6u917AzpRI=
J1xKvx2Bi+pBjzcnEaBbRxZAnzY3WON+dQzldzREkZO29X0k/6+mfz53iFICK/3O0QaW5nOAATOMkyR2dP5ORkOuOpwE+QQosIyVH/ipm7RZdhzveYsra9AOhjKyTsvN
J1xKvx2Bi+pBjzcnEaBbR4S6rm5i6yw8lthEGBnHVE+AbfNWtwifxs285Oc6Gc1rQL0lximchWnXNjjhk79kgA==
J1xKvx2Bi+pBjzcnEaBbR+sHcK55k3f8X0o5ypQaEyaIdeFY6KJNn/OYHgB0VJim2qT05lrBYZjigfkK1k/fTlkiti9stFxl70N3OcZLJf9+ALuAbTZ5gb+KZOwYafXC
J1xKvx2Bi+pBjzcnEaBbR3yH82/burt5J9o46/k6iUdXFKaWSyXgE/BOf7EyxtaA4jyVQgzo3FJTEYxV/l9LbwXwsuCmWeIrBRkMjw2UJ2o=
J1xKvx2Bi+pBjzcnEaBbR0UdovZfex8QrXxUCN4NWCYpheBJTskm5ubkw09RWuubQ8HeybtSj/Nh/8xUkXDopRj7O+dhfAXEBxSYCS2tA+ois+Qf2Isw/3qHy6x3zs6G4pemNEF5RicKgTFzpTnuHP1x4f1Vxv8t6Oh2UAtsKsZ6xoDbRFgk9csFy++aM95SW7rx6k/IHLVoXDbw7ktp8c53iY97t1Jj51de7gY9OLb1H/mpgTRbcHzTuL468516M675CNxuzdj3I2nymX6vqGR0qBtBzLeAfzNfX2CQWkCBuURkpxJdvmXxP4s39u/aCj8r7xgofZ9CLHBbauYq5rdjEdCrqGh+qtHrRPMWjhqEsw9RRVZp9rUMIciNMP6Pv/DCEZSxy+k8XyWXMHBTd08ucpnklbe98RUbv8O9BxkdtYH96mbX63ap+f0J6lJIFSfXXf7NdI4oNkyasTbMRA==
J1xKvx2Bi+pBjzcnEaBbR9uK967E56JBXOzdHAEX78TP7vz6ga24qbO8fnclHBOkrvH1gWCN2+eq00PSiD1sNyLywIgIA4Cod1dqAeYtH+zW4J2WI/8Ux6pOJs3fDPFVj8cBdQ3MJXEg5lxC05ZbQzWWWpnZHfsIs0RLyKiSUMfETzZeyNtdq2PA1lodCYhqSI1naXSVolvTN1l/0sSrNNWy0DpPY0SSCivSWyBsHV2Lp5PmHU5ddKH4e9+z0IwjaD6CgGBRDXyyhJoXNGJyEuAdiyrJcxAqUC5iuyaS8//Dn31MexrOISD2NW13Wxo4N94VReVy2p0Nd3OlRNqkU+rZRjTyLmXTFrcMaol6BJUcU/BPaVfu0WGFMUbZJc3pFxwaqToudbe+eUbln+rk7g==
J1xKvx2Bi+pBjzcnEaBbR6xchUU8eV2T+DRTO0qvwingBzvbMJ68I7fXo04Z8Zqpt9NnG7IFfoaHEl9XLKzzH6Obd5gIAL0gEpdWM3ds8S0okX21EpEEU4f8pEXHBQv/
srD9xDgjLDluewDPix1Ec3cw9rIgxxiNiseyw0Fn/7Uf1/ZGyoHskA/mm5PRqxc7INIv1WgssHHW/6W4pHDtja0eUT1dR1qZWdXX7mHAXEthkltribyUDfi/W7tNyYR9
srD9xDgjLDluewDPix1Ec2VUR/d6hZpA5L61aehSb0Epet0y+iBheMTgEyTfnqgImZU4aAnvxbMzz0IbvxvKY4+1QaRpxEvsfCRkgVzI6F8Tpt0CpOQy97kUQe1N494ZZ3Yp3V+wQffSedPojRtt5Qj6ALero+Ek6ZhYCVAQSdC7imjo4emx8tYzQzgPRyYeL3ZwcPqQKQS8UxRQWpxoIdtS9cc9LUmpWY0pDFlN5MXhrMWjg6CzgOuRME5jkI2qtawI73AUjkxW+O6L8NX0hk2WeCq+S1c03iIbVgQTJ1gWQer2aSHKWOhgmh5a3QLy2scd8JMdBPxfQO74z3AoSMkWlbO0VZNhTp4SU4cbMgEdLUsWU3oCv0sKjDMgvFi6yvSMExsFptDSPcuwM6BQbuBovfsasEew2LJggfCN8i4H0yA2ngLztiCptSbtFqDim0duYRrCbbAtJU9bwP3XFA==
srD9xDgjLDluewDPix1EcxYExdR7p7u4gqUErekEYYl7pXUKSFUyT0o+KBWiv9nRJhas4yrvxsQrmWiKu2wnb9bIjlmPR4aREi5yqQvoRv5MxZkOrTQIh2VfO3GqmMuzTnFXxigKumVnEC4TUkKof5l3wrXzD6fwN3NLh76nfQIDN9c/61en1/LZ/d2YAZgkGTICQLhVXzJy3BdzQ6KdE7VHcXdQyuJmqQRmByF5fI9LBGPAUaSgzbPczCeq1WMn5oQjlz84kcNkBbM6Jy8AyYFmPGSrDPDTpvjdh5gOrZ/KWd7bIEECIRlizv0uTpVCOvkusXkKCc1YqKik4yalqGeGJXEUH7mAxBL/3jG5FqMPG6bIg/M+pe6UGe0zexi9cpqZ66TLzs8CMTDPgm+UlQ==
srD9xDgjLDluewDPix1EcxzW1hclwT+2I5+4R8WVbcx5IuErKK/bSzE2ii8yUjuhlAxEMjcyTnwNsVAJw0kpmyGnk3McfVHF+eTW+JUo1FE=
srD9xDgjLDluewDPix1Ec1l7iS27+o6SB/TkcgCkM3+lZyXP0dBJEhqxPsKCFoGmV/8C9WK5mqRnlbr+QXwHVdEgeMui7nBDE07e8G6Tysc=
srD9xDgjLDluewDPix1Ec1l7iS27+o6SB/TkcgCkM3+lZyXP0dBJEhqxPsKCFoGmZJGxkeZnfUrAtzq5n+1KBUrnqHA8xB/OShpmsx1do24=
srD9xDgjLDluewDPix1EcztMStdKjnColzfJiz130juD5++yh+udEK8dGVQJnzKJAw4fcpXIhDjCK2wb7dw9Y4t+rUF8emXO7VrgjVghrVs=
srD9xDgjLDluewDPix1Ec8stbtx5TjA1apUhg3KoDzOTZbN9f9snCpd9P0a8YG8qKvcQIFAbOFgMPJBV4pbXIQ==
srD9xDgjLDluewDPix1Ec9w4/9iTOumXcRnosPHzbJTCFl9oupT+pl9aY7MR8q17fokU24ddYMTy35i6w4u11yyu7lwxvDIEvRK+NNsa4LE=
srD9xDgjLDluewDPix1Ec8MNaifg3/UMC9hSMbdcXyemiUvBsoAQahyDBE4BmobyoWXP/N7T+B4HPNFIQLGnv0WOKLggH1fYIpTU1zEIFwc=
srD9xDgjLDluewDPix1Ec7q7tU3cxoLXg/ZK2TPQn+dwqtrnPDkX55ilit0xY/YsDcLPXAQxEEhZhqV6qjZoaU+orKnOPpBJaLlxwOPUxMk=
srD9xDgjLDluewDPix1Ec0+eEKgusn1k1LMyCxHALok1MMTVYZfPM9GGArWT6Ni1GUBf39h0aOSGHwxr32MMJRVVAdaEaEVjyp/dkLVRD9xJkkZdmmDJOsGGHAWeTO6d
UranWYCYJ2gY6popVMYVh2O6PhpkoyGRXfOFMSKZArB/USqsbnNQIbKEEnv1nf3Ffrug8wlgR61yyWzJ/IFQPcDED5vnP/hA8HUrMRagZw5U1L6INvwmoB02V8/zopKWQseeVKfpivsjx0XgFAJzhTQP4HEwBo4z3NtTtWzWyxJhMNrmKzchWsVGjFVHhLn0awLBtSMYaq5Mgft9snpPfesqgCFg3zZyPAW6HwmPQ4wnw/dBPz3RKLsD3o5wnRv7NzpkRQMStzC2vCT3a5coN1diqPJzCsW0nndb1fYj4BIXV/GSDtRfYNZBloxau1T6
srD9xDgjLDluewDPix1Ec+fRLg9PyNrZNGwGTvlUW8FcrU/leIY/7I9h2/ILUkgoQl4eZBmvtNiNDXGnYB2RuxJQu2HQSgyIE0Fj15MAgy49TPSSPvtaA1W/oqRTPWYy
srD9xDgjLDluewDPix1EcxIKu4SqlPKbKWEhdAlmx0Rr6IDNEDjJOJnkmSBIh4df6RRMGMfYHj/dRKh/WvFNo17/IbUjt7oWyDSWwPLgSQGyJ2e3qrR79Q+aykv7qdR1
srD9xDgjLDluewDPix1Ec4a3QAyr7ClmNlh/8rmyqxzsJZ2oXjBiQrGBU3ljB+BLdt99Ru/Ew/eHJOEJdaBxqlevHHNSVjMW4lZ4g+/RvF3dG9EEP2YIkaEJ9/joiW5Z9VFxOdfANpNwy4qY64oqzGUjuFQVyp6hxfOF19wnaVE8bf+voiGm1Xt2ch+TJpV5xMb51PQ33nc4DAYDLcHdVKd5O/V3oi6dpNKE8guw1vpN8C5Jn2KG0MRv2pLLH4BDP0E0Gs2zUaKgT+ro1cu/PzEFWwISDQNMMsHq8ZDsDRowbmiOceijKFwn7z2JdKk2
srD9xDgjLDluewDPix1Ec7h7xDA8R6JlLKMEvXand8IzsJLcNe7XJavx2HFj2b1taYGCH3LWlTZbg1QSih76m0rHyHpE6PJt/PW3GmpEHRXqlwFd9PL9nxekImgJlHwyebPRBrv4tGVTm09jhAzTKNZKP81aXWvlvkkazpnoruGrIzw1pzT32uETHb+lgtI8LIPIsaG4MCp8cD/E5IxR0mglWTZ+4dGR5OkVcylYbnkOAeDzEWWRNzmlHH2CZiiY390rlr7Q1I1Ojnd5Xu4pbi9hQ6x/zQykC9LXzPvxfsmqr8XX1MZjdYb8Jfxt6043iSAjrmERG+Kju/CFjB9LAw==
srD9xDgjLDluewDPix1Ec2JOOOF7f1ETZD2KbfY8RTacMVH6bocS7XTmJXSllbrZe788JnAnHJPGJea/JxYqsTPMXjsaLNhmiOf6D70raCMTzcsKPABYlZu/+4Y4ZmzEr4fp7nKsU46Lyxfgg/3z7om49Vo7WdUxhV/X6bn0wCfAJcYHVKl2IYAkuDGUhOyWWi9brBSHGIPn6+/3ATpJjR8h806kCl+eDQdpbvoQ5zGWEs/2qhlsVyzSzfn5A2ese81JnUJ41UlIQ435A8LQsRA5Tepj5DbKR3ayuwghDL9r5tlZy3NJuE2bZ0IWFcX7
srD9xDgjLDluewDPix1Ec9jl+jIH7MVIzMq6MFMxQBcsosA8NUSZH0lszDnsvgaZfwtH9y/ePjxJpCogCaMiON0a6LESMtFcsmtlaAHGrNfTahMv7Qxj6fYI3z0Ca+3ZKwfcUi7q1NEiZbfG+rMKURWcKOtAGD5g10cNII7m4RRuiFNR/otEYNQeDV1+YtASxFR2v+6IuGJraOWVhlhdS/xR57j1pHIPOnCNxixICYoW05tlY0RNFEkkWuv6f1m46gZFw9yTNTrg7qs0Ogqw0GlYftkRUwKJIqWepxJ9JZ1pAogm/8vqtuTxDV1jw2lMx2qa+N7ZZt4fO87wxDyGjLB82dXa0rc4gJ5TekPvCXCytJN+lGcyv3XnqmfDcmBiyVBhdhV/PdmeWuv6v6vvtmy0jHdL91lqkZmlEYQVUduJgX1NHrI20lsv5PO6skrUnhIBOQ2Bjq2Cv59zWZkB9w==
srD9xDgjLDluewDPix1Ec/C2Z/RzG387rMo1rmiwKWiJTqLeEXTFimOh2OePo7DNzH69nSn6mSsJ65QvSL4Y/w0gOr1d9HwjeHImIaCCWzVJ66iUN4nDj1T7QxmC6gwDnQHrGBIUVoJM1lD7W0Y8L1GOSl5R4V+6ZkriGuQppuZFUJv7IieVVISFCRYaPlsI+YP571UtECjQTfqZblaJn6eylq5NmOrw9Lg58KHmxCBR4L0GhGc1oSIi1zlsw20z9xMRb67RcQcigevymT0hcLvxNETobPYEsHvb+zvW2nnjHkY0ZCSofocWAgQJCdRao/NzZCO8wukEgPnL9p502WO1cxUBvGKzEN1BnK0XtxGiCkl0ERq7cJ/UwyHf7FV9ye8swXlds98Bfp3C7Gh+bQ==
UranWYCYJ2gY6popVMYVh3N5NxRX9ah2fjqzRBeLwjA52j6bXCjG3Uu1DWuE9O514zz0gG9PRUxFK2ZN4n01IvzmgKxVZflbAT74aBggJXc=
srD9xDgjLDluewDPix1EcznpR0yboa3PnadoM0qbhFHr/H/o/O1NwpWq4vlOlaXYlvJDJEKhluK3KBV1g8cX3KLUQ3+hxg9iyL++S1WMcEvWXr6gtxyVDmC+77dI/6bD
srD9xDgjLDluewDPix1Ecy+yempiuXRbB2A/z+9tO1YgIy3Gj/RSGR53pnf6CzicjanNB4ZyMaSqjQCBoUT7FA==
srD9xDgjLDluewDPix1Ec+gjt4zPWc+2gN1GfDiZUKOOF/LB80+RHw+qMuPMhdWSJOyUP7FcWgP2EG5lHZY6QVQSzNcpUtl3P4ZUIP9m/Eu3+McTgOBWq4yEZFjtzNEZ
srD9xDgjLDluewDPix1Ec0O24qkqvHL8oFK/ugeEK7iv+xFWuCScLojjoWm27CK2xlWR9Sqy4t15h+ZHxluvAWpbtQtzzJl/ufE7Sxmatvw=
08/kD2yn0dueV6TRbiU4ohCpEM0gzGGc2sjgDRO7BJzAcgFJgTadd+ip9o7/oKP4mYXfy5ljGVg0iW2FmAG6Ky0NV4+fpur/XxM/KtbkXObP1Ke4UAqhvGm/cFh2fXgwMod+8IOaNEEUL3VojW4jv9FZgb2J9i4d/Wt0UF09TiulwKL0NTfeVK6go8Kx0fsUMRcES755IBaynuY5MHOL6iZa6KhLb/x/7guBHrgza/KLDUmA91WlTdXgF3jGAKDWOCPl2odQT4iSlIsa7ODqVvCY+hY74mqjMmM7iInr5EvqTYkFrfcbSCRhAvePXbnuWUXRalu1oVaReRhxCerAH2XLtenVS8YcCDIrCjWw9pj+iiwLytR9/vMvR2PtbGvW4mWvc1Cmg8yf35W7E3TLeGODEyWRU66lL+igRTNUm2HCWHyn3itz7zgbPRelphCHYdpwdAIhj3vFtgZHPSIJjA==
08/kD2yn0dueV6TRbiU4opJqXziufhEHk2vTxbya6qNlkGNeYrtFiOweV/gtnktcvrJxR8D+Ot65pyPLtoREqVfXTml53+vNhVK2+U5ytwukL4JTNfPSnOFf9PhUnjUbJI8te1tosM7i2AQDBh1AJjxke0qrSS0ZfzYFg6eVo5GSr7H/08f51V21VB5WCgR9RPabRkFLBeMUQF1YbMfVHiuacx5RhFWA3qf5p5F39ohpG6MZgVemP9Qa5zyc59ZX0fgW3X3cOfD3jHlkflpBXSZM69KKGUrqJb2lqy7Bt8hLOIVqJBEBTc9/0mNYzEOiHDE596IyFoQTSBeyq8LM9zAprNdbyNA67VpjfglA1Jdhmd4fGWPgFwUKnYxj7T9xEVWqcYA15IhfRKBhLWVLuQ==
08/kD2yn0dueV6TRbiU4oqsfUopAiqsO6Rn3zCvL8mYJbeISSvg0zGVjuGHg2CbkGtCc7I6lyecOOOE3NrBTSuWyLIvSPYlfxwwDAE+VvlYMr7fDaiUOlrZyIIbV7mmO
08/kD2yn0dueV6TRbiU4ooTL1yBEmVqtFEhnGNAJQt6adDA9pJ1ZAYabSwrDChHCBNWISbUWzlvt4iELzJXOg0zTRjH8DCYhMPmiI/xedTJINvmWDWS4BNBl4PpclYDj4rkiOKocu8MFYTsBuZTGFwMVZ1rrxKniJ/oE/iG3Xg/+AyEfQhbrQYf5gy3WBMSnRYX1qs8Xeyeb0eUaT2znlNnz7sspLmRkYvGoxnz/pGJQ3fmoTjsJ+xpZ/LVqmq7V3bH9x8dDwlq6swXeSnSJPgCfF6+YhlJ0sL3UjOzMpbuJaasAjyAE5bKs6Bh0YTH0j8AsAqDkaa6D4RB1okbVLTxZBJE5nmP+fmu5kFYmuSoJWmP6A6tRcyuXsXUOUgWl1/JinpwwarHlp8MhMABpw4rZgHBrFqRifciEK6y2+BsSzMkw6xx7af2X4gmT82fG8nmGjtWsqgr61jeIjG2E0g==
08/kD2yn0dueV6TRbiU4ogo28OAZK6uaNPVmv+Chv+g4zZ1zSLAbLMkN9f8rSVUJyWbJJNCeS7snWXIYXvvm+/ZBxGKyaVUGPXYtPP8UaNMB+SeG/2JqvJ9WH2wsBcHCUzreK6q6te+mKfR2h2M5PgjUPJERmZwwxgrZ5mP2NP+E0zw22ZVUS3Ayo1ad7/2MYLyuZtUDvvnNiXOQwTX4L1HD7ZmpUCc+KTe82XxJ57Aypajg6j6eOJKQhjKt2oIfUEYfchQZ4VDfvCF1cCGP9xgqDtec9XpqbOKTasG8rka1+Sg+qGrbxRaGc9Aska+HgS8wyn/h/ps5311PwKTkuNxQxaVDV0nLD7DFIaashU13HHdyjXUXrtvaG4EW3Po/Lkj3JZ+sqhXJXoHqaYJiMw==
08/kD2yn0dueV6TRbiU4ovYXbdHriGPdb55ELqkeeaQL0wb2bcJR5bY8ksIG7Bbx+Ga9PC5OCBWXaLxFZ1gABfT/H/k/MFMtde1os7KH4NoXTNmBbyK+8nD1FgSRVUOs
Nuore24VUMHuJFRag009ELd73dHfbN3D8J3dg2MHS06hRxH3QOOGZDE7Z6W3ZacHzwOh0pT8l/a6WGiKlh0F0LsT95WczGFNooL9rB1RH84=
Nuore24VUMHuJFRag009EL9ONv7RstZNUluhzoRO70pCz/IBbKyZjWM9Z+uyzxD+X7b/kLx+BNIVnByJQDpp5u3Jz66SaW4/9yyv7K4XK3k=
Nuore24VUMHuJFRag009EKUv2+4s63jMu3PA+Y87/e/wqAYdd1L7sHaw6T1vjARvZviJ8OyOlTBuLHM3MHgss22BkHTaZXOAAHKSbXwGJGg=
Nuore24VUMHuJFRag009EMBU+5NDblJmMMMuapwVHXb6pLUdmnOf0kpozacb0G7Ok+aeL49OVK9OwmnqGhye7orev/m2tRYzCffLYrve5+0=
Nuore24VUMHuJFRag009EOLmiph958dSrkjGGMAIoDCdU7t1KfOGRRwKhxJM/0N3R73dYKqnCaKtW3XPhzWpFg==
Nuore24VUMHuJFRag009EKENKW/YyiJOMHaCAvtZ/web91qX7iXabWnCL/uR0SDGnw6zEZqzYnXSc8pjRYZppXFzLgfuAtrhIfqHKdYT41k=
Nuore24VUMHuJFRag009EAgVOV8EN7fdZzOwx9YP7/6YBMswnsRxl2+O/WmNCVatty8VgPjAC9HptoAp37DABUjEXrKsDiohMmVtcPxgoKU=
Nuore24VUMHuJFRag009EEpSrKhY/ynrKb+FEN+js9CvEZQlKMiM65E1CDogogfr1Rir7l38SVcE62Jb+PddXypH25nR5lv5zJKen22mA3LnFmTjjjOBvpZAZQgxQ+Iy
Nuore24VUMHuJFRag009EI1CGwaTp71Tt1/YaSd1tbM1+503lXhG/kR2N/T54qgOZIWm3lgz9iHSBPPVC5s4XjD9Fd8BJo7p8NkENLESYX0hX3ZwiwpWWmaiEbHoVuzO
Nuore24VUMHuJFRag009EKwoqYpSHoLhHVXKW3sqyMPQMiY8ypM/kTPESBNm68QKFRI/p0ZI9wf5yNBk4icLpYn89IcHdPFnIVhCI/dZ/sv4lBqcAPbhcQvorFDm8NGQ
Nuore24VUMHuJFRag009ENFohCVXSetymqBJKOZ1aHrGiC9nGYH/UZq+vE9zdEmgRuHYsk4vPld7wapb5A3y4u1JhErnd7YgYVe4/jplpRWbcw88G43QGsPePV8EuN+8O7nNnXjaoL4gU7Q1Y+A5QNxZc6U1+hesdtfmzzN1HdpfKZkJJVg/YspqmjBD4c7+heShXZBTLRB2uPGVajCeGlDWxuQb6TeV8i3KAElR344nEnCr93YO419ClgTEXWUFLc0sU8QopDXsiDmnji1E1VqHndYSRG3Mxe7TAhwauFjbQUn1rp4vepodXq3eNge9
Nuore24VUMHuJFRag009EDdac4xegdr6axXd5En2bej9HaVnFyub09T80yGKNQ+we0BdhG4E/k7m8rnwX8TUFRm4tiPSO2rjbC+TRONMsVtgkvvyY6KD18pT7MGqwpPn78rQe48OjIzp5s3EwjA2AY1xdNNQRYoOhdSOK+Ds/l6kKTOmIQDU3iIDJpuhI25aXYMLGX7bLFoZmk6cLsZCX/7V9iDZT/s3d4waE5uSfTjWJSdNy0eOHLsn/+rOOi32vkUQU0Wm58tdejB9XdLAtHhUskOc1ied6QjyU5AYr+uqVIwQDPl6a32ijAQdWYdOVS+7ct79emoyIQBchkpOnA==
Nuore24VUMHuJFRag009EAfmaxGP413qssZUOkR85ER6BV0hJz7pz0mZTlfFlD3rc7DFp9h7wdm/TmUVJejzPXpAMkyN4/FlcYPoXnocP/rchsg1ZoFZzePYY/xgm6xzO+XYsEhNf7/aLo7vtMtLDAdv0zDXsk+kU3t0QNYxf4A9LmzoKZathqHAIRUh4F7xzmBDFX66LjayfNV/7wVIkdDqU0NSeu+J71uPGWdDQFtovb3xHqm5cszGNKqdzeE7vDPIeADHlge7RHJL+pgdJmATc4lxXuhwb2S6D97kgkMj//NKzIDoh/wzyT4KfbYRK7hBsIubIKfKvaae8V2M+mCf55sJPK1/Ud32ELqJvSdLT8yDRtdFrqtnkCA5ehAhEW+AHkQAxs5Wp8tX+1r1g1j7ujuSOMhd+dC9QNiapW5hc/GmcwcUTkah35kEyDvp2ct1LdZPbKoV1VIem7Da8Q==
Nuore24VUMHuJFRag009EDr6xLHXkVPXz8QjgDCNhbKurrDPPFQ2Gh3+GcYnkv/k+my74zGREmpDCR612t0FMLPDZgiaZa8i8AFaCBdsZOrVztDh9SWEswCargZQ6iw9NYxRgN+gPMsEZAr2Ey05DqlQYW4wm+gQjXAFwdWrqfCDC6y7g1fzfe0mh6LGeXnAk7QSk4CL9Afu854FQLJD2DRblK7P2vwGML+qEf5nlpPualym/xYbGnE4ASEw4r/oi2YRDGo1zZj6dawXekqJbSC7jipZP9zaHShTfcPWE5MQZCbXsobzDk+g4z38AOIR4MBRgcZev80osOvXEEmSOOgEYMMdc/SVBOvvDeTY9oJlXCHqSkYv7uuCipfR2qz3MPyoLvjN3hRcW5OO9NE9cg==
Nuore24VUMHuJFRag009EFgdUPx9uqKCHK4g7fmPU1o0eKuJtZrgn5IGeRlkqVmXRTBdm4WKxiI7ssQjXH7yHSzpJZ8ktamtIZ6FfedQFnh9mH/zESwGwd0/52vQCFxx
Nuore24VUMHuJFRag009EL17q0hRwSkoLrHZcsOytutHU54ZfywvC/1dbPnkae0PEwk36UXIltJ0DSiNqfHunjZ+mjvU/aLRQS2aY3pvEKoKHC+WqBqWgebLPfP2PEQ90u00RcYDIIFe6O6oaLktfaXzBFyEEngEEDUsALTo5iG0yuwvifMY7sk/OixCztq0x/OB1DZPuTxOegr0PTmTrx4Z0Mv3RTpqeqqFt84+7EwL/Eu8vVYJ7n+VXYDgdhUb6MO4bmC2QNHtJIwNkDL6KeMk2loXUCMQvQqe9921NZo5NZnm/k3rn7NQ5JhjwZMH
UranWYCYJ2gY6popVMYVh1Ppc6aTQqA8Pr808Wb2xB7LPLlpEo6I7+XhJemQXpEDiEJoUQZ6wbWTCej8iM9YCXNCycBJSWDMRAB8AICpxouXPtwhx6dALLeboWvJD5c5s+YHcxNWFGt0//liPm96T6cBQwp61ukwCP3rgb/OAiHvON6jBtNYdNUzKiblRIfYAzBufsZbNXXxexcBAMHDPQLeZFznTkiVSMCN+97f0NHRF8Gmw0yl4njUlotmQuKMhk8UEign3V6MDA0pCB5lo8dHJMhPPbycmf5PGA3QphSb6eYulSLam3uvSXrwluN9
UranWYCYJ2gY6popVMYVh3cELTT96VoeE3wFD9Cn/9jh62/ZCiW6UGPrrUSvrrZDrHG6bqT3fYKoIOAiH6Rc5LUsCfebAXgvHpta6qpL1sU=
Nuore24VUMHuJFRag009EHnn7GfO1BPuUgBKI8y8by/uao/Un6mQ7JyfYrWOYvQEHbgQSW/Oj2CSJifmd4WeTQ==
Nuore24VUMHuJFRag009EI03GNn9si9F9ulBv8d/k38MY+weQzo3+3rHSFMsAtDFCeitt65o7DG3Jo1vjWDYExySF3U3GAdazqaA+4JP9/c=
Nuore24VUMHuJFRag009ENQy8G33gafL1X2ZrTTZbKXWqNdOVjCUk+wJxDxSRrVwwCQP/cyRoudNBSN/N/7/ssmdy/znUlQMXR8R5PJW/y8=
Nuore24VUMHuJFRag009ELSzQLB522ASRwsXdcUZdU18nhwR/8qoXDUWnxEBSK5SbXoNT2aFb3li3mDeEkPFTNn9XgaO8UPqcyyYCizPd24=
Nuore24VUMHuJFRag009EDJBv4t3evILosV2OxJkx/6g7DdyBEZDYtgDAfiaN+aPzLe7Cnwv54MFkVWJwSoP4dp1HjPPEl/nyU0I/9IQlVg=
Nuore24VUMHuJFRag009EJqRAv9Hct2+uHp/gklQBxGliZ24sPJa9X/k9iE+7Ga09jAGoS9CDgeDAOmjzY1fnXvsNMGwUF5Pxx/bIksPz64=
Nuore24VUMHuJFRag009EFY7akm4wWe6XGjqTASrE7HEG6/M1r544QhO+9W1/0tfmVHgdgQGalWMNEQ1BryWCNWlexVX2335vl3dSI09irw/O6NMEBq5ljuyU2//xNNA
Nuore24VUMHuJFRag009EDd9JkiX0xRERhgjSFqSkuKTi+QudgE0TxUzcfsFCXsX899DNVJno30BoVvphJ6u2Tju8tRC3oGgaTN+X7cBzTyIABZN65iLJQ75M90M/k0XiJBYMTVWIPh+LiFmMCcn86PLjwnslGKNRles4vSQ6MZ67skyz6uB2W25IZ0LWsmnNYpDC/8/NW7L2kUvHjDgj2JoVA6y7VUDOm70KB2WiCNg371o+GehmvPW73bIhEe4lvLLirIhI1v3CcD3YXPyAZpxVgs8aKz8yZ3s5Aiw4UOxDkgnFU1eyWQijJ5hHLZW
Nuore24VUMHuJFRag009EDd9JkiX0xRERhgjSFqSkuIzV+3/0qy/cmPSkgfvn+ubS5bDlBKOU7EYyMpGV7U74RvECDZlCdhv22hixkpn6mhlEPzh0yOuIWB1Qy2PrmpAumZyHFZpRBMu6ra4RKrorBV0yT/sqUqG+LsVBHMozIjoye7JpTIVad+/SUScdjCZcTdd/1ffh7RMz9RjydCJruKPdqROin6tAXaX0HcRqprZqbIzNT1m+DN9yz6BylmPQd/ELZ36G9VJ+EUiAjdKDXwwmqb1jFhTyXEnuNnozWbnpey++sxPslMGtwGK6arNwEXMafcLd5lxhR5qqofJjQ==
Nuore24VUMHuJFRag009EGQvVBFN60PNB8NqO+7NqeeWKXtqP3CRsyFQiKz6mTXdxCNyzihKKL4i9wwtQJMmt0qfZ8wB8Zjdqd8DPFgtSxgqXN9odE65kqFJELhPhFMp
Nuore24VUMHuJFRag009EOF2vPcb1DfbFzlHLO4ulgXKmNmvHi6pV4c/6NUwVrd1MBHEmBJ6jrUS8kNxBsG+vDXQqzfDa65C997F3sU5r1QZtxEp/0NI/xvsXoGE2dXA
Nuore24VUMHuJFRag009EI0GYk4Ciw+dZkRkfj7Vh87E2U0/Zvtrlxe/1u/CPv+88GRZI/uPKVjR7obgUsNfJHk2lzYJw4TayuL8vAUuoHc4JudN9YAZtBYvScMASHyzG/7rjEonTcqcriK9w0aLAUEHmddCEJ4p9QhAPEdc8xSTXn4FwHxdaQk35+UCdxFC9zpgzKt4H1l0a+EVr+Jt7amH0JaiW6m+MURyZO2uUYFOTP++rqt+o1aedawnDSa+ONpi77hrfUe/GwTXABjRtX01EVjG4nz3hTGOWvzuD1t7ZqkDnnH9migZEL3W61Iy
Nuore24VUMHuJFRag009EI0GYk4Ciw+dZkRkfj7Vh87l0LM5fA6lA1ILOPmC0OTAtm4oyCpFlaw1Ni9WeD9LpK2ZwV/SdoC4C89SaSp4F1szfCE95UheSuw2JIDhRNrgIkD8m/AFFbkvPZCREm2AIba8JgQr7d1Lte4l6pbhBFDYQ1LQvW7bYk9AhwyfOTvEoZ/7TokQ5PrwW5oqzDgueKG2ldt6uYlgmdc9bRY7IxKQcVxasiUGRvxcqu3mA/c7NyBAXt17A0HNiTWHYBysIz4iL5TctyFlUNtxABbCnzFmbFNmej9LLsvzTTed/clJQr0HOzyURFnc6nc3Hl7JAA==
Nuore24VUMHuJFRag009EJyBwID4zIlnaOz/Y3qYQz8Ut6Tsobv39mEAUrO0ZJpmRPlr0oGj87EKDEO95/J3iVMNf6lrbGkIjpIVj0GS3mafeG7aqPv0NSNA57IFmqJs3b8bKn01Z6SA9UP9nuZphe06HKtd0BNNVFIvTBxvd8SUj+2T38VYKDk1KGm3z7lGNioFYezPK1dukVz4p7wrzc27A+7RKJLcH7aO2olDhiAvB9MRD2jdWFgtqNxmVaknXJKqogILFg+UnHtIP/Jxc19PMX1zxYFYcDg2iG7aEva8xClFuy3nNHza2p5JnqaHJZ+6KNs/7LyFT98g6YQOOcg4+DnFB+0NjhlBAvLvJKqq0PIvXFtLJhNhd/ESQSSuoHsauD6AXXp9Pgo/e+HUY0YM/ahQW6uzjSzjpu66Y7spHfxi2k8VX4m92UOBlKZclE68U+50HLZJ+Im3DPxsZg==
Nuore24VUMHuJFRag009EB1/UnVt9QmKgDIWqdHGhMOReLhduyFiFyecrYz3+SJSjSm2q5ksEy3o/kooNvdVAumdY1d3TZeFeHHHHPk+MALdGoanbDFNSArRT/cF8ejazd2XISUH3c/Wr2KjlvsNkkQp4laUdRGH9kjvATyB+Q4BHkxr2EC6IHRC9rJQHIsCTTe3Y/R7jc3170iCgXPTUiw6fUXBN0OIpvQVigNbXihLHrMCOHr2CLmg9Egnvxd9CkKjvr2lP7Uto3wmWInoqSxNFGEEFBhIILm444+8Tx2BbTpNh6YTqa4bG5VofBAqb2BI/yOGCt4RcQUt72VdBbhdxXOpYT/7jjGOMATnkg3XCjIplw+33G8OSCRAzp0AD5elGdhh+A29LeRYizFbYQ==
Nuore24VUMHuJFRag009EMFEqUxQm6I+utKWpjwz6V0VxBkNS3VUzG+McovfPWvO48ZsdUXkrOp5w7qc2vDaWlcggVPNIVtv7SM+KCJVjSJv+eVMmMwoY0txD/GipQei
Nuore24VUMHuJFRag009ECyCk4I7eFthAle4G78A7XMr2j1wmNbfohwQby7/0gb+1ux5NBJyheBbGU1Q+KXymQ==
Nuore24VUMHuJFRag009EJVXfkJerSMXubbouyXYZ5ueOUiijCsp5AE47bTZa2Xgtmc480XlB9uCs+prFSzyuSN1ANW4oiQMcMP3sYfiQ8Y=
Nuore24VUMHuJFRag009EA8CAlAY02nCzez2jX+Lzx2L9YBpSjSG8/5pVl25qyV9o3Fkh0ckItyYBfDe57J5lcG0O/GuMuHHD4cn6aFSAi0=
Nuore24VUMHuJFRag009EFM/HfMuHhCy384JruMjocjRo55kR97pG2tW4EXkDzvTOi4S6YEQKq6u3j7Bo9bKUH5iPbHvQazqyKNnfWtL3FdstDPD2CF184kDbaZUynrt
UranWYCYJ2gY6popVMYVh7OOuczh3wY7KoEqfa+el4pT1pEPGLc1DBZMqDweeqCPcMt5tTlYj9SioA/RDQOXwV1TJOxVnR48qVpACJWaGjU=
Nuore24VUMHuJFRag009EE/UaDzNXnLxlTSc/1YDlqBwDtCq2svaqp8xAEmsT7FJR1SSTlQMGEfNhKzkLXFmkd5osg9wqY09c1w52CShWS2xQubNpo8XrLggG5+M+LI6LLswwDgNCWuDEb+peUWWXZOWFhkH0eO0kRydRypg6VJ+re3YLywSUEMQQKTKwrNvrjTl/7upFtB0NObQIEi86BmziR9vRKX4Zo4Ot4vHIA1mbmU2O1Qt+9fOqTKmTM65X7uGu5ggZlGPSdzF48wW3mx66awP9ZW9lwgYenANM3q0s+WkGrsxbo8q5a0R5Z+3
UranWYCYJ2gY6popVMYVh+iBtW+0nN7CwT3/V7Iu30beN6LwGyTXVzrVXHeGpCBtL0Uz0Ut5KUvAtuc91TjLL/pMmReiguivNK1X2y8pXuziPOnngWTiXvWJJViBkoHPGLwtNvmMFBmRZe/YPVU2ywydhkUeNyDY8GlFqrwo76e+rDyl7ggXjqP0KRNHMTcn90P/OhsfSn9wtN1ZNPmh20OJyrFkuY2UHfWdjxKmDtBPG/+ixpKbjp9ny/nFOYu7bIw6A+bIP1TCmc0SZdxHGFrk1eAREJbg0rEuXc2ejIDjPcS8PM3voZHthLVOr6bo
Nuore24VUMHuJFRag009EEaWQ2zmPnaLspuvhY/suxgEwI7SEKAxlPiLXkhSa9IqB6pKM8CuXYYXSPgDoeSXTg==
Nuore24VUMHuJFRag009EHl9Gjv+lrQ3VFil3KHZ6lWM3Lqr49fSmz3kUamRUcBBnF1O0wlb2fx/9K9QrKKKmgGN4ZVWSM/Q3dvtPsDNe5c=
Nuore24VUMHuJFRag009EFY69zH0pZpyrBPlqJGYMqsORvssiDEyhhdCgnKVuxzAqG9OARlVLwkGbRkH9Ae4rJydmVXmUZ0+1jULnxPz8prB7RhohZoM5wqzm5eJCHvXFSdcgqmAddwi3YCrOeCWFS9fycskt0qnzOQU/P7PugkM7QJnlcXreS2MrU2T8P4+8QbBTSkrzIJHZHhmxAqvs64FF39BKA2mzEnyKHXdgLDrd2hb98A/xERTBTy4p8u/QPaKAvns4v/ySmJ8bKQbPsB6lVhcmUWqAKvPjoxDHiPXClMrZ6lJUUr29vqwga4aQbnqFo+5lZpmpI2gI3N0lDlT+hZu47q1rguRw7Yj4N6ZeT1zH1PFhq+hDCvc2lgeGwQKoNvXWSk24Fokh3HuAb1h6+zrO/H4HLVikn35nG/Ibu5FBeXD9Mu5QIFauzLgJtXMdAB5t7Q/muINdLv0OQ==
Nuore24VUMHuJFRag009EO7VyV55NJS7gX9GV5axCmOY0RkD7JCzyPJMVur5yvg94CL9Tcm60NeYLZXTLChX7gFK7qVMqepAw3Al7QLWAY+OwzlLbfyRR6KLOEBa+++Ls8sI6D9eqiXI5pr9yIYkkGMpFQlCGJdhyN/y8LvPV8ZBjgZQdaKU3SDQzw/5xCUjT6jh5meBRjO8/Vb8MbxgfwUTUjEFgPm++nBDtk72uT1ToLaAOrwRheQhKwymbY7YzFifoUSHRv832W2si+ukSPIJhaukyYBQnXheLk/eZ5MZVViN09p7LNPrB6AXUKBpsygwDoReYfeEvl5QN4/GbNVMMFEqeqTJxWB+VhOFEQ53m8BFRXEDEUi5LuOobQcSSOTdxrvzfT0ifoilNkIcLw==
Nuore24VUMHuJFRag009ECL0F5GNp/7KMtyUWQDaw5dooeADCtw+oppfjduzLFo/GiHVpFvYNOQYELsLE33yz3eRS2VeNYs7H2EPO12eDvdoakymgPeYGH57Om1hyFrl
TRrxRtn4LMwbQ/VvhTCXM27rMHYi3bFqwMvCvXCf2foYcZq4HuusVtuOfQbD9dgw3oevd0oU+NKMYm0HRvdXGdP1W2wYHTA3nH+dO2MZBF6vplK44rp3Fmfib4hLrRL2TBQMsqu+kMUfNu9evWpCUb3OS7HOz4qqKaUBgUBhj/j5LrU2rHfHv6FI2qIguy/OW5TTmq/LN9vqxog6xtmUlmWIvLIZwhYc+rj4LCamLM766wJccEj76qLZTuZYck+gTpvbjmz3OFGGyZ84REd4pyrOIxX+phltOE+5uLYlGNdxhpJ7FtHGHvDTjjCEE0XskTnaTSqdroa6svvfoK7lLvXUeYL+sR4a2eUcpb3tyMO9XdybLGge160XoeZv5OVgmZJAr25oxLqNQpoTblyvxJz8ht710/X1Cdg54ospVON4XFgn3/qcf5U9NMpbbGGhLi4zhLDqpgXvFmWI8MCdLw==
TRrxRtn4LMwbQ/VvhTCXM5YhRfKsNm+06sKeEnzrzBPuUtm7SgrUiAZDobPhIseF7Q+fBHTl5eEshqVUqFJrRJkhE7Ap+cF+RFLGl0d0z0jK96MBqWQ6pM78vPzZhGx1of/kYTYu/gqaSfWzH3C1C93trkpCRndU25xKo/0iGch5UL078TtWEuuQKxGPL9SkG39qZvszG4OBzdC6+RMl7GYKSiMYNYPEpbHylE1IY1aJ2C5+Gv2YjBGa9QOmH5wDNfacO5FzBAaoxmD6LyuMnylJFegS5+9wrDyiETEbQvGef9H7zbZ5+BtUYZUgqJHYxhrLOxqSpdEvsc0AtvVVK663z+9Jsii0EI5LwbgcZEbAvV7qOn9c1DvjL5h0V/AJshmy24c51kEs1mfPUD2sTQ==
TRrxRtn4LMwbQ/VvhTCXM4x0fbC6F/6bAS8x5qTEuoJD/M0w7RwRwht6OngsVFlduZY4xdPoQa3uQxgxvaEDvzuIUi7cfbZw08/xnmCTylcKfI8SX1nD72htwVOQ7myP
TRrxRtn4LMwbQ/VvhTCXM/MjBnG/JwX4+n+FlXEoToL+/BdkBY3duFxgpIw7/XArNWOIg3RVWRI3/Eno3ibYSVLJ5PSSFvPbvWB122B34ASTZEj2zMsaSHDy4mLVb5OR
TRrxRtn4LMwbQ/VvhTCXM5wVFFZf9H3yAaG8P/wf8gqpXoiOJH5qGt/9ipAi1TgBaRgt1aKQQ71quPvpYRbEutFmp2997vdxLsE4ttd7ut8UNN97Sl0JqOXZDnLYnVYY
TRrxRtn4LMwbQ/VvhTCXM4AXQ00sz3sbeC9x3knyPj5TEEK2RhI0JdUMIMjlK1W8lNA5o3LXjBcyeoXWcqkPhssTzanPOPBaB5dCOLdz3Jk=
TRrxRtn4LMwbQ/VvhTCXM5u2lfXjaGMfdzJRZPIITNHflPfap7UvBYNbAEYRISjMsW+jaT+sCVSRky6a21ni6lstMHevewFZ8CC1fuWjcUFoOWKaSO5zaBLWk+n40llL
TRrxRtn4LMwbQ/VvhTCXM5L5Ib5iXsc1pZFJiHQxb7VX05a21pqu2PIIUR2eJLoPerFJ5oVhWdw8Q+dFgQ2eRjO0if5Up2hotAc6uhAenEo=
TRrxRtn4LMwbQ/VvhTCXM2Cq7kebmXxdBi3xJT4VFb96V5TBn/D9X6Lmmp9SESpZ4PKfD4YKU+MP/krE4CCNMqD3p8Qv0ZuWmuD/guCGdgw=
TRrxRtn4LMwbQ/VvhTCXM+gSTY1vNUoum6/AGJnG6/A2O6SXz6p38qQodPkJUozqsB++2ZaaPyBjkoYdtyEjrZRqzfroAw6FR/Hfh7+RtiEQ0IdC+j7ay0jqeq+VJg6K
TRrxRtn4LMwbQ/VvhTCXMxOS6d9B3NfNKmoslFojQVabFZSOT7Z4+Y4PAo73oa4LETxalUytEYf4Q7B0IBuzdDZVdb73llN5fy0uN2fX6dKjYOMByVr/c7F6gkv6b1pm
qy8Q0phbM0av96A6m8V2U/CdKCWvBCr2oQmJxonAmTlGX9XC8N/vjx3QHq3s5BSftV7gqxhKs7rPCxQtgWawL7GNNEG6M/YBJIgX6KqrJNc=
qy8Q0phbM0av96A6m8V2U3+p3xf9Tx8vENbjaLzTfElPYXv6WfIgIC00jV8LdB0AIfjdGX6TAXTzhTJaeL0fATn6J4s2NPi4Q1KuLZ4YF9Y=
qy8Q0phbM0av96A6m8V2U/XP4JNtPe79r4LcaSei2gtHtGlZn8pT5ODJBgaccXrc2tQgjMrj37PhLgdviW8iV4qd1TObVbdXxT57c9vfpI3Toz/hALqoCMhbyvOe5hSW
qy8Q0phbM0av96A6m8V2Uz5qUAYWnLaoXU6trWk7UimXGQKSfjLlNp8bwvpV/UkaXrmqq7UckFUfPOUODKFBcfO7MQI0ZRXexBa2Pc5ONhcLNRXZYnPyVnjutlw48ywc
qy8Q0phbM0av96A6m8V2U4X10JZDlS43T1UQCo9J5nk72cn6e+U8a6TtxD9w771hVY+FPsLUTq+8DGCprw4D5hLMPUozI7lxxy7vjz6jRPY0iEsib7oYI0hpFOoBm6NNXeyONUtj+aiD7DkMumDz4b06h7OurxsjNAptu1TIEQ8qR0H0mxchPFyWLYH88ZdBuRLiQ+NSb9YzGJ3pBRMa7BN0nRI8zqJ9807KVeo7vl7DWAKFlUQfuPa+EVnsFaj9GJnsyC+rFACsgkJ3ZeI8CxlnW97KzDkXSDo2Ktv5tjV2MTUkmP+VoU/R8GIaFlPP
qy8Q0phbM0av96A6m8V2U4X10JZDlS43T1UQCo9J5nnaMzoAHxbq4ZKRRt07mwU/1EqFr1VJts9Xx4DDohD1HU+vaToxAfkypoUCI0TMW4osXj3L+7kFy0ZnYMvpKkLrdtQmtlhQspnO5cJ0Gw5/ybUmC1vQdzFOPw5cfCXsTjpYzeSsgnEHbyZdq+vsZLxWfum8N7JOK2Rv6e2tElI1WmA4eykU26hox2DWjmayhbn5QDGiXuDJamzrIalG6dLSIvVrhAGnXVpWisqKv6c5a6X6l+RpWXnmsjWokc7gsuhredhg2rjlg95KziS9g/vNrpOJh+KqsCDeSgdV00s4rA==
qy8Q0phbM0av96A6m8V2U+vkZxmxUG2wjOA/ae4xvsTVaITEMD2l6Y7hnVVNyYbVHteKgG4yowbPHc9d2YCdfUKiP8bjpd/B21Rq8Kl5Kv4HbHfuB2J2piPxBZygDF0XZsUo8/z09faGh06QJHdT0yYUkJAScaVQX/U2997obFLNtwBRbAQgfe+jhzzjgcI7ysmNBQJ8regbyY2l5f85rxTDrimOUrYsfcLU7KZscVuDtQurU63+fugqemmJPrYrzVL4fTwzZK4wt4eV/u9SzsB2Ug7Cvn6nXAAfrc0vcPy8TcthJEy2ts791In4EYuKwaQ4eIbkahP0Tsa0elfZIS+SIt1YA3WzyCG92jHeb1r1s6H0sOlCvqnQZM0WHSQ0SukaiTyNY6FLUSFDbuzbFz/0olKSORl83jL48Pgz8oiiLPwvtSS18W/2gRcDf1RgFgmmSeRsmNX6fH2afAjzdw==
qy8Q0phbM0av96A6m8V2UzgUmMhhhfVjOALQda3e0HMTY1y+4zqDEywiN2ojcqEE2WLIchYwRUJEG5/1twuPFrooAO/vG4AbkuKP6M5mMcy1EL6miwOdZx3VrGfPzqTmlkCJ4ebjxkTTN/Nw1Ua4rpzldNg45yvgAiezeY0GnuJJvPJ5TYDLxH6JBTslry3iF0YD275Vovzr3YFREIus7yL7X5BuI7PZTYOPn6Dy0iIpdKzPOKOOU6szflokagRYSrAfxEuKtSD9C4BAOhoYI6gWrfz0n9bjX5Lqj1ScEyCe9qWD5sCdVjN/C4z8qvCh32YW6/kwNnGcPgGYaTZaxOvq/q0LD9tQZEIt70JVm37wHaqIrU/dPUnwZ6Fw1ZvvaRuXLa/FpoQ7rhZgj3GqAw==
qy8Q0phbM0av96A6m8V2U2CRu2gnfVAdfapEK+m/JLlAvPeEbDjbt2MKXRXSqNpB8whDEjzx8CwBqnVWK5AmFJo5+Ol4RzB+cWX8VNTgAXwmjpY2h0KcXZNAs06oQXvK
qy8Q0phbM0av96A6m8V2U3aw77XmD0n37VQJb2K0mmMWenk7vLPCx4hKr0n873b3rVjk7jmt9cmSbR+wDtaYyg==
qy8Q0phbM0av96A6m8V2U+HFQ68F3l78+E7R520rLNTroEkm5e5FguvVYwwpTDwWLI6Qy2y9TUYTiVejRQ4082wDFQ3DK79xTqvoY3DsjTw=
qy8Q0phbM0av96A6m8V2U4uuw69MsIV3FFR4h6hDCY6uXCknZZqKkdcA50ihs7N5UuSZD+d5BerVYfj8oideeMNE4FecrlqYvWRNT5RDmAo=
qy8Q0phbM0av96A6m8V2UzzXUAgkWyFBniKadJarSZsRaeiwNyh29TE/+KkR10KIcMZdLoKqNlXXSW0uhMLQrBppw+NYLwy6n6FxjK2b4nNJ/PvZDIADAzuNasp5MT+g
qy8Q0phbM0av96A6m8V2UyVn9vkTqpYmJ9o8OoiaXZnuyzc2Y7yDOPQH0LkWjtUx8Dm7rQfip8rqiqAlOiYEas3hw0e92vbbKeEP0vxLkl9pqcTquJ5BXRwsu/iqfAUFDnw43sxSM5aEMqFjzea8cTvwlDfxOa86jqTr76UxohefsOHvqq0ueJhJlL7ri4eF9DbF/YhDsRtK6pRQRyoHE8S7xl9CX5hYDI8jbJ8wP+HEqswcHGlzzYOir5z2xRqLDCVyMFGWuMotyp3SxFyVMdbJ20X4vCXcztH2/yi9Zj+uZ4Lf13uBSMzI95hugZzY
UranWYCYJ2gY6popVMYVh+0J8mr6usWXMVMP75+yagqyfI056UJeNm8HTsDxvIwYZV7hKf7R2WcIB6KY2XiCIxeERqZgLgcLwPL5LppzsDjgRXqpAZw6ffi7FJV+HuXDq0kn3QDBDSkGvxC/dngN2U4gQ2D8jmCTBIMiiD/5GGUjUFSU5DIoNPnqUvuXq0i61yJxkR/6EH+Q1odbKFjRPdjJNpnEnZIlw8ZmEAXtqvG6tKQDFHKUD8zN4U17CkOD/kTW/Y8l6knapzQCHQquV1Za0OCBpNa3wlK5cJJuA8Dd0/JcUDob7DL2l3cTdAW/
UranWYCYJ2gY6popVMYVh3QMqjXGKRsl/8fSRszj8zVsO4s0vlrvA7nRB8SOcQqZlQPlmh5l4brAJGJ3VFnI7puJdo57r7WOr3oozIFG028=
qy8Q0phbM0av96A6m8V2U+cKfLqir3hsvPxc3MZXsaTifTXu48kx0AiGjjHdhcAyAG54WQQ3AszR6u7lubdQug==
qy8Q0phbM0av96A6m8V2U996VlT3rJKlqb4OJhbPXUzoVUvjNwpas745/wVa18+yXT8XmeUz34AKqkedtgAsTKSzPjg7l9eaSmHz0mKbYc8=
qy8Q0phbM0av96A6m8V2U3mOnOQ5UZ2/GIZKtiOAPwI58bjk2ovP5mJdTvWXw9tPtOex1k1WjsySXLAGo1gAnEvFcT7Fo223cea+OsoPFu3ZBqXCtt1inAETY+nHFlPcp+kuvZcPlxaex2eDi3Q/BB8Vl9GPSolOKy35Nmr7S7cyr/vCwVb4bR10UOaaELquWdQQl/Up5xBkf2G4PrhxQOkn+nX9faXDYJHQRwQVItyx40gZYxD/xsld3OqT/3AjGOOZXgCR17bUMAC5X4aarqHSqoz8+oo1X6o66jkQsp9T3fW20vSS3lhQGF1lc2oouUU4MVjc8QgwKHzACMLLZYR1HntFXyWLodjGNl2rW5784yidVuZGZFTNv52HXgB1D+blWAe8BIyjt28LkA+t+fygmsZftoaabvCJ/PIUgMJbpnDQLqa95v5Ww4YgX+2RdVHX7OQ0iiO5Rl7p2HxL1A==
qy8Q0phbM0av96A6m8V2U+J908MmU7A3/r8RvLxUDLrjx5JO6S1wJdp0+OV/KlG2qEs1qeNn5e7pCKVmJSrF8gm69wKCWS5wwvYqju3k39sdMqgL7wdILmu3DXMRQWc6uOQuAOiS8Xa7V1e5gCsNWnj9IK+/9d5VLM+VwapGNQiMNvnOZWYAIUUjbYqlmk9m1DjWRVUw64CtlyhA6t8C0c7QLyjwhjy8jnGlOUmQqGMSuQ59btuEJUfVMdsBIoL2wAesDgZ2F+sMSgK4AT5yd8Gl82o0cxEzb1O4Q8OOI1rgfA06D2HGcS/NJX60tqwdQRsC6J8IYx0h1aiS2U1vXPU/YQ+eBH729gEUfXk2XNmpaJJdPSOT+xoptSyhBCjv8ejH020ejf9IR4HlzbNaGQ==
qy8Q0phbM0av96A6m8V2U5lSPRqObec1VwyxTv987fSrl/BP6G0Pk9KIBGYVWNqS8+1vOxxgyyvEnst30CXBoJxclMJaIhiLpGOLZZykGVUpe2zQ336XF7FR072pQl9P
qy8Q0phbM0av96A6m8V2Uww+H4Jmxw3tQjwJYu7NYf9gF54puwGptWTrBCrrAEGb0gzvFOoJ2BDRNFHq/eFmoiFXLY1iUPOZ8jR/3koKRiai07J4U493vDvnhwOwZoBlwwWO0zvkpCDOFc3B1Te7hf4BJdlCj/Tyl6QYF5ItUeLaCY+l62JGr3lPDY8blRC7y5iMsDmCcvpj+wvmqYQ3gSGJaWGUjFaZqQON+6EA2eP/B+oIo5XfR5qbdgZMSSkQatX5mrEYR3vjatbwvhSmxsu66Pd54ohCw2GNp34LKls9UxFmjEg4Bl6ixt+ciIDGbs+md8yh8q90HdkGAjmJktjGFRz9JdMbpXHnVeTQ0aTkVWxDrpbUe1IZ0xIDQmUWhl5CVcI+hYOljB21Bf2bUVWfwcazXxDN6AfZ1ulX5/kKGDoioHxd337m5knNnQzpOM18/0NTIHn12glFsahaKA==
qy8Q0phbM0av96A6m8V2U74ps5om1MVIv/3D40sMp5TxHijG+waM2elmhAX2IPx5+shCDgik5BsQ5pmmo3d49IP4rtEViqsA7TShOpPXhBlOXEA5k7IN1v5T5/iqwj8ZQjR1Qc21iS3epvJ5+Jfe79xJfzwTR9OANAf0SDmj+aOSfPUkKH0aSVAk0YjVC59QyQo2D1e7ianS6RwBA4JCLuCO+mhvZ/Qfx3Jwmsgyg5Z2qE/JYFiJ5IeEbOnDvSiNh5jCdehqhKgL0AUDE6KVvLCaTnsNXQxT37v08zHZPLKJE+rWIefYDMcplBOx6gDlByVXRQhcvMRbSJHFS+ii/Gs7lFLlUhidLenc2DoIjZJAuJXk+8Hm7Dp5vLOvyyMsjLHJUeDqnPenot01ckraeQ==
qy8Q0phbM0av96A6m8V2U4lzu9u0NqJP2Kh1QvSNWkpIsDJoimzRiEu1KtP3R2kjg/mCVWXDlRG2Wf7j3QUA9TEk5tWwUlEn+BoYUyKzJLZU7BDQkjeANNsRaQkLQh2i
