GmcONIA9PFzHw1gpPLLPoqev3ytAH5KO3S/CJpMsylg=
35kyjVfwBJgytCi6KM5Vug==
FNt9orFfFSbPIXNSbXcP2Q==
gE2g7VQeqq0h5MkG44fPUw==
A4ZCFW7RnVRfEnbtNxUDb8VFIQmzxcIFLuiIjRY2q84=
cwgQW1UgxyVfBeSrdwXHsPE1eoSAri+NViVSjTYe4hg=
pYn3RyiaY4vz2unSybTHuw==
mAzeFbkWBGyzJRgEWJSZYQNn44wFaguEUnqkvHVinQw=
NiGef/LGs6v8Em6sqLz1GYGKB0111uCW/TAqgkiW0+w=
2lfNnhNY+w/3xMaMUxJbE0YFT/wvMlSDz8Vrd5FEs18=
cSoQOKMWiMH6c3vVVOOytnFnkc0ofYtUE2k0n6+U8wV8L/x+VHsyi6XfYecmCD9yj85Jijavrzv0Cp4/ZdKAGtk7uFgC5KOR1Bvqv3vQJcU=
cSoQOKMWiMH6c3vVVOOytiaPVYLtMujAro3KNW5PEOAQyAsAsuAMfDvmyVzi69eUdar3j2zvRMpv+DImJUTgoo6LYqEKhEJiSYm+A2LT4Z0=
cSoQOKMWiMH6c3vVVOOytiaPVYLtMujAro3KNW5PEOAQyAsAsuAMfDvmyVzi69eUWJEdciQYLQVAjPybU31jFZbTNP75lbv0eNbXoVF2jew=
cSoQOKMWiMH6c3vVVOOyttf7EqGTXltuJ50NNvtKSPe3kFJV/qsG7XnHsM9VrTFb2rZ2tP02Mng2B/3RorTgYFq1lN/DFrgqEjMqtDgQbFA=
cSoQOKMWiMH6c3vVVOOytsMuQ0gNhNM7VqnZM9VHQMYAyCjKmNGz5bl2hJAlxhd30KUnaYTNUggzNp15o1KfXHb89xpyr77otREypo0takEUCclFcHIOinNTGEB2wyUr
cSoQOKMWiMH6c3vVVOOytg7raCmAGfSx2JqZcLtvAUJH+ZZDM77IC+5tsxFJpjUfq5B59iTjB1B/Qx7+ZwZbzpQxlmvQ+wQZezocNwNk3Sk5Y4HGW5OfUcKi84TH2/dR
cSoQOKMWiMH6c3vVVOOytudX3RPsNvMawAIbljLIWLejdHRlegnekcVFSxZFYA54G1uZ8qGIePe5Sjl/vYo8VSxII74RivxBv+vzpWl4OGwdgIwMkr1naLhq6Q+aGz76o6G+jR9o5CIw78bMj4akn3slX2/Ol6ZLoNze46gtLREjxaK49rH8nv3sOl+ouN875Bdm/NOqPixSiejmm1Ici1UFS0l0uOmlSusOVn6+EjR4Abx3mMhUqWg+F+F7oYSHYQ3qnZwsVUa5Pto1OhwzbpArNx5gTwUc9XHNoYuLoWWfJoUUASUbdaPTzsQyGgPf
cSoQOKMWiMH6c3vVVOOytnEtYqveMqu9B2gcCe16UqSEb6vIQPSRnFNa0EojD7lKH0WoxsguAX00hcVKZOBkJ+BWNpJLlr40H5I4k0e4ws39Pq81cJWpQPPJZwAuJrgOre+HUdmj1Mj+eXnURVmbWNebHjp1qsUxEo3ppLzy9q5q1d8KLB6hrhDCPs39yi9xKUmXxpvwk25owuIXhC1MenlE8L0NHYKcKiVDBbSbh8ar/6JR/Cz9RPTmtA0L8OZngYVxzBp+QASZtv667GLX1QY2fzHBihS5FtvvLfviEbtkklIGd4WN4gcSQxGRW+D0LL9SmLHtuH6C1oRo6G8Ekw==
cSoQOKMWiMH6c3vVVOOyts+dzN96wgzbtrUpZeAosMjMwBWOtiKhjAGHoPg8IwCShuCr+xl3LDP1MG8bV0p8NknVX1IxLTbQp1D0DemYm60=
cSoQOKMWiMH6c3vVVOOytpj3zI56y1l5gzZYN3+7MsSope6z9i2613MGP6u5qvsaVBDHQ2Hs802FE8RpGjSByTK4WSGIBG83eksIGbnuLrnUlQj134ghwXbstnU2dSHV
cSoQOKMWiMH6c3vVVOOyttg1aRzOJdLd30bsKrESmuiHqNGPn3msTAPDTLwOUPub2K9p/JR+F8OjS0o9DW5jzVlW5pan+nhO0/E5fXnYa6K1ZYhJj8yvb+kntU+mKJ1T6iV9sOYPWYOGzaO7Zajpu+5woVPjDUT8/nLwOQZAOQ5o7YPKS3zRRKkBQZQ1p71qXVbou9kSoynLnU4O7kOmpwfbu167j8+ik7URCSY8ZqJn9lcpSzzNvJ2qWf/9BsjsYf5IpO+C6o9EWNucLhJBtXHFlchcyJg5M+sjN/F/YWdBcqgOfO/mV37UYG+aWyRi
cSoQOKMWiMH6c3vVVOOyttg1aRzOJdLd30bsKrESmug14UlZHY4/KGmEWL6NZ7uZS9rotoy+WQ4dGXT1Kcortj4DGxleJCiUW0G94poCkAKlgfl25MdWQJAkofXeFcrjU8LHqgPPjw+2x85SjRiGHLAQY+/sEbkCWypZwhXyS6BZLDGdaEbhUB5yBWulg3XLaDJqOg4fMxQx8IHTslFFeSubpMTmpzg61MtD1uzHHnx2L1esfiktlVtPtvMr2cirTO6Yv/xGHioSmVynf7gsK5zNGRqAfPKjHriGkCSaujtFoguJq/Ii6lizWG7i73F427G+LQYNIJ21j/jWLcDmhw==
cSoQOKMWiMH6c3vVVOOytnyzs8miuAbUx59dyhKAcEYGP3gxGqawbXkjt9FIKQcbwqZoGPgTTOafHh5Zxe4U42Smyf2M+Gkg/ZqR/mHyd+06b+qQvoVMM/+UXTiF2ReF
cSoQOKMWiMH6c3vVVOOyts8QLsrztF2nWiYmRPErLb6/lTVai+cKdZ8JTfOaaixr5Z6VNT6G3qT3jc2CoMPd2Ih7IzIdQDhRogEXl5OedvTB6fU8faHQhd7zE+bFfQdcMlGjAqrQIuAYyYdycxSpBTgknEqkgrNMv4xbi0o1ZjrnR9H5G2P3k/8v8xy9+sxZPc0PvlW8KByYlOqg4fcBgodEFLgeiR5HwsMFH5SCm4oF7fWlkKfkLYFxis+SFXm5hrD9LlZ3gRUMWavq2LCnESypl6LBkMmkCun3A7OV2ueX0QOzM4Y0rwhe07KM+FqJevsSsECqySCoHBT2THSLkmNyMrikkbe3SO+Fp9Z2yde9hH5/6fIjhfQD1UBE+B2o9nhasbRJ92YSEsmJZjkPnuqwQ2VnH0V5VKYh6Jnasn2LzAgxo84zaxrS+w7raxvKoItljIaKGGShGrKPz1tlkQ==
cSoQOKMWiMH6c3vVVOOytoumyg9scecJBIFlp7aA080OuBo11JvmnGQsa333UvOv4xjNfpqcGCtZBUFENXeS8DLdep2/Mpt/eCPjgkv0szj6ARl5IH+papCs75uBdeTXoYvyWqkQqZICb1d5fbGOXsp6XT38/+uWPwlR/nS37YPL6PeGYd0YD92GM08/lhYCXQOhp/W7B33dEdX2KaMuX8OQu/YZ1mcJApiBZuS4tfjl1kI96KaqY9BsrhZFWsrd8hI6nZn3s/G/l5m6HwxplOQgApMaR2BW3uQzNyGUDqHvavFuapyxvuzBhGaZ/SKrSkGCdf+lY57rqAkG9Kgf9nkgNWwWdrV3Lp591ufl4yf6I3EjmZ/5zlaYkxD0Zp9uBoHevUJHTNx2FcvHPoPCwQ==
cSoQOKMWiMH6c3vVVOOytqtpPq4LbKAMohO5k7tfXTrMXBXGxkNid7/vfd0uQkZYv/NYmDX68FETOY7FFfKadg==
cSoQOKMWiMH6c3vVVOOytq9cdkeXFuzgsg5R2tRYANY+FQDK41kcB/cTrpKyBx1y4ZFdr8bSAeHwHuXX0leBHXOjI0junK3juhnZ0aPgJs4=
cSoQOKMWiMH6c3vVVOOytvDjZrRWm90R2tBfcwa0avRrOY1X6h5eBG2gVamuroyKogwka6YNxPutJWtdGy5XP8BUP8ovYYVGH2zd1rdXbRo=
cSoQOKMWiMH6c3vVVOOytjs6X6eBY7PM8+10QkhTCo8/z9e4ppDDiQZ22EatdQm/2ZOU/UCZrT6G4SYjEXzlaFv4bcqhjJRmfx3MKteyZKX5y6ZVjSaLI6MsmL72bVqw
cSoQOKMWiMH6c3vVVOOytiuRrRl2TmlKx31y6M0mZ3kC9Dlg6NByVtZFS8jlFok6rVNlZXk16b4xLC89gcHmcA==
UranWYCYJ2gY6popVMYVh/qfLQBudx34IB0Cu3WrC74E/OYypCVOoLpDUzZheZXmN1yp+8WPzCifZXYOT9wnImS1KkVKvrtv+BSJOQDjCp4=
J5jts7XPxQ89cVt/ySW57GFL6VtQaumX+Hn9WYNcOc36+ELP8RDXzLEadkCTrO3WG29F6gS4cG6r6t0dqwGRDJL+yedAoRhBARnCEZQGwKlDBi25hAf9uod676kQyOZqTYb/TK0S6b4WbbLLY9wYmSRJNDiN/LkskVdT3tk9MhgSrASLS67d7y3QfmNS3Dd0vDnW6u0rw2xHSHoA/aXAqAf6okodfUN5p4yRQJjB33kyxUUlM+O2215JNDXRpyWayqwsXxPrkJfdSgABEnjJFkgdj4KzdSQz/y9CCjkZW8gKFBpK8eDHKdOkUoVuY01f
UranWYCYJ2gY6popVMYVh0yfWryMpSpddBbLcuCwI9O3GNRMNMmh+D1QiQ2GX7cXhlSyKU5ILptKQZdsVxarYLJkQLeMHsqrIxzALAf59KjsrVfNJc4KqzxDG597SMVkuZ5BZepNiEVN5C7OYrMv6gxgNoFq0E4mrLaZ8x10SZ3QdVEhuLbhOFtl4tPYpIqvbdni+tj0u6P0mjhSmKMZV8m1DCjLbkaUFufuQzQ4hOQbbbuxZQI558tWmSgHdoupBMbTy+9tMTGumhvJcytD232CMr5qfERNAWlXBuVe3fb5NQ2pkjYd7If5Yxi4lXhL
J5jts7XPxQ89cVt/ySW57EftutVNZmhQp1oUdSe737jew4zCWOQ5pjz+uDr7mXAUo4tWQa/IkwU4IxwuR6Do5g==
J5jts7XPxQ89cVt/ySW57PPCr7N62Nknqm9+N3Mw94wwGmTkBoGGNdWJnjzaa/sPPl48aZFqIqy/saUlQTRGE8nhq5Bsd24eDvZgXltx9VFp0b8mkvNm7CKH+3iPXo1JhssymoRppfWGH8DWrXFKAFH8VPQezA5V71zcDy4HETWyHTyQ7ICjmR0JLs7lZm4XCifl4B6CqwreGAYCqlr3FzURtVlQhsogRs2My9z1npwzVhZ4gG4Z1bIYES+l7AFbTwE7VYJVOHU9LI+koycbZdRtX80IEb9dqFzHOnVm7j1nHDZKBA6bWF7up6BNcOfT2emJJnFDwJ1zwW3z1dmD9r6F5moMWF0zjcPsEBHOHM0h9Jvighh7DHcrAi4/smNPrVkQIIvsE8CVDPgEL8C4K8mq8Po/z7mXRuyhN+8bsZLKY7yAqljb02xRYMT504VRc87wIHTJ/z8AULOFWLQ3pg==
J5jts7XPxQ89cVt/ySW57I54cdhWgHJ4gvWU6BkN6mILM7WlqDukMnlEzCsulRW+hK2FNnKm70r9/7h1VpGitLq7HFRpRJVvrSCKzQwquhb3T9Ja/Gpd4oCzFlmK8G1ykrXg/3Caq1l3ooNx7kCtWkLfJJvMOv285WSYaxELWXXjPYAhUCzH5DCqjipGTJxZQs2A/mDQas/PZzXWYPiIvvfAkWYbgkRMogmbbe7aw/HzF8CW63xoSz/nBZLRkrh6BzkHb7PYVFoE9DY6Ok47YX5Y2gaeYZyf6Da+CDQL3sSrrczmuwjTqlf37qcs4TsLWWv4FSqdsdIzNe3KE6ibIpNgc+EJwtAZgJr5JMl4KcjM/c7qsHmSap6fY2JNbipRApE6NxTONlZtmOZG7cr/IQ==
J5jts7XPxQ89cVt/ySW57K+RWEe+cGsemL/C6Dgh6LE3NL7EsaVr+mfBrBi5EbhJ5/JhlnmihOHbY2RQ/Kj3f4hc+U8Yf+6oJQfAkeyzGraytUIhTibaa5FnCoxrbjg5
J5jts7XPxQ89cVt/ySW57NEtMzznDa7eevJzVN6p1oZbJaMRJFxwp2I8DrzFk9noNzGu/NCHyNLU530/MzO+w2c9FYRNoqODQXUrzzbWccd4rDEVIvqEjBjNxv9J7J2y
J5jts7XPxQ89cVt/ySW57GZ2703HrkDk7YfxFtOvQGkWxVXbvEmE7EyGAzsrz1jMmroTIXHceAxq4cnaRE7s7fkBloIwtmCfW00o1zrc1aTcbMVKAUXSHcU5J3VkjFX3wrKmS7fv3jzaiivuh4O4FkFRsLn1mwpIr0rezGA0EtXp0GV2qpIqATJ9u2WzkmiAq54S5aI4bVsYCt8SdNGvWZd0ihg0ogYmgkEcl3OjOjW4nOpmZR860kV7KP7uX4llgwNiEZitTo+PlviNDC8qIWHXaN0yOyAShHM8aAeZK6ogwMbECNSGh357iTEB4pNDvhTnkNnUD6JYQJAxhitqMHrIkHBCq8j5jr4eePE999ek7f7E9HjPbhIP5AjlGtHwJlIoyxWcniXdav+HRK5boVp4OHQPlnR3595k3aWDYE8as4nTVni2vw9RVXCyhaPYnfRugmI6kdgElYk1uT4SbA==
J5jts7XPxQ89cVt/ySW57FhTG0FcQQUu5Li3kHUUZ0jiNOvy6L+mRuBEMencgqFFhXNXMUtYxTXYi9NDmjjdIHc/oi0aeXSjm1co/MjUYuvNBXkYSi1nr79jbxLwfHVTzvkWGAgbJK6aPHdhP+mWtoOZM4Tb0PX3whKmEavV1t8TLQQ2gfV8lXuMiQ6/dSxVN8VU7LWIAx09o+gg0iV/EpBRMFzd7qkwOPA18FOtqEHz0mVMDzEUbWqj4d6hBEr/FJY2TRIpmT+I3+aiVTAeTsPR3qKvcsEONnKt71qDADV3T1hH6jHnv3z0j5aDrWrfD6rDR0CYMvRLPcTWDSwq4SN05cwu31zIGKhI4XEtgqcGHZEFj/zLeaRYN1tESTYz5bTMUhAMCj3QaQuDW8opJg==
J5jts7XPxQ89cVt/ySW57KcTjXqdPYnicDidrk0sXdlSlodFOsy6rfoDGPax3iuIMYILvsFqE51yAdjBqxGyoA==
J5jts7XPxQ89cVt/ySW57KDP8OcyIN/HjGRBvMDElik2gBC2iSMsjGS88g3+uy4vKzz85nJbA6iN8lU3k4HLRhGZzDVzA9n9VBCY+os0NFJjTLezrKFajmoFxkEDY/yOoKS1aCHSabksfUrFpKVoGSVovFfWngW0AnUsNV9aaVBouMRYgN57509Je9zSTm3RgaoR30FuK29+rB3woT+zUqSahZ3JVqPHttofq89jJ5DWZbcmeO9FSAKB9Abb5JV6xYYYWy8v+D9XSCPdRaMMCoJXfO/SGuh4pZe33xIqlLPbrbcv3Q0qUctZOq0mcuPO1ywWuEmDOIxymwB7zv8l3NCN2ns7sxxHTwWPqH5C0PKVeootyO7y6xdUI/B4YM06vxTiBg8F2aTqd3wbj5uajoaBbiaYSG5X7d8ferYfybZiZmX8k2KShBEHa4QZ3Cq1//pK9WrDcGCp1+O9wCTBQQ==
J5jts7XPxQ89cVt/ySW57OT/CtJeE1r8FOyHCIzewRJE2S5g3xZq91aA9XAThKerAwAj7hHCAtCN9+a+W0hRus7de7Jm3UkTpdc9m6vwcr68HXkaVy/+tYS4rFm4v1lZq4QJbeSiNvhI4swbwdqlWFgy/DBZ1uiEGP2ZTIESwuXAoehWWfGlBBmdcvT6R30eQoHjmvaF6chkMKVlR76ezsZ5cvXWFqVXeWkcEk6ptrVhYlZ2dmH9qOjbXoC33EUAUVcwY2KC56HZocRF/nbRGRxYWwVlBaxMWr/8DM8XCFNJdq+i4EwGNr1N39nreWr63V2YopR8KJBtDovEdvnaUJZuY5oRKW8Nig9y4us6Z8vT3syTtKTDgkBBVQHZAy1gPwGcTfcJpnRd38dFaj40sw==
J5jts7XPxQ89cVt/ySW57AoNiX2lTkH19s73daBEsHqzA+7A8wXwuitkhZX4eibCK9fiQvGJyRkYCBtcVTpHCfaMEe/8eG9fMSy+NsvznLPO3ykFFr7aPtoU1tTb8b6/
J5jts7XPxQ89cVt/ySW57A6Gpi/huu4txacib8kUr2LyaiyeHatUxZxfXNK0lRxfNMiRXZggQACX+9RLm/orNHgHsCqbmq+VlCsWs8feUwc=
+8JqctP0UKK8JahJ7gtpngiQmVpf7qTncwzmFlz5SufMoPrubzw9GfzbjpYyjAbnFS6J7FpR+WzKGhfQXYAZgMrUP9roujqpflw0AQ1H1QowoUG1z0zQWjyuwYIf0P6ubTMSSfiTPF57dAPu/Xk2owh0iiEy76RLVswdyGB54qV/7iB1zuerCrS7TPebUrog8Lbb707G0blcRUkyhLnLOHyN+jrPEdzWVCkSRqyRiuLenaf6wnuze0aKGaGc3y1D1AyKGHuoJ4K804q1iklXxV1diIB75SPGhW0nSaikwbFu24LiHw3doht+sL6fpiPS18H/PibXdVMHVSXOw/WqnnkAzPVJu5G9MJqzvVSFFyYLxS4gSwOeKS/HXDunjrgRyR4nclqy916CJmRTpz2KdbpY48IAkk6Ql8m9cubn2tmQENVy2TfPVY0MeQbMLFMKX9aFQmLP7ilIljHeOYxFtg==
+8JqctP0UKK8JahJ7gtpnmpwgXAE967Vze45NeratiCpO6hgDJVbdgVAsI5TFBnWLZ79vjVa2yDjMb2D3O5Nj3TqjeKCmJsyZeVabfHlkjj2/KLKRQYoix2+IJSalveqdJD+Srbz6EiiaxHw0oAWhqI2yw2J8Nb9oNX2RubwNQ7xxjZo7G4629qCroEksk895d47XzXxZcJUNJSzf7tMu52aYGXeMAvskzZG9henMoq051fmyb0ASabtcHks5xuU/WlqUz7C0nDcAUyUtRoSa4vguzc+efM+RZALYTm7Tb68udHsl8y2t3RcTM/OsqwnniQPeOQQ0CE99Ugt6b/1Pf5+Bi8ZgICD5Mn2ajuXAtra6o8q9NTkntXf9MnY83njWjF1D673FrpNpHfOK332Xg==
+8JqctP0UKK8JahJ7gtpno+jcgpTbqZiuSkQ/y1o3EEt2UlEftXxq4pbifK6t4gstEhx5lrHTsoR+S0KuSrJ0tJZTyz+Xor7m+z3v+6nmRwJUiTj77ScbFGOpFNriL8/
+8JqctP0UKK8JahJ7gtpntx9/t3wAALT/Jwqrc/Fy+DUd7m3RADYQxOiNGWEbbDk6KkqlblFC0SH2Fc5h8GNa4/0aOwj7QHP3AMuvCAi+F9ZWGIa0DifpevGJ2Sb9fOH
+8JqctP0UKK8JahJ7gtpnuF72OQPr7VWBHBGS15ikPE4M0uBzDL18B89esVRSiDWfpRZvkCDlmxGgBAdisUsLYYZDUg4OWpndwCHtDIfx3c=
+8JqctP0UKK8JahJ7gtpnhEjpvgqRo+ZNNmUyywAt8KQfRYyV4pmT8h8Q6y6TEg56C1OHy8289NKUgaTjyTYEO0lLT5JuzMknZ1mpUvGNIf0LnfsxlOaoCc30A4MnuXe
+8JqctP0UKK8JahJ7gtpnpQgktdaP7k5lrtUoaS436a+u/gBySMfXtresfAfpABG4xw0RqBYggBkKx3fAF6KL4ZWTVG8v/zCOln2SetdRMsGrCoG/wXQGw1c8UkJ3Wcg
+8JqctP0UKK8JahJ7gtpngh7YLXwmKE5G0LCkI4kWKh7MklnIZ4t2ue9Q4Yq4hgQKZ6wm5uWai69I5Lr9aI0GH+FuQvk3slCcL2yNlHC8Fk=
+8JqctP0UKK8JahJ7gtpnnOqdlGKitBOVbKsiBexd4An61NAyTgV37HraoQcQLOKeDB6DikTInsOvkHNuF2tztrrVyzxLkUnb6tsApeyi7I=
+8JqctP0UKK8JahJ7gtpnhCKt/ugvKzDokWoFsMgiB0erk5HnMxlwVRhw5u+53Sz9anyCHdIKFx3OwS+c91M20EUA5Kb170xXOZIDS+HeSHoGN7yOyzlIaPG8Ud/Dy4y
+8JqctP0UKK8JahJ7gtpnixWLn9a3IERAYWqinO43BzxHmXMThiuOAty9AtYYmKZPr1qNyUW/wVpcLeooVBAWISyqY+9mVU9v922Zi8HhWIU8C3zjenTqSYF5l8njsQL
+8JqctP0UKK8JahJ7gtpnu8LWbwrT0XynH+1Nw1BTGx6S2xMppBdzXPvCTawzslvehSJxKUeRSFaF6RfnWTrNyosiWFyt6uRTYx0NOyEAM+3iLQHrFmR/6xOWkuB+EoB0rC/ZYoa/R29+koKwKsK0I3+GvQFRohgowPM4P4Kw5Yo0mf9eXtU7+Z9A5Xcz2yGzGCC71r7IKwAwix86z1HL+eZBMPc4XvxFpk8fp+EY4JEWoWF3xHPFMcVQh1+fqO1VeD5psTkdm8Xi3iVBAyIsu36097/HVEj4AV4Oim0uaB8bh0ggoKkpN1Al2kKxjlN
+8JqctP0UKK8JahJ7gtpnloSZUx/f3fVhfrF/p1R1TlscT7CGoGRMQeHp6EUUeOPcF8ySIOUAojjz4acmi4QVXaEX4N6/SSD2YFJA/4/jcMaXEnPcuXp2actbuG6euDk
+8JqctP0UKK8JahJ7gtpnkxbAC2t+DOgHauPS3o1VhtdIPKLzNY2JTIX4290ONSUqJeFJCvNsLsnOssXgMqqGkTFRLK1mLex7467IL+83j3Y1Q4RVf44bqmoSeTZ2Dfi
+8JqctP0UKK8JahJ7gtpnmSiH0CzaJ45K9Wz++EnaM6Qpb6THOgp/Fl9LR8voVyZCWlV3fbhMjknCIEjslPM2q05fInoye6jlHoI9l0k8yHyQLxNm1Ep+pElA673Qc8igMPiwT1eI8KpCuwM1IJW4xP/34W3apeOKQuejy1pRiGqaBDUmh52YrOkYPuP3tST+Onn5xicOLYXuw3JvUM6wf5YuzbB4zp1o/pNcYA5rj/MtAtqY20HVTF4ZAzE/iw8x12g6tI6vOPAKsNCP+lYkINa5xM1p2i05YFNw7eAPpImLnI5vByyvy1EqaZflaZv
+8JqctP0UKK8JahJ7gtpnmSiH0CzaJ45K9Wz++EnaM76+QV+jDtvVVrGIWInk1JbmlYCQ70z16+nQTtT10AQ85aC0tkergyU2CNtGcvmaD4IxHHER+ds7ZZwbDZ0iXhusLu6dATFK4qTzaYxEdNQdd9rShri/8tH4Xygexee9HQPnPRxwvF2pr3zBzUmnDZ7auuW6wUaobWAho+REKyceuCB68+PwGsvc7VGkkqIGZwiEyExU9+pt2CsRl4KWl0X46isxqHWgy3cztsTiHXXOHUhLKAQtvXTh3m8ViP20VIkY3SnRPh1TOVJvnDVp+6E/WdSrfgay/iptFRWgwlLxQ==
+8JqctP0UKK8JahJ7gtpntFMnpBSse6s2vURrvcx28R395hU7SqSoyuJy+PdBWx65r+Sy0IJOpdm8+JzGuG85wXx8HrP5QMl+yfrSJBgQb4qlpZvmERf2uGE5FiuN5vufuMxUtV4f3YoIxnE8Z0ldmt+IsZLKTJtQv7CyjFgKGExZjC7VFN0njotEaIXcgfhukGHCtEA1E0xgV522+RAKvoYrhz45ui7vNnGSHbXPW5mdPqyAaMURkNm0ubAo8V6zkFYfCrV7Inu5VtSaF2p3Hun6lLTVynroOb6veN8G9jqdPBFdycuxGRK0MEvBQr7j/iXVULYjqnPGCjTi5vZNldlNcIzDRx3Z8o4EQD7s0GlNMw/h6lbgL+kyQKhWg3UjghK6cng74vtItTx5cR2Vib5kCrAUyJSqHZgJcP4LY6CvBICnovec94s+x+zh9FKvYoLZ797ms2xjUjRyGVViQ==
+8JqctP0UKK8JahJ7gtpngbqZw7+nVQ7jpPOOvugZWMNCjWQsxPhxRG7Xtoa2fIKCRdPNzjkAxW0oi6JkVPspuu9rZxGaS1HqXwNZJ3h4NXnXffIggx6ZxL3mBm5c1aMwRjeNC9J5xTh4wONEZJs5QdRDg7jBHz9hxVwI2dM8Gw509Q3Sefx6koKNtloPNlF77OsoQZF2NejDf3rxmCWCVi2vIcUIRq8aFJudd7BOqrLOu04iA/K248iGMFee45a2gaunChxYIOipGlkMoKcqiTXog79Sfs1mdiVKJq1irWzC1mzBYDWyYMBtXPTCKGQIVnGGBPyNfHh1SIQNQzI7+vzJ/DgJFLI12ZOvdKWXFMLth2SMaRcIKxSZ4WSL9uO/yJYUIi1wxCypjttgy9qZw==
+8JqctP0UKK8JahJ7gtpnhTw9BSI/l4ChLmWk9iqw9GAC96zjVU6tFchG5UReYxB51d20azz8RXEh8pKsZUOqvqXjg5BktuD4s4EJrC4odOopoyVvoYPf7RYqn9tNDup
+8JqctP0UKK8JahJ7gtpnknTJV/EUupHcNSnD5qHpIIo8MKSrMpTFwQUH//vGyjYXiK9gwdKewK5ujumKnvffbw36o8fsALkL1HBWnfrZsc+ay7Ah6QFqRHCN+X5BcoG
+8JqctP0UKK8JahJ7gtpnspRHq3o0VOU7uIloRG+iSdpAkGPLlyaD1TlPlaWlI4+rin11QeQ9B3QIOY2miUJoCe7gikmTKGaoxBBnTw3joLnnXBpRAexhvjL43Wc2SkxsLroGb4ffbR+GL6rvyMec7vAjTpA8Bv3UOd5CeqOr9DEc2Kb2Fu5winpb302I6ZqRCRLBDdbagXefKRNNc+55WRAYevzPcrmSc2JplWN28oHxfX1HWx9qVtWBXRWZVp96mdZ84LSQFe8+vfN5HD6P7FNf2Z9rDHOT5t2QYBE46WFi46gD0wP2f7s8AYMUYCfqMs5l9BVUqx5VQUiQj2FNMi7qzlWuTWjgHs/wobDkoArBoxrHtjx5rpd2WX//EXGb1WkOY1JOak/Ax6LgBOh/iZdARqE2300A0gEgnAXDqVVeTi51YA4O83tyqbolohit6DZcyB48R69PX0A4YhTXw==
+8JqctP0UKK8JahJ7gtpnvChWnMfhHztMHiK2GeJbIg9h/6j6MwUmisHphHRLB1zaHBURa5zqmbnOYhb+UHyWVn3FjlYW6WfoP4AWv0EpdRG7eY3xudacimqSbiXV0vy6l56Q3zpTvc/N+xZE8h0aIuy/sVFyEzJL9v/Nr6+WrvSvMUngmRQ+8Oi9RyPb3Dk79wMTDR6Ac98xvn30Mz93ohdHaX6DX8xPIJWgFLcY5gsKKkHGf8oGDzGSoQDucJUOhRU0cKwz9cCcc6eQN+y5wBHTS8hdCO7mn8uL59HijwPdNcRh2GR6VKEx7kvFtFBYawUa9N47gKykPADmZnMwEnQFLjaKI8hrdhBOh/nkADiJVlcSJ1+ktY4k08ZScB4fy0lxBwI96L6V96pZpx/NA==
+8JqctP0UKK8JahJ7gtpnnNqdBQkcCLKzf9JBXFAuyfQawVnx2K0zXw3gmwtIgkk5FjpCX7T222bOLEtSbXewDTzrVKfhokrc48iP6xJdkkReUgSSG5QlX/0seEQjgKi
+8JqctP0UKK8JahJ7gtpniW5FLAASb4mwGivLgUK7Re6cqyr/VOvVfByatfu/psdq3ZiK824Va0gFnzxROzx11N85H3kppmm7HMZm1+F8fWaHMLtPCHDJ9C3MewHWfob
+8JqctP0UKK8JahJ7gtpnswQUYpjNXamyr0IsvPfVsF8CD5ZpDT9X+CDPFbOnGuS95PLbKrzkc4UYegRW66oUtz+UUbxO8kOmD+/uuYoI6q+Zpn6KmElzSnsL39+CUYNxBTrzTyp7C2iqPtvE93ivRnebfIy55jsjiW9Qa7HAKJQStmPJK9VRdnhS/EHsBthf6QpyOvfAqBVQrFRiRUH7UU8K2UJ3D6Y7+6fflUdGfOOp1L/ijR1cS6B0RfPhWRKJ0uAAtw3WdBpr4kMZJDrTBrAiKSCKMQKX/U+wcMsur4+Fd2cs1J/m/GSrY9oTEBjzeZuH/44/MsjyRdqMZKO0uI5nClEHCagFvXUZ1YvfqMI3CZyCvXgqYszsNmJYgSwFXgd5DGZSVimEYKENZPEUmS67sYcX95uAVKMnqtyy34Z4NDpA5InaAk6+9WnL2kcdUe1OUPIZP3aS5A5V1bRmg==
+8JqctP0UKK8JahJ7gtpnn/6uugZGJcuANU0Mez46XzTlMlfbhnxnzmn2+f6g/A6JYKh/s1KvuW+r7bG9G56VYfnPPcmf7spQxs6vvRQ9bd7fK/Dg+xddBIkYALcsfGbzAHleecA128LVZilm6w9wJxY1wZKEJ69h8yRDhBbL+OEimT4Pvb30HPIDiwpoaAci9vPAFFwwvBEflhTCw+/SqB3HzFRbV5EPRwY4faM9bhnXGOKpdtZc02WV96O8k+at3LDNFBfltcYCuTdrbonleNEh4xld09vH4SSV6Ze3pQ/+OXonPGv4QYuMY2OAZa9Y5sy1LfL4N3YuP3Y/EhgUF9+p7vpY+XO5H0NnSMPmBIoATH3YxLtqusyBsGF3EizbgasSHxTqc2OvQ9c/X5BZA==
hayAJQs/A7PfS6RfvAaZ9GQAJXffBsMUOXWlID6B5vFaDs6lHVyTT+hIDdshLG16w+kPnij0eha0lWu6kfjvbjmrkI+UYZWqEcjHeZMOuEc=
hayAJQs/A7PfS6RfvAaZ9HSpaxIX2tqxn2HaTVONpmTMYtswrsGuraUPYniEAVE3Rh1Yeebz9roX9RUdjBo7z6D9RjTThqEvXJHwF+nOO4w=
hayAJQs/A7PfS6RfvAaZ9K2nzjjNKvAbriihERLsK79QvrMYNX40mfv5KQfede1onL++k4/6HTezmfu/VOQbPsdtRhmPQLd1bCixso7a/+s=
hayAJQs/A7PfS6RfvAaZ9ATnb5fycKJgfra6tIkX0M5sWgjHPlcxuZGbX0tgaxZyebSnGG/TM6d1gW6VdiRk/mnOirlA1gVvYY86QrKdIOo=
hayAJQs/A7PfS6RfvAaZ9NcpZ5SbLMWjjHgY55zF9L5EdAgm4Or5HU3/2T8ySoJMbJsWDXi2b4Q2NB4wlFgKhQ==
hayAJQs/A7PfS6RfvAaZ9Mv1OyWUfzBXRXftF+cu6i44okQeZKLcCjCdj1Fm75/AdkRc+obuL3MiPa5pY/i4MYH+qejyYvrLhxp8vw3VcbA=
hayAJQs/A7PfS6RfvAaZ9N4mzB5aWn8siBZ/e32W/jELDbMh5v0H7x6Mc8C2wfWEvl0wyDDKCPQjL+JJ1G4eaE+wPkUpuny006OKuhht+RE=
hayAJQs/A7PfS6RfvAaZ9KxOiIO3W3tGbkI0JoRQIdG0i7heeOEnkMXNYDo/6fbYuqIjxLmW6j1rAPraAkAfqxUZOLYDvdsCFN+BqLLcIZs9GAFrbAmXtcM8oQdTpguU
hayAJQs/A7PfS6RfvAaZ9CpoWU9EM1WcouPJGNP1rChfem6I+siSZjjVqhBjRODjTQqdCIP8yyD71ryLf8GPLOajbHd13U/DHGS6PmezAds/H+uFmhtW0Ep2JYMPbRqVRNnsMQFQIkq9KYqSmkCyhmPerxPZf4srnoaz34t00WV2EUF0VHwnFj96j+x3MLCVankMuLKFx0IO92dcaIIw099noE7ZQDk9A2oV3zBN07mD7bfFUcCQPVWB+voCDDpQOh2uxZ5Cb8xgt/eospvlw0R7gFo10YQXfPENvN88Dq1QGGzvRDR6i+YgFh29tHSjkewZ5m3biy7+s0VuE6TDnL0q5cmYTorY37D9Rifwla5S4gcoqBvnFygtFB2iDx07v5M+0rslSyq4dt4dh84XuXy/TXjAS+gDo8f5asHMcl2mpB1Pwps9fMRKoxGV0mUnbxbrTh/MYDmet6/PfGE/uA==
hayAJQs/A7PfS6RfvAaZ9AuHDzuAoEEL35Qlfb06DWYfcXDXIL2ejPIjxy5D97xYoZ0O5pDkcwhghEbllZDuFt+c4uWn7A10g1TteYGvg3jbYHjEY7kXqpm+/XCEBWzSMlfTob+PbZV922mLkQgQvAknuYxtW/1LVovD1sBkk9WBE9yhV8cBUeAJe1NLcnshHBAfUJimf1k0w8sc45fsWN6V0VCCM3bAyJITQ5e3MQRn7cqjIR84vwrIuVqznEa78m5FzWpmSb53VxdMwjFj+NSLYVHIB0mYkgFYr+OYP53CbudGvz0CAnNMFs69pQMQ5p2wUHN8jV5eB5oxwG7x48vdMHcHMuHDbRbkylwCE0iTFqY/pOsnT3MuI3Qy57JZo8CszfuUNrw5xyGhUXcWYg==
hayAJQs/A7PfS6RfvAaZ9IWsFRcAktyjMQwOhzWLfbHkT7CarcOIQbTi7QbpBx0VHoteUVQ50Je1pIc1ClrTkalpY8cl8aiv8JKtC1LXqsZYWCU/X3rbdZ8ishjCszZt
hayAJQs/A7PfS6RfvAaZ9EALZlbPliIf6cgTR0UGvbJAJndqW9kW2gl28zKJrytja7DiQ+lz2RsFAXdRWtvr5EpYQyu67JrNH5rED7QklIWFzUwdFvxXDosLesApIh5S
hayAJQs/A7PfS6RfvAaZ9JWKx6wWOkh0sbOa+AHVaputVQUIuymsXfCFPl3k9d+8QJtrgRoP0/F/R+5APubUf0sfrMqOPEoSR1ElkV0pL6j2yA3N/nnFjJi9sB1KZ0tziACD3U+N672y32B98qvEC0DF7dNcxC+sT7mesh4VFs+9vO1khLGF6CIpXtSUxVecTsHmbfTfNd4YEV+idacfvlFjQRzt90jL0gEukZYTiYGsQN8wO1+Fxz8JjBB4pNADyFAvRPHVeKjvX7j9MxBndwp94V6M2FYkoHGccHyyzbdjCFiSxTbnN5I1/KPJvucT
hayAJQs/A7PfS6RfvAaZ9K66jypaR+okisPcrqPMY8Y1fUXsAxi7eeHgl4hq+y8RHmMWfr5xSVqi8jJt92TLqXlJBea+CCq2m/3zj7t03DTGaF3IY8moLNM+cDLtAn29oZBpnAlCgzTtNBft4+kmZoCuZ/Id5KbDoan6mKSTS7lI9n+/1N8NmgUdMeDNWVg66p+z0ZBUxDJ+KCcf0btc3rIvEacQhoCR4mWQde27fz9mZjl1lcePTgljcEJcNP3v+SAILlgpmyJKOhlnG60AADmXL4obpefjqu4ULi90QneiYr+cmPuDcCVXSVNxsFpvaTSD9PCMGmgLSmhwEkXU4Q==
hayAJQs/A7PfS6RfvAaZ9HBZE8RHhpwmavYL2oxoFo8zfY8ATutgR2lXN7zH/2uw4xjDVF356fvKm3bq+Zq8ttjZp5lhV5+UJu+nWS9KOZVyzEOofLmonCZkv3pnRsia
hayAJQs/A7PfS6RfvAaZ9P14w9sWvrT2v0y+wRck+eqy+A+HcmChXsJsZ8DqsSOSEQ2GpyvrWOEOdNn1mZe0HQ==
hayAJQs/A7PfS6RfvAaZ9JcaCbdFN331G9cBmMNZksqgRCylsrqMSfPmd6lpmfHzLzUZVCyy/aWd8ZbxGf5am+PzEQIrRnBjNC9mOm6yLrRphRPONo0GoMlL19unnHVi
hayAJQs/A7PfS6RfvAaZ9DbYEsx+QNuW86bAI7WpXSEkggTZAH5PaKQ18mQn1sqUWclli2hin0abo6xJ8dWbHh0ycAHgVdKe9NIZdfIGMh8=
hayAJQs/A7PfS6RfvAaZ9DazeGANYxk27xYsleQmSGTt7NdPaXm0uWvMYGpx/r4Ltzc7ci1Bdie3NbBcLFWSquDE+2vsVxbM1AzgsRE3zy7ba9Lt4DOfkVdSThZzi2x3pgP+N9iD/W25I2Hj/G363Vl4etpTSnaqS/R1lVkmgMigz4jInvzAGu0NxyxwdN+ZqqCY6wNcAiX5YHc26qfgnKlNuU7TUdxoU6Ac+z8zSZ81a4qwuJkKqOPOc1Am/mJ95jdIE5RE/u9d0ioQ3vAn5vT1JxfDewofqBgsZIiG2H+6lBDwzo6qS6OG8debmtBESRVCmaC3ku+Ldii0PKLwExUrIdEqxYdJuPtQyg4Yho1MdUwLerkt5fwyC+ibng0srMcsleWJus1pz4RP4DNGi4zL9yYCuYyjMcMna12xIa6oFa+i/cLS4FSfIjtgZWv7m9yXtw/MpMD+mHC/ph+N9A==
hayAJQs/A7PfS6RfvAaZ9MRwY3O46jFxZiscna5TicyVcRxos3f6Op/y4aFzakLlXYs85E4X7GxTkl1zr5Ejd/v+5JI3+dqVnEfgNXp6V1We0wUNay940ghGh4YqH5yp7gIDSGZ9djFj5QEgVYkl5mz8vIY6JyWLQBAChRkAh7LUMOGvvFX0fPJkCHaYBFH+BDnTEQrTb56CCYdR5NphgGf0l8CffwaFLjxfD3XIji773Qb2PPo9R4VdSfD4YNT4oYKO7jFOykh/exlWL2B3oLXMKFlEiGwojM+vTPk+3uIuZI73HOapoqX5zPJndgeaghRqIcfn/fc6ceKhP9/PJA9Ux5+c4Rxpo9y+R7EtDrH68EJBIelIaEbRoUYiM8+UCPEcCp2dsSNZAGvVbmLovQ==
hayAJQs/A7PfS6RfvAaZ9GAVa5/VBYaahkyYfQNwmP/hBwKDte8FCu0kNiE1tMq55IWXLcDtyP3N8Mz/2eeipuMLUVTlqp3lyGcXeK+hkLbZkuEYi8QyS68MmoLTh5xA
hayAJQs/A7PfS6RfvAaZ9IIAvc+ldus76GwvQrvJaiY0c3V00mHR5LyXo6exIIOGIGjPUhpQDcjLzihRO41fOe0xymHj14o7ASdR1GouondKqmKzbRu3fUucNflicGY8casunM4PnNoMDaGAoXjL46PkRzYiJJg9ekY59gedNYP+4e7RrAfQjKjvanMWqBCdepoTbvzFxV3yIycs3MK237Z0gEysoiyOIG4IAQw8qAXQcotR2AMq7KzTHbBYOmFxVWNi8UI/5wtVgkrlCzNca1yPKl++6MaaHUSG6CZ1eipyZN/xGX02YiyfUvYeIx8hqo9ePQClGs5E6i4VBUksuPdNjL5t1RPSW2L9THh0LgxwAUNctjtL3IK1gp22SYtVh/ctzzMPY301jqizEmlS/4UVJi3ZDUn+KF5N1irL6xrUlmYxBdIHG+vyH3fiW+o3TQYlziyXk8aVl7DvRp6qHA==
hayAJQs/A7PfS6RfvAaZ9AgM+GS7nBm9vQmDTA/tpLpuX2i46nmxmdMhzBo/nSi/VY8oaSTu4LYtQm4jhzz34C6ejRPg7DMIhrFDL2KE7co0hFa5BXdoW1LUssV+jWyCMr2ERxP+LwTQH7VVDVEP4DnDI2xNL6WlEbZaSXUgGvu9Jdwd7DCvKzYYcY8RtZNwNzaUFpMTuU83x0Y9H40T1njCC/Esn1XajIq/Z91BgWhPjYv0tStdIeOX1FQQxHjUGXpS3WYHs+Dc/u3SfEiiEzrxGkuiQ9IeWySeMn059b7qmWtziyY0+ex4QjBfwOHIlNDmEfEqSWPZlO8L3POVqZPkna0494UhDLDDNezTjlRwimcHrD+rJh4L9gAoEcgsPm/APODw4UWUgkVQ+DO8Hg==
hayAJQs/A7PfS6RfvAaZ9OxOmdHQSPqBVkcEfmiTJELpMaqpxXdZ+OFBITVw6w4kkdJxqsCj3Zzhbo3YOGbrB6VCYnlu/usgEQ2V5PZ1YgkYlP2HhyVkmvxSQVwnJX5e
UranWYCYJ2gY6popVMYVh3Oo6sAw0JUssA0XzB6ev0/9RCD5L0Ie067Hv0h3ONLpE2AcfSSFArBh8qKGlDYfbc4sHerzf/mLJwa1qHpM344=
hayAJQs/A7PfS6RfvAaZ9J7hKh/AE7p301dcQms0X1RK1UNJFS9wwPU46br6kfe8fbR9hyhwAGr+dYz1zihsdfaFDJknE8t8pnAuL0lPNU6wvuouBIankd72EPkCAzjWipG0HcK94Q3AflhZ0LADvr6qKhmmmhr+FSsthum1Ee/Hlp+XRfZWnl/U1LHiVM10FkQs7LfFILvpEtf6qdrz9cFSB+Z0WB6hZpgPeo0YfE+etUuDyRfIhnQLwdKPt7vcA3mtcZ9ZjeDPwOtMO26mDikZwX5SkQPeQXnCk6UaWhMnWNkMNa5Kj34fUFO4EWwP
UranWYCYJ2gY6popVMYVh5aTttgi92hH60t/Zs530AXOShdBHWc67o4oJJCgSZ5l3zWWodEW8XoBzEo6Q9B3IQpsDT5ingU72Vb0Vo+aP9ixg8QSAOsLsZv0BvvZ2HkLg/0jvQTkxyeoJ5rv2qGxukLyfXrm0FGulz0oMwez5G7JdiBIP63+oiz0c5ayFD4cjIVMeI8Gm4V+p3EQN9mlRPNTX3nTPLwvVT3L0bHVbsBOekDx7+dpf1ejPiJZa7/Ws1yJBBF7pFSErI6f31IyhHPW+64Ox1cy2/REDqh1ft86woIS0ZzYVNgPOm9zpw6y
2vXLNBl3uhZMssTUSM+HivcL56wjC+2a2iePkYvqElHIqlnjxmX6UjjpaCCH5whSwT3pYpBvwP209JEbYVUbbuRn161k7rslffzR3Oq4Zig=
2vXLNBl3uhZMssTUSM+HiqRZl7w2Wso6lmgo4013gPR449yO7ZiFERIXbu8ok0lDYC5KV+HrT0d51a4CfeEIxwYzX2M/z0TtNRBWK7txElI=
2vXLNBl3uhZMssTUSM+Hioe3jiXqp5LWyuTb2fldKiOromVADKhCFUcRs46oanMKOmTD3ITvuF8a1Qr3NBiXkQiZd6cY03+bxzWkiJWV1bD/98Gkd7mPPbnxPAapJSli
2vXLNBl3uhZMssTUSM+HioI0W2G9BL6tSKaTooebOEudA7iVfRW4kOZSbdnrw9Y6HBQ3OSQy9PrDahX9t/HIOLbmMhQaiIAS0RPICPVPxFcKCrtPv4GUyJZbzPZjFGc1
2vXLNBl3uhZMssTUSM+HisL0pOKgYddgjkAvgVhDKZuhobJXX29vTe++83z3TyhdtzOQNaArWpzfrjj133yQocRkfh8Ue9/U9GkLLjm4/TVSnWe7SEhk+HQLshINpVuTxF5QskXvyiBBWIzq0ZrKM03I/tmmFllcumeJUimp5lOAdrjQFWOiIdKItXYZSQjBl2D2hnUcwUh8YNqWZNLfiidcGnSr9+K1fdOYVbvGmil6G3yNqbe3IpXbpmZFkFvUSnTv2EqKMneyZWHIaLPtNs+bPVHqbhWvUg+MazDYs6Ix9kzCvGO7B1frJCU1Z6hG
2vXLNBl3uhZMssTUSM+HihKYqJOg12DKSyIDClNH+8IOTuEqqYiIdY5fXmCXp4eWUZvw5kiUbKfGnER70UmrOE4g1R6B6oluE1i56ARFrb9FgikOZeOSh02jKgmdJVovyZ4fuq3uiXRwcPzYhooZ3dO+1K2I1b6v94A2/YhPWya08/JqxQ6aUnczH/riaTaepMW2V7Kw71B/SU+zOfAryoA3px0kEJ191celQ1gJl4/PDdjMellAU3XLucBBwVhJi7MRVLbGxigQThDMT/16YjZ1iJeBV9TlAVsW87xOsNMEwuzoA6LMSHHQsQGPmh12FQQzyLdNr0J61FS2YKazBw==
2vXLNBl3uhZMssTUSM+HiuEosC+FTGZ7LurNmDgMdkMFuikWuV666nojby7v0snh8VPRXWgav+13jVByqqq7g2hXq8b4kdwbFCVWhNf0Y/MnZVie3AM5jG/RBlRgDfN11YknhrX2U/toc1ghVzDRkqeyeZdFJbV21kFgmAntoPqytp6YANbPMxKCCQpuzqJjvOOsKGT5ah38PU423WkigUVBDRH7iage3p6YnBLUnbfRoU0zJPcZNHgk4rreIioKihEOX3LqgEfrYLcrgf/sMxPx5GUplqlidjTe7/45KDIM037lZHcrQw67t7Z5Zf/3U00lAuL+V6pZDQCizdDzuX/4+TX9W/fIhd/titAc9z+firz0k1arv8815PqiwFfMw5FHDG5UfKZt37q4jLuFEaJb7gw5FSE/gP7PMaPi9uMAt55FbEp4nKZLxRFZpnyxTIBWhmx+fkYxxa4r6/eGZw==
2vXLNBl3uhZMssTUSM+HilZNNEeAPHyT8Bxuz3ieN4Sqyviyz8OKdMFFU94W063TbfkChS2S1yHSVWozeqpctBYsx9ey0BxsDqv5bxLmWAAa1ea6GUhZZm+hAP5YcdeGx+5mijcYmOzjjnu/ko2SizL1BOyhV46u7zzaQbQNHQP4aI33390nBqbxnIe4LAFTWPds/Lv1sImSj6V2ntZtC6HL2DLS69wlpOZwoUHL4plK1VfEs0GgEnfS8WwiEWzKp8SXxx1u10tsl/y/7WiY8of5Zg3d/vw4gGBYGf6DgeX25n7lgbJXhaXicJWQl5JIN6edhQu27JUHk/ls1D2HXNBCRjtCxUbc6pq9eClEi+CsUrVXOSBYIwCoa3cvg+FHWGSDkV87XH+8PAc7EPAybQ==
2vXLNBl3uhZMssTUSM+Hiqg4lZEICjAsb2g8zqdLDReHY2UGFSbsedXaiwy7RdJfoVd2POyv2tZdTgWUJnNH4Ll0p+m12TLIk9yUmgQOxVixYbU9bQuzgV6J5uEDQvcB
2vXLNBl3uhZMssTUSM+HioKUTNxvfs0QBXDL22D8n4rgPYxh2SRhQZvBv9f6KcuRC5vkO4gn2wtP3HMjKL9r+Q==
2vXLNBl3uhZMssTUSM+HilNYsDUrs376JBwKgYHiK0W32iX0ykXsR2dLMolJac4Fm854se3IYCSS9GxIYag1BuqOZDEU06LKsKhg3CXbXSU=
2vXLNBl3uhZMssTUSM+HihOUw1PzaIGxwhiA0Zl8u7f+XbJSxAPHS832o9NA++yYr4C/+ePeegshu6GcIQMjRQXWiyHLbF8qFAMSnnKoKbQ=
2vXLNBl3uhZMssTUSM+HivIWhIMsn5wmj+Ttn7bhaUvGwOP5/cNkDkYqceD7/J0YtQWhOYvnyZYShkaUMPkIsgkDJQ5TIaMxpDc08z/dow904AD4+oWld5KX7iFc+RAi
2vXLNBl3uhZMssTUSM+HiqSAnOlPqD3I9VHDxGwlZg+6tm51tPfMEFpqdRhxU5fbShg44/FAAJaZOUkPgnhjNzSfcCDvxVZz2NGApVJM0rEOnMnO5D65ca7JaD9AoVndkmqyk0ZmKzFfD/ND5V1rBMqm8GaJIaxzg8R4n65eT72BC+kbrvi+IQOLx5fHUynjyjpZuWpBbVubJ6+SazVe+cie4GdTAlRyncK+ELhzUFMcMlLEJfrnDnqZBMsA40qNh4Ji6YGx3VUsMWnFX+CuN6mOE2MTXeJJHmW3vGhCA1azfh+YBHBnWFxgn4IS4POr
UranWYCYJ2gY6popVMYVh84R4gUuuchdScnRRDFK84i/jsWc07Yu+yRyjOXWQzKs29Ra1eKpiZ+JD42rsOtfxSrsTlZzYkRiyQeX7ShlCKnZsrvpF9AABrpD0NImhfPp6NdBl1HLfMHjKwUklSaq1yVUswBMP/5fexhqHVuFnjkj6qhnxCLNfWCjdt0W7GEfuOUObMNEAUb9LV1zKpomyrBOpqgUdeRGplfmU70aSV4EvQD/7rYYwlLBjF0ZMdBlunK5bMVs01CSpV0JCOsD0t3xHF1/KTxasWrFf3HMl+91gUgAlKIXA7cqnyR38zvL
UranWYCYJ2gY6popVMYVhyYUq5HSNys8mLINIuFjE1bMW7BBtup1b8vW5VmMARMN9Dads+b24XTyfayebIiDUoIlzY+kvSS9W9iUXIo/72E=
2vXLNBl3uhZMssTUSM+HirnnePJyZFSKa/LPuJ5ChG0yI3oFlRT7GdEEQQcr64wUvWsCrfocuj9XcdVF4yhtcg==
2vXLNBl3uhZMssTUSM+Hir/EODN3tZOg/msuvew6SfpM1fs6rKHLIm3Ix0rObdPFOizzdBxqZCFUoAYseZFw/3qqJXWk2VWGQR040VoRS0k=
2vXLNBl3uhZMssTUSM+HiiFULwp9Z8eLxbD/e43VZonxLUuwaC4/vm3Eaf/DwmFhrnBuoglYvx8dIC7RTSmpD+NM+X1+RqlG3km7snY8/aKEhqKfUGooIin8kZrdAprwKEPYQotR9qqcUKJSLeCVebmT33Usc2M4t01K4qBk/nVIV+Jt+KSWlS03TOh+3Bla8uyjpf0G641+ZivVPZHze93D2HBj6OuwX8o1tskwBrvGJYdexXaGpr8S+PVFx71lqARAHAXQE8y91KmT1VuYutWOxewWFMJ6NhyL2neDMnhoIbLvN+kOOh7zkL2zjx32+W/6c2JSmrVP8Vi5CDoaN/qE0UnNv0e9zWVKRERKb7/qEnFLKZTQAi48bi5O0ZiDWT042shrwgfOQ6V+rbb5rgMPICjxoToxCCs7wnju/sCPvMV+h7nZd/OXY/lE84jR3K2rLQa08eXMHOt8ePBbUw==
2vXLNBl3uhZMssTUSM+HivGTXoLjrB4N7plp3b0isGZSVAn/z0sKZAak2+PiUeC2DLw4hcy++AWcMyzwDYSKeg6MJxrIW5z3kOn7wacZU7ifuk3NE4iKNSe2yTO+ZuVQQDAVRDJNU3voMmuP6Mzk1ITeJlpUwfEAbxYh/D2vc99GGYoOzHNQVRzic3k3DrrdfR7xxEy3+6onw5Jf/L5twgQj/eVl2sD753ovK8LCOhYNXH/Fd7JDSv1DC9YGd8F5hZeTBsv4Nc/8vPsyq+DBU2kN3NrEeb3HrqvYW8B/tMPm3Jqs7+u7yIfRWvUnZ72GnZ4L1fGHKKcD/4WSGNJ4G/8pAhIjIt18Z/6txxRNGDVT6M7zHCBk4vTus69xu6W1Qsge7W+JgZJF+9s6O0Zmkw==
2vXLNBl3uhZMssTUSM+HimT2cq+IypB683+bLnMEvRWE7BKH8BZp7tSNzM2KhlmIV1OgdKjpQdZbFeWV7nOpoI9cVFxztfTy30V37h7aBLXoL5hOarkFreteBWkBk+iX
cMw7cIfubD0VOs7z+64p8snMKCKmh0rWbCD6MkBdAmpsMJ6wXumTqOsaruoJ/y8+Ay6hIbnNzkGYf8HqFB6uWcznNG9HHKAh6s8mpFYYGp/lNVj2ywotjWFY1A+RjndiJvIV2uwanQ7jPZRWzQ/1vicYiz0vPk9JlTAdFlIpFgSUIFsP+gGjAOX+IXbbcVe1KbkbM+3d2qcx3FPrYBdUzEiyxSmXVE6PrxC2w/T0/GR5IdABf/oBdonP8DGQIawTCSP8wEmJ1zj3q+yTvgZRtuhdf0wqYKsDPjTgYwrWkwToAkGQ94T7KoolnI5eXOLX3XhLDNiNj7gY3FB6BBBmq5L6Cr7MG8Elg6a0+8uUPF4l36Gl0Qeg5oDX9OP6APn/6hCnzmr/iFSMxpE7rcehx3LUoddcNA8xwILM6duZWQLjvsm5axSxezNnvd77ngpd8D0GuerEStlc8VbQBctvFg==
cMw7cIfubD0VOs7z+64p8vOGtB6rmJbcllMqMYD3bLJyIa993AhphlygTwytyGbtjemOocG6TgqlAz1Fnq2S4yimyYopkND+okuw9v57C5AqjKcpNotuQZGIsN+Gv+R7FMApGw+XEI8iBrOl3986VP+k+HMDKZUF0mmNt7JNADFjeyxv6j/jh0JyerKet60K20QuZNHxwm7lnejwSBCrilNk4a31MTAO9KOxHwoZy/G36UZ+w9nIWajstdqWT5y4itY5DNXUYI0o4q34BDZNTco3wI3y5ruoeH042l/9mL4o4Z0SgbtJxDQmgelocnDjaa5/xoGhXypGfnceOfDLxkwTWSRcukGrChaY3tbu9VcUUl/FTQbO0+T5LzsJkzFykXKmPHwwtgONPnO3DNZQUg==
cMw7cIfubD0VOs7z+64p8qIqfRBBkyrn1akv3moq+oSHkxAi6vAEwpLZSsI5BeT5bDwiMdTzM2f1M72WCh3O3BF/eRMOtMpo025ek+wnCAXkBj/0ye38XT1rAji2aHgS
