GmcONIA9PFzHw1gpPLLPoqev3ytAH5KO3S/CJpMsylg=
35kyjVfwBJgytCi6KM5Vug==
FNt9orFfFSbPIXNSbXcP2Q==
gE2g7VQeqq0h5MkG44fPUw==
A4ZCFW7RnVRfEnbtNxUDb8VFIQmzxcIFLuiIjRY2q84=
cwgQW1UgxyVfBeSrdwXHsPE1eoSAri+NViVSjTYe4hg=
pYn3RyiaY4vz2unSybTHuw==
mAzeFbkWBGyzJRgEWJSZYQNn44wFaguEUnqkvHVinQw=
NiGef/LGs6v8Em6sqLz1GYGKB0111uCW/TAqgkiW0+w=
2lfNnhNY+w/3xMaMUxJbE0YFT/wvMlSDz8Vrd5FEs18=
QjzrapiTxgebK0u2HuI3N+c16SF3OEPObO7jE9xwdhdFufbuPG9ltb4PL4551JmSSn5PAPhkDD8m47FSJbncFbMBYGSARyjbVasc5gPV5Dk=
QjzrapiTxgebK0u2HuI3N9ePJ2ezQV0s7QNxCSqTrGd/gzpYYLPAIQ3ZL3Ln00/3EYhn745Yy2kDmFTkPZ2JrwLYqTF0XMFyID1s6G35izE=
QjzrapiTxgebK0u2HuI3N+zJSz+eHegImOHChhBrAuAO7S5J1O6SVzXl++Xv8QH35JTEVsetxxRJ2DHYt2vNNBL8izzGCrZHYY3m8BvG3zo=
QjzrapiTxgebK0u2HuI3Nz7AbBjJkfW3LIB/0tGLdG0yIXEv5NcNcm4e8CKw+fCadvR+5UNFmc8Q0D9qLBIgVhMgLva7JoDCQV2cptdzLwo=
QjzrapiTxgebK0u2HuI3N92r5Iacr4utjjafhdp25HT1/aF9RmMxhWNbMR68n4IsEHOSAs/FdXWRjnZyUdr4JHXqr8ahTMc+KO7FYG72srXTMMIm9PdUT66+426JjilMI5OLi+iFuHyxwMwawzknVQ==
QjzrapiTxgebK0u2HuI3N61jIclj1MMI3zuBmYhz9/W+RxwcKtsjz8uvQ7DXYdYyGFEw5r/VZwXKKhSlZ+UuTWJ/yLyRAYpxlK4O2biEJpE=
QjzrapiTxgebK0u2HuI3N/4Pfmcd1SGD12PAiGqY49a+W4Uqkzi+1clsKEwkWaMFFJeZ4mt2IPpU6hRypzqP1T+zL0Lywm4KC600viH20h7058wyoRfnqXcTUJRWPpg8Nh2E4T/GqrjBUUQVdmNhzQ==
QjzrapiTxgebK0u2HuI3N8w1A0Ovy6wXQf/W7uB5156izCmNYr682lDlNoNOgUaacjpSF0XGl2FRgKp2Ksojyv5QuTQbaDnPpqEErlTfurbWTRQvotY4bfWMVHp+qMTXSvGsRN03P/dtLpLjYbuMAA==
QjzrapiTxgebK0u2HuI3NzFT1lhf4XL6fVNGpsjoEwUA2Clzm2IydtiLQwmdO0/nGhe7qXxOrMEynK0vJxi1lrohWCxj/gRE19D+tBqM42LUgwUMnduFpJ/kDMzfJf8LyoX+eHASpkAqm5+pv7lRLw==
QjzrapiTxgebK0u2HuI3N2+iE+HbDkkpOO2XNy6tcYd1FDQ/HIEABh2KNw5XhdfavqiZmdY2mxDNuso5JYRNUQ==
QjzrapiTxgebK0u2HuI3N7YiUgw7TNoMJY/NjxhtOoxYG/55U1tKrd1q7LXL7Cx8DCRScH4CtJQIUhZ7uIDmo+I/uxBi8NjoDP+ArCW50Yg=
QjzrapiTxgebK0u2HuI3N4v5LuTZa/htHhbjYNQR5w9fXYRjT3hq+NnBlzAde5d+ez/DAkMSjq+YQxmAQcpwotaWM90jXFYykgJci3Jp2DU=
QjzrapiTxgebK0u2HuI3N7VyYGSUmcoPR5ieDPIUSWiYqiMwiI+tmI4e8FO1Qi3OHRpr99xOUEKZRE8F8WBSX7I6nTpiTRPWblXkqdNSW04=
QjzrapiTxgebK0u2HuI3N9pfbJhNh5J73XuTyHCKC/tAKhGCI0o0gc13wi9M1g7h+l+V/i/nSM/oBu+24lGKA/G5fInA38uWIoQv0P184voFEqAkAD0nfXp6MaasW9pJ
QjzrapiTxgebK0u2HuI3N62sleQmn/Glr1C8bkwmKOn9GUtBvtLAlRCbMUrpCtX1HkCQy6hRZFLf9XjjGNemogU6BWm9hnA6Mjlt2HRafSLldHpdtaZz3hbH6z6h1k4R
UranWYCYJ2gY6popVMYVh28QbTw9fxP9CoS0cgxa1AYe8h4olr8sK0+6MyxV7L5cWJQn+MXoewOstmGfg/Y1AU7X70fCd7PewRE29soI8eZP69RbFiT+nXACP04T4PSWlma5PlIANs0uwQVjfPceoEuOGY0+wXc/Si8y5U1fNOOIPo8tVvVBE0HtyOXi2bE3hfVJ3LvarB1Rb5e3wFQvhfgoTJowsnDbKB6mNHdlJzRtVpH2e2FjtuX7j5wA9rqREMoxRqT1CWD+PAlZkoUPTAA9nRnIG2cuqbgYQGOCIdHCk5/r35MwyFg2F/vqEuS4
+V9vMi24W1qD8B4QHeSRP7NLmurdLm3NByO3RXPYF2MhUuiiuDAoVNWvlL0mnBVrAdNIjfK0nmpaNdWxB9XCffJUxCLJu/m4IGKf5FN+RX0=
+V9vMi24W1qD8B4QHeSRPxX/Z7l5AyiWMr19awdA9VGqwOgFA7kGKXwS4TR1Wf06f+4A27lHACI6zsPEQ/dZ9VAZbOQaGU5ga3yW8pVuzYQ=
+V9vMi24W1qD8B4QHeSRPydd8gXb+o1ygEXSxL/0DNDUTt+xqkm7gyZD5DySCFiUFf5/lRiLFrjPvT4/1e2XxtIoh2LWhQ0JcKt3PYzqgav5iqUmAXCLxC7VVYFPY9u0
+V9vMi24W1qD8B4QHeSRPxiEAPfTdH2XhHGNez5/Md8J4xTRvEkqWTFMzJFvOkPozCmOEujWwbtpXzIxt+YEOoijE1AdhFQ1t/LdJIWYur+uQO3KZEFOTwjB4zNFU02X
+V9vMi24W1qD8B4QHeSRP351uyJ13M9Avm1wTPIny70O74wYxInPFRGnIqh4K27NgRX+T9GtAjfR2otANkXjUbqNKak8HGAI6ZFirUDIEDBMW8/H6g4ErdpltfGO//tIVtwJlsvQ0pqlismIhaSPxf20lvcoYQbQjwjxwMD+HyDKxYQOLqdbQcE0cd3fJPJ+Pw/l/VsHdaXBxkEJPzrsiQz3ZAtbe2FQeedZctzRNxMEZnDs3/ETMZo6TDE7tppd
+V9vMi24W1qD8B4QHeSRP4snOpoqurwQuiZsbplmP931h9Gu+hzFP7oEGJ9UhOeXIzehydXs53QlvK4oUJ+Djwdp2VeLjyWXR6ri7bmsbVK48CJ/4bTMJM9n7V3JM0TyhBlls49fBcK1oviMuZgAUA==
+V9vMi24W1qD8B4QHeSRP/NRi84vphWYoDlkDCu9uSI6qsph2s41YWZ4xfNaZ1V0VjNdx1jCLbjVVX/A54frUe/GBguw0FKIcxIc06Yvp25FLQzlXGt4p4+i1cuP+X1n
+V9vMi24W1qD8B4QHeSRP79p/MMU7kA+LkQZwefx8YsMTqzz0ePBq4rNl7Cnk6pJX4wsX797PnahMdxTxq7Ocuuxu/8d3JE+9B2e4+Tv/4nHcrS61OB3QWKHncvKdMFePo6RDKEq+JUq6me7PlfRcmuptsSH4QqS9LzAU+rCIuvSTXqEq+aToadrkNxKC3WQ
+V9vMi24W1qD8B4QHeSRP1tuop8eUmtRhhEVGRy+fJp71BnqQ7GWSlhPn7XKeddtL1S9ou1ioqaLDXlmRaVgvwwyfLO7JPUt7QMZ1T/n5s3HVAVIUswOYVJq1DSnffq6HHuQwbfee3gBJDmQDw5zEw==
+V9vMi24W1qD8B4QHeSRP9ZLHH3vpScFcW6fHZnkN2/q0P/Z64+hYwDgC7les2BOSNCUGEgNaIdWTqAomWi9KY/6fHB0TTqi5PYbN+UrgOQ1qDurPkgDwZf/ICbueu9IGV4ZuTx1GZHjdbisJmaZJUFO6BzWIvhrUEEBgPl1Y86jWdxnwTcD+u7QH906yEKc4zZnJ04Wwj80Ez264bAbp/ItiHWR9I1Os1tNmXa08R6VXHLkyrxdWqbjOBDKdanH+4Fb4xavKXgjR9B/by5I+JNQlkEEu3ILv6HNozQ7I9omtpNPRNcJawQX9YoXTKjzvRFuu5NX0rJKiizjtDdKGMaSVuKpi8gDJy9tMUC7Vqf9KhRdWI15xognw2YKxILr9KxUAuOuZ76I4tuRP820mDmrTsIENhzuVeydTaTfibN5z7gJFHCBJXNxbA68AenSkaXT8g9AO4nGwM3/AziohQ==
+V9vMi24W1qD8B4QHeSRP7XgQO1YzvMNCYaZ68RLf0Wxbz+GMmmpKmJET4ucvcPEUcbavm9jVr9Yl4QLVaGIZIOPpjTMARkPlsoD6e+ZMStGeBCzGYxjmpmsKMKKbaNkAgT1KoK8Vkkzc7W40p4l+RU8QAtjmBn+SyNyBeu5YsrLx4ppF9HNMyioQ08I8HKo711B5SeJNHcZRSCK3XQL9hqN+NcU6HfiweJ+hWJ+3FSETVgr+f7wNNv2rtb/hu6X2cnSoqapuJypc+2VML28jKLqapnxBYs9Dsvbeqtm4Ojex+cTQ7+ahgBPBTk9SbDvitG+YVZqLwvgsNGueFDNLXUUXmW8MgBEWu/evxBfYF1ovNOdyR5F7bgZDr2mfm37G3jqDfYVDuU5fXf3lrpxiA==
+V9vMi24W1qD8B4QHeSRP94LiI/Mgwo5tGghpQNT375fAreGlbbjcVWAAWcRfkDBqYoZqg/x1xy+n1LwRADMgWTOK2QzVXk6O+L6X5dQCqEowhY24Ttb9o+dVwqCeZqhOjyWhgYlV7tWRoBQnN3oaA==
+V9vMi24W1qD8B4QHeSRP5ed5xHPw+EhGyqfJ35daWcfs91XgyHTg98GnNpI9mLisyWbo9YSkWpn0P5nOrdyEv7z7UF7gRRA/STLgB8NIi4isggRme9ON+qwWiC6Fpl5wT5C/OWIMTWT+bmIiGzGDg==
+V9vMi24W1qD8B4QHeSRPxzEDSAIdmRjwUco5GVlnyw2htWsx/PNAMgZ0JbxG9kk0PnFFwjo5BuFPXeaPkRpfUjBrzroK3ymwbbUz5MrgKXTioAaA3VJtsa3Joh3jVjDfyPyopJoWk9VHTkxQ33ePQ==
+V9vMi24W1qD8B4QHeSRP9KaknBpQcTkUKXtC9LwuoIjBN55gY9DdqEHYyOa2YQviib4rZ5XqtFSxg/8hWg0Zltxf9lUCfgSRtWHCT7F8L56bjhj0w7+JhzPkXTt7K0z
+V9vMi24W1qD8B4QHeSRP1tDQ6+EDfhKagCNUnawPwrsnnw2mGyYqoBGVvUAkbCQg1SG8YD/d1NmZF/Rotr44zx8qGsRZEahX2cPt+TBHWnQaehJS+Nt3HWZE+jGfpJCWvseDjl4qxCjGwFvACbRlh0RVJCoTL6gV1ocYDiX+rA=
+V9vMi24W1qD8B4QHeSRP2NbOhL/tdLqEQA8Ek1XfjBUaHkXmY2Lo/O20fE9r1jPeCIpdOfdeF0H+sbKG2VTgBIuFtD9K/k8ZRlonRYHOr8=
+V9vMi24W1qD8B4QHeSRP6j2SVLpWXkfWyvOO3gU75uUdRnLPuQu+/1wAN5eLDOE2ilLnKLtxN9nDYfcwxMKDA==
+V9vMi24W1qD8B4QHeSRP05XUhPn/++mYsYbHysj2crwVgzw5XV1wa17djI40D3qp5tyIGbxhJMbjM/2KWC7VU6Om2IUBLdvJ/iDSpbAutc=
+V9vMi24W1qD8B4QHeSRP/R0HCRK2djDPibuIrWlcNHPYXdmpJFvJH62AzIj9eX1k8lLz8OWn4r42LaJCjE1wQSggvO/aC1pKjbxAchyIMc=
+V9vMi24W1qD8B4QHeSRP3/BjEKjiCW0QGsvVAOmTvDBsbpMuriw9sJSyf87IQ3wo8TixtNvia3x1VnMJaG8Qnyk+elaXnZX4apO9We6xjMO4PI+X3zBcM/d+H2H00Qb
+V9vMi24W1qD8B4QHeSRPzsuYSGlgRoAGa4lFJ9xrhTJkR6WTFdXn3p4BzSWFbjYxeh2gcj7i8wvMwheC4eSSQ==
+V9vMi24W1qD8B4QHeSRP2+KE3L+JZZOsjR1JHK/AkR5t8mODaixAypbNF82tIH3e6FuUTji/XB9gn80fdMInmbPzPOl3vYYDt0rRPd42dU=
XmY27HTSgIRbNvCZ3s4duXejEoK3IuBVA7RIscAzRfcns+sTEuryyRefi1fJjW7JfspuUhZAxn43ZIZqsxmWAxHJ87p1WZgkJ5lhFpgWP9Fw+atA8OMleGr5EUaVgbQn0o/aZpGVEuSiFg3J3/RzJNBm89QbZNPpmxiYkCh1XPVbJHueiW8cvqkOoL6J931IYV9MJYlPGvab2IkSIRn3d1CQyeYAQCtvgg/gi3rd9B60PD1ufcK8w65srNb8igfLi2jg2Koit4FRsl4LYTaQZzSp0c68Kh+4k73U8xw6l+iBbpuK1ArJn7thza0EhV8L
UranWYCYJ2gY6popVMYVh6J7SF7c4hgaCz1Yz3ZFuTKtwlxcA5kS+8HlUTlWnFtQ+j7EuAGsLLQXVv4tR5ar6nzGepA4oe6s/dWZJqTtmuz/wRKqLlriPsjZxd5wtpbQ3NpM08H7ymlSulktMCkTNpoQsITQME+6brS6frbEMRWh39LklGv5Tb1rlnInDs4KNbIHRpZm8fWAn32gOQaCUjV5Pcja0+DN/8WLglpSnWVk/AlG4H45Hv1ejnOP8oVbfuvxPef4jggvqMxdaZwUaO6TOc/zcPM3mmMr6JZ7C/jpxXd50e5wR7WqJbxiHY/4
UranWYCYJ2gY6popVMYVh/4mPVXnR91IRL1zNiOHM4q6mlFlryFwiWnv+ummpn0AVzeM5PKYcQBqFuo9B/t+wMMuEzGvA6uCVl9vBSa3XUs=
0ms3Cf8xab0QY+ecaCIyiiXABLcu/exuyYxjymtKfEiFk9FTQoVcu0k0nt5wU0lS9VELx4k13on1hQRX8kd1tggcmNeYzPIbNcebRRUDuXc=
0ms3Cf8xab0QY+ecaCIyitl1D2FLsErHtHFIAdApEw210wkoFNorYt9m0rk9Cp7i4mEuqB1tS/JtnUXQPQUmwWD4hDu5WreglJmgDqzlhXw=
0ms3Cf8xab0QY+ecaCIyikguqtj1/p40n+3XDswZ7Ak3m8LtTTiJNQolgoGFAGhr5zy7iR+rYNtX6BPtyKM5zEw5/3CUVxVOlpVUB97cbdU=
0ms3Cf8xab0QY+ecaCIyiuqUmwE8wrypFfKzTNuBv3iJYnN2p8mEb57eIOMtrtJmFJFw8PHJDqGKCUlpy0hptLJWNM2vv5h6Uex5w5wS0i4=
0ms3Cf8xab0QY+ecaCIyijn2vs+pRUmyVuUz4uX15iFk/GuN7G3TkxCNMD1W2GpDB3bnGZ6Eh/pkilX+gzZMGnossWS9ik30brKRMf05ayv6n49/qcPKcDpDL03HSolqk67o+VxeKsl+2bit5s26BA==
0ms3Cf8xab0QY+ecaCIyinp7TLt9lTVHtQZkrTQT9fsU0OuqIE73VsXGF3XAmfG02CNmz6FK2B7C3qzJtcxIs6HEKpBbCIXDgMXDFw0GtqGEoeCgGqREQgns42NozmAzhEVYC96QP9vkhGsD5oF1ww==
0ms3Cf8xab0QY+ecaCIyinY+7UuumkbHqB8CODPuAVVNTxGIfYFmRPRiHR8mHlXzdhVm2dPBBuD7nYJQFKcIO6KVqNlZhqFLup0rslW901Gajzu6Kdj3eSf1DwkAeLhdX6e6GsOBljC9xyE7MtoSyg==
0ms3Cf8xab0QY+ecaCIyipk50JXA5jA1xXeeZMUP7Ao9mhZdNRMpPEC4tw0Nw6xFQSXU3uKFIr8Er3NJIFmlmnQbXua6s5RMAB6an/+7Hsp+MpvRGw5XSs8s00RzJE8FCw3ADlvjEab+LOIGXMaUqQ==
0ms3Cf8xab0QY+ecaCIyig+wmYKehJiFkJVTthM5gpmHsXSPEvWTs6xOvyxnDhqZCkM/KU/i2W4C19likCTA6g==
0ms3Cf8xab0QY+ecaCIyir2sd9kILJLXqkPSi/sJ7m/UjvYloTtI1ZcE98J+oy4kc5IoNyh8CRrs5MB9tPTxWwAsso+wsR7o2DJao3Uii+w=
0ms3Cf8xab0QY+ecaCIyikIO7G8N3P86GrH5C+rNEWzycs4jrADptQmDeEoF20zGTN/Z6Tcq4XBtvKdoRzb5D2GpSumIfHMWYDKVD7NKzM8=
0ms3Cf8xab0QY+ecaCIyil1tzNgm/mJJkB0Ha975r21cR4XN0PPsTCBSIzjQD6HnSZKdmzqI9uRGKH+iX6NTqzWUMF3g7YXgx4pyAuGFEeo=
0ms3Cf8xab0QY+ecaCIyiiKnRal4AqPjnX1HxvYne30SlCVpZsnnc1qyWNKIrI0OUYQLBr8eJifKJyRmnqlBSVca1WGrSYqrtl7CUXDJT4HdLbS3GibNgJYOqY8ALswD
0ms3Cf8xab0QY+ecaCIyirXq+3dRBmz0EY5f6a10NfpU7zbxL5JwEmaByEGoLnL01BGCW0tUigbT8HHeeLmhLmoPvVDaDbCcOR7yeUqgAlOYTTAt7GAc1mAARHJMkgLP
UranWYCYJ2gY6popVMYVh0mzcE+ybOyfmKd5YIHvCCuw6Kg8loKdE1uCc8bdzsIszTLYFeg8xGsfR1TF1XOLgXeIlF62o7QpMEtWKQ3XA987Q2w51juONMYk82jXK52L8ps6Y0BbavA6sEl8sMADWm+T2AKu3hobB+NvIdPD4lqE39taJMmgDujZiNeaPS16d+nGql5Wj6i+i06KLfFZjdjJDRIRXpOfbpLyCEZu/d6QuNTrqdwHkpNLRSpxFXg1ACtmHSK2Lr4wQDRqPNTfJ927ciRpM2wY/VxQCLUBGtYoV50jpg2OvIcl3X+Bi0VO
