GmcONIA9PFzHw1gpPLLPoqev3ytAH5KO3S/CJpMsylg=
35kyjVfwBJgytCi6KM5Vug==
FNt9orFfFSbPIXNSbXcP2Q==
gE2g7VQeqq0h5MkG44fPUw==
A4ZCFW7RnVRfEnbtNxUDb8VFIQmzxcIFLuiIjRY2q84=
cwgQW1UgxyVfBeSrdwXHsPE1eoSAri+NViVSjTYe4hg=
pYn3RyiaY4vz2unSybTHuw==
mAzeFbkWBGyzJRgEWJSZYQNn44wFaguEUnqkvHVinQw=
NiGef/LGs6v8Em6sqLz1GYGKB0111uCW/TAqgkiW0+w=
2lfNnhNY+w/3xMaMUxJbE0YFT/wvMlSDz8Vrd5FEs18=
inJastt/EIor808I/aXMrvP/QbA4dfzriiiunleWJXgVfQmT5LP+xtnBfXMtJsAQXSUfhB7fuLkmbBFvLt2quILvQTqbrOi/BkmUoGZF+SzjpMcBCEpbcnHm2iLI2rL1A7lwEb7a2friNjnvk8DuTgrUYXQfzVG2pPv/4sM3YN7mXMEcNc/zL0R1TIfIasoq
inJastt/EIor808I/aXMroGlrfhiaUHBXeXF7aLAIwf3FFkaTbznLa/Z3XseIweJV/DsD0rurqEUnRrvEateN0dJ22p8rNmTzOOEXNWcy90ea5slu9b/n8u6Q7+1wNXdvgbO2GkdcGs7nwaXZeLTwQ4+PXIDlBKCjpwxFJ0FYBYKVhsF0dsgma2ZPnVWSJSJ
inJastt/EIor808I/aXMrvESXV2M1v2y7HJkqGzh2B+uPwCwDjNZ/ibhTPLHStaA3l8ePEoThmFHUJjX9yHPzOaMfn+XrMwtY8kO+zSvU/RByR09nc/t+6UQ8RI1ywyFHvauBx2seJH6JpfkHX/02QRKCsUWzGWQe52r7WgZLFCCWi9wE/3/agWgFAz6m6Kc
inJastt/EIor808I/aXMrgcsVhuC3EjXq7eEN9SJynrj2NKQrZNIMSjMjNCDhsH9GN3vQ1t2fx9sOFAiVByOZzlubCRwGzmMqKx5+BSazajhYtnJITYZ+RF0rhoh2qiTAI5J4/+eYFD/u6eYi1IJOFXXIzOgy/TcQATzQk4lXGJGXlp5DwEnw/osH5JZaw+3
inJastt/EIor808I/aXMrkr2dXHTE+8NpC6BNwztPsict1Q1NiEsMuo0iJ/WBSxDYPGY7LPpLtu20IRwYlCLtRwtstGCobTPmTVmvxXtqPzitVvZIKWUaoGAuvaqq8qzMrZjad4LC+d7jK6hpFD4z7CqZ4BxzaFdqQa5lXZU1zlePqyDch2YrB4lSTWgn1bA
inJastt/EIor808I/aXMrvSlLx6vqNSTuXsMtd0vXdG6hYIR7TQgQs2jrbIOUlRDmEliLLk7aK+7cMWzeBpRfMlXIfzx9cBhPOzAM6IBbXo9lgaHG5qGACDXjxVvVHUrnAyYQ+6A93tYcYERPK4Q4mkfrN7MFG842AMnV972ic+k3suJ7smMtor/SxM2DTXL
inJastt/EIor808I/aXMrkcK5S2fK2qxUAvGG/Q5mPA2IDGOQAptNbOq+J7A1F8HKnntQorombOQFaHeY4hLPXnztsWQoxwPqjPTLlAUJSUxvfGXtLsdwg0fA6QpW8Y9cU88P62HmQvCq9FeDFIcy1IPoV4k+krYmY5Kwc8zzLkXCkiFNTb5DOyAt9VDpUbC
inJastt/EIor808I/aXMrtsEvJYs16a/jelWR3kCmbESduFfdbA45pZqhRtJ8kqZc5lNGoCqHY85E79b6dvOWSLT3HuUBbXbdB9YafQqgFi3o6UQLoIzSj5iOFTriHkLaHHzxiMlZ/QIhjzdL2ssPcbQWEHk06bz2S6vHWyPsYdIJth9jDLVYMBOwk8jsCGH
inJastt/EIor808I/aXMrtMw6g4l73H5S0BsCfTc4sXYYNaVsspryQkBRV1E4Bz7S6qctUUmeWtu6Ya7O1R7EEQItgT4Vx2xu4YV+Uw1yA1O9IODZFcWd9sRb9F8twXfNCpvuEAyFJV0UikcJT79sTFvwv2B7mImBfXbIZTvWLfv5eu0R0DZk7tRMFI7UdZG
inJastt/EIor808I/aXMrm8R1DcKWriVRFBzxa6bz0etx4zPctMT29f4YMbBaDhJNmOlB5hF5OFsFz0ScGNEGdQb/CIFdR53FwRDSmFKk7g9Z+eoMX3RdSQH2NFPsdz3NH7/NBfaBDxmoFGsqq4aMcE/fw3ia29Qi1M+Z0fOaRZIcUPWzrcYrNcEYUZuFo0A
inJastt/EIor808I/aXMrhWwML+M7Ohf7j01e8UXEVdj1H8AO+4sFqnybB6dN4x6zkCQH2iqPKl4t6tHjHzJiZBeSCNVtpFI1ITEq7glsDiwpKDyTr5Lx164/BBokMbpFtg9O2y+SLb0bPVaAgmSJw31AqmDOcG8GSFkOqTRzoa0/kumvl3grUAmvxA9DnpP
inJastt/EIor808I/aXMrvAyvb5u/SgQHaV3pYV2+VmjJcYCu4IUptr2R5is2OMwwEBpPqUZ+mwFvfCU47+AgMRw1V3MCfvSozckRxwlIr/OVs4eMHMD6b3tO+9RPA+twlytPyc7mSkTD3u5lDgO0AIN3ZJGbnc9MW5EE6c9MOxoHoktK4BaYHtaHF4wI6d9
inJastt/EIor808I/aXMrr48Z5XZ8dV+PQHFkGygKXF5NUflZMXdkMX/lXor98t8XX7AsX+kYaUzckFGYX1QWiK+ri2A3ONVxebkI8Ig785cUGDDoM7p7Ror2xfJQwS4WSeWZeYMo/Pca7FI7E4uRh0V2WfM8lEiM/3t54Ktl7Rw5tzHUkdTLWRo5eWm4ES3
inJastt/EIor808I/aXMrkgtoKaNkr5BUj7YHAqmQ+K5gvGzZ36E05rdsPKo36FvTZPKqYIxIeB3MhKb/GGrYwWmXBvXR7rYXALmCuGtEtfTPlptaU+QBcOQHAmgMXV81eba+Uuo/s3mwaBMmcWKMjz3//DzBIjRzXpzLQBz3tIHB+OvYWhTjOy2oMu6Ch2M
inJastt/EIor808I/aXMrlh0U/owKz9iQ3Q5Hm5gbHToFHJCBYQ6fqD++21Tx6qEvART1Bg2mC8aOwcBf2gzlW9x4wUXPUYPnJKdjqIXpalk60rJYhYrWkD/VxQgVg/lxFplyLcSwbDq6ZNRs12JUdBU+7JIAGZWVY1d4vRyDJlMpAEn+2VVef5MRrZZ4Pkz
inJastt/EIor808I/aXMrqZn7MpyvxBa0uwFhuCJLXo9AeA+wXUb/FCdO1B91SsgXc04gqUnIPz7LBolccjJB/ToWhLUgfTQlowVIcrfUUXHuWtBdXH6j8o8yuWBKX8gW8B6qQOjYFuZrRn24aKSf8PFL1s+JalCfECRdPvvfETY4YNxeP3rlU8n2pLMZ53G
inJastt/EIor808I/aXMrgC20xfFvU97bqBLhEPfW/V/jAf2BR0DJ3swb/P9lVaVZ+C050/LfmPsDj5TZhCiqPEm6xHpgM2NFlXhauWmFye4cu+oZbIwUNgvBA8pkD+eEX83jqVyVS6lkfryXlScdiC/42SO2EL9Y0mLsTbrHhAbuXvbcH9OI9XKw9iPkZBf
inJastt/EIor808I/aXMroDpSNZbjLKIkOzW5sQkjSbp2dpQewj5CnYB1iCjrsJIr/VUEY/zuVCE3fbMPwcGaYM/51ugb3edfSzo20e6Fi4YPgVvmOoU3FuNE/Yunl5Nhr7ctafsFYaZ1Ghaut7CVcRCzbFjGBadJkS8KPEbVMZ7NYqgt6V2gasjZMhp0ueb
inJastt/EIor808I/aXMrjjySU8qCgjrNL+QibagWhkvxSDD0hPYib9vQcrmdDRZzKzmMBdWIBSRKHftwHV/3OQZOOy4bzL0UbqBp8cpdGFlBFckOwib69f2RCzeF7+VFdSb+h1pnrJL7cl+UVKUUjC08BqYxrUQLMsA5q2Yw0oPn2dhp8wW7qUu2DhhSCIS
inJastt/EIor808I/aXMrpHKtx5wVNp5aEkOdNWJnlcZwaWJw9IkcQv/KA2qenwHdG+yY368uteWmLzRREdvJXDx+Lpu0/Vkfp82MSSS8R4MkcAV7h3UVIMzjziwqyx7c3phEDlPFT+fpwHkoS+Z3dawMcXp9TvkhH/Zmtdl5SloevkxcMraeePxgWM5ruY8
inJastt/EIor808I/aXMrt1J2yX2csmFk6+zLpEJAu3ARDerg/qvDOX+ns/Z+qLNnJOo1u85NuNTR8RQ7G2RQLuhumt0ncXTt9J7SdCzlGhGndOJO6WIGp6qNdoI/tY3jkjR55sYDrLI89JQLKB9MsW5rd1vN2QUTEAIo2N9+d9r66OqBm8/Y9y0vq4sE+GQ
inJastt/EIor808I/aXMrr+Qt9t7xqx7v048vDtK4RS729LERBe4RAV/NzfvOpXBykAjD7ED7XslpolbQFkNY4x/JrHopZpMZUK8YaakmhZzrqlacif4pn6NPuBzZlbeWYI7C7HUjFu5I0LPZyHD81o610VDroxAYDVk//BPEh4U18UjyVS4/SSGc47Ta5WC
inJastt/EIor808I/aXMrhmFy6RIIeQHNBOG9nzav+riSdYbJVpGV2wGXqOp+8wsIQyNAIKpfcIJ3AEiZFlM6nK5rXjDP/d/WpAGkTcpx00zKQPYft8SgqPC92MGwn4+toYBvj7ZhofXTjQFgqrRZyecZBoYcusxIA7eFkl8MrT6MwBNxdTa4Z5XC8UeI+dW
inJastt/EIor808I/aXMruRrfEEgZP+5Yn7Z+mIxupFWiCqwo5uzmItvHAhooGnyR3O67nx1G6viDGO7ttAk+XPuE5z9k8l/SanEYPXZ/rduaFnRV5V1KMGwdo2iXPPOx+7Aisi9au2uHP+KVMLaeTPyO3PHY7tazhC9/JWDvDKohzXwIF7vkMMvhNhTYWlS
inJastt/EIor808I/aXMriAYLjhMRxQTVtj54VOcruYg4c06glaQETS/ALGqc3KyY58/ovTvG/wNgFVDLntYdd3xEIm0HfhzQB1fYxmLAlzkWGqdeaQnw/IFi2RMF21z2/f1Jw6OFn4PHlL3msNea21We5vC+G+tJNguzL+XjQYq3+n7gMq0oprvQr0GzKIx
inJastt/EIor808I/aXMrhpAMZfzlBXwVFYiuZQ+3NTw5rDmPB77OF1Z4edHiKyti+RDVZHCqtLOvfGQl7bDcqIcvyV2TraJUFnPRXwYVfZbaNnoIc7jl3v33+4vKsjZez26QSvsp+fBkyXOMgJ8sfIncUvjAh37aKBQdptaMgvkqyinWfuU7huhWImOnG6M
inJastt/EIor808I/aXMrrPb5TVNuCf9z508UfZ7m8AozH7kn/m6fakz414bDl2USNswlX6uftqGgCk6UExO4tP09j0kr8XA5FXbKihwG91FCGR4mER45gUI5dfJPELKLcIIfI57Xw3a2eEuwnRGR2pWG2kOUhLsq5LV+VaLx2JpCHYoT3x35f83sl5bwWkO
inJastt/EIor808I/aXMrnfbkebJTdINrY9/BdAkomEr+LAvRpNO1HmAw+WIfvUFPcJOZn8PGGxg7RekAbLJZdlGZhVYO6URlABBMgZKPT3ngMCS/hDmYWz7/9FFNUJ6YqlveYOr7aEUajkWRkkABc4DGK9gePhLUxtspYlRNxg2KY0fSGgC1PnM8lOyiEC3
inJastt/EIor808I/aXMrojBzT5O8lImcf9OZxtUmjqRsDZDHdHSF+xZZPdzalst1ugilbhaap+3izEAXpPV/yTkiJ84g8j9w1a+1B8pnwaoE6TdkklFRe4jj/8iXIlHVndapQtSeZuDMum2xcZ2l4eF1FNQWZxM9B0b4g2CC7LJwUjz4FzFGJXKN/V2PmYq
inJastt/EIor808I/aXMrnJfLreNVv3S7DZ+eEBWvXxCjjfPdrdNHOqsEs/NlymWDdIFK7CS+/x2Q4Blbn2cNdtL54HsHjYOxm+Zuori205CUZ5iVq162WxHSFMMQZsXRcNJd7U+k2G5Jj4+EO/KwMUy6bXNsSEnSKkJLo1JQX9j8MTVidAFq+nte1vPMq4p
inJastt/EIor808I/aXMrtol8GBg43lk+uijlWxI0px0VNc1dUoQSpiNIK5/oeSmOp34BzBzeW2JT1PgHsntfMHSuFGMwRniN0cxlPQUVu6I1/1RIHgym8XZiSGyMKBsaDxwlVTEjQ55y7ZqRoCdNI/OcVcMx5tawRTLqPJHht/DZNSXIV4Gq8BMecVCvkIx
inJastt/EIor808I/aXMrnMEaRf/HB93rwLs2E+KYLZmDvsMMZlBPCTq3+41q/kZ6KBj+x328ErOgPNAhZKrUri9RqNjgAQ9jRv8lPwxVKVur72FWggtLlP+MiQsvvNgshM+TQVjAignTT7q7gDe+vB+AoJCXrksj/Ud5hzZEq5ytkJMqUuSYOgzOREgcWqN
inJastt/EIor808I/aXMrnnD3tkFdmBZtkihVF2XOBWEvdVoC1VN3aU4NGRNrNYDv+mpGtOiUlztDivvGWFJuysNIHKnaPbesz1y+uf1TM/Uk1ehuCna5SrX4pLoYALYblUIpCKZDuz/uoeWmEjVJpn6ECb/kb0Qvp1gn8gsaTyCQKJoadS+TYzqaY9orTyv
inJastt/EIor808I/aXMrvv/JWkByT5kOy0RnreRbSki1F9u6EJHXpJe7ixEnEtwl6+MeHp6N9GcpmYN2ePEJ0dSBM9GeQODewSPR0Kn2BKnR1jErdZKfSumjT0wJcILX9b1XZlj+qzMxX9MOG4uViapcQ+z3336caVOR+7Y23l83jUZA2MWFkqEyF3vpno0
inJastt/EIor808I/aXMrm3ivg/sPHamsEvAuxKBX6asF98syQmkYDZ+u3Q/wYZ5oru9tG4IwzpdWEHec4dWmudjWWpjzOm7erws2twcj6NZijSDI6C2gMwA5SJVP3w5vmskweqVnJjtzREWEabjOLqCvZQrDCD3OqeTCmrcXjANy0XEXmWh6GPjcNgH+d1X
inJastt/EIor808I/aXMrvxpZ+R7qS5HKefl/GTGj4/EgtpawNhMe4YEVIjwK/Ok0g6fzkDdP55+yJQUWGD2p9ofS6i3fzz8sanruQ/RT+zUhIqSkZc1r0Ulo3LrXZUeTyo5Yn8rOzwnUTIQUcwA00OsIYs+5xPs/U7OWhy5s8xvmCEMA+N70w3f/5nol8L7
inJastt/EIor808I/aXMruuZydxx2wYNyqPGRxxokUvqoNRj3yxIrSNHVsPnGi+XZDYgkT2a9i9XxKfoo1D1mvuMP79VizhB9441T11qCb1CqHqcW3ypDgJvrmnb1OMPEg35W7PniDAe6YICunefX+DaU9p3R4NR9GkUH2UrZab6JtzSDyOMZUDsbK0xir7y
inJastt/EIor808I/aXMrv5ykQQowj4jwMrsv9puv/AxsQXZrXnBp2qloyHFKuo/F2/EYPLbKnUrdXTC9W9o8QciQHw3dWhH9Hf7ZCSjtaMa6bE+1zRxCRunS4mBlNScj9P8Ta0Q3oTXRROF61xIQDP07YJNocRHuffJf6z655fit7lbW9KlNuCiQ8kvubhl
inJastt/EIor808I/aXMrlrSogVsRRofHemJuKT6+++N2cbAeKATysJHeUsFnEXv5+l8nvebOZW4EK/q5/AHPcIuIz4jsoa8RdfSSiiU9TlQCFbkO4ySrZ6ioiJcEFbadEkvlUtZMbmF4m+leXq4Mifpv9yCVSySjw1vvVPxeQezhiXwLMTaW7CwVPCfhvOt
inJastt/EIor808I/aXMrqLEvg/Dndu6/9N6TOT23QLYw9bAxmZOYVJcNSpmPm7SYcOFjEBPxKMd2iQ6cHccH8iQVV0Wdmxy7CewhbpxHO3tM6jfhLvgOF1d/0UJj3ur6zkjHwJrpBlNM6k+IbUgOTWjRYpy7HWbMpM2Z9+ZcrG8SyObhO0vhJlJ+8VIX62U
inJastt/EIor808I/aXMrogDtTfya99bOTslaMMQLyZGku9hQTRFLQwVGfSCpyBJ0ARPo4B+u6TIt4yIkvQEaJHZ/sCUvhmLXV4DKlmfGCASPpNoesCpUgHubJ/VdZzwqR+F6jKSOaJ/pFSXpteDIMY+3Gut2BRtu4KxKze9igV8j5tNTMGcyUdcCQFPn53k
inJastt/EIor808I/aXMrtY9ICDuH0LOe1d6X+T/8qYZvQ1JDY8yw5cyMJN2jtisdG7w7e+q4M4WAVldVlNU2fETlH30m+qq97cLm1H12Ln7WcLMhadQTLed0i/GzLwjlBNNRbJPuxmY1HL+Z95qm04j6/VHI0XZVKyZplMOIV8ofz7hsi60x2w+NFKxxGwc
inJastt/EIor808I/aXMrqlhKWHQfzoAlIIM/OFRjEY6CU4RG6HdZrbi6oPzMNWEhkRQoxf3fz2k1YQHGXGxiU/G38NbjaLTgrxDt4ZTtO4o2Ab0LAIiCBSBJKhW9hTxRsiik/OgW2kIad+8Y59HUGF3q0eezWPTmbkXRPLRLFTQg9cdkexqfO1cPz/0ViwX
inJastt/EIor808I/aXMrgtsh5bbu4/RJKNMrLvLXDeVDCz3ujCLqD9MjxxFoO+zwki4wtuDWTjciAGLrM4Oaj1uSVKvduoX564+AFQQRK/Zrv6uX8I0+JBY7L31QW79wUd7ezdlBd3wtAtnFnt2GQDsucRVm3Wxr6WPVbrvrg3yd1E04T1IZ6RJFKNvmqkk
