GmcONIA9PFzHw1gpPLLPoqev3ytAH5KO3S/CJpMsylg=
35kyjVfwBJgytCi6KM5Vug==
FNt9orFfFSbPIXNSbXcP2Q==
gE2g7VQeqq0h5MkG44fPUw==
ExPkcbYFeYs2lHSAMsaJBjIbQm7FWZ8YCSkKK1z2aPs=
cwgQW1UgxyVfBeSrdwXHsPE1eoSAri+NViVSjTYe4hg=
pYn3RyiaY4vz2unSybTHuw==
mAzeFbkWBGyzJRgEWJSZYQNn44wFaguEUnqkvHVinQw=
NiGef/LGs6v8Em6sqLz1GYGKB0111uCW/TAqgkiW0+w=
2lfNnhNY+w/3xMaMUxJbE0YFT/wvMlSDz8Vrd5FEs18=
inJastt/EIor808I/aXMrrTwaYC4p8R3Ariv3saBx3geE6uVCiID6dDcZgDc0r9VY+WDrFj6m93L/cSXerJ+84wWjKzucPx//VQgJrKo3YYPm1vhYDzs2ovPY7u0rlBmMDbypaJt0+FgMw+OEYo88pgWKWD5kLd/N5BMvByMjrffZQXb1CbU2Nw1Yu/P+V6O
inJastt/EIor808I/aXMrqF6gf7148Zgs7mB4us1yWEDPC8Ks0exf+J5d5VjjiBLJu+wOR3+KzIqJgTncSQKYWTUch9PVo/rCkP/GpmeYZYZ7PZPR8Fn/5XivbJKny9hbJIwje+GCaga5JepYxUoK7V/i+FRaUG1Km9n6j6hPTx/xy4YYETGCys17NSulqc2
inJastt/EIor808I/aXMruqCltIih8vfznjIPsYf+yE4rMSzWlxaKTluStN+W41A+KvC8Pc5X9i8NZr/kAmP3HNDI0V4ujVIHDllUI34NzqYwL13GniypWI90cuFTuTEAfmJoKl4oDCsn1DaZIF+9eYwx0sJscWqOs9KhbcvtdXtJk+8BnI0r5WJoXCwXfQm
inJastt/EIor808I/aXMrhsQ+J4pKKZHB4jNae6le5CPvKp4O4iDzdH2AJxgWcqQBxH42Qky0VOsPqDJS+dE7zJdeSH3vEGJEok6BvWBbdNKcB9MvR/8+sEfjzSUG4EIAlumWWD8vgrUbuUf6mJt+6HVCQlyXs5V2oAgnXnRwafWctjRKCHn5PoHyO6HH9pm
inJastt/EIor808I/aXMruFgv/FOhsOAhqve/ZeWs9ii1iJ5hDp+FxV0G4oxRlM3aQGb8AekPwvH3NpSdy9WNTvMnS1NGqIWwoFb0OsH9WpCWNtrnlbMSIbhs0GKYeZn8EtF3hRh1Hj6lVOc3q8HEaZmDkILJSPPTHeq2ElQIMEI4HXcLwyfNmmvEVjNmJzu
inJastt/EIor808I/aXMrgGlSvV9ljkyQQ6H9KM/3aSRajKic3kEYrWMn9++HXh5LOB6CduTKpAm/J1ZtySCCSNk9gnw/drpjLscp+Wtxcv51cbqlfVo27BxIofORLvzKjadoSsFEwP3u++Pg/NwdSOqy4YNJpe06X9edc5IR2JlIjUxxltuppmkypX7al4g
inJastt/EIor808I/aXMrhbOZWNOjV4PWkqcVON79etRh94PvWqcBM/YzoStP9kRj/sU++ULKyv4mdB/QBj1S5UYcfhSTpV7Ac2z7qe/tiT8GhNUfHxDV6DQOj4vweVT7QYjMla+TO6wKX+T+gIo/sSImPg5HvDJZp12EZ22Kcu50qfkFmfJ6n32+C4ZHGe4
inJastt/EIor808I/aXMrg6KlxJjp9HP4/hqJACBZM34dvs6qDtRNYx7w7D545UXtePnMbA6TWkgc36Wrcljx5Klvnx5Qcp/MJQJuTtlyPufxhJx4O8LTkWA/gr9OR5yu/U6FoP4u8I96g7i2KiyS0mgYSuZymd20hxmUqf2TQ35KeM7Fkgs/KFJLITCbaTr
inJastt/EIor808I/aXMrpEyMIvLR8Vnh6bw7w+AjH2DxH269Xn/RrtyZ2HtxYqPuKK+KAfO6N+1V96vANRYD0/645RZqvV5PSxtzuKK4zemX1KfVPk2wl+Zo/S52ekuSRoAbRhA+JP/w6G5ziboW5fTO5qDLhWCS2cqZsKIYvDfIgkYMP8Rwot9zukRhAgO
inJastt/EIor808I/aXMrhQ+hJ26YgzijdlUkfAJqnpR2tyUGE3kp02NgPMa9+sDnZgTd6HI6gVlLjbWRKCqiqeTkW5kAlVpUmclUs0oypmZ3JVgRyVkZOd2N305Xw3E1GY1w3TgG020OGF4RkecCjG36vUsTjkffJwyWyt/SUvm52wrbJBVT5zRQWl6cEqJ
inJastt/EIor808I/aXMrpQtMJcM1XSz24F+VP4Git//94McBgwthvrWsgEzFnkIxS3JNb/O6fYiHPyfPH/yucLmDiIqzZGIWrJ+t7atP2lp+6bPDqiifUUaYSSN3m3w7rK258wEcjCxQQUOpIDyAjNLXdsn5XrqSliaSKfPIGDewiYRWIz/pWN6WAansLYC
inJastt/EIor808I/aXMrpxq+/7T3fdbA7Y8sCslG2yTgEuE+LM8z1TNbUUofcOBdHljFmkHBu4dU2xeGiKDgTLaDWl8XqZpTB2CasidvVM8ryP9Qn/g1RbhG3bGa6pXvAr5IW7wsZq5dwHh+FPrJOdN0Cqg3XJH7xxpCrd3MV3iPGXixMgj4t0NS2LW/8WJ
inJastt/EIor808I/aXMrotUhKCl4YG4f+aPkdWJRibF4NPn+umSVnjGVMPWR1PPw7LwGNTu6kNqfDqCeXNHEER2+GVoS2A4vtt3ggbhFZcLB0/w28y0u3icpSdDYUGdWGZHZXN683Xd3TenZ6fj6BePegQmmmMx3t3oDycJV8woH7cA1Woq6rl3wVyhSf/5
inJastt/EIor808I/aXMroNRGm9z0pfiT0xvIRX+9tBoTiCZuvhIaQ21FSepdD2VuaeFTFAPGB60M0HVT9wEgCnaNoGAvykqsJOZbu/DYjq8fdTzy+0s3PMTg0ZoNLzau3XTREeJ1HxU5R1V9L4P5AxMWkwrN1K24LUJRd1j53Z5GwhQU7fIxVwJNHwh62nW
inJastt/EIor808I/aXMrm3ehVkqjrn7oKSH20qdnmaW0Cr9M/REBJmSjvDQvh93cA4krC29SPtWeue/+x+WRUuf7qnhkF5TH4vVWtOIb8e99l81bN8vuJqTHZq+1zXWuernJ5AmW6i3jRqZvAvBXmJmsbbWNW8Nf18tcT+GKmueZqKt20L40Is4mw86JeW4
inJastt/EIor808I/aXMrpjYOXb9BMrzHLx1A2a+k+LmIbXqK9nGLiZhc1kblPmc4+z7kweqhBbs5joMWrcqhuaDkV99dv9vw/Z2+l/pesVxxMTkiH5zO4riAmiA+sd20eRpr50EK/2Sk19kfHyhp6Zvepvwqbz73tT95njekTD7XrnWvbGHLerJWvlU170q
inJastt/EIor808I/aXMrhklodPZEGYqZwyJS/3EvYB03mTRy8wjVO8z2auXuPx07Sbzf9jS3h5Sw06XZoTn0g4mPEFnTwSk3pj17u3bj3Cz0wO5G/EEQUPHrrGQZtnRQJzaJeZ/4DkEDzdfNRJENECBbvuVCmUFR/pcU5czVhKh6S7Ji31sk2TeNmtYrrTC
inJastt/EIor808I/aXMrnP8YlYEgun7SpKTx4Qh7SsZr5+gsoZaWkiQj5Sg54NO+3TlIncgtiSy64cRmOmHfAct29PkhpSO5M6icxeMZmjElQPzzHdH2EbktabwS4dA/L+95Gb8rtZqSDxhlSP0xFqamWl0FBHj+HTyuCmyqzn2oXVTWMPum9f3VlpA6bEK
inJastt/EIor808I/aXMrtt+OBFXVx6fdWtJXP8040YDRS9kwzAaH7f6U22MH8N8U3M1KOHX4UK319v7R3sv9zWHz2/fQmJwXI8NmWs/FvkS5+Q0OIBF2MYZYaE5S3M/RpdsLU4hBA8YgheNG9f5ZvR0cpGPbNk82y/jljqJWd8Ml8vsFeF/DCwLFIR3ETIA
inJastt/EIor808I/aXMrveukotvAzo7AbG3pQa0BM4C0kFT/P/2tMMhVYQFzCjIJgpq6MrzpiKY77+KZQGpqCnq2dom+ZOLzs17vYoWDUE9xFcYWuDhu2bxDP9B/w3NZMcfx8C+pPoc7tlsz2Zfbrz/xFnZ68JrLKqAMBwzWlmw8PCKQRopMaoh0CQ2GWkF
inJastt/EIor808I/aXMrnPlVtTAjdn1YNmnR48sEbrAfEHUCZAh3oocWSGXdSvcxc8qpF7yiMJk0un6Km7628hEbTC5R9nZWWTvaI+Hl5FAiHmAljeQzRf9Echp2iEGSDgwnxAvD/W6yR0QAaj0fXRaP9PHGGQIObSEKeRjsQ4jhmWM4gUpPm99Cvfe7reg
inJastt/EIor808I/aXMricXkP2lneybMldlZa03158Flvxu3woFs82Cse5Mz++CEZmx41oIWJB9kaD3CheBhpvODduI8W5d3mPLlXTtxDIlSklKq2HxWK7XF/rDLsPXI2mwOCphsJAtODI4qzxqqmm/i2J/BltMFGbbNbIPxqDyRAggGgvCqu1S+fFzxmTq
inJastt/EIor808I/aXMrhVlIQR6AVy7MtaSOy4ETiSZZeBQ9S1l1L7t/+RG4yVHPPONp3tej/2evRbmpGNgrLcACvsI61wGHq3Q6HoYhz1aLxDIxiyDaQzKNFmJ+ZEImpgRLnYJMWIobmGUGSgmWqPAYy+NDBvUS+ufV4mG19liWgxy0GRK+rnrKEkBv41o
inJastt/EIor808I/aXMrjQkqjs9K4DsCG5Upv2EM6mq0X6C8gal7w5klPrDmcT+004UF28MavCc6Ip0sZyaOuCftEdIAm/9hF+6pePFvyipFoB7Ajz7mx2PvFW+TN4eGPhpW5sBBsNvKSlxLGwqTkOKfVNKos7lS77TyDYbFxp8uoDoZgxX+KbhqWwZ7QQC
inJastt/EIor808I/aXMrj2oBHQGcImE97eYQf+/eawPfJfkfhIhx9fZ7sIJD2UOZaxioD7ZOTyCNZGOU6viZ4CXpB6olWrPRu6tKsmxBp9GYI1d5VVGVFW9o9LvSRr5euj79Bewtk04tLo7vYCZvcvy4XGJhNfc9IOMt67TQWy3SRMXeCa/039lM/RVHHYO
inJastt/EIor808I/aXMrvKZtd5s5f2sx3qV4xmNn6Bkd/qDTl/J2Y9w5oFYB0RjuRIAw9LZ5poaghPtJjauksIp3rjSpRwpvQxfAFVhM2SRApz8tgLxfO56ypvXgKpb2fvMa2so3o5+gdK+PXD+cXBRB1ep5DKosVLletDOhFfAkXejPFZ5b8W8P2kyeRv4
inJastt/EIor808I/aXMrj/+fGlPRJz/TizaGeUWZ5/Y6wcp6+j2/WBRNmq/CMTw8vWFeaWe8Tw5r1Gju5SEC46flQwwkkTajgjo/PCaGk1kD2bj7JMJkpo2/xJ/EBTUvhciYW9blGaUoD1bwFwMubI4PV3NunyWoH9mquuKzhEEXaYAgq6BYxIcqbFh/Qb4
inJastt/EIor808I/aXMrhzQFNbS7mtzxsUHfOkSd8apO24pcS0xFZk8N0iJfib66+0WHKgp3pgIxd7MpzL3ZbBsRxEpxCFCyRsl1ANwakFRjNP+uKQfxf1YM+C6HNGfvM2usIKV2hMC6NplJ62/t9CYoUXqcUmka17d+N1Drbr7KBi1KQEC/em/Aq+eRAWb
inJastt/EIor808I/aXMrh4FGe4LaUjclRGQT9E25vkkQBtixM4xRVgjM0pj4XdOWLXMXtR4uWdb5gSgSljp1prDOGQe7FxFJmAgxwXZkTlnOr8q/DyYu2E/0B7vHJNOx9KVyvUNYIxxl9s8YVzwCipRtAKyKvDZ8LJB5Doky4bClD6FWzQAZ9K7I9FMmmDZ
inJastt/EIor808I/aXMrhq51Nb80kDpwU7vp4RhLUTfXASxOJf2ht49wGuy4VFHSZhuOZkcJhkIbsQt5in4aqeS1pk+qnhJYDjHIX2ERIaS2bB36peloKWjVGdl0ibecnx453B2KbSQYv4SfUTXsfZbkBTihq+K8kiWlFiUQ2cFD2M83ZBheT7GORJitbDU
inJastt/EIor808I/aXMrpgb/YFckSfu4s+1dpwTRxpm7fNGcqf5hs6uqtJOMyhNw4ErxTK59vrAv0BP9yrUE/j/uZR8TlYa2Pbl9hCWHLVMmYWnq89gQr0l1IaZxyQFLeM/aHK1SeJEK3bpnZ1xMdrHxuxGVJpbGHLlBwvrS+SVK4tFm493Gjz/Wubeoe6h
inJastt/EIor808I/aXMrsYwhdQBFgWFg90c31UfC2PaoBnCOb+SSdWCmmvJNEuMOH/biffZshrV/EiPz4xNUpCmLfk8H9eXmYYoQgV9g5QF3ThIekTiNrDd0cKK4C1tfikuIWLd1TML26RItkoSOo23F4bq2SO5xstf2aC7L+2yLl76eW267tVKtFAmEHpb
inJastt/EIor808I/aXMrvEkk8yR707L9v4PnIaJWka+iNKPHF49dqt7ZUupj4nhA46TvDUq4u8IgZlx9Wm1qM6RDwzzJN07l0HYtmADjhi0uXF5ECfBqGOD9sUQCVrKVzAXFJKj3teCrz0bXDnkR2+7VyerSfnwGnJqeBDfa8LN3MR3NDXDZ5auhs/16Ssg
inJastt/EIor808I/aXMrgVzDdm8XqpmdTGvlBSuzZlekQWw2PrykpXGyqnT6K2Ll47gIMR3g4G0G0DJuHF7OgSdCwBJdFSBgk9i15XQFRgtiV0He4QhNhGPKCxQCHRGXFTmeO5P/VpimpzTD7Vlf1IsxN0j2RfWJptV3U9oBNgJQ8/E1O4FUiu9pxdTEZS6
inJastt/EIor808I/aXMrpi8RAsi6VZToGNcCjIXK+AkVezFlTazzDA6QEkInXWLCs4+NFR2atx2jQ4m4lSCtBkXrAh7x76GlV7dBO84blziHgTdm1gq08NFBaZPIKOLvgCaKndu9GRxMLVvaEVTIsuXes/nJWHgLxsRI2OIuihO9IGl2XA3dhEBuVuY3nvT
inJastt/EIor808I/aXMrkU/qT2gQGkO+HCj+PqNbJNLnaJdwQ20bfndiJmJ2XBvvnUmjdC5kI1HXwIatEv7uCywCtqJZviPDHgZ4fxBo8NUPsU+DLphdAdu7GQDC8I+dAPGBsmrJHUdJ2infHBH4dXeMVgWWCiRi+OUYAA3HXEu3oUBP2YOz0VU+a3hmIE8
inJastt/EIor808I/aXMrp6+ai3ojOHmhircOkMS6yC7H1w3iqrLCRC55NxDf8PH3TNSMv3XQQlP0w2oudXxO4eEB8sWG7JvHaOrl8bMHOVrDm7zN32N/mxsVcY7a/RsYEiv+gtbjYPebDjWulg5HsA4Hk6ZtR2T1dzx47/ZmRzI1RQQB5HmXwT1bqAhXSlE
inJastt/EIor808I/aXMrnPkaq94JznVns2t1N7rYvN/LXdpUbsHY7AmTH6V8zHrAwCUKlVSkB90EfVOJpDproiSqRLdYjzXH9jPblirgsQXZu4YiN1UjY8i+EooQsxqDBvcO/ffH9bLXf3pjFUiuN/Ek17Er0Oz4AzrVY5I8xspk3S9CFxsdK5w0xUNxMhk
inJastt/EIor808I/aXMrkeTvLiO9Qgc/YTZi65PL+D0munViI/YYbigV48r84JlptyXb/Kx8A+JBvy0zWyFPNfCebEAJ2bSGcC8M84ON++W4Erih9dgVyIEo6I2qpgFHLlMt8n5ehyAyvL1rTHMJWjAwlxtGuPk0wQwpPPWpMHOt90mUi7xK4lzIplno0P3
