GmcONIA9PFzHw1gpPLLPoqev3ytAH5KO3S/CJpMsylg=
35kyjVfwBJgytCi6KM5Vug==
FNt9orFfFSbPIXNSbXcP2Q==
gE2g7VQeqq0h5MkG44fPUw==
A4ZCFW7RnVRfEnbtNxUDb8VFIQmzxcIFLuiIjRY2q84=
cwgQW1UgxyVfBeSrdwXHsPE1eoSAri+NViVSjTYe4hg=
pYn3RyiaY4vz2unSybTHuw==
mAzeFbkWBGyzJRgEWJSZYQNn44wFaguEUnqkvHVinQw=
NiGef/LGs6v8Em6sqLz1GYGKB0111uCW/TAqgkiW0+w=
2lfNnhNY+w/3xMaMUxJbE0YFT/wvMlSDz8Vrd5FEs18=
inJastt/EIor808I/aXMrlju9vskXRAqf4ct766nZb2uEJ2jskTnOYrAz6nDqTnmyxrUeGOFAz52qsqKyd0sxPmH+UQe3mnVC/RsU1x+0FjFHl7mt/+dEEZrMi3yhNwZPNO0RhLpe8JSBAiTTKI29LvIDDiB5ubs1C+B1o7AnbQJai+mkpLntdX/ohMSsllH
inJastt/EIor808I/aXMrhYgkkXdL5L+gbKngt2I5i4afxrosZ+8dawOyzgWkHQx4+jTRCAQvC73PzziqL9GV+w9HqpjHPWKgNbG8U6S98y4NW+gYOWCkuRFa5x+40/qjU4TUVmJq2QYqLeajt9A9YxR6kg1SF74A1ZVu48uUmZP6/v3iOBW983jSTLsuKxj
inJastt/EIor808I/aXMrk3JdR2nknrpb7PdssXuwtZW0c4lAjrXFnjUGc/myCFAKEKM0Yzd/giBfFF9aVbem/Dh6vSqNQxX9SsNXfT7vy8j4DcPQVsu0cC3UpaRaDZtvPpFZjw+LHTrgklVHaoTbcG9W8QKhsJxhHJkWu2r8WSIuPh3nIXbIER99qDCliyj
inJastt/EIor808I/aXMrnPr7LTHhus/qnogRwQ3uMjlVzerINh7vCT4iKXH7ZMgvykUq8HirDZacyDN0G6DGCOzLFOFEjaHzbhTUYCrp1RfuU43+/Du8zvCsvkzufHeZwFgaClovhArI0bR3cUcbCWv02jAVbna6Yzq0IZ49FXhQNYfIf6sRBSqA9GNsGud
inJastt/EIor808I/aXMrrHIsh+MgHfz82HifpyiThtEUWgpQ8X/NJGTgY4Q7eR+GUsK8j5SUikyLNSB1g1q1m5qEkAaFtUn4KOmb3XO4bWqd7XkkhwrwT2GQUW9AWX2nfO0BCiEBHZzimP1I/6Q0os/83g41fB62u0YlshAehrV1j4RzcrvKMVxpn6cInwH
inJastt/EIor808I/aXMrlVqMoCXaPKcl7VjLdYp5ay9gItRCCPSoKtZbizXtTe92tic2miP4VWchu2VoCTgfR5mcQSP/OJP1GHly7PoLb12q2g0T4+Qp8QZg4xHBC7MnnjWS53a9zX+TA+2DOBN9lJJ0xqJqY1xKY2uspSQ3yoUBk0iitMTbqD9Up+Gm+jq
inJastt/EIor808I/aXMrhi9xBFCnQ987Z1uavv5RJ3jujBxVe9ApXAnM/ZKhKayODPORRCXMXy16cn44L83AdzkU8eaiAyKHF+M2DA1doLhwJ/BXyrow2p35QotLIH8cPrprXmmAYS48nIJcEiKkdNj/AnXnVGerlPQQJUEsXdEPaVFUDZyF47OKvwHHf9L
inJastt/EIor808I/aXMrnJSVPeghE53uLg8gVLHxxNY72vLccCZ4JS9w7H6rbpNB9Gb+xXQTuA/LL64UMO+boSeJzUeTlktpQOsspylJUSdIWHXmNAReaoy4MB4uWqsrU75C2EUIER8hiySnXI3Lz2HvYG7uYEJss5yT7OEmKAcwlMAcdxOoZzV/k91R7Ct
inJastt/EIor808I/aXMrr66iU6+C04QN8hCAjhPx11glvLyqjwl/6c1BK/2dNWkNdq76ExqkOUd9zNZJGouLKNmL37NDAFtOlvsIFKa8c6Y8XgUoxK4PVKrHh59iRt5Fs5QGLxMYPYtLsI3llr1APTpnR3KSyltxDav9pa0j7LzNEgiwVigSU+e4g9uRCjC
inJastt/EIor808I/aXMrnG0BDcFql+bF0Gy8jSLut96cW0kFttOPgxyTaBtEEhYsQ8B1acO9CvV29fYK6m0sMDEQMB8IF7FpQ8RyUmWIX8e66YR7KOEhN8+xZ5fKeg0VlbgoGWlGT2Q6EdJ5P5ihQKKViJVsCB+hoWVaBy0XN5GOp5RO7C5IL2/UZ9ucG1/
inJastt/EIor808I/aXMrp3bP6YYRnc5nPfg/iOB3ICeZKxU1UbMxDwgme+BegBn7TmPnJ2sXSqFm5fATW+vsttBrncnBzW8ydQVJLHW8PeK7HqOvsYZAnOOOacSN8JXwvm/8Yi7TmnLiUt+j5WfOKSrkQ/tgayeh+3RMa9q8bO8x18OLTdSsKJu7tEcNDRl
inJastt/EIor808I/aXMrpfj25u7QOu50gMrpPxmOUN0lkCp8K5AXWVfUJAhMuCSV1vZD+jxZ3TrvTyqGa7AZJaTy+sjyoEU2R9PIERvyLrj5ngJXjB2SD0MabzGXRVNiEYbtCyBppfIDU2X1TuqZNq7oOsPA41qhMaKPihO2PsQGB6Zygj/2h1HridwwNZY
inJastt/EIor808I/aXMrmeevWuhxE6dRACtSpYvSoKBPov9yErWavdjNNiy47FQt4zmxLQwsaxTpeWGGMKJYtlw2Hj0ZVm2abN8zKj/62UK35FF5B5exKJPPHANTRWPk/TK8PWwMyG93GoPaDT4m9mRtoLMjvAM7ih+aX4cp/SYQgt7ior8Z1rrsHAKauFQ
inJastt/EIor808I/aXMruktY7XVJqY+kroKtOoaxXTjPbv+HRzK93UBJ/T4MgQJ9IftlePyAQR/Du4BU0S/J9U8lcYWhCt70hvFstkEwDK6tp0tgeJzS65+rib5GT5eMxMj5nOwX4nGpYr0Umj85GrFn7PhVwKltrlVmuvZUBgkavIW0qDzCal+hj5ZbVhj
inJastt/EIor808I/aXMrkxaU0E9juGFeBHQCMI/pvMv878pm5Q1QxqSIzeeZhSM7HvSKlFY83DgzkINL9xpXjUkaDz7A3zIPE2UPcbrK5SSb1lkjhuUtrXgFR/AlA+CRvvTRHjWIw5sWekAyay3if/Ss6qU5kv3KTj8JrrYXJ/miokUgPDlzBFdD2f4toyv
inJastt/EIor808I/aXMrs126Xh8ly8i+Y/VQi17jzXSR6FoYctPKFWmbpphqdDFiTkg51mmndN+QGMDnnN+EQhuPxCZY5XkkMfe1mtj9/DFyg3bKsEDgfLtLdQG9FGO9QcmPUD5AF/j5qlRiyI3X70DGEaLGtEMIb88FEO1O87mVIS0c+XzwVcQIgsvR1lZ
inJastt/EIor808I/aXMrhYW2HB4Y+k74T+EHgYLW911m3e0WidZvdrTx7Hrorv8eeD7XzuzQfnXYXvtX5iWASp9LaxSR8oTomaEXUUeUBGuGhc5Iwp+qTI2OClBBr/FQTgLSMvpt9pzWyKdcq8CzGloLxtLWu7jmqqRYhg3GVB5JRZIbhTs2asWZmSwI9nK
inJastt/EIor808I/aXMroNJBwMqWnpSGoHtkMgGJ8OeekV087MwaYAibfgSkAsiOsIYpOJnwtzLY5mORx8UsWXa9ijVW7Cz0yLIPx6pcycb4UmqAjfG+cP+7rFY/1i2gUydM1WgdkkN2SSer3T/zo187xK8OOrj0rv7/6Gx0QIrnH9S/9EJt0xK5Psv7t2E
inJastt/EIor808I/aXMrl8GnMyinWB98QjXOI6XqyvAvtvWAiS3xcLTNDb92oK4CFTIf70mVJPXRFAlaj5UMpfA1UnvN9ezxC1QFb0pSUiAnXpGbm28ruoatdFUPxf4KSIH650rLktVlnmy3Ny0iluAGvS2sNUTa/9hiPdOHw/9No8ljAcGqYhy5JVNOd7K
inJastt/EIor808I/aXMrqwMAA6eTSQ4n25VmeJ0xbPNiTEddSg1CpmGd1n3SLeZLmOi9xrmB95FTu15Nq9nQBbqkKZEv8BuWLaAYH56kZ0g9iWV5tud3/lUI8sIDOCyyFmo+lfEPz5Mc3lGlqPBFZX5q+W282wa45xSiTS6pwqHcGlLwLjVA4cVl8v3JKeO
inJastt/EIor808I/aXMrnqPyaijFPO0MX49p9ulAhNY/FeVds/6VmDatXMvOV1QiOOkbmMj9JgFrI03XF0FUOf60SatggEg+BxiAGYnUFkMIdIh7vPWPZfZ5gl0vtcpxId4zpKWm1Bf0HlulBShG9Mgf2CiyLArfem9s01q79UcPPd6FlpjyYzzx4CwbOrf
inJastt/EIor808I/aXMrkscDs0/VO48mLMq5QSXm90y5ONfgs9wf6lJoXR3e/4hraXXR2cwRnycRHlEbM91geEYq37LfGpVdilOOElW0fU3w8xYqOUnZE4k5dvWz/AmiW5kN4PZPL1TlBSaOwpcq5mYMoXtP5zHXSYn2iyKuc18ZYT7RaHyPLTvR8okrXpg
inJastt/EIor808I/aXMrnR25YeakCnXd9teAUh4bcaqR6WxrVQQZNFnLZFWtYBWZYr5Oxd14bqxz4zcZDCtevfQJtsNYyGo6z9G/vJsbrBSqhuU8I6vVNNmHRi3NSQX+8cL0AKqYTk0JqyT8prdL8rPK/IFIIJxar3N4T2hInlJpkXSkjIJqqdxdkfdzEIm
inJastt/EIor808I/aXMrjvtXUVZHjHzgnv3+jqyDxuQPB+qo9C6dhkqpxEiIsDGBpoadvYfdEh8/3K5V2QhK9KHDsJeEmxQfNVogigKpkk7n/ohTiUKs7DDOSiCVfmNBW1QWzWiIy2ftRPtgPsVPC+StuxUlN2U1IvXHLy8Tgm9QklFDyTlbBkYGrzaOmGD
inJastt/EIor808I/aXMroFpHRa03Ulipsf7C/DVWAfZlvT2Tjy9Xckjb54GGe708m1N4PINxyWf+WMbdENGkcf4fFqHp8cnHp53vq2LZDYyZuXRO4jxzR2hCRCa4CxsvglVjpnaHFeA/jRztvRoLL1Cwbvz4uyYgem2Oy+Y9Gn5vcpz63iVeN6Qre7x1NL7
inJastt/EIor808I/aXMrh7Ze2eH2LaOa2BVHR/WqlHc3WIIBo9Patrjaap8GKGqmB+Q7KNyiwvc/JRJ6CI5k8XxS4hB6a8MyFmO5mQ29JZ8ZpLrl+A8tmtOiXxeX1RDF0SXh/U1EkMxdJyHhu3Oh/GEFqlQ2rkxMlc8nijqnD7ZAEK5PVznJxLCtti4RDPL
inJastt/EIor808I/aXMrrxn4hTwKSK+NN4NNGprXYbFRdW8pHq9pIdorUeNj26kd1VXYrExRgsrlw/lj5aPkxnl21UddGkYfG9Nt7BLSCLgwO/Mp+0MZ4XcRuEdYoMscw5VoExvLBaSHA2Ijc7uuWhqEE5NIuYxgu9JgEgnTaVuWo6WPUmfi4KqI26s0BSQ
inJastt/EIor808I/aXMrnO0dcVcGKhde34IbE8ouli9GK9vJ8aa/omPRUaw2L9yLmtbRhiaXJWgJ/2mmDhYcvkQFymwpVM/ZN9qRyyj5Cc+4U4X+KK/6GnZOrdZ72Td8CTqBTvhbin7IoxJOj+9EG5cef7wSE0Zn8fMy1wPOsosDnctAJ2wsUowQc1qrzKT
inJastt/EIor808I/aXMrhLUfOw/L9nip2piFqMhiF/R43ZHlPnVV12qJ+QNWFErnQaTZ6BDfdbJlNsjhumcNTWE9+ae5uYxrcs3mMEphxfTnUiV13eI3ChwqF5/DeuX4+NA55+C0fkDsQGUX4AeDG8fFQNNc1V0evfsgVFltJbONahKdTERZ8lE2GFB39Fc
inJastt/EIor808I/aXMrgahMKDXqkoDPxgdKFXEnS2aw0qST+b+SIGFucr1DD6ehtvRvlp4QEX6inSb9AN57zJJx5APMs3YaQaShuCl4j6odjZh8WbRI+mLoyz1hnCATieKvSUpozVODvcSE8omTo/7iOlVxlpKmUdCLI/q1K90NlkSiE5LqrGfoD5ck5kz
inJastt/EIor808I/aXMrhgrsUvtsuKEBmqGfqCj5ckzk5xEg1aCTdNb394AqpnhD69ifIU/VG5dQBW1Bd7XYMOfQ8W0Ymu/5JTOsqflZkBvAmqOtFgLQyNNnly1xpcs7XNf/4cSxxYq5R3zCsca/J57sbmRmfwDHa8PeeGhbKyAsBCi/HWYhdSs8mxsrwtZ
inJastt/EIor808I/aXMrm1JzxyEzBe2ay51rCEP8ebGz17wzOQrlvm142HkCZNMbJ9hidqRRzzv9qU39oMAWtTQtvpSmcqp/ajmA4FZD+JCkEW61Pgoj4zj50Ke00jwkEsTiyVR1jlAgTAelHbE/3BvnQd2Pd3itvY5PLWJTkhc4Op7wTvYOM+ozHsD3VSV
inJastt/EIor808I/aXMro71Ouw4zw8zuv2vF/b9nGxbsX/54FV4RoABGanvy9LnPbxQy+24p5nQbBE99OExuTIh+baWJQq53iAoX9u9K1US6rBGBsrb8I9OR7JCqKqNUHoh3yoYKMQXKDm1C7ITZPGRpRl27DmDV3rOomVIejoFyJgjlUVwJYZXFm2sfRHh
inJastt/EIor808I/aXMro+05dG2W2LMEMrczGwNeq8+rXy+6JI+spTvLtgAiOegZSRPMnrqrk1XBfKp0G8iXfPZmefENAMRiOuXEPmNLbUtz9Z4YOJTfxC+FOLGPKRDUtUnE4ooM7y3/OGAyGI2cPOdnne0FnOLUotVuNOxRVXTY7ma5QqQIobhnI5cT2oe
inJastt/EIor808I/aXMrjMiDhAN1J3P120AljO2RKWsmHKu1Xf6mt6qZAXYhC8q/nb7609AXUWTbwlb4dY++cejcn/cCE2Co+Bz2/6jKAK/qT3/bmi2IZJYbE1yCmPhQq8rFaN1Rk9r606yHfBE7gp4B0O2x2S8BOPU/nxbbseJb6FEtU3eVjbMy/51i1Cr
