GmcONIA9PFzHw1gpPLLPoqev3ytAH5KO3S/CJpMsylg=
35kyjVfwBJgytCi6KM5Vug==
FNt9orFfFSbPIXNSbXcP2Q==
gE2g7VQeqq0h5MkG44fPUw==
A4ZCFW7RnVRfEnbtNxUDb8VFIQmzxcIFLuiIjRY2q84=
cwgQW1UgxyVfBeSrdwXHsPE1eoSAri+NViVSjTYe4hg=
pYn3RyiaY4vz2unSybTHuw==
mAzeFbkWBGyzJRgEWJSZYQNn44wFaguEUnqkvHVinQw=
NiGef/LGs6v8Em6sqLz1GYGKB0111uCW/TAqgkiW0+w=
2lfNnhNY+w/3xMaMUxJbE0YFT/wvMlSDz8Vrd5FEs18=
cdF2tCB73xADw9/5xe5IegD1uEFwaLOkMPHj1ZbwRkupjJOmOHQNmTF1Rz2F4gXT
cdF2tCB73xADw9/5xe5IettBF5y7mDyDq22UjMGHq21kv0wQH/hHSkxI55tZ6SnX
cdF2tCB73xADw9/5xe5Ien0EKVzh1RrRWAKKUnkSOts12hOiIImLAXB6MhoXAAlrAL4+1V+6xqlyJ0OGjG/Me3swCJsHcEzxiHHjmuup+UA=
cdF2tCB73xADw9/5xe5IeuNeEWPLLSaPGZZayX5gjKqX4CWKvRaLH5o3MK7Z9IWgMi8BpW8EfucU9N8qUoroFY+7WCjJ7M6r15FdjV2T0vg=
cdF2tCB73xADw9/5xe5Ieg+fKNNa0gy6WRWvZXCcfEkhBwxW0QXDEZQ+54EKibwf0xTIN91WlmSWRFjSMUMaV6xN3m/XB4pEOzH8z3p2hAE=
cdF2tCB73xADw9/5xe5IesF2H99CpRo+Pl9YB5KSU9piWmEEKl2jcyp/CNFmudohTO88zpHcoKQCcmx2vnhuz7UoVtltZtclNvctsMrg5voQFdmx7SvbyeuyN8ZRkVx0HbMfZxmJsUYDox69Ui8OUu5zSXcTfqIobDFPrPEsiNWAf6AMPp3STnwa9qnjIPlL5J9ijb4CCeE1OEbYlKgYwA==
cdF2tCB73xADw9/5xe5Iep+seqgqhyQYsTTqQIcOZ6T5G8Xfr8UecKvgNk3iGA/Pjl2jVNnGmk5KiWqvccvZ68EgVWaWXqBrUuqBO/BO8tk=
cdF2tCB73xADw9/5xe5IerE709jTaBy705dx28ZpxMyPVJ/97od5XbI91+VUA7zUtXwrs5eg/FwiS2mKwHioAz7tfFlBPcKZavBAcTifnBHkdzXBf0XcZuePButjdmzPZplqHwNdhUzjClbo460K/eWeX9aeMQ05j0b4l5jCzYk=
cdF2tCB73xADw9/5xe5IekL26vvaipGeBlkV6VDXOtW5D5XQ+Twx5C2kf1JTaDWdx+koStisjU4mSDKKdyY1eZEZ7DqgBMM7mcEbFa6x4rpaCyt6sRezXKIOEbtFFdwQa06YFpBmjAKhVaWzz0T2ym08THcIz6K05JAqm/5UpXk=
cdF2tCB73xADw9/5xe5IenXkruOfRGHwc4EG7UPljdk28A+UWZ6SCZL2Wq19TGntKdtQxr9ptvivjGKPgoa2J731CgMkAoeGcnXUus7iTlvJOgWvU4gIJWAyvTKgJN+N6dLNjwrh0C0bFjqrLM3vHQ==
cdF2tCB73xADw9/5xe5Iem4b+WhxAwN5XaXizKdwMgWgCLfaD8dbnOIWfSH7xM6U
cdF2tCB73xADw9/5xe5Iejsb5s+j7v/1JkpjwQ4WJWGdeInwgWkYZo/EvwAbqBPmFQ4KUIGG7i/qdn+spmO4CL+3C8bG2owAnAStFzCMfK0=
cdF2tCB73xADw9/5xe5IegJKl2ZPh2VKkCugSFrCLGPVdCvrumZJeEGuYDy4mxzmnlsJmx7M3ePX0SxbYM4PNA==
cdF2tCB73xADw9/5xe5IetHiWLStsCHlIRcr0nikGtaZpcokaXrmxSQ4Tf1ny2Dg9c6ECi/Zh1+VgS5Tckmqjn16NMWIXqxvJs0LLispGDs=
cdF2tCB73xADw9/5xe5Ielwh4WChOgb69DlECrQEQyOQXtuKb79bk13HxDTYFgYWKhiTIXxJ/V1X72cUDA1o2NZdTJAb4wkHGW6BT0TUMsEoC/l1i3rh1zWq/hyyTejO4Pj4avS0yklQYZwv1+fsXw==
cdF2tCB73xADw9/5xe5IegMOmgPH1twJbaE4+6MbUY85YFYboeUmHccgQgiAaYHWzoPb8QZ+hRC5mr3MxH6lH7TDeLk/o1TFQjMhTlm13BTFkl9LIYN67dYzhaBeho0EkW1ZFvW1IZkiCMl7ZQzwIv+1q9OOIfoY3D/kfS3e0ks=
53O6tnDqfFgKucte0Pfy81UgIn/HTthwEeNncSLPB1EpnVy/CLuTjF0Kg/aQq7ALPxD6Yl4Y5JD1JjsMSWFTmEtbZsoaTQTgUnJtOE/fLAI=
53O6tnDqfFgKucte0Pfy8/4CZkUX6GTHrWP6W77435qyoavgvWfE99V2yPcbWjJuGggUfTyG38CgL3Imv2CX1LgBp59f1915qC3vxYwmEsNZ43XlhBVI9B9wWwu/pz/Rpg1p1xt0mi9sPoFCGlUE6nCTmUGoGiC/AD/PqWlKAgM=
53O6tnDqfFgKucte0Pfy86jzP09CicqwwZVQ06PdWap8n65oNcMhzSyT0raPvXD5dLI5lEMUcn3QOeNIg7OpGlMq35+46bxNwp+Sa5dHlIffVaqRBRracVDUOkGHz36/1K5/4D6HFayWa7HGIRri9uXwlSoUTU8ZyxSEYRJ0VWosdhxo5GXajhu9uFi3PnuSHqQPv/R3kyCoD87jXLqJUQ==
53O6tnDqfFgKucte0Pfy8wDrwNLcFHajypoGJ54N1WOO8Z/00IWRWgaUWrEiI+87aJez2+Up3Uxg3jFY83uYF6wXoqB6vuE67UF+I9eMq3CAXWTZOUKTLeuuYwh6duhL2GFyOBti6nyci/447bUdSw==
53O6tnDqfFgKucte0Pfy8wUVH2yh+EJypwzNCsWkjyMLEGR0xUWO9s2QjtUsID82P7JKNPi6G0UEZ8yf1vGvjyMtwJREUqXgsgFl4LeAffY=
53O6tnDqfFgKucte0Pfy84K0aIHrw0J6C2Z7q0LHGU8uf6nlAtYkNVDXz1TgEzUO3Hr9loDkCiU8dQ6aJJRnDw5wsaA8WncEHaohOue5EegVNIQgXl5NflRUAUr2pdpIJig4a+/dcYXo3XFL3Ik2sDe10CXfpWlYDjqHboMorKsuDZUBK5SOqu0c9s9wb8RnziGwxSGlfgxjXKji6zsCzBpwXWJgrBsKxpGak9awgj/VYeZIN04vAPNLv6wjxRv1uE3xRJDXWh3LqChZVURj+7nVa4GBYxmhmM+ERklFuRD7Cf79QG2WAE5L8eYVZOH3tbKTYYqkT+28HoYhdTrd0WHjqyuBNUBYuJbJeySAkYs=
53O6tnDqfFgKucte0Pfy84K0aIHrw0J6C2Z7q0LHGU+8qWvoxpLCCG3lC+ZPoKMqaL6789fSphl4EkkSakzBPJo1uSmCCkwYk/B0Uh/Eg8oYUPofu0TA07qx2/7yOG7NrG/LCpj5LeEkDuVfsQpZJw==
53O6tnDqfFgKucte0Pfy8w3wLTU7YN09sVb+4knXmsyRViIKiWZlofi/PtS7ULGHPGhldl3dk0imGLH18ggIDfZXTcZXSyp3CxpHigr7EbI=
53O6tnDqfFgKucte0Pfy84nFq114dtGN5MEq6+E9ZkgYy2RCIZtjC/1Y+splTZicofZ2FS/f7hV2cdAYfPFBEXZqy//KBCtNiZKvn6JgVK4QH5XBQsehaVUp95hi/3VOaZNaaHv9oEj2JmQc8zWdSw==
53O6tnDqfFgKucte0Pfy84nFq114dtGN5MEq6+E9ZkgYy2RCIZtjC/1Y+splTZicbKI5ZY87SPoKafMBOOznITYJdIS2twvn/vV2n7gLHbITFRacjHcUxvo0JlbrNGGCtDK3u8DO8gsOk9tabXpychbkdmUYjqJmKMb7GE7FfOUxCrxfAB+IyJwxTqRh4NCsCdNA1baJWBjSPWSG9zM1qw==
53O6tnDqfFgKucte0Pfy8y99x+KvNXO/uYlxa1wenHAOeKX/KrAnWs/9hFDM49i2+WCid+A2RFkLrmsnxWw3FQceG0dOZ1xx7ZsDd3GahDratwwSM+dkCwXlneSRuSh0toxzM58KnJ7qY92G22UtMBSwmSQVN/r5dHtIKgnX9iwXzkp0geOg63/HMSo6oJRb3K23Z2Al5latXeX2aVfDqm3IoIBEaE7diakeKR9UcAk=
53O6tnDqfFgKucte0Pfy82NeiUB3uEgCZ4i4MAc9kyGNh2tdKCrl/vYJQbmOcp6ONbLNCqrK6NZ8yv0QGySEaA9wFqoBLMx/uX+7AD6aPM0GXmibpP/Nvpd9N9hFIRRd
53O6tnDqfFgKucte0Pfy8/H5GhFMG8v0beAn4N7YTz1CCUilyAoounOKTgNgT4+64SmpczCcw6ju8l/rHZj4YF7Sv/JAY2na6dAiDv83DmfKgKHxVEatltpOOTU4vwVhTR5TRKdaLEMf3+YUz8SDFA==
53O6tnDqfFgKucte0Pfy8ypC24JiYzCehg8YP77BddWqGiLOHb0XeX3KYGnt0KlKNhdwhha3l7ksEIWFMxjI3vRnqEWZ5KGbk08DzhoZh1/VK15oar1gtDUIH8Nz48TFZzmOyQds7ICOilTXG1Lhb4NP7xCioMvAikw1+pUHE5/PBzm43sDuF0sxDCV/Vrk3exvCwWhWcE4VFL7md6IVaOqw/VfZdQHekhSrhRP/Nhc=
53O6tnDqfFgKucte0Pfy83qm7MXU3Sm/+bXuU2c8NHI4absJgnyvkaSBv9fRfN1M/ZVkNw1HihzbeqLfH88U0bv/dYOtulDsreJLFg0Ij+YXJzHiw0UlYLZIhK2F/M9hvEX5lnR1AysCKgO/LD47r8apLlzPPztG9VM/wWP7IRe8XhZA7TEI+EJ56/jFFaSOmYFkiyE0A4EGqWItgGsXPyUbXmk9jzQ2gs8T0jjoV4bgROikzdDwbS1VTZJJHr2pbGlm89BWoktSHAHYXtFRajUfnPz5fiqTmEo9ogjRpy47Jr7Np0s/dlliqtKtcSOS
53O6tnDqfFgKucte0Pfy88ul26r3rVA1ALbgnZfMh6n3bT6jq5GpB0OLItVz2vtu7pBol34k1NAQICBo8KXXEcolIYIZJe6Uvyl0/DzfuTY=
53O6tnDqfFgKucte0Pfy86/PWO/YzXkWcjH6rc4LMffnu7OtgapXx4Bz1gHFZhEcfANZB510EzZcm7Qo4AHr0C0AAUjhLf+CuHNLP2PezfY=
53O6tnDqfFgKucte0Pfy8/svR/iwE1DdSf1LSrlgN+1UZtptg5SKImWowDKAu8MtxVyw1PdTWa/1277D8Lu76PUJXXftS/a+j7h7ma0PjWY=
53O6tnDqfFgKucte0Pfy88FKYkzaCNbKgC5hWXC8o1Uk1Eu20AqJF56FGJwe/dZeAxO7FuDbdXEI4aHTlNGtzjLSGYyke5uNc2z5FhTkaZ+j+Wyjh+imADZLWkgruRJ8
53O6tnDqfFgKucte0Pfy84R0Dk4r08GopbkhsfcFs7bT7PW506WFW18F9fP1hx/GUBEMntyp1AkUhZuSi+SIrEobIHYKPtePqpl349kIK7NCsSSR/LFm5GryYhUT5DXe
53O6tnDqfFgKucte0Pfy88QgI4cA4woPPyzkfQXc5EWr69OPwRlbVo17UHRlenL0nJl1IOnxIJVhDRrXJ+UEgN1gYskmIvgFQCpKYMtQG2o=
53O6tnDqfFgKucte0Pfy82dtXR3F3xsDcPq2jP6iIMqHrmmMUTtdxS4atmNuQTnotojR9lRNAktrdjrMi5p5T1TqMqD2Rwqs7p4j44TC4X/GQ2EtTfaASCqCajCAfeNpU87QK/7GpbnqexOfdhdnhg==
53O6tnDqfFgKucte0Pfy82KWZ415QTLtGDrMGsFGAPKC9a46JLSKD9neh9QT1eMvRDi7eE6E1ytZLvnZVjwenDP8KW5by0uoEMgtP8+wwi8=
53O6tnDqfFgKucte0Pfy82KWZ415QTLtGDrMGsFGAPJTKW3QtXqGWBxJXtI1I7RayMp6OiE4XamK+8n8jLe8A8Lqey39wW1txo1kefdefDmwiYe0OmfjtOwzxC/heipK
53O6tnDqfFgKucte0Pfy81i7GorIoLpnzkE4wsy57ESs6m9TsaQnq6eMNE80hhq9GHAyoAAqnriECutS8OWwDulPjPmrLzDz0mSeeHgdaDs=
53O6tnDqfFgKucte0Pfy895f5QSEKM2icxmEdZEumiU0ZvkXndO05ASvF4MMGS1JYokHNwwyMhgk85o9SebGlBLHkKdPgHu+bZsabn5F+1iK62gxB7NGs1g2x/wvgkYt
53O6tnDqfFgKucte0Pfy86bp5lU/HrJOgZA9Wzrm6dsyMviCFJKLm6u1zCxszdpgPJGvYHRO0c6iqjYUkAqMDWir2GNpb04cMq8xAS1b4fRisPXqs0wevkHvQq4Y3cPa
53O6tnDqfFgKucte0Pfy87V4cFUMLJ3akA3707qTh98Zhb52qH8zPs8bAtBdAKqRWglgJEqATFPgDdbtGoJLN80H4GwG54kTMKGYLsy2G+Q73QY2esQefaA6bkVm8Gkq
53O6tnDqfFgKucte0Pfy87V4cFUMLJ3akA3707qTh98RPaqHs+IAILwWPZEm/M9VfkgqhjL5P+lSZJxLiu8wpo9hRstPtaVbaYIfIMjqj5I=
53O6tnDqfFgKucte0Pfy87V4cFUMLJ3akA3707qTh98V40nu8zMB4uYQ3tcy04UyhP3QN4DBQYMyvpRXTigvsx9Ja/QXL71lSbjP3V2VaqrfYquF4AGT+gj387LfH+SF
53O6tnDqfFgKucte0Pfy8y1k5DEWXDVFBV6RHOIm4jwR/+uO6niX4otB2fIjtdIIJsqEyQAKmS/DCA9DCAdVGK2ugq1eB7aPsHGq62nM/VE0TLomS3lrYI1UZ8y/ZUqe/DjQFVbJXz19ME4mrn0/mhlcm65Oq6IQwgZAQB9q4DmafGd4akP/wIsfZDhvPtBi
53O6tnDqfFgKucte0Pfy8ym5g8sKwua1ulHYJLxnVOhaz7uuQNpxnEXJ9cw26ywQxwyDXBMdOa0K3HJda5/CXsVga7x7a0MM1C/YdNCxlcw=
53O6tnDqfFgKucte0Pfy8ym5g8sKwua1ulHYJLxnVOg1AhhpH4zoaoliGtAj16sZefbViAFrqvUzMUZm7PWBrv/WTxUJGdi8NKq0IM69kMunlly7Dbv/7/DQyO/01agi
53O6tnDqfFgKucte0Pfy8xIkHwxY7bV6mn1fmqvXVtubX7W5NlwqJhc4MHYynvwLFwyg9BeBd4kvI4hZ66hooetH9/KcHaAhJ4LV74gPR/3cK1gy2sjSEBQIbC8GZztmMRoU04nLiaSPnju0oli8Mny3d/fUKU5pR9zrZNJ1x62lMQMwNGYrfUy+4875RtOf
53O6tnDqfFgKucte0Pfy873C3P2NHZe/DJ9Lxc7swtMcDvfIflBguooLgY5ifIo73++fd1m2e/YkG9fKSxqqPu36NaiaV+qTAeo6U8xb1mA=
53O6tnDqfFgKucte0Pfy8/NtZcac0MN4JVLIyv+tqdqjtCGjHLGe2CRNl7fQ+23VPHLjTHi34yTk3Y3fG2ZTUkPCC5J6ywscIXJ9AoGPhqpAfhtk221QPL/NIlW5LDWJ
53O6tnDqfFgKucte0Pfy89CN3Yt0t8fjbjUhvDWBENNJDcV5TdAOcLJhfO1ACErdkI5DZRYyykp1UkZpjVicWTphHKNIOhWL6s3fHNq1mqU6us30b9LWM2E0ST54/A1Nvoz8e+NUMwXOOwrxJDD28jg12wFvwu+glyXHHMdnhGH0pgBbO7aihLoZymM0bwwA
53O6tnDqfFgKucte0Pfy8zkfaFY5ZxwlVGlii2oUkkgmNZVVlr5mcigiWuskg+OgSsRF2oxRY9sB6Sj05++CXhIgzTFY9YxRQNoFz67fDPP815U2zthtxJ9gKX6WMoxlv2ekyR1VIYe8nkzpESutxMaKuV6NPpB5Rw9pivGdmyA=
53O6tnDqfFgKucte0Pfy85U/aG3boPo/T3KKbDzQAWHbA94ZnsQhqf0IajD6PMxx8ufY4HW7JknlBiJBCTkoXufhB/t4JgrxdjYHmnIAJug1jw4ZNkxftiNYq5Q8S3sPvYxRB8awnUJG+Q7TbOMca0HkoiOd+zf3H/6IXNtKnro=
53O6tnDqfFgKucte0Pfy827zyEcNpp6poDxFjHKdLTxA+z/rWx2ah3gJj8U9AjeQmmVoysN0uRUhLzSRd34zacmtbjTBJo5pF9Id+TX6OHISnEMsezBhPgzIM9YLxNas
53O6tnDqfFgKucte0Pfy85O8q/VbB08UwOsTFh9arbyufe/Vrs67WxkahA9YVzJAdSz0Du17dDb7zCwna+yJD4KvTKjJ8t+K2fL05Cgmmf4=
53O6tnDqfFgKucte0Pfy85O8q/VbB08UwOsTFh9arbzfWdOCwCzoYaJPHwICWvik1cfHMSnF2eznG/CShUcd36SSF1JBTPcDqNv7KrQKIAPN9QsmOxZDsEg6z+kJ02LB
53O6tnDqfFgKucte0Pfy82AhucnbgDdN0C0xJaxrXEnLRVr971nuC2B5kZn/Cm3EXahqED7ra77815sdAXJMpZWEmAPSO53iwpvzEGTaovWDhayVIcTKzKeZGzt2kptoD7SIR/sfNOnVkQQ2MMTkoNFy/yvy3csQ+ku/1o4OQagboUx0EgulAdpp/U1gsQ3W
cdF2tCB73xADw9/5xe5Ieisl0PUWtEr53eKWrkUCA+GibKnCFi65crYRG4Sh3+nsBLNRlNfjT/3swdQ2NrTLVbTroHvVINPXxzcSk1XV+JNWvqzBSkFIK1eN26EitwmshgH2o9r7uro1/+wob2sohw==
cdF2tCB73xADw9/5xe5IenEskeqw3dP5KNI9zkDv2XTDGS+dSAk8EXpmkGWxFtxn54KepAQsUJx/qE+LEUxLTojk4j/h7oic2cjzAnr0rGRjHKmkfnMXhmMXTT8AaqxvgJ8TdUlbTRA0KA1owRkqTUMaaBgMF58LzbkXQZxuG2c=
53O6tnDqfFgKucte0Pfy84BygzTf3BIau8sbv1rhSmIBMWfFRzshdinh7BBYRli558mADs2DMnoyWF/mWHV0YGBI12JJwZrsmIocQOo1+wo=
53O6tnDqfFgKucte0Pfy84BygzTf3BIau8sbv1rhSmKoDZhZgJf9i+X0hWd0DaBf6GqOVJkMISMbSG/1NLRZsTPsMudH1MCNeqqZqOfydduV0j+Uhw3PzMOhsh6fTFwI
53O6tnDqfFgKucte0Pfy8yG9bircfcRwIaSqtxJ1kPedKuTo1nz0P3OZ0TrVHBcqReU17y+/uakaak0ba2t5WGMIWwL5NOXGjqKD+L07O1zOrZGTUiYmx57dzTEEejtVdZjNNqy0vMvppCDO8+iUdRXe1osbdemBRF5Qa2rMAmLftDyufCGzsoT2TuAcRYAn
53O6tnDqfFgKucte0Pfy87fTkkyVcfv7mmSUNMnZJonH0zcej/V5XHvQhdbFPjMC/ICmOgcoWF9bTw2NfF1pDUP/+tnaXoaQVAPB7NArZpk=
cdF2tCB73xADw9/5xe5Ien9BNmEcQqQ0gL9YXabjllZ2IoEH+2j0TuE8RLaUHRVk
cdF2tCB73xADw9/5xe5Iei2CqD/PtkWlmrDaCdx7CdyWZNaJFC+lo22T1/360hU/vji/Ra21h/sO3e2HEzxaxUPD+BMp/JBGsGu+6hYjYrWrQnApPtwN157oE/yJAJfUcjMkDzqdeX265G5lsCv0VQ==
53O6tnDqfFgKucte0Pfy87X/ubIthL7njXAKJfAB/1ZRq0VP55YJOEmQ9DBcCdNC25VWFKTqp8gJkMyrfnEI5kvw85p5YBLMc7DyF9OXFy8=
53O6tnDqfFgKucte0Pfy8+P8bb1sIrP5qkafPoj3MtqxDN13A+FzEGfEF7jtulhCvCPTU/FpKmr4NhiaAaH2rK8+RL8lLx5wFd/pp9VDmXg=
53O6tnDqfFgKucte0Pfy83F1n61kN3RKvc4RPnCa2wiQECuBeZwthMkSye7+5AHrRyua3zofS5z2omw3JqnPkq44AtJToBswSvUcbVzgFvE=
53O6tnDqfFgKucte0Pfy81DzMhzE199Nf2qe6wk15uYylbv3bzEK2k0q0m7R8wC3J6EEaH3ZH2yVwSUfY6dIgVxQZsdhrve893E1+aTZ19M=
53O6tnDqfFgKucte0Pfy86OVsW+ZK+Vr/mm6pxiKZr5gf39WdPVQGhJ1o7U0y+zgrb5MW58M77+pHt921g8cNQlaR2ifw0GIAN8oaWL1Lmg=
53O6tnDqfFgKucte0Pfy81mOdVpNwMjO1j60RQtIIFhi5iODd2pjnjk0K/6mNx8XBYWMONvFWNzmG0snuYh/mvpdpz90ZfjjP0ilTkcdOns=
53O6tnDqfFgKucte0Pfy8/3Fd6puPK65yATrw8BHMjhSGsGvnV5D5/YEepUA9/A3qCSg7vVpgczG3ip1tU/b+WtC7sWf4RwNoGLKFGJg60I=
53O6tnDqfFgKucte0Pfy8yoK3BX7NqgOLqnDurP63N6F8ogcXx1OyKnyVWXI7hSgm0GrdQhoonuuB4+sUfY4UWI4PLhSXduwOrjnsSlblMk=
53O6tnDqfFgKucte0Pfy8+QqXnzVqjrRr2gIy1fvVrGgL2BZ/PgkYphQ0rxQfbQpeVEwkES6gmhY5QrNEpB4ff17jUNvngxnIFbg2uQxskM=
53O6tnDqfFgKucte0Pfy84urelIn/ywXnpLAyh03Naj27NAZ0zEcBYyj5FeRnqGqr33UwwKWZF5gqbmkhc2+rXAJ7DQqHwohD9hK51prKoQ=
53O6tnDqfFgKucte0Pfy89EgLJROATxz/jxexErNJ+x6Ug+FFpWXLl6Bl3q8gPTzKdRHlDzxv993tjBZfp1TMlO5NO7i6jENEZmdV4nD838=
53O6tnDqfFgKucte0Pfy8yn958sui6cb3haOly/vrdKoRKBuVIsJqnGZwctNrAjT1mRG/xa7BoqVFH9dACLeR+M8zEJw2YiLun/GIYDjIOs=
53O6tnDqfFgKucte0Pfy8+vTGH2ccjzrWY25Fc/Mnhokwx6/ApTooWWuFBW1DPEmVh0TMFN1ysxItR1U/Di//lP0MkQiNDJYX4eiuxNbKa8=
53O6tnDqfFgKucte0Pfy87E6G/Jrm3mzfFBb46dAbA8AFHPBMEgbwDirf72ExaTXHK4G/5XkISLbi+R/Px86RKmq+JRHFW2g8QlaSnGPY3Q=
53O6tnDqfFgKucte0Pfy8y/vQaWTgfiHmvhkPp5LtmUAmFl/VWmx0e8B7xld7tFIXcXnncULHDknM4duvyBZKqRQg4av8ZpHTR+27zWfff4=
53O6tnDqfFgKucte0Pfy8wh11q09o8uweKHDI9DLtw0Nsu3rAtCJpI4kaC6OatHL2x9uYa96tRiM0inj1S6vBuEZ1laRgyO8Wd80G4VOAug=
53O6tnDqfFgKucte0Pfy81e2m4vNwbSajgywOdYwJcBXOTfzYd3WOEI6HLCqS4oEhdk8N+EKUcU/nCv6g30wahiKOGaXGtUEV6H86vFV8Q0=
53O6tnDqfFgKucte0Pfy802+4lwghkG0tGYfKgmPz8sVRJoK0iUaNVsC0tSv+dh7Te/td7ibPAt01WMvu0FtZ3n7DoR7o03uuP+t6SkNIJY=
cdF2tCB73xADw9/5xe5Ien9/+gfGjAcivqaQXqMtwbfl3HusVimthBXBlP6BW6qQ
cdF2tCB73xADw9/5xe5IelVRY5ul/BrF5Trc8NvZ3lh43GncUXMFXOF3N0WMvkx8hkEpDMSywtaYho8fWNG6aP0Yd2IMHlkc3kJmIMfKzoutXVvC+jUTXMhnlLE52WbZPThx8/DJMJmUL4zFRznSBJfR9LBWMvSLYeVyOBnY1gua14ANjbndFFRVtyvj0j+8NzwEKs3HgOCBewW+CpgI8Q==
cdF2tCB73xADw9/5xe5IenkXvRj72XNpEnaj3DAikiZ8+o01l5sL2r5jbq7LGbxRonYZowpIO6YV6mKqNzMrd1Fug3LuX6+h1AJzQOAOpH0=
cdF2tCB73xADw9/5xe5Ieme706+rqOZZeV1stsfEs458kTrie+0qqbZHfSdvuXvb
cdF2tCB73xADw9/5xe5Iep1tN1l3eSDFa0PsL1CxY39C29egEm0BrWnJKGDe0SQeWcsuF8SluQfXkUF6c1LmlWOq7pwUp2zMCF0YC+1zgTU=
cdF2tCB73xADw9/5xe5Iep1tN1l3eSDFa0PsL1CxY3/9IYESP6EeHxd3RJaTimdnm8wWxAxOkZc3BIshrj0eQu86eRLHr82Z4ZohQRmMPsA=
cdF2tCB73xADw9/5xe5Ienu0lCKmyq52RmuzzlzKGdRDZCUgvNFF6KAXtmf4NtQrN0KPdQbEqfyyiCuD4+5cPqIfaiB1pSJmn9Ax+IPNHH0=
cdF2tCB73xADw9/5xe5Ieganurju5S70ewKOrYewRiAFJNXSmVXt4UbkgtoRyHBV4yrMnxftTgA7R8HTkrs5BvwUqq2/mM3t8LwGvF4f3OtX1pvzcuFvY9tDYht6GOtmUqhg8sRR3f+bWfG2aAOmP19SDVaxn60wiaQe8xQdG7E=
cdF2tCB73xADw9/5xe5IejYzEZReGyhIjQvssg9PgQXXEyf3kFlrX4y34MLxjmnfeWwi4PnKILYIztORgO7klKf/24vUvmjn8HMGLyUkzcYGeYDaHg7b2ALGrnPTboJgJnSm4LBH1tWLzk8DVN1ogXEO3Op1xjj3QUX7dikXrkQ=
cdF2tCB73xADw9/5xe5Iemy/TFTmKe4Wnz5Qhw3aH4B6GugHuhTKk+QsEPi+B+oVf/+hiTRl6snoG7kfyrKERPaYSJux1234uRc6ey7T+eUNrGHqSBGn1ee77Smh3f7cApU+gBH9Sw10tFz96TQFnQ==
cdF2tCB73xADw9/5xe5Iei6AkHD67mk/ECY97IkifSBCl9J+CNkRquolgBxriEYLB0Sc7vj+PtKFoTFqHUSX75egkorE+hLMLiZlUuYs+7WfADsuO4gRI0IVKNxp4wE9oZbr0bs0El8mIo54fwhlSECRiBvt6vNI5Cb5NSpWXTU=
cdF2tCB73xADw9/5xe5IejPBT0dKHFRvbtJt6uNQjjxiI8JcZZUhko1AtPuOVsnj
cdF2tCB73xADw9/5xe5IelN/HPLK7ESWzjz+GlYVO4W/iScinx7qpkAuInBQRnk3D1Tmn3bHItgsHYOEXc7/UX+2lI4GGBd2VeU4P1Swuq0=
cdF2tCB73xADw9/5xe5IerFBR3QG685Mu/7sQg2KE8pHPUjSAo0qWbMq1m1X6V0X8VlWFjkPQ+rQoCTcP/ia8A==
cdF2tCB73xADw9/5xe5IevW9q2eVGEGtrZn6Vc12l0osTwjvGpN5vigHql+l+tLMHSJvPtTPWXNQnsBM0CefD5LUu00qjvIuRC8AWTAD0t8=
cdF2tCB73xADw9/5xe5Ieg3LN2QY0WxyftQskceGu5zBtp8e1v3p+9ajHD8unwy/sJamPC6UwbzpbLzc034jEU9elDT+xB+RT++E/eqMEph77n7QIgEk1fK1c0tlLAnml0IH7n1LqyQkWENO4IwJ9A==
cdF2tCB73xADw9/5xe5IesRwIf0alfgA5vqN1vtJ7G8NbPfalG7t78gPWJT/uBhbzVozl0vhrEGOEBHAZWEbvb51Y6dwAlkNZSYDiiTMGK3EQ3GFFthr+ySj5Y8ggxpUQRFTpMIVT/2sOgLfteoZjp0eSesbDkTY5pt53ZYXYRA=
53O6tnDqfFgKucte0Pfy86JAV4B7vWGjf19PsmZ+SWrTK+Udlj4XIZq0zY0jrEYKEAG8wMGDylbfvLMUJkXI2PUjA46mTQq9yiScf0NylZA=
53O6tnDqfFgKucte0Pfy83lopwcnD3jMURWPlhR3ceQTc5lY71458eXxmZ+X0KiIrSklh89RB6ozE+PPAu95sk3TElyLj+kDs1WIz2+Wm8EAHrbziLZNaONlU0fi4tnIphM3m/CkG4tnTmSMUPafDD2z8ozu37b9MvGQnMuqgZQ=
53O6tnDqfFgKucte0Pfy8/a2qJZiI+O6ZNXQnY1rePCcjQq6+oVzr7jGZ+jObGYZtkMv6v8wzt7xTYdPLPhsLoG9G23iTWZKQGyFlSYRB6y4miLEJml80L3IEf8OQaAdpft9Gv5fWmD2ggakNFQ4E10GClrieoCMYalPlAT5kcm1Di/+yPKzkCKxGAp2CJASESLGuiFGIHG+p/5lwd33Nw==
53O6tnDqfFgKucte0Pfy87UgoWU70p34lETZgAPahcbWqvn9rzaF11sf5bsb3vHqVuAraGIq6vuKOGko2PGKqP/1Qe8tmakg1dJnpIeSdilCJoFbYyUPXKqnr2KY7M21sVGWKh3AIukQx8RPrse1WQ==
53O6tnDqfFgKucte0Pfy85SKNDf+J/3Moruj92WmxtcQanRhyjYnlR6fds3gkbAzrGLFmwstacjcVAa7zOoTKmuIYL/UsPwd1c1QbMjNIZs=
53O6tnDqfFgKucte0Pfy8ydT2dHk3s4UqDk0O3Ao0UyOSEmxbrRqoSaAN4jOda2QeUniDVAICbnUwXCDO+5GdHmNmD5QupTbYKc+G/0+A8gXTrptbwHGe9wTu19U0r5Y7KJbEhh09mxTq/dRajZqgGTM5YVImCnuyUTRZsjkKHfnY7ZmyhZYkBSX5XBmB3bAfmk6+2TOcr065wWa10zICqMk2s40HDwr13Z/D/SBpqZEIr+bsnyClWFwurGZ4UJSEuFbweKZ6Ek9hm61+TqPHzFlNenMaRfThnGq2IfqJvMpOOS7QbhP+k8HYREibdoB0pFid7PwnYkXRjNhDlBmb7fU641psHt1BKN75yVth/g=
53O6tnDqfFgKucte0Pfy8ydT2dHk3s4UqDk0O3Ao0UyaSIQDPJBmzmGvvvGwshIdb7GnQarJ60Rj5K1/vT0idtlWdQVuj6tp541XbgCMKufnLmtY8lZqRh8qm8kWx+3So6/B665sG5UDCMEV9ItdJw==
53O6tnDqfFgKucte0Pfy88XPNmsxA4akPTo9t0SNo6PXNL3Bm7XEe5j7yKqzNu983JzGOWogoCCUJiMLCDsf1MuUwXtjo2yVo9fGf3p4qZc=
53O6tnDqfFgKucte0Pfy816AnSFGlFzXe6VN3vTBtyZyDXmyIb1QTdhMz8aaRzw8Uu+pFeuz63XKmaFMxBMcRp0NWViItH6Y2rjk8ulnkBZMXk4KGkR4UH/qO2SkA9s51Z22BdG+Ult1o9qMiWAJ9w==
53O6tnDqfFgKucte0Pfy816AnSFGlFzXe6VN3vTBtyZyDXmyIb1QTdhMz8aaRzw8bBJ4IV8rdPVRCvko1pbZey2kCsQgGvZu+OD9EjZsRc+58ckOaI/LyYMH358RU/3PBvftga4qBvP1tX7rqVPjLHca1osW901C4RouCJQeCTMEkSM1qfpi8rTSx3QngZS83OyI8gxu93gFcQnCVQkyvA==
53O6tnDqfFgKucte0Pfy8/dxbcm9NnSsj0iLopwoupgawsn4FM3GCrJziEQyaRm9uuFeYrUOM904QIbPdJgEnBONgcUR75Vne3VlRuuGttmPzLAaF/mmz3GNI7fq6Mw6TkKxgD/hSVtWxnS/4RlY/CpQ1KYQcWb1d/w8q2Nb2JloWRw9nLSsOs1nzglaBIWMuwyGPb1j2a0cuZCXcWhI3NDlJ3iI07nySodqmO/cpKA=
53O6tnDqfFgKucte0Pfy80FdZkkU0EKstDBdt98CZA3mKYNySt7sJ25T9gBdcoSx18A54rKKu5UkEHpU+0dDFsvwb78hTSKUzHqG/0yqkRuPdJpHQGfKwuNKvb0Iepfd
53O6tnDqfFgKucte0Pfy8zmrqFdKOwPyGy2uHVXVFDUGkaR3nQsEaB9ztQXYHIiempSfdF+ZISFIgjnbpk28lUHj2TUSnSCCgaqKcKy/1rJUytMsnOtPVX2zEsT06wFaHP27qe8dj7WCleX8YgMRMA==
53O6tnDqfFgKucte0Pfy8wOqdwZVZqZhgftrYT0NVxPuJfSEjCRu57RDLV7U0EZnIuxaOnE0rsXfEUMGqWBwGmUQihVW4LlB7IYDfxoo1BAyINASiWMnKVhRbtvI9CAGeFV2rloVLWXay5NrRRqRXon4Z6Dk9oPgq0I4pwowDIqV8CuxcHx+o68w6oD77qczFcwZCg4fSxYgIXal0aho4MqaWWTwvmm0WqIb5+DP4Ms=
53O6tnDqfFgKucte0Pfy83X44K3kKgsdOYIi2wjlyWpXK34xFB5XZz1U2GqLkhDzHVDX+QHNBL0L08RN8jEaY3XiSKzbkdLFW8otbS5Q4KY=
53O6tnDqfFgKucte0Pfy87ul2QMA1zUl6vd4UGE1hDju9Zahp5/onIV0n74xpXyq7stXUW6yoFy0YbmMxo3ZuJ4XL0/OQecTQe3YaIKNk1Y=
53O6tnDqfFgKucte0Pfy8wOnIYKNNPkyHAOwM51WJ0tf9Yw54Hdqof7xBI3DKit6DakPiuO/1t5lpDAo5Qfaad1jD36XC5aWi817cIVvyBE=
53O6tnDqfFgKucte0Pfy82D2E54jdZRRwQNZ3LBTLQ3eUOJil6k8PmfqnZYr8qkpETAgnjmCIcoX9gnuuHWri822ahKRlJILn8KmO+2e/JQ9W0S2bqpOUU3Fl/lDLjW9
53O6tnDqfFgKucte0Pfy84Wy/z3T9FalgXcojuHKBa3sTbokLXWYOlc631uTBCTNBzDsVbERnDDN52yPXWctjnaMWyB3LcdAr9neqDPv1799beOJMdi1Lz7PMz8RPdO1
53O6tnDqfFgKucte0Pfy842xLvi2u6oepF2w/+F/nZs9+I87AI4Zi6bomMQw6BdncNVdSh69GqmEQCw9YVTokP8dMzzBbBjK0J1FRARfiUE=
53O6tnDqfFgKucte0Pfy8+PDaulVkaovnrdnok3bJWxJ4UjoXpmSfhslN9aUgbZTG2WxBCxMkT3B4OYl5Bb/UNRoYt7sT/mp5v7YpX0JOg4sUu1atfoOJJbrk84+/00VRnV4GonY738XZbxGOj4vbw==
53O6tnDqfFgKucte0Pfy871KhS2HZ5VFv3k7kZTkvZzWnqoxzWq+2fFW/YaQmRrywHAVyoVpZJdN47TMUSqzioHkZGkn8mC0FBTwtedNmso=
53O6tnDqfFgKucte0Pfy871KhS2HZ5VFv3k7kZTkvZwuEvfVSFsix0gQMWQ9yO2MbV7aXb0fuZaKYW/A+lRUM70u6nMs4gQd82zdl0WZv60fIIcjPfaXKO7B8Yrb/adm
53O6tnDqfFgKucte0Pfy8z4XTBK2nuIke2umM/2TE5vLBYl9VVEXNQHY0E0/I0HBYbkqjzu/xkt5XdKmgeb3NuRkr0B2+uCB1HEgDtLozMs=
53O6tnDqfFgKucte0Pfy82IAD+UfyFe0REPE6iMuWk3H4TXzG2c5nEMCdOY2jecVFoJ3MywNs8pnM9gtcdCr+9wi3cIwoBkJhbc9wGWljO72DInw6VXcG06NlkMfsv/M
53O6tnDqfFgKucte0Pfy82IAD+UfyFe0REPE6iMuWk3H4TXzG2c5nEMCdOY2jecVFoJ3MywNs8pnM9gtcdCr+6ihqt2HOlnw3NvZgIlJQB+KCCat3cD1SPcHqQOqsBk7
53O6tnDqfFgKucte0Pfy85XrnhqgLXFBRx1fSSPx3ASb9c9pI7vWxUHsGXwl+hPjsB3UWPe+Aye6JXUqeGcvsSRjT2j9NxNih29fz91lAaWcsa6hoAggLwqf/UPN3stnkJzM0tGKyWacf0hlRAJttqwyUIo93tBgBn/B3nBs0OjPaaB8PXqgxzLHoMRvkXC4vGQboF1pWW6pDqXGhqv7jUXn3KA51h8PoSCZoCGgSRnihuV+PX2S6WBGBKHVT+LAW9OEIrUXukH6cb2FiM6LRegHw74d1H+Wpi306WXqlYB2GpxC5s5/VKAS5IN/ZOzI
53O6tnDqfFgKucte0Pfy874QYRrKvWhxIW31UoCULhtyiEduQomIkC5lrnkosJcHh3WI1/ffcNUZ5KIotjNEl9Ez+yTb9W0l7tP2SgnKEUsbV952kHBf9mBKc2g/t9Qz
53O6tnDqfFgKucte0Pfy874QYRrKvWhxIW31UoCULhuPh/4cDFD2M0in5Eg8FxFNcrAZ57ipSTR+OiScO3DlTUYgovCUzHClxaYdgTrIhxA=
53O6tnDqfFgKucte0Pfy8/DJAl2reWYn1ixKYYyBBqNLsOn9Id6UNl2x+i3hR9qBIjtWHCo3+Q1+4cqGhVpPKFTOUhXmjx/4D8DH8p4l30inoHvFaWf4xCTkn66PVAL8
53O6tnDqfFgKucte0Pfy8xUEWNZdtv/eupdJCEsg8BKKNeVp2aG5L9VeO68jG08KpRDIAEglBa6nYxKcs69Q9W1dg4NyJphalet+PdsxGGuI9p0fIRaryXAfkJkOvYKQlJLLpT/RPJqo/w/3McmKK/bV1o+gjoUf/y+S+GscqdB0N6JXnBcu1rmUN2C5HJt7
53O6tnDqfFgKucte0Pfy8/ddYmIjwBJ6eMn1KtLoj/gC1xX9W/FrN7KDYcY1gx3yDU3RyfpyiweZ98ktpgaLYFal7OCtteG/I4YGVVN+uXo=
53O6tnDqfFgKucte0Pfy8/ddYmIjwBJ6eMn1KtLoj/g/HTs8sBFpP6JThU2tHj0bzNiBfkOSJNrVS5xxOzJfHbiGHYmB6g43yyisaWF+nuZbHBEEgDUedE6zfdE5m4Nl
53O6tnDqfFgKucte0Pfy81L3QGfyYsoklYjMKRjX6C782vHKaSstLBv/zkCcIthBDNLOMH8P9IzwAfdzeJcLpWK0QDQC4jcVAm/vl7aElWtm26fGcAXlKGOWuY3qIsTfMfdLsgnmid/486UUZck/6x5vFGTIKYvxy6CqsdDLvh/Y0P6hVIOawYn/QtoAqOlZ
53O6tnDqfFgKucte0Pfy81uy1pIFaba/bUM8XBA2SEMliFV6ywHpW/YBttnB0Zzo/ik1z5y9AIryieYdsbx/Lg139aVUbfh+SfI0R/V6SmY=
53O6tnDqfFgKucte0Pfy81uy1pIFaba/bUM8XBA2SENc75Nr91yFnds3OGSmVs7tKCRZlPcfawXDlxkDa6CzA4nj+minr+H2BOF5n2CcETe2wZpVwwp0I6qWS+U5n1f8
53O6tnDqfFgKucte0Pfy8+sU51QPVccyiBiXJXVDx7K4u/+xaGWNAefVJHFaeWzp4P/AKUe0SkRbobnzqBybZHZIo1T2FgO49wIrzeObG5IokR78X1uV9vNS5aQYYpILeXPUyRIYePSPR8lD429tkxPGAkQOnpnF+gwjkreIzk7BFHsBqhjrCNtNYVILGwIb
53O6tnDqfFgKucte0Pfy83hUtsb4rVQnRKrYLdfS4Vq3U0h4dpXcAmZ7lSwTHsdx3AJBr9Jh/pcvQxSJ7PNNqkqU8+q3DJz2hC/s7kRrPAhc4Ax/ns2oaDBT0XJUXmS0w8DS7eC5QfgTrdx+2vc+pb6s+7pNfOAaCzlGsauXng0=
53O6tnDqfFgKucte0Pfy8wk2fKIcuOOzzJsglNQMdaCLn+xIvnvRtMz7HBS3UJS4LdVKCmMOdR+IAAw6Q8r4K18UNeZxfEOx+K6b5YX+rIL61X1b/NPn078S32OS2UgY5BPUCvPWbiDPVeWAbme3yf+g6ELGqxKJPl5wdy1S5P0=
53O6tnDqfFgKucte0Pfy8+hPOpWyeysYKVPBZrZFxiUumIg4NNRl8CtNX3bJ0lGEckP4wqs2WtIsw+d+q4ThtfCMYyqPW/aPIxeD6LrbSMiyVl2MuEOwhAJOTc6HLppy
53O6tnDqfFgKucte0Pfy87H6fPFXiXbPaF7II0FgTupw7jQblxprKFu5L2FQcGSYbVJJ7JqLD4ZZxkKrG9d401tdY6YhxmiS0lmRV+hopDg=
53O6tnDqfFgKucte0Pfy8ynB0beV9U12boR0dY7rr13BjvR9aPvbvARr34+h8nwD2OEos646P2KnKdYS0BXEdnfMq9OCMkRhrCxf0KImaP1Gzk0ktkVBmbOBsUod0nmA
53O6tnDqfFgKucte0Pfy8zC25IjoElerSVZnG1T1vZ+ehMCj2pjtgzdVzVLVtjLA4UEd288ykV7Jwm6NHVH4syNuhcygVd2Owega/Tp4kx8HU1if7faag/6bsRqsaJS9TsNBNEKFfsMMarttYpa/IXgHyiB3sqSwMXDzWn4XpetcNKIsyGHIL5loREg+zVPv
53O6tnDqfFgKucte0Pfy8/lElnGbdl83ulP7zYtrWbAbVNsMSns72enBhtPt6IrctrrcEtiyW7tzJ78zycECqfkFYZwifY96nDaynqcBVqw=
53O6tnDqfFgKucte0Pfy8/lElnGbdl83ulP7zYtrWbCHkkUmfiSzs7yWZ0m2dU9rX/Lj55sS2kTkBc9zWOnYbf02ujgiRaGRZnaSF5coFIU0Z4Rh6ZJjXTZJBUpnFG2J
53O6tnDqfFgKucte0Pfy8+TuiPSeQ7pQRFhTljjzpuo+hD43O8xQImtvo5h9HDuTcwqYkn2gFqGexwS1Sb1woeb93XoYhbEWcpdDOvv4dQ9hnlizNYFqglq2ySDWXmlQFanDKUQAcNZAHvCNJB87YF9WfLo22wocSAL0Wi7x7/1WPzCYVaAONdJXcfEbsGeF
cdF2tCB73xADw9/5xe5Ietef/ydHCBXTXpa6tFvBucjtuhiMLjPxZW5H/wBKawpD74//cXx/zeEeA5Rtp5MG4ILLjPKqzzrVqSVuvTlqzpxUm/q1UQJf2f9mXuusFMWcpcOZMbI1lSd8eCsgOe8WDw==
53O6tnDqfFgKucte0Pfy8/dlhegKkccwC6Dhu6/WmgByC27yH/oKKWCsX0mQApV10plsI1aRrEjUZNBoRcrV6NiJGiw6fVKeg6U4AvSmpi8=
53O6tnDqfFgKucte0Pfy87cplyLQtoDwIhvpPq9zVUidUjPj1484UzYybRKCKuSShFSnAqdMoCUmA/MoDD9j82B8mlwCwS+AAOy4fx/niOY=
53O6tnDqfFgKucte0Pfy868K1M4LTt/YCQ3RWFuWgkdqpPVLJsglys5+ncn+IG6/24SiZtwR5ZgpXLqYV7eml+txmRHkr7WmYvXdFODGWbk=
53O6tnDqfFgKucte0Pfy8xqg3P6Qn1AQEUgJhL+++pX5rWsxq6yk+C5JxXGDZWUyHHM5116rcQQvgNA1Qz6Rq0PxOYeuwx9GI/9+mnvhbG8=
53O6tnDqfFgKucte0Pfy850jfIQFMw+D4g7vob/6RhirJ327yS1JvKUl+1mQdJorI2RWPcU5RUY3zDC6phxvJwIQpnsA+ESgLWbtKArJJTM=
53O6tnDqfFgKucte0Pfy83s4ZBtlIHvb+uRh/W/v8MUAMe1A8bjWyrQUTvszkHapZA64hmzLAOjwUSWp2PpdxmxpvWu1fzH6plq/uqX2WiE=
53O6tnDqfFgKucte0Pfy82miYXBrJw9LkThlP5Jl0E/30vcSOhw6VdK1owMoFX8hWQswJ25q2a9LPSxlC0I32pCmqSiUN3HyAFyacWgyxXA=
53O6tnDqfFgKucte0Pfy87RiusH4QuxzlLU3zvGv5eoVb4Nb7zCwpUt4BEl2e2/KZxa2Rtuu7Kl/O8p/BVy2SmiHXaq6IBF8CznxKgZhdC0=
53O6tnDqfFgKucte0Pfy8+yw3FTUn7hjiGILaUtBSVPBCZWraooYzobaxvRRZxQEm/DgMdUJX8BFiPSklV3ONRfdKst47SlsOHy/xsEkQdk=
53O6tnDqfFgKucte0Pfy89JSZ6wb36QlqRAgM+gaFcbtVBx4M5WMeYUqVZOx8GDfeslKTS9CQFBpoja7qYpYEANt9kpTWftDPq7osRcP+cE=
53O6tnDqfFgKucte0Pfy87QUwd6q1jTAe7TnnzRZFxaWtqyHCoQxR+fubpnzf6fXc8KpGEgWtG+DBlFrFW5z5TS4B9tY6nQzhROfhrkJ1Ro=
53O6tnDqfFgKucte0Pfy87ydqeu/08gm/08e0MJfX3IjfhXds3wPqIVqQlZJy4oquLysKPAAS4rH+17n4CU+r6g6ZnjGvk3UWfhyF/ATLKc=
53O6tnDqfFgKucte0Pfy85kucrnLhK9+db23bUJH3k0fMZCn2QuyM66VeGJu7asZ01SJ+7pcnRT1HRlBpUuTUZANBeR9vwPet0HHBKwQTcM=
53O6tnDqfFgKucte0Pfy83Pv+3rx3n0jdrrPrpHS7GYTBuTIjpp66nwuZPHdXPuUEY938nG4kK12JFxHEtin5a5vQ6wfdRInsGGeJfPoNS4=
53O6tnDqfFgKucte0Pfy8yun3orHM9Wp9C/VOMNz0mcMq2Wymq3KSNfbt9OYloZdAhz+bn8qHuwIPMU3u+FdglOajwrrW8zXbOI1b7q7jXU=
53O6tnDqfFgKucte0Pfy8xPlX9rp9uCoPpO4uhIc4tiyBXLahG1ZeTs5GpJ3mlTIbRgyW5ML08XrSR2P3DZWd87ruM59J8+QLvwjdg9RAMI=
53O6tnDqfFgKucte0Pfy82XEHHQu1HB8IiQK9J2cw0RbHXaApT1LcJ2BYTXIfXYxZTixX+7wmOIn1uK/6BXAVXQlkoEWgVkvnhbFaTxmL6M=
53O6tnDqfFgKucte0Pfy89uPHoA7WH1ocgA/LycRvmdUM8vsTH65UMwf46yZhouJ3gec75qavJ9NyUgDkMAb9PY/RL0+BqVkdrhyEmeq8n8=
53O6tnDqfFgKucte0Pfy8/Ae0t2FD1Ic1cm8KaJXaQZnWdg9AHzw054WXqYbXmmc1IsOLo7OSKlthtHOjilWyzZPokPD8OLoSjDVmY5T6e4=
53O6tnDqfFgKucte0Pfy874lq9aMpjqHXFbiaoS0/bCxVQpZ8OA173Zs+NgZtfFKr8rk5t6tEj7q/uGFnk6eNeP6nd2G4cDSC4Mg5ivwUXXxVRreXo8qsVW+MN7UEY/95YOtRdLs8bva+iWNep0XAA==
53O6tnDqfFgKucte0Pfy88bcq5WRdE1e6vTBQCrjWrufsNCqHEZHzYPqkThqlAvgQar1OyMLEj6V2FVSiwnRspQoiQAzI8TIGA9zEC4/Jy8=
53O6tnDqfFgKucte0Pfy8+qQ08pKPpkf3pxD+pBkPr0bwyIeKGp22sJPAm78tgY+xfGOMSR+3mj4hoDvYSzbXB6j/ji0400XShb6iRqqBV4SFOFAQsaqAA02xkmOZuG3
53O6tnDqfFgKucte0Pfy8zzQnXmXUOzZV6HZuNPEzKy6aiwEApiWgg8FnYctpePw9m0BWO6SlOtPe+c1TvueYrErplBC+D3p8MY5/8a7aVeXuN9uWdCIDtIm9T2jC/DXLhn8V/GISD1xymgFD+AXpvs4WDkUIhysVZ+joRkeKlJcURp8ikLWTjBGuDg2VQmE
53O6tnDqfFgKucte0Pfy80BANfzg9P9xtjvFoeuomJ+Q/k9V+4fxOSvMqPtUll9rk+ghov7haNJNGkuWLxgKlAAa2ilC25l3jyDOpI5UNtfYdhDivDh56WpSGEsbm5wba1/Y5rkdmVp34TY9iDiaTomE3ezkpmCO4tSXs3SNQ35wj8rEbq482BGJXM4iqGHpwkXS3Ifvlh4teVYbMkscSDBc++IlA9Zwl7m3nHGmrwS3J1P6kpldPymHrE+BF62U0msrR5MeuTRBC7PG3df2EN5GlUnK8sY3BIMhix89QZvuPuVSAE8ZUXFb5W2/fmnOhRYHET5YcBtLW9FaIhfXzolsO50kJGcPM05fOR4Mrsc=
53O6tnDqfFgKucte0Pfy8wCSnSUVlME2WhO2AE7hmPUNTXff1wqNizDTCjo/QE0b6qrM/tDxJyRTiZyO71nFUrDpuZbgJ3gh5TySHeGFRXTtDgfNoeR8V+iWcj3WXpq9IK+8KblizzGtkxDHqzbyBg==
53O6tnDqfFgKucte0Pfy8zTVZAwEWbP6f4Vs6hkeNxMme3O8L1rT5EoCwFbY9xusjGo7Gmeh3XJiNoFZexZ5PmmhVQDjORHcRkGUj4tqM24rma9P5UmfomreID+hNSL9EGHCv0CFn1uM38RAqBGErg==
53O6tnDqfFgKucte0Pfy8zTVZAwEWbP6f4Vs6hkeNxMme3O8L1rT5EoCwFbY9xusdLdobA8vC+xp3U1WGmHU0qFHuw9tU4t0z5NWEt5YxLoCTWuHQ8HzSR2vPuKreIR8QgiYY4SSyNmcZmy5E/xgZGNThcUVcc26NBvguT72Wm8lO0KqRr8Z3bufMKwN8I2mWcZb31ejg9jEzNqzVWze4w==
53O6tnDqfFgKucte0Pfy84lS0OtjNWskmuVWemNK2Z5wnDyQ3vJgWHYJd/9EQd+8a6bi2gIvfqSpD2ww+iP2rZXpUVFhXvP/DCnpr4kBs+PCRsmugckITbZ012qj6dC2oMQDKr3jLAbgqmWols6r5KV7YZcigJtkhpVZWFWsrEDUoMGL9zl2d5CsByH0zxZtDzF6mViLqCs61eVxjS1eJCt9fXe6zZPvIFjPxsgkx00=
cdF2tCB73xADw9/5xe5IevM4m0rZ85GXn1otayzOWYn5kqckgqYwm008JwcyHrWK
53O6tnDqfFgKucte0Pfy86oFcuF3s3mMjR+dfVnjDAvWvNAxQvtbbm/ga8jPCt7uiZxzOE4Bw2RvyI2+LxS7h006CicZSoSKfUNrvxFs915Dp9qzZd5ps379mhW3OKflsEZ1HjUa0auHsVzwrAsdpfi2VWTeTufFtFn48ViggPAWcoRY+iEaWTjXahl0QdzuBXA2xALkATULMnMv8SK6kEifo5ILBVmCPvyEOIxOoWIUchy1wmudUN3AEtBqyakABUsOBGs04ZsWEzxpvUDZ0XfQnWs1QfmPH1QsbXlxK0wrwf8UL7RwX0fxs21nRCqfC/kSvqbKk1yy3NGyx8rGyyQM5ENFoCdGwMLPi0x3UzQ=
53O6tnDqfFgKucte0Pfy81FvpF+1Ur0WkNexRm9pV28Wr04SqY7Thv+Qv5gR4vTcqsAMmgVCBECLLPsYF5HZgSg10N8BK/Fz4WI4hUV2kX4UVKoB/uz6b2/Ay8RmraWSRcsg6IloCViPQ7TL5bLDGw==
53O6tnDqfFgKucte0Pfy81FvpF+1Ur0WkNexRm9pV28Wr04SqY7Thv+Qv5gR4vTcMyWU67+jBX+E/sz2NbmgbHkrw+g34DGmge1vwUC+oDV7sb4n6ZhRFUTNGVamcsBY9iT1FeyIUo/r3TuUplt8mg==
53O6tnDqfFgKucte0Pfy81FvpF+1Ur0WkNexRm9pV28Wr04SqY7Thv+Qv5gR4vTcqsAMmgVCBECLLPsYF5HZgatjHJAZqeO9cmPublCwnjmD0erCneOgyB64NpQtUI2xjRH+dvBFOcgTkp3o7G8YfQYDIUf69PUy3YMGKeoweNs=
53O6tnDqfFgKucte0Pfy81FvpF+1Ur0WkNexRm9pV28Wr04SqY7Thv+Qv5gR4vTcqsAMmgVCBECLLPsYF5HZgb/cP5ir613HhRt5YUZYwguDMw/LQczeoN5D8SmH7YNaQLzV7gdh+OQqvx5149BI7ZNlNqKoSSYaL7f4ss56UVzuaES5QUVzxao/26nMqxvj4ms6yYfcfwLwaKqehx9PfnCTmD6T/KnPFHVcAEcO7LU=
53O6tnDqfFgKucte0Pfy88PiNvTTXotylnJO9Ls5rKZkovDwXW261eDuGPvqYXMRooK7DvrfTOPmujbhyL5IFwG3BkB9IT1ifm11rEwwYtwUuoVmqbfXDS4HoGKzjaIZA62jwpWxEmw5qGkJLrmvXPNuO56Vfs4ZzZjJtHIkGdw=
53O6tnDqfFgKucte0Pfy880Zhsy8qiA30uoNp3MQFEG26wMAHreWF/JdvOqudQ/i6Q5P8pg3qZYZPxxFRjpgRlJcCp8rPpvHFKMVUvL2fsFMXn4Uyc/+TpWcyinKLKeL+2K6/b7EejTedxkjAvsE4Q==
53O6tnDqfFgKucte0Pfy85muZBdamq9OgvG1QKtnzBbc4V58jMPcS+B9+oN1wTQooLl1Sz3KPRmteX2mcTfW1BL9hRoCehVbs78tV6Nz3HbCHCIZ53pDZ1n79Suj8zCUcX976kvhBqGji7idp1E3mkRqVNEzDOfb19RJc9g19u1tdCoaH1nift1ao9S2D7e7JgYT77k0HS5O/ayuY6beksGQnJbZUd9XaS2iNaloxck=
53O6tnDqfFgKucte0Pfy89Ynez9xUkkeIbvcRSWtfCOmomf0bxmEq4hrBg+HCluw2ga8wCcFuhuDaMfumBubktwiMvwwZY/BN0OwMJkjEt6RlkA1/QlL2vcFq2ImHsJWELerI0b9zs0/Pu64Ywkhxw==
53O6tnDqfFgKucte0Pfy8xBEiZ2E/KmiFUdt727j47mZz0LiU+gsSLKAgh3TUTG/4vI4YLlGGvRp2rVjVhCrXRdfISFbmfBJb82JO0e2Rw0g+elwRyjf8x3Ji1Sqg/RweYyigTJ0Kr9kWCxk1lf8gLZt9I+dypqsEToNni43O3c=
53O6tnDqfFgKucte0Pfy8xBEiZ2E/KmiFUdt727j47lHF/FtcoYd6Kx2n/NmZKU3Oljw4h4+gCbKmMDzAoHbtBJc0Wo1CvXNAyaU/ePct40=
53O6tnDqfFgKucte0Pfy85PSAHVDTjgOb/7X53BvOQqYQHP4qK2uG7qGz8VZEvrx++vLgEy6otcwauYyQfHzmWf0P5veR3r2N3x9bxyy36HRDOA7tqCU+JsNSIFWma73HfuiXYthXdPzPZazgsZnSW8v7bWyh/BPPunOC0Bce/V8sPq8jj12SNn2Lkp5SxaSBwM7tF58MhQmd9viysCjnUK4W9Us2xDZWzMddirHbCU=
53O6tnDqfFgKucte0Pfy8xxSpGSWuT7IF4pF7x/McIukJoBB/vE0EOjsn/wedgpoBczDthM5coA6u169WNpZy4TQB32imJMBTLkn28P+FlU5tvaUsgUVrthQFkild0qSV/6/jsOrKEim7Q5Y1hNb3A==
53O6tnDqfFgKucte0Pfy85yrRn2LmzP3UlwJANSizHwvJRxgHp7t72FDtfi5BiltYaOfq8Y9McXDk3CSIue/5yw+JPZu8eZRzkxgRnvIMW3iqv+yfsqzvqPXBx9nl1pR2+T4lc+/UmujeOXl78/+Jj6zStPsghP+HWzbEdUqask=
cdF2tCB73xADw9/5xe5IekZmGHe37vsgq9V/ov+iXp1FPnowVLSEZLAF4aHzRkPeFWuGQOrKpJtjVoIWNDu0/X6vZh4LUbtQks9pd2/1FDg=
cdF2tCB73xADw9/5xe5IelFPngu/jz21cn17g5FbJ+dYeyo9huNDAPMuMV26GjUsKr5Y9OyhfHQHwu540cFoFQ==
53O6tnDqfFgKucte0Pfy80SMfWJXAujBtop7nFkSYGQjxTKr+KFZSaJIqxr1FaYVdJj4+GNuKLthXuhHPVdXZdtrL7XhfPEAmfsfDoWVlJw=
53O6tnDqfFgKucte0Pfy8wfSSSEbgRICUbHjQUqkpSvDpniY6O3/3RIFa0HZS7+WGOHjkLuuHkEO1uGDF2AvEO1mqum2uuRjRc0yM5HzLRqWwRHlrkjQC4DqOXZEKt4omb5MjbhkNiDQicHw0XM4Tg==
53O6tnDqfFgKucte0Pfy81GQl3ckPmQDv9ZKYJlAi9lFYa1F5GNvU22/RQAtaj41ysDXjbeZ8XzStl8Bvu8w0iFeJWrEmzoSgTetxblUpVMUX9NycJCETdcTpZaViKfVX6+eQCOKe3Cg6cNyw0ZY6zMj0/APjTTksRWl0z9KaPY=
53O6tnDqfFgKucte0Pfy81GQl3ckPmQDv9ZKYJlAi9lFYa1F5GNvU22/RQAtaj412OQLvBNo6SSic4/N7T1fEkJoX53mxGzPQsBsDtiVdqY=
cdF2tCB73xADw9/5xe5IemwLQVIn+E8vdofSfh3b0X4IQT2jRhIfxzF+uwWLVNEyMwQBB/TUBrItFz3aJitw+y/J0+pwZBcPqdZDWmVPH1A=
53O6tnDqfFgKucte0Pfy86/01xWWyzCOpmvbvff7Z3qDvh408rox7z5hrMEdpdEDrn7Ds9edr8CYq179n/U5YhjTPJ5YmfxMlTIVOOmD1Gk=
53O6tnDqfFgKucte0Pfy88/GMg47T0qXbWiHgR4D+Qz3wzexC0YUAeqi3R4KXHTqL2p4YsuFML8SMrvrgXq35isXzdbJwffYUDoFbhPb2Vs=
53O6tnDqfFgKucte0Pfy88/GMg47T0qXbWiHgR4D+Qz3wzexC0YUAeqi3R4KXHTqL2p4YsuFML8SMrvrgXq35isXzdbJwffYUDoFbhPb2Vs=
53O6tnDqfFgKucte0Pfy88ILmoN9y2tg0k+bV9oNDgxg6mYqx0iZqO/ROct1EiIBpWlGbTcH8Lj9NriXYJTrj4noOgcXJxBRG2N1OA1CPB7nvAeOcQxqE+6HQEw3KlWIYRcnz3LFA0DUFFwqoXNPTA==
53O6tnDqfFgKucte0Pfy88ILmoN9y2tg0k+bV9oNDgxg6mYqx0iZqO/ROct1EiIBnrFPyswYCWmgMtdGmxR2+F6KXvNTrbK5qWrmrhG1IA/Pl1uhzAaPnWy6BeVT5oIdPMGdy3pIDaqYGDebNppwweXvwySAtmh8Bk/hfD1HWSM=
53O6tnDqfFgKucte0Pfy83pJUzvxDWjIK6TsJ2EGQrLRVurWVYSZbtMhwPrsY+pl0PbNkyDMooB8LygRS1NP2lga76tM4B1BxbCIfTwV/10=
53O6tnDqfFgKucte0Pfy8w8fBZIz9CTq5yoeu3RlqEnKWzJ6PggmZkXiLurFvz6xDse4xVnZph9fo6zF3cFmCk1109V+8Kb++p8EyaV1DCg=
53O6tnDqfFgKucte0Pfy89s5ErxjYGmpW4T2IR1MMq1mcvQzLVdikaVpzNVG3IhBoOFUpWZsfSDpyEV3zxmvPVlYfWkDCqjGlHdHuHAm5jdRVw27R2rTxSI9+6hD+6ze
53O6tnDqfFgKucte0Pfy8+dnLcTvZxV72afyYQQu0SmdyTOSaRGfJ42uQEet8ZNeHY/63bGLeXr2JakGne4mO0LJNa9rJvp9lbbEc5SlOJBo1yPxRGW26WYW9Ja9J0gM
53O6tnDqfFgKucte0Pfy83ywG3lD3ZkcyOXjpz97prjq5Z4r6ioMfGpFWmOo2SPIqA/WNvI73vtm4Fhui1eg/Y2BW3Jh9u7M0ie/2fS4JDzeoQxurpKTev32ye4Z6H8n2BsQFJ5jrf8Q/nxTxwSqBuuV/Gg97IH4nMu3AlhCjS3QVEil745BGbrlpQ5ncafk7WTiwqsFpFNX3KJnOOZk+N+m9ypK3SQtGmu5pP4v99w=
53O6tnDqfFgKucte0Pfy83ywG3lD3ZkcyOXjpz97prjX+h784qfkB8qLgYWYloZ+fTb5ePEyDxsvhJ8ETcmgRz4lIHg7InJm3eWwgnVW2Ly2M3x2yshX1akR61vDwReAg7Y5FPGJFbQsS+6eMWGLUsV+ZuayoaFpl4b6esOAZV/GJOX7INc0hTYAL8BbR9yZ8Y8oHxlsKatKVpfUoY2z1PB2BsKBZL6pb2QMUdW75CAsnbQ80LgUFHud0wyM+52lQDZjvMG2SJClYbvul/LVBWD2/68rZMB1PpSg14ELiWy15AxCGeqQIWN9NrHhUKExXkfUcE46KOlLfGe84bd7WSENpguGrBkThc0yVC/8BrxS3uxBZ5I1Z+tYsLXMRrIS
53O6tnDqfFgKucte0Pfy83ywG3lD3ZkcyOXjpz97prjq5Z4r6ioMfGpFWmOo2SPIqA/WNvI73vtm4Fhui1eg/UlSp+33MeQI+IuSM6SQoec72KuOct3hfpoqQHtE4Y0zBKg2TWTNx1V1/9J5+KnuJA==
53O6tnDqfFgKucte0Pfy8+Fr1B7+KRx5+z8VGPq7ScAZxVdAYR5YOwkbbaeGrOxPNrkgO5JzsY2R3WZaAUmoy5m4Z4twmUBEtk3QCTVxWERKOTAyDT05jtn/M7FsTvj2uvBiq6MmhPB21pMdlxPDJA==
53O6tnDqfFgKucte0Pfy8+Fr1B7+KRx5+z8VGPq7ScAZxVdAYR5YOwkbbaeGrOxPjOOhk2SDz9FproHyBzJEEqU48O35Zi1O+So/w1wJi6dRIziJsZO7NFIVq/pieaz30P9qiaYslWhm7HZ4MY3lvw7t+SVRGrQgWo5tLs3w7nc=
53O6tnDqfFgKucte0Pfy89zhgVHwZkn+ztpYrhaU5CABauvIEVdV7mWC2pxmKasq1EaYlQrY6AiZC30dbPuoymcULf8E7s0ct1A6CQJ/WN2jCn/54tlWSwJzK8rrn3nFlArEVMavMkMa8Y5TSk1eU6f8P2vVwatjWe8elkwbViGyu6ZeSCWFgAoeyOIPB8q7YCgAEmFFXIcqVcR15lVJGORb+uwd2/nTgxbfsmaJ+Ss=
cdF2tCB73xADw9/5xe5Ieo8lg0Oy9pgneGfU3MuXUE5FoxPaQHCM58Rr1sX2xI3w
cdF2tCB73xADw9/5xe5Iem6kGLpCazbY4HrVCRzFsxxHSmjNRIjVTTexy0WoEEvn59ZqsRcrGuBTohrBsYLCUC0jqx9m8nSVlc/n7v/5OgMjdm4xgwA54jsy+nSFpwv+l7g7tZtiIYOpi0z+UkNWVA==
