GmcONIA9PFzHw1gpPLLPoqev3ytAH5KO3S/CJpMsylg=
35kyjVfwBJgytCi6KM5Vug==
FNt9orFfFSbPIXNSbXcP2Q==
gE2g7VQeqq0h5MkG44fPUw==
A4ZCFW7RnVRfEnbtNxUDb8VFIQmzxcIFLuiIjRY2q84=
cwgQW1UgxyVfBeSrdwXHsPE1eoSAri+NViVSjTYe4hg=
pYn3RyiaY4vz2unSybTHuw==
mAzeFbkWBGyzJRgEWJSZYQNn44wFaguEUnqkvHVinQw=
NiGef/LGs6v8Em6sqLz1GYGKB0111uCW/TAqgkiW0+w=
2lfNnhNY+w/3xMaMUxJbE0YFT/wvMlSDz8Vrd5FEs18=
cdF2tCB73xADw9/5xe5IerLZRvsTA7EZGI6ojKFx9SAOc9I63jHMuw/yAjTvBWzs
cdF2tCB73xADw9/5xe5IevrbYqfJYo1ljNjAqVJas8NuLLFKYq+HrTy3dvesurAF
cdF2tCB73xADw9/5xe5IesUse6Loc08W26nHWLSXcThOhzz64IMxJ4Lk+tp/g+HEQ6O/f9YwsZqNJirJ6vM0e/FTbfYdV2w1yhBZcTvbQdc=
cdF2tCB73xADw9/5xe5IesUse6Loc08W26nHWLSXcTgYJalLsolEgQepU+ze7aQGWONGpTfeqkLUoI/yC3w4WSi7kCzEtwTVqiyza4Io+rI=
cdF2tCB73xADw9/5xe5Ier0zP1rzLKnjOEI5KVMQ0O5Qz1mnDCEyQ7rIe1bG/0HNMANtlOMXHtSul2TV/OS01sqDUmdV/xEHUWmuH6xu6xI=
cdF2tCB73xADw9/5xe5IeoWIpRYVknY9T8FEnGvxZXjoYqRNTerNF2Kpt7G0OXHSYuWZeh8AXaVWeMktzU0Gv+lRw9oCfWZfyXb4dB3DKm8DSGckDu7/A3TgWnpnWGOE67rUnOO5rcOb1hJGlR/ewtjHVTFtPfLXAqXefTSTGcRXQ9QmaOtJvtSzOxJnX2R2hqO5v6EKpe9X17voW6T3iA==
cdF2tCB73xADw9/5xe5IeoQ5SMVpLaFHeehyiEqj/lN7x0NyYs1eK8RRDF+bC+PGU726piNQx0fNAGF2mL5fcrl1Lr6oC2zk4DpJRTYvIQs=
cdF2tCB73xADw9/5xe5IeqlqUrbB3afFUws2nTyZtIKTAVGmOzx2ouBrjzX2CZnW1HLw08dtYIMujGWM4HYvwF2XFP8V8aK56u49QJ6Fdmys+Z2JbzCMRnWWMdzlC+dwhMJs/GQYMvEe5tuxyHemHiI0ffjOcvirYls9UObZhBg=
cdF2tCB73xADw9/5xe5IevG/10qY1QysLAuOAIlSgeqs+EQFovhgJF7baB+ab5KT6eQgmWZoyG3Wgdhf+PLUS3l7EgPjfB1niYxTkgBRlOpOzRlkKm3OyUvhd+Ph+pgA4FytV5KkQid/n9qDvcB/4AX1TpvxDaZS9XhDj8Jtn0I=
cdF2tCB73xADw9/5xe5IejbpVok7E6SH46oMkZDNJte6X3rH0mb8Y1H27FVEkgcuLau5RNIRYEmLTVnhhJIY8R6syNexR12lOjSgEbpIcTr3AOXxCcp3wSYPxYZzH2x/qEfEFF+SKPXEm9J4ccMWcQ==
cdF2tCB73xADw9/5xe5IenqAHeJUdemW7AI9w9ljh66wMOMROxeB7CRkTAxENjOg
cdF2tCB73xADw9/5xe5IeqTKzrQXEIZBed9rDAJ8mg2gAHQw1CPvUx5DgiZRCu3+WD8FQ9l8TTwE+Mv0f7E8E1EooG5rxsuCfIN6J0JKjC8=
cdF2tCB73xADw9/5xe5IekQLO4WeNjfhCL4lr8K2lJ2Qq6b8+n/etOMQeQn4xuCmPr26E0XtOH+sjFNlCe9ajA==
cdF2tCB73xADw9/5xe5Iet+UqJk4X52MAyIKiEgclutM+LjHiohDNUCLSs6PHwO2YwB1RpDBxSFgzCiBZPV1ltTf1wO6gyACD2bhXOOsWXw=
cdF2tCB73xADw9/5xe5IejcW7Xp6ePGExFT2Un5eCgqH452qbMB02XhnVFr3/CyNrP+gVdPfyBsRqajSU7mM16b0D4ZIcUp/TtoNirWy90HSHHgrl0PxPM24dsT1ySvUbcOjaye4XQEz6kppRu+KhQ==
cdF2tCB73xADw9/5xe5Iege3Okg1j+Qoj8AAA1Oz3y7s4WSDbvNVNDUZsHyAlMhAWeMNYsbGUrRTB55noIDLzBhHsIrceBcsOrE+ns9M/gPhMF9kcmWwDw1H6Q9nhG366Ylz4FLUgknmSkhFuTyic0tr4X6Juqm8t6dMDPMoMIQ=
cdF2tCB73xADw9/5xe5IemA59PGfmWqFs08QpaD4bQJr879u7vPGJpGILlkn9qXcEZoXT2g7F6LGGwHpjOCmfb710KpqtrQ6fOG+lmFutYYKkHhokIhJERiMm56ouMoi69ku9hMEykdNd8AEMqf6mFPJmH2a3k4/ZIan/S4jJdU=
53O6tnDqfFgKucte0Pfy8+eLHzhvExM+Vm9fUYrW9K1ASyxzUca0xcf3tko+HOm7tl/JnQ4DngiYHgtdE1Ckp+kJygiw90yn3060kh/dAyA=
53O6tnDqfFgKucte0Pfy8ziZoqUSMWt/zzBPKltbBIb/OBEFJcnMNfQYBGTS++wDZMT6wQFCgopmT8BjGQ9yL3UUAARYPJNaGb2jqu+MhU23xCz9KCZi29iwhnO6zWqtrUIfqmwNV+QxfF7XeAJOsuVnY6HbTlrna/wpMhQOKwg=
53O6tnDqfFgKucte0Pfy88Vf8X8q1ORPxwBLG3ghPj0jysBU+CEHmQCbbHqaIFcLbZs6nIDQLoYGksUrth3UHQJvhUtmODmBcZSYfrG4iWq0S3uXywj47uwfC0sFqHPR4xSE224U4n6HaBf/e/Jq/jC1AEbo2m017s2ddCfIYRzJDJ06ukoVpP2XvNCC/caaZrydS9liC+Ad4d2dNuPcGw==
53O6tnDqfFgKucte0Pfy8/Hur8LE3aJBK28JBSVd/4cXidZd0obqFr/8WD01fFDtQbLGkcicimBii1CISlqZnmB/7Q1fVa5CiH3UHko1e7SBg/RDw1Dgkl02M65i8V6cnGoiwKgBR/40Z+of6lO31A==
53O6tnDqfFgKucte0Pfy8+WKhYJVmxU4xKZMrMXlmxqk+LeUtCOAJ/Oakyg2YW3BwdQgx1VKNipTetw+vFaUR9sL6ZEnuHSJqhsHMSkdvGk=
53O6tnDqfFgKucte0Pfy8/Frg5JTvQFqGKkXbIlPCdN6WglhIS3fjDH+tWoj//Fg6XDHnWnn+hpIQP8NSMAp/5euKWNJnBlxb/bUKafKIn/1y/JH+UqL4nvbFcyeuQFRIRzIw3GO+AX/HjJrE1MV8HzP7/E1WWlrfCgtm2ESriF198F0/FnvmPlK0NRKbJivXaiP3mMEQ4XUufuF9V1HprvLApZDQycbp0iYa1+otC3XSBlNaeBLlezJkdUd3Fk9lFUTtBbCoHq1CR99xaFSUk976F8j7jOP3ExegdUd7A9YvaS41u0f/RIhKozJqV7rLTbOu2DmikPhvjXOI7xPK9sDg4fb74jagu9Lw+4bu20=
53O6tnDqfFgKucte0Pfy8/Frg5JTvQFqGKkXbIlPCdORl7fjl9+YLR+zVHw/om41vqjM3o3YgCar3qLR2dG6MTAk0KhpX3dwQk7ETF+wX8tXADUlFVBIWx2RyQxd7/5YU+uG0ZfzpONnkl3vyoBa4A==
53O6tnDqfFgKucte0Pfy8xsO0tjtvrXkajgTqjbIH+go4voovs8CyriE+QiKeQcgeMrtpO7sSDjsOnyEeai7bLdeXqbvgKR9EfqFJ67T7m4=
53O6tnDqfFgKucte0Pfy8znnq998xuXB38iS0s1Vo7nRy3miHnc0aRhgKsff4o3S4MhgYug9RYLGeYSGTxqAgs1yZ+H7EtH+j8se2JpRNZkJTX314VNBSkJbjg18hHbSXG0sBiLDP6/tiltg3brRXg==
53O6tnDqfFgKucte0Pfy8znnq998xuXB38iS0s1Vo7nRy3miHnc0aRhgKsff4o3SwMDIDcdbG8zodiU2vrWVSC2AVTX5ktAvlq5X31BfGOTw3/FshTXqS6kpPsaqY/ocAOigmuBRcqww8jRWhVMm0i/uiRnOkewdWtr67yFG7uVC0XasNgIlvttsr3SreRlNxmtznPgr1iXgXxPK40C3Mg==
53O6tnDqfFgKucte0Pfy81FDXxS+oBv2jdLpx72IHn50sz/HhMfYy+gTwy7nudFqqnbao1nVjclKwWxuIoJdLpcsn6B8lXz6BUvCEiBJyu0nOOn6/yuiGubFwdM8HiETttGpaiaYess0idVecA32K9De6d4pVn0PKYZEZuXQbenukWXcCwlZM/eKiPaXeZzFPyQq3yDnu0R4pGbrlIxdR9JKRpVIxKE0q0L/KzXPH+w=
53O6tnDqfFgKucte0Pfy8zxvUd92A6OOiAi+LcnaMLIAk/GXaNEgM4hgV/krZhbroJ8f7rXX9qrTrTjCygcTsEjSQJqNWSXivWBodHvB2wsfR6f9e8J/tgNgzawvLtHp
53O6tnDqfFgKucte0Pfy845Gm5zr8Eozhy+dtVw3p9v71OyyN0Pi3iKFfn1jclkeY/ko7158+TMmL+IsEhftonvFWJhLRPQl0sCfEBi/9YBvgNeNXeBrVuCtRq0oNX7dksPNG1Dde5jx2pYnKmPgRQ==
53O6tnDqfFgKucte0Pfy88Z8sEhH2cp8OZE3wYf5pnycOxcxfEtzMx+R/uUQ3AoRTiHUP6YWFF+x5gxlF6aCii0RaJkRxyMB4e+hnBLfpG902Z4zggXuYYJ+IOItRI3QyXH18ZgboqBHHW9anM6yGZjI6/nI7cpQOf4NyFoFkMo9kSBcscjIgPJeHpEx27pg3u5vvAvO1RP6kRMIjx2Bnw3ThE+h0io5zOnKw72AN0Y=
53O6tnDqfFgKucte0Pfy89j28cg4KOMb38BMfqF6YteGLEL4g4OvJfJglv00mpyumz4zIgtBmxV18FsEanUcfscHw+EjFRfz+VSI8luxuNk0m+P0VJSqX5MAVW1p5LpBMeNCnpXSiVshnk+fhDaqMwX916vayCPWH9WIYD5S0weB00RMexzUuwaSPfPemS9GVcnddl3kDxOZmK94aXrhYlro4u64wvrdZ0NXyHu6KNCqMhwh9hH+t7S7Vn3FzrZ3u6VWBdZl3OJ1kVw15CcYcH3Hul9M1MrK55cjRvpBPtX6NqK3+bhI0s/vFu3rpqpU
53O6tnDqfFgKucte0Pfy88KR0NhaYmnUDEZ7OB09gJv4Vi/42NkarHCc2VQ/vXJHGwV+D3pcXyXRJbB0lg2Y5tkXWF31I9qjcwvO32fEKJw=
53O6tnDqfFgKucte0Pfy8+us5bnU8svB/f1HaCKeCSQhnrr3aTkYIWb6m7bu73p3rO8EptH7M1m/0djikC2VTHaSD45EHhbrb7pxoPmtD/4=
53O6tnDqfFgKucte0Pfy8+poZPdrsPACXF/HSEcuxG634db6mDKOsmElqlE3dDdDDjhs2qeuE6pm345E6A1riAfJ23ibDqfCXqICOzKDF8g=
53O6tnDqfFgKucte0Pfy8z4BpsY1cikqJCLi5ZwVYPSivPxwaG2NKhnjeeLfDjYTP+dq1SHh51R2U3iv4hDE2NxPouqqxkNuLPlM31NByjdclX9B2iXSLuhPB/p1I7To
53O6tnDqfFgKucte0Pfy8/pCvBrLuwwTVReMFhHOOx3EqY6kgfDqS1491P5VV2pFFaH01D9z8hdrr7lvjEVhFWKZACmXEi9E+hmsGEuzv17EZirzaDZPZzQOpZIZiLi/
53O6tnDqfFgKucte0Pfy83fqbovzYDT2hZKR6dCLAQ3UEwZWDpen/ab03uea1IVgS5Ji7ZEQFt3gJF+RS9OOMM5LZQb2OwAxQhEai88PXTQ=
53O6tnDqfFgKucte0Pfy8+cMxjemXU5fFN1t0fzciaAoGF+Vygx4wEhrzFlHhs5SgRE+8MtQts7zqBEs8JnyGjSIoQLl6PbdDvldAtmpZ9hpIheVKkCPS3Lx9niDb2ow3r+7Lp7C0ivrHmV91BTMyQ==
53O6tnDqfFgKucte0Pfy84Be4a5VvuKvJp3C3OFyTXSH/hsbl2daGc0mYuGggRedL6VVeTN3ovW10ze2F+wj9UpBTaqBGtO/WHSq6jZMQLM=
53O6tnDqfFgKucte0Pfy84Be4a5VvuKvJp3C3OFyTXSzegxe+68dbJsTQrZ3BEZeLv12/4wvdzQcLk5mOZvm6Fxk8MPrI2LsJM4K2OUkyMb8uFqj4ScZw3FjCcSX6XDM
53O6tnDqfFgKucte0Pfy8yVcdjcVkvRlifM3ajq5ohWmmba7KWN+hkvIOUxJrEftCxK8e62gsG0ZS6XHe3WZDX8iwNbJrIYmfN/UzqEHUMw=
53O6tnDqfFgKucte0Pfy81Kt8g9vTDpUUY/Za718yPC02jMVrJvSVHB0hUWaOXaK7RyspzRHPGrXlmbCMHbv2JMY1oEM84nAZbL7SzSAg/Eu/q2jTx8lWFfJ/3ZJTJsm
53O6tnDqfFgKucte0Pfy81Kt8g9vTDpUUY/Za718yPC02jMVrJvSVHB0hUWaOXaK7RyspzRHPGrXlmbCMHbv2Corn4SBTO/lvPkxYHQHgJ9igrWEaCQ8dgsHXsJ9G3RX
53O6tnDqfFgKucte0Pfy88w+CBM46SdAViGVi4N72SpdVrioWrxA04fLFPdp8nYQB1hXnWJKdqXoWD0qekPBadutgxlJVSL2LLNDm9gMU5PdIxG+Kp7DB2VoPhAVsXv1
53O6tnDqfFgKucte0Pfy88w+CBM46SdAViGVi4N72Sq7UjxYult0jfwBgMQRUXEODX3UDkcvlyLA4WTmvqjTiDtF+DVyMnxTId+svF1ALoQ=
53O6tnDqfFgKucte0Pfy88w+CBM46SdAViGVi4N72SqPg8vZJC2sX/y30ETIkeN4L5mqG7VvYV46PHGjbHSHLzMptEW0nzoXvBBCgJwvpdHLT0Ols/2MvM+Ql7jJ/tJM
53O6tnDqfFgKucte0Pfy82KfcQyG3UOwACMIdzrCgMqvf72XwY129cy3hPhc5d7Yp7VnrAh15TSElB9P9RqZ0fGhJwUwTHlBvJ8TlUgbwV/iJtA7dqr21N8xhfJqZm/tUOf6c3GxYjo7VgvyJzgdjxzfiAKZqi1YMwmDoMTN+d9zq3XXJ1UCsPPxSKQ4P2bM
53O6tnDqfFgKucte0Pfy8+AsyGRM7PRHbEIrsUTybYzSn7I78jNVh8Zyr38kfKp50673D2gb8k+SrSHzhKUy8peCsljz0MumCvyuBfX3Ifc=
53O6tnDqfFgKucte0Pfy8+AsyGRM7PRHbEIrsUTybYwYRTflZJno992WJRq0msWXrJzXLaRA4K/esx2+KzypUipzxmxuqif2//eoQIwJGbybRnSUIsH44hcEyMpXULTp
53O6tnDqfFgKucte0Pfy8yGn6xE1d4PjnIeOwdvEinq/RCEBXNFaptUQPpJeGDk9naGB4rHWuHEiAeTKoDyzWoN17zNeX4yW6fxgO8FwN2Df+7CuCPSSE2xgUqE1PqSxSTD+DsL/oGvwx2kV6oIb6HLTiJ4EqQADh0ySdoK24CxQmkl/I3/3/2nYMmfoPfah
53O6tnDqfFgKucte0Pfy86rWzGpaS28xKguJ2WaykyhgVktQP8QX+mn2RMwxMJdKXams9E3p8HMsOMSkaZLi/wjTWdz/dn7EPylrO4p2jZ0=
53O6tnDqfFgKucte0Pfy86rWzGpaS28xKguJ2Waykyg3PPqbBZnsTKRidqXGMX7HgKrIj+p2YLR0KtN2HklKuzW80ToN1luADj/nVERzLACCmCbqCw6f1jv3ZYme0GUm
53O6tnDqfFgKucte0Pfy87wGXpQtrvxNKC5OnfoLgGc64awvOUH4Li2IzH6o1wWQg4jWtjqU+uJDxBw3WqghrnUk3IrRC0AIrXY+WcTnoFMdVomw2KyyPFDCqpN+w3wcFfMDLhya1NLFKPD9A59Y4Zhexr9I3C1OE1fzG8LupJu16zRN2x2dP0C78njgn1Fe
53O6tnDqfFgKucte0Pfy8+Q5bjzOEASIN+6nhFIl/58CuV2vlX8BZfCwei65zOu5adWDtZARiN7xC+2nKEzKblOkwtqPmpUkeU2qr0z5/vLVRf22DRGbRihXTdrs4MBClh0f3pf+M4jfVMZFDg52ShRydMaflgSW8RBuGxflZBo=
53O6tnDqfFgKucte0Pfy89g1G0fQfyqtoBjfApkJ15g6nA9z6GqLkpNTIxiDqY17NhFUpltj+HPeLc0wDHN4GgAukd/VpCU6FvK1JgOPhfT5uD7RuyTXWnyYZrzcl6B+1AtRZg5zkvmIuBZ3TobzE7PEAgjgp7AelJ7fwcjgdME=
53O6tnDqfFgKucte0Pfy80wU4rXaF3FYAJkfU/1A7eAKoxH2Q1Yyp9ZeAn47yPnKzE6Jg77EduYJWtcdgjKMN7rIlFdRtRIRcP4RiPUmDtlKj8JCHkEu41F7DNaXYznO
cdF2tCB73xADw9/5xe5IeuiyT9ANSju1Ld/Rq9r05oeo22t3t2lwfMdHFHsm3xSjfQjFmgjAYgAzrxsuw7dle3YrOSChv8olRnGIgIrCyss9rv+GGmsh4xCe8pluT7Y1YUNnaNp/oGhT1SnvjIhZzA==
53O6tnDqfFgKucte0Pfy80GirPTRuJnxJfL3IArO0ZE8D9DkBARBwdbw4ml3coY6/4n8WPDcb2kiYsdZ7ccW8HgpvVvLDZGaScvbvbwQK8Y=
53O6tnDqfFgKucte0Pfy80GirPTRuJnxJfL3IArO0ZFEymVOcDxjf1z5CJZ9HjuE0FduRJiA9+ZJfQ9KxuHkJavVN4YD1a7wmoc03lPMo2MJaEvUBj8YH7u/4HTbFvVb
53O6tnDqfFgKucte0Pfy83dDLevET6VWBZP/KQwyaN7ZHRzcTkUgv8r3nNzkiLUsLTZd4LR1h9vKDa6rZajf/zKGrGYpLyXrUryehpKaqQnXWToKi5JMWjkJSTU2L1B6iK2QapFpZl/bBE3OcGNa1LKOlJkkHIFeu1HAowRYV3+/Gv1PcLUvGJ0FgkKfwF0f
53O6tnDqfFgKucte0Pfy85i+qLANNlGLxSlNQMlyckZ/fblg8nxPBoJr7O7WXuksRwZgaSws8uhZVCq7Amm9Odb5DNwy+i0nvWYtaLOD0m8=
53O6tnDqfFgKucte0Pfy88cLCvTGLeW8KtJoPobWrYGpoeakEM8NUdwYvsKcZRB1Kklg0/d0I1anYTGp3J/1R8sKD06HGonUCGOsAD2ti1s=
53O6tnDqfFgKucte0Pfy848xaMU6oyvl7qn9NOTY12GO+o7hjIjrErdNyFoGf/SPcRtWYa69tELZWZLvgBgIXl5cV6Uy1NenzKgibk4HEd4=
53O6tnDqfFgKucte0Pfy86iyV70RL4salylKmi87zLpwOO/aePHSIZGnIwFtGDxakI8eix7ECYZUJ50CMk7d0Y4LGQuXf1x6p8xlUqBm3yQ=
53O6tnDqfFgKucte0Pfy8wB2NV8ls2PHG5rqLnN6P2s7RPUG/iNxSMxw5aQysw4Bcv5E/U0dWCN3toddAD5LOfHy12SmRyhpPG1gP+n2hyw=
53O6tnDqfFgKucte0Pfy86tokunFrAyrqhB3eMhQzvb0oAHmlRwDdM5zgfjMZgKYqlI4VwJt/l0HAUYcpv97+fnM1qlnFDb8dTgchDwCwu0=
53O6tnDqfFgKucte0Pfy86tokunFrAyrqhB3eMhQzvb0oAHmlRwDdM5zgfjMZgKYqlI4VwJt/l0HAUYcpv97+fnM1qlnFDb8dTgchDwCwu0=
53O6tnDqfFgKucte0Pfy8wcm30uXEr0QMynG21ulUzuwKHrp6ZTGwlOsRLpHHzgtUaa2AZMF8hXIV0dKmAXrCVVzdetiuL2tK3re5VI8fe0=
53O6tnDqfFgKucte0Pfy839/ylwXZmbtjQco72Ht3rwvvWMBiQlYqZV3DNjG0vUASHB077duEZ1CvBMr4XzRlDaOd9kI7JI/yN3Y1MGlR+I=
53O6tnDqfFgKucte0Pfy80J10lNNkNJNmDXVXUyP0A7vQE75DmUO/XpVsr0Uz5sX4gqsf/Tx7yBy5a/xHymD2T/5Cz4RZcp1H4qiI5ylgqI=
53O6tnDqfFgKucte0Pfy87dKr6lcvF0LfQMyO66sJ7pTU63wnDFcnhkjZuh+b6IkuecUJBHHJjwYQofvSJmBxcCiSss3AZ+JxL2zvv7CCZM=
53O6tnDqfFgKucte0Pfy80qCsC7DUhIM8s3m1SJUwK5bezV2S+fxNYqExPI462PCVLOzLc82oQQphBBIs+RN/KwBjgNvhOv/bfos/jyooS4=
53O6tnDqfFgKucte0Pfy88a2K+mgtZBuWoeXsrt2EwgCNkZbWGDRKe/fPiYo9+bJYYxRdvj553xEUHl+khvrKPn57v28boIihWEwbftGeeI=
53O6tnDqfFgKucte0Pfy83I6nKuGOp/GF9PsEJ/8LmC5KYH7UwB2c3vU9Aa1ZTKFsL03FJJ8JVCh1zOj+2g72T3ZPz4kF2ixfHGUJVXhYo4=
53O6tnDqfFgKucte0Pfy84rzF3VAj8be/XPrmoa4Dq5ndvN3b/D6THSQ2H1TE3xEF9F04sVLA5To+nIBIWS3KImCDkkW7l2bvi1AmhYqsBw=
53O6tnDqfFgKucte0Pfy8x5zjmL7Rf0JIyZYU/SKv8Mqoa2y2ReFTrR5Cdp6oGCTK8OjtYpyJbQV4eXzUdfbdJGEFyJlo2v52OTKpzTmyuk=
53O6tnDqfFgKucte0Pfy8y4t+gSYJGlRJsbVeEwJvysJLQwHOqYh5XH7BOfjwAhLzwROQ0CzbOWbMw60NY3r+QLiaFq+zVofp8GeNRhkY+Q=
53O6tnDqfFgKucte0Pfy89n2tr5naHHH7kyr2tIHHrQAWFBkIjfSo57+qaFe6RTW13zbE+yJ3wTVMR4eR5B8R02v70O/gG7SV5iuancMyKg=
53O6tnDqfFgKucte0Pfy8yT4wsTspLeYt0ydvzJkl158d46A661tvuucaI8f8cpxmNqdipzaV62sD5aQePscZzj3QbyYxX9IcoSFQgHiUVg=
53O6tnDqfFgKucte0Pfy8/vi6aqhDHLhSAUvoLKkyvY3hH7Cd5Wv/jYCqqCuWHe2nVPoACspJyNhx3tDZD1sEniyC76q3WuwcnLSUFMl8DI=
53O6tnDqfFgKucte0Pfy897sodQqD67YID1aq6rc3YzXm8LYPfUpM4lrZFn+A9vNDNyA4Yze/ISuoR2roVuaqpcuTYISr932AncjbfOASTc=
53O6tnDqfFgKucte0Pfy88JglzZO93GLMVtqF3tatV1/MGuEQxsHjZoqvrmfPYXxmDr+OwCF4woB4S4hERmPh4JWvlZaTpTkK8X1UlPMSOA=
53O6tnDqfFgKucte0Pfy8zQSPTKClqPWysD6wblSsYZCBILc60rb3PzLwIm4fR98DRfGoekem84RMokAWyQGGJvNwEe9lSs8FU1RlzEaK1k=
53O6tnDqfFgKucte0Pfy82PY/kdGViTKfkKAmdHRcuqD/SuXUnqRheP84a7xPvrt0UEq3SXim4hLB6Mdee117BcwKIlKs2PV+LPR1PumZ8Y=
53O6tnDqfFgKucte0Pfy8+FCYpyumGCsdzN2InWve+UYpTzw5cllwgUzf7XVYwQihvX2oG3RjEMd8dPVgDpYqdC0h13Qqpu8lNHIv+UwzNc=
53O6tnDqfFgKucte0Pfy8++sLcHIAR+ueZiVb1eijdxldLdI0FTN5b4hHB5S1fELw3oXBFbL8RPU9ZC/Q25VV2HRk/slgCkfsvUjWO0OSCo=
53O6tnDqfFgKucte0Pfy85o+IQPAT8ooQcHOBvDywhlMcav0xZNdOMWsEmtyJJNgBOIY5MuzPTG6Yee41iG7CD6iZsjPCj+udOQP/VqMUtg=
53O6tnDqfFgKucte0Pfy8yt6b5hEXypOQmH5flossO0qC7u38M/bCj6VdBLhyYKyKDLAaxnrOqQCivoDaC0o47AeNxOEUQQUuKpse05lgok=
53O6tnDqfFgKucte0Pfy8/cY02gRj0QvkYLIzF14cV7TDLu30aktFXO/7ElLExTKWJoP612UCJveZe+pfw9tukpUgSBtVjnjLy1EUq7HVms=
53O6tnDqfFgKucte0Pfy80gcQ4jYOU6qiCAblfmkMVsSyl+adIfc4IBWIub/g6SakzdbHYut86Yfyhipo1iDiNi0aVHNFS2DOVeRVz8581w=
53O6tnDqfFgKucte0Pfy8zp/syHYE9aL9dQqSJv8OBWJ9LWLhFzpgI/AhAG5ZH7IABdufgtp/k07nj2DfCqR3hMGajcexoamHYm973Z7NRg=
53O6tnDqfFgKucte0Pfy825DOX8fRy4QU/TS+vqUXXqJ4ZFFzVxSjdwOC6qPZLMLn3R4LO9OnVCX7JnyGoocp++CsB0QZZxNxNMXgC/vqKk=
53O6tnDqfFgKucte0Pfy8+MRqIg+KQABX2vBHspXzQhMoRT7/3iMstjdrLeM1iU3AhzUS6Narp2DjS2Ith3aYKPiYZZbAmzx407UO649bSo=
53O6tnDqfFgKucte0Pfy8594HZ/oXuZLWML9tcIfqJ/jr0JcYrq3IXK3uR4hL7bPuQrXrQ9U547elBDo8nYy51TpQVQ/+6IAs7tvOsSwA98=
53O6tnDqfFgKucte0Pfy8/wKPg8LZcGiGzKUzGogva7hZEaUNIrEyZwOQTobokY05nJxBIbHZjwsk92Oe5/J+v2QlWtRTPpu/yjMFzBpArg=
53O6tnDqfFgKucte0Pfy8zwfEr1WgVmMuhxNGnvcY1PDuuhN/Ok+2MYKYUuj2Ts6qSweMeg0QsDbjE9M2J6pxzo9NGR2UynxJlXQV2ZSJmo=
53O6tnDqfFgKucte0Pfy84NpwnoDwG1xcbFW1VBYRUMQcDX5mURZG4C1pylCCDHNUGcsRLRyv9TUHtyjIcEITdBA+Rl1YOL6Rn+9T1ms1jc=
53O6tnDqfFgKucte0Pfy8x6dVu2+bO8sSi/v+qale0Fn2XA/tbtu9MWSYAQ0flVw+9lIsNvx66YJp+RgFannhDwZY5oue43RDm0qQXUoB4o=
53O6tnDqfFgKucte0Pfy863kLEWOne/abzWyQJy292ZqddW/Hct0RmbUcBJtZH5GjD6GueJgD24soaYDPGNZcbCNNz0DKjvHGbnkv00dZXQ=
53O6tnDqfFgKucte0Pfy8y9b2ZQC5UezAVNaZ8mXSPnVqEvvPpkObw+g9M6XDcmMa3iLVVsDGYgRxFSgOA7FgPw6i6T2sqPw9huamkryxys=
53O6tnDqfFgKucte0Pfy83B86lcheNlBcGvDXrSQUATMu7AE3JU6Utu+oUp0sQfX4PfOM7NrLeBEx6iP3bkTjKsWs9EVA+hwRHZwypLwCbY=
53O6tnDqfFgKucte0Pfy84+TXtkewtuy/rurVj85WiR7xV/kvWt0it3XgYwpOxbwkps1rS5EqZbhmr7t8j77Zn6M2QGEWPTo/FpVq6a2RL0=
53O6tnDqfFgKucte0Pfy83MfVRNhj+xiyggDntWCYfjFxilfM1DoF7Oqiu+juvVwKli6wZTm2L6us7TNJToFACmZKQo9fMSPAtx8JISnWlk=
53O6tnDqfFgKucte0Pfy8+sVUzgB8Qk5SyVhh8EunYqluSCBATqvP8QDYv9dl4RbWps9MlJPyz5VC9J34XrY10FzqQ8h7UWqRrX0hvwldMA=
53O6tnDqfFgKucte0Pfy80Kt8Un1chWFXKeTRYYSIcAY9+NvIG6t0jQiuumrF3A8arW6tHp9u4X3d4mJBZqD7Gp8RERnxckHYZQCJDDlIws=
53O6tnDqfFgKucte0Pfy8+tI2sn7FYT6VnrfwX60mv+FSVhOlr8fZrXDskp5zJrvaaMBO23vB5UZe20WTh4G3Q8avQ34SWr4i5KkkiPimyk=
53O6tnDqfFgKucte0Pfy8yZPKdUScIik6Lt9k4IJ5OxFq5sLHhC8bsbLokrhIr1oX3snIB9v0JvRNL+aJn5UMyghJCZJYBVF2yZISfw53XQ=
53O6tnDqfFgKucte0Pfy8zcFknz64+WLQ8xM61IX1ldn/0oRxjBmnERWHv1ynJp5mCLXkCftdJXDGnmBejbgzMRRgTGGb8BDbWYeB82JpIU=
53O6tnDqfFgKucte0Pfy8xYA1sVZaaSluKxka+bz9iKQX3LTrVZt/UmQje9nnIdcSMjxeNcH8v9LZ+Lnys2M9PEm6q/TrJGdPGMvWRvVc3s=
53O6tnDqfFgKucte0Pfy84f5P5vC/k1LIJDup4AX9Apn3DkiV5ATo7Ue6vFt8fqyLRb73S7GYF9If4/Ezkkz0tkkxZu3N+HpZKrPKOVTtLQ=
53O6tnDqfFgKucte0Pfy8+hv5Ku92eZOlrmeVTE9+dokhwpnfMrQaItuNjHmcfjdw2Y4kQ/Rs8z1Bcn4Hx3Fh1Ru+LZ8BUVA1KAqnjNWV4I=
53O6tnDqfFgKucte0Pfy85kmyvytxsLQTRZczRBKusCynsNmJI3+hy5sCqEN3BgpK++wgz2d+Ms8YC4SOfnal36BwybuHfI/C0wBISZQNKk=
53O6tnDqfFgKucte0Pfy84vWMyDM8aR9LPPue/lwq0EqhPIvh9W67OW8gOLODGpZT5OrDQTWQEb6+weymVbH3/6HdTilRQaF9LZU0z7T200=
53O6tnDqfFgKucte0Pfy80i3pfZL3Ux5l0A7TEx2kcEMdjBo7020oihfbFpF4PEc9xFtzrgwYWcW19Q/ekYpADlAU0NSIol7s1C7LVsMOZ8=
53O6tnDqfFgKucte0Pfy8/o54TwNKCCaeuayE+Beb+rPAOuOT6C21iWuqod9fzXpDkg3s4XPHwsNaqvgOEnVFfkQ6aIMNH+XeCjlG6ynM8M=
53O6tnDqfFgKucte0Pfy80+4G/K4waDQQmmcUXq9Z2ASuhJ35UqCIhXhJt24IVVxNLw8Gt21XJcuxrsGLfKg09cm/6uzU/vYyY7LjjyFyus=
53O6tnDqfFgKucte0Pfy86xTBmBQnpXI6t67JSsYbU4FFGiJ+l0NjOZnfK1SOAIDbTtL5qZwGhrRIAq6CkcQUF6FiUYs2uLJGeZkxSMSw3k=
53O6tnDqfFgKucte0Pfy8/60bGOna0Sc5oOpcpMoNbJpPRUm5WwDvFE6D345afk9341c/5mqxpQhERaXJzMwGFF7JVTJ/FfKULxlkX+QhgU=
53O6tnDqfFgKucte0Pfy80cLxMFOOZBw9evtn7Jri2s8Kg1yJEpEg/okN5jYqtN2saI4/aRy8gUnPpKPlps6N7M0jtX1yLaxPG789Ywfa3w=
53O6tnDqfFgKucte0Pfy86yvwdxOLSxZllFrm/lCAAhlhX4/R+lpI+WBuwkt8Zxj/Rjm1zoOQT5lqfEZgKLP4lulNhXkDZgIn6bX/JNdmkM=
53O6tnDqfFgKucte0Pfy8zsEvABwv+8cIa5ykZYsaD4ljjBnlRuWevwLrEnamzCX8TGCfM6sbHWqjOjBJ0XqMuY94b8+PxotfAoUpCcg6Qk=
53O6tnDqfFgKucte0Pfy8x8sfsVKiNnkB5ncC177EYeFNlelzucFzT2/1sWzLJUJEGqatvrr6REh9BPlU2zAJUU8t4Xe3XIuyGV95b54iSg=
53O6tnDqfFgKucte0Pfy8ygeHnBSi3smFl4a6oRtnWVwlvNL39z7O77K2D7dCexXAChxRDCDlFPNClXFFnpTTzH//TgCchFbRlZ+NESozsM=
53O6tnDqfFgKucte0Pfy84r3sF3fAifl1MDhdO8gpF2Bvw54ySO22wh2xt1gNPL5xltA52pc3xTuLsx2XM778ZNCPX3yx2xphC/YhO0dr3E=
53O6tnDqfFgKucte0Pfy8y68G7LgPNx9N2wLp2BH1691R+Eh2XsGMynynzdAm6AraHmF5yVdgRZgGbDckW1oZRGKRkE4/eTG/z9KXVU23mA=
53O6tnDqfFgKucte0Pfy81s5ky4uS6lhL8Eh/a+va0SbZ0BFuCAXGb9xITaSpry9PDfJwABjbCHHbKrJ/QkKwQbESvr3fsOqDlBc6/vs26U=
53O6tnDqfFgKucte0Pfy8wBXeamXL9ohN7nlOD44T+sr7A1fsapmvenogQdrUuzlop/lhAFvQZf5omVu0qZPDIf9FrTpd3uk0mybdxdAw3o=
53O6tnDqfFgKucte0Pfy88d4LIa1yw+aiA11+AkL95BBGKEHZyyBm8pOYqD6sBBhdS6AEzaCT/5nytpvME9InhkihWzWyyYvcXfzrwOJwkY=
53O6tnDqfFgKucte0Pfy82Uro3Hi8YxQgvxk5WdH42CC9vB4GM0DjbdnAIwuaw3JK7qcoInxBEiUkQN5FQKmyMYZE/7HiyHv8sVVd7mYkww=
53O6tnDqfFgKucte0Pfy84a639AIlPMUFvZeRKN1X+EC0IKuKePeSLSqe2T2tZxjj1ZD0CeJonw5vJcypYSFNg0fH/69nda23X3Mg7AUxT4=
53O6tnDqfFgKucte0Pfy87BCNodyhEABFPfVPjsXW6AnrQSsIYvNY81hYYMal2vT05vDrZKjvJTU6lxLnMO7SsVAZ1XLYc8SQlES2Af/Bkk=
53O6tnDqfFgKucte0Pfy8x48xYLfcsIrDfrTYHdE+XqyyrDaDwajaozOPbdrkiSDHsXpHUC6GHmrJjI18nQv53nyoCM4A6czrcY49D3tZKo=
53O6tnDqfFgKucte0Pfy8467JRWdXFc1qhBVuaA3OBpOYksFQjuRVakqSxnpcOEaJT1JXRBjuD7H+sRoj+lOClbfXiZI9ZPBcyL51LIF5HE=
53O6tnDqfFgKucte0Pfy87h6+VF1lZGo99AwnlYMMJ0u14qAMXCTWWrJU1874+vYnUplsnwqvUXW3kqhFnPeIzbGooQOiEO9YOwkqQG3IcM=
53O6tnDqfFgKucte0Pfy88PKfbK4Zr+6ETgyEWRtAhurhEzl2dEWzgtDdX5+08iRNwAZ4K8vqfWATEXlZK7BvVVlWMfPYdEQZaR/dGNPtPU=
53O6tnDqfFgKucte0Pfy8yesB+oc5VGPNAHf0ikXMpbGPIe4LzLaygeKM6l9BFidhDX9xAZv36P9IPpe4BawIxtKGQ8O5TChgIpdBrm9i/A=
53O6tnDqfFgKucte0Pfy8xRYXsRhFiOdKDWm4SG6nfzFkH1iCsqDHNQP6k0PP/Lfzxz3UyneiuROBYDdmbdWBWfxSKfydueO5RWNMsg1c/I=
53O6tnDqfFgKucte0Pfy81zM0xZhL5LGy83rwfauKlWeXwYIpyQlLepovPXOATILrNZxs9D9Dyj3YM7hikhRnmyA93DbMSz2E8bFckjgbJc=
53O6tnDqfFgKucte0Pfy86sks/sDNleBdblIquUvDr+BBEqLeTYanvVoqF6y/TPsKd9hJDLPBX8qWg1nQplgJHf0IR6jJd9ZgQIUKp+qkrw=
53O6tnDqfFgKucte0Pfy82435BadmbXVKzrIIFiHrOmciX4RD9nHCED9fuzQGy/yq4XLhGNA1/JWMabXGaxy3Dlud+L8Dzljdh/J+03lCok=
53O6tnDqfFgKucte0Pfy87kzL1k3FzmiOmtXcdfbmu89xAsWnBG1RU4XSxw3+QsCJYUnVE67Y2WaOXaZC6aidHShlermB2GgVyiGeWSUFrNNhlH2BBim2rj+01FTdLxbXQGPu72plG4/C7iE2OETPg==
53O6tnDqfFgKucte0Pfy80/pPGgU1j/OXbGWxMc8HZhai3YiESswrZGtTENpBv2DUr1DYSIGzitTe9sMG+7V7udkHB6WkrawM4SgQW+81QK4qu+OrufmcDAHbVOvUmIfe0aJywjMAySocEwC8zjjyoxzqK3n9DdS/lmrkI8yRWaqKhNXnbrGUOJlaWAy+TBjRryjmgSUYejlJYOHYIP5Ww==
53O6tnDqfFgKucte0Pfy88qatAmrUAmb1zRzicEJmsXzGdg3IqRXJMQVZ1DHoRYfdRsEe30BwcRySnoVkFqO/GwrcCutDMfxdeU41+v1bVQf6PhWFn2QB+sf9olDtuhKz2brNFbI+pr/qQYKNKC/NcN4xEnm7YXLLVSjQq/u/esRWGnXSdDI+ZIyeWpUe/4AVsXLQymiwiDK6EusUodWCi+a7VVW2GuiLDDFd6Nt6vc=
53O6tnDqfFgKucte0Pfy8wK/ZP8UUCrs3nkMc5h5Ix1fXj8la00lU19vEg/pnAwMhiQhO8lJx0LZTAXjye/ilA==
53O6tnDqfFgKucte0Pfy85hK9Nj1HB7Fm5i3giYEaz5zb5hbFzZ8dD1fwdoz2mPvUUwtbdF+i5YICVjKaPDQf+BKx2qxEJrG/XrwfSm8eHCmbwobQHgQ5EJCceRigMxln9lJPRsk3NyIDZTQoT8CBg==
53O6tnDqfFgKucte0Pfy8+WWkTXJEdT8bOl7R68MHmnhCQ0Hy2O/apI/nil39EgajB7FJsFA6bBViQXmAGn/N02d4G97qJB3RZC9PUB3hQmS4CiG4Edvf1+jDmxdAWRq8w1JdpFmMkb/Y0BsLxRLvg==
53O6tnDqfFgKucte0Pfy8x9zm3HjugK9NMKYJXOPz1RleRKF3aq59m2MmdhRB7EXIvqt/4/9wAbZh06dwaPZMVdwJ/KTEvGM3qlEfAoOovmmIPdqegAhzIglMF25xtT8OS8iQND2IKRDdiKqnJPY9fl5an+mXOS1xI3ciw2MWKaFy7dFzeu3S/XpCxVynwW/UmcN/MMorOnzRfp2yLTz9Q==
53O6tnDqfFgKucte0Pfy86c4FRkOGHJHY+r84MsgFyp0Ncl8ZtyRj2zv/G4i1WfyhQYDJYWJ9MGP0vWzI7TTuQ==
53O6tnDqfFgKucte0Pfy8yC++tFZMXNMJYk+GTON5eL5ppjKeXnUEO8psAzMzrwsGIi5LiONP1Ei7Vm+1OCvxioIsSCJmngav4Z2ReFmoNbapc5GGRJKhwLDBWJcazwJSsBEQiDpKNuTZVU888FhNg==
53O6tnDqfFgKucte0Pfy87jphM7SAcNqJwXrDAbnr1nDwIZaSY4Jx68puNkQAePtg/jhK7+MrCRhxA6ZAFO0f/HpVBEY3k3e1+b7jES8zuNSLmetOGNJUM0HtceBnO3GwyV9zt/yQji9xeazadlKcJ4AT5Rq2GnvO8IHP59NcJgBpPyEJjzKYmCO8SqRyRUZ8r1mE2ruZkL67SD5r99JIA==
53O6tnDqfFgKucte0Pfy87jphM7SAcNqJwXrDAbnr1nDwIZaSY4Jx68puNkQAePtllraS6Xa4D3YQi4cEOmhORPYR4xykaTD/z5I1qJPCLpV5KbnOaX3VOUXXnqltZ+GRPrzVxUKT9Hk1JGhl4tV9A==
53O6tnDqfFgKucte0Pfy85ZscjcxpL2YwLvGr0CaeiwrDfeF6Lz7LVe1b8ZazoFmgKDYhVzsnzZh6WB5DFXOAX4Lp9eJ8lrI4qkTz5mMPtasxk06Uyu3bNS+JG5YKM+JDfEYyXq5SeG2YN93Re/zksxWVgy6v6yMeewN0SCnJp5UTjb6r9Cf2kf7JXTAOCR6XuKbljgCM3bws5VRWOq5jk5dY1Ou3zjQR9SZqw6jrcM=
53O6tnDqfFgKucte0Pfy83MQpfgRaaMlaQdurYH5XlPD0TAMYv+jyzPKWm81WADvflQxXqqtt3zgPDfMdGuBCSzePUjPNpbxb7pyVAhM+UfKVhPU+uGfuGsWfwUt6voNxe6phRcYBGx1h5SUqFURdPNKIF/hoL/EsjlXCceIt/uKFckABwu7vYbc7fkSsNZAHBzNFTrRzVC2KT6N2zjQGGcdz5zlsKxSsDuJ1oRLZBw=
53O6tnDqfFgKucte0Pfy8xmVWhAkzBkhYTRtRLowDzph3uyq9XpQ0NLyWL1ziHctSuZ1aPuasQGYwfuuLr4nvIrsUSy9BJUsO37fgin0CYWqRiObmHRqkZ6kvHD7OncbokCZOcjU7Jrb2/L73llXkWkLmSrPmr1Z80Vy1Oi5dY6OqNnsX1EJW7VyR3kq/tg4HczBroI1UHqrzUVIpzLEY4xWZJ2iPwtezSVa0R71cHp99T1EghrHXV96arRIxxHaaUM88i8kUH5UVw5OhyQd6+9MtDiaLff58xkWQRMDPbnAWUCUVFo/QFTWQDI5Sp9R/z7G468UNJyzWNiWvRfJVctDfHp3Ywsp6McitiAISww=
53O6tnDqfFgKucte0Pfy8xmVWhAkzBkhYTRtRLowDzoIB/La1gc2SN5d4p8yc3NO7Y0x1OLYyMCMuNp0APdx0U1KPdUVjKfNtfq9+OuUV1a4KgWFCI+dcyRrmO5G5pzbmLa0b3/sczQ5NszPcEMigg==
53O6tnDqfFgKucte0Pfy8/tqn4nfZ9FB5T7AWGS9+BQB3iOtS1gQr8huG5ERWlXE5iJb9F4gIWVOPIhwxp5uIUf1F3Rl3RuJ0THQ+ZfJGphxO2WZG/8Asy046+AKdTH3+EOrRMZC9CvUMiQLRyWQ6w==
53O6tnDqfFgKucte0Pfy8/tqn4nfZ9FB5T7AWGS9+BQB3iOtS1gQr8huG5ERWlXEYtAtKF5DBeVXXe4EvID9Vt2UyH7u1WU4UWfnwlXIQ89qXiizCfwUHNntwhPk9ck2D3TQWwEw3MFCozKWeXBg6CQxKHGbj+iwo383hDZ5qzm19n1gYZ79aH6PtchZECbnh18FdotKLoFIMT7qjKsR2w==
53O6tnDqfFgKucte0Pfy8+4m9yGtIjCU8h0h19DtfVWK2w8/yHVjTiDsLzbRlBffnMvKP2oOorJYxKqS5nsHyRL1r3BoIKlK68p3PlJHHgUd+/UGxXH60RrfDisXi+cN0jXJp4HcHMFud9IxucruAA==
53O6tnDqfFgKucte0Pfy8+4m9yGtIjCU8h0h19DtfVWK2w8/yHVjTiDsLzbRlBff3tnxnxgCIvI5M6uUT1PpxVRsqrY9AW/2a2GUX4YkSx93v859I6dfBnPA+twNKfnkCJtepofADWHPqM0+DiBHJVIBdZDVeokcEkvBsRHbLyUQSSbpTqk1rPA9GDw2v8mQBKrztMK8MRviAlWTUQhwhw==
53O6tnDqfFgKucte0Pfy8/9jEneqj01ygzWo88bVDkH8z7YTrCBCYXByKqFtqOflYB2iPqO+GsypVUJM24k5B1oC+q8+d8vBnwG4iE8J6PM=
53O6tnDqfFgKucte0Pfy837k5mxekDcmcvA8wiJyRWOnx1ox56ZzuykeKWkjb4wvFvtoORCMY44G79D72JTO/n6BL3MS0JbGg+g7MqA7hBMsHgMW+V8AaQC1EU+c+qHLu4bn4u9+PRdTE2Bu54AXIw==
53O6tnDqfFgKucte0Pfy837k5mxekDcmcvA8wiJyRWPU7KaoBJCzzR47uqtMNVJqjgY2qGnG7Cn7V5eCuy7/g/fXj2UfZtMPNlCvaEt/fBDONBP7VKYFGQ3GvvFyBUBZYsKOIzviLTgX05q1K9blV2WGz+yxT0wRtY6vREzgilF6qh3mdpcikxkQs4y3BctzFirJDU2MlfaeiWEXMLEdgWT9RCiup1qC+HX2xpOT+II=
53O6tnDqfFgKucte0Pfy80LFEF3/ROSgp3KP4h8tfVoJaav3wjFU2gntmexQLHf6JgH9Dq5LXn1HmsBB0XIruWJBltAKiwHVLlC6MANo22uL4dAs7KF1M+BRDkoyM1cDvv2qPKzR7067Ih28XcsbKUQHTvJ96AyXmtvDpP7vwnhghpusr0kjl3UeLtgN7l1qA3nOruBSlx6XN+FmhZearbgiV+So8t+rGRhLBh8sjgo=
53O6tnDqfFgKucte0Pfy8xcjTRSA6BZHNyaJz5KV8pic9uk9NEHQp9JMiEHttGTWg8ZmNSjt2C4zDsoCZ6pkFzeKl/2sRdRiKUKrJqdFkjmUwDpFYzhVsnvnb3jvWwOv3CtVJqY1mT6fWEaEHujmipEYetXIundkqxZQIVRFFhqZb6+NFbstgfB26Z9/FV6chbm+bBcyMHz2cCoa0D7dVg1zVjGG+hZOXGNbOY0Rm4250wgEDwrCrvd2MSl04Atp9m13+zsfChil6ynKWDlOT6pXrFN+BIl+8YhSUAnrSKuoNizGi0etYUHwqY29POMlgg2u5jkud5TYqRVMHnbvN9ePdh3p5X834It25kI5H+A=
53O6tnDqfFgKucte0Pfy8xcjTRSA6BZHNyaJz5KV8pgMC3k68cogv1xBJEkJFhYrquxztCE9dyz+XUkg60iZ8MwpHL8WgkcCRXkySRcd/MJCK1VUuihcucZVZqm0vIWZ3nhMSB9hDZvSIC/9xs2kSg==
53O6tnDqfFgKucte0Pfy86aXevaTuEyIqDQioifStwwhjr48N67efMeewsgZx2UYvz8Gw+KR+g7lovqXGcO6bOyC1H5skIDYuiRY8RNYVayal1nfuFZCtUoVQOz+AHUqEC8XSDmxPbZnmQ1/NJ0C9A==
53O6tnDqfFgKucte0Pfy86aXevaTuEyIqDQioifStwwhjr48N67efMeewsgZx2UYKODBzO75xFZpBb+xZnT/PbFCqZMiA1h3uVHSceNQ9u5M3Jkxx+cL6cI2b+rUey1xWatJBtR5B5kvIJUPeY0N19Ji5xpfz9fHcKU39bzmfiqsy2DKrwBUQRZZDgBBqoSvPAyBJ73VpzLTyXzmGBaLtA==
53O6tnDqfFgKucte0Pfy8/XyhcKKu7IVcsbMs0ZMT8NzAcwI9lPFoJ06BzAVrkxbP4gQfhkAvntz3cFETbRGGtkv2SuY1JJKhrxwvNK5wYb9dDJ9N8eih227zZd3fHVQCjiELL/SvFCcGaubBlgYVjkF7UvBn7qBh9xtfsN8ExqUticMtZQkCCqJCbCn47w1VQcFUj7itVNzcucqFTSqPgspUboGfJ/JF8Xn1BN0eAI=
53O6tnDqfFgKucte0Pfy83j2p0yLsdc52DMOCB3w/TlQnQgkGpYPL1XGAquSnAlnwNNlfB9co+p62c+i/AzbPcEhyWeid8NYSuWyHyCt3N/XwSVK5CTUuLxRLdyWmAUkUN+ok/tWRjMpwnH3fmWgyw==
53O6tnDqfFgKucte0Pfy83j2p0yLsdc52DMOCB3w/TlQnQgkGpYPL1XGAquSnAlnMbO++RMaTDSRFy/DTReyrLXIzKA1QbROtLIicYFzHIJZ2o/JOCr5okct76o8L/3KfgJQrhY+kq3G2ftdRy6yoAkKAZQFUBMe9G4MbPpwmCz5Aas3ziYaAom9cQ5cXK53THdHH+CF4jRSY2U2eIA5Dw==
53O6tnDqfFgKucte0Pfy8xaoKlfww+lcoDaxUGKoQ3BLYB0EDP42oX2GigjGECEgC7qHQXYeZNEVJiIbYPesYtBHhDZxgAMnm/9crqbt/l8=
53O6tnDqfFgKucte0Pfy8z0CdcnlaTkLpw8X26BiVKO58QP+YXyOl53KyR5R6R4OpT4lxyNLxqe7fvXbJG6I7NChMFLDN8tYcDbpSSElSdp7nMIM7rXVBoET1he26/uwdEJwNeHPY7X7rgyGSIh3pQ==
53O6tnDqfFgKucte0Pfy839YRQdZwy4YriSIHFnBRBQ2jXYFBIP3q8o9j92r1hvx3+9o2CcdjrOJmY9XqN8wXhniRE14BuwCCJy4IfdDFT/xGpgyGIFHPVHo2iwIyLtTXDw4dPm3UIdOsG6qjiFH7qx1kktN9stalmJKGTQuKwtJqmIGg6WIUoUFQ4iGifPTUHOhTuiWJoAV3Y2jbs3tzw==
53O6tnDqfFgKucte0Pfy8yU3St8MM6edx4Wkj5ZQ3Jb0c+qbu2nPdsf/CDNyJxqCexgyKBBp5/aDc1rn9kyul3agpCszqs5Ojr0TSdMtfq1K9J8aXvN7bpdZMkPlaKNKyhboT82o1mde47PEFXW/+sq8sCqrZ4AjCyJQnSEuPV3n1bhRrfQeRYZ/ghBnynwo3u2MH8Y7p7AiLvaGeGu/62E9Xwf/3dva6be19p6F2bA=
53O6tnDqfFgKucte0Pfy8w/x5VB7w9RoI2k4Mp5+rC5MGbKpRQC0bidBMYG67jakGvsEkMZue3pvLJdlIJDnQA==
53O6tnDqfFgKucte0Pfy8w/x5VB7w9RoI2k4Mp5+rC78cHKPkqGaWxjuUDaVQxamQvrrkfNchqLg/87wrMyxvx45wvrTKGq8u5zRrlEugcQOVL6xXZWf3rGVFf+gqbW1nsRoVKfbP0rKNkfpT8872w==
53O6tnDqfFgKucte0Pfy89S6XeFvj8EVs4xF/3OtNEoGayI1fXi+6C1GLdgBBrXebIONChHy+RSD6YL4Pppvb2t/6qSkDcyIVkJ7EWHJCV0ZmWx0ykQTMhsuU+nPSu0M8id3xjY29W+wwvMbLtzR2w==
53O6tnDqfFgKucte0Pfy8zBPEVLz9M+QWaass7O8sHD0xl+0Lur4FT/Qf3dpKBX4rPtaP4hPqtSjwaOneA7RC2Gdny9KxnlMR9WhFJp1ys3pqrCBqf3xEJ/JnYZrjbfDDtrTKa5/HHPUrgra6M0NzThTxYntvXWMGTLZlyFz0ZjrPelF3YV865R8CHiUNPWjoHvComsXvBq0V9wHIGX0fg==
53O6tnDqfFgKucte0Pfy86KLo4WcP5qT/mD1JNhkn6h6AXSa40DYMsWGoZ3JZ1FB+GTz6PqnNzZoiq2jeAMPjA==
53O6tnDqfFgKucte0Pfy86KLo4WcP5qT/mD1JNhkn6i/VTQNP3WxqufmylJZwMjpbNBwGUAG1+uDMbdB3+5Rlw==
53O6tnDqfFgKucte0Pfy8ymViHnJNVs/Or0MnG6qvkf9MNUeNcjLd9wcgqqE9ztRnlGz6PtngrJdxrIb8m70EhansEm+pji+kKSKixtBCKhSa7LIpr1H38VIzqUlPRkdSAnRoXxcWO+IdY2sQ67NuA==
53O6tnDqfFgKucte0Pfy8ymViHnJNVs/Or0MnG6qvkf9MNUeNcjLd9wcgqqE9ztRhpyYlq3NQBlcSLE4A4VOqnOvD8xZozgiXtan8hllTUnfrxgAI1PNK4WOavLmoBsCa8LEF0PM3ESyDbcdOWMz5YNkG9O/oDtugy7anPR6EVcieWle2kZTERf1H2+K7uPfGJrdcYdTFXRb9ifklvnswQ==
53O6tnDqfFgKucte0Pfy80jWXHYm4rigMLEIrNa++dN/bRg6XMSWdyysm3H3WFg5Ai/pnolEpZ26vu8kcxhFiCSSVbuDPKgYD12QW/b/Qw91eljVfHwmcu4JrPD2aICG+F4aTZVKboNVyxXswoeyMw==
53O6tnDqfFgKucte0Pfy88RNaJkR51BSTS6TJmnje6MRcouTtRgOmlAHFBaWKqTC2fKBIijFbHPzUjQd/2StySVP8ADUJsRhuoQaI7QXk04GZmTaiJxXH70Yi3qnaHWpKH3lIdAn0NWKAVnwhH81ueXlWe53Su31tt3QzaidnZ8iublQVgocf4qNsh6RqU9DvP26uxcPKvzPO/fKNAU0ZJuax07p+/2Ur50umxiEEZ0=
53O6tnDqfFgKucte0Pfy81sMlPSfXr0FzWlLH3SDljytalJ3GLjID3/6KwSSw6ka/MUI68S/6Y4tkciEwhWHs8L0jpnFB0o3U1jztg0EDQ5Yke5xHO5QTYPDLgnFl/PmOen8Y5aT9tFoiNYzAJJmk3SZnbP9Duy3jZmDziFud+OC7dOxFrDMaioU/6yTfwS+rTZqied2ZfwsayYf854Bc+7xm4OL3xqsgS/y7T30gDw=
53O6tnDqfFgKucte0Pfy85VYcBHBQlMlbk6cYPDSafQvs+HDTJt+zHbekKl+zuls4GUps01zodAgrqRrcULDVPD1HuSQ94gINLj/BQ+C++Mc+SuNX8MUXxoLpcleXZpjt1gRnb6xRlfqV7WgB2IJzng+OxO8k9rBFFiea3/Cse6nZg+0hG8ILx99WRMg8vKGoJMkhSpMoMLYP8NfdbCN2gvm8grJW0/9hGUuAgM9zTszjnSWm3wzl8WBDXOZCX6Zd15U2mAncZMjco0B/PHtVhpf7r1LLd0ZmumcbXrsxG5lsrEhxQqW5iKIqriIUDFr7u8kgjZw3xEtZDDn/ODsmadvvi8x6oFsvUMHkEq1l5M=
53O6tnDqfFgKucte0Pfy85VYcBHBQlMlbk6cYPDSafS/9/zEDNiD6tdXS0KDJZ520o5UbptpUhQxz/uR0qgqSgxEiiJl2xbt100+uCM4YdHE48sRW3sgEG2VDzsUpXqu9PcMkU55T1An56wjzn5b8w==
53O6tnDqfFgKucte0Pfy8wT+Wwb9gG8GhtgWzTdMIxlvbZWGByrlWOZybBCWvnwZEIAXm+L5Aa2z0FrJEwM6ccl0vw1SMoAexQQt7/aG81jnt+sjdrBX3dH/dqU2Z7jVAahebdk4E6JRpC4AlOl6cg==
53O6tnDqfFgKucte0Pfy81vvmwFdIgJVvTK8qo7r4K/8dTvOTQvi0BTcMA64OEuNzJaax/jSUMutvv3bGlucdlZ1x/I58qGyGCwgLjdO+QKYpTzRxJhAjHzej6NNRcA73t6+TAaCnbtceqclSTwkgie9KLiAmvuSVVx5IsOJVVjY8fOlLFmL9EFzB0/Unn4mlMfygv+jG72hwJqjjSLgpw==
53O6tnDqfFgKucte0Pfy8xX+5w6Yrd5uTNlXswifX8sPf4tUS9ndtlEi/4YN+Q0Dmo33T1NS6EeKA9JGDtdBn9yticsKyognYnkzy6bey5otrhvxfnTd277Ck2ktzjbqWppNOHvweJamtSuJwJ6eEQ==
53O6tnDqfFgKucte0Pfy8+Etu2zf9NNGXE3abWxp+AoAQeXNP+/GWQC/htt4yrvkIM1bKk+LhNRwYX/4lwW9BtfEht33CfqLRrRzDOV9a+oIoI27w5z2T2xAXjBYnPn1zDWpnNma21PoO1FMgaDgmX567p56xpkUstsfvYWklggagrn64GtW6o8lLgfDmsLg6MjFlb0QWs8lhsvfAIsJDQ==
53O6tnDqfFgKucte0Pfy8yECl6Cu3P4nzU0XUFK8kaZqtMcheduZCXhJ4rXLzhwDfBdvlLGdu2R6sMj3jJuWK85EjNO06vhaA4lMDXjlkSY=
53O6tnDqfFgKucte0Pfy80im++L17LfFYPGEOeUBQ9QCKGBV1xAdMfpWcSGHnnLREoU1fN4Rh1O9vR9tYJbQh7ltd2Z3+WPl8S9OUTxQHKKTA6Ec9kb9v1degdigOlOKpbO0hyOH5AxlvMMjysylibjN/8IXVzWwrs6uAItPJcVwWAYrqWSXu/iUJNtRkiClgPgu4aAl28x9eoK5vo5yfG49UoMpc5hiPicmEkO4rcc=
53O6tnDqfFgKucte0Pfy85HY0bFpGx7bT0QFsYVfQRA2z2ATRhWMKAOcdkAzyLh6Qdp4YchNL/ljzXmoMxQbXXrHbhzRErgTRDy/gM1EiS75h1Tl8czkUu/MNJ09O2+TPbAyREL8Ho/fi4ySRCCOna+oj6/mBlRdaRlE0NutdnlchVv2EVkvp8bC6UlbmeTxmztZVHgI4srAQywoagMy/hZJUfwVltntE8I48Bi4ZUc=
53O6tnDqfFgKucte0Pfy82pxT2BDuDk1zaX/CNJPH5xuEFsQlGyh9Gu6lDEfRv1a1abhTHWjr/ViwskyWu0M1mKa3itE+B1UuwPGYX489WG/Xe+FvQzT/0yw+RMV6A3Rf0W+9hRTkSK01N9RdRFJ/4QPm/xP0CZX3T/6UjiHZDgE3Z/DUgsedw2kSoJ2zqIuiji09ROyVs4gNkXW33RJ+NeoztKsCSEgAsSY99hrE4PK77rtoaLW3YSa4FXT/14LLAWWpnp/WBpK3lZBqB0rGJ1a60+X3KHDOXccGw/eI7kZaM2WKsgQ5N8K5ErOdolbblKFehmZ7/02Sj7JQ+zxyNRrNWQe8XCRst85XW5sMdE=
53O6tnDqfFgKucte0Pfy82pxT2BDuDk1zaX/CNJPH5x4STjA+iFsPg8hYtqVgg7b1ReXjCiadI3JrxJj2a7jdJeKSG56cCqXhGO2xUAO9RMJJkCZy9Vxr+Fr/TipsiZv6z45jOYd648UTOct/ikxFg==
53O6tnDqfFgKucte0Pfy85Yabllmgb2HAcJ45xnzeRDcKIUB2PgmyVuk/cgRloXLWPsbD061Oc4eyp5u/fgj33DUvlWqkgR1+dICOv4hfJAjefyFfmwNzjV98flVYaVFq9l+zyfvabLWAX2q5ivDew==
53O6tnDqfFgKucte0Pfy86PzB4r+4C+yexrsdi6bzw6xFgBJj3QXMHZ0rRMmAucllu44UwLf5CjqfOptVLoyyuZH3DmDGpVF/KiH0NJsTvsavvzqP3mkHtebglYD4EHJ6qEm2gFLHYkQGVAxmNTm/NxrqXZpUFL35hQrm053pndczswgJ/8CiAuUFqNF7fqXVGBpHXFxetOxgCfIwT+Jog==
53O6tnDqfFgKucte0Pfy86PzB4r+4C+yexrsdi6bzw6xFgBJj3QXMHZ0rRMmAucllu44UwLf5CjqfOptVLoyyi0kS0BQsW7noibQhxqexfsbxmPl2SszX2LXUJ5OcCg7H113OhLLAWVAU+vgTOKULkngMHknzbMrqMskjtBZQVKXpqr4L/lLWNpST0rX/UbYDF55Cs1r/cU9V9xO02EuFNWHbaZQ1RQUJl+R2AIg7v8=
53O6tnDqfFgKucte0Pfy8yoW2DQ1S+D6Lw6jponGpfh7H6Pums64keHKrEXHfGXPGTIbd/dPs0CoJ346050CXbPQ2iXMde8JWCWhMCl8RIsb6xcBOJoenfdwgWblLPJvsobKTpT6Y1aZAM51xHByCQ==
53O6tnDqfFgKucte0Pfy8+arAgUSe8E3/c9ycVNFL/2NRfrvEXVdFexTJ/dsEb+UwC3VNSrHzc3IDd5cvC/fkh5i6YadzLMjuWHQ4KJixTOisSWvuY5ArKVNo965P2o+Nw/vY+DG5LwAIO/s1PrMNl86+U4cmupgaBf4ExPSuQzKIefZb1lh8VeW7g6BKT+6GAwEKY4Jy+V8YgMIO2Hjiw==
53O6tnDqfFgKucte0Pfy8+arAgUSe8E3/c9ycVNFL/0Vvm+tTwa2frmwyGDt07gYWmSU7wEWfpUulL+qj3yVgjjomAPPCZBT74yTxSohCAg=
53O6tnDqfFgKucte0Pfy84VSRKqEQ1x5iyaFyCiCB5pNwF86jRRveHxOJYATkAYvarm+tFlV7d40HwBf5lQjMKOcesFeyxPpspkcwFg7gKWFdplFi0QdwFh7OB0twqwlMNBmNWcidbp//MpGgbdLqw==
53O6tnDqfFgKucte0Pfy8y4IsPhOn22eFqVNcgLa9SUzpVOpY0kNm5JSD8MdBZUtUOStCLCH0qM/8Wpv/Yu7y1oysDSzVfmG3gecqZEbrZk=
53O6tnDqfFgKucte0Pfy813VRZVQ7AG5x+4NLXb9XpWSvl524fbOURJGvo5Hg0kQrmtG1sTLnAGhzRAKacLGpOIy8K42FO0VzfaFit81fTA=
53O6tnDqfFgKucte0Pfy8/wS4ybKWLvd1OWzB0Io2cAYReu301IeyPJh0U58jKp+zDZUBohMnjKa4AjvlrKu5rGKh+HrpxDHRqn+uJrPwi4=
53O6tnDqfFgKucte0Pfy89tbArG//BVAkWzV3fNFywMmp1hiw0ICUhxYvGaLw7SxRfQyqtzgTIqxY8ibII/KeCb7SMH2ItHyzkFmwrmdw+8=
53O6tnDqfFgKucte0Pfy85mMrI1VICcQOpGdNpeFWLtFVHDglz3acVW5Iric2gpVtx/ShShJomTYoryXnLTanWpY7C7N0B2ZW2qcxci3Mpg=
53O6tnDqfFgKucte0Pfy8zkaWczhVQz8738MH4ZowUWseVk/PBZmcPSAHRL3zDfWwwCm5nalo+pi64b8Jf03P4+QS5lLgNzrgSlc3qWYX2Q=
53O6tnDqfFgKucte0Pfy83Fo7cPbPrvcLiQI9IbB63nunHp+ntpu4Ol4LsTBy7l/U67QKg1mWofrX6F6ngvmieVX3QB37tKKuxOZ+lwX9Ig=
53O6tnDqfFgKucte0Pfy8w5BBESIVLWAkDrR1q2R28M6EbaxMcBS/mADaCdoVmNsb5zTl7E10+F5eI9Zfp7noDkVBYvnxPRQ/0jFHnTdlaM=
53O6tnDqfFgKucte0Pfy86Tl1KRxweIf8HerL4f6uMgTg+10ParFBXGlWbbEHuSdUTQ4iQL1atHVkhpjED8+/UTFV3jijeFP0HAtOi+9r9c=
53O6tnDqfFgKucte0Pfy80TTm2zoVWMaFkEmaGvzLOFmbD2zDTT6SJpxjSLlLOVbj1rIn6ehpSYP5pXWQQBB79aba2Cnv0so/GdQDYbW1sM=
53O6tnDqfFgKucte0Pfy80NbLJKsgGVNU1o2w5bn8UpMYrB/qRDzGkTB+OGWJTy9mebjoB04Q5r1v0/BfNX7cKm9+zc+8+5GtHBo8D/Ztek=
53O6tnDqfFgKucte0Pfy88wfVYM2BbpjKU7v4H2ANyUE9gJilH2I7xF4Yf2AXieItlq417ceDefSk9OvLghRlOQHmckTfFgi/JK94zoCjNs=
53O6tnDqfFgKucte0Pfy81PsjIKgtqBVu/p8RHCrc8F1bRneIs/SVBWuRLcC9aGPCjZ+/GL+2Sn7H35afAewwpQKe08tV3GuYXqk40Fcy9E=
53O6tnDqfFgKucte0Pfy8wZ+scRw4BoTyxpkOcNyA8XHYF7y5Bc1WgOO26GoBu9nRbgHFtrtVvdVuT+Wajmu+ZgGcydOk0q4O3za/yQM3Ic=
53O6tnDqfFgKucte0Pfy85+uQNCXjdlY5wdTLF1mxdqzhkIVqUa1nrgxDanwckMdJWypenNZ8VePy9u1QerdpsnbAxhVJ0dA984INN69eXw=
53O6tnDqfFgKucte0Pfy8x6L3WUXAkdVco+ENK1jlneEaNdAuilcpHAMQwrDw1cDhHTE9e3OlUhbyyoNarXuCj3k1lleUnmkBX2ZZkVr+RE=
53O6tnDqfFgKucte0Pfy8w5LMJDiWbPzD6eKYM2bfWe+3HVI3+bAE83PkwW8L/EVA4UAXk9dvI4IM2o/mLUcJ4sEgqDHuRHpMn9yPMqAik8=
53O6tnDqfFgKucte0Pfy8+IIPnGq2RkOVf9Yvdwu/OqNGfPbTHioI5krk58FC26+fXouRUyAnnSXYINnLu6L3eEwliA18DwOdUAt47J8/t0=
53O6tnDqfFgKucte0Pfy82V0HgilwlGVRzeR+7gpH+cHfjyuaZV6GcgOGLrGR3OBEUHB7BKGM/c3kiV2GUcKZk1imBLESWOuqeQYKu2d6zk=
53O6tnDqfFgKucte0Pfy81Fx6VRD+f2QhEoN92+7sNTkosKtneyIpq0KCvXOeR+hsJOnXwZb8A00AQYbmSk2If2t67gCs4okCH7FwxzQcXA=
53O6tnDqfFgKucte0Pfy86K8x40aj3j3xer1AtjoiTCQppl29SV4zIErz0KrZ5uCqTDn5tPsqNINMzxEcKTCKBEe/45NhkGdd7+K5T75GoQ=
53O6tnDqfFgKucte0Pfy85D7F1a6nmgACwy7JlHHV6b8BJVSxOE1tSgh3Qu0A314+2SDegLejW6UGk9keEqvu3Ku34l/UXVTjj+y1jbTc6s=
53O6tnDqfFgKucte0Pfy83SEfGzlstVUY6gWT/oQIsL4qqhSBRHPZGRN8AQZ4Oq4XpoRG7l8G1BPvOdWoJ4shuQkdfbWaoy3NJ1yAG3t1f4=
53O6tnDqfFgKucte0Pfy86IXwun4xEXe7vVzyKXM6M/L+Fsch6lH1ZL5JszaWH+xu/RU6pIbt0xAjLd5nUmNhVUW00eGtxACztK9N0Fv5Lk=
53O6tnDqfFgKucte0Pfy8yl+XCrSD+UswBwo4RIpP3rXrQ0p161AQZOgPHTtqoDoOWIQjo+KwUu14jzSVko5bczU2jJJUFcmfdmY4zX+T9Y=
53O6tnDqfFgKucte0Pfy89E/WNa0JnmDav8SGilOHQ/YmglUOgMwdeqjgJ5LQfnoUQ5CMPStpy5ZBkJTfuEp2XkjFLHfqbDQJFQq5+jNG0U=
53O6tnDqfFgKucte0Pfy8ymxemKcDM8b9/+mxgPEksvKAliRsBJob/O2liLjB4qsCAE1FKlvyftPQrqGlvlGiePq454G52+Hh0opEJAbpnA=
53O6tnDqfFgKucte0Pfy8wotJhLiiwhxYmfHgw3Y8pqjweRd7YxM75s88i0bZgXsQxQNKLIFoDfvrUWYtXl+diHmjK4dqybi8sX9w88Egds=
53O6tnDqfFgKucte0Pfy88QBrsrNFLm7UnoVMNbhd23XfyieUC8lRsUzBPUjOhFm76etcHRhH/3EB19LDZnRpeSADT66A7kCZJyitBToE94=
53O6tnDqfFgKucte0Pfy86t0OY/IchzYD5psrIyvwsFMircWR0uL+ItSYK1cBjHt1FZbPgX3CpfAwMG1cM+l/YKxF2hpQL4JcJLr3xiuKUg=
53O6tnDqfFgKucte0Pfy81OMpJUCLTNQKA6z+V6tycDlEwdUdL+uJbWGLXLU1s0aSv9pru7x3VgqHD40dvIFwG2bsDq9nuG1Ao/lG/DmsNg=
53O6tnDqfFgKucte0Pfy8/fSzUKU2ShkZHtPT2ev6kL+bh41VcGYMp3MHddc8v9jg8t0xj/jldXEFvhKNz9WlF5pQKHiTCh0Ki9TSAaRt2Q=
53O6tnDqfFgKucte0Pfy80SZ+XalWJec0wem2AJ7AcpVeRvoJ6OD7m/YEIBrveVna0Q4P6T7LNkOEPn8XzEggL5OoitONuszjj/MhpMxzIg=
53O6tnDqfFgKucte0Pfy87kDoa0gnn1b4/rged7fsEY995a+sM1XZ744Pz7R24XOll+DuLNBIiNi8JElQMHCzpvdthFSJyV38j7Ah0RqYu0=
53O6tnDqfFgKucte0Pfy8/rhyabRPSpqzsXg3+NokXYMPbqI9ccuyRwJyCj25IFQ1fTu7NlABge/XLEKOgzhsXS7h4dvVsCqhK+JwLx6FqA=
53O6tnDqfFgKucte0Pfy8yfy2zZ90qAxoG4u89hWS81aAJoU8EafkwhNaPWEgygDVBPat6htv7zIRkgYspX2r5kpm43tEI9oV3hCA5po0VY=
53O6tnDqfFgKucte0Pfy88NJbWH1EFfnTpDyShgVWepPeomCq3aLpxYkNO88VGZ9oHEjpLd82SJXgMOJSRDg/zUoaOtyoTSbnKkRTnycsuc=
53O6tnDqfFgKucte0Pfy85irk6TXGbZ4rU/Wz/g/S6/Wnt81wRjzA7TmwShbar5azzzgNvd55wFHOu14kjszk0UJkoOsn66dYoz9q+PaunQ=
53O6tnDqfFgKucte0Pfy8/lbJ+SXfAO/CUjP5l61FagFebUl9nsKHvzjpE6/OhZoi46Iqo0TkKbokQAxfQYP+9gIZVU+NUOG4j0PKx6oYGE=
53O6tnDqfFgKucte0Pfy8zUZt+/LwqgcHxPLbiRIMfAOcR0VKYI91QgPYiuOZj8Zhr8eCVyWfwqDCT6c6EcG9I0rr+jngBgMlKn9nHtoqAw=
53O6tnDqfFgKucte0Pfy80aS0NgWGzxL9HlOqncUsTR35AuCYYi4zh0amDScpwZUbAqnOgRKuuWd7Ff6FWgkdvt+s04hmvh4PZxRPSI8InI=
53O6tnDqfFgKucte0Pfy81KCNvnlxBzN7YZcax9hJ99G5mpfVeB+rUNozkOYLsba1cNUcFhr1TupBSDfbUJ8iBZNbUa9zye4ibkoCNjpfvw=
53O6tnDqfFgKucte0Pfy8/UGohGlrFNGH4csqdelPnZjWs1TB40i4yfr0ifM+W2i6PW6nGTWf2G0lc0XsW/d7kJC7od+Z0EkiF80QGwyEyM=
53O6tnDqfFgKucte0Pfy85B9ok5ghI0+uOSFL53nPIZCeMuDo670RUbOgGiLA4TzhUYLQ999xiL2SZEG42aABRPX48HYtsvk8Inwu7TvNcw=
53O6tnDqfFgKucte0Pfy883daCGRCZ1xVXcDmbJjAPnlfRPhT1TIUlhcaMICijodUpfCx1FxHtv0dTsLeSOPSOuleuCPOLt0NgJxO/e2zlQ=
53O6tnDqfFgKucte0Pfy8+txOjXjFpb1Yq+YeQYwzuakWBwS1f22Pk6H2wq/OsUsP/IiO49BomdpOGBH7ij/idYJT8Zv6kbbqOqD4dm+QuE=
53O6tnDqfFgKucte0Pfy80zTKXMi6MQuPHaSwfmh0ClaNoCf6lxSoH5Fz/ea95kiZnGQKO5mlbtFaXGRkg3h4IuJ0cJjuzOpV35b3fSGnzU=
53O6tnDqfFgKucte0Pfy81D5LIhj6DdPcYC3+/yHaAyzGEgADGSbaX8AuL65lwfsRRi7jAFAR06kb+fWQei+ni9GccEOJRC2Gthrg5k3gxQ=
53O6tnDqfFgKucte0Pfy8zhZDc3Doc6jRUuSb8IF3Fjc+dNY2wjJvKA4RQ2Mr8hXRyUBqWjcn/y4nP377Z/fX2X/M7CMNdNkxIw0H5PfUnw=
53O6tnDqfFgKucte0Pfy86fGzgHMPXO8rBL/3UnijJav7Yk+qS7NX0YOkbYbInx0zaeBei1o07/gdPvgUbeEVveVGIIZKZ5TLxmRA3e3HZA=
53O6tnDqfFgKucte0Pfy80VAG0ixtLRbqqLB5uTdp/5srEg7c8SdSqC8nelZAKDtmgWVribsUNUutaKmD8fguHX3f85kKZrfhHfV3HSuohc=
53O6tnDqfFgKucte0Pfy8/ovbuLjCQw/KEp80TKZGSdKvfY8euubjQKMbQgTDdC3Ije4/CJWRO3i0GSPTLs5HlMgsb1aRHZMR0LvqFcerO0=
53O6tnDqfFgKucte0Pfy83GmXTnxIkgzCqEzj9fJcBQ3HHAXnr6AFqqUsSiiSXFIOdlgUNgkW9sAcJxc5XYWLncLkUmufoCp3dUOQqqLyr0=
53O6tnDqfFgKucte0Pfy8x5CwTRinkmy5N/GIVZMxkF484etBZTZ+tjp5gCNuN5k8VCkXZW5sW8Yr/f8ZszdhMC+ZK8RHSouk5yvGsYiv40=
53O6tnDqfFgKucte0Pfy86sbSSAUs9hxijzda5KtPZo6rjmb/tSJmCt7w2ru3hmoDOFxyr4ZRC9R48X3ma/vf/tCoDWR8c1cb8N/DAqkVZs=
53O6tnDqfFgKucte0Pfy8xoez6HsW8IIQtfDAYj3+RcXs6NIyGmhOzhOCS4HWKp9KY/SFroAw1nbPU/l2pzSiUSaSLxLgGq0VlwGyj0X2+M=
53O6tnDqfFgKucte0Pfy838Vsh8ov6T2up6Op/ZKRqIMSP0Qv+d35BA7LqWyEMmFmLNJ1X6AE44E9r1MkvJ1FW/zEnXyWUNWPAjVBsSx6as=
53O6tnDqfFgKucte0Pfy83sOGtWGzWecK7jgqLs0w9U2+V36OcR6gcKAJ1Qg2wIqF6uc8WVyW0eHghlaWUtPkOZuRU/IryHfBFUs5rVxjJw=
53O6tnDqfFgKucte0Pfy8279YGGfhxJb/TBTUzG27KJWXuui90G2hBVhWXuMwcUJjvNU8nahfnrnKyUxfs2x2c+CnV7tLCJ1m0d4054P6vQ=
53O6tnDqfFgKucte0Pfy80K83mcvEo+IZL+Sp2Ug86+IEJR6ic1pyBQcQkQDCDmdLRcpsRzqMhlzdDbjylibUrmeF72AJhBWGUQohjTldrs=
53O6tnDqfFgKucte0Pfy87XQEywP+LPL57H25tlz2axXlfiyUQaYhacEi3aETOmaS1XRFE4LoPbqGGCHFugQcEJWH/TmT8BBF0DpMxLDXdA=
53O6tnDqfFgKucte0Pfy8+05mL1TgHWraA4Z+/AB5CqfmU6pEGub3QcFHybWsJCLnlcX2e0OnXhynoW7rUhiaQOVIc7JvauXWcHBGsk1yAg=
53O6tnDqfFgKucte0Pfy8+nXl5hKGNWoNc3FLIQmzfDI/OFzWICwzI/WC4cdEF24W245M4LQd1D2d7dTaZ43K49xebT8bAI47+aUXkSCEWg=
53O6tnDqfFgKucte0Pfy8wgn5vUVGHz0Og6UJeBQOoyc9TR9Ib2IQuV2CqRqDF3/bWCRhYIig0HQyrGI9BVIN/BMBch/7p8vh8zhhZD1nyI=
53O6tnDqfFgKucte0Pfy81G0pMgQT82xSwyoWeypUbzB3GgMiHXoGYptoIl/n+1i2wKpIQBMLtb5Plm8gT+4Y/tAWv/F7MBQqBKSFdeMUAI=
53O6tnDqfFgKucte0Pfy8zEj4aEko6g7I3LkYFqdtL0Uh30FxsMc9Weu4FEprpMRA7wj8IncYykJ5ghfK90eYopKb/YIug6l4ikXqp8LTLk=
53O6tnDqfFgKucte0Pfy8/cnYL1nnZfCla+PPx8NXkVwY/dQinFPPmWKjehFgGBu7Bp878mzfmphZzZSBFUg8c2U3DXocJ7NWq1iurcdcYg=
53O6tnDqfFgKucte0Pfy81JcsElpAg9bCGWSWQiICqofycc8UZ08+B715VrvqYIVoW7leaNauaj/93wx/gvCaxUsfukUFI0kLFl/jhNrgco=
53O6tnDqfFgKucte0Pfy8wa1rgRicoftb1we4PhYZdUdkqU6V/ZsspNOWECIBQCoiHy8DVmn1oW7HY2TBQGl9lotqWkv3W/TENWD21pYo9U=
53O6tnDqfFgKucte0Pfy8xNXqZFvpvtEGs70CdV8RURFFV+jhRee6LKavwq7ysjDcVVd3WJhA2tesntnTMqPgm4run/cTR8P1hzx5vMdYm0=
53O6tnDqfFgKucte0Pfy80BMyfWBO20ZV7r6WsTy3Cf8hYSFIyBh0txSegcpDHKdZ9nAwb+0M5WsS6WNWl7YHWvbzhRUKEfv0fpQl0P0XKU=
53O6tnDqfFgKucte0Pfy87CLpaTfJRMTkwD5TOaj9OF4m0mvRQqPmKFDw2XDMgtfnW/xolmmjR8WR0KScSJWLB3ZRmqAKEN54lRsuvi56zw=
53O6tnDqfFgKucte0Pfy89z+VMsR3sbdWHcLuGABbBNJ5dBamFWDMZd7EJF7aPXqaue1i0nQNOcYK5r5+3sKQVeN9VMQGIyCpASbLwYVhvc=
53O6tnDqfFgKucte0Pfy81bUt9csqfc/47wfohCezrIsjTzuiNABSYgP+IFbZFK7BwNCczw3f9ZoqidYxTf+u1fHbcQvn+wTDkn8JrB9LYk=
53O6tnDqfFgKucte0Pfy8y1+yD/kkWo3OsiURcdcddGYovnR7tq9UP9VDxGd2mA2gPKRg2xlAq7F+suSqPx4Y0Oo5dImTxSdtzKhDcrk64Q=
53O6tnDqfFgKucte0Pfy85Nk3thY8U5UncamNWBEDlw4uA2r2KuUBwkgx/nIUfwntTEwlshr0ZB9+HxT4TULxtslk038sJlhtTLLOCkZBRk=
53O6tnDqfFgKucte0Pfy83X8+BfQz3sdvHoMLef5uOnaaDPnyqDZuOzwXjT0fZ/RuyT+QbLPtr6locgdrCQVHsn8IP1p2dhSbr1GXKZ9nZI=
53O6tnDqfFgKucte0Pfy832PWbJhJGqNiaykxWS2wnpiLKbhQkmbRfCFlHbYm8F9cUoD/FJh4F5bcd9PZZR9PvsrTKHTYdbnEVqjhNldn3E=
53O6tnDqfFgKucte0Pfy82MayjVZofUxoeTI/lSM8jXqxI18F6MJyh9mkwdSGqMMTBZFfcWOOnMlEtQE1wndWG89XyhHJYZT4hQQy0fFZWY=
53O6tnDqfFgKucte0Pfy8wQgBB6c81U6OT4MegT4KqKYxfyeVgz7j8r8DTR8B9arqhFeg8bgFTZsxBzXMWGCTWPzWVcPBFi7d8fV1nxZZH0=
53O6tnDqfFgKucte0Pfy82Xk1TUlM4Z1MxNU+H7V325TjHi8lpROmoXk6TrA0vOho9BkbTAlTohJPgJB5bjBujX172Miad+ezyckhpkChYs=
53O6tnDqfFgKucte0Pfy82VeAm7gN7MJb0Tj1VURrmBWyuybE2nVU2WKfo4N0KNt2umysMEh7cgA7TkOIVYcdK/CI++geKRG/kj2QsgM/hc=
53O6tnDqfFgKucte0Pfy84qcKpkak0bwpOcgKlSdVZadeazTZp9ri2LTFaQVDdrKv9DXrVhCTWofScdzU+JtdI2Bk1ukQZKD72jHismKqkQ=
53O6tnDqfFgKucte0Pfy80BHEZeCGjzjuUMDWoNb0ZOmmVaHMu5v8q33hlMyMnkoF2V1Zux94olo/xCeLiQDMdjDy0bq9aaB9CxlPjXfwtM=
53O6tnDqfFgKucte0Pfy87uxfw5jyGnSxl8bHxZgQcuHKuKp2vRDsGsDdDaiJzuRP1f/RlNa4TEsDn3mI3R7b47dxh5F4Wc+mhlnGcfPpmc=
53O6tnDqfFgKucte0Pfy82yEpj/IzE72F/wpxi6wDXCr3o3rRSmhd8TPX6OobjamyouzAlgtbI0lk1As1MsbtvFTSb+X9RM1TAHowXFCe6JyFWM6XiLcnzrH/1rqq942BUKrCABqYbAB2QlfTnEysg==
53O6tnDqfFgKucte0Pfy87AdcTruncU7gAwyLe+xTfvPURUBzd7+c+wkSvcmK2zd8keoVlCMW+W0u0uA9dc44ejnFROekl83UNSSa5zK++o=
53O6tnDqfFgKucte0Pfy87AdcTruncU7gAwyLe+xTfvcDNnsRVbctdEEgF2VxN0KKvccCcrFZorhlktl54dlU9aie9EagQPmwg6q0cQlmuhA8PP0kx6sE8mx98ZeHDW0
53O6tnDqfFgKucte0Pfy8+33yuVshRMUcXI3qD3mGy5hg7cGHAzfy2NblIHsqBHnqkVrG3SCnScnn82ei9OeXl1hAtnM2sCU+Ke8RSQFA3gP+DT7STnygqwZTBdcOELds8PcRlbrpHLV95mMcLePMs+tT3ggQ2/jcJG/UHVnm4FYPwkd4K6MuM8m9gTMOuMG
53O6tnDqfFgKucte0Pfy859dH8jmV2OxRXSIDUjUgDA5JXGPYhz0BfjXNh2i4lQrM3Qlsl20HkFXn0yVLv64kTayZ4BuizHcNhHO0mgh9WrByzCD8A4fTTlqxpqzuEpgioN9TwXkBU9Qoc/QYIXYcUyDj5zxd/5kxAuCquUspldRN3HsX16KLxR3+ZA8IinxydrSMrNQjPVKanPPdqdAN18KEWlZFDC78nox2Prs2pxIQzkIxG9nZjMNBcatQKgdSDz+Cjjw1KgtrfvJBQ/h+B+U+lN+zoPf30Tui6JGelg5ptstPun1H3nw4ZgykkZpuW9E4+AzeEf8GIMmsBTSVktvqfj+eJrAglhcItt9N4U=
53O6tnDqfFgKucte0Pfy859dH8jmV2OxRXSIDUjUgDD0jyF2blTQ79+0OegpxeaPBvwJcUryKlqjb/3cBqsUtJKm2RQqP2//ekXyaKQessTs33pRsuIoUoVq2TtFiek2J83c/2DJOEV/CAKJuWUApg==
53O6tnDqfFgKucte0Pfy87eP+BIMCG02JAxLbKMOLx9JAJppcJhYuEum8HPRikTjsVfsuOoAAdkFTBOxRzlQsAijjHUOfbEWQpi8G/Spl7vGmrSfK8E81zBakNfrJOvlZnEi9G67I9n3bd+Rrwzo9Q==
53O6tnDqfFgKucte0Pfy8wc3YJiQf5UXqn3IBRxNeINjBEM/r7rB3IRdeivVWPZqSPhgTJO1I/WdQO/ptiyf/IxgjFcEYDozT3EM7oCeRX65Bx7zl7tvKwzf3X4TSoNp8snT9iesPxeEpLskyjKSt0ihJf2sv5YEcEZygppcZaTS9Yzul8A1cZmVvcx3yPthFWRAGV1NVPtzZ4rq63gstg==
53O6tnDqfFgKucte0Pfy8wc3YJiQf5UXqn3IBRxNeINjBEM/r7rB3IRdeivVWPZqSPhgTJO1I/WdQO/ptiyf/C+FtdY+KQJ1u/0ZYcQ5ZDtGlBywe4IOaTTo1Ed5ZlzoPKfV2DSkgWNjYGr67HJFDH2oldwinllsNIDbpf0eCUi6EFkBR8FjpvV7dqVjgFbOqePi0fwVA47QgJsNNxVpOA5YZbZwVcJJP5PzvO+/Dt4=
cdF2tCB73xADw9/5xe5IelVWR7cWJZisA6j3k+f1Jj3cvH4A5ef+9yoxyoR7P1Rb
53O6tnDqfFgKucte0Pfy8wBwpTSVHXrwJEsXIGlYG8CGToTSnzrOhAfe5Z4xVUUjXlWyQhWC5G1L4FcsKVgRC8RpeMBCzESbnXEDxhVrA7ueESivU1lMKl98w8irKdrFPtL8RP4XGa5tK1vei5oDldamazc8NfAkXB2fhqC8jUzGX5SxtuOMzKrE35Y4MmjYR+vsNhoTVfIwxGBBP7DIisKCAfrR1pG0ElAqd6TPivOOoAC7rcWXci2+t2idMX+NWiLTft1oKmUNzN4DTcyPmX443CK69fBuZxXg60BkSqwCftehKAOI/GUx+q7xg+ssgCgsFZZXbv98FI5HUO6jDuHWJqdT6fR/v/QBALcbG/8=
53O6tnDqfFgKucte0Pfy8wBwpTSVHXrwJEsXIGlYG8BZtjWX4o/4sqhCVqdghIADYXRDcVj6zplx6D9fAZjzrq+FAUbbUFdlwcc8hACRvOoJx/omk1uKC+Bui+jooiljLL1AQYO1A8yPgiPO5hDh1Q==
53O6tnDqfFgKucte0Pfy89ZrpL5mVFh5KygqI2mpWIsbIn0RfwDvzDM9ivvy6VAl7DC/RvExJRvdJACjSg4E/UiIFTdUcGaHpUZy6ouyT+OrzDMnUxxJeSL9S5YzLg4vQNiRZi2katJQokvT35asmQ==
53O6tnDqfFgKucte0Pfy89ZrpL5mVFh5KygqI2mpWIsbIn0RfwDvzDM9ivvy6VAly4rU+m2tct58C4o2qqg5163op40Vb8EirSf6MqgXmxSQfNK93Bh+bFMkLUr3O4JVQ765lwcBKI4nWyuZEjT6mTxxJP+BSXNGe2nwWEpe+aU=
53O6tnDqfFgKucte0Pfy89ZrpL5mVFh5KygqI2mpWIsbIn0RfwDvzDM9ivvy6VAly4rU+m2tct58C4o2qqg51xj86h/fcS3aUkejOz7rAEv9OXT04Johp4alaZF59UY1zdxZlpJskWGJeFHuDqqnZQN0HffRAHY5BKG04fXwXlxzUcPCNLfX7FQKmxtiL/+ptHSIshC9UfqwYRafKUq/GEYpE3MTynFloTSWeh+u0RU=
53O6tnDqfFgKucte0Pfy85KX676UA6XPkoz0n7G7yWtiaXSBMA7BSCdUM1f3boyauDvrQkfTEccBfSP20tsWznVSPw0uCLhxTUiRpFeqoCQmV6fTR68ROpGSqqZ6qkPzPZ/qyeDVUYrmEvm9xLbge1RLoA77Z6kyzqGTIIaED6w=
53O6tnDqfFgKucte0Pfy86A6j7kanB2RIWViZ8bE3A0bfitwzpVoihZQpVXCudU0hBTaWxqxdBaDdfdzt8FowVB7HIASkIjqQv0dMyoM2DLQeu2kvDB/Mq4XpJZaXqJADWrYUvmeHFpurIx/QQ/USQ==
53O6tnDqfFgKucte0Pfy81tHW9nYky+/IxKdx3MAo1kZoVSrY8tUAv1NKqU5JG+SuSqhHaTWzNQFsyt2CvscVrpzavIyGsp1kveAZN92oPdPBxCTCH6YsoXMUrA2UhTsnZgGlT/HqaFiGwGUi2l+QNiluMox6QO7bYt2jc3QD7Q6ZoqzyUiVzcEqq6doSJDXafK9N9MlNb14r06J19095g8ewvCWzLGkY9rY32Pt1YA=
53O6tnDqfFgKucte0Pfy81tHW9nYky+/IxKdx3MAo1mMWKoA966WfunNW4MGLsAGga6Ypj45HsMwOKOYIhPx6q0H3wzhFgpxG2V4SsP9tYg5WdfswAdfk2tVtnM3rUBScydQAQD7ChUxXtDoXdJ0Sg==
53O6tnDqfFgKucte0Pfy8+O3hjakaqu3hz1QLdm1htVu95NjI+UTikCSUt4xakzfxSghPBg6pjQbj8SWnw5aWKkib9pq8HxQqjxTDtfzLVa19gHN55L7z5+TyIXzR44eP3UNjA0BGvjIQPcl2osaQB0aTTM4UPQMYlXySw2olB0=
53O6tnDqfFgKucte0Pfy8+O3hjakaqu3hz1QLdm1htUX4yPyW0++Ofyl4d/usw+R1+Wopk8/gJ2euyxd7nbJxhkmeyf+lWvSSoubAAlaZvE=
53O6tnDqfFgKucte0Pfy87foazvuONKrBmeJGl9t/plT7zwkuZfwuNtwfubii2Q9rmEY+y/ofa146WmqLTeuvOtbrxegRDiPvtSZDfNg0+Mtr2E7m1q5oGzCNQFWGtJXq5AxPwgqb2NSSABM3tKFzG1Tvd/7Vr3U5FKpqYXvAT/YWrk5bnfec8dybeenqu7ydlZ4EszFvCgj+wYuqq7n3B1Ll+44iqVG29i54wg3XRA=
cdF2tCB73xADw9/5xe5IesSxRPvE96hWhYWTtD5wYVfoP2iVSKWSyAIMHK+v8Hr/Ib1r4nS+bpT3FpRQRFQIpMJaz8/VV8gtcCqr4bQOzN4=
cdF2tCB73xADw9/5xe5IepMSZTY+OnU1bA1z/GA+ItPe3XWKyMwAAfa+OpY2bhBN3At7bxRA0bT4/Wfsfulx1A==
53O6tnDqfFgKucte0Pfy8yHRdQX/2KY2xY5w9dXeGatjk19F1lrfR6C9DeFrZaqyFW5qptUnLNGm+uLows+5NNcFRT7MsMtGMx1L625t5sU=
53O6tnDqfFgKucte0Pfy83lDI8JOM5TMyYxVrof2PGpNu4KCjs3vyu5djt0t4a7oK1+4Y2eVgurmoaj7q7JBr0Bjr6XCZpeFkBEC6YI021o=
53O6tnDqfFgKucte0Pfy81fOoXvRckDRVx0NzZvC7rDjGtIVes2YYZYGKrtYBg3NJrzRm4XEuXuALMPCcJZibwELzq1P7Ql8OMH/OJj6Dnc=
53O6tnDqfFgKucte0Pfy81fOoXvRckDRVx0NzZvC7rDjGtIVes2YYZYGKrtYBg3NJrzRm4XEuXuALMPCcJZibwELzq1P7Ql8OMH/OJj6Dnc=
53O6tnDqfFgKucte0Pfy8+KmpAVY9gNGzjrKuUW9/GDre9skZ52hgyUieZOolG9a92nGoGbTsMGaV/zm2kSiowA+nVjb7+2wU74uGH0be9GwosJImiDU1SJTH0xE5TBKkwEIFGgsAzVM3KnnyB1A2A==
cdF2tCB73xADw9/5xe5IegM0ixQsnzX10Kog/VBY2jUoWKYg7aKBpBjh9PbXa15v2pW/NWw2w3EmmFRfjX0KW+YqZbjDYlQofnmV6ttAU54=
53O6tnDqfFgKucte0Pfy89cjCODnQw/fCFip/kvUQJFvjD/XB3IqYHZ6UbVVq6lD1HbcPk4NAEJPWgD6neY8e2ZVn+03uarVDLgMa5uJTIe2c4cxPwBxy5nY/IC3i4qZvxVVd2huAZ7TgvUXyHPBOw==
53O6tnDqfFgKucte0Pfy89cjCODnQw/fCFip/kvUQJFvjD/XB3IqYHZ6UbVVq6lDUNIJ5KM436ujoUwxgbO5WDMDW64yxBAvVgcy6pMYH7BAv9pq6xd2Sjf9q3/zGuFjGMiSwzAHruW7Gt+j4rJGEMbflWeschRLM4d4RVkCA4k=
53O6tnDqfFgKucte0Pfy80M0VItVT0yVxaRBBB60JORujb1WHM9KCGAOId9uur8PFU4Ryl5OkI4JNgnLIpAtyWvPcEm9YY725ujKH0N/dSc=
53O6tnDqfFgKucte0Pfy80M0VItVT0yVxaRBBB60JOQdJp5jBLaSI+3ZZnNTnERyhvv7cbcTE+zcILBG5FVtzg4ivbntwpyOi4ZVaB0ZABUJbvCnz7mZBrZds9Amuv/J4QA8XRxsW1zAoUinn/PGFA==
53O6tnDqfFgKucte0Pfy80M0VItVT0yVxaRBBB60JOQdJp5jBLaSI+3ZZnNTnERyNZe805lcomNmCiVJD53IQR1zxeD3u6d09lvG9scYfLdTqeB9YWF0AHfA5T/npa1yVIzitgYF2R/xb+pw/+fLOXSO/ZceWucCHOK2j+fH7vY=
53O6tnDqfFgKucte0Pfy80Jlxi97JWnRJ72DXq3uC7dFGjwZcHD+bt34W8lCICO+MzUUMkFIuWWrfe1Qf2ZGQ4/qAQDYo/j9vg8OJP0KWvswkMHbF4pg+G5GkuvmlvpfKsSht+5EICfG7sB8rs+aCg==
53O6tnDqfFgKucte0Pfy8yGGCLBChXvxYURlST9glV+o+2HoYlUJid8bZMcT9Xky+taKApQ3hBHA43qSRNExoOkWkTYo24BH7htsk7pzDFW4rAO9BHoK2n2EhBbTm2QfTEZuMmx4LRKdVFkvuOxZ/8OwtX8PH+wITnjbM0uXCGI=
53O6tnDqfFgKucte0Pfy84wAnhuFVWsHkI/jFlsHY9wE8Ys6wxY95z/rt2iNkVRZyoO7QyLzYitb6a/3ltid4386Bv7egC8RAm7AQQ97vjo=
53O6tnDqfFgKucte0Pfy81D0eF/jjOlbm/B/Zbh/+PiMk50qeSjQlNadHgbViGmNaFRMP0FjcJLMk6OnG3ZbrRRfEnt1swrtkkiu152IRtw=
53O6tnDqfFgKucte0Pfy8wpylej/MTXXo902EeMlHXw2pkLukUbuzNR/u2eFnm3LwPTujNHYtMjLI3JtcBkGXhkY2FFxMToBrSi0DbCK1U3OKyspdhgsGvPyNX8OTwgt
53O6tnDqfFgKucte0Pfy82FUNO42jfxOzjrCTs4+NVgiC8rfWA84P5eXfwUPnfXd+4fTLg+Ua7+rMJDPf9/rKa05WZwe6U8O1mdAiU7azE25Ezw5Vx5U0HmOcPtTntmb
53O6tnDqfFgKucte0Pfy8zRr3KN978xNhvfoF57OWk+XTtQSAO30MbQAn+i0g6V7sDZrJDJc5JKQkTeeAXUpmVPHQyZp9oxGPKVKSLqh0EBTIuiC7e+99R9mvf6coyIkNv3UUETt3t6l6lCBMGz9K/PJdxamsg6+kE4+npq5ZYu9qhMoQPEsttCqZmr3+qKoTcWx5ZFwnMB6CLthajHlkjv7c2Y0PhNu+HQ10FQdLCI=
53O6tnDqfFgKucte0Pfy8zRr3KN978xNhvfoF57OWk/vFzk7dXS3M/i9FXO6FNF4aNaNbUbd8S230LDA99RHTcLnilRZddKLflxxwKfFjI2LxKB9GqcdFsCxeUx2Rn5AYuxCy/JpsJUCUb6DGLXIL9xOBuJV+EM2m3GYDvQGN9BfBPxWi+fXoNEpTqpdiAihGnK7Pqq995t6MhbtdP6ldwNKuh3iNP3tpz/YsxqhnLk+N7oBwtQLfTy5Tp+UxY9YWVgDfwZG9Vkl2apgmMCq5MrPYJ3jiaDwCbU6XzZZrydOPEhHaYHDla+qRj+tq2OPNWk2cIV95mV0Wol1bbFpceIXgk0Sh6bH1heV6cPd9RUXovoh/zO85LZL4m2loM67
53O6tnDqfFgKucte0Pfy8zRr3KN978xNhvfoF57OWk+XTtQSAO30MbQAn+i0g6V7sDZrJDJc5JKQkTeeAXUpmanMMoxPt3fb7pSDdhQZV3qymnJ6UZD4mEBvdP7e21fFYWfhMMDeDbYW7K4dOFZPQA==
53O6tnDqfFgKucte0Pfy8zRr3KN978xNhvfoF57OWk+XTtQSAO30MbQAn+i0g6V77zaWpmWmthTPdFBXbVqWudZHhpsWBpvFXdzgn5t5mHhTLr+nPPJL+p7wY7ZiRIxyIUWdrCG0C25Ik3Daxk8UhQ==
53O6tnDqfFgKucte0Pfy89viHydtXUeSqA+ISY8HvlMnzvB8VEFguOVBKHVHj63Hd0Q6+HqPBoP0+GGWmZZnHXxclTLKJ5LquVuD0n/2hU0smRMRZn3vmDv7eVhwVwlkSSBhOqhMN3V2w0I4JxlK/Rr/gQCeruTd6PF0vs8scGs=
53O6tnDqfFgKucte0Pfy80jec7M5v4K4q+jng4BFrO6/LDeArLDKsFde2I5w5eObOoaWYk/XPdDFe7Gfu7TFNRuJOI2S0xh9MrGzbeE0WjsXLDm7gK/WlSQDkrHdczibWtQ9CpA3nk6BTobaC7kbBPW9xaNSeCRlhQzGHo8U8TRSCJfetXHBsaVO1Q9SI4wM9nz3gNevYZ+AEfe50lhihRuZ75hPV9WEjA6SMrhWXSY=
53O6tnDqfFgKucte0Pfy80jec7M5v4K4q+jng4BFrO6Ub7VYD7/NW/e0EJZ8xtn8vjDmREA0crqrB8wR3zkRCet4E8l1AHxXLGfgMQldkM49OEzFcDkQZX/iaSxd1zMDZ1BQNT42X/cur32I6Z25lBTyt//myW/1p83+Xlk5Rncfs6lQRYT8goSBrcwUPRuWpt+nRibOZuufhNDj/rzNONzcmHY/wUEnZSVzP2NTR7ZLCCCV8E94rLgQurpLJPjSFn88MYWyBl6lepLb5KW6b/wi32Akwycq4C+TKANNpU69Jf6ycdtUdqaObeZci4bE/cfewHzAYcRpXwX4L7BtdYmsBRCQFdCnQFvnungDy2kbu0ZWv/yQzLQp/FyQywpW
53O6tnDqfFgKucte0Pfy8/EoP1SHzkNWxXbYaJmvrYMBMMIXJuQP2r6LIkqQ5sDn6AN/n7fwI1zc0YP8w9HvM8kGmRIDw/4PQ9HcgriUg3s7VVIglpLA2jugDXrf28gNBhcGieMTGsWWBec9XqavQA==
53O6tnDqfFgKucte0Pfy8/EoP1SHzkNWxXbYaJmvrYMBMMIXJuQP2r6LIkqQ5sDnF3RqJExbsa/veQdQs8e/5rMu/DZn8OrWodQQ+huYZFg3uSO+WYDcN7TalYK9GqfqW3qyeueh+C36alay/JKRRA==
53O6tnDqfFgKucte0Pfy8/EoP1SHzkNWxXbYaJmvrYMBMMIXJuQP2r6LIkqQ5sDn6AN/n7fwI1zc0YP8w9HvMysWcm+JstPzfx5YSDGrizgi/T2MvPRIQ60XL60puIoqbMC/PmL2F93JPN2iwc5/3JyRvGP+RxLehymRihu9qTA=
53O6tnDqfFgKucte0Pfy86q4mAv7JgFqAHT1LJc5BKnYZdi4qGl+gPswb9j7AdVGERv+MNs1ua6Uce1If0AShFlH2kIdpfw/BxCcbVhq81s6Hy9qPlAXx6JJZp+cOFrIDK62N/sPRLxM3mY5J05vXv0uWuMUynS3ZaT2UY/5FLmZDxWuOXZNbYgbFA2QjoZThVAxYabs5eAvADr3Ky3WmP04EJhYSfHhfJeJ6fuS8QM=
cdF2tCB73xADw9/5xe5IeoPsjDErdjFVLUsESu0tUSCHPKZP38+jQ88ssm+LNAbKO1PFwMQGK1OD8ZaiNo0dWjNQXS/38tTh/EAG3kskv0pPOYdT/c7/SVgY6dTfHos9EOexU29CysNJEBIwrSkoVA==
cdF2tCB73xADw9/5xe5IenHq4pxXlMK0obWx7oPsZlvH/q4z9NdyXgr5z4Ism3OP
cdF2tCB73xADw9/5xe5Iete6RI/2sYd2+LHU57oDmfUMpAr5CI3dkmU6J0hdokXIWMpiD0VT6eLVM3w5f3DdcrKB0vcXI2LMCfCv4jROKLtZARsSK93nIHb/qVabTW25/OemwZJfTYUwpmEdexxVLw==
cdF2tCB73xADw9/5xe5Ietgy8xWkyqHnXZvk2J6om3mBnB+ZG1AfguuCfjUZXX9d
53O6tnDqfFgKucte0Pfy88AYF0HH/Hss/UmkuRM4w9A/ftSLCceRo7wB5V9YWjjHW6JcCIU0vrOHEEFUsFbcUTR+XJQe4zW+vsoHRova8M3xosFLgjgUwzZTZB5yVQcO
cdF2tCB73xADw9/5xe5IehwBnt/Qc6k6wuW4Sk3uKoFjV4ZigLzBj3ywWVwvtZf7TyfHysg9C6dre09g1t3BbJC0MIkOkkB/3ROXD+C7OmLJigShpXhlHbsZuBSmhRIlWVa5qklwggrnGXy1XUuGzA==
