GmcONIA9PFzHw1gpPLLPoqev3ytAH5KO3S/CJpMsylg=
35kyjVfwBJgytCi6KM5Vug==
FNt9orFfFSbPIXNSbXcP2Q==
gE2g7VQeqq0h5MkG44fPUw==
A4ZCFW7RnVRfEnbtNxUDb8VFIQmzxcIFLuiIjRY2q84=
cwgQW1UgxyVfBeSrdwXHsPE1eoSAri+NViVSjTYe4hg=
pYn3RyiaY4vz2unSybTHuw==
mAzeFbkWBGyzJRgEWJSZYQNn44wFaguEUnqkvHVinQw=
NiGef/LGs6v8Em6sqLz1GYGKB0111uCW/TAqgkiW0+w=
2lfNnhNY+w/3xMaMUxJbE0YFT/wvMlSDz8Vrd5FEs18=
UQrHtUk8hnQOQoqriO2sz/nJF0zL8UkqN19lcbbZ2F4ybVzoUAUYsquYyhk+37/j5Z7jDKaasHE22kUm680ipRxcB4GT/onuaOClR23ej5YdNJmdwAXsgQdOQXRjQHXz
UQrHtUk8hnQOQoqriO2sz6ZqvM9FY9MbZCR0+ntkfLbls5iNr1tO74VMxfleMRyLEifq6ya1YCSLp7ylz8pDD4tGkGAeLAP4LWTDgc87STBCWL9i53mNGsU66ixUhoK4
UQrHtUk8hnQOQoqriO2sz3FB0WAexaKwm8BkZTaTjDD0fK0vPIozpQZBDpV03ECfU8UT8CfjSSn+HJDtPUZPqUmP/IGs3puysnNeWW+kjSzQXhRNGc6indw23JFBuJ3Y
q4PcNbX6v48989GHaZ4yYEPs/TOlNr12q5bwFlN13m77uRHDyfYbwZbqnWzcvag1mIUDV0TXzK09I9wuxmZ/e63cl1kxgyRn7L+pjYBrnPHiAEEyfHP6CW89QBK7o+zS
q4PcNbX6v48989GHaZ4yYIv4LFh+E+vpp/jJVFaINmpSYelG481F1eQAg75BBZM0HtH0maK5O6nYxRIXlZu6i50uOdq/mnfwMEDW5XBG3o4FI7texJN/h0P8FlexNdZz
q4PcNbX6v48989GHaZ4yYB1pOOCZv31I9Uup+bcqMKWu/OAZPAeV15xc94l8lNXnKQVme2hgfdkpJZRQxKiwW+jidtOTnfwf/tGhXblg6MyHjJeh3s4lrTwXD11j5i5z
votZ07qrDfVJhzjQwlrRCFejGmEdUBZAbcYIPo7l4xd762riNcMJWvwrWFAydFWUq7ArJQ4GvKB6osxDd1PEoqnbxFgMT6Opphvu00Ix3IhJWuxD9grXJ3+YYzmbILB/
votZ07qrDfVJhzjQwlrRCBN0KlkAPRd0zogpikigYc2oeZ7RExtnHu9N/ci9sDpcOfz7CAE8TAa93AEzustHb1DVIKphfOux7LJTSraLe71zvN9XOQ/w2uyr8NZe1kn1
votZ07qrDfVJhzjQwlrRCHEI4kd1ZRmJn4rcTwdwPs68U/Eubazu7Inp6/1YBSCYGSYQ2OJeOxmz+0Ty1RROXgcwLZWPWFXVaYzQHaqfT2DVxDaO4/kjyEzLK+JgaDA8
vdOSLR7pGqcmnhLH7vH9LnDE6vUTlroZwjislWsdkmC7rBnN6iUeFdGeK/VwZZrNs9pyyIKUp+Q1hrG2xcnGUXrdcgXjCBe4c4tQ53Vm0mhVH6Fdm3j80ZjQ4FUn8ZZn
vdOSLR7pGqcmnhLH7vH9Lg9KeLTAwb/1r1e6w2jFqX+q1k/wqQjO2J7pI9BL03mtE/RNiZOlsKHtN7zVr+5Ef5ACeMjJUIOuHAJrayHZfyxPBCzRJROGwxMvhdh6kiFj
vdOSLR7pGqcmnhLH7vH9Llr1ED6hfhDmZE3CBSuqiD/3Niiv6Rz2VQhSK99yqpUTTb/jVnrlDQLFZRRKRuj+0Gh5t69LCSlgzTZ5w3g6LN1Njj3kOj8QWRK4qqT3MxaI
