GmcONIA9PFzHw1gpPLLPoqev3ytAH5KO3S/CJpMsylg=
35kyjVfwBJgytCi6KM5Vug==
FNt9orFfFSbPIXNSbXcP2Q==
gE2g7VQeqq0h5MkG44fPUw==
A4ZCFW7RnVRfEnbtNxUDb8VFIQmzxcIFLuiIjRY2q84=
cwgQW1UgxyVfBeSrdwXHsPE1eoSAri+NViVSjTYe4hg=
pYn3RyiaY4vz2unSybTHuw==
mAzeFbkWBGyzJRgEWJSZYQNn44wFaguEUnqkvHVinQw=
NiGef/LGs6v8Em6sqLz1GYGKB0111uCW/TAqgkiW0+w=
2lfNnhNY+w/3xMaMUxJbE0YFT/wvMlSDz8Vrd5FEs18=
bMor/nbieoc4MOA6+DAlQ0vQ0tZtn/ZIYV3c4mcGlx9HhLHpQSWUvjQ9B0nj7N1caKED3uYO0nVPfNJH3sVdSQ==
bMor/nbieoc4MOA6+DAlQ0vQ0tZtn/ZIYV3c4mcGlx8jfoFEXf/DzXXiiRSkW71krgC672EAtBt1fQSoWxKfbw==
bMor/nbieoc4MOA6+DAlQ0/nP3ysVZrhEgQ9iSiDxdv0qfxJj/U+sotfmAtcEqB1yM71aEXROVC7byvfXHt6dIeo313nHnbGWycd+oRRlvk/9/hzgFmcqzVYFS9xYlLTl/cJFiSdBZwc0HcylrEoZH9bVBEO1Y2fnMN510+Reo2huVAFnSoGLUqVI4kJ9a7cNrwuoykaO9cf77m4cgX5QcgaCoOXnnbXWosXAZtXTsk3rhEHYhVj889C2FFNbxyfNsRmE9vK5eCDTLFjOJyIDssC+Ev9A3Er3JOqZ72OChG6LSb87pCPNes3CFb92GUoSgS1yWsTnskLa5ZlAmo0YcstXHvwpPIUeAClaflNALNeQgQN5YtVe1YQO0ZiHMISix9kSTbpp381ISQfSS5Jjj4jrnYN65cpPz9JXR9Tjdk=
bMor/nbieoc4MOA6+DAlQ2+KMlUFfOcfuMogAIZJGinw2zOB9w6PO+jRlUUn9IpiK6AodEAL24jPbSO52vEhnw==
bMor/nbieoc4MOA6+DAlQ2+KMlUFfOcfuMogAIZJGimPwvoE/8clX8tVy7ZPRrCt44DMu2ONyxOVpR5pu8/ltQ==
bMor/nbieoc4MOA6+DAlQ5+P5rxbmGH1siKlsD5Gn7Tb+98GEgQeb7q36JviQ1n7UGMrlBozPp8GhuuHV7ECfU8itZv2Lf5jVz6rjTr5PtvhdNRKqiiejadEiOHX1NDhDs0Sp/ITOlkW1/glESsvFq9K5vvRLcHb7KC4EOgu94b891vModWbHH81z7z0LgwAGNQqAyHlm5LIQzH2zdJ4jjZgIkT8OkhHOJzFNw7hP1GvO/h9y1bkYMEauuV4LE2dKS4qF5muSINfvbCmw4RAO7ypAIaF3nRFbc0JbK0v06bWUeZsMR9Vy/0GGPhfYn9C8kId8fgFZnVAM9pTMCM1dbUcHb1TZeeZ1d+flQvleSfP9ha8+YOs5VigqrjpecY0uz1SxlRXzBVSTDYB36IisUS7ANhzfUjNays+lu5pOCY=
bMor/nbieoc4MOA6+DAlQ/Ym5tflq65SwPDpRN6aZMjzG6IynsEd+cYAjBsS4J7L0zaWaFodKJbDmDDRjFnkig==
bMor/nbieoc4MOA6+DAlQ/3o7Na1XanBdQ8BZJNjPPIQsicQvpwy79vLNM7inGfq19gx9iRdsRpMVb62wkfj2Q==
bMor/nbieoc4MOA6+DAlQ/3o7Na1XanBdQ8BZJNjPPJ2FiPt8UJJZ2RgvyECQH+wGb6A8ZtAedydteCaIR4dtg==
bMor/nbieoc4MOA6+DAlQ/F57Rz3ewQEQoRWYs9GUMMcQZiU8nIGNP9tMOTxGvyFhasqHsK1AKvfJuXz5/Os1dPL0Wh7nbmZv5zjEyzXbROZlxPDFntVwqClUSX//RNhthGvNoo9Bqap1xNYUOLRMENEzQZsDg12sLHxB1Nm7rltrDiJ2wqdumLvIIqH1iuXvbqAkI3TlxCLysUwu+JKwmWHPEMkTFbKlDZsHz9x29UR5WB1maH/sKXuh4BSRK/Fr6cQwcZBlPauj6mIi09ryv6L6TmV9LG8U4oPpWKGHU882Ug93eDeFONn8AMzrPTlkwbB0dfN3y234w3Cev8OqVbw4WpKoRdulcPjl+0qq0naDuzjaYlKcKzWRpgGUAF1A4UjEbh4KesRtUF8c5qA38La8kn8cN7Kl5t3rvHE5rU=
