GmcONIA9PFzHw1gpPLLPoqev3ytAH5KO3S/CJpMsylg=
35kyjVfwBJgytCi6KM5Vug==
FNt9orFfFSbPIXNSbXcP2Q==
gE2g7VQeqq0h5MkG44fPUw==
A4ZCFW7RnVRfEnbtNxUDb8VFIQmzxcIFLuiIjRY2q84=
cwgQW1UgxyVfBeSrdwXHsPE1eoSAri+NViVSjTYe4hg=
pYn3RyiaY4vz2unSybTHuw==
mAzeFbkWBGyzJRgEWJSZYQNn44wFaguEUnqkvHVinQw=
NiGef/LGs6v8Em6sqLz1GYGKB0111uCW/TAqgkiW0+w=
2lfNnhNY+w/3xMaMUxJbE0YFT/wvMlSDz8Vrd5FEs18=
bMor/nbieoc4MOA6+DAlQ0qQq/VQXRUBM8DcQcHbP9yPx0MXAGvbrCa0e+GhLRH+kj3k3SAecRArNq3/Goy7nQ==
bMor/nbieoc4MOA6+DAlQ0qQq/VQXRUBM8DcQcHbP9z4vYU7R7zmI1xo2reIyCSLV4anUIr73ij7ZJonEAd2nQ==
bMor/nbieoc4MOA6+DAlQ7XREVnfMKKQDkv/HAUxbfAb5MIF1I5im/d1mxqtZuB+LUKZYXus9YrIe8bob9j0wwqCmNEqsUbOk9oGP77EQVJMUYigPZtyE3wmvsq4WzdhWlwsl3ruIM6lxBVvX7gC2NuH2QomNi3xesfyX52EyC7bISMI83gLfJSLl60rBVfN9YDkk3FWvcQVrwb7SgzVjsqmDUZYqHAnlu7eAh0Gtus+w0AUfkSWHXYHzfUaUcvdIDx+EeNq4j+fjXispBNGn+Abr/D9cae364VhIEY+CQGqBzN9MoZDV21TkInoxEzydOUrDMf7Wi1H+Xk0R4LgaQYKTBkj1FkPcoR3IQNwHset6v7/gtdxtRxNcZP0KotrU49nufO2jV/bY2x3bnS5GE02whOIwc2hjoJ4L0QtVOM=
bMor/nbieoc4MOA6+DAlQzCQ7KWsAVZAoIe1LNYapeIZWNJB83tnBKKF3rDDgoj5nVKjXehLH6fDPeu3Fuz/Yg==
bMor/nbieoc4MOA6+DAlQzCQ7KWsAVZAoIe1LNYapeIC5QCeVt8P7AX4yl6Tgzxv082dYz9DsFvtpV6jBdXjKg==
bMor/nbieoc4MOA6+DAlQ700ccuyZDoqHCWbdgsyECmXmxdw4qWM8KryakWiQxz1nTjZUD2VZinU0uILE+8i3C5kMili4Dnw9Elq73x+Jy/dJYWEC0qunfiY25sY5ktQpI1G8RiArO0DAI8/FU2ZXaYR+dyZgrVL+RoyPUqefqqVlJQ3RpoYUgEyQuW7H99lP9s/SJGywCU1AZARmT5qy96iVcr/vFifeeTWA232excUpGHUuN3YNoT7Rt+gd3MqPEERJRajreW2vf2IQ6+yLSPlKzyuz4Cy04SfNnMlS7fXSLD97UsKBOn5htvhRHcLsbhOA8WuLVTAKpAcPw0+KK7eE6fjtDswuZM6HnoG/Hd9cqFNCgPhazsGTSw1GPaOkaRiuDywgW1l+KE1jVG/zeMrtBqPuT5apNV1FUoI3co=
bMor/nbieoc4MOA6+DAlQye/6CN711XP8HFwRrZyYy7X9v/L1r1L/xkylZWrxvbehWwCAI1UGf9b8s4ZnyLrlA==
bMor/nbieoc4MOA6+DAlQ11xE3rvOGjyKuRx3z80WGuTq76CdzPXYkj824a4YhXN4qnsz78y0nmzBI7uF2ZVhw==
bMor/nbieoc4MOA6+DAlQ11xE3rvOGjyKuRx3z80WGv+/zby+qsFGgmjMBrZfSZby6sRYRDGfRxHDHAlSYNytg==
bMor/nbieoc4MOA6+DAlQ3rysQAHLtbDVfioZn+E4Uk8cWd0ZjblEovzBKOgr4NCRPiodTPfy/w/xYSgjw6by7KyDYUvLcfpGWOoRq5kfy/VI4Gx2fxQLyqfmVXSHRcEaft8sosU30aRNw2ZkXEvbfsZ7wqEtbz0pzznPMZ1ugYrpzBIXIG7txWqW+iiE50jg7bySUqBagi0qdT2ADBL0rpePdIOogzVstsaSnLa5waorz9TWAb0mU5MO074vOXjpwVjm5OKX4lF4MyhLXvCcsi/njbyvj1+OAVC731zqCX9fcHIXk1ZzyMyN/sQYAtv+xQ0Nag0pArk1bevneYUL/9au4UzefA+ebzM9M0K7dcrZCDcXLh4GHb6ZtSA8CA9tYUrQGWZvg8FfNXkZ8ph+U4kAucjWI5mO6T+3PZ74Oo=
bMor/nbieoc4MOA6+DAlQ+/z33VAWy7nxAVz2VG7z/5UozSg31ckVOTnzVrvWhTNT8hgScTJp7VlWrfTx4EwjA==
bMor/nbieoc4MOA6+DAlQzQLe52Io6qQ+KzifnD4LAw7hA4ZDOw4bKyeLvApcE8nsGgd+6mSuYLGod+o00KzVQ==
bMor/nbieoc4MOA6+DAlQzQLe52Io6qQ+KzifnD4LAyhepV01YLV5Pyo1/6U8b72Wg+q3F6ck5u64hSzm6PnQA==
bMor/nbieoc4MOA6+DAlQ4//vuHBpaUyysO2jcuQZItjmGEGWAKB1/lqfegVaZvQ2x/MQ6yi8CfgmRYgvnkPtx3kFCzJdzwT2kpJxmdIWAdt+zLiheJsvzZfLwP/S9Ybh4hSrOtuGWk50Oxb5zeQgyHjQXnR3a2N1I0aLv4ExbBotoJ8tNDRmWF890fzzxdh+g1BZQfMdUzww8y5L+TCA/uZWQUW1ZADXpxBxfM+ksxb/p5ZAnB2AALlr1u2GyCRMuFpSlWqndD/eRcqCyt2gAx4+ynL0KpVW3DsUXZ+wwulStxeCg0mAEU1EXNULSqayJfcUQV59h7Ez8ABBh3SdWxulUFyiyWVfXOT1Em73yru8LbCw4hv3aV7q1yeH3GewNeEZVU/MLNtzjahpiycZjQd5KznG0Dei6QEr/otgqU=
bMor/nbieoc4MOA6+DAlQ2Fkc0TJ97tuaBNzAAxb2n2Tzdnb8K1Okz4A1LERpr6VTyfme+YHnRCt6ZWJM2VARg==
bMor/nbieoc4MOA6+DAlQ2Fkc0TJ97tuaBNzAAxb2n0cHm/5fu3rZ/h95tIIwDRxJweLKNN4V2alnB0p91b03g==
bMor/nbieoc4MOA6+DAlQxR78Ujho8vd+qsr4did5RzfNfaCW1oLI+STtvAC5UOaAx8S/Td3T7EZrPduAcFE0I/AoAv5spe5FaiXhXyo5W/EQbihC3uTfGQSFv5EGliucqqEHPoO/CK0dONAHIKrBM/fSN/gqWNiikKzPpDR/W5rHaqTUNDiRfGQfYoQf47Vfv8madLGDsWiKhHdZ6seHbaiuyAR8tbP45yN43UaYpoQL5QX0yb1SXBCPWV52A+duZzSlFFroRIn092MJimLPmXqP6Dmw9/qcO3RnxhusfLvPCUbcxjcFbSZL3evd09chbwjTQyGCJUaX93KhtWiHAs3CW4jPuqrKq/nh49LJ/wATTj9trtXT6Nv2B0BNPVImNapuDKjH3U9lgFy7/9H/S1ii7X1QPDAGVY0KdDj9DA=
