GmcONIA9PFzHw1gpPLLPoqev3ytAH5KO3S/CJpMsylg=
35kyjVfwBJgytCi6KM5Vug==
FNt9orFfFSbPIXNSbXcP2Q==
gE2g7VQeqq0h5MkG44fPUw==
A4ZCFW7RnVRfEnbtNxUDb8VFIQmzxcIFLuiIjRY2q84=
cwgQW1UgxyVfBeSrdwXHsPE1eoSAri+NViVSjTYe4hg=
pYn3RyiaY4vz2unSybTHuw==
mAzeFbkWBGyzJRgEWJSZYQNn44wFaguEUnqkvHVinQw=
NiGef/LGs6v8Em6sqLz1GYGKB0111uCW/TAqgkiW0+w=
2lfNnhNY+w/3xMaMUxJbE0YFT/wvMlSDz8Vrd5FEs18=
El2zNj3DC7ycHKcM6zs7Ua+Fgea+szkKihwowuonVhEWDyXb8tWCz8M4i7Rf6Hj1qfEzg0aXZWY/2zU71TnFeJ4Yb3baIE+g2SZ9wCyNqr0=
El2zNj3DC7ycHKcM6zs7URK4xYmWo8AYb8wBU+Ul7HGJcSxnKnaddK5GioxwH6yqDe9lPLY6xRCqqTutFHGH4BfmaX7bVAopOgTPdYtLcpx+gffZ9P/ReEZLNtZtQs4h5ajniq/yxwuQnDveihfNbQX51Gsi+JPFV9dmpVNQCy0L0i0rW2R+eJenrEkT2zSMc610mcJCA83t0U1fz6CwY1pFoiT84kn4TBqa280hu6A0gX2WxdNKfJ5MKb93nQ6rGpUJIr3gtEglH+jA4LI/Gqx00S51Xwn+WK/ez5lwWHo2RbEJNdx9DJn4SlItgrIy46sQHlS/zdkpI/qBC3ed6w==
El2zNj3DC7ycHKcM6zs7USJ+wLtxqqvWEZjmTe8RIsJho/TM/tNC9ia7K6WYfgd+P/qXoqegdatQrYKnNJwG4afEIrQpaepXAbgjKpw+jcFkYpK5RTcBaLG1zXED+9fV8AdDqZ43yHqbnprLEZhnbUNN+0tT0sSplwYQ+QMA8+jSW7XNQRsRkva6yfJlHTdp60ZkwSVoo4nBDGGLA3AtveHgIvE2sS0VoibZbH50z6IHrAb4453xSFmra9r08ezraNLc4Ctt8rx3Rep+yfhZ2kVm/bIqk5ZopnnnirePhCLtQq8qO65I3ZUb5FmxJGpmTymIPGx5Pk9VK6m/hxPa8gbrg7WuiPQ5BCN5lnVoGdmE2JofYyv50fLcgZAkYUaxLdAGAirZVaZnYGpXP+dFHeydBVnNRHUbKa6uTFU7bla1rb67it/J5l6TT+6uNRcGZ7jjOGMNTpuu5c6H4ATjEDaraswpU9TDu0aj+wRJ4GWvLTKa4grk2CKOujH3rnZSYiMklrGjWoNWaIfoF0VafVvxkyoJkcPnZBeLOHxuAPI=
El2zNj3DC7ycHKcM6zs7UYjC6mOFA5O/6KJTPPE/TKxA3oUKAjZh3RM2dLPErcugy3ppvJ8SRPJJMR+gDROF34MRHAE8O1GCy37tP9oMowxLfk2+gt34cC4V18DSDUFI8kHdNWO40PS+fsIbS3MJahcu1qXTSXGs1FjclCzp0Uh17mkB8xokXizVKPBkbqGIUaUTjn7RAaTQuyZj7x29We7Xsxh+L8acKpshQmo0WR5FrUONxrdvUxhD56odvjuL5OJ45fayTYfKWppIK5zSCA==
El2zNj3DC7ycHKcM6zs7UYjC6mOFA5O/6KJTPPE/TKw4PdN3tc/xIJUn8PEsK+JesSmdHqG0CfuqGu0ykLl7zdOT1k06mYaT+1Cd1T2+0nGG8B04y/YVHTMMPLkOVwOHaGLndwYA5QWwzbKsmPI5gzaOcFWYe3/3nd38Wfsd/9oyyj2kS6oj00zM+MDoRd+tyFPSEToJlPUw2IOjC3GrNf+Pa9gvTihxTtREwj9ALt+pxtVCG5TrXQEg7UCZSWzKMJkA7zjuHhT+ZUXOe3aPjAn9C7NQq2dltgzRc106cts=
El2zNj3DC7ycHKcM6zs7USgu/KT9qoY3lmDWe9AphYur37XvC2eZ8J+fXgbwa2Zhq04vCVHdCK5d+v1i3cLtZPeWFNpWXng3A8EgwbxcK+JBOJrk3RuFdK5lACM+0aIgzUr7BjufMcW3gBodQEWI4aAPNdFO48czNgigGEpiJLeuKao6bStIN/Jx071P+rVptGUgveMkfY4DPymTbopAVV+1IDnpxaiyghMdtwkOowgaou5dIscLloqtbMJx9rUm+7TvbsFxUvmotzEbtuYjcUOw5t96qOoznsTwrpmzDSwNfheZ3n+VDDygSyXJqBcC
El2zNj3DC7ycHKcM6zs7UdHD6QU4XDSW03kzbH5972kvVi2/9LfmZJzuiTwb2CCE5C4uKi/G1r3BbbbugUa7NKb1BWtWZE/gkb7wSphSpkM=
El2zNj3DC7ycHKcM6zs7UY7A/bBNq21hjServB4alIuibSWGLnIYrCI/M8donDZr8/vGC/IKUumlTJdxrlQLB17MeVy710rAE7xqaAjKhBM=
El2zNj3DC7ycHKcM6zs7Ue0x8lTIDw1AJUDdkrE93sCysEh6wTF/xNeYh4QtqZGxc0HSUXFM4reY144ARmMwSR0P+E+hDY+YyGRh9/7vPqA=
El2zNj3DC7ycHKcM6zs7UcFxOr5PrDWkY3P21OAyLs/ZsMDrReFcWqZGQ0OgPI7Ad6RejmCN3Ve+OcvEJhReE/eW+GBylUXLfukLQxmlbFvlhaJ7jm6k4GJrvfxNtJR8XNwmCAtiOhtBwQn0Myd2WnzBdsCol5cr9e9KYH5J3uAP0KbbUSZEiBBzuDlOz2Zx+AnE/5HygoI7IngRuVGbFHOuM4zlHz07B6TWxAf+CwU=
El2zNj3DC7ycHKcM6zs7UT8UaJ/X1OY+n2HsJeBDWDjQdplasAgprQPFB4tibI9OlfceRNOxNggKI29O4bMuNygvwF1mfa+V92E74xamHy9GuEPN0lRnDrmx29kVJ+OuocgHxXhoepwzcgjW6n09cSyEXHdkYVmwe3tsvOtK55q429UAstFbOWHZtl6mlab6OuX2jfciveH0OhAytD8IxJDfKEsewOKp6qJ/11F4ryhlvr2vSsIKpL6Ky3aSRTB+9R93Cl40yVB0PQeLHmHM5/M8tquOvLitYOVID7xS+7x53/utyUtmy0nLEXBVnOmOprsWFV6Bq50UMKrphN8pDg==
El2zNj3DC7ycHKcM6zs7UfKNRQNnNoC4ZbL130+UfWggRUQBXRYr43Q8q8rGNOOK16waxXgzCBm4Nn+qmTn+elHfNieLd/VXTgTtK67VWjuks4l0judTF+/Sd/ph+l4H1WEsDc5gduZ/8Uz3mHQJ4kzNiwFYbiQVSLlC0V0sL2X/LIkcVEV+OBWfY8pWSO810G/u5aUBI627GQFE54F3hSOpuHN+F12xstaKWTPn3jf0sW+IK/3k3VC7YetLVltNv2cbP/1tDeEGU1bKM/1vP+BPQm8obPnmDPhLZGtxO/8tv4+bCUu4eKA7gbfWt1bBf57H86kj+7Az+6MCA9LPafDWXikFIRndt0tf1igqva3wyVodCZLUWqOqtPmIixDbOi5IpRLIzvRCHO5cMKqYxfLj4d9l9nEaUOV3FTT+MDQgQlWT0WeU+95BBwHsVMizkxr6HLjd5o+krFBjjLf/Ku9dH6dt0kUUv+LCIIX/WFYFCzXfqpEI37ciXOtdsyqoh61PDMPijkYDzULX1txYfRWHByevuuvKyk7mwQSXJzI=
El2zNj3DC7ycHKcM6zs7UUNW+Bs5sIFMQK8SqHbz9CC879PtjpfUwKqxqKG2Ag0wkCiYHdi/K9jpPxyyHWAnCBrNcGqjg5k+4geHHBK3fgGnv1NKvBNAicMQsBCods1JKuNqELrJlYQFlOMvBxRcLjbO+j41CbN93WojQDksmZf4bqWhtIHSDAsvTByIpR/r
El2zNj3DC7ycHKcM6zs7UehZGVNuextj/FnqYHeI1FSSBZqJPVNIrdruWFpnb+u7L8n+3078ykJKS//4M/PK1QIhbWRQyaOoX+yUW+gb3WM=
