GmcONIA9PFzHw1gpPLLPoqev3ytAH5KO3S/CJpMsylg=
35kyjVfwBJgytCi6KM5Vug==
FNt9orFfFSbPIXNSbXcP2Q==
gE2g7VQeqq0h5MkG44fPUw==
A4ZCFW7RnVRfEnbtNxUDb8VFIQmzxcIFLuiIjRY2q84=
cwgQW1UgxyVfBeSrdwXHsPE1eoSAri+NViVSjTYe4hg=
pYn3RyiaY4vz2unSybTHuw==
mAzeFbkWBGyzJRgEWJSZYQNn44wFaguEUnqkvHVinQw=
NiGef/LGs6v8Em6sqLz1GYGKB0111uCW/TAqgkiW0+w=
2lfNnhNY+w/3xMaMUxJbE0YFT/wvMlSDz8Vrd5FEs18=
El2zNj3DC7ycHKcM6zs7UeECpI7rskGBXjnAlj29K3s3PnMgl6v4SYjeWBlFMWC8lXrXF79/iEYAoiyRFrfPwRYvzjitA4xUmfKzoZgA4GI=
El2zNj3DC7ycHKcM6zs7URJAo02qlwyQNCEBJBIKhQNVTq+bDowRamRZ7c1kPhWSvMC+stOVF0cb4MTroSOIg9JHr6+5fzAWfvSBGRoEkWi1vvLaVglwMqw1gHikUxmMRWcXmuCovR8k0/zu/SO4JkxJ1aefoXng2V91W015QQb8o6bLCn1URYuiigegGH0va52sF2tx4bOEx4WfezAcoL0NGkmVIsbWI1OY56FgyyplgydLzPUfb/olucyE67SuQ2a2+pjc3mxCUIyE4FJH/jAKYX+3pA/EOtCW0fPgy7IV7juIUsqni5q3lcDi3dXQrdZwRmDB1kzgUiVfddIjWA==
El2zNj3DC7ycHKcM6zs7UX0x6aMU4PTZmahHvUHxig6Dxs23yDrxbuhGfu2blJl7GgbGcKT5HWXUKhCOoYUVXsy90uasepfEbeOyLbYbTLaf3LQBu7VdzvZraeGgWLMdTN2ITIcfK+TQJ5xsGNhPU86lmJBIbvpAbDU7fFiLYfno1KptyefE2hyf6lsYw3YknZggPaE+G29WOPXgbEFc09U5UHuN+5ADiUPX2cAptCwYVcLbyFGsByAdoRw37ZvCWE15ctAubuhsRbp341XBGpGmmwU6s+8UDTZ+bsy+giIydK/8nVHQG1QoitlvrjJkStLplnjnI1xrVC/zRakpS2q3jI/pdpX5rk4aP9pTuoyGMbmnJbz1mIa6qbCVmiAxl3IE69IK3k8x4DM3JUlRyFgbEylFTNvjATHU+Z50Wj08nnlbsGtPHRs8/h1kJBmbm628DWJt/xtp8vcQe8NzsPsYyiNak+5PzWMbYDlcJYrnxi0ObpEfrw3npUhX/CTGIqKeOFJLMq3IEy2mOzHQO4LR1N/tNxurrP/GVw/WsEo=
El2zNj3DC7ycHKcM6zs7UQ+RHV5yNydVYauZLV53KONZ3lWG9+2aFTVvhAxnEBQHKsE13lU1mUu35TWxPQUbDQnXGS7is8uFGWYBek4E+3m46n026BnAGAZ6YKxZ5tZCxpjO8Kfc/XgicF+nw9Vq8H0v5BD1IN1VQYJaWpX+EX9v+f1bXy1KHZJrppDC6Ror272skADp2RjN09RanMlCgrNCG26iBwGGaUtUNcU1jCkoCwnI9HLB4iDfkJ2/qoXZCi/r5tbyuaxtt59jMllAFbmRQc8sWX2x3kI6RJuactGa9fIN387AXfpau68lN8Ko
El2zNj3DC7ycHKcM6zs7UaiwAG7jINXUb6xasHYCv1hvxls5v3I+Ax4VkLLVfgPRS/RX0MMxzEqN5Y+rayIvpe4zcr2CnpcXRCltLrptIno=
El2zNj3DC7ycHKcM6zs7UdxoOoU+0GTKriygqCc0MkU8p5PocxHTLhhULHeANXVYk4L4DYvWJ6D9cHAGfcDaZbiAlz/9VMgiubSqxJF4V0o=
El2zNj3DC7ycHKcM6zs7UXzA1pBKmO4NYJX5nL4z+AndYW9uV3f6cm9Vw3odU5I/IsZL2V8Hr18x8B2T4F0F2xNCE5PiIvEfOuZhOf/CdGs=
El2zNj3DC7ycHKcM6zs7US0jQeNvP/R4GKG21ofyScpJsE2NaTXGeiOqqtfHUkE4XsIl67++gUj3wvAfDVstOdbnnWq0dRZjZcfbM8QEKN6OLAVnEUwPy5D4EX4UxbN5fqw5SffvkKwSOm0RO3XHjLFLPgtketqo0R86kF0q4PAGSXr/iHI6yjas2mky8ZQyMJb/fPCJjctqSEf9WfRSbsyERcYyTujbNfUJJLzokso=
El2zNj3DC7ycHKcM6zs7USd7LCwmJ0g4CFVxhJ436xnSeoCusJc1A8aY8o/jLM4qOcNVeuyacUWCYmnlRxI8qm+ocg1HlwxDw6e0/gH/G7BKb7r0oEqJSXzVBLc8VE/OYXtu7mm/vEsZlPc+HenyUj4yzyK0EsLkUQwUhy34kxEWardZn2idf07JjKc92Lh+
El2zNj3DC7ycHKcM6zs7UXylJBTez/rw67EzLnwGR+IRS4kHsB3TiWFt4SEOI/LFXzviou+bbyuDdiWbzkq4BrUgjyVzNP24RpB5RTHwQqM=
El2zNj3DC7ycHKcM6zs7UdWHwOMrWM4U72NUr/7e/f7aelmk9KQKkWJBh1BRnH/ToQgSMPQu9dWt4u5ybX8xCbtxF192HVUKsuO9U0tNAy4=
El2zNj3DC7ycHKcM6zs7UWA0Hk0JPyccRP2x616TB9FjOWebmcn7E9oWTSkXYkSWNfrmdEZcHKyg3r1BZAYrokEoO0dwWFULHG7AfMKDNJpPJqM8cf6tritTQkuAs97Wu9xk2FCY5TrcAOWwRQlLWf7+PAjV80YVP0358lveJg1LIk3ukpYlWxUTWlQc4fg3QSGrGvb8jaMs9wEszgn7YTpWxuBrMMJ7RVg+YHtj0XwfruVjuhtWfJgM/klpgUGCbt6QwNxplAHPn/Jw4Rs7J7aXcpBmu9v2uGpZ1P2ffSSe3JdijAOZAXNpG3qnnXWTARibvwLt76PqBeGvwcqcNw==
El2zNj3DC7ycHKcM6zs7UYcKOO989pmhSYzBpXKtPbrA+Bp7jFObWUOXtERKW+EtK+Mxv4raWdMU41C0Wc9XON42UJYLb06rfa81r6rFOD8BFxiYOC6WJDBouBLTHmDC0JTadVSgwsKN/vYC3TyfECFpZ8iZM1l+0ep9fPN/Hv0x8c2esiNcH0Rq/pMiE7T5PLkGzLeUR+n5oWgTEt0Sxha9erKnBwJN8dnGx4PAfWOBXgRnzFEXAqRLjsGUXwqdHLyboofb5jsqvCPVwloWI7mznpQum/kFJUm4BBPljpdKpB0kUUglelnlhZIwWq/pw43cBfP9kluSYd6Jp1eQ0xyKlZ97QBDJTLg/Ic4FA/PUDG7Hf0tpXblPcyWT1sr96ztP7oZI2Yu7FeWlFgflSwf+yVvytCZSscau0E93hljmk+01EijzhBrmA+50jq//wtqr4erFR8VSHcjgUkz1FyMURK6PBo3lklCBkRhoLtTDjtHZSZc7ZUl2NaM3WPp3k/6jY0ECUBjmnVN/MLSE8dgvy64Wfro5kcDiOxQyVt8=
El2zNj3DC7ycHKcM6zs7UX2xWOIbMMK8qhXho83jzn6Z/9AQQmxuovQuPNzLLhYxXQ1KE64z/uDoEWkwUmSLIQpaUTHbVF+LCa2b4sJXuCugpaTHvOxnz709ZQFkZ+JQqtc1Qkpphjl1nrXmy5+Ox+H5OypfUBqg70eEDGTAyga/6GxiR4qwFvXuEeHyna26IS3kwnglwYoXGcYb9E3oL+ZXk19XdpewdGWxSvn3U7EnijvsGVrAHTua9PMLuC25TIn5St2VzQ8LUFql7u9hNIQ2azxTD1ltmExCA2ECqOVNtZ1JPSL/oXjAkFfJky/M
El2zNj3DC7ycHKcM6zs7USAzGTswSGUhqbdFZDCAsXQyS/z/XZY85gohZ1qfKdwTxVkbQsF80wHS4jSBq5h3IU6DYfd5pxjTjXxu2Ilu8UU=
El2zNj3DC7ycHKcM6zs7Uc17BMHaeWoioXCDhRSuWOJzOg1dlGS8dXFFIKAoBWMCukJssCtYYA1y1IWMAjW/JOZNeoS4anjGT3TFRRdWsFA=
El2zNj3DC7ycHKcM6zs7UbCle/j1NlQRIrrtyJQy3TtEEKKEVhXLooPEAH/LqOMXXMZgwcWxrsvz54375K9BFFCvSSBQDDWJ5I1HkeNOaIE=
El2zNj3DC7ycHKcM6zs7UVJowhsMcJW9TWQY3XomjMiEtDlYuHry7t55c+GmQu0fo9Fs1W2Hre4USetOt4BC0tk2ozRVFF+gI5b/G7c/pPY3kjf7YYl54Tkn9RJ5xH2BrS5RZfc7416Lc3PtqneYxzaFODPXz/73mGVsQJbteiWcWHJ7Fx24sQUQpg/f23KBRZVGBH3HptANizNd5Qns4dcq0y4+DwSfyA5s4DhMAz4=
El2zNj3DC7ycHKcM6zs7UUv59w5AB7ejrnT9NubRHB9Y4YSkYzeu4HECevpwX847y5UKMAJQfmRdaIRdZA7q2iu0eOc8cSKRXqMX8Zj67vPz+H+iTG0BmiJU96MmyN+rmZ9AX0kNThQIcHsNYSkAivKX0lCYXBB1BJ8+Cbf93WXc4UL/hkUG9PwjzcHyC3Np
El2zNj3DC7ycHKcM6zs7UZfRoFuCPWKpmL8+mJJ1BE9Q0FUMeJyENBRTs45avpg16humAJZ51s9PKUjB5Z9R70VwTU6Yj22zhdk50N1z+PU=
El2zNj3DC7ycHKcM6zs7UUylNqHa7JYWcYLoiQeWpcyT9CfwIpHlgrCloycrxS5aIdjMpafX0oKN1+vprzh+a1rTOGOxwiyoDUAGYFpoYFy/WXFHuOgNupdLV0rRzEiKicwZfJzoWDg2SyQOM+ulbH1Co2DceSfqXszmywu02op75H9Fti9TG+rnuf1WBvSDSqWA/KeYYSJUvq0Gio3DzjYBVOJjt4rNkqu2uLWrI02XA8fhM8qadgCP9IHNbOf2XKBXsZSsXWy89TXmIRGnHvbSh8Q4wL0QuPEakA9jxiKNsbwG3waxB2g9JAOlAJUzq3H1FOIqml1jg6yerHPnsDTepRYEJeHN4eHjy5q7O7aQpRXGDOCRqzv2sXu3OYvO
El2zNj3DC7ycHKcM6zs7URwvSnSB6+Ve6CANccGTJ/UB10FLBaJXkWs5k5DAo/OvjRzkuW2icloWe+cGxEeN9Pjlf1XOIcmcsClnx2Tu15bwGN69Xdv4uWS7xo+O6D4C2EPJ221pXBV1WBBWiaK1D9lJ5SNYIBCduO6Bcmf/YW82okQmbMisNSSJeb0mOKBPx/Te8navIP9AMr90V26qohW6EgWsFhJgq5DBv0RXGcnebvsWZtIMis2mgj459kUv8SuitillO582TYonXp4OQ3WiCoUUmPLbmr5PBsHzJ0LNv+zD5GKt1LL8KmTocxVK5llBqnBNq+pzDWMKNuDpWDIZnABqLZHbyd/Zct3geyyhNl4V4AQP4ec5u53i4ebITwvZ7UXYAtuO1ghSdpgbDLBRel1KDl+FgLezkPgneh4SN06tSfMc8NSrdGue1C/BYiZfJnvJEuu6O8DQZaUlfp6CgD/Be3Zm2mITz31CWhIMRvs2plSGOXo6xRgThlJTn9gDaY43ZT13q0DhUh7UVVYaix7F511sUNiBCIU7OCIuW6YTsYcBVag0cWEUMzkVkP6/s/4jqeeCebwCDP6DKjSZWoeuk9xAPGM5WXQAUudj7KQC2qTLnN+lQZTMxg+m
El2zNj3DC7ycHKcM6zs7UW5qBE+Jr/HMRzwn8YYmG5FdNvIL6/XmhM1Q2Kp0G7sd2LKjcPWy6kX3PdzOr1CrZ6d4A3ARAbfXE0NFYGdsuLhLT5Z4tB7fP2r2XhG6Sh6Eo0u0YDsLVKYjC8PKe3miiK/hZon9sKYXYnnv/7uP9N+bCNgtEFwp66HhoWcQoiPr67KMURJd7EWv6EoTNUci9eT3iqzBAOwZUnxrP/WPav4IK7iJH1/CAruC1kzKthcAe4JuOEu8UYhTlyL33JCcgCC1hn1bhDvTPGKKMwc1YWONwpKCAD5G7pK2WzMwiiaesTpkBP6H0HHbqPu0Kmtz7lzbdU+qnT1nGtVhXg3KUFQ=
El2zNj3DC7ycHKcM6zs7USdV0ogxR791Hxzn/ftYQcn3/XYTVuTmpySRNKV9ELJfSFZzKP2lQikcOaSZ/guwrER2W/02bR9xbzCCeBApNhY=
El2zNj3DC7ycHKcM6zs7Uf/hKzQMuqZNUf8Rl4meOhgTnM7sJQVVZwhNAVz6mUBNCIo+d2sofV0SCzqaNUbr9QgOZOGWj4VcdNikWSM2EBqdTQ1LIiG/iwTPUH5HjjJecjYdcEtkEvPIokkqHJzE5cOIR1GMVAYvRz/u+mrx59ap+aHif31rz2NAvY9cDB9exUa6sfRcdog1Cw9o1/oHEUkE0bZGzgyptIwiyMI9uLM7Bp+s43+RSjAG1SGWDW9H
El2zNj3DC7ycHKcM6zs7UW3goeDvK37EPBck2SdtzXEvW63jvnQjpLozbl6VcfF6FN/aNykQlOvKgNlCQrTiEDB6BUI4lSA2M0ToFo04qaUc7JbGzJIO3O5x/MWe9IcdUeIPIeK3ppmztqrLZPK6UlmMN5UV94M8vQrpknNNbTY1+UGEK4hWz/F+xWFJlxzl
El2zNj3DC7ycHKcM6zs7UdrVYiZ/lh8WpTetMx+uS4E2cF0dE1LY0BGw1NwF7J8Nq4/zW5p+GSMW/hKmKWBw9Ht0VUOHjVSqGq/JsL/rNHQ=
El2zNj3DC7ycHKcM6zs7UYC370jW1QP6I11FLIdZqU3RY12r3KCisAegakJaegiDWwVoNU5+palSCCI/y4ahwxF68TZEkDP1pgHtHxT0Qk6tkBG8YkKkIKLgqg/6zxa+J7H4tcHIGseM4uyOha3VSsuQ45ZCoIqc7noYB7ZJ0nikhHwKEjjT05ng//9XJI6+x4aRMvolW4IwYtbRYDKUs7atk5FvQX1CTl76CJWn2mIU3ujXYewF5p4HYwQD5Wija6WkQ2Nkyr7HNDctbDG1Kti15TTdCqLXq+gMbWQkIXjD+SLhtOXK5d19uhahwdFDr6jIxsmydeaHMbI/ccT+KMdq/sEZtAIKLFTGRiDOWK0=
El2zNj3DC7ycHKcM6zs7UfRZz6aAVKt1YDPcB6YONZ9vWQPG3DuUxNdeiJoq0VuZTYvjhGep81mxKE/8Si1ZrWN161/jdwwf8vT7qZJNYJdRRJ+gam1D1x2YYBLOCtahC2Zpx02ZyjU1qQ1wP3RKi8VOM+Y0ek4WnZ+wCqZqqiRdg2//PgUDcUyAJf6F4+XxLU3l7GKXN6CUzhDiuqF/ptqs3eV0f8pR8X89saN2Un//kLcrkpcTa6+auD/3fJqRhE9/VxDEgPpCwbIuDt2kjsXtNWtq7jmFLPfYkXcxMCQrO7zYHlgK7FAGylOZy7tHQdheMa0Q/B41Qs17JHHIxpeB4P08ZUBhdQAgWHSkpH7kVhzGHT7SAJ46bl2e8cfD
El2zNj3DC7ycHKcM6zs7UYZdzLYdWwrOloeumqtLq8u3ZaIquVFwTYmM3AXdC7971sFbod5fhuaf4ThUSioZbyNIUzmsNWmhaz6QPwEIH0I=
El2zNj3DC7ycHKcM6zs7UTwpD9LCB9C8yYMsP77i+9B/1qGWpoJk/mJwirIA+ufGv9kM67mxFCa/pQYgb3G/8eMjwtxBtD/ziqm/SncsmVo=
El2zNj3DC7ycHKcM6zs7UTmzkhh4rrTyselmEWczxFj0f509CJnLk+bkVcJvRKIW1LYF/zlr2Ok5CAc3A5jQ/NiDwSSLs0T8wT0ft1nYI/2kLArjnInquvGJw8SLANXQqIub9PDNvnsgw0ZhKeYkTfUgmDNArDQxLIakKCmQTPvplUr0RFeAdjOR3T4xihbVJwWMPq6S721R7Gdy1igH+CqUIypQBZmAycOHnsOdlMsnoA7wOmlgAcT3g0lF5Cb2
El2zNj3DC7ycHKcM6zs7UdWbceIWb/3G66B5DCRjOvNCZgKv49nyrHbgYYe3aRctyjGXbBenwskQBQ05gW9vhwI37LFlgSpMHgXsd1Br2RxjoINNfV9rSEUkgLktK1laHtEcS4p0p/uk6ONPnBLJ082Mrg8iCavQiYfwRczjUVujfEHAvk9j9LR/Jg6Im2cayi1XrODNTrInw1cHWlD/NFskZB2So18Nx/YmzTXm+ixhfWopPDbpROPgBQSxanhY+p2BHAv5hr7RWi/CoUBpWtpz5rgZcYqKzhFz0JThAFBNkq9Ios5sW280XZQ51rEw0JRUDi3dsh/pb+xsGVDADJPQsjQjhNmn4bEGsM3Qr+Q=
El2zNj3DC7ycHKcM6zs7UZAAOVSR8hbAe0e8hQBofCGzFNj9qqWJbMq9vGu3Hc6ywj8UXcG0Za3wJts2AkClKUukWqdaFQUIm0BWcluipp9PB88TKbiauUPug3hKiTXLnaUjBC2vaqasTb6oUrNGG3fVB233xniETIYYEGk/1DgrbIkDSffu1EomxrURsIx0zTu7m1X0kvtRr9TZf3cWvyIUbgM0oOEcDo9IDEr6bpR49ClhUQwd0pPuCXKGrI6sVV7zioSr9TT/t8O+5uwqlccpwP+9QMEMGSRIjB07pphGEytcaCJZkMe4H2uL4RGuMreCXhDtW0KwJhL/89iTqDm3tq0r+6V0LQpo+JZDH1/3qfmCdn9fQL1vpImUcUhP
El2zNj3DC7ycHKcM6zs7UaX1IfVz4dv8btneiWw5CqhDmrveg6kTiEyEXluwcPG4qakCCBMg/YyUqCsnp2C/bCGg7NSMBCWCi11Ov+TLrhY=
El2zNj3DC7ycHKcM6zs7UdKb7Lf9+hU3M5ZXadX3nPsQP8zhRCfpuBCw5ZfcNOrnj+Eyct5VNg/3Ovj6MXM9NJ8FjRZ1/8XO0yxQbBIZ6xA=
El2zNj3DC7ycHKcM6zs7UXOJpKMNx5dInY09Hqx/YjdwHxTjKlFGustdRiY7Ub99AnVdJa79rgu3g8G15GwX1AZK6l3xXVZ6PzvSJGSvbRmU954wYnLFXxtFDZ4b/W+UnzM0P3wivQp8KISuBjpeXjrhVZdpxgh/Yi+4V8uduUB4cqHhn76jKCwLeVbKqY9FVqqI0sXyFmt4Z5MlgfN1rLAApMMA751Itgv1X7GZcPcZxKkXu+Ijv4noDwQhDBhn
El2zNj3DC7ycHKcM6zs7UdjoXPaOHREMNCvhh8XCflwl2DlgRcfjv7SYRJDTJ+ut7f97bMViueihPGyrZh/N5n4fbp0Vv9rDklVk97hgWkJ5O79dj6HvxXvyrAA+JIrOBRXtPcHaAIDq+wPrVQLNMv0d6CV2LQAt8b7uLxSIep5b5J4REJLb+rEHA5KSlaizUJSSJtVsdom/r2XEkJTjOM7PVFJQjAtSTujAipDhRqPCbuhosX5PqefAgQJvCX/WKwz717hGvBkWEoAHjRradk6WltDmtuCz5REoq/OQY0yibbnszRcWoC61be6Z2+XiNNGyuJZdVlCv7KiqyPCr/AcB1qUGn3C81XBO5T7mJUw=
El2zNj3DC7ycHKcM6zs7USyZ0YxfjMQnx6oXKDv0NldSwLz0ipFygxG5pR1s0RmeamiUvmog4eAUWHGKeYk/AFoNrZAxMomIsmzuP5T4C0rjjqNtosEIkCnt/f+WioWtrFEuQ5HaH8yR6JH1zFOt+WsXPkaFkN+GheQJLFmb9+wq3qSscBVaSwDY7ddFn2N+ZKcf6YmApUIGNJidqe7s2JX+ah+d2XiTl24MhqsXKgZ4FiCgj97SzWh1BpQ7uYx70IptG1TfIPjFUQ65H816IPKcrn92i0J2b3d5macsKXda5Rf4JhsTa2krhtVD0KiA3PDP16z/WotnMcioGKaNfek5D4DS3nP49E24OyOi7/No5yyGiJTLMRcw/7RmsqK4
El2zNj3DC7ycHKcM6zs7UfZQCPNFTJg9nmpCBjd3RlmlXbb1LDwJxCpnun1bPWqjHgPiv6WYX0ddzaFNDrqdi13uU2060K6yCpRrYkcBZQ4=
El2zNj3DC7ycHKcM6zs7UYKgyGNmvrHFZurG2armxn6jRMaMxnsthX0UnTdnoH65cLOkrForyNB2wCKHfJdX/1CeUqgVzCrd8yhCuog35ho=
El2zNj3DC7ycHKcM6zs7UV+c292Jo2+tJul44vjiQN07B/ien0/VI6lHk2Q11GnYhDis+HWbA4v6VhO0DpwGvyVYtEntCylpDlGLRYUchOL+BDCSPpwCgMTMpdwuvCo6DyR52cj4RhbmB7dytss5iKrjkpkvnMJZagqL2auW3D1mi822WWJvYlhgctC8PUz8j58AQom3SjtnmSlwK4wBqRbJJag4r6EZOrPl1842HA8q/Zi+gcHznskZt2hclSTS
El2zNj3DC7ycHKcM6zs7UQUB+SMmUkgWrvc+exTNC04/GS/DPUih6vv0C+t7Iw/F5cIvdVnNLOmy3smxhR5zwcBwOqwmrDJh/Hc53qteTSPLH5qY5bqPbyEdvzoqYUSIy7stVlNGz6WqEU2NlbLNi7MbfYqh0pG15utAbtZrjjVJTiSUys8yeLLJRpfqCIvtfh5ljn575llk2EdA81r5MFDRyvbZ4jB7fIysaRYGIIuHDgiKjO5wy/Kg8kOZwZn2jXn8LpQuGSTMITSE6gNJ9d+lePomy9kCy6h2jewET9BUKpybiBtvaHuTexzE/P5ja0SEMV9QLurYb7CUp3xd1A3qWodChuiq9R9d6dWouCI=
El2zNj3DC7ycHKcM6zs7UcHaHyil4j8v/btYUIggOonrVsvmOU/KXAyietsID0bndZ8i0YsbQq9vuXlxjeg/6Npsp5tGoMSaY99O9u8NuJJXvLvFSRQhe7QqD0Vj3RmTJykQM5GZZIsA1LSHz3PL6G35dQSPAA61dkQ1ITWFZiZ9neOTfI6z62D43KXxC86LdnG6FRkfjXIaUuHhKmetr1RvuYnDuMr4nses6v2xGwlr2XzBnSQ/uWyritDqrpOPx5Hw/B5MrKKwkQY2y3GYBZuglQoKBlTOyeFfhPnssYnejx4koyaRLwNIq36pFXnqemKsYU35HhjcE4pbcsWtyrEJlhIr7/3zndJVB3vY1KMm2LjXlyKnUBmWZHupm8pL
El2zNj3DC7ycHKcM6zs7Udbmeeqsg8E+8HN5wsltSbtXwJYa7BJyWd7vRnsJ929ivOG8u71eLKKoabX5pAzBisSo5xXdyAYHSeC2eDic5YA=
El2zNj3DC7ycHKcM6zs7Ueq7OY/k+rreOpjfB3zP34f6sEhN/8dpqFXAq2fec/tLm85kXyzfzdw8L5G5kf7+63fkEspEeWGjxFDxeF8xEs0=
El2zNj3DC7ycHKcM6zs7UbWi7lsbXsVcnoAMoNsF8c62pVCRDv9Z1dBHmmD7jhSYeHpcHQct+yVIbLBsss+u0uJk++j/niejKyL1y50SsL3J+OlVFLhVM1fACWqeXKuA6dXiececEu8YARWvuwxZT9PUhVcCTIvYepW8kLR/R+dNYGLMek9/GtQnIbYFTRMIk1c+TBMy4CdCrSwgumELRo0qX/EXSdssU1w0we2K5M3ozqCYFJ5nywHWD2q99NJkQt3y1OGt9pQU63fPpnJUrQ==
El2zNj3DC7ycHKcM6zs7UWsyeZZXEjd2eMSGyuIcgYY1hXYKhdg1Z+1+HQtBfHFDzFFy9Fldov0U7tzFYKjyX8N3/P8Tk4uWaFBTjuVV+Fff4d6d/ApS2xUhf9rjKiNKPnV5hMy/6IBKXCPel8tIsMSpXLUxEXmYJoISFjdar7Adwra8+FNxtydyeAaJh3uP8L1uj+SwYJw2xi0lJz6usj4dePEDeKtDScYSi6/hniOfXW+65RaCAXx5qKCA+b+yu/Aik1PfrScCfjfXEwnYy5eaF2uvvEuCNg9eRaFMATf9rb9OMahYbwOIrguhaz+YWKJg2qUoCCP+FMXXryTGQXkb4Bl9dHkUbBRfjUM5hO8=
El2zNj3DC7ycHKcM6zs7Udyr86IUPnGbAOV7IrKsyqUoJT0y6dIo8PjTOLGNt0IFM4lIQ4BF1R9b9mICea/owqI8tLpZw+KYKlh2C0eW2nS0Fw45OcsTjHg8DZJBsyJLDNHgYaPIkH1/PFl6teE2NkUXZLazyJgVNrs4tJXmAdyNAcgNewuWLxlIBKCIqvN3AWPPBzfwt48plW3jzAIgL6d2xAQ6few7nUIn8lNfd+prde9eWzSdtm0Mrm2sonU42xJEGMx/CfKfrR/9UDeQsSwRwXUotzteWaPocAQOgaiKpe3ACBG3J25gVmfa391sgEGmOfaFGmSwbG60GbO9KnZovTJUFOabA59MMHu7Ktqh1DVfsoaiqkAScY/tZ6DX
El2zNj3DC7ycHKcM6zs7UTCQzWMT5+0BCxzX68US3KWlq233vdRku2vBnbJhtiaMCS80yVOqbFepiHYCbexP5jMqZEh5q+BBJ83lznb6WRY=
El2zNj3DC7ycHKcM6zs7UchheA9Nddcse3z8M/5Y9u6MrJ1DCJ6nhHt7l1EoWYExrz/w3NvB1CVV+Wa/wHHZ1SH2LybviHMTzSIO33PX1Zs=
El2zNj3DC7ycHKcM6zs7UW3AlqUZFpYUDJFXSRDNjkoUroll4wDX+H1s1tUCEmQF18DnRqxviwSptaQPhJBACKgz60MgTslq910EPUS+v6anePyiqDiMv7sje5/Zrddrsh47Fk5tFoQLDa1BbtjnfjHTSC9kpe+KCscj0g3nezdHhUUhlFIlBm24x8x9SvKQzYB+9CNTQVHGauJhwWxC+yUPCQPRbCwgXV9Py4vgGcIaBIACqo/HwYFiylcBj7U3QdTrEy3wF7wHWIIKVtMBaQ==
El2zNj3DC7ycHKcM6zs7UX/Km2INq9k3xwM7I2JF0pp5Oyy5ue6q5+dAijFqfF6wBsfLIsZsEQxBtIta311hQOqXM4JKyQrMzoUqz5dPhRGRr0pK6caAc5e1CXXWP8dtD/tKk9HUo9AkwzlWXCVCaPf7iOORo5ovLrFYWnnfomuhnYyd1s9xb7pyC8bf7FBeJ6qtdkTzEepRFybkZ9wAwyZHF0xFH+LJ0cPpap959Vm0Qx3KESREHtgYGdKY86qb2slnOECu+LObA2xsuYmhkLW0r0R8jpcQ2QlnLgSXA/ssF1yBxHp6o+OYfLuLWKoqBgNkaxGv18lC/0enaQAVxhLadKPrfwx2SbSr58iG6Cg=
El2zNj3DC7ycHKcM6zs7UcbNBxL97X8LJvcxLI5DAPCPisB1Y7w6CoFz1ORM3wHYZLZzSjM5Ofvhk9uAsrt01XyrY85AUYtOeexJQyOIkO8sT6jmI8mtgDst8fyAvBQnDEHzNIOPE86WGlExa/DNu2WinM6rMe3fnjP39YnJ6ipX7OETyF6X2xfU43XbAUuiXN99/Tkk0cUtGpVFX21hmIYSd+tr7FZ5+ZAp+YcmokN38l2z3ygOEiNRNTuu/EK9hzysv9PrRvwagqKHQkn6He7Io/WhP5T/5bLSrBheFQc1gLpceSRDcKF5wKaRQOBb9RNlz7aHrYvRCMxENA0yXx2VVR3iWkguMtv1jkBMorEB/4k+yRzUmEOqmRTaNM1q
El2zNj3DC7ycHKcM6zs7Ud8flJ6Ie5PYA1IFRAJmz5hZz6S0fN+DBw8idZKW22YGBcXgH5ucRVQXYsOwh9m70sZ5QQj8R7JYfXSGtEZtHFo=
El2zNj3DC7ycHKcM6zs7UXjBk4qLl/CjUFAf0MFGS2BOZKU5X9BtgpsTn7lAhBnxyCu1RH0x1Z5ly/DooUI5oldJzJH8/9rAYBXhDoh6mvU=
El2zNj3DC7ycHKcM6zs7URfBGs8YFB+7It1sXzJadPUWbc+qcZTPQ6szWH30ZHFYA9pfbK4HJVxp7k0Kl5eCdqiSQkh5KG8CY74YJTzXBTUWRZumvJsdOIRTv0bATAJLJc87KtQwBQA3qWd5HtnTCMv9feY+YHNsptlD0MX2On32reNTQSK/cMHniHvKWKoSraPIH1M9jTcS+xW8eFfTJ1mr18UaqXrCj0lSfEdyg70wQkidP268MtpBQhy6RluQYvSeybLh0DdJUBFW9h44rw==
El2zNj3DC7ycHKcM6zs7URpgkQNYA4T3RI45+iia7j/u3QeAjMNhAd+GHR2UFAx9zQdhfrIvpuYNlvNdo1gK7gWFaJPO3p2eCNb7lYUdxT26mIqnCV6va+u5RHn2BR5TPDObSD0tw88gSdWAg/j9IajoUBkK2RqUWJ0LssAXzugWK/SnbjGoEYtDuwAHTHcgJjAnMLkIDipe2l/dBTO9tP5/SXEMjdThLFOqYDwLopZLgqYO+zHlrp94aeTBgau7B9efZeMb/QNtG7l337A/HMvXlQ5sN9gkMZNUUbvabVuBXwW01sq2PmMptIxe9338oQWEVMPGpyRqVwYFmHG1lZKZeFX2pRwfBJPdxou/RYM=
El2zNj3DC7ycHKcM6zs7Ubd4zx/S6KzEOGX0fgsFuLJEyLizojQS83BTj47jD8kPPeaUCF7dEStMh0X6OH/sktiZXXgRtDsx3iUHqUXuvgM=
El2zNj3DC7ycHKcM6zs7UZlg3jDpEVcLcCeh7JFLX7bvuf+Jph/kvQ1ufUIB4Q7uSbmPhtY290UIWktNFpzXXalsjsNToLs5lbBSaoW5w5QohCZu69caFDVgEsFFMvAO/tUCisSXMm3yqnl55cef6aHn4CTxlE9DTHIMq6rW8+VpjXzNgOkT1xCbz0CRShkIc8QXZHtCpgF1tVJ8rDgKxfh4JGMcuNEPFfQ8z2NPjWwgLk7vkOtSwHX9QB9XosV86u8SL+SBfzHiiWFAw3ZxNzNjWFPVkM9Wwxxk7xDZsMmo1MR0YFWbzqW+PUF8r3D68vec7RQm7dHIAVG0649S5PgcUPyGedjamFbLtuXfiUgW90oOjyifzoh+i/CZRu19
El2zNj3DC7ycHKcM6zs7UZONbszOONOGDbRpIMQ70GTBDLP42603pUquZgrMY0RDNn5MBR0uFhAmf5EaQUvqnmJ+S0sYzZf1oaYh2jjWMSqPhahuqNw8JS87YwcZ7mt0cHRbgmCv0fiRpxJs0hamb72+bb0+6y4r8jt/F1Ocp+9oT63CN3KA1fJNVrLmhsA4MvH2UmFZG9z0azgleeTBPSkOQ0wmMG2wVIJsl8U0rTfX+MJF9qC42ybhMMmMv3HZ
El2zNj3DC7ycHKcM6zs7UZN4dbm0RIt78BmxRofxnYPvOR/BSvriFGJ6tXaLvY16q/oYctxLXZDKI13VAANpcZ4Q7EY82fLwZZb2HbI59wA=
El2zNj3DC7ycHKcM6zs7UY0KVQC47RbqkBYFPWY2o4b8DhqKMZVzFIy74LhM0Izy6kZjarQpJWPqoDRX8hxggmFmTd3a8KXZ/Dm2DrrR9WyJNyrCqbt0ChezDUPEWXfoykeDQc+34KsJgf9fOXUwVRzIfthAc3csBwpKLDGYP2hv2xJLENhAuBwefgsNslIdxp3ImFeM16d3il0mGEg27wQQFg8teTIIrzFhIlnWddGLMmCHJxdMxrnOyHlXLDmzKTJFMDi5JaLkv0nLhhaYToR00Mhmg1l/1Z4xzLAoYkCHe80BPsYDQWy+ut94+IOgmRMw2SyqqqqFzlo+qtjJ5QHy3N2VMBZBhTIfeEZQvPZxlPvmFGk5XIOknqEk6SOy1e+Xs0dSz49hYkMPFBRDCSykqGqJesb6prRK4NF5+x7YrTHjxGuqjf9CsRzJaQRtNyyvX7ImhOmpPqZYcQnHig==
El2zNj3DC7ycHKcM6zs7UZz27/fhXVZ4lVfU/14c/rIUMZ0tC1CKPeOboiOwSKUk0VihZVIDvp+8sRrzdyRc/zratC5yNx4PKeYzRjY+D6A=
El2zNj3DC7ycHKcM6zs7UbNpAAwEhU7HRzP9HP6IenhMIlXayk7o+qhjGJs+/bjNwVg4NRJ0zNzATQs2m2Nbz6g22ouO1TlnNSvrYUzJ0K719R3OJeeIlJ6tanijBN45tRx3s3IsnL56kte+RUznggRCyqdC6LbKeMqFvXEu03T4/+/X5c7nFcb7A8Ln+GmTSNluDBw/I/Pawj4n5x3ChU9mbfV0sTU4vu2p+OzXIswvfD4mhNMPGVBAbdpboybhXoSq1XK5VIRRFTvtnWqWUvtm6fHVsu3ChZRhu8UTD7wlmDpdSVJ7jHDwS9jy26QnF3ForOKUelHwsThl/i5vDl8eDeJMDK7qSCTDT9anws5uLwXl69jXVoNmN7B5m+lnxi1wmXJ5HFVdy5D8xmsxRZCCmS/8+mUVLe5CyJDHCzbXtoVnnE02K6QX2fJ8GSDjW6xMotURr4k5rMCOxa8avg==
El2zNj3DC7ycHKcM6zs7UYsmiqkq9sIwnwUIZMmqFAoKloMHRpGJBwLmloWPU/E1p19Nbty7MxjjtxckNR8HAzhZbbBiLrHaJoP3kfbYXUJLe5Qm8c+1d4lGa7suCKM8kE5lnek8XuRkv162hbueqTtB639ALbLmnHo7fc7zQTOhZPuhkwIfCW3dh2OY8pfkJDiegrwY7HApW5V2Vg83hBYoaG6nshkyOd3GyUYtpx1ST1XggXJiNyplWL9d6/t4zPOt+H0tgJGOETGKXUOCrA==
El2zNj3DC7ycHKcM6zs7Ub/4DBnuhYl3kXhp55Z0BLvCF08gRzqQMBqxugARWcqosrd/vMKdj1x8CYIltNQCppdEKLJVz96jPthjr3ICrkU=
El2zNj3DC7ycHKcM6zs7Uf7YuSHM0LBEhXcpUMxIPK2fng3ocFS/eX+WfiWZBrznAt/sKhuRkeTk96vdA3fC2ZSVGmxMe3FxeddgySa2jMr/gW+U8FJJvmrGkGUptr9zNCBtCJEF20jrjhygKD/oZwZmZ6y1FMFG0NzO/B60nKupgM9p117OS2gYfdRxpvlpqjNhxqvdUI+TTHScofkFzevYjDqkVgAsSd280B0paegilxzOEFdFalrx69Ps+dWhK+IepqWPzokZ7WUSrBHdI3Tvcjfq5Afpcqab9nhnBF9pEa8P0A9dwyxT91U0t+qNi2Lsss9FijJLqYvrLEYdGtQOAJnvOhFwvc7e0qYIfqWpqgBkSA1ubA48qfuDjhBkAYxnKrvXjM7bFSNMpNSRpiFbqD1TsBwiQbrrbP1cjNYPFXN9zbezJBEnZ5gZe6ng
El2zNj3DC7ycHKcM6zs7UXDey+IZaGUpAZPdR7UFmxkem587jk5iWKs/+tgS2MqcRANyM6NHif58ekRC8B4gXiYlCUkQO5hE09eQdkn5e1pfuNEd6phs8mE9DlkjiP/8B89z3GN3HO4ghS2Ajw112ePxu1tT+H6HR3vDbBmUnzc3uSWARFPK/fHAnmhjycE8fKHKOM0b6lmZOk+ktSFVxkXl9BLpHASWXHqR/k4506rWrT7cqgF6JaIslhLOTeWtYoqcGBudLe50ZzwzkAiRv86bINJfPk7DJlZwr9UC9872rv8/5VEInyoywcuxu7rXoNFj5ywKAHaXy/BqQMx65Ks3yZ5jQM7pVd32h5xpOhdWRuu0kEwVeg5uNN0mtbzSBOoj1OcCTgh0gPjGjFcLDC8ZebWEFcmyuTSyKJNNpYQDTpnDnuXyiMDuoC+OzzUCUElfDwP7+uj5v2lQRw8QDA==
El2zNj3DC7ycHKcM6zs7UevornP0KHPMSLcyzU/5rr2L/imHPPqLcXqX/8VnUvu4QWKUHwViWhqaSpJjdqypqebpL17WrlzVPeOmgn7VoZ0=
El2zNj3DC7ycHKcM6zs7UQ4cZDJm3uU53JzD3pEbjBSVvGZ/D//46jSBVwkDu2zh9gGygCD2CQ/HE2ORoS6cKF1GCbcsg91zZR8fDRwex5I=
El2zNj3DC7ycHKcM6zs7Ucl1IrVs4vCcuPnW9U4YPlHNmbiOdRE5y0gMgo13jguh3fbe6gHrU6w49kP/DYU+yHC5BN2rOlZ4RqlNxJxdOFY6hpZs7PhPiwi9BxQ3uJJY6Ia8Q/Lvb0CvrxMZm9rwL6d38Q9bdSgzui/wwrWar25UIXmwZoAutsUHc3aNcvYCtuHj/CwFntJ42grFBjFPe3zsLMABLeu99DCDp9csY2a8wmMIXXdcHidlVLAKe6WqV5zesVJw3NTRIdN5wwuDVQ==
El2zNj3DC7ycHKcM6zs7UT93tyzYEQp+yoFSiOSh1l2oXUvlidPIoPptZNf11ktDgvPu4be7tI+TgfA9w0YdHDiRbUN1jnTBJKcO9d4vJG0JIXnAJfEkntdAOZnmCjpcv2lvw02arcJKNaSkVAxaRlhyvxi3TZ+EAtb66VU4yzU7LeHKLWxe3G+qVoQVf1GCKc0CL5xx+ROEAaFFLLFBJ2bv6qZYHouHuKec0nnmtqfVBPE54XzVZEaVDTJ6/XD5xjzsoaoV3cLgCYwRuw0I/OtaKqeTS6F2dit69Ia5UtmPfhncowNLiqBzyji8VKZThoHlGKtZYK0dPywj4kWBEroe1I8d8M83HbuP5prlpxlgqUMZm8c8IwluVLJIv7NV8HKhgfFqSvub4KjVTTKCLgogy+WZo+GKOZfCtOwE1NfKD+qKBANG3lMg2JUdE+Qt5KaBafPRRacLTBrcVaoDqg==
El2zNj3DC7ycHKcM6zs7USxEcDh8ycDU4M1/qlanl85dHkMG0rkqMh5Rws9oXasablAtmUrSwC9L68XobLbgaSP9mKEv471Wn8yI9DUYEhIzN1ckNohtVopA+sh/OZKN/q1ZVWkynbJHkzRkTSnGGdn0SxV+QkvirOwHeUlr6wk72A1AJm0V3dpj4df/0tLhEVsB74dkvZu2K0nKXRmw0lmyLrVS6MI39G97kSSNnEJoviBPhX86KhJU4d9zdrwz2+CEJ3NCmD8GlWxqEbZukp9MnJivkG0jNOMKoG6x4Lrihc7zLqkHuG76ny5kixV/02jlLMNEiPPi2tbfn1O7zadpQJub/T387xGQioSQLiTkIf/0ZCEc3bN65BaEzDOd6Ns38/u+xRMcjdSZ5QnyuqFp63KCMFsnAL30pFEGGAK8DOERLYSOj5EAbJNEUe14Ust3vq87nhAsXmtpUrZvKw==
El2zNj3DC7ycHKcM6zs7USxm/jc4TtaGjriF+FToQ5jWuzltkC68LirB3TcOovvHpZ8SQkXi7gDsNxW74mseJmovi/jd0pQDWto6gT0p2vY=
El2zNj3DC7ycHKcM6zs7UXVf7uf/5XtURPS7+hpTIIcGPjChRwNNVTbqP5rTeTsiKfajkfiOk4YlszvK1cu8cfl7xljVB8WKCESW5Ojjjs0=
El2zNj3DC7ycHKcM6zs7UbiwyKECZ4qTO+MLXHLFZLAI/AcJpKA9ueaA7rxDgULK2PNoIs7D29brcvQEG1Cs2o1szvFRMXZ4b9f0b4x4/l7Tct2PxqXElXt+dLjRrZpux0kMpNAGkyqFc+HiSamw5ciG5g+WDZYEp5oWr1lpJcm4fYlErPaMtuXqltBo/ahXx3SlL7nZP4/XgxGbrxDMRIPzfSnRkpvIj/Q4gUkNbL3bz/aotH7OFy0YgIvlfEfI10it5m+doznZbksN/sAuHg==
El2zNj3DC7ycHKcM6zs7UYNMXmTLV/EMlxI3PIdOvFxMBirKRHS8f2/1R0hfusD63kAS+4AZ8hoiqDBaootxTvRzxMmWy+qgTHiMkgn7TJhXC1ARzBm+nv5fIsC5gOdnDzpTWoP5TDW3/er4WoT/TmeQi9JMAJqy/goL/PBGInjfTY+7JU9FrhPUnVaO5/DpeHAcgNETTWl2Sb5p14SL6mTC0g38fVICXfv4DAllG9nzDfn8ClwencjpCGaJCcSXJQeX3Rf3Pa47tWAUGO6tSHYz9KQ5zjT8BJJyc981ezVG5bQcfeLzYsOPmQ6ayRpvCoTqkz42I9DlNJQ3HVIEcOwbmzNDVvBn4fIePvTLy73Y2sSdPhsZaH7Ns0F9T2PiaNEI7aQBMqXLRKzWe+kkK5KG42Aqt7+NoZJUx1dyUJC8iWGxUt/22IVBnUBrH5WKU+0XEFmo7HITC/AAY9YN4Q==
El2zNj3DC7ycHKcM6zs7URu35ORI2Tz7m8KfZj//uaTmsKP9UgW/RtiyYItguiG2Oy4nlq/MvWNjE1on/Vjydq9HLq2ckMNEofXMOFQ26PLBZAEyZAR9SmKbNnjm0v1auhV4iDYBcFjnlUmDBtHjlgwP4xiAiTixxp9dviP2Gkqosa40k6yeRsk3Vwy4UH8mYEa5iNZN+yOr3HKqY0XslU5IkQnshBsLbVTJSw2LiTAp7WVwgh9mXTeBrKerBg/21l/j/Y2IOg5EJDIZZjMgVYN0V/BbqSKav/BjBKmF4PRKeRnvr2cXkYjF+O396cJroIhB8RVzhGUfwsbljRT1DJYGluv0OSY6VV9BbwziNfGVepX3qeYUyUEMf8n/2Ho34B1Kbo4zXIo0/vPjEv/LYrAjdlqL81gNgacF7+R9FZWKnunaT9yoKjTK+n08d6uj
El2zNj3DC7ycHKcM6zs7UQZgdSX8kLoNRfLZ0tX3E1m8NZPY0dRdNwcl58ELNfwwiQrdKmZGW8RfR3a/zDm0TxjwtR/HlqROGgjZ+byayts=
El2zNj3DC7ycHKcM6zs7UX8KNR8+9/5CMH+LjKZKYTgFgjQ/mlAmdbuHUc4B5lTnjIiXcQRGBb7kC2UIgDRLwuj+bQGvHBoBinQmoOeYf5A=
El2zNj3DC7ycHKcM6zs7UawUc5KZzy6DhU3TZiKI/ajBOwV5PAP6FR3FCJaoZpGQIhHAXNMwD1PrKEdYHw6s1iVJ/c10SJJN/oesG6XPEcIbTz3mK9JtdhMXzBugwikh/n2wj+Zvb109z9LMpRYWYOe/pYqlqo3Zo0W0lf98M2r0N3Zu+awwYyYwiXsDEbDEfWOvu/CaJyKC1TjJvkRiHfvmmvSLusNdpBjpjpbhebkvVJ8+ukYLDMs0cgBeCvD3JU7OIOagWxcWmo1efFNbdg==
El2zNj3DC7ycHKcM6zs7USqC7exYwQ9kdskHdvOBoIKNz7WPxIlSooMQhu+MQb/p/CMyyWj0CXKsPM7XeZ1t73Aqkca56qE5mQkcRWYyFWVLRsesE8DPN9+hj/awyH5cSbc8p7W1Cu2yD04aanxrCJKJ3KDSR/lFvWLCGegWuM+po0aAhLLbk9FoD5ZIOsD4XcvkqsH/aatjxxXRxX5oA9oVOsxjAaVMyyr4rL+DKHo8Wipn0IP9cWosOwaveMRs+cgz7clxm/nDfnpQH5RT3UzNf9nyCF6oYgMA3Ox3mmNZVvCgwllSBSU02ErwGuUA3pzJ6zD/f5L8iwkaRYJi15IUgj9OowaKTVpjEtPxZJs7oovALws7ivWDwPwgQnjR3+PGMGvq89SwIz5bOBmsZIkoTxwEtuL5VWZBWS5XIALUeIfln8VsgfS+DmIYbp7jij3s5Zzq/HFDuf9PFks4/00khkq1PF8oPIfV1BkvZLw=
El2zNj3DC7ycHKcM6zs7URdq6HxOKeGbr5R9bTQ7bhobmmLnGzdk2/4BC06dUASNs7GC3Wg2JWPOUV9j6iY2nuRPtrCVuXUbmxhz1g7b/PlzKVtx09N5qPH7cTksbdZnjG3ccWWLMoaont8EmRkxHKf1nalyCAIIO/acQ8VkD8yJCfGrD+yzbj9XMXOZ49o84p6MO1vfnM5uhirS8nIuZ9lMjCOblZTokuMMPc4DZX4ladGaorjLNYdX6QD2+oEMa7LzxwmKAO50+aEtBqJVOQnN5knT80/MuGJiOXXaScX/dGhqMXAtv3018u7WeTFse7//RIwujsXFbLQGwPpUyqFtVnSBwL5S8retIVRVZO2zzQYSsBTR9/fHV/JzDQly2ztp6Fte1GnGs4fTzZyO57Q0RGWAeAWRS70TYqPuXck2AaoSp3xgB6VxhELAjxwwaDDG9HJUR2S45NF8wxBlSA==
El2zNj3DC7ycHKcM6zs7USvBvp9M9MJxyUzBEG1mJ/XGIwW8CDNTeOxgtjDzOWX2qmR0LCcDm0cTOZONblyfL3zaPkQiepTlrMqTUk4N3JI=
El2zNj3DC7ycHKcM6zs7UY1OrP+cF2uxuvThGL/8S2mMOOlOR0Aa0AYpoSzcdwbVXr0S1lJJiYhBcc89gKOiJ3zSoGCqr3gdv6jUraKi1GE=
El2zNj3DC7ycHKcM6zs7Ub6Z0fewZApLdG3Bx0ftujTMsMICBXmZYbpMEje1rjW3I9HDvuBXQvqEuPbIriyYnDLyWfQWKVmIe7JpFXonAFavnLrw9BHYhyhck1eg2zL92VDHUN+wX9sbiDsVJ3/a4/twgPDjGZd48850RXLDqdimyzmEf+bjSv5lPQT5CO5+469bIotWs+516nNGelLS3/b0FQPd3affr7G4trO0a+F0guGIt8VoIJoNfZthhNDK7FTIRW/9U17iumKcrSn2CA==
El2zNj3DC7ycHKcM6zs7UeBP8KwZpEj8KtxqEZ88QDktUp2M32v3WhbPTD7/GpvdS1L72YNgVtUANXfmOHCWqKOysbAGGqW1YYji/A0BHnj3aeaFeLS7e8bJKSimmlDvYDE4z3rtBv2QBp8NP7vIRQbXFIP1bdbMiS9l3SaFnWB/Gh1O5W2NvcIAqdVgFH3IMTAWvISbb5A+r0Fow/xuYKne1seYoqnu/VtSEEVCY8xnj3BqkXB1h7rJ7EnH+ZDeD/WMdieQqkE9MJro1sDhfOm8WbShWZzMTPcyt1PBra2mcbUM21Ku6WjHLcC+u5rhu5IBkfIuRCBL3Mo6wXSkEQg/Q2vwK3ce0m91hXW8IZVzL6BCpBr2g3xD8Izvzq1RM6ku69aD3LpXJWDem9FWPS0Ph9TMaxY/VEotEjLvnny8C6k8ZwrNPbn0HZnWrd/nMfKjLbtvKlDrSTLSBGLDOm9PvQu5J68JwjCqe5SoHNQ=
El2zNj3DC7ycHKcM6zs7UWLOiUUqQD9p7as4u3fNHLabaovBfJuKXGWffST56XrKDssND9TVkIdm5Nx8x0ydP1z1aLDMGrZKogB7OUnJVA/iS6PsunKfOYt8j2jWC+15RyOcuX36csbW+/v6OYoS7r8DWK2M6xF7EpuK9UZVQ+nPEtemp5nHAmPFcGx5iqiBZKl2PyqzRBexDfFXICcghBWlu4BL7cPrpfx7PPFQr6GoD+4TlOwQjz4EtnCmGPH7EwOOcgiEKjIE9UJ1gsXqIi1bYs0RnDRhDCVjlsHoMhk7S0aUxb7rGi/1ntVGu4T4i4TqX2+gBC3rajqC3Vr2Rnc8jkWiYs0hq9idzM3Gxr4C6KwJnLDTGYppgNzu6geXGhYDlsHJrdHLkGeFgawWcKvpwYsLce/0F8ItMoTj6ZOIB/Ze9wSq2QudOcd6k/RmwS/VlnDqV/2OkUvun6z2/+qFoSdzASrJw+VkJketHM8=
El2zNj3DC7ycHKcM6zs7UfM7EnYyvXcZ3cfscWE+q3fiYR0pJ88NwAVYk+fq1znIAoHLHGdaLOc3w6xWqC602/juiqiW7IKzzsiizTZl4sA=
El2zNj3DC7ycHKcM6zs7Ufa9OwXM299CAeuFXO8jpptG2W6QAzahXQVUDZzEJmJL2qd3nhAsWPmCzf6Qzvi3uePAWw13pdICkMoj+KdHZkA=
El2zNj3DC7ycHKcM6zs7UZPCO7O+TOx/hfVUVuRDk8toh4bLijekaYtb8As/g3SXuZhbDP8Uz/+az3lXs4phJolpDXuw8EKK6O9B1lQl2qUJlKbyRS7oJ7d8H7n+fCWi9JDtgLFalLR9NGcuUGtEjQ0W0SDcBtc5kfShKaw5psoy/hb628lrfiqaayRTfwV8Z3PyTKyrLTw6UchcNVuxkEPGDTeo7lCcsGcZOKoavchSoDeZVh1wXP9sIDcoA91Wy5cj54YgxByJ5S2WbRY2Ew==
El2zNj3DC7ycHKcM6zs7URowSdDlP8VxdSD/r734pwfIJRmV5azmlLvm3xSB9S3QzKYynwRd9eribqhPc4cmR2zVekjf6iAJO/x+ZMxVZM5DZ1AzfR/cn61wSfLjQfE9qlT+E/mi1CSjQ2+DNY7aDsg3TW8eXFiEzlzotmMVg3TRRV73ynf9fAzNikytzYHGXR5i2ziczjkXd8XMumZYAsFCOjveimTFsLArgJ2bkfphg3Tc9/Gw7tHkCyuxT8Rn4e5ENstvgmqygvZ7LYt5/bePpdB5lHeU3vMLqHsOrFpP6zdvsmAPbb01tImVhAbuaJWvkuSOff2OD8Z23X45glgpYuWnhLODjvfUU6TUQ2mlEK204EnAIvwDdjwNYK9ihKFtfsrcozVsvOP5zEDFpbHdRTXXpvHnWyVT8oX0fWMynSxZ6nY2e0P2RNBfevUeKZu+RkMAN0s1dMKxdy7ydg==
El2zNj3DC7ycHKcM6zs7UafwE+A3vkAyyze6+e1KIVENef3OCOdUmR/lHqbZp+dFPcfhi+VZprkv2UuxF6UtmQss2K6mhc4YwWQQlvPvL4dlC2sIczoDFscvAfnnpaWzK/M/mTPyDgVAPRChKJFlO8Xt6JR5Nsg6Y2B8hHn1nZlTqAlM8AAFyGvpbB/zhcUcpLhnytQnpLdkwKLhfKjnaZoOoVyOwRoAX7Fxpi9UPYZKX8sAwuFi5Vg1A7ND+ChCWATE02bu/BAa5cIs77Uslfj2njLkdKhMdsD5G32vnCHdM5GyaGtE/gQXg1fIWLWV+e448Jh3aLzTul4yqPodhKlD7aE8Ndua3uh20DEFkj70r3kY99FgZpAk8coAzsKka0z5J1hqaDLqtq4lgSS6/d76o6u6IKKR1pD4M5xbcjT9iGDjhk66u1SeG+WUIpzCqFPlZxn87EZuR5/XErfVbQ==
El2zNj3DC7ycHKcM6zs7UWTmSJZie0NueHviJk744ptxhlrIMAu1V7ZF3rwSz9xRCT4FRmbhF4/gFTw5F0T0GgmP+A6Pg1rf8JsRU0dHV8U=
El2zNj3DC7ycHKcM6zs7UWPG/tmwNnSfsMNANByb5giToJ4NEDvPcX5DTuND86DDLzhGjATZ+dRK78jJKGPTNkOQqHqAkIyyzq90WHTQ9ds=
El2zNj3DC7ycHKcM6zs7UYOXuviQP0RmueX1lJbNDXXIssLrfEQD5Dp9N8AykhxC1Rlmtr1hdo0iaSAV2cwDxXJncVNeEXUQRkL97EVR0SwoUCWPySqzEQtsogM7mbQl4fbxWHYtPskGANv9MHIxrIYQ/k2vJOKFpMVlBfMwHBqSQ7Rv895ln/TBidZcaRckgS5QHpfM1l9Dpk7kqL4C3mRIgxjWpceeDyMjXT8myNjrVQG1DjhS2pyfLLqXv+vGyH2wSOrXcvTDJWmWN3MKcg==
El2zNj3DC7ycHKcM6zs7Ub37v0bZADvAy7gcBFk2VC90WIAvyk1v2HCJ5A0S7TSSbTF8BVdwumvBm/hPYauXD+3kyO9avfS7ngxzhh+WQVyiO0mGoD8dMslWYQ4SsoBDH/UHSrgn5IX5kwOR81C9Y4rGyjP2uTvWDbxglyBTD1Q7RjNliAMLIdQRAIz/cACO2tNA8xn2/nsdIbW7t0BAbTX1P9UOCUhAbPUEDbnPBw4nBnQxWZYA78AfbTvkH1W2VKh0HfaRTb2RlkoBHSTtOKQ4DpJ8WXLlaM574lItP0xEOd+OM67kygxKyfLoL/vCDypNd73Ofnm9j9HjurpERzITp+VfhBpCkU9ycugOFK3xSWF50fyOblA85g6XcS1LLMCl4AKTO9wlqWeEBtsJef2Froiz1gy/0qzOzx44+L6G5LdJZImumZiDBKjwVlzVkzFFD9hrUiTlvIcBgHzjVMvUChVsipHjwwrbx+v4AGQ=
El2zNj3DC7ycHKcM6zs7UbHcE4XOBCRpiyhndMb7hIkSdm2cSs0b+qLhjP7CqmTHIvMX3/2aUo4chvc0e3i9QRdNErCTyBM5loKIC0MeSuSgdCnMinyOHLVeQ5+gsAT6SvVxO1+5HAf3LCZsjE+DanWX7MLcxR3FIGRlVS+Tn2XlVJj9F8gXLzBLIMNNiVXSKHkH87ItI4D/jfw4TrLVOBzE5aZniznZF+z3wEnQPcTU7zg1q/xxtK1yev3vGIRzFaL93iB2PIo8h3iX5Zb7D77d15OfZSSSE6W+YvZdLl83v+TDD1upct9sE+nAW9gTaGD8fgkVX++EtYnSA39BwNhTr1DsBB2cKG/LMiBBv04iy6y/scqg6W2xFbWRNrgFxSqLeZ1ex2gqCfMpDxOkwo6LAYWRoSwh2DOoUwYdEn4VQFyWeWHL53uDdzrEEQ7BwOEOt4dOs2rBe1HHQ6Q4Hyf6I/gmgo6ILmZvUMQD7zU=
El2zNj3DC7ycHKcM6zs7UXQ6FMjvZMNGoUW8xjTo0polOboAR4mEKMLGS+FgJib5fFvruC9K0IAmXN9dPn6aFhEr8WAhV5FgeRcRCIfit2A=
El2zNj3DC7ycHKcM6zs7Uf1xz0TKIfe1d+XNM0X4MZzFoKlYbnPsIZSZHyZ4oUYoyNGq+mlsvE8AwZlxFxKs41ATVlv1oqky4u9mJx1Mk/0=
El2zNj3DC7ycHKcM6zs7UU6VLMtjAYMKUGzlfoK1EFM/lTIzsJw/dEncea9OMf+r4AwadpEw6hVJ0pS+BWX4P27F26GVcWEodu+nVKW/ZLWBCZ28GxaTAn4Ow9q9CevAt/dWMrB+Kx6QnH0oKSUYJbl+s1KXc2E83VImv9jW6Awgv95+V8dkBjr0j+YJeRSc2bKxfEVndqUnvVWdU2nxC6t2STPmBOD0Q2joyaDvj+1gjWzZQuyebcBOsXQQUr8DLrrZnWm7Twkzy4+Y3SpfEw==
El2zNj3DC7ycHKcM6zs7Ua13vHqNSw+TwYGkgDG6XQ4rxkaIAxfI6G+WVgvt5kOb6F35O9TCtO3+gO1A2XuO+YlsxnnNHPkIGdQ6G6Blixr9W51kKRNUYIysRPzmLsWO3g/RyCZApDSaxs1JAcv+CbwVX+DrF+XnE4nU9AInP50ugtwPAvsbCt3odM3vAvCXzQjAtWUvbc6wOXc8mXDpSQMr7Ok8LVvlSdW/bw0QQuGbmVNLabcWzm/0cni+biIh9QBiV6TnMsh1qjuRYGGrrZH/yK98YBH7K5JEnZ0FDGdQQzAx+//JMMs7fNBTDnD9xhAtguSd0xc7tcUki8J+DzzI7x/SPzKv8+eLWUQhuhKsxr1k+wVcb/RS4caK9+RwqOsjXn6X2Ru1uqjrNVS8BN4kHVwefGPjgpc9A3Rl02xwhjk89PoyS2b9DIPCjp+RmzrBK/7cPqBJeA5LXGdYsQ==
El2zNj3DC7ycHKcM6zs7US7FpRwqOXz+sOLAdQ071gCDliNJErnyvIE9GeeAr0hp4q5Ho3wwFSmGoUp6Erzb0wnjI5eabbfCvrFOX9fZuDfT0vEMBx2KfkHCsJSRUBqqq+vaXbxiwBbRhRikYUFW3MV9ApsZkXkWgwWwBxd3o5R4tiAdE79tewlhk4V1D+SHZ+rQDSRRJFAWyV/8YCpLycKXp3ah5tm7G6e2GcYldCB7dpcb/fsYfIjNG1jPtHsSag1wRhv4oJyQZeJ1dBxrCpWjCMW84D8rTVo3m5G973OTq8LUFMpsrhGTdxSidkxwcJlU4Kxn2fgk0UBRgVACfqzHyMNXgSFvDCzPf2J7MXQfOIJgLLezYcd1FHKsdBcsejmutMggEaT05N73WnMbHyo0odOF9/HMrAFUv++OjAjvS8rXonrL58Loj9FefC7qYUIloyY7TMoi8SmHWSI8Ww==
El2zNj3DC7ycHKcM6zs7Ufq5eIIIqfi89UAy05p13lPHEpVJd+FLYwXv7PLUPZ3fZNjGqy3VdEk2LbyIif1bZ6dwdlXdFpP4rTvFGETpHnI=
El2zNj3DC7ycHKcM6zs7UVCueM81Zj9z6HTw5OBaWv2eaalhT6+Ow8Z80Zbn0ghESJJbiUOLc4YflFpaRnG3EE5Rezclr7YEYGCkxha7hnM=
El2zNj3DC7ycHKcM6zs7Udy1OmlSHm4glwhguIPqXlcXg+CuQdNqaKIEKU5H0KL6bfKsa5wwHu+oSjFBHYIESKhS4giCYrANXHFcCuqbrQjxcNH1wQFN1KLJE3ZXETU3EEqwkfjr20LGz4ErnzVWx5euWHfEmyP9uFPa1Ozir808YwX+NZVzHIV9sbfhmi2E7MII8vOamUgjE9dHv4H/DWLtn16ebCPDmWqCO/e2L5WYq3wakf8VQXsPcwP9szrV
El2zNj3DC7ycHKcM6zs7UU9rMactnSYojnqn5DHGBuMKGirtaRXuLa3VOQVhOzMmp9qhLyg53DTjW0lpXpgdxXK+822iYvqdTR/72w7BRpE1CzD9przk1x8FqSPdv62Z5rqvz4eiit60NtXBrApPqixS19rbeCqHxfPa1HMO9mPfsIY0+jIKrWko4scq/2dImfCeydIYw5xouJFg5OgLEZtOEYZeQkuOqwz+/q+jcSeXOJcrcmeuUv9KZP2PwAateiMgifAuVR94i6e1ZsK26K4q2SZo/i0E4p0NASXoVxD1OODbRuBAebkTYn9tDBQsNVoTGQxkho2Xtol6Ph7GON4LTBOBi5ebdHR7LDraHResZcOQvqea6X7lDr3SiO1IFRDN5z8bvt3IaDvmXstqpZhpbVKEBqP/ZPJSKzmZhpqvkDNNo4xE2Nm2TsAA0fE/CwWtD3igtRRWptWkemT9eA==
El2zNj3DC7ycHKcM6zs7UXjtMbNPeJCklPw2d7H5N7QPBJQyAxt2RUFwQ0mcEesu9aLZ/2yve8AR1UejhF8xtS2TcqQ2cpvJdhBTF2IiJFg6QG2KzoBoT/vs8/5nUZ1Whbj+K2HHNsWqhy34WbCYrAIig1b65Q6y2v7yn67Z74egovy7Lr310LLnzqOj1wLvOWupDaso+f4lL5a2PQRsXNYaZx4aQpWHw23W+in5gLBwYo3thdgqp/1iQrtimG82x3AygoLjmaNCneToMvtKc7T/F26EF9pfzQtKEgXXbKi7zncyvskLbBgPwW4WnLcX3jIdv+nAar2MJWsRncV9lzGGrgOueZ+ZRdOfkz7JLV/gVezNIzxPyyD34DhqZQpmZq9QFsAJmA3vN2LUbINEh0BROR2ZjJjURqe5zObFEmbzXI80/V7jRZa5y4Gg0FZH
El2zNj3DC7ycHKcM6zs7Udtg1TNsvw3tHtKfQOMLLoDGYWzwbK+hEJOFHYyaEL+BO3g4Z9yseFoJGBZLbcIpKw3f8GIaQtK/DTtkhHp3bc0=
El2zNj3DC7ycHKcM6zs7UdqrSyIVryDH7YoHMbRI889Ii2/0F4rmR4Wk2TOlRZnO6mNG0XGh3y/GR21D2LVHG1haMbxy+yJY9uL4Qu8GxLU=
El2zNj3DC7ycHKcM6zs7UYA5F/7TQ1yb3lQZunKvd6no18ZYccCx+NAeg84WH4bMNQs03OsFapUa6DImI8v8qR0JEPO9doWGvnjzjqv57MIeZn/y3xhiWc8vWgVNk1Rmgn9GgfTkTknosK3ifzaln5JVS/j0cz+UKKaJyRSDtLDWVXiuzYY4pM/WlpfDFtW7ZQOnMBKsQ/f84N/2+uQEpqVDXlHMnUxftQaA63i/eSAW3sH/tynE8kE230afvptj
El2zNj3DC7ycHKcM6zs7UWq1cSSlnEkzuSFSVN+f9wEEX8sXUlrKInP/wKr/W64hynH/zW+A7srQnUXx7wpp2hiP0SXXX5HS8xKA+r44nC4ituHhmToSkZSW9I5CyQRrgxgMbXe8tVmH14wgMiDrqjxbyfE5FmJcSJE8AzOWIqtqhM0NCi57yJEquhUPDLlT12caXGgHh4pb42A3+f6BtfUcYfHDSPQ3d82Vf82baKBhV4XZYrKfHP3HBy+JGdxUyYEWfMw6ffS5Ut40o+K69Gem74BYylLZZFJb4h8Td1EkB3D16FlIncC16/pgJzLYFD9YfPigSttlPlnxUf1HWdx1Q+ccGhcy05h621aS5cXW33Z31oMaiO9TCuK5ODdKButw25VbmzJu4DSe7+btMoECR1cG+0YKsT0u1+v4Pq/+ZNMxEEFKdExRhK2TEs5jTXF6ZG2OBdBA1PlV4s71tA==
El2zNj3DC7ycHKcM6zs7UWq1cSSlnEkzuSFSVN+f9wGvipYO9MQeZtKAnMdvk3eEpIwflPXXdg/VmVPlM3dcwCgF2L4s0iOhy8DwCcnk9dvwrHY80KgxKqmormKV5NyGCSlXF4/Uy2p4NlpVd+tM8mqrrUkQAmCNA33TzYlOsNyrctJhf+TbaJUJVYveNTPvG6P5iQDY9L4VkCLR+qBRJLT6KEOKKSh4LiZbFrT75FJSv66aLTNCZCYZA0jzNBzMQY4AeJgA+orFrTHwpe6WrxPiaHL1XfypXmiQwmrpTSxt9m86xDcL+izYztTZ9NjJADCRq+rFOsmqVkxOBBGn4qhSnte5zaoR6g5Nz27+UoNlPfDjrzDqvABpKuegMZJfxyw7zMPjCaZiZAh6ISedxVpZC5mTsaAh4j2dTdNma/XQZ0TMXIIExvqitmScKRv6
El2zNj3DC7ycHKcM6zs7Ubb7BPa388ExsStiTX3hiHZ9qCMrNWFogOBV42p17UJcO/v4cMaYehhE5HbJY/flCyERQMTlU0JExR+bBK+AHlA=
El2zNj3DC7ycHKcM6zs7UeMuJun9TTyTgb5b8VQU6G+hXDyBvIDQMLvWyfu1zT145tZlhxExJVHkMU7qRj7biNd0K9396l6sZ0Xdd13qR1Y=
El2zNj3DC7ycHKcM6zs7UW2wAaeGuiTpPbWi3pcuR4z7cjRQmXprWdaqBbi3t2jLf/0pMT9Xwt4s/x+rNa8I58OG2CdSWI7J7AUTW2BkNqQHAjK+MVEd6cxrNKwGjgHDt6d90pZz2OFFyUEh9U0ou9UMUOCFcbgIxaMv5W5PSKuxbd3Ma360bdRzsH8R9PPG0uTRfp4VBzaQCURJNn8Wde3BophbmiqJid3TeFJOdvDplTJIhXZ9EO+prJ2pGNZFiQAgjXp6gIsOK1V8CY83dA==
El2zNj3DC7ycHKcM6zs7UaayPYnm+kzUv+6P0jhhqlLnAtlKTlq4gMGgyxYnpxh4/e2OiYh/3ojxsuQm2JEgvb5yKg5HHxj3JOYHaEuzk03zFM54updsxRqaFaLBKTV6gj/O+eziyeoaKWxg+pYYkcm7vPoV1tsNsRyGGmB5aSHR4cX5Qo85c1+yKZGSXQnQS2ujMgLXWIhEpeJe87MdELdOMkKzyoo8Ui5EQ+0YWgWIvnnJLrig1XF/lDzKmhxntHmeDRQ2BMnhaFNnAuqDgMaMBLmHJCzxQLSWdyKIDsA9CnbHJ3iV/GU9WiqORxArdHsR4pTxmdlXYPQtxzJop/WqauVOt7sSPctJ4o84xG+0CLiBMbCvsdK4PqrYWiZ9xnCwvBlnn3jjeXNwW7rtGAnnBxyECr3uJIam+zwB7w8ojaln6xZMEtbd4ElCBzLhZO7BteCurk/mEcOTAtjBwA==
El2zNj3DC7ycHKcM6zs7UdygZXz7EAk2SK54IKEI3jzgXG9rTOB1g6081n/cx8e8SxfpF/m4y5flNT0M6TrWvbCQ+PrYZOkCfMj9/jtM7CMloWe47wZozQt+uyCdLIS+0figT4ewHhXDvJHOqWKGGvAz6cqeJZwTkVKtnP9h/RFl782S23AIUAiK2d/X0yHNI5zMy3IzAxgGV59Wxk5Wb8tjwmZiUeGHqz4GZ8ZspxFQ99HUoQp6ITkb2EVTrTygOHs3jeapx26WxzCl9MBglg7Z4ti+NjQ29cVdmncoZTuyiPq/EVPn2h16yTJVpIapwBAFlj3HziPs9qMo7Cv9yEPTaz46kTPcDdbHfQLzJCjeJEmV2+nNm1Bw1J4WyriflHZ+zKod0x1zkVfi2uKy02F/WqO6Oja0OC+nadg4rVTd62LK3Wou75XgaRsjjNaBi7DcWN1/3px/rONpJwtPgA==
El2zNj3DC7ycHKcM6zs7UUhKs3K6gmae09AXSzNZUXBCVA7wvJxSoeoc8rmU/pE2GfTTbnDUiEtWn5ZWG+jkbrfCFMB2aBQsNM5DExne6gA=
El2zNj3DC7ycHKcM6zs7UX5GNYJ5lhTrwj0Vi1nMAG3Oyz7PlC7gAd2uUVdqfxxSKQPZD/aX/6//bOTJLr3IjRJIRZMNmbyV9ml9BWFglrg=
El2zNj3DC7ycHKcM6zs7UecS4FVPdmxaaLo1CaDjaH/7jDQCuWvVQB/s2gx6UcFAt6TxkdX3yHMcxtVE24B+l+//PPJNy9qP/tdTrtPkIgF5oX/jgPsa2kc3CxnrkbqgtjKGUuXLNg4pZ5qY/LjwzkTvnno1N0VADGo0NM55ELknZHDj5H3ecAO4vqbvqVVH1AUb7p3IXFEh5yb0ioBJXpoqdl30zYvBnnnfTggLBQGq3bOYdlJJMg5v3T/ozVPCSa/8poac9frj7nyuQoftxA==
El2zNj3DC7ycHKcM6zs7UbpyZTAtVW4gNVU70eXA1EdeQWH5b66WLaePpzSqxK+sHkd7qgcfE0L1rDY791DmOArLc4f/ZQQ2IFGc3ApFg1eXr0TT0jkyYaNrHP8gLtMVNu3MCWrpvwFhSuepGe7HaWDJHS7OGrATEjNFp41kDN7rGLDqFPB2L/yzqcq2ElIIydOOcNHqxwKtZcm/6Fjurq4VcPx5xUjOc7iQq5YgjTqs2IqzjZ/4Hw+4zrN9edep2WkKp3zFhfFsPE0fe/3nO49jXAzGK3t+y5tc19na31ekrVZyt5H58cGarPaRjUTaNi7v8sgqpOdzpxBYr+caaNEUtvmeRcNq7OcvNz5yn3U3Cm3tvmmmraSTD2PaXJ4tJsZ8jdZLEdpsu6TH+qJXtswoAPf1V+yvk5qrMF8PHGzxWaoTiOKU+5M3lwrV6WsnKudz5sPGMX4668AUby3kfwpwxePC0UVu0Q33egs/Afo=
El2zNj3DC7ycHKcM6zs7UdynRnHi6p42XoUwumbM7QKBfAaimkugVT3rXZ6OBZcf7Pb5rkBluMdnwvEkRYIhB5I8pPHUpGfDr9cbpJ8kk95TeyEeOwzAHZpIj69JiBuyD5ij2Zoy3F5ZJgpeSTgr7A+6sYV8HGNkU9QKSdGx3ZHnIqV9kLVN9p5BfOv8qOGMuKsT5wx0j9LxEhkfxUiBu6zVQGCz8sPw80vPz6Oknwfl3wdvxEnLfEDcXlyJEdZZgT34vwHsMbtlkvy4MEUGHnfwNgWhzfPT1h//OmXfTLajnsdr/Pn8cnZriGwPt7vFWVvLf44/ne8XnQU63D6uTzWzivuynyyrpON84gYJyPSP2b88ZxndQMSw4kLlmsGKHb9L4KX54M7Sx1563Z7ZPzrsQ4qFNkJNhoLkwfcQ4XPSfKggU+0lrbLex2RUa2fTDB0bBQQAfp1z5Z/d1HY3MA==
El2zNj3DC7ycHKcM6zs7UXUR4SnfWE+mB0JlRsuDTWEJ+5+SD4y5gXVubjvRXmm+DMgoOUF/fwH+PwnNtJRk5nULgeoyut32PAxr8uOFiwU=
El2zNj3DC7ycHKcM6zs7UahtOKxz9krQ2Mw30rewJDK1jTGaqutXFrLI+uORsFKj1QALAz2BOuKHYiBk5tCV7WbJ/cNS7yIR4bh6079tbJE=
El2zNj3DC7ycHKcM6zs7UY5tgmPfEQ/54aMNknJZLxgQC3uZUZFPny7teYg7Y8li5hskJCrJXUKwV1Nrqo0tWivrUbOoHzdycnMqZ5Tb30EZK/l0sO1pm761n8QEax/vD2yyULLN4LBz7KuzVT+dTK1LlG1wQcLqhvY67Tbak6EpKgyL6mfKcu24QJIynJztgCdjhAA12zo2LVTRgdJQaJc/AFnkYXGX4xgk6iTuCKyTc8CrsT9XE8Wy7TjviyeC
El2zNj3DC7ycHKcM6zs7UbNA7fZxij11aqrRHWZYck5AJWdnCxjA/rQDpNW6vYVLUi5DYFMjS9bDIT3Yq5HyA/z16R9rijyGiv1yMtPv9NSNr6FPH3XOafhsxB6txRVqcJPtMGlQ0QknYjqcEh/zGiFjvyc7ynyX70biLpouQyRn0I16gKCo3W6LVlgMong2xvKe/+FLeLeUOlO2Gb/dSHNYoN/sErXELSuLJDhbJOfZ83XndtUM/X5cvu67jX7QV5vLFo779URLJup5CHzkYbNmaEYGfDrjB/hzOswFyBUcwSzU9gJrcoLjb8xFkFQGdx0CtTyf+CTqqfrmEpQsGJ2NLkmlPa8kxRl7MG6MCSTfiOn2jNvV9hAmZqV7CY9QosobnnugpmGWd4ru4xqNxXo5QnxJKUQwbb2+l2zICmo/kLcb4g/aJtSxMwhW91tj+Cmtci5sOpa3lCKP8ZUZfw==
El2zNj3DC7ycHKcM6zs7UbNA7fZxij11aqrRHWZYck7o3xoXvjbS1TLVMFEyqaL4MZBMQVJq2rukl3BWQpYUT51oqdCPNtTdqdkuYTZPOv2XvwdFgOU8uKhGhZEJRwexWL53Fm4dyBpZ+ehjumZClzsZM5RkKTcw31gOgEaZg/ykO1zOgL79eM4PzPD/7QWv8DZFaROabcLk7vU1zpEpVnOwINXCXtFtPIwTggIf6R5QCB3HkMEO9npaPyKRFzddgnPZLXS2I3WXi0FpXlB205GFsRRoEsz+if+xl571H+xvZ9HpmglJIXIvskc1ECibcoOqr8QQnd8mqswOymQ+hvh0TIgHd9Ag2CvnUTY0HcaR6sW56IyEeqaSkS7NgyRBh6zViGfaVE6AqNaIwXRYj0eQqgMtdzeB7psskQqSX90T+g4PUNg/Bfmza+hvmEM/HuLwCvziM2e3X3FstloC4Z23xgUhlPbP8Fnz76vLWuo=
El2zNj3DC7ycHKcM6zs7UfdCh+8ZK+RoYodwx+i3/1rmtGOi282rucpyqGEwUhmw2d+uageDMrKkaZRKMAov/RS8wkATMY6T14DJ+sGUHQo=
El2zNj3DC7ycHKcM6zs7UUHxDJ1yt5VTv4K3DVLqNIkLRcoVCm3vKrgcBXoobfZCN2CtYF+WmRslRQzY5h3sUmfythoX4wW/vXI/EiK5SK0=
El2zNj3DC7ycHKcM6zs7UezdyUhAsv26AN7RW0R/KUF8JVt1UrdXoNNeBt2b2Ns1JPI+wQX+bXsnn1NrOeeHL0cmr+kcZsQferyGeq0oyBT0ih2G0S81zG9aD717Dkazr0Rmw91X6jmSdVymm/CAqk5gMlMJR6fax2q9rAz0AGyfT57XKLKG7D+gTIJujuc4Pxj2QZSImqqdZb0qzDnaFLoNgf3ZSPBSudQajSenPpN/+13Mc2AuM8a+XTldNjZ5JffGVT0A/LdTDVwUwGxfkQ==
El2zNj3DC7ycHKcM6zs7UWy/EJp7Bk7jWUUZkH8LivjGALLUR9CXF+OsoyFRp6Zyqzm+vTV4lPCbhRXOzYaVMdCFk/2IvYx28gipV31DeO3cx+ZhUsT5HxIBKUVJZlxtwbsnPicH5H4cfJXBd5glq4jp2NIxlSQ73TAh7lClHRqLfgNDY3v/q4qFQu2XyyX5P1KSFVj4X+TCCE5dtH6jTpw+9W5YH3e7aGExloWq3SgqdU5ICRDJihdtQ6XyZjTHJ65uZWtc8h29NHTGn5MaA2dfTjK+G27Dpre2s1+fy+R4kgNxuEBKbjEy5y4mllpFgrkSwRrkdAo0G5G8BbOmDmgmHHFs3J3t4SvzLPd5QGQj5pcnuN/gI2KfcCKGNp3VoiubcsWcPKw+d1sKvKP0NRdtZkwxvBVELMX5/LtZ468S4wUNxUY+gLIeuPIW/C4R4Q+x4cvOn3DE1pFDsaCU0w==
El2zNj3DC7ycHKcM6zs7UVpGzJh9TlGHsezCpwaW7N7jRIUoZn6tZzq12BsuaBChicvon0JECTxTSrLulzMAM62qEolfT1RLHaBHdzDZudJJHVXGTN4AQ+LG4aRoemUCBcGK6K9LZNQ68QT2AmptkOVQ12wqiB8h32ZhYYbrguTMfXxOfsIjHVKv18vTPi5Burczgthtd/FWmA36j+UST2gF1ttg8K7SSiNi4pA9n1d6HL94Fe6S1HpHEYEWmogS8DQ3ulecb4Qa6s3wviyIB8fUnWXGEjx+ggwJPk90IcGBFLqB17y6dB4kLjCGlaD108dwAJgwchO2PZUHl7WCOu39nOya0BZIyGy8hWNzdiaY9bvcDU2K8gslCNFrDM7tc/yINccwGPx8Fxg9q1mKhn0rjRHBNrJnE24RG0ZATh2cAFFY+qxAlF8cXJmO49ay3Eo2pgmX1rLnhHQO8T3ltdzjTvj93GQrSo9Jv1l2WA0=
El2zNj3DC7ycHKcM6zs7Ud14fJ+IULgr6/RGWV6OnqFTu9SI1FhHQlSvg1Jn0w2fNExS2GmsRovpZAplwQ/pUd4fJBzz/KOyFY85yngpDiU=
El2zNj3DC7ycHKcM6zs7UeE7s64nGCYbt2PnTOIyvV0RbxDKXx+xkk0mJ0NQ2IXj+CiFZREckeSJYf5eKsvhbR14ZS0JlGSyhEAN+Y8JR5RCs9Hv1ASU+nxgtq7GdZ6+/R6RAofDHrvxjR1LHb1wK7Hc8oifyZzuO8xVypHTgQ559JrR43Aer2hZurQvTGzNW0FGEzLXv+r7ip5ytfwgT7BFfW6nynjvCix6AnCPic5qNSkZO0uy7exVPQlN/3kfiF1GM2km4ehXOuomfqamNA==
El2zNj3DC7ycHKcM6zs7UTKNOKUhiG1VVgW8rCOlVj4r32gi00rhAAkGlWJKvcI1190tcvjB85uRzsm5AWPF4VjaQTeuAVAdJn4bITp8bFs=
El2zNj3DC7ycHKcM6zs7UdBhfh1BRdK9fWuu+lqB4vUgldo+utERpmFeXWFZ2McLSRbnVnla2rHf08ajRSlrWDTmA+VZJU44FD19tqRSH1k/+uwR0uzEh0DvEF57pbMrDOkns9PqS2WlPdkrcLXbwp8fSOzbNyzOfrV+R/3haV6Ag+IYaBGqwVxg+tFRxtwaz1Bt/2K7IfGcVsSn+w4rUEXOBDv9+ybFFjourlugDDk3fnTCTxQZpBOHEut9hV56+1e9cuSlNk0ScE3A0Ws3cEBDUpx6Lfc+aS4ONtf4lZb1mZaRbYsqDU/+w1dX6Q7aYJ5rqDRTun5PxSA9jbuvQfN55jWygs2M0MVnFMb2ycVkMzJJIQYKKxZ8fLy5/2/qMunllccf0DwYHY6mIBFlQCx7ub+nPlOiku/tKwvEXxJi5EQImymQ3a5FAgHNQekAGHcSknqT4E06E3w+tT+5sxqQ/OD8W3MWyE3HndLq2z4=
El2zNj3DC7ycHKcM6zs7UVAVi7hL/zBRBNZzWJpPFJVxX4QoGSlApuHVjOwjtwCjHFYjUlyCxgyC9HhT1JNGgGL2QmEy1npsSYRZ/8osf+U=
El2zNj3DC7ycHKcM6zs7UYpJZErOHFRdVBu0seOl6WY8DbaoXa/e4UMLhc51ubmeSXk1wS0PuAAinXyipnLGPO3/C2lFUY8rn0sxdbH7OjRmsPiQbvc367rfSe1c+8E7T6HmVDFXFukN5kRpQLAMLYMbcltEmI0pzqITnNGKS7l0bE0bvMxKKrZ2+6y293+SRbPGy4YQ5+cReGwWHjw6HLGljq20wXdH24XGJWuXKlBNJP6Ui6rrhoeebBxcMVLxdXIWavzVJVD3nr8VZLxUbUTAbLzxGGZy6MI1H0ozGwv+fbL7b7ZPzZSghyFu9GWO6CmDxzfezuiOPg2xsP00FCsrZveUAxC3OzEPP7PRzJPi2w2i0sagS+MYT9qOwXSQS1feDvn/LdnpyyDvuAEbmt9lQS1xXzTl23dWF8AE1JQug9bS5AAu6NVqasC+QB2JTEgsL3cICHedNEHa1pLYCQ==
El2zNj3DC7ycHKcM6zs7UYAGoxfdTamSvS70DL/JFSkjlykk7jY5JzoHwQqbremGCiiA9RaBXahyez4u90i3HanL/JRzaRcbqgL5obtmFMY=
El2zNj3DC7ycHKcM6zs7UblKKp77TW9HWPLMZRaNN0jJDA04tcPMHLJntciHHbaPmJQMiGSKFCTSnzlEzRcl5UoY6XAdrA6/LGOzkPyM+qoiFTy3B8p5fU3BXar7NvA/J5liCm0Wlm02xNN1CdcSE/647umj8+mRHS0rnRIVvdzGaOXVZq2JFQF0Yefo9vO9yLk5XDA2Kn55bp2T/iQx+t6r25p/xO3XOqRRbdIlDwtOwdAXUNmwfZi6Twn12z6c9726GHDG9IY969KSWZjLNA==
El2zNj3DC7ycHKcM6zs7UYj2ypxOjbNmxTyqSmWi0FoV/krs3dhNYKInYsybTXQxSm4QZBKpHyL3LZoIBNwnXxRilnMBCub9VjgPwmKed+rcIeb5uPuvacoUzJRKSD81jtPESett+8J8iK5P/kYTz6PPF31HjWY3ty1PvUZpVKjBKIzeTgPHSG/m3mOFYbHkuPNjo78m5FadHuYaUy0HQW0391U15UAnlEjgjysZbhUUyfv6pPptFa3a9mAfV5p0OABf3gB58m7TV8XGau4K355gdd4AsHVTk7JPEZNk4e707ICM5jMTBMRMEMlaN2tN5qmHown7506KUzZ7TSsEr6xqHp7V18orIXS9Aj4Cfwq9mqVZb1/uI+W2l4RkgUlWvFhpfEP2VmcG6+KK2vS23hW72367Fe1/5Q8XIbxv8UJH+KXuhlkZUTXP2EPwi01cHqtoNI65CPsB4//69PT51ZOIjVoGxejxvchU0mK3OQY=
El2zNj3DC7ycHKcM6zs7UbraLNnlFmsUJyRZSb10vvVtGtNsWQ8wJU5+vxeNxEexkyKdA4S1BYwcatt4IO+x5atbBcrXd/7nonVGRBwGrJY=
El2zNj3DC7ycHKcM6zs7Uf2oePwMwk8ex1BcyieWINYFZq7/xIQ4qQRrBEETaBVl/ahk3x/Dmf/Hqk5yrF+4oH3vK/vb1BXXEzG9Po/lnEBZI1zCeqkfXDts1mR4gcnV4KJXBwyyEyj3zwUdm/HBxnf/H8iS6+zoL2Lg2T6ZO/9qUpgj4ONXrcIx7xWjLnTDGcmFAWKDzWF1oCGkdUs8dR1/mTIZYzKc1pT+1HeyjZ5leQYGu+3H4yGQkZziN34LqAIw75wuen6Q+pf6IHp4BqxxbQyGrkMEdWxHmsrTZZRyr2OaJcWhyuYrE1JOI30tXpzDQHeYw3QqyGSq0qmIwUYCD1JtWLr4Ymdz/sEJPjGTaSUP4o5mE1xkzdtxcwwffdYF69u0Ap6RhL29A0u4DPevrwcNNRJCdS69XGZNYIshxL1tVl0I4nVWe1ruo0FvlzVChGl72mhqiJAiFajwqQ==
El2zNj3DC7ycHKcM6zs7UTAdsGyi2rktUOWgWTddN/p+DdIlFWDKSd5fJbKrPmXk3ikyZVN3d7XoLc4mqVp4TzTa2lOuMnPV+xnq3yByV9g=
El2zNj3DC7ycHKcM6zs7UU900zgpTU9mNsR9SF4mQoCwRtV+98XTbP5BcFgxiHKyxTiFE2DE/v0kvjLG6ihrm9m87SzgBZpPhWKXzZKbhA+V3GeCHuQ+zzZVGQb2JF+2yKmvVkiVmJtVhZyRVIzO5H9Uc4/zQLPnagk4zuRAM9vu0bpr+Kim7SfwAPHKSFCsKUtcmaBv2hiR7iczvEub8lU4YHNpLyX2ExTo4AOaaZ/iVpewXwAkVFRk5tlAjY12OjMZtOuqMdj/6ATNvegZhQ==
El2zNj3DC7ycHKcM6zs7UZgczV1njkvEHWgMn4J6EF633AN12L2ggak0EvH2DdfBRad5Ik9ZVUI9HCLkMuByASjPftKe2VIKgTnlghg5S0qU9kYQBkiJ/Yt9TGf9lnC9ueJ0sGkpYnlfiNVsqTTEh8ONmsG/fWb1gvXJVQwkMO7wYBmDqPKziSJ9o3/qXfZTrQ/LclPweDfM7BENS2ae0tl6qwOiNxUZDqDN2uMksgsD3c5MSc7Q+EGl+Ra7d6Vjw/tmUdVcNkeGGEJvvdBwnJEZ61iWe97nIPIsGdr4eM3uSD8wO6KrQTk4Q41+OnId4RQXsNy+RPwdAliZ0M8Aa0wGFSZHmm7GFTlBgHeYd8I5IwbDoRSYLJGomyaEEEJDLuCurDXPuKL56vPzH9Ueh9+r/HjuX4mbWztw4gLOqecoC4Co2rYXNR5veLp9EcOMW1grjNJa/H4ye6MQvESr0R50atw0xJ/Ujwd3ar1w+Jk=
El2zNj3DC7ycHKcM6zs7UXO9iUGpKNFHx1q3TCzNLD65U9Si0IJ/dONtulBpoMtaWpXmkP2p2E6TIHEBiGUBZ74e0IOXX2L4Ii6O2thQCVM=
El2zNj3DC7ycHKcM6zs7URUY9cXkLvj8uXLs4aw9NkC2CMRJJ5K/pBNPh++6dBnpIYoW5mCfMjc0GSltGmeqLXVCicvVc7pdbgyJmDzBLz9ZqnRECQB+9vMO6d+LiszWxgYea1sD5oihajAY5y+1cM45uRHkfiYw3+qfXeZFgzoROHhSH6EsGwu4rX9jFKWIi2DNySA+Y7aI49eiks7cpz2rGA4iPeDuwV61E5P2kQQTu0cc051f+PBNLZlrJEmyvC9LkBFyWfgl7f5RqzK8IdVv5zTaf2SD6i0QSikejdPI9Kk4ph5OLLtLE7gHuI2kyWhdPgO44k131AnsVUK7RW8R6VcFw68gtu21rHyMU/jbXQMAVjQqvkEayrPsYxI6fk3clzu3w/T6cqbKfOFanfm4WEld22jSNUGAmMqCx8rCU6nvZJzReCbODXrKkWVH6s3GjlyxeVNvXygsXkD8Lg==
El2zNj3DC7ycHKcM6zs7UYbLO9qaHu2AXOZDUiI04xbVTHyczhxCXrQfD5dIMY46VaR1IjMDfHiFOdpTK1fq9DC83yEm0fs/E61FcKblNl4=
El2zNj3DC7ycHKcM6zs7UYVQYsJiY5xpabESAKfmTWvTtacUs9Oam4S9JofDdl6EC6qWSJgjHqQ7NBuZRq/WXCo1Pyt1uM190Cyd5DhiyUl9Ow3wuuXJ0kxxxa+LdXV7nhZWv1onI6nWo9diJqmm5TNt/S3qX3s54sc7B+7wfB498vqjgtxWzA0JmjkswEfOQXXr6FJNGtZx83q6li7apg70R13C32koAWzLxOSS2+/I7I7NQ/1jhuahlfQjJMQl
El2zNj3DC7ycHKcM6zs7UaAqmaaO5rIC7mjybUkKgJ0SyzsAXoYk6k7vTlibGC3/8wZbuvWaMe4iT8TLG4tjsbbeLIYS44IDbM3gFZmt8wyveDMTjLZYP2cTxgsS99+jnorvA99w+LCEsrrynLXh1nbW6kjkumkvJXTyAOhMsvicShqkaAt/p5FcPFq0NkRppaIMuqOfBaFTeZ7ZVWrHTAfbL/thkVv7hVHUvWaTnCAdMzpW0oj8cIJYSuXdsnYehRruPf6DJcmTj1blRUTWQcTKM8/rsMINdQYS/FyBjnQFCmyCu+/5FJSNL2SXMOSOI11+tXQ077lQa1oFg9xo6jEXMTQxwToKm0zi/h52djCnYNzTsAYpaLg4w3NUPQQh7MlbDH6E9/JhkA56G7gNdEmTA+zc7neQEJAElhOmMVqTI+K5GjENhCrG8bB+/8HX8oRRHVfirZiYaP+i8MX5efP5CEXPbFXpv9MbrgaWK0g=
El2zNj3DC7ycHKcM6zs7UZ+dayKUpy2ch5flu4VVq3vdTwPwRBuk/Cn3KQKl+pAcNAUXRwmB8amebZ0i1JoIg/teh6Lu1z1h8oz6MYcpdo4=
El2zNj3DC7ycHKcM6zs7UcMyaYLN8EkYC9IgAvIm+pKgMzoPh3Mmq3twFPDz2xUCL4s29sbHL2aWOeKde3KLtan0XJuK8kZrUiI6n1fQdBpfYtqOoL7dpenWcKkX3OJQaS7F4tXpKAx/gpSISsQLevlC0v8DdsvgheVptOyJRIqku88ot7ZZeR0ZRpzkQDHOl+oNyrEEoTfLN2MZsAAUCfqUeOJF0O3nfbrKxLHp6BPUOTi2cwoYH9fT40wQfHv69KVgmCOZ9z6H+k4wr7+mElrVjz0CN7h7GDK8kdigRlee4+YUt5gZ1CUAsn72NvTAvz+VNP1VnvOmmTZzIadEatD8Td/OOR/iBpErTZLgk8ovQgwmU02u18sFOFEv6PmFcVbXeDF5ZqMmwm8Hl9VX1t1TKzPRVuSxkmSBzyIJh0rjKGa3HW+YnElRWcDMwklh0wsC/lpxkfNHy3qdgJNEQg==
El2zNj3DC7ycHKcM6zs7Uf3Y2mHxLhWCCikKNZgb/05vlgSGu6l603KAh4kYyW7fiJpalE86FgbSCcpfZ5AOdtTWPzBf0QvgiAF5tU6//Wg=
El2zNj3DC7ycHKcM6zs7UWHDDhO4v0bsc2N8mez8GIWGc7kd3XhcuEY9KbSdwHIPCOo/zxaeQ15BBQGc0hulH21Ge3eXsToBPmeqLQ1a9ZYeUb8Tu8dpVFNoEW1AYE3SEaE85M5YagXUwQu0GpD/3CidGtoTYXXn/xjRkIO1XtwVpyDwsJATe35hm0Lh4lPjs+efPcCn2vUtUBIeKNmHDb1dkXgXt5Qyqx5uBnJI+JiNG8OrtTrCTJz0lCBGE7dp8l1Z49V7CUeOSmehOXiG/w==
El2zNj3DC7ycHKcM6zs7UXkkp0JuU8Rj0cgJV1O7f0coTA6XwFcwPWS+qzcStV5Wh+GyfXCvJY4XnWeVXgef9PU23ZOQz8ELpp4qeFoL4F+0iXXL0Km3FCSrUWjuM/9w+syUEaubd56DQZhfojMc5Q/dO1F/IKukWBzSU++yoXJCL4+UcLmCUL1Nftwqt/BT73e8H/G6M1BfB1EVfWDEYq0aMDlq0ZjkAOQwHEmGp9JRNWeFZ5DufElMzit4mFiLK7sGNxwmz4kxulK5bAcRhghGvTVcTR2Y8Jb3kMnlklHBAHyiHrI8/hsqmbGnBa5ZtZiSlLN3NnMD+ONOUMuvDj9RpI7MPz5YSGz2I0PqnUEUT5mSjHD5a3fIH4MlomEHk8WS4zTSwfzQM6M8n7uRd7Nu4c2HZrCkXVBIm6+iqLK26JjDDQ6WDJ9IkRHvQQZa600MW+utiUiqLCG5x+1vK3l708UPnqZC3lUNx5NlNRs=
El2zNj3DC7ycHKcM6zs7UUCFWQOpEmOpm3q/9Nmr6/amk9fi48/zJbqV17864Y4mQ1akIkNZeqd2jhA9esSaPSmoztY/+hs7WKSn2p32xvQ=
El2zNj3DC7ycHKcM6zs7UUsIudZMO6c3gNsg2nopaggzUS1othTJUu6ihvLIj+FJG3Oi/xtUyliX1gDlsuU+nbejFch0cdI1fS1z+oyqSPbSLyBvMJvMhY/KloKsr8JOmj2d42zKoH+GHXJ9dUgldg6LVr+dTGah4hldySZbymejDAyVlR1BMojVgk2XgTtRJjyr2Pm6ZvNm/9VNTdGrJe1XgXTIYTS5876UxR7BrEfba2YZ9FL6Z//SGbB+2fhtldHdZwLUSG5Izir2gnFs+Pwz4ztucB5vWIqutHyy1rmFETNomAcRuTWcK5cY9FSYUcMqzF8Awq/rUNX87kBrxTU20QN1GoO6hnvgbFZ3voVpEa7IIUbiRc5VXg5t9KiSfi7/ClQp+VBR58nd66JbSxXAMXC/e0XC2nFzKdB28Q2MUE4i8aetB0a3eF+nx1M/2HQkapjZMkiWNjcZ37iIWg==
El2zNj3DC7ycHKcM6zs7Ua2SvIi9PPKW3MNyApKGNmDmBdsuc27RaAY8sxFbbSu/8v6col06Wh2CR29mP4T1m5s0mk30cyO5pdqSuDEyKiM=
El2zNj3DC7ycHKcM6zs7UQHKuNeNYfFjnbrjQpM36Rbwg0cPHu6qVkpLGPkhBzEMujPEnpEdJpM/fSE84UHmQUz3QlEbk5SMovA/l5AlAm6MF6jgqxSlAB/gK4nKXz8HvXztYVuLmmUuzZ54U+wv5VAFF1Btppv+rP0wl539Id4dlOFzmRKl6O7RrEpQfcHBxf5G0NiPV+V4PxBiXrevDAQYKc8XrEfk3BvP7QfH153vXCUMRtMo+raYRjo1E06LZob4uywhNpAevsM7WLtSVA==
El2zNj3DC7ycHKcM6zs7UTQH2j/a1l93fUtcvwybq6Hj1gwXtJ6AWTDdb3A78TqiorgnuBh0jN9tpcGsfBX3/cdYLop67xBSt7crVpajNqGT1hcfZrUhRUiVZW110s8IRDtCGwqRKYJk5DI1wKQjKrYwJgZ990sIIkszMZ/babi3MrvDe0Hlvv9lQBOR3TFZb+U9G9QgM7TOD+EpRS5fDAe+cAH9+CNH2PWnCqGD+ZVNp0x7Z7huQaOdx3lauFFCq1wmxhS5uupOrBxYO+UN03sui5PnmahWTvb82sudzBhnf/9xkZtk8W7jnrziP0OHecD1v+CkRqYJMKUCSnPZYsKlHliCOg6jvD1ix3AzSVdmTpaklbI3CEhQNQ9O1y+krXksh1HW6BPCt9M8YY9uwbTzUjyWL11+oazbq5fOdKCKnzURMAuvEeqWwzrTB5mmBX8KZ/N3vWdcCDWeYhvoXg8d8XTIk5GKsMrl10GuNtU=
El2zNj3DC7ycHKcM6zs7UaqvhPeNxtl99ajAVnjPqM2ILeZw4FZ6c2sPVWrNOEBsdRa5byV3yH3pa5IDMU8djml7tGMrfJWKM1HZC6ztWmY=
El2zNj3DC7ycHKcM6zs7Uf3OdtIXUvcLrlz09DEzMcthEXo5eixu5T5i8SE1p0BMPyjc8+lH8j6kYnD3PWE58Nn7EJYuenlsX3bhKZJ+72aTov0J/kiyx62IJi9/AiLDUjHslOHz+fbZsHK7gobSJOODnn13N5Hp/YfQhkO2qSQw10ulMFkj/Z55K/QN8L8guE2nigzpu8rlwc8UVc6R1oN4joeBOod+49kSRIfDGT6fAVxd1YvDi1y+fTGaGP0bdkvrfXOMSsD1eXiF8WesC1X7AhOB4P5kZoqDPkKMWfZFw5T/cEqmkTR/LuoXwdbzA+PM/VuM3XQrrPTZuvhe0V71oCjyxf1hJbK83qCHJclGgOWLi8sfb5nMJj8++USLU6RE93DLJvhnbciJe5ZD5oJ5761G0kRtkBpWlveNO59A1lUQRtdhy5hEPH2bFQWnfJOZzZ6j5Uzq+WleVT5QSQ==
El2zNj3DC7ycHKcM6zs7UUjmzH1DkppeBGbI+Xhw3Wns2Nqfha9413QCQL/wJEUNcObTEdNOBOyJFGkoVYap0+zd473LIeuLtayKz4Nss3g=
El2zNj3DC7ycHKcM6zs7UcSLb1edbuOTruM8d3SVnOJTytBaioLrK8/N2Us5mjHnkmf4ux6qxIa4L7aUV0sDcus3/fGGGrY77ayeVBWJhHQyn/Abe9DH8mHPmZAIgV+uclUsoYFC+QMOdIxAkgXo9Zoyy3stCQKiqeJTJRqpUGRz3eJAL2DupWXt4Tuisj+Oo0pebmkdFjXqqlIR2VxtZG+vvT92WxmHWsH7NPGaw2SXBr1k0rUKeAO2SfKjgOtWa+DDUaac8OMdZZ7O2WA4tw==
El2zNj3DC7ycHKcM6zs7Ua+r+LECQYEHkyLHDoSfGD49cbJrEZFSI9lI41V/1/KFX4A69Ek635AeMInmhqqGc4xyrOgpXLOmq4CRVcqpt3eJbvyyuNNLqAa4AyiDC6zWkhsSVociLHcqXhDvG++yWK0FW58pKU0yifTDXGKPMw17WNPa54LDVEVHOsqXKn0p2FMEdJc1Of/LQ5JfHO3Bz8ExzZYW8G0CiBq8DRJNbwzGCR0/PzgkSk0+c6lzEJqN6o/aa/QuHXWWR4QFlNdPfYJT7Ejcv6/dmrMV7D85HkxlDmhx3Sh5mEOPWX8alfORyT/tkDYrC/WzWEzVwoIbqvlMODYX0A/R5WBFCEdm5retU2E3IXCGfuLwImy5Gnq597zOnQz/HJAEdU1W9MpVvfV54/jKWcMfMGceUHD9x4jeuImoZOQRoRoyEVVK6L2O8WlHFlF//oiGCZXt15cMadgPjlXx1O5OALex9Lim8Sk=
El2zNj3DC7ycHKcM6zs7UfGcVWxreddMPP3Y4tZKHEENaJCAFzO82Xg2BY836Io3xNwvv5evNUeUJAtdBZrosfB1xhGox8fdN65Gr4k22+8=
El2zNj3DC7ycHKcM6zs7UaLC2Q8OvDacCgMi9Wu9yQ058neQ0/6eQsur10Mdeoxj5iWYLT+e8haNVUvC2mXzcvw/JHCakzfWw8Kh4QqwarhxHPAjwKGsdsNf2MtRYATa9KXlVGJWHHzCpQ4mlI3AlFoxjR1sV11pP+cecCuVxuCFNYVMNSW1Q3eyladyXxP1KJ9h7vTjV4szIlhg1PzHBh07yzQYAcEzrvGvoTJermbRQu3LhFjk+q3XvIZo8UCD4coufR2a4UZpGed7X0aGJreFdi/atACx0PG6wVmA8zhzoApHED90svjIR+YOKuXkIzv49bRbxaTnrvJvTXBd0rj6pM+yELkAMMmPb5VzOkEztLi1fk2mRrLotjEWjOmH1MGEMniWFf5y8LlExBD54U08N963yBCaBb2doukJf2wl5tQPilYUDOa1AgnnqlcqHw8QRhtE11CjrnZtaB5iDw==
El2zNj3DC7ycHKcM6zs7UeWlvnMe/P38lPflLzNLbLSHeE8HGYFnIFirooPRXzhgJy2uNhknH5YnDa7/prEM/mtd4oDoyj54OjEVAkcekkQ=
El2zNj3DC7ycHKcM6zs7UeWlvnMe/P38lPflLzNLbLRXZZNBWZFLYhjtX7EtZlf1iyR5oC3Y2vKGcRwSpqUr1hxgxN29krMigyh7xB5p+0pEsKHJQq/QAcUekK1PoXqcWhdivEjyNP3WsBq0zoO04z3st8xyXp4lCGyiqp8bl0jhtTTCWi4HRD5zxDIOkXT29XSeFk7bjU5SWdw2d/DTJoVstbdozKQrpu1+XegEMIZgzaBDARY5YkpFTyzlqdayUUUq3LgzJYGcbh11a7o1oA==
El2zNj3DC7ycHKcM6zs7UU4hr6jptC4wKxWEgdRVnwgI4Mk5x4tJlenRpm2YCZNn0jfbUAay8hfZcec0oR4+GTO7wf/HF9A4t+Vai+CXH4+4WOTDkqeqSHlgu7kSHrx5F+HrZaXPrlrVwicTyWLr74b2+UGsVeZDUB6lLXgcJEhvS+9GBjsx2DgoTeae/8R1ehofEVxoZSjrTLaBhVScVu0S5u02vEgDx74XoVYEZQVTa+b+jLAV9+4up2D0M2I+ZmSibVXp/Mb1GM+fEYc+FjQEL+pyPaeV5llZOgRn110QuIi9Wr9gQ79pu1zzaBQWqIYjcYF6z004ZgczX0IV7Y+J8Gdv4VE3uGJHdwzli9IamWnEOyGPln/YZuqV/0NQgt7aCQW13iXvyglVGYvKCaTM275Yj9CG7YTW0/5Wg54SWxPcqTncwCQp/c1ZvI6ud+YPtBGKm7TjyVqcUKwhcnKEsc1dLpR563zYXi34B1g=
El2zNj3DC7ycHKcM6zs7UVFNcM7sE90H6wfMKcH/yoTO3mM+8ZswApYl16PtUCrHnL/nXVA2QR/xoT74OUptBfMKkU6JceGtAhNIP4YKBdk=
El2zNj3DC7ycHKcM6zs7UTu5X9GlLrJgCCWi9mi7nM9dAx2JF7DpXXVbWPSsCIU+4j8DehQRDIi7/rY5cPX5T1SA7hmQVNqqce5jHykaAEa947C2pdmuOSfoY/urQMQDHcaslBwQN9RCvAPKL9S5bTttDg0hY25F6gbY0d+rSuiTnklXeeVTb+Gd/JLqxm6FmcG36QCoVlD/0jkXyO89rMedxH4ycFCLD3EDNk4R39+dkTizCPNRD/+efS4hfnVsd1wRXkjeJJ5gELwwhG5kpRS92m2rNvRYjuOdHMhmyE+RN7llMMI4d2IBYHANTyrhH3pPvMHM2OCWvxQn4/byavWnOXAFI6uPDL1xD6u3gsdjcfQ9/4xjSZ4Ma3i5eLJIH2+G9lI03AojCHbVdwTSb8hvowqMhILTr2I+7Cdgnn5jPoXZ4iZDEncZ8TxZWigzVEfAyZBxy7gwOvi7asVMVQ==
El2zNj3DC7ycHKcM6zs7UdRF7xWRAtoGtgEaXUeKRVCFJXIhxb2Dx1HZiRw+BcEzlTN5lnS7YdtGttMMa/x6s3ePpiYuuD0uxRCjihXbBEM=
El2zNj3DC7ycHKcM6zs7UdRF7xWRAtoGtgEaXUeKRVDk/mfezi6pYWSZWqD23gW80Pj+dJt+s1bd7lKI/K1Fm7R7JwS2JAPfmOn3v6nGXerJdmy/iloBA9RD3q4B0KnHPrq92uDbgezILsDrbD5sogOGK9IZpBizaTigpk0pOpPPfBdWKU5wxn4XveQ7pFaiNdwDABEm/M/P+vxEZC/cgHbKWzVA/97544MwuvETcdw63UrjHogf/V7NixrF4tS+
El2zNj3DC7ycHKcM6zs7UYTSCHdfHtFA5kO8zz+hWf01O8M3qIghqmyVjWztOIxy5/YhJzO8QD0YqPB4Tnq5OWUo9u46C02Cv9TGw3Q3yZ442/0xS9Rz+dUAhlMTQjNOlwIjNJzmAS6Qnuk2cNgCVWo1Q5YQZ6kECvv8A8EGiJ+czo2o3KL6IhT9fe8h1aSENlJkvJTR9bL0oaX+Uj4BnkX1vSH74XP1T+xn0/leaI+i9XZu/VOMSgjaVM3/axh1SAwvvm2xEd2dOm5dZ+aQEioLvNAX9x2O4udLjjeCtiGGOFv2wJuSE9LaDk5BiGrKcYOM3l9WbSAWsgoTcHhxFguGgLIyVuZxnDJhgy9AveMOMce7Onb2h0MKtyLd3rGXY1lE3d6e7zyO6z6KJj/Bk6NDHpXheS1nS6RwriJqXqHqBLT3gJ2FPbFEd5SHK27+I7F72BGKhR5fufyul8/wbAsJvdFOjxYetbLaZMQgDrk=
El2zNj3DC7ycHKcM6zs7UXTNBEqcUdWjbY2WW3zqRIllX56XTdRJxgSbGDC9JC+pc9KYjVVz22BH3rdtX92ByP+o1nrO07aOaeEGxrNfMTs=
El2zNj3DC7ycHKcM6zs7UZoz0DJO5zWn85YiUsRAFlmcodTNLyV2j/6vBOM6PWQSYV9IUMv8zbFWV50ChHY3OJVE/qy+k5vIkiBvNBKfQQb6Oc1TQFRHfzZPhOFkzupEFqIBDPWgkczdmGYAJqqDJTCLnYdiwYBzgRf2HUtJYC6u3F3c42c8CuwEXxHnz2A/DRrztO5wPQwcWYnEnrcI6WHuDzeKjfng9P1Keyb5Xp3zCPMNieVteZb9+V0dVa8ik8rDaWe1RSox8Lbqz+XrNUX8YGFdz3ISw+Xy5hsZBuoRRYf4OLKr/Mb6qrcoOnzXGEKUJ1Oi0ECeAX/ywyaxWyA5J4doDZwgl6OSJ3L+7uvf+JFMUcoA8XcI4aHJZdzYq+5MdV8IsmMvtOWNQaweiNeLrx+8hFSI958KL2RixDna1gYLJnJthDJjHvYuL5klcgsf0YpQFn/Dz891DEkQGA==
El2zNj3DC7ycHKcM6zs7Udvne9/c1Vco5xGUct+LaidFiEB+ZL4fKCHOkscOAS95SEpZMRpER5l8WolospQZnH57Bcw8zzpRnnWL87C6C4Y=
El2zNj3DC7ycHKcM6zs7UeqROAsVF21cU+Q2cjaHwIn39W/i48Fgx1hclo+Cmg3LB8eVf1LmQjfKEEV0p6/UnFK+wdx0euSOIzkyazvg4feR9IV9uvinu9ntSIBIHJSQmYQ/jB7dpa78WDmcMrW8AQoihzTbwSNka/k1Mm4k4zpEejjC7FaC7ZqAIDEXLzl1MqhM7ol2Wk9429paBMibAJQvJOXSXPq5eNzf3EHxjXDt7MmgUYsHUB1ytG79oW6i
El2zNj3DC7ycHKcM6zs7UdKGHyC3V6nykxlBFZB3re8JTs4OYgSNSD8hj/9fWkx9NaoHxUTAj0r5XO0nxAQ5wnGZBcvOI93wCpv0wvQ/n84hU98RbJaeyXt6m28mAeGlWrxVx3H4H4H9aCVPm4RuwOO4IARdxqIhVGrkIFODTIzqpf5S8YJBd3JoaQsmBgvKRGXasBXJ7Ev/vheQCL/OXWwuYfkk+z9Y4NI4q6TPlciAW7liSS5q+N0/drs02rrkq7aWCr4aTUopQAZITelEjX73ENANEwsQagqD8MhwO3DxrYH4GM4/BYDv9hYvaipCqkVw96/Tm2rkiXuHif8he2VIfufzYvhbUljfgfgv1uYn+Z5DDDAf7oNAir6jq6Lo5rcP8gYNutc1ft5dfuEX+XhnWb6RzgbwQGB7LEg9/zE8P4F226Zyukb5MqOhVHk+QB5wB0kE+ws2YtdVIL2dcb2yKhOyDCu5tCkZmHcukrs=
El2zNj3DC7ycHKcM6zs7UWgSmq0X2w++pKc/eF7se7WVDJm+mdP7tKeyhmliumRlCB9SR6heGWfrOL5xFDdgZmXGVhG7/YIu0+NhZftwWF4=
El2zNj3DC7ycHKcM6zs7UQn32u9nQvC3AVfg+deEdgM8NA4mlwlQdzRPN7MtENTqCxeK3yCUDYvbCTQPI1s5PA/fQHm7pBs9jxPFk1Soiy9Kur/smk/2sCtjxTsCAnYj62zs5UgVmtdgBj2onRsauHKYSu4cG1VhbYw1Df5hp5HNY/QsnuCN27e+AA+Xcf9+ntJqum2mWUaujeox5+HDHTc0PAA3pE9PlOqvojVRr/QblMqYBNR2LWTfh9UdzMMBY64sAUUjrHoVMcu36FGIeDWFQYHSQCW830nq5ul7xfhXSa3uuHJLx1GQFTP60rBecMW9fv5nZT8qjarwE5AnpaUa/f+IYUlr4TvX4mZl8zcQip1zGHtF2ZPnuUxNMuZy+TPcaZmwHkot1opvqObkmYWvP2kD2fGs8I9h+yG2uV88v2WFxXnVz4Y0S4ZrR+FkzUI8gDFooq4bLv9fgjPKWg==
El2zNj3DC7ycHKcM6zs7UTvXDX0YArrdbCNVKsthWapV3eUaFWkplBGEKMZBYeSxV2U97Qaf3t4AwYDqjt4XPKyYnUM5lncR2uLmbO8r1X0=
El2zNj3DC7ycHKcM6zs7UeugzOSAJ7aJMWfg5G+zKVd60+OT1BR0oFKY7iV1mufPnRHJ3G9qCzMfBgE9uFBu6s95WW5Y/kgDK2JyZe3su4mIMxbckudvkj9d37hrThmeC0fR/SyuBXBnaBLEZ/PijTQpbH72xI18jELl+kisz/qRTc3ut2JF7aN0VwpSmOmc8e5UFdO2QhY8Zl12mOIYckBJSw5nMeq94a0syd5MFyesLMCcKSk/PLW5c0EPuuPyeXH+/vo+/+oWNQjYgNP8QQ==
El2zNj3DC7ycHKcM6zs7UYYhfPk1xFCgwRmQpcMTyl+nJb5FG8FIgthO7qavfy91cVMITQ7ynDwktaTPr5zzn1jEiE//poEdcGPpcd8fHZYGo8u1t8ZZhjWB+c/bey/HRgS9RBYyS5JCVJt0v+M84i8cEoSIUkZn6Na2zItkMdOfsSDbDTtEpdlpFjPGg4/1UbcOLe+igYXHtYKW27KAgnBjYlHulCxOQ2uYy+QLCXyJQF/py0SU1QG9YPNGXGun2AB6BhwwYIY9SvDSKQE2dJgjqDS58bIZ+fgaxdo93eJ+mkLzVRd35s/Hzwb1AvGNbLrsbE3GvgjKRtAZ+bnshmbblzz2resEtL6mgxIffT7V5waXnt76UlXqT8Fm9vuqpfN3svbQLRoKobG7+lt9HUECt9fi4gyO8guzQCqUD61KjNEucecEVGnKfOw+5ad+gA3Yofp/wT7Gvs5RzYSy9+ohOY2ynHOENAcwm970Ofs=
El2zNj3DC7ycHKcM6zs7UafLRvzmIvVbGp5hvF8LcpdVrO2NyfmigXfFh8CBnbm7xaHxJqiIihXi/3ln6cVX6gexGxnmwgtBrP1/gvgHlMo=
El2zNj3DC7ycHKcM6zs7URFgF/96nBm4zF5wGj1lPdiRELZaUju1GWyfzKqJ2jLj/V5WflpVE6tINMH8ZgZ0a50509St6qf3Fe+dNCxUVXOwM7GcYnfz1bfssxdSq9aLsBbMrCCjgS58aUBWbjEoTulOSHl2+NU/IMq2jaG2i5VKojK95SCGM20H+vt6wrSquEYK0qBtmzBG7EJObmo29Lg0D83GxNhXRS7jENEJHltuxlNaoQ/1aLNI6ydKrmDtq4nS8OIMQkYhsyqIZ4BrEowV87wxW7IaL9vRV4/ZRLKiYNfbcCgeq3IGDotofQUsI+zfWdVYDyu6EmXHrQgq0nE1WUyQzdf2oIV+vNnzfd53rIFYkpx9qooBNaVTKhpHkA8BMsoF/bxj3gOKhkeYDXq3l/qK6I7+NIewICi+CeypQLlS/j8Yv7Iph7g+UEHX0rtuQmfa3iniTLpZmHx5oQ==
El2zNj3DC7ycHKcM6zs7UUfxhHHvKtsqEjctdgc/RZ9FXHonAEXph4DIgHNNnS5uatK4/UC5nTZxYAD/lsteBHQFAtBxQGysJ4l9lpOuBtg=
El2zNj3DC7ycHKcM6zs7UXH9H+1g8rHJUwp4UshxNOrYlT1+DvtdmtPt9CDtvQk4Hktu/iRtFm1CWxzVbr0+Hlr1PgQqIblOyhldhBsO1xoVQDoxI7hm5oeWNtYfvlXzO5Rl87bMRhVv4ym2xMTh+FSRnsbXGyvvzn12w2HSzaRmp3Wypz+Zq2trcq7FxK/5wvJlWgs7q6dtJ9j1iBfn1PUJbnqOJcdTO+xezxyw7M/pdn0zYB6y8OVmmcQMIVXj
El2zNj3DC7ycHKcM6zs7UWXzS7EcEOeqJf8NhdJNg0vwkqEufG3bXv8KNH44mI/b9b6XHOCY+rOzvDGyKfPAql/i1ed7VbY4gnwagYTe0G6SPHUAR0nsHBHFX/ilQjM8rRWQR4R1aSUcn0p6uOEEp8zw47ko65GcGlmdE4eynEMARVbany/bH+xsGNU7FqJARW0PGQX2Q8bvpVvW+e4OL+24ODxu+rpqLP5tA3gj7g/jBE5o13YpIQBfFdPbqr02tvlzbJrlX0KFegE4f2jUt3ekr55u6NYh/3EzYCe2dPxPX9NfCbfjUpgkPDroO+3XakN44zUkOIlUKWX0S7SBjhYd21s4u63+VKp05DegGWfb8ySlwv3B1d4ofp4LitQUn5hh7d3we09GUy9C+OFsJTGycLa58bsubv4KIKpceZdMbCsjr4U7UTYMNF20nuJa9McEi6R51Iw7ji2kxuCV7g==
El2zNj3DC7ycHKcM6zs7UdEjRKPsUSK0D6Kx1hx+e0YGt7E79qGaDXks2fs0IallWLhB1tW54wY4dJ/JV2JFA5QoI8gdsaKZPe2NwPg8igo=
El2zNj3DC7ycHKcM6zs7UcE+vgEoblDVV9T6OCQtztB2LdrmfoXReu45ezUlGRI5LPsbdP88nQWjVCaxlmiEmZVcvWM69SY0NbDs8ngXrFzpQ9sAltVp1vtHoKQIRvXSdl1We5WZTD7rBuS4LC/a6+gCG0dvYX8Xtuw4EJIED/lwWTCCKZWl9BdDDHKZMOKzObKTuv9p3AuauI0weHuOOtxps3NeQELvcR3FiCP0YQ1exxhCPBtQFD0JsTlTvCKMrQmDraKLJzlMVUeC8/ZeJpbMYRAfUeDbiyTy4IrjTaoDbBZWClb7kXd7JwfBhN+mfTdnH2usXsK42TdkB8KKkJo/9KS/4NNf7J16NXHf1IdIHqCq3Ctl4qaRodcVvEy5qr/KwjKIMUVNtGi3SkniYMSYxwpXJAwRe/IcSfcGzmrZDJxDJ5dM7F9UzMP3njFIDGjOPraBuYzEIhn8mNQIzQ==
El2zNj3DC7ycHKcM6zs7UWUYSlqtX35DEq6w6D9CaVbzNgwIgA6TCruuWK+1jJgIIvbAFmCJaZCRI3Xp0Jf0uCgcZZiIe3aP282tbWpccL0=
El2zNj3DC7ycHKcM6zs7Ub8R8nFkuNi6RvgerVCFRcfS0i6a450U2zq0DoSi9Slol4Dq+MTDrkzI/qYOp1IE2PjaX3RuN+4J2U6xDjoFYh3UnjdgaQsk5L/KR6ji4Ag4OYagxx9XVePJKVmhVN2PP9KOAZ0yU4aNRSsu0P/yUylnaOl8FTu9Rhp6btcAOWTIeBTPJdbx99lX+Gp6fhMscZx660IO/+snJsKeKLlg0bkHtQ2sez20vCW02w2cetOT+eLn6iPX9Ou5YG1/B4pmzg==
El2zNj3DC7ycHKcM6zs7UbIeQwdWiO3NRj9mPc/3eRegeGiUO37BxawUrWUz9o2hKgTzHXuYnv20y2j2SOJfzvlM9W2Y0WWdolQuvd6GQhrP+ULUCnCm3jErhf87B8fuJTqmZsN1gyh1XIvqc2tMpl45nE05azZcGDr4gGNXOcoppwks27dZr0ryrkZbtEH7dZiWHPXjBesKHoZ23hWpuZ9k9LisC1dT4SwTs1IgonEAno/Ur28sdROnecB7nTV+w8nxpoB/tar5lcHCL2on7/T4s4Yfl0GDKBMWkt0s7RebaGR2z/hsmSfgYj6nmq3GjWaL1eRthu1/uyNYkC8Ukjq1XE/5S7VJjUHqLxFVVy5f4/Rcp0ILsU6FdS/v7kgmYUNzA4pT6PmIpnefRe8qqLYnuYnDZsx3suKWx3h+89mWLNVnJejXWoIfqWALxXG2+ZMBQFi7xBb+Z0gBQaHhAfVxeqx5KuE7p4xzqi2QgHU=
El2zNj3DC7ycHKcM6zs7UXav7h49Am7xYC/0+bYZRx3Yi7gjwTET6vkR/nFOUY1HMkl5hsmhCyuzDqqtcewxj2Eqoz54MoUBhkkqFAcY19Y=
El2zNj3DC7ycHKcM6zs7UUXQHqkB3gD3t6Twey4ptNFSIJWQ3Y5FzM8Pgcog0yumXNCc0sDlSo+Vg8+ly67bG2FRjihWhbQtjS0KLdw4F8cXq4e8MMjxkX0Q7axzu40V1XeYeErSZuB1jwApc8isWDh/J22rtsO7AJ9mE2poVf2yB9fLRpgNBMHioaTe36wRSxXhbIcsBBtZrGjYOH+hhDutzSX7u8nYUVrQV/LhQVzVovDoY2JbJdOwAxrbmF+WnVX+H0v6/vdS67ksiKpYFOUOSqSBDrfAi99guzvdekJEjXTYtyzAva0nZ2dGO5deY7Yqd8zGY3AAyiceEswVA+UEKMKknEBaHJ7rdRqUXASZISkcRNPqJSkp/q6VdtY6MJuJ8HdgUT/n+oaWm8NIkr2OmFTj0hvRbMBfwTPp1lUAAnBrVH6nbJKERp8PdybIP6T4p2nikvtvwdvtV56abQ==
El2zNj3DC7ycHKcM6zs7UWlyOjHwgMEs1ZmGB5l9aQBTwT3hnvgYHrH2jiig19lHuINORZsxZDeFBGJZtFWLPgHliSXzSQyih6m+mMqycTA=
El2zNj3DC7ycHKcM6zs7UXtL4zTsn1w8UnhJnZEDE/4mqmkWC4YiiLV+2C6p3c67hd+qGXBBL3LQ8ha60/dzpBEGgv8aH3uF5TOWuJIxmE01SxYsK9+KkPS2YxUB5rqul6g+Taek/bwGiTgt81OZXv90Z9BBjAzZHWtM76dkwJD+r/DvVFQXLcWDS5LFhR775D4d1FcqF2+vW0HMEz/GCoeJfCvwiYgmUKTt86ZWvtZ079N7g3Zo4gHNbxB3TmhU
El2zNj3DC7ycHKcM6zs7Uc+Y27YXY1GXSwa4s8bVgeaSzbhXN4oJ0WN6homHzIoShvDLtWTqEErFkBjiE739Th6DJt9WWXLG/CZ1gogvlzstCJXp1bw6u70tvkuAzo89FvUdz4Cy/OGSwvXxPuTPs3NIyOLoHwKGaifWFlXjy6M9Pbj06/xQU5wnhI95G/y8s6km4VfjHkRoCeOXtD1OnMqfUVW+sFhzYi9xqz4FtHtPpIfIoij5KIwGiFuC8qGwGrkJ3OrVsM863zvRgaR6Lqomn/6z+mVeercQkef0ToeP6tHU/zLYvi8HcbeEBl4yd+TWY8iRKqgdQnB2LfWsENUGA+I/k2tfbWKJzWhW4EGVeObMtM3BwOCS+RJ9yq96Rc2WOBAFAyPkGaFsqXWLbYs2pWMTYiVVO+nXzlxHqGJ0hs6pe7ZgKTkb9kcNC9RxrIoUZyqxd5RKHza2F9SRK5Nca8cTrOZ7ZiIOUCOtxLI=
El2zNj3DC7ycHKcM6zs7Uc+/u6OQYwfnGtqUlRXoPo5O1uhCt1tKFmKk54N8F5/jR1QBP0DCh/DAj3OPJXChQX0WaB12Oxrq/GTkUB2dI38=
El2zNj3DC7ycHKcM6zs7USPOMNm5syR5xhxuf96EfnXn5NHTyNxxA0Y1n8Ha4i0HpfISlK56RR8Re1LFeuG7Iyhv8Oz2cjrjplAguGGlz2x9ZyYJD1x5lmKlTWr5CJnizZq9y5bvymdTvTnqdRCtVwJD21LlJMnPcK0w4sqTiNWMzHo70fid03ehLcnBx5f1vdfm3IoL6aYKKNO4lmECl3LFK1ItvpsOHNHZ01F49xlFN5l0Tq3C40/Dq+eMQdzaqdXcZnEBic40QnVo9T7zS6LCEml5W82nPWlXj3sCkr37v6Te3vQ/BfkQ2dVW4tani6/a0vdgIW4j7w77i+vOLlYN/YlC3HRIbe3pZFZDMwF+outmP0h+3v0kxbaiTxXMgNfaXFsVuTNicLOcXi6T71lBW5O485vlbHcZQ5DqGocWOW99wZsNFgr2+yLtF+gfSb7b8SJFiXlQiUK/2GeadA==
El2zNj3DC7ycHKcM6zs7Ub4zgFLDyR5tUN2WsxhFjlzDfIaUZmVkpMTcdTUxGJc65va6IuKFTPb0cxGlUsinu3KGZlZjLc9/1INIMYJ95cc=
El2zNj3DC7ycHKcM6zs7UZPo6dlJaN/DOr43aB7AOZWzBNlbzAH1b1RoCRrHn9HKuDRiD+9Talq8c9Kgf4GGsyDdAX512mHYwE22YFzxhUWu/aWcIizXr2SScLkxnM3DD3mtFsTmwfwERlaWCok5fFXQtX0JlO7eybRZW9ocWREVqtS9ZNTkVEF9T5Rcgvsu9snMBKNQ9RNzKgH8kPGSpfefhoOydiAtX389ZeZRWlgEm3TCK7WSPgepvQCSayn3dGwTHwYP7XyZWbP9BmyMpw==
El2zNj3DC7ycHKcM6zs7UdK/l4E+Kpzt9xGmu+sgndEjxH138NuNfwLARmIbFRcgS7GHddNBZO/bt2esQPv9Tij6SxyavrAogkpdvncl8FjREYWdakk9v2+gkUlJI3sernJjvMlqaV8CtQwKU9jLqjRRBftrcBuUinBLMaLSJE1bC7M8+iNFWUAZS6/dREiJxDdSPvOjpJplpXYW4y8LJyr5IR1TzRP46yi8Fb0jGv/1D2ELx/6wvsu/fzvwWuzAvApCEzD8J45Z9584NpPV6SDBAjz85yxMBG17arCv5KU9wSb6DvZerQkZxHcB7riN0zu7ElKlFKVFDqis31wE/yNZdY6LohzET5rTtHePG2AA47QNPf2B+Na2225yxal3om/GeRfT/YENTkYwkhwwOI+eUE9aTNFmYT/4b8LA0szIscgdRpCIOcB8z0znHJl5bsGh01CNUv6R6VUIAMMq/lGOuyBp6JiLHw7EvEv2qc0=
El2zNj3DC7ycHKcM6zs7UeJCkOrGUKPSEqIlUtUqIpJDuY3+et3Xm9e90J6r30+lrPgX84/1hVKLhWbWjBoGkar+Cd9BzZpiv74DbAO2Jns=
El2zNj3DC7ycHKcM6zs7UVxvZrrNIVsXEM+wJVbvusqQn3hFkJ4oB8hx2lQHQ6ezn85+AHwAm1W5v7mohd0Tb0IO+JyuufUiJBri6kb1B2VWQDJPFmJQVeODwwxjGTQLtjO99j8xc+UIqPg5jMgxVIfUARRL4oMFEs/D/joBOQIZGw9hliu5T+vaT04+nxjaDr0cnVKbEHlKnMLRUpRJk/XbqKi0tphlXgguFQ6mZPd5slrVsnMVP3cfgLfM+GE/BseqDtPCshLH6PpcV2yLmhBdLD7wtM++CqbewxTGO4o/Sy/Vpr2e0GKliS4fm9QLbXC7yQmmGhokL1SFZzXPApScy8Q23MnVU+KKs1Z3x5PDk88E9vJdjQKcyf8s7nLk5zIV+58YNgsJtnoUtr0lPLeR1w+/gdjM58Qzvzg8ZZSE5aa2/UsIk9eGRiqjXuo9GtEOSkiEXkKz0iM3dvTKhSCqQWlbz1Bu0g8Vv9gerCc=
El2zNj3DC7ycHKcM6zs7UYgGpaBoeWxF42tP2F2/VN6LuKqj8NN9fn097nXmMOKRUBPV6oBVHDnD6AP5uyrn8GOfJsicozXrZJseVodNxt8=
El2zNj3DC7ycHKcM6zs7Ua98klPwDR2LRyX1icZDc7hznHAhbHxgbn2BI7Ag8UFnw+E9ZMoRNDjaqbtkXOwrrLAt42OZG0HrhZcTCLgxYySsSe+lt5x1RlNXD56u9Jv1d8UQtvOS4LeDySiQ99PbQNyD/1oxkV/HVn9M/Z3MRYnu76MecEUUY805SEdTMUbZvmwbLQBXlk0iJhGLopd7pK9OcIqntWUEs3EQ8++FDvS97MUGSPvgOZqpYk789byruZVHWp0OZoAIlwPfZSEtxw==
El2zNj3DC7ycHKcM6zs7UU997TRjCXisRazur7tcNqqiRaKAPDD2UskpWGLPAatE8Zi+1Lb03bURnqhVXXiSc9om1s9Lyy+CkKkG+Xbp6RIuOdKQt6ASbFhVh1Aqty3pRMNBAliT9nkzg3zJIl8znJpDuWiD+3dtdj0vNr0Uq4JMOnFLNG0jejKOLzsZoW2Iojcs76Azn7bS6T8ji7IU4kZhFstXm3cXApsLcwK5e+0WwtZFfP6A+Y3Tu8hhRjQkmCSGoawTZj7cr/oFyI8Q6zlrH0+SExkGlC3yfHbGQsr9UrH3++XdhdhcWAuxgFR/L3fFCSBPw9lLM5VCTLgUfd0nnSkOXv1BhLb+UjyUctDaL4gAHZahHVwxUH8zx6y3NU8/kQ4XbMwRsEdJ2hhxWN04rLLcm+KQc0i73IMzUAP6127ZGewWyWByIHj7hq6b9y1XN7WE4J14DZRYi1CllrSksItGDb6objp7KVJ3sQM=
El2zNj3DC7ycHKcM6zs7UU997TRjCXisRazur7tcNqpVL9IcOizY327MKpgTd8cwhAYElvqKbooIwh7MKAKz9rUscwES8bPrNWNZqJLTgsw=
El2zNj3DC7ycHKcM6zs7UZ2rzO1BWkvflYXoBq0zs1hboHrKXabhMGMJUyB0Az9TJF/kYFCwUtfsOLAQd0KH4puMZMAEdTqREDCJ0bKQjwTFdpr5Nw4lF1JnqRfM08OHF72kfLGv3YlaRb+BC1C86mKvEvksd3rKQHKVeUqSa/M0UPNeFH0FMrcsNUfg1GVzNMnNx5wTq8Z7feIOUGc4oamFEWFqX34KgwFjVeWQpkXRHTSHWjFtXQBIumujUN3U1fZ49vIkUE7RQS2w8lx6EVoZd9M2dsUhwjrtUw2y9E40nPeb1abBW5IrPuPeeHdbvTQAYX2y22d7/hkTiBuRSOoBWkHWdU1xlDl+NRskETihTGv0JoUCa4bfQ6w77rB0ph5Mz4GYGTWOYZReytMV7cjNL+pMCSIpdpiKXGwRxAtMmd1TTwJW/fXw6eZw9O4geJvyWBtpQ21JJ12cY2DFyw==
El2zNj3DC7ycHKcM6zs7UeQVf5gyIFxEmE8mYD+PjYYTYig63+0t8qTmckHO3YWL+3Fv+pb+ZmseAURTCpG0RdF5whFLZs+TKkEPGIZYUtQ=
El2zNj3DC7ycHKcM6zs7UW1WxsVLh1pvAi5da7rHtR7Hnmo2kKgJfq4bmh+q22e26NvzAG3I7BqeaxAuINvkipUh187QrlrzwoRifr3OzULkGKrKvgXxM61vcruxTk3aiT9Zu6pldXFfvVSbj+vTFPpQxQh5dLVegRvBylxGetwlw/kbA+Q46EAHS4mR84T3CRVMg6w/ndlfMASBnLJco8hkcm9BUQHFvaBc5bjI+ZsPDL7McLsNRGKTu5qZIyJjvYrpe9Wi8ifJNBwul3jcqg==
El2zNj3DC7ycHKcM6zs7UWMU6I0D+IfeYzRoWtGdxuW6N71iqVlJfwD23mWBvCbda7j0LagCiFrTizPK5UtWceQAwQPXfvdHHBf3GR2eX7baLvW/1bfFSReYc4v33vidTL2IqGDsisL6lwm8Bg6eJQcqugnh37gwAYeiPDD8qzf3nlofLcJCxKKAfyp2YzBN1LmyVd25oQl8XCbhmynZ89607PHIEqiCk2JxATfcxMU49BN9jWYqei7w9OX/M1H2/7FiIyWlEVG9k8xBK1aK+tyaw4GSsJRYBKiPAhQPGYHcmt7rqI+hrnFV3Mh/TKsS7XisMHwJUWdmStmZyqKPH+VWHPUfwF82f902AB3QnJZzzJcv+vwVDjmTyV4p5xHM2KRgaMiooO+dNH14I/jpPM0ncmL+vdjr42ldeLbH1d+gxeAdDTMVezyq/dqGXiP4ZycZcPwHUgHBxkG6JwhCRQ==
El2zNj3DC7ycHKcM6zs7UQtaMiabWFMjA0n7ivKwbz7/8pe2p2OHGzEXJGagHpgGGB2m63I48g80VOE6G+/ufVkGCZ4T/QcVfYIXvxrOdkQ=
El2zNj3DC7ycHKcM6zs7UUVPpdf2olJug1m6LGHfcZaV3zK/bVl1ry5I+cnfgkBOPifxFIrN/qd1nGtlOaLNw411M9UMdAlAisOU2JrJ3dKD6L9tXgFWMsBMlXxK+MgQKDJOidIu1oyE3Rmw5r3mmNKuUcRxmFE1n54y/BKmgpaXyiwrrXgW7uR6e9YBYJNsGWmv38TQA0MHHBNGwlYWpf73Hiy7U3HvzJSEFepvpzLOcrzMfUpyLk0dYVZywv5UPiSoraXajBqSvTWLG4Ib6rm6nVBaE+d/ZUF4ACyHI6l+o0EgWT86CqW19OSvrJ9qbtsNKXtMaWalf/di0DcAB0z9SN1sW12r6G0xqKrXtMH7y3quOsiCes5P8mmjXzIAk/IoX6YQc+yaFX1jrkcL3VlfzYMbx7Ivjzbr/UE64f+LT+63lY4erbC2GoQHyFI3duLaRc6vORjEnQi24dOYzg==
El2zNj3DC7ycHKcM6zs7UYWyWapqWWMQrKnz8eQ2f5RGo8tWIAepIUk7zcJ1Dt7lQ3Rw5vPnNpTxXlHBt3kx0wCilqEgmVS+c3Vn204dIlY=
El2zNj3DC7ycHKcM6zs7UahNETDPLZGU9fYdVZw+HCwNOfHq+zWunbNv/fDnnnQPZcSIcnPx9HCttiwv8veZt0ecnpkmK9+IC0Y4VwC0A1mT6CgB6ruryzKwDQ+3c3VKckzb9reFWPdevJtHYlaiWKkCbrHdL87O3w+xAu3CI6Xnix5x5ql66Vn7SkwspthQN8Hp7rflr+twzMiEUcDJMxZ03V8VBKubBCYqomZTP2j9iQYH5xuwDbQ29FXbOZC7HoIBeTTxJoeLQyDH48qjBQ==
El2zNj3DC7ycHKcM6zs7URNEeWOFK1+hk4WIafL5TTXKahFFgIftj61CEip9LEwRONvuc22U+6xqvLOmTnBRXKB6w5oWrIi0K7wW4RqF3NgCYCViymOtRWSZQV4/x+wBDHsu0MJk1VF3ximlLt4ToNVRAjae06BabCGwzLcUC0F3K+uBv7AKLEnWGlmIxwDa28O9069GIYb8gzTXi9VH0REk8Ak4aRYrhk8aDPK4ch/wYpy8w9kZAB9y86b45gCKjGTUZcLik/gDEyrfgiOacqV5/PUI1ZD447C6Y9hhBP/U7qmu0wFwp+3PHRXo7L+71rOwQrGFpzd/VNldTD+tKezj+l0ofXK6uJeZp/w42qs/YqAhpE++TKMxfm/2BAj6PlVDdWZH1qZArCwmE/lR4J85oGjbejSBquq41dRBMXEW+SW2lK1u8AX5vyq5NrOBX7xivla56vzH6eY3sr0Aqw==
El2zNj3DC7ycHKcM6zs7UYLglooA/FS0idMt5JRfjuGH4jxTmzX3IJwiARbS+wyqCZXJOcB7XEi1JR3H+mbEtmNEEs/tPXQgWtIHvxBN9ww=
El2zNj3DC7ycHKcM6zs7UaKZzTd/0WC4voCIKzRX+xvkVUFojZPSEhC1FPdO61a4JCVYGoYErRGkk8dmw4sn1ebnptPAbU7uN7wBwhhOzZPCaSxf30fwuYthR2iZ2ypKST8mrs7H9jBC0kEqVuvDcnUmRanqr7b6cCKbUc0vvhb5QeTc3MsikEPROcHlqT9+45yyQBMqeKxSaLmkh1rDy6oLmgG2qyfFNhVIXFsvO85CGDml9viVdv2cnwXbZowp1SRPt1ZHAAg55rF2hV17BP7lhcFYIc3aELZWSSGvoqzHjCAHfPvhufCf3g7seKyBj3fKFrFJP0H/rBBgSz2yvhEuikWsQ1eAmyw+XQuz7gJReZGqyszKnOy/KaD8YVpVOto1dowcsv39WF4T19MLAfJbXlBaWD2ee8Q1r9BuSo3+ekKrMffj4NmbjVwr/lSk
El2zNj3DC7ycHKcM6zs7USfwdLyQSlJ0qc1E2T8/2x+KAre+1R6IykDIf9HutvIzuQZh9YZfAiEKhHVzjoRSO409ZAH3AWtJ98kdjx9idCI=
El2zNj3DC7ycHKcM6zs7USfwdLyQSlJ0qc1E2T8/2x8sNFN+qnUI4mDOz1DWTxPpoCihdS3yyDcOQiSxoorzTEtHg0nk8E78/mGIrdDhBuJIN7zVbVodY4/RApylGPtQGRei6kJViLMmIgqtqDcXS2M9ZDiKaKtHQ2ROrwkdjDynssixLyo6B9QNkQP8J4wa2OyUvV5DubHEp/Zud443S999Oj8V7rMZZoCiIfceG+f9b+6135xFO1x0XCujGChu
El2zNj3DC7ycHKcM6zs7UcODWXckskIkhtQwf6b0JjzLTmzcWQscYdie5aqRKMF1RSqECgMLpx1h206ASkbNGX43/VRAxAhWwF/rX+ZdxQi0W50puGOFLMO6639HGH0rGuEphwFkP7HJAazUvrdFWLpEGtX6ZQoiD3CQ5Hf0V0UCZGVmVrZeTG6lcl6i4QOP8c76mCBNaIT9t/kKkJ7z0IN1QKn5ea5O6KpQRFXKmQeECHmhmBZh0jf7Msuf+UCyVshpTkQE3U8LrvBo8G9VZVNGb7CwSphKzp2L3eceiNRnE+9EqQmW6CUtfnWPNy4BR7yhyCxzklJsB1pcD/jm8zcoCK8pXAYC42nx/Xi7f1PeJkI6WW1We3tA/tDw2poV3EBmyJkIbs0SuPaZe50/zpEBDySXzgNn3Jt/CBSKU4r0jRc4lMK1toKcnIp1feSF6mJbfVkg0A2dMQLsMF34Iw==
El2zNj3DC7ycHKcM6zs7UfpiyC0MtmbB3iknfktPIT9cKNE1QRnISy97ShuJPEELt4EF5+6WPz7/g/+7VBmpd53w9s30jWhMna+gHEH18cU=
El2zNj3DC7ycHKcM6zs7USuJHPl9JnadjT4TxPQmSE6k77ioP4jz1JN3RdVYCk/dTN4aa1iRcHeBJ24a3uK60xmgIdN4Pip6hP7Tf+ggCFrxk6cJUEvqgaQRLzh1sTbutc8odMpnlHoR/c8Kkrb5ZkVn1ZqY8ZnSvW0YqQadA9IeYXt0I9LJf0wLTBPQLjP2ZBEm6JWrUxtega7ve1ZDV8xWTSSXB75GI06oVfOb0v+ernQp7czhd5+Lw2wdKgIlXCUIeN+mICwM9HSc4s3yEoro1nTf3zzFEX1WgQ8Ms2gyhrJkN8YX776tS5aP5+Vi4ey7rzcLMhIrn21Mr2kihazGBr08OCixtgIUFaNa+MMMW9BVI8Y0zD9qifF8ZfHJ9ewgsiwO3ul4dckw9F0e+RiUuO1Z+ghhYk2bYEYzyDTnTes34sONQf1XAKt+MWC9
El2zNj3DC7ycHKcM6zs7UaqOeYXSvINzcBipOXKHowheahypYm7yGIeM2hFhWAVjFMfafdIt4IUxrsYoWIp0v21TpaKJP+Z17v51ZO3yQGQ=
El2zNj3DC7ycHKcM6zs7UcuHvduloQxPQUivbsi5DVk0Rc9bkxsYP+lgUhVVmKgax4T9iecS4Wa3SEnuMmW88sCuL6e1KORLhWpRqZbHRKMilptCklRvIkwqXVhDBppWRTcus/UkqgzMEohfsbsVuEOHckbfsWExOL7HImwZP1IvfnD4fW/mwIDVHAPDnhOOjw/9yr/g8jX+mtCpI5LOUePQx6yXOscQOLkXElWxiPMhtXPugukiV9daArdMoN7IQDqUdsb8dJaqu9pGROZOYA==
El2zNj3DC7ycHKcM6zs7USHoAunEQj1Qt1G47PVQscwSMV3AdKjooK08mtH01UoKX2Nzum76u0toHJpJjlrIy//u56LmDgkHhggeq/95MwtoAU6GvsYTHtbMPMZ3tmcRLWjwN8BTaGs5VJ8+hsl7q6whZCzxMcT+fAl54f4isei2Vjx/Si7NcxyareHR7qqs8EPxHQb1puIdFDQD8WRbvF/m8lfNZN31KjnA62NfUO2/JUQwJKGClfIORT39kOMEVPJzr1F/0RtdCBdB6tZUgXhzEv/GziIHatQ73H+Euv0UEnvUz96hRErmP6jeM/LjvwY7UQMZp+txeELlXbMd5GsakOid507uISkGg2hgP5Ts41L08Ip5yg3t118mGbTkaqNgpY4FyG/KHmWpq/+Pt2jkbSy36AXsj5fvvqq87juE6ZQ/bll3E98V1Vlh91TNFu/2fchKcUZ+ZPV7/bhfiw==
El2zNj3DC7ycHKcM6zs7UbTsaPVbywbLVGJuEbyVsCgGPTjMaPdBmWCX6Sx4c4e9SSwA6jfP4kxqpQLq72ytpgIyrucACXASKPiiAwDUzlc=
El2zNj3DC7ycHKcM6zs7UTVlOXUrtXVBXey0IQEHyTSnHRGwTQ1PKsOIM5JlD4U6G6/739CG3S110TAVx4qFvrb8uIXk0RiqXNl9XspYsFgOIphTf+8g3b4k6P08ZGFLFbWlOCs0k8eKbCDbyzMGmRiVhZrw3NK3R5Lw9ieiO8kajBD6TK5AL1BpUxrloc9Tb4M4Ol6kdC6uizaWucQIANruhL4z0SkoDHesJRzWId/qmenr4sgHKVle6QUGH6+uxUn85ltN0NEdHelWXUv7OV4Kow/Y/DqvR6JlR9s5Dnm3kcdv8vk8ETeLb8kJiELYY/LrJYHI/ubBh73+pujvYY8ofDzK7/4w+sTzclYhwHvsB9j+6okSPCOAUaURSqkEP9JuzgX1WLsjzEP+VNXCPWfU/fgsQhN1VtcFQZOpTaJ7MLVF4ZxsZsTiiw+A1wSBp9ZIxCJDN8QMX0UeQEtjEw==
El2zNj3DC7ycHKcM6zs7UXatqfripzHs/PoEgxhcxWtHqFrN9ATMvIPgNhkLiw9/gyYLAI8jq53rBxPI58TuXHNzmc2V5M4Wr8OyvYDUgBw=
El2zNj3DC7ycHKcM6zs7UcSuwD819fEkvvarS7qnDj1NCt6vlmHRDdctbhQagcTtoxaFk22rHqZTtZMGC3TtbqAFQr3H6nx+UPmQoWdiOvPrzDV9lYVaMdEqIXkMjY0FS1624dcSYoPkkHMqFFkN582fdsB0gjzfyk2RSvUAtWo8zA9WJb/+Egv6E451Nljmiv9Iho7N1Z6Z68cXnx3LCXZUDloJMgx94r2GurGohGmfSech07fjKvDKBRZJPqjJRWhmSI7hZnAhqqSmeCq+AA==
El2zNj3DC7ycHKcM6zs7UXDCJ5+VzafK1kvzPgxL9i2kCeB5sF2wU15CrSZNQQIizhK589fyCWSfVKUoY+yFSOKiux7VYvnnaIBr5lUmQRzVkwPnO2ewDqfC3URPsuFhLsC9MREUBa1tabpOa+bqOiJQgza7cuXEqpkEI8AiAOrPbqlcNRabH/onXBs8QYZ3T1Ecv2zNC7FIqaTG6f1hOLevzndI/NQb6hFZEMZI6Au63OYBMucvbc9vNWwa9WDW31obsqOus2+FKFd/bZywJVKws2rAUU7UpkWyDBVB0WbmdCWfLgeRQwx5PweWaRQAUUC8a7bc9nIyKD+oeqW2l9sKycCiz2DU8085EzVnluiIf+KG6coc+kSrsqUFgQ3MLsNztitzEANulbyZ5/UysKQOPA/wmaneHa2p7UvOZTx1xcqAylsbrzplEawI8BZgJlPTOMCZuJ03Sdn5L3WDdA==
El2zNj3DC7ycHKcM6zs7UZiP5FQl1DGSXbLO6MSswkIytb/uePiAgbp9IwF4ImfnC+3En3LbKOHed8ig/OFrj6tEKX0q5qJwb61Phqvpn60=
El2zNj3DC7ycHKcM6zs7UXJnds1scClnKw/Mv9ynctB5nquO9ktLQuR5HEi12W0rhKY+XiyU4TUIpc0a8l6te5oIBWsPglrM1Kt+4jZLzawL8s0om9FGYFTBS441k57cfFe1uYccgRmV5v5MNpk/HFJFGKLAYL0kYzMpCUCqsgPv23/24FuccPN6N36JKtsrBJkMtvXV8uo2SYxmE9r5hjJAc+ql3CIZYDRLqz7ARaC51dOvwkHp89Pt+9GqD+05w1IZCkrPvHn5YHdjXeNjIMjTy4U4bvC/LAN8plNJ4JZZTpw3FidWkPWIX2nnTEo+vSuXwNFJYIG38riklBbVzmRVM5YjLq2jjNrqBbS53svII9waQJSY3ftHhReSUMyQkGZ3VkP2p7y/RIciWQafchhL0YQ2BpdebnU2xkaPB3g2Ac/BV5n2PHM7hb+agqSS
El2zNj3DC7ycHKcM6zs7UaePeKGlNi32kfz4jodJJ2OBQaF/bj9rtd5RJECPUmq+2lJNyC4CCd1aKN/MFY0RdO0qurZuC4k20A2d+zfKAyg=
El2zNj3DC7ycHKcM6zs7UdRJGwAVKFhahPfU3EA53iIcmpBF4nZ+FY2J4lDmJWwcF0Innl7LgXw9chkikm+4zhsbmYojurmmqFTtu9ymdB5NweDNyUho/GS+J2gdcwmhRBlns1arStuOTmjvLJjL5odFOtAgRmF/P/nOgnK7XekQjA+2uQXDOxOKt+6mFC9XBFyYGzHtrJN0Rr553+PGmwa+HUtW9W/8D03eUqEkcGiUhSRUMsMDe3e1O4JIWP5e
El2zNj3DC7ycHKcM6zs7Ud8mYkvxktvf8vs4oGAFTvzgXGnbjV0wyCg8N86gvVcd5USH/f6i+RGr7CqA1srKNl+PbQBTmnw5WpkEBzAlR/QMWevFHFwtg/bM9uNS79XB95uP6gOAiSvwSq7euBzYXcc+kgvhpHkgEL7m4s2VVEiGk4/exMlgLlIObwwN8Se2L7Im8SUtofvX4anZHRPJ14yzGDsTAU5VhkjQ5RBRaUhr3ce9r8eUr29qwl07H3RcSuYk2npE9sFwQI3g0RclEeBHGlCQSeBFzBhWAoE+VLG9mKAe2jnEmzR/OsfFrEKcXMEpDxdpCOgqwPpFmiuhqNWheZLw9jNHM714oeN4Lu5COCt3NLoiqdCkdSPVBMni8EhQWXXGI++xS0M8vBQo8okNu5NuFyCNzN4VlnrGuLEpoi9FpGXVljF7ELUentvc/rnK8FoQjSm8usbqwWBfTw==
El2zNj3DC7ycHKcM6zs7UZlInJ66H4/Jx5niOMxdTN+za1ZOvlfkcYQpYgJpKEvb83Vz9CzAU2m3xto7MMEc2scOFmOHwoVveA/WOO26/AU=
El2zNj3DC7ycHKcM6zs7URXaBKjWI7JBiuCsjO1XTkHTEhZ/s6+ldTTXoM7ungx90qBHCaaTQCa4Pc6UwYV2vp8rBDgxqxj9rbnklnUoQ69ukUeGobBKX6FhSkc2D6eNrzwHffjPEwPEOGKbEKJfd4ZZwg3ewNCR7XhytlCrtHvDjpCAeQk1N7ezumX0X/M/YTkJsPyptlOTuvnGmHJz4yXuqYJ0C++qUP7lqJcJl0f2jWQbOJPs4vJ59xzAzc91y5hvf+2yur6mu2t8Mrr6ozx2u1leHvVlQgljOyxvjDWEPayhO3tkDZmUjP9CKBKfW41Eiyyw+vUuZ3W2M1WT0I0l3UnVJHLsKfL7MwrfNwEl+MdciL+gtF0WF5Ctl1F+S1dI65SHZ84LQWl4H2H1ZDcymnuRZH6Xi6Zaaxbv/mNJNP29XL7kNLWllYytSguXzpPZyICNTlLLAtkiMSJftQ==
El2zNj3DC7ycHKcM6zs7UavRty6+rIWqxs/Wc8K4ncZaejSK19W9MXckx555PiIU+j2xQ8hrBt2ewpQIO1KexHGB31E1YsEoLi+ZVLzYUr4=
El2zNj3DC7ycHKcM6zs7UavRty6+rIWqxs/Wc8K4ncafc9+Wq5Y/BdZsISHBLvp7/bvXdS4wgMzXptZUO88kTHSTCtvaG5LGvAUcjp1QOhyj7SY9qqU41ujRBVBQjfaVI9M8+M+Xd4wwNekXQT8noSX7d6Oa3QLtPmH9sJxVveJzqP9F3/9VUDYrxNpMc3N34uZLTQ3dtqZ12v0wj+4l5tkrxefB7YZE75I1H//3jEmj7U5YT3jdAACIDKT+YHOb
El2zNj3DC7ycHKcM6zs7UTrzQAv6STUmCAYNq98ktlW35UiX1rdUKCJuvsZm9B9phCglhWJcv7s3lUk74Uw7pdK/I2X8GYj7+83bFexGKqrb2cCkWwUM7rm9+PUMvZgFG5R5vNNcI5LZrqu9juZeuWLDbEjn7GnweqyMGhGVI/Q5927r0oxWAe97Cwj6CyNc3AMrvalhSxeAjSR6I/I9pk9vyshrp3oPkcPqzKh8f14OIVHUXfaqmDMMts/mVnfQnl/Tf4673v1j9vmcMPN2YwAHlv9GiqleFJXwsVH4oaWHDInCMi5SkBuCzEJ/h4KWfMjYdRb+lCz9yMuzr95pNwaNroLKu1IemecdDgY+wf5cP64Da+u12irRKknEDSXWY5vJZViPAOBKDlU61rIingKxPydCV8uXm87eKGQUA0bxpOPi7xAecnaSswox00o3JV3f0StHab2qUzhxm7CQbA==
El2zNj3DC7ycHKcM6zs7UT0Kka/aRfCkzIzH29XNTMXKkmyaDLugUYFGL6kAA3y7BAAmQVZVMsJcvTwH0DJFMecrFyDrGJ1yzN49FRfSh4I=
El2zNj3DC7ycHKcM6zs7UaRpiquRQUQU+f9rkVxiYROVSMy71V9nOAlGw8i7IDd4kWOZQ7onClDUaPSoiXaGZnheZogEO15bOWf/Mdydm6BUzzbueqABetHGjiTvV/Vv2Axs27OARjRYh0PrcEtdAOSzs6pi+gTKOBh3AaOvOBYa+PaX7HUK1Vq+Gu3aB85THqCJW0I2MZMR/cl99oqnSGLkohxRyvlfYIECEer4JyPJXioQLS76tvO9Gwh2G2GMkuV1OhwKqFjH4NC/4l62BAjFhHsADfs3slDwcbR3oCHZjsxPjt5b1Hpdiy6+l2guMKxCd4A8BcnDMre+1zVOhFPF+HWIHZ3l7ui2Kfg/ajQED95zmMIBtFMsd9Wil7r0p9MscOPH7WyhJ3I4QYltW2gv30sQhuW1lyTy+9FjkHPh5bjqZFoB6QEj9mmLlhBQ
El2zNj3DC7ycHKcM6zs7Ub55nfVSx2OA09xRSrhuICGJGR+usyHYsAIBCjwAr18QCBYK0G08bjefKVwZ1iEjOQEyVXE6HLwOoEIgo/z35eM=
El2zNj3DC7ycHKcM6zs7Ub/IbrYTNzaB9VtU2dJCA3nRjZ4zXk9b8Qfc/4vEftit97ivcZm2WHfKlhCma+JqqHbRVLttVKhSvgM1Jiv4WtFNz3knfNnbu5cZZprxgERwY0xBbrR+H8tAzC99vV0plJenstPi2mZ6g76ZxIH//z9HqnG2yuQTYdwUgIyZ/8PadevkCNqsLDc5m2BL+q5yUEfPhzdNv1QhPLHqKF4dWMWMZuJMK+6sNfgNxybI5mCgCWFY1viYWdyoyyo6ymEPzA==
El2zNj3DC7ycHKcM6zs7UeGhzO0qPUA4l3M0MVb4CM+ddtJWGXAz5Tca7P7jYN6GSso+bFS8F78tuRwRjhDhVuqLdFD/4QQET/EL2ZTAAumpFCrWx7u/HbT4z/yKxk29wRGYnZOxKRh8LWM0MBtTJ1iTAvdfkjvrj9nBIzsboja/Z50PMT1ddwX5FJkq0D+Y8jFhi9IDeuvyr0cgDk7+uLNo2sB9aloJ3wFEKAtUWiCXiKcLv0qag0wOO+FHIhpih0eBPwVJDAnd5riQez3aiuBFwCWqTtsKb/HZsHnzW2fuT6xTl2TS6ub305G/l9sETTCBNZ9PL9KVELmw2LYjrUkNbX2l2tWix0ongckJ221QbkJZHBVGbKGlfGgRFmRAV5SIsOqhLud9logKLrXn8NRh3X2P2NN1l3HsezR7lnhGteAUgwEt4u2jmYwjDLd/zas+W1s6n4BMGWa0j1yVMg==
El2zNj3DC7ycHKcM6zs7UUL2kvLc9O46qv2BBGa0m4GkNXTdx7sA4UhoPvVhWmitIsT/bZeLNSzmIOGhlngnx4jlfjwdm89MuPZYY3ak7zc=
El2zNj3DC7ycHKcM6zs7UUK11QZnydu0RAlTYAXgyC5ES2pSrr0ZdZZ5YRgjmqdLt5iGBnAIZgGxhsUuYG5cqFspBjx1Edflfgzb1VNqpamXz2vm3Ivj6t2xSVCPf1ZQ3tSMVD/WlCS8BvjyS0kVsgdckNgzDUdkl0mwsfLIBey7Ybtco66nOnYV9J6Xcz7ejN6dFAoRBxLCAspILixtICuUEn4iDTlXbWqPuvA7M/MI/+ABffETrVsibnWTd1DGy+YnNZqxpuubBwE1Qut/f1sKKW2N7epOtMgtBcUOnAtP3p1KsQ2uK5ElIFFSK6F7EemttqnBE41A4aBzWIYvicjSYo+Uwsn3gnOKrBuRJrGoMXLfK/F/el6M1yKJHXauuYzRVXrEcJ4msiOG2hx9qmOnOjFDmNdJf1/S7+D5OT9g/GnJ7hVDTlbhb0kiHl0W
El2zNj3DC7ycHKcM6zs7Uf2OSJY9M8nj9rIp4N6sncz2RX5j01V3UfLgln9XN4JpYWnZGr6BW3mbuspAcruZb8Qy+MCS1/NPMWt0htP1BKI=
El2zNj3DC7ycHKcM6zs7USlxg/a2A5u2P5uqHZVBpL3k2BUclyLyXcd85WFy07ob2tYvDjU73JP+3QpQxEQLQvm1WRFeqpZk1ug8Dd73dvBVZjv5UxdnRpunQRhh6mx+u/aioDQDiBDY0Tm6NP0Q/UtKTGdwYn/IojHekkzyfFIDJgGZCa3yMBNqQJMJ1KdcziZvAVYkwXQUVMi4LW9+eRAgpxjcllxhUXYOn5VW2gt57ZE82zxbT9+9l04KxPLUgaZBAgMB7hPy9h9QKmsOlA==
El2zNj3DC7ycHKcM6zs7UaMfqk2HdiOCSzG7rtba91Mja3Ki2EajPZb1+7I9vKJmUbPRIvrK8PMggOpI9dhh8ZpsjlxjPvRzDDGzz5fa0hI=
El2zNj3DC7ycHKcM6zs7UX4ZHP3TAkHPhqkmkFvGNcGPfmKodQqDOSr3KYPI9EnLU6t/Uz776D/aZzWrgzMWgmTghNsz92WRdw6dCMwTdDOW1UZ2NJX7nFJ+K9zZpy7gO0reTBWHavnn6cACtS++6snuP+LUDEaTrNSMlUBy+mvNH0F/E/6KZGBosQEguikeISXWdpcOfkA9DkqNWeSv2yWzmNc+xEKA6nVNgWNNGKBQlkqIOTRG4W/PDG3IrfFsJffWGPRX2dDwWREpBVSZKAoZ7PBiO3Lgk0ebsg7QxutvoCSKqwHLmBJNxiVo9HWeCbuiay7OGbJqdByG08oTRA==
El2zNj3DC7ycHKcM6zs7UTIpF5S+eDW7pqoOnVx7p6pNoH6mkhTARwN9zrGnkaIAMIwsvZxJJA6lwhCIqJwKxDnc2HH0r//LDK6INU/cAmX7c2jfgavaSr2SGKCIVy0Wm0d6P2GDMV4eVghcDn0RxGO4XZpP4ZSBbNGEsOLteNjJNnc5JlfrVMfh5kI1qRzrtrG8ugPZ9boauF+z2wGDXktG7lhhAQrzvJzmqDcSWfRbtawuMYzbkeGaKfekCVMmiNaO2mmNXYKyYOxDqTcxGEtoBad1fLo4IyQKsCEAxmgHpCXClPFrcfNNj9Uhr9YZB7V/tuQeXps06osC53IqHCqYnb7DnRwG7Rl/L86NzpTcVR/Jp0eRrTYUQAMiGCDIEw7MN9Nrw2x/wo0hqr9hgGATdJi713zcWlV9eBf7PjuKvEFfxHXeJR5K6VvfLnLng6OXcjiPxJ/zTRl0CwxkmoNcFPeNlE6pCTdng/h26BrrwEJiyqJmuvoUVnYltGADOgzWc1vTditlvjg1PiE8H78UUW3LRp9S2mzXdoQypUA=
El2zNj3DC7ycHKcM6zs7UUiIBWt6pd7Nr7jl/1sVxjXJ1s3S37lcH8Az6juQQcDSBJHmy1s2w3pFK6i8AdCoPQYCZJOwIycsniUjE4bN/CPJA2G1pZ0O6106nZL1xwkYsiCQOGBBG01Iw+i48+Y/t6Cv/joSBRHI4PsLZn6VTjVHEEa593rdQMI5JTNM/CmFE57KJJd5Rj/rraZwQlKyRjpHB8aS6tZOHAMToen5U9eyygtNyNN95Txim/oPhKEsJPvZ5IqMumk188TaIABquMGTW5UXTPgaAMLi2rerbTH1C/5uwn2102X3Kb81DB/L
El2zNj3DC7ycHKcM6zs7Uf0b3lZeZxLEkHPHaR0SzDRFS9MSXj67NmTvZ2p0dIL+9+WBXFi5TEcSpWNU9OhQjEXyIpeXZy93qSDypfLI1R4=
El2zNj3DC7ycHKcM6zs7UawHlYRZdaWrrt1sP8yKiPoKVPmjO+Ip/T6x9ed+haO3hiKfj+89cdb9mzrrb0e0rG6Hdk5W1S0sbgQ0u3WIOgo=
El2zNj3DC7ycHKcM6zs7USlKBUzdSJjfb9m2aWA164pPF0A+3QicUQUWQdf7fyRAqk3nISxdrzDKJIQyquteVqU1NWpluyp+Palk0zV0oTo=
El2zNj3DC7ycHKcM6zs7UXy3T8pzORHBXX5aUs2MAU7zDFN3sr0vz2PjXIQlhMFc8LmFvCNjNHR56pUEJdIByZ0WfFTfmcSluhd037uKShoWi/sQsOtyvjW3Fzc5UZ+fBeDVMMmk8xhZn9M0D5lWav4+mg78/V3a3JKC+YAPP6ZiZwf67zPD6SzOvJEitV2biNz1gNoODcaMEao1v4E96dNcEDyvoULabJEQw26i6s4=
El2zNj3DC7ycHKcM6zs7Ufa8tfhbWdqtQTCTXVru0UPVx/V28cy7Dp2LtDeopEPgZsQyzgXwD55869ZMbPiH3LyJBFK0OvY0R+MVcCCIlE2MjCDpWJzYEbpCyItZVE8En/Ii6sON1BA0C8yCkx4IyG6iH0B4/cyKpnAlN3a+9Kkjqix8T89aJjpV2GMSs5mz
El2zNj3DC7ycHKcM6zs7UcQ3HSqEJ0NFeGPpzdohodeteGmaRX9rFJZFCqtIVoYBjVAV0Y1JFGlEy0qcB1uNavhnrVwb17/H5tQJwPRGYWU=
