GmcONIA9PFzHw1gpPLLPoqev3ytAH5KO3S/CJpMsylg=
35kyjVfwBJgytCi6KM5Vug==
FNt9orFfFSbPIXNSbXcP2Q==
gE2g7VQeqq0h5MkG44fPUw==
A4ZCFW7RnVRfEnbtNxUDb8VFIQmzxcIFLuiIjRY2q84=
cwgQW1UgxyVfBeSrdwXHsPE1eoSAri+NViVSjTYe4hg=
pYn3RyiaY4vz2unSybTHuw==
mAzeFbkWBGyzJRgEWJSZYQNn44wFaguEUnqkvHVinQw=
NiGef/LGs6v8Em6sqLz1GYGKB0111uCW/TAqgkiW0+w=
2lfNnhNY+w/3xMaMUxJbE0YFT/wvMlSDz8Vrd5FEs18=
blMzpphVTJ9VtYkvU20/hpFWmAQqsMVWkR8xLKHbeQxAIPAbiw0NQKDgKD4luSMQnJez73VtbdVVt7qCOvOTE7B2sJZWr+XfzY1+kVsFYf9NgzWw2KdkEzlAyhFBiufR
blMzpphVTJ9VtYkvU20/htWBDSVKMkvmVizhH2reSTCS9hH6oXTu5tJUcoDqLlWzFJyxdNEN5tLJ+jlUZhFwewa4p6v8gA17zGJj0f9YwzVGY+4n3c/kU2tl1Cj+/tx+
blMzpphVTJ9VtYkvU20/hrA1D6r/l53uWyJzVF2vpJdegxfOgOtjNSKzUe8vdIzbtSF8hStIFtDSZuHPlnuwvrxM9YyccjuBD76wdTZ8qrln1V+G2h29NOTn9cFK9HTj
blMzpphVTJ9VtYkvU20/hh1ITZY23o2I9QKermd/1x89T7BYBVSImCGWbFfdZfLS3gp/lorWCvEgI0KOvG0vZrWAN9OsG3NiOBJXToWxYlxj4+7DGFiE62Wpgs5jQ1XI
blMzpphVTJ9VtYkvU20/hi5t1TjUITnuwz1wnpWIMPpcHit4fwI6AxyphyOoYMmzXXD2fLEmdlHuX7SOenkF0BMFRT+52/vwQqz4EQ5gfdEDuBItxFtl4IG0jME+BDYE
blMzpphVTJ9VtYkvU20/hpXcJcPo4KYe/R8J04P559iPoBapFYnYzJqvgVwQa0FPKIBxYE8T3D35khJCovJv93JqRjgdqbHVXThhaB0ltFBjwqkvwdOMhKIV/CORijTm
blMzpphVTJ9VtYkvU20/hh0AGqN+KHJgpEObL3bacbOUUJu6bkjOYNnkRqZl6m2lhV6ahGMNFzCoJLW3mGQ20yKtmDDNnRQYHBrHA1i9wUTF/T/lhCchnaJRqhXnInIX
blMzpphVTJ9VtYkvU20/huRZ/D2R4LgojVUcjxhxOrN71nEX1MFlz6H358wllEJB5wjmPmjleoO01VHKL9BpIlVO2OcycSLNehKf0wdNZkZb18xGXQmSI1+iVzumfrNT
blMzpphVTJ9VtYkvU20/hlGXCNob74aVwHAiyqm28YZA9dQ5gEpXaXbaSCfDFbrBCHG9vsAIi1a51H4BsSAfT5yf9DdBuWSRSosy8BFJs+JITfQbobIdckDbkwJUNgXd
blMzpphVTJ9VtYkvU20/hiE3hkZT1l8B/H3f/g1iOk+ufQAyXr5XO7IJ2QnMtYvrSlm5ie8pstZtXaVCbvagPiruPnIdPPuqpRlX0X+4WVRSgt07bGXSd8WqKyqsQJn4
blMzpphVTJ9VtYkvU20/hrXga7QfRSpFf14x+llEtf3CUfpYYH2pxcT4d6B846dSnFfrbxC7jU92VCqwzSW1AD3wKMUmvRTEzFnr76w9P/eU1ob4HyBRJuTqlO3nmLAG
