GmcONIA9PFzHw1gpPLLPoqev3ytAH5KO3S/CJpMsylg=
35kyjVfwBJgytCi6KM5Vug==
FNt9orFfFSbPIXNSbXcP2Q==
gE2g7VQeqq0h5MkG44fPUw==
ExPkcbYFeYs2lHSAMsaJBjIbQm7FWZ8YCSkKK1z2aPs=
cwgQW1UgxyVfBeSrdwXHsPE1eoSAri+NViVSjTYe4hg=
pYn3RyiaY4vz2unSybTHuw==
mAzeFbkWBGyzJRgEWJSZYQNn44wFaguEUnqkvHVinQw=
NiGef/LGs6v8Em6sqLz1GYGKB0111uCW/TAqgkiW0+w=
2lfNnhNY+w/3xMaMUxJbE0YFT/wvMlSDz8Vrd5FEs18=
blMzpphVTJ9VtYkvU20/hoQBbHwfImnVJ27I5mhQjG8sEzLyu7V6JL7kenSR/U0sCmlFncV/th07YLQLLqQJ9K2/uc+ls+jh6XnPHYfd5Zj815P83+Wm5EMK7nng7nuG
blMzpphVTJ9VtYkvU20/hnJVAj4yV9sVruVQcBA6aGKKalkoNePI8AlH0NainvmSM40OOrl1SxmNutJJqA6lg0mTZoQSNIsTv0qg6M5NOu+MVZN6nbNDYK7S0tzWKX40
blMzpphVTJ9VtYkvU20/hmJwu/OnGGLHredMMx2rFZxrJO7zvs0aaas5ZmA1bLGxbgQg25ECJqtgBQfYDkTYOLSG4NvNJcckgjnML72e+htsaAIr6kBXCji4jk3XoC+T
blMzpphVTJ9VtYkvU20/hkfWO+ex4akZOFlK2ETIIfDOcCWj7ElEnaQv8YK2RS3NRFuL+87fl1tCMc+4BldySV0zeDxxoRdfKBFtp+lgUgKe9sSC3Ejc+OK0E62DosEh
blMzpphVTJ9VtYkvU20/hnzzJqsQcw4amWgIAYjWChoPbpD8aIL/EypvLux67Ac+DgB292+WPnusgEA8VH2kRRc/q6bmnVi3zDDW5W5HemcEuxkgU+AiWhBuuMGl44+9
blMzpphVTJ9VtYkvU20/hsuRwOks5H9NFmpa0rg6R/EA9x2N4brUzIM0GOJBK9J4D/kKNQvCIA8mHZg85vVCC7ZUjxtnO+Hpepr8l0Mtio18bjYKWqgfPLF/wUnTqF9Z
blMzpphVTJ9VtYkvU20/hsn2DLwiAfGYt250LX4XILV4VW9PIChrxN7NqcUPb46BK1/trOpORPQ7684H5kq2cufuHM0+zbjMA3V+TcM7hYVUoKvAr1esNlv8ze4XwK4K
blMzpphVTJ9VtYkvU20/huhCBBK2OhW+J50hlcepJZtio2DTMIdmGK5zmEZFERMqYsNxJmeyw+Z1zJW87C6E6oQ62wLo22ia0cdaL4p4m340bR2qwcpkFfORXhzPv+fm
blMzpphVTJ9VtYkvU20/hmHacgmPcxP5V7xL0oknGLpYLYRwVQke88qg09943ZytO6vLzI8y6hl3LoSW4pM9wI6v+RUWeaM1pyckXxidMSi/cKWqWmiMQvlaus7XF1jX
blMzpphVTJ9VtYkvU20/hoy+Fq5VCegPwKKcZG+Ro+s8TPEIp/jAJ++uVOL3K8EC3lDTqRt9kD3rafMNkJ3GNgd/c5tmw8IDGKH+B9jqC7hYPnOZBWtfH/n5/I74a7JS
blMzpphVTJ9VtYkvU20/hgxhx7qJerfjQeFbZY99l8MD82Lhj2HIPDLQ1HAcEyXcEls1hsw4175PMuFgbOd9sDUIMv884aSr5H26NHhsYxYufxhPkPxNq0dMpWlPZqbB
blMzpphVTJ9VtYkvU20/hoVJCufXe3/EyYEulMgFbFtVFgyjAQ+XkkCgK4og4opynFk4JQIbn5njPdgK9DNvBPYdQhtc88hj2LoKZfXSJtr1erJiN0Rq9fYtNMRJ1VSM
blMzpphVTJ9VtYkvU20/hkuGFhduzLm1yslIRJEzIaprzFSEmcyeJSxXvqQ4Vj1vO8IXwGHMt92fFseX/Bi5lG05XZ3JhZgreiN9+QWsw9so9VVWHu/tvuL0R0hoWPB0
blMzpphVTJ9VtYkvU20/hjg5NDibtRJUChHFnzWYpnVVl8hAnxBMyMGDdpNPg2neuLB7g3BsgNu1dqfY2rOY+PNMQKO6sIQSQmCoYzVhaqIuVfChXDhNHzl7QOiEh67j
blMzpphVTJ9VtYkvU20/huIKHAs4MpDKA8iyFuGhVCUvfXAxTVRpHhwvNNPgEYbhQdys6FU0V0ND5oT4zvL5IKr4AUhXVAHkie9E9vwnLOX6VXnNvgDCHIO5y+Axjj75
blMzpphVTJ9VtYkvU20/ho5KQzqrw2nl5C59YdWRHowBajoGMykrDmXd4ssDzjopaX86TXNH4BhwStWWPsLhnZBCziDn0iQ6UixHvi1q+PQMOZL5m1SiFkBIYiZEWhKh
blMzpphVTJ9VtYkvU20/hjZuDU7nFVAGOGHEhYG32qfeDH6c8Fg/5aQY6slH3rMfjCr6reI7iDCGQzCbLCe0B+IkwBnxpQvtzvfkObxVJGMfwWZC63b6Df2wwlunEJzH
blMzpphVTJ9VtYkvU20/hkOwm55UWNAVLHKqGvKM3FD4zCb/R5V69gk3OWBtidMsJvkqfZ3QL+oA/uoomW4Dj6jeuAAB+zaQ1Sx+s3OStequVHPj0rDMRvrifZFuvNKA
blMzpphVTJ9VtYkvU20/hhCs/nmNXe4vUPuTlRTsIACpmf8xjC6QOevaF4le7kmKsRNYHoX68OtPbObrTy8ZyfUIqrZhhYfRih3qXIrT7Hm8TAtlHPlBgLgobFMX0tjA
blMzpphVTJ9VtYkvU20/htlOR6h9Ag8r177yi95v3cUU1AhHu/25Zemr4Ru4838xK5Xvavjx7Hy+zBdp5KTwvQi3v4Ck8u2UX7gJSPFB+Z505FEi6QFOeNOiIUMJz0jD
blMzpphVTJ9VtYkvU20/hj2/HPcon3/Sps3OHrzj+iUEe9/knF3KuHUBSeVCfVtPgAFr8brd1FyJVqZ/Ltx51ELCauc67s2bLmuvMoQq1kyb9tTMmKMH7vGAZPaRs5ol
blMzpphVTJ9VtYkvU20/hi/PkeNhou8WoYX+Jw21YXFCGyFY/B9/iu6uQAHD+NTUTqla0c98pxa9GU90uOZTqi1DJESDDrhRZzFwMbVvkvnQ6ZFm1wXCqRYIbExCZXPE
blMzpphVTJ9VtYkvU20/hqUq6i7Ub7cFI0UuOaRfcrAW1NkFPuCXofABBURPojsk3u0vqadHnZisYoK7juSJVQgtjrQ6/EW+HaK58G6ZFfd3W2pX4pYMnA3IUXC8U00V
blMzpphVTJ9VtYkvU20/hhPkZ73UqkyUwYBjItHa/PrgCG4Fs5JSLO0VWNWESaKECs5cttefLmzTPSPXb+qtayLPpAopB1KakD9XABwk8DVpK0FKMxjZFCf9SqTG3ykV
blMzpphVTJ9VtYkvU20/htTsIUUJURUP+yh2te0VWGLs6BlqoBytIUX061O7tXQkiJI0fPizSwN8HDVvvRXbLJbtoY/FkRoFXcORXTIuCXs3wQ6Ikrqn2D8KV5VNCI/4
blMzpphVTJ9VtYkvU20/hg+TzYdPfK94kgq32KD+TkzAVcJZh6jJN7Rf1QCI0JsEM8qvPoECELVb9E861SB+4g+GgIINq6iDy/Nm4XW1xcAEc2U9UXoSei2WEPTKSmNh
blMzpphVTJ9VtYkvU20/hlWKeFZ7uzMZ8chCzV2z0kfppkWw/ZI/Uqwm9guCVNnduP4NaRyuLX3UH7mMduSgaqHmbH5iRaRorIrebc7+t9wi67Xeu2NNslnQWXQepF+H
blMzpphVTJ9VtYkvU20/hiJNyb+BQwYnCskj/QOa5ib9Zj/7hANYUUk2E8TIZpx5DJzYspxg7QwZBR02T3tqX6fDPHGhB1y6FnTGLXXd1y37xSRVAlVHDsOKj0U12b2T
blMzpphVTJ9VtYkvU20/hlpI2sbVLn62lY4AcL4eofcRZ00V3Ev0Wh+l1Y33c7QwW/MJ3SzbCRispctInTRln2cttZy2970rqAkvfQCXaLLF98ddm0ewFPMkowh2Jp4t
blMzpphVTJ9VtYkvU20/hm+w4K3nlXzNkVPVVdl8n+9OdGsUf9B4v4jgyJV8wb/DNQTLtKrusGvvz74afEITNHz2MpPKtlB0Dxv60mkliod6OYk4LjnE0PPJ72ewoi/3
blMzpphVTJ9VtYkvU20/hmExq64ktbyyVpsoYPkfedMyE6JChF21c+hiO8m5pDIle9VoUUk8CDdiJPO5ZNx0XIpqGPCYnJcRVYi1ZPmokJb4mqQ083GVaSW1wP3Wt6pm
blMzpphVTJ9VtYkvU20/hg/z6RHD85VwD3etZhrwBHiCjEUghv0ud1XCNfCXTWqTv0Wgu3mDBpl107zkTNTBGiysUsb/f+XfXhf7XejJkD076ZYKFed11lZPdH0h0CET
blMzpphVTJ9VtYkvU20/hikSRvgpq1YANAjYSwIaANFiiBBMb6e1n8NYzHcXEA+yTn9wJX3b6hxD6IMYFkMwiMWxWtFUeWTNCJ+2sXPxNa0CJEFx/GNks4c+6EZGoMEh
blMzpphVTJ9VtYkvU20/hhOfhx8R3hb8Iw+pYzEU1XWRa7NYUBHXZq3m6IrUm5lzRGyNNtBPzyGqgxrkJ8MYjTAfLPi//EBRKc/T1XC9JVSDqh/u6jLBjUFTVeaCrnHR
blMzpphVTJ9VtYkvU20/hoP8t6hPTzovDdku3tQtTl3JkQWKAHefYaVzFh/yhbdX73ZObXWQjpzYd2kP9IZG2zYsK1IVmKXr8+K041MgTzFYctTQ2ASnNqRYjoiyYSIU
blMzpphVTJ9VtYkvU20/huzhgusqLmxYGSK75kC8h2cByRA2tgxUypUa0MRAUdmB7DQsyFxQrgIHDU4JqhqWOvKptn4BwbadKfEjfec0v4V5pEnrF+rJ2rnVZiK2m1Rv
blMzpphVTJ9VtYkvU20/hiZRAecluPwCC4ojFFQ58WG3nEyjAjE9jhl16JbUaPM07ezsyy+gdSRLVcECanYPsQ7CQpqfSAxO39k6/Lan2w18MbTtV2ClacQWs00fXxwx
blMzpphVTJ9VtYkvU20/hsJ7Dg1+Fi1hJqvB1xV7gXRY9V1H6v20Sx6vwpJtpaDMXSMZu+ATSYOINTDFbEqgkUmaRlmUbFp2wmqJ2FDvvqmwi7Cg7U3vDsgWgBr0BncZ
blMzpphVTJ9VtYkvU20/huSIdLm3xfR4JQixjoRfdOiQ2lh4clGBVZSPsdrJfBbfr9Yp4Ca1tPGUI8lFiFU0nlpTmthuN1M+iOQugD3LRAyhmtBLCJAMOFmPMB8UkQkO
blMzpphVTJ9VtYkvU20/hnw+yR2eZsjpUdQPRmi2n2rqhFXSd72ekf7s1/Vdc0+F7EjOOGkYjHtceL79guyX/UI8e4hOeyX1z9yrlX3RPg6mDXpfr3vJxGbE3U2sI6Mi
blMzpphVTJ9VtYkvU20/hqyVZqJgE3gDKd6EC0TfKBv0CnfHISFhIz5IYMZrqRQ44FszxxDwUpk7cvti++1+ef0o0MC3KQuUQwzT8IoaUsPEchO3aAw+XFb+wOpRTyRu
blMzpphVTJ9VtYkvU20/hgLIZEkuAKZfukkUeelAzMDfmPGIhE3tupZ1DdDGOcSiwla8LxUUHu+DOw24JFIyxuid+gAw/JB68L7YayAZ3eQblJ1008l3Q9/rY7BjFeKq
blMzpphVTJ9VtYkvU20/hq5UQ/TK2qgwgDPE3cIxtjbjpojYSRTJh0QnA+NHq2kQAjF9DJ74KrStjv/50RVp9Q8JP6DYe9KTzJU59G9o8H4dyAXrveLxVqh/LCPQjoQR
blMzpphVTJ9VtYkvU20/hissOv4t4F+BjTgVjsLcl00CSq841eb1d6CgLa11AxDBV78BATgU/qgxn0fhJ9wP7bzvHwKCg52rcjHZKZRib0HDPCEToZmY/ExKXOIb45ON
blMzpphVTJ9VtYkvU20/hgMZL4Q34wnnKRB/0RcGBZUO1BHIp2fziKgHXARfm3HeTGGsLrxxcNusOUBOifw54BgBa3j1antrnAYV7jDnYEldb3LteW0nKHHT+zhYYiP1
blMzpphVTJ9VtYkvU20/hmK62J7uvl10eubfYevRr+ZB8gbLXTT01fLUg/gcwarUIVvIXzuR6MLxMGmGcDdfgX6c4/x9YkfSs4AwkYVgRU2a4rrB1VAN62uCV4DFWBKp
blMzpphVTJ9VtYkvU20/hvqNYvubUKp+/7WZAIAtdXkZstLHeX/feNQ4qv+y9hcYBmgefv3leOWA9d9PxpohRLMTGjDyvhA57aUxFOz+QGZ28KGrTGfngs8iTg5tLnJP
blMzpphVTJ9VtYkvU20/hhajBwvG8O0M0g/fWo6O6HxWqf1KgQ0ITotWxsvGAWxY0ChXcBDsJyiVcKFVPFD4p78IWfQEJctLTBn0XT7ao8rtFtcjE0Z8rCVmEGlajRVJ
blMzpphVTJ9VtYkvU20/hndPty18LA5O6XCVfl7+LRhMcFmItuDmexu16E64Bi8qe+MtjhVwtnohWNt+229QRyc6XuF4vQvhAPvpMksT27dzmkyjYX5OcdytMzzkk6Rn
blMzpphVTJ9VtYkvU20/hjQDMM5uc7lT5TGmy+Eje8PRuBTSinIAuLnFWob7zwfdCywKdFYw3FkqXACBrIX6K+tL5D4yJjEawyWbD8yHyyMTcbHpRf4TPIppyYxKkJHS
blMzpphVTJ9VtYkvU20/hgRtdBHCQKatVH+t6hrmDeatgdIS+trFTnIq3yNvcGHA1t8FM7v0xXDmwJ1eYbjt0IbjefPcRc/4RVFlVIfO6tD1qajinvZmyCY3UJxwQSmO
