GmcONIA9PFzHw1gpPLLPoqev3ytAH5KO3S/CJpMsylg=
35kyjVfwBJgytCi6KM5Vug==
FNt9orFfFSbPIXNSbXcP2Q==
gE2g7VQeqq0h5MkG44fPUw==
A4ZCFW7RnVRfEnbtNxUDb8VFIQmzxcIFLuiIjRY2q84=
cwgQW1UgxyVfBeSrdwXHsPE1eoSAri+NViVSjTYe4hg=
pYn3RyiaY4vz2unSybTHuw==
mAzeFbkWBGyzJRgEWJSZYQNn44wFaguEUnqkvHVinQw=
NiGef/LGs6v8Em6sqLz1GYGKB0111uCW/TAqgkiW0+w=
2lfNnhNY+w/3xMaMUxJbE0YFT/wvMlSDz8Vrd5FEs18=
blMzpphVTJ9VtYkvU20/htfQj1jwM25vras4CqQ1sHzE8jyJN8tqnLfsSBO2CSf3fXSoJoyOJsQ2VD/R9nDi6b9KEmbn/ggDQh3iwYA0uT1kz+5aJHmES2mny+0Hqu8X
blMzpphVTJ9VtYkvU20/hgtMkc+mx4SUkvtgRv9JXftjtkW0A63SwNvzPsU9TuZrSFs2NbRz+LLvrZvsdtXtjeKPSqDmqHKQVAKvZay43jpdIBiA8KBVbZP2ouZI6otQ
blMzpphVTJ9VtYkvU20/hoCKDCIN5SiGWDO9BSAUkskz4wg4yNt0dHh9bosiiWi4PJBbiFbONowHIWDkB5mCEgm1I6D0h4iXnwabZ1cWukmMldjO4O0NPoQMHoyaEM8e
blMzpphVTJ9VtYkvU20/hrJy5sxnHG718Lc/Au0bZvCCJln3gVtRJerCgM6yxTjpxH8P0lofTPjuTnZEsrkWfvx2JJhjPGqcuqbG7nGTrXQtg4gzDsQAoqcDQnooQ/jN
blMzpphVTJ9VtYkvU20/huRA9iyAJTHC2B6icy8sVp9eZAamXBEQNacSzHvhQd5dRyVGG8vq6372R6v47P+XqmBaRgUNvB/witQfpP8w/XS359ghsPS1BEhx8UgI5VEE
blMzpphVTJ9VtYkvU20/hicS2Kesafu+Fsmh56pGhY41fccHLm1TcGijOlPD6z4hRPQGEUwqWrKJ4MgFmR3XK6Qrnj8rR/5YWTs2yeVGKzTAGSjSZ8XgZf4nbRqKROGV
blMzpphVTJ9VtYkvU20/hvA/eguBGtow740HCdlwYUCCmpOBCQNpi1tw72IOMoygt0P1hwsm3BB6jTjO/1UIITl2hLj86ylJG3gq7/hcoQO3kHXjNcnVEzZr9u7EVOmE
blMzpphVTJ9VtYkvU20/huLIWyqPTpNnw3rhVfM33UTQYoqB6UJTE5TZRUPu2HetBxisYlHZuOPx3qj1dWyA8W1AGL9tTJ9X0XePygiJLXnQ2ID8h9Hg50YeDvSYJIeZ
blMzpphVTJ9VtYkvU20/hsSCjNmDlxzRTaGQnHQUMpjYZwfiEotDH5nLodScFNJXBf1jEynJ3Mb/cf0apytY+Uvq/n4g5qYpgZjQod9lclEn/ZYfKfNL2o6Cpel2d7tN
blMzpphVTJ9VtYkvU20/hmg4OSD5t5MYSDZ6klXefED8NTiA1FVXHQjlHNJAoLd/J/DeOl4+55Ym0ywMyc+uvceqrvW90hEE27yJw0tEoaZfOo21dPAh3CUjDV7lEeWF
blMzpphVTJ9VtYkvU20/hnGObJyVp3QdfpHF6pQcz/iF/c32WHwLsfxNFCY4ifReZn7T4RZY2naxgGfO01pNVJB8vc2kGhQrx5T9lRL9VoYKzSdutd45E+VANIY4mgcm
