GmcONIA9PFzHw1gpPLLPoqev3ytAH5KO3S/CJpMsylg=
35kyjVfwBJgytCi6KM5Vug==
FNt9orFfFSbPIXNSbXcP2Q==
gE2g7VQeqq0h5MkG44fPUw==
A4ZCFW7RnVRfEnbtNxUDb8VFIQmzxcIFLuiIjRY2q84=
cwgQW1UgxyVfBeSrdwXHsPE1eoSAri+NViVSjTYe4hg=
pYn3RyiaY4vz2unSybTHuw==
mAzeFbkWBGyzJRgEWJSZYQNn44wFaguEUnqkvHVinQw=
NiGef/LGs6v8Em6sqLz1GYGKB0111uCW/TAqgkiW0+w=
2lfNnhNY+w/3xMaMUxJbE0YFT/wvMlSDz8Vrd5FEs18=
blMzpphVTJ9VtYkvU20/hgcM5j4XYTeRJ1ahPNiLTutyDoBFIWNRmB0GhLXuXC2tKOqkqfNEch2vrptoXWqnQ4mVff8gx9P3tFoJbv4Dc8Eu+pYrWZoxUOKIZ4rXGXbW
blMzpphVTJ9VtYkvU20/hj+QBvqcBA7aimQ3h3WT6AqID4zRE9At4Z+oV6QvDnpON+183nmLEtxinWxVDj64SmiJo7Pc2P/e+9aTiGc9+VrjPAJp/dCsHoK/3nXdmxtl
blMzpphVTJ9VtYkvU20/hsOvylTBAD2Nvnj3ihi95WZYCdrodgBvAZemt2ZAR/tnx/aPVgpgXun1u0258PF2ofeN1eqbGdIx3JKEXhocfUnockoMDyjyeMtCsVnaulrK
blMzpphVTJ9VtYkvU20/hpRBw7cdNNVJPSoW6kU061JGV0PgdUoo7I1chn3NAYzmLosUhNYzvV0x1G7qZvJBDU6TIxaVXvq2sQPed5a37suZi4S2oUZMf+sd+vmPJQZx
blMzpphVTJ9VtYkvU20/hlnMA2NUY8ySuLV2Z31iTOGKc1wch1wlgZVg2LhgAHzdgPRMkRFDcjvTQWBI12ekiHAzxr5BRd0g39W0+sqneBxaNUMtshmnrUBYZvX8pEBN
blMzpphVTJ9VtYkvU20/hoJKEZIkCZjIqJxFp6T7ascIXk52GOqvdPVVEduvDNADC+XaLfwl5OoHBNwRnip4vhSe2dFsw2zgbL0f2lYoUkUGiyqjMDZ8XKpo68WZRNIH
blMzpphVTJ9VtYkvU20/hutEqHyWxBEUXk0teC2LeEPTnWb1sHabLNL6EPdQFvwKgHqD9e7/ufr6fVskqbKWGuI3uhBAerVADVq0Wq92KMCUMH1fCUsrfk3QQ1r5NvFX
blMzpphVTJ9VtYkvU20/ho36Vrj9brDo+1mmVZG9qkM2uR4iejKcbmQHCfMp0cMlGH8170Y50lGqIT+EkPgH5rSq92z/urRfzaih68uLd5lIjyKP21oz81xRISgijZS7
blMzpphVTJ9VtYkvU20/hmkw+E37/wbItwYTSg9/ACSwsOb4OaZOwFVXF0+wLT0X1eHjJMvzapkECSZMG5dUA3oWn2atwhNG0dwxpZng06afM1tQsDzJ6ocYSQZM2Wd0
blMzpphVTJ9VtYkvU20/hsFp4ubxBoTgwh82fg7lFpafv9Ww7t67q1V1eJnb45jPZZ3V0OYK2xrfBudXuGRs3JLG3wL4aTWFa6Nie28SsmeYpiniYmm70b1iRJd0AozF
blMzpphVTJ9VtYkvU20/hvThANlIXEuezoLQT+X2lO69T3ByeVuxMNwvM4P///rp8V1B3PZuqY9qOms9F8StEJkj2/nSjL12QqwuC+/KxCSeQDsb09S+XiACZgIYSBm4
blMzpphVTJ9VtYkvU20/hrSFDqlywGGMo+nTwAo3ogQuwAAVuoNm3r+cgeuXjwBwJAvEIbh4mNcbdXsFWqi4+Imt+HClGlH9k64WmnvrP2akeG9g8C5esdzfkiIW+vb6
blMzpphVTJ9VtYkvU20/hkhtcrZ/V4S5ANjROKvRKX9G2hfI2W7QBylpaG9NmudSJ2UT2mrhWNSc9I8Cf5UnMsbT4201vVoP2IBDouiShBzu5cJqf6W23jSnasNKobqx
blMzpphVTJ9VtYkvU20/hpqXjZ7KzhjKulzl68P3Jm8kDEsgBtH1bIXmxwOwwyQjcRb3MVFtTLRPDsWw9PghasqoHcfSvWuP9kB2z8ZITUHMgrKlEVRbJEjJBS2XQDs7
blMzpphVTJ9VtYkvU20/hhvgxx7uXaxIZLU0vZIRCOO+NFpCP/P/WAlutPHGa9Ie4bWd5VnZ9/NbR0tGUb6krR2WBobzEx4zQkYOB7l3SUJeVqf3HteK1yeuMv/iywRx
blMzpphVTJ9VtYkvU20/hjVCi7CR1tPHD1+lf+IkN2g3nB7qOEaLiQZ8YgKB4kMbCTINoNfXqwU8nmsdknv46HKL4s8JIzrhiCN92NdIAL788o8j/EPRj4oLo4C1Fe3W
blMzpphVTJ9VtYkvU20/hqGRqT7kKB6UowFxZaphwmmxJ4exMCviqYOTpPP1Zc6WG3qeoaP9N1DJlqDGnnB51RZgCtOGeEr/Bxflzfj65nS8Je4F6TDjhhmTd9jTZytx
blMzpphVTJ9VtYkvU20/hkF0m/pQOiuO5vgIEcCFqyzT2KHL9WH5ak/r7i+17uy2f6gTUOR0fYCF4JKUSFoKUQ4sfCOzs4Wj+QgqFq2Fb1F1TaoMnkszeFP5PSCVnMAI
blMzpphVTJ9VtYkvU20/hnPKqrijDIfvwIHA6RqOFj5ASdySOYpcXc0L8fg8BsMqoJ3f/YEwwvIUFq0sdiNyDu3JIr9Q/hiqbZQNfT2W4QUVBjhGYF3Tb/7JDfLOc/Oj
blMzpphVTJ9VtYkvU20/hoFykDlak/zUM4DKXK5Eux4IexQ7Uv/shLjcgibQ6auttGwuHByE280Q1fz0dcvfigrZ/jMtcfNFUR5WjEu/7MXb1IBHSjP2ymoLoDT2iFzX
blMzpphVTJ9VtYkvU20/hvgI1lHa50rBXNLq1YtkA78OEp8BFxm5W3rILEzrTRM7M6wZdhHl/JOTG8VcEpDOBGLggsDvG+ZYueFNwmYJze0BGKo6gsFQfWZG0GG6c6kx
blMzpphVTJ9VtYkvU20/hiemN1w00IeRfE66zf/6dr+j72GnL1g0Bdcm0ZdgH+hM7WhhChn/Vr0W6q+qFTtfAtEVgx+tlfaED70t+tNQ9og9XxpzHtU5XWerwSHocmMk
blMzpphVTJ9VtYkvU20/hpCHaYRsg/yoZ/pOrasvMjMYQXZYl53S4DzJMlvpetk9RFvqUiGZ4M33RtfGWNmdWW3u8foVSNFdLAztrYNK0IFTyMuoC8dg50ce1/iOcwUp
blMzpphVTJ9VtYkvU20/hgPPziSlmPglJyQDbaQb8Os2YRsE4kcTZUVrPVxGf1d8l35mz2WmBHoyhDnjZExL8kvPQ32jzSTDiyzfH47sr08mnm8BR4SgQqqMjXE31p7n
blMzpphVTJ9VtYkvU20/hoN5bVq2frNjhZ3Y1NgBmiwF1Vfw3+icd2JB6FQgdRZjUujWWWlTfCNkXKARlOpbBuwo/Rjo48AFYwfnpNI/Tsl3f5DWXYKdR7kWHYSSTMB7
blMzpphVTJ9VtYkvU20/hneHXR4ESu7O6jwq1ptc7mI1xtAYWAi6gxcB3poLXUqEy4MzK6E63/C3XZsqb624YX4RzrDayfDTK3XjsMEhRGDTMZfrU35Vq1TjCsaY8N/a
blMzpphVTJ9VtYkvU20/hhpHVxo02cZ9yWK9EwATP+3sw1QtqIm+0cbTDS5BHq2dR948FjqNjvGkoV9eEhVaMwGj6ZmNJQ6kn0qMHctZ254DqoWuTNjpDcWM+wvrUwc7
blMzpphVTJ9VtYkvU20/hseiaqkwxM1tUByLRSUWy/omIiS8Hd+sZSvI4MULSlhsbg9Mu2XZzhn/ygoD510GSAAwL496qwgHFkAN4xskCsfoRHSGLBlYXi1/gHGAAdDH
blMzpphVTJ9VtYkvU20/hqhz5fm6TBDKuogIAL3iF8svImfI+59q+IFBpym0DePQwDIoWUSb47fEoX17ngjEqJO3GomQW1U+Ehf4gZcmDf7TSEtaOV1eW0t+uhUxrzgP
blMzpphVTJ9VtYkvU20/hmU6gImS3moLcceDVr/+nP7QA3CIHCjSLlxEgPHoM5ZlqG9GTIsInmSxnnff+9kvqLnwO+HSX/XApEbEJM1eoyexXZIVrJVqEWlZ9Hk2uwG5
blMzpphVTJ9VtYkvU20/hiJQyA+G2WLBdTKEUs/0QwpIQmT5c8NO7FgOoE68/IQQl8VqjIasZ/74nFQVZ9Hu0TJTqZGsXmy75sfx2V4ddi0+w5AzxR4y8aVjOvrp24VN
blMzpphVTJ9VtYkvU20/hmmh2M2+rsZbSyUGiuUhH+UXDsOX4BHYLfneaEhFING0XL9IAlbiRF5/gx9Gs+NzsAX931l82PDPnYh/Fq6+RciKLGmO5OYSqG85luaJNh22
blMzpphVTJ9VtYkvU20/hlqJ/bQ8lKepkF2bOajBlrftxuuy4JYNT1K4rQW1gJrLuRNym1MymXlRzQqGc/z/jw34KW4RE6hV91rLav+avKcxReNzEAeIrvkmWjY7rugw
blMzpphVTJ9VtYkvU20/hgPwR+dbZ5n3Ufzbs1TWAWNH8sufP8wkd1SNjKK/RPt4zwsBKELw8BaQHrKGnyQHjfe/QUMmH3Ao61UQJxXU24J0M7cJdLdGlNRMTee55ZUD
blMzpphVTJ9VtYkvU20/hgAW4JIt/al06ombIVBEY06VHuiUgrWH8DW32TjmcuTLqMet9zmI1hvbhPdo3oMJzz6BbSIMM7wFSgLl0HsPjn47QWZ1Dw4UownToprPAUH7
blMzpphVTJ9VtYkvU20/hhjRNKDct+abDSEuFE6yp9EwBK6af5JMArRqkZ1Dt7WidXBRU0RPnZ4azDQOU7Huxzzz64K0EZgS8DO/FR7znpPc8f90OvDY4w9oTJ0bNzWE
blMzpphVTJ9VtYkvU20/hrSbSNl0AiTY+IoVHlwz04YUd9hULfq36fggZ40tALcWkKxuJNX1xRiTXHybC7CjRrEMJGi0pedXHUxcLrpToF0tngUwqy+c/rXNz86Q132t
blMzpphVTJ9VtYkvU20/hkmLAhWWv/Iobel2mGpeOntE0DVArbEZVQ1EgRTj040ytIddJZf8uD7ogV0qgsv2604ifAts/RIjWk8FUSU1Yfx/87KabrZozMeT7271rdsA
blMzpphVTJ9VtYkvU20/hp7nBFezrV42dEUG9DhTBKGpcDDQR0jAbaQ/gL5t/BWWD6LYP5ZMIGj3k3IvTHveaZCRvSfE/gHmsHOaZ7576scJFDUbjXm5bbzR/OJLH/6Z
blMzpphVTJ9VtYkvU20/htgUUXAyxIKh4l1QLYafwVFwmOnN/tjpS0mfqglmacjDlsetmkjtUbBUaceXh3J4NJ6yWOyujUCy5UtjMSUsJqeVbQ4V2e2oWPxKYycZHs3U
blMzpphVTJ9VtYkvU20/hvwxH8ytBAp1gIuyTvdcrYEx0KudQYpunS6wCGYPTAb0dCeHRSKAhRdbLsEcKXBSVVuw4zo/9/nwQ+ZnvEEm7J/+d5VJTgAzNwVf7M5J/GjA
blMzpphVTJ9VtYkvU20/hgyFRusdzZP0HWtvi5J39YVtZK1PVMqc+MM1RKuxB7OkxN1GQrLXDR4nshz7mLk46ZCmiGjYp5Y4kkFmrJrexj2a5HsSO0P6VB4hgqVKT7TP
blMzpphVTJ9VtYkvU20/hj6idUTuj65HzFz5kx09yLhYR+oQh/eYitb7He0vOlmdifiiFU9qyySZqyUmSni2dXupeDtJRyY3krSLXFzZkv4KMcuGEv+MZu6dOYS8hInE
blMzpphVTJ9VtYkvU20/hhxMWtUVgRRzXQ4bpo3DyTo6y1677QJQOqsJjghk5bzRyFF1KarJzF9GMN86tUIBt2Z73+5dxuMkXXfM7ShUoQR5CNztVx5fSqK9ZDtLD4Q6
blMzpphVTJ9VtYkvU20/hu7bgLANPPqtyxeyHqDZHyOEZr9zSEP67JdFWqNP2SlF/56LUsti938ZOuD5cLe9/pYClgnlOFkDbYV9yn3Gk9lcpKsX06OZqrgiObLXgFpa
blMzpphVTJ9VtYkvU20/hpxQigtIAHvCugQOfeFY0cIW6D4cbZrD5Qj1KapBQs/IFbt/daYdwlLneH1wiKn8xvMvTk6zTe630IqyaUEN3FFybZnnYlANvR17Mdw4kObW
blMzpphVTJ9VtYkvU20/hs9Qg4Kzb+8HSGQ2UuFVf61Emlh1IdmFxjm5sXmITGt3pZsDQNHNUfCW3TbZGbz+p/sh9Pcnz2uaxDI5qDJQoctf65olxcA3KsmXeiV6yRCP
blMzpphVTJ9VtYkvU20/hvbJrRFUq/kwZkAK0OsFZe8fA9Rs/Udzj1/K3w9Xgm6Lcj8l+2JG+/EUZoyk4WT3wfOFj+Pca+yeiJliNX7haIduuvLo9wKoKJ8oRJYXBMqw
blMzpphVTJ9VtYkvU20/hingE95cKywOP0iAYMcF1C6/+A/PGmiop4KrGDwFkLSk8T/QsyPiXt3QF1j2h0aefbcLrIWTknjrnbdFdr1LGIyPgFVayneo1jH1MKCfXd9/
blMzpphVTJ9VtYkvU20/hl+lOMJqS0yOq1ia3amg6qAzAGUlvYFeJXOqUA4JZxT38ElX26WtNn0//Sz96vsZ+uGWJ6bLytAYGr5dP27qhATTA3JIZUZIORmSenKji1K8
blMzpphVTJ9VtYkvU20/hnQw1t/OVV+e2YT5eGypUnLZjhIsu28AuxDyg8O8nV/r8VJRkZDlPaANR+rYkPSP3jixJLjtV+RwMO4LTplGcwSlW+rSuG9WZ4YzUg/zpKES
blMzpphVTJ9VtYkvU20/hqoORERVbw3epS1EBvcQbITzIs/hAGxNoDsyQ8omHnzy+xA7kXXj2UKbKn5B28kOaMxlsScWWMQyLtwRz5IDB0QBVPOcUkgmjrnW4Ud+Hc5Y
blMzpphVTJ9VtYkvU20/hiAqqsR6sDGkZ+s5Yo7AirUcCaik2nwxYUpI080rJEMedg1Md9AR/v5rKwwxMnc3ouOsEdI//HK7pKMVbVOz+Wce76qYUFHJebRQYSx+PZSo
blMzpphVTJ9VtYkvU20/huUYARm6a8+hMV5YBhXqImvqzpjXy/ZPtq6dU1DiHcZ46WGTYk9QNfpMsszTYOkYzhx9+UfC2W+74+FeWLerHXK8NCC8Ww8mYmDMSg3YpuNL
blMzpphVTJ9VtYkvU20/hjQc+1i0hqDbqkDiCGZwfwP8NTfxCIsC2Or4Pd2x6Yk5uZYFTX+HuaTf20JeVHumFnPmpgrfPWhbne+yuSM7O3iZZgyei/G0Wt5t2OEO30EI
blMzpphVTJ9VtYkvU20/hrZNEXYvRfnZMUHSGSXgKgBknx6vmn+R6wNllLwTQwak2OdJZpQvyWM9beWu7KizjUh0zy6aB9+ZFbwxgbixmh7dgZb5ir5WGw2P95tAS4ki
blMzpphVTJ9VtYkvU20/hjQ66kW9J6F+zduQ2yi/Xdy1xrG3uOK3A7UqsZ6f4IPbuoCEB37I2Zyp0eHkSUtsDcHST4Zsqq3py4D+BEC3oOW9n7Wb9CAvqy05x3ku/o6r
blMzpphVTJ9VtYkvU20/hpfGLxzAUWOGdQUAkKgXh63l/0L9wqacizwPa9TI/GtxI17oaXepSacXQV2oBR/i48MufVwYw/V9yYi2HW3Rvw111TLT1PCUO4Pl202cryUT
blMzpphVTJ9VtYkvU20/hnPu7CF/wUogHwyvPm44zRgz3w7n8YfNnPBo79qOr0pr5YYkayAGehWj5rDmRIpul/xAnN7L/lb0ZuikijIm6Q03PvAaQPy6fxUw9wIQyxbd
blMzpphVTJ9VtYkvU20/hsKo6QmGeNpnituwmLSzwFnriCVGkoTW24pMtIsfyXrELKlAWGEDlLP1fYjr9Rxk2M//Ilei/yOz0yYR/O3JJWKHYlvL1Wc9cHuodfri7bV/
blMzpphVTJ9VtYkvU20/hhLRaZXnP4mo2x1ZpUGzSRh2cXHKXS2SOskGLKSI/gowqeYEZWzw+1XLXGnUPOxFDPJwKec9deUCbw7UpGqITQIuijS7Wo6gDWxh2J4pn9OK
blMzpphVTJ9VtYkvU20/hmXAtGLRtmb6+AcPtOLVITEY+NJ2u+VnwVuVziGwzXZSGBV69IDAu3Q0u88/6+KD8OAZQgjgQjG938uSxyD3heG/UnvK686JKtvoteyJ0Uc4
blMzpphVTJ9VtYkvU20/hjfFelsLYJWqR3+Vapo9lxUtIPwecWpNCR5llMCPAvfj5q8jRJ1CNmRClsMdLs2rqwfMvgDKew938graMR1l1DsuK9578eGMgzbPsV0DB+KG
blMzpphVTJ9VtYkvU20/hmoeadaWvhFR5YR9xcdpm2DEBSJlrXvj2SzOu0SyTdtWDFFIvJwNyOgN3rUy118RhqSFihjdRZ4Dt0Ydrn1DqwBibHOmxaAoPMRjZR1WjQ7m
blMzpphVTJ9VtYkvU20/huSAb4MqxJM9Z2Xb8Y+7ml3e3D6q6I9BlvWJ5GHXr5VN88P0YUq557UAmAVZmSW3xZwxY7YvHvS7jw7jnZvnTGxZOQqLm71MglLZCOVw370P
blMzpphVTJ9VtYkvU20/hkZlbvwZKNPA/EicoerRe4N7z+SWme80tyTMf9xrUX3padKh1weLGpwvzjQPcmfETccjv/tUw0ICU7x6RmYLu5uvYnw8vYy93QVh/YLDiFvp
