GmcONIA9PFzHw1gpPLLPoqev3ytAH5KO3S/CJpMsylg=
35kyjVfwBJgytCi6KM5Vug==
FNt9orFfFSbPIXNSbXcP2Q==
gE2g7VQeqq0h5MkG44fPUw==
A4ZCFW7RnVRfEnbtNxUDb8VFIQmzxcIFLuiIjRY2q84=
cwgQW1UgxyVfBeSrdwXHsPE1eoSAri+NViVSjTYe4hg=
pYn3RyiaY4vz2unSybTHuw==
mAzeFbkWBGyzJRgEWJSZYQNn44wFaguEUnqkvHVinQw=
NiGef/LGs6v8Em6sqLz1GYGKB0111uCW/TAqgkiW0+w=
2lfNnhNY+w/3xMaMUxJbE0YFT/wvMlSDz8Vrd5FEs18=
blMzpphVTJ9VtYkvU20/hsXtOZiwEFY9XT4u8BXXbE8hWluJdA4Zj+pVov1JycWsSGH5Y9dQ4Mz50NnlBeJTCOX5TbURz3qTMrRj2ygfz/L8IpMcmh90KFloM/vJAJly
blMzpphVTJ9VtYkvU20/huVcum0gIHibO0EEQ03IOCVWiU8WsUt0os0Q6RzjQK53m5GZQa707sxEyFKM483cZSc80IjZH6UpQ6r4GnSQKJsBu1C84LFbNkb5yTa90PNz
blMzpphVTJ9VtYkvU20/hhlpz0hb3a2qtgXvWVaQWCg6BiM28KCknnWbT1tu0ZViQSNAix/PGkbhMkMOBh888aD9JJvzPPJ8N5VctxW2PXgyLZq4ejd4ai2SgoWjZspF
blMzpphVTJ9VtYkvU20/hiZGvsEHlvSaVzZqYqdRwe+jeUYEcW8TB9pKOOMfNq7S1kyPz+sFhevtVYnVBv2cpx85BaPOokHYMlFvsIdfeJRgLdhQWARWdvmmrRDkL8tb
blMzpphVTJ9VtYkvU20/hpt0AouAyraQE2ArkkS6APrJTwsAtVbjSnm33StWDncG5Truf47d7t9UWHSPVbWsU9MDOMWGeCBt7sQpPb3ov2dhiTevvEymQ+KYYBk+BgLV
blMzpphVTJ9VtYkvU20/hsmkmNjXPEvqyIUozEPoZAIS2JAb139Lk7m2POsRAtnVDNIJyWzG71CQGpTEiuG4FiNfrtel54fo0vyhzV82VAEWu/Bo7Jk/MwZVNeN1gQNP
blMzpphVTJ9VtYkvU20/hqj4On5PJB/cQ8kgreVaDFbCuEB9EoP0s0A36HXKiN/RzNvaXDOhZxhPENxNyIOUjqlp2+zCSxQdst0sY4SYek+N/7cTl7/hAT+/i5g4r0Ve
blMzpphVTJ9VtYkvU20/hsajmPrRD8XiQICPYS57cS/i18TZusrC5iii0DIzkDiIpRkHQbqsyuDgAGqlMITVSi1xgVyHZSAZgxe3ATsC5txJDFAERuWscBhzyBuQ8xg/
blMzpphVTJ9VtYkvU20/hj6StUCBw/YYjr4F976Zb7pigeDYo4xEaYsXQWil7bCHl9+dBHAGWPxRkUY2DRe7MkOJ+SGBF3UWBkhc0dIZJDaxKmnkxlBF/hso6zFyu78R
blMzpphVTJ9VtYkvU20/hgAQukkRKUnFp5Upqkewo4+7KAGcoQwM1e7Wlk16gC8hRdhHb6FAyooB59ZhnArtpEIycqgtZwDgviceZvxOW7bpDcI3yMlJPiqMBfxmMDXC
blMzpphVTJ9VtYkvU20/hhwRcoiEigZMMlMKPtZYJ8wJgZs5647h6vvU5+cZ6O8yesMj/XdkEuMb2AXpje4ptkW9fBtmFLFw47kWBikxUjeRUBX0tCmsWNPy5S2FYdgT
blMzpphVTJ9VtYkvU20/htCsfuZNMrCVI3NBxjwN7UHJqkgTo8BaX0QzAneAV/hXw6ls1NTnzeFZ6wOHe7HUdKCCRzMJnHHjyfZD3xNG64dle6LyBnhzl9naO6grEDsd
blMzpphVTJ9VtYkvU20/htk/l9htxB6Kv0SfbUaXfH8UqmsTgtT+KIg1FHWgeB3dSRRM8y0zggEB7bu7O/9aWkP/2+pHEc13J0ZD16Qv3egNaxZMXAfT6sDtGTocmSBP
blMzpphVTJ9VtYkvU20/hj8QijZorPemIP5TQh5y+f4CXaO5Y+28G9coD63PEFwzArAWn5bXKL87GRmBAEUiEqaZETtPqEaHxBCHYi+J4Whfh8I0yFBIj3AWDp2Lfc0y
blMzpphVTJ9VtYkvU20/hvJIaNqboGmY13jE9uFy8Zo+G0JyNFarb/5Aqg+eR6DHwu6NrZtnKUiiV1xGWnXaV56OEJbkbyhYCB2gwfcDtN7/psstc1iUIMFb+oYF8du8
blMzpphVTJ9VtYkvU20/hhzrf0hzlvx/JrfSHKa9/oZVYlyrCjJ9+7nuu8IglgLbli8vB/YIrlG3dFKZ69ATeiTMF+E4ukNsjsKtRff7oiMd17pq4U0YNTj+GtTCA8oI
blMzpphVTJ9VtYkvU20/hm+PE4OWp4KXai0xAOskUPIAY8FS4FiR5F+ByaTkc1yP2HiihXSHTmDQ5PRPHJ0WO8HGpQD32on3Zbs4rCltSd1fL2z41rEXxBDyrD1KEhLy
blMzpphVTJ9VtYkvU20/hk8NCoLkpzCDDM4I4ILAR9TvopuzNcNrHfSgvgEW+6zPtNgk4B/yObwapVkQSizQO/DWL0b2MI7gHm+1KQx0MYNNBO+/BY+7xiUj8tTi499Z
blMzpphVTJ9VtYkvU20/hoL+M504aIgSmtEhGf7N6rtlePeRbqp6czjbgWUz7cRMz+ZZf3qTqWzGWfJSQ5NfHVVr1rZW79iL6bqTGvQ+uWsTk0LcdBOW6ml7KMz5OOSe
blMzpphVTJ9VtYkvU20/hi8rinA/bSxLuE3hNCjeV6XV7bmaPgw4K/OebTjRmvL0TtAHrSIa1LEr2x8WRpmh1ERLRGmkgYNPP9FejqcO/JNMLVBIKD19jsUxOXU6R8KZ
blMzpphVTJ9VtYkvU20/hmngh06GtrFa7wlrxBbU71Xxh6WAv40qA4M+4NMFIPZPKwzUJEDkG4GKPB1Iy6O9o5UHCEAEnA03o6xCt09VPSosGq5BxyEv3gSlET8vkyS4
blMzpphVTJ9VtYkvU20/hujFM3DapUOXHL3upu5/45fRUZ0YwxVO3xHLNMswsGJAI9AiwwWoEZNZac8w/OGfRgRUHq+sCvyOicRiFG4NAN+4D9K5qE5VTTVCfqTPA+I7
blMzpphVTJ9VtYkvU20/hv/sB1KKXmQ3v1ojXu8qxmopQW2fteVqqR91l5uD3WNGPpIYWuvKkrrTD1tY2HFXYwI8nb8FkK/tvZrDdC9AUhybaZLfoUagkKIWKXeC1f17
blMzpphVTJ9VtYkvU20/hiRyoLX0d3ZCFiWtI67Ac7AsawGNpuypzvR0FZ8SY4TqfyhdhybsojkV67HAxf5as33rN5HT+tPKsNWohJTeHQ3kl23SQHWC5ka6030hQnWH
blMzpphVTJ9VtYkvU20/hpz+kQTKdveg64YX/abByUMqu9UuO7o7NOoezraRRjPvsa68diR0/pF93oYl32dWf4OKF2wPeC4puDIwlTu6NgwvQVjkXzhaiLcF4+FYC+xz
blMzpphVTJ9VtYkvU20/hhhpd9TZ+94nX76yvlueO4Ga3sZaOKC2AZguDWUZrZsi00WUrWL7Yry+iMo9BVDwId39Jps1KmeTlwRFW76Kz7aI5ajPE/B/Gylcu5TWP8Vq
blMzpphVTJ9VtYkvU20/ho9GRC2Y78DEpVLYa3zz3Zb1NnAf5LZWoUzPSmZBrAEee7s7k+cTOzrulsESYfEtxcV2K5c1BBrViNNfAxuWIbyJQQ7Zlw//Ro1IHRh1lm1a
blMzpphVTJ9VtYkvU20/hlPf2An/lXFb79Br0hSMB9QIhIe67HCpMic1E8jYSiCBuEb2TySliXHjhdnDgPlUBVnru9RL10GhoD+6YzjCqDkSPDAyLtKX7Pwwm1idkW3j
blMzpphVTJ9VtYkvU20/hjII6AFmf9mdacia+6MvqXGcEH3H32Et0OKkZCJg+Sl/aBjY+oTJVsg4RqLnIKHkklE0xRgWgKsA0cM2vO/U+d8oMXF5/goLHVgY9canexRY
blMzpphVTJ9VtYkvU20/hrwxALxyK8koSGRT8n4OECFr+rrJVeulV+4Tg+qITBNztMHSZB9pX9Ni3EN7p4vl6s2473osF3Gd7s575ZUZ6cbiyqJbTz9yKfciOspBBcuD
blMzpphVTJ9VtYkvU20/hvmGbTaZ0TvNM/aoCOzIGgHkovxq21UMkXWWUvnRnwRyvOIcEpi2f1Zz5tGgvcQ6SY73yCEYtFYeghQdx2YRPkWAuivGWrEMdya/K8HK99Ec
blMzpphVTJ9VtYkvU20/hmRRUiYj6lQr1NiK8VuBiRZ2YPyXT/ADm1hVHGE3IcbrIqQNDf5f1sVOte5NQR1Sbbl+zX3imbbthQIWsLmnD+sh3u4z9XP4yY6nlwIir4ul
blMzpphVTJ9VtYkvU20/hkxuQbfpjdEvfkHpd14v8Ngf0OAGw1x23bITuiXslj12xmltFA7bZfAXGdfxRr6fZ99AauTeY9KY8eajSf177wFJrcQhw2PNWUPWoQpl0kj8
blMzpphVTJ9VtYkvU20/ho2NtG0JXebYIp+gbf7Gqeqlky2eMXc4f83R5PiNHYqgou6r65Fmdm6ujxk4+ib7krV+OKBuMbnwaO8OLHPy8nWO7EDA8Cf9l3fz65ZhqcbL
blMzpphVTJ9VtYkvU20/hl9cyN6IKvzjuK0qL0z7JugrRP/PsiP6J9gxy+4sq4uwLG+qNrJop6f3juoWY17/YN4IeW6+Lgul+11jZTfUXxXN6SBmem00hdwQu3ZZzl+D
blMzpphVTJ9VtYkvU20/hkRlnK4UhBEauzLQbvgofyD8xvrLKNf88DJGZEd8tZH9ex9uEK+F2ru9mLJEUfBLaJM/Qegx6xgm8JTGXK20T20lwcPUAoo6Kim1RWVFmly0
blMzpphVTJ9VtYkvU20/hm3Kc9vUpU4FlGf1Sb7q7fwJP+C6zfXEE7lcbPqBzayDVbkvbTth84Y0pXwxVLthLZQXgcFz3VuDDVHyj7x9k5MCYPKTJKAN6gB86WqcHmte
blMzpphVTJ9VtYkvU20/hiBILq1TPGta/dvhCcA3viwC3uik3qtYdYHOx1LEgerh761osQz+g2V7IbF89y80IBFnvF0XkSpnsrI94fA2eJDNxvKRNonldMqW9ZBCUBuK
blMzpphVTJ9VtYkvU20/htU2z1U0uAjTJ3wOYq1Q9IFDihtlaW5S1tD/LIw7QahTrhPxrewKyIPU++K5H0GSFDnB/kpu8Yw/VlP5KTaKPp9sSYGolunvyYSM+T/pi4XG
blMzpphVTJ9VtYkvU20/hpt7/ZYUI+dq9NkrOIaaeNmssDtNRyx9JEodCkHmDE4MLRSk6gPyxl9jtkmkvIxHhubdGPhgcALuJ3mUkIw1O6lH4lU+2htzQkTJ8dAMpj6e
blMzpphVTJ9VtYkvU20/ho/ifl6IuGhE4dfw4CZ5siA+6vNnWFzgRbrHbWGERIzigLzREB54BhNejyNG4ZiEDocN5Xl2WXbDidnRtCG44jjxbVM/9FNmWAqt5ClNc89L
blMzpphVTJ9VtYkvU20/hkhWCoOk+qFErfaIyCC+1hpyQ7a/xD521f3JZiZkiT6ndoWy+JwmRKURa9b7HgFc6F69/Zl+Qb/NcWgiv/rs19QnkXTC7xG4J7KgrHL8DT/A
blMzpphVTJ9VtYkvU20/hiYtGmiKCaRlWo+BaZXZ/+kxHkC6a0iVYJENre/kcIu7RWk+grFSYMXWopnGQ9Dx3kr0xSshe1VubgCpAy/gWP+r7boerdMKwbvHD8msq48Y
blMzpphVTJ9VtYkvU20/hrNyEY5coO+qk1h3Zc/AsMl04U2ZgmlKG4cVG4nG5WrFBNgU7k5tzdVOn5g0fwm1hE+tQ67CokVlB5mXnr0hMTllFQAsxjnpEcRQJEdH8ZQL
blMzpphVTJ9VtYkvU20/huMgp1u2+aItraZLdSTnQ/wmg0nxAFDtVXyxx+4rb1p+VjJ3jYApXBI2YdcGXIRDKSn7PQUev3YotnwyMdGYT7F5SVU1ASVU0bBhaimeYmuO
blMzpphVTJ9VtYkvU20/hh16XJPH5xXcbzET5qcKlBlXpEQjbo8MPs0LJ7LsMif7T63sMlqz5KGWwlpEDiQ5Fwrp66jPD8XVQGQNpHX2Y53FPLxXBDBdt/Flvvq8SggU
blMzpphVTJ9VtYkvU20/hpV9fi4NECA4TFDT70awhM6+5GJAryzU+aGcJqqDVaBzIv46DnkBvfTSidPdKD/P+K5Ol0EDrw6nq4cN1/UOFCQ4yIP5kGx7h4lW1Ijh/TG3
blMzpphVTJ9VtYkvU20/hme5/k3X2pn/XSm6xIPbuuxNRSvAdjcjNiNsKJE6e3n2VQfNl/K7S1RqcpVWMyrRi8YK2thV+pzxMQszefqqHz7gVWQpbhc3mvg5whWQSOpj
blMzpphVTJ9VtYkvU20/huiiDsUE4OufZGkgHjRef1Hv6jjcNQFFUPVjtbAL3lcZy7VhA2X5SE0Xcj0iUR09/YWtZfO//3uAp2W7Z19uN+Q7BhmCzxZaC2rAGWea61qt
blMzpphVTJ9VtYkvU20/hrp6i3Jw2cnQN+Q9A3khVh1woIdHNoVDKax1LT5AQdI/VD1LtehgNfW5FR8BUnDvjKy8aPRy0xiKy0nop+dwOn5XMqlu+soaw5NhefySjLdu
blMzpphVTJ9VtYkvU20/hlEjw/JDRRz01yUTSIzGl2LCIA876kafz1FXbz3E/Jhd7MzqukwalMsQOmP4SueAJUE5KeeaEfqkK2+KEJXNPpahnBHoCKaC9FqErYGcBWEt
blMzpphVTJ9VtYkvU20/hj6bIGj2YkxxJyadaAC2HJNV5cIliX4xcpmUEi1HJqYFnReWgNEPYvuQt2RmzVMzs6icHFBh4ftsF+ve7eRZl+wgItnJUBqAlyNoHPynfnNh
blMzpphVTJ9VtYkvU20/hlFkPGcN2hEuuk2jHOe+Ttc6sfR6FKTkDedg7q4UyT5IqfGuPok1pTH4E3LHTnW1a1DvhMWIX+0NagJJT55sQAUKsOnU6tMm7zj7W+Ib+oTc
blMzpphVTJ9VtYkvU20/hqdyUjyoSsmIydJHCNeQP/Ecawlh10IrChOleqiFm6RbRZ6i4TZLmUS9XrL8cV+um2n3CVH8zVismEGoMFME5fEB7yokX6celPdeMFxaCuF0
blMzpphVTJ9VtYkvU20/hj/KM74O1VHSIJV/sQqAI9kXi+NS4jJYRWRAL2aqK7cOBSD2soCK3kTTd+zinmPgj/1j+GUvTjiqPWSvgzBQ0tqMMtoi/3Gs3cnXm4EljLHP
blMzpphVTJ9VtYkvU20/hpbmEgQ75gCUT9oa1U5g7LrlqgG5dcdGrRc1831W3bgs488HN9j56qhRYenNJKtMDBRIlrYkdKKI3WBBYetfgPQo2UQYC9j2YKA+zUM0QcGA
blMzpphVTJ9VtYkvU20/hjh0LI1WOTt4a9xJWWjP00uAND7E5kYs2E6VAHjMmhngH8jglDpTYB8cWvoNdnOJ73IsOXrhbsLbyvOkfm7dSiN+ABzGTxvUKOukd/LKRJ1z
blMzpphVTJ9VtYkvU20/hmXqdodP63Bd5dy+wF3ngCvnZS6sM4cLMzcXoFXVaLbn6XWrDTxRgJNtQJxOAzvc8A6lalTBfmGlOF6cGQZNY5k2Y0RE9Pi0S+GE5upZMCnX
blMzpphVTJ9VtYkvU20/hqETHMEv16krLtQ1eZ4byDYtRNhen9NhjvTB8DZXRvaH+BJmWSzUAC1kZBw8A1e8bRhKVoezBvxohY+3gtqnqoBpYQ4DKQP/Wfh3Ci/7KnSy
blMzpphVTJ9VtYkvU20/huhv1ISD4CRHkU0XcLsGkd/a2rKH5JRJhtLajRhEMbVH0t2vGK2VBN4ZXFRhmvPZ1n7pWGqCuIwI+eG4azyu0DWUMNZ/LWnNbIb/KW6Zs5HX
blMzpphVTJ9VtYkvU20/hgx9D5e7YopBl1aQKqcQ/7PPLk9RZXp3Kteld2JMvcoy7bw0AYWrFetOIt4d0nKcLO5jBAcItt0l/RZvRIOPkl+adEHwxBh6TlRK7rFO0BMA
blMzpphVTJ9VtYkvU20/hhk0bsNgqqzZLp4QDG3caDXXHIqsWw1llDOcJQMOF7UELBzlpXCYUmbl7oP2KITagquyKARf8cos+9HcynLgzNu6cZpf+yFzpPKU2uygnn5g
blMzpphVTJ9VtYkvU20/hkq9MiB5iJUuNxal5VyLPAS5WGLuj9CdYq+mL0Bx/50Bi++vjJ6zakaHUL2AUZC0HJalR+yUYpOx3x8dp+jJwV6sSHTmEl/GTNay8kX84oiu
blMzpphVTJ9VtYkvU20/hmaEN+EanJKcyyHM2XoHRLHQB/BgZOxFegKKeipMCHQr8lIHuXpfvqrEfju3l+d4FmClW1QKP0eZEjgkir1dku343nperqvt7tvgv0v+ku0e
blMzpphVTJ9VtYkvU20/hoh+0dI7ypvo+ubpQ7MADzmd5qiyW2dHEw0dDlLd+R+/LEAkHVrY5q2E78hzK56YEnLO5dS5blARVmn0tFY65Xx5VngdXM26gNXzl+NIkTVj
blMzpphVTJ9VtYkvU20/hmi19wWLEEvVzLbnaUjIJAwV+DtfQcpLbGgfC/ESflByweSjslgfq5hT64gAjOH4zl9x/jRlksRsRQ5hIedjDXvMKrKnAMwdDy775xcRpGbh
blMzpphVTJ9VtYkvU20/ht1Z5/AEaCQSj0zhjoMyNiCmQsF/Pvv3vJrW6DLTafHlbPg5+W8XzQEAL1fAwBGZKUwCqrYTPAZgpSXc5OfTvXT8oxPt9K+mCITGokWR65Hy
blMzpphVTJ9VtYkvU20/hnltVzwtwiZWaH2yL6ee1RYJYL1+VnH9JS/9NYbXkbh7Y3JFox/RCdWN3L4jGQBl1Rur3pk8uD7UZXFiH4S9ueMrVYfT/pyLsTNnLM0C5Py/
blMzpphVTJ9VtYkvU20/hsIS93tooVoVvTlw+moMLnzpKxbGD8xQ5FYxZvEj/8owEVxR4TWxlcpvY6MzFjbiYAnScVoV63f4fj5rGIMHe7D99JRYjkTSCP0RpviZwqpY
blMzpphVTJ9VtYkvU20/hi17j/UtjFKsbDYRY1znf3dHa2NkEy/8pDkw67gHc5F4/xgKXGy3GpD1zkSyIbfvdLX6x1u2mdx5DvdH/0/l0P81mZDGbiP1lPeWomrVDpOi
blMzpphVTJ9VtYkvU20/hjNhA/b2CGlvQanzBqrxVKmvcs6oYlD9JGL/hN4MG3aE7fJTA9f2lG+hd7DuogQqTQXNEt9KF4bTMIetgPdxFD/UAq0N+f7PqWlnOVb4Fx33
blMzpphVTJ9VtYkvU20/hh0iSW0Yf1HgBk4qXLCJEvhy0Xi9oqcV9H0Mqj70PWDhAVb5rmP+p+rbG1LU0VtMawcXW8xo5yyytlakE9glW0qSFGq1DAXBqWZjFyKhpx+H
blMzpphVTJ9VtYkvU20/hgtlHrfHwPlnbUwMZfP8AJYtmefLocbyndYWilzqp8wAk3HKHtWEWALurqbq/nUyoblnD9xm7b2G6g504e2IK2NiRMyMnGYO7gthRRY4CPy5
blMzpphVTJ9VtYkvU20/hk+Cwz32h2gkonuT1nTfqPc4L965/2VmCGOcGVwtcgphTfv/4WZU1wV5Kdfw1yuagvjxC+3K/nM8b5tU1rDdPNXoOjDruGG4SNgvFVYMxuRK
blMzpphVTJ9VtYkvU20/hkxAPtwPM82ygZhB8iVV9cPm+S1zLm8pMK1nNs8FPjnKfBTO3tfDRIXgJWYXorafIA5K309WDJJNc8pam/Y26wO3Pt+nLtMLPJitqcYU6ZLL
blMzpphVTJ9VtYkvU20/hrmvP8oYT1Tu0hWKlgvHT2E7OcoWNbDg518mA7jX+6RzKu8BxefijedM8AN/HHUHlIbnpxfT8y1/RsCrdsndk57d5uZN+hjBCeT4npkLjL/v
blMzpphVTJ9VtYkvU20/hs2uLxmP4d8jcdOeim875qfqQDZFVZZeuGmCvQLDD+7r9wBZE2/ErtPnyAjzimhQ77N8WKQsB20xq/JReuT5Snz3NGrBYeJjWzHWbdnL/YCO
blMzpphVTJ9VtYkvU20/hqeXuq+OAkUQHl0EflTTiiLcP0JySvj5sQH3pfq3mbr7nrirzhxjqdMIH1MEfL36d+LpOwUi3FUFB9VRWndrHPfIpFlb3bJhn718Q2EL7fFr
blMzpphVTJ9VtYkvU20/hifdnXVAzsUVEwomSb0V7Kg7zLP52IaelszzRAdZ3lL7pSHSFvjt0pRB9gOGRw6vR1zJTZw28LW5lnYX+Y/32Z+whvrlLd5mDqPdyPaaTKq8
blMzpphVTJ9VtYkvU20/hlfsSs7+Ztbs1CucyDID/S8l8pClGArFUcl3lTwzJDx5KX+SS4N4GjZw6EPo/diS7w1ET/C2uyr/HnHofB49/I4p7wAWolJueJMRlx+TP3DY
blMzpphVTJ9VtYkvU20/htassT56s1h01OAtpYq3SYIsNTJudTJtV2Ib/gpyfU87zE7kdNG09Rs3mPGe8hEWfgwAs780r4lYny5M31AqUoUVX0j2GT8jUoFbP3MYkuyF
blMzpphVTJ9VtYkvU20/hj8gcLNM0y4Q8z4MOWuWuwhCTnQKDdrWQobL+ZuemLw+9B+/niAyzsL2vLvjl+2Zli58yYo1jf7Y+wZMI7iWnMCi2mDwPWrLpZe5sDoSSDA3
blMzpphVTJ9VtYkvU20/hhFHH+xxnwConAaFJzpgSQCgdIuGxO2YBG+UhY33Ek96/jRlzzlH0LO7tZlPI7JXiRv0xlHV21dOKqI47pVNwOFtWESWswF/KZ8FJzX8ew4c
blMzpphVTJ9VtYkvU20/hgUy3/zAWLJ4XCCqjCA0umLm4rRpBIM86k1qli3dUDFIdWUmxs7qGWErWpGHJwq4PQpD+FVVI9SAuEiNrIgpNRh77WEg8MUfWw0i2Ah2zGtg
blMzpphVTJ9VtYkvU20/hiCM9LVRQxJefbwPl69PNAyRQ8/ZrJG+p3wDXRlcxoemWKmL/YC31XVJj+0zUAHcwhCxGz1VyicZaaoaLt0s+CubJXxly6qsgGUlMCrI+D3v
