GmcONIA9PFzHw1gpPLLPoqev3ytAH5KO3S/CJpMsylg=
35kyjVfwBJgytCi6KM5Vug==
FNt9orFfFSbPIXNSbXcP2Q==
gE2g7VQeqq0h5MkG44fPUw==
A4ZCFW7RnVRfEnbtNxUDb8VFIQmzxcIFLuiIjRY2q84=
cwgQW1UgxyVfBeSrdwXHsPE1eoSAri+NViVSjTYe4hg=
pYn3RyiaY4vz2unSybTHuw==
mAzeFbkWBGyzJRgEWJSZYQNn44wFaguEUnqkvHVinQw=
NiGef/LGs6v8Em6sqLz1GYGKB0111uCW/TAqgkiW0+w=
2lfNnhNY+w/3xMaMUxJbE0YFT/wvMlSDz8Vrd5FEs18=
015CTs6uflfvRYBXjDVJY2bXFVcGMdrbtF5CQEuxLmRO4AC4Dzv/fcoCctO9/yZCwoDbx0Vm9j5/741pKS2NDg==
015CTs6uflfvRYBXjDVJY4EHyj3GTvfSdGSqaKv4dN9XewBok5e0J8pVYVhVMqWZ9ucmat+KF16mR/BocOPUCw==
015CTs6uflfvRYBXjDVJY6tEJ7VGokPU1pw0xrAcqCdJ/0dgneVmc5wFoCRslQcmEVtcpTzJdKlsmtwq1ini4bzvbVzGKVPI82NGAMh4iAY=
015CTs6uflfvRYBXjDVJY0FiXCre/yNpe1FRhtkp/GlfbpcaDGuCPCLfWMCMVzIndOyj8eqayKK5jXgYM7vh/Lbb02nKGreHQ1Mfk2nn8LI=
015CTs6uflfvRYBXjDVJY0FiXCre/yNpe1FRhtkp/GlfbpcaDGuCPCLfWMCMVzInqlGc9+/H5fxnRSSM+McQeuqYBaJzgNpfb3TDz/XG6Co=
015CTs6uflfvRYBXjDVJY5SZMPF/atr9tTRQ8MN7SvdJx7uM1KEUhmfAUMPna2ck4fw2bllx9KjzlaU8HQ9UgA==
015CTs6uflfvRYBXjDVJYzrbaHi6N9A1x21UZ4RfRUsu5ATsiWjI53tJW+fAI2WR6a7OXgcJ1wDatcN56R6tAw==
015CTs6uflfvRYBXjDVJY2qs1tpWFYlSQfZQ7v4GFzp6zJaXdfx6eO0dlJdNHR1sk4NF2pEhx8qT+UBISWn3AwMoJotJE/zUcOEMwIoPUt0=
015CTs6uflfvRYBXjDVJYxWw/w3NcE1yVbWSUc5M5Wk8wNoyeXJIVtshvqWgjHS5mJXUbgHwNx4vMja7AqhwG//UKZ+098vkEBBhElHhals=
015CTs6uflfvRYBXjDVJY9vhJcop3+Tip0I3jEBGupE8Mdz4vTpIStytVQaSHMC8fR71kK4/QSz3yGvS9Pfo1UZ4/5178VOajPRuAqdgX6c=
015CTs6uflfvRYBXjDVJY4xwD7o9tSaH4g1QvHiMgYEU1Hv5kAHuEmNsQDn73dtmfuA90eGhiahDcEH1SYzhwA==
015CTs6uflfvRYBXjDVJYyCP4dcfJ8zaUrSMytg9YQaefHzG3LEKvMYMzKQ1nAirwBnyOLBjdouUs5bzUvKcyw==
015CTs6uflfvRYBXjDVJYxkGMYjoJWkD7nx0O2bvw3HieMXIfDXA1rsA4Ac2fW0LpVNC7PxrnKZHiX/ooLKdNIaQre1yHn3LSpSWeM8USlw=
015CTs6uflfvRYBXjDVJYzi418qLhVfyxCaWzpUo5mR5eaqHmp7Gbiqh3G3EbJigDqZxORsjmbrhtgM5W6q7ZvmUJbrXikVNJPYsFZPdsuw=
015CTs6uflfvRYBXjDVJYzi418qLhVfyxCaWzpUo5mR5eaqHmp7Gbiqh3G3EbJigCS3kCSgCERdovmj2n3Tv5uN+EPCyq4jNyksrrJoZDyg=
015CTs6uflfvRYBXjDVJYznk11LRiHff+WvOvVPbg+TN2GrnIBKi9/jm08T4CuqW7YHLuW8ePSQJ0IyH/TAxBg==
015CTs6uflfvRYBXjDVJYxmg7VPvgX0nd89cnFnxnmdWa0RgPRJz9aUCFzhskzjnn1cdzWn+u+iiOoVv3dmjZw==
015CTs6uflfvRYBXjDVJY51p7N+r/LeoKk/+93mj3I+UgZ7C1EHh1+mLU1q6TmSt33bXn/myxGslKK4+02fRHE58dynrn+4BzV4rWzVxkag=
3tx5gNfi/wF0j8jdIvgsg/bIdr/gonwfk3LYTHpAcatPUauGyRst66+5zLsht3AUaHFaeEQS7Gv5ibmCgZNj+3HtEPlU1hIacFWCESHBd42DHAUwcioa0kQCkixw3E0lSf7HMMdF0h+fKkMdDS1HB1QIxLSpkr/YSQ2q4eM+IO6qyymf0iBx/Rhp3/rwGC4LiWGKPA89NuIeJcsrmzqAo2tzzYzfTlo7tb/BBoeBYhU=
3tx5gNfi/wF0j8jdIvgsg2f5DKbaKTa2P3l/PkhUhAHm/xBwFVzAFRyREPM1LYfjyw+i1e9IsBYOkMW2PRclQhzNL+Y5q8ygFwIFDLcaVBLlDjRDBHQCgz6lYPuUBR2OUMTGK24jNSCSzEPbUO+YKeKRfsiDO78/9hDnSTKcXtICUTOFDkZVBTjNV5VpkwVrF0mmyg5d1XoomD9+ZgvcHz8rquK2z3M6LSRnrwqR7rY=
015CTs6uflfvRYBXjDVJY8NqAk1l5625b0Gt95awSFPimhBiJeLumPWcygSCicDWiGohHMSFEsr6eCGhRTBZoMHmXe/1B012gdKnaeUgl2U=
015CTs6uflfvRYBXjDVJY8NqAk1l5625b0Gt95awSFPimhBiJeLumPWcygSCicDWYJGAk/etUfvsFpZCCuqrjOqszrIEaLRPLfv4Ono0hkw=
3tx5gNfi/wF0j8jdIvgsg158mJ7j6H+Jju0the3BPFMC5pq+5v2JEXtmsmTheEeK8VRsOda1g6u4iRTJRdlUHH8nFgIU+bHJvy/aMmVP9Xl7nQXjc8Zm33HqcwH2SIoDFU7/X/4dReSllS0EpzBo02h9cdcuBT2CAiRNvQK21HMZ3RpNB0mNTOskQr55sxV4wgbx7z3kClFe4uw/dSxYLtwh/xZ6/cqwsrJUol2ZcX0=
3tx5gNfi/wF0j8jdIvgsg/DRAc8N2fUtCgK69i0vdjnOsmXDH9WVhtHjygHNaGDG8HNxemJH15kxR/xTrt6jxqrdlz/cDBMlycZtuvDHeBcIB8PhFjx5Z25iJ3krcMTTIkqL52p6Olvv309zZWKKRXTkeLW+TlXeIXsLnurex7Dy9GgoxsC5KRsu7uXOiXTKFV2+P+ZGGYfkp1evcziOlWMq2JlEv0KKBj0PJT0A+jo=
3tx5gNfi/wF0j8jdIvgsg+9sfJUE9Igl+1GazUZCHl485Htgh1U/txskcO9/RCrmN4lRq4uRHA3vZirhwuB2IB2W6zM28eLVdwsS9WlECug8S+TjyT7Jlvm9pRtjAiUmhfNX6cacYMc8Zwu+MP1H6dxs7zAoC/7g92Da1L22VdbPp0KITVG6Old5RMPKkGKWjpLEKv2qLHlZAHCDzb4RlHTXYh9b8OyQCQ9d6+FW7Ig=
