GmcONIA9PFzHw1gpPLLPoqev3ytAH5KO3S/CJpMsylg=
35kyjVfwBJgytCi6KM5Vug==
FNt9orFfFSbPIXNSbXcP2Q==
gE2g7VQeqq0h5MkG44fPUw==
A4ZCFW7RnVRfEnbtNxUDb8VFIQmzxcIFLuiIjRY2q84=
cwgQW1UgxyVfBeSrdwXHsPE1eoSAri+NViVSjTYe4hg=
pYn3RyiaY4vz2unSybTHuw==
mAzeFbkWBGyzJRgEWJSZYQNn44wFaguEUnqkvHVinQw=
NiGef/LGs6v8Em6sqLz1GYGKB0111uCW/TAqgkiW0+w=
2lfNnhNY+w/3xMaMUxJbE0YFT/wvMlSDz8Vrd5FEs18=
015CTs6uflfvRYBXjDVJYweN7qnoMe6QQTx+L517QAuRTl0KH769206YNygyfjnkb0F9xvmxHj1ScmTj0YHVeg==
015CTs6uflfvRYBXjDVJY4cFFS9cG7HUpAyNCc9kXWFF+FkyLz4J9lle+6u486NEHF1ER76rPrARPu29VYzn4Q==
015CTs6uflfvRYBXjDVJY2i+zShWh/tAc3oSOxzDP5ilJvVTe9eU9gNKeIw5qmoTevkuhOSR7O9604sAvewM4bswsj1QmY+UTIWW+n53HCo=
3tx5gNfi/wF0j8jdIvgsg2Kf+LbbrE18g7HxXkSqSWvRxnzliPwr7IVt1rA38DEBvpjAhfgVp80t6cTA+SX8h5eiaQOrZ9GsoRMTzDP4ZqdvgPIopJ26DgGfjbl+tk/H/pEQ1IEz43H+nBavo0Bw6GibU58QvCvx7PnpkuQiDW6RpqQBm6PbT1Gwi6gh4WktAdjIHlz7I9+2j7cv2Nyw8+YEs4Qsl+PStXNXLMkWjFs=
3tx5gNfi/wF0j8jdIvgsg2xhhV19VSjbjiGoeSf62CHdfsqH3s3QW41PjbmJ15zG4T9Kq2ul5FgHfZOd2lZInvJYISOAk0GVeDpnRhDGnfwjiVKueIV4um0JCbeYjuS/d1kdMgnoW1VBl+Zoc3TyZlY6Xc9vIfCRe58R3YCbkV9UwwuOPJZhLRjbMCkUtgZEPLHroIUX5VgylLc/l3u8p9x+fgwqmJ0n2IQDeZCaCzo=
015CTs6uflfvRYBXjDVJY0Z05a0LximJNZUmZJJHPEHt3f4hJYWnvqTniOqJSYF/hbpOgH7mQZpoLDsJqvUa8gTUEY3gTPvCsrip0dnQxsk=
015CTs6uflfvRYBXjDVJY0Z05a0LximJNZUmZJJHPEHt3f4hJYWnvqTniOqJSYF/YDkd72bctBaiB1iPXgn8ADTVG8td/PCcw2+1oIuThI8=
3tx5gNfi/wF0j8jdIvgsgy1HLupRV6qY4WWFa397SF3Uw21YPXyjKsOFrPgFT6DXGnyWe2xuvzw9uaVauaAns98HbZhCYDJOytuRir71P7Bechho5qpT8RfBPlRSgnGvAvsh3GfPqC9piJIc4VnKQD+vvRF8ROPpO7Pf4ZJb+tnfSh8lWYcO4e6bLu1UQTsaUbzGWnTH+61z13XMKZ5jZ5Ciua2ZWSh+EhIegICP/hg=
3tx5gNfi/wF0j8jdIvgsg34cn6iDt9azZpbq5UfRadvj6F5OTwT0PTOMmBL9sKSNPmRaxEZCpWWvMgpGW1txYpkR4qbicN1viVp3wugpcRPS3f0z4YSObri1y4kkpxnpKi/tpNP3mDkbq7pP3P0gZ2VL/7qwseCeAh4FeaRoRYIwnS0GE8W/dmumteIFrvbZW3Gqe+OHbCAMP5Og8SCSOwdWE8H/V9s7II8lRIARsas=
015CTs6uflfvRYBXjDVJY9snNMu0MEYYbx3Ys83BTpmiE/aM7bRa4W/F8t8vJEcSQc0f2dTevKPTLWgy7dajYA==
015CTs6uflfvRYBXjDVJY//embyKM0oTlJWd7VPHtLQ1jxGTZc1IJzxLDSEeqxNPs1ht5ubtyJ+wwn6vp+yUqA==
015CTs6uflfvRYBXjDVJY6ZWMcE4Ohg8c+02dJIs/IijSm85oVG+PY/n7ZbcuH/xRsLei0cjuqO2gd+YCbrMzfIjHCEfd5vf7d82tbXCklM=
3tx5gNfi/wF0j8jdIvgsgzO8guikwhlZz1+0pz8TziaABzPTjY0Aave6iBaruCptDWF9fB+o0IRTRFj5XNBwDBGLaB2UQso3Ktm7XYbHNzjeOWfisMlck6609N/bFd6fyhBw4u04r6d0DE1fz01K9ojZ+eBGStPE+X7XOUwnsr3gEfZKZK9q2t6j0xb8DRYMqv4X1qqsoQItE0Gfv7EGLhRPgLK5OwiMnV5ie0MPD+U=
3tx5gNfi/wF0j8jdIvgsgyxYSi6m8srLuHYQP/ok3jWy3ZRNL7iOfHSW7TWXGV3zgRjxdJBF5rWaa07sruObWJgRxoWq4jmfq42GNgTisyECETdCRszhz2Ypdq3mvZ9dR72k04OsyfySdyWKxOoKfG7bghR4iMIj5tBsXllLtbF8tXtxZts3qAor3HYTBnFzfmwAfc8DAWqPVkdkSITgBPndiIjMmM+itABunqG/rlo=
015CTs6uflfvRYBXjDVJY0eWarhW43/+tOm4w49oRqBFilkrqaqyBDWdLdDxreVxjfC1qfkl7PnLuuso2g8rf9vL/nl0gzgjakWvWleU2ME=
015CTs6uflfvRYBXjDVJY0eWarhW43/+tOm4w49oRqBFilkrqaqyBDWdLdDxreVx77Cwa+ClhxTgR/+eOJo/KoSKZpct+XtfJG3fOBPj3NI=
3tx5gNfi/wF0j8jdIvgsg5FQhS6jlOExa6YW9NNSbdZCOwz02eWZSQbGC9ZOUyx0w+xkAiYi20vJRTe83xfSQLf5GgtCy7xaepn1ujqUh8Nd7x+Y7GByscLupyhkQEqPtw8d3z5MRHeIK73wWTkSxNTevX+004NCWNL5BRVOvS6Z+TLxOv5R255AM7+lO4kEArXynwsbrVcHltMa2mi1oIq08VbG4/PupKQinBx0D9Y=
3tx5gNfi/wF0j8jdIvgsgyIutX706FIxAOuK2dNE0H92ttTmUrmwztng6oSHooWiqD9abCM0BhD+yx69JTJZtZk096hfWpbdoTW1gAF3QnZ2xeP6NOpGT9jdi89neuM1EmYOEvIyT5to5i7KSMYJckUEtZbOx29SrRIyoH/R5PD7h36P5yzeZAufBUW/odjpQzAkosMx2SuFQydjPbXeVofvL2pufe1EPEuBkaRFB7k=
3tx5gNfi/wF0j8jdIvgsg3tx486WrDI7KgIYROf/8hGdfDkdz6kunjRP/GFXqNtwDe5gS1hSroMoJEcNVZMZaAG38OD6xJc9VwUCrzGehjbZJQKKH5TijAASbev3vBGM+bspqbTqYQMGCkG0TrwUy2GzBijkgIcelMSQnsHXtFuTItJQTfDQO0XUja6tdNGJ1hy7GZpuSDGIEOKhvySzhkJJ7eJAeoej1Uh6MaUscC0=
015CTs6uflfvRYBXjDVJY1OmsC4esGwW53UHpqitCQ4MM5BmIl+XSe7EkNuflcFv0c3JQT9VZmExxLkImzAfOQ==
015CTs6uflfvRYBXjDVJY0MZslm+qaLYG57O7rlDezZlCaFx0HLLrEP5HzvNCCmR+mSAP0+97A0TkKBWdtg2Jg==
015CTs6uflfvRYBXjDVJYyoawEDeD+cyn6l2AtPxSmezH76k06GW4BBAT5fK2Xj1zQm9mvMuT96LIXmKVqhVaX203e9+ECpk+Qc3LGB/fZs=
015CTs6uflfvRYBXjDVJY8HZ2lMONzpmukpNBo1OO5GTu0hAarMonktGnG7KvnocIBVfeXBLjbV1syoFGIw9PFhjY1OleQamzhcxKJIwI/A=
015CTs6uflfvRYBXjDVJY8HZ2lMONzpmukpNBo1OO5GTu0hAarMonktGnG7KvnocLWHy6I9szgDh5pgCl+MT5ZbDAt3xxA7a6iqwLsmy2r0=
