GmcONIA9PFzHw1gpPLLPoqev3ytAH5KO3S/CJpMsylg=
35kyjVfwBJgytCi6KM5Vug==
FNt9orFfFSbPIXNSbXcP2Q==
gE2g7VQeqq0h5MkG44fPUw==
A4ZCFW7RnVRfEnbtNxUDb8VFIQmzxcIFLuiIjRY2q84=
cwgQW1UgxyVfBeSrdwXHsPE1eoSAri+NViVSjTYe4hg=
pYn3RyiaY4vz2unSybTHuw==
mAzeFbkWBGyzJRgEWJSZYQNn44wFaguEUnqkvHVinQw=
NiGef/LGs6v8Em6sqLz1GYGKB0111uCW/TAqgkiW0+w=
2lfNnhNY+w/3xMaMUxJbE0YFT/wvMlSDz8Vrd5FEs18=
friRc+9ZWY/FqGvcCwNBV+r74EvmOsIt8bN7nig9/3DUTSlcKiUVjWrAAEkv3OyJvg/wio47FvdGjkdAafEaveX7U+qaj2vkHEZDH2XUj1gj2NcPB+pzh6ykAo5raTNJHEoYcPTShovavNCh/jf6Bw==
friRc+9ZWY/FqGvcCwNBV+r74EvmOsIt8bN7nig9/3DUTSlcKiUVjWrAAEkv3OyJGHqIWrGdEOEIooexahdw6f/hB7sxw0ZBivibWUZ94kuBD+vl8U0+kq561OAEUbfNxyvUYqD4ERmk4e87M+pqZg==
friRc+9ZWY/FqGvcCwNBV+r74EvmOsIt8bN7nig9/3DUTSlcKiUVjWrAAEkv3OyJ9ygV5nRdITxWgx+W6aFOXoEnq9cXwlxv88BfaqXbv14TdzTgnNygTh8iUIAnsVoZo+ZGOdfIaCgzf5iZpTT49A==
friRc+9ZWY/FqGvcCwNBV+r74EvmOsIt8bN7nig9/3DUTSlcKiUVjWrAAEkv3OyJYU7Do1nmBesUM6fQUay+/Xhq2n8+CNeNDyz2DURF1r5Hu4K1rpYN8C7CUzorNH80GMBIi4t4CxowzojdBwsc5A==
friRc+9ZWY/FqGvcCwNBV+r74EvmOsIt8bN7nig9/3DUTSlcKiUVjWrAAEkv3OyJZNBND+5D16Sg5ubZ1hYE8+HCeh9lFqmEvQAlX3knN4h0cDW4LcQlzxSxbyQb8+kvyXPNv5bFRW3IqFPA3VfT4g==
friRc+9ZWY/FqGvcCwNBV+r74EvmOsIt8bN7nig9/3DUTSlcKiUVjWrAAEkv3OyJG7FeVawFP5WIUl5YjANxrMxyfN/GESx3JoR4nEeSfQW/CXa1y7+3UaZmyazcw3kRv6wu0j4yyKreRzxS4T4SiQ==
friRc+9ZWY/FqGvcCwNBV+r74EvmOsIt8bN7nig9/3DUTSlcKiUVjWrAAEkv3OyJDMFLPhbFN9Kqqxk7MfooNBRMTXDBSD0zDwHESRnxuZYKO50uHSKeF101xwbtja+rU2ZJ5KcFt5S0bSiFfrFiCQ==
friRc+9ZWY/FqGvcCwNBV+r74EvmOsIt8bN7nig9/3DUTSlcKiUVjWrAAEkv3OyJG4IvQpQW6TqZvq+ADYE4BItbuE7SLinoGSN2/v7G0j9bpu3eoHyAC5TDbqe4585Xhy/Yv8/kTfSPrQ2ySqpsHQ==
friRc+9ZWY/FqGvcCwNBV+r74EvmOsIt8bN7nig9/3DUTSlcKiUVjWrAAEkv3OyJr1KebQdYPSg/rN9smp7NGrKVnAzmfJn8UhB/VZpt7fRRZ/mxs736c7ptLtvZcfC8a5W9aA54JWWnVN6DElYORg==
friRc+9ZWY/FqGvcCwNBV+r74EvmOsIt8bN7nig9/3DUTSlcKiUVjWrAAEkv3OyJ7DKVYYTlgvexa0j/5erv8rXXX2DrTYk95uGp6mK9ylhtMmd4LN94qPw1GkRLc5A79Wbx3lxwO7z+xeCUPWKbXw==
friRc+9ZWY/FqGvcCwNBV+r74EvmOsIt8bN7nig9/3DUTSlcKiUVjWrAAEkv3OyJ/zVQvi8vYFf13UI35SE4iI4XB6Bqkk9ZMrxzrIkoxniJQ1nv68sZClWqo7s6McVEqYuyricCpp+UXuOighjc0w==
friRc+9ZWY/FqGvcCwNBV+r74EvmOsIt8bN7nig9/3DUTSlcKiUVjWrAAEkv3OyJtgdanAEaFREhbnUWLuufpjGPd1fansyf6R6Mc2Yky/mJBba/qCQb4w4FPwO/AxFZDGpB+wEBGHeYdY5P41tL9w==
friRc+9ZWY/FqGvcCwNBV+r74EvmOsIt8bN7nig9/3DUTSlcKiUVjWrAAEkv3OyJRSLVCRUThqjI5tyrOd1F0hFhcyGy1M5IYJtKCh3N7283HC5Kte8k6c+6Co4DADiwr0onVWLkFbwrZfyQwT0E+A==
friRc+9ZWY/FqGvcCwNBV+r74EvmOsIt8bN7nig9/3DUTSlcKiUVjWrAAEkv3OyJGKF0wM77yA7SNtTR1IpJvDA8cEBfkMAvgwWbHTlz9RYPtbDTcQBzsiJ9yqBmNO7ydv79B5vwo22aj0CIWRz56A==
friRc+9ZWY/FqGvcCwNBV+r74EvmOsIt8bN7nig9/3DUTSlcKiUVjWrAAEkv3OyJL+QISMZTq9CUelk92PAiTvdCIKMuRLpsFjXGoZVmgDKd0JE274c0SjzzhnyN771Mm5aMRidBsZlGKRGg7oEOeQ==
friRc+9ZWY/FqGvcCwNBV+r74EvmOsIt8bN7nig9/3DUTSlcKiUVjWrAAEkv3OyJOPN1aPJADBgrEnG3tlYxalBi1hk3FC9pculCcaKVM5qmMpeYzUu22tmu8SH/eXIBogUlXuNV+NcQ5gd2w39jrA==
friRc+9ZWY/FqGvcCwNBV+r74EvmOsIt8bN7nig9/3DUTSlcKiUVjWrAAEkv3OyJqBRKmY4oN7eQESG93P267fIJ4ZquAeFiYPuHlN32txRgJVGIf5KICs1iUkGT/jlZ5IrlU0na1gPwFm5KKDj0KQ==
friRc+9ZWY/FqGvcCwNBV+r74EvmOsIt8bN7nig9/3DUTSlcKiUVjWrAAEkv3OyJP+hCOurq+XGyzTIT21ClhqMtYcoHjXbMS5kMG29Ip/nNHj3mR+1rwFswKxnF9Fb4rqfQbAuzSOtWXJzoSLWZpw==
friRc+9ZWY/FqGvcCwNBV+r74EvmOsIt8bN7nig9/3DUTSlcKiUVjWrAAEkv3OyJn6dfUO7dxC2xAsLsLOYTRqGO1UiZ9DZRn45WOw8BktX+YUyPBlUWV0QVX3fwtGJgQd8jVHojUGIxW0K10D0Q7w==
friRc+9ZWY/FqGvcCwNBV+r74EvmOsIt8bN7nig9/3DUTSlcKiUVjWrAAEkv3OyJKItyQXNWm19IHS7nSIb0IUuwkwZUxbrC6O34MvYFc8E87DxyHJgA70aY/K40chALB8XcwakSFx7jU9egWWkNoA==
friRc+9ZWY/FqGvcCwNBV+r74EvmOsIt8bN7nig9/3DUTSlcKiUVjWrAAEkv3OyJ4Vcc50xUalKiNkVAQdyc/PK+2N7rqXOFqL59Sd3jRnBD7VzUq9TsQBLPtgaEcTu7aMP/1MduLhpiw5i3uIrYkA==
friRc+9ZWY/FqGvcCwNBV+r74EvmOsIt8bN7nig9/3C4JXv7U13d/ozl9Cd1rrguAL1CkqY9wx/k2x3Tyy2d2AOBNLx3pVrpfyCP/7Ot9R3YVEWroNQ4VcBX/jENIMf3l45aeEHBIyqnUMZhAh7i+g==
friRc+9ZWY/FqGvcCwNBV+r74EvmOsIt8bN7nig9/3C4JXv7U13d/ozl9Cd1rrguR+C+9B8EUL1hDbxaRi99A4Fp1pKzkq6KClTjOUdw5xQhMhFrQLjQXUbpd0z0nIpOrxBt66bV6X25NfxEPLS8EA==
friRc+9ZWY/FqGvcCwNBV+r74EvmOsIt8bN7nig9/3B7fIgcUxrb65YtqPuyQBRRtcfRlsKPK7Yp6TmtCMUS7nGtTeaZDh4JWHXh9X6ICsmcL6p5kv8rKUdGGlE4FnxHlOrOGpjxmlH78hZhUuI+8g==
friRc+9ZWY/FqGvcCwNBV+r74EvmOsIt8bN7nig9/3B7fIgcUxrb65YtqPuyQBRRY/iVDu5zsMiYB3JNdcXQ/zbMFmYCnr7sdCSCEd6CjvOgUIHdAyTckSF+b+1Cv6xP8wAZyqLFK26o8khiEwfgEg==
friRc+9ZWY/FqGvcCwNBV+r74EvmOsIt8bN7nig9/3BCqpeJBvIvUJ6AmzYRJRrgp/fOyMXRe6bxvxDvpjtoJCcJvQiNNwuGCVe5SLYTsgIWfpd9Sl8IHzP5HuMZ3GqYbEod6G82/XLaRbG6MK1p+Q==
friRc+9ZWY/FqGvcCwNBV+r74EvmOsIt8bN7nig9/3BCqpeJBvIvUJ6AmzYRJRrgneer9hPVFrABZCRGe+h8w3cuA4UGKdstCW9rMgebuH/6SWPWOeIzOsflV0AWex2sW5ROa5SeG95qUOvzcW+hdA==
friRc+9ZWY/FqGvcCwNBV+r74EvmOsIt8bN7nig9/3Df11RTyVKWFXC48wQRANrgcqEvXWYeq9ubjDlIZIA8S93shwtj2gXeZ1/mVtwmaQ+7Ic+Z0rfF8/aE/Y01/UZLS0hxhGxjXt05MidlheHoOg==
friRc+9ZWY/FqGvcCwNBV+r74EvmOsIt8bN7nig9/3Df11RTyVKWFXC48wQRANrgbmW2cMPRMGM9wt/e3VEDG6Is50ALS7vJjkr7wIOH09izTVOpTMgg82rSm0Y5WU5qVx20JXpT3udg2AkRseM3JQ==
friRc+9ZWY/FqGvcCwNBV+r74EvmOsIt8bN7nig9/3Bm9ihPx+I1dWfxL7MW7xFpm3sDzVXzQxB76TcQwTnTfcJjvhtHBC9WVAGh7gO1NMiI9ZN/KElGMeCo8WdMM8Rf6A5JI5d54EPHPu3nbDamfQ==
friRc+9ZWY/FqGvcCwNBV+r74EvmOsIt8bN7nig9/3Bm9ihPx+I1dWfxL7MW7xFp6xkqdMWAOKhDdoBfSLNvxOl2pq6vDlerQP5MZh6Pja1dAG2qhGMBeTXWhDt57Z9jMOWGgxLSUYlnNNrTpIUBdw==
friRc+9ZWY/FqGvcCwNBV+r74EvmOsIt8bN7nig9/3Ch29B5gjDt+vxIMPAS1xJu5fOIgsX60HuIhay8jUBFb/lVsfsruwvCxqcD/DKrho1XLhmGKwNdCNJ1B0iEKjmHaJlAMD5/Uv11i8GLAsDX8Q==
friRc+9ZWY/FqGvcCwNBV+r74EvmOsIt8bN7nig9/3Ch29B5gjDt+vxIMPAS1xJuuNXPk8nVdbrtBZa8t1ArqK+veS92YmXiPr9s5ejpsH4n4zexdo5bep4JqDKiSwrzNShBtT/C2gZhJMSXk+wPKw==
friRc+9ZWY/FqGvcCwNBV+r74EvmOsIt8bN7nig9/3A+X8/vqmlDhHUq7ziLTnq1tfs1RyqNqbtwfH68X6W072F0ApAGb78gTi+K+J1crZgkgD9sN5Dwr+u1UFWL2stBjbwYvljYQ0KhKXI6mqrkhQ==
friRc+9ZWY/FqGvcCwNBV+r74EvmOsIt8bN7nig9/3A+X8/vqmlDhHUq7ziLTnq17meMcj2igSzbYI77vWxjuA5fsV/WyBCo64Jg3N4a0WA4PRQJHUHDYPqYfs5tabtFs4L0JjlpmSfXQulnsvin7g==
friRc+9ZWY/FqGvcCwNBV+r74EvmOsIt8bN7nig9/3B7kv3qG3N/JQwnFH0qMXOo9yKCm2UCiWVYiLltfd3ByDbDg3KOOSyrt/CtUDcZoka/dzN19nKDrH8W3BsLqr1QaLswMN6AcReO/rvQVI9c0A==
friRc+9ZWY/FqGvcCwNBV+r74EvmOsIt8bN7nig9/3B7kv3qG3N/JQwnFH0qMXOoX3YVQATi1/fFpK5dUeSUbw/la4WJ2+GMmQ8xnKVEH2N6I9PliKyfttZRG0TYB5tMqtfsXii4zWWnBYyhhI7evA==
friRc+9ZWY/FqGvcCwNBV+r74EvmOsIt8bN7nig9/3DJY3jZUuv+ElLw5+IeXSJLDpKve/aYdeDJK/T15eb95jhH1ySYI6nZqJlm6rfI5tvWSjUtBKRPdcU+ynEDqc/3pPJtijgqh65kHUx8iRMq+A==
friRc+9ZWY/FqGvcCwNBV+r74EvmOsIt8bN7nig9/3DJY3jZUuv+ElLw5+IeXSJLZL4kh5oeE9BD5MLYladmJTf7PH+keSus9QvmX1ePQT/r547CuYlIVe1xZQCDzQSwNXO/ZNdrSvvLYqXxOApfdA==
friRc+9ZWY/FqGvcCwNBV+r74EvmOsIt8bN7nig9/3Dav10Ins/5v44ZQo9uE7YjFfmt5aKsm22yJH3b4T/MRQi6H4fEuVnvFAC0aIQW6+wcqvyKjipAAqj/gVZJqRIqDwAnX9bcj+Z73wMAeOXkkA==
friRc+9ZWY/FqGvcCwNBV+r74EvmOsIt8bN7nig9/3Dav10Ins/5v44ZQo9uE7YjOswRf40514g1pOc+jaY8/bEQGhs7VuLZex5nn7ONcwZTxKoZnFHoBQMnqKRO8wvU/5SYcMvSEwTDGE3mQdeVEw==
friRc+9ZWY/FqGvcCwNBV+r74EvmOsIt8bN7nig9/3AxEoxAQhMka73LZ7madiaV+HemDkeRk0UQEM6seTSJSuYEpPzET9Txxl6z9kuqfalU7UT+6RKhrowVJCFAauSePTI+YoMYtGSHcyymW1olAA==
friRc+9ZWY/FqGvcCwNBV+r74EvmOsIt8bN7nig9/3AxEoxAQhMka73LZ7madiaVNKcPSH8SyQ/ehvZYqaC+2flzKyR7y57COGHaFUi1JJLzKoLceoADYSEtkjEDzi1uppl9AwHk8F6RHyTco/yKDA==
friRc+9ZWY/FqGvcCwNBV+r74EvmOsIt8bN7nig9/3Cpf9nXA19tsSaO0cCRzVjOZ8y9EUXIVi5yEBu7jRnB6Cq/0/LJ4LUT1Vg6wSD6Prtf1Ou4NNdu4bj8+7XA976k9t8w+6ERZtq59QgO8pwrOw==
friRc+9ZWY/FqGvcCwNBV+r74EvmOsIt8bN7nig9/3Cpf9nXA19tsSaO0cCRzVjOv1mibE5W43b3LrN7//dhFwsfTevjFiFhvOgJ74OkPTqmsHG53/LjTXqbMDhExzFF6lWbOBdDOJWYopXjzJMyUg==
friRc+9ZWY/FqGvcCwNBV+r74EvmOsIt8bN7nig9/3Cp4q170sA2llFUzuRvuT7CS5CuefbfI1VwG4ZvAHT7vaxboNP1tl7aS3moZfv4U1AloioYcJrpbgfEkl/uOqs5XVJZdkzbxuB9o78KioL7HA==
friRc+9ZWY/FqGvcCwNBV+r74EvmOsIt8bN7nig9/3Cp4q170sA2llFUzuRvuT7C+t0hb2TuuysN1eswcy1GAk9Q7mcU0uI1D+SC++ZwKU/aiVNvvzSuJG1VMHE1QH05uAYsc2UtPInpZzn7lzQLjA==
friRc+9ZWY/FqGvcCwNBV+r74EvmOsIt8bN7nig9/3Dc7cRSiPEc3JeXv2LwBPjyHtDTVr1ts9t1QidhgIeqi8PBgSkGQTeT67s0bCrTtL4dUP/LT1dz68ypqAdvfp+Ehy3V7UfZQ24Ymoas8iFcaQ==
friRc+9ZWY/FqGvcCwNBV+r74EvmOsIt8bN7nig9/3Dc7cRSiPEc3JeXv2LwBPjyGWPbD5OX0FiOl95r9n3+qk0BqRcgEVqS6CtF7t8iW4oarQr/YlqJIbfAi1pIexqJ/SR4/3tT8Mt3aciYodXUjg==
friRc+9ZWY/FqGvcCwNBV+r74EvmOsIt8bN7nig9/3CS2mKRmQnQYzIZoCIOwW62/0jrcFWEEXT3Fl44K8h9HM9yhWymuWUz8NYoZPNWF9bosXaTaJksU1OWbYctHSwOWQ97XV0jnaCrKzwO6PdA4g==
friRc+9ZWY/FqGvcCwNBV+r74EvmOsIt8bN7nig9/3CS2mKRmQnQYzIZoCIOwW62AES7afOI3hh/yIMpxTL1VEoOJun/pWutIqyJOyVPyB9dr7tpmeq9glLV/8PokdXGK9gxXTiqJr3daOZwUTmAbg==
friRc+9ZWY/FqGvcCwNBV+r74EvmOsIt8bN7nig9/3CYD5ang1luo/s+Bv17VLqTVq5LZxVtuANKjYiseWUuRKBsEmgPPULIQAD/JeZGi2f5/+K0wqmb0ABcy+krsggrmwGVD9eE7QAUk/bvttIdNQ==
friRc+9ZWY/FqGvcCwNBV+r74EvmOsIt8bN7nig9/3CYD5ang1luo/s+Bv17VLqTJCxHfI1VaQwCXLNjjlqnM3pF3pWJtcCGEAf3jMhN5caX/33e1PKtGVSA9ET/U9Lahx/OC4X2+MSc+iaKgl7I2A==
friRc+9ZWY/FqGvcCwNBV+r74EvmOsIt8bN7nig9/3BiYmAaHVQEYWBPDkQOVPJjQrSf4oyFdL6nuyrves8Yveb+UILCEH40YezIucTFGkNzjZFTw7YlibBmr/zK4Cf23r55vsrTqd6ciRKj7fxqVg==
friRc+9ZWY/FqGvcCwNBV+r74EvmOsIt8bN7nig9/3BiYmAaHVQEYWBPDkQOVPJjDwgKhKLfg6FTH0r9k1sBjOLxcCGwoM5umjk2+84qcBan4QmOqT9eeKZzImwKYCofD7LyEk01Dj2c62zfei5Isg==
friRc+9ZWY/FqGvcCwNBV+r74EvmOsIt8bN7nig9/3BRb0VuYXk2Ln7+JzKntzk18SmidTSr//H7nb+lLOh/mbpMwLG1pjwTb5DlskMOPH4N/zEkWDv5tsIxdEejXwqt1yFgljlpBkTxia6ps7fHIQ==
friRc+9ZWY/FqGvcCwNBV+r74EvmOsIt8bN7nig9/3BRb0VuYXk2Ln7+JzKntzk1sCIhCpbhr6DnWBU0hJdsZxq2pKqF74vusPe+YtGMI/UPHPVPNsqNHvz81y/BvNcwoICKxZ5hm5yBTUBD9PFsFA==
friRc+9ZWY/FqGvcCwNBV+r74EvmOsIt8bN7nig9/3DFzNMPk0vgP5UQHYlfBYGFdjfLNkOWc5+jbDKZMTXjkFqXoRWyuaJSej4VH5yoLzDcoIBPxU7V5Rhk5VYUZZ/CTPHZlNDHn/W2JVWEzBm7SQ==
friRc+9ZWY/FqGvcCwNBV+r74EvmOsIt8bN7nig9/3DFzNMPk0vgP5UQHYlfBYGFjCU43TciDPl+P//CDL/y99AVSnnKFx9zL9gemWzplF2Qh2g41MDvwZ6+7bc8K2i4U2bRh5B3HPZZkFHUh7h+Kg==
friRc+9ZWY/FqGvcCwNBV+r74EvmOsIt8bN7nig9/3Cy+apmD1jNenI6zfswBpSho9kkHcv++ywnO0MNsj2dmfaMaBuLSLTyWZelBO13hYYn7Y/gYBo3jHr3rqeqzK3sBzFaDVZTpDJ/CXB4gA+Y6w==
friRc+9ZWY/FqGvcCwNBV+r74EvmOsIt8bN7nig9/3Cy+apmD1jNenI6zfswBpShpqeK0ZZsStmSHAMK+4DpTIBVpH/m6GAAtQoZnZAPQj2gdrY+WLpY9MHyQme+7FljUqcGE/eohC2D67MO+m+nMg==
friRc+9ZWY/FqGvcCwNBV+r74EvmOsIt8bN7nig9/3Cy+apmD1jNenI6zfswBpSh6BE6pHSxuJOWx8tcnQazDLUB1cnEHEUXPgYTCssjOrm0T+Oq+ERrFFdo1UbP07tr1MpIe7XayufErs4B0SshFw==
friRc+9ZWY/FqGvcCwNBV+r74EvmOsIt8bN7nig9/3Cy+apmD1jNenI6zfswBpShMNtxEqKx+lQXu0sNToY0o8ugXU8sDIKyilbwfj6EIbMZUABOVrxhlsiAPCZrlkyzkaeCT8TwqrlruF8u71WpWg==
friRc+9ZWY/FqGvcCwNBV+r74EvmOsIt8bN7nig9/3CtlEy0dxk2CnBL7WjYGnU+5eI+jxdoBWRo23l/q/NnZbU28Vx1wBQGvsJKCPIL/749vNPkeTVgvF7CxL+YqaaiA7DUn6J3Tktaqj1pjsZnjQ==
friRc+9ZWY/FqGvcCwNBV+r74EvmOsIt8bN7nig9/3CtlEy0dxk2CnBL7WjYGnU+xl0bvdtuuvdpR3ywA9lW8nswl4NZv+rUe4iaNFQ89Zshrqjx0racLH6mvt+b5ktwcFHQxrfRUsiSPGQwWdi1lw==
friRc+9ZWY/FqGvcCwNBV+r74EvmOsIt8bN7nig9/3AMaplJRbSeF81Ks9bwvrw/uFRZAiQznE9y++y03hE6E7edgMYh/1NpfeTnKmqq6ORZ2/aQAU82nhe6frk+9rrRClCkAhp1H9dbadfcivlsgA==
friRc+9ZWY/FqGvcCwNBV+r74EvmOsIt8bN7nig9/3AMaplJRbSeF81Ks9bwvrw/ulCALkBwt7b9TzLq1HEH1VyPSiQyRXTNiwNSrvecGREk56LrpJj9InXIBqZgVlUENd6VCD8QS05YuLnE/PnAYw==
friRc+9ZWY/FqGvcCwNBV+r74EvmOsIt8bN7nig9/3CAUIM08ll4lY+Pib/JUKWDaFf7PfY6JWW9iDPrwNCM9zNIMKpSVTUh9xE9qssZ1ZWXyE8oL/aheMffENnDQmb+huEeQhbAj/HmiUlhkDK0VQ==
friRc+9ZWY/FqGvcCwNBV+r74EvmOsIt8bN7nig9/3CAUIM08ll4lY+Pib/JUKWDVKczGma6LET6avooTj5T1ZL01Zi4cmK5pxhdMjMYC+NsgGF7oM6+pWb4fBq0pwtUBfD3e+UmmLYyt+HR1Ekf7g==
friRc+9ZWY/FqGvcCwNBV+r74EvmOsIt8bN7nig9/3Aan8ttSr+oMEy2/uI8XBpB3dQtWdxf7GZ4wElk4vPT9p6P6dezpv1KZ9sD8mE7ndS+NcejTaT0gghYIHn76C8M7CjX8dr3ZV7C1K4JROa6Xg==
friRc+9ZWY/FqGvcCwNBV+r74EvmOsIt8bN7nig9/3Aan8ttSr+oMEy2/uI8XBpBb8vBYTuP3bD815ozRMIJtlkRh7EzMJYjHlxFU/b36MV8SdkATMV/1oLefMmLjlJOJde510yvubtpg8lmASyMhw==
friRc+9ZWY/FqGvcCwNBV+r74EvmOsIt8bN7nig9/3Cp7iWVyJlLUZhDo+3/QvCcChSM0M20q83Sk7WpMQxFgkgip4qvBQGZ044k7tmCFyQvAHiYVYp8kQrLFxHCCf8mtakiySv9DXyqCH8ykOv4Hg==
friRc+9ZWY/FqGvcCwNBV+r74EvmOsIt8bN7nig9/3Cp7iWVyJlLUZhDo+3/QvCcUgO2Pkb+ZpCjYT/ZHEODW8eU1uoRTGuoJsKk1PtD+sAGGrNEISjMsU43d2MNQsgY+qqHH5AxmgnXHo22Gqb+vg==
friRc+9ZWY/FqGvcCwNBV+r74EvmOsIt8bN7nig9/3B5OS3jqIJnO2zv7GyLD+GD6h+CjcJvpv3VoUkipbaB0yfJs1Ml4ZSdxu5551YviN+1+CCJXP617pEZ4Fdk5cUi5Q89SPEvFh0ObcJ4WwgeMg==
friRc+9ZWY/FqGvcCwNBV+r74EvmOsIt8bN7nig9/3B5OS3jqIJnO2zv7GyLD+GDfpC/3xoyKGJNvgrUypKfgYmRugnTV8iqB/YZV3kGLQsGhrC0CaMYtN8aTpJ7t9Ia81rqU85eR7IePVQi1JgXzQ==
friRc+9ZWY/FqGvcCwNBV+r74EvmOsIt8bN7nig9/3DzaGgpz17wtEPG3dsELYmbovDi8pIzrYkbWsoXe/h9XDXSMbEit79hyNscnTuKs9mAxmA95JxQbw4VbNuQXvPMRf8pk16GmT9SvD2hx2Lkrg==
friRc+9ZWY/FqGvcCwNBV+r74EvmOsIt8bN7nig9/3DzaGgpz17wtEPG3dsELYmbLx7rmor3aD3lDuc/dKnGWFDhDgdnrz5uh4zvwWnPHrtWX8VsxdKSZHh7FURr8LE+47dITb1WGGGIQUm9sQ01Jg==
friRc+9ZWY/FqGvcCwNBV+r74EvmOsIt8bN7nig9/3Bh0N8B6xNrT4YiOOcWg7WNXdbP76kR00ahhFo2xc7jzzG0JZCGO+uTqrT9AkAjLCTna1s7+eiozFUr6f4dHD4U2qcF2zCRnNvKTxSD7txOng==
friRc+9ZWY/FqGvcCwNBV+r74EvmOsIt8bN7nig9/3Bh0N8B6xNrT4YiOOcWg7WN39D9InimBgHc4tL8db/Fs+Z7H15sntHgACrpijcSuEQjA7DY7YApwnpri4f2kLQNem7AZYebu4xkW6NIa3uOCw==
friRc+9ZWY/FqGvcCwNBV+r74EvmOsIt8bN7nig9/3Bh0N8B6xNrT4YiOOcWg7WNiDTonWe84vMuERnZDYx3fBdokXhjOsc9zA48G82FnqMX/SFF9z/EBud0yeXlyVOF7HEG0ms8NM140YQco5bWZQ==
friRc+9ZWY/FqGvcCwNBV+r74EvmOsIt8bN7nig9/3Bh0N8B6xNrT4YiOOcWg7WNdiISRm4xCXXiwmKX/iOYwKvp+rwSEeu1acjmElPhryzg7uOGFyAPNc19GN6cxUJARknwpHHlZ1WP7ROxw7mRkw==
friRc+9ZWY/FqGvcCwNBV+r74EvmOsIt8bN7nig9/3DagFYTexjrJ7pBB467gLu7K8zCWAzlqGdn2qZiUno4S6uD/umvej76J/NI+gieQrw8Fpz9bPbq86syne13ozaN7EzWpMXKlICyMw3g+kI2+g==
friRc+9ZWY/FqGvcCwNBV+r74EvmOsIt8bN7nig9/3DagFYTexjrJ7pBB467gLu7na8E08RUtUDasXScCym97+k1H+hbBAsml7yYKFw+HieXyCmfOgxTAyMECKerHTGwEdzqfHx1bdZwguy8mp6bWQ==
friRc+9ZWY/FqGvcCwNBV+r74EvmOsIt8bN7nig9/3BGDu/LzKEU9As3UuRQTusZExFX+UopeVVJttmBFsvi4BmI6U9oCCJKO78w9QZpeh9hHLwD0W+ZJoK85/ewqIonJc/Cr3Nfzd9xgj1CZURIJw==
friRc+9ZWY/FqGvcCwNBV+r74EvmOsIt8bN7nig9/3BGDu/LzKEU9As3UuRQTusZoXr96pWMKegT753TkX4CraqPLtbaZ6YQUYm4md5/VETPQmhYH9GN67dD6CbURWtgYK28veZ5GTJCLWVziOiNiA==
friRc+9ZWY/FqGvcCwNBV+r74EvmOsIt8bN7nig9/3BC36iL7xhwBUME0X43Cn7xt9f7AfUQc3TlCddbf1PqJfz0ga/ta+y6nIkYPbwOA1XvxVIEOc//kMiLNClGHnDyFb73z5DOEiq1IceM7sEZfg==
friRc+9ZWY/FqGvcCwNBV+r74EvmOsIt8bN7nig9/3BC36iL7xhwBUME0X43Cn7xLO8Vo5UOSbChcl8xipWeph3IFSVL1BF+4m5BbLev9voRcLS1yQbE/4KKgwHfp4rIkLXzSvBW9xw8kaQ+313xvA==
friRc+9ZWY/FqGvcCwNBV+r74EvmOsIt8bN7nig9/3ADTnHrjcl5QakhCQEVp+PoLuQ9JVxUjuQudVO7Hg8Rm6WUAoTVjQH92ZITekDXiBYKmjRObQr1clm2f1I2D4aFXVzDrfg4uu+/8Zob/n/Vfw==
friRc+9ZWY/FqGvcCwNBV+r74EvmOsIt8bN7nig9/3ADTnHrjcl5QakhCQEVp+Po/ny09BGF5leHF7XGcLqQ0gsvH66u9SDQmzpqk3+LDFg0d5b+DJ32+xXa8qeo0+3Od2UNeYydDUnxm9LaM5gQIQ==
friRc+9ZWY/FqGvcCwNBV+r74EvmOsIt8bN7nig9/3CG1lrxHt+fdNwETuTW3i0syAdhUbrVKM6hm/FaVWsIVPe0k66vvdw2r7MzZi+N/IaEhVOuhZKrI4s+uX/tuIxc+FNm0Qtr/+3r2LEObRhC9A==
friRc+9ZWY/FqGvcCwNBV+r74EvmOsIt8bN7nig9/3CG1lrxHt+fdNwETuTW3i0sQlDxIdfCjMw4mzfUDcDCD8NsIhZqjD1odyok/6kGPB0rN2LVTiPnGTUCheSrw9sdM/UuSTJ8wcY4WpISHx1wQQ==
friRc+9ZWY/FqGvcCwNBV+r74EvmOsIt8bN7nig9/3CG1lrxHt+fdNwETuTW3i0sBHeTW6EqxYPOhXP+VYXCpYOGISw21YHQU/qf0lU7dpi3mdaoxPxNm1DPs55PvPaGQqeJUNobuMv8UD+GN6I+Pw==
friRc+9ZWY/FqGvcCwNBV+r74EvmOsIt8bN7nig9/3CG1lrxHt+fdNwETuTW3i0sKlfGaQAUa/PySfn/u/e2NEBsk2fY8q1rx7oc4Mm+1p1pgu3zYdhMPbeO1ykzKuSlb8sUSrTFuhmXU0ON4pJXjA==
friRc+9ZWY/FqGvcCwNBV+r74EvmOsIt8bN7nig9/3D5ugKt+4JtY1qc5/rP5psblzb9cTYi9QL8ffEQZRBxxFD48yfSCkaT7aGP0ZITpLgYghS6H+Nmbkjj5CRPlu9UclNJekzc9bORmxVffcR6OQ==
friRc+9ZWY/FqGvcCwNBV+r74EvmOsIt8bN7nig9/3D5ugKt+4JtY1qc5/rP5psb7WJJ7x+3yM+UHbCicvZ1Z3b/CBOrpzdajriU+fz+7nR6yDDETtchQR8JOMS1AQwLvfo5+WH/gTTpjLd/AZTjiw==
friRc+9ZWY/FqGvcCwNBV+r74EvmOsIt8bN7nig9/3BUb58I6AaSwcwRmafcXWAIMqjERrUUQK7PgRSIcEnLaT28bi0t5meZBlvNkFWOUb28CGIRNu/6JThRXiXyRneI8P/XDak1iqDH+qDSbJxMcA==
friRc+9ZWY/FqGvcCwNBV+r74EvmOsIt8bN7nig9/3BUb58I6AaSwcwRmafcXWAIDyrJdqjUTmNdQ0y4o++tTN/w1IslP/92Ac5mUrf7iO/IkU1Q+ldgFHm/dUCUrvxInDit6pVzB08Gn1Ce/QoHGg==
friRc+9ZWY/FqGvcCwNBV+r74EvmOsIt8bN7nig9/3A7x+/e8w2A64t6RJ0+36Uli7PmdYAkFj8eam3vFc0aKuWOwBPAF7lL+BRcvbsKTRsMK6gXZ8aWZSbvFtvHem1wubCHqx9dMo6CiSKh7JfIYA==
friRc+9ZWY/FqGvcCwNBV+r74EvmOsIt8bN7nig9/3A7x+/e8w2A64t6RJ0+36UlJiRwxi3vsaoJd70ApdWlQ6bnDf2+shq/UxIqidJTRNJpqEHKJI/ji1m6YwvcGZCpeF36f8SW/Tz9FxQDRTJplg==
friRc+9ZWY/FqGvcCwNBV+r74EvmOsIt8bN7nig9/3AjiN2WupIaX81j0epXZ4RPKS8+OwR/9xtntlz0UTo2C3/AwDBS/nLXU0uuzUk1sCL2NoXGVtxg8Gy18lh8Dnm54UQ0OY/i693MOUfpw3eRDg==
friRc+9ZWY/FqGvcCwNBV+r74EvmOsIt8bN7nig9/3AjiN2WupIaX81j0epXZ4RP6sSvE0ndhxYNrk/0r6FpqLiONLmjRUvvnpA8GEYLCFxpgGbYBhVlxjWZlc7b7xqaTT9mFhr9Bz7Tu/gMIfLuQQ==
friRc+9ZWY/FqGvcCwNBV+r74EvmOsIt8bN7nig9/3BTNCuyiPlYOAFgiJcFn3DaxaYow1LjZggM9dX7b63vi5G+akPvbVQUWYmw94EPdzyOIn9dmhslysH/3aQ4xfJHqfNnPveecqLugMLGbrCHQg==
friRc+9ZWY/FqGvcCwNBV+r74EvmOsIt8bN7nig9/3BTNCuyiPlYOAFgiJcFn3DaKE2CVHQPY5dYm8vrI3zJi81pP1QPI8LJrQnCw2Mw3Dl4W/c0WcbA40cxFfNS46oH35d+eJ8+LUo1EG+vSMQPuQ==
friRc+9ZWY/FqGvcCwNBV+r74EvmOsIt8bN7nig9/3AHfeFZGQAF7ATdGL9WLxJbR6f5yYwnC0EsNWy21b3Xow//xFDmI3AMrNx/m3HswbBndLSonyq2kQgIGTUT59mvH+wTuiFvWd9bQyJtJSth8w==
friRc+9ZWY/FqGvcCwNBV+r74EvmOsIt8bN7nig9/3AHfeFZGQAF7ATdGL9WLxJbFjdo2gLOV1eRkXquOm3W9oTrkUGyW6tFcz2XPchsfFRfpBTzaoFGfIefj5XysmjOnLdnmU1jCjDMvjTr5IbKsg==
friRc+9ZWY/FqGvcCwNBV+r74EvmOsIt8bN7nig9/3A0mKCNTNevBr1UGSwxtEbMQv1+AjdAXFy8jQFFGugpcbxKRWoO+xXU2egLoTxfQuLU/m6IfjNP9Q2RuIPQeVWvCX6pyOGE0zK2VL99qP2OPA==
friRc+9ZWY/FqGvcCwNBV+r74EvmOsIt8bN7nig9/3A0mKCNTNevBr1UGSwxtEbMGSVoYhd8DpNmzY0BA7CbfsUu3xbEI/m3fehxeE18fHmGf2g68nIhIRY/Sr4MQqwcVD7ysCY6I65v03NEi235Dw==
friRc+9ZWY/FqGvcCwNBV+r74EvmOsIt8bN7nig9/3A0mKCNTNevBr1UGSwxtEbMIZ/1yS1Na8TDiVZFlzU1xCpNtxhcIF5LxUNwg4eKPfjri1JumgPTxJbRen4mqQumT0tIvy/07IbzffvQ+OOPFg==
friRc+9ZWY/FqGvcCwNBV+r74EvmOsIt8bN7nig9/3A0mKCNTNevBr1UGSwxtEbMH/yjQ4Z5CN/Th+eQEZuGiTe5K/eyRCZ+Xoq8MzT8f4RRlVZhXooVdn0J6KSxzUG5Vnhm8ZEhYYOj3CnrQJYCvA==
friRc+9ZWY/FqGvcCwNBV+r74EvmOsIt8bN7nig9/3A0mKCNTNevBr1UGSwxtEbMSs6QPEzdnH56y0hZZpvrM3dSvGohYbQTjbDLnlI7PbRaN7DwOZZgz6ffwT9EdEARuFgQW46iXzmb17+vjaaPpQ==
friRc+9ZWY/FqGvcCwNBV+r74EvmOsIt8bN7nig9/3A0mKCNTNevBr1UGSwxtEbMMqprwqWzJXLIMFf05EEe+5ZBFr82B0n6wKm1QuWSAmpj9A9hkf9qiIXqb4iHH1eaLKBnSwhSANhNQMP9kANWtw==
friRc+9ZWY/FqGvcCwNBV+r74EvmOsIt8bN7nig9/3Daipwvy16qcPwmeYKL0apkZKFbqm2N3IWbXeIA/VliiBaPrpwNEv+HYk390x5nUKq3ag0UJu3q00sZH4TVJPf+LOwIErPLDDnZCNO8hSJ74g==
friRc+9ZWY/FqGvcCwNBV+r74EvmOsIt8bN7nig9/3Daipwvy16qcPwmeYKL0apkD5jZOQBcSx/AeXWxqiFHEJra9gWGDq/ZmcfLJc4gmLn0X3j4UOBJAGN9KkwYWMeLVMkuCS9fcZBVSq0SwTXY6Q==
friRc+9ZWY/FqGvcCwNBV+r74EvmOsIt8bN7nig9/3BMeGBuqn+TxvCdI0fvLKOfFcNjRsBkcY/TcnIjyxTuxn6yeadzfuTzxddcjG5mPUU3PduOgieM28KLT92hBqlzYI4efnkF4FFj0UkgBBdiZw==
friRc+9ZWY/FqGvcCwNBV+r74EvmOsIt8bN7nig9/3BMeGBuqn+TxvCdI0fvLKOfScmDUy00jGuBQ6IoM6HwDa7ESa4GHqZ0si+BYZ//fwkSMuJuIQmEmqREkjQjbF9y6cs8+RqhiMrapFjfDkfE7Q==
friRc+9ZWY/FqGvcCwNBV+r74EvmOsIt8bN7nig9/3BE2ZNO0u95dUL9Eg5sEsPOB7MKqqlJPNnySvqac18N1tnJprYDjj3VKzy9n+XCj4qOjde5IqSSUqHRw8gIvDSyIVaxkGGLQTKtWrjq2hwMSg==
friRc+9ZWY/FqGvcCwNBV+r74EvmOsIt8bN7nig9/3BE2ZNO0u95dUL9Eg5sEsPOf7UO7BYjYu0qJmWsbDEOtaMjgnYlp4TSTJyKYdjXCWhcuQvHCfVBQjuhUedzrJEP7l7WnxalddevwmsyJTC6MQ==
friRc+9ZWY/FqGvcCwNBV+r74EvmOsIt8bN7nig9/3AXCLR8GaSqyWGI3k8cYz3uIXV4cx+hRnMzS/TD0BjBdW3AK0EmD5fNJ2XpmK46zDUZ0h2ojGNkIRfctqO7bU1uSpnwYGqYGb2qT6DY9gY9cQ==
friRc+9ZWY/FqGvcCwNBV+r74EvmOsIt8bN7nig9/3AXCLR8GaSqyWGI3k8cYz3uoBYOYvkIU++8TDpWW98TdCoTeZiEbLrJMJaucyc7Oli7MSVVfeNJhfQF6MfEK0RoHQXEAuqXa382A/1qo3JMfQ==
friRc+9ZWY/FqGvcCwNBV+r74EvmOsIt8bN7nig9/3AXCLR8GaSqyWGI3k8cYz3ukHXwYutnV1hGxMny71R9UFgsDexyum16iqsi9zFhDY+Unujtm+NF1pTaWmyxwp7ANBqWiP4weTRCf1hfFTQBnA==
friRc+9ZWY/FqGvcCwNBV+r74EvmOsIt8bN7nig9/3AXCLR8GaSqyWGI3k8cYz3uDUJLNkGH0Cw/we0WMsO295n0kaPUbi/7MvPQO3fhugexTkBYU1xIaMHwvlI1rgCriasq8ZUqsANgqeiOwL7kQg==
friRc+9ZWY/FqGvcCwNBV+r74EvmOsIt8bN7nig9/3AhC7b1x4qan1/3mLyJt9FFqBJRZJtWJA2FB/RrIMhMByYz9Gyody4429u8FXk5MlOEzUYtSyB2eDdjyCFlKm5at8nzAhWgqJIOF0AWSA5a3A==
friRc+9ZWY/FqGvcCwNBV+r74EvmOsIt8bN7nig9/3AhC7b1x4qan1/3mLyJt9FFqzW0RYeqSdNtpyfufsnCYXQVncD84wjuvZKWMxzZECUjMtG43FDN9XWAglHAQvbLHMBOTcruzPvDz/bdwUXjEA==
friRc+9ZWY/FqGvcCwNBV+r74EvmOsIt8bN7nig9/3D4Kbwa02qNbBKr7ggxSrmnVf6J/Vms3NSE8g7RiuApnbHgDyKeH5MW1h/a220hDoGFCc/hGk7YUb+udiWi6nsCBcnXq5OZg4Y6/n3Gd53PFA==
friRc+9ZWY/FqGvcCwNBV+r74EvmOsIt8bN7nig9/3D4Kbwa02qNbBKr7ggxSrmnhkyHAo9qzrSILFMzbhui5b2JEpZKXVp385fb138nLD3IVr8lXENFUZBLM/vqVcFUMHKo3pqQ5Ew/9bUUGBBnrw==
friRc+9ZWY/FqGvcCwNBV+r74EvmOsIt8bN7nig9/3DuXd6M5ExzMEi5l9yTbkPImC1m3bSyOAhV5qirMdFmFZCnjMjKBtOYYRSWFe+HLeSao/6/FqjlhLo14EofwRhXBNZTS+3T09F442S+IsdUKQ==
friRc+9ZWY/FqGvcCwNBV+r74EvmOsIt8bN7nig9/3DuXd6M5ExzMEi5l9yTbkPIegFYDo16EXcwOgQkDsOTqgjGUi01sPDgtJNpfgfH0x5BSPuzLDYNXXmJq909kV/da48CI0COoEXCHeGyxBDIjw==
friRc+9ZWY/FqGvcCwNBV+r74EvmOsIt8bN7nig9/3D+xdrHVVKmUrbdRh3XqFGlZTpMtWYcV/Jy495vPHQZDUKRI6JE/dIEiO3psmeI801Bdg/9Exk8K5SQ/QhHbIEbBfB3sVcc4x61m5/UXOKCPw==
friRc+9ZWY/FqGvcCwNBV+r74EvmOsIt8bN7nig9/3D+xdrHVVKmUrbdRh3XqFGl5ZXYdy/FmPRRd4AijS1Oxv7PXbpzAyN05cdmNFRUKNqoBv8DfMuzoWHFxsa3JH0tKY16q/1GmX3ArbAHhGlISQ==
friRc+9ZWY/FqGvcCwNBV+r74EvmOsIt8bN7nig9/3A73Pa5pRmB07PDTvjy/cBkRAkjCunF7fZap0iMUrwAXDanSZkG4g9HS2dwpd3ZKzu0wdvxL6Gl/WEuHGPCWAjPmRayJjz9buSCKj4tsVigpA==
friRc+9ZWY/FqGvcCwNBV+r74EvmOsIt8bN7nig9/3A73Pa5pRmB07PDTvjy/cBkW1qHus105xt9zbSNKE3sHAsrJoxKPHBc7As74ni4N2wa+1WZHXz1U9Zryp6smxCDgFK76zJ3aZ6wztHDhhGuqQ==
friRc+9ZWY/FqGvcCwNBV+r74EvmOsIt8bN7nig9/3D/wU51SBC5cc/hR+gz+NzjxhUMfHHUHVwL+h3qNbH8aFzOsEm5oksv0yckcABn+5Zg/3NdX/9idQiPmODP09efTMgdxRPqG2zYvVf6Vv1nsA==
friRc+9ZWY/FqGvcCwNBV+r74EvmOsIt8bN7nig9/3D/wU51SBC5cc/hR+gz+NzjkTicYXt7Zjk8qs/lTUVaf5fWcGTmhKPIg6ZREDz9Y0k3E9wcko39SE6rmvXxM8+/D/fWRoTVnsXoSk9srFZ1Aw==
friRc+9ZWY/FqGvcCwNBV+r74EvmOsIt8bN7nig9/3Dh+cdLYb0Zld2wl7IW0I5KbrPZ/fZschXIS+RFXVXey7r3rmerR+mj154XKR18akwXOurJOa/3mU8gIGv8McM4DuqN1EtO79Pc6Ml6bcf2Lw==
friRc+9ZWY/FqGvcCwNBV+r74EvmOsIt8bN7nig9/3Dh+cdLYb0Zld2wl7IW0I5KsGcNQhb3CHGfrmY8jmJIbWBf0a9ZM6wqs8ewu61+l7r4cJKre/3a3mJGvkeXLVu4jXx7hVIMFKGQjtaEjOZMbw==
friRc+9ZWY/FqGvcCwNBV+r74EvmOsIt8bN7nig9/3AC1AYuY5Wy3nprNA0G5VpyK5eva0Dq8CIcOzTd7F7KPg7oxvlDH34QeQwRgXyMTpoqGVT7w/spyPiHqnBuPiXWDvyk+DgK6NpfCWSW++hGTQ==
friRc+9ZWY/FqGvcCwNBV+r74EvmOsIt8bN7nig9/3AC1AYuY5Wy3nprNA0G5Vpy087xys+FgXUaS/gCqay/nSVApbHMXe3+Q4oN9D8SW6WUTyWEmJplOUBPkEzVajLvumCOR01umQSNR5E7cNtNPA==
