GmcONIA9PFzHw1gpPLLPoqev3ytAH5KO3S/CJpMsylg=
35kyjVfwBJgytCi6KM5Vug==
FNt9orFfFSbPIXNSbXcP2Q==
gE2g7VQeqq0h5MkG44fPUw==
A4ZCFW7RnVRfEnbtNxUDb8VFIQmzxcIFLuiIjRY2q84=
cwgQW1UgxyVfBeSrdwXHsPE1eoSAri+NViVSjTYe4hg=
pYn3RyiaY4vz2unSybTHuw==
mAzeFbkWBGyzJRgEWJSZYQNn44wFaguEUnqkvHVinQw=
NiGef/LGs6v8Em6sqLz1GYGKB0111uCW/TAqgkiW0+w=
2lfNnhNY+w/3xMaMUxJbE0YFT/wvMlSDz8Vrd5FEs18=
friRc+9ZWY/FqGvcCwNBV+r74EvmOsIt8bN7nig9/3Dx6QIr0ff60USISWyyZJoP99F4xHaOmPKkNn6u/5f//qO71SAFGcWpOuI1U1OzXuU0gNBGCi5pRX0NUeNBQ80zQ3+CfAP2JiV+GZKHtFEz5w==
friRc+9ZWY/FqGvcCwNBV+r74EvmOsIt8bN7nig9/3Dx6QIr0ff60USISWyyZJoPoyTJHae8Lg/OHTSxjueYbABOwh4AZAiGbiPLJfzvExuFomixeAVSDIzFvfJcberOXzuchwkTq+e7a/+kU+3i3g==
friRc+9ZWY/FqGvcCwNBV+r74EvmOsIt8bN7nig9/3AJPSnDAWGDmRzWmSAKbWyVhIAPnvjx5mf0EOMY85NvLh5zNrUQ5csXg4tYE68wz0OFTbqSAHOwYIJ7QpAL1qzy170lgMdkjkuPAE6cuMEBMg==
friRc+9ZWY/FqGvcCwNBV+r74EvmOsIt8bN7nig9/3AJPSnDAWGDmRzWmSAKbWyVPLv+mkkdeZSOA5WQDQYSPf0k7ipjhW7GK+S6/Jg70nVzmkgetDEbaGOat3tm8DO6wINfgeR5mLnWuoWpIQbAkw==
friRc+9ZWY/FqGvcCwNBV+r74EvmOsIt8bN7nig9/3DMY5Q+AIAvrK/9BQOisEWPwjHum1qEIpUpOzqEV7vTeG4L7fQFmmHBdynb4VKot31Ldc0uiXww0HMHykOv5GguyY7PlmM7yIWqjxwx6MvDew==
friRc+9ZWY/FqGvcCwNBV+r74EvmOsIt8bN7nig9/3DMY5Q+AIAvrK/9BQOisEWPPHtb7qZI6VAgBMO8YNpsAujHFCYP1KMRxjpwnOdulCHuGh75n/rSlifZI0xoJcxNf/OJoAtKs6SFBz3iiGb9yQ==
friRc+9ZWY/FqGvcCwNBV+r74EvmOsIt8bN7nig9/3ARkKtGupydirvYPwEXqjrVxH8Y5Gm/xXQOCOdywIhJZt6c9caSbuSGCbRUH42WBYY6lzqoWeQQAhR25Ewq4z/u6nax2fuevqzCBGGoMEyCHw==
friRc+9ZWY/FqGvcCwNBV+r74EvmOsIt8bN7nig9/3ARkKtGupydirvYPwEXqjrVvtt1J4fUpKzAH9PrhA8dhZuux8w6T1X0b1Y/K5KSGOle7SFyd7VGokYJHhBEJX45d/y5FsGJdWJbVoea52qqvQ==
friRc+9ZWY/FqGvcCwNBV+r74EvmOsIt8bN7nig9/3ClXdWA+2ruB0s70oeBpHrlMb0Sf1n3Ot2PSUf9zRKE+BpN4JpRdylMWexi4NcVFPbgxFq4Z/HSmCpdLy3KLw/5E+SXwiUtqVVsqnFWZ2occg==
friRc+9ZWY/FqGvcCwNBV+r74EvmOsIt8bN7nig9/3ClXdWA+2ruB0s70oeBpHrllXf/pMiT45VDzDLVSnbhtDDjgm+CFwUIgCs6vgW3UL6RXnweQYWNUKDaTCE32dqommm2phTu7Ar4fQSLe4fWqg==
friRc+9ZWY/FqGvcCwNBV+r74EvmOsIt8bN7nig9/3CSHDFQKiRtZLHlkPBiyEOR/HPBY7jnCr2l64PN3KypWGtdgohFhBelAjTwYs+VOLMcgvrQYBF9H436UVyQJdUfX5bWFQ4DzLKjwgbKENcFbw==
friRc+9ZWY/FqGvcCwNBV+r74EvmOsIt8bN7nig9/3CSHDFQKiRtZLHlkPBiyEOR4FWdtMh54B2os90LDBxM7Gx89Ukg9wmXlIenNR0licyCU6rRRg5KodBg5hiZhzgjZ2yI/sewhhvLZtqCF+xGjA==
friRc+9ZWY/FqGvcCwNBV+r74EvmOsIt8bN7nig9/3D7h7evvWlem1d28sva2h6m8SJEPC+fPT+nbMbchPUX3hQmHfytLRoEsXLIm0B1V1mQY9bJvPxM/5K40rZJ899OCTvNq3YO5IVKvuMHBi85xQ==
friRc+9ZWY/FqGvcCwNBV+r74EvmOsIt8bN7nig9/3D7h7evvWlem1d28sva2h6m1BMnlLiObxedErmMOuxWbZhZo4YmZ/dkSa2Da+fyxaVBzndFm1zSk3ShLTRhaylgEzruWKcrh1kcitmJdbbSEQ==
friRc+9ZWY/FqGvcCwNBV+r74EvmOsIt8bN7nig9/3CcJVNv4dTWMnB52BtguF8dY8cHJ2gixdTVMQzU5LjazZfbOlB5iqGo/Jefinyuwh50gE9BwNhSnt+77ea9wt5ZaNOjYx9g4cW816vTEMa12A==
friRc+9ZWY/FqGvcCwNBV+r74EvmOsIt8bN7nig9/3CcJVNv4dTWMnB52BtguF8dHnmZzzv91s/LposWuFwYwZ8Cw+V+OVWUTvxHQUKDBoARUVi4lnDILX3a+0NIc8MgzZaBaRJnep6XtS2QNDBpRg==
friRc+9ZWY/FqGvcCwNBV+r74EvmOsIt8bN7nig9/3C8IqKBArdtOq8zXl/8wKMIPF8a4Ai8VzNMfLP9nCN847xN658417FzLQ4FdUfDVRj+vat78SP22JWj6GH1Ud2RkBm5OmwHfdo8Dn3ZCSW9yg==
friRc+9ZWY/FqGvcCwNBV+r74EvmOsIt8bN7nig9/3C8IqKBArdtOq8zXl/8wKMIFtnYWtPEn3J/dRcRcqvAU2me3PPZkokTHhNthzNSxcLxActcVX++ItqRKDRFt6dDMdfIsf3nAP6+KvslE30/xw==
friRc+9ZWY/FqGvcCwNBV+r74EvmOsIt8bN7nig9/3DfrrFhVxjBaPIQaIK41BqDm7OU8AArXr3IfBBnWUDiCpF7CEnq39dOBgiSMJJbpWHKTHWBZvWs4iyCd5J9i0KhF4b5A35OXlXfm7uiTyQz6Q==
friRc+9ZWY/FqGvcCwNBV+r74EvmOsIt8bN7nig9/3DfrrFhVxjBaPIQaIK41BqDpZmLhqXv1OyUFXDxadANUanGzxBNl64pFEhmJpUUoxp18ZjBLUIb+MVyJlqBzzsUMO85KiHCNBAg9tw7wKmLpg==
friRc+9ZWY/FqGvcCwNBV+r74EvmOsIt8bN7nig9/3BD3zyPGL44CEg126bRVPsOJI3uG7n43ZjlBBX7Nt1X6o5OP8XDp5DXZ0ZxOxKNkH/tCuOPBXWwf5Rp1siq3VMVkxaKvWdNf2gzs63KfLdHHA==
friRc+9ZWY/FqGvcCwNBV+r74EvmOsIt8bN7nig9/3BD3zyPGL44CEg126bRVPsOeLqoisZWBsNin+lMQw6RRyWSpymOD/e6VQzbh1x25tCmJ6ONHnMCstbBkvUvD00Tg756/mJNE9Z/LB7P2Czy4g==
friRc+9ZWY/FqGvcCwNBV+r74EvmOsIt8bN7nig9/3DugYkV6wCKkkskfisIe+HEE4YiB9CTik4jrdAZwf+9MWuh2TztP3VM3mRYy4rDgGP1KIQV3cHU5xHkGGYeZdgOu28bg+xPHPVRfJ/lSxoUkA==
friRc+9ZWY/FqGvcCwNBV+r74EvmOsIt8bN7nig9/3DugYkV6wCKkkskfisIe+HE8LEu4pR4EfWWT9VctrB1XMQcUHuZAxX1cgMiunm4zHM/tY96OVWKD7DK5xEk2UkWmEwEDDKGloE8E2C/Xou1ew==
friRc+9ZWY/FqGvcCwNBV+r74EvmOsIt8bN7nig9/3AolPkqj6iaq6mLbjXVIPDDubGpjFL6zFnkBZaXjEtFk2W0IFJOoDLhO2MTqhsMqsA0RBUrSzi4ZQUNJrtgf1l68XkboRfG7W47gNzPYOGx+w==
friRc+9ZWY/FqGvcCwNBV+r74EvmOsIt8bN7nig9/3AolPkqj6iaq6mLbjXVIPDDO/45m9zx1YbpfRm/k7OMyxwH/hsiOUD+9TWiDSDbN8K31wyvc/tL9gfVzXnKky+Naod5aQm8rLxSTJczgySM/A==
friRc+9ZWY/FqGvcCwNBV+r74EvmOsIt8bN7nig9/3CcU57WTye+TIYDSJtSZUyIOFRrsU8zDQY79WMxBL2cQXdiWtdsiXwiOUe0gvpUbVufDYP2jCgnjXYoXfVPNTd3fKOL3ot0l/aaEJLEXAmDKA==
friRc+9ZWY/FqGvcCwNBV+r74EvmOsIt8bN7nig9/3CcU57WTye+TIYDSJtSZUyIn9VrShtpXTB/kVbxdGlzR3hT9LkRsjJDI4a+l2cNhzl7GKTKfk/A4JKw6XLJVqXH+E7q4g7spD0v5gsQsBN/dQ==
friRc+9ZWY/FqGvcCwNBV+r74EvmOsIt8bN7nig9/3BOd3AgJMTkN2vN8UGPPF+ra2Rdv7B/IIVK0Ree+zmIj7XVLmvUsWpjjYxWxhZgxaWJk/JniS04R9VcSeWgrJRWDhs9IjEb2QFTU+Ou8iaimA==
friRc+9ZWY/FqGvcCwNBV+r74EvmOsIt8bN7nig9/3BOd3AgJMTkN2vN8UGPPF+rwOpfNJSjAJgjPYXrIUAUDkdTgAhLWBRXSrhpUg08Bc344YeqtEhGMDTp9lhbLqDKCtuXzD6KAzRWaGK/+GB4aA==
friRc+9ZWY/FqGvcCwNBV+r74EvmOsIt8bN7nig9/3CspR2epu3guzsySiIhiLSi5KphXXJLyxF6Mrm9l/r4uROgZLQq5e5mLozguvJcIAjs8P0slmRRKyrtoV4q9L0jDUhfwma491k5Ii/QnaT4Tw==
friRc+9ZWY/FqGvcCwNBV+r74EvmOsIt8bN7nig9/3CspR2epu3guzsySiIhiLSi5wbQZ0OEKE9FwrzeCd/809d6OgHttXWht2rgMvQzms/XJuntJcitSeVEKeRGVrN322M0BRpiCGLcfYXUZAWxbg==
friRc+9ZWY/FqGvcCwNBV+r74EvmOsIt8bN7nig9/3DPqh7Mf5RPgO77Jp89ZpT+1mAiZ+nNzoHbbBrfow5ouy/wwd/+UQ+cJXM98JsOpWs60hC6/ZhZ4yrBHmUnqGQRFXyEuvikt6laiXuiDCHjYA==
friRc+9ZWY/FqGvcCwNBV+r74EvmOsIt8bN7nig9/3DPqh7Mf5RPgO77Jp89ZpT+0aVybdoVIG9X6kMhaOzo4VPVGmroFfNidhwtvP+lY2+lbM81n1PMhWP8J/deybJmcAX+ITlEKc7438JrH9LkGg==
friRc+9ZWY/FqGvcCwNBV+r74EvmOsIt8bN7nig9/3BZqcPkBKiAhaR3uEpII3roiBBddhh2/HpwKx4sMaP/e3MATBrJ0LoO/NFDQ8MxhbOpQpcil3rp+nBOmINDvIwXXdlYrKXfQ9jegHquDusB2w==
friRc+9ZWY/FqGvcCwNBV+r74EvmOsIt8bN7nig9/3BZqcPkBKiAhaR3uEpII3rogc0FoInqdm1nUR9bpbbT6IkSdE/7eU7gv8LVNx3IBJ6BF1ob8JMW84qbAUmrsdslXy+cOtbAH66Pp2/DwP5NxA==
friRc+9ZWY/FqGvcCwNBV+r74EvmOsIt8bN7nig9/3DhxLewWLqcrrYgOteDgHSQVk9upL6y2a+EX7XPrmg+jRdbD7Cs43WvwIa2/I5HV6Z3/bAfJedM6H8VwBfuZ1L2VoxpN8ShJtRu1ygVs9dWxw==
friRc+9ZWY/FqGvcCwNBV+r74EvmOsIt8bN7nig9/3DhxLewWLqcrrYgOteDgHSQ5XiH2pB0VlX9Rdm2pFMW/dzq5b5D6KeFJ0cLgZ2sauJ1y5rWxXOgj+9HxcwPD+eomccGfTLaRyhxsBuJOG9V0A==
friRc+9ZWY/FqGvcCwNBV+r74EvmOsIt8bN7nig9/3BI9WmnqKPT4iWzGqf8lqyqtA3rXL20nf5NGjnujpWTDjGjLNhmoguJ2JQY0IbVk5dXNfM9BeohPINAPKKbeGfCuWTCqp+JzS+93YGGCaeDuA==
friRc+9ZWY/FqGvcCwNBV+r74EvmOsIt8bN7nig9/3BI9WmnqKPT4iWzGqf8lqyqJqeV0M4NxxEr96IUFMGn+vpZrDWVSvU86Qs97gXbKoJhpfy8xbRASA0a3rsyeTGG2kk4qJH61cDWa5tMnN09Gw==
friRc+9ZWY/FqGvcCwNBV+r74EvmOsIt8bN7nig9/3ALaJUPffvecaelOxzP0WNCs3e0XTefaBTfd7/cBtci8s0jQ5Jn1SkIDRcGv4K6NoT+LF6VgszasHVq1qK55M70qEWtUhiVucNntHdk9wGR8g==
friRc+9ZWY/FqGvcCwNBV+r74EvmOsIt8bN7nig9/3ALaJUPffvecaelOxzP0WNC7Cg7263kyACPjEYBvEoRgdorTPRe+0Pb0k3GP5ytlz3Z9XB35FVaYqPDPyclJvIvTr38WLvut0yX5dVY8AiAxA==
friRc+9ZWY/FqGvcCwNBV+r74EvmOsIt8bN7nig9/3B+cLtc3cpMLSiaTqTSsd8Mz9RR2YrhppBbIninmFRbzkTPVeUI9RcFRsERtIA1jJ9llFK9maDjPYgYFEQ08dwgJliK3X4/ZFxTE6QI4O2bMQ==
friRc+9ZWY/FqGvcCwNBV+r74EvmOsIt8bN7nig9/3B+cLtc3cpMLSiaTqTSsd8MKEeytlEdhMQ5fKHP5qqM8TqkrRXFqpA1hz1DlH8aNJHYELgDUkDLL6URCMAF6us0t2PbYM95g4Z64EjGZ7FegA==
friRc+9ZWY/FqGvcCwNBV+r74EvmOsIt8bN7nig9/3DVvorxPbzdqsjtX5klKa2g81LuiihAJpz5MGPYc6xv81bWQoeFo/F3WB4cp5SAKrYNungk5wwJ5u/BOp+rfJF08uzZt0Y3L9fp7xcLECJucQ==
friRc+9ZWY/FqGvcCwNBV+r74EvmOsIt8bN7nig9/3DVvorxPbzdqsjtX5klKa2gSxFNBPx4LAry5rbJJBEgzSYWxIyUXDFlGr4+uGQjUfZHE9vLoKb5wFsW8y+ehJJrp8qbtz+qOfYQmN09wlpuWQ==
friRc+9ZWY/FqGvcCwNBV+r74EvmOsIt8bN7nig9/3CcIDKtZemunt5XSKuA5Facr9A0tp/uYnqxhDKUFltY+mtRssPfMHBDz7zoHqVpjBf1l9BTxypfnFUKgeGC0qM30MAok5BesLNOWkCYzQ0t7Q==
friRc+9ZWY/FqGvcCwNBV+r74EvmOsIt8bN7nig9/3CcIDKtZemunt5XSKuA5FacpHj2HO1kFEATPazl22bafUz0nkWmnGmRd14Ao2ys5Extq8yZh4C0a01fyE9PXbiUojwkPSNMuQVdBuMDQd1VlA==
friRc+9ZWY/FqGvcCwNBV+r74EvmOsIt8bN7nig9/3DgnA0nO3WypEoJbaM1aUVvM7l2i0hJVIuWGUeMh/ckBpleJGOezNzBIPl4w1VrOugI7z3VpfSlN8LzoFnidEOwLirF1x8yTA+tjyxO4tv0UA==
friRc+9ZWY/FqGvcCwNBV+r74EvmOsIt8bN7nig9/3DgnA0nO3WypEoJbaM1aUVv5SrsXZ0vseeduV53C6CHfhP8aMxRb3VngJNyNTQ/rxIK5hYcx5ffmexTjM1BViwl8czXQfECkXIh9p8r5iOElQ==
friRc+9ZWY/FqGvcCwNBV+r74EvmOsIt8bN7nig9/3DQjsqk4Uj3Rj+mgGzC/V/C2SOL+MGKtYmvN6gQBPOTlwEq4culZ9dCFW57zhv4qlNixNBS0O6CpvDXG4MWr/czasGqvHAjkgPbPhOfWAE7CQ==
friRc+9ZWY/FqGvcCwNBV+r74EvmOsIt8bN7nig9/3DQjsqk4Uj3Rj+mgGzC/V/CBpYIKBuHxbk6V1F84xn5QhX+RvOqK+rnXbjnDiKN1/oKlXQbbyoUYdwgUYpHHaIvFr9Rrn2J+cepom7PxcwTcg==
friRc+9ZWY/FqGvcCwNBV+r74EvmOsIt8bN7nig9/3AamRL+LMWjnVua96jfFrbCVdZ5nAavhiq7/g0o+oXaPa3TvwS9/V/l1BEtt3vrfLLQ0waaHGTSnyMt39iY23ZQag+tIae4Bkso81N7c9GV1A==
friRc+9ZWY/FqGvcCwNBV+r74EvmOsIt8bN7nig9/3AamRL+LMWjnVua96jfFrbCpjDolO5q5valfSrRydP2bzhQRosYqt5OzAP8+YlPNX0HznoJ305vKYeg4xliAZ3qneB7vj2YLcc2xt1lfGYVTQ==
friRc+9ZWY/FqGvcCwNBV+r74EvmOsIt8bN7nig9/3D4y0vFYv3P1aMvFhejjobbYxr0s8cmj6a/Pam3uJyZJbH+isXCojsYO3i2sSIzOQGKZzyRlIi+o0yeMvw+crZ3gtaL5DNmRTRFSX9E2O/ldA==
friRc+9ZWY/FqGvcCwNBV+r74EvmOsIt8bN7nig9/3D4y0vFYv3P1aMvFhejjobblsnhe0jZ5S/U73xMfDrDOv28irplb6eV1vSj1PBNjgz3PoZuYHqaDjcNiY7ZOdy6UzIdMirfiFjYjRe3+1209Q==
friRc+9ZWY/FqGvcCwNBV+r74EvmOsIt8bN7nig9/3ATUG09FvKF2jtvzNrTyuU5VruI9mpAg/+MVrxKANshdaS1bcuMnUht54c7TTHyZRgPb+RD3WeArqt5LedJbN2NLYv6VVGTlziMLpvFgLn0TQ==
friRc+9ZWY/FqGvcCwNBV+r74EvmOsIt8bN7nig9/3ATUG09FvKF2jtvzNrTyuU5hBR3w+An0ZI3eS3DLSWaMcM8Ff3lXFf6Mw6fu1OpIekIPXZADH8IgfssN6sxS1Hq+WhLJevBsB2jIaH/uXNupw==
friRc+9ZWY/FqGvcCwNBV+r74EvmOsIt8bN7nig9/3Bec0yykbMYs7fZZqihD/3CBkVymIDIeB8RHtUG5QxeczdRXF2tItUk829f8MeLdjFcnZSGBJezQeFRtmFTszyTjt1gyZijKG6GniVm2OocFg==
friRc+9ZWY/FqGvcCwNBV+r74EvmOsIt8bN7nig9/3Bec0yykbMYs7fZZqihD/3C38t3etqjTXs+cqV+Bn9nhqSbZs9Z6b7heQmJfIs2WAjRbE6sqszlwB00JD2ExImx4icCEgWvYZ9nbWnrqayeaA==
friRc+9ZWY/FqGvcCwNBV+r74EvmOsIt8bN7nig9/3CQkTnXhLAUWn2jfITaMaRMDBY8VovboFCBmx2DhIL2z4FWuzWzgfInaYOXxPRYSb28NYvp0ZWRrz2min6UpL4G+k+dfkAoJj6i1GMpjwlvPg==
friRc+9ZWY/FqGvcCwNBV+r74EvmOsIt8bN7nig9/3CQkTnXhLAUWn2jfITaMaRMKy53Eqpi3NVKBlbdButoe7SV/OnZmA3M9+dsTrnpiTPgsl/50AQrt+V9qT18/Io3ngnlVlzF6Qn/9ADSEBhC2w==
friRc+9ZWY/FqGvcCwNBV+r74EvmOsIt8bN7nig9/3C1URmg7yveXUwMgsgqyqvc/Hikod23d4cMU+RxuoqLUxzYfd4bwHwoafAOsE/t60fP5sr8AsyEuHOHdByuMdtBR9c4ekalXsSfMGdqlYy/VA==
friRc+9ZWY/FqGvcCwNBV+r74EvmOsIt8bN7nig9/3C1URmg7yveXUwMgsgqyqvca5jT2S32/Bb9Hua41GM0haokc71LbNhQGMKW0gbXeu3XRKTWGpniIF6Cv4qAku6X+UNoX9lLG1sV9B4/ykV+TQ==
friRc+9ZWY/FqGvcCwNBV+r74EvmOsIt8bN7nig9/3C1URmg7yveXUwMgsgqyqvcgNpjeugshntBeG6KJkavxxrEhUwQUgris39NB51b6tT4vQI9XlfwnhJcr1a4OCEeT/zRdYWFfUC6476FmvZGKA==
friRc+9ZWY/FqGvcCwNBV+r74EvmOsIt8bN7nig9/3C1URmg7yveXUwMgsgqyqvc6SMwpNKJRUDGqKSrVsDImABtAqwIjLsb9Zlf/93TNl26jo+F69v3H5K5lIG90N9ILjepPFfdZIeztWTs9SXcKA==
friRc+9ZWY/FqGvcCwNBV+r74EvmOsIt8bN7nig9/3C1URmg7yveXUwMgsgqyqvcDzl8i46mZoiRD+0OpI0UbBUMxLEcSJtcok1EqyE/KS30BxFs9SYkXefqBB7vB9yY9CtfQ09R4Dph1ecvwtkYMw==
friRc+9ZWY/FqGvcCwNBV+r74EvmOsIt8bN7nig9/3C1URmg7yveXUwMgsgqyqvc/5IA/hl59ZkP1/0QRHqpoiMu0haMpxRu4lQ4bLSQ9DpKBoRucneiGBoVjUT8Yj5bJbOvtvUYOaKndYJFGwzxqg==
friRc+9ZWY/FqGvcCwNBV+r74EvmOsIt8bN7nig9/3C1URmg7yveXUwMgsgqyqvc4pv1SikquOo6EsAgeL9xktrbFer+lg0tLQuhoNUZCLh7DMiuldqYjTZU/qDMTiWhVnvYRwUGaIt+JsAL0J6A9A==
friRc+9ZWY/FqGvcCwNBV+r74EvmOsIt8bN7nig9/3C1URmg7yveXUwMgsgqyqvckqq1YnVtFldgp0rVvRw0DVkrlcB4B6O2mGeAmaxzF60w8QWvqZB99aouYwQeW08aJxITS/mfRWKuC3gcPj7glw==
friRc+9ZWY/FqGvcCwNBV+r74EvmOsIt8bN7nig9/3C1URmg7yveXUwMgsgqyqvccA1w68Jr1aiG4hHJe/GEIZE2kI/xG7JUlRGKYhpyHLdYiBd1/UtX+GbWf70chGnuR4pGabEV/YQtql7oUIjYHw==
friRc+9ZWY/FqGvcCwNBV+r74EvmOsIt8bN7nig9/3C1URmg7yveXUwMgsgqyqvcJciOEamVgJCLb9/gMQAsiwayTHuGCGepZoFKn05ils1CHsE8hWGrX2ZhiY6NwPTIPi2/oB475m8CiyWsYX2jIg==
friRc+9ZWY/FqGvcCwNBV+r74EvmOsIt8bN7nig9/3C1URmg7yveXUwMgsgqyqvcvcOq2nbL9qtySl/U+J7v70YOsJ604xpJBsQ5uwu8Tsyfo2ngcNfkl2IMDb8nKufO8brIt5NVks0Kz8SfS+lf2w==
friRc+9ZWY/FqGvcCwNBV+r74EvmOsIt8bN7nig9/3C1URmg7yveXUwMgsgqyqvcozJ9RUaqLsFReE35CwEa0jTUm17be8Sp4Avb1lGsdi9n7E6rbYLRJscn6pu6EAIyJAr6p9ebps7nms9mO99oPg==
friRc+9ZWY/FqGvcCwNBV+r74EvmOsIt8bN7nig9/3C1URmg7yveXUwMgsgqyqvcr4l6xkJURTGFqYWYfBJu+YaknJPojaGLTYAB1vfuKCD2upWxD5CyNBq8eyDaaxfRtfCSXXKzFq/xR6FgiucAGw==
friRc+9ZWY/FqGvcCwNBV+r74EvmOsIt8bN7nig9/3C1URmg7yveXUwMgsgqyqvcuVjtzrdmChQjrdBO4SdMHhHpSTllAtXxwUgsGf33EZk9h1GdiWeHgFBmfNYPXqiUIHHFtGj18VzsXHt9EnJQqQ==
friRc+9ZWY/FqGvcCwNBV+r74EvmOsIt8bN7nig9/3C1URmg7yveXUwMgsgqyqvcyfR7RQC+/yTc2GH+rispfvUGnRMGxcMDGToihNBxekdTW9gvx7pcN3zM346xMrGCAbhn7gtexUy5Jsd9CU3jUQ==
friRc+9ZWY/FqGvcCwNBV+r74EvmOsIt8bN7nig9/3C1URmg7yveXUwMgsgqyqvcYZ7Qhg/62s5yUJCgFajD8EasYbu0zAV8haj+6c5qZmtYrv5Y0v0N+2yu5balkWyASGGQlvS6m5BZ+alSchXu4w==
friRc+9ZWY/FqGvcCwNBV+r74EvmOsIt8bN7nig9/3C1URmg7yveXUwMgsgqyqvc6/89Mtsk6OEDa9UwjPHQeKR19CGSwHBW3ICFE/wrfTBUQCGuDwGzDctDu/jgpARJEFW09tLg/WpXqFzSmN350w==
friRc+9ZWY/FqGvcCwNBV+r74EvmOsIt8bN7nig9/3C1URmg7yveXUwMgsgqyqvcAtaLi0TxtWQfLKK2x4E3CeQDeN6KLJ5c8dmmCVnZV1D/k5dNbG8XTvauZA6G0ZZH62DqIRaBYQccZybpljT1Ug==
friRc+9ZWY/FqGvcCwNBV+r74EvmOsIt8bN7nig9/3C1URmg7yveXUwMgsgqyqvc5o4yyoQvBffQ+bz8NtX4LmtvpR78eZQqLHLKZXdpXCreHEQs6wIHMAp6TxS7DmI2CtX0gl0g6l62w8Y0TqhkAA==
friRc+9ZWY/FqGvcCwNBV+r74EvmOsIt8bN7nig9/3C1URmg7yveXUwMgsgqyqvcQBv4oGdcw2S2QmKPXdMrvCGWTcYU1YZ26PpcPMjdQcqe1PrOyXC/KTyGuaoPalpEKHr6hHhebC71dFdvy9e8tw==
friRc+9ZWY/FqGvcCwNBV+r74EvmOsIt8bN7nig9/3C1URmg7yveXUwMgsgqyqvc1EI1KV15gjOhMrMn/TcCgCiZkciq91bWg6A7QwRoMLmrCrxQNzEHOEb/5Fm2z7Szj29gxYVYdFfgOpL+fNAdbA==
friRc+9ZWY/FqGvcCwNBV+r74EvmOsIt8bN7nig9/3CZ/dmNTBQt/azasbE9mqaEUcan3dZ0aqM6B9LkxIJ8KeGwcIB0Z52Sv79hICwlrspOOc5Qum/lNIkXrqKAeTY0td7T9T8AU9WCom+/ENzMSA==
friRc+9ZWY/FqGvcCwNBV+r74EvmOsIt8bN7nig9/3CZ/dmNTBQt/azasbE9mqaE2CcP/tkU3cj2BecmI+QinKd4dDuMmYUYe9AT/QdWrVF7to1pwK69q3mJIXbSzBvvDXbrUc5fU7Rr8EstpEjPXw==
friRc+9ZWY/FqGvcCwNBV+r74EvmOsIt8bN7nig9/3CZ/dmNTBQt/azasbE9mqaEVnHtXFsuvp6VOM4/nzXDbiH/QxWdJJ2VOZ0KD6h4Ypu/rfs+sdpEUeTQpeQLxwO/oF5pPOLPG81Bxe9vnO6IpA==
friRc+9ZWY/FqGvcCwNBV+r74EvmOsIt8bN7nig9/3CZ/dmNTBQt/azasbE9mqaE/W/TAAxt/6JmRGlQEXL8JzFs/kNXCibLVky0HWlYQHmyFprtCZi5u0YL4S9ceHGS1PwVWMkAoadnY3mr1ioTVQ==
friRc+9ZWY/FqGvcCwNBV+r74EvmOsIt8bN7nig9/3CbjhKi3NxvG1cp2A5sLF1M2rOYld7AAACChrXTCxb05diJKfId806DKb+P87TFHQnqk+QCf8GKCbfXRrPjkeplgv2SLKl+CXOz/AP4u4kn3g==
friRc+9ZWY/FqGvcCwNBV+r74EvmOsIt8bN7nig9/3CbjhKi3NxvG1cp2A5sLF1M0GwgKn5fqtpJqutz4XPz1LiL6IN1KuQATNyODmrGcofn6W2jbimwR+kHqZP4OvrmkDE0olh2PKAoDJkErJN2Yw==
friRc+9ZWY/FqGvcCwNBV+r74EvmOsIt8bN7nig9/3ChKTamiGjMkbl87HXyG9FFv853fN7cWWyYydP10Gthtwo4Xm2ohKjvqWxPWerwyoWEA0E197uj9S4zZ/+mEaX+nyGX1xgcZJ2GoSDxmbbNHw==
friRc+9ZWY/FqGvcCwNBV+r74EvmOsIt8bN7nig9/3ChKTamiGjMkbl87HXyG9FF8BatslCZdEEzcLQ3owWrEN+FYTDis77ZIhv54fhstHsdPLdMiO9Z9Svl2ZrRAR06HdXyvJ/rby0hnYMYZowcXg==
friRc+9ZWY/FqGvcCwNBV+r74EvmOsIt8bN7nig9/3CpJp1ETxxuqYmSSh9V1Tq7C27Sf4fOZGCxi7jYTop4sbva6uEcnF2+J4jpcJFsnzDO3lJ7OKnXXJFAVmXp734YZ9wfLE0dP4mG69mYy8jPGA==
friRc+9ZWY/FqGvcCwNBV+r74EvmOsIt8bN7nig9/3CpJp1ETxxuqYmSSh9V1Tq7ZW6nIWiGnihr71+5TeQgJjE30UknJ6MdaRy8iQhqI3Tylnv+WSIFIUtTwBUXwcMYi3NPUemWqrNTHz97z8Q9jw==
friRc+9ZWY/FqGvcCwNBV+r74EvmOsIt8bN7nig9/3CzenRgZXTiPjyx1pwVK+wM+kC4QObPm5fxK0z2oDPqkgt3ELutgYM04ooLXWltwktFW/LqTU8iucoUiv7p4LsmRhA7nPLi91yLGultV2/UXg==
friRc+9ZWY/FqGvcCwNBV+r74EvmOsIt8bN7nig9/3CzenRgZXTiPjyx1pwVK+wM1xTIaJ/TibVS3A1xIVCU74YQupwCL1KcD794PbT9FcvET6+bV/nROQ2PtNeR6eDsCzOD79B+vGCfym76K8+A8Q==
friRc+9ZWY/FqGvcCwNBV+r74EvmOsIt8bN7nig9/3CcFZ6t/UGdioaTULFb1sCd982psG2MUc5ceXw0PX7kVST3KEjVdZ/0V7d4PllOQJKYElyP/PkY3V/bqcaaG1eQNxBB/FQ+NLiA9CL4QJPadw==
friRc+9ZWY/FqGvcCwNBV+r74EvmOsIt8bN7nig9/3CcFZ6t/UGdioaTULFb1sCdBTRWBLD/J1ulgUbztHgndZmzgxqW6Ki7tRUnctsgUALDwfu0TnswegU+8myIN2/4YvN+CSRII44tJlQ3UxzNKA==
friRc+9ZWY/FqGvcCwNBV+r74EvmOsIt8bN7nig9/3BvrAiTDKwussA3DdVySRuOmC1a4fe2WubDPF4M3oaSUEN8OVmf+TQlUf+FPde+rQpaNwrBbm06vF5gLH0iArwVUjZOJnSGl7RUHoVApggXCQ==
friRc+9ZWY/FqGvcCwNBV+r74EvmOsIt8bN7nig9/3BvrAiTDKwussA3DdVySRuOiODenY7wLTvZ2bzUtdRpsAtQuaNUfHH6J1DrLYJEgB9wEsBYXa34QVFmhZfyLlDLcFdJfOhxZcphhlTb1whDPA==
friRc+9ZWY/FqGvcCwNBV+r74EvmOsIt8bN7nig9/3BvrAiTDKwussA3DdVySRuOPmw1F3OwjvKEGTCCBxkJZlsQDmeaw1EcSAP2UbEq2xGHYHm3L2GYrdoEwO4YYySJ6oaErXyJYAgoX7De9Q2Oag==
friRc+9ZWY/FqGvcCwNBV+r74EvmOsIt8bN7nig9/3BvrAiTDKwussA3DdVySRuOzmnvjGvxZZEGfnOPr4bgY79C5NKATb0yeN5votIl4vqt8ohNgMQ5zzrtlIceOzaAWmNi1ewX7SPOQYTSe/dRIQ==
friRc+9ZWY/FqGvcCwNBV+r74EvmOsIt8bN7nig9/3BvrAiTDKwussA3DdVySRuOzxbJHgLKHn/0f3x8vtoBDLEeTi/TO71eu2ygPQNcGcMasCsG/XTzcnDGRaCIt3VRJHwREG11eHV7xC/yUk1hPQ==
friRc+9ZWY/FqGvcCwNBV+r74EvmOsIt8bN7nig9/3BvrAiTDKwussA3DdVySRuO6+C43bWO4Dr37aDXYuRqN0uziaB0iwBAzxTTTgsEyuJwCTkQQ8hcBEhari3TNlcD9o+DzjytgrAugg51qaUDCw==
friRc+9ZWY/FqGvcCwNBV+r74EvmOsIt8bN7nig9/3BvrAiTDKwussA3DdVySRuOLeAH+DKLnhmGAww8tww1UAKHHb1qciy9mgiYj5JcsL8wdtJJrkNJ4X/C8OqEj08rbuSD5bA8yqTKC1YTrni4Qw==
friRc+9ZWY/FqGvcCwNBV+r74EvmOsIt8bN7nig9/3BvrAiTDKwussA3DdVySRuOCRCe1NlV79yGyv3KKY/aNo15e4Zz60HqMn04ApJBK8/NpcDrT7yGchI7RPxQYZVPe/bBx9lzc7z9JFAz+9iD6w==
friRc+9ZWY/FqGvcCwNBV+r74EvmOsIt8bN7nig9/3BvrAiTDKwussA3DdVySRuOdYmiId3MRltfMroGETSQaNg7V/oFbCZmzkSj1KhXGP4ayuT6ZY7IHwdBc3ChLeirw5iLN66zBXcH8U0DmHExSQ==
friRc+9ZWY/FqGvcCwNBV+r74EvmOsIt8bN7nig9/3BvrAiTDKwussA3DdVySRuO6XGICfoRbmndpgyS0q5heT0dVpZD3gBlXpEfKiEedH0YVceYiFj9/HWkE2fr/0X41kRxUAPoqWqPbI1fnnzRfQ==
friRc+9ZWY/FqGvcCwNBV+r74EvmOsIt8bN7nig9/3BvrAiTDKwussA3DdVySRuOaidq4Sq8I15PVguQxqZBS5bCzIDmju98AsryomAm2zpOajaaH0v9ovmZj1mtzPgfhq3XwaZ5uxKgC537lbrSjQ==
friRc+9ZWY/FqGvcCwNBV+r74EvmOsIt8bN7nig9/3BvrAiTDKwussA3DdVySRuO6Bdj4Es7Mvn+UqkUXz2D3BvJlH0WXK8YopHj5sh8jBa454Xu+5NJ0s4Z3JONK3huMzQKhwpaqRj7WXzrJP7D4w==
friRc+9ZWY/FqGvcCwNBV+r74EvmOsIt8bN7nig9/3BvrAiTDKwussA3DdVySRuOZmncPnAaQ9nAfEXTm57qLqWMlYIXb508DepjKDWg0jH63WNi7b7166WwD2gC8HmwaOPwTzY7LAjyqOXvgHuI6A==
friRc+9ZWY/FqGvcCwNBV+r74EvmOsIt8bN7nig9/3BvrAiTDKwussA3DdVySRuOMIx03GbAMG1Um889XsODodMGJa89o9+j4YRW51QM93/4eswRvBKlt9eDm64Ub7WL4HJUPW9uzfn2SqKbD8zMgA==
friRc+9ZWY/FqGvcCwNBV+r74EvmOsIt8bN7nig9/3BvrAiTDKwussA3DdVySRuOt7DjQQqeHujwbkM4galSKkpJNfWc9hKjLSkRzgCZ5VS87YaDIz1bsFQ7z37JIAqNsjQ+TYbYCaZZzv4zs4aVvg==
friRc+9ZWY/FqGvcCwNBV+r74EvmOsIt8bN7nig9/3BvrAiTDKwussA3DdVySRuOqcTFfZt0c/Q0FTeWszjAAs1wGyfI5jMIAbNKb/UESO4w9bnFHpDT6M6vHEBsyb80UBToZa/IVkYf7GbJoNwIsQ==
friRc+9ZWY/FqGvcCwNBV+r74EvmOsIt8bN7nig9/3BvrAiTDKwussA3DdVySRuOff/fuqIJof4c0S+OEuFmYTPhQ+WY/9EXJFTyKIpQB0H4LLcK5gihzgobQzDKz3fDpQWktaPm1ZGv5COjBiuPDQ==
friRc+9ZWY/FqGvcCwNBV+r74EvmOsIt8bN7nig9/3BvrAiTDKwussA3DdVySRuOO7j4sQxj+noEEwVfDmGuk7KeNd9/QHl0ULF2kJkiIDexG/rN/T9g6oDcB2+c3wtTRMr2uSG2ghrMVrjZstiN9A==
friRc+9ZWY/FqGvcCwNBV+r74EvmOsIt8bN7nig9/3BvrAiTDKwussA3DdVySRuO6zyghxcPjp/a5z0In6iawcADySxbc1C7GekumVwrVgP1KoIWiJWtaM0pey8PGDJnK4rjv47h/5X7oaD18f/HFA==
friRc+9ZWY/FqGvcCwNBV+r74EvmOsIt8bN7nig9/3BvrAiTDKwussA3DdVySRuOKI4SdxgxVjRjYcwKynulvU0duB9b9ZECJdoAQJFqYCG/0mt6tNclOelFhZ079t8N1Zd9FfyrYB9k8j320VTfmw==
friRc+9ZWY/FqGvcCwNBV+r74EvmOsIt8bN7nig9/3BvrAiTDKwussA3DdVySRuON2903DDGnRe0umISBz0wD0fAZo74yZBf/JnQY1OSgMLRPMM5/UXGTI8n9hWjW6VwfEBSRd9nA9HF+HJ2dY150A==
friRc+9ZWY/FqGvcCwNBV+r74EvmOsIt8bN7nig9/3D3X3X0hWNiF+zMw5r2/pwWeAl67PuPquiQB+EoL++oD8GAU5HaQHOFouhxMZ158pTV3PYoa7wPn/EJmyStQnTasu14F7AGQnEE6udM+hNBlA==
friRc+9ZWY/FqGvcCwNBV+r74EvmOsIt8bN7nig9/3D3X3X0hWNiF+zMw5r2/pwWlqQf5hjxDUcTGu7OxjJo73maXDscU+hd+N5CRsELr+8ZoZxMWoIqnSI4YyAWheG61TIKFOyXwaKEtJoiZLoysQ==
friRc+9ZWY/FqGvcCwNBV+r74EvmOsIt8bN7nig9/3D3X3X0hWNiF+zMw5r2/pwWEGdyAbsEBVSIWW10Iqy9jKG/nQFWgTWuKQPCvYOFAJOzR1XVrGdixxZr9Ud7R9SrGN6KbzGLczyMRH8kUTxQfA==
friRc+9ZWY/FqGvcCwNBV+r74EvmOsIt8bN7nig9/3D3X3X0hWNiF+zMw5r2/pwW1aGU0dXX8yxjC7Kk66FUR07BciWXoyX0+VtWxpkUTxokjXSaR08OcW0FsSCjkasipQ2OvlosFQRUomzjNQRBpw==
friRc+9ZWY/FqGvcCwNBV+r74EvmOsIt8bN7nig9/3D3X3X0hWNiF+zMw5r2/pwWZ5PC/VL6G1cbEHQIWGZxIYjBake6Y+Ggx9n/BH1CHpHHLIQ66zkSprix4nli4LJzwhyh0ei2kJjDV/w8/T3HnA==
friRc+9ZWY/FqGvcCwNBV+r74EvmOsIt8bN7nig9/3D3X3X0hWNiF+zMw5r2/pwWO8asuz0TbP37q2uyQpvRIDQsb6MXw57XwOdZye3b26y2bB3bAqjDRO7dcPKKUSBbgsG/eIpadhhLCPRhCI5EmQ==
friRc+9ZWY/FqGvcCwNBV+r74EvmOsIt8bN7nig9/3D3X3X0hWNiF+zMw5r2/pwWIFkLCdaU2d7hQVzoWbYmA0lsa5QdmvoQPau5xSvt31eMQsWfdYkZwO6ChXN1hi6Zu3tLDIpWmgm1umpCxQZxNQ==
friRc+9ZWY/FqGvcCwNBV+r74EvmOsIt8bN7nig9/3D3X3X0hWNiF+zMw5r2/pwWXEpxU2bZZr/8SFqZ1xn1QfmZraK9MzySFnqPDI3WJLjWfOxS9t3rTwrXxW+5eu7D5KcdtRdTBkSqkFPoDgFMzQ==
friRc+9ZWY/FqGvcCwNBV+r74EvmOsIt8bN7nig9/3CaLHOnP+4+wXNvwJ4nKLPLcx0FZD1ypb5SbbGfxpDqEKf1kMbIpnJIeGZGWsfn3xbgCWi82i/nbHX0Fiet3NTZuaQLuduH1Nggohtuuu5Jeg==
friRc+9ZWY/FqGvcCwNBV+r74EvmOsIt8bN7nig9/3CaLHOnP+4+wXNvwJ4nKLPL6bqiCGklfQd+KLU3cpMlo5dGZQxytslTZILyLSdlcoMJ99T/8QG2YY4PyJmF04VcTe60rz7tZS5ZFDVYpYmamA==
friRc+9ZWY/FqGvcCwNBV+r74EvmOsIt8bN7nig9/3DQO7OZ20IxgYOFKFCzvaEnzyOE0VM/ukau1WAgzKxxh/vJvclb8yDkAOnyLvm3UkN3vDsAV6ve7E6Qfww1uknNxwyTX2isgxv8KRhzvxtOGA==
friRc+9ZWY/FqGvcCwNBV+r74EvmOsIt8bN7nig9/3DQO7OZ20IxgYOFKFCzvaEnDVSi96YypR2+FthCSuAxH39whjYmd9Aa1fu/m7wnbnqocJatucwVZOCQq/v+UMbdX5zXcypieJzUmB50i+jKqg==
friRc+9ZWY/FqGvcCwNBV+r74EvmOsIt8bN7nig9/3C60U1SSfS7vx+uVojJSmXEpx144w4GGwroqvDh50x43zzu/3pa/YGiDcpL8dTALNy63niBnKwX3YG9IQnPxXq1H6Y0gEnR4gaz/BDE3sDR9w==
friRc+9ZWY/FqGvcCwNBV+r74EvmOsIt8bN7nig9/3C60U1SSfS7vx+uVojJSmXEybxqQBXDPrwpNRSayDrD09I5gbg0x5l9M4GTl/YU4A4rPXPru2Glp3yfu4hOzEaE7b3JBJ7Que/+qUNJqnd7rQ==
friRc+9ZWY/FqGvcCwNBV+r74EvmOsIt8bN7nig9/3DpxpVkxjv/9R1zK2/SezHwEkLAdpUs03HBsGqezRGm3bHh0A1Q32nxMHXcXYKEQX4gCQjmoNtmeoNMWf04m3OdQUySJcGwH8WFNXpvAzFNHQ==
friRc+9ZWY/FqGvcCwNBV+r74EvmOsIt8bN7nig9/3DpxpVkxjv/9R1zK2/SezHwH/37WoMe3/6GzMERmX25/iFmBzBwdMyRO3OgKvbuTkoWj7RYD1KsFRZSFzIReTogUCJX+zSSQ+NeddWbCWOVZw==
friRc+9ZWY/FqGvcCwNBV+r74EvmOsIt8bN7nig9/3D71SRcEcJqFAFMw34Iq1+mglPE+U48iX9ctDdP13/B+om19lxQnoARVX+8Qzxyu3XaPcVOFH9RB5REa3JowukoX9ousx/myScISxJCRdFRtg==
friRc+9ZWY/FqGvcCwNBV+r74EvmOsIt8bN7nig9/3D71SRcEcJqFAFMw34Iq1+mbFPHLcz71GPYp6dwG9SrESODztoQwGEwKVQUYyIcBUGymrMvDJ1rM2S9Jw32H5EZD0C0FGcczdX6mEzQ82L5Mw==
friRc+9ZWY/FqGvcCwNBV+r74EvmOsIt8bN7nig9/3CKhYThso6JmqsvaNZu8sgOfM2CE9x72SNNI0ltIt18yjTTRxTX9Qqd5u3f3PUL/WU9hmDWl/KIwhOj9xaAl7ZdEmRMgN2wktSZXqtfGFXfEQ==
friRc+9ZWY/FqGvcCwNBV+r74EvmOsIt8bN7nig9/3CKhYThso6JmqsvaNZu8sgOvfCUOjptF2hKi9eEhOdGvht5VBPksSBcZf4wBn3A6/sqLoLcCgcewvhVN/fYj7vX5a8HOBDWTdoPTNTVU8Ns8A==
friRc+9ZWY/FqGvcCwNBV+r74EvmOsIt8bN7nig9/3CT4KIspA5F4YPj2tW81FtUIl0Nob2mvGQAFbIefIomB7zAqNgCR7124Kpxl5D7EwvwHbZwiyJwqei14NxSABK3VB3v/SSagTahyAO/Z7XCww==
friRc+9ZWY/FqGvcCwNBV+r74EvmOsIt8bN7nig9/3CT4KIspA5F4YPj2tW81FtU2OiN8jbGdOZTVXEVTclmTN+oA5tPqrpWRHhpU5F6+evdOaN4VlW5tY+PDaqMAb47+hxozdbOPS09V2kwSdBJlQ==
friRc+9ZWY/FqGvcCwNBV+r74EvmOsIt8bN7nig9/3AxLGHIy6lc9wp1CfosFWxXWjw2dYpjJ+LFeMxN5whebCIgGUFZF5AHW8DrpGdidtD450n9HsPrKYvg3KnrrP9m3NX0htC987lz4KfFLvT+oA==
friRc+9ZWY/FqGvcCwNBV+r74EvmOsIt8bN7nig9/3AxLGHIy6lc9wp1CfosFWxXQ5DPPIF8urmgXphQpN6rN+nJXqg5E1OsOS8x6LfBoQdsB53wfC2RTYAoX6bOnph1DB/+Gp9HuT+t5mre/gteRA==
friRc+9ZWY/FqGvcCwNBV+r74EvmOsIt8bN7nig9/3CDlOUQEADACgLZjHYV1S/S6h3auSI4oWvmy/McmGw/sOKfgkEQlyOrmH2AZBPC4eQ+AvxEn8KudWaIe6hUyYjvnHbsA3PSHQVDP81wJKiCrA==
friRc+9ZWY/FqGvcCwNBV+r74EvmOsIt8bN7nig9/3CDlOUQEADACgLZjHYV1S/SA/LbGjPn0ixTABt8M3Rw6GaAB2ItKxfsjTKnwgT2VPehCYL7wIt1aanWfF+5ppIpg3/PJ/4So0op1ydMEDtBsQ==
friRc+9ZWY/FqGvcCwNBV+r74EvmOsIt8bN7nig9/3A66OguAFJJ/wj9dJumYqTQtqjKDo7Va8PeorxUBC+FUjhxlcUoXTBe891GD5q/OKcPwUTRWTWrPqwubIn1uk/fDrNez571zsg4FfDZqs6BMw==
friRc+9ZWY/FqGvcCwNBV+r74EvmOsIt8bN7nig9/3A66OguAFJJ/wj9dJumYqTQo700VEFEZ3xrhhzruwY2wbGPuqU59QrHYlvHA8OvIEXDJ1w9hoGE9T6I+AwVjpFWCOYGY3lOopIMRCFwun8C1A==
friRc+9ZWY/FqGvcCwNBV+r74EvmOsIt8bN7nig9/3CfeAU0Bk6YdtJOAg6tkBILbr0qIpWm5wuAFYBHGxZj1agsdSDJQVnRPGW3aNLG5XtmgdaosGRZ85OXQKdwgMvlE3xeO64+XrSE2IWH8jqW1Q==
friRc+9ZWY/FqGvcCwNBV+r74EvmOsIt8bN7nig9/3CfeAU0Bk6YdtJOAg6tkBILG3T3Kuqw0iROGgkY7GTTRb8Tzw2MBomrm1IuC7HFHo/br/LQa1dwyXGrHe92nH9kcBsP11C00zNx9U1KYezyHA==
friRc+9ZWY/FqGvcCwNBV+r74EvmOsIt8bN7nig9/3BeSBzG1Yc6WEziaL7lNd9UJva9t/QgEZ50GaPr5DJuYO+4QjikNf1GP5JRBRU2ZDLaKwvq1uOl+A55XFw5YP+R8gQun4UPGNpEosLWH1+lzQ==
friRc+9ZWY/FqGvcCwNBV+r74EvmOsIt8bN7nig9/3BeSBzG1Yc6WEziaL7lNd9U25tWH0jYz1viMV/GuosZ4nvxnKdCvPCS3R3rEgmd3OB9DnpTvyqC6BCkaAMXbNGu38JhnFc16S8MNgejPrfgfg==
friRc+9ZWY/FqGvcCwNBV+r74EvmOsIt8bN7nig9/3D4PRtkWPw2Rz9lfylbGR0ndZJ3DyVLUXz8aczIx42SWUkDJeSVuXTYJX/L0ZShe/SwoNei/c/qHsU4CM1//WvQJs2CMqfFDNR4nwtau6CjNg==
friRc+9ZWY/FqGvcCwNBV+r74EvmOsIt8bN7nig9/3D4PRtkWPw2Rz9lfylbGR0npCex0oRiqgl894uB2BUNkL6pLV8ZWPikVq/kWwEDIhyurt6n0v7Wg7/YbrqTMHFTRQochRqywE7JQkFirUsamA==
friRc+9ZWY/FqGvcCwNBV+r74EvmOsIt8bN7nig9/3CVltYG9sQs1NaIWD4bwcGZdxIztQ61pkyNUdU91BPrr2tewrhwyrH3g7ZKKn08nFKfLkJdQmPkH4LYmlDEg9U9mYS1ursbbZFioNjp/KFhVg==
friRc+9ZWY/FqGvcCwNBV+r74EvmOsIt8bN7nig9/3CVltYG9sQs1NaIWD4bwcGZcmw3yVbTr2tFMHEy5SgWkkTdMEuGxYMi2ApSdv8AcYiFy+eSFt8xA3GqgNrcSP767QFA5eu/RJI2PY9fU/Q4ww==
friRc+9ZWY/FqGvcCwNBV+r74EvmOsIt8bN7nig9/3ADQpvMLVtQKP6GqFu25+G97SUbf+8AXN82ovtoyGD0E1SDDwHY/tADTn2x5yukxwGECgX9TUHT11ucsnq9bnpzW2vE1euMogN5ipW36Fb2/A==
friRc+9ZWY/FqGvcCwNBV+r74EvmOsIt8bN7nig9/3ADQpvMLVtQKP6GqFu25+G9zJbdPsO2ZpLGIBKLz/0FPqkcYBZJiuUSbOAQCuspuYGyaLSSj3hsmua7MVCaJnq5rLs9ZYRN7nrZMNQgYaYPtw==
friRc+9ZWY/FqGvcCwNBV+r74EvmOsIt8bN7nig9/3B3N0UYChPB4bg2qvDpL/mFsa8JSGE7XdrmKYNULPI49TpSxl0RiINxT5ULwTn4dxyxPbaexiTLPk5on1ymwD0Lbk5T03/iMS7zVcXqZZz96w==
friRc+9ZWY/FqGvcCwNBV+r74EvmOsIt8bN7nig9/3B3N0UYChPB4bg2qvDpL/mF7205qn+K9u5GOB2FkJNzG1PatGJeFWPAJWDs92FG9LlCc1NspDZ6FicZA84rn//BzQjSdBfqk2OeHICLS2zPNg==
friRc+9ZWY/FqGvcCwNBV+r74EvmOsIt8bN7nig9/3Dp8UtmRhhp3zRGwVarRaa7R/82NHSbXHgZjZb7SIY32lWp9oMmV1g2ctM5N2PNb8IwVkYu9893ANj/x4iXG3zrK0/qOFVGaiMz6MYYH69J+w==
friRc+9ZWY/FqGvcCwNBV+r74EvmOsIt8bN7nig9/3Dp8UtmRhhp3zRGwVarRaa757VsinzYEWEOw0F9oYxF+yZOs7QJ5ZISmVQXvKFxB5pqqhTkvcknJbdzMRMQgNMXtbpcypwManJwG0tYpb0fVA==
friRc+9ZWY/FqGvcCwNBV+r74EvmOsIt8bN7nig9/3DRwcKBv9gK/jLCDpHEBgYU1H/bweCcSobx4qOrogpf8qtNT8diRG1nV/+hH6gdiPUdxxf331DxHS75qFNdmLLGNkY0A+hDwXY+V3qLjzULHQ==
friRc+9ZWY/FqGvcCwNBV+r74EvmOsIt8bN7nig9/3DRwcKBv9gK/jLCDpHEBgYUu5BtPx6hc/yiluQMApjQnsj9ahIyC06ke7EXLOQaar8ZcEOxpErpWyFmSGo384dLsZbA8qOYdDO0ED6Kc4fpgg==
friRc+9ZWY/FqGvcCwNBV+r74EvmOsIt8bN7nig9/3CSupRu1HsipKmTNdWTrrLAoRSxPaFq6GWnFRJ6WttU9ISUhgaUKPhQO5gIs16xrP6SqpZXNestzDycnsY0sCMVBM/JiYuG3Pq6fd7SDrwiuQ==
friRc+9ZWY/FqGvcCwNBV+r74EvmOsIt8bN7nig9/3CSupRu1HsipKmTNdWTrrLALY1wcLl7WtwsTuQ6EO/aem7bJGTB3AnynIieSVWUVghTWw6L6VSOhxsPMs1JYEIRB6miyWolfqAL0vk59cu6Dg==
friRc+9ZWY/FqGvcCwNBV+r74EvmOsIt8bN7nig9/3AFCoMObs7TZIEE4am7HfbHIUkfBHyUh0RueL49UMHhxpWNFkVNWrCVSg4fDtS2Lpauq1zpEPSalhZ+LHf4fYXXedcjWZqLlFcXO5afa4XzpA==
friRc+9ZWY/FqGvcCwNBV+r74EvmOsIt8bN7nig9/3AFCoMObs7TZIEE4am7HfbHXhRC4NyWSYldbWVgG9BOw4Tmr5URb4EPTfOB3KsoxaJd78HyXuonk5RoqDnHYEgdt00rHzCHN4r3TOW1Uxpr6g==
friRc+9ZWY/FqGvcCwNBV+r74EvmOsIt8bN7nig9/3A0VA9tAZIGcgDIHRARG/zBaUOARLhqgVlAp/f3iDxqktk7RKHYa33s0uCUVM8sXSMfVhXU8yyA08FPUTkh9ESlfikDppaHCD578iVGQr8aLQ==
friRc+9ZWY/FqGvcCwNBV+r74EvmOsIt8bN7nig9/3A0VA9tAZIGcgDIHRARG/zB6aP+7ZEpEotFCrIn3JScoYqXPrGl7u/i6BmdmA7tUlVclSWk74yZatFVVmIgD6yWxSQ6DmP3u+oM/MErb0HaDA==
friRc+9ZWY/FqGvcCwNBV+r74EvmOsIt8bN7nig9/3BQrIbfT20KfDrhywOuPZup6+N1u1gp6Jh29oWpXjhuzchzGNwtikwQxYcODQDjrYBOkfr5xC1YP96wYdHaEitHV5qKmfc8Eyjlm7sNDwQhFg==
friRc+9ZWY/FqGvcCwNBV+r74EvmOsIt8bN7nig9/3BQrIbfT20KfDrhywOuPZup/+cALhrvXjxBs5uWqEi5K8MX09/LCnWbevnxj/bJlrMB1+iP1PZWWlqr4dSwbipnT6AjD5Nqq/HXsGWt5yURMA==
friRc+9ZWY/FqGvcCwNBV+r74EvmOsIt8bN7nig9/3ANK2fQYF/SJHN/28LyxOe1Qi/UH1J1MpWvC2XR5OhweQYrSDqi23qWeexy4NFZorRfYT97Hk2bzEUksJTjjpqUZnF6VL2mUHG8ZNfYZxbeBA==
friRc+9ZWY/FqGvcCwNBV+r74EvmOsIt8bN7nig9/3ANK2fQYF/SJHN/28LyxOe1aAmgd7Dnl6sy1gUSD0vVwuR3+d2qqmlL+cveS+/d34ZvQQ0P/Mehf607C0BAnmsoFFVmC3u26/auluZRHcepSA==
friRc+9ZWY/FqGvcCwNBV+r74EvmOsIt8bN7nig9/3AKVb49KE22QRafsadDhceAX8kzGi+nyYL3gg7K8H3gwrJ+d0jgxtDSRUg2M++lLgiCAu66JvRvyJaY9fpfvAmPtRv1REwhjwtZSxkb6pvwDg==
friRc+9ZWY/FqGvcCwNBV+r74EvmOsIt8bN7nig9/3AKVb49KE22QRafsadDhceArE6f77BtqkbNR0nJT1OvNpVmdUt10JPAlwN/UoJaUBkxghQXNzXyrOhFp/ELu2XVl+J6edFcWNGBsCgXmqtU6w==
friRc+9ZWY/FqGvcCwNBV+r74EvmOsIt8bN7nig9/3Affx5uigPGabsFxBvPGuRda7UsNC+lZGhJWnXVxIjzaL5yYaJ/9LK2IWjLjdwlVEl96MJ4VW89ZDxUQ5gf65cHzv6KjYK3Bw4SmemWjmWFGw==
friRc+9ZWY/FqGvcCwNBV+r74EvmOsIt8bN7nig9/3Affx5uigPGabsFxBvPGuRdJXskuntZiyr9LZ/wICOGLvSspOmnvh1LgyeOupchFy9aAlkx3VyIWKf85k0+uHlRVcfMCXrVFKX4xuW75I6EGA==
friRc+9ZWY/FqGvcCwNBV+r74EvmOsIt8bN7nig9/3B3ng4gthiqnKizwkKSX7EiWDJv/GDmMIGBl0r2LOu1Tkqv0/AfUS+q+DUYS913wenV7Fcr7Q8MIHQRKBteuZKmtPBTTlRFCgV3Jj9ozeKXQw==
friRc+9ZWY/FqGvcCwNBV+r74EvmOsIt8bN7nig9/3B3ng4gthiqnKizwkKSX7Ei6rDds+4bVA9mCK4EYe6c5Zku2cvtJEFhxLoc7G2D1RUdqTBZMQebm3g3j2RsFpqrQKHjfhb9wKH/td2TQpVgvQ==
friRc+9ZWY/FqGvcCwNBV+r74EvmOsIt8bN7nig9/3C1J7s5aGraGLx/8fUFiJiss+eaCoQTErHeLjx0PC0djy/gJd4Pjk/p8r8sFoefZg9hxHRGdncn5a4s5/bhNxBG+WT0vdd5Cb8VWy6dfadP5Q==
friRc+9ZWY/FqGvcCwNBV+r74EvmOsIt8bN7nig9/3C1J7s5aGraGLx/8fUFiJiszIkUaR9MXHhDPr5tJ6tVcENjLb+FRZwlasuQH2g3/PfYp6AXd7/kq1W7B5P2V9SXJ2RZ/NfTC+Ky5oazZZmLYg==
friRc+9ZWY/FqGvcCwNBV+r74EvmOsIt8bN7nig9/3CcSc5ccR4m7lzanCiWOrdOcnKS1RkwQ08VU1o1uwAmSx08csbbqDzMjQgttX/BtYGOguqK5+AzPZXQmQiT6/vDZWjY8H3+X5MRD4Y/vJGi0w==
friRc+9ZWY/FqGvcCwNBV+r74EvmOsIt8bN7nig9/3CcSc5ccR4m7lzanCiWOrdOO4BBtbcUTCtt7TCNNKTZ8qpjs3LVuatFml9a5Red0+jkuFlAwLSgwyUNM34sYGr8KaQIef1l2DrFMeytoIg8sg==
friRc+9ZWY/FqGvcCwNBV+r74EvmOsIt8bN7nig9/3DppthJw5DPDne7S/iwSxn+O2FcLpjw2wkuayh5QJtwNnqG6vthet9utZzdVXeayPIi+64lTYs+rSU4T3wlzdtD9G0+IPCuaiuv1IkO1S0/cw==
friRc+9ZWY/FqGvcCwNBV+r74EvmOsIt8bN7nig9/3DppthJw5DPDne7S/iwSxn+wCUtA6gOEZknDjXd+cW7gRL2ZAkYUdLeCpu43DYtLw+7t2tQUViMXNysStteaw+vhZvyngAiRGgW8CXjUXSWRg==
friRc+9ZWY/FqGvcCwNBV+r74EvmOsIt8bN7nig9/3DSjxNg1Yb6nj2d+vlnxsQ16LBNqOy77auhQYGYJewusb2dct9pqaGc+uANVVOQGNs61G+BcqHIF7ESQyanNnHp68DwVYekZcxkda+PMTTDqw==
friRc+9ZWY/FqGvcCwNBV+r74EvmOsIt8bN7nig9/3DSjxNg1Yb6nj2d+vlnxsQ1EG5fAHBp1M1e6U+WeOfGGOC8Ghsqo6zFo6SaEGt10AsUNeegyy2RGgEVjiW+GQ6WKdQ7pmR70B+rA9EB6cP0DA==
friRc+9ZWY/FqGvcCwNBV+r74EvmOsIt8bN7nig9/3CzPMPMx4Qp5+6nMOEwdylWyDi17WFuL+uFim4LuWrUqW+BG3RzUniBz4VekSx2AHa1MQLaN7HovZY3vZEwFhL8asD3VyERpJBHYp4YLqWX6Q==
friRc+9ZWY/FqGvcCwNBV+r74EvmOsIt8bN7nig9/3CzPMPMx4Qp5+6nMOEwdylW5hpaFVH2EtBiv6dar1ZLENQVaKhh37vTYKbOPpV7iJn0aWcJgzJbh5U8PnxP6NfRjF1HDhj6OzWRSypXpPCZdQ==
friRc+9ZWY/FqGvcCwNBV+r74EvmOsIt8bN7nig9/3BEegrQqdYhvFCkpnf6AZGmU9BcSWK8ThX88SkSw6k1jv/yGrQ3wVgm7r38i08iDcPNN7p3wuGSDz3i61dHOXT2ktFPJyAxW5dr6tqT08aEZQ==
friRc+9ZWY/FqGvcCwNBV+r74EvmOsIt8bN7nig9/3BEegrQqdYhvFCkpnf6AZGmvyBGjxNT2KEfUNUaD2vQKe6GheGktdZBDA3xS22p/ysI1r9IwFaLB7zitqZn6hMzZxYPV5gdNk/1QxOD7Blpng==
friRc+9ZWY/FqGvcCwNBV+r74EvmOsIt8bN7nig9/3DnVHXCilU3MHfk83AsciW5BlQppeQScweU8G6yswQK9mJzC1pk08Scbw/eT+mud5IqtxyqqKecCqFE4c9vFKVv+UyNJU4/g4P/IfsSCHNimw==
friRc+9ZWY/FqGvcCwNBV+r74EvmOsIt8bN7nig9/3DnVHXCilU3MHfk83AsciW5LsCdKyZ/e3gWRl1FdritFgIaJSnOBbk68F8ggzNx9J+seLgjbRGbredFEHNEnrtBZGntGY8lozrVHNfSnq6wYQ==
friRc+9ZWY/FqGvcCwNBV+r74EvmOsIt8bN7nig9/3CBBJuynZYOrLHVMewV5k/X5nfrgStjg8OPVWXK1Xnvd+zWdOsqFv0hC80mRfa9cu89BwE4iCLTGrGpBtlhVHp0S9kvgx6zSzC8k8qDQYDmeg==
friRc+9ZWY/FqGvcCwNBV+r74EvmOsIt8bN7nig9/3CBBJuynZYOrLHVMewV5k/X7Oz3ptf/teKCWNB5Jyw5cR7bkS6337QrO3flqxwNoBNj28lyyOnJ0Os269FgPhaKZpwOu7QbBXy+lAFXOq6Ymg==
friRc+9ZWY/FqGvcCwNBV+r74EvmOsIt8bN7nig9/3CBBJuynZYOrLHVMewV5k/XHmCFD/FzuRdniq8MdAwK3+t8XBnMaWIAVVCGgPxW7EVVCm+vX9NOA4X6wVkTzOryHVdhyCwhgxqut5ov9zW1yg==
friRc+9ZWY/FqGvcCwNBV+r74EvmOsIt8bN7nig9/3CBBJuynZYOrLHVMewV5k/XVd2GwIs8Ylidpm/3NvADnZZ2lsI9rXbK1/kefHEOD3F5RfBaw9c+CWb6Xmpq3LcbVrgnGLZ6P3u9nVCJ9YLJPQ==
friRc+9ZWY/FqGvcCwNBV+r74EvmOsIt8bN7nig9/3CBBJuynZYOrLHVMewV5k/X9ASlcPVs3IUb07BZUF4tKEtPxpMY9RVVw9HWz57dCvrFQFiS8GQuK2OrtCXBoXYXtSYYZ0ID2RssxDjIuMwLcw==
friRc+9ZWY/FqGvcCwNBV+r74EvmOsIt8bN7nig9/3CBBJuynZYOrLHVMewV5k/XIxuy97mYOZn8D8GjtFIzVxZDsFqLPN//qvcPg8kExn3AD9AsG5CWCMSW+5DEUEFBFePqf4T3P7wuyfaZlIChsQ==
friRc+9ZWY/FqGvcCwNBV+r74EvmOsIt8bN7nig9/3CBBJuynZYOrLHVMewV5k/XWE7V9m7il3NQl3LmlAQdKnzzIWAiMqFjgkhLWKY2L6ZCjD+VCzxPDkJ1OpIH2vaecu1CHFZIFMHwiB51WakkSg==
friRc+9ZWY/FqGvcCwNBV+r74EvmOsIt8bN7nig9/3CBBJuynZYOrLHVMewV5k/XNCLMOYHK7joYiEAd02pgW2j1SHmYei/XTZ66a0WP98/0wp0hTlmyUvdQp7R58q7N0GrCegoYGTFdc+QUrU8nfQ==
friRc+9ZWY/FqGvcCwNBV+r74EvmOsIt8bN7nig9/3CBBJuynZYOrLHVMewV5k/XnUujyQfH/5MpGbQ4/1p9AjSUJR9toYMDsTMC9qqerQpjcxJvcPX/b9q44x5c6ERfIG1UG0GZF6VLdawHi1HZDg==
friRc+9ZWY/FqGvcCwNBV+r74EvmOsIt8bN7nig9/3CBBJuynZYOrLHVMewV5k/X67ToLLLgmlKfxljelF64wZEBrrw5++gGpYhuQUvx3HkYlQg0cESvqgBdjW3PQWeXZrVrmNMhTdEb78kKBuGPiA==
friRc+9ZWY/FqGvcCwNBV+r74EvmOsIt8bN7nig9/3CBBJuynZYOrLHVMewV5k/Xa7xmgoqD6ISL3lbNX4qKWMNqyJMNqYplIXbbdtzcGAT5m65n4HuRfeSxLg/wWESrCc6AtHiAwv+hBjaguyJteQ==
friRc+9ZWY/FqGvcCwNBV+r74EvmOsIt8bN7nig9/3CBBJuynZYOrLHVMewV5k/XaQ4bxAnAVstuhtkf/bxoejbfLtUexDh7NYB/bGmUrSWDazQLw+aglIoa/eYVpGr3AWkGJL4n9PNAS33/aNV9lg==
friRc+9ZWY/FqGvcCwNBV+r74EvmOsIt8bN7nig9/3CBBJuynZYOrLHVMewV5k/XboM4wOXVdC2xlWuo8laAFZbfUs6p2sKcmMl9p0AM/BbCb/RluKADugB/45Q9OR2Eaq8PBGtIcGmEZJUmtKLm6A==
friRc+9ZWY/FqGvcCwNBV+r74EvmOsIt8bN7nig9/3CBBJuynZYOrLHVMewV5k/Xnf/Hx++Bwzy5wBiDXsehNsJENtfrL0DQImjbFIQwXeBqkrfg0HtlhTDz2C22ikEHTLKyi/3xDnkmLYPejb8nHw==
friRc+9ZWY/FqGvcCwNBV+r74EvmOsIt8bN7nig9/3CBBJuynZYOrLHVMewV5k/XsYJA9gO8APuP1mXqFSau7OrlNBlLIr9WceRLkQXT9T643Y9yeMvmQo187TGp3ntS4TvRnP+Qaut6GXzqo3y8ag==
friRc+9ZWY/FqGvcCwNBV+r74EvmOsIt8bN7nig9/3CBBJuynZYOrLHVMewV5k/XU3j7AGQK6zNpFRPXk5Q+BaxJqD/QTfx8bqNnVeI11oC6O16khY6dFLtSe17R7DEq/u+Ow1xhuq4FBJB5kbNFiQ==
friRc+9ZWY/FqGvcCwNBV+r74EvmOsIt8bN7nig9/3CBBJuynZYOrLHVMewV5k/X7R4whqj5zfpelKxIlgelxeynkPio5UU2tl+bmYU1ByK125vf/ZmEAfyf8dnkxokWcBTs7pYLmZL5plBVD4HQ1w==
friRc+9ZWY/FqGvcCwNBV+r74EvmOsIt8bN7nig9/3CBBJuynZYOrLHVMewV5k/X1u2QgN1ctftGep8CjAi6VtQ0YhR3IDcSqf4q27WsS2bEKmi4PhXe71YYbSjeZ/uGU7XV/HM9UC/UHom1qW+qIA==
friRc+9ZWY/FqGvcCwNBV+r74EvmOsIt8bN7nig9/3CBBJuynZYOrLHVMewV5k/XiIj64rK/vUirQnwD6pcsmlbiHUCXrzOxWIk5NYxEFrgTlQkN2Arm5ILWCdjweAJBIje80qjP0ns7pi2MEghA0g==
friRc+9ZWY/FqGvcCwNBV+r74EvmOsIt8bN7nig9/3CBBJuynZYOrLHVMewV5k/XpniUC+szRmU7ArCXylmlfRJqjs04+YxSPsckJZ5dzEfQ6AK1TvXnJK0JTiXPz00Brs0aWhZhkTDsPM1oqt1WvA==
friRc+9ZWY/FqGvcCwNBV+r74EvmOsIt8bN7nig9/3CBBJuynZYOrLHVMewV5k/X30ORHJa+DRWBVhTzX3rx/xHxE2ERtuTby/bwzrmaX5/uCNmA2SCS+R6OaZ10U0OtvvS40+RGcktUU/avDBrwGQ==
friRc+9ZWY/FqGvcCwNBV+r74EvmOsIt8bN7nig9/3DKRBe/TP0dNDUsXfSHvdWIeDryei/PHQp5cSEEcIzEFNGcgMb85jjbOESwb6akSHTylmCRNhmb7t6VZoTjw5sK+VILpCRBAUWzfRZAG1qyxw==
friRc+9ZWY/FqGvcCwNBV+r74EvmOsIt8bN7nig9/3DKRBe/TP0dNDUsXfSHvdWIq8LGe1BQqbYxPmMJXB4jSrFYqvoAlfgJTmIq+dXJwtjKJa/l2aYIO77sxECaC5zC2JlxHiJzH940SMJu/jmHIA==
friRc+9ZWY/FqGvcCwNBV+r74EvmOsIt8bN7nig9/3DE4gXpq1FJXp3lGiMbPvXyG2V8EyLLxDKYm0fQJedVhAIzCcPnwtU+pU29gjv1NQ2yGx+m8li6LGZMog1aV+uiwTbyVQK12oSTPpAbWdi+BQ==
friRc+9ZWY/FqGvcCwNBV+r74EvmOsIt8bN7nig9/3DE4gXpq1FJXp3lGiMbPvXyxbHj5Uj6DkH1Fgda+aggAPfhDdQSiaFfCO95RCSaS60r0SOODpzKmibpU+hVa/yu6V76WBpz3dGyhOzzxmo1lQ==
friRc+9ZWY/FqGvcCwNBV+r74EvmOsIt8bN7nig9/3CkGkQAeYxm4QZ/7JK8hbQZNj2hMgG2ppeRaOrPUlziiA8VBxTv7eS0y+U0ENDvfapLiwNGP2aFmiqcAoTStv0MQxW4lC+opCQYF7EqfBgOUg==
friRc+9ZWY/FqGvcCwNBV+r74EvmOsIt8bN7nig9/3CkGkQAeYxm4QZ/7JK8hbQZamCCpJDoQwc7e1xPdQO8TBW2u2+yCP9CwmV6C2OzGVR5hLcuBmGIsRC2NXryhJOUUd8JbRFPoWHRnc6SmgCeGQ==
friRc+9ZWY/FqGvcCwNBV+r74EvmOsIt8bN7nig9/3Df05sIIxa5SYzKc9brZk3++muvaBrKR4OeJztw5SF0iF83ORNizJYG9DRv2qLF0j2bXdG7r72yVFuD96BtzIhl+Uo9Qv5HwA9VsOBWSkB1Kw==
friRc+9ZWY/FqGvcCwNBV+r74EvmOsIt8bN7nig9/3Df05sIIxa5SYzKc9brZk3+pummIMtouzxBoaVQOeAXCbz+h6h0OA91OXwwrAWQ9tDAzs0YBZwgeu8R9gKwRuV93i8R/s2wsJRtiEf146hifQ==
friRc+9ZWY/FqGvcCwNBV+r74EvmOsIt8bN7nig9/3AUKxeGJlDQkdPpN7ozi5fudBhBvmg6UudsUd90K43+x0cxR0ht1/soFrZJKu1eqUVDq0S62zNEUNvGhA5A1xNNHpmqRb9uo+cw6kpXd0quYw==
friRc+9ZWY/FqGvcCwNBV+r74EvmOsIt8bN7nig9/3AUKxeGJlDQkdPpN7ozi5fuWw+F8NOFT5V3KOkSzGfEQ25mZ4vl5GFEXQt1a3NeBudcBfwQ7p0DHkGqnLHUJ2x4L5usVn2ZXO2SWl9Pg/f44Q==
friRc+9ZWY/FqGvcCwNBV+r74EvmOsIt8bN7nig9/3Cxgoo1KbFbY4WseNcWnznBdPtkOu0ZFEiesRgp3sd9z2wEegH9i4BI+vWCvSJWlaTcJeDOom6+vJwzMGXWe/cIKv2r7sv7Hbpjg5znd8gpow==
friRc+9ZWY/FqGvcCwNBV+r74EvmOsIt8bN7nig9/3Cxgoo1KbFbY4WseNcWnznBwHlFatZSXjgNV4dwHTd34YwpqrXM6AnbfaTbsmwlwFOxxaWiAZ7gfZ7YQw1y3xumLyva8lmUcUy/BtPvkXB/Ww==
friRc+9ZWY/FqGvcCwNBV+r74EvmOsIt8bN7nig9/3DyjaYbDw4DBwa5ZtsV4js7soMiViDl3DCd3qreXRBKmsqKJADVedSmy39kacRSLPjjQZfXHiK//hNkyk33mj40wiFm5V/vA8SrKqZNeue+5w==
friRc+9ZWY/FqGvcCwNBV+r74EvmOsIt8bN7nig9/3DyjaYbDw4DBwa5ZtsV4js7ArdHF8zIN6sqsbwPTcQw0EDCseJpQG0xxCVHEhQ9R8acVfujCGGZJ8Aghdzdj8kZnvuuHhG5OQ0O7EyC7tOaIA==
friRc+9ZWY/FqGvcCwNBV+r74EvmOsIt8bN7nig9/3CFwg+th5XgFilhLQQQBDwAIbGBQwmfi9MqNZJe+5E77ZJ3SPYuVWKxgtIDMMdcOoWL7rh+hm5NR5XCjxdFkinoU0sojTpJmN2+K+Hr9FiQTw==
friRc+9ZWY/FqGvcCwNBV+r74EvmOsIt8bN7nig9/3CFwg+th5XgFilhLQQQBDwAvGfNPzHkgL563/TGZ3WyGuLThMJod7NUDVecGDwBn/ajmyAGwAvdLeFKMGtKKuXdxi7rrvvnEIeSDyYf1KlTEw==
friRc+9ZWY/FqGvcCwNBV+r74EvmOsIt8bN7nig9/3Cu8n4qMU4G+Nh43Y0tTZqq2AyvJo46cvqgspkbnQoxCgIJ9a08rS409KFNF6fhhwu2dmVMSPMF4gLk3rGJxapVfYufKOx4wGhU9jwUQDnRFg==
friRc+9ZWY/FqGvcCwNBV+r74EvmOsIt8bN7nig9/3Cu8n4qMU4G+Nh43Y0tTZqqIDkAV+jPo/3LT/Xlpqc+BczlEopVwAmukU/mQtj1TBCXmytos6H5IETHSyjt4DoS144OLFnZrnYGTv7YtGkIyQ==
friRc+9ZWY/FqGvcCwNBV+r74EvmOsIt8bN7nig9/3A/h60cVAjnGA/L6zrFlLnKrtJ0cSsxSK3/G8loYs/HVGUziAZEk28jcA0Eqo8+d/GrCjhjXpuR1AiZ0XDiLLs0zQ053IwPb65OeZyWQiFg0g==
friRc+9ZWY/FqGvcCwNBV+r74EvmOsIt8bN7nig9/3A/h60cVAjnGA/L6zrFlLnKYzWNS+goMebn1/v/JW8fulzbMy0DY06wwqYFAWdEykbya3eE0lpqR8Ouaq9tZEldzkZOdhyxVOefxRlA8Vu3PA==
friRc+9ZWY/FqGvcCwNBV+r74EvmOsIt8bN7nig9/3CaD8NEnLU6Q/ne+sNtfVRpGwTTypqAtaEj60/2MgRbH+MBK9E0KdmIaVqz65+fTMaDp1AW+tPFCmi/axHfZZTEvo/mAScNrN8Pb+3TnFV+sg==
friRc+9ZWY/FqGvcCwNBV+r74EvmOsIt8bN7nig9/3CaD8NEnLU6Q/ne+sNtfVRpzT/PIA9BKh6c2sUHUbuUShgWdSocG7Zob+4NvNJqjas8NsnoQLcbyzLiqICUtZfZ5tT3KMGvUweYNPo7Nep/ow==
friRc+9ZWY/FqGvcCwNBV+r74EvmOsIt8bN7nig9/3D0hf3AWT0CS/1fW6mtj27N2OxzxXU5KiUfA9XhbNufzOpIV4XGtB79ViVivNuSGzcBRj+WK2BUVZlKkeFaOtMnBfdmCc0iPgRkbGaruAb2cA==
friRc+9ZWY/FqGvcCwNBV+r74EvmOsIt8bN7nig9/3D0hf3AWT0CS/1fW6mtj27NP9E+zW5XrCgLyKlfdDfCSiWGyFvYJBirs2WWAuaafdR9LfcDjCgb8P3RL5oRa0qqiTv2J7aJd2eCM9NrTiaz1Q==
friRc+9ZWY/FqGvcCwNBV+r74EvmOsIt8bN7nig9/3CcVVN18S0Dne/9zzmTFQ125h1GFAtbP5U9JwdcqGo+0E/TmA47HTTuBbuF4rgW8I18jcR9ubvkGFuX5+vouOwORHmTLgdoC/CNLz0io7lZtA==
friRc+9ZWY/FqGvcCwNBV+r74EvmOsIt8bN7nig9/3CcVVN18S0Dne/9zzmTFQ12TK8BnKp8EMezC6G4JhvJyZbNtnkpHEk6KdaLi2uGTmI6xSPQoV9U2dsxSInCg+/6Ts/kI1afb0vJajTKzP4CUw==
friRc+9ZWY/FqGvcCwNBV+r74EvmOsIt8bN7nig9/3BhBLZYod2naany7ogXXJ29QOPkX+DbbC1HjfUQKzNBTzpc84X3gmSJOWIAEkn2nC9za/qFGNXwjwhU9qF7QKeUS1W08+0uz5iBpM8q9jNc8w==
friRc+9ZWY/FqGvcCwNBV+r74EvmOsIt8bN7nig9/3BhBLZYod2naany7ogXXJ29wOooUL34lUQ00KR6g3+ERvBxr/FSToLfw++G8s7/aRnXnHTI3RPoonN4/N+Kad4U5rocrNdRlKwf5YSdzFwQVw==
friRc+9ZWY/FqGvcCwNBV+r74EvmOsIt8bN7nig9/3AaXEmwNkBSNvVi+thAFyPkaqPl3+kkO6yApt21SuhEEFJGHaqYs2oTnXjFQI7LhkcH8Tnqdbd+gKZ2Iq174hHMjgs0gWF5qmg2c6fX78Jfzg==
friRc+9ZWY/FqGvcCwNBV+r74EvmOsIt8bN7nig9/3AaXEmwNkBSNvVi+thAFyPkhZAnn/4xqsLXoea0Y5sSOv4JKyX+tUpiAlBCosHCbgpdWwEslNA24M9+Omfgq78+a6FQ3W0lLk72MouOwhTPWg==
friRc+9ZWY/FqGvcCwNBV+r74EvmOsIt8bN7nig9/3A3xTxd2CDOYyfHkowc4l6oo3tPiFMjCypj7Q/LK+Gzpf+fkx+BeyYdk1MrG40s6uPREhnmYgf6sfG1PhQ2ZD3gvtv7wfNQV+LucWoDAzvtzg==
friRc+9ZWY/FqGvcCwNBV+r74EvmOsIt8bN7nig9/3A3xTxd2CDOYyfHkowc4l6o6pnwJk7KNDeFrvJEaToV/bjrQjfNiqvyDtLffom+8dvlFFBVu97G4A+P7gVY/Vy+lLcxIe+M/HBrJCQmYRZ/0Q==
friRc+9ZWY/FqGvcCwNBV+r74EvmOsIt8bN7nig9/3BDqWT4+4A5bheC1fXbu+4OWk150KaGXMsC2cJVyaJQRMpvb5mjKZJnNUYG0Tyb7cAG0hGsGsM/54YYuL7Xs3i4DTPnzU17VCnbIYMIZkrSvQ==
friRc+9ZWY/FqGvcCwNBV+r74EvmOsIt8bN7nig9/3BDqWT4+4A5bheC1fXbu+4OiM9jA/VAEW90LBdLuK3tSCpBgvYWAWNHWzfETpHaUnKrONMm8uHsb6KC4XoC9H2+hHfOc41fjdT2XjTiYSgOrg==
friRc+9ZWY/FqGvcCwNBV+r74EvmOsIt8bN7nig9/3CmYKSnIq19dZ5ZTgSg4vCrwGTPKzXQkQXXpFZZr77j8hb/IOw0EdY+F+kw6i4X92z182ZNR/KlnDYflg8I7LfN78DAx3l1K1TSEz8zRDdlsA==
friRc+9ZWY/FqGvcCwNBV+r74EvmOsIt8bN7nig9/3CmYKSnIq19dZ5ZTgSg4vCrn5s1jxgMySe2yJRPiICqA8x46rem6PldrkqIsDRIOX6hFLuFg5jQuBZxsDTpOXCkqwlUi3JavHlSbZO7iEDQQw==
friRc+9ZWY/FqGvcCwNBV+r74EvmOsIt8bN7nig9/3AH6Iz6St9xnHWSBIF4jwT7N3wGPkEdlKjU6r3Gg3j7nOmeLYCdlZWiSae73/1AJiJt7WHavYYkhM6CiqO1kNj6So+OccRSWgGzEtNJoFv3/Q==
friRc+9ZWY/FqGvcCwNBV+r74EvmOsIt8bN7nig9/3AH6Iz6St9xnHWSBIF4jwT7mfouOJinfGw2xdOaTeDHVKsCFHzPQhIjcubaM/GOdteBANle+WHKUneaWLjXoRtHCpqn/BhyHocc5iCSsX+UQA==
friRc+9ZWY/FqGvcCwNBV+r74EvmOsIt8bN7nig9/3DMBq55rB6vJI/3swFuxyEC2OaKRdu5ViWkPDv/VFbu7YZwH4RAAQC9sZDCIuMOyHG/Ney7Tt23zIurbR2au/Css5kb6Qf4wCCtV5J2R1FBCA==
friRc+9ZWY/FqGvcCwNBV+r74EvmOsIt8bN7nig9/3DMBq55rB6vJI/3swFuxyECcAbCufD5VwqRZNf/LMoJ+pHaeECi1aqholL3J8aJs4INXgMVk8eqQMs3+9+giuBsmF3fgFQf7H8nLpEmRqMRCQ==
friRc+9ZWY/FqGvcCwNBV+r74EvmOsIt8bN7nig9/3D4SHcKUdfUVePeHfSWew5MUUGbY9LfujTwJCtLEgQzWgGUQjhe/uq4vObjExiLAZRIHWfZIABTVGu7kxi9q/x+5la5uIuUnbNoydv/Gc3cZw==
friRc+9ZWY/FqGvcCwNBV+r74EvmOsIt8bN7nig9/3D4SHcKUdfUVePeHfSWew5MudOhoDQoKnU6XR5CHfnjC1zourhyFlt6NaD/XiWaz7JDP5T9CTFsa//k6mOY+rgnr0qQlT6PwvLvzxJ5RmWVGQ==
friRc+9ZWY/FqGvcCwNBV+r74EvmOsIt8bN7nig9/3AK0MLrh7WA0WwFXAMwIhy+niYzvh/smV5u5Ve3WHF3Xuf5OURCEhKYafz1JnW4zWRmT/rhjQbqTLBNPfZWzeGR/HVkhEtaweYgWsMlXLWvHQ==
friRc+9ZWY/FqGvcCwNBV+r74EvmOsIt8bN7nig9/3AK0MLrh7WA0WwFXAMwIhy+XEO/ZDL4hjUTRNg7YfmqsjSH6SN8HdQPIva9B86Hf83R/nx108ZG3Vv04HncoFWhFPDA9Pn1fdcdDqOtRp5WLg==
friRc+9ZWY/FqGvcCwNBV+r74EvmOsIt8bN7nig9/3DTx0K8iUtX6fFWhhlT9/JYuxWWef8VO/llZc/8FkUaXcintEA4wykOsEvAclW6VcF6RLfQz9NVcZqwRkQ1kcV8ozWa7fGBKc80xPQADoIoDg==
friRc+9ZWY/FqGvcCwNBV+r74EvmOsIt8bN7nig9/3DTx0K8iUtX6fFWhhlT9/JY2x44dTPZWhamTCyT+F327hOfEq3f5J37m+kRHvhQsQc/ahh5V4N6uFflngmMyL4cr/Xcszu0MgjC74cWG8UAiQ==
friRc+9ZWY/FqGvcCwNBV+r74EvmOsIt8bN7nig9/3CW9AX4MQSrxPal4KvplrSpQQzrqOs6uKEv99WLxFBmbB2/h+Y0Kmfvy9Cyk0CLiltQKyPp5z/7L80WAeli/82uJvTswDQxR1dUUaqPx92Dmw==
friRc+9ZWY/FqGvcCwNBV+r74EvmOsIt8bN7nig9/3CW9AX4MQSrxPal4KvplrSp7SjkEx6g1MXXesfpAa1Oko2vAkjxR2DqYKL3zBBAa2FllO2+1yyEG/8VEEN0kqBGQMEtH6sM9df+aL9Lsa3Chg==
friRc+9ZWY/FqGvcCwNBV+r74EvmOsIt8bN7nig9/3CeTT78a0I6oOUOM9u+C5m5AdYzk2m2AtL593OQv3rVYycdSn6w1L86/91b8e2FxFf/XuoFe9fGyjIVKdeU9CedPsGqDKqgSPNG9HRIlmDxMA==
friRc+9ZWY/FqGvcCwNBV+r74EvmOsIt8bN7nig9/3CeTT78a0I6oOUOM9u+C5m51K7/1xEomIu53ndiOwSGDzHk1Nf9gATAzbjtYJp9miOjgNTZV3PtKbwHxPwprWAGZv+MXrJb0/uN2BfxqcyHFg==
