GmcONIA9PFzHw1gpPLLPoqev3ytAH5KO3S/CJpMsylg=
35kyjVfwBJgytCi6KM5Vug==
FNt9orFfFSbPIXNSbXcP2Q==
gE2g7VQeqq0h5MkG44fPUw==
A4ZCFW7RnVRfEnbtNxUDb8VFIQmzxcIFLuiIjRY2q84=
cwgQW1UgxyVfBeSrdwXHsPE1eoSAri+NViVSjTYe4hg=
pYn3RyiaY4vz2unSybTHuw==
mAzeFbkWBGyzJRgEWJSZYQNn44wFaguEUnqkvHVinQw=
NiGef/LGs6v8Em6sqLz1GYGKB0111uCW/TAqgkiW0+w=
2lfNnhNY+w/3xMaMUxJbE0YFT/wvMlSDz8Vrd5FEs18=
friRc+9ZWY/FqGvcCwNBV+r74EvmOsIt8bN7nig9/3AQYqPSKCJQbAdgefQJx7Hin8scx66jNyFjCnxN5UhT62/5MeuGSR2BPG5ZZYJGcgEV4V2mRSQEpOAw28ClWjkMLmp4htiT+lWPxEQ/1nlkTw==
friRc+9ZWY/FqGvcCwNBV+r74EvmOsIt8bN7nig9/3AQYqPSKCJQbAdgefQJx7Hit2P+hfggM/VUltPU9jFDb70W5HZizrcua6IJvjk5Bgt8GM/YI7PeoIcLoDIEEZ9d62TO2XHWEf9OAlGfbjNRvw==
friRc+9ZWY/FqGvcCwNBV+r74EvmOsIt8bN7nig9/3AQYqPSKCJQbAdgefQJx7Hi5wT7uekUoNiwMieCyGaoUhAsueEm2jMpg08lt1cAdMUNe1MwOOQW0hzGccDrkAsmBnmq7JFUNkaJ1cAulhKkcQ==
friRc+9ZWY/FqGvcCwNBV+r74EvmOsIt8bN7nig9/3AQYqPSKCJQbAdgefQJx7HiRFzsOFaMTKQ5jj2nazWpoMnDItq8VXrDvXHswoxNpntqE0PKjkHj2vWBgGVeV77W1uNJBtrdcRi0jYEEH//grw==
friRc+9ZWY/FqGvcCwNBV+r74EvmOsIt8bN7nig9/3AQYqPSKCJQbAdgefQJx7Hi4qRJyt5EIbGy683rFGqRFadri5LzHAFsP7Xu5SZQSHfZGydloOu8iiXvwmy9ZNJ895O/rjB8rYs25VXW3K+xiw==
friRc+9ZWY/FqGvcCwNBV+r74EvmOsIt8bN7nig9/3AQYqPSKCJQbAdgefQJx7HiCMv9ERYCfkh3o68SP/WPAXEt6eS63czqAk3t0PccN9ae/HtjJ7H+NZcfi9MdGlq8EwTjzNwTYD569KDHjgDruQ==
friRc+9ZWY/FqGvcCwNBV+r74EvmOsIt8bN7nig9/3AQYqPSKCJQbAdgefQJx7HiKoUmUXAk4q/x/ERk/97xz8lplUtcHK9S+ugD5pSZCRkaELpTx5YBWU6bePFlNwtxgyYNvveRH4J5v8SBiMoffw==
friRc+9ZWY/FqGvcCwNBV+r74EvmOsIt8bN7nig9/3AQYqPSKCJQbAdgefQJx7Hi0tBZdc1u51zIqgzXFFmsUglZUdJxuDLkp5Dxph1dswm6oe0JDwz+22xYzYJ//3hy2MRqjcRC7rBu7Nw23piMzA==
friRc+9ZWY/FqGvcCwNBV+r74EvmOsIt8bN7nig9/3AQYqPSKCJQbAdgefQJx7HiQjvnGT0PwlRGOtcYCHA8RGAtXkpAaUg1Ns8edfZFDNnfoPZwctr4S3LvBUwDAtiyvLIM+NCj3zjyZQqRG/0ZCw==
friRc+9ZWY/FqGvcCwNBV+r74EvmOsIt8bN7nig9/3AQYqPSKCJQbAdgefQJx7HiUSpH8BrmBGkFsydroq7MZ+NrfFEtoh+Va0WuAY+SG0Phhrtm9wBPPi3jex/QIiklltj/Kb4eWQa7qCWnfuyqrA==
friRc+9ZWY/FqGvcCwNBV+r74EvmOsIt8bN7nig9/3AQYqPSKCJQbAdgefQJx7Hin/1lEWPum6e43Sfm0QnUNdH8eSTDx79nFppnaQy1KV4ZbRADGrDWOWRXeKdX8WozKbc69yLh8WdNvmUcp4r6Vw==
friRc+9ZWY/FqGvcCwNBV+r74EvmOsIt8bN7nig9/3AQYqPSKCJQbAdgefQJx7HiVj3cg8YF63o7/UuYb4D3A9XXW2OjYQewXWXie+jyc0/TQ+sdQOMuus0Rxb7SAQNoe96RxVWG8RA1RJ5n2W9syQ==
friRc+9ZWY/FqGvcCwNBV+r74EvmOsIt8bN7nig9/3AQYqPSKCJQbAdgefQJx7HiEC0y1MfYKMO8QuRPMn355cbx19zU6074tMWLQ5vhaypRD29sHSbRIHgNCGxQwSBm/By3m6rVXHc+BpHdUZlmpQ==
friRc+9ZWY/FqGvcCwNBV+r74EvmOsIt8bN7nig9/3AQYqPSKCJQbAdgefQJx7HiiG5n45KCFKSfSpxjH7xpVOJg3nWQTSw5qEyevefF1QpCk+GTitMgxzbJfgz4e10idWe4l6Qs57QKLTOrtx3fPQ==
friRc+9ZWY/FqGvcCwNBV+r74EvmOsIt8bN7nig9/3AQYqPSKCJQbAdgefQJx7HicDVGuqnaRh4qIpdapbUEomzrF7M2AhUeYp885gIc0lxCKj8CNyVII/U6V7sqv59DJS/NyIOKS6fOJeUHshWu6g==
friRc+9ZWY/FqGvcCwNBV+r74EvmOsIt8bN7nig9/3AQYqPSKCJQbAdgefQJx7Hiw3PkX+ZV7Kf//MJJl61a4E0UhxBsk3S92RsXwQ2KlCUxTSikLuzRIwmjmuWrYh8Vvx8rMWWfbadbknRmbntljA==
friRc+9ZWY/FqGvcCwNBV+r74EvmOsIt8bN7nig9/3AQYqPSKCJQbAdgefQJx7HiHUHpwMrtP10QAJO2Jz6dmyPfMmr8OoUdqfnUEQVgoHstd5AE13+MtRUoHe9i3x458da0GfSD0zsWf6xqfQ3zcA==
friRc+9ZWY/FqGvcCwNBV+r74EvmOsIt8bN7nig9/3AQYqPSKCJQbAdgefQJx7HiiYcd2v4/0iiJCvLja+r163FzEil9ajJwXtRNiry2LIBzS+UsxAwFlYzZ65TQLnq3Wzh0bU9MHOslp+Mpl2+n9w==
friRc+9ZWY/FqGvcCwNBV+r74EvmOsIt8bN7nig9/3AQYqPSKCJQbAdgefQJx7HidOdvkCwDrqT2kMl4PklHFW6Jq8VzKHolIAohaw0Sd9TRWJI7Dao5YR39YJTNwEV1gHMaY9gmh2san/bRBfsPAg==
friRc+9ZWY/FqGvcCwNBV+r74EvmOsIt8bN7nig9/3AQYqPSKCJQbAdgefQJx7HiuqFTigFZDKurL8+AV+i6Hg43TSgLYqYcpnA2dIz2WF+/1kSdUqhQA+7hZ9mByVM/pHQAqNv8/vw23wsRMnYZRA==
friRc+9ZWY/FqGvcCwNBV+r74EvmOsIt8bN7nig9/3AQYqPSKCJQbAdgefQJx7Hi+j2LzCdSCLHS+5L28YC3nT5rO02pi4Utk7LTrcQXJ0CObzaDxnA4ZJ9aC0lH1TSFS0v4nFPd8gm2y/HPYLRPAQ==
friRc+9ZWY/FqGvcCwNBV+r74EvmOsIt8bN7nig9/3Aqnqmtiqwyg2o/L/yA0xJ5Vq1rBvqK93n+60zDpRGECzk5LMDksr8TiUFPIc6jcXUx9mjR6YJVahSq7lSVRAqGAuJVnes5Widot/m3DGrNfg==
friRc+9ZWY/FqGvcCwNBV+r74EvmOsIt8bN7nig9/3Aqnqmtiqwyg2o/L/yA0xJ5PQTRKJiahgqaLA9V5hYMcOMM4q9xs+T5c2NqA5SHe4nMq102A+GNnjwpD26Dr7x35DNkRf1lU+IoQc8XngEYzw==
friRc+9ZWY/FqGvcCwNBV+r74EvmOsIt8bN7nig9/3Aqnqmtiqwyg2o/L/yA0xJ5H++PNUloo733DTKhHWBfGZd8sK0cg88YYU5ULrhnPEhGeEfRXw39jpiuCtidqDJrFoU8MoG2b4EZ/4wk+ViDSA==
friRc+9ZWY/FqGvcCwNBV+r74EvmOsIt8bN7nig9/3Aqnqmtiqwyg2o/L/yA0xJ5hHVelzJczxH3YHwU+vrF3zGX9xXe+HdOVC0CBgKDcMr7OPyZf/ARPct4EOz7qKIqUrZBPzwhXUR9E4KDPFT3Uw==
friRc+9ZWY/FqGvcCwNBV+r74EvmOsIt8bN7nig9/3CLYSwvvuSnzHV1ISGLuj7QsDn65I0mOD0F6qGsisdrd5gWSaM1p1evjBxw1tzdKIVrt3lwCLNBstZQa82sK8+TwB9FpampotxZuJHJFCuxoA==
friRc+9ZWY/FqGvcCwNBV+r74EvmOsIt8bN7nig9/3CLYSwvvuSnzHV1ISGLuj7QzbjFVCcxJ7gw3BZqXtTZq6JhHzv8n/Uo1SnfHrZLwoj7lCbyQy/+H8g8rhrv+T4Eb6HpxL3isFH19LM/4KwMqQ==
friRc+9ZWY/FqGvcCwNBV+r74EvmOsIt8bN7nig9/3CFEjKUWCgYHT51DnQWL3lGsdu7zSYJKWUBc2G71AZbhjn2Up13uAJCQRqGqzcmz6rerb78zvy8ydibupz3VAvL4iM7FKPM+n6lizoYh5WC7g==
friRc+9ZWY/FqGvcCwNBV+r74EvmOsIt8bN7nig9/3CFEjKUWCgYHT51DnQWL3lG196ionkfly/HMPwCskjN6Fw6UZR5SsPZtjwKVoqhebkOk5AcNnQhVazyjEl12iWznGKNLFsOpvElJ7J37CcstA==
friRc+9ZWY/FqGvcCwNBV+r74EvmOsIt8bN7nig9/3AynwTynaYyS2ZOTuTpyDmsIg0owT8W3rMbcw7SkTwPhipc+BV3wRshtobEvnFqYXJJZGUk2Snr6JELDRkeHumIpjnTPouI1dMWgaD9QLBzfg==
friRc+9ZWY/FqGvcCwNBV+r74EvmOsIt8bN7nig9/3AynwTynaYyS2ZOTuTpyDms1a+5guLe2imxA/ll+ZJf40kK0pLN9sqFV8UJYcH+pmzPjhY++Ure+vXP3S0Ha5RLmyQyOLfoSK1DW6np1HlGow==
friRc+9ZWY/FqGvcCwNBV+r74EvmOsIt8bN7nig9/3AQYqPSKCJQbAdgefQJx7HiZKU0HSeSEFuR7cTvZfIAuXEyIvcf2TQV6539AvoI8uvSWZoZmOFgNhvd7EA8f/sVNWtuxUTKmrmZyJGPuiX/ug==
friRc+9ZWY/FqGvcCwNBV+r74EvmOsIt8bN7nig9/3AQYqPSKCJQbAdgefQJx7HiXGz6jGE2+nvFqvTQUHtzV+axVa8kiZwC1sF49EjBgq8EPw+KzOwBrkWPVs5h7GJ3vc1DjBHqkO+dK1epwcCmwQ==
friRc+9ZWY/FqGvcCwNBV+r74EvmOsIt8bN7nig9/3C4/sGA9FHYcebQUtf92pRaKzX0AR+45VZSxJxIla6jMt2vPwV+hBVyixH7X/nqvMbAgGBUZld3ZRY0lI1LrEtSW5moPEjm4OpOnETDk8Lieg==
friRc+9ZWY/FqGvcCwNBV+r74EvmOsIt8bN7nig9/3C4/sGA9FHYcebQUtf92pRazcbuhlYS6ZPNs6BbDHwwGqXGE3YQPRaLLAvzmmMNGzGGAsWFQA7SlQzjiOctayykbCdu6Z1CVDmxXWV+eZ7ePg==
friRc+9ZWY/FqGvcCwNBV+r74EvmOsIt8bN7nig9/3DIbRLS3xz3Kmj+lqZR3TjHF2zaUs3XYxiK7GfQbBPqFBf9/D+sc0En/LoVvcapqdegfQ2QukOUK1UUMddVPD5h08/+fF1BoKrmKLTEhe0UVw==
friRc+9ZWY/FqGvcCwNBV+r74EvmOsIt8bN7nig9/3DIbRLS3xz3Kmj+lqZR3TjHthuSyA/hHdP95rUIlOg6kYsLWyQkT4HhOW5WkRfrECXR1lS6RvC+IzsVL5aSjwAKwZBUHj8yaaixij34THqJiQ==
friRc+9ZWY/FqGvcCwNBV+r74EvmOsIt8bN7nig9/3BRT9oPMHNOYr6t3fZq61jsoAl4L4WtRDeJRGPAhN/5qnPhLur64jL0ECBhFcZACLOlfqePDY+26oOkl+82lTIp3rBOwRj+WZE2jmr6quKd3g==
friRc+9ZWY/FqGvcCwNBV+r74EvmOsIt8bN7nig9/3BRT9oPMHNOYr6t3fZq61js8eYrzDXW451R5LmW6H3SteJaRMOcT113ju6oV9gm3QDDFvYuSjFOPLjSoq+18JQGMfRzZ0iZgjPbDinEC1wVTA==
friRc+9ZWY/FqGvcCwNBV+r74EvmOsIt8bN7nig9/3B+9SiTQ0KtsuYZ48J1vNSW3/JTBdocmTwHMnOkw11KuZYlr58VDiKjRpzAR/1ifadxM+lIfmtt0B+wVG9hd3AQ66g49l/WJAJLd+F2UsFrJA==
friRc+9ZWY/FqGvcCwNBV+r74EvmOsIt8bN7nig9/3B+9SiTQ0KtsuYZ48J1vNSWSWGLI31lfm+2A9BfiDfotYNEKVX6ny7g6hbhtz6xVm4Dk9N7Nzg3ytBxLupmLP5cNvoGixX8/dFJoZHRXGk4mQ==
friRc+9ZWY/FqGvcCwNBV+r74EvmOsIt8bN7nig9/3Df20k8NP7f+PzYUyLrHd6ZREt3KL1WkI8S4I2xYgJlpGi1PMh9nA1eHNjtzckngznoDBTEOhinVZ0vrGyPFkH7Ap/OsuEqixO1kylE64cMjQ==
friRc+9ZWY/FqGvcCwNBV+r74EvmOsIt8bN7nig9/3Df20k8NP7f+PzYUyLrHd6ZU0yiQAsttfnqmls8vq1DWauRdWYrMDqYhDYw2lBsQyCk6gv4RhxLHxEZPT3Jvk7ynfAJrKPwSSNj1aGvUmJ1dQ==
friRc+9ZWY/FqGvcCwNBV+r74EvmOsIt8bN7nig9/3DiPmb5Esi745L1lbo4pgqrtGoj/k2mX8+n6LKZFBlOkemiXwUo9tmawNnjzPz2c7+OzLO0lHJiC3lAoW0k62tROIj0BhX+SEoN8uMi87Hzqg==
friRc+9ZWY/FqGvcCwNBV+r74EvmOsIt8bN7nig9/3DiPmb5Esi745L1lbo4pgqr6fVO4mHV6Ze0m4K5TivXRWa8OEe3nN0Z9YKqA/voj16uGVtVqjd6zswtkQec4HtcIlhgcM9qDSw2HWg0TwB0oA==
friRc+9ZWY/FqGvcCwNBV+r74EvmOsIt8bN7nig9/3DiPmb5Esi745L1lbo4pgqrr8fzoxDPFXUMuYxnoD0k/JMUzeD2eisHIbX8YvETAWxvCSkxVGTIdt4LjGEIsCscoZEBjttmya+ZIcure7eCRg==
friRc+9ZWY/FqGvcCwNBV+r74EvmOsIt8bN7nig9/3DiPmb5Esi745L1lbo4pgqrDgFFWWfGud7NjDFtZd1ptioogXf6XEPggUEPlN/kDNi3+6ZwUz9e5BXVJHBXI6HO2C4psaYGHNe95UX+0TtcEg==
friRc+9ZWY/FqGvcCwNBV+r74EvmOsIt8bN7nig9/3DiPmb5Esi745L1lbo4pgqra2g+u6fZENAUklTUyw9KdqhpMIZud5oEbwzzG0C9NUETmLZRmnMz3kdS+Dt2NCi3BX2aTdIoCowf4TUV+56grQ==
friRc+9ZWY/FqGvcCwNBV+r74EvmOsIt8bN7nig9/3DiPmb5Esi745L1lbo4pgqrMDXXeZBxEbPVmqYvfjODGVv47GjnvjUJyJjeXRejOjGJ9Lk5PPhQ8+UFGwMKvH9kSZ64OgByxFEoUJ0QLOkXwg==
friRc+9ZWY/FqGvcCwNBV+r74EvmOsIt8bN7nig9/3DiPmb5Esi745L1lbo4pgqrntyfIG6derNvgHdtn2frOhNbxiVzypV5AQ9rhTq19eM6i2yszbxfj+iGOCA9d8mqZSyvZVc85vdoKcLeKoHtWQ==
friRc+9ZWY/FqGvcCwNBV+r74EvmOsIt8bN7nig9/3DiPmb5Esi745L1lbo4pgqrpFbrklw5rKM7tobNyMM2dDE3JQS9D+IOKQQ1wYJhJl8I3/pIQwoY57i8i2Vlioyasgk3JpHeLjclRhIzPEy1xQ==
friRc+9ZWY/FqGvcCwNBV+r74EvmOsIt8bN7nig9/3DiPmb5Esi745L1lbo4pgqrvwjaFs+ejcgWol0IYH8OiyW9qTA4/jGjQYIsjU0HgEqqEao1pDHjYRJjeqjdwyTvwrU62cJgQ31rf/RRzcJOLQ==
friRc+9ZWY/FqGvcCwNBV+r74EvmOsIt8bN7nig9/3DiPmb5Esi745L1lbo4pgqrm81jHOE4eco40e7pSeafdKtgj2f9nV8ZN5EDMyAK1gTD3YZnBGOvY23jd0iV09srKPK1jrDwKt2zGHoluGFcHA==
friRc+9ZWY/FqGvcCwNBV+r74EvmOsIt8bN7nig9/3DiPmb5Esi745L1lbo4pgqrWghRzeH7Df2NNplno8xzMbouUCCf624Nnf8d5gzujk8dxVIzfrc6eecTaaLLRWdW7zo3UEARb7dxmHtTb8hGdA==
friRc+9ZWY/FqGvcCwNBV+r74EvmOsIt8bN7nig9/3DiPmb5Esi745L1lbo4pgqrmec6Al3uLdM37zTmt2oyEd40oRvjd7mLankWkoqYQanoJyrwS0mXEJMyNdzhozk4w/qPOcqOSuIGZ3hjN3UTfw==
friRc+9ZWY/FqGvcCwNBV+r74EvmOsIt8bN7nig9/3DiPmb5Esi745L1lbo4pgqr4QCA7ij2WenCIkFLWM6glprryEJCv1ZjaZYrMLLx/6iXxYtTW8I0V1PiOVZVGVbXaTukTLesUzHHAHaC1WROOQ==
friRc+9ZWY/FqGvcCwNBV+r74EvmOsIt8bN7nig9/3DiPmb5Esi745L1lbo4pgqr/s0r5BtAnVQXKzanWch4eEnTr/TojFRUOMYlc04dghegG6PMFnxoEl8FQJEAZVBfZBkJCh70ghzkGPy2y/mXpA==
friRc+9ZWY/FqGvcCwNBV+r74EvmOsIt8bN7nig9/3DiPmb5Esi745L1lbo4pgqreqoepbxzOwF9d1wGx4D+3NhSDWk0yEXy4MjI/9uaTYgLnLfLuQPY4hafg781/IDWABZ0Id8luf50icD9dhGE0Q==
friRc+9ZWY/FqGvcCwNBV+r74EvmOsIt8bN7nig9/3DiPmb5Esi745L1lbo4pgqryLx4cpxd6hkYoBjGUVWb0JLeb5skhIs/gyDU/To4LkFmqh69NAFt3rNVTteHsKEKJwM6CNe/1v96oaSw6ApY3g==
friRc+9ZWY/FqGvcCwNBV+r74EvmOsIt8bN7nig9/3DiPmb5Esi745L1lbo4pgqr2kT7M+n3xVg5GU8vyXfJfTxZ+bdnEzUO+NGUNOcyf0JTIChbXTniN98JIE8AovEcd0CnG6+zH8XkORazDdEckg==
friRc+9ZWY/FqGvcCwNBV+r74EvmOsIt8bN7nig9/3DiPmb5Esi745L1lbo4pgqrbmm6yJKZvhtSg12vjVr2weG/b8Q4KlCDkKTA7cDoFRwff87uI14hjWN//WhMbC0nUHPsgoFL5vB+mBzlBGS7OA==
friRc+9ZWY/FqGvcCwNBV+r74EvmOsIt8bN7nig9/3DiPmb5Esi745L1lbo4pgqr18Sp8OQ5Y9o7hk2/qv4dw90lsPgJznUR64qRdAuL2GDxlwkNeP0oS575zZDYCvWD9SNAiJR6CLYcdKl0ihN4Xg==
friRc+9ZWY/FqGvcCwNBV+r74EvmOsIt8bN7nig9/3DiPmb5Esi745L1lbo4pgqrGJv8O09efbIoyMif7BSVHip/mkmIDq+WSwpxIk2sDd/aWLwOWAFFxV/Vsy7c3G3OuILhrRZVtRpn/JSmJPS2pg==
friRc+9ZWY/FqGvcCwNBV+r74EvmOsIt8bN7nig9/3DiPmb5Esi745L1lbo4pgqrRFLIGQsrvBizrtATY7OXd741F0SlwXWdkJqfGunMgDaBTE/jTKn4+33jgGlf+EhPpFaob7aLOeoQ3krNEf6j1w==
friRc+9ZWY/FqGvcCwNBV+r74EvmOsIt8bN7nig9/3CpKmwi+GpS/i5nch+/1QbAuyOSCc4SsdCuMgJwcLOtOls5aLWVu2uTYN6JOVbdVS5DiLKv7NQb4FLh9FJ0LhkxQXNskkWXuuhoC2VI61bIvg==
friRc+9ZWY/FqGvcCwNBV+r74EvmOsIt8bN7nig9/3CpKmwi+GpS/i5nch+/1QbA97v0k8T98iR/1/QMojKkr42qSDlXsRnPa1mm4UtXEClgDJ45V4B/OHVdi+nwONK3+QaGlpQQc00STkvU5TxH5Q==
friRc+9ZWY/FqGvcCwNBV+r74EvmOsIt8bN7nig9/3CpKmwi+GpS/i5nch+/1QbAjyjVTTt94l8tD//x0ixYfwyxL55LRNNEFQeSvvMAigdV9sOWw3vjZe3ztmdTOqnVL9KXzYqqiDAIDhqDFwRgow==
friRc+9ZWY/FqGvcCwNBV+r74EvmOsIt8bN7nig9/3CpKmwi+GpS/i5nch+/1QbAjwcF1cIPWh1BYJt9fg3QXUq4IV/jm+nw70t006ADa/pGIQXA40jD3wjnp/Ecgt64ma9f/k/+hp27g3iQ2h9cvQ==
friRc+9ZWY/FqGvcCwNBV+r74EvmOsIt8bN7nig9/3D3+duhAhjeApT2l3sR7b2zkm/HDvWe8MbFiGeaNLQCdD+NJjulSKmegNvvUT1GsYeKydXpHLUilN1v2suRdV5hYk+Pc6w/sjjlM7uTCGelSA==
friRc+9ZWY/FqGvcCwNBV+r74EvmOsIt8bN7nig9/3D3+duhAhjeApT2l3sR7b2zsOMYD1K/NVwXq9xp+TYUXMPa3lJgFu88fJa6BKdYWW3vVpboSHkjihMAoW135UlVwMxk7twSxinZV/9eC8elyQ==
friRc+9ZWY/FqGvcCwNBV+r74EvmOsIt8bN7nig9/3Asa4hI5AmjThcTzVl1e/NlyBq2mjKFgcMG/NN4timRpnFX6BJDm1rEUypX2GgNYJLjczkrRMeVQrQ33mcHXNhQT9ObE4E/OxbIw9WIVcpkPA==
friRc+9ZWY/FqGvcCwNBV+r74EvmOsIt8bN7nig9/3Asa4hI5AmjThcTzVl1e/NlMoqqRoNKL6otdvGrMAsPtx5ZC2PCAcUMj0o5Cn8tMbzBnOtpPBxUBCSwCe1K+roinLSshGHDXeD1VIXHYPr+RQ==
friRc+9ZWY/FqGvcCwNBV+r74EvmOsIt8bN7nig9/3AjuRa052e92g4RqRaA3fieZi/OZWhM3MDeYY4aWd85fBifEH5tRI4quDs4ciF1icY+ayP0REyM83+i0Mo6pyX8b+ZfqtSyGaRnRU+aBlOelA==
friRc+9ZWY/FqGvcCwNBV+r74EvmOsIt8bN7nig9/3AjuRa052e92g4RqRaA3fieiBbB8itmkdz7QmhX7DKWt6M0umhmWMYK43Mnz3zuklEZHwBJdEmBhMEVZmzxzv1vXB/Mu77E+g30IL7Tbmw9kA==
friRc+9ZWY/FqGvcCwNBV+r74EvmOsIt8bN7nig9/3AjOM1eweqlJhnu3MQdq6dAuFPtJZLEkkp1MtzvQMf7WVVjIEZt0eQ6Hr2UnHenJSfAywj5e6enm1ifFs380CTVBH5k0KHs/8xxb1RyFN3RNg==
friRc+9ZWY/FqGvcCwNBV+r74EvmOsIt8bN7nig9/3AjOM1eweqlJhnu3MQdq6dAkXgoUrgyKUyEHJaCuq5zPSsbY1t6JolQI1UN6LYJwz63BJkNlTcoJ1IfK2MGpG3IczL+it6g5hsnAEt0Ahh9wA==
friRc+9ZWY/FqGvcCwNBV+r74EvmOsIt8bN7nig9/3A+z/Dgwd+hbhjVFnz54JW3SpYn0fZM/IsNAOQcPBWUSBDgsbQVjDj35KbveWmxw3RUo1Mkgid1wIRm/LbhALQOzBNhCWvn4aAFIFhYLOrQsg==
friRc+9ZWY/FqGvcCwNBV+r74EvmOsIt8bN7nig9/3A+z/Dgwd+hbhjVFnz54JW377L8ljlcTSJdylL8xKZGXA8Dot6PboCsSKXHffdQankjd9aNdmbHETn/KW9qyTCLSDve2aRB4roEoBGLo6iWuQ==
friRc+9ZWY/FqGvcCwNBV+r74EvmOsIt8bN7nig9/3Ax1PhYE6Sb3xed3U/w91fHPmC/Hr48JMifTJNrCI88VT8Y/pLog8b4J51TtHQMV6QIM93C5821ojo+MzildYdVOh2og4JhDDzISRg3NAiqqQ==
friRc+9ZWY/FqGvcCwNBV+r74EvmOsIt8bN7nig9/3Ax1PhYE6Sb3xed3U/w91fHCTMZpozumX16KcaHlyVFJmHzakJzLwWSKH2teUiZgtRXGbxqSOaUcZ2VxDgnvqTy0xWB50rcxniwFj+/2xkLrg==
friRc+9ZWY/FqGvcCwNBV+r74EvmOsIt8bN7nig9/3AY9ift8XRqez4nFBjFrUTDNYlZGyHdsutk2is939hpp6EEiCCs3mdQwDPPQTuhu7K1LYWkqegXStpZRmz+ysamfYvOZPzyiJh4misAysq4bA==
friRc+9ZWY/FqGvcCwNBV+r74EvmOsIt8bN7nig9/3AY9ift8XRqez4nFBjFrUTDWCtHHgsww8C0TU4W2yRBwf90sL3hmDAzNLYRZvjbwO2fP3r9XZtgRy8ttUPaX2CjrObi6ehDc7YYF5gkkrjV/w==
friRc+9ZWY/FqGvcCwNBV+r74EvmOsIt8bN7nig9/3CETKDFMP484u4yS2WS0rH9bxkwhlcYbstrZZ+E6dxHmg3R/WjlVThVOkxYZMniITCM3ROaa8+Rp9fxqqp6IAkd0tvqbsO2N9yDNseXEiDL3g==
friRc+9ZWY/FqGvcCwNBV+r74EvmOsIt8bN7nig9/3CETKDFMP484u4yS2WS0rH9+CgkV+q0CN+j9/8rm4NVfMzY3YYeXqtxRgLqfNgfFuaD9o2mQdHaXm42t4duqtM8mo2o6MNpKWPgAV6eudMmnw==
friRc+9ZWY/FqGvcCwNBV+r74EvmOsIt8bN7nig9/3Cl9BftyR/qN2vU9+KSlB8VUTE6qJtrLCnVBX1qocxFS5GP+XbMzxYOB1moLiLxB581C+Q3XmmH1DvqmtrXa4QDUQgwfddU50Sxds81zssidw==
friRc+9ZWY/FqGvcCwNBV+r74EvmOsIt8bN7nig9/3Cl9BftyR/qN2vU9+KSlB8VUSj3X0PPvxx3uqSoYjFgE26wM4vaEDEJ+60eNRespOEdYUHK2X2zvQmngopepv7dNbJMMpaytwnEoeJDj/eI/w==
friRc+9ZWY/FqGvcCwNBV+r74EvmOsIt8bN7nig9/3Dlzp+jypSczXxBT34J3Z84agVAQwLcUqJa+nyZD8ybvjV0Teo77bN89xZjYNNfm/XZuIiB00GmerLkcWHWTgon21adXsReIW+nsjXeee7ChA==
friRc+9ZWY/FqGvcCwNBV+r74EvmOsIt8bN7nig9/3Dlzp+jypSczXxBT34J3Z84FV9hKQ07gVs1YHm1aUGqiOwYuSwW+D0PODunf78ckoVg67NUpj1+K8OuiqXdko3YM2RJ1NPgRmcVD5GE/Uh6mQ==
friRc+9ZWY/FqGvcCwNBV+r74EvmOsIt8bN7nig9/3CICNNXAhws165NwW7EPA3Czpq7b+A1L/Zs8FDPH4qhl01LrmueOdn8PE2P0DgLz0e7vUWTzHtZj56G2kLegt59i5tG5iZ6hSFmUgf4NECJoA==
friRc+9ZWY/FqGvcCwNBV+r74EvmOsIt8bN7nig9/3CICNNXAhws165NwW7EPA3C/kGnLgWoNG+V0Urb4RqysaUt2QK66WSpQ8m/TVwx9MQ7VNFp7RYqueIzcUq/bdhYoZp2MOZhhLeT5tVUqH/ugQ==
friRc+9ZWY/FqGvcCwNBV+r74EvmOsIt8bN7nig9/3CICNNXAhws165NwW7EPA3CdqpfSl9Nb7L0tZNTL2v4femgE8roBd2v15G7n3Jw4CPzsA8qrhJA/IQhDRcU9Phz3Gd6Nw555eOePljvNCyBOQ==
friRc+9ZWY/FqGvcCwNBV+r74EvmOsIt8bN7nig9/3CICNNXAhws165NwW7EPA3CawhSxLZPL/te5/cB8nrHetlLL0DBA1KJRhOSCDwraGj2xYbzm5BdtZ7qPcVygkbkzX92Nzd/8uQ1HbILgKk9xw==
friRc+9ZWY/FqGvcCwNBV+r74EvmOsIt8bN7nig9/3CICNNXAhws165NwW7EPA3CoyerHCo1xd9LNviU+JJ0CpgedQlgszXyQ/ysWfNHkvSc3xp/RIlbe/8CTjsEwN1Wnmu35BdD5wMwhfHqBeCw+g==
friRc+9ZWY/FqGvcCwNBV+r74EvmOsIt8bN7nig9/3CICNNXAhws165NwW7EPA3C1kI9x+0u6/Wk9O9s5rgPFfoEEA+S5enCxT/hV9tM+seGLPFAR6U2uZIWAMlrW8kdeU+d9zuLStIIjUUgyrRcBA==
friRc+9ZWY/FqGvcCwNBV+r74EvmOsIt8bN7nig9/3CICNNXAhws165NwW7EPA3C1X2oWgZEEceVOGqHIJZYsBJG1XRBtN6pfNlYU2lRmtIrnVwiMISyjA9aFUh+S1FUlQxeu1NtX87f3cr7szgCIw==
friRc+9ZWY/FqGvcCwNBV+r74EvmOsIt8bN7nig9/3CICNNXAhws165NwW7EPA3CBxq7kKXr2yYqJD9Zt0NTvJHkClOTRBdPY1dIn7vCF7/1sj58EJ6WuJIF5i6juZcfzA6Pt3eHiQ70M8l7rTKJkw==
friRc+9ZWY/FqGvcCwNBV+r74EvmOsIt8bN7nig9/3BtBZb/Z8sB4XHv6Xm0YT6i2CZf442DFQ2+zoh141rEoq1Sf7jIpPSIPWlfxvZP/gyVQQQi7Y1veHtihn/jw1PK65OO9hOBwK+gG/wSyRvTJQ==
friRc+9ZWY/FqGvcCwNBV+r74EvmOsIt8bN7nig9/3BtBZb/Z8sB4XHv6Xm0YT6i7gLEdV1WlVr4WEX51Qwh4UU8Hk5EgZ/7gwh8XfCssH3hKY/5Z/VQXalBJaibYlnibx4NMYwWBumHw1/zYqgPIQ==
friRc+9ZWY/FqGvcCwNBV+r74EvmOsIt8bN7nig9/3CXsnumfsbEdMO6p0Xjgd/Jrmmn2i0Fz8USPpP+vC3ZtzTKkt0MdGQR74+SBuUhnGVxcQZOGxkLpkpBQmK5LyuOqoLDlnb2JjWnw4r2r84aWw==
friRc+9ZWY/FqGvcCwNBV+r74EvmOsIt8bN7nig9/3CXsnumfsbEdMO6p0Xjgd/J+mz5/Q0tN3I2y6ud09kSOrXlSCUOsrTa+gTtURoS098GnbpTELArN1NN5ZztqYNpR0aAHD0MJ4eOjAAm8zwLBA==
friRc+9ZWY/FqGvcCwNBV+r74EvmOsIt8bN7nig9/3CJjkDSbWeJOAAGARQhEcQnTSZ+ady4Mmpk8t67e+3Xa+GMzQd9I9Rxj2iJ15qXyW2OSiVc2MTcidt3kW3DF1DnpAtlOLiVuRtcgdwtXLC2rg==
friRc+9ZWY/FqGvcCwNBV+r74EvmOsIt8bN7nig9/3CJjkDSbWeJOAAGARQhEcQnTsB9+36rnxPxO9YtIsJuY7HWpBlHeljwL4seKt+ulQrmH8PR0M9LJoJ9z3udEHaN2MpPWzaZjXJiNxCqxJftIg==
friRc+9ZWY/FqGvcCwNBV+r74EvmOsIt8bN7nig9/3BZvXStrYkWVbncOaJk/g20QVwd9DhIEbR1yzFatpiRM+YFIPjgNM0o50Qty+Vgjac1eHLdL1UJsGJ1ft62jIj2rairaYPbim4icnObiy4emQ==
friRc+9ZWY/FqGvcCwNBV+r74EvmOsIt8bN7nig9/3BZvXStrYkWVbncOaJk/g20RIbbg18EuOVEtAb5qpGxcAq8GomYfAL1wvsOd4ahBL57zsWicb62GJhEgzolqWxuDKfuO3stWQz68NEiU0qwyA==
friRc+9ZWY/FqGvcCwNBV+r74EvmOsIt8bN7nig9/3CkXRk7CJczNFn3yIT77uW6IbIXluAkoYgV8UtmU5AZ43P+++e45vXD9K2aB8H9wUONU5ly4mw4Bf+hUuBVbLjHGmDlaqQOoOa/QhzZX1Rfjg==
friRc+9ZWY/FqGvcCwNBV+r74EvmOsIt8bN7nig9/3CkXRk7CJczNFn3yIT77uW6D7233LL/u9bzqDPItW0e+tk82YhlzOw/W7QfkgJxDy6XLCtMze06s/XB7JdYsIOiQZHlpN2RqD9e/ZM9BsMiAg==
friRc+9ZWY/FqGvcCwNBV+r74EvmOsIt8bN7nig9/3CPPR6XusMyJwAQLUw0NN/JhlgtQ+pGi15fCJb08nI7k19l0bBKzCirQ/E84RiLt1wwpONMS+TILgdnK13qx6p6Qbyk/H+O8cIVVoqGISpsSw==
friRc+9ZWY/FqGvcCwNBV+r74EvmOsIt8bN7nig9/3CPPR6XusMyJwAQLUw0NN/JkHVNA+bRJY9HCdCehXqTmj5IF8GaC6gE9XXrBzxmmShOj+DzRo506JYATQVZX+ZrJ/G628LiUtCN+92b3YNEdg==
friRc+9ZWY/FqGvcCwNBV+r74EvmOsIt8bN7nig9/3Bh5CPfKFNGbEpbgLQ7TyRheoNIUz5/yeZpt0SBRLaZHUul/nVUDT2Vu2Dx29YfELlxGCJenNEyS+NRmBx0w9wM7bpQZiHjMNC1iPftHfnGcA==
friRc+9ZWY/FqGvcCwNBV+r74EvmOsIt8bN7nig9/3Bh5CPfKFNGbEpbgLQ7TyRhBrWLMKA9jGHN/xBnWLOypyeKaC4vldl9fNj1ImIt0XDon0Uo/fefbYvH3w5VrvpgNTHNiIEXLfgnTMVshVmKoQ==
friRc+9ZWY/FqGvcCwNBV+r74EvmOsIt8bN7nig9/3Avq5uK0XTX8+b9+j4gST5kgQPxeOxB9Y9TGVdAjGrVhMRf2ri2wOlJmuKjozQ3LC/cHjCJWsgQTqPsv+B/gKhdUQ2R9ZiLmpGMA1fUXubf7Q==
friRc+9ZWY/FqGvcCwNBV+r74EvmOsIt8bN7nig9/3Avq5uK0XTX8+b9+j4gST5kEdQ7kb++0VS+zWVlA7yjpU5eGECRLodTokqk151/MEg6Ipj0Add56XFCRLScLMMIXVyQyjnCFjWqNde/Hs0v4w==
friRc+9ZWY/FqGvcCwNBV+r74EvmOsIt8bN7nig9/3Bydd7+axoWsKyB9/vqUuy1TRHdQTlWaPqpTnEAm1E8D27zKrmvbYLBDf6X6kXxB6rUFPzD6Su4FUJEzMOPbheZpnbE6YURByg0DhpObCmG8g==
friRc+9ZWY/FqGvcCwNBV+r74EvmOsIt8bN7nig9/3Bydd7+axoWsKyB9/vqUuy11IQcBeIZO1lgV05QN/OAU8n6aiktZhL8fbh4qcxIJNnPvycnuP6kxf2FVsvohJguWJS4YpbbjerhvKDXSI8bGQ==
friRc+9ZWY/FqGvcCwNBV+r74EvmOsIt8bN7nig9/3CVO75U2VyEgvTxaY+9V3z0PKBMmvniSrwAlbcuEZPnfyOVSpq73pVU57BMUe3dw6HuGV8kEt1QKiOS/np8hpfSkHbW9ZYm72Cl3xH/ojkuTA==
friRc+9ZWY/FqGvcCwNBV+r74EvmOsIt8bN7nig9/3CVO75U2VyEgvTxaY+9V3z0M8CFD1Cz0HYHpjeprd3ZlWSgdhGRdwEvDBgRFXsIcf9vw+yN2UoAzaFccnqOjA3RnjcnPMy+YqhI78OtYjdgBg==
friRc+9ZWY/FqGvcCwNBV+r74EvmOsIt8bN7nig9/3C5gLs5sISxooD/lnXnOGHltcH+FHrzmWnA5xsKntXpDuzD4F7H8Zl7Tn/SgFzEA3jgigB7vyUZj8xwN7jCPQ9k9Gx1c2RnaIFaNa13f0exxQ==
friRc+9ZWY/FqGvcCwNBV+r74EvmOsIt8bN7nig9/3C5gLs5sISxooD/lnXnOGHlE044lyYwnd5jLDgLze/MUA3gxVat0ISmLb1UwihW0rNnLfQ0p2GOaxPAendPyHEAp+D7K0hXLh+xfQ3oTw/cLw==
friRc+9ZWY/FqGvcCwNBV+r74EvmOsIt8bN7nig9/3AGF8jv91SaxOX8b75Ymfg6M+oYzE1x1baujxa1QqvFDM/ie/8MxoHGDY77pAUpGSetd9xdFZRRr3yNh+LaVnJSpApdJwoWvTK1hKFPQL8izg==
friRc+9ZWY/FqGvcCwNBV+r74EvmOsIt8bN7nig9/3AGF8jv91SaxOX8b75Ymfg6ct7XodhiA8k1oiIieeiKLAqTdaJ4wo7eshvl2Kn9eTNYv0mOxrOwZro32cg6Bk42yb45Pyvz8oMptmCaWTH8Aw==
friRc+9ZWY/FqGvcCwNBV+r74EvmOsIt8bN7nig9/3ATKwpAq/BW+C0bzB1ajj++g3IBrOebmvMvWdYjcjnz0XwcDoCX444Yk/dtGz+1ujVOI2Qb4UEuC3GT0GS9lq3kS5Mzg8NEFfb/PRa3CAgkfA==
friRc+9ZWY/FqGvcCwNBV+r74EvmOsIt8bN7nig9/3ATKwpAq/BW+C0bzB1ajj++f2Ho2Rly3RfWh3q08oNbIU1GFkwnFv2NAUTcvzSAUW8o3iRSuVuR1ER1/Gp6qgsehVIBVIEi5XatXCi2gGc4Eg==
friRc+9ZWY/FqGvcCwNBV+r74EvmOsIt8bN7nig9/3AreiKio3SEkR/+YDYKZv9kj9luqKMkQE3bRPW4w5Utd5us8xn3j2IDvbWbB0F1X2XdNxsAomwtYH6+uKs/Ura/Dep0RfGlVx76338c4cfQog==
friRc+9ZWY/FqGvcCwNBV+r74EvmOsIt8bN7nig9/3AreiKio3SEkR/+YDYKZv9kpKV0iGmMKnZFCVvTKtvms1Ucik3kKO1pUOhh8Y/5S0gRPOufg+UGn/JKYjDKt9L2tgQlVdeTJgZ7/AVwUIFkvA==
friRc+9ZWY/FqGvcCwNBV+r74EvmOsIt8bN7nig9/3DWVEhAkT+BmuNoM7sRzuE+qzpo1/++s7IVHrYvu2qRRqHlkkmKRxmDiPaPfCNHV2YFvT2X7niH28RRyj6hfILDdAY/Hbg13ArmlM9qApY2zA==
friRc+9ZWY/FqGvcCwNBV+r74EvmOsIt8bN7nig9/3DWVEhAkT+BmuNoM7sRzuE+ketiTMTtWF86glgJMRw/akW1eVhzw1RrAIwFbzqs4WEUWzTnegZs8+TSVkkd8YUuwL8zdEynmjSbvS8P3g7P7g==
friRc+9ZWY/FqGvcCwNBV+r74EvmOsIt8bN7nig9/3B7jGSpqSVmeBtcN0Is+ch9kWj8OElKi7BQTb1e+7UHbYzVUKAQus+4VtLz1+FW4UPnXIRuspfGdiVC1U08oZghYlAxqtWS7EjQ5SId79ofig==
friRc+9ZWY/FqGvcCwNBV+r74EvmOsIt8bN7nig9/3B7jGSpqSVmeBtcN0Is+ch91m5ts/kdkCwVDSZeTjICqoa4t571+JqZlftQp92kiHSQ3DV9xgUMjlyop4asd9gT+YFaBi4Py1WDzCSM6XLsKw==
friRc+9ZWY/FqGvcCwNBV+r74EvmOsIt8bN7nig9/3DiSFQA3iTtyVGeBOXXREwUdyDe0CAcTn3cqLg96uHE0YimahFMHR67bisKBZ/2Xe7geAXBU8Ah72WnSVR1mi1BfRw+RZ27/CPt6F20t6fIog==
friRc+9ZWY/FqGvcCwNBV+r74EvmOsIt8bN7nig9/3DiSFQA3iTtyVGeBOXXREwUfS5FY06/euf0PL+K2mhM/qicgwDNyYXJ+k0euqgKeOxLsQ3c+rhcszomEE2qr73/Wh0bX+TNO0KOB4JB4wl0pA==
friRc+9ZWY/FqGvcCwNBV+r74EvmOsIt8bN7nig9/3C8lwCi9NBytKyjWWRvHvq4G1XLuqW1OCJbHrhtFBq1PN0TsWBNmrLVPB4x6DqZrEI2XnHq3wgUz0KPmAosv3WjDOPWdqVFzVd7+p3JxujwNw==
friRc+9ZWY/FqGvcCwNBV+r74EvmOsIt8bN7nig9/3C8lwCi9NBytKyjWWRvHvq4SYeHTe1PbiBNfBTmtl9n2xxUG0Ptnzs05FWDbjF+wpLgClV9JjpDp7uEgP6ZO5YBAn9WuUlT3KmjsPM3BQ7maQ==
friRc+9ZWY/FqGvcCwNBV+r74EvmOsIt8bN7nig9/3AzYxyYZ5TCqpGGYMrQRihuPtSl4U2C4jcS9lT1tB0tawRw8eiOkbz2Pa90HjGx007td7b/eZI02EfUksVOuZfA2p5vmeCUFxNUIA2ae76b2w==
friRc+9ZWY/FqGvcCwNBV+r74EvmOsIt8bN7nig9/3AzYxyYZ5TCqpGGYMrQRihuj4CTYDSuBGVgO8pQYph2T2XevahhfzCxTZvOsiqROELJ/Xg0dKhTj4CjxaMCG9AAUnrHUeFZfiX11C5vycGiKg==
friRc+9ZWY/FqGvcCwNBV+r74EvmOsIt8bN7nig9/3C8DUy6zQgdtkqgpjJrdhGgH7iETcamFe/hToxRrrGQS7p4j408C8LayqMYmMqIjgKkWkWkla+vwACgd8Pu0bfx9OokdZnc/ubFopKVJE9m1w==
friRc+9ZWY/FqGvcCwNBV+r74EvmOsIt8bN7nig9/3C8DUy6zQgdtkqgpjJrdhGgyhCMZgTrK2/VkxCDJVASCJPRVV3KXKVm9OKHZ1s4scdZ3NJOUB5rgJv/eW7GJPqO0U/jodvc7Flo/a+lGZSHAg==
friRc+9ZWY/FqGvcCwNBV+r74EvmOsIt8bN7nig9/3CrXMUEx5G9sIViH5WzKZ5dQbemf+VWRy3YDeF7ecxB/VyfXXH0tvczBM4WmRLelwgD/oDUxSHGWyXDiaA6paCrgdDuF1WZ3xN+HTsQGRLDxQ==
friRc+9ZWY/FqGvcCwNBV+r74EvmOsIt8bN7nig9/3CrXMUEx5G9sIViH5WzKZ5d9LvGvbk2zrK4MMvwQZB0R/cWG0/YwRDFmCx3OPlQdYVD21XMfRJmRa1h85R0qYicqy7x9hmWAANQTKnsTnDXCA==
friRc+9ZWY/FqGvcCwNBV+r74EvmOsIt8bN7nig9/3B98ce69O8cq5cQdMaDIBQ20g4f2e1RxnNZOdPo0zhM8PzpOxd5Sm6oSiWMcIdzUxs1FJrrPALyRREzP71kBQP+M37/QSBZUFlPNkXfAJeiIw==
friRc+9ZWY/FqGvcCwNBV+r74EvmOsIt8bN7nig9/3B98ce69O8cq5cQdMaDIBQ2vrm5AFwCU33t3hL3MnHZLiLtZlKh/K6f3QuQ5rTA5IMFkfe6Lk6GnzIPYpQgqL0TT+6DwQ0Gf10BlDvibpFZ/A==
friRc+9ZWY/FqGvcCwNBV+r74EvmOsIt8bN7nig9/3C6RA+44uxlku46JyEAuhPG9e+S90E/5D1YNn3xz9PUhQVV57F23+6serwVr7NUUGhuCZAdj+0ewIkEeDHwcttA6EeqWAxQ5xCRkCUkWGoRKg==
friRc+9ZWY/FqGvcCwNBV+r74EvmOsIt8bN7nig9/3C6RA+44uxlku46JyEAuhPGtVpxlZalwb3N9IbynmXWVpoAHqkPO9x0EKMaxgOvwdoU/z+S5i0epUr6exylr5q68IC3qOcJYlzAVze6B7iOZQ==
friRc+9ZWY/FqGvcCwNBV+r74EvmOsIt8bN7nig9/3DXHmSx3Mb6tjnt/rGiMDikIUo5zIUgFfH1SSss1yKfWdP+a66qJggPd7Uhlep7WK2zaP4Gov8RFxi6Ru+5Pg5dzzoimgUMmgPUr18XwkDyow==
friRc+9ZWY/FqGvcCwNBV+r74EvmOsIt8bN7nig9/3DXHmSx3Mb6tjnt/rGiMDikyVhjnHJJa9/+E9x4TMi+POWw9me8a/czTghF6Kmyc0y09YJDgLpSN0kT4YQH6NzPa4IT8+LCTnEDc0fiCb2fHg==
friRc+9ZWY/FqGvcCwNBV+r74EvmOsIt8bN7nig9/3A52o75fLQRT1JegxGygPtvCzNXCNy0wLmTTEggNjzoxu9L5zTsHaCy7cJeos6VPQoFrqLBsArjA9uXdJtMZoJ4slRYAJby5/mrKZNTu4vvvQ==
friRc+9ZWY/FqGvcCwNBV+r74EvmOsIt8bN7nig9/3A52o75fLQRT1JegxGygPtv7EF/vXFCOPBDHvqHqHs0fGl3JzEFIeNeCrz4H5IGKTdxfYHjN2IS6SYw4TyZLV3R/6/vSxhErx8LQCEdjyVATQ==
friRc+9ZWY/FqGvcCwNBV+r74EvmOsIt8bN7nig9/3C0S7Dzq33jxIslsBNdf2zqEIWTG7zHYvp/9Uius2MrphMKuAgK9RHI2BOgP4Q0Vz0WzeIWQ0i10D7N7NRB3inU/SfIlc4NmJlsjH82YaYL9w==
friRc+9ZWY/FqGvcCwNBV+r74EvmOsIt8bN7nig9/3C0S7Dzq33jxIslsBNdf2zq2S3LdoGUp+e1o7O2OVdm1jyQO6LYNUgj4/ipO0eMWfWc16nM7WsVmUb/67JDHPcxZXFBmgfQJm7WCcrlJ4NcNg==
friRc+9ZWY/FqGvcCwNBV+r74EvmOsIt8bN7nig9/3C3y+uA42zOLboiD0CnDmUID3q9M4lAb/4TxCHQE6X13BH49q7fN8Il1nO33LSBS5BVZ2xXNROaSlNWZCMNOHu9AztiSSG1N4hSiGTe//BZIQ==
friRc+9ZWY/FqGvcCwNBV+r74EvmOsIt8bN7nig9/3C3y+uA42zOLboiD0CnDmUIWzMVLGPBSiFLlyOYgavMtTwrET2WN8LS+A86rbOvBY3Rb5lUXLbVCsepe8OZJ22yNYYkITkrOz1iN8/wfwiuNw==
friRc+9ZWY/FqGvcCwNBV+r74EvmOsIt8bN7nig9/3AUVorl7u6IYVJ8iiz/28HPHoTCMHlM8OztnDdf0N9PossBEkmKJJuOe4gN6yI5kw9GgclMKHIJu9dV3npEd9IW55eH2mg9BrTDYyYTX4Afcw==
friRc+9ZWY/FqGvcCwNBV+r74EvmOsIt8bN7nig9/3AUVorl7u6IYVJ8iiz/28HPXCAEFqFirXjS9E5GydZfRsbg3k5SUU+kZTVD6MvcdbaltTOUPO+9cd5u4C74+RO4ObM8nILUET2gfIGIGtPUMw==
friRc+9ZWY/FqGvcCwNBV+r74EvmOsIt8bN7nig9/3CCdVFDqqcXLU/V4BaFHyoaWZ1OJE5KxnIMY00fWghDNF16s1RIZpwK4sc4gxGmuV/wIyQK6l4OO909q+lJoMKbVaFq8Igz41kKYp/2Sk94GA==
friRc+9ZWY/FqGvcCwNBV+r74EvmOsIt8bN7nig9/3CCdVFDqqcXLU/V4BaFHyoayz+1uDKX8EMSrBxRWPJluvFmuZgBzEC8Tu3imHLESE7rLZ0fsP0GMbcqTsoumTTIIF/o5Q7sNqEMMrvPWJhz6w==
friRc+9ZWY/FqGvcCwNBV+r74EvmOsIt8bN7nig9/3CWKwwnime24sBxrxGAV1Lf5OP5Ymv3rY2U7NGtmWg//ePi+FUvzcxWIcctW1pAD372zWajXw0gEU+nrE2uvN78RtzrsUzV8HO/gysxh4eRYw==
friRc+9ZWY/FqGvcCwNBV+r74EvmOsIt8bN7nig9/3CWKwwnime24sBxrxGAV1LfG5JKmwpMBvzV6VTL/aeNQ4P5TRn6gfnPReVSshJYOhlvwerlyGaKQKluNIprwjzf8PkfuYE2iqibEw6f5yQ6yQ==
friRc+9ZWY/FqGvcCwNBV+r74EvmOsIt8bN7nig9/3AI5hnZiZnIOMSLGbgRRPMjUrYNOUHNgtFeeeeIuDnTytvo9z7guXZOOIKzNYxdjsXhmh7iw4pwFKfzZqnui0Mwh2HsQs2yEWeiWY1L+EC1RA==
friRc+9ZWY/FqGvcCwNBV+r74EvmOsIt8bN7nig9/3AI5hnZiZnIOMSLGbgRRPMjG97CFQaAzm8Ym5roUcikijcmUHjuWS6zTz10LeJesHYtUI7pYDEI6pgZurqcFDiWVnAGEgy7BTd12m8mSjR5PA==
friRc+9ZWY/FqGvcCwNBV+r74EvmOsIt8bN7nig9/3DYqnV4DxYw/EUp2yEx+9w8Lin2W4lT846/Wg+pdCp4bi+0tKAHtKapAfWaQfQZBXgKc9HmwrXLD97ynS5mbsPX5OBj/ych8Gg3yMQfq41BYw==
friRc+9ZWY/FqGvcCwNBV+r74EvmOsIt8bN7nig9/3DYqnV4DxYw/EUp2yEx+9w8oviqW6EeYVyhpbeDzxaJQmCpgxzjcOwg0rlP37Z+GgGGEuWya4tt8RA3P8zmqRa1mUkLKFqrcrhOFfFXyMzZlQ==
friRc+9ZWY/FqGvcCwNBV+r74EvmOsIt8bN7nig9/3BDQAO69YC/m8c/rsxzHy5qVhdtE5E4a1qO98n8PsOOgkoQjubi37L3hEk3+AJLs5TeqrkpnDmO3Kg9AHOMixLq5tHqe/y1BOv8OJvLs6WJjA==
friRc+9ZWY/FqGvcCwNBV+r74EvmOsIt8bN7nig9/3BDQAO69YC/m8c/rsxzHy5qIjHVc7WpGpTpuFQ+jKyn6aNMHfg8WHs8b2NCwZkGjUyn0Q1RF5z6bB3IAkVJjHWBDGsVNgfFE2Nw2ei+uXFRRA==
friRc+9ZWY/FqGvcCwNBV+r74EvmOsIt8bN7nig9/3CBPRrKEJInXO2HNlNC8RqaHEmwluYLtgdZjs2mnn0ikm7m9QD8pymzfgg3dWlnrwFZYlPAsBULeHQQNFsSRIenrNzvSCotHFzRDC+9uRx0/Q==
friRc+9ZWY/FqGvcCwNBV+r74EvmOsIt8bN7nig9/3CBPRrKEJInXO2HNlNC8RqaBdsTa4LKkxVvGjb/G1mQhcIdhH0zpqLFVOW9voTINg4DeIcn9G11sm/cXt/b8UOzAi4N3yS7BmdmpiIGKbllFw==
friRc+9ZWY/FqGvcCwNBV+r74EvmOsIt8bN7nig9/3Bol5MNOKNEQTvJJJJjYSM5Gmsx9hz28vWm1AxlTFgUbkdI3VM1w9YCOAxg23WVQBn8eg0H9RpZty+x/WZo2AVcN1JlIx0CE55qX/J6VyV2gg==
friRc+9ZWY/FqGvcCwNBV+r74EvmOsIt8bN7nig9/3Bol5MNOKNEQTvJJJJjYSM5zxVmSvr7cJN9SwCmAZKG2UGDpGGinDyTUyKui2Xm+uvMHFZ4FhGzKwaAXRlQnvWg0G7R7TtP6fJcvw7B3nYorQ==
friRc+9ZWY/FqGvcCwNBV+r74EvmOsIt8bN7nig9/3CG8dmd1oDi+w+qL6dUMVm/qJEA5E8JJGdgpUWsmB+JPxg4BwZ1h3xzRlS/HWhxYCuJuk7JLUPZ5wR8Gup1NXryOiy7CMn9/rl6lTU78DaAPA==
friRc+9ZWY/FqGvcCwNBV+r74EvmOsIt8bN7nig9/3CG8dmd1oDi+w+qL6dUMVm/h3Hd4uneyP/1kcfT3FIHwq61Vor2GOuUupwFq4vpuFKqQ/lg8pudOJTTqEDEBocP/K3/nhzNH6hfo1VVNVEaOw==
friRc+9ZWY/FqGvcCwNBV+r74EvmOsIt8bN7nig9/3DzTLajeF/E5WpISBxjl0pMF2eMbLr35/bTo/KA6h28/DGFZA9z7IQPKgjykA/fnbGVwpnLU69PSA06nxs67IcYzaQxJbXhczBgA04iBRJ5AA==
friRc+9ZWY/FqGvcCwNBV+r74EvmOsIt8bN7nig9/3DzTLajeF/E5WpISBxjl0pM2zy4rzbeenDhs439FxqzSXqQwmsIngMJb+aLAw60zU0IklX6FmgOAwxhC6l6aPILirOuKgNYSFB0BAG3VXFYrQ==
friRc+9ZWY/FqGvcCwNBV+r74EvmOsIt8bN7nig9/3A6K4yDOm6j5r3hkYstUkrRJSBRfCg2pCtXdMVAAI6LHQTTJa0nDymvn0yCWGRTDY06Uen7d2YS5cBwfbWvbtVKE72mQ4n3EHvFGpVEVW+pAA==
friRc+9ZWY/FqGvcCwNBV+r74EvmOsIt8bN7nig9/3A6K4yDOm6j5r3hkYstUkrRBHB0Bfw1sq48eVgZl9a5LwRhhK6vxbs8KUY81cT2a9OPhPdPY3dq9Z+mZLPYLEZ5iYs7IpYWQG+GtKceLqU+dA==
friRc+9ZWY/FqGvcCwNBV+r74EvmOsIt8bN7nig9/3BFpnNgQhO8E/xnF19B9ehec6b5Gsj3mIamMSnOsaGoi6tquC/U4fO+53772gy/bSogtJtaYXjnAiRlZMZEwKJ2YkhE8t4wUnVa6gLmfW6sKw==
friRc+9ZWY/FqGvcCwNBV+r74EvmOsIt8bN7nig9/3BFpnNgQhO8E/xnF19B9eheSB3/9RvNABjO+1sFY53MayuSWfIXOMLJknmia4ROvQ567si8IasGZf9Dcwa8KGkn/C/njBhrHMDDK0ay6guAuQ==
friRc+9ZWY/FqGvcCwNBV+r74EvmOsIt8bN7nig9/3ByrmtLi+6l56KQCmxFQ1DlpoxKS8XiXcofg4z07iQoa2Z4hTUPuKoO+WNSJlzf+brU97aUPL5kDrE3blbNgb8VcxAXexukiQ6dUL7sUmBC1Q==
friRc+9ZWY/FqGvcCwNBV+r74EvmOsIt8bN7nig9/3ByrmtLi+6l56KQCmxFQ1DlrJorqx2W7FLiamDDJxy8JpOIiq7eajisJddeW96gKjqH1tERibXxQ4CuSm4JDOrzhe6es6rQcESAWWiukqUbbg==
friRc+9ZWY/FqGvcCwNBV+r74EvmOsIt8bN7nig9/3CoIIzFEl+sHNW/reWiC8crSwxQiPk1LFySGHkPjdb3Zzb5vl0hxCBnn4uRDmsunvQnrGBp7Q9qioJk/Y4ceyL4jLGRMaseanLjANKlCMbzBg==
friRc+9ZWY/FqGvcCwNBV+r74EvmOsIt8bN7nig9/3CoIIzFEl+sHNW/reWiC8cr7g08Ntdt+tr42Rj4r5XC8d8o7qvOnXAfM0vc9sSQRASH9QLTIDdyMvTwdVgvdz9nPHQVT1efM2N3vGFt871xzA==
friRc+9ZWY/FqGvcCwNBV+r74EvmOsIt8bN7nig9/3AYFf9BGKQCqe2SIw74s/gyuauL3scrZjOMvgIs1kXMUhNGfe/BF/GJpQh9Wb6OMqehwvFADbrLjQ9zPotaVTB8lOmedNdXtOSKBZQ9lOxIBw==
friRc+9ZWY/FqGvcCwNBV+r74EvmOsIt8bN7nig9/3AYFf9BGKQCqe2SIw74s/gyMJiNhiBHDeBMjFUyQJ2sc0UIfPhFbKMOZN7iTYsr3UluFWBHJeAVWen5g+vh7f+8RmltFEwqPE67na2d3UIjVw==
friRc+9ZWY/FqGvcCwNBV+r74EvmOsIt8bN7nig9/3DneofHG2NhSrhl6cM6sUcQlH1yxg2DbUC4owtAMhsrgiE80M4YkocMv35pHcCPGd3AHF740tec076HocjGYmuNclVFLrCrfluuyq91fxJQYw==
friRc+9ZWY/FqGvcCwNBV+r74EvmOsIt8bN7nig9/3DneofHG2NhSrhl6cM6sUcQKamDDRZbtUJhWAAOv2wknKGB8el+p9GmlpRhYwxon6VYyAmRTV7+xOrXxVUGpwKK2gxBu1X/VvsD4sZRf+le5g==
friRc+9ZWY/FqGvcCwNBV+r74EvmOsIt8bN7nig9/3BmLnuYQSTinrNd/TaXRUiHqRBDGm2lMkEfKvNIZZWiX/sYysTe/jTN3xd5kruGx2aM9FySHsJSxpVu/mZeA2a5dFvmIGNjJ1pMEXIvCL4kMg==
friRc+9ZWY/FqGvcCwNBV+r74EvmOsIt8bN7nig9/3BmLnuYQSTinrNd/TaXRUiH4H7cJsqodvv0rs6AinK8s7N9hLBXfyWK9alyrvenTeFvn4nxoXfUh8KELqDzicR1NjSzlKVDXAGo6ZaIT7mEsg==
friRc+9ZWY/FqGvcCwNBV+r74EvmOsIt8bN7nig9/3CHNaHPbC6BkGu7VFifaAShdyWKP0caOpgubKBNpctZXGzTDauoC7LkAICDRM0qGSqDHjKQxsKP30JKW+aeOSsanEHBtFHpnYp8Vzy/f1BPpw==
friRc+9ZWY/FqGvcCwNBV+r74EvmOsIt8bN7nig9/3CHNaHPbC6BkGu7VFifaAShuswzqtVBzWU3Uzzu0uc36FRPeDq14BR2e/QRUHLU6AXGFWXAhoe3+kmY2qJ941OYoIoPD0qCG/7IwchCLXCOzw==
friRc+9ZWY/FqGvcCwNBV+r74EvmOsIt8bN7nig9/3DXee+as+c3ZTTI2peCrYCb6mv0E4DMGVcX0fOXz5/726oPqRz1BJJC/lHROVnh1R+MgA30u4QXT3tcbJqCOjrcONdHeoj4NiubGBcRTnIGfw==
friRc+9ZWY/FqGvcCwNBV+r74EvmOsIt8bN7nig9/3DXee+as+c3ZTTI2peCrYCbE6RuPC3g5W17ddXWMqJR6dmjTl1LgeDKEbsAtccPMvSYYszi1XHe5veGWqk1gmpZfNQk1UvRQiTBwA8CEsMGfQ==
friRc+9ZWY/FqGvcCwNBV+r74EvmOsIt8bN7nig9/3BVjDfTUXHebHnl3R99aO0ZWsMnHgaf2HKOOcLzhIsrLqoNBiUa+k7PG96budUtnX6shbJNxPB2X/HOARRF7goBU1ExYHMl/zy0kWCVzFW9qA==
friRc+9ZWY/FqGvcCwNBV+r74EvmOsIt8bN7nig9/3BVjDfTUXHebHnl3R99aO0ZDIFTYU0o4EIdReqEq4uO6bVF4Ie1lzky+gQLDvUm41LhdB0Skt1CJUSljqwyyCssMQoqk4zDpafYwpgYavRzZw==
friRc+9ZWY/FqGvcCwNBV+r74EvmOsIt8bN7nig9/3Brg8E5Vy7wnTBnZqZhpXqxrYCON3zpomYxtyOAM9GIkraBCzdkoA8JTI52Evd/0VBnilum4f9Sc4dg64MVriOAaZWDR0SY68itR/Yy304fpg==
friRc+9ZWY/FqGvcCwNBV+r74EvmOsIt8bN7nig9/3Brg8E5Vy7wnTBnZqZhpXqxJ/T6/653eUNbeg3hjLUQqjALjhdx8iMZqTpmxEW5uk2zq76bhj8f6Uq2LnVMWTgug2DtLOLOZ3EeCSFQISZ5XQ==
friRc+9ZWY/FqGvcCwNBV+r74EvmOsIt8bN7nig9/3DAt9OF0uUl5rfjwr201llXsDeHnO3Eb2SduD1zawgbtvTvYhVTC1LzxgDn02fSwGdS3gynXyHUwtyJz/9vfQ/ugImV0vYFE1gMtt8d0zupPw==
friRc+9ZWY/FqGvcCwNBV+r74EvmOsIt8bN7nig9/3DAt9OF0uUl5rfjwr201llXcYDfF+DSv355wIw8yB54sMrh7KIr1yMr1j0vYgeXNy3D2GqHeJOshxqnNUto+Lfxix547ZLZLtRuGdnRC9I8uQ==
friRc+9ZWY/FqGvcCwNBV+r74EvmOsIt8bN7nig9/3C7AgLTnlPbhAYAm7KHtGAh9JzjGfJrcAaAUZ8NEFwNAuCM9s3mxE5FlQ0bHoZrwOMZNTYwfO7e3UT4peIzUPd9qY2ynJDFv4RhXjNnEyOg9A==
friRc+9ZWY/FqGvcCwNBV+r74EvmOsIt8bN7nig9/3C7AgLTnlPbhAYAm7KHtGAhr+FuLS5PJ+TbBzAELHbG7n2+5KwFpVXgJmMt0r+VL+ZKWUzIcDXTHqA5TQRp1zUSS3NLuTG8E3ZpLsjUJNLX1A==
friRc+9ZWY/FqGvcCwNBV+r74EvmOsIt8bN7nig9/3Au4xalEmx8qHTXpyYC1bHTLgVSyztI/TSgxK6kALES2hfeqR608Nf853JGnTf5MkBGKO8bJzQ7hyerAuqls7xYHEB9cFj3md24l6grNrwtnw==
friRc+9ZWY/FqGvcCwNBV+r74EvmOsIt8bN7nig9/3Au4xalEmx8qHTXpyYC1bHTK2gDuaC69pI9r1RrUOE8YOMx1Vm6LmAJoCK0i4oRxv6Tghifd8dIu7Ghx/Z9R3ZQ87REtJ3Sq1M6y7d3REhC7A==
friRc+9ZWY/FqGvcCwNBV+r74EvmOsIt8bN7nig9/3CHQGqUTTKEILc4TWYiuFWQCbZx93aVLnXG3AqcVmbPOp9uoGq0NBLPKvnsxt9iG3hQn1gu5J/OP9Xm9X5cS6MiVLRb3/TKUJN+wm4JoH7muw==
friRc+9ZWY/FqGvcCwNBV+r74EvmOsIt8bN7nig9/3CHQGqUTTKEILc4TWYiuFWQqAvnIobNgvkl0p/pUvM13Am9aO2v3/a7J9ooJr3c+1i2upus6qPb2K7dzVfwWHHAo192iKeybsU+pshEVSdz6g==
friRc+9ZWY/FqGvcCwNBV+r74EvmOsIt8bN7nig9/3CLL/JCNB36ENSlylmDZ+5s1uYY8s/ogRPnjQ4vo9Ss+Hf5VuVa7pHCvS5SJnUGKXPkCt02awbJapJugRBSQEYpswHcUBL4r4TOOcx3qgYBlg==
friRc+9ZWY/FqGvcCwNBV+r74EvmOsIt8bN7nig9/3CLL/JCNB36ENSlylmDZ+5sgPOZZgv63B3WqMpVuPiKu62g0CtvJNKehz/SYaW0sGOPNGAnva+5HWhJpJdcTigctALAw70TIDAMl2n2X5zGbQ==
friRc+9ZWY/FqGvcCwNBV+r74EvmOsIt8bN7nig9/3DzlITYDaLJDJPeVMzHnI1lXkbjjKVpls7QX8Mc/3HR0FJUEQGM5oOx33Yn1ubBRx7wsf/iffHC3LC5CCIwzeMH1LOrPEIBb4//nb9y4gxPCw==
friRc+9ZWY/FqGvcCwNBV+r74EvmOsIt8bN7nig9/3DzlITYDaLJDJPeVMzHnI1lxsHV7QpXBahX6xal5Fj6xzhzHcrw4RU4mPzuAZZh3zaCVvjicdImW7GSmvvlbLvEz/qLPqfJrLRLdWpFc2X/PA==
friRc+9ZWY/FqGvcCwNBV+r74EvmOsIt8bN7nig9/3CzLBXh0qLuYfhcK2+tWCh8mifSbXvjABouu99pvvsSL4g3e0m4KPixxJq0KKEqb/0mSveKq4CrAWQL4Vpqd922M7pqEwXsDsK4Mo86Ek26gQ==
friRc+9ZWY/FqGvcCwNBV+r74EvmOsIt8bN7nig9/3CzLBXh0qLuYfhcK2+tWCh8WYCaTxFoc33PBSgml3eKCLIZxaBqu+uskRG1sf/tZB90ShjUBOtNNxOtZRieNljq9E9677Z0PLH3BgCKNqkATQ==
friRc+9ZWY/FqGvcCwNBV+r74EvmOsIt8bN7nig9/3AIMNXNO4cA7n9cHUzv0/zQWQpEIVMgxOVy4Sxz9KH6qZT/ZB2RF8I2WZKn1DDezJVrJYxstIPmgIBEWp6fEZOvxn58hDNpQ2hEWA0QnwsBaQ==
friRc+9ZWY/FqGvcCwNBV+r74EvmOsIt8bN7nig9/3AIMNXNO4cA7n9cHUzv0/zQ9EDxu2QwyVa1jfb3bCQxSB9Ggo1PoMIWeQaxAhklZ8VbXhvXjW7s6WMLanSWVg2S7/ImLryPWi75KdfdoES6UQ==
friRc+9ZWY/FqGvcCwNBV+r74EvmOsIt8bN7nig9/3AIDhaywZQn8ULt10RTX7g0dK0J5pD5GpEKRxkbUkzZUk219YHP/mPZ9N7j5YlLj9VyMl+hv91de2O3eyDQPaGi5y3vNj2OSnHiv6HOViK+9Q==
friRc+9ZWY/FqGvcCwNBV+r74EvmOsIt8bN7nig9/3AIDhaywZQn8ULt10RTX7g0uUFUkLEJGuMt3EwqJfTb2MCzIgGEZx1HQnaRL1v0cHIs/bX0MX5zqUPvq1SrpMslC9OPsCi7LbAk/o9VWXZEdg==
friRc+9ZWY/FqGvcCwNBV+r74EvmOsIt8bN7nig9/3DAZqZnxopf4BQhtPvM0ztlEzy4bH2DGllQ4Z5SLDB4vp0dUzpbY+I3tJim2GRQ5SIOIATsy1UacJ6VC+UYG1UjeuWdbYHmjrM/buvNvk1RMw==
friRc+9ZWY/FqGvcCwNBV+r74EvmOsIt8bN7nig9/3DAZqZnxopf4BQhtPvM0ztlMtUWSmzIfGRgE+oiWqwcdE/YJqnWhi4WAOBlhrkJ1TSgQBTyzK2S/9bINCcETQAaUsLbcF9kot5W5Ku56iiSxg==
friRc+9ZWY/FqGvcCwNBV+r74EvmOsIt8bN7nig9/3BgDmwz5y7akWaMXRin/GzDgA0ZqsuGw649N3k7sulJWsXEDi84vL6OzlAB2VxqAPWcxNdMljEpLnvag8HIOxcuBh1KlxcFtRYfsYe25jE3OQ==
friRc+9ZWY/FqGvcCwNBV+r74EvmOsIt8bN7nig9/3BgDmwz5y7akWaMXRin/GzDy1QB+KExcqQ0Bn/CLJBpmge1r3rYgqM7WA4HD8IW4+MCAMqEXCiYKS5tTCyNCObzxeHDLGklsBd385zEyjfOgQ==
friRc+9ZWY/FqGvcCwNBV+r74EvmOsIt8bN7nig9/3BcVkB8D9whRDC4zIaioHmxGFQGAGHV6xQ77fV/8MkSmW17lpxbKhy9ij62osNjzMT1GkxSLUA48gNFUeGZo4qanm0RbTnQafu+7YQed5ZXAw==
friRc+9ZWY/FqGvcCwNBV+r74EvmOsIt8bN7nig9/3BcVkB8D9whRDC4zIaioHmxYkb3VhMYSOdxIgeFTgARqvqGEHjEX2iv3t6TlSZuWrQbyW2qAdxPDLh9GeIB8+tZlkYYVnstJsI6RhJIy3GCeg==
friRc+9ZWY/FqGvcCwNBV+r74EvmOsIt8bN7nig9/3BtgpWpZfzzQjmTawE+aIQFgumX0RSdfJBxgiTeIwdanWoHzV/lflD8llABiSFVXc4faTk/GzTFDexnXmUa8SnvJr0x7UFe7Q3qxDqoA7NNJw==
friRc+9ZWY/FqGvcCwNBV+r74EvmOsIt8bN7nig9/3BtgpWpZfzzQjmTawE+aIQFeY6q3HUmxIFUCMAPToGEsW3etvgRmAHq78CGwY5AKDz8rTpnTOZ5mhZtPuyLG0HbbLO190GJFfgIere1Ec1wyg==
friRc+9ZWY/FqGvcCwNBV+r74EvmOsIt8bN7nig9/3AR63FtJmdica00s8q+s8n+vJ6MoSQzqwcHxMIhcmgiBiYxIDpzFtapWFRLN4xKcD/sPU2mT6eWv7mDMsJc6PrnlwqYTtWhpqdMw9N13vsk6A==
friRc+9ZWY/FqGvcCwNBV+r74EvmOsIt8bN7nig9/3AR63FtJmdica00s8q+s8n+dZsLKDxg7WnWhTucw7nH3c2C7C5Ts/XT6g+vis95cljifkCiZg0Ai7vm17k6LS7/EiSZCfJOVHz2yqAR4pfYgA==
friRc+9ZWY/FqGvcCwNBV+r74EvmOsIt8bN7nig9/3D/hVacjhUJDLkxUwINFpT00rZMnLAaYNno83YuYr2sYVjrfRgNHR3zEOUNYj+utCmOF4c7LnQNDDW+/UjdykkHrxtj/5mDkl2rAjI5dV+Q4w==
friRc+9ZWY/FqGvcCwNBV+r74EvmOsIt8bN7nig9/3D/hVacjhUJDLkxUwINFpT0AQsf2+J4/Sn5+cv98frASXkDNh6F68Szd7XD5uTmMbFT+fYgOioKEh51br/vi3EarNvd8Kg1rsIovPg+Gt6ubg==
friRc+9ZWY/FqGvcCwNBV+r74EvmOsIt8bN7nig9/3BAJMDp6OZ2JnDeCBel2zq13EdDm2LpvMNwrblv68JqJZP3QETP4RzjSkW+Htus+LKS6sllwnr+LV+SL0FwNMowILsvrne7KpSAmHOaaFMJ+w==
friRc+9ZWY/FqGvcCwNBV+r74EvmOsIt8bN7nig9/3BAJMDp6OZ2JnDeCBel2zq1UttXx+AoDjrSPT4uL34nDaO1FoqrJsaUrI1784sAiGIQkdA5twKkRDLa6Lzq73ElavNB4uzz0SYl2miH72rKJg==
friRc+9ZWY/FqGvcCwNBV+r74EvmOsIt8bN7nig9/3AsRaAYMG+205zWNju8Sl1jXLe2+dOoHzEVTDsiLa00eNl5PkrddE7CiqYgrGdQXWZLREQf55IY2Fj9WBGw6WE1XooIvDh8H/9wFe0AplIlzA==
friRc+9ZWY/FqGvcCwNBV+r74EvmOsIt8bN7nig9/3AsRaAYMG+205zWNju8Sl1jLBJzypPsWsLj9/PBgEVNvuWPlYGcfu0oLhRc/qKxyoej7KAVGuFjzcycQUqHH1bcpJGlIwUPq+jb2RgmkyeZbw==
friRc+9ZWY/FqGvcCwNBV+r74EvmOsIt8bN7nig9/3BIlK6+x2yvDAt0nJ3qzqBnTZe1C6351thEdS0jDZLlJknBgY7q0mfNob9V9B5s2FOTSN6kmwPY/EZZuskq3SB0+ht6smWQ4x9aQQ/RjwBWPg==
friRc+9ZWY/FqGvcCwNBV+r74EvmOsIt8bN7nig9/3BIlK6+x2yvDAt0nJ3qzqBnc834PYFn1bxhGDH5Ve6/bBGqkLKQT1JyRxEIJPCDdhGGojq74LU2s7JA+m9PeiXNgtdKNIIPFEYel8N4Mdg0Gw==
friRc+9ZWY/FqGvcCwNBV+r74EvmOsIt8bN7nig9/3A5Sv0XGfT0jkQRWyyHoTh4qyJpWnglu5Yi5te2ChNvzkDnce/jj8mJ8LvgyzWV+9U8wIDQ7vaZKcvOR1ccZtI51lrL9U1eMhhzioV0T3AIdA==
friRc+9ZWY/FqGvcCwNBV+r74EvmOsIt8bN7nig9/3A5Sv0XGfT0jkQRWyyHoTh4GUmlXEpaPhreQLATciBjRA9DXfScX0it5GaF5JsLdyXoXfSFwS9tih9BDvgRGxCXBctHnzq+mWby+es0KpwQyg==
friRc+9ZWY/FqGvcCwNBV+r74EvmOsIt8bN7nig9/3AVvt9uRZgF2BxAQp9fU304pVMLrRpuSkEHOb6kp9W0JDqcMg+hnYOziVGxkwbDgq7QjI4kuMa1zV/L5wN3oCwqxrSE+ZK17gXcSpVykly5TQ==
friRc+9ZWY/FqGvcCwNBV+r74EvmOsIt8bN7nig9/3AVvt9uRZgF2BxAQp9fU30429WKSJRGXL1sX5OduuKZz2BdV1ICk8jXKywQVnbuMpO8ZyEsQ9iS6XXPKfHvalaioS84dm/Rqb98Y3XLKdqSLg==
friRc+9ZWY/FqGvcCwNBV+r74EvmOsIt8bN7nig9/3BFQ0wiaVVABXU1Ry4VK8YIGrHAE8a5JJL4VGGDKFpNEGh4FpYdDWdWf/gYHi7l/v5i/7Zje92WWmaNigQlRpMV/laFdNmuQvlsxQ4N/Q3TOA==
friRc+9ZWY/FqGvcCwNBV+r74EvmOsIt8bN7nig9/3BFQ0wiaVVABXU1Ry4VK8YIbMKEXCFtUD6CfnrQKynLPSl5DKPp7QbJMIs2lFIes6W9PWuyXXr9aCkucP2b0UtOigLBAkre3amhvuU7155I9g==
friRc+9ZWY/FqGvcCwNBV+r74EvmOsIt8bN7nig9/3C4fo5Kb++LCSlEALG8K60ouaMtZj9ou+ZHafI3LbuDt6yYfD88zjJxr8tUIYYV4ylpZzhlMBT3vBl/8IEIK80lN5vqMJXW+IdPfaHjW85yzw==
friRc+9ZWY/FqGvcCwNBV+r74EvmOsIt8bN7nig9/3C4fo5Kb++LCSlEALG8K60omcG3ROgw57i33NxP1WFI11tHzYU/HU8I8W6+1E0hnxFzcMw51dWcrkZ5pPWNFlvJ7HPGrSLVN4O9zmKZjMBjHw==
friRc+9ZWY/FqGvcCwNBV+r74EvmOsIt8bN7nig9/3AIecz/aA6eGJZNgd4yRxXlSKQKE+hlATESv5iCIGmseA379vkI6prfCKGMAlQHbGCNBBByFnb9DkGDY4SNUMlKPJR3VhrL3cB+GYys8He9yQ==
friRc+9ZWY/FqGvcCwNBV+r74EvmOsIt8bN7nig9/3AIecz/aA6eGJZNgd4yRxXlPvh8ogVziuyqaJSqzLEFUxA+e1H/JtKmO1CkRI32dgD64HO3oI4YDvJUEXqLE3myoQzlpVXrsSJSCHPy3UREoA==
friRc+9ZWY/FqGvcCwNBV+r74EvmOsIt8bN7nig9/3ApTkezwETdZaP/68CP3tRF44+s00p0s6CxGF2FxHe3gl+Gluzqe6I0zp4y/GO4vF4faQuU/n2AKpeCi8pw7VWNpPNIdZp3nnurE/YSarD4kA==
friRc+9ZWY/FqGvcCwNBV+r74EvmOsIt8bN7nig9/3ApTkezwETdZaP/68CP3tRFXmwhC0lkC2QOjCbEj5UZ1l+fD5JeGDhWcnyTRLC5lTwR8hDWuSZnIkqG8dOYlby469QI6y0x6eZMm6L0TTV5Qw==
friRc+9ZWY/FqGvcCwNBV+r74EvmOsIt8bN7nig9/3A8tLnrO1XOuoZJwdMMr2mX0WkFy2tCGkltozZzF1HHoE81E7LX4oK5EKZU4pFQQYSDbETSQeq1LE4Az98k2bW9Z6GV08gZHYmvRqIFwa4xAg==
friRc+9ZWY/FqGvcCwNBV+r74EvmOsIt8bN7nig9/3A8tLnrO1XOuoZJwdMMr2mXsHwsvSXLcxVp/kwZ7P37WS7ozaieELGWy/W+pJCggaCvtGe0d7muSpNxZc5IO005GXA9394CTZsvuxyd5GdSmA==
friRc+9ZWY/FqGvcCwNBV+r74EvmOsIt8bN7nig9/3AP9Yct63hU1P4GeAq+eOtrFG7wXADEYIg9U4i3X+O09aupn2tB3ZD/l7Kl4AYFrmexM11/5qnMOdJzKCOINbVuqJIlP4P3nQQmHxtXaw/GmQ==
friRc+9ZWY/FqGvcCwNBV+r74EvmOsIt8bN7nig9/3AP9Yct63hU1P4GeAq+eOtrKKUiLPx1QtOdaMlm9vXA7WELaEljyLwAHV5BdP1JzpaZoQ2SAeFMw7bUnhhZ3PkN7SWhUp75sA62LoSYhZeazA==
friRc+9ZWY/FqGvcCwNBV+r74EvmOsIt8bN7nig9/3D4Doc7AOzZt/aTPgSTLytg41ZGSj7pX8mYryj5yEWjzDaJuZKAArTIto1IrqUNcxMC/LeiZ1OkEUyVJ/f24Sr6ZwHdlLlLqpuTDhQz+l4k4A==
friRc+9ZWY/FqGvcCwNBV+r74EvmOsIt8bN7nig9/3D4Doc7AOzZt/aTPgSTLytggMlWBb+7MzuWqutMtkJ43f1EPEqubrA+E7kL2qdeyUpV8Kt+Rz3LxAPn26ZrV1UXjbocqSWL6fOZxAfmdrle4A==
friRc+9ZWY/FqGvcCwNBV+r74EvmOsIt8bN7nig9/3B0CEaC0zTwVf0iQZ1eP00vPQCQDDet9eOAbGNgLz0nqKSZMF24rGC+j2ujetl6G0lJn98sA5mCmHPIMjBrs9bdTuJ/TKzI0vQlOgIOW64IBg==
friRc+9ZWY/FqGvcCwNBV+r74EvmOsIt8bN7nig9/3B0CEaC0zTwVf0iQZ1eP00v0ytnCeMfcrRxNj520tNA4E5DnzWHxxGbGcEDQgaIgP52LY4DW2YXyFcTVj6zG9B7z2kV3eiG3qSlTZsRbByIQQ==
friRc+9ZWY/FqGvcCwNBV+r74EvmOsIt8bN7nig9/3D9wZAOi0yD2e+LwbaWM8+0G8GtlY4+imD7BxqSIz9VfkhTPqJAraiumSf/nNFafJjM01I4U1NcZOhPbjqKW7YN51vO203oVHEUcx3se6hFzg==
friRc+9ZWY/FqGvcCwNBV+r74EvmOsIt8bN7nig9/3D9wZAOi0yD2e+LwbaWM8+0FXG60WJXLX8PnrK2kbBrL7joX5pccYQq8hC3++SIzpC/T9XNYNtZ7YeZPzMWFNHsnktbOiyNohV6/nEP2tLU9g==
friRc+9ZWY/FqGvcCwNBV+r74EvmOsIt8bN7nig9/3DwBmqtLquOlCLC65pJp9NCYecc/HogVlW3a0rYdv7Wa8qMns37GKteJG4RYANaqu17L147yY5Bkz+aYNtvHFe1fNLnM2EXOUEOK53m6JhulA==
friRc+9ZWY/FqGvcCwNBV+r74EvmOsIt8bN7nig9/3DwBmqtLquOlCLC65pJp9NCxQ9FTk+msme3MeGNDSZUQjCmxuQ+prWTP+nbQ0gGmwIkeBF2qOj6mWf2T6FeOOYRtuSctzkcqajO6HY4d4Shkg==
friRc+9ZWY/FqGvcCwNBV+r74EvmOsIt8bN7nig9/3ClA17Pq2X4T19rxmikZIa1722IhOX4/NMkcTjHxMYo4Zs6nclDLk7MCpxFMU2nEZ++EtZuWqH+Xer3DnllfDG3KtYU6h4rqiPwxPRL6/V4bA==
friRc+9ZWY/FqGvcCwNBV+r74EvmOsIt8bN7nig9/3ClA17Pq2X4T19rxmikZIa1Fe6CeVxq9oVL+4MQW9j1eEV7VQr50Waanu8JDf3wna3NSg+X/ssilugDhWSw+ERQoFMRKVcPtYSr7ssnP/SSUw==
friRc+9ZWY/FqGvcCwNBV+r74EvmOsIt8bN7nig9/3ATCrZbMv6f2OBMIL4wv07v+YK03GCDxzDJEqzTUqJ5nOxhjE+HD5W5tW4oybaX89KIXib62jhSVFKnMvAvb6ddhEyUn0q0pj5LE6eqrt23tA==
friRc+9ZWY/FqGvcCwNBV+r74EvmOsIt8bN7nig9/3ATCrZbMv6f2OBMIL4wv07vzzHlL/mJP1XLbA2twccAvqa9KUBCqa/8AN+HNBu04BiKxqKLuf9UHOoDO6pb387cfIdZdqxKhXBNMSh8mJ+gCA==
friRc+9ZWY/FqGvcCwNBV+r74EvmOsIt8bN7nig9/3Ay2fC0aF22dMKJPWaD7G1myYq7qa0kCaq4nwHygZhbZ5l5kEK+tFxBqpi7HHtR1/4qYTXj66omzyjIKTx4w2gJAlns7rnyto+nhVN7trIQ4Q==
friRc+9ZWY/FqGvcCwNBV+r74EvmOsIt8bN7nig9/3Ay2fC0aF22dMKJPWaD7G1mJ4Fc1mB6FGnQo81fGv/pj4JQMEPn6ZgUhONnCRMGFXgJgxO/a3eYE+Q8ROLbSidGzjJTbkoGxsA/VWt2tS5y5g==
friRc+9ZWY/FqGvcCwNBV+r74EvmOsIt8bN7nig9/3ACl2Gj4W6dGK68y2OSQqTVtk97twrpxrglSUcoktomRuLCEBY3XRWKG8OW02Am+Ab6GbZ+QQKg28I6b7YJDYJNGc+RCDiMrS/w91BG9/fvEg==
friRc+9ZWY/FqGvcCwNBV+r74EvmOsIt8bN7nig9/3ACl2Gj4W6dGK68y2OSQqTV58rabYM67xfwM44nytd1g6F2lOI/ESVw7FXYHUKkWq4alFSfUGA9EwHZuoBzf++WEWjaRJRlPRoZd22isaNoAw==
friRc+9ZWY/FqGvcCwNBV+r74EvmOsIt8bN7nig9/3DkOR2gfe6rQE3wOag2/rK3BlIpIbAei1ieyrKjQ/ZIKOCMo24USms0MxToaqagyrUKuttQPJok37kYxjYvRuS7IP8HYI6ZyTHX9DdQqy53WA==
friRc+9ZWY/FqGvcCwNBV+r74EvmOsIt8bN7nig9/3DkOR2gfe6rQE3wOag2/rK3/zExl3ovupx66Ou05/d0ieOZmpkwVn7eR/Jj3FF3Qlqil2FHSWVqZtKsSl5LkpIj1jLbMuwgvtniDIukPE9Jdw==
friRc+9ZWY/FqGvcCwNBV+r74EvmOsIt8bN7nig9/3CN5ydtYl5rXtRolmdazYbiVTYz8UDeUhGkiOuxxwIQ+AJq6roWsEa1Ol0tnWg507vDTbgi/+X149APgcZ/Jegw0HjhCgyy4Um4BPDqhMzZjg==
friRc+9ZWY/FqGvcCwNBV+r74EvmOsIt8bN7nig9/3CN5ydtYl5rXtRolmdazYbi62spa8vMbbxs+hczlWjAN4JbueAhGos5FAbmDA7O00at5YNlWKPHe15zvmRAN3ZEDrQtAp/Yrjq/bm1mKXlEJw==
friRc+9ZWY/FqGvcCwNBV+r74EvmOsIt8bN7nig9/3Cj7ew5XAvO1OLdE5UYBcNbWmFipyVhI5I6ULEIsWgDgaVpccpmKXaMElfeWVPxZA+qk4BfsxUNTBGTPhYERleq48khupOWQNcGH7otBF/+4A==
friRc+9ZWY/FqGvcCwNBV+r74EvmOsIt8bN7nig9/3Cj7ew5XAvO1OLdE5UYBcNb5Bw73DTciF5djiBGe9QasO22olXO9U8fsgcbL9AXG4fP5uvS10olXL5zgtgYiW5ipJq5K5Rjj7TFYXm+1shwQw==
friRc+9ZWY/FqGvcCwNBV+r74EvmOsIt8bN7nig9/3AP1cZhzLJB3d+hEPFKv/4BfGTvOls54KlNTKDV2HjCk6VBeoVsbqumxUE+vVfLgCT4Fb31M0enVVigyPJJqrruJ/NpdAfL+Iz6853rrGXV0g==
friRc+9ZWY/FqGvcCwNBV+r74EvmOsIt8bN7nig9/3AP1cZhzLJB3d+hEPFKv/4Ba8MjOWCHjp0268lK58bRodiAQNzqz1gjsHIAscuR/TVESu0/DSQoLyFOHKgCLZpvUgDD9UbFyNfctVI5XgBk6A==
friRc+9ZWY/FqGvcCwNBV+r74EvmOsIt8bN7nig9/3C3nbFqhYZ9r75K0rNTLq7mcOg2u7iHR0aVYdrUpsEtJglnAIc9USdTAL7JoKGfmRYzOpwbDpSXZsHrO1ETdlzhlGTRl7Czkr/pL9ZVhCHdfQ==
friRc+9ZWY/FqGvcCwNBV+r74EvmOsIt8bN7nig9/3C3nbFqhYZ9r75K0rNTLq7meLFW2EndWpwDIY0m2HuKVE72bPyfRL9Ax1qVMYfASrFtLb+hb/axbRFYhHKrZyr5kcYGrLbRlhu8QuEyXhFIFQ==
friRc+9ZWY/FqGvcCwNBV+r74EvmOsIt8bN7nig9/3BOIPhsQSAzeEiVaEKFpDJiSSN6Ld4sehM8odNLnZYD5Bn8u/03/hfyvVk+k9uCIqlvbST5KRHV5mPm470giTKwRZOHpQDKQeMbXXIPDSyshg==
friRc+9ZWY/FqGvcCwNBV+r74EvmOsIt8bN7nig9/3BOIPhsQSAzeEiVaEKFpDJiBAoG4C/WnFpUCl3VyDoTdwhDEigwYYzPIPCJMW8/Ts2ZW1r6TkUuazJF7aA4FMV4eYc+vO1E+N4LQaqSKi8PGw==
friRc+9ZWY/FqGvcCwNBV+r74EvmOsIt8bN7nig9/3AoTSHUOFoZNQpbOWdoXJAf6fXRdTqqPoR1MZuDVyVhBk/eHARiP6mVNgmI6oXQLHEYHKdB5EsGZAkPmyLrZbMvH3HOsYRikIRC6rTP3bPY8g==
friRc+9ZWY/FqGvcCwNBV+r74EvmOsIt8bN7nig9/3AoTSHUOFoZNQpbOWdoXJAfeg6Qn3Fvqzkug3X2YOE2kYqIheDTjItaJpio2nHFFrUkOza21gLQ4A0iQSHyodyfQNdL8fTzlQYDuuoiioXeMg==
