GmcONIA9PFzHw1gpPLLPoqev3ytAH5KO3S/CJpMsylg=
35kyjVfwBJgytCi6KM5Vug==
FNt9orFfFSbPIXNSbXcP2Q==
gE2g7VQeqq0h5MkG44fPUw==
A4ZCFW7RnVRfEnbtNxUDb8VFIQmzxcIFLuiIjRY2q84=
cwgQW1UgxyVfBeSrdwXHsPE1eoSAri+NViVSjTYe4hg=
pYn3RyiaY4vz2unSybTHuw==
mAzeFbkWBGyzJRgEWJSZYQNn44wFaguEUnqkvHVinQw=
NiGef/LGs6v8Em6sqLz1GYGKB0111uCW/TAqgkiW0+w=
2lfNnhNY+w/3xMaMUxJbE0YFT/wvMlSDz8Vrd5FEs18=
friRc+9ZWY/FqGvcCwNBV+r74EvmOsIt8bN7nig9/3AvReWIqp05muJwfwKSxebeTos+A2/F/6fP1YgT4qp3nEZhaIV4aHK9tb+62kO75ZBq6PIDGcgvrqamZ+j+BdQ+j/huYgTyu7QRaWiaOtHq4w==
friRc+9ZWY/FqGvcCwNBV+r74EvmOsIt8bN7nig9/3AvReWIqp05muJwfwKSxebe6N8Qje/pr/zD5yWrAxPApgAd+NX/PJVbkV3NpMCFPDYPcq+ojlCu8KdOuR+5Roo6U6agLHTXYP2u0dl/STJM0A==
friRc+9ZWY/FqGvcCwNBV+r74EvmOsIt8bN7nig9/3AvReWIqp05muJwfwKSxebeRW/9qS8XFgcUDD/MED4p0utKWJfvLfIyrzO4iDey9XGhsOZTIZzVYT1oxh+eqTv/SfU8BhvtIRGQvlM0nzAnXg==
friRc+9ZWY/FqGvcCwNBV+r74EvmOsIt8bN7nig9/3AvReWIqp05muJwfwKSxebeedvijmUq/l20EPnNW++bfNmCS3cz8RUt49JpeIKtRuOhi9CSqGz223T+fNbjfUUQII55LDmNnWqGa/yBmWAGNg==
friRc+9ZWY/FqGvcCwNBV+r74EvmOsIt8bN7nig9/3AvReWIqp05muJwfwKSxebeOgEefE39ZRzQ26YtPDJMdt43rPet6lShjG4UNz7bWPPHlwtlfLWSP0PPmWxQVja7onAm+Ln0nYI4cPvloCxezw==
friRc+9ZWY/FqGvcCwNBV+r74EvmOsIt8bN7nig9/3AvReWIqp05muJwfwKSxeberooD9DYoMhJimhzKCOhxW/Z2ofHcwVVqVXlGV8uv6sab2vJ0mnLcLXtzVuF105/OjMx4+hILJNIc7RykOoO7HA==
friRc+9ZWY/FqGvcCwNBV+r74EvmOsIt8bN7nig9/3AvReWIqp05muJwfwKSxebeYTYHyoE7vy+i/mPOM5XGzfaAtGWPI+IUMzl9umqVdnRxA67EoyVNHfjOJZw7zpLO/grL79MBFDq2bvAsa3qsmg==
friRc+9ZWY/FqGvcCwNBV+r74EvmOsIt8bN7nig9/3AvReWIqp05muJwfwKSxebe/FYPVOoQs9a+lLWVp4xC5PECZzfWwtlxTWPrU6PurTd/avSJIYLEtHJcgHjSC2smL7E1CmMZ1lI/gL59934vVw==
friRc+9ZWY/FqGvcCwNBV+r74EvmOsIt8bN7nig9/3AvReWIqp05muJwfwKSxebes2VhSyJo635VcSn+XLTn912U/AR37TFPjWWIrv0EePyM23Uw3Aw6DOkChVH/kwPGTqdDBaaA7zwpq5hXXlY3FQ==
friRc+9ZWY/FqGvcCwNBV+r74EvmOsIt8bN7nig9/3AvReWIqp05muJwfwKSxebe7i7j0hDogpLU+jUa1XmQquFX3pLMZOoP1q88Ng7LZCBACWc1VBEkAACo39EIUW08F1AVIUQvBqB5MrHLBuksAA==
friRc+9ZWY/FqGvcCwNBV+r74EvmOsIt8bN7nig9/3AvReWIqp05muJwfwKSxebeggExdtaPdA82VenfSaEhefFsO8Lu2OCG7Qz/4SCxAy0MFUe7CwBUYE59DwaUXcVg0kpxn4gaJUivuMJi6cVXQw==
friRc+9ZWY/FqGvcCwNBV+r74EvmOsIt8bN7nig9/3AvReWIqp05muJwfwKSxebe3Mrk9IAaq9HmBwD2t6vIKeLfoeE5nr5ScbbQbTs/IRTcJLQkYI9m8JvkFOJLtyRsdXCq+z7LMV2lzzFZhjbkbw==
friRc+9ZWY/FqGvcCwNBV+r74EvmOsIt8bN7nig9/3AvReWIqp05muJwfwKSxebe3blhz7v10cNyM+yYl4cno7ijN+ATWHLZ/PTUrqvHjwTjOCimi4d1/TOij1ZdMANRqYOWZYDFmsU3KskF9cmcug==
friRc+9ZWY/FqGvcCwNBV+r74EvmOsIt8bN7nig9/3AvReWIqp05muJwfwKSxebeg2gM9pOFODzXhoOgWaHWtlg+ByD1lH8ymawFjLU/W9EpkE+BO5Q76Xpw7SKv92+Xviq7fN7OKYFXxXqp+XKPbw==
friRc+9ZWY/FqGvcCwNBV+r74EvmOsIt8bN7nig9/3AvReWIqp05muJwfwKSxebe/DjiWB5NTDianEaDiknj5Y7Y8iXeznN5WWgVDPbiVLAIB8PTNNvCj+HEOf9ZV6/qa9QsfvjCp7+atjQ5ui6szQ==
friRc+9ZWY/FqGvcCwNBV+r74EvmOsIt8bN7nig9/3AvReWIqp05muJwfwKSxebey5ePaGRG0eRruJ0wTQyt46KXfbBsfRqJYctce+B7yta5TBPMSE22nvW13me4D9KPk6LQe+hUH+fFkSX2MkHvDg==
friRc+9ZWY/FqGvcCwNBV+r74EvmOsIt8bN7nig9/3AvReWIqp05muJwfwKSxebez8UtWmJLlNojiBCEnlZLVzSixxQ5gY9Q09IdBlJ8318D3LUch3tpO44Ya3VHnaCY19Fhf2KWezrcqXr6uhEKSg==
friRc+9ZWY/FqGvcCwNBV+r74EvmOsIt8bN7nig9/3AvReWIqp05muJwfwKSxebemAWTuZjEyNyzMVrXEXYzJE1rHBZ+Cyk4J8aIKw8wzgfSOrtCG4oNETk7/ZOdj35G0+aSRuJAW7YywhH0H8HlYQ==
friRc+9ZWY/FqGvcCwNBV+r74EvmOsIt8bN7nig9/3AvReWIqp05muJwfwKSxebeIGSdlvZ5FnnduUw4ISckjWn1tzBOD/Y3nLk77YkJ0p92DkO7jcmihZ4CxynJgxYd/3b0K3rZ1ZDvQLjdgwcbfA==
friRc+9ZWY/FqGvcCwNBV+r74EvmOsIt8bN7nig9/3AvReWIqp05muJwfwKSxebe9nPyLJOPbTqDNqPFvk+X//vBEk6UeAtIiXxN9Lx7kpDsCITzSzBYwbz2uvPqSa72hzIDsQktzNQ9/HCgTKGnlA==
friRc+9ZWY/FqGvcCwNBV+r74EvmOsIt8bN7nig9/3AvReWIqp05muJwfwKSxebeReQkO/FcZMpsuOww+Znge9sDoRtzuJCEX0RQGpIoDy127hFKseBqQs5m9cP0CHmkppDaIj8fB+geK/HmFtxQrg==
friRc+9ZWY/FqGvcCwNBV+r74EvmOsIt8bN7nig9/3DCjosHMTcKdhyfqJUGV+TjHBAdlNsj6/rddpyNuMXtIeIkfO9MUQWG6gPSzK3+CfDGRQkuHMuxT20uJvBZ3G3S0RpGRwqHM1ZlOKaS6RtpOw==
friRc+9ZWY/FqGvcCwNBV+r74EvmOsIt8bN7nig9/3DCjosHMTcKdhyfqJUGV+TjgPUe1cmmT+r62RRNL5ftSrWAMR9z9tNx8wDEVlNHShcZtGQktWJhB0oDn2GRAPHEWp7d/ooEtdP2JbZzshGfaQ==
friRc+9ZWY/FqGvcCwNBV+r74EvmOsIt8bN7nig9/3DCjosHMTcKdhyfqJUGV+Tj70q1YvVsjhVDGaplSTYs6oTqqO8mZro3cwXsxckStIRWutWD7z/A7q0JrNaOR2coXxWudtY29b7q7CHJTWo0Pw==
friRc+9ZWY/FqGvcCwNBV+r74EvmOsIt8bN7nig9/3DCjosHMTcKdhyfqJUGV+Tj9FyrN6gL+T6pWnK+OkqTKQqeCz09UrY91gViDKz7Ir/LlXKzt30yXbdc1piPc5PyiVmYACjcTz5EEhhrao/Feg==
friRc+9ZWY/FqGvcCwNBV+r74EvmOsIt8bN7nig9/3DCjosHMTcKdhyfqJUGV+TjhK34LQpiSkFI4NEYCUUUhfeo/8dLW9B9moUUJvohShhv9BqANoNJsH4HEeOdDkn/NELjC2bWwRd/6ibpEVtqLA==
friRc+9ZWY/FqGvcCwNBV+r74EvmOsIt8bN7nig9/3DCjosHMTcKdhyfqJUGV+Tjev9bF2bIjhbqs0RMIUTBzVdrqzS0LlGDQW2qOyw8WBB+dUG/spi+yGvKEBoz5CDTV4R1amYFUxCKcAZ3mCrF5A==
friRc+9ZWY/FqGvcCwNBV+r74EvmOsIt8bN7nig9/3DCjosHMTcKdhyfqJUGV+TjjG5hYIKOiNZj4Z26wpWPGZAK9jmZeeQwQI6ddfaSnOmpqPhuDX+suAskAcpyt/OmsZBIMnyqVr4t0O/9/xFa6A==
friRc+9ZWY/FqGvcCwNBV+r74EvmOsIt8bN7nig9/3DCjosHMTcKdhyfqJUGV+TjoN5Izv4Tv3R6tANvgDFgIhCkmYfK2ryPyw9LecG7SuZRSv+D4SWBz5Fq0KovF5jlWIbxUPauTGMEF1hDzF96nQ==
friRc+9ZWY/FqGvcCwNBV+r74EvmOsIt8bN7nig9/3Ap+Lh2BkgwCEZ33F+cwviQqmFu5h1kphnPFwnkjgAEhqqKkYJLflmvIzNaq6tJgtajkD0FQgQN99B/r7o+T4OiBT31oO98ikFSVg3pkjYLqg==
friRc+9ZWY/FqGvcCwNBV+r74EvmOsIt8bN7nig9/3Ap+Lh2BkgwCEZ33F+cwviQAxpfXpYYL8Z50OEf/J28OtU5XbSB/PrJrsSDsLyNaIbN5bXdesCJhviA2zocJmC2LztfAsAZVOneZDFBLAbHqA==
friRc+9ZWY/FqGvcCwNBV+r74EvmOsIt8bN7nig9/3C2u4yZNpkfyE2k1OjsQmyteZrJyWXrJzn4OIZIiXMVMtxqyOQ6k7gcZEFQrAoaRb0KIbfKRk08LCYPCfa5l4sQrG0E6qZf+8y+rwWAG/xMXw==
friRc+9ZWY/FqGvcCwNBV+r74EvmOsIt8bN7nig9/3C2u4yZNpkfyE2k1OjsQmytsmdiFYUTliszashd9Bvx91scTKrzbI5+V/lPHHjbvNDpAL1qZxpXdDsWv/9Kk0zJwZbS5Bwl9Sbf+22ENx2vHg==
friRc+9ZWY/FqGvcCwNBV+r74EvmOsIt8bN7nig9/3CRlyt6HK7r+sM+W9+GPAN9jxaDSvjcMXuxV6VGYwh7ye6457CBy9YwiCulModxHoXaj8cIIxIAerd5FCBel3mlakPnxWhPp87LrMxcRLLicw==
friRc+9ZWY/FqGvcCwNBV+r74EvmOsIt8bN7nig9/3CRlyt6HK7r+sM+W9+GPAN9NLgB5JMWxX+6JygLK5bikgbS8Xh6nxgMMWG9jHkJD+fDF7oid9ZRv5Ju7/WFVytjBTpU8qTJkaRpoUUaEmDHbg==
friRc+9ZWY/FqGvcCwNBV+r74EvmOsIt8bN7nig9/3C0uaUJ4PG25J1WjbWgu7UsZhH3aZRYZVfRBVVrU7QEmN0mTdKqtDb6BtWZ1+BmDpbD9UIyWKvPj4SBdNZZ1OhbmoV+jZZICODJi1zxmP9ejQ==
friRc+9ZWY/FqGvcCwNBV+r74EvmOsIt8bN7nig9/3C0uaUJ4PG25J1WjbWgu7Useghlu6yNTv/JFX+2KiuV0Wk5VIdTHSxwXT8r9boeOBoX8IMlDfHnfckUY1upO9sSf/hmokBsuQpBiKBv551csg==
friRc+9ZWY/FqGvcCwNBV+r74EvmOsIt8bN7nig9/3DwcITyb69kWji/TbMbjd8KnINPxBObHSfLPtv7cWm+nUWq87RJ9gAXTURlynw/w0ncsYTPwoHqs8BqLshUUDONpc8ynU1bFQoZfWWbyqoDpw==
friRc+9ZWY/FqGvcCwNBV+r74EvmOsIt8bN7nig9/3DwcITyb69kWji/TbMbjd8KO0al7fEXyo1EyrAGQ0C5PAJwn3+9eNMntRfNaEMftJVe6ZQMeH6q7dHuAfqZtejPwLC2RIQVStF3hUaR59ngfA==
friRc+9ZWY/FqGvcCwNBV+r74EvmOsIt8bN7nig9/3BJviA0bitfeAfrUtWs/c/86p/YeflO3P40fZbj04DzAl5JyZ/L+b5DE8TphDs8i3VTuXlmCPrQzfyRvgrUhx4a8vJ1/xxhOIlEWG21NI2lhg==
friRc+9ZWY/FqGvcCwNBV+r74EvmOsIt8bN7nig9/3BJviA0bitfeAfrUtWs/c/8D4z8ANGmB3wU81TdZEnXOEO/2M/6KNt24JoOPZZNQGYQ9kHiZfuGVia1s0QWlsUS5h6dQEyJoOa2h8sgtHO7Ag==
friRc+9ZWY/FqGvcCwNBV+r74EvmOsIt8bN7nig9/3Db27Cvo4KFFDkZvCNHTgJRCTReYkPKBklY4Z/wXuQ6DFkINlGmCNHFzlu5w6SHYckIOYmng5i+mbCH71hiVsucBDD4DCuw1E9k0E9Cr9Kzlg==
friRc+9ZWY/FqGvcCwNBV+r74EvmOsIt8bN7nig9/3Db27Cvo4KFFDkZvCNHTgJR4IVsFmfnjmp8/1+5NxTIh5i52/POVBcdxatg0NnqjAxeasa0tQDba9LIr3+rE2LktlVkRJxh9u2P5E/fcniVOg==
friRc+9ZWY/FqGvcCwNBV+r74EvmOsIt8bN7nig9/3Aawfo1Q1u4RTVLFSoK/nfa5fVn04HzF9g6PcQkUIuT2dT75bt5/OntEqp60/1y3GqMkODwL2BYR9BNa1qEHvGqqkZGwE7YJKxY/tDozsthGA==
friRc+9ZWY/FqGvcCwNBV+r74EvmOsIt8bN7nig9/3Aawfo1Q1u4RTVLFSoK/nfad36aiKobUe0bS5pRBpyt49ExiD+z9EG04u8y5eczSkWUkldDqqT3yCpNw9R6E6ANcZ01cbusBydD4wdVn3mF3A==
friRc+9ZWY/FqGvcCwNBV+r74EvmOsIt8bN7nig9/3BVhbDJHRUM9zNpsJSzFdIOtY9tD4cO1Y16h9HENizmkdEnbnxzID8kGEmVWafrZRvI8t2o940m8V/ZZ+osYDooCA/j1VjXofBsbivQH8xKlg==
friRc+9ZWY/FqGvcCwNBV+r74EvmOsIt8bN7nig9/3BVhbDJHRUM9zNpsJSzFdIOqdhiPBRgfaDgANimI1j2nj47HQ3Ce47S+4Yrvh2Qm5TLCU15xd0IYRtVYGsul90ZRKUolWle6RSNjleu/5xoTg==
friRc+9ZWY/FqGvcCwNBV+r74EvmOsIt8bN7nig9/3Di+QqwZObW3SFaoQM6jPixHce+NrPaP69X9LaObDgkw0t+DXHg8WjuTvavVq8Klu/TfDFLE4GKyDKfIdUaiCzzxmL1yQ6BpdgKJdftlK+xOA==
friRc+9ZWY/FqGvcCwNBV+r74EvmOsIt8bN7nig9/3Di+QqwZObW3SFaoQM6jPix9fkbnySb1MUo6wDRwxdGeTziPe2zIhmmD3nhTiqJR5sKxMCr2//RMXQ3C75YWPrxmkNE8h4NNLhmaIdnWjAzEQ==
friRc+9ZWY/FqGvcCwNBV+r74EvmOsIt8bN7nig9/3A0y51LWRzZQarQtCobHuoCdiBTBmLRgBNfTzZJ3K9OICQqTEaX5YK29we6s6Hp1lHRN5u1Zf5KgLbyA9j6ySSfdSToyLar0Qm1x5KT3KiEyw==
friRc+9ZWY/FqGvcCwNBV+r74EvmOsIt8bN7nig9/3A0y51LWRzZQarQtCobHuoCNQ/JymuAnyuwJ1sfo05u/NDYQNjNjnQt+P3Vz6BcJ99aoFmDxEr0B4K2KpGhs+9KH9NRjTdrkCoOGNJJkghmVg==
friRc+9ZWY/FqGvcCwNBV+r74EvmOsIt8bN7nig9/3Ds1V3gsQUCKDhl+FIKkb/81rNSnpJzVV2+uzNUDOaFeerxQftLnHkYyO/ss8RiaU+ATmdZ7xQ4Sr6BFAoMET6R0lx/AfWPY8IFYF/VXExlvg==
friRc+9ZWY/FqGvcCwNBV+r74EvmOsIt8bN7nig9/3Ds1V3gsQUCKDhl+FIKkb/8mxkWuecsUCvIIQwivH1YwkhCaPv5kJBbTVipj58A5LkCgJyV1FsHMApEu3kCeg+7hD4bLkuDAn1KgsD/T54ISg==
friRc+9ZWY/FqGvcCwNBV+r74EvmOsIt8bN7nig9/3A6cYkpkL/vDOEnasjjfl6PEJ+JxjrW3M8UZ5MX8i9rY56jmkbyh0TeqWgrKWgKvLLRfYLAy+Z5QG40v0aldEYDNFn0qYYZjcwAYPuHz5fNpA==
friRc+9ZWY/FqGvcCwNBV+r74EvmOsIt8bN7nig9/3A6cYkpkL/vDOEnasjjfl6PcYY4eEAbf1+updqddSBPWtgTggKKuci+IzZRiskN5O9gKfojqObmKFZAMQsSdQtiKmhWSux/WF9alzsQmD9mqQ==
friRc+9ZWY/FqGvcCwNBV+r74EvmOsIt8bN7nig9/3CGnkC+oFR7DGgLHT+c56mg7uz/V4gUZIBemeq9Jx0c/if6meksHORjkn7WIX000iYTq0kaJ1dIoQ4ptj1oSt+rjvzf471SKy4UJNFSG7gBGQ==
friRc+9ZWY/FqGvcCwNBV+r74EvmOsIt8bN7nig9/3CGnkC+oFR7DGgLHT+c56mgBWIuASDl+CVU6VI0t9NPxWqyx5UlQL4OMpUtSw8SmiGvN5yxFAvdVcrS+x7DQ1AtjOTe3yWGH2CTRiC64dZ13A==
friRc+9ZWY/FqGvcCwNBV+r74EvmOsIt8bN7nig9/3CoLB3E1QsXQTV1sXlOP/trVVQ4ZaoBceJhFVoRlzpR4HyZ6eX1TBLyASeQJK63Y8gkYwYN/1PBst3jubAMTW6iXRg47vwH251S6GbQhor+xA==
friRc+9ZWY/FqGvcCwNBV+r74EvmOsIt8bN7nig9/3CoLB3E1QsXQTV1sXlOP/tr2n1gzdmkL4/1O2FLevXMKpzjECJU3oYD6E0YTQX13NHJpunQQl4A7UXjbxawd0PZ1PMWwKLEAj5G8Yq/b5dgig==
friRc+9ZWY/FqGvcCwNBV+r74EvmOsIt8bN7nig9/3BZiuFurBxAO/TH41SgxxIXn0NauIcZBlDT5hjuMhXsdidCDmbXhwgHuwKc/WlqWfb51NEMSp3YP+7k8o6O53ZbnD/uskj5B5iRurdRhdJErg==
friRc+9ZWY/FqGvcCwNBV+r74EvmOsIt8bN7nig9/3BZiuFurBxAO/TH41SgxxIX5LdAREZ1vd5E5jU9djrPyZmZRoL/Ls/eyDE42Ka2zQ0B2D7NQsv/e6dwtyIh3pE+4vfIww78s8/5kIARC6+ydQ==
friRc+9ZWY/FqGvcCwNBV+r74EvmOsIt8bN7nig9/3AfWI5ECZ3HaqIJDEO4i805CHAGQp2yqiPq+6FDrptJHhh5ygMWIZwAYG7g8bvXMUCJco75sGuxP+G5EysDRqQdxOICJmvpC104AgIhk9YLtQ==
friRc+9ZWY/FqGvcCwNBV+r74EvmOsIt8bN7nig9/3AfWI5ECZ3HaqIJDEO4i805laDJAVBflwXdA+sGhQlO6TDE+Hm6buz0BO5cannuqBEW2m6NeKO0qcCNSNmOC5m5y9XE71HAqQ6va1g4H9uYsw==
friRc+9ZWY/FqGvcCwNBV+r74EvmOsIt8bN7nig9/3B43GAD93QCj8PddBhMV7F5BLxyTeaZxDzPLRduwM+UcMIblpLxb3ANm8FCzT+r0RGzJspjyiVG+xJF4PZx9p7LIBhl2hlGXtOb+MCrzmcx5w==
friRc+9ZWY/FqGvcCwNBV+r74EvmOsIt8bN7nig9/3B43GAD93QCj8PddBhMV7F5zGgqwfFQ07IrJKwq4z5aX4+EmRhCKl5pl/Cps3N3mjJB6V95KpRgUElaGxaoZxLoIunBEplQA4M/sHavsAckOg==
friRc+9ZWY/FqGvcCwNBV+r74EvmOsIt8bN7nig9/3B43GAD93QCj8PddBhMV7F51LdIvV2UbsHAMAbgAB979SgQd7shB4ERgVHnVxDGT8hnux9XQHiJaTvYcKvbTxeLNzGU6pj0vYe+PRaSlgAmhg==
friRc+9ZWY/FqGvcCwNBV+r74EvmOsIt8bN7nig9/3B43GAD93QCj8PddBhMV7F5ZaxJzJ8ofOT3Ak/08a7huNrY8nvtVG5HeOdjIJSz/JeEUUCEiasHtodMWiANq/sQ1zyGW6t4IN8ziIyOkLPhbA==
friRc+9ZWY/FqGvcCwNBV+r74EvmOsIt8bN7nig9/3AeK4/m4v0DaB4nHasH4+gN7E5dIZ1WcIEKHFe6uzGszRYrhC0TsSV5yHNos5Yu83IbBJcow8RiFD/mQBg//eHzobHNoNH7VfjJByVMOXB41A==
friRc+9ZWY/FqGvcCwNBV+r74EvmOsIt8bN7nig9/3AeK4/m4v0DaB4nHasH4+gNdwA6f+AyuS0zzuF355befIpG0HLwM0NYXmGId6fIQSK2akkgekESwWbD7zJM02/yg6eIhfqUkVJ+l4kr0wbUfA==
friRc+9ZWY/FqGvcCwNBV+r74EvmOsIt8bN7nig9/3D9dZPY+HKcOQRcbkKq9dP904LFOTkUIWSyt/vmWcLko5tlSMyDAGK8iF7fpZYnBlGJ2IJm7SXVhZhCYhTSEz7t6NzVyalmuCPulstduQiKUw==
friRc+9ZWY/FqGvcCwNBV+r74EvmOsIt8bN7nig9/3D9dZPY+HKcOQRcbkKq9dP96qAInhdbniTDtVNYEUS5nx0NkCAJJ72oYHbSpg8MhzwYKiADWHsD7BP4pTeMgdVVMayECLWloYvFcGRbl3bqMg==
