GmcONIA9PFzHw1gpPLLPoqev3ytAH5KO3S/CJpMsylg=
35kyjVfwBJgytCi6KM5Vug==
FNt9orFfFSbPIXNSbXcP2Q==
gE2g7VQeqq0h5MkG44fPUw==
A4ZCFW7RnVRfEnbtNxUDb8VFIQmzxcIFLuiIjRY2q84=
cwgQW1UgxyVfBeSrdwXHsPE1eoSAri+NViVSjTYe4hg=
pYn3RyiaY4vz2unSybTHuw==
mAzeFbkWBGyzJRgEWJSZYQNn44wFaguEUnqkvHVinQw=
NiGef/LGs6v8Em6sqLz1GYGKB0111uCW/TAqgkiW0+w=
2lfNnhNY+w/3xMaMUxJbE0YFT/wvMlSDz8Vrd5FEs18=
QfCT3GiIKB2b6xQzDXZ+/fYwLhost5cMhsq5YwPgEM0XD+M6Kd5B0aFwaJYZL9Qd5cRPtHqrEauEf6iJGSYq8TqE/5anz0fd65dLyll0IewSYeWfLAN7gmR6HPc29F1hBakWfmu+J+MuIgEnSCU5Gg==
QfCT3GiIKB2b6xQzDXZ+/UYfMnHN+wSmNKNKtissPDj+gtQX5mWdzHtM9U7y+8qW78rin6KAL9QCw20WbzzPt3F1/RBPpaqziGKaiFxIYdJ8sWFVgKzAGrujyMsdtTFNLGK3+Qpe7e5mwPp1Gn30Kw==
QfCT3GiIKB2b6xQzDXZ+/ZYDyyh4hVUUQ7OpI7WqXdHBonuRYfN80erUewdmwBa22rNxq0FqA03jHJG73T7Zr43Ydr7HnwNv2iO56NMqbo/smFUhO9Vz8zBAbKsCdiFV+dAFlCHd3ZAb+gkAF28FFg==
QfCT3GiIKB2b6xQzDXZ+/Uo9AJltkICzYu/Lut4D7qlqx96FNjxyub36cPMB4Av7bLgZeNeiAxJiFSCwsyk0QWOHu+14OqGoj72DQo61iE4=
QfCT3GiIKB2b6xQzDXZ+/TpPFuhUkbm91NOSI6IZFu9R7H/x2np3hRzEoOOlxHC1lYOGa0otxKYzgGWT2pRIKoG3AcKasLlgFRJzVoHIrRG1T0tW6csib9fofmurpbQ9
QfCT3GiIKB2b6xQzDXZ+/coXhcwGyMQTjG7BrjV3DWJMpqXeVtDZk68+CUjX1eRX71REyaFBKFMai+9J0bJT2utvR3ZoLEC87kV5df26V0SlMcu/iEMmZbqCNg6hzKXn/PFm2/a+8lJezPaNaD+Vhw==
QfCT3GiIKB2b6xQzDXZ+/Q3/9ZHJTZ3CRrhIt/jfcaMaBkyPUUHwnNv5PLNecld+ToxkbRvedbQj+6xpimkedtLEeL5ZdVNWv68aG/W+0z2iy6vZAlde69i89tEgItJBpqi7gRSkK8JwHYa/RLsUeg==
QfCT3GiIKB2b6xQzDXZ+/UJy7uczlQlkeW+X5d8WPHJPWdxLHmZFAnGtc1edtxmabralViwO/gsI7gwtFp2nkZOUaQNBsotV6k8nHkmxdh9RAtc+DOzplv+pZAQKVecCOdBt7tVWHlPDBYYpLR0z2A==
QfCT3GiIKB2b6xQzDXZ+/Ulp5/Z04zj3JYgPCqMt4cKG6gQikQFkAw4hToOL9LoNxnujtVFkYE+xyiu0mh//3E0njr0iYtLqsOfKK7zg9sXTaYUYmmUk58TNK+R1raHkRql1FpXKTtGu7ni4QJlPHg==
QfCT3GiIKB2b6xQzDXZ+/SlxD0hM6uc0q3EDBC2otJvxIeAPy3pAlC4ZveEGc+8vXXrryxDxdy9+iplAwSRxgJJY5/UZgO1fGqPSTxCYjd0=
QfCT3GiIKB2b6xQzDXZ+/X7Of6/aKWLQnobDCSWWycAcZI+BNAVnp9STph9eyaL3QCKnAnOuiCp7CVXCHqcZB6k50a59lNNBWgZSbLO+icg4q2dE7oCYNtWgWifW3yOq
QfCT3GiIKB2b6xQzDXZ+/RPE1dFXFb6GCwVIJKKNjNJUWVfIS9B6Rnbw4I+NRsypUIQ3BQ8DSeoYQWOiqFxvZeeLH5732aLG7ABMBDHx53e+RgdSfYw6y297ihypFjqMNNWooN94V0m/tDy9zlLgBQ==
QfCT3GiIKB2b6xQzDXZ+/Wpf2+rs2YGBADt2QlEfwsaCjgHeKOF+VvvrLhTAV9mgS7LDY7G49K+JNl/Od8iZncgaIPNVTywE1xkFZslvyW0k3w+Mr84Ovf3ms5RRLhtsBrFb1jDEauVnfNSaDCkg1A==
QfCT3GiIKB2b6xQzDXZ+/ZuSgjrw5Z8aVFXclIjwAiwv2mAJ++qHwf1FIMKV7rsjHJOeklEO5QmxKFxdDVrRBBd3J5BaKA7gV+9sXN2AhdQpreuamteZCRf8BEfUSMnhI/KXnrBcj4VkvpQ3ZeTYjA==
QfCT3GiIKB2b6xQzDXZ+/WUosyjEG5SJiEdzVWIOMI9rE0P2jeX8crAQ1bYrql+RaV1aol9Dtt3x0RasWv3YBKX5frJvl5yMhWfPslOjvg6o11IbGD/iQ0RfNXO+7ITQ3fDZLDqWIiREYpATha+8Vw==
QfCT3GiIKB2b6xQzDXZ+/dq7MateViWdOpr+PX+baRDBt31rnYcrSsSahqCMEgHh9V8lFjj9E2He32Cn1jCXrfstrJMfC4JqBqvuu1qlgLM=
QfCT3GiIKB2b6xQzDXZ+/Zd0feJyy5X2f/dWXKkXS1wch39rKIxMbxbzhKU725vs3cIxHt95N9GMJC4EZOBU8SKgcKynZ+R1wwns9YXoI7gsWG3vONuouvxKAtqNNUxt
