GmcONIA9PFzHw1gpPLLPoqev3ytAH5KO3S/CJpMsylg=
35kyjVfwBJgytCi6KM5Vug==
FNt9orFfFSbPIXNSbXcP2Q==
gE2g7VQeqq0h5MkG44fPUw==
A4ZCFW7RnVRfEnbtNxUDb8VFIQmzxcIFLuiIjRY2q84=
cwgQW1UgxyVfBeSrdwXHsPE1eoSAri+NViVSjTYe4hg=
pYn3RyiaY4vz2unSybTHuw==
mAzeFbkWBGyzJRgEWJSZYQNn44wFaguEUnqkvHVinQw=
NiGef/LGs6v8Em6sqLz1GYGKB0111uCW/TAqgkiW0+w=
2lfNnhNY+w/3xMaMUxJbE0YFT/wvMlSDz8Vrd5FEs18=
QfCT3GiIKB2b6xQzDXZ+/RSp/VtmYEmsDq7j1tNCgj2nmgtswUP+Ev55/exENtbU86U03kMkbRt2DYs8ymppAe0BGWsLQ0z58qhvroNikoaEk6VvMph2MJicaZAwhgsCcHL+NdAMFnB96FVt94+UUg==
QfCT3GiIKB2b6xQzDXZ+/ZdMAW6GgJH5qa98ODAbh6Lg0bz5WFf2fbuuWcwpOnmuanBfZMOEIwcV2zboRZgAYUnRyqVbXpLaShTgTrlgf95ArB6L/JPJYhMw7ZsS+0SbY35EaNBzHpNtRHqBfEj4FA==
QfCT3GiIKB2b6xQzDXZ+/deitv2t8z7TmXouEYmz4DNm58bHrxQhJNp0HXPrzKr6t9jzDfiFbZgGh4RIyMI9lCXKJLm3j7I8yi9zCTTsXrA=
QfCT3GiIKB2b6xQzDXZ+/deitv2t8z7TmXouEYmz4DOwbs2EJDM9y4haa3aVkJHpNIrpUciRjlMy3yUC5lW30N8Vb4qyGVv9nwtEBLVCidGqO/lLFanmva+1H1pPq47x
QfCT3GiIKB2b6xQzDXZ+/UoSXeLS0IMV2QBZrlPsyk1gpjX09L8NE7ooeNz9au9sbFpgbht6C1d2ExkFCodErLcrHmwfmXyDUKTUMbKNm9WjRvrIUTEFLxdh48iSDtRkJl1wvq8bQcRFk0SkVOx2vg==
QfCT3GiIKB2b6xQzDXZ+/Uqm3YhXoVUIcX9FYmaUi0hMOfgEto3mSRm9Oi/aj99jPgU4/1TkZgtUkssoAvxIjD28LJnTQh7mM/c81SvxgMTLZJACxKrCIL4e7GcW27liTrv7VS+9Cf6Y8GGByNuImA==
QfCT3GiIKB2b6xQzDXZ+/UFBbsF8bWDrSrxvITGH23TywsASu2bbSFhiSb7UNOgzXcmYUfxHI/Y5z/PGP+fytMR3+jVt/m2DUIlndTXgv/w=
QfCT3GiIKB2b6xQzDXZ+/eAynMlLsiMDI64UvKmiqphkkJIGDxgYIy0VGCzP2eWqVgjdR6mDttBLs/EetsXZZfeG0aDwkh6xnG5NZ7lWbBxUrbOOkcVpRH1jj4QAkV0O
QfCT3GiIKB2b6xQzDXZ+/VBYeBvFEmkeICmnoqd4b800IAmMz6ImUJpiT7sVBEbRIfVfkobAZdso13qr506gR9iobNyEqcYxXMo8cnld5DjL/amUBWD5xcmXEWj6EUcrz+IVuISWmQkQEY3qJgMQnw==
QfCT3GiIKB2b6xQzDXZ+/YY9C6pdfEkJNlTliUAVJi66vrPfW63i6J78u5sKaKMXWdxpaYFC5ZEvCRnEhgWhzxsUSDmQep+24nUqlMaNlQ8u6rLOcUb2BA1CxHJqk6wv4cqImODqieBedGhjWCisJg==
QfCT3GiIKB2b6xQzDXZ+/apYQ1CBczp+ExmeBxuUs2fGnYC+Gw6FE+iMxn4nlFTYMYBM3/Z+qChidB/IVr8JK1BPrOxKcCt31FqfbQe2iN2fhGRJxmQPCccqq05QXrVAJArL/O9+C9QXloENFpFCYA==
QfCT3GiIKB2b6xQzDXZ+/aqNuuZQpydwuy94xgMreWFQRsF9+OEj+HKdVE6Y9nWjehqxjr5U3HgAfviyCvcCHkHOL4iCj9tRt5tisN3Yp5I=
QfCT3GiIKB2b6xQzDXZ+/RsXyTkYKC/L0RtDjk+6TwKSmeR4ymwigsJumMbq0fvQmM9wxW45crQ/IV5ge0XlEv7HIG+rROVbuYcqm/x31lFNeGt/3yXxlEXMoN/Go1nk
QfCT3GiIKB2b6xQzDXZ+/bXisfGmn62O7YYpfa5ZoClo5G3DMyLfO7SNZC0/R0FDPhQjjG3FwKF1+wwsTKhWmfsoVY1kijVCEQOX9Inio+AuLDJF0K0tijfTFC80zl4o6fm5YgDjf2rzSbkQAv84Uw==
QfCT3GiIKB2b6xQzDXZ+/amAjCz8wCbVSg/21j1YyRgYnbn4JDd2TK/kLrxvfygSSdBWlXlCPp1ejHRfEhpfkBHLwnEB8KDXjU/7XL0OpImBDDLUzB2J7n1eAkTVoiRbdR268MvT2yWNQvKGBpD6EA==
QfCT3GiIKB2b6xQzDXZ+/S75H/SRl8uITlEUgej4rWtw5+RNGtZNtCXyCHnmw1ibkpHYfDyHlCl1lwNVBRxSJCRkAasoLGihJoOYq8qeENg=
QfCT3GiIKB2b6xQzDXZ+/QJYUxfOacNC90i8WImwQOG+oL4BDUbxDf8U8Fc7JUfNPhy+DWoC6gSEd8gbfRNNrHGQnPYikpkMbuyVOix95iTpaarc0arY8gFvccoXTJFi
