GmcONIA9PFzHw1gpPLLPoqev3ytAH5KO3S/CJpMsylg=
35kyjVfwBJgytCi6KM5Vug==
FNt9orFfFSbPIXNSbXcP2Q==
gE2g7VQeqq0h5MkG44fPUw==
A4ZCFW7RnVRfEnbtNxUDb8VFIQmzxcIFLuiIjRY2q84=
cwgQW1UgxyVfBeSrdwXHsPE1eoSAri+NViVSjTYe4hg=
pYn3RyiaY4vz2unSybTHuw==
mAzeFbkWBGyzJRgEWJSZYQNn44wFaguEUnqkvHVinQw=
NiGef/LGs6v8Em6sqLz1GYGKB0111uCW/TAqgkiW0+w=
2lfNnhNY+w/3xMaMUxJbE0YFT/wvMlSDz8Vrd5FEs18=
QfCT3GiIKB2b6xQzDXZ+/fh34IW3IyYUDH+K7lteVRYDQNLt/YNC4mlcEPDEBLCRkUub3501Dp4BnR2/ZuR0ZimIcfATev58Q5SSYuA/zv/RvroizBTx+jIqL9C0cONeFBx4ZUInLkKmG3b7+uVx4Q==
QfCT3GiIKB2b6xQzDXZ+/b2nkpNAViZaKTlnqjgj/iCjp5G1Nn1dVypitwBE9fGcz/LAwi3oxWd2DtLvsMrt/m2uNFTvmU0q37OnirmiMsVGftniLiifK/TDGheQyK+/SzHqiazap7/YKOjN0iZ4sw==
QfCT3GiIKB2b6xQzDXZ+/Qg/dGEqTprrzg0hf1Na3R1vp8WzaNx7cdZ/1uwKfHS7HoA7bnfb9B1e8GoP5N5cEtx+W1vx2OZMRlFmIMLZbW7xvtmoPwEKlN/WiAJQgpVnArdwdTvFkM+GkRctdvxWFA==
QfCT3GiIKB2b6xQzDXZ+/VLzjEcsEbZKGP5p7rqOT5zkT/GacNXGJFtnAkd0QibtgYz4Iy9Z1DhqIArE04BSXiyB8lFm96v6vo70qe89GhQ=
QfCT3GiIKB2b6xQzDXZ+/YIUujvcvNr4kFfJ516ZBwavDiB3ggG1syJwKnPhwnKPUg4JG8Y7uNunOHHY4GcoV8GCWX4Y6LpsNRHw/fxAhjcVcFVrByMFV5orUS3x7iZb
QfCT3GiIKB2b6xQzDXZ+/T1ukFl0PCkyGiBXy6kOcDq+OzfEVQq0kV8vIwQDnrykPA5kyInTbVSLV+XvB3cf8NqijWVnExCvwtbFZ0owDWkjfkjcXJjIdBiicGGI4X7JvrYx4rG226tqpIZG7sXt+Q==
QfCT3GiIKB2b6xQzDXZ+/ZCEiervTCrQJphK/0wIgRftyHvN2ULrLevapKVu1aNw++VY0OTfaPnMxEw7gCV53SDkvZ7UhUYc+bNsU5BYfNKJtScH6RRcZxav+dSZlX0cXCb476q1QiEpTEHViORG+g==
QfCT3GiIKB2b6xQzDXZ+/aQXb+cfOKydOvWCrSgnv2fWaFUhcGtJloJdh2Ve1hKsgk3iXM1Z6zyxeA0JAiMOr8H8vl38Cqp5S7qaP7uKfNLlX8PdkI8RI5TJpssBVkjdc76h9HvBuRl0inNaQoWDBg==
QfCT3GiIKB2b6xQzDXZ+/ZTno7ZrAsRvGOuKgg/Olyrks4QrS3iJVvlRbZEG0ynAHP//o1nlnTht3MtukMBpCxj89YTl/vticw0mZisKgucY6yiV+qdE1k0hX5NctLV2i3Sn1U8ywyHKmXsJrm8mAA==
QfCT3GiIKB2b6xQzDXZ+/cslKcuwojb2EZIvDO2ZjrLWFJ1NTIi7b8xMty+cU0N17RtQ0hLqQiWfDKLM23TYXqW/AD8QkhrFuBaYilhB4dc=
QfCT3GiIKB2b6xQzDXZ+/cslKcuwojb2EZIvDO2ZjrKD0kLFkCBKb00RXjWyICK1WWUu3ZrCiCF9MRBZ9SANY1IgSpz4K1IZp6MHd/iV17+un3otQwpr+AdDE8bWnuFI
QfCT3GiIKB2b6xQzDXZ+/SNoXaE8dGgA7jwAi+E2ZFCKxPHzydqMOkLGD6T95GKPBhGu1zvm6xG8EzVRq6xKSOu7fjQU3LSCg+BnOIxpo0Ch+srCoYlGaDCSDnQgb7MJkX3HTSeMFv3WSM7fbcuLeg==
QfCT3GiIKB2b6xQzDXZ+/SmTHoEs6/N/20CkJApy3asN4BAFdTDYumEMT3P1exPNvVZeHmj88R7Z+MBxGypT/1qq1t4uhfqK2BU3kq/rhFtSAGKAi3oakZTmUTXW3c2jdVRUH9jWbRbMz4aw16oSdA==
QfCT3GiIKB2b6xQzDXZ+/aOwsh6W2R2W4rR0eU/ALpFCe1Yntg5fLJ7wmCq+oMq7VlrUO0nQWPYCKAlHIrxd7I5z/eJ+DenJAvFNwGFrIV8=
QfCT3GiIKB2b6xQzDXZ+/Q+nU/qaVCEYvRB5nuocXOi4V9rlJY1aijOYCPgWkbk+D0iMmm043rmaNli5h9Ykj2sMBZ+kD60PFx2nOlTJ9R4tpJndFVeHy8wsu6QLxhep
QfCT3GiIKB2b6xQzDXZ+/Ry2lSE4qUtDV20+m0MhKP7S+WhZB6qeORBBDYaVD+eNLpmyebzXSctpU4aC5Sz+djay7leUVUxLAQu3JGU72QsfnqkvhfTCLsJCLHPiSpeM6jUz49ETk6apxijxVS3fmg==
QfCT3GiIKB2b6xQzDXZ+/W9j+IEHrz7rQMn8kJGTjodLHhQHO455DPBnw878tC9g/NfeyfthcBP4VyqBVEs5/4fwJAwhgDpKMNNgjIY8T2VqkC46zo0IXHJ1vM5tgzByVXeclBGu6ExqhAR+wxWgpw==
QfCT3GiIKB2b6xQzDXZ+/SkJMkxxzPyfQpzGWu4IfL89PnmJ3z7mIt05dfXtUbr7m5rQIV+yCLD81xa3TKjmJ/xPEdMbRx4m7fOHKA1JtH4=
QfCT3GiIKB2b6xQzDXZ+/SkJMkxxzPyfQpzGWu4IfL+7VV+ht9x+0Wu7OULYQPM8PlmV7NTcc/Gk37KMXgf75f9NBU8CRxNz3heX+2i2wfBVZIAb5i8vUDRlBtLqG4vQ
QfCT3GiIKB2b6xQzDXZ+/YZjxaWxbAlm1Po4N1N0Z8ayT4tAEH7G9xUgUIeT4TzeAJDwI/4eXHKjhBT5k4tEKLYZ62oZh9B0OWEWZrokItI3ohJjmMEBf3jksnjwKMukPGxVHUVI8X2cjncYNJlG+g==
QfCT3GiIKB2b6xQzDXZ+/TS9pn6Q21Ot4w+Diu0sHBs6j9D2ZqMjLREySYOmsdXl5cA5z+34056u5QVm7E8g4RjC6WTdA410F66ZiEhlOuVDFlnElcahfZmqZqhcIH9Br2fJjL/k6Wv8nUTU9Kggig==
QfCT3GiIKB2b6xQzDXZ+/QCDhj0u74TGvVj095fg00CQnIrboNHeSvac7GHb9Z/Ix3kY/x/klo8+vSghKYNoj+lBpsB6uGx7HebXawGkbUQ=
QfCT3GiIKB2b6xQzDXZ+/fQtINLtYBbnbCivc1xNIN/l2fm+7Fz0W3djKJa5Ej7jmXRxLjG9vFzqK5hAiUejX4YIX4E4cD7gWcWhkAMysCvY6YRil2Uhx3Ws5eqwAtR9
QfCT3GiIKB2b6xQzDXZ+/VB+kUyoapv3eRac/DLpUSdhtqqWqUqF8E7fOKyRwhGCpiQPTEQs0wj3Qz14i8Y8rmOBRnYDq3EV86Os9YjZaoDk+kllc785rvHsSAt1feNvkFW5iTZQcmJMAFTg9dFYcQ==
QfCT3GiIKB2b6xQzDXZ+/QYCibFynAksBjy1NABKSX7tVEnRPXo5/qrs4aNvLmS3xgIzlpaez0RKOCIvFVnV54A7zUVzFEgU//DqkvukL0+gBb3VJazTUiagNMy76NAJiG/9IJRjsTDLbusd2aNBzw==
QfCT3GiIKB2b6xQzDXZ+/c+RJ354B8upIzkPD0F1TY69LrMrVTb8pgZ/h//fLz+WRIMacUbM4JxBCPEtUWEUZqg+CD1fZjjhMt1mJxSr6DjWrLL5uGgq2uy7/vl0/sPr5tfFcWr9Xh07kFyTiAZs/g==
QfCT3GiIKB2b6xQzDXZ+/awDeJKgbImEtbtxhnPX4vSqbISONumv5PoNSNx9R+dCjiJnk1QF1xA0JxFLx5j0BMzeRvQc33OtFLEI3vkHyac=
QfCT3GiIKB2b6xQzDXZ+/TbzhtzBzGsAjnslz5wsI6wriCO7QMR3PIjF//BKneDAHwTNF4IcuMErUTsvfaflri7sVtVTz12yBZ6xmjoHUhHZMdxqF+yVm5O13hLSg/Ha
QfCT3GiIKB2b6xQzDXZ+/T+uOz0e6yokWA0PeuH3jST5quSVYwTpgEym0at/DnWwJp1wuIjhlK18M3vW55dKcY/idBHuD5MlB5IsZ8S1TRg6gH+gaDXk5kbG7X9OhIWjxxDYibYi106509lD8Wrq2w==
QfCT3GiIKB2b6xQzDXZ+/cqGDMuZT1D22v8fnn1xDjEmowJ6/pPFNoStq78S1JX/UJKInVgO3WOXoURBv8gcfJEEa+Kvj3U5dZdMQkhIq8rTJ8d9nXX3aiE1I5DFEXxGsVrVJSws6gDtjiTit9sJwQ==
