GmcONIA9PFzHw1gpPLLPoqev3ytAH5KO3S/CJpMsylg=
35kyjVfwBJgytCi6KM5Vug==
FNt9orFfFSbPIXNSbXcP2Q==
gE2g7VQeqq0h5MkG44fPUw==
A4ZCFW7RnVRfEnbtNxUDb8VFIQmzxcIFLuiIjRY2q84=
cwgQW1UgxyVfBeSrdwXHsPE1eoSAri+NViVSjTYe4hg=
pYn3RyiaY4vz2unSybTHuw==
mAzeFbkWBGyzJRgEWJSZYQNn44wFaguEUnqkvHVinQw=
NiGef/LGs6v8Em6sqLz1GYGKB0111uCW/TAqgkiW0+w=
2lfNnhNY+w/3xMaMUxJbE0YFT/wvMlSDz8Vrd5FEs18=
QfCT3GiIKB2b6xQzDXZ+/SYWOi9wk7FDJCveyGVzVIlWx9wPGwfL/lay2GePEyfUJq0DPwgnyVfsOiljGJ1NGM7QPmDFZ98S3DNVHPkU6xexG/aRJDLwDe6zNlWGUbyZRg43ZWwDZOmVNFToLB/u7w==
QfCT3GiIKB2b6xQzDXZ+/a8zj+sHjTxvK/Uy2EYXISC3y3Vl6W/5XcNar15dpFtoGdsCs+J10abzueAyVUVPC7cYNmQ6E/5wJrQCRQ2K4uamSzWLDJ7NHn653Kz4qLHghPDi9pJdyfI+pxVjnZbuDw==
QfCT3GiIKB2b6xQzDXZ+/aIUXbQLgVsn4W/d0VDKulgW/bHUlGxIT+iT2iYYHghQ1cZn9BD/5v3jJ9Z4NIE8/HDsGJcbqT659PzJjLydYoDQXBWde8Iy7zQ1pyDGNsxzNt/A4x2eizWXorz5q/kiCQ==
QfCT3GiIKB2b6xQzDXZ+/ZpfQKXB50lqT5XK5X7ms1KhCJ8M98YhxXWeWhgHWbZpDqy5eCeoy1e6KJOXyt5KbJnVf3Cr6RUis+RWScQ31TU=
QfCT3GiIKB2b6xQzDXZ+/cy05V7QJKeZ0lQbfSR9ffoMs61KTFj1OsDY/Ogq+Velk0spKoZApl1V4ztMVxM9zBJ7kiLcoopIGYRFPHt/+y+IqX7LhQaTU/IifU0Fdgrx
QfCT3GiIKB2b6xQzDXZ+/bB61qGeOD7158cT0IKfM3NyB21tJ6xAVmJn0zzYm5ohClm0zDKPs+/B0yFkpWA0HsNDWWjUE1BpcJFWHwRtk/i7YL98AL4W496+9GFpJU1W6t3fae5etR5cS0YF35J90w==
QfCT3GiIKB2b6xQzDXZ+/R53qY+6+6SbjQ3ZMEO6xiN+jyL8Q9cT/b+UHNDKN8/EqyurvqnzZ/EJSzU3B4Jg9mnWX1Dk5ZKYDSJu8aPf+nN8twpYCIMpNhGLRpFOqRXT9iddt9NhZcljj+SW6HD6Ug==
QfCT3GiIKB2b6xQzDXZ+/cbfuJJMg6F6Lsisq18ZsflREYkN4wrvLrRFseKpTvJkWOqqwsYXT9jRUJfxbayOxM35Z5HLDz7dFd18qMmbGQyecY+1LCvtU+D28/CjcI4d7W3UCbg8lIZwOsd6+qvOmA==
QfCT3GiIKB2b6xQzDXZ+/Q1Euccgh41RfKh8Y242VR9G/stTv9BwB+MR0tQO//v+05hreWapbQ/CE0V195Zb75MQ69kuCEhb+qPm8VbMELqvoJ1J50txdX9+p67+FIIHzTJIXnY/G7nPLy7EgWHLrQ==
QfCT3GiIKB2b6xQzDXZ+/T1ycuWtXzT0yLXFzjZL3wJ3SOL1eRSOqUj91pnUhpMGrSIZmuDI/7TrYNfrvjLom0UigV3VkyXM6TRbVPsFhXFLywbpNxwlS157NgRzxccLoYs8cSGUrQ+cU7YfEPKr+w==
QfCT3GiIKB2b6xQzDXZ+/QqnjYihFaCbU8r0O1boZNWncQE++HVNnqqKCXy/b0xsuJ1hMyLEhENWUOOQaQywtTy75KvxUHiji0WLpOluuAk=
QfCT3GiIKB2b6xQzDXZ+/XDQHrbq8SK8+hhVWkDS2tpoTq4+dtaTpbLYsFVsKgAk8MxwyHrpIQfYujTkO+bZEkbxCWn0BMA6dQBRiYZLPFy8nmnbJeLeGO7tNlw1LcMz
QfCT3GiIKB2b6xQzDXZ+/fqRZYXSPyajHj3KwqZDVXshR8wjie/2Ivvpx24LYxpytznP3NUsXX8Xygf/kInLmI1njJWuzg9yJzG60nN3i6H0eqHBdZsoi3ZF1m3Umatemj5SXXdyMg2chvJeMIk1CQ==
QfCT3GiIKB2b6xQzDXZ+/VsP1P2hql9nH8WR95OxwFcGqAmwY50V6K7dRzZMzc98DwCXcQT/1IOhWK34nrOQsxKDHZ7pistYs7TgTJO2ZP0Vz0wg2EH4gFboazxI82M7xetAt76zSQiO5DhTvOC9aA==
QfCT3GiIKB2b6xQzDXZ+/VGpiPPA0kjUzmVq++Ueyzi/opLUwA8Ma+BFhBrp/6I5nWTGaw6cBwMM9ink+/q4OsMNOOKnxFIvgqZlftW1mKHEYJlDT6ZZmtnmoKSbGnOPWmlR8PI/r5mDj3Im28WUrw==
QfCT3GiIKB2b6xQzDXZ+/Xb2eoMS0CQyAaQbFpOJLj9XjiM4bOEWJ/D0VbyfMa36rxolxaQN859E1rxFf/LAFoPrSXdSr2wFgeKwvQKPWhI=
QfCT3GiIKB2b6xQzDXZ+/Ttvn6zE9hactwXNsBSaRdNvqe3ZL8JMNpjJH8l4WhvECN/E2SfoAW/Buc53sL6BlS9PD+DrA0QJr6HhOfWMp5jcy40t7lvzfwYHrjFFjxwP
QfCT3GiIKB2b6xQzDXZ+/TneyLmWSRyuzy5IM/JJaL/q9Fx/ZxGBeAAhg5jip4AuOiln7Z8gg/4ZzBSAtw6Xu24R1oPmkTJTYR+p2CaeJpjhY/UukGf/hIOAhe0JLe6YBrMZz7imFrkb5jMsHr5sgw==
QfCT3GiIKB2b6xQzDXZ+/RCkv/ZLP8F9n7Q50iOXaKFD1xMjCFqUoRlMrqHuJJSsDOhdR8P/D03GD7uzso2e78PgsP3IZcQSOH7/LD8NOdnGwwoL3dolsQ6opxjxKD74NLXPNWQYOS05GdqVOpCIkw==
QfCT3GiIKB2b6xQzDXZ+/SrRgkrhNTBmAb/Q/2HLsIshXHo9AE7DJ8bRc9vhTQ3DOAmD9tJ8jZfwtNbANZ2LV+N8shfm0zlKXNheaaPuS8Y=
QfCT3GiIKB2b6xQzDXZ+/SrRgkrhNTBmAb/Q/2HLsIvvLFgfliNiRgtTNYfJv7qsBANcd70/igKCztN5YFRPZNfdmhvH2dInptPY60ZrpUaxhX0j5y7Yyh/gVHlmm1TL
QfCT3GiIKB2b6xQzDXZ+/eQvbRHio/U9AkCymorW3fnESl4k7zoutE4k51oxNupwuVwOPUaYkPgiFrQ8oJJ5ReKgMhMsBVdD9ePIvlM6/EebUQdgUE9IX4e6THQqrD7ZMd39PHBh+xmpXm1OFEKLAA==
QfCT3GiIKB2b6xQzDXZ+/eJvQX4aEehpceytF17A4h9ppAAG9gkfhOsqYdAiLYm7slmIi7PnC31CgH4Zpgi29dEDxDC9tBPdeQDscHJA3GA21X39LXEm3M9mdXwDw+ZVI5FaAzgiOJT9dRZTCOZdkg==
QfCT3GiIKB2b6xQzDXZ+/eAse+W6YGzJREr2SE+QVWo+y9U87dPg6zY7gnO9CBakJjtSN9hxpnWWLsot4jzvyiYDKqwglAxInE/X6LtmCiMK2qLnbdfAU8Ftqak103kZ8uO4CWMvoKhdV9mKU/K5Rw==
QfCT3GiIKB2b6xQzDXZ+/fLmn2vC1+iJwVJ6JKtgK/HaLkdtF2WKSKxNps51sSTfxYoqnaXGoYdH4OOTEHyrLuztBE03f4Boh/GLB7QLxoYHpjLfr/O6YAMxyOi16KayyAQDsAF9kqflslQf1piOrQ==
QfCT3GiIKB2b6xQzDXZ+/WdiUaLkClo3BGBUbgUqkHOsuAjTsl82hsTVdOoLjvFac51hJop92POLsDL+QkIM0JZssU85DM4qGn43wBDKIXY=
QfCT3GiIKB2b6xQzDXZ+/TLa39Kb/T7RDr9Jc4avco6jbMEYQZkk+PYaoC516gh7pIL6yaG39+47jautyqcxSkM94M5sD2E+y0oJPoSN8ap3az7xzM7DqeZpS48395M5
QfCT3GiIKB2b6xQzDXZ+/WoKhpqAsi5MeQAN+WACqWIdK6K+pXtVqz3qzSdUAGPbTfLuzvSl/SxbrU7nUQ9okDaBLSfJIeAM6QCy18xbe5dmV9KchM4GuOOBQGWWXaVToI9/mmPbitxtyeXYfwAKcw==
QfCT3GiIKB2b6xQzDXZ+/QZfi88PyTa3FzxFggs/RPieBRbw8Q/eo2XmMOQB4Jt0JypGjEUQ7UST2kNvEPaZfdraTu6BMVAq079hBc9Z4MS2DeDjwKVyp55oWBcDOp3ytnTSpSxLTDdS+0/KuVGpKQ==
QfCT3GiIKB2b6xQzDXZ+/VHpc4autb3/tmp90rR4SbSfBH53txulVTQrJTmeEYq1YmQZBYAri4XLwMk1e7zbXu9+nVnBkX19SnWLf7iQW7xPHuXesqPKa+Vsd7oDdjX2SpsTaqZiOD866Mwe8buGbw==
QfCT3GiIKB2b6xQzDXZ+/fij0zwBseEQprXud9+Q0zVnE3jabglLfFgDldih91PSSW2V0Pl5AWtB7qsia66JGrm01mdBv0qPnmrxiVcn2t1T5VKmcCx5di8+eVcWrUy/SkM25EQXx2dSR8VBJxg8ng==
QfCT3GiIKB2b6xQzDXZ+/RVhudT1QrJERXESXnQV5ukz62xHpTLJAtLz9QZgR6SPnPA00im/06ob261qdQ+jQgpGaxOMhrmOGxiR0q6m87D5IQfgbmmXYP/DUBZlqhBkoh9yN1cwf27a3gKAGtHMWg==
QfCT3GiIKB2b6xQzDXZ+/Yi6Xr8EfoMvFFE5ETk0UIQWMPHI0wjtf/6yK6WDNCYSfLnXhvQDFwO/JtqfvRs4IyaQBgXMIlkr8hW+V3R84Wbj/9WooRdyj4mySi/sb6ER3lcy1eKYfAfXIjzE4XrLfQ==
