GmcONIA9PFzHw1gpPLLPoqev3ytAH5KO3S/CJpMsylg=
35kyjVfwBJgytCi6KM5Vug==
FNt9orFfFSbPIXNSbXcP2Q==
gE2g7VQeqq0h5MkG44fPUw==
A4ZCFW7RnVRfEnbtNxUDb8VFIQmzxcIFLuiIjRY2q84=
cwgQW1UgxyVfBeSrdwXHsPE1eoSAri+NViVSjTYe4hg=
pYn3RyiaY4vz2unSybTHuw==
mAzeFbkWBGyzJRgEWJSZYQNn44wFaguEUnqkvHVinQw=
NiGef/LGs6v8Em6sqLz1GYGKB0111uCW/TAqgkiW0+w=
2lfNnhNY+w/3xMaMUxJbE0YFT/wvMlSDz8Vrd5FEs18=
QfCT3GiIKB2b6xQzDXZ+/SaEaq/G7/ak8mSiy+Xu1+CMu160eC7OwSL1ZGKubdM7zUyhzKwcOcbYvlmpoy0HbalzilbywKwTTFNRhSpbmBbsfugkPJD0G17tfHCVH+PSFu2b4t3ArOLehEzCv88Kyg==
QfCT3GiIKB2b6xQzDXZ+/XaBFXuvfW1KB2hqR9RQ4E+Oes9rFOZ0KBpl73mcnu8g0DCbP4y00BzWVixEpNUGg1PQmIsw0S0bfbflIyt0eOzkcSibEBOpx60gbdXNeIUsuQYjc+z8wba/DIoAdiJKaQ==
QfCT3GiIKB2b6xQzDXZ+/e9Otqn3Q/E441jb0vBg6dcppuyG+ESfBV3Uk8sFihrXhxBlOKyI/6fbDUM9vMGELJ39mjcO9BxW6aNkCUGeEAMz6Eqn0ckt16od3JqC5Bm0UCQS6QP7CIiWmu2pwoBTmg==
QfCT3GiIKB2b6xQzDXZ+/bGmH+XWyvb7ERBrqO8Uih3HQ4OK6PyGCg0b5HOtsxJdIt3WHRxOVYjfVaUJM4Rf2JBrsk6RbwqdMpfKqy32zNJTWlT/p2Uw0ZeDKyIqPUgztFALhoMsdcSzE+DWMiLhwg==
QfCT3GiIKB2b6xQzDXZ+/UAz/TfBN7djAfa+amuJe612qD4YMc7+1SHCL2y6CxV8CiuRXSpwkVDzFzKK9ugIH7Aif/ueoKphLVFmqORMQoM=
QfCT3GiIKB2b6xQzDXZ+/UAz/TfBN7djAfa+amuJe60/KL6gV1FfVvK6mpGPtBrsdalrRU1T5L2kazy6LXsnQapLhAvdKj5Lmy2K2Ky9tAe96jZPrZsyh6tgL3nUfc0k
QfCT3GiIKB2b6xQzDXZ+/dfr6iPskx6pUz7EBxG81xL50y9DcKAzkCtIOAMMM2l6uxATe7LaOXW9mxB86e3ra1SD/Dc/RGJxyMB1JnZrGWcqImrihyJJ7WdM3FY+C5Gapm1bcq6qxvq7UDaq8Bcz1w==
QfCT3GiIKB2b6xQzDXZ+/cczCF8u//4/viUDUykNko/21flztJpKYLYceBB2MmfVSxVHIBbkOgzZfyI2hMDL+BvzeZ07rN9DccmSFh1koy0rRoUHYRsPRxK0tDG23zsHLEGBLfebE56PXayZfuOfkQ==
QfCT3GiIKB2b6xQzDXZ+/axRxXAWDWVI3cGBzk+kMUD1G8VvG12Wn8KWJHBd9mN0kMJIX2hDbASgv5iR90oyvrObtVCAzpWUdPFNcfPbqWA=
QfCT3GiIKB2b6xQzDXZ+/axRxXAWDWVI3cGBzk+kMUDXEimq1LrINYF3zLo29CWZG5osPOllf0IKRQ+6WK05R0UuJ7qbC4wFRMbqhJzrGEodgpdWa7YRRLqcVVTZpX5q
QfCT3GiIKB2b6xQzDXZ+/TW0dL73fRlCzOgEYKgunuW0Zcu0bS2cCpP5NivoOGE+A1BBvq8MvjnYfVl2V3753lu84BVxLxjJCBu8+vS7bJi0xwkigMJsh4DgITYlFYQzS9oyABSQXDRFc2SXIFhRYQ==
