GmcONIA9PFzHw1gpPLLPoqev3ytAH5KO3S/CJpMsylg=
35kyjVfwBJgytCi6KM5Vug==
FNt9orFfFSbPIXNSbXcP2Q==
gE2g7VQeqq0h5MkG44fPUw==
A4ZCFW7RnVRfEnbtNxUDb8VFIQmzxcIFLuiIjRY2q84=
cwgQW1UgxyVfBeSrdwXHsPE1eoSAri+NViVSjTYe4hg=
pYn3RyiaY4vz2unSybTHuw==
mAzeFbkWBGyzJRgEWJSZYQNn44wFaguEUnqkvHVinQw=
NiGef/LGs6v8Em6sqLz1GYGKB0111uCW/TAqgkiW0+w=
2lfNnhNY+w/3xMaMUxJbE0YFT/wvMlSDz8Vrd5FEs18=
QfCT3GiIKB2b6xQzDXZ+/ZzrQUdwXHG3xN7xBBqRnFCTPDi2a7e8ZTFCp+avmKtu/apSjI1vqxbUWjWR5bpgjBYLwBs7XNQmaV4KXiek7pzzBrbuXr1LihApq7S42w5X7FVSCMJ54jiph/zMMhtajQ==
QfCT3GiIKB2b6xQzDXZ+/X4vhRUpLmX8Pcy1RG2heIyMLwNPHqkYdsdXcQcslgr87ZE6kFH69nzLFXCI0MTRqw9S/dEgvFWOTABRXvPdAyNMFSZvM3EQ4XJSaArzwhwizr3KBzAvmC5bmC7l39OfZw==
QfCT3GiIKB2b6xQzDXZ+/V79L/sojJ5+8Ip4/fcwD8muwQ00t3hNxuCICI7nGPNyu367esQqoSVAcnwhkADBNJkqXkWTzvxX2Glf9rDkpug=
QfCT3GiIKB2b6xQzDXZ+/V79L/sojJ5+8Ip4/fcwD8mzZheLUV93gBGJHGfZSGvoKWsAxLGVyNjc8dfAgTMNUmujdcyeOM3nG2EdENuprUe/I22cPN5qgUKOh/ihyIHT
QfCT3GiIKB2b6xQzDXZ+/aJMpegg81I9Q3n3kncmsD6VGFrCdRiK5mpBzUVHP2xTMU6FlC7+3PMmWSWf2IwzZ1Z3vtzKB84p3lqzCEPPZF0Qf+hk63+VsEjoArcaSqMBvxsb5Uyn3cXeFypDVy44vA==
QfCT3GiIKB2b6xQzDXZ+/W5EHTybyHZVVSaSbERyGO7ziLhv7I3n5pihJe2wY9iaKGnOZKephbYQ34Ru8F2X7ua7sZC0bLTsuL6nzBFL2VAC+am7IAWodPzwPM/2gF+uuv0XdQAh/ItCsNOTf+rrXg==
QfCT3GiIKB2b6xQzDXZ+/bssqaaMctPKWJ+F1eXrMLtLlQVeRCEI2J31IYLciFHmkF+h9pMUkFypVRAMZ0/nb2WAEuJqYrle4oqSjkYTOG0AKPINXFpbpJsYBb+9m5sRgq2tRDeBqILt5uc72J0CIQ==
QfCT3GiIKB2b6xQzDXZ+/UdZucYE1CeAnnQhBG0mN3d0334ZlleD5xbHI6/fnDEvzGpwR5dtmvz3a4xSJ/b/ky08GQWycRuZZ8Hut8MpHqc=
QfCT3GiIKB2b6xQzDXZ+/XxXNsAfoYO6JnIwRm4hWOhhpkD3MEAwlCQ2f3kzMV+y8LJtry8nGOstLdv/bpa2lyTEr7YMQlqmjnOL+uB15McVLgBeRQOcdkFiuDP3y0RK
QfCT3GiIKB2b6xQzDXZ+/a6f15aU0e2c5htJp31Zn8JpTltgxJH3obR2uC1buX2JLvxg+85GBkMVnOcFWn3iI0GAZM8+ReGf8VtH6Ib0UuEAuHjpZNmgOXEQl1EnZLohi0htu4Gco+5Xcoi11z7baQ==
QfCT3GiIKB2b6xQzDXZ+/Sq/L0CfW9BBOUe/wSxfhQOrZ8RLLOxr78XsurzaMm4NnJoZFthISqQL74mHsebgrGoYl3ckfcfEndjFxLKcnSklSRNeeHQcigKTN+pBZGAuTxdCFtpnqbnbpmEjvx7S6A==
QfCT3GiIKB2b6xQzDXZ+/RaqcKJ0CCwTfpDMC+1Csx4Z94ZAFAIvDxWlnCvRFNYIa2a5O5CmtEGvEkCC8lRZ6sIjCN32vrYAGeFuU7SZSp6QvPcMJxv2ParyhTBK3qmzg2h35VgUii/BaqoDaItZKg==
QfCT3GiIKB2b6xQzDXZ+/TtVKlx+eanh5UlCmJ+xisDox230cIFKH+fMkrBP414bTdmzyzCIPRiBuopAq5weX0g8rBe1OPTEZ6fKYmn+6N0=
QfCT3GiIKB2b6xQzDXZ+/TtVKlx+eanh5UlCmJ+xisDc4ElKVSav5G7L0xBthvh5KE/7uVHP4LRMxcxyEUnMhTS13xCbzTmGoqRlB6bEV3LijulOwv/25BhZXm6EftW+
QfCT3GiIKB2b6xQzDXZ+/U/ESDQWD++KDafkQmDqqcdUSqMqROqUfyssHYRH7gLSw8L8ee28A+myuzZ0uS36c4t1KGrdFv7tpXSlqpZlKIz/P+0l8MzrsxGQvQxhC3oFXf8x5z5FpIYt1xQuJji61w==
QfCT3GiIKB2b6xQzDXZ+/cHtvjPx0U/df230KvBlmOQKt7Ncyo/4OzBO0nmbjgII8+5PLr4qTsQpmcumgH0e9rQJjbtwZh05aK9q9tO4c72itHnW6TZ4CZxnIgAo3E9sYkSKlEmUh2KwjaHexzEBXg==
QfCT3GiIKB2b6xQzDXZ+/b4RK8wF2u0Hz6/X8Dn+RL9c3LlAqYJjPusYZ1/x7JrlD3XKJ6U9/85ENCyVCg19D6G+oB5rNv8LgxoFy9X5pRcET5p15YMiLXo4V7AggS/8zqQDDyHPoyjYvEP9mtui7w==
KAtddGhsrKzxYtBVsgiFKU73JivsjAjq/P/JVrhBz2MLBvkW5/EISjaa9jCofRGhpQEf0V0ft8oEw+6qWRf7M92ySXDZQtQVVgSOTfcz38XqzPTGii9W4CQD27P5nPMGtIPHEwRqlJPjaHZe8Le0HTXvPG3Ztm8iz8cOLO3yoU7wvQJkMtWkC3RRfQn4jB5nRaj4bnX07HcqcON9dYedDw3LXGRd2NktOpQ7xtRFCnHpsEag7zMBw4RqR5uMRDzAv+HqAza628I3wTyMJqawMZb/1FBWXyDVV0ZwFJe0KpZfT0d/UjUo+mJRQLI4tqPipchYEsOYLqs/LVAI59akBIBC6fniL4I7yV4KXhQZBgAr3X6NYx98/XvITnV0vo91
KAtddGhsrKzxYtBVsgiFKWgWJ0qriEcfD5qar/cXx8gShTQ4cxE0JrxzfNN2X9OvsYMRIVbWy81vab9pBkaG7SRv7IQB2SeMDuB8fy5B09JeHf9hJQzkxBueFx6o7MDAR4gNc45ajJZlnOpSqCFOfhSw4seIgwzyo58mVUhxMw2Q6TaDcBAKXzZwMKj/h39ZMzjVVRYu9dvroH4tTUlEAwJAooswxAN9p0fXja1z7SDFkmxRrisMxkjQXv4LZbUWyfuuT6MHnr+joVQBolrZ6djPOZP0ZyywefpZ31aDRX/Kj0TQweSeky+9G2s+C7WB1105jbmFB8pnPQno4WrE6C1HUYrvn5Z4hPMGgXMsBCyK9wdw10KSnyGSZ7v3qaPcwcdPzChAN9nOZeI2Fqf2LvSGDvhYVJBjJiDPSFVJMSf+dWAWnOEzktuVeG+Ywerg
QfCT3GiIKB2b6xQzDXZ+/UFuNqv6A8zhtGFSV9Dg4rn0dEDWYjM3MYdARbURo0F/4iD/HRXSnpvYGuPAreZ4EIDqFNlxLb6BZkQI3EzoCQowLl4KWFgmFVxx/jERYoJa/tO1jmC4t2Ur9ruOpKdMWA==
QfCT3GiIKB2b6xQzDXZ+/Ve7xjE/SE4xH0qXmw485vRDt0W7UViARodA/LGOKMbscWhE9YenkQPBkNNEi0jSqXUNql1KQStQGZqzGjOcAuZT2slNXpNSSDHosJA4/Yk0qRR+nwmN4k7p0nryUf0DLA==
QfCT3GiIKB2b6xQzDXZ+/ZjzvohnS49+UPdu1Yoaz8+QZCdoPFgoxgKpJocR0oUX95iOecMgGS2ABrs1i/y8ZS3Uvk6gn35T4OsTfct+qsU=
QfCT3GiIKB2b6xQzDXZ+/ZjzvohnS49+UPdu1Yoaz8/L5+5U6CyGgUwikEpjfbYlBb0MThE2RpTlFkBc6AOYlxzWKcNKHC4iNbvx1KiZbDqua2jwOsvXOIuKVGCAU9G8
QfCT3GiIKB2b6xQzDXZ+/Wn5faZLmwhVL6NoZ6lRfwoGr+b9SrmQKLrpLcQR8OVH5OvvYwPvq/6Wp7kNqECjcISA9mFU0BEc+XQj1KZb6gfZdOjwDwiYCHq5xIxZ0L9ZgOx5XbT74uOxP8gPxrBfWg==
