GmcONIA9PFzHw1gpPLLPoqev3ytAH5KO3S/CJpMsylg=
35kyjVfwBJgytCi6KM5Vug==
FNt9orFfFSbPIXNSbXcP2Q==
gE2g7VQeqq0h5MkG44fPUw==
A4ZCFW7RnVRfEnbtNxUDb8VFIQmzxcIFLuiIjRY2q84=
cwgQW1UgxyVfBeSrdwXHsPE1eoSAri+NViVSjTYe4hg=
pYn3RyiaY4vz2unSybTHuw==
mAzeFbkWBGyzJRgEWJSZYQNn44wFaguEUnqkvHVinQw=
NiGef/LGs6v8Em6sqLz1GYGKB0111uCW/TAqgkiW0+w=
2lfNnhNY+w/3xMaMUxJbE0YFT/wvMlSDz8Vrd5FEs18=
QfCT3GiIKB2b6xQzDXZ+/dnuXzW2mWlkvxcbTcFcAPqY+Y7Zueh55wAIkeJNC/xJdYizoSjV2eXD9qAFQ8tkxxe3vUTvqb/+GyjA6h9oFJw/6O22IBN33Dxm55SWlIjuGLc5oekko1Dt4lPmMQ9siw==
QfCT3GiIKB2b6xQzDXZ+/fYdrB8tP2Rzm2l1x49/O7H7TH058iEyroDkXHjOrO3ycAMFKcxtv92npVvttlYXS9lWr1O/qpf4LXtAzfNLhAStu6eQ7epIGNsMFuULsUWCEYmAF6RnIqe5lpFV7lAuQg==
QfCT3GiIKB2b6xQzDXZ+/UY5Qg6oVEdcg2hHwMi/GMdMwHpWoC7mSP/mIEU70OYWkmAzpkyzACmBOu1ZMQgietwY6GxRQBFP3KJcCYZAlcQ=
QfCT3GiIKB2b6xQzDXZ+/UY5Qg6oVEdcg2hHwMi/GMelOaAZOPXwFunwrngUVLBe1hjTVi3pGhkT4aOvoHIsGAu2rFKQA9F7D9jMRzot8MfCXdTsZAJtOKwOgCDe1+de
QfCT3GiIKB2b6xQzDXZ+/WGiv4w+3FCqxINrkAbbOlsoHElnMxK+G+0IMBExnmmSUS3zRv4a4TUb8P/AmIBGPVd1RiwSPt7pa2kfzhrH85V/qiO9KbWDI7/ZWXfHTvagkoqwE5w4o21PBHyv5siMEQ==
QfCT3GiIKB2b6xQzDXZ+/SiSPg+U/YN35ZdQzSQ55p6tnd4KU534xtnKlGSDmrHC5+43Ol8VqfXB5adx9ekObD1XASYOCtLiyW4p58cELebIVSZwLqVbjfLaFgxKnWkJOqiAlSceAjnvYLOMx+BcVw==
QfCT3GiIKB2b6xQzDXZ+/WTpmg4LukqkZKfoUg1lySs8l1s6C3Alwc7ide3cqaluLuVSEr0gWDFSwBJi2m327elQ3XYYYFwHmbe0WL6Ij/q6Cb7ZkbcidyyfmhlQ3UKmv+UhVRBNRRmPkqNnGK/vKA==
QfCT3GiIKB2b6xQzDXZ+/dUJbJqzDe0HsffkLTnKa25ALZZGB2JfQOLETrOdN1sZFbOS+mSacUEAMT4mFxiS95YFR7FKif1oxy/uZ4KQTHM=
QfCT3GiIKB2b6xQzDXZ+/XY8jpya7NPG54UCLasmgK8K2Ynrmk3x/9cj130H7eKsqXaphmXLHk3HkqYbLhV4GGSz7bfTEXIiIfmif28RtkqS52AzOwRwGchmzZUXQUY9
QfCT3GiIKB2b6xQzDXZ+/ee9v7Hy2JM6tCFcVGQTANciBTBMgIWJaf16zV66pxm5xKqXoYCq3iiB+GoF/ysrXkrVI3XQcdBLK8bv/hZZwHY90aS1mBb5G9hXD0Ua/8LsRP7CJwoTgx+z7sM5TYzk9A==
QfCT3GiIKB2b6xQzDXZ+/RU6SFSZHMidOhP806LkIC+DNFHp47R89OZeiWUwwr1gdT6fkT0XHeXyDqyduVDWTgyk3cdAF7c8f1P248tDTk4Von3spYfZT8f4qWVWvtwq9ZqRE7xei4Wtg5JMxl2VGA==
QfCT3GiIKB2b6xQzDXZ+/fc1LlU3Z5Ru+3SonsMOvHg5qjAHzS21fDvsYHRdjRPPvBTf3cEkBpB10Rf4/v2CjDdo6wmv5pGmfylo8yADGWk=
QfCT3GiIKB2b6xQzDXZ+/fc1LlU3Z5Ru+3SonsMOvHhPf/J5uDVNevtmaVdwuspvIOX00Z2KzBtTq3PUnj8CYCeyWB41DQPvngbxG/w6mBRwc7+mw3XV6RXIN+YZc8Zn
QfCT3GiIKB2b6xQzDXZ+/SxvTiWB1kjafX9iJRbv+HKaatwlhop8LZQ36ly7SChXisAaRTIYj3svKtVrZ7FoYUJowdDCCRKo5O25GezIzGlzHVrynZI51pCOa4j7pXEc8yjKwf2VbUKfYp51TlEejA==
QfCT3GiIKB2b6xQzDXZ+/R4bIGuKT18VwFv18cUxrlhZ2f4TKD7CNd8wWR84pBz9E0C0YW9og149YY1sEXkKZzY+0FuvNqQgJ0th0veNzGwNU+FGCfEZNigU8CvdcW2LkhWhD5Bg7SK9B2r3btZBsw==
QfCT3GiIKB2b6xQzDXZ+/aP8Pg94oaD3RLqU4yqt7Ai1iHJYMcyDjd9ROSONURfXhh4dM1OjYAtPI7nJCg9UDTL78zanrI7JttUadaSFhR8ifJ260RfSPOFjxSnytAmTXxlibpWLFhkKiTHxeYtvBw==
QfCT3GiIKB2b6xQzDXZ+/ckPO1EfPB1rTTcWa6vTkOyY7ZOcL3SvIz8lVUQOVMRwyA7P0I5yJqqD//ROmmIHrLPoxsAMitcIrQgrDcuRMeM=
QfCT3GiIKB2b6xQzDXZ+/cGLUJfqwKyTxeWhrEjKWDarszUblUE4oLieK3u3ffM/1BnAEBjIhNNA5YQQMjXqyNqvMxEGiE0TKwxbn+qF/znD80SjIh18D3wCXwNYoLpb
QfCT3GiIKB2b6xQzDXZ+/Q9TcD6RcOFbV1kmwuzh0zB7ccIPk0m9yZ9MnMsvJV7+MsE7Iu5yhE/BRO5lb/ECK4fACWV6e+DSBXLT4ZJ10TrG8Of/4vtAyFCkedfK7tpuR0yztoDgC2FrdpRVW3DLfg==
QfCT3GiIKB2b6xQzDXZ+/QmqU3RXaRsrU8NNvIu2ErlTE/OBjBG9/daG0NkMkdbmAUaAqRqfIxyCW1ctTCcoAdI+fSdyMwuLKFLZggdwTJEwUA774bKFAe4HLjy8aAFlPPCp4ylfio/CIdLt2KGqtw==
QfCT3GiIKB2b6xQzDXZ+/ZSOrLIqHEoYREm9Z6iv1rRR7/Pju0YBdi6Qgc9dTOIVrpXqKlp+Fv0QIKDHPUycHBGqJp8JMlSOKUupx5A0vqQjUyFgRocfTAHrxgErfKGI0pD6g0BNU+rxix7giV8H8Q==
QfCT3GiIKB2b6xQzDXZ+/VWLgiT+DNJKo+BkdtZotgiWOxP4GNhiP/6LYURwsY7vctVWZrfqbTK1P+METNKCNhU+Ycd3NtLM9ZJN7eLhwas=
QfCT3GiIKB2b6xQzDXZ+/XvD/yEQC8TLnmApy0TJADnr2NwoREl/zhcxWb+NMsGOLBP1m2TB8hPHPxjZHB/zPHpTf1s0wChL3ZFbjovX64tc69dcSoqqmn2fdg5FKzp2
QfCT3GiIKB2b6xQzDXZ+/ffjNDHhRvtNPNkcmc8wqWARV9vUeqh1pGVd7jqvlnZjIeHgZRw8RAB2+c9rcFVWOD2ZxyP6omIrvSFd6YWXyLI0V5mr/YuQOaDsvu7J70SNoAgmtX47QV6A9oOzY/vmxg==
QfCT3GiIKB2b6xQzDXZ+/eamueNShmftkeSBxsXQNtKpOXgB8PVoMt6Uh9JzdFX3vTEcvxsomV7Uigo9ZHwBJlUAZoBHZdpHWK4GEllnPQKmPjjeZGBrqpSxR128Vu7Zu6yoYyyEseK+nxlMmM0qng==
QfCT3GiIKB2b6xQzDXZ+/QcNnNG8VZZQF1xeVYBqHW/+gBJ6GwrDsmByxDtmLK0BgjzLsI0qfqECmP95iOcNkgmPHGFqQbf0ZA3YkW+EJDQ=
QfCT3GiIKB2b6xQzDXZ+/QcNnNG8VZZQF1xeVYBqHW+W6gorIvbZwkF12V7S6J4QGwIh9p4R2+/2qKSdHgtwbscJDwNBFaXc5FPsQ1nqzrt+90NKw1yJj0cvSvZlcmrs
QfCT3GiIKB2b6xQzDXZ+/Wo1328gYDAgvji0dQ6axS/p1kxsOV1cmWM8zNCSdzTUnkq/p2olmu/3Cb76SOd9nM/OTpICWEzZ6rqCzrvvIbPFzPyUMHO3e9a80MyABh2vULGADsLYXuk6Wi1z7y3WAQ==
QfCT3GiIKB2b6xQzDXZ+/d29W6a16W1YvF44r1nOxqN7e53cmRdiYwUh0V5D957kA6cdvs+ksy3nCmrJaQ1MyN2qXH99XkxvRMZm68gDBKwj8RFhZ+bSfsSwf9ZvwUzgGLKbElNE4NiL8pD0dD0AuQ==
QfCT3GiIKB2b6xQzDXZ+/YUNHNB06i7z3cMcwsQKNJoJP0ycFMmZEDAxY7vSbLa0y+Xbj1JSQSTdMP6G/Z7vF23sGbrIMx8ypRsWAludDomY7C2RflKCOTQJJLkbhOssngy8Bo2pcKSLfINdtULdhQ==
QfCT3GiIKB2b6xQzDXZ+/Rgnyp4nN2m+46U2axygbag0hqqh9/XuYgzgdkwoAs/+tqH6zAuwHrOlYyLqeupjYJmAdik4nCDBwzUQ7TMzfrEOWmOfQpwAShRa4zJD9WkX91V/ZEGdEuwGAVNBcr59Dg==
QfCT3GiIKB2b6xQzDXZ+/ci3EBnUDkkqYSORlNKrxX7Z8lOgI7ch96r0gA09al2MGmNJWb8FZQL2TGDt6QpgNfgMnX8CUxQJ/5goUsx7AF4=
QfCT3GiIKB2b6xQzDXZ+/XXKRz9JoG7T6r+GhkJjZe2nQBhNvo0IQn8hFrn/ICGi/G3Qk1iRxydb2k1YW13K7aVqpbxWDou52ms/Ht+u/ENvBMvDH/9IA5vdMKup107p
