GmcONIA9PFzHw1gpPLLPoqev3ytAH5KO3S/CJpMsylg=
35kyjVfwBJgytCi6KM5Vug==
FNt9orFfFSbPIXNSbXcP2Q==
gE2g7VQeqq0h5MkG44fPUw==
A4ZCFW7RnVRfEnbtNxUDb8VFIQmzxcIFLuiIjRY2q84=
cwgQW1UgxyVfBeSrdwXHsPE1eoSAri+NViVSjTYe4hg=
pYn3RyiaY4vz2unSybTHuw==
mAzeFbkWBGyzJRgEWJSZYQNn44wFaguEUnqkvHVinQw=
NiGef/LGs6v8Em6sqLz1GYGKB0111uCW/TAqgkiW0+w=
2lfNnhNY+w/3xMaMUxJbE0YFT/wvMlSDz8Vrd5FEs18=
OCP1Ph2Cp1+JzJ0xD9apPZ90mq3Fn8fLArECzHJpfA/i4er8nLsYGgd9Rxc6MW9ZDjEiuh9zrXDvnvGgPaHJemWJpoKkihAjj9Uf80NIU4FpbcJT2hPMdDc23v0jJbvz
OCP1Ph2Cp1+JzJ0xD9apPUxW2K5oI59rHjd4YI4PEXR7OcKgjfExLDcDLEGv+moXtOUh5EPzTQVCKYkFUu8kFIzagcAP1m56UwXSzaDuJMv3roRXBuGSVlJ5bJyP5UtjyfqZd1K7dhW+laxv96IKlrX8vPDGcBvJd9+UbIw1mTjQeSN2QIqwNmukPL1Amh0f4zsTXPm1LAP8oOJTbySK91ijSz7+aMY2kVCsS5dKkpkD7iYdnw3vP7HjFrPGSrSQE/pOWyGuyK1A99UXhMJfQKZb9rGyhl4Di0J4M3mwUNIcpmHX8lNzFBJhKBMrJUnawBQ5l1E5PdXljGiCZ9vkvcgIPZ1GmT34zvwx7IriMAlh37SLR/esaaRQhVfBWSCS4iFJPAb3LqeuLqpWvqk7ZnSRrjrvMRtIriGwQU8lr2LLgP5r5IbRvJnPUMibCVibqp6k40iOJawDO9lEe9I9gPgFAAMdbMVsKNJ0zEDNPIVdT8L64mQoT8jr4UuGvpbyH7bzOozYIbubQ/6aW5txhp3sy2sem+fCE7fed0EcpsiSpJgFIKn2omx3NY8P/nBA9usxTNx8RnMMTrLflK2O5P/e1A1Kh/teZtyWrCY4NvJMc7V0jBMCGVJRM2HwwLh5
OCP1Ph2Cp1+JzJ0xD9apPdwt4g2TH2aRqRvNfbEc15uq3NCvQ1uHSplBRAhOK3hHij3vEilY0XE4jbUao2cWtg==
OCP1Ph2Cp1+JzJ0xD9apPaP8sR0sr21YIzwO51VZ2ROxkwhPJt9F/ml2Kv2ITR3nbuX7/mYDDTDZqThHUgYaP7I656z5r0hhaQnjsah2Vud7bddLuD5V+fgFeaQoLK+IjDv29sglwNiSYED53xRqtw==
OCP1Ph2Cp1+JzJ0xD9apPaP8sR0sr21YIzwO51VZ2ROpx88WOgosUxiT5GuzIN3sJyFBt3AdsJUD28JAEF0zanPoKDDMM5HJ6cXJfY8dNC8RhgokYsvHHk/P5TI6NeS7
OCP1Ph2Cp1+JzJ0xD9apPdg5hNnL/NiCy8V6Vaz42anl8ZIQGl/bH33Que64JTmVqVqcjJxVkVM3uKHC7UgdhRvNa9oum7/HQ1ihdpsicflRwEdKEsLw4igZZjDEo//z
OCP1Ph2Cp1+JzJ0xD9apPR1ciuTI8zcARCvvVTvDSwH3CbCMdyWtHr3ZwZh9zrhJoiJrXjK3JWTuXrkGDLSRMJb0LvyCBrU6X5MnF9ggq2ueu9cuFW494+KTkwCINBTt
OCP1Ph2Cp1+JzJ0xD9apPW4AzvBcFrT8887mDI3heqzuLDzx3SJkB5hNVxyNEol1SOpLOhwsARK5vo21GM3/SqrRcIJnvikWU8XCZ/3p/5R03t9tBqFQJ9VSNM7m6wiZbNuKzVN0ynBKHMu2xPuFkR1hYQ8/fNIYEfpmutHUUVPxIezwAVev37gCtHq8KASfp8q07SvF0PePUXfzcaNrM2nfpd0K7wP0lPv1f72gtZlzasyt4lzOPI38TpQPW0M4UMa6FDTydhmw92MpiPg03BgpKWmScgAjubb4E3Xvg0242iP2Gf7xKeNVXqV+OpW1cBznZfPbK0RxqtbuMatfRXwRF1dYbS9GEmY2x7h4R+AQRto5W9t/CEd+IgLwVaIFmTM5+H/WzOcefnLqoD+pQLw2Zcu62UCfDrCii9MDFuOw09zo87rHwama9v1GR51wt/2Nh3HYcPcmRjkwC1BEsVrdbHvlH9P96EPUtUdU6xcgsfLH+jRZ6dvKXlyTmSse9BkOMdxzNw0l4pMbt9r1xOz4R1SzMAH+gUWTXXMhj6dyPUf7wLBCA+ubAgdVAa45UBeXxUtC5uX1HKfAWsqn36Zotg5OfYGNuurAznknQm6wZGZtV0lX5/wow8i3JtEl
OCP1Ph2Cp1+JzJ0xD9apPU4oppShn7TKb6K4fOhfm9x2Q2MQJGxA32+EH/0V2Wdqtlio+1IRUd+xVECMrhURog==
OCP1Ph2Cp1+JzJ0xD9apPdzeUXjw1Vz57CSv55fsnYUH6Yep/fOuhjlIkzpM5GCzAR/vKpafoqNafCXBFp7D3Hz96vXyrqgPHl6ER3wUAtEby7Bc9e2weHHztfPO11/8lBDT1FzlcFnpiHlE0Y0HQQ==
OCP1Ph2Cp1+JzJ0xD9apPcXmDjKLI2VnjcdlvIx6tL0NeXgNm+jTAy8CGGDNyPBJuVDkPdMtWvY/4uSu4Dup3trH0qZmEGa6M7/rHzrV+ZVTZeatMKoPpx8e6gjwhOah
OCP1Ph2Cp1+JzJ0xD9apPdbYdtUz5uDaVLK6wIJG2GrB7lrul3Uh0RnXjN4krOmofGRAIgo2F2VQZtMN5a71iG+/tyffd+VGTt9vrcoFVXitYVZCni5z7GD8nU+C6ZcN
OCP1Ph2Cp1+JzJ0xD9apPdxc4Q3s1cjBQ5/pqE2xPAqAmDysdkJm5HmbNSUynMmE6wclnOWPMw5QzsdgtIiHd0HYNx6nBZJ16zwGzoVHf3X0WbC892b6LlKT2/bkS27T
OCP1Ph2Cp1+JzJ0xD9apPZN3u1qBFG8j6Pywq2JyqVTzVYEGxTI5PjwaBE1k9zcsEsYlSgu4+pKFJ7bBhZQ/T9ljwFDuWdBdb2xyc1Ubi3Gv4JkLCnlOzsG9lnBO7Y8NzE6owi/Fle004uFQmY2vqoJrx9/GpOfBy1PNVYb2yswNbHuCLWeC4wmNLbaYDwfyrJPsMRtfOT8jvGajB2tugbgViC0ODTIAQ/NfVqLISWpfv5f8q2N/YK288ZGuZDu3Mg+ZsRIo6OP9qA4QQ1HgbHK92U3Gxcf70s92b+Y6HB5ZhifiUwuorz5eAo9VqI4oIMI/CDSsqq9reNeDBGijLWS6e3Wvcc0LFnLegXAOpi0ZfO9JSCnwNL1UKd+RiVdStAevkwaKiQrzyApb5zCC6qG6oflWW0kLCHe23k0jA95Q/Prr/e8Sq4TLDjb0SaJi4Hhu03+wdb8sMOLIxtOqKyTgTsVPphPHElQblnnG+nOEUbzCVx+5a1N1mlSS1fs6XXKGypA21XRfJ7nkcIfV3XZL6XLAv2+msmTrz5pVk9Oi+fWb9mq4DtjPNU3BgoEtz40AdxmOgBdkwMoUTqis6pgAxO2KpGcEafnapTGEItgCKXlpu00vDpffC70HKxBj
OCP1Ph2Cp1+JzJ0xD9apPdxRxn+BZhMqxgeFjvv42m13+XTnpZzuEHc7MvAu+vvKEi1ESlbv/YxOd0HMZSW86g==
OCP1Ph2Cp1+JzJ0xD9apPa3yfCSac0+4cUqhCVVgFMq5ZxeGNfgzkrVnehIRG/i99zFYjqwNL1WnRcUklwG16X8/VvfW+/uIKlzmiYEAPX5v6zM9Hg1QKEWX8Ahk3qLBR58us3EtLCNtie+tB1TWTA==
OCP1Ph2Cp1+JzJ0xD9apPa3yfCSac0+4cUqhCVVgFMrROCyMGq5c9mS3Q2Zz4TZScnZa801YkdVPQb8dvfWjgi9R+z3YdkGjLWzSGjbvBI6Jmgr83Hd/tRiQ6cEtG89A
OCP1Ph2Cp1+JzJ0xD9apPZdkHKvWQBTPwXqlKB2oen7egVAdx+kuNCPlCaZ9DDDnYClcICIPTa/AigStdYOVG46SnZziQTkL19/cvEpzYrdtqKp3C4oMlrMB1RmG2xya
OCP1Ph2Cp1+JzJ0xD9apPVhsVJzk0MlY2Tx42C5Xr+evt/+3jXKbxtLI5pQCM0XH5FMCah/ltXneqQAqZGSMi27Afjmh6WsUnPSxx9swcnnKwfckzvY5V2FyBBTe4QqY
OCP1Ph2Cp1+JzJ0xD9apPa4Uty63T2re3JykoOS7HFxVzuRgNqoBhfzujpQL24bJa71HTrLdS7GZOBSVOrMveoIs01QDLaMH7Gj8rTSh4RvhHv/QmlAsq881HAD+eqyU
OCP1Ph2Cp1+JzJ0xD9apPU3I6J6ML9Xcxl9BnHB91nzgaal7zPNfQbRA2ColaLH+5Vnr8uZkSMWMnGbkuFSivRMyIQqPe+LzUPm2C6ogpVCs3Q1xKHT+z8J9Fvp8ZfGo
