GmcONIA9PFzHw1gpPLLPoqev3ytAH5KO3S/CJpMsylg=
35kyjVfwBJgytCi6KM5Vug==
FNt9orFfFSbPIXNSbXcP2Q==
gE2g7VQeqq0h5MkG44fPUw==
A4ZCFW7RnVRfEnbtNxUDb8VFIQmzxcIFLuiIjRY2q84=
cwgQW1UgxyVfBeSrdwXHsPE1eoSAri+NViVSjTYe4hg=
pYn3RyiaY4vz2unSybTHuw==
mAzeFbkWBGyzJRgEWJSZYQNn44wFaguEUnqkvHVinQw=
NiGef/LGs6v8Em6sqLz1GYGKB0111uCW/TAqgkiW0+w=
2lfNnhNY+w/3xMaMUxJbE0YFT/wvMlSDz8Vrd5FEs18=
OCP1Ph2Cp1+JzJ0xD9apPfT+Ayvc01zOrueJeMkm3dJTEdy9i+ZCoCZta2I8P2EpScAGmDWeVCoRiSYLPclxDkVp9KYbdh4E/I1MrId3NZbRkcScJxGIiIF3f7A5W48Y
OCP1Ph2Cp1+JzJ0xD9apPQkDExPPrrHz79l/Sq/il/iZomoNH7rIgjYC0edhg/gc/R1LSYwX2znPpJM8lBrKLiwS9kFboPulMRN8lKHGL2PCc2lpczWyEpYWeANmSMtb
OCP1Ph2Cp1+JzJ0xD9apPbe7jCUURc9O+Hy2qlqQSGJ96fTLD804Jj7AppFGyGh/k0OA5gfufEAgo2CeTKs7dwCkoeEqx/XQeTbfRDtlqQLnpVBzyRM+SS5iYouuToua
OCP1Ph2Cp1+JzJ0xD9apPUe0NMyx0DRBK9uUejOgwuJgoVwHbdGS7r4+mbvNgSyMzwPFt0uz6Ktdi/xEJxnmGthYCYpRXRkFzF/V5FV0AuIo/m67vh2irE+E2Ar6X5uE
OCP1Ph2Cp1+JzJ0xD9apPZf0PNjEnlSbNirk7SxK5HLBzOGSBGqRWecximY5zNAHacllurPgmcorxqFkRMKy7hIPLAaFQG5Z+h6GCx3Hi9h5xhVNf2OVzNUz2WCIjUkiDJKVNWEVrhyaL/m9VVO5LAGD7B8HONpgxf7mvQXp94NvmpG1ARaxc3PsHS3h9JnLdrG7NBi750sKS2wqj2lnyTnRpfMfecs4c9y8gXNTlt9W0vexhJPGyYOEjRxd22ZmbS4uHyrRRtVopXD/TIM5osxbX/dJb0msQQXmFbSV7tQpUIVFnmg3mKQJIKE7codIpKcFJQ3So+do9/aL7uZBatxEvujXTxPHLmectn7iOiK/7TTjz0lBCVFM8gQTmMybbcplHE5CZKC1qwW3pEBxfHmYnb/NV+gR4ddqg1npnbocxrRNUiBxqsaz8mcIlFBkg1YW8MY32fuEy6DgWeRlDyFuniSyxJAYPyatbHs9GnAK7Mr0Gqutfl2OWKSOMHJkF0VKdVAEqPWkXWcdufzes6Z1h7+aD9Z3iOiHUsHUaYuBz1ttf9P5YJKxtWlkSTpNWwgCloM6MRCHNciNWYJ1rQ5yLoLgCrXPJNgiRkFPXFw8Iz1lfZna1QUv1i+y8Lrk
OCP1Ph2Cp1+JzJ0xD9apPUFO5Ny4r2+XP2IyNZqqGj/uVBhS7YxiQ6Zzid9AeYEc9KwmZcLIa1LQSlF1Uv/FFg==
OCP1Ph2Cp1+JzJ0xD9apPXIn79arMjQDBuIrHMqNJZxSEO1IvIEH08ZJ9bvQLgo5ow9jflCkIcUiN5A3MjM8hc31V+pjleeXn6qeK/8vjoHSqJPGzOWGrHq/kJw1h/GGS9uYrjuj7K0oShXRqym/6w==
OCP1Ph2Cp1+JzJ0xD9apPXIn79arMjQDBuIrHMqNJZybP3+Pw+oaxY6H6wY1Ifc3x4V+ZL2U6B2gVaUcu+v8IuEU+DqJ5HA9myjLNel4wIeQ8CMb9n35bIAcDIqjraTa
OCP1Ph2Cp1+JzJ0xD9apPTrqa8x1kaBgGnQ6CHeOLejDzHkjukc5V8OpdCoZiheaLGViiMRPv3bH2wkDV2IzS4h+esy9NksIi4RcinYo28s9eDzfjPvlBNurX7HkvEaX
OCP1Ph2Cp1+JzJ0xD9apPTBikKDAbZLyr+iZNxrbhRQ8bwG4dcIRWHxsrzjR/EwpcYr44q6IQN3kylzL6sFFbhbQ3yY88ffdA5/b5i2/yAB/BJUqEo/QkNn11FAjc3hh
