GmcONIA9PFzHw1gpPLLPoqev3ytAH5KO3S/CJpMsylg=
35kyjVfwBJgytCi6KM5Vug==
FNt9orFfFSbPIXNSbXcP2Q==
gE2g7VQeqq0h5MkG44fPUw==
A4ZCFW7RnVRfEnbtNxUDb8VFIQmzxcIFLuiIjRY2q84=
cwgQW1UgxyVfBeSrdwXHsPE1eoSAri+NViVSjTYe4hg=
pYn3RyiaY4vz2unSybTHuw==
mAzeFbkWBGyzJRgEWJSZYQNn44wFaguEUnqkvHVinQw=
NiGef/LGs6v8Em6sqLz1GYGKB0111uCW/TAqgkiW0+w=
2lfNnhNY+w/3xMaMUxJbE0YFT/wvMlSDz8Vrd5FEs18=
OCP1Ph2Cp1+JzJ0xD9apPSxuANzdFfgsL2lvEqns0+zYl0nY0hPVaoFbweDOx+PD9A/90sRDKpl5CWrBtEYnC+v0DRuMCpjWpJoMPmAbhCwICbyuqb7CuyKVpaZG0+aY
OCP1Ph2Cp1+JzJ0xD9apPQFdtsuWDO/3YmwrvEGNhFzjWMjD63aiF9YrLLUUG/Sin2lYEDjUcYLiN3PwI0h+KgCdn51aNgZDlpmsDpOn1lXM8pYE57VdT/95Um42whlg
OCP1Ph2Cp1+JzJ0xD9apPUtaJH3mGb6dBx77yPAYwGB00OrWvQDovA8V5ttwvK7fDUgmz9GXzmy3u3xHRzolCd2ZQauMH1Wgk4lNbn1lTS2sfS0jFuOfIggt2mh41vDf
OCP1Ph2Cp1+JzJ0xD9apPRTUK/leWuYBA7OS9MP5e7ZdLcp42cirNS9W0bQAf7y+FWvBSnpIe8Vmvzm9J2BGlT/McgVGBRvPiCj6CjCMO6DDp8wO0wyPYDxdQjR6K+6h
OCP1Ph2Cp1+JzJ0xD9apPdls90+mSM0bOZhzJqkQyAKo4Kpb+5Tri/wmDBnYMCnqveqc7TnRxfkhP/AXpEIXafv2W8g9QxEWyZ+Suh24/citTKqawaNJapHqeUwxD3JH
OCP1Ph2Cp1+JzJ0xD9apPeSXudHSbx2rWKsGE8FzsJVsWDoD9lNL+K48ZOtEqrg5pVjcZ76W2sa5sz767e3L6F90eOBaTmWVrfn4+MbrnLwhMbm6AZ7ZKMshdAm/DU3g
OCP1Ph2Cp1+JzJ0xD9apPQFl4GXKv/g3cWPY/z93orgS2ZBxLKUQYHrLRUaj44JFDW2rDqowOCsYpJeAzYR2+BQqBggll0sGLOpKbHtUyLjPLtxM2QpBE9mqk05pxyg80oQXufEnIVSdj7hjey9EK7u10d3zI0MsiMLCPIPKOUJjH44ilS+UyrncenzKQqlIFzdWydW8Nwo/wWfEaMJaqjDT9Z8Y0IF6ugDpVXRJT9HUjWtzS9LMrkIDkTXhx6o2OQo7D570iFK284PlL65SNskIA7e1+7OIJWT3OKzVe0BnWD0ew/j6nWDgjLdQXbctE7VyALjyRdCzBTz+WiaHQHtAl/aQPV3SK1lw0sP0jgCtqeJMC0dvAnKKZa6DNUOZfpTikuKXradJo3dZ+mrCgNXNXZbfhK6/pWfR7vZwAvG7iTsjpTcvgvfvY6IPEIum+bt1mpYhH1fkBYZh+JI/Hrs61FSBwRJbDVsaMSuwJIg7QmdTEzx9dF4XrRjrLJIKhS1Pa41+u/MSz5qyypFE4HQlP/RhfVvMPftLRYRuWbNp880UAc8BVKPOW0CV2Becsul/t+hvis73a8+Azu9WZi1HxAaIGNGAM5uKFqM1rS1iqeLqnb8P+uaHTKSDRXPG
OCP1Ph2Cp1+JzJ0xD9apPaqK4iQtd2fDGrxx6Q9uD62udhx4DHiD6ksW5eCha6ukYOIsaj6OZntPsO6b/jXVrw==
OCP1Ph2Cp1+JzJ0xD9apPWcaZLp99SY9ElcEoaDod9wlDRYyRCYJqMlMls77PC+U4y3Cqldk6H8IUDcIo1Qki759XDj3HLEd1TiuIA0vcZnxEqtu8AAfRGlNkzQ7I6VG9F4nkBX/5GsoQq2qFAr6sw==
OCP1Ph2Cp1+JzJ0xD9apPWcaZLp99SY9ElcEoaDod9zI4byL3Oxn32azw9OY4USPZ5hdKmTFpZygtv6IzNiu6LBqC8umnMMeNonMWfA0UlGNM5SpX/gxl1TRwgVz9avv
OCP1Ph2Cp1+JzJ0xD9apPd8L3/QOlZTvSV9c0hE05wDQOo6dl1d9j+lC6QTabEUR6svNheeVhe/q9kUeRXizb82fhWcXMB7PO+Eapl368zlGKvS8TGW8oOwq/53ndfzO
