GmcONIA9PFzHw1gpPLLPoqev3ytAH5KO3S/CJpMsylg=
35kyjVfwBJgytCi6KM5Vug==
FNt9orFfFSbPIXNSbXcP2Q==
gE2g7VQeqq0h5MkG44fPUw==
A4ZCFW7RnVRfEnbtNxUDb8VFIQmzxcIFLuiIjRY2q84=
cwgQW1UgxyVfBeSrdwXHsPE1eoSAri+NViVSjTYe4hg=
pYn3RyiaY4vz2unSybTHuw==
mAzeFbkWBGyzJRgEWJSZYQNn44wFaguEUnqkvHVinQw=
NiGef/LGs6v8Em6sqLz1GYGKB0111uCW/TAqgkiW0+w=
2lfNnhNY+w/3xMaMUxJbE0YFT/wvMlSDz8Vrd5FEs18=
OCP1Ph2Cp1+JzJ0xD9apPXR81fuE1hN1Fq6T44+gCAz1Zmpy2rcJOfvoEF2cLlm8nm/gppcvbGp5jRVR2p025pDgWcOtpCtfBcUJXQgS1H+eIQV6OjEQO/F8JbtBqeB0
OCP1Ph2Cp1+JzJ0xD9apPQOToKjU8bYoUgY0ey4dvh0M4cJut5Zz+72XKGvtuTCSLLhow8gf3OP5wn9FTwC3jtewUaebmMmULvS3r/Cmqi0gc+oiRNctJjotvoCH75H2
OCP1Ph2Cp1+JzJ0xD9apPc7Z3BcEnuJVCwWumQQiG6q+Oqy3LLw0c3xSL1afpi0GjcLLAlmUKoMKtBT6Oj6uj8wXymvckIAktUyfFLEkBkEySNu9n0Gb27L7lq6YE6a/
OCP1Ph2Cp1+JzJ0xD9apPRpY/hVIRuaTF7BQ2vn+5wGCMLOnaSYoj9t8yd/W7OwzOp+Tq94vVz75V8UEtoQAeeMClJ6tDmh60L3ZNHMJbRe0B0KZZAQ/NldP8rjaCce3
OCP1Ph2Cp1+JzJ0xD9apPa00nVzIqVDpXhcattEjCRBcpR15UXq1UWKKbBFQOZpp4MUgPpY1V7TpDY1b3ljN8zwEibyeoMhgolbxD0ts7kPqgvJHOxqkuCPSu2QahimO
OCP1Ph2Cp1+JzJ0xD9apPeJNm7MWB/0Y1pkK50NlwUbF7kchvC/VLjtdlvVRULuMZRR0zmrUO82EQBwBzSzNHgAmHqG/olswkKp7IdIubIXr/O/Zz6OmtTotxtvx7bOh
OCP1Ph2Cp1+JzJ0xD9apPdk+txgUQpVElkJ94F3efST5m1plf87jJl8/vKQx3l86MxJkWsYikkb7TtVW/U3eesMfv/Qd4R10paCvMAV4ao+n3cAgm7BLPFRyr2a0wyYt
OCP1Ph2Cp1+JzJ0xD9apPfupYXkF++SbaQzOwWa0ozciIuKt8M8zYAKQeowQW3ypIgzyJN6/H+SubfJDDdwg//Nfg/nS2KLelJE8B6P99jYGBxfe7eQasVuKrH9zYlqLRHd4jcdOm1OkIZfVZwurWuHBc5KMgnlBlVNsx0Z5f1yvuTc0A9bU8R/g+oMhBFoqwNaWhvi0vZY2wY9VBxm6fNzb/HbHcKl4GRD3cQ1kYVIla+QFXrBMKutPQ17zvRCD8Lyu5hBGmipcEyrpakx2cW04RHxWk5e8D9ay8DtL2PqjzpHN/o9IXARsOI5oAajTwYgov4v0QrlvBbYW9MQnZuLz4/ZpRj3qShoquxLn1A2l3xIk6WWJQfLUQXnDpwoZ7XWOr8XQcFlY7R2GoUhr0WMyPzd8UWcNhvPdrL2N2x+ba4YDtm5VELXG4d+O1tOJoD5vIo2f+jTUfDV2vJYbh6w711KwtkqDNA8gWcR2xI4s5CVm+ngfUyzPHdILyHMDSWyNrXB/Gv0WIoeNmrqzcouvYaD1yDvfXpQmKIr+lLjmSyrR2B5gDxtTj/qY9GGJ5q8AwdWSAlt0Sg6EKG6K4Kx6BLPkyaFml1LSg4QM0T15g/4hiEUCeAAZC4FOWmqH
OCP1Ph2Cp1+JzJ0xD9apPZtqrqm9QghY+89w8JyTnUTHWLaUQpTcUjRCg3mBfVANu483pnzl5dGL/euwwGvtXA==
OCP1Ph2Cp1+JzJ0xD9apPbcQCDXSrDMsKPMlU3Q9bw39VAOC+Hx+IJXygvKRJbHpTdd9KD5Aw9R3JmOyjEGpa/5SC4lLzsK5wq7WU+SMli7PS3z68wDm64+E7HBBnIFFnPaa/Z9crvTBhGGFEBE3XA==
OCP1Ph2Cp1+JzJ0xD9apPbcQCDXSrDMsKPMlU3Q9bw24LIP245VyNRVPWE3Pwxc4hKQRG1iY01gUXU4EjDn6HNbOSwumjtk7/iWw7IqCGVPQcjDGHLj2rIzefCOBXV+w
