GmcONIA9PFzHw1gpPLLPoqev3ytAH5KO3S/CJpMsylg=
35kyjVfwBJgytCi6KM5Vug==
FNt9orFfFSbPIXNSbXcP2Q==
gE2g7VQeqq0h5MkG44fPUw==
A4ZCFW7RnVRfEnbtNxUDb8VFIQmzxcIFLuiIjRY2q84=
cwgQW1UgxyVfBeSrdwXHsPE1eoSAri+NViVSjTYe4hg=
pYn3RyiaY4vz2unSybTHuw==
mAzeFbkWBGyzJRgEWJSZYQNn44wFaguEUnqkvHVinQw=
NiGef/LGs6v8Em6sqLz1GYGKB0111uCW/TAqgkiW0+w=
2lfNnhNY+w/3xMaMUxJbE0YFT/wvMlSDz8Vrd5FEs18=
OCP1Ph2Cp1+JzJ0xD9apPccph4cPgFkgakE7GGmDZ3OC5agHNvMqPYPABDNyjyj54aHvMnXsKgzIW1x5CqLLHn/8Zaxgq4oCaUZf0SNjw3m/4Z7kROPBmKA8QYG123bRwTLB4ZHsHk+qEgs5OjcdhrfykiEe5gFazuTpwRb8v3GrJqy46Zx+mrVHnTyws1BzYDrPffeE3dbQTw0bDt6gh5xEmxHpscWILPFyuMyuiyZKYNnteWlCVGZ3QdNK7RQbkooLnDIgwPJRnM0xPWMpF51WlNb92s5vetIjo+ozppw5RS3aXzlVDtOksSxUQHZ3lIhRmN3Dp+3QvV7P9Fcv9MKVT7vVmoYFaUBzB7hrZ2/yFdjcjb72Bf9ifXTlYyRZVGRhiQ16rI+fUfB3gToPIMdv3VdrrhnSp/qaMMiPUCj7/5cPvmuBBxH6VZ6+7+siakUnEY2Fka9RbNHPxLfcztV7UTvDntALvK2LAU+8R/r5WwkvjT7ni07UNNNwnssKNlPgsNDJ2OwHKFX9i9Z/DtKWB0nyGN0F9acbVL7Q2LkxwrnnSDZAn0O4qYPztzstAlBUbRwubB0C4Sq4vJQ4kEHbqp04VcJX99eHbmJgrDL6VCTu7N1Bd/CVkMoCkqQY
OCP1Ph2Cp1+JzJ0xD9apPTmDdrriAWF5cT30KE8bRPXi+oYW0AL0hcLpWCSFDp0qpoPiQWq/e1F8tUQLFrLsAg==
OCP1Ph2Cp1+JzJ0xD9apPdMfpMv33dJw8ExB+YmyCAu/OcbXuvACmjwDg9c0prf49alMP2NlxFfioO5gOar6C9jUm5Ls3Ol+jH7Znj7d5jy5m/v1oWACsRHQY1q5MjI32zi/KZ2/B7YMd7wsrTXZhA==
OCP1Ph2Cp1+JzJ0xD9apPbl0ts+6HFSzIolAj7I44oWn1UNxxYapyEJq/z3cKlp40BWlEGXpR0Dem+GwllFVvZMU0gd6sCeLn2ziWKW+JCdizepFId1PPnTEKBysiaIX
OCP1Ph2Cp1+JzJ0xD9apPYtJUyBQ+qu5CTvUitV/3v8QF5BBy6EutBhhxSH6b1CcvsrAvYT9XOeSV5ue3o5Rl4a/0gU651Wzi48rasFanhq8wL5I2emHlLUXCdEXctND
OCP1Ph2Cp1+JzJ0xD9apPQZRX12fTNIRcmp8yxC6X8eQW5umtZIl34NpgII0IMEYV1HMfkulMrdupBoBci0ja2/3JH46ZGwbR7eWF9qoNQ5WyBL4NsJqPkwBp1o1+W2Q
OCP1Ph2Cp1+JzJ0xD9apPYxK/SPhu45k6d/tTTU2jtUGPySu/whTOVNvsCIU8Nbi5pxKmOy4cjYttpPQdxZApzHdr/dxmr2G2SU35lBiYRvTOiv1/TgRu5e/T6/PQm8j
OCP1Ph2Cp1+JzJ0xD9apPVQPReEPyJuvNZjAbrEv2mHWXJjbf2xDMuMGBxA1Ds2kM7vXItlMWRiUFCWA1vdsNDHtLBAyx+h1DMPbThTN+4y4js8hTK8e9rg5MUV6hpUvzzwK2ov/GQxi4hIiNK84blNXuMfeqpbMsicTjwOiq8+dfj60c98SlQOOQDGSmBFvJO6GbnEKG6/5CfkZlPeEU186uNwB21sU7skxV5L+N+D4Kkg6tIIDefwAUAfXikXBLZfk25wBxOZE66NGT60+7fKtjeIQtaGe4t4ghRvFAn4OAxNiv78eCPjUIHOpZ7DNNjI/vZkqMUy77kmc8GQfywmIFLXyx2/eaxmlnFlttObIZFXWXO1cXLFjF5QQ6gkdZs/rkB8MMNpKD6r0uyzc8GIq1Xx1Whfu6ZRxSJRgQxIK9D1TPCr04efDQVeey3wcoS38OnaBzEyS3Ngq4bIYyNpckC2VRz5ugxzcBvD50hMOAPpedPvuLF/v3NVQdEA0YUHVCw0D66TZlk4IYDUIincub8CdAO/p3yZ3HFGRXX2rNYY50uVxdYebfAhUDJQAmc0h6/R25i3vCZU2zuIOM5h/ZCeNVMYF83bemhe7SGksdvWXN8WqU9CmQeOQU5aC
OCP1Ph2Cp1+JzJ0xD9apPSNKqigzgubPjZ/OFv5JdPQSRawDtre1AFy1ozcYnwyeTxe3GaxYXv/XVDP07/R4LA==
OCP1Ph2Cp1+JzJ0xD9apPSAvYG+/caPuLMoru0jYrEg6iN4nVmYH0tIQPlfuKwfCLbUjkr5Fxwro6Z5Xde8XZHzRipi3ez4/jU4QiAcBWbRr/ulKbUb/B0K8U3iP81DSPoObWNfkdWhUyYkgJ/4LdQ==
OCP1Ph2Cp1+JzJ0xD9apPeiodogAqF4z5XijeTibBbN3tJ2Lw4Q8Ve3TfS8f3VgCnfBgJx1cLX4Ott5IndgLfmxK3iU0WguEr9lvvwRlJAru1GY2VCBBHkAgwTGB67g6
