GmcONIA9PFzHw1gpPLLPoqev3ytAH5KO3S/CJpMsylg=
35kyjVfwBJgytCi6KM5Vug==
FNt9orFfFSbPIXNSbXcP2Q==
gE2g7VQeqq0h5MkG44fPUw==
A4ZCFW7RnVRfEnbtNxUDb8VFIQmzxcIFLuiIjRY2q84=
cwgQW1UgxyVfBeSrdwXHsPE1eoSAri+NViVSjTYe4hg=
pYn3RyiaY4vz2unSybTHuw==
mAzeFbkWBGyzJRgEWJSZYQNn44wFaguEUnqkvHVinQw=
NiGef/LGs6v8Em6sqLz1GYGKB0111uCW/TAqgkiW0+w=
2lfNnhNY+w/3xMaMUxJbE0YFT/wvMlSDz8Vrd5FEs18=
moeKLuTcQ4wmFt55BNOYCx3YOdNjV5qDtyNX6yqeOub/m0fkge4kuB7mvryw9HSa+G4hMqoKLIgMxxwFzMA5383c91PbUzkGfHeNS7lNeRaiRiBakPByoTmcHZ2pBslb
moeKLuTcQ4wmFt55BNOYCzw2QUFoCO108BgoDWb7pHT/1EDj5ET5JagTfHvVWOuuyKT1pnaHuQhMcFuDQTennW3X7bUrzsSxW6Sdj1xTMhgzMuMGy78iqnS5/TItY+lL/M6LyDHov5hmtW955lQGPw==
moeKLuTcQ4wmFt55BNOYC475yQxE6TqnTFhp0tuMXvX+tGnJ6uc4oCYgj0RnGi+Thv6cPyj21ssvJEn6Iz6IQwcB41UL7KUjiTDNlfFrStvD/b5eE0QJVomjpWy0IwvFqTaFSc/bzVKgWJHkzsrolA==
moeKLuTcQ4wmFt55BNOYC4okhaKztjaBO30NY4YJsPzybRkUqLK96T7TVgDu3/nCkDaxD8s8zUI9op3borDXwyFw0MwP2c66Z2M3QrUPGL1o/dgK2Ra31LgT5vRP8WAk+EaQw47uHkt168n5vMTjCg==
moeKLuTcQ4wmFt55BNOYC6t7BiKcahsNFBrX9V+SN6fc60PPOFQhObUl9le71o++RgO+tFq8Kk71fwv/pAq1j59iW7XUb8tKjRoDypeGnARToaYBhAhWzX38A1+OMjl1CS4bwfK1MX7fhvFr13lgRQ==
moeKLuTcQ4wmFt55BNOYCxiODXfhBPC4fmCTtbU7QD+UWCFWCBTbJBnXDZZqVrJdXx9P/l15jgSYm6nOwiXZfaC5rDP/KltBLztxUdZ6jbW5Qqr0Fn6/1G4CLZTf1zCVpbSfXrD9g9fd81iVwPNsOlxsMOv5B2/lQ0Tf88G6XSA=
moeKLuTcQ4wmFt55BNOYCxiODXfhBPC4fmCTtbU7QD+UWCFWCBTbJBnXDZZqVrJdM2KEFDxhbDyBZcLKxL+aW829dS7oQDxo7u3pdq8ZL8n5scEUhFyUrw4192GNh+lfAqyBcTsYiBkduZ2ZqnuMiA==
moeKLuTcQ4wmFt55BNOYC4AHn4MIXgFpk5y4N1QFRIX1Irvhn71P/ozWcLVlD30CSmv9qw2RgdQlhwnPL5Ni8fs7L2+11WWrHdeyCm9pnVtudELhgkFUj2+Qm38W/p4iauXiyptBTEKOlIAH9QS6t6q/ZxBMD687cE7qxS9B8LCuHAjOedDnyPIu0w9q5BuAdInN+m/0IsI/I000NV88urWdPrz1pLN7FK521xe4xXQ=
moeKLuTcQ4wmFt55BNOYC2J0P0dKSTs6DKHg7OuQA1+8I2l/OrqMmfoTaMhiF94q3lTRtGiHp14XqtkjLjTHT9K3WvvJbKNNCEgFVY1on3JauMXiiCExrIbGHpACU78jpVWNcMyiJjAMeOCVJoi/ZA==
moeKLuTcQ4wmFt55BNOYC12jdbPtQ4vejjj86uU1Eiarxm657Rk7LZkl1jgAJHUshOMO+rMHuYVGMPXV1w5hagXvBxtG4mAYVgC5cIZhoNc=
moeKLuTcQ4wmFt55BNOYC719QvUrcIwmLJhNd+0kiSxyCh0ENQVFMRHOmHSwpvN+3IH9lR7nI+P2VYn0tni23jDtdO+j3lIxyk1t5DHZxGdLZ45S+XATcRG+EHiPXobOHvUvOJw93bTkc/xzGnz+pg==
moeKLuTcQ4wmFt55BNOYC7hzaxqJFgnOI3D3GgnCdc5vkhedAV7BY/BbroZXa/wGP5xdFmUJBJjIQeNOrHzqhT5pGesvARL9NiNutm0A2as=
moeKLuTcQ4wmFt55BNOYC+/l0Y8mG5xLoUzwD5HCd6UR1ZmDC9w9K5bXIiCdxDcLJhW/RCBvVnkuC12XV5fLZR8Y04u77muuj/C6LHQjPTqNDtP69nAZMM3mpTo5PgJB
moeKLuTcQ4wmFt55BNOYC9cboyFRSydr/tejCIEDkNpXxr+BbGQDOS6Sdo+OAJu8iBHLE2Be6ouvLRAPfNAHmNi+bNQgZndWE6cCbRgkz46qA4n03sRR2DnJLMPoosLH
moeKLuTcQ4wmFt55BNOYC5fi37+uYxePp/O/b7r0bciGBKlDG5hwM5BXySQgiIO/XEVPzh87cvaifj5Rys/iDEdQJ06mahGRN9Csq0TvQkx8Nis+lvAPpYnENjMvQ++NYkwJu5nPTVnVW1vF58iw9w==
moeKLuTcQ4wmFt55BNOYC1BZ6Bzzo76mprS6Hb5IKYnOJot7bdGZFmdWPXtp41UidCfGOh62u4FxsTRzIZvhAz1wato5s9QHv9llO/xMqjBWG12hYEUmXJ/piAOHXtwQxTpcZfI7yFjkZewf+a65eA==
moeKLuTcQ4wmFt55BNOYC1BZ6Bzzo76mprS6Hb5IKYnOJot7bdGZFmdWPXtp41UidCfGOh62u4FxsTRzIZvhA6RQnIEpCW5+Dgl7DTjwg/ZBE9KTL6y/IKIZYJGFSPyo9MtGHEOX03V73s+A4EuGGQ==
moeKLuTcQ4wmFt55BNOYCylh/36MOTVlirPTbRD5tLNPHwFqP885XO/gp+x4JJ05GnbvGFkihyGyZmfU0dzWIJS1/fx3camY2Y4jhIGlL+JsnOXicftAx+iXf5REeWD/Q8xjwKNU2CHo6DkskludKQ==
moeKLuTcQ4wmFt55BNOYC3HpOckddn7+jqclUBragnfmV1A7tHw3GitKIo8NUGBObBmSKsYvMIGcq7ocuGPxkD8WJpSqsagrG/ootiZmQHt9Xw2TI0WcQcigH/XspW4y
moeKLuTcQ4wmFt55BNOYC6+wKB+MEGsxNd+paIHougzVLN2ETEL/BQqe2zsOSxGKWns0GWftip2OThJQvHf3FAJzEyN8xPUMhYZBtBBhvPyc0akucFIcIgiVNScBbA3rmwoKtM3t7Oc8TnTjqDA35Y2ycO1M/eQJI3PTnsWuHew=
moeKLuTcQ4wmFt55BNOYC1YU3HDhPnymw2QMuhlcNrDCn7g34kuREHfj/ILMA0rsDvDRrxpvybK5KWgXrDACen8Cf5OHNqsH1UShgsprcJVNRKZozESxsfEtVSaGKGk5yJVKrlqe9w0BBaDh8CMy/A==
moeKLuTcQ4wmFt55BNOYC4F1V/LbMtAMa+ntGYZX2eGZSos6YhFEfezraq+08JXyEl9q54yE5tv7RPzosTUV4utcejEi8BTUaaoKc4pIYSE2/JHjL9EHc/vhlaZUyZfR
moeKLuTcQ4wmFt55BNOYCyuucxbyxU9pGxjJ1gpbNzl6OI18sOiTmpV3ts01UVzlUhQHN0gTYHZQTuQmhUpP17BqRCgIRQmlEGAKqkQ63eytgEaRl9cHosjBXXKyKfNW/7EGkuz9xCZL7LcxLYNvMQ==
moeKLuTcQ4wmFt55BNOYCx9u2OCOQxVVNI4E0ycFx3wHRhn6ao73m/kRNNbf+r/Kz9jxufScuKekJoPYoQornlx0mUBy3Qc3LL1my1lFcH1VinoBOCIyihFOIC5ETHnbf0KMkXpa+Q6NSxnfb/ZcDw==
moeKLuTcQ4wmFt55BNOYC7E1grnUU7vAQgc+DjC+N4uvusz/LKfI7Wf+sPnZKI7TaZZ+xpfPoXnNXakuZAXWQ91zcGoOU54JrTELt0YbPql9KW1RVVeveP+eKmNqwUX0
moeKLuTcQ4wmFt55BNOYC9LDm0sWC56Q5dvGDvwQqHy9aY3zcO7+Mz5fyXtE6cxQMrROrpWxBbWjDvRwtuVCjt1sROoup3D0RyMqJsSocMQul0hfeCvJ09Z7BarOB0SjhBGokemwd+o8ChbFMCZs2L45nDLoXig8dEaElCx5pUs=
moeKLuTcQ4wmFt55BNOYCy5soqIpt2Q1Ex/qx5oH6yJ/czjLJmZjYL0jNxlgU9/GKptx/zfzouVSyl9ulD+XGjPXSC6gZY3GRx/0onfFiUjH/ZFObDBWV3YrHqrtVsE/KiUw8WhYCJUcwQbIPByE0w==
moeKLuTcQ4wmFt55BNOYC3Qs26oldVF9k4+bTlZ8xWiEcEMoXS/J81rbzkWwnEl4QM/Rna6NSlM4DXgSqysKoPPcjp1Ne6Ly7mtyUAE9YSziucQvyNEte3EY343GyAEm
moeKLuTcQ4wmFt55BNOYCwoO15pPEYiM1LDHDctVp9hyPZfxlHYGsIjmWqK2mzM7SaOHS88Zl2TJxZOwUn+OKz0PcwzPR4r2DsGKVYHVbvTI6nYldI+h5vWIKIHVwpQNmrCm3ZunMqzR3lUHQrvPfw==
moeKLuTcQ4wmFt55BNOYCwIk9DDkNGjJSiFjD/2AwIkyLeKsuPOBI7RL/TE2ZKOjlPbQREW3CjfitMaF2N6uROCSrmf14YCQitz0RazQU51tKD/vAaVErbWqLEAKA0foOHl+CKU+J/P3EgNK/9Q0XA==
moeKLuTcQ4wmFt55BNOYCxSFIQugcgqLRIoH82OwXvQRongTS4UpRzwfDuLxkT1/ByOpq/rTxdddc3HA4Um84vXAnrnimPl7Aqnp2k2Tv5DCYy4LnRrXJjFAx5HwXl/uN2YRMoeIHUNzbnDTlmrcAA==
moeKLuTcQ4wmFt55BNOYCxYldCykOJbzkwc0JQsrkqRRz46v3muiasvmHVGP9H9MTH+n0Er//vpO31+Tgj8jrxTw00wNACli7mhUxxNMyk/ZYRdKcfGq/e4A/aFkkptonZBGVJXt0J6NlTQS9TIYuA==
moeKLuTcQ4wmFt55BNOYC5a6c4lHNq5nr2L+3Jhp8ZSr4++RU6nR9mm+8Qlq17iHCDdx4UUgl2TNszAWWuUQaKenenY/mLEZDHMjV2AoYjWfvu/WCBVXdBv8fzmeCKvT
moeKLuTcQ4wmFt55BNOYCzjaxNW1TcC7+p858MX0wkJb2Fb5KbZuZaE1W9xVnRc9LjOtSvW7hTz5pRYuDSpW+mpD4GiNffemNKM9gRn4V0uf78IaD4OJ4hUIMU7kiw+U9Fw9prLAViiAmuawfZpKAw==
moeKLuTcQ4wmFt55BNOYCzVuOCE2HZzqv8hLK9S4EpNmrWGa1v3mBbFImLpOIb2PgIMBsdieANNarZioVqs2bJPeym/sV4Bqr/r5vZHkqlpw6mtK6CAeK4iFe9/iln0Z
moeKLuTcQ4wmFt55BNOYCzb8/XMIAJFBiaXuZ6mb5Y4MvF4twg5D0hdoh6vhn/lOrJwhVA4fRBwA5X181gFtDsecWhPYZIyQk3E2g9+tjakkpPA3SE4+3EJ4JJn9JVy/3w6BkSvCKRyAxMLKzwBrIw==
moeKLuTcQ4wmFt55BNOYC8vYp8fKB7ya8NVhmzsscvNHqvplu2FZgLIqlnFfhLuRAAkbFxIhvK/NX0gjjlFMPTzP2uQKrYyFgr9w9sxQPQgXQqQ+Lzka/cYXdbh+on5tOkl8pMqt0Ghl2q+DSxLv+w==
moeKLuTcQ4wmFt55BNOYC55tobLS4JFUGkYEqIVB+6cw7IYwNpCc/aUl4JFp3r1vEKzi1iI4loaKRKRmBE04xuSg8ano6YEEhR0pFAxHL5o72vqQg6I5janRuAZ4BY6k6vsywJLJs1tbWIE+UKlDfw==
moeKLuTcQ4wmFt55BNOYCygg8MWYzVSEYFWXP6uA2NIk9ZiKO2Enef8txK4c/av7oyuK7mcvSo9j8OoJxwpn8PA/tYCANXziNfIKx6Qmp1qcGMZvLNRGc4oRC4USwU97TJ3xHRM5DoV0IgS2a6+/UA==
moeKLuTcQ4wmFt55BNOYCzExtMJYEQF7bRUvryZKDwUTOnyTswLiawMCnKcd1Ie8Lq3V1xVSAilX9Od/ZFb93wGpnISgwWLtSzqDTXMKYPCmioG0HyktS7UC1pYZ+I1e
moeKLuTcQ4wmFt55BNOYCy4IgOtUINq6eIS1qQCO5a8T/4YS1BV4ij0GLTuPEGo+JhbXRMoxUPed5JFcuydCIDaGY+8my1itsiPvhCfbm87pUjmIRURZzeHeshJ1BTjVjJ+bPEAE0ks6RIXWSHwBiA==
moeKLuTcQ4wmFt55BNOYC04iZqkjC/whLwRBC50UbeDa3eREcPP25XivSbdW0Xc8qIdKZDxb/JbDzxj2IBoVxl5iI8kR8GO4R1lSAC72pEi4nR5RXusYlw2JbEIW4nIl
moeKLuTcQ4wmFt55BNOYC8+i3FClFFI8uDgR1tuIItuLlhwmUDR+1xZUeRDwbPtA12GL2GXmaoVNFdUCUlZhD4i9iVsJJ6d7y+aVKIkDDVIIdBPMfVdHXfUUkLDPsmUHSE6SLeNad0THijoSqwtYmQ==
moeKLuTcQ4wmFt55BNOYC/3gw6NPhkck739sMwrf3qaTQ/IKLibhgYslh9Owd8jo1w3mnH5hD5tzb8cptwfPP/hS4SwffWo9lJvpQbXaA9YgOnftPtwJUJGczMCV0fewW/zwKAF0C71ZsD6INWQg4g==
moeKLuTcQ4wmFt55BNOYCz34pp+tQ9/JANJsqIBGO8tpWcQhjbxushZpSEBqix9vARIyfRRx2mqBUM1NXRZk4gAHxZJ2sTvCzI50YLc82THJ63u35vZqvLfN4ZCUZdWSHJmnP3CBPSEtJVtzQoYdHA==
moeKLuTcQ4wmFt55BNOYC0RxPqnOz+/6ESvKdMoO2aYoU38Wjo9wbKhtQRKYaKPcpTkB1eI1ktO8UK9dsNA78bzjTFPWGAoZuCqIRzs9qpEGOeOcip4qF3xJSVC4VnbLxn9qkCpdtUTyKGMeA3Pbww==
moeKLuTcQ4wmFt55BNOYCxbr9GvI1EBkelegkgNyRhX4nauVS1VCYfABpUCwgb3FQerLKqmP8CPQFKj01qJe47SwXzJKfy/hVDpAgdBdsxDto9x8GL2dYfo9DoVcWl7K
moeKLuTcQ4wmFt55BNOYCwmjTptR/qlWHhimYQLPh7DA5ClM2aRZuYN/2uU91RokJBADkJirTzc0LcFCjEshH4PNpnl2POpN43QRGI5plZeMbEpa4CJB25xkgcjCL3QaDYrxOfauko7Vtp3Qtj5jww==
moeKLuTcQ4wmFt55BNOYCzcZ2ihTWg/F/ySXdEHWY8ODz2ENOD2TuL30Dm1Xahh3pjlL2KW04OK3xhfR3Dv+2qYdMrNPS3m50HX4PJw4rAqygxsjD04Xo8EtvraEKls/
moeKLuTcQ4wmFt55BNOYC2FwcCTZV0h1CHorRYhGCJFJt8WEuo0whwMQ1g6d3ShD/S/n/FS1xTq0c4tp3eY1jfHNPx7yxQBrCvcU4Vi196H4dvweTzHzqNSy5gY9Rfz38RbhrAcjrMvkes4bRaRe0g==
moeKLuTcQ4wmFt55BNOYC0BIYx/7iIOwGr3xvEQjFHOk0Bw/laHIjO010qn3NRNr1BrryD7Xa+04tZq3q81xcUGRx2lXrY0xQEG5j6URnQg1qpya459lPGexUe8WMsxkTfIikE1N4crYgmlAq+D1Lw==
moeKLuTcQ4wmFt55BNOYC6yoa4q7UX1J7usRs8fYx5qxJMd9o8MCqnfX2bt7Yr0yHxgAJDJzP4TMspUpXczYgy6u2CgRevIQ/OAQ3lhVja0gM66tydsEZez2cJUYaQsAerXNLb9VrSnWcUqiLttsHg==
moeKLuTcQ4wmFt55BNOYC5Tz73ox6HbELY6WEcTW/Gx9zWcey0ZtwppdAEz3a2RioUN1h1YF2ghXcMxXfNF+x7bGrx5SPMxt1WCaIECdDagGMo5SA1ql6AOAg6fXTAZv
moeKLuTcQ4wmFt55BNOYCwvi9jNqbLQ/rzFBlVRptexZv/al12pmXnd2NVay2YwfCJ16/ibktOe2MKwIv/DJyUjw1QFLSahYxfpEva5MRGLuh7qbDYdlOl4pF1BAd37j
moeKLuTcQ4wmFt55BNOYC88c8mtw9tff0wxTxBAwXs1VP9diN8BV0WB+FY47QiB7B0BkJnndAaLabwaRvkyYflGWK4L7HoM0mPiMtWdl9De3RfdSgOEJwzmxopwnoIQ3VMQEzlO4XvgayEXzOVG1tA==
moeKLuTcQ4wmFt55BNOYCz4V0vqdO6tHB85zBFAuj6g6NTctfQL2O9x9CW0xGN8DiZRuaAhJG4j+3js5U3CU2ruJGPYSelCRaAzrYNuiP+vgjK003Xv4wbOGZjH1LZ7v4o1svP+iW1wGgYgHxcWk9w==
moeKLuTcQ4wmFt55BNOYC9WF85JaUHAik01Ye7CNSET3XUFzFz4NMw3iPlNZduMcVF/fkrBrAZ2fYCwqQM6HraUg/UD2aAghrkCB8mEn2dUPHirOv6edF4xx5pq2lLgt
moeKLuTcQ4wmFt55BNOYCw9KoiKumRjAyTCyyxDoFTZJrxVgzQ5tA40UDsU0DF32aAMYQavqSP3A109FgTELAVWn/26QOnkygrHTu0tTGWTDFdqn+cQc6X4txDWRbxKnraTA73cwWeg+f1lpvm4uaQ==
moeKLuTcQ4wmFt55BNOYCy4k3Hf1Ui1jRdWYhyhVeviBqi2bBYzokKwHK2R/djv/qyXHULvt4zI0zYgXOoIKExHQ7Jhw7PWGmLqywqwrnVXI7WplCPTJEm6duZZ3mKDN7gGygnw9P/tUec36Cg86dQ==
moeKLuTcQ4wmFt55BNOYCy4k3Hf1Ui1jRdWYhyhVeviBqi2bBYzokKwHK2R/djv/qyXHULvt4zI0zYgXOoIKEwCL+CV4dH8+eMpjcWe2I8Z44O6C6N2nAH8e1sIifjKiCnHlRZYy6UdpEzdLF8vxfw==
moeKLuTcQ4wmFt55BNOYC2GrTz5N4S97wl2tZwrcZSpq6yybAm0acWG1fknClKOKSCiP9XLDw1qUFMTlpRTlk+AxcOS0Gkec82L/p0KyOe2OM4X9FQvlJzEoq8mXazqiL7p4lqQ++so7SKdE4YeAVg==
moeKLuTcQ4wmFt55BNOYC2GrTz5N4S97wl2tZwrcZSpq6yybAm0acWG1fknClKOKSCiP9XLDw1qUFMTlpRTlk++7r4YVyzfFNKcWXmnPSzsQGe8im+d0tUGVkZCUmP1l+bP9exCw/X9I1e6E/53WNw==
moeKLuTcQ4wmFt55BNOYC36hvdz8ea+kVI2S5ejkmTrdS71miYypo7/5nfOvvzWVeounRJtZoEopRmr/UgstS0EhhVzvMwAo4bJlqV9BDXqkf0COASOxMihJUgTCBCk6
moeKLuTcQ4wmFt55BNOYC+AIkrDhx25uaqGEPriLTbNqF4naGvCtX4UGdB+JAIUriIFLVvmKyV/Y+fudOPJB1ieR1oU3AhFfrJIiodFM2N60RNJxWgzUCg6Jo7R48cyM
moeKLuTcQ4wmFt55BNOYCwwNAmmyiH+hLGY+6RJc226MCX6KRa2OE5DAY0zyn5V/x2TFjXo7BXDf48r7auJ2aBxqDW64FNBFMve5HRbMFrkWsW7XzRI69sMrg2ATVwWUG0VFzkgBF3broiOZxIdaug==
moeKLuTcQ4wmFt55BNOYC3lOthGMIKWt/3edUieJS2PPZMHeGPZ7eZkr2kCLWv4sk3PJlUAJHzjvM/uJjh1O7MClAJrsspAsgxvapVd6WUlaHsG4B9x09NmVKTCUP8wE
moeKLuTcQ4wmFt55BNOYCxAMIAyxGe8UAqLk+ALKwkDcyMRSpKn/SyE1TAV/vzBb9++Frh7i6d85SShD8egDMKH27oM+Lv0NVGNCUYMyxJFrpQofwBSATB4VdgFcjaCw1mAd0OJNhmD2mxCy+rrOFA==
moeKLuTcQ4wmFt55BNOYCz5LiB2vKqblZylnCEzUcK1VOYtQXupAykUiBSQAZcddGuW9FHecsMM+UJGMOJWEBusC5PB3y9Te6eohBVwKuTgC1wGlyb6c9JcNBrafYwacYJw8nhly9dnYOrWrdp+RXw==
moeKLuTcQ4wmFt55BNOYCz5LiB2vKqblZylnCEzUcK1VOYtQXupAykUiBSQAZcddGuW9FHecsMM+UJGMOJWEBgMPftrMZXgAN1clSpKL+Mx+x6c1fapZ11FbcQSOY0Il6rhVHDzz2qjtwbtmY5dvyg==
moeKLuTcQ4wmFt55BNOYC0JGLfsa4krMZqFNwflY8+6qdCag+Dt1I1wwoQKUa9UXYukPWXPWvSsxumjuLcHbq57n2KI6V09uUGXwM99xVsm5Db6W/W2aszjeU1MlBMvLrXB/n56lhs+EeTMRe/2Fpw==
moeKLuTcQ4wmFt55BNOYC+5CZ0+iSwPmRtuUHsOzNpsn60cM7DKyd8IV3u3wtN2PqOxZPumfDU5HX+0YNCWhnBEIS5JBk+MgE/y0DU4xG4lyPHngQALkuxBO0PeD3ADWFCaaaNdQBTBpdW773YbKaA==
moeKLuTcQ4wmFt55BNOYC+5CZ0+iSwPmRtuUHsOzNpsn60cM7DKyd8IV3u3wtN2PqOxZPumfDU5HX+0YNCWhnL++7HzVADd61DvY6J+xBTwxxp2DfAETMV7JYzXr9U9vujnFkajCHJErYzMD9BdhZg==
moeKLuTcQ4wmFt55BNOYC5/t/xdVU1+yJspr3Jvi6iLBEtXMuDRCrVRURrAvzAyPy32TJHBE2CXE6uoNVzw5NSJeWqBqhpRhmHUULHnG3giVlHSOXRZxNUv/GoHaIOO3
moeKLuTcQ4wmFt55BNOYC+pqbxjEHzgZsByA90ABPSp8sObbFt75a60lrZxThI1Prmtu0ORBvSdVSJBZx2bjPfCsrvIOBHGWZOFTtw709MN4k0788xTrXhNnCtYDQISK
moeKLuTcQ4wmFt55BNOYC1IqGPZNmVHCsoWliUgytBDy3++WlwO7PRs6B75gifD6Sx/EjB3G4WgPbN9nT9jWaAxIcldNW95S1hBjr8ah7sELyyJnbOuccL+IRMfJKEgnIzFtKNH2p/SFEkSBIuhXZw==
moeKLuTcQ4wmFt55BNOYC4C6jf4kC3kPV+3Ef2YvIYyyTFNdeu6ySIOLQZ8beS1JhFEZue6yN0SkjSq/Dg9u6z3lR6I/GyK8WTLOEG/fwuFOUXNo79NFkURXV3FTgtY7
moeKLuTcQ4wmFt55BNOYC7fnZGj8vEpOAS8Ot9wuDj+ZIWcJGu2oHWhQ0DKV2NmYUH4G7U+Ex4tn9pHMlk4VRPBh+RHqlHkNVGf2K2hLuGL3bDQeAwzkXu9YlnIYi5dAatnan7OJgD4lX52iMiCvbA==
moeKLuTcQ4wmFt55BNOYC+u8iL16WeRtIsdGvQVsDygx1djA8lomZnKdhkgYjKcdy/egmJ7NO7zOq4LubJ1YDwQDkqUHotSlrOTEYQZ0T4VDxyH6yjnaOMoYo0A93pkJmbMSGJUmLk/CSttz3ndIug==
moeKLuTcQ4wmFt55BNOYC3+tHSZ9Qyc18J+9smi9GDTMnU6MQ0mqnL1+NIpDnzKSToFrJEykHSVIY2ov3380a9dPhDaNpvF6ikTUXCSZjXfy875hgrFT1j4e5/gOzXtAkuNVWUegoloGYRidIq3Zpw==
moeKLuTcQ4wmFt55BNOYC8v4WrU/9jySZuv5XqvC/7XN62kwzok0tfNcwVlSYSqU0Pxc5bvHh7uYZVy5SvYLNR8kq/WxksvegfhHe59XwjZJ0KVagg8DOc0peMZPXTuzy5PJnQqlKWSrHpxSA16j6w==
moeKLuTcQ4wmFt55BNOYC8v4WrU/9jySZuv5XqvC/7XN62kwzok0tfNcwVlSYSqU0Pxc5bvHh7uYZVy5SvYLNa5yHoEkPfPkaPxVqWfTvLGW1Cn9im6xraVaRgLuC9PCJ2KHuT5RRpGX80ESuvs/vg==
moeKLuTcQ4wmFt55BNOYCycXKFzT/lXWf76tJG3bcZEdQjHqbri4nZB4dR9ciWPsWsJdDsgxvJIiQeNe0feBNUVouJ4kBwrgO8nEitFbqTSFMCQle6nNXxCu4IJIk3/W
moeKLuTcQ4wmFt55BNOYC2GK1EYuDdDJ7Sr81WphdudA680ggKj0nJpTeXCj3s7XFbWQTGACPpouEWFrG5x3ZDBxpHLNszd8WVoVNfc37tCaO73Qcos5rjv89mLbrqHs
moeKLuTcQ4wmFt55BNOYC6H5tUcm1nLCCkuz7Ne0ys+pm5NZgWnOlLQ+wIXZNkWw4UiKxENIZ1vvo61RL/ZZn0OG3FwcvK7vlo6XbSU7Vz/YiY04c33zG+fynaJy1PhAFYr0O4TQlAS2N7brUgzbzA==
moeKLuTcQ4wmFt55BNOYCzSXgsioJfL6PaPgeykOPj4zxTLyy1JAVmmTRDLj6jgz3z7iIfP6hSopVZ1lRahnxONPRTMToF+mEsRO4qQsUHUKy1AthG+uGgxOSos7zYNAYanydLKj3JdvlLTVG22Qeg==
moeKLuTcQ4wmFt55BNOYC4u9lnCcOE3q3EPz382A5eBG654Zsg/7KjNZqUTdAV9zOo5pCtvQpb/oUVGgH15O+zwDfbs7YyYuS9OO8u0wBpFnQf3/8zh93zkhDxMH9cKL
moeKLuTcQ4wmFt55BNOYC6fuMaEqCUAG4yANaA4MMwwBZe5xd54QfNxDk76JT29HZ5gGR+BL1w8QUCLvixPkU7OWeOg7imSupwx99ZSTSteT9DolQ1s/Ktr4lhFZhIEk3VBO4fRUQgG0tQkNziTxlQ==
moeKLuTcQ4wmFt55BNOYCyx/vC0sAT1wQ36KIfNrQLVqhIYyLar1fAWMP0xVtl/7LzQXztQKwlfCILAJsfxjx1GgshEGI4KV/hgJOakkkjipPvPXHq49Ig36/DG5h9WND98YfgL2J8hFk+MTf0xpUQ==
moeKLuTcQ4wmFt55BNOYCykWlqaqsIPqSF9/n0tJ6pNWCzqWos2qU3R+cEuNX5EAZPt5iDKAHcez9YGkMNjhuCPukpmI+jJo3egKmLKf9faELBYiDevd6lv5mpHdsT6FOckTvs5FNl4kh4eLjOJkGg==
moeKLuTcQ4wmFt55BNOYC7WhJ0IPUd9zvsP8SlNTNIYCSRJ3Y0eS3OPQgAaPhbKSDk/RqkC38mQprmswYvX5dEoK1WyzoWdueNNoUocG9skq9utoZllluxAzu18K9E2xp93XhYBcjZJuShW11Z5eMg==
moeKLuTcQ4wmFt55BNOYC4staYSHKWXBwo3HIPQhjrG+v63XzxCrVgApN8tGOotGpWYUci7juk6f0F9/UnQKe+/pXS6YFPuB/W1Vr9D0Z1G0PDg4rn4A7VWhgdFq8ltDPRe+LJz76GJTZw2dLNoYxw==
moeKLuTcQ4wmFt55BNOYCwdDFDCItKRYGy8Nwz8BPwU02NWPeekmwqcNqaYnKSLTgadOPe7ZeW+wlwKGpFKXJdSURKMFSW5CkSccEKJ4KVtNELkDpceE04gex3HvQvvCzUvYnLRTHGUn8p4NHX6S+w==
moeKLuTcQ4wmFt55BNOYC66IhC+lYbPIWXAj/0DwaV0zNQ779SORRU+UMfVmUpjHklxCiWK54SZWzb8exHsRnFLd/fzMXuxbdxJJsUFG4s9Z7xZKgoqlNTgKlLDV/V2N
moeKLuTcQ4wmFt55BNOYC+elO+/3SJX7cdgVD6cXJ9RrkJj2/5xPnrqf42IZdmlIETzy2akDxLO5hcm1PKOi3/bJPWLPg3rUkybqylqJFCEMD6/4m/dNEswlpmrkJe9y
moeKLuTcQ4wmFt55BNOYC4XI2tINedfNlvqxdhFI4bsgDTkyMPYwMpbBup11pkxyB6mMLzdV4KofPYBFhmB5o4qzmXcOjY4hLnKidqOYzuTuS5BnaDl2/Qi3S+S0rvdsklP15o/vHRJuIruNxa2Q/w==
moeKLuTcQ4wmFt55BNOYCxkkRKC5DHXKVkcc8LAWkacenl5ocHFefYAXiFiueaYMQ54bPoo5g/QaDFS21Paf3XAt7qEvDkCBucn3jtMocMXjBFnYzDNnw7QDV0ZA+Dkx
moeKLuTcQ4wmFt55BNOYC1dzb4sjaI1h9JNvwucQgINlJ4yjYkNB78HuVqjFjJTrzTlCDNhQuoKJJU/3EjLtVdOPMpLL6nEdoRCqgPFgrik+wvXk0U8HfbYy2tv8cJSueO9hkwU/QqYwGyNVwv6PSA==
moeKLuTcQ4wmFt55BNOYCwbNTs950W5PKYHCRQFVsEsTD+u3tcnznnGMiSfnqYb2/BwpYrxn9m+/cAKYbEPx50BdIesSnaSz/E6/bWPJFBC0tqM4NrBUTPJ8q/yqI6k8K0YU81vdFP0QhbBrPG8Evg==
moeKLuTcQ4wmFt55BNOYCwbNTs950W5PKYHCRQFVsEsTD+u3tcnznnGMiSfnqYb2/BwpYrxn9m+/cAKYbEPx5ziNVjrfEnIoimzxPpKlTnB/lZhyklaYZDynvBf36OYRCKmIyLAjYxxTeJfwq7IXJw==
moeKLuTcQ4wmFt55BNOYC+z9yk4EH9pRNBvGargWlI+hCdau4lYdzWmw4IvC9O1AHxbFoOXQNYFHaMjrWS0tjyRd2jP/yvaL3GDbG+naQl/5/ldylayD7F4rujoNV1cCR0krzhxU5ykFulQV6nL26Q==
moeKLuTcQ4wmFt55BNOYCx2bpyxQ/eKTxyXBJtsceINR1q72OY0IBxYzne1dy0e6Er9kwteuKMa7jHgmeWnzm9w1ahBZ1VHxIGSu7Z2kbqjGe6EXqaBbDFmXZbRSP/+HxuOT+Yf8WYowMC3SGnNzBQ==
moeKLuTcQ4wmFt55BNOYC+4P9en5lZkd+a/JYlUqPFMVARFrvthZEH1MaRYC9COcniiMb9VyaldYt5cpM6SzV9jdGr9OkX5zCEs/lmVcajXeZxm0dx8oUJHR5BkCH4Bf
moeKLuTcQ4wmFt55BNOYC5806QZRvBYofiRVwRoaYJFyW04KvEfqFPaacic3UB1iXsDLj0BqLwyXt27DY9gsPg2iDEviqae6OrR9hq0D6YE0vJvdBLpSqS1o0NGB8z7K
moeKLuTcQ4wmFt55BNOYCwG6lhDo82taDUeqzr8JihynheYsaJ5kcBM5AWR2fcbwGS9eb7TmHqFG3l4+pi6eviM5+37JGo1A4AREwklJ9xZ2LLxUcoS8zVGHMg+rcrjKEFp7YBnYiqJY46XtmJxZkQ==
moeKLuTcQ4wmFt55BNOYC13QTEIJm4D3a8sjSgu90Sd8M4zgnwACX46e4fpmAX4s8+QqFjNw3yPJlGedplxP9UcrLZ9bhAEgW25X2Yvkn5F9uIRKJ+ui1JJjIVXQ+CUxubOCn0V4nQD10mluZpsGwQ==
moeKLuTcQ4wmFt55BNOYCy+BLRoZXz6SylP2R4bXt6h2H+UCCcXVZ0sWWmZhwUDkA/2ce51l98b0nZ6XtaG7SrpaMjJxAOt/ZeRZby8w5eShv4Qc0FBeJx67jMOYVXY+ZCKMLjmcmd41/GI5ZnsAyw==
moeKLuTcQ4wmFt55BNOYCy2SLM/z757JMX2QWjcjpftZZPVMYePDdYQnqT6UWiJHTaL20TRQOjTt2pyHr+SQqittfLI0VjNy4aWNED64lvChp9OslIpA46vrGzcuaEUtN4+YtzlHEt6ILfQMyAJwnw==
moeKLuTcQ4wmFt55BNOYCy2SLM/z757JMX2QWjcjpftZZPVMYePDdYQnqT6UWiJHTaL20TRQOjTt2pyHr+SQqittfLI0VjNy4aWNED64lvChp9OslIpA46vrGzcuaEUtN4+YtzlHEt6ILfQMyAJwnw==
moeKLuTcQ4wmFt55BNOYCy2SLM/z757JMX2QWjcjpftZZPVMYePDdYQnqT6UWiJHTaL20TRQOjTt2pyHr+SQqittfLI0VjNy4aWNED64lvChp9OslIpA46vrGzcuaEUtN4+YtzlHEt6ILfQMyAJwnw==
moeKLuTcQ4wmFt55BNOYC9WD9wu9a0SP1OSkPFegwvox9+IJnXxChVmlRC/H9XOImuoIOQSsMY9yjZ5ckxuBeee4ZiLZWZLCXof8v0rvrJ4S40Y/mMzgejvL6i5Vxq/bx9eFnKnmTRRAW4tdT2oYiQ==
moeKLuTcQ4wmFt55BNOYCwlVFYa2wdjG8JNsaSM2iTSdW88564GkkEKB22RkL1imUdu3juRATLh5P+QgQxfMsjn4lORtXPKdqLEuTpQ0JEQ5ON2KBlpQI1rLKgJw3rOdUzaXfhg83x1rIGXANllRQQ==
moeKLuTcQ4wmFt55BNOYC7bOb3MagK75OkgffAw027FwTR/A0tcyEf+ClUKC9jFg9/OZOwsExepoOELzd3QMgJ729AJUBC2g4hdrwbQqNKS5E6FD1j0Brjd72ihdBECtJnceLFdW7DwWXS3Rp32/XA==
moeKLuTcQ4wmFt55BNOYC7bOb3MagK75OkgffAw027FwTR/A0tcyEf+ClUKC9jFg9/OZOwsExepoOELzd3QMgJ729AJUBC2g4hdrwbQqNKS5E6FD1j0Brjd72ihdBECtJnceLFdW7DwWXS3Rp32/XA==
moeKLuTcQ4wmFt55BNOYC2+Qc/KII30n6W583ZX1whAbNZOAzmOIYj2bRrIIXuTLWnn9QrCK5BstRYYWrtH3OwqO7R0b4LEsDBNpeHfiZ71457MgEeT2SCaxQKBiOmpU+xWDp66znz7hDJ6DEG8/6w==
moeKLuTcQ4wmFt55BNOYCy9zC5OWUYP5ZzzNItOK5OuSLQcKYXWOLRw0VvH70MHjgj35AniM+KlWH+PJZDZPMK6Gxd27b8lDdsoc1bSP2sGueqN1aVGhAwFV4p+g2M8CaPi58E5xnqRgbUlh5oSMyA==
moeKLuTcQ4wmFt55BNOYC5xV5TUyM+iY9fRmyp2O+TJb9t0wJTO/qEylfHsKzOPa9QO/oc8jNWTiZA7X0IcjNacbjLqEY4kyWeid926pHLdBiB0K4lnHaQMflndd+yjE
moeKLuTcQ4wmFt55BNOYC5xV5TUyM+iY9fRmyp2O+TJb9t0wJTO/qEylfHsKzOPamw8jMkUp/9FStyERHrGcPKU2Z6pqGgnUogekZKRoW0k7+0l3WTxWSszc4tWvcYeo2zLb4HiAp/jIk/pqbeDkyQ==
moeKLuTcQ4wmFt55BNOYCxOEnhadkdGv3iIiSKGHyleg4+QJURdqiK0gD5X0KFBHKa3MZ1ES7ElSaSm/fD8U4Uq2fXHiKD1wyGEmmSw3fpirKM8v+l7hUiOL1oc5FOMsrMxw6FvIy3vRUS880M58GA==
moeKLuTcQ4wmFt55BNOYCziUMEgBRxfKvM1r8Y5a8F+6ohgXTyg7B9vs6ys1OnnEAcxlfDCnXli9U+Swzk2Npa51WUWG+fu9zgShh+jIZQJYZoZxDhJ5Ha1+vnSA154IFhVd2wwQlBRrEJRkkkKfbA==
moeKLuTcQ4wmFt55BNOYCziUMEgBRxfKvM1r8Y5a8F+6ohgXTyg7B9vs6ys1OnnElz5z76CzjSaxjABguylb7bM/FaHpNZnK1aNvU9EyWYjRmtUlnDAOC5ddZAX3zSq22QJsU4ah0sPBlcl6TaTN7w==
moeKLuTcQ4wmFt55BNOYC7pmtF5vR6MLzEjMGlFXCoPATMj4HmFN5Nt1tP2IjKM4nBjT8zCH+F3TTg2yAzeGa+Hnrobsogy0hSS/7veN43+cuVAl6OA4YJsmRPyEp0KeZ6OXjKzpWWovIp/QjYUC6ySFPeff5NHdDY22lGi1bS8=
moeKLuTcQ4wmFt55BNOYC7Bl+s0mdw54lE1TfS34nRjKcfoWJxTguj28W3Ie7ZUEpyY4XPUDQi7cT7qio7fLM1/idMCI7eAQJmu54unX/xi8/rB896Tt0A0EfRas8/N5yKMIffkSljk63vQ0Cwk3yw==
moeKLuTcQ4wmFt55BNOYC2h4nlq6mfD3uVYx72tdUucHLZ8fDJo/DYLkdGzKGRxOAM0jKEkV8EJ1B8vtHtx/uvnFf2M5kvom0scd2msx/v9xgaUenEc6XD0aVvGIwy5H/kPHWXZJ7/bbBuN/hGHH8yFgZxGzWYCMy4SFjsG4m73tepsDn45u5+QSutYmtw0DgW/KR7fiMwjSBLJQyguXsw==
moeKLuTcQ4wmFt55BNOYCyiiFS4hjcE/up+qd2x1toK5jtYTfI4UkxdvKrcn56bzV0nUfrq7GQBMkosiEbssO5HQTAh0VY3iTCix8zC4tF4=
moeKLuTcQ4wmFt55BNOYC6pDrbbZGQf6eNkMk7TzkVKkR9sZsI6NQHzSWVDTDn7H6w8SlaYmSIwQB4NFhjeGT5GFf3nfi1C3jzkkX142QXhg7ZIoOpM0TfKUUrs5Saf3Fc7JoWF+o+L4yEXbtJ2ggA==
moeKLuTcQ4wmFt55BNOYC2m4pXraSBcoZJ/9iwKi0nQ6802Pi58ue32sM9MCqEoTkcgT6docAcUDc/5J/Zt9Zedd9cguxGB6VkhtHpoVi4wIC/e+IbcM2zqtaEk9JPPv0WcoCfCDg6TcD5W5n9lTRQ==
moeKLuTcQ4wmFt55BNOYC/q9IkcKzNkxlCLGAs6RhH+PR6hAs3237RzJRlQ017x7+DmgL5KodydGN7Aj/5lJsl/PL4nRyPqqyq9jS52F9ws=
moeKLuTcQ4wmFt55BNOYC2J4Jn9F4lyWfzS9dlLVqXMhLsd6aCuMpqEYpFVWh8Cc5EBeGqrUtA20bCiog7IYX3bgo4ditJ1/KJ60qZ7FBeD7K/gfxd573IRIgKXbOlbS
moeKLuTcQ4wmFt55BNOYC1l/CE7xeDtcZIB/kcplF4Xm38rGPhfvHqP8Ky9pu+ZeaBhOqxHYqE6OlOvLeECSycfoy8Sl7Tfgmpf/w0X1KwCxXFAgilGrxsr4ycZVpD8Sf7GBRLMRm/hCSDKpsePZYw==
moeKLuTcQ4wmFt55BNOYCyu5lbmCG0ibf5FaXeZA+A7OBjHXbAnRPVK29jfShEeU2u5Rk28LidscwEzvwZ8y3oHcWIhvMUe58taVbdw0YCFUMBGk97S7gwfPtTwuCXHz3Ml6XVQYjwtxWlB/adyXsw==
moeKLuTcQ4wmFt55BNOYC4DFVb4TtVVKTFQLKz45xPYpELs4qvWRmQaAi7qKaAlEUOdVjuNPiV/pRfq/se9D4qBDLTCKl1xxzPryPt2uRRIYapldMVBF2hDCSpiCV7ESM+XmqaSwNYh6kfh66Dmxig==
moeKLuTcQ4wmFt55BNOYC18k7JCX21uyQ2sbYw5+11WYR5E6fQj6FZQfoGWolI6UxEiZP7YYqK3jVHhrLJA68APJDcsswbGOXHFgn2afllAQdl54OZp7Qw2/7tiMN+mp0FUlDMALGv6gFQKGuC9P/Q==
moeKLuTcQ4wmFt55BNOYC18k7JCX21uyQ2sbYw5+11WYR5E6fQj6FZQfoGWolI6UxEiZP7YYqK3jVHhrLJA68APJDcsswbGOXHFgn2afllAQdl54OZp7Qw2/7tiMN+mp0FUlDMALGv6gFQKGuC9P/Q==
moeKLuTcQ4wmFt55BNOYC18k7JCX21uyQ2sbYw5+11WYR5E6fQj6FZQfoGWolI6UxEiZP7YYqK3jVHhrLJA68APJDcsswbGOXHFgn2afllAQdl54OZp7Qw2/7tiMN+mp0FUlDMALGv6gFQKGuC9P/Q==
moeKLuTcQ4wmFt55BNOYC/nPRKVTMk9aSAZO7XBBtOLVy09IiwP/PELgDq+k48gAeZYF599hspXvTqhSE4uFgYw1LBcbHyHUZXFZEovl3d+/+E2h7f08Cs0M+MS6FmTafn5jmqb2BewyiFxVLVAtnA==
moeKLuTcQ4wmFt55BNOYC3GEtsKtyRAkjPMb8cKkDKFe8u17X4F6Kc1PKbP0ZL0xRH4aVMvpv+IlFvPwloDzRsIFs8K5J+M3juAWeg5f9H7ZOYOdJ4KwYZU++7r7Zo13XsUsXtsA9gHX5AHP2opevQ==
moeKLuTcQ4wmFt55BNOYC43uRtGyl520RM734U1NAor1a9WtLWSofbnlwxBBJ1A2b042VmC9LdDHVqgMkzD4DhodPT/fzcDRHUBxCNB6pAsmYDa7cXkYaCQ99ZaLEj9XSUgwR5SyZRYO4dpDKoXfHw==
moeKLuTcQ4wmFt55BNOYC3twWbWHtCTAKlH4nbgQ7Wn8Ni8s6YA3R5YS12M3MsnKnDfyjjOfCEJjjqLAdqlgDdRBA+JyoJ3jMjUCPE7AbGJHX5JIFl72mFzFoXzW2dgOE/nloo88/WHqa+KMmBDcWw==
moeKLuTcQ4wmFt55BNOYC3twWbWHtCTAKlH4nbgQ7Wn8Ni8s6YA3R5YS12M3MsnKnDfyjjOfCEJjjqLAdqlgDdRBA+JyoJ3jMjUCPE7AbGJHX5JIFl72mFzFoXzW2dgOE/nloo88/WHqa+KMmBDcWw==
moeKLuTcQ4wmFt55BNOYCxa9SKMxn7YewwmeKHJGi5TZ5NRHgQ9iCoVppdsX4sp8lZXZsrCf+KF3zo/hOdKoI65rKQQX43CEM+YvpNB0sW0ZaVwTfoIRP7t/npnd0sUPmqcVQcj0uQOnOUG3JXKkZw==
moeKLuTcQ4wmFt55BNOYC527NDMl2kl9CUESPzFMkGkOJ1X0UvfivJ1LTOjaNZBDOaDXJHw0U0xLbxJ9HFNyXvOoq8gXUeOEdJXchQX/sKjbVA7Wnl70SRrh3OzBfudggd4rjRr4Jj4uA/t1cIqz/w==
moeKLuTcQ4wmFt55BNOYC9Cv2Qjbkj1yTqEOjy2Keib6mKy1/sbHHrqOqcHXKEDKu1xC9w6JUmAEri5l03uJwB1WxHdVxyL6w+9N1FKZ44Zv9DdyHG6pRlftyF5W4qpljmGChcUMdaYLOOgQxRvmdg==
moeKLuTcQ4wmFt55BNOYC9Cv2Qjbkj1yTqEOjy2Keib6mKy1/sbHHrqOqcHXKEDKu1xC9w6JUmAEri5l03uJwB1WxHdVxyL6w+9N1FKZ44Zv9DdyHG6pRlftyF5W4qpljmGChcUMdaYLOOgQxRvmdg==
moeKLuTcQ4wmFt55BNOYC9Cv2Qjbkj1yTqEOjy2Keib6mKy1/sbHHrqOqcHXKEDKu1xC9w6JUmAEri5l03uJwB1WxHdVxyL6w+9N1FKZ44Zv9DdyHG6pRlftyF5W4qpljmGChcUMdaYLOOgQxRvmdg==
moeKLuTcQ4wmFt55BNOYC4Pt+Uu1oJgKrWmGdAu0KJSrkvSvl47++XvTfxZUbsS60QBkuvR9Ei5lOOcp5WvB1IhJ+5KTaALCP78MbZQ3qhJVfOobX0L0mzgeQCZaRJb/22HsXbWzHLe2M3JnfXT3RA==
moeKLuTcQ4wmFt55BNOYC8/nf2cJl55qWTxKxfj8NlZZoTEcuzXu5TrUk4wqKOfpMnIVvSV9ipCcFJVjpZ5IwUOIV2qgk/u0fDoMyKovNs2yIATl7fo2ZpnriznUAbAzmEfISFrweL4icJBOU4JDTw==
moeKLuTcQ4wmFt55BNOYC2T4nmkg9Fso/snFKwdIL8MI+1OJmHTguVGHwPZeZ8Qv4fmna6w91DvqkYPIYcC0Cn4UcDU6RrrZZHhLPQrAQvER0ScDeey3aZCzmhAXJDyaVGL/30VcfStZlvc6npZ+Iw==
moeKLuTcQ4wmFt55BNOYC6fDFxS1gnt2BQDhMlNN1kYRy99uUlAXnme9eosblkUPl2RdQdtq79cfL/AXzwIQ0OqS11eaz/LStE0kG1tD4k0hKtspd0v+Q43UCIbtmK/9hUTgWWIwOBkkzrEyekLIrw==
moeKLuTcQ4wmFt55BNOYC5KW9108fbqBnerOofJpBBs1BzExSp7vC0BFA31tODZWTXVAZ/RQTdd9WomJLslX2cc9j8HdNq+96vLXDbioyXmDfHmh80Om0h7pmyYAC+ZTGy/0k6Vr7X8eXFabN481Eg==
moeKLuTcQ4wmFt55BNOYC/zG/CIQu1m7QvhckPDEWfr2K1XSDl2LL/Ryx8KfsZCTbxrDooGmQXaT0fYyUTj/kgy2/mJ1sT0iuVhRTacq0v0P6zqv57Yz9XdOF1FMFivPIW4W2u/vFWjlDoyuHsysQg==
