GmcONIA9PFzHw1gpPLLPoqev3ytAH5KO3S/CJpMsylg=
35kyjVfwBJgytCi6KM5Vug==
FNt9orFfFSbPIXNSbXcP2Q==
gE2g7VQeqq0h5MkG44fPUw==
ExPkcbYFeYs2lHSAMsaJBjIbQm7FWZ8YCSkKK1z2aPs=
cwgQW1UgxyVfBeSrdwXHsPE1eoSAri+NViVSjTYe4hg=
pYn3RyiaY4vz2unSybTHuw==
mAzeFbkWBGyzJRgEWJSZYQNn44wFaguEUnqkvHVinQw=
NiGef/LGs6v8Em6sqLz1GYGKB0111uCW/TAqgkiW0+w=
2lfNnhNY+w/3xMaMUxJbE0YFT/wvMlSDz8Vrd5FEs18=
moeKLuTcQ4wmFt55BNOYCzU+aOj12tdWtAbOhbUyzrJ7C1mLq5ZWSmey3olbrPC71VMxnk+AUZcL+/jrVNV1OL1eSy7VA9GPhjnqGiv/Q+Ob1eIhRKDKro1uCn2jV7W5
moeKLuTcQ4wmFt55BNOYCzU+aOj12tdWtAbOhbUyzrJ7C1mLq5ZWSmey3olbrPC73L+ETmeLM1PR5PfMoVLkpxednzBZEm91ti2dw4yCAKYM0+ebIPrSdvIYjGJOqM0Yu9kl6PI8pkiNst0ozYqxyg==
moeKLuTcQ4wmFt55BNOYC1zEbqJznYlGhhxk20tt1hZDL2YzOK9x6Vod2YcHn9ZNdlkGbDoi1eKAIFpKeg2U9FgtHWdGZ+mS9B4XV8wkaAPSHucBKyr+W3A1uRQVxm5XUgRwYWmpZT91iEhgKA6fmw==
moeKLuTcQ4wmFt55BNOYC99gLn5ojNRKF8NvOD+1gVwZucqDQwj3ow5/y7sC4V6AXb1jN0HrJ1ezFtdKENnZwHUsuDhm3lVnLMMy6DncDAvSEsw9BSocJPP+Aj0KOm44pEAa6mZ4TnPcF07BpDgnXA==
moeKLuTcQ4wmFt55BNOYC99gLn5ojNRKF8NvOD+1gVwZucqDQwj3ow5/y7sC4V6AKZen6RKbwSOKjFb8aCNb+95tSypPSI/Br2sx8KoBIwwF0VzBF7LbSQzMtzvwrVo0u4vcOqEIPZOTJktrP0UCvg==
moeKLuTcQ4wmFt55BNOYC3yVT05sttDDxa/b6/EkeqXNO2KruQ3PP4OZtEpvMJ27uNHxc2WPjFvuour+XQ69aUY/qGmr0lcwyMPjhOcj3KJgKNIzXGxzlNWxW2OHKhPDqgPX25MjDyOw/axeD5zaWaKBFwYLh52PrifVXn/aAu4=
moeKLuTcQ4wmFt55BNOYC/3S3Q/6AKL6qWlkZq7f5RwCco3CvRlOYAOR4V7V2Z66C9n0oA1Q52pbr/e2SRfIlmFZg2uM+DB4FFCWWNF1YF7Lwy4R+U0DPtS/G9ToKrIkiosfvzOorYSpoPCCfIqwyA==
moeKLuTcQ4wmFt55BNOYCyFUIWWvfEtkkO28tVXM9PsfAgjSZHeWF+9ROX5BOoIlZunpQpOyx4Ae2Vy5lXbCNQbtKbzT/Arhaid6zkQ3TP3h2ouKVSbkIgTmClpEpdFs5fV3tlOfE9nUd7aNrgyX2pbADE6hLGX+5feF3x2k/Pg4McKewnBHorGu+OkxQyRenecyZanr5UvL7EcjVzCuKmBBRAHOabDOg30cfwD2gbc=
moeKLuTcQ4wmFt55BNOYCyoWhQi+GFhERkDwp8J/DRqKN4M/mUpUNpkz2kiujPAMUwtDKxzYxfttyFi/Y5IVpE3vLtLaBClltn1PS1B3jn4=
moeKLuTcQ4wmFt55BNOYC/EqXeCvDBzGV8fIKLkM1X4doHlX6QJ2mViRdkF1SeHzSY02zik/Nq4OwyXslGQsFhzIPOwRK9z8a0YxCdATpFLvg6FGq3w+qO97aTJUu4vG/elrUEwL1hKPvogfR6vM8Q==
moeKLuTcQ4wmFt55BNOYC89LY/CA1UUz+c9r4683lK3DXLVbS68BnMuI+x4NsovIxnrnTazPOOVeP7pPSazo+GderH9wdBhTuKrWMP9dojrpwW7wpJDxpGIZ1rMR5ALWZ1tLJ95SOnJqlIVRHw+NMA==
moeKLuTcQ4wmFt55BNOYCy0a2ZQpu5jB0S2nI+Mwq22enAkG6gqq/ih9RMFXYB+oU3Nfpqa8CwVUew2Re4EkuCkH/FiZniw6t9FkIrPVxIcCYVMWKgf8DIu4z16EHpzM3r7/VKYpItLaWAnkEuTw6g==
moeKLuTcQ4wmFt55BNOYCy0a2ZQpu5jB0S2nI+Mwq22enAkG6gqq/ih9RMFXYB+oU3Nfpqa8CwVUew2Re4EkuLojHrWqlTjVMjtYUqAIQYWK5OxtP+7HeuhZzv9cDaF3Cpner5n/6T78/NQqp4OQcw==
moeKLuTcQ4wmFt55BNOYCwmyED5A5WtNv6CUqHJHRn85+6BbnqEIQ6nVa0mAQ2kAF6LHkTik71pSfCeN5xG4q6cpXH1a4YHdmDVOjUQTiRE=
moeKLuTcQ4wmFt55BNOYC9ukxC0G5rklBJ8N9n0Iq1dMhzxnMuJf8nkds5tBKu18CoYMWZsTBafTd08Axy2AoW7YA9LZWInORW60xjS8vFxsrNong0FRzvlMa7f+pzK8
moeKLuTcQ4wmFt55BNOYC5ywpqVfc8zpLYNm+hPc2acqLgrnaihSFyXxmWKXP6fn1ga/lLxCTKfJnKkZUTTkzPqG4DIbBUFAnH4iHDRmEpB8np6vLt5ZaQ2Gqqc2rhQq
moeKLuTcQ4wmFt55BNOYC0SlvXdooUsSUYmfekyOP7Foalcxa0J4vBrJL/lEhT/FUjOT7vy0MR1BA79p/ASKRynyB8KAeGjvJlB8ADHR5Hstgr9UF1Wtpc2Eo9F8Hv/0asyccEVsvBmsogvMePQzBw==
moeKLuTcQ4wmFt55BNOYC/WxNvMXEL7XOhTyPvXRfrxPLJ2RRSNcFVpbYx0B4bxYI91h0+HaKcBBylNHO+ju5wQBxMC8v6ju5OQzurvMp12NCWKRV2YAG3I4lWpZufKtlBqrmYeNCWgZ1wgbmVyA6g==
moeKLuTcQ4wmFt55BNOYCyI1rwYrb5xZ4V1Kfq1kRr9IDFN/u0mUEhPSw9uXOS1NqhBf49etE7xaC6Seg3M4Qw5UZ17XtkMUO8t0UlXsvGZ71vktdWsqph4hfkbLBxoFdvWKZJ78qt+a0lnHoBj5bw==
moeKLuTcQ4wmFt55BNOYC5YfUcBBAX8WMTC/q4SNsj4dHhS82f5n0BR2ZdeUCSs17x2bcPXtNi9rveDtZadVkn49zKSXhOq5ypY1nfybzcJFwFA1hyNwYIkV6slWFBuI
moeKLuTcQ4wmFt55BNOYC/2DUQtZwN3ryJZMV7TfOk9ahuPW9Gvl/8h+CYwqrZyewndLCm5Ifpp/L4pnmfwtb0ZzpsbUKjUWkoel8PrQkTRKZ7HBNrhCAa98OWo90k8wkX/PPm504TEN9Ie0cYXjMQ==
moeKLuTcQ4wmFt55BNOYCzs8eTq2jnsDBKumC/MwmQMDPZMv6yv+y5IqGwv82dBPL1Tm9sQzJ6VYdXdW5gEdPcWhYnMi/mTWbiGT+kd5V5dd8Zs2frVYPnkaX1CE/eEXdnB4iJoq3PhZs7xYxBLaBA==
moeKLuTcQ4wmFt55BNOYCxd6+dYrxbOqrvINbY7jdvseBo8EKP6mvHEJ+Z8CjWWMGbuLuOEsH25101HNjBj13HenaOuxrww3+q+97P6QuGXisGZzr4sJoOCpRPOpTCpbH+NeqqHZst7rfEAqUBoheA==
moeKLuTcQ4wmFt55BNOYC1nEh5k//aca6I/6BYl58KO1+Ppr6MHSN9qENnqQey+HzmQCKG+UlHNJM+LFyq2+WZyYUaUouycJvYbk9n3wx2bE/m7odBqN4+MCgSvjHxtWiE4HNc5KXMrxvb/SeAtsiQ==
moeKLuTcQ4wmFt55BNOYC2IdFCe6DKaQRlhYCfTtwKN6NdiRo10NvpIJLgI5Dl25je9grEDdglhJDF7Om7jp6As1ugQ7OgufMyZVmOgf3TJzLoVvHsEVlzH4UBeQ2XcMXvrD2SVUnwbIisXyb8lA0l1PvgRMur/WDS1uw5Xw20g=
moeKLuTcQ4wmFt55BNOYC6ein9WzLB4qQtMR9sGW/nByg5d9PL/q/2rFZthmEQZlgEGwg/pwQNaPyuraBv/F/6dH02FNaCpbiAsPRkDebiJC5ZgmZc371KgNhHa4hfeNHEA4HsBUSWQdCSx9gfOEuQ==
moeKLuTcQ4wmFt55BNOYCxqf3jX54VGl2Bvp8RxmTn2ZBjftEP+qVFeLL513xZLXzyGWNw0uNUa6EHhYLmZfd2tUnFBr+q1XbLseda5M9P7pGIIA+xVjIkxpHszEJSLufxxbfafG5kZ6OzVJ+87Sb01p/NRm2lo1gVxNQw+4dr9mjrTgr6J8LsS5pwzt2Zt8wbsfeTB9yhpcRMfCMwq0H5JYkHeJ+ci3VcNnHfpDhFs=
moeKLuTcQ4wmFt55BNOYCzMO2Mv+6BxEYjex2zrXU5fTawtawHqdZp9vJG5nWtRkha18gu8QbFQKI3zxPOOcSBsYAbgl4zDCGTtlU37vBxQ=
moeKLuTcQ4wmFt55BNOYC28BaZwr60SX239IEoTMTPtR2TQMHu9pa6G2YYSikH98w7MX4VA8gcUOy2KyDoGxrZWDthPyzdIeO3J2CmdxpixWmYtS+Fqio9ELlu67iEbOBuIS0rWDlWI0n/TEcXmrHw==
moeKLuTcQ4wmFt55BNOYCxj/KcTIG4onA2MWV8v+0yr4noVSqXhqb9+2asHIzuYf0BtGiUEuHI6rN0AVnl1YpYDGLWty1aGCLqHDoMqPeKI+2J1s1/hYgW99kpGCUSGBkYCWTscbi0BJEYalPh/Tqw==
moeKLuTcQ4wmFt55BNOYC9mOsk9EDLmYo4HAL1uc+o46cYx4voeJv5Ql/03R1okmiYzDGroTzS8IWO8Ibwd7AGBr3HIz9EchZgakGccDdNc0GDh0AZRrTWqEu3sj9ZaeDxIHCtwb9DX/MfFso0MzVA==
moeKLuTcQ4wmFt55BNOYC9mOsk9EDLmYo4HAL1uc+o46cYx4voeJv5Ql/03R1okmiYzDGroTzS8IWO8Ibwd7ADuIstRG5TdxxhjOz6Z7zrgE3KWoiLa5KQCEKTb6ic/yP8C/erXz+jvFRGuBGWdgQg==
moeKLuTcQ4wmFt55BNOYCwNsupIv/99VHYrvqnTje1mge0+twPzZTkKWCjqulH9Mn2A2th4M2gRNdxo7fvm3fTrvuYy2UUoWK7t/qR9wlgU=
moeKLuTcQ4wmFt55BNOYCz2osvg/i/D94foLkHiK6DLtfkE8XER6anCeF5E8adggMQW2YjIVtsu1gg7vahoaND+XDoILmJ2wMTk6x2MlUUs4K3si4X7YrhvU99iVHaSj
moeKLuTcQ4wmFt55BNOYC6BJ61NN0WQgJdIRLRNJ8SjiJaytCDXjfRKImyVoLeFmtndq+a+NDeqQCgjU281NdhR1qQUppzBXUOyMdPtRWpcPMwU2l6fKUvlAmshWb0Ku
moeKLuTcQ4wmFt55BNOYCwE8ne6i0VeZIEQWgzymFnSqMDiC5JnF+PhluyLXgZMTnEAqXiRgQIS5qJU9aBY/bPXq3AFK2NuA13jzetZg5CaQLTCenrANNFifWTeHM4BiCGQwrQt+4QfFtSdqs0tp2w==
moeKLuTcQ4wmFt55BNOYCw1K9t2uhi2pKzhMhF7TI26dgosrUpd6UzGgO1jTg1q1jP/TyLMEDM1ztStFmkgr1AXAgFlW4q6NQuzYjFb8I6FMySSJFJnuhjLTiGTbe0rjKFQXPULQSIbigrW3Y1HYkg==
moeKLuTcQ4wmFt55BNOYC3MVOpnkb8j+oq4wf0t6cklIY2ZoO6tfFn3ZQ+uXOH82TaTlIvl8Fn/uTNGokiT/0kUmXE0z81P+gP7DsBkCaH8yWKV9fPlOU3x9uHCR0AF6b616HozAIAjMvB1PIsRF5g==
moeKLuTcQ4wmFt55BNOYC07tIpZP4IqriAI10nVhLT4LzCUYI9nG+GFvRCcm5Z6v8B5hvf5QSEt/0cB6x/yKWe1PHbEUWTzGGrShGTZUgnW1Px1zloDKAyJkOB9jE+WQ
moeKLuTcQ4wmFt55BNOYC3DgUp2yS/tq8xsk86gIr+TWRefRcnDaU4bvEEQs9BuDr3jzq6QOqukKu4sJw6j7eS1H5Y3RkIhkJKS/yq0ygmhXmvW5cOJs/Dpa6FrVB4hy4GIh8k7myaBXJC3c8/tLgA==
moeKLuTcQ4wmFt55BNOYC4Xx79cfGoG7O4vGRZBdwbyUWr5togdNBFQWNK+qPq6uQ5WDeGRt1fKpP2KTf/l3wQ0Avt2IZkIb7zrG7zkd5mth4Gz6PLEGnWN8tiSZKgyHFfXZo7ADON6XB3da2C59gQ==
moeKLuTcQ4wmFt55BNOYC+BAqETzUmDH/q30pU7z2QzDKZ769dvC6dmUIJhfYKQ6Z52mRRwoV4wg3hOAFdHg4LzOr6byrvnJWH+Mddg0zjbrR4Tj+ddU4ikFhu+KT+zctB5Bfh00OuGi7dtxRWeqew==
moeKLuTcQ4wmFt55BNOYC+RbjdCU3PqtVnt/4sc+d23F4+gz1405AWBZZwJQS4+8tDPj+jwPpdLip6U7uHT/MmGWsTJ2IsKAPfCoR/X4KL4MkiK+GvwkNRVz2sI/L1IGkqlJk3HhsSc+Dtch/HjKXw==
moeKLuTcQ4wmFt55BNOYC7XhnMv0sqhAIN/u4TNYsgrTmzPSYQ/XZIXhSrOPPhJWGlZkgjAnSUytfK89FaVKHUboqwFnxfC2VXaE6CEvOgieknaLDd74NxbWZQAlJ3vzrOIV71dlZoHTvPqm0WwCASocE0hsEQWJNv6dWilrc1M=
moeKLuTcQ4wmFt55BNOYC8ijnmuo8a3W5t0qkp6bZbtOAa0mbbMB1WE4EOBCjJlsuYdz+TlCeH1EN7EBr6sPMwrKgeFaAnBWULpxnL7p25rgVDwp1PpT7Hl2GtaCr9BwEwuIo1eOsML1lbk3fgKhHg==
moeKLuTcQ4wmFt55BNOYCxsTBwTZ5sv5hZZ1EaGIZDuAjn93XJ/BgfUnKRUaHSdXSjJfHVsXQ/vLSvq/dgJf+R5k7ZbU9rYDPUTIa8oO274ufdksavK2KX56CcGMbasy9JPcWiC52ytvEzNGbubTVGxavzBf5UUjHOoSJ7wxHDgPVEV1hNUKHcS4qTtPH3rbtLXnWahrC7hov5hV3LondLGwBItOWNu2wDSmuAPvO/c=
moeKLuTcQ4wmFt55BNOYCxUc88nc1abdNzeeQBuAdXFsCNyy80rrrfzKJS2t0ko/AOCPSs0hVe1LKJiaT9VzCelVoIIKBj8oXb6LewFrhRs=
moeKLuTcQ4wmFt55BNOYC4QpsFpRX/gGdgX2H6nmSpPCBadOrZC/twn2Z7rLiAlekBMchSczBiZE/4chK5jN0C15NidFfjgJHIJl/ltQa5QKXyFHWiA5TzDfF+tyT6NJSM0bsfxl+QSq3AS0LBKh1g==
moeKLuTcQ4wmFt55BNOYC5LnsMjtAS/cKpSRQLeYeN+wwqJ048MDSVCpaQxaHWaBAUz7pHOnW4tmYaMLNrb8EMoEU6XabH5zVVYnSaNJTpt5AR811FnmggPDWTCC/q8G+IORQT3cWXWuhdXyqlAsPA==
moeKLuTcQ4wmFt55BNOYC5/D9Ad/8KKwfKhfvmq3DtV/q0JHGvWDHHg1WHP6AbiOKD6ASLu2yM3A3fy4yXBnHIwhcOxjmFi/Z8YIvAXon0CzyyDmH+WIxpa990MQt3O//FJUsPU7WqQzwtlfEchkQg==
moeKLuTcQ4wmFt55BNOYC6uYd1DSyxP0xtGkZdmPddgcH0cFbXZUa3ISiwZh42QeTfM9KWArcS8T291EyYILHNUpL1Hsdt7zmwA8cnAywG6OXJIt4Khlcj7FTbdb1N/8V2167OJ1jhDNCDl7ghzvMQ==
moeKLuTcQ4wmFt55BNOYCwHNu5jGEgT4i9dxpafvGTIj4YQuuWRXeCwrE1RvzT3wIib86kVgdQV9S8keC9yhyuPBVRutVcbaUMepJcaWBAI=
moeKLuTcQ4wmFt55BNOYC9Ro10cZm/WNNhBUXY/yxT7VJjIiBiFPaaWpXwzfVGfSy33W+0yU1IQRSgp0mb2QaCTUGAoflRbLc+xxEH/tQeei5txg/OWAcAQuSCgLFgtz
moeKLuTcQ4wmFt55BNOYCwe9rotZIImGcWZm6DgCXCLPo6A+vuWb0GCOWWNFTDpch8VVDfXnqRwvjy03PeWDxqlgIrlYVZ+HNSH4tZrYaRUTo9fwfUxKfcXGZWIXSGM+
moeKLuTcQ4wmFt55BNOYC5pXklJLffs3HCW1sJYD/QOewwcQsP1Ogt0CEI04Q3u4Rttp7XteQUYIXsrr69xYF03ERkyxMpCMzg1nDerkRzno+QaMveVIFuaL+pvRoopvp5vkV7CypAk74/+br0Dvrg==
moeKLuTcQ4wmFt55BNOYC0G1P09UsWUrRNKV9mJVtMMAhmSMtan3qIhYwXW+H8wkgojLdQH15YoQUhS9a85zxRJCXwNpBDhpNvPR2tV3LwzoQ2X1TQ0Y8qNTNJJUghRIYKErE4w63qhyLyuutRrDsQ==
moeKLuTcQ4wmFt55BNOYC4cx7IsZLyynCic/Ig2hW+XZ5boWJuLzYyINhNdo/OZw9BDtCyMqWUhzWEom2hxAS05tntsN9fLEBcZa7hIiHl5TF0N8CnhGsfQJUH49fwcOzWT7jI7ymdIBlIEHGKzp5A==
moeKLuTcQ4wmFt55BNOYC/Dtk11NtDRoW/SeX/8p0tKw+oMZY2DpNecWghsAn4gO+8EvhQn7NLdMMFavlkFPhGr2ztGTNC1CxsBR3aFeA6vs+FpqjlMsJU6mxZ//NH4S
moeKLuTcQ4wmFt55BNOYC/Dtk11NtDRoW/SeX/8p0tKw+oMZY2DpNecWghsAn4gOJjCAezXCugOKwM1eUe+OWTmdkYqE5KNmv45WSuBNLMB80Y6ib9U3t8fMIWVS4IZV0nwcNmEtFA8ev/0c26drNw==
moeKLuTcQ4wmFt55BNOYCwBTxZE0bBfmPMb3AZa5XI700d053wkcJkIWhlrEOAfWOy9APM983pJU+ppnaBH/SZT3f10j1AfnuNf3Sjssnpbn8uopQkEPyQsfl6O07UMywqGo+KhKpoQl77EVzPiatQ==
moeKLuTcQ4wmFt55BNOYC5xyZf0fkA75kiB62A4h+TByTDuHeX9HTMPgQGQnuc1elogyJVhfvJ3YfCGgpvEY3y5KUDUoHAiZx+u+uTaRuGAIZtMUXqNDtAF0DyNk+DOaq5eXZPw9YHht+Tx04h104g==
moeKLuTcQ4wmFt55BNOYCw7kfsNB5QWN8mQiV+TKV3clrw27wQFajeJoo8PXVkH/4v+fixgFrTBHXWRMSqaM6u2AoF63CAyKZaoGKXXoaVfFKdjJHDRo96bJzXBEZlVFAubmWhYaPh/An0+1Vpewhw==
moeKLuTcQ4wmFt55BNOYC2Dw0ztV63NQo42eieCRdjALYvKuJJcjHJxaEbI1+zwmpAYDd2KDgWwXIMs1559qpGun9yZZcW3CblMunD/IxiHXOF1JH0BPNW0O5GQKrJpCMF4IFwugLhaS5/FS8n0U/1pXPs8WPemGXlqWRgIEPkk=
moeKLuTcQ4wmFt55BNOYC+aeOhYi+fDx+TqIOHFhL8DhyxK1o6u8T9/GbMsrHelmdcs1r6boM72BM4ucWSn+RFLejJ9eT6lcANXRiu0iAkWswSxctJIq/p06QWFVupOrN3gqSy+KTvAVLIDAIY22Zw==
moeKLuTcQ4wmFt55BNOYCzLyOFXYtfknnwmQYyTak1IqU4zG8We6vsQmaZRbsvfJ2s4wOGmo3tcdZuBcoSPgXXhyTzVWzR04nBKgoZr4u1WNfTKJStAhD+lUqi7AgDVAdQ+hMWO0jIgrp1oLWukzMsnlroseTpodtffIjS+vMM0YqVpwlsTDAvOCud0rpsQl5WF9beoBYwu6rf6sP7GvOmjME2EF79/LW5Cp2V/s6rM=
moeKLuTcQ4wmFt55BNOYC1ZOZ0vAqpgfW5bCCkmALUTbkgoZQ31B+fzRzZOStNjY/o40Sbp0JEzVNrjVUrffMlptZnp39TB+Hq5986qWMCQ=
moeKLuTcQ4wmFt55BNOYC8gFnY22uyjJhGaPmSLBMPtVAx51IclUDzZCAJH2p3SwXVFJ4CzysjdHdOaeoKhUav/gOk80zezxX9rW1ikwAJVuCrtWDbZVQLFox94ck792tBmM6oMAly3YxP6PcjR1YQ==
moeKLuTcQ4wmFt55BNOYC+I3X2UyvZcSnahoIQaN3EuC+5KNvNEsAVVmKkAEAvprGK7t6uWD3PhlZ2sm+axSiEooQPJ7L3pGz4pRcx6DpdrVAipkJamMs144qOb8vtDe7Vcz8r44AzLVJZ4v+OlNZw==
moeKLuTcQ4wmFt55BNOYC+aNa6BFDNQw8AjHECsUQWfeazNKbAtjdqMcefjoyQbHj3eqLW+ZKKtg5bUnl93VUX/9N7QhLXrMwAlRTXnx3o/OVYoNvK3c5Wr/7vdSCrgOZ4d/hqviGboRjy71Tgocqw==
moeKLuTcQ4wmFt55BNOYC+aNa6BFDNQw8AjHECsUQWfeazNKbAtjdqMcefjoyQbHj3eqLW+ZKKtg5bUnl93VUXZsMlpeU550bnsVXI+tCupaE2k7jFY0dtmlXQDt6oZGZLIs+kJs3t+Jf3Mo3VYrug==
moeKLuTcQ4wmFt55BNOYC/OXFxkFiQW/My+TqWd0yTsB0UWvD61Mn609GDSVGhmgBnELNHQHDmxl+UqS1ZXcAa5vGoMRDixnfa0ECnxA7cg=
moeKLuTcQ4wmFt55BNOYC2Zrdpwx/l7zNukqehh7h3skwKrplWqrILYBTw4vti/3sn2wU9S2fG9zFZroDHR4ZqiAGMEOuLsv/0gSbArZs+UbsroAIYswzCLzTLAY5az0
moeKLuTcQ4wmFt55BNOYC/mFAdQu3bujlyNzBUNcpVhmAdtxHNrGl6vJfdVv7yC8GBcA146YUOCJoya59TOpGMhrGFqGkm77Ijp+Brpc+Bw2lFhHbbWpz6Hd5ILNstWt
moeKLuTcQ4wmFt55BNOYCyqwahJJrinFPI083FV/mk0H2Pi8EFL3KkCifbRH31CE6wr6G4mg0YmijPkBv3KtLHv5/BT3TZ3Mct9d0pTTw9VzBH+O7vLTS1iJ9QgJ8R57tOaQ40BTTa9ZdWp+P1phkQ==
moeKLuTcQ4wmFt55BNOYC1N8AIoHldF+MBfJbIMi8MX/U4exCBzPspE4LDlqhZ20c7nGJyZDbl/N1XkdTJXQ9P41CYRZh37+/TWMxgct+1MApwqZNPlqBrMUd/yMbcigbMDdcFvjPVAwE4ixBaNZOA==
moeKLuTcQ4wmFt55BNOYCxL8kTDHLFvMQ8jMXwwAP8glXTrQh7dYkCBNIrrMBd5ZhCcyLdWTrpx6HnaxUkpi7Fb9LoPEM9M9nhJ2vJcN0fclDunvJWQHUXVTrMEjEeTo24p0wnzJ23cza6Of06HrxQ==
moeKLuTcQ4wmFt55BNOYC2n5TxZP4qVocTK+KdyH3pvAH03509CjvWRa+Clp/NCTccDL9l852HaS5uNboaaKyVasHoHoLymy94vaPoYOFBPrncPy0fpAI5lXdr2Ns5tCgUM8Iut6dyL71AtJH6KGGw==
moeKLuTcQ4wmFt55BNOYC2n5TxZP4qVocTK+KdyH3pvAH03509CjvWRa+Clp/NCTccDL9l852HaS5uNboaaKyVasHoHoLymy94vaPoYOFBPrncPy0fpAI5lXdr2Ns5tCgUM8Iut6dyL71AtJH6KGGw==
moeKLuTcQ4wmFt55BNOYC/cldGczR5XKrvNFIpoKw739XTZ9qoF6hw1yJrs7RD6Lx769u52y7h3l69/Nv756LFCU+dIER7/f1dd0K10BnKPaKefUfeIeMFlQXPySKNcCF1p3tBtmgwL7YZB+57FA7g==
moeKLuTcQ4wmFt55BNOYCzCQE+8BlkQmDhFWY6UHmN30If3sZ8Bp+KFNTRpMwVUkiBGlpJ4M22MzYldxaz9RDiKCetvC587TwVfzXqUFnw7ufGkn6A2jMYJ7wgrnGjg0i22YrvNsqt/IBSgx/2hG+w==
moeKLuTcQ4wmFt55BNOYC6nShQOeKy1zTqqXd0QyfOkUXAd/q94w2stY/VgdGA8sN4rKXIOPv6CfevCC9WaO1zj71Aud88NF5fsu3Dt/sXYYdzcifQg5eYNarP7WesluXZW6JEDJgSsS1b5eEqYlLA==
moeKLuTcQ4wmFt55BNOYCy/GqDcj9sMkPBD+Pv36c+LBPoMJK6QmlmFRrYxcZg5Wc6vuzgjw7PQh/00WInaMdKN1b2LZv0KhZ7pKJS5oskj1TzY+e7kN0MwxIgKn5Ksp99lpRmzeGtuIY5Sht0FKSA==
moeKLuTcQ4wmFt55BNOYCy/GqDcj9sMkPBD+Pv36c+LBPoMJK6QmlmFRrYxcZg5Wc6vuzgjw7PQh/00WInaMdKN1b2LZv0KhZ7pKJS5oskj1TzY+e7kN0MwxIgKn5Ksp99lpRmzeGtuIY5Sht0FKSA==
moeKLuTcQ4wmFt55BNOYCyOZGg1Vfy0gxFyqyQZ9LbNA4mRcpMWmuqQAfmt2wa5gytlJ3M75DTwRHVY2Kcx1QeiC7jpU3PmMfJldTmSdUpyXeIzwUeoVqhB+hOxMGudeLHpOwTt0IFS5v2yVH/Ssug==
moeKLuTcQ4wmFt55BNOYC7AQOQzhRmxr2gUkIHTdQVadnb7ZfXAoGqjv8euwBZlTHGrHFjY/0kRK0GC2eR4qwHKVJ7rBBu0jRd8+Hlk1OrxKXM8kNxSuB1k0J9SdTRwh8yKkIBS3R7e+q6lqO+eTSA==
moeKLuTcQ4wmFt55BNOYC5AhHDnlA7XCSvAoRWEP2/ypUOYPAp1Rg/EMitzjyxh2L1+1c8ucFIm+O1arRe9YXDWAQRsZ++bHm8uxg5DdZmY7ZRgnDsMO5FTz5YO5MKDdABk6V340slVBGYRzirQKyQ==
moeKLuTcQ4wmFt55BNOYC1oCou/XTy8dggPc8Bhq9tSN1m5mzSPj72TJx/Nm74wekWTeA9si/8E6N2vAD58e1WeqJVsq8bX0gOAN4ibwtCJVXkrB8I/q4GeptZW4AcXX
moeKLuTcQ4wmFt55BNOYC1oCou/XTy8dggPc8Bhq9tSN1m5mzSPj72TJx/Nm74wenSa/WEhk6S4ZkffGbZKmLz7dmJlGTFzQ+N8Pz6Z8kMxVtpa3pzlQfJRr14Lr6MGGL3H6t2MSqhwa9E/NezW0jA==
moeKLuTcQ4wmFt55BNOYCwRhTuZPYtuJsaLWuwYfXSpVqlk+amJAkZbSo/ALwEyIMk3K99/YLYZJWqSu8b+f8DW3e3oxITM/zsH/KN1IJMUDC5jK3MUTMeGEo09w+gwF4tL4JB16kgaejU5YyAAk8w==
moeKLuTcQ4wmFt55BNOYCxASFMrm2w9gt+uX/AFvu+ElKbd7IKig7WGMxvOtKi7AMGkR3AtL614/9cRbxuEEgh7YZ4NPHW5MbeNkLHarwUY962Y65yeyz+LkSzmcWqKNErXWRUZ8FVJnCAi/r/OG9A==
moeKLuTcQ4wmFt55BNOYC+WTRfZVPSHHvzrG5+peNIIuRRk5qlsKja5r40zi6/OJs6hVx7StkE5Md8e+sEobGnKoOr0f4KyMw+TgQB77uVaxkyWvDAaZf6Y9eHZxtNCeEW4VfwcthXW4zFvq3CVYWw==
moeKLuTcQ4wmFt55BNOYC0Y7+NB2Y+NQ1I90eHo/Lm++Ho8Zum9DV0dh0YWdRIhRU8hsf29SOF3GL4R3e7mIGn0lvVtIeAa7ax8V7Y5advblCSBpUMdbl878YFN/JuErlBu7VM+Cw77GX8Q7W3+jYAPuMoVuhpfbr2xQhx7uv2U=
moeKLuTcQ4wmFt55BNOYCybA31Nxz5Eodk3p4DfHCBdPesuEn62JWC14Cc2zgWn2c7Ef+r17kUloqA6/PrkJb6hAXH43FZ3y42YU03VfedMaCiR0aWk/p/l9gTiCcVNfe+Z48CTWVngMEYlvpa/IOw==
moeKLuTcQ4wmFt55BNOYC4O4ExjxQeRpl4te6QOsoNeyRPHmC+jT1wa0X+Vir1fmb9JqhrV5x4J0amRivw8jP5kraPUY+P6sTQeId9IA4xRytPdrO60aYsXw+gfK+C8qhrpsfj7IOHThYpGcewkCpZouetMrTl5j0FSv4bVG2kNrvJp105PRzxAgwZx9FVTKBapbqK6XrAGdN6dn6rTZq5pBA0qUoeuErlsdaZsfRZc=
moeKLuTcQ4wmFt55BNOYC/7nLqZGWqTOv7L4PzxspuAmAfSDmK5gf++5YCnZdeD0AG6z6C/1aZVTFG/aMH8SXvJALuwbKt7W0tI8lCsvHw7ZhmLBaWVYIJzESJwxjAMX1TX089Ka+4XgD0zZFicCdg==
moeKLuTcQ4wmFt55BNOYC3Y73e3XhmL+QnoKBdqaB9fBH+/8w3fSrPSoqbcWlv2q0sfwkETkBeTTWnfgwSyxb3g8eXGtg8Z0S7RMyC87SFk=
moeKLuTcQ4wmFt55BNOYC4phZKbkIM1qmlBRkk0m7r9ISOO/dgSmubW3LpJXI5aIrTQ3DwRoOSO4T1QVcoLEMkykOzUTvtrlisXPpJqXFLgwP1dJEz5dadoyy9IvHRrKBdMSnIvgYtuVNX5xLfkU/g==
moeKLuTcQ4wmFt55BNOYC1Ijajar2QVKo2ossp8mESVC9knqdHWamw7sGL5pH7H+t1tt8OCkAyftqrC3Ltbv7RpimNNKHhO+lO23tTSkdn4=
moeKLuTcQ4wmFt55BNOYC1Dm7qfdm0MsqxzMJbdEe4JLY2QZ0Wp2TcIFfHtQZOaAT8igzB+ocYRe1EHe8ZTDKcncDpigIoRaS/bdx7RUVIb3iW8msq9aF9rjEXk/F6Yq
moeKLuTcQ4wmFt55BNOYC84Y4t/DXdBLIuKwhoEERttcPbIjH5iLgLgjDJwgcw4gZWlrYPeymLUEv+oFB/7EOQVzlz2SGKQQg4q6BYJCR7lhl69B2WuF1uWb8cLptITD
moeKLuTcQ4wmFt55BNOYC/qWrvGE3d4DhDV6NmQO2NI/XQYfwbBKmY0IvWjEoeuBcLEVJ8pjRKDQAah8kF6D+A/3durnB9B0lt8HFsZk7vm/dH4OXsV07fekW7uKuOzDFdZUtnIiPLcc+aPKKj9A+g==
moeKLuTcQ4wmFt55BNOYCxWkrI1cRS7iJ9IZSIz/eO30xjmvKb0/ROqkZgSstfodgtfr4g4rF9/Cr0QWNjkroqpojbzdcggHhljumO7lUOZEN2LcELZBVrIUUZYrX5uuG/g0beFZs+QGWUr1BFdIkw==
moeKLuTcQ4wmFt55BNOYC+lcO3B4VtcCgL/SFokGiQIRlRUPmBt2bC/rjtmnSqlqm6GdJPy/cyl7JGjL1AiUEWcBPvctAJNI/NkEDw2f3BERuKNcb8/WgOBSMTNdWjJlmkK1JliAr/u49X0Gy5cvDw==
moeKLuTcQ4wmFt55BNOYCyqTSrfKWTTy9Jo0C/UbQyWeypXbO5PS59D4u1Ir7X1qQkfnGtykK2T3DE2zqBxgJja5CaLpl2sbJafGoHoDE19oEV5OuyA4u1JXeHQMLIxwmxd1L8neNOKiQO4UFzNQsQ==
moeKLuTcQ4wmFt55BNOYC2X0aphOAZYNZCNjk4i2pazVJVf7pH6b8DUsLzpTunvNkhquYITg63gA4sZd1a9hpeS5C89o7Vldvm2lBQ/uBbjP7cof6yvZ8Ij090vSsWFQ
moeKLuTcQ4wmFt55BNOYC2X0aphOAZYNZCNjk4i2pazVJVf7pH6b8DUsLzpTunvNfu3K6Ys0MQE1jZQZMxnWnMgO2S/rcE3bman/ZSNfUkQF5XpHviAFN9XRQN8LX7qGNd23+01AndbR1bKT8vBwvg==
moeKLuTcQ4wmFt55BNOYC9uWb1UvaNZjdBjexWFGo/g64o/uK08tsLh28lMSRNLy6IF3rmLnHYVCH3doZ82TqRFCcn6bG3cAgl0Gkx29+7KLkNfJacH0BeJrzIO6VQSLEPJso8U9c+25STQ8GhIbSA==
moeKLuTcQ4wmFt55BNOYCwwPFW57+LJtWkaZorXwrf+DBhJGSBZJlcFpouEVcqoyfivY2XyGzJ0+zzKyK+1Rkh6Y8i+Y4JnI/aF/GgaD4x3AN68mr8q8L9fKKuPq85uscmRviJeipQ79jB/mAyoAvQ==
moeKLuTcQ4wmFt55BNOYCzTcwoKgXrKkWu1P5tQ2lak1YtC8QeJZN9U+BzTXq1DJJI9Fu7ymEPLSjw3AcYbUPIACkr2smwP9K1M6YifmdzP/wetaad9pQxQHlDJ5lYqU7+sMnl+02NQbWkzGRlj8HA==
moeKLuTcQ4wmFt55BNOYCwsyUSf8Bwme8X/RmRRiWS53L0DOhPirNnQ08kisjreTxElwT1QyxdQdKcoET1q2XCY4rWfkCTTfJkh3HGCNKDGqit9IQafTr+pqlfIHZyoAcvARfuOIqY/+yXFQdHiABRST7WnL24MsC1/u0fsK/oo=
moeKLuTcQ4wmFt55BNOYCwsyUSf8Bwme8X/RmRRiWS53L0DOhPirNnQ08kisjreTtGWq/3/g7+MyL5psbvW3g8j0Sn3urartNqRDi2qsGOloIBcRakBmX8EHhK8OtksyG/bkUqy9b2kTU/saw0rUIA==
moeKLuTcQ4wmFt55BNOYC7tlG5sH10HWa1R6SiPESW0G4DM1VeCOFfIJZvHIeitbmY33FL/b4DaREkK2SNhqlB/knvSyzilNSiIIiWsL2wXDhyrcQfgwrr2WzGjUYjuhG57jvW5cfN0tOSuWta1kq/Ys6DlV3S6xkNxSAf168flXZZBpRj/UK3lzXTlviv/BNeD/6iNNK2c7egpfG2SxuD4CbcNDtsgEDoI40DblDvE=
moeKLuTcQ4wmFt55BNOYC4i0szGxeCtC6Yi8aEZld7FRNDqrPkMl7tDhNfyE/F+h+n0q6jFCD4xQfRBneXSAAVUciZ7LGzKQBjej6xYNVKg=
moeKLuTcQ4wmFt55BNOYC54THaP3aq+uyMddrzWvTql2g3K57h1Npy68MCyrpEczUuyxR05Nm2gOx1jN9FN6gistSmFJ/+kUQxV+hJ8Fr+JXcds/iU+nlPRNV5MzGxsDz/ODhGWKH5PHLB76ApVHCw==
moeKLuTcQ4wmFt55BNOYC3zuUBgf+HMQxFJalvI/G2968f1SQE0wmFHPwzT6jAP99R6uTd8gz3mc86A6+iUEamqSWX7WXdx8dy4zQ3/bD9sZ+YyfEOsU7iiq+Ij6SZeMGPNuwUV10BcpYd31gQhLOQ==
moeKLuTcQ4wmFt55BNOYC2T/i1aP+j1Ukd2+vG120s13BwsdiOUUHZ6FhR+c1oki7/55+/3ToZ11aYhkbo7+Jnp/9+ZRHffY67Zr+QeKsSe+ZFcHASzfH/wiIafXvk0Z
moeKLuTcQ4wmFt55BNOYC+5Gg47xT4plCG3nFFRqEY8BPmd9MC8Hmfzk3FM8b76FY4iir5mOGZPjtVb8mA10e5bcVgflqqO0Axn3LrqWaF0=
moeKLuTcQ4wmFt55BNOYC/X9PP2xwdNNfgHBeUyZtC+N9ZgXLE58cr/ZqpOb9oWPo3/MtVOfvi5GhJc+cehouTZXv3Hmc+4NqwugpFL/cJUBHUo3cPzRjRiXKKZfHFrj
moeKLuTcQ4wmFt55BNOYCzkteWy22WTVS1/AH7lZhDxLoGz/nSeAZo9n1+BCF1Cvj4x0GWSUFxqSlUq4vwul9GK2IXSJnqehijem+oRAa3RyOu8fnPV97FlcjIwFBTuBrPjOFB8jWo8qTCpcuxFomQ==
moeKLuTcQ4wmFt55BNOYC8kww1E7eMctCmBeqfdbq+INWVjgkL5uf0nbIVkglSl752FtM0unJpQx8JzYDWACDeQeorfjmXJMzuVtkZ/ZMnLSz2DA7m5p9bmxk41QLD/03SPhmvsMNJln9p2xqM4CTw==
moeKLuTcQ4wmFt55BNOYC4DyMmtBFaIPWTg8EhhStpQYjIwej39c8yOIr98kcAvyET5bxOlvQsV9Vkx89Ncw6PqA6l5nSIBnmQgYNqX1xXuqhSLKNwgSPoSndbu5Mwi5Qi14cRGwaBGBdPuSQU9ixg==
moeKLuTcQ4wmFt55BNOYC0VetexozwoDq7qEp5rLteXvZ+HTUCC8q30wzlqmzjIm8BJwRNeP5vkwMnXlG93JnUps3GscVfxChZrPZ7QHutDXkUV0wPUB5NIJRq8V7l1alkjLNcx77CHVZVM8S2Xhuw==
moeKLuTcQ4wmFt55BNOYC46Dx/L9LP7ORf2GjRmAYTar/VVxihhrXt2ptDD9bYGUAPZx1XsH2SOnzozEO10xPnX8cyHfwiif+xcLNutyC+TF/DLG+PPvvMbkP5soaN42
moeKLuTcQ4wmFt55BNOYC/o8qb0ALKni5GKroJyo5KKUGa/crVB1LTOCfhyTFzixvZ3CPCN9YYgrGCITgTv0bYyhaimxQwJO/WmwZl1ga2+11I2gBPMMPvGWX+mmIN5RYWdeKfOffRZIYcNxT21f9A==
moeKLuTcQ4wmFt55BNOYC7gNdXJxs/5/PRDxDjJK23Tzqy5B8Zo/vITNY5WHE1L2spCPyISzAlLr/EO6W3Kd9pL+Ej0RP5z6j6Z9sIyNH4J/lsCruHU3DXT3vb2aLGjQs0uXMSoPGSB8ws/Mhzvw4A==
moeKLuTcQ4wmFt55BNOYCymrU4ECSwsXOh/Fpbb8Rej229JWdx2tHD6dMXwFuqr/4mb4hF+YIlRpjKT4askQ+cU1oTbz82dY53UT150vBrmgg/9jF0syesy/R7q+b2qmbn691iDijMiBcri8ZUrPwA==
moeKLuTcQ4wmFt55BNOYCymrU4ECSwsXOh/Fpbb8Rej229JWdx2tHD6dMXwFuqr/5In79LynRwaAeV+aoXKzcMMfAqJUZSjF5digZMiXJtpGPGBtOSixic010TwekBBSQRPRAmAdlnQ53usFKdfkwA==
moeKLuTcQ4wmFt55BNOYC5bL2szx0wlPcYsPzYWCzgViCp1Z6Qk7ajcGzj0OEoGZi0WWbR5u+ZhFTPktrGPgOjfoulDTJ6l9S17zssvKxWH1aHpNxxE0vOJ/f22LvyPcihG+koxnHP0xSdLI5eFSE+zN5KIy8R11dVtt5nceERE=
moeKLuTcQ4wmFt55BNOYC5bL2szx0wlPcYsPzYWCzgViCp1Z6Qk7ajcGzj0OEoGZIMGg4ydRIsToQY8TFj3xAXQcaFSY6Yv152qJtB7MGcz2zMuEW27N8HPoCh2BrvLSojzuOifojfBXTIypNR1ryA==
moeKLuTcQ4wmFt55BNOYC0P1kanFMJFW7mmndrsewILRypu9NqKxhKKewGHSrTfHeZLXmPN1j6Fj7YZHaUx5KIRs48b6+88EMJ13wXdW6kos7nGoXFUnPRRMUp2a0Mgm8c/ObU1Taq9sw8OXnIise2WbA28TvcVfydecGQE0/8fBE4pP0WEythAFvLaUhTt3TZHjfAuj1G6cwv8RVW8xvudPCFXDdn9EwB8ggbYVEcA=
moeKLuTcQ4wmFt55BNOYC9x4Q+TKLDDbavMxgBYIUaBDz88f4jHb9Qpurn4JwK8UsHwJW81lTVyUngkuYB9v1g4tlXVov7jh2XL3mQut0KM=
moeKLuTcQ4wmFt55BNOYC520pMeQMjQGJcRKMnXgN/SkFQXH0mBlkL6iGhoma5eqdMc2XS2fkke+zRoqL3PHUBXZCN+ByGghN2IBVJIrE+lIOkIfUzzG74YGRj+Gkj/1H/2CsbEkU2HVLarmQEPCjg==
moeKLuTcQ4wmFt55BNOYCz/jV2H0e+9euR0qYzj1gHLExB5VKn+Ffwwc6bezF+X/ISo67rnUm26uuVKxkD7IykEp+tODfgRsNdc6M93/67fHrmRuzJyOHFJsJ2uiToBxZAPlR+aNcRIXVyupzm8Dig==
moeKLuTcQ4wmFt55BNOYC6GLPG7h/Lns1wtBTvJuteRKqzyNKtWWj8lXKrILLXPSj4huoFrJmBpB1WOru65734hhv9ln07wzrkiPllohikuITl3QpXa7BBNDkIFSy/J7
moeKLuTcQ4wmFt55BNOYC1CIVPWiQpwhODEGR48IUgDYoVfCEDq4mbJHE7Ff1xc1+8Ueov9FMhwLtTApLO+g1MRawfhoTTwHKNw1AY/WMp0=
moeKLuTcQ4wmFt55BNOYC/HINTCA1+07l/0QdXx9cnL9eCDixCliRJve4Ev9hyheIZVVffzkbPQnqjMp7Jl0Ig+a5xhrT7ome/QEpSC54twoJsW+NH4w4r4iUb0OTkxa
moeKLuTcQ4wmFt55BNOYCx+4H1/d0qpkkoHQSGH9v7CRKPFFQoZcK6Evnk91LTIit4/Sutn1eBjKrG8Ert6iBOXO6ThJb92DrY5L+rXTuce/BKxEFWr18SC6G5ubSEQWGES0G9hMPku66XU6PLHDMg==
moeKLuTcQ4wmFt55BNOYC1hsZanRHSqh5v5jy9nKZ27rVXLSIEhGNr3UH137ilKkttdpSF6P4d/eK9oH4GvKHG5QzmODiq2NmvvBUfVE7K68fbFq0MIUcehPmkrFF6VLsIFf94yUjsOYGZwdCKic/Q==
moeKLuTcQ4wmFt55BNOYC+tFfmMHcdE6e/26yQfuD3MF8apPSF0J+521xFEzg2C5vNZPNeM+BcJ2yliRVC1zj3aBqHYeulzjodylJ2MSKYbriVbGcQA23C+3FhfAnm94diVZVsaKLnf3iwXUKNSgJg==
moeKLuTcQ4wmFt55BNOYC/K3vMS/2NlE6ZKq9jizm1eW0Ez9NfJfEEBuzf7tPzBlJpZgVdlfhywAkQiky5MTcvKx373eI1e9igCOoUcNYuVeve3E8/8WdhMJagVfrVrttqglRUD586Zws3qFAaJQgA==
moeKLuTcQ4wmFt55BNOYC7qh4cYgjY9gAt75WhLA8CtWKnvz8peL22AjWqZWWE1NCLVhMTRlGgGCy6FMxNgLAogyhim54OM3W18//ZFp0Y3Qrr8oRZeG7mQ5gbDHX6lU
moeKLuTcQ4wmFt55BNOYC7qh4cYgjY9gAt75WhLA8CtWKnvz8peL22AjWqZWWE1N6Q8pyqBuuXWCi5p5K1ngtTE3wD8+o52W4JZltHDqatc61wlQGVO3o3jSFtByxhf0JrAoRvM6Th1I2HVs9rPEGA==
moeKLuTcQ4wmFt55BNOYCynOjBvFX+SMVl6aluQ0/U4BeQjVXke4Sy2xoQ9J5HBjqlbsGnwctnt/ceKq45hLe6uAr3s+FB4VoW6Rp5/bHmJrYFktWnXFm1x1SzJMAHguqWIFcPcQrWrXztjodsQXeA==
moeKLuTcQ4wmFt55BNOYC4qQ8mpr1dK45B/zoxLwNCBos14RVeFFA5i9VVcYudO8psqu8AKtPtEKjhdeIzVlPLT/pb27K7/ogo/41BqqlOVLlp2UFnHQ7V6Rt6duCgrzDeU8FoTrcV7c0h6q39LvGw==
moeKLuTcQ4wmFt55BNOYC7QU6hP9wrlbq/gk0t5YimgfwTfw27yeLWn3DvEqVYXwxnubMln1lmfyUEiPFXy2IkZjgEa3LobeJybNAUhPzLmDLSmHfUYZ7sOQYfXMhepjTi3hkkYn/4PornsCLzSEWQ==
moeKLuTcQ4wmFt55BNOYC/6utAv1aVvzOhOUQywrS1qC9hnd/igNEbADN8WshFfNV5ib/w1azMJ4nyl97awbHRqB1CCOdT9JFy+KY4Fbf2yIfYuK1Foq0jaotgss/NysVddT+Qnm7Ax7hbRgBMD8zAiv9td8eKpuxAvJeckdzoQ=
moeKLuTcQ4wmFt55BNOYC/6utAv1aVvzOhOUQywrS1qC9hnd/igNEbADN8WshFfNpRWWHL14ZjXanfZZ5EXoAksUq2tMkHyIag0WND45U0VXOg7F7r8b1rq/GhzQHQyg831S+UrzYWQMjZ3d4pjlWw==
moeKLuTcQ4wmFt55BNOYCz5Aw+Dv0bzL+PuMWB1noZoFRK2Y8JbbSAY8JmgitmdaY5r/KQBPlQWNt5Dh1ibYcio/9Uss0tQGzolMHUbzOZ1SnHi+U59fddT/wYuHGdQaPI4956QoYvmkYOBfcrK0uI8QaxH9gidM0nB00hZeW044n1XK2LsdsJjADUCNYe268fUyr3QgF2hRbBAzwekErGMHGoLJ20bJYqwzuVaO6Jc=
moeKLuTcQ4wmFt55BNOYC5niui58v3zBqDurEfbEJ22+zHvQEvFIv39sZFrTvV8r8nK6gx/mXMRzmB13VFLAPVYm+sW/wUOBEgSgf29rodw=
moeKLuTcQ4wmFt55BNOYC5id2v/zM5lKGTsVBOmv8sKHT5kw1Z0VIkyMxOSx2uik+e0z7fhUwaI+3XKNWGif/NjCxhjtutcvks2eNsZwkptP8eFsyc4kgKtEO7QuEXL9VMyubXZKBQgMWJgk8skk6w==
moeKLuTcQ4wmFt55BNOYC+GucK4Gqf0MFTp6S8EabzryO6ZMmHomj6KWRQwmV72gTBMkxkdC6vowu6nITDeNxbx1C7JVfvCyDUr2dMP/1tw+MGQ/AYVqMzqaxmxmYQHTi1Hud7DL2BVjWeNmbPp0ZA==
moeKLuTcQ4wmFt55BNOYC+KnDWxTLOAn3kSzJGIPvk1WG0N774aGknxl1KuCTRrpL+JWFrP7pNwx7FwOLwo4LeP4yjru33xkr0vJfte0w5wKCxxa5OlxHzQ8f/nfOi2CPUzRYyND7EEBAe67vPTXxA==
moeKLuTcQ4wmFt55BNOYC+KnDWxTLOAn3kSzJGIPvk1WG0N774aGknxl1KuCTRrpL+JWFrP7pNwx7FwOLwo4LdnsV+I/lXBQYX6NOSmHkgL2jdtF8d+Zr2wfaTsInPm2nOqh8lgti/cSubrzswDEAg==
moeKLuTcQ4wmFt55BNOYC3ZKoBMkv/qbU7cKLFvmL+01O2TpOjEdGxGqc2flMfiXsb63b4Qm4KzNymwZI3THmatk85XkJ/eIEnIVz6FSvUI=
moeKLuTcQ4wmFt55BNOYC8XfEWjerQ7w/WqJC46QYg/1ibFS7Zo6TZwKn9/ltDlQybFL8bXGlDmXA5coT5GXKiLdgcX1jUEwYfbPH7J54RPYsCrBc2+n4A+2DltaULEJ
moeKLuTcQ4wmFt55BNOYC69TIGV7ARb/iF22k7J0WrxZ2W7T1/vHS2XoeD4AsC62M2HoawS7yQnnecPTxqdI2Hl/T3k9zpqi4Epu2Gl88wLq9LnrGLiTQIvcDvGvwrnw
moeKLuTcQ4wmFt55BNOYC6Ik14G9r1ezaZuhgkn17uA9wRbjS7KnBTgIG6DVWx7tpXIAqu4JMIGm5QZawoVoNXE0Pybe2i/nnQpEVPhXZa2XuOdpXmju6o/WHW1eKxOVVcy7Bmf8rQu6Kcdi1YIaLg==
moeKLuTcQ4wmFt55BNOYC+Am4yTm5ImbaWbdYudP8h7mPa/b8i/tTy1QVumBe/rRkNjS9dct3MjKNnM12sZ97mGbE/RYA2M6ODUAoEjCZhCFugnO8fofQSfpQT7nD24ykc0LcUtb9z9Rt91YMmqXiQ==
moeKLuTcQ4wmFt55BNOYC86MCNB4NxdobNy/ohpManHnL35g+dBLKrI3LbfK44b+kLD/4pQ68caCT82VYSVE2XTpsBSYx46/hCDliffvbPTC5YMoI2WTSpc7vV/YFp7ebUXNAfW8HIctrQNvm8n/zQ==
