GmcONIA9PFzHw1gpPLLPoqev3ytAH5KO3S/CJpMsylg=
35kyjVfwBJgytCi6KM5Vug==
FNt9orFfFSbPIXNSbXcP2Q==
gE2g7VQeqq0h5MkG44fPUw==
A4ZCFW7RnVRfEnbtNxUDb8VFIQmzxcIFLuiIjRY2q84=
cwgQW1UgxyVfBeSrdwXHsPE1eoSAri+NViVSjTYe4hg=
pYn3RyiaY4vz2unSybTHuw==
mAzeFbkWBGyzJRgEWJSZYQNn44wFaguEUnqkvHVinQw=
NiGef/LGs6v8Em6sqLz1GYGKB0111uCW/TAqgkiW0+w=
2lfNnhNY+w/3xMaMUxJbE0YFT/wvMlSDz8Vrd5FEs18=
moeKLuTcQ4wmFt55BNOYC3+/bbaBsCejt8QZmgadSa/O6FlgTs3Z1YDIzssCJvktqLQRn+9ywN5RHH9WXERz+S66nngWxBryGusqnhBN7zYHrSZxaOq+sG+5Rf+IgMTx
moeKLuTcQ4wmFt55BNOYC/OnYi2CqOJ7K8zQssKv+6qqkmesHScIX/hCt86dYIU7B7Y5N10OBYRTa6HQky8emzt3AR3cPJS732SLxAYc8jYc1gZIgfOXQ6rkzZkAAzadQEpQiDcx5l+xazAoSezLZw==
moeKLuTcQ4wmFt55BNOYC3TNBi25cB1Tea9V84dQmcJdNqAtjdKIKABOJ57Ib/HMWDKSK/ZkzXrZEY908F0AKN7BYnuomgqh2S495NHZrlsUdRsZte8+XujufNKg1O9vJQsWQ+3DuD6aJZRDSBD2wA==
moeKLuTcQ4wmFt55BNOYC5EnBjA+ZqhlugQgWDsBUJzL5sjarYgbgodjFDuLt1Pws4I+sG404SapP4IUirTRJ84OEUv/Mz5IZLqH+qv7QffGGJnfipa+hPZZ1AsR48BwrAAVMUUSfqasPhxKVjLkqg==
moeKLuTcQ4wmFt55BNOYC6QEp3pwdojtlgRIIk0K+5PNZNMvx2kFgeQvw6sFgoUFjm60TfAJRAGydgpPFpc5oeqPeAkuA0YmBzrDh0POi7fkBq74gvLmQI1LHZP41/xJ0Y+ZTqrSbLxTaykJ1E8GGg==
moeKLuTcQ4wmFt55BNOYC5xi28HjgSKvZk0wAoLFzrIbOlbdYAGzX5nyemze2BUis2mdF1w66PVzp8NcQnOhH/5eN52ErjSKAHL/o7Wr+UaftJ7gqhTikuqKI1ioxnmLvxr8dMy4ODW1rGhGGxtK49MwtFSHGQFKq5Of0NvzZ70=
moeKLuTcQ4wmFt55BNOYC5r29Ta4gQhBfGZFMSSgcZ1k2vOE4Qikfo+dT57F9i7fP6QU9IgCVBlHSZXw6+ZY/ZzMznxY8Upb3lUo+LeMyiTRA2CKIRTA8uVEXIA4hhYOeIs046Mghu8ndF1TpKCA1A==
moeKLuTcQ4wmFt55BNOYC8Jst95xjXD4wRf1IhOAQvRlpoyaL0QBkMilsX0CxrsMKZSt8MzIR+u+SoiYkVsgn/b36TVYIY84rzHrn0fxIrw80fNy+ZNzN5NKQXOlvg8242uFwg8wvSVJE6StPT8bn7gbdnRGZLPY2qn4BXLXg582NWvumtCrhrJzwtD+0/iJy5UP9rdsQO4BICE5M/QTZwaplfLJbw5znYrAxiEBpqI=
moeKLuTcQ4wmFt55BNOYC/ZmFNNAFs6LRVu9UJGYaz0m7v7bG9RW3WI0nZZIm5uvWQ87NoPrzfJpmGKRS+GGzU9WFvnHHG7Fz7Ido/qVbKk=
moeKLuTcQ4wmFt55BNOYC7Angkq4ZGOgX4zGCnzXLMk/DVS88LBgFKnHmn4qV8sAPLC7U5CQFS0UjDyL6/VtHX2nZG5ofEP+xbDZymii5U4z75oBRp8TC97N4NRAXwfMJPaLqhxMy7dAweROLdXYDQ==
moeKLuTcQ4wmFt55BNOYC4/ncvejwUMf3geAA67JCiEagjsruznurhUJqZfqoYrj6kFyPhZvgPjztW/UAwHv/0m5dYUhbWkeFWJSPE4BXft45dIAxveqgySikUAo0uxHpXjmIB1co0GSJhSD3929SA==
moeKLuTcQ4wmFt55BNOYC9IqZgJSewg8qryEzm5IurAbc1QnnvD3k5FJYPTsgj+2EZB70xSsVCAjx1KAynJV9Afx8cH8o8/DVsxIGQvkf7T3Hyqg8JdhR7KIpT3Bm6oixatiXikFgW1PC/XNKRm+5Q==
moeKLuTcQ4wmFt55BNOYC9IqZgJSewg8qryEzm5IurAbc1QnnvD3k5FJYPTsgj+2EZB70xSsVCAjx1KAynJV9HFiLnHKICqQ1vZn6FzAEN5XRYbTVeDbzuYHpVI909QksnH0busCw9ej8/AgmAUJ8A==
moeKLuTcQ4wmFt55BNOYC7L0Lgi6a5Mm8YN4sk1uetYtrkqPoriL6+XQeOdbddrbn6cJ2rpkXXTbwx9u9liihEw+aQT5tNJxcc4hm6wc8lY=
moeKLuTcQ4wmFt55BNOYCz1uat4+HuoCalQ5LMN9/gkFrRk+FfYHBAZNzmgEaiOuEPpnrFLJItPCO0gt6UGrxeJeGcijfo6sMKvgzdo97s8JX7yIkGtKqQTX5L8iKfQ4
moeKLuTcQ4wmFt55BNOYC6KoiLrem+1HAWA/Eq39dRRY/W56/QY8RXPT71cHsY+hlnJ6LV+d9eOLVgns478vVY+ierR6PVTXRiJ6SGN9isvqS0R5vxvabYmred+x/7xn
moeKLuTcQ4wmFt55BNOYC2OMgpq9GRKRsTlIuDddyUIvmMp2ydSbEMPoq1z0PQ0FtWXI3pbRcnBQvNm2BrZbEYDVQYaLnzss9p7Ux4pw25BmI3ojZf+T367+t4Lt4V4JFXxDrWGRCLaqlAo5nXxrfA==
moeKLuTcQ4wmFt55BNOYCzPAbMXBhBbCJAFCzz1BUs7UibhVYs4t/ShMel8U+m9EZFH44SL3sCqK5A2AKwNxxXnLcGCzLLByQYNehLZmh+UHal/qGGBVqBfHDMQe9XHw2JYLLGnTp7qlfzRuVedZpw==
moeKLuTcQ4wmFt55BNOYCzvr+3bOeS8aTxoqdOPnaa9EOYWQrhBMuCDO8Lm3wKApxay4FwceFkeCIm51wrK+5VPtUwKIoscZ2SL+Uz81vE4XMRPOO1nNMIaFHKtwifU/VJHn/37t4qG02h9mLEKxZg==
moeKLuTcQ4wmFt55BNOYCzW7qVMbK9RuWuMo9kikAe5T44cEm0y1wC8oPNHona2i+hHOaSeZpHKQ9e9xrTE7axrqACgy+J5GXPyUL2bsgWEvsPD5Qqgv4OqR0e8camDO
moeKLuTcQ4wmFt55BNOYC1Eulzbnbqu6+RY+Yi0oDJpZ692loXltzQloGDCX8i0pF3EeLUSAS85iBoMP6+LQN7ziTK1jABkw+inOZwfbbKglnMTvYTa+vS67ECY4HYOd5N+rXtEjq/Z40GZVAh8fHw==
moeKLuTcQ4wmFt55BNOYC2YeEFjpDzgOHNEuz9gtt9bhdrnsyamI5s36Oa9NuTx5LcFlTZHhOEcuARHi+t+XyM8C4NlWa9viBCpHoT4gj2W/IP8EQreJsg9fkOjCMEXOgRhxnkP+Nq0SX9/W0dDzSA==
moeKLuTcQ4wmFt55BNOYC2YeEFjpDzgOHNEuz9gtt9bhdrnsyamI5s36Oa9NuTx5UQcbeOP2g2DJVXzXobBo4DeZBg128FnCKuEMFvAlQJKN2lEFbxI+WFdcxRsRdG4SLVjAnr0Qz3mUZYTyHymRKQ==
moeKLuTcQ4wmFt55BNOYC+7y6+C89stizlU21oEEmjC65nyRGeWkM+JDxCY/pHIf//VPbYwUkH8on/8vZHvIKMNWsT3Rx/YfctIBpKlNx9sCpTVf3XOs4QHAFQkfOcUKYT5XOMGs6PY7uM+Bh4kNnw==
moeKLuTcQ4wmFt55BNOYC+WhxVpf/GhWKkz95JuQy4RyvMh/sqbCwjpQNC3xSGTkR9jB8vXrm1v6SDPGsRSfPXY19omDBZ0zxkAwmfm0ILWD0sxoN+ygs+5MkPJRizkx6TuetMYd2R/8fNcYkEC3WbhfxZaj1Y9y1bYJOHMGX6w=
moeKLuTcQ4wmFt55BNOYC+WhxVpf/GhWKkz95JuQy4RyvMh/sqbCwjpQNC3xSGTkiZesh4FahtgA3x7AVQ+6eu6siKMr+B2u7CFJG8ILh4LAFq1IYIUQarm/PQbj8oiNwTFKrJ2EvRGdvGh8mk2zeQ==
moeKLuTcQ4wmFt55BNOYC/OLbEGXXYi7IaT1waDMtJWIb0rD/1REO22rYKsrHKuX6ZzqCEBlMoxcKNIdGMLptDpIflcyPM1XcWrKD+aQt6n3DOxTcIaLHDFP73VaXMmcG9n6PVK1bPKFGX8I4DomsNfWhiYqdnxMX1sMevJUqME0bA71KCWisIBieF+l3NBOjs7gQRSVXdbiF0L6qux8iCDzIBP94HMl2QirEwigU3o=
moeKLuTcQ4wmFt55BNOYCxero0tsdKbQC3Xu+M/82s8hHPVFEhbBofO1utf/5ZKo1nUgsPfl2fz8hVT4cMXDEH8kypUH61EwYS0jCWAx6tA=
moeKLuTcQ4wmFt55BNOYC8BacWm54kTGqdgm2kfWoLsj7AXQzLfoi38BVvzUHFwDAfGV0/Lip3eyxXvhmSCPJ+vZdar/EKLHiTOhVSunTmYCVZtilFgt1VLlxop8fOLfFCzxG6w08OCZH7itPJOwtg==
moeKLuTcQ4wmFt55BNOYC+vNkLKVJN0Bud49y/h1QpQaLmGM/NZA9aYrWvry51UPbvTL0IFjNAUi3ua0QMnX+iOtXpaeQuCtGXaZzeErZMP9RbvuPo68GwO0pPdgFjqn244Hvn9fmJF4CYctC+F5rw==
moeKLuTcQ4wmFt55BNOYC+sGVEUDi362c/se3MdKJULZQb5PuXL305lIKq/t8tfFv4ELFii+eZ6FsuoBXlR5YIfUK4BX6tpQdgpnrAybyudzrpyKpVQAIkBOMyk49X0hDpfxFnHscxW3gUGmyOUjlg==
moeKLuTcQ4wmFt55BNOYC+sGVEUDi362c/se3MdKJULZQb5PuXL305lIKq/t8tfFv4ELFii+eZ6FsuoBXlR5YKTTPA1ewcIYAOP0fn+uvFed1bwEg3zQMWHO8ooAmEkB3++CrOxxoCWjonaqwzGdSw==
moeKLuTcQ4wmFt55BNOYC9vU1MCJEmTKZFIcfwm6q5OFa42DK+z6zt8mT01OkzieYYWsyKy71Xluk+syu+ZzOYUHbXEJ+TB4TFpJCvhEuf8=
moeKLuTcQ4wmFt55BNOYC0V9yXW6peIbLSv3qPRNX4xSyrPw09CLCYttAr5CNe8+recWxNpwyhZtowz4/0rBD8uXJa9BzdvtIMFCGLU/ztIe2PvRp1db3kldN2trMZMn
moeKLuTcQ4wmFt55BNOYC8XUxtLaBd6lNQkgPzfg9gHJ7VncaroUDyIVsqKurVzFbMN4rpX5524eJixE7iZhd+xGhQUdV2l70IkVB5rbQNSPafjLdkQeQaVGokBW/MD2
moeKLuTcQ4wmFt55BNOYC8/sppf1y9Gt/zlLB22tfR1Fa+27kb64I4O1TuJOfQIq+sTULSLONBMSa5HYDlRO+k+PmTz0K76CKGueGkpk2ddfrFwLdSOygSAO33DsR7gIiQwBAuqjGmbTleuHT2Hncw==
moeKLuTcQ4wmFt55BNOYC3mkhC6j/ffq9+cwbSycZyMSVsbutBGoRiu4ILXHKqbMo9K9ynBBQf5zP3b7evdMNRnsuJSdO/JzYj/XY+kJDgs1o6pYTEZZhAyI5qPQvokulaxnY5aC11Sf6oUfvpbncA==
moeKLuTcQ4wmFt55BNOYC4EkOGnkB+3AQqlaiuGWpY8uBIlw698lyo3RpEJiE8Y41oOrhJI6LYInq5r6zfY3YDXZgZrlGkiSCZoMjYNatow6mAj3+WOOIR6QiivmfIgwdr9qiDzd5odZAUezmZj4DA==
moeKLuTcQ4wmFt55BNOYC/Y19GUMPE/LDp+vHJr7Ab02nip2psO5v4VvuBBOVMe99JPrNiCP2QENYalcIIL5PRNtPywas3uqS2i2CrYI3svNxoMiTI+adOXcEmbmVNivDHmeI/XThA6J/celU2Ja/w==
moeKLuTcQ4wmFt55BNOYC3GOtzAgX/oh26ukrV6Xdv32vVLCBFFoQH2qST0odQTT32bDWg7z7bOK0T+ma5Tz5IeN6vOrZRSNrLsMhMptWnP7WeeadMUaFv/wmcyyX4+v
moeKLuTcQ4wmFt55BNOYC5dsQM7jFatMu+UUHMkrawNNMCUa0omZ9+m7m8L8JvARIyJ9BTEyo34q5F5xf8Wq3sIHLzsOlK8MR22YGXRkrCZEJcH18qddjafM2BNFZpUsw+qX3zoR31RlMM8BvMNhsQ==
moeKLuTcQ4wmFt55BNOYCxHFRwpDludb61IizsDtQy+sWe4IpIlE1XAwBbh4boGKL5ew+ZxyXCPYjOxcvk3fy+fwTZtkDXBO4sis8HqjvexTrGtrgm/PnLvHu5FWNeQzml3kiD+kOcpQbwoM6nitYw==
moeKLuTcQ4wmFt55BNOYC6DRpNQ+FyK7nE0UUYVjyb2nQF6kaPpNcNBRJfb2Ly+kr32arU+gVOFZNykiR7BZ9f+JaDWsesNqbfhdPytCpaeFTTOEOIUEWJFs2QheNd5r1LqiMbh1KU160EB+iOAITQ==
moeKLuTcQ4wmFt55BNOYC6DRpNQ+FyK7nE0UUYVjyb2nQF6kaPpNcNBRJfb2Ly+kx9qGJ3AGeI5CL8EzlEyWglmffWKIdy3RdT+rEB340/bUM3gABl7jgPp26rFjPyv9kVKwqBX+sAwHQa2kj5KulA==
moeKLuTcQ4wmFt55BNOYC+TMYTywsDanzl+ehoCcPnaabi8f8QmAuzPyx499kHoIVzUuWP8sZOOQKreH+rpcSTJgehu7cKa2YzIRGqr3bInK2diHZAFEbL3sAzOGK+OhhMoEgj7NGGtnqK963LTgEOZMH0i+dj0eQJ6zlq1rpT8=
moeKLuTcQ4wmFt55BNOYC+TMYTywsDanzl+ehoCcPnaabi8f8QmAuzPyx499kHoIdOXEoQohFxMOJVntBG1zEMdPNKuWSsaeonZmvBL0TX0VG2wgMuMmF/eCC6W5epm93pS1Dc0nFaMvkeaSDxm/ng==
moeKLuTcQ4wmFt55BNOYC5k9oGH3MNM8I67rx4WZ342XoKJorJrrUOBe32G8ugYGA7hdQ4SH6Omn02hiKLO3YKj/m6E38QqIyAofnaVtB8FCkABAHYqvEh/d0TWU7nG5zQ+z+q43W2teHDUVue6cRkE31vYKL9geiuPh8SvzCF6wHghnNo2XAaMdBTI27yGxErsQ5Io4mu/T3mzOCLOs4B/Z0BAg0XXTtYqrGJQhOEo=
moeKLuTcQ4wmFt55BNOYC8XhYEenSqyCY03DJ0ny5tRYvz9RiBKEI5Sd1EAHZ1vy3IE9M7RxdEZxK80sH6IHrRLf5mVkflpvE9twGHORF+Y=
moeKLuTcQ4wmFt55BNOYC/Er7G/pNDZyzv3Io4Hz7/GQffqwO+w9cevrOQSmyx5h8UitulW+bNmqhAr7K9dlyuiBE7UeAJ2++pyFPy9LZ3j2dESFMnTf5NIAthvUmeYv3YD9P9x9p3WJbOR+5vIiSw==
moeKLuTcQ4wmFt55BNOYCyMkAGbhYXvOVHi7QhIpUWAqbpRCqm+g6cWqHn9dhvaMI/9wohUM+kPWFNlVsrWgrN3ho5y6F+gzvdy/B4P9yzzHzRABOQB7RsElSRnQ/MzG2vYYioz04vLwkF+0BPHJrQ==
moeKLuTcQ4wmFt55BNOYC3JbsVANJxxmqI1NgF4PdRo2JQk9PhX1gevyR+0h2lcvL2bHgayzJ5wz58MRWZZH5KHmEysYZG+DMSM92pBf9ck=
moeKLuTcQ4wmFt55BNOYC4QDxe9iHGLMG376g8W4Afdx1zGCbdb+DBZKr1i6ommLLswCZ4y5Oa2GDXG65/4CC8u+Kj0tHRlJvtbXnGAh67eGeb/XhdYKLXQFtm1TSQ55
moeKLuTcQ4wmFt55BNOYC7kpTh3UvKDs1HQvdxceJykw3BoucosHI+Yfkw0hMBTDVbTb0vhOkL1Cva44Di+++ra+7MyfDcr/1hwsqGtRzna7xoD/719Muzfo7Ns2Y2lu
moeKLuTcQ4wmFt55BNOYCx1UWsi/DVvFdZgFObveItRNp2+hW3dQT947MTf7wteT3cC6leGO4WV6W1eOGj69FOG8xbdzQ2Qrp1noIJXAvJjN7xmEsh8JSugILgsyCi9VPn6A9yxfOxLVAT9vn20FvQ==
moeKLuTcQ4wmFt55BNOYC1bEyngOPhVOmF8foPagNUfHx/fd7be83GTp/be0A0P9/kbM/oBGUORNoOw8v56TzY5gfAV9UUclc/qI8ObvSZGZzSg97fYAaF14GYMaZYGZWdquC6fsi7ENvFR5Xx+5CQ==
moeKLuTcQ4wmFt55BNOYC1hQ0oIkYMvNxDuGdMuZdrOk0fTBGJXCx3NpjTv7Ah9WZPpM08TGTIe79+O16sqd88BlwK4Jh0rJtp9o7F/aByjDiGRpFHuNYsfyhTx/TSWGUOZ0Kc529DlOnBjRhWngOw==
moeKLuTcQ4wmFt55BNOYC85SLRyWHfSqGULkBF1YrdmZq0KaijtEh1dUiCrGFJj5skJNQy65bL0Ij38n4BWnjDCUf27V7fEKrLI8hlhcy+ymatRZig5TbJ+WT1vODd8yFNWOJuD86mDddox1WZbfCg==
moeKLuTcQ4wmFt55BNOYC0BmCmq4lhlp9eFKKmHMUZLwrXtDfI31retLm8P2AIJiQTbAlDlnb/BeGEeFlL8ww8yxLtii2fUntSDqcR+7dXbbW9F0+ZUTPGMDQX/tt9Hh
moeKLuTcQ4wmFt55BNOYC+ZYIOZ+gJtCF5Bm3ndb7OCrZDjzHqca/9d/hoLVGZ4mWMMGvE67GtvSB3C+kErmpMIaI9HQI/0wnrFPyuUYS41lWIjoc3vLZ0iygHrlKOWKkdWKvSuxN7AJrShxXtrz2A==
moeKLuTcQ4wmFt55BNOYC8gzu8M9bzAEJyV5P/0iDJQ6nQEeN8AvtQoMGtn5s3dhRN1UKgJNtX3V2aqfxfxTmmVgLdEdh1SSUB5DtkBqFHAkTbFskowzOzJsDL41fzb1w+NTPcX3mMPRpHv1j0xO3g==
moeKLuTcQ4wmFt55BNOYC0x2zWatianirBmRkYKO7XiXdMzMECIx+nQxKuRPZhtrJ7ZEEuEY6/41vB+aHgnJsiKFN1gvE4wtj3ohoOGjltV5VpE8il4fKDhChe+9QMwF9a3ogJjVdfGi/L6gvUm4cA==
moeKLuTcQ4wmFt55BNOYC0x2zWatianirBmRkYKO7XiXdMzMECIx+nQxKuRPZhtrkTmyXpMCRUheWCAC19gXOvashx6lA8wOr5sAv8mbNwQbJ27SiLbtKreIS6hs1TBIf9vqwMU7lhtPRCLBYgh/Ow==
moeKLuTcQ4wmFt55BNOYC83I9TtRoZLqiXtkJ8zmvIHbphgmve8+4y/dfdzaP/4WLkgy98pvsGP0Dxwk8PuDZnwCIliyApuU7joSaZu5tZt+YKVFZ/WNVmhYtuBavH1FLQhuHtKkwDdEXLECAT/oHAFnGsBuyYgNteUrBwmPd5k=
moeKLuTcQ4wmFt55BNOYCx84B6SWKlwWLh3omtF+AI3QsdQVt3xRDgeX5ZgJkvGJ18TS3VLvQdmt847I20k+xiRiUUF4wzM9Vn+AVG0JlUHSc+c76/pQtjS1a3pTu+N8XthKTgJsu9/IKKdNXqKNwQ==
moeKLuTcQ4wmFt55BNOYC1jNtJwDx4TBXRNsMiPxtCpwq73U75AFVnsldieM0x5gDS9z/aGev97pi+7QnSBhuFBJ7+kPj2kZnipwu4AApaTzaUlbqrbqhUxtZZVaxmPw+r2A1KoAc8TRgyjgabuUOD/UEhVEtejoihAGFBcWqmaev7fdaf/QcOqVV7hjL3RDAzBxj7i82Z/NL/S+YMwDXsX6lP/18TkzLdj6BO8qzD8=
moeKLuTcQ4wmFt55BNOYC1vB5Pnl6zS3tR4tCIu6DV7ZedZKOTjuuDOvs7r9fZorHlB/60rY9Y/o63FD0djx533FuqQVnqkHvcwHDyceBts=
moeKLuTcQ4wmFt55BNOYC8zKei5UcMNSiP7NhDxl7oD2LKIXsiA9j8LQX+MQ9gIRU5bgq5QVZmbDclthp1oET14hZ4pXYKEScV9NSz6IU5Z829qPJaEtHiYFqSA95+rfKR5H0DNXcCfC4HmjLb9T5g==
moeKLuTcQ4wmFt55BNOYC87PoPyxKSPlbaC/U1FH3SmsLjuzwHjfg00Kykrrvczdg3DABKIKXGllbb487gH2nyZNMxQwzZXuoBqGGzi8RrNY8sWkovmJOSTINl1kliRpCPFfu3OoDzDLpJ0v7WTREw==
moeKLuTcQ4wmFt55BNOYC/HwdG3clgRn6vhzZAESjsfHzyTW2MDwVTpyQzMsD14+5aHW5uwZw2gY/VMLp+eCuEBiekSQxUQ+cVUdOfSLzZAFYtIqO09vspp3ehcO9F1vBTBBnpRNuOdU0TTqowetWg==
moeKLuTcQ4wmFt55BNOYC6F6GM7/Crb8rZjzX6o5wOEoRsYrZwSo1DwzNpAfFoww1DmAzflTRNvdQRh3V6ihsHQyIaBv9zXO6axV5etqegqUXOtOpK/3LuJfwT/gGUEZ2UyxmaUDPzNmw9Xg8/2veg==
moeKLuTcQ4wmFt55BNOYCznhTFCVob/aQVKDdlJylHy2dyTF59EQX/mV5n4+DRl7GykNPKyXeaGWonRn1WD+u8tioTBXYSG0ibxHpIvSs98=
moeKLuTcQ4wmFt55BNOYC/WYiC7gIMkxgVrJ6DDYtOsVp2voSzkLmVJjUvWDwC4NbH8DQqcX7Tz62Ap6L66hWJRtjxd7n1Xa9EBPsxiDFQmCjFC2eDNdq9HA9hKqQ8Br
moeKLuTcQ4wmFt55BNOYC0FtJrbPGVf+EtLpeUmMU9EN59txV9246c6xifhXa8dTMgS1wlbV6CkYhrYuikKCAobRzXLn4lthD3aUCrmMPijuTTgHghXBafubLQDyhnVN
moeKLuTcQ4wmFt55BNOYC7AvghfLkk7lCNfauSvYFKDpLNnazjOyT/Mihn06lzVcRR7CaRh4hi4CVdGn+6PML17p0G8XNsvy6cwSmDlBszSqqW03gd0sc0t9TSvtVqhcFQpvHbN7v0GLHJ7pS1+k+w==
moeKLuTcQ4wmFt55BNOYCxgQJX1HFmqvJnKp6WcSwwgKEFL+w96o4kEoek1pWWg84d+o84ZK8ZTse3iqrtcmgZDpHV5zt5VrRqbGEp3b49pots9hG+X5YXMObss2Ck0QPsBoLCliwYrzW97weJ86xA==
moeKLuTcQ4wmFt55BNOYC+SWKXW0o81XHxTCR2mMUTBOkGFsF/IjlSPqIiTRLYzbUSU/rH1gidFKP19muYCvaCKli22qULiYIuTqnF8FkKHYjZZaG50JO49MOQjJ11rTNDk+oGmQB7m+z2M4Njhl9A==
moeKLuTcQ4wmFt55BNOYC/oFMEj5bHrSXpaAHBlAwoEM1cXoFyn8pW3ZWPYjHfNgYAijQ5+bI0xcD1wcCqmDwlCchOCDMe/DpAn3a84lPnmegB70rkR9GrIvaj7PaQ/1t2cQ4YpBl3b3WM6cOak5wg==
moeKLuTcQ4wmFt55BNOYC2bT8imXGkc0mpaM+/iU3utWF182nFWZtJOslVoVGxxCkaP15/RKenjN1+9NTYm7XqNuHDFfEmyiZrSYHC8dOAzBpa4rE3myzmOaekiMenNfXDrf0eNIqsgtx54EWBTp6w==
moeKLuTcQ4wmFt55BNOYCwjm0ia78tJmlAhU99ny9w11TiGzFn68lRwhqxsJYY1Ld4skIIbKzn2RxqPOx1pSPaCifVMQOMK7BT+xTB0yPMN3Ig/fKmqCx/MsmFWkgeue968dwL75pWIjEAYtHdn7ng==
moeKLuTcQ4wmFt55BNOYCwjm0ia78tJmlAhU99ny9w11TiGzFn68lRwhqxsJYY1Ld4skIIbKzn2RxqPOx1pSPaCifVMQOMK7BT+xTB0yPMN3Ig/fKmqCx/MsmFWkgeue968dwL75pWIjEAYtHdn7ng==
moeKLuTcQ4wmFt55BNOYC0aPbgmq7MEH+FpkTS67MjE5PHCKbCRu1t2YZZuRhpRdfNM3nFbszlfEAethrqpyk8JmyBQ42P0KDRHAqZ41vdx3BwFKVZG2dQx+AVhbGjNOOrtY29WqDRIF8DBkOG/VLQ==
moeKLuTcQ4wmFt55BNOYCwsStntLqXdUAPWNe2OdFOWbC2w28loZD/itcDMjwiQEwZPijsX3YANmsQHDqA/YyC5xVRIcrD1LiH5MxlmADboOfS4Hgu4i4V0F9upwqz7xAODBGASjZsU8p0oSz1fRdQ==
moeKLuTcQ4wmFt55BNOYC4/YCFN8lL+JJ1MMO/oXwEHP5whmV8PnW3v+Wb/HeW9l7HT83uGdWz3scy2545HQiFXccGWjHv2Y+p3lz4pFJMjIyk+ToFNRaVpqq3CibbkG/3KpcEoIt7dlwuOO2FeY/g==
moeKLuTcQ4wmFt55BNOYC4/YCFN8lL+JJ1MMO/oXwEHP5whmV8PnW3v+Wb/HeW9l7HT83uGdWz3scy2545HQiFXccGWjHv2Y+p3lz4pFJMjIyk+ToFNRaVpqq3CibbkG/3KpcEoIt7dlwuOO2FeY/g==
moeKLuTcQ4wmFt55BNOYC4/YCFN8lL+JJ1MMO/oXwEHP5whmV8PnW3v+Wb/HeW9l7HT83uGdWz3scy2545HQiFXccGWjHv2Y+p3lz4pFJMjIyk+ToFNRaVpqq3CibbkG/3KpcEoIt7dlwuOO2FeY/g==
moeKLuTcQ4wmFt55BNOYC8ngciI7alHg4Jy4QYUNG7FEUNuJtNg5ccIJjWelIjVT0TX2zjswzZRtt80CrebS3IA0Mbxx5foFa5Xurpc77aifuRqH5HT7FE6kEEsQEHcQgesLX8gmqMy11pqrpcUhwg==
moeKLuTcQ4wmFt55BNOYC0/ndnfGnVrZfZ1gj6+9AQaNFhSS9Hk/ymf8G6DhsoMmYgATq5yooVk0cJ5ZtejSGTyilHpDyBtwEF/BnrishGytHpjhx1ZbjCX29ecPiAzFq0tjd3kzZ7wCRKWfHv41og==
moeKLuTcQ4wmFt55BNOYC3e6GsXA5dBOkMyTUt/JqjS9pOYIj32Dpj0N4FFmPOMEuldfgb2WwRzl77P63dYDqonVN/Lyj6S3oV2eqOaf3f018MONxChHKCqILyr74VM7
moeKLuTcQ4wmFt55BNOYC3e6GsXA5dBOkMyTUt/JqjS9pOYIj32Dpj0N4FFmPOMEsP4Ke1qBOaSiczcxnP5XINAudTj6127+UBC/20ns/+flIJLL+mfT4ZGAlIk2RRMJEvSPxegBtt6qxro+tpWu/Q==
moeKLuTcQ4wmFt55BNOYC8L2HUicU1RG6act7ea4In6s4IBbt+0BYqNGkM50sA0VS5lKefgzSMh1/1v1z0YVU2VhKw1Rft5nb1iIUE6gX6VtTQdbe2GfcDjvwi9+lKb3KJxZ5+8V6/fB5T1DXkbwDw==
moeKLuTcQ4wmFt55BNOYC2jt78d2r2xH1YU8XA0i+DMUXYeZubKNSs1FW3kSRQaDXpvKOmHP20BQyWxtupy1UTrC/sV0COOmap4t53/ZkN4GuCx9xWITU5Uee7rUxwy1/rXB+8G603BzUsNGcf9YAg==
moeKLuTcQ4wmFt55BNOYC2jt78d2r2xH1YU8XA0i+DMUXYeZubKNSs1FW3kSRQaDjn0gh6nSwBJuhlBpcqeohFuGB+kWYtguAyQOP6Vc2wXjFrzXaV1T/5v5VFQGEvv4+y5THO4L8MjX+tymLcc51w==
moeKLuTcQ4wmFt55BNOYC576mqSvTb0dX57rdt/e+u2jffDf+VGi8QBBVQFzP5Oi2qY652gmV62+iXmhgQsYHq29uTkxIcxOMSxaNPm1Y4NgBaG2Jx2cT84VKrg2l+PXVdLgZ5dpRr99FU7ffHUWk3yW3gR4ZdPGPJ3lnUOBFOM=
moeKLuTcQ4wmFt55BNOYC7JXiU8+sqjYsd/czFhdBWgU65s08U1QtVw/KymVUUNEGiH8oVOJ1P0a0auokxgIS3ZzHCUbm6oQt3t+Py5pySseN6RSISZXJZHrJWgSyQ/VfLrKvvlfW9waIqi75psDyw==
moeKLuTcQ4wmFt55BNOYCyBPemVWHsPqku2irZU//0MmMl/8Yf3G3kwygv3jrC7W5cryT9N/WBBE9xDsUemXgnNXLQsvE3Dd13toM9fZoh/ByA7YyjtNlfuBn8FBoiV4PujcJ0CgbsLBQ/Ljy5mHtYmLAmDUfgeP8DcDI6OJeXOvt3XqkoyofdUR/sTIx0GClDJeox8jSo/BWquZ7sUFPoTnEb65W5wjfcAkWcs/PSE=
moeKLuTcQ4wmFt55BNOYC0tArV4L+a72me4eJnn+gSVuMewJ0dbT3RNZVAr1D0H0JPOzjbTSOT5prfsTAPlomotGtJRZBG+ne3XM2vK4IVY=
moeKLuTcQ4wmFt55BNOYC1zHV6pbWYfgCkBMmYA3ZCAiT7du4hPjVsvJSS0V9OV5fZjDJRTosyT1rv8F5Dys7t4JQxkf2oVLNG2M2kWCoW6IVuT/EsiF4WNiMcvzuJ4qCZZDmdgYOHlVXjK1i+KKaw==
moeKLuTcQ4wmFt55BNOYC1UOOrrMgghbQp+phXYymZxePyrlXMQ/+DULLk0Y6q+mxHFqf4zVrGljCLE1xzXVgsE04MW0QUdKbczOfGm+X9NXGFsXuRTLP2iAmZt7I7tzAZEI0I94pxqFCje6JnvYjQ==
moeKLuTcQ4wmFt55BNOYC4zdM0TmDaknwGm5Stx/vfu96odig9tmmmqgZQljUvjfwxMnhsyjXDJ3+xjDFoIZR3+4wQE8PXxhPA7ftDkOj6c=
moeKLuTcQ4wmFt55BNOYC2+CcMPDLwqxdlufxCAG82utBax8AHUvj3wYjPMk6GzLtO1ZmDvw1qqQBIy+4hHIxGMBcA4ePLzclPLfFsAoDpmUf/991VBcxMBToVZHqtVR
moeKLuTcQ4wmFt55BNOYC8ghNzO93POmXhBmXet5YviQpeQ8Hyqybkikqop4fPqU0t28RHZbzfaxzrhKTCuDGMzwbWDHbwuuwsp74HvWLpRiPJH8L2SNDEdPAx4Gitor
moeKLuTcQ4wmFt55BNOYC4ySOUKvle6KrC/hwOVGydE1k7RrFbJteWHUoeuqUmniQUHl95HERIgDT4sr96vKXHTPMSpLDtDHSOCmKTsemPVZQlhRiph15TudZhVJ3e3Xs0ZxSyqgC1Ym14DAGFxvXw==
moeKLuTcQ4wmFt55BNOYCxMs4j27SA42J8vS5OFRlkr9yovZkuYSqsyvF+28W/+ZmIt0LVsvfATpzsdnCBG0TlJ/M8/DngPKrdkAoPWQ+EhOXY4w/TrmFvYFI25UuydwOs7MjZdzR8BhDwwvJd8X6A==
moeKLuTcQ4wmFt55BNOYCxMs4j27SA42J8vS5OFRlkr9yovZkuYSqsyvF+28W/+ZmIt0LVsvfATpzsdnCBG0TsRQ1glo3K/4qvsmozDsGWjuVWUab3EfZpn651g/eZTd2MgxVnbIpVWGmgY8aOeh7Q==
moeKLuTcQ4wmFt55BNOYC3aPidy5KHwJHS0Jm/+GT2vl1QyDm4HXLa/6DmV1KJEehZ22J+KlGMYa66J5+bhEificMgVzQM8MJ2NAb+P144WOVQRbOBGn33VJztkewieWqgzMhPiK+IcZ+4SfUnmqfA==
