GmcONIA9PFzHw1gpPLLPoqev3ytAH5KO3S/CJpMsylg=
35kyjVfwBJgytCi6KM5Vug==
FNt9orFfFSbPIXNSbXcP2Q==
gE2g7VQeqq0h5MkG44fPUw==
A4ZCFW7RnVRfEnbtNxUDb8VFIQmzxcIFLuiIjRY2q84=
cwgQW1UgxyVfBeSrdwXHsPE1eoSAri+NViVSjTYe4hg=
pYn3RyiaY4vz2unSybTHuw==
mAzeFbkWBGyzJRgEWJSZYQNn44wFaguEUnqkvHVinQw=
NiGef/LGs6v8Em6sqLz1GYGKB0111uCW/TAqgkiW0+w=
2lfNnhNY+w/3xMaMUxJbE0YFT/wvMlSDz8Vrd5FEs18=
moeKLuTcQ4wmFt55BNOYC3p901nw9Jz3Dybh7CXBDhOIqtGNhoNE/SB9OMw8paYHwocEMs2VyrP1RvUtmh74jqr7h+IyhwRGXv88CCIuZ6gffDM5rAN+ShvFXQ1lsMWP
moeKLuTcQ4wmFt55BNOYC3p901nw9Jz3Dybh7CXBDhOIqtGNhoNE/SB9OMw8paYHEzJ8NyTSR4n4CG9zRbyhQY/efCt0LmMGRS3D3Ppmp5ZnbWEsVW7bM3Z2pY0QRVUEXyVIKXdCnOgMnRTsSXL9og==
moeKLuTcQ4wmFt55BNOYCzicugA4Clew0ud8h36BjYsNrTKiqpZ0NBCb+7DnjwxLhiNGOcUIUTObhyhcEIIh9d+4MNCMPedyhriQQIVI5CckTy6pQH6eiMM+oGE7ANykfirZXU3nVJvOSK7hOqukfQ==
moeKLuTcQ4wmFt55BNOYC7e9wmPY/oZ+VMVQZRGsxHhgrGvHPJV5tFxI0ogYUDg1ICOfmTYXTcbKlJ15XBixW6wX8S9LluulR6Vn6rUWYzDrOIChCVEbCaJBiJUG9olU8S1P1MkMNtHri5VDOICFTA==
moeKLuTcQ4wmFt55BNOYC7e9wmPY/oZ+VMVQZRGsxHhgrGvHPJV5tFxI0ogYUDg1jv4Lpm/PtxMTzcEejaEqXcMthMm3hRpQGDdvWbQbaXyqIU+nPK+6zb+QzHaonP+h5CAuQ3U0mZ7LVkukWLpanA==
moeKLuTcQ4wmFt55BNOYC9OOURbv7GenbrKi2yOejZLhyYNh2+NKlW1Ac2eXD6I5E9ZGNAk5wBE3XWA+YIzdPak6R+De8Z45kOoxPBUeVQ/Ez0t4qEUrSkIcPhpMNArcL+uKBc3EJdP06ggu8oO3hPivrFQ2O52jluwRw6u0K6s=
moeKLuTcQ4wmFt55BNOYC9OOURbv7GenbrKi2yOejZLhyYNh2+NKlW1Ac2eXD6I5FVl8bNlKf5/uo6D+HJvzXpHDNZyRln5Rz23z1fYHOoEW+wRXRBhTvPSLTxkw+D6TS7Iz10zAOlLTee7wdQJdaw==
moeKLuTcQ4wmFt55BNOYC57ccjUhWIjEccaFwewRyOmSy5WXdp+9xqCMIqNU7QIFMi38MFndgl6x63rQt71j4Qj7EyXz+WPAG4hFeP+/0g+CFrADSI3NaI6u5DIFUnEFx+xDckQ4n+vshWJoctYuiBxVBKVxKrUYQTqP7pccoIGYEUX33JiBNs/TK6k0bIamu4pRhDDNt+6HSkDMzdiF2UqwBUqUvdrEHtZizn03X5c=
moeKLuTcQ4wmFt55BNOYCzT2CW7zUn1gVO4laWtCx1VuDnSY39ricFO9BZE60BYtRjErA7rVfXPA35JPrlf6a8aX5GCEgd+vg163ordrcQs=
moeKLuTcQ4wmFt55BNOYC+STvDOSjAF6Z4urGBG1y6OGuAKpSsy/ID6hJovuZ6pU2x5HQWUpoDCn6QLrBuu5Fm7MPdCoEESn23eHEGeas0QvP2LcRcqWJE6iafYm8xK51EIUS/pgJOOoFDIo2Puzow==
moeKLuTcQ4wmFt55BNOYC7V7UwRxhzi8eunHS7KcHyWD77ZVeJELwQciI89I1mt/BKUR2G4x//POS2wi1BpEFCfopUInz9bMNR71FGDDct9aAALTssFB6c5Zy43viUcgADV9CV8MSlyVaQ+xwXB4pw==
moeKLuTcQ4wmFt55BNOYCy062nljtd8Ae5AAOf7BJ80p5f7CgCZtllh2LPwJcstJdypbNJS+g8ixMTc/f4IfmlTnHgKrbAYpflWVQO7t7PGTL981DMiLhVAoyjVpg38pJGhA4tTOgiQC5jKPtT2AQA==
moeKLuTcQ4wmFt55BNOYCy062nljtd8Ae5AAOf7BJ80p5f7CgCZtllh2LPwJcstJdypbNJS+g8ixMTc/f4Ifmj2dkmPRsua0P/AjWEDjLwv2ZW14kJrbLch6eq4HqLywRoeJY+VhlIF4nxAXr0bAJQ==
moeKLuTcQ4wmFt55BNOYC4/CaCut9ZyhMZM9p4vgNPlo6JH2oTVtzj6mmEAU8NGL42BXGFwUTVLrMjL/HSVzm0BZDclyY7AsocpON+wLsfw=
moeKLuTcQ4wmFt55BNOYC/PTlXqQOxTh+n/CAQvi2rM0kD95oIAhVYzztvvpN8lFWaVvMx701Bg5wfQ+eGcfRQtpNMFOdWUVLLG5v+M6Crgpzn/igMmH7LDO4Y/X9f/N
moeKLuTcQ4wmFt55BNOYC6BLARyC8AtakqgqMlAE/WcvTUqLv1Xsy0zdfBh5ETDZRYe7EzmXUsKTnTVHik7NW9A3NjnR+itiF6OBaGo92gmKHbYkyQkGIYL4Z2hSaeN2
moeKLuTcQ4wmFt55BNOYC1Zljruyz+zN835QMG1pH8i5sO3XfzM0AhPtxhDlHsYmNfAp9ReBz8Lu7chuZDhKe5Nce69B8EnXbVIcqa9xHydOoBYCkPjDzy+49xX5UHkn+skjP26q0gjr72hU7VjPZg==
moeKLuTcQ4wmFt55BNOYCwtpBqpa/Dh0JeQ+67BlYOLk5Y+cB09cADM5mKEHIAeaOASSbJX5kvQZNutcH2ipZYg8ZcZ/g+zcaupAq+wmnykK0vaONlM8Be6rVBFjvtm5rMnwbLnVFGy58Uo+exZl7w==
moeKLuTcQ4wmFt55BNOYC3GjPMAPTxgteyi17fsousqGPF9BNOHLeDe8G69oqD531Depqw/0/zWXUk3Hm1RKPQuF6J8cChUtNII+njLJyuMauMPf+cd5hhIz9Wo7TxUgjG0Lig8qSmNIhVh5VDdipQ==
moeKLuTcQ4wmFt55BNOYC2L5uS3ubeD6GQCFfQEKumT9SlgDycmZG8+6AOI5qqzfjeneru0ppu8IGsaxGpWMGYGHOFsgIVQ0UjHWMYQLwqkmwzSkcxHbA8g84jJN42La
moeKLuTcQ4wmFt55BNOYC1Hlb8tTSbdSLjSREw6llpQn6zRIjF357EXbGbKqo9qR5Q47zvXgHdHQNRxsQQo+8ooKEXzNJlOeg2gUxmaPQOaOxk4XhHnpC0tW0vxd3n16RBvoMLWAwxQbMLG9Sk/Vxg==
moeKLuTcQ4wmFt55BNOYCyirmZ38eDPn+gdrv2hJreSQQqahCAVJ03YGqq9UOnuQ28GqiBOmQTjhtdQjrJrXSBNDNP6Qq+6Fzu/a5njWV/fA9pZWW1bpomZL+HnsOdx/tBU8bk3J4MOGtHk3vhIzdA==
moeKLuTcQ4wmFt55BNOYC29FzjkJ4VAJb1rSrqQPeWelW5zPWTjxMb4p7r6O15utlarJ6rlazXzoUXvjPKCLVE0AaINCymu+88XguYbK8mFGUpvzCuQg7Idhoahz8OOjjMbOtqjMDHAxlfAJyYpO7Q==
moeKLuTcQ4wmFt55BNOYCzTsTqVDdBCinScsZGBTB1Ly7834va2LZ7cs2XBRJ6spB/lSb+kgc3yxpwTIWsCzT3NMqiwp7Kfrn8sO8b3TAk3svOFBXfAyE5F3J/voiuTQIj4RujgO4ItCBUne8s18lQ==
moeKLuTcQ4wmFt55BNOYC0KYKWXNEr6bX+rcHDAf4I1vpH65tIq87mkjWRPb8xJ9e7UZWNgH3SENw8SeHSXA1XHM+B+17oprQc/lMbKhLEHSMhdhxSaAe00y2rQnoHl3FJkEi1Q6gDxs0Awl1C7xEQaqJLwj2kQhgPZZsSuG/3o=
moeKLuTcQ4wmFt55BNOYC8RuVDl8x5B0a9fTblXq8Dff6OH/ai+yGoeKPMHc/jRhyctU6z4Bi76CUa15+loW8qlsbKEgmse5wLht1KGK4g6iq4DMbqLhGKxa34a0CyfEyAtqb2g3boqxvt230vozag==
moeKLuTcQ4wmFt55BNOYC9fCe2FYoO8Iik8Dq0Nfv4RZG/R2jdI10MC+R144bATUlcc4VL6biUFRmUDqhs9tcH1YcE8XFYpz+WU+DIld9l620BjfMILzoZCB2M7VmdwQaP6ZVkW3jK5YUdm/Y8xmZnDRdcd10gOdXT6qbaF2FYMq7reoDo68JfcbuzYA1CUqOhuj90hBAvT8NUZ9/1Fqv0ERekhBsJBsSO0wqr78sgI=
moeKLuTcQ4wmFt55BNOYC2yjl4CUdC8MB1oCVS0IQdJbhZ00+L9glp+hRapVyhm2bdxGSy+8Iea7BAAQJ+aV5qzve0xTmJYBO1m9GuOIaR8=
moeKLuTcQ4wmFt55BNOYC+hseG5WEVoigicLAcyIGapxrTqn0yTJkIEfd2IRZwv9bVh3PpX0um103KT4nwR88uVLoE7ot3kq+QbmKbkiMuiGDWxb7Rmra8jSK+tzXwvjeaDa6hOakZG3cjoq5YrfsQ==
moeKLuTcQ4wmFt55BNOYC8yTt9tynthGNfSOK1/7CkbGCSquJn3g1R8jXsjj9a/M4XDWX/DPeIVCdzbFWRQdDj3vv2M9pLvu1P2qbr/ayewd/PJYunyGY4Vvpmyzha9eWorzkwAIfaz3DcrHZ5MVeA==
moeKLuTcQ4wmFt55BNOYC8MqwyBvV0HWcnA5sGlsmjilMZ7BbFP7I8280Jm3T7xYsK061lm81+CPXOZt0CvTWnjU5uR0ocbOGCfwAvbdFnDJSyuVs6ew96KiTfvD8TJG6F5it2bHbN8E5/+RAoBQdA==
moeKLuTcQ4wmFt55BNOYC8MqwyBvV0HWcnA5sGlsmjilMZ7BbFP7I8280Jm3T7xYsK061lm81+CPXOZt0CvTWpd7k3+lfmbsKS55zv5e9SZ3rIt0Zyn3FNM1n9IDHhwdp+4q2YK7mgkofXoTe8mxnA==
moeKLuTcQ4wmFt55BNOYC3gj2BCEaQAm4P3Tl+aFQPNzdZ9zQeqWNckyjKeVg5VfRfdlEooM5RYBu+WcDBhFaPFN7tKN+0lVpLltMPMzfvg=
moeKLuTcQ4wmFt55BNOYC2E5LcCgafxhp254Mfu5B03RyfrpLII9zFV7rMXdOsR62t1nZwR8n1ZF9GnwRV09s5t08399Yo/GgubHdSrIOR67i08w3u5pFJBXjA8IP2rb
moeKLuTcQ4wmFt55BNOYCwr3T3NUkG3sTxHkiqbQnTEAAuLTB99nN1a6ztFaOokx2FWlOgDSVVGX2qmkE44ib9/cY8UdwLfCqcFjmO4JAVKqukYa8oysO9XViIsZnyWE
moeKLuTcQ4wmFt55BNOYCxrtGKp7JJ3xCsmhXtOPPOb9RgMdCGmmnxVc5B4yu5kVg4twWdAYDvQfuGE6eV4lMl8smdxiDgT6RR0Z+zRFFQJCrp8zzLgl9NpU2/2XO/oyEgpEBRqR69cMPx0P4jTw0g==
moeKLuTcQ4wmFt55BNOYC/2SgBvGSfF9kTYRNhSz7PtZ197h4gjwFsoUXMxv7Ev31XW1hKAoO27XBKj0F2iACAYMD4nqGiG2GT2ICMdqhiQNHmgUz+bhP5q8boyrE90Vq0uyB72bV8ofLv3Ezd0M5w==
moeKLuTcQ4wmFt55BNOYC5macrNOvvp6vcI70gGo1Qxqn7Lu1hxjx+C66hQB54tJXAeF0b8YQnomV2s1LLHARz5nfgocS2vbKimfYQmFHHO1nHYHWTNaihx8Hn8+3GXH/ajZQby+EBf89s5xOMkmUA==
