GmcONIA9PFzHw1gpPLLPoqev3ytAH5KO3S/CJpMsylg=
35kyjVfwBJgytCi6KM5Vug==
FNt9orFfFSbPIXNSbXcP2Q==
gE2g7VQeqq0h5MkG44fPUw==
A4ZCFW7RnVRfEnbtNxUDb8VFIQmzxcIFLuiIjRY2q84=
cwgQW1UgxyVfBeSrdwXHsPE1eoSAri+NViVSjTYe4hg=
pYn3RyiaY4vz2unSybTHuw==
mAzeFbkWBGyzJRgEWJSZYQNn44wFaguEUnqkvHVinQw=
NiGef/LGs6v8Em6sqLz1GYGKB0111uCW/TAqgkiW0+w=
2lfNnhNY+w/3xMaMUxJbE0YFT/wvMlSDz8Vrd5FEs18=
moeKLuTcQ4wmFt55BNOYCw/CCauCOhwE5QenLjvRX8PZshmh4NvI3JO0p1xn4CJc9ej9xmkhL7ssdClXpWVPNcE9YPh34RRMqoZxQgNkkcUjM/fqzgUfasx/5aP+YJyx
moeKLuTcQ4wmFt55BNOYC7x9aXfzjfd/tZw/P8zFekZ4hDLhdKiM9lgZOpDs7L/ZPq8icj8RpMdH4TvCs3bdon+6YHnXFw27ZdCUnpjD4HuuxkIOPJUSsNqKvpCh7fWjClvO3fmQWlfq4p2ui2yUxA==
moeKLuTcQ4wmFt55BNOYC1Fz9sPiFdxDtYaHBYsyz6O0XAaGCL80DsYlsYDVkKHnyt+mrcFvCd8a+G5RjOw27YfTI94dq/uxl/qYuvCS4CALfyuSRRxzLVSkzWdgJ+kzrw5nX1ccMDOu7tBepWflvA==
moeKLuTcQ4wmFt55BNOYCyQTvZIxlha6PIqLxo/5NoDeMabduEpxWUhCeiZqq4xI81SEfj3maagYfGl9cV+So0EgDnutpVmsoi/Pn2PsD2kYcgxZohSG+I3UoaTcjcj978211nzR4ZQV0Qp1tUGONw==
moeKLuTcQ4wmFt55BNOYC/+xUTL0B6dT0a385fr6cdEMJpZaxNZW1b2fL+h64+w64IjvdbsLqKFjUv7bu1vwe7l43mUwfJDxrlIYn+JF+Oy5IlxQFU2gsXpyo4SNvbem5s0SRMKqXxsza2HBaMVigg==
moeKLuTcQ4wmFt55BNOYC3a1gAw1cyfFvzZDb1klLkgeetCz0sqlvh8tAeGFT73hTRYM73IqKesEU1E/8EtSwKPG3rXmOf6YVkGP3jiDLjTmTvnx6PUtkKht9YTHGvIKsAQDzf3cDAGd1D5w8vlFfnBMn/ClPlThTgEZhKcQ1xU=
moeKLuTcQ4wmFt55BNOYC3a1gAw1cyfFvzZDb1klLkgeetCz0sqlvh8tAeGFT73hVCgtRPFWzhVHQCAakYEJNJIQfrxn8fcdzf9lvyde0QVvGBzYMe9+O4A6YIAzx5U/8VkBagaVAFAyFX1tP7P5MA==
moeKLuTcQ4wmFt55BNOYCzbAaH8OcI0He0nPkyjzK2SeT0HUgkln0h9IIXk2RudDWS/LQJlazdTbVvEgPy9kxyErfYlHAOn/wdUKsW2Sfo8z9GWVbXaxnLbH6VsHDf+5Pptu4YMDL3Pf4AsUSVuTXQnPSy+YI52s+Ava81aEB6gEHmvgWHhq1tDxZMf4q64g6Q82Jt9fPZrsGR6zyNc/Hw==
moeKLuTcQ4wmFt55BNOYCzsBjzND7Q5fdlHQRpa/CXNnRh8iB+bXEZv2F4PXF7F4eeWPEV8Y7EQBiQ1RiicODb4P7Fwb4j2NbEZaxZ2Xb3s=
moeKLuTcQ4wmFt55BNOYC1DM2byzAE/joO3TZGOIDY943qTDpKpzJW9zA9TC8CylFESFT3SWcau4gbDpFuoqULhOjG5Q3D2M/0CDabmLBNr7czpA6nrsMhnHm0vuowPm91qA0PSWgBFeGeAYaYs37w==
moeKLuTcQ4wmFt55BNOYC52x4Tmn7H44ypC/aHVCU1JpJIC4gFfeB5qLs4k2C42bn9dbvUT29Sim49XYR/yG3tPJ3Fbp/tZr+TU2lgtsu1AzZXyUvvrrZ5hNFjeELOxwg796t4yHXjeLRK07RLYcpA==
moeKLuTcQ4wmFt55BNOYC/ToFZ0uNE2sMP0Tt/Lsg6P2MS9te6XmOK34+YoP05b3V6x6K6wZF3g4KGX0LmS9xQK8xo4Oxj1JM4ULLQarcOMQeGe7XD4ryg8/MICRBwNHHcWpJo21h8SMTHPomfk6hA==
moeKLuTcQ4wmFt55BNOYC/ToFZ0uNE2sMP0Tt/Lsg6P2MS9te6XmOK34+YoP05b3V6x6K6wZF3g4KGX0LmS9xYxxxv1REZrJkuHHOBva8/f5/xi5/0H8jw9H/seRqXai8Qoi9ikmPZa28xqUWLkc8A==
moeKLuTcQ4wmFt55BNOYCwYoN1uG3sD/81tZoLdjTfjtYHsWOwib6IcQ59hfayS7FE66vynKer08+sWFuPfjIDGWX2ermLgRGQfHC3ySfV8=
moeKLuTcQ4wmFt55BNOYC1zs/ucIbG+3QfElvm7feJKesImdiuswwH/AO3BlDlyPdd2qGRcX9EUaSe9JxuPNHVWG/KO9k0GaMgNYEunY35ApXPxg73QBsyMY4YwhJcvY
moeKLuTcQ4wmFt55BNOYCytNgkBrNqwTDflgUQIN4lTqmqW7cd+RQuhFdxJAc02zcit7O4NSYzsqtwZbz7UwbgzXnAtMQObVbqRoY1i/OaKNeVZSrxByK1UpuCeaBRWdjgflITftNEP7eBaj0EN5VA==
moeKLuTcQ4wmFt55BNOYC9FaFJF8b1lTChdJdZnR7uHWZb2SNpxngGWcSLExm0nlhFHovGiUeTRPnD+1cTaSwl7ex39Ex9nRHvMPE9vCOJ85R2ozPnXWSYN4vKGNYCzokClXeHMe7B9thxF9BJ38fQ==
moeKLuTcQ4wmFt55BNOYC7IYonDekW+rR5pmiFfhmLJLFXd5TL4+dsKc2+dsfhKvarrKJT68QYjaJYpgS8IduDiohpQJ5vZfOs7qXmu2etABaexSWITAcqDy/h5OjrRR976NPEfyqrbS03hYiAqVkQ==
moeKLuTcQ4wmFt55BNOYC2z3FvNiewxJP8mEatu/tZwqg8jpc70Pu6sUO1fW2D338In/uVp3aHwK96c0vcW5aErMLiYdUqIf9hr5n/aC7d6IQXbWUonI+d/IHnzt8oGnhT8nkrEit3DhZkhhOmEisg==
moeKLuTcQ4wmFt55BNOYC2z3FvNiewxJP8mEatu/tZwqg8jpc70Pu6sUO1fW2D338In/uVp3aHwK96c0vcW5aErMLiYdUqIf9hr5n/aC7d6IQXbWUonI+d/IHnzt8oGnhT8nkrEit3DhZkhhOmEisg==
moeKLuTcQ4wmFt55BNOYCyURmRK6K5/KJqJ5ODdeL0GayDcJ/M3rVUR7b3qImKeXE3VREJU8VCcYYHfiNFHT3RrIkx3okKj1DiFaB56gIGMuZhWmsmCBzTw4bKznUtfbV9MLBFN5Zuwq15M6y/eQhw==
moeKLuTcQ4wmFt55BNOYC2g1COxjI5boHKeqwa5S8miDgFE4ZBlAbPb7YNZeLnvs9/MwLdNX6Atzib7J5nOm2VwcWEsCFIMk1iQnYgmkPfB6b0DAIh+0YUBt6Qc9bZb0QSF9h+vuZwYFVtfaATUtyg==
moeKLuTcQ4wmFt55BNOYC6LbgNX8wvcu9cKPK8YtYFzmA8/tWejbIvxS3+92kKubeMSeKHCncrHkJGWsEduuotkDWomDjQXSQsZLp3rGxqkvjs1EtQ3EnQpUnk40c0kRcVnZW0IPhfieia8uQmJ4Eg==
moeKLuTcQ4wmFt55BNOYC6LbgNX8wvcu9cKPK8YtYFzmA8/tWejbIvxS3+92kKubeMSeKHCncrHkJGWsEduuotkDWomDjQXSQsZLp3rGxqkvjs1EtQ3EnQpUnk40c0kRcVnZW0IPhfieia8uQmJ4Eg==
moeKLuTcQ4wmFt55BNOYC6XFHkx4jeuat2NV7JLu7fgvQqda67qcignky6euR2H+DEXeZVv1xecWErufJ2GsWeWT7jdgZKuCBxvgrXt4hFZGIee1eNNAC+2KUsRTemBHYuu/6XHZv2jidyaWVpOUCA==
moeKLuTcQ4wmFt55BNOYC5RW6VsH1Z7JgCEqz8wJKo75R7CHzkg4R5mLenPisEVRcQJhbJsYhOz3wVR/3Zntf59iOl0cbKafpm8AeD7joHUh0YhECwqZN3WNPbrAYbi14lYohA8IBF+6CvVhkh9GdA==
moeKLuTcQ4wmFt55BNOYC1rQSs8vmppgkmlpGYuZJddYiZFOxxQa1gidpAzWOH83xChPAXncqtdVpmwF87PmaHIAlyZ4qiY0OtL3E9GSuhER62Ve4bQ7AMEXbLmPetyH5UbEsXRSwTjpPPcJnAulBA==
moeKLuTcQ4wmFt55BNOYCxk/Nw1z/AsW3cL0cnLHqrnMT6qxR4WCbfhMOYGmxfviVimueTEZe1DROE5I9GSp/O4JcFKxwasaSAJldj+SL54N7RqshWtHskTeyEBTS3nNhXEd3XncEjaC1ZpZVW7aAw==
moeKLuTcQ4wmFt55BNOYCxk/Nw1z/AsW3cL0cnLHqrnMT6qxR4WCbfhMOYGmxfviVimueTEZe1DROE5I9GSp/O4JcFKxwasaSAJldj+SL54N7RqshWtHskTeyEBTS3nNhXEd3XncEjaC1ZpZVW7aAw==
moeKLuTcQ4wmFt55BNOYCwMpp7JBZTTTYAmLxZTMXhYuu4rLHkRThdTxeAI4Xal7oitdtnPRZ4J8G1jh2JC/m6qt+VhgidOdaeElQu/xv5zDNV9/5xwTNT3PqnF+EK5tXSeGa77vaZRRDOLNiK+4PQ==
moeKLuTcQ4wmFt55BNOYC57MtP0IPd7Iyg0UXqoedq//62CzBIYwsWnisVd/Ez8CHnSLHgzGVWPFQ4GpBBpvdK1loiSWTMU8xBCbWT7hbCPPBHIB0OLjxXYM5p65rLK0xglnqk1+aJ2h0KPwcZ12Ig==
moeKLuTcQ4wmFt55BNOYCwoRoG6SUNebXgKedTi+R1vEmoGGiL4Hz+FCahH8jX90M5usXF1KjdGo058eGk7Fn3PObUIs2UGSaPYKrP/Fjs4B732nqZpd6gvXvGcW+8izQfOoxqZUOHoOH66olcPZfQ==
moeKLuTcQ4wmFt55BNOYC25JUlIQGZAw0E3lwZ8H9NBBSmjfApYxBM+KGmi1+ikKhY0E0ZSAAT5Gy+OigpKoDmrP/VX8xL6J5UrejQWOgsfOrsQqkzw4eF+flxiY/DH8pi034szuSaLjqXaDGHoXUg==
moeKLuTcQ4wmFt55BNOYC/QjuHCXzIJXOT6lUnYTXQMIp8n8aPoq6j/XgxIY6NkYtPREtbSi8J1/jlSpfPhIlp/tycETrmJu8eh69G+QPkRrEvUKpDJ32qz4ZN0ma490ekic6EumCdfELBNnMEb4Mg==
moeKLuTcQ4wmFt55BNOYC/QjuHCXzIJXOT6lUnYTXQMIp8n8aPoq6j/XgxIY6NkYtPREtbSi8J1/jlSpfPhIlp/tycETrmJu8eh69G+QPkRrEvUKpDJ32qz4ZN0ma490ekic6EumCdfELBNnMEb4Mg==
moeKLuTcQ4wmFt55BNOYC9sdDYwd/maPxGedoxTIozX2v+QVuKDFr56VFsXTted3eZARKIlwJq6qQ6BnogDEdMzEaiew8V5vA3kgydZTyWA+2kNGe5NzRujO98a+AxRmBRae5614qa5wqfnuVjKkFw==
moeKLuTcQ4wmFt55BNOYC+a0cAOXGhzCDpV4GRIA06UKcu0Ja5UUzdaTZpjsYh1xaTdhNFrNksBvyGWJf0CcFMm91ZeFUek0W3JDLMa77G41fDjciUsEksV0RqDs+v7Z
moeKLuTcQ4wmFt55BNOYC+a0cAOXGhzCDpV4GRIA06UKcu0Ja5UUzdaTZpjsYh1x7gKKJZDIMoeXb8HBeqYh68SE1FTGMERcgF8O4KIGrf6TakvwqWykfxsMTi6Ql0bB1gVWCOl3uYr0dacO304Pjw==
moeKLuTcQ4wmFt55BNOYC3VxPTeT9faFSLhQZ0qmW3opyIl6MLjJYE/2HY2ZtTwszAkZq3SuEQAsH6LRBna6zkBU5DqHAnnh70Zd1n6ElZe5HziEfIZuSM/SZC5k06HiCEz+GEqVVtGRLfLGp3Aerg==
moeKLuTcQ4wmFt55BNOYC/MNS6E5raFaJG27xldZqqcUQEmOJs0cwuXZa5diRpKRb4o6SL64v9mBV0LVb+I3FlvZFsSk5A/v07VnOi3gnvXLBEQfucmX/1Lr4aUUYEhpyHUfJcKofePvnomgVXW1rw==
moeKLuTcQ4wmFt55BNOYCxlzEpwMYLbbVsM0G5thY7sP6ieYMnx/BBiRRBgE+m33TtCzXYMhaM3QQnSoBGgqhlqFlTuOnBArjRi/JK2mjbyiO7U2YxZQtZd15k1cqvqWhRhrAaCWfS11VJZKTSMtgg==
moeKLuTcQ4wmFt55BNOYCyt27rdjqieGgu7B3HwzQa+lu3DQJRuBGHpxbFTrh50i7bncMaLjDSnHWiMOgIjdTOWYOCuDHs2dK7YjWSyLMk+xiKjSXrCZhN/go+DWCz7pVMXaMLGHA/Yb9mhvZd/G+tzMzGMOgzY2IxDBiflaBWc=
moeKLuTcQ4wmFt55BNOYCyt27rdjqieGgu7B3HwzQa+lu3DQJRuBGHpxbFTrh50iRTmYziE+RCy1zRY5bsHxU5geITkOTpLmqXDcM9f2PSDqlJ5cwt5S4HfBGNPERKqa0fO3N79i8t3/357zzNfP0A==
moeKLuTcQ4wmFt55BNOYCxtzY19s26rFROCwuO/SvGKfwEk+hB7JhJOdQCC1JdVSqJRhQNXGevINvO/EBrs6Lvn+BoHYHLMKmurNFB2peeQ1DJkIzjcWAeGXj1kYPldLkHMePRY5/3i5BpoEBCvDRLx9xPYRT4DidCpRgCWjpZBkt41ihMdZnHtYw9oYctDuSfMyugCVtRqyq2+FMI3njg==
moeKLuTcQ4wmFt55BNOYC8+kZSXRfQxsyU+Q2ddzCwn7gBbN3/L0zudgiUYJ8eKeRJdKKb8RDs/Ui11uMW/WZ0v7RqIp4ka2lFJYeII1Iyo=
moeKLuTcQ4wmFt55BNOYC6E6dyzYQbxTrvPoNEiUBzWLgJ2KopwpYqvomOCxJo4sdIuPNFMB83SGZpITV/AxFvmeFYm1srztw94YtxjNUCsERIhyleA9K70Lj0U9POD3pEgaxQjvxqXjW0DDl0gDOQ==
moeKLuTcQ4wmFt55BNOYCyGiiipzDfD3UUjBSAE6SYKf0OA5QNo/4j6tIvv8UwpdNQHLurCPxFAd/W8Pgn9FxxGwKjR1WgvMAOLU4hwwlbqWnhfGGgUoBvMnUNiYE9yUIV+y4LLfmaN4nz107F+9Mg==
moeKLuTcQ4wmFt55BNOYC+TMom33dr9BvFIjK8ljRiT8P9r2JipALivFHeh9CwQD+6y4Ps+YsgEVffUgiZgUusiaSLM+hBnEeaEG/bpCjQZiE2FFxy99ODbArEkeweDfoNcp/iUTFHE1gbbdEzuAYQ==
moeKLuTcQ4wmFt55BNOYC+TMom33dr9BvFIjK8ljRiT8P9r2JipALivFHeh9CwQD+6y4Ps+YsgEVffUgiZgUunZzCB1RKGabYpmkVw7V6rvpdL6F87wtW5T7ryru2/mfi9EFD3HlEZBkksDtuxIXKQ==
moeKLuTcQ4wmFt55BNOYC/CfekXjY/1aITf5rM3BGp1RN+JOaZwsxhRyZVaxGMd5vImhUrEKOaYKHstcU+6fywv6Pdk5HsWiGyiAptuvI58=
moeKLuTcQ4wmFt55BNOYCyakSDT6ieRirvj1YsO3brB1aH0sZz4hEFiWmW3iHCmBfCL6V+KtbdWVjshXaXONp1aiWZt+YCzyqp3ApPdxZ/HA3TGR53nnHw/2N9cYkRKK
moeKLuTcQ4wmFt55BNOYC02bR+E5c4kmP366JcGtseZgIgTofFSFuBLchH0AXOOzgmnCIDa1Z2wR9at3MzZREhm+253JfdmPzfaQzw2OHPBt9NvdPxDBEyH3SsaaGmYprIa1K/qhSjekg6ERRxLZpA==
moeKLuTcQ4wmFt55BNOYC53dKjFhuRNROOavlHYx3NgzsgjWNvZDlfdcXYBx2PeNFyFpknzBV+YGQEKmWzSCd7DEsPwLQIPv916RAF+avMde34c9RY6rmiSdgeQneZM2
moeKLuTcQ4wmFt55BNOYCzP7pplT/5j2yKPiE0QDbTBzQs+g7Ifjz4SOsqjU0svoKQzLnTZnJYK9vgeg7FqmcKo+YIuB/Gixzfain7O3ApKR3Dd0LMm/MrMQpexUUhjYbIzPhfrmAULSeB4zlmYeAg==
moeKLuTcQ4wmFt55BNOYCzxqyCHMzn82JftBt2ZHVs7eQ8KV0TR+N9jLtMOqUZZ8q8Ymou8veeFd8ljUpOqcrskCixo3bJPf0XMnx2v2ecAPcMJ0fytux0C59Y+O1l1MNkX0GbjsIlmcw5USv1nJoA==
moeKLuTcQ4wmFt55BNOYC5ZlmEimDcJrMQ3LxINARY6VoRzQSAOrq6jMqcSXlRLTuqye6ZzkteYe6yzcnah3+EOBHsQedAQ24lajnbADPFgIC+AUhbbEA7GZF3h4aNtQ/XHdZlhmZp41RFnqMbbK4w==
moeKLuTcQ4wmFt55BNOYCwSlqcI3ICbYe8o4B3QjNLCLKnmwT1z0LkL/fAviyAd9uDMdCEmgNhQjCDJm9dkmYWExTywOBO/AtmPmWRI1qgz1je+rY5b/DTOfvwHEq4AgcLLPryCVWczmW+euUyzy5A==
moeKLuTcQ4wmFt55BNOYCzcxgVC9CQjlH+BCzvDGDGourzgZqZG372b/BS6wMAMfKbCs9p91IaSWJbO7ky8Y32hqe9pJuQyVqICQEL+CC+CKEt1Y9eiD+VDCl1YVU2l8gM2wgFIjFxjcw6wdspbgYQ4A8Ngh9lushCtMtmj+yhk=
moeKLuTcQ4wmFt55BNOYCzcxgVC9CQjlH+BCzvDGDGourzgZqZG372b/BS6wMAMf0gx0VzKx2lZ/WyskhflzMpcnU4fb+XKiwwRmx8E6gUiZCxJKvI+jaupje8WhVYlEud/hAO40cKsHgP+MBM+7MQ==
moeKLuTcQ4wmFt55BNOYC9GjABtMlzth26JpA8vS+pBpmASs8eYGMRqeVj1ltgUv0LENg/2LqCmvfWeyErVyLuDPJiIdl7/NQbK32DyIg6xArb0wOrhTtaJrzCRn5ELCD6dE18S0knfqdGHmNICDci3YXsdjY9w7Y1Up6d41qswrXopRZeT4WkXnQJdMGSWIAtmHqI3KQYQHP0rN5udBMA==
moeKLuTcQ4wmFt55BNOYC40Sv+ZfM0IpXg26EVcxYA8AAi1yUuVe5cgptp+pXvCkKDX7Ynk2ExC4hTbUFhpon+ZKXgOOCoPyX8vuMCTNNV8=
moeKLuTcQ4wmFt55BNOYCwLR8CIqlmJxVi9d6VUvV/7ifTrG3DY1+s6XRZ4zIuR+unI+OrsLfbT26UWECrIyYpAiFFbYQ03aUSs4IA52kFL93lhAUFNRmytqOcqZApx+nI7UlUow88dkXo4BTgLMfg==
moeKLuTcQ4wmFt55BNOYC1TWKhPcvo2QIkvhmW/zERxPt5nOPSh3gagKyWQ4rMeIe10AjZY4jzbhQTNfZ+WLWLinYZ9ujymCmdtDMvWZKQ1MjZh8HvfcUhBGXNH5QSWlK1uXZcAcmI+m5chcAqUKvA==
moeKLuTcQ4wmFt55BNOYC9Ul0YgLckFMg85NFIHw3li8/6S8cGa7d/BPYTIsS3xezTCTbAZVq6U+sgUvv3YPOG+Ozwgd2ogzfFJo6EAW0FCrfx1mWZJudxfIwuH68e+ctlo6DFT0Eb/oGtQSwEckiQ==
moeKLuTcQ4wmFt55BNOYC9Ul0YgLckFMg85NFIHw3li8/6S8cGa7d/BPYTIsS3xezTCTbAZVq6U+sgUvv3YPOE4sS9cjSGbxN38sCldALWTg8TalRodVPt7C5t9mcWK4N/UbseJ/oLftwiSbkThjlQ==
moeKLuTcQ4wmFt55BNOYC/MhWePzVKoPl716vrGf4kK2KL7uAFEffplmVLNIIQ9SvIzHAPEZN8+2ipUDr6kmEy4L93jpEOo9DllcP6iuhm0=
moeKLuTcQ4wmFt55BNOYCzVuPwBRhoc0Bizs2TIv91NMCZA0fB/kCHCmjB3nZtBImUsSXmqHfEY4WjgR0NQVWa/gY4hPx3ToWV4bwFH+LKaBFK0kPX5AuoPQJrWOXuKM
moeKLuTcQ4wmFt55BNOYCzKx/zmAKXfwWwFKUuffoZunewRRyxdLjAGpUWsd7QLkM99aKm6FsJQaqKuBJigW1gbc9Aiksu7dWxta1rDfWbb+gQy+ftjvoWqobHC+WCgyHzZOri6YME6sLKq8QZXsaA==
moeKLuTcQ4wmFt55BNOYCzKx/zmAKXfwWwFKUuffoZunewRRyxdLjAGpUWsd7QLkM99aKm6FsJQaqKuBJigW1rqln6NATx5iN+ZMmya6nbhCNKRU7KK9cjd3oY86FrfcyuSwOHoF6odik9YGG04XOg==
moeKLuTcQ4wmFt55BNOYC3UdOIuSNEdAYsUXOTTPnBu+tRJk/QcFGyQTtgfeGaxiEozafeqapWUnQLfcfrvAtdVlzgr9/pBOYDCLNXtmQWM=
moeKLuTcQ4wmFt55BNOYC7y5n99loZKEALNNONhxjEiD7jem2qxvHm34kWZbjIPm3eH3pqbfybqNBWFy913ihVMd9kkdSWMZPybR5bpFLAsDU3tzUV2fgfiB78qnWmCPZEFb8tl7Ka5csSg9I4DfaQ==
moeKLuTcQ4wmFt55BNOYCxPuTqfp2ihnyqSZCQAN1a/71wiGFj2EI5jj3T/ZHevx7CXEwmez5oteVZn3yz6dMnMGMCRLXl0lNx6ox6lwDErzp3qB8Lbj8kQaXc2KIvN4afVkFVjDDdknEcJ3Mmm8/Q==
moeKLuTcQ4wmFt55BNOYC9hQQce/OPUX+rryehr8mBZw0RFWunwvy5+FYfWS6pQwEVGlzKP0sAC7MQHlvADLEeQwCO6dV5NmLQBDFQ05r6KDVjeExu5eEQo9Z7yHE4sVK5lMQEJQzTCj97k5sDPhQQ==
moeKLuTcQ4wmFt55BNOYC90xHOwtV3Syk0pZ5lEPQblQXQX9zBt1xIskCxPd9zBdzrRBaa/+t9lxZ1RnZ/7mbseHsH0VHNJChOoFeVsiw7x+gQXpRzEETAvUWwOm9CVNHOWbwA4Zni7AwsPfKAdSlg==
moeKLuTcQ4wmFt55BNOYC90xHOwtV3Syk0pZ5lEPQblQXQX9zBt1xIskCxPd9zBdzrRBaa/+t9lxZ1RnZ/7mbsnohQpVo/RWCuv4Rl5rnZv8omi47/7lfYq8WVc7P8cudXkyviuleGFnlKLaDl008Q==
moeKLuTcQ4wmFt55BNOYC0/e9OLP59cZL4pZPyziPKaTc0+9Z2dwTOlT9j8gEFTpLNByXYPCCr9ufsvoITcND2F9k9Vof/+mAk7DD+7R1xgJDZn/C7D080tBqhngR3Hz4jLR2acv8hXdBwjHyijh8Q==
moeKLuTcQ4wmFt55BNOYC0/e9OLP59cZL4pZPyziPKaTc0+9Z2dwTOlT9j8gEFTpLNByXYPCCr9ufsvoITcNDzeOWl+1Z5nUpdeqoUii8SqOXy8UQrI8Y4PaHRlEDGEeq25/KbArd7Uqkb8eqFXcNg==
moeKLuTcQ4wmFt55BNOYC0TQl3ERLSzLECMmX2CcmiTFpoUkbT7J6lAEm5P+SHGBYLoA0xIc5G5MMy2NKv/xbwHyDqtblDMSpQi6PODRM/7y3ieJawWuhDsm/XO7/AOwNfClqEeg+wDk1jzUmBgskA==
moeKLuTcQ4wmFt55BNOYC0TQl3ERLSzLECMmX2CcmiTFpoUkbT7J6lAEm5P+SHGBYLoA0xIc5G5MMy2NKv/xb77VAyva7tLz5fwLpXdcthH4beFTz4LlvWGZlL3ANc5eGPNSFqmcjeQfKERc3zcKjA==
moeKLuTcQ4wmFt55BNOYC4f9n0J8aYbuoQFB/iaph/by7JgPOU4Hfsha9Yz2j6E0Fdws8H5zTg9TYL+kUOMIAM22VXME+kEFHNpYmvaBTL4=
moeKLuTcQ4wmFt55BNOYC5tU1sZnkKPo3M4Nwohpt6pjhjpH2qKELKTnkgDDauDGHpPL+8FdG35zVT+HVJJW3DDg/D6MIgJlLBzmbXA2JUwduJ5xYUKdjp7eXECzD7Im
moeKLuTcQ4wmFt55BNOYCy7DMY7XTeMMRzUwATKcKLWh9AfopRtQXgYCpoxRZqeF5mht8L2tRKyWUbQK/HAdjoJEh93i65tHDQmmBC1A3baGDrkR78gigIVa1qSspM7HqKc4iAcKbHREU1pWePZ+6g==
moeKLuTcQ4wmFt55BNOYC2xvDveQvWY4w1o2iCNvJuRnRqPo9iAZ3rc+RAP1mO/1xy8pa7BfWrI1N/Cq1ChSzcTUsROJV6ai85aiqOzD94uBsDBQkZ7H2xc2cbH0nTsjRbmKRrNeEvnuuzDXE9WR7g==
moeKLuTcQ4wmFt55BNOYC4JHVnA5sH2oXIujfphYzNyQORu52Zzr2++2IuZ3sl0l7thSpHupLqxnFH9zgCEIxYiUsoIx37HcINIl/JQlw5YgolevJQD9j6KXJUoyo+lTWSJD0svZ+kMeuKAbIV9Mig==
moeKLuTcQ4wmFt55BNOYC4de2PgKNJ7k+FtNGbQs9O2H8wIgJDdSPgPe7LmGlM4PJ7pFxUKDojXsuLjKaSewnZSjLnZUtZNIirVsOFf0xCXg+v3czB9jJ37iJFef6V+XuckzoWjDCodjPGv9E/rCaA==
moeKLuTcQ4wmFt55BNOYC5cO6uKkHQHon2GFyCGQMsq88dwDj86BREHKiiWRKIEoJsV/eop+kC3OAjvahL873FQgNQ4bw2+5bhBgPUdhAsxS7ZEKZWOkoy6EZQVLhR/Kc+yElflMnfDhvgYvfuD+rg==
moeKLuTcQ4wmFt55BNOYC79nyxNmMM/1sfGnoQ6Qd4fI8iBY+1WD8/hEF1cwGnU+qlBZxFQso2x8iIEVrem0QveegETQpcxosTV5tYWI8KCiyLLQY7IL0W6WI54cEMfKztLe2TVTSA6DmQkUxoJHqChEiO5XLzM/1KNzd8c5kd4=
moeKLuTcQ4wmFt55BNOYC79nyxNmMM/1sfGnoQ6Qd4fI8iBY+1WD8/hEF1cwGnU+DreQyEgGxVmoKpDacChwzZrJaiT0Fy/62iMzQb1OQCcZlQ/dQkB60IdzWO/TrNjEaA497CAkEE4DtaTMRBZnnA==
moeKLuTcQ4wmFt55BNOYC8qFo9kmK+8CgAFi/YPQf2JJ+UW5DbjoaVT7Cw2ybBoP9BrmL8lKoX5ZgbWC8f3qUiJ8xxC3Fblz/LvilmFwb/uwCTTbIn1i725jNORwL5k0+1nXeZuCh9rrLfz/gZ4H4/sO8gTlWkkgkGl5MvPG95rG/jATyMeZUiv1FhPZcYo7vgr6n+a/HSJKf+RUoglmhA==
moeKLuTcQ4wmFt55BNOYC2eJU7N1J2I4YiKBlDgKvS4TMA8haS8sqPQMdaiLsAztcyk+mQbQYPn0KvXVgFNdpKeJFdCR/ToA4RDb3QQpQOZrV4pWi8tLRicoVmq5Yx6SxEfVzYft0JkUU8C9JwFvB7j++q18Yc3ZZaJJa4gj4favYlxlLZM5cgR8DPv3FnWjac/ca5hLNKN0r7dcL9yaSOre57vFChv9FEwiwausO4ZqIY0Y7WjNJJY5ebXiovCn97E6L1MZbeJbnSE8SFLovIWCOZvIDZKwJBt6mhvdaB5w8TNaaEJuATjm69yFGbJkXHjOkqJlspNkWGjOrSPgng==
moeKLuTcQ4wmFt55BNOYC6YoW97DhC4QfbXhxOnZWp7BYw3mMvBuTiHrSvA0S/HIi4vv++5r3OBOQqa8Xo5jyl3ub03IT71CPF8iudM0373i3QeDPZ+ASDVP69NkgqEi
moeKLuTcQ4wmFt55BNOYCwZzAKFnddVvJBt2CH93eZPmX9ytrRu21jW7sy9vSTy0aUS5NXlra+iQ0gCL7Mv7xW1pFyU5RIr87MgqeKI5wtm/Qn0hhMIKDBOs6487tti+xILXoBN9oopgsVNOTXWlzw==
moeKLuTcQ4wmFt55BNOYC6X+S6Jz2K9G0NJZj9rd24SqF7C8mrnu+TDCOpD8zX++6KST6V8vk0vvdKTup7z6WSd4QcPebBTmOUOUj9kqZyN+A389VVo7OMY+SK2eN63E
moeKLuTcQ4wmFt55BNOYCxFg9eMP0HGjeO16mEJWDezD2acF74sY2PherN1/hYspntkdd7KqbTbFVnJQaGkvccn/i+RkA4YnWFzg8GHyBBl+n4QpOahymA19CPlj51/KvmKJHYG5P8vvTof8X+n/5g==
moeKLuTcQ4wmFt55BNOYC7jnwqSTrzT08y2I60V3u7I/GYpIB6Pj0rwsjQxRPiqiBmRJ5reVqLKKlNib69mALk8QATZxFg/BoTLOSGrn0izz9TiaxS5gNszNvMcmIO/z4rSJbVJgD3lTdHqvlDh2/Q==
moeKLuTcQ4wmFt55BNOYC1/Vg1NLvWNZzIFWkjQp2lXLCARggfp6IuCvju8Q+NQRMUT8j3ve15aIDnZDc54wa/+Dm4I9x0yNZLhnhc5F6JolWAvA0UmxAghDnJsJkrRPuSW4AbYGI02yuq+70Wj4AA==
moeKLuTcQ4wmFt55BNOYC7BhM2hsRTxEf3cQD7Mdh6u1QxEW4WuyG4s5fQTrJzdMtJ4HZkK+UkLdkPlD/liidQA81G8jqFtO7qp71ncuI0GKeMBUfRledv1310c0WLGRXhHa2k4kzK7dw/Ib2Zq79g==
moeKLuTcQ4wmFt55BNOYC+TZpF/+V035hSM098+nl6yfMHmFSSzQsFyICz0CwFb14uqwtbDYAQ4vcJNMf9ZWLFU3uRYiPr/Dnb9m0ksMElr35ia9LbcL4ZK7+R9NhMFiDMnaqw1D4CmYEW9dpA/Nh5w/6RGXXWQRlDj3XSRmLRs=
moeKLuTcQ4wmFt55BNOYC+TZpF/+V035hSM098+nl6yfMHmFSSzQsFyICz0CwFb1QDf4WruoeYN9PLS06MokGG54a0MmIq0uHlkVUAcxqXgE3VGXvM3RogCaLk9yfVjUfF94tP28FWaw4unPw0OMpg==
moeKLuTcQ4wmFt55BNOYC2XIF1Z8636D9T8PchptRhG63HEi0ynpHyxAqv04niGUoCfk1TuRWFDwn+NdwobG7yt6fuHA2eyU2uMaa0wPL5mBSlqu2dae81P7Aa2xJH1/LBxo1hQTwRHlG3Vt3BL+iAT8mhrpVdLa1flLdS4uwUwiAq602I2xWPa9kDYL3VPFf/iHhzc16oQxoIcSOZoz7g==
moeKLuTcQ4wmFt55BNOYC2XIF1Z8636D9T8PchptRhG63HEi0ynpHyxAqv04niGUwcDxjAL3jT5/oPODcL/EaaMwSeS/KvZ0rdVIh4zDCCnVIowVxFgKxryh/0xFsuQPjaWxc4pXNgba5LqCjNLViRCBmq660CKjq5tdCX0Eset9HdEfb/VB/Nssbc6hWiwysblbdLTGZ1vdjOY6p116wUCRNxuRo2igWz5oTfvdI6yver1OX/zVmN8Fu3ulyX+P0pzqG3EIjqRkxSuUXc0kGwfVPId5MiCovJLwAbUfzloxEkt8vWsjwQjqDqGZP+Nq7k535lennNfWRSpYVVAHAA==
moeKLuTcQ4wmFt55BNOYCyha2FSHP4FksKTP7xNoIsoFwA8REG1HJI6qBvV1EWWvmnY9RrBFbjj/chuUypKs7ABMAFTAmJjGsTCfRhHseaOD1A2e+CsbCOF54qrC7qNByTcjsXcfhhB18G/EF4yS/g==
moeKLuTcQ4wmFt55BNOYCyjrMhCJ1dvw+7N+dH2MYKZdypwX4/ADNiQmnq5GJkGSlF5Ez+catcNWZSaeinegV+3lqvlT4aUVFKhWnVFiQ2uD1LrdkQ3rb7IW/maeyTEjm8kwsS61yoUTdPHle+WluQ==
moeKLuTcQ4wmFt55BNOYC6/7SLkLdEVYw87J5pvMhjIC+KMWTDXp9vo661M9alcuiWfr8yZXnj/BGzeNar0bGrmgjtsM9Yp7N3QWIdbZXf5eSdklP6WHmicpPR8gT8W40BAtuxYTKQLfSyvJxOLJuQ==
moeKLuTcQ4wmFt55BNOYC5vumEhAaRT+tFC65gZ2lg4WrJmJR416WeyOa7Waq1AZlUbdVcmF+Gjh5RJP3lLqS1onEHu+hiZeT+v862eIGTYR9Aws3lymALqyvXzCoHxjgPGrI97uGL/SW1gjg9D0EA==
moeKLuTcQ4wmFt55BNOYC/3jlE49hbu8DAQLtONPEpGq68R26xnUH76Lme38Ht/TYNy+KZpyx/ALTl1M+Q+tRyot/aBBgITUpjFICwgeVElVPjsBG38IwfPkj0sG77NUq7VpKRRacS/kO7iuP306wS9nnlcbcbq3sBocuM7Eq9M=
moeKLuTcQ4wmFt55BNOYC/3jlE49hbu8DAQLtONPEpGq68R26xnUH76Lme38Ht/TFHuw7rFgvrJEqQyObIfRVFMI3AZiw/A+EMWHN/LgLvSgIQWHn6fgQAEX+RasUcdF91sTHGaQ8zV0IR96q5/pNA==
moeKLuTcQ4wmFt55BNOYC5CYDzbjMVdiMtFx2SIJ38kclTiluKG5UcWcSlnGqs0ntBQNcBK7nkLULFbBjmx+OZZzhwPNWjNVB+TrwQcdPqN8qa+WCxbxKFC+/+Xwtri+LGW558DGGEL6Da1SbOa5jULUKJ2iMt6qspWkCJasXW6spm6cudylHrSw5aktp8Kp/7mk3Uaa8MPWa02yRWxp0Q==
moeKLuTcQ4wmFt55BNOYCwqy0tHq2/UTI4pAE50OQfnhOSBzdyVduMudqeHXVdBHRGPACz5+nee9M6Csy1i5GCsISKGElLCVT24sfgkkChtNygjjHrocS5lP5IBxObwFhBiNzQxTvJa9hi9zcvqFXr4i3FK80EpqaHWfbc8YYHuGt30kF+yqI8Wh0i6qxnFyDyUe1eZFOgwv97HBtZ0J+mACcpPALSRmAQ9/yKt/3ilL8+7j9NzCgVGnR2f4c6l04q5bdfsZYh/U3xkpo71mSxysBpWT0rYS5m01VkZL9KacIVPOgvAp9qL1LZKh+sepByHl7GkJHwyyQCYutWKJGw==
moeKLuTcQ4wmFt55BNOYCzPIRT+yC0F3tbXl4AJRPG1oUnTbZtv8/CLtTqk+Viea5lFew7Vo0evGUlMpA72gTbSTYXiHq8ptUBcN1b+3+rRY+vArQgMOyzw1kvjYlbZd
moeKLuTcQ4wmFt55BNOYCzPIRT+yC0F3tbXl4AJRPG1oUnTbZtv8/CLtTqk+VieaIYJtNDOg1O7OneLE7yv34kvcb6o4hz8CE17JsRLP5b79cdmN4MichYeaMLtW1XcBe+7mJ2mWMkN35M5wvEkNnQ==
moeKLuTcQ4wmFt55BNOYC3/kujeCKa5tFPUwKxRHPDpgk1Y3h7uiv9mSr9PlYZ97Gz1qc0uYGAKBpzQDo8Iq/rmyDbUzwIy8NzQu+QqdAy6lmzNHXSOyFa0VWFp4CoPyjcmU8BrsP6/0PTt18ST7bQ==
