GmcONIA9PFzHw1gpPLLPoqev3ytAH5KO3S/CJpMsylg=
35kyjVfwBJgytCi6KM5Vug==
FNt9orFfFSbPIXNSbXcP2Q==
gE2g7VQeqq0h5MkG44fPUw==
A4ZCFW7RnVRfEnbtNxUDb8VFIQmzxcIFLuiIjRY2q84=
cwgQW1UgxyVfBeSrdwXHsPE1eoSAri+NViVSjTYe4hg=
pYn3RyiaY4vz2unSybTHuw==
mAzeFbkWBGyzJRgEWJSZYQNn44wFaguEUnqkvHVinQw=
NiGef/LGs6v8Em6sqLz1GYGKB0111uCW/TAqgkiW0+w=
2lfNnhNY+w/3xMaMUxJbE0YFT/wvMlSDz8Vrd5FEs18=
24UKq+Xwp4SoKNKc+kDvl6IXqpEbH11OsXCiw0D0GeWYmWPnTIjStV/tdkGbSTBbortmOVQIyOaI50ggSGivpA9JITFz9rcVhBkwYMqDzJ0=
24UKq+Xwp4SoKNKc+kDvl6IXqpEbH11OsXCiw0D0GeWexoSNoZWt2H6VnJ+HimMTy9w02M2ZF4JQOyiBb/+pyXew6cC1ZlGTKjEoMk8t4xSpoq4AvSRNA3wFvHzq4kLMAv8m8AXygYigmBTV25tsGg==
24UKq+Xwp4SoKNKc+kDvl9+pFwagdqKLEM6blfmeu5vezUc2fyEavnJ2j5Y41dTYVSZuN65LX8LMlQ4rXSwazu0T6+ncpX57N157AMlNGU99HnlEI8DEUr2QOspn62NRkN5UJ3k5/frA97LDSKquLA==
24UKq+Xwp4SoKNKc+kDvlxvCK1zhEvNpaMEpvDWA/503X86izaJqK/CNtMJHZhCLPat9a7mSqqCw7qQNe+/c3O2uOPKRXXrRNpYeVPq6v1DVY9yjaGWlBvbz26bw969K+juKOUkuLVW84ILiu2d4zQ==
24UKq+Xwp4SoKNKc+kDvl9YEdf3wPDwv8vp1N60xEF379XCjL7i+5TdATPw2lkErXhW2fukztWME7QvPaojDUXF9hK739MhlXxylErz3MzQdU4p0p+NCHMWkJpEB5QiFAJFjFa8Anb3RhDKi0GmlEQ==
24UKq+Xwp4SoKNKc+kDvl5exrP/6Lm315teJIhzfCUqCO3QY429F71OuwHhCNP6H3t9E4qh8ZWVaw7CD1LtWvMFZkDgBkHtiAygx+E/zx5JaziuR9RCB08wt+fCWZtgq5t+yLR/VCKRkdTh0iRN2yw==
24UKq+Xwp4SoKNKc+kDvl4sWYL0wqpDPhwDevwlC8N6GkAatcho2ufGJ5mW/x6Blf6ZZA8aXuc6SD9UAROOHrplHLSKHtPcQ55qs4Bpu2knWw1ZzXV9O+KTvNo7Hd2p2EFlwmMcPpQ0zUB/xgiPLAg==
24UKq+Xwp4SoKNKc+kDvl2R4jBuxxnf0cjMiQPIh5aiBwZAD1sRWQrwCiCEokO7VbNcyP3xXWWWoPFrOQWwzTo9f+OEmwYtL3ZJclwq2xl4=
24UKq+Xwp4SoKNKc+kDvl2R4jBuxxnf0cjMiQPIh5agfbCvZxZl99ySxMdHrnt29MniDP3eQ9/B3+ehME8Y1+sc0fdMDTMYFuh1oTCd1HlebPoO9T5lVcvKaU0kzDa4oArey5agRzVdiT5L9UsyIQg==
24UKq+Xwp4SoKNKc+kDvlyYSb2llEo82XrdR6R7XaRH+fCv6YXWg29thLVbFP9XFqZxR2AtNKa/coqCNoyBHKRdW7hjN5AEI8y7m5iq0MmM1X6PaI0CeaakP/XcMnvUBIoT1xLjhkJB3qiU8IONhtQ==
24UKq+Xwp4SoKNKc+kDvlwM86R3l7800bhht10wlPzEyIggry7RwUTqCEAKXvdCMV/w6O9/ExtpsWjbG2mq8C32BSH/8NWDTw81LgM6h1ym+2u0DMdQ1b3Lgl8c0GljxvKaUAt6Gl7yp/f6SR1w/EQ==
24UKq+Xwp4SoKNKc+kDvlwkYISj5oNjNocWa0MQGjVxXhf4A50xUy8kiIGTCA4ZD2An8AOntYjWgMpX8gLIOPoZ9Ddnihz9dnc3A262yb0hqgwfADehPna4QpHbMLw2sHVWImWSN2Ht46xB/vp2IBQ==
24UKq+Xwp4SoKNKc+kDvl0hiUbI7qpDMAyNYo3TCHwXPEia06vzJ774Ibpbr5HE002+pdOFsWCQATEZ3jP5nO7NOud7T4s1WVXlAnmRWnjEWtrQ2/bKtNtgY9w1ixn6C6dfAhlT14sLNEG2q0xH0LA==
24UKq+Xwp4SoKNKc+kDvlwgidZkcKoyAh9FdoKzeOdfV5W9EpBosQEEsuk4RddlyB+PNtHnSQB5yNN/zYUWkRtZQfkpPCaIGqpiZYpJDox/ArAk1indZSooa/lYDqXffrlqleLOdXzOiXpdb1He6vA==
24UKq+Xwp4SoKNKc+kDvl+HEhXDXsjmQRMzdHYsqXsgakGzs6fKy07xa+TTQKhDUiuqSfd6HVCuKqsdjYGM0x/JToGFEOtQXYJPkaGLFGKk=
24UKq+Xwp4SoKNKc+kDvl+HEhXDXsjmQRMzdHYsqXshDpsYM7KpfPjEQSwlVY2JG4EwYZ9ADNwEF8npiHEacG/WthQ3E20dP44Eoc9Ue4YW1pr4Yb8BJloir+o018B5Kz+adVvNmKjFeC5h1r2M5aQ==
24UKq+Xwp4SoKNKc+kDvl4OsMmqYS+0Iv9dahdyzNRNQ8phCRk3+D5My51KF6OhebA0QvQ87wY4dKBjEmYd4xioPn1TNXX5UrWJ9wtoju5ujN608TJG1Amsn6nEBXPeEh1iYWLPKLKM8tylN1VqCPg==
24UKq+Xwp4SoKNKc+kDvlx3n3gd61A0xmxmqtDxQ13fb2wsTXmjaarKYoaDQuPl8YgTUTNU7vWDnwqnGl8U9b+q4+Q75t9y8ZzoEqkFjzelXKMTeOQXHk7O/nBeOaluqKNfNKSACDsUVpRCHXSfuew==
24UKq+Xwp4SoKNKc+kDvl1IllRbIconPQnSu0B5QbNtwTzhFWhSEFRIXVFRZV+Cgqo6GIGrSgNLV9jOHOyW34rqaLAYXtxC/0BwAZ8X8ZvubTzmmjRcsTVjdrK+d3erbyioR/2njIl1n0gpUjAU/KA==
24UKq+Xwp4SoKNKc+kDvl87WwOBoILQZz9PTPddtTU4E+Sb09+yZ7hfyRh56TobfI5Wi4X4jCrwnSO2XTZdquK6HHKdG/pTqwRER4S52PakEmLrObHqXBrantlbKiDnvG5exMkh03lmLgvkgQFBUiw==
24UKq+Xwp4SoKNKc+kDvl3AUtUcP1mTk/XcL8c09LAP02+v7UnvIq42ZMi83BcNyuuetAbrWdjRuMP9ePMn2RGeB34yGWCiWguMEWx1QgnvToLM4plc+pP8ENqrig42MW+6BpM8LXzmeFcREjapX5Q==
24UKq+Xwp4SoKNKc+kDvlynGiVoesfEZBZ0/wYnoxobVcXB2vB3n0GGHvABazBPwPRoiBpQfTV92P4qeNY+2ddD1lhRunhsUMPe16a3qm7L3LteJVTY2q0X48y4gLD1CWWu/7yOU1/spKKI8yvw0wA==
24UKq+Xwp4SoKNKc+kDvlynGiVoesfEZBZ0/wYnoxoaKSPAB56MP7arKU094sU+ZgiKUG/J2v8srx6yPWwKZvaf1FXfLqjOyb3F8SgHti3U=
24UKq+Xwp4SoKNKc+kDvl4X9uaG/b5cQ5gY6mIWIi9jymyKeEq7Eya8BS7Xn6DkEwLkcMmdI4CsBm0hxPQGfOjp7T//WjurRFFY/IcbOgm8a21Y3ksgpDDfW08omsv3G9wF3rp8sk692qd90aIwchg==
24UKq+Xwp4SoKNKc+kDvl5oJeObaLO6GMuiNKMe65nsw8UUJO/o+RZjdefxEDnezd45n6/g98UuSGZya1A+X1GJJNf+JKuex2HCaCpz26byt2q5kcfoSeUQI4a/0gjZAZTAYoQ+MH8aQg3+JbZZhdg==
24UKq+Xwp4SoKNKc+kDvl9no1mr+zkX1Oexp3mdL8O9+PMd+IYTI3eUKpEos4nTuOhn4mSpi9xZdZhOzixibJwrmcf7ZGkFD5NJI028CtvU8bL+nMyXcLd593eUBBSMspSvHhAzXmYMbJMVcAh+mJQ==
