GmcONIA9PFzHw1gpPLLPoqev3ytAH5KO3S/CJpMsylg=
35kyjVfwBJgytCi6KM5Vug==
FNt9orFfFSbPIXNSbXcP2Q==
gE2g7VQeqq0h5MkG44fPUw==
A4ZCFW7RnVRfEnbtNxUDb8VFIQmzxcIFLuiIjRY2q84=
cwgQW1UgxyVfBeSrdwXHsPE1eoSAri+NViVSjTYe4hg=
pYn3RyiaY4vz2unSybTHuw==
mAzeFbkWBGyzJRgEWJSZYQNn44wFaguEUnqkvHVinQw=
NiGef/LGs6v8Em6sqLz1GYGKB0111uCW/TAqgkiW0+w=
2lfNnhNY+w/3xMaMUxJbE0YFT/wvMlSDz8Vrd5FEs18=
24UKq+Xwp4SoKNKc+kDvl5NXEqiAWrMyRLMpUIj04qvsxROP7xHBBxwE/a23+OAUOI+K+iTb90RQEcekRzMdQ41JH7yjqYWpPjaa60lsSV0=
24UKq+Xwp4SoKNKc+kDvl5NXEqiAWrMyRLMpUIj04qvM8aSkba7x5l5DPXIZI4N60UZPGf5jb5lYtrhQ4dVH8fERdDKiaMIwEsvJGb0azCIDIR0IIYhrR/9iVO7MoDyxehrdjx/dq4va4oD3Ks6Q3w==
24UKq+Xwp4SoKNKc+kDvl7cD19LJAdtr2C+uK5qwQapiXS3SAZbSHm8EW+MMbb1fORht9Vl1K6v3j4sZ12F2Wh7jlRelFT0KWVjpTUEyg29Sr7u8S3DZz3L8FqLaLVaBofTEp8fQpDBCLzBbuYRp6g==
24UKq+Xwp4SoKNKc+kDvl8/QFEM/u6oNvVy3R417xtoSHOdIrrGC2p5PszuH/4OWzXOwSm7oFOAjz5ZFRwH6A9uxvCwfWKjn3KlELeHMrNI11nhUaDbIv1mp+VRhPp3wDAHOPigmhMFnSqAl5nEm2Q==
24UKq+Xwp4SoKNKc+kDvl2pURkCWjEomFcy0BtAkkhU4j+TGFQSxPhxSVZulVupBTpfJjB7VFU+Z6WSjZ4LF5KRQDZLIiqGgBxusHJvBseXtRaS/EAzHTem1YIhH5lL5UnuaPqT1G9b4jzN8hVXBFg==
24UKq+Xwp4SoKNKc+kDvl10AlhtoN1ipzKTL3jhRTqMOlKhckgGoHzAvGSUPX4sZooM0NDc8mgNEP/U2vHpHPMTyzrvimGlVcm0D5PLDSgWKvH4Qkpwt9UlQVT0nNPJU1Sk4ueVTBnrwpBL5mNXfnQ==
24UKq+Xwp4SoKNKc+kDvl3rI50//9WkAWfuH+naeMWOYST0SoOavyJqF0vSJVMJujxhISksHmxqrn0ZvRKcizBgSHX2bdb3C3Kjywdo1W/voWpsiFwI6d1LdlntREgka3g2vf8psf3SJKtsNWuUrsw==
24UKq+Xwp4SoKNKc+kDvl0z4oAHziYNvM9T7kTIb/PjPuWChvS+rIuklZwyvn2iEZ2Rowv8vHlu5PmiY0izOdu22itv3G5JKaP0qlys3Q3ICmeeSGlZFh/CWw/0Rpn7rUQgT6Y3bIwVuAtw8aJvsug==
24UKq+Xwp4SoKNKc+kDvl8YCDBhZdqEWGmE+BGvpWOb20GGP430nhFRmud5QbnVw1/Ar0p2oeV27VlNGgGefNlgOcUYPulfXKING3HBliXp7g0X8Pd/ja2vCSl+tpnz09r/wa3zO34RgYUwx3q+VkQ==
24UKq+Xwp4SoKNKc+kDvl4l4mbd0alF6oArh53c8UzYFedjarbLkfUe19ZPgykkwOTgdzwdGbweMYvf71ZaPwVl2Tok7y/sHy5nexh53j1jU9uAjoAs7SsMTgGmHgjqQetknf2tsDOfSVgyKGWPl0A==
24UKq+Xwp4SoKNKc+kDvl2GmsSAVAN9StDhHQf6uaTcyOPfV7WQ5ishPYueL2DLjwsk94s6Rxn6Pckdef+2g/Sx4icbi95J+tViWKdgKyHP4mA2gOHDBjuziMjoUA6FpRZ0v3qOMc47E5ZKMY+RBIg==
24UKq+Xwp4SoKNKc+kDvlwVZJzADVXxawOIA+LbgryptwdfAGhb4zyk/i/5sI6L4rbvRADbsrkdUzKHbKYygjTubVAmfplvnRBIAnbBj/1NKZHIEyKF7yNSDqziSqE8vVBsGFcnRRy1BZlCERDHF4A==
24UKq+Xwp4SoKNKc+kDvlyitPDcozQr3rlWpOfdt/hidnaO9b9QCXjdb/KphyKoWu8kDULlkK7RGRoxxpBabXdjvKtPDWf44/K+iddtE9Ggx05o8/yp2ZvDgnhEpCrkb+WodWI/xUzSIv8cblgOcGw==
