GmcONIA9PFzHw1gpPLLPoqev3ytAH5KO3S/CJpMsylg=
35kyjVfwBJgytCi6KM5Vug==
FNt9orFfFSbPIXNSbXcP2Q==
gE2g7VQeqq0h5MkG44fPUw==
ExPkcbYFeYs2lHSAMsaJBjIbQm7FWZ8YCSkKK1z2aPs=
cwgQW1UgxyVfBeSrdwXHsPE1eoSAri+NViVSjTYe4hg=
pYn3RyiaY4vz2unSybTHuw==
mAzeFbkWBGyzJRgEWJSZYQNn44wFaguEUnqkvHVinQw=
NiGef/LGs6v8Em6sqLz1GYGKB0111uCW/TAqgkiW0+w=
2lfNnhNY+w/3xMaMUxJbE0YFT/wvMlSDz8Vrd5FEs18=
24UKq+Xwp4SoKNKc+kDvl+hLnzUzzYvlLHAZrH9mxbBR0udDFNcHRjrjpWa6Fzr9tngntIUle3vQxPWtw9EpxU7elfJ6JG0Z87eRSEftVN0=
24UKq+Xwp4SoKNKc+kDvl+hLnzUzzYvlLHAZrH9mxbDbDsRlRICoRafXz0tDGyKaTtb+nU0oJR54eIXODicmclzHaMXCWij+jWo507IU2Np/ACYk/OOtMSQBWh6U6ZHlQBYKM6+1Yv77WSTPUBB6Hg==
24UKq+Xwp4SoKNKc+kDvl7PFY80mM4Djd59kww+Yl/IwIBL2AnYKA+4ZaG5Kl6wsvGEwyYkApTZv/Cv9S/u4a3Clpz/A6NcBOXUSco7wZUWwrFF/hgb5A7kJUO82RqnREl/ci6rITEdmigqoyAl1dg==
24UKq+Xwp4SoKNKc+kDvlwii2h0vCmoWCrGnwaQotrAySbOkJXlPwaXT2ryEm1nD6hBKi5gkAPGPqRiYe6gnNqueIiTPrfzpDkOS4p+4dFab5ZF4ZcQcYJctXbDIgH7N2h0wFb/DJKzvgo4VXKrIHA==
24UKq+Xwp4SoKNKc+kDvl5V2FeInJqhSoo9dJ9uBtyy/e36OygIV7orgKJgyOcGqiZgwWrakvGIbfBH6co7F3z1fEh8MS70c6/REdcnGDlRV/uo7Quln15Qc/DmXeI1MSPKfjoXkn/A8fvFB0KLSRQ==
24UKq+Xwp4SoKNKc+kDvlyizXMJTHO9EpYyayV0yMjejJLKcSI/cwatz4myR0kcUlCX8qHf7D7nRsvZSMx0vQpACFe8t3/G884rp8uqmVeItX8jrSNdfXbkhQEZufvHg0O7fIfjj54S2OQjQVC9NKg==
24UKq+Xwp4SoKNKc+kDvl8nlulTt3Ratkk+ukhBQLt1D/PzMpa6EiUNP0+6GZEcjgXs2Pg879gsTbFJQFDbOBzFaDSltYz6ah8EjsbsPawg=
24UKq+Xwp4SoKNKc+kDvl8nlulTt3Ratkk+ukhBQLt3EDZ6x7paTl1A61IdqYDOW/hM3v9XxWfO9IxSndWB7k4WUPpMrV8cM2ueBQhih42kF7t4vmaEyOCoNuUTTjfYDBrgO7nc3HfWZheEsNHkW1g==
24UKq+Xwp4SoKNKc+kDvl6e0dtnPErwI4i+va1WARKQDeKxeojEb6XNQTyCRp9FGQjz8+XppyYp2w0w3rPAjHwQiTAv4Q2J4uJ9pHvWva2x3lk2g+Tqs8SLY6fAA/3gV5L3/Bq206eCxxzKpPclldw==
24UKq+Xwp4SoKNKc+kDvl2TmEzW3N7OdJA0nTlgdmi1YpvcChvIwYmMCRhhnYE+IR42MKiCpWAT6wJ8+iVJ8wv5mM2xsKMgDZ5G12fVzF/0jlY+Wr3H6vJIyk6yO6kGGtGi2Qlnouclt8AZwI9k2Jg==
24UKq+Xwp4SoKNKc+kDvl5d61xbYWtOWZ65LDYDWHj4QJbH3FPEaeBYw6BOgTETaSV+VIXXps74Osa5PV6bTtW/SKzcGG4LwtN9yGNwdfIkfZgcq1Qy9vcekGNfenvIK5TGq+GRW5yr58UnLiY95+A==
24UKq+Xwp4SoKNKc+kDvl+jzZBScww/8FT8EllhZVw57cpgQQoTtTVnx3a9VsIhV6TAqzxLkv/+Idr2DH5x0SGQIRNkSmhppd2H0ppjfewZvsq45xytX5BDl76qTwfqTL6ZdmzVWN7GWvRSwnPkIyQ==
24UKq+Xwp4SoKNKc+kDvl84tGwgwqZGVO8/OuWgHAVK3jJPJEUPyStSJvjHkfoDJyoz0Q9HiA1OT5xcg755TPfXONodQ4ARPl9G1B7Sbxf4=
24UKq+Xwp4SoKNKc+kDvl84tGwgwqZGVO8/OuWgHAVJUvYFScc2ERpHy5eN7P9MrjtzXtYiGCOyVAyEzI/DC6qFYpTv7AFOhC10J2asDxneAfjZIWyf1kA4zh/BKGV9EnvRLV7AuijoSSmDCyEZHlw==
24UKq+Xwp4SoKNKc+kDvl6M8Gkfc8E5gKf6rnUvsMFkDptrjjScTB8EPeDqbYMqY8dZA8V4ULeaCDu+FSq8l4Mq63G4Gm8xpkjVU1AS0KJjp9S+qyifzqgdjjJvyzRKK8WMv7jm0u5ipmtBGZtX4Gw==
24UKq+Xwp4SoKNKc+kDvl/l7V4nNK9CQntA8186gogWFONh+nJZAQa8mM2HQtvvrbEE6uJPwMvf/QN5i2ItJ8CjaJmxvd1OQJROiOu/E031/NZK/OQpayZfD9rwYnm9XDbVd2z1z4fEWaEFZTTkPdA==
24UKq+Xwp4SoKNKc+kDvl4F+kZF4LjW2b9qEry0LP9bFdwPAvgxiUOzgDwMm5a47dviRSuAIill+VXFeiANOM1sfnRjTkyHLaVv2EZA0EaLT4Vu544sl9U0DdDSbZteU1evxfxCcZ8fLQy0L9/fukA==
24UKq+Xwp4SoKNKc+kDvlzjkUJrv4igrROHg0mO/45KaM2cO6qHtGyo0G97crsO3tA/ybs+0Z4cjiPUmLKTCqktWg7xQByFigwJxGuMF+aEMo6NC483PWRZ7DUMGNXTPVLsrar9Mf6Eg34ffs1KK0Q==
24UKq+Xwp4SoKNKc+kDvl9rQrXwKf0Nfzsh/wphL0S6wIHr1s+b/1OcL21ZxN/+6BHCWGNbuJ/mfXA388l4ObREY/Z/fbImO6KWOXsaCIHgOULnHjebtGaoru40rWCA5fV8jyps3Yg62aqQCJ2SZZw==
24UKq+Xwp4SoKNKc+kDvl4TcCN+R6zAGpRzBxLAQ+8dQ1zxwQy5rUEjqbR92uFH3k1wPG3rGftdXvhNyY7B+3jq3zPP6a1zNMvR9ftPR0PG8HSstivh8hY/0OVS92qDDtvP1h5LI+5/b387NYbDDTw==
24UKq+Xwp4SoKNKc+kDvl6OcG7JaMxe8D3jW5QD8tBVGYGyfFI9bVwEJf8Ay0dGJSzbLtPagr+yFWicQmIznJ+c0Dhh6atVRA+wdnNPeVKBiUareRtjm+OVYCdy88qAev4WREhNLD8kBW+roH5Kypw==
24UKq+Xwp4SoKNKc+kDvl9LOjftW25Ate/5MtzNAI4H+5ToDYHkR6fhnbowU4FmrPHpmlWRATejbOXfjT+L1COdNlacKADpjnZt2FVfCho8=
24UKq+Xwp4SoKNKc+kDvl9LOjftW25Ate/5MtzNAI4G4AGhCXqy6aw0Dbjg0HasXq2Cmzbhg+COBNDUVif0g3VNnC6A1/lMIuP+59zP+38k1VCdWGt939G1sQtL7IvLWP02XdAOxS3UOo8HiB9VOig==
24UKq+Xwp4SoKNKc+kDvlyBTwbkbcVM8+TUpw1R9FhvENhw0TFbhTpNTYkw01IQN1H+H5Yd9wBhvg5LMHZSzzcce4O14nYiNn7bv7I11MDx/sIeR2QLE5UePSZM8K85+foyXxvjh2SWU08a0+jwsww==
24UKq+Xwp4SoKNKc+kDvl6vZZIfbJFKeaUavxf2r5sVy54DoxfxcyWwo/PWTPNJfCrC6O4BYB2k946J7KIal+fw8yQMsMfc70LR59yq1dPKFfQrYKQiXTH6NwWiUt3ddeTJi4NKvewHWVc14XrEeYg==
24UKq+Xwp4SoKNKc+kDvl0IzwCNHPe/dqgAvaqMUKcP6zd7RyO1HgTtcLL08HWO0ff89G722EYqUuU3y8f1atNMGOK/0NmaAQXGpfO7BpG4=
24UKq+Xwp4SoKNKc+kDvl0IzwCNHPe/dqgAvaqMUKcNiNl9QIeXu7oLxOA23B14/BaVVJNJCZ4qQ4Utr7gIha3kOrUzlN10a//Ry1XWKygmIWngpfiht9vTnX8F9Mg8kfGYarYjQuG26/bSelHuksg==
24UKq+Xwp4SoKNKc+kDvlyAIbY8vCm6QvGSL/c/kgmtT/wUho4JxdqFlW/aWmbepLe/x5teQl8RKB13Mkp7EzZ3eIl1NG6ZFMF7rYNZbyeU48d17FLuUfl5ma2P9PS8RbBg1kI0isVbTVw09tjlz0g==
24UKq+Xwp4SoKNKc+kDvl7IE8iaDBqiL+GdVYOWx8cvP1Zn9/2y1FuvyeUNOTW1dHtx8pxPefGO0YZTN0ukppefNMXPBcYeZnrF5uHsaGhTByX2cGHlCtGniDyz8rpVpU5qqTB39cyleJNCy2G3ZOQ==
24UKq+Xwp4SoKNKc+kDvl233B6G4n+/hArgk0dCrvnWt28PzyiWUjcqBtUwOfWkwsSbSidJCT+AhBTd+ecWOFbITSbAk3mUtahYQVtQcmDA=
24UKq+Xwp4SoKNKc+kDvl233B6G4n+/hArgk0dCrvnVk+irQtgyOHmViHtaACJz7UpzQPa/dhxEwv/ohLwPUepAFjbS+v4tFlJN1+QciFMn/LWDxQktjFfO5I8hRvBu5fRgEkrQOx2yqmXhpQZjuWg==
24UKq+Xwp4SoKNKc+kDvl2LsHVd4kQVkWfI+CEL69bmEBHaZBqWUvW3RowNEcaHRaqPmthPlbVlEqXkFzUCjaxDdMIE1W0rWih71G8lTCg9tjqjV3LO2UfmAdbBFIXljqsT863j7QZumHvJhbuDYFQ==
24UKq+Xwp4SoKNKc+kDvl2Tqe8dDlupu3hAldsO0qfqTvB1w2fIjQhUz3JLIikj+lHCGq8FxwTOG9f3tZJBtqClpWnJEVILXSRKrqiMoLTA=
24UKq+Xwp4SoKNKc+kDvl2Tqe8dDlupu3hAldsO0qfpZ8hhWRv+7tpntipV0vq8MluePohG27aGqq6P9Jqf6YXI08GCbe+JTiDDvn7X+CzkuCJ8wI4IPN1FSTeQp+kqUyPL8iTkIvhdIgXLfvnFAPw==
24UKq+Xwp4SoKNKc+kDvlz2b3LDtZ+yZoncsrzrXpcduDYIZ2EgzBeftJOREXOBv48ySxuPwuxMXgnDVpU0IHuFt89XLOPXIT7DF5g7sm4tQ39IcQfVfHLo4ONH0z5DNlw5Dn+5rPDtko67+erjS/A==
