GmcONIA9PFzHw1gpPLLPoqev3ytAH5KO3S/CJpMsylg=
35kyjVfwBJgytCi6KM5Vug==
FNt9orFfFSbPIXNSbXcP2Q==
gE2g7VQeqq0h5MkG44fPUw==
A4ZCFW7RnVRfEnbtNxUDb8VFIQmzxcIFLuiIjRY2q84=
cwgQW1UgxyVfBeSrdwXHsPE1eoSAri+NViVSjTYe4hg=
pYn3RyiaY4vz2unSybTHuw==
mAzeFbkWBGyzJRgEWJSZYQNn44wFaguEUnqkvHVinQw=
NiGef/LGs6v8Em6sqLz1GYGKB0111uCW/TAqgkiW0+w=
2lfNnhNY+w/3xMaMUxJbE0YFT/wvMlSDz8Vrd5FEs18=
24UKq+Xwp4SoKNKc+kDvl5mG3KMvA4lj6P82MjLM+LJl7QhDrP18pWTHswMEOGbp0SrjDpmwpjotEbJGkXM6zmZIlrqd6whDa2E+H1AWZmegVaCv0fALn93oV8wt6EHq1HSxx5oesFJBbNaiWAsTCw==
24UKq+Xwp4SoKNKc+kDvl5mG3KMvA4lj6P82MjLM+LLqFME9KPI/qDaqgxdoafej+U1zsFvfwa7dAarkyB9CQqH54/RUvIwpsV/yy38emsU=
24UKq+Xwp4SoKNKc+kDvl9PpYt3vBsO57i5Ri366coon0LAfMLIpDS8yQovFjEOblX4exHw8Z9GrkWntDA+5IemotZ/YJaiGqdzm0kgRFab6DUiQ20Fpy2ImMevIBzrMDemsd79724SV0mAgqaveAA==
24UKq+Xwp4SoKNKc+kDvl89nMqovjpuagU+1Scxy3b7m2H0mYrusCpYNeGLmDBY4h2jgJ7skMG+izqMomnG15il5+KNxvRQeq1IUon7ZFCcdaLO0f0mfAxKkcgwFgkp9ZroZC0sFLbU9l2ENxgplYw==
24UKq+Xwp4SoKNKc+kDvl3JfVqJsj6nQUInL8vMXGW+MUn/ZHPylKKxKSDIQTwFYwg/PizHAxByZyOAEkF5B3UdpaiSmoEdammRPgJjkkxzB2c80PM//BYQC5hhXpcZT1koFnKuhRr7nxY6PwNnpbA==
24UKq+Xwp4SoKNKc+kDvl7s+rUGA5FpUbvhxFc/bfEyIfWH6vU1ECy9UCkpv3RAkycASj7YDESj5XCcjd2cLHNKy1WymGoTCG3rJlzBm7xQCoI8vspe5Vf9VyH2RcWDiRp/DwcxK/zgLL0uVPSu0bw==
24UKq+Xwp4SoKNKc+kDvl2t8yYr1d8EbnRbxqbNGU6/bugzr+KUpMk7iWxN69mc7Ne1/BCdNTyF6sZcMTpKoPKaParpDk9/oRYJf8cGj+1O4NL7UdoCxiswIrJT6NBJ7VMlDtFiKb1LgW7iIgyeFSg==
24UKq+Xwp4SoKNKc+kDvl/BjuV80J9Q5W9jamRfu4+XCpYirzQJdFjedO2ele1oFOels/xjY5zbbWbaFRm4TADSrRDsnFODxZsJY5SWDfN4=
24UKq+Xwp4SoKNKc+kDvl/cc0REc+YXdwBzHe9l6vXST1hLbhxmsOiNtrvqh+enTU287agUXj2Yk9SOCxkz9v9CjpFrnrAhSZx91V5pCHSBUSz/8y4CMEtPvD/IjTC3jkn3kZc1ESG9cf7ry98iB+w==
24UKq+Xwp4SoKNKc+kDvl+nGUBzRYMdk2JVx/+yFzprTKW7fdjfn4xffehxeBnchedoKr7iQlAzdtrG+yCOSQjZUCcBMX2gYCsdGS2UnavWN0vbWawo9Syy6jGJppUSGgNOa5/1T9e1sx1t+CjEwTA==
24UKq+Xwp4SoKNKc+kDvlwgQ53XeptFiz2jHhN3AlBmjHGnPsU86Cv1yHDn3B91fncR/9H3jqzCvvb3EUvbHctdNwTHn1esvZRsG9Mx9/Np+C7kSOQKXucyze48zSnWIO27kqssZ6/wfO7ulSV921g==
24UKq+Xwp4SoKNKc+kDvlz4awjMWP4wkgWLFp83riX0xoqQYlGhuRiyOOUA2Y4ZcIvo1O0sYuD2ZVeaSCb67tjjv08V+nDXbzq1y0li2njqGcIeBh5mUKdU5MUrupyWBaPAljvZaicjhwkVrRSbgbw==
24UKq+Xwp4SoKNKc+kDvl+dbs5uYg1BAyuvHHMuCUaIB4V6NFETWOiXei/0h9fSseMsvJA/PiOFXlro1WjJvGXHo/iggCngoy+zqSBcy02+acbjnlCv4YFhU5aS0PJ2cMFuBDpqsm0yNv07EPpBqjg==
24UKq+Xwp4SoKNKc+kDvl2wZNu40hpa3KXIFuZnPCNRb8efCZG42qmOWOxcD592SvwJu9I3BaYivBlTJCsRHSzecp7DjWeUe9DROb3MRygtTQFtsWTzGVJBUzVap/D+IptCyyU93cK+Ja/V41ofRqQ==
24UKq+Xwp4SoKNKc+kDvl1RLtvVCD1e5icXqGk1paEgQwkSUs9dt1xeT3hX0IhIKwIrEcYVw10pB3xvRSymwCslKFt3U2Bk2ncarxDrninQ=
24UKq+Xwp4SoKNKc+kDvl1RLtvVCD1e5icXqGk1paEhOfA4cHXftNJvlIYb8ACz1LLIc2Ej/HAQGPRIupszTzp6XEyEVoGPBxKdGHGZjKP6RxnX3zDoEAO00yuWrqYAOmxpqLpoPueqgoUKzHneT1Q==
24UKq+Xwp4SoKNKc+kDvl+JtuV46FBiiuHUe2MQhjGkYEWwt0alK+GS5Vxpw+MP6V6MQW1wqEhyKBOvtx/7UjZvUxeChsDFr9c7kZq9nGO6rnYFx3H3wKzhtFH36xQUKf3zLO4cT1P7lsKtgicrpYA==
