GmcONIA9PFzHw1gpPLLPoqev3ytAH5KO3S/CJpMsylg=
35kyjVfwBJgytCi6KM5Vug==
FNt9orFfFSbPIXNSbXcP2Q==
gE2g7VQeqq0h5MkG44fPUw==
A4ZCFW7RnVRfEnbtNxUDb8VFIQmzxcIFLuiIjRY2q84=
cwgQW1UgxyVfBeSrdwXHsPE1eoSAri+NViVSjTYe4hg=
pYn3RyiaY4vz2unSybTHuw==
mAzeFbkWBGyzJRgEWJSZYQNn44wFaguEUnqkvHVinQw=
NiGef/LGs6v8Em6sqLz1GYGKB0111uCW/TAqgkiW0+w=
2lfNnhNY+w/3xMaMUxJbE0YFT/wvMlSDz8Vrd5FEs18=
24UKq+Xwp4SoKNKc+kDvl4LmpAQMGW7OZFUH8SeJjD+7MnxxD1r+qAMcMQsFvtkR1tOi3Cfn+t72xLIiTSMDTCM8MfumU1kvdglhL+NFH/o=
24UKq+Xwp4SoKNKc+kDvl4LmpAQMGW7OZFUH8SeJjD+AtAoEE9Pu4Pt9BaZDbt2BcY+Pp642s4igAwWg0xi8o34NlpFGT+PqXDRXczta+qMysKdzgqkjFo55zXQx0pSwjb+L96oUM/eGDBJmhokD1w==
24UKq+Xwp4SoKNKc+kDvlxco92ChTeyxrVo1TwWyb3PlEE6CzTPthd1XN+N0ZljZU7FAgtrr/76Yd27JoSIEeusPxH88jJY+LRLNPbsNDHPppGwzkCC339UwyqeL+ekN1o/Qo2fYZbSNCE51EU2H5w==
24UKq+Xwp4SoKNKc+kDvl1vWSyB4374sZsmXsRaxM0T4D53DROAqpBoVUwzZn/rzwWEEQ4rn5RftnfUlWnjMa5261FR8rC/o94HDkOy1OsUjT31t7RJAibx9wzvbktaaMIHcZdVNTMTPH8CLiQiqRw==
24UKq+Xwp4SoKNKc+kDvl4nz7yOyK44izLbbQtdPi7CT6yiHzcERXZNzW+4OBfdVSbGhX0PSqqt7TeWpy/fL7svaoNjuA0Os+aHIh+zGEIlzhrMQPdgXWOl+q3YG2zELRZJMU3c7sJayStW01Gpjiw==
24UKq+Xwp4SoKNKc+kDvlzm0qY6LGqRORqye5tYOnlUTAQILEaVFF+ezjqyrNCPZO30KoA2+LLz90NT9V0YLxT/rXB9g/1cAiuGzIuDad+bTYGNIt87nXj/2y4SQazM8nqvk3Pu60029DAwYzj86Zg==
24UKq+Xwp4SoKNKc+kDvl0xDnowBeDi7Wq4opOz1Jwe02jiGPFzxx8z+qUGrL4hnOaAkSqK5g2OEOhPFx3tFEdaywu00Zlln5Ty37qQaNNjSuYmZRbPXwyuheD1pSSG1GY7T8epWOFc71sYbQYyupg==
24UKq+Xwp4SoKNKc+kDvl3YtbuT+eXoyty+jINiHkFwJOOf33tNDkW1Yq2rd7m1DL1rP9yhnZQgr3E8+dvcU4zVSn0VV1k9krHx9VvUtd9B+U6qd9X/fnNVYirU5hPqkwvU2wEaZ8BGGVDmsEpNBIw==
24UKq+Xwp4SoKNKc+kDvl+MHNMA1bALuDj+7rbIWFPOJKhEP3uym7hj+NX2cz9MMlOZQnnT9mCdRNAL7asJuaiOfO2rIRn4Q5WQP2/peA9o=
24UKq+Xwp4SoKNKc+kDvl+MHNMA1bALuDj+7rbIWFPMGLT1Vin4JLsdht6Ag8xLrCgB8ScJrUKPFa00YTxHFBzK94VqHfN0LH/WAkD6lLzRXkgIOVBskzSVhpIcsnGo5Lu15rL8tAdV2fr5PrD7bvw==
24UKq+Xwp4SoKNKc+kDvl8qw1nelSC1dWw4OYVaMNhaXwjMjbx2WO5/LIEHT+DXlFjHRlqVemUYPudhWeb9TVvJoBztI4S7DxE0nb36HdGGdDgIp7+U0LL+GnfdIJIWGZotXUGegGcgNAFW8dWJn/Q==
24UKq+Xwp4SoKNKc+kDvl7VFxl/lO4Wj0srv7lAu0Q1Fj3AW5EtCLcBdqdQZ0gXzXJwv7N2S+BouQwzby81/k0oAJvg0zuYdg2uGVOf+WFY=
24UKq+Xwp4SoKNKc+kDvl7VFxl/lO4Wj0srv7lAu0Q2zX3j1V769oLdNW8Z9H2DyGKCKrpuv7qfgHlEwXqS9oFexYua/g5PHd7RRSUQfVXTECayKb9S9qyrnsX2UPjr7ZTAHIFHpz63ujAlVzFjTEQ==
24UKq+Xwp4SoKNKc+kDvlwEYFyr8/Vg3/MVJ1Tj0ZRjSeDYBei2EeGfPL1Xw9siOjl/vrTWlzELfkkmKv6YkSxxarwjMLfDorleR1+yc7UOkFlMZyj62WtKu4aBmmVOaLtCH9jQwmfUzTl/pgI8MmQ==
24UKq+Xwp4SoKNKc+kDvl4PQhIwl5WAEDTumWg0EtQBwSPt9lereVPV+HeoWd2earUvDTkZGh5ZzRpAtKJDR8cC/kqR/TpL1BWGEVkZiP+kvswdwH1JC7hRZKIRhNi/mv6DmMS0Ds4jDJ0oLUiPgYw==
24UKq+Xwp4SoKNKc+kDvl2RZ7boaIgwgc1NQMXAbMl4j3+DU7k+Q5zyGSVTDbdgOXfdShAUexULiIBHAAudy9qe6Y9fASmJq4Kh3x3FctTRl6YzwXsh6pI+t0aDoJWPG5F2HmcVr6UWqYF9X12iD+w==
24UKq+Xwp4SoKNKc+kDvlwHM3CqIP+JiAq2YbmqymCDnpcQvAUoJV9YE7grpehPe5nPtpWNTajbcxYtWVUWsl3Ea+FkdnllI8K6MdJRjQg6MCdUd+kC6x4dQy0DsMeDZKfObRyVb23h7Plnq4Wh7cg==
24UKq+Xwp4SoKNKc+kDvl4kWsgl+YOZHwpjbY5zxOuNl22RFH7SMTwR18xMJOvj4Vmg9kLq1nChTs6bFHSxlbmLy9d6FkFDUR7G3iwbaz8LtwljZCNAtT636uEBP1pUxMd3gY9AFEA+WmEo/eDnjiw==
24UKq+Xwp4SoKNKc+kDvl677CgshVuJL3uejtwrtkBTqpE2eRnib/6BKVG4Rk9PDXtejcunu8hjr0w3r3w8mGO4cMGdrKjyXTzOTzPuqCgE=
24UKq+Xwp4SoKNKc+kDvl677CgshVuJL3uejtwrtkBQih29SpXpgmTne9h36jWI8MueoO4H6OV9JdYD2isP+BHHoEetgceDwdVdgkTYgzurasATlzCIp4IHGcTxG/kloBG3CDCOUQqo8n2bwcgM1nA==
24UKq+Xwp4SoKNKc+kDvlxe11iwDOjE7Y2r75sfYWke/rhoso0T6PydGc4k69M4eaCnoWr+9NAXVNgRDC+XRopoy9MXYwAkWSX6qadZ5vOmMaokMnf5b0rPmoLwSb1W0Z9UAwsHryuw+xLeQqNC71g==
24UKq+Xwp4SoKNKc+kDvl+Fj2yEhPSsWWLEgGcufEHPwGoj+USkIh3M1PU/ixQZm2649ZIcuFQKjd6CLeF/pRJKoNJLscBizoyY+3hBbG98oF5iZYZnQMSsXo0wMIVyU9HUrEHrCq/xAcoR0XlnmBg==
24UKq+Xwp4SoKNKc+kDvlwqK2tAp08sNLPhfPDlFt737w/tB7qYnmpfgc3exVZGcVL68WdlE6zGMN06Sd19lfX6cuC8HUhOpb/ZSqNRot5wn70+A7VZgooVjEixNfhqS+UBWwJBmIkjn/3FbXK+iDw==
24UKq+Xwp4SoKNKc+kDvl0TX8Lt/n0khEMqRNPe+pCeTABidJzQQenTCY/fSqL1Ff++sdNcziASEUJNRDyWw7k1MOUk3pJZUnh7DIqu7ur2EZk1E261hArqqt55vdf78+8czBonykeGppo6JYd6SAg==
24UKq+Xwp4SoKNKc+kDvl/uFyg/2UnGyp5Zkvypl/97OTXt1T9KkmW+37ZF7vhdA/fhl3Eo3AWFZYKyzyPm3a6gB2eZEbDPngAGpa8v0gh1rOCF2yRNGLYzj8MsabaJ8UvTxeFAL4qnPosn3n3jR7A==
24UKq+Xwp4SoKNKc+kDvl8+Smpo27M0w5dIUzX1n2nXrt4g18BO87dvBdgXOm9W66IWg3NMZIuJL43OeEJGB8LwyuxfIJMwVq9b6tciBHcI=
24UKq+Xwp4SoKNKc+kDvl8+Smpo27M0w5dIUzX1n2nWPObqAR013L0UdXwKCKY+ik2S5veqztVuE6HmxZG8bpKNQhGAE1LTrFA8SeIyl3LW9PuysJBIp+clToGFgmtbVNMGQPAW56ynYm8l1G7o/hg==
24UKq+Xwp4SoKNKc+kDvl/TEj3emfEBlAODx+KpTpajXhyCz0twkYss7Ec0RWlYCGYwnh+DlkKPNWD4lh8zvGg+bd+Hpf/j2vmQqGAltbyVVn9uLNrqfJmHZCMHN4gdny/tyAsA1L5rL7OMlsLhkpg==
24UKq+Xwp4SoKNKc+kDvl2jTa6ZwZQgGo91YgCyWdc7OIhvzzXhEY80yoa3kTdShHWiMs/yePC2A2HJucJWR4qUQ56sENZ+hhgbDH3N3qEk=
24UKq+Xwp4SoKNKc+kDvl2jTa6ZwZQgGo91YgCyWdc7o7nOzFjJDh9BZgQPV6w5kte6JGVbmJaNqeZftxvBSBRCKaHmG7XN+zI9BR5cg1U6WWAzNEtbAeD+17ZBlXrdonp30lvxK8nUxqhwFBIY5sQ==
24UKq+Xwp4SoKNKc+kDvl9NWyopvzttkgth1eOsldz6fQsoKJO4ydStt9Uvmp+9/sLrgeHSj3CNSCq5GmjumULvQv551tOkk7YUCLzaRT2b9rmKYFcuwJI0CQ5qiG3FkXiPgmh4zhRiIH2TWDVSSAQ==
24UKq+Xwp4SoKNKc+kDvl7EZK1dNycDQCZW+GoSz6dwJ3G2MLJ4DkSSzDmoGIg6tqJs0V0aRXnUQYjkLwy/eoGCcEkIwNtJiau7l4WFPp50=
24UKq+Xwp4SoKNKc+kDvl7EZK1dNycDQCZW+GoSz6dzD7GQJ0q9LkxCh4qeAgfA59SJgYlqmnB387Rmf1EvF+NPca2eqhUrEmYLIIutzvQs6QQK7GQK2xCu6slwF5qD5koMel5o8GrQmXnW06hjL1A==
24UKq+Xwp4SoKNKc+kDvly9WwjPMZBRVYtNYfDqVGe26ZFALvRnhSGc1Qx3tfU2614bFl73OboOn52oG1+inFzkdYDoZnIzdW3+6e54ns4M0ALFfHpLeBoQOyWdIvdrcBKTP/yAiQ1dEdckaL52u1w==
24UKq+Xwp4SoKNKc+kDvlxR7dJ5/nfNoHpmtJV8I/1rBK8PkvWMK8iIlKPtK0FdP/EyZPs3nqzxgTvy/rOxjAtw45ZrkuYk3EDH7AF4/CFU=
24UKq+Xwp4SoKNKc+kDvlxR7dJ5/nfNoHpmtJV8I/1qhEVEqbsRLn6+pIhFnKBwKwlaUpeka2uO6+LyTwwkeccWZXY+L5ItI39aqfkMJpxvLQeIDUh/SgmnEThfhYwqUyXpMf/b1iInZWBtOX1ARyw==
24UKq+Xwp4SoKNKc+kDvlz3UKto8X3+bOqAY+jsNaOd520Nb7tBh12B67NHbUJBPiyRsGmfy6WFrQRyAcv606ulhyDrjDuU8DtLvgFCDmgT21Vmw6DXw9TMvhmF1F4eEIh21oJBr7SnbLelDKsG6zw==
24UKq+Xwp4SoKNKc+kDvl2zbVk8CYA87tIXnh6q1q8FYeuG3BAOXNb/x8S/ddQTNC9fAhUQuzCUa92d0CQRpET+kqW6URBp5DF85w6qvNYSpUu4aqHHbN0mb/jKthFTPHpqQNkPrLGhEbDnR/WckBg==
24UKq+Xwp4SoKNKc+kDvl2zbVk8CYA87tIXnh6q1q8E60c3oLFdH2H0qTGm55ifh0xAC56raC3dOzUnVZ54lDPk4+Zf5E2/BhGygChwdzMk=
24UKq+Xwp4SoKNKc+kDvl/96YGqzYEMKOqlhcgXC0qr3NPmCb/nVnvN8NlwYO2iGo32kdsshNqU533QaRW3Oyw5OLJPVxTOumFiOBgQsrG0F8ARwsZr+0LV4K6mjlfHN0neHKhb6jsNFU4elAIg4mg==
