GmcONIA9PFzHw1gpPLLPoqev3ytAH5KO3S/CJpMsylg=
35kyjVfwBJgytCi6KM5Vug==
FNt9orFfFSbPIXNSbXcP2Q==
gE2g7VQeqq0h5MkG44fPUw==
A4ZCFW7RnVRfEnbtNxUDb8VFIQmzxcIFLuiIjRY2q84=
cwgQW1UgxyVfBeSrdwXHsPE1eoSAri+NViVSjTYe4hg=
pYn3RyiaY4vz2unSybTHuw==
mAzeFbkWBGyzJRgEWJSZYQNn44wFaguEUnqkvHVinQw=
NiGef/LGs6v8Em6sqLz1GYGKB0111uCW/TAqgkiW0+w=
2lfNnhNY+w/3xMaMUxJbE0YFT/wvMlSDz8Vrd5FEs18=
24UKq+Xwp4SoKNKc+kDvl+jRYeQsTBgHdj6tVCFg4LrVuanOyqlMmlY6zgcIzMDY59y4SDPLePRmI8RcZXbKtrt01S54zBeserUMWHoad3c=
24UKq+Xwp4SoKNKc+kDvl+jRYeQsTBgHdj6tVCFg4Lo45mST7jtckPBmy2Nq2FydxxCflHZD+k++sMgw1/1QW0Y+NQdVDyWgHMrpI79P16kNi9As4xKjSNY9PYKdqU7S57IgaMoKgXZaitbqk1YQjQ==
24UKq+Xwp4SoKNKc+kDvl5bNyUwjlA9lx4zrB+WWZQ7zNB+VfhFo0X8Pvw0IE8L+Ydu3STKiFVovZLkUYIvpXA592nkq9GzRd0Dzk9h3ez54dQAIGTEDWvg0DIPDhIq03KzluzwRToTdxQhYfMgg7Q==
24UKq+Xwp4SoKNKc+kDvlycVwNa26F3hcJLwPhf5btEdM2dyYOlX4etxlcqWCm44SYRC4YvKpGQbqtiFcOb9Vem89qDpynni+i9z0KB7Ao4FF333RmRQzOiY+PNM84ifJ9BS6palxDfdIYRNaeRjGA==
24UKq+Xwp4SoKNKc+kDvl/kn8URODgcoaIl2wtJnoEdeYS/ZrQNhDdmG+eTZJgK1OKDIiEBet4I5zMUoCG906NmRTKue2bd3bDhKFXHlEnWboA/Lh8SEiM4/5h4b3Ud183bfixn2GByUVJ70E0Ja4w==
24UKq+Xwp4SoKNKc+kDvl8NeQhmUC5ONfRqNqiliPZhLgGxbbQSJhcPU2az8Gl0u6VzOt+FfJe05a24NeKDOJ0RuMq28LnMoA15nmO0C8aE=
24UKq+Xwp4SoKNKc+kDvl8NeQhmUC5ONfRqNqiliPZgkgo5ZUR1Dr3RCvBTKYmmcDLTG56vcKPdVgrSgO+r1A2hd+F5jp3+ihs+yLvkF0+1+jRNQ/dK91Z0pZz6R2oFHPYw7/SrAPcS2IegwMwW+Ww==
24UKq+Xwp4SoKNKc+kDvl646XvKu7ApbGhieVRg4DN5uiKe+gEn7MSIVZUGNnG1noyNvgZ5CrW0etkZ1+PHJhxRdD3C3Cf7zh+N/mQYgfUbbkJmtmcQW65imjnvyfyOMuK4SlKNu9zjMac8z7s6DoQ==
24UKq+Xwp4SoKNKc+kDvl37RlJ3B1k5xb6nGSBqUe+MlL/+IGxWCYlyhhEEprw+B3KWzxjCCUFzZDhlmHOX0XyPGYHu96foFnF6qhbK1X6U1lL71IPkVMsHEA15VLSC84qVJi3HNXM+t2UvdHnu8jw==
24UKq+Xwp4SoKNKc+kDvlxYOVwCogPeF+0ybSBSNd358doT+mNAyZOpMZ1XdYRtmAdv3ivzuLjR1Y9rYM/FYjNlnDAw0j1I/LKwV875Ku4U=
24UKq+Xwp4SoKNKc+kDvlxYOVwCogPeF+0ybSBSNd36t21HAvIrC5x2SYn979pPjpX73vAzZnLLBlIP9HSGDHiMYyofGx3Ff9PVVefqbN7Pj+DW2NxNczgWTCqTDsIHE68HLdVmy/nU3hIFG5LSPRg==
24UKq+Xwp4SoKNKc+kDvl7ubMQLtr39bGLAgWonCTAlN2NA3S0fpgWazd3kSgZw0Z91KamBGCtWCcP/EYJ50sEeH0ojzLp9BMy91nYQN3v8yF1Dt5t+b0NcQtRFt+Kfq8eOt7gcvOzivTtjPApiwqw==
24UKq+Xwp4SoKNKc+kDvl5WhFC0Pa5uHAdgE04IsT09/q0G7bP4dhyfTogY4Qo2heI1mWnv2k1JuiUc4fAVM3hJbkLPbP5zuaLLccrw7Eds=
24UKq+Xwp4SoKNKc+kDvl5WhFC0Pa5uHAdgE04IsT0+1nJAlSkQaB7SzAgCgitGObNXg0xVpsYQe3fJ44NmsNkTag2wkY56On/FWfTg0gwtrhQcBiJ79h23n4Og8f3nukyNNGaSPwMtvlgP2WpvQaw==
24UKq+Xwp4SoKNKc+kDvl0ZHwSMHfUuc9A9UCZXXCpEGU3rGfI84tzElBg9yAStjMrTWEAUj4lt2REuKPYUYFvGnqTtzui7cHUMzhhgCSD+cW4RcGZEDy6WhgZxIyRoadbozfxglctD/vZBC2Xb4SA==
24UKq+Xwp4SoKNKc+kDvl0pSnI0wV7kj8eJytzJYaaGAo+V4HMaxYqF7a2xwgs467nJUiNXR40BG5gYLvTNlMinYg2uLTnuHyWJCoa21NYxt4N8XkKdfMIlrQr4G44j8xi0zd4EwhlzbzeifOYl8RA==
24UKq+Xwp4SoKNKc+kDvl3nHrU50hCszxPJoUtjPAn/x7lHsnv1Xwux1tnOQN9jj2Qq+xHGQTmrj1JXOAYVGtEjTust+P3DHJfNZRfwyfazixfI2F2l3HalN3kuZRrB6OlHbm7UUhYk8YYDW+GvWwQ==
24UKq+Xwp4SoKNKc+kDvlxpXwvYS8DhyVFEHzjiDZPoGm/RjtG/Aol3i90wL3r7kOcNMWp1KX2wpjAWLBs7aCJkvk1trv6zJOGEGIKMYih8RR1LCBRWqFpWHu98UuZfApmjoJq2yHJp2g7T2k7+FuA==
24UKq+Xwp4SoKNKc+kDvl/HHDw5+Tfkwla0OA3V8d1q4nD6yiY8luuSIt064d4tbZCncgA2tU2aBQzhC1fttJfb0wTRQoOTrZUtGV1jUYi5Bf5/OJ0EdyTHN8lQjUPll1MNxEUYlA0EtMZsYlEzomQ==
24UKq+Xwp4SoKNKc+kDvl+mZAoCshCCzvYcPejZRGVxXOdyDP+HlAHdpkLC63j2ZNnxcjqa9DvxGM5rz6VEJgcxEEh3Y0UbyW+eU/31R4fEqoj/Hm7N0moqVNyvIJ8irbIoQHNdD7MdcJb471Wnw1A==
24UKq+Xwp4SoKNKc+kDvl9SkoYyk3GC+pNCBgtgFz6T7dSlRDKH6sA2YI2RBhNBqlf5IGsxUe2KcOOHnqedk7yzR+S6RUTDT9C2sFk94MjYFxhQFsKlgzuZ5mM4D/QmQEAiJ67R7v1Fvq11JJwArVQ==
24UKq+Xwp4SoKNKc+kDvl4gy8lAlzIhnz+Qfn8ybC7yR4wax5kdR8har7PthUrAC9GwZtwEVhr0Q2jgcXu9pkYe/PxS1sfn9gkR6e42V7KNW/8TcxJA3wdSHnNS99/wzRljzpZfJmvBI6IfzkOCReQ==
