GmcONIA9PFzHw1gpPLLPoqev3ytAH5KO3S/CJpMsylg=
35kyjVfwBJgytCi6KM5Vug==
FNt9orFfFSbPIXNSbXcP2Q==
gE2g7VQeqq0h5MkG44fPUw==
ExPkcbYFeYs2lHSAMsaJBjIbQm7FWZ8YCSkKK1z2aPs=
cwgQW1UgxyVfBeSrdwXHsPE1eoSAri+NViVSjTYe4hg=
pYn3RyiaY4vz2unSybTHuw==
mAzeFbkWBGyzJRgEWJSZYQNn44wFaguEUnqkvHVinQw=
NiGef/LGs6v8Em6sqLz1GYGKB0111uCW/TAqgkiW0+w=
2lfNnhNY+w/3xMaMUxJbE0YFT/wvMlSDz8Vrd5FEs18=
zwj6HK6AJJczcOUcCWFK3VbSGA/O3y9wmrg6+UxvddQbX6rfaWkqbV9haGggKhbi+re1rgXr2GStMTVkA9EHUhX32ikcPkEFda2HbfKgW6YwG8KX/4I4TrxlTsZ4hCPUSF4hCg/cZ0CGODeX5cSqiw==
zwj6HK6AJJczcOUcCWFK3VbSGA/O3y9wmrg6+UxvddQbX6rfaWkqbV9haGggKhbi+UoJZxJPgM3bRLnw86XAuK2ZskmdfJ1uma1iwHyt8Oc=
zwj6HK6AJJczcOUcCWFK3VbSGA/O3y9wmrg6+UxvddTUBxKi/mYpftUVHtsYpmRxIPlcnOPtch3eav46IO5KFAly80SKA5L0tr51PWyhZCZ//qSJvkhOCYspq33OURPewdwqPSNXhGBllu19UZ8EvA==
zwj6HK6AJJczcOUcCWFK3VbSGA/O3y9wmrg6+UxvddTUBxKi/mYpftUVHtsYpmRxUibSp8DLSDYMV5vD6/rqoH6QudunsT8dW7Vbm/UPneQ=
zwj6HK6AJJczcOUcCWFK3VbSGA/O3y9wmrg6+UxvddRzph7S9p9WWQWn1gMM0jotivWunGDv3hnvH99iYicbLaYeCNOE2Puwdd76k4kPT4+TsvVK9MwhxZxujWT4zavG5M1ni5iDtaXtRdWQ/2ibWw==
zwj6HK6AJJczcOUcCWFK3VbSGA/O3y9wmrg6+UxvddRzph7S9p9WWQWn1gMM0jott9ED12rrxKSejjsk77gf3ua/ZOXmYSgZ4IVhYtoQ5Mk=
zwj6HK6AJJczcOUcCWFK3VbSGA/O3y9wmrg6+UxvddQzsel1cAl7o2kz1lY2rpvLCmy5VDO7Y83XMN1+zxg66CINju+YhhXpXgqnrrViPLE2hM30mRHLQwXzBThiyZvFvBqbUSFH/t0mS90/S1+VAQ==
zwj6HK6AJJczcOUcCWFK3VbSGA/O3y9wmrg6+UxvddQzsel1cAl7o2kz1lY2rpvLzzBSLkR4t1f1p1wfDUkreA800etZ7VferErXhRndIQI=
zwj6HK6AJJczcOUcCWFK3VbSGA/O3y9wmrg6+UxvddRQdTo5/Valec9g/vW5C30QaL726rYAk3xyKKCAXYhItQaezNMLIskmMInmZ7nKyaE2iGXr6iKRh57klJQYIb1wKlRG860dOgeOqlPlU+P4dg==
zwj6HK6AJJczcOUcCWFK3VbSGA/O3y9wmrg6+UxvddRQdTo5/Valec9g/vW5C30Q0Dj6f+t1C37tksgzJwGqh5E9lAeaA7A8L4ksDyqhILE=
zwj6HK6AJJczcOUcCWFK3VbSGA/O3y9wmrg6+UxvddQy6VmhmtRtdcFlGLc3QWsE0V9iXSiBPGoSEkFXZ73btSPjyyZnvfZiLs3Ia53fu4uPYRComZnZM5HasXSziAfaJiLoLRQyn7LOdbUmnJE7SA==
zwj6HK6AJJczcOUcCWFK3VbSGA/O3y9wmrg6+UxvddQy6VmhmtRtdcFlGLc3QWsEQQqi5VeLYUCFMYDTatIg0khPYeYCtSVuLPxEX/BsNQI=
