GmcONIA9PFzHw1gpPLLPoqev3ytAH5KO3S/CJpMsylg=
35kyjVfwBJgytCi6KM5Vug==
FNt9orFfFSbPIXNSbXcP2Q==
gE2g7VQeqq0h5MkG44fPUw==
A4ZCFW7RnVRfEnbtNxUDb8VFIQmzxcIFLuiIjRY2q84=
cwgQW1UgxyVfBeSrdwXHsPE1eoSAri+NViVSjTYe4hg=
pYn3RyiaY4vz2unSybTHuw==
mAzeFbkWBGyzJRgEWJSZYQNn44wFaguEUnqkvHVinQw=
NiGef/LGs6v8Em6sqLz1GYGKB0111uCW/TAqgkiW0+w=
2lfNnhNY+w/3xMaMUxJbE0YFT/wvMlSDz8Vrd5FEs18=
zwj6HK6AJJczcOUcCWFK3VbSGA/O3y9wmrg6+UxvddSUVahJA8HMyiKvOKRNHw++wImyb3QUdYgVSVbRe1XN0ITmPeekh4J+5+w1L0sw5jRhBiiYYAS6GEg6qzGppyz0utm3BSctG5UkhuZvQN6LKQ==
zwj6HK6AJJczcOUcCWFK3VbSGA/O3y9wmrg6+UxvddSUVahJA8HMyiKvOKRNHw++txakooZrBp40bLM8QU9IEKAjESz7dL1hpDb+ZTYnc34=
zwj6HK6AJJczcOUcCWFK3VbSGA/O3y9wmrg6+UxvddTa8veNvl2+G6vbs8ycAZjnqWkOAc6/K6GvamTlCMJbwdOsnRISIoU1/J08CDzWJeByo/t4uZDN0qG4tUaWZZmivH+0eM3WKR8TOZhZ1jeV8g==
zwj6HK6AJJczcOUcCWFK3VbSGA/O3y9wmrg6+UxvddTa8veNvl2+G6vbs8ycAZjnBuHjrkk7/dFviX5BgTllC8+9Mabe3i80kERJL3wUbss=
zwj6HK6AJJczcOUcCWFK3VbSGA/O3y9wmrg6+UxvddShQQLHXkvFX4VItFY2I0g6GaCQC54eVnKwxY5tXBUxNnlyMCCzNQTjGIniN0oAtQYxWt5Oa8kdwrZMCoe2YgglJKbbS0CSedVV6aBIr80QLQ==
zwj6HK6AJJczcOUcCWFK3VbSGA/O3y9wmrg6+UxvddShQQLHXkvFX4VItFY2I0g6rdsilJL1cPpK2e7r8ey261QWEizLa2QhKfU4r4NnuB8=
zwj6HK6AJJczcOUcCWFK3VbSGA/O3y9wmrg6+UxvddT7kYrYBi4UR/EbReU1BstJQZDgLqs92kSsB1sHpAKSRFTGXzJEFp6WSWchpEWe19C2Y+DWH41njMFmXGYyj+LA0co6uiliGp+YbIEudHZKQA==
zwj6HK6AJJczcOUcCWFK3VbSGA/O3y9wmrg6+UxvddT7kYrYBi4UR/EbReU1BstJmO5c6kM6sB7NBAp/Ss0d0kgIJ3AMvst+M9Beb0VVzcE=
zwj6HK6AJJczcOUcCWFK3VbSGA/O3y9wmrg6+UxvddRoQRPH6j/3nHQHSA+erSnv1NPRH7qDeEMqwADTzGUvCf+7luhP1W6PCRaGpV4JAjPklAadicnITwnuSVw7CxG6TFlTqB7Y/eAaQoCFzfp/Dw==
zwj6HK6AJJczcOUcCWFK3VbSGA/O3y9wmrg6+UxvddRoQRPH6j/3nHQHSA+erSnvPjeh/JT8BsXErnHRJRz3YG4q6zmfm6mMI6D9j9uUGXI=
zwj6HK6AJJczcOUcCWFK3VbSGA/O3y9wmrg6+UxvddTzaIai+e+8oD9EfrGsnZHzLn5UB7Dwg75Nj1I2g9gUJN+Gju9jvnvUWPdj0Lghb8KMcLu67F4syfS/lRt/iQtTSp98Nf5p91iCl/nWtMwriQ==
zwj6HK6AJJczcOUcCWFK3VbSGA/O3y9wmrg6+UxvddTzaIai+e+8oD9EfrGsnZHz/nTkiPkdZ0VY4bYnFfCItbmo61CK2W0Ss1oESr5+/JU=
zwj6HK6AJJczcOUcCWFK3VbSGA/O3y9wmrg6+UxvddQGQi7YucnV/noFXzTWULIyivBVJqa8BOiiDTCt0q2wg5GkSPY9+WbEnaOMgDwLFBHjFGvz/WjjxoX8JUpCGiuWlJl/r9y0aH/0qwHu1BmhsA==
zwj6HK6AJJczcOUcCWFK3VbSGA/O3y9wmrg6+UxvddQGQi7YucnV/noFXzTWULIyzKgHiHc3ra4VMac4XgX49pkpDlgjupweNkHbxEVHm7A=
zwj6HK6AJJczcOUcCWFK3VbSGA/O3y9wmrg6+UxvddQO2apKrK43RBhHenDNmK9zdJO6wV781fOUG3g7mzJtrkYPG4FD+a+7CjkNr2BxYH6KHwMwn0w178nMaNQFD7kAe30U4w+zz7QJrsS3uhbmig==
zwj6HK6AJJczcOUcCWFK3VbSGA/O3y9wmrg6+UxvddQO2apKrK43RBhHenDNmK9zYvbI1uVvRXzMs9yixO1rOi/Ep1e5wpnZNtVSWhzDTG4=
