GmcONIA9PFzHw1gpPLLPoqev3ytAH5KO3S/CJpMsylg=
35kyjVfwBJgytCi6KM5Vug==
FNt9orFfFSbPIXNSbXcP2Q==
gE2g7VQeqq0h5MkG44fPUw==
A4ZCFW7RnVRfEnbtNxUDb8VFIQmzxcIFLuiIjRY2q84=
cwgQW1UgxyVfBeSrdwXHsPE1eoSAri+NViVSjTYe4hg=
pYn3RyiaY4vz2unSybTHuw==
mAzeFbkWBGyzJRgEWJSZYQNn44wFaguEUnqkvHVinQw=
NiGef/LGs6v8Em6sqLz1GYGKB0111uCW/TAqgkiW0+w=
2lfNnhNY+w/3xMaMUxJbE0YFT/wvMlSDz8Vrd5FEs18=
zwj6HK6AJJczcOUcCWFK3TkTqu5U6bIYFk/L3EwonlBxsoM1MragboSx8081CIT6y5m6/Wf7nB9swfyG3Sv8gfW3QGChpbcwGqYWWwlebfPs/aCqLpaSOwH5oBY4lfWo0XC8nT0iGNRDHBXOhnFFOg==
zwj6HK6AJJczcOUcCWFK3TkTqu5U6bIYFk/L3EwonlBxsoM1MragboSx8081CIT6P5f+C2pjII1urKl3W1Idemn+GnKWSffcVuJSZ3DI9V8=
zwj6HK6AJJczcOUcCWFK3TkTqu5U6bIYFk/L3EwonlBES1BzOBClmsVADEewGkJbdMjuwrilYFC8B8LUFyEwnL51m7igyb/9UKwWP53+E5dZUgJ39ms0s8h0mlT315bE/ACMpxq8/xyzKYizDox4ig==
zwj6HK6AJJczcOUcCWFK3TkTqu5U6bIYFk/L3EwonlBES1BzOBClmsVADEewGkJbaYmUYjoMEIZrF/ubRxAj5DU8jQrpR+Hexi38QE4V+I8=
zwj6HK6AJJczcOUcCWFK3TkTqu5U6bIYFk/L3EwonlCTOiMj1e8Hj0pG9Q6W7RZYcxWt5jtjMmXRVVQAYd4qvkqV2NGpdvyE7ld9sq7aNTdovEJqTYiJYwnkpVk27koPGunqGuzmCaIVuG/vgkBw+Q==
zwj6HK6AJJczcOUcCWFK3TkTqu5U6bIYFk/L3EwonlCTOiMj1e8Hj0pG9Q6W7RZYb4a1BPP+BgN8WVnzvLRAkPcZD9DZNTK1t84X9k08g2s=
zwj6HK6AJJczcOUcCWFK3VbSGA/O3y9wmrg6+UxvddQ+INEEOS+JtavwF2JZ5Kxhrnu8SNihuonsgUWybcyxEarWnxolJc3xm1FntqJQAifjQ+tKMaomMwMKjXDPFWiO1Tq8R83ivcU+m/8qau84Ow==
zwj6HK6AJJczcOUcCWFK3VbSGA/O3y9wmrg6+UxvddQ+INEEOS+JtavwF2JZ5KxhHzszy31m7wsjGlzGHkb38r58qLgQl/1EXMlRFEz5Q/M=
zwj6HK6AJJczcOUcCWFK3VbSGA/O3y9wmrg6+UxvddSYAROmhM4wAc0CTliarX6S10KXYOTrBk6iLRybKldN+y4ltKaHilYDcUx8H3o4a7rqKo74U4OQFeNKYOarhOY500S+rh8M0jPit8HvojrQZw==
zwj6HK6AJJczcOUcCWFK3VbSGA/O3y9wmrg6+UxvddSYAROmhM4wAc0CTliarX6SOLUZxu5uxW2K1TtNitBfqyy7e6F5bYY8KLYqpxV5GaI=
zwj6HK6AJJczcOUcCWFK3VbSGA/O3y9wmrg6+UxvddTuk476FG4JFamnshebkMBEpXGBRtfImoChV57B3XGb1MS6EqWruJiIUR+8AJE7z/8pC6PcER7gXj3H/J8IlUOQ169obfMxO7zRC20YcIz4Ww==
zwj6HK6AJJczcOUcCWFK3VbSGA/O3y9wmrg6+UxvddTuk476FG4JFamnshebkMBENzGD9tfNBDCQHhgSfI4cqbHuHVd+rRHeoZFALhA7C9o=
