GmcONIA9PFzHw1gpPLLPoqev3ytAH5KO3S/CJpMsylg=
35kyjVfwBJgytCi6KM5Vug==
FNt9orFfFSbPIXNSbXcP2Q==
gE2g7VQeqq0h5MkG44fPUw==
A4ZCFW7RnVRfEnbtNxUDb8VFIQmzxcIFLuiIjRY2q84=
cwgQW1UgxyVfBeSrdwXHsPE1eoSAri+NViVSjTYe4hg=
pYn3RyiaY4vz2unSybTHuw==
mAzeFbkWBGyzJRgEWJSZYQNn44wFaguEUnqkvHVinQw=
NiGef/LGs6v8Em6sqLz1GYGKB0111uCW/TAqgkiW0+w=
2lfNnhNY+w/3xMaMUxJbE0YFT/wvMlSDz8Vrd5FEs18=
ZESfM45gWVY82TlnnX8G8dfYsBuSVPAShiqD7dJ544oMWgnez8dZqycpUMCy2ugDycR7d5F88/baDXyCumegnvSEENi5AxAhK1XIqZqv5nI=
ZESfM45gWVY82TlnnX8G8dfYsBuSVPAShiqD7dJ544oMWgnez8dZqycpUMCy2ugDEZs+AjnfDFbqXfdIpnfC8x1zlq3Q3DsMyhSmFhnIPBQ=
ZESfM45gWVY82TlnnX8G8dfYsBuSVPAShiqD7dJ544oMWgnez8dZqycpUMCy2ugDEXpzsFh0lktZ973vQjv2ufUkJE3DCTFiygfiH1Yx7Pk=
ZESfM45gWVY82TlnnX8G8dfYsBuSVPAShiqD7dJ544rjVSW4IXftoL+GO94LN9F2dF2jdlGlKIuO0qyMwHL5vrP5VC9XvrbYf+ayqtSDFOo=
ZESfM45gWVY82TlnnX8G8dfYsBuSVPAShiqD7dJ544rjVSW4IXftoL+GO94LN9F2kn/MG5nDsFOvQ2Q1dZICEWkHvxh7/7mCjBllaRjQ7Xg=
ZESfM45gWVY82TlnnX8G8dfYsBuSVPAShiqD7dJ544rjVSW4IXftoL+GO94LN9F2j42xBT3JNAeYIEiiZamTKilX+dzCUFXYGxHz2Te0d+U=
ZESfM45gWVY82TlnnX8G8dfYsBuSVPAShiqD7dJ544rjVSW4IXftoL+GO94LN9F29OO9WcHCpwD7ucHHQWjnreNCDbniqbcZGGZXkhYaHko=
ZESfM45gWVY82TlnnX8G8dfYsBuSVPAShiqD7dJ544rjVSW4IXftoL+GO94LN9F2Hmx5C8HyLrqx7n4TsPNz8XjTzQczYFt7T4BEAFODSpo=
ZESfM45gWVY82TlnnX8G8dfYsBuSVPAShiqD7dJ544rjVSW4IXftoL+GO94LN9F25mmLajj51BoUmXkj+zVXLzMhvfv0yeml6d3K8zQ1UhA=
ZESfM45gWVY82TlnnX8G8dfYsBuSVPAShiqD7dJ544rjVSW4IXftoL+GO94LN9F2gXC375RTtVzwVNOW0PFG8DJf5RNYczD5OELm9E79I84=
ZESfM45gWVY82TlnnX8G8dfYsBuSVPAShiqD7dJ544rjVSW4IXftoL+GO94LN9F2nPysM9pnnkuuZiQU37BRYYxUGE54q7UN4VR78mWVC+s=
ZESfM45gWVY82TlnnX8G8dfYsBuSVPAShiqD7dJ544rjVSW4IXftoL+GO94LN9F2nkA6UEKmQIrwqtUoHzNOzKZ14TzAq8ytbJ8jPGbOkPE=
ZESfM45gWVY82TlnnX8G8dfYsBuSVPAShiqD7dJ544rjVSW4IXftoL+GO94LN9F2Y3u7PDG5aJIdCc+aStaBLPfbiS2nrcYq8RtFuo4orks=
ZESfM45gWVY82TlnnX8G8dfYsBuSVPAShiqD7dJ544rjVSW4IXftoL+GO94LN9F28SZfM9tgedv30VOtguXAA4Ph9+IAeAXOoEUKGJy74kQ=
ZESfM45gWVY82TlnnX8G8dfYsBuSVPAShiqD7dJ544plmHWCg86q2c44r4NWNDlPqZYYMHnV8nJlhrZwfC8AkvItJzPCCJNmgMQZ5aJZJEI=
ZESfM45gWVY82TlnnX8G8dfYsBuSVPAShiqD7dJ544plmHWCg86q2c44r4NWNDlPWFwWD7b51CciNUw8sEnAX/mu5NwzuW8VaTVhjSpuazk=
ZESfM45gWVY82TlnnX8G8dfYsBuSVPAShiqD7dJ544plmHWCg86q2c44r4NWNDlPT6epuhAnLQl3l3tyoif6xmE7wrLSv+Ab8mlnQS3HyCY=
ZESfM45gWVY82TlnnX8G8dfYsBuSVPAShiqD7dJ544plmHWCg86q2c44r4NWNDlPAfX7ejLL3d6tPsarUf50kwDvti/xe19OdiZYYduG4BQ=
ZESfM45gWVY82TlnnX8G8dfYsBuSVPAShiqD7dJ544plmHWCg86q2c44r4NWNDlPnwjkSYntcYYD+1ZZOLiotBFDaHGhL7nfiq/Vw8Br48k=
ZESfM45gWVY82TlnnX8G8dfYsBuSVPAShiqD7dJ544plmHWCg86q2c44r4NWNDlPGoSC5XjS3T6tp5F3P+oZP7LiKmfQqZiNPuOMkd3qLZw=
ZESfM45gWVY82TlnnX8G8dfYsBuSVPAShiqD7dJ544plmHWCg86q2c44r4NWNDlPwtFrvSdUMzV0Hzc+4J4R+BLq9uequf28yA59gHjkz10=
ZESfM45gWVY82TlnnX8G8dfYsBuSVPAShiqD7dJ544plmHWCg86q2c44r4NWNDlPaq/HoLhPozca0ux9j3k4/2iQ+TCg2/FKUAP7hqB1THw=
ZESfM45gWVY82TlnnX8G8dfYsBuSVPAShiqD7dJ544plmHWCg86q2c44r4NWNDlP89CUUVVBaV94fv+V7TW8hi+IG5wRQPxxN62NQBsQNyg=
ZESfM45gWVY82TlnnX8G8dfYsBuSVPAShiqD7dJ544plmHWCg86q2c44r4NWNDlPxon7pgRZCtB0Idx/P6tu44prd1QEuhEG4mo4j0uo6/w=
ZESfM45gWVY82TlnnX8G8dfYsBuSVPAShiqD7dJ544raBJV4yHXig8xQnlYmoOvAQqpA1KpeYG0XV+YW6JNxwOpTIaUZcvyVWtXlSeq5PzU=
ZESfM45gWVY82TlnnX8G8dfYsBuSVPAShiqD7dJ544raBJV4yHXig8xQnlYmoOvAahrF66COdbJWO+ZGvOUVm9CXA3w8+0mEP6r6vo7a9js=
ZESfM45gWVY82TlnnX8G8dfYsBuSVPAShiqD7dJ544raBJV4yHXig8xQnlYmoOvAmn62cTQMYDaO0V1JmcpJMmC+0e0XwMPvKFGbXZ07g1k=
ZESfM45gWVY82TlnnX8G8dfYsBuSVPAShiqD7dJ544raBJV4yHXig8xQnlYmoOvAEQQ0/AxfvFdff0IyULzCJmt2WpXntng4qjkVOM3+yHs=
ZESfM45gWVY82TlnnX8G8dfYsBuSVPAShiqD7dJ544raBJV4yHXig8xQnlYmoOvAYb0Ui8z4lFQCjYwhgs/aeFsgXGtzMyqeEKjnXqGhoU4=
ZESfM45gWVY82TlnnX8G8dfYsBuSVPAShiqD7dJ544raBJV4yHXig8xQnlYmoOvAifuoDNFDEGIf63jt+CBqF7TObWWWxeR1++cawW20mH8=
ZESfM45gWVY82TlnnX8G8dfYsBuSVPAShiqD7dJ544raBJV4yHXig8xQnlYmoOvAPkAVOeeccrqt9zKrsde8jEzeALFXVOSfEsLgi43gAnU=
ZESfM45gWVY82TlnnX8G8dfYsBuSVPAShiqD7dJ544raBJV4yHXig8xQnlYmoOvAWkIJy6XSOGnDJQXN6sLmQcgVFszONVMYBD+Enp4XGOU=
ZESfM45gWVY82TlnnX8G8dfYsBuSVPAShiqD7dJ544orVrR4mRKcG6UlceU2fqZ9uDEYsp9x9ibLaeiKhvUpEpsddexUMP94DPjssbshhmZqLgIwGdqVVbJZuAELbgC+rwBlJYn2rt9m5Qv2Qfs7ufPod64Nx7tHV9qnN20jSWc+9rsgZsv1eM4IT/uqQP4oc5efSsqhVVzYHXgRQtcVz0ZitGBAKvThcw1H3473z127WH4pm6OZaX+l3t9XR4VaFektbecbimvQ9urC7uYpi7hQ3tB9L+ddNAfP02b+Qm8=
ZESfM45gWVY82TlnnX8G8dfYsBuSVPAShiqD7dJ544qlhSpJTVudlYu2847S70Y5UVgGsBvKFRVRvAyNRPNk4MT2U8RYKnpq+Vf1ZFyYYvclg/0ZqQTYpm04xSWpl+6r
