GmcONIA9PFzHw1gpPLLPoqev3ytAH5KO3S/CJpMsylg=
35kyjVfwBJgytCi6KM5Vug==
FNt9orFfFSbPIXNSbXcP2Q==
gE2g7VQeqq0h5MkG44fPUw==
A4ZCFW7RnVRfEnbtNxUDb8VFIQmzxcIFLuiIjRY2q84=
cwgQW1UgxyVfBeSrdwXHsPE1eoSAri+NViVSjTYe4hg=
pYn3RyiaY4vz2unSybTHuw==
mAzeFbkWBGyzJRgEWJSZYQNn44wFaguEUnqkvHVinQw=
NiGef/LGs6v8Em6sqLz1GYGKB0111uCW/TAqgkiW0+w=
2lfNnhNY+w/3xMaMUxJbE0YFT/wvMlSDz8Vrd5FEs18=
ZESfM45gWVY82TlnnX8G8eDVYcdPBIdEugDIkMhm+Dm/g/2ICFAdQ4q4dEPx1ENFbgiv0eeRVgSDOFtoXuRYsPIj3wQmODDPaa/XFmRigrM=
ZESfM45gWVY82TlnnX8G8eDVYcdPBIdEugDIkMhm+Dm/g/2ICFAdQ4q4dEPx1ENFgJ0NYqb9KaL9HHwIQdMBFFMDHQN0X9jzxtBVo6RM0pk=
ZESfM45gWVY82TlnnX8G8eDVYcdPBIdEugDIkMhm+Dm/g/2ICFAdQ4q4dEPx1ENFfzq7ancmqodxeZ23ycqoxEIV6JNJDeMObGoU91Vfmbw=
ZESfM45gWVY82TlnnX8G8eDVYcdPBIdEugDIkMhm+Dm/g/2ICFAdQ4q4dEPx1ENFl5ve421Jn98A14sXKubGBV8Z7MVmGDLH6iqeC5mJ6so=
ZESfM45gWVY82TlnnX8G8eDVYcdPBIdEugDIkMhm+DlJepOUU8hlIaMDywdR84tzmHzXMHkEi6m53PgzAPb8ZJdknsYbT3iga4gizazJFow=
ZESfM45gWVY82TlnnX8G8eDVYcdPBIdEugDIkMhm+DlJepOUU8hlIaMDywdR84tzBTmqKFyTqatkD8p9rUR2vP1BBSWwhLA9CXq0qSnG3OU=
ZESfM45gWVY82TlnnX8G8eDVYcdPBIdEugDIkMhm+DlJepOUU8hlIaMDywdR84tzrAa2NzzxKU4DWVfJ2EpEIX6FLEnXslIsPYIx69zuuiI=
ZESfM45gWVY82TlnnX8G8eDVYcdPBIdEugDIkMhm+DlJepOUU8hlIaMDywdR84tzAUX+goAOHs6RVN/YGLKWOFK9wC7XtvE4Rd35BtQcUcQ=
ZESfM45gWVY82TlnnX8G8eDVYcdPBIdEugDIkMhm+DlJepOUU8hlIaMDywdR84tz65uCeLlGorB7RleDcyvMM0tYfaEDd3ve8PcJJIHCsPI=
ZESfM45gWVY82TlnnX8G8eDVYcdPBIdEugDIkMhm+DlJepOUU8hlIaMDywdR84tzlpeX23GcaB0OinSoENIALNQLj6M07fEYgG83grWITH8=
ZESfM45gWVY82TlnnX8G8eDVYcdPBIdEugDIkMhm+DlJepOUU8hlIaMDywdR84tzDAEwiu1jtIzvp87DIbHHJZCCPUSlA7ZHwwdiCNNZ4/g=
ZESfM45gWVY82TlnnX8G8eDVYcdPBIdEugDIkMhm+DlJepOUU8hlIaMDywdR84tzTDL+6UeHLgFnRyvvaUI3epMfHZwG+xVNrmQwfRvIhSU=
ZESfM45gWVY82TlnnX8G8eDVYcdPBIdEugDIkMhm+DlJepOUU8hlIaMDywdR84tzDw3vKd8tSdasW+Odc34GD8KskqI20ZHEWkbpJ0G5+e0=
ZESfM45gWVY82TlnnX8G8eDVYcdPBIdEugDIkMhm+DlJepOUU8hlIaMDywdR84tzecSl/r/Z6AYGoGm07QTqnTMbctlLJN3J5PynWYInJBY=
ZESfM45gWVY82TlnnX8G8eDVYcdPBIdEugDIkMhm+DlJepOUU8hlIaMDywdR84tzR/0mCEDcdP+HR1s7Ka+8MberhAQoas/khN8pH7zI43E=
ZESfM45gWVY82TlnnX8G8eDVYcdPBIdEugDIkMhm+DmrKjHPJhwf76D2X+bBiZaU5LHvbFxAH1J4bdIMC7JdFrZuD/LJnObOR2fJe4kTDRM=
ZESfM45gWVY82TlnnX8G8eDVYcdPBIdEugDIkMhm+DmrKjHPJhwf76D2X+bBiZaUl6BbWvZsSTrSzg012JsFMR8Q9SMkQh9Wywhbiq4rS/k=
ZESfM45gWVY82TlnnX8G8eDVYcdPBIdEugDIkMhm+DmrKjHPJhwf76D2X+bBiZaU4h6v7c4hZB9i5GQNfp4cNQD7fJuX7bEOKQecnpopKt8=
ZESfM45gWVY82TlnnX8G8eDVYcdPBIdEugDIkMhm+DmrKjHPJhwf76D2X+bBiZaUfi4MqNbyp/FcQ0DU5xyJei4nmxnhfxA+2uRTznx3Tas=
ZESfM45gWVY82TlnnX8G8eDVYcdPBIdEugDIkMhm+DmrKjHPJhwf76D2X+bBiZaUZNrqrWHWxIkxXWngGAeOGFgUmasLKx/898DBy3CNSxs=
ZESfM45gWVY82TlnnX8G8eDVYcdPBIdEugDIkMhm+DmrKjHPJhwf76D2X+bBiZaU+aC0X65RinQo3U9MvDRc36a53+abHL5B1DMuYcMd/as=
ZESfM45gWVY82TlnnX8G8eDVYcdPBIdEugDIkMhm+DmrKjHPJhwf76D2X+bBiZaU3sKjvjUJ1l8Z+w2ktjUu3yWCol0ubqtZmeaQNQXCjmQ=
ZESfM45gWVY82TlnnX8G8eDVYcdPBIdEugDIkMhm+DmrKjHPJhwf76D2X+bBiZaUS4dfiVHoBrUFMJ+Smi9+VxW1uMdWwxPZDm1z7V3Va3E=
ZESfM45gWVY82TlnnX8G8eDVYcdPBIdEugDIkMhm+DmrKjHPJhwf76D2X+bBiZaUuoQ8P5BhNrt0onN1b69N6RqMHgfeysk+WdrP2HHoP2Q=
ZESfM45gWVY82TlnnX8G8eDVYcdPBIdEugDIkMhm+DmrKjHPJhwf76D2X+bBiZaUHw2DaCocn8vJ7vkWmn04Jw8HOhENjr9zryM9KMPQAIs=
ZESfM45gWVY82TlnnX8G8eDVYcdPBIdEugDIkMhm+DkMIUdSUbt64ZcypSHnjXRh9wdG3K5GdtDXbx3HLgqw9U3aFN6Acsd7h5o7Rk41EeU=
ZESfM45gWVY82TlnnX8G8eDVYcdPBIdEugDIkMhm+DkMIUdSUbt64ZcypSHnjXRh7xMz0KjkjUka98B/bvJXrJrU8wbGRHrn73kzPFj7FSI=
ZESfM45gWVY82TlnnX8G8eDVYcdPBIdEugDIkMhm+DkMIUdSUbt64ZcypSHnjXRh9A/QyvNvpUSH/EHoUhMbyCifKHjoixpKVF6006Oqmic=
ZESfM45gWVY82TlnnX8G8eDVYcdPBIdEugDIkMhm+DkMIUdSUbt64ZcypSHnjXRhVhZ39G3pbcbJ+u08fzVZoIRIuG77pmZcbe5TcFNOaYM=
ZESfM45gWVY82TlnnX8G8eDVYcdPBIdEugDIkMhm+DkMIUdSUbt64ZcypSHnjXRhbSm28MRUg/n4zLq5WfxXTgAUbqtP8lRdXoPVwrq1kKE=
ZESfM45gWVY82TlnnX8G8eDVYcdPBIdEugDIkMhm+DkMIUdSUbt64ZcypSHnjXRhhHppbJgtSR7Gs5S0B2NurZk2HCKmpVVr7Ga8qIscPuc=
ZESfM45gWVY82TlnnX8G8eDVYcdPBIdEugDIkMhm+DkMIUdSUbt64ZcypSHnjXRhgqbGhgqjr8RkTCpcJjmtVcH2yEf7nrdBGH1iP0CXSvc=
ZESfM45gWVY82TlnnX8G8eDVYcdPBIdEugDIkMhm+DlZU1JtHN0W93spUDKkGQjj2xx0iSA7ZHfOxG/2plZwB8rlUYEvb3uHFvahq9iQZwBMZkDWM7tumBbypEvsWnDKtjjgtcxLIWSasMIuHDIrPMrK22PZ4qXi6ZQ6FbGi0P1lvHFs77cARvsf0OVhkQGEj1GgkcaPziJ2XcTI9OW0iEf29XbqLEJekUfCFBHz44KN/5NiEp7iR0xtz1Kul161tIV3ppmRY3STKZ7vjnnpfnLuiSeMekPA8d27wf4W3Qg=
ZESfM45gWVY82TlnnX8G8eDVYcdPBIdEugDIkMhm+Dl0RLUDYltgV32wzSZhiFeUp3ak8ABr15qkc9F9EE9kk6IQyU06m09ugvBD9Np8P7YLfrVgrJLkqR0/cZB2l6/X
ZESfM45gWVY82TlnnX8G8Y81Kv1qKh1JWgkL+GkGsaVEDKGH2+DBRewArwfM17iyMZvzsb/VQj7CRFQSnH52UzcntbNbRy/4TMS4VH+Ddos=
ZESfM45gWVY82TlnnX8G8Y81Kv1qKh1JWgkL+GkGsaXYhiQWAlhIDD0X52UYi/i6N/c8DeVX7oj7WDAMZASxNv8OoGroiFvPFwwf9a/gbxU=
ZESfM45gWVY82TlnnX8G8Y81Kv1qKh1JWgkL+GkGsaXYhiQWAlhIDD0X52UYi/i6vZ4F/80bh6C4HfvNBPlVXzou/y9NIJj1giUAl195Ids=
ZESfM45gWVY82TlnnX8G8Y81Kv1qKh1JWgkL+GkGsaXYhiQWAlhIDD0X52UYi/i6CEooolUlx05Y6qdyf+xHBvasH4Vof755AyCZ6XDrzIk=
ZESfM45gWVY82TlnnX8G8Y81Kv1qKh1JWgkL+GkGsaXYhiQWAlhIDD0X52UYi/i682IKwc3l0wlPVxQ7i+V8R1G62UpVhyrjLFEBIwf0n20=
ZESfM45gWVY82TlnnX8G8Y81Kv1qKh1JWgkL+GkGsaXYhiQWAlhIDD0X52UYi/i6IDsJTQNTLi0O9IPsRAN084G0JB+bkGUM46sCbKWggak=
ZESfM45gWVY82TlnnX8G8Y81Kv1qKh1JWgkL+GkGsaXYhiQWAlhIDD0X52UYi/i6jwt6u8vMc5/kJJCJmQtk3p/kS3jL1RsRr34QOM8lTR8=
ZESfM45gWVY82TlnnX8G8Y81Kv1qKh1JWgkL+GkGsaXYhiQWAlhIDD0X52UYi/i6/KjzWd4ofIYlbsi7BmSdQ2cO1uzaWBKFQg9ZH1oLcQs=
ZESfM45gWVY82TlnnX8G8Y81Kv1qKh1JWgkL+GkGsaXYhiQWAlhIDD0X52UYi/i69ddkm7IimtBmJfpcu3QCH13x2yy8juD2qojzF45E0YE=
ZESfM45gWVY82TlnnX8G8Y81Kv1qKh1JWgkL+GkGsaXYhiQWAlhIDD0X52UYi/i6d/iKM3nu7GLKYdcHSvR8TTfuwCsx8/F0e2BRMyznYvc=
ZESfM45gWVY82TlnnX8G8Y81Kv1qKh1JWgkL+GkGsaXa6VtVhI8VLqKeg47FZoYWlaiNNsJb9iOxVDFHYgmemT+b3mjQHU3pmExGOzwsBnw=
ZESfM45gWVY82TlnnX8G8Y81Kv1qKh1JWgkL+GkGsaXa6VtVhI8VLqKeg47FZoYWZZwkb1QY5bl5h6L5ZwvoTWaD8ZtytOCfl1Ne1vojKwI=
ZESfM45gWVY82TlnnX8G8Y81Kv1qKh1JWgkL+GkGsaXa6VtVhI8VLqKeg47FZoYWuP7Uont0XfyhNhxsHM5qsJp3GcWFh/vjSvLsd0Oxi0E=
ZESfM45gWVY82TlnnX8G8Y81Kv1qKh1JWgkL+GkGsaXa6VtVhI8VLqKeg47FZoYW1JEC1kfpeNrUmkDD/w76TeEQprkP/e5cI41kudzFCPg=
ZESfM45gWVY82TlnnX8G8Y81Kv1qKh1JWgkL+GkGsaXa6VtVhI8VLqKeg47FZoYWkNGD3zhleZ2qrlz7rd9QuWRjK8HPfNACqDM+AuWmT7Q=
ZESfM45gWVY82TlnnX8G8Y81Kv1qKh1JWgkL+GkGsaXa6VtVhI8VLqKeg47FZoYWIjtLt8VSLPbc5cff8eHF0sDQRgWEvzf8755Z/aToRBk=
ZESfM45gWVY82TlnnX8G8Y81Kv1qKh1JWgkL+GkGsaXa6VtVhI8VLqKeg47FZoYWWD0rWcx1AbIbMI++u4eEptLEOYFhkjik7G6bja3SQFU=
ZESfM45gWVY82TlnnX8G8Y81Kv1qKh1JWgkL+GkGsaXa6VtVhI8VLqKeg47FZoYWbydskUbvha9fLQWzAk3s1Jg8OQmtm5Nl9vX727/WLPk=
ZESfM45gWVY82TlnnX8G8Y81Kv1qKh1JWgkL+GkGsaXa6VtVhI8VLqKeg47FZoYWNl6PQo7eQneWcmP/U7JmbfwOC25U7810p0WLDsCGvNc=
ZESfM45gWVY82TlnnX8G8Y81Kv1qKh1JWgkL+GkGsaXa6VtVhI8VLqKeg47FZoYWtlaKC6p7NBQMKpFuTzN6l4mDZCDQAFgTT09gTwBPaJs=
ZESfM45gWVY82TlnnX8G8Y81Kv1qKh1JWgkL+GkGsaXa6VtVhI8VLqKeg47FZoYWCoMYbl5KN/QQb+LddMwKhrCZgxV+25TFvXsiIlj69cI=
ZESfM45gWVY82TlnnX8G8Y81Kv1qKh1JWgkL+GkGsaULJ+V06w0wqZ8/32buR/ugFv+Seu6iEY1JIBvrmAIqPbc9Iv2wd2cBjwJRkdFgLMM=
ZESfM45gWVY82TlnnX8G8Y81Kv1qKh1JWgkL+GkGsaULJ+V06w0wqZ8/32buR/ugl9gsXI4pzEE84afSArkfuxLKTgPsuKAjtnhVG8bORcw=
ZESfM45gWVY82TlnnX8G8Y81Kv1qKh1JWgkL+GkGsaULJ+V06w0wqZ8/32buR/ug8G0hfQRsYicPnvWhlxfTis5NrwroCLb4hR1DjbgCK9Y=
ZESfM45gWVY82TlnnX8G8Y81Kv1qKh1JWgkL+GkGsaULJ+V06w0wqZ8/32buR/ugeO73DoZcCf6Vx7d61ujM5SKZXD+HK2UwFOQbkFPWjlM=
ZESfM45gWVY82TlnnX8G8Y81Kv1qKh1JWgkL+GkGsaULJ+V06w0wqZ8/32buR/ugSS3qsZiSesz82y/zk7VEIasKPT8n9K/qTx7Okutm0SM=
ZESfM45gWVY82TlnnX8G8Y81Kv1qKh1JWgkL+GkGsaULJ+V06w0wqZ8/32buR/ugDffODDZlVGRti5ZychZXXRFLSbMHHO+2AxqQ+tCVrus=
ZESfM45gWVY82TlnnX8G8Y81Kv1qKh1JWgkL+GkGsaULJ+V06w0wqZ8/32buR/uggcwEtwz198gVeW2CCJjp0krrzC6yYYIpb1UXvmRNvwA=
ZESfM45gWVY82TlnnX8G8Y81Kv1qKh1JWgkL+GkGsaULJ+V06w0wqZ8/32buR/ugd0bgZyHsAnFF3t/U9bb2ZtxbTJR7dfqKS70C3XlYHYM=
ZESfM45gWVY82TlnnX8G8Y81Kv1qKh1JWgkL+GkGsaULJ+V06w0wqZ8/32buR/ugxAXNOF8b4EWa88LrY1v+8yusVICXGMZTWVY1U3nJ2A8=
ZESfM45gWVY82TlnnX8G8Y81Kv1qKh1JWgkL+GkGsaULJ+V06w0wqZ8/32buR/ugIHMv/7QGDO1VFftBWlG9u9lBaFAfWHQ92ShHgtHK1Jo=
ZESfM45gWVY82TlnnX8G8Y81Kv1qKh1JWgkL+GkGsaU6Jogm10S5IY89UpXK5+L9yC+XPeDOzbZcVWN+KZG9BF2PiOLz+Q+WXwBMbN98peE=
ZESfM45gWVY82TlnnX8G8Y81Kv1qKh1JWgkL+GkGsaXHm1+VQKO0T0vm/MxSPBV6PykYYfGkc3WEa/cUttwpfKEMT76/JR4D9/yhV4euk6qD4aDQyrDGT6Jo7GdRKmuzAgFTCadvdLe/wh6Qeh7Xas9QMlH8bLumhZZ4b7saHOtDWUB5klXI6fVRX7JdCc5i4uNsQcjAeV+DcRsk5APLuAqdV7cKTOdnFTNH+9lStl8qXC131b/MKWWUWRgkvc+IS8/1uJEYqOoCBl7vy0GDZeAI5yCqTmCVg4RpVxq7YLA=
ZESfM45gWVY82TlnnX8G8Y81Kv1qKh1JWgkL+GkGsaWMuZG9GOLzFd8JfbrYyUBKjM66Fp014kkRuo3pXUZjaB8ItI3CC2GZuse3YjCGneWwOGv278Z3oa/ima7qA1Dq
ZESfM45gWVY82TlnnX8G8VdmjZsXFS3NwT+YE0wlwkrxScEVi40L7WIbx61rsalaQZwqvFKeg1jAGfjKLqCgE0IyIp9zD4OtcqnOuiUx7qojGKA6B9pntfERCMGwU+aO
ZESfM45gWVY82TlnnX8G8Q0B8CE9pvYcu1+3ZNMRD1CvHqwR8W9VYjjkMLtLyX0M17SW+4wJjCb/9FmQ0eTO2SX2GqVhMcIOjzcvbyVu2lCdQs9jKG+sznLW6EaRQROa
ZESfM45gWVY82TlnnX8G8RGPUOrxvKpOo7qSMifdK0Y10h7g58kCivWL3UUPxdXKR5Vk0xmJca8uW87RQxLpzuoJ0T4TTY3rR24Wz9ftsqt2e54Wk6QxcgCCEWL1D8yK
ZESfM45gWVY82TlnnX8G8avsbSC61XCyIqiXQqnoRWcJpqTXPGDpCpTp7UDh5ccC+cixJUgByikumQnflNuF6acaMJhgt8poJlhTPKJiGz3SsuhslVz9w0NmK/EAfFVP
ZESfM45gWVY82TlnnX8G8SPur4yv0Ax0W4uaiRo/dzCehv7pN1RONJbnRa21AO/NZGf4tCl0S1MU9M/H37wFwa+M9mn9tKu4fuFel2vgho++4diY1GpAguHdba8VYUF/
