GmcONIA9PFzHw1gpPLLPoqev3ytAH5KO3S/CJpMsylg=
35kyjVfwBJgytCi6KM5Vug==
FNt9orFfFSbPIXNSbXcP2Q==
gE2g7VQeqq0h5MkG44fPUw==
A4ZCFW7RnVRfEnbtNxUDb8VFIQmzxcIFLuiIjRY2q84=
cwgQW1UgxyVfBeSrdwXHsPE1eoSAri+NViVSjTYe4hg=
pYn3RyiaY4vz2unSybTHuw==
mAzeFbkWBGyzJRgEWJSZYQNn44wFaguEUnqkvHVinQw=
NiGef/LGs6v8Em6sqLz1GYGKB0111uCW/TAqgkiW0+w=
2lfNnhNY+w/3xMaMUxJbE0YFT/wvMlSDz8Vrd5FEs18=
ZESfM45gWVY82TlnnX8G8RlISIQX+hgoEZgAiEJ3eTl4KLRLqM5WqotFt4FRc9HvY+Yc440YphpJ1pzUwj6McmeT5lQBa0o9UYneJxUjkWI=
ZESfM45gWVY82TlnnX8G8RlISIQX+hgoEZgAiEJ3eTl4KLRLqM5WqotFt4FRc9HvlbydRZ9oRW6sG7u4RQdccj3rsdILrNoSBMLZnpbavD4=
ZESfM45gWVY82TlnnX8G8RlISIQX+hgoEZgAiEJ3eTl4KLRLqM5WqotFt4FRc9HvjHP2VVSt9yXMn471RBgpOw+yumoSUa9u7VPw7W/xF7w=
ZESfM45gWVY82TlnnX8G8RlISIQX+hgoEZgAiEJ3eTl4KLRLqM5WqotFt4FRc9Hv4y9HpwxmyhIKKOy3Aw4Gan13oRSP8jgA+zk0Tfq+wgk=
ZESfM45gWVY82TlnnX8G8RlISIQX+hgoEZgAiEJ3eTl4KLRLqM5WqotFt4FRc9HvTE0ecWC20a0wEJZSx2s5sHlClX+ttnheGYiNKTtgKmQ=
ZESfM45gWVY82TlnnX8G8RlISIQX+hgoEZgAiEJ3eTl4KLRLqM5WqotFt4FRc9HvF40lP1ePT74tT9U/Wy6vC8/L1TXaGjO7/ciAFXh+lxY=
ZESfM45gWVY82TlnnX8G8RlISIQX+hgoEZgAiEJ3eTlYEF4Z4Zg933vkkCnx5NkozBDNwSOGuQ5KNr5FQKQJERdBbd0BkZ+kWEwx7YMB+rM=
ZESfM45gWVY82TlnnX8G8RlISIQX+hgoEZgAiEJ3eTlYEF4Z4Zg933vkkCnx5NkohyIQ7dMqdoy/+RTC89PR9e5zRqi8PyUX4zckT3hXClU=
ZESfM45gWVY82TlnnX8G8RlISIQX+hgoEZgAiEJ3eTlYEF4Z4Zg933vkkCnx5NkoWBG5i4B7CbHbjpyh3PlN767k8ALuTRKdsBMsfHe3r1A=
ZESfM45gWVY82TlnnX8G8RlISIQX+hgoEZgAiEJ3eTlYEF4Z4Zg933vkkCnx5NkoN+sRwwzS6bZo//LNKbC8gmCc+NEXq+ecFAyeLS6YUrg=
ZESfM45gWVY82TlnnX8G8RlISIQX+hgoEZgAiEJ3eTlYEF4Z4Zg933vkkCnx5NkoVsGDdNlXYXbc5OIHd2ukR9Pqdh11BLR17jqgie9fEXw=
ZESfM45gWVY82TlnnX8G8RlISIQX+hgoEZgAiEJ3eTlYEF4Z4Zg933vkkCnx5NkoF7rQ/tUXLLi7Ngsu7eTmMocZa1dv22rUHyyonLx9/T8=
ZESfM45gWVY82TlnnX8G8RlISIQX+hgoEZgAiEJ3eTlYEF4Z4Zg933vkkCnx5NkoyB8a1HOFXpsuYyOm8Y5UJKDzWzsfCCjiHwC8o2tVPJ8=
ZESfM45gWVY82TlnnX8G8RlISIQX+hgoEZgAiEJ3eTlYEF4Z4Zg933vkkCnx5NkouuuvWQNzVedY08NL2wgnD5ivmimaakAPTT485vAGUJo=
ZESfM45gWVY82TlnnX8G8RlISIQX+hgoEZgAiEJ3eTlYEF4Z4Zg933vkkCnx5NkoJhvzpIAVm7L3lcRaqck1V2R5IvnJSim8CvgIPbXfNGY=
ZESfM45gWVY82TlnnX8G8RlISIQX+hgoEZgAiEJ3eTlYEF4Z4Zg933vkkCnx5NkoJNkOIdEvCqGxD8dsvc6ox+hs4YR7MeX3K3htjTJuzQw=
ZESfM45gWVY82TlnnX8G8RlISIQX+hgoEZgAiEJ3eTmVYoa55w2yrT9+wiax0iNN2zWPoiMGb3wRmuGN3OUQ8KVdIODCj7USdcjF6qjr/rk=
ZESfM45gWVY82TlnnX8G8RlISIQX+hgoEZgAiEJ3eTmVYoa55w2yrT9+wiax0iNNPADxgll4nOqA1fWjTjxIA8TW5VGJNn9ohLCIZUwCTzM=
ZESfM45gWVY82TlnnX8G8RlISIQX+hgoEZgAiEJ3eTmVYoa55w2yrT9+wiax0iNNMgHxbl/WZyqcbu5lwTCGV0GJj3HnT4964cN6Ono5XMo=
ZESfM45gWVY82TlnnX8G8RlISIQX+hgoEZgAiEJ3eTmVYoa55w2yrT9+wiax0iNNuujxyO6ExrvCtmV3PQJvBpgn7NRNJboGQEmOQA8WrrQ=
ZESfM45gWVY82TlnnX8G8RlISIQX+hgoEZgAiEJ3eTmVYoa55w2yrT9+wiax0iNNuIS64YtG+EKlNf+o4xj1959orMDNh/Ltu2aqv7VGpXY=
ZESfM45gWVY82TlnnX8G8RlISIQX+hgoEZgAiEJ3eTmVYoa55w2yrT9+wiax0iNNH807puUrbB/XfImlkAjLpP9gfHvqqDbW8kb/YlnvICA=
ZESfM45gWVY82TlnnX8G8RlISIQX+hgoEZgAiEJ3eTmVYoa55w2yrT9+wiax0iNNQSP6gT5Co9Q8jCzrQqYa5ZhidplkOcinqpvCUZ5+IbM=
ZESfM45gWVY82TlnnX8G8RlISIQX+hgoEZgAiEJ3eTmVYoa55w2yrT9+wiax0iNNsEh0i88G8BB/MQaRzdp0V9vRA0gj76D8/MmnC1Hc+sQ=
ZESfM45gWVY82TlnnX8G8RlISIQX+hgoEZgAiEJ3eTmoXzd63AWcZjUl3JdiT1yRovGi50rlHiOsWEuslt3sfhFsLi9wZLoUQ+ubDTHibYQ=
ZESfM45gWVY82TlnnX8G8RlISIQX+hgoEZgAiEJ3eTmoXzd63AWcZjUl3JdiT1yRVlF36PoyhyWGRFHT1zV4AHwE00A1L1yLJJs/2GXg6Fo=
ZESfM45gWVY82TlnnX8G8RlISIQX+hgoEZgAiEJ3eTmoXzd63AWcZjUl3JdiT1yRrhEP/h5ByPQBAWUbx2LxhakKVvgtPyFtilp4UvfKZ7A=
ZESfM45gWVY82TlnnX8G8RlISIQX+hgoEZgAiEJ3eTmoXzd63AWcZjUl3JdiT1yRP/xzSCMKdRkwXboFyymB86xhXAJ6VwNdrOG70uVzhNA=
ZESfM45gWVY82TlnnX8G8RlISIQX+hgoEZgAiEJ3eTmoXzd63AWcZjUl3JdiT1yRF1AXTZ6B6meI9XZS/BKWEiH+erplgOHZyKJG5UPnslM=
ZESfM45gWVY82TlnnX8G8RlISIQX+hgoEZgAiEJ3eTmoXzd63AWcZjUl3JdiT1yRTT54D8mb4fS9jo/jtdQJA4W9wYm68Un1GbwYeEZPvhY=
ZESfM45gWVY82TlnnX8G8RlISIQX+hgoEZgAiEJ3eTmoXzd63AWcZjUl3JdiT1yRW+OZUsEvrXLGGpO+abbS3Ud1BVOAcvMHtTRth9q3cAM=
ZESfM45gWVY82TlnnX8G8RlISIQX+hgoEZgAiEJ3eTmoXzd63AWcZjUl3JdiT1yR9IDnUS/04tnW13nXugZdoRu6c8Q12/CuQmHmtw6JPLg=
ZESfM45gWVY82TlnnX8G8RlISIQX+hgoEZgAiEJ3eTl2JKgGTziM5zU5eWpw7dhbUfxeit/M1Fp6WGYYKuwEUwIA30xqEpi4x3cyb+FNZ0CxSEZ6hDeOsz1ryVDm7E8yA1MA/UIt/+LALRV33Ndvu0hkmSv/VKf3J1Pm+wxeA7M+fIqOKjIaHip0kQPfd4VRifD+OoEZE8XYaM9uC9TCAre2qjgoIzAbfgfD3HWu5HywT63EWnb5h2l2Q8mv/2yxDjxACY7w7nt9uiXQ9yAurgR30XvM08lqCsvocvuZqDs=
ZESfM45gWVY82TlnnX8G8fZpvPPRNEJOquMfG2qQdV+HogF+XMnfUFhGghjd0RYq9l8aFuim40ccB2XzEiQ3CgeD0/o4rlvYOiyj1nZBZmU=
ZESfM45gWVY82TlnnX8G8fZpvPPRNEJOquMfG2qQdV+HogF+XMnfUFhGghjd0RYq64R2n4ma7yww4mEz7C2zVz/YqkhPCJiq3y3u837sXvo=
ZESfM45gWVY82TlnnX8G8fZpvPPRNEJOquMfG2qQdV+HogF+XMnfUFhGghjd0RYq4YJUfHaiuGsrX9SmpSAD7LELL08H2tzW2dnRSY9hF/o=
ZESfM45gWVY82TlnnX8G8fZpvPPRNEJOquMfG2qQdV+HogF+XMnfUFhGghjd0RYqsGgNNOZWNlwvpZbiaiD3LNJrbVRo6WMkIyVdh+6gwA4=
ZESfM45gWVY82TlnnX8G8fZpvPPRNEJOquMfG2qQdV+HogF+XMnfUFhGghjd0RYq9O+MMlnFh7Q5S6nLkIr2ZiV0otWoCGElkGlv3JMYCfc=
ZESfM45gWVY82TlnnX8G8fZpvPPRNEJOquMfG2qQdV+HogF+XMnfUFhGghjd0RYqCRlj4aRws4TfGGvFXkootk9X9nRhLE24mXa4kMl3Qdk=
ZESfM45gWVY82TlnnX8G8fZpvPPRNEJOquMfG2qQdV+HogF+XMnfUFhGghjd0RYqhULMhWpP/ndwh+CF9Hbd0kwZ5DJ1fBDBpSE+d0sEtak=
ZESfM45gWVY82TlnnX8G8fZpvPPRNEJOquMfG2qQdV/URAAAF5Q30/os/kpetQL5nXGIHQU1GFgAMdvkAauYzkHS63n5SIg0pK2r0FO6jwk=
ZESfM45gWVY82TlnnX8G8fZpvPPRNEJOquMfG2qQdV/URAAAF5Q30/os/kpetQL5JvcVIxKn60pogqX3Gzip8avB4IaiIwGtfJqqNMpS/Uw=
ZESfM45gWVY82TlnnX8G8fZpvPPRNEJOquMfG2qQdV/URAAAF5Q30/os/kpetQL5E2033d9GgSavv5L3CcBlRN3v1qr2oz1JJ3aDxZSwpFY=
ZESfM45gWVY82TlnnX8G8fZpvPPRNEJOquMfG2qQdV/URAAAF5Q30/os/kpetQL5/CynTu9Ep1NaK2R1FThm/3qpfxXlkjgpFn18Eli/yzg=
ZESfM45gWVY82TlnnX8G8fZpvPPRNEJOquMfG2qQdV/URAAAF5Q30/os/kpetQL5YS/9SSpyZA+D4BPCtlBKYjO37N0hAAjzTppKz7zfoAk=
ZESfM45gWVY82TlnnX8G8fZpvPPRNEJOquMfG2qQdV/URAAAF5Q30/os/kpetQL5RoOzSLj3+eTb5HCfyJWmfXBcnmclfbhZ3G4TpK7odSs=
ZESfM45gWVY82TlnnX8G8fZpvPPRNEJOquMfG2qQdV/URAAAF5Q30/os/kpetQL5KpZk8yn4Gjx04HVsTM7nFLwFm3d4HiooSFIvH6p00aY=
ZESfM45gWVY82TlnnX8G8fZpvPPRNEJOquMfG2qQdV/URAAAF5Q30/os/kpetQL5r8470wGHt8nvV+Oq9/vEwyKjKBToEfkOjIIlEkcGuYE=
ZESfM45gWVY82TlnnX8G8fZpvPPRNEJOquMfG2qQdV/URAAAF5Q30/os/kpetQL5Zg9RNf00e0wMfVLHYA1RkFfckv1Gf2koB8qIMKpgM0s=
ZESfM45gWVY82TlnnX8G8fZpvPPRNEJOquMfG2qQdV/URAAAF5Q30/os/kpetQL5Bf76Ih7aFA+gR76S9U6tLvXnnca/fAPBNe2eWbG3lCk=
ZESfM45gWVY82TlnnX8G8fZpvPPRNEJOquMfG2qQdV8YbqFomOlOtlwOQdB1kNjMIqKxTbYbP+lYqbM7eGj1QZbqWfu/ZtQKvgV5X8Re0M4=
ZESfM45gWVY82TlnnX8G8fZpvPPRNEJOquMfG2qQdV8YbqFomOlOtlwOQdB1kNjMkv0bZHNCq4SAs0vx1RIGur4mSwDPU3DH3hAemtbbbDI=
ZESfM45gWVY82TlnnX8G8fZpvPPRNEJOquMfG2qQdV8YbqFomOlOtlwOQdB1kNjM0EhgYqw272Y0/oTss5mP9/6AOtroZmua57QV8+MH1mw=
ZESfM45gWVY82TlnnX8G8fZpvPPRNEJOquMfG2qQdV8YbqFomOlOtlwOQdB1kNjM8jGKPOxjx8vsPa4P+PdG93jXrSe9b/KEjeg0JnVZZKI=
ZESfM45gWVY82TlnnX8G8fZpvPPRNEJOquMfG2qQdV8YbqFomOlOtlwOQdB1kNjMs5/y431AZ2uaosqyk9HDax4itUNSSY1bNhXJQNUfBfM=
ZESfM45gWVY82TlnnX8G8fZpvPPRNEJOquMfG2qQdV8YbqFomOlOtlwOQdB1kNjMfetc72pteEv+wJUZgksJffRZX9XjuCZL+JH8v2tHCPg=
ZESfM45gWVY82TlnnX8G8fZpvPPRNEJOquMfG2qQdV8YbqFomOlOtlwOQdB1kNjMnRQA5sKTB7rGz+TVkACzkETB6MUQQrc5siG+3uJXRNY=
ZESfM45gWVY82TlnnX8G8fZpvPPRNEJOquMfG2qQdV8YbqFomOlOtlwOQdB1kNjMV/rHSZxFSUbczQcN3Y6YMFvPXu5p+4QI/RXnFC6pvzg=
ZESfM45gWVY82TlnnX8G8fZpvPPRNEJOquMfG2qQdV8YbqFomOlOtlwOQdB1kNjMf0LAuNfur3jmmyrecb/PtyToC9SFTEB+xhxu7lHjR3c=
ZESfM45gWVY82TlnnX8G8fZpvPPRNEJOquMfG2qQdV8YbqFomOlOtlwOQdB1kNjMO9ioQACD6F7VnS7p+gfm7vyTwdtMUtiSoT1Zkx00xHE=
ZESfM45gWVY82TlnnX8G8fZpvPPRNEJOquMfG2qQdV8YbqFomOlOtlwOQdB1kNjMa51oO/XyLEssOF4mAiVxafNgOS2z5cEdTqrKhyr2u2s=
ZESfM45gWVY82TlnnX8G8fZpvPPRNEJOquMfG2qQdV+EVNVSTgwEQa4P9B97cQ59VUCTfeaFEhcgXGsWExewqKlZffMXoYl9jQ5kvcqzOxY=
ZESfM45gWVY82TlnnX8G8fZpvPPRNEJOquMfG2qQdV+EVNVSTgwEQa4P9B97cQ59MwwmUQNs475PP6mIMxo65GPzDp/oUBOIcLE5e/SLO60=
ZESfM45gWVY82TlnnX8G8fZpvPPRNEJOquMfG2qQdV+EVNVSTgwEQa4P9B97cQ59cSn3TsaYDC6+FUbmDH3XQOg188qgMrMGx+Eocv9iSsU=
ZESfM45gWVY82TlnnX8G8fZpvPPRNEJOquMfG2qQdV+EVNVSTgwEQa4P9B97cQ59CzciyfZle3oXyyUL5l7XWxQG+jokSH61Xn06/A1gVgM=
ZESfM45gWVY82TlnnX8G8fZpvPPRNEJOquMfG2qQdV+hbBSciJKQpc0RIU/PCKRqIDt0GzblnCWS3R03zQj8TXIBXN7Abi15auOzcOu3mUgGyQ1yahOvrHcoMB/31PE6SB66h6Gy5WO6W47dJbeLvgzYUB+M6sBt3uy9MuAPwc218r92D/NYUG9vjP8GDgnDC4JWQVEj2Jh8JAYmP3MH82bMsuacjj0KNrEriXcxL3O0gdQbf3gvc266F1/J0ZhtxFU88a6ROCD0PGkTq7DCRz+WiVxWJ7dYPU/7h5m2suY=
ZESfM45gWVY82TlnnX8G8fZpvPPRNEJOquMfG2qQdV+qO98CWAj2peiddizILqcKeFT4vJ+VwUoBabec3D0pwJIrdCPag7CUvldfeV7ikuOUcpoIrViy+vfU7tE33UlK
ZESfM45gWVY82TlnnX8G8ZL4XnAZM7qJN6MNCorrlL1KtmxJCv0ylltggxu2i3Df068DikkJEl2hSGFNo5oPtik6wxz0dzHUq7xyspouNbV7Ows9jiuq8cKcZzU0aj3T
