GmcONIA9PFzHw1gpPLLPoqev3ytAH5KO3S/CJpMsylg=
35kyjVfwBJgytCi6KM5Vug==
FNt9orFfFSbPIXNSbXcP2Q==
gE2g7VQeqq0h5MkG44fPUw==
ExPkcbYFeYs2lHSAMsaJBjIbQm7FWZ8YCSkKK1z2aPs=
cwgQW1UgxyVfBeSrdwXHsPE1eoSAri+NViVSjTYe4hg=
pYn3RyiaY4vz2unSybTHuw==
mAzeFbkWBGyzJRgEWJSZYQNn44wFaguEUnqkvHVinQw=
NiGef/LGs6v8Em6sqLz1GYGKB0111uCW/TAqgkiW0+w=
2lfNnhNY+w/3xMaMUxJbE0YFT/wvMlSDz8Vrd5FEs18=
ZESfM45gWVY82TlnnX8G8di5AmmaTnAsdcm+grY1rKQ1OQyze9qeBNN8kvKnr2QAidUXE5BhYBDSZsvtHcD9mN28ePT21ZTAYOaYbsP+F+E=
ZESfM45gWVY82TlnnX8G8di5AmmaTnAsdcm+grY1rKT/BGpMWoJUXfW9xB7FD7XWdRCU2erMfVFE/z9zg4WDt0pYgzknyQXgrSzKOO8RTHM=
ZESfM45gWVY82TlnnX8G8di5AmmaTnAsdcm+grY1rKT/BGpMWoJUXfW9xB7FD7XWYGexRyQscWrmTJp1s6neWitDRWVuVR1dZGuBu05d7Vg=
ZESfM45gWVY82TlnnX8G8di5AmmaTnAsdcm+grY1rKQ38AZeaIWoa2jtpoAMJ5pigf7MWPyl/wA+WuOtIR/tNGSObe9KjAmoQSDqn8NC41E=
ZESfM45gWVY82TlnnX8G8di5AmmaTnAsdcm+grY1rKQ38AZeaIWoa2jtpoAMJ5pip7HPgJ1pT7qSOeQCDj3+unsq8eKvSaqN7JK7Ir8HRCs=
ZESfM45gWVY82TlnnX8G8di5AmmaTnAsdcm+grY1rKQ38AZeaIWoa2jtpoAMJ5piEzIbGjOmJxDCxkRTeQNPts4dBMpaFn6nsUarTTBsvA0=
ZESfM45gWVY82TlnnX8G8di5AmmaTnAsdcm+grY1rKQ38AZeaIWoa2jtpoAMJ5piJNtXnmREaMeLL0UxIBsP/0hig2lP7PMHBbcY6DPUb2Q=
ZESfM45gWVY82TlnnX8G8di5AmmaTnAsdcm+grY1rKQ38AZeaIWoa2jtpoAMJ5pipW5xoa7eHoY0aG1inm+/B/Ezv+YDSD9/2jsiieVW3/0=
ZESfM45gWVY82TlnnX8G8di5AmmaTnAsdcm+grY1rKQ38AZeaIWoa2jtpoAMJ5piZXZNZyt9RnV7SPIe+6Od7RxRTgj57SmDmFqfHVaWz5w=
ZESfM45gWVY82TlnnX8G8di5AmmaTnAsdcm+grY1rKQ38AZeaIWoa2jtpoAMJ5piNNuZWEj3NsJA0CsP3UbmvbBI5cfBJdk6f6K7l/MxUro=
ZESfM45gWVY82TlnnX8G8di5AmmaTnAsdcm+grY1rKQ38AZeaIWoa2jtpoAMJ5pi8ugFbmTMFpg/FXjjhOZ3fcNJC4kbvAMH1q3tL5qLWRQ=
ZESfM45gWVY82TlnnX8G8di5AmmaTnAsdcm+grY1rKQ38AZeaIWoa2jtpoAMJ5piwZsLT6eLC4ARAzaH3tUkij4ZcT72e89yyl6AsnyGVxk=
ZESfM45gWVY82TlnnX8G8di5AmmaTnAsdcm+grY1rKQ38AZeaIWoa2jtpoAMJ5piiEC2Uww2v/ZeeOW8gjAC0os8rgepI2TcWMwybUO4cT0=
ZESfM45gWVY82TlnnX8G8di5AmmaTnAsdcm+grY1rKQ38AZeaIWoa2jtpoAMJ5piN5A8HXqxFCFSZ0g8VmCah+0k/VKhHBPQmWEHdFEkSII=
ZESfM45gWVY82TlnnX8G8di5AmmaTnAsdcm+grY1rKQ1LOGSdjUSXHCogwTYa6rpS0xyJi5Gql1Zh3ilpxTTTY3PQaM55G1on9ShmJEpzIo=
ZESfM45gWVY82TlnnX8G8di5AmmaTnAsdcm+grY1rKQ1LOGSdjUSXHCogwTYa6rpRa2qUHOyZAQAIsMgq3vjZm6Gz7U/hqyiBWC1Jt1DpyE=
ZESfM45gWVY82TlnnX8G8di5AmmaTnAsdcm+grY1rKQ1LOGSdjUSXHCogwTYa6rpaxHtrfFTMDZvReq2Opscl0Ai8YnrizQ/per+X29wVG0=
ZESfM45gWVY82TlnnX8G8di5AmmaTnAsdcm+grY1rKQ1LOGSdjUSXHCogwTYa6rp8M0qkSzPyCQjCe/TOubl+Y4a2fz8uv8v72Q4j8istNQ=
ZESfM45gWVY82TlnnX8G8di5AmmaTnAsdcm+grY1rKQ1LOGSdjUSXHCogwTYa6rpsfF7cnwXVI0XQLWW2ttFvVnKw2y2clJCZ7uw4oDQdIU=
ZESfM45gWVY82TlnnX8G8di5AmmaTnAsdcm+grY1rKQ1LOGSdjUSXHCogwTYa6rpI9FhurqqjT5n0dlM7II9bGtliKx5EXk34QnnzhyuUfE=
ZESfM45gWVY82TlnnX8G8di5AmmaTnAsdcm+grY1rKQ1LOGSdjUSXHCogwTYa6rpkuTfYojkcjn+gmKePB7yWqxrAYNad7lVUJO36kSwZbQ=
ZESfM45gWVY82TlnnX8G8di5AmmaTnAsdcm+grY1rKQ1LOGSdjUSXHCogwTYa6rphQXC5iuzrZET4ATwbbgrUsxWZ4dVukwVWaf9yUR5/AA=
ZESfM45gWVY82TlnnX8G8di5AmmaTnAsdcm+grY1rKQ1LOGSdjUSXHCogwTYa6rpBxWEnXUaqcFL3mM+YKklCsB+StSIxdnuLjXjuoR0c6I=
ZESfM45gWVY82TlnnX8G8di5AmmaTnAsdcm+grY1rKQ1LOGSdjUSXHCogwTYa6rp0+7uQnUqGIwu2oK/zuqFMX2YMwA6JISWpPczuIj2Gc8=
ZESfM45gWVY82TlnnX8G8di5AmmaTnAsdcm+grY1rKSWTzIAdGc60fbyXNFtiYfcQeug6DurUlFwq2cq48CNorRRaPWrp0V5/fqtCGRBTEg=
ZESfM45gWVY82TlnnX8G8di5AmmaTnAsdcm+grY1rKSWTzIAdGc60fbyXNFtiYfcddJ52SwjgZLv7ZldjrUGaUp0zNCo5q/bXBNVFcWJsVw=
ZESfM45gWVY82TlnnX8G8di5AmmaTnAsdcm+grY1rKSWTzIAdGc60fbyXNFtiYfcHQ0ukr2qbTxr41rvEovXTpqU230C1bLBon5wUr6m/lc=
ZESfM45gWVY82TlnnX8G8di5AmmaTnAsdcm+grY1rKSWTzIAdGc60fbyXNFtiYfc+Nk5nF7pw1Z0GwU+MWdWYbEPHgDLr9IfBcpOrYAI02E=
ZESfM45gWVY82TlnnX8G8di5AmmaTnAsdcm+grY1rKSWTzIAdGc60fbyXNFtiYfcxmswSboqQUCxzSjeh5S+fQUs1yZ6/8yOVACd/nGwEgg=
ZESfM45gWVY82TlnnX8G8di5AmmaTnAsdcm+grY1rKSWTzIAdGc60fbyXNFtiYfcoE1akxcvrzTBwg/kAURhUKLrRCGhcCrpd1fV1xf+mDE=
ZESfM45gWVY82TlnnX8G8di5AmmaTnAsdcm+grY1rKSWTzIAdGc60fbyXNFtiYfcHgAJLY33C4XbO9/0mlKOjzu+qXwcvJSgMcCS3kAEUSM=
ZESfM45gWVY82TlnnX8G8di5AmmaTnAsdcm+grY1rKSWTzIAdGc60fbyXNFtiYfcLYoOd5Mtx2lsRzd0rPhvVlt5Hskdci0pSimHzah1hIs=
ZESfM45gWVY82TlnnX8G8di5AmmaTnAsdcm+grY1rKQBYi4bhinx7Gt88ZSW1kWgBPDfb/lT2YB90gbezD1yvWDNspVGR0c84o0IWi3WcVdFrAOc3AA0ekBuFj2mCeR7I0dEZlIZHl8MewLoUJGbh2HaK5U60oiZAjqWPoUiZF8/uXzE4ZVTgaz7shIrKQrpJ+vHlCwmAMF6RqIVo8djyeI9UcSjJe/xKIkBLqXf2Xs7i7CkiJWrsxI4ynMwlJ4AJsi7Le0nilIhsNEcTxgQvyHDetiOD4o8q9UnA4ycggw=
ZESfM45gWVY82TlnnX8G8di5AmmaTnAsdcm+grY1rKTgV55mnhSC9+mXjqdMNRSIXV07sQcUf8Ebr6YYk+XB5Jk+AJeqek8aAHgtZDds9cKc3Lk0V4K8Eb9XVSIgyuwa
ZESfM45gWVY82TlnnX8G8WHFgTasoOvgl22H9tlPWOgz5idDdheNeqt7Wk8wGpNYy5W31NkfiRp+NcdRy0O9ZP/tBXE1XNpdRvLTrzslgtvT8So4lWtwf2KHBxufTi6n
ZESfM45gWVY82TlnnX8G8TU2aQ6/YHFEFnpj+9l+yluKpvyUd3EWSIsmHT/LbMQyraFLQkn9ET8p/DLtHJ/wI+q/oN0A2bLaMrO/k6u1tbw=
ZESfM45gWVY82TlnnX8G8TU2aQ6/YHFEFnpj+9l+yluKpvyUd3EWSIsmHT/LbMQyX+tH9RpLwckaNxIGH0ag0RRNYpNzngMZNMHR9XDXvP4=
ZESfM45gWVY82TlnnX8G8TU2aQ6/YHFEFnpj+9l+yluKpvyUd3EWSIsmHT/LbMQybGSx/RiEKbA6y8bQ28xCQ6zuwOxwZXMutbCJPqXNVP8=
ZESfM45gWVY82TlnnX8G8TU2aQ6/YHFEFnpj+9l+yluKpvyUd3EWSIsmHT/LbMQySUV1Mu/PRgCxYbI/DLEIUHCq8nSaluMGxdTDgHLdEj8=
ZESfM45gWVY82TlnnX8G8TU2aQ6/YHFEFnpj+9l+yluKpvyUd3EWSIsmHT/LbMQy6Sy7isbmkL+vhIlDEqKrroWIWU0zWvXiWHCK4UgXuBU=
ZESfM45gWVY82TlnnX8G8TU2aQ6/YHFEFnpj+9l+yluKpvyUd3EWSIsmHT/LbMQyWmd9FeELzGCU5bphSlHqMF8vTFtUpCMZniPpe5SCBH8=
ZESfM45gWVY82TlnnX8G8TU2aQ6/YHFEFnpj+9l+ylvM+V7Sp3epnXq+vl/qaVoyIW8lCfnW4SdmzTwyMBLJHXRU2vKXfUBoI5gSctraY8M=
ZESfM45gWVY82TlnnX8G8TU2aQ6/YHFEFnpj+9l+ylvM+V7Sp3epnXq+vl/qaVoygwAQPC1CvhOZcdbVL86fEnGQsGMolQ/rYsADyhdbvJY=
ZESfM45gWVY82TlnnX8G8TU2aQ6/YHFEFnpj+9l+ylvM+V7Sp3epnXq+vl/qaVoy81HTNxUEZrBFGdCxftkZ2Vl/2w2Zbt70Y236CqYThnQ=
ZESfM45gWVY82TlnnX8G8TU2aQ6/YHFEFnpj+9l+ylvM+V7Sp3epnXq+vl/qaVoyx2YYhm3l9aDrwEVEICpvV5u3jO3o4RpDoqO+fTdnxHg=
ZESfM45gWVY82TlnnX8G8TU2aQ6/YHFEFnpj+9l+ylvM+V7Sp3epnXq+vl/qaVoyCOyLxXdK5lnqQ7X/mhzioXvM1DirKhtEnKMJo4IsfhM=
ZESfM45gWVY82TlnnX8G8TU2aQ6/YHFEFnpj+9l+ylvM+V7Sp3epnXq+vl/qaVoyfHhK8Hk5vUpAPuUI5hyWQtOFywLiyH5XEQ116W3xgrM=
ZESfM45gWVY82TlnnX8G8TU2aQ6/YHFEFnpj+9l+ylvM+V7Sp3epnXq+vl/qaVoyC9U7uu69iKKC2gAU528ozT3s5bAL0Y8tTJTvgw3HkTY=
ZESfM45gWVY82TlnnX8G8TU2aQ6/YHFEFnpj+9l+ylvM+V7Sp3epnXq+vl/qaVoyR5ahbUxFj3kw8Qq1xJ/C9oOzUy4DiZVkKsIqZvMhma8=
ZESfM45gWVY82TlnnX8G8TU2aQ6/YHFEFnpj+9l+ylvM+V7Sp3epnXq+vl/qaVoyOwrSKsWMsWtNxbzAaa59MXdx07reigD3AzFQ3MomW6M=
ZESfM45gWVY82TlnnX8G8TU2aQ6/YHFEFnpj+9l+ylsZgb4VkGG/ynyiXfublSszYONKgO4tWxi0z59vPkKVVnmAvu8W/O4RzspBgIjt4Sk=
ZESfM45gWVY82TlnnX8G8TU2aQ6/YHFEFnpj+9l+ylsZgb4VkGG/ynyiXfublSszb3/ebrgEE5XbzFDrSa3Z1B+umtfkLvzo8qb5HycnjpQ=
ZESfM45gWVY82TlnnX8G8TU2aQ6/YHFEFnpj+9l+ylsZgb4VkGG/ynyiXfublSszUbrFDNCrHMNAfH6v/13z7TitaKX9KSD5iv/SwJdgEu0=
ZESfM45gWVY82TlnnX8G8TU2aQ6/YHFEFnpj+9l+ylsZgb4VkGG/ynyiXfublSszEZ1wMrgmpCgsblIo+z6bxIEIm9fWZiKYS6v6CwSt9kg=
ZESfM45gWVY82TlnnX8G8TU2aQ6/YHFEFnpj+9l+ylsZgb4VkGG/ynyiXfublSsz1GGOyr5Liv8lpkBNsRw0J0B34+x7rBVvBqH9xMxWPyg=
ZESfM45gWVY82TlnnX8G8TU2aQ6/YHFEFnpj+9l+ylsZgb4VkGG/ynyiXfublSszd542U3Gz0Rsul+fOtN0BZmYBeBeBm/Ik9P6VkROoWSw=
ZESfM45gWVY82TlnnX8G8TU2aQ6/YHFEFnpj+9l+ylsZgb4VkGG/ynyiXfublSszG+EIIgArVWBRG/ngwoiKSeKLzSqSZ5vjmcIr/1QOp64=
ZESfM45gWVY82TlnnX8G8TU2aQ6/YHFEFnpj+9l+ylsZgb4VkGG/ynyiXfublSszPm3p9Nway5STParnSEUQoHVbDLNBDfW1yHJ2Wd7Bx8Y=
ZESfM45gWVY82TlnnX8G8TU2aQ6/YHFEFnpj+9l+ylsZgb4VkGG/ynyiXfublSszAsHprcMUk/oChQ5rAeI/v4Y15Ifl4sH0AvEyAYSyi9o=
ZESfM45gWVY82TlnnX8G8TU2aQ6/YHFEFnpj+9l+yluqZ6ClddHmh7LTlGlJ6Qjfs98qr0trcuNlPwh+tf9JJZ7XD3pDFhXq789qmgAl3EQ=
ZESfM45gWVY82TlnnX8G8TU2aQ6/YHFEFnpj+9l+yluqZ6ClddHmh7LTlGlJ6QjfgFWwxrI28t1HCkpv8ahf+uc53dw6Aj0se5KvYdrK0n0=
ZESfM45gWVY82TlnnX8G8TU2aQ6/YHFEFnpj+9l+yluqZ6ClddHmh7LTlGlJ6Qjf0cu5pI1bL2b0Ixfwc8lBhtv41D722CvUehxvwoGHmMM=
ZESfM45gWVY82TlnnX8G8TU2aQ6/YHFEFnpj+9l+yluqZ6ClddHmh7LTlGlJ6QjfpS0HZen6SWl5kxkgcNLAsnL9QIS/5pJl+duiuLQBZl0=
ZESfM45gWVY82TlnnX8G8TU2aQ6/YHFEFnpj+9l+yluqZ6ClddHmh7LTlGlJ6QjfuU7zg0BAhIDxZ6fYObdFW+mv1fqWPihNE0nJYpoFklA=
ZESfM45gWVY82TlnnX8G8TU2aQ6/YHFEFnpj+9l+yluqZ6ClddHmh7LTlGlJ6Qjf0QNZFyrNM6mrQ4omJa4xt742eOscoLzbnLaHWrmISOM=
ZESfM45gWVY82TlnnX8G8TU2aQ6/YHFEFnpj+9l+yluqZ6ClddHmh7LTlGlJ6QjfXmN6e9PCfo0hKq2MbpjvcF91DHOssTza1fubOLjE/Yg=
ZESfM45gWVY82TlnnX8G8TU2aQ6/YHFEFnpj+9l+yluqZ6ClddHmh7LTlGlJ6QjfFQHTIREN5MK1K0Fzb2y/3h6Lr6gqal8dosllMZqqRVA=
ZESfM45gWVY82TlnnX8G8TU2aQ6/YHFEFnpj+9l+ylv+gm9P/i1vcn80u9UurcxFn/iTyqwdfWALwXPn8rd6mQjnB93OTtSonLyxG8nSTeg9YX22v5LtGdgqKkCqNguP/ld2J/1/wR0mqXU68Now1lSYd1sqz41zINhQFAjl/fFJlX0np7OGKL3SfillGakoIi9dSd2vdiWB+8e81FH/f+cBqbXmV5bGHuY8qHrjjEH0T2fRaeLOb1kiSBntF5ktltdKl7rfG2aQH+Hgztmmtr7noduYv12S4neA+Vi/1OY=
ZESfM45gWVY82TlnnX8G8TU2aQ6/YHFEFnpj+9l+ylvXPnAWHp7fUc1YQ3p4N/f1NrtAxu/NXN2TUbJnqgGdZV4WDW/0RBiAPaUUowtMBsttLG6WLrZfhoZp2nnI0iSb
ZESfM45gWVY82TlnnX8G8fVG2MG0hIdJplCsw69zF7G6ZA7pL8RuAzP9dSyH9CsfHq71Y+nks6GQrQMp3orrvjv42OdQbdlHi5WH7i62g/g=
ZESfM45gWVY82TlnnX8G8fVG2MG0hIdJplCsw69zF7G6ZA7pL8RuAzP9dSyH9CsfXDEXUbVXNn/LbCh200TgjGkE0Ivo+sgBoyUyEoeD8Js=
ZESfM45gWVY82TlnnX8G8fVG2MG0hIdJplCsw69zF7E8+6ZBmtKHzlaJ7wb+/yr+BgjymFsVvL7+gpklIrqUZ1k82Drk1321S4X5c6yUhmY=
ZESfM45gWVY82TlnnX8G8fVG2MG0hIdJplCsw69zF7E8+6ZBmtKHzlaJ7wb+/yr+UBmkpT6ti6JhdrFUyuIwQO+C0J8fgJ6u/WKDt3zPIyI=
ZESfM45gWVY82TlnnX8G8fVG2MG0hIdJplCsw69zF7E8+6ZBmtKHzlaJ7wb+/yr+3FPyuVSvSM0z/ES/2y178um2ah9pumcMBvoPw4D89+E=
ZESfM45gWVY82TlnnX8G8fVG2MG0hIdJplCsw69zF7E8+6ZBmtKHzlaJ7wb+/yr+LtnaUWDI4TZw4KR45ypq7W07Z9yAGYkHA3hYZUaGmtA=
ZESfM45gWVY82TlnnX8G8fVG2MG0hIdJplCsw69zF7E8+6ZBmtKHzlaJ7wb+/yr+mB4k99M8BrTNjTvEvqwM9eBIlK+E1HAKDHEWJ69l62s=
ZESfM45gWVY82TlnnX8G8fVG2MG0hIdJplCsw69zF7E8+6ZBmtKHzlaJ7wb+/yr+GIbZiiLZkKOFyOnwsZBgAn305X2+KMWnD1+bPdhWTys=
ZESfM45gWVY82TlnnX8G8fVG2MG0hIdJplCsw69zF7E8+6ZBmtKHzlaJ7wb+/yr+YKl5+OJzLwwn7MdRvvKLrZMJHgwAzf4jNGRjK5M41po=
ZESfM45gWVY82TlnnX8G8fVG2MG0hIdJplCsw69zF7GviuumgE41sVuKEMnkebcqhPrf2+uOxyERqg4VmzfPoDCQY+WJQgx+0YYzgECqJjo=
ZESfM45gWVY82TlnnX8G8fVG2MG0hIdJplCsw69zF7GviuumgE41sVuKEMnkebcqJ1J/TGPnfD6yJPGH2HqD4DhuYIRl8pKYadmhTxggI1M=
ZESfM45gWVY82TlnnX8G8fVG2MG0hIdJplCsw69zF7GviuumgE41sVuKEMnkebcqIBZdfYEioeMh4hF3iGwsO8P5NrODFGMRnqtOw2TPE7c=
ZESfM45gWVY82TlnnX8G8fVG2MG0hIdJplCsw69zF7GviuumgE41sVuKEMnkebcqdmY94z+S7HRMnXQhc8rNdsLYViof3634CaYBxhCGUwI=
ZESfM45gWVY82TlnnX8G8fVG2MG0hIdJplCsw69zF7GviuumgE41sVuKEMnkebcq+YrL14PDzXXzKF6f3MpUU45/avTopiMXLj0/okYST24=
ZESfM45gWVY82TlnnX8G8fVG2MG0hIdJplCsw69zF7GviuumgE41sVuKEMnkebcqUVdRVVbwws6r8Vsj+PfCPE90/uadspjL18zZ1yD+VhU=
ZESfM45gWVY82TlnnX8G8fVG2MG0hIdJplCsw69zF7GviuumgE41sVuKEMnkebcqKKFO1l1i4Y8ZIod/7bhPQO5QAKCiJTfMfuBOSr/LCj4=
ZESfM45gWVY82TlnnX8G8fVG2MG0hIdJplCsw69zF7GviuumgE41sVuKEMnkebcqA+Ph2coLDNOS0GSMrM15pL4VCgyxJdFn2dWtYXHYD44=
ZESfM45gWVY82TlnnX8G8fVG2MG0hIdJplCsw69zF7GviuumgE41sVuKEMnkebcqeacf+OcH0xLysDRLgwYBqGMS+zkB6gG8SXLkmi+NHGM=
ZESfM45gWVY82TlnnX8G8fVG2MG0hIdJplCsw69zF7GviuumgE41sVuKEMnkebcq7cOL4VSEp1H4UMr2Pu7gWXIP0FIDWmPiZRDRQqwjrv4=
ZESfM45gWVY82TlnnX8G8fVG2MG0hIdJplCsw69zF7GUTilzo1LutuefD6lvfRkSH/7J/jdCT9qdSJcr5ljrpcrFOaguPa+lRA+zhsTq3Tw=
ZESfM45gWVY82TlnnX8G8fVG2MG0hIdJplCsw69zF7GUTilzo1LutuefD6lvfRkSAmI2iDkMNT1SurbaLhuCIK26xNMuBikpVm8n+jWr9tE=
ZESfM45gWVY82TlnnX8G8fVG2MG0hIdJplCsw69zF7GUTilzo1LutuefD6lvfRkS9w0JFcQtNjxvCpy6nFdwJWil6us8rPyH52LiJDaqyLs=
ZESfM45gWVY82TlnnX8G8fVG2MG0hIdJplCsw69zF7GUTilzo1LutuefD6lvfRkSjstUnM0XQO+LyMEulPuSGypUbmCUWmXkfRoUYP/TFqQ=
ZESfM45gWVY82TlnnX8G8fVG2MG0hIdJplCsw69zF7GUTilzo1LutuefD6lvfRkS9dAolkedZrMIFWA7/E9I/kuwAmfI73H8NYxmbxDx1F4=
ZESfM45gWVY82TlnnX8G8fVG2MG0hIdJplCsw69zF7GUTilzo1LutuefD6lvfRkS9g8r/1PRvd22kO0LvsXbU5TzKjhuVCxp+gU3oH/pcdg=
ZESfM45gWVY82TlnnX8G8fVG2MG0hIdJplCsw69zF7GUTilzo1LutuefD6lvfRkSR5o2/Bi+RQVEwDJrWUaaoECb/JPvBIP/fd+h5ErlyE8=
ZESfM45gWVY82TlnnX8G8fVG2MG0hIdJplCsw69zF7GUTilzo1LutuefD6lvfRkSyn9WXYE/ZRnhMkama46f+HIHjfNpRfXD5+qYKYa4V4Y=
ZESfM45gWVY82TlnnX8G8fVG2MG0hIdJplCsw69zF7GUTilzo1LutuefD6lvfRkS3rAHRS3HR4FpKnwg7GbSktwedq+A/MWP0n+bufo5Cyw=
ZESfM45gWVY82TlnnX8G8fVG2MG0hIdJplCsw69zF7EGig5WmFvWGNKfaTUTsEB/V/XrHRT/eUo2hT+O47hJnfr2CsYvNE7VCmbvgAsW5lM=
ZESfM45gWVY82TlnnX8G8fVG2MG0hIdJplCsw69zF7EGig5WmFvWGNKfaTUTsEB/FcorHakHQ8FMXeXjzr+Owa5nEsNaRFl1y/oieXuKnMs=
ZESfM45gWVY82TlnnX8G8fVG2MG0hIdJplCsw69zF7EGig5WmFvWGNKfaTUTsEB/kRaL0XUeuvtvj4gY6T87YeLWehLofPR7gOC6yavDD7k=
ZESfM45gWVY82TlnnX8G8fVG2MG0hIdJplCsw69zF7EGig5WmFvWGNKfaTUTsEB/ULMclDP3lTVCPA1MFw4oXnSbzvMQ6iInip7MiJtMK2s=
ZESfM45gWVY82TlnnX8G8fVG2MG0hIdJplCsw69zF7GeOu72MnqRscGgkUeFvrbapSFq1zdFu8UxAZ0y0NWDG1S5HMpyGh3U2v8VyNvciBHMA6QUDBSOv/WECKbZQKx6l9u9yG2sUWErLnpLauTZfMFx1ako1Pn4bMN9R4Wkey8X50fn9Tk2yRjl1OhHBn4cPEq/LQZjmDasB3Q8HHE+mW8kYQvIRgIGuSuDwEtZHsOapZLSEGgXpHzlv9ROYo2v5TUUkfyHYq2DpjcRYt7Cl/na4hLCw14080NbXwSt86k=
ZESfM45gWVY82TlnnX8G8fVG2MG0hIdJplCsw69zF7HEhJgGB3NOUhfgyf9hSQw4mtB/236w2cj0nlR9vTDekz0LYYOhQu+vuRI3GMXESGAG3ITgc9wXbm1nclr7ADkU
ZESfM45gWVY82TlnnX8G8TwNAJW25NebwZFEaund7WP/0lTSZ0GPTBBGCSIlU8iovdXg/LVcCob1fqY6d65aLU5TYMGif5bAA04toFXENvcZ+c+Y5wIzCWo4pe3Zzc0b
ZESfM45gWVY82TlnnX8G8Veg5bbepGz8Bx8OXhQIEH3AtwSYUxgn4uvOzXBXp4AkrJoUnDrVc/ccXYWMzRAJv6849BxIHI2UJCu3n7LRVTU=
ZESfM45gWVY82TlnnX8G8Veg5bbepGz8Bx8OXhQIEH3AtwSYUxgn4uvOzXBXp4AkhPajp2797AFyuBPiR8fM56QKXQm6b7OFxY/j3fJueYg=
ZESfM45gWVY82TlnnX8G8Veg5bbepGz8Bx8OXhQIEH2HG9REUV0Jrwrd7F3XQxKqPlf0YO+I0bplALV/Af2ZFZCKgMc1WmSqGMnMHBmdSX8=
ZESfM45gWVY82TlnnX8G8Veg5bbepGz8Bx8OXhQIEH2HG9REUV0Jrwrd7F3XQxKqmP/eD+HRk1TAQB6cOuQsyS5uSNVhDuublCKNSTgMs3E=
ZESfM45gWVY82TlnnX8G8Veg5bbepGz8Bx8OXhQIEH2HG9REUV0Jrwrd7F3XQxKquNUoE6k3AOYb0ychBM5l9M6fwVWYKu+BWmaLMTTHvy0=
ZESfM45gWVY82TlnnX8G8Veg5bbepGz8Bx8OXhQIEH2HG9REUV0Jrwrd7F3XQxKqJ6YCG6Zq8xsv9bxvv05SDdbC9sz+HRYOGW4VSSyYKw4=
ZESfM45gWVY82TlnnX8G8Veg5bbepGz8Bx8OXhQIEH2HG9REUV0Jrwrd7F3XQxKqSZIAocNXA1ESfemm3LSTSIwGzgM/ZFlUm03mpI/8VNk=
ZESfM45gWVY82TlnnX8G8Veg5bbepGz8Bx8OXhQIEH2HG9REUV0Jrwrd7F3XQxKqxDRfoFnkLLqkdLN6F+6aep3LbOojZ/NEdKhsecPadDk=
ZESfM45gWVY82TlnnX8G8Veg5bbepGz8Bx8OXhQIEH2HG9REUV0Jrwrd7F3XQxKq5WUTdwp8RB0zHqm87yn9gGGDwfGIxx4T0i8fZbKH5pc=
ZESfM45gWVY82TlnnX8G8Veg5bbepGz8Bx8OXhQIEH2HG9REUV0Jrwrd7F3XQxKqAl1C7dfVg4Htb/fpO3Km9UTJnwVQ6jcX+WKFLZsjbew=
ZESfM45gWVY82TlnnX8G8Veg5bbepGz8Bx8OXhQIEH3SU7sQafowWFsJ2AB0GHyY2s4nZD+00VFE/0WwVvTUdDTFOS9rPQ75PD6SkFmvY5g=
ZESfM45gWVY82TlnnX8G8Veg5bbepGz8Bx8OXhQIEH3SU7sQafowWFsJ2AB0GHyYkuI6UCMfV95nPjxlwfcbg8J/z8Xgu4E3/f6Y1SKmKNY=
ZESfM45gWVY82TlnnX8G8Veg5bbepGz8Bx8OXhQIEH3SU7sQafowWFsJ2AB0GHyY4pusEstP3SN62iW5dGe/tYSr+dBU+xWLYSewZL60ciU=
ZESfM45gWVY82TlnnX8G8Veg5bbepGz8Bx8OXhQIEH3SU7sQafowWFsJ2AB0GHyY8OFAk0iwp+oLwfJf738jP0zhfRd9NTQgQ1YzYLFRhUE=
ZESfM45gWVY82TlnnX8G8Veg5bbepGz8Bx8OXhQIEH3SU7sQafowWFsJ2AB0GHyYu/xmSnAXlxyZYPoGETlvuAFwmeW46gx4InoUdWRplVE=
ZESfM45gWVY82TlnnX8G8Veg5bbepGz8Bx8OXhQIEH3SU7sQafowWFsJ2AB0GHyY+8lxDQ0MQsvwn2v09gjwEzNArzGmiSdhAxtPezHzfg0=
ZESfM45gWVY82TlnnX8G8Veg5bbepGz8Bx8OXhQIEH3SU7sQafowWFsJ2AB0GHyYLNP9OKF97PclXn/eyOgySH4JL5nIGRbFjb57s8ZWaMg=
ZESfM45gWVY82TlnnX8G8Veg5bbepGz8Bx8OXhQIEH3SU7sQafowWFsJ2AB0GHyYn+l0QKzx6Mw9cFZ+SFNC7MhPDp7tKKIPDWX0LESHY0s=
ZESfM45gWVY82TlnnX8G8Veg5bbepGz8Bx8OXhQIEH3SU7sQafowWFsJ2AB0GHyYtWIsVW5bMhCv9lqzxsKofObM8uXcqdQuefxd8Exdlow=
ZESfM45gWVY82TlnnX8G8Veg5bbepGz8Bx8OXhQIEH3SU7sQafowWFsJ2AB0GHyYrCUED5ldv+Cd9C8Aq2X8q7wJ8xhs/4clQ9ESm7LZowU=
ZESfM45gWVY82TlnnX8G8Veg5bbepGz8Bx8OXhQIEH3SU7sQafowWFsJ2AB0GHyYJCoXE6bdRjZahNo3LQErVJ3Cqu41BhgxqpsJYREMa0w=
ZESfM45gWVY82TlnnX8G8Veg5bbepGz8Bx8OXhQIEH3irOJV3iEqE1gRXpOTR282qlRKbrUNVizi/1+YY7MV1j4UKm+qHs/A9pbVW2dtGiE=
ZESfM45gWVY82TlnnX8G8Veg5bbepGz8Bx8OXhQIEH3irOJV3iEqE1gRXpOTR282Ce0gEVv4g8GT5GMVzN2XtrzxzkBXlEFmFFXk3kR/cKM=
ZESfM45gWVY82TlnnX8G8Veg5bbepGz8Bx8OXhQIEH3irOJV3iEqE1gRXpOTR2826vWbfIc9Kgk2EhjE5j64xrft/J5+786nmGBsIN1Kyp4=
ZESfM45gWVY82TlnnX8G8Veg5bbepGz8Bx8OXhQIEH3irOJV3iEqE1gRXpOTR282vm/DfOg5JMhYQRbfcofePzXfdLV9F1OfK59qI/7oYQk=
ZESfM45gWVY82TlnnX8G8Veg5bbepGz8Bx8OXhQIEH3irOJV3iEqE1gRXpOTR282SLb3AjKhz47y9cpqdrFWqIMLpeutWWgxDn3ovd0GEco=
ZESfM45gWVY82TlnnX8G8Veg5bbepGz8Bx8OXhQIEH3irOJV3iEqE1gRXpOTR282YjhFLzZ0ZKjpYZzCJSPgSMlKm450dFtSlKnKNKRTaRM=
ZESfM45gWVY82TlnnX8G8Veg5bbepGz8Bx8OXhQIEH3irOJV3iEqE1gRXpOTR282vO6DLMJ8ZF/siIW482cggjO3oP7lRxTbNnzanKMfcmA=
ZESfM45gWVY82TlnnX8G8Veg5bbepGz8Bx8OXhQIEH3irOJV3iEqE1gRXpOTR282CvhxgHT5sniZls3z9xxT/nE+cHp4ORQsgGyw3pkWj2Y=
ZESfM45gWVY82TlnnX8G8Veg5bbepGz8Bx8OXhQIEH3irOJV3iEqE1gRXpOTR282U8sm3W9n6QXmhkbNBMzXNesaArWairJBjpNyjxV61zQ=
ZESfM45gWVY82TlnnX8G8Veg5bbepGz8Bx8OXhQIEH3irOJV3iEqE1gRXpOTR282VkDOFZwSVCV5LNyyHTKp97ZVBoIU9Wwiv/gscu7vUB4=
ZESfM45gWVY82TlnnX8G8Veg5bbepGz8Bx8OXhQIEH3aTGPZNYPI9E+mT2uSwAqnaY4KkxHhiOkjGYpALbIPjOzZEAebFPSZWY2NC9AbnGI=
ZESfM45gWVY82TlnnX8G8Veg5bbepGz8Bx8OXhQIEH3SQIVShxDFJQaD1fJFf3F905JGXp2Pw+8+6fnpm/TQPRLGeTrekozoPADtmzBkhVEvU25kEvBKo5xILakvzRShlvJlU6wNh58DBPtH+l5w1o62wiU+qONNeQjjyQcup0BFOwsGBO7sbVrtjzeuidb8MWENzz0dbyvnF+2vEyYMNAMiCmJKYlmh4+K8MxSvXplHx/ySdmGnJ6cIwIMdRSS3R2EdFhUeLwEh9SxDHfTd5lya5DWVdi5qM/KNoG9Oirc=
ZESfM45gWVY82TlnnX8G8Veg5bbepGz8Bx8OXhQIEH30gmySH8cMk9IjF2aLLagS96I/J9rRx4mRl1wRETWlyg7QIylpgq+S465ZjH5xd9yaMnEKlZvMPH5iIsxvN9iG
ZESfM45gWVY82TlnnX8G8ewTLyDwys9jF0gR5dbM704EhaOoEZpXnzxWr5e6G65tKogceJmMa4sNf5Ul6Zh/7++I3IqgJDr4rCXkoTIfxtA=
ZESfM45gWVY82TlnnX8G8ewTLyDwys9jF0gR5dbM704EhaOoEZpXnzxWr5e6G65tfdnv040lgIN//XF1briSmpCBBoG5W9U9RMQRs0lpHm4=
ZESfM45gWVY82TlnnX8G8ewTLyDwys9jF0gR5dbM704EhaOoEZpXnzxWr5e6G65tnt8d+DYGgs8N7IRZA8YNUJbtM149RtZe7SMXRVWSVmw=
ZESfM45gWVY82TlnnX8G8ewTLyDwys9jF0gR5dbM704EhaOoEZpXnzxWr5e6G65tq9IixvKaG8mVgdrppcsadzvpe2/HXaGXCTqyc9/37Vs=
ZESfM45gWVY82TlnnX8G8ewTLyDwys9jF0gR5dbM704EhaOoEZpXnzxWr5e6G65tHCxsrFJ0GmtnVrGyHnINaFsu8CiSY6ThJDfvlp1Gvzg=
ZESfM45gWVY82TlnnX8G8ewTLyDwys9jF0gR5dbM707kRfrmwsyGYXcAks62my7vBBGmHGrwayBpGRBukj6wahdHq5s2ifJaFwzvUTGhXFc=
ZESfM45gWVY82TlnnX8G8ewTLyDwys9jF0gR5dbM707kRfrmwsyGYXcAks62my7vvhGBHB2JnS24ovXHXKMbsJTtt9UX4wlurSTp6kmohSY=
ZESfM45gWVY82TlnnX8G8ewTLyDwys9jF0gR5dbM707kRfrmwsyGYXcAks62my7vRcsgABPrheFsUnHHChVYml+iUn/1TIBAeHMyDz9SnZ4=
ZESfM45gWVY82TlnnX8G8ewTLyDwys9jF0gR5dbM707kRfrmwsyGYXcAks62my7v87WVFpTdnUUKzvw5gT4uuo2aw/o6PJyP9kCaH0u+smk=
ZESfM45gWVY82TlnnX8G8ewTLyDwys9jF0gR5dbM707kRfrmwsyGYXcAks62my7vg2jT3ZMurGw1Sy/gAfaisQ/cJRwPfFsplxZgAGMskg0=
ZESfM45gWVY82TlnnX8G8ewTLyDwys9jF0gR5dbM707kRfrmwsyGYXcAks62my7vvXEoZWXk1cb9QvI7o2CLQlth/AE0Qs3geDZh9aL6MyQ=
ZESfM45gWVY82TlnnX8G8ewTLyDwys9jF0gR5dbM707kRfrmwsyGYXcAks62my7vCKNoOY+gTI909m0c0PU51Or2HW9BPPFj3t21Z2lLU7Q=
ZESfM45gWVY82TlnnX8G8ewTLyDwys9jF0gR5dbM707kRfrmwsyGYXcAks62my7v27Ziqfsl9ep295PWDnkJCjJO+2i+HNiG6tTnc6g2ySc=
ZESfM45gWVY82TlnnX8G8ewTLyDwys9jF0gR5dbM707kRfrmwsyGYXcAks62my7vMJ0gmzjfVlJcGSRP0+cswIVTPFwokmb6MMN4nnT/rC0=
ZESfM45gWVY82TlnnX8G8ewTLyDwys9jF0gR5dbM704iPguzjkwBtr6HE5FjD6IyXFqc4scrQutXRntosJyu4yXC3RW1ve4EbaVcmWWiAO0=
ZESfM45gWVY82TlnnX8G8ewTLyDwys9jF0gR5dbM704iPguzjkwBtr6HE5FjD6IynzqZ89mD7EfDOuBbt15ni5IJ09+uZQlr2ooPdbAsh5w=
ZESfM45gWVY82TlnnX8G8ewTLyDwys9jF0gR5dbM704iPguzjkwBtr6HE5FjD6IyguFXqe9HJxBa3VO4l7/o/rhvUDwEa+YXJGQS7eE3cgU=
ZESfM45gWVY82TlnnX8G8ewTLyDwys9jF0gR5dbM704iPguzjkwBtr6HE5FjD6IyOFv9M7dTB4IYqB4oNA+RRM7YFH+pdOJkvlYcwbR8XOQ=
ZESfM45gWVY82TlnnX8G8ewTLyDwys9jF0gR5dbM704iPguzjkwBtr6HE5FjD6Iy4o52NrZ+Iqf8SQczveBQWdTCZvlGuDjcZOnK3OCZpLI=
ZESfM45gWVY82TlnnX8G8ewTLyDwys9jF0gR5dbM704iPguzjkwBtr6HE5FjD6IyXvBsS6nsfwpfjOqhYSKe/dxzZB9Fju9RvD6NB3jEamY=
ZESfM45gWVY82TlnnX8G8ewTLyDwys9jF0gR5dbM704iPguzjkwBtr6HE5FjD6IyPRoTyOR0sZsS5ZcK/ema0TCxO+EP0TvOYLLk0tzqWhM=
ZESfM45gWVY82TlnnX8G8ewTLyDwys9jF0gR5dbM704iPguzjkwBtr6HE5FjD6IynObFPpge3Dri6N7kZwlKMfycce5zfqKKf18+YTuONwI=
ZESfM45gWVY82TlnnX8G8ewTLyDwys9jF0gR5dbM704iPguzjkwBtr6HE5FjD6IyGLQrcFeXOWyYxdQygeRbzbADDyUDYrBffO3GRwTMejw=
ZESfM45gWVY82TlnnX8G8ewTLyDwys9jF0gR5dbM706Cic/cNvOfVynsUMfcRaMJI4845KTO9mvr/+NnDzGIsFP/3MgeOuCtfv2Qf4nDTTk=
ZESfM45gWVY82TlnnX8G8ewTLyDwys9jF0gR5dbM706Cic/cNvOfVynsUMfcRaMJ7ym21I2JucA0mTzhRUq2uyAstTx1K1U8Uphz5GA2v7Y=
ZESfM45gWVY82TlnnX8G8ewTLyDwys9jF0gR5dbM706Cic/cNvOfVynsUMfcRaMJvLdHo4qQ1hNY3YUMa+4BMAc+8JdmPedFFKy8jMMyUTY=
ZESfM45gWVY82TlnnX8G8ewTLyDwys9jF0gR5dbM706Cic/cNvOfVynsUMfcRaMJQuy2BjGm30Aw9VB7tObni/KxZMoIgkqkDhshk3XGPb8=
ZESfM45gWVY82TlnnX8G8ewTLyDwys9jF0gR5dbM706Cic/cNvOfVynsUMfcRaMJTk2zBDw7fSgoLomBa7z50ThIqW0Cb37eZUKp7vtixog=
ZESfM45gWVY82TlnnX8G8ewTLyDwys9jF0gR5dbM706Cic/cNvOfVynsUMfcRaMJARV4Jen5/g7+R3tdQBuE21ktIL5RqQ2mbckm0HTWaB0=
ZESfM45gWVY82TlnnX8G8ewTLyDwys9jF0gR5dbM706Cic/cNvOfVynsUMfcRaMJu28QxXFZL4fZ2/L9icxAXhbwEql3VsMPXw8KDPuKdak=
ZESfM45gWVY82TlnnX8G8ewTLyDwys9jF0gR5dbM706Cic/cNvOfVynsUMfcRaMJLgZ2E/9slxkBVyuZzxwLRmX8WrxbwXhzZG7HXSMCh50=
ZESfM45gWVY82TlnnX8G8ewTLyDwys9jF0gR5dbM706Cic/cNvOfVynsUMfcRaMJ77WWYH9z55XSaXg2Zy0Al0h+OZ75tFyXT6xN1Z/cSyI=
ZESfM45gWVY82TlnnX8G8ewTLyDwys9jF0gR5dbM707V4E5+L7K1+ij9j+ZyIpDy/Z+PW224UVcJSkk3ht1t0BjDLrjWZRl1dAscHJ+9acKaCnvRth5oLloBMDqBp4yn5JvgzCbo/jTY3rOTLTMrt3o2t4cpumSMB/rMcf2ryG9r4eIVui9x4yRwvc/u5rU0TYcN3U37rTKuakJQRNgDbT4+ACZLw3PHbiocZC/bU7qTSrnn51k12vvroF1Bc7FHhV48IiZ6109e45zHyU6HqZjEvovcSd0kwfVqhr0Jk3A=
ZESfM45gWVY82TlnnX8G8V2RzwoW1klAWTbOhwZdrMz3EDnWvxKFcKfQq802j3noDn2YXAPyCuN0L72GCFY3rG6Lj33o5f3KqegphRLsl21+87clx4wTynKnTslI4+hk
ZESfM45gWVY82TlnnX8G8ddjSRV07AKdbivRN35rXlUVxfne7vJeeWV7jHiudyHW5zt528lxMphwNReelphhsBjbDvry/hFnvPnxjY5v1FI=
ZESfM45gWVY82TlnnX8G8ddjSRV07AKdbivRN35rXlUVxfne7vJeeWV7jHiudyHWtZbiw1WBvGNSX10YlPbdsR8tnIvHadxTgDPlShLM9iw=
ZESfM45gWVY82TlnnX8G8ddjSRV07AKdbivRN35rXlUVxfne7vJeeWV7jHiudyHWfYjokRrUcS57lndQbuanA4LlY1VfBL5x8cXrjPmqeoQ=
ZESfM45gWVY82TlnnX8G8ddjSRV07AKdbivRN35rXlUVxfne7vJeeWV7jHiudyHWP2OwJ0Y645+puLTwh/ZlqT/Rq3awQlOYZzbC5r9bJAk=
ZESfM45gWVY82TlnnX8G8ddjSRV07AKdbivRN35rXlUVxfne7vJeeWV7jHiudyHWToM1WcLdpqQRKGOiuZbw0+eS2EG9XZCTr5tZ51DSRQY=
ZESfM45gWVY82TlnnX8G8ddjSRV07AKdbivRN35rXlUVxfne7vJeeWV7jHiudyHWPBwJUGcrLR17lRFXsmEvzn7sQmnkg2Am43mdSSRLRJ4=
ZESfM45gWVY82TlnnX8G8ddjSRV07AKdbivRN35rXlUVxfne7vJeeWV7jHiudyHWqyi2kakMQjLIZDKUKM6H8UBNuakFs/LAlD7UnlCn5+U=
ZESfM45gWVY82TlnnX8G8ddjSRV07AKdbivRN35rXlV7ySMdTTzu6psNd5jDF53szoBgTslnoigwrC5aJtEwPIkig76+ZKmnkh5W4yFF7b8=
ZESfM45gWVY82TlnnX8G8ddjSRV07AKdbivRN35rXlV7ySMdTTzu6psNd5jDF53s4ED09zoDmmkHsClQobULr9eyL7YrXRMexD5AYOzPFnY=
ZESfM45gWVY82TlnnX8G8ddjSRV07AKdbivRN35rXlV7ySMdTTzu6psNd5jDF53sK+jcoih9HuwOCgvEolmd9Mqcut9ra26iCUq/cUDhQXw=
ZESfM45gWVY82TlnnX8G8ddjSRV07AKdbivRN35rXlV7ySMdTTzu6psNd5jDF53smPf/wT5HhqroiroiruF0yNalxte/U5RM+WBcN0F6eYo=
ZESfM45gWVY82TlnnX8G8ddjSRV07AKdbivRN35rXlV7ySMdTTzu6psNd5jDF53sS/rwJoFedWO/QanMs43PoNq7deRTsKasqcSFGeBTWP8=
ZESfM45gWVY82TlnnX8G8ddjSRV07AKdbivRN35rXlV7ySMdTTzu6psNd5jDF53skkWoQEln+sAWo/yrVsOhN50U8W9LMSAKezF+Rf0YCnM=
ZESfM45gWVY82TlnnX8G8ddjSRV07AKdbivRN35rXlV7ySMdTTzu6psNd5jDF53savejs+U0XPdY/fBKMgF7sEQVwGfZql85IRJmp56gNH4=
ZESfM45gWVY82TlnnX8G8ddjSRV07AKdbivRN35rXlV7ySMdTTzu6psNd5jDF53s+mRuS0e/K7ViJiPk6WbWsblgyilF0CY+ENlc06TILuE=
ZESfM45gWVY82TlnnX8G8ddjSRV07AKdbivRN35rXlXFAtn01JIEwcqKDKpiUcTfw2OyV6PQNrnFeb7UqngnJYQjbyyM5lHa9ullN82MNxI=
ZESfM45gWVY82TlnnX8G8ddjSRV07AKdbivRN35rXlXFAtn01JIEwcqKDKpiUcTfZOoArKPsqZ0j6f6byzkt55CQKDG2/GRZ0r/tZYoDLoY=
ZESfM45gWVY82TlnnX8G8ddjSRV07AKdbivRN35rXlXFAtn01JIEwcqKDKpiUcTfuVhlCM25VTrrTOEwfUTCrkkksQsyDcL2hORR2PzBL7w=
ZESfM45gWVY82TlnnX8G8ddjSRV07AKdbivRN35rXlXFAtn01JIEwcqKDKpiUcTfGeClSwO+d2igi9OcjUfLIZ2MC6AGodQyBuTLc6vtmdM=
ZESfM45gWVY82TlnnX8G8ddjSRV07AKdbivRN35rXlXFAtn01JIEwcqKDKpiUcTfnjaKX0bgjE1+IqnK5rf46QznR0Hd22tvLMzQOAoFyf4=
ZESfM45gWVY82TlnnX8G8ddjSRV07AKdbivRN35rXlXFAtn01JIEwcqKDKpiUcTfECRNCU6at0+6c5LhNTdlpjefNwlOVUHB+UMh37n1PjY=
ZESfM45gWVY82TlnnX8G8ddjSRV07AKdbivRN35rXlXFAtn01JIEwcqKDKpiUcTf4SXUMS0sq8ZL78jVYEVPtXhem2J6oB9S47vTdI7izyI=
ZESfM45gWVY82TlnnX8G8ddjSRV07AKdbivRN35rXlXFAtn01JIEwcqKDKpiUcTfY7n2Si5nxYEqFIvEkFw/8PExUS6hIsO9rmStdnRe8DE=
ZESfM45gWVY82TlnnX8G8ddjSRV07AKdbivRN35rXlXFAtn01JIEwcqKDKpiUcTfv2GCWn7Ck0JZmfZzEy0GEjUm+KPmNE/WCbJdGJqY3uo=
ZESfM45gWVY82TlnnX8G8ddjSRV07AKdbivRN35rXlXFAtn01JIEwcqKDKpiUcTftudR29TkIE39kKRwUomhhOgvlwH0qT+fMhe/XqcP18Y=
ZESfM45gWVY82TlnnX8G8ddjSRV07AKdbivRN35rXlXFAtn01JIEwcqKDKpiUcTfBo4ELW+m6L4w2aQcmwy51Kh9i4OD6UvBYEXEi62pA8g=
ZESfM45gWVY82TlnnX8G8ddjSRV07AKdbivRN35rXlWUMLaEwVnl0DXcMVS3fFjDz1pk6l/+U8qx/GJJUhQmZ76zV5A6Ff3/syvz/59im+I=
ZESfM45gWVY82TlnnX8G8ddjSRV07AKdbivRN35rXlWUMLaEwVnl0DXcMVS3fFjDSQYYvtObWsV+hEL6WZIayYGbMKESxnjjrIDU6QyTSSo=
ZESfM45gWVY82TlnnX8G8ddjSRV07AKdbivRN35rXlWUMLaEwVnl0DXcMVS3fFjDIoVYLYoASjUsaJETAoduWR73vOfWbQIK5ptbfFaSOEc=
ZESfM45gWVY82TlnnX8G8ddjSRV07AKdbivRN35rXlWUMLaEwVnl0DXcMVS3fFjDy88FxeKQTdmH12lFu1/Ixcd6MaD7cl0weoWCWBTwAo4=
ZESfM45gWVY82TlnnX8G8ddjSRV07AKdbivRN35rXlWUMLaEwVnl0DXcMVS3fFjDdviRshZXnMjsrcAfNcZMs4803ky0aZFT8m/TgPf5Frg=
ZESfM45gWVY82TlnnX8G8ddjSRV07AKdbivRN35rXlWUMLaEwVnl0DXcMVS3fFjDsrc2ZMOfGRRHPZKmmfFe9DsIp4ebXIxiH/yG3ABzGmg=
ZESfM45gWVY82TlnnX8G8ddjSRV07AKdbivRN35rXlWW3BY9VPpV+go53PaPLaDJrGlkPl9iEXL73xNYdga3rKeDn5sZchZwaKXgtSnHeUd4CXVoMwfbN9fy0vNsybXbotTZllbCcEAc1oQSElkYc1WhGMf9kkRT6ZL4pqQmT269JHko9ldG5TxOZBADJU2yYxupS95XGuKSWr8In0llTqTvEQHskegB5ptho4Xb84vBep10YCn9AfR8kNgnRMubxTRFz3ykQetQ7f1GpL7nqRv6Lkdzzd5LYb3Gq14SwDQ=
ZESfM45gWVY82TlnnX8G8ddjSRV07AKdbivRN35rXlXNl6/2iGPRSocMCMMx7bbDkFuR3ElKzCThWnH9knHac/dC7MEBHWbpgmPFztgWB/nyuTOF8U/y3AhGUxIN7KfJ
ZESfM45gWVY82TlnnX8G8ePx2dWarktiy0O6BrqIP6lnuX/6xrrz7AXD5gLMN/ACwuh2wkZ0zMFadss59L1yXRI/lGpFwEKRin79Xo+vgzo=
ZESfM45gWVY82TlnnX8G8ePx2dWarktiy0O6BrqIP6lnuX/6xrrz7AXD5gLMN/ACUYChGRcqG2YvOoao7KW74njIypHChRLepOLFVugVa6I=
ZESfM45gWVY82TlnnX8G8ePx2dWarktiy0O6BrqIP6kIzxdONviepA1Wo8jC7/5DMatx5qqZP0I7ll+E7VV3yU9+Yb4F3nhJx1/tG+FDLmQ=
ZESfM45gWVY82TlnnX8G8ePx2dWarktiy0O6BrqIP6kIzxdONviepA1Wo8jC7/5Dw3uzsk17SxYb/vgVX2hAJGJxy9DPFOHM0SARGqSCYMI=
ZESfM45gWVY82TlnnX8G8ePx2dWarktiy0O6BrqIP6kIzxdONviepA1Wo8jC7/5DnB+eDafR2kckcG/GM/uXrfs6xMsQfFxHA8aBQVtyScY=
ZESfM45gWVY82TlnnX8G8ePx2dWarktiy0O6BrqIP6kIzxdONviepA1Wo8jC7/5D7AshkRvt6f8uzNlEdAKw4xoMz0DyXxJ86Mrckfe8BJg=
ZESfM45gWVY82TlnnX8G8ePx2dWarktiy0O6BrqIP6kIzxdONviepA1Wo8jC7/5D1kSbc4jAcLFkYq52Nl1z0DVYXuZTPnPYEPrbu4a+eWk=
ZESfM45gWVY82TlnnX8G8ePx2dWarktiy0O6BrqIP6kIzxdONviepA1Wo8jC7/5DK6vAdZUQxLvyapIfv0G5muN0ClFDz2w0LR7vLaI5vvQ=
ZESfM45gWVY82TlnnX8G8ePx2dWarktiy0O6BrqIP6kIzxdONviepA1Wo8jC7/5D1iE3Bpp+LJXgl4zFAvxZN+LqzLyeeB1elCr5VBHaEdU=
ZESfM45gWVY82TlnnX8G8ePx2dWarktiy0O6BrqIP6kIzxdONviepA1Wo8jC7/5Djlyc+i58SYAPNfkPDrS+4C7dXpyv5gtUGRuTswZjhkY=
ZESfM45gWVY82TlnnX8G8ePx2dWarktiy0O6BrqIP6kIzxdONviepA1Wo8jC7/5D9CVLvKtdNG+xSv/fJM3cfJqnauWgMTLgSpFQn8U5k84=
ZESfM45gWVY82TlnnX8G8ePx2dWarktiy0O6BrqIP6kIzxdONviepA1Wo8jC7/5Dp2BdOgT6KNfpruWRXUlJdn/fCnq9qZsTbbgFu5Ny3K8=
ZESfM45gWVY82TlnnX8G8ePx2dWarktiy0O6BrqIP6k7gcbG30iC5LDfBeJI+lxwCukwaFynWkAUXvmK5Wy9HIJz9bk3awOTW19nQlOo+hg=
ZESfM45gWVY82TlnnX8G8ePx2dWarktiy0O6BrqIP6k7gcbG30iC5LDfBeJI+lxwE6L8jzO3DCAAloOxpqIl1qFKpc1KIk3l8lJA+aGXOD0=
ZESfM45gWVY82TlnnX8G8ePx2dWarktiy0O6BrqIP6k7gcbG30iC5LDfBeJI+lxwJBufCQ7FfBPSwC61QwYKsKdftNSDLeN9N7l9bUYfR0s=
ZESfM45gWVY82TlnnX8G8ePx2dWarktiy0O6BrqIP6k7gcbG30iC5LDfBeJI+lxwjs/5AHC/BmIiaJOrZtRQgYkMKJDgiPNxdYy2lLTjev8=
ZESfM45gWVY82TlnnX8G8ePx2dWarktiy0O6BrqIP6k7gcbG30iC5LDfBeJI+lxwKoeSRS8VHH5w8qgp0RBiw0V1b+NuVO/r+Y2IU+9S80Q=
ZESfM45gWVY82TlnnX8G8ePx2dWarktiy0O6BrqIP6k7gcbG30iC5LDfBeJI+lxw7rSqkQAPHICsShSsyZlhG2e+68iSr2lRxF0sBi0vfqs=
ZESfM45gWVY82TlnnX8G8ePx2dWarktiy0O6BrqIP6k7gcbG30iC5LDfBeJI+lxwf/CXCe5azF7Xk8hHVw4Cgpx/Yyp/QGZ1uM7eBlVQF7M=
ZESfM45gWVY82TlnnX8G8ePx2dWarktiy0O6BrqIP6k7gcbG30iC5LDfBeJI+lxwNmoI3dXhBbgH8U66ex0cj1CGmAF10XT7A6NZBeBOSEs=
ZESfM45gWVY82TlnnX8G8ePx2dWarktiy0O6BrqIP6k7gcbG30iC5LDfBeJI+lxwWzBg1GBH3lt6MQWhmkZQYx68EVO9qDjNkc99Q+LQE8A=
ZESfM45gWVY82TlnnX8G8ePx2dWarktiy0O6BrqIP6k7gcbG30iC5LDfBeJI+lxwBuDdrkpP0XpGpuumVnkprnKO90nqbLr+PgxZ6mbYmBE=
ZESfM45gWVY82TlnnX8G8ePx2dWarktiy0O6BrqIP6k7gcbG30iC5LDfBeJI+lxwLmeC9LBEIuMpPxIuVElZJlsp2fryL6HZS0q8Rh3Ng8k=
ZESfM45gWVY82TlnnX8G8ePx2dWarktiy0O6BrqIP6kurKtGv74y3hIADpWCIata0nXLH0IwHDA8OjOWJz/r+gqezZeBKSuFmhBXnloLftc=
ZESfM45gWVY82TlnnX8G8ePx2dWarktiy0O6BrqIP6kurKtGv74y3hIADpWCIataAwq/zkyB4WghlFwJlyGDHbphhrG9kmPgCxGDSnt018U=
ZESfM45gWVY82TlnnX8G8ePx2dWarktiy0O6BrqIP6kurKtGv74y3hIADpWCIatadMpDy6LPZ/s4GIDjkPSOyM3B+Q7T0NiTthx1QnYFqbs=
ZESfM45gWVY82TlnnX8G8ePx2dWarktiy0O6BrqIP6kurKtGv74y3hIADpWCIatahW0Z+OkoA6Q/db0bICepPRqtIYooXzjVb7JkGVRmTrc=
ZESfM45gWVY82TlnnX8G8ePx2dWarktiy0O6BrqIP6kurKtGv74y3hIADpWCIatak8nL0zDrwKxJwJE7hdZjMo3wAV9VDBwEQhEPNk72ytM=
ZESfM45gWVY82TlnnX8G8ePx2dWarktiy0O6BrqIP6kurKtGv74y3hIADpWCIataQ2v4lZ58z/vLUunJxnwMwtbRYQ4KhjQTs+52fMF/U8c=
ZESfM45gWVY82TlnnX8G8ePx2dWarktiy0O6BrqIP6kurKtGv74y3hIADpWCIatay02dj+pCtoVl3NnTBYsSq+m7FQk0hKXiFjgHC1UmABk=
ZESfM45gWVY82TlnnX8G8ePx2dWarktiy0O6BrqIP6kurKtGv74y3hIADpWCIatawDnrBQuek3h7XrO/rT7rqkDR6W6m1iHtUcsZRt4dI3A=
ZESfM45gWVY82TlnnX8G8ePx2dWarktiy0O6BrqIP6kurKtGv74y3hIADpWCIatabh31gztPeJ9ENleLtb2pPqt7uXe7KFpLl9WC4Xxso5I=
ZESfM45gWVY82TlnnX8G8ePx2dWarktiy0O6BrqIP6lLcjSl8FF50hp4vbpxVdIRZ+7AZWMTx5YFA3/44x2fbPf4hDq8hUaOyCxN6q87u3JbkurBPvhIw2Zxp+EW9Ou6VXS7EhLP1NuX7GC8BezwC+rqNw9yGYOGQxCgxOADqeBX464xXI8kevKzIGUS4r04a5fuoKq/gGqGjSIY8j9w9dZQehVvSfsykSUDp87PWIE4+7K+pHoBt/Z+oWY+Aer/Xsldu0/bhCpfxVDrx5RK3a7t03qqvLVMJN40rzSbGGg=
ZESfM45gWVY82TlnnX8G8ePx2dWarktiy0O6BrqIP6miycH6ccvcthpo01cjrAbGUu6aXZ3fZICRxJ+bcak3swS/nTgySQ2lLhwBMheSyONAe2Vk1SrxywwGu/LeSAO3
