GmcONIA9PFzHw1gpPLLPoqev3ytAH5KO3S/CJpMsylg=
35kyjVfwBJgytCi6KM5Vug==
FNt9orFfFSbPIXNSbXcP2Q==
gE2g7VQeqq0h5MkG44fPUw==
A4ZCFW7RnVRfEnbtNxUDb8VFIQmzxcIFLuiIjRY2q84=
cwgQW1UgxyVfBeSrdwXHsPE1eoSAri+NViVSjTYe4hg=
pYn3RyiaY4vz2unSybTHuw==
mAzeFbkWBGyzJRgEWJSZYQNn44wFaguEUnqkvHVinQw=
NiGef/LGs6v8Em6sqLz1GYGKB0111uCW/TAqgkiW0+w=
2lfNnhNY+w/3xMaMUxJbE0YFT/wvMlSDz8Vrd5FEs18=
ZESfM45gWVY82TlnnX8G8dMZh12U78PLaIKxwgctLkUugr/ZFhnpGDgtugzXvFifNNuZ0CQ1um57Upsa5JpqQ5Krb2Op6ueQsqrSHCqUUi4=
ZESfM45gWVY82TlnnX8G8dMZh12U78PLaIKxwgctLkUugr/ZFhnpGDgtugzXvFifJn4MBOvD+NFGofwqyuL7oyd5YzfR+fHVGMW0kndQAEE=
ZESfM45gWVY82TlnnX8G8dMZh12U78PLaIKxwgctLkUugr/ZFhnpGDgtugzXvFifLcQC2TlYfN5F33VnDVx/GeUpxHLuzmZGE/2SG+bk5M4=
ZESfM45gWVY82TlnnX8G8dMZh12U78PLaIKxwgctLkUugr/ZFhnpGDgtugzXvFif8x572ghNDMbypCgeav5Xo/3SCkm8n03QDBKr0XJFlXI=
ZESfM45gWVY82TlnnX8G8dMZh12U78PLaIKxwgctLkUugr/ZFhnpGDgtugzXvFifQK+vc2/Gcy1W2ERXyBVSbgyLa00mdOZ1IbQBDScd0F8=
ZESfM45gWVY82TlnnX8G8dMZh12U78PLaIKxwgctLkUugr/ZFhnpGDgtugzXvFifbDhTdBqmeolyfk4KChqiGmk+oB3tK+jhL1jgP/NK5+A=
ZESfM45gWVY82TlnnX8G8dMZh12U78PLaIKxwgctLkVAdjK8P8tcy1WeedDmPXpf98a2LkSnL6UrYhS0P8WgALmH+jH2gMXq3WJOrvt37g0=
ZESfM45gWVY82TlnnX8G8dMZh12U78PLaIKxwgctLkVAdjK8P8tcy1WeedDmPXpfFJ/gDNzukpvpcHfps9p10czWq0dgokaGxhPVOS64HVk=
ZESfM45gWVY82TlnnX8G8dMZh12U78PLaIKxwgctLkVAdjK8P8tcy1WeedDmPXpfqzeIoU3FXLPiUOmp7q4qDPtZACLGwA6hvNm3PedwL5c=
ZESfM45gWVY82TlnnX8G8dMZh12U78PLaIKxwgctLkVAdjK8P8tcy1WeedDmPXpfXiQOn55BkUCPmMshv1dkgER2SBlSGwnuTHUKZxHaYc4=
ZESfM45gWVY82TlnnX8G8dMZh12U78PLaIKxwgctLkVAdjK8P8tcy1WeedDmPXpfNdAucOBWGhu0SVyPSspx5wn+/GxM3pWQwFQTMhF/64g=
ZESfM45gWVY82TlnnX8G8dMZh12U78PLaIKxwgctLkVAdjK8P8tcy1WeedDmPXpfim6/1wjr3cNFUyvIpkulJ3ZTMXVAEEl3YmuvGhh5P7Y=
ZESfM45gWVY82TlnnX8G8dMZh12U78PLaIKxwgctLkVAdjK8P8tcy1WeedDmPXpfSqd8IleGsdpx3a3uZb6ZiJs6RQhmRB9bnlsbV0pYIn8=
ZESfM45gWVY82TlnnX8G8dMZh12U78PLaIKxwgctLkVAdjK8P8tcy1WeedDmPXpfjiVkLYgymaDTA05dRkktJygFK3emJZXX7zKqHTxlj8w=
ZESfM45gWVY82TlnnX8G8dMZh12U78PLaIKxwgctLkVAdjK8P8tcy1WeedDmPXpfaFa+pJZOd3UoDKVtQ/l9EYz+F2TzjfB7tmCluj5Ux/4=
ZESfM45gWVY82TlnnX8G8dMZh12U78PLaIKxwgctLkVAdjK8P8tcy1WeedDmPXpf9E9iygru9iz77/pbyTmjG6SLJ8BGR0RtJPAJPrYAat8=
ZESfM45gWVY82TlnnX8G8dMZh12U78PLaIKxwgctLkU3jj92rIZdYjSZ/NPm4aG1pY4Gwsud1C1E+nRecV6kVWsrl3jkf+MTdtDWjF6SuRQ=
ZESfM45gWVY82TlnnX8G8dMZh12U78PLaIKxwgctLkU3jj92rIZdYjSZ/NPm4aG1gzLByBvPsjXiuAoL6UA1EqdYa7FaRjKyPbmDXv7PrhY=
ZESfM45gWVY82TlnnX8G8dMZh12U78PLaIKxwgctLkU3jj92rIZdYjSZ/NPm4aG1LmxROCybfPSwPhxmOdSJRt+ZGZnAuTcKCK+J2rlAaEA=
ZESfM45gWVY82TlnnX8G8dMZh12U78PLaIKxwgctLkU3jj92rIZdYjSZ/NPm4aG1WiTTVpvFz+BmHwQoucKYRDH1dOOSlPCzH1Z7OAMAFjk=
ZESfM45gWVY82TlnnX8G8dMZh12U78PLaIKxwgctLkU3jj92rIZdYjSZ/NPm4aG1eSje/D5ItCz5oMvjwoZmmhOAFcPoscP6Ua8eBhpYq04=
ZESfM45gWVY82TlnnX8G8dMZh12U78PLaIKxwgctLkU3jj92rIZdYjSZ/NPm4aG1TchBe5mO7lPyLfwdF2j7xYrW/EoSAr4/7HWJV3Bj3MM=
ZESfM45gWVY82TlnnX8G8dMZh12U78PLaIKxwgctLkU3jj92rIZdYjSZ/NPm4aG1JAdZ+HLgUzU5e0CML9qR5hMrXmXKk+7qNybZKbec+wU=
ZESfM45gWVY82TlnnX8G8dMZh12U78PLaIKxwgctLkU3jj92rIZdYjSZ/NPm4aG1rW+a1E2qOG2xACAMw7ETAHySUgIwtOdycCAK2jFYGwc=
ZESfM45gWVY82TlnnX8G8dMZh12U78PLaIKxwgctLkU3jj92rIZdYjSZ/NPm4aG1Hp+5klcR6JHVIwvW1hXZyk/YFUFrRkPmgcowVIooJxA=
ZESfM45gWVY82TlnnX8G8dMZh12U78PLaIKxwgctLkU3jj92rIZdYjSZ/NPm4aG1yMH7BmQ58+iCtFmV/RrYuEyrnzQa2OAAHsVJW9kpO1o=
ZESfM45gWVY82TlnnX8G8dMZh12U78PLaIKxwgctLkXGQjtFCusDlvBl+UpfWSmJEOFhD+GagFPjN93kA8RbgCqT/i5KaHnVpHql7WUzY8o=
ZESfM45gWVY82TlnnX8G8dMZh12U78PLaIKxwgctLkXGQjtFCusDlvBl+UpfWSmJJ/R8EBmcjpN1HTf2AiuL9dUYv3IyDt287DAcFyLhALk=
ZESfM45gWVY82TlnnX8G8dMZh12U78PLaIKxwgctLkWxyX64jQqgesAH9ZEMhq9tch7vImJ2eowmsF5BbFs09NA/hG2m8txKTH+lQtdJWC/Nfvz1zEPloV4lSWBG8uxf/E61gu8Z6pNn/t+0auMBWYdVRG/x1dR5cM+WNjm4ubTP2TpsmKugw70grXA3maf/wWVYbpz5Vnb2BhsXfhV7BCxAx52mTChraZOEMJ7nhQA9qBXDpjlmt2Vp/Rz4KiRfrNGZRWgeRab/9JYOeGCmYREuvd7AnFV9h4KYWR5YIw0=
ZESfM45gWVY82TlnnX8G8dMZh12U78PLaIKxwgctLkXjVot5Ifqhu4oaO8hvhSLmb2P7xR5gFb8DMmGJ5t2u+3GBwwd2jy53ySAz09Rrx/M=
ZESfM45gWVY82TlnnX8G8dMZh12U78PLaIKxwgctLkXjVot5Ifqhu4oaO8hvhSLmujFZey9CQgkhKWtF07BfTIwYohKahTSzarw0xZGMkCE=
ZESfM45gWVY82TlnnX8G8dMZh12U78PLaIKxwgctLkUugr/ZFhnpGDgtugzXvFifsTbbKCmpZYRn1E8+MiNPC1EchU6n1zdE689g7bw8JWY=
ZESfM45gWVY82TlnnX8G8dMZh12U78PLaIKxwgctLkUugr/ZFhnpGDgtugzXvFiffPWrRserjjR+TiU85x03DOuf11EssufGut0EYzJUIEU=
ZESfM45gWVY82TlnnX8G8dMZh12U78PLaIKxwgctLkUN3zhAyIsGpwvbyRYUO2mjHbvzBHTDU2PwAUvCHBTryr+mAj4mQx00pEbhDWk64+/P6fIJmmf5sJCXXpKENYxz
