GmcONIA9PFzHw1gpPLLPoqev3ytAH5KO3S/CJpMsylg=
35kyjVfwBJgytCi6KM5Vug==
FNt9orFfFSbPIXNSbXcP2Q==
gE2g7VQeqq0h5MkG44fPUw==
A4ZCFW7RnVRfEnbtNxUDb8VFIQmzxcIFLuiIjRY2q84=
cwgQW1UgxyVfBeSrdwXHsPE1eoSAri+NViVSjTYe4hg=
pYn3RyiaY4vz2unSybTHuw==
mAzeFbkWBGyzJRgEWJSZYQNn44wFaguEUnqkvHVinQw=
NiGef/LGs6v8Em6sqLz1GYGKB0111uCW/TAqgkiW0+w=
2lfNnhNY+w/3xMaMUxJbE0YFT/wvMlSDz8Vrd5FEs18=
ZESfM45gWVY82TlnnX8G8blukyc36rbk8SbSLZyHn+Tfcfjvqni+/kWbH3Pd4CghxRO6Zrfb4eLFTge1qp0pvpF/GBwrHetTS5O3XBqgOM4=
ZESfM45gWVY82TlnnX8G8blukyc36rbk8SbSLZyHn+Tfcfjvqni+/kWbH3Pd4Cgh77/snz4dg6yQqpRKXTeK/kEs5WKeIHwkQb5gyAVw16s=
ZESfM45gWVY82TlnnX8G8blukyc36rbk8SbSLZyHn+Tfcfjvqni+/kWbH3Pd4CghWpX1YcgZmpiZufs/D8E4bw5lknEYi7fByYkfA1J151s=
ZESfM45gWVY82TlnnX8G8blukyc36rbk8SbSLZyHn+Tfcfjvqni+/kWbH3Pd4Cghhr0cK8P6aVH3CIQ1Wmk1WRyDuLSRHfT2BO1YlrCTLAY=
ZESfM45gWVY82TlnnX8G8blukyc36rbk8SbSLZyHn+Qt3Wz11gPvFvpDb+AAZHQVZJsppqkI3V2dSY7+svaKVw0nC3mUTMqaCO+L/Ig2kTI=
ZESfM45gWVY82TlnnX8G8blukyc36rbk8SbSLZyHn+Qt3Wz11gPvFvpDb+AAZHQVrr4852XKUvAwdog6C42wQUT6lfTp2rCnQ20ulUAaciY=
ZESfM45gWVY82TlnnX8G8blukyc36rbk8SbSLZyHn+Qt3Wz11gPvFvpDb+AAZHQVxxvi3B36JwT7h0ElPoqHltjjD0qCXKhYokf3hjiVEc4=
ZESfM45gWVY82TlnnX8G8blukyc36rbk8SbSLZyHn+Qt3Wz11gPvFvpDb+AAZHQVrL2Y2H3CYlpPncCjxMUdkBjBfLU4OisumME+fEunf0A=
ZESfM45gWVY82TlnnX8G8blukyc36rbk8SbSLZyHn+Qt3Wz11gPvFvpDb+AAZHQVDFcudRNwh8KDfFzKm6ibcxULQnhHU9M3sV+nOi33bh4=
ZESfM45gWVY82TlnnX8G8blukyc36rbk8SbSLZyHn+Qt3Wz11gPvFvpDb+AAZHQVbjhuqwAqUcmDXvzOmT53Bi16ZaMaX/Pc8Ggwzdubbqw=
ZESfM45gWVY82TlnnX8G8blukyc36rbk8SbSLZyHn+Qt3Wz11gPvFvpDb+AAZHQVOTsnGyMEzve89HRCMACJ2+hWV6NPGt4uUln9qwnZPMQ=
ZESfM45gWVY82TlnnX8G8blukyc36rbk8SbSLZyHn+Qt3Wz11gPvFvpDb+AAZHQVY9VqwIJEd0ZL1vADmZ84xlzFiUNUKk9oNPHKVUkVwXk=
ZESfM45gWVY82TlnnX8G8blukyc36rbk8SbSLZyHn+Qt3Wz11gPvFvpDb+AAZHQV1vjJDjtDcQfom0pW4y/B6PQ91JsOAZzruJLJ2hJa3O4=
ZESfM45gWVY82TlnnX8G8blukyc36rbk8SbSLZyHn+Q0SdWPpq0FK5yQ2qwd7xjlBPfRxTl1KRpTqHOqxeTM/yyNyU4zT0xEfk7sLSWy1Pg=
ZESfM45gWVY82TlnnX8G8blukyc36rbk8SbSLZyHn+Q0SdWPpq0FK5yQ2qwd7xjl519+uus96S/AbE/XY24MxrKoq7QSIQ7aaPpVeXMAtQo=
ZESfM45gWVY82TlnnX8G8blukyc36rbk8SbSLZyHn+Q0SdWPpq0FK5yQ2qwd7xjlKn9xIiPuciVUNG9Te1DVepVhJRjxH4J3/MzHJR5ktG4=
ZESfM45gWVY82TlnnX8G8blukyc36rbk8SbSLZyHn+Q0SdWPpq0FK5yQ2qwd7xjlZK00M3YSErKj6uuBlCJozuBnEGdII9LdR0EiyxG9dBo=
ZESfM45gWVY82TlnnX8G8blukyc36rbk8SbSLZyHn+Q0SdWPpq0FK5yQ2qwd7xjlHkC7MzCwbAJiw78oXBzCB1FHo9jyipuB0cXK+/cacYE=
ZESfM45gWVY82TlnnX8G8blukyc36rbk8SbSLZyHn+Q0SdWPpq0FK5yQ2qwd7xjlcrJJaLPpA6mH6Ar4so55PlibvXRZfEt7RCUugK6QnR0=
ZESfM45gWVY82TlnnX8G8blukyc36rbk8SbSLZyHn+Q0SdWPpq0FK5yQ2qwd7xjlKkZgzGKltL1sHRWSRNQyJRReRKi7m6lH4ogoEeLju5c=
ZESfM45gWVY82TlnnX8G8blukyc36rbk8SbSLZyHn+Q0SdWPpq0FK5yQ2qwd7xjleewPN6aVcUnxjQgEfGzVbHJT3i94Bw8qQEZGs7zp4j0=
ZESfM45gWVY82TlnnX8G8blukyc36rbk8SbSLZyHn+Q0SdWPpq0FK5yQ2qwd7xjl6FMlfWyhjxRbC191xEX2Nh+rkc+2qr3SmiueYlB76/A=
ZESfM45gWVY82TlnnX8G8blukyc36rbk8SbSLZyHn+Q706COl5Az6DG93Bh6T4lD//INapImGxKhw3O/oGy8KuDaR5N/3fyaA29g8l5/CvA=
ZESfM45gWVY82TlnnX8G8blukyc36rbk8SbSLZyHn+Q706COl5Az6DG93Bh6T4lDMVzAxi6IDQAus80BKZf/fBmE04my2joENKhQp0/uv50=
ZESfM45gWVY82TlnnX8G8blukyc36rbk8SbSLZyHn+Q706COl5Az6DG93Bh6T4lDQxhLFoTRTZY6M4aVwyyOynJP4eYmQ6fmwTUona1T3PQ=
ZESfM45gWVY82TlnnX8G8blukyc36rbk8SbSLZyHn+Q706COl5Az6DG93Bh6T4lDvxyecDycpyaFkALTcZQ6vIiwoE7C/hVNlQOAOtgqhH8=
ZESfM45gWVY82TlnnX8G8blukyc36rbk8SbSLZyHn+Q706COl5Az6DG93Bh6T4lD60PnBjgKiPqu+chW2AdoEomjDggdBFVKyzjOmZSUF9w=
ZESfM45gWVY82TlnnX8G8blukyc36rbk8SbSLZyHn+Q706COl5Az6DG93Bh6T4lD5yrnz1DYryMjF2EL89KlUfu4+Apf9acgTtfLTNJhkFQ=
ZESfM45gWVY82TlnnX8G8blukyc36rbk8SbSLZyHn+Q706COl5Az6DG93Bh6T4lDymAcgob30ss3w03NmZLbmQpSMO/zS1wf+H9QaOFQqNo=
ZESfM45gWVY82TlnnX8G8blukyc36rbk8SbSLZyHn+RoosusAr5oEZ40DQv7TzY8WYz/ujiS1UNC8HZ4oEd7VmZhUZLd7dAyyxYKWcN9gQY=
ZESfM45gWVY82TlnnX8G8blukyc36rbk8SbSLZyHn+RoosusAr5oEZ40DQv7TzY8XTLg/BtYNWDEKlJlYbM5kZRTRCX1CmH33GVRDyLTpV0=
ZESfM45gWVY82TlnnX8G8blukyc36rbk8SbSLZyHn+RoosusAr5oEZ40DQv7TzY8s3yvWo8xa139wAPKepBX6O89VfXLudThMVq2SNF8+qc=
ZESfM45gWVY82TlnnX8G8blukyc36rbk8SbSLZyHn+T8T1dVz7Nb8zglfADzWda6NzSFMBWbByCmHLO7r6bYBfhKnwTJiDvfZTR2+9zs+AlwKePyL46s96c8kK2g9xM93j7GknUbhdd+oJHjLITkrlI5gzJxjRFLWoEYuoJJavTj2mGLv1xt65NCjIdfR+hXfjPcjF5PRxx4agTZrEj4i1hpWwI5eKzzknqGRuvSaAkghloVq1yG5mscOG9W3h6cZrIc+B01Cz/naSgH3HNdla2kf0zqSQDFHFPA98D2Ajs=
ZESfM45gWVY82TlnnX8G8blukyc36rbk8SbSLZyHn+RJbTRMgJkpuOhQawg5qMq8WYzgHfOCVxfLfQ2GxEPJFzV6DoNt0YFfsk1a8UccXCQzt8AtVZUHdwZUvja7F7QW
ZESfM45gWVY82TlnnX8G8WtbiUxf7PS5aFNCLkwlPYT6BJ7Y+kbNu9g1EyrPga0bZ9M8k+6iC7wceZL14s8WR0+T+PHABFZ+5xmMhTILV9k=
ZESfM45gWVY82TlnnX8G8WtbiUxf7PS5aFNCLkwlPYT6BJ7Y+kbNu9g1EyrPga0bpfiUw8G40L83FMWvIHsxPiPfaDGwo8OU2SvFR6lJZNs=
ZESfM45gWVY82TlnnX8G8WtbiUxf7PS5aFNCLkwlPYT6BJ7Y+kbNu9g1EyrPga0bIBEYW2SEo3FsGyGgC3oMfXgAp7+eeUbz4k9hDfG/NMQ=
ZESfM45gWVY82TlnnX8G8WtbiUxf7PS5aFNCLkwlPYT6BJ7Y+kbNu9g1EyrPga0bTbj4cTfpeemuMjkWCUIfSKpFvwkKpcFygrexhdVlOEM=
ZESfM45gWVY82TlnnX8G8WtbiUxf7PS5aFNCLkwlPYT6BJ7Y+kbNu9g1EyrPga0bLZaDM7XHjojhUDvljBayRHmwchkmqdn0dfjiu5+PcEk=
ZESfM45gWVY82TlnnX8G8WtbiUxf7PS5aFNCLkwlPYTY0Q1zVobyxHgsWfdfT/JAzmyT59WGcqTDdgxLpOY91oOs6ieGIBrjXFn+uziU0CQ=
ZESfM45gWVY82TlnnX8G8WtbiUxf7PS5aFNCLkwlPYTY0Q1zVobyxHgsWfdfT/JAQ2FEp2AT0YPn5NkfIIVIQghp8xQ6r1MM/AhqvRXh/8Q=
ZESfM45gWVY82TlnnX8G8WtbiUxf7PS5aFNCLkwlPYTY0Q1zVobyxHgsWfdfT/JAP1b0VE8EGUkxslL1xPUlJ9bKFDcgZGaKiQnUkcC+xr4=
ZESfM45gWVY82TlnnX8G8WtbiUxf7PS5aFNCLkwlPYTY0Q1zVobyxHgsWfdfT/JAa1gHs6WPtxDQ42C7HKf6sJ1IYM+UN4LoD2dtczsvQRg=
ZESfM45gWVY82TlnnX8G8WtbiUxf7PS5aFNCLkwlPYTY0Q1zVobyxHgsWfdfT/JAohUHLxmHqNreFvszB19gvfp3wKy83VbjhgkIDrvpo4M=
ZESfM45gWVY82TlnnX8G8WtbiUxf7PS5aFNCLkwlPYTY0Q1zVobyxHgsWfdfT/JA/WXKssxTDNVTxoHwZIkiHmW2f/x7g26VWpd0LZ+A60I=
ZESfM45gWVY82TlnnX8G8WtbiUxf7PS5aFNCLkwlPYTY0Q1zVobyxHgsWfdfT/JAquO51HSTE+ZvfyTUn+rEcLHCNYWBuu4/KUy1wSmrsRk=
ZESfM45gWVY82TlnnX8G8WtbiUxf7PS5aFNCLkwlPYTY0Q1zVobyxHgsWfdfT/JA9OlMiRpUW3cPXF6r/+/w/BmlTT037gjR2LYoR37rEhA=
ZESfM45gWVY82TlnnX8G8WtbiUxf7PS5aFNCLkwlPYTY0Q1zVobyxHgsWfdfT/JA6+Mz5xTjlUboACZj31+IGTHqeePbBz1CnIdK2uPmvoQ=
ZESfM45gWVY82TlnnX8G8WtbiUxf7PS5aFNCLkwlPYTY0Q1zVobyxHgsWfdfT/JAo5kKBOyXGJdbNcwtmiwnukkK05wa5hwcfHBjnbRkL48=
ZESfM45gWVY82TlnnX8G8WtbiUxf7PS5aFNCLkwlPYQ4ZdmhsRB8qMR4UubrC02exbQ9T3CsjgCD6HUwOffGCGI0h+LBQDkC9dEpcXdTFB4=
ZESfM45gWVY82TlnnX8G8WtbiUxf7PS5aFNCLkwlPYQ4ZdmhsRB8qMR4UubrC02eSy5Ir2asK24QsMC8iym3KwtuXX3fX0HCU5rY9PXk+ko=
ZESfM45gWVY82TlnnX8G8WtbiUxf7PS5aFNCLkwlPYQ4ZdmhsRB8qMR4UubrC02e0Em+ceNkkGErEGreKLkVt+d7Izw/py1pw172vmzVEQw=
ZESfM45gWVY82TlnnX8G8WtbiUxf7PS5aFNCLkwlPYQ4ZdmhsRB8qMR4UubrC02erjQyMavYJK/aejNVHtyxOZ8pnWgjDDpxPyotkloF0+Q=
ZESfM45gWVY82TlnnX8G8WtbiUxf7PS5aFNCLkwlPYQ4ZdmhsRB8qMR4UubrC02ey66pOv3dBrqB4OrzQxA1zrbbtHzioN+HWXh877Afm1M=
ZESfM45gWVY82TlnnX8G8WtbiUxf7PS5aFNCLkwlPYTlBE6THEtwB5bZ4poAcoaFhRB8Sw7Gu00pRZQtbsY35/e+jkL0ot35WIwPBRCPESuh2+tEDwbL/mKma73GQL1SfY0aKDzXkJhC8xnZUMfgCVpeCRKHGIzQLsaUFf5m1qiDI7Qa2xy7Su5nzQZ0iJwU9V8TKx+gHSn1bLS7aeOhtKw8oA0JbmPjt9FCejR+KJPpCL27jMgEKPN4HM4pBX7PeCOQ4nD6blDoHhGhxkqztnP1ZYnDUQO265yFxIjpAHw=
ZESfM45gWVY82TlnnX8G8WtbiUxf7PS5aFNCLkwlPYREoq85usOYHNXpIxn4MUOuwfew2ENFRx8N/KefwM2OTx+AvBaCyMNUtJ2AlxNYLak=
ZESfM45gWVY82TlnnX8G8WtbiUxf7PS5aFNCLkwlPYREoq85usOYHNXpIxn4MUOu8WFyc/HPFaQeztlfRA2hkLi908+2KzfnVNjfFx42uNM=
ZESfM45gWVY82TlnnX8G8WtbiUxf7PS5aFNCLkwlPYREoq85usOYHNXpIxn4MUOupndw2DStlYJQdDKB+Ocb9xBCF6N2kf8c5RdJwoG4RYA=
ZESfM45gWVY82TlnnX8G8WtbiUxf7PS5aFNCLkwlPYREoq85usOYHNXpIxn4MUOubfYWVixAOspeUAYnYFAcSla3QOV/kexa6kYOm0JNm2c=
ZESfM45gWVY82TlnnX8G8WtbiUxf7PS5aFNCLkwlPYREoq85usOYHNXpIxn4MUOuz0rUSGWG3DqQsCfjZZVi1j0ya8golTFptk2f3SaIFA8=
ZESfM45gWVY82TlnnX8G8WtbiUxf7PS5aFNCLkwlPYREoq85usOYHNXpIxn4MUOu2B8Y8zR3Kd72v0+xA7aSnEPCOGLhywTwUuJ9Wke5y5Y=
ZESfM45gWVY82TlnnX8G8WtbiUxf7PS5aFNCLkwlPYT6BJ7Y+kbNu9g1EyrPga0bQ3GwJqN7YJyxKXx+6ycXsBImSjH+PevxwWWfDwvEZXg=
ZESfM45gWVY82TlnnX8G8WtbiUxf7PS5aFNCLkwlPYT6BJ7Y+kbNu9g1EyrPga0bhxXMT890uVKxsGqIKoTctUnmw7eiutSRx3LQcarYpck=
ZESfM45gWVY82TlnnX8G8WtbiUxf7PS5aFNCLkwlPYT6BJ7Y+kbNu9g1EyrPga0boDMSKV0+wc7ll09lG5fFBJsVAYzKZ9IWJMpk7i7BuUc=
ZESfM45gWVY82TlnnX8G8WtbiUxf7PS5aFNCLkwlPYT6BJ7Y+kbNu9g1EyrPga0bkotORdX4b1GpMeX/81FEnT8jq9Amt7Z9SzM5EsvurlY=
ZESfM45gWVY82TlnnX8G8WtbiUxf7PS5aFNCLkwlPYT6BJ7Y+kbNu9g1EyrPga0bGr23Bx9mREGop4oOv/I9XXbvdKpbg6dlYVB8AtYIZOA=
ZESfM45gWVY82TlnnX8G8WtbiUxf7PS5aFNCLkwlPYT6BJ7Y+kbNu9g1EyrPga0bUR37KEX1dZ+4ijEIWu6pn2q9bXB6XJXARsQmEu2O5fc=
ZESfM45gWVY82TlnnX8G8WtbiUxf7PS5aFNCLkwlPYQODZrX3CxYbfJqIIZ+6zrLJ2VNu/ul7leca17ONBQS4quyFjPjep/x5QbTGGVULpdKHHxMn76fLTUeAS1xSb/l
ZESfM45gWVY82TlnnX8G8fE+UP300GU/Ml4krs8Po912Lhaue1PSRoJ6wq0l8Au3cr33jc8ZPS729UVU33nwKhtRktDxbrN5B6lHju7f+Uw=
ZESfM45gWVY82TlnnX8G8fE+UP300GU/Ml4krs8Po912Lhaue1PSRoJ6wq0l8Au3Gq854rEnLVcd39Ya1BI4PwG7koTHXdOa4Qm01CjZbK4=
ZESfM45gWVY82TlnnX8G8fE+UP300GU/Ml4krs8Po912Lhaue1PSRoJ6wq0l8Au3uT9LnRgQBUOiem0iP5IAT71R+lVEe67vw57GVFwnJ3E=
ZESfM45gWVY82TlnnX8G8fE+UP300GU/Ml4krs8Po912Lhaue1PSRoJ6wq0l8Au3uQNSfbmiiL9lfhuAVGSNYAz4Y0lLRAmmKBhVq/03CGU=
ZESfM45gWVY82TlnnX8G8fE+UP300GU/Ml4krs8Po912Lhaue1PSRoJ6wq0l8Au37Ln4eB97g3aBWBeQ8m1Cyn6CQ2ayJ7gRx3bYxznFT1g=
ZESfM45gWVY82TlnnX8G8fE+UP300GU/Ml4krs8Po92gjUgPZROmQ0CMa7XspW1uoYttowa8GuwJDYdan+0xO/lv4UaaaPwI1+J9NiPhz7Q=
ZESfM45gWVY82TlnnX8G8fE+UP300GU/Ml4krs8Po92gjUgPZROmQ0CMa7XspW1usEsN6F44AtpWTde4mtZKAOqogl2UOPTQbMdiwB4f+14=
ZESfM45gWVY82TlnnX8G8fE+UP300GU/Ml4krs8Po92gjUgPZROmQ0CMa7XspW1uPVWCr1p1kqwLzQueBqZr1VFO4cMaJXQ4jGvnVet59IM=
ZESfM45gWVY82TlnnX8G8fE+UP300GU/Ml4krs8Po92gjUgPZROmQ0CMa7XspW1ux6yjK+aAwXyfi+2XVLDT7Q53qRhpUwSaAHlloX6lN5c=
ZESfM45gWVY82TlnnX8G8fE+UP300GU/Ml4krs8Po92gjUgPZROmQ0CMa7XspW1uhjq6CaouIMC4iTxt623mlPD2+9jsu+93x7m4G9S0Cmw=
ZESfM45gWVY82TlnnX8G8fE+UP300GU/Ml4krs8Po92gjUgPZROmQ0CMa7XspW1ua7fRtNekJroBhP2b//VaKaLvRlXF/C7IakrWcmImCB0=
ZESfM45gWVY82TlnnX8G8fE+UP300GU/Ml4krs8Po93lRxUVyYdT3fYkGqxtWIM3bd5KU85FXP5mXI+qFTeKHeveovTCBlelMDQDMOI9QqQ=
ZESfM45gWVY82TlnnX8G8fE+UP300GU/Ml4krs8Po93lRxUVyYdT3fYkGqxtWIM3MNRW/v80XGvxK9kgc3LawTXT2w6K47/Z2VIj1dmqrWI=
ZESfM45gWVY82TlnnX8G8fE+UP300GU/Ml4krs8Po93lRxUVyYdT3fYkGqxtWIM3KFPAqj8Jh9vmDEiCu2VSBX6Php04qIwRc2nr4q90Dio=
ZESfM45gWVY82TlnnX8G8fE+UP300GU/Ml4krs8Po93lRxUVyYdT3fYkGqxtWIM3MMyDMkaR5GerXNho2zB8rtThOb+ipvalyzWtrabYZiY=
ZESfM45gWVY82TlnnX8G8fE+UP300GU/Ml4krs8Po93lRxUVyYdT3fYkGqxtWIM3YF3j5g40y548VJwn2wQY9Z61muEVQPkZqXScor9Bipg=
ZESfM45gWVY82TlnnX8G8fE+UP300GU/Ml4krs8Po93lRxUVyYdT3fYkGqxtWIM3wUMFVuYLL5y41fBxr/55J2VNVvtjPivqMSIk/2+zZDE=
ZESfM45gWVY82TlnnX8G8fE+UP300GU/Ml4krs8Po93lRxUVyYdT3fYkGqxtWIM3vBOp6HMOB+4ea6CVPnvrWJMJwcsBjsdJI9JddY/684s=
ZESfM45gWVY82TlnnX8G8fE+UP300GU/Ml4krs8Po93lRxUVyYdT3fYkGqxtWIM303x1V6IVHZka4peBlRX6sHN6zBJOr0VlG1wMbN8UbIs=
ZESfM45gWVY82TlnnX8G8fE+UP300GU/Ml4krs8Po93cWHpf8KX2fovidW+Sv58rbqlLWqtmL7AW6sghG65SeVixYRBtbCQJxeziyQJU0FU=
ZESfM45gWVY82TlnnX8G8fE+UP300GU/Ml4krs8Po93cWHpf8KX2fovidW+Sv58rEPo+1yx4At14Ua4T6br1aQk+deFZADMSijZ981QnYEc=
ZESfM45gWVY82TlnnX8G8fE+UP300GU/Ml4krs8Po93cWHpf8KX2fovidW+Sv58rchZTHLY09rHGbnQ7Ym7XyvoUw8GnK62+yfCsFzLmOJ0=
ZESfM45gWVY82TlnnX8G8fE+UP300GU/Ml4krs8Po93cWHpf8KX2fovidW+Sv58r4toSG6phPylgsHLPcZL8odHCNQgpca2AHQ6DGqu8dlA=
ZESfM45gWVY82TlnnX8G8fE+UP300GU/Ml4krs8Po93cWHpf8KX2fovidW+Sv58rD/C/Vu/d7ueHn+6L3TeGRXHw3Ln4jHGHIyODgFwoQ5U=
ZESfM45gWVY82TlnnX8G8fE+UP300GU/Ml4krs8Po93cWHpf8KX2fovidW+Sv58rA4EbV+6af625rx1xJg0f9SZs3MD5QPoz7bLjR1UZxLg=
ZESfM45gWVY82TlnnX8G8fE+UP300GU/Ml4krs8Po92VGoiYF+oaVw/YL2riD1nzRX2e4pRscJkNe/iTh2v2qTNecVZjql4z4QLUJUjKyNo=
ZESfM45gWVY82TlnnX8G8fE+UP300GU/Ml4krs8Po92VGoiYF+oaVw/YL2riD1nzt5oLlcmFE66WMMi0ymqYFCnrOOK+oEwQ5vZFLeq8ck0=
ZESfM45gWVY82TlnnX8G8fE+UP300GU/Ml4krs8Po92VGoiYF+oaVw/YL2riD1nzVgIc8+0yYojGBoFLFD0e8O+3gBXXpS7Uxrmjq+eJSa0=
ZESfM45gWVY82TlnnX8G8fE+UP300GU/Ml4krs8Po92VGoiYF+oaVw/YL2riD1nzNOgEU1YjMLU6jLvRkCnDG7Dqc72c/WEdY0/Co2a2tME=
ZESfM45gWVY82TlnnX8G8fE+UP300GU/Ml4krs8Po92VGoiYF+oaVw/YL2riD1nzJGRqr0YEhtCDlJ1i8III9ZPPoLHmkmGKNdXxuY1CcQQ=
ZESfM45gWVY82TlnnX8G8fE+UP300GU/Ml4krs8Po92VGoiYF+oaVw/YL2riD1nzaM9IF28OmEryWLImS6f34dGcTbD7wrwsmjEoOcY7L28=
ZESfM45gWVY82TlnnX8G8fE+UP300GU/Ml4krs8Po92VGoiYF+oaVw/YL2riD1nzw7bN0s7mqs6pgCKLnCf/3+f89Bg3+Bc90PmHUhjShb0=
ZESfM45gWVY82TlnnX8G8fE+UP300GU/Ml4krs8Po901XfK0B/UfZIW+MDM1997gXc5vysXmzXSvFHoPIiajXo5bHSxtoqNsAWwwoV7wrIoYj5l/qyFwvV1piyPJ8N8JGUgUHWJ/wDi4+R85B1fMdNkMRCS+S4B/XIZ9OQV22hqwZkQIPcRZrrscesoZZ2uEIJoT1FhbKmglBoYPKYmSIqX5VbMQUChcFJ3sA2ISCWYCCJK+A8PBOLBdNfUkCFz+8A+iqH2kh0smAE09UA/wnhxPt8E0h+yUYL/wF43rc6E=
ZESfM45gWVY82TlnnX8G8fE+UP300GU/Ml4krs8Po93phwu4iLeb561y6zaMpDferx2sNx+E5FVrvd/3bv7pQCrT85KXM1Vt+m0QvJFoqhdtkESDXlUV6edLM0l8cOus
ZESfM45gWVY82TlnnX8G8RBnbMSs9NtT/cf6Ty7lFTin5ll6G+3ZPb1XVmZEnBa6wDtL+m8zh204eqZhXMZp6EzmHwDiZTiYjBR6ZxXLdOk=
ZESfM45gWVY82TlnnX8G8RBnbMSs9NtT/cf6Ty7lFTjGWYpKHvQzBTHHjkdbM3jpcIbMqtD1UDWNS2x7blSDntE6VDY4B5/D11tvk1TOrx4=
ZESfM45gWVY82TlnnX8G8RBnbMSs9NtT/cf6Ty7lFTjGWYpKHvQzBTHHjkdbM3jpgYOSmV5ZWzEkn8q5iFFkOKIHAKU0KM5p21nOMvdsDP0=
ZESfM45gWVY82TlnnX8G8RBnbMSs9NtT/cf6Ty7lFTjGWYpKHvQzBTHHjkdbM3jps3PO1WcUvBvG4Ly7d3kDXg+PVcUeFMBfE3/Z/oEiTvk=
ZESfM45gWVY82TlnnX8G8RBnbMSs9NtT/cf6Ty7lFTjGWYpKHvQzBTHHjkdbM3jp5QOCQ+9rfhfAgHlwKwCW/hgWysbWfdbWX2zAcZx16rM=
ZESfM45gWVY82TlnnX8G8RBnbMSs9NtT/cf6Ty7lFTjGWYpKHvQzBTHHjkdbM3jp420pDSk+15diM0lvc9K9q0A282vNgbq6tS1BclY5yT8=
ZESfM45gWVY82TlnnX8G8RBnbMSs9NtT/cf6Ty7lFTjGWYpKHvQzBTHHjkdbM3jp72CmEKhqrKMffytxCHwuFPRaX2Wa49edbPFV5sNWRbI=
ZESfM45gWVY82TlnnX8G8RBnbMSs9NtT/cf6Ty7lFTjGWYpKHvQzBTHHjkdbM3jpISJBqrR+hYYNcP8nEXmAZKKZhq5FmdQ837dxdXTGkmU=
ZESfM45gWVY82TlnnX8G8RBnbMSs9NtT/cf6Ty7lFTjGWYpKHvQzBTHHjkdbM3jpxfdTMpiQdhl25lOUvZvtqKTpIvxCnmr+XQoir2Gco3k=
ZESfM45gWVY82TlnnX8G8RBnbMSs9NtT/cf6Ty7lFTgvWwi1oNS3dgYPJFtrs+u1SATjBKcEotzsQF10KaZEwU4Wj3A7/y5qmmH78tAM+eQ=
ZESfM45gWVY82TlnnX8G8RBnbMSs9NtT/cf6Ty7lFTgvWwi1oNS3dgYPJFtrs+u1y6qV4+f0Bwn63mu0RAIiCOszSkDj01Kms6+viu6e+ZE=
ZESfM45gWVY82TlnnX8G8RBnbMSs9NtT/cf6Ty7lFTgvWwi1oNS3dgYPJFtrs+u11Lhmk3KPwBZDlcY65djvrubTW9HGcxLrzxfztKYvNG8=
ZESfM45gWVY82TlnnX8G8RBnbMSs9NtT/cf6Ty7lFTgvWwi1oNS3dgYPJFtrs+u1GD9oN4rCv0zq5ty7Z/YiNXdZbNlUwTAEdRZ5BgIsoTc=
ZESfM45gWVY82TlnnX8G8RBnbMSs9NtT/cf6Ty7lFTgvWwi1oNS3dgYPJFtrs+u1VF6+ao7nIJBu3U0Y/jH3D31bpKuQ6m4G73/l4ZQaxfU=
ZESfM45gWVY82TlnnX8G8RBnbMSs9NtT/cf6Ty7lFTgvWwi1oNS3dgYPJFtrs+u11gOWrTFVbXofo6JJZUOXBayl/LkxsNbYNDhDQCLGH/0=
ZESfM45gWVY82TlnnX8G8RBnbMSs9NtT/cf6Ty7lFTgvWwi1oNS3dgYPJFtrs+u16hMgaetexByh20r+5l7ECkTb8vqADj+zI/JjkGw4LSA=
ZESfM45gWVY82TlnnX8G8RBnbMSs9NtT/cf6Ty7lFTgvWwi1oNS3dgYPJFtrs+u1rOE3GmaETk0QCNlmR3wmmj87BBhIWtkwdO9wZEksgrM=
ZESfM45gWVY82TlnnX8G8RBnbMSs9NtT/cf6Ty7lFTgvWwi1oNS3dgYPJFtrs+u1U/OYoBp7hWwDHhBFP312sc7DdVzM3IKTn4LRAAs5ZsY=
ZESfM45gWVY82TlnnX8G8RBnbMSs9NtT/cf6Ty7lFTjypf7QECI23yZEHibAuaxWOm+ny0l/aCn6lDaMOxtBpDpX8ssX2BeOl6Af+V8wpuY=
ZESfM45gWVY82TlnnX8G8RBnbMSs9NtT/cf6Ty7lFTjypf7QECI23yZEHibAuaxWGoCexfWJ0KxXjQWbx6TXjoE+vHP6i1QlKVo/nP0aEbg=
ZESfM45gWVY82TlnnX8G8RBnbMSs9NtT/cf6Ty7lFTjypf7QECI23yZEHibAuaxWFRUJI0Wlt6gcJ/E+I3FIhR+3NRtGC69Fcs0PUkQOKZw=
ZESfM45gWVY82TlnnX8G8RBnbMSs9NtT/cf6Ty7lFTjypf7QECI23yZEHibAuaxWdM0A/oR350YlThZUbOjysVN36OLiN9aKyi9JH4D7REA=
ZESfM45gWVY82TlnnX8G8RBnbMSs9NtT/cf6Ty7lFTjypf7QECI23yZEHibAuaxW5PT5wFMRoTccil2qwO3t76OfMKxPpe0rTKA6TNXdcug=
ZESfM45gWVY82TlnnX8G8RBnbMSs9NtT/cf6Ty7lFTjypf7QECI23yZEHibAuaxW9mLGmuz+EGvSKicT1mUBxHEBe/+1tCDYObl+knJ+u+c=
ZESfM45gWVY82TlnnX8G8RBnbMSs9NtT/cf6Ty7lFTjypf7QECI23yZEHibAuaxWqz8ivvEdaEFXC3FQPlRtG+mOR2K9WYBI40z9RuRPjI0=
ZESfM45gWVY82TlnnX8G8RBnbMSs9NtT/cf6Ty7lFTjypf7QECI23yZEHibAuaxWkierKPLBlJ+Vb7KtQjMhF4nbDl+PHjamxhnimr3LAjE=
ZESfM45gWVY82TlnnX8G8RBnbMSs9NtT/cf6Ty7lFTjypf7QECI23yZEHibAuaxWRqkZZGU+fy/yjelY+RS3y16qaCkYfac75og8BYZRi6s=
ZESfM45gWVY82TlnnX8G8RBnbMSs9NtT/cf6Ty7lFTjypf7QECI23yZEHibAuaxWUCglk5h/KKJjWnMrXPPZK3okDBIkpSi22xaA0HGl63s=
ZESfM45gWVY82TlnnX8G8RBnbMSs9NtT/cf6Ty7lFTgFSVxVvs4aRqCYYTgYGU9uwIfZRQBBR4o1JdBL3zdm5x6aKF9HsFm2coy+Ik79qAU=
ZESfM45gWVY82TlnnX8G8RBnbMSs9NtT/cf6Ty7lFTgFSVxVvs4aRqCYYTgYGU9uqRIS/IaVhngchhEKfS7uqJjkgFTCpv3Q+4tmvmy6XTY=
ZESfM45gWVY82TlnnX8G8RBnbMSs9NtT/cf6Ty7lFTgFSVxVvs4aRqCYYTgYGU9utpUBHMNYpMCVty3hl8gnqhEfkRrm+XB1cG4jax4e+Fg=
ZESfM45gWVY82TlnnX8G8RBnbMSs9NtT/cf6Ty7lFTgFSVxVvs4aRqCYYTgYGU9uP/GpdT9gR+Y1HzUE3Iq9nYHZa8tLnInOXijmwwnIGiI=
ZESfM45gWVY82TlnnX8G8RBnbMSs9NtT/cf6Ty7lFTiASLooPqG3rtmJrreuhbSR2IxnqzgNvJ8cqtHyrUIISbYsQ07tR6c6HKx8OKzxirUz+uTwYBNURav0yhCgKM4k33GsHonRSLn7AX59zFuoGZsKse8QCC6eLOjFUWoaJvrA0vek5mXh18BipxLBlMQRfl2boSJ/FfHTrP6v8S5gpi3OXNjv1pqDte+zYKFB9iyvUEzBNg1+GWr1CioIQLmexVksLz1ZvA/Rer3e0oTp/i2o3+U5ViMHUrdbvLQvmJc=
ZESfM45gWVY82TlnnX8G8fjQ4ovK460Cfsjdv7JpiYCV4BsiQbRfZwEsUkUiO+umGCQcJw1jpjnYlmiBYNQyI5jIBwk//S4cKunV5cEZqTxfGOiEMl4sqApGjfcazlFI
