GmcONIA9PFzHw1gpPLLPoqev3ytAH5KO3S/CJpMsylg=
35kyjVfwBJgytCi6KM5Vug==
FNt9orFfFSbPIXNSbXcP2Q==
gE2g7VQeqq0h5MkG44fPUw==
A4ZCFW7RnVRfEnbtNxUDb8VFIQmzxcIFLuiIjRY2q84=
cwgQW1UgxyVfBeSrdwXHsPE1eoSAri+NViVSjTYe4hg=
pYn3RyiaY4vz2unSybTHuw==
mAzeFbkWBGyzJRgEWJSZYQNn44wFaguEUnqkvHVinQw=
NiGef/LGs6v8Em6sqLz1GYGKB0111uCW/TAqgkiW0+w=
2lfNnhNY+w/3xMaMUxJbE0YFT/wvMlSDz8Vrd5FEs18=
minI4PIjQMXiO75XJok/qi1FG11OYB4v4zmbKc+nKDzxnbXZuMSjAy+1l+XYVVerCG9cC4RWDA7zrBbnX/xwfYQ9Fi+SDqjwFwyhhLJCxfuIYGlaOriCiMHPW1wCMk/V
minI4PIjQMXiO75XJok/qi1FG11OYB4v4zmbKc+nKDxwP1XiWMyiTeFpbyFC61Easb28yv/Z4ofg4jpoXoj9loJinWClEUc4Pe0bakXg5MvD4r2Fqvau+SZ/4DTx853fHn4/66BfQApf6fN4DSH0MitfsBtMKesVhsp/LWG95LDHzM6v9ArjXZ5+TPWiu4h1
minI4PIjQMXiO75XJok/qi1FG11OYB4v4zmbKc+nKDwGiSP9XGjiuIRlnVL6xsOvc78SK3wkycgu1INxXWURhYaCqaE9sfkQMmIWZ7TgklNY5u5hnvfnNZZ1odpJrOdX
minI4PIjQMXiO75XJok/qi1FG11OYB4v4zmbKc+nKDzXVEccSVjvMhtm9d3B16Jtm2HF/Gq5snkIlyCmC44cWRkSri17ln4sin2THoi862FCJ+Gi1QzF6yDdJv2P7qlj/ojh9Hbi6MzL8HSIpU2gx6ZJyJgS1R/dcUd01zMVJbndxykaYWhY68ryWOHgGXosrA3fwcu+nDstZz6DkHI+gh9cixVnX1Gly11RyF2i5BU=
minI4PIjQMXiO75XJok/qi1FG11OYB4v4zmbKc+nKDzXVEccSVjvMhtm9d3B16Jtm2HF/Gq5snkIlyCmC44cWey4IAJ4L8DnGZkog7DHV0F772UFyGhYP8ZtuZ/GnB5VDBcrE0R1AIY9otmBVxUWqQ==
minI4PIjQMXiO75XJok/qi1FG11OYB4v4zmbKc+nKDzXVEccSVjvMhtm9d3B16Jtm2HF/Gq5snkIlyCmC44cWRkSri17ln4sin2THoi862FCJ+Gi1QzF6yDdJv2P7qlj/ojh9Hbi6MzL8HSIpU2gx6ZJyJgS1R/dcUd01zMVJbndxykaYWhY68ryWOHgGXosrA3fwcu+nDstZz6DkHI+gh9cixVnX1Gly11RyF2i5BU=
minI4PIjQMXiO75XJok/qi1FG11OYB4v4zmbKc+nKDzXVEccSVjvMhtm9d3B16Jtm2HF/Gq5snkIlyCmC44cWSnt9gNZNT9Q9RHnUqEziK8XdgyYlZMmdvGBGJIeniF3
minI4PIjQMXiO75XJok/qi1FG11OYB4v4zmbKc+nKDwicv+tsQINlVe39enZvtzVa6llG8+3UfNht4zcg/JBYExA+e5Bz24rFDSCwZe+mEL1CobZ7YGHYygDW7rmVJP8SEBKbSuj6Ixhcg/ie8YxinHkm+WC1VATy2dbPgN1uQxSIKz81o7uKLTP68ZOBd2ipEqOiEU/sWTscx+GW4LoGwTGYLjtTdWZ0evaRn7x/no=
minI4PIjQMXiO75XJok/qqtjaPAn2GjixTOBoBs45xwtrrvu/eFTnHL1t1Ip/dOcMLZs1nGXSjyfgw4gARdEcyFtNNMlM+NmLPFmDw/HB/7G8exEykOY+D0JBQ16hGFF
minI4PIjQMXiO75XJok/qqtjaPAn2GjixTOBoBs45xyCwFPkYQgboqJO/UrsKEq8V2TIGl+pHGEIMtS9fYaDHDkA501UnnvkuzKJekzTlT6b3DKIaa1M2m5Sev2D5NhRvrZdDsAl1El9HdsZjIxRwnI7U1Dz9hTzkFSQNNzPpPyZ5kv2pdr4S1iJY2GIfWuaDryKoZK7ze1OB3gGKu30oVMNBG69FiP8xI0gzrQxeCA=
minI4PIjQMXiO75XJok/qqtjaPAn2GjixTOBoBs45xxYJvtHqTd0ERpo9ImCQtSEv++uuc/dxCTIe7F6c9sqmLx30iloRnZYJD3Gg4zC4qswJxwaY1NTIB5oS3+6W9UL
minI4PIjQMXiO75XJok/qqtjaPAn2GjixTOBoBs45xxBEAHr3wCExzSEcotthfUGDkCzLhv4q1DtrcOabMqVBDKagCbPLSE9fAP9+IMDNY6cKzGb6mPjUX0QHuJQchGEx6cqR3PqEZUd5z4UQIUubhsNaBFDPAd9N9jjcJMnadbVW9vC8LmRtnt5AnVYyQarUIGQD0d4hObN637XNH9zYu/cRtAw+5laqf6akW/b39Y=
minI4PIjQMXiO75XJok/qqtjaPAn2GjixTOBoBs45xwYaSlap9oA1Ld3IjACV7kz/hTecHAc6rPA7tkWCyrPN5n8f850zcfIG+Ut8S1KZsuJ2YG60VtSBTYhfCCdLOjnyuXl31+5zG+pMeLODA6BQ9CYh1eyK+rb5J8pYwENLds=
minI4PIjQMXiO75XJok/qqtjaPAn2GjixTOBoBs45xyi0dBt3z7fqhLdeA7M02cF9q1TQJ327DYo6QkJMDfYRlfLPcRAySkYUuRlWDY6kNdd2A79QzgTCJvxEUznt9TrmuWoFSv5O1mKsD/qO030sYZYjT6okXGYkduNYJc/rY7QUGoZyR2vBAzJKDNaii++
minI4PIjQMXiO75XJok/qqtjaPAn2GjixTOBoBs45xz3Ktuzy2oY6B/VccT3w9ymC2mkG7605QeT+MLT8buGKm6ksmKY98LWB569G8IU8ORYrZzcZ2tjXUNy5yPheK55
minI4PIjQMXiO75XJok/qqtjaPAn2GjixTOBoBs45xzO3jmgCtIeiO+x6StyKJydlxtJM5h28gKrD/8eiCKh+yQrTLXhRxr4owYDOKAlEQfhhANkFk2QK2o6FzIpoXGAApdDM1XxS4DY3j6LcczrnT46zcFHt6CW88tmS+6UMg1x0NloXJO114pOA9ld/d4WePq1o/dE1MotKW1JIrGYbAYQRKeJZedAI39PyNimUOs=
minI4PIjQMXiO75XJok/qqtjaPAn2GjixTOBoBs45xzxdUv4L1xdatcYzhxknLzn4l1O0wfPkpUBylKi5pOgEbb1ZZdGPdaB/llkd96kLubfTR9bRE7DZoVX3GZpr184
minI4PIjQMXiO75XJok/qqtjaPAn2GjixTOBoBs45xw8GWI/T8ref4nJusJiz6V4wuDVIeMSU3WlZk8IJvnWswKEu1d3TsouFDiwOFOT6RZS3xU3k0z3IOC0RaCxsz/KG3pzYLdeP4PXPiyhAYESJ4nyKw7+7f4oX70EJzp/TEjYNQTnaCfii5BnEcTgxM+PfEMyCLA3/ZM1C8NZlJUYNWHOGEiDUXuduFdjhtSSfYM=
minI4PIjQMXiO75XJok/qqtjaPAn2GjixTOBoBs45xwW+IFFml58m2ExqCu4hEXRmpKMFanTLpYDJ36yKhmvZnq3+nqZ4EeJVM1ARjhWjz7pP2Ktfm7ScJu9eWaQMKhiYB4nhnOuMaaA5Cw2U6pKyhyj+MZLP5goUzXaCCyp3Q4=
minI4PIjQMXiO75XJok/qqtjaPAn2GjixTOBoBs45xyKlgp66Vcw9N1Q74jHztbJrvoqeEWp12M3RNuGpg7DDr7p3SppheLqM5lvk8+KE9ZVMDZ16wr84WLw4YbP346/pWBZpQml7jSR6pITcAfecb0NOY0zeEba4aDiQtN/T+KoYVhM8puh/ylRdA7enkDF
minI4PIjQMXiO75XJok/qmF4pzlGI0tYN2OW0KrqnTMWYiXLYXGVykAlHpa5M/b+aUhnwH8tWlbMUGS9QRebBu2vteRseiUNcETU8X4mlGiqk45edvbqqOBhWp69cmTS
minI4PIjQMXiO75XJok/qmF4pzlGI0tYN2OW0KrqnTPQ+45zCP4lnKuQmU+xsesd2szgxGhfGOabCAEf6R44os7noVfFosihGBfS8ExD8AONng1+Kvsvv9rLYdogKrE4gO83vWaChejsl1TqWKpy5coLDLlU6TeNG+PGN5etaZdjRT3wBi5Ltn+/XISfthE2qb3jZ0fjVSyWP4wO6BR+8fTdhXRwDJp2PA3IG2KeYiQ=
minI4PIjQMXiO75XJok/qmF4pzlGI0tYN2OW0KrqnTPfswZe9vUMznaVOZyDfL+JaF4ccC9cp6f/F4RPILKOKAUsM7KssrLIyGWiN/1FZs8vookxb1E66WV1Xf9ENelU
minI4PIjQMXiO75XJok/qmF4pzlGI0tYN2OW0KrqnTPfswZe9vUMznaVOZyDfL+JaF4ccC9cp6f/F4RPILKOKK+4PdgM9TgvXSZ9UlW7zIdAq+YublwlYhYw73schKZUPtTk/SWvNvc5IUnufqv5+iTFTo+T8AiOmpv9wIFilN0PSKFHHEqaPjovPr9iWOStN0QKf0JeKGCA2Iv0H+jLm/0iYSSVClrViY7VgcxgI8g=
minI4PIjQMXiO75XJok/qmF4pzlGI0tYN2OW0KrqnTNN4/nchzkMrFJ53iNKwIm8vowIA978ZTiUKBhlwAcxpps1FBvWyp0hTCu882FzCNG7J2aJvRulMJvsG/8EQkNeqY0IOU1kvig7QoiL6DXR6QOTQKqaqlCZaS0AnwyQ9Sk=
minI4PIjQMXiO75XJok/qmF4pzlGI0tYN2OW0KrqnTN5cuJxsSTfsb0eK+lUhKzHRKscXy4fFCAO5hiAVQV9QfLwV5PQJ8D016WLNOYqTEvzwamce7eyWf+sb9IrNUHZ1QOwpMiFUUTWoxOXD+Oob0IGPwBlRmW35eUXrEQQ9gebbCzPVivc5BOiI4+m3Oiz
minI4PIjQMXiO75XJok/qleFq/9aZmtgFUtqc0PYH9/q/tL+1FH3KmbrOgg72jLWZrwhPJMWR+V7smiHU67itsFgR7bTK06NegGHJenkNpZBZ7c11YkaJG78QhIsfrZj
minI4PIjQMXiO75XJok/qleFq/9aZmtgFUtqc0PYH9/q/tL+1FH3KmbrOgg72jLWZrwhPJMWR+V7smiHU67itlCBEbYLEJUcB6i43mxaEWfDMbgM9JNCvE4XHmj1Y4tL6LVxO/Nt6ZMdYqdMwxUEjbTrUHu83LYccktReoz0aopCAePwvQbHVI3Cy5l0t1FjO5/q0t31qaosD4DzRTYZHdvxcx0yX0eDHafMZHBOGYY=
minI4PIjQMXiO75XJok/qleFq/9aZmtgFUtqc0PYH9+SGi0MkZji0PGP3vqMU2AmkyFutQDYnNMZo/LxM9CETNQ/GXH3wmq6P76B2CnYSs8WEmWA+IGN5u2oEp4c2g/n
minI4PIjQMXiO75XJok/qleFq/9aZmtgFUtqc0PYH9+SGi0MkZji0PGP3vqMU2AmkyFutQDYnNMZo/LxM9CETBIuwF8upBon3FEEDKaw17HLZjhWixDQJ4Arp3oETXcO4G4RGZpX5cYpLUo9JdIf8JLU2RJ5YX35Uh67W3p7NDM4OoM7hAMarQ4YqYXE0NRS5bY4wRj6ZnzcXpder4r34JP1kXQOC1sG62om3WriVeo=
minI4PIjQMXiO75XJok/qleFq/9aZmtgFUtqc0PYH9+6v/t758cYdmwYhSfx7sFEstga0uE/cnekQTGS+Udo9nMb0cgjED9Uf9FYe6zDD52r8zzVNk2jLQg1AW7SlTa9q4fKFwKQJalKRbK4iXCH+lf4vOb/QRYz/Hz7eK1fiwU=
minI4PIjQMXiO75XJok/qleFq/9aZmtgFUtqc0PYH9+7YoDRFtPgrhWaEUG4tRfv3VDwRpF/FTnT6JFluZ/AIcGNdMwQjR4sQz1h4LMY3fCB6ZFdzGFbqUAVKFJsAg2AsG1jq93kf4ZSI8gXbxrURBGmmY6qqvqIpzfCKYYnuNMoSKykAQx5yog+KEJnxhb4
minI4PIjQMXiO75XJok/qkq6AaI2Wz4AcQxHmvpM+z9pJzZQ6PWZdBGar/zd+q3L8NdB33ApLJIjrUqcQjgDulX9aQuGiRtYXfjmeWAEB7rduANkmUCznFBuMEMz+rnc52+dwLMqULKGd8AKsv2KHIAmhFo4pov0czZgpCAaiMFAy98Qsh4QLyXUIU94SdP/U9gmYH7VwyvX/AcH5rdCcV6E3jHCSurPsF44kqNWCO4=
minI4PIjQMXiO75XJok/qkq6AaI2Wz4AcQxHmvpM+z80qEdlSKbWDdBFkPZQ+jwF3MuzWd4gy2TeteAjQjAdOn+LMcrlvT35sRH8B0k8M62DJc/WofWRuzlzB5gSJBEt
minI4PIjQMXiO75XJok/qkq6AaI2Wz4AcQxHmvpM+z8TBgtDq7yYam0LgF8dKT/k7vlK/fy07MjNm+2lKjKgDoukk9v8tWWDuCnmlEbaRtusiMSk9s0JH3vnZ5BJdOXGDDxlvn6GNfPvs3Ii3ZZc2/HxmVpNvxI+Qq5Vx9tKNbmXlWEC+8EI+aK1YWjtcWppJiNeEEwcZu60PhznDGTCiwjLX1J9xAM7pKXLtQNNni4=
minI4PIjQMXiO75XJok/qkq6AaI2Wz4AcQxHmvpM+z8/LQRlIPeZqBvlnMeXtA2d4dn2fg2m5gdBOjMT+j0hH6m5nNf8MGoyJt7ZxTdDsgfeBpzV7Ey2YL4poe7rORT4
minI4PIjQMXiO75XJok/qkq6AaI2Wz4AcQxHmvpM+z94Rke1p/1qWTnSOAPC4oZDXbO0SuHsT017wrkYeVtF9dA2dTcL7iZSmEbUjci9WHBuI27fpfXm13wvpBsLDFPPE3h1a5wJz+bhNv9truYKv9cmmuyuxGJctxaf1XM/84E=
minI4PIjQMXiO75XJok/qkq6AaI2Wz4AcQxHmvpM+z/6vLVsj2RqC0FLq2I8raq6Q9Myu5BQkNd1exnV6heH5QmWlhW44JME+nwS8ZNjZAlCKx9LI9HqD6AmljgdK5wzR3zLJn6bSsfDBiWXi5qceW9weqAaUqT4AW/8oTXzKvhrwv/CXkPK0lTuJkWiPLjo
minI4PIjQMXiO75XJok/qkq6AaI2Wz4AcQxHmvpM+z/M8NOVhPnt9eUzt/fr98DbXBklyLPA1pKic13MgeGQqDN9K8nrd8G68xfXJem/AprOtlAjuqYqAYa/uGslRJ+B
minI4PIjQMXiO75XJok/qkq6AaI2Wz4AcQxHmvpM+z9kJ1mAR30GwqH+miMWSJHjgapCzgYd3uU1mGgyPpoolvpmC1D1Rr3L8wY0X67D22dsJThyk7ZOn0F4mEBQVzsP6VXP0J6eYZxXLaMJfIIn7T6Bj2G5qCfjq+XFze0wmP+U1gs12dnbBuzrbcOw/BS+hUQVBmuQptgqZQC1BOzjwcgCHtUfNtyGUgxMvjk88aQ=
minI4PIjQMXiO75XJok/qkq6AaI2Wz4AcQxHmvpM+z8eeCmjTK7J/S861dq/zuH6j8SEDVkjSUzQC3mWQBhWq0SQ6fyAOSPPMx4vfc9+5b7PvXZrIvvbrqKBTN56bhBs
minI4PIjQMXiO75XJok/qkq6AaI2Wz4AcQxHmvpM+z8eeCmjTK7J/S861dq/zuH6j8SEDVkjSUzQC3mWQBhWq+SOUoJ38RV8iaklDC33aYj1FvRgSAn8uHdRIcEjI+/Cp3FW/2GxZaGKx5rQ/OUYe9Hwg8u6BLxyRThfNrAAghL0+uCaSC/c8xZku7M8bt/cH1k4SDtzKkf/SCLWMdtygfTuZx632HM+RTFQaG3ae6E=
minI4PIjQMXiO75XJok/qqZJzsPwJDoXGr6vDE/uLG/K/f/3S48BqDcymbu6LEDLt1Ero1E3NUoYw/Nu44pZi42G53+WJGlTag6kycvDSqe3E+AbwB6Vjij2QfyvKsxSmJZoIVIg3N0hc+f8CKaIyKOikfp023u/dKSTALv9YyI=
minI4PIjQMXiO75XJok/qqZJzsPwJDoXGr6vDE/uLG+Cd/rzPPaRFUvxUGMOZRIA/OFEntyUVWnQTsAm07jT8wGvTGq4Cite+VJT1qGQEmVlGHLpNQU4kjqts1xxhhbOEJkloTM7rfGnutIGffZUURWWRJOtFiCCBbh+mOaCgmmAKqcyU4wXTFys243gvbFD
JxjsGEU4gLzwIvZ49cojdf7R1Q4x+C0EBa36LtVAAnlqqgDHeReXHh4DU7VLxj0dlr5LRtzNSdcYxrw2sI5RsIhJBFWA2nWUmICknQbdrWANFRXaC30qSp1GZykFjNsCYKVkbnBzEAVfkuRaaD7djQ==
JxjsGEU4gLzwIvZ49cojdf7R1Q4x+C0EBa36LtVAAnkoIznRBpkLXictwENJZgtPVIi6Q1ev7yVfZ5xSiaCT/IUwQnKVWbsHRGWEk1s6msdqYHf9TpH64eXl5jcC5PQPUmi3qne2ryNs0EEV2+rRAw==
inf+Wsq0HZbtkpRTFyGVIcAGxMUoaXgI2qxyb3ioRPDgfE5ETEal9uxGbltZXR4KrXvWTOfLaeOYZu1RlyZ0Ftpmw8DzcCHxqaFEQjr4Et1yRFY0QBLTYq5EmZ7Ggqm4
inf+Wsq0HZbtkpRTFyGVId5NsBkjFJzLtW8kqub/QrY4oiR/xw03K9Vo0FtZdJrQtg2dYM+Ffh7L5rCXn45N53qJ0xoTMhAtnt98/faq38XBSFe5NvJvtwD3Vqa27KJPRDz923uAt7Fw4zIpK34u8RGlI2pcym2qPpBugQuU7M8=
inf+Wsq0HZbtkpRTFyGVId5NsBkjFJzLtW8kqub/QraxXYmYWvzZsumc7nogcQwKnibjtpaAXabL599WFjYtuCKWVake1EfARM8JYWcKuNsw1YrFHY1qpQeAWi/ri6jh6y8rupwmFZmxBzkxn5d+Z2vyKo1VF7Gug7UVRgIv7v8=
inf+Wsq0HZbtkpRTFyGVId5NsBkjFJzLtW8kqub/QraxXYmYWvzZsumc7nogcQwKnibjtpaAXabL599WFjYtuCKWVake1EfARM8JYWcKuNt86ve8B/okmWGNKYRYkn5tBKIcpHLJVbtV5cpvyu6Gr7PqT7y7uEuy6mpST+skpMU=
inf+Wsq0HZbtkpRTFyGVIZQmq4stsINjjDQKeYcmOuMbplMT/ulj4xpQncE+JjA+bhNawq21iE1dhLafyMLbVqfP6hZC2uyKfHEWvz8HADdFwsb0Q5tSVsqtihWg4KZTD55RC+A29boRfwdXUAQmrC7HawPCfh0wPbNxeik67lY=
inf+Wsq0HZbtkpRTFyGVIZQmq4stsINjjDQKeYcmOuOu1Gb6ZI4BN1YvZ85O2TAAZrW5NGX/l2/rOxNxQf8Uiby2Qd9aSZ+DE/p7Uc6Ij6TTxZocg4EjQp9R+fqnENThX8kdQlW9Vo49eBuD1TcUz+6CUb8yRO089QLBr+17BcA=
inf+Wsq0HZbtkpRTFyGVIZQmq4stsINjjDQKeYcmOuNvhrmkDLOVNkes0mxAqR9Z1rRbBa6CK+BANgOhokS9Xg+rxOATtM04CPQZKAIAe0jRaTjFWhpGmvTBvGaS9XyD1q/RC5TmA+1DuhH4b+M7eVhNyhmxx3l8eZE7vqYBhFA=
JxjsGEU4gLzwIvZ49cojdXIqpceC4gQAg66F9rc5vAZuVU2Z8tCa+LPrHpG4xc3nCHclHmZnvr4MBtVYZp8i+CMyVr2JyHfrOW/a0h4Y87NVKg19cypps4We83jfD0hTjmfIuhICkSizSJWogCDOag==
JxjsGEU4gLzwIvZ49cojdXIqpceC4gQAg66F9rc5vAaRgMVdJ6mxy9v/EupsP4Gre/CqUHIzWy+jFNoYTopccOJ20Z9p+RM1KH49ce5wiAbIw5tX2z67/fHJU/0WpaGdnK5LOAaZcmFQ403g+cV1Qg==
JxjsGEU4gLzwIvZ49cojdXIqpceC4gQAg66F9rc5vAa/tm5djg54dYsyuuWFcxxGZXLAMdaioQkSIYozq45IE9actuiiau/Ssx5QBhoTfD63Hj38GFePVcre/ZNradbeCUyILttVdcHoQhCHC0F66A==
inf+Wsq0HZbtkpRTFyGVIcAGxMUoaXgI2qxyb3ioRPClw2Zxk7UsRUhz9CHUMtsK06zK+4VarMcMQybNhCD7X2rxgiM4K0OpuqCbEGttzsi0vZ33apTAttLbXUj9xhQU
inf+Wsq0HZbtkpRTFyGVId5NsBkjFJzLtW8kqub/QrYFFnwpvsxunVQW7BvPvtR7miL0pMipOsHFmQs5OBLw2oXoAAku7xIc6Q2nugZJkc44jNOJ7kdpgD+LQ5uYFniLhf58GT4YMnUU7KtacN8gYT63lylYjxyKKuXppgxIkDc=
inf+Wsq0HZbtkpRTFyGVId5NsBkjFJzLtW8kqub/QrY4MHPAo4RyzT3qum/ARV+fOn54cnGcv6ACV9tin/zJ8dZR3k+xg6vQYURLiSYEBKuu99gsplKfjKBfbdAJYlNlxnUkfX5Jn4Ni6EGonvTZ0r6KsFWfiDB4QGMWmT2Fs64=
inf+Wsq0HZbtkpRTFyGVId5NsBkjFJzLtW8kqub/QrY4MHPAo4RyzT3qum/ARV+fOn54cnGcv6ACV9tin/zJ8dZR3k+xg6vQYURLiSYEBKs5avWB+W+831wAbXngPoyoNUbAGv9p2ZbyvseHRoMZSBUc4NlIlflX3VVifv9l83c=
inf+Wsq0HZbtkpRTFyGVIZQmq4stsINjjDQKeYcmOuPqphQsqvSZ2XQkXJFV91O+hqxPXGaZPfxeyK1FxtDfXmzB6DUlBFTPVrqeeSbTqA0azq22Ffg40WOWCEI2287LvpO76M6n0UU+X/YxpH+yucPcCdZN7pVul2x3lYw3p2E=
inf+Wsq0HZbtkpRTFyGVIZQmq4stsINjjDQKeYcmOuOc1+++1DVoU1eJnLcIA9c0UQ8bKkBSHGPRO8J28raO51vVQAY+ezZyvgOmF0PekFBhWLXQnLFHUkWg8qaPoepY3FJ5/pDEINBOVh3UYAxeNULEmnUCe6sZKiWQ18yc3eM=
JxjsGEU4gLzwIvZ49cojdXIqpceC4gQAg66F9rc5vAZZbF5pS30D9fgeavX5QyJhUPNftSL7w7iDd6nJEqr0h7beLR51jNhNPk4VfU/99mCWLxZRojTghPVqTr44jcQySIS2RcTsq6XRZ7wdhs8tlA==
minI4PIjQMXiO75XJok/qh3sJXBxbK1vJM+9i7HKEhBOFJneh5VjGmdcjeyWHW0YrU/kUmw0aMY6Zg9O4wJ+B8fdoewY6YK8qZnDJn0FhCrJ+Bi8SUwDGDfevpkUyKW3
minI4PIjQMXiO75XJok/qiCx2oLwhh4s6mgllIy0ywIFGGP6OVzecfNT/WnDVqFDe/1Sw6G3GEpO70VKw6Tie/JclNSpn88jMMrCu2OueVhCJF0xUZOOG+0P0DQYZYOPt0nZbj78URJeZaQ5/lgFnC9i/NxFVyalK0ruA+YskINFO6ZC8dgtoi5d4vzvchJ1
minI4PIjQMXiO75XJok/qiCx2oLwhh4s6mgllIy0ywKM9qpHMhyyg2rQRvZgx0RkVJvEdzR6NSj9q27bJ6orF9gg2II+gYsf4SntPP8LJZP6KPkA2ROhaLYwWkp8srlL
minI4PIjQMXiO75XJok/qiCx2oLwhh4s6mgllIy0ywLlx8nuzCOAiia0cTk/xxvsPRzKghdUkH+KLSN1FHnz6aF93Lx+QWh2nzTg+8AMzfIyGZuOm12rgRxYrvg7hGxQ
minI4PIjQMXiO75XJok/qiCx2oLwhh4s6mgllIy0ywLlx8nuzCOAiia0cTk/xxvsPRzKghdUkH+KLSN1FHnz6TrcxYZhD+Y/MBcV2pR+AzKe1IuxywnBdT1QrGydwJzAZGWvIYpPsEdsl/eDOr14mGcZhzNtRReZFX7+4GkgSDpXCsbeFyeVoqyp0DlrBgJaT9E1fTWdGv70UHeDx3wdecyygC78tPfUkJbf0M0Tyeo=
minI4PIjQMXiO75XJok/qiCx2oLwhh4s6mgllIy0ywJKryT3SN/hFR2yS4KSkRuY5YHspH48S+Hmc3uHRO1djTxG0HggJhi3DWEl3OivZY6siRVe8C4Ul1Y85fM5qc1Op+recHHnBRL96UBF2FxXxA==
minI4PIjQMXiO75XJok/qiCx2oLwhh4s6mgllIy0ywJKryT3SN/hFR2yS4KSkRuY5YHspH48S+Hmc3uHRO1djVNvgpqENFzL0mIggTbx7capr/dFx3NWQGisMzPR/yTDawsSaMEdkpd+lq/a+U35A76KoNEMyDOLopNgezt7hwgN/lVx9VezPPqbhYwjlzC72G1L/n5OG2pBT2o8aZiSTAlSp3/i2uvVwSMHocK5ngc=
minI4PIjQMXiO75XJok/qiCx2oLwhh4s6mgllIy0ywJKryT3SN/hFR2yS4KSkRuY5YHspH48S+Hmc3uHRO1djVnMYFQOJ6ung8/+r0bL+C4rpzw+3HP/TEZm9lDdXl/d
minI4PIjQMXiO75XJok/qiCx2oLwhh4s6mgllIy0ywJKryT3SN/hFR2yS4KSkRuY5YHspH48S+Hmc3uHRO1djVNvgpqENFzL0mIggTbx7capr/dFx3NWQGisMzPR/yTDawsSaMEdkpd+lq/a+U35A76KoNEMyDOLopNgezt7hwgN/lVx9VezPPqbhYwjlzC72G1L/n5OG2pBT2o8aZiSTAlSp3/i2uvVwSMHocK5ngc=
minI4PIjQMXiO75XJok/qitbqbt2KmXrfprKLKBQyNG5bvuGbNHofflO3UnQ8UPorFDDVhpai8G0tvHm7qwftiBbbg1EFfSpBrZXJ3RuabRXfWx9FaMJZe/g2gguHTm+
minI4PIjQMXiO75XJok/qitbqbt2KmXrfprKLKBQyNGil1RIEX2gMHllLjrPifmc4Iw+cucudAMTA4kLTmOSYkROK+4auzbzhVae++bzm2b9OXwxLmAC5DAhVG+VfI8zDvN5q8qhZl2uYIIsYscY8RbUwWBF+TzNX609y/uXtv5rqcAQVQmxR/3hpZayrY0o
minI4PIjQMXiO75XJok/qitbqbt2KmXrfprKLKBQyNEEvaakSy/teRhOwfzi9S81EL5rB/1SXkDyMw/DaCFQHyWRmlo5majjVqIwvvI4M24fSb6qDSybK9LABNVyf3UW
minI4PIjQMXiO75XJok/qitbqbt2KmXrfprKLKBQyNEEvaakSy/teRhOwfzi9S81EL5rB/1SXkDyMw/DaCFQH9hyaWFkjdv3q0XTE0m+nTjiJEmIHNC4PDRhQGlnAqkJQ06vsd0P5jz3sLYpn6cn/SOhSJ1BaTzPL9BtafvNG1L2FOu79LRlPoDNhgoElg07oD9CF+PbgB4bw9Rv8EWxjGNZd9YCi6jgmg32EKjW9Uk=
minI4PIjQMXiO75XJok/qitbqbt2KmXrfprKLKBQyNFf23SC8411+cChMBEVt4tNK9UtP4R9tKRRZkZ/sXLfikqL6/nFo8xPhIN0fWvVocBriiDNpgTkhxxh4JOIkE4nil4DxFvoDKQwDG7snAD8ug==
minI4PIjQMXiO75XJok/qitbqbt2KmXrfprKLKBQyNFf23SC8411+cChMBEVt4tNK9UtP4R9tKRRZkZ/sXLfin6FZzoO/Unz3wkR5ad9ArgtK/vgwsOgnm2xV4ITj7CuIgmgAEeNkd5/F8v63pI+OuOuqZQhsXMZEEBoC/FBIa8yK1jfPi1V4NFdcOSRpsE2iU+0G9VXdPQqraXVvWON0wt8JHEOAeePUOpJFbuKTM4=
minI4PIjQMXiO75XJok/qitbqbt2KmXrfprKLKBQyNFf23SC8411+cChMBEVt4tNK9UtP4R9tKRRZkZ/sXLfijhMXjuyOOqAeZZO4iVsK3gWILBIYW5VlusCP6KyHMv+
minI4PIjQMXiO75XJok/qitbqbt2KmXrfprKLKBQyNFf23SC8411+cChMBEVt4tNK9UtP4R9tKRRZkZ/sXLfin6FZzoO/Unz3wkR5ad9ArgtK/vgwsOgnm2xV4ITj7CuIgmgAEeNkd5/F8v63pI+OuOuqZQhsXMZEEBoC/FBIa8yK1jfPi1V4NFdcOSRpsE2iU+0G9VXdPQqraXVvWON0wt8JHEOAeePUOpJFbuKTM4=
minI4PIjQMXiO75XJok/qrPgf11OXfbE8ulFEgh7j1V/Suces4hX4UsL4CWECmYjeyar6DHacuR4rh6u8zjFCljCg7uDxVVyeom2nk8zn93YvJRSnNQANleL57f4Ingb
minI4PIjQMXiO75XJok/qrPgf11OXfbE8ulFEgh7j1V/Suces4hX4UsL4CWECmYjeyar6DHacuR4rh6u8zjFChWDPM/VT1cbalIT4GyrnBiZAXsmtKdF/gpfJTmtqP4j046L0FVa5nEBYqCRsfW8b1cvCDFzaDzvnkFNUfQgzF1yMKxe5YCjsQDKEG/hQ7TBqSMJyaxZuInq65SaDI90631G7crMiIAKW/3VGLFgAJI=
minI4PIjQMXiO75XJok/qrPgf11OXfbE8ulFEgh7j1V19asPrkC54eVMNM8sYIVrs+nRVKCj1TBUMQmzRbHDcTdCl6KHyBlwQ8A0SiFy3eCEjmmalqm1EG5bp+rpVqok
minI4PIjQMXiO75XJok/qrPgf11OXfbE8ulFEgh7j1VQ4Y6prpbxp0mHaov0kcVEDRSK1BsY72V5qd4zhK8KYBxmSlLQ0dXsh3MHXYBkpTXPSONk7/7faiXo3hw28xFbSVTp9XEyi3JGKaXUs338nyg7Cxiks/YtNrY7vgbl9fs35IxOH87EDEKFVeVPRF8FOloh87SBW+1G3nFgdqdrU7pOLRKOoGJy4G4USXGi13Y=
minI4PIjQMXiO75XJok/qrPgf11OXfbE8ulFEgh7j1X1kaRE2mjD08JKdQj2CxZONZfxX9jfj6QvMhTqsEPG3tKws3kwCi6x4XGW0RURS7cRRJx+Ix5fd4zudxqbwdD0xJ3IIuSDS9wH50+fb6B4ujje/8AA/z+p1dEZjXaD4y0=
minI4PIjQMXiO75XJok/qrPgf11OXfbE8ulFEgh7j1WubzoNnRU4dT4Nar82elpmPqoPqwURykjbMLfQFMMBweTk1ojDv1XFzhyY7kQoqecyEROrh+uBx29PEmTfKUYNt9W/fZWVg/R8Ycab1gA/wvI+C99bRSbsWxRHjZo3HesgCr49M/6kfgFZqKjjdO4c
minI4PIjQMXiO75XJok/qju1Y5J9Fww09uCysO+77iF/ShcPHdyz2i5rDDmVNJiMBWZHWDbULwxZ4btauI9ipa4kTHMRCmF8TSYLNBOibaHLsNwCRce2Df27EZDuydGw
minI4PIjQMXiO75XJok/qju1Y5J9Fww09uCysO+77iG0+FeXgEKsuU601BaNDZegTeGCSZNQB0FwyWgvY3DtMIia8GXJQjXIQ9UGnYmiYjeJi1cBbaoPEmPXPWe1QqoBBPHElqniQQqKUEZ1YNJydY7sz5Yipl8CZgY3cYya5dn/SLQeFzApwDEQ0TeeQ0B4
minI4PIjQMXiO75XJok/qju1Y5J9Fww09uCysO+77iHh5e8HMEuc5J63yYS0eTlr0/S83rwzfhFV+VOXttrdZPZBuWEBhyTf+I80DP5uhblEzdVUplM3RQNMxlEUGlWn
minI4PIjQMXiO75XJok/qju1Y5J9Fww09uCysO+77iHh5e8HMEuc5J63yYS0eTlr0/S83rwzfhFV+VOXttrdZDaHBJXL8GhXkaykf/Yan7fZqhVBJI168v+Oo6hbKlYmUEawiuL3ERbyrny85UeBLIsyq9N+fKhacz6xZUOfKsAt3Dx0pPOlex+1aGl2dKXhC2agApRA3iCJkDbH9X/2k8LWZeusvD+ZAjo2Pcn3H9g=
minI4PIjQMXiO75XJok/qju1Y5J9Fww09uCysO+77iGUqZOhddTsBmIQPhcAorC5Qk+HzeOHvd8WKqvl81hG0FVC3zJiqv25HMYVL1dTP0pjwXZURGabbwZqd3uBCDvLM+lJDRlwEXh9b/XsXFvuOA==
minI4PIjQMXiO75XJok/qju1Y5J9Fww09uCysO+77iGUqZOhddTsBmIQPhcAorC5Qk+HzeOHvd8WKqvl81hG0HdiJpeKUAXiWt3nnB5rwqFcMOGuqXxIY0FfIgze42FD2K6I/GNHc8R77roOx5oVhBKVfjl9x7zdgqsN06/tG8C1feeu2TIcYkcOhdKvbLE0HZkakWQ5GRdueIK+pht/VBI+VCNZsjcDrcWzn1H9yI4=
minI4PIjQMXiO75XJok/qju1Y5J9Fww09uCysO+77iGUqZOhddTsBmIQPhcAorC5Qk+HzeOHvd8WKqvl81hG0Bxmazl+n8dTyAJJkoztcrda79ImhwmKQ/lR4ktky2t1
minI4PIjQMXiO75XJok/qju1Y5J9Fww09uCysO+77iGUqZOhddTsBmIQPhcAorC5Qk+HzeOHvd8WKqvl81hG0HdiJpeKUAXiWt3nnB5rwqFcMOGuqXxIY0FfIgze42FD2K6I/GNHc8R77roOx5oVhBKVfjl9x7zdgqsN06/tG8C1feeu2TIcYkcOhdKvbLE0HZkakWQ5GRdueIK+pht/VBI+VCNZsjcDrcWzn1H9yI4=
