GmcONIA9PFzHw1gpPLLPoqev3ytAH5KO3S/CJpMsylg=
35kyjVfwBJgytCi6KM5Vug==
FNt9orFfFSbPIXNSbXcP2Q==
gE2g7VQeqq0h5MkG44fPUw==
A4ZCFW7RnVRfEnbtNxUDb8VFIQmzxcIFLuiIjRY2q84=
cwgQW1UgxyVfBeSrdwXHsPE1eoSAri+NViVSjTYe4hg=
pYn3RyiaY4vz2unSybTHuw==
mAzeFbkWBGyzJRgEWJSZYQNn44wFaguEUnqkvHVinQw=
NiGef/LGs6v8Em6sqLz1GYGKB0111uCW/TAqgkiW0+w=
2lfNnhNY+w/3xMaMUxJbE0YFT/wvMlSDz8Vrd5FEs18=
minI4PIjQMXiO75XJok/qt+XlbkTWJGob9GlkVlJV/Vzg86Nkw0U5II66yBTIeH8NkGDqQrtaqOF1/hfC5OPqcET+LAnE2Mix6bLVU5kp1MqDvfsfle65hqWo3gdMndD
minI4PIjQMXiO75XJok/qt+XlbkTWJGob9GlkVlJV/W7gvTCk6b0v4A3y6Ar38pxq+424rXuJspIe3ZvPxTPdhwlFP2v1FNPFw8cTOTUGTHBZDxGo1XgLmoQrWjxTXxRYFTh1VDQ8S8Oy9jdwPlPfkKJV6yCK1Dqa+HudrxeO1yfQIRcDNsEtjQQuD4KzHK1
minI4PIjQMXiO75XJok/qt+XlbkTWJGob9GlkVlJV/U5nZJDvt3jOA0kAbla0FhFbXVCGqY+7BRWAdNC3K18KPsjdPOe1scVKzbLAz2HEZWSE8jO59LPSVYdTle5TcX/
minI4PIjQMXiO75XJok/qt+XlbkTWJGob9GlkVlJV/U5nZJDvt3jOA0kAbla0FhFbXVCGqY+7BRWAdNC3K18KOIkFuZvkcmM3y5fvJ+oepmtUiyu7rkVy/g9V4eLtt7VcwBHkrqEIbL0GDU9RUjAhdMcNIl3M+g7i9Y1Wgc05XxRq6Hblb3ArCJ+FHNN4SqSiCeV4gdDnz6MJZAp0eYpb+ypiv+g2vJIGLIxwoSmI+o=
minI4PIjQMXiO75XJok/qt+XlbkTWJGob9GlkVlJV/U5nZJDvt3jOA0kAbla0FhFbXVCGqY+7BRWAdNC3K18KNTaeBFR66x/SaWXerPGm7K0mZOVFLk/txDRJzKJx0DAT8qACtmoMRsncZzFpXvoiw==
minI4PIjQMXiO75XJok/qt+XlbkTWJGob9GlkVlJV/U5nZJDvt3jOA0kAbla0FhFbXVCGqY+7BRWAdNC3K18KOIkFuZvkcmM3y5fvJ+oepmtUiyu7rkVy/g9V4eLtt7VcwBHkrqEIbL0GDU9RUjAhdMcNIl3M+g7i9Y1Wgc05XxRq6Hblb3ArCJ+FHNN4SqSiCeV4gdDnz6MJZAp0eYpb+ypiv+g2vJIGLIxwoSmI+o=
minI4PIjQMXiO75XJok/qt+XlbkTWJGob9GlkVlJV/U5nZJDvt3jOA0kAbla0FhFbXVCGqY+7BRWAdNC3K18KGS71tFS5urVsytCENrzPx+k9h4QNe7McsKDjeij13Xa
minI4PIjQMXiO75XJok/qt+XlbkTWJGob9GlkVlJV/Uh2iHXY/rT64CRzJfzlJzxOeCpqLn1oTtYMt7Pv66f40cvihowYP8kZaGn3d65zxs9MBZW1xEfqqyGwYb2XsNFkyOOHk/5IAKY27TXJlTPsQO4Fws0D+asI7u8QDR8NCS0fZLCh1X3aQvKdjbxkiOnPOHeW2FnKr6uTfQrXxVvjqmNZ3C7MAQpB492MUkH6gg=
minI4PIjQMXiO75XJok/qsDsYtqDGA/PtmgORvdSuU1+kyZYtOHmyPTDxKoifuX7yANnwJKHheFqO2MHwR8HnwE5mUA5qcFpjLm0W3wNisJ93NWcfuPGDNNhK9G+PPP+
minI4PIjQMXiO75XJok/qkkhTAYHMnt1jKEaw6t+nzCxW4X+Cp9aMhnuv0Qp/BKHUqW4goRKy7SrkOo2lTph4xK5vLhKcexI5iWdeoNBIch/kfWfekztlS+7gSyl8QYE
minI4PIjQMXiO75XJok/qkkhTAYHMnt1jKEaw6t+nzBQ0AooDALjLm/d2P6L+Ec83WNCDl1pLbFmPRo/260uMG+VmrzkgHaNyMwngYcmyIom8juYSouX8UoYXTud/20IcHY4oxC0tMAbiIxGpgZQHmH2oHYOZr+SetIQqVXDTthkKxX2n4EhbttajiUbqiMT
minI4PIjQMXiO75XJok/qkkhTAYHMnt1jKEaw6t+nzAatu9XszV3yaLnzhT41H0Xw9VJeh950MxCUA4/bzIT1GUga2wzkhZgpMyPaoRo00njlOeNKrgkW7WVUXrca2at
minI4PIjQMXiO75XJok/qkkhTAYHMnt1jKEaw6t+nzAatu9XszV3yaLnzhT41H0Xw9VJeh950MxCUA4/bzIT1IIrdLcLDaKYM997+7k7yjsNLfxsudk2/JbxBxdZMJHYGMOt17Hb590EjIvvS1pBa8lo7QWce1sNSit0NfRpRfkpHrisFCxdWrMr4qrMaGYUWqG9NkUZoXb/PLFjhZk+jSHbNm35m8zSG0FQaS4rXxU=
minI4PIjQMXiO75XJok/qkkhTAYHMnt1jKEaw6t+nzAatu9XszV3yaLnzhT41H0Xw9VJeh950MxCUA4/bzIT1FAWxIvLQ9Yw9sr6ziIIaG0DkTzPymbpfoEgxokEA65wpWk8BS1P+RSxui2/jkM2Nw==
minI4PIjQMXiO75XJok/qkkhTAYHMnt1jKEaw6t+nzAatu9XszV3yaLnzhT41H0Xw9VJeh950MxCUA4/bzIT1IIrdLcLDaKYM997+7k7yjsNLfxsudk2/JbxBxdZMJHYGMOt17Hb590EjIvvS1pBa8lo7QWce1sNSit0NfRpRfkpHrisFCxdWrMr4qrMaGYUWqG9NkUZoXb/PLFjhZk+jSHbNm35m8zSG0FQaS4rXxU=
minI4PIjQMXiO75XJok/qkkhTAYHMnt1jKEaw6t+nzAatu9XszV3yaLnzhT41H0Xw9VJeh950MxCUA4/bzIT1AEfKs/3WZX8c1WCXlBqc0t/O/tN7AtfrHQ2t11Vbk/d
minI4PIjQMXiO75XJok/qkkhTAYHMnt1jKEaw6t+nzBQAm1vXQUbL8HS5zzEW8/I5NTat/AJkCIRsA7VfznIbpObz3YTbnIoHxUxEhsSZyERv3pgp0EkpAv/Y028sb+ijWNzBBC1IekXfLoNjauXlTbDbLrCrRYs6+V/IGMoO8q7zbje3Ie66SkSXKJYORXavlgc1pZSKdwtq7L4KC8CRnWtAyL5I9HpGzNYkK2nYCk=
minI4PIjQMXiO75XJok/qixdZeszLgfB9LNlGZ3lMCR6b3elAXGOsTTUhcnkJskW4qG9kxiS262uAL1oFzLYHgKxQpTetvv7Z0PzgJfyEH1Z8Ea1COkJwjx1nMG69y/K
minI4PIjQMXiO75XJok/quS+hrEzDzl5gAj0tyWfSMShkWfn/fU8Hr+r0BmGcNnROJsXBUBqqPJKB0yNam7+5R8wD49rCbf2TyMj/CKk1a7oV+y+CzOfsew32EsvOQdW
minI4PIjQMXiO75XJok/quS+hrEzDzl5gAj0tyWfSMQUAWlErlLiolLaEdKhWnT6IMcFnBardEfKTHCF0GWwd4AhxHsKia5sklF8MuNMtLIwNho5GBOEcaCAbEI9pBW0PagUKts2fi2HROHCRLfjc90gwGU1MZiACh/kMWRxlcAeRLpgZcOiqUBGO8cJbi0S
minI4PIjQMXiO75XJok/quS+hrEzDzl5gAj0tyWfSMQqZ7QszWPOANKylbS5Z4PA53Ak2rbf4iIBPTYaicxJarnHKYD1BYGHAHMxdut4y6ni/ji3HvmDy7OsI4csJuGU
minI4PIjQMXiO75XJok/quS+hrEzDzl5gAj0tyWfSMRhHxmvftCNISt4lgAPGnpsBHQ4hlSs3Rbw2bw1c/+sqUcgV5Qto9VbSG8dpXHn79Xbe2yx8uf0yJh5F3KHgklXag+WP2nmzwmcIyEViFaUtZajNYY01cy3gcA5c0OYMZV5R04knEIzPnCbQ2mzlE0A5otLFHT9jg4cByLMeigfSytowVNzb8vhzvLDzOjBDRM=
minI4PIjQMXiO75XJok/quS+hrEzDzl5gAj0tyWfSMRhHxmvftCNISt4lgAPGnpsBHQ4hlSs3Rbw2bw1c/+sqR+Uym4dkhzSWD8CobVqJCkRzWsqDVUKTNWDYGxmHcn4KfztiBiz7Rl6/czFXbN78w==
minI4PIjQMXiO75XJok/quS+hrEzDzl5gAj0tyWfSMRhHxmvftCNISt4lgAPGnpsBHQ4hlSs3Rbw2bw1c/+sqUcgV5Qto9VbSG8dpXHn79Xbe2yx8uf0yJh5F3KHgklXag+WP2nmzwmcIyEViFaUtZajNYY01cy3gcA5c0OYMZV5R04knEIzPnCbQ2mzlE0A5otLFHT9jg4cByLMeigfSytowVNzb8vhzvLDzOjBDRM=
minI4PIjQMXiO75XJok/quS+hrEzDzl5gAj0tyWfSMRhHxmvftCNISt4lgAPGnpsBHQ4hlSs3Rbw2bw1c/+sqbzDWzlsE7Y43U3ISDstGen7/112UOD9vbKqWWaGyRkt
minI4PIjQMXiO75XJok/quS+hrEzDzl5gAj0tyWfSMTuB3nDXh0V5hHquXZD9zQsC5xJYt32LBda95T3lDpHW+smL9SAyhUQTQjh54+zeC0rX2WSzYg85wa0EALhZubn8LvCwOc41s6opXX9XG35+CSa4H6A9R6CaoeatcaL0DdU9cevzOuKj72yBC4z2JiPSD46c5Sz0iic41RrXoLoafvvlDUFj3Ys4tlie/aNxkQ=
minI4PIjQMXiO75XJok/qgmIgBSHwLtIzac0Fkc6FhfCAadO9RNzDHL7aAAomsO21wyTcxrhuV9pDmm7q1JGTOWTz8Xu12YjhzoKkgQRAHn52iWj2+SVJcYK7f8po/fy
minI4PIjQMXiO75XJok/qgmIgBSHwLtIzac0Fkc6FhfCAadO9RNzDHL7aAAomsO21wyTcxrhuV9pDmm7q1JGTDw7dvl/EAGuiEkquCGRVVnuDDposfNbGgioNnZpT4KmB9laTQQWXYGnYvblFYwMSWSIUYeMEvC+HH6vb+iSk4Kd/2VNKdEA2xWeN38MhTMlhaRwi2pwj5LG3JK7WGgEJqVBU5/tkeOZ3oSIvsI8ixE=
minI4PIjQMXiO75XJok/qkEs6BL1BhrkHP1XlENS3gq3obLkmZfLjE1O2g7KCL8ewPlhQjIJlnq7M8AIZ/i9pufoeZKMYP4zR61tN7TA5NYF4QFYmhYFyiTsQyO74KTc
minI4PIjQMXiO75XJok/qpVR5Z2vMTHRufgB0nmhhnTC0AigSHFlGlZ3o5pxrjUKGecvAt+taSFHJOIsJ3DBv6LqMAb3El/7mI4c0tAg8ACAgqi21VvIwdl3+yozQJmP
minI4PIjQMXiO75XJok/qpVR5Z2vMTHRufgB0nmhhnQqeLUxzlhO2B5kk5BlItpxlKrf8j30N/+Xwhi93trG86DMK1zVM/CDbJ6tK5BuQrSykDDdef/8JU+5rtheOc3cSXn4w/lGdsKLNzAiPH9vRbCo6wveU3Kd0IBcouZ/wwzl8oqjR8r1zS/iIi9xIS7w
minI4PIjQMXiO75XJok/qgft8ENfo/TWj9QQa9gkid9FELRk4a6pvRQXUndqT0lcZw91AR5LACRlSXdKjmWzEntvbNQevVRlJKkeoUSERPO4eaQaED1fBm2t7xjc9dR4
minI4PIjQMXiO75XJok/qgft8ENfo/TWj9QQa9gkid+hhb//7hHDVLOGZwA7bzkiafu2jM7eAQb7WvcFkeQz7RYaWItk2XqI0n3VlskUHs2xVhrWF/oHU9QgmUrPiqJFc7Jv4n9nnZa9SqqOvOLCLvhH/jcUp+78b20854EyFyjVsRFeY1sX0pJ1XN7aDMV7fNSdbwpDv2ezGe7uG7RYDmAElj88s4RBU8t7BYtrS5k=
minI4PIjQMXiO75XJok/qgft8ENfo/TWj9QQa9gkid+hhb//7hHDVLOGZwA7bzkiafu2jM7eAQb7WvcFkeQz7bGcZ3shBxl5Qi7lhq6goGW4HEdSt9K1uA42XrSuejC9sSPYC7GeaWFpoa7J+5N3pg==
minI4PIjQMXiO75XJok/qgft8ENfo/TWj9QQa9gkid+hhb//7hHDVLOGZwA7bzkiafu2jM7eAQb7WvcFkeQz7RYaWItk2XqI0n3VlskUHs2xVhrWF/oHU9QgmUrPiqJFc7Jv4n9nnZa9SqqOvOLCLvhH/jcUp+78b20854EyFyjVsRFeY1sX0pJ1XN7aDMV7fNSdbwpDv2ezGe7uG7RYDmAElj88s4RBU8t7BYtrS5k=
minI4PIjQMXiO75XJok/qgft8ENfo/TWj9QQa9gkid8DQr5NaQc/93/586yxYTC6mldhh0dlyqOmusEFW0zegB0nmXt2W1Qb/+8tmDEK9hiyfyAAtUzXLJS21Jx2B+Ff
minI4PIjQMXiO75XJok/qgft8ENfo/TWj9QQa9gkid8DQr5NaQc/93/586yxYTC6mldhh0dlyqOmusEFW0zegGZlWLd01mjx185+xYCNT1L+6RNKn+2d82HmQHbwVg7x22V3c8W9VnnEezW+aEzFfBNAH6CJGwe0cSSLdrXmqw8rcYmnVCNPJ5B1f2Dt8ObIBvSjoJpTdLLSN6HWrzzJv1U5JemIeEP9O3diwF2lxrg=
minI4PIjQMXiO75XJok/quanmjtXFGtBh+v96mEPyi0fVJyrylrI58LprECwqnbiMfsZLGJCimuaVZy64yDYq5dZS93tvRh2Vu/WBpM7eb4LvzuN+8WC1OL+1cA93bUu
minI4PIjQMXiO75XJok/qiwD3Y5W2X4QwktJguJBVNbMpzcGA7QpzoSyLFpR8UtLD3CW7ujijeb0vLLixUghDybUVCQZrh8W+b1iHcNb5HYskjgmSnuVpC8q5tTLHwD7
minI4PIjQMXiO75XJok/qiwD3Y5W2X4QwktJguJBVNaa00QaWMvbnRaj0we/3ZbVejebA3PSsnpEk3SXRrDfZsSl9DH0ylWG3gM28YWD1k770gi275TI4GrGoSuHNACQ81V0414KKxTpFKX5+Kes+fLit4RDkIhkXAHXkdwOFo1Vwr0eYRblxztwWC/1Gv3B
minI4PIjQMXiO75XJok/qiwD3Y5W2X4QwktJguJBVNZJDvetXdJHTg3cmSvLQFCWseyqc7EnQeC6J8bmezgcYEZdivNvhJ1qXsJa+v4uazH/3DLYOhRmeQ4WMnMd92EX
minI4PIjQMXiO75XJok/qiwD3Y5W2X4QwktJguJBVNZJDvetXdJHTg3cmSvLQFCWseyqc7EnQeC6J8bmezgcYIkXqrM1xELfP6GrF3RMlga6ef9yLlOqzsIzHBjPxDQdkDIvbbyreaFuHiXlT6pShqsHkfLBmfLvROqUf+kzJBkcJsGIaxQjW57jiCcmNX51F/OL2PaED688os2A5DR/XenSv1O/JRrPYOA5AmBylRA=
minI4PIjQMXiO75XJok/qiwD3Y5W2X4QwktJguJBVNZJDvetXdJHTg3cmSvLQFCWseyqc7EnQeC6J8bmezgcYHg3eHYZQ896W/ZRuwPvQJ/8g6h51EkNQzvOMLBZYWTxDS1rsKDMh0VMzUplbn3uRA==
minI4PIjQMXiO75XJok/qiwD3Y5W2X4QwktJguJBVNZJDvetXdJHTg3cmSvLQFCWseyqc7EnQeC6J8bmezgcYIkXqrM1xELfP6GrF3RMlga6ef9yLlOqzsIzHBjPxDQdkDIvbbyreaFuHiXlT6pShqsHkfLBmfLvROqUf+kzJBkcJsGIaxQjW57jiCcmNX51F/OL2PaED688os2A5DR/XenSv1O/JRrPYOA5AmBylRA=
minI4PIjQMXiO75XJok/qiwD3Y5W2X4QwktJguJBVNZJDvetXdJHTg3cmSvLQFCWseyqc7EnQeC6J8bmezgcYKYmKbinzCqTPM8bqcLuXCS4hU1yv2Pm8997WZOmXZIG
minI4PIjQMXiO75XJok/qiwD3Y5W2X4QwktJguJBVNYl9zfj9PRsw7A7kjFIZetkcIGn67QpIko4Ev2BNJE6RExEhL+jOo8RRRQCiiKBHoScFikd1mPdisxeWnrLMMrH5tmgFRS3T+4CIbe2kKKCR7o2l+UMzDNP/RkpkC1e52CkzVGUGDGbvtZ3gLFU2XuiMaIzm+cvoNbWGkN8zSmC2O/um1igTDuM9vjahMzdIQ0=
minI4PIjQMXiO75XJok/qmZpprx/DicY2ht39Nztx0DbiOGNXilaXMf9jLP4I795bY9UHUAJ/Ji12uhkk0pf1eBcyQrOwYSFlVBvw+PQ8im0zBob9uB1aojvHI+aPUYQ
minI4PIjQMXiO75XJok/qmZpprx/DicY2ht39Nztx0DFZx9+mKoxw7h+Cg8dQXl1U8+MfL5Pr9nbN1RvZZoxbN4gyBV+BeMYS2erDmkOW92aMOqi8J0ldu0cPiJuewOk2/287GlviPOPLmLt//KPMDScbsnUYXL4MxV5LRIiVH0y5oHvcl3n7y+NTwpBolL6xgO1MinNGPR07bVR/NeKMze6HUx9iAWMsgGXQgG5r8U=
minI4PIjQMXiO75XJok/qmZpprx/DicY2ht39Nztx0DjhvUb5yvuoXPQmoKpSPUsuB1qR0XfuGQjtuBdyUOuNEHkYMHKH1nUOWWpJeSf8Rw6t/2sSDh9YD0M/+9qrcTj
minI4PIjQMXiO75XJok/qmZpprx/DicY2ht39Nztx0BuHybJQ5MdGvrg673sMEotMLqjUaHO35H5DtjWSMVglcXf2f07LB9bJ0nHXBeXszj2FtJzUEugSMwiyNpBP/27DTndoGALNRLVjGZuofuN3v/H75LI+BMlM+xnSXRP/JpnqK6lQti31Q1MQsdYpr6ei/KOt6B+kqJTFw1bz05m6isfH9Vbo7xexURRw4u49MY=
minI4PIjQMXiO75XJok/qmZpprx/DicY2ht39Nztx0Bvjo6aGVUzBa29oqEwKgdE9RyEH/ls63tBM1W5PvtQQ/A8nIRapzvFfcXeaQbxAepNR/Wdb8W7X9BgS2RVVkrMtWn/TmSarjEip+8QPqDtAPhvHHrQjYO6ILinU1PiHZA=
minI4PIjQMXiO75XJok/qmZpprx/DicY2ht39Nztx0BeSsIZdq9ean1YK46FzRySsp6697Guq0iT2jt76MN6MNOURgQekCcLzZz+KS+vzPpLBBi+LpmneCc7hvkxvBDn0Yx7g/4xffuPuq359FbqrcDcq3E5riPL+KsjYVM4ha/HRmzJU0diOatkM9TdUF/N
minI4PIjQMXiO75XJok/qs/AD8pYnnh/bA+mJOc0HX6wgkYRU4Zpg1ThSPxHnCJPanC0X2cAj8m2NrhIc8AM65ggTB4YphPNwr3ibgLBUQkqPPKmMmzodhLZ6xOVy2N5
minI4PIjQMXiO75XJok/qs/AD8pYnnh/bA+mJOc0HX5/OvMMubbAv5Dv16SosIq3zDGM8wtgKiSDByZzb72hLLCi97wXfDhYUsM4AFtBFmdmnc/SnZTwks7J1ZYqdhlangidv/rKdhBWIqplPnALYOyAOKpW1KKVqKWZYApB8KhP6P0AqUFv7G+75x1H0jPRWIWQrn1hQ9ee7FOuEtPDTiP9rr0ZvDgimMB8gjEjFkg=
minI4PIjQMXiO75XJok/qs/AD8pYnnh/bA+mJOc0HX4MIs7iOISRG+YYv34/dfHpJqfawXAJBmcrhs/G/l1RrWqs7MwZt4sk4BgHeh5Mo4mN2JF/X5fLVYixRjbm2AVm
minI4PIjQMXiO75XJok/qs/AD8pYnnh/bA+mJOc0HX4MIs7iOISRG+YYv34/dfHpJqfawXAJBmcrhs/G/l1RrTd1koSzyox0B4Y4ZMtsk9mh1p0Ghw5qAvgDkkrG56c9rS7SWIva+1Zq7e0c4D1CaHYvLzUW4MvMKyT/UvEKciOdw0+IQOOSaYu1APIcnW08jSNIUD5OX5yd77MemtbZedrOxHaHDDqjrWVfdBSpIpI=
minI4PIjQMXiO75XJok/qtmjD7cqUw4ME1WwENWhNxLSjmhwE4E9hUnvs3RSOj16HB4NQLcG4eI0/YtBgECcsquU15sdZqvMvYe9ZFeu23IdGsZSAcvYCI2FmYEp2SvLnTmljqFo3asSHDweDizWUPK7QyNCD58MGDJwzVpHTOU=
minI4PIjQMXiO75XJok/qtmjD7cqUw4ME1WwENWhNxJSa281b2+4nojeLA237RgZBLNohhUkSt4d08h/gP4p2ul1sPwPfDGSvP6d+k/yhboZxnjK3MsibxpnfccnAfrnhu89v+hJ0j4e/jqa5MFS2mp3O9ITdLWqZLDDjkbKKxGBqizn7+nuHgu7ZAzxdnmq
minI4PIjQMXiO75XJok/qqpHMqBSKKCVYscKMGjgegzx6xCzBZXOFUX5U9lbCpDHdgw/WOw4Y1Gku/MGoF+Xq5OUdUFjz1CTzXOeslInUovS99LC6x9LOp61lHcwtgFx
minI4PIjQMXiO75XJok/qqpHMqBSKKCVYscKMGjgegxt1MTww8VcTEdGDRcrzw+U4PgRHVo+sdXdvK6mMtLcjOXfBg6zcvGUb6ZXknQp3Cx977rtfOT7iWZJ3dJ0A2hgvH32SvuydmbOa9VcvVeDDg9DBXgogRTgvPbqYgCtGttErfLomSIL4xgibolqXDNh
minI4PIjQMXiO75XJok/quAy3XEeKdYWSOftG2cMRBUEhhhhY4Ww8mtxW5ukGLETSj4nBmKbNPDP0wJfMR5HYtC7K1Z853CUXoOvFKazQP1fbcfGp9G10nLO2Ipv+tEI
minI4PIjQMXiO75XJok/quAy3XEeKdYWSOftG2cMRBX+sNboNMS6aKnSeBr86LwTzqfBr9pt8Es6jsvmM3Nc8fryIvDvHV5Std/YhK6WdP2Q9SNa05SXlB4fO9sT1Qx9I5SWshmyHj0s633geKps9z4LV/y/0QWH93fuKGSdStJhy52veSj805LRXqiGm9HDDsVOQucf/yJIyMUbOiMBw2Gd+LkTjOCELJzd0NPY+gE=
minI4PIjQMXiO75XJok/quAy3XEeKdYWSOftG2cMRBX+sNboNMS6aKnSeBr86LwTzqfBr9pt8Es6jsvmM3Nc8ThI9iDyaUI85YihREY1fMIvL4XN6RdeGT+TMypJBtXQ2PhzYHEgGYkaAcHnrIzUaw==
minI4PIjQMXiO75XJok/quAy3XEeKdYWSOftG2cMRBX+sNboNMS6aKnSeBr86LwTzqfBr9pt8Es6jsvmM3Nc8fryIvDvHV5Std/YhK6WdP2Q9SNa05SXlB4fO9sT1Qx9I5SWshmyHj0s633geKps9z4LV/y/0QWH93fuKGSdStJhy52veSj805LRXqiGm9HDDsVOQucf/yJIyMUbOiMBw2Gd+LkTjOCELJzd0NPY+gE=
minI4PIjQMXiO75XJok/quAy3XEeKdYWSOftG2cMRBX+sNboNMS6aKnSeBr86LwTzqfBr9pt8Es6jsvmM3Nc8XNbou+j1YKz/emKtproViz5hylXce6PovAwxXyvVxzc
minI4PIjQMXiO75XJok/quAy3XEeKdYWSOftG2cMRBVU1QpyQM2U8S/lxZavsR5cJvQ386c7YFoXtW2EalSesf+st5RFMMr03G22HhHezfGCWVhnIgZ7HzzlYu2pbC6opAncDKz2TCqWz3v/tYgyebTxx4+aP4H8Xj0MJ9JxH12oXW5vACb/4BE+0j+3DzdDL0ht0WhqBL/9YJp0iTaBANWs8gM1HbC0x3T6O7hONBc=
minI4PIjQMXiO75XJok/qqv9A8dq5MZ6ZWiIfXFzANpn+uh4ftn/r/06kqyn5A5iTTHOy9vgBmez6BAsmfx7iFxL13yqKUMhrbdQk7STU3BnoRRXqX/f8djuXGUvBB63
minI4PIjQMXiO75XJok/qqv9A8dq5MZ6ZWiIfXFzANoWYbbpj/3BE+toZmL5ExOYb+hZpoT1em0oruEUM0IIJDWAiY9aS5e66rHsQS/yN0QYVARun5crelQw6HW2rcm9cwtZvL3FjAYbbDMrZy8D935FyBIThZpQ34HXuxPbq6RWwu9VFfgn7ubJcScDQZw+JIwf+3mVMQnfnEQWh5xb/bECWAs5UbsoYBYnG+I5O/A=
minI4PIjQMXiO75XJok/quMacpDwDxfp7nU8SDB8RfUM3bqnxMNamRVqwiiqofXbxqoivHZrEQwR4+tc0O0E2aHyUp+VR5CmAHNrELawV4WgwPuffTC1VXOlKBxN91zz
minI4PIjQMXiO75XJok/quMacpDwDxfp7nU8SDB8RfXgO9GjLt+lHM+o6qCVtGn42xMoMd1gRAnqUaQdaRVm9DCNvTNC8c1s1vqQ9rOWuc2rMb+ge7yZMB/4/id6c4M7pxfHem8LLoC3fiJVSL8O0F7LTEVjXGX6Jj5I4aIZHNfLqcjQl0KjKNs4AlZ7yEOlLX3WQZY3PQbB/GZAwgYlnqm/H/3p6000awkIvdt00JQ=
minI4PIjQMXiO75XJok/qq+c/+he5/JPZ/+F84H+KReSKeTZMpfSPbqJ0N8/9Lk+dXhC5fmbZB6B4sUk54ePVwOBMbMb7I0Ke6okQ4fa8U5C3U+hqPKGfFS6To4AABsL
minI4PIjQMXiO75XJok/qq+c/+he5/JPZ/+F84H+KRfX2v8dETIIwoZ7sJZMrRF0g+lBifi9cIgjaDlw/aFjgS3E667pmLYvwy7H9LL93W9G5hbntHJ4RY/+OeGf8NdxXXaX1q3OXw6hY5josRp8DfzdVbQeMdW2WsYBq/wtrma1nZx2w8uGzk1fmkZa3rBtngzi9ozlxa5AOEp1zzf1sDJ3G7u7SmUSB/e5NV6JSEw=
