GmcONIA9PFzHw1gpPLLPoqev3ytAH5KO3S/CJpMsylg=
35kyjVfwBJgytCi6KM5Vug==
FNt9orFfFSbPIXNSbXcP2Q==
gE2g7VQeqq0h5MkG44fPUw==
A4ZCFW7RnVRfEnbtNxUDb8VFIQmzxcIFLuiIjRY2q84=
cwgQW1UgxyVfBeSrdwXHsPE1eoSAri+NViVSjTYe4hg=
pYn3RyiaY4vz2unSybTHuw==
mAzeFbkWBGyzJRgEWJSZYQNn44wFaguEUnqkvHVinQw=
NiGef/LGs6v8Em6sqLz1GYGKB0111uCW/TAqgkiW0+w=
2lfNnhNY+w/3xMaMUxJbE0YFT/wvMlSDz8Vrd5FEs18=
minI4PIjQMXiO75XJok/qmPexV3ySm8rf/fGDs3rFNFORPQRqKdbE2SsWTV83H2FqwfxUCT0rT53En3LVuwiLEzja1HMYgmhKjKyIFOjo35pMFjS2d3sHC5ssU0BkzO9
minI4PIjQMXiO75XJok/qmPexV3ySm8rf/fGDs3rFNH7VVD8aY66WcX/NeL7H906rwEKuq7KT/6U9b6qd2FClGXcVhJPu9wmOqx+dyjv7dCJCg7Y9osGDMgT4DoYU/B1Tf8UhQhns61tfoT9T0Gj86EjlNNJ5R+laz94RwFFn2JRxNAVGMVjIcv2s2lRe7Ae
minI4PIjQMXiO75XJok/qmPexV3ySm8rf/fGDs3rFNFENOMDbLdnY9Bg9DnKtYP8UdAw9365vE3s8s2LkhTm/xCPAmUh3h4hdYuJVwZ3VMza4EjPoidevNFIuudjIBaH
minI4PIjQMXiO75XJok/qmPexV3ySm8rf/fGDs3rFNFENOMDbLdnY9Bg9DnKtYP8UdAw9365vE3s8s2LkhTm/wP8wxpaALgLFdeAjjWitE8PTfZ+1QcjOHhPv2I5q9xrRecwi0U+FYy0WP1+GTK7MlUgyod00jXSGZqnrPMHlZ+nogh4xY/zBnbRjrW6wkuU5UGaX/Hz6CanJU2Ui/xnEa5Kh7SIQst5xOc08W69AO0=
minI4PIjQMXiO75XJok/qmPexV3ySm8rf/fGDs3rFNFENOMDbLdnY9Bg9DnKtYP8UdAw9365vE3s8s2LkhTm/wmzUXWn3GACvmqSUbK3rMUVLkwnY63Iy9HLO5geJNSC7KFRmlqqVvnctnaRN7Q5gQ==
minI4PIjQMXiO75XJok/qmPexV3ySm8rf/fGDs3rFNGishLg5+OP3mBImc4n5yoAzX6xuwhqKs+4rUe7/c8kc8oKgkio+ZBvrVXjuKZ2Fx6Uj6ovnQfZ9E0ZQ/QBU/tcg8XbQYVBaECTvuZSsF99LQcgaCX0XLJ57lf4j8TY2aW4m/SrM8OlS+L/B4HqSK9guPrf9P2DVKDWk5/R3dVYmtBGI1edAAfYaN/eRonI+zk=
minI4PIjQMXiO75XJok/qmPexV3ySm8rf/fGDs3rFNGishLg5+OP3mBImc4n5yoAzX6xuwhqKs+4rUe7/c8kc4Yqd/Ykcfwv07P2GILyIqL5HJL8qgHvgM5ASfQ9FL5m
minI4PIjQMXiO75XJok/qmPexV3ySm8rf/fGDs3rFNHaRUljICKsVf0iTcKaw/uvT/FU+WeYT2+lUlpg+UDIKWu8LUQBhQg2et07ktl2hNK6jApAe995eArT8hYktNNQMjWgbp70VM8AraE3mm+Loy7a0qlyXjO6tugK2L0+ZrFc2N/MIwP2LlfmTcIQL8g3nO/Kthztc/e9SyVSc1k+wOAzHAYrwHOK33YpjmaKDug=
minI4PIjQMXiO75XJok/qnwCP+Ro3SBCsCQSu0w7fuWWYO7t/I2A2eyWPY6T9V6I855jS3j8zsv0rA7UpR8OYKAU3w8xaVP8Ef5eb/rgIjdwebXuTzj3LuFotHvZMhD8
minI4PIjQMXiO75XJok/qnwCP+Ro3SBCsCQSu0w7fuWWYO7t/I2A2eyWPY6T9V6I855jS3j8zsv0rA7UpR8OYKVmoJCQXx9XUFbsbtgddeEjjrgRPIHoUhGFWVTfQbVV0jDNspsP7QAapBsw08TfKkDCPl3MeokQTzkPV9Bp6JoCLZ60ziVcI43VpfFV+yc4wHdtXvEIRrX3aTsjbIGzJr4e1rt5uXG/I9/PNatR6lM=
minI4PIjQMXiO75XJok/qhzOtuhXD0RucQgf+tLq38poZz9XelAZki7Tjrf05zycdTXKaXxjS57FQ5DGqY0HOJHUWu77GvIKNR+hs3CUXPhazawQT62j7cYdNt38g9Ja
minI4PIjQMXiO75XJok/qhP9VPQOjPC+Q0I1mEMUzWvdjgx5nc3B/3GHVkNdAWOkGI7HQXwQpU8ByKcAkwikE8AEVlFgUUjw3Ywh4bXHQIg1WCGqsrv4HVnEHk+cHXWq
minI4PIjQMXiO75XJok/qhP9VPQOjPC+Q0I1mEMUzWvJYHB/JTZ6W/twhrlLUzLWq8FX/zFEP7N+KM4vtHDOJiv54qYmD7iuJkcGTIcbcs9DwQoW63+ePO/CprOvvUVXNVfJ4iALN36/W0IPSglfKCTAOWawP5GMVcaCpGLDCwk9QWVM9dhlMx2PU9ST2+l/
minI4PIjQMXiO75XJok/qhP9VPQOjPC+Q0I1mEMUzWu32NXbIj2/tSFnlCWwRx5W+eBdeZoFVlUqSEntKvLtkN+EknQAJKvt2jU/itd1XWKIwgdqWPCYgphOZQzeRNaO
minI4PIjQMXiO75XJok/qhP9VPQOjPC+Q0I1mEMUzWu32NXbIj2/tSFnlCWwRx5W+eBdeZoFVlUqSEntKvLtkM3lmkcPE/nXs7LbtGRwyAjPPuFDtFRkDB1Jv3hFkx9U8lOJpfT/WC2nqyz21GR6x9iW+TeYdP3tv1i3ebx9kTowE50Yfr9ylQA/aMLObAfBa/g7TdHNFX9KBuog/PQIy0+cC3KI1Q6yDUY6GvpyUpE=
minI4PIjQMXiO75XJok/qhP9VPQOjPC+Q0I1mEMUzWu32NXbIj2/tSFnlCWwRx5W+eBdeZoFVlUqSEntKvLtkJBs4oRaqxSN2Orw4PrK4Z4euCZZfqWgzEMbRs7/dIdnkpBrul3bvL7zLuNzJ6qDQg==
minI4PIjQMXiO75XJok/qhP9VPQOjPC+Q0I1mEMUzWu32NXbIj2/tSFnlCWwRx5W+eBdeZoFVlUqSEntKvLtkM3lmkcPE/nXs7LbtGRwyAjPPuFDtFRkDB1Jv3hFkx9U8lOJpfT/WC2nqyz21GR6x9iW+TeYdP3tv1i3ebx9kTowE50Yfr9ylQA/aMLObAfBa/g7TdHNFX9KBuog/PQIy0+cC3KI1Q6yDUY6GvpyUpE=
minI4PIjQMXiO75XJok/qhP9VPQOjPC+Q0I1mEMUzWu32NXbIj2/tSFnlCWwRx5W+eBdeZoFVlUqSEntKvLtkCsXSYphMjTBZCdewSku9bfv4f76XCaIVcuqR0mbpBJ0
minI4PIjQMXiO75XJok/qhP9VPQOjPC+Q0I1mEMUzWta8q6nhPHePPq20RvPPbcORsXdj061qEGSgHWMGDyFt7G6sJS10witdvbTF+TdI9GULIdybwbn7XuuGQOTqIDHAeqDoftA49l/ISBGmSR/VezGGMi3SFWYl+dUNBZ/bTTeq4Qe4vPeEOnmyF87IxwWNS4SoBdPZGnreQbguGXe7S/SigZIKi/dZrLbH7HInF8=
