GmcONIA9PFzHw1gpPLLPoqev3ytAH5KO3S/CJpMsylg=
35kyjVfwBJgytCi6KM5Vug==
FNt9orFfFSbPIXNSbXcP2Q==
gE2g7VQeqq0h5MkG44fPUw==
A4ZCFW7RnVRfEnbtNxUDb8VFIQmzxcIFLuiIjRY2q84=
cwgQW1UgxyVfBeSrdwXHsPE1eoSAri+NViVSjTYe4hg=
pYn3RyiaY4vz2unSybTHuw==
mAzeFbkWBGyzJRgEWJSZYQNn44wFaguEUnqkvHVinQw=
NiGef/LGs6v8Em6sqLz1GYGKB0111uCW/TAqgkiW0+w=
2lfNnhNY+w/3xMaMUxJbE0YFT/wvMlSDz8Vrd5FEs18=
minI4PIjQMXiO75XJok/qkWogbNuhCKqegPeNHZ4QAkh/otC0cMrLZfXN+9wlIqFROXE0bgWO9WbMF+mw9pfMGdlIuEt/itwEm3P5tYNaw06UyBBWjY3vC04BeG6jbwF
minI4PIjQMXiO75XJok/qkWogbNuhCKqegPeNHZ4QAmLZnXkoiRWsnUbRQyMAHi259Q6aMDqX9Ih/cKxoa4jrPOYNSf7E/0P6zHGWFss2+1zYEd6bfkcK/A7958KVJazvJ5fZ2maDL22RTy/EoJF9T0OPs3JoT0OS46yRaxLWBN1i8f8ZUYZO9P+fu3xLpv/
minI4PIjQMXiO75XJok/qkWogbNuhCKqegPeNHZ4QAmBn0LmQGR7OdZZHx8ZROx9awyJek4+L2DTbw7RHUaY+EFEGy6JgXwypnTqRoexMeXc6YUV5SVXN9hhPmM260HE
minI4PIjQMXiO75XJok/qkWogbNuhCKqegPeNHZ4QAmi+0qkekIickT/GIe7/zpP87v2FgNpMFsfq1qUdUw/ZSfIJoKPiKm5hVELbCpOPnkCJJyd901dJNTR7UHtLQisOnpZud5aityUyb57qJNTxFPjPeoTfiOrX+4fOMC4XYy4XCfd/mh0hr+x76MIQ3x7GYTlq+doU9doNfNZHE5bIKbRlEcrZwiJFQMrA9DaNM0=
minI4PIjQMXiO75XJok/qkWogbNuhCKqegPeNHZ4QAmsVBtcOc2V8iIIsKNN0cOadRRANbZLHdsOhUZ3UaUZmKuBrXVhIxdo/prs25hwLyYKMjUvsG9I2vPbRPUMbXwi0WKArFD7yI8iqkrlLoJjxA==
minI4PIjQMXiO75XJok/qkWogbNuhCKqegPeNHZ4QAmsVBtcOc2V8iIIsKNN0cOadRRANbZLHdsOhUZ3UaUZmD5u6pICZcKhEKPOK1Syd4w4EViy3G2wbXo3745qMlWw0vcN+drqxHQ0rwfTB0R2LzRasOoKynpLzog7vp91ZM2pG8LV2x5+VaMwZ8uxKjrhognTC9e2kAG43E0A6OB9yXTzRuZj+YlTopVmwPuz6io=
minI4PIjQMXiO75XJok/qkWogbNuhCKqegPeNHZ4QAmsVBtcOc2V8iIIsKNN0cOadRRANbZLHdsOhUZ3UaUZmEy/CSjkEdYPvKS/UnFy/OZFOGmwwMFUk8VDVN1eTUyx
minI4PIjQMXiO75XJok/qkWogbNuhCKqegPeNHZ4QAniCHLOKWblQdhHV6TJlM11ApQ9X04uwEaysO/3aIT7fls/1EKeqVoAnL7+QRFjCAvF/574vW5neLpJBsHAqonZZ1LmE5dP4UVOgae3YtcXFY8dPzhCXQPg+mMYUY7p4AHX/N898G6euGWvlNMNhu9IwryZh91i2w0IEDN25Hrn0a+G6j7dUwVGr3kgrevKzRM=
minI4PIjQMXiO75XJok/qs5HoGtpJ41JEFLBGcSVN3VugbQhRV0uIQkIsQJZ1p2GG8/fvf8535VWAeBmu9sF1G3APtije0VnLr65P3ZPdK5XhIPxW5esuenalZtYalw2
minI4PIjQMXiO75XJok/qs5HoGtpJ41JEFLBGcSVN3VugbQhRV0uIQkIsQJZ1p2GG8/fvf8535VWAeBmu9sF1Ka19tyTgRZlN1EhQBTCMNN0JHwLpP/Aruxl9n7rQM9tPMHZiuJNKYmpviAajinF6QWtRDCs6GMdwlIuQY5i+C8cD5RINJFvbvrybePObuR39qCL8VBJ1kaGwu+uITZnvWzl2TJtmjtyrsM7ZC1VKpc=
minI4PIjQMXiO75XJok/qs5HoGtpJ41JEFLBGcSVN3VkOu0+LeUE+R1MbKvE+bX3p1ij5zuie8XOHjUaZUbRW1nxFUM9FKrkZJloll6jUIPmDnWPKn+ZVoR6MgvPUpQX
minI4PIjQMXiO75XJok/qs5HoGtpJ41JEFLBGcSVN3UGTg1PfaTtRZbz6e5Sa1P4pE4WC0VaG6+wdz/Qxq96K917fAYO048zN+xcfY1c6Q/jN5qKL7c+2qrvhEupCyJLLOp4FeCW0iKWm0ALyk9WIO8JifAPUQNdZL+VAAJwvvNkTVrpDBuaefAlyMU3IltCxyHY1cR8pbyrJkDDobVJFK3TGs+HP3Oy9GEWxORHA64=
minI4PIjQMXiO75XJok/qs5HoGtpJ41JEFLBGcSVN3W9ARhX0TCvalVWs8P2l1eJ7R70enhUvf5TqQiUf7E5620hiTwICGMIuyjjITwHcm4A9Zd9UfjiPp/5O4bvGI8d4rDsCIJQ0NtlnVjOtiXGCMX7JJqN2PTp2DdEYMGzE/4=
minI4PIjQMXiO75XJok/qs5HoGtpJ41JEFLBGcSVN3UwAiEdYOdOj8eUCcZVRcNbRwW8AH1JYllgOhQlPp1FA800FIlAjSAxvFDDUsZvi0ZXbigWc5xgFUZQ7AF4Gtg8Xbus3iqThXWrv9jECBk1qekH1nb0XcI1OL1gRza5TFuGmIPG58fkz5K3jzBmlHjH
minI4PIjQMXiO75XJok/qvKlh3Hlo9hQxUIIZ/YLku2pZJTd1IwZe46cD/x9Q8zswdPHSvDY3PrtNiyjzMN2xMFRpaxgj2nv9W5K0RYg5RasgX/ThlfNzbOLIoDKmzlM
minI4PIjQMXiO75XJok/qvKlh3Hlo9hQxUIIZ/YLku2lpAQ8Qpu4Ib4lsyRk1TZzX5E9LbTsh+M6tk/oO+5JE5FmymbFXXxuEsctmQ4oS+4oLetsJtTz4GOvZVOEDpu9ZL+L1Hvsl86iWM35kGB9P0UdoK1FNcbZqIXxJEScus8DwcMVM780LY0dhs98lsnE1PYLfoe2Tbc9E8bGArGQg6bXrpdcwHH5JAfyFt5R+dU=
minI4PIjQMXiO75XJok/qvKlh3Hlo9hQxUIIZ/YLku3DdNJg6iew6BTj1zmL+4cXgulUPAW9QAC4NQxAsKStxMmldGmKzmO0hmGtEehIQcnomjMH0oPZscnBbVc63VXF
minI4PIjQMXiO75XJok/qvKlh3Hlo9hQxUIIZ/YLku3DdNJg6iew6BTj1zmL+4cXgulUPAW9QAC4NQxAsKStxPi6Tx70X6RCYjKU5ZEDx4dl8FcsvTKfz8Bm/YmVh2+8ykW65xx8sa4lcYdSoEDyqRyCK3a53owOlujoKFrqUnj3d7Vu83Y1nYe5dk6K5zUuPXXjMkuZxOLhefaInamoj8iltswDuLaj6WQ/M7WHEJM=
minI4PIjQMXiO75XJok/qvKlh3Hlo9hQxUIIZ/YLku3If8MxOpx4sehk90b5yw23j9crn7GgKWo+uvHtOPIBDVZmOL98/6LDL4AWebmCuvmMCrhKILbHOw6BR3qU3oxEFYv6Koi8qnY916SCLfvtGJwqvEeAIpuXTC7wjOXMeus=
minI4PIjQMXiO75XJok/qvKlh3Hlo9hQxUIIZ/YLku1v99RyeYs/2ClgDjhhA45+nrUUzBZ6DXBwC+4mk5x6TwNRfosrfEA5yz2ambBBgs5hRn27x8ml5OiDoD1mzZWeEohCxX3nZ8tUyfDba4+MzyidwbB6nmEYgI2L7uOHYENYygc1q6sIgX/uqIlW/M1I
JxjsGEU4gLzwIvZ49cojdSJhqV8mU4Y/EuaFsNVuibMEPvpLoHyjDFmCiwYNWnEhzvWnGJw2ZpLBKU2+r0Wczep2jWkX1RXG8oiGpkAG0fUq+DS5LaZXSo2puaWrrpRY0cpC6USUXftn9S/qPmRuvA==
JxjsGEU4gLzwIvZ49cojdSJhqV8mU4Y/EuaFsNVuibNTtex4kI1RGXzNSHUsJKKyeSJC5VygCMK8l1Q6Ky02BmYa+67KrsKxnmzJfWmDb2cKTQgHApaRBToEkOwQJUzt8er0v7MZD+RmWML8dvevRg==
inf+Wsq0HZbtkpRTFyGVISO+MS6fbHLvCWa27LVlNYRdpR/J24sf65U48CdBI9Az34xDd0xXcsGcypAuVgSvepDfezctHagKjvV4+u9hNU26qLH/yeCQyCrdFk/P9+pt
inf+Wsq0HZbtkpRTFyGVIe/mIAdkXMwwJipCOoltRlkT+aCC84bBM+LFsD8Yr1Zyb4A4eJv2OVo+mgwu3psbmHuJeUQOsNuSSGCcDg3NP/8mJ7oa0ZsM5VwpylCwwlCzCQk9U7bqPCG5o5k3bxsElcMh9+CyTmRftUbeLZkVFKQ=
inf+Wsq0HZbtkpRTFyGVIe/mIAdkXMwwJipCOoltRllWXilkMJYr4vhffxRffLghL+hb+jcFZBKCwPPWeIcBKClnrEblT3LfD6Z7r2nsdlW7YzGtt7xmo/QbSMevQqJBZUdjWk8wqPiqfwsKLOKgWlBO6xgOQd69C+W7StAqx8Y=
inf+Wsq0HZbtkpRTFyGVIe/mIAdkXMwwJipCOoltRlmCnfsfpxtNAzflNFc1rRQmdfowcG9N0VZa28wxgwBgkIwwPv7/SJO7QC10PSExXn1bDimm8pLm5oUSxg09qdRrbcqePrQwPrvYACvwJO+nIohL8W1X3dLp8FWMY3ootxg=
inf+Wsq0HZbtkpRTFyGVIYH1UmDJ88meZG/Fzluotjk7cKQqJTI11xyC3lzRIXlrMivzgXQulVZt133o9GyVOKvUouuOfQQZ+cDkaCOdvO0JqLU5jzsXOQJ/MduTS4oIET37ATs9hL39gEYThpV/ldPIIsDU+sTzSjomzeZM7yc=
inf+Wsq0HZbtkpRTFyGVIYH1UmDJ88meZG/Fzluotjk8OtAS19zdeyzZdLTE4zdscYvUQrrRcQ1TFUofkI+kXFbUfCkPO3zLs9FjmkKOmbxgvnxoZzixiTQdSXYY2DIIVkwxINLBPAxYb8HRXruICtnlxdlT/pRcFnejkO9UKNo=
JxjsGEU4gLzwIvZ49cojdSJhqV8mU4Y/EuaFsNVuibOuDXNJEzEeDlmAGS99v64KFKTLad0ClOSXSFKUnAe3Ybj5wp995Bfbrd+nq2gu5JsIb81HoedwNcpUkW/gaJtYBEsy/thWu7bDI10u395Z5A==
JxjsGEU4gLzwIvZ49cojdZKOw3mxc4Vi4lIqg2Wr46YTQ9cuMQzcwssTdOFLwpHlwy4vtiUfwrqjvtJ5b6yDZ9wSIypAvvE/BnMrirUdWY/pidXmw5REdIzFZPt/rN5NG+ndM07vqiA6+4CJjjH82w==
JxjsGEU4gLzwIvZ49cojdZKOw3mxc4Vi4lIqg2Wr46aw8AoHMG5T7UtoiXlCxl8Pg5dDlUyYVXTHPGhQr/fdehbeyHCUFrLDTemtU68blJetdUYFmbKqTBlrfeK392ajad3hOEpqSeNIxFwxTj4Q7A==
inf+Wsq0HZbtkpRTFyGVISO+MS6fbHLvCWa27LVlNYQyJTwe8dLJswewwJvPvD4rXuoaBm0F69z+ppULAn7BpJyStLrBmU2EIl81UURo/r/J/JjYfJrG5xTJKJ1bwg/6
inf+Wsq0HZbtkpRTFyGVIe/mIAdkXMwwJipCOoltRlndhFOqr7fRF2sM/Up2HfbXXSBxqdBP6SaqpNUJTrWbrlR+2FKo+07L6eN0tcgeGmHjcQbPpN9VyhPlyJFwPoMb8O2SI70odQ0V98UftkUMZ+073JDUl7kkgRFKmPB14jo=
inf+Wsq0HZbtkpRTFyGVIe/mIAdkXMwwJipCOoltRllmxFuzTnoDS+k/shYgrVApOBU/sfL8mwUeqV2CMHxnCFtTVkqh9O715+Tx0agqVBn9wUVDefHL1c4zjbvrxo76xGcVrWx0vIsKQ6DzzxtooAhIeUHNnUCo/7UJEdAbtT8=
inf+Wsq0HZbtkpRTFyGVIe/mIAdkXMwwJipCOoltRllmxFuzTnoDS+k/shYgrVApOBU/sfL8mwUeqV2CMHxnCFtTVkqh9O715+Tx0agqVBnYlwyFIfYy4V1BEoz8GKU9PBn00EUsdN5e/YJA4eTFv6LDuyN2Xu0w7LPxN4fDY6A=
inf+Wsq0HZbtkpRTFyGVIYH1UmDJ88meZG/Fzluotjk2S2+c1b1xv3kWP/oIT8TNDcU9zvyG+G4DN4SroNsqbXdXFL53QnPgWy9r+B1pxAb//rv94hhxbJS/ghXjrykfz6T3rX3FFSZ5BiMCSgHhibu6JkSsu+mRI3wb0dG+qYo=
inf+Wsq0HZbtkpRTFyGVIYH1UmDJ88meZG/FzluotjmvzqErIKQrO+v5SJ+WOo9JiwT1Q7v5xxze+m0gIEkn7HPe+pNl1XkGAMqNSXic5xc4dcamJTYf2wdWHg/YLWKBvafVNhYfYAqwGIZbJDBh6wT0ayI0LXiuJYCTzNRdGOk=
JxjsGEU4gLzwIvZ49cojdZKOw3mxc4Vi4lIqg2Wr46aD+GIru6XyO8JgXvBBMe5vgvzJVjMvoftni41hwgSIccFvbUK7xlNUm0sjo/cmz8qSm37cjXroKSZpDFnIUFMi8NbNJzBYQ3cE+1nDx8/wsA==
minI4PIjQMXiO75XJok/qm35p+cj5Ob9t22Es49wn2ZREe9blEie5tRpJT92Sh3w6lbkqq9uPLYwkcwsLe9giFP8z7MUILZ7bFoI8lZ4kYcNoy0O0qJEB73KdwjMUnD9
minI4PIjQMXiO75XJok/qhUT4y2GFIoBtKQ3+/Kr44266TWGXGNTe7wwUWNEIpeXyyhSsTgUF7aTAF9aAXpX5/u6fhQEROQblytwmP3YB9cz9pB3vr5oLA12pnraf2zC
minI4PIjQMXiO75XJok/qhUT4y2GFIoBtKQ3+/Kr443nJQ+SQYZ3NMgCTZNN+seLyycjw0SkX5phY6viG4nSkVhBWw+oUS0UakcnuR6yVCWyTdXeCa5xcPXU0Nv2RBwjHsWjaIONu5+tu9v58WebzefUmweR280yjRU3dulL9JPrE96Z4+JvlFP1FW8x3nlN
minI4PIjQMXiO75XJok/qhUT4y2GFIoBtKQ3+/Kr4410e+sHiRxn84j3oo+yhwMxXjHEzGYQIaqp8netIYnkv9IvJyOjih/Md05LR9H2Z2Tdd7X+y7P/lvLs4sdvRVOK
minI4PIjQMXiO75XJok/qhUT4y2GFIoBtKQ3+/Kr443Evsgma0sHhBi+xd7PkUdKSY+q4TYJC0p0f5aSrG+rD/A+mMOsrYGe8O51bFtUqYnCXwwHrdN2IwtFq8YdrszKVVEJQkeE39s/xlh8sP8RXwaEJ5yRQwlEgxpeOyT3sEZSMFeojPxj7p4npyUTFnNrOk3H90B39e82ccv98VuXy1gOtFnN3GmtUewPLWUUedE=
minI4PIjQMXiO75XJok/qhUT4y2GFIoBtKQ3+/Kr443Evsgma0sHhBi+xd7PkUdKSY+q4TYJC0p0f5aSrG+rD4t5jfOQlGeagWViFRkm3A9wwGPl0+GktCU16EwElI2TIp/fEMN1CCM97se1OYV9jA==
minI4PIjQMXiO75XJok/qhUT4y2GFIoBtKQ3+/Kr443Evsgma0sHhBi+xd7PkUdKSY+q4TYJC0p0f5aSrG+rD/A+mMOsrYGe8O51bFtUqYnCXwwHrdN2IwtFq8YdrszKVVEJQkeE39s/xlh8sP8RXwaEJ5yRQwlEgxpeOyT3sEZSMFeojPxj7p4npyUTFnNrOk3H90B39e82ccv98VuXy1gOtFnN3GmtUewPLWUUedE=
minI4PIjQMXiO75XJok/qhUT4y2GFIoBtKQ3+/Kr443Evsgma0sHhBi+xd7PkUdKSY+q4TYJC0p0f5aSrG+rD+d3w4UTIPSduqKzoO14mtkpQwSZUJknBmti1PwIE2cD
minI4PIjQMXiO75XJok/qhUT4y2GFIoBtKQ3+/Kr443Evsgma0sHhBi+xd7PkUdKSY+q4TYJC0p0f5aSrG+rD/A+mMOsrYGe8O51bFtUqYnCXwwHrdN2IwtFq8YdrszKVVEJQkeE39s/xlh8sP8RXwaEJ5yRQwlEgxpeOyT3sEZSMFeojPxj7p4npyUTFnNrOk3H90B39e82ccv98VuXy1gOtFnN3GmtUewPLWUUedE=
minI4PIjQMXiO75XJok/quwCbJqfJ9IdigYbXO4WSkGdc2UeIZPgp2TV++1tyy3kndquoGqeqxs9dW+9hW1okkrDMEDtvrkN7GOSDg8ZOloa0lIKPvcXnb9HG+ieO/3I
minI4PIjQMXiO75XJok/qp1fzKfE4gmrvbQJd7FRG8JXvS/5da+qJtE2eQsTTwmhLLjDa2Zjf6oECLu4gj+scQE1xky+Kp7aQVkMVaCQuuJ0P7HLKb1HAuyY8oSGKcJ4
minI4PIjQMXiO75XJok/qp1fzKfE4gmrvbQJd7FRG8KNGHsMEGA3C7dyvDC2N3tOs7D9ZnAXPTg8k7p0QauelNt8qyoN35GgWZGHKXGH1rgITzbqp5qAX9Lcbtuu/zgn10dwg1JUXbigGH1mmMNShZaW/xwj86TePHJ/GWrDwsH46tEnoEXEdhVVFcpi/XWH
minI4PIjQMXiO75XJok/qp1fzKfE4gmrvbQJd7FRG8LLi8yhgC/ATZzyRD+3tKPlYFQpCDj26rV2WUgyo4VbtJvQN8MtvW3NDn6IfeaZENuqs1JpgNDd6BCrQvKovt1F
minI4PIjQMXiO75XJok/qp1fzKfE4gmrvbQJd7FRG8LLi8yhgC/ATZzyRD+3tKPlYFQpCDj26rV2WUgyo4VbtBW1X/m67wnAqNO6C9bZYsO3liJHiPzfqWsUKxYNEUhzpTohZrH1LnmnjcZQeaYxBTq9lzz8jXCb9dCaKyCiPtPzy4+gpJ4xdzMlLq2L0nEge8KcBi8xUKvrQziP4Q5VM2Sk1XQasBX2P9cU04xvsXI=
minI4PIjQMXiO75XJok/qp1fzKfE4gmrvbQJd7FRG8LLi8yhgC/ATZzyRD+3tKPlYFQpCDj26rV2WUgyo4VbtMn8ksJzSyux7pLBuxpMoB/mCT/6y3d+IaAJ76ksEZwY9lYGTRka7m1BK+U23QuK+w==
minI4PIjQMXiO75XJok/qp1fzKfE4gmrvbQJd7FRG8LLi8yhgC/ATZzyRD+3tKPlYFQpCDj26rV2WUgyo4VbtBW1X/m67wnAqNO6C9bZYsO3liJHiPzfqWsUKxYNEUhzpTohZrH1LnmnjcZQeaYxBTq9lzz8jXCb9dCaKyCiPtPzy4+gpJ4xdzMlLq2L0nEge8KcBi8xUKvrQziP4Q5VM2Sk1XQasBX2P9cU04xvsXI=
minI4PIjQMXiO75XJok/qp1fzKfE4gmrvbQJd7FRG8LLi8yhgC/ATZzyRD+3tKPlYFQpCDj26rV2WUgyo4VbtAhpKdLeYsjL/rC6kHHkZbB04/WXTmy0/ay8JVsvInI6
minI4PIjQMXiO75XJok/qp1fzKfE4gmrvbQJd7FRG8JZb2hndJu4WVufAeiOdsAQqJrD1cB5FMksua05Ff0H9MsIaqd+ptg5NCm5TR3zVR+aG7OwpzvscOusZ2DpKdvNNutGiQtXwtm53s2C6LRWC5jucPrniLScmPjqZ6DuBQmzyI/6zAacXgIzn9qjj0XUs05BTaCf/tpdYsW7J9zB6jmiEGtWHzixf+xGGUMro6I=
minI4PIjQMXiO75XJok/qjctAc/QrHOc+UPk6Z4XIfHSxGsedkbmuddKmLN847PINbh8nuZC4WPOikqH79WuhP7+tEkDMbDsfH7GKyF1rqp6OxzXP3Ufdp3gJvbQkGj1
minI4PIjQMXiO75XJok/qp9p8goPvvWhzykAUXUPbciQIxdBAMk5fsK455KDDWkQN+FT5VUe/+JXOVBlZv3a1GtqErTE/SstFMBbaIy0dCMn20FoRNjeS7+20aSm8BZjVxJPrmg7buOnIRKtzMYlLepGVBgRPNojznMXZUBkTyWwO0SQTfcJnqyxZPFnKUpu
minI4PIjQMXiO75XJok/qp9p8goPvvWhzykAUXUPbchXLLnwe3uvbi6LKNjI8tAF5Q4PKfhXsbYfC2iY1Efr6ECBCkLCIZXw+Qcx5s3WYVufkr6eTN8drzjaHRzeYJWY
minI4PIjQMXiO75XJok/qp9p8goPvvWhzykAUXUPbchG/dicaINBjpvUwmJWTLj68sRjk1aPvATlWIsV6Fz/ady6Vto4sy+0nOX4BZ7um6CKdCJFNE44DcTN31AZR90p
minI4PIjQMXiO75XJok/qp9p8goPvvWhzykAUXUPbchG/dicaINBjpvUwmJWTLj68sRjk1aPvATlWIsV6Fz/afBDpHnvybUi88U2lhcW9mOdVSXd1ARZWOHCKl6EeaNn2OC9BURpwVUgNeByPUazPQ1Cys21LLffzbjc4nRxeyVaI3fywu9+roza2ZykV08TPvqUf3uDqskqwUxSGIPQmF4sRRdiuSAoQ1fo2yS3LJI=
minI4PIjQMXiO75XJok/qp9p8goPvvWhzykAUXUPbchG/dicaINBjpvUwmJWTLj68sRjk1aPvATlWIsV6Fz/aUzcXbQabyUetPu2Q+OdhDbCOptfqlw+ZuZ8v40qMS5kfPwug+ohIIUoqiAdeDk4YA==
minI4PIjQMXiO75XJok/qp9p8goPvvWhzykAUXUPbchG/dicaINBjpvUwmJWTLj68sRjk1aPvATlWIsV6Fz/afBDpHnvybUi88U2lhcW9mOdVSXd1ARZWOHCKl6EeaNn2OC9BURpwVUgNeByPUazPQ1Cys21LLffzbjc4nRxeyVaI3fywu9+roza2ZykV08TPvqUf3uDqskqwUxSGIPQmF4sRRdiuSAoQ1fo2yS3LJI=
minI4PIjQMXiO75XJok/qp9p8goPvvWhzykAUXUPbchG/dicaINBjpvUwmJWTLj68sRjk1aPvATlWIsV6Fz/aWPFuy1kZc1YOCc9VoN2loTCwlaYlQ0K+dPR/a96Zi2A
minI4PIjQMXiO75XJok/qp9p8goPvvWhzykAUXUPbcjwngHlbUrz2+bx33ekon+DJ/eAvXEmBcIF2N/+dB+YCh0O30xcGcN3BeeygrE1BC+w+o2IiONUCgxIIdMrl2d6wWb11TQQtSI4pzXMYnStY2sEGw39iOaNh03uYBh28X9vpkfl6pY3mpf0JcrsZbyedONXASgi3McOe5T3YK9xVcwGg/pWm0O+zCbFGdX7fBE=
minI4PIjQMXiO75XJok/qt0y5VXCMsC/JMJCu5p/tmW5cSYRZxiXnq4IuayipL2uCz5wEDzdiVb8LR+ruVrCQ9ypRdh4FPdGTYFXpMMSxtCYGqR2Hf61hLMJo9D54wga
minI4PIjQMXiO75XJok/qt0y5VXCMsC/JMJCu5p/tmWlJFIhLP1HDRzSZ5p2kBhtliJl8EtrkBKLWPkoAu4X5QX+VUXuAUOKm58PMxTQtm3/kht+Nh7GZ9Zqu043K7jgV7/PFU99BTrVZ+pBXjOhaIzkMWUt4SXgRyVWTRraB4TEKP+87z3kbMkKmw8NYSao
minI4PIjQMXiO75XJok/qt0y5VXCMsC/JMJCu5p/tmWC3D1zWPGrwnfMAG16BowZ+NWq32qw31cHd/vc7kqN2HqL12HEfoD1pvvFpyB5m+MLUSr1GgBA7rPeBnIFS2OZ
minI4PIjQMXiO75XJok/qt0y5VXCMsC/JMJCu5p/tmWC3D1zWPGrwnfMAG16BowZ+NWq32qw31cHd/vc7kqN2JeuwK7GmQTGaXevcHYm4PcZm0D83+coEzfQoS+vraKc612vt1e50UQhZzbGbUSR00myGUVhiWT886qZrBJq3Q56bGVSEwHAKXzyD4wAFC02r9cUDTtt1CTsByhKsCqUQMYiYRMTSk4azVAhJFkgKxE=
minI4PIjQMXiO75XJok/qt0y5VXCMsC/JMJCu5p/tmWC3D1zWPGrwnfMAG16BowZ+NWq32qw31cHd/vc7kqN2KiWP57c5lciJUjmRuqBF/YW+/H4UxrucZh1popj3iiaMV/S+xQLE2abq82zTBfOeg==
minI4PIjQMXiO75XJok/qt0y5VXCMsC/JMJCu5p/tmWC3D1zWPGrwnfMAG16BowZ+NWq32qw31cHd/vc7kqN2JeuwK7GmQTGaXevcHYm4PcZm0D83+coEzfQoS+vraKc612vt1e50UQhZzbGbUSR00myGUVhiWT886qZrBJq3Q56bGVSEwHAKXzyD4wAFC02r9cUDTtt1CTsByhKsCqUQMYiYRMTSk4azVAhJFkgKxE=
minI4PIjQMXiO75XJok/qt0y5VXCMsC/JMJCu5p/tmXtGEPztivFXeXge5KzgTyAb4Hw3JIbOmrGjJLuprRO3+gIPG/zkNGmmBLw7sKmVo+qpYy/fC/U1S5NmD4K3xBr
minI4PIjQMXiO75XJok/qt0y5VXCMsC/JMJCu5p/tmXtGEPztivFXeXge5KzgTyAb4Hw3JIbOmrGjJLuprRO377JSer3s5msg4eMtXATwu+/baZvjE04jZ9RJRg0OGXAThc/GlN4oVxlLByRz9DkRMg4/Jb79eAlw3cAix4OE878L68jwocbE8RSfZo3a7XXBo8IKIIjexyCieCkOj275q0ruIVBLApOJuGPPtm41lk=
minI4PIjQMXiO75XJok/qqZfcZOPSPxodzocDxbnsZvsCuTXGEsnalTa0zMXz1ggyRtOp4MPf2zz/gkuBlpdzrGPi1YVC5gHOY9s2fHsvaAhmFN+VuIGqvxMKcfIAlJC
minI4PIjQMXiO75XJok/qqZfcZOPSPxodzocDxbnsZuqHuabBROiootRuHMOygRwUuBH61SG6uQuwHh2PrSnwS6YGB8kpRvoyFZy3qC8zSCkjoC03AvNALVm80P2HwF9314PZ/pw3+2k1VaFmmHjERELc0YwdUOjgnQg5p0AifparEcFRAmbD95+BXXyv3eSB5FV5dhC5TAOj0xOa6t2EcH/kzRnhXnUi2V/g2R1xQs=
minI4PIjQMXiO75XJok/qqZfcZOPSPxodzocDxbnsZukIUVrJ5ezgMpfeW2ayOO5fpurwI1QmkdCRwXnzfw+mfX3dpVc1HSJq82uYt1U/WVcFv3Mw2yHsl43cOm/DNYF
minI4PIjQMXiO75XJok/qqZfcZOPSPxodzocDxbnsZu8CaDxO93fc0zl1JPhxjjqmchSCk4QPlHSfe4MqwcphcRfJ/XAdw4tOhYMe3QIk0Oj6snsbpMLOcmnjzcwb/58tXSHwSG5iXiTSLIn8CW3lxjm0N1Ug/A/U2Z62rLPfFhREIO/pE2kfFFCE4YyE9EBE4xUyorZrMODT8nh+vdwplfl2Gm5GdGN5mEuBTxdJJw=
minI4PIjQMXiO75XJok/qqZfcZOPSPxodzocDxbnsZvIrp/5AMg6JyVtqF3OtNvB/PjGpWNohmDYPRY2QvIVYe6pFLXi3xQwkKbFYOMs6HLKU+zhbAA0t8lTC3lVfgnb0Av0XTr68vkXSJORW1CqDejaIps4FMnVdJaXFeydG7g=
minI4PIjQMXiO75XJok/qqZfcZOPSPxodzocDxbnsZuCZzrcYdkoyiPI3fgq+tUfvTJK9u65S6NqdRKFTHxtHtGislJXAHOi4dOUkyrBEFFMIZbZ0OLttj6yHTKwRgn7/WAheTk4jqvqkuJKxzTOZ3TaWC2403so9U4zAYbzlX6nAG8gFCdUHP2cIwS+aKHa
minI4PIjQMXiO75XJok/qlHP2EhLTTfqcZhL6aE2TKFnNx8eMP0EOI7KIjXUMteHfVGbKbosL0HPFI03S63hlWqV7LAH2ojIltdvStArLwiI1H7Icckrb/pHkeGjfNUt
minI4PIjQMXiO75XJok/qlHP2EhLTTfqcZhL6aE2TKGL9eH9JmLTdg0G7ePeqWuwTaZZCIM0g7EGnrVU0u8bgitT2B1mh/+EjIIPRp0MOXkNCrYFC8007GAKE2maUV3QA9uxoclqycVel1jba10g9dZ1Jz4xMgV3SoTvXrhrRPdnA0nYsvGW2+b9kq+N/sifGcEHIGWcRd6IWjzMVNo+E1uzzdbiLWnbKtkwStcWkc4=
minI4PIjQMXiO75XJok/qlHP2EhLTTfqcZhL6aE2TKFata6YT0h1I0iLgrsHv9F5QixvquujoP+UpE1jXOUWKRHj/Gfhx20L6jTw7ik0yzpJYkpI+zgzEZEyNOcX6i1D
minI4PIjQMXiO75XJok/qlHP2EhLTTfqcZhL6aE2TKFuw57Dym1+g/xQFT7epCuIjlmLH+yCY42okAaNoBpQELt6F/l5uSBqZTXCX9dVSg+armI0ODX67r8VCxn2oo2vMF5QwrG5PcOHFHFkBDC+CMNJLf7lobMGVIleTg3ApXdD4uaEggHpvxDcGywJiMwOdfy3oa604Qlmp8Jbo2slyXC2tvkU/ifBpk9YZbHUSTc=
minI4PIjQMXiO75XJok/qlHP2EhLTTfqcZhL6aE2TKGgTh7uD6b8gQTPsIv4GBawK64ziuLiLGW/5CyC8u1dXgwW9ENL4lX9Azu+mHCPu7lnJJiqdf/epWN7i+bWu2k/ARPg9haJUgP0d9d610ybSombNPaj+GNXXc7QkialZ54=
minI4PIjQMXiO75XJok/qlHP2EhLTTfqcZhL6aE2TKFsAjTeZxknawSy29hXlIirBOW6ZO/PlatggHyWy4fVx7xvZvUz+4reUuZxw+CBMOS2IJSlRZVCLkH2DJwS3BvXEOzTy0F68GVubrKx0ZGEY/OnMQGac+hqfrHyWIzg+HYwq2k7Nv379EG4971RBAFC
minI4PIjQMXiO75XJok/qlHP2EhLTTfqcZhL6aE2TKFiESe+kXL5MSBT9ibwtSAk+E67GBhUglQj4qyQiHwo8fN317/lp/DJX4MuQuG4rNAEno3pICfx0s/JGI97cpBI
minI4PIjQMXiO75XJok/qlHP2EhLTTfqcZhL6aE2TKEEccsl21OrgOeb3Gr83h+hgRAFaIqJJdLVYZyeQeReRCvRXkZ6ulCiPGOxcCarJZ4yUn0pfUgSXra4vVsuWby9ntg6pkZtpaaQc0JwueWoBK5eqWi+20c2x4Y7P+oOiiNPyH/uGrx7H1BgQOzKpFiqbaZgq9qzIYAUw3ULIXyfnDXq3Yc0eFNgntpbP+BN74I=
minI4PIjQMXiO75XJok/qlHP2EhLTTfqcZhL6aE2TKGTJwkfr4+F/uCEi+CYChBhbPwxaGhhV8/Ene8/sUGrpT1QkOyHUKddCEpCHZImxB+/dvq/c0QzES11JGmdo+NX
minI4PIjQMXiO75XJok/qlHP2EhLTTfqcZhL6aE2TKGTJwkfr4+F/uCEi+CYChBhbPwxaGhhV8/Ene8/sUGrpcAOvn2WDbyrQPFfF/QfGex+D56x6wAHAMdN9NPfgyB+qPEgRO9bztcTckFxkxZv9W0wvBFLRbzvQpIkYDCUcU2UzkzWVAATTeDHZ947KdAjK5pUt8iIcFfM6F8WL7lS72+9wX4+YuHKvDPR7/v+erY=
minI4PIjQMXiO75XJok/qlHP2EhLTTfqcZhL6aE2TKG7w6ZsxcIjX/gkktjsAIgk85z5zS6hdqc0ancdIiKi6hIMqsjYAHxR5fvF/WHpAFuP6wgoFb0Sj1ciMX8R6V7mIYAikoVbeLCZd0J+VYuIwjdxMdRZ/N/Bqm6WpWzh/gY=
minI4PIjQMXiO75XJok/qlHP2EhLTTfqcZhL6aE2TKEyyS03YAuzijr9Ie4hWn8U7e7nhHAdRlkgE5OhI1Ulisal9wICe+PvZrBQu/jUP35+aqZgsQDEYZPQo2LsVUAiqPP1kMXrrGuZPJtuU1oVkbeqnAwGQqXIs8IKF4/nyS5iOwXQKVYcp/A+QZjrr9Fc
minI4PIjQMXiO75XJok/qhP9VPQOjPC+Q0I1mEMUzWsIVHm2hAcaB8xOoG1aKhI4l27hUGWYSdWKbvnTSab5eM6HAfknCG/cP0+wWL8hqV3EUHjQDxZsTJk/rI8b4k2e
minI4PIjQMXiO75XJok/qhP9VPQOjPC+Q0I1mEMUzWuOB9+3HoCP4qkUIR8xAnrXwByzOsghxbkumoPCdsKOzIi+MMX6QxPyL1ns6Ga2iCmuYeODapIGib0U08HVopvQ3yCc9bk3sjsuJkwbzxx14yGplzM2WX19q6LgLuAqrukQ2ygf2tLM4571p/9V6UJb+IVLCt7r1B2B/0I2vc9ZnK9aMTy/fa7LgHubtQYHspg=
minI4PIjQMXiO75XJok/qhP9VPQOjPC+Q0I1mEMUzWv3+NNPvbCz3WF45gIyqURH22L8xd1Hp/odPNdvMEMP0XuTVbShZoHSCyLdLjzJ+b0jTdtsvY3Qe0Hy7wMUWe6G
minI4PIjQMXiO75XJok/qhP9VPQOjPC+Q0I1mEMUzWviiKFj4KQPgXYCeotKJubNFJUZqJGyPLdIF4pUK9QNtGqN4LgB6/pMOjlUu/v01OR/Lt3xOBCPvSykH4XsI1v95ejmfbpdkGUJP7UfJ+LH4+3pfZ45f75BxWMMZZryrDl4IqPHEUs3XJliROiKWQy25RByK/a+WuY6Mr7oqqrtQBZ8Sw+UO9K0U/gVPLNTtE4=
minI4PIjQMXiO75XJok/qhP9VPQOjPC+Q0I1mEMUzWuFeBgH5GDuVMmDG22MgfKZI+Y1WaVLP1o4irMustsc/0Zy5EXHami1bq0aGpH0MXHim8EoSvZMl2iCHkhWo/spHiLtl0cf8Wj0+9aU2IQo/8Pm62F8quc1Vh21gXxr0Oc=
minI4PIjQMXiO75XJok/qhP9VPQOjPC+Q0I1mEMUzWur+0lhHlz+ZQktGdg5XsxenyjTEvldtUHVpBBYXwqcmwZKZHTBEdimklnAtcvKFysifapP/EWeEHcsGSgXXfYhfLbuvpCrU6xxwhACRKKFWnLDh/qVY2oNPoUYTlSJ6T1UoTZzfBrBUqgYTRhRztVP
