GmcONIA9PFzHw1gpPLLPoqev3ytAH5KO3S/CJpMsylg=
35kyjVfwBJgytCi6KM5Vug==
FNt9orFfFSbPIXNSbXcP2Q==
gE2g7VQeqq0h5MkG44fPUw==
A4ZCFW7RnVRfEnbtNxUDb8VFIQmzxcIFLuiIjRY2q84=
cwgQW1UgxyVfBeSrdwXHsPE1eoSAri+NViVSjTYe4hg=
pYn3RyiaY4vz2unSybTHuw==
mAzeFbkWBGyzJRgEWJSZYQNn44wFaguEUnqkvHVinQw=
NiGef/LGs6v8Em6sqLz1GYGKB0111uCW/TAqgkiW0+w=
2lfNnhNY+w/3xMaMUxJbE0YFT/wvMlSDz8Vrd5FEs18=
minI4PIjQMXiO75XJok/qiVN0teSCe4Mi2QYhINANdnFIjRKraJ6z+BZMzGUuDCohPfPhX3s7Aozc6Kbu4yYDYKV2rTyzcyGo1+M8nXdnXR+bJWAq0fLDf86Ej7xL2VW
minI4PIjQMXiO75XJok/qiVN0teSCe4Mi2QYhINANdlO0V5X8kGuZYbOEdaIMSzDjETrA3fOzvdNl71cA/ncx6J5y64ZDpljSnxxZGMVB81Jxh+e2XChgXX87e7Ga+Q+TaIrBLO6IYivHaR9S69OQlqB8ziBOeXIHGB/Dzb5aKYXk7Mj2bkMQPewL2+f+noY
minI4PIjQMXiO75XJok/qiVN0teSCe4Mi2QYhINANdkB9QZXfc9lJBzFoZSLAyvUUO4iyQgy+B6RNRlfUo6K/SoHNy9pwj0WScBxMzgoD7IHttvDnGrU00UVuYX0aywG
minI4PIjQMXiO75XJok/qiVN0teSCe4Mi2QYhINANdkB9QZXfc9lJBzFoZSLAyvUUO4iyQgy+B6RNRlfUo6K/ZRT3uHuRNksOfMjElq9WULsIl8xHfWUKVWzKACi8IMl/L4uenK+cHLQCOYkPP6OQ9vfVPD/jib7MbpQlWHWaD0tpXd9iM6jVygCRn3jr88e8Bs0heqSnbO1D4rdn8V1q0r4xG+kOdPYo/XRJ2pTD7c=
minI4PIjQMXiO75XJok/qiVN0teSCe4Mi2QYhINANdmN6b4TJR/pHnX0i3zsnUqjOfNCcP8f3WGy3urzbQIottdzBhcvAlWtYsyjvWThAnQH1+1567n3yNBolqCg7dAnc1JSU6VOJvnrltwRCx8KJg==
minI4PIjQMXiO75XJok/qiVN0teSCe4Mi2QYhINANdmN6b4TJR/pHnX0i3zsnUqjOfNCcP8f3WGy3urzbQIotvxiePQKdAu4Q0D1Lv9VMxIKjUe7PuAtvUH9ga8SHO/I/VnBlxS2Zmzf3D04/j4KkI3EiANohb4Xs66i4U27NDrLEpyPnxoDJ0VNRy5VSQsizBbTZ8UZPHjzpavJE7+5MN+rpY+rnBFZYNFwiIIMUzw=
minI4PIjQMXiO75XJok/qiVN0teSCe4Mi2QYhINANdmN6b4TJR/pHnX0i3zsnUqjOfNCcP8f3WGy3urzbQIotgobwRg/y//B3nwVAGO/luBovlRkHnEHOVTSGPMtza6/
minI4PIjQMXiO75XJok/qiVN0teSCe4Mi2QYhINANdmN6b4TJR/pHnX0i3zsnUqjOfNCcP8f3WGy3urzbQIotvxiePQKdAu4Q0D1Lv9VMxIKjUe7PuAtvUH9ga8SHO/I/VnBlxS2Zmzf3D04/j4KkI3EiANohb4Xs66i4U27NDrLEpyPnxoDJ0VNRy5VSQsizBbTZ8UZPHjzpavJE7+5MN+rpY+rnBFZYNFwiIIMUzw=
minI4PIjQMXiO75XJok/ql3y7rm0ODdiCl2ke0XXH1OByObAUlllBpdi7WlWFxQnBvISOGTCQAZEn08f61yqFHDPne9QVYu6+U0eALzDAwkclfYe1P6fbXYyrBSwKJXz
minI4PIjQMXiO75XJok/qsWjpToGRiKchmkZnVhnGGNRjNCFSGaKXelTZF7aozze6Qv/ey7AX08fc1XnmqW0k3jIEZZpHZnzww6tl48U/U7roHEgXBPi/vIHfIUVemuW
minI4PIjQMXiO75XJok/qsWjpToGRiKchmkZnVhnGGPPezJo+u8HcrMwRT65DeursK5IXWXNZsCCg6FxmwX0e/Rx9ALaU8A/C2qTgw5yTZxpiCvXo+0dD3jHH7SN5GPbGWmRSASeC27ukC7n40QsLwH4rio58ci/hDdhUsh1NTQFyEM9Yi6tzeTtJMaOchsX
minI4PIjQMXiO75XJok/qsWjpToGRiKchmkZnVhnGGN2GhKwKcys7uBsm0GsF6yUu/7QLYQ2L1tdKTYhkigtq98e6mk1QxbprCJMIsRRQ+AzAMZQyIsRCI4EDumncDQe
minI4PIjQMXiO75XJok/qsWjpToGRiKchmkZnVhnGGN2GhKwKcys7uBsm0GsF6yUu/7QLYQ2L1tdKTYhkigtq8jMdoAIcqwyLPwx2k+sNp7a4E1Wuv1Sex/UZOcR5vQt8z2jdnaaqOqcIgZzxbmfbbqTv5R4X+u6/pA3o7xEMI8zU+3n46POPBz3WxVdhZEgAPj+cI+lFZhI6c8WwFkTRCTtyN/3a36xiOFeCcTJniI=
minI4PIjQMXiO75XJok/qsWjpToGRiKchmkZnVhnGGN2GhKwKcys7uBsm0GsF6yUu/7QLYQ2L1tdKTYhkigtqwHMSFQ+nRfTejr2MISIZoWjlj8Ks/r1hsCau91OuqQ0lmp2/PEqCl08Ww6igdyQSQ==
minI4PIjQMXiO75XJok/qsWjpToGRiKchmkZnVhnGGPLYJWY8dufK35G8ZhGXOaOSVPCVldosKGwZ+98xNiRVfiJWImZmngXa6iJnaiXTvI3CNnwVLw1xf7paqrCBTOZcxN4svl70aIeuKofPecOgyCaY1q9nUm6bcD/OJOS5RPB2WbqD9kv7yIVxXeTuGy4LJQsiQFXNLHg/NNdGW0jmeLi+K8c4176MZDmikz4sR4=
minI4PIjQMXiO75XJok/qsWjpToGRiKchmkZnVhnGGPLYJWY8dufK35G8ZhGXOaOSVPCVldosKGwZ+98xNiRVfVbgi2iFzFJ1lzvMk1YO4nV2r9krpMcxW07TQRrYse+
minI4PIjQMXiO75XJok/qsWjpToGRiKchmkZnVhnGGPLYJWY8dufK35G8ZhGXOaOSVPCVldosKGwZ+98xNiRVfiJWImZmngXa6iJnaiXTvI3CNnwVLw1xf7paqrCBTOZcxN4svl70aIeuKofPecOgyCaY1q9nUm6bcD/OJOS5RPB2WbqD9kv7yIVxXeTuGy4LJQsiQFXNLHg/NNdGW0jmeLi+K8c4176MZDmikz4sR4=
minI4PIjQMXiO75XJok/qtE2zccg/wIHYn104ZLwGRGbL0e24HiUSqg1W8DV28nLZ+Dt13DQCzWVFk2mAR07CQuYX5assatNTV+dX2L9x8py7SYoPIvGIC92DMGXHqyf
minI4PIjQMXiO75XJok/qn0Pwux3g4Yp768enQoZ6HYOkbcIHM22Hs+V9InyL6ecJtZTT7jTnUQXJXM+qq4urYoSikHwd1z7bVQRJDU/XPAHYuKwoPJlqwYOim64mwrK
minI4PIjQMXiO75XJok/qn0Pwux3g4Yp768enQoZ6HbWW6DpNZp79omnZvI7FsAoIxWoady8YEW3Hj9wV1+BGqrkrKtL/d295ISUFzSThw4/9Lhq6oJR8xFWNVECPE+IZ4N+opOxq4aI4YGvT/6Ix2/PuBkd9UvEsmgqKUCL6WUEiD0zrZp2Hi0TwQb50L7f
minI4PIjQMXiO75XJok/qn0Pwux3g4Yp768enQoZ6Hbkrc4fqfQ7acVAchV6NSbiC5FjQHYXkSW5O1GPKopnRXuK9Ei0Py/r0QpPagMPbirQcezb3tHa3RjjnwkF2/RL
minI4PIjQMXiO75XJok/qn0Pwux3g4Yp768enQoZ6HbTaoP6OxUFCnFTb1XnbN9Q9HSWZJb1lC9DoOtvsQxEvEYvO3XbBIkUWs2JHZqRGiZlJmasTdzSPilS3ITRnppaB4OWfzmXFVOaB8qew8f2m3D+PFV+7t4zmfvWY0N96DmmjvKrDbR87fYkGQWL8I5h/lEhpOEqHCl7o/rxwIXOIMdq0lUEmtoNwLD5JyAV+lA=
minI4PIjQMXiO75XJok/qn0Pwux3g4Yp768enQoZ6HbTaoP6OxUFCnFTb1XnbN9Q9HSWZJb1lC9DoOtvsQxEvJO6FDdqOsHQ6FiJJ9OZ5II8HdgZyy1QLBc5/IV3T+T8+SiH0KlQBsKJVcKUtZZfAQ==
minI4PIjQMXiO75XJok/qn0Pwux3g4Yp768enQoZ6HYZpofG/mD8L5SepxTmam18anCLwPYrWVOby+aKuarbwT9Eo+39U58L68qW7ddIvWvLM4kK65qOD53crved+gdWTPtHkzEYznt9PuMoERhuRX63Yi3MKLWCoEdWHfoaZbjliaO2gwuie95EYucmXJ7YGQlCMG9q8aEGUmmCdT9g6DcZcT1UNaxubGlE6K+34xc=
minI4PIjQMXiO75XJok/qn0Pwux3g4Yp768enQoZ6HYZpofG/mD8L5SepxTmam18anCLwPYrWVOby+aKuarbweVmlOiVdGUaCFgzBbxDN4jzfwgOaP1yfSoZigyAeRx9
minI4PIjQMXiO75XJok/qn0Pwux3g4Yp768enQoZ6HaVVhVUHbCCD6qnR+QSA6d3plmxtWcfoeVbkROMiF3EHDUZjxV3rP5qFAEGJi2w62S2KsvldEDRvLs67aT0t5uiAWO79Gd74lJvEKX1mIRKdk0is8mdrLfTjXOOiDRs+ywEFtHax2PgjoVVozT8Jk4hKc04eZ2Ce6FTsTWe0kCM1vF1Ng+B/C9HfHu3nQfuGso=
