GmcONIA9PFzHw1gpPLLPoqev3ytAH5KO3S/CJpMsylg=
35kyjVfwBJgytCi6KM5Vug==
FNt9orFfFSbPIXNSbXcP2Q==
gE2g7VQeqq0h5MkG44fPUw==
A4ZCFW7RnVRfEnbtNxUDb8VFIQmzxcIFLuiIjRY2q84=
cwgQW1UgxyVfBeSrdwXHsPE1eoSAri+NViVSjTYe4hg=
pYn3RyiaY4vz2unSybTHuw==
mAzeFbkWBGyzJRgEWJSZYQNn44wFaguEUnqkvHVinQw=
NiGef/LGs6v8Em6sqLz1GYGKB0111uCW/TAqgkiW0+w=
2lfNnhNY+w/3xMaMUxJbE0YFT/wvMlSDz8Vrd5FEs18=
minI4PIjQMXiO75XJok/qhy2u4clBJdf7XA7kLfQQjAUElvYran7zV7kTCyecdeNcwGwZB4XNQCRSFeYM/rZUbJeNAul7B5sE3zI5qRMXF4ubYS+pI7BtQrSsx1ZfHVE
minI4PIjQMXiO75XJok/qhy2u4clBJdf7XA7kLfQQjDUCh+9uqTod5nNS3nhmwp41+MACZCsWX5QY3ywlaDeV0mViNsHVE9tyLebf4KKCRUQ+C3Ydu9uYZ7xt8aLb3CJMvrg7kWOsETQL4i5z+7vZZ08Ntm9vfbIDRzJpPcIlyh2JXuCgSZEHm3jTx4HJ3Yg
minI4PIjQMXiO75XJok/qhy2u4clBJdf7XA7kLfQQjACZX8Zh9Bbe6yVnm/tI+u5VoKJQtO1Izg6kDf1UXzJxj1UVcW7tg/aQUDco42RGv0ukawwuT4PGbG8WoIxsZhe
minI4PIjQMXiO75XJok/qhy2u4clBJdf7XA7kLfQQjCtUf81U4zndPbTOQcQaNnPslh+1tjChDrNUq0Rtbl6JBkq/RvvYXom5ZB8KK4xBiO7d17ExFdsTDHR9gSwJkuM4oiMOog6OKC2JOEuLrQEYhKbVgigeooBjyy9uHTuZl6GwBqrGALkVfdVjYTLhvLXw0G/ykCwKQIYTpoAUXqmz7mcbElip4baIq7oObdV3lo=
minI4PIjQMXiO75XJok/qhy2u4clBJdf7XA7kLfQQjCtUf81U4zndPbTOQcQaNnPslh+1tjChDrNUq0Rtbl6JC+0+yQhRoJ9y4Nrye2IFbYsLAlh7mt7vpQa5q48eqDmeQTWosvMFI5yiORGQeZenA==
minI4PIjQMXiO75XJok/qhy2u4clBJdf7XA7kLfQQjCtUf81U4zndPbTOQcQaNnPslh+1tjChDrNUq0Rtbl6JBkq/RvvYXom5ZB8KK4xBiO7d17ExFdsTDHR9gSwJkuM4oiMOog6OKC2JOEuLrQEYhKbVgigeooBjyy9uHTuZl6GwBqrGALkVfdVjYTLhvLXw0G/ykCwKQIYTpoAUXqmz7mcbElip4baIq7oObdV3lo=
minI4PIjQMXiO75XJok/qhy2u4clBJdf7XA7kLfQQjCtUf81U4zndPbTOQcQaNnPslh+1tjChDrNUq0Rtbl6JOeGL66LZP4PfeDPqeXoG9bCtPN4F5s2DxhBwpzYBhCI
minI4PIjQMXiO75XJok/qhy2u4clBJdf7XA7kLfQQjCtUf81U4zndPbTOQcQaNnPslh+1tjChDrNUq0Rtbl6JBkq/RvvYXom5ZB8KK4xBiO7d17ExFdsTDHR9gSwJkuM4oiMOog6OKC2JOEuLrQEYhKbVgigeooBjyy9uHTuZl6GwBqrGALkVfdVjYTLhvLXw0G/ykCwKQIYTpoAUXqmz7mcbElip4baIq7oObdV3lo=
minI4PIjQMXiO75XJok/qvHBukE9/VX0rpUlZkHee/yGTy4Fr4sZT+Givb0hHd0TZMUnyDHt5MoHwWhkOAAss6zdNPmnxEds0m4Cx0TpusfKdVZXXuzIjqr1eCC125oQ
minI4PIjQMXiO75XJok/qqo+N2A7bcTioKkQcb5Qoy4Q67E7+WiSMHpL3hIwt8QI76QS3xmToruiMmURGHrLBiPh72NpeNQpKprYIoHD1jmqLUlwWLF8Uo18jA9H+gNl
minI4PIjQMXiO75XJok/qqo+N2A7bcTioKkQcb5Qoy47ebHVvROOTtIySDIv0Hv7+0IIRM8HOkVeh+5fbh72AjoWkIiNAFfyFIKeXaVToQXd6+A9GV5F9MyFiWt4/K9I
minI4PIjQMXiO75XJok/qqo+N2A7bcTioKkQcb5Qoy47ebHVvROOTtIySDIv0Hv7+0IIRM8HOkVeh+5fbh72Asha8Fxo4wWoidlUnOR2U7wYFsSSflSZ1Uo2KPdCcs1+Zf7VT1kxjUzSGmEqjJAkDOYnk3cy2cSJEuV7VkzFzq2p0WLp6/0xDsUsG6myha4lcEU6UR7dZztPs7qWslkduvFrfHvzuLjdwmGfvA2CYHE=
minI4PIjQMXiO75XJok/qqo+N2A7bcTioKkQcb5Qoy47ebHVvROOTtIySDIv0Hv7+0IIRM8HOkVeh+5fbh72Ak3feJpXgj9Xqo345o9OKZaaIt/+UtN2hG3WwBXGQ68jXu8jugU2G5bgwKWX+akszw==
minI4PIjQMXiO75XJok/qqo+N2A7bcTioKkQcb5Qoy5imSmaYrcdNZUTbRKLuUHNLFD8Uv3Wb8dCNUlyDrb+ANScPBOllmNb+8LacB5x0C+XHf/B6FNP773DO6O3Ykn+8rOkneW46JdCnF6JfYH1ATw4d3rwUOsdh1qVa8j3kUJMR35ZNlEhX8N0rkRF6vF56C8TRR6SnwOgke0TUYscTQ/st+Gokz/ZoN6EFPrpnyc=
minI4PIjQMXiO75XJok/qqo+N2A7bcTioKkQcb5Qoy5imSmaYrcdNZUTbRKLuUHNLFD8Uv3Wb8dCNUlyDrb+ACVcjOlwDHNJBaGLw6/ZJlfEGxCUhh9/j8YtOj/7vkEP
minI4PIjQMXiO75XJok/qqo+N2A7bcTioKkQcb5Qoy5imSmaYrcdNZUTbRKLuUHNLFD8Uv3Wb8dCNUlyDrb+ANScPBOllmNb+8LacB5x0C+XHf/B6FNP773DO6O3Ykn+8rOkneW46JdCnF6JfYH1ATw4d3rwUOsdh1qVa8j3kUJMR35ZNlEhX8N0rkRF6vF56C8TRR6SnwOgke0TUYscTQ/st+Gokz/ZoN6EFPrpnyc=
minI4PIjQMXiO75XJok/qqo+N2A7bcTioKkQcb5Qoy6t8DstUaGkWdLq94ysOeK8ESwzmrimWgxo6De9ypYxK3iRdjLkj2/kzyoOmSaWcl//JS++0nOZMo4d8zQIS+MQQ91N7d76g/9koeh12wKnWMerSlMp5Z2QCORGu2BryJ/9RWs+/e791CWBIP131LGk
minI4PIjQMXiO75XJok/qrrhOCwi5Tb30s4yiusd3C1pHFV7mRvJWQe7/v2yYNhUk61OeAF7zwOlssSWcAPOpmC10VpXpI6WySjfl3iDXUkYYkx6zrQlZc4jYZk7ek28
minI4PIjQMXiO75XJok/qlDI7daJWVFZjOB5H/xh5ah7udk+aaEYBU1BeiMSnZRUG7yrV+LIsBSci8D1vHFLyQmeMIL6fNHeg6DKBEDFOvuzPu+xUyqj5yJrlSbEHWbJ
minI4PIjQMXiO75XJok/qlDI7daJWVFZjOB5H/xh5aguHYmR9g7wH5WsQ7OGv+L2+6g1jrTuAxv0qCNMxmiLwK9AYyzawl5lX00NiXAdZbP+XVRnrWs3L3MY89jSLvKAVV81J3M7oFG0Uc0l7zO0JcMOuztH/SRmz81m26K8rhE/9IWwRbK4q57nUR3TsnL6
minI4PIjQMXiO75XJok/qlDI7daJWVFZjOB5H/xh5ajghxUL2qCj28LBzsJZiIYKD7YUIsvApyifzPDMdhFsZrhQhwilTvQ1S2pWc+1CiVzsqhb2q3c5d4RVlU9Ft9XXJhOkRIQ9v1M/sq/G77QkGUO6oyKu0rtwbznGOIvuuBciGQPBZ0XPK9OgAJaK/rv5Up8Rf/fsM/pN7jyFXcOdhQj+CKxFBTAhPEIGmq/PzkI=
minI4PIjQMXiO75XJok/qlDI7daJWVFZjOB5H/xh5ajd/kZJx6r15yayXojxJPp5yqFcpkw/MowsXm3vsV7e7manT0xv7QUDHRkvK5g1bSPLEdmVelmrSA+GlcP+V3Kh
minI4PIjQMXiO75XJok/qlDI7daJWVFZjOB5H/xh5ajd/kZJx6r15yayXojxJPp5yqFcpkw/MowsXm3vsV7e7vPEiBZWK8eno88tTc1fBUkF5xnFZ+nquwbG4ydL0SoQ+XyMhCHGdoxMwPEz1h8w4VfRKytHn8Vu3ZYZLnr1P10sWD+Mcc/PPryGeDL3fGSm9TUGmo54QGei9jfsOvUa237l91k8mLUdAcW80Icx3fA=
minI4PIjQMXiO75XJok/qlDI7daJWVFZjOB5H/xh5ajd/kZJx6r15yayXojxJPp5yqFcpkw/MowsXm3vsV7e7grLU6Ltq7BGSHOI9F6Im2T38xa0ZOSm7rMgrzkfC0PeXZ6RqQT67+3D4jJ5rfLHTA==
minI4PIjQMXiO75XJok/qlDI7daJWVFZjOB5H/xh5ajghxUL2qCj28LBzsJZiIYKD7YUIsvApyifzPDMdhFsZrhQhwilTvQ1S2pWc+1CiVzsqhb2q3c5d4RVlU9Ft9XXJhOkRIQ9v1M/sq/G77QkGUO6oyKu0rtwbznGOIvuuBciGQPBZ0XPK9OgAJaK/rv5Up8Rf/fsM/pN7jyFXcOdhQj+CKxFBTAhPEIGmq/PzkI=
minI4PIjQMXiO75XJok/qlDI7daJWVFZjOB5H/xh5ajghxUL2qCj28LBzsJZiIYKD7YUIsvApyifzPDMdhFsZpr/98sl3KxO6c4lHPYs1VnRek6LUnQfKzgKvWP9E4z0
JxjsGEU4gLzwIvZ49cojdW3hVQu7AAl8OgGf9GV4xOEhUK9rqz2dDwgFAUure/4Kqtn6vzw3rGK8HVL0zFLz+RAmgkWYSj2wBldPtuVz7bOHfzlP9cfe8FgfCmMQTtZE8Uah1BoQdKpdlIcFKDPz2Q==
JxjsGEU4gLzwIvZ49cojdW3hVQu7AAl8OgGf9GV4xOFyUTDt933S6VBkFige2Tr42CNwhjtiueAUOzuErihIxz3VHrexFM19eGLdmlktrVwuLOBg/AQvDpqLzdR844YTJtzl/36YB2MQQhtoeqIO2w==
inf+Wsq0HZbtkpRTFyGVIde+ciLuviE23Or+Ci3hznpa5OXYpgHWRv0RxmlYypaRESvkx5dtitAsLoVfjwr9UzVi7I9KQcD/U8Shkctd0WtJh5q/GWu0OSMUIn7mFLc3
inf+Wsq0HZbtkpRTFyGVIfY65V8sPNqmomoY7c/EZnsWEIyaX0V9BYp3JaZc292AnzsSZIK8Ov0OKQWzixmHov1mZgvD72Mu+srWoJfzbm0D9SAvGUyBLheGaCLfMpbZImiusRxyu2ZlY6H5zyDTg2HAd4qceDbuQPUSyDAF0DM=
inf+Wsq0HZbtkpRTFyGVIfY65V8sPNqmomoY7c/EZnsrVmipoBZz8zoiKY/QcmeBO+w0tYoIjFkGfClybiHLA02grnuj4aRgUXX07wXToJXl9Q4k3p/zygUQyKMoIeBLUKF6dnk2ZODzEeFZ++1bLv2snotWTUgmyBf2uUgdcrE=
inf+Wsq0HZbtkpRTFyGVIfY65V8sPNqmomoY7c/EZnsPdPNKEgI2FGjRNAB/ggjPYc+chmIrMfuhGNpB9qiFhUN3SV/CeoQZq+k9viaQ4/QrejpKlO2rHQbMITuEW2LWLXFZ8iEcFz2lqSlnoIpo6Eppvfs+pS1J8BQ+0VQ/Kz0=
inf+Wsq0HZbtkpRTFyGVIdKynt6toS67ldPZmOynbWOQSKpNB8L7QI4b/sXdqUni1ezHP/kKHz+Meo7YRb+39+KdQWW1xTm5Uu/xh/l1SoZ7KV2VH0LuzdVilUtkzxD6wVoCEIh83zfh+Z6a44mKJOZk1SzHdjCjGAlxKPtrrPs=
inf+Wsq0HZbtkpRTFyGVIdKynt6toS67ldPZmOynbWMJK3p7IN2ZvELztlHJuZbvSoLbV8PLaEXjF9592w4/FkzEt/tvbHpGDiik8PI2KFnakoMdaM5gKRWXKbyx3mN9x7HODzWRvhLWGu86amJ4ciCTqI0XiEVTgMA+SFRIAsc=
inf+Wsq0HZbtkpRTFyGVIdKynt6toS67ldPZmOynbWNznj4qbN/frWOvXonRpWHBFTuEHP+35WO8TSdReoFzkw4n+qkvp0FB5Q5IwubwrQB1xO1NKOFYbp53Z+Nq2XwWApmDVm9v1f1MjG4Yj8fSrbUyeobo1tu7QQ3oG3R0C3k=
inf+Wsq0HZbtkpRTFyGVIdKynt6toS67ldPZmOynbWN8vL4nl0xjOwa7mKr4VIJQBy4tuUNFRTjYvJ4DYhukXxoeCA+Evs7LXdltghGmhUUPhl1AwQI8oJb/3YW2GYYTF4gDmtTytheU/kxa7rAYYErhUUzvY5Afc8h4H3wuqJI=
inf+Wsq0HZbtkpRTFyGVIdKynt6toS67ldPZmOynbWO2s0/Pfz8UNzgUDI2nOQo3tiVEyWqeq4obVn2tXQIFdtUNk4c5Z7GjsW3TeT3Q2VqN+fhhcNnCHSdlwNfYwu+iGMT8Z1rqhXYKXw/qRWdzTwkbJdGJ4filoDrFb/oPPkQ=
inf+Wsq0HZbtkpRTFyGVIdKynt6toS67ldPZmOynbWNq4K5SGibU3giGOG8OmOzu6/wyTu5dph2EOW330iimr9gkK5VDemTmZFicVztoCz+ngZlRoc9kkr15B53B2yqWrSI4gkbzMR8GfmKn+QmnHDQ0IRwQR4gXrfNAT3vis7I=
JxjsGEU4gLzwIvZ49cojdVaw3v3xUvaehFdetOPHwIe7MANy97IWEh4H+YLGohfM9K578677WiEdukZk1F251fX/ooxt6iUi4SYt5JV/1d5G5txffjh/3OQIh2XmPglnPyAYh9qN1hZjI4yvVdxhuw==
JxjsGEU4gLzwIvZ49cojdVaw3v3xUvaehFdetOPHwId/YxvLNPaWoO1cJU1vTdy/KF1ACzH/pdYCVdwKj+drKw0MlHFOSZEclz7C/nbkdqK7i1A2npFxFDlbW6GoeiuthPA4w6ByZib3iLeBYqTX5A==
JxjsGEU4gLzwIvZ49cojdVaw3v3xUvaehFdetOPHwIfcV7O7/wcQDmDVOthepL9oxi5XIk/uiVuRA0ui55zQp/kRxJZixHUhmtKlDLMgBPUsAxDmiJwXemvKn4mDvOV1q7RvVrmdMiy0Hn0c9rSGfQ==
inf+Wsq0HZbtkpRTFyGVIde+ciLuviE23Or+Ci3hznpcgYFYD60TbMIg4thfpybx+VQv663Q6UOYeIIcrGrZMKbTnGDPg3XmGMTP1as1nLCIlfuLzZgWHa9CMFzFXpty
inf+Wsq0HZbtkpRTFyGVIfY65V8sPNqmomoY7c/EZns8hREf8lB38z4sWaTFXAmCBkJf/5SwuxNn76DR5hCwavTR2UI6Q0JGu6KamVxMHA880KK2REP8Cj3Ogr5dlaR67wUs0DayABQlGvR5Z/d5jCIFBfDYoXWSaRAvmB0aiho=
inf+Wsq0HZbtkpRTFyGVIfY65V8sPNqmomoY7c/EZnsnSZoavPyz3Z5t2ew/yx5klt5iaVilkgwRjTWLvxZczh9uyDP+vQwDsoHmarhkxcKjPn81ld8Ht4r6IZRMg0YAbggzK+jIM1v63FJLSOc0aBtOdDYhLcjWMB8tLuHv7IQ=
inf+Wsq0HZbtkpRTFyGVIfY65V8sPNqmomoY7c/EZnsnSZoavPyz3Z5t2ew/yx5klt5iaVilkgwRjTWLvxZczh9uyDP+vQwDsoHmarhkxcK0kHXc8Z+MrmE0LAtURxOv1OyQ8SrJnREKr/+32kHpRkikuIZK7UKHNVewXxaXdyA=
inf+Wsq0HZbtkpRTFyGVIdKynt6toS67ldPZmOynbWOc0I6Ys4a3NAYaD8RsjjkBpDCgN+rdT1CPUZ6bWPpcV8CU+WoNHGUzScVainqdgQyjGCHXPjpMlrraQAoB/NSj9k6wHnysyg0tRPKLDVgqC5vGHTNZXy6nt2Ib5Np2kaA=
JxjsGEU4gLzwIvZ49cojdVaw3v3xUvaehFdetOPHwIf1IXnvvPBiRHc8u6/qZq3edWQHAF+JQl17T1B3R0DM+XSWEuX9r29vIeOE+icfyO4VPRSVsKHxKa1/r+dzmRE2ZnkJIf9RoNniuelFmOe4FQ==
