GmcONIA9PFzHw1gpPLLPoqev3ytAH5KO3S/CJpMsylg=
35kyjVfwBJgytCi6KM5Vug==
FNt9orFfFSbPIXNSbXcP2Q==
gE2g7VQeqq0h5MkG44fPUw==
A4ZCFW7RnVRfEnbtNxUDb8VFIQmzxcIFLuiIjRY2q84=
cwgQW1UgxyVfBeSrdwXHsPE1eoSAri+NViVSjTYe4hg=
pYn3RyiaY4vz2unSybTHuw==
mAzeFbkWBGyzJRgEWJSZYQNn44wFaguEUnqkvHVinQw=
NiGef/LGs6v8Em6sqLz1GYGKB0111uCW/TAqgkiW0+w=
2lfNnhNY+w/3xMaMUxJbE0YFT/wvMlSDz8Vrd5FEs18=
PBM7OGVVoOh8CBpaPUFsKCmEom1z9Q12HQ+m1hYIbILBzRBXZjsIZvpVUjTXZaGP8khT6CjjliMWVSEeubKvU16BgZIwRbAyqA/f0qBGhhC3ftXId6V9Z3LtNJolj1cVkR2zXm8W4ppQHT7PlK7a/g==
PBM7OGVVoOh8CBpaPUFsKCmEom1z9Q12HQ+m1hYIbILe5Hk2FkKOPuHjE2vUmDNK+BmDATvA5sAwrlZ+B11geA==
PBM7OGVVoOh8CBpaPUFsKCmEom1z9Q12HQ+m1hYIbIIB7EDdDE8RO5nIqHaKGvuOnfGf3LG+Udji2tVAVuJbIA==
PBM7OGVVoOh8CBpaPUFsKCmEom1z9Q12HQ+m1hYIbIJ9ey+2OPMDTEweD0ztji2yCxl75q+Q1TiX2hOnhpkfjg==
PBM7OGVVoOh8CBpaPUFsKCmEom1z9Q12HQ+m1hYIbIJJ3Z0cmbWL7121dlw/veMR3JwJTrZDcAqWR5DeDrtws08hjdKlk4Zuo/OCJkrdadk=
PBM7OGVVoOh8CBpaPUFsKCmEom1z9Q12HQ+m1hYIbIK7V6nAOLRpt7oHE/wN66HzFD+Vavyf6yAnHnhsuLaKgpgyxZX55I9uZtLJG8KJ/Wex64+ajAKDLR10MCmSsrAqfqn+GEMgdiRluua2xlAsPA==
PBM7OGVVoOh8CBpaPUFsKCmEom1z9Q12HQ+m1hYIbIItyjytKRii/Xoy3TXScuymoVjwg6Lj9IYaANVzKLax9BX50cG6aN/WakAq+g84lKA=
PBM7OGVVoOh8CBpaPUFsKCmEom1z9Q12HQ+m1hYIbILwuWvBVrFP4VXI5Y2gTTJW0b+L91dw520xbzjPDlr7rg==
PBM7OGVVoOh8CBpaPUFsKCmEom1z9Q12HQ+m1hYIbIIm34mM6wKyRdC5nVZRkzCRwfA6AV7DMdHCvd9G5XUrAWW4C/2g6xTfLsAYL1nIM4c=
PBM7OGVVoOh8CBpaPUFsKCmEom1z9Q12HQ+m1hYIbIJQpxqyxU8Jag9edqycD9dzRScwLjeQubNG5JPkd7C4R4E4mf1IpVJFlBbX0ncSJtQ=
PBM7OGVVoOh8CBpaPUFsKCmEom1z9Q12HQ+m1hYIbILSzhvRHc4OY2PsZX4wUo4EnJH8xONbtrxTFrRkWb2abqlNSSz2LUwOizrqXSaXr4K9y9RQe7Ae2BDE7pEqxVzyRGf0NGzZXfpWeP7qXt7ZBw==
PBM7OGVVoOh8CBpaPUFsKCmEom1z9Q12HQ+m1hYIbIJWy5ltVbnKKaMgOlpbfwTcilhUTwV5/TtfqA90kFPYFQ==
PBM7OGVVoOh8CBpaPUFsKCmEom1z9Q12HQ+m1hYIbIJxv+kbfLBkrkGrGzEbQqoW9ELcgmZjdb75Rp8TB/VgOQ==
PBM7OGVVoOh8CBpaPUFsKCmEom1z9Q12HQ+m1hYIbIK27Sbms51cEPQwmi0I5E5Wy4oFPv9oa0+mWegK63Eyvg==
PBM7OGVVoOh8CBpaPUFsKCmEom1z9Q12HQ+m1hYIbIJRvuAck98LbLBxwYMDF2c6jGQdY6SFfb2gzR5Kp9I6sQ==
PBM7OGVVoOh8CBpaPUFsKCmEom1z9Q12HQ+m1hYIbIIrpG4ZYHfleTt27UAMidmOoPCqpy0hWYyc3aLvl3TkPA==
PBM7OGVVoOh8CBpaPUFsKCmEom1z9Q12HQ+m1hYIbILl/ejTH2glYL4Uz4YUhNCuVqBgoEo5y4bZ64+blRHK2w==
PBM7OGVVoOh8CBpaPUFsKIYxHgB0SO2PkbU7awVv2m/Uk98dty1VuInnECK+JV1UONYU68WUC8AHTk7txo1LM9SQjfHixoJGQ5tyBVq1drw=
PBM7OGVVoOh8CBpaPUFsKIYxHgB0SO2PkbU7awVv2m+G65WxAuRotH4UXW2OT/f7p7wYIkkbnZ/nXnog/X7BsNCpmo5nFNriOWhgx2i1A5bUfBMs7DRCgHQ8Snl6Q5v/9tV1YD6yyDCMhwcwnw4oNQ==
PBM7OGVVoOh8CBpaPUFsKO+85e7teEtqQj2smcJI3R9MfeSJgLbu8eEdx8xIkXsxvzDzVvZsxBMWOs9nrrVdr/YuHznBSbtxRxzRk0rNQOo=
PBM7OGVVoOh8CBpaPUFsKO+85e7teEtqQj2smcJI3R9g2FMfFMvIXjeX3Ng2TcYfj5iynIQ3k3GA11LjRP2MTw0v7RNVDNJVA7xIiNwz4RQOjvkNItV0HU+OVurH5N32ZUdxoaGrSkznfuODZOGXfA==
PBM7OGVVoOh8CBpaPUFsKPtVA8MobsGifKkbSF67A5DOMG0VUaPBiubog3K+B09I9XJPfpOAHH6Uwq9wOa+WRawh8DtKMBc6XZqiH2yQFYo=
PBM7OGVVoOh8CBpaPUFsKPtVA8MobsGifKkbSF67A5B6Ca4Km0to7WBvVlXTsGrhCBL9Eqbw/jsJzHtNr1RktM3r/4iKYtSMJ3TCrWOEXEWCkJcH/wXCqyK0IVO1C2zvFVdGEU+TeqdgtYBeqvxo3w==
PBM7OGVVoOh8CBpaPUFsKLMWvJxDpb1kHdDDvgCchKIr6OiL2BCq22JqYR92HqBdxJMhBCKtIMlRxNpcSkCkCtelvwwmq12JMbEDaXEoWAM=
PBM7OGVVoOh8CBpaPUFsKLMWvJxDpb1kHdDDvgCchKIavilAybN4VdNNu5FBGmVGlvWS7ZA3dlir4XV+WFOBe/eydy0Wg11dRkfD/KQQK1FJw7CYhJVoVHj7qqjE6/qbDDHpTj3zKqCkkdJLbJ93TQ==
PBM7OGVVoOh8CBpaPUFsKHhNnIeruJ2LH0qA+hgK3LaKx9XC4LEymX14mPAVTdAUf19fGCncfg3eylE7pzeNLNoL11+6y8jpG5QAsKN8XKZ/AE5Q8Q6OR3GWxC91r5SL
PBM7OGVVoOh8CBpaPUFsKDVx47CE5A7Ujq1VTkfYNwk1qe1QZZ2UMshmvOrISm/iChd6ljWb+L9p7DCRQbaEiA==
PBM7OGVVoOh8CBpaPUFsKDVx47CE5A7Ujq1VTkfYNwkJocezHJgO0VVpHhs7JjNybTfycvWUTNTXgcXlcF6MAA==
PBM7OGVVoOh8CBpaPUFsKDVx47CE5A7Ujq1VTkfYNwma76Gf/d9tH/Uf93u5DqBZVsZA8c2PJWKExrnAc8wo3w==
PBM7OGVVoOh8CBpaPUFsKDVx47CE5A7Ujq1VTkfYNwkTxeAEk/CSKYaENQsUg2VQEu7vOkagpP8MZnuCA/ZZQg==
PBM7OGVVoOh8CBpaPUFsKDVx47CE5A7Ujq1VTkfYNwngref5ZOkXkdV3FmODRcsNte8og395DdN3t9QIj0wTwQ==
PBM7OGVVoOh8CBpaPUFsKDVx47CE5A7Ujq1VTkfYNwlokmXZtfkvHd5JvpPSj3CS0WtN+xT9PTGAWfvz68813A==
PBM7OGVVoOh8CBpaPUFsKN9xGrnMy+Z6fO7qqTdDAbGsgiVF24jyir2E2rkRkjbMUBm70D5+26vwdEERO9waqw==
PBM7OGVVoOh8CBpaPUFsKN9xGrnMy+Z6fO7qqTdDAbEFXwBXxYX5vAa+qQEiZf2UgK3Ws7HEI/aN+CjHrzUalg==
PBM7OGVVoOh8CBpaPUFsKN9xGrnMy+Z6fO7qqTdDAbGjHMcEKHlDSmzeGo0GzhktUbmVxKa1pi6DDp8jYL0KRg==
PBM7OGVVoOh8CBpaPUFsKN9xGrnMy+Z6fO7qqTdDAbE6wpTuZhjSMcGeAUtgTEj0NM3mPavZu7Jv40de2EkSUA==
PBM7OGVVoOh8CBpaPUFsKN9xGrnMy+Z6fO7qqTdDAbHnXpBESN3l3gHA91jt/R5Lh8Cs8XLa+qHXZeBsHo0Gsg==
PBM7OGVVoOh8CBpaPUFsKN9xGrnMy+Z6fO7qqTdDAbH0pbmU3qwP45WAYgO2DBMOCKqI/VcoQueXC7DPdniXeg==
PBM7OGVVoOh8CBpaPUFsKN9xGrnMy+Z6fO7qqTdDAbE5wHf3oRIcLdB+z0h7todE1fkPOR2wiRM47r1ldNV2wA==
PBM7OGVVoOh8CBpaPUFsKN9xGrnMy+Z6fO7qqTdDAbHgGoPEWInHV6uj/VWwRBcPQSFjsU2M7JnRz3CRYYnP8w==
PBM7OGVVoOh8CBpaPUFsKN9xGrnMy+Z6fO7qqTdDAbGFt7+YZRhHuIMW5reU5dsmY7V8YG9osK0r123R5mjJ/g==
PBM7OGVVoOh8CBpaPUFsKN9xGrnMy+Z6fO7qqTdDAbF2eDOifDU92HdhziM71jXE8vOvxGNLUJtbclL+h4RoNg==
PBM7OGVVoOh8CBpaPUFsKJYsbYWQQtn4S0jTBTum8Z2m8AKTOriJD/6G/2IPpaf314ZJQp+yGDYVjRSdemtIOg==
PBM7OGVVoOh8CBpaPUFsKJYsbYWQQtn4S0jTBTum8Z1gXVLVkG8zvl5oh6uotXKWH0ZmJv6Z6netDQ+QukGnwg==
PBM7OGVVoOh8CBpaPUFsKJYsbYWQQtn4S0jTBTum8Z2raPq3xoz67oBagre9GTy7H8yNqoEnKz/TLyzxxHEOoA==
PBM7OGVVoOh8CBpaPUFsKJYsbYWQQtn4S0jTBTum8Z21W3cmXRb6kANPEMOs+HVnGDNVZpf3iTafX+HeI6uhTg==
PBM7OGVVoOh8CBpaPUFsKJYsbYWQQtn4S0jTBTum8Z29XMkFb2ckjCMVRLlVYZHGt+PXzyejE5x+QFqJwB1wwQ==
PBM7OGVVoOh8CBpaPUFsKJYsbYWQQtn4S0jTBTum8Z31th6Em4oFJqydQRPXrXln17xqricqjAimLPu1qdNoxA==
PBM7OGVVoOh8CBpaPUFsKA4hihf8qWIKkBKxBIDaGgwtVCIrRO73U9gdKbj0P7l0rK4swDZJVR/s7gbnC+Xhdw==
PBM7OGVVoOh8CBpaPUFsKA4hihf8qWIKkBKxBIDaGgznCjIDA7cVlM+oCOnhheTmKtn8RCvgfETQoszeXoNgbA==
PBM7OGVVoOh8CBpaPUFsKLGUwW2B3WBqT7WLZ7yZRER+A/a9JCxxTDWRbNl+vXyrLts6mtlwO3WJUmQpkbNTFW/4a5kO84w3oVot/UpKtGiB8WTm2ho9avTEaWlZqoN2x23s91rD3A2InrZF8Y5HFQ==
PBM7OGVVoOh8CBpaPUFsKLGUwW2B3WBqT7WLZ7yZRESHW1yfCJhGOnSE3WkpAIvWFAXmBq0gJpkzXU8+IcWKEQ==
PBM7OGVVoOh8CBpaPUFsKLGUwW2B3WBqT7WLZ7yZRETMmAYapy6F6kNL4+E20aeV7RtnRwPoo4KkIVHI+vcBpA==
PBM7OGVVoOh8CBpaPUFsKLGUwW2B3WBqT7WLZ7yZRESkwYofDd5trxF6nzMEBQaao2HnaVZ8z4mycTlxt3JaWQ==
PBM7OGVVoOh8CBpaPUFsKLGUwW2B3WBqT7WLZ7yZRER6iyWOpr07Z28dBqz9pFSMiM7WoYQyfKgMkWA/ffzwapzTJ/tXykot2MWzFvC76Uc=
PBM7OGVVoOh8CBpaPUFsKLGUwW2B3WBqT7WLZ7yZRES9Hgh5/+X5odYVVDFGsEnQpqMzDzThg/g0qxUkkQaBj1TT5kLxHMPFQs5iQiOnDx4=
PBM7OGVVoOh8CBpaPUFsKLGUwW2B3WBqT7WLZ7yZRER2UWca9+kV5Px3t2cYJQqEHAj6WwPIEPW7mwvIlDu3ZIM4T3mVJc8DxA0VYzbc2ivee/P86AhSm3SqHuVqs0ZoCRsp+u3W4rDcwqOxu2x1bA==
PBM7OGVVoOh8CBpaPUFsKLGUwW2B3WBqT7WLZ7yZRER/Fo+ls5TRdLXLvWaydD4g8uDUgNwkKl8uS9vhaFIizw==
PBM7OGVVoOh8CBpaPUFsKLGUwW2B3WBqT7WLZ7yZRES3BzdLN8kvE4YHjQdKTjXKVGcXXQuEWmVejIyyg+dpOM4vGqNBJHgeIePgH1V4r2o=
PBM7OGVVoOh8CBpaPUFsKLGUwW2B3WBqT7WLZ7yZRETkKkIcAW2u0QqenJCA3aJ+lOhDYD5QJb8VlgY4mLlyvFxjv7+8135zymY2wQgoEPY=
PBM7OGVVoOh8CBpaPUFsKLGUwW2B3WBqT7WLZ7yZRETd+IUMSLvZtJ8ZE2LRmIg6iwqjNcO/8PK/SXgeIWouP2whZ5Xch/3ExU3LYm2eBBWYf2nwiuDSdrJm9mlL/tClXpGjkJhJp84huOctQQcAag==
PBM7OGVVoOh8CBpaPUFsKLGUwW2B3WBqT7WLZ7yZREQVi9xqs3xAjZ7nnvplPrBWvMfWLV9oI4eQgqGD86yEmw==
PBM7OGVVoOh8CBpaPUFsKLGUwW2B3WBqT7WLZ7yZRET4BvJ0dzJX7bJOL48tFEwipOVp+M6ZH9KcguhEZZiTwQ==
PBM7OGVVoOh8CBpaPUFsKLGUwW2B3WBqT7WLZ7yZRERaK7eraZbStDlhD/be+Lvzj9S37btuwevOssaR1i95uw==
PBM7OGVVoOh8CBpaPUFsKLGUwW2B3WBqT7WLZ7yZRETB+4vai02c5m80ajJ3y5jKhO8BJBxOSEKhTNxswz4yMw==
PBM7OGVVoOh8CBpaPUFsKLGUwW2B3WBqT7WLZ7yZRERqUIMItbIcQUN+k6avba/WWqfMZAR4JYKfZM6HcTkfKQ==
PBM7OGVVoOh8CBpaPUFsKLGUwW2B3WBqT7WLZ7yZRETLAqzTWfOJAbg4Xkz6hBniYwLY5iZ/ETd2+sHeGxciaA==
PBM7OGVVoOh8CBpaPUFsKI63zXWDJvmjJiJ2YHLOe82r4Kjtw/ZTMUXXETRV8i/830WDRUoNbcZCPIazc7hCW/hzBXVoXchb928tHDKudcw=
PBM7OGVVoOh8CBpaPUFsKI63zXWDJvmjJiJ2YHLOe836sMXblpf6BhGSES4xRYx8MRikq3j+oE+3Ei45nOV625T5hzGs9MT0TIkz6O7FPqgQ4T+AEEIqozV/nCSgp/xZG1NATbwy+Xw4KaV6Ngr4Rw==
PBM7OGVVoOh8CBpaPUFsKM9Vtli9/rlrW4m8YsCeadVOFBtBEqGe17+rI+vF2aIQiw3l84asaSAmB96+2i/Q0Ybc2D9Meu2wB7RNQh1esRE=
PBM7OGVVoOh8CBpaPUFsKM9Vtli9/rlrW4m8YsCeadVFmV1AFsD77EP5/pgaXdWCcYFpqDdywi0H15hZmp4DqkUx40p0+wmKFx/uAPQPDh7D+4uQdts3uSSqp2ysDXIigAX2/Na2LI1D6C6yc8vOGw==
PBM7OGVVoOh8CBpaPUFsKCeXfo8WunemKj3VHT3QfhVMPl2AeT/6OdsBvwJqgVrJg/VIArJrH0LldbXsckUMEW8mhRCJxmqKy4SJCwhfjSc=
PBM7OGVVoOh8CBpaPUFsKCeXfo8WunemKj3VHT3QfhWUQHTQ2tzR70CDgBPUKskdhYnxOPqYGHHHoYEA/+UwfpNS2bs0JhlEYfpIg60hOSKkrxlMc5nt8cXAw464KGTBvqOCvand7RHTT8FybbyZPg==
PBM7OGVVoOh8CBpaPUFsKDydhmZoFNXfNVnZ+5dVJZzSZ2Ck9TbORUuofLH5O5SBm7BRCOvsJSqie9pEox/1/ST58UutDaZwyKcIL365bxk=
PBM7OGVVoOh8CBpaPUFsKDydhmZoFNXfNVnZ+5dVJZzce2JmgJnZDGExg00M63PI7JLgMr1eLKhLPAGelqQyVlgESH2Dy/dGvxMAHLc5vCeKnoxsDGqC0tYF1oxr/McjQp3LNB7qr7piF1fCwoYZ9w==
PBM7OGVVoOh8CBpaPUFsKE+Wbij7PYYcXJiDCQSF+kGLvjA+YcMgQkWQZsYpBpYzn3ayq3rRphDanRRDGodJywhKD5F4HDNFXbZWVYHImL3urHDD5U91pZGFDBN19pHF
PBM7OGVVoOh8CBpaPUFsKGsWxjaBjdZlayEgcyx9C4lTtbJndHVpVnhtHfMMs4F+z6Jm5FjhkY50hU9vj9UEOQ5zerKGAV0sE+bLYrmdRllqA/L6PyS8UFBXbzwQ5wqmi3lhOqQxrHSKAOk/ZNFq0Q==
PBM7OGVVoOh8CBpaPUFsKGsWxjaBjdZlayEgcyx9C4mfLWCt5AmTmELdMoAJ+PKygA7/PkXoaWaxDNK9jruJUw==
PBM7OGVVoOh8CBpaPUFsKGsWxjaBjdZlayEgcyx9C4mtRBsw7p4uq/RAmHhYwt/AEmi5/x4UVdFPGbFR4Vposw==
PBM7OGVVoOh8CBpaPUFsKGsWxjaBjdZlayEgcyx9C4lQMfrDs7RbuEpniqydSSiKV+n3Q6aj2xfcADx30Urcqg==
PBM7OGVVoOh8CBpaPUFsKGsWxjaBjdZlayEgcyx9C4niqsjXXwgsAnISNOtCEg4l5JX2lIaOOLHqkw0gZmFb4F33ax0/4JdsXT8Ev4DlGBM=
PBM7OGVVoOh8CBpaPUFsKGsWxjaBjdZlayEgcyx9C4kIRtQeSMC1JRH/ri89IS8phhzkAv3EQlb5GHzEi1AzLU9te1b5EwIqWWBfnbp8Mo5c/a4l11YrJMd7hhhUqNO1wXOVwXGNUktza9j0cSfj3Q==
PBM7OGVVoOh8CBpaPUFsKGsWxjaBjdZlayEgcyx9C4mkKQ31ZuFBmvnuEwVp9HrEsN/Hsy+od1tvUWaTMV0cclDS19a6dr3aJLliQRyMJj8=
PBM7OGVVoOh8CBpaPUFsKGsWxjaBjdZlayEgcyx9C4k7EnX0H+tViHMpJxGhjdw0SmD0b3QlsmE5MALiqeVPMw==
PBM7OGVVoOh8CBpaPUFsKGsWxjaBjdZlayEgcyx9C4k7XqYadN/ehGJlqsJZqwu5LY5Ka3crnzBujVk0G3dmVYzgUHHPR1aC8+7mvQrLijE=
PBM7OGVVoOh8CBpaPUFsKGsWxjaBjdZlayEgcyx9C4mVtThdPlER9pDqVmjEKo/5I4d7Ktn1/TgKk/wRS6ratbAYO0FhpDtTUgdwaUizeMo=
PBM7OGVVoOh8CBpaPUFsKGsWxjaBjdZlayEgcyx9C4kinPg3RCyLmxtVxxR1KsyU16y838YAVBNhIb8dhJA4qzbFSbckGm6rz9U8FMVYVp6zoARVLffG71fUmiAAKH7vbV/6t56quPJdBzCsc93W8g==
PBM7OGVVoOh8CBpaPUFsKGsWxjaBjdZlayEgcyx9C4nxgI60JOk+g2xkIXK7O5jPrB2gmKfqlhsJBrZiHUB0Vw==
PBM7OGVVoOh8CBpaPUFsKGsWxjaBjdZlayEgcyx9C4nFzIUpmqC1dQBF4ubUKf7EIyz3SA6HG3gE+kFUkl+aew==
PBM7OGVVoOh8CBpaPUFsKGsWxjaBjdZlayEgcyx9C4lDB0cXg+csbI48tc8nqwNWtjEHGgXI/8gdT3O5ugoM4g==
PBM7OGVVoOh8CBpaPUFsKGsWxjaBjdZlayEgcyx9C4k2wtmwofaZncVCplaJ7kQ4hKaz1+KDnf04lcwjtHQMjw==
PBM7OGVVoOh8CBpaPUFsKGsWxjaBjdZlayEgcyx9C4kVyL3zfnOr5ph8MNAT2BuWEgqHQRO/WXvatvRWs9QtLw==
PBM7OGVVoOh8CBpaPUFsKGsWxjaBjdZlayEgcyx9C4k1WQuFZcp3Fio7RaGieYTnSyLJyr0cmg1GhjqpMC+kjQ==
PBM7OGVVoOh8CBpaPUFsKOphgDKEM7omLbhqsEojE7lqJX3yygHxOXsGEP+ZBQuPUWD77wePA6bUOPlZPPK0Gvwx/mDuo4auj0ryxleh8uM=
PBM7OGVVoOh8CBpaPUFsKOphgDKEM7omLbhqsEojE7kRi3/a2wCSw5vwA7AYFNyBnccmhy0ZLVoyhlgMLGRrZcDjO9N4e/jgruGZG8voJy1p/BTbplgKMVYTRZCTxQzBIuSJVBg0hspFqynOOJ8tPA==
PBM7OGVVoOh8CBpaPUFsKP2M+VrgV9nI4xSOKq9Dc7cb4uyfX9YK9tSlI2x6ApGbbM5tiiwrusqcOIHRCyTFYIDkutDYo8c+qL+sAzep9ck=
PBM7OGVVoOh8CBpaPUFsKP2M+VrgV9nI4xSOKq9Dc7cCQHnCcvIjqUcEhU7XtyvOCr9Jgf71b5+c4vt2Ss9e9BS+ckf4ad+IOiNwC4zrH4eVxnbAK/ERar3IHEIzqWRSD47AS2JJMBJD15TxYhcLUA==
PBM7OGVVoOh8CBpaPUFsKITIere3CejaBUoQFjF7+kG5oj5YfLo2jKyux/PPxYfc6KaHvaoNsgf9UYYXIHkelK8+pJUlMWWUhWCwuC6Pb6g=
PBM7OGVVoOh8CBpaPUFsKITIere3CejaBUoQFjF7+kF7gSKbH/KdbR+6oyBgcxJA+FewEte1lFXJNCokr3SWiyVGhq3GAdXa12vGOVNBQpgRNiZC00ZEP4EGrgofyjW2fHnt7EVyJgdvQRNQdN+djg==
PBM7OGVVoOh8CBpaPUFsKI578ppmk8sFHFkhR6c8Ufgvc3xxNVYvGTOx8NRGJeq4fNjm4p4H2sN4QtslEWN+0vtYlDzY1DEg9hy7JpfbhqU=
PBM7OGVVoOh8CBpaPUFsKI578ppmk8sFHFkhR6c8UfgCziyA5ql9mfmivqUanD8jnbLyJGdqReuBVlV2IbtE/IgZq9nnUbn8k7vWEvueUozvHkm9ezqqshfo8dE9tklKSK+lTLfk2CSahpggNJsqjg==
PBM7OGVVoOh8CBpaPUFsKFReVg+z7CywqCD5DghCsWjVaCS54TjnCBsu8gvAVHHJeXUibhTcWgbBqPk3qnAAPxXWtllUKB4dA6oFZ46XFihixDHz4j5SkSJT/L8VsTu7
PBM7OGVVoOh8CBpaPUFsKOm5822UDjvJWg4v/yAxkiLzWHHcbboFOIv3G5Htoc5vjDJmdTEHI0ddoYmMeGwnTpgBMohivc/bDj3LORCT13kCHlg4FDYz+nl74OBxDG44bcTOxF0vdUN+oNTbzrrZPQ==
PBM7OGVVoOh8CBpaPUFsKOm5822UDjvJWg4v/yAxkiLPuf3Uggx3auaKs6zqHIco10J0j0L+3Il0K7AKBYXgZQ==
PBM7OGVVoOh8CBpaPUFsKOm5822UDjvJWg4v/yAxkiKfbVvZbsyMIYrlpBDNPKZXZzuGWC5rzkfqww3Z3iG7YA==
PBM7OGVVoOh8CBpaPUFsKOm5822UDjvJWg4v/yAxkiLqq8aqdqITUnqfSVq5iaXLJNck9aJ4aODPcSx97czCfA==
PBM7OGVVoOh8CBpaPUFsKOm5822UDjvJWg4v/yAxkiI8jF7zahYZVefoOs1qg83PrKb9oEIpk7ThSBW4zn5oXDEZQRVW6dSRFGBbDRJFCWU=
PBM7OGVVoOh8CBpaPUFsKOm5822UDjvJWg4v/yAxkiL9jYdOTWCqQ/y+Dm3Mhhs7aDScFB3veK+y0NYnRhWaZBuh9LwONbhhn/gj47WR3yg=
PBM7OGVVoOh8CBpaPUFsKOm5822UDjvJWg4v/yAxkiJqptbnOA1zI4GmZFo82XUYpHBMdFeir141N3TmVRDyunD50WpCDT3e6VKiOH6xJeIUHJLEOSzfhkJC88qwdadCXsFPkm33lE/oh5sg9NCVrA==
PBM7OGVVoOh8CBpaPUFsKOm5822UDjvJWg4v/yAxkiKuUjefm7fbX7IlbLQxAmgXFev0hgDyzn/47RuEcOzlwQ==
PBM7OGVVoOh8CBpaPUFsKOm5822UDjvJWg4v/yAxkiJ08XNfoMnZMnjBwXtqycoM+DjQdcFwS3oeq29nMgNR0Cs+8laykulKMVjK8pLUKwo=
PBM7OGVVoOh8CBpaPUFsKOm5822UDjvJWg4v/yAxkiK4oLWpzKb7DhyJadsKA4c5PH7Yeo61BdviueDh4xuwgL6wl2mc3riPy5rHB9Bd/CU=
PBM7OGVVoOh8CBpaPUFsKOm5822UDjvJWg4v/yAxkiK5ABe5+Gd7s7nZAS8HdtjNtwnxFlvBbtm/tu3kYEVAy8Gqx+G5xiMBnDCpUYq4VHUOcsXfdgK8uU/NlCY/JKoYDSc7ed2d2JmtxOVl2PwBQQ==
PBM7OGVVoOh8CBpaPUFsKDp8gc6thUkxP0kuvxTa4RmBOOHxP0V8jWsGot/uf+DlgtF2CmWc9xogkyIkY8d8tw==
PBM7OGVVoOh8CBpaPUFsKDp8gc6thUkxP0kuvxTa4RlfKw0hYFSWilZgsXNlOJF5hNAk8yMvgjiv60jx+UU3gw==
PBM7OGVVoOh8CBpaPUFsKDp8gc6thUkxP0kuvxTa4Rlave1mrf02FB/qmSSl68+Myll4PekHXVNsGZBG8P9FLg==
PBM7OGVVoOh8CBpaPUFsKDp8gc6thUkxP0kuvxTa4RkQeywNRsW/UAvcUYiXcyBOgDXQ5k66c6yix11r8P0U9Q==
PBM7OGVVoOh8CBpaPUFsKDp8gc6thUkxP0kuvxTa4RmxdM56yQAiYwKmrxsjfV39ZkM00FD/fdaL/4BuWrqbRQ==
PBM7OGVVoOh8CBpaPUFsKDp8gc6thUkxP0kuvxTa4RmjCQhJn35vTORH0Hw5a5/TDz73sAyTDduDZ+5vbNURKw==
PBM7OGVVoOh8CBpaPUFsKDZZfDnQgJpjfL4ZYe/MW7qFQCbdJQcpt6L55eWfxx47zRAHoQOZEMsXJ2Ss8qG/JLjYf4OZkwc++zanOeOm6Yk=
PBM7OGVVoOh8CBpaPUFsKDZZfDnQgJpjfL4ZYe/MW7rNn4Sf9BmbZeGoWdyV5gG4tXxZVLzFwBuqr1vtf7kPY+e9t2eA/KwNvYEwf2jZxNskAGKoBK0z3pBl3PmN1UEjHDVfW5pQtA6AVKLWR+Skdg==
PBM7OGVVoOh8CBpaPUFsKHDBLPniNVmYvbEQNVfkKRODEOsjmgbNz986nmx6vFa2AvgG6pq8mjlMhCZrhwsuSnCib/0FkFlYHvsBPDJm/gTXLlzAOuMMbZcIQ+Z9s8rv0stx2RrSSCK1GYXvwYFYOA==
PBM7OGVVoOh8CBpaPUFsKHDBLPniNVmYvbEQNVfkKRNflGX11ZM+5c3ZrdfT8wcnpGis2BlxrQz1EVUiLT4FC9OTZerHngrxepRaEEZth1c=
PBM7OGVVoOh8CBpaPUFsKPYSq2X5OSzDyz0SfIA5qVxLeYg+cF+l6k3xIGnzqXjP0NuCgqrrlrmBcr+pYZI2j9nIhXJP8V1oCZTzlBpUnXY=
PBM7OGVVoOh8CBpaPUFsKPYSq2X5OSzDyz0SfIA5qVzpvVXdyJT9g9mqfzTgXFekY+XyU9+2MFh92gzfj8b9yMtC0KwzmKPNG8tCA2wfgo0uymBebz0rtVrXhGIROxpwMEeZi4No6UG9KsWdJcoLpA==
PBM7OGVVoOh8CBpaPUFsKOyNeFN2k7X8nGGiHPen9P7urdxv2aHgu1XG05YmofcqDm3zcEqEv+hxkpZwHL+xxcF4+HmnRJ4lrHN4YZEeGLk=
PBM7OGVVoOh8CBpaPUFsKOyNeFN2k7X8nGGiHPen9P7qV8ASy8DrlgZaqDaB4C3we7hqKrPgzAf0ps4dZ63kqPhtvfadgh7RHJOmzwgJAyU3nq8qv4a61obsg/fh8KiJNrMgryi+aHU6DiBf8fiqNA==
PBM7OGVVoOh8CBpaPUFsKIqYsVLPW1X5hPeAUj5rEZQ8LYxlO+zFwyTt0J+4DnqyJljQRdebXTAmC9cKbNJAxANZO0vi3bG7D+XZP8egT8su+PtIfGqtsr6AQ7y6LGbT
PBM7OGVVoOh8CBpaPUFsKId6AZLhv8oZKIfmte+CHYHnZ3ZU+9mNhtV96E2ypn98vI7NwR7TQTpPnf3T3avEyP59tfJ3zfz6iEOtHrXQDuCOatBFxMBuQrbfQfNuB+2IHYEmOdpR0xc1VxSFm0YbJw==
PBM7OGVVoOh8CBpaPUFsKId6AZLhv8oZKIfmte+CHYGiW4hSfyqcSJVtkF/zLvjh/cHR1tl/VgDKHIvQPIoDsA==
PBM7OGVVoOh8CBpaPUFsKId6AZLhv8oZKIfmte+CHYHC+baHfL6bVU++W9+uhQMG3uIzD/W3gFGfo5xH0YAL9w==
PBM7OGVVoOh8CBpaPUFsKId6AZLhv8oZKIfmte+CHYHEhVVTHQZwIGU2eX0JYANZ6i3rN1ajUDUx+2ThFxsJCw==
PBM7OGVVoOh8CBpaPUFsKId6AZLhv8oZKIfmte+CHYHhxxdwroF1daXJK7vOJEQkzezG4i3otQYdyzAJPNbAnIBsXAjwbhjhb+oAXQUhlPQ=
PBM7OGVVoOh8CBpaPUFsKId6AZLhv8oZKIfmte+CHYHQmJEplro+93BmGvMQxm+VysyoU8desy42sTV4ks47d+o2R8LL266kaZXhL4jWGXc=
PBM7OGVVoOh8CBpaPUFsKId6AZLhv8oZKIfmte+CHYHFf50twCJJkMkOuqJfPIeKd5pEhy1TsICpFvxsRKQOlg==
PBM7OGVVoOh8CBpaPUFsKId6AZLhv8oZKIfmte+CHYHKoylMZBiwYlTaOMdFDUqHCW2klI+7Uvp4LFriKDqhSZZs4D3h/+maBjy2Ne1Plzk=
PBM7OGVVoOh8CBpaPUFsKId6AZLhv8oZKIfmte+CHYHSrXaWw382OTW3WpADqdU4SZWA2KP2P7rt8aGP29CbXq2U9EmNQryFaYA9JXDScnFbvraW1/inNPQMAWIU0cPnhoK6IwneeMEBc/6LJ8XrCg==
PBM7OGVVoOh8CBpaPUFsKId6AZLhv8oZKIfmte+CHYEvH7LCLeMEVtOiGXRBPEHgDTBKIGv8sMrXbUTUez09Yl+ls6mtjvUUD7Snhh6kQbU=
PBM7OGVVoOh8CBpaPUFsKId6AZLhv8oZKIfmte+CHYHUDJ2M3sGtpcesNWxAKkenKPoo6ePMl7fwS9hvQwccoOmkrk7294BsrIsnTVzu5TlQVGNLyX19m4iUxA+jwO6b2T8GBJ7SbvDAaSadp+pFog==
PBM7OGVVoOh8CBpaPUFsKH2eIQzo3lc7Lkrr8RRumKP6zZ72kp3b/MdQNheeYmywQXAgUzmYt7vQHFvmvhIt5Q==
PBM7OGVVoOh8CBpaPUFsKH2eIQzo3lc7Lkrr8RRumKMsZXST+hU2R2DXXzmW6cVq+sUvNttQQedKRjMPvdczag==
PBM7OGVVoOh8CBpaPUFsKH2eIQzo3lc7Lkrr8RRumKNfsvUG5a2FxG6JLD685tJapE3/A1AddQEaKBzwrCRucg==
PBM7OGVVoOh8CBpaPUFsKH2eIQzo3lc7Lkrr8RRumKPEO+ljcQ3jaYd5CdVC8hrJQu/ob8wcT3isXv8XRkTixA==
PBM7OGVVoOh8CBpaPUFsKH2eIQzo3lc7Lkrr8RRumKP6Kcp6czmZXVvH+Xn9/aj4Xh4NabpimGE3n9qpigm4hw==
PBM7OGVVoOh8CBpaPUFsKH2eIQzo3lc7Lkrr8RRumKM6CqfWoE+yri2t6bco6pbu8MbStO1zMeCNqK+qvOX34g==
PBM7OGVVoOh8CBpaPUFsKMa94O19GfjfCQlCDnE+D3S29uxMJwvw2Obr97DbWrnOFH7DrVwLTpwRTSBxc6GoZY7iFBneKf5G1TZXbzAglTI=
PBM7OGVVoOh8CBpaPUFsKMa94O19GfjfCQlCDnE+D3TVKYJzxOWbU56B/ku1pETYLwAhPBj7V8kOYqR5G9bPUfNGS4Ru41ZHE6q03f1UWpMPQMZW5dSoeweRFelJOOsi30WQtgzL/G1yvhW460uHYA==
PBM7OGVVoOh8CBpaPUFsKMa94O19GfjfCQlCDnE+D3QH5WxFbglG/UVhniL88fL88bP9GIcspAeP8zKZrtnKdFBhEAydp10urXnp8lR5K04=
PBM7OGVVoOh8CBpaPUFsKMa94O19GfjfCQlCDnE+D3RUYPrLqMs4TrFMmmc/FeJrFuiljOsLMadlMoh+wgoY/VCmNf0DnmDJHaqL+uY3aXNGlnbo5VEV+j+QloJiCipdvwJ2WVQwlACBgKfV4pdenA==
PBM7OGVVoOh8CBpaPUFsKNeiVbc+fRB7Ca2SSKFqNYdtklsRrdF51HWfT7N5t9rgJBsQwEWNo7WzxQXhRagr24OwlgAYAvIvycqZCC59XpI=
PBM7OGVVoOh8CBpaPUFsKNeiVbc+fRB7Ca2SSKFqNYcnj6GsEUBLpO2V0P7n+3uLLrqfLvCMU3Lix/BHaUebMl0hEOnjPZB6YbcaL2dPmzWnsHYxzSjQgt7qPSO9GOVBYvaBqc2oiQ55Qd9+ug2VPg==
PBM7OGVVoOh8CBpaPUFsKNeiVbc+fRB7Ca2SSKFqNYcqU+Ic5R2DDaw6s1QpYj+cxtLQcnnWZvalFLdG9ZQQuR8BsOzzvpblqGbvgyeliEQ=
PBM7OGVVoOh8CBpaPUFsKNeiVbc+fRB7Ca2SSKFqNYcvC4Yt/G0SrBBVoQXlrERLo+2dMyA9OU8H7dvARzFJXhRHj1oBqoNVb2Q/3gc8ayY37zWoOzDrP/spuQTXtebVfUeWBvsQwKiAk6spUdWZsw==
PBM7OGVVoOh8CBpaPUFsKA9MXJhomISR0r7k2HAIvvbZfT8gA7TvxleKjGla8/npHedC/DraZNzNa37ns1ZODmV0LM2IITWiT6s3IMo+zv0=
PBM7OGVVoOh8CBpaPUFsKA9MXJhomISR0r7k2HAIvvZhRjtgeu5z/hT+wNfYWkg7qdH0zwUqoh3dUBse2+8nqiOBYRQMOQnEzX59CnlUA7UnyrKYdFtKfd99BxucJykOZxJKkn/P1Y2srLJFj8plqQ==
PBM7OGVVoOh8CBpaPUFsKA9MXJhomISR0r7k2HAIvvakdkCLi6SSfUeajQtsAQSDCEEuMlKJB5RYwIEtm3giOhU7go4S/jGxGM5JueakfDs=
PBM7OGVVoOh8CBpaPUFsKA9MXJhomISR0r7k2HAIvvb69lJ8hjxRjrRoNc/HHoyNdOt07aYDw19TwXt/z8Lq1TXj6QlIfK5LoHwuOTFInTw7p3b2iLUj7SBVNJPNJRnKwyq1veiDJg0pzzgeP+LDcA==
PBM7OGVVoOh8CBpaPUFsKLMTZmu75aXrDQpTQTIOm9OIDhoL69Id1/FHnDSSpYm5/0d3Cyv+juEdei0NKvZYHmMsCgev10GLT/RflG+cKr8=
PBM7OGVVoOh8CBpaPUFsKLMTZmu75aXrDQpTQTIOm9NFfOXD3fjeDohTqns0f7ffIDCS0Jt2NdniKk62842k5C8pEo2gOAm6HzKtUiF7t7IvvZK5MBofu0qJkaN2hJQAg5qPxc1rDZv+fg4ZIn03dg==
PBM7OGVVoOh8CBpaPUFsKLMTZmu75aXrDQpTQTIOm9PqXvWxADbtUbb8B+Nw4GaFvaIhPBmgAEMqjjpApla4KSXUHB8sR95PPBH2VXhoqDc=
PBM7OGVVoOh8CBpaPUFsKLMTZmu75aXrDQpTQTIOm9NEgoY1KWMRVEIUkkj9VU3TabvkO17N/NdyFX6FOBjn5IRbJnPhkaDhxbYYUZ3g1PqV+IUSy09SsfiFzv8NTxJj7wbOv8Xvuwf4dujZPtiVBg==
PBM7OGVVoOh8CBpaPUFsKC4x3uneC8qHOp3QdyfL9In4jQwmsOTL1Kqwu2KTc+shZaDMwoBW7t5qH7RShSfpSZrPqPMJ9BpCDLcRij1dE+4hdcBB3D1O6FBpvVSTiIvT
PBM7OGVVoOh8CBpaPUFsKNBbe+5V++1KMld4qgTLDFUktqLaq6ul0PMftgcUQ0dR93DgOJaFQafFNyKXCHk1U9vn+w6FbjVR/CxLZuLpY5rnMO6lRz+a5chzMk8b+R9euUdXrcZigLZlheo4EUximw==
PBM7OGVVoOh8CBpaPUFsKNBbe+5V++1KMld4qgTLDFVdWmTKHtZFgl7Cj32J7Pq+gDAia3//xrSP5JJltgJrUw==
PBM7OGVVoOh8CBpaPUFsKNBbe+5V++1KMld4qgTLDFUyhFM4lJWovHy/5A0b7SW5L+LJAbiTTnLPsXnruljZ2Q==
PBM7OGVVoOh8CBpaPUFsKHTtJiO8JFzsrHzscYcgpHtM/M9Wip65ygM5z2yd7OeuLfbfDJlA25s6lFOlZJNjMw==
PBM7OGVVoOh8CBpaPUFsKHTtJiO8JFzsrHzscYcgpHuIKXbiCKvcBr4KQzfMPQpZ6DDqP8GpKulwyXif8WdNE8RpYZsBF0Iy8JqRMjBrx90=
PBM7OGVVoOh8CBpaPUFsKHTtJiO8JFzsrHzscYcgpHu6tlEgXx4ABEmYZjXPnsCHfD9UIbeKaBc+FGG2MhVor4Laui/aspFMWsp9Nt/Qg38=
PBM7OGVVoOh8CBpaPUFsKHTtJiO8JFzsrHzscYcgpHvYgAokq+SRd4Cw1z2AnDLqkgRjJYuw8m1RPi2+B8ICqg==
PBM7OGVVoOh8CBpaPUFsKHTtJiO8JFzsrHzscYcgpHtQ3yLMo/qdynzIFoOel+riCF9YCRhzUDZMlxxjRXM2HbH7kSkvWfaJhI46FCThqrriX0m/PYoF31my8ifBimKA36n7CZMEXKf01tu7c21/kg==
PBM7OGVVoOh8CBpaPUFsKHTtJiO8JFzsrHzscYcgpHtNcPua4UCB/85MjfYBz9Jsi5VBiP/SL6hE1WWJJCCNCHYLn0FPB8y5WArBg5TlZQs=
PBM7OGVVoOh8CBpaPUFsKHTtJiO8JFzsrHzscYcgpHvhUeDKCyeVxxKxanZrJVZOqFWySh0sdbL7rfWgVKm8BJt1JaEDknQiWMBoXBaZp1k=
PBM7OGVVoOh8CBpaPUFsKHTtJiO8JFzsrHzscYcgpHu3S9phvgfubuN5EY5kGDrazgNL+Qfzj1CrFDqcx9FnsDlj1w1YyA5V4RySyITaK+cO7qFbKugUfJ+K8DtEjTUkyi6sZ3Yt6UNL5rNYxRGCRg==
PBM7OGVVoOh8CBpaPUFsKAwdicWWOE6vEGKYgxZSX/GH3AR0Yl8QLV7DdTSrOqKIiBuF9MPFJ4QsDSEZaIeH2A==
PBM7OGVVoOh8CBpaPUFsKAwdicWWOE6vEGKYgxZSX/ElheWsbsn8GOfqLIcJTNKhPhwei4t8b80Ur8N1935Fpw==
PBM7OGVVoOh8CBpaPUFsKAwdicWWOE6vEGKYgxZSX/HevkE5hEDmg7+9DNewtyC4l7KGwu+LzWdyIMZw/ALdoQ==
PBM7OGVVoOh8CBpaPUFsKAwdicWWOE6vEGKYgxZSX/HV0n45n/uPp1i0deNj5CInG9rqBtOZGgPeQeGB8agJQQ==
PBM7OGVVoOh8CBpaPUFsKAwdicWWOE6vEGKYgxZSX/GNf+RDJm60W6rQThPYg2jxVpg/F18hJHL4QdYcX7rsHQ==
PBM7OGVVoOh8CBpaPUFsKAwdicWWOE6vEGKYgxZSX/FG8scH8J/NjZfcu2s7mhWjqrwInsHahjOhMid3JL7uZA==
PBM7OGVVoOh8CBpaPUFsKCjg8rYovcA5ggUHFffwfA0yRpRPBdSdeEHSjKO/AZxPrBGx+Ap5ep40zcB+WOyeDIzyKXkxlBmWpaB5m6kmUD8=
PBM7OGVVoOh8CBpaPUFsKCjg8rYovcA5ggUHFffwfA1EFjqHKyJKVwTZxMws9fq7KATax4zrea50X/rf0zmiXld52dQh5IYLwQGhe1xcKUwi3alTact8eI5d0rh54qtzR0SyMNiJKz4qflrxvDZU3A==
PBM7OGVVoOh8CBpaPUFsKCjg8rYovcA5ggUHFffwfA09P+HVXscMB1Sbtp1at/XEq6DQ0Sj0zZ5SCS9uRUTlrVGGHBAonlPi12i6FUVVVTg=
PBM7OGVVoOh8CBpaPUFsKCjg8rYovcA5ggUHFffwfA1EFjqHKyJKVwTZxMws9fq7KATax4zrea50X/rf0zmiXld52dQh5IYLwQGhe1xcKUwi3alTact8eI5d0rh54qtzR0SyMNiJKz4qflrxvDZU3A==
PBM7OGVVoOh8CBpaPUFsKIwUtoQ1PzCMYPnLVcCuwVuIi5dtOyP7xSnJVZomxbzahvEJFIXQfCXILCsNllSmaaIKHQ0xKiX8j2OeWT8m8UY=
PBM7OGVVoOh8CBpaPUFsKIwUtoQ1PzCMYPnLVcCuwVs6xTPVVDADEzvBCUZOpmMUNpJa5LWIJLKZZiwuAhBbRdReb0+ctESXXh6cekaqu/MIcRizBLG4DQQC4kygCyFQinaXvL86nDFoX6xH1EVe6A==
PBM7OGVVoOh8CBpaPUFsKIwUtoQ1PzCMYPnLVcCuwVuHzJD/DzQ2sAWrroyTxFjA03xE260H3hRQrF6VcZgo+fbKzgkAWsKO/r+duyOrHQs=
PBM7OGVVoOh8CBpaPUFsKIwUtoQ1PzCMYPnLVcCuwVs85PW1q1++rkqfet/rM2Dz0+Se5v03G6BgZaeGbaj/G0hznwW+yFSOOHz59UnGWhHWTbz0AzWovNob2XOWG7i+4W6zW1jyBJYHb1HqKAhmPA==
PBM7OGVVoOh8CBpaPUFsKBf/mUxhKgshZGTO7TWKZNimL9SazjG7PWf1s/Rjf20O7384+EykGoffbRNARGg8WHuGDa805qYjP2MH/KgKx48=
PBM7OGVVoOh8CBpaPUFsKBf/mUxhKgshZGTO7TWKZNiFHnibvsZguOHSmMOvBR7sU9KTHsm13lY/wdGh6fUtiVdOryaxyf5xv0vq1po780B37IJPuQu9dlpFSPESYdPz76kK30Hc99g4IvJtU9/yow==
PBM7OGVVoOh8CBpaPUFsKBf/mUxhKgshZGTO7TWKZNg5As9CYdPt+4FCUJjvDaph5I7OslyFpS+bQkZRMA9X6ZbQ9tgg5Z0p4t0J63QrJz8=
PBM7OGVVoOh8CBpaPUFsKBf/mUxhKgshZGTO7TWKZNjnQ+OSyGAZ9yyw1PYIlc650HLOPLv8XZa9k+tAACqsW83ECTw+e1LqJRas+8VDkkCZaD3l7IHMuSEE/8ccm/KGKbWItNaR5zO1AQXR3dYzNA==
PBM7OGVVoOh8CBpaPUFsKP5FYhBeNS7lNxdl/Q5KnDvCkylssNev0bKheLoMJsT+BSvaxRqyn2vaRxhUgMBymdQiq2dQCQh8Gagiy1CVaT8=
PBM7OGVVoOh8CBpaPUFsKP5FYhBeNS7lNxdl/Q5KnDso71adDlU8WZDhzrWY/X/pZu0JVaIRjokpUbsI0AJ/nnpgZck9T29ARnqCpmq/23FPuvGpWmpj3j6RHm83KctpyTie6vHP/OWUM831YyqW8Q==
PBM7OGVVoOh8CBpaPUFsKP5FYhBeNS7lNxdl/Q5KnDtlTc7/ozvZ+Gh/IYD0sfaEGNHEgaxdBRIjRFtEGPoA4R1gqV/rWUFpywcf5njcXVs=
PBM7OGVVoOh8CBpaPUFsKP5FYhBeNS7lNxdl/Q5KnDt/BA2Lk0vsYtOGHo+Yd9W0bpLjOseCTkAl687HS+3QpTFidbRyErmKJzUIEkGsM/DkcT/1X3CEpCk8UVxEDAR01nMDAaqSWMJPrA8fxPUzqQ==
PBM7OGVVoOh8CBpaPUFsKObRA4L5ZK1TEmmlv8+whqeBX2/ZNI8vltsb3I7OV79Nf22HEB8yyBHjqU09uGLLnSdXFvh+sBXtKgaBbjf85mfallCdBJEZnWGTDFl183eO
PBM7OGVVoOh8CBpaPUFsKIXTxX4Tf4o1EYaHNqlgCzvSd44eK8hPyyqV4/VVgZubnH8U3CIGUtusgloZzydzK1E/tBS0cKDJdiTHrfRDLJAfPGSFilwlqQCiHpizCS/k/7oh03Hn7p3v0LUREEc7Tg==
PBM7OGVVoOh8CBpaPUFsKIXTxX4Tf4o1EYaHNqlgCzuaxkdUdbH0pwIc40y8XH/XRu7XFSEfFYFPwCcHQS5UYA==
PBM7OGVVoOh8CBpaPUFsKIXTxX4Tf4o1EYaHNqlgCzuPB4xb8bkAacdtlIicnAE1VDykaCkGNiqAgMxCDlnC8A==
PBM7OGVVoOh8CBpaPUFsKAQhlRsNbQLRIB6bhsxs09IWyvQUdGa7QwJCDBhbo/n2EqVN93iuRpogZBt0dF37Bw==
PBM7OGVVoOh8CBpaPUFsKAQhlRsNbQLRIB6bhsxs09Kh3O2PEw8xBrF+da81W+AZeC5ijfcJHPpxqdX0Lt8n/lRUwnr20l7mJFvqhleRcNw=
PBM7OGVVoOh8CBpaPUFsKAQhlRsNbQLRIB6bhsxs09KEPlA3s/gfbSUSc4+weSTUKOh1Ru7ZmihuMGe8y7f9EK7NDUYmYaJ20uV7J0UFz5Q=
PBM7OGVVoOh8CBpaPUFsKAQhlRsNbQLRIB6bhsxs09LHKGMWk9DHAxTpdN+d+i+VSwl6lXLGMXAei/U0YatGkg==
PBM7OGVVoOh8CBpaPUFsKAQhlRsNbQLRIB6bhsxs09I+Z4BhyjlSbz19RgT3pG8LR8vQq9PKH3ENWdmhgDMfwPzsZcUicUUjSyS+ZxEysDM=
PBM7OGVVoOh8CBpaPUFsKAQhlRsNbQLRIB6bhsxs09I+AGmkfWZqN5nl1ScZmHTEj/e9y6kXlBjXVoADoZ1pCSbpB+H8ahq5otC8xGLxpoZzU0uJt4dU+88mojpm6ihf7DNq1kFqPmEKalSA01SgUA==
PBM7OGVVoOh8CBpaPUFsKAQhlRsNbQLRIB6bhsxs09Lb7Zy7ec8LnfchLLR5CoBqn/DrGpyH/Lc0rHMyPJ1C6sX75LoJkVIQwbIJhDG0ObI=
PBM7OGVVoOh8CBpaPUFsKAQhlRsNbQLRIB6bhsxs09KKhbov3fHqqe52sT561H16sb+oSj7Zbf9RSAMzYWFCwShpDYu8p1xk7uLXBHOoewfPQjV/iMZa+jYFh84YcGGDJGCoQqgymslhZAtdYoR70A==
PBM7OGVVoOh8CBpaPUFsKAQhlRsNbQLRIB6bhsxs09I4lb4lhuk+BW0EVjxmQ2aQW2qeU2jdWnvAtMFWFZ2uxQ==
PBM7OGVVoOh8CBpaPUFsKAQhlRsNbQLRIB6bhsxs09IeAi+7xHYSvxOIUqRPwiuxpwHx/Y9vfqx1w8bKJeO67A==
PBM7OGVVoOh8CBpaPUFsKAQhlRsNbQLRIB6bhsxs09KE7UTpnh7jFzwG14Sv1P6BiDd3UgMmWbw9TVh1RnHhrg==
PBM7OGVVoOh8CBpaPUFsKAQhlRsNbQLRIB6bhsxs09Ka6M6noomYND/vEEpDsPzP9YmuL6jLbd1orMHPdd+oCg==
PBM7OGVVoOh8CBpaPUFsKAQhlRsNbQLRIB6bhsxs09Lf/s5yH1WorXs+Smgg866RCHrovmtSlt2uvr1WINsonQ==
PBM7OGVVoOh8CBpaPUFsKAQhlRsNbQLRIB6bhsxs09J7IU6Zvp/+d/PquwIFxFTrkTjKKfmqIqqTqITRKDGr3g==
PBM7OGVVoOh8CBpaPUFsKGMX6Od9M4uj+dvFSSi9I6P6G8H1TDuLnXCI7qItLTbNJiaMAUs9b5CFITuRh8k35HccM4DampCcjy2HNL/x3Rk=
PBM7OGVVoOh8CBpaPUFsKGMX6Od9M4uj+dvFSSi9I6MkgDeciVXY8l7ukzekXlSn3etWj9jexqfozcQrnxH6zBp1l5Rvc0R6D9JgNnJlu8pbHLGf+elg1d/gxb3PNMYLBTbUVkI1blPsaxq8I1PI+g==
PBM7OGVVoOh8CBpaPUFsKGMX6Od9M4uj+dvFSSi9I6Pc/5POmWSInLKhUGdwjB485sKKBreHSKUVb5m5IRNBJQEokFANJbKniqkIgVF94RE=
PBM7OGVVoOh8CBpaPUFsKGMX6Od9M4uj+dvFSSi9I6OeMWkV0tC8D5FfqR39RDQNVQRvOkfPwvYX1sHFjSGwSKFLI0pCc0iantLOaPMQaqvJZDwK48kOp5N6/o0HhcrtTcu8ivmrnGBO6ewSVBeSaA==
PBM7OGVVoOh8CBpaPUFsKMGa9vIB2wrICPiMo33mjez5XaIiKoXiXWIxyQgBmoZoCZv9a7SanXpnf2eEoTykpJ3buoZAjSP0QH+M8VZnOdA=
PBM7OGVVoOh8CBpaPUFsKMGa9vIB2wrICPiMo33mjeza3bNoRSsUgdtyI9aIzXJvkeW8++L5HepS2tnyOU7ALA7pO0vNt72nv/KOBpyqtyN2ZSzT6s7HbIjzMyYFFQpRTvAQUjGOQqjHDGyctIRTMg==
PBM7OGVVoOh8CBpaPUFsKMGa9vIB2wrICPiMo33mjeylUZITIJNfCE6MMFSdZWiVFTdLAZQnLGJL+lXnNeEG9Onr98Q0l7Jotg+NW0v+7XM=
PBM7OGVVoOh8CBpaPUFsKMGa9vIB2wrICPiMo33mjexUuU2YBu12Eia301fvrRzPPQzLjNPSSSwNTg12877lQGfpIDLV1S1V/w4AX2xAocj3idqVZQW3zTlF1opt6QNMfXIi4qpQrGTtgs3won1ziw==
PBM7OGVVoOh8CBpaPUFsKPtfXCwE+MvzKOXM8u/1AFQ5zvf3WweOGsWr7FalR9yVFGiHnbOQfeJFcYq3T1YNx9jSgDLDfyUm+K3aQaeIRL8=
PBM7OGVVoOh8CBpaPUFsKPtfXCwE+MvzKOXM8u/1AFQGW9TVvnYW1dVDNda2/axfyZVVmg2B4trLIxBrT6gftVY5mxjSlp8A+f/84BSPyb2GSIm1100f0okt+CevfbnUqOGaVfU4fvZolahtKAlXOw==
PBM7OGVVoOh8CBpaPUFsKPtfXCwE+MvzKOXM8u/1AFTdYA9q7Gjiy2S48/85hC1svJmKrp3asHwLq5Kdcu8/scPxcKIOa8Sh0oqip+i7+xM=
PBM7OGVVoOh8CBpaPUFsKPtfXCwE+MvzKOXM8u/1AFQGW9TVvnYW1dVDNda2/axfyZVVmg2B4trLIxBrT6gftVY5mxjSlp8A+f/84BSPyb2GSIm1100f0okt+CevfbnUqOGaVfU4fvZolahtKAlXOw==
PBM7OGVVoOh8CBpaPUFsKD5KnTDtWs0AcJiay9onxHLoJkCu3jRxM5fRPoDGlzOLVicw5cbjoq3DiZTzclbuxCCSYM1VM2qyP38klshQGhk=
PBM7OGVVoOh8CBpaPUFsKD5KnTDtWs0AcJiay9onxHKcSdWn8DFRMsoJ3y8X/pfRGwvq2rIwp0yuzbjeVTmw+7uMVDFASvxOIWrHtug95KE7lFKGdKU01UucLIsKD1pI8IVMzRnzMKOXeOeWjoaA3g==
PBM7OGVVoOh8CBpaPUFsKD5KnTDtWs0AcJiay9onxHI9meuaj6VSGMjhbVivoAeVeEAO2/i6YvXaA2dJ/SXT/Pszt/ZxY3kzST/QFp4l7hc=
PBM7OGVVoOh8CBpaPUFsKD5KnTDtWs0AcJiay9onxHK9DQyhX+2T2MOx4/HkLn01hvRfIyX+rjwFITSVZsZw8ZSX05ot8OOHVJi6f9CBLBi6T/BsImy3Y1cGigrt0mjFzrj9MmvCID5gSzQBx29rJQ==
PBM7OGVVoOh8CBpaPUFsKO4b0XZzVShnLWXeVGdW4DSPT0IqpFYVEzPWaj0POg2NT8l4rrY3VNgt8PEOJASb8fuhBHvZQggI9t2N+eXQQiRkRpRQ88dXBBjfV1gFe9f+
PBM7OGVVoOh8CBpaPUFsKAO1wb0LXdSOQF4jrhnWTT2iqZznvetAoE+Gff2CX6ahPjg8LyoIj8szRiGj//QSU7pyG2qRIb6c66bX7EWdXkRax4vM8mHO1WlXN2L0aqo57/AC3pBQau5Jbf4zi36jFQ==
PBM7OGVVoOh8CBpaPUFsKAO1wb0LXdSOQF4jrhnWTT0ptBNXAfV0Qjth5i+DWtIJvdlFEjJXLDXs+XVdKgLXiw==
PBM7OGVVoOh8CBpaPUFsKAO1wb0LXdSOQF4jrhnWTT2BcDHR1T5e46/X2tb6lVy4VDWPw8g/5ZNyOkpnENfsDQ==
PBM7OGVVoOh8CBpaPUFsKAO1wb0LXdSOQF4jrhnWTT1fDEjMxp12mnUliw4Eb5JI6aSzgG67n/+2Brph+4o/wQ==
PBM7OGVVoOh8CBpaPUFsKAO1wb0LXdSOQF4jrhnWTT1YWEA3z0zO43+ICwW9XyqpGSgtMEI2cfVq7IWScyQ+QQCz0MXco76j62DNly05Yuc=
PBM7OGVVoOh8CBpaPUFsKAO1wb0LXdSOQF4jrhnWTT1bwc4emD21AfAakhcnzDeSCDtG+khjz/D7GH07pE8BolYjdn97QFnc7EEk6P98Xc0=
PBM7OGVVoOh8CBpaPUFsKAO1wb0LXdSOQF4jrhnWTT12s+knaUOj6fUsOfkdM1opzqM/Hwir7DrK1OLngyPCrdGt/KqHbIpAbHWnurftKsR7BvnL0Xows9IWMAFo0eHKGHOIwn382MkTQbp8Zocx4A==
PBM7OGVVoOh8CBpaPUFsKAO1wb0LXdSOQF4jrhnWTT2ooCPuObEAVbqPS9SjSTp4m2H5RYF80v/TT1IQdzT2QA==
PBM7OGVVoOh8CBpaPUFsKAO1wb0LXdSOQF4jrhnWTT0u0n+FXS6FNcCGyILPBzj/Qm5XcookwCTagsyM8DoN1E4rViiONlQKCLk0r5Lf7PE=
PBM7OGVVoOh8CBpaPUFsKAO1wb0LXdSOQF4jrhnWTT2c1dc1AXeykcPlMtD24CDRm/7OjhKRxpSGYwBbcdm8WxIyA6z8mo4GfOjLsbUBe64=
PBM7OGVVoOh8CBpaPUFsKAO1wb0LXdSOQF4jrhnWTT2cPEqRhBEZ7YZ6Ztn1LkqW1sEjfyzQzLcKRUGAZByZVOhaLyU8Sl0ZLBn6hcEgGqUTVGwLVAN0nBbPU9pkK74zx5D4tDxk17m5sa6G2E/9jg==
PBM7OGVVoOh8CBpaPUFsKAO1wb0LXdSOQF4jrhnWTT3R/jmD0jKUIzxtTQYVTyqeKpWpw3OPKKrSKBDPa/lzMw==
PBM7OGVVoOh8CBpaPUFsKAO1wb0LXdSOQF4jrhnWTT38Mu7jCrw/ZCZ5j2wlueDLFd2gW97n7Uwopxea+dGHNQ==
PBM7OGVVoOh8CBpaPUFsKAO1wb0LXdSOQF4jrhnWTT3hkIQHBGINNTsgGPAjCVYIsw7h/rs4wxF2ggGJPzBPgg==
PBM7OGVVoOh8CBpaPUFsKAO1wb0LXdSOQF4jrhnWTT38UWuetVwDXcboq3LxV0yBKrKXcMH+dg1Js+SBsH7kpQ==
PBM7OGVVoOh8CBpaPUFsKAO1wb0LXdSOQF4jrhnWTT0W/TRGBlvqafsO8mwovpSR8qsylGjikad/RHVyNMtFWA==
PBM7OGVVoOh8CBpaPUFsKAO1wb0LXdSOQF4jrhnWTT2hGIvECEHvpyW9X9fh8hqNB7hw3Rzbe2ZpujZI/+8B5g==
PBM7OGVVoOh8CBpaPUFsKBNBPWxd8T4IBbZMe8qON3MYZuC/vqvB9VIgKrpg9tdq4Azk0xH2m6BmARjJk0uL1/jDiFbxyKFbiUyAtFxHW/k=
PBM7OGVVoOh8CBpaPUFsKBNBPWxd8T4IBbZMe8qON3MKtUN3NpWsEKOWtXeR9L3mWKwW0x0byQLG6o0RFa5vEQtFEFs4OOSqyOvTGcH0UR5PorO10K98u0MmicuCURhTm8dvqgznnhayzE9mZWM4Vg==
PBM7OGVVoOh8CBpaPUFsKFsb6pPD0Dk+yZuY1nli2p0mdFPr/nm/+E92bSEKdHJvAGOa3njXgqRplzGjkJj/v6/NB6wmdM/Ef3VSdxfG+Lw=
PBM7OGVVoOh8CBpaPUFsKFsb6pPD0Dk+yZuY1nli2p20ovOMjlK8eUIE3qtK5qkdGHUpXtK4KQPcpAz/rt5wNJYTLuU7ic7bDdBPGIYajjIXMVzViNwZjKvvTiaEjVJ7/YSE9UWXctfTEE+AO9jUQQ==
PBM7OGVVoOh8CBpaPUFsKKxay5Sl4KAUltKDuSJb4cK5DcjDM9jZUr8A9W5uLLv+zi4hdgYHW1Ztb2Hk0yJK/EzLqBfymppqNvahISzdLTE=
PBM7OGVVoOh8CBpaPUFsKKxay5Sl4KAUltKDuSJb4cIWPoazS61Wb9M9UjhkljOLDpIfF65uKCMN8D7WKU7CCtJunBTo/1DylvMPPXiOaOvBn8yO8xrrvjtOjksIh4Pi7RFqtKRnvUhsvBi7KJuTbQ==
PBM7OGVVoOh8CBpaPUFsKHXI3foQi2mvzcwDZhpz82gs5SZ8rFioMk9oEHUJNIMB4DpvFCO6i4msS8A/5Q4zy0+o+/E9Q6A54d5LNutG09k=
PBM7OGVVoOh8CBpaPUFsKHXI3foQi2mvzcwDZhpz82g9M7COZnmwoqLv5ph6R3RzC+NtA30zU25kx8RfqjQ5QoEXQaHvHEmn8MuVlnCNKRZV0jHVaRFlB6lIBpo36hSWFRACDZ1PFWgmr6gLvaw93A==
PBM7OGVVoOh8CBpaPUFsKHQUYCQYAsA/jtevacVOQvePfOODbY+o1vEYJGVAFPImg5MxE4tFeLW6Z910YsMJmUY99ijhNzHlgPwQab9sEEgDA20d+R5+z6ZG4/ClrY1p
PBM7OGVVoOh8CBpaPUFsKBfUS2ITTP0xgZpZILiyGoeLdtbhqU1GS5qRbfTYjeYi3inrQjUkHGb8qolhg7W7WP5Ogd7Wc9zM3tSLbNPqFW+FdbT7p9zcSVTSrNM0zlhSkLnSDyoJL8YKTY18OFIlmg==
PBM7OGVVoOh8CBpaPUFsKBfUS2ITTP0xgZpZILiyGof1bsTzAXDye1xaba0PuNyo4450y8ufDi0ZZS58WB0u9g==
PBM7OGVVoOh8CBpaPUFsKBfUS2ITTP0xgZpZILiyGoc5yeHDL+X54oLNQToDhXiyNh67ywT/IRpqV+01B7LFgQ==
PBM7OGVVoOh8CBpaPUFsKPCQiO1rMLYDSHML8DVxS4I+85kEOrHBlhJJnXGqdr0bIyvZrkG/PFV69GMx2fi5zw==
PBM7OGVVoOh8CBpaPUFsKPCQiO1rMLYDSHML8DVxS4IrXVDY7IR3TWz0wvFAfBBndh+bZbWrhOIRRUBY3M3IibE9UYMC4gpeIXnEX62wLg4=
PBM7OGVVoOh8CBpaPUFsKPCQiO1rMLYDSHML8DVxS4Kn/DGLlPWWbFvPzK+OMCqE8nHljnAnx5q0eL/aLf2wbKDnErYE3UdM94KaAiO07ZE=
PBM7OGVVoOh8CBpaPUFsKPCQiO1rMLYDSHML8DVxS4KYT7QYh5nLDxon0Apk5rO6cY1eJ0Km3GR6OvCHkm6ZhOQDMJk38hvsnU1+ZzYywcwgZmRyDGDKQDp1U/TNThMlcuGtGpiKu2YU0rvnjeh84g==
PBM7OGVVoOh8CBpaPUFsKPCQiO1rMLYDSHML8DVxS4LhtcmjM3s7Db7+xSpWTssk23b/Cdh8htTrOn3OYUzmHA==
PBM7OGVVoOh8CBpaPUFsKPCQiO1rMLYDSHML8DVxS4J+6eIGKZaBRnhQn0pBCRNgyLllwrdUKZgj2SckrMw4jP0iIoSPr4sVkIPYGcSIc3U=
PBM7OGVVoOh8CBpaPUFsKPCQiO1rMLYDSHML8DVxS4KZWuiJnaz6ztlknQoMOM/h89uPMOlqOihEw5Bwq/5kZa0Q/c6Z52J7wxfOCK/BuU4=
PBM7OGVVoOh8CBpaPUFsKPCQiO1rMLYDSHML8DVxS4IVqNIcv/X4bqqarYQ7VcvGuzFsOsrOhwuUbbO5/A+yhpaihvDf1ZMkXEcQmwPhtdu6bbgu7mgjQ3S2OnIW2PJ9AAt3/iS3HUaCtM1u83m1GA==
PBM7OGVVoOh8CBpaPUFsKPCQiO1rMLYDSHML8DVxS4JmWHTrrHMgPwakKfYabx3oInR/H6xhcJ6tmhadZIsmlA==
PBM7OGVVoOh8CBpaPUFsKPCQiO1rMLYDSHML8DVxS4KbwusvPM7HQ3hS0lU+3namDPv7BLNpl4jE2k8TfZLwzA==
PBM7OGVVoOh8CBpaPUFsKPCQiO1rMLYDSHML8DVxS4KJheQl25pWPuhthThmN9UkSFVmmw16EPBHjtDP66l8VQ==
PBM7OGVVoOh8CBpaPUFsKPCQiO1rMLYDSHML8DVxS4IgRryX5WXQg9TMiTxfs2gw2isoIzljT/gpflt++7R2wQ==
PBM7OGVVoOh8CBpaPUFsKPCQiO1rMLYDSHML8DVxS4LwQSTjnvpR59seYfxQVtPaXY4WIPzvuTgeMK0D/zTw+g==
PBM7OGVVoOh8CBpaPUFsKPCQiO1rMLYDSHML8DVxS4LQML4LsRUtyHCMHGw+jzc2ZREjAJylGZJafE+EZY17Kw==
PBM7OGVVoOh8CBpaPUFsKGMoUqXXeaz4nnQxeTAiWxu+dGy8geo+aZF1nXZE60436USNu3LL4oRlVOOrxs/lb6qkNUAYz2YNWAwUBK4pL6c=
PBM7OGVVoOh8CBpaPUFsKGMoUqXXeaz4nnQxeTAiWxt7rYMlCtoA2dGeNE1HbTiI/sg5LDg6ejRgn2sO8VC7US1cZGy1/avCjdCMnOHhUG88OM2oZTpLFHChAoZEilKesH5V24wBRNoMQkM8CxGzrg==
PBM7OGVVoOh8CBpaPUFsKJW3A6HoW2HjBQoRbDjv/DGrbmkzze6NoODQN9cNbMJVXLTgE7WHuFqQo/81JHMXA2BACGTVLcUeIRik0krigwI=
PBM7OGVVoOh8CBpaPUFsKJW3A6HoW2HjBQoRbDjv/DGe6S13Zy60nPQxBjHdBbYCC9M3BpZF6yQvQ2Px9GKfTt6pa0VflXqxxGnV88wlRQGePp9IxtAkcRMvBGo+uOAy9gEK7FUrV+pCAST5trTMdg==
PBM7OGVVoOh8CBpaPUFsKLa+RtKJq+Y/l7gDF6adSkgcXG/PKx/K68VykwD7oNb72//klBYgLxY9Y8rkoRvB7uv+ABMaW0Fj+wuC68RZkUk=
PBM7OGVVoOh8CBpaPUFsKLa+RtKJq+Y/l7gDF6adSkg62CLA4vF7slcPulF/DqZJm95QjX2BbVb03x2yv6JEcFqRMn0oNOcYfzNDN3e25+tH4sJdsGMKeXKGw5DJAgggt2Rx+HqpTGvpixjoyhw9Wg==
PBM7OGVVoOh8CBpaPUFsKOGcqNCXEUJEYKTCiUgEKpugW6KYtwwieSx4bF4qIrGB1PV2adajcxkNCQjpGIza6nmeqEZK0sl9eguWBbA+qMo=
PBM7OGVVoOh8CBpaPUFsKOGcqNCXEUJEYKTCiUgEKpv2T29tDcYZ1QyTFl3cz4KiwMBQ4TNq3asuYh2nthbinKssmt4cm/iBaXG8wXKRJe2zDTUSubokqhwecRlo6F1sSuGslKYdwTxd7HxyTBhuwg==
PBM7OGVVoOh8CBpaPUFsKG7x4sQHKO7ZabF4NuhksRL4EX12aHeB7TIDBK1YWDDYXDAB86CRUOelO6hat1pZ/Yiz1VUSqsp7FB2kadFwsC+2XPFYxzp3wacYtCGG7BJG
