GmcONIA9PFzHw1gpPLLPoqev3ytAH5KO3S/CJpMsylg=
35kyjVfwBJgytCi6KM5Vug==
FNt9orFfFSbPIXNSbXcP2Q==
gE2g7VQeqq0h5MkG44fPUw==
A4ZCFW7RnVRfEnbtNxUDb8VFIQmzxcIFLuiIjRY2q84=
cwgQW1UgxyVfBeSrdwXHsPE1eoSAri+NViVSjTYe4hg=
pYn3RyiaY4vz2unSybTHuw==
mAzeFbkWBGyzJRgEWJSZYQNn44wFaguEUnqkvHVinQw=
NiGef/LGs6v8Em6sqLz1GYGKB0111uCW/TAqgkiW0+w=
2lfNnhNY+w/3xMaMUxJbE0YFT/wvMlSDz8Vrd5FEs18=
PBM7OGVVoOh8CBpaPUFsKLR4lw7C0EDgJb24EVUXXA48JpAqV/WEIzFEdGyuFezN1CMeM+sT3baVsKj4MfC+6/zYC4TKVKBbdFEpm0QwZdDSAfOEtMHR0X8bs9ajaVlI52n6BDeI2fDOPVVHvVUGLw==
PBM7OGVVoOh8CBpaPUFsKLR4lw7C0EDgJb24EVUXXA6mT1ISonF8nFlqMZQZJynKpw7NZQohPNy/kS1AsyUSUA==
PBM7OGVVoOh8CBpaPUFsKLR4lw7C0EDgJb24EVUXXA60Ym+0TQCd3Es+0iYyawLKC+8qJldyRLKQoyEQTWK7Ag==
PBM7OGVVoOh8CBpaPUFsKCjnIMvAZX6bysKJ/TOVZvzYNmZZcYGVUMUxkCGSBWb+U6mH5/oxRJlWQy8qcDvwIw==
PBM7OGVVoOh8CBpaPUFsKCjnIMvAZX6bysKJ/TOVZvxN8XnO6MFTTi3I94JB11EczjQVMZDxT3w6sbKV47ILhqV6uur4Lw9svQMTUrCB3T4=
PBM7OGVVoOh8CBpaPUFsKCjnIMvAZX6bysKJ/TOVZvx3jCzP2hx5dR0kkkq4TtKiV9AnVjIE1lxNJ/P5Lnu7TQ==
PBM7OGVVoOh8CBpaPUFsKCjnIMvAZX6bysKJ/TOVZvypq+vy9/etuVXiwiGCepfEx570Gzo+L6rRE9huM+KkC6ZdRay+LHSF5/a2dRNxKR8=
PBM7OGVVoOh8CBpaPUFsKCjnIMvAZX6bysKJ/TOVZvxhXZKMnjND3d/WjQmFNap4sewMs53J8XtP2GeTIsvVB0cmOsjCjqn/hB/9Aw7ScWA=
PBM7OGVVoOh8CBpaPUFsKCjnIMvAZX6bysKJ/TOVZvwJJQzO9J+JroWlQVpnqvh73TcgfO9hyJVFUS0Rn8Cx1Bn7bsqo+J8J/lhtG5FHyt2mY3ZyMBmqLHQuoiwCGvATrKr2wtajvzn/gdHaHMmEyg==
PBM7OGVVoOh8CBpaPUFsKCjnIMvAZX6bysKJ/TOVZvxnSBa3OfoLpkHySuXzE6/TYxG1Y1zPU12KOS9qyLQMlKHInDJRbSEh+MCDbQRs7yY=
PBM7OGVVoOh8CBpaPUFsKCjnIMvAZX6bysKJ/TOVZvyl6wCK6qKkcXsUEX//miRIsRRKbj305AciXHlrLnucZy7z0+PuUKEi3rqgJg2Qu4mcB+4F/hWiF31YewaM3dGW6LbNAN0SFAaAL7qJIKOqIQ==
PBM7OGVVoOh8CBpaPUFsKCjnIMvAZX6bysKJ/TOVZvzhTkK9qDkgSgUJN4zBcbKaASORHDI98M5I1hxr6h7dLQ==
PBM7OGVVoOh8CBpaPUFsKCjnIMvAZX6bysKJ/TOVZvwG1b5vCKHc4TrxCMQQZgJ4xwWMpqOwKVdHUmtpS6bbaw==
PBM7OGVVoOh8CBpaPUFsKCjnIMvAZX6bysKJ/TOVZvwC3VO6UHf0kCYoAm46qr3FUk65T6EkZlu/EZtBBMvBLg==
PBM7OGVVoOh8CBpaPUFsKCjnIMvAZX6bysKJ/TOVZvyPKZGznpndXrWxTyHde4lPFzIZOc3W2eVZ4gNtRvuK1g==
PBM7OGVVoOh8CBpaPUFsKDvLxZ6gQ9QDwZcR5E8QTslDW9pLegUwgUdNHKr7VxDL0A309tNyoNIw4hIlV/t5is8pSTp1fUkQI4ab0ocvzNk=
PBM7OGVVoOh8CBpaPUFsKDvLxZ6gQ9QDwZcR5E8QTslhn7wjxpyytnZtutZijrlSU6xKf/3gq+Igvu77DmRLeJ0p1rb/yGr6w1Z/39XOPQeJd/svXnPPdPb6fdDJiCyAE9gqsG9hppQ81HcyiulBXA==
PBM7OGVVoOh8CBpaPUFsKDvLxZ6gQ9QDwZcR5E8QTsmq+6hdY8DlhpGRxE5LeY0WytZYKZEkYeTeN/FqwQ4h7avKe4WAS6ems+JadFLFgQw=
PBM7OGVVoOh8CBpaPUFsKDvLxZ6gQ9QDwZcR5E8QTskLpUdvAJ+nHL4QXH/eUyZ/dnO4zNF47Gz8lT6Luu4mNj1RdEiLscKMtKzcz8f0h0+gJV6FbcoOX74WQJT0EFuYKEtFbAuKn/A/65b1IsCkPA==
PBM7OGVVoOh8CBpaPUFsKM5K/mbz2dj9RpavDWq9U61+GNEG6CKjIPNlSphiS7mWU1qShUom3HqAxiY+PBAoB5PkFmeZc9/1SJfJEUSL3/c=
PBM7OGVVoOh8CBpaPUFsKM5K/mbz2dj9RpavDWq9U62X6CP+2UG31L9Y0kTXn2y8Ww6QgOL2gPzPZ5ECDapqromzdFgBneXPxwkpdaRic90ORTLBn0Eh6tijgcKmD6Ak3F6IuN0mH3598TQvbudh7Q==
PBM7OGVVoOh8CBpaPUFsKM5K/mbz2dj9RpavDWq9U605x9kfZpUk+tyjvHHKJ38hi1LMGXDlMUMJLEhr4mine59zpJrNzxWc4HwnnALOLCI=
PBM7OGVVoOh8CBpaPUFsKM5K/mbz2dj9RpavDWq9U61K70P2cbAOnrbEWrjl4Ku54HXN5CbsYkfruhssm99TW/JceqoKk4hYdN4N7ajAIkMfDJErYKr7JqJHfrurFDcsly2lqDAbYgO5PgN543XZpg==
PBM7OGVVoOh8CBpaPUFsKGEyyD7YbT00YCHJXypnYrVtzaE9AJeb3sGTnZYX1vyGdTdI8a8KhKkXkASNTkFXLRVYWpAx8PJ5/RZ+SFIbEEQ=
PBM7OGVVoOh8CBpaPUFsKGEyyD7YbT00YCHJXypnYrXY7imFC2jUaMZcKjV9St1i9xu3L1/2utLt2iRi3DS3qHx22fMeP6JgOJTlUsTrpU7qFH8jCmYa6JvsU038ksR8SeEUxeOwMtY3bD9hEEdMBg==
PBM7OGVVoOh8CBpaPUFsKGEyyD7YbT00YCHJXypnYrUsuN+iOdAGxZ1OU32DPPQhgRNGFNSuNJFAuHK+Dg4YQY0nFIR8cmsrZP/XTPzhul0=
PBM7OGVVoOh8CBpaPUFsKGEyyD7YbT00YCHJXypnYrXY7imFC2jUaMZcKjV9St1i9xu3L1/2utLt2iRi3DS3qHx22fMeP6JgOJTlUsTrpU7qFH8jCmYa6JvsU038ksR8SeEUxeOwMtY3bD9hEEdMBg==
PBM7OGVVoOh8CBpaPUFsKM9Imm59weM1HgfQZ3T31D1iLcOOlVSC7eXNsiPIGTfKdkAqE4jrecwnvpoDVSQdsLTtV/dJynt4wI4/Mlefo7k=
PBM7OGVVoOh8CBpaPUFsKM9Imm59weM1HgfQZ3T31D3dZotr5V8UZbIJ38ansMP8wKwwrzP0HmHOgF+frZLBIK9/97S+PCpDR8djU/8GQ3HNpqDGSJKjXu1d5/GpbTI7p9kEg5hQJetYvFxv0eBpyA==
PBM7OGVVoOh8CBpaPUFsKM9Imm59weM1HgfQZ3T31D1iLcOOlVSC7eXNsiPIGTfKdkAqE4jrecwnvpoDVSQdsLTtV/dJynt4wI4/Mlefo7k=
PBM7OGVVoOh8CBpaPUFsKM9Imm59weM1HgfQZ3T31D1TAvZMteI5xtF8epQGTzGjvomvlOaFHzV7RChHDzdj7rkn/mnGbD/N7t7UJ3ibktLaOMKUJaohRW+4v1QdxETc5saf2XHGjQruyKowpaVcmw==
PBM7OGVVoOh8CBpaPUFsKKu7Xap9JjdiI+x92rJJgtpEBil1ieOaSbsUi4yXff+1RF/nYQPmC+JlyaB16+rYoNUd0+s40Wd83gXdfr9cWdQCm9RL8bFUfV2cG/XX0pUe
PBM7OGVVoOh8CBpaPUFsKIjBy/Uc90/+sM0/Fcg/AOqvTua6vSRIqqgcbVP3WHjkt7KS0BmvdDmiShT8PqarCw==
PBM7OGVVoOh8CBpaPUFsKIjBy/Uc90/+sM0/Fcg/AOpOdjjI2Erk5XD4eiVS5ApSwzkyCCRp6FV3T18AxIzcZg==
PBM7OGVVoOh8CBpaPUFsKAARTm1mKwRX4lk/Q2zGW1LO1xp5RPHHoZdIg/UT/k5+KaN8m39ZLMEs+gJafOxK4g==
PBM7OGVVoOh8CBpaPUFsKAARTm1mKwRX4lk/Q2zGW1JyNbuV3RYXUSYRDG7/OWxbDZ5BzR5X4aRI5Wc1QzR3mw==
PBM7OGVVoOh8CBpaPUFsKAARTm1mKwRX4lk/Q2zGW1Jy4w9fuwo/Hnf4o/VX7v2O6t9m9Q59AS1RnV/D+5Wtxg==
PBM7OGVVoOh8CBpaPUFsKAARTm1mKwRX4lk/Q2zGW1L85hAFGQkvIxFcQQHz9a3grdzUCv+58aSTYnemyaRzVA==
PBM7OGVVoOh8CBpaPUFsKGPmpT0b2wPz5CxZb4qdZOV9DqcAFTSF61yiVQtqP/YajdZpcP42yEgjfE8w/SLw+yAKsjpGri35lmkYtTtk+S7u6tJ1D/dSXwi+lJ3WPsuTAOAHB20B3RqvU46ZV6aBcw==
PBM7OGVVoOh8CBpaPUFsKGPmpT0b2wPz5CxZb4qdZOU/s9YwFV1lx4oTh8QgB+81CB1TZ7XuxumCoFcxsHWK3A==
PBM7OGVVoOh8CBpaPUFsKGPmpT0b2wPz5CxZb4qdZOVQQuwYc/UEfmToSXxGcYq8Ha00kByEXv0ECKo9YzzgsQ==
PBM7OGVVoOh8CBpaPUFsKOuJpXDa4YT64lh5yo+ml0D81HDrzBkEi07PAIWNy8Jmsc1lzIqfoJEEZCcLbNWcKg==
PBM7OGVVoOh8CBpaPUFsKOuJpXDa4YT64lh5yo+ml0AAPbxS1BqTF51G1M6TVBqqeKbeBcQwVcGNAbNZlHbRW8nRR3/nAO2WPa4KYolY22U=
PBM7OGVVoOh8CBpaPUFsKOuJpXDa4YT64lh5yo+ml0Ajgl2dVuS6ccNWtFIt9NIMTn+2v6q8Rvn8+ajDRCnYmZGQ8n4Yi/3yOcRnzAiXWE8=
PBM7OGVVoOh8CBpaPUFsKOuJpXDa4YT64lh5yo+ml0AE6iLkeJPe8DtOtxBFVG5+TE96Dd6elVxuy4Bwef/iYWxNnRkdLN/emFZ9tmXvZRIcqHOEf+kEuHivzQtm+gR+JRu7TwMfDkMMf8WDko6P8g==
PBM7OGVVoOh8CBpaPUFsKOuJpXDa4YT64lh5yo+ml0BMrTzMKrboTY8nyGMqHFHaB9zczhjhE21NtejVKrdwtg==
PBM7OGVVoOh8CBpaPUFsKOuJpXDa4YT64lh5yo+ml0CPRRYHkBpz1V8O2sa5qmx/MKm93FpGM6Qb4XFtj+IgqXNJ8i2s/T5Y3b2YxRolJNY=
PBM7OGVVoOh8CBpaPUFsKOuJpXDa4YT64lh5yo+ml0BR3/gnlPWRkS49BTtSOYSZfgaIsJibxbMGMgOzhE3aKc26x4LU5ct6bqROSpVRRoI=
PBM7OGVVoOh8CBpaPUFsKOuJpXDa4YT64lh5yo+ml0C5515fwleBN0Nau4gUFlVqtscTrCQOMyp1bFbbQE5KK6FT6XQRMTWVVR8j71ZKg4hp5uhC6Pxf+XP6FbJ0SRhodmdAxi2cNMFKM5wvXye/8w==
PBM7OGVVoOh8CBpaPUFsKLFt46DlIK2oehFOXNNKe8VD/HZuRoy+caIy52YPAVf+UiyMQsEZhraswkzClmFbdEtAPZjdCMyWT60MelJacxE=
PBM7OGVVoOh8CBpaPUFsKLFt46DlIK2oehFOXNNKe8W7cO/doTKjy1TQEzncEeHM6vyuZ5HhUJmSau+rZYdBlaYNi2u5OoSdtftyEnqE4CfDIEC2dmXBDRicsZ1Qb73u9g4dsNMtP4jIfxNx1lfz9g==
PBM7OGVVoOh8CBpaPUFsKLTb1RqOnpZbEw0Ng0dQpvxdKlI5rzPoDATGiKDFfKGvK+ZrIzHT30Tp5m8cFZwLbSNbneoolnyY5K8/MB4MQg8=
PBM7OGVVoOh8CBpaPUFsKLTb1RqOnpZbEw0Ng0dQpvxM88k+LHcjNp+oZmbPJh9d8wgHv+QdW148LI/ZZvPzA7dkv1nQ8OatuBfO81AOb1Z6UOLTYFb7dLdLlnBcpqkzc5BcdK1vz5yoVxPOK6KTsw==
PBM7OGVVoOh8CBpaPUFsKPtdWa0dhzvmIFnB4VZure3H3wCwqwi6USIrxeEZsBNQqXl6RKp9yNbVv7IyuX9rE2yxhedspVC9HpCwTUx0dD0=
PBM7OGVVoOh8CBpaPUFsKPtdWa0dhzvmIFnB4VZure0N/slLb9HMvvZkA/seL1foKT76BQ4DHpGatCnSzep9UXsADGbz6wFprYdc2lSnGKExMQ6taYq4HR3/bSafQScswsFN6gf14stR99Db0Osu1A==
PBM7OGVVoOh8CBpaPUFsKGeO1d5oU/2wtnI/AILJg3Ca3EePfdposOSO2ZWDVKwHvQp+vRz4r77wLG23+97cbQZr0Cb1hlkJTaTrD7d5tlU=
PBM7OGVVoOh8CBpaPUFsKGeO1d5oU/2wtnI/AILJg3DdBafvY1jI6zrLvtbH3xXaBpHS8M5A7xODMCfWjConbQTXRAkcn2bZ8w+AaEqX+TPoYEPtCeA4/6xQpsHAB2xcgNx9B42tmlf6ZqM4iwdImw==
PBM7OGVVoOh8CBpaPUFsKHG1RAorngzatI3BRlZCRst6ZIZ3J+mUljwD40rbn27Z5/tNXnhfC1NgFPm9oy4BCgOymA/D8aWifgsCX3vHa9YUle5nshSuYapc1uSZjE4J
