GmcONIA9PFzHw1gpPLLPoqev3ytAH5KO3S/CJpMsylg=
35kyjVfwBJgytCi6KM5Vug==
FNt9orFfFSbPIXNSbXcP2Q==
gE2g7VQeqq0h5MkG44fPUw==
ExPkcbYFeYs2lHSAMsaJBjIbQm7FWZ8YCSkKK1z2aPs=
cwgQW1UgxyVfBeSrdwXHsPE1eoSAri+NViVSjTYe4hg=
pYn3RyiaY4vz2unSybTHuw==
mAzeFbkWBGyzJRgEWJSZYQNn44wFaguEUnqkvHVinQw=
NiGef/LGs6v8Em6sqLz1GYGKB0111uCW/TAqgkiW0+w=
2lfNnhNY+w/3xMaMUxJbE0YFT/wvMlSDz8Vrd5FEs18=
PBM7OGVVoOh8CBpaPUFsKPFUFvSvCgvCsZi474/HHV/9cQjPC12x0NjQTH2+HOFDpnuXCBcjt54QovJhzW5xG7hdDG54YmGZ76O3YstBNSswFZ7ymVgLyvjtA8RuVxReSOqzILGWHYdsn5fzwCyYOQ==
PBM7OGVVoOh8CBpaPUFsKPFUFvSvCgvCsZi474/HHV+FfzKODh+SZEdunWH5ojFzDXCReqJpMgxdsxPZzXWStQ==
PBM7OGVVoOh8CBpaPUFsKPFUFvSvCgvCsZi474/HHV/VuBU8EZq2Gp9WzF7mclqlwcQ9TFOAfHsIDoOF5n2qJA==
PBM7OGVVoOh8CBpaPUFsKNs3+aKMSaQFLFbyVHkhYxpBY7sgaXUZzV6Tka01xiY9OVb+6cmFUjltM58ifEujHA==
PBM7OGVVoOh8CBpaPUFsKNs3+aKMSaQFLFbyVHkhYxqkvFtBnVtL3sVvjnycqK5c1Xp/ga0gjpei6CwDdtQMJyfbFw1sN0kWNKRYARRwE7Q=
PBM7OGVVoOh8CBpaPUFsKNs3+aKMSaQFLFbyVHkhYxpBT3X0d0ZmOkDByvk5KmyjGgpUHbtZF3iy0DkW0/6juQnqWAHDbQejEWuTyLWKVaE=
PBM7OGVVoOh8CBpaPUFsKNs3+aKMSaQFLFbyVHkhYxrZblvAwkppZLkKotT63BFXJJJ04KBUIf/eAfw9fCp0fFI9816loSmrbw3lrIQdgSJqBd50TEQfLzfS8oBitUeZmSrxPJ6Q3BZay8enegZNow==
PBM7OGVVoOh8CBpaPUFsKNs3+aKMSaQFLFbyVHkhYxobTOoQXPhMY2atGYUb7QjCH+LXFyNffMXrQUhWcNQVmg==
PBM7OGVVoOh8CBpaPUFsKNs3+aKMSaQFLFbyVHkhYxonUqlOGub8axLgaoPuoJ53WUcK0XZUcoWLNyyPErMkMUQRBcevI7My9Zd17ceCEbk=
PBM7OGVVoOh8CBpaPUFsKNs3+aKMSaQFLFbyVHkhYxoilNy5e9j8KVakQZVuWVTt47S2Paj9XfPWN4PCMuk4h7irzukLZPYTL+PYD/cjyRE=
PBM7OGVVoOh8CBpaPUFsKNs3+aKMSaQFLFbyVHkhYxoBztAELW6z2EYupTKD5HJ46f0b2rqTik3dgw6X+f6p90z+gEu+ImVbf33cXmRbMBXB+pWdpCGfNLlM5pE//s6ZvnS4CFs/zKm4bXHWPlnhEA==
PBM7OGVVoOh8CBpaPUFsKAnwJwmXaXtNihOOWRhvwrGUedg/iUuT6zHx4PKYJBLPyLdjz3xGo7NGhdCIkhBxHesjkf7HsjCkWrFtNutBp30=
PBM7OGVVoOh8CBpaPUFsKAnwJwmXaXtNihOOWRhvwrHULV0GVA+rA9MUgCeSMnxG9lviQD6E7nAgAjt3J58mFTbT9//SNcAZfnaj2c0MZdCSzY2QrsLGM49AZwYSiJ1vDR+qyvK8fhr3JcO3hz4unQ==
PBM7OGVVoOh8CBpaPUFsKEpVjjCt2jI5austa5wIwYc1gGzoomoil2joljQR6G+Xc9WLXAcdKAaQ2PwkpyggsLHBFj7x6RRhEoLYZRUsNaQ=
PBM7OGVVoOh8CBpaPUFsKEpVjjCt2jI5austa5wIwYccHDGeVgq4nI9T0maX5Lh2sM43ekG7l3xn+OLwI19GisGYfEjQ1Z/PbUsrta4EPvMyqQY75zFoam2Uvwa9btI/z2CpPOk0zimAOfBxhcUh/w==
PBM7OGVVoOh8CBpaPUFsKOQo4t3H6WRpEHicbHSJYuCtrh6MI+ThlA8Uw3C6u0rJUn5xxlWeWAlanv9XQoGJI5CtOb4dzpixktCi0MOPKAk=
PBM7OGVVoOh8CBpaPUFsKOQo4t3H6WRpEHicbHSJYuAPXVue4LpSCWP8DtYKCo5nTHVsS4HbLY64bKJHpTb+VKxrfvreCzPM194R38BfyKN1J9brtg81/aTHE0JfOT+GWzICvbL/4nKC4n2Urve/yQ==
PBM7OGVVoOh8CBpaPUFsKOSqgehpG1quAyNWRvOBGTp3mePS5fxbLSLG3e361FYYvqvxeNTqv6HwClSPg6mdpyRFtxu0FmslFVvvTVk/kMs=
PBM7OGVVoOh8CBpaPUFsKOSqgehpG1quAyNWRvOBGTq+nf56WUX2cA7j/R991M5r5EnRvDtviXFsV5icPJOz7lU0irKz4F8t588W4VDG6C2NSoUwULVsLCVWG/l3iE7gJ2+hhJCFj5jUspX6d79LWg==
PBM7OGVVoOh8CBpaPUFsKADFtFihIS53qUryFiOMP/4nJcfZ5EUtvc3nbfszdLo9mhle0PK5zL9gNg3PYnloaDqoP2DNYPdChH+WAKgx7TaG+NuPWHD3P3jrML8AP8mG
PBM7OGVVoOh8CBpaPUFsKKxlLml0wSeXr8b/FWNLid3h5Nd79xZo2hOev+Fvj/w+kCaswOEXOUMRh9KK01pQj2LQ8k+SPBfzRXr+WNhESsZfnym0cRrn6xxVXktSpP/2SyzJHs/3RvXflzq3LmU+4w==
PBM7OGVVoOh8CBpaPUFsKKxlLml0wSeXr8b/FWNLid10QIQ6EBlITGBc/5w0QUW6v5JgF1Z1120jR5RoS3eL2w==
PBM7OGVVoOh8CBpaPUFsKKxlLml0wSeXr8b/FWNLid0xt+oC+B/6Cws+cACT568abT8XhSpKbtojUP7iMuoT4g==
PBM7OGVVoOh8CBpaPUFsKKxlLml0wSeXr8b/FWNLid3IuYPafhT0GcE9YCMnieuPgxuNvaMpB0/UgGCPKkHRvg==
PBM7OGVVoOh8CBpaPUFsKKxlLml0wSeXr8b/FWNLid3ap+yaOTOhKTxunNj/A5i1+e6RGq+PhQbL1YddP94r7t1fvX3RUHfCOu5E3EnN9zw=
PBM7OGVVoOh8CBpaPUFsKKxlLml0wSeXr8b/FWNLid3TACyuFFAHOrHHq2PEkcVd3IsUu8We8E2fTiDsigHrEDqKXXdXYYr9a8BpzogyPs0=
PBM7OGVVoOh8CBpaPUFsKKxlLml0wSeXr8b/FWNLid0iJvCmYz9ijyjFYjZDkGjkT3qCv4A+LsYOxCCb/SvK+26b96Loe7cLCuGB+JeOGeYI83ppduUC4D/SjjhAbOk7kbwmfWGfYUaAkskvSTRZaA==
PBM7OGVVoOh8CBpaPUFsKKxlLml0wSeXr8b/FWNLid2AfzsSXpMTvv79GFnbekqOO51M0Hdwp9Ul0SVJGxy0TQ==
PBM7OGVVoOh8CBpaPUFsKKxlLml0wSeXr8b/FWNLid086jt1+zEAtgn7KaMeh1LFQGTbMREZhwVhx5FId+0tLOzA6hYWYfN3fmn8vtLMwKY=
PBM7OGVVoOh8CBpaPUFsKKxlLml0wSeXr8b/FWNLid3Deh6AXFqmyzpIse4tuFqc0gvYNvdmbx0JUoW/XW2ChMfqzalOr/ZLxsdoiF6GdLM=
PBM7OGVVoOh8CBpaPUFsKKxlLml0wSeXr8b/FWNLid1St394qSHVe7zT1Gp51C1B3noIj8NOMUpfCFfH68lRfJCcM/RzbdESPDNtQ15hP4llcqx/5OdUZrl/aLPvyPHy1UP4Pcb+o4QZaowez2m9Bg==
PBM7OGVVoOh8CBpaPUFsKPAnGmlE4UdJ63jVISAQX/0ZQhtlKUhmLsG6d74rAfw6Ja287g5qR22ml8KWmzyKT+Pdqt7UKTLMEXUpxv2HBSk=
PBM7OGVVoOh8CBpaPUFsKPAnGmlE4UdJ63jVISAQX/00q7LDOATsuhk5uamymta/A0AAVkHUUUBY/KL96TDNxUAgvr8nncOrEO2mAYM10VOiY+qeBM5nJuLSexG0aG4yOSpfk0ox3av/jWoOaQFIgA==
PBM7OGVVoOh8CBpaPUFsKI7rTKClG3U/MxrbFETJHXtRAKvKYaqwhtkEq0KgyZICpdO6hwzxM2O6jtX0MQhy9W72Sf2qn+HBAVudzj54RKg=
PBM7OGVVoOh8CBpaPUFsKI7rTKClG3U/MxrbFETJHXsnvuI9LhwmFagju5RRHH0Kk71E/Eo9hmEi1HsByfsj+v7fuU8yJ+B1X/RM0M/yP9Vqk/nqbBOoxvDkmx1+kdydXZEPeAVvzf1mz9vZhcrAfw==
PBM7OGVVoOh8CBpaPUFsKCbut5CLO2t4Jo/FOivymae61/qiDBiw4eIHntB0m/sSWG5ELup2L6oiyw0ycXMZ+TuL10FTEAseZGAPJNcnolc=
PBM7OGVVoOh8CBpaPUFsKCbut5CLO2t4Jo/FOivymac8MYOSBOYDtDD/43ZvJ7LHBETt2E/FhGVV0HOJTekOTu+uGVbNLdzieV7KBsKE5cotVBLB3nTYVuYyWgVpFrIIO+YrjGzWc/V32i0PsnvUqA==
PBM7OGVVoOh8CBpaPUFsKJNMpiIEXHToGWQHDjCldzr11AGgY6FEoElv8OpOj9my/XeYMH2K1AC3dMytoCdC91WUBSZ1sM8UXGyvGy5G+Hg=
PBM7OGVVoOh8CBpaPUFsKJNMpiIEXHToGWQHDjCldzr1tzoaaXhJSeISREzJKlxcrcmUypCYRFvnHyoFr/ALRn1rAKAvVIKhFidIc7phfDiD5EMM43e1cFvP5sDpe22Y4QW1AY0IFEyn7gzWrTI5Xg==
PBM7OGVVoOh8CBpaPUFsKCbKpnOFwTrUJn9mUZTNgLR/CMXSLQBrxLuBEXzNqcJVdR9y7SVbx2VW9gWvXhU9e/pEYABRXxxfqXs/XwDL28rh2D7WsGM4rLucpRsFuW0R
PBM7OGVVoOh8CBpaPUFsKGPxQxTpHQhafVKNG2BwLVerU3slAChkqkHqA/m0FRqC8ZDMonstPP72fYpiOylfhQ==
PBM7OGVVoOh8CBpaPUFsKGPxQxTpHQhafVKNG2BwLVdwhHQwHeYOPuQqxIDoiGGfAEMgdpfEnV5wYJW6D9jIVA==
PBM7OGVVoOh8CBpaPUFsKEV1kqdCK88LCRnEgxVD83cvgWRWLTo7WlQOPw64NVWQgoZsOhdnVeS9d+lTgvg3Dw==
PBM7OGVVoOh8CBpaPUFsKEV1kqdCK88LCRnEgxVD83d9yA9YoN31bD3XhNPgt6bz5DFzyjBzA+xlQ/hcSb8GgA==
PBM7OGVVoOh8CBpaPUFsKEV1kqdCK88LCRnEgxVD83fgcaXzYIrblIVZwoR++vU1a4sOsc74cC4CItImebQ9ZA==
PBM7OGVVoOh8CBpaPUFsKEV1kqdCK88LCRnEgxVD83fGxJEe/+OqoKhR6SgQBFcZGokk8nDHZcdJ7WwVyKPVdA==
PBM7OGVVoOh8CBpaPUFsKGwCa9GPMd2db9oMpRQ4LOkXdwkFafu+gUT6bmSBjhLVv33Tqi8Zy4UQH+/Wma50HQ==
PBM7OGVVoOh8CBpaPUFsKGwCa9GPMd2db9oMpRQ4LOkJiCYKV+SA9GwiRgAJCci7uHmasHzbYNfnGMEhHu+uww==
PBM7OGVVoOh8CBpaPUFsKGwCa9GPMd2db9oMpRQ4LOk5zRR4bsGjGFZn2KraZeU+P5cSj1zmuR2JpkaHukLE7w==
PBM7OGVVoOh8CBpaPUFsKGwCa9GPMd2db9oMpRQ4LOkM9GKhYzgCjW7WHxaPW5K6L+/YY1VS7AVNIvJlCCIg8w==
PBM7OGVVoOh8CBpaPUFsKGwCa9GPMd2db9oMpRQ4LOmV19idjP8x2GuVXHa5HUS6JsUCACwrCIJwhdGeVUMlUQ==
PBM7OGVVoOh8CBpaPUFsKGwCa9GPMd2db9oMpRQ4LOm/bm8UQ9adm7oespbgnmc1302Yt5/9Q/8uk6xHs4L1SQ==
PBM7OGVVoOh8CBpaPUFsKGwCa9GPMd2db9oMpRQ4LOkHdLTCMc9t0uEPuCQ6tRAz7y7ODajMkQTNX+seZmoY0g==
PBM7OGVVoOh8CBpaPUFsKGwCa9GPMd2db9oMpRQ4LOk1tEYp7ROok474/2yQJCFLMW4Ya5Krvar9KqAgyjKQbg==
PBM7OGVVoOh8CBpaPUFsKDA3jSsTh/rFQcFHMU28HkPM2xmr2Ya9pyuPbMlg+MhcJWXr7QyEiTwkVBpIJWT7yQ==
PBM7OGVVoOh8CBpaPUFsKDA3jSsTh/rFQcFHMU28HkNAugBVLWdQ8FmBi/KJvrDhcTIqJmxIaioKq5NhgdFBrw==
PBM7OGVVoOh8CBpaPUFsKCV/bhOcZQNkG3KMAm83gFyPqZqbE4GG0NF5ImEAnlAMuTetpkQ/aXlzKWpnHsiQHg==
PBM7OGVVoOh8CBpaPUFsKCV/bhOcZQNkG3KMAm83gFz7iCa5EvJ3Cwcc0mMdi+00dJeKctB60WnRSLak0iGiJQ==
PBM7OGVVoOh8CBpaPUFsKCV/bhOcZQNkG3KMAm83gFzbXLCQ+KseX1b3G2zLMxVC5RIq3g9+oFOpCJ0YFeWHZA==
PBM7OGVVoOh8CBpaPUFsKCV/bhOcZQNkG3KMAm83gFxB0ug9z5IwTkctL/CWY6iVc6sxSC5Ep1/jQPcnUPqinA==
PBM7OGVVoOh8CBpaPUFsKFU7KpnLzOSjFmXeE9NzqHeD32kUa2c0eTJRDKyOPZEXLUk3FYnh+fF96sHzYaXEDg==
PBM7OGVVoOh8CBpaPUFsKFU7KpnLzOSjFmXeE9NzqHdw9b3+OnlDeA4Lgu+P9FIqMw3IijUEF5cVvdKD3+8f7g==
PBM7OGVVoOh8CBpaPUFsKFU7KpnLzOSjFmXeE9NzqHcUm1HGtgdEyaVVw/4BJat/vys7g6nqcw1M/1XJUgwAdA==
PBM7OGVVoOh8CBpaPUFsKFU7KpnLzOSjFmXeE9NzqHeeOsWtMtO7YA06dNJLe0dxl3rDB6w6kbHKd/pSRN/Dhg==
PBM7OGVVoOh8CBpaPUFsKPPqTz6Cr3FOgGDn88zF/xJtWI76coRtwDmvFK55ax5nyd/D8iphSpUENkEE+kQUGgQVRca/odz1bzmjHLXRIj3oaG60VOJk5neswGsrVvpZHNX7P9p8gg/7GV6HCrN/iQ==
PBM7OGVVoOh8CBpaPUFsKPPqTz6Cr3FOgGDn88zF/xJkOGdM/ASB3G74PPK/7KvSyTxGzhxqqGXmlHu1h+JMBw==
PBM7OGVVoOh8CBpaPUFsKPPqTz6Cr3FOgGDn88zF/xI5eFkSamDJq2WjNVxMuryHz/dRNpU67esJ+0gYTkFU6w==
PBM7OGVVoOh8CBpaPUFsKGH2JKOgXniUjR+y0I+c1IunOUoT94yfC1aF9kgoQsJQveia2A9VDPSsU7HqQjvjUw==
PBM7OGVVoOh8CBpaPUFsKGH2JKOgXniUjR+y0I+c1It41/9ts2Zut1dKLQhfguaTMQjKu/6NfRQf1bYv0fhNZuh+GRO7BdjIFwjmAFncPHo=
PBM7OGVVoOh8CBpaPUFsKGH2JKOgXniUjR+y0I+c1ItQ1p6ovr+EKUNqh4Js0iUAHGM5E4Uq6ou1ryBJN9UN+DAjyU06EOajrfog1mggmuk=
PBM7OGVVoOh8CBpaPUFsKGH2JKOgXniUjR+y0I+c1IsjOVhLnCeKIHj5zKsUwCbKBks0usjAgFSVgAimJhoqiA==
PBM7OGVVoOh8CBpaPUFsKGH2JKOgXniUjR+y0I+c1Iu5JpEqcjA44C+IYms9qRNzZpJZHyI5XQ9lDK0zxiKjPLtAZ+198WjOJmpjNL7B/Os=
PBM7OGVVoOh8CBpaPUFsKGH2JKOgXniUjR+y0I+c1ItzR1/rqlzoIp/ouzw2Irg0joGLvuzQ1j+BojSc4LCaakFXVHigKWecixR4F+ExnTtC9omNu+2a9ydvvXym2l/6VvB/lhCwSgPdjJYjFkDB/Q==
PBM7OGVVoOh8CBpaPUFsKGH2JKOgXniUjR+y0I+c1IvnI5Ef4nH0Ipiiz1FL1PLZYA3Sn5Cy0s0vsb7NA/ZfIWjLD+sJtPP8MMCena4WE9s=
PBM7OGVVoOh8CBpaPUFsKGH2JKOgXniUjR+y0I+c1ItQN11/ISbI9K71jW2mlCBhoCiYHgWCd9Rw4m/gD2BnFdBk1hwpZCY/Zb3ceLj423JmDmuERW3jur/8xJY7MNsEYP+1G5SfObCm5vlHCORacQ==
PBM7OGVVoOh8CBpaPUFsKLrJFTN5YjY1/sT6UJbTgckRUokg6Uzj8GWUxVDOu3a3n78cXw4R7x5pskV13gQX1Q==
PBM7OGVVoOh8CBpaPUFsKLrJFTN5YjY1/sT6UJbTgckmRKh4kYrpdlc7G7Zd51z/wqKdyJZJC6SocMSfYi3a7w==
PBM7OGVVoOh8CBpaPUFsKLrJFTN5YjY1/sT6UJbTgcnfYLw39BmRskohBqF2hYXfm3Y7y5TBvYzhl3n6x8irlw==
PBM7OGVVoOh8CBpaPUFsKLrJFTN5YjY1/sT6UJbTgcmLZbQKY7vv6uLPxXyzhB+NndYSdd0wkACm9yZrDA4c5g==
PBM7OGVVoOh8CBpaPUFsKLrJFTN5YjY1/sT6UJbTgclabA9EEuQdy4f1UkvN3oKeZdP9MfArYTDHzQ4iK5WxEg==
PBM7OGVVoOh8CBpaPUFsKLrJFTN5YjY1/sT6UJbTgckk1IehSHM4Euz+kvx/nfmF1HkmHVCWWUXzcoLd8X9I+Q==
PBM7OGVVoOh8CBpaPUFsKNgdblULSMb1R01rAr573rUmFSkBT6lyNRVMURbE/eZqSN8I7CcQoQ9ArCES75enPa9eq8Erddvpsfs9DBrI9G0=
PBM7OGVVoOh8CBpaPUFsKNgdblULSMb1R01rAr573rUBqbXGnWzQAV7ijxqPA1uaqUY2ZBto+U3l4gQ7vZJgqGgQ1qjwUTyN4E1nxx8XIOFCOh63qlaNBgRZGrpaYVvfKEuLlJDC3/DfU9STOU0yFQ==
PBM7OGVVoOh8CBpaPUFsKNgdblULSMb1R01rAr573rWUNe4ekhwv+VNMkasIa2rLyQfT82Hw4cddBVEc2EZapRJair77R6pPlLuA9/A7pqI=
PBM7OGVVoOh8CBpaPUFsKNgdblULSMb1R01rAr573rUsllzELa2/kFUHOD3geQYttYugD+Amxq10yU6n/c4Ij69GK/c0h6E7yXxgxb2woFCTgk1nAKHEXr0cwS47J+W7OGs7/TRmrujDvYmQRDDv+g==
PBM7OGVVoOh8CBpaPUFsKJ02/br9X1BsjbQblLG+2NHNJ8fJbbiDMY9L9R4V+EA/UknVJRLHvdWPyAlHoQkIIHwrBqHbMI59jZz082axZMo=
PBM7OGVVoOh8CBpaPUFsKJ02/br9X1BsjbQblLG+2NGisjCUu8j0ObBCbKYhdly5saiC5+T++Msow/OxkOwgPZ0Oogx52ey4xNSgMTibTU2Go/PaFDfra3qfoQRVUpCprjnCMdvm64tpx+RajCClFQ==
PBM7OGVVoOh8CBpaPUFsKJ02/br9X1BsjbQblLG+2NHDoxnChVnZoIZ/RNaKGtbUIU0K+KVsPmTz4M4p1mqJnLPcmjzUQNP6APfuvxuN5WA=
PBM7OGVVoOh8CBpaPUFsKJ02/br9X1BsjbQblLG+2NHjCwhyydBmH30HIVfIWETdiaPA2SYaBggxOWNSa/nbV+eg3kluQnWvQA9DK5odEKSRFpWq4dXveSou7dnVjR12DNLxNMV/48gH6W3Jh1wDpQ==
PBM7OGVVoOh8CBpaPUFsKHBolxKL/7WLwLi83u6y3d/dUrZ3U+AILnX3g8XUFvUn/nwfg9bi79j/O/S0Y/DGqU6RX7hci5Ksu7VEtKZXeDY=
PBM7OGVVoOh8CBpaPUFsKHBolxKL/7WLwLi83u6y3d++xEsncS2jU8d/4ehORsTpQQEpIyONesdyNTY2XbHg9IQEIQ+Yca8s1jv22KcqxfL74rLedrAF4/qI9eb0KxY26yr/9WtaleA175w1giIpfA==
PBM7OGVVoOh8CBpaPUFsKHBolxKL/7WLwLi83u6y3d9Z2bEthHqrWbZf/GDeaSiZv2IAs3A0llfu2ud5oPfk7hdnOnv/Ugv1LOE7f9mKLbU=
PBM7OGVVoOh8CBpaPUFsKHBolxKL/7WLwLi83u6y3d9QUht6HNRF1bX8xxaLUfYTdDjIsFeOtYd3XFjIUreZ78hbe8IgqxDCTFFVI3A1eLKSzMzUZvonR5Kdv26HPR5pUFtsEO6mWHI/nFe6276TiQ==
PBM7OGVVoOh8CBpaPUFsKMV00m6QjND2uLO/JrlNQVDCYWYC3NUa9eEqmBMiTbeJykjF7cNnUU/MLP+nbpHQNLe7wJXyXpID7H8DAicorsY=
PBM7OGVVoOh8CBpaPUFsKMV00m6QjND2uLO/JrlNQVCKPer5gP2+AX+9ydjO91a1jRs9jMNFK1cZyeM2W7+lmpKIBsM7xprQ5bSl3YFRv2H0k/VwkJIElba0d2Go2n82pdUEM+w/KcaPndbSGSbB+w==
PBM7OGVVoOh8CBpaPUFsKMV00m6QjND2uLO/JrlNQVCzkgZZ89P27coObnWv0ZAsobv2Pq32oKnbq/e6MZKIsaHgBP8duK5NWGu2FCUU768=
PBM7OGVVoOh8CBpaPUFsKMV00m6QjND2uLO/JrlNQVDbV40LHlA/NJycIBLbLicVX9zF2avZgYdqUNEVGsbLvs4dEbPUm2ZPouz5vFSVfCgWan3prwzVWELXA2UeX2xTUVShrBa6sexyQsLJUcHGaQ==
PBM7OGVVoOh8CBpaPUFsKF0LiFCf2fvRRi8yZNUUrzezcaXoXaQD0UZ5JSo6CVqXF5A2ABxYPty93PmQzpmpb5ig6sOZuULXxq0X59To6LfFmYsV4Tq0QS2wzRp9+oI2
PBM7OGVVoOh8CBpaPUFsKN/nZEnBw2XTWO8zOrg1MDW7lBtm8CqrN+ZRHJ+A+0g5pOILW7o+hGYKvjal8ABaZcSn4uRKshgy2W80Ok9x9Ohgwl3KQv3LM1FQl88mF6Iky6cTotfePuGQGCcXCV6gUw==
PBM7OGVVoOh8CBpaPUFsKN/nZEnBw2XTWO8zOrg1MDXHig0quKHjeMteMDYI8wJi7KeyUBlStuG6LTbaPJwK2g==
PBM7OGVVoOh8CBpaPUFsKN/nZEnBw2XTWO8zOrg1MDU/4T/vusxhZx1Pus/Vv3TVxfFXeaH9swh8fQrJuQJwWw==
PBM7OGVVoOh8CBpaPUFsKN/nZEnBw2XTWO8zOrg1MDVA4CEyoaFBMaO74ZfJ70FH21I8kvtYFtOZErXfwYzySA==
PBM7OGVVoOh8CBpaPUFsKN/nZEnBw2XTWO8zOrg1MDVyEyVfgTh4Umze6EhXIYcN1s8hPwME+qQ2/JimB3ZtMX3yA4STpQZdVl3sDRdSJjg=
PBM7OGVVoOh8CBpaPUFsKN/nZEnBw2XTWO8zOrg1MDWikBRdNfJcAi4tJTyJP5xL3fJ+UI/EmhS5bg+6DHXy4lPbyuxECSO3ei7+38QVvx4=
PBM7OGVVoOh8CBpaPUFsKN/nZEnBw2XTWO8zOrg1MDVw3VwG52vlg92K62MGyo4p0np4hDbKNZl5A+W+qMrwN8V+G/I5ab1A/KrbV1Es82CWJUCZaHceFBYM8nb93D4n87jskLH1CddrLs/eqZ/eAA==
PBM7OGVVoOh8CBpaPUFsKN/nZEnBw2XTWO8zOrg1MDU0AlRQp1gbzpqrvl7yzJ+KXUcmhx9R8prEbU27rZHRIA==
PBM7OGVVoOh8CBpaPUFsKN/nZEnBw2XTWO8zOrg1MDU2lq7YODvPxVM5jgGvnb9f1rygp/fb1lw31mo+uesIWhTbkFabQCGRi5rP3SP5B+I=
PBM7OGVVoOh8CBpaPUFsKN/nZEnBw2XTWO8zOrg1MDU7SlU6yT4qI4v4ePtkgnn9P3pSCBdtT4V2g4nLKsd7JF1sZ90mrpS7SR/Zpz/iQWg=
PBM7OGVVoOh8CBpaPUFsKN/nZEnBw2XTWO8zOrg1MDU7JCfQiX1c330o3R93HjIlaHtaNXGhzPKUBJGbQKv59CJAkzOFGmNynUy1+rDLAsHHbbevVhgvPqbWq71oqOKzc+DTKCMIsyq8eC6/pqP+oA==
PBM7OGVVoOh8CBpaPUFsKN/nZEnBw2XTWO8zOrg1MDW+6mkzQsWehH7XUhP3PQx1kYWYRQVyy+dz/dEBbVqSEQ==
PBM7OGVVoOh8CBpaPUFsKN/nZEnBw2XTWO8zOrg1MDXPoBLoPNv8gahpH27d7N/10VhwUJj1jTJ2oicmwzWrSg==
PBM7OGVVoOh8CBpaPUFsKN/nZEnBw2XTWO8zOrg1MDXglSRCQBiJE3kCaTTl7utfodrMc2bTMvumBKrpWLXwqA==
PBM7OGVVoOh8CBpaPUFsKN/nZEnBw2XTWO8zOrg1MDXlMfBdk48IDnGDRjzcHsIXbSfd/SDxKhBfmdMqYm53xQ==
PBM7OGVVoOh8CBpaPUFsKN/nZEnBw2XTWO8zOrg1MDWYbDEvP3sN87TVNUHHFmdupbOr7RjaS0BJqz8rK0KbBw==
PBM7OGVVoOh8CBpaPUFsKN/nZEnBw2XTWO8zOrg1MDURoEzZ1ukWEuPlnlBiSIX6T3TaDSbdi2AMriSoTKDYZw==
PBM7OGVVoOh8CBpaPUFsKMtbOykdSatec8O+abSkmtmnqoM0Z9a0ZdbgDLRg/Yn0MGF7dErOh++2uUxyKdy4JGm1oKER86yV0surymUL314=
PBM7OGVVoOh8CBpaPUFsKMtbOykdSatec8O+abSkmtncr6twEOVl/PsZjJg3ggJ+C9w0YDwVeRaqWHAj5E3ycUoUg6OkVKZ5O+64UEX2y/Va5Mg4p/ahST9mQ34/QK6NJgxWe0SJxXfC7PgGlC8pYg==
PBM7OGVVoOh8CBpaPUFsKPq+rOpDo82aQYnPafYh5q+KM/k5jIy+ACNmZh9d1x2Q2heILsOkxcjzNP9fIuW0web+Mq89v7KYhBuN7dVUQLI=
PBM7OGVVoOh8CBpaPUFsKPq+rOpDo82aQYnPafYh5q904mEZbnL338LzdCa0fLUU/fc/nUfaOdDcSgal5wbFUb9oCO7gnJztwoaxqKg+X32WU5hx+c942sIDYGdfUQ272xev8nYTYI6yvlarcRZuHA==
PBM7OGVVoOh8CBpaPUFsKPE7Ul/J0JnCw0easUQaq/ZADkOza4eHRqzkou97o8gS7s55aMQniIOZGZ4C5y4A/KycLzWawvXPxCeMirnFjXo=
PBM7OGVVoOh8CBpaPUFsKPE7Ul/J0JnCw0easUQaq/aqp2P/jQQzPvWSABFI6NAXKRkTTKchB98QHiTHIYIlu4Y1m/d1WD19edtEjpU1yYR1+ulGzvBWUImF9ys5pUipgO/Ke0/+UfRZa95Z4/Q/fw==
PBM7OGVVoOh8CBpaPUFsKCsFUbaKWvsP9EVoDOjtSf3SO07+RNhKHk5ykXEk7XVTpFiSodGgIdiWUEU/WxPBOI9oczQ7K742fHF1reUx+rs=
PBM7OGVVoOh8CBpaPUFsKCsFUbaKWvsP9EVoDOjtSf07LrF1j81YFSInWSPZNVzyJs42vFVJvNADZ6Ka7klIA7AXibEya2cNHYW/zEQJI1bPPfi48V5ljNL6TgkX9r9PIijm0A2cNGn+ZHa9C8hpFQ==
PBM7OGVVoOh8CBpaPUFsKAoNE3VL/JJDA/40dLRnqpXoq6H+GJR6tTObT9pvuwi5zO8EIgG6yUYb1HdAA7W+CsPFbUKfN1afs2IBkQG495/5EaT5hPWuUJGXKWadnsE7
PBM7OGVVoOh8CBpaPUFsKLnBE5abpwfCtTXvj/+97KlA5pM7FRetn+fMT48BMXh/KXixgOnASPDNSiMRbhQGJoDND92dgAHzwJj1RMFxlVIzsODQRAp0TBFkfSdqy2vmffTGviL2AOurG92PKPp5NA==
PBM7OGVVoOh8CBpaPUFsKLnBE5abpwfCtTXvj/+97KkobkAmVCpSwP8m6ViLqzdr3cuT/PG15WX0vrXe+HgEgA==
PBM7OGVVoOh8CBpaPUFsKLnBE5abpwfCtTXvj/+97Kntz5yVamo+XiVJSD7ThDEpYR/5PpqkJXToO7TzF3UKEw==
PBM7OGVVoOh8CBpaPUFsKLnBE5abpwfCtTXvj/+97Kn9hOjtYPTu9FbySpJIjIppFh7NGzRjKGhNp5LFmh/PHQ==
PBM7OGVVoOh8CBpaPUFsKLnBE5abpwfCtTXvj/+97KkKGl5smh0E2lxeW/ZnrCc4I2glDFD4cuWF71VADAvRsLLLDABIkA+IUrlgagcKl7o=
PBM7OGVVoOh8CBpaPUFsKLnBE5abpwfCtTXvj/+97KlXkSUmJshHgNy9xmYUIKMf8o7EQe0W0ViR8mZD7xPWx3N1ugC8cFocDFiE39kjI9w=
PBM7OGVVoOh8CBpaPUFsKLnBE5abpwfCtTXvj/+97KkZRMK2NRamS5SR7shBqBSMF+hvIHnOZqMERq22JAwskkC77g4vTo0CoXpdAHwEiTOrz7IkUwRBMfqPqzaukb0UixBi7hhFVi3ipL52GiSS1A==
PBM7OGVVoOh8CBpaPUFsKLnBE5abpwfCtTXvj/+97KmTBtpnXX+DegHJXy/idNYvm9R1Of4YpNW4dNQVGxolrw==
PBM7OGVVoOh8CBpaPUFsKLnBE5abpwfCtTXvj/+97Kn7p1MlVjO+IfIrRKPt4yt8MWNXxw4OsVbbfH2zeZ67gYbjJnSvZxZBZtbib9RXZsE=
PBM7OGVVoOh8CBpaPUFsKLnBE5abpwfCtTXvj/+97KnDVHac9Unix9PcDaCHnYd9e9PMODvANU+U6Rno4TIlgK8pXXJMZaNVeTbIhFbUDSw=
PBM7OGVVoOh8CBpaPUFsKLnBE5abpwfCtTXvj/+97Kk1Giv0sXjHuAKnlkuOZs97x6vfp81VoZfZTnEhRcMZ1si8txiv6HUhJCDD7KzZDRapaSoR7grMAiIlUGlgtzYqvKrT6qHAIRSt4OvnQGQzew==
PBM7OGVVoOh8CBpaPUFsKLnBE5abpwfCtTXvj/+97KkgsioVtXVOhAwQNFfZuUFSIIP5ea3LTMPg00muoVjE0Q==
PBM7OGVVoOh8CBpaPUFsKLnBE5abpwfCtTXvj/+97KkgV0aa5AP8eEkcyz+ItR2ECDCcznJIOxZxNP9PQWQdTw==
PBM7OGVVoOh8CBpaPUFsKLnBE5abpwfCtTXvj/+97Kl+Xf/eNQvLCd4rgiAuxZYgfhsGDMFjklVu+FeUEQbIMg==
PBM7OGVVoOh8CBpaPUFsKLnBE5abpwfCtTXvj/+97Knhwb7E9RTRRQEx0StDcwP4V64jgXUiahcmKd/fPPp9rQ==
PBM7OGVVoOh8CBpaPUFsKLnBE5abpwfCtTXvj/+97Kl4X1/zpiqpTbpBdtQjMXsI35D93k4tMDlWxRg6LxDiUg==
PBM7OGVVoOh8CBpaPUFsKLnBE5abpwfCtTXvj/+97KleZFKBxVJncnrnXTE7nuqlV3Bdn05obdekuNNM2xyv/g==
PBM7OGVVoOh8CBpaPUFsKAoN4xcq2VPoIdx2tEg+DU5kJYWgpH9AJfVCdtBol1Xjho0IHuERAXkXQ74ATfuNHkcwdoX+3xnvi3N7IMkCWjw=
PBM7OGVVoOh8CBpaPUFsKAoN4xcq2VPoIdx2tEg+DU6ZYL21meMPKPHvQiIFbFNXpxhwQztfwg5F8E2r8wn5l2sEBfUJtA5pkmaBds7w/wJ0Y87BgKJxVjxeTibWmPIqKmgbtjlhlsE7PL60xom/2A==
PBM7OGVVoOh8CBpaPUFsKIhU4+G22SFbqG63dKLJNL18BeHSolw1ctmgs1joFhzjevG5BLdiTLcFi+bFUpm5ZjyPwZn4wall6/4BCusBBqE=
PBM7OGVVoOh8CBpaPUFsKIhU4+G22SFbqG63dKLJNL1Z9idPLPNh9g6j0aAsZhekmigrXOmCitcMholkhZlJRzSLi1S3oWIFERbGV6jYcjEkgA9opHFMcSpa6V90/UdnUFowVsvz3yB2IMGZutL8Bg==
PBM7OGVVoOh8CBpaPUFsKMjZYIMXj2VugjQas4zrvpyq9i0l2jGHqGCOkLVBQhN96V40Tr6LChqDzWnbJqOUe1OqCTAouW9j8JKf5aVX8I0=
PBM7OGVVoOh8CBpaPUFsKMjZYIMXj2VugjQas4zrvpyWZnlS75wpH3BO829boIx01Wc55YR2i4GbVAvHifI5W7+L5ghKYssILIdDurKCtO41hHkna8Gz5YAMbMVaHIE2auW6+gJs7WON5aWY72IelA==
PBM7OGVVoOh8CBpaPUFsKPvQ/929HpvQvVSiIkceUlsbLrW+kKYt0sojWwxRHOi8r6EB9IM0SAIj+IvPJqtWjGNishGakNROHvNhqfKBSh8=
PBM7OGVVoOh8CBpaPUFsKPvQ/929HpvQvVSiIkceUlutkpOOuB6NCyEObt37hLKVGTbiT8znBYPcs0R/A4lvB/SNEtqZtsBvnKXcigy6y39ZclxXi0OUjU5VB8u6YKVwjIDbFF1p+wrrOk13ujW3jw==
PBM7OGVVoOh8CBpaPUFsKJ98L1wWOISQPJ6UVUCpC9fDeHu0QXRL8AYAqh8RCoyIcytlnI74kvgQUmb0fh5u5nAVHnYj3wm7Pls3JwbFQtHX2hduDTbSv+Uzeq2aHFqC
PBM7OGVVoOh8CBpaPUFsKOir7RjsViE8ZmmIOqYwbwlA3j0D6MUa2eLXuMlhQFQBoUmkdfYir5d749yW9UkddftdQ1PznfdD2DfYKb8gfS8/mXQxAKFMANcaiJy1UbAacXsyy7qpoRtzsB+w8aIZPg==
PBM7OGVVoOh8CBpaPUFsKOir7RjsViE8ZmmIOqYwbwlXQT8gCSrNy1EtF9CW5KXq8AbD03g/PiHSlgLixgq50A==
PBM7OGVVoOh8CBpaPUFsKOir7RjsViE8ZmmIOqYwbwl+hpexuLMH2Y7Y7vAuUWP0eQHXNkD2awBWQaI+la7MQg==
PBM7OGVVoOh8CBpaPUFsKLI6PqKe5KciT2g1WtHNnsNVPBbOmFs0qRSrhCjWFl8pJetQf3jTtmfV4viQ/ASdqQ==
PBM7OGVVoOh8CBpaPUFsKLI6PqKe5KciT2g1WtHNnsMmefoWCP97sAkAbCT6YSdLUzEyNQVrW1mFQxAHtAE3nOi0kb5oHWyVZ/rPNJXiBPU=
PBM7OGVVoOh8CBpaPUFsKLI6PqKe5KciT2g1WtHNnsOkVg6uM+KQ5YwkVVZgrW9F9wH1sMeTQBIoLJjjyQNE5d+xxpV9vLzFKYlyCHX6dGg=
PBM7OGVVoOh8CBpaPUFsKLI6PqKe5KciT2g1WtHNnsM9F4mP4txP/drq8y4n0Zguo1Uogabky/I+qRoIcdW95g==
PBM7OGVVoOh8CBpaPUFsKLI6PqKe5KciT2g1WtHNnsMhqJ9Y+0lkvXa0CKa4aSH4aHGTZJIOBO5W550/61fPYay/iikOFJyYO//ocKxWuMo=
PBM7OGVVoOh8CBpaPUFsKLI6PqKe5KciT2g1WtHNnsNQgg6OxyfXfdonhgUxL8+Hidw8R2Z7b1wHK9DGVjSvPoIucwFR+BJrc8LPLygXkPB+GXeCcYNc3X4IF2kiA3XlXaGaE08ORrUG61Qw22FdFA==
PBM7OGVVoOh8CBpaPUFsKLI6PqKe5KciT2g1WtHNnsNbsenNBtEId1QdCdCAjBWRPIN3rA9tqsnKwLeXZGOF7Nb9gKw3sljh+QSdYi+064I=
PBM7OGVVoOh8CBpaPUFsKLI6PqKe5KciT2g1WtHNnsNQgg6OxyfXfdonhgUxL8+Hidw8R2Z7b1wHK9DGVjSvPoIucwFR+BJrc8LPLygXkPB+GXeCcYNc3X4IF2kiA3XlXaGaE08ORrUG61Qw22FdFA==
PBM7OGVVoOh8CBpaPUFsKLI6PqKe5KciT2g1WtHNnsNs0EC3pFgHNPGzCgEAXbTYz0Rn+cn48ntbR8dBm8utjQ==
PBM7OGVVoOh8CBpaPUFsKLI6PqKe5KciT2g1WtHNnsOzayazhEI60gqrmjVyFxTle6Y/dj5rJe61JEZXvllHzQ==
PBM7OGVVoOh8CBpaPUFsKLI6PqKe5KciT2g1WtHNnsNmn7BY8u4nM8eqwFKS5xhwMfuXxLaCNslvQLig+hPi3Q==
PBM7OGVVoOh8CBpaPUFsKLI6PqKe5KciT2g1WtHNnsM0wkpxEoOYHeXRyrd3SfkMDABWAyhTDBmj2RZq1QuejA==
PBM7OGVVoOh8CBpaPUFsKLI6PqKe5KciT2g1WtHNnsMQ1J78X/ypQXnuflff+hQY6ScexiA6IPvu4SGMtBlFVw==
PBM7OGVVoOh8CBpaPUFsKLI6PqKe5KciT2g1WtHNnsOiL3lBzAugPKEPIySqppCyMqEThAJBBmuABkeVq1v5CA==
PBM7OGVVoOh8CBpaPUFsKLdYMKbBUOqed2D3oBX3ivyQQy+H9qU9v+4FGiHvHhVYZXPsLk10cxOUQ/N/YXfOoMRwx1B/Fhb+fEoU/TojLNo=
PBM7OGVVoOh8CBpaPUFsKLdYMKbBUOqed2D3oBX3ivziXwx+uelsoHThWTDdjcJ3ekW/62Pef4Vqx7LHQmm6RJrvXTlId6caRnDM7C9ohO4CHwDZciaiNPmQ9ynBzpNE6cSAPLmEqdm99TwJBbJuBg==
PBM7OGVVoOh8CBpaPUFsKLdYMKbBUOqed2D3oBX3ivzxBBy+ESof4MQzIoeQDlLsrOMCgH2uk8Fr3KQ9XwH2Oqj5JpRLZvDMUu3Fr1FTP/Y=
PBM7OGVVoOh8CBpaPUFsKLdYMKbBUOqed2D3oBX3ivziXwx+uelsoHThWTDdjcJ3ekW/62Pef4Vqx7LHQmm6RJrvXTlId6caRnDM7C9ohO4CHwDZciaiNPmQ9ynBzpNE6cSAPLmEqdm99TwJBbJuBg==
PBM7OGVVoOh8CBpaPUFsKO47JdCvsd2i8k/XZ1kDrB26S24p/kEX1Dv9E9fI2o+xT1hPO5XMICe5B+nthb9ESXsFvqashLU5bwkVtcIcxkU=
PBM7OGVVoOh8CBpaPUFsKO47JdCvsd2i8k/XZ1kDrB0dAXIkhYwiF3SlCI7wgLYcxY3Z5soluc9gHocb4Ir6Ad0KeYDMfH5QVTMeaLGpO3Mj8nZ2lb5txBIFh2bjH4bTm9L3IyE4huBXs7dyp8RaDw==
PBM7OGVVoOh8CBpaPUFsKO47JdCvsd2i8k/XZ1kDrB2nn3oVxooeKa1DdPbUUmnJSzq90Oe8g5KcWoWtOxhJKar1uq2jfrpgNlXQz6QRFYA=
PBM7OGVVoOh8CBpaPUFsKO47JdCvsd2i8k/XZ1kDrB1WbYuvz9lBZOMq+UhTlgCRcGLticu/vndQTufUIulT6rZM5opNt84bfDRnoYLFKmpN5GCbK6eYn6vOONXDJKlFTad7fNGCcBagbPFCE1DTXQ==
PBM7OGVVoOh8CBpaPUFsKI0Gy84P6MpUQ38D881JpN6MaHJPtYt7+Ye4s9frg7zcKdhdz1Viisb/rWUajR2YnOBuDqRxhO/zK3QjfpWnQHQ=
PBM7OGVVoOh8CBpaPUFsKI0Gy84P6MpUQ38D881JpN45bP5linDZKU5+oJtnwRqVu0qMeVnlPYCEBc6w2XRkb0KGu6quF5KFEDI4AZ7A0pucZE3V9svUdf2eJ2qc+os6bXaWhvASPQSTHD/NMhinCQ==
PBM7OGVVoOh8CBpaPUFsKI0Gy84P6MpUQ38D881JpN4zr2OdtXfE7BzqQvkUkhjFSJDNlvrGK5NHhUPfZpMZRIXuNU7jsYE1/yEbs0NGwXw=
PBM7OGVVoOh8CBpaPUFsKI0Gy84P6MpUQ38D881JpN4Hmy1NtgS1zb7DtGsLuec2P9+IAqhbxFgKPsLoMbhc+poDCRjYfN2xfw9E+He5cmQZ/1mHdjOaQCH3Mp1SuXOHZrltJHNwCZSK/wTJ5XSDkg==
PBM7OGVVoOh8CBpaPUFsKLbb/yCOta10N1VpF9eDii7FHm+MY/OAhGf6BsP6NgiTPyzucf4KUYk51fi9G1K2L2kooGMoebE4/MCQ2kh7/8I=
PBM7OGVVoOh8CBpaPUFsKLbb/yCOta10N1VpF9eDii7QJI36R6Ui7rWGcUvaNXpOxm6BLkf7Ae+DhGIPGfFz1jQ8ThNWrFDKmAw7PKLVU6Rn8DZ/J7h0gEj07ouQJFZUYOVjE2jFzkiNqJ6FJW+DLQ==
PBM7OGVVoOh8CBpaPUFsKLbb/yCOta10N1VpF9eDii44GbzxQCD2kRmmxe28y5daKOUg8HIaOgP2zUMeZVBEHC/FZcVV7A9TpozKp0NYUJY=
PBM7OGVVoOh8CBpaPUFsKLbb/yCOta10N1VpF9eDii4KocILTHzvJNSCT9qQoSye1bSBiqeHrpNJWVZz8XaNMD7nKHrvPTBf9hSGmIdF69Kpk+6y9FT8xM8nBscrlYoiuk8TLIh8YRaHt/gQiW6eTQ==
PBM7OGVVoOh8CBpaPUFsKCTWJ39eucn8tpnCfElmaHCUUd454rzcKtxwV42wyobHiTO+fJunjfX4XlNLPkKuGX2wvIc3CKK6FquzRZcXbk/KAb/5ldg34SerXqDvsoEP
PBM7OGVVoOh8CBpaPUFsKLSgjfhxlfgsI+Zu86T47vcMmeUsAFGE+Zs2crWgb/xm+ChNgGGMOtROmZPHUT/p/MO6qo9sbKAt3w3pUfix2/8Ae6+qXVvIFjkJoAPwsIqPHygJbnWXMwXbUXYtE4QjPw==
PBM7OGVVoOh8CBpaPUFsKLSgjfhxlfgsI+Zu86T47vfd5ZVk5uF8s1SJbqTc+VFY6ZJu0G/Vp24XQbDHU3U1sA==
PBM7OGVVoOh8CBpaPUFsKLSgjfhxlfgsI+Zu86T47vdzpOYO0F6IFie6G+tE88hiNW0YW749nFgrjI7Qrp/hcg==
PBM7OGVVoOh8CBpaPUFsKEgdu0T2emQenbyfUmxVaKYmjQViz2UIWnG6S0YzkxqMhgx1WFjrkkulXvFvWsIbvw==
PBM7OGVVoOh8CBpaPUFsKEgdu0T2emQenbyfUmxVaKbCbI/ODyvVsq0bgDTG1m/cvXcOgVpFoR377SgTfcg9phE2dUnXTYj757rFKjv7EAw=
PBM7OGVVoOh8CBpaPUFsKEgdu0T2emQenbyfUmxVaKaEdNx2hOlp9tf9ID7t6WMEEsgzKe6Z+LoQH8p9rST4tYuWUmN2L+wldVXlgbsP5PA=
PBM7OGVVoOh8CBpaPUFsKEgdu0T2emQenbyfUmxVaKa3LvJHQPH1nuOYChTsWeE0H4jgvpoVzQroyvFQMiIiJw==
PBM7OGVVoOh8CBpaPUFsKEgdu0T2emQenbyfUmxVaKZMPoyPzL5PEMZ4vJnwS3/LZAnN/ma4fRnk0IvNu2f9lJ5+HW9+hSFkUaNxMALdIjs=
PBM7OGVVoOh8CBpaPUFsKEgdu0T2emQenbyfUmxVaKZ6YHfnx5zTozTrcPEaKsfZK36LtppbD1cU+3Wv1Ktl4IkO0KnY+jcz2BLbCyw07ju/4XCp3pEfrLa71AzZrSWtLSmorBHftIi10nHNs0RjAA==
PBM7OGVVoOh8CBpaPUFsKEgdu0T2emQenbyfUmxVaKZQHCFMh4Gb1hxW3ja378/QfJbwUJOiMG7sHgfOZnSBcaZR1Wp2Zisi6QoH2hiZTCk=
PBM7OGVVoOh8CBpaPUFsKEgdu0T2emQenbyfUmxVaKZ6YHfnx5zTozTrcPEaKsfZK36LtppbD1cU+3Wv1Ktl4IkO0KnY+jcz2BLbCyw07ju/4XCp3pEfrLa71AzZrSWtLSmorBHftIi10nHNs0RjAA==
PBM7OGVVoOh8CBpaPUFsKEgdu0T2emQenbyfUmxVaKbgqObHAzi8JeAqJn7ln8+ynHjf3zw2gqIGszSiTCNK5Q==
PBM7OGVVoOh8CBpaPUFsKEgdu0T2emQenbyfUmxVaKY6H3f/HqQtTtseBdGw8pe3jSfP3GEqrmhkLR9hrtZAwg==
PBM7OGVVoOh8CBpaPUFsKEgdu0T2emQenbyfUmxVaKYSD3mhZmGB1J1KhQ+EAq75COvHf0LJ9S30GOOfp6N04A==
PBM7OGVVoOh8CBpaPUFsKEgdu0T2emQenbyfUmxVaKZYPNdpXfmEeUbmwV7lX79NcGmo5GChGgkKUhURX8Li2w==
PBM7OGVVoOh8CBpaPUFsKEgdu0T2emQenbyfUmxVaKYLu3+zCLhXGzsN2ZiJuVay8bn6yrWJEvXxOYvCLheTQw==
PBM7OGVVoOh8CBpaPUFsKEgdu0T2emQenbyfUmxVaKYclPc6hPuxdXybSyZK3lf2HpjS5blM884ct+cfdiI9+Q==
PBM7OGVVoOh8CBpaPUFsKL3ARRpyttXR9qiGH8HqFkUXlqYR5HJ3CXA7oDHXxkiKTp7vRBCctmLXl6bzWYicY6QnhZELEop0wvkAuca5R/M=
PBM7OGVVoOh8CBpaPUFsKL3ARRpyttXR9qiGH8HqFkVMXoiybpS82FyjfTt2pwD1G0ZbcGEw9DJDGZnsqgdb45CgkqPaxID1rRuPlOtZrvRA007ssISsu+kqZ1iLRgzkS8+bplSR3EMclAMV9ELRJg==
PBM7OGVVoOh8CBpaPUFsKL3ARRpyttXR9qiGH8HqFkVmAPfd4TwSZcMPB8kWAjz2gh0Es5nCB6CUnsRhXw6dksSTMufxP0pYZsUGFBLXWdM=
PBM7OGVVoOh8CBpaPUFsKL3ARRpyttXR9qiGH8HqFkXWQ4wICRUsBxuQgE8f+I+u5FV96H7rVvRNrdTO/K/UPZi7JQLF+pf5StzsG/rtJGjGBQjQhyKFmAqC21SmyR8rtdTThBpyPbYemtXHjrH8YA==
PBM7OGVVoOh8CBpaPUFsKOeWqflH6LPZDz4fX/bFyG1usFpG6bPB9LD0m6Iu8x9HZplR1cFVS4XSCzgGElITafhd65Sq4BId4Yy1cGMszxA=
PBM7OGVVoOh8CBpaPUFsKOeWqflH6LPZDz4fX/bFyG0V+BcyCT7bOEvE6hcOk2dAEshomSn2QnWeRymS75M3HLwrjlEGDnMlxjd2V8FaKBSfKsOqdYH/liULuzPGDAaGryeQoM3MYeKqpeTVPWbPdw==
PBM7OGVVoOh8CBpaPUFsKOeWqflH6LPZDz4fX/bFyG0dWp6EO2U/0jnz/eWlZ7aOhBU7lEzGExbXOGvxxlwksPRzXMz6F6IyYZBVa8+A1HU=
PBM7OGVVoOh8CBpaPUFsKOeWqflH6LPZDz4fX/bFyG19ryz30kTOi+X0Nu1HfDcJ87zAlyDUB9F226Whf57mipwEKasy86I9F5RB6DP/+SPxWTkQHgF6/DWAPgHiQRjkgGvDtpAbFXCJLFnnNNZv4A==
PBM7OGVVoOh8CBpaPUFsKEvJu03EByHqStj1lVrX7WsC86zMCu08Nr5d9qvLHmWhL1k8jb5RP5neEWNpcKWNb3PvBrzDROL1Hqr86YqAJJo=
PBM7OGVVoOh8CBpaPUFsKEvJu03EByHqStj1lVrX7WtaDuDGA/0azs0v6YMkEwT3+l6zcZZBFdsKq54IzPLZrZxT7AEtSQkMKfOibr3OUOKtTErAt37ArXvZA0o/jdBYIesUMRxZonVvUNKjy1hIsQ==
PBM7OGVVoOh8CBpaPUFsKEvJu03EByHqStj1lVrX7WtbWFHFLtUq1898AFaYma7IRe8gNH0CP6C8Td5NUz43W7r6cE2SgruBCS8QB/r9CL8=
PBM7OGVVoOh8CBpaPUFsKEvJu03EByHqStj1lVrX7WuNkKt5YP/tjpiPSIgqbCmrGQ4R86+IttdrQHxBlxv81SA0w3E7y4f6NdGFLBbdx5RwvjJcIayJU/w2kalvIw+o2baUFtke2xT9jkftqFfsMw==
PBM7OGVVoOh8CBpaPUFsKDfOZS7D3FaeuviGFOMqWkXdh7auDrx19z9ab9XscybqQEySbHHRnnCZSthuYcrbGrHV5diMniPTY482sPTMq5E=
PBM7OGVVoOh8CBpaPUFsKDfOZS7D3FaeuviGFOMqWkVh+WHmL1BRZKsZjYq94gulCna9JMuZ/RLEsxE3CwRMXSHSj4QZ3oA5cPIXhHdmcD9vAJqJID7KsYJbHhGfzplrEpThIPZLSZ80bzTSUA1GoA==
PBM7OGVVoOh8CBpaPUFsKDfOZS7D3FaeuviGFOMqWkUV8AdiSVQc/LNX+YK5KVRn/dBZ2O9MeJLtHMbgvZGOZo8ld1YU41ROZPXIXSNqqMY=
PBM7OGVVoOh8CBpaPUFsKDfOZS7D3FaeuviGFOMqWkXcfcCUjK2wcQ4xiDUs2Qo+m/9VuKGmMsPMw2K1veMPQQ/txIZ8BKyFeetPauiepnuj054gju8AjBRjz6gucem5mjGl749EowIy7rMMuRQ2xw==
PBM7OGVVoOh8CBpaPUFsKOT/RjlPLMJsOe2BWxrJz2CFN03qk7FqlpNZ7FhqPZuIx/IxZy5An4VBTZkhBlcgp8/fzeAyeS+l9paDMZ7IyAz8R3fOrRaosnlfnNKPUlyc
