GmcONIA9PFzHw1gpPLLPoqev3ytAH5KO3S/CJpMsylg=
35kyjVfwBJgytCi6KM5Vug==
FNt9orFfFSbPIXNSbXcP2Q==
gE2g7VQeqq0h5MkG44fPUw==
A4ZCFW7RnVRfEnbtNxUDb8VFIQmzxcIFLuiIjRY2q84=
cwgQW1UgxyVfBeSrdwXHsPE1eoSAri+NViVSjTYe4hg=
pYn3RyiaY4vz2unSybTHuw==
mAzeFbkWBGyzJRgEWJSZYQNn44wFaguEUnqkvHVinQw=
NiGef/LGs6v8Em6sqLz1GYGKB0111uCW/TAqgkiW0+w=
2lfNnhNY+w/3xMaMUxJbE0YFT/wvMlSDz8Vrd5FEs18=
PBM7OGVVoOh8CBpaPUFsKIMfs6GfaCp13fLJFV+tK3iFqF1KEOMuczLovRkK9hnE+ibYa+i6NkVLCACCMLr0W8ihb0OVcmDHH/m3HnuBWul/x6Cav0mIy11GqodXNMgZQcXFMHCX9jbpmiOcqZ23bQ==
PBM7OGVVoOh8CBpaPUFsKIMfs6GfaCp13fLJFV+tK3gjkUU3R/VhC8krD9vIZwjcF+WQaZ2h4XeHpjEZOdjAeQ==
PBM7OGVVoOh8CBpaPUFsKIMfs6GfaCp13fLJFV+tK3iPpUS9N4KQbQ/lsX0WN4ORbSZZppcwYiHuuOSRiEMkZg==
PBM7OGVVoOh8CBpaPUFsKIMfs6GfaCp13fLJFV+tK3gKjmbahI5b4CH/+hoP8rCItER57qbw8AzF06nSUl42xQ==
PBM7OGVVoOh8CBpaPUFsKIMfs6GfaCp13fLJFV+tK3jQPz0pBGaCE8ldXeiggsLEeUWly/8CzkJKKvmb+AkblmGLsU6cqEDFItdmVws4bPs=
PBM7OGVVoOh8CBpaPUFsKIMfs6GfaCp13fLJFV+tK3hA7A8mMyO/E/CpbPpdcgC3NdtokVM/RAXmic85tk3tVpN1Mj7snhFXIo+EG3CkmgI=
PBM7OGVVoOh8CBpaPUFsKIMfs6GfaCp13fLJFV+tK3hdTgjOb8Iat66QFJ1heG0U2HsllYASOSCjRCcZ7zCQBH3G7O/0p3PrFfPvrFpNxE8GBR9ee+xAnq511PiBIppWs4dEnvo8uib6WjLuRc50yw==
PBM7OGVVoOh8CBpaPUFsKIMfs6GfaCp13fLJFV+tK3jWFK7+0l5dhRiwPymfOWOBn4vr5OP8yicB7TZwo1S6Jw==
PBM7OGVVoOh8CBpaPUFsKIMfs6GfaCp13fLJFV+tK3jHQZY+ShPpSr49TI0Lt1WxiHfCXdpb2BbVhga6/FywuI9wmOVz03jWy/ZUvvO2XuY=
PBM7OGVVoOh8CBpaPUFsKIMfs6GfaCp13fLJFV+tK3hljgq6aC3zC94OzHbk4d1aGZ/6Zui2wSbZqU7ulapOUw5Lgy1GBHH2AsWU6KMbRDE=
PBM7OGVVoOh8CBpaPUFsKIMfs6GfaCp13fLJFV+tK3iENGIJRRS1hirtq8kNH7CYicRMyhkTiC4HN14PAYfjLPcOBSv1nt7Ez+XTUKK2Xs2uH1rt+/P4Dg8sT4i6lc+g9dYWfbE4LcdPpHLpOlYrHA==
PBM7OGVVoOh8CBpaPUFsKEWz14q3GmGY2Ac62VxFqHg8unESIZhzx7kj6qzO7u+5/gxY8AhEy8tkAqP2Nk3bs2UaKV4VWzGQVRwwggBPTF8=
PBM7OGVVoOh8CBpaPUFsKEWz14q3GmGY2Ac62VxFqHhXeeUrF2u4NeBx3MBimOI9KrcAAFgirKK1SJeM7iS89I+TlCHsBJsMikX2Xy2yT0zYCwu+5Ew3NtJP5lWcrHo1EYI7thH3nuwph07X4avcWQ==
PBM7OGVVoOh8CBpaPUFsKC+RezRVRxZSJyoTxnu/i0YmYacq4i/lOL4SPWthQMlTMlgXct8yXRh1rq0ZDB5sDW0iohLc8hY4TDpF8I+pS14=
PBM7OGVVoOh8CBpaPUFsKC+RezRVRxZSJyoTxnu/i0Yi49a77zcyIb7yWI2l/GItwCBEiAqh2DzJeyL9iiDJiygsxMHhUxCroEqxLhdvMkEDJcGWQDwMk77QJ7fB4ylzO0cDtRkl7DlV0+W8I11q2A==
PBM7OGVVoOh8CBpaPUFsKGXrwO58aynCfhOYMiwRFLnCz0UAHGSs/o38C1+tqIHssZuq035H2avm4xDeU8o7/4YAi8K5kkhJuGMZ214YBVc=
PBM7OGVVoOh8CBpaPUFsKGXrwO58aynCfhOYMiwRFLm9dpU7HaBXAosy3Bu23zoAueBEYmBlajyIIS9GU9tKQihW23FvzNSTSN7g8X2deVFZFVZbVfebmPxWbVt2HGCLKeeXI7u/puUP8o0Yj9gGsg==
PBM7OGVVoOh8CBpaPUFsKJnAmdJgYcscv4QEB0BllNa8Y7loA6q2NzDm7MNvblVKMQ9CCO1G9lTeV/dI8nDs8/bd+8+um2oddnP0Qz4dlFM=
PBM7OGVVoOh8CBpaPUFsKJnAmdJgYcscv4QEB0BllNZ4HOAvxA0rXdNo7Srfo8wjN3ehT4aMle1ElsXV+TjTrd7qsBEnJb9bfSxujLQT5yzn7Si6g6tCKr74DFa1r4AITxi5qHck97GaX1TVpgR7BQ==
PBM7OGVVoOh8CBpaPUFsKJzh5GEaABSk3ODxY7Kow7p/PI2yh++A1VkkaDm0hR+9fZHAuk3o23T84U9TpS5lbiKUtyjRna2ZIhAIjm1Byh8geYdSax0S2+WsrV8evXMF
PBM7OGVVoOh8CBpaPUFsKB8jIs/3ibyoAv64WBmo+dEqsyLfcbKDTw5P3L48ZkZiuLB6ug0M4h+O4LBFCdTCG1AICgg+TEBIRFhVr51nZrAfWLEkiYRZn5ZBWCICXrbr8sjHwMeh9OP0fgdDaGKB/w==
PBM7OGVVoOh8CBpaPUFsKB8jIs/3ibyoAv64WBmo+dFvYzg6AOAupWLScUomaBWGhPuT6+p/wZ4DhMzfiWNvxQ==
PBM7OGVVoOh8CBpaPUFsKB8jIs/3ibyoAv64WBmo+dG2iDJAdGdcKOzeYm990kcghHpl3+Ip2MxzLBXmf8irEw==
PBM7OGVVoOh8CBpaPUFsKNW1gszFkJi9vZ4WfTmzwFJ5OFrN1osd1lBpalJGLkK657gif7ra8sBEtK2Eo6sraA==
PBM7OGVVoOh8CBpaPUFsKNW1gszFkJi9vZ4WfTmzwFK3FWr9i4O4EE2VFPqpU7JlucfDfCImvViHQBDl9M037lK0cmJ4XFftLqELzz19qgw=
PBM7OGVVoOh8CBpaPUFsKNW1gszFkJi9vZ4WfTmzwFJdwgiitl1qeUVbH97ZQRERj6MNRWoyLGvFvnIEDUj+3d260Gxnkww7E+Dsw0+rOQo=
PBM7OGVVoOh8CBpaPUFsKNW1gszFkJi9vZ4WfTmzwFJzBMzGrPXOY3Op8yBCe3GMEopJyC/ZnkQruZ290G9ZDw==
PBM7OGVVoOh8CBpaPUFsKNW1gszFkJi9vZ4WfTmzwFIRbWia5m0INJSJjkxIOLnrtB36Kvwkixau1I4scHBoGyZkBmxNjbUFwVf4VZuwxlc=
PBM7OGVVoOh8CBpaPUFsKNW1gszFkJi9vZ4WfTmzwFJTSU2/4SPpKNtBAWSL26ocel3QRMM91tToyUcBApo3ggzkcpGwviuOfeGPgUzTUQs+m2CUT7Ashqr2pqUfVExXa9QmoPLPrBrJoELgFSLP0w==
PBM7OGVVoOh8CBpaPUFsKNW1gszFkJi9vZ4WfTmzwFKNri/uUYxd4/nTF24IQcyzPsvDB1fd7KeiSAlJ/kANfxBHpBHOdNGCA0cRsvvzeBc=
PBM7OGVVoOh8CBpaPUFsKNW1gszFkJi9vZ4WfTmzwFJ/wooF14uicLyUYter96AlNMwuktz2Ec7hLlGrN7mQmJxdsN8ijSh7FM916vfAzWU9Lo1f/1yk7/oSyVO7hu3wXdmzA4v+xOTNBQ1sSLa5fw==
PBM7OGVVoOh8CBpaPUFsKBb3ugehfHeYPIb8K1IrPb7Ls3GowJYNhdVkiWSYCEA+FD4QRn9QPVX4oF3gYGhoJV7KkHLQrkAD75sZylhMQV4=
PBM7OGVVoOh8CBpaPUFsKBb3ugehfHeYPIb8K1IrPb5Ja+Q3YrK373G8SFTuZWXwZBtuykUpJFAvRb4ZRL7TKhcEdKiw/p131N0SkOVR1hP2qbvULkAI65hTmbCksNEnnmIJJiXd/qekBcTP8vz3Nw==
PBM7OGVVoOh8CBpaPUFsKBb3ugehfHeYPIb8K1IrPb6qN6Cu+CVlQyoIlfjQGmWkeWZujFr6ikf+gHqj2HFz4gsgajyNmHYDcN6oZmwPscc=
PBM7OGVVoOh8CBpaPUFsKBb3ugehfHeYPIb8K1IrPb4ZORO2PxVbCkzlUnjFOrUhgyQv0e+YKqQ4MC9V52MxOIaVuun8At1SyjSfIVFlPnEr6qvMO5YI3DbxyQlzPQQXnJiErooXaXJczp8JyE9nHw==
PBM7OGVVoOh8CBpaPUFsKJTprkKE+/KBdn+rDTIRLA5THyp7g7JPw+4b6rOwS9AtGjHO7hXWw0Y2GM1nPUgP6kDD/MmZuamaFafVtViFsKI=
PBM7OGVVoOh8CBpaPUFsKJTprkKE+/KBdn+rDTIRLA7GpIjTiS2P4ndLpys0A+Hwze7zy47ZbHRC5snkcWGZUbc2q/ttOiAG/4naK8xbsoOOTOHBvGWCbY4If215tRgl6uf3p6bex3BkjgbohmFDuA==
PBM7OGVVoOh8CBpaPUFsKJTprkKE+/KBdn+rDTIRLA7YsQ8NbRlZKqICMHORWt/U73llTPenZfMraVdS1fBblfVcNBYdwh8ROAgFUSrj6Vk=
PBM7OGVVoOh8CBpaPUFsKJTprkKE+/KBdn+rDTIRLA7GpIjTiS2P4ndLpys0A+Hwze7zy47ZbHRC5snkcWGZUbc2q/ttOiAG/4naK8xbsoOOTOHBvGWCbY4If215tRgl6uf3p6bex3BkjgbohmFDuA==
PBM7OGVVoOh8CBpaPUFsKOGcN4/iou5coGAkihDAI9DgDZU3LB8qhZc5ZNJnCVXs80Bt4ZR/JMBLPPZvhHfUyQmtApJUQSebYu4e2xin9Jw=
PBM7OGVVoOh8CBpaPUFsKOGcN4/iou5coGAkihDAI9DrURriaMOCYd1a4aWiBkqS6VckyADPCaYsmFCoLqShUSRxuGVGe6mpqvZKdM5bxfgX+lQCc/jaIaCOSeJL6MSV6ui2EtcxYa7/unmgXauwgQ==
PBM7OGVVoOh8CBpaPUFsKOGcN4/iou5coGAkihDAI9CvBj0d/92PsUbcsMuAzCtwjJdF7LpFnizoiCJHPP4iL5xJ4VQqps8o+ZQpcRtuRjg=
PBM7OGVVoOh8CBpaPUFsKOGcN4/iou5coGAkihDAI9DPnDSZdPZWHXXB8KJRnV6rZch8TyjyOQekdhejsuCVjo9zWOo9+hjhc2VCgq3PXoyJ/8YM72rWG7FvBGSZzNK+wdG3OPr4eEhrX27vuRRAbQ==
PBM7OGVVoOh8CBpaPUFsKKXEAq7Ffb1ntG//zfSNYiBv3itpGZAhsHmWzcbgK5GqZ/nIYF7cPyTb8+WgiTHiR5TAD2iXS8rT9RI3jo6e8E0=
PBM7OGVVoOh8CBpaPUFsKKXEAq7Ffb1ntG//zfSNYiCLd62NizGi1Xcc6VIqqZNx8U2d5ZBQ3KA8tfT6oqrRDENiScM7HfxMOwVLQO3CDVLYU19YqBg9jAAOfk4ccj40xMaj0PL4gP/1TcGy9FgmGA==
PBM7OGVVoOh8CBpaPUFsKKXEAq7Ffb1ntG//zfSNYiDSAaQwUbyk3o4JteOZgVZhrAh2Hg+HrNaSOYn+3fS7FS0DQRzPfjnG8EO0Nk2h2Bw=
PBM7OGVVoOh8CBpaPUFsKKXEAq7Ffb1ntG//zfSNYiD0hY1nX/c5U1jsf2qxSrftPUtX7sGteGYRG7G18a1gl1vVAFYywTbm5XWnzrsB+ATBvfWe6xiXVCKxt5tzoDz0f1/6l/WMMuqYKHcAzsqiOQ==
PBM7OGVVoOh8CBpaPUFsKGUvccD7+XLJM4gyOLh6aVsFrebvGbw2+AkwiQSSU8GXLt3CXSUGYrFZEaqFIOLM0xVe3+1G0QGtfeDR/1oud0++qpkwAQZTHvNWKuRfyVgX
