GmcONIA9PFzHw1gpPLLPoqev3ytAH5KO3S/CJpMsylg=
35kyjVfwBJgytCi6KM5Vug==
FNt9orFfFSbPIXNSbXcP2Q==
gE2g7VQeqq0h5MkG44fPUw==
A4ZCFW7RnVRfEnbtNxUDb8VFIQmzxcIFLuiIjRY2q84=
cwgQW1UgxyVfBeSrdwXHsPE1eoSAri+NViVSjTYe4hg=
pYn3RyiaY4vz2unSybTHuw==
mAzeFbkWBGyzJRgEWJSZYQNn44wFaguEUnqkvHVinQw=
NiGef/LGs6v8Em6sqLz1GYGKB0111uCW/TAqgkiW0+w=
2lfNnhNY+w/3xMaMUxJbE0YFT/wvMlSDz8Vrd5FEs18=
PBM7OGVVoOh8CBpaPUFsKESrEJHJC4j189/PwufEqk36r684kCN/Iv0qiPVpDUtedGEACZI4Yhrs/IJCetUdPeGwtmRoMETqFFtu3llEJq8afpJQnUtWYyIDkOMCECUavD/FGQy7v5P7KoadwOFsvw==
PBM7OGVVoOh8CBpaPUFsKESrEJHJC4j189/PwufEqk1tt62KTpSX0kO93kYcnc2xA8aewttaGngDlcfy2k9g3w==
PBM7OGVVoOh8CBpaPUFsKESrEJHJC4j189/PwufEqk2kzuEhPFYLkpP1iVXpJpIXd4+qFKlhJToLeLbB29p7YQ==
PBM7OGVVoOh8CBpaPUFsKCrDiSHJ4FkhIZ2dxZ8dWkGnLTVnfrLytcWejyGmmKMRxCkxw8Thipf/kXmnAzfwYg==
PBM7OGVVoOh8CBpaPUFsKCrDiSHJ4FkhIZ2dxZ8dWkGvInnoPVDnWBgxDgTYrL47xnpph0PUNJKYWBjSQR/OW3VnGAN3GRb/Nplym4I3iu8=
PBM7OGVVoOh8CBpaPUFsKCrDiSHJ4FkhIZ2dxZ8dWkEi/l7mQ7yRePcewnxqhgO7Jg4uLFLGzfAncoar2vrMZoCyjOXhUM8tDrImNmjDj1I=
PBM7OGVVoOh8CBpaPUFsKCrDiSHJ4FkhIZ2dxZ8dWkEg41uZGkLOyz9Y+/SOvk/8Yz1LyQDS3WxBoU/KT5Mnyw==
PBM7OGVVoOh8CBpaPUFsKCrDiSHJ4FkhIZ2dxZ8dWkHbjld7m90sxucWgEKPsNiEJgIWiUQGsnWfxd/T5VLox5KT4PypQbLUbKK19/ilsTQ=
PBM7OGVVoOh8CBpaPUFsKCrDiSHJ4FkhIZ2dxZ8dWkFzgAmguqj5JMzLRMPKQofetGFO7mRyFjctSYBnGZx9sryCOb3IL03l+8qVcqDbrlh7C/PzlRLt/YNO0umnu8OakCwqZ+bp2lnh3ltaYcaOhQ==
PBM7OGVVoOh8CBpaPUFsKCrDiSHJ4FkhIZ2dxZ8dWkGmGuUrtIcBEgRiWaea6BbK0aBPD2/xZJ/y6KidJsA2dZLyoDl532Y0FUgSkOc7mrI=
PBM7OGVVoOh8CBpaPUFsKCrDiSHJ4FkhIZ2dxZ8dWkGccp6lBE9+/hV0+6gkpfT92QrQLXK39yji20G9D6ySNxPOUJ1+AZZ+jzt8VEPEMmbj8tiIpa2bbwIK7pEgttmTnB7hI4FdFd7nvtmM9olONA==
PBM7OGVVoOh8CBpaPUFsKCrDiSHJ4FkhIZ2dxZ8dWkGJeMrsh7BOcwvL2OGb1x/fJdxGXgNL6Ubqwj4PmwczHA==
PBM7OGVVoOh8CBpaPUFsKCrDiSHJ4FkhIZ2dxZ8dWkGHXwBYhDBJFxqbKNdYavnHjyhTW/NcvZbEQ5RzSTqJbg==
PBM7OGVVoOh8CBpaPUFsKCrDiSHJ4FkhIZ2dxZ8dWkHd0a0u/LVSvYo2SgBHLKTV9e8xW3BD/Y9Ti9BOnRLdKQ==
PBM7OGVVoOh8CBpaPUFsKCrDiSHJ4FkhIZ2dxZ8dWkHhGqo+C0g8Ee8eMoeHZQuTbKUsoclmVh13JmtYrxfeNQ==
PBM7OGVVoOh8CBpaPUFsKCrDiSHJ4FkhIZ2dxZ8dWkHBzQMirSzazXPwTqUvvmkP2ExPJBqHUdZm/NxQuqsqvg==
PBM7OGVVoOh8CBpaPUFsKCrDiSHJ4FkhIZ2dxZ8dWkG87hXE9y/AmC9YazdlqrSn5XnkTkdZHay4EO60NYYKOA==
PBM7OGVVoOh8CBpaPUFsKN82q/nuwFMAVN7xqsoqD1BG5zRwlVLo/2exptUyXB9psldd7CL46A7n4TuazN4N9jIAB8cxmxKjVcNXHRnrmHo=
PBM7OGVVoOh8CBpaPUFsKN82q/nuwFMAVN7xqsoqD1C+P+nYwhoQZH/JQefsPPPRoXw9CY3dmjjsqiA4Tn3j+VlWSrFlgfseTfakFfWLyurDdFiSvVAtJ5Ol5GSwShpPMo0xlKdOqA1XE3ZuyIGkQA==
PBM7OGVVoOh8CBpaPUFsKN82q/nuwFMAVN7xqsoqD1AjX7EA41kbVeImOnlY/cQ7A7eqqi72NheLsFbAsM/vAo7cZpU+E7GNL666u8nSZeA=
PBM7OGVVoOh8CBpaPUFsKN82q/nuwFMAVN7xqsoqD1DEe4v0DrdqCs1g9FtBv3gV8pNz5OBWqjcNWKX3pTGLpU0jLL4MabzuxzGzhteAp0mDMgRFEleFDdjBCl8wBfM68lBumgKlNzaDxog7E1oXmQ==
PBM7OGVVoOh8CBpaPUFsKHTKlLRwZciNYfYS62DEdx8sclqRd6JL3aHomPO/3dpIDg7KLpzvHX4cDPUCCb8AHZYERYPMfkSMwwug6xBWuXk=
PBM7OGVVoOh8CBpaPUFsKHTKlLRwZciNYfYS62DEdx8EsDKDcut6lZuSOUahMrkfyI/VGmcn2TCNeIiSOVoeaTwUxfrSOP5w2LT/gbnfOqIjNK/Bl3ixjL7RyinYMaJWUvfRRJCWgHGx2FPuRopDGQ==
PBM7OGVVoOh8CBpaPUFsKHTKlLRwZciNYfYS62DEdx/F6m20+VntoD2nolgNZAkdnineMqwJiRCrXF69T3WhLQKbw1wHO8KgCPtHCEQ29MA=
PBM7OGVVoOh8CBpaPUFsKHTKlLRwZciNYfYS62DEdx/TyWDHMXxVau8RsReQXwYcg5BabWVmXQJrgqm7CnQ9KjrVGiCEyyipadn1VWfqpTOAPO10uXb41FER2ydZb6iJksA6WMY9RokLta+8v1wGVA==
PBM7OGVVoOh8CBpaPUFsKF/c9gRrXoENULPN+BdBJXjaE3+9dPvD98oJmHUfQpIdqruPQ+KRGkgSrVtMAnL3zqqXnsv6CYic8BNXo1u/icU=
PBM7OGVVoOh8CBpaPUFsKF/c9gRrXoENULPN+BdBJXiLG+wNwaZfhVFjIQDbDFRpLM0+lX3xXYKn36lz9s2YWqCJ44A2YEQlauZ4WryFbSfPpX4NRmsI0rvHrWTfdu2N/u8t7R763uva3GI24anfxg==
PBM7OGVVoOh8CBpaPUFsKF/c9gRrXoENULPN+BdBJXgpwm8PTaBhyjV6sXAFgq9E3EOiqclnfkxN4vLLmLu8lemJulXfOFyMZTCro6C5Q74=
PBM7OGVVoOh8CBpaPUFsKF/c9gRrXoENULPN+BdBJXjNDPXef4K/47POByZy2Kv5jTfj8JqxSKH66wxaoNRFU8Hhdwz1rZDtWJ2Yb6OGZdC4xMXbnPoo/clztrJXdyFu7HsHc/WU6MKXW609wpc8hQ==
PBM7OGVVoOh8CBpaPUFsKNZvKZ+im0BDg/aIXfOs96iizWRoJ4l1nA/4cCi6u2YPPcaALs0Hd8LA6Lsdy43whDbZwLnQ1lgzGDL+j7KBevk=
PBM7OGVVoOh8CBpaPUFsKNZvKZ+im0BDg/aIXfOs96h4AT08TdbwfUAOR+N20L2/R6X0cjD9bkrOn4YaS87TxCY16U/O7X4lP72rKYPqhDIzFpbRjoWjLR0CTzsSgjJ1ZkLxMlbH1uNXPkYoTkdAcw==
PBM7OGVVoOh8CBpaPUFsKNZvKZ+im0BDg/aIXfOs96jod5Dg5bUuZ/lHVb7aHfeXR5luHtw1AbaPRs36Z4iHrbSA+SWPXD5UAAHpRq45dkk=
PBM7OGVVoOh8CBpaPUFsKNZvKZ+im0BDg/aIXfOs96id0Jfk9zVQ6qS3KwTQZW9PRu0zOSR0R42gsQncP9FbsEtY4OEqd68/R+lLJh8uE4LQSwoFXYGY1GcZdAGacJ1iM2isGqujwXVNjXmViifF+w==
PBM7OGVVoOh8CBpaPUFsKMkLFtOglkYCP/eNaeqEVZm96J9DKUze+Cw4AWxZQzUeIh65M/kD2mBWLhFnz/ZG63NmrY1EgNOrYTi2HSoESl9/AgvgJhBLP8Zr9vFeAzLb
PBM7OGVVoOh8CBpaPUFsKF4XTluXm7xnhQ+0umdG5lKBg9lq10o6rmu8ayV4o6tlRjQBOsCA87LuX1JDVY3l0i3Ak/B1C6JuQHytlR7Cw/e8xOSfuxXB2WqSP2t0VRGN4+KiXv5fdQ378zVxTO91Iw==
PBM7OGVVoOh8CBpaPUFsKF4XTluXm7xnhQ+0umdG5lJEMW3Pe1nVb7mCyJYm2dgo6j9Uqv5uBT+oGTkfzCYR3w==
PBM7OGVVoOh8CBpaPUFsKF4XTluXm7xnhQ+0umdG5lIb6YU07OBoKDZGJ4rYDr5s0cj9+sYD/wmadTrIfaR1fQ==
PBM7OGVVoOh8CBpaPUFsKF4XTluXm7xnhQ+0umdG5lI1neX6p8ugtMBhQg7d0HR9V2qewinEH3uwKVBFm7rgmQ==
PBM7OGVVoOh8CBpaPUFsKF4XTluXm7xnhQ+0umdG5lL5gqqveZdyqAe4VxQ/A3fyupviPYB7rH00Yjcg+YB+hUTltjO9utFH4hshXGX/RVE=
PBM7OGVVoOh8CBpaPUFsKF4XTluXm7xnhQ+0umdG5lI2EX9pQDdhaULdlsWl57u7/cT9cr/f6g+jKM2GoqBdiOExPfMS2lMe7OdSzdQEgPcqUXsdeswOR8YQHhzJXFgLmCTUOVL/A7YGxwjSiZgiBg==
PBM7OGVVoOh8CBpaPUFsKF4XTluXm7xnhQ+0umdG5lIKxJK7HEtK9V/5eBO6LCU0Blg+W0xtPHiI89gIvr4ttjfXhFLwk3vUVRbdl0XVV/M=
PBM7OGVVoOh8CBpaPUFsKF4XTluXm7xnhQ+0umdG5lJ37ZnyWE1fzzg1soCQBq8rMPQjDgqo9IpvvxYorjbRcQ==
PBM7OGVVoOh8CBpaPUFsKF4XTluXm7xnhQ+0umdG5lL6AfFIX0tVQrjt5cnsfGTGcrTTJebn4werynwKPonLPfveZwpnyj49v5ycV9aqziQ=
PBM7OGVVoOh8CBpaPUFsKF4XTluXm7xnhQ+0umdG5lIVnKw/N/6oSNak31BGQ4XKp3doxfeeBges6MvLKfqxPQbe8lwOuUwy5PzpRBKY5bA=
PBM7OGVVoOh8CBpaPUFsKF4XTluXm7xnhQ+0umdG5lI3duXoUmPXf3+HFeuMAtKZz7QniQRXCcfwOgD44QE7zIIU3vC/uQG0GCexeniQTAlebRugrzlAO9vug77BGqHzBPum3Ei/NFmDOwuX2KKioQ==
PBM7OGVVoOh8CBpaPUFsKFxyl/gWw/IAVOKtFQhwM5NaV6eXRbU7cdBLDf77YjMfnfsVCvwIs35FAx1y4DxOBg==
PBM7OGVVoOh8CBpaPUFsKFxyl/gWw/IAVOKtFQhwM5Nzr9TilX/zTdtLcyvf6ihzdrm7Pj981Qgd61OwGfZXSQ==
PBM7OGVVoOh8CBpaPUFsKFxyl/gWw/IAVOKtFQhwM5OnpmjY0gQ9BsvCbdrIhGOhNFzvAT8vhe327WMcnarj6w==
PBM7OGVVoOh8CBpaPUFsKFxyl/gWw/IAVOKtFQhwM5OuuJ2j47VSTJ1ZCWUwI9q+pyAADOgUDEZDA/mYEmZOLA==
PBM7OGVVoOh8CBpaPUFsKFxyl/gWw/IAVOKtFQhwM5N0fW8XhXOWuuQp2enajE38ZalWTJIGTNeFsimnuA7CTA==
PBM7OGVVoOh8CBpaPUFsKFxyl/gWw/IAVOKtFQhwM5N8doo3KgwoKYt+kgrtem8TPeH7eeSkztSiZnUvei1zHg==
PBM7OGVVoOh8CBpaPUFsKO3PPu9lpD/2bL9Ksl5u0q+xaJxsiiQ1pNCfF2bk71F9ZV5WDyXRz4ds7w67deOTUZAr3Ft51Z+4//gJJQGrxCc=
PBM7OGVVoOh8CBpaPUFsKO3PPu9lpD/2bL9Ksl5u0q+01nJqEnq//1yhaSaIHsoCDzbhIf9CUwF9IIEAvS+41myhLSZpwUbh6Xi03hTHXGC4/PsEGIia8UrWfG8+VeatnRu+XS1v52jPizU5N0a4/Q==
PBM7OGVVoOh8CBpaPUFsKE+WLZdpVTwPetHVOG6SDVv1EpWf3g8CgFyZImcYhjnasP5vhQNp4q6hraMiwY8GrabQOyJXpTL/nfv/O1hxomc=
PBM7OGVVoOh8CBpaPUFsKE+WLZdpVTwPetHVOG6SDVtExOODdssxV0wyMrYG3Oq5JQtT1cDzTUHHbRAhmr8/3qBx/vc6DCw4mtTDJ7B93BvFByZqVLaXuUBhOqKhGAJJa4VgjtnzzLqlcY5QaK17cw==
PBM7OGVVoOh8CBpaPUFsKJ60d+yYKS/c4mRbBNWJtBoE5lUo2AUtiYQwDCx10QiiLzqBV6YsfdeCSkFzzBSTe9uYnEAfucZHDBie/p0xWfg=
PBM7OGVVoOh8CBpaPUFsKJ60d+yYKS/c4mRbBNWJtBrLFmYZqaJNdJ3ztnT9ViP14wIlwsFcJ0ic1BoQG9JUa2nB5u5QGRLf50vqSKvE1SbVaskQ1Z5IO0XEvfH6i4khJAWIHlxK/bbT85x0DmMLpg==
PBM7OGVVoOh8CBpaPUFsKHKNpr9VQRI1C1jXcFf2Y/j/MfN8fYuf7ZucHdKxwy5IJLyxneU+I3twHW8nJVjI0IISbqyodrASwmQQMDINU6s=
PBM7OGVVoOh8CBpaPUFsKHKNpr9VQRI1C1jXcFf2Y/g/xFdIrVrDSmkgtTDaf9QCWnMJrULMvZJWOwicEgvHagjw40LZcREE3RPXem3Zxh10HVFqFu68L+FuCrSTikvIGMB9XIvzcyBBtCqoreb0Ow==
PBM7OGVVoOh8CBpaPUFsKFjs6EThhM+bSeeHd4QSw071wv0DXTkMs8LMxLDmQhTBjN8RKml+jloCqIXPe9we7SsVkkjJq9lp/qibeqw++vLjAvsYvRr3ExFYulOm7Rsa
PBM7OGVVoOh8CBpaPUFsKN9eJ7hdA3RtgpVqaqKpg4cB3PGZJ13Pi0m5cZGped/pqmXB5UjKogkENXdy8lsYwg==
PBM7OGVVoOh8CBpaPUFsKN9eJ7hdA3RtgpVqaqKpg4cGsV+fN9HdobnrYD+xmMnlzo5ijglmacd7Dpi3l9J0gg==
PBM7OGVVoOh8CBpaPUFsKN9eJ7hdA3RtgpVqaqKpg4c6yxOATAkPJTrnH660x4Li/OCf0nPpJQmLP7sQju/hew==
PBM7OGVVoOh8CBpaPUFsKN9eJ7hdA3RtgpVqaqKpg4dS5XtR2mHs+FiVdRhfzWfTAJXWgyyLHV8YpahJnKj1IQ==
PBM7OGVVoOh8CBpaPUFsKN9eJ7hdA3RtgpVqaqKpg4eBv8stS/B28JbizUB9fzCXkI+fld/IjutvAs1GTV+fUA==
PBM7OGVVoOh8CBpaPUFsKN9eJ7hdA3RtgpVqaqKpg4dOWfPl2PQj08QKNAsTkMqfene6KjwhEX/MMC9QzPl2BA==
PBM7OGVVoOh8CBpaPUFsKEW+xnfgBHGF7t8KpCKWIYeFxvcsFehkAEASreTxK21xfaLd8zWpWj3LNfkJ9bDTCw==
PBM7OGVVoOh8CBpaPUFsKEW+xnfgBHGF7t8KpCKWIYcsYtwcTWNqZP9BwDRX0tfX/xsSZjKf7lCLZjRVB5w4/w==
PBM7OGVVoOh8CBpaPUFsKEW+xnfgBHGF7t8KpCKWIYcREuGfk4017OdqbnmMZjMsxMZum4XRfs/i/uq6BHEslQ==
PBM7OGVVoOh8CBpaPUFsKEW+xnfgBHGF7t8KpCKWIYcdNbohKEkd47CM6lDKXlayxmcqt+OKNIa7oyrlETF8ug==
PBM7OGVVoOh8CBpaPUFsKEW+xnfgBHGF7t8KpCKWIYerDm6YnPhYlKIpFLsVOCkHygsg5p5XzKEWUFohzxWRAA==
PBM7OGVVoOh8CBpaPUFsKEW+xnfgBHGF7t8KpCKWIYc+SwLg9LWiP+u9OBA++QWuHFXerNfzlhYASog45KFWdQ==
PBM7OGVVoOh8CBpaPUFsKEW+xnfgBHGF7t8KpCKWIYc59SMv/1Sqcl4h9FZ0Bl74yEnId0O42rIniLMIhqd7ag==
PBM7OGVVoOh8CBpaPUFsKEW+xnfgBHGF7t8KpCKWIYdQxYVHEFzU/MQWisQBfvvE53n/YtkHNhuTZlzgLGYRYw==
PBM7OGVVoOh8CBpaPUFsKEW+xnfgBHGF7t8KpCKWIYc59SMv/1Sqcl4h9FZ0Bl74yEnId0O42rIniLMIhqd7ag==
PBM7OGVVoOh8CBpaPUFsKEW+xnfgBHGF7t8KpCKWIYdQxYVHEFzU/MQWisQBfvvE53n/YtkHNhuTZlzgLGYRYw==
PBM7OGVVoOh8CBpaPUFsKEW+xnfgBHGF7t8KpCKWIYdwb2VaYYYdJ0Ushf8ttMc7EPlrzF3cyzaK+Rq+qlS8uw==
PBM7OGVVoOh8CBpaPUFsKEW+xnfgBHGF7t8KpCKWIYfeEAB+ARYSNytqcmFBkZIhy7HftfkRZDeseH2AW84m2w==
PBM7OGVVoOh8CBpaPUFsKEW+xnfgBHGF7t8KpCKWIYdFTKI/3BZWzCJ6UEhNxFtzbmRNm8ndEMOCY/cn/thl1Q==
PBM7OGVVoOh8CBpaPUFsKEW+xnfgBHGF7t8KpCKWIYe/qTS8A+kbz/ORSEmJpjFqSsG5akGnYKNp/63TtBfBNw==
PBM7OGVVoOh8CBpaPUFsKEW+xnfgBHGF7t8KpCKWIYeeJ9xi2vIAVXx+f45RlzzQQcfX78+nQg2VOMAUgKUbpw==
PBM7OGVVoOh8CBpaPUFsKEW+xnfgBHGF7t8KpCKWIYfhafWnGnUHJsfhqIwlxJSnFeTkwVaXEUdQ3Ih13+3BZg==
PBM7OGVVoOh8CBpaPUFsKJYcTPaJkVb5sDciZKHFFsGL9lVHeiZzsKKcfjPOH5I/pHeAWA4uO4xPBYKwWj95/Q==
PBM7OGVVoOh8CBpaPUFsKJYcTPaJkVb5sDciZKHFFsGMYq+VNRGxuCLy3QwTs1K5wbBY+zl6363MmTGQLoIHoQ==
