GmcONIA9PFzHw1gpPLLPoqev3ytAH5KO3S/CJpMsylg=
35kyjVfwBJgytCi6KM5Vug==
FNt9orFfFSbPIXNSbXcP2Q==
gE2g7VQeqq0h5MkG44fPUw==
A4ZCFW7RnVRfEnbtNxUDb8VFIQmzxcIFLuiIjRY2q84=
cwgQW1UgxyVfBeSrdwXHsPE1eoSAri+NViVSjTYe4hg=
pYn3RyiaY4vz2unSybTHuw==
mAzeFbkWBGyzJRgEWJSZYQNn44wFaguEUnqkvHVinQw=
NiGef/LGs6v8Em6sqLz1GYGKB0111uCW/TAqgkiW0+w=
2lfNnhNY+w/3xMaMUxJbE0YFT/wvMlSDz8Vrd5FEs18=
PBM7OGVVoOh8CBpaPUFsKI+IyyuXi93bbsOmY9Gr6QNbp+PGx836hz4jMC/+qaZ3SMZtD4WBTtjnsKcNMvHBnezz3sWCZL7CKkj+nje2EYAw3x1QV3Mrtg0I+LkjbjZhN2rW0Bx6y0zkeSdWEan4/w==
PBM7OGVVoOh8CBpaPUFsKI+IyyuXi93bbsOmY9Gr6QMQIe83KQaKhAui3/PNssetvwRsh7o0uYL14+h5Q7N/8Q==
PBM7OGVVoOh8CBpaPUFsKI+IyyuXi93bbsOmY9Gr6QOxa4Huzluw44WiTGpStP0yaHHu3OPet19yhPISkxd8+w==
PBM7OGVVoOh8CBpaPUFsKI+IyyuXi93bbsOmY9Gr6QMGnMeyi+FULAY6w1EgM0Glen+GGJ/yo/SwMcPf63aiUQ==
PBM7OGVVoOh8CBpaPUFsKI+IyyuXi93bbsOmY9Gr6QOd4KfMJvgMImvWkaPwCrowJSn3+E1fa/bDG2oENG15AKQl93eNVpDU7QZE9m1jS6M=
PBM7OGVVoOh8CBpaPUFsKI+IyyuXi93bbsOmY9Gr6QMl3t/rS4huvqKbMpWLGbNUGfb10z9KxM3MJP5etPinuWZLI7Y7QOfcCqyMLGBBa1I=
PBM7OGVVoOh8CBpaPUFsKI+IyyuXi93bbsOmY9Gr6QN6YyP0peqe8gPb7qOoXyJ7mR++VPskaAhHhBwtbX1lU8hzDN2RDcfBA5TUirJBtCt7FsR9td4lpWOOtRnBOcv8GmXAMLM3S52B/rH1RxrEng==
PBM7OGVVoOh8CBpaPUFsKI+IyyuXi93bbsOmY9Gr6QOtQQA1Scrv6jcaKFhy5iVP1DtTolcMYazA+JJR5G6+fw==
PBM7OGVVoOh8CBpaPUFsKI+IyyuXi93bbsOmY9Gr6QO8xac45vchs4I0jd1Yhm7kQI3NgJX9LJQbwfC+/GnTlkG3f2Bb3mE3u7ZsN+0EIdc=
PBM7OGVVoOh8CBpaPUFsKI+IyyuXi93bbsOmY9Gr6QMmO9X8fnlYXChrv+p7pJ4KVI7QzwW94Kece6SGO+FOJWCZsF+rUFVvPrJ2ruCnLnc=
PBM7OGVVoOh8CBpaPUFsKI+IyyuXi93bbsOmY9Gr6QMtS0EgTOsM5djkNYLPnyMhGHeqgZNecSuP97Pto3zsxsvB9LQSWUfby2oUfH8cH5+psdfixyh43rwdxtMzmR1rMCZiiGBmjyLpYuOejYxtjA==
PBM7OGVVoOh8CBpaPUFsKFM6nAdVtSY9jB+9XJ+2YSExBJrJPNLdOJuTRpOkKhvX0bscOgvgiQtk9476HjHbbrz9PhHRRUqkbVeJXu2vJGE=
PBM7OGVVoOh8CBpaPUFsKFM6nAdVtSY9jB+9XJ+2YSGvKhsir6CrlDV9jP5H5vH2etZpVuOT5le+UFH7R7aSemkdALZtgmnd/R5FT95IL2ywKAWmggnvwetRhxbMloD5vLy/7bZV/YiJuStx6NfxXQ==
PBM7OGVVoOh8CBpaPUFsKDlVVxbtd3e2AT0h4VqS+W/9AGr57qgErZp60r4c8XOIRNh1qQWp+z7WofcuLovkOT85PbamIDil40mJ7Z3/vl0=
PBM7OGVVoOh8CBpaPUFsKDlVVxbtd3e2AT0h4VqS+W9hf1v/G16u6VH1fnjb+lLH1S0SP6GBhRYeJQKOjJYolJ+WcA1bEOeROrCZ8LUuyjbp+xkPnwJBZjRIunCSPuryrbhJHJpNirDTEtADyfNPwQ==
PBM7OGVVoOh8CBpaPUFsKHU2/T+VSYaqNoREoTPzLZTQkgAFg9kBkkW5EhyHSLIkIO58iqeZb+Cr+lVg5SSGmK5FNvyFqnbgBf32cJSYn7M=
PBM7OGVVoOh8CBpaPUFsKHU2/T+VSYaqNoREoTPzLZQTEXhDwzYjow28HtdksQe6S8nH9CcvvMgRfkbmWB87nWHyZkFBIJcuVizA6lXQnpqlNnK4SY0h0kviA3Ea1fovJhZCZ1WSKM6rhBqvHwld0g==
PBM7OGVVoOh8CBpaPUFsKLxxefgecKNJSRv5nmMbhDgNYc+H+y2lZ6WW2grBcibk/QEui2xXhENGQ6Z247cFhtT8cmYD2utqcXhpaZydLfM=
PBM7OGVVoOh8CBpaPUFsKLxxefgecKNJSRv5nmMbhDi3s+nl/TyLfdsF3KfiacNM9awzAXp75Y2oyuzGJ1XaFwvCnwCz1mxMRkAIYZJb3J2NpFBb7F6WDywcTWufUmZK9mcdVolu/eIw45Q2Qp6K/A==
PBM7OGVVoOh8CBpaPUFsKNiLrJEITNyxXj84RR//CsRjPCMFSztvu5/HsblVFC5PjYxP/E40T8sd+hLxrndBTKWuT44BLMpIQQPSTAKtgLiY9AG/GqDE7X+KRTDYwTxQ
PBM7OGVVoOh8CBpaPUFsKK6hU8v6T2kkGn2O9sjOO9tOjdPRVtcu+ljUQPisKgj9H/cjWvEA2AwxIjf6Tbdifg==
PBM7OGVVoOh8CBpaPUFsKK6hU8v6T2kkGn2O9sjOO9skpkc5PiasOaqxzOP77+hppeJ7vFsmUZM0CbKOlOMlig==
PBM7OGVVoOh8CBpaPUFsKGTQtMdzMNNJ3EWmyUFKMqS9k5g35iXlw+MOGIUlQs5jAUPM7857x089n9HZERqlZw==
PBM7OGVVoOh8CBpaPUFsKGTQtMdzMNNJ3EWmyUFKMqQIgEHPG24THlBIPmiF5XMIlGayZ49oHKlYPDu00pxiVA==
PBM7OGVVoOh8CBpaPUFsKGTQtMdzMNNJ3EWmyUFKMqRMcWOyZqYAE8No23DZm9AElQEaUZDKgPntDDwDzBgUYA==
PBM7OGVVoOh8CBpaPUFsKGTQtMdzMNNJ3EWmyUFKMqQXMmyDo4HiwCxTrWWEWFLNC5CVrR0blwSiGvOK2eGVMQ==
PBM7OGVVoOh8CBpaPUFsKChEeDtgt90DtTuNERJGNlLKrAg7aSHxuRxdqvtENK+l9/vZYeGrBWSwynNWIKCB3A==
PBM7OGVVoOh8CBpaPUFsKChEeDtgt90DtTuNERJGNlJAwT+O5Djm+LViHAL9FaR9P0EZk5LBvqHW868M3PWhdg==
PBM7OGVVoOh8CBpaPUFsKChEeDtgt90DtTuNERJGNlLU+BGVEFiW1kPeLxDZL79knbPxV+1QgdeOLxYCyhIRsA==
PBM7OGVVoOh8CBpaPUFsKChEeDtgt90DtTuNERJGNlLrI76yM/EUaJcpwRCKtwwtQwcGngUadki241Er8qh0HQ==
PBM7OGVVoOh8CBpaPUFsKChEeDtgt90DtTuNERJGNlK4pEmGbvNvS2R0AxetsFFXzwNISeQWGphxN3oQCA03Pw==
PBM7OGVVoOh8CBpaPUFsKChEeDtgt90DtTuNERJGNlI36PJhsop1y38vsf1LulygSi/JgEdAbKDo6ZQZEbDSIg==
PBM7OGVVoOh8CBpaPUFsKChEeDtgt90DtTuNERJGNlJv1yR4ukZyP+RsX8KaZFuLxoOWkONuC3w5SVcsZSQOug==
PBM7OGVVoOh8CBpaPUFsKChEeDtgt90DtTuNERJGNlLhZMBjmykinP4MxJqKsS8uVyYiU0P2qCYmc8DtDiYuUA==
PBM7OGVVoOh8CBpaPUFsKChEeDtgt90DtTuNERJGNlJZnYu89sqH049VuHcgBJ91t+zoze+R1nGCzG/Ew5V+Lw==
PBM7OGVVoOh8CBpaPUFsKChEeDtgt90DtTuNERJGNlKUHElwTYcZTrvw4f1f7tSYj2MsqhE29YTHEi9mmXf2bQ==
PBM7OGVVoOh8CBpaPUFsKLlzJpQ1ihe+3tJnxTF2lpZM1vo3qNQbAYIqx2dAg/E7fJm11BtZpgmJYJEMDLwlSg==
PBM7OGVVoOh8CBpaPUFsKLlzJpQ1ihe+3tJnxTF2lpZs8BIuOJMX2YoDw+dDsU5pCmiytLgSpq/7c0WlTklF5w==
PBM7OGVVoOh8CBpaPUFsKLlzJpQ1ihe+3tJnxTF2lpZ85Btc23v6Pslbi5mdCY5uFcLHZ0TDWDc1d+EKPazPtQ==
PBM7OGVVoOh8CBpaPUFsKLlzJpQ1ihe+3tJnxTF2lpZZTQSaYmYBrP3vgTam21aW60+szcD0TD/lgU9JWLnByQ==
PBM7OGVVoOh8CBpaPUFsKBuWvJb3B6klbJQ5WE6OMH5j+wHq2F4QPHAArAIS4SNQYf74IfqN8bO9JqXRubJNWA==
PBM7OGVVoOh8CBpaPUFsKBuWvJb3B6klbJQ5WE6OMH5Z5zRvZwa7mlDusfsVTLWvAevipcbPt1R+jzKeRJZaTg==
PBM7OGVVoOh8CBpaPUFsKFeicwt9EsquUKvESG/C7PdIzr1qxvjCbaxUC1Di36jFtZqqE/Z1WhAiMcnlG4uX1w==
PBM7OGVVoOh8CBpaPUFsKFeicwt9EsquUKvESG/C7PdiFJZD9xFLU2zff8IL+26NGsW/Gl7PvndpanruPX7C1g==
