GmcONIA9PFzHw1gpPLLPoqev3ytAH5KO3S/CJpMsylg=
35kyjVfwBJgytCi6KM5Vug==
FNt9orFfFSbPIXNSbXcP2Q==
gE2g7VQeqq0h5MkG44fPUw==
A4ZCFW7RnVRfEnbtNxUDb8VFIQmzxcIFLuiIjRY2q84=
cwgQW1UgxyVfBeSrdwXHsPE1eoSAri+NViVSjTYe4hg=
pYn3RyiaY4vz2unSybTHuw==
mAzeFbkWBGyzJRgEWJSZYQNn44wFaguEUnqkvHVinQw=
NiGef/LGs6v8Em6sqLz1GYGKB0111uCW/TAqgkiW0+w=
2lfNnhNY+w/3xMaMUxJbE0YFT/wvMlSDz8Vrd5FEs18=
PBM7OGVVoOh8CBpaPUFsKLULuPJjLTfaXyntbI2LviguN7sYWYxpVgu69S0/lQcmKcxd+N6tsaz3kR/GB8MZAYyuQKomLzBDgR3VpLbxShePVn92dWbWX5B9kKsVl6+x2cAoFtZ9pM6oZO4SSnA5jQ==
PBM7OGVVoOh8CBpaPUFsKLULuPJjLTfaXyntbI2LvihxqwxU4DdkfRA/de+WqCZ5w18ybK2MwGwuLzae0MOdnw==
PBM7OGVVoOh8CBpaPUFsKLULuPJjLTfaXyntbI2LviiAUsZ22rKi/seGZNZgzLI5puQaoZyzbPDZwdvrSWrGiw==
PBM7OGVVoOh8CBpaPUFsKLULuPJjLTfaXyntbI2LviiYF6f6iqPkrpXXEZRMhZTdtHqMI+FzgQMFkyKdisv4jQ==
PBM7OGVVoOh8CBpaPUFsKLULuPJjLTfaXyntbI2LvigcAveT2QCgKGax1VbbCVWOkLTHjQeccpm5Y8P9upCpmzcsZYMOkbT7mQBZbLtagkI=
PBM7OGVVoOh8CBpaPUFsKLULuPJjLTfaXyntbI2Lvij3pD4+u4D0IPoGi4Qtspu8NGsxHSAYqZh1YCOzvJNNof38ZCmLRSIaCwuifEaxvCY=
PBM7OGVVoOh8CBpaPUFsKLULuPJjLTfaXyntbI2LvigY4zdyRsJfELm3K5SL29EOzryjvMe7xb+bBL91831p/Wz/fwMCUbNb81Y1MoaCbf8517A4ALquT3xQJykVcx/Ewro2HO2VtmqTnFt2g6B/sg==
PBM7OGVVoOh8CBpaPUFsKLULuPJjLTfaXyntbI2Lvii6T/ci3DuN93CLEdaBz3VSaJ+xAH5gQQJg/vJFkuOoHQ==
PBM7OGVVoOh8CBpaPUFsKLULuPJjLTfaXyntbI2Lvij5xRX5fMwzq1MKGCJehgS7agNgUFegS4RZ4deYGTvakcXL5TRNYkRa3rLlD3ODdCc=
PBM7OGVVoOh8CBpaPUFsKLULuPJjLTfaXyntbI2LviiycsWf11iTghZQadDlgtnlSi5Vyh/HDicV8e92UbpCGsu8/8oflI6SGUal2fp6xEs=
PBM7OGVVoOh8CBpaPUFsKLULuPJjLTfaXyntbI2Lvij4AKEs7VYBf2ZLal4sz9TnJn//gJ7Z7lBXGcOAqvsO/beyavqONaoC19J6rmC84aacopAeGrF2EGlllprj9PbHc11sfBxbQQETuBOVFBCzaw==
PBM7OGVVoOh8CBpaPUFsKLULuPJjLTfaXyntbI2LvigTpsj01bQW/uGhDMDLCPz/FD5EuXvTd96Lwq/J5DtCpQ==
PBM7OGVVoOh8CBpaPUFsKLULuPJjLTfaXyntbI2Lvih5r9OSPGnHVD/yqTSJRm1sXFXge3TptIkRKRKzAY5NNA==
PBM7OGVVoOh8CBpaPUFsKLULuPJjLTfaXyntbI2LvihHm7eZPZGGYaxhDfPdsWpTgr9BManIK2+6FJDf0lv6vw==
PBM7OGVVoOh8CBpaPUFsKLULuPJjLTfaXyntbI2Lvii0pQOftsNPLfleRR++ED5bLG23fw+ktXR8e2vek6skaQ==
PBM7OGVVoOh8CBpaPUFsKH1nIocusavWtKJnmZ3fWpW+f57hZmAzqqmxrODtGjLkptzDEaBIm0B+298ztHqUTJMY/jVOEbHfX9VTTGtMauk=
PBM7OGVVoOh8CBpaPUFsKH1nIocusavWtKJnmZ3fWpUXp/vHVJrrnEjlKw6oc46UErf+EPg2dw+Gnx4R9IbfWyzNdE6dQzQ7WAGQQ0Hu923MehOc/5qMgt/CAIEwfhwK3igI+ISv6tCj0qNbTS5g5Q==
PBM7OGVVoOh8CBpaPUFsKMI3I4Er/S6y3vwat6PMqXm3JUn+XiTVGhz3cLn0oLHGbw+dse48/rmuMg1tSN0OR2KbcJNyXWCPGkK1cR1SQq4=
PBM7OGVVoOh8CBpaPUFsKMI3I4Er/S6y3vwat6PMqXmgAopjQQtpTf8Lm+w6JlTS5VdYhqSpuHmQmDCCc199M6h1fHHZb3sHC7216Y+8yZ1TGGNPa19F1TohMLCDyXekt8StNeEY1+JTDs5kEYkB6A==
PBM7OGVVoOh8CBpaPUFsKG4BbM62DfgxZs0j4zrkcn1PKeHng8tEa7J06k4UExsYcMEByPho2EezKeJBr4mwAQRnYO6BTiss0Uuz75kjV+g=
PBM7OGVVoOh8CBpaPUFsKG4BbM62DfgxZs0j4zrkcn1D9//N/B+B2gyRjcRkCRhKVZ2jsn9j1Zv9nMlpO9rW05lk6NXUDOrLow7vc0OkTAUG+xrfUdjecE2FlC8BGxaCqvXjyqt0IhYd6W3JV7pyvw==
PBM7OGVVoOh8CBpaPUFsKIiOHeEy4eYrCyVyWikvKBWroYB4zYq+8QKU9+Yv9e+gyZFP/u0aOupC3uzQUnE1TLf71J+8AYuPeLP5E2XmJaM=
PBM7OGVVoOh8CBpaPUFsKIiOHeEy4eYrCyVyWikvKBXdqOBUowrdU6JvutboqT8OSQrZvzmqS6yH5NRFzfpmAPaeofNlwsx5KmVGIcQRgfSZwriKhrDKYLkzF0SduGIBCuH1QLX0jpCbGXu3ZhOOqw==
PBM7OGVVoOh8CBpaPUFsKKwZYbtbLqOmOur8/ii1zElNVLeilJCg28TysKiNK0F9oM8wMd+GJjhaTcV4d5Msg/JMhJbkOc7ACujbV0gLOj8+XE0qjlfwdBHPBOSoj3Xq
PBM7OGVVoOh8CBpaPUFsKBDJsscuIDpicbPC3V9pq+iMlEmT3RYiEFzU86u8qI4Kfs/YAmyRlr3wItg/Fg6vTw==
PBM7OGVVoOh8CBpaPUFsKBDJsscuIDpicbPC3V9pq+hkxZgTaJpubsI6QONb0dVNcHjU0Tl7vpn3ggyxTComQg==
PBM7OGVVoOh8CBpaPUFsKAvtUw0ob/hHTTVLaVgujQbwMECXqPCH6Jn/onrjUGks1puWaE0m9hobidg7ZKv8VQ==
PBM7OGVVoOh8CBpaPUFsKAvtUw0ob/hHTTVLaVgujQZX/OL+zjIXHnfDpkulrAkws2Nfc7RXHVqChRZ663lEXg==
PBM7OGVVoOh8CBpaPUFsKAvtUw0ob/hHTTVLaVgujQZs55wMYwgvk5IntG5lB9nMyDbJdgG3eAvi6P++hFRQig==
PBM7OGVVoOh8CBpaPUFsKAvtUw0ob/hHTTVLaVgujQaG7RN9Az1lDLWjX5jfusBddxngdI2jx7bn84XamUbgqw==
PBM7OGVVoOh8CBpaPUFsKATXYeHDblOxn//lJ69Ch/9Az7gSR1qyVu3x27P9J+vQboMtpRjnhBoL6Rv6V6d2aPIzR2qOhB59qs8QaZBQe07of7pHigT96WX7yLH7KkiYTSBcH73IjpdT3fK5ZfPDeA==
PBM7OGVVoOh8CBpaPUFsKATXYeHDblOxn//lJ69Ch/8kM+/qJM9nKLX0t/pBqr4tzzjutjlUIVjit3eD7tQPUg==
PBM7OGVVoOh8CBpaPUFsKATXYeHDblOxn//lJ69Ch/9lVDSu7dIx1XnN1v/Mom0wBBf+F7XYNFbrQejd5KyVQQ==
PBM7OGVVoOh8CBpaPUFsKATXYeHDblOxn//lJ69Ch//M5CaK5xiQKlmSizrd7M/2L3S4pik5TrSI0GrlTc5LbQ==
PBM7OGVVoOh8CBpaPUFsKATXYeHDblOxn//lJ69Ch/9OcU8Kjf/OFxXCN52WFCNtvtGemQ3sDV9vIsEHUzyT6BTBcUYy/C8ZDjUjjLazMIE=
PBM7OGVVoOh8CBpaPUFsKATXYeHDblOxn//lJ69Ch/8DMVnqL+nAghFi/DTbPHwIOul6RuxjIjiznHVa1AAMH6dV08iTI6HAloWQgC54PNs=
PBM7OGVVoOh8CBpaPUFsKATXYeHDblOxn//lJ69Ch//+I++k2SIYFEkTLqZZcaAFsPuHsCOvJfR/udBp6cTHutFx2ZJF2d0ZQdqFskzDajtS4kQd6xzsrnH1ORm+fX4OyeJH0lkh//yiDkM8ZiuJtQ==
PBM7OGVVoOh8CBpaPUFsKATXYeHDblOxn//lJ69Ch//IuUWaAcvSGaVkVi6eLp2BpnsUDJkuv3oua+f5eCRc+g==
PBM7OGVVoOh8CBpaPUFsKATXYeHDblOxn//lJ69Ch/80oW38lY/coqipKDUsy2S+1/Fh8M+P2bnMLQiupz4awrfinNZMroWvlzLXSGbWcVY=
PBM7OGVVoOh8CBpaPUFsKATXYeHDblOxn//lJ69Ch/9tCvLnuEvaPy/qXxI5j87o7tsIkFd8/5Ud/2BTa0km+nhohqkJxZ3NFhdId8BohbU=
PBM7OGVVoOh8CBpaPUFsKATXYeHDblOxn//lJ69Ch/9l+eag1qWyIw1+qNKD+yoxjJoDQmQNwj06yQDUHld2H3k4etDIi38Tq0OEovyEhywZ5AWpWyHYF3AM7SVulAiCAOINl7n81mruNGNTLBDRwg==
PBM7OGVVoOh8CBpaPUFsKCzNMv0H1dOaqyi/tOaN82p89k5MDahLr1cJKJkwlN/gdyBHd5vEcYE1z4dfhr0CGqQWMZpRL9Z/wdxBIfgIvaQ=
PBM7OGVVoOh8CBpaPUFsKCzNMv0H1dOaqyi/tOaN82pwXuQyXApHgYeqa4iN+kPD35f/+lhiCsodhLLlkcLYyLe1JlCGI566bjMGl/nLFr5TgMJKySgRJYSaxMYOJPigcudIotV7mo7ZWhYo8CrMzQ==
PBM7OGVVoOh8CBpaPUFsKOLCDpj0qT0wYdMuEempMdxEF1phcUueMaSiRL4r2j4tk/VTdw5/YuT/RGLifxscvORpn8UW1Oa6NzTTL5gx2jI=
PBM7OGVVoOh8CBpaPUFsKOLCDpj0qT0wYdMuEempMdy6n35nNyUroYlVYw+YCvVtDjXwVjhPVjYgXXnqwTtHwFAetiUBB+HMjT+WU0cX1BS0jQQJ7mK7W7LFcvtfr4EXPY4wUEoXFaQ6y+rooXd0ww==
PBM7OGVVoOh8CBpaPUFsKD7as91p6Lwjqc7cl4X8ijEla4CwmP+hwSrr1FRYOgxeudzf6/Ou8ERqnEriIpKIYc+szf5Ylk8OfAnJFYplrCE=
PBM7OGVVoOh8CBpaPUFsKD7as91p6Lwjqc7cl4X8ijHprpYo3gd0ld9HNWaww4qLPRMaT5+AdmIzEhbrVvjqo2Ioa6jIC005hYLb6UcKSeZnAAph9nkEqdzToOxkNQfcxcwxJKBukgMm9UFBY32Vgw==
PBM7OGVVoOh8CBpaPUFsKMEvhKForCVPnfJtWrmvQxynx0wVNNBKakStjrhu0VZnFiRqJg6t/Cg+AjSP5jHg5LXoeGV7pTJRRdkfNsS8nnc=
PBM7OGVVoOh8CBpaPUFsKMEvhKForCVPnfJtWrmvQxzFF31Q6mK5ecocRMNucox/ls5EKw31yXIBMObsZOvvPAik+XiErh3n8fG1FNE9T3TJbNM9LfwBmoBc8l6UON32MjCvNLZFLsw7w64dRSrF3A==
PBM7OGVVoOh8CBpaPUFsKO1RBoDJ7wWBV99/Tlr5ljlFbDlzK+p8z2zA4u+FphvDJ5gtUz9oSEF5KTwI3Uf/VJn5CCJGFw3mLNabcjLTTv/IDQvmhEvRskvrsKYGI1H+
PBM7OGVVoOh8CBpaPUFsKLwvNamTVY/qdtb0FFdfpKQZQpcrqJ30oMK624APpy0tpjeDfN07k37iWU9H6YQqJg==
PBM7OGVVoOh8CBpaPUFsKLwvNamTVY/qdtb0FFdfpKS7ZuArtVBRvuOdOoCxXJKyTChlWY1pmOJM83MkLBeqrQ==
PBM7OGVVoOh8CBpaPUFsKMagf8BnR1sUrHC2fKsEm7mSiJEiR/+DWwFmm8fnr4rg+bXAiBeNYB1tK4w1cxmENQ==
PBM7OGVVoOh8CBpaPUFsKMagf8BnR1sUrHC2fKsEm7lG84rBQaLmnbfxdOPxSniEr/28TwEFfa0XWxJ/IN1xxQ==
PBM7OGVVoOh8CBpaPUFsKH3TFWuIybfBK48y6nKRJdqGVap2Eub0M5X655qewir/x9FV+WIOYw2AS37r0DmEgA==
PBM7OGVVoOh8CBpaPUFsKH3TFWuIybfBK48y6nKRJdrIWy9jReo8E/ZRhUG9IMpPYd671FaGqk/Aq/rL1eC2jg==
PBM7OGVVoOh8CBpaPUFsKJXwUKpvVSbKdLr4vsYg2EBQW3Zj9hvUYIw5xNIR7A9z7QldQnq/Vavnxb8FItj78A==
PBM7OGVVoOh8CBpaPUFsKJXwUKpvVSbKdLr4vsYg2EBgpTuNdMdhLR3+QxZPKPXnW0fK0OdARkZiBYiGL+LGnQ==
PBM7OGVVoOh8CBpaPUFsKJXwUKpvVSbKdLr4vsYg2EDSDEoTLzSAZHQaV0XuFrwPMHBZuGwmT2UaRcdh324+nQ==
PBM7OGVVoOh8CBpaPUFsKJXwUKpvVSbKdLr4vsYg2EDVXYQLUfJUOC8G34kmdcWK29GJaZ8WoeJR7R3O+iFn/A==
PBM7OGVVoOh8CBpaPUFsKJXwUKpvVSbKdLr4vsYg2EBX3rheSLpvxqSgfLXQwDvZzupavPelXOLFqJiE9DF6Ig==
PBM7OGVVoOh8CBpaPUFsKJXwUKpvVSbKdLr4vsYg2EBEJLRDuzjl24RAf5ttlgw9SJnV8kHf3/ctE9ONDsZb9Q==
PBM7OGVVoOh8CBpaPUFsKJXwUKpvVSbKdLr4vsYg2EB9Am3I4MX7nl/ud4X8aKgkcIT166Fq08edtQr8jFLWsQ==
PBM7OGVVoOh8CBpaPUFsKJXwUKpvVSbKdLr4vsYg2ECDR2K64cblVtZROFiF6bAYAv8JgWYomXV0kSwYHlE4FA==
PBM7OGVVoOh8CBpaPUFsKJXwUKpvVSbKdLr4vsYg2EDbPTOV/tp2d4mD73JNMm0QXgtjoUvMTVusyYqwc3zPhQ==
PBM7OGVVoOh8CBpaPUFsKJXwUKpvVSbKdLr4vsYg2EDqtwcB3Q0kYu5XHmIOxSTdpsBVLIf4+E7zpG7ue7ThYw==
PBM7OGVVoOh8CBpaPUFsKOpdC4yvUBkvKXa3o2MG9ngHpUYJby0QdrpkrJzAWEy47KUPWPozVvVsQvQp2Zi0BQ==
PBM7OGVVoOh8CBpaPUFsKOpdC4yvUBkvKXa3o2MG9nj4nmREnrGicIa+yHVG3LwNeTFNL0WJ52VXXuCmVCAs+g==
PBM7OGVVoOh8CBpaPUFsKOpdC4yvUBkvKXa3o2MG9njiKBPjgbezHxyOSod5NtMJ4nB+y4FAuB355sjlwKOTsw==
PBM7OGVVoOh8CBpaPUFsKOpdC4yvUBkvKXa3o2MG9nh5QszrUBxCwdYur4Fj/ShDY5yy5yo68iMsA1DNHyHbuw==
PBM7OGVVoOh8CBpaPUFsKKY9tu+RQKeJspwZaqDKtqrCOVGimvX7G+in7vnPsnygF4qWsnR+MIw/25yH/5ghKw==
PBM7OGVVoOh8CBpaPUFsKKY9tu+RQKeJspwZaqDKtqoB1i3uNCPaxvKXy91O9nYzfCmV71QyyJc+lDeMbeb1KA==
PBM7OGVVoOh8CBpaPUFsKO4POkuxDMrJuZqHesSLedmL/tvH/8JSMPX3+09FA+/+T3TncRRc33+Y2eUeXI/S7Q==
PBM7OGVVoOh8CBpaPUFsKO4POkuxDMrJuZqHesSLedl1rEo20Il1TT1YLkKzQrG9kr++x5dUcPCfz4sYhTQCIA==
PBM7OGVVoOh8CBpaPUFsKHlZZXMjhRy74ariiQr5NF5xHSLlE1y2O6pI4tDuVnm5hB50QmdQ4XLJGlbwRezrY6DNTzME4T16D4syoHzpplsWnGhlkQBLDSS2ut2nWLrHWrMyEyFQ72fSV90fWF90zA==
PBM7OGVVoOh8CBpaPUFsKHlZZXMjhRy74ariiQr5NF6KKIV9qCIlF0JdUWWfDKKwmD4DXg5NZu0N7eFKCDp8PQ==
PBM7OGVVoOh8CBpaPUFsKHlZZXMjhRy74ariiQr5NF7q/0z7dC11XgyFGWkBmO0GrhyQsgrvvdYkjDgnlh6AbQ==
PBM7OGVVoOh8CBpaPUFsKHlZZXMjhRy74ariiQr5NF5vlQD6pT8+RUEnwIR+QWEOLrGbGxfwyLk92eZnWhl9DQ==
PBM7OGVVoOh8CBpaPUFsKHlZZXMjhRy74ariiQr5NF755P69zNwmHdzFf6oENxaWV5lIip6QfxhsNjDLhqwP5aL8m4ojvO5CfLZHqecm55Y=
PBM7OGVVoOh8CBpaPUFsKHlZZXMjhRy74ariiQr5NF7CAB5XFsLF3Y3GnLL28a0S1v8Lr6L1zCDvf6Cs/M35FsWYMI4L/iq88/lfAwcZ5ng=
PBM7OGVVoOh8CBpaPUFsKHlZZXMjhRy74ariiQr5NF47XvNA53gsxnoB5npkDaWWIL3bDQWJJOoC6AiBWmm4kg==
PBM7OGVVoOh8CBpaPUFsKHlZZXMjhRy74ariiQr5NF5gslYmRCctil1ibOiOkqECnsotAyoU550+ZZN94p1YiHBjrpPQzRN0yv3X2LQo1+U=
PBM7OGVVoOh8CBpaPUFsKHlZZXMjhRy74ariiQr5NF6Q9vYakUGmOnKkH937KmqLhKJKEcBNYVbzf+8nomwgakh/g1OEQb66cj+vm1jLhAzaDQ+Himygjb+xkATX36hTE2mP+40Gjs8lbemUFHq/8w==
PBM7OGVVoOh8CBpaPUFsKHlZZXMjhRy74ariiQr5NF5W26KLvh+ZXbLk1DAZkmknY1ztyq6+mN4IyWdDs3HNTTyQGnVxltOs5WItBh1UTqI=
PBM7OGVVoOh8CBpaPUFsKHlZZXMjhRy74ariiQr5NF4eVL94GlaooPKzKL7q7b2e3bT9r2RIoeypElW0+s0aHGzOhcQJheYvHquG2L3e58pR8y8OKTwkr9Ub/MsfJoONpeObRRQlf/eabkRIQ+zMlw==
PBM7OGVVoOh8CBpaPUFsKHlZZXMjhRy74ariiQr5NF6HamQ//HwNVBlZfVNrykEkLzuWksxJ20APzXK4nF7P/A==
PBM7OGVVoOh8CBpaPUFsKHlZZXMjhRy74ariiQr5NF5ASoJCVOHO8/U7ZInNkJxCTQICLa2Fmqkr+mlIc1NH3g==
PBM7OGVVoOh8CBpaPUFsKHlZZXMjhRy74ariiQr5NF7BWXbgQtPr4ufOLywmUTrvAjX0o2SyBooxV/Sfr/9D8A==
PBM7OGVVoOh8CBpaPUFsKHlZZXMjhRy74ariiQr5NF71o7Vc770hvfjCwYNdSjjKXPqtb36eInrMUmrrUmPM3w==
PBM7OGVVoOh8CBpaPUFsKHlZZXMjhRy74ariiQr5NF7H4ma3KpxY6e6/MeCNpHHb2/EcubCg7QpJ3F8l21T9qg==
PBM7OGVVoOh8CBpaPUFsKHlZZXMjhRy74ariiQr5NF4HiAZBcPCJeHoOcl/LvgS8oPJA/ZvpBTBExvTQC9oV7w==
PBM7OGVVoOh8CBpaPUFsKH2SKzlfcF+JRuYC1kRDhLPoAiDUI7z2CPcZXzJYjU3kRxYh0M+coWfU5zEMTLleLbC7WYSkyJa/9/i4F00ahBc=
PBM7OGVVoOh8CBpaPUFsKH2SKzlfcF+JRuYC1kRDhLN0c3YahM2x9fXQf/hgwy+b3DbD5IJgm3IqZEum3d2IvAYAp0zxRLUK60t5V2qjfk24lMCLHI6lby8itV28ze+8VOGDIcETxSGw8/B/nAzy2w==
PBM7OGVVoOh8CBpaPUFsKH2SKzlfcF+JRuYC1kRDhLMywjMRpHPp1f03c61BRg5vKG4EYoStmyuf59VI8V7C/LgCYlLuyh4XTxzS2HXj8r8=
PBM7OGVVoOh8CBpaPUFsKH2SKzlfcF+JRuYC1kRDhLPY5+jyz1bC8h2moLg+mIH/RHFURIAHYMQdI8vskE5hv5Lt64rMcCuGWVaEtCDJLy/mEb+XAZB/EhSr+qynwmL8T6lxYSiYP4bIP9QNQJP8Ww==
PBM7OGVVoOh8CBpaPUFsKPUz4cmmiF6InJ9EX5vo6lR8wsdDyFbGwlOlXFm34Q5zQmJEJuyO8NDKFSIDGFkogyf7SOmK/LZ9n0qpvI6tH4Q=
PBM7OGVVoOh8CBpaPUFsKPUz4cmmiF6InJ9EX5vo6lTf+krHvnRLoVXrHOAiSI5OpQiGNi1sT+7n7gkgN6E1t6x+Nh5TzeImSHP9bMhOhtgxnNeJQUEDjfJCZOo2tpNQl3MN21+m4FAt8JrxJAm04w==
PBM7OGVVoOh8CBpaPUFsKPUz4cmmiF6InJ9EX5vo6lT51NLwHMJbldr39Uutvhk6l0EmlPQvvx37YMcWojHC8PaAjchl7sNfmtEqhYpkGxc=
PBM7OGVVoOh8CBpaPUFsKPUz4cmmiF6InJ9EX5vo6lRDbAvtEaKaIzxEHI4FDh9Z80HgpARv+59gyfcqUKvbfEc8lBGxkFQaTo5ph80PwoI1wG+3CQVpGMhCGZ88ac+e4o+3Ba2e1HcRPjOVw+4UiA==
PBM7OGVVoOh8CBpaPUFsKHop9RvrEJpIr8eiN6Nxe1ld/FCYarShLpsWtSfPnT9Ofxi/qMKW57yBPmZC2YgQGa/trm19MPZRiB5eTqJS9xQ=
PBM7OGVVoOh8CBpaPUFsKHop9RvrEJpIr8eiN6Nxe1kqkwxa5PiTBpt6FarwqeDAGmUDu/JKJhjnPZJi647aI0BY+8RbPzQPgklctZzpP/A2Fu+2+3G9AXmZLAa6d7NrZv7JmbM6nAH2Lf8VbkwtSg==
PBM7OGVVoOh8CBpaPUFsKHop9RvrEJpIr8eiN6Nxe1mzMH04vHE+rttgkJcNptQDhttTs060XTOq7qEd+mIuXkJLkhJyohkHmLW6prPWJDM=
PBM7OGVVoOh8CBpaPUFsKHop9RvrEJpIr8eiN6Nxe1kqkwxa5PiTBpt6FarwqeDAGmUDu/JKJhjnPZJi647aI0BY+8RbPzQPgklctZzpP/A2Fu+2+3G9AXmZLAa6d7NrZv7JmbM6nAH2Lf8VbkwtSg==
PBM7OGVVoOh8CBpaPUFsKIZkEekMJjiN/kIOi3SayY88E+q2pYwKGOE/Ja6MlF3swWMhvHQzJFlnK8/LUSyHByyzRqv5EDIozgKIyWlu3zc=
PBM7OGVVoOh8CBpaPUFsKIZkEekMJjiN/kIOi3SayY/6ATyqiapMyg//VAorMRiqO8qkY5ekXvuTbij4aU1/1oBYd/hRRuCVDS7mZkzCD8Tn7SRvujB6TBKkBuSpOkBNBOjgYloYr4KnPpFXMlvhBA==
PBM7OGVVoOh8CBpaPUFsKIZkEekMJjiN/kIOi3SayY/9H8PJb4axqViIDmQdEYzJ4oRX3o9lpY7SJpNfh0MEYqXQZzigZkxx/SxdDOQOclw=
PBM7OGVVoOh8CBpaPUFsKIZkEekMJjiN/kIOi3SayY8/Ohru3V/FL/pH+r2pl49DbL0zrAdwHM7J2ZGN4fP8AjsJ/VNNfw45LbTcCalHyw7D9H29ZwtBpMR68YH/yPkXt7b+pNmeICmaxhydViNE8Q==
PBM7OGVVoOh8CBpaPUFsKJsvDIpcROX+8AdgyaWiN6zqVG0V5Vjq3zwRnyufk3jgtfVQLppknmjo6ACLKC5HSSKkqdqTYJ13dy2QWRCOf2HNtgaTd3P0ogthgo+2rHkU
PBM7OGVVoOh8CBpaPUFsKLLAcPxSbvdXbeprhCyosisODCpMDPhgYsVrXhCc3JwhNm4x4bqkf25zUy1FCr5N9g==
PBM7OGVVoOh8CBpaPUFsKLLAcPxSbvdXbeprhCyositTtK40gsv52IqKlVpKTh6dqkJzME6ZtvimbjBBQY8EVw==
PBM7OGVVoOh8CBpaPUFsKLLAcPxSbvdXbeprhCyosiv88UMgwdDwNSJRmHvJQgqh5QTavzUyXIVG5UJK3LI6eQ==
PBM7OGVVoOh8CBpaPUFsKLLAcPxSbvdXbeprhCyosiswWOgMm0r1p8WAfpr9H5MUaVYuOTdJkuD/JeMiWl3sJw==
PBM7OGVVoOh8CBpaPUFsKLLAcPxSbvdXbeprhCyosiuQD+X+SZYzt2WsPVppzI1dOh/+GgGd632ryHfoS9L/ig==
PBM7OGVVoOh8CBpaPUFsKLLAcPxSbvdXbeprhCyosis2q7JixX6ayBAAiWxMMWXfueW2z/jEV8/NTpO3/lXabA==
PBM7OGVVoOh8CBpaPUFsKFI5bsBNXzuy1Rx0GWn1ozdvR1XqPtQQyvwhbUUBYCvj7T/5Oz/oo9oP8VnHfKSdfA==
PBM7OGVVoOh8CBpaPUFsKFI5bsBNXzuy1Rx0GWn1ozdbdl2q2+cbr4Ose41+ME4djgX524cfuu5tmM2MUj5jlA==
PBM7OGVVoOh8CBpaPUFsKPvOYJHTncLBvNLCGvis/AQDCpMCofBio4IbMBfyAHORAtJrRU1+iVnFHF3uimTZew==
PBM7OGVVoOh8CBpaPUFsKPvOYJHTncLBvNLCGvis/AQwN1X6oC5rp10ko2kU+4idHVV2IJqAqV6WSTzm9n0VYQ==
PBM7OGVVoOh8CBpaPUFsKPvOYJHTncLBvNLCGvis/AQQ9imY0yXGhAubcDIK+OpU3izy08Rdjra+r+DL4Vfplw==
PBM7OGVVoOh8CBpaPUFsKPvOYJHTncLBvNLCGvis/AQ7CCEl3kFYYiThUb68G/VwHbYMx2CTBrw8GxyfxDb+ag==
PBM7OGVVoOh8CBpaPUFsKPvOYJHTncLBvNLCGvis/AR7Hv2vCV2SFas0ySnzKkd1ZTWA65SsBu09i7qcD2a9og==
PBM7OGVVoOh8CBpaPUFsKPvOYJHTncLBvNLCGvis/ATXUMYPIdW+1I2ALpjVN4HhwChnij7FrhtJbeXoVNsnEw==
PBM7OGVVoOh8CBpaPUFsKPvOYJHTncLBvNLCGvis/AScq5XruXNErwhfzowQpN+oNGDzehKEjMSs1QDrSDo53A==
PBM7OGVVoOh8CBpaPUFsKPvOYJHTncLBvNLCGvis/AQ3vyzO8XqEUaMU+bfoyt6yKi/yiGX/JLA8x0l3OMY3+A==
PBM7OGVVoOh8CBpaPUFsKPvOYJHTncLBvNLCGvis/ARsqNm7VdrFOM/9jRKBw5sYtSIb2VcXjdDf2h5ecnr44A==
PBM7OGVVoOh8CBpaPUFsKPvOYJHTncLBvNLCGvis/ATHvMzIQIDVkT9iOqZ9rZHkWucateex+0/o9RzsLfCHNw==
PBM7OGVVoOh8CBpaPUFsKPvOYJHTncLBvNLCGvis/AQS6xYhJ0fzB6hv6CD2guvxvlVnotjSJlRji2a29zh6JQ==
PBM7OGVVoOh8CBpaPUFsKPvOYJHTncLBvNLCGvis/ARg0/IiKRRregQ40N+LgilbsF2KjEP7xznSuI9pPKOl5g==
PBM7OGVVoOh8CBpaPUFsKPvOYJHTncLBvNLCGvis/ARCtFGd4yFQ39nbCGn6FB7Rf5vXYS5pYpH1WDx5W3CLPw==
PBM7OGVVoOh8CBpaPUFsKPvOYJHTncLBvNLCGvis/AQTZx2T7nhZWBBACfdz+LbYtxlxZToAby+OQ4Si9x0QzQ==
PBM7OGVVoOh8CBpaPUFsKISrv/aCVxvXeAAsXs6SaQpGcJBn9e3ImCooz3dDgpmceMTEKuQabt+kmI8S40omwA==
PBM7OGVVoOh8CBpaPUFsKISrv/aCVxvXeAAsXs6SaQr5a8ef/WgoHPclcOUGzLTG675Z5AJZYShRnuqtLEFf6g==
PBM7OGVVoOh8CBpaPUFsKD4xVGtkh5WaOoq5CXneu0UDp8ukiLvmHtk2uzDNFXHAgm4Cx08Njd8HurNiyz3FyGP3kHVwK11Qb2Dx4+5eCoVoS4xOdgXiT0/O1VpxCv+Jgcy1m80stVPDIVuq/ZowAw==
PBM7OGVVoOh8CBpaPUFsKD4xVGtkh5WaOoq5CXneu0XLmAOh8c9qNUPA78dzjaAxD7LRoxogONaKbFKHWGOtow==
PBM7OGVVoOh8CBpaPUFsKD4xVGtkh5WaOoq5CXneu0Wt9aJl38pTlEKaSHnNv7UgN85pobj5wp6EyaxCXmnh7g==
PBM7OGVVoOh8CBpaPUFsKDOgsvqEipJRCi0q8o0r2qq7I6RFhQjCaNYqUSez+SA86UiJzWwRVWhtGRjn4pyWyw==
PBM7OGVVoOh8CBpaPUFsKDOgsvqEipJRCi0q8o0r2qpKNK7FnysJTwG9c6sjbQtmNdyGav3x94TM2qy9sPlIPLjVKEcRWuRlkcJ1GbTGosw=
PBM7OGVVoOh8CBpaPUFsKDOgsvqEipJRCi0q8o0r2qrNxynCq1+jdYHbAQEsnvzZZpi9zwfX8fqpABc8z88rsAtXt4n/azGPl6dorVNeSX0=
PBM7OGVVoOh8CBpaPUFsKDOgsvqEipJRCi0q8o0r2qo7cn4crRRnzYt74+8RgVsUdHC5XQijmaQJ7eUrrInw9a5+/b8AUYFN4xSBVbU7xJOp84eJi3w9G04v7346ps+ICfdenMy7VvvPjGeC6IY+Wg==
PBM7OGVVoOh8CBpaPUFsKDOgsvqEipJRCi0q8o0r2qrpfsSPCeP4nKEUez7z3hSyuppg0vJldWoVKQUk4V3+Gw==
PBM7OGVVoOh8CBpaPUFsKDOgsvqEipJRCi0q8o0r2qo3SXepn7PySrSTe2wiyZaKotrAYDAoKDJvS+TMyizN+jx/DIr3VQfJO1ZCD+avJhc=
PBM7OGVVoOh8CBpaPUFsKDOgsvqEipJRCi0q8o0r2qptvEnOqwOL3D+EaphIOsR+Za0nGGJGp/DZHi8zbrNJcJvJnAF7IdvLKt0od9qXTK0=
PBM7OGVVoOh8CBpaPUFsKDOgsvqEipJRCi0q8o0r2qop+t9FOEj1vokiRS8+EnH3qhEbDDoqB8Wy4gBeYbpMHw+TM2DWYTiDeNF67w4BFTYbE/L6CvBtvW7HVqxM3jX6I/+7Jz0r6EydZz+36luucw==
PBM7OGVVoOh8CBpaPUFsKDOgsvqEipJRCi0q8o0r2qonvrzQZ45/FtLJgvQ/DNG61hQEkT118OpaRqiZ2KNB7w==
PBM7OGVVoOh8CBpaPUFsKDOgsvqEipJRCi0q8o0r2qqlB7c3jx30dhGbCD0fVJuJGqxgQbqSwahGoW3jwWb+cw==
PBM7OGVVoOh8CBpaPUFsKDOgsvqEipJRCi0q8o0r2qpMbEefW45URbYPivI5s/2dg4PbhHhekk9UN8ChW/3Ysg==
PBM7OGVVoOh8CBpaPUFsKDOgsvqEipJRCi0q8o0r2qpgtA1xCrNLlBDNfzl+pRCw2z9IdjAJSMLr3vO2mG0s3Q==
PBM7OGVVoOh8CBpaPUFsKDOgsvqEipJRCi0q8o0r2qqG4nJMMNUV4fJoy4x44u+D0TgW3bOPiXGDmDw8RBqolQ==
PBM7OGVVoOh8CBpaPUFsKDOgsvqEipJRCi0q8o0r2qosxWhUr8wXq0y59axNuWmFt+J5+F5LBO29CO7PCG7PJw==
PBM7OGVVoOh8CBpaPUFsKLwkILqkp7aF46F16HIYFN836WReLleXF8vZxj+0iFuKWbop3solgbHsAIsnVBGQaN/U1klRwH8AR5Azy92A3SU=
PBM7OGVVoOh8CBpaPUFsKLwkILqkp7aF46F16HIYFN/tkyz44hXeKHkTLLGflD6olG6OeU1mHh6I6FrefZdf5nXgKt7+J6TJnoF8K7kSFrjjdDZ2f/fhhC1uAQvLcPIIjSKuMgMzlM+8Tj29R3LlRA==
PBM7OGVVoOh8CBpaPUFsKKdjyTrxsH6XkfBgspQ49ZkKtYucsxeVVDlJ/Wa7dcWxDUk+cJs6z2ahVE+Yv1/vhGxh6obfUxIrpD2wYOYFYok=
PBM7OGVVoOh8CBpaPUFsKKdjyTrxsH6XkfBgspQ49Zn+YOD9V8nDAdiMyVt1DZEOsmh77AY16TAnuBXfpCML9e5um3bBN+iXvseG+Ti3CEW25IvzmcnvE6eSTDRi+WiBwTN3SdyCVpptBS4EZPSksg==
PBM7OGVVoOh8CBpaPUFsKMOc9s7aGA0XQlfqzcN11tLIvQlKtkPwkWeR6teo+qPvIq56Se0oLPQOriq358oqwO7918Xpf+ttPeAyEvEvaZY=
PBM7OGVVoOh8CBpaPUFsKMOc9s7aGA0XQlfqzcN11tLIi7zInMlWldJ9AhgXGjLaU9DcByB1XGFr9ZEr3Ca+cO6kq6A2Jb8iCcCRZru3QxHtPWRLPKqvYoHupkMFE66EoUK7MPa2ivBeXSenuHT7eQ==
PBM7OGVVoOh8CBpaPUFsKDlCchbWNvApO46H2XS6mLKwpKTTcsAN44f7Q/l8EAwmQsAKONzyUYDkGkQrvlSLPArYrmOiNrWvbOjfPcMs054=
PBM7OGVVoOh8CBpaPUFsKDlCchbWNvApO46H2XS6mLJtlsi3p57KCFIW/g/pVGY+8FTh1pDEu6rTCZrCMQnwYLz03dlihlktwMYiOpk63IDlb/J07mvKn9iLU40skYtVUfxmXMUMLbFlOGJywoVbIA==
PBM7OGVVoOh8CBpaPUFsKMXrb8tFovMW8t553pBXDEFPYtmsClX6+Mjoekpl6NzEoQJOOuk8EQj3w6mqcNM0l4V+6F8L8SQsbFOuVmQZhFHwcPfshZKy9JbQepYMneLJ
