GmcONIA9PFzHw1gpPLLPoqev3ytAH5KO3S/CJpMsylg=
35kyjVfwBJgytCi6KM5Vug==
FNt9orFfFSbPIXNSbXcP2Q==
gE2g7VQeqq0h5MkG44fPUw==
A4ZCFW7RnVRfEnbtNxUDb8VFIQmzxcIFLuiIjRY2q84=
cwgQW1UgxyVfBeSrdwXHsPE1eoSAri+NViVSjTYe4hg=
pYn3RyiaY4vz2unSybTHuw==
mAzeFbkWBGyzJRgEWJSZYQNn44wFaguEUnqkvHVinQw=
NiGef/LGs6v8Em6sqLz1GYGKB0111uCW/TAqgkiW0+w=
2lfNnhNY+w/3xMaMUxJbE0YFT/wvMlSDz8Vrd5FEs18=
PBM7OGVVoOh8CBpaPUFsKBJcoB2TmHgvy2tVURpUJEORuC9Xn+71r66BsXnBPxrwTX1B50FsEJ5mbST957EsmnJfK35cxqAha1uVqvCV/RtPYQG9cOU/uXhcqKJoCCRlYAg+fzR5pKKjoGDWNdNcjg==
PBM7OGVVoOh8CBpaPUFsKBJcoB2TmHgvy2tVURpUJEPPp539gpCVtomHHPSdqTtwt/HGoGXoQqx1tGC3c/4ktA==
PBM7OGVVoOh8CBpaPUFsKBJcoB2TmHgvy2tVURpUJENPmqWDszGTRmxveNjIjgYZS9OB3ui8vFKE0LrSAr28FA==
PBM7OGVVoOh8CBpaPUFsKBJcoB2TmHgvy2tVURpUJEP+27OPMezuESwkGUkYUYj/Z/LDKoZDBAMs9m0SqYTTdw==
PBM7OGVVoOh8CBpaPUFsKBJcoB2TmHgvy2tVURpUJENSMwy1QEHkmNVIfBnk7aLE09xz1sC/4YxPueZZcEgS1DbFUhw3DqVGkrba0HtXIRM=
PBM7OGVVoOh8CBpaPUFsKBJcoB2TmHgvy2tVURpUJEN1EHCSS2QEYB4f/AjDa5dRX/yfmCu85BIPaRPcnOfkImYbYqdPY2MZ7IGffjjGnXw=
PBM7OGVVoOh8CBpaPUFsKBJcoB2TmHgvy2tVURpUJEPghDAoF100KEGdQl5lK2DwQOas/k/OrAjLCXq5mpYn0A==
PBM7OGVVoOh8CBpaPUFsKBJcoB2TmHgvy2tVURpUJEOo/W1+JyRhpgXhYz0s+VYVyFnycjRnzdn8pyUz39RF/wZt1IMy7Y4XQfHintBe8jE=
PBM7OGVVoOh8CBpaPUFsKBJcoB2TmHgvy2tVURpUJEPHvW24xVOuU4YbmPLv8Xv63EM6il7D3asjtP+8NcHn158i7sGG5+7xRZyEb2IevbYI+Ctgyyg0U8qsDhmMvrALMEL5kwoaPiodxEYHg3J4cw==
PBM7OGVVoOh8CBpaPUFsKBJcoB2TmHgvy2tVURpUJEM4ecF8mAP++JI5O+diWXeLJLqCsD7doU1pcGj7pi/RsO3B2vdG8uFsydt7WI6yGdE=
PBM7OGVVoOh8CBpaPUFsKBJcoB2TmHgvy2tVURpUJEOUNhDNpcjsmnuD1DjxM9HoNhruH6zaQCpdV9Kkz8Tr3tU+dnFDz7SLXJ59MfiGvK0g0XMhXGfDOhXl5HJ/9m9mubBNX9atYAHa5NVSjKP9RQ==
PBM7OGVVoOh8CBpaPUFsKMSoPnt4GN2/kEbUKloQ2jsvcWCK1LUIaDPLF7QrfwDlei8XOKgaIU4pRnea84lf5uQEwq2vHzzWnuv0CF/Kw78=
PBM7OGVVoOh8CBpaPUFsKMSoPnt4GN2/kEbUKloQ2jvaUlSnuske4c8WG/FMwheK25uR+OWEmXQXRIdlN+G26jYrraaLBgfguQPivcPq925dKGMkqr2pGhYnqLAAGHE0cGxM3R1yJG/ahStAPWVSig==
PBM7OGVVoOh8CBpaPUFsKMSoPnt4GN2/kEbUKloQ2jtjcIgTnQ661uvtcnfRfU4Xu9WDV7E7gx7DMUdk8VDvYoU5sYku8FI+9y5O+uJ/6Fs=
PBM7OGVVoOh8CBpaPUFsKMSoPnt4GN2/kEbUKloQ2jtVL9O9kthQCCuBh5urTrMlqCe/PepqDB/YU75FXfWWz1nfbH5UQ4c26AriEGWLsKjgxAsKL+3cqRWWdE4L7tci/7VzT0nyC6+bEKl086yhJg==
PBM7OGVVoOh8CBpaPUFsKMsuX99Fky0Xy/3zobB/ZHwwv8YJPSb9SEIpMLQEbsNSVYAkIm4IG5vLW9fA0/fMoGuI1mWAZMcW96wztIapigQ=
PBM7OGVVoOh8CBpaPUFsKMsuX99Fky0Xy/3zobB/ZHxXTYZcWzwUn832kPR0E5B7AQluPEB+Nmy0ejh6h+JSqqjTUgPlg1JuKPtCRq17MCuB/A3M1yEDRimTBgbWUfayFGypUuNwNIz96MeH2wJOgQ==
PBM7OGVVoOh8CBpaPUFsKMsuX99Fky0Xy/3zobB/ZHwwv8YJPSb9SEIpMLQEbsNSVYAkIm4IG5vLW9fA0/fMoGuI1mWAZMcW96wztIapigQ=
PBM7OGVVoOh8CBpaPUFsKMsuX99Fky0Xy/3zobB/ZHw4L5UWVTegFfwN1Sf4nenoD/WqvNaQkkKMVFDpom790PVhzPSBItkXlBbUCc8tjrYa5HiPEcdx3w1rftOe6yQ3NSEyiz8rOTSnsexYIuuzlA==
PBM7OGVVoOh8CBpaPUFsKEecDqpEzGXPhWDiMqGrqUQkOGKKBPZVIVr3DAxzmyfETxrnJj5kaxrVRFPGiBchWMBZxvE4GW1ZoIjXdy946Lg=
PBM7OGVVoOh8CBpaPUFsKEecDqpEzGXPhWDiMqGrqURTEqv0l9NpFuRdKuW0hvp4kEEWlC9B9qjxeismZh+JRlbFy/4bD+/Z0ko5siqkcMsrch7/k+YGDQ174Xv6jdIHnDo7t03/54MvRa/6Lgt/7A==
PBM7OGVVoOh8CBpaPUFsKEecDqpEzGXPhWDiMqGrqURQYHFAUrdPfaO1pP+bO6weNXoo53/3ngMtFuM6osOfqHM9/kaTSXzNs9IiK1DNru0=
PBM7OGVVoOh8CBpaPUFsKEecDqpEzGXPhWDiMqGrqUTcRKFps9gbjSd+1fM24fmIP/JmRmdz6zrJg7vK12jRMgR2CWNpOhbHEEKOQPDpatQ9EqsIOSOP7DCQLLHfitld7OCho3geFJYI+aKx8kZwvA==
PBM7OGVVoOh8CBpaPUFsKP2yGi1MSAp30vtzOkRSfcG+k6h4KheOdzqVG46BHSvJ4Mtaak5h6QroGamttJI7pXzZjqYseohTyRiL+Vjn628=
PBM7OGVVoOh8CBpaPUFsKP2yGi1MSAp30vtzOkRSfcHSmU69igz1Za4Bu2gqL4LnPSpDoSGwWTrb6IAv3JqOa1DLb+J06ZbqOsjgDVno4HNW5aH7DPdSLUXc8o0gWgY04/a8NuIVG9Ct233oS+fR1w==
PBM7OGVVoOh8CBpaPUFsKP2yGi1MSAp30vtzOkRSfcFm/9/TCFr57KHJsGnpou5/AeHt9pRWfilSrdu+KrPC784K9iDZ4H1h4T00AxVKzt4=
PBM7OGVVoOh8CBpaPUFsKP2yGi1MSAp30vtzOkRSfcF4Fv1gBcCbYwVECBVdhR91Bn8mL3zMiF3pWBBy2t0v0+n5UCJ0KEwux3aAT+v0TdZ3Xj0PO+InoFLm8Q9zVtuxUk/wyMJ6xFFiMOjvc7YxQQ==
PBM7OGVVoOh8CBpaPUFsKG7c58svARAI/TNLJ36SBCqyFGrh8eyr1VRMz0Z7gAvOgxVS13+BufhpUDvW1fJ2f3ctPK/jsXjrIS1sZVfpAGwNiuH3Sf4jBfDssQSr+F01
PBM7OGVVoOh8CBpaPUFsKK92xk60IE933KTkjrLdPco3sV95wxWiq12Mn3zTvvNOzKViIfjvrwxktzcCnrwXEU1pUe5kPd8sw0XcEZkWCxBwMTICpNarmeeT4taXAwHEJGSLXCDv7JF4CCgU7zy8dw==
PBM7OGVVoOh8CBpaPUFsKK92xk60IE933KTkjrLdPcq2m5bwvAMLBR7qqFgpdFBr1hkU4nbt6Ux8N7AsjZQSpw==
PBM7OGVVoOh8CBpaPUFsKK92xk60IE933KTkjrLdPcqmTpNbU7bqNX+J/bjjM7CuaUJj1DyS2geurfeB4wkZbQ==
PBM7OGVVoOh8CBpaPUFsKK92xk60IE933KTkjrLdPcq4xiiFVhF3hq60uea6u6IoZUFBG9oK0G2KKUfznslg0Q==
PBM7OGVVoOh8CBpaPUFsKK92xk60IE933KTkjrLdPcpNHDqN/KP3FIBoj3Fqu4tKs5tgiuqFC5UNKNAwO9wbjtgun4Cqwkecy4rEOg2zUeE=
PBM7OGVVoOh8CBpaPUFsKK92xk60IE933KTkjrLdPcqNY+VSjg+8Ssw0+ocF8QTdCXH6Z5MGRayBEnqfgJ93Ww==
PBM7OGVVoOh8CBpaPUFsKK92xk60IE933KTkjrLdPcoHJujGteStXXuKg4rSSBwKKI7AnkZSZaSBhjQ5Mt2UyT2vNJts1maqhKePNzlpdjI=
PBM7OGVVoOh8CBpaPUFsKK92xk60IE933KTkjrLdPcqKUlfDsfFRNceOriIktfs/asyP2J/m9sRsW/TtphmPRG6ieQ8QXDswmaU3ljWcsR4=
PBM7OGVVoOh8CBpaPUFsKK92xk60IE933KTkjrLdPcplVLA+dg6kBVI6ZGNyupd2fTaIZC4UEzFpbnkwVW4EU7yt8XsJDDus1tDrzzZEWkDCCJud4Pupd3Mk4GdJIG1oGwrkYQntiOVf+phqswq/sA==
PBM7OGVVoOh8CBpaPUFsKOa0FUoTILuj0XKX/NZGZX2Ce1ArIaWw/4aI4Fv/5YQ1QGeKTxrPXQnfjY4oW0yiHzV8H0I+tPyhP4NHlcZE338=
PBM7OGVVoOh8CBpaPUFsKOa0FUoTILuj0XKX/NZGZX0GUAgZa1V50pHDmmr0EjFeGsnj+6aQaJl2tswCAX8uLpvfUsaac97EZtLttkMOAHoXOQftWST8wiNs2rBvubZ0fam03kTAOXUvtCY+t+eL/Q==
PBM7OGVVoOh8CBpaPUFsKFBuOKY9aegXGVApCL1qWGKW616NyAOVtZM1BnOOmXZ0LZQHfkw7dF5qCd4fOEaGIbpMHaI+oM0xJX6dmZaxOsY=
PBM7OGVVoOh8CBpaPUFsKFBuOKY9aegXGVApCL1qWGIz+iC+Ww1k/q0iCB6LIR/ti6nF8pGwXRQSlmMXAuo/Aoh0TmVAE7JVF7baNj+lcE8ebfYmJQRrkJUTRJePIGRaRPnx1T8xneRey7lxQpHkFg==
PBM7OGVVoOh8CBpaPUFsKNk3Kvm3COijG6yLtBIN6OlkCQ9IL+Lkgl1iczmTNy3iGAPUqOmjOqj8rxzM8p7BwXX6+2TIDQqM4soFcKxng/k=
PBM7OGVVoOh8CBpaPUFsKNk3Kvm3COijG6yLtBIN6OnuwlW5Qr0Bz+AdZWzBm0+S4YPeG+9fbehUdTXyUl1AAPMaBgvGbj9JLeXzFJAq5UN/rfO0BbyS74ZH7ixB2ZZTBHL65LCSsF5MBmJ4OHDJDg==
PBM7OGVVoOh8CBpaPUFsKODlaxDqgEdQ7XAZv973Xq3hcAJw4w1+rbYluIvsxaGfmv5Q5HE7EH2J60AiUnTp1jfIU98OhSZQJAyJrM9ssaQ=
PBM7OGVVoOh8CBpaPUFsKODlaxDqgEdQ7XAZv973Xq37rOkzQk//Yobatlt0eZTwaqEZbjP5cQzBGQAkHizTtQgDUlZZ7lgyS7x50fhEIkCXpYUMBd9jgemYb0lgSaPEeb9WzbNuw8865kCEtG+E+g==
PBM7OGVVoOh8CBpaPUFsKP4WefRsJWgZPKF9FFBZUZ4EHkBHb5SGXJxoGZABVpFDlJOw/n8ojGt4vnSb39ArPUTXBwf445pijqYOwwIm+HrVRQZDAHekpei7N+en9+cT
PBM7OGVVoOh8CBpaPUFsKK8u1BpXTzsO0kDnO+DWSG38RGxObl+fn34RtqE0HA7OseZSK5YzFKuaVs12BB+RE3V2TkIZLTUufT9zzV2MhaAy2yjHIAuw9lmXQOXrpbznkVDIaGysAOUV29hWhvFLDA==
PBM7OGVVoOh8CBpaPUFsKK8u1BpXTzsO0kDnO+DWSG0bGgF7stXklNRaeBh+amBIkwTZQp/N1DZlqpuguhL47g==
PBM7OGVVoOh8CBpaPUFsKK8u1BpXTzsO0kDnO+DWSG2jYDpNFkh9o63oUdp6lJmlIqdq8AXLCLNB6q0IGPOAMw==
PBM7OGVVoOh8CBpaPUFsKK8u1BpXTzsO0kDnO+DWSG1kbMM9mhHdE+ENsW1R0I42Zq1jwH3Cp9am8OtmaYPkhA==
PBM7OGVVoOh8CBpaPUFsKK8u1BpXTzsO0kDnO+DWSG2dHq1iZEXJ+ToUKO09imydR67PffkiVnysY1NNacZXz5C5N7oqr9I+txsM0Q70BAk=
PBM7OGVVoOh8CBpaPUFsKK8u1BpXTzsO0kDnO+DWSG2vNWSL2GlLRmVNbjTlFxPITF3siIzTzkdsZ+FFhC5GmEvCkZKOO12Dnqz3mGhnzwpskraZuXTo/Gu+hlSA2vUYKGDQRJw6SnD4bfyy7FpbTA==
PBM7OGVVoOh8CBpaPUFsKK8u1BpXTzsO0kDnO+DWSG2EOeT0Spp/TvcP7vgU4DbFWiWoEMO7qtcf3I2Qj4j1YedfKOMK9LVAMtnvNsdjd4I=
PBM7OGVVoOh8CBpaPUFsKK8u1BpXTzsO0kDnO+DWSG2NDD6l7twvR3vagyDmxhA49EBUm+RhP+JVBt0mAianiw==
PBM7OGVVoOh8CBpaPUFsKK8u1BpXTzsO0kDnO+DWSG33bLoTpahC7xJA9ZUEAlau3JpXKeCB3JCU8TYMxRBdvi1jXs1x99BLzX+oWp7hAyI=
PBM7OGVVoOh8CBpaPUFsKK8u1BpXTzsO0kDnO+DWSG30vqjzKxJz3NHamistzQbczsLRxpbjPdJPIMVJO6lm0ILwHIiqpk9zfJyvsjbTA1bVF7RP+eeoRouwJjg5yprdwwaacn3QRvDCVncQr+qpaQ==
PBM7OGVVoOh8CBpaPUFsKK8u1BpXTzsO0kDnO+DWSG0Ke2hINMBRklqcRH6d1FDDTi3BDOS2Lr9NJ7PqAmYmoHHRkI2mCldFrCE0tLwkBGk=
PBM7OGVVoOh8CBpaPUFsKPGo2ibd6E+HDdLfKqo7GM7VNIC54WZLPQsCudN5QKPkcXfaeoYJ/sGn5VqlFD+UsycJ4xOgEBOBWdVuNV/S8Fw=
PBM7OGVVoOh8CBpaPUFsKPGo2ibd6E+HDdLfKqo7GM5AJ4iB+dV7ek5q2RG6lgKSS71xLhT/aqoGIi6xOaLXF1EX8tkmHLvkQRLrXT6ZPl8b2IFByCksZQEojM2BB7T+HU57caN11b4ndfF9YFN1Fg==
PBM7OGVVoOh8CBpaPUFsKCGGsGDJc+uSr74Ml7NyHx044HAJVLRQfZuDu9wiAhp0rJTcqtPPpQriq1yyNBhwYYL2Ry0ZZ8BBKzRj5RfTUcc=
PBM7OGVVoOh8CBpaPUFsKCGGsGDJc+uSr74Ml7NyHx0CEOT9sl+E/1dPiVIKhU3CFdVNBupZc9wOyn8q431Ydahj+K27GOXBQ9HfaAE+76upQ9cmBQABq2i0r2ddWFVQooONnPgYRmiO6UcYo92rtw==
PBM7OGVVoOh8CBpaPUFsKFx3fn0BHlW/WiERoFU11AdtWzoHIf8S/iYUJwCNndNM0ediQLNvWFErCx+q5HFL5OJujMtHtIVig5Q+1Y4QSPo=
PBM7OGVVoOh8CBpaPUFsKFx3fn0BHlW/WiERoFU11Ac02QMP/b1+no4qc31+K905JJhYoW+3+seid4XiyIMQXwtR1ayEHmyaxLKTOILg5pvweqKkrcMDUuWdE3TmWbYOVzspGRUP9+wN6ZiAmv26XA==
PBM7OGVVoOh8CBpaPUFsKPNMKZThdrD9T47+GlRXHYbBgkQW5440/p0chAA6gugpvUWj4l5wSRnsh7LVIHIodx/2hyQIjYrVyIhOs0mPWNU=
PBM7OGVVoOh8CBpaPUFsKPNMKZThdrD9T47+GlRXHYZb1MCgpahl7EbuFUefQbYqEOrqHcxh0Lq1BQiDzCacaKL2fNnnh0kWQH5QSGVzGrAIPu/hc4o/6VZPKvOeWVFTcN5DNhVrdLJTz51ckwEvjA==
PBM7OGVVoOh8CBpaPUFsKO3ZTVjYzFJN0KWqJBsuey7OCBV+NKnOqLIjPWmpyPljYycd4YJdQEMfqcleErS8deIxzptTlesN0lwZDaGs2kqJPewACvpDwy5ZxeLGWvAJ
PBM7OGVVoOh8CBpaPUFsKAHtGIlFViIrAxkZyts8jl66t5aMatHbbtPWQ0TYJ9nvgxv7E78S+wrDrJ33dSvlFT/M/0DIVoPmUqqpz9zLOk9AQ2FUYflheL8aiVKJXHrpziZi/qvK/cGSwJo1TAo+Kg==
PBM7OGVVoOh8CBpaPUFsKAHtGIlFViIrAxkZyts8jl6OQZibrAhtIwngmm+4l9e3XkX5vq/pKsiM5vxUKluLzw==
PBM7OGVVoOh8CBpaPUFsKAHtGIlFViIrAxkZyts8jl5p+SJyccp2PjZN41f6sP/ERaDyqUnOxUR6CtDZPVK4HQ==
PBM7OGVVoOh8CBpaPUFsKAHtGIlFViIrAxkZyts8jl4wONRgBVGSzTrj8Dkbfe5/t+kaA+JPzZApEoYl5wNpjw==
PBM7OGVVoOh8CBpaPUFsKAHtGIlFViIrAxkZyts8jl5oOnsaND6j9OTP2Hvn64237DNrrzKOl/KlzsMaOBKtbXQ2WvH5JpF0zreixyr+dQU=
PBM7OGVVoOh8CBpaPUFsKAHtGIlFViIrAxkZyts8jl7kRc2Halu7JQJFEAjQUtC7EyJC7aND4f72jogOYgVu8SgbXk0aia0UGcOs4RiiHW0=
PBM7OGVVoOh8CBpaPUFsKAHtGIlFViIrAxkZyts8jl5YdZ/4qpJk20PIJuEN6o8KgpCZlcJVlsXxHcKOrgzDPvbmfbAdLqar34vIQsIlRpDeIauRa/HFEDYlnw7svzfP8HfTx7HY5KV7p0A/Kqcpag==
PBM7OGVVoOh8CBpaPUFsKAHtGIlFViIrAxkZyts8jl56RzA0VxCm4iGw9TeOsp2lXdoEMw6VClTiIWwfR/WMAA==
PBM7OGVVoOh8CBpaPUFsKAHtGIlFViIrAxkZyts8jl5W8G57j2zyOztFOwk8JwGhcV+58xw5KM6OT+XBmjs5XUQAc5yZiWguLO9P7Mx38sQ=
PBM7OGVVoOh8CBpaPUFsKAHtGIlFViIrAxkZyts8jl75Wy8UufXFNHhKZMaYyGH1HO8GHfka9UhF89qy7UoYF7tq1nSlg/dHFrWei/tmCAU=
PBM7OGVVoOh8CBpaPUFsKAHtGIlFViIrAxkZyts8jl49nWWdi2EtTv7Fzp87DcthgLlPH8rHix5ZLHkhHpcVJEiBCUEXKYGdecKcldI5k1LM0VehkH9AXtNHIsI5itWIO+1qJrFs3XgMUebDpE2XHg==
PBM7OGVVoOh8CBpaPUFsKNhM4WeSd6Rkbzzb2TLys+9p7TX21ngkohayKIUKW0VvtW/cwHruik0DKywAh+f1X/Z1w+QTmZeTX4ZUifdMLIo=
PBM7OGVVoOh8CBpaPUFsKNhM4WeSd6Rkbzzb2TLys+9m2n5iAVWrbRc84whdAoJjTP46T7pu/C6msdQrugGImt2z5/5DVFT/ErBxet33ULVIPu3KG/F2GOwl5W+5Ia9AnCV550yCRuCOvKpHTkqACQ==
PBM7OGVVoOh8CBpaPUFsKFlgW25nWiMmO3YG9r2zO48VnvJMr9aAY4tXQCB2hYPQYPd8iuTl8we0A8IYk2V2ynzZGZLNbNcb/RcT9/Xf3DY=
PBM7OGVVoOh8CBpaPUFsKFlgW25nWiMmO3YG9r2zO48qQJ31MAos/48iHTVqWhw+jXZTwDcxBtlCqTU5sUygaW+OHjXrCDCaHVj2pARHZOftehbgAr93TDfI/dM6PwwCi7VV+248aCrPxNW3E/JhOw==
PBM7OGVVoOh8CBpaPUFsKPGfKJyAjbowWu0nSYQpOhiP4BoFe0IcKKoDf3ELScooNjsjTMV+TECOG76w2l+xm6Lq5OltH/eB4H9oK5JRyvM=
PBM7OGVVoOh8CBpaPUFsKPGfKJyAjbowWu0nSYQpOhjhV6VqnGLIurCCPLEbFJNSJ8XUpo6+Y6Fce8kBG4Vfu9V/hKEBFQDBfRcxWWmOs05mm1cRrraa0VMcztnyqXteXR1pMNu1zQJg9nuSnD1Mgw==
PBM7OGVVoOh8CBpaPUFsKFxl6x8yanor/ow0WCzMdnGq0SuAaTWwcAXoP89cI68H9Eh3mdE7vTTe81YkkKZF16UjB6ydLVvs+V9qQ2K7vhM=
PBM7OGVVoOh8CBpaPUFsKFxl6x8yanor/ow0WCzMdnFJhZccRTVSuRl+0QlJjTQoIYgzDAshfDbM/WgDzVZJk/uglrxvh4CXlLxSvE5ek7qiSOgxzCmhcmZ/Is1YqTCpi+QDULfJZlnaDtQfvZzO1Q==
PBM7OGVVoOh8CBpaPUFsKDgNYo9lmx5x/ohps+Pgjtn4KkL+leSFVKoHVxzeFOd7hidLuqUtnmaJEM5SA4N7e2HgCUFwwvPJQsyEDA2C1FWhn9qCxAmj+Qq4GwAmbXyf
PBM7OGVVoOh8CBpaPUFsKEPQTWGt/wdeCcC0u2hD4LDROsr8vsMhd3/E203g2MmEN87CLLjbYm+fYEze2b0U5w==
PBM7OGVVoOh8CBpaPUFsKEPQTWGt/wdeCcC0u2hD4LBahSFU7KbxpfsWGycaF1d90I/haYBxOEaSDnnpoy4OvQ==
PBM7OGVVoOh8CBpaPUFsKIDvxKoLk5UuE8s9G9C7F9MViO3UvFCaURXjfOTqdYSYLXQJtHGBqOvw907R24NFuw==
PBM7OGVVoOh8CBpaPUFsKIDvxKoLk5UuE8s9G9C7F9M5RBqzouoH0agYl0RbB7p8ITyANe201YeBE+uh9RDnGQ==
PBM7OGVVoOh8CBpaPUFsKLgDPwEGIojdoKTWcq5hUr5PX57JML01gqfZ6udc7Ipgd/HUPquAI+WWc/0ABQmhxQ==
PBM7OGVVoOh8CBpaPUFsKLgDPwEGIojdoKTWcq5hUr5blIBvVIpIG5zy4sbMAugpznpEH5RFsAAZ5kCkVISm9g==
PBM7OGVVoOh8CBpaPUFsKK7qsF513ruMZd7InuVozqBm/P9YdfiT49zw88N89KnUy7+Zb5CjF73OBzRAxQauwA==
PBM7OGVVoOh8CBpaPUFsKK7qsF513ruMZd7InuVozqBDGlLB3CnsJHQRc3rLsvFPN4U+Haf/XLFbGlXn5WY8EQ==
PBM7OGVVoOh8CBpaPUFsKK7qsF513ruMZd7InuVozqBqJCjS+lruv11HO/bTRa84EV8ZMZCL/2LKbP6U9gTOIg==
PBM7OGVVoOh8CBpaPUFsKK7qsF513ruMZd7InuVozqAHe4xOj1W8yqQPb6GugH9/a8LjvsloEsO5j8vFQYJCaQ==
PBM7OGVVoOh8CBpaPUFsKK7qsF513ruMZd7InuVozqDrgFbSklB5EZdiRJt3wogc1ScLEnRRE8okQjeKGg6vNA==
PBM7OGVVoOh8CBpaPUFsKK7qsF513ruMZd7InuVozqDf4eULR/S77fsF2KEj+Z4RuENHMZy4ioO+GfWCJaowCg==
PBM7OGVVoOh8CBpaPUFsKK7qsF513ruMZd7InuVozqAkOfzkXThohAbPdrmZoro7v2O1pbAb0WT2SpF3/JfnUQ==
PBM7OGVVoOh8CBpaPUFsKK7qsF513ruMZd7InuVozqC5RNzY6WyqckB63CfsPJIDPzt4whj6YUwM+j98XLKYcQ==
PBM7OGVVoOh8CBpaPUFsKK7qsF513ruMZd7InuVozqAwucxm1dAAQDBVFAN3ENfQP3+C2/bIwmYN02el/5GckA==
PBM7OGVVoOh8CBpaPUFsKK7qsF513ruMZd7InuVozqCNaILw8HJ4uQTCl28I4gEWaqxgt6Lwk6Qq64o5xT3mjQ==
PBM7OGVVoOh8CBpaPUFsKKRheKe72DfprZQ/Q4P7crV6GrKO9T5YcNGV7yvI8H5c/1YQcK9wmm8OY+R8oAjF6Q==
PBM7OGVVoOh8CBpaPUFsKKRheKe72DfprZQ/Q4P7crV6CswGy/7JNOGpxyxihy1QOEqZxt/oDzyh/1XRl+8Bdg==
PBM7OGVVoOh8CBpaPUFsKKRheKe72DfprZQ/Q4P7crXV+iqrk12f1gx9I2pG7BQCXEFSPNP5EWvhwGl7NHCeQA==
PBM7OGVVoOh8CBpaPUFsKKRheKe72DfprZQ/Q4P7crX4iuHePM2knxMi+MiOBK0GxMqwcQZb1aKgdNLSDhO9hA==
PBM7OGVVoOh8CBpaPUFsKKRheKe72DfprZQ/Q4P7crUhe1DqOh3DQKKCMYuUfdxG/bqcROMWvbkNWkxKMxz5sA==
PBM7OGVVoOh8CBpaPUFsKKRheKe72DfprZQ/Q4P7crUU3q3grxiTi+sXYm7lPvhOEuSzXb/D87ImAuT2l2ExQQ==
PBM7OGVVoOh8CBpaPUFsKKRheKe72DfprZQ/Q4P7crWsY1tCXhwwHgb/P/OuUQLpHqHzuQYQZyTNIBXedY9NgQ==
PBM7OGVVoOh8CBpaPUFsKKRheKe72DfprZQ/Q4P7crUeK9mb3iYfZ/s8NZ5OxnUd/rLdLmRzlzS0xLCP00+d6g==
PBM7OGVVoOh8CBpaPUFsKB71bpDoh0VC4vY09mjM/uqXGSqV27qrETmv7nFyBOLhTpnsV6szBIznZRhQLOURog==
PBM7OGVVoOh8CBpaPUFsKB71bpDoh0VC4vY09mjM/uoW4G1hhOALPvOfb8syoP7ahmAhWv1btuuSG0vqSwHElw==
PBM7OGVVoOh8CBpaPUFsKDSRqOudAynCrivFWXGDfPuvuhRX7+Cv6nqYU2+cXbkUN04NSww1mmkvgLXMbdy6sw==
PBM7OGVVoOh8CBpaPUFsKDSRqOudAynCrivFWXGDfPuvBlm2iqh9gxxZU9bIJdSZzu6DAdlHSu+odlRbiKQN4w==
PBM7OGVVoOh8CBpaPUFsKEK/Dj5nXe/GM31LJiT/DDKcWJTw91IShWZOEYhZRY4Sq81PheblyVBM5ujwqjcKwg==
PBM7OGVVoOh8CBpaPUFsKEK/Dj5nXe/GM31LJiT/DDLv5z5iLO+INFwxSZwOyQJfcuZwpvwglb9OS/lrwNwwBw==
PBM7OGVVoOh8CBpaPUFsKPCiPPz3yPS/JWUjy8I6oXaFNssMmLoLDxccA4geVOH4bA7E5sEGCrfECVryule/JA==
PBM7OGVVoOh8CBpaPUFsKPCiPPz3yPS/JWUjy8I6oXYjufZ29CXEPU0ETwYxCd6IeltbVMC4xW5MegzuQ3Lf7A==
PBM7OGVVoOh8CBpaPUFsKFS4b8BlFm8BnrWC3vL80/wJEIcBoo+H/60SSzkKR0r6/htORM68T9HduUq1BtylSg==
PBM7OGVVoOh8CBpaPUFsKFS4b8BlFm8BnrWC3vL80/zmVvcle6PojfxI7RR3ujQqyJ//pPQWnNhfc558gnvptQ==
PBM7OGVVoOh8CBpaPUFsKMMGIe4SC/k+YGDsBroPlAwhScC/LyHRzecNnq38WpqqjVLtOwkhEQu9lsiqj9ZyHA==
PBM7OGVVoOh8CBpaPUFsKMMGIe4SC/k+YGDsBroPlAyM8y322e9fZXrOTQtjIE+6Y5+iX2WhWumn1RdfQRWIgA==
PBM7OGVVoOh8CBpaPUFsKAkZ5vSrscVCqS6FFeVS2GCrWf0JAxpmixDs/gTDAXYQOsmleMM78GRQNRlmVfPW7g==
PBM7OGVVoOh8CBpaPUFsKAkZ5vSrscVCqS6FFeVS2GA/lWUv0pVb9GAAur58sz2SoLIEYz3Ab83k64HTKkIleA==
PBM7OGVVoOh8CBpaPUFsKEw2isE57Gtwr9e8GZ6rsWJWSiXvTpUFvl8mqlbONohjeV2+XTihInSjzJkiLVqhtQ==
PBM7OGVVoOh8CBpaPUFsKEw2isE57Gtwr9e8GZ6rsWI0hqYxk3PKOYNCu7m/s5Fwv4Tf8laeviE12r5Lie4Zjw==
PBM7OGVVoOh8CBpaPUFsKOoohVNuVuNDN0aUCQa1kzlYNDrRhXFCzE0dN14/+gJNv78iSMC+fD/62Gz2FouT3A==
PBM7OGVVoOh8CBpaPUFsKOoohVNuVuNDN0aUCQa1kzmZQqkf/d19dVBYbvGlDt564WsU6C0Flqbp3fbDJVq4rQ==
PBM7OGVVoOh8CBpaPUFsKHeTlVuSnL4cKD/UZPD75f1tATTOsUOeQZMl8Z584gFUarSWTzvrbEwuH6whmwTmZw==
PBM7OGVVoOh8CBpaPUFsKHeTlVuSnL4cKD/UZPD75f0/Xr6G42RwNmXUBzBcf+JxaP9Pwr+cLuH67ASiBPnv+g==
PBM7OGVVoOh8CBpaPUFsKDcNcWFQqIPrkYiN6FH5ZVhHSX1vDx6Icdjj//5LrvEYgeaNfht/wWE40RJN8ZtrZw==
PBM7OGVVoOh8CBpaPUFsKDcNcWFQqIPrkYiN6FH5ZVihyTUpWlQ+Dm0ilqUVPAUe3TBIFM3YxL3fZoudBzicSw==
PBM7OGVVoOh8CBpaPUFsKE67/l/MxWjj/Xmj1IbMH5VtwJL8e59hrFdaz+lYC0P8ft0dxoCarOZDoYOiOysRIw==
PBM7OGVVoOh8CBpaPUFsKE67/l/MxWjj/Xmj1IbMH5XBENaKz5yyYX3yWz26q93/B/3xyxK3ai6j00HstpZ/mA==
PBM7OGVVoOh8CBpaPUFsKP0UlxmmkEUfVuYFLsrCpWnLJHPl8HtUvKEKVCyggcOoK2/M88ZR2AamC73ygypcng==
PBM7OGVVoOh8CBpaPUFsKP0UlxmmkEUfVuYFLsrCpWlx+PCMJ1EAZ1UJLRc8PhBydP7dpSUtDQc9aGbSrN5GXw==
PBM7OGVVoOh8CBpaPUFsKEndGM9TUVNuBHvIXI3INqLftmHrjTf8LXyltPteYiQky5CwKUWsjyfAn+irpWMNag==
PBM7OGVVoOh8CBpaPUFsKEndGM9TUVNuBHvIXI3INqIGgw1N/Q7hTa2kWaX32nbQP3brK9u2e1HnY4zsE4FRIA==
PBM7OGVVoOh8CBpaPUFsKHMeGNLFLF94p/8gukOdav/+WoJqw2EfsLpzQtWK8EOrbtuApMmpgqJSaFzdxKV0+A==
PBM7OGVVoOh8CBpaPUFsKHMeGNLFLF94p/8gukOdav/+pBAZVRJKbnyIgn0MR2ESLLlTQALTZEiRbExBKR3t4Q==
PBM7OGVVoOh8CBpaPUFsKM4r+IJAXyTvNci7YhNrMoLNAvytJEkKurvnGwZ78Dm+f7kVBASFwrhCdPfO32Wr2w==
PBM7OGVVoOh8CBpaPUFsKM4r+IJAXyTvNci7YhNrMoK1tX8jRpMPd7IehX0NezZDmx+5EECjPXasRooI9iZnBQ==
PBM7OGVVoOh8CBpaPUFsKIrRBgFQZjGVTtTwzGnQ2uRHNxfDEY7Y+/GOQsS94wnZ7psbfCtcvdR5O7+RwcK7hA==
PBM7OGVVoOh8CBpaPUFsKIrRBgFQZjGVTtTwzGnQ2uRSHpZaeAKZINDMIueufoA7eMymLEKyA2BUXbaSRXV7wg==
PBM7OGVVoOh8CBpaPUFsKBgf9Yl81xjfZuSGk5dFNt17Z8zKVBhHKtckHyoED3EaJFg8F2WYg3n3Az6kafIApQ==
PBM7OGVVoOh8CBpaPUFsKBgf9Yl81xjfZuSGk5dFNt0/1X09YuaONUcpUR9VELBl4ni9l0cogqkHKnnbqzQaDw==
PBM7OGVVoOh8CBpaPUFsKNYUD9gjGXznbSqZGWQFlZP7X+ADszQKG1xtsogzAJmXIDlL9uJKuQkJBV1QlN4SFw==
PBM7OGVVoOh8CBpaPUFsKNYUD9gjGXznbSqZGWQFlZOxyRPXzxlM5eaJybNen/rwNB3djIg8MO4Ea0+m306GfA==
PBM7OGVVoOh8CBpaPUFsKGA3EyrsUo3AxUHvBTQVtz55mlf3HK2q/HWnsgGR3iWZMCJCYKfPN4v1JtWlLo7jxw==
PBM7OGVVoOh8CBpaPUFsKGA3EyrsUo3AxUHvBTQVtz70wIxzZOrAqEvrQPSz1VTqDQiI2fUM0pH8LGBQrOG7ag==
PBM7OGVVoOh8CBpaPUFsKAY3TL1w63xkGCUjN2Dv7zcWrqNXjwWC4Ma9ISceqqX1/DJ0OsmB/1A2l/NDfbe3BQ==
PBM7OGVVoOh8CBpaPUFsKAY3TL1w63xkGCUjN2Dv7zeDvW0etcIAB+PU2TUslDnFwg5piQrbe3Tp2m5J/UWubw==
PBM7OGVVoOh8CBpaPUFsKC4XO+MYy1eZqvDAP/vfDFy/J+LEY94gHE2N7ki8gy8N+p6cq8rVFTLUbAj/jboKpA==
PBM7OGVVoOh8CBpaPUFsKC4XO+MYy1eZqvDAP/vfDFzyXQ/2Ejbr+2iQTkaUDElGqT/nOosTFbs3cJHZYWeMaA==
PBM7OGVVoOh8CBpaPUFsKLtoZNiHGu+varmVMllg+ZSStjOQZyeScTinZYtcX7zpTvvs4NK7yQIno/Y+UsGb/Q==
PBM7OGVVoOh8CBpaPUFsKLtoZNiHGu+varmVMllg+ZR1QoJ6S6rTK16Ow3G4C4smPOv3+hEhlPQ2V/vHh4Rm2Q==
PBM7OGVVoOh8CBpaPUFsKN7UjpBUkIsv2vFOIyqnpwg2WpSpoZcieKzu6jo220V+1wwvPL6YkhhW6HNsB8dJtQ==
PBM7OGVVoOh8CBpaPUFsKN7UjpBUkIsv2vFOIyqnpwjOJmvzuPn25tnKpuddI0YvHHA58SqvRKtXQhQhMNsFMQ==
PBM7OGVVoOh8CBpaPUFsKLAxBNHWn6BQrjHtEV34rygvYBrHsZn4+MMhKBmkrKHoKVuOUTcAErxl7EmyaxCMIA==
PBM7OGVVoOh8CBpaPUFsKLAxBNHWn6BQrjHtEV34ryjYaR3w8fQGKt5r/tWQt56y7Oa8WF+jQf9lIvkDwYo+7g==
PBM7OGVVoOh8CBpaPUFsKKCCV//wZ5ji9rFLYVjWdSJdImjixK//YujE+9HJ9UURuNPvRuQbFXYMxCtcTwabaQ==
PBM7OGVVoOh8CBpaPUFsKKCCV//wZ5ji9rFLYVjWdSITJO2vgQ75RSO8ko9eKAWgZbkVontIusWTvDSNkSnXSQ==
PBM7OGVVoOh8CBpaPUFsKBLuDFzvrwK4kVDJ0zmPcGxuEGD7OVsl2Ga+u4/5ebE7Wb05z2aZJXXXwsnfmb/9lQ==
PBM7OGVVoOh8CBpaPUFsKBLuDFzvrwK4kVDJ0zmPcGzTVe5TODRrYzjw2N5T/UPTeHHd5IQ+wBCjWgpOzMf5fQ==
PBM7OGVVoOh8CBpaPUFsKLxxefgecKNJSRv5nmMbhDg+BbNs7telzEkyiWQdM0bc9fUkIPqNCk2fLoYBiHGilQ==
PBM7OGVVoOh8CBpaPUFsKLxxefgecKNJSRv5nmMbhDhBOWZcy4auUA9Oi9r/frVBo+IL/bHxgMNp0uvuMMnjjQ==
PBM7OGVVoOh8CBpaPUFsKHPIdEObnX7yQ0qY2mXKNWrDRIJTSXtd0iBo2i5N4gz7SydRYFdgnYcL80bE9cFkGQ==
PBM7OGVVoOh8CBpaPUFsKHPIdEObnX7yQ0qY2mXKNWr5xRE4W51WRgrsEjLd4B8dtU9bT0gT3Y7/5XZYZxn7aw==
PBM7OGVVoOh8CBpaPUFsKN4CWknEpywVfqlj5+dewBEy740VWcGxZ8oTW0ydTBdjS17F7v9sQ5nzgELQ/pVitA==
PBM7OGVVoOh8CBpaPUFsKN4CWknEpywVfqlj5+dewBH5285bnzcSP2xaLcKanP1jymgE5YZxFXx/4G0R4BRQWg==
PBM7OGVVoOh8CBpaPUFsKOPG9xznG80xXtJhrVuT8m6BHEL/JzUVp6JFTDSAmnO4h6RxRGPQqlNoxEzhY5nzxA==
PBM7OGVVoOh8CBpaPUFsKOPG9xznG80xXtJhrVuT8m7BygWPbsd93QWl+hX1fertojnvq4jBdeeaOhjvE+sS7A==
PBM7OGVVoOh8CBpaPUFsKCwcJKyv9Nflxb96ktt0lJPvvoNkchOLK+GT5DrqDVU6Bgh8unRJ047lSIPXWEM4TQ==
PBM7OGVVoOh8CBpaPUFsKCwcJKyv9Nflxb96ktt0lJPmwqhOY6vikqs3qlt5AsnlThANF9R0/AEL6WrsC7M91Q==
PBM7OGVVoOh8CBpaPUFsKB3D9XWV6J6A8APQHAgg8nZb91Pvl4y88S6vkdAGigVgGmE8zhIm0Yz7L98jwmYmuA==
PBM7OGVVoOh8CBpaPUFsKB3D9XWV6J6A8APQHAgg8nYhN+opbl2Gxrs6oKHtBHoJ+XsUfhEKrFQzWMDzBe8yeg==
PBM7OGVVoOh8CBpaPUFsKOlWymFlZpykZCMdlwyYaZvQ0mbZ00J72uKKjpqgYgBG+n8bNKRy02cizm5MCKm7sw==
PBM7OGVVoOh8CBpaPUFsKOlWymFlZpykZCMdlwyYaZtsdmTgS4rIIUfD391T7jjpLSzTOWmVWzTdIaaiA36s6Q==
PBM7OGVVoOh8CBpaPUFsKIGGAn8pAUARb4IgAw9PPPrNn3w7F9RMzNaWkqSmXkk+Km4XneczGmAJsoy6/ofOxw==
PBM7OGVVoOh8CBpaPUFsKIGGAn8pAUARb4IgAw9PPPpD71OPzQgHuM4w+kfLZnEffPI4CDARz3EZzAj6ci+1ww==
PBM7OGVVoOh8CBpaPUFsKHNAR0TcBRyC6xTydAzJPCXX6JKpndmtZKnfydBXZfRGKHVNs8it7kuxxhZ517sJGQ==
PBM7OGVVoOh8CBpaPUFsKHNAR0TcBRyC6xTydAzJPCUnITxz+xgROXqCGkg8vRWSll3MGQuEEFrr3vS4QSCDyg==
