GmcONIA9PFzHw1gpPLLPoqev3ytAH5KO3S/CJpMsylg=
35kyjVfwBJgytCi6KM5Vug==
FNt9orFfFSbPIXNSbXcP2Q==
gE2g7VQeqq0h5MkG44fPUw==
A4ZCFW7RnVRfEnbtNxUDb8VFIQmzxcIFLuiIjRY2q84=
cwgQW1UgxyVfBeSrdwXHsPE1eoSAri+NViVSjTYe4hg=
pYn3RyiaY4vz2unSybTHuw==
mAzeFbkWBGyzJRgEWJSZYQNn44wFaguEUnqkvHVinQw=
NiGef/LGs6v8Em6sqLz1GYGKB0111uCW/TAqgkiW0+w=
2lfNnhNY+w/3xMaMUxJbE0YFT/wvMlSDz8Vrd5FEs18=
BjC9JpHJAH0jY5kktdbsHaGFwKFg02K7K0sqX6YeHcEVy2gcWXunDadk3Wkp42qWYtwOv9PnRklY8/dFSHjFJyvDWPy5p5zcmHMWQHzqczBfntKX7+wfAsxR2MySdjzb
BjC9JpHJAH0jY5kktdbsHTnBPjie//7S8iocoLrtW8z6Ybhk4nGO7V5eUMnQ20gG2TbyRSdMzW5gIagP4LTh8fZAFVG9QGrIvlI8Ptxdy0A=
BjC9JpHJAH0jY5kktdbsHf3yIOEkEoCZtvXEmap88jo59CseMGeW1PaUMzEH/tihoSMXkVjkiZEqWFhx+y7QqQIhNrzN17881mHyR9MN1m0=
BjC9JpHJAH0jY5kktdbsHTdN4+GwmIEh/T7Ge5PDXz+M4u/ZvKKl/mhooYFdwdxo6V2vSM2n3e061bRQF6CzEwLC9ZJavPGVrVbacxrafo4=
BjC9JpHJAH0jY5kktdbsHRcI+C8kKoKsCIdSthF28bk+o05WOuIbSSmLNHGFWHVNIEF9Xa/REQkzKFsN8dKnbgqxsb40vZ7cXP2BAKdjc3YIoMnkqRXVZwX2pD55pajO5mPPKCvvd5Mqroi6ycER5P5ByJDaMlTZ+BoJAUmfvRs/HpFVLefTbMzGDEiejXsyihmaBQEbOhdFf8+HjiccYFf+I/IMClUot46ojLRke0zIShHsvoQ3k74yItpmJrahLcyFJgMFTpCEQ34vap/iYMsTu3NtqXA4oWFEUQ93HEku0FNZMe+KkjmJsOYB5MeSXSskmjIF4TIoA+4KUCzIWveJ3rhCPFLWE4hDsI0ccZTkPJwYuHVjvGicug2yGU3w
BjC9JpHJAH0jY5kktdbsHbb3/4f2PJIg+r2GvMhglZgOwG0D8rdE1GyNMcKlkS3m7e5/4Jxgzc14Z7cWX/d1AZ5ZKJoCtfYehXFuzbgSQA0=
BjC9JpHJAH0jY5kktdbsHbmNfOmNJ9eU5F7Ri4rpKcfxF2rgWgVjWuhfK6MjEjEtlD5Gr2iEyA8unhkIg+MdS+GWbW4kciX6wOr2fjsx1HiDaNfCMt3YPw/m0uDs/E3Zs9Rs8oE1WAKgIokvyx35/yfPKYzH5d795NQx82pHVSmXtNgfdjkBoRAsQ/09BoOTmZ1nPgO5xM4yLtZISmn/kBYUbeCU99bZUjfACLy7pumaTAXFJpu3MjqbD74vYxLNPvJmdyFaini59/2dLQA80dtxjyFQ0h+kpE7ow/cyHFk=
BjC9JpHJAH0jY5kktdbsHbH4tcYnX7dkxo6oNUrR6acisZkRyhxc0skzsYQbgkLmmW+QKuEWgtLFsYWxqc3d4KudRuA3hGVpxex2Z88GILLG1af0QtLsgQkwOoNF7p5u3+AWcf+uqv93p9vAKUOQsMQm8e718jR62pJ6ybYXQu5w7FTCSQi03Eddyrl768qyQn4Qony7uY+xTogG9afReRjitLcSj9af5RW1IWfCVqkRhHiKYIgSQ8K9xxN7nwddzRTXRGJgiHLtdAcvt4hd/ap2CZ40ko6UQVHzxXPy6VQmYXWVUdqDVfDwkbFTqiBe
BjC9JpHJAH0jY5kktdbsHTYONgNVUhh1KIanyouSkOgW/eqmjGKdfU00VysXqyYuuyAwuxS+l+oa9jDF27thldYcyrMnzYnsUYxrHUcU3ZY=
BjC9JpHJAH0jY5kktdbsHYOJLSUsW7PVkCXSOZoLeAz2YYNxfXP/Ppg6yNKjSxudnSxzbV7CIZaYiag2e2idTS+hQZKfVjEdE4oTGj1dXnY=
BjC9JpHJAH0jY5kktdbsHUgk+UQqS6hc0ftH3S7K7BCVqJb9+S3797VEKyqDFx5kqgGP4SgswjBVPXLH6CQ/ofhVVV+5vOOe2OdCv4BOBuctIIoiQNKpG1wQJ5HUQM6TFfb81rUKCRf1eYR0ByBdpU8dpMZmi366a5FLD+rJ53Fy8cdI73mQeOlggje0pzb3gWhDyt1W8AhfI9Wv1G8z4pnI8AoVugwrstwUwXxqyzGV86oEtf5sCmPhE7YjO3m8HxaVGM9RVcevb6ZF1ttqgU0VnzRIzA6+LKxW+ycuSc8=
BjC9JpHJAH0jY5kktdbsHUgk+UQqS6hc0ftH3S7K7BDCVM2uHh7DsKS7kExq4kcYms4f7T5mhKXUPUUi/VANR+97C0LB+gR/Ph5Tkmu7awB5gPnbVd2HMK3XYqDITvv4Grz6qbiqGWMIruupDHfGN7KRcUhTz9T2bnM1hrYEb4XOkiNrw8yrY+0TUk7KtafcWTbQSxCIUzM8k6qqE1QbD71DZ4nkp3y1sRQYK33PCOKqjghuP40uG5gLweyUQeO6TeT17hTVX7Es3zbNFTZxmCmMMmTXYgkC6MTG3x6bxtw=
BjC9JpHJAH0jY5kktdbsHVy4tnDw4BOOYO+DxopXMMBdoMMpGJbxharOoP92hStZLNtE5miQCcjckSVFC1py2rU4QKBmtJFGYMmpVhxscNI=
BjC9JpHJAH0jY5kktdbsHVy4tnDw4BOOYO+DxopXMMD+Erxl6Tp+orjsT8Uss8npC31vBvElNJoxoLF7bFXLeoYOcR28QQhmRJ0cufL4A2g=
BjC9JpHJAH0jY5kktdbsHVy4tnDw4BOOYO+DxopXMMDp6UJV4bsxZs6OdQId9bG34hoRXcuJrLnUPG4Drfy+74MgF0Sj1LtUrVREytm/FXM=
BjC9JpHJAH0jY5kktdbsHTJ4ZEV5bG8mTCphs6bbRokKgTR3VwY1ec+UdMS3/WF9eKl8lSRZlMoh2lP14oFLN3WI/8cJzFfRPnzJcu6VuA0=
BjC9JpHJAH0jY5kktdbsHWFrXR+l/ePbqzXEOA8HUkofWzyb+q9qsy9yS4ZrT3jgebvR2Lh3KdpsnDRENPb/XDMo2CcfDULQ7D0G5au+Sfr47WYiVcgUYwHcZWlxcMPS
BjC9JpHJAH0jY5kktdbsHWFrXR+l/ePbqzXEOA8HUko93q0DxeaAxAx0rQQWHUpO2VF/6viIqT+cbXy8p6PzpMMLy8Od91VNeikwIi8TZk7P+RMkKfNGm1PTh0D9fTGB
BjC9JpHJAH0jY5kktdbsHZXScB+C3bbsiFSy2rdaZGGrZ5w/KVjvkcw8hBYsVLAfhETY6ye3rVHdePKovxuMgw==
BjC9JpHJAH0jY5kktdbsHZXScB+C3bbsiFSy2rdaZGELm431BB4JsoFTayp5ZkS9adD0yKQ/86oJ1mB0NYG6ng==
BjC9JpHJAH0jY5kktdbsHXErYnUQJTVLF6YEW8qufqoCTegJ3fkUzOw5gVpaHX09Mf/JGWT/aZDJigLdcchObuD59VDNle+0BpawZhUbNCArO3NbAlpXmpn5SvXaYxtGmEVAXbfz0xHGzTAQQfXq88K/TvFDZVnuLnapCsx4UbGhZvBj7qODvWCg3cEEj9QlJg9/7446ZwLIynZiNdhq9Cr/qK15IRKseFiABdhrUNO6EPeC2lHG6lmOgSUXam6r8cKmlhasylSEPOUfXjmeNkmASPoyBGjSPjB1fl/7SeB3K6JZiJLv5lMDwKDbX0S1JK3MO0Sa53iVaseaDtqGWUEk0DlicJoF+tLPM5QbDlM=
BjC9JpHJAH0jY5kktdbsHXErYnUQJTVLF6YEW8qufqr6rBpJIryw66JCs+cBWj7rRFtLJRT43YEretPMvbDTTRqO64m2BqvJkzlVKpKn8XWLmo2h/LpYhvYO9/AhlpH9U/B072k1sBzlLd/r/ityNW00/WD5VHwSk3hx5Dpr4SJVqdIZg5mmGAfWI8qHb5kHwooruFAPhKnN3L3PPe3/4HoVEAwo53NGWpwhkrtcJHbd/ouaVLc7KFQ27YobC2mr0IoqdMYWplj26NjtADZ1bULF9Y8iCD47mqNS/RzDqZmzlmER71Rr3Hgi6ObWrb+dTsePlzp6hg45g0PTonksGPz0zgxQsxTHGHjcVDRQ5b8=
BjC9JpHJAH0jY5kktdbsHXErYnUQJTVLF6YEW8qufqr7drnWiiuKz4QwHg3z3FbidaQRORr+XAluu9hMyDM5j6D/Q55a2LGXccvtWTuXC2RB/T5G6fhuB99ssSuTG5Pj5NcPRlgk91z1JmILqXnJmxLsvoXcyrQZUQhzOQzgJS8=
BjC9JpHJAH0jY5kktdbsHXErYnUQJTVLF6YEW8qufqrvVa2nWOja6sUyMLxeExBjPL3mOuqci8+IQr25opF0syoe2WQWBAi8qVaKC1AEyVSGSB2VkVSN1HhF9hfG2eLMPDr36z4Y5XomewA5WxviehVZaHVFCRpiKai+52TYKV4=
BjC9JpHJAH0jY5kktdbsHdpehO56/rBZpLOpQnU2TPcxVYFcCnbrZEkNxfXs2Nqx2t4ZtS3JP31Yx+wy8v7JZ252p/yU/Miyihho2wRxlFCUNNjYz90RAh5OKY56Hgpltk7xsGBfxbsnS5VStOe3WLV0L6PPDZCF3JzzotvhZnAis4Nyrdpcg2B8cewPB0sg
BjC9JpHJAH0jY5kktdbsHdpehO56/rBZpLOpQnU2TPfueC73YEtUFdSLiLYYZ/uNzufvlurUQlzCBX8jH/DFopoRZIQWgk7IDKu0L1G8qAOzXf8O4eWE9sMKAY7ELFcW8eZ3uOYzOka8JWU0m3WCI8TokFOO0VPPs2fsBLtmSiHI+X+BSMV8w9XV+Tj4xA0f
BjC9JpHJAH0jY5kktdbsHUXDLI39Fdcuw+IYG60FvTNDhzV3CDkyNS6QAcfYc+P5HKCRVvXvarzv/zZJXtmCE1vx4UT2kazivG1FGRQgr2k=
BjC9JpHJAH0jY5kktdbsHUXDLI39Fdcuw+IYG60FvTMeREnHhqXTrQqrxAkI+JUDMhRi1YGLMwvHvAd1boVEOVk9HL19brntEdhwL+uRMNI=
BjC9JpHJAH0jY5kktdbsHV4g7p9T3J+RjJHag0qFYXh5dll2n5DRnVKtPTse8Aaxavm36IqEswn8ifOZ9lCy0QGEQnVmxGcE6JglO/8zFqwDluqXeKaZk3N/9Ik7z/IT
BjC9JpHJAH0jY5kktdbsHRSFMPQQDFVz+0M7Xl6+xSsEanQBLNm7JDxNuN2Ju1YvXMqPNTs4rFWIDPs3MIQER6MetFQq7BTdtedIpt1wFs8Zct+xBdwhH9eaOihuAZ4M
BjC9JpHJAH0jY5kktdbsHfUmKaUy4zE4tWu6zPW8IR7/FCrLQQaneV+ZH8wuEY4xfiY9OjTgTTWB9GVBSVmCWFgnr6nbypRAl0bGOqhN8spiOM6MtqAwyieW29PIjJ1ThXD0oAgQJmhm1eBbpxKU0S3qww1B+MpPEWQl6KM0BubcJ2dbFftq815DxSVL+R6f+DF2FvMcyK9r6wu2eYmTm3DT1u41pi9cahzjdl7wEJTrKdExuJAWaFfhO3nBK7xnsXVwlefHBqZAaoEXiSSMwv9XFjSP7m942+wuSqJuPTE=
BjC9JpHJAH0jY5kktdbsHfUmKaUy4zE4tWu6zPW8IR6jnxFkCSamqEN5H90/rxJLzVT+iU22Akc9EzDlqO6x7ojkuCCEsav8+gALUQotsPEwFm+RykgSs/d3Qwe5XJ4g5awroBJVCWFdXKCsHbzBqLFOfIX3FOCCevR0wSs3U5MgBXWR3mxY9jsrbyM3ELv8RIlBxZZ728QZ5SyHepc6yYUnGpftpw9Pb36re2E24Fe5zl/R1wbftIjyxM1JYTgMUJxI/JjdO4ceC6B8dA3MytR/UP3hjlWQTRxil/RJ3iuvgsyHuioIB79nmSuu4VWK
BjC9JpHJAH0jY5kktdbsHebzEUb9NoRzUg9Qg2EuCb9409Y1nF/IlskMGSV8XxvTf4FecJJcDWER7If/gnNSb9LB1XJ2SShqSuKj6ukDKxAVHkwZibhB3b0Jv/6lOPpvPq2S7oP6LBBIbstSSoGS3qaMJJCLV3aC8IL0/57FrAXpdzNV+qbsfg8tV/a/gUbO4bNfFd/6YomSQ6XXd9kxFCuNUpzviPWp/X2zFBCv4BoLjL7WHo2dXn6QkGQ4ddd/IISVw2r0FyqXMgoLfxESCGNbXqzEZ3AsGW/biMYRGxo=
BjC9JpHJAH0jY5kktdbsHebzEUb9NoRzUg9Qg2EuCb9hEdXaF36GFzF+aqbRYCOa/UsvKMZ/5MM8fA1oWV+OVRlZcsg6ZCE/QVLY88ac8UWpsXb6vgzqS4a5/szGkzfQhf6BnlYsys8Fue7x1W1+nn9E/X4rJFdYvQIQb+6SLaM9EviDUMY8wZmH/HuikXSuLZ8pXAK4k9VSqyJiKpqymd1DaahP91yIg5s8eyL95ep+l5RQKaKHl0uqgOona+Pd5GcZmQ2mFDmsjL8cBrSLzDbLxE2TYt53qHAxDPV4/m4=
BjC9JpHJAH0jY5kktdbsHebzEUb9NoRzUg9Qg2EuCb/s10/TDtmst6tahok8vmzqheA0OOqTEV8lHHfRY0jtAPxizB1PQoCVVdgeV08pUOQ=
BjC9JpHJAH0jY5kktdbsHZmRvd18xuR5WTuEUHPRSuUpu282vW9PATJVej0SEDm3mzA60BO6JBDurU+GHX7ENfHjP/pPrABCssvF50IfIxc=
BjC9JpHJAH0jY5kktdbsHb9Bao+DwNliCQChKG/3u92JVGQb2+qenSEKa3LQYlkfwpr6+aBEuh5M3HE/k6m40h149CvTYL+50WaS3jEAMyg=
BjC9JpHJAH0jY5kktdbsHb9Bao+DwNliCQChKG/3u9101QJy9I4LXDqKKv8FKR4i81oqD7zXYlKbxLuG8A2Wg+9dWBchecPAUkMFyHiwqxw=
BjC9JpHJAH0jY5kktdbsHb9Bao+DwNliCQChKG/3u93wRwHUYaRQOVhzSioSyjFKHch4pYWNA6pSMiSlVAcpBZJ4rKiZbNOQeCo8k5Qom/Y=
BjC9JpHJAH0jY5kktdbsHb9Bao+DwNliCQChKG/3u90qIwCS7L/RcfQZ4wy4Y+MrvME7CfIVlH7VeIXm89DxxqiZAKlJSTNi3n3aM8BiM78=
BjC9JpHJAH0jY5kktdbsHb9Bao+DwNliCQChKG/3u90Lcrmmhv/cnfp8cVZ4PZvtqE8T/y0JvFGLvRP70ZUKW8FwkWdeFwps72sAVAhjrlsh1sfnVFTZj4vQWE2BJ3SB
BjC9JpHJAH0jY5kktdbsHb9Bao+DwNliCQChKG/3u93qtbACUu5oZsdb4Dw+GwYqp/uHf/5IsmTx4OTYjTPAljFv4N06bAK882+v7IvEABMxtJxexGOGoDTvhxsoBdly
BjC9JpHJAH0jY5kktdbsHb9Bao+DwNliCQChKG/3u90AknUWWkjiRq0g/Rf9NlV+ho3htVctuJhY9pPpDW46ag==
BjC9JpHJAH0jY5kktdbsHb9Bao+DwNliCQChKG/3u91JkbfUFNgHR4lztsAaLNCvNgaeOJvGOwL5tN+44VMH+w==
BjC9JpHJAH0jY5kktdbsHb9Bao+DwNliCQChKG/3u927weiGeRQS9iCWWZt7A36R5HEPCvHm50Tdu3Rzo11DsQoBjGqtFJXCpuDGN35HBk4/cafd9FygBG3BPtA9juKtfCx8uawedWGa6ydsWTGhp4HaIXHi+4hdpg6RiqxiyGqjOkn1xhBwxg9aFTus7GkfjfbAbVFlilVH/JDCgQ03G8mrU6XfkkU/5abFmPgIY5QA7lGQf5E+s/N83KRRLqsASKR/wfiX0m6qaHK70GpVOwXAoeaQbaMhuy3of6+ktzUCRVOQ/pnVjOnQ/7SFpEE178xpKBjoUO1ZhcB6OZUSAmQwulBcpkcZL/TXdNxTPcM=
BjC9JpHJAH0jY5kktdbsHb9Bao+DwNliCQChKG/3u92xHTz+XbsmGJz+sM7cUqeTFSDn+3/igd6Oj83lFgrbI5mF9d7vM/P1R+lFLytQV+8e7m2ahhWZM4vZz9H2gLL5DhfxWQapRu9aYYHDrFKkMTKc0wN3I5n7ESAORQ2WpF/4t4C6T+I05p6LCjINg1fZYnYnxvy+484xRKLXtZKhJKoyOlV73vKZ0/Lfj+OOm/HqXLPUVGplAeJOWC94MGMixUwJv91vTjUuwMU6wEPs9UMkzm3rsNfxVno42t5LlY7fEudaGaU3JItqnbh0sN4GB8iu8NcSy4b34tbu0ZAYrUixvEkuH4lB5d79hfSNuuo=
BjC9JpHJAH0jY5kktdbsHb9Bao+DwNliCQChKG/3u91seJ2ynE0wywZ1fe665tnW26XeowiK+nm4Sf6K8STKZyvJEzhxG7dE2E8zj0LyRqIXfSxDDWodDmCDlD1td/OJg4uN2YQaTgv1rwK8c0k6Q+0vpMIVP0xKD46im+nhfms=
BjC9JpHJAH0jY5kktdbsHb9Bao+DwNliCQChKG/3u908UXyS9I2PFx8+yh/YCBNH8abHMNMSWG3sLrjo9CMskeiQo6VCNmF1kbrqUqLsRmrH7JusqsweX4BGIx19Yyada/v7Bie7UbmkITx3pvqc9FIizdhopxcYDXERYN+v/7g=
BjC9JpHJAH0jY5kktdbsHb9Bao+DwNliCQChKG/3u92t4FBpHnqGt9pQv/ZLGS+Rq4VUI/EsfQdoVxJUb16Nt4GedZ3/5cor3eBLRC1u2E91TaECIhiOe2dB4lTZTrtWGuPXcVr1nFnmpTAaGYvIigz6QtFfhJxddopbRWLVt2WGK52GbUnJGZEAjOCnBmfW
BjC9JpHJAH0jY5kktdbsHb9Bao+DwNliCQChKG/3u90j+kvmgbOKSVrO0kPxTvnYCaLXISTruQhGBD5XgPrraiglD7mwsC0V9W/R90gusukMXMIJH0eWay/U2M20myDU5KoFWgfAC2AhgeOUJhSTLwfGpAW8o4/oK90SJQlQpghDocoQEAYqrET2heXzOqtB
BjC9JpHJAH0jY5kktdbsHdb6pfhlkvOWk75GCVD3N8N+xKWE1lVTq/ZRV5qJ1UJpT9wODmR4g3xDyK6xz/T9zJgQ/t4KS8Sa1iFsBxnOkks=
BjC9JpHJAH0jY5kktdbsHdb6pfhlkvOWk75GCVD3N8PuVHOlq+fmR3P/29i/M5zNK1C/ARuQFRxE1tRtAw0fGIl6mjMIJEfRGfvEFABibAQ=
BjC9JpHJAH0jY5kktdbsHdb6pfhlkvOWk75GCVD3N8NFcACuY05wP/zB2bBp0O5wihKev4G7XivUz1BzCQuQ1fqZrEZkvt8Gx9tl2KMpq3jpAoLQ6jbp3+cuvnjRxplw
BjC9JpHJAH0jY5kktdbsHX+Uyu0fJ6lS/lNWg/GDMDqc5iVKrIUG4j1XhHmimNONZ7oop63dtJPYN72CENCv+zKanp62bBtCXwQN3+tzkER1M8XkyhMHYTgohxuyJ39b
BjC9JpHJAH0jY5kktdbsHVqBucKxjh6YsUj0FUZO6VM9JEai/WtOrtJlXF+E/V0WMDVjtcoDmaoidKoj4251tQ3aWmOxG51hrYfIZwvXmhNSfQPdxMRF8OpbwH5EH85slaESZawuka/KOFww7aDfv/GJvsx4gw85IArGBHf1/XkqF98k4ZJlSJX6X9yCq15z4lBbqZUcv3ibrjAUSsrtNea/zRkQY7Le/Hgi7Z0BN1BJxRUA4tTe1yB5klUKHjq6AVgeaCpj9ZIHV/U4GzRp6oChPeuLoPZEk2BK9IUx2gY=
BjC9JpHJAH0jY5kktdbsHVqBucKxjh6YsUj0FUZO6VPxXVFm0/G8znkrulRgLSSNN1wc+AJW4e5EjDTgEaVRXjT1oXF706xnjQHwRW2Ii3y2jhi+kPJVybQdbYvNN650TAvpieSf8v9yEZT9PpeSwutWxwpQ688SJATgTIJs8bYpEGrFWv90+cJi8gwkK2aB5utBPLx5KAXJeFRgmW6srM9AJqsHiHo4E8lkBfr+6MnsA2PuRPbjYEvXQIgrd0V3w+HCF8Keosv0BUxnR5pzwnhfq5Ck3Cuc/FjZH3haYK70g5gWHq+npMItiUqOJjdi
BjC9JpHJAH0jY5kktdbsHYYrVgKzeUmmCW3v6505WvY9OP/D3hyuTyNJbrziJwElCX7I5yLgLlOIvajmpfjsTq7OgWWzQHWJBCdskGRSS/B0o2rr5HftBdF9njLzT1YwxZSPbdlxvl4xyLUSgcmIJXeQ6HUUJIs+KAf1NrlDei4I7T15X2gvjmc4QWfZ5hgebvODndyCjlnVLEKVy9nqlBzOqGolGDKAnyhnki5ntBPxdH3l/IFEwA9mK0vKy47qhBltVOLR9nOG/eeXSsgK7/1ka3pRghi5wEcdwyrqmsQ=
BjC9JpHJAH0jY5kktdbsHYYrVgKzeUmmCW3v6505WvZ+wljyFb/dfFFBxaNHRv4eckxvsQrKO/dIMx+Gu2Nrrpbco5bm4bISL5e5uyq0JAUHgpTgDSErduOqartkqCxU7WnRRV64MHmBqukcoVxLGFrIAOONNBsBXsdjqNxWluyFzh/rY6mvPAC+y7Hicq4EUqFI65uAUTp297s1E/pbGLHvvH4eBNCVDyHi/5kqTfuemrZG/ffEyCXd/LN6kMcbMyRWnkm0eamGLPBl0Pg/HdCIHP6KsXK9RI4R+xZX7Sc=
BjC9JpHJAH0jY5kktdbsHVDThfb1Ws571h87OAdUkUM6ve6MCoG+VWPkUkV4s2UbMxEyKm+asaXOaG7EqqiQtyJc9W7xtS80cY3ra7MJr/I=
BjC9JpHJAH0jY5kktdbsHVDThfb1Ws571h87OAdUkUO52ZCLZtZVHuFL+mBV3rgRwiQmA2YR8gSlY2wOD8++Hfwb1TPywEu6TWMIYw7xbGg=
BjC9JpHJAH0jY5kktdbsHS8SnnP/92RRX55BK7jnXhy6e0GnHuBu/4KoKHfv/oo1WAwZ85Kx9G0FSV9mhk0m+NDlYZgXmugxKEWIK771kf8=
BjC9JpHJAH0jY5kktdbsHbozcQrSQlw0fQk9ef6sEB9Bz8M8iuVoT83iIT0CLwa5rA3Sb+Rcq3BuwgCJnmMXliPXnVvhrJ6e/oUqQpXBtS0=
BjC9JpHJAH0jY5kktdbsHbozcQrSQlw0fQk9ef6sEB+Rv9muuS3HnSNfWuDZvqpt/i1zK7bLhyvqzlsTM4bFb4azkKvuJlFC8Uz7jPnh91s=
BjC9JpHJAH0jY5kktdbsHbozcQrSQlw0fQk9ef6sEB8Q/NAHvJ1TlVb4sDTSOPaK8L4pzg7GWAkkVmwfExtvvZOeJH0KHIa7C6x+Z3mhbIs=
BjC9JpHJAH0jY5kktdbsHbozcQrSQlw0fQk9ef6sEB8dcRSWne0XCrjCGkGhCFLUMh76Q9igyvpqTuVevV+u9e6Crx8LXFpKDuAYzRMpG/Sl8QU6p1Wpx/JvTZh6zNAD
BjC9JpHJAH0jY5kktdbsHbozcQrSQlw0fQk9ef6sEB8JUsN3R35M/gZyjsWtjW4pf5IbwdOezxevTj7If4pybzNA+YRDvPjhXsfryIzynE49RjtTHWRs1l3oLiEjarEa
BjC9JpHJAH0jY5kktdbsHZfdIABwt9zqKXc1QJ1z2xis/TplE/zOL4tfAeBKvt5eYMvV9sMfX07PLOsPtoueyQ==
BjC9JpHJAH0jY5kktdbsHZfdIABwt9zqKXc1QJ1z2xjcufsUIds7/d5gl36ex4Hzl9DwT0Z4NnuAlnJmgOEOLn1sX1rk4tE3Jg4zh8FBSaBi69N0tekgJ/+PsH9i/oaqkPBErliu9OS7wEd05Wv03Ek5JB/hl+gsmFKaOe5u3fOt4bwLdZdM6WD4y+EX/sb+zdHUhqEvmr9v0WVXSHXISHrH5Rb0rZ9kqq/Xl/+P858cWTmOpQwhEn+Y9IMEFJJbewiZgORAlaebQ96KUrAJEJXp+hfSOZ0NvmEtcWC7/eHAVeB1IhS9T0j9JsDqpQJl9nLEN+RL8ZDjgIe6Jca5RsWeqHwBrZgLzsdBtZYwvPY=
BjC9JpHJAH0jY5kktdbsHZfdIABwt9zqKXc1QJ1z2xgx+wElc625HzWp/f9E8/uLGLLXmhJYoixAo+5TUGnvRp13DBYvZMuRHvcdW6UH39IvS56wSKoHagSHj+aA5cmSkCqGhy+rbz65a6JjES2xrrC9J9f6JuxO/6nxzStQr+I=
BjC9JpHJAH0jY5kktdbsHZfdIABwt9zqKXc1QJ1z2xgBTuFg6nqHnzc5ErVusmnx/GkOmkA0F2P0J9ISCMJHktJdC8cUqCuIVMLIRVaeOeDZI+Muo+FJJ8o7kTK1kndtp3B9aztFKnjWihSjnHSBs4XPdQMXvp1aNZ+QyG1pZXTx5hpLqdQcH25aRYwfpQh4
BjC9JpHJAH0jY5kktdbsHZfdIABwt9zqKXc1QJ1z2xiu5jXnAw+zv0SDjxkihSPBztUmlLU78dkVy0VwhXg/OePSari2wlI2UBw/GuEngjo=
BjC9JpHJAH0jY5kktdbsHZfdIABwt9zqKXc1QJ1z2xjmIPCkBG0B2vvDBklee6+d2wEPDQqNUfYjdTEF/qSQwg==
BjC9JpHJAH0jY5kktdbsHZfdIABwt9zqKXc1QJ1z2xjNlq3dHH1WpUoV7iXdcXep5nKOcixsAHHKlVvDUyB0VYUz1RnsBWwFp8w+D6VYdFOm4OstETpRe9yzE9lTIHFfF0IDBLvj9cid82/lFqhZW7MJ8fxzT9N5rVvDUkxzWhdiCSlOt/DMNf+nu3Zkmt+PUtrjE28iUXC1C+T3qvrk/uYNB43pqgCXaRFwade/T09QHu9pKKXX+AOfU70ACzqEyuMYXHK8qfawDXwvP4JEMOujZ4O9DTwI3Rfl341y6Fgg2k2ZYqJZunLxg8UArPcDbP+b7iZZAigVoMpfV6YD4G2L5RQqq6kGdqm4E0qKhC4=
BjC9JpHJAH0jY5kktdbsHZfdIABwt9zqKXc1QJ1z2xg7WrMAkevspAAw8Qu70ISahNKeBvO/UN1uUfqZUS8DJ6ZMqpwvu2Dn5/BqDX94K6vwlP5V1qkGkkUVdbfZ0ADEbnqf7HBWfGJWpXc8kB8BYMge9wO0yDc3/5iTu95fX7A=
BjC9JpHJAH0jY5kktdbsHZfdIABwt9zqKXc1QJ1z2xj3bGU1ounfdzEEmSak2xxNWSKewmzayCl7UCcajFikNW0GOGJ34xqdDDExIHWPgofuXTuh70D3X5Hh0qTk3LSGkat+BTGbhrFHK9Nkri/P/HM6tMW3OrsGTxdqnWANOmEBRWVLJinxWDtRLV1AUxND
BjC9JpHJAH0jY5kktdbsHZfdIABwt9zqKXc1QJ1z2xh4Th57iMLAzzQV6ripF9H4lLhQFnHDeL7NhjJIViv4+dLZkBYsiOBqbJSd1S2bnsE=
BjC9JpHJAH0jY5kktdbsHZfdIABwt9zqKXc1QJ1z2xgfk4J+/B/yMjQ02ROnjtL9I+RFDc8cavw/MqOkLKZ3sOaoiUG5BYl9c7VyTO2Te/Ny8nJbHe4uhMQvvWTOnFu1
BjC9JpHJAH0jY5kktdbsHYJ2usZSK1gliEHHjCM5CTLNkuRL8RWzRAzh7NiKV5RT+KZ2lBE6WMWKgNuxJOFEDAO72VOPr4J9aQpXlsYf/ZhUrMtbZDjeN23aNyqSBjwQ
BjC9JpHJAH0jY5kktdbsHXQvc8xNRruQ2uSTbzIggjh+rBQj+fDrkOyogPbZQlPzNpqiiu52/QkVGiEJMnAiJJjkqRBGaQTE5pvg/6ZPghFAn6jC5gc044hpCfz5fbFGAg3b0kE+7sLIGs4AfhncLaeFo60mhSTM05isvUjz7dlipddwlFkh1Qi11tWx87b4MDe3bH9+3RKwzg+KixkFXKray6F78pCg4vg+syES8UUDUI2/a3RhFjlQ9HBvs0ZL/zcHDwufkUVrFCPFwhNcP3s+XxaSigeG/Sj4Hpj9pMs=
BjC9JpHJAH0jY5kktdbsHXQvc8xNRruQ2uSTbzIggjiY/+x51KLkBhT+RjVa+NE0SmQ0/BaQYs6iaaPEC+wbhAyonoaKweSl9cgYi9PjOEEgPMFcO5Wbvl1kgxVXKng3NIiVU8oumFJqMB2NlnNkexOhIVnCVkS3EVxFZw5hxLBuVuwc3tZaueSyTeGeMTBtCtMMEDTk6qcrqKZd5qDG8AVej1WpFlXotWUS9JNMQaeBD50PlCVIgN3YHTdV01cChS4iTVVC+bkCLL/IVpqGnmwNgWkTHnsy2zVds+r9dLjuCQMy9sYrYDbkaQbDXEve
BjC9JpHJAH0jY5kktdbsHXFBhIpiIbBeqpaozFJfOs4HUJf6bNAIwotP3LEBA2/YBEFZcHiMnKDWJ2BkHQX+MZwDpfB89HF/4MiyRKWuhtA=
BjC9JpHJAH0jY5kktdbsHVEqbjKDNb73HHR8zqp7Hzuu55qSlk2bMQlgb+pZohEdv31aLy0t+p7+91HFFhdAuUeYF2m/6VRA1tx9pSzRuqk=
BjC9JpHJAH0jY5kktdbsHVEqbjKDNb73HHR8zqp7HzvRG4d7HuXUGfNPYVcjq0e7jQfRhfxbR96I34KKwqxQffs8VcZ+uZvKFy5D+tgL3KNL26tkR4f0oVUEEvlvLxqB081vaQC0cgJebKBNxfCkSZLVLQtcPkOlfWNE3xjpZ8tRkCX0rOUqtst8VnZFan5n2Lf+ZsEc/8RyLD9gRTpXG0mL3L/4xgYQCRPVbmGeu2VbVyBNDuWVOaNWmyQQEbznknrFGNmf86KWjLOftXTycKXMoNbx65FLE8Ana48ETXk=
BjC9JpHJAH0jY5kktdbsHVEqbjKDNb73HHR8zqp7Hzv3N0ZHuratqqnha7eDOK0v+MWdpupBW3C6vTrgSiwyxyDR4l9PwmhrWdwUZ6EMdYAjca/37OZXmAf1IYDamJjIj8KmeYIjsyUOnsJr/GfAn5ZrWwq+Xaa7djPkfrO01kBdFzIn5sZAqvQ9nU4UpsPWd82sWRiXtiAeX/y6LZfreKalZy9sgyR3eP0mef2j6/c6mq4ODIkpaWGUfdhzSk03jjXQo/tGOsPBNU0RUHwaQx0lZfOw4JP2gU0CrdUn5yk=
BjC9JpHJAH0jY5kktdbsHdBeDbKtETZwmHyw9d+/UTqUq5StPgN5krpOTAAtXtQdVXyTW2OPZoSYRy97xaHFHMurzRMZMapNkXBO0ORaJfQ=
BjC9JpHJAH0jY5kktdbsHdBeDbKtETZwmHyw9d+/UTpw4vZq2ZcAwXSMW5Pfu3Vl/3U1xIlndnez76ZSLvlqdWon96/hcpzAx4MT63ikPsc=
BjC9JpHJAH0jY5kktdbsHdBeDbKtETZwmHyw9d+/UToeGyE5purP7+nXeY2iwTyYkox/ckJtbFVNCSuRt1DJfTrtU46T8Dc2zOmPug8k7Xg=
BjC9JpHJAH0jY5kktdbsHdBeDbKtETZwmHyw9d+/UToqRip2xvVW858ltgyCs8w+mpYOqYI0a+ACw8SNrcodeIX0EB+X+T2I3R2zmLStScREQ/oNeBS4eqZu59zZl8Xq
BjC9JpHJAH0jY5kktdbsHdBeDbKtETZwmHyw9d+/UToivhlSRlCPicIF6cuj6uU/WvTp6EwwktYNzVxGEJ0HFA==
BjC9JpHJAH0jY5kktdbsHdBeDbKtETZwmHyw9d+/UTpWPTC7L8/3J/qZsGgXO5N0oGOR1NP1MhPa37vctNpyUdEupoEzg6/S5PL8uimLbqg=
BjC9JpHJAH0jY5kktdbsHdBeDbKtETZwmHyw9d+/UToOXMLhyboNUNVVfn60tHX1AAEmmBxx62ugfiHORfLHjFrgEiXYj/jFL9Zf/ho8OjDtIWcxJpy7OfoZCr2f4+3RwDQU59lUPRuDxaDJLyEa1E4BF3MkvhFFgOqc2jWe/XPDMbnziLMNp803u5L4dTy/py1VUA8P9Nx5TNjARd15lLBBNeyPMUBK5gTOibqDpsikP6c6Zs+BuAgEcJv0smaDG3ld8MWsLjGHGk9ROgoQR/gRjvfP5sWU5Wy/1Fp2iy6ExtxTdvh6BGrUTmDmTvBkZizDbEhIaRW6lf4v0V4uBv+wDPjsUzUFJXtVXKTL1rM=
BjC9JpHJAH0jY5kktdbsHX5nLB4vn/Y0kWSCAiI4B8xo2wcCjbn3SNW252KrLQe50uD8Nknf2W7RaA364YehqE+c5ICzaFtSfg6Fvbkec1NEt7ExdLlODF76sg9ia+M8
BjC9JpHJAH0jY5kktdbsHX5nLB4vn/Y0kWSCAiI4B8wbzdARghdIcT9sw6B2KaQ7iVbM4kQWiTAKlSKN+UsrWg==
BjC9JpHJAH0jY5kktdbsHX5nLB4vn/Y0kWSCAiI4B8y0QRL+yhn2f72GouZ6XB73ZOYxZ8K2QGTHZJQAYqekTh5XdNSNVzhi48MYEfhprDd5E34N401tDQ2Jm0YZR3oZjrQG567pqLpN+NAWIN4NmKCGyvHX0s1FO/+dkyB6PqNzoxiBEY+871boWqQyTmUaK7r5Y/WqVURZZGunhXgnc70W2SPF36PkIIbchKGIyz7kCZ0tF1rU4CIshtdPoZoKh0Er409O9tbrkKueUmCMpYBeeROVoKJ8QFighniSgUyPgiLqsjIgbLrb7yLRB2NvhnIXW65Bu7yzseuNuYOF0mpjCMZswfuuYaKMKXo0SM8=
BjC9JpHJAH0jY5kktdbsHX5nLB4vn/Y0kWSCAiI4B8ywkfNa3qQ84w8ASEPLXccAqi3M0YtcpbJIJ7+EyrbQSkRckt3Wos6NNWgZT1CJWF9cTvxRi7oecVY1ICE0gA0lZ+h5XfDTQ9tvcPKXv65MH7bTVjo0IaEn6TXTzgSPqpU=
BjC9JpHJAH0jY5kktdbsHX5nLB4vn/Y0kWSCAiI4B8xrIe7c7iaQg9o2BSGwsQQbYTaQ0dbai5ogYXtgZkQE/gRuuFP36p3ITTbC4ZnJ/95H1VCOcqMSJxOENR4QGJbm9qmyEUT6mpMFCAQWpNu9zGpoeERkVrO3qyzAKabZpANhcFmvu9ADaisafBHLpyfP
BjC9JpHJAH0jY5kktdbsHX5nLB4vn/Y0kWSCAiI4B8ze+OLs4L2MyIxNkqHSvYVoxvxVJhBBC6z7etxan3i5D4y68iB5C33ruOm1vLVFeMc=
BjC9JpHJAH0jY5kktdbsHX5nLB4vn/Y0kWSCAiI4B8yWmotPK4XLYYFewr9+dy+qODLpL7KhuA9Z5xg8qxauRS8/yOK6/VfYAVn3sw6WyMsHsoZ5LHBD7bBxuz8rw3oc
BjC9JpHJAH0jY5kktdbsHZqcEZlf3/y74vfWrmX7q2TwVGGoOr+QQN1f4mxNqeLaCda72h/Be8O0VR7/vFILxtwya7w1KZ64HLem1qiJdWFf+iqRev0z3LcpM0fwFP5boQ3CMawuld2VOzEGEA22UGua3NhMLE8+9QOcKR+5rIc=
BjC9JpHJAH0jY5kktdbsHZqcEZlf3/y74vfWrmX7q2TXmLQlYKFa7ygdNMltJmzlhyzjpinj9NDVimoemjIZehxeGryj691tv4WyoR8sgYxDalcuYuAfPGjz1o66XcIPBHErm2V/L7odSEI+csnmz2yqFgj9u9f/6guAUjBguV8Ybtd47d8dY32ltC1FWmhT
BjC9JpHJAH0jY5kktdbsHZqcEZlf3/y74vfWrmX7q2Ss07FGETjLg5l1c7lVXk68AFXXulgH4uNRncBYTSrHrXUIafRHO9CVEfJf74Df4EQ=
BjC9JpHJAH0jY5kktdbsHSTyteDYL8s+lB/U7Ev+NuQJWtUA801XPKSvlg8IUWQbhyhyicQeu1VhGkw5mvw4/6UOwYu25khGIceuETseuL5QE/G/nL7Hr+9Rmc4vopsH
BjC9JpHJAH0jY5kktdbsHeb/XZ+WWXiGwFXG+VCbE6pVtxcgnSfZoTwJnY5qfqtaZlZDpm0Wgs2dhUUneT27fSbl2YSmPHe/tQ/JlD7W1QIFX/2fWgrm7OqpNYLo8kQhulDaceK0ue9WztIdrlA4srdp5YQ1Xw6zBTR9UFuLAXLrhQjEXUiAShTm0KkXAyxcOSmcKM3wZAgtwoKUAFLVMPCflI0WkNsscABW+6wmNfpL8LHIJ/wpJieZ58SLaChutZqDB125FUnV9auxaidvlp79/aYHRF3hdjY0jXwcVj4=
BjC9JpHJAH0jY5kktdbsHeb/XZ+WWXiGwFXG+VCbE6r+Y1UDwlZSHml5U3DPM+2B7NsEGSHgOzZ1a21tC23fV6YihL7nqrwFh4LwlQk4E/+arPHgAVl1mgqKS8wMKFvn462hILuxfHZfaoKVl7fLuDG/hzQgfhUc32mw1bS27YETskTX3TSX1aetCzF97O2wdjCuc8bWv1PCY1q3sFDJMMfHeEjiRKceZE1VyaYGxcTE8ipAKexMeGLN76wF2TK4uuza06wiWJi2/05g8jxPGIBRFfdLHyUCVIGhjY8I1qem6bbsKKJ0FUqWsyYuOGGY
BjC9JpHJAH0jY5kktdbsHUwhd4/NQTuqBGe1ZXrj5/7oqjjMGbYAdk/Vzl51rD0zRWzO+uj17haV9YBxordvHWoeYDBU7EkxnH0PuNJednE=
BjC9JpHJAH0jY5kktdbsHZY0s+XhGqpPznmJTyEecFMj6xLJf0YTg13qtEVq/MauqkMyhPq5gykNIMXTHmoTOw23qTNaRbE+uOUh2UYfx7c=
BjC9JpHJAH0jY5kktdbsHehIRsdJ9MX0lvPjVRpEl8n4TvpG+eMoIT5SOE0wxUXeYraZainR/V5eH5WXnopWJFHjH1LEJbN/htQCELBWzcsCPrb8jW2VNMfJ0vW9MiKJ4L2xAbrykqa+Ud2wWcxsGsEUSdpomddlPWCTmcola4PcXGzfjMAt7CniAHCZ7eSiS97+seZTSCus2SV4gRaqTpQEmuB0PnZ7wda4TE3/hnA2wSuA2s61JeXVVIc8kUYMxIiTwxD01IszX/lNu1eWv54cJZmeT1rDPLs2U54rls0=
BjC9JpHJAH0jY5kktdbsHehIRsdJ9MX0lvPjVRpEl8mm8RnFYwuYekryIrWmLnjhx+UwFIcHkRJcXd2vnfkopfcp280WFKD+rIgNoo26piPLDgp06vG06Sh392+bNKCN3lHHX/AfUioW2B0eBYidC/HOUDBQBSqhYodalSu3lJBhxUc8yaZY0DNSLeQa6urcEqXwrgQdkChPnJzQvk3Vi6htA3+GTWxPdqDg2cEq5LPODjmIfLrE0Eauja7LHkkfXY9XL7Niin8W4f3N8vufXur0YlM18tOhgRsellp9saI=
BjC9JpHJAH0jY5kktdbsHTE2QN7W4HhM0m3LSLT1BvjZcE/gXYuxd5jLD4JON5mh8hpu3mIOmEEuOwRzPdJmrzA1iVPhao4QfZudjsPTUUw=
BjC9JpHJAH0jY5kktdbsHTE2QN7W4HhM0m3LSLT1Bvh2YkHoFGWGgnGVkY7F6C8KOAjXVHh/+HF6pp4LB5yySA47c6ML5PinIr7jAh8ockU=
BjC9JpHJAH0jY5kktdbsHTE2QN7W4HhM0m3LSLT1BvjormS42AQz17YFmOwuw3cBDcrwKN801H6AR/K4mW5AlJ8Tii9uYZ0+QY6w72rmbWk=
BjC9JpHJAH0jY5kktdbsHTE2QN7W4HhM0m3LSLT1Bvi6LiYzJKZHuV7dP2sON7H01LwxdT6cANWqlxdpL/8ze69i1fHPw8ZTdUW5dWFbPEg=
BjC9JpHJAH0jY5kktdbsHQqnUAlFWZrOnsB+lazUK8pJqOzHLlUjoiXvvqgTUPmJxpXpXUzzahoTS5GBeS/qMqg7p4e2sdlgPoUzb+5ZQ5Lqt+AeyDBTNFNvG3sFqyKb
BjC9JpHJAH0jY5kktdbsHQqnUAlFWZrOnsB+lazUK8pgDLGB/QH+KrvmKRTtone3atFdHGOrRWoARJKMc2Xqrz76aJzO4WWsTzlaVwpUb8zSH0r4xh1rBY8sj5VBRcaT
BjC9JpHJAH0jY5kktdbsHQqnUAlFWZrOnsB+lazUK8oBnJLBYsw/991SY37Mp5ZGpr0WQ/4qwd9T7Z3hZbpO0g==
BjC9JpHJAH0jY5kktdbsHQqnUAlFWZrOnsB+lazUK8rJdxoscsbTUKQtc63Rl21+e/lD6FXqWiHQMFCLPwCmNPqpnqwoVlkniReWz2HJuHCvNu8AdELVMWh2Fg3ZAkIkGH8PINJylA0vmQ882tkFz+DBxIcdmuXq+v4E4nfOoM7dRK1oO/eb4T4sTIQptmMqiZNIedvEuwPG3DQJzlJih6yMTcK7aEW5Xo95XnSNJjsYb0P8++/iGCqmzy5fo+OKlDuka4vGxkgAkb83GHkGFMci1qjFId6hVCVkl+0eApopJvYfZmrOOawiA9fS1yKPTF1rECLkieor8rHsn6L9Cns8sUVONF2PE/ifLQZ8c3k=
BjC9JpHJAH0jY5kktdbsHQqnUAlFWZrOnsB+lazUK8qfVV8fQ5Cp2MwU3a1E9QYrkEXnCV6XxOgGbUYVPmkyw5H76mtIDOdywHhRGrovkWHnXiwKVfo8lkjB69t0hkb8eKdxMMrQvcKznZ4N2eyRSHCOfEggpJ8mx9To/F009EM=
BjC9JpHJAH0jY5kktdbsHQqnUAlFWZrOnsB+lazUK8r0BhnCzhIUsDVp5pSUMP+8wpocdB/oI2frXIu20Onr8Q==
BjC9JpHJAH0jY5kktdbsHQqnUAlFWZrOnsB+lazUK8od1BkneuaNzmiM11xDkjOwqya99/quATzjJQW815K39KCxc2tYqjKFvgHV6qd8pYi9DVZJKdJM6WnhaoDimJjxAAWVnBGrcg29S1VAdxrRZCkIJUes7Ta+ZdEcg0Wr9ewQBaL5054aokprhhEZpZy5OtPLsqjRt74gJxJTs+vaGCQy2lYprhjMGjNP6QxKq+vFC29iqD2lBbNm6mxhfbeZsIVsXTROJKB2A2hFRYBw4lhu50nYlNecUq9ne9E/X92+Ed9sdkbpX8oBKbQE0pVrx0htFb8Xdicvn1z1rpNoZTyHt172HU9OTxRSjpGB0rA=
BjC9JpHJAH0jY5kktdbsHQqnUAlFWZrOnsB+lazUK8r+lwwm0k/NwahzfBV1lb4+8O9+S5t4Cc6rvQ9pSFlTjnk5rsOyVZGw/IC5+XmIlrb/3NszYsM8APbqsNh18PHuMIyuNb7xhMIbmMeePJsSQovPPOFICBFDl9cFMbDhnd4=
BjC9JpHJAH0jY5kktdbsHQqnUAlFWZrOnsB+lazUK8on35a0H/yzQu/rT210bEj1qVDOsPllJG+VRXMJO7SaHDIqw6QnTb9nVpfsF1v0Y/OT+hpbZv1UOv60WSzvH1Xj7MSRxoNkjO7+pDvi94eVgYHKcvS7VkJCyDugZDOkYI5F71pYjS5fbj6SYnfX3tP/
BjC9JpHJAH0jY5kktdbsHQqnUAlFWZrOnsB+lazUK8qDmtu9qosgNUQ3GmOlYd7LBBLsYBOZRScC2E8hxsspbR9wU7NRLY7uxig/Eox+kmGvuVUYPezaiiWw4/LW+7iI0S5s+qzB8KsMtkErXOTkAEgYHKO/Q1XLKtO5b7+aPEhSdYbl4emdpkKj4Z/nK9ac
BjC9JpHJAH0jY5kktdbsHTvhJoxvv0WustOLViuqlmATywJBN7Oy+IkphHN45FwOoKC4GzycrdUlC5OEUg01HMLQHHlhOuJ5U4FinZdj7os=
BjC9JpHJAH0jY5kktdbsHTvhJoxvv0WustOLViuqlmBe1CPnY+V20HBTNjHszX7lZnxMh7NONW0vDkYQKku8U8Zm6hY825N6ERbE1aKrn2g=
BjC9JpHJAH0jY5kktdbsHTvhJoxvv0WustOLViuqlmC4cnqp+Von8cXUWjJ/IuREY4WbLHDQQMPAHCIMA3e7fTe9pqhCwLg2MvHb2qA4Q71wVfJS3MY0Hwg5rNCuR0xe
BjC9JpHJAH0jY5kktdbsHfxIR3Rgl118vAy+4z82Behu7+3yE8nAw8A8+CNDpaa2qO98ixgYoR5A7yBbD6Ul0GEBBkF0VvC5NMuxdxSdHAGAIf6LquSbjYRMbFkH5i8s
BjC9JpHJAH0jY5kktdbsHZRNKJUSroK7wvYLB4HtKvCIRoLX6WdqNRVlxT53TbEB1Hhoawt2sZWy3nq2ZPDJYzhczQsZe3c0BfVOwyYCoBs1N2JuWScmn3IO6e+nIPkDewcBIbkz+KxVts2c/k0bdVt4bNhrwvZuwtC4H0XEp76SnxYJr+6rD/rUUH4Kt9uNWFgvqqxOdJaeIWEDPRuEqSULF0ds2eGJqKQkrDAvEnfDRxorBeDHvMCnNQBU5Y3yIOOIHivEdu4PA82g0TDP0d7XynCImt747L30s4b/IB0=
BjC9JpHJAH0jY5kktdbsHZRNKJUSroK7wvYLB4HtKvB0hX8UXSjScbhdL0qTNzsTOLZgno0ed60NpBh9p+La2nHpgOfe2FHnmGXgafie4KBXZRmFQhVIBl6MibccujbGFUo5nnSEvOm0gk7icxNt3FjiZg2vMlrpM9DhZ+kFaGlmSk0322PYh1Vj2DQb1VC6s2gFtdMkECzKKFZ1iy4Pg2UhLld868yOT+5GKo5LS0NJMnFp1NtaZWzxGF/kpCD+c9ukhLqTfONuJn3sGBKFeHjxyAEZdrIh8eHDpVEY4ZxDUimulMBB6eaT6OAFGbvd
BjC9JpHJAH0jY5kktdbsHRBbhFkYKHaPVZBDRiBdRZ2RoQ0j0JiMyASCBOft2ybsj1qHJentCiWN8j9IfDkGFhdk99GsvI2y7VjJ7RnVVcAA93GZbvYYacBhAjgbZH79oIXZnolD4aDP8DXkFW/4K37bqchDTxXXWYVA4sNApE2iPSitdFKP4ZVMN3Ev2ishUjY81pXkVclv5mhudAIoTleQTz7lxNL2BUIagXJNVKAqWnkxwH9ACm79sV1U8sTqNysz9OsEu62h6N5MpkmsjcXGbKfgR/MN6TXwAhdkJws=
BjC9JpHJAH0jY5kktdbsHRBbhFkYKHaPVZBDRiBdRZ34gTdTP0q6c063BZcS1VZqjYFCa4yEllRSAWV5v3Nym8kvhk0VnOMfzpjpRUhEfzc=
BjC9JpHJAH0jY5kktdbsHRBbhFkYKHaPVZBDRiBdRZ1r9hIvA8XVIxXlN58B+G8yiUIpxopA9fte5P/9i+XKKiM2MsYoKwVaw31Y63oR8nMUvQ+AhhW8kUOePiqAMTaNgYMc5zOWr2YRJ/NOvgurMXUMdbLQqKuUqQhYTmBgXz+Dg3IsnYwY0IJPRPctt1cU088j3at+7yA0lcneQChy4G1I2SxLIcWwL8jizstVZVLvgjV7Do7N3ETfC6ZkpjY424EX9bL9thZNZj6zdMMFiNvg/MTr/slXi9zgOLqpnJQ=
BjC9JpHJAH0jY5kktdbsHRBbhFkYKHaPVZBDRiBdRZ14sohcFT6iiym3Xo8X7/szlQwakzx4e2EJUKFkgdcTR+2yAVUv1dCpq8FttkSbtL8=
BjC9JpHJAH0jY5kktdbsHXMkYtGdTcmNuRZChQau14KoBQogUN1S/z/gee5KXv2DTqaCzJTyoH69Rw52YGugZL7jjh9kaLqqAIS+GLaQjVA=
BjC9JpHJAH0jY5kktdbsHXMkYtGdTcmNuRZChQau14KxHAA7TkSRSVPz0KmlVKTwI84mTPf9q1WwsVp6TCCqEDVuN7+CyVCaQ8QEtIDhS/I=
BjC9JpHJAH0jY5kktdbsHXMkYtGdTcmNuRZChQau14JZpWlD30ils3QcDjO0gsMM9Uh+Nu2PM8FBz2wVBmZkflVYN/YIwpaXZxlNhXph4b4=
BjC9JpHJAH0jY5kktdbsHXMkYtGdTcmNuRZChQau14I1P+s+eBMIKgmpP3U8UKXb3nXXBrp1Jcsty/eshplOxOHrw149jiJQvo036Dzmj13wx8mIkx8CvRPkQdSJmnoJ
BjC9JpHJAH0jY5kktdbsHXMkYtGdTcmNuRZChQau14K5OogPWWIj8KiDmuxoC2Suyisc/uctn86AwPuhvMIQZi9FdfDH0OXYK1LSyT9KZIw=
BjC9JpHJAH0jY5kktdbsHXMkYtGdTcmNuRZChQau14Kdccp7HQ/Eomy1QlgRk2V7Zc422OuCj32udxIySME5Eg==
BjC9JpHJAH0jY5kktdbsHXMkYtGdTcmNuRZChQau14J3WtN8Neyptewz0ACFlro1KfOBrjjLfxd5oclrI3XBPIYogJ+zclhgKHAeJ42jr9RIDNMnyxXaA7ayKY0U+mlQf5z68pa6rI0i6cN2Nm2oik7kms/cw+yPZJPVub5UMHOcaLSzP1yHeRRKf/+Ydj+rtZDlNnEfgvoMYRIqTACSYvaM7MZoRcVj02YyjVZCxpceuOAeiBilrYht3nKpFdeUquYfbcH5sqSMrAcTN03M4di9YgQ2qrh6Qed/lzcWQOCGbPMiEpPdwsMiRTXOB43L9nXP5MzO66Dpvt6fd2eTG3YiFlST6YYv793kCTG3/D0=
BjC9JpHJAH0jY5kktdbsHXMkYtGdTcmNuRZChQau14J/eHVACjjHw9hh79u4kHqGZTWRk3JtyDuSQgFcp4zv52fSWYcEviq4ph2vOU7nOTHPApuoldcyB+20P/jid5VZ
BjC9JpHJAH0jY5kktdbsHXMkYtGdTcmNuRZChQau14JL7P/HWP9imHX0hVqVPR0Xu4+uQAvEU5JOfQQZS3cyMQ==
BjC9JpHJAH0jY5kktdbsHXMkYtGdTcmNuRZChQau14KkFHgmTcdNbPGeLQ8oLuWhFI5BdLkgOUj6fJm9oND8Zxe2/ujxdNscg2biVCprM6k3k9v9Rky9E/MDC/O2kTt9bylzVoD2VQ6m4HjbR3HXCtC7bUnPhM163d2433Ev6Rs=
BjC9JpHJAH0jY5kktdbsHXMkYtGdTcmNuRZChQau14LJiEJGw1KReDLBDHRz3jvqBEiHOxxvfPdGOaUZRCb0ExsvNLjTTUmyVEmaycFsGSTEKXSilqkkV6D+29AOnQIBLdVS0eksMddhKVQS4GYPAXkK0rvlqgDtnf2caT7irwoT+gmgHkD93dK6k3PlY2CU6sjaCJ9zd6LEs4U+ZGnssbaCIBMllfr2UImo8c4lh93Mu7tFBglJFfe8eaPWiIivzwK883Ca0EzWWZsEhkVzGDIhlJEwdi5zegIVZGuTHk6eUT3t6vPrng280YyrQZVASto77pSJf+dYg0Gwkm40LFBKy4iHYN1V6HdGhKIMEXo=
BjC9JpHJAH0jY5kktdbsHXMkYtGdTcmNuRZChQau14LcpN0x790srbFXcj/QIkoVmEpp/WoR/CbYxZVBmsnMPuu5IA7Ti58YHzCGgQKxIyAVsf6smaEg8zfoS7WfbuRCAN28i9QOue/s5mYWBvpZ8k6FUYi9V8cyYLJ8kWkHJPGsM/d8LJaDhsP6bcrV01rO
BjC9JpHJAH0jY5kktdbsHXMkYtGdTcmNuRZChQau14IhmEmpzmQB31xxkfyu+DgizgKu24SbbJaY7rz37vu+/ti4icDuYMZG2Rd/OB5zIOQ=
BjC9JpHJAH0jY5kktdbsHXMkYtGdTcmNuRZChQau14KlnL1gMn4M4eLCblkolbp3gcHtanEkXFJtEjmdWpvlNIYoXjMzUto6zc6NMne5rNo1jW1Fp9hpxkmowbfco5YATH5rhYspRpTUxggQbP7KmW/E7TdTgZRQ4CerPmTDyZo=
BjC9JpHJAH0jY5kktdbsHY8UhP6qZ1gdWDC78fcMnfwdp67/sBtzmf5elO3dsbk5ynlCjZHdIx1/WTqnbyflPZQPlgfeWVvOTv43/O1Fz2jpWfWSVhD3bRVg6iaJqtUjCXKDstobY7b29HBGVowS4lN62zYFENSquatzAI1Hag2NmO+emS4gWWYI6U0NwLpV
BjC9JpHJAH0jY5kktdbsHY8UhP6qZ1gdWDC78fcMnfzIbHCu6cjsRxslbj4/+J6ct4nrVqUAqD2ExpAO30REPxN9ynGTQgPlFAcbAOuEu88=
BjC9JpHJAH0jY5kktdbsHY8UhP6qZ1gdWDC78fcMnfy58oPIide09zW6yPncIl1/KPzXQ3o+KwisIFx0Acfay8VIgjcNPJE44OAhkrw1rGijw+/7/yCDVFanvtUPIbK2
BjC9JpHJAH0jY5kktdbsHY8UhP6qZ1gdWDC78fcMnfzrKI1RJRacrkj3wrf4SrYuArgxl5fFYp2NrAcIVFajzo19HBebYbkt0/QZlB4SBWj1LvDLhedq5/DKIStnkiX3
BjC9JpHJAH0jY5kktdbsHUPIjSZ3p2kO7DSy9SISo1/6zS7MoVsDPzUs2KeA3enIDs8TfGtEo/7ImZEFr3p9+5dmLm4w2bkWbXOQNrNH84fJ42HYWSOefdQ2MiQclKd3
BjC9JpHJAH0jY5kktdbsHabf/c0XFE8C6XDn/XCCPEABoZatxY0Pre6l5zF4CR3vVT3pK+lodR+Z805PImhiq+LxP3AWn4lJ79phq3qQdfA=
BjC9JpHJAH0jY5kktdbsHQablvdlpWPpdp9WOo8MMjJOvFjKarqVeiqBlL7gsbwVlFA66YStSObi/hzqJKyW5H5wWl2hX+6r1wfYeD3ZsEubbyA7joUPLixtEDBzqRlNg4esceQ3J8fL0i+EXhxqxN7YKXAcr+vo/ADkAN0k+I2Ry1WREWrOiuYe4a7aRsbG9eh0JsItOFCe9/zvMNfmZrDaJIOOmsaI9AS/qR2WnBPVotXHUcciOiUFaOw3ggWvJfSJrtuQC608JZn7eIVzYthUeUaGhKnpnb2D8L/kHrc/MlkUO5KtNmyRzP/SRpb9ojSxgylkZuYfD6Swj7RTkdfyB4eJ29fGqCkKSJ4dSUvezLx1IprRp7HVcTd1nA9b
BjC9JpHJAH0jY5kktdbsHVOC6mv5ozWjaChw5JD3RamX9LvoChgapIpSZKO1vSnwDEaslLq0PslTdmKrutIXka7MYod+MZZT5FEMRLY9sb80/3ZVj1EokqyogaLehtlzYlIzEGSVuy7l/VP0OoeNJqvAqebn3ck6ns+CoWc0RwnUJmvtlWF11GqGjQzBNevZLHq2IFAA4dJ34u02qlVthrN+Ar3y+jgT/BPZvYQkMKncWIDrnCVZMFSFmtVWkMcuxQdV0BZOZrqRVQxgOdcEgugpgfEwiveu3M19X2lh2Y0=
BjC9JpHJAH0jY5kktdbsHVOC6mv5ozWjaChw5JD3RamzcFZWanqCO0+IqwEmP0OTt/JgY+IFScPfpK8P1UGRDL0rfYyRB0uCdvKQuMv7YlCugkmpSSfmmsIipBr8EN+A0Ob16UZFQudVQxK/o286p2koCtxSGeJkEbk0HtHjoKXbArEdu3Qjiv1qHeT7FOFkdG3ff5oBSEn/AGBT2s8cm7wvGqc29TxgdMJM8yvxMZAT4pqzbuFlauVIqxcve84l59/Qih2Pn71atST7r038AYuBscUzeatL0SOeTEZvYfAZWG2EQgi8nefO8/9PqfEm
BjC9JpHJAH0jY5kktdbsHSEhXJ267R8MkZg438zD/Cc4lOakQBjZ6Mkq5sQyqWH0vfeDMbLXZ/AWOCt7exGy+MaxqQDwouUQ0juccgy9OSDFE4WwaWqoOgCD2LJxNwJ9BUgDT5as26LC+W3bDjb+5FhfVS32n5vgas6tLoYjYyQ82F3POAOEROYUeInYGCHX8y5TwRPVwQV1PsrTsLXFSag6Tl/HPaZQejaQ9OD6DWJer7Te6oDxGiI/3DA6ZQC2AjS1u0JaYF29U7I6xmtFlrEoUx6JNlJNXp28jGGgfDU=
BjC9JpHJAH0jY5kktdbsHSEhXJ267R8MkZg438zD/Cd8dnw5OoPX73YdR9e0ijouio43fy7uEe+7ZxRbI/DXegMH/iXvh5WDtNOFBvtSukyEjz8iO41bGqIK3B8Yg+TBUZtzOF1+5FRUCOWylmpDDTEFQBJFZ1ytwiugksA0pbVD5kxHmcz+DNx59nGTM/hklvOCqhEu4ieU5JTfPGImQrBYdCp6pVy/Idgv8EhzFM7ysPEWF2PHrMODeDmqPFb11voaN/r21Nn/Jirf4BL7G83yOvmTpIq26t1aMmD+eD8=
BjC9JpHJAH0jY5kktdbsHf8blongiws/5nCNlZ/hhVxSERSJEic2+FRyyWhrcPiTA+2i9wqcCsrVFHn/mb8kQu3KaSh+RWBHjNYSG5hYZHY=
BjC9JpHJAH0jY5kktdbsHf8blongiws/5nCNlZ/hhVzREJom2kO2UI6jkRC3OK2hn+ma10JGcypGICr/gD/st4WlF0o6DcX7ZlT54kwOof0=
BjC9JpHJAH0jY5kktdbsHVGVlZG8BpyfXpn0LccBBS4SJbuHt7ren38AetP4BwyHO9G+nhFNizZfJPHmt1Q61bOC4oloYu+vSaLMYzrA7wg=
BjC9JpHJAH0jY5kktdbsHVGVlZG8BpyfXpn0LccBBS6ainFqAtJ8jeW2/8oUHdXgef7NwYrSOGhh8PblJuXRQ1izc/bI7rDdETGdEjYAKzo=
BjC9JpHJAH0jY5kktdbsHZY/M5yjQBhp/76bSqew8NVMkV4FJbOAGsGRx/jrYiIQ8OFbgS6tB5j5itNUoUlwKTScF0jRviRNsZoydF1bqB8=
BjC9JpHJAH0jY5kktdbsHZY/M5yjQBhp/76bSqew8NXkhbV6ySZhEa9OvduEr1YzWA9nHJmH9Z1CWl5B33/lS+eSqOmoEVD1rSvUQQhXEfn6UqZPt59tpuZVgA0P2o02
BjC9JpHJAH0jY5kktdbsHZY/M5yjQBhp/76bSqew8NV8S60FbLIMinQcXVhguNQ3UZQOD8T8jblmtyc9jEab0CO04334gMXu9yP3SZmjzp0=
BjC9JpHJAH0jY5kktdbsHZY/M5yjQBhp/76bSqew8NW3wmCXiu6uWHmJs2gfVVDEW5V8ONesX1mn4D6Mg4WpDWH7ux9UUtpI9N0VhCWhe3XjD4yF4byRYOoSC00RWgWt
BjC9JpHJAH0jY5kktdbsHZY/M5yjQBhp/76bSqew8NWVMQGTWOw94DSfxPGQbhVFirkl8LnYqI5ZbwUAM3mPcw==
BjC9JpHJAH0jY5kktdbsHZY/M5yjQBhp/76bSqew8NWbps+WldOu5LFHjU3RRK9ATP4N7oX7wumOOQ2WMlv0ug==
BjC9JpHJAH0jY5kktdbsHZY/M5yjQBhp/76bSqew8NV+OSBOPzSqVWGPm6pdsQmfVnu715XFDQEPaj/unbCRXtbHVPNY1IyxtQiq2jNrk8JsNSqCrlPLqMrA/R+dtYAmAdjNbyO8nNNd323M+yC9RuGrQfvzpCSd2dtEBm5Ms4eDoe5FKozZ1HA+olvU2KVf/skW0trqSE9YiCeAf8q0TceUUWVabZ4/YZW7xCGvrzON3z5ZhydA6s6vxDNCk47ipLzR6ivwIzeNpb0xwl2WLvLmppjnveqN1dR9KjHMZpKw7r3F/mpt79oZtPwcAW3toO2NZtcU2a45pJtribsIlKRnz4Kf7l1VWIHNLWIybMg=
BjC9JpHJAH0jY5kktdbsHZY/M5yjQBhp/76bSqew8NW2zt7A2XeYMNOc8SnLpK3ZUKMERcOWuSnKS/CFVi6ZNC4weNbr41jA8tB6jdXkKKRTsnqHKRUGm7/+te7obktj4gxZJoqHDHUbOiGpA+IWdfqDca+c5gvdG6vL7KMZQ6Ahv/vebC9+pWTP9mtLTK4jkh3vtUijXhm5IbZg0JGqc889jM2UpHDd5v59P8uFYTApmgk8UhmsC0hmowbUupCH5THOMNJaPSa95SE+AKQTa74xfwK5GaV/G1m4w2C4J/mLyPRqw466vmO3XnKJaw2lebazQf0yf7v0gp11GH8+AbWCfr39lbqLQdDRDbmAElI=
BjC9JpHJAH0jY5kktdbsHZY/M5yjQBhp/76bSqew8NUPOXsaxlXpoXuBM/aSlZwssdrsGRoRtAihVvSaEMfKsVLsIIw5hwwNQ6UIh55+4CEiN/i+u6EkXjtRlQqLPmHi7X845+Y39sySMogI2toyNIEvVAMob2+nKB1p6oRQWVM=
BjC9JpHJAH0jY5kktdbsHZY/M5yjQBhp/76bSqew8NW673MjvlYV1MaKqQxYIxpR5fULbwVvDzB7tQsKho8MIM4+9trjDdriRbE30eAgKQ5w5K8MFWca3qaA6tTLR0+K2Q1PfPLSCikV6B8iI3tiQGFHPtqZSAlFtnjAjAWRskQ=
BjC9JpHJAH0jY5kktdbsHZY/M5yjQBhp/76bSqew8NWQezhv61ZYOz6IyYxNJYGc0e5jkboofw+En+UFmJnIEp9eh4IvSU7Sl3wyGxOzFrtjpFXOA31mNR0gzA2tVjhvwr5cT35WkjuGrZNogSUK1Dgoo3kFGD3AV6ewj43ZKmfSky6akEu/v/SxoBbtpmGb
BjC9JpHJAH0jY5kktdbsHZY/M5yjQBhp/76bSqew8NUrXMqV5picCk7RwsYJB8LNgHWlA+hFNutFyd9DGeMTOflx3MBieZbr4QYbDb/dwp8WkCPnN5HBGhDPn+36ko3RJb6hbr82vC8OtGiL4kSf4j/AwJJUdY1R/4kgODroYNUS76gZ+ZZZKF68mZeNUkKQ
BjC9JpHJAH0jY5kktdbsHZY/M5yjQBhp/76bSqew8NV+L5Ff2nHXsRSGDmrmzVIaPwBRAsC2EtrhaPbDb5UTFczPAlFwp99rR7WKBgqg/2o=
BjC9JpHJAH0jY5kktdbsHZY/M5yjQBhp/76bSqew8NVPLcz5BAfvAvfqe3krHCU701ZiXVZ5w0cNxcLApn1jCo5/n6gxIWM5fZK0zlJwOJw=
BjC9JpHJAH0jY5kktdbsHW2YhoKBMSbUULenEooorIjZ0Q5JrBJVwkrrfFHi6gE2S2uZnRCn+05egnULiU6CME6U/Lvb2mq/flb/X/Cs26pKd+VVugX76bYS85QdoYgA
BjC9JpHJAH0jY5kktdbsHathuASoJ4oI7LDWNmHfFB6oFS9Ofyh3YpasRRYQZPEZczZS0f/L9xM3HeA85qW4Wl1bg1IYN3ICJtwS+b2KGvwr3QwMc94HQ3KTz+jOm7s9
BjC9JpHJAH0jY5kktdbsHRCDWTVZONPwnR/6Cs/TYwGZs94T/2QJjvc/Rv5ocgAD8udXe3yQP14gNTsxPAc5uiy5imJh/+VBTCNUfFHSWXtHfi0pxDrxxQyf8P/18STqpi/5SgvuqEofqIdDYsE7G9KI8xLZz6R3GI001KLIuPIXB3CvRoLaqgMM8cqkBAzWWvy8HCEmVnVmV7FYiKLdtBwq5p3NFF5jqGDhD+uNOdzQKjawt6y2+jUixgEyarx/0TKvANZn0eeQ0JJFlnu3OCUMjk49KttwM98lDleWys8=
BjC9JpHJAH0jY5kktdbsHVD8vr746utlRb8t+jzq8Ms8ZZfRqbdCIxlh54YPbRsGwBXCgZKeTGuD8+vx3ftxcVjQW+Xbx0ZjEnWKxNAe9794Y9801OT7Ic1Ei3e6eYijCmKwcb9JQrqACBV/e9ftpHbZwkn669zTnZx1AATsE+PPH0N22H7ONyjYrHi0H+LiprJQWpbPMLyjp0BpK3WhTXZ2uNDwqX0dol8OpgngxYlh9cre8hUHhdozZ2oCRY84jfxzpKHwLMyKa5hvYtP9IXFRTnHJdXDsaxXiq/r/IOTjvac/Gk3PkzgO6XdHQeuw
BjC9JpHJAH0jY5kktdbsHY5dELmuQcaBhdVbFJ3JLyGw40RdAkTUBnDFYkecZ3YWPkcBqDqLmfkC2KJKOeptAn1kBfw6n3iYTwglGTLNmGc=
BjC9JpHJAH0jY5kktdbsHY5dELmuQcaBhdVbFJ3JLyES+AOmQGg56tteUYhJ9y6/YIKBZHst/gsEQ2UV83nNTEkjozt5oClxVpTEmBGQisUS9cDLQ/Ms5fRLBjLxW1hXWB6MybdD/x9cKm+LlDjIiTYlzdbW8SoD930jwM1tw1bSPzolEGTaoPunUvH7vynskvfY2fyCXE5XdHArwWfS/HO3CGLaGgA+5g0mc3klZaLu9UtXHdcjNeIM+njuIsuzpvmGsgTU6vS290KGHLusTl828dFx4c5JLEa25OaIa2Q=
BjC9JpHJAH0jY5kktdbsHX0in0lUR89sIdhNEeMzfpz2e4q+MAGTmneoeqObwtnZ2P4QkOudL5v+WNrXL+XyawLo8H52qcmWK5JpQn+SZx4t3LFywWqywvRIx9nXC+smTZMzrErHWqnPsW1RWS93lthKWRu7bZN9/sW8I2u4+WEwZYUnITRcT47NXxYuTHc41KaNc7APD8w6/2ZCzvrNuoXWJBz/3mT1T9534F58ClviL1nK/pu3uA+bbo/6GzQ/bZB4x3ER4GeDc3pLvzgg2exj7X4ccOeNWLdI5pdcKjE=
BjC9JpHJAH0jY5kktdbsHX0in0lUR89sIdhNEeMzfpyZJQiX+JDPS3GaslpEjbpqNigcOLBywZvZUA6p9PxN/o50PUxzCRtijeJKxeStuCc=
BjC9JpHJAH0jY5kktdbsHSW5LI6LtU0JJ5fUUP4maW8/JUEFHykxEzI3ikMNIKwvbXYIR4Lz/nKwhZ+mjBtXBq3QeAFj3jd+0GjyIASuCVQ=
BjC9JpHJAH0jY5kktdbsHSW5LI6LtU0JJ5fUUP4maW8VpP9I6rGZdDhO/CNdqRUkME7k58JYCEJd+WaMJy+i4+GKA3jVUuwti5QiKcWc2B0=
BjC9JpHJAH0jY5kktdbsHSW5LI6LtU0JJ5fUUP4maW/rnuMoeI1j/QWfot9cRZFBoDrV1EWvDYomoNAV/7YlpeQe3IAT7bLZh96NIdEuKmcsx/CUZmTu6De9kfVLLIfi
BjC9JpHJAH0jY5kktdbsHSW5LI6LtU0JJ5fUUP4maW8Srm8ch831bC9q8Jt406y7gQ4cj/hovKT1yA6CH+orsA==
BjC9JpHJAH0jY5kktdbsHSW5LI6LtU0JJ5fUUP4maW+u9WZQTiuWLfTpA0/uILSCeahm0Pfy2O1D/DL3zB9QQ45YHaRgrl7Rq73SOxJG+2Kg533yqWQOCMBpsk6ONjrQDjrsV9oj6sYSGCwTD+Bjceb1tsc2+oYEVo+iOH5vOXTY78NGclG1uCQIMzheq1gVFHn6jdq0iI90yetPzoMZ2LneinaI0RxLu2CqUvXVyrf1+TBuHC+Dhz8ndrj1vfk8Y6AN7x9RDVpJU/oI8+vipnDF7fL3c3FNMQ5OMh+R6XkNbVHcZFQZCtxILIItqg5/XLNmap6h3SSbhUGgE/Ao6+iLXkI/1V2/YtPFLXlGNCc=
BjC9JpHJAH0jY5kktdbsHSW5LI6LtU0JJ5fUUP4maW8fY40jE4uYUYZ7q5rReEiL0aWrenKkLJFcDj5teqa6gXm552IT6YID5HIXtfjlcbGi05SfUst15aD/bi0PHEKi8pK2MuEnCkAwPpFjespusVnbehRglDzT28SQaut+Xqs=
BjC9JpHJAH0jY5kktdbsHSW5LI6LtU0JJ5fUUP4maW9mQHqP+ylLsEz31XtptSbQw7084XsYzQs4zxfmSBUJSNwOL6xqDLSRIOpTP1GNCqU=
BjC9JpHJAH0jY5kktdbsHSW5LI6LtU0JJ5fUUP4maW8QP3hJ/nS0i0Q08UGNcKsGg/v6HYRGllZQ3MBeUUqL+USEkkTJEdKpipq99unBgwhZuauI4veRqIKeXqk1bPMnUkx/TOvWI9vfFXkc82IswsmezIgzVl+8wqAG6XWsY2J5OexWC/blP8RZ9Vu6n2Df
BjC9JpHJAH0jY5kktdbsHSW5LI6LtU0JJ5fUUP4maW9RuSPblEsUvq2nAzjviVGjNoTcd2b/9g3ULD6mdbjYsWquyfZSeEEghjCTHSFEO9s=
BjC9JpHJAH0jY5kktdbsHSW5LI6LtU0JJ5fUUP4maW8ImTzE/Sy1eZdPU3OQZVZVg+pgbH79fx9W+uO1y7JrwcHPbMAvahoh+zV2PcZZ9nM=
BjC9JpHJAH0jY5kktdbsHSW5LI6LtU0JJ5fUUP4maW9rtZuT8uOHGdRSZMQ5kEjdi8qLJ5TXz4NAeAvzxNSN+v6q+95SLh3Dz5X/lb6OtQNzSUz9CXKXbY21CxZjvfir
BjC9JpHJAH0jY5kktdbsHSW5LI6LtU0JJ5fUUP4maW/Vvrul8WrgQtQkez8oACLW9JIWtWVVto1drqfssPhMvQ==
BjC9JpHJAH0jY5kktdbsHSW5LI6LtU0JJ5fUUP4maW9GXsCSv5TB0+tRXC1TBz6F2ZeUswOk6biVsS+ukOf6tJg/WdtLXFYB+u64iHgh+e/QuIzGEROG79GK6U6bbNyzcDDW0qdXHgqJLr2KXu8zOpC13edCTe7DNQB+UWYdgjf9eH0WUW22igrcXdJAH3hin5tPYEVFqqIYZZe9zDXhBkiztuLmuJf1mlrOZGXVWHpssyamlju3J4fQSy6PuChVvb7CwhOJXCKLh+aozB3Mmb/dF7zVDv389BfPGfgLN39/pKPN76fYbFTbRs48AfA0JGFGEfXzSvfAu3jX/4/n94ZZ23MAg00Sn+LJ0fefIj4=
BjC9JpHJAH0jY5kktdbsHSW5LI6LtU0JJ5fUUP4maW/HLjL/26iDJkBXbY/D83VsaT3ldephHNjmgH6ZoOOdDb41BXfEKt7310ifd7Jl0/clegjY8J/eEN6PA/64JD1tMjd8QVOHmrUTbn8YLmxPlWVVnCcBssVH4JQLGiuvjD0=
BjC9JpHJAH0jY5kktdbsHSW5LI6LtU0JJ5fUUP4maW9Cd5vqp0XdlEgC3XoSbM3RM88XwvBkwLl/KPdBztWYovcHJD9Qu+TesRv+xYN2uw5UOAv/uOmUmkQAWk6CHf3bm1L/WoHPVoHBKDrAQzUk2dGIWe5PgJ0JIR8oi1JbOkR/EafsGB/0H5luaf6M2jcY
BjC9JpHJAH0jY5kktdbsHSW5LI6LtU0JJ5fUUP4maW+UTWfBFU4t+NrU4zh7C3YJI/xIF9TcyJftI4QBMJg0Ln4SXgfE9dJ5oplle04BUpnqoYb7SxtTG/JIfrT8Iwls
BjC9JpHJAH0jY5kktdbsHSW5LI6LtU0JJ5fUUP4maW/pp4Q6zo0EwMBCJXPgTQOaxLDJw4kyTlBkL4Q+TfISfc2CbQdmZAyc8vePLWkzsVQ=
BjC9JpHJAH0jY5kktdbsHVDVx6t2+ZWfm7MRklAle/LZ6rPYEBtKgRDxqwkq4S8YuUJVmSCNZIhvMwZ6EflNYAQutNVBAIdQJMIE4fwDDaPYrvFc+qxgg9nRnoo0KB+K
BjC9JpHJAH0jY5kktdbsHb4wndtRPz6C0EThGb2RwKm2cvXyewkq1C5ISr/18PD01hYLhIiaqeAyYn9tikmzzO1boSNetuQtxldhrIW/ODG/BwvK2oMVjc+XIVioz+fz4jSj7m5hX2+yQxXk81xju94qNMSIppoD9RmVnEIMAUB954oglT6olqcm2Sd1QTdZbqIAQTqYp9fsVCMzq3YtVLzKWC6QHOLIztRa/ZvBT4LTZtRvr6JR4G8W5XEuMFTKCPgjGGjr2/U+AdZKWZkGIXiAICLEIVQlQjGjkkEjbJE=
BjC9JpHJAH0jY5kktdbsHb4wndtRPz6C0EThGb2RwKkUw3Ay2j8byYiH/ZuHAVFfMs6/P/v3hQEpeTJ3oI+2HamjErOK9EQfpb81qlJOgl/UYt+p/A+ucgUxeJU7v+aP7oDQW6tzem2z5hvx8BuzywYb5cscl2n7VBb0CIf9+GQI1l82+8KxQVBWW2PkOl9OI8muXSb/gqtH+GkSxzYyqHEZeAlwVJRIpTAPTqwFoNuZhs0eoB3QZqjf5uIbYpB0wb1Ndh+9rNmW5rRODHtoe7ldxXH+DzwZeEHiIWOGbjFXnmLEoBWo46dAs2uzXrcm
BjC9JpHJAH0jY5kktdbsHcFRof7ZHaHHvUj/4Jwp/6t+XRd9YvIn9ry+gmRbrK9BWSFBIydSilNJHasCzIQFMQtfG9WvT9PWo1BoI4zCHvY=
BjC9JpHJAH0jY5kktdbsHcFRof7ZHaHHvUj/4Jwp/6sksVCCfSnvig8yiIgLxKZrca04KNU58hsTQ2UsvegSsXERKYsTd6bx7/stmUHZlH0=
BjC9JpHJAH0jY5kktdbsHbL401tTvbkUlMyn2a+BVL4Kt6V0i5KclPp0Pj+e4SLdoA9JtyFaRMnUGiVLmz4h444IJygmPtMP/o0OYBbQa9O4OhbD5YVadozRLG1uZnpmDMQwLxr/9ud+X+NDEtoMuwMR+1aWQ4ia8DglW4o7mzRxk0uCblOiKpQgdogjF+Go/TO0HGRteQcYiZNY/bh6D6fvBYsbXVDu7exTxvTf/FuUmab2ZNtuWUIEIAaVW+Uj/s1rHEiwOfFaOwDyYCHev6EmEACxYpvYQ1y8ruNeTLM=
BjC9JpHJAH0jY5kktdbsHbL401tTvbkUlMyn2a+BVL5ieBkb5nQx59vKTJb1dplhPsoi02iRDQSSfBnW/dsqKez/n1UDLM4X9+nfwpYcxt39VEr8HrMCm/No7CuQQiUfNQdxzaZFId+e14a2A/p9zUadKHcXFZ+zo5TeSf13ZJsi0pGzbl3LOwVKGeG0I8G2iQTKkwtl7/avXLB5BnRVYiPca8geERGXDJKZJDELxgaVcEtDCQZ2daMif9xoMPZl/q/9tyPuEtPTRxL2c6cX9iA8YEFq4NODgAfgZ6RFvLg=
BjC9JpHJAH0jY5kktdbsHdqm9qUxlH4dBOze8UL/H3LsgUQ7pSWqyPk/jKVKrxXl2EF2isjj4wj3ZObgFoRP/YEt2bDnaivgIDf0Cevt/Z0=
BjC9JpHJAH0jY5kktdbsHdqm9qUxlH4dBOze8UL/H3KwvOhS2V/RWErJlX86qm2GwyNWIV3qmsjg2ctZheQ+7WuroiO7/I9VWzc0jJHCcos=
BjC9JpHJAH0jY5kktdbsHdqm9qUxlH4dBOze8UL/H3Lj5Euo/VfVsE9jD1xcVBULMjljg2rfLj92o1NyGVSk5XDE5qmDjWOFAArcICp7tzk=
BjC9JpHJAH0jY5kktdbsHdqm9qUxlH4dBOze8UL/H3J+FhHAJJX2HvBax8W3vF1HFsJE4AQjTc6Hu1mZRwE/lw9vC/VppglPj3MvscM+mPaOgu0fd903Gbhmw5PbDSds
BjC9JpHJAH0jY5kktdbsHdqm9qUxlH4dBOze8UL/H3KTZ4SBP9rLJcIRAltlIdAHK4jjvJCvD0ACivrBMneVKw==
BjC9JpHJAH0jY5kktdbsHdqm9qUxlH4dBOze8UL/H3KjkfZUHTiJgS0jh3N18wtVISj+x9701IZGuLHh+py5nwdwhvohXAh9AiRM54s0/c8=
BjC9JpHJAH0jY5kktdbsHdqm9qUxlH4dBOze8UL/H3Jnu6gqGBuiIhlEO3H+kiCGiyTKFpSx9zkxDnF+u1ONP5REnyS6Xxg85TuixpGdXSs2gMzovO/WCAbw3WnIs7ObwHCd+XMGyPC/i6VAkGr/JWiRfcki0NpeRrZSPWARF11p1iSM8H4hqShpDiH6HF1AzSs1oEZNK6HvEwRjdq1/zbiEu3DoGSLoVaPBN+vOXTgT+fSNQ5+MOaTug4zHmBe6/lhFCtwm4XuragB4g3O//lBLvP/iL6kkUt1lhBsDhP7cD/Ml6ATomO3Suhaaj/LDoJK02gs3R5F1w0DIpWL2//0aZg2ytcgtO1dF/w/Qfdo=
BjC9JpHJAH0jY5kktdbsHdqm9qUxlH4dBOze8UL/H3LjccI8krG7nOd3Rv+lEkFgp+wuMrxM1IA9i/wNh2FJtL4ckjBJqNUcuQfCCQOJX1TLFQ229tcRKlVyVzqY89wL
BjC9JpHJAH0jY5kktdbsHdqm9qUxlH4dBOze8UL/H3LzIrIvZYR3MyGP8f3lXi6EJ+W8eFXhZA0wlYE3/tbjEA==
BjC9JpHJAH0jY5kktdbsHdqm9qUxlH4dBOze8UL/H3JNqTGM2xM0NUqLLR3WuB8Xhn43FTnqLChduPAUSaPCf3YyD4BY7M53Am0mmEAFqM6cL3wr5lTZLltxyiNvPWSvLdvWr5YZ8WDxoOoVvyzRJvODS++NSrHMGPC04xIq5/ep3Wu7n98C3BfP7Jhxjt5i2TceXHANbSQubStfDdnkgMpVVrIxjOyaB7jlBEfIbfxxJ9UfxlW0jr1M9/oLONTfLwc8pbYgDeMO7kuy/1O5pt06mBjbU6qyj6nOsxRk3jYc3VtIA1nvlrWtVZzqTthkMBuzj6sOnUtGAQs9ZI49PXhOZTf9SGuc6FJHZPWJEdo=
BjC9JpHJAH0jY5kktdbsHdqm9qUxlH4dBOze8UL/H3K/w8lvFh6inoJv5K8PQvP6zCAoM3+f+xsMzTbH61h5S4ehdKR7ZOyJQJ8snpUH/sN1wbzyaA2bdZ7ZMucgfHpIhqLAnOrOGr9j5OG/yqFkisJAaRlRhopyYCvLDOF9dgY=
BjC9JpHJAH0jY5kktdbsHdqm9qUxlH4dBOze8UL/H3JZDiL/DsfhAVy9RJ9Jm0XARqdWznuM87ZaQR93Nrr8FjuWQdmcT4mVr0zZ6C1GjlXt+Z9DmM88XoZnmwTPa1NlKoIo7Wx89mHUuoSYIgokbnfVFyKT3UNd5yq5JjYVQtI=
BjC9JpHJAH0jY5kktdbsHdqm9qUxlH4dBOze8UL/H3K1yLTWxseXFBF2YQ6yR8YPox8prQBHoDMSDYj7u6t4BEEbk6bbqfR/3iH4JEL3EfnqOZ1eLez9dN8Js57Zy/3qhBsibB/jJfq4ZwkWWEt8k6G+EPvIQjrgVjVJFrVn6l1e8gHXa+Sos9GEkUPrsxAi
BjC9JpHJAH0jY5kktdbsHdqm9qUxlH4dBOze8UL/H3IiaV2aKTZJWArK3Wend5Pm/A/uRr73ic5Xg6avQGDV1wIDmIrsrmUrLFszeJ47nXT+eE72W3pk+JkHNQDpLqissURyBMFqfwGO+1Lnjn65TxmV/AVlOGL/poGVcNK6HoV0bT5CR74AxEqI35FtRP8J
BjC9JpHJAH0jY5kktdbsHdqm9qUxlH4dBOze8UL/H3KCG7KUQmnP520vuPMvfYbjwsPhZKCNniLiGbSXJie1Uqv2JtcDclI7347Z5VJNVBI=
BjC9JpHJAH0jY5kktdbsHdqm9qUxlH4dBOze8UL/H3Jv9U+94+kTBe7cw04UYJDrQTF3cPM6sald8kyqLqWGVAuJ78nHBFsyl0LhmUhzdbNtvPGLN1goyg2KtNtcfrvz
BjC9JpHJAH0jY5kktdbsHdqm9qUxlH4dBOze8UL/H3Iqtn9dvmlAgdOshP+XBu5BCyucw7/T7DnIxGMeGMIT7qsi4GHmNr5WDznT8YGw6G4=
BjC9JpHJAH0jY5kktdbsHffA+iI2t+h5cSqMPYp7uCqryi19wWHZjx6MAV5n2+pnpOIpH34BzS86W9MgbTrbPIV6vS1kvFsMdYeHN+4VDvpc1IrpQC42u/+mIQ6Bd0hX
BjC9JpHJAH0jY5kktdbsHaDokcXL+/9wq/EWEyGPcxsuDLDzLGx0//U+WA9lgZWcZ0dRnjLrFHX54qzXPj3d1iXTwXLuGyoh+yNK15gF1Ug=
BjC9JpHJAH0jY5kktdbsHQODtdVPJ4z0aTFY+bVlj2pllj5qXRa5WdtrrPbWz+Q3akfC2vg8Mom2PPTUZFtXBgLx5MItx9y5MnYY7i9r6R0=
BjC9JpHJAH0jY5kktdbsHRqco51RTzCBkiKObNpBiTTr2+OpkNB+wwghjxZ4Zc71XLR+NkQJTNxOG9cnuw+amKpSxodXGw/0CyYxpQ7wzdloryUnqPHGFb+vr3D4HImy
BjC9JpHJAH0jY5kktdbsHci61vSS73nznNm/7UnBLlTDuw0E5VvqrHNKHC+2sAuFlhNu8R2qVrBGfwB6wYjy81/9CXuPYiM4IUzdzqj1NfA=
BjC9JpHJAH0jY5kktdbsHf3GnA2dMPWDeyJyEvNzqRXcGH17VmLSHErc1bs75RuEqdEQCJ9rY87TbAkIE0JurXtEXvX141MOI/cQYF77NvI=
BjC9JpHJAH0jY5kktdbsHeyU3Egppo8zowaCu1fHsWp2c+kkES5fz4wW0hwmsC+US5cYH+hF96yPnzZ9SkL9fGAbnlV3A20aAuMe5gj3Dt2vWKbvlXQWrormJiCeVZJSft+NCmky3chM8ih2SAG31YMZkFML8RFWhE5/2X6jiFN036lg3L37uGJ3fS3xPHq5L6Womb8vtZQwHibdrdEJz93Gy0X1G+kcsReSscGO3HGJ8DfTrquJAAbPzQDdmdPkAH1Y2EPVm16CFfJnZbrfDaiH5Mrb5T2LBj/Hx1wGSWdPetOjrWaQKec1FPPLNXfmMSgcpwKxPN5g/0CIN0UtjgZ9zApy0Bizy2zkpFtWCiZMZUHtpOiTdXSe/CYq+Pky
BjC9JpHJAH0jY5kktdbsHeESpSf8p+e0kdD0me4lKCosR0RhyRiFCVYNJHorqZlTMJva7YzeAXshxO4bDgsE8H07u3ZUgRLoJ0okjiX2aMSHfS1dX9SEfl4v2GVKFUqoS86vCStSrTNsH7nqbjqPmXz3XCk179R/i5I7OfjmzaTOfRRTSwGCwvhU8nw+PkdLrTyjBEj4p3YTIW7OTaLBIecPS1CakgVV3IuqaVOzPzlLD257lv6WktsDfBTVSrg9qdmWQFctyFeVeiPcWgR2SeRM/8Vu58Rx+rhjSP5DASE=
BjC9JpHJAH0jY5kktdbsHeQTquSy8K/x1qEenaa33+oCPofL9MYjwt90du5g1GbosMrWRDXkVTziX9yKjjbswqB8ULQbyNEdRs2HDVBA0yBhy7w9IucSzffm1+JPo3ZDnWZY4DQgpl1B4eoZxw3Pw9ErV+dPvNjjZRr28gkMllnIRKT/pA577eA8cKLI9o3azOAS7AtbmAad7shAYsAWZ1O5hKNl3/BManjKa2lv1Ewih9FzdZTr6CzKaHWbDVaYXI8PeBMI4m8Vxn7l0TVyS6qjPPyhlHuIY5fRyg+9aQk=
BjC9JpHJAH0jY5kktdbsHeQTquSy8K/x1qEenaa33+opl7LVbV7AZZZ7jzesV70CaANpNfYShijya+Xq9TnzITnQNn6BNrEdGkXkCtWM+cM=
BjC9JpHJAH0jY5kktdbsHaZv+ftbTzUDmNyiu6zITSmlRRSKh1QKBwPzZqYv+E2diLnmhqa6n4eL4oZAl27sICjg4PYKjMG3FUysYlrVBETH7SZz/vfnhjQ5hUemgZzf
BjC9JpHJAH0jY5kktdbsHbkLlEMsQeFxWjHK2yHlwbfCorn1Us3L1zYtmolV2Vi40NnI3JAtsDk5PzYvsp7JMg==
BjC9JpHJAH0jY5kktdbsHf5aHuA3c/TbOUsT4U0WPt03DMzfKL7GTz4ug7uTPu5Rh3iCrwe+Q24Q/DU2wzq5T6CutFfSyS9fjreQLMhQO9E=
BjC9JpHJAH0jY5kktdbsHcsBaEIIuiRRV+kIM69xcjeC85ABuYQT+tMyM4JQ0KLgnczqZgRggX4MYGnalxfp3xCfJrTPJZJQwtzFoNv9OXnUT4I1nEZdMaihq7vPT4nN
BjC9JpHJAH0jY5kktdbsHf5aHuA3c/TbOUsT4U0WPt13zmEJuVieZcLtfhlr7Chz3j8EG6f+/jOTfdbtmxZbBA==
BjC9JpHJAH0jY5kktdbsHf5aHuA3c/TbOUsT4U0WPt3FgOSesQ9HfdIExwQQLsVKHBdAqdgUfXObYuZDeox6X4RmYYYkkhRpxJROoIU6oPPEUZVTZsJBRMXzuih/b7hD
BjC9JpHJAH0jY5kktdbsHf5aHuA3c/TbOUsT4U0WPt0Qgp8a/UEltJg9poYbK9y97HcHaXW6ANEEeEgbl54ZV6jm6DLRt64bxbCHzBO8trZl4oIY9u3c9GN4r/fZxpQ+GY+h6STHLzrSVs2leVrLjg==
BjC9JpHJAH0jY5kktdbsHf5aHuA3c/TbOUsT4U0WPt2e0KHnkc3YmHDg1DtD8a0njdMDsBuusBU0WOz26pAaacsS6YAs7eoDPJhAAQOD9/7irPsCu3YgwpuBN7CPkvyeGkP9omXw2/Ou6EKlQgxxl2RF6s53QT1KVnGHL0R1QE65yf/YcFAc/IsxprWU6JOt
BjC9JpHJAH0jY5kktdbsHY2VarKAsEbCRImRqRt+gKwtcSECNFtOqCXGcZJaziFeXcgIiu8qnh8fHe9PTa2HvhMxIc2y+7pDVuFA1CHkhSSgcOEfOMujenp8kVg069y6CoKD7iNQmkapAWHa/B23SKRHpH50epScaAr+KvT1GwMiF89gy+rAFX5dTJgyq4HSXVfoQ7FsDyxHn4TO4BUtVA==
BjC9JpHJAH0jY5kktdbsHZfpeTGoYCOE4oNn5sD1hbKJQ8CBcKfuTNN3dMn3hoYp7/1Ze4uNTtTPDt+oIvC12+VjsdBchIW7ded1bT7RKifos0zlrjWL3nAcfoDXe9ZB
BjC9JpHJAH0jY5kktdbsHbn7bNWyT7Zg9FQB1ciaeNWLU3ueCFFmAO5EdalYgEfGP7cotWDdsHqg7X7dSIScJv5omY5iPGADjdqYaNojjmzEz03SSde6nje9PT+0XqEx47Q8nMaXAuMpIRsRHPCooRsY/H4xcdSlmP/ehq3Y3NT3YwiTY1l1Z+uqc/h9wyeHgZDm4gbDsutGGDbKtlZngK6fz9ZJbGmPKItVjdW6wiNaiv08rYUHokRBd0ocXxNZqmlvBah7blVwVmTL8aZg1hm8atVRtthDP5D1lMULC/G/e9JoMZr6nG5sLsN+D7mG
BjC9JpHJAH0jY5kktdbsHbn7bNWyT7Zg9FQB1ciaeNUuaw3nftexXV89B3ZomE9baKQLylj06ZPZuJHTQpg7B4fDmPbe76txObgTYfJZRGw=
BjC9JpHJAH0jY5kktdbsHWSRCyOBKq8raEkfH3H6civd1hbqnWLsqGBdUPRT9vp+Fr2u4t/ZhcDjHGdRmlEYvraBvd8gmrzKgw26OYI6lLYRllYxfhTZs12xlKFD/Xid
BjC9JpHJAH0jY5kktdbsHWSRCyOBKq8raEkfH3H6ciuStzo497qiJxe65sk8PceI6YAouqH2J/ghiomvIqHt6g==
BjC9JpHJAH0jY5kktdbsHWSRCyOBKq8raEkfH3H6ciuoqBcQX5rskor0v1+4Jm2vBbFaihtxZrWcS8nxhnzOSKb8Yg0NjVi4+46Psz3gzvY=
BjC9JpHJAH0jY5kktdbsHWSRCyOBKq8raEkfH3H6ciu1AbJiLYed3VOs9VVZP7TrORlzIcjmbV/mj0/eHD4WnKNgYZX0nli+23EKCeVd4aZuZctivFHrlNo6D21J1f4W
BjC9JpHJAH0jY5kktdbsHWSRCyOBKq8raEkfH3H6ciuSmph3qjb8RnbEHnZH3PNu8XbCwU61wOlpji2OnW6d3Q==
BjC9JpHJAH0jY5kktdbsHWSRCyOBKq8raEkfH3H6ciuliCCb32xijFwqwBropzK/RpxZeD88xjWhE6gvvOUtzesNKDbGYlc0fK01PmPcctFvjsADpG8v+qW/l66zQEDg
BjC9JpHJAH0jY5kktdbsHaUGQUKz1+aAsI991ISsKQF3GfbbI3/t0XSoj+3RNqhwwYdZG0YhU0MmHyDP6ZS/riTKykC2GJZ4rZ5F7vCNdwazflZOSzCbF58fmJrwq/H79PIf2KA+T58hOviL+IN4D824YtKx172AndKJ01H4jkc=
BjC9JpHJAH0jY5kktdbsHaUGQUKz1+aAsI991ISsKQEmE5t9Dqnzznwb/K3jVPwUprSUflhNYYXw/sj3JfViyd18srobE3AU+76hlNjY08Q6PS/rU8Ssvb8bp8rbOoej555Gh6ygGh9CCuUoc2BqMekQNpyPlWgkbcfxTXomirHW08ozSstB+T8FHIa55k99H5bQ20lGubZqYqsk6/CmPg==
BjC9JpHJAH0jY5kktdbsHaUGQUKz1+aAsI991ISsKQGsdu2wXXIo8YdW1uiAKxyx3hW6yzi15J7MgkD7PcXVIeaylV9umac8nySiZDQ1FU3LfQW6aQH+32/7Bf3uaD3ekzAsKSwrYlxKQyz6UtyuB7xMet52awfey+dL9fh98DJGYimXSAYrsipq1bwlZcrG2FHNoKpcNEk0lvXxBV+xdu2g/lsAG3S4RNXmRPWnSqs=
BjC9JpHJAH0jY5kktdbsHfTJTMcTULkVF1vAMajQ09Cj8zFZ/fZpjPAIC/3NbODPuSRbbxMjcOOutTaiT8qES+8RETCkx3L7GDK1J1BRBYNeWuWlDvt0Whz7sOeF2DL4VoTuiUZHfbq/SU9PPo58LI6ZHxDcsT050cynQyreYJYGpzzybYszKG+TVevJ0IMa9SWWd0Fg+dPGNETyGG3dc8/W8tnNubzq1XK8Kkfz0qKoLjVPHWHlRbVz8TpkRUB9wrrAOz+AQ9Vu2pAibRVA6T20GIekQKQ57pXFIcVtMJ5gROC703Jbmny+PotwexHn
BjC9JpHJAH0jY5kktdbsHfTJTMcTULkVF1vAMajQ09CcHkF/EDCRF4jh0CrSrbtrFfaqSVEbppeoeF9l2ijWDK2oOzVzD+KILWIR2tbE0V4=
BjC9JpHJAH0jY5kktdbsHfTJTMcTULkVF1vAMajQ09DmurVtTb6ODDp6mhi4paDEZqVMWcDCTq5fllpShHgggwYZnGv8W259TCvDu/i+zRVOuzHV7/Bld3yedCsulkqF
BjC9JpHJAH0jY5kktdbsHfTJTMcTULkVF1vAMajQ09AZ5qPV0X3A43AV59Qy2adx3PvfVO3CaJ0TuH/U8QcvBg==
BjC9JpHJAH0jY5kktdbsHfTJTMcTULkVF1vAMajQ09DYOo/M/VRTtnJ7wn6I2o6yZ3lFe6Iosu3HGq3XK1RskI5/pdnwtfC8Te/JFgycxb4=
BjC9JpHJAH0jY5kktdbsHfTJTMcTULkVF1vAMajQ09AoEzFfkpF7dz2mBWL4qhBka5P9ArBmlGR4YK6A0ckx/bK1IeQDKsmWox4mGoR8j8DUbrK6iMBgSoPyspvSALeY
BjC9JpHJAH0jY5kktdbsHfTJTMcTULkVF1vAMajQ09A44m+W0oG9HQPT9QfYDr5gB+s7vOULeQ4cDhSy1b6i3A==
BjC9JpHJAH0jY5kktdbsHfTJTMcTULkVF1vAMajQ09AIjwed13ujM/h20Ql3S5PEBfcP9QYO+rG6GMUULcq/mfiewlyimO32iC/wqpBNebR7l133SgQ9tBzLPphcmjXU
BjC9JpHJAH0jY5kktdbsHfTJTMcTULkVF1vAMajQ09Aiy718EmI0Npw+Jmqsd1uYnVunApLclNjLaD632lZQHaMBuHRo++XlZxYxd99NS09yDBNDMBANPnHuB+tus/mFCTHoVvDKBFWGCuxSKCb/enP3X3F610YoEnRZLtCssIWj9sABqIZgtu/hr3JLF+YGwkWu35N/W7Y/2JuzOfFaHex1IE47HXjhnR7wQhm2isgns2SBKUcw/Vy8qb4clCJhA5Uibs5GPvqoRCRSirNicwW/FSecRRQ3nVl9GPCIdDo=
BjC9JpHJAH0jY5kktdbsHTgvqSFl4lhqy9uAmqgpZKQn6zyXpsM1BLZz1UVb+z3h+db/raasiGx3TL8ApZDMZgZaDCSgmf6OogNmkmSi5VQ=
BjC9JpHJAH0jY5kktdbsHTgvqSFl4lhqy9uAmqgpZKQ+vepD4dpZWyucCdeUoakZ625XOy5OEVKKndopzAFs8OdD/ovWbGKjUgW+atKYoB7GVX+zNbcfy7tcJqh/PgQE
BjC9JpHJAH0jY5kktdbsHTgvqSFl4lhqy9uAmqgpZKTxlHCi10H1MN7JjKUpPLnfMZTlSBV5mm/B72PoZexZYQ==
BjC9JpHJAH0jY5kktdbsHTgvqSFl4lhqy9uAmqgpZKQxAwoQEASSC9/iiXFEfCVxB5R17APyHJkOzuvEE4q/WT+pXinuqGSMS/Y1rBHitNU=
BjC9JpHJAH0jY5kktdbsHTgvqSFl4lhqy9uAmqgpZKSrLP2i9IMPEyd5T3lKjbGbGUPQdmgZgTenkEKpYpDYX4N4ILRZy8jN+E1xvEW6SqiZf1hHRecueda6N0IAmn06
BjC9JpHJAH0jY5kktdbsHTgvqSFl4lhqy9uAmqgpZKSuiM32cNW0MBzYZ37yVc9dxhE3zAdHFzhYce+4kZy1Dg==
BjC9JpHJAH0jY5kktdbsHTgvqSFl4lhqy9uAmqgpZKRhdLUaA7yc0yQTJBpEN+TWIgJQHDYT/JFd+riCU8H5DNmbrHFRc9FCa16qpbH9VHB3yFXEPkqwLZkO+96TBXzK
BjC9JpHJAH0jY5kktdbsHZ7yuFNW3A7aA08R0o9Rk8uJfGPrCq0RUICZncWW954svMvdtRqaB+86YQeXQb/h5qZ+ch7rnJJSJoOjZkRuPiHiluQalf30HL7ntLBvaMtF
BjC9JpHJAH0jY5kktdbsHZ7yuFNW3A7aA08R0o9Rk8snCETjDCZfOcbbC76HJydBUR1dACTh3vDcJt1li8icgH/GOYCTwEwHArUHFoAHcKGFRHQYPkKWRN3I45pc1zwwgizuLGAiClCYLK4O04mJ1w==
BjC9JpHJAH0jY5kktdbsHZ7yuFNW3A7aA08R0o9Rk8vWi1P9bkC0+zGFWXBglQBvaA3RSBp6TDM+KnZ2jMKl6bhMXdbDZUa+h8nQXKjvfMYVxnbzsqFgRJr64CKbye8zy2wna9plOcUhqKxYC9XTomPU31Ph/YzLrC7o2KkQ7A5sIu7zsTTv/IlSIPWhMpBy
BjC9JpHJAH0jY5kktdbsHX8RlgYK4yEWTGYeL3uY9O9o2zFk8jfc4a3oQEE+HZDRxhiWZWPqkm5iEgPjpaPGRWtenzoIUniMkV+kI5CVjhNy/jTEEpgTTewKLrvlKXqfSEcJQOUm9DgAvEzuN74aq4ABQ/qtMh5p4PB5ZXl/++pqA0OxuGQyEko4sdZGeXp2fQd0gSpbhsj1lYt3Jcn8hA==
BjC9JpHJAH0jY5kktdbsHRPos2rfYhugW7tgpq+zB9mLPkyOBTZZNbcbMcMG/VFZNkhpL+P86x17b2ewLLWkAPO6kkBPtx6M9dsCZttfzb2ATirYxpUSkkj+un12sawa
BjC9JpHJAH0jY5kktdbsHVF5Z8I4KgMHxRqxIx4n2hlqievjzsDh5BCMSMUUpBEp33n4cZnP2C4arEd1UHJd7Y1DxJ+Mbb/gNU1nsx2otCSB2mSOmYaU9uNejwmEdNWa
BjC9JpHJAH0jY5kktdbsHcmIVlz6IMJcykCvKxxAlNS9RJBvXcwPmiavBrmFzNb916Dk1N5d82fUtFsWNvrAT1lJHqrKEpsD/IYx27/U1as=
BjC9JpHJAH0jY5kktdbsHcmIVlz6IMJcykCvKxxAlNR7IBxk0zNDyHCgkQBxhXtNtPGFlb8i8LnDnx3/M6leqa4UEsT7bhBJOlN7eTEAHdE=
BjC9JpHJAH0jY5kktdbsHX2jR6VcEibJ7Msdq89CoacpgoNPCw8vl4HVtGIozCb5XhE1L4MsvZrHaZGuFwVBEYVuIl8/SKqos4n92QZQs/0=
BjC9JpHJAH0jY5kktdbsHWoxwY1FEuBn5D+oOqe6h5V7ouHgxD95ogvOUoRXyez5ckwT+mSPlpoXiTSmqymVyu0Nsuzn1jS5S7ZK/XnrBtG9oda5d+1VsNV3yYRS48ZKIXawyQhQXlCDlglF/5DUmqe1xJbsxzNCCTga1PJqVJP/XHkz8eG/uaKW587+bjI18WdCkAV3qPwOBRw62To3CVvzQMUY4oglX6PIZo8jce47EWXuyNTkN8dehyex5uzj0ktC/yLdbxKmQpr2SGAGWAMjgIfmrGpeY1ELXjUwpWitSmgkMhKFBqf+TaolPvOrLqgCV2q5ns84zzRLv6DaJGcueyEcF2pflZE8Y4eeWYRIuP8M1o9/e4oY2oXkAqh1
BjC9JpHJAH0jY5kktdbsHVTD0omyDWRk1jzUiTBC4cYie0jlP71FeV5cJxTSp6HCqCHgFmDj9hHX/3jpjD5W+7eVzSjhtbg5lqhv7zegCVo=
BjC9JpHJAH0jY5kktdbsHQ2wsB3OhhMtXPEMbiNNOZR/RpM9VfeGbToRf36aR3CparRcYaayZ1851uwGoxIwM+NMk1CTUVLx+GmwNmt2fx3yJRHl1wjNR/auqjLAXDZLtVV9K96tW0+7BAfWR7TyavGjxPAXN9LoBlMPcPlOfzowN+NbNVGd3JZzHkU+x+RAUIetoagfYWStPnE/D6W36ea/V3l6nrqWarjHwTAXbB0mva+7CT0f4/Flcs22/96oRDO3/r03qIvKVvNtfCra88sEuvAOHKDJf3XPHsXVCdM=
BjC9JpHJAH0jY5kktdbsHQYaBTxD/Nx4BOA5YMc3D5xXxm1uRvedFZ+1C6GkrAzRH4JJPJ4JNl1Cn0Hu+fAz7Q/Jx8gyA+hVuEJZ9L1Kmv8RGNvMgWC15g2LMh/F7A9EG00NuZHn2Hpt5krYoyB7iLMpmoXSgBjDtutso5oeacH1weiPQ1sF25Li2x8q6dhCvxMRG3MiZItQCJQyJIjrnthcU669pE+PMIBI7daNRzolfWmAmRV56BgGZdMnBDAPDH/9rYOUoQeLb7t2HN67Wb+OAbHmEx8x+Tf9dpFRAh2B3NB3bYKAG5KlRlHnKOZj
BjC9JpHJAH0jY5kktdbsHcM+dSbHqU5FFDIFLoyL9sS12IoZjk3qNKrTqx4o5fVhLdw1asn3aBJsh8mh+8cz5jhyDzZf7uaPt+YqFHxHMpLfwafSMnMSyGl2+2bhdYxVNFMLWZKSLhpLTGLncTafah5S1eC7X2HUxl+y1NSmJFkeg0Vh0txvDSoG/Sbt3SohQ5Fk9GrZ1n8INSgk5BpMQp9+MNxfe5fK9/Ppap00dCrL5COlQz1YH2YLv0P8R/Lxp5HO1QbHvcM/uV7jtnGXv/gowkgnnRHRIXNlMxvOnVI=
BjC9JpHJAH0jY5kktdbsHWK7Unuoi8wVUP2OVAtl292sQ65tGLOEWckxfdMh+Mejb2b79cRqSDpsI3Kc6ZAD6ucyT/7LYhavC9ASUlGJ+UX/QYaJHPty/A1eCAVaNgok+DH5LorOlKunOC5fyqczFM4o5xClq76KljdTCBiJuYqx0LUI2kZnwP8J5eqNY24lhvMiQlI7OIxR3xVCPZg8PVmsie9BmL2lr3DJtygttWIAxvUXD5h1oNWEamPooPbR4z69hH9qZgMxJKdTyP8l9uJKmpQcPkVb/OH9TZcHdTU=
BjC9JpHJAH0jY5kktdbsHeqstFl/Y+eQJnNboDoS3abESdw/g5SW7srVvPM6Ryi6p1TdrU1WhWF/XFxJjF9zkXQHp45lcgKG9Vg7pLWA8+g=
BjC9JpHJAH0jY5kktdbsHdBBelvO4TdkoBLgUvGXTyN6W5xEHqAtSILTN0ohScLBgy8b/calAvhwRpLrEqCemnWJu8sj2PISMT6Aah9uFwM=
BjC9JpHJAH0jY5kktdbsHQWH5wEpQxobTUaoSkbp0q0eFcoS8aRMICgRFcADPrzW1ACAYoTsvA3jSbeh3e0Ert1Cr5wPbT833bGyYojgWLw=
BjC9JpHJAH0jY5kktdbsHQWH5wEpQxobTUaoSkbp0q3jogw8fh7+G7yHVUfJy8HgsLoKQrzIVC/C1F0HvZ3Fm0q4g1sOnGB6qUz8KDBoFb8=
BjC9JpHJAH0jY5kktdbsHQWH5wEpQxobTUaoSkbp0q3Ug40VB7tXhy6TfVZgamN+Y1EIhONF1LSrew7DB4D4JIQlkHDFepN/3h09H7ugJUE=
BjC9JpHJAH0jY5kktdbsHQWH5wEpQxobTUaoSkbp0q16QJgjj0IQXhjRBlktQ+xpsswpIbOYcapuvzyCbYTYZp+LniXsjT1xllEoqT1a2Ek=
BjC9JpHJAH0jY5kktdbsHctAV3acmlNggtO6W3CtWNTKTH1WAEC9uCKvOlzSFEpup4iuI4zV0YJW6w68y0iG2KHzO76l7sJfyDmzvkdqEQDygbbWY5OHVV2mLk9OPKsu
BjC9JpHJAH0jY5kktdbsHctAV3acmlNggtO6W3CtWNSYNIpT7oJLya36u9LHifPkmAm8T97p8MGz4b8hc/k3uIXPz4zko90mQnQ2asvGv39kevl5hXpikT/zv1jHRmUZ
BjC9JpHJAH0jY5kktdbsHQ/5OkAr4lZSsjpepte2LN81FN20QemWqjObNQA/MLOdcjh4EbCS0wbE3pP2k7CePQ==
BjC9JpHJAH0jY5kktdbsHQ/5OkAr4lZSsjpepte2LN8mG56MEsOLOlLqdb/+Mgk6N6WNQYxOzKmPFmrlXk6lRw==
BjC9JpHJAH0jY5kktdbsHZfJrlFti/65HJrD3ljosipBKI3+TlAQPBkReEDWqhvttY6czXEmuHvHhmD7f9d9S/GQ9hvGM178RViXAJcsauL1G+93v+6PKJovSMbMqTs02nuh3zhDkekYtku3ZJzbhzPpQgA0d+qeBehoMtr1RCSwMVSsf9PJy3QmwkRwDcqxfCU3flhB415GkfGlx7BoOyAemH0/RYnS6koRtoOFyVRZIi9q6J7cJB2zEx5ALcnsco4VwCz5gHdtFf0OoGNkpfncfxJhNZNWXOMF2IU1QXpyaQkHSiQoPQX9LEMxIenkDjf19xgOnrpgPsFMqonXRThzZMWA+eYiaREwriIoVHw=
BjC9JpHJAH0jY5kktdbsHZfJrlFti/65HJrD3ljosiqGjrFnw+l+0Lk3TGd9WpK9FkulbRluOPp0oCJC/KYpnrjhRKyrt8A7G6Ui4fu7P/3T0eVCwefaQPBFbo6yahJopSE/AocXWWDQkFeNpcQH0EcQvS7l+2n+OIqDuSuhhN8G/6dE4TCr0fr5BHDwr6lCFufXPKy6Tx0Lh7eT9KyRLePnmj8v1wTI6GK+fKI/ymSNE8VIK0awnzyY+cCRzLdDCIQ/u7xgKxHihh5vCIQ1QIzgFeZ2CD5SN55DRJNMNLe3GJkcZcd/sAGUnUXuugMkdgRomPQe1Nu6TNOUwC0ccintY+V+l8IQc4XU7nlQsI0=
BjC9JpHJAH0jY5kktdbsHZfJrlFti/65HJrD3ljosiqF2k/Dysd0KOMcB43tO8tCj2ldjwfJnH+KQ8WH2UD3p/8yzGXU7lFsz9ftbDWuJHIe4UAoX3Q01M+4Cu6BY+Z8Cv/5MLD3TtHxVvaDyHSVHRJdtPqW9h0mS/DXBrpatXw=
BjC9JpHJAH0jY5kktdbsHZfJrlFti/65HJrD3ljosip+sDMBDIpjA3sM21v90fJp72RO4d8KwJHw28qBMi1tjPVf25PkMuyYP3Br/K2ogQcIOTB2Dd6dU8rVdhYTE33TuHQnc4FCOJ1jMX2TVilknIqY1nbSFoYncCfA6nEnO+M=
BjC9JpHJAH0jY5kktdbsHZfJrlFti/65HJrD3ljosio9VNxq9/GKedtwE4tAl/VnWdUdMWlLyySuWleb/OZ3FQz1XRGDEd4QjHP5zVtikT26f8hOR5r2SGpNvK+hL8Sl0PvhsAzjX14LURj/wx9GGWPawk8mD8l8IJb8On6IBQiS7VtkPn9cWWbp3wIcZ6u/
BjC9JpHJAH0jY5kktdbsHZfJrlFti/65HJrD3ljosirDKqvaHFiCyjEa5gmhWAKfoCQxpiqVtPlIn67fa4WCC8WmmF6/1UD+Bb7xVNXAPiZF/L7IEhFrrG9z8AU4MLpjZvCaVP+SmgGzTwTYNQumt1Gf58IKpdnrP4fZKO2I8Dt+3OOMutzjL//woIxeXI+V
BjC9JpHJAH0jY5kktdbsHQ3fZXTTdKV/hLJ9fzpeKYTqcUOpju6hX1txMQGx/FG4sGN7FPstDjbXXie7tLQG6UiBEDMW5N/a+viBanXl1h0=
BjC9JpHJAH0jY5kktdbsHVnR49/ahVbu/hDRITLXUQTr14rDW5Fai8KDHaVMW3fdmPo8iPYhSA25iqH3f+9hm11Lcs/yrijjUGWr/QNVUoM=
BjC9JpHJAH0jY5kktdbsHdGt6T2SbUOAcLds9Ba6bohkqGyMdWlr9Gc3gtwGOlZIc9wUqMN7xTYN18CkGFIMzf/3BhFgMJL5v5GCIy1Ii09L/jIzno1cQ++lgdP6KfeB
BjC9JpHJAH0jY5kktdbsHRGFwzq7c8B9oTL2ywcsz4oHQ1Uf0wi7agDrsltItXt5MiNLfWBiUrVYlqYHDYD69xlMR/NFItk0w6xWD+pyRGoqVoD2H24iDWH/gXmQk5GS
BjC9JpHJAH0jY5kktdbsHQBHyvGCZhG2DGB4cQRsyp9be99bbosHTTHrFXaBbq1rYhzItKxSPFfhaaboOppd+2bGug3jIuPnN/ZvyE9gq287nBn+TCh1xaPlIH5oLdO2Mq9g6jGEcF4aw2oj5i+iCNFn3iVheLObzcq35w9zLWXcX9UGAUuGO6tpptauogHWQBIP8kRj+PLJ55cw79LQ4QBwq73yrnnSZNidJZpp95kPF0E24aXKbYMb4P8nsajNmDaHLTliCVSAXhsSLFoOYNBztPlyWS+plw3GKLsJJ2M=
BjC9JpHJAH0jY5kktdbsHQBHyvGCZhG2DGB4cQRsyp9PZk+1hfrimFJm1p0ss17jqri7JSNDTtwcu3acZH38D7lmX+bOgS0ErIEiC5u5q10sx4uNLmsWHuIzZc0RBToyaMvLCXPX94DTbOPlpukx1kHs3Ld/4JVGAuf2PV2Dg8NYXzUmtTbzFulRnpVzl8LaQUJAA4rpzl39idMoZ9IUQp659XZJcW92OHNUygsi5XCnKL7pLZz3+RantH569BG2kiQcd53SCdRplkvrD+MTQ8mKDte4NkMI4vNyEUjbqPwSpB4gUW8tirK81AeiwlQF
BjC9JpHJAH0jY5kktdbsHZYX2hBj79ru5ob2Ug8GS9bwM3MZgnsfuoTbUnsqCY5UtCiptK0VbcjwVwcDl8NFMENnchN5Pv7yQKI0PQJq8cWcHOobBUSYeCQRh9UKbHyj+GSPQ/+YHFK19ihBY+LQaHPuLK886RBvo/HpLA7BaHkzOcmrMO4VgrOg0ioDwM9ml7VJDnZ9JsuTYWqTAqEYvpR8CZPZMqYlbnLAhy9Le9nBriycq+jBfPRmetQe5nH/yrb2KtPD2Ho8y29+tcsyk++Fq3yiAm1X1arWqAoAWTE=
BjC9JpHJAH0jY5kktdbsHZYX2hBj79ru5ob2Ug8GS9YKhP1iR4+A0jQbAPIPNJYJQAb3ydIVhFwjuccHz1T4aKry+tr/17p4vrCH3QQdbE79mbky5uSsxnfe89WjD7UGkZOFDkeDlt+VLhXXf8bfWA+fpWDVIeYb89cBGs8nsmIQ5NqSjr+KnVvVxwP+aDwn5xQohfKAFEGleMAWl4UOiK9vfwppukcBmldVOIWKc+R5TH/OK3CSTida85PiSVHh8v153lNT5zY+UENn39ikoiQ0Cx/ATHNpNUWBObHW2Ug=
BjC9JpHJAH0jY5kktdbsHZYX2hBj79ru5ob2Ug8GS9azyiOPF7vFSl9bgL4s7DJVW6dWRkxWItC1IwvBe0VRDArv05wfTHDi2bwUhPIuKTc=
BjC9JpHJAH0jY5kktdbsHZYX2hBj79ru5ob2Ug8GS9bzQkVsveWBdhVwQJJWWR8LKZ+5gJpKlmgWA8M0wFDLZDLRMcZKN5CMLzikcL0fLIw=
BjC9JpHJAH0jY5kktdbsHcHc0HOWoMcQM2xSNaxO8L0e2G5iWEpqQjyYRRekFdZ4e2VnjH/ZRCdC3AYRp/TYSD2tYbAJ+jC5Oxdsohjl4Ss=
BjC9JpHJAH0jY5kktdbsHcHc0HOWoMcQM2xSNaxO8L3e8YiJxSyLhwD7gPUisdMpSQcuYcDrK7hHmzN5YfUNdDu7xd2C/PuDw+ZhmkLMAUA=
BjC9JpHJAH0jY5kktdbsHcHc0HOWoMcQM2xSNaxO8L1119fOMdEyPexeOUltZ+0DHahTGzxkJawXtZqfwvxQrH/ha3tqdiiVAm+Qt+nMuxQ=
BjC9JpHJAH0jY5kktdbsHcHc0HOWoMcQM2xSNaxO8L3K9oV8wwCqAPpKHhPQOIl7xDm+a8Wb9cTRWYsnAx9ZDMCVgKUyRGTPDz8e8Vm+6Hk=
BjC9JpHJAH0jY5kktdbsHcHc0HOWoMcQM2xSNaxO8L1SnLpNqKwG3P2SQrJxWJEoKU2FSoJ/7drehKB1wvvBa0WrSxZopvEnZAx4pmk9wbF65nugXhVFRqU9gfxKv980
BjC9JpHJAH0jY5kktdbsHcHc0HOWoMcQM2xSNaxO8L1ndar2t4R66SSkwaeNYn59FOMoBuZvFO880CG6MuLDQmPWULEq2hCtGzx5I5sIkkRodhR8kgzFIxIeIo56ameZ
BjC9JpHJAH0jY5kktdbsHcHc0HOWoMcQM2xSNaxO8L3DkS0wNTPj6bo2EfOg6RsklsQD9lOo1/wW40b+7n1cvw==
BjC9JpHJAH0jY5kktdbsHcHc0HOWoMcQM2xSNaxO8L2gfPhJRTS/FNkmRICQtBRFKoTuZ8OwkcOXs04LHv/NlA==
BjC9JpHJAH0jY5kktdbsHcHc0HOWoMcQM2xSNaxO8L1val+Rx7CaT+P/XCG7UsZ9ESjnqal8ZC4n54ZJ4GBwX1HWBw/otrU7Q+64FZQpfhhteHJATDVEYqxHEfAGAyUZz34P7fzOp6DMGcXT7ECQ7VvdGni1M4pBmC69Ob7XXerLiOe/CQep/W4im05m8tNdu9iog0jCxJsrRxR/od1L0MR6AicaK/ViWmmhwfaVg7yIQg0WiBxqA3QXOcPUHJS56iqdAbmrE0qS3P9zyLEp/ZRG9TzZesD8J8nitAz5xeaU3KHEIEprDR+zch/GymYC/SKZQExb59T5vBlIQR7kjPcmN8PMEm6WnJTAC8+yHO8=
BjC9JpHJAH0jY5kktdbsHcHc0HOWoMcQM2xSNaxO8L1PuPwvlBd5CoabfxtoKImejVhmRFoMEwmfjQkb9nwqadgNFHwhDLq9YkI+EZ/52nLMUGa13nDlc7voJ0cQIZZGabMgNMxIj9IQjRaD6hgFq6w8DZA9yVcC/30JDiKCXxhmcmwEVNcT2qBABhQeg+cDQ2m6xyPW/8BpmROecnkizBbv074cS2yYwQ+O6B1jWACaXfXaDP4olGcNO/dGq9srk+DXrVmcR9GBPmS32I84xROlwOzGf9Y9XGfZSz+dZYXVmjT6Q0QrQdkcOIp9iWtE/qQTt6pBs7UiUOxUOSXUjtuNeYpDJC++JLDFgHYAtzA=
BjC9JpHJAH0jY5kktdbsHcHc0HOWoMcQM2xSNaxO8L2qdyRDeBnxpEdTMRIix9RjC/DtfBAKsDwR+jnJgeOrV/aahZKh8cpmsU2NNPRbHW/FBIynOENanidKMF86gcb86SJAF56iOejRTILkoepL/F5hInhlfyVN9dWLA0OFDqE=
BjC9JpHJAH0jY5kktdbsHcHc0HOWoMcQM2xSNaxO8L3J7+9oCYIw+uoaBumOI3qAwC8pLWmNalCwCDhvRvDaLIe47T5GBvsVHYga63D4GWQNJhfuQvQDmrXnH6KBMdTKgAwO3J/tlmcL2wnf+hMANb9NRpjlxUfH4YI0ey/DGBg=
BjC9JpHJAH0jY5kktdbsHcHc0HOWoMcQM2xSNaxO8L1oxHwEnxJHsaRaOcnLD5OLoU+BGieoHo8XjnYA2cplnHEcdSAYzMmg4X0Gv+AV7hIQkbC+cU1ItptlRgqB4fDDCYqnkwPRS2bp1Mdi3+7iuiijdrrldcb5/vcnVkznzUgeKMobQ25+egthrfyn8TtG
BjC9JpHJAH0jY5kktdbsHcHc0HOWoMcQM2xSNaxO8L3+OeiYIcC1Y6644q0a7+bHZoWXEHQFDjmDDtfruLNn0RRwKP9ohxjmQqpmaomPhiC/6f235+Z948HjhoxP0OF5N4iRRD3Uz9PYO5ljU0fJFR11RCjfWrD7kj50oAFd7KDMHRtPq7k/G0mL6VGA7XYg
BjC9JpHJAH0jY5kktdbsHcHc0HOWoMcQM2xSNaxO8L1ytfwuVcI0BTEIN77p9OqUp4ZUSCaqQDjrJTL6P+DM5ds2MckgKukDBOG2Rc1MogQ=
BjC9JpHJAH0jY5kktdbsHcHc0HOWoMcQM2xSNaxO8L3Y51ddH9rOUf7+ZufInpA5qhV1fds9A3NrzUmwNbY0DMvYKf/QZLHNcBTtLZRdZiDb1DCjWV+Jf+XBN0oCJhFM
BjC9JpHJAH0jY5kktdbsHcHc0HOWoMcQM2xSNaxO8L2lThonX51XHngiELFU2KNnt/KRQG16fwBxYWwWe5+xR6SEdL8E9YyRwgo4EvFC/Cw=
BjC9JpHJAH0jY5kktdbsHRxigzRJOSpQlEcym18xPiMoVOfJwWPeD4TtQQdrFztMULZz0KUAyqW2hOJz4Ag3au9DVG+D01T6RRFGkmtQhYQFa89bmWkLO+E4JnDFraQM
BjC9JpHJAH0jY5kktdbsHcZ5z7L3CefvLlWm9hXRFFUk3z/PnwMW+PzRWhbp7mSd6bbK9VHQW2mLLb++t568dj/ZpWPgD468Iotbqb3sLwGynrStFLtR4h1zmCuMb5R+hDNHEervj1P1D2Fzn7406ldxxE6mV44QVyIxWXm470eY18UjGdekHLPxgIzYp8vET4JIeJ1G+3d4ws/riEfXdvQkJpbJiJ1z2w7qW68HzIju2IsQt7hPZnymSmzsCJwceDk7ry0EQi/JW+5IL/MsShrAAVaxG3lnJi+jqmQ/S/I=
BjC9JpHJAH0jY5kktdbsHcZ5z7L3CefvLlWm9hXRFFXjDt5ZVhpeifrjFi+hXjuey59HHfBEGfRextnXOfCHRdTQ0ZyezVy+d+0zCbfhTcLm+jQ2G8y8iC/qVjJMRBpbygpNzlJ62/w0y7nPaYu0I3q1Vq4mRD04eOD7tY4iMOG8nF6dBc/xk5Ymb9JT/+lfrMyjGqOwPFjTXIgQ+JAfUx7NIvoAAj2kCohMfLdn8pWqUAuxJqYiWzlhUxceIlYMqNA25QEGXdBFMrPTDwwvHAtf+JnbnGsKhSo56iZoOau6NLEcPcm2ua3T+zQFawoO
BjC9JpHJAH0jY5kktdbsHeqT3LNm2YPnyOBoS6ZwIQAqF/0dTlWApjhtPeAKw78UCl2Qya62XSsfkVmJ7JJvqm6Xd32PevUcWSIZFC7j9xs=
BjC9JpHJAH0jY5kktdbsHeqT3LNm2YPnyOBoS6ZwIQCdsgtEqTXpnCtUQjsmtZ/IqOoMtRU6yUwG+NfTCCNwP3qYDdNJrK6rn++8ioxpyRw=
BjC9JpHJAH0jY5kktdbsHd1K525X87oKYMT4NsVP1EsfocuzbW+blbfZu/WbwUS4M6bkbd+3NrOumJfqq4hNZOgyEi+GAPOkdJTaNuJrS0F9KWiAmRE+uqhhffUAdUc9C3jcnREDiXeGQoQggGcbMJHZUFOhFDHqh5ChgHGXA6F+mpLAyzzHVxihNOmtnzETnECuYz28c83Ry6INtgLqsNXEVHFANJHyJyEtKj33CPfgBiGHwRkvhX2nViuCuepGzLYfFHHysWpaq4bJfzBxndELytfd5pbzaVC3gtlWid0=
BjC9JpHJAH0jY5kktdbsHd1K525X87oKYMT4NsVP1Ev5+RbA4jBeNIUkSGZLwi3lf8565xET9tRMDQUAf0ObITNs77VT/od/tO6c6E3Bg++A4x3iX2CLPlSEdO6r2RAhdP7T2TVe2tZjRsUzSsxgvcEmIYQO3n00v0yPyc7hYr7vgetvmD2jdAA1MzewnK6cgQKzkmiDIZR3qTr/NccG4j2v0j2Ekyn9PJKE4XVKzoCFuW5Ny2rY8qQ4JaQl3MgSoVnkVElvvtMO+PjODzResv8wO/H6rdv6uNmF0JrucMY=
BjC9JpHJAH0jY5kktdbsHY7RqrLZhwjtq8VuPnvHzHnfftpVySIJaPin8aVKI+5gjseNkUuOQ8ydBC26I8qaBJfl1f7FLjjiNnpgcfuYvLI=
BjC9JpHJAH0jY5kktdbsHY7RqrLZhwjtq8VuPnvHzHllvGVvt0AUjBHlykpjvBS2GAR5pUcl0I8HL3ZiI2NBsloAvjDlKDWFeqSAbwwHR/Y=
BjC9JpHJAH0jY5kktdbsHY7RqrLZhwjtq8VuPnvHzHnADyoaLmC4DRU6PSDn6ZYzpCbAIRjMQYi1nMzjOT11K+HxhfUMcQIbm7EHsfyWkkA=
BjC9JpHJAH0jY5kktdbsHY7RqrLZhwjtq8VuPnvHzHlFRzUV5bBlawqBSuiphvZEvKyWZFkn8rMxCCtba+YtPjDEJX0/NEr4KT7ihGyM2Vg=
BjC9JpHJAH0jY5kktdbsHY7RqrLZhwjtq8VuPnvHzHnroC7B3LZKlokK23+XjVaCsnV1u8egaEQSI7wKNiHZ7rHOj8rBtfC48X/vzPimFAPIJglHjG344Tz3UuC/w9YB
BjC9JpHJAH0jY5kktdbsHY7RqrLZhwjtq8VuPnvHzHmHBhoBd72H0R1cRSAk2QPvK1c4pv1nBLuPcwvVAIGPdQ==
BjC9JpHJAH0jY5kktdbsHY7RqrLZhwjtq8VuPnvHzHn8i9mo0GIKqpsJwvGgXgNu2PuO5jjF9HtMcM6jFWNWhhv5xg8HPjlwdCoSsr/44OL9K3mm8mjBd2/q2EAmjCcEreb12vf8pv+MBHl2aeGWBSKxW9LVaRsMHV/+RfrfnwvJHoa3CeSJPLWvVoU0wJ1K+y3Gq5ohi0ms5THHdnKfk7kiLG3JimzATD1bc2yePQlea26syrwV6Fcvh658LXlsDXBzPJNSzjobbj3xc8Vr4hZ0vhR3R8hq8KxrLlNqAFFVp4ph4Z+nej7rMk5Yj06hkwigTiDkjjiF3YrDS5P/M0cmC4DcOJixV2T/V+kPvfA=
BjC9JpHJAH0jY5kktdbsHY7RqrLZhwjtq8VuPnvHzHmSYi/XxQhXlJXwbsBrMhOZxg4sRGpe3G5k1zm1+5S0qqsogAFt6weOQRbNJiJ2bzPHwCYEwhDeBe93jPcjM1+osvWxvt0XQHaCuxGL74HzvC+f76064W+8dp/ez1if5p0=
BjC9JpHJAH0jY5kktdbsHY7RqrLZhwjtq8VuPnvHzHnt7Pyt9wMP9KeYFFZgNURjtu8hTXANXt2yl86TbwjwJf3Lpn/mc+/GLnpG7Uf25zSf9lfE++IkoqA3+AezfD9kwgjGa8n0NZtzoJMRiT6gDPYnXP1XX0G/JTQ8CWdkDS23/5dq1PaEvaK8ihhzJb5J
BjC9JpHJAH0jY5kktdbsHekumOPzxnldGaKBXFlJpOE6hUQ0pbb1FI6Hduysnf42rFpNbREiNusslYcnVIrbjnryw5PK10jhbF4RBDnNXro=
BjC9JpHJAH0jY5kktdbsHekumOPzxnldGaKBXFlJpOEdLWoAOp9ppJqlhiLk1q4TmfBG2Bvzmor+/26UkigmHUBPKhF322t4dWZqELZWntHBq5G+Sw0muDIkZKddk5zJ
BjC9JpHJAH0jY5kktdbsHekumOPzxnldGaKBXFlJpOGpag10zF031gnm11CV4u1+g0FynAuV/M9VkgvFtRu7Kg==
BjC9JpHJAH0jY5kktdbsHekumOPzxnldGaKBXFlJpOElNYtCGRAnyYbTj8vgAnett/7BjPUpVvUlZIKmkfQL/3PEea6pD+w5sQH1PKkZccQNNlL3e0yz6vKSWgbWSRAZDUOFH7M2AI9zKNbJTxkH0lXOmhiX6UAckqatskbZZGWvfVPu8tyuSwGQHEEtiFWrayFBD1WQSo0WzR9YdxdLQECaSR9P7sFPGHRntjUlavbXJryZmQw3vhH/sjKK36s7K3W/8L0+E556qwaHKyILR/OZG/OEWVmcDCFjqepF5G4lcYDNjV6UpwyYLUT/vwa8UJEovDevEWTQ/iyTYhWLmSJgSqrjmOswu99S8wS7R3E=
BjC9JpHJAH0jY5kktdbsHekumOPzxnldGaKBXFlJpOHuDH9CCD8eNSWRTcrqnT3gcKk2/csIhP4vfrXrwrJa246ZFrv76nKn0GYKTqFB6/Cvauka6/3+ktQKYt50s0nQgINNaQ3O+MqzPszdIjuch4Nz2O1zOUIOs+7O2tpA/ko=
BjC9JpHJAH0jY5kktdbsHekumOPzxnldGaKBXFlJpOHdepQVv6v+yr9cBZfbw5NVzNnroCZs8X32Yc//dD7ZWSIaEbNid4tbGMKNL3IBcViruMlA2i9QrCGylI8yaCgeg6WN98PzezmHN0ynqpHkCVsA31Kbmib8kSM2MUVjL8wkYrLYxeCBHEB6RbN0Fy/6
BjC9JpHJAH0jY5kktdbsHekumOPzxnldGaKBXFlJpOG58zxBa6PnlYaTZelRHxQoQBCvdmDXWaCo1YR1C0bCZYYEQIr1d7eWZE/9KbkC8Ss=
BjC9JpHJAH0jY5kktdbsHekumOPzxnldGaKBXFlJpOGFhQfUCerpXmbSJuh+13bvwGOm3LZHM6x+SZNuusjjS7Dq05AuNNbUL6YsQ7UEo0YsgAz/ZX2lU7ZwCD4MXuF9
BjC9JpHJAH0jY5kktdbsHWfX6OlKw17QIqz0wOiiCdSHF9GLoCS/M8TPXI6SZa8t7Gtqt8Ab0RSHIncRGVBT/BkDd8IK6eyss87JzM8X8YLeDPSe9842nYvuR47yBd4T
BjC9JpHJAH0jY5kktdbsHW8lNyDtaFEdtRU1oGBVP7D+spK9xOWS8DZcqT/Jup8YjtAv4cXxUzxWYLZ80jSbqAy3EePqsEwovh+7w5lxiJ9mjfGG1ERSJtYNjMEiN57pdddyA5t3GONh3gH1y1+xIcqnpCCfWadzsS6cpD6NkEpvaoDWBbPrD+BoFxBubG5kRit4I7IUF756k5KXkDzIT/O69ErZ6yLbgqAlZd1/nPCPlfZCbfqcrsyWLgMwyaSpG/kSH0tHMDQ7ZYsG86bC2Fb2qlztC75X8a2+7iXI08c=
BjC9JpHJAH0jY5kktdbsHd72JnyKXWYTXUzGWz4282v+DA52TdVS0PU5zDBeh6mK+O+OV/7B1sxJ11Qw8+FVVVyFv73mJEVIdyYxPP/Ffosr0p3cXB8DjPTDNdaeSguoMWWIHy9ohvsS8RPUsIE2JWLSY3+iNsjNKLPRMJWSgCWNaSJJHD/cGWyLkvooZBBWNHdQHN+Epr5MmUC8Y0lNQ0uoaFfShrlOOS6i/QeTLwsMUvFCqGt9UxMW92QMOtStJxD1vBx2k+VI7D1tazYWmtNipIExULFfU/A+Ox9yKVBEPQgV0CiSbWcqpxpVnLcd
BjC9JpHJAH0jY5kktdbsHUHjaGcTb+18saI3wbpl64irQJOErGoQ6vC3canO/8d0J9a8T4XWBhPyxJhiVUH+6/kl0bJUmNxVf3dJswFsu3E=
BjC9JpHJAH0jY5kktdbsHb7qNre18aG3IlElODuRs39DOhb1HZ285tvWj2gnPFEdkezKi+RVDvpLC47o6jTRIuIxOXfVg1FfmCpD/CyWoag=
BjC9JpHJAH0jY5kktdbsHaqwgtpYgsSPdmTUu+85pKPWVCInVqBGFxDoLxC1/6/7eGUGXnAuxuTujfSy37qZUZ26CHtVC6dvbavuTT7HkrgzRgyUYFh09AzUuVvxImwkPK4R3hX+T5MF5FpyilxXHu75XRvAbMi3JlcMso1dFO4zjpvWu5zfEJhILOztHLzBStnUQBQUPA75jjHBPL0SWN4sSr67lXRS7mx+wE3WnRNsJsHqyQCPpW4d3g6z6Zgq48/pBtf8JX37iFdzei9lSc1IK6Uwk2IUQRnnkS2DiL4=
BjC9JpHJAH0jY5kktdbsHZJ6dCwuSJ7G0EXZXDxskXXJT39x7W9aZvyd2Pm3yO391E11dlTq9PMTKPBlxyixR+VLkttqJaGLYcuMCZfgDq6Ck8KBoFVaArJetShVJOSi3ZUfQxyXobqFWBdYtHzx7x2z+/0ke/senlom4uo6NUuND0MuW8zEJvBVnZJAckvi/Kb8MEJAh5cX5rqV40U8fpyry6Z5l15L237YZFv8226b8HkQNHfhD0T1QWkpeFTRGhTP9t9QsixrhT2W/64zO/YIyO2Vr/nUsw1XnK0u3Zg=
BjC9JpHJAH0jY5kktdbsHQ0YsUZ5kQtXqPQOBtwjbZ9CY48SauyV4/uAbN3DUKH0QFWBk2kl5oknubaFM416jyvutL2u0QHroONBOIwVFeQ=
BjC9JpHJAH0jY5kktdbsHb2J26GyBuQxhShkZSfIvMQzCbKMEL8ld5dGRxYLErQheo+C9cJ7pj40pggbN7CTLgUO21SDsy3sVZcez6vcD+0=
BjC9JpHJAH0jY5kktdbsHb2J26GyBuQxhShkZSfIvMTps0sbS2ZMiDV7PafoKW1mXotAqhcpupq3Ns03rXZEcfjYaZTFbavSF/SM3J2PSVg=
BjC9JpHJAH0jY5kktdbsHb2J26GyBuQxhShkZSfIvMRU9x/YNbIhrompQ0Lu4sUEYnGVPov4GPV6XqBXRTOjrPgr27dZD3W1uB4VuRVWog6kNo5H+eWCDDu75MqrfW5z
BjC9JpHJAH0jY5kktdbsHb2J26GyBuQxhShkZSfIvMQ0/RdTcUn+njrfp5RKvhpLHvDY3syv1rOZfYrEhK6lZg==
BjC9JpHJAH0jY5kktdbsHb2J26GyBuQxhShkZSfIvMTxs/cbWXym6NedHWtlO7Xn6A3eliu+rpFrFCg2pF2mzcykPhsCNmP7C3HMFB50m7G05ytjg5PSSkN/R9M/lySQB+3qqdHYlrjBFoc7Y+CTqgezSPu58cW3KHqt1OW1Q7IVai9j9zR3P29AVdS5/PFo9iUKrnvv54j1LnAspwJMPf6B7LkVf2rMTYGSHd+W+nBtQUDf0IxnfmGa5a5ozpEQ37ELR7AjfW29jCRfDJXD69RD43zNH91BkhO1fsnZ7+pw5F8A+b+Fig3oHuU5KCsrcj87COTqNP+gVFWxTixtYyQW9hJsnXKdUun4hwKHjCI=
BjC9JpHJAH0jY5kktdbsHb2J26GyBuQxhShkZSfIvMT4lT9i4SFel5A/XXiSnaNP9zS9Q9uyXRtd0RcEc0a01NN6bZJqn72BO+kDm/Cie+ZGUMVwtYnrYUNuYJhBI9aewArnFZg46oMY7cL3YSJO8IVSyYE7cRmUC0XR4WPs52o=
BjC9JpHJAH0jY5kktdbsHb2J26GyBuQxhShkZSfIvMS5MtZUQEj4Q7eIfKrRkntcccWTbFaEJl1XOAiEEhoV/0ZbHOxR7hcGtDiseysnRAH7b66iI5OJfPxbRyv4PvSAy0bcyLHfzYz2aY8CJ+0CSO7VMj9sv3178b3EVcWRjCg9k/wy49JHd6Kodcwxpu3p
BjC9JpHJAH0jY5kktdbsHb2J26GyBuQxhShkZSfIvMRVWXg/J1WJ9A8FLTZ+4Hj6HNQuDwkoIGB2rKbGawCnTDxWw99lkTkGi9DQvvVXfG8=
BjC9JpHJAH0jY5kktdbsHb2J26GyBuQxhShkZSfIvMQaSXgAmqRIuyUNG4bc9BRpx7L70OwyD78jrhpAKKO+dRucip3jSjV6KXZSrCQBLSgvGH/utB73hA+VrEuxOpV7
BjC9JpHJAH0jY5kktdbsHb2J26GyBuQxhShkZSfIvMQ2bQrXmDS7ROlOLPetq8iG2kwNcJ5yIYpX1IpXg6PuMFdSI67iF+1cS1tZyQdQLN4=
BjC9JpHJAH0jY5kktdbsHb2J26GyBuQxhShkZSfIvMS6LtsjqjPwCz/CQWMfZ92nWsLCdX3nDSmgOPay+WvBMxp1bb2rGJTWyemx7Lsamsba9ojGO4QBgh8DLgXpd+Th
BjC9JpHJAH0jY5kktdbsHb2J26GyBuQxhShkZSfIvMSFP5lQ+AsoZ8nDLvZwqywR7eUawlCGyAId3wY6AIVZjQ==
BjC9JpHJAH0jY5kktdbsHb2J26GyBuQxhShkZSfIvMRmvXr27/MuXbZhfGuvytOU+5IDD/htNU94JeeeEduxvxtXcnvT85S0qM5HKFc7jVTOoGvPyPyyu4oGU5vucWQxbLaqdpa9qCCE9urLupH8GmBAMatLQq9sHYDWhZRifqCLkOUE4xP8A4dHNWgMHkxuf2LmDzuYsNJoe4sQSJJpDsXL4XOjCfQZbXtj9qSnVqvOTNB9QMnW/ZuFHzhPyLRdRdifBlWbvXou78sC0VRNjSf+k8r/WS8tCRwNB1hZK6v/Whbv4FlTjb+GVTa7jfQSJ9KbtLnYcIeWfDrL2S+1cH9y2xSmoSyTOP2qDLXsTAs=
BjC9JpHJAH0jY5kktdbsHblloh8LSNYJVu3PonFcWj98tZfTebIZtwtOqlp43Q3F6C4NjaRIisCcwTBALJLbZg5V1Xb3omvxk9FN4FTFBN+gz03FtRN7VI6FwwOGA332UH+5ZYj7eE3qBJcmz4RRUAfF04JF8zln4ajaW6GM16g=
BjC9JpHJAH0jY5kktdbsHblloh8LSNYJVu3PonFcWj9M0rxVjrgXgEKYdvUvc/l7G6QtqbiXQpGJzEdJMLYIdCTl4XaqkH+QS0Ea2HuG3070gbLSsIgagLGx9N3MWHwsA0pnYvsrX/zoALd/Tdqk6pyRjb5ReU7RfbNYASkFxlCLM9fR4VzMjA7mrXi3qyxK
BjC9JpHJAH0jY5kktdbsHblloh8LSNYJVu3PonFcWj8/d4VFWYlDir9loz50J5OdlUHT/rycj5blpU0e6yGBZJHcc/P7rUo36ElBv/dR+Zo=
BjC9JpHJAH0jY5kktdbsHZVbyrFgH6yHN1DanWbBo+JmcKeXkL0PlTP4B75P5D2kQOPADuycgg0ZzdvwIpLLsjjBG7F2C8VenqqYP7G7JaLOyEDuf8n6qI+1gT567IbM
BjC9JpHJAH0jY5kktdbsHWp/B7kkMRaYDSgaB06tm9j7hhH6TwrSNqX7DsvlOWN55QE0jwNFDeVjoWgEtE3Le9fz9hQHDyIm82l77MVH62KBBwgVwk+/0YER/q37KIaC1yOQ4trOY/54DbOgqkE4V9j4gcqlcTET6uH+dbdeG3E7VbpJBa64U1z03CLzncOc1hRqWESEZo6ygkRKtCN1lwzxf4+yeINlDwsTtDlmk33r7Pn3p+pqsjAJiiILk8Wy+wTEIpSF4WolZZo321uLG8uAtqq9uxhIAybmKSTY0bc=
BjC9JpHJAH0jY5kktdbsHQzsUAOFx1xyhUS5Y2JUTcupkR1P3U47xDiUuCayJnwI6igUWtBK//hSIAJvIfJtoGofd0QePlwRnGE6oDGDnpyLVg1bEDJQ6BdL3EVR2VEu7vsDCrEh9UNXotAFGOQZlKF5TPD92XVXzU8awTx56XQcTKVtM+h+58EW0JFDvQeIoifwWeAyzbXJsdJZQkVfdeVYrI1zolkc3L3guw8mz1lBrDzcawz/15DTXeDVPH0MMWf/kcRqLm7CUXqNByQRtrCvUJGMnVR697H2FJ4GD+oxGft/h4dfV8AWTKAnQEMf
BjC9JpHJAH0jY5kktdbsHZ5LjCWEqaQzahaHcQxtV4aKFsXrhVXo//aKEeIyQ/lrK9a+QPRkP/G/AgO81i7FPjFAufSFgqe5ncH3NSdn6tY=
BjC9JpHJAH0jY5kktdbsHY9AdMU9ve0I41m5lEKT0ySNKMGyA7+Hc/UDWRy8cM6GhkaRfoEF33zqIJLbILC3IhDm0IuPJy3yJikfMGarsVY=
BjC9JpHJAH0jY5kktdbsHY9AdMU9ve0I41m5lEKT0yQPtBL67jlXXEzbdy3mTD7///uwCq3ack9khlSPASr1Kj5v2LoXaZ8yVjSy3ZQS/Xir+J3XVzUWY+EH/26I2qHt5YjOD1aa3TQS9CVmpL0tgtjY9Md1Uj8bCtX6Z8wdX/6SIkn0YLQ7h1DPumHJymku5NhDLYanvT72hMCTdRHV+zrlPMFk/kqo6tedX2n9rVrXSHymhGF3+CRLLI42Fpejasd+kijmx+as30G7DaofYgG2+xSBMtGQ8OSJ97AJJOg=
BjC9JpHJAH0jY5kktdbsHY9AdMU9ve0I41m5lEKT0yQvvREYwkj3SMwV+X/NeBCupDsTWYamSSrVaMNHgHIutwpBl8rQ9dX7W/k0xjWqyL7VNcZ0g4wHiILqmo8LSahSXJCB5nop7fUOWAxcPJ+rb1nxabLYFTdVCHDv/ncb4402GDjoRw15GoVU8O/O7zMxqeUAH9YaFFnCypLcpNu+QiTqfcl68WoA/vSb7G92aSKgGKD3LURgIgOxKUxmKj3HofuIHuAJnHBfzUoYXBcpaHrQPDusGs3Pks5CXhTpY5Q=
BjC9JpHJAH0jY5kktdbsHflxTcp1SQRxtv0gdVlolNu6ay7iQAyAp+cdwJY8VmQzJprGiB1JApy8ibBJBycawjPQ0xKkjHU6ODRP6rDIhlA=
BjC9JpHJAH0jY5kktdbsHflxTcp1SQRxtv0gdVlolNupIi4rL94Ild+TMBu6uq2B1Mz2wqwMXgzQHRyNL+CxaxH+SJYyMXkk2GXZg/xQYlo=
BjC9JpHJAH0jY5kktdbsHflxTcp1SQRxtv0gdVlolNuNT8yXlprYirECqCBGb1iGKhIVE2wyJ4Y+EnuwYKJJcIHchkvInlRbG68e2lQnaUDqjrPYiVZUy1SJ4JaDf0hH
BjC9JpHJAH0jY5kktdbsHflxTcp1SQRxtv0gdVlolNt/IhvfoGKeZnzGPGoylWyURkEiWcX4AKPEi9D2rt8ZxQ==
BjC9JpHJAH0jY5kktdbsHflxTcp1SQRxtv0gdVlolNvW1ikdpmUuhaJIhkGwQtE8u4kyMykdFvtYUZgkcojAG8B2GSXvbCD0a0jqT+Yf9I3LcdZcJBLp99HAGxxLN2WiFppzxR3pHOITQBQxe0Hr/g9yyqPhJcDsw5ejKu7l5Ci6Kmuf1zlfME+mkG6MTOFT/B79wqi58nkEvQ0XAXfKUq258nDclLO99CVHp4NJp3MTSE3SzxW1CcwEzymeSHedn0PGtPO6h1ZkBIIsTIwxD1of6r5i5eJzJfSTD6UOXdbAwmxBf7QVPMtBubM+vQFoTc1zxZoKNkdUQ95giluWpG/MneXUG2rpTxA4quGhTsQ=
BjC9JpHJAH0jY5kktdbsHflxTcp1SQRxtv0gdVlolNuzxuDMNFFYgv1Pmr709kTV1V8eXP2adZfP/l7zzzwXHHfmSWvI+yjjl3g9WETljg6luLHu18fXcZAbHL7yHaL9ZdhwjZHrIFV/sgfUqybWdOntSL/LdwB4IfRz0XrGf4A=
BjC9JpHJAH0jY5kktdbsHflxTcp1SQRxtv0gdVlolNvUPsPxELpiJgIghlYo0EoJWFfEP7HQ4KgDCC9CpoE2GVMKtTTfw043IOyigEG3GJaBfo6VU75R2LcY7HMXQPSz3IZmQS0Y44UhR2io5qUpUixr4/JKy0tqNNngkP0EUFaSa5y0eQ6TSN96X74soBhG
BjC9JpHJAH0jY5kktdbsHflxTcp1SQRxtv0gdVlolNug5pt629SwVfg62+TxsRKjPFbu9vxfEUcknEmcTeWsedKYeHvoEA6Gt88fffAO51k=
BjC9JpHJAH0jY5kktdbsHflxTcp1SQRxtv0gdVlolNtxbBPQLjhFf4tgn36XLlNreB8aXgKInP7tzNwKcKFGEKlN4JCPtLhJ+obyM8LLK6KPsOeffKmhq6BCVM0Xk6fH
BjC9JpHJAH0jY5kktdbsHflxTcp1SQRxtv0gdVlolNtF3dYU6gOS8Npt3g2vMM3OIf/OxQr26+755tQ2/YTuHD/JjGrIr+DyjA3a4pW+TC8=
BjC9JpHJAH0jY5kktdbsHflxTcp1SQRxtv0gdVlolNuf17wW6uQsLbb3U1PHPMcRIUd8PJUb8MwDyas6yB/MoLVNSzaC0CYzjgDSjUCD3qc=
BjC9JpHJAH0jY5kktdbsHflxTcp1SQRxtv0gdVlolNt2CNNv0xOc3yJUlEEfWFGizykfvldqmSW/utw00AUJi+p+8gfHQ7RvtYJ9UPcPJnZkJ1BMo6KyAF6vCNV+cvYf
BjC9JpHJAH0jY5kktdbsHflxTcp1SQRxtv0gdVlolNtzZX47qoMOP6e1ZuAQsoxwQ9FJ4fgfewUY5pTBOeVT9g==
BjC9JpHJAH0jY5kktdbsHflxTcp1SQRxtv0gdVlolNs1RxhksrJCpQ65IKVKAFxaHCdnotQEC9LZkIX440V1MPBQ9vgMLY8l0+cka9aKV/RcTutDgd7jDZ1qcZgLTa50jEh6Gtjm4KpQ99Zh8A6jfa4TtkbBb+oltssolGIDGOOBDinfrGcNQdzzyisYLSNz9pFn05kGlADwS3p7ndGJfnsVbxtvMl53FYsk3uJa7kU71zqS/IQOT5iIaQmwY2tF/FV+5RCg2q//bpy5qNsHnm0+hMhUDgHoat48HYXFvrfksZXE3Di5X9QkhhsZdAfbmKRjct8RgONfCVjcos+lnUXRh3MSjPKZSiRP2rs3kVk=
BjC9JpHJAH0jY5kktdbsHflxTcp1SQRxtv0gdVlolNu4OpKPq5jc7xbsG5ClLNtdthiMgbPwF/TVzLaZBMEjkSk5WpP3KtHJTbuCkEd6Tq5HWh/9gcXpRlBe/EmuK+40Ryc9uZw5IUv+xf195fICv04CNF2OGArcEBPmGCXyc28=
BjC9JpHJAH0jY5kktdbsHYDS54mC1ze0EpSRcmweVDzn/Quyp4QHQIlg6tsOAPRWVvT3reVIMVd38PrqYJCASgY7+h6trQfxdV8V7uKlNHo9YjNzN9J/z/d8rnwjQxVri57siGgYlryh1ffCx2Akgll6idvkn58XAJNtU+NSUDCJsCsSpPGYrWTI4YoAU7QC
BjC9JpHJAH0jY5kktdbsHYDS54mC1ze0EpSRcmweVDx1cFPvG0s7Iz3f+GHIwabeHABl2YzWvFkQbXzZLcuvu8gvHunude6WyuDf47dEUPg=
BjC9JpHJAH0jY5kktdbsHfN3vupTBJNZAMn4WQFdC9WkdkYUNva+IRMd4qqRGCHKISCmV7IZt8FuNrlukXDpl5DY6SVcPBiVXogKL9ySUXDsXmDZQjqNU8giTlzV9iBl
