GmcONIA9PFzHw1gpPLLPoqev3ytAH5KO3S/CJpMsylg=
35kyjVfwBJgytCi6KM5Vug==
FNt9orFfFSbPIXNSbXcP2Q==
gE2g7VQeqq0h5MkG44fPUw==
A4ZCFW7RnVRfEnbtNxUDb8VFIQmzxcIFLuiIjRY2q84=
cwgQW1UgxyVfBeSrdwXHsPE1eoSAri+NViVSjTYe4hg=
pYn3RyiaY4vz2unSybTHuw==
mAzeFbkWBGyzJRgEWJSZYQNn44wFaguEUnqkvHVinQw=
NiGef/LGs6v8Em6sqLz1GYGKB0111uCW/TAqgkiW0+w=
2lfNnhNY+w/3xMaMUxJbE0YFT/wvMlSDz8Vrd5FEs18=
BjC9JpHJAH0jY5kktdbsHYbJNAX1mxTK5GXmOc2qVIr/mWHzEgnD0/by0G4UdFvDo0grVR9JeX2wmj4j34+q+4honObyCd2mgSXy9as5wjE=
BjC9JpHJAH0jY5kktdbsHYACbS/sbNziGDC8kiYAVoNad/hYNVp6sV62NTSGZLNaAyjK2ISn2FzZEDkD0bpk+pTEmbx/5K3d0tPaovMgu9E=
BjC9JpHJAH0jY5kktdbsHeV2Xdwre/q7UxvnZVcQBYkJsKeNNO6172/6aOS6X40EyDN+zXXjn17y5bXZGcxv7XZuWmJfxYVPR95Sx6GFONo=
BjC9JpHJAH0jY5kktdbsHW/d4xCADO5pUXvHOzIF27MR16ilGuLVQ3JF+5a+ejvBBy06uTWl3QN0OW80+BKOov+5p2qui0NyBK+q8fAvxOt6ibZFIzeeTLaReiH176zmD+7zisvSut0iebyOGv5kLxR3QpUVH6fltyFA8Ub1SjUm+kDyySGskQ4ZKnhcPYM46805wV5pI88qyydHSTsTkvcHx3BBFgQB+MLS3tkq2w6ke1VBFR8PnnfaJPhv25gqQ14HDuFMS2qKza+ksQ3HWgll6MsIWRkaQ1o3VG+eQcU=
BjC9JpHJAH0jY5kktdbsHVKqVL3hov+b7aPItB95Kt27ed239fZF3JUjQDEZqwRtLPfBScv06Q2IAyTHG74jX9tM/WaDG6AO1AnAW1Fl6qi4ocPeaGR5WQcb+mnLXpXDEZ06lsWGOEoXxaaclCCOWwBwzUUAtPGU8a5Mfp4g9ISMKrRhcDqtE4gpwhprG850f0A91FoKAerD8A22Msbg5Rgpjm8SueP7MIpDMOysyc4360Gz856PIxkSmZviRyuVo4hTyv4Dmgyuavk0Oa2eNfwZkNkprVxCxVtBJQUzEmJygK5r2hlLfcpJeD/gbven
BjC9JpHJAH0jY5kktdbsHV1MO8EURpM34pDkB3WO7HgPb9W/4jFu5sdlE/ERr9tMY1V1MR0RnWDlHFz+a/cyQS8gm59dTijMU8bzvWuULDE=
BjC9JpHJAH0jY5kktdbsHfedST/hoXMbVeu7qWndrnHDT1W2uXcycdIP4FbpKxjX4lUtY3zNHieZy/xPE4nM5EEqOAYinJ7vICmY1HGXN/KP6trXYomZx+t9mgVzrr/l
BjC9JpHJAH0jY5kktdbsHcg+vz64M8xLATzmQDiWGmaZI0LfqE/ECr2gdAymPqWnSNqlOHY+fluEVaYXgbnLgA==
BjC9JpHJAH0jY5kktdbsHcg+vz64M8xLATzmQDiWGma+MMJzrNI9Z9m607LCXtC6VQ4i/4cN0PhvBVO9AbnoVDAhRRq0dtfqa8OamM18kvw=
BjC9JpHJAH0jY5kktdbsHcg+vz64M8xLATzmQDiWGmbFSo/y9pHpjDlvwX1VaYzy1cT30yF/PoIQp8TNqwCHwtYY6SXRtJZz2YLLC/dtW5Ll+xpQ/dkf97tK8iS6klBV
BjC9JpHJAH0jY5kktdbsHcg+vz64M8xLATzmQDiWGmZYFItgZCN77z6jZvfFi0TijNtaiH2qU7lKAWYlpnk7KA==
BjC9JpHJAH0jY5kktdbsHcg+vz64M8xLATzmQDiWGmas405Ogrmc5/PE4CVtNBRW2BNJ3zSV+CZT1C0svuKpGkOgyLYE7SogN8IdIuDBYczMxyWP4cCFDKEosKmPtAzU
BjC9JpHJAH0jY5kktdbsHRyhzkj/+UUWOdmIMYyb0eZTgjJ7tCIbYq9IaX2f5iZ1Zs6KbfSTXEMV+Qi+1j8LQjZ6rqblo9DvbUOOFgKNzraXnAwHQWHxBSNFNDDExLZ4wdmhNIbGeKqi75auYfgxkYYng0SV7qRZlULvOXpVZgioKaGIx48GFiLnfLJQOe+nBNBIsnSmj+7O5qL62/Vlg4aSQSw9Hmju7qPNYIjK+1gYq0lxQY0qjAu7JPZ3NksKp2xElr1VT2zCP/YhmPKqtbuh9n7oJ7Ots9Zz4/ttJhI=
BjC9JpHJAH0jY5kktdbsHRyhzkj/+UUWOdmIMYyb0eY9qmdm8x7wFgt0FT8+jc5Fqy4vZDB6futMpdZt4fXG1bUfjFsug9TpujUJS+harD0=
BjC9JpHJAH0jY5kktdbsHRyhzkj/+UUWOdmIMYyb0eYueL6tZNmBESOCZQaGauZAAWLXFoAGv2SDRd4pxLF+XYtUy/1ypyoUQQyeWDjU39tIzPGhXqqDMg50mDcSNfaY
BjC9JpHJAH0jY5kktdbsHRyhzkj/+UUWOdmIMYyb0eY3CNjR7MOFjvADbLe10L+OvhDzVZWgaLPp517ztqL8lw==
BjC9JpHJAH0jY5kktdbsHRyhzkj/+UUWOdmIMYyb0eao5rljgrKHuJdQMOPLFL7jrigKld6SGJ8Rk4RfPdu8tzkpLg8OFv1UsaQquQzuFoU=
BjC9JpHJAH0jY5kktdbsHRyhzkj/+UUWOdmIMYyb0eYQNaRMs1umqtvHwoOOWr+LiaMxHrqNOWK/QDRx1Mk+WddEN4cALxDuXR9I+MD/Au7cpBT6SdiZhgmXat+k/Aou
BjC9JpHJAH0jY5kktdbsHRyhzkj/+UUWOdmIMYyb0eatcz/3pBhzo1+nW9y0ETidwrb2+sNzume87DmqFyal7g==
BjC9JpHJAH0jY5kktdbsHRyhzkj/+UUWOdmIMYyb0eZcNDPNEO72I0+9+1TL0qzPFX6gH91gzHljBsPptCPwQuYhiyG/qS0wmZjbv+ZTAOGpw8Zqnlj442zk4DRFQljk
BjC9JpHJAH0jY5kktdbsHRyhzkj/+UUWOdmIMYyb0eaPBiaVMJ1F3OC8VQQUTN5Cuxs8P4AHnNzHMYK1uEV/X6fA7vn/DDQNlUvfI9KV5J5bITrrLdx5Sc7B3O2XIEy6WVT41Y7I4uR/D3UeXKv2/Q==
BjC9JpHJAH0jY5kktdbsHaoxVbkux3Eq0INcne93hil7+yn6ZGTykba2ARauTYoLJYcyeZCHUwQoi8pScWSfzX7vuNkx5Dp7EjuKeToQKaZvap/U31ANaSRpE2xwDc5sByJd5YGC2vsQK5SNEAk1DITPv9e/FDwwEKdYwwcBCj0=
BjC9JpHJAH0jY5kktdbsHUs8nh6O0AzSFfjqsOmr1J77ykwHEcMTrTKl9nJ6iSz7j2/I29SdsPWWSKn1iumu0gAaHFsznOOAV7u6qLZnBGew98qTuC4AOyvWhBudDkVd
BjC9JpHJAH0jY5kktdbsHRN9B3/RhSNkx/DiLWUH3aiaaIks4OGtw+Q3/1Nfw8C1O72V2zpyKlfRwfZnM5ftrgNwP2GUPvavmVBC7Zn29rFablnPNOA4R2npvdCegNzg
BjC9JpHJAH0jY5kktdbsHc5WOrCL+Ik72AJyDzhtorMLT6Mh7jBNjgNchZRb+5s1QU6mTvRIquQ8/0sMLOAAP5N8/hjEUPcqRG5NCalFglU=
BjC9JpHJAH0jY5kktdbsHbHbtj8kOfiQ2TczzXLHJDN1NuIijgJJB7pOsPccZ7iOST8WUpF17RkK+qXbDDFClQHlLmyo/6bNjpO1dAsnRxKRjd4i3vDB+g7IL6mIb2JVvo+gjJOuUrXDSSF4SYNFVurdgyKA6AQkmNqry1WCyZou3Zyle/XuiwseZQm6//x8V5nGA4HalKFUWOJuTXe6vRmcdgGqgA0mgkUoxlGe3wfAg3SO2cEweVY0SdPElOVfWoNucwj+ftPtWDuwaPOY4jgC0VUYXbLr0loJ9EK8PH/HocCDZPc/PkOkKOD35I+rw0Ubu9PkICNQOAo3G5CUg/mJ0YQ/MrrpR16JouT7Eux0eQl9tK1zUHT8wUbfyfhk
BjC9JpHJAH0jY5kktdbsHa1Ncf+LBXc5RXzPBKwO8CCEAcSt0JUrLnKXj3w8WPjHM1liJf6tJoDHGuN6T4f2kBlq6RJRiLyGe95T/dh12I4=
BjC9JpHJAH0jY5kktdbsHf0B7lGV7TwMyU96vDyAEFSff4ll9nUhLEo4OHC4xF8W6sXhbowH1lvvrEqqZ7yi5pv45vNSUoBe3KWlyERk408=
BjC9JpHJAH0jY5kktdbsHVjCQQadVw9D2649ollofTogd/+QCrm233aj2EmFwB6kkNNUs5ASeY77PYjm4i29jeXxrx8ni//AFAocTfvyMiQ=
BjC9JpHJAH0jY5kktdbsHR9UXZ3Xq4502EMdNxVR+c3WELZDjPsaMjMIZHg8ekhJTWSlyVb+LpwoijEZMOSYEJfvgwOPS3INC9XQ5bgMPyc=
BjC9JpHJAH0jY5kktdbsHdcdbcBQEkNy4YkU+ra1/jQkMq09NOeVOLj2AhjEkaLZk3PyZJDm2L0WFYOtE6Gn6P/k1QONf8ztPxNjMCexm00=
BjC9JpHJAH0jY5kktdbsHcHrpIVcfKGT+XFi7YtU5+BKq/scY70oN+7O9R/rgzHoppLy8HFaD7GmHk/eFUDXuU41c8j4VlefvZduv04rHVo=
BjC9JpHJAH0jY5kktdbsHSOpMGE3icuTnVZYtw0gu7/FTmv/D4cqnpn81h4lBtigJkJElgxWuz6x0SZI++Mta+vy03BHnW+Q+xx/z/UCy890lGnhTnFD7K7RDLWEhN01
BjC9JpHJAH0jY5kktdbsHe/Wu2lkEUgZ9nKJWHU+qzXuAl7afzjnVGt5DI+HivYxBd8e8vDmph3gA8bGxUIQO0loRF0fqojnJ51rE2OzF90=
BjC9JpHJAH0jY5kktdbsHTr2y44U0VN1JTU4YS/qen+e29G9CPX3FDlYG1+/SvXm0Ecd94JxpV6FKq4MVgRPT8q1wg2H32oIC9lR36x88YTXbvZwWH0/F8x0OOHbXObUq9/YchGtSDRbzMXSI7Hwt6DXsFExLKtj8jTddezi1TEo0D3OFQfPc/xOUoIT8n0M31+ZPr3ad3RRahQOyM9eu9HBgR3cbSasZlqrnxH+dFn78Zx7yzGvaPBk5LrVBRHssJNGG0cIffaJ97XtiYWziZGkaIuxOqlPQYToUorVH+ffv9G9v8bIsYp8YCKvr4DTbME05J6sP+63yXqvASs7BAu6epk7oOpGrkN1TP48RKKjZNKJwfDxv9XNl5xeSnEw
BjC9JpHJAH0jY5kktdbsHbfo81/+8hBkgANGnHHn9zDi9FKJ8BUpbylUiTQ8l4cY7BxNEpUvfhvpB1mkItFb4M+54s+waIiRyzGVerOUoe8=
BjC9JpHJAH0jY5kktdbsHbfo81/+8hBkgANGnHHn9zDi9FKJ8BUpbylUiTQ8l4cY1fZf2dc2c9JWLC0RxiGliPS4iqrqtg7/W1Xy3Ze7IA2235+nfK7UsJ1qqiZYkd0b
BjC9JpHJAH0jY5kktdbsHY6M/RXV/2yWFmPuSmaKBddhPyknCKj181ZyIaQ+tn/AoJYY1lNMJ33DY1o1JEiKLoOBHsLZG//8MRCqhLovfda7zXpCQKegTL1P9rXCM3V2
BjC9JpHJAH0jY5kktdbsHY6M/RXV/2yWFmPuSmaKBdcNLpnt0yat34o0au+NvtGnMUIckk1DguZF9irY/rWSPiG4oD9NPNTP6dXUefGyIgo=
BjC9JpHJAH0jY5kktdbsHaJJ8EH6eO49+wQOf+q3qf3JW/I2bFEhGCOdyLRUHt4g6bNKvW+ZRuF6unatLrRXuD7LZQZleolmG1MeS5BHH6g=
BjC9JpHJAH0jY5kktdbsHTNz5Q4X0oHZK5cXfU5NcQb9tWHwOqlT2NCAixVn9lFyVo7f3IdpIkKtrB2fN0eaKbQ2IUimPJ5namrXhOJSgj0=
BjC9JpHJAH0jY5kktdbsHSrdoFPnqRFB/smFOiHhtB3T8ssbZaKQ3CXQqXCk755YOW0bovpiWGPsMLkCej9oNDc/YdddNnkqVH9aC4TiGXQ=
BjC9JpHJAH0jY5kktdbsHTrjP9ThkuAYy1ZJcZ0q4bthinPCG3Yax72QCHNxODGTVY63lAvcThox1rkofsQOuEMZnqp2cK0qk56DRFVVkXSMW0fgdq/VhazF6+q+oYuz
BjC9JpHJAH0jY5kktdbsHXFXFLREoWfM4ksfQNGEkGD6RCA+VSO3hKsvpiAITHHRvBLeWCIz8aRlun6c2J0ffeRg0CXzSDYI3tKls/cVOUM=
BjC9JpHJAH0jY5kktdbsHc+6U/CgMOQ1ov3/98fEQpsKzre5B4Rgiynk28OiP4xjd1Q7u90y9XDxh5T4HaCqJ8z3l9p/llyuhjP7EplrC3s=
BjC9JpHJAH0jY5kktdbsHfpiQ2SlkJ3DRMtTtz8FKDtFFrn1sOL+jyW6ovCGKklqHZiXTTMDMp5ksWYaQXdeL1/me8YufQwWOY0P7RGWipI=
BjC9JpHJAH0jY5kktdbsHV/8MvtcfLETtGFg2FudodJ6f4OmjRWRpAeHIUGJWDoJTBNC/0NIFkQCV53g7qtOaEPONoIkQ29XxRs6xiX4L1MLKV1azygJQGgkuhoyJ7P4HtXwju+XWN0OsSIVoBYRXrqOye6CHE2yrbh9NnroaiXSzEGyjaQOEJWRnTi/xxEYlcvFQ8aTr22ilf4Z7xsnTmme3eICzimXXQeT34zEmHt/TqqtzPlFiOTPqu7VdDYlJD855XaANE+givoF2zwO82CdcY+ZGICAb+tYizHjsR/98Hlm6aBzhpabM8B5eEriK4PCL7AjWr3ZrHuJcACcm2EG5IlT4+Cqd7+aIuBRgZ5RUOaZ37QkJicSwmpw7fga
BjC9JpHJAH0jY5kktdbsHV/8MvtcfLETtGFg2FudodLkUA48ii2149iRFuVGAvURy85LtuC/4/U8375rEw1ZbV782ChM2R2cPhRndbkICEk=
BjC9JpHJAH0jY5kktdbsHWrHXd87/NVuVXcwAupAhZUcMw/aL27BxgauO8w1lQT5ajShUw8lHnBODPbZdPuH1yQduZkNLIpFvxzXYNbC/YcGzz+3vTqfPmSysaIPOfKp
BjC9JpHJAH0jY5kktdbsHZSdXdWCKwBusf4oOSB7oCVqexXg6U75+h6Yi3uGWevnDmDgPwepqC9Dy/ZWR+kz8EF05sxUDScCUADWcl+ldjw=
BjC9JpHJAH0jY5kktdbsHW4iFIrjnqXEaqv152UJLActbmRJbZN3vd/KI69B0wnqMdwjlv+LuPbvMPcOeSqIoCl4kYPjlIR9ieNiedbBuAPR6sa2VlYna5UdnSOXh3rzpUz06Yw+VgPW3qFf2/mEpXLn0DMFiLZ4uipRdZMEg2Ys8fdXY9tkhXSo/orR26AS3ceUmqMNRIBcqEwm7MMi7jq6Wd1sTBCnpAFgrdIzE+YNxIaFLrlR6oolA0Xlrj09hldQK4iUdPx3z21E0sCQXhsjK3mS+vp9hFr4Ds7oC+P1sDA+mcJK9Xw5swwFzOVwBDYOomyb/t1726Svh1+vbkyJ5IpCgA3vlCv5tL0EZqEQeQYkfbAFWJLGwK1m+HIE
BjC9JpHJAH0jY5kktdbsHc9e1MsVSo74qFUzAbeFpgADnMk3ETQykZHR61KSSLULeuZrPKUJUTeoyGaq5W1VxsD/1HA8sXSdJ4iLJ5mno5o=
BjC9JpHJAH0jY5kktdbsHawD/FcPUQYJIiMJ1sLulb5aSvZ3/fmblNcSGLoNY08cC01lS3BstGj2YtSa0z5IpquLODtBfGqAZI0SqdAQXio=
BjC9JpHJAH0jY5kktdbsHU8uTiAJuIF4e3AmgJL0sY8f072GOUxIgTqDIPiu9egKvUZSMRHgs1onK50zmCC6m5sRQPFJ9hYyEc0JrBvwV0M=
BjC9JpHJAH0jY5kktdbsHftDkkGRZs5qUgO8SrDoyaLjN22A0kCmZAVLVWIACiM0U2Lv5c6YXwyKUh7dHx3bm5KcvDQKHKeuBi0VlpOclxkEkljM4DrkgYmpHNfDtbukd1zVMQ4zIXExqIdS3wxAoNSB+qr6t+R5qqHKvQxQtFsDuVkz2cv7Handbhfe48SjTLmCviE946i367cQYHsMHRSMtEveIjTUi52sntNMt7r41GV/W/ku6IUGvksN9deSGLtGmGajZ7Wr7FiGyHOZFBeVM3levH8MmXyk9tevSsM=
BjC9JpHJAH0jY5kktdbsHZnUEM6do/PnVDsQFy/dYCagkmPLH2wIQdQAIZCYqF2sm6J8FGUqFwDI8My4To7FkSrYtBZA79l9SHxfIxvyjF1tU3p9WxvGm2BfgYotm2hXaSLcOXEqIGFE4hM3EUlKSnxfxv5spfoED3cKxr9JlrkLiBj1EE/wi9b2XWP6KtcOfKbq9KQqNmyFPUJXJ31oCM5rImx9q3gX2nrIUoB+7C/z7moW0TJniORUGytBcetlIP13Ww1cjQtmhsBLFbF+gSXZ5fUgxDfgY1HdKvJ2cPo=
BjC9JpHJAH0jY5kktdbsHcxClXINDJchNOprRiLisp8qzPIs/EjI7nNQCmFlTMKokPDZj3d5s5ifTLic+pxal6LSyrJxhjH/ucVbtGRrcdM=
BjC9JpHJAH0jY5kktdbsHcxClXINDJchNOprRiLisp+1w4QkOoKx7ADdcTIcBNrd4M60Cs2jtPZccOsCXk9AMl+SdYIWmM4THguQWcu6QdF9Qvlnko3/pX2HPSVfJteG
BjC9JpHJAH0jY5kktdbsHRlOXV/z7mrJMkEn2WkLrYcQkRw5Tuff8Cx05rfdUXe/aiao/SGC6jEV1PmFGG1wpw==
BjC9JpHJAH0jY5kktdbsHRlOXV/z7mrJMkEn2WkLrYeG9wFdf2LZAP0CLVBg2Ea+bLaaB6ZPcfIzj4Q8yoQawIp7ixVBzhqeNgluetDaN6E=
BjC9JpHJAH0jY5kktdbsHRlOXV/z7mrJMkEn2WkLrYdY0hxDlYuFeSym6qpTSc0YJ82zht/odsj+DAG8N27BMpPNzUi+giYgeRTJn+z6RYTMgIpiJ+sYeAWX3kLsEV7m
BjC9JpHJAH0jY5kktdbsHRlOXV/z7mrJMkEn2WkLrYeE2ujBUoQHgsI4kVesbRZmHtZMSFGWosPFG3QtcBh58A==
BjC9JpHJAH0jY5kktdbsHRlOXV/z7mrJMkEn2WkLrYfO/ckvNF6UD5Euz6NMqFTZ0Y6yCr5PszwGu/iqG9Q7Gze9MDdxPW/VbyswnCMU+lVBO5O7uZ5CFiOZblByfEdb
BjC9JpHJAH0jY5kktdbsHRlOXV/z7mrJMkEn2WkLrYdjeuQ5UHMlZvR70bqdfORhL1LnEUfSMFavgVm/OGnmPn1j4yEWFTdBX1brMchE8Ss2KuzaBDrvo5TaPzN3xlVizl8h18FwfRaClyOYAdVrxw==
BjC9JpHJAH0jY5kktdbsHSCNgbxqvYzWlHvNLufa076U5U4VwtiiJOUD0ehnwxPhHHYMG/FAFht7Glrc3lEZ8DzKlIv088f1t2/8Spk9Av8ChNasAGHWaX1CI9RsA3vxYbzkfMJdwykzmXabLg3G/ApyZkOT2zWYSB+CeHYg6Ds=
BjC9JpHJAH0jY5kktdbsHSCNgbxqvYzWlHvNLufa074zRlsrLx+x7Sq11ND9J0nRHPPPkFWa92B0tSQE7VE502meqMqjPgdFPsxfuW8e6PdXvxcj+BNp6Ab7aAirmEyC
BjC9JpHJAH0jY5kktdbsHZIFd/5CuqngmcD5kqAu58KvcdL9gqcky2BW+hxvveMZJxftXUVhTPAJ4tfeSo1KM/j+5xuFBCB6GsJRb7FfRJJ2PoBmOGElQnqVUqG+Bi79
BjC9JpHJAH0jY5kktdbsHVNqntV463Tcw34YnzF7Mr4a2+KkpCFGKhY+UqgIpEp9W5D6E7LPTb6XP0oT+9kJ7Jmezspg5s7u354knxtASyo=
BjC9JpHJAH0jY5kktdbsHeFo1jwiRBxiCMMXImIWfLgEcmvEvH+Z/jConaWTM8/y95f9SAgX7l0iq0aC4byAMzQ4tKvFBeBveYXd8UmoKUg=
BjC9JpHJAH0jY5kktdbsHQSy39XIOE9vXt/UiyxCFA72qE8Y6cmSZnGdJla8m5E2aeUDlEcRkUY0Npr3Z5DSRBHDQCON/2LtL3bf4FCDw10=
BjC9JpHJAH0jY5kktdbsHWiU2aXaHCVmrTjyq74c9HkIUi+CQThfmkb+I0+2uKPT3k/ijvw/1+av1UtsdyMxdi2WmIrE4riN7KXysy5Td1MGnsge6REn+ZbzhscOywBQh9DheT06LNmQ9Nv0Ma0xJkxRZ+N4lFismCIqfQlgNrnqcWXCpqVqB6OxDSyT5uu13bZKQgkQ04DJkSJXAKqmI+eczgCS8QX6XuBbrnGOOLqZ+M5SjJPDpoCLwj3Jv53Zhv10C0QSUdOAeR6oQI/brGobHY/CZquDv2qxFlcWuuvLJ4VSIfYQOpUD2wiiwBVe+8GsAMxDQBdYxwEjQKLYrdvlZOnlqu9a7tNdAS5LCfH1rpAUHLQkD/J9NLLH1YAO
BjC9JpHJAH0jY5kktdbsHcGbR6tqh9HTt0w7azwuryW2IwSGGGl1r3I1kzJajit4C8B07xdJPfCl+BlCrNlB3zFrftH9P9IQQ3MGJRxIPao=
BjC9JpHJAH0jY5kktdbsHTVtVZEeM5bAuiG+BeCiI7AUV4zPaNDJIglibrRpzTHFAhM9Yv2lRv/y+2AZboqBa91EmXEdD6VLaePW+mOqm4V9eCxYdLmYQkN4Lf+jHR+X
BjC9JpHJAH0jY5kktdbsHVlYBXg4z74GIR6a2pwiW6Ep8xeGiPFhgusY3IzcoE6l78Fm4sj+lcFkIdS765dFwGYaEShAt1BRHMlp2qBclyXFyFKaUG2GhT39UKA9Yf0w
BjC9JpHJAH0jY5kktdbsHVlYBXg4z74GIR6a2pwiW6FDB4EW5/ohIoxDX2I/0ctX3FZMfHABmxKrNuhG84DxsZ0nLP2d7CVaHM3NOCYuSrxhYlzcMFFimbAk6a/zQo+h
BjC9JpHJAH0jY5kktdbsHect+WBSpXgrkz65dod/SXcLpFBiM8qFPJrKya4y+NQhp3HTX3wTB/n+NuzFIOhKDOi37Z6D1vR5zJ2M85YmlPVXO/QADw3UbMBJjfbhXOmb
BjC9JpHJAH0jY5kktdbsHect+WBSpXgrkz65dod/SXfC3pKXljYhf7TFuLy8SKIRituNtUQs+s8/sibBjoZJzrOiIHFWSgDe8NsKdBmi3mM=
BjC9JpHJAH0jY5kktdbsHW5MLtqt4cpjpHykma55Hx/Gf5NABtB5E00tN2HaxRM0UkfkpQdfRQh0W3lhohJiGh+KkhUntHoZhoqdpxLLjSQ=
BjC9JpHJAH0jY5kktdbsHW5MLtqt4cpjpHykma55Hx/Gf5NABtB5E00tN2HaxRM0IGFbqLQZNJDRKCzcx0t1HfK9LWhnrUYs0J7NywOaBGCkMnV8D/OC9yFthIowycLu
BjC9JpHJAH0jY5kktdbsHV70jgoSGBj12ERqR4QkobKaJrdKQ9joPmm04kJEXgX3lMwOBD3nam8mgHM2jm1tHu9OjR1nZ2jsb3S1gRuOAmLMciNOuPE8A7XCrrl+rPnv
BjC9JpHJAH0jY5kktdbsHV70jgoSGBj12ERqR4QkobJDdpPB4FaXIp1LPPHXnuO4QS2btK3iXxRLiSQuxJnKNwyHmv+oHuGS9UDpYsNH9A8=
BjC9JpHJAH0jY5kktdbsHbnK7fpEexSiQBkjXFHOmITWnG1PSFES+ZRK7LZC/rd7DnyTEzijzSt5XU3kLZH8CBvGsYrHoOjgutJCdl3ZMfo=
BjC9JpHJAH0jY5kktdbsHW71SsOQzQjpMFlb+i87WmbQXZ3KwwAZNgN9+IOz4VCO6Bk2Q1fAsitJaS9Dq+PPBGfS59XColmnZ4g7m+q6iZc=
BjC9JpHJAH0jY5kktdbsHSoyOpouzGVyjlUtQvIzo/yp7FKLAD9Pj+ZXqT6L7DD+nmq2gI5EB2gLXnbhU80q63O4MFVuEa3ukX0X9gKtcNQ=
BjC9JpHJAH0jY5kktdbsHRCURFLSxBQWwHgjbj/ATTbJaxMWhiYYkfg9gFMqbmafHUwluJHxHZVMtB6N6tZywTBMSzMgFzxfySO0Yh5SVK0=
BjC9JpHJAH0jY5kktdbsHV2j1YJXHDNvMvFAI4EBvlvPyk5B52ecdajlH+unuBRCgtEKkUcbgCvuI5CeMkLSPsU0uZAAo7baZJRosFPObXs=
BjC9JpHJAH0jY5kktdbsHStSGcpTp81qcWKJKDmRhwuNgN6CbrCC0Or15kxDdwaTImDeRy93FOWP6bLXAvBN6MS7IbjZtMPoPRZNuxhKKIo=
BjC9JpHJAH0jY5kktdbsHXyI3XyTqf9oaB9kdTE4PXy1PRv2fFZA582EHvcW1LY0lJG8J0xblUOrnNCLVi8c8aGdl+VKdT4abGHHHZUHTsw=
BjC9JpHJAH0jY5kktdbsHV8P85nc/V9EAdZDDNGBnCqrRiBtBL0lrvqWGlkoDQlQMXrJcO+GKgJWj80vwoZkPZw8RlUObX/rIG1eQ09zV5c=
BjC9JpHJAH0jY5kktdbsHfxDHJbVTRY27ceuiVepjcZ0pSWUxaFV9bIUA1zXPNWjgmK8bko8dV/rheLAc1dHTeXKs3LpWC4FbM7ocaepL2M=
BjC9JpHJAH0jY5kktdbsHefs3St+lso04IFr1K7D1iZ49w13KdzaMoqqMUOYOZcK4kMT8kgKAuRK2YwcmBI58hGx9RO27S+EXKHtveYv8XY=
BjC9JpHJAH0jY5kktdbsHbTP928XxRfPgCUM2YLPdj+mcoj1aT7wG66nOSkgiT5q8QetwNUQvHaO1nScTxEuZMNWVdeYuo/QHso6vFnPgZI=
BjC9JpHJAH0jY5kktdbsHZu9qTmx5+XZwXn+ie5ejqI3C6QkgsALsJKza9UNaVX1ZyVNvpUL4vSxfmQNtyATey31xx4y8WDvTfo/lZmlJb4=
BjC9JpHJAH0jY5kktdbsHWKx4Xu0qcXTDZ+iw5CS1yKuaQ0tyUNS3c5XHDnag/1oCjItXHCD1f1ECzeDVE5uIITrLq/R5DBDlBI5Hdr+TJQ=
BjC9JpHJAH0jY5kktdbsHWaZAwR3BQoNb9gDFX2Y3LG10APRqSuB7U1+ugNJ8vAbZSwVSfWtXnJEJ3BJ40mXeyg3/wlOP0x3SLSWD/SSEdc=
BjC9JpHJAH0jY5kktdbsHRQYjiSmw7a3MULGxqc31/MuAq1lf1JV5XB+kuwlJUC4+0YLuDfFCDEF6Q5dJ1PAHy+EQU32Kfy5ktrV4M+PuQY=
BjC9JpHJAH0jY5kktdbsHajBf07I6NI0mClj1okpvrTntehguj7S/n1ad52CaqOsMXSzKimDQ1llykYVZzaxU2O10yfht5r+33oDQ8jdBFw=
BjC9JpHJAH0jY5kktdbsHWzCV+NrZM8pXBjMpi4sivd3uaWOmrVudyMZv30xw5QZQW0vhPX8gb9Br2CcBXn0akOawkXWs9beu0Y4BhLH7Hs=
BjC9JpHJAH0jY5kktdbsHQvTZU8J6uNzlFJ0z4eAcMqCB68yh1BRH6x+0jmVuk0ArCZvi8FQxEu+AUQYWRedPb3zWwHKpjueQsWI/tlrLaE=
BjC9JpHJAH0jY5kktdbsHSc/BP8m6MaYHwksZjyMVf4Xz07Sg0ZOk1JOxB+Tds5JDdxpBwNlus3OaUsog3tLqSJKSRc3EqJ+HN6LwlWomui7Mj5RF2shP2/8NepZWFIa
BjC9JpHJAH0jY5kktdbsHSc/BP8m6MaYHwksZjyMVf5/QQIg6FahSa+0L+ZMXCFxeqwIyC2CwLgbsh7QSCtU/G9xw1WDat+uUPtQqYGV2lk7+bsiYAYd8o4rB5OejnMk
BjC9JpHJAH0jY5kktdbsHQldwSthBTSkW6CSX4AYSenyTBGopKp9iwllMcmo3bh0WGebQnN76WAI8AIkgb3mamY1mOryfcLGu2V8V0UQJFn4HUV2JLICLAPfVjygX/YK
BjC9JpHJAH0jY5kktdbsHcABbwp7wxnmDbvE1OjjdLuHyhqGNOfuHqx8Be0SMG2eAYsd8eZOzbF3KIy7ONkMa3qOT6znU+KLnOnp/x6O/Me4XjioRKF5Ln+UcxbrJiyO
BjC9JpHJAH0jY5kktdbsHcABbwp7wxnmDbvE1OjjdLvLnJp20NXOn9Ha1tsx8bk3ldReVhtzqqO1jHHdZT6fXrnnd+u0AB4SKUP7vl+xxCo=
BjC9JpHJAH0jY5kktdbsHQlLbGOSnS5MywAqf78+hn+da8mtF4B/rtqP5RDqkkRp8i9x45bS+BqhhUwCVsFsUkAF1vIFgvrM0RdLIi4Z9AnR8OJ/MNouRaDNES7Jjg81
BjC9JpHJAH0jY5kktdbsHQlLbGOSnS5MywAqf78+hn9jcScGaIXEsO+k8wUsJ7X0ODofeTJHlLDsvpjCit0JgONvmAoyX8XIZVhb+bvTGJ/TjJOmbvzLRndSkBRntkr4
BjC9JpHJAH0jY5kktdbsHTsc8rEsdE0/PCQMkBPhcpQFK48OmFHmnhMyM3KIXQy0TxCgv0xptH6ehoxM2gbhf3iRTjZwly8ecDim7akTbSA=
BjC9JpHJAH0jY5kktdbsHfkT5FNPpOOhW2/3QzZ8BVkBsGEVbLEjnso8yIhEFwxGJ0DAUAON+j2PXtVWM+Kfcz2//VN3Y5VBOpek/8UkEIM9YIdH/slxV83faYInzg4f
BjC9JpHJAH0jY5kktdbsHfkT5FNPpOOhW2/3QzZ8BVldqLORmXZ+KOR6q6F6SK7YEyWDDAqBIUSyOdpmPEFA9OPtFZ03XMHMQJzC4GT+IaY2Tj0Q4w8ES+fHquVsMtnB
BjC9JpHJAH0jY5kktdbsHTtHtOIe2r2cdWkQOmRWQvHKFXfHmHRxIu7rmMovJLb2Kr9eEUrcwYUrHKBikLILkNuRGlA2ExH0pvw60ZmU3jk=
BjC9JpHJAH0jY5kktdbsHTm4s9NilElbBObaROSqIvUijh0+k09Prhpfa9T0LU1FcFS3GzQ97ERK/PjJugXOVmj+O23i+pAtDUTQEW2+qaE=
BjC9JpHJAH0jY5kktdbsHTm4s9NilElbBObaROSqIvUTo6/C+e72yGrTc5laE/EPoRsnxTA3L6q5k+aEijwCCSxBYTHzI58hgR7oYnvRfSI=
BjC9JpHJAH0jY5kktdbsHe7VnDRE+Q+tDaUBpMRg39oAT5uT2mMtMF64oRFVtCDSXXBqNIVpLrXG9ZWH9aAg7DuTzVBuKDp4dNVezbBl0fQ=
BjC9JpHJAH0jY5kktdbsHY5fwvDE3U4ze8qJp8N4wNnlV6TYTajoy9rid0xUCheiuRtq8zQjUROkx/cDYhEZSu8Z+iV4trhQ1u3n1Fh1SL8=
BjC9JpHJAH0jY5kktdbsHUbQWUg/WjSoG1yC5XSrku7sBpvlHDrp/M5d8esk00vQqhvXZTREteIVn39AySGBVjE8GyrBBjheUxZfC8bY2Es=
BjC9JpHJAH0jY5kktdbsHTe0geanpqk6A8Um3pWjvCt7CgfsaWrD1buiwYK9Q95Igz0jP5IFE+IQFHIg4Dj4TSGQtVeQZPOpsVCKWzf/yzY=
BjC9JpHJAH0jY5kktdbsHTtKPNjAiPUOKb0kwaX6kU+K2y09NAwVD07o7lOXJlkfUT5I1Lnbz4g3Jt7Ak6bGSGd1mu2KdFt4m+xsENCc/SM=
BjC9JpHJAH0jY5kktdbsHS8zDARkrasyO+kFPcg0UYLM1RtpEH5St26BCSPbw6LLAc69NC8bFSj2rG8FLOU2n/4zbEPjU3pzpCTFawgq0pA=
BjC9JpHJAH0jY5kktdbsHbSHvMMTgSwILzPCl3oZTaYT5UwEOuJVtn0CwDom57nKzQB93GIB1Zf8Vfhis9ncFYleSRoqqNJhQh3c/R/VqHc=
