GmcONIA9PFzHw1gpPLLPoqev3ytAH5KO3S/CJpMsylg=
35kyjVfwBJgytCi6KM5Vug==
FNt9orFfFSbPIXNSbXcP2Q==
gE2g7VQeqq0h5MkG44fPUw==
A4ZCFW7RnVRfEnbtNxUDb8VFIQmzxcIFLuiIjRY2q84=
cwgQW1UgxyVfBeSrdwXHsPE1eoSAri+NViVSjTYe4hg=
pYn3RyiaY4vz2unSybTHuw==
mAzeFbkWBGyzJRgEWJSZYQNn44wFaguEUnqkvHVinQw=
NiGef/LGs6v8Em6sqLz1GYGKB0111uCW/TAqgkiW0+w=
2lfNnhNY+w/3xMaMUxJbE0YFT/wvMlSDz8Vrd5FEs18=
0urty5G9VM7ynj6D0f9AW5O/Gn7vrOzkACbhDhdqns78Ymu+X+LQW3A2p/GRlLpVcas3fm3Bl2t/L8c+/gGwzHGeTSSeXBmLZVzWL1kefOk=
0urty5G9VM7ynj6D0f9AW7nK7E3ZUvRFeOQLENadPOVeDtJENoV3r9+lgzSMmV778bF+htkEaHuLIeBi1wWdIb7jYbrgt/ecjciDvTrrmISjnDiswEE1AEZH0jxWVgG3cSLkihBKyQXvAgLRFEJdFg==
0urty5G9VM7ynj6D0f9AW1FEnLm2DnALrGz/pDHsEESeEMw36q7jAtcXOEum6A8R+eciap5rOxh2Zeawl+NHTX4LJTSU32FRwRLONWoCtsVjYmWXciaibztunj5ITPKEsUKXLzCTM6oYYp8d7xzmDsD4zlctIgXeQbwtt5CPG0/J5MzxIZ9teK8zsHdAcVoM
0urty5G9VM7ynj6D0f9AW2LdKO0OljGCL8hIzY1E8OvF9PL2wGxNbe4aQ77EhFMIb+jyoRziPigQc13Rvl/04TrkKRs3cydfsM6u85s1OBP0/kET5W1X1XoZJ6hAq82hB+CJUtLskFwggAMnt+/MHxIbfO22whUcNr4sDHUKOu57a79UrDlTDUct6L2LRUw6zB1J9FloaUqXf7dlqJ8fRQwzlQrFVLPX4hLngmnemsGZtTeXSMyCeME/SxMm1IWag+1isp4ayGVXl4C1glpgVbcavAu0XmlLi+2ce5Ba2UxkBq/a/WEVa+e9UWe6mXkSlj70Po3NobPv/suL9dtDOJA+zDVG84zzUnFyHMxQXuuuKM1+MmFofL7NpPFQhEdZUtQwnI/wZ9/LL9Gv2o8EofRDW0pYdHgd/mS7yPimqHUMMwQnXrXZ5tqGo6Vj2iSSE6muoXLmOqeVGumWewJGSaNoXxQrRVqKSMbIY02rcWNgKrRf1ryXYDx5wF+/51W9V6e2J9A4ubrU/Y2EMLP1iw==
0urty5G9VM7ynj6D0f9AW2LdKO0OljGCL8hIzY1E8OvF9PL2wGxNbe4aQ77EhFMIb+jyoRziPigQc13Rvl/04fTp1QNreTOIRy+iiZopbg3BKE+fqxcYgwKojYw4+bHKtGbPPm1YYdoCGZVU8Z2ddbkaux2h7eX3CdNxGdmKBAlLx4plngZjbtQkbFx9L/edbsw9r2GrKD5yY2YyHfoA8EFTqvuFXp+zpzck80jNvF0=
0urty5G9VM7ynj6D0f9AW2LdKO0OljGCL8hIzY1E8OvF9PL2wGxNbe4aQ77EhFMIu9rjy0E+kngtAJ+PuzvDL4W9ZW7wCUkmQgbN9rISbKtq4Cac2fpmF5/7yBfDOhiDG5YmigHyrjtvsJ4ezwarQE1oZWfuktPq+FN3ACtwqVg6lBbnW9jKYLDLfH+tpjS5
0urty5G9VM7ynj6D0f9AWwYVkxiuW6IOIioEqSr03i1LmJ3VlOd30TmtZnOrqCGDuvBYk/pSjL72Dt+Wt20w9758O1qIaK9/2Etucwx0Wi1ZQxKUMvOtpueKwiL2Alej1rNJnvcUE0LIH448+hIMo49TMpKTDC+q5QWGSIrKN/ly5IFIW8B7UPQTsjxWSfZ6v3PSdtTlclAY9k7aPg4NubkjDnMJ0csG5YQimYJmle0=
0urty5G9VM7ynj6D0f9AW2JcUhx8iWCRdnBPPEW9SHnlRY2WqL8TYM4TmcNQU7Gdxlch00NLVnvZ14tL7/s9az+fUStOuCmbeB93WpUyJ54fqXv8Eg6qnXOc8NYAo9EdEs6XxKt4qiCr4IlV7mNijfxDTqT858d101U5IurcBBw=
0urty5G9VM7ynj6D0f9AW9/AMVLyL5PPfx0/xrOSQ6lIxfB/iY6VZ+NzUi+1nI6uSpYy0FsscDt5hw0qRjtpxovk95AxBQoX3nmNbhrmLiLf93DEr87mnlVNYHAu4yiBKhXkw/4LgKUiQyWxBW27uPvfUKdBJkmf9l3GZ5W15JMWHKo6zwvKuLWp98IxOAT8t+k8G8LIzYNkOBHbg9Qvn7bTJc9tLpgzAlVaowc3UNFCMuuUJfYdy2+RiamVKOFzcw1IFfP+ddGT2a/sVc5Umw==
0urty5G9VM7ynj6D0f9AW9/AMVLyL5PPfx0/xrOSQ6m/rDGHhae0QPw4P9t/vaNfFzFbST6oOj+lgJ4Qb9Lh2atf64fPAj4TVQnn79QXAK0YdIZsiBN5wunQfET7EvvbxtQGBHwBYiiN5mvckzgdHrUsfeebjX9dE7MWcbxMrUKMNX/mc3GVj/BUtQ/pEPAa
0urty5G9VM7ynj6D0f9AWzxzaxjg12kiGh/fV/DPErc9DcCcZvi3LZGhFKByigGOy0/u1i7+wlTjUu7aTNGrZrsvVZxk817XjYshE4yFpN+SZ2DpHWuJj5Dq8FGF5POy9QK5rwzboR4PaY140+voevNlUWVWS7bh7DFAGGH3LBoQBt4E1QqhabI3IvA7kjQc
0urty5G9VM7ynj6D0f9AWzxzaxjg12kiGh/fV/DPErdQoGq9YsyxJIsoJlVUhTg4LxGcEKku4dmneKGqhsR1FZzuzSOLgF7cRdErbiHL9zrswtJXmjVuFoWyQbTNsVt2A10LWWcsii51CYDIMYulOrgb7aT4p2w9yQG99CrOCiUNh1X8xatDbq9xPIdyxvhXcIdXq7LTB5UdSc40qjMedQ==
0urty5G9VM7ynj6D0f9AWzeor6rA/+rf32NYkrRJH/w7yzuqfYdjM/4Sk45e7VCwQ/HPRyUgm+rn14wFr1/cBcUXuv54j8b+4gpdC9qlzbb0MyBGp4SqYvNuiIAcVqfXoN8o4MIclOBPMi1K5nbMOtIkBZJ/ghJgkqVDql2DwXEGJ+0rY8Y133VNEXzQqlUTHOpWtdrPb6ExvGvbSYeTxyplohOTX0kVLw8cw6+zXnM=
0urty5G9VM7ynj6D0f9AWzeor6rA/+rf32NYkrRJH/xoUhH8wN3VQUQU4P4/QZ/xEgbvtFXgm/RRHOhyDTpj51dqoioYUrkGLGxu7YzpxrIQctmHTufpQZW05SF2+NhIYBEILDm8XmXFsVKJwW9QTVod/uECadAZ3y0PMLpYezZL6wr573XLM5Oq7p/b0MJC
0urty5G9VM7ynj6D0f9AWzeor6rA/+rf32NYkrRJH/xoUhH8wN3VQUQU4P4/QZ/xEgbvtFXgm/RRHOhyDTpj5wodtMBqd3e9p08QTe6qRv+KoKV4oKY/CYDwPgRxKJIa7jyHEL50oycOzXUnQUsuCD/kzmROZ1z8TeafqmCLQf7VcR90kTKVHUqzXLOXTGQt
0urty5G9VM7ynj6D0f9AWzeor6rA/+rf32NYkrRJH/xoUhH8wN3VQUQU4P4/QZ/xEgbvtFXgm/RRHOhyDTpj54iTH2+JDNKEE+EbTOekNTHDfOF6tIceazSo6Wd8AcaqK+WlvPJfUkVpFUBEOCckc4bCAjcY4Mz9P2po95pgm3IqGThL3oYKTJnqVLOQB973c3rlOIMZ0LEpguaFfTe8zjiNU4F/+8jbf7O7fvsFb3c=
0urty5G9VM7ynj6D0f9AW2rvTIjGG9tvBFb1GpmS+haLym53rnsgbHko+sUVNt/K6Rr4/UqpEEMya8Qn248q3462nZeOyWki1IFVg31GLj3TplyZLfytoEiaiXQRfc8GuawSkc/LVrSkbfNgkpZnbPNsMsTRK7bw93H5surNsBU=
0urty5G9VM7ynj6D0f9AWwepjAQOyDZmlgWeyXyEL6ypCNRKVmo+jvpWyped7Q/x+H+kf3CsKAyI/Y+3M41ZaEpB2zWs8T0Ew74P2Ul2+hYqAIoNAHjiV4SoimPto3vaH3GrW5N4uJB9h6Xfl14BBZL7H4HXn+kBFxWg9IPygx4=
0urty5G9VM7ynj6D0f9AW1ynj/Qw4Py3Lqwrx0P463N0U0eaCqlc7EDEZSHs+imeN+an5EooJXLOKggBv8U93cWlNYufzY2j6Bg6vDHjUn9nt5HG5U6NlDi2IJ/QPd06qPPZDnraztBgpsGQpuZqB+tW7oQU+4znLSF6GXMRzaorIWfRwSDzqvNs25TR/RE6dLZPKIItKpx7Ld6EQT0KTjs0T+aXokT3PB9tn6a9tQ3dVUV/aePJFLhYqAvG7zqB2ikN4Hp7Oy/LvNgTqWyQOYrpW0Fu3PPaOYGwY0gFRHTpmJcpCDn2ijGu+jJCpxPX2NSU4Le0i9uHNURZvAUX0A==
0urty5G9VM7ynj6D0f9AW1ynj/Qw4Py3Lqwrx0P463ODvQzoo8O3OO1gbSOaX/NiBYCr71iWIQHYsvS0FlrMnDUuJvakZ3I56M0cifLSqHo1Imbpn0d6LrS/XA/RES6ZUlypFn/cFfRiuuyKGitjHkygNDdl2u/KMETEUJaYFsbx7ch/gxOAYiVTLu+kaipqE02et+LbuG8/qwfH2IyB7MV/FQDf3N/nIZnB5cv5OhiP/jlzaF2c7hw9MD0/cOT60pdRjg5I7877n8hH9BI6EQ==
0urty5G9VM7ynj6D0f9AW7/8P9geaCii0GJd0Xd+FGB1jkSNkpLH4fiqPQT7GE4HZamK1QQbb7ft/2v2DvJjvTbA7eOJFOa23vs9qYsh3vPpCF6caEF9XLrSfmUsO98X9HxfY7SkrDxLg13BcaIk/sBlJ+oBASGxlTReluWOZizd8cla+2ZWDe37uw/+cAaZKafKbPyIEIaAmagAyFWG5+OPtz8S29GFzln0FsGG4SW/ekdypKlqPcqXnODZQpBipGenI1Ylkm0qc8ANwa7EmWNMU/HjTEJSLqh06iYK+vs=
0urty5G9VM7ynj6D0f9AW7/8P9geaCii0GJd0Xd+FGB1jkSNkpLH4fiqPQT7GE4HZamK1QQbb7ft/2v2DvJjvTbA7eOJFOa23vs9qYsh3vPpCF6caEF9XLrSfmUsO98X9HxfY7SkrDxLg13BcaIk/qZ7EDUIu1+YT6k4wrmban7bXl/lcY8hOfAOjQ7jSblUEjCCBeB34HqXl2A3ylinzw==
0urty5G9VM7ynj6D0f9AW7/8P9geaCii0GJd0Xd+FGBBkBRyexsyVNn6IHhJbVgRvrVnydEqKWBCmnMe8aME1guhMhPibKE7wpT+IKFURhnDkOuApMIwMlUxXJ1Th3DcjOuulYm6f7I4YfQJoUJiteU5uQrLesf1jZjqYzKOddxvD0Mt0KDSgw1wzf4ZzhcFyRzZIjsQsHF8V+BuBhnYqArN6UKFkYuJ9pRohIENZ88=
0urty5G9VM7ynj6D0f9AW8CLMwunqHrnhsj9Yb6nNtdtBaewQIzpd74A+SaAdx7lkWtWpOcYT531UyR713sxCV9TWyt1oHYpbZSNDPTGsFkWMW5fikM/XjgYtpuZUnpJH7WaSc156cIBvxnFY2dxkvZOnjpcTMftZ4obpD7hWyuFdM7HG7CCdnNUhBLaSYK7
0urty5G9VM7ynj6D0f9AW8CLMwunqHrnhsj9Yb6nNtdtBaewQIzpd74A+SaAdx7lkWtWpOcYT531UyR713sxCV9TWyt1oHYpbZSNDPTGsFkcjUWzbb40RWeCYVtF/1NPNVUjF4EMheNs+fNMFnDstxVwsubLD1/U/VrLwzldr+w=
0urty5G9VM7ynj6D0f9AW8CLMwunqHrnhsj9Yb6nNtdtBaewQIzpd74A+SaAdx7lkWtWpOcYT531UyR713sxCV9DYwoahNFfUUlGTDdZG7uGLM7ljYNrpzG1NrwSpS+KRtO0Cw99hIroiFt69C70EmLqIiD+ytZJsTE7kvSFv5bWa6WMlGec4PFEPDLml2onJ8i/vGInDhzTx/PUCqkguQ==
0urty5G9VM7ynj6D0f9AW8tJiG81gNA6reZb/EKVP7jy7I7h2UEBZ6Z/HWrgnVwiXJhvJFkAlkyGJJfHh6S7SzR1gs5tRdT6wDRVwcEalKILynO6fdaYWX8ip6mg7I4WrrOqrgr7ieKTO4oIJczLOvBQKjm0D0x1sz+GjK/F9W0=
0urty5G9VM7ynj6D0f9AW2CzwocFC1xFP3x6+oL4aZQskKnA4bm93+bYnL5IqMCvUNuZdOsJek/vH/MCZmImBi81orlLEoHSGVlFOWxnMHzE245A71Rl0KvOZg+1NmbPu98AMg47dGiNcDrg3Y6XI9QXE4EHPIxAmPKD5MzzebXIjoRJFGizzH/VyN7Tmwzy
0urty5G9VM7ynj6D0f9AW2CzwocFC1xFP3x6+oL4aZQskKnA4bm93+bYnL5IqMCvUNuZdOsJek/vH/MCZmImBkCMKLB9gjN1Jnqadiy8PLP+UdW5gURAsJoIveo/FGJqDhb0tmcgDFcEK+Ewiq87jFAPflrzuELUSLwNBxUD5fs=
0urty5G9VM7ynj6D0f9AW2CzwocFC1xFP3x6+oL4aZQskKnA4bm93+bYnL5IqMCvUNuZdOsJek/vH/MCZmImBkCMKLB9gjN1Jnqadiy8PLP+UdW5gURAsJoIveo/FGJqdsC6JB2VUJ8U5g0pVn9ZgpywvfHBfWPwCTI4BQP3k4rRxuTMuwNeO6O5G0/uWSiK
0urty5G9VM7ynj6D0f9AW6JJdfjuqbyogH+KTUt+qnttFwecvy9iG/77FczTHuWFf0aHCtYNxpsrMEXY6fI6Buvx8ZA9WQ5b+eneA+398TEpIKtfWL4wwEaOtCih2ncZ56dJBwwdfQWPz7JROBGC0s0iiXo+xgB9tbzV6RL3k1Ry8f9gzHeMEOUa0B8CH68ze2fXVrDEAuX0ep/EuXBOXg==
0urty5G9VM7ynj6D0f9AW1Bq54bc/TrlDqIY1WefAVZO8G+qy7ecnHdwUe0nVgzMdldiJzktYjqin2RSNdqmIrPBkb2Idbx2xwIsbM+vfKF9QXF3rbc2+zFXXjU37s3CCUYd+BLQgwK0HFpk1S6g3fS5ssw/+vqrqgmMb/8ureKVdiWm0ZLjGcAIHQ2QUWOsfV9tKV42Sw2jdQU2bFoq5tyvAHvAkc26sdb5SG10bRvhQgea8LwJnoW25qJ5uOlY
0urty5G9VM7ynj6D0f9AW2dj6aAcVW6dUsUGJctQ58E8lFM2glpZsPEyy4aafw9V+tyIaRSQfjLxSbQnFUFexCdd1fgC4jTBcogwxirh1U8HNbKG03qqqLufhlZoknL2kyRUZ2kjXH+gvqzaV5UCVyiSurEZfCBHARuxDnpas03aKB04iSlX9KlvwxyC1tjTnd1P+ceRezbEvlzqK0Pp2UWvqk44fs2JGOO0jX07YNI=
0urty5G9VM7ynj6D0f9AW2dj6aAcVW6dUsUGJctQ58E8lFM2glpZsPEyy4aafw9V+tyIaRSQfjLxSbQnFUFexCdd1fgC4jTBcogwxirh1U8HNbKG03qqqLufhlZoknL2kyRUZ2kjXH+gvqzaV5UCV4ZbVUrQzd7ktkcEU20yTMFogMPUh1qC78mo5trtu0YmYtlhQChzif8wMiIw/kItWA==
0urty5G9VM7ynj6D0f9AW2dj6aAcVW6dUsUGJctQ58E8lFM2glpZsPEyy4aafw9V+tyIaRSQfjLxSbQnFUFexAg4eiB4jRdGtCS0Sdotvj4x55pxMQRTGtgCN16GJZYzMCluWL8e02v2yx6MlpRzv0+CYGDY7LHuSV8a8ckki+I=
0urty5G9VM7ynj6D0f9AW2dj6aAcVW6dUsUGJctQ58E8lFM2glpZsPEyy4aafw9V+tyIaRSQfjLxSbQnFUFexLwZ62eXG3J55mLcEybwqxHWOplgQtaqKKv4srUvHDq0Eap+31xy3MQO7fCNnD6jXrmxIZZPpqWHVm2OQUixB5rdjNUoIjkb67RG8cZQ/v5bbPQXXZOartRpYT2mpeolyg==
0urty5G9VM7ynj6D0f9AW2dj6aAcVW6dUsUGJctQ58E8lFM2glpZsPEyy4aafw9V+tyIaRSQfjLxSbQnFUFexCHsJjoiRBCtHVkLoQ/e+cUx4Ji+P2A5B/XIW8dzc5+Al1z8wolbmj/PjjtIUiB+WDCPTukgBl2kXR69ntZwi83UfT632/viddoI+/8XziCD
0urty5G9VM7ynj6D0f9AW2dj6aAcVW6dUsUGJctQ58E8lFM2glpZsPEyy4aafw9V+tyIaRSQfjLxSbQnFUFexCHsJjoiRBCtHVkLoQ/e+cUx4Ji+P2A5B/XIW8dzc5+AzkrerJXl2VQiHQqpJmdD9kwGmA1nexK5H6djWamfC91iDBg7lVkl87xw01m8fZS2y5B00WYaJHuZBgEE8xF/BBKPWYas29A5teORYQdpZABhEagJEMG7yehQl0BX9dBU
0urty5G9VM7ynj6D0f9AW82iXccJjLmFK8KmB4Xy65n0mtV16PPq9R6YZZ//v675pHUNXMqB19F1S0RZHo9jJq0djFWcM87TO3nCnTdpENED9ZexIkNTrq9jU+BtTkJMeQWfrIIYE5JmxNXg08AqYcFVz6DRWsGSGVr0djnvzdA=
0urty5G9VM7ynj6D0f9AW82iXccJjLmFK8KmB4Xy65n0mtV16PPq9R6YZZ//v675pHUNXMqB19F1S0RZHo9jJmLHRDieagr3x25IzlrbhY3Px5XZOx29D7Snw8A4c1DgLC01mC0A3P2xRZ+jV6YniOXhkXoYkMMcWUTBpJEsP2bLZV0f0IZLFVs4Opi6H0xv0U4BVl3nBqX5thvaxGv/CSnQJEGBc6fWkc/dueEUJKzlymjhFbYoAv+TkCv3iPT93r+bTS9K5wi3Z9ScvQAZow==
0urty5G9VM7ynj6D0f9AWwQdyyDzVY411s+tID6ruAwFC+sPJpwu/XK+2LNgu7iD3KuYVOZJ419/ItL2GE3vXA08HCePaYUyV/jCzfnY4jM=
0urty5G9VM7ynj6D0f9AW8PdpM+f5P2bzL6FR4qA2fLFRJG4GUr2amTFJ7jFE0fQLNGLvWIhRWt38j7hGsLNB4KCfMLrFKpIadsObydBP7NQrdYDNnQK2ufHQvvR8JA73bJxuMb+3DjdXdaVUpAV8u0i3Nx9JgFhaPOxOTT5QHLWmP9zD8y2S1MHeaNaB+ku
0urty5G9VM7ynj6D0f9AW3//rfVcuCgF54GoQo77U4IqWItIkBy1i2sq0I6fWD4/3h3zt6agwQhH76xVWE8MgsNVSOq7kXazQx8H9iABSEObbgCPeOUyP0kV8fvS06i0jRP1xtC4z9bCLNoOCIGX1Q==
0urty5G9VM7ynj6D0f9AW3//rfVcuCgF54GoQo77U4IqWItIkBy1i2sq0I6fWD4/3h3zt6agwQhH76xVWE8Mgs6sSNisEEIovtvvOJKhByTVXgvHOMJ8Q6Va9PODGjxcCgQx+XTtnrI5nCzhpGVomw==
0urty5G9VM7ynj6D0f9AW+wJA8dj94MNucRcfZHV2CblusiscCt9/m7GLDc416LS51YawPncj+/Pfq/2XoCCR8yjfZkFe5IBoZrib0YvMuo=
0urty5G9VM7ynj6D0f9AWz2jURec7dfDM9gHc8a/uTIWOwnFmHYKmJRanzZ7J2lNGx+PPnlAJNqDXjzBoW37Ept9JQ6t/xYfQDi50MLYjC3mqf8MOm2bn3QKoVrcj8G1gAi46uyRYlrX5nAOo1iBkQ==
0urty5G9VM7ynj6D0f9AW+alPZ29FygD8DnKZsZWWDQwbt1ibfUbR86Mxp+C92Zw7kpsJlUm/aadcl1Zrz+v2Twm/mSaiYCwRgp07F3Ub2bzsFVWwvekNFREeC1uFN5xW92G6ofU+9EhZu/VdxPuXca5pbx9idwgZXzKaQXGaokFvIjJT8/Bd4o2DImRJAaw
0urty5G9VM7ynj6D0f9AW1VFtjqFKNX+CnfG8ZzfT+FTxKotkSF1hUW8MImGdm+9SeXv/LOR8EVsPNm0vejzlKAu/4nOChI5Ho//TK0KyKdR54CbceHolXGsEsmFfo6XKHPFqg0/b7+Cl2LIElkMLx0cwl+NQ8liy0VsIRzXeE4qbD+J76oOSrfNLH48HYBhE5YlrsvsOxbIM6DP6XejfD0znEGH1DuqJXawCXmo1dXGGMYW7UtHHfYwqF+JxauQULcgN6MWqHYBrMTjNr+VknPHU4s0oW4YoU9hY4El9lDtWVj16uRWkDy1/KvpWhON59dBvuhGmZOwOjxcABG7XdajUuD5w2u4ziTY5xS//GS6fEHHnNZn6ga6Op//4mL72UjS36LzwOPnBzUEdxZ+Tx4JwxvJuox02r7fLYN/iDVccs1zLDrDQgws+aM3qOaPyUqOohyznW9Co3m6Da7w1ZwG8lkYbVX5USVtyFgRn+PVZKstwcecRXp0Uz64/bsk77EhhBDqYliDE776qnaZiQ==
0urty5G9VM7ynj6D0f9AW1VFtjqFKNX+CnfG8ZzfT+FTxKotkSF1hUW8MImGdm+9SeXv/LOR8EVsPNm0vejzlB/p4VCR+wKnytHnizqJ/2rVf/Jv1e42R0Le1Mf4EAWQQvmsL2s2bMcsX5CJuglCWjGUY+dqWj72RXGGTFmsAp3SFkbko0LHzWk/Jm1eCMM3e0AQE1Ku3mkh9e+qt70QYotn5oEGYuG5RFCwDxsTp9o=
0urty5G9VM7ynj6D0f9AW1VFtjqFKNX+CnfG8ZzfT+FTxKotkSF1hUW8MImGdm+9Q6NEwe8M5L8ahVhACxL4p5T/fr2Z36n9adB+G59Rvclcr7qvVjKH+ihtb8iiWmHE8e0UynYZn+GP9vrk13zKfRbyTQFkwpmG2E9SEnToNeFILNcre2ncqBEfj/B8M1Hs
0urty5G9VM7ynj6D0f9AW1VFtjqFKNX+CnfG8ZzfT+FTxKotkSF1hUW8MImGdm+9SeXv/LOR8EVsPNm0vejzlB/p4VCR+wKnytHnizqJ/2oEHuWugnsv637Q0swmDehXdVq9WtJPGYgJQM7tvfiI02SaG7Kvkcfvd2MPMr8xDN7sL4gpm6D/zNn2J/qIsXV80pFWyMa1XvdDU7L3vLBBaI8D5BXE5tEOTs6N2SXkcEI=
0urty5G9VM7ynj6D0f9AW9ZbwGzvgefFNpWOqu0Z1qRtSRMIte+jdjDF/eIIhqbl9ck0L0lkaTMrqDR2oFt9+TCsWkNQhVTujn1frL1LXBjAceYe9mvqye9n8usKhCyiMhg5fkjM15/ewA9b96ThiabZVwEof+YLKlWoj/2ENrg=
0urty5G9VM7ynj6D0f9AW/kHluBz9HA/AzcoBZ5BIfRguYLKLrFEVVcD1Fz4wLX6qfWsuhOjtBz960hL74v7V6mRah5txF7GXS9QDg+weOwN3BCc0q1QVhzgvvzS3NJp/ywuHcN+XOMO9pXVnGHjn/Bi3wRLehEEbnPDS25ax/aspCv6JMWDvRAck1oGGaMRkSlKGGTpE8f5lzAPfr446nb28GFmWKYV8LguC7rDQsRjJDFwl/w+Mz6afXb6Ki4AVSe8sNFKUMWKM1vrVWvWbw==
0urty5G9VM7ynj6D0f9AW/kHluBz9HA/AzcoBZ5BIfTIPe+P7ZAXQ4pheGn6Tq62tUidC+lv2AUy/tZE8AVZS8O3Ye/62lOQioOXM6kbxXLgdwqcvqu3XLnqQavudbLORlALpSdqHTdUlzwdeIC7kSYaNwPWYWDjVWCmpQJWmf6X+fcmBAjcc1UuVodcjRL7
0urty5G9VM7ynj6D0f9AW7FgDKGjOA2PBL4U5AuxnAmA9Xw++mikhqREc+RY6Vj6emCIeBg/YIFugnJHwEcn4jueKXYfq8DbPZ+SGvTI0UqcofVp4SQnM1xjYh1PRnnnWGuF9/k64f20pXYMdvN0XNraBgJW789H+ixZ1XqqYYG0AokvAPmk5snVx9tmgnPM
0urty5G9VM7ynj6D0f9AW7FgDKGjOA2PBL4U5AuxnAnhn3+bDaMkCWzuZWhRtvDoANJtTRrlnttWKaSz1eqw0iATuOO7rFRIAs8Uit68g5dpEsQlOrq/hR5ewQF/6W7CO2vqzMhIanFUsDNC0/5nv1j9+46NrZocoIlX34rGzgwbeKgHKVmlhodlpD5xXMzedoQaSGW0P0wPMO4TyMHlnQ==
0urty5G9VM7ynj6D0f9AW7FgDKGjOA2PBL4U5AuxnAnhn3+bDaMkCWzuZWhRtvDoANJtTRrlnttWKaSz1eqw0m33ipILVukFS7rXEmieQUxi9vYVEHuDQssOM8lnizZ+mWnlvhcVWii7BdEwNzJ5v9pPGz1tYVTZOJ9+rfIH4qDiRXNdtDwlvw6EwliToYug
0urty5G9VM7ynj6D0f9AW7AhqyQ7ag9uGPdSq7S2BD5do2YSpez2KVxw9dIqAzY+Wul6w/dF4G4zU55N+vjyGjFQ/u8A6MMI22fwwBC9iz5KRuqs+AIVG3iLQAsI7qOo5gn6cJ44pAb4DBsxE77UGbD7Vv9XnLFqX8WrBn9VpNTEOwdeA2oUCt1+/cff3lvj
0urty5G9VM7ynj6D0f9AW7AhqyQ7ag9uGPdSq7S2BD5do2YSpez2KVxw9dIqAzY+Wul6w/dF4G4zU55N+vjyGu1K6/3Vxb/NHJ+qx6Kd9qc/nw+PaJOQ9V2OmEdgTqQkd/hmOXPg3AbkzKsNRHW1PRJDq7RmIjbAO0QUP2C+5FQ/DRjZqKD36XEFmsk4vTfCIw8wTgNB/58X7dpSR9DRrCB/Py7GsNW/IrmjamTBXLU=
0urty5G9VM7ynj6D0f9AW7AhqyQ7ag9uGPdSq7S2BD4ZYw3+QwNhzVHv2jhZ0Yx5XN6ZdpRAQ7yVsQeQlS/reDSfXuOnFWWigeCN3y0sLffOcyIDZwJIpULNX8rZA/mAfHgeu/0ornoFd6CsEw5ez6IZKBTiZxljqhgAxCbVRV4nRoGj1cYvQAx3cWNfgyAx3DPMs0h2Srw4xGMfXTvZqfOfnwNQGdG4ThDCsi8hrPI=
0urty5G9VM7ynj6D0f9AW491VCrObDLe7QTyZTufY8LC2/r4+6VNkzqq1FxjZXLAlXtHaAgfvXGjjWExdrv+bDHTQmT4t4h3x+Pp54dRNWOjH4PkZ6Jvi4I3M3PTP6WPjWDT5ya2H3LfetTzETIOjjReETvZdQ9wXQ4nLXUfqb7C4fTdYOcBkUJ99MJ+KGshwbl/ljAHT9NozhMZNK8kbGJzicbJ7ARAcXKOJOYB8O7pF/UULLK9cubHZjrmkWWXpurFIHTTyufpox8aef8ZwHaknwvKelx+y98y/hYHx7M4BCF2IQveQ3JbAhGx9deycfKyysqCUXJE+VnFXQu+ww==
0urty5G9VM7ynj6D0f9AW491VCrObDLe7QTyZTufY8IW1mavtl+96f5snoXL7NicNNgr+A5c49a3OmyJeS67hXU/lUuAJ6NRFL10W264qYFp+giTEQqgquCebVSejijUKD0KOKsb8wCxv39tFJc/HFSTvcR86pBbeu349igAC4zPNhX026u0jeM/7vqfDqG4jbft0ZsRvabdUUsDaL1FJJqt5jFnt2Eb3fZFBUsX+JtY8MUhuvXa6Uj1zYV37pBY21Ify3qeJYr++4WlD5t2og==
0urty5G9VM7ynj6D0f9AW491VCrObDLe7QTyZTufY8LC2/r4+6VNkzqq1FxjZXLAlXtHaAgfvXGjjWExdrv+bDHTQmT4t4h3x+Pp54dRNWOjH4PkZ6Jvi4I3M3PTP6WPz9zEvnJgUSDwtMdGCsi+PxmCUrcWgICCmpEemnwDcbKmxYVBEpsFg248+wVZx/EGo9vHNMYuGFhQqLfnYR+IvQ1Elqkjen5PhPcG6iCQTJKWksJt8NOlsK4VXb+r6NBW18KiMSAgb7yaSOlBKrV4Uw3LPiqkscZ2sad3svvuPyw=
0urty5G9VM7ynj6D0f9AW491VCrObDLe7QTyZTufY8LC2/r4+6VNkzqq1FxjZXLAlXtHaAgfvXGjjWExdrv+bDHTQmT4t4h3x+Pp54dRNWOjH4PkZ6Jvi4I3M3PTP6WPz9zEvnJgUSDwtMdGCsi+PwwrBqBpAjT783oygODbzK338lh33j2nNgVPlAv0Ltu9S+Mh5uj8ivnba2rAXz9Ong==
0urty5G9VM7ynj6D0f9AW491VCrObDLe7QTyZTufY8JV0RyJy1WxRymSLm+R3HcXOz5pZoeIG2bieAhnTe0bIB2DWGtG93PVU8YO2vGSIS1VZtgHyP2ZJbXkneg6TCRmDOfCGedZRkz7eW7Hk6D509dwlSuA9aNZ3yB0m2QJ+Y0=
0urty5G9VM7ynj6D0f9AW491VCrObDLe7QTyZTufY8IW1mavtl+96f5snoXL7NicNNgr+A5c49a3OmyJeS67hR4isZBohc78dZy9PgSF+5IRcC20H9r079x5icP42+7d8d/rItpfO+ZFof+wz9YjnvHKk/d8Dn3hAwKRv+ipAec10dVGSX2bsV38wGE1tbRDRYWBQruOW21pao3TotHay8TvPga9p3lx+WOOiQX9M+A=
0urty5G9VM7ynj6D0f9AW/ffH6WMDNn3dCjFVB6jQSTnuAN57SWl5AwOHzVwcbqrVm2+OqgY954BNqt0IigmlsDFUSGxVF3kotzaN7NZMQJOcxNzo4HrTTeskd6NxqqwCM9obS4n/B6tAHASNIcQCrKlQ9Gyqs+4heE0OWiYDZY=
0urty5G9VM7ynj6D0f9AW/ffH6WMDNn3dCjFVB6jQSTnuAN57SWl5AwOHzVwcbqrVm2+OqgY954BNqt0IigmlsDFUSGxVF3kotzaN7NZMQJOcxNzo4HrTTeskd6NxqqwutpjkTcqnTvDLRpbisD/TZHCYInQXn9DaA5ywRQSfmij5SQKLGn1HjFmtuZWCNsL
0urty5G9VM7ynj6D0f9AW/ffH6WMDNn3dCjFVB6jQSR3BZr/HuHNJBtzDIxZUUN8Wwuf3BdjtRAOnltg6tmNeoeW7D67dZdPr5rP/N3obseYb4XpIZM86IwSNeTj7VmhdEdiNy18VLPxgMhFtpxhc0hK69XFi3lWi4Bnx5MVS50=
0urty5G9VM7ynj6D0f9AW/ffH6WMDNn3dCjFVB6jQSTnuAN57SWl5AwOHzVwcbqrVm2+OqgY954BNqt0Iigmlh30Yf+p/MoIyGeCkeIjv3AneYlom9z4miQ/sXqkpqlvhvjk8PBoL+QGIPG0GDaqluZtxZ7zEXW6s9YgVvPKub0=
0urty5G9VM7ynj6D0f9AW/ffH6WMDNn3dCjFVB6jQSTas3AEGSzNCkI4JE5yEwt0B/PDeeX4RJ3mvRpkc/YOzuPu+PC3O9LNNECoYVYRnfxsd2K2LFKgI297GgXBdocW1qN4dKp+rNSxUTOQ8ZrYI+xRxoNx4WJdfGC1kTjmw7IUQ4xdjJ+CuVsmAKiN9QfS
0urty5G9VM7ynj6D0f9AW/ffH6WMDNn3dCjFVB6jQSTas3AEGSzNCkI4JE5yEwt0B/PDeeX4RJ3mvRpkc/YOzuPu+PC3O9LNNECoYVYRnfzPqx4Li3Qe/+McrgHd/KF3Nb+euKggmARziae8R3ovnj21iI4uqOdOhtHdMrSqkNQ=
0urty5G9VM7ynj6D0f9AW/ffH6WMDNn3dCjFVB6jQSTnuAN57SWl5AwOHzVwcbqrVm2+OqgY954BNqt0Iigmlh30Yf+p/MoIyGeCkeIjv3AneYlom9z4miQ/sXqkpqlvdItQC6/IZm9TdxsfzMH8XBAUUNF2rdt+IucAkFV2RHW57AQWwFsyY9aFq/Trq5pQ
0urty5G9VM7ynj6D0f9AW/ffH6WMDNn3dCjFVB6jQSTas3AEGSzNCkI4JE5yEwt0B/PDeeX4RJ3mvRpkc/YOztFsrLP3CRUaWCGLGCuUw4KXRosvcPyPlzdl6NBrQ1A2nzIKvpxf0OFuSSjGRpENygLT1aZ7OznE7iFScjfJcrEGtxiEd3krSo4aAPGhhp77Ul+Wp9NXs2WtNYzTmsIYlw==
0urty5G9VM7ynj6D0f9AW/0P4hyTRD4eTLanSoTWgdTqgVChMpcEbJJNB7zlDu5pnUBrPAwNZBWHyFCQczmAZygEZ37GfapOpcjgZhV1tMOoQf9pH9uJbI9jkOizRoOgVC5GF/PkggU08GL3gDp4oc/qXCe7p6nBBNolUdAi1LbE7T2O7DhzgYCguNI3CMYFskzAMzXp958Dg9Ec+Irgfw==
0urty5G9VM7ynj6D0f9AW/hCUTBDsJimrSxEq0uNe58P+fWL7/RNrxbOKmB2cjRRxK9hDnOJ6ntTaz80KyISWkWoGcrE3QYgTfSiNCx89CwVdVLreCfwmd5ZhZKMoEhP9hUinGehj58PZD8fmaUrMeXLgB+SDa4o+flg0Xs1PUwJxwQOk/TZE9iC5XqdsQ2MfczeAFb7jlEXU2+6MqzjgM4sM2qF0+wN4rzgyo+N2cEF9Vm9bhnAWB7EwFLPn1DP
0urty5G9VM7ynj6D0f9AW/hCUTBDsJimrSxEq0uNe58P+fWL7/RNrxbOKmB2cjRRxK9hDnOJ6ntTaz80KyISWkWoGcrE3QYgTfSiNCx89CwVdVLreCfwmd5ZhZKMoEhPIjyMTK4JqXCpEkShdop2SocBpaUm0DZ7Y8BPaVMTHiM8mz8LdV38fxowbTxZXN1IW8Wxfz5j+uAjY8ELRN2o+c+eToVBB3ewO/HBtiWjtRY=
0urty5G9VM7ynj6D0f9AW/hCUTBDsJimrSxEq0uNe58P+fWL7/RNrxbOKmB2cjRRxK9hDnOJ6ntTaz80KyISWkWoGcrE3QYgTfSiNCx89CwVdVLreCfwmd5ZhZKMoEhPIjyMTK4JqXCpEkShdop2SrLSplRmS7TTlqERk6XQXALiji+Sca91w5I+MH5KjtiBRY9X2L0AmgZRWaaKqqBZow==
0urty5G9VM7ynj6D0f9AW/hCUTBDsJimrSxEq0uNe58P+fWL7/RNrxbOKmB2cjRRxK9hDnOJ6ntTaz80KyISWpWzfti4NHZdNq0rLBJ4Ko9ML/Fnq0Bwqs0g8lftI468pQAAQ0//kA9A8spd/omx1Gr5A92oYHeZqQQb844Y1XY=
0urty5G9VM7ynj6D0f9AW2tOT7BvwFJQ/7jjKko3Bn0NxioSXbQBgBK7KakZcuR6gmmhKDHacbimQkUcloM2e4HEZPj4DU9J97CTOs4f+n0JC8Wl4kBYTIkAxbn4q9fhUTlv/5U+UPReAgrqZohCYjr9Qvdauc/9TFsxoz8JMSp1+2Gfjw+P1vFdpFktUTA/+FCLdZhjaOBOQFkmfnhY7w==
0urty5G9VM7ynj6D0f9AW2tOT7BvwFJQ/7jjKko3Bn0NxioSXbQBgBK7KakZcuR6gmmhKDHacbimQkUcloM2e80cByCAr+EY6zzQz2yvZrmlKa3c0Z5OZUOLesSzDVQ9TEK0TXplapZNIkz6ag0B/J8nmzoPAfrzJnYJGRMb+OBmmP41pn27HA772ADgl8s/
0urty5G9VM7ynj6D0f9AW2tOT7BvwFJQ/7jjKko3Bn0NxioSXbQBgBK7KakZcuR6gmmhKDHacbimQkUcloM2e80cByCAr+EY6zzQz2yvZrmlKa3c0Z5OZUOLesSzDVQ9kNhrONlf0eu5dDvr63UlAAMm+dAP7YD68AporKcl8QA8y5kF26prqJDHQSMNkk0kb3rSa6VdwKjLtRMWBsRMVKtFWenjOq1pcvDFdl99R0zQhO9sqb0XBH8TG4G16hDM
0urty5G9VM7ynj6D0f9AW5Fr4Rfpx4SeAUAdOjWTjeTpLyql3tnr+44Hq8UTY1n2ivn5RxM7woi6ozw9soTVmtMx8IyIJMZfpqxlpJ/LcppFX2FCYLu7lbaDuM8fJD9weTh5SASSRIwUjA00aF//6u2S827IO5yO1JwW3i3OWJo=
0urty5G9VM7ynj6D0f9AW5Fr4Rfpx4SeAUAdOjWTjeTpLyql3tnr+44Hq8UTY1n2ivn5RxM7woi6ozw9soTVmglfiBy2JNCn4kI9lKdDYjS0IovsWY58qAEhBy/7wLnNnFET5AcuLqfBUmnuvjytagQnTEr6BZlFK+A79Mja888v1n1BENfwqPCKJ+3Isy41BHwsV8RZz6hp5IA6N8vyQ0mQRpxkXzzszBh9aTbQDmzreBI56JF1EvNV2ZWhe69hnwDid+cFsQ6T/8NBIWnSQA==
0urty5G9VM7ynj6D0f9AW8fTqtAwwZtFv151GVSK/+ivUl/fm8VFvr1VpcS4xZ40vFcQwZMHULI8hZVoYoem1IWKSrRkOGZRmbWQ5VlZXUQ=
0urty5G9VM7ynj6D0f9AW6QWetTr6Y8bt7In3CwNVlA56flV9ShipabYKQFhlxEueMAF2uxAT/eK7Bem/g09Kwyq6JQ1V4zaUWiFXR/yMf0bxnvoI+eqA6O+CKq6/M0J/2D6hzpruJ7DTpn/y4n1k175xBHKAuGCsAeaJ3u03tJS1v0OM0SfWFG0Q8DtmepJ
0urty5G9VM7ynj6D0f9AW5jv/T0H0FD1g17ahaCvuKQYu21dBcXXd0dT09ixQsBuH421KFkCBMmODOMTpzIkgMtkwE+P3xnhnsHZx5KfmEC/1XvoWQ1uTQbm97yfW+S1RXbng/T1FT3RKJMTDVKPXQ==
0urty5G9VM7ynj6D0f9AWzfdTly4YLAvDkZVBH3mjXuotDobDPv9YAIIxVXQFZVOp2oDC1ZQT5HQZ9SHhW4vqG6gDZ+EkuqBlk4rFi2T+l8x0W+FZ19dTR4iBRvcqkwV2SLugg0TqMIdLTi0VK1pgw==
0urty5G9VM7ynj6D0f9AW6cSvaFpcjw4qSpU7WtShKzFqK7vVBx7ZoZTk5Arqz8TaPrbElRA+vYrJn4FYGH1tfhmOJlQ20ECqZzz5IB0+wNMDNxHGzMkhWotEJjsGsHa4QlmMzAiO88w3g9QzRmKbw==
0urty5G9VM7ynj6D0f9AW6cSvaFpcjw4qSpU7WtShKzFqK7vVBx7ZoZTk5Arqz8TaPrbElRA+vYrJn4FYGH1td5wnKhPZi+rekSGNZCX2il3WF5x/aCKxXhQb3U1O4foHqoxTrV/tdENHPK14DAk1A==
