GmcONIA9PFzHw1gpPLLPoqev3ytAH5KO3S/CJpMsylg=
35kyjVfwBJgytCi6KM5Vug==
FNt9orFfFSbPIXNSbXcP2Q==
gE2g7VQeqq0h5MkG44fPUw==
A4ZCFW7RnVRfEnbtNxUDb8VFIQmzxcIFLuiIjRY2q84=
cwgQW1UgxyVfBeSrdwXHsPE1eoSAri+NViVSjTYe4hg=
pYn3RyiaY4vz2unSybTHuw==
mAzeFbkWBGyzJRgEWJSZYQNn44wFaguEUnqkvHVinQw=
NiGef/LGs6v8Em6sqLz1GYGKB0111uCW/TAqgkiW0+w=
2lfNnhNY+w/3xMaMUxJbE0YFT/wvMlSDz8Vrd5FEs18=
0urty5G9VM7ynj6D0f9AWwgTbVZGdCpT6GmJde9wUWLZkCUmnuUXPDnE9zHm3XxdE772rMqKGPjzlXMYYaVjfS4wjqkjwX5POp4S48zOj88=
0urty5G9VM7ynj6D0f9AW+PAqB8K21LCL18EIKS1mApX9OvKFYyceByfU4JaWtAzFGgqmzCfntxtUo13ZxdXBtRvNcfWUy8qSaZw9rJrydBQZcw98i9apq/efVxrHEChNnzPvFlGnUb+DOlGNnhOmQ==
0urty5G9VM7ynj6D0f9AW7O0HfbVfpHxIlt0XeqZ1Gqc8Ykty5NqnogPszTyc3DHQ5qMyy/OCnidbwY1RjUZdeOaQmgystYJrNsnsIXDiWJZ7waJznITfCkW2LeZm7HnemGVUru2FUE2TBdJXHgv/yKDdm9krCHyslPWUQqjAANEB78JREigoPX3w3MhPGYu
0urty5G9VM7ynj6D0f9AW5Bpa9tEU7DrAPVQepljmea4k11pLTrwcN82qHxvCtIHqzsk6B15NEw1AExqm2ry5OmnDuMoepf/2uP/olGeoqaQUJB40fktaT3RKSnmY9q/OpnhQ+iDdDcSvo/X8qShw5Gg0dhW4+tVNHnccZ3sTm9q9gRwjVgXttOt/2psyW6MCmlCg9Mk1TlB7qsFG0g6iiMmjJgGMKAm43wqJogPx0b1z0LlxSEXx5nZfVogKtJqIJ+1APf69jxeclleW800nvR45f4YQz+wHm0z7pj+fznE7EvlZistg2omSOX7buBG09WgG9fKZKFUpaJLYtEBKGaoR/GbYMUnML9JprAapdIJrqmngQGXgrxyVGOXmZM+Mb3VJP1CsU9V5NF9kkcKkBT6SYT1rPJXkGC/hC4xvzzEt+CUE7IjO+38tWgpYtcPjaIWRAwxu9sibqDvvFS0K4zwz1HkJGXPOWicPdYNRHs6nNzErxebR17usfZlkA/Wvs39L2Nb/kpAy3LRiCjvJg==
0urty5G9VM7ynj6D0f9AW5Bpa9tEU7DrAPVQepljmea4k11pLTrwcN82qHxvCtIHqzsk6B15NEw1AExqm2ry5GLgqYgdH/qILL+RKXmW92xOwFrkdDecjDx8PXnR6rxU2cJO7AP0jyU4Ap3CNScasFUDJBD2d2rAf83ddgew3nrn4ssxri6ucc0Xop9Dahk8mpLR0J4Ib0Z5nyWMd6EIYSFZzYLnVvwVrwELv6QZi/c=
0urty5G9VM7ynj6D0f9AW5Bpa9tEU7DrAPVQepljmea4k11pLTrwcN82qHxvCtIHKFndeUBdHAFllWHbFQ8TS7CBzASMMUnq+ElDjS1aGRG/1a9FNIWZO8b6ryV/OlNgORUEHXmpACTvItfUwC3R+hkurY1gIS8Fpt4+cH8oZmvdlx39tZ+4956FSI+k05Ku
0urty5G9VM7ynj6D0f9AW5Bpa9tEU7DrAPVQepljmea4k11pLTrwcN82qHxvCtIHqzsk6B15NEw1AExqm2ry5GLgqYgdH/qILL+RKXmW92yIIFDu4mbPpbJPXEjJLvMnpwBVZpKzbbIX+f0pDp2Nuue8WL4aT8nmk0RapMhSxT+SsibVJDBDQhU7pcWAb2OK1ftZPRzusA9YB/iiV4RD4Xs2Ks6s+F9eqASITFBa+a0=
0urty5G9VM7ynj6D0f9AWwqObji86dX/NpkfN7g0jRxONZjm0eVOc7ePyq3+S/3pDKy+V27Q+Fy85+bdYXJLFFpy3E8juDqdDOzh02HuB+JidbxvvbLf6Gut3IHklqS7RFz3NNedTrIOtX2RCOqtKY7Bl901aC92T871kzQymxc=
0urty5G9VM7ynj6D0f9AWxImPtSJeXJFj5LVVV6Wj5yvwnJVUcHS/hWj8qgqvVG7ao0jt68lWXs9uJG/Iy40wyBc7ImJDt2MZb+iT0oV8PAGvpDNe0v9KH+E/8RUiJViMxLmdlf3jZ9kOB1pKuwrPGnd1Reo6sD8a4Mgpzjrwv7JWkGyTYreZBCmQKYfnCzqmapbZrn6D+b4HRnb9B4b1F9fR//5hL1Yn/X+tjYECTqa61hG7SW/gklsOI1kyyqU1D3clzQOuar0dAGI/lL2aw==
0urty5G9VM7ynj6D0f9AWxImPtSJeXJFj5LVVV6Wj5ykbmh2ZtqNJd0lJ9Bi0heD36z3AvMAW84W2Yd7Di2SR5HgoZiJYOSglWoYvgvk+3kyKGo3q1Cl2cy4kvXzFE0pWSZjPuvtYF13o9eo9HfrgDurS/uiYusGRKIFhTvOE4DoDmSDzT6qwg5fFVqwHbJM
0urty5G9VM7ynj6D0f9AW5+ok4hxOLzp4RzuPz09a9xQ5o6Jwa2z7TFogK2qgUXGiNw2ZKiyVZ6JUfCn+PGXJ3gdZPwjLQQje8y5mzvVD82SmYouwCVArfk6fIhDYSFTXf5MQKwoBhMhPE21yhqzh8jxpSJty97f/G/PfsuVLd7TlGcbHNOhLSa3Ta1j6VXOIcURdEJ7FR7uyQ8XRem7F2cw+AnYLyUj3enXPpXsJ/M=
0urty5G9VM7ynj6D0f9AWwT7bZfWjma5eP2vu9F/Zb0Os2v6jsU/yCbHJpcd9ulFimxWf9bymSkNOET98uANFlUvlKj9Eve1MWBPs7/qnTYKDXJ5AyA5YOsOclHsnbxzwx7xeAkiT0hhKmYvB+n41QkeSSM00tvp+sKrmpyQ00jEaLq58/pe6VedFC8jV4N+
0urty5G9VM7ynj6D0f9AWwT7bZfWjma5eP2vu9F/Zb0ZB5ZFlc7Bhd9koUp3uGkbuOeDqI3JCZ+TYrgdQQUn+HrBfUY+SLM7lKNUXhWkPu9TLCbUrlRiUuq4z7lgIl82JfMH5yJ4uzRKSu0euH3YX7AlR1VJ9VVEhWBOx0TXHDT7ROk/1pCJHoIquP2tFTfNYs51D8OdsQWfJuq3NRTYjA==
0urty5G9VM7ynj6D0f9AW9dxnAcIPEjMzwu/D+6cSDnmOv2nZAZFEPR1aUsPWrZO9YAH5CuZ90K3McBOlwkrJAMAqmqGEE6DNM3ZVzHJzUO9LU/Xjmub1U2fBZwq6bnmZKVC3/f4apXyW2tN6j1RI43iqOqDBvWqax5YGV3BzgarVbX7KbXbFrGGLzruIpZ/
0urty5G9VM7ynj6D0f9AW9dxnAcIPEjMzwu/D+6cSDnmOv2nZAZFEPR1aUsPWrZO9YAH5CuZ90K3McBOlwkrJKssV5OAILQseCF+1GtdxYeBaafHfoYl1jriUnlU1uuekGG3CBw1Lfx5pMvWUcAs8HKzf53u6frhf9/HmdbNltHAigq7ehu4FCGtPIjs0NDT
0urty5G9VM7ynj6D0f9AW9dxnAcIPEjMzwu/D+6cSDnmOv2nZAZFEPR1aUsPWrZO9YAH5CuZ90K3McBOlwkrJO+fNNBnJP7qLVBGxlllmzUSZku1cTmI83jK8pUZesCctaAdTSB9HLZLS8Z18Cg8/rE1wksDzyhK03HHBizeNbsNqmsL5sXaFLPADVAyy0wj1BuE51c7QGmNNrtek8fsmO0YOOPnfn3tpBth/o46SiY=
0urty5G9VM7ynj6D0f9AW9UFgfvxArVEyUW2Q2bbPy15Fv2eJisGztDFQFErLMaWnpLsD97iM2kxMiwV+uFEXE1YoxKEroHKhN3d+iphSj3xjFOxc0Wi1n/4SqEgYAFHoida2gB/icbQXCHdC+/TzxsiLRDqFNVQuN2hLor9pAU8MAGHaJaiPCSj3AcL1ox3sa4+pCLyX62Hg4EpH0xERCKMT//hQGwXBCcs2Y9BDzOqx+MY0slwhhlhpYP1S7qdZMb4Q3hX4gXBhM1sEoyd7rcasboalFT6NOFEYLIKQHZL6mT18nXSeJwg0CK1R7iNViNYilqgX+W3GzdIWNQCxQ==
0urty5G9VM7ynj6D0f9AW9UFgfvxArVEyUW2Q2bbPy15Fv2eJisGztDFQFErLMaWnpLsD97iM2kxMiwV+uFEXE1YoxKEroHKhN3d+iphSj3xjFOxc0Wi1n/4SqEgYAFHNEpyN54v8+VUD3Ch+HZxqHGSLOc11DnrPq4uRqrX4736U1oG+t4Ups73sV6SOOwGgwh9LRcWLIXdS4RA1dMI3gibGplPKbIipZjc1KjC/A6iWilS76xZZRd+MaQT57H2nHkij/hwyfJM1TYNlC5wcXPT67H7CLIb3GytSwKmrKw=
0urty5G9VM7ynj6D0f9AW9UFgfvxArVEyUW2Q2bbPy15Fv2eJisGztDFQFErLMaWnpLsD97iM2kxMiwV+uFEXE1YoxKEroHKhN3d+iphSj3xjFOxc0Wi1n/4SqEgYAFHNEpyN54v8+VUD3Ch+HZxqFHI7ikn2x+w+L9FAb5k7fA4ssXG6TXKehEuhICW6Jl2zPaGsINGoa3Tummj50aI9w==
0urty5G9VM7ynj6D0f9AW3udb5sYmLpjZFA3yCXyrc18ApMLaPlGKdCEexxc+gNd4i9z5D5twHJaWhed3qTVaqAqLZTc+ruUjcp6Pz6Xu3GaElw2FPRPNQRxISAcmjLNkAo2OD+MyPi8No84oUE/8nCehRkd6SAcAFf//5eAEDQIfv8bd57EkmUZONzElPP1hUZpqvoH04GvjeU/JxL79zSuXgH7dIef1DHeLRARQdGFYonS2Be9GLtofqXXzHBwbPOglhKl0+nSoh2vtJxG/g==
0urty5G9VM7ynj6D0f9AW3udb5sYmLpjZFA3yCXyrc18ApMLaPlGKdCEexxc+gNd4i9z5D5twHJaWhed3qTVasuBOPINpkUW4G94f88jyKkknF0AfQzPT4mx3C69eebVGzEa/+/Kw4JjrVqPa0pOdaSDBlNTJWYscNLNeQTUxo9iYW1jAcbj6Yx7N1etbPiOv6nvJnVVdP0X+q4tfqx3lr/O12pt4mDKGVgS0fSwdpY=
0urty5G9VM7ynj6D0f9AW3udb5sYmLpjZFA3yCXyrc18ApMLaPlGKdCEexxc+gNd4i9z5D5twHJaWhed3qTVaqAqLZTc+ruUjcp6Pz6Xu3GaElw2FPRPNQRxISAcmjLNlKI7qGJSxY8RUfmQxEvqkD2esN2uHhBErR5ayTT+meM=
0urty5G9VM7ynj6D0f9AW5juOcJk51r+GPsz5Dy1akJHZY1fJEK3GA1ySQcwwWvD3IHnrvAzg1f4IvspX4fxty6/7rLCntTOLUbv5pyK2Rj5LgZCuVkNj5Ta33oRwt82pR/6RLds+zQvNIPNsmjnG10AAVUxO6rWUBck+TDcVyCo+xJJYqKqIP8ygAGFy7GB
0urty5G9VM7ynj6D0f9AW5juOcJk51r+GPsz5Dy1akLT9vpXyiiPZNIpjXcC6/uFeTuMct0eBN/bTazT5VfYHBumxYxRciyPOxLDU9j0lOO9KbXQBDKpCambZ9HDIxja9umXpl7FwyKLwiGdW8JXB91AWoCRZwpKTBlR0ViCW2k=
0urty5G9VM7ynj6D0f9AW5juOcJk51r+GPsz5Dy1akJHZY1fJEK3GA1ySQcwwWvD3IHnrvAzg1f4IvspX4fxt8FYTH/Vjoq7StoRKnZQAa8kZ2beGf5j+EKi4BhagCSkiXloi8hsdWGldOS98cI71S8VnYfWh9nIbJlL/zATM/k=
0urty5G9VM7ynj6D0f9AW5juOcJk51r+GPsz5Dy1akJHZY1fJEK3GA1ySQcwwWvD3IHnrvAzg1f4IvspX4fxt8FYTH/Vjoq7StoRKnZQAa8kZ2beGf5j+EKi4BhagCSkXxURNpn1FC/aVsNgG4CcMh1Uk2Tr3ZxmCdtxYlFkLbBEz4s1Q/SQoI93P9bgE2K+
0urty5G9VM7ynj6D0f9AW5juOcJk51r+GPsz5Dy1akLT9vpXyiiPZNIpjXcC6/uFeTuMct0eBN/bTazT5VfYHBumxYxRciyPOxLDU9j0lOO9KbXQBDKpCambZ9HDIxja9umXpl7FwyKLwiGdW8JXB91AWoCRZwpKTBlR0ViCW2k=
0urty5G9VM7ynj6D0f9AW553I37wRJM7dmLRz2B9jN44ASN74FemllsBiZOORr/vlxHlQkafLVaJ6+hcPGKcvpiBuUuVLvXUNgVfUlrfbekqzI/GofhjI/14uKkSxI9C0ZyXR6BknSekS1116GBGCRrbmR2upzMfvQGy9v6CGxDR4PrC5FsldoJgZMpvMTpGNKCbDYxzKFm+1MehWdQ5gQ==
0urty5G9VM7ynj6D0f9AW3EJjQZUO73KIMW7vbUFh3AQeZcr5HkaEWVDjmmUmxdls0wmZblBWWUpxCnRGrriFXMUdsIFk4GJFXA+hyvYeMx42waYut9L7yHiLGsMYeHwG7py7VgfhxqFYQpungvYAAZZXXMbk9oIAkx4CbuNJ75ZUV5nix5gMLYzCWiNf5vsy9OW8A3QbbeRdo/wq8a1s23xMQnq3NRT1SbeZMDZ77wEx2dIyEvFUO/0tG0y2fkz
0urty5G9VM7ynj6D0f9AW4GtOdnGHib/xx5NQ22ROq/xuNy1pzR50wm+C8cz33paR5vbybEQlMPUjJtPwVY3BTNls/SG69Qh3Om9MfnjUy5TqDQsDunBDcEMR4ynzDUkG0APJuc6G9PamdIM15/b4xBeyiiQ8AQfrNDe2nyYlSUJeEsAXPdfTiFV910BPfEiPonfr3xG3ulwR0HiPm0N5DorpG4RBPRLe461PAukvPI=
0urty5G9VM7ynj6D0f9AW4GtOdnGHib/xx5NQ22ROq/xuNy1pzR50wm+C8cz33paR5vbybEQlMPUjJtPwVY3BTNls/SG69Qh3Om9MfnjUy5TqDQsDunBDcEMR4ynzDUkG0APJuc6G9PamdIM15/b4598T5EOK+sQ2lO1mt8IxOTVGb1X7seZoTSbDDaW+0zll9Cx45uveGSOOsXjg/olLQ==
0urty5G9VM7ynj6D0f9AW4GtOdnGHib/xx5NQ22ROq/xuNy1pzR50wm+C8cz33paR5vbybEQlMPUjJtPwVY3BVjWyQbgf2P7R2wmc5R6zt1+MvRoFz0h+b1o0SMfNHG1nzBXhhEldOz24bUrRObiN1/LuXV5uzomi0TNqCr6wBk=
0urty5G9VM7ynj6D0f9AWypZZFZvF04xe6ArZWpHxD1vz/5znq41uTFQh1hOxEc6kcEbX3imMi8d3/l5h7iafK4pr07x+6Qqw20x9oS3fEDcwllFeo2OjZKYAp6kk/URpGq2axTrRcymEArQ/a0qhZCAd5Yr41iNkHb9GT1UCQSEoE2Xeq6N4Bq6SlX+NYFSfRT90Z4Go4kUamzIgRprbg==
0urty5G9VM7ynj6D0f9AW1GSzvgNRewqkcyhEwFLgMPR3OwQcf5mtprFT1x9Ecg8bMyQFgL/vYjLDnhSBnd/DFWV7wFG3u540Z4SwvGM3K0=
0urty5G9VM7ynj6D0f9AWypZZFZvF04xe6ArZWpHxD1vz/5znq41uTFQh1hOxEc6kcEbX3imMi8d3/l5h7iafNm70sQRTtXmBosGp/1z7Fz/9wegsPF8o+klSZwNwVKd3zLCfD0VNSPaHhE1QyKrGU2ph+7SkkgRR27ACMkOiv4rT587xmUW3dM7Ul+NHNAN
0urty5G9VM7ynj6D0f9AWypZZFZvF04xe6ArZWpHxD20mO34RZtnDl4fCFBZ+9RW+GvXltM1ZWyops/q1znDChmFAdGPILgA2FKkc2Ynwye+oDtJSJvpdnZHjGjumm5bnKQIqUgdfqTgEQw66u8dowYeO8ymVMOtEy2HQxXy069OGuDIiZSOGq6x7KkVFN6q
0urty5G9VM7ynj6D0f9AWypZZFZvF04xe6ArZWpHxD20mO34RZtnDl4fCFBZ+9RW+GvXltM1ZWyops/q1znDChmFAdGPILgA2FKkc2YnwyfJuvUc0HM+QLvN9/KGKrFq9zp5o7tCmMb2Fo/m707wFX264HqoO/xDGUHMBiaEm68=
0urty5G9VM7ynj6D0f9AWyY8P+feq/xeg88I75+HTgU2v2LtYJLz/Be2v9jryfA0NOL/v90UkXgsnsZnUQfzvTMCqLMpKokPjRPL6MyBCqkFkZzi+gbyLg7/Q1lRwcPBqemlDt+WmXmXaweiKyDEQy9HwerU2z2pLZyVe94+Iee2btD0QAN6zroS+39A0VwLoQ6E4KYhRWLA1bKKE22XiA==
0urty5G9VM7ynj6D0f9AWyY8P+feq/xeg88I75+HTgUA1CSeKVpCxfdOgESMcfPPWEGJQxd3eMFeDd2oA6kMVZxKkMsNnM5+NefS+ZEV0ph16e/dgRBbZE1ungG6po3ZOYkvHtBLoYSTNFeP68+zEDKUtgri2fSvxpePMYDaynGgt76amflc5VS4A7CtWZPkE45fKpi5+79y9rjGXPW2k3aSv9iCz3o/sEoZ/uLM4sQSwWuTX7SeCcoiBEWlOqiE
0urty5G9VM7ynj6D0f9AW33tyRFojSTXypLf31HdO+v08t+3zS7mDk8Z9yjDR3f4HiCJG1yb/DdZqkjaK8jimdv358YNohO2Ul6bKL67+arxALXPS47xX1BvyVfofrhTPcJL2JxNrM18P5SO3efluyN/N9t+2gU9u0Nsi4pQzqI=
0urty5G9VM7ynj6D0f9AW4MNY9v0gf0ODL6xW9ERJwAWCbUd5cnj/4ZYeT0iPdQ1aRRgpUFS5FoClatmwqRgGFjHwxHKpZCdUtgN3oLpER8NANUcFWnKEogtT/hkpHPB1rAtUT7oxPmNK1v0kkkXEKCQ4dq0zrrs9Tnnke6gRjyZz0DhHkWo1W+JZE3j693O
0urty5G9VM7ynj6D0f9AW9nlkRHFbWOUrxojFcq7DmTHN6FdTNMlxjvNobNz6bwLNrAcAmSOok+uKeuYLdeyeYyi4SMCFI354uYcAXUH4ZHidn+Ds8COg+IOMVuxI8JuV5bkEMkZw49/LWFKm4sxGZmqbRn5igXhu41cGyAP9eyGSqwK9PggwpVlbBucd3yRN0jmjYJ+eDl025eh9sfxyVJZgMqKDSL+UvEdqR1ex+YmfSOoM5iPyDlknWdigJCTL+THOGkks9p7QtFhy1sYoQ==
0urty5G9VM7ynj6D0f9AW7RkTlytOw39019kxO8xY2t0V3N/KG7SJsQsQThPMScLdRE0on7R7OdDRU9WzKE0ZJgQ50ypzqhjL3KSsns2yG3+unuOmgINz3GL9om2yCtfNiiMDTWsZLKsa38XseTGiw==
0urty5G9VM7ynj6D0f9AW7RkTlytOw39019kxO8xY2t0V3N/KG7SJsQsQThPMScLdRE0on7R7OdDRU9WzKE0ZCKYAEfk4mJFcjr25a0cnIQ6jAPUK+oPY7Y33luMR3qxgb8EG2zYiU8z6asmH9PLlA==
