GmcONIA9PFzHw1gpPLLPoqev3ytAH5KO3S/CJpMsylg=
35kyjVfwBJgytCi6KM5Vug==
FNt9orFfFSbPIXNSbXcP2Q==
gE2g7VQeqq0h5MkG44fPUw==
ExPkcbYFeYs2lHSAMsaJBjIbQm7FWZ8YCSkKK1z2aPs=
cwgQW1UgxyVfBeSrdwXHsPE1eoSAri+NViVSjTYe4hg=
pYn3RyiaY4vz2unSybTHuw==
mAzeFbkWBGyzJRgEWJSZYQNn44wFaguEUnqkvHVinQw=
NiGef/LGs6v8Em6sqLz1GYGKB0111uCW/TAqgkiW0+w=
2lfNnhNY+w/3xMaMUxJbE0YFT/wvMlSDz8Vrd5FEs18=
0urty5G9VM7ynj6D0f9AW5HJjx41G27aFAic3tabxS4fMN/l/kjIJcwZeXBpBYPNvcmrCdHq/uvXh6R052VIQjb5yfRnHrcRqfY5dGVhamk=
0urty5G9VM7ynj6D0f9AW2FzpCQqAQsNMOiBBo9OXf88fxLUpU7Jfn2psA/vXuMD6ZkBf81jC+XlHXMB2OefxiETLDBxdbX68TT+5e26EEWwpxxC8jPXrRdwUgibQOZcwuey0qwwmlYREA/h5uV0nw==
0urty5G9VM7ynj6D0f9AWwINzB1puUfWqhD60JkCVUbQkog1H122wfl9xQsXQCvDkRm/KsAiAUhw+iZIm+EzFBKS3wj5ahJajJbaATq2linnF71fX6G4Iey5CZxnZf2FmWQMMzBnPa0kkypQ93+j0Q1xbEweul2aDqmB7LH7QEyDyBjoBEcvrJxyF1s+rjIQ
0urty5G9VM7ynj6D0f9AW3OQJKZima8zIZjz+r5+/g03eMGTX/ccHnNsVSE0LlmM9szoxJykWCC+fd9JURWKaQ4EC5axgYefmKfP5AKWz9C3+q5h3ZTTB16sdUcJh644W9o06P83WhNVQnnBLD5R9Fxnm9DxYUeptxBpyuqwJBPltEdSQbSdmCar9VuHlVVg/4rWnTjZ84LyLq0/a7F56ZNw2REPWwmlhPatHj0XtrO5iu2aHYUsDA9tBc5iRWjz0Jj6qdpLz3NhW8yFFdkE5BE7ef+8lqw5DWRfGEN0KuLOwZOS3uVvfIFY0z5b+5aksiQJz+ZCtKP7c+g9GPs6gGZHCsU5Qh2UBZE61eJu4bcyKsAHknDsmJ0DZGgwUEZRFyrT7/gI79o8l98qpaBVofH5PtR72HeCA1L77TIY7uJE7GVqXJ2Ac5w5mYe8cyETmC5AjhTG34Sk5aZ/GZta0PXk27LluRg796a6+8x8BJUNTycoQv3e+Cm/3NgeQyZvPKtDFH2pxM924CynI0LB7A==
0urty5G9VM7ynj6D0f9AW3OQJKZima8zIZjz+r5+/g03eMGTX/ccHnNsVSE0LlmM9szoxJykWCC+fd9JURWKaW4ZbXNO5cduKJcnuIYJEwO6RuidyjTULhqD9zVN6NgkJL9WxCv4/d6eWTVs7bM89lm9QCDQeHPCJ8bQ9m/ivTeA8cpPxpdsHfex9DI28s2HJWiBbFw6xGDom60Gq50fN9wZKZLeU65oG0eaoUIty8g=
0urty5G9VM7ynj6D0f9AWzrgrMMH8dq9wj86nUXkbzvjBRPrRVWKTLzDS2iH73pgW2IOJ+iP0YAc9xEi20pHAynb5PMn3y7HcUUUAQXJvHm6wYSHLtf6d9bjp39TZZuvZFDuLP0P3ZqZcw/VntMxPn5m0+QTatoXLAvolWKvNf0y+BOvxB8HBdS4vlIApH+r
0urty5G9VM7ynj6D0f9AWzrgrMMH8dq9wj86nUXkbzvjBRPrRVWKTLzDS2iH73pgXFhDM8K4Z94zKLPhieJoLizcj1VpDqbW07lrkfZ+sEKp+twjgzK3lH/nn10qHGylM4OO+GMMI2fDfkZL+gtA+fWANyDkrki74dmML6hVDweivS0rsTuTHyAV8+8kBBxZIHMfMpzX2I2r/QSqEU0S+zdu9L2dhaQIhtnI9fXM+jQ=
0urty5G9VM7ynj6D0f9AWzyM+aim0kYWM/x0rQvJ+T5BMjKoJ57A3UQ3AOOT70qAQ7boq6FhDgD+fNuqQ+DUT4138q3+i5QyG7E9i7QvP7/fdmeOwJ4lMPKWY6Q308expytR5W9M7tmAX8ocF8duwoudYANDxhwTdt1eg65Fw5o=
0urty5G9VM7ynj6D0f9AW1M79FRTz8sauhVITkNqq/N0HX4DS9TYpPTtnOhhXxblzxzbqBwQYxhG/x5bz1/ipd5KFuBdvXGgBCIe4qXDeSPCyCKylH688bdkDGfCH/5d4zvLjZAuHMKH6M9BaN9Uk/ef+YPEb9hRPuynWUxLO7j1N/m7mH5sSJ5u4nqlmCz3Ny+Lhz6GHS2ydp9kgRWf+nDry6twR5fPwwWkh9ZckbPQmbC7v6yvTqeq07lz+S4Qfz8OdY6bsHtGLJ/YuAev7Q==
0urty5G9VM7ynj6D0f9AW1M79FRTz8sauhVITkNqq/NDljSC1HlAK+Qke1pjJqSqjhllKiOaGiH5JlqOArCaJmuZsppvpyd+45U/Ti7DzGFx1s9zbe5TeWuOZJ54WJindvJHAQDFUyVcOyZitjUv5GOZw5lkMA7IuQ/JZc8QFma2G8QBNK6rOjo4FFzi2kz5
0urty5G9VM7ynj6D0f9AW6b+d6MIU48ZQUGWeivWXroDkIFu1WJdDxNozOJEG6YG/WmDI5pBzmkHAU5Q9IATplWhayxezZmA6xIStk5+GD2o9h6zTn01nuvzKnGvag8JNo1qIQ8HlTzVMZoFtx1ieN4fr5hdb9NbRLK/MmaZ2owraiRDWzs4jFwo6c0drNBSkF4qNuDGW2eG2qEe6nPgMg==
0urty5G9VM7ynj6D0f9AW6b+d6MIU48ZQUGWeivWXrrHtYcrjmZnQ14bxCcVGu6fbP/3Hj1T+Bo6DpnoTafa3SyU/0p7AQ3XNbzht+uK5UoVvUH0WK/LnIPcCLnMcjbIbMsKg62D3/iE56LpS2kSQbAeFJn5KeIpjZR8GvAytQ8LGilCvOSOcblsOT4piCHX
0urty5G9VM7ynj6D0f9AW0vP0PAvuiVNph8ToXw05XfVRTAQZSybwoI/FUBZEIXXFRV6YWNC0kDObF2VIhrylAXqq/nZB9Hg4Q83RqUge9i13FFF2ldBexhq43imQbXhaVLAgsdBX3OW/3UQksn7Ky59VXKQo7HlO3KpHZNP3Cd16FTQCYBAuGYtiTV9qqRn
0urty5G9VM7ynj6D0f9AW0vP0PAvuiVNph8ToXw05XfVRTAQZSybwoI/FUBZEIXXFRV6YWNC0kDObF2VIhrylBnyLUnMWn2aHyD53wGk0v0FIP2LW2xYCaLJQoSHhjmm/CYhresfIPIoAXenvqYzVAtJEJnm28MlCHCB+snDX4DUdgzVJ0p/FTVeN2Ml9ijW
0urty5G9VM7ynj6D0f9AW0vP0PAvuiVNph8ToXw05XfVRTAQZSybwoI/FUBZEIXXFRV6YWNC0kDObF2VIhrylAFaMe2xAlo73vviPPKNAMdaeuOOePmTuesdjs7bpiyQdgYNxVXk8lwfoX8mgrWIwjxjrEZ2kPj9MWKzAynWwuijedjPlL6Fylm25G3NTyz6CLk3BJYx4lG07RAIkDHWnEruULQP4UjGPMLJQW3cd40=
0urty5G9VM7ynj6D0f9AW7imSy/mbUMO1uSurAs4QD1aGRcF2vVY2LyycFDMnmueYOWR1W+qc0aiPiCeXw2QUf3vTf6SaC8rho5EVOpkHmVrPb1hQd35/tHjF6mbcpvb/LKQ+jN3CKdiwCJp4Z6D1o7YRD/dYrmoTXeJkQ0Ozxg=
0urty5G9VM7ynj6D0f9AW21HJPUsK66eol0hzqswu+Zr7d/AUnmlLTMbV54p+n7EWNSkNPW9m3mRSznu9a4LOzZd73453ghOH25LEB7qdSbWbTSViQBZladTOT9KbjBogc+FJOxVf4SItrgJip8c96g1IEIdii7Kor+xn2/QkCE=
0urty5G9VM7ynj6D0f9AW8tYjFMS0DQs/quMyI/0867VV/Hobq1ePaIMLalZoMY0a2Z8sXL+sP/38BoGhMZDg7uneFI1UiEHUqhNEr6Yz26pGLN2hj/i6NCK/HSoP0lLnoVvRzpzeH9E34NOlcyL5lQDljQqnRnZIXx/cQQ8MF0uxVWI5LIqY9HuVR5q72jhr/HgA+iMzUBrxxvkqgKKWHxzwkbEEhhFQ2SCPEdERT8=
0urty5G9VM7ynj6D0f9AW3Hw1i3ZZRdd8tsYP/TktW93R60wAOfkYE9HfKIkITo/MV8WLuDAkwHLujNa2jIIYFaKWm+kaUxhDc/YsdfsRwySwrDdSCjnfwBQ4mLdubxqiI5ivL53yhUuvub7SxqeFN/6Ac5BpuVvScDlD5zbfpsfz83HRmRoUTzj+KxGZhZdq0WMi86a+d0UOtHXYA3SmGaPV+DfJTUYn+rKvDpOSmtjMMQzE/o5lKVEyTL7F+//l1PiltGp5CgsbpAvlXHoDw==
0urty5G9VM7ynj6D0f9AW3Hw1i3ZZRdd8tsYP/TktW93R60wAOfkYE9HfKIkITo/MV8WLuDAkwHLujNa2jIIYCSm0/3MWnNsk5fhvEUEQJfqX0hdU+SNBy3FBt+GnefYQvDjv1Os433uQWDLQPu1Wr7Fujbzm7FJqQ2BKy9xz9oKEK0S8NbRXNv3NSmwWEMjjWdQNKunJVRYxxhC1CsGZ3M6vBf+WoMVRHKfOMvsxlQ=
0urty5G9VM7ynj6D0f9AW3Hw1i3ZZRdd8tsYP/TktW9QDkdU9k9ovVxQIEMIyZTAFjkrqjOh9pZZ0StbTr3rsx/NMDl87BYjawva6EoCl91xbyAmrqQc+RVoTHB8lTey6ygjJAH+fPBY2xrHJnpDtZo8TcUAmtzLzUtneFwPR8VAlz+BKKkIUVh0n5grRRayPKwm07lqADPUku7NJRI8aQ26GL9VuuhmlsRAMbb9Aagp0VS4zwrSOBo7crBF3c7YlHdaTYh52A1UPnGbLVgwpMBL49Rq2L76UcIW0R1idtHNP6baU2ZhsVFUjQVyHDaceFK8P6u441pGlMeOkRCLKA==
0urty5G9VM7ynj6D0f9AW3Hw1i3ZZRdd8tsYP/TktW93R60wAOfkYE9HfKIkITo/MV8WLuDAkwHLujNa2jIIYFaKWm+kaUxhDc/YsdfsRwySwrDdSCjnfwBQ4mLdubxq7gW8vg0ymdGLTpXde7TGiTTpeAxyylMqPATQAU6Dhrk=
0urty5G9VM7ynj6D0f9AW2tEKfMhqhp4uo4bXMgyJlEt3i+9tDU6n4AUait0IKewrK/n2ulALqCx8FGfGO+Ux/akI+IwTYK4J8G+yGAF6rzMES39Dw/HZsEuO3x8GfZ5niyQks8S/DNm9rKUgHWwp705hiQI66L9wK5cnX0K8RjPYLLv/aukWG9o/7Y95Ribno4PkXhsTPy2fdMR9BBZD4oDyTeLIOMZIzl8DgzWM0TkYF3OR1wkDo95Q6F/dygdXESctqZP2oqhAJ3NZEk0h7wcyixv1cH5XK48r1yulGg=
0urty5G9VM7ynj6D0f9AW2tEKfMhqhp4uo4bXMgyJlEt3i+9tDU6n4AUait0IKewrK/n2ulALqCx8FGfGO+Ux/akI+IwTYK4J8G+yGAF6rzMES39Dw/HZsEuO3x8GfZ5niyQks8S/DNm9rKUgHWwp0MG9yo8E1MP+BjIyW+rJn0jlvYBoM7qI2354Hi6gpvs4TUUMmQfsnWzoumDIC/WJg==
0urty5G9VM7ynj6D0f9AW2tEKfMhqhp4uo4bXMgyJlEEXGMQ9MNT2K00djwBHvLCrwXzdMQq8ylGE2iUWfdn4rWmcMnW4EBf5mg2BQJ51VudeWTg/WMx/Qnd+3Ms7ouGSRZN/oDxIWcFAAmKxgV03EK1nESicDU3LAsmFVJj0TiWb0bKttyK1LafAKtpU3e8
0urty5G9VM7ynj6D0f9AWzQ7kboU1l4eUxA/qNZZw6Ca+Q9eAWy/637rLAwe6z3Pttdr09B8rGxB+icrg+oJpqfxPMSdBP2Of4YctdNuVHtOQV20rZ9GKWxQ88e+DzdEcsqguoMysBzrkOqlL9MsDYA4k8ogLwt32jbFko6XeSY=
0urty5G9VM7ynj6D0f9AW5wkQ96a6SxeXUvkVgLFTG7pnWIo+vXSWs5dQjEvfjxPVL5AeGK/ByBoXc1ePQ8dPp1/w589YmGFKjTU37Y9tajCITJGtGXwW4x0Y6i10EjpGR5gt3FOXF1e6itX2uC0z8NTvPgQAuffYEaEmdtlXjLUbUGam7IuACnvmEBKfON0
0urty5G9VM7ynj6D0f9AWy3zbSQP413J4v4mWZe5NQRWmj/bE2kSRLapmWLsVjK6sFY8wWP1uU+wgu0Kgl3DqEZEXzIwmS5z+Oa2VSjpIz4FQUdionrFLO8Dtw5Q5PjSOacC4sIcpvB1ymxyscAGc9m/eXNe40jov/S/WBfVogcJHt+QRQLMk2CaKzGlWQq4sHhdyD53RTAM7hyETEi+9Q==
0urty5G9VM7ynj6D0f9AW0C8BcBNUvyhU32PYVsR1kIlYKCy9rh1T6aBnq54jUF/JCSY2RFlUb+n7gWkr/3kR1gebio5IANeGDDxW2j4wtxZiLDpPOluSoxtQ7an3lTyvn/m6/khp18UrLy9+Ic/Mf9PV+ydJrEzfSLHwlqa9Zrwqzau8fqovvylw+pb+wZJzahV49GuSoyXkNrDotU7aPJEEIp7H9hGCq0u6SwunvI/zsaffEXos4pGma2SopPm
0urty5G9VM7ynj6D0f9AW0C8BcBNUvyhU32PYVsR1kIlYKCy9rh1T6aBnq54jUF/JCSY2RFlUb+n7gWkr/3kR1gebio5IANeGDDxW2j4wtxZiLDpPOluSoxtQ7an3lTy2IZ6tYzub2HLzKQp28WFrrNVC9u8JJuqmg2a+9PY55RrK6kFuWUgx9BjdWVSljSHri6HHTNba9YLVsiiui0t7wXGPHUvGytG73VNttO3mwY=
0urty5G9VM7ynj6D0f9AW7oYcx+x+Yv6WJdTwWQ+FzrjDTRxG0XgY3O8vWe/guRqadFgq+GrWVBPCg/LX6stBbWQkusr61RgeNq8i/VJp2FzCcoeY5gdqX1GLox0zR+mgLFd46jRYIH67m7Tnu3YnixoIUTCu8vlzpXCFb46lL5w6nFaJkIj1guUkOaMR0UdM9GtWXQcv0Z4e6MrtmoUYg==
0urty5G9VM7ynj6D0f9AW7oYcx+x+Yv6WJdTwWQ+FzrjDTRxG0XgY3O8vWe/guRqadFgq+GrWVBPCg/LX6stBexnIqPXTZYSrgYEFQU6Xn68fUcxeBe1YowYK11n350kOMcPLY8J/rssMy6gJ8RrSNV7IcD5r2VHZg/x9v7CIm8=
0urty5G9VM7ynj6D0f9AW7oYcx+x+Yv6WJdTwWQ+FzrVi0yTrWAejzjZyabEl185Hgx2dKNJkiagz0U9/pmB1+FK8KnGRIRbs/ruridke2B2ltotbH6QuyaXdSJdqBcsuAP6o9j9h2N/0oyRELdjtzGp/EcXDvHnwE6YLsz2FRWLG6ni7ZFjklHjoaxvueV3
0urty5G9VM7ynj6D0f9AW7oYcx+x+Yv6WJdTwWQ+FzrVi0yTrWAejzjZyabEl185Hgx2dKNJkiagz0U9/pmB1+FK8KnGRIRbs/ruridke2BS1kZ9PrF+ZeNkQbvFd/KOSyq/nCgjus9Q/cKiSJsGddnc6UUx5byijIKIO7ZBoEM=
0urty5G9VM7ynj6D0f9AW7oYcx+x+Yv6WJdTwWQ+FzrVi0yTrWAejzjZyabEl185Hgx2dKNJkiagz0U9/pmB1wcDr9l2pXq/0pui+VTGDS9DcHDCiqejqMJ9Iq/Wl0ic9kdMjmXF+sv6xUzxBk4+gW+cTcOO0Bi+sjBX51C0yf5syPxGHTtZYtIDSimvkrR8aTORaJrIEWGY/Nnkv7iiBg==
0urty5G9VM7ynj6D0f9AW7oYcx+x+Yv6WJdTwWQ+FzrjDTRxG0XgY3O8vWe/guRqadFgq+GrWVBPCg/LX6stBSHMb//l2fokMjXVrTAv/iAlLp3i8ow4GeMwdK+Kf32sDAjFsbvbqqCmo4NLMmE/EiqqZjPMBRO/0+UfP3e7gfiy6oJw0yw0jcPoCp44MEYzPCQcsY1Fx8cPzweJkjR71Q==
0urty5G9VM7ynj6D0f9AW7oYcx+x+Yv6WJdTwWQ+FzrjDTRxG0XgY3O8vWe/guRqadFgq+GrWVBPCg/LX6stBZDeaCzRSi42inuAkYhzfVgiUT0QZJPf/DQHVmzbR85st1102Ql0PnfrF2DK4ICPoeuxW2bLOzqdKuH1LBCFPm7FtgKg9p5qFTQOj27IdU0X
0urty5G9VM7ynj6D0f9AWz2pAcrWUf92FonpIUQIMeTqjXWxZGSl5b5lpx/bWmfVL5iKsg4D1bcFJr0Ga2E2DsyETu9T5Zs5OWcJyHYIO9Fud0W9Xq7qG1Z94Z2ktJ1OINhnN9kAgS0z2sRpECSNv+Vp1dQF2cvH/26qazuHZJ7610H0laTxEIfUEO3221REdYp3/gMTtS40YjjXVYlhLIRXPKdeNJAzjvOpgDf1WCQDYp6DnZRM1px5Yx0iVumw
0urty5G9VM7ynj6D0f9AW9eH0IHAHIsx5BLXa/5CnoN0QPOPjaVtT6B5jKBXhOVZhPAdGhnpgbF2ds1zwI81hTFAhKDnDG0aqlrfIr5urKihdk9WIRxBS4o00gRL39n/bob4hXISsuEwsxNYsPtyS4i3SzSg76/rh51EUdlxF9g=
0urty5G9VM7ynj6D0f9AW9eH0IHAHIsx5BLXa/5CnoN0QPOPjaVtT6B5jKBXhOVZhPAdGhnpgbF2ds1zwI81hd5taQOCILFntQ4AAUBC3hBAoi0OV/Oj6X3STfnEiKvQniwdZh/Rz9L+QGR1RPEPshcI+jT9Xx1p24kGkA3IP8rKz7j+KC5/aENPFDUGjmqV5Crf6ePGLAP3RePlx6GVU4s6ArdklGZvGXumBMzzvU4h1v67pmvC1lCMEcQUeLa6THpHoVjg8cBSxdWyx++DGg==
0urty5G9VM7ynj6D0f9AW9eH0IHAHIsx5BLXa/5CnoPIqhonvDK6gdnz2HdJbP6CfpcEX0ktEhuL88bF/+tCcVmXAEISDhnxJAwhOUsgVmo=
0urty5G9VM7ynj6D0f9AW8fVLNrI2UG39jITblZbXDYo+3dLKIWh2cS1xulceKPedVAYxMMWRHF0fOkZuhEFRT99i9kZbZn2AVJbdIyRes41dXUdYCAkCZiMuJNMlt36cnzKQwjM9Rma/WjIDnHvNJ6Kb7FU7BXXymc+/DaFZACO2zgxYu2E27dgRLYAwlTi
0urty5G9VM7ynj6D0f9AW5lPgWmE+6TyLuQ+ABbcb9VSJsNrpjDdy8SiHOQS8p7X7hJc/7gDPipeCyiXXO8ElWn4GHjjAr9gUwPqsz68NSg58X5tnbf/cmz2OHDR8+BYosSTrF8QFXjqlaw3jei7cA==
0urty5G9VM7ynj6D0f9AW5lPgWmE+6TyLuQ+ABbcb9VSJsNrpjDdy8SiHOQS8p7X7hJc/7gDPipeCyiXXO8ElcZOmZFPOVkakiPIPY+xYxOBsJDRei+yjfTttDqRcQReOVxpyKLS3YvTXyf/vNWDVw==
0urty5G9VM7ynj6D0f9AW89AhLKomkc84ZHpHPogx9a8eJWipHgMPsx7bCDXISrDz4yQX8TWb6gnOmmvOv2SqnYt6aD785sb0sKdp+Dtvhw=
0urty5G9VM7ynj6D0f9AWymGWEvVDrkS3JA9bUxSU0Z5zWNGNn3Oazc5gw00uCFXEorMEHpXothwufgEqHANTPadRr6JzXjc+PWLdp5xXD3g8NIO/+8aoFvksooIDakWiC6hFmwBscE9BVW/DEx9GQ==
0urty5G9VM7ynj6D0f9AW8woYKV1ddXSplFdkCp/I6w0VwPGdJAmEVqYEsFR+xEdTJc1HWKPnQHHCtZxnCpgOkOC4wcKIfAr3h7/HbJ/y8d9Wp+CC2jRSrSbR+nXPt6GImQ0cxWtFES7Ib9jCbVzUwqviOTrLmq849YaNroqXmPCf3/kcBd5Hc8Ids99/3sk
0urty5G9VM7ynj6D0f9AW5symmoGmWxzGWyz27xT8/3gNeze5i4bQ+384NH/safXLykByct5mkCOE9jGZ2xBWyfVJ2usBf6M9QdI381bPigKLO0o1Ogr2wKnjCA9Y5ozherOlEditwRYM3YjDr6LQHFtbYFHAO5Nxf1Er5p6BdlFIV67UOy+gwVZFbVeOo+/9mpoZYckGOiTb6oGtPI1TzyVM9jwxXR9ajgsImx/A062oPsIGrzkodUSO8BZqai2eDpEl2m6JPlF4XUme0HjbovuKq4sGrBcq2pUuBiL4mz3lkp7YYFA+rnaZtKtH9vOk5MnHSmAv4gh+wccvLo5n6ZkS+jNR6ukAmX1pUhnSRTtwEtCkov5Fq5pdFtEPsWN3JHcriddKyIVGEk29OR9BJ2L9iCLHXgtmFGn2bTR3sxRqbDcgAzBv5UUvGFuMwBcfC6InhlZQ0Y2vP7mHRb42p6QzX4LPoYHzqyNCNdwbF5SCnWHvge1AVrm7W3M9PsCiuDCam8/hzIGkATiRhMhAw==
0urty5G9VM7ynj6D0f9AW5symmoGmWxzGWyz27xT8/3gNeze5i4bQ+384NH/safXLykByct5mkCOE9jGZ2xBW8qZOIvX8g/u4AO+l6t8Z+g7+vP2W7ISTgF85r6mCXChEBphU8lmwULVHQOdMNORgNntkOZAZaqsaG2TN2IF1RTm99E0SwjeGz2UNbnENMmdU+nD8jxUAN3Hec8FH1/e4WjwMxHW9kR9ol6MSvYdPgI=
0urty5G9VM7ynj6D0f9AW5symmoGmWxzGWyz27xT8/3gNeze5i4bQ+384NH/safXAl8hzGQKY1sGYBkfV1K8oKFDxSK5tYZTkklqugyeU+OgTeYDKv9nXqlsVe330An03nWWfEhz+Hv3onnNBRVCaoV7rDhJr21/ZfSiUSAsvMVzYU/J1/QebZ4Pnodo/fOX
0urty5G9VM7ynj6D0f9AW5symmoGmWxzGWyz27xT8/3gNeze5i4bQ+384NH/safXLykByct5mkCOE9jGZ2xBW8qZOIvX8g/u4AO+l6t8Z+hm1A2cz/HuaiYC3tIw15h0oFHCOA1MvDNVbvXDwWn+439ZBb4c1wFc6xe0JW10XikJSMFSdJeONEDxhTFUZEP9CTGcgWIaw0sqgTxQWYO9nDQBU2ELTn4DK8TpEacqNHY=
0urty5G9VM7ynj6D0f9AW7HGJ0UdOtO+n3BXYOkPSsmYNUY/NOjtnrqtAuWAA/1Ny1d3A7IlHppA31cY4A3NvnWU5PXoYlAXKQxaj/fMME+Y323vywqLz8Gg/sLxogEmAXvSUe96Y5AZ+jj3DnrThAboOfwn6TkVeLSVK4Xy7gs=
0urty5G9VM7ynj6D0f9AW4JnkTksraix1NudmbzPyWcoRXzptTqwa8J1x6yf3PBlKbsTYClzmWtarCHgHO14pbXQVtdXvavkG+4EQJXkCRKPLx07ZvPs/CBmqFlOkfY5BjqgIevWn4Yj8PMAX+d6YzUiogSpzN0/etIO39zAgXqRaGRo7UFYQWeZl3Tz9Ee8KiDJV3izrWh5rWO0T+2AAJO43m+C7WDI4poOeDGvE4rlb99qADl/2po4Fv32NXIA0HGk9G80hjPdyf3PEuCDcg==
0urty5G9VM7ynj6D0f9AW4JnkTksraix1NudmbzPyWcX1tX3OVOzvsFuM9AlmNZuhsaPXB8GIFyjUExlXF3aGBeVjlUk1DqBRt2EmN/IULS5TWLVdr3FFRM870G6gczlcHiSauSc3rTlTp8QIq+3rbZ5JofVOEwCCvh1BnvgnVda0Cn60QEnopXnbmMVuozr
0urty5G9VM7ynj6D0f9AW0yhjs+Y+pPkO6ZQN+XXb73dwbPznAj22mF/BCHE2Li8675inoBtQQHKnNHBPeSFJmpQhYxCmIssr7W3dDMgJW/XIs35oU82laq+hWshxZ2N269RWM3OU2LkLmx3IWH2Bg2ZPYN73kDb+CDk1/kqA5V32XN5QIPL7Kkl83LjOkEX
0urty5G9VM7ynj6D0f9AW0yhjs+Y+pPkO6ZQN+XXb70oHlpOAc+LvCE5gk2HyskPRMWKFe/JKtrNpBQP1IW2mkFxq5QDfWkpbe+KVg103uYLb7Xu+CrJYcRIZ+8z9B6CfyPGMBrpKAz/hYObepG5VydGAdxZNf40GSF7AfhJYRbnquHMPhCTpTyLIZD5aRvc3zBmwD0npadZZqgCKaviMw==
0urty5G9VM7ynj6D0f9AWznd1WppORhB4n0kOa2gsCSgnYlKUyV5CV08slpuV+nn2VRCrpXaTnzIsO2WOHMI/HHUBM3wvvhqsBUhYW4+828AD8zLHT4/HNzOKEse5aA/4VqoUyx/KzxFqSbNBZb1c2BCfzN+0uUmyA1s76O51+bOTnyiylZdNRdPWLxhWwdS
0urty5G9VM7ynj6D0f9AWznd1WppORhB4n0kOa2gsCSgnYlKUyV5CV08slpuV+nn2VRCrpXaTnzIsO2WOHMI/B2wWKdpvU6+h98kNxvzhky3mNyQ39RweFiyDkf5HdiqF0eXq1Jfc/JOZkU6k2HWpp241WbiWNZ3T7ItFrw9SnJsgzjXPdTFBKoHb9jDqYr+
0urty5G9VM7ynj6D0f9AWznd1WppORhB4n0kOa2gsCSgnYlKUyV5CV08slpuV+nn2VRCrpXaTnzIsO2WOHMI/AZZGXKt07DaS4hUPiW2n491LJtBMsXe4LME0BptNbNozFw0Q2z904PKmT5XPKRGkth4h9nBi7HCbCI/n6oM+SZHJXWQFJu3pg7vVR2xgHHGFCYEiBhkPlgDhfD3bWSih1ZD5vwxafw2Bx4u84/z+mI=
0urty5G9VM7ynj6D0f9AW6ueJWClF5ocLJBCEOFqMipiTk3OgX/3/u9vV8DMrluLd1XaNSdwdCveAZ9iXyOHXftl//VIQ7LImiOvDXIeDBidcaIbM9BjsenEzTTfstX+CVZdblxb4Mc/+VAaiooizFb7hLYa30dgQ+x7jIlcMTg=
0urty5G9VM7ynj6D0f9AW6ueJWClF5ocLJBCEOFqMipiTk3OgX/3/u9vV8DMrluLd1XaNSdwdCveAZ9iXyOHXftl//VIQ7LImiOvDXIeDBidcaIbM9BjsenEzTTfstX+CVZdblxb4Mc/+VAaiooizFb7hLYa30dgQ+x7jIlcMTg=
0urty5G9VM7ynj6D0f9AW9w3HLjhyJn41ZuDBSUSFpHmIPw/6FC/mYhvAZkn8KiAH7h0pXW6APDdbokiGksXL8Fvh6L6WK4g8fnvheN13xNvfasOSffPPQ9P2AayO/CXtVC5Wopr4iIVU+Gg8+b7u+zU5LeyvruTw5bKVhmYTNx/0i4xJtabhvk+AcmBLJN7bSWI1ylrZ81+7Mg2PaejQQgUDi1HW8ggjknoqUpM9Ho=
0urty5G9VM7ynj6D0f9AWx+pYxUhdBfPQicNDwFsZ+2l4gNN/zYqVFo/Id8DPk1teqGqxLI5zzvPKqFalofoKDF2xA/bGP5xHcEqmcGO4Cyx0zPbUiQ5PKk4qLMbUE5oU81xEff4LgZ3O444MzEmIEQnapGe6FAu5HnSvAWx+xdZ6jRC+VfEjhEkdFY258XuAsG86CmV38AIAOrNihXIEaoOUft2EHZZCV1v2JH5orMOzHNafBzbaXv1dt8ZGcLdUo93ZjVaAqXufuXNW+u9iQ==
0urty5G9VM7ynj6D0f9AW2LOtpnxoSOCRSJemrs4vYvomEqHE5qTbULGgqOdMebOo+bLXRyY/5avutzFaVeuP+0SeQh/xQmgRpsn8SRDzvIw9vMOpWDJqe/o8LsIWhX0pP3Kab/e4C5R/AaFB+J7TkQ3fpb8pAWRsLPpihgOXefZ/N5dZb0AAtTBOv0EDp1XgWi31fI4XmFvAXPjWXQ0mjlW80XEZLiobZs5SySTjRpiJSKzierRSnHAq2tFklVMk9OpJJLCfENCytUWwiHz+zjABbnFUQXGPPen6qHs/XqDMr/GpODaBexNG9LNE4fEf/TRGh0bGMa4LvFeG6HaXQ==
0urty5G9VM7ynj6D0f9AW2LOtpnxoSOCRSJemrs4vYvomEqHE5qTbULGgqOdMebOo+bLXRyY/5avutzFaVeuP+0SeQh/xQmgRpsn8SRDzvIw9vMOpWDJqe/o8LsIWhX0gUcYMB2zXdiMeT06aEXrObvWmVXQUXTmFyBIl2cJIZSMkN3Gq3Lp9YNwsDM84ArnNu31fwtE0bnPKRZQwW80i7C9kj1CSg+zylC5yR/fnpFqqvUdAy3WY2gdj8yXkHKyDH6uYn72jYmlTT+SMG5OlsOJOlEiZwKdV1lSSOioFl0=
0urty5G9VM7ynj6D0f9AW2LOtpnxoSOCRSJemrs4vYvomEqHE5qTbULGgqOdMebOo+bLXRyY/5avutzFaVeuP+0SeQh/xQmgRpsn8SRDzvIw9vMOpWDJqe/o8LsIWhX0gUcYMB2zXdiMeT06aEXrOVAU+8UgHWhbs1GT6WesdVfXpAtoUXyZKsChC+osapMu9J5Sg5Tnib9fOvY5qCOOPA==
0urty5G9VM7ynj6D0f9AW2LOtpnxoSOCRSJemrs4vYsEfoMYunxY3r4Sh6LJXPgHa42jvjypW3DPFCRl9mFaBi2UpDgQr8HMawueqKPbH/1CBabsWMopEbERnrz1nZ9wzxiEXc7guzZTJX3YNIuv3I2wcESNeEChKCgROoRNW4MYJYJg+wiDiFoReR/EVtqOK8V3P8P5fgvGLfpX+ACN1GzaIK22Wn+cgIH4w68tZ8g=
0urty5G9VM7ynj6D0f9AW2LOtpnxoSOCRSJemrs4vYsEfoMYunxY3r4Sh6LJXPgHa42jvjypW3DPFCRl9mFaBrjUq4GUF1kxuWUWXOcviw0skQqua0fpaO5Y3+mEkzj8hW/OTC8MTa9E+U68WcJeWt1LNLTaQNNWICYStLsSyt4=
0urty5G9VM7ynj6D0f9AW2LOtpnxoSOCRSJemrs4vYsEfoMYunxY3r4Sh6LJXPgHa42jvjypW3DPFCRl9mFaBrjUq4GUF1kxuWUWXOcviw0skQqua0fpaO5Y3+mEkzj8DtLrerHo6Kae8Dicgto5wuvGXeFCWOvb+Cl583cdpewB5MmK+ndmAJfbydV7exZK
0urty5G9VM7ynj6D0f9AWzLt5k+CjOLzcHafYNbQ5JlQodvBL+0fio955Nz8Xqp/FkwOlOFxlkXEHD2e0hb0eaR4giHmUgcKnxp61UYrzA6m9XMJ1e9P3u1nd+840BsdAVYWdaGfSYxl4bd51jy9H90I6i97DeB/bDwCJKqRGLU=
0urty5G9VM7ynj6D0f9AWzLt5k+CjOLzcHafYNbQ5JlQodvBL+0fio955Nz8Xqp/FkwOlOFxlkXEHD2e0hb0eaR4giHmUgcKnxp61UYrzA6m9XMJ1e9P3u1nd+840BsdRwtg7zAivP/dsisB8mphW4rNpDOVMaYN3P9z4OJfNxp5WVFwnqXLtOkmNCLd2zut
0urty5G9VM7ynj6D0f9AW1+ECmtRjio7CaHXb0Ge8K0gTxYnQT28jI2JO0KkVnUkeJf65z3lKO4iw9OfLU/neq70dqicinDxcOWL1zj5Ib5QxzWg9h9O0EPOutaqsemR0GKVMzm1Dk8mfv6AV3uWKI/pQ+KusWL7H6zVHj157qx8G3UdHbPo1Xlsk4WRImewuOE/VhZhn4B7RWeM42sxYw==
0urty5G9VM7ynj6D0f9AWzLt5k+CjOLzcHafYNbQ5JlTHpWjb2Aki0nZWTzFDslfXxyiBHNhmsV3ZykA8Nme6BFeHvpLQYfVCgbkcbyPT8VHipIT+UGtGVlCbBqzjDNqwJB95sI4FlzZBEgbgg0N/gVcjgr1RJ6tWcL6fLgkts6DoAl5li80EBB3ejuH4u8G
0urty5G9VM7ynj6D0f9AWzLt5k+CjOLzcHafYNbQ5JlTHpWjb2Aki0nZWTzFDslfXxyiBHNhmsV3ZykA8Nme6BFeHvpLQYfVCgbkcbyPT8W5FGo5pU2wpyeymVvfJSuSlhCqOjt5tTd2o8EQOO4dh3V1lJQiz1zy7/PadJhv9IE=
0urty5G9VM7ynj6D0f9AWzLt5k+CjOLzcHafYNbQ5JlTHpWjb2Aki0nZWTzFDslfXxyiBHNhmsV3ZykA8Nme6GUKvNFuD9Y/c7g71MhUvLwKAIRg36yDsxkhSMJTw+s2h8pAhW/TV8Zz4vMttio+Bvxazzr/TgiIlgzz6vrcVyei0PJn1br/aHTTImfeBZdjCCW3mh9+UJ/fcK/zkumXfg==
0urty5G9VM7ynj6D0f9AW/tr8aPD8DrKVIktHhr9RVagrTFySePKQFJZKw1i7dfJvUnDwXdXwUN37N4WNT0UXksjllHjQ7wcYRa2Wtb2Yb3nbcXxZMuXpO0zFn0zmFaBRMGp++Q+ArDo96EbDs5ghmc7uInMfOqO8kabmH39zOlAEkzbDeXaFZr7x1YCfED3QvgMMTrj31g3RxN9JWa6NlJ2gywt4lG9h/kyBrtpuMmvI4R1kEwCkBl/ETGXLWB3
0urty5G9VM7ynj6D0f9AW/tr8aPD8DrKVIktHhr9RVagrTFySePKQFJZKw1i7dfJvUnDwXdXwUN37N4WNT0UXksjllHjQ7wcYRa2Wtb2Yb3nbcXxZMuXpO0zFn0zmFaB9KsE1xgZ4ck+JgSg5z7pzYLPUzupWbZB4MUBi5xDbeS3bjyU+sbYgBaVM3Tu96ItyQfovto0PVXDfnxVvMY63G1WgGJie4aZY7549DK2E0M=
0urty5G9VM7ynj6D0f9AW/tr8aPD8DrKVIktHhr9RVagrTFySePKQFJZKw1i7dfJvUnDwXdXwUN37N4WNT0UXksjllHjQ7wcYRa2Wtb2Yb3nbcXxZMuXpO0zFn0zmFaB9KsE1xgZ4ck+JgSg5z7pzVyCDIk6D4/cmA522txJ/OlGeQ6DXDnUmoiXf4eolqwMGzD7jHENs4i5t8Pd7GMiWQ==
0urty5G9VM7ynj6D0f9AW/tr8aPD8DrKVIktHhr9RVagrTFySePKQFJZKw1i7dfJvUnDwXdXwUN37N4WNT0UXvoS1HGzm9KokdRAGfbVnaJJX4kVBCeZrq7RFS1Nq7V0fMHsb2wWW+7gUZO19gh5S3rs+dmEwRK4L3KTdjtXZec=
0urty5G9VM7ynj6D0f9AW0opjyvUeQnqrI8tmHKZzWmrzCYl+7gMzbU1nZJ2C+Gzpu7vjRyE1BRUZqXZiDAlPvVAcf2XWGIHxnmTwP2jaYdA7wDxDGEcpySYA4a19giJ+1M40EPjKTR/NxCBh0F4qAO7ucNJnpP/+7DKmaHPfdcQh18G6v4auckYsniUEN+/UdeZ8YxSwyOLRpRZBqBq7Q==
0urty5G9VM7ynj6D0f9AW0opjyvUeQnqrI8tmHKZzWmrzCYl+7gMzbU1nZJ2C+Gzpu7vjRyE1BRUZqXZiDAlPiPC1XbjjcPgEMT47eXuRQyk5NMJ2DJu+VDMYb4vU0733+TdrTepUX3knf688QXBadjPHoT2HpBNdnuIwUr33Wxm+LFQ7v6ShhdLbCEdDWgL
0urty5G9VM7ynj6D0f9AW0opjyvUeQnqrI8tmHKZzWmrzCYl+7gMzbU1nZJ2C+Gzpu7vjRyE1BRUZqXZiDAlPiPC1XbjjcPgEMT47eXuRQyk5NMJ2DJu+VDMYb4vU073vPw38WB/LlNikXVINDKGzb7BRwErjCmrZKrFm+UEg2gdWapihvYsvnngqz8ZvJIQmr2iiLpwgIq/ODa1tBedwaqocqY/+sy/NESJl5Eb7kNHfughDOWxzdTmxHFnIqRY
0urty5G9VM7ynj6D0f9AW2RB1zQGRz7MLoHCyoj5qfapgXLDMp7FkMCebSveaiJGSpYM1y8QeBRwkSusvqdlTyKWqwSTGuEDoFkUbGwoxPTLq5FvTXqlTehn9eNsb2XXQvfZ9qr143D45YhJuT7uPZ9Awg8hW0y8vZKN/OrkUU4=
0urty5G9VM7ynj6D0f9AW2RB1zQGRz7MLoHCyoj5qfapgXLDMp7FkMCebSveaiJGSpYM1y8QeBRwkSusvqdlT29VvMmQl1lkUor9zQ9iuDpobP3qOjj6sn8gMC5WrbcNi5BE/fMuXEXQjUF8fEy1l6yrKXqkb2ju7UfLqE8B+1/cphsOjfFY/pS2+bBE/6ywleg4e9K1lekBkDX9UQ9V+gPDqiI7uqfGpJRpuz0W4Za2waKhRG3m6bjt+W1CcNJ6zdJDJhgauswxyge5plKQtA==
0urty5G9VM7ynj6D0f9AW/5TEEvgIw4nDTjGfF6uT4XoNWb4bQ+6ZiNauP/HPqcgHQbD5P7b/tFj1+J6omelwcCt61FsMV5RLNQlCU3G8Q8=
0urty5G9VM7ynj6D0f9AW5mCXLzUB5PITFNobOYat/EA8DNu4hAqUfdZW9Alket7qr8edBwoPy9avx5YvuRLCL90mtbZAF5xQJqV+45D7acVRrGJBEF/52gB1b0eogXF2D1AszUo8c8ufqBXXbTVspZEU8y1EJUJzR+2X0JMdESLsXGyqZRllysNF2URa7Ss
0urty5G9VM7ynj6D0f9AW6MbLzzsT2e7nLiemB2UPtS4oqXKw36nJhI8df6i2DOb4UnQtuMTtNgJzBPIF3IVLC3UlCB6wa4KC5fICNAImjj0f+JnLqMKk6xStkmcqrp+DIK7eRgZU8fOqfK1UmfEtw==
0urty5G9VM7ynj6D0f9AW6MbLzzsT2e7nLiemB2UPtS4oqXKw36nJhI8df6i2DOb4UnQtuMTtNgJzBPIF3IVLDS4Xdds++8vFIAYijqrba0YZJ8XpxNVzpYvjniRzsuHzPyezNerEpWLjkS/DfzT5g==
0urty5G9VM7ynj6D0f9AW2am0fmC6lknQIPq1zTMHO+3cn9j+sSg6lJC+knqwKwTIHATEnH2NveevylMGxvpzjitkvsDzn+Mqp4dC20oTNBTdNg0YdO5uPfu4k1lYZfFDc5spKV6f3dLfkJkLNiGOA==
0urty5G9VM7ynj6D0f9AW/ihlaxrPCnfIxM3PxCIQSQA9jphZNi7YBTD6OytbUhJSU6VLPVa/5MFnkVt/ze7kd1N8zZIdidt57dZulEXdOQ=
0urty5G9VM7ynj6D0f9AW3X76r4+u33YG5t4UofWCN8cBVNd32fTTy7mEhuxuIU/RQ3OPwpuKTUQMxUaF5f1JqzkG8RogAzjMNgxUpWJM7ti9IV0yrAJCZNffQORIyueiTT4TA1u+95Vcfc8y3G1/A==
0urty5G9VM7ynj6D0f9AW7uvx9tSp7rNfyZYV5Ah6/Eq7L0zE6j+oPvIuzszucSwed1Rzn1Ry+x4QUgHZZbQ/tgr+uLuTX2NMcXwqYYrXeH0O9JGA01DopveYTyIgx7Ewy0ELacT/sCBH4Fu/5iD33tpXJKsPBtDahNl5Q3dWd3tO5QKTah/rUL+w+nzttw+
0urty5G9VM7ynj6D0f9AW/t1/2iqc2zDObJLTrC2XfHTbEyjC05mnPmzFPkOMl4dm0LN/75Y2EyfJ2+fmfjahMN4+YIqRKPDhjsPFmdaQYiCXdxmX8tuZVQMjL3U7dez7Fygkz5VaE4y271LtGGZJ03pSneCa7mXV2qmdcvSeYbzJhpiZwuQzEGIvy+ZAX6UcmY1/cLG+qQ6N6cJAEKDspAYkdgPyXls/ihOwJr6JZX7iSmkNlfLVTkN6gNy3aOoOg0A7BXCBHlhC+B3GkJkKtRS1aeVvPknjW4a0QnE446IHQ31PKwCQ5kp0NPfNOFjLCFhuHnQGttZtFtBBki0tBMglEN0fG6DHnH3tY4DNua/q0EHKlTeWkIyMmQAC0DPqhNLDfvx5+WQZr590IeKOrLbMbU1kOVxnIZGm1uKX63QjiV4OzkymtzTl9r0SnxKsXuAG8PGhuiwyet4QigzYvT5PefFXCm1GrxXbrYRnKicvFT7+Y7GlYp7ov4mo+ni21/ilcPAeyYXiVwRS4F1MQ==
0urty5G9VM7ynj6D0f9AW/t1/2iqc2zDObJLTrC2XfHTbEyjC05mnPmzFPkOMl4dm0LN/75Y2EyfJ2+fmfjahBbeQ5p1d/S+CifDtKJ9f+rdajpKXGlWCWRa2RLsXPi0ZIYam3sAM3TzDHJP0fm8wqf+BNUj2K1b/JSBzONTgjTKlKCHiBYQORpJC3mK+sprtB7F5OJavDA5sQ7xColTCuybwwaUpVqS/jEu0HOQLoU=
0urty5G9VM7ynj6D0f9AW0husdjHX3ua+pXSp1FgVtpz8bfV1j9e2oTSUTua8jeD2hfOEkZl0sH2FnryMoPk4viJO+5wpg90fC0U4LoCeYssgtmiA2uExsEpQo3dS/T6cWwvJOPvNdCK6MlO49zQ1RTPNcIL2510Mo6cFl12Di/kKYX3YyaVuuHOXn+17DpK
0urty5G9VM7ynj6D0f9AW0husdjHX3ua+pXSp1FgVtpz8bfV1j9e2oTSUTua8jeDa+oLXGfgcgko+ARBKe51ys9OYy+cVDvAPzxvd0Fe/fUshsshY7rPqigiBDO6bNzejNEk7/upWFYW0o8IVdjTJ6lS6XELHPtGJj0xDbyJx6mKXEOeJUJF11kM/+FLxqvVRecu3FZEGf87WTOHGXVfckQQqFPlDuQtkMRwekQSat4=
0urty5G9VM7ynj6D0f9AW/61O1bHxUeKFVKQSkUCc5Sbgv0J7fVirhmnPPdjbxI/OSkV2U2AVvRnHug6WlqweJDNi9DfuoJtOfy4uk8dRe+ztcal/9Qy2FwEAZ5QD+P0FEBYxEmuJspGypNWfBG32o1FOmDIrqmRivqyfVVpjUo=
0urty5G9VM7ynj6D0f9AWwNR/JhxUAd+f/rm30y0djWihs+i+GkMpXfCl8OMOJhk57A1PWZKRRLpqWuj9QTXduJ3KUf5fINyjXXpT6rBVCSQZuMSuMZ0bfOYz2jq8Tn6O2u04ji3/iTDplwymQktAYgbQvNIS9vCQR1ITTFWDqLBx7eQbw2K/lCEvo+8HT7UFw/a27DZsM7jQSIP5RBaxaYOXc9l5Gdf/RbOe6J/Y0UVrKEJ2bnpcun4rIUkcDsLUkj6ouhTq+HvGaGwFJDdpQ==
0urty5G9VM7ynj6D0f9AWwNR/JhxUAd+f/rm30y0djWqr7pFELb7/r9mcyujhA4Bhi2neO5WARz2hU8QrAV9Ix5nrvivaUsSDAlYIWZVlv2trBTzNyIE8gQe71Q6BhSQ8PfiM/cB8uIvbE33FhZizNSnbLrvkIHICvhP1+dTzyVPtxyDAUV26CA29QcRCZ2f
0urty5G9VM7ynj6D0f9AW4SW+qYx1+AFamzxTvl1P7iMjMq8PDP3klxbIZeLsxXRwIr0gYfvtdVxe1yQ/+6ZTV4LACMfaJmMNGVpiFxYt6+escWDUK4aCVIjZ0sUKJs7y1R8196MMbw2w/bNY4u9mxonSKs7lyQFAquvz4HUPYyQRQmn7u6cos1U7GJ+FOv0EKDTThRwueTsGk/rHhnliQ==
0urty5G9VM7ynj6D0f9AW4SW+qYx1+AFamzxTvl1P7jHUfliAuIx3AfJS+grL6UCmb4/DMNimeIwInhOTMH7NTWdxqLI/qPrUDQykZ0LXo/DvgJv0XZiP+YQH7hoDPXDSgYEEtWMPQiAtHNXAcvBVbipGdBlHY+KRzy6OMjp+z/PlT1x5YQ+/5QpO5nOCOEM
0urty5G9VM7ynj6D0f9AWwOPuEGQl6EvX3tvEiEE/SMVS+yBySo/oeJZ2j45N9BKSLoadhliEvZTlSE/vPjzLsd0UdJXvu9knj6DvhnSBq7FYkcuTbbm0StOPGGgKNIZ/n9X3YsPqXPibQYSYq6ozd09cDAmJdBAAIeyvDg5KIo8F8+QUCoUexJpPOBH5373
0urty5G9VM7ynj6D0f9AWwOPuEGQl6EvX3tvEiEE/SMVS+yBySo/oeJZ2j45N9BKSLoadhliEvZTlSE/vPjzLn7W2eRS2aGJXm/PH41tS+iQ8tE7OJzISzJ8MTkuwzmyk+eZAKpszIbKQ2Zr0gC/SqB0ndF0TppjdYYet0fETgtZBO25kVze+2rcxn3rNkYI
0urty5G9VM7ynj6D0f9AWwOPuEGQl6EvX3tvEiEE/SMVS+yBySo/oeJZ2j45N9BKSLoadhliEvZTlSE/vPjzLnMHh5aSvXQsSzV7J5t1o+nkotlC4BHY+kimA1a0XYHbXqdk5Ofx5hIWiUb/9JqeKWdaUb6Yh/FAObWqGJ6ELzUxfZDptAAwH73anWwM5Vq494wQujFI0w6QLrHpEkJi88vq0cSVSYn94mGGGqZs4Ek=
0urty5G9VM7ynj6D0f9AWwOPuEGQl6EvX3tvEiEE/SMb55g65qrCpuUuET2nM6Jvp02XMMbUAzS1sTrSGJGG5x7J2W6w++KT2Z/f6ug+hFRpznlw853I/advR+UX5bjBVSQXGXHECn3WfSqghGgQS9Y5msCriYXlGbPSzhTsSnaDPDpHq2TebqwJzaX0mhqzToWl8pUO4/U8KiVXw1l5YfRF7L9/ch6bXV2s4K0bDf4=
0urty5G9VM7ynj6D0f9AWxJ2oJk+1O8yllaCt0gqrxQid0F7C9J6w7L8mr+Cdlf8hl9jfsHgOmpiyWGp4Boi9gS+Rn4m+OQoZmah3xbmjqDLMbErc5lLj1abA/XDW0IxflEg8jAZC5I90AHSs1iGNCGQ0lpqIsBPwEkd3x6Hv6qicHFBkOICrMmsUCuDUah/A7G4PizBjMRVUpyX86kiNZK0lfdYBkyhz/bynC0iam4spr80gg7qeD6QswfJO4UKhxaMLeTlEPqpSZPlxiFed7UuguiSFQ6YNzk5QKt8evt4j7uDxfKZFiOvDxfg1pzYRDxSKtdFqPjumzxB9xDLzw==
0urty5G9VM7ynj6D0f9AW/hlHWbxSJGJ7tqJoOM5vUEHTwMyDnrcfXTI4W1coT+g7Pd7K88EZXFrlZ9EeLg4gUzca6kyHj/bkCVYmnSqf/RaXFC3DCQo6kmVCw3XM+Zx5S0CH8jxwLhm3SorjVDxFPi8Tg4TjSoZeGem87OKT1j4mh2HtTf6TuGslq9daNVeUa+yiPfjl2c8fyzZF84akB+hTfV9mxACMtOUZVkV9fAPl6VPaXb2Exsl4OEWh280s3IZQM24b83dUM8U8qyIfA==
0urty5G9VM7ynj6D0f9AW/hlHWbxSJGJ7tqJoOM5vUEHTwMyDnrcfXTI4W1coT+g7Pd7K88EZXFrlZ9EeLg4gUTy9HJEwRuvtTa8bqZ+hdQ8vJjqsmh82RAN668IZjiF3MwLEvlPQqUXfHMt1GWDDGLbmPFNiDf/8iIdqIogytnmsdNuuqyMvIeGaWPGTGhC5b2Lv1zdVOiPtZZ3dDkoLNWMYJEA0JJ6ZEA3+A4jykQ=
0urty5G9VM7ynj6D0f9AW/hlHWbxSJGJ7tqJoOM5vUELqfvg0hPrixFCyCxq8g4xLuKFvSECCAomE5QT9lAl3IoP/XHLXxh88DeWIiU0b2/ctClYGczevlb4QvF1alGBD/mlY7ZiGzUU6yW4MGPNs1VcUr1H73Vfp5fcv6ISX60=
0urty5G9VM7ynj6D0f9AW/hlHWbxSJGJ7tqJoOM5vUEHTwMyDnrcfXTI4W1coT+g7Pd7K88EZXFrlZ9EeLg4gUzca6kyHj/bkCVYmnSqf/RaXFC3DCQo6kmVCw3XM+ZxNOi8uHJxZC9qYOvDaczPu8u3fH9sbF7Wqz4veMXHAMI=
0urty5G9VM7ynj6D0f9AW/hlHWbxSJGJ7tqJoOM5vUEHTwMyDnrcfXTI4W1coT+g7Pd7K88EZXFrlZ9EeLg4gUzca6kyHj/bkCVYmnSqf/RaXFC3DCQo6kmVCw3XM+Zx51EDHKIiVf8wDsIqVjJWD7MLKybjaMA1ufvOyYHvofpObrTbCYja4UJRjiol8I8I
0urty5G9VM7ynj6D0f9AWzBYRrOFgIF+eUCVyYRD2/PTiTj7Uz2MG1hyz1+ICqx0qaA3fV0rTDviCOlMiJliNGrTxc5/wxsWWvfT0CXt0PT7h42dLdYUWaI6naVkyWyM1GOEGpBoqtS3t7AowfyAonK/tj/nLkXQt76sjcQi+YU=
0urty5G9VM7ynj6D0f9AWzBYRrOFgIF+eUCVyYRD2/MQCO+xLUUjtR4R3/pKDrAB/tCITZGkJ1ZIr73/mAaVCTnW5KHtpMhicnlV/MMJ1DWpiRqZUxqGQ65c/E4rKaunpwVNEXyBORs/NisFACHLOTSl3lDu2zG3F0Wr65yrt9o=
0urty5G9VM7ynj6D0f9AWzBYRrOFgIF+eUCVyYRD2/PTiTj7Uz2MG1hyz1+ICqx0qaA3fV0rTDviCOlMiJliNGrTxc5/wxsWWvfT0CXt0PT7h42dLdYUWaI6naVkyWyMKYUA4OyMUYzRE8c/gOSWxkuS6CKJ01mTvJrqQiI/Mnji12Bfa5338CYrWpM6Z4QS
0urty5G9VM7ynj6D0f9AWwcedJ7QUHXbaZb8bSp2yN4zlU6A9kbhFvejMWJOalhj4hEXtn1gAstrPqgnhdvk/I8peiLtAhtN90LvSBCaqD6F9PPluQtMGwgj6WbidZzfw+7jViyLxsskKfnMGTwUrpMFRzz1AO7bmJft8rWtjnmfjjEXuIzF2I/1BKKAUJWQLfvHUXn9vLm9QyTrKAAO0Q==
0urty5G9VM7ynj6D0f9AWzBYRrOFgIF+eUCVyYRD2/M5Mr99iz/9xN+3dU7uvonywlh4xyrkHMSnKzpRyp+YM5x1BEJO1x3gCaUNSefYuXcJBW7bsc9Ug6nD2Y/Y3JoXuN50EE8CAKKJ1GOA33cyu8l5BTTQ1QOSW+YN43bUE92mO5I1xuXFxPBxkz/56UI4CoPKgHUwokTa2i/zVOyS0Q0LqNsyZwZ4CMS5FZMXSpZgMu32AzllbailBunX7YjaeCTyB7L683FzGqSXMFVbMVQK7Wi4FJNHpS1jVhgT9sQ=
0urty5G9VM7ynj6D0f9AWzBYRrOFgIF+eUCVyYRD2/M5Mr99iz/9xN+3dU7uvonywlh4xyrkHMSnKzpRyp+YM5x1BEJO1x3gCaUNSefYuXcJBW7bsc9Ug6nD2Y/Y3JoXuN50EE8CAKKJ1GOA33cyu+WeSo6EhJ3IIcEQpnKCJPvRIyY2o9G1LKTVwDTJsVo/6PyqZOsYjMJudJspDoaSdQ==
0urty5G9VM7ynj6D0f9AW625a/BkiIV57lpHkpP79KQ8htD8feQx42a+/JPe2i4hOKKbgued9lpIU6giuohUZXKdVtF6vvC+TcM7GKTrffBWs91kdrQkE2KpEGDj0aa8mXCNpOpLXll/n/8RxVKaqlH40y0Aw6i39V3SMIfU24Htik3IZFCLBgbsyZM++TCP
0urty5G9VM7ynj6D0f9AWzR9RFoxfPuzJpxAKgMbVxXWqlMHxWqML/cL40H1QwLl1m7rzsPrrlo6+mqhZcPeQ3JswLx/XzWCvI2Y2ipypUfvl7+hYVbbEy58ogjqGMcia+K5W+wkA0QXYStz01EZY5Dzx+V8T5QzXD10gYo+CCc=
0urty5G9VM7ynj6D0f9AWzR9RFoxfPuzJpxAKgMbVxXWqlMHxWqML/cL40H1QwLl1m7rzsPrrlo6+mqhZcPeQwFh1y7zAetAB/za2bs9H1i4mIHprgFF/C5Vx4b8ThdBJV2CX773+FSQ0m++chIdeOlKbP3hz2C/6dKbhucpBRmsdSINMDboNKvfS/2JsS/55leaY9vMWkqzoo6QCaEjcQ==
0urty5G9VM7ynj6D0f9AWzR9RFoxfPuzJpxAKgMbVxXmlZdp7hgnygWOYgwp+IwXpVt7QcZ5bAc2TMVGHUoqpNVQeiv0fSd3hiBb3N4SbiAHggcXOFjGmToD/BnWKux53imQIEMymRx8luzuoJeWExCacIisDJj0NApzOWLoMfJeGh1r4msva2DqA8/BgxAQA8PzcjWL2KoBSFHpS8/6bTkfkBee0vFEQK4z42Jh38P9/uLd9nt7t4Sjl85JTsAt
0urty5G9VM7ynj6D0f9AWzR9RFoxfPuzJpxAKgMbVxXmlZdp7hgnygWOYgwp+IwXpVt7QcZ5bAc2TMVGHUoqpNVQeiv0fSd3hiBb3N4SbiAHggcXOFjGmToD/BnWKux54U3Eq7iyr1avl5JLVlO2QKjBC7Om6Hj12GQLzlATI4reZcxgrGW85z0/xgqT1LvdY+60jUfb++0Yp7KrmuzJScd9xJgQThqdu2NBjh0gtQQ=
0urty5G9VM7ynj6D0f9AWzR9RFoxfPuzJpxAKgMbVxXmlZdp7hgnygWOYgwp+IwXpVt7QcZ5bAc2TMVGHUoqpNVQeiv0fSd3hiBb3N4SbiAHggcXOFjGmToD/BnWKux54U3Eq7iyr1avl5JLVlO2QHZd+KkPdZB4hSl9nJn+JJEIuMDr9DAh056Y3H2b9RMJMbGA6ei1SlxfE2T+B5+POg==
0urty5G9VM7ynj6D0f9AWzR9RFoxfPuzJpxAKgMbVxXmlZdp7hgnygWOYgwp+IwXpVt7QcZ5bAc2TMVGHUoqpMdZPe89B4Rv5/Mp+QCSJSr/aKQfE+H2vvQnovdG50+fiFGJF/ZjGPKGJiD0WepREctScCcJ+xfyIWw2YwqNbmE=
0urty5G9VM7ynj6D0f9AWzR9RFoxfPuzJpxAKgMbVxXmlZdp7hgnygWOYgwp+IwXpVt7QcZ5bAc2TMVGHUoqpCGu83GAD8sfslQ14L6t485R4HbOI9FmwVcKiP+N3KOBJg/ldVZMmk3CiJTVsmxdnHo5LyKZkK26V/mYAzcOX/skLPLwrkQg3aRk6kJNnwuZQGltdtyii8Gg01my2UZaoA==
0urty5G9VM7ynj6D0f9AW0CM609VCDYbsKvKD4f4uf0tfy95jXyD1rgLvfoyBc3UVZptQ/CikCdK1A3dzL6ZxZI3RLjtxl6LMJVNMafs75Wv6XDx4SNm3z2vUVPD5RpuojcZaLRItrRbS/Wjyfu6APOGa6I+FteAqknnf5+bFQE/2BI2AASyDuKxdIbwehBX
0urty5G9VM7ynj6D0f9AW0CM609VCDYbsKvKD4f4uf0tfy95jXyD1rgLvfoyBc3UVZptQ/CikCdK1A3dzL6ZxZI3RLjtxl6LMJVNMafs75Wv6XDx4SNm3z2vUVPD5RpuPAc1GjlLfU9F0zNONH1T6c+XXbJe0ibHn2wrJTdnrHcWeTKeMjCOCdSDyfXsHzoTaPbHS22wRdR2hGko22cjJWLKke5s+bSFnsFcBxggn9ezU7o3riJpEUoneWeGxMeR
0urty5G9VM7ynj6D0f9AWwUENNYGoi8rsQ6QZIKRusyDtaPB5g3JwHhjLtgGolOa5WNksc/K+aWXTg/noCjmyamozGlihSmPQY8b9R7N6WzqbA0iA8PznGgESfK1Zq5tE9nRzxMwB/xqXQMoMyodP1G/wC47ZyK/Cmq08rw10JM=
0urty5G9VM7ynj6D0f9AWwUENNYGoi8rsQ6QZIKRusyDtaPB5g3JwHhjLtgGolOa5WNksc/K+aWXTg/noCjmyf4ZPajMTqBOUS8MudRkeia/J8Cq94I6f9uTWUr5Kfwi8CR4comjYyoTznCRknhBxqjoBEctQ4JWEkBTNqxUEN1KPfRk2WlHV2iRzRH48bGhaYX3xXmEuahwEMmv1wqLbnRctpVCbxjx+UdZCQdwyDHFab2W50Sj7+LGH0BuZ4/2lAPN7H8XhGdQpMbdk3yqCA==
0urty5G9VM7ynj6D0f9AWxFHSJsDeBeez57hLZBQKN9bSWFUV4o9wOEeszbZ3wpCm7yGCkEFf1GBadVHl26jriTZXDtA6dVFhbs1tfgDrIk=
0urty5G9VM7ynj6D0f9AW1yP9Ica80KshUQ8/MmyEZmL423pv1kjtnpL52lEuOyIwNtNPcHPNRnp3pTgW0d2UnLr0XULwkgovFIILB/m7LHf6+EfgbFBhRr/WLdIx6ZZdQlyz5mRc437iSR78N4xrLgOiRRJn3XqHhA83NN8wXnXwM4r6xdhF9OAohGx1AUY
0urty5G9VM7ynj6D0f9AW/5hbK2LAPgOQSAhlsBmOCZq1E76blbZhbWLD8uJsqxelj6F9NOq6ossO8BmRwZiXlj10fFRuYsr2r8QivLoXQmIcqQbPe8fd8kVqnzdWmIXP/9CkcOz/kjzSlaOC4jmAw==
0urty5G9VM7ynj6D0f9AW/5hbK2LAPgOQSAhlsBmOCZq1E76blbZhbWLD8uJsqxelj6F9NOq6ossO8BmRwZiXi7y8DCBga9Cby0+BzMxTPPdgKDfxXQ5XTw1plmMBUQlsbsNUI3QrolHPvJAOLnIyA==
0urty5G9VM7ynj6D0f9AW6ut8G6/+LOnsZhTxsFbOLrNDZ+dMALhUH1ye+dQNKyLSG2lf1n5rvHh5bZq78Dg51FtJMWqv5E/uVwclgGf0pptvmZdSCk/1lvvy/PBpyZHJMYO/0S53mPDQlhCPvLa0w==
0urty5G9VM7ynj6D0f9AW6ut8G6/+LOnsZhTxsFbOLrNDZ+dMALhUH1ye+dQNKyLSG2lf1n5rvHh5bZq78Dg572ra0s6+dC59OZTtQPpia2Nip9+4+tjiBw3LkeG5ufz+bzgNrpsCmZfc6Is5IKN+w==
0urty5G9VM7ynj6D0f9AW0IPjPOxum40JgF9jAvVppZEoB5Kmx9shJE52J8iCkhWWfDWFTrnQzKg/9h+ddHex7BRN2EyO2he7+Ss5la3o7w=
0urty5G9VM7ynj6D0f9AW2ucGMU8wFtVc78SOkyfn4Su2zAfYEiRVVqLwZTm9/f9Pzqiz9+IvOKPWcrPogpcz3Y5fSx+TH6WzCow66Lq21X0EWDIVVwKfgqRgLkfpBJ7Nm9BDcQUmnlO84hgtGRRSw==
0urty5G9VM7ynj6D0f9AW29qWxc4IB5d6aJCu3IndrpHNq9AL+3mU+vbwPfaX7c/nsDFwFllbZI5do0+LcMjlNKJbozv/6PNjr/voyb8xnvyQoxTWnfn+cm/yVps+vAH0dUqGV2cSfH7T0JiY7+kc49aORfL/7poRzfphJTXCkHbAXdf4lGRWAOgiNOPZJ+E
0urty5G9VM7ynj6D0f9AW8sWK4V1dYfS3WVlWj40OdS1uBao5POVXxJRyrDCJY5LhUcbvjFCUIN7qt4yb/NGganpvMpg3xG/Vb5MMOuQ3nrPeXTwMw66ytJCw42lCtjia5ozlV07AN3ll/BFXpN/mP1ds+PfhXTKhcj8mcg4XXkrTGF9rTwgXkXfK1BFvEPLkM2ZyrZDfPuVGFKjGo3suL4fMCIoafIpgO1z4J76GhDopthE73zTkbcI0dIsDw8+XfsBjf23ht1RKyjHSOq/mP7LklvGp/ubjOS32FS6/sqJmIL9HLV7HgWaWEnSijpXNcy3Xgt4FrRfIMSHI0d+AA63q4Lgj1mPLO/dBlBpg+6y7xdz2kEvHKdD1CsCzKZpZ+RjCSn2SYsZ0JZRGGCuR5pmv/zNtwn+uBP3sKpLIXd3G5DznuRm6XVHdcNcPl36GEN2Ao9c0at+ZNfsBPOFb2vHyHJeAWt+tY9TRPppWzopI0hCT+hPsiz1xdI/jsIV/+c3sGswFV6m4sgQVD+EPw==
0urty5G9VM7ynj6D0f9AW8sWK4V1dYfS3WVlWj40OdS1uBao5POVXxJRyrDCJY5LhUcbvjFCUIN7qt4yb/NGgZLnJteOj6GMPDq1rbktxqkI/5w1uLHWSyRMGw5fDJx1WOrJHIeNDTCliJhOtGdBeaZX04Kb99dL4v8EtMiG/9KdzLxpCz95Z9dgyYaJn1pkhrlEyjsSi2IfdlkPtLWyFal8qNjuZIdorfc8mR9ySDU=
0urty5G9VM7ynj6D0f9AW8sWK4V1dYfS3WVlWj40OdS1uBao5POVXxJRyrDCJY5LR65k9X47bXPz/aIJjEzJJL88BMkVOLNBKaMPUfyt6/DWCSSck+uN+L7HZS1wtrTGilENIUorTjT1pnqs0vyLA7pS/7/5rIcfO9/D1lWaAo5k5JfsCOjlC1eU9m6cNLXC
0urty5G9VM7ynj6D0f9AW8sWK4V1dYfS3WVlWj40OdS1uBao5POVXxJRyrDCJY5LhUcbvjFCUIN7qt4yb/NGgZLnJteOj6GMPDq1rbktxqnetWOD0e9+Txli2ks1dfVLaLCOzByT/L8FOiXm5LTx3eVB/LZvGvWwMs9qAm4S139DN18Fvw7aVd5yN1nDEo4aQKLmpzjHCQy9waVepJbiRWNkZSCftU3ZAbKldV+Z5MI=
0urty5G9VM7ynj6D0f9AW4fTFVGrElz0hJNog1rXmbBBevz6A2gLZyMumHGlu9Ghls2qtLrzi9jXjBvgHLotH1RGAzK/av3K0j9OaNuww2Yx0gdjQSiW9W1shEmD2vSS2V5uiPaDCRvkelNVsIO31Xcsdn9KFmo1cN1DvSNYXN8=
0urty5G9VM7ynj6D0f9AWzv2Tmut9ru1PPie1COQ/edXuv33bJmQUbgAzTA8T6tIIzp6jgbpDAuy6jW5RViG6jsth+KyRTZ7K4B7PSiMIPxlb6zJeAYXa5gPW/TVtscI2PH+ZOhJJvsephvrdwGJJsUFr5Y1nINPlUm19GpLAwlSN2E0ZZ3V+ODOfOtubyvqfP1EeH9W/WY8iSj8vvVaN+Df5LNl+Jq73ypWBl7zgS9cw6tVvTMAud5HPa7LOsBDJ1kbbjDujqNdZX4vHPaYCg==
0urty5G9VM7ynj6D0f9AWzv2Tmut9ru1PPie1COQ/eci3hmQczTBf4PRztrUm4JY1AtlcZEzTINMvin0kg5C2CcuTgf4Xyv/h85uB1dhKEZXPRx+m58JIucM01CD8NxKKXSkYx9VBJYcSzpoUnz1Dc1auivf8MRf13rOMtlgBpcz6IpNFDeXrtcAwrKIMat2
0urty5G9VM7ynj6D0f9AW2ARgKIl6Pw9dwjRI90CveNfNb6R6JQFIz8b3sseAWEiPYc43AAjx+r/2U44quGe1vBQJfJNI/LynknC5p0nqdjYhHqJjlhKlKTb2mj5i+2FL+obZrFRMATieLDJIsAOZCErMtWvw86v3QE1SBIWaTKW6YaBEBVdy/IVPkLR0N49c49vLZFfCea756hPznFZyA==
0urty5G9VM7ynj6D0f9AW2ARgKIl6Pw9dwjRI90CveO0GJZSDRbOivBUJdwpGWgROomhXOSXfYGMA9tSMXJkaL6+ni9EOOufnA6ZOktVC3IhcCwalEcKqSKWc+5SE7YE7fMcafb7Pp3cVb7qX1P8OQ48KM+5Ty8sMJLp1EJUD1kE4HIAUzn4g4WoUIvIPAw98uMKY6KTRhbmVKgbeO77qMmbIytMV2DmAPG/7eu6PUw=
0urty5G9VM7ynj6D0f9AW3fHooJ6BxUc+hmDjrex5Q2Kh0IShA/9dV96vnNeV56QGCX2oHZk0A8DmYZEu7y58a9JIgZj7TrIf2O+rsQH11389ziXMJOCMwLZojToR0jTpYZpi7kAXjQQuW01w+W8mT9KQS1HfypBMwxdszIO6oXxEYWwqNq4miEOF0viqdqW
0urty5G9VM7ynj6D0f9AW3fHooJ6BxUc+hmDjrex5Q03aYLdf6+ZoMz7k8OW4xt8otDpxN8xdyM5TC4bQrLaJecFEh46kVoJsqTbNNFsFhFbmMMTIuA8Xkv8nAKRV+/soV3tSOV+e/NrIM/xYaTwgDzSzRvU15+Dl07WOgSn5FwkxPJM7hW8+yDM1O1EA8S7
0urty5G9VM7ynj6D0f9AW3fHooJ6BxUc+hmDjrex5Q2Kh0IShA/9dV96vnNeV56QGCX2oHZk0A8DmYZEu7y58ex3rFGYir1qvGhpPm1/S/FZI3YcOhF7BF3GtFfn9czsvmrctghIvC9FKG8gPo653UBvk9TgDQiDzOsutgtAE/EvVTN3eukfXsjVTKLsnhI0
0urty5G9VM7ynj6D0f9AW3fHooJ6BxUc+hmDjrex5Q2Kh0IShA/9dV96vnNeV56QGCX2oHZk0A8DmYZEu7y58bIilQp5AI9YnNBCdZ+1IMUYM2Wwdfde2C61aCMTmeCC0jkU+y/OWU+rCjJjvFHEXP1uGWhuQ5BvDbgd1OTf76U0cUs/eZ6TrE9JzJIPW2f/KI3ySmMWKsGuw2nO5KJUXwFRlLGJ4waA6EeazNzVinM=
0urty5G9VM7ynj6D0f9AWyleNl//MOP2mQKXuC29FNaQog/cmCymaJlMDQu7OCagnOxjLC/UDrWXjqIxdvvj6EXUNDxC1Uy8xV6kKe1dpSfnmTfBbQ7LQglU5fqNJhbYcOox7hvgbnnd3d31WgmUiYkNqa+hQtMEIOWXp1Dn/I8g9tPEuzxaYTPJi9P6/fUKaDxogMUzwixUhvYMQF+7w6nXSeKShFd+toYe5BIKv5bTLbJkbrbgSyDWV5xPSAH+UqRWqVBoGQHVzFHB+JoQs4qxPlV4pps/758jIgmNhXvRn3oOhsSDrGm/uBuSZmMOGXVzDARuFnGVoFBerZTPyQ==
0urty5G9VM7ynj6D0f9AWyleNl//MOP2mQKXuC29FNaQog/cmCymaJlMDQu7OCagnOxjLC/UDrWXjqIxdvvj6EXUNDxC1Uy8xV6kKe1dpSfnmTfBbQ7LQglU5fqNJhbYq46uCqkN4EYJUIWvS9Ooh9ML+yVLOQUHsGV74v5hcTWJTHIjz/fJK0bQiGWdc4NfQtOgiW3/ukgjTgggVylQlAIsuFNWvHCrKopUACDLdnVbp2RZSR3Kw7ApAQecBgNp/m+PFK+TycxVpawVbjNGEb2D8iW3l5YCdUenB/oHFvc=
0urty5G9VM7ynj6D0f9AWyleNl//MOP2mQKXuC29FNaQog/cmCymaJlMDQu7OCagnOxjLC/UDrWXjqIxdvvj6EXUNDxC1Uy8xV6kKe1dpSfnmTfBbQ7LQglU5fqNJhbYq46uCqkN4EYJUIWvS9Ooh4HAQSgoNDAccdCRCME5hpVv5vqeab70P8bMr+97Ww0wZNzLZhAvTi+i9wENUCKAkA==
0urty5G9VM7ynj6D0f9AW2mYR1q5oj7HmQmxv2VD6Il5NDDQtn8ooTql1BGV9jIXpZrfmXlaXmtyGAL9tsUT23K4wbSz7wFyCrGHfPylNmH5FeJiv5hrZEEvV60E9PPE5yI5GqdHXSB/1RD+pqwxQpvYc7Sfw52K9CNRgGowV/w=
0urty5G9VM7ynj6D0f9AW2mYR1q5oj7HmQmxv2VD6Il5NDDQtn8ooTql1BGV9jIXpZrfmXlaXmtyGAL9tsUT23K4wbSz7wFyCrGHfPylNmH5FeJiv5hrZEEvV60E9PPE5yI5GqdHXSB/1RD+pqwxQpvYc7Sfw52K9CNRgGowV/w=
0urty5G9VM7ynj6D0f9AW2mYR1q5oj7HmQmxv2VD6IlMQN9XGpGGPyUCHcr+vfhL9xvPc9YPbwrrbj4YAgLXbpWUPgxC3Y9PoaiJjzTVV3KLbfxzcH4tRy20xEoHXeEtIUAUgTjbUSr9JneGqGpDk6uuZk5BDeJbFs7+43Jl2ND0QTCLfWU9uDCzbBMs7lgo
0urty5G9VM7ynj6D0f9AW2mYR1q5oj7HmQmxv2VD6IlMQN9XGpGGPyUCHcr+vfhL9xvPc9YPbwrrbj4YAgLXbpWUPgxC3Y9PoaiJjzTVV3IAqO2adXy5ORznntuLOJwFSuQ0tdiilTx5+RsDdftjSgnTqzUvCZhWdWHDRhg2sfY=
0urty5G9VM7ynj6D0f9AW2mYR1q5oj7HmQmxv2VD6IlMQN9XGpGGPyUCHcr+vfhL9xvPc9YPbwrrbj4YAgLXbn/TJzzykymk/zAkHJMZF9ieWLlB8QLz8jgl1gCybXqznZpQBt1LupfKD+hTDxDDxpWfNhfS056oriT1KIpkD35gFApt5IUdR/XS0+oa6Y6Dsx6qljupm5LE2s0UZM5t1w==
0urty5G9VM7ynj6D0f9AWx/xTx/XSir7sXFuXw/F1OKP9AhLxDpr2OSPcHFfNcVEd3vESN9o4hgmyU21U9KXbj+/Jv/3bBoUn1bLlMlEg38vnl3vDZZ/kuQlnLjmHXn7Wwz62I6sKxPAury2uqbcH63HRUih7SP0KdPwYOeeCZ10rrq6z0BG5XE9cFGtm3YsKtTfNYyVUTkdOgJc3d9eP9S/AJD69FX3bpZ3qw1tARUuQ6/jH+H/kYMt6wuriwBfHnu6aG30N55ZcYZJlzPSeg==
0urty5G9VM7ynj6D0f9AWx/xTx/XSir7sXFuXw/F1OKP9AhLxDpr2OSPcHFfNcVEd3vESN9o4hgmyU21U9KXbhFtt1x6B1/pemXggSnaIQl9I3WOIXm6+JGO54+bV8NCS5sybx97OvgANRRXBbs+PLpMPgT/G8CWG7lGwktbH45J+z2/XgLRgwE49AZD7K1edIRfMG+ofjoCPzRvceOAgrGv1O3Bsy/lQs+TTUe/Kz0=
0urty5G9VM7ynj6D0f9AWx/xTx/XSir7sXFuXw/F1OKP9AhLxDpr2OSPcHFfNcVEd3vESN9o4hgmyU21U9KXbj+/Jv/3bBoUn1bLlMlEg38vnl3vDZZ/kuQlnLjmHXn7l5B5nDuTtP0eX8odedQwFP60fdSAwxLEWQXkFkT45m0=
0urty5G9VM7ynj6D0f9AW93bVrrMFQaOMTLFqPjErARaZ4MQJi4G06nVymzY6Ga3JQbObEqXRShx2ScpC6chKWZB/GyFEEbxMIq6FSTTTUg/r+9hlbNEx2JVfUwNKF4qnAAsk+jbawOUJMWwKW/aWUHSSj7k01jwZCobguLqQUxJZM/gNwhu25tLAEpU2Pp/
0urty5G9VM7ynj6D0f9AW93bVrrMFQaOMTLFqPjErARaZ4MQJi4G06nVymzY6Ga3JQbObEqXRShx2ScpC6chKYEF3HeYluuEXjjBsnCxDkwpwsYGIBCrFXGMq4q6BOD8ad8XPFVFEZKa7BW7yweZaOi70vtDzNhDNlvaQ5kJMHE=
0urty5G9VM7ynj6D0f9AW93bVrrMFQaOMTLFqPjErARaZ4MQJi4G06nVymzY6Ga3JQbObEqXRShx2ScpC6chKYEF3HeYluuEXjjBsnCxDkwpwsYGIBCrFXGMq4q6BOD8IKzsubGC+wXXQIp3iGunge1Ub4vHiQ8Zl2eBE3Uy8IRbZaGzei9LfmUgzQb2P4k6
0urty5G9VM7ynj6D0f9AWzn0cQ9e3amIAqEVUtccOe0Lpo3gD22M1WYplg7RcLxBLJ7SkE7/STMMBK4R185WUtuysIb4R7Z+zq7kuj8vidOUd8tth/rYEx/dTvs4e8dDp1YbTSkjaBbuzJTECuaY70+KgJaIhKVbDpkgPtcHBqqyQjjoSQYFJZPSF52uX5+ZWZs8cZjYlNYtJsZ5Sl83Ig==
0urty5G9VM7ynj6D0f9AWzUcvdXTcBzMBaY3SZbABdLKZLJfgMWGMtASCtTi71u8Sev/YPNakkyIqeeNywIgdGRayuMYprhregppuMD2PZpwE90xSuJmxKs26JSIe++1XtiYVe5kdbjbJo1X/HNshAhS77W2GZnUqE5BJIx7TicRrZv5BRxy6mdO0jFBRdWZFyrtO0tlpV3D/+MPLcbcpfQn8oaCe09yAlQFTVpSUOkfMfUoY85oFogYJwmNl/aO
0urty5G9VM7ynj6D0f9AWzUcvdXTcBzMBaY3SZbABdLKZLJfgMWGMtASCtTi71u8Sev/YPNakkyIqeeNywIgdGRayuMYprhregppuMD2PZpwE90xSuJmxKs26JSIe++1A+9uJ3KHnP+DjkzWgfmSCmqoVBv8tz37YMeT5QK8hs1DvQmEbLCuQ818VdM7M48ZHY5io+5UcGj2Q8mPccvDyRNHv6PR3d3wUodc8T+3p/M=
0urty5G9VM7ynj6D0f9AWzUcvdXTcBzMBaY3SZbABdLKZLJfgMWGMtASCtTi71u8Sev/YPNakkyIqeeNywIgdGRayuMYprhregppuMD2PZpwE90xSuJmxKs26JSIe++1A+9uJ3KHnP+DjkzWgfmSCn2M6of5EmmnsYNJiG53kYylHp/n7HVhZdDt1UdO4B+VihkegUjM0ruKSwHEJX+w2Q==
0urty5G9VM7ynj6D0f9AWzUcvdXTcBzMBaY3SZbABdLKZLJfgMWGMtASCtTi71u8Sev/YPNakkyIqeeNywIgdM3DBxnEmGh0DcjG8vUpdfUgx59sJZCPnqGZG1c+3T28zABX6J4x37aDvoes+T7vqB9fSQtpsqVwVIWzdFf+jw4=
0urty5G9VM7ynj6D0f9AWzvjyv8OHvbeDGZh7Fy6YefsDYE05cD/fEec1XEPtRwfw7yy0nbV0gXuaX+16CUqfpTol1xdAFKDIDJwN7g+MpirEUTuFt5YvsR+DUySfGngKsLjqPCrRpf7E3huv1JzDxd/5jG9qCo2SMebqZhgrbLdgwkYjzWScvRf8/E9Jic8ien3R76fIO44SP8xXuBlNQ==
0urty5G9VM7ynj6D0f9AWzvjyv8OHvbeDGZh7Fy6YefsDYE05cD/fEec1XEPtRwfw7yy0nbV0gXuaX+16CUqflZwCAp7NB0XGOdOlOIWBxn27ynFxrWz0o78rm+ZnE442dgeUa5BEUYab01SMp3foq6hyMyJVC6Mkoc9g3CLMOQmIw0JSSf3PNniVPSpwRdy
0urty5G9VM7ynj6D0f9AWzvjyv8OHvbeDGZh7Fy6YefsDYE05cD/fEec1XEPtRwfw7yy0nbV0gXuaX+16CUqflZwCAp7NB0XGOdOlOIWBxn27ynFxrWz0o78rm+ZnE442KtOw4MdgdrPJEwjied3v7i2DKeL9YEvctzB3LSCZ7s9zN7J7A2tANWk0cRVL9qKmwyzx29kxItR7WGQ3fLM3WlUpR0IPTt54k2aclyG4+b+eZj7h6GoLAmqQ2y4sy3s
0urty5G9VM7ynj6D0f9AW/CREsUft592HO6gA7Ps1NlaEANqG8gDTzM5M+sYfRNlefk+EPSLEmQRcTRpo2sdCINA0Xv0Z1IP8mL3qe7YMgzgTA0+gNCz1+fPfXD5DUWr2ESvVm9aTaW5s1iLFLM66T/4neNzzD25ButZRAlfJpI=
0urty5G9VM7ynj6D0f9AW/CREsUft592HO6gA7Ps1NlaEANqG8gDTzM5M+sYfRNlefk+EPSLEmQRcTRpo2sdCCjGHSIANUnd6woDMU0T2efmWmGajNDDLdyDFmQxLPeVqN/rLZfD1HRNEQyi4apgR7OSI2cft8QB7i7inwqvkFHHQFHNSmSqUTtWs6icRz21F/rIwYP8yxdiRX5jABkED4iOmzqluetMdd8GsEdoeovimYGUZDEGd5tayjKzQfpKOPoiwavwzOA+gI0vqXZ6pA==
0urty5G9VM7ynj6D0f9AW6HiDiv7zKnOENnqqh/x11qVmjELgRzSaGYFxZyDziXWWVgs8m7sUioNdUesS+CaOKI7kMxv2Ft0gKW40hxYg1M=
0urty5G9VM7ynj6D0f9AW2tUxrWACzOPuf2xjtpm1juJB3XGMdzBzJwPHWE+6UoHsmjTE0FwXAMkyu8cwHVn/7Eo249GY4vUlplKNJbcdmT5xJJyJJslx8B7e0g9ZkQu0nud+eASB/sXMcvgmKP+TvKfppP2ObAl+LJ9HjjmHpn0CiYuVeDo/DcDDRQFE0oP
0urty5G9VM7ynj6D0f9AW02OJrWusIUFIKTxuV7f8yR2gP02DKCb+i1P+CBzBMHanSdaJ0HBx819By/QXZMYeVifQhy6qCsXMbZgfcVWkCDBy/GcuTri8YNGnFuYS0vzWttv9q5CBkxoO1v+NJ7VdA==
0urty5G9VM7ynj6D0f9AW02OJrWusIUFIKTxuV7f8yR2gP02DKCb+i1P+CBzBMHanSdaJ0HBx819By/QXZMYeZwQNMjeaf0o2fOqStum9jmweKkASf03imqcgEiAt5ahpU/1r/u/8W2ZBIWaDECMrg==
0urty5G9VM7ynj6D0f9AWxyrxHbNhTuSgKBBm51RBuqtvADwFzz8Udx3HjU6i3FEPuDuy0amY4Ka7sQCwR/8tO9kSsVrcK/f9wblqxwZsbV+KEU2FWGWc9LW7Cw/VHEg+TjqVSRiVHrlCesgj4JAIw==
0urty5G9VM7ynj6D0f9AWxyrxHbNhTuSgKBBm51RBuqtvADwFzz8Udx3HjU6i3FEPuDuy0amY4Ka7sQCwR/8tE6YQRHQn2FNowmc4SlqFdJk9Md0BaI8Xy0od/nalv317M4tjIZKE0TIdjx+kUDFbw==
0urty5G9VM7ynj6D0f9AW//BNFcX7po/GmLFoW2mIfqUmeSh3XSZ638+/128+r3B+3CMckvvKLfBPJC8HNnEOh40IO5OjtJvRWw10hXSXGI=
0urty5G9VM7ynj6D0f9AW8yF9hdh95ojeDXR66CVrMRc3aMAbPTwABTuZDKkpGIm1PQoz3WgQ/reAnMGlGiJJApu/YN1s/28L+R4cyhjlRH/MThipnKrd0QIAykbnIqbaAhqs4WjzaStGl9OwYzhPg==
0urty5G9VM7ynj6D0f9AW5ZE57l1sHXs0rBy6H+Do37bOo64wCBIp8BBaPNsjT77n6AkdNVnsy93QaeJl049tEEuSHQVQVUAh7/qvkdWS2o2szArpSEs5+MfE/S8AOQz03t7PRQj1y+8E9SUI/LyZjDvCyAeWjAQsTxai0uEpeJlC8ND+cXM+bcrhmHvWpKl
0urty5G9VM7ynj6D0f9AW+c6HU4j4jTzdyvGbyN+JVDSWAEsq4avIXohJh4r0BLsxEhalIvoWXphsIcDOqB7jHgysd8DvZH6QXwjnmBb1oag/DivKUE9oDFGyjkcRa9BAVnO0NLgwy0bsXTFHXwWZKNMXWoqz//mEdbQSKnZS3X2Rg6ItCcpYdAzXQOcZYHR1O1ubqgz3p2DrMgGA4kBR6f8H3rOvh1BXIOY9HHevq0IMw758daS+Qf6au9whIR0oCEK7WkAn/x1y3u1jkcn5//w0jebztjElhet+MJQohQnaGU4JU1UEDgVGKB/kQBqu0WEskubsTB7Q6S9pmN100YGJbHPQbRUmDN5dXPR9lIvUh1pHmO5Yl7kS07hfLtvcRUNBLWxaXOsAtDNX+ljwZx4htWLaNKjH6k4THrr09w+vDyJR5qaPQQzWaQHn7SvuzBdf28vEweMUCxN7stnya/cd+xSx85lLVcbtGuoHLTzIv5AM3ZVMdjVoM7TtGuyCrwujck5xlMGNY4Yixjfaw==
0urty5G9VM7ynj6D0f9AW+c6HU4j4jTzdyvGbyN+JVDSWAEsq4avIXohJh4r0BLsxEhalIvoWXphsIcDOqB7jDHl2oH8Btezh65IF21t2Eo95TSXOPwcnGf/CHANFMI4WPuNNu1H1fRP5hHBmqlchYtCO4rK0rnOgLMvOtUYESkwbupXcNkwZ9zNuzqLBvvHGJQZ1hk/3yY4lX0M3I0e9YC9f4WleryGw8k1YDjBAlU=
0urty5G9VM7ynj6D0f9AW+c6HU4j4jTzdyvGbyN+JVDSWAEsq4avIXohJh4r0BLsSsm91zh/Ke8GbMngkXWUf9U7lqH2ZBRzl4xC8yjORlvDYVubPFbSW8aWA/7ub5f/DLqHhu42VpUBPeDhwYihcrVlsBFL/ip0o+x+D2lU3u4Jtn+wVBteSWbxJmXEtI/F
0urty5G9VM7ynj6D0f9AW+c6HU4j4jTzdyvGbyN+JVDSWAEsq4avIXohJh4r0BLsxEhalIvoWXphsIcDOqB7jDHl2oH8Btezh65IF21t2EoPajtLYe1mrHkVnXOmv8ieUv89WDs8VSTl4+UB3ety71S3ExorvO6slWZIW9RdNik1MvaEnj5TfOyG4lPhoysMw+Ry6YdfxhZGXkhNeh3m399AOf1CocT+9d7TJG5+Npw=
0urty5G9VM7ynj6D0f9AW1fx8m7+kw1syfN9df1Q3jM7s7V31lKQC8WZD1kuRxtVyq5dqF3xPywjVFHUarU1zLxj2B6DiL8jTGF5CXQqBrccLFhx+m1gkOR0sIfer9SDg98ZeMYvtoxXIoXBYrHuqrjCtK6xhzpZug0uOSOwVRI=
0urty5G9VM7ynj6D0f9AW9ed59mewn6xLt1OAlq2AKr7hwWYWvKHDIwqOS9mspirpw8jeTk6oOHDPpLOHjl9nTWuw/n//fAxr/mp7NJZwuBYCAEO5SvWsK1rXeRFNopYby8MvQPrA5FwjuXdi/HE0FOKcaoNpjyh95uc7kOKAdDtPvfOHRIfkfVQbHDqInsrc+ml9lMyb+Ttk9sgxhEtXq3DiDgvtdcnteIaRhPH+FFewoa0DsLUEWGGQ5eW+wxJOZIgYhynTjtBKoe8+HPmCA==
0urty5G9VM7ynj6D0f9AW9LPQrEpNPlz2dtrBGH/kpOX/ycdpX22koRfrG7i+povXJi3rJbsW8A/ErvZvwHlOJ2aYOS6T2IiJkEGT/+KpeLtfU5bmyvw6KnIhLsn1GuUHST3bbNaGTnrBHyO5yIY/aCMN0RHtKVhecGBmjUoqFkxvLfaVAMy07y5udvtXfvs
0urty5G9VM7ynj6D0f9AW9LPQrEpNPlz2dtrBGH/kpNNiQV3wWXF/6pGgffzJgMONPdNAmYPN/+lCCt3vh9XNeyZ5d6RzBw2nIGgRZvwg3X6Cds2LnwO2Zx6Yj+1ugZJeQWfT5jdjz7IXYCosZxhhi6gVs+MbVbsAuy8oNWAuPuPcr9vlyBnT+9frlGFMgjP
0urty5G9VM7ynj6D0f9AW9LPQrEpNPlz2dtrBGH/kpNknRgRkXVSeCO/eqYl3lZYlPUC3wtz1eigp+kyoZFLC0ewF7ffPKOHlSOzZMvh3Ir/UnDVJySuWG3zzPOmfucA/aiTynCAXhWucE4DZKGs2Ll7HEjNd02I5Hi4p/Ko+IJ+3HKtzMsuasqGH3HccAb+7W+5IO/V2YbTUhryOGi8ZA==
0urty5G9VM7ynj6D0f9AWxlDrxYUBwJjBxBEFovcMc5CW/SeDLjPzPdwHwIuVuKkAiniTJZbwsig9DXJSzrUL9tjt9X5AEVLxJ3+ouBtc6EDFANfkhV3CBpdvgNUY47jKh7nVwD/+o+jE3VHd9D9hf2Eb3HJayS4WzwIBOf6DCQMixWxLQhFqOLvpNM58eXD
0urty5G9VM7ynj6D0f9AWxlDrxYUBwJjBxBEFovcMc5CW/SeDLjPzPdwHwIuVuKkAiniTJZbwsig9DXJSzrULwEvse1OsLGAggNuJVDGjuBxr4I130o4Sy9XUOWvF8fCc41zsCXVae0dMXXi7Tp4GIz3E6blnMvr/hfRG5/U7A4OrS+i6AoS4czjXPrhGvoI
0urty5G9VM7ynj6D0f9AWxlDrxYUBwJjBxBEFovcMc5CW/SeDLjPzPdwHwIuVuKkAiniTJZbwsig9DXJSzrUL3R8nARUHz0r6IKMEcE46q4kvwJBX9K9iGg9/1YUtm+hdno/6BALQiuYdXjQazUejuJ0utR7Y6cyQ2eOirxrkWoQqwYf6CpWwQLxXC1czGSjW/brUf7XiX+cKW/YwyjqL295wbVfgX9bBB5a2ZYloNg=
0urty5G9VM7ynj6D0f9AW1sBckmuMclg3WjiUXpa/b8dA4JD+v7YwQeKBXFrfjM7Zr8/YwEYz1m2l2VucVngHsJKPFoD9I630LWLSgsrHIlFrVCQgEwk+9EV0AbuRs3QC3zV0HuvFLYR9BvS0HhaZwTI6MzuuwgIWo7iHBfQx+w=
0urty5G9VM7ynj6D0f9AW94J1GYtO9tivvOre5N8yIA9sXOmIYDdHi3rUty73WNPc4bOnDgLjh3Ho5E66cqYXsmT0Un1nREyvtNsBJNpzlcdXHoPNO2aPJgxKUVoYCnCXxiWbdlmgnh4CmfAymziavUgSHWDcLzELGdSd8r46NE=
0urty5G9VM7ynj6D0f9AW/Y6EY8apeXVJ8Q71Zq1u47wS8kuq0AU0pxslI2SuNTLZGksotud4cyt49tVZP8gDH3t+i1fXOn0rrMz6rX2hlnoYIwwGSVfnE3yhGpKsPtxmCnNB84WbeumcSTiIs1SBOrNRygaRtCeErI7E6FnewKdtpO14C+UVk7w4YclSzrYOnzRt/EwJWuR7+2x6neUr500WildnxtXpr5fnxOZiHw=
0urty5G9VM7ynj6D0f9AW3Dkj3wSA3mzxYwtkAuQuNip+Am+Uw7QMd6KMzA6YDwZHViJ41EZujIcxD+Vp1ZCQ5j0QCIKPUIInSebMI13zEmHWKVrvzSEh4zeVfBCM0xzjEgxHKDTxEIvT2rrZ6IDjctJPD9qzwNJpoy0CEbpJ3Sbz5sU0rUTdBQYCz0xZpfduLdZug5gdRw94BdwBsZ4upMnrmbfykBwiMxCoFDu6wX59Tb9gv8i5DqY+9IEkhI3YwTHyMjmyn9QJmclIUAX0Q==
0urty5G9VM7ynj6D0f9AW3Dkj3wSA3mzxYwtkAuQuNip+Am+Uw7QMd6KMzA6YDwZHViJ41EZujIcxD+Vp1ZCQysuXhGGIiGBbEqsWVOX0jSIVC+4b1r9mx81WB+/JubIwOLjecBKDsH1tO8ce/uQxjbLSsHDc4IR25n1/g3M2hKUd8GrPzRLrpxa6Y+fMv27QdNYP6z7bsVU9VI1L89A4z0/4CoIwppfIVsCHEbI48E=
0urty5G9VM7ynj6D0f9AW3Dkj3wSA3mzxYwtkAuQuNip+Am+Uw7QMd6KMzA6YDwZHViJ41EZujIcxD+Vp1ZCQ5j0QCIKPUIInSebMI13zEmHWKVrvzSEh4zeVfBCM0xzygXyGvEmX7iAiQa5QZEvhLxhCUK2rQhWJb3QkJywgi4=
0urty5G9VM7ynj6D0f9AW8X0WwcmZLhXEROoBvtzBmmDQs25o2b/b9jspLx+P2CvBXQINm8LSSRJBWjpnlvaSzmB432uA+7CsrY4K4cavPcBYDBXs5kU25/OaSHoX7z2h34ZBcBIekqXQD4DAhERrbTPeXNK1924+K9UFkGvZydYos0p84fHsPHQdo8uH3MzhQLxCXN0gP9/yQ2qfjSv/lojMeV43R4cletA5rqNd+zUQOQ3yER2cPz0o2pB/hlIGQIDja9jKoQOFYEfibQifPUcSxf2P1hmp320AE3BqXi9bW372n1Ni0YQS63/KZxleDwq0TYJ5YftllyDM5qMVQ==
0urty5G9VM7ynj6D0f9AW8X0WwcmZLhXEROoBvtzBmmDQs25o2b/b9jspLx+P2CvBXQINm8LSSRJBWjpnlvaSzmB432uA+7CsrY4K4cavPcBYDBXs5kU25/OaSHoX7z2TLX8PggR8K1WaJ7nSOxdc1dfXXfCN65yPwc8gDOckVPbgVQv5i8qcri8UK/4jTdV1cTF+Qszq08Ks5FdTiTTch9AVWoyI0+Xr6QkmZN9gRpHsWTUaB7LQbWRz4EzI3oX+eXiLP3ifvQ0MBBjD3p0Rgx1Jsbq9vMsDcr5bj9mlvY=
0urty5G9VM7ynj6D0f9AW8X0WwcmZLhXEROoBvtzBmmDQs25o2b/b9jspLx+P2CvBXQINm8LSSRJBWjpnlvaSzmB432uA+7CsrY4K4cavPcBYDBXs5kU25/OaSHoX7z2TLX8PggR8K1WaJ7nSOxdc7QgypzXM/uyY5xbw13y2K2AFGYwvd3CnLiY4c5pwsUB4l+lBiOMFI2CCN8RgP9Bzg==
0urty5G9VM7ynj6D0f9AW8X0WwcmZLhXEROoBvtzBmmGvY4F+POh+jGQevfgyn+IVOzz6E/z49Ls9CfSV8xqJZHtEVkdc2k9wF4i+RJd/X5j9dPOWuUIF/j+JYj6yqow5tehlY+n+hLZHj8oIlMMdiRONlnCjthFbEnLD2/eT+LxSe7ydWaSke7fb15H1j1k
0urty5G9VM7ynj6D0f9AW8X0WwcmZLhXEROoBvtzBmmGvY4F+POh+jGQevfgyn+IVOzz6E/z49Ls9CfSV8xqJcqpSSPZ2dafm4PrnyRmxPhkK1AQ8Qo9NnhFGwyVez29p7pkOy0V/mKoEZa6gODHNYcq7eyGjbs1Sx6wsDeQzhI=
0urty5G9VM7ynj6D0f9AW8X0WwcmZLhXEROoBvtzBmmGvY4F+POh+jGQevfgyn+IVOzz6E/z49Ls9CfSV8xqJcqpSSPZ2dafm4PrnyRmxPhkK1AQ8Qo9NnhFGwyVez29gGqExhd0q5BQFM2LuEEbSn6k4awtLwBTbG/X8ICyUHStjxzWAG1pL0j4+BhoA0N8
0urty5G9VM7ynj6D0f9AW229owvVcgB5VMrtyGLYXuN62iVYmEcey9ApU/lsmfrLI1YaphQc/8hLpymmLioe+XAd9X/aALcWxt85YBHEYEMtXu6sGwPZLIGtjbkh1lPYHnXbY5xeJyYGEN40C6k/z0GSPN5U3Qp2Y8lm+inNbBusaB/TsxL7HR8EyKnV701P6JMikl7yC+cPOCNiTNUmeg==
0urty5G9VM7ynj6D0f9AW8X0WwcmZLhXEROoBvtzBmmDQs25o2b/b9jspLx+P2CvBXQINm8LSSRJBWjpnlvaS8p5vC5NN2bng+AxLPUh/JkhR40b1FOmnmypkcEediF2nLX0+25/1Ggh3ALXVXBFJfWFj9TThNnEsq+pq9idotbWiYMszXaQJxsKfSnECUPx
0urty5G9VM7ynj6D0f9AW2211sDIBdupXtr6LL36i4VLD8lcbumWlBus/L7wMzGQ4KRP1dz4RpeOTedh9Xh+9TZzmkbsPbfKxkcnYwQZGZ48vL/dIAOvuZAa8i66v0ajVPys9h7RULySAvhAmF4lHRQl+QfifPv7qUaO5OzCum4=
0urty5G9VM7ynj6D0f9AW2211sDIBdupXtr6LL36i4VLD8lcbumWlBus/L7wMzGQ4KRP1dz4RpeOTedh9Xh+9ckuOxreKW5FAkvKN9n1LKtKLiak6Eu9yHgAhT0QtTR/Y4RiEne7Md6cP8FP47aQod5i5gX2Rqxet7/zIgefHuiFEr0cjrM0cwV+GmFjEONg12VW6b6h1oKgd6dc3/hv3g==
0urty5G9VM7ynj6D0f9AW6UucrpSDqQmwYLwuu9Jnh5XByh/GHQuoTDCvN0jS8EBHr3jB3kNsefvejbhN6OM+QWI+YV2fHxSEI9FasTDvog=
0urty5G9VM7ynj6D0f9AWwYrdx3omBa3vJ6vaumNAa4NZ5b9yARXRf5Mls0xnmFS+gmjTeEmn8ArOOlo8Xav4GbMHNLgaMUSa+kivZOpIdy1uh2bWTMP02b6wEDgVNS9gobAh/7K2yldUySVI08tzd/KX/tLSgF6QPDD1myJbR3f4Z7KFJKHvXmCz/pniS79
0urty5G9VM7ynj6D0f9AW2jTkChSsh6Y9JXcGJx8ruUvI+pXaTXvTI4JLbkB8xP1WTt0tS0Wcxd5LY3mJ+5RPIkYC4qVnTLtI2m08sXSqR8GrhDYXujBjWCZk9KbnQmweUlHo55v2iWx+dX733lv2tFw5sQanDlE9lEraIhqqux2T4pHkAUuyOrcsz4J6URmff6WCm62wf7yMSOwxH0YHijnirXmOGziYWohSa3vZgQsfLTFV4jfxuSHB7Yv9j77
0urty5G9VM7ynj6D0f9AW2jTkChSsh6Y9JXcGJx8ruUvI+pXaTXvTI4JLbkB8xP1WTt0tS0Wcxd5LY3mJ+5RPIkYC4qVnTLtI2m08sXSqR8GrhDYXujBjWCZk9KbnQmwnLEF8N737aj4sMys1X7E1gMP+ZNSMy3K3mepYbAV3vlYzKZrTQMaGOAJDMxLkJu+Td20bg6cqmCbJlHcSnMlqGljvIwdz7fhUtTTze2ezqo=
0urty5G9VM7ynj6D0f9AW2jTkChSsh6Y9JXcGJx8ruUvI+pXaTXvTI4JLbkB8xP1WTt0tS0Wcxd5LY3mJ+5RPIkYC4qVnTLtI2m08sXSqR8GrhDYXujBjWCZk9KbnQmwnLEF8N737aj4sMys1X7E1ntSgi4QmEH3gSbouGV4maBsXTq/Sc7KIo/wZsYz9q7LkF5j58boPSqzRLT134bmIg==
0urty5G9VM7ynj6D0f9AW2jTkChSsh6Y9JXcGJx8ruUvI+pXaTXvTI4JLbkB8xP1WTt0tS0Wcxd5LY3mJ+5RPItqFy4Y274Y3AW/+c5klWyox0HOlvFuAWWYsKFi2EgcWP1Dm+hbscnf+sD/MdvDrcAdjRpPsp0GyU2uHlKcja4=
0urty5G9VM7ynj6D0f9AW2jTkChSsh6Y9JXcGJx8ruUvI+pXaTXvTI4JLbkB8xP1WTt0tS0Wcxd5LY3mJ+5RPJLpKmRY9XrXsUnCl0dNO5Tfk+K9KzwlrrdZ2MqGPFGfQRL9rSCIGER3FuE7t4rVwFa9Ed1BV9gzSxDSQf5FTu8ZDvg7DjhGIsQwmR7Q4XzobdJuOcF4jWZJnB6Tgxk8fQ==
0urty5G9VM7ynj6D0f9AW5CTEO3vvsEcFJ93LBYTS2iUxd+5pFtNsY6nPuYrepUWfGzsaM+vELw9SeNy1js0MLHbvtj8GGFUlxb3nFLG+ESqDHkbYsnPak8H9KU8IcofWxJYCXudJgs/1CG4KBKPzDegUvTRDpMFWbSNG8KnTo2UEH8e0mZfZYcS5j7dSD0W
0urty5G9VM7ynj6D0f9AW5CTEO3vvsEcFJ93LBYTS2iUxd+5pFtNsY6nPuYrepUWfGzsaM+vELw9SeNy1js0MLHbvtj8GGFUlxb3nFLG+ESqDHkbYsnPak8H9KU8IcoftaZJKqbjvKhMY9UD+2q8OaoI5Qoyj6L/71jif2OsMyQU0+3RGsxzIwU/KASft8V1hBc8mj60kIl0fp751g3p9LNW+OBUsYGy6tRkMBCOMNksaE07CukTYbpQ8J4S328n
0urty5G9VM7ynj6D0f9AW2m3ON1wjhGeNnOuSrmZL12iK8EgpWcgVTMGhMIDgGJd3keUm1HXmdpJKbp+2APwGcbhVvV18wuA5DR1IPbSyKcCmi/yJk2NMxA71OwfaaujPHEE+OdXfW1FeC2MmFyaVfpFDRaPFk6iFXvweXi/mcU=
0urty5G9VM7ynj6D0f9AW2m3ON1wjhGeNnOuSrmZL12iK8EgpWcgVTMGhMIDgGJd3keUm1HXmdpJKbp+2APwGdYu3+06sf1ZTrDBBlRQQgKo8mwW5IFJKVfVw3Q9JnBjLtZdRRV8/wpNNlRqNyZvR0v9iRLMfeOPDmiG632wVBTmGTVC7xZzFSMJznsS0K0gWYAkwjnablDPKhVI1CXiY0P4CTsOk/WvsGm17X3msMqzzLWUKC1ZHMxGoM2JXKk6NQZTKGOniDTrdlJXGlHUrQ==
0urty5G9VM7ynj6D0f9AWzpy4uLOcI39gOiYUmI0ucFd5BqHw4TL9uqyjMxcwve4Ih936bCz2okEyb2mf49n5ExmEiqym/d2WCDMP6m13Fhzt2egEWBjBrx44EDUCvDGL3cl6FS+brvpiv/M4TDmtg==
0urty5G9VM7ynj6D0f9AWzpy4uLOcI39gOiYUmI0ucFd5BqHw4TL9uqyjMxcwve4Ih936bCz2okEyb2mf49n5Ci5yuyyvb90gOYu4e8liyOyfLn4p5948tozfeBLLIiaqUtZip8lJ7oCQmS9UX/4Ww==
0urty5G9VM7ynj6D0f9AW3lVWNfOkwT7c336Ee3lUAyqHqpubbmGLusfWFYIaV60rgLr8+yBoXeKF7LpLxR1xGHSlq96N+BeyL43Hah3aXtkCEkLPDhGFaKRJCICa7DGzVXiFxVbFYJHFVhs9M85HQ==
0urty5G9VM7ynj6D0f9AW6UnVchU0fptbC8bm3hJu8I1rNGQrcUT1zpIumaZtkcaXLBFWkikWiNNjXrm0IsyCMmlVjcnVIAbgkX+MjjX633X/HIIX9gRbvj+DIdmpc9mvwcm7W8kW/ZQswoAZ9+h3Q==
