GmcONIA9PFzHw1gpPLLPoqev3ytAH5KO3S/CJpMsylg=
35kyjVfwBJgytCi6KM5Vug==
FNt9orFfFSbPIXNSbXcP2Q==
gE2g7VQeqq0h5MkG44fPUw==
A4ZCFW7RnVRfEnbtNxUDb8VFIQmzxcIFLuiIjRY2q84=
cwgQW1UgxyVfBeSrdwXHsPE1eoSAri+NViVSjTYe4hg=
pYn3RyiaY4vz2unSybTHuw==
mAzeFbkWBGyzJRgEWJSZYQNn44wFaguEUnqkvHVinQw=
NiGef/LGs6v8Em6sqLz1GYGKB0111uCW/TAqgkiW0+w=
2lfNnhNY+w/3xMaMUxJbE0YFT/wvMlSDz8Vrd5FEs18=
GdSydx7L9NKnzPngF2KabNGaTAhPXkh6A1cu++BIikDXo3yU2/orOq/IubEG8CFKVlubPZ/gZ1COzCAfD5F5P5HA8GriwhOaMa2iZbgWXGhmTuGnIZdzeHQskoBBEweZXvw7QFpQV8L1k9W6ObuKrg==
GdSydx7L9NKnzPngF2KabIm+mLAcaYCetHS969FPeBpX3cLs1sGqJsauJ471imwTWg1+BO9k1fUq4reMaa8/4qxglV28YSNWRrXjd3bygyM=
GdSydx7L9NKnzPngF2KabEBvicx0IokYhq+TOSmUcAmVAxyHDR6++H3GQKoOG9ddR97jYak/csF+y+18VX2GQKabybO61FdRZdPc5rCYeRlZB+6eu7oyjFwjg+PDnfM4PzdyePzwYefczY2CCgAdUQ==
GdSydx7L9NKnzPngF2KabD7BGXw0cMhiEJhJrO7eZQywwrcqY771znRSjRD8rMSOYqDLca4MUgYNnT9flPoqniN3IKfaJufj4buMvIF4sphRLFDsQm9b6KAdKiVMPg//+UsYRniA9iHgEfF2G0UFDg==
GdSydx7L9NKnzPngF2KabNEft11PyeWl7oqXf9uazugmO4X9FOhDBh02nftHWREbxYYFFoC6KbLOJAIETbvEKAvungtlPoHyG1ZYF8S13d4=
GdSydx7L9NKnzPngF2KabH8f121ovl4NjEst3dEjqm25Mnr2g2H45wIFd8qrrFkAJDgVYXK1M9HGUXO4+I852NkFxGFzM5xsIV4aUKjAzlOrparbMcH8IxZWkYE5A+SuwPBbH1H02w+li8LfOeS/pg==
GdSydx7L9NKnzPngF2KabFv4uSpJNV271ot3yZW/TzCq51MBtUqcF5mzM32yeBe/4VzHt9Kf/3ID1ScqD4YzgWHbImwFls20E3JcyBErrng26BGbqM1hFOpJR8YfsY0hPIAiJpAanBnyO0AM+WWA0A==
GdSydx7L9NKnzPngF2KabILGr+yVOW4vLkikjtjShcfdg1R572SKsmlPS+SqiFYDrOkpYBLJ4gVAaMbiOfcXpmfk5tH33s/ivnU57llczxM=
GdSydx7L9NKnzPngF2KabM6QMli4PD4UlF1IDeyrztEq1lNVKORw91g8/wjTtW3S9S1OuII+aFgEzU9VbuZ/Jp7IuGTCBIkRa9zT0DuO2HjqVKAwsLMJnWXoVzZd2Wz0NdrgrerZTskG2yabNBhSUw==
GdSydx7L9NKnzPngF2KabCIq2e6KuTDC8mbkKF0Xz6Dc47iYJaXSFBUbiponkTqI11BaT95re+9SzReA/TmFoXVS3prk7rxa3gsjt9186VmGTS4W2WtKEAljuroTu7N/MnntcHXF8EwPZpi8nUwXTA==
GdSydx7L9NKnzPngF2KabD8pi6sZcXmY0xfdPZrWFxZhKUIiDXgV/jWLXWAMLM4iEX/wmo6WVirslfWMVZ48iaw6dqnijU0Lt1D4+Fw1hUA=
GdSydx7L9NKnzPngF2KabGeafR3UIoAE020SXQP3Qd8m+eLKrmcuXpcI55oI5HlSkNMdM/bT8CDoOSo8hjPtSaLpQoIPclhJkCNs5hnJRZE3WCkWthfaxf1Wnu5PmDQXTuRoGi2vogsJzQJvh3vYlw==
GdSydx7L9NKnzPngF2KabD2iTof15A+qcDWYBGT1mo3K4LvPG5obrkE5z2t4KdeltvhE521+GxanQDr/hT/iokttL1e5uiyAVh4LC0rSeROIhLHRNWkpN0S2Mn96tBlJ92sCOrcSUYHjvQAGcn96dQ==
GdSydx7L9NKnzPngF2KabD2iTof15A+qcDWYBGT1mo0RJvWiNy2e6Ue+953VsqH6rn1M3bujtOPC/VyUgNLTVioRv/NYHykqENEHE+UNu5a0X9eK7aS/goZGFjtgkrhCRnVTdMjhphHUrhoAAyMxNA==
GdSydx7L9NKnzPngF2KabC5wEgxISPzigWJkyiOQgnNGJFv7Zj/wVxf7Hxk2B/2TfKybJybBkqKW0TmrdI9eVqgZvflsjvz7FAiIpt4UHKg5cNakWAIKkrMAessm/te3CjYpOsxeXX3YQi/96iVaaCbtkxtkMjiX2oA+qLC7KsenKoPR4t1sTg3QIX0Ea7Ke
GdSydx7L9NKnzPngF2KabGJ3T3IIvQk6CNCeOnrE/X+he11OOoVgoJU5UVure6bTBC9H1bPr7ZxriJG/WMsHg+O6Ch0i11VLzCx3gG0ZTAYOxDALQ3xf1b73WP417cSC
GdSydx7L9NKnzPngF2KabD66zHEHtFvTB65xjyZd+356UmdDOqV006OuC4P0E/KWKPnuzYUsiuIsCU7FHrqTh2xJAnSzthmvWnZDzDLscYM=
GdSydx7L9NKnzPngF2KabPT8SyicYwkeudui1bH/pib/+wJNrNASqGk1IiZbpU6ZabC+ptRnD6+XeupcHQH7QjFW8U9pE/zMRPoX2/+gDMKYyjcQnbvAHGxA3LuOTY1c+ez5i8Rb6avGYzUe/+c93w==
GdSydx7L9NKnzPngF2KabB5upi5wsRQCXiBAB6sWZHcyB41vk5rPOrglkcJoeJUY6NejUpXEsozCmwo5IpYQnFEY9rD49bq8ATc2Jy3OjuI1e5icTeGY6sTInPY3U/5kWpD+vjYMvUYewWYhfi8M1/A11K3khTYeaopP4zETCsm/V3LICG1Lysjasn7x4hWt
GdSydx7L9NKnzPngF2KabD+bhukf+BdbbEXcoHenfs+o4uKBZp5IRtpaTyvgDob8G43vXI4HvgyLWhFhqxqz5UY8RHQ5LttYQ1YYjRonyN+106h+TEejHCDWWzTgoCHb
GdSydx7L9NKnzPngF2KabAel6NS26/eVn5z1RRAM+JS9cGXFgiSsbS3M2mJVVG024j97HA4WeUlm+dNxotpvKxByhlhQUdsovEpeOh+Mlq4=
GdSydx7L9NKnzPngF2KabDSqCizT8LImveA2LVO4mMzM4v6ub47hXz3d0OQSpPC3nLSVt//ZrPxoeBZnuTAIrN35sfYFmvF+sXR4jHEvC2Tfm3raJ2IY9i+uya+CLQz4z3cxklNm+QKfIQZ8D40O8jJzfiGNJQRHtqMtNC/VUGjlkk61iUnbooWJbzvAgm8DSWOHBLygZOs4pkAiO9i5wira4LvoIwXjdbfy/xYlZP6u1xZcf5o7pidXUp3+HLoEheDt0+HH1ZQ+JO8844nSIumZmd8w2TAR+s6wDwQN2BaweiD38rY/+eOYkU1eKyiooSPoKVzR8O8pNiMtvD6tOOSiWwX/BzC00X4MYkvzjYIUk60y5lgJZub6xFSb5zU4+PwM+igD4Unx2ved70YscHNBlUfF60/t1Rtcq6MWDT97v1XsJhAng8Y7OM0rpR734/VCQaAMAstBXuvx4HZGI5r0FVXkRVaJULOWi/1XAU012m+1bbfC6dxWzy8RMm8o
GdSydx7L9NKnzPngF2KabAh5lXz+PIeQlBnWBbopQINH4bjhfowobo/7Z64AQys/EPmIl1LZeHijBLhSqoKpdsDw8cfsSr00jSkxNtzREfKaGokK2PMluneAv3wkoVdHTY1DDLHJyKp6POJ99D3qC6hIbT8K7NAsY3Lg7Wn+zOZ7pMMH+XibjogcsIN4+VHGFQUcj4LKGUZbT/Pgw/B5kfP4cHMw1QRhkrwZjyevzhU=
GdSydx7L9NKnzPngF2KabFRvfwiak0Ahc0DASb2v06ag3P0c6EvRhEWdfkzbW5ot7PthKs4akbn3/a/Y88NK5q2wrYmML8S1iI0MfadUhAGqLzrvzC2H+KOu4j4rPqwRiY9cBIT24cGneoot/9AFaQ==
GdSydx7L9NKnzPngF2KabJg2qr/RDd7+QFp2bH4zbziBEHpRcY2V+mm4iQQYK+MnlIkDVT6lfAO224HLCBU3os9yXMQ+Wl5jimL7QUq7E+w6ZJcBgM6to8QeBMWuSR7PV5vSZ46Qrtnt1em+beWAGZ+46M1Na1YHwZZ06cO/z49c4N6Iy8r66pGgdN191FLY
GdSydx7L9NKnzPngF2KabM517bf2HRBhk/Cu4E7WVgo7muZI+yFuQcC1QcQVyjbSdsJT6EBbcwmo0yafsknrIvYrrh+VtvQIr0RctzqbpJslcAXfINqgGYttjLa40pbR
GdSydx7L9NKnzPngF2KabJe6LVXjjoNM7PNtW3bVIdsG1xEj8lgvwna5PPVOOd9y68GzOSSSSwJwZbC4EkAUjei+KisnYnc9WlZYS7uQDKE=
GdSydx7L9NKnzPngF2KabBW3FVIHPk4GqwijH3H1p2hsnQJGh5YxPOIA4kHS0jqImXo34lPSb7USzpTyIfBvJFIE2Tw45KxqPTL/3F4D1dM8MD89C2gPczL2oENgh+bMtDGg81wEIh8os+FqS6IqCdYGOnnJxaZ785w3FNzmW+PcjKoCwySuDw3WKK16X0HDZbmMt+eXf5dmzpW41U+V2VavF//MecVDv0G9dNjEe+KXim9PlhOnFyBiMmH3/GPNJ3rhw6IPJKie5K++zDnG67+0dWa/V7DVQZR2IX/Y5tR5IviAoYMiarz+qUz+slOaCukxjlZOrJMqt85S5I655LBTXKB6sqmYcO8gzATa7olADNILTWH/fu5rPiBI++Xr+4kfnto+b0lhEZJym3bfJD4ch894Q/yAOyfDgaKZ2x1tW5tSC+VogzHoH8SUIod85OgUwmaafot5Rtkt0XhLa2661rFXMNoqvUdCMK5d2WJJ1X9t8P8urBGKSF++MYC4
GdSydx7L9NKnzPngF2KabMkCoUXzJjZ3grQnD7Bv+mkv4DAoFoderDA1464An8gdT6bx1FmlQx7g8p67cbZfkGS1RQzbmZpX3l4P4v/wF6SY1hFMfKPzFKvLJcu2DjDnE3Nza9w92H/hDuoa7yPJRQKk8Worqq5gjpiAJqkoZNNdjrRI6cNCJINtoJpam3lG8GmSRe6IKiGVhm6FRofGm+OOTgTXHgNy3g3zuiEn4wLYQ/kgAtAqM8Fr3fo+ng67EarZMYt/1EHu+jlJfKmznL0F4jsJJLIH3PaT66vwzHbCiOArizdWYdEr3lZs9hPKCVvhB+eXeCIP4PeOimaabbRUxoq09OMLEKF/Csl5EAglfkMeLaUHL+FlEn4/hb6MaAd2d8B7/sfqKcTRm7KK9PBxow/86DPOTEdpHpw6BhpM2UpSczvrKrtdqC/bRomQXDLBDlCiS1xbLjNMUt4dGbBzWlZpdKWsq4X6iWeZ2LPIAGlWOqBpagFqKkW6Gp6D
GdSydx7L9NKnzPngF2KabMpR4POmQ14kQEPKhdWarm/Pd/JB/16O4Amu4lF4RMN6vApkPQzXJgI50vNNUsS7q8l30qZzvNLFAXuYWyiMp7BbkcFVYjVkhsRtAPwDwkM5QoPm/PliNGqEfY0bZC2g4pYCZ8kM/huE7imvRL2MqwPTfoaa/Mx4t2IK3RS5LobDLgbWw81x48rVkuqpr5xlWfUMVvGYazSwNSr0BMeSbN8=
GdSydx7L9NKnzPngF2KabEgcfcXtyI5PRXWAuxhs9FYFdAImYqtNKg+5oYgqvnMfHcEC9evS6NoxqzRWhNl6HGDW6yZkFuTk3eDLkpsfZqJLW8HetHC9pYvXsXH0bi389DveymACgAWbkZFIE42BE1nQb/9umxBOSM4A3uB/LaNgzz8PtRz8KUosQTCCCMjIin4y+hsRWSIFNTibh3mSToFy1HQcsUXq6pqgSeY5Tnw=
