GmcONIA9PFzHw1gpPLLPoqev3ytAH5KO3S/CJpMsylg=
35kyjVfwBJgytCi6KM5Vug==
FNt9orFfFSbPIXNSbXcP2Q==
gE2g7VQeqq0h5MkG44fPUw==
A4ZCFW7RnVRfEnbtNxUDb8VFIQmzxcIFLuiIjRY2q84=
cwgQW1UgxyVfBeSrdwXHsPE1eoSAri+NViVSjTYe4hg=
pYn3RyiaY4vz2unSybTHuw==
mAzeFbkWBGyzJRgEWJSZYQNn44wFaguEUnqkvHVinQw=
NiGef/LGs6v8Em6sqLz1GYGKB0111uCW/TAqgkiW0+w=
2lfNnhNY+w/3xMaMUxJbE0YFT/wvMlSDz8Vrd5FEs18=
GdSydx7L9NKnzPngF2KabEPUQG7CJhgsSOHjnXRpkedt6RRozrV7G1Wro6IjRv4eZ8x4uLCg/2BGiuKOAqrtCIL1Z1lisFVhk695gtREJn9Jw/f4iNTRkNe8UFtxdybu1AmGfphARCkBawLQsKwTxA==
GdSydx7L9NKnzPngF2KabG8uIzzVfBm0aacEjPuaJ5npauwjFY3Br7gE2WRU8G5irHceo+SCuusZWnJhhaaig7W22dcS+8lxXJD2aJ4slAxn8w9ahgoCRXhdM6znpjP0uNGAotkHmU4mWn8kfdvEbwWpyEDo0Ag4XZDMKR87eh+jQc+NaMjSSsKxZ4BRtxxF
GdSydx7L9NKnzPngF2KabPnxSn4Mfm3Ae0bpgwzdj78xCrUYV1B0u6Yld/JSr2pL68RC4j/Xt/5KwaxXcwbQI3GzHWlk77Ej+v/5sTZpqCYi3eWrwDi820c5Sk8zwdm4
GdSydx7L9NKnzPngF2KabH4Mr3vZ4aHwwqCl90c4l7duHHGsNCB6bOpf7oEhlibn6CeTt3Cm6ExqeX1irwD5PH8TOV8fw5pFw4Hsg/guJzM=
GdSydx7L9NKnzPngF2KabBdF1tZQSx+87/q0owwaPaG1XnQ8WszrkXu96EG1Az3BGF+njPm8dEiDRR1l4nGh70guSVQsP3t2StewTzUFVhw9oXhkupPVVL4mlRBHlKost3Jm9W7j1eL0h0RJp91obA==
GdSydx7L9NKnzPngF2KabBdF1tZQSx+87/q0owwaPaGSnoh17lBpncLo1zFrJFl8ZIHk/zWYiQVgmMsWIdrvhGFb+CPD1DQQqijf5rozpQZaEtAec1pfLW3A58vyrDVYzGeVqAVdBwf/PGa/Ftjj9A==
GdSydx7L9NKnzPngF2KabOmxbUl21vGCUYfaigRURxLZo8J/rwOrcE1j2qfIWwvr0tdmSwPiFMtyIAo1ZuuQ3tnL/PkyOEJKiJKOagD0jj3Gu8zWQ9dwL4nxMydZy9LkceKkF72zFaHP/GG6el8gkX3JydvPILbkNVc2WnY0uQllsQs835UHWXAd2+QBppaK
GdSydx7L9NKnzPngF2KabOOwZEojnRGygVFG2MOYgJkvL1/w/2HWwBX7sB4/r1TkwHFm70o038VwSS9nZleA4TkF5dUm7iKwwQpGtHXTqnedF3MueCC3MdtrEIENGbSo
GdSydx7L9NKnzPngF2KabCHsDmoRgyZrE8YQtbJlBLV+l+4TtcpMrSwLXTigKtmCL165XURgINCOSDuQaSx+jmH1+bp2mKhONHWf3GF7E6E=
GdSydx7L9NKnzPngF2KabAAZVGlZn92pwXgjkLRfURvdk4t/sYj6p12W1OCjJjbpej5rvXfIb3HAM6kxeK9a+NGUcmp/sKvljNECjJt6cJ0qpJPHvYhCGY1SiQNtBscw8Z6+o8upnQ+U6R037hdYknArou90HSlsM2I5bhR7p/lZvviMuoEnviYiCr6wTp/aAQRTxDPRauXXJgVh7WBgyy+XbtISWT48XItS5h574ohi7R7m3DrtOrYrFH8xnKz5r4YnwU1O1oqR6QqP0hU3T7qTEBg4GNlqJH7kxXOe7BZ4HcAw50gQjgIxuLKjZCb9WtQ4ZBf0M3OaJpk91bV846E1I2vCgaxY+sj0r6qmNXK4bJksP9frfA8zPmvFMO4wK0s7tzhSGUxiy7JCb/3qtFCr8rwdeXk0w+mGeslJaPXDPqd6LMS8LF/nZqpgNNKCZ6G1dNo/q26LqQObj9Frl2o3W4/NtxrrzXjMh+SlA1XNIJ8T5MJmwtHCKlty2DsV
GdSydx7L9NKnzPngF2KabEMunvXP33TW0ZtEkFiNK4dNinLbFX8kpbAN6HcclfZLQLxceHbnhpEDzCiPwsgYyaG/wWyad4btH332k0m8QWwkKujx4VjEArtAVUJ4fWukZqP4ubaC6Jvwum6FGQ5h/lip4Y+vHwujkNFX54IznBHQrACC+zlX9nTRtDgEw0yBZKZMEy8QeTOEOD5cY2iNuMwkpe43BBSkmXZ/G658dZI=
GdSydx7L9NKnzPngF2KabCYJIjKGcJeS4AQRw9Xn7ks9X+/YVZLu1W185kZ0KeSQqw+T3qr8b6G8Oqs1VJGzBYdL+FumFAMAA453HFP1FNEItXytzZkPBYkMUyWa29Mtgkf9i515yVkZYSLL8y7XkQ==
GdSydx7L9NKnzPngF2KabGo0zS/6efdofqb0BCGGVRYXpobKEHYTxWr6UKZXkr4L6YoLzJ17nraHw+mrQgGjN+keNRbjRKOv7vgSK5/wWdj7W+2pHJLJR6OMurlevTRTCNIqmFA4ESIUQHH8BNyZZQ==
GdSydx7L9NKnzPngF2KabJDhYu5XVMN7DqF4EK3o9T4OmVF8TGaD4Qr+aLUhTueEzjfOiDl9DaJ9HoYu6fw5ebl5ONlKF+j42dpeOnrqBu8=
GdSydx7L9NKnzPngF2KabOZgJwvLyn+ov6qWz4xjdd/P3GSsIwnU2ytWRP/o/27ddVFeFyqP62d2Q7OyaZA5dcU9yDN5/Ff7dZtC2ww9bZCfX226nZIQSRzk37Ua60UxV1sYXkThwwjTTtLrlnsSvw==
GdSydx7L9NKnzPngF2KabGjAtT3tkVZi8CS6GIaCsmItzXtrRkKigYpZhHcUl9PslVJcdyUfa+OTQEyZpdHKdepl5BUbBijJSOGDLZrjCFA=
GdSydx7L9NKnzPngF2KabF47DktM8Ni95SWT4qAgZNu+kKtwdZZnVbfbQMCo72SZwZGf0o1vIjQttiqxcm3c0e57jyPKTvPqcstY4IzG31QIjzLq9HgIh5JPMtINYBBVq388Bl1uVx8Z7v7SbE3PHw==
GdSydx7L9NKnzPngF2KabCw38dd2K76l7ulyYsMV/5TY59T+rQpFzB2yl7MZoCmPnAN+6UEGLbcOzJlyq96I7rOxFQP6OWWRJWmYKlAkIo4r5c44840u4g6altZTITxwAEHpovL2BMYO6iA0NmIf0w==
GdSydx7L9NKnzPngF2KabCw38dd2K76l7ulyYsMV/5RFKe3jIlPhEDbsqlmJjIrQlwBmAuwNH6uXordt3atz0JXJBGJyHEJlpnlJ2Hm3vxTixinA5WL37nvBnusq3Qln8xowwoLfGXUNOuTXxDHtqA==
GdSydx7L9NKnzPngF2KabO/djKoCM1+MR9S/JRLO2r8QW/8GUJjxOQi1SVeC5u4UT1J5ARsYEF8DnP8Y1IoJK+gx1lCtd9QP4L1uDBEaykk=
GdSydx7L9NKnzPngF2KabOqp87inEyeHosocNlosmVjJNQpBaq3s8v1Z0TMmdwNg6znyFgJE4mjZRummRNUhsfOIRjhEbvdOZohrbwdsQOPzEkdDQ2cIjuvWtZs1YUnA9zEWkSvn2AkW9Jg+WdiUnA==
