GmcONIA9PFzHw1gpPLLPoqev3ytAH5KO3S/CJpMsylg=
35kyjVfwBJgytCi6KM5Vug==
FNt9orFfFSbPIXNSbXcP2Q==
gE2g7VQeqq0h5MkG44fPUw==
A4ZCFW7RnVRfEnbtNxUDb8VFIQmzxcIFLuiIjRY2q84=
cwgQW1UgxyVfBeSrdwXHsPE1eoSAri+NViVSjTYe4hg=
pYn3RyiaY4vz2unSybTHuw==
mAzeFbkWBGyzJRgEWJSZYQNn44wFaguEUnqkvHVinQw=
NiGef/LGs6v8Em6sqLz1GYGKB0111uCW/TAqgkiW0+w=
2lfNnhNY+w/3xMaMUxJbE0YFT/wvMlSDz8Vrd5FEs18=
hgwbgvhsfRQkOAsZl0evYZRlLMalZIeuo5Jp6U2oJH9RgkmeySQIdTHOK5MWlyAdzCUqXsPUvN2Z5e4Pq/8Fgo2HNn3rggD5c8cgAbn15KS4KD4HkCpS3hpSDaj2clNA/tkDwAqyIRg1b547nAJG5w==
hgwbgvhsfRQkOAsZl0evYZRlLMalZIeuo5Jp6U2oJH9SMFVZ4dm8yCkEJZOIhrvazmIYAMN4MlVN/3iKZquXGkWwPYgQW3OpZAgmbdVLR5gMTd7LHtgQb03ZNj2gLUo+shI7Vjg5mwtszC43VteKtg==
hgwbgvhsfRQkOAsZl0evYZRlLMalZIeuo5Jp6U2oJH9SMFVZ4dm8yCkEJZOIhrva9HVN/r3c0NLOVHBSTV2NitMQ3nAF7CI8DOe2p95i/W86Abm5YiE/OykpBv+NnQo2h1SIdyKYvwA2m2coPXURMN7rZsdDtTaGPvp+If4rnbE=
hgwbgvhsfRQkOAsZl0evYSRoqG7AlH5PmwIu3TNvqSAXv4jeLG5JnCX4c3dl9MS4V8hwcD36OckJLFv8i+yrIVDh2CKUMh5iuf0BGeENoNarlxgJvTphU0SPmzSKaQCHpJN80+BaoQCRx+uvZqM6rA==
hgwbgvhsfRQkOAsZl0evYffC3sBnIQ4pNNaGCcrTiI8Y65ilw3b3rSiVOx4YXNWg5e3gIqspcvMXFLdhkv0+MzBW844YGyAmiJi24n+3Onn2Y8BXZCg3FIWsVO2DhaQcwkIa56XLmMkxL3Nd04/QWA==
hgwbgvhsfRQkOAsZl0evYbNKzPuAapcQ7+9QkFgm9TWlO6My/Ft2Hc2O72Iu3DtoEtTTgueNxNgRPpi29pL+VmQDgStNartbIuhha8sXZo2TK8CBU5mvmu+UhW5EKweAUNctVa2Yv0z+dKlO9pa+fA==
hgwbgvhsfRQkOAsZl0evYbNKzPuAapcQ7+9QkFgm9TWlO6My/Ft2Hc2O72Iu3DtoFwbLWsdg/c17PSBNy8ZFSPbt/ue05j01XnFixXqav8dosHuXgtfYWEUqPmuVN1pGAiAAu9o05hnljdCf1Gg+0CAtzYXiThRm4xrtKHvJhtw=
hgwbgvhsfRQkOAsZl0evYRBK14WAtNsCXIhNW4Tm/4Skdtc2BQlzcxgS6XViZJDHFfmDuzJXeyAqDLwefIQseaxh4Pt7hJfi9D6DCEk3ZKAiWi7IVuYa4nnAB2wR5CVd
hgwbgvhsfRQkOAsZl0evYaOfmZEuEoxfqbQK/1cvY8T1KFq7Smj5tscZwg8uM/cON2VvBj/nU49dst4v1DueesQLjGjbvi0ANjJahNbLkaDDciNaf/6LVuH8nuDUB4EmkqsywqBExOsWybjCh8Mjvg==
hgwbgvhsfRQkOAsZl0evYVoiJ84jkfwuyziCL9R+qN/9/LMntSbW0IpG+A2ouwUaqOxP0BLTik8Z9gNV9tCM6juTa5U/YtGGMMc9EKIFzNGEgOJ+hG4DJ4EpIX9qJWBE
