GmcONIA9PFzHw1gpPLLPoqev3ytAH5KO3S/CJpMsylg=
35kyjVfwBJgytCi6KM5Vug==
FNt9orFfFSbPIXNSbXcP2Q==
gE2g7VQeqq0h5MkG44fPUw==
A4ZCFW7RnVRfEnbtNxUDb8VFIQmzxcIFLuiIjRY2q84=
cwgQW1UgxyVfBeSrdwXHsPE1eoSAri+NViVSjTYe4hg=
pYn3RyiaY4vz2unSybTHuw==
mAzeFbkWBGyzJRgEWJSZYQNn44wFaguEUnqkvHVinQw=
NiGef/LGs6v8Em6sqLz1GYGKB0111uCW/TAqgkiW0+w=
2lfNnhNY+w/3xMaMUxJbE0YFT/wvMlSDz8Vrd5FEs18=
hgwbgvhsfRQkOAsZl0evYRpTnGVGjFFvzH/yS0tDArkJv0SnLTdTwTfFYr5l4xPgepW7lXrHVHGi+jwg4XUkcCx1TgjC8eAeXCMggA8I4nxwzN/RA9+txVn37fm7fGPZmrOLG+FYHd4IEl2303lxWg==
hgwbgvhsfRQkOAsZl0evYRpTnGVGjFFvzH/yS0tDArntF7cvjNudiXTosqnh6Gbn9Oicp83ROi1SNY6HpaiYelpoYLfZYnmdMZa3oIa41LoGibxIVayKoUWPOs601wVgdJAh9+uIaGzcPbyATNN0qg==
hgwbgvhsfRQkOAsZl0evYRpTnGVGjFFvzH/yS0tDArmEZ1uQ1XcW0tiF/i+ldeXLrJb1nqxBiQKx/KNp2yMPwoKNKjIt+JV7tG0bfJY1D2MHbNM3i0LdE3cQQAAq2Ojlq5dedwi+4AfiYiUEgOgMXEj0HGEesWE9pcQRaxV8Vos=
hgwbgvhsfRQkOAsZl0evYZQOJA3sL6QbUgN5+v0lflIJoJn7vWgnJmK74YLCFzQzn3YUIGvb1BOm/jlyFLIAwSy1VFH45aivswJPCCOq8LKF6Kbe3S0jow1cvWPWXCdYENuZOfkzqB4yu43gejCocQ==
hgwbgvhsfRQkOAsZl0evYZQOJA3sL6QbUgN5+v0lflJrdnXqT2wtPOsaVHQhTHSEeviLB64amPbyka01FARv8uWvEvdf6Td77iHIxrsyXvRbXeQ1sMEB7xAJAVCHx7JdUbNC63h/gvswyOlf5OBQkg==
hgwbgvhsfRQkOAsZl0evYZQOJA3sL6QbUgN5+v0lflISyGbqCJLO2Td6XnJqeCXPQ5iPNEFHwwIZrmVbtbZFFCLL3DLiKAo/8D3CxqINDui/e+fnNVTYsIvsGergKQArTY5ju1KYI/7OZRjqxZ7uFNGcXGkxU1pYmhqyKur2ro0=
hgwbgvhsfRQkOAsZl0evYddDL8mbD/nUe6FVVrQbe0mwy4SvZ/UxYw79pjWZ3ukG++J/AmCFyPs2fQJvuMFYsPJtJEBtSyVlpKtocZL2Y0NKCaT4GvDPfrX2wJDg0ENpOxuYZGaOCFh+83+0ENSsEw==
hgwbgvhsfRQkOAsZl0evYYjrPZWRMNq0TNHbwSh1q9Ub4zycnod3fFDjGql9sLWNttnnma3mjomSs/Mj/0yuGDjZJBStLPrn4I17t3VfeJl9vcVVFfCwTVoLViUUPFyLMTdYKeZHJILorRUcU/rVdw==
hgwbgvhsfRQkOAsZl0evYYjrPZWRMNq0TNHbwSh1q9VIfjYg4hpEl5l3QTtkZaKWVmDfG/MxMkeZ7IxDJyoZphXRgE+2OKF4RA/J48arDjU+pB+rUpPXFc/Y07MqrKZ9GqeGAPISH1LSZCAfjAxU3Q==
hgwbgvhsfRQkOAsZl0evYYjrPZWRMNq0TNHbwSh1q9X8D5Nkau0U+yVabwOqwly0V7LS8fX/Iid4HHADXuxBfMlDgrutrtRr7gah+XWZ02SoopVL7PFR/mZEwiZBhG4KKzd/ru7PX86xLWalRGj6aerhs8QI160OPFuQdSpk7VE=
hgwbgvhsfRQkOAsZl0evYYZdfI5qzCyHY7P12lu2CV0nSYJUYa6s5t4kDrsg7Lel5J/cQbIcOFxTXJwoC+wtG5SUNc7r+BYpf3dbjZMpkj9I8ZAu33XHBsZTb/k+qRIl
hgwbgvhsfRQkOAsZl0evYWhfQErs9wiEYRegZ0mwegu5Blv3H3wdg4ez/UyNGgEHgiVEXjl+uY3Rf+I7t1zdGZxC1sBZGAdXXdfSXMteyoUbzG/XYT0IRyGvcJtUhWkPSxhXKQT/8UuGwJ6EnW3I3g==
hgwbgvhsfRQkOAsZl0evYclgtSqt84ttiR4fwJ3X1X9YKcA+cTxAqnf3A2DgC16f95h4viOTnptDO3nailt0QwLtAOXy+Lzxwcn3Pdpa3bmDAmus0gJILuuq/RaLeGtC
hgwbgvhsfRQkOAsZl0evYdWlOt2A/DcoLr8NYPuhN/xH8Wy7xfMMjh1ShEgf2aNXw00MFoqO/8ES5pNOSA5fLhsAKlG6eeniKz2JoBwv1lL66rMIjfF20K6XBXUeGxGsYl2FQBHFUgU4uP1Xg27jrg==
hgwbgvhsfRQkOAsZl0evYdWlOt2A/DcoLr8NYPuhN/xP3zhiRHPApwrFRoGs/aDiUjVzo1nAStdUQtBPebGor4GV7G4MI9wwuIeYmQdu6c9MwI89QoVCj82KpRRRCfNX6polWTaTApzR6cV/6PK3ug==
hgwbgvhsfRQkOAsZl0evYdWlOt2A/DcoLr8NYPuhN/zE0LHgOvaaknv5UzhKlEspqQen6gzf73nzYWlRGmEhQlqoJ2G2XubU3m/iJH34ScLATByFtWkSY7foIhYS9cxToRT/TM8EeXZ9Yublb3JxmrbEP+DntQylZW7Jfp0LNPg=
hgwbgvhsfRQkOAsZl0evYffkN0NNSLbYRhouVUTYvDWuO/Bw+bJf1nZbOx4vuDVBcqvPTRbPx1atinwyxECv+PR0JplDVv8GaH9cdpMgDrSZ1x9M1bGDM98y37RgMJvqosVnVzv/83upzwxJyMV9jg==
hgwbgvhsfRQkOAsZl0evYffkN0NNSLbYRhouVUTYvDVS1QEGsgKEI0n1TYqBKupzOEkP7eUm02FNnWz5tyEYDg91wTko7Yh/mxx7CnDctwUj9uDX/WkBg+BY7lszxGIgTjdqI6KAiDnSBJcBzTvJMw==
hgwbgvhsfRQkOAsZl0evYffkN0NNSLbYRhouVUTYvDU9WHOhdi5WHP+JZ7+jb8IYox/o/Ur4M3Vdm8zjQYG4E6l2Ah37wTLf8YJz1AIl+cZaIr+mp8tc9V+5wun7o12/R4D82SuLAuyW2y/DhzFWsMv4upvTXiblBwAZVJbYvW4=
hgwbgvhsfRQkOAsZl0evYbJZhbPXgBzAUSGtvTY4SJ6F3eUn3sRlD/TxgpXfxb4e42PP86O8EYU4cO0+hQLR80OSyfig/bMjXbGJHBzoFuLXPeyPp0i+Mum+DNwx9XCh
hgwbgvhsfRQkOAsZl0evYfvLkmtbXObNskpFmz+Vkzh+oJTaKFzXC5vSgrb2VWEVO/oEzN/nRyeWw5vvd2lbfNop61Ual2olgshK1B8xAbaGrHX6YGs3OOTGTJhpWPpaoS7nV0NBe1t4ipvJ6Czo4w==
hgwbgvhsfRQkOAsZl0evYfCJQBt/v8M3+IKn83jS3Tq4H+CMqSJbvL3ggAf5CYrO7L8SsmeEbdxVIHReYCz32g+c61N+z/hnKqTL+vijRk9WYvrhp+KRbxeSjspcao5fNHQICyG5hVabTOi7ujz9/g==
hgwbgvhsfRQkOAsZl0evYfCJQBt/v8M3+IKn83jS3Tp23oGTzF9SLLfTQEWzg+rHwVlo68IOxaO4eaeIAwGwa7v9wf5UvUDaInYa1UiGTTaGorDtOyd/rdgZxHiEx8fA8pw29eACk+DltGEx9eH72g==
hgwbgvhsfRQkOAsZl0evYfCJQBt/v8M3+IKn83jS3Tpmy07CmziaHpn4Xlrlylum/Fi07i05qhKcAG+19XK3zKAfGguufhyQ7Q/H3+kuEbgh+CFNclVKJ7o9YRdKZLDInHDNaaIVKEveKPuU0ArWEHqp4COKFcSgY16T9Kz0dhs=
hgwbgvhsfRQkOAsZl0evYU2CYr0828TP0+EdKzxtnopbqNB5QUFILqIkCvIl6ScXPxoOcA5a9IKubFnuMRytzHpcsHQp20FEaaAVa7Lltj9eD6BNfOO1ZltFDkx80sWnfDDTQTjib/fT9FRQUyjSHQ==
