GmcONIA9PFzHw1gpPLLPoqev3ytAH5KO3S/CJpMsylg=
35kyjVfwBJgytCi6KM5Vug==
FNt9orFfFSbPIXNSbXcP2Q==
gE2g7VQeqq0h5MkG44fPUw==
A4ZCFW7RnVRfEnbtNxUDb8VFIQmzxcIFLuiIjRY2q84=
cwgQW1UgxyVfBeSrdwXHsPE1eoSAri+NViVSjTYe4hg=
pYn3RyiaY4vz2unSybTHuw==
mAzeFbkWBGyzJRgEWJSZYQNn44wFaguEUnqkvHVinQw=
NiGef/LGs6v8Em6sqLz1GYGKB0111uCW/TAqgkiW0+w=
2lfNnhNY+w/3xMaMUxJbE0YFT/wvMlSDz8Vrd5FEs18=
hgwbgvhsfRQkOAsZl0evYaoTuxJBwviYqtawKgh/lGkqfdPtoFBLgUbxW+u6LkZ4rOU+HbnyGpiGFE3u40rMsQF9DxucpHLPVs9hMpSOzHDtN7pblnWZuuAbzTw7bp/lwxh9mvjsTmgm1gH9wluPxA==
hgwbgvhsfRQkOAsZl0evYX36DYcZtL6SErDrrvWqRQP0y+UhUvgW998H97gyOh0FpFj+fg6AT/ayP+3JkKUcczc4U2Frt49X/PB0AWyx3nhGEMTEIoiCvkq8vIhMzSTUWN9nHrk7M45FAzvlc6kvsg==
hgwbgvhsfRQkOAsZl0evYX36DYcZtL6SErDrrvWqRQPcSRrxuEU1VBHhuboy5UaDdxm1kgoFbSBAsc4qUr0l+cEOM2XlWaA2qRXekNLfbougzBXkn2H4smkM2Y6dhUrdTGQENlwVdKgN1Hphvf/PuyNpQzvCVoRSEc7WVhAZi8w=
hgwbgvhsfRQkOAsZl0evYeHZ6z1tntGoLnfEkoRKE3aj5dorN0pv77Avl9onqoOzTL1ir0mwlXaC5aeGZnVdfRH/URr2kZtTBfo9mNkGhQ4UmgkmdMRYbOzd0vV9NycvJ3qnSiF4GwiQ3X05FE4Nqw==
hgwbgvhsfRQkOAsZl0evYT9vsExorfjWSrUGX+3XhF4+SJMnrkHJQV8uNHN/R45mArqsvPFy4RdWCtu9MXph8/t4KdTgxWEJohp2BlzeU/G0OSONkue7/oWEZRMf857nFf1LADdGwF5zvM4e9g3Z8Q==
hgwbgvhsfRQkOAsZl0evYT9vsExorfjWSrUGX+3XhF7ErTOo0/sIZ9DKR9FhM/oo2s0/1QSC8e8ujZzn82iqdya5KUHbWKn/zUXLqxZe2eZNM+xhkmPysE/HGkjkL9ZxFKU4affMDWi59S/N/IfV2g==
hgwbgvhsfRQkOAsZl0evYT9vsExorfjWSrUGX+3XhF7ErTOo0/sIZ9DKR9FhM/oo6a4uliLEo0kZO1u2SIgXxs2fq8tbrA9p0LcdYPlQVz8vs+G01yCiKxQSNW/d5GHkCc80BiY2xtbl1ZtW9dKETZKY9SgNR+7BF7FM1spQkqA=
hgwbgvhsfRQkOAsZl0evYT6CUXDQDJtmoCYzXYo/wcSYDmCdF8zb/aMHZJiRhH7c+UU32byL+6KGu/Y9QjVgfW0MMIWeAiUDSPdCbXvDEu3NmQ1ce/CAKZdBqkKwAo9CdYOrAW9pRDRQ8SutuRdSfg==
hgwbgvhsfRQkOAsZl0evYScNz96QFFCgqm4aEkUP6IEtXaB4IAuoRnqOOQMcQ0YQNGccMru0WsBPbn9N5wmAF3o5vJ42Uy3JC/5pQi//tbxPnnal4uzaGvvTadNehCrdK1WtnE2d6xautxdr2Hv1vQ==
hgwbgvhsfRQkOAsZl0evYScNz96QFFCgqm4aEkUP6IHlHXwlSd6k5+TNVsSZGJ6PrmEEO5qV0TTL8oxQ4X9NtzieBbsS2X5hdmVifs8/8mn3X3aRNeejPwBrDjULNc2DZXE95CxwO1i23eHarh5Cyw==
hgwbgvhsfRQkOAsZl0evYScNz96QFFCgqm4aEkUP6IHlHXwlSd6k5+TNVsSZGJ6PM+zJlcsoWM+Y1Ly7qlDI5r3mcA4Jpbr+B/XKqjj+gpetoz+lw/8KqboWCppal0He2LIf1+Yw6VPBubrLhD5XDYpRp3i51A6ACvmaDJJzNFU=
hgwbgvhsfRQkOAsZl0evYa6oHg6rgXzcMAzRXLwdlEg5XUkXYkearXkQaFcZB97I1SKEJtiyPPQNIJErpsLO1wgfaSDifcGo4KBCenLGQW8NVRDfwPwiBjxITpMz3f2Up8wiSXsLk1yWl/SZwcWxJw==
hgwbgvhsfRQkOAsZl0evYeXlF04fTGqbm8nFmaD+oXZk9Zq/GkcSbjl/QipHbnLQSQPE+ulenphe/2LboHqH1EUaYSZ9/xpKpu9X8DkidGpJRO26c4g3RgT4EAFmv3V/BOkDZMkgul3+JL+UHsg+zA==
hgwbgvhsfRQkOAsZl0evYeXlF04fTGqbm8nFmaD+oXa5VqKiMaLI4pYxh09RB2fH3xf+BVI8j8LBxA+hCdThVyTUM2CHqQS8srQcTkeGBZEJuFNYXeXTZRJe6jhTxzwzNsV+v+vff69DrbvGniIZSw==
hgwbgvhsfRQkOAsZl0evYeXlF04fTGqbm8nFmaD+oXa5VqKiMaLI4pYxh09RB2fHsqycihAyD/3bkNRpiw+V9G0W1rtUvdDCzYoJ8fO0h/og0Zj//JEtZo1d+AL3DlwTiYCaCK4OaX84ghjg/50x44b44IPg+KyoyxLh79DzyTs=
hgwbgvhsfRQkOAsZl0evYfJYIGwHQSga37tYY6BSH8KXu90NV99paU/GTh9d6JGjqsk/KxWvj0yJ4SBE1VuNXSyNkTRQh7fD5rvK2Djj9EwMKhtORX/km833W6Xs7CK1
hgwbgvhsfRQkOAsZl0evYXfAazzmpWFJ7nmkjW4xT8wda5lv5s/mwqUYGGYXfPRtrDqI+PJLV2ojuczqDjVBEtUgPtLJ5HM6MZWD5vUZA8qVd3emy4Jv7hBgtndf0fHK/IzsUrqhpN6NGYyn1YrNMA==
hgwbgvhsfRQkOAsZl0evYT5wOLjuuBhZZl0kuNL/DDoSuwVUruJUlCiraURBnZkZzmHTjs6xdCqj/sycda/FaZLpq6SaHI3sSntq8AdEXLGGtnbv6pSelLiiiP+/z+ZdGH1xQns5w42BYat1+WAkxw==
hgwbgvhsfRQkOAsZl0evYT5wOLjuuBhZZl0kuNL/DDo11Syyb9dGLFFcgwuyhH8nkZb4qANHFM7AKPMvMXGCNZi7OazSnWevFpQe7hawUXcjm57KsciKyJmPgoOns68/gy5TS34cNVszmfa96Mdnyw==
hgwbgvhsfRQkOAsZl0evYT5wOLjuuBhZZl0kuNL/DDo11Syyb9dGLFFcgwuyhH8n1kI/oaJpTey2bgo4wPAkwfPU7OWNhcoWkT0C7f5QSukCScyiqwkpqr6yFC9UHsyAqNyMkRem3JVMdrdRiJEmW/UA6Z5KJw/zPGSsxbwNjaQ=
hgwbgvhsfRQkOAsZl0evYcaeNh0Ytgzi2Qj24AL4nN0Rzk7E/QhnC+Kc9YeqTXiRfguq4BfC47vFZr1OgtXEx/YBefkahfGLSEekXHkD9qMTtOu+9lE55Z9+KUgOXOHrx/KIZZUTmJ+fuaoZ37v8aA==
hgwbgvhsfRQkOAsZl0evYTdCp8MRy73U1nZrcw0JtOdzts6U8v9KWVy7FUFrWalia7QlKoSqo27PBKpEl4fYebYAt8yK15pZv3oBOqJt1ZzN55r3OFOSe21NIs368T3TX54+pDI4f3HX4BPaC+QDNA==
hgwbgvhsfRQkOAsZl0evYTdCp8MRy73U1nZrcw0JtOcLXVUUOmLKidfmbU14diuZYbp/H3Em4GHNZTyzONZu+wjE9DGhO2h/OUbcSzE7bhrUOkxbJdaNalTQYG2TBcI4SpQFB7qFXBf/t5fEWOiQcg==
hgwbgvhsfRQkOAsZl0evYTdCp8MRy73U1nZrcw0JtOdWtfeDb0IrErk7iidu+2A6dl7SJG9/9kxm0Z/4TYzuV9iZ/5XgFqLEhmYmusP2O9wy3vJ/rJe+JTqc904ugXBvU4C7WFb22kwUi07td8N/V3UocbaC0QWGZ0xSmhjD/NA=
