GmcONIA9PFzHw1gpPLLPoqev3ytAH5KO3S/CJpMsylg=
35kyjVfwBJgytCi6KM5Vug==
FNt9orFfFSbPIXNSbXcP2Q==
gE2g7VQeqq0h5MkG44fPUw==
A4ZCFW7RnVRfEnbtNxUDb8VFIQmzxcIFLuiIjRY2q84=
cwgQW1UgxyVfBeSrdwXHsPE1eoSAri+NViVSjTYe4hg=
pYn3RyiaY4vz2unSybTHuw==
mAzeFbkWBGyzJRgEWJSZYQNn44wFaguEUnqkvHVinQw=
NiGef/LGs6v8Em6sqLz1GYGKB0111uCW/TAqgkiW0+w=
2lfNnhNY+w/3xMaMUxJbE0YFT/wvMlSDz8Vrd5FEs18=
hgwbgvhsfRQkOAsZl0evYcaYikAC1TIU7wU+JkbSct6KoYyNZgsI8AnUw2bYT9NJgHk7UHtLvW53CdxtYop26S2jkhHJcxvUhzRgE+/AxHJUXSsgGGc4NICfKDAkUBZ6c5rD+F1+yVoC2uFLEmpoNg==
hgwbgvhsfRQkOAsZl0evYcaYikAC1TIU7wU+JkbSct6ADvd1WhYekLPiMrqjRVEWJyNziHyajBqFX9HC0SbSsE+sv2pnggbp2D0g7nQ76WH48Bb4P+UeIjqS7pw6dJeOiJCI2362flG8KzyVb3WhQw==
hgwbgvhsfRQkOAsZl0evYcaYikAC1TIU7wU+JkbSct5caWEoLyCU8sK50tUy5jFUoaYcQyDCeN+DOT2LzeJso4BYr6tr1MgRq3C5pVVL8EdBF9LfNMxa0Cr2cKdaCCgRvSw13NUYDDkf0iZ6TNeykmzMysp1PchNQvYBatCtVFU=
hgwbgvhsfRQkOAsZl0evYf6hEcSVFWRyriRQn6hUnAQldNXPbwdRGuAxLnj4O0dOfJFFCNIBSl8H6KH1Y2qQod9APc0udQMwvhMYbCP7Y4iajNcu3c2e1HxAQbcOmotUqbdn189PahtMYgi83rkmVQ==
hgwbgvhsfRQkOAsZl0evYf6hEcSVFWRyriRQn6hUnAQ/iMjyVMsA4ouhDt+bp51Rj8HkmocgXmtE0/Za0jlu+fm4x0lyXk1ib70TGdPMPXc76FMarmD8oYc6UEO+9fROvtHEC592L5hTfrOhDkpAMg==
hgwbgvhsfRQkOAsZl0evYf6hEcSVFWRyriRQn6hUnASS9Xwh2/2gJhzZBqhJfR94OW7OHyO4Vsz6DRjxIKX/h9Q3x0g7aymIe7ZBivl5LEM4AVwKinXwU3EbZWB94+kzgEfY4xCGrsJfvyLEN25erkf4R8qMiy7zaENJGWjQxZM=
hgwbgvhsfRQkOAsZl0evYb3G8oC2F7mglQhGCZcTsRpSsf0NkJ5r3Y44cie5TX+9998tIZZUk/MvigjW1QQDqmCh5Y7ldJIMoH9oPw6lXcmQTx8dPo+MAqr9DhuGcfw4
hgwbgvhsfRQkOAsZl0evYQ8VU1npGPVIxBrpcLN3QTKuFvWHrZqc16mK1zgGCn8gJALgFvM5yjCSMBEL/muQADFbprHqrRZg3OmNw4s0W6ppiUGwWtGhLYYy/mW0fKPyQgoLdqtXB2z8ArT57gAMbw==
hgwbgvhsfRQkOAsZl0evYbLgfl4RPXjx1eAAXDj26zs8hThPfvqcqviyGHLiaKRvJCFq4C/0dedXN0DOt42dtEVnsronxGT3HBRlvlBTR0bOAOY+5V9xJ/GIbALCUnhY
hgwbgvhsfRQkOAsZl0evYTOutzI78mOZdDZc8BuX5V8TMif6DIXwHuev1cabtKU1dJMV2HC7kIpvPn+AuVV42xXwv7dbGmzlXGC9dOR0/Ez1RY75KxhUnQsFtlaOgiwtdIlSmNyF0AfyoEQgFD/vdw==
hgwbgvhsfRQkOAsZl0evYV8UirLCDAGW12TzIB5bfGdBsJbaWS/N/ZU0ERR077qSLiQX0zeTW/sqHsfoTBhQjVs+rH6r5s2g3qWNJTbYZP8WNXzqbXoerWCqU5+CiZEq
hgwbgvhsfRQkOAsZl0evYRPn2kX3LsndPZ6NgT/w5kI/58CLSIG6V5CZHOxAvDm9uiO9jCrzBWl0i/Uu5QA7OYReqYV9hjun3gTJvIqahFyXKHkvwkd3NOEc3CzvHaipcysCkfWC5Lo0/1HfyfyBww==
hgwbgvhsfRQkOAsZl0evYSxA+G0jZWEr//QmQK4sr0AsXa+5Oa964Gewji/qFhNTfGvfjKQb+5RkgLTgqzzy292eT29gCU4/mmWr8v6TcNL3pXsPYd1HyHsVtEXMx4NE
hgwbgvhsfRQkOAsZl0evYTjnIaWz3ggt2YGLMEbGXKaCWeelaVDJpLMoyynPub7v8rxBkY0oLQ2yoZwK5CZQuBoKICAIb8+v1XDMQARXCXeJFwMxhEHsMH8IxV8C414xWhlW0eZwZAvpQLYlkq9MzQ==
hgwbgvhsfRQkOAsZl0evYU+/ssl/+0+Z0hEA6hcQOVLYyhsYkt/PSQ63kzuAp5AvrbmmH4s10o99tiYHA+UgtO+kIbILMdFFJKjtvZyfsojkevlkvT9DzzDg3krvWG+V
hgwbgvhsfRQkOAsZl0evYaumQtcEH59F3JrD0aD9g84Z6O/nuJ/BOLuMb7EBOY7mUgtwnPMw/hSxXGVEsN9b7hSq2fL/GOJJGz6MfyGmYIdr3S+svmdfP1Gs1zqSoHyq0tJbZYL4sJSLIfZjENdNRg==
hgwbgvhsfRQkOAsZl0evYXZYT0bMsUJlaOJPo5lbnbTB3CmLgawPPjfBt1WIvsBLmWqsAhBVUCEaR2ZQQab942W9awmxqPLrI89TXY1Eg3XXE3WzFT+mTlFgvO0aTh8v
