GmcONIA9PFzHw1gpPLLPoqev3ytAH5KO3S/CJpMsylg=
35kyjVfwBJgytCi6KM5Vug==
FNt9orFfFSbPIXNSbXcP2Q==
gE2g7VQeqq0h5MkG44fPUw==
A4ZCFW7RnVRfEnbtNxUDb8VFIQmzxcIFLuiIjRY2q84=
cwgQW1UgxyVfBeSrdwXHsPE1eoSAri+NViVSjTYe4hg=
pYn3RyiaY4vz2unSybTHuw==
mAzeFbkWBGyzJRgEWJSZYQNn44wFaguEUnqkvHVinQw=
NiGef/LGs6v8Em6sqLz1GYGKB0111uCW/TAqgkiW0+w=
2lfNnhNY+w/3xMaMUxJbE0YFT/wvMlSDz8Vrd5FEs18=
nUmbOz4K+lkxmdvbfX9J3I1mt1jpzWmaF6sYhwU0cpneao4lUt7dSPHh99pgcvEZnybxhHEMDsgOlbzOizjjaw==
nUmbOz4K+lkxmdvbfX9J3JvGpOx/M+IIHNq2URkiRuF8LVbhHOPlarnhkkjaBYAvszZCFNLvCz2z41QjBayy0ml2Jsxv+bviRytp9rMiB72NYKgw0gxiNh1F9TmMucL0
nUmbOz4K+lkxmdvbfX9J3D+UznKWZL90jNqsnyDdthEGSqnnCvMdujqIeGT3QJDzZBSu4/AFx2iCnOOHy3dED1com8CNxf2nyJiOpF7glkKzwB5tneG7g4jB9Tqe1Cfm
nUmbOz4K+lkxmdvbfX9J3H7ftbrv0jmritM4tuw6xLtx+7DMWyJDLZSPWMf0pip3Lf6XW4m+smDwmTll+6qKAENowMGjk8AYRQhWdQ6xHka1GMTcuHZlcVF4I9sCI3cL
Gh631h8hCCG9EyDR3/x7AOFFDB468+rBYdDjIODuELtpkW0H23cm6YYje08WZ5yCRlN1EbwwHv88vwp0SfDzBQ==
Gh631h8hCCG9EyDR3/x7AOFFDB468+rBYdDjIODuELv/tSeFhTC6Dzwxku9OFyyI1kuXS2zMwJdoqRER6pIXEIte6ZrIntE1dgbYq5XAiE35Zlgj3tDZSa+OeCD4yVxF
Gh631h8hCCG9EyDR3/x7AIhnVngkrepfIiuGY0KJ86STCGYZD8AFYahn1qdSg3iBIl0rER7k9N93E8D8sqyqrKSV5sbmHEAZi272Ga3gCvNsSq2Y9tq0G6Ca4QLCAVaD
Gh631h8hCCG9EyDR3/x7AAoAzzYzFUTClE59e2Z5H106b9/SXAxhoLMz/7FOFfYNtjb/PqeLrldtSQBbBfxZUxaQUSAowe0nAhGO2B8+HM8ab3z3q2tACgollyVljBdf
Gh631h8hCCG9EyDR3/x7AMYyytbvrZ3/ajGM2II9BSHXb+rSGPN0pvzMUWKHo67Rfl5MeyzZnOhBx7xeSY54ODA94YDfwP9PgO0KmA92/3JqCllHFIQi/QF10NzIAlMz
Gh631h8hCCG9EyDR3/x7ALO/gUPRo46HR8EG+S+6no7P6C8+iOHRwQe0Ash2gwmXg6t/zkAuTfcduzPQxdPDyGA9cntFVfl0UHKrAI/6IHAaCrrnnfQDQzYjxUtWSgzG
Gh631h8hCCG9EyDR3/x7AHjnVEILcC7FT4itHCH46NY0bjlFmDoDmqsdErGgftgOrYCBrvNEhKc5uLqUMlZ/dYFA++mOuULxEHEiiThPQBfMAQN9g290MjMFbMPxi+Vp
Gh631h8hCCG9EyDR3/x7AJWOixwb7waTUU7z7ZgYpE0PNiJs3eF/obvmHmLDbCWGRw9e3tmTRcp9mE5lWpP0I2PEOvbG97BNhpjXy26/zkrO9OoJDDmAbxsqJPnh2WjYAm19MXS0KlxI6mUri8IF6AOSdBud6s0kaDj+FcS8AQY8umlPbAZWfsSAvK1TeOWJ1gH+JnyvQl+mJfrru+RWnapm0ABy3VUBi6cCvbipMumpVwG/PAXpiljoEQi2E29rSYl8ucMpnDQHpMi0mJPuHP5wno1PgXFLozv8P7pPI4iGjE4jSF3/ILqcu03EvaLi3gA6uDAwhH0JmCvRLskB1w==
Gh631h8hCCG9EyDR3/x7AJWOixwb7waTUU7z7ZgYpE0PNiJs3eF/obvmHmLDbCWGA1cp8o0QzFZWVUZAE44TChgqBjrDD2EgFvCqNr3FbM7/n9EB5H1+DaFF6iegQN0bLKO8tiweFh08lyAO04eE2HvkfF7ipuCUL4wpDmg7VVmLyZLSKXKQ1mE1otThhk6JFjmAiVZIMs/nH7dYWRiodMKiz/PnQ2BnpnCdN6n9JS7eZzDJa6fhivYeiE3G3QNQ+ouYS4d7wsskCsDG1VTU3zycV2P4UvLTyZqFVAVeML31mCt1RynIDZGsKraRvr8C54HVI6Dn+1liFmqW90KR9A==
Gh631h8hCCG9EyDR3/x7AJWOixwb7waTUU7z7ZgYpE0PNiJs3eF/obvmHmLDbCWG7zYSnMLpbY1O3aq+pQaw7gD/U8VpTlc7PIke+imZ9cs=
Gh631h8hCCG9EyDR3/x7ABtKSWecfQ8ELQtmIeuANiOSALYYVXTfMYPyKJW6vxadk73f0rVXhCga31I7jskSE5lViWQ/1QXS59GK+wUldRnDcgp/vZ8mb3GL2aU+1PDLnqHOW2VdueJhInzc5ki+GeTXmU3JkXvYOg54Evh0JBBz6xXJ9P+tm8LJIITp9J7uFQZJn1BZTmuVWr4wA7q8ivNGLkvd+e8QKJHXqKdyLFMQTjvsyftFv1Wmzx51uXfXj86jJb0uwBynv4f36K6yu0WWIvTpljvrN0kzG99UcCdVfCRRHLMvJpfKLM+JoHvZMM1WlKirxAUU4iH7Y84hhA==
Gh631h8hCCG9EyDR3/x7ABtKSWecfQ8ELQtmIeuANiOSALYYVXTfMYPyKJW6vxadLbOW/1xHRSyOS1kEQxAyTp2tEzs5lW2yJJ7yu+JLzDw=
Gh631h8hCCG9EyDR3/x7AHryByTSY9MquW9DpZU16YTXMIFkT92ly/OJDVDLY7G3fc6EvWmPN8ZSuR/Ep5asYEjDJS56+/wYeOp/cI8oo7HY+rC5nmyMhZniZ3B5CAv3
Gh631h8hCCG9EyDR3/x7AGm5TJFHM8ekWoPBNvXIhPety0zVgfLUI4lmMVRfZHOQnGxGQWQmtdfD3Vaqyj3Qzg==
Gh631h8hCCG9EyDR3/x7AGm5TJFHM8ekWoPBNvXIhPeOu50MEaVrFpIEPhA0hCa1
Gh631h8hCCG9EyDR3/x7AKNom4MiL3d3oLOyTqKCbkH15RKyHUTgBEdLSCEYBcDJhLDTqgN27B914WXyA6tHDJ8P5zm5QILeI/sYnhM6mBZaxlrXr27kJtAY0k3oavWe
Gh631h8hCCG9EyDR3/x7AO1LnsZ5dx5crMK2R5P0T1uBLxN4P4a3KZXwHmUSNjqlJebjZZqJU8p6JZ7uNDajXnbptmqHZVBzinEWXFSYN4BtgBAQrwnVafH4+q35RLm+sOtKOhbaJ0vqr1yiWYn37Z2pssIEVTzV63mx1lTT2FQ8YwTQ64diDBiMpS+o6goJ1dLUVnfYKEHZVPQ60d54hkUZwCRsOzTnSDKMT+jcEwkdEP+//Kkivn0dfkpAZjYGFrjs9vZ7Pq6wGNBrHLe/LtMQsndINw56AVjXZk7YIImzPY3Fj/qDXHQpHsUeEBV2/1EwesFtzTRePEnz1CLTVw==
Gh631h8hCCG9EyDR3/x7AO1LnsZ5dx5crMK2R5P0T1uBLxN4P4a3KZXwHmUSNjqlkB/H0Rgun3SR1L39a//PkEGpLjJLn0AwOssax3FbsLc=
Gh631h8hCCG9EyDR3/x7ANa5cLVPtu8Upi+mjHEqUpeJZS/zqk23L6ls0bia3VASQxuCg7m3gfmRQ/eh9TefQHL8Djic22dVcHffsjoaRiXCsUb0lebxac8Q1vCVrHqN
Gh631h8hCCG9EyDR3/x7AGc9jWqbN42bAWhMZrSF4HDAWEVKJWQdrTzsvnWmMdUnWOageHzD4YIGnHNOy1qguHFgzFdwz9Ue//k8w/9FwTPif84wZJCcTNS1KVyiaYUQ
Gh631h8hCCG9EyDR3/x7AEyXM4xuo0E9j5rqEWjJovENYsF48boH3tvKrdf1uOmaJXzx2NYYKP+92zznjOzSqqR/cRjUqnPTL5bQeeFrweyN8HyPU0QhiNqkznHdwHAm
Gh631h8hCCG9EyDR3/x7AJ/82iiRSvamaHbxIIy0xZkK84FheS82zFsiVSxuVvp1GytW4eveRljfQMJJqzoIq8TLELNQHYa8gJQhBYaQWhT+BUNXn+uBKfeYtOyMavI5
Gh631h8hCCG9EyDR3/x7AIdixAMZHk6wuf2QEW7TUAsMTr3/do+4yFzrBTLoifNgiX6OMZd7jhqKHFS1zUNKs8qv2Yj8A2vvs0kwPiW4qv7ffAl1P9wHNJDx6rDTpbQh
Gh631h8hCCG9EyDR3/x7ABLTCnJhojpMsHi1W5pXEO8LAjFVfXgCCff1VNRnn2C8TAbdDGDDWj8MHlyaeWLKVKvBwVsLz7Jg8+rELlKABVJBpFp1aw5yyler1cZ9mO3J
Gh631h8hCCG9EyDR3/x7ANsXId7syJKNFpKIbmite4DwWPKcl5hxf6DZO+4iYPZpzM64ppibXI2yq8YNBcHPzH1P3lQ2J9YAa/0pf7FNC1v9Wsu1TWDkYQ0U/2nokbKq
