GmcONIA9PFzHw1gpPLLPoqev3ytAH5KO3S/CJpMsylg=
35kyjVfwBJgytCi6KM5Vug==
FNt9orFfFSbPIXNSbXcP2Q==
gE2g7VQeqq0h5MkG44fPUw==
A4ZCFW7RnVRfEnbtNxUDb8VFIQmzxcIFLuiIjRY2q84=
cwgQW1UgxyVfBeSrdwXHsPE1eoSAri+NViVSjTYe4hg=
pYn3RyiaY4vz2unSybTHuw==
mAzeFbkWBGyzJRgEWJSZYQNn44wFaguEUnqkvHVinQw=
NiGef/LGs6v8Em6sqLz1GYGKB0111uCW/TAqgkiW0+w=
2lfNnhNY+w/3xMaMUxJbE0YFT/wvMlSDz8Vrd5FEs18=
2ZD/XPBrC4CTS3ksKKRNDYV0lVtDxjSHpOp6u3a4K9G5w/K5WtBO//L+DrC4HlSyK/hswcfM+uzwt119r/qHrg==
2ZD/XPBrC4CTS3ksKKRNDe8u374a/G4YXuTnZ7lbk82IxW9MaflRaqcqvhOPGfXnli0+hFYZcfEiv9YH9mYgGYhXfojUwECa0CAiJKDUiKtwadrgX0jsTlzW4zDQI/bd
2ZD/XPBrC4CTS3ksKKRNDdcpUeH//8T+hcPwvLQtxgndEns/iJhzuzV+VolYjfz7w8CbIJyZf65yASj0iJEGEEhXAFSK1fFYG5FAPJxnm4yIWtHY2NB0uZYNREGdRIo5
2ZD/XPBrC4CTS3ksKKRNDWC/eAbGSZOdYozPHPSKjr77qBfp15jVSwPrDnuHnRD1zptrgwIRfW7s4psM9MrfjSlXDwMnoOXA9KBxLaaIaB1Jfwaq7219gIhyXH4sLPUF
2ZD/XPBrC4CTS3ksKKRNDSLShfeWB5DU2akRqKg/0mvEekc7PkA+4CQ/YyrXxCW5cTZYfHM64WrqH7p5p3wiHsIDeI3WNAcbLK4elBjoA8dVkbNzYuZhHxetPQejcLCoYbdjIU1pKn6hKi6+myeqwNBol5KBM73GPOXEDoAno0OTpTjCB4rbWIR/MVmdWhIvRsDx6bgaPTPU5VZ0Nk5hdsnCzVylWDyAEF3VSW5xlCFfjsGMJwipaZ4buXNtj1xKoVf9jr2jNe/XE0VCSL5hnb1vI0r/UzBkgAKhkNf8nAF9geDOT1xg8Fu+EeE0Q8v+sEnS7HVnCH7V3TzjbXD0gA==
2ZD/XPBrC4CTS3ksKKRNDSLShfeWB5DU2akRqKg/0mvEekc7PkA+4CQ/YyrXxCW5Jldk0XTemzBCnnzHL5EvCZZfD2MKr5lkwSuklDFyYXtUvxUQG0xwsAP1CKmeqSe7dML1LnXONsHUNI7/YeA36CJxDQtPCjq8S6SvmRBJeXTyrd8fefd4XKmOHK2eOrnVeredAtqC99na70TWz3/Fc3Qd74R+tomeBt5nNulV+BY4vQ7lWKfRHaOul8mfV2vAAE0ZFl2Q1THvjcCxqCAB3iMkyRtDp68n6v9HsdpKLlOZicLGk9mgvkQ3yWQ0URo913oYwXmt+s4qMnIN9KVNSQ==
2ZD/XPBrC4CTS3ksKKRNDSLShfeWB5DU2akRqKg/0mvEekc7PkA+4CQ/YyrXxCW5C5ry4RxKR2nKNau1MZxar92NKWqGigCJGJ+1asTyioU=
2ZD/XPBrC4CTS3ksKKRNDUUdjwc0Ean2AfiwFpHCUEI79VLBrsmUvZdKd5CC8QYS+dYJNk2rJM3vdZEq98PPOMc/CyBL+fzREzbYjPaKyDuvVjzSDUoRCLQnWPF+BFp8F5XwrwGR2ef+27scj4SWkvYQ1i/Pra4tOtKZfHpCkBBUdhxonvFCmHMZeQ/1OlryJ+THOT+cO5uAd89pmHTvDLRcQcEgKjOzPAPN1yQuuiGZoXyASkCyK2kGUoMv7Blvo+QqFTinsMBaiCZeyBeuZH9xT2dltyBZ1BkwpU6nYaNJSDAb3+++XPthKFsj58ohaxYS+JnllV3yRLAPZOB0Ww==
2ZD/XPBrC4CTS3ksKKRNDbT4TLA83xrKIKn0iWVKNa8AJSG2gsmqRABKcQcv2rs2G0hUlOXdEm6xirRuGTW+PTGJua9RF2OC8krZhz4Ya98=
2ZD/XPBrC4CTS3ksKKRNDcCKzJX9ahpK+oaBRQrZimWCB7Ygr0xrPPgPwBTkSJn1I7BBBXZ3zjBNTC9N7ji4nw==
2ZD/XPBrC4CTS3ksKKRNDZwO+N9wcQ0aR2mbV/m7Z07INcEVZhuyK1SDE/wEv8mG
2ZD/XPBrC4CTS3ksKKRNDdPFL3zFBsnWErkvZAI+60OLLvNouJ4HANZ3KhF+XlFsl5Wt1pZlDcyMGZWI8rGkGwo921gfaHWAQv20OR0fB1HmS6dxj+89f/BN/McvxC0Z
2ZD/XPBrC4CTS3ksKKRNDZS7ivNlLE6/udi5ikSoVPV52I+H01miQa6rjQJqweEFgidrmXd2Byc77aKvIZjMf0QLzBcaIEJLJZglv8zaorvJmRcF6NIJfMIARlxQeEJx9F93+Qzyo/5UiMR1UM87+amqFM7owpXSwWQUkfHHWrUrGArVcjCsCezWWbZu5AP3UzfrZ9cttO2/v7vcei9q288XF3sxwhCPz5GhF/iPukCn5+1uTNdHLlBvDZsC3yWDdt5/nbeU7K+GzJUSA6jLte2bzoaREp7bxcZt4TH+X67sfGhke7aZ8nj0aLJIVFb0kpzdW8CGsQ3AC0haY1VLmA==
2ZD/XPBrC4CTS3ksKKRNDZS7ivNlLE6/udi5ikSoVPV52I+H01miQa6rjQJqweEFEgDTwacRdQ8FIBKDXSQFgYrf3w59Jc2VwYZ6cz03AAo=
2ZD/XPBrC4CTS3ksKKRNDbeGGoAiStbgFjbYugoR59hx0bU/+mxKg6FD5f1bqM+wKu/ay64dFetZasywGe6wqthgOBlmyfYNbzGqkDxVnGx1xT8R0yfz9Hk0tuSMy3jx
2ZD/XPBrC4CTS3ksKKRNDbGXXTpbzYhnMMJ8HGIAhjPx7nqolw9mIM1Dar1nRaMAYf/QTpbkXBgdTeBHBtZZH3J91DBb1RyA/AeX911XKGLtsb43RDnLIrpfFMWFrjvS
2ZD/XPBrC4CTS3ksKKRNDfiCaCUvzu2xWHrZkf6A56Cqmdilxm/bsLQqOm6CD7G3/UVWwGbfled+EnMYFb8/sAoN/ak1K7258FW9VqLWH8W1wl6NGxnVBLfo7q0H9EhznnzkxC3M/VTTLOH02ble9+JRxSYLvat/PghdbiFaQVZ7R7vNsnZwsMm4dqtkS1CkXpp6oVa+B2IdLaM8gNv1KoHlddeznzlIeSDs3aUk8IUsXHdfuXmZO9NywVIzhDyEYLqmz/qdEhoL228wz5KvmPVsQ5lYpFB2YNTiEKNtV3ijRrMP4OEs7Lw8Y5TjHkjHl9yCDvE86/Z7uuBJZlZw9Q==
2ZD/XPBrC4CTS3ksKKRNDfiCaCUvzu2xWHrZkf6A56Cqmdilxm/bsLQqOm6CD7G31r2opDuEQ4Ofj10fiI9J9kdwuXbppjLr3OfvifFHcGA=
2ZD/XPBrC4CTS3ksKKRNDdHQN1vLYHw/JgWb4aDx8gqNQslMo8gHRxRpC4SpXcbnOLXDMHe/SNg2ZOYnT6drrkU8mZVJIiBVgfQntnsERZ6xuXUDtEN0F+/pktA+a9D+6nqlP2Q7Bo/aFWxoy/5ax2Fvv2uhmc5lXv0/yhvexwX3uTQs+Myi/gspGU2uKaO7i6eIJtS/CJKAUzcAp0SDYBgsiolQ9qRzznPu69uXnnoL59o7nPE/Q1ENUqkDqM89PlJbh3zqRqX6bMUlFy03d92+v0kVpv5Gycun/M+FAe3wJiHfqgT3jwsk931N/0O+oa0j0gVByn5OhpBFFuHH5g==
2ZD/XPBrC4CTS3ksKKRNDdHQN1vLYHw/JgWb4aDx8gqNQslMo8gHRxRpC4SpXcbnBRkqAbzJDuYNqaBL3CFKyiqoGxWZyC0dChpJUP5Yh10LlQL2BO1FRtRnNgGi0NSCH3+F+qKGb0ecZ4TIeGkhwlZepUNvXsdu3ol4o74+HQVltWGf35fqMsgopJM43Evx7pcWiyUO32D5p6NtpCzhdJTierMauSnCx4NcLyiinDblK9CVjOnDjmes9zm8p+X7EsvvoyIfESLOeGoZe8d/2h8E+zo+2rhqCQ+oGlsXcVZUCGPms3zBp8UDurQt/PuBWqB0smOXACPKOin6z2K4Bw==
2ZD/XPBrC4CTS3ksKKRNDdHQN1vLYHw/JgWb4aDx8gqNQslMo8gHRxRpC4SpXcbnzBzoBtbgayI5Ca+R+XlFbZokzanH4vLquQNrH76QAJA=
2ZD/XPBrC4CTS3ksKKRNDcL3eTWCr5u7XxFEGQpDO/XQLbXc4aVT5/f5iivAL1T3qIreOEdxxLopZ3hivmJYCw==
2ZD/XPBrC4CTS3ksKKRNDcL3eTWCr5u7XxFEGQpDO/WSzk0gkRwIcdzaS9nbZwx4
2ZD/XPBrC4CTS3ksKKRNDWHj7AvdqgxGfZOpCxJFWjjloc01DW1d6R5UZIcb1rJVKrr1mW4RECtRtk6QsgIqLjWHdhDt7LiN17A7d0Oc7xZUwtCS2a1kwNqj5jxiZ6gM
2ZD/XPBrC4CTS3ksKKRNDdX6NzISGfQXKSDc2DRKYcIPq6XU8rvcZ05P6co+iJSydEkZM0/vMlkxuwWtAEh7dtv2kl07+BnF7y4hcFejHHgM091dUzTun+BsiwKGtgTS2PUk6B6APCGOWXreoJr/X1zAyChAvXtBFYsJstegxmG2/muxak0uRBzozFxRoha5zckRjdBwQnrZFKDXWUTkihmmDAELAkgm1Ifyc9Wrc7LFPhEr3WEGOknnLSZlZRFeoCgPWPg4AOmpXTLNILYdkRBCNYZr9CTZTaJneSrt9kQOMwjInECcrY0Ji0BcBmg4cHq/9xUUhah7jm5OIRnkcQ==
2ZD/XPBrC4CTS3ksKKRNDdX6NzISGfQXKSDc2DRKYcIPq6XU8rvcZ05P6co+iJSyUuL76ObrJ+fooly+ib7TFv6aJI1m59GXwvqlRBZB1mk=
2ZD/XPBrC4CTS3ksKKRNDVnyjdj4ndxoEAjYEIjWaqc7AeJuMc6fEBgkQQytGsxMHo97/ZCXWw9dtNZrAUbA7JhLJhxTgC3IMgU9FnzrV9cCnZb82qJgu/7nwyD7UxEr
2ZD/XPBrC4CTS3ksKKRNDfNn/jniequRVcz31BOWAPPu4SBQAw6Q0oXpFc9gGYBTqY7RRgiErV+jnKYbHXt1La9zr7+pGb+vQ2l/3rm41H+PpAtjPerufZa4XKIOqemag7xSH5GXTox07aUa56QNqMx0nSTTv28zEY4qwm/Z5v7t3SOK6GL080L2OdBOe4h8u9sbDF6ZEt8To72jUZQwyJcpgtzXyIalR+2CpJgQO/2cA67KjlwuONEapw14iDuAN8M2F12QY/dZJae/qjCwzt79gT3I+/9mO2AQXtyh1kDvA6m9FvGvH4l9JYzkaKdUxo9NK1EsGOYoqbN2SE724Q==
2ZD/XPBrC4CTS3ksKKRNDfNn/jniequRVcz31BOWAPPu4SBQAw6Q0oXpFc9gGYBTBRjb08XZaT2l7Hf/wuOLC+mUvQiVHO9JiKkcdeA5NzIzq2zCSD4dtOX/em6DINOOs8V7mq2Uzj1PVgAyetLey5+E9D3GrLdbVtchjMX46liT1xYdJc34YeVlWZT1v2kyQF3pSf76H3qaQ0Rqqk+9aRnsIAkht2zjrWNgha/d52TIFILJfqgDZhH8h3zAzChcBL6FFYghMF0f2fxvw9fh5s6udmTSmpc5IAESJcrAP17MUmK9+V5bHXrIKt1yFvpKiIdHStEB+OPGoKZpG0HoMQ==
2ZD/XPBrC4CTS3ksKKRNDfNn/jniequRVcz31BOWAPPu4SBQAw6Q0oXpFc9gGYBTLiZeJi9kmxxIRtMkhEXMnYtXdyLXIKGMWV+0ZzjJGiw=
2ZD/XPBrC4CTS3ksKKRNDWCoAf2llQhPcuchrX467OwfFBuRnpUJMb8HcfpaZSuPzhduQG+Q68l9GOsDYdfpWLW9RL0BNtudz2ptgJV6QPd/om31obtP5l0yRUG3s4OPxNNNJcdA0Rntoq+aXah1k5CEHCS0v8UZ+iJYPi6kZE4ag4jAutP+eO9M5/zk3HUOmqofkzHwXasQMfQAqwAIecuiSe9B2Hnvf7DZd2+AEsDdp91ofgNNH5aqR9EBKNJY3Bum90Dx3Jx03y4eiGS2VksjnvK65OpZaYfp2JME66Qc2a16fnI2mJcxpj6eA6muQQpJ+fSDaDqKfOHlWBM5aw==
2ZD/XPBrC4CTS3ksKKRNDWCoAf2llQhPcuchrX467OwfFBuRnpUJMb8HcfpaZSuPK+sP4+9B6VTwsCBQn6SFqOhtpY3UWZEuZzeLa0AYmDs=
2ZD/XPBrC4CTS3ksKKRNDRcwh9FKl/7I9lEjlJ494d7C0Xyoq/EKLOA7t5HHMTNQFJI5yIQ6w9RNc+6lPjrhWw==
2ZD/XPBrC4CTS3ksKKRNDRcwh9FKl/7I9lEjlJ494d4qEYSoMrC5cZJTPdmpc3/c
2ZD/XPBrC4CTS3ksKKRNDVGBhQotN4AqtrpJ+eCOanfqUkP3j0L2qUxnt9jrsKR5dC6vhQ1cBp7zEw27PAt4AfvCTzcRphNPiiLyrN6ooQBTryxJfSDnDaIPScQoocvl
2ZD/XPBrC4CTS3ksKKRNDSi7C1pnp4HZpcrcRmMmPpoDKiOH39u5ONGLavnMTyG+0S8OEhNaD23Q4jcuikm61sEpWX0T9BmwDkWU0IFC81nD/4CQFoDvH7VnuZHne6UOIZgWfmoUORA9aK8tsGhye4Ti+gQlfw5qJz9FU0bk4otnwDYClPhA25rs6UKbRwyNsfE97QYJN7MOYYfKdjiHH1pVCn2vk7YLy659omojxE6f+78ANRhCF0nhAjA+aq93iHPL6h5KlhAEOD4vy4TzdU1MMHqxvtXa+BYf25hZahEIVMUmqUWY/bQAMo7dERcfA34YuGqIOhgKWhMvR5ChDw==
2ZD/XPBrC4CTS3ksKKRNDSi7C1pnp4HZpcrcRmMmPpoDKiOH39u5ONGLavnMTyG+Yi8rp/yHysnjL7+Sv4A1oM2LUqwwhTwgHQacnPFqaPk=
2ZD/XPBrC4CTS3ksKKRNDZqdQwrJ6hV17t4k2kh0r4adC0KHaZG/Cq7jTzqLfvRKaLw90zCUjNKW6YIarkeynjsAzb0pbybeqB/leoTT9tdz49R6W7reRTkdphgyQCVF
2ZD/XPBrC4CTS3ksKKRNDbCXggLE0fFaXvSEbATSBAbQNTlOjn9QAQApDM2TSiHOZe6YvsoHS1U9X20p1iSWAOG/gQIdSAj9a0fUGWMTDyvreLBPUspmBZUH6F3Ioppb
2ZD/XPBrC4CTS3ksKKRNDX3Aavnue1FGGqttdCzNbsukZ3W59yLQFlXR1HsO/2oePIfXg7EjH1DO7ZMX3oSgjrKJ0uxcT2NNPdTJ5IGhlZWJncDlKSykALxR0hT9Wsls
2ZD/XPBrC4CTS3ksKKRNDfh0dTrOnGmQnuM7eoAZlwOu58SDvqhreKdSgBJc1Rk5Lf+6GMdU0nL1dQT96CJ/DQBFVJMYUvoQSoYDCbuKk33GGV1gAzSoD5fQrda16gSZ
2ZD/XPBrC4CTS3ksKKRNDco7QcZXg6tLVEcRiq0mV2kYmygN69XLN95dnVwOzKDCLZYKHajFwEtTFuhrKKQk3J7yR4hCFo8980PswMwKDoZHFtExPyh5U4ZsEQTFq3Tu
2ZD/XPBrC4CTS3ksKKRNDWp9O6teWgQJ1OWvQuvDu64WjOyX/j+HODAKpkRucq/lHZYifFlbzLjucVdcJxegCQ==
2ZD/XPBrC4CTS3ksKKRNDXiMo2u33/k+xCFtXulVroJjEIaz7j2D0fd4x7a43DEK7ZVxn42NgRS+dWTUkyKqzM/8Y300rOL3vA4YpkfQKbXGv2kIHxrPAdFgy3hW5VSo
2ZD/XPBrC4CTS3ksKKRNDXiMo2u33/k+xCFtXulVroLLTm6tHFTJlIyGNR+e5x6S+rcH+gWYPYvNb/bSk5UQQwP2i3ifSe2puy61hte7k+Sz+yf+AG6EbjDnSxkXDkvE
2ZD/XPBrC4CTS3ksKKRNDcd0VjSbv7/SNaOp98Y2OKmKPWltLd/Ggh62oGHlsnl1/3J+e/D/AUJEMPcKFoEJPd/nI3kQx8jQlXzPYX51+0cq4p3DJefz3LEWXzFBuM6m
2ZD/XPBrC4CTS3ksKKRNDQglQKURxBm5343YMjHGMzay7QjugpV4tZwPaJ1YsCGv78oOeIBwv8XF5pRqPVEmw7kGcaOtpctWBYysWEsUJCTo70QeKZcACJzij3zZXsgI
2ZD/XPBrC4CTS3ksKKRNDWYebfLVGUmcLMVzvRJKB8iD4UyMZbOYQwZNQ07Ob80EhBBWUbJC9XQZWW+bjw3NNdtFyd1KskGKv8DGsggGzA+LgWsq1ItotpjPsf7EastG
2ZD/XPBrC4CTS3ksKKRNDZ5YnWtY9s9wvQ6O7zUkAVt7L+wrN5pRaM58jlBNvjA918ZKznvXektUVolKmqst7T2DYEntMO8FfxZaOmj/51tAqjd7TRJkxrU1FzHMggq2sQdGtpcw5p031TIKjY9uL+Rrwda/KIp7/gMWWe4XwRAyNFH/N1yXFpqb+PqW3/tpkRGCk+pUJwYJj6oXxFJfbhvjiqgtCaPeIemomviv21sYbJgrlkpY9WWFDQBIYAuePFU4+eJVwvrtCmDu3gw39Nd7/s8g1ZqwxKerLUmYYGoqBqbMGvEZmD2mClZQgsw/akF5q3+8jo8o6sEqpU0GSg==
2ZD/XPBrC4CTS3ksKKRNDZ5YnWtY9s9wvQ6O7zUkAVt7L+wrN5pRaM58jlBNvjA9p6MXz8WLz1wxmTNLey6PtrTBT+OiCtjecQ2Z53k4Xy/Rxfm1ISY1ofzder3PtLlpULfHg7GXYP2PZUSb15tbjkq/ITieXgNWZbctShQR1QNHTudySSFGE5AhXubcDZ4EqQph3/XvuneAkN7Ry53fyM2nI/x78jJkaBbj3jUoA+Q2frqng0A1fIlDV0zVxK+tFlwEcb88XXq4Qmh8pQXkWgh6e/9Q4dbVlYpkvamIqeV298nTR4hXjPZXpajzJCmgEv9PIbF/yP0dnqJuDGFoww==
2ZD/XPBrC4CTS3ksKKRNDZ5YnWtY9s9wvQ6O7zUkAVt7L+wrN5pRaM58jlBNvjA9G8RnFCapYO+wzX5nG5J3FAckfVerIyVGwAyK305fPgg=
2ZD/XPBrC4CTS3ksKKRNDejIBQ4aAm6S5tpYvxpYGoUjX+8+JPuNrztkfeD1KcvfOPeSHUb5T4NQk85kHo/4+8JjtOg5ToA16rlnkYubBBEI4P6hLo8PHf9eEmA7PucUyHoX90FxlnFW9LCAZkkECz9P+nxyQ0NJwR4RwNZGe9+h2hbnJUiiVcTo845Hto2iesZI8UbGSloBqhPleqeyHShAAv3MPs/nc7TkVhY/agh6lbk6Sx1a2hQ0Ydov3inESDt/HXKdJRRQhTIf4EYANGFhwHsYLL2TwAtlsEZV+K9hUAvLheTcD0yLxuXV3ZRBx2mwlZvEre0xHXq5tHrPBQ==
2ZD/XPBrC4CTS3ksKKRNDX4qH4/3kQt1jf0ML2pRXcw1fzmTgUizSY5cY7EV4MGtznrm3t7gQNa91AeeCWKRgd760mm0vC+wBBuuffpSs8s=
LNEV4Vk4m/FFe2f98xy4oNfbqQXo0H67Q7oJGfo1JQjr8QnCtCnWHci9ANKOcCM6u50iekHQIwbz7t3amUfeQw==
LNEV4Vk4m/FFe2f98xy4oJC6sTsbvGDDtmGx2GaS8X1hYZ0laNhu9iyTB6Alp4BFP9JpFNolZLIHAyEJ3b7vkNKpzgyuiixvIb3K+fHzaIH1S0F99C46Jskc5uP0kUEc
LNEV4Vk4m/FFe2f98xy4oJC6sTsbvGDDtmGx2GaS8X31aqiNs8zZmOvnhA2/FKLPWzpS7wZZGyvVRPXZVCi+UHbocVsh0hw/qwks7slGErjC8j4h8/JAmY8y55NJeaqA
LNEV4Vk4m/FFe2f98xy4oNUtj9dQcBTn/5Unc3yNIwuD0Igfu6oT/5xcD7I/2iGa0KaHBORz9tG3YlvNCZZYjCWK6XZrJSmiGP7s3u+IatGE4EXJ3NAYdLuL9crA9DQs
LNEV4Vk4m/FFe2f98xy4oBUK6k8mn58UKHqMduhgqqAwvbh7umTJ6N0oOBn1EeSSxMmzolTvXEYRMUXv0EnDCLOMHz40/6bFdI97nYBLWEwhXisDrGkfUlm21DeW2Fkc
LNEV4Vk4m/FFe2f98xy4oFUdRS8QzF/tsF9WYWmosg/mpEr7+honjKewskoevEyNIpvO33EsuiouqaAF3IH/kJBT8ofwWjCTE24uST756iaK2fSDOpRrj/0ZBakRw5OM
