GmcONIA9PFzHw1gpPLLPoqev3ytAH5KO3S/CJpMsylg=
35kyjVfwBJgytCi6KM5Vug==
FNt9orFfFSbPIXNSbXcP2Q==
gE2g7VQeqq0h5MkG44fPUw==
A4ZCFW7RnVRfEnbtNxUDb8VFIQmzxcIFLuiIjRY2q84=
cwgQW1UgxyVfBeSrdwXHsPE1eoSAri+NViVSjTYe4hg=
pYn3RyiaY4vz2unSybTHuw==
mAzeFbkWBGyzJRgEWJSZYQNn44wFaguEUnqkvHVinQw=
NiGef/LGs6v8Em6sqLz1GYGKB0111uCW/TAqgkiW0+w=
2lfNnhNY+w/3xMaMUxJbE0YFT/wvMlSDz8Vrd5FEs18=
LNEV4Vk4m/FFe2f98xy4oMzMz4WW5hc3idfi1L6GiQaUcYA5HWwInYxWNvtz/bcvFxBFcZ34m8mrPpLbekhFdw==
LNEV4Vk4m/FFe2f98xy4oPpmfqk8+omXasSATSfW9XRBzKFYRdtzR9NMLIOYGivQCPARUIODOKhQ8npOP+LQSNkSSqVtnxjYB6TRN0narKyRGcjeHdEhMds7IAItoF2R
LNEV4Vk4m/FFe2f98xy4oLhWAyBebvqBx88ZXVTly3h3tLqCGZRkbMaxmXCPrFquyebGL8WbUT2miee1nm0IFnCYlj/flmSMKPDppG9aEsGqyk6zBgVi7X8H0bFnc9Ti
LNEV4Vk4m/FFe2f98xy4oD95HWIGptVZgZvhAg3P8qgoK0lmqcIPAUPPKP6o+sJvJ9pngzTscNPP893TGbPiirw4vWbzqoPIEqyAQjCeBhAc0UoP9JQTETgTdeXzTr4n
LNEV4Vk4m/FFe2f98xy4oI5yXm2jDXEPSMPrEFdlfTDH4yZLn8U2kz5lM6ItIcDjvD3fUAUurFCPH04eskqLi+PtlZDtnNOlrUL1jVvzrKwb+HnraqylxSQhLQ8rGZBh
LNEV4Vk4m/FFe2f98xy4oMJId2KBBY4WbBkxGDNGNsUymqQQh59HZ/UUG+b52v8k/Lpt8WSXeDq2/svfgCqsX+88uP86fYnHlwilqWyluqXUxzg7LCc9AfCwswatdup3
LNEV4Vk4m/FFe2f98xy4oBP0IWbu3XjeIsIO77tIO3hSbzhUbDXhXJOB4w4CAx9KrjzoiUZ4aZdwO4+KcjvxAevxRFIsuX92yHYccFq3BQnx+vch3og5tfo4TeMipY7b
nUmbOz4K+lkxmdvbfX9J3FF/6vuwlr6V1djDUYZkBRY9aiTawCAFpdFqaVR6RJsyjaoVVfMMhxJZUJxCA/KiKw==
nUmbOz4K+lkxmdvbfX9J3NvVrX+5gXgQHVzMF1WCczZbBQP52kHpCz8Ld5GDNaqmkHAchwZNZfyGXRHBYTEEU/1nIMvd0cSeGT4VCQTulQJGjZuB23tS8/ZoL97ymrlk
nUmbOz4K+lkxmdvbfX9J3NvVrX+5gXgQHVzMF1WCczZtILGz1I2c48KIPc/EQVO7dNPVtij0JGvrS6Ik0SMJAsPzPL5zZiXIo3tkQcwbPd/Wtvggtyrbfuc0SU9FWfUm
nUmbOz4K+lkxmdvbfX9J3AU+SCAq9clG9zMfhafYidTDgrVj3BmD7NVCAQ0NjiJ+sAdXi+jjRTwa10d8IKtPp6Fid2yNjA9WEopm24dPEmtNUEjHhlanAGdqzfaGorVF
nUmbOz4K+lkxmdvbfX9J3Pxg0sIqbwXgJPOUZGzleRxREUjz/uKQ3+lNboLG0zoM5RfLrWUi+yl7RjqoQ3UcmN/4LXNK/VeqCRG93Rhbz3OT8rjuQ3JQt4iae0NQHkV3
nUmbOz4K+lkxmdvbfX9J3DuJ5+TEGzwgB8mC6KPctIMPQlo264m75bDl8oFwto47OntDucyBCMaQ9AfSDCcZuvsx0qcFREAqB8QbYdM9CairUVuNbiYNQzKO0T7/xvGN
nUmbOz4K+lkxmdvbfX9J3PRM0GKVJFIGI8t0ljtd4dJlyjb1P9Eun9BvHI0EAgnArc021WmVLqze9nq2VY7HqgGFJHGi/Adn52sbhDUShIx3c6MFWBGkVtnjyydu75km
nUmbOz4K+lkxmdvbfX9J3AQmB4XuKVXnfIAGHV8E26IcdQuy3acRNKMonVHHhSsSnLZy23DHeyazm+1IVsr+vSErZCPkb3mfARujE29jh7Br/YY4Mvz/QDTvP35l9iKk
