GmcONIA9PFzHw1gpPLLPoqev3ytAH5KO3S/CJpMsylg=
35kyjVfwBJgytCi6KM5Vug==
FNt9orFfFSbPIXNSbXcP2Q==
gE2g7VQeqq0h5MkG44fPUw==
A4ZCFW7RnVRfEnbtNxUDb8VFIQmzxcIFLuiIjRY2q84=
cwgQW1UgxyVfBeSrdwXHsPE1eoSAri+NViVSjTYe4hg=
pYn3RyiaY4vz2unSybTHuw==
mAzeFbkWBGyzJRgEWJSZYQNn44wFaguEUnqkvHVinQw=
NiGef/LGs6v8Em6sqLz1GYGKB0111uCW/TAqgkiW0+w=
2lfNnhNY+w/3xMaMUxJbE0YFT/wvMlSDz8Vrd5FEs18=
rezx3laC6jPZc3+i4QOwcPhsXbbLmLc6pXwDwG8KRxkAbsmpWiHlLt9mpAjnYoyhhNTIGsGb49UHm5PTskORNg==
rezx3laC6jPZc3+i4QOwcMLiNbufdhG/ogCDtbFiHhX4BOzzwOokt5eA6vYphrUN7d4nF6veM45lpTPmr3hmKu1nVTgZHyE0u+kvJS9++TTpfz9dadQnsfgn9hLbStDd
rezx3laC6jPZc3+i4QOwcMLiNbufdhG/ogCDtbFiHhVqCN2d3fZv1gprdo5ZAMUsUYtk8uG3iV0Y+nZc7Fg/kRBPl94DLoSOM910g2yc2yKxLQ8mKRGnb+gjo+rGmXx8
rezx3laC6jPZc3+i4QOwcBY9//wVH8t1OWKvq4XuYtaQYFBuHd9tNojTwWMb5CaY3zKjGtJ3pGQr2IWW5vg4SKRtrdJEq2nmOwd8EMeu0rdPFcI4FYIcyMHup8SOaf93
rezx3laC6jPZc3+i4QOwcC5qLMVbg8U/iFBTES4veN03Rdt0N+0qV93eqMH4RCoMFMgG0xTcCEGEfo82ZCQm+wmyPmJo5oUQiWe5Xl2xvUVcCLmB0vv21jx00C1lyk4R
c9QjFukbbZJ9/cSNNoNlWpYR7V7/hU5X6mt34ouCrnw16M6il3RbCRbdTEKhHYG8R6JPnJo1BVXGZA1C4rR+LZlXKvtIofkT/UdQfVPLisnMZgmPMjXTirH145sV8tUU
c9QjFukbbZJ9/cSNNoNlWokniK+8HaM1jbAZpLR8ZK+TybBfug0P1sSIKde9K2l7mYxLYhPrz61OJiOPKBBC33CLrA/5W2VY0vOFN3vns7trLpyzAgDCz9CRmHHjS87V
+UPWfJamnHkd3PN/O1D7I6OEIMqXKlzqAsuYf0LA+YJUK/pZ5Z2opADUJrG0cliMiInFTl+JN1Dl8GFWdl393w==
+UPWfJamnHkd3PN/O1D7IynB0fqwdRQByJ1bVJjJsC7L4csOFTqSwxbqQgq5NTIogFj0qxDu55hgULLHDuVTYFV7BhfziaNA8wd8OC5k9JATGjVaIAFzReYUQz3jXsAj
+UPWfJamnHkd3PN/O1D7I6TFAuwpeZ2/X9lpNmANRbEDCvMgwgpfe2tLps1f9OE4ZxhMU4QSV6xXPNTIe64qw26yGh2tWrQFCqBwBQdQdLFyFUhdqhOaq4IhyoK/FCae
+UPWfJamnHkd3PN/O1D7I3vMJqkvsNP2kJn3P0wm6PjXPsU4govDyiswP+VssMfUMWFyW4xVMhNWPnlOv0XR7YUbXjbXbIAs8dUkngIfh8RGGjo+BtIlH0t9tl6JaTMY
+UPWfJamnHkd3PN/O1D7I8RefuQ2TbXDtY7H6s703AS7l0Ec7uxG0me7kltb8yRVffcvGNMy1O6smd2l3WAPy2NApvJt+Ofo1xtiO2pl221OExPcYyZzf9vJQ2jFmd4+
+UPWfJamnHkd3PN/O1D7I/vDqnTPdD4tEcysiMYUkg8KglG2ebGTv3A0Q8aRSnHQWdu3B9UbS/v54HHzCxWe8XXbsAY5EqLAb2acQ8RMxAN9y8lUNDlEDV0MjNg0iKuu
+UPWfJamnHkd3PN/O1D7I+J+oo35UP9R7nKxbh6GK5eGF3vhuoXlFR00hSMpqd0k9Fcgs2II/Tbu7kVkz3RBIg==
+UPWfJamnHkd3PN/O1D7IxV5FAUIgnV3MH2J6M65p58FaObxOttHyn/g4xbufmRhOdFlJu6ogrqdmogwr83S8ySjpTZIWTbqfRXgASeRvhCBFeJc0SCmF3tjaTEt4u4f
+UPWfJamnHkd3PN/O1D7I3zbIN93Ds551e/D9W1B5RAAGyvPH6r4+3AvQdJEbfY+7w7QhMlopjQmVA3xmoZI1xYgJ45H2fbYAWJ0qXNU0aO1VE9UwwrKtlQ9Z/hBntu7
+UPWfJamnHkd3PN/O1D7I6A4xHrgxT8KS0rT0ODdwYZXjaClchnmOZSvJdlVgM/PeoiU56oBAGOTrlspn3iBSSz+dArPQs4SAAvUKmbvmVmHKi3B/9gZi7fRnjZpgKhY
+UPWfJamnHkd3PN/O1D7I5DQMzvQXUmu3c367fHv9DADTBI/gZIcpg7IjVbjdrILfhY4cWigOtPwhYVWHcDSMO0WXxdnu1Y7OxVqzONjVHN5pqQCoZarcY+TcvrKMjSE
+UPWfJamnHkd3PN/O1D7I4Pj5O00b9lRCs8NpCQSxiCKiXlATDbIqKhiI1eV7ODiUrax17RWzqBuj71/vHjMmGDEihzLv3w65xjdjlIiql9TKBSiH0vxWkeXi4SJQm2/
WZVRb7gwK++odciaHHbBf87+uoYNmkra1bunGiar9zqYtv43+dBUaWa2FEvHcK3j0CB2jQVJOHXEQ9ehF1zWpg==
WZVRb7gwK++odciaHHbBf8bCwjxk2hRhOsfbF1BCFyXahprEYVkWLgkIpCTsKwp93EIgh1o9AJEDeWKje7IVzh6FbEfLzlbx3IsbFC6s7xmvlmMXT7lyFWNBo00uC+/f
WZVRb7gwK++odciaHHbBf8bCwjxk2hRhOsfbF1BCFyWQZDvgLxzEkHcgrJkuB9l3232R9mTJW4NRqINP9naVPURRoBQCeevZS8isPTZY+8Ui22UrBJhbkzphesbrSaAL
WZVRb7gwK++odciaHHbBfylpYD8nBWJY9cxwGY/8Fs5jNyGgU3NW0QQx4sOD8Q8B9JD6tjFKBrNQxkAXNVMX/D2aycJlMvih3Oa2B4BISvEfEpi+J3sDrvg05qmlvtVs
wH/P7RGpRmBu5IYyHWtvwz6hII/GZFfZSP7xSLc9PcWbB9BIlZd7rEVYatcRBM8YOnkiXydOvL7nG9wJaaNZNkyH6zi33z8ItybcAHpSxKr92ejpE9vq5zBAf+xYaDNz
wH/P7RGpRmBu5IYyHWtvw/ukqbLfUyQrK5GLmzYU7Z6CObR9ccS9a/oLW6rfu6nFJRi0WRWVGJuSVdah+y9U4ZLy3JMYNIKBuua/WU/u1mtkZVoJ2LOrYc1Vvz5dI9LJ
wH/P7RGpRmBu5IYyHWtvw3/ZFImiK4cvwyHPHVKTyr450Sgqkpi9dDoCPXhVLeaU5igAvvu2mtvrQGObV2AX2TguwgoZsZ/8t/mL6IOc+IOv41qe/Y3QJeDM0lyWkwKk
