GmcONIA9PFzHw1gpPLLPoqev3ytAH5KO3S/CJpMsylg=
35kyjVfwBJgytCi6KM5Vug==
FNt9orFfFSbPIXNSbXcP2Q==
gE2g7VQeqq0h5MkG44fPUw==
A4ZCFW7RnVRfEnbtNxUDb8VFIQmzxcIFLuiIjRY2q84=
cwgQW1UgxyVfBeSrdwXHsPE1eoSAri+NViVSjTYe4hg=
pYn3RyiaY4vz2unSybTHuw==
mAzeFbkWBGyzJRgEWJSZYQNn44wFaguEUnqkvHVinQw=
NiGef/LGs6v8Em6sqLz1GYGKB0111uCW/TAqgkiW0+w=
2lfNnhNY+w/3xMaMUxJbE0YFT/wvMlSDz8Vrd5FEs18=
1uMfd5IyxPnr7S753dvKniXNrQc25C+FlyRl14rIMbG3VeiZdAeJKa0UaD3EZRqjv5yvQjVf4coMJeO37Mb59A==
1uMfd5IyxPnr7S753dvKnuVFzOfNrm8XGdKi9h4Rbc7j38MP60X5tMrc0uisajho3/JR0wjN/XOPmkksos1nOMPQd0RciTqP+av5hm71PhzRV8vRZDVl1qyI5j9RPd8y
1uMfd5IyxPnr7S753dvKnuVFzOfNrm8XGdKi9h4Rbc5kEAv66qxRwoQAFHSn7fCIC3ToCJtKakAtymbBKYYrYXxCriMH+abginkMdmET/QxYYDJ8JV+S6olfd4cVLSt1
1uMfd5IyxPnr7S753dvKnnSpl7r0mB8Q24IDNKTQR6el3cJTilePRXexpWio80rVgL6kuRm+D7unPlLe8bYpbjLPWgkMA7kQbgybmx2rwS/sWyy4rvY1BMZC+zW/O4pK
1uMfd5IyxPnr7S753dvKnoI5/f1M3jFzL4U7QFFyCnleYKuFVRuTLnzrDIKvqdH28vDT6zeo4oPzVXbWC/n9jAgWGULQuhUuKq12IOQT0RzJcGlMv+XJ9pbwoshDBr95
1uMfd5IyxPnr7S753dvKnlDT264SXN2BHMB+Br/SwCvfWTZdTBr1j4/8qNs+o++SSo0PznYjoB+YXZ9C0vZrckb8C6yDz0Ae9sDT7oGdhJIlKM8dIhvWg4F7d+OUYdIo
1uMfd5IyxPnr7S753dvKnls6zXQeUTbJ42A4NYg43FN7YTzySxvfzLicGiGNTpgZ8gwLwt4JHnusUjxJ/Zuzv+vkawl1DR8NDLQ2ub/muDBdc3SbnbeMdSBTbLxQv1NE
dIYDXwegoehiP29iclysT5ciuPZeFQ8LMtXX5vwfeb+5wz54jE8GUicAzTzduQeAKMrGSDfp+4CjVj6wEaHw4A==
dIYDXwegoehiP29iclysTwXp0lUb/IfIzYzG4zykRXON1Axs/LvOy3Kwjsd91hifDh1Jp7bjGeurPnMypGQlv7RDkJ1gTF65ZQrRcY3EuSaBobrZqI3szwOXFX2jQxNm
dIYDXwegoehiP29iclysT3kfcFFtjTA6f5/0P0aJMKlWYyU7eoOw98q4lzsMJDTUeXLuYUjLyVaz1m2OFNesm79P00DQA/pn0W6QVl+Uyrj/PiPHjjPQkCaju5G5offV
dIYDXwegoehiP29iclysT48jCYIQzSUpNWaz3hctcwXG/XnE54X4gByoG0VxyMeSuQt5wUET5v08uLHn8ZLRYzEmfNe5Z2Yc/AOa2TuEOEKSsEVsoTu42dwjxg1qj330
dIYDXwegoehiP29iclysTy+sLXbTq9FUipdHr9y9ScTo8dF4TKNUyIjJn7EcEi6z+7o7jPjgGmtLxd+ZReDiVAITHNV0cKS8unQu56YPEDRj+R6W7Hr/u2TnvELnRefH
dIYDXwegoehiP29iclysTwgZEmIQc+J/fmBZgzxNiu1ustVplT+XuCifZmzrdAF4NJwItEI3XWSgfMMFL+g+UiTa9EDKh7ww/A/gpcYO8j4YI4/4Rn1tBSVIaFOogj+O
dIYDXwegoehiP29iclysT2Sm3ehDwefuUcX5QPDrErMMpS010PbaIp7jTJAk0Ek0t/LUlP4Tj0TBfQi3IG2cgifNXtoIXdCDU/EFCkpxBYm7d2Z34ze7YnYbODubuS6Y
Gh631h8hCCG9EyDR3/x7AAUyRVuUbpTfsBn8AOvwe0LWMh6LV0S1u/RNd8BZiYjx8tTjg7cAtWwnPDBehPBICw==
Gh631h8hCCG9EyDR3/x7ANA/XFl71jC5NdrZ+xGGTNxbyFGm4q56fzGVi9bDpaP420ueb0cCOZZ8ttcL8lCgpKNA/shdgjVzwcqyvdPoFtruP8hxGN2uACGH9xsZVbkx
Gh631h8hCCG9EyDR3/x7AICyrOih99S00wfOn2KjRtQUPfe2oBm9/c3NZF2bF7CenZbCKmxQIQ3DRwemQjCxw/o10ip7VsNoS/MX4nZN0jGn6J6ThJCk7/RkVmCmCSb5
Gh631h8hCCG9EyDR3/x7ANGr5HfGyi+HqsZmwO5zzoYLft7zvhxWDoULo5hhT8IJ1QHDQMZ+xZDqlpVS7SBoB960px2Z7Ny8ToLDvHzcKFxsYZk3n+z7qBpynjC1eNSB
Gh631h8hCCG9EyDR3/x7AIMTEolR+T6Z5b+PWF55IG0M8ZnCE16IKgWrCk2E8kmC8m8YRQM1dwD7FCThZaXSsR5zo6nvOFZ+F1dgBP/uREqccTaLD55rHR1rBLE5lliw
Gh631h8hCCG9EyDR3/x7ACD2GRmSSQSJtcasHD/LbtO3tTwxKx0mm/Lm2vzLThAo2TnFKwQAEuN6fSFAIkTekZIaUaIaNxqD/smIeywMO3aHfD8Ze9MuFroiP3GRJA34
