GmcONIA9PFzHw1gpPLLPoqev3ytAH5KO3S/CJpMsylg=
35kyjVfwBJgytCi6KM5Vug==
FNt9orFfFSbPIXNSbXcP2Q==
gE2g7VQeqq0h5MkG44fPUw==
A4ZCFW7RnVRfEnbtNxUDb8VFIQmzxcIFLuiIjRY2q84=
cwgQW1UgxyVfBeSrdwXHsPE1eoSAri+NViVSjTYe4hg=
pYn3RyiaY4vz2unSybTHuw==
mAzeFbkWBGyzJRgEWJSZYQNn44wFaguEUnqkvHVinQw=
NiGef/LGs6v8Em6sqLz1GYGKB0111uCW/TAqgkiW0+w=
2lfNnhNY+w/3xMaMUxJbE0YFT/wvMlSDz8Vrd5FEs18=
EdMNMoomZOoe5SU56LxjCc60wdEleoNSkm4GaI5JfkDz5k2wlCuK750gf1Z9zVOh0pWz3LR/OZlInbrqe62NRA==
EdMNMoomZOoe5SU56LxjCc60wdEleoNSkm4GaI5JfkBMvJFjuhlsbA58biLb2Gac70tTgesksnL3hLuyfWomKhRLNGNAt9/uoS5D/lmV73C2HKtaWXxrA5vWXOD4hY8bbDw8wOAPpADGBSDBZdb0YMCv55WT1ihv0JttTL/PXZkh/ORlRyRUF/xBgz9tLCgGxzCnxdrdoign+Uwn8z5cAdoKweX2o65UAGFgYc54IMTkNUVZLZizwMY5mQdpQLKX67OgsMp32okTGNMN1ydYopBARUNlZOL99xtJhUgGTZaOmzmBvXRCe2fwWNS2Ls9AgOpUa3ciutnwwGf68gBJR4Eh/v4BLLZHncQMEYNxt3stI5hc3FUo0EqNdp51gK+AWnrbbxAd617B2+qs1Ql92w==
EdMNMoomZOoe5SU56LxjCc60wdEleoNSkm4GaI5JfkD4GmF17TouDm3R2eS4hO5ZwFUZTHjkYkd4VZhTyPGYUw==
EdMNMoomZOoe5SU56LxjCc60wdEleoNSkm4GaI5JfkBz8nqACpHyqYM40h+pLuYKHVgM5iRkcXZi2Z+awEhHNNVkpxXoCgK2h4FOem3qjix0ewIJ7YYZZyLce1TzoKc3hjbfil2yZDUAMc/3S2LFKEQ0ozpX2IRCBvcp1x3b0ZqYmtIwDf09TqXuJMcFb8h0S7209z2gyhWHOvH39nrLU7sG6avtL2RbdfkD4o2hUEQaMABy+dYLzYFmdABstH8x+CRI3r2dN60ilR6bkY8lkh9UdaDiV8Y2jLoZNYtE58XlH64E30KENSJ0cYM60zX41kNfKD28yfLtzEAtVWYhFaR5+wno1DtXkgNVSPrXocUP6E7SqGDtWYYgkzVpozqoDVi+2ndIFZeLRRRb3KSsf/P51wnqd8AUvvdRUCcrL+U=
EdMNMoomZOoe5SU56LxjCc60wdEleoNSkm4GaI5JfkBWfKK4oYOHZOpBbrDmAFqAnBUOaMavZwHwygW81e1biw==
EdMNMoomZOoe5SU56LxjCc60wdEleoNSkm4GaI5JfkDZHqHgSB+qOGcPhigCIUU5/ivaUTLtM/JNWnw01/L/W6opUgHJUlazkCSkCXQbGNqJv/hpOyCvTQ5XhJTZ0ZsU5uZTj/O4hGFhYr0RS6vIJmymEb6ZLgyAZIGYentTWJy5tgCcNJOphx77ilcR31j03V/08i6FTGoQ0Qxhbze+vqa0OIGiQeKtnzz1lIV1N5zuUjjKlxVL0QBj/HfkAP9OW2lW1/oHX9Aht1Bs1tUehqD815WvfBGDUnkRh6HRPvVos9MiRNGEd/q8KawB49aD+tgSAax02lu5aawnSYxEW1vESeCTnTBLeReedCpZtj+OMMTBcyHlji9gZXMrAbhA7iGBj2raXIuhIJlpc7U5sUZHUDkc/9TQEhvnJcVvNmo=
EdMNMoomZOoe5SU56LxjCc60wdEleoNSkm4GaI5JfkDY4QMn2x6SnTmmWIu4gwwxHYFUetxVy4PgYUB4qWMJkw==
EdMNMoomZOoe5SU56LxjCc60wdEleoNSkm4GaI5JfkApe5tEL5YMMUS+/VIDOAh4pME2WTADuDWbMLYwKFVewvEowyd7wRY1t3KCCQZUDRbkPpR6elKMKhSSiL6Zf4CthrR5GPnlGxUFB7OG1A8yKZwSg+iK/QeWMXEY9WH5ULIWrQ5P2Fb1kDdU5JHKWoZx5FE0e8ICvG8gIS+IDjov0Ln2o4afN9y3d4FP9uqf6iL8b7PN7S0232DdUwk6mY+rLc261wCn8FMvH6qs87Hhv75WM+CVhbCBlwBAjvPPB8bPfBLLESbs5o3J9/rBV9BDCvySK6RUW25FL5/riAANiw==
EdMNMoomZOoe5SU56LxjCc60wdEleoNSkm4GaI5JfkDY4QMn2x6SnTmmWIu4gwwxMnyG3mJT2HukhjNjeAfuig==
EdMNMoomZOoe5SU56LxjCc60wdEleoNSkm4GaI5JfkApe5tEL5YMMUS+/VIDOAh4pME2WTADuDWbMLYwKFVewvEowyd7wRY1t3KCCQZUDRa6Bn3rLMFxkCzMkkyLDyatb5zpetqd4VNsQ4EVSvTYCu10CS5C4LaMCpeR8kc48CT6XejvcCiIhfC69hUXKxPehJuLFsCWVWdRN87RBONWuQd5T0u0agFGKKpPqFuQ3p3cfILDRFaAK7WECKRbDDrVr+lAncMfL+xIOgwyd2ofweJ73pLB0/4+m/a+qDZusatbkn1bD0PrOCZAOn2q15xL5VXpFRHalQR6TZhk8LWRfA==
EdMNMoomZOoe5SU56LxjCc60wdEleoNSkm4GaI5JfkDY4QMn2x6SnTmmWIu4gwwxfj/Uk3lc107frl4edAyuaA==
EdMNMoomZOoe5SU56LxjCc60wdEleoNSkm4GaI5JfkDUsfh/pwS+lkxotq4m4bkuk4UUAfxoHA+9YyUerAEhqR5n0tecxETKufPfE6s2b/FHKcnH/tI1P87irl/YBCkYIiiuLBEQ3tzA3MLvuG9qnuWYnhX6oBgqccY9/Lf1aw7grIa8OSSiCrRTYQAXL3/yHhDOSUP4C5j5HsQ86+Z2mUNEUB9q/L7Ww74Z5tHBg9R6kOK6RBalK0BIrbjoV4lxnQOZBNbghV+FkAcc/PNMoCG2thCe06Gl8BEtF4zayXnEb/7meGm9ZtnHPJJanN5xLB2vMsTj0Oq4tOBjQGm/K0z+xm97k4ZFmx2UINFIPljNVdUd1MRNrG1q+tFzn6iUpx2lBxid8FRaVAblXsKos29+6pXUsMKMoCSs6ly6robE7DLtYttI6Go0ere1ID1G
EdMNMoomZOoe5SU56LxjCc60wdEleoNSkm4GaI5JfkCukxkL4fpKkQGNDitGpvSTENS7t3hYaCqfWJApWArheg==
EdMNMoomZOoe5SU56LxjCc60wdEleoNSkm4GaI5JfkCNDARJ2qDIRELnb6l4hR/O6Ci16iEgxAEPCyWcGbf4iIXhkhEiYfhy4z6/wDyHkE8CGSRLcyk0wCgXc6Colr2+7fUXYcdB7eOQtrb18yOnyky1Op0WCYUkpqFlunoc87J6PbDFycV1wejo21vsqxyLi2N9ZCEyat1lWxWyuQDcrLQuEkgh6/I6mqE22e1fu9e2plPYuz72R2jc+5m//BnNYJZCbfyKMuzKuuuPoO4DJbwnWmIYvKI3iOxAVZMbqakiSBoKtVkz/QmoRqeaQa7X1mvDUn7vJiLwW21uVzmE6Q==
EdMNMoomZOoe5SU56LxjCc60wdEleoNSkm4GaI5JfkCPg61GaohHYMW/rCNXKkhkq94UO9CMz0G+8Egq5JJD2w==
EdMNMoomZOoe5SU56LxjCc60wdEleoNSkm4GaI5JfkCNDARJ2qDIRELnb6l4hR/O6Ci16iEgxAEPCyWcGbf4iIXhkhEiYfhy4z6/wDyHkE96CGS5FUjp+nkVHocrXvUhGy115kbAql4VFHzWwHgoGF6o7hCG0PryRASqY0xfeGh2YuyGSeDqo9R/UV6AP1fNNhCg8UCXQUnHYu3Wjg2hWUt707sozA5kRLqsl3PCTKJgGIkb981bLp3e2cPTnBjjVGhWBDhcjQTtlXIEIcZ02zgf5iJ35z2VyPWVTx9JfS3h5UqeWimBO7H22MO0DOLz
EdMNMoomZOoe5SU56LxjCc60wdEleoNSkm4GaI5JfkCPg61GaohHYMW/rCNXKkhkbhl7vBVj32gdBRH+cIHl7Q==
EdMNMoomZOoe5SU56LxjCc60wdEleoNSkm4GaI5JfkAFxBZaNoubJRCGZ/6jf0krTILPpGLEf2FiQ2Xv3XKBHDR0A/9XOKP2cvFMPuknhOzIK1dAoqx+AIpt59mbcqldkMIyHnLNlL9gaBShTUpzL3KbOx9Aqbp3rTv8LwfFFLlGtuSLA5ICyRCaeuVtSsLTmIG+3iHuj7NDugm/UkS4LJiLDHsReyRN8NNYl5TdzsMJoB+WdVEjiGF2YtJkUhdNT8o+c2xkd2ZH5WjibixaZCARtsLniw8K6Wy59vLIQZ4yegIjUe1oYal/GOU3CfBugJtHSSput7+ac3Fu7fpvERqW251hoW4nOaUp/2/3E05E5AY76cLg2KU+M//WQhF2
EdMNMoomZOoe5SU56LxjCc60wdEleoNSkm4GaI5JfkD7iIsyybVreViEQV2Q2KCD/PfdE2rviq7COB05F8fFtA==
EdMNMoomZOoe5SU56LxjCc60wdEleoNSkm4GaI5JfkAysL2IDOsTgu8RbQrHugCFqDWjZN1jMY4sM9epocPcUpTJUjFhs1CEjNMQovxUFxkuOx9ZjSKo1vJO58pi7QOuJW1p7ZJsAuPwoeWE9x8NOubLGWSgyxeVkgbMtCVygNfZ6gakOoss85AXSTptmOYlsFQsFKKupQbGLSOB1M6sUr8iy8Ue/A+jl8DjDg+rCVFB3xi2nfQgvTqaC5ERZlSd3ovYX4cbPekMqLyUySlybVUpFS8i/9UFn7GrS2US5fpA5mmOE73jhypJGiRM9zjiMYaTVX3C9g+V2Lvxh5EzEc0PggyZxlul56bInu1XsHLvd2pZrtYOEzegIlDmDnjx
8tdtO2zQfO0tYden/GqP+tFQS4R1pE6eduDCEvZuc8g9j9vAtZwm53xbVmeqH78OkPfNWGr50i/gClybyxQSpGvqKM9yWqCCcRwu0vPore/Vx7GB5H7+c5zPKNSCMeqE
8tdtO2zQfO0tYden/GqP+tFQS4R1pE6eduDCEvZuc8iBn3CgvDNP7RS4adr72pDCDZeo7KdFXF9sBcAzEZvsGHvAQxo7m7zpZa02DpdQT8thUG3rc2ePHknmUjbwSBBtABFpkCn9CIIG5gTsvnWYug==
8tdtO2zQfO0tYden/GqP+tFQS4R1pE6eduDCEvZuc8ggWZE1KG71E7e63tWmd+I0/li3qVl2UHv92n1zIrvFB0k81ajbGo+Z4eNZsH+IlDZJjw32kiGckMXmEHFZR8TLNugmgtK0L5DytqsUIoDCiquzBq1ozNg99/Kw53sT5Wi8Gptlt2byb8Z0pl2vY91lBiYce7RLOGMyg7gLf0zNYg==
8tdtO2zQfO0tYden/GqP+tFQS4R1pE6eduDCEvZuc8ggWZE1KG71E7e63tWmd+I0/li3qVl2UHv92n1zIrvFB0k81ajbGo+Z4eNZsH+IlDZJjw32kiGckMXmEHFZR8TLNugmgtK0L5DytqsUIoDCijXKJf2exyOWh642mH22Kkk3ZW5+tsCvGVnaFtSJMn2Z
EdMNMoomZOoe5SU56LxjCbYcTmt7WiLOzKdkSx7ZMAjGYyJ8DRlg2P7bJgQ5lvtCJ/xg4ZkPrbozywmtTK/cVA==
EdMNMoomZOoe5SU56LxjCbYcTmt7WiLOzKdkSx7ZMAiCmlrJ4jD4Ud0+Fs7vAt0FBcNi7efOAnD3Unb2Fw8T/bGmOGuOoOiwjrbqm+/BSy+Ge3s23gTKjKVxUPcXLikEkNMrszuROF2EIW5+sBC25gNAFfa03wuGc2k3PpFTRgGOjbAIkHQadIyzoU1zUBAzLK6tCCb2TbiMjOStBYg+zai3b4slMeTcYLzBcxyUSd1c4vr8fEYr6FmtoDQnjSWYFFhJIRLWDV0DipN76Nhc7oYEd1/6+lKH769FcYdrUlh+jocS7ZbYTm7h7NCs0UByMiswo8zJPVi4rXJA3LGIZxtmtTUiBLCmc6Hxo7BYGHbwl5H4G+Qf2Wuw6Jlr1PpLUmhsaJ3N/cYaw7KvgJp4YQ==
EdMNMoomZOoe5SU56LxjCbYcTmt7WiLOzKdkSx7ZMAgsW7vkakmF0YOAH8XMMzRJf3AjtEIAxgaAPFQBSz48rQ==
EdMNMoomZOoe5SU56LxjCbYcTmt7WiLOzKdkSx7ZMAiC7pA/R+Ibvop724f4aU92W4OCsbXK0O9tXrSbqbMiYXbxix8K8lmXGtrJF1B9MNDiX7CLtEjuEFxYkiMBQ5KwIvxBYIjY57HPi/nMGQ+TrLLDFHbnxG0Rl6D59In0KP7jn+LopbvCLJ/PmNmtogghQMtkhyffYMfzaMHP9nEDTwwXnW8hAfUyh541QrH6P1QhlZUo0l/N5aoglktXERVvN4bSWSL/WhocaJ6fJtojxuXfu/D34smc9BghTMQtWdzHfuM9xg8o5rGRqkdL/fyB3U5Ec1edkZwPoRSbbTsBA6bAOMElDpAeC17CBDk+bFLCE4m77ospZRJ4MdRDHAOhaLK7YPsCRE1IzJsTL9OvA3ALHO9pJrmiUjzmJ6+5lLg=
EdMNMoomZOoe5SU56LxjCbYcTmt7WiLOzKdkSx7ZMAgE4ByyprmvsAtT/QLWn9+JN5IKKXiC11Ej4T1hzj989A==
EdMNMoomZOoe5SU56LxjCbYcTmt7WiLOzKdkSx7ZMAi++VMxV21uHAaI1xNQCQc0HbKIr9UyIx789hWVbevn0yEwzWKXlfvfVEpzr3yWeq5IiA4g1sf9cNRatdT0XPK9IzdEQhJGN2zTe10FgtkhpCb/1CGctwi4V3rhxd3mjtyVTg/YM6KCuzKUWnKhbdbqwxpiyPC+pfzvvayyCrNGZF0VQdph/Smq7vRDIVMSftMQMd/F+gM1cE5R7flYDyXkH5c1kDWUompww0F5YkxLVRS/X/GhnHX2TGQK1IlQczfXn5FadHiV61rnqXXKGrE/Qh3hZXd/W/efYQuz3JB3+hBXqa6D7Ny9p1KV8o62dnL6/4KI+/vjitVGShIwJadsYrVDcuefS1IaLyrUthxq/98pZdDTqIT+si4nUTUwa0g=
EdMNMoomZOoe5SU56LxjCbYcTmt7WiLOzKdkSx7ZMAhjKUuwn2hRNOn+C9OP1JnddQITwl57m/A0NqACnvs53A==
EdMNMoomZOoe5SU56LxjCbYcTmt7WiLOzKdkSx7ZMAjknYDtElmy70C/aSG4kwvbJdsh75NE8eAnNwNV3rqoduH+dOjCwqZJCKfiQS4FQQZoflARfpEMfucPjG0opmSTZ4guwNIxyRrAO2KMhlVI6Z5kSOLLPcJ53kTpa+nJGHHte7wppoGREfDkLJH2s2rteHWXS4axuX+ySwZZ5zLrG9bJvIpHPFBwVqbLCNXL8ljiTtc/HNfpSEOOhDUQ2Te1ezPfaRJWn/+MAeEOkHCcb6SDq161bCxs2xnImdmwvskEgrHVNmiaKpzAMyWic4jsK39BR4aeIiQ6RyvMjRg5sw==
EdMNMoomZOoe5SU56LxjCbYcTmt7WiLOzKdkSx7ZMAghbXczrxuHNZNvh1bC9OZC1Lo0Wx7jrOvJxlXGZLnFMw==
EdMNMoomZOoe5SU56LxjCbYcTmt7WiLOzKdkSx7ZMAjknYDtElmy70C/aSG4kwvbJdsh75NE8eAnNwNV3rqoduH+dOjCwqZJCKfiQS4FQQZUT/aQfEsTtkzclEq1iheZhYMwlpEnAIhmlW+zKCZK92zqUHKao+ngAVOCiA9fQl/zNZR5ky6t80Z9gu3o1WjJuVzCZGrEzVTezHPoFus+fAtflifK63nl9NCro7HZcNQNaTy8gllOw7s6nbmIWAVd0woUZQk4hqiArcZfT/97SPVRDPyhpd69WNIUDhaW52f7f3xeai31OCaD3cTekZA6McBB7DVOHUzt2YYG+GOPog==
EdMNMoomZOoe5SU56LxjCbYcTmt7WiLOzKdkSx7ZMAghbXczrxuHNZNvh1bC9OZC3azf4Mgo315QcVeswuIEHA==
EdMNMoomZOoe5SU56LxjCbYcTmt7WiLOzKdkSx7ZMAgcokpOasydUeC4a5WLAlrhvM2yeEWt89ezZ5HZHb2JatfJalRi38SUKASJh6zykEC00JeLp4fFdHj8YyQONser2YSfHrJhYm4kYX4dkH0Iv4ZTuB6yd9IDSeg8J4YMKh8cZ6lHzciXqPDRu2a/vhmfjQAgZoJZnDiozuw9JSb6FIRedsFyZC5qJ2JsnYSX2AChewVc5S+5wI8XThUgCUTJTBpTHkNJd7ez1gBXvexOfUy0HfOJWV1Zl+xgkaW2mLLUFkmNziWDOvpXIvyjCFp05W1kuV1DdPDaQ7U0c2HPYehxHocKf+Vt7AUU+Ixy5PI8xh7IK22b5ypghb3xZNd3xva7qfaeP4SOwBnDWpUqpnoYiHPdUfNTXk/v0gB9DTwXIP6mxLJaLzQEkhFMWTkw
EdMNMoomZOoe5SU56LxjCbYcTmt7WiLOzKdkSx7ZMAipMiTSRVARERHo5thLwx6wD9DocXp4NAFWJUZGJHyfZg==
EdMNMoomZOoe5SU56LxjCbYcTmt7WiLOzKdkSx7ZMAgcokpOasydUeC4a5WLAlrhvM2yeEWt89ezZ5HZHb2JatfJalRi38SUKASJh6zykEBlD2ABM1klSDGc5xVQp2VMHOF9DLkSb94vjSF2DYJV5vrAbOnP8z7FNO+KoWJ0wPH8Sh/e/TNH1UgG9JobYQcj+OnVCdweT6O2O6w+OXx2R7+9yV+AAeVgZXfA2+2pDtib7qHsuu5Gfqu7Nb3rdaBLrMIELNG5eedg7Mm0NOrv8LnmfxDaZcELuErpbp5l26T7gxrKSoOhGeyeihKgnrABlQSsum6Qci8WlSuh5a1HJA==
EdMNMoomZOoe5SU56LxjCbYcTmt7WiLOzKdkSx7ZMAipMiTSRVARERHo5thLwx6wsZzf33h1DLDUghI4pQG4cA==
EdMNMoomZOoe5SU56LxjCbYcTmt7WiLOzKdkSx7ZMAgcokpOasydUeC4a5WLAlrhvM2yeEWt89ezZ5HZHb2JatfJalRi38SUKASJh6zykECU2pMgnyQPOloo3bw5500WYPTzmV1po8ezmWxRXnHchhvt3kDgiEtt9zPlrZaaAIF+fx2g1eVYBZ5Sdbghn/YKzRTEy414MwOipt4EnnspvjLAU22oYLFnjCakdYPFs3UZRBP2Qn8fQgPZrn8IcZe4+kYruR6RM2vJTFP9pkrwHNQdU/lO3pfSJJjitY3Iqfgmup9hL4njmxmyLpw9gby2
EdMNMoomZOoe5SU56LxjCbYcTmt7WiLOzKdkSx7ZMAiR5iwOh2iy1ooL0NGeazia4gT4LoLcx3ozYl+c4HXg1Q==
EdMNMoomZOoe5SU56LxjCbYcTmt7WiLOzKdkSx7ZMAg96j3/0zFLexhaNQXUG4df0DRbDJcXdfCb0I7iG4PvNU/huFancq4dqDvyav3d8xLOy8jHSC4xV5cYMIa28Z66PR2WXNpAUIfEcc6XLLbhOGfB5sPWfoyreb3oInRWkJBomvoKOzwulrKEjzPWriBluSb6MRK88hnJcygVw+7ejRd/c0IOGJnAjSi5KLE+xnxJ20pV3CivIklFb/sDyWDC+/25vnRyDHFQUp/AuEs2ogNZxisqWYjIy0UseRvusoE1o9sJkh3/OtFVzyXUU7gkPTeESyEpB5c/vJkUlQmlBC0huOseLLmLPKF5y+XKyBlx1VUm44+JfR8TvI9F2zHA
EdMNMoomZOoe5SU56LxjCbYcTmt7WiLOzKdkSx7ZMAiOmFcRnXHHDYFZ1Bq+s66C4/ilROnBH4180864C1UTLw==
EdMNMoomZOoe5SU56LxjCbYcTmt7WiLOzKdkSx7ZMAim6IMIjfWg1GV/oC+/iY6YD8dm2ZaYFBKBPu1mkHwPpjPnHwdvJPIu1CaVzpjo37a5a19HAZ6QLiYIybSMOGsYQSD+DZPL6MMk0aj+a8qAb+veaGzArdD078fDfEDw7gawKin5Z4wrsh+0ziI42e+yMUxXUwS/V6MU7V9N7XDpXZ3qSFp/CRrHrj31i7N0vidfw5vonKHURLkxpA+N/dtHqY40/TK0vgk0tLUtCeEkFfSWBDYlRUSn+65L0wFvvTJLapYv9GI95dmuVhazei+dhud6h0ZFLsQcys2FJDuihN0BwE20cYa7WZGhlnXsoXQ2699FXPjdKqQgQZqh5zbG
8tdtO2zQfO0tYden/GqP+ncAdBH+Zle8QEU26O7+oEsNYdwn0D+IStLIA73Rkf9BGOOq3sTH09jcmFfltCwpc/5u1HP6YSGu4gXz35CVbz6pOs3ybsi3x1g18ut09Oxw
8tdtO2zQfO0tYden/GqP+ncAdBH+Zle8QEU26O7+oEuNFX96xOaWNYNojiTk3dgVZLZzkctvDaIU/QdpvMQtv1pDz83hjZE/uRrG7AOHAvRA5qvd8+JI+Mg0pSg+Mu+sVU80++9WZYy9D+IgQy72zg==
8tdtO2zQfO0tYden/GqP+ncAdBH+Zle8QEU26O7+oEsx8SNrQ3zlZxql8X45v97PWuxx6mrRkfGO6ujvi7yBPciGlAr8VFSq9jDqBoD8nyx7bCe+IaxC3aix9+uKEidlAcoGsdwouhlfFpxuC99RN5tGk/jSTLk75T0sQsWq0lqOOypEkktmiKJoV6Nti2SXV1S0m+I316F2sTkwqirkgg==
8tdtO2zQfO0tYden/GqP+ncAdBH+Zle8QEU26O7+oEv4OFwi0zbudNGv6mrlibfRlJhWuTLQi+hK6IkopPMWPkCxonnPi5amRnRJ34sktgIEJSP4w5VA6X4J/HmqhfXEoIFK5WuRTNham8MpEaZP03/8Cqb+rIsYGDV1JcUPTliNcaL8/Eh29XXZJBBxEPiU
8tdtO2zQfO0tYden/GqP+ncAdBH+Zle8QEU26O7+oEspFtB3SK7Y5BBGkDDixBiafPwFbJTm09//SVjdLpM8Jh3hWaZDWkbP6ZLdfs71YuxtaUUn+bzxCUUlVXgXgY1kwVxt1BqnO6USXdwRftk6fmrtxpW9jJcWpVfJyJm3OpdR+oJc9WuyIF/QlPvDwjOZ7bMev+DE2O7p5kmjKM19Hg==
8tdtO2zQfO0tYden/GqP+ncAdBH+Zle8QEU26O7+oEvZSjSMCYzRc30Bmk3p2BmYepPtVSepRFWO2/AKXGW8jqg/w25tqPxZF9tYfjCHwuSedNu10er5It5krHkMZHMx
8tdtO2zQfO0tYden/GqP+ncAdBH+Zle8QEU26O7+oEu41O3dqXUQlqUOQGkDdwYaz2i2x/ZttkkgxPi4m/5rhlsyQiPZoTQ89f6wQKXwuG6n/FvOTWObagdYC/oS5/AW+5oytGWMU0gLHe5KQCbrnQ==
8tdtO2zQfO0tYden/GqP+ncAdBH+Zle8QEU26O7+oEtFaGwHz39zowtcz0WCb2aIp4Om9iEM/yu7xkuUty3sVysEl7QtLMZYu8MIP0A94JIqs+P93uqriNyWUK7WKXs/LNv2K4NsO3gNl1bGxYRM321NXgmLCoioGbKO57ijW0t1KXphe7hXQoLDxnLQECNnTVgGUwpa4XWk3cp4JfI3aQ==
8tdtO2zQfO0tYden/GqP+ncAdBH+Zle8QEU26O7+oEtFaGwHz39zowtcz0WCb2aIp4Om9iEM/yu7xkuUty3sVysEl7QtLMZYu8MIP0A94JIqs+P93uqriNyWUK7WKXs/LNv2K4NsO3gNl1bGxYRM321NXgmLCoioGbKO57ijW0t1KXphe7hXQoLDxnLQECNnTVgGUwpa4XWk3cp4JfI3aQ==
8tdtO2zQfO0tYden/GqP+ncAdBH+Zle8QEU26O7+oEs0KhaRUMKHgg9iUCKYjs2Mr+6c9VwKeJaNgDZEYBj470J4YsTR/kdvMYZQ98ScPAIdsZgGtb8FxkcY7J8aBwXPhGocajLsg+h8ebyd+DVUETj9ytslooUQzk6ZII2vWS7rSdrRVeBDmO04QDWiNjBTIHuqMy9UQqmMUR5hwdc/fA==
8tdtO2zQfO0tYden/GqP+hQoeB4b6rPCDN3Q/ACP5xLYZW6RHvbX/OcSw+eVp82co0IWPKgVaw3ZmNsom+zMgCsv7Mqo6/gLFVjqchkvHIiUfZqqY65NRuUjZth7OEg8
8tdtO2zQfO0tYden/GqP+hQoeB4b6rPCDN3Q/ACP5xJuJnOpZ4cf3hKi1rrQaEn/igDGJTfCw9jm/nym01wBEapZha77YNcgZIiVJX9dDcw9QRfIC04TyzbE6/lI5fSxaYAhkT+gckiuwku4YPUGDQ==
8tdtO2zQfO0tYden/GqP+hQoeB4b6rPCDN3Q/ACP5xIGyZQ1DvjGdV2VslfuV7aNdvL+01t4IIztht/9FpC/cwYwqsNQ5cOw9I8VIjcPcIPCcwExuZZxkv2KNMwHBYz+yVhGeP/IMki/jtjKMpoqhJIc9mhul1Eiz4a2BrcTO1QbyAdsyNEso9Sym3F01IOh3mJ6X3vu8oD7ZNbOhZpngg==
8tdtO2zQfO0tYden/GqP+hQoeB4b6rPCDN3Q/ACP5xIGyZQ1DvjGdV2VslfuV7aNdvL+01t4IIztht/9FpC/cwYwqsNQ5cOw9I8VIjcPcIPCcwExuZZxkv2KNMwHBYz+yVhGeP/IMki/jtjKMpoqhJIc9mhul1Eiz4a2BrcTO1QbyAdsyNEso9Sym3F01IOh3mJ6X3vu8oD7ZNbOhZpngg==
8tdtO2zQfO0tYden/GqP+hQoeB4b6rPCDN3Q/ACP5xIhFLI1xR4H+YroFjv5Xc9O4l5msaHvu164bY6xpryIHZbtqJMfjViMGlskEKKgAHOR86ci6DvnKPLWkiSoIeCMiJCYe+iSgSAvGrKSJGmhDCubsbJh1fI+tfhXpXCKFuk4mUO+8Taspatub9CrakLobWMcqeQwdsgVU35AdexJng==
8tdtO2zQfO0tYden/GqP+hQoeB4b6rPCDN3Q/ACP5xKOLo3Mb/Sa1pHalk6ibIEt5e9ie4v6eLDA1oK20Xn38aec705BwTrtSoU2t7Ho7+WvUrk/v7IyDMZihFSYNSCA
8tdtO2zQfO0tYden/GqP+hQoeB4b6rPCDN3Q/ACP5xIwFHGoWKDGcXk6LbNBz9yyxnY1PTyYt/6USMIqTtSMZWXlpQYb0B99Z9xW0DRxgBTTzl8+IZKVb3FCM5xTTb1ugFOLMci9MqIBCt2gRiSN8Q==
8tdtO2zQfO0tYden/GqP+hQoeB4b6rPCDN3Q/ACP5xK8yku2fb9Ncc/Cw2YIt4Y/aWLV6jaEx+cNtBtGgJw4gnV61lydUhFtM1LYlDNKa0LH+6dWOlViHSIaSjcEvfYLFt24qtoTBCMnooC5/WeviXG5Z2vGgnXPUy5K5v1zGUgeHO5no5/7lh/8oN2zIdlcbdEGE730bZTYds6hGAvRAg==
8tdtO2zQfO0tYden/GqP+hQoeB4b6rPCDN3Q/ACP5xKedS6mWudRxNrUnh3YCKxExTBRx13NagwYGbFWW3DiQTW6uUhbZlkuhpDVp02z48sPyRwjnpLEOIdI7qKhMk5ujNK1UCNJ/Yr/fbucS/PqU/FwtQPIJVY1wdNbGyfkhrKmzhw0yrgjbcqOF7m8LeJrbyPf3enlD5oIyKegID3bUA==
8tdtO2zQfO0tYden/GqP+hQoeB4b6rPCDN3Q/ACP5xJmGFEATVkGY/ep4W1vKHrmfXG4iRr+FBaH0fXPP5ZYbik5fVYa4mXDG6dejUs33qZHKf7cum2NMCslk5XETM0B0FVOKqrO93t6pk4UXJ0CRqGQGaPTk8WuRloUkkTHWUmx0WL/iJ40oOMesatdcCZociSKssJ1jyOetGh0oZg/oQ==
EdMNMoomZOoe5SU56LxjCf7FPT6qOKjBk1kPj5PLwIHR+riWuncOgeHReg44E2GAmbnuAoDDrTFGniW0nGiZqg==
EdMNMoomZOoe5SU56LxjCf7FPT6qOKjBk1kPj5PLwIEsfa4kFjhusnZlUF1P5smy1n6a434sgsDLvtaXKxmY/dwP4C/B/aFogA4fo+ngJsUxT9rq7rlAy+HehX45UZSECCLhxaRtB4/npueFNZMgrx6hbszvbRt6aXY6C9gxQNcHSAo6kW7cLKYoMsXR9++B37uP6ZUuHwjDg5+6WFMeWJKfsiaYqzGaQaD0tc4TqS16G5EjRtNnlr6SoEr5qNpPR2lo8NsXWCnUl0nFisPLM3jYwgHdHklsRFMD6Q9i8Blb2EEBL8y3JwUHDTo+UthHZ+5DiJNqS1TckGIQEyYXj3i6hklYU2TXx2w7Ix8T51pUhpquRDwBs1hTvF63z8at9AiX+DMwoKQZNJCKUcdJMA==
EdMNMoomZOoe5SU56LxjCf7FPT6qOKjBk1kPj5PLwIGENz5pfgKk2BtyBsD0wnha9ux4ECN2PD8tOqxbNbVM6g==
EdMNMoomZOoe5SU56LxjCf7FPT6qOKjBk1kPj5PLwIFLtrchjrMqe/FxvrA1Op/MSa1QP6TybYlSBuecz4UCpd82CM7QIEGZzm5VqcyFYO9+mw43cEyNMwXg2YWWgos7jjhAdvVaQuSW7WAh7pnHXdPYTDi22x5cm8ccFswMoB4teXcmLgsnELs8JJLDJib3folAc4U72Ps/Q0YHgs9p6o+m/3KyBqEhc/uo1X+32MA7NEAUAqLZBBWB+P42WfXTOzYroHm3hchLp87KOpfo+L9GOXDTbMFmjLCmHXXVdIh3SV4k1O7Cp1HCrQHHrr/9VHSd9JcJ+EVWYZ6pbNtAoRFRWek7mLY4FBtf5iFA6usfYSiakJtXDCz7BaNipyAn37vHAwnIIDjGY/HYKUwl2vpdlbsIdSwpuLRjArpw5WM=
EdMNMoomZOoe5SU56LxjCf7FPT6qOKjBk1kPj5PLwIFqkxICgxlvRvEhD4fII7NQMuVgqFWpGU3Hsvj3jdjAwA==
EdMNMoomZOoe5SU56LxjCf7FPT6qOKjBk1kPj5PLwIEzTnBHemucNc6xexGghbfLSDsT2/cm4AMaRR+iVZKvNbebASDr23CCBOWsgNry+eFJnbgO2kVPU/3Iuw4jtqxbEx4NZ6C/QQm/eZ1swV3HMB7PP4CmiiEDFBum4Kp8bOKZ/cr5TZOm1m6aWXWTVZ1Ng/SGmGXKvg5oHyyqWpGTGhDFcoGjxZc9AzDg/5LVM3DEfw5AUOpUNSxWe25poIPzgUQYI6zldqqzWhOFRcoFUF7SR3IoTPNl3xHG0UOcB4X2E8zPmlD6a+o/WW+Khruq5VBcBp5bUL6tR/k4+kPzxXZLjFwEzWl0eKuebc0u3NoBFX8szxb0gz5F/MZObwfjW/fo7j73Hga+7Rte1hx9wnSEQWxxIl85IpR8sCtvX1w=
EdMNMoomZOoe5SU56LxjCf7FPT6qOKjBk1kPj5PLwIESS05mCna0fYlNQrtF6eJj/zkHL6dd3aT4fSHB7Y/RZg==
EdMNMoomZOoe5SU56LxjCf7FPT6qOKjBk1kPj5PLwIEzTnBHemucNc6xexGghbfLSDsT2/cm4AMaRR+iVZKvNbebASDr23CCBOWsgNry+eGTO4iXKLGpSCismfXJdJKwta7mgRox1r8XmDJobFs7Flku7/6ap2aQh0V13DoD/YKj+Vb7Vi7EdLlRt/H97paJMeutXGuSWA5Ylt6nP8gcWYu9TeOQT41g7fITUJVHWaxV07LBVOsY8fjr/MF34b2oIXl0+UAnUN3PpBFjDE2sPp9X1jEq7QL4drzp01UwdjYaalAxJ+5RrFDiEaagpfEE51S6CIPVfOa/0anFA0y6/g==
EdMNMoomZOoe5SU56LxjCf7FPT6qOKjBk1kPj5PLwIESS05mCna0fYlNQrtF6eJj4V3Gplh/iBfqsBzzdPkZkg==
EdMNMoomZOoe5SU56LxjCf7FPT6qOKjBk1kPj5PLwIEzTnBHemucNc6xexGghbfLSDsT2/cm4AMaRR+iVZKvNbebASDr23CCBOWsgNry+eH/Q504ryLvScPdQWzsN8bNeXE6x2o/+JV9jKtlpgr35dMtEh3QXAhArYZgBScoGg9tIaQuUISP+JavfLpfWDoka6pujWdQeTke8OWQ5lOWO+GWqE9ZXpkgEbNdUTG0tfn1U6sSG8OI1M+/BEt2AFBYTjM7REJL7Bx4gbineek6/hSpNWsfcCzRRUQby250dg2F9ZQAj7/g0lMoNISt84tjqcUvCScoekAqfkfnWp0MiQ==
EdMNMoomZOoe5SU56LxjCf7FPT6qOKjBk1kPj5PLwIESS05mCna0fYlNQrtF6eJj24P2ml6WPNP3l/W10MeQsw==
EdMNMoomZOoe5SU56LxjCf7FPT6qOKjBk1kPj5PLwIE+tZUU46nFR6Ci8jr8XupRyBmRbYNMAi1m8L6AcqTZ7Xfqqmxg+P7BudyNGglwN9EUMNL6nCpTXt/Ym//Q5vg5u74n2vts5uB3JtYEUuiDT+KcWddfhm7zC7jXsWZMqKF7Esg1IT7WMzsAlfwlAJ8RVElyBqyX1eSnkZrZo4s62kcsYGRO6c5k0JiP104lS4UGNiBW8N4RRIgUHmBG5OEKHsrCHJRDjdZdf+TlF7DZ24HeMH3WXRxYt65cnE+rFsJru+EW5G8Di0c9Hn4nxJJYJ/K3A1tooXC9DKYhaOnvctZLP0MQKHiPlj/7nwGTp2pnmbzBZeTHUn0Cnr6VbPQV44Qz+kaaApj2vWSQ8Ej3a0X3Xr+PrP9YwVmf6wZdxT6lSlkHdYBDzSGzyE3qV9te
EdMNMoomZOoe5SU56LxjCf7FPT6qOKjBk1kPj5PLwIFf4r34BpcZkQazDeQxM00dJkQVFQO4Ng3mL1I22wswhg==
EdMNMoomZOoe5SU56LxjCf7FPT6qOKjBk1kPj5PLwIFTOWDqvWq2PfWfpGRadL29iCak8qJ4041c+cz+G07WdfYnhLNRFqat4MNoArBoJzoZh6DCt/iJCWCyo7LYw3mUV5hvzcXPrasmkHXkosEJYOogg+r/5OJApc3arqWHeBXUdMZCovUmLSw4EVO3o5do9wtiwpfBS5Ey9b8d+pFaLETXgF6UGFI4+GSwsgQ04PGv44fH32K1fTNvTaITdpIrQ3rQ8MVV6jDRXJhfZICpcpZDS06JI2XlOsmeb58JUHt+OPFNG4HXRrzBG4oitwanuDzsICqc4aCKQoNOdXyW5w==
EdMNMoomZOoe5SU56LxjCf7FPT6qOKjBk1kPj5PLwIFcWNOqs1HrvrhmgnHAIfPbKCVSCLTjMf0hX1Fr67kT8g==
EdMNMoomZOoe5SU56LxjCf7FPT6qOKjBk1kPj5PLwIFTOWDqvWq2PfWfpGRadL29iCak8qJ4041c+cz+G07WdfYnhLNRFqat4MNoArBoJzr2HWT3znhOGPbIUCSKYXCMsoSxQvERDCiucjv6LHZj7FjY3bW+CbG6DRM3AoSbumdouWMzBZpXlOdkqGCPXkkBJUhrTUD0qfmlJvaKBNY/iEk3pLvlS8h4VhY5Y9IkEcXXio8YVD7ZFJ1RKUXZijqX75/r37EShpp8lCVqyIkSel0rdzd77zwt/zq3UzBUjFVPljTQmcHLwOFpaosn0EMp
EdMNMoomZOoe5SU56LxjCf7FPT6qOKjBk1kPj5PLwIFcWNOqs1HrvrhmgnHAIfPbxzKKiMRHRI1VAL8WDUaOEw==
EdMNMoomZOoe5SU56LxjCf7FPT6qOKjBk1kPj5PLwIGwkpQeSelk+fSZ5DBXnTKpPW6h8mUZDebcqCeA+VcvmrPathOxjC1xYiMadqHsr6H5C/eQZuqPShHE7J2D3dvq8MjFMleDsdE3HZXuMkNH20iDaOkbRM9E98v4fQDkk1yl2Ci4tVeKOUc3bc0LDCowtSqnEzkNhrPcj4Xbi1BKxUeSk+nQJsLXAomdAGw1GeMRA95cafmo3huuWpzgmljMM1Avq8EzQ+c0TAgQ0sCibXHnh27Pqg1sqO0bR4hARqIOewCq0rBhTTZA+xRGYiNhfV5bP1aPcxN3hM0NyVGJWhX7BNdPmkcCKzD+QlgB4CqfNY2dUvHaNa7wW5u8FqD8
EdMNMoomZOoe5SU56LxjCf7FPT6qOKjBk1kPj5PLwIHM9g+ticfKU91kCP5kBxy6+6aphg21OqcwdzhJ2ZTqlg==
EdMNMoomZOoe5SU56LxjCf7FPT6qOKjBk1kPj5PLwIHTLxL0t9RbY7aRsyB9EZhMB5ff31TZrx4VFpu15+DM/a+bT0Yu6HtHdg5CgwHxT9mW3/AdVR8bmPNcQIcDa2uXAmYZlN8Lu41qH6S7NYnhS8yphSK2a+2g912nw3PoSLX6bh+yPm/XUkmRWvum75sgx7c3f/2JIwCUwY2IoP4BhYhahyNiCpVOY+SWWBix5jHNfNVC7K/NEybAvrbANcwxHCq7tVCQLjCAqybrKW3aB2TozPnMedCBY/p0uTFwqkRhcEZdSEW66BYO18LE6QC9gg6kjECn3C+0t4tLPSj/O7ndfpnfvK8IcItjC9JJa0N8HG8pPawwdE2KCpdVFY/s
8tdtO2zQfO0tYden/GqP+uHfzPt23Z3QF9uRguJ28paL9BGgN9a4PIhOWVYQQII6bTISw292lLYurPXIDz2VVN/HbaCGNlKxp4+b0fhmpK6t8rCAaTV5/fCbN3EmV+6Z
8tdtO2zQfO0tYden/GqP+uHfzPt23Z3QF9uRguJ28paL9BGgN9a4PIhOWVYQQII6brvpPBT/7Z3Kr5Xi7HR5EA3rtyihlp3f30saocIftdN32crv0tnEtOMr3tb8jn55A06ePdwjABjDYA+h5jR/aA==
8tdtO2zQfO0tYden/GqP+uHfzPt23Z3QF9uRguJ28papogApl3yUa/FVQ8KvjfjUqUI69MHx6OXEtAS9zv3Kag/56kuSgijTvBjZH1p3bXXgcK+wnD1xU4LHTCvh7ZtiSZbKQfEmJIzOyPs24Mvgd7QXGbv7K2d5pgXh+i3NVUVlB6JZazRIGHiaORKiDwGHfFBqpgGO0KioXfhgBylC5Q==
8tdtO2zQfO0tYden/GqP+uHfzPt23Z3QF9uRguJ28pameVSGcgDH/pOx0+j2+gJdXfGI8hECexVsxX2JBVuSEGentq/7pKXHy6LMy4+AKniF1Ezo+5ml92HzdYJ4L/7Ph9a0V0selKpMSfNDDVa0OITz3MTQBuEQxTCXHQBzgxD5hkpF2tLLB2gl1V6tOp7B
8tdtO2zQfO0tYden/GqP+uHfzPt23Z3QF9uRguJ28pZovLegIbxuG8UjByDUMjvBvL7YjOoeEbgf1MXMvV7lJAQCGxUzYmiHiM9j0EKYlZG2TAEFr6k5X1Y2XdcpoGpBlrryMuBIaxJyeWSyrIJzgr2pZPq4BqDicJWGhY4a8pXkgV/ZlVdnydq/DAKektwkvlWBXD0Sr+NuCFk1Qmu34A==
EdMNMoomZOoe5SU56LxjCafa35k1UXcDWSg/3fa6yiWGKX9BAOEADO/0y0Pc8iGrfhLo5hrxnn7AD113m3ZFYQ==
EdMNMoomZOoe5SU56LxjCafa35k1UXcDWSg/3fa6yiWIGcmHG1m8eLOUDz956J77CXrF6N5A1tAEjqm99joA9Lpm1kjm8y1YwjnSNP+kPSPyWOb2qDeBpuCdMe5U11vTKOFzI5LOClwi/gAcg+RFJy3EXtq5cbvAEiU4VH4H89EZtLs2jGuHVXW/1PDdDQ5jfKZzXGxoeD5nkqPQQWqZwuV774TvoJ80RA5U6EurPrmdWz3LTu1gPmfCMDyTfCdqaIoiFZyAU4y2klXbjYk3ubSgsWwwqjjb9rphr5FEn+pjo2FPkk0gOPg676zt2hbS
EdMNMoomZOoe5SU56LxjCafa35k1UXcDWSg/3fa6yiWGKX9BAOEADO/0y0Pc8iGr5rU7RKFcOE3RQPjmlQxpjg==
EdMNMoomZOoe5SU56LxjCafa35k1UXcDWSg/3fa6yiVWUvn2rHTIgPSjuVbiw0uFrzPAiFRk3VCmnPq9O0aoXwxKrpagKd1rfjeCKa0Npkb+2CoFRZn4r8haQpFmS8pbqoSheHJYbJ8NH+lgASoHd0G/Oc7KNvWMlqQraRv4NK2ajPjx6l935ySPzy5Aeel0WtBAAy0EF3XCRpMVOvUZKFjrq/bujLW3sIDd+0ACoPndL3/XcBoOfimnzcobB57/3Kmx0bIJ34Dcsb9jWl7RIX0AvqQruKiSpXXA7oRZSCH4HBTx9nvxOXvI+bYyhLoqfhWEPkSpJ+NXkINYIenTuhgisGMqxW1x5GmIOwmuMESTRk3sEW4bDmocVejl6dA/
EdMNMoomZOoe5SU56LxjCafa35k1UXcDWSg/3fa6yiUaqzUu5P8y2O3SeEa29/CYQB5+NtwVZZgIK8HPxPm+Sg==
EdMNMoomZOoe5SU56LxjCafa35k1UXcDWSg/3fa6yiVcBdZU05G0mXxSlkN/+hPfymeW5si34vDvxzypZgesIhG1MpSI0fBswVt2lbTIfApjxPv/vkEQiBq9teva3MBhxhHQC6iqNcstYHG0Ybbv9mYT7oR+LwMCEV9Xr+58absq/KiT5NwAt24ccWHFTv8e9PM/2mEz7Yv1wfJmuesjLe4ddrCrUcBBwCzuaUDNOmdUkerQoOA+EeuYFmScp25IEnt4o36VeUOKnkgf65c2MSbpSPTuDbbNwwXo5DrClCpALnpt8hA5SuFHkVu4IKP9nX/WxMuZj0pcE7phPTM+3F9iG+tlN9gmcZGmB0nhrQQhgANuO0GdJzCD/m36fyZ7
EdMNMoomZOoe5SU56LxjCafa35k1UXcDWSg/3fa6yiXX8j5vR7+H+vdvm7xUcjLV+QHhVKpQU3iVZXSy7c/Low==
EdMNMoomZOoe5SU56LxjCafa35k1UXcDWSg/3fa6yiV2DORZrc9YnSBpS2cz3PLSblQR94aKxrlEtxhKbf3ClJcRKXOAKm2rxdabKLFnviDdD5qtuOMF1AiguKBRXcrkgPv0/4sOui0YI/x9Zc0wGpnYNa0kE4aKTPgGu2sUJ3YBi5djxNNhlJlXa72o4nUqbW504YWgcQrbL5xPgcCtumOBFl3pHO2yNaYIiDAku6umqjfZrdLU4SXq/63M81gH5gK0t0iiFVK0urREp52OtbzHML+NU5fIYoLC1n2PHVvfL4e5EUQE9AoYfaH0nx3yDCqltv2Bn9qr+BHZ4TkRY2nAzIvxNo5T9Tow8STEhqtI1t8V8ZQB/U6rROs8eWA4HxySBsA72yHheNiIiyJWnA==
EdMNMoomZOoe5SU56LxjCafa35k1UXcDWSg/3fa6yiW3c+BfL5VJK4dfC2UYko0y++ugm4r1CHPmpGp30M+ESw==
EdMNMoomZOoe5SU56LxjCafa35k1UXcDWSg/3fa6yiX/8nmArAFR8HrE4gpsm4kPVYO4T70KZ3RrEXyornOGhZDFtKR2eAg5M5ZD4gWj7aG4zBKSsAXfpZF8O7CFrVOXYJIPpRZ8JhdJrn+S7y80WrCapBbTrR9LH6QyTYwJ8wGfPNDmTICikWUEKoCr9juo3yBsnFA3HJeNBx/gzBFBdYtfvQac/hv4FBROlTe3kRszwBNMt++bJ9NZDy7HS+Wqa7kqNN6jtI41zjhFpLNvNwyHNXr9Nstb8IOr553kkj/Fee4eeL4lw3MkCpJ1CGBT7CA9cNmsSqsappzMLZIqt0kkqzl3mbOa4m+YmEH0q0btO4dSKC5753VHLjYKxzaFRnebRxrUvlbSThuOOXapSg1Wwfs1Ul7h30jCAVJwibU=
EdMNMoomZOoe5SU56LxjCafa35k1UXcDWSg/3fa6yiVxWe84G79Eol0TnbR3wm+Dif1wzs0hqz5tRA+QNec1vQ==
EdMNMoomZOoe5SU56LxjCafa35k1UXcDWSg/3fa6yiVbgEGb/jNyLIYwGd3Ea2fItAyFY87aMCqD6d+ZXFERV51J6vbxhHEcR/6ygLhGFzZs7VmanjNx6HGbQ92FzQTFsLg4IfQHHoLRCnsF01OQcyJHJwk7cZvf3FC57IMKqomyMLpWQgnDCbWkEmXkJsArt6Ak8b4VeKeHwjmuNQbLJ4FMckSdFZr8UB/bCpIBW5RViHUmWlI5uo16RTwqsFrAFgPJ3EU3DrD0o1dZvUmnIjeRlpX+zf0rhsUsRcnTFrnvO3/1FjgBgxGD6vyvvf9+MqY3TQdhMk4/kFpQ54/bohSC+HX0WxGGW2yL4bKcjRGBHF0JaKnSSNaG65dFmX55mWO0BXqaDajCFpQnCBq3bMHpv1ayr5Q3nYHRo6L5WGc=
EdMNMoomZOoe5SU56LxjCafa35k1UXcDWSg/3fa6yiWElsF02UJtYy2AuHD/GPmxHUpr+o7l+pi/BpecCDXDWA==
EdMNMoomZOoe5SU56LxjCafa35k1UXcDWSg/3fa6yiXYbD5Zm5oYtcF4EV0R8S4xz8ZsarTPHCR/OgbawBak6s2rdzPGgvqGKgV4Zcxu03IJ9v1hKDitkY89Xf+1XkTklLvUeJrbc3+CEC2Ju6TQottQXFIhptoO/WVz+AHXbRjGRJsGyPftU34hG6dxktDrIgzOp6Fw4V+Q2JDaAsdjtY9r1R7HALmUOlWpANV+aq17Ft1mjsQjeIuxEOukntGng3n2lBH5le0cti80g6Wq8ewTXV9dZQlf3lAcyfkK7YIQxW9sgM66WZFFcOLscdoNwpfRQz6yHxnmnJOLp+DBmg==
EdMNMoomZOoe5SU56LxjCafa35k1UXcDWSg/3fa6yiUxcCxAaq6+AkLAF+uVJMUXrsp5DegEF9I8djRgav/pGQ==
EdMNMoomZOoe5SU56LxjCafa35k1UXcDWSg/3fa6yiXYbD5Zm5oYtcF4EV0R8S4xz8ZsarTPHCR/OgbawBak6s2rdzPGgvqGKgV4Zcxu03KoQ0OW/7ZrEtETs/CfIBMpX6f2kjW3P9THulm5zRihgMKoEDr4JLNtveR9Jwaz25fL6h+TQwd6YJRB7Gh1BOFVbNb3zEZBSleppAd45b8piZWvMVDMXNgJ4EFsNYDvIrhLGXwfYpNTpLqThIy7JKsdcZBdNfUN4vCAv7SnmAZT1gBSlcMwZA7yyy1REaLfiD78JToifhMbTirLWKLquy7Vu3Lk2nk/Vx1Nh/ATQ4hQSg==
EdMNMoomZOoe5SU56LxjCafa35k1UXcDWSg/3fa6yiUxcCxAaq6+AkLAF+uVJMUXBjk7lNnwwypmO4lMEpEGxA==
EdMNMoomZOoe5SU56LxjCafa35k1UXcDWSg/3fa6yiXqe5SzfI3wC+Ai2p7VD6KZ7o9H1ff8opOIQER+OGv2Jgio5iVhC4D1Lj93rVvixJ4XJhAyBEa1qYG4V6UqWGeXrAevtnvPFcsazSdJZOGC8K/C/at6TNVXNYiQX5X3iigSQyuehgkdC4x3ve5dtzh55u9FKLeUsbbn7FWQuXkeaj0lucr0U389h67efCy0wDKQekBkgpPLHCMtdCUKLQ0wnQrDS1QjrQbGUhZDBHZNEn9FiZ2vQTdearne1g0LG/Ie1fMJz5NQ7Fs77wVD/zjPh/IB4VdBH8GOmSWUquPC0PJmtIVjtXV89hsfDWeXan6qA021u9ynOeemgw87tbGUgPk6+voOibXvWs7I9f6ldH5LnKf/THAMjESm/jV+wvw=
EdMNMoomZOoe5SU56LxjCafa35k1UXcDWSg/3fa6yiVqCF7nPbV63U3sL8vMg/vIHAmvuuLyEn5TMS+FNYXprg==
EdMNMoomZOoe5SU56LxjCafa35k1UXcDWSg/3fa6yiWIGcmHG1m8eLOUDz956J77CXrF6N5A1tAEjqm99joA9Lpm1kjm8y1YwjnSNP+kPSPgMWDcwzOX7AFHczGjpMIu3BcN7TOEMa1Cc6U8Pno+bAqVmuJU2ZH3Zyktojxc9WYjmFtzEFkPUfKRIxi7UGW86xwQR5l7aF4SCN098BpIV6AVj9hMsIkrsDxIvzlXh4TbaRyhZvLNxmzxsLKIht+ZpQUaaBo8dYMLX1E3lXjVR7vDImHwhat052eNZsh3HyQK0GhomscaGn9/sB7ONSSSwNx+/oyk5r4IYIrCwNDBeA==
