GmcONIA9PFzHw1gpPLLPoqev3ytAH5KO3S/CJpMsylg=
35kyjVfwBJgytCi6KM5Vug==
FNt9orFfFSbPIXNSbXcP2Q==
gE2g7VQeqq0h5MkG44fPUw==
A4ZCFW7RnVRfEnbtNxUDb8VFIQmzxcIFLuiIjRY2q84=
cwgQW1UgxyVfBeSrdwXHsPE1eoSAri+NViVSjTYe4hg=
pYn3RyiaY4vz2unSybTHuw==
mAzeFbkWBGyzJRgEWJSZYQNn44wFaguEUnqkvHVinQw=
NiGef/LGs6v8Em6sqLz1GYGKB0111uCW/TAqgkiW0+w=
2lfNnhNY+w/3xMaMUxJbE0YFT/wvMlSDz8Vrd5FEs18=
EdMNMoomZOoe5SU56LxjCWbQIr/tqhRBGPBNfAq3QjdNh6VkV0bx3SakCutbo+4DW+32qiV+2NLLrOD+GzfNHw==
EdMNMoomZOoe5SU56LxjCWbQIr/tqhRBGPBNfAq3Qje3Hx/lTIE0HU6Inr9rKLviSb6q8MMmcKHug/NvoZ0pUp8KuDNUgVCwb+WCtEpjWY/gcZfdzyS5geeyKeEuouNCwX9I+OuK1epRIHNSDBveWZflgJl3dtoPX07MkJIaBgodVFaLBQyq7DntR78acv9ISa5X1Nl8Y+pIntDF7ZtB60Go0DGRO6IvzTTnynkAyzwcUTxpZfs/VhdJ294GmP3pLYN73MIkV68JkFM1czfiFI49pM9aFPbHOk53ImlaaPpoxrg/zMZpANvRvW75lyaGINbtSbli46BXOenG5pw913Mm4xXkfDyyY0VFn9nrniTdJeijcgxLIsoxuVx+cU3nl9DcRoWoFm3FJUzivKjTQg==
EdMNMoomZOoe5SU56LxjCWbQIr/tqhRBGPBNfAq3QjcerSc30tpTPtOo5cA1XfDQ8AuKIhj4SenN/qIefFH2gw==
EdMNMoomZOoe5SU56LxjCWbQIr/tqhRBGPBNfAq3Qjfl3oSl8ROgLYwEf/GWnDNHowmv2/N4SatOJXeUbAsn2uv4GQXHiGgKT829XetLSNt6pWh89etqUvKAejv3KZ/9a/+4K+9J6QfBGnEz9bc7R1A0od1PNIjLwn9oQ5ecNki8EfhFG6K/zfgvYYHfWrdxyPpRX6UpLi05wKPfoYUKMGRqIj0pIc/r1gs0qHvlG02wUGMfiNJAlpZi4AzGBG1PxnhDntLNNUNcWWdgbr3eqInUdttiUM6cGe69LpMdoVQIKL/IgO6o+Tr31cvhGyc0L6CgqnI5JohrZhAZr7nTu/6HjrfCOpfln4KdByhEiHiRws1nnBrYXk4XL7VmL4AGBq2JT3/vOWrVNQztzvPsS0WUB0TZGCLul3g6NoFxeL4=
EdMNMoomZOoe5SU56LxjCWbQIr/tqhRBGPBNfAq3Qjdb3UAK/BJEEWyfJWHEfyluB2Vyz23PVcXeKRi3yANXIQ==
EdMNMoomZOoe5SU56LxjCWbQIr/tqhRBGPBNfAq3Qje3xLBrVqldiRONd/0h5oYViXIWvJHb9il6tCbKb8r1zxj5zYpwvY7eNduG+f8B1bBKLw6T7j6H1+jX36ZARG0xvr/Mq/zO9IuF4wfxTsMSSWuVaXbXGhcE0VWZWpE0HgG19G5d7qULj4J/0oTzGuoA6UqQQ2imaEfU+RIrwBOp23AIgNM3BTxtiHuSnNbTb8yOnOxyzSFJmJyQQNxoGc580ijMt0cmQ0wMRXgpdn8hdL5IhDqne/Kkh6d1rLHToE5psgSV24Gmgaz/jceXR3KmiD5EqcquFLy+3YNRGiKG0qZ3YMeF5TVb+4aUyddqNJXt+CZvngvSEPma0c+hu6rz/PjqSbfN0DWehW2mgFCQ4+C2V0QitmCRNd0jVO8j97Y=
EdMNMoomZOoe5SU56LxjCWbQIr/tqhRBGPBNfAq3Qjd07rT0WEyxckl5BOWQapUThkmik8LN9Clqsfm7mkKSbw==
EdMNMoomZOoe5SU56LxjCWbQIr/tqhRBGPBNfAq3QjeE93gx5D/ldgdiZnsfCahcnG5TqBxuwAjyPu0yONIKxvi8nEjjgkDmttnqRsBtZFOrnlET3A8vmMzXk3Zqn9I07jAWzVxaKZ2td4WYrOyTjqIFkuwPJzjOGHakTmgegujl1OL5ozcAlPENKcoCAi0AFJY0cUP++qNG9wM0VQJFlzwWvbyLCBsatAwy7zDE+ABYIbxh+GtEBpNFHi+Lsa9Ei9G+ZN25pBwlBLSgf107VjTHm5gVVdkwIl9IJkuSPe0kZRjq4D0TwO5vrLZDaBcPkC7BzyXEeB674/i2LeEYTg==
EdMNMoomZOoe5SU56LxjCWbQIr/tqhRBGPBNfAq3QjcT4Lxj0Q+UwYoGNGjsJJsfi78ge+BiL2rKIAUyQsbIuw==
EdMNMoomZOoe5SU56LxjCWbQIr/tqhRBGPBNfAq3QjeE93gx5D/ldgdiZnsfCahcnG5TqBxuwAjyPu0yONIKxvi8nEjjgkDmttnqRsBtZFN9kAJ39pteoUxrnRgfyWh57BbdAN189B2MWVdokpJC+N/KQ7T46moMmI8PhHMJZb9qwZYjqZWC1LjPF+boWyqifNC0gt2mLdThZiM43QUyqvIWXPwRxNesO4wax0+lWwEMUSIRNgKRT6Ngd9SSVIW3ctzqDvYK2ItI9CZdb3IcHwSFXzVtQrAQZ+UlFSTJP4dfEdfvfnJVKT7eIA/lLKa9n8blly2vcdTYvKIXe535vA==
EdMNMoomZOoe5SU56LxjCWbQIr/tqhRBGPBNfAq3QjcT4Lxj0Q+UwYoGNGjsJJsfMGgv0S3Vm818YREdgacivw==
EdMNMoomZOoe5SU56LxjCWbQIr/tqhRBGPBNfAq3Qjd/f+zHDWFN3cdX0XkTZnWdDGZJDkTJbjZQyMjbKh82E3cWC5pn5zrCByxiqQOHYKaypR3Ja5TTpiqtEb8SaSFvnQdYo7Z6mccPXX/q7m/swzvgAM+0btNAaTjUjPkMAcxeSlVuMJcM42lR2qL9CtHo0nuvhfgkwF429D1XkaMxzC3W/CRNGw2q9feAcmnAQC8gPT0z6ysDv8Ffs0f5Ow9xfFTAPkX8BInLNxZbgut7tI1grD5LdvMso1ZO5YB4PTyRS8rEl2FVoV163SFIKQ6NU5/MjW64UmHPoFSDsfh58PQ7d9qt1XW3JsLRbIVFjkyPenduBDIqxcKA7a0k/dCvdDcVfnw3u0l3emSd1tcmJAAF1g9EKYQzHHD7tGRmgQ/Or2G1PWpyRRC0gfwXBDLs
EdMNMoomZOoe5SU56LxjCWbQIr/tqhRBGPBNfAq3QjfJH3tGMZlxew8Tu39FRH9j3MQjIMqy+DrM0vtNFaS3OA==
EdMNMoomZOoe5SU56LxjCWbQIr/tqhRBGPBNfAq3Qjd/f+zHDWFN3cdX0XkTZnWdDGZJDkTJbjZQyMjbKh82E3cWC5pn5zrCByxiqQOHYKYYn5NOhxFYQX/xCAVYUYeX6+ITLYLKWC7CGH6+GxhEvFjwWBqXzLpJleGkcFr5i7DCUm9xCznOl9GJlXRNRPC1PqBfHmPIeeCH3kSjf6q6i7n7sH0X2CrGUT3nlJSgpOgxdTr29DNXB+6yTAT+X9LEDzFIKvm3Mjkteg0iowf8Uz2TwX8xCE9CuCHRQhZH2uyNcoEvKD7PB7gY/2kQh4zeVKFUYXxYREI6UnW6bQnObw==
EdMNMoomZOoe5SU56LxjCWbQIr/tqhRBGPBNfAq3QjfJH3tGMZlxew8Tu39FRH9j6LG4+98I/6XRTva9xUbxuw==
EdMNMoomZOoe5SU56LxjCWbQIr/tqhRBGPBNfAq3Qjd/f+zHDWFN3cdX0XkTZnWdDGZJDkTJbjZQyMjbKh82E3cWC5pn5zrCByxiqQOHYKZez63A4Vv1HzzxyUTfNpT+CGDp1+4yAuDtzO7lC+zfaSNm6a5EU2+Klfk1H884Rr3UPNQiTMXwzoun8ZUuio5sbfSeoIbnUSnp0d3J26o2FoA0FU1VZgKYmLWS0h4GFpuHwYoad0+6xKDuUpKRKYXRl3AsMWsGINKCg7QWQoYr0IRQ9cb5He876lvjh3fR9x9/XCH936igRWOCAkF/fLll
EdMNMoomZOoe5SU56LxjCWbQIr/tqhRBGPBNfAq3QjfJH3tGMZlxew8Tu39FRH9jVdxPzmjOgdjlYWKVcT4thQ==
EdMNMoomZOoe5SU56LxjCWbQIr/tqhRBGPBNfAq3QjcBWenrO1N9t0sljT2vtfPSm68+iw36t9msDBGNbfPhylhJz6OeRnfHBAXbiDelWejPStKjOxqoLLH6uSydHNx25frD5ecZ2nHelAbReyBtTthDosjfpQkQ//3eu1PgVFwx4reH9QOoovApAkcEdlbksUrScxT0UxGMQRijqO8C9j9Jf1PZCqe8YxaGeVoy11hW9RXg/ivM0G9PC09dHL948ZjD0cv9HP7d3C3gy0ZGjYT70YQ+e7DKjuZL4MTrHYRG0iiNo2ucXVcdgzsndz3plDw3AkFChXdRC8EoPEEuHERRw+HAHt/U+0oBTvGrzAdw9X04gF885tbt8vLGYcyH
EdMNMoomZOoe5SU56LxjCWbQIr/tqhRBGPBNfAq3QjeVjPxPTDbkwXRsEPro4J6OrgU5XRAK8NkDKlLTGXzN0A==
EdMNMoomZOoe5SU56LxjCWbQIr/tqhRBGPBNfAq3QjfpHARHduOPuibJrlZTRriE1R6LwXklCgFg7+ZL/AVR47gsNFomuYDUTjSRThteqCHK7NzC0MdCIbB8cqxBANPBhbRb9ox+GrNlR0Ge8odd/9/tnzRaZd7B/UvtiHW8QosPJlTbJfp6pS5ejkFj4gRr9CXKpqaOMSJaNXi3fKVVg7TdG/uD1eW3y1HroHa2NeDrdsukWaIgvwyokLwTrnD+UpXa01aAgblDyOzuMMYFbN+1ilRKdCyeiaShSvAHTPy9g1LQ+EX98H4gIcgKMWNGlouOtc4ZVNHs7GmOeLKIY3kf0MuTzr4JA/ZdI21rlCzd7xIdGTt+nWs8auk/YC7+
