GmcONIA9PFzHw1gpPLLPoqev3ytAH5KO3S/CJpMsylg=
35kyjVfwBJgytCi6KM5Vug==
FNt9orFfFSbPIXNSbXcP2Q==
gE2g7VQeqq0h5MkG44fPUw==
A4ZCFW7RnVRfEnbtNxUDb8VFIQmzxcIFLuiIjRY2q84=
cwgQW1UgxyVfBeSrdwXHsPE1eoSAri+NViVSjTYe4hg=
pYn3RyiaY4vz2unSybTHuw==
mAzeFbkWBGyzJRgEWJSZYQNn44wFaguEUnqkvHVinQw=
NiGef/LGs6v8Em6sqLz1GYGKB0111uCW/TAqgkiW0+w=
2lfNnhNY+w/3xMaMUxJbE0YFT/wvMlSDz8Vrd5FEs18=
EdMNMoomZOoe5SU56LxjCUDog7F5RvEGkyny02Fa6/tKrRyyBsCAecC0oBXUSwLKndTi/M+CLorHf4J9nuxq6g==
EdMNMoomZOoe5SU56LxjCUDog7F5RvEGkyny02Fa6/vbsvo39A2dTU7a6PFwRsLKxWy6izZyZRq/jN/llOfw6iYjK51/vAXpagdHv6ISh8bvkZo1hCNIxHIcXU2mE//x1TiWjKtg7ODUCVabMZ13dF/bbOiZ569y0BbyfpbSI7svS4BVJuif45Spjuu5CHxiCWmEwN/jZpBM7yNKYT4LfA2QYiUstKiwSDgv/6DcSrI0gw7rNAlScC2dM2p/S3yoXPAm9UbZeu75JaMNagSgkgWGnwBK5QGctLsRKMJJ7jZlc5k9jJWFbl+MEIaMbJtVIbvae1E0g4TUVmX/Y/BcA9TAJs2bU/jQCuwwXEMH5g5YNb28Q7XVlGm2Kj+hlh5kA2Efwsl0IedW404dQTkV1w==
EdMNMoomZOoe5SU56LxjCUDog7F5RvEGkyny02Fa6/uZAsiJo2YJSm1Roo5ms08B9ENYDDZnJBklEmi2l5Rn/A==
EdMNMoomZOoe5SU56LxjCUDog7F5RvEGkyny02Fa6/v2bsywiC7tUMDpoaOaSshnjEopOzxy+p8neG0uHrwec9uMehxzNRicAM8Fg5xwJa4UM8GnlyaQaTRV2D51ikT1acxagLeTd9L2qs5bHdDeRgpPbAYsBRcTRdkLplEBqWCs1cfxHh99LS/PhjwnpxHiBZ7hVgCHs8UXz+ZfeOwtnd1DFKYRUGioEx4gstdDxRnnnPvTwjiisktmI97C5RtFsAf45tPB0Vc9Ra2imlYbn3elu07RJHa4D9PCPi7lXtPMiSC7q4SJXWntZFl0vx/dwc5p5Xt/Arc19C43i305zHeOXFJZVsIrlTZ56Ds2f322jJebWii7XCmzqNmV7MAPZfI1JH1DJW4BmItNTMC4XxD8xP7gm8j9hfRl0Ipv4vI=
EdMNMoomZOoe5SU56LxjCUDog7F5RvEGkyny02Fa6/tglR92PcksS7bthy2MzKm2zvkLxW34naeK8OydSS5hSQ==
EdMNMoomZOoe5SU56LxjCUDog7F5RvEGkyny02Fa6/uS7vZH33R0eJJayf0jABvFimZaaZvz7kgJrkE4Sk3F0DpqVQhdqPNa4INLDm0NKWn3Fcu0cXGsdmBi64560+A1k7nQGWLjPuSYMCAfpl6Z8dnivLHh3kpnVCBTFZOeh8HmTU9K+cJNxtybHjj9GrQNXsuqvb0/jBsnVuUgI6oCJxnJDK9D1HHgjfFlp7oIeZLZMD96rU7lZoLGjRH3OKxFekSX458SkXGeZRrwuAieyGDz4s14RF9JjfOTOtzb5Xd1MuaxHTDue2QZu6AK5O8mmqQTMQjrwDruvFXMVEf+EDk0H/9G7svD8vWG8k4t7WXcStfoM9dK5o0ial+HH4Leph5iMmPCI10d9wQYndgra7vly4bOplgDFZsSuOQGkxo=
EdMNMoomZOoe5SU56LxjCUDog7F5RvEGkyny02Fa6/teL6z/yjeYVqg96OYpt1B3Au2Zi3fRqIcwwLhkJVq2WQ==
EdMNMoomZOoe5SU56LxjCUDog7F5RvEGkyny02Fa6/uS7vZH33R0eJJayf0jABvFimZaaZvz7kgJrkE4Sk3F0DpqVQhdqPNa4INLDm0NKWlcE+cYH/K3YzgTYCmzfsJU6l0PFU4vMs9huCRJiR0xpEwUH/M15QtZozQK4t4903v4avQ1XdsQZzs/9twV/2dhs4M3clY5YZNxp3OyUfSt1BfPPqgELzXjvH5AhdMW7dEETxDo/mObUTeJTeerYlLD5TjaabWA5lnfGPvNDkO2bJ/wHrzLgurY0tGYvxYG16ZU27HDowTslp5/D8lufo9fe1STKDkzD9FaUEWHPhOAFg==
EdMNMoomZOoe5SU56LxjCUDog7F5RvEGkyny02Fa6/teL6z/yjeYVqg96OYpt1B3DQVS6TomvPcl3o+itugm8A==
EdMNMoomZOoe5SU56LxjCUDog7F5RvEGkyny02Fa6/uS7vZH33R0eJJayf0jABvFimZaaZvz7kgJrkE4Sk3F0DpqVQhdqPNa4INLDm0NKWmZJJOu9jGr0SwnkZNwr9H6e/TV2h+7wcU1qiYk26ieEzGQOO4XeK7x6XH1PXnLMMuM3jjYPDmZFgNfidLEpacy8r6h8DYQu9qyCYuORDL4zwOCUz1SrMvRhgLBAQBQMFh/3kHe2JNhZtWbeofh1bSicasSXzpRik9x4oLF2kqkTDCpZ0COANTqcqxrt7CQheJb6H5hivTdfg1pUiDnlkfi4sbdFELsG+G/bRjst9P5PA==
EdMNMoomZOoe5SU56LxjCUDog7F5RvEGkyny02Fa6/teL6z/yjeYVqg96OYpt1B3Lb2u3g/jAuJHpO87AAR8TQ==
EdMNMoomZOoe5SU56LxjCUDog7F5RvEGkyny02Fa6/uGgx+N97V0royR2Z7Qx88capyj3UnZfDGy9S+VS+HlZFSzr0dJDYNBBNTjSGWNRWs6edaaQZVRCk0M0kiRxB8Rz/8DD2A1FlVA4XiQLX3xeJuoRNaaFgzgCKZ7K8h+qJbOHbRbkOlzm8ADgx8JQw951AFC7g2aOf9OMlqB3blDxjtvRStViO82C4cAIYP/GyVbAjVGFT/TE0bvnvR98gSDrG4UewQyv97MCma8Dj+Yht1ZEC3m8LMEIPbRIHPplKq0SuEoA7fOcp+KHzoE/xUk9THKXavJHT22/e4BlIuP+ydlHKJpcxtOhwWAzGjNRlfZa2hH/Se2dEIgPmgyeivOeIPWIbqJWhwyhBkPGLYRf4TAS+0fnbSYtUNWCJF+/b9zcrjYxEKoNUomTXgRBpMy
EdMNMoomZOoe5SU56LxjCUDog7F5RvEGkyny02Fa6/v34bYqSIQC/p4Nx10i39bMKfdByxB6GYgJfXVhPmeKLQ==
EdMNMoomZOoe5SU56LxjCUDog7F5RvEGkyny02Fa6/uGgx+N97V0royR2Z7Qx88capyj3UnZfDGy9S+VS+HlZFSzr0dJDYNBBNTjSGWNRWuvsTS7fh3Fd2lJ33ap67wqxNd1bFuDtyWPIXdF/M+Uqncv8OsE/5VzIS997gHpVUieOcq8E0M3E/damZv0w6UoiOeQJp3BccXfbaQoSzBCZ7Py/V3ZsS+A8ucjUimiNfLTq573YxlqyiFvTa2C5jAzkXk5uWbSz63B6YUtWgqkMgHEURiVPLxJExBO1ferHblZ8iOVE7EN2uusELTv5INRjYa3FabOZrDJTkZqcHxE+A==
EdMNMoomZOoe5SU56LxjCUDog7F5RvEGkyny02Fa6/v34bYqSIQC/p4Nx10i39bM+1R08sr1pBu+VMEYVdioVQ==
EdMNMoomZOoe5SU56LxjCUDog7F5RvEGkyny02Fa6/ve7/GlFxL30YfBnVaSriIJATg91j2OkFnGUZ3D7zOnQnRehM7+N91rGTmbO5X584CByL8jevUt34tOub/V8HSaNk4JKFa5RfO43CQ/tRo7oGH6N6j+Q6+XKKrCtXne4WSgHarCVO4buAXS5Cz1rR5t2QQ32wsQ0Fsjsywchl0jdyRYRdGA3Q7Vvf+O6IbXmlH/Ur3nGiMNM75d2qEiNVvM0g4N5xF6yR6uNU5hisSwCcO0E60H78vh6XegeoLLMBBsNKdNeTqLpaYhLiz5lLBE
EdMNMoomZOoe5SU56LxjCUDog7F5RvEGkyny02Fa6/tDHYqVBDLE+VEG1awY3tde/Ozh5vcp6zHtbJbMTWRxNw==
EdMNMoomZOoe5SU56LxjCUDog7F5RvEGkyny02Fa6/v5sOSOjak/tatcg48mS+oA4WUtTouZMFPRVHulXSebt+OZvWKOIpSdNelG8UmEFYok2cV8wnEJkebV7s+Le+XuUMyR998srsbM/l6z3xYBBlWG/t2SLXhez8eepWm51T6eYYmotZl2D8bjxy+50zylyk0UiyePiKE1vQK9HaccbZAlXWNOnKMffzHEHPUe3uhJxbpB9hqPjf9eiM01Ajs8+BrYjGHj7fXXt+6kGTh5AfEY2B2wE/1wZv8La1KPF4Bh+yW70Hfb0PmO/z1jOZ6Voyr4RaIiaDkbnxWqWeL5JXlz7rDZqFdYcpO//73FrlSD/qXPssKayzEadPrGugyD
EdMNMoomZOoe5SU56LxjCUDog7F5RvEGkyny02Fa6/vLPd0dSvx+U+NoBO9ItlCpWD9XNlD2Pigmzbd0F3rcPw==
EdMNMoomZOoe5SU56LxjCUDog7F5RvEGkyny02Fa6/t6wnZ0YTLaitBUOCQmSk9FkTu/HKXALE2dyGGAP+9dHImrJCcN8+CZkJbEGq30BhM2mPPdx2Kag2FuT0VOw2L7UlBWayXh+301lGScbodNNmwwYGWRDSIZH6ZqK5HAIFtMRYtAWBshiXi4T89mbfXL6pH94nwXl0/qazrIG5XY/ynPYYPlKWwzgJAtLm2z4Q3QVfgfOlcxrpKW43tiQvREYmhParurDeYOLzvOtYQ3NQB+r/Zb3Ne32S/j7qQsY56E28Dcc0I8FEPOL5hBlRgNyrZMxln4LHmEFwv9oQ2nvTBlIomGJPUaE/5ILgpr+Lyf9fWxgXuAbwohPGogFFw/
8tdtO2zQfO0tYden/GqP+k0Lq2dyd/tkcLwqX1sc6R0GQKATg6Ybu/FeOCvr8XtkO6DBp9gH9jbxyjb6eb/fB+BZOdalERPcQww6vKZD0kV0WyVWmtXBVaIjV3g9HHOT
8tdtO2zQfO0tYden/GqP+k0Lq2dyd/tkcLwqX1sc6R0xYKEG5IJhGGLyiB1lkZCa7Kra4tKXzWBF1oGb0GILc1Y5qWOdpFW9srsCVZep8aKJnGtsl8/RseraQtKmIHb/c6/fEychhvfY+jZk9rtj5A==
8tdtO2zQfO0tYden/GqP+k0Lq2dyd/tkcLwqX1sc6R3IdM4WnE1d4WLlve4KNk+b2w7wwz0ysHZnT44pKUgbOh+l84jx0X4gKbUIMposEw1FXE3jP15r4m3hwt9f2ojXCU2ASEQlKfivfH7S39a+j0K25M9Jrjdoz/TslExJn1mAxUDLXZIa7O4T3ccceQAgjYG0KTYDbZ8uJdrBhR3Bwg==
8tdtO2zQfO0tYden/GqP+k0Lq2dyd/tkcLwqX1sc6R3IdM4WnE1d4WLlve4KNk+b2w7wwz0ysHZnT44pKUgbOh+l84jx0X4gKbUIMposEw1FXE3jP15r4m3hwt9f2ojXCU2ASEQlKfivfH7S39a+j0K25M9Jrjdoz/TslExJn1mAxUDLXZIa7O4T3ccceQAgjYG0KTYDbZ8uJdrBhR3Bwg==
EdMNMoomZOoe5SU56LxjCU4oc5km8N9RGNLsdfvDUfNGoscOOe5E9s0U5DE1IpRfNPUYdML8bN6zT06j/wvZtg==
EdMNMoomZOoe5SU56LxjCU4oc5km8N9RGNLsdfvDUfPLuMfx069gYVEkHO2ouKSHHhGGafM4oSdRWxQs0/4FTqfA1LQ+NjP7z6Wb+gKewDDCpwjBd/oThRPU15t5dyiRU4SJ+bkwsZPbP6uF7WeQ85hQkR2gdVRy91Kqmr8wSRHQUKByxkNctPUf8W9TrLOdGEuEuTahBxAQYcZ6hAN8fDbdl1+KxBsa4kla0XhSLuvbFO1XwBDl1BP/O6ZR5WVJuBT91oXfZyEINDmPrZzGNtJu/PMV2BHR+ZRGfTWTaRJ0sxspUTz+0R2nt2VjJrdNNntaQ6Opvd1lkBEp8wG9M6SiWv2vNBLZf4YpLXJoU1BB9gA30f+or68xlasoFQTUf+cTGhXC+Ow8AY7iM0CEYw==
EdMNMoomZOoe5SU56LxjCU4oc5km8N9RGNLsdfvDUfMia3vPWu3ugKLsAlrr0LuooXqyrQMlCHNSsE0Et1Quog==
EdMNMoomZOoe5SU56LxjCU4oc5km8N9RGNLsdfvDUfNdMOou74loYRzuMhv9PfE3wWXY4fP2AVBBwCd1iqL+EkxsPTMmP7Im8fLzA/LM/MfBEB/D/G7N1hsnMtFroBdaP4BtwzttjoH/b1Okr2Zl0AKv/Ww419tcwsFu++10hW+xm2FnAEr9lSI3odb10QdjQrquSDDhuaqnHQGlzJFUPlE8RjuntS/oQYIgy2pH5RhjU/x3JyedY3dadn68ENEdGS1QCdCOF63LFg0ivL/ITycnb3KWCQxgPy7Oo9izGOIpDre73OB2nIm5uVoThKvN2YY7Vn/IDeeGfwwkFcj/xlCNZ6apBwGSEjdS3jzbRHiUZUlQ7cOlDrfCNOmQYEvEVWnOiiptAJz54qjWPpwfIbV0sTz0eoiXQyMog7gYADo=
EdMNMoomZOoe5SU56LxjCU4oc5km8N9RGNLsdfvDUfM8HMajqTwIP0TvWur2X6bU4bpO2P+964Ed76tWGlVGYg==
EdMNMoomZOoe5SU56LxjCU4oc5km8N9RGNLsdfvDUfOonmnOsnAlRMITm8DPuns8RdrIwfOxF6Pjdfz8tASDsdpU2t9ECyI9n7dBtm+ftwTfekejv79cH36raLuhMmVDAUr3SXyOemCtCHkj9Qpfezz0yN1mpL3t+hfpNxwz99ymSDuQ1nbJBp2BRDZlJ77IX9qzDdeQZoG6Iltih1eLm7POAKqeH9NtxdiA2sYKCqSqtef1P+MQyqmHDmZ/jkV28GXhKCnPHVlRhJPOMghEFTbFshZK+A1abqdh20FV4Unyq2jT66h5L0HGXiI61Rinjm74pbcaaPYbUM/XCO5k1r61fFoEke7NjMmWNs7lwf+kQ2kXOhLW+mL7DEFn5BSPccJpJCRMYEdjrsxIKyGLhYriAFfbjwrePupCQ26scWA=
EdMNMoomZOoe5SU56LxjCU4oc5km8N9RGNLsdfvDUfPLAmxCdnsGI3t8UvTSss5dBh2kOmXKjgYDsfMoaBJ66g==
EdMNMoomZOoe5SU56LxjCU4oc5km8N9RGNLsdfvDUfOonmnOsnAlRMITm8DPuns8RdrIwfOxF6Pjdfz8tASDsdpU2t9ECyI9n7dBtm+ftwSQPN25ZxlK8wFJ/zmSA2b4N2uJYqvxKyiNH9t3IvrftK1GV555GHoz5If13zaYNovjF7UV2tzmEM7KjJBQL4g4PM8RkFz13SSql4k6EZPq3vhHRm1bI9CSLUe7mUzQXVqeg6wNCEEbDNjm0qeI/3usmyUpzutuxAg4JFmSS5/C1RYP7WhgwNZ+BZTd4TaXhiank4O7F0huCP1h99cRqM/KYnVpeHnHfsCXirG71baeqA==
EdMNMoomZOoe5SU56LxjCU4oc5km8N9RGNLsdfvDUfPLAmxCdnsGI3t8UvTSss5dCuZC3qkWPfEhS3LHuXamgg==
EdMNMoomZOoe5SU56LxjCU4oc5km8N9RGNLsdfvDUfNijvhqgKSy4wpuYMusFcW1FxhkeKMPDatncUSs7kWOp6ECOeFC8CORkrk73JBT/M7Gl/zEO1hs4ormd5s7HW/ZwzF3LZNVtHfoEnnXaCcgKNAsrPTEQVj2SauS+mzpkP+9Rmrf27SiW7de1ZPxbnduM4bsgoP8feRU8YEcVZN3FBNVN3LQ01cdlM3aKiY2buxlelsAXBFZVPlnH4MV9kQwEmF5fCAKtC3lhpEc0YSquR8jewuzCyM/z5tFjEcCS7pWCvdXBtVAsIOtR3/IkiIUIcKzbstzlrQ2HUwKjRjn2A==
EdMNMoomZOoe5SU56LxjCU4oc5km8N9RGNLsdfvDUfOIdsfmDbF7R/CgJFYfX0e4DhoRCZyQfcjdgo22UhSdhw==
EdMNMoomZOoe5SU56LxjCU4oc5km8N9RGNLsdfvDUfP37eTWpMJ5GzCrkIW/l/E7A3ECfCKM7nn/rVTgLeX+nWHnJRF68nUsdVJovLIy2p+NxnGf4J/fNs6KPfqfMvY32UPhih8Kt1nkiprIXJwVu6lQOy88HsZebPkQhy4aR/I8JpZ/brijDB1VRlei/0HyVEQ7YkRxCIGEPqFfpwLdYygqoS6GzWXBTVX4gmA3SuQaErG/qf/CXWwi6zJ2Aih0ce4sK1GLhkRf7VyG4ngS2vrBR5+hpyZ2Vprcq12K1CyQqXSij2q+V/jmmgtoRlNmbPNOFQ4pGYwNzTxY72b8hJhuGAjBeXaCkYatB5rzSlgtYF82pu1n1+FFQ6l2a+7BYibExDWH7Ym1t/lVbf0Kn9uqMbvtg1EfJCf9bCwxwzeR/XLYNCvcaHN016hpetE7
EdMNMoomZOoe5SU56LxjCU4oc5km8N9RGNLsdfvDUfMR9naP3GwkxODDCKERS5QzL4myvsNht5gWz3Nnm2m0tQ==
EdMNMoomZOoe5SU56LxjCU4oc5km8N9RGNLsdfvDUfP37eTWpMJ5GzCrkIW/l/E7A3ECfCKM7nn/rVTgLeX+nWHnJRF68nUsdVJovLIy2p8nFNeSHsEmRInP1K54gDKw0b2glkT5ipoLqasticZsgJ9/1uqJyWwTC0tAPSKeQwq9TfKUU129vzzsBb5nRjKHVKa/fj1TEtCk+r+Q9ktI722mKLABPpWWhgR3UEg00SKe28s4IS7mv0knekSeKAW+ArffktwGJIr2zvkpK0DRDArDjDckDaxzD6YVYCYNlLA5i44zrX3G+Z8m4S+ue68nSW4AGs0QB6vf56DuQ/Cafg==
EdMNMoomZOoe5SU56LxjCU4oc5km8N9RGNLsdfvDUfMR9naP3GwkxODDCKERS5QzsjSTaEN7XU++A0BqrQ4STQ==
EdMNMoomZOoe5SU56LxjCU4oc5km8N9RGNLsdfvDUfPip66UoxRmyBxxFcgqklx9qv0vl/vZXFDd8ygRUYP/R+UP2MfMas1RIcs8v7e41leUN7Bkh+/5dI7GISEgNC1KhhnzuD3kltfU68mpLOZz6rPQPAqbl4yir4glbQf9ILOhP4AMSDo23bUQ5dHKlVcrK+0LHt5Rl99FEczJoPkn/lM/glQrxtoU2vDyiU9VEt6Q7Zs1hYdM2DLFL3h0UHNP5ltpkfdEE+Eu8nxEawnuShanqoeFBawhfoor/8vcY9Vm5robPsALrulzTfOglcEM
EdMNMoomZOoe5SU56LxjCU4oc5km8N9RGNLsdfvDUfNYrvcIvuja5P5kePSLfsklVDMSDis/GBJICYYwOBYHfA==
EdMNMoomZOoe5SU56LxjCU4oc5km8N9RGNLsdfvDUfMAaFqkwFot/3T38aGxhvJf0yO0sBBjFx3pEI83SiLMtprsMcXORpwpLiQXyawht/KN5dNEcraQshUg/1AsNcxA1I4RJT3Ccm7jzvRRQtqt/XDP4dnChWOFSFaBNUIZc4VDZk+GtWI/gxHLgvTQoIBxCoj7sn/LxGqwWKspMZnkr+4NfrKkrd8r6/rSC6s7gff7zzB/RRqFIrzjreNzbmcT7CKv2Jh+osff2Zj0naiITIAeiaZEDqo2rqpMp+dUOsR8znCL1vhh6yTUriJIO24b1dtF3sSK9OVMhOtjAIfAKb1qJxSwGeNcuaitbmQ+ujPV0qsRw+0cE6Sy1pScPlSv
EdMNMoomZOoe5SU56LxjCU4oc5km8N9RGNLsdfvDUfMu/NXryCBSJZNCpF+9k+w3jiVzDj++lAUfiaj/l1XCEQ==
EdMNMoomZOoe5SU56LxjCU4oc5km8N9RGNLsdfvDUfNsU7jJTa5PVS5pykxNFw5H43mGeBR/TCewbunaLxITMTNgiO72uv84jINSYD61Iw7Qym8ezgshDJKr77qlPMQw1Tf6ogMGAzFsLgVVqHaFOaxbTDBlSY4evP5HhzsDnzm/XeMiQLE0ErBJs6PmC2Ezy6aWoIvpqDTSrjdSWDHWkbUSP9n9ZKmfZfwJfYVhcoSmJVra722AELsK2D455Bo4NxWQGk2DejLNWhm5khm14VFknXcuJ0AUv72MCMf8sUMJjG54p+b5K1+96yLHeZD7yHCwENhnh440mJMmnIwwF6DvM3DCOu2lLKTjI9mSNtEFjKjhBx0feasiwotv00gx
EdMNMoomZOoe5SU56LxjCUBVliEK9jqqGiC5z2kLrdNAm1BuN3umjagCd5LOXR3JVRqVMN2e2C2lW5grdyKgAQ==
EdMNMoomZOoe5SU56LxjCUBVliEK9jqqGiC5z2kLrdNN9DDs2STMs/EwYkeM4uxtMdf3i6oPckgeWEpYrZXMBhV1Vxmnw18bnYkJGszDK+uCFtKjOIY+VDh6R6Rgauo9xw2PJ/LlE37jq1LegmhpTyzEIGE0JWlwdpy6yBSPvsAUvoUlEF27386WQmAZiUQ1S6sR1OtcjoyItKiYMgiApSkMAXd21rzdgLB+xbmajectAk2ZzxcBtJnDKLeRmeEFDIOYROb+9pTEftvWkGqpMW+2Ic3OKaAX1d0TM2h4dAhs9ICGY6PtqhhQnwo5dPDxK1LSJVwdVUL8efA+iM2vmPwK6LFmUJqdz8Lwq2QvzUuODRINyDQMutlfXpQAfRPO53nrqkCmMyeP9lPV5Z53Nw==
EdMNMoomZOoe5SU56LxjCUBVliEK9jqqGiC5z2kLrdOhpxIDVIix5w+5R2p32VPeTIz/jUNJ4/nyZKgvovbcFw==
EdMNMoomZOoe5SU56LxjCUBVliEK9jqqGiC5z2kLrdPErOZzlPCfsKcNCoIHG5dtp4ftQ3C/0fzpVguudbnjjWaftrkmCVbPnhwUKaAnkzRQNtQuMyvz/AsG9ylYEx+dZo6l4ceXlcKxLKpqCQlgKKNit5JuL2evaR9UbnK0/eNmJyCDT4NgJOTZsrP8TobXwCFf98BujEdLHrK2pCT3q8vHEOwfplu/mjyZL4+d9aX4cYuVr6kxCz/pmS+/DAzKGHO9uJcT5BFVbamj7zKddCZyauMMNYjjc+bxgBSZR8Bi2Tfd9aGq750IKOQeY+VW3Yy1P5LfUJsLlBbQswkMQxecw16IofIdEOH8zVh0YmvzAGUMRFH3T4W1k8SRc1+ZH07Xw0YosCWYIQtBDniEUrfQmGh/TJZW6Qsd7IUh/30=
EdMNMoomZOoe5SU56LxjCUBVliEK9jqqGiC5z2kLrdPgIUxRYV2R++n/+2eEcd3tBASHsXc993B7HM+u17HZBw==
EdMNMoomZOoe5SU56LxjCUBVliEK9jqqGiC5z2kLrdOS43JRbZY4UnJLLRNLoXbZbZqA6u3Kq2bYgSjvTjkLFgYxA8MSfFjn5LI1T/pIJp0Kjm1SMegRqh7vn8THavuIKivSCUOElSJHMWpVfACOqTY93U7fA4ZYB1gmaCjV5TITzL4rDgkd+5RYLzHnOFnq8wlFlnjZZsPkE3otVl02YoTpawfIZXBwgBYNnN+7cLjwSi7U9x3lL6oZvAYDvY/XyfJ7cgprDlpiUYkd8B05EZmvbkKHAFpjBVDstb6h3X+T1I4GvVhwmTRD6CJvQyzH7c+qbmXedNHmfmu3YyrLP6EjcrCq0Aqde2iZ6Fm7copK4pRRQDnWZ44rduoQ+EQ1LvObZHpbT6jUrRa0WrSku5SvdXcNsmQevx2va9jULkg=
EdMNMoomZOoe5SU56LxjCUBVliEK9jqqGiC5z2kLrdN7A8y58Q7Y87k00w4b4xT+RJSexVkD77BIo0B4VCEsBw==
EdMNMoomZOoe5SU56LxjCUBVliEK9jqqGiC5z2kLrdOS43JRbZY4UnJLLRNLoXbZbZqA6u3Kq2bYgSjvTjkLFgYxA8MSfFjn5LI1T/pIJp1WaLIJWrFLSJRiBPPAubT5nGncYrWr5aaU1L4i/zNmh6Pq2KQFgDPLdiFb2twZ+XPdiP43MFDNR3kOKch4yJIburFoX3XWYRNraq/huxRhfWxNjiT21kcM40IoA4Uo3+7M4jfK5gfEEtqA46cQdWJl6XJ/1qAmGj7gxM7DpvXPg5Pxf0xgxGsk4DY8qpC+Urnc3IDL/C1ZaDtB7Q6ELNZHFwsN8TGjAy9ScDohyY5AZw==
EdMNMoomZOoe5SU56LxjCUBVliEK9jqqGiC5z2kLrdPU4wd8EnnuWxI29mSVX2MKO8Ol59alAamsALP4y8xHGg==
EdMNMoomZOoe5SU56LxjCUBVliEK9jqqGiC5z2kLrdM9hV1OhP7dhi120DiYZ5aapTvzurwaRjyHMMkT8gaGxLKrLyRQpDWn1ipce+QP92qiKlmHpAMGTqMDlYbS37Jn/+YwSecRs5JvfmUSBqTYi/dZBXKNRrRhvvNyfzmgxaQ1VE0N7LXmnX5IHRQWUW8pGfuQiVV4+PSmj8Syp1rxroLh/569NRwzuauquij6FgpfQaS2Z0UVpKvhDcszkxELxHA1NAhxT6FFEZsyiyyNvQuq+ZseT9BJSjn3iRyFbl166qf55WMP2vIX0F11G/X5AhRK5XVNAMqggTz+XT6Buw==
EdMNMoomZOoe5SU56LxjCUBVliEK9jqqGiC5z2kLrdPU4wd8EnnuWxI29mSVX2MK2Wz5RVOIwhYfjAoj5ckYtg==
EdMNMoomZOoe5SU56LxjCUBVliEK9jqqGiC5z2kLrdNM3u7sCK5zJRw0oKhtrjT3K/ihZ08/rAmPXdwMVV6w5169U/TGC+N8MVzb9e4rQCCuzXK3jLOCCTuOFyGg4XDUpqJhoUitEGd3luSaISXpQZVAJ00Mo5QTHjGZVkTWjbNtDiNJlHI5a/nbsZj/srpNT72y9Mcg0PculdcdXmZu4tcr997M9SRklKofXuKmRD0L7S+97/amtUGSJmPrY/Jx5+BR9AVJ7nR0AoF6yvyj1P3Im2eV8ebPn0PAkZmbzAuwRuouAJZdDOG8CD4a2ndS46VnVBgLuJ9ItNP/pkeSAMxRdD3Fpb9HwUG33a5REEF3vLMzf6wEtJbTprEpO6KrjqqkK1f4zi2lj0Mp/pBqdn20G55nzQW03bgjosZc4aiGkIZWyUNlaufB2CDA1sCm
EdMNMoomZOoe5SU56LxjCUBVliEK9jqqGiC5z2kLrdNGpU+10/EW2hnMs586IDzTYX40MFtIThua6fHtZPACHQ==
EdMNMoomZOoe5SU56LxjCUBVliEK9jqqGiC5z2kLrdM7fzQYo+7RYzKGxNTADgEJcqFfOabhFjrycrX+kQRIve+JqfhR9TW5mjjykNcFxrQta0dqQ3Tfw/rTa1vB5k0F4ZhXn+RqGJbj4akKml1c+AdQ4/soYf/aH9VROYVcFGV8OsApW6QwKvVO2DaDTiUZxfJ8oclg/h4Mm84njRXdWg0/jGIYg4pqt+aUFWbGrbbQvCTbjT83uEVVoW/qs43M2iWjPNXx10kSBtvk4AXvyWOIFIMu207qJqpEqcOvYcPOyXcpfMiD7D9bP2xl4q8BR3OYhGnt+x0C1cv4aXpX3w==
EdMNMoomZOoe5SU56LxjCUBVliEK9jqqGiC5z2kLrdPUsBeTK3B7LfLjyw9CS/LQYFZ2hmDwuF38xbBgpDpsKw==
EdMNMoomZOoe5SU56LxjCUBVliEK9jqqGiC5z2kLrdM7fzQYo+7RYzKGxNTADgEJcqFfOabhFjrycrX+kQRIve+JqfhR9TW5mjjykNcFxrTSAOd1XznHDL6UOJ7kfhjA73YqaNbyBGbOYkS2bcMwZI/pXXgSA8mf1KADmMvAdIPmJ7I6YxJdzueam9kCN0UlJMup72L0v18Arhs8fUAL9qdGuJGYxXjNXBHQie6wozWisJ/UTzKtK5QA9T4zzLB+r2PSSrO6Tg2zo+nNc42XMmDkMnRYjiyk28gOUjz+AeqHzHkqPEuAtCpIFjNEMKdg
EdMNMoomZOoe5SU56LxjCUBVliEK9jqqGiC5z2kLrdPUsBeTK3B7LfLjyw9CS/LQtcLYMm8XW1bclwmS7OfH/w==
EdMNMoomZOoe5SU56LxjCUBVliEK9jqqGiC5z2kLrdNjqFbzdvne5+/mM6bT0vWv5ZlgMi+9vWSfL2bRH7tzPfc0DwJGx67x2MFyNWv4FOFCONl9lPuvVirKhykeRT03dZNZ/kfXd1FP3wt258/+XCpGPB1fL/V94vmNsumemOsL3kAP2Zk6nDLArbghJnKw3PB+UOoHyy4gtVmluPiQNP1owgcX0jKS1hgWgm1O+MiVizfndznks2e/Y08Eq1kUD7OKCDJsM7xVY3nLh5diC5aAXFaty9KTC+fKMIknovoqIcA19Ha9BtDDdvDlBMw1x2VOC20GLw3W9JbwxVukd1JJPutUUMeNpW2O2mIJu/ik18HHuuquxTMPaKCZJud/
EdMNMoomZOoe5SU56LxjCUBVliEK9jqqGiC5z2kLrdNWsGVal6anQCPrygwuCDasURORnoegMMsM8Fg0d/yxEw==
EdMNMoomZOoe5SU56LxjCUBVliEK9jqqGiC5z2kLrdN0jss34FsVDyawzTPIVkF8dg/cxpt3ckB7paY3QlFrJi4CC44wwUR/MGF0xhEmr57P3sRFmMtBXwO4cw3oeiSQw2dXwLyGqGFSHtjvqCkzwbpzCyeU2Mui7WkjSFxzCag/I75RfPuTlgRsgIaKDopng3g6zyuooPK62lMRm9uQd64RghMhv4AhNNa8mppiWcCxcHMwTtFD9aaWHAOLRfY4UfzTCyztRnftgaGJUoUpZiwgQvQ6Rs8f/lf/m59ceBMLOyXxMlpNAbD/jcFBuTbSU4usZrWqldIt/aFm2Y7A0V5GkV3VkULxw1vqCDPHWFFF4ARHYpPv9NLSTfBgRNgl
