GmcONIA9PFzHw1gpPLLPoqev3ytAH5KO3S/CJpMsylg=
35kyjVfwBJgytCi6KM5Vug==
FNt9orFfFSbPIXNSbXcP2Q==
gE2g7VQeqq0h5MkG44fPUw==
ExPkcbYFeYs2lHSAMsaJBjIbQm7FWZ8YCSkKK1z2aPs=
cwgQW1UgxyVfBeSrdwXHsPE1eoSAri+NViVSjTYe4hg=
pYn3RyiaY4vz2unSybTHuw==
mAzeFbkWBGyzJRgEWJSZYQNn44wFaguEUnqkvHVinQw=
NiGef/LGs6v8Em6sqLz1GYGKB0111uCW/TAqgkiW0+w=
2lfNnhNY+w/3xMaMUxJbE0YFT/wvMlSDz8Vrd5FEs18=
8tdtO2zQfO0tYden/GqP+iXO8vrykDhubHbYBfPAAZBNPBQyEcjBOEVsumkPYCCBmhr4//9ja5L5CxG3Qy32PwAr1HQK4BPzO1pJ46E68o3JcXD3hKR/bn7o1S59ncDc
8tdtO2zQfO0tYden/GqP+iXO8vrykDhubHbYBfPAAZBNPBQyEcjBOEVsumkPYCCBYHcTwnNmE+5Ps/SAleghjGMtnwwhLMoEKHUrdwwLYhwGljC7aRlf0+fY98EAFwL9Wwp4pmnafZmDVtX3cbsrUQ==
8tdtO2zQfO0tYden/GqP+iXO8vrykDhubHbYBfPAAZCBUqVv7hw+5nkJdbQa4tqS67fy0NYibVBKui9Qt0TxOmM45GKmhEurMXtpH1jTCXUkBkGwzPsDTUfklMKXTnIg5BVJjdPfTTC9mY3peZPtCcQa5DmIBb9fmkbp05TYv1TbzfEA5dtzih1pi+YOxloAf74LxkP+c2LrVNQLcO9TCA==
8tdtO2zQfO0tYden/GqP+iXO8vrykDhubHbYBfPAAZCBUqVv7hw+5nkJdbQa4tqS67fy0NYibVBKui9Qt0TxOmM45GKmhEurMXtpH1jTCXUkBkGwzPsDTUfklMKXTnIg5BVJjdPfTTC9mY3peZPtCVCt9ZN9LanzAycbHQ4B4rHzbUUJBxGGhyCYM7Z0YODi
EdMNMoomZOoe5SU56LxjCaxrZ/s4FHMAxHV980uIzUiQVL/IK/XsxqpjY4jAjMwV8mjDJa1v1O6KgZzKfRB6MQ==
EdMNMoomZOoe5SU56LxjCaxrZ/s4FHMAxHV980uIzUjBOOlTkZPHY3/Oa6AHp0W1Q5DAZg7zwLKRXrXcAnef4k7btViVUBxtbxM7MF/LJW2JRceHw1AX8ttWminLT9COijDqUP8Awv2KTxH+6EEuMV4IEo/ero7AdQitbdHKRWdLMB0CooX22zYEyvKypPSPC/4cWQy7jhhrdXTBcrHy78oCZcX3tzQLBcAO4A5Mpe2p5zZCIRuohivPF2E+wKNFYvEX5rwcKLyCcOTWC545H7fEWw4H3HKYEHUk1LLXveCMfBsam8qFnkwA0bLN+QgpQ17H58j5lfyYn7KFiuQA9C36GghYOvoMTKqdcvr58WcxTf9oFBzBNbo6pjK7SAxpT1Rg5jyXdtlW2nVRa0Sqqg==
EdMNMoomZOoe5SU56LxjCaxrZ/s4FHMAxHV980uIzUjAtDABmUiViyicUtYRZnS92DdoCkBSZPgjlkfhfVREaQ==
EdMNMoomZOoe5SU56LxjCaxrZ/s4FHMAxHV980uIzUj687o5gdEpbdJNTEXyFxaFCjRlGiq/mCTvkpy5Yd4vNym+4UazLQbHomKxiZjDrPQjGhATsbtk4J7m2WMGf0yIpPiSNhssFgGvWHxeKfFSeNDx6hG7Ct0xcu+Fl4Y02ujVhVaocjsZ9Ex3Ur+UrXzAnbr5ND0/X1nE/UQibHLlXk7tJgxVMhNpqWcSTDXlDu7isgiYEOABmTBMuznEisDOh51kEPzxJt4AmH4hFAfsW7/uq+NLivgHSHaZeljTD6ZbyK0kXXWjOAFSMguBBTNBSR0NpIXu8vwD8Cs5trQOOY8leNPj3q77iyK6/TfJTghd/1EESuHSzUNun0hFPpPzi48uyCT35uJ60KsWeNswfDYPrHwVzYztKPfuwGmt+1w=
EdMNMoomZOoe5SU56LxjCaxrZ/s4FHMAxHV980uIzUhybou4jBo6xkBX1pyOkjHH+P5H2ZEeAT/B/Tia25WEVQ==
EdMNMoomZOoe5SU56LxjCaxrZ/s4FHMAxHV980uIzUi1N1MxztG65r4NtPHQuSa/aCqrHmOd+QTr0dcy9tIkf8ACxBvoNii+T7+2/V4o9x0yqJT7FQphEIPdRVx1/ScA4zkI2CnrrCd9OWp0X8EDxJNEBMDxeFs5XJGBoY+CpmfVXoq7SC7yosgzmJIrOJOQJaDXsX6OUnlMVarR7GewHujFWpM46qQKmYKnywlWDITZO631Ysbfgxx18oXGC5EDbSmJUSMiUMLNAdQ7e2cpcCqRuBPGefpf7NF62o1XIy6p3i/LK0bq7Bg8S2lY9uD4rlyssw6JtSjPSEew0SwNK2BdJBt0AxNJdiZzgBkugjpAn2qNWgYqGU2HoibXbZNqdW2Bla0qS4dCzR7Gow3O3+km5lsgjVrXaywclb2gVRE=
EdMNMoomZOoe5SU56LxjCaxrZ/s4FHMAxHV980uIzUh5PKS4Ot3v5VCvp5PriitT+DeMfy0IQONCOoG3gVphPg==
EdMNMoomZOoe5SU56LxjCaxrZ/s4FHMAxHV980uIzUjo4tBT032wsdGQ9m8S3J7XUmH9i0v/mJbqEG9mjQY0uy9KTBSAZSyZ+oWfXYlghePBBPV2z0qDLXh1+u9ZYpJqOGB1lN7PQOmrv3EBY29Csmx4M364swX9Ys8WVtwbpV5L8fUzsZLV0yLwUr0gz/DTYkiNJTxdOeRNmG+Ni+P/USB/2FTUxs7ZNeCu7+yydwrdI49f6dvMTTsPleMp8PilS2L/T4++Lfa7zCsmNMFUxSQ5DiYon9uJR8WU6GzNtqmBM3bYexgbfMki5H+G8zlCKPcRGNrTWV4o21X8W7i1jQ==
EdMNMoomZOoe5SU56LxjCaxrZ/s4FHMAxHV980uIzUhV7OUER7J9JZf9ECm24lr1HEVvi6mKGxXJSrw1TzK4dA==
EdMNMoomZOoe5SU56LxjCaxrZ/s4FHMAxHV980uIzUjbyYvJiq8qmtsOHwtIFAxUxtmDIjl4LR/N8gDWNffZ3es2bmCXzYPa6gLYjyDKYMk7w8o8IodZwcNP1TBpZW0kmxAGnMc69f02sJnIbk2RgbTSc5QksrQvn9RYG3Lzcyj/D0jA5MmEPXQKvXU3Y9Ntjsi2OoCEWDRBsuumAsMmFwh/BGAH/VafJJtV/FsqD88C/Rj3mQdO4PMFCvtgeQLBlWpcOzUHfib2BsoCzxmo+xRd7qM4IJ/jrTvrngmuILKqU9iLhScqCRmCXAX97CaoiOVnj52UK/BWztoGBDVuBg==
EdMNMoomZOoe5SU56LxjCaxrZ/s4FHMAxHV980uIzUhHipdIYO99Lur+4WSwwtU359lxuRfRy/xCgayhNryJcw==
EdMNMoomZOoe5SU56LxjCaxrZ/s4FHMAxHV980uIzUgfvHDLmjeNKc0HXjZnchpfafd+vg+G1S/1OLlxJOFZFQjRLgNeHGzGs7yEh06caJQrZDvyMw6AYNrdkcvxDcKeXykz0yVLGxoDvHM621ZaQaIPV9v8OJi14Ori4n2jgJ8KV+JYyIwGzZeYkzc8f4WexkDR5RHjETxkNqEVh2gYg7q9LuvjX3hsdpHna2DeTDgnXL/CMTAoCxJxMLr2mee60N1J5oVPmH8p7v/nR3w7seHHMVtsUChvC2wDxpepnwqs6+UesHAFP2SfGsOau1lNkVYwa8NWqjDWx1elyRH3BXERlAsEbQhh3y7XpwJbKprZqy9DbmebZ/zM3ZTFrdLq+0i48hdMdKHJnr8EUQghBxErCMj9FVXYLlD3RSSth/3JFqQ7ZwOvCdN7jp6vXy0K
EdMNMoomZOoe5SU56LxjCaxrZ/s4FHMAxHV980uIzUghIiTk6lQ46xaI6f7PIkYCgorwbvVbVjD9CtNmKAvVVA==
EdMNMoomZOoe5SU56LxjCaxrZ/s4FHMAxHV980uIzUgfvHDLmjeNKc0HXjZnchpfafd+vg+G1S/1OLlxJOFZFQjRLgNeHGzGs7yEh06caJSFyiOTVi8DIaWPWb8HgI4JKpyVfoR9rrCYB3oTiitFEVqM380Sr3IkmUe9RHTI9tK9PjV+AbG/x+ksacDjgQ+vTICA7J/tpmBbEMzkYPikTGqdf8CtZ8E1LoNnMqx25aqyxsd1l41gdiL6FZ3NBkKvL+Iue8kTqft6jH6L36sDo+uXmRbW/knddz0tR1J+MrYmTbFmN6RjgkQljmPfucy4Etvt8x+x2svGuLZipGb9qA==
EdMNMoomZOoe5SU56LxjCaxrZ/s4FHMAxHV980uIzUghIiTk6lQ46xaI6f7PIkYC/X5pI2THW8JgDmcGA3PmjQ==
EdMNMoomZOoe5SU56LxjCaxrZ/s4FHMAxHV980uIzUgPCmqik3J5cjeNcfggF2YgvEsoQG66iV6yktAsPj2gAaTwiZMuiutVnBrF4wc5zO1P9/wJoKoO6l7aTRq+Oq8JNBzvDruyfkYU7EcSKFNi1oEaAYO3goNrymgBtwZL826MIiQFjobYck01vsexvpu2xqJDpEKq8ivfJhbGZV8EHMJ6x0AUZ9H5HUOUgx4smHqpeTE6nRGkghjDLZjUYkAFv+vDXOqhzgmcS1um4H/s2ZtQ+HbB0vbeDdMgF8xji4cKxj5oKP1FnDXfufCmr+UM
EdMNMoomZOoe5SU56LxjCaxrZ/s4FHMAxHV980uIzUhZAPGgeSa5FGhlF6uKnjNV2f8FN88fT3POoa1JALZUYg==
EdMNMoomZOoe5SU56LxjCaxrZ/s4FHMAxHV980uIzUjeVqH8FaGV+FPAKmg9UCjGX8vSjEVLBX+o1tpWY9jI9w+iz8b5Ungo8ZnfKAu5iBi5vfNwOjeH/2xhtynQatO6i62JU5PCQrlgQnJAhbfpF9Nnqko0cfZYzftFDwFPMTee3IUB1dYWyKJn1lD/m1odzYrhuRDfyNopr64f6I4ABvvPKIUVKEs58Q6GaDTh6HLpoAiTX8vm0FP6a7gIXjuqgUCIGqDw9kkllLecUpUUMaGW/PwRPaojQUh6IT0EkN5I3P8OpCfdMBLYcb9+Uy385Mso5WJoSZxoknFudN+r9Wv1iLXbTOlB2odwjslVPP2haD+bZWU7GyBl+V6kLDZf
EdMNMoomZOoe5SU56LxjCaxrZ/s4FHMAxHV980uIzUhmitR38lTDnI2myAmUsNnZN3Yo1nuAECWLv+UXU0RsUg==
EdMNMoomZOoe5SU56LxjCaxrZ/s4FHMAxHV980uIzUhNdL6V+/NJhoM8GVZrtRkB8BXcvnss3RgREQhfL1cKg7cY+ElNnIp/Blu9fGzry6CjnS/r1ZLiCue8UNpKljFXribTBnwl5PbLuETmHB+0I1hZn8tSQuBHQf40NBydPRRtcUiDAIvPxQi/l4KzfuP4mQXavqnzQOe7Jj9lU4QlrFnJK15k49oAGiYDSKu7qKT8I9QNIzc+9BbLCWKzb7kc/KJARJIMuL5fHJRwoK4Va0qYerMfKevWHgLhGarh46BdnYjjbnnQ90jeLtHgU2zY9nIDClf9fCtnywAY8s9twfqwVZOF9ak1z/UKnN9DEO7+bV1fru+1+lr4LUTzsEjl
EdMNMoomZOoe5SU56LxjCasLW+dTConEOSLLD4XoFoxdnhU7TjsnFwCqazHMj1yrbroEYeIxu+MCFmkAERJu7w==
EdMNMoomZOoe5SU56LxjCasLW+dTConEOSLLD4XoFoyj8m6EWgvIF74UovbSMK/NP67ef6Vvo4RoseOBCYr7gI+4IVxgMsgf00KaDaqq6pzy/qIZMz7uIiykzlj856oUy5fLfRYmuhv1mwchJ6gRusAXRJnNvZQJkTrKoepJfgaUyb32EMZ0/q4IUv2TO0Snz1/eA4QAAaYHq+uyo5zT1gJ3MuwbNHzYrvqKJK2ofAXiVRuqgZqn6XG/5mUShSecY4HAxYS+JfjtsHzn3GyHs1ptOdBb1cpMq0EkCTCcXCkbqKPnQCiliVkQ6lMtyIBfqwdDQSWSli7PHbw/q5cCiib7zjX5O9bUzVGoOKu8vqKd+gXOKZHtbBPTX8YN33aErfSB2NknReYPq9WtTAe5PA==
EdMNMoomZOoe5SU56LxjCasLW+dTConEOSLLD4XoFoxoCCeVetUdZU7/rYWOXukZ1Yz3foqU2JGRlpeE2AKBBw==
EdMNMoomZOoe5SU56LxjCasLW+dTConEOSLLD4XoFowZ3M0M59FStMkfuf6WwKU8S8dvlBk6TkhaTG0sysIXFd+Fd5gu9vpJr26pX7ECfPwUhXbbpZBIhYMScUC39NBx8A63sBiJUIgIbFn36q8pvZ4Hg7AFaz+Y6rOXU1x/F4D19zG2Bp9b8KnI58YmeASEvxn8b9lvBMRpbvmeNIDo6k4NI59lUEuCc3aYW51YLmOXjzkSoqFnKriLjuP5ewod97o7N5hH0h6NIcxmscAn1jVa3BtKmHgzfSuw0QjYH2bc75/FDehkoaaC8yB9PQLCI9SLxXO7CFPe7PBiNtlSeafPpXuHbcahwtM6ZKIwWi53VN1zfPKn6KMPMI9rXX+PsZKXwJG1c+vd3+qxhSaH8K4QJA2Odwy8GngUroEMgjE=
EdMNMoomZOoe5SU56LxjCasLW+dTConEOSLLD4XoFoxi3vtljC0xeF4AROTXRSjlr/15tNxmLbIenxESKfprKQ==
EdMNMoomZOoe5SU56LxjCasLW+dTConEOSLLD4XoFoyApJ1VpQ53Ls6gSyVAm17Vr9eptbaetdSiojLjwzrFn4VnmvXpIQ9EP38w8/kSC64jpYDHTJpIoB14jh9H8mGGeb8dJv1knjI/8lwE+SEfFhrSzIYF52WwteRlshXb4Yj40U1usOVxe0rM4b0QcA11fGWP3f2BJsDth/+1GFkNraNVbOYTD7SVfdiuT2em9jmQZtWv4seC7KsebckX6d/gL6JEE5u4GJIWW3WZl37h4BD8sY3449yiZAkwMFxkJ8tpyoTiVzjUD8jSXASs8xp6pejxtWRhitEZ5ynUR7iUEJUGVxkszz/H8RffUsiBtDSTWXUsoxb9rzMu23uDhGqCM8zXS2Pf6UHCW8BDQNxzEZns3ofe3oF+guFmTAU00qo=
EdMNMoomZOoe5SU56LxjCasLW+dTConEOSLLD4XoFoxmodUL3aOgwMzx/I7tMUIudDVtBwRnaii8xE1tcDqYkA==
EdMNMoomZOoe5SU56LxjCasLW+dTConEOSLLD4XoFoyApJ1VpQ53Ls6gSyVAm17Vr9eptbaetdSiojLjwzrFn4VnmvXpIQ9EP38w8/kSC651ocSvcH99RdcP9dYyTsh43JgpBX04bXbAdfa28GwgmnJ3m2+nScbzXxWVfF2dcCjD5/fVaxUVfh9WRs5OyHYBgkf504/RJSSsWLWKjgcX9AGZUq16Fkh554zcOkXajV0EowtZ/XN+qhpuwxP/BRVsDmRIpS5Vj79UExrm+sManfZAKVwDbeh80iaxorGEYAJMPmS6WxUT9ZkxcUN8usI4BLEHFLY1kVErKAdSTttQmg==
EdMNMoomZOoe5SU56LxjCasLW+dTConEOSLLD4XoFoxmodUL3aOgwMzx/I7tMUIuPaRE+SHpeWpegZbolgOemw==
EdMNMoomZOoe5SU56LxjCasLW+dTConEOSLLD4XoFoyApJ1VpQ53Ls6gSyVAm17Vr9eptbaetdSiojLjwzrFn4VnmvXpIQ9EP38w8/kSC66rKk29hcKnV9RJVfpu5U3MHFDjj74gqFFJHYDIOqJ6J8rG935vg9F+ffbNoK8fTmFPUDl4pQrJoHzwU2GkzTic+hH9DdX0eEOBA+p07yz2RB+J0Lu9ySqq58QAiIeV/XNTsHFUafgoAwadJodJKb58KjkymrDa9dcs61ZUVS326CUbbELLTWEkG5llaSVyt0o9Bu9mQThmar/lzWFXKPKe+LITyVtt4VyBSSdlxU4PcQ==
EdMNMoomZOoe5SU56LxjCasLW+dTConEOSLLD4XoFowgLeOQf2KMR1w8YBxYBITTXHh/KQKVUD9gm4XOG01qyQ==
EdMNMoomZOoe5SU56LxjCasLW+dTConEOSLLD4XoFoz4JcOf8MRPWGHKm6o9vpduBAJkk50HCrfrUWcSL0Cx+VbwHL0e8vRahXJLXI9zMygSJHkciero5hBITjZHvtU+BRi97bOxF88bO6qt2O1aPWv82gFtRA9VgNL11a9V5ECorvH2bvMK1xOLrJIwIz0RUMVMfhD8jFgBFEwIGFDKlR9AL100aBF8BDW4jF8y3qaEJWtsVlFVlFRwo5XKzBPGrCfBMCddxxahebX5Blbf/gpj7U/1IMqSrvJkp3wYFn0bd4VDzGESsnBP1aXBQXb/xNIGH6jf8NuB/oPrUQ7Q9BQChKsB8pYAdZdq8qgbcse16JnfMbGGCYj7kazAA1aeyUj3dSB0Wq5tlfBnSGKJrJh26unf1cTi/0ZJ2ZIaEEiKYXKj+7tpMigEL6jB6j9H
EdMNMoomZOoe5SU56LxjCasLW+dTConEOSLLD4XoFoxe4Ps5t7Zqr+OnL1/3QTDAE0jv2Tz9ud3VKwWYqQC3vg==
EdMNMoomZOoe5SU56LxjCasLW+dTConEOSLLD4XoFowSI707pnj4ZcFsR2w4dEn3sBiwStDzk0I33QP/gTQBdmbdGcgFeXIg3S8wokKWLH5xh20GBO8f47hdTlLh26RJUVQinv7HldV9dsi33+kEXh55AMEd5b9b7L1FJ1foXiJbiRJ3OJQW4RNycXJKM53fW9jgb6EOrTmsrZgw15aLjsqqh4M0cc36JidUW/xtNMYY6UFzeJRBFRqq3u79TxbPMRxMr2RHts2ZutaZvejlNauLx9X632gpiMJJbucTD5sZ4VOimuf1etp4u2BJzFoNuMFxq4bYCMdjUXW2TzhYJg==
EdMNMoomZOoe5SU56LxjCasLW+dTConEOSLLD4XoFoy4cb2/Khwtakzm08tziEyo7ez0iIPGODWlG1LmQHpRXg==
EdMNMoomZOoe5SU56LxjCasLW+dTConEOSLLD4XoFowSI707pnj4ZcFsR2w4dEn3sBiwStDzk0I33QP/gTQBdmbdGcgFeXIg3S8wokKWLH7wshkvB2rg4UKMFBlYwliZaLYEY2KrHd5EFD8oFu2uUJQR261KKXrGrDKGam4CtGqlZoSzADS6YXhKHo+Ue7qhYzziaCUKX8Lje1fDZ1YtnOPZN7tdZRZcTLiYwsjq+NOkU3rhhMz5AANm8vA8T0zPkuvfA73EstiDZdzUWlnytwx4N/+EFELDgDkCRAsgN84tSUGOMpcuD1xYl2PS0dQu
EdMNMoomZOoe5SU56LxjCasLW+dTConEOSLLD4XoFoy4cb2/Khwtakzm08tziEyokQ0TwA4j06YQ4E8rBoR06w==
EdMNMoomZOoe5SU56LxjCasLW+dTConEOSLLD4XoFoyvo4+tU6oLvQbmCG3CqcTWGUJZ6azsvROeRXrSNjmPkeHiv7FfjvflIBdp7QICXcE9iD8uS1Zq45ps7vFU3aoMaYJmxJUHiIGNZBnvLR3mgTHg44a2sBqGx3UNpOP+JY22bIvgn/kgojRamlJa51+OoiB1tx284vj4rzBRKrnDJzZCQaV/9fII+GLGgPxveYgTpHagvGyyDv8aXmR8M4mYoQte/jlUMJPBZkPZjkW4d/8Q9s5WcoHydddewZmgNAo+13yfHbN3gIe1Zpxx1QRkFOM1T2ExUm29/YD6DCWr36w/aYLVq5mL9OxMowPu90SLOE5L7q5jGG9DzMZmB286
EdMNMoomZOoe5SU56LxjCasLW+dTConEOSLLD4XoFoy61Xfq5dm0ks6IUIR/Eod8oz1JcB6i+nEsH8gOgipflA==
EdMNMoomZOoe5SU56LxjCasLW+dTConEOSLLD4XoFowEbsjYf8y2/CnmJYM2BORU3wbFTmssHV3MyJu1UN6IdldfHBS2ObFtnqNAVp5Y/cjS7PNGj5JL9xjB4THxl6leha4DD+dsEofMOgw5AQEsH319omMtswJyIO4iLO36uevBeIuJYR6N/JqPwUuEr3svca8JDL05Tx8AphbMjWscTK4Upn9f6JisJqk0+JxRZNT45Uczl4211kRuba8XlRQWKMXbDHHW8ZpwrJn4AR1d5rPHL2JsI8yFMrHqdZQ3RoqmKTCN/fEvgrakSmDesYSW5B8RIJCVQAT+SzwX4LACq/D8M7zfKXRH0sqCMWn7oxG/ydHVea99NCu4YO0v3W0L
8tdtO2zQfO0tYden/GqP+iXO8vrykDhubHbYBfPAAZAGUx/ZVZHSvOwpMQRH+C3H49ZuclIgqAwlokd3sEUvotJizAegK8+pjLiqnbK308BzuY4/uKa7k7fGtlo/pPQp
8tdtO2zQfO0tYden/GqP+iXO8vrykDhubHbYBfPAAZAGUx/ZVZHSvOwpMQRH+C3HA5BvmJB3fDLQWDuN2I4cI7/ciee8HEHvAGArs7bbsYvVC4n3OtKU4oQ7k+hOljH4kVtnz1Ps/CM0Of4KEEuIog==
8tdtO2zQfO0tYden/GqP+iXO8vrykDhubHbYBfPAAZC+0SSC8uMDRwp1gI+D2hGs1UlgwupGzf2deN8AdE6nuejIJ31HCxstGwMZNc3thz964iHAHA+6aIPBjZeDYoKBKJ7hVQFOXn9GwSmyHMmXvTS5a/QthcmmDPWrD7/wFBBhWYGxCNQ+1j5C8o8mhC5b/tMDXKa9LkSnGI142dQBjw==
8tdtO2zQfO0tYden/GqP+iXO8vrykDhubHbYBfPAAZCoGP6vTEYLenhMxCL58KPSsDN/ZMeXSeh/35qZeq5Kk1bDTzZSvTbJWuWkSdhpUFtFRMYQ5Sn76D2WzAlzc0Ws/p0ZgzlkQIkz04j97gQOMyXQd42jO8+EVsB8KbWmoUrx2ReqSycRvH40yYkT+Ins
EdMNMoomZOoe5SU56LxjCVjk2I5Qgnzvg55L06/f88aZlk/N8GsNTuIiU0F85TNIfQIsJ/QRAjx65XKcOSty7CUzdqCJQaxz1WNcKN8GRvcumOOgsVNSqEIfW51D6LTnbqYC/FHsG3LdJ3wvjo2J2p3EybZsNd6NgjqqHCJ5G0MM8cVUf0DlIOJ9/LnHCOdJtH09MrtuYjkOlevepEakrN/aV6wTXUiQDPsJcZ+JuFH/vhJX4gha8WP3kr5zf6L0mZYL5mvaTknzWIHWM61bcDlKSF7/8OS4sFe05CsP83EAkycBaZMz/+UzgD4dMPU5kWG68NbtQMUl3BOnwzwf8vua+C422FjRW1G6QlapOU53QK5hJul5ft8wO9EY0LKy9dTqRHu4uoTLFUEL+lWq1HtcNrEm2Bup8X+V/2GnBR94Bb/809T4lX0HGb9F/4oN
EdMNMoomZOoe5SU56LxjCVjk2I5Qgnzvg55L06/f88bwZiR64LfF8Qk2o0LRH8qJqiOkyc+Hdh2BRvZJTwWNXzh27iYVTy7go45lbLQMKB79XGsHj/BOxSXvVHwtrTSFh7+r+OYsDI/qbfmGcemwB0+/0XX1bAckY6FjfimYzHFGJjE74MAXLr2hAA5jdqNV6Ka0UNhMMp7wO9jssytGzGYgoEjDYDRgl3nGu4jIcp3zHd582y6BCxhML4o0kiwFEtLt2HbWAHbavPnaLFbWtncRBcbBjrhT5vc5mlUbhbi22NleFByny5n1NvUBG28HPKK6CYUsARd7WxuC49+x8uoWEtP35babhNEZL5parNBO0FL4osZMdA6x7omAuzU2bVdufHMp1+uJj9YUQzEF1By92hlpDNmrPp/fB2jwrFd0uC34Rskre4qPyVrZctHj
8tdtO2zQfO0tYden/GqP+o8ghd/32iHveYWfL/IYGxEfNvhTq9GOrxBIO3KoEyfmeeswYDM/6W1cCz7+QX0DU4Lij+hK6caUdPCyauqZF4LXqgU5aKTq08wex4f3UIKr
8tdtO2zQfO0tYden/GqP+o8ghd/32iHveYWfL/IYGxEfNvhTq9GOrxBIO3KoEyfmSPmjYdF5gPmnzoR4XUqZR91ABlIQEZ7h58j06P7W85ZSi1+QfpPyrwetjg3uhOePU7H233Mci6ACc00wOd2LGQ==
8tdtO2zQfO0tYden/GqP+o8ghd/32iHveYWfL/IYGxGVBmEAJjeW0EWdS8AmaaRB9AVoRTnTWwuUAylA+a1LqjStufaLEorR8Rz7Nu5MiAjCSgTGUJ56S06CASoKxEirynP+DMXeshBwcGFmuUHoaoc4UXejcLqHE63Gf6oVR90a3LbvqoQTcE7xmMSuVUdqP2jlLitaElO9HFvtrmtq5w==
8tdtO2zQfO0tYden/GqP+o8ghd/32iHveYWfL/IYGxGVBmEAJjeW0EWdS8AmaaRB9AVoRTnTWwuUAylA+a1LqjStufaLEorR8Rz7Nu5MiAjCSgTGUJ56S06CASoKxEirynP+DMXeshBwcGFmuUHoaoc4UXejcLqHE63Gf6oVR90a3LbvqoQTcE7xmMSuVUdqP2jlLitaElO9HFvtrmtq5w==
EdMNMoomZOoe5SU56LxjCZT43q7mmeUQrgFKMotSNFq8qSF8fyJ+h5TJtBcoOPM2XvhVkmK96Sr0yMrv/agwtQ==
EdMNMoomZOoe5SU56LxjCZT43q7mmeUQrgFKMotSNFoVUNS5nq+RT8U+lNd3IIqycLqXdkURneObtpUDSgKeRalBRSC5cCT1aN/psB4fQayHwJg2sXyo1bv+7ENtCMm/srqHaYd8YTwGVUSa4tmfxHAnapyqBABwN3ZRynQDVXN0LFtC8X4I1+CRwoIoBmir02HviVQChaCLmKfPuk1EyTbByVbpMzjVggc7nicMwnyl87TWmwZvNMYLVykV60ESy0/vo3hwiUTzy62k4KDtr7qNlFMwQ2+K4997RJqLOT81rDmBlUjei5Af6bEH6p8PxVYBkUTmwkG0lIPd/2um9PR9cjM8+rvr93VhyeBbuGhnZEIqhqx7CchrP6RPtLXzWl+wFIFrIvBhh4sAraSWRA==
EdMNMoomZOoe5SU56LxjCZT43q7mmeUQrgFKMotSNFrh7KD6UvhR0pr2sDj9YI0gQX5yilbcs1figMedJpwdFA==
EdMNMoomZOoe5SU56LxjCZT43q7mmeUQrgFKMotSNFph0BvuKeq0ItBu+Cf+meHmUR2zEMHBnVrdiPc0l3IPSObMcxyBzFxdGqS4+iXzBUHYmjiIbDtShFubesZOJvtoUEFAC553EZQ0MDS29EPtk6jXPiHdxFxYObUlp9CE0M9Tob2Zcgmktq9deSq3B9IAs1iNQoQLYGbaLqzOX9EVfWI6rS2JZ1/TPzDB2ScK+XDQbX0UiwbxK7/c+AkQFUDIWxFnfNXEuixd7YUy+Wh8lOGrdzYvon9rUxmjjDr5AxQq++/v9C5yznyRLKVI4W5gAEdtVr+ApfG324D8SzlLesf1G92uGdued38Rn+8OiDdSXo6SO3KKEVHC88geSPxZxA96LmvcDShXaWRWiUlcthosYp2X1VtOFaMAC6EUbJc=
EdMNMoomZOoe5SU56LxjCZT43q7mmeUQrgFKMotSNFreczcC7GZs9hpW4OMblAxrabqFdrk9rwAsEG7gg3/V1A==
EdMNMoomZOoe5SU56LxjCZT43q7mmeUQrgFKMotSNFo33LB2ChqvNL99xXjXANL2Ubg1L3oZo/BsRPjZb9OLqiCXISNHiKH0KZEQIsJSwDklvOSgT5CwHK+jFTcnWXYW3mCrAZ3OaKZ2KZqyX2hOgEdStYgc8XSkaC4W/ibI0gQJgb+X7rChYZnE8q+fv6N1GQr9Dm6CB60/vTHnzg/uAnD3Fzi62+pLmOgF+NBY+18g3kgwicj7B7LkU3TkhO1jURhM1mcXIqDVTZHQCN3tXMayZmcFxjIELUpWCyO0Bq0K8aoSv9+Aw6YWMXCpozGUZrcIv3g7iF1SXczjaPWAu8AnDQED+BvgbxwEkUpoxO+7VZll3FUBwPqsrJ40TK6sE2spRIB6w049NOf1hex6Cx5IhfkYrYNYaFWl3v3wsbE=
EdMNMoomZOoe5SU56LxjCZT43q7mmeUQrgFKMotSNFqHmQClHjZd3sC0GHBYC+zNkLSaBNviGlYg8yI9nqOMjg==
EdMNMoomZOoe5SU56LxjCZT43q7mmeUQrgFKMotSNFo33LB2ChqvNL99xXjXANL2Ubg1L3oZo/BsRPjZb9OLqiCXISNHiKH0KZEQIsJSwDl7wzUA0Lc7OUL+2EVraG2MpKrPA1BeIrS9oAStK7GjjBBhExEhyUJbc572gtz4jKStr9UmmVr9UHD3Zaol/NzAq/xhK8EmkCBMoo7opOZhw0kf3/mX+nXSgMJmJ3R2W52pyxZPsz0d/39bt/WhuDt+cotlV/nDVSlns4OI3TiOB37HC+hJyT34okLYUfiE9mcU7ywRHk4ICkf6pUBnY0ZhQtE474Wn5ZaVOUeHERL6Cw==
EdMNMoomZOoe5SU56LxjCZT43q7mmeUQrgFKMotSNFqHmQClHjZd3sC0GHBYC+zN01p8EjXMr3E0oNSws4rnEA==
EdMNMoomZOoe5SU56LxjCZT43q7mmeUQrgFKMotSNFrZzdVy30A+ErKCcv2QNBef0o1oHvlknTji/AmZEwe32uQUJ+Dnvh7nOVUBaAQbb450AkEKb7bmNzYwioZrcXKyLfO3gvfo5MM1/HEuuH7FzY8YThuA0U+fLmxEIvx/ILMVOdf3muGOFd8VGbcJDSsLDbV7ONnZDZ8HUac4mLb0il61hJ714179nXu9e1kQB4E+rpf6tavej/hPCUlmEACMyFbt5ysDAtwhjB6vomr2q6MzIGSGYnBM3WS0hQvivHzIFu6XtJNNMjYWl/B4boQaEc+hhXe56Q+7fAvV4dQYQg==
EdMNMoomZOoe5SU56LxjCZT43q7mmeUQrgFKMotSNFpUHTJYQ3MBA+oPGGACJkzZQBsxKSe4yOcvVWrWskp1wg==
EdMNMoomZOoe5SU56LxjCZT43q7mmeUQrgFKMotSNFp+eKUymoVNVgBVYblp2XIQFHUCsud1IcyPS9Cy5mBn3pp+Rl8Knnb7jdIzSmbfGxZieVa7y1WIe21rtDFBN15C/2tuM2hFDLhfsJkDgchvKnOtVdvLK3cYKSLGUq4SHbNv0vtRgAMFTpZvvNk4p5WLMtSWwrspgLggP8/OX/2eV4jCtXh/TP20FW4RyhzNWGHJb5Fkx/n5VHjxiIXPxvdJyUXCdBkfOTatD/4qS2P2S8vKSaNhBfyE6Kfu6dwDZ4GqGcGl2daa1BSjyMow3GJa+1rizP59yApAOkrTSQv30k8nl/hArplqd4GwWwvLMX3ozukGGrJ5ua/CS4p5qQA1DHFszCa+fHJNxzIFeJrJCDsTjkfkoqX94GXdYHX+8nHDCN9TsP7A/w8Jj2J+ECOH
EdMNMoomZOoe5SU56LxjCZT43q7mmeUQrgFKMotSNFqGw7o1739hfzyJhRfM+EiZ8HmEy7QQaHIh5WOGtFr1LQ==
EdMNMoomZOoe5SU56LxjCZT43q7mmeUQrgFKMotSNFp6f5qwSgmGnThFswkNPtDuriJRxbDL8s5bURTfz+XkqrL8iKJs2XzTmbfuOFI56xA/9y80ydFuj5X0gnc/FTVlhVyQzHFl2OVnbM3tEAChEKjUOC6A3DJNpreIHTBxgh9YRqy8+Pvc4xcA4v1oeg+UbFQrA5dPbNAR0i22RCGmebpZjXJlOcCi459Dvtpi54jtgwoPx+JT0Y410Hq4XOdxynoD/dxcfuwXQnLj18UA/DlaDBOehrVt4kj1SsskdlnVa7sAYDTJ+8Hptl4lhrbwEKitFex3kXNeMC3uKImKqw==
EdMNMoomZOoe5SU56LxjCZT43q7mmeUQrgFKMotSNFqGw7o1739hfzyJhRfM+EiZwsy5Y4GwmYGxmMhY0n3edw==
EdMNMoomZOoe5SU56LxjCZT43q7mmeUQrgFKMotSNFp6f5qwSgmGnThFswkNPtDuriJRxbDL8s5bURTfz+XkqrL8iKJs2XzTmbfuOFI56xCRQIo0iv/Ty3vHGgd+i9TkYZ93oJ3S4xcopH+HvXh0/IPXvBmhnQ02oHkaCs8wdk8aENwRqJ/lUYrcdFbY3oCgT0IiOUYbmXCOMJu0G4KPnrwC6K/KaB0BgQC32dOVH1AyWomrFS3lojT8nURNOULuuAoA4e/egyWdJPNkUGOrqNR5tSPlo6feh4e490ffhe02xHl6LOB1c4OLdmaGqbOX
EdMNMoomZOoe5SU56LxjCZT43q7mmeUQrgFKMotSNFqGw7o1739hfzyJhRfM+EiZw9Mq1/Yv6XvlMkSrwQ/AVg==
EdMNMoomZOoe5SU56LxjCZT43q7mmeUQrgFKMotSNFq8ki3dMt6q3U17MOrczNlAXI+WWnkVjvrMbzVfHMkKHLaiBMqrnd1F0iL2atHwk9Ld/y+iDKhSb0jsVPgeDX/1jx7RCtkIya7kbsnidKZETY+T5c7tZw1mzCzoLH2hwD1JfxecR3+lIRXeup/sJEh5WOdwhvX8bjPvGSXKWP+n+96kopln0G+P1oWpUXTNRez6HVfI5XzqK7pMS5XnKqLAW3uQ7gy1vUAL+4U46ptiEWIzTOZM38kB7ufIAKu+q/f+x5ZN96Y7bx+8X6sme3RWvcK2CN7g787qlRTqpTPzpcaGPVgeyAxKOy4NtmkNj4SYMFtDe2GI0bC+7g/PZ0pk
EdMNMoomZOoe5SU56LxjCZT43q7mmeUQrgFKMotSNFqJW+NqjZPA3mA3XX4ZqBq5b4+dXr4nIBdSFwdxsFmhTA==
EdMNMoomZOoe5SU56LxjCZT43q7mmeUQrgFKMotSNFriuYlQbSD2uMD37fz2nF1zOc05OTz68IAABUKYA9nBu3HvymXXQS1UEupmdWZv6yxsK1qPx1K7LQmPqKvwKi5JJYUAd+iWmgXTC6gHfpn4lOces8aFW9PIkDVUcx+wxyFG9CyyHsbVTOyopelZRY8Ggvg793wdD84oHSHVsqA7OXn83zb6oJSFTlNiG/BqoF2cyj5k+xhXKv36VcN8sMigH4m6gn0C19DSYKGI4zOtj2NyuTCoDh53uU8fwBhr8bNMvTdvoDmHkXGv9b56w+vniadNQjTXj0yZYh5j7wTKPUgZurKBE4oyn7NXStdY0w3kZcz69BmQE0M/MBe08MhC
EdMNMoomZOoe5SU56LxjCZT43q7mmeUQrgFKMotSNFr7KlzmkpldEW3mtFV4egroqXEp/iIVddiZpKHln7zE913Bvoisd/KkV+ITOkU0pWZf/kdhO2esPuba2EQXKH0FefzD12o9zXGNXIWma3OJghIDqJ/bMJnMOo98rrrQzOSfddqGrSQpBdi3jYXETIIoMrH47NcWmFTJCVI5bzz57YTnIoM8p0u4WIZd/gKslvBkmdzZK+5zNVPQ67u9iTz4o6kopB7jU7O4BycnwKswl2453HAdMBFzOyGNBJXkdYAYWmlXrqV+CCdHkyeOxQzqDc7F8oS6fEWRjgChy/aRe5HgrJPxZxx4eZ3YdHh9ff04ljEasKRRwmrM9pGALVXCQIH8Dg2BfXAk5vjuP6FVTw355rTDPhe6L4nysOC0xV4/B8aYu6V+H+dMOLUlQoIg
EdMNMoomZOoe5SU56LxjCZT43q7mmeUQrgFKMotSNFpw9JtZP5WtUuEK+UYz4lCQwhIWFMa4l+qSqsXHAo4c1FZ22fiaptN48/4VJPDM7fR47XXzON2mSOvab7AGDwDnW6IrfgrelGW5xbPwAgWwCL6sjv3uMqgWYFXItNNWdDmXAt+sSIJ9idCmtDU/e39PzO1vQVXwDcuMgEUDSqGj/GMhtKA3Ljo2pf4MFLt4dJ0Yc3N1K1Z0BVJAMT99uMCf22obotQXAa9Oh5JfuE1/pYAIkU5q2uEIekFJI/s65Egc4I6wuzDsIb+in6CBcqDaNJWr3Ag+Y6lFjssv0JPt3Si03+yOypzO1J4Ib8CrfDK42A2rk1xdyxtG1tKS8zXPYTQqQGMuEUAlVqsOWTXa336z8J2BcAJDbRkf8G04wgC9vFYrwS+9H/a15BN74iVdQPTQoRJ2lLUqito8wML2tg==
EdMNMoomZOoe5SU56LxjCZT43q7mmeUQrgFKMotSNFrxjcSXWcON4SQPYw2J8tViCAq/PfumQAy29xUzSlk5qjYBP6D4kDpRGsWsAHa/ygMFJT/D/zeJrb/5FsYaqHOu6uFMTSKZo0q9G/N98Vi3wjQP417PCf2y0rs3i5Ohe8Gmy1hVV8HatVuPz/tYG1/tEFupZhpF5M5K+gbc7QBgeoemwaFIxrZnuoyoGP0ijdhQG16axT3VdUroNGKfCtgk07uAFcnPuCfuMKBsNlWCG439oaT1J5noaKEeHOsOWhD4i6jUyOj/INIRfxzV0F2zkceidA1aSL4V2m0v3m24crl+6zWHzPhn4HpDssd2sC0Ue3S7NGjk64H8ksVF9eSzsCnbcsAGE4YsIfYRKVU+zmD+GT6cgNHrN+avn16X50/KM4Ocw55K2sysQEolOuRL
8tdtO2zQfO0tYden/GqP+o8ghd/32iHveYWfL/IYGxHs9GQodWAbF623sKJTdnIAfW3PyyV//gMHmU1irTVT98Gjk4AecMxYB1q4XSTNhnw6Uqn4tk1YuCOJfCsfmcDs
8tdtO2zQfO0tYden/GqP+o8ghd/32iHveYWfL/IYGxHs9GQodWAbF623sKJTdnIAWfBgHkkIwNtG/iUe94vHlT3yZEHsDnMmfF7ho7TPABFxyvR0LLf2bLsL/DAcKMIoSHDii7lAOkECsEOg9qSQEg==
8tdtO2zQfO0tYden/GqP+o8ghd/32iHveYWfL/IYGxESR4YydUBd5PmFyYJU6w/hz3eo9ikwuzooIZ7eyScPDPkiH/JJ5o7uMXGyQfTuc2OQZP858grMf3LvzmcDTD87YtTtfiL2L062jw4O72SQoR0BfAEuoMVn4Nb1NIdKl0VtMAV0Fd0bOF93qi+IYfjrhLcrwu0/DSiKGrLbSFFTHg==
8tdtO2zQfO0tYden/GqP+o8ghd/32iHveYWfL/IYGxHo07zz4j5HCAN+F+2JfpQE7VfLOWHgcOnLLtoz+p+4XS4uwcGkolvmeKTp++1TRJ+Ke395xlgo1IXsmDOiO7jlO6juFN/4x9YD9nuHj40JjRnDebUfm7XkB4Vx6ph94g86pv3ws4fpesIMTXQzaRArXPQtg4AWYCZcaVLVqOTAHg==
8tdtO2zQfO0tYden/GqP+o8ghd/32iHveYWfL/IYGxF9iJ/lOFYbh5ysmSCcxxRLec1jMp0M9D20/WTp8sdxYqTN3QNsBT7x1LegTVyYlaY8pmWQAM71Di65OLFJk3R5ivprsjjj6iXlA5PRE4wFR3+WOpAG1HwYw2qpWctVWrPCeBOHApTlPlqpnya5whXhsYCdKpQSmpf32HYGfV8p/g==
8tdtO2zQfO0tYden/GqP+k0Lq2dyd/tkcLwqX1sc6R17L55kQb3tHFpbyp8iJfG6ihqsS00vX6/f+or0cVsxzQ174/KzeeBG0hACEU3jQbLPyFUgV6k+0/FygHXYTdCi
8tdtO2zQfO0tYden/GqP+k0Lq2dyd/tkcLwqX1sc6R3iea5eX/z0mSpdNsr8CMfH+HsPU5UqQZtq8Po687AQEIU9Exuhxnn+PDAUjyStSRds/0qV/EFwlAelnxOWW4tHzO3di+UyIc9kQkMwcO+tGQ==
8tdtO2zQfO0tYden/GqP+k0Lq2dyd/tkcLwqX1sc6R21DrQNKsj1AVDAD8O8eXmMlWNU4p4AGlpBOFltCEvnDQKwqs1Dk2LG8BRUT5qJUFDa7nqEwywqCX5ctNEICxPdLP6ZNxhnMvWNlcKM7u7l7+ebZbdWmyF6fB+VM5DIqN5b7Azmxu99Kyu+mdPIIeQPsBWZlFdZZ1QFBk8wJYhCVg==
8tdtO2zQfO0tYden/GqP+k0Lq2dyd/tkcLwqX1sc6R21DrQNKsj1AVDAD8O8eXmMlWNU4p4AGlpBOFltCEvnDQKwqs1Dk2LG8BRUT5qJUFDa7nqEwywqCX5ctNEICxPdLP6ZNxhnMvWNlcKM7u7l7+ebZbdWmyF6fB+VM5DIqN5b7Azmxu99Kyu+mdPIIeQPsBWZlFdZZ1QFBk8wJYhCVg==
EdMNMoomZOoe5SU56LxjCU4oc5km8N9RGNLsdfvDUfO3/fhpEjQl1pnrbUSdrG520Fi4Tj4TKZXv6Hd0Cf0vZA==
EdMNMoomZOoe5SU56LxjCU4oc5km8N9RGNLsdfvDUfMj3g7kx2vCiz3eqYEhbR+NPg4epol/YSUDhLGrW47ogshrNIYymsiLLDDP4DRwzh1f5/DHveiKhZj6lfyjSlJF/bIlDA3xIXRaoUBCc2hDoqVf+r0CziduWhjoanF/w3ULNWVPm5f8GpLrsi3hQ17zs6yUVZJInBuG/u8LLOuagjDdv6KXO7GbDM/4x0SlmusTpziajZeXm1EkpjfsWvaxVo/2/3aIrBkSpTls5rbAyfulG0aW5k8xMzS+pJk2Y5NhFsXPObDc6s7dwdvWIC3Km+iWZEhX4WE2qNXaSrHJoBReT+PKyzXyErxXgmjdmi465U0fs7HiwiBx66cK0P48kJdGjMIEnUtHq+zJDX3mwg==
EdMNMoomZOoe5SU56LxjCU4oc5km8N9RGNLsdfvDUfMX2h7VuZ/wfgqKs9McGB2Ma5NC/clDi8elF1DBFP3rNw==
EdMNMoomZOoe5SU56LxjCU4oc5km8N9RGNLsdfvDUfP/hLxtIY8Q+wOVr+ux0o8mC0ITE9KoRcwh9JjFpse6BkbwsIi7OD+OjdkAQTYTi7vcfoL/q/a2S5mA7l47TdBlduI4p07Bod0NICRJ8lgh/3XIVYaBbk4nhi21L1FHao/rN8//KfaScJluzed3x6+iOtZ6IFznmjJj3Cft7jBMUQyAO9r48hj73HnGhuS0G4TqMKgEoa1HDAEVNj+x8Al1OMRzJ66bakRhCOW48s6BfHwRkiOPFuKJb7UpAHUTdSxzq+Duk+8fHcqskCaKxjIXqbynC+xWn5yRZI7wBZvHKiy7/YqHmuOf0IOzXGyWH/zHFwcT90iGTuAC1vKQi6GW1Kh3UUYIJxFMlhq49OUC2C+ZTIHjHfm/ALZICZAv2uY=
EdMNMoomZOoe5SU56LxjCU4oc5km8N9RGNLsdfvDUfOUAw0HlWLHCbpOrH8K8iqfEBaWi1BuysToOjOeJhdu1g==
EdMNMoomZOoe5SU56LxjCU4oc5km8N9RGNLsdfvDUfNg23S+fq76EopJUFjp6qom8C11xe2oCrTHweFFTndPPHONMybpC1TuI2RPzq0kZ5lUem7tgveLrJzsA9MV4XZScey1/04t5luY5ohdZvZvuyUjQQPpsrf5qkXKWyRywp9yxMLCTjzghOOnSt0M+TDb35UVM5z+Rf9CEhkVne1RB8JgP7BhFz7I3NAtRcDqk2M93dhxet9Qo9dsFgilomogy6TQtFjGSQAQtQXm9ixLnrusslYMysDrrmK2auYLBRwqiOwE5bBvwJ/NDWZ/vT1lmFS/b23IYMpm3X5g3CV5NCEGznRTBSJSy3/jAE11fB5jIAvQi7ITWtV/BuAQZaPJq3ecgdXGM6DdasM+tymDkoeD71iy/vjfIzTyShmXe1M=
EdMNMoomZOoe5SU56LxjCU4oc5km8N9RGNLsdfvDUfNDmYc6ukQClWHb5Vlqkps/OddO6QnQQJV8LSxjgfWJGw==
EdMNMoomZOoe5SU56LxjCU4oc5km8N9RGNLsdfvDUfNg23S+fq76EopJUFjp6qom8C11xe2oCrTHweFFTndPPHONMybpC1TuI2RPzq0kZ5kAHXh0ZrpLAq1ttlGQ/gCeeGXzbuzKv3T41w1q7T/5HXojWGCB6f4Tgx9D0NoqAlEMvgs/swrVrTPXJCtS7wrzTBbsdXXrH/610s8KYOlldn4kPwn4+kBgXP+/upsFbL3tqTqUoW0q3RUJua7l5rcSQbboz1L926LYwuZr/i5l0MFxR43qouia4gjf9V3h7uP93HOn/2OdbpHTl9bUwaDXAHHEhJz9NlgrjgyH0PzecQ==
EdMNMoomZOoe5SU56LxjCU4oc5km8N9RGNLsdfvDUfNDmYc6ukQClWHb5Vlqkps/FmbkWTk9QL7ehLWwzdfL+Q==
EdMNMoomZOoe5SU56LxjCU4oc5km8N9RGNLsdfvDUfPi7Ovm/kykWo8pY5IPax+C5SqQt0rcmx2EzQCeZN3ZazaW5Q3p0GcMkOqdcl5ufCgDlXFFDr8L3zi/i92KDfsfqJR/vZqiG1eK3fOmOk4wz9awloBuY8K+RODkizK02vTo9L2qGYD+kTfBgK+z4M61ZRojBbMSZFVjVm3FHPCqBLEtuEs2kvtE1mbzAV1DT55HrdfgOE0EX1W0EDnt7IgCXz/sebKqQ8IThwmqKNG0f6d/EEyYtJ6z+F5X43IaRs1atfPUQFDmbnxEJsV7AxzwSSXkofsTd5EEDANfp2MQgg==
EdMNMoomZOoe5SU56LxjCU4oc5km8N9RGNLsdfvDUfPTKyGbX6HY/nZNEz1KKPGXPcf94MjbkKc/UlUmB2ANYw==
EdMNMoomZOoe5SU56LxjCU4oc5km8N9RGNLsdfvDUfNMGvXLqPudzsw0GR1G/3qpSCaM/BqkbpG1DwXTJwHFeGmQNWealeC8u71i1ol+YZvkVXsz8g+LP8WyTwiVkj4O8SPpfSOL3e2t2r+o3c4/XHtFP0f6rr3Vvgbb1AL6i6vDmQD8uaT8+o96YP3t8v9hpaznPHuykCETUZ7XPlDSzFvnFc9QCqbvRGTVRglY926OQXagw4RnApLPxFPD3qUcUE9cn2ZfcgOf7b1Tu6rwu3UYuHyRZPcDRIaNF/pYSuCZ2CnlO2djkcZkKWX8t1y6HJW7ocpaEEPLwS3Mh3JPGrnvysQUNQrF6xyK0LRaU5P0Fn7O0VvXZ1WqBqOg2kdI4IcIoNrd/A9WsKISvQaTfF+3wFpukIQY3tnE2JTlcd4lcwVO4YNADNyj6+Nrytim
EdMNMoomZOoe5SU56LxjCU4oc5km8N9RGNLsdfvDUfOoqyGxPNpmCEGG9lIDP9MZgInUsNO+D0qour7InuuNiw==
EdMNMoomZOoe5SU56LxjCU4oc5km8N9RGNLsdfvDUfNMGvXLqPudzsw0GR1G/3qpSCaM/BqkbpG1DwXTJwHFeGmQNWealeC8u71i1ol+YZs80oCDftnKm9W6iGFGwJhK3A/QpRbSGmR68WWcOxu9mKvM4bHlF1lMSNEjqpfX69mz4u4ovkGcFP15DzXpXSX0HDrv701UuAJTAQPB+NXvWg1sbwpc3Rnuc35JvEvLzVywroxZeiGT50boFYntuDYamEEbyLrIXMvK+hkamV2z7sHlJ4bmyiiU9a1qMWWQSQTnJ515P9k53TYiK0E5iXW5zwYbdPry6uPWsyHpwgugaw==
EdMNMoomZOoe5SU56LxjCU4oc5km8N9RGNLsdfvDUfOoqyGxPNpmCEGG9lIDP9MZlEsq+W8yJJMiQCUFuNKQ0w==
EdMNMoomZOoe5SU56LxjCU4oc5km8N9RGNLsdfvDUfNMGvXLqPudzsw0GR1G/3qpSCaM/BqkbpG1DwXTJwHFeGmQNWealeC8u71i1ol+YZsaMPmk27d4sgjOiGl7pFBitz0iHO7hJ+9Wy3XdzasRNgHqc1ztGQ99VsDeuxlt/5Y506e51nDsAL8pag/49kaUqr2skDPei7OxkFEBk2IP77pXc7Ed0BOqbwbizTzU18obP9pealvDVBUYLtWLTkRt0JcJ6Ro4uEDEZ4Kxzn+tc/ywEgLMVZ8XYZLHQ2Y9Fd6cv9ngxNixL/xtfRb4cDwf
EdMNMoomZOoe5SU56LxjCU4oc5km8N9RGNLsdfvDUfOoqyGxPNpmCEGG9lIDP9MZV5Oq8jSaqcqCl6k8me1Z4Q==
EdMNMoomZOoe5SU56LxjCU4oc5km8N9RGNLsdfvDUfPqHkXT0tgb4NdesQx8X3jvJM8Wd7ttRRx75xo+jAFOW0UI+5gHjFoqvJR/R3rnE2/9fVAXAVEPHpBoxKGWZqbpZnsVUj45htXgsgRcJvUbh6QNLEX7HMycYmPtl0l40ku9Fr5E0YR/rBL9Np0dv/G0UfgPRXYxsBAxgRGEBDLJ0LUzqKUxSboG3/t8e5VQfv01wlOSpUvPNcO4cOsLiFds85pI2y9EMY0oo3EamL8cRj/dxqBrA9+catBDCdRQpaWCk7p7exM5y7iVexFrKv6Vk3uW32msO9aP76vxChUtG04FPWNDh+tjCRf63gyjqLV4grxPGe4XisdhECVZ71EB
EdMNMoomZOoe5SU56LxjCU4oc5km8N9RGNLsdfvDUfMKy3Sdn9LVQQogdJgWft0IMfD6hmRPlFUodF4vLJ4ZsA==
EdMNMoomZOoe5SU56LxjCU4oc5km8N9RGNLsdfvDUfOVS0koLovs9Tvhect31frTA2K6uvINS9xkxx+RPqql3eCqMeSoks+x5OBiMgGMhbUswLpN8jCLA2EcZElAsN+lT9W4Q6/05lAlfZ49s/0VDW4bj/j1sNyZb4VgKIUdBvyT6WlkikkqRS3YyasdxP3TQ2NB8mHV+1WUQ9Nqp0gVRhtqrBNwhMM1be/hzOfaSvsF/sCKFqNqufA301AFhmeGUt3fFVoOf2WNFSAZZFsURe1GxVgZOmm1pKPx0S8Iz9ZyKgsZNtZtcxl1Z51JZpiaaXZBwIoDUHDv8T/D2CeKZYejRyCkzmWtZONm5NNi2mpuVuwweRGcUnghMV6zTQLD
EdMNMoomZOoe5SU56LxjCRD+TkCkRszrGsAVv29Jec7yU3mwEQuw3h5dULMSlh9OKRufMqQxRyxw73wb75Cbjg==
EdMNMoomZOoe5SU56LxjCRD+TkCkRszrGsAVv29Jec7btvMyYE2zbZcvrUm5FPqOuKStsbHkO2CxhSOUmhBBNedGVy6QP9XM5py8/5TwqjQ8cf/BSCZ3JtD5rC6uWLbeMqsMWy4V5X/jiHzijT4ylqIFBjva+jvSC7X8+yskCDvuiYmX4Lz6TQjOvjQVoI7f3AAI+ROnmJyDUT0CKYaRTtBbesRv4iZkcDicxGu3L3cG5HnTsMXekNciZZWakiIrX2tNUkesD73Rie0vUCQugml1UsvYcyhWC/1Jaqrt71SzB2vTrN/3pDoFIgbWl/opylGJYfO8hQrWiXGlqu+kjDvMBoFwPYojSJnS1e80p9vnPX/7DlTfE1VU4AFRYve+/U364dk2gI22snQIxdUoXQ==
EdMNMoomZOoe5SU56LxjCRD+TkCkRszrGsAVv29Jec4AZ8DAOHgCH3W+H7HKMf7xXBrW7WB2osJXcocAJ4tfGg==
EdMNMoomZOoe5SU56LxjCRD+TkCkRszrGsAVv29Jec5T4qcMf7a+Jhoa2HUw3lQvfYxA6ssqiPwI3yTZFdJP3pW9e7lItITUjnzVi/52qYZxSKfHE+XzR6+lQfPs0p9u3gb9IJFrDvZDRn5N3OQf7RXdzzkDQ567Gyg2hjI30JVg1HDf4KA9sAhNJake5pHMWDNCfmyHDNj+RR0H/XG6G8qIkvWG3aWevwTrlOISofcbEnur4WbvoDF6/tmm9DPwe67o3CEGTUL0huIBiH6VpRWS9WjeTrTqZylilGOzapIx/D3j41Lr9qkDJdqfCpJLjMKT5QtfLguUXZ+dLybNqpWlQrgvlJWsBwYXkGcogyfwlemKV0ym8HZMl8tIvNQnAUhaZ1LzcoQX1crQPZGZun4DSQwqMxKesDy0wHMKaM0=
EdMNMoomZOoe5SU56LxjCRD+TkCkRszrGsAVv29Jec4MqFtIqjH1DUyjqaqSrKYBvgFAEIEHJrcFlVp7crxUJA==
EdMNMoomZOoe5SU56LxjCRD+TkCkRszrGsAVv29Jec4vpx/oAd7H+aLRK0YZ2kYIt6O+bMpo+uqOa5jdPFBoEJHj6blzrJFdM1/E3knlldDtNSG/2yU3BfD7v9GCmSBBd4x9Z9mzk+OHDZHaNnf5HEGfVmMp7Bd4S++DAPv/2rp8AjPHQNqNHamgHOUIN/5ABXtM/wSRuNlk2FDgobWeQNLwSgW/sgx+rpMbdChuplg2LYQozhwc5R8S0GIVz5eyW0WhiJxHpjXYMwn0D0U0UC8nzNZqOwRu9LZFUKR9ArifmsnqG5GC5rDQl+mNgrNv9irClREKgcxy5pKWJuxUiYBbobgAppg3KWmQ7r1SNfZAt/2Ecp+ArzsY1hf1PjiV7B8E1Zl0ZKoJr7uVBL6ewW4o1/FS86Gse4IqMxiGMy0=
EdMNMoomZOoe5SU56LxjCRD+TkCkRszrGsAVv29Jec5udRXGCjzxfNLLr3lHy4OGfd/B0LwCk+K+oE7tJ5MFlA==
EdMNMoomZOoe5SU56LxjCRD+TkCkRszrGsAVv29Jec6rUE0oeOhgarTBcGsm3UglZzhKW2b5dX+sr1qNn60OF4emeTBh0BowQhGVRre2AhmLg+iUnmUX0TuXK1fa/qCeYEuJkG/iFmaMPeBiD2YaBfBoL23IsivK4npzTQPHlmZz9r6DPcMisov+8fQuMeotKZfUvfPXoNJHRH9qXsebBTG0EfB6N2vyrKLOcFFQshaWJab7VmC3I2KFPp0q6hUMZeGbeaXzCvDDd6RQMjupgMVYvPvv17clcKcm7CioK7+VbIAjRWYbBt24kvMXkumVs8NLSk+aRPtu7ljr4QRdwQ==
EdMNMoomZOoe5SU56LxjCRD+TkCkRszrGsAVv29Jec7E1H/poosrk+7Oo5ZgC5lSEODa2i/w7Ajj5J1g/MrVWA==
EdMNMoomZOoe5SU56LxjCRD+TkCkRszrGsAVv29Jec6rUE0oeOhgarTBcGsm3UglZzhKW2b5dX+sr1qNn60OF4emeTBh0BowQhGVRre2AhmQxePswNVjq6c9Dt3XnfqujkSu4dL48qURoZ6ZThWM9qNGAAreOOY7Kxq33pdfm9mZZkbXbOsF3ZARluEPMhxywkglONYAWuF+ZfVvgfJ6B5lXrfUSpTMZO7wtoh6A6VWf51/aQR8rSJNXsFWEVzrqoVKAQv8Ij7q9NdouyXb3DeOnT85vVbyyNG0KOySZLs6UxAgXOkraOe0DGm4BEXfcBvzJDu990N66nfZrMq7caQ==
EdMNMoomZOoe5SU56LxjCRD+TkCkRszrGsAVv29Jec7E1H/poosrk+7Oo5ZgC5lSEIbqyWYm7iSYGh/sCoBWOw==
EdMNMoomZOoe5SU56LxjCRD+TkCkRszrGsAVv29Jec6HYGkVp5dFkqKoUEG6iqFv2QrzHmazmvHodk9HwXR1YJ2AumfxYyo7LnyHjr59iXq+i4x6js6CMrar5vjFh9ubisEJ+1BHvrEmN84Yo5lanspHjmy+XIr5TnrmW+FQkst7zino/DA66PsHUS1/dd1tDcNT9s4Fe81en+Rsr43d6fatxgAZ5UjZG0T0c2oqwwpb6Lg1L9y1XeEEcqBTQilObKin1JAeZpl+rB9oTk/NgVGuHN6KsY8ZrhnSzXpWYjZ2aId4bxc//xy97sKdEL3NP0e/deYsxEuiwd9jNCPZ0huJ2yxGMjVNcI4bPpimBOqH25k929f9jxTYPZ8JidwqAEA6c7Bt3eMh/ov06P7qBPABMmnTVzp3GqtOWypOths=
EdMNMoomZOoe5SU56LxjCRD+TkCkRszrGsAVv29Jec6U+Cw5pr0MM2MDkBzrIbwqke6/4pQUImecBxD7SXRECg==
EdMNMoomZOoe5SU56LxjCRD+TkCkRszrGsAVv29Jec6HYGkVp5dFkqKoUEG6iqFv2QrzHmazmvHodk9HwXR1YJ2AumfxYyo7LnyHjr59iXrxWrSy2ouQLlsOHvFP6Tmwi76mJquc4/FgmRl1/6KYcm7Lhf1IUqZmoWSsMWwjVnb3/vSY3QNmUadMkIwYUkTsn7rB6YlDOS4ULIItEVjNEfsx3IwDymWRGnF4YsZHdrktMoy2RcTPwkWx/xwxa3r3lD4VZRpuA3kWLRk0Sxyz3s840evLIumi2eMRhbNlBDiAQWiSG3vA038uS/mEoqv0Eur/Tld2f0wJ0aw4+uT9pA==
EdMNMoomZOoe5SU56LxjCRD+TkCkRszrGsAVv29Jec7HalzFFivztpXsdvCV3Z9t7z6tqYPwZ8wkGrgYR48EKQ==
EdMNMoomZOoe5SU56LxjCRD+TkCkRszrGsAVv29Jec4RWErGksoKVCmv0vUmStXQxxYlWNsqAmoDhWtT9V5dSTUIilyP5ILEsAzc/4oIgnwjbjayw1oLeSNtiYCWfRHJxgppGto9uYCLIanosFa3UD0zK2pMxcrxlp3c2pXJI1o9YUYdV6GyQ73M5GNmK+6uA3WW9gF1V7/r1LQmZsi3HpZe26XKhMcqejdslBHkYWrwZ6WmO40xt+VQ9Vx8lYgsIL8oCpLnpNTsNT2DcgGlyVI7M+Tw3/1SDnCiW6EEMtMZoIZan45rOwIbRPV3ccnt
EdMNMoomZOoe5SU56LxjCRD+TkCkRszrGsAVv29Jec7HalzFFivztpXsdvCV3Z9tq3OFUo+O7HkHezBwKOh8aw==
EdMNMoomZOoe5SU56LxjCRD+TkCkRszrGsAVv29Jec4BOJxxKr7Aa3vLxONeGe034Lu0wXtwcSjVCZIMMjkmAMixwr6C20GAjLHEu57p3jIUjK8ZolmsDcWA3AL8NtayAosWxIZRR5S/eVR/Y1tkscQOpls+aGTQ8FNlTnAPtjvCj6rFz+50muC7nA7LQZ7Fiy3A9+9szMk5Hu9qau5cBAyMDITEklqpmsCfVX0judqRynIwM3HipjJIc6b/Tu9L8HuDUUUfq9nGixXMBqfG3xP51vQF0pU4Vkd1r6h2iYI/UCdAOrdjskTGvR1GOPGvogY2HNCPL/dU+R7yFZJBh/4AehKu+xaTEzoRb9TcLVIv/K25PwNHO6OSjMTydEHf
EdMNMoomZOoe5SU56LxjCRD+TkCkRszrGsAVv29Jec50/dOPrX2cql+C8ku99Jysiz/GAhnP6R8Z8x7O0IO1WQ==
EdMNMoomZOoe5SU56LxjCRD+TkCkRszrGsAVv29Jec6aHTRkRaHdt/olDTMsj9ZWDHn3i1khbPRMI8bkuV/dzP48vkTtg0OfK3K69/iHUOfyrE1au0L+CQNNZhA/UgdmBaFSdvrF3/HVoPfZJt+mXMCjd8Dg2x7zYRNtiVmBPzTEGp72UcslMKmNIKjaiDJmvmMqwS8dSjatUlLH57rO5UazKx5TMQWLFGJx0VPyU2vRiwMTKsOdyQtEewXX/sQaPYtctXbm94XGROS5FMbhuLQTAyoIKlih3rb0Wyhjtwall6zvxhJPJXvK/oDzV14tmmqaO/0ALRifwBdbglQFhvE1KBkTivd4T+3pdpwcCE5U15qgTRDN5SyM/wKBCmYQ
8tdtO2zQfO0tYden/GqP+h85pkt/eXtMzBXpOGLhug5WaKhJUtG64hEYm2lWrjKAXlbsLnKc0Zn9IJx4HJVplSfZm5ZtjKBg91ToYKaC7QD5r9xU69QSEMP/xc/ITP6e
8tdtO2zQfO0tYden/GqP+h85pkt/eXtMzBXpOGLhug5WaKhJUtG64hEYm2lWrjKAvZkCiP6/gckhPkHqXR7ku3kYubMG/6eHbBZ636shhAdmz//PX3SzAsrsdlP3XVQLmL40AuAAYMAdKAR3IHzaMw==
8tdtO2zQfO0tYden/GqP+h85pkt/eXtMzBXpOGLhug4fhKyBWXOxcIi0WAV/rbGUEJcBVtTp1kw5kqBjyrsha6iJMNC9EeSefBshwWeMdLTX55U0ewkycuPVTtI8fn9zl2wYsfp6dMVRqNQPnj3a+78Ka8PMW20PgsF3/QjiaLaik7g0QHh4tIvKAa3AwtAwSZgIyssCynCjUKoZ0nq9eA==
8tdtO2zQfO0tYden/GqP+h85pkt/eXtMzBXpOGLhug605BSCYJvwqw5W1n0i5eCI7SW/MSv9HwrTLj8+iKQmQKeJgS+NEkE9T0z/TPBNXfCKTcAXYMBeMSjkimaWFmUejv3AGHMuZyC0Hj+bbxZD78zfi454EgfyETPAJrrC521AtWFxjWOBAK+ErkUmOyT1
8tdtO2zQfO0tYden/GqP+h85pkt/eXtMzBXpOGLhug48sQFHqrRuSzCkZ5WYV5mFb3PlELKYA3OP9DI/DHlT7fcveNkBEm5QpTchjBM4PZsVT0r4meeGk3iJHV8QivBAc4iMqe9ekafXpUGqE1uuLNEPLQ7ZVbVRUV4vO2OOvCarRv2i4hfHKXBw1TFQJEIA3uRtdUybooXt8J4i3ARiEA==
8tdtO2zQfO0tYden/GqP+h85pkt/eXtMzBXpOGLhug7y2OQTgHwM/KdY8NLcTnmi39ZdILVCK737u+9sDCOFZ7wmSsASZbSBReSkTqQimtbC0ogcPOyN/NomAe0oKqyd
8tdtO2zQfO0tYden/GqP+h85pkt/eXtMzBXpOGLhug5hp+cxLvEeMlz/NtdyRXwLsRVHVZ9LhspvIbku4O4p+fjMt+1PA9de6Ir1jZINpZn20+Ab6SCVVeX2QbhZqa588c2qTyq+BfXgtRT4VIncYA==
8tdtO2zQfO0tYden/GqP+h85pkt/eXtMzBXpOGLhug6RFcorHZrNBSeGakTfaCfjkHXEUrnoSEew0iUS9C1owRYtJi+poumr0p5QxdxFEhHnI5woj1SrE8UdxSzR3zkjOCgGC6hMRYThbhTMPvvFhTUDtX5oa0kyKRITuXXZLHE9bdRik6u2x/zCnNKGtnO+W6HQMhXJ0HKr2bp3mAKwfw==
8tdtO2zQfO0tYden/GqP+h85pkt/eXtMzBXpOGLhug7zKnCLbUAN8YT7jWQd8EEbpJoHArXvuJlr4WOK5y10JPEsARnhfaGlSiQX32OIiZfVJ2cjiaqMzMYpTlLMxfaqe9JgOC+D6J7KEJjTEoZH2dH6iDKAr39uXs+fvWPTkajPP9zgdehDvCLWUThI8Cd4SxU6kLmo9XfbcckTAIXNLQ==
EdMNMoomZOoe5SU56LxjCYZWi17C/VFFVh7Wfu/EOXcqm4JpQWJ9YOmB3X1cgvZaWI0/Od1DWb9THuiShKW4SA==
EdMNMoomZOoe5SU56LxjCYZWi17C/VFFVh7Wfu/EOXdlTvwIgKzs05abkFqC4F0481kqBVykGq9TaT32D29K2wN7TqCaCx1J/m19jnu7nCwXT+VX8WvIIiBBsy+aaMC9JBsSNcre+bFu8qsV5TxZRA9PDqabdCufnKhQS1KiP56Tc7A2xzexw5/8slrTTjHzkchFmMmjb5FlcJI2mwLWnGcpIpR3OdcQCuQs70X9cPnu5/LsnJLiAADd9lnUJjtrFMNijxi1J/lJjQkBhAFOWB//S5cyeDfwmcXr9tpzqOIoQ1Z7H2Qio9r6buXOGSyQbMmOVkeVvX7nmvKgUmhJlske0nqN7BjruXVcltPTjuTUcP1jEaFkQJAA0ZJuNo4ddicjGy9ilMdUy5Vxrauvtw==
EdMNMoomZOoe5SU56LxjCYZWi17C/VFFVh7Wfu/EOXee94PG4agJBunL1jh8GI5/Ae7VM5LH8A8msvNKRHIs0Q==
EdMNMoomZOoe5SU56LxjCYZWi17C/VFFVh7Wfu/EOXfa6aq09s8reZZIo9vVL4Jp7DPrrHryRwfu5oZzAYvwnPmwOsqpPI+iNElwUxOIpDOu4hgpZMXmr+R4Z8Y1VynNfIVzzUfRVmWQCjI5oedTQnC9e4vTv7DGosw2ixl6Qh3GQjlJkmj4ssfvW4Ex46WeLwd3zveYUvekJulEFS1jPZwPMCD7E+HWy8dEC4ICmgY2RbgAxDpRPKKTBjTXRnvnLnagDVYu12eE1EDeAibuWvyO2n1ydQxdMWu9ueTq8nfcduCWsVk2uS6Hd+yZw3CMNXChd4EyQcFU2Hjbo6/7S8wbqzkFw1dEidyyjJ4Fd7iZTtBVtC1aH/eSJ1CH9962yOLXl5HzUmT0dQ7eNLSIh0Ez7nkMCcHDjWmgm749nDo=
EdMNMoomZOoe5SU56LxjCYZWi17C/VFFVh7Wfu/EOXdgel/zYr10M66V5hVdXNCVjmUDPq/2PUs+VvM+kmQBFw==
EdMNMoomZOoe5SU56LxjCYZWi17C/VFFVh7Wfu/EOXf5H2QpLnOBwIEnvk7+Qse3ESfxBm8kmZnNN66YAYtIuJUBBQI66RbLGRArcrQHtvVZGGYq49poSO0jtxoqsnmbzuY7YU7md4JYOfiSpK5shY5FOQMevrOxMNKSuI3eTVHmsjBxRiivgm8f3OyxIhtxHh5XIje/A60Ky9iFjoehHfL8XDPbPl28TrvdysLCq9bdgnwL40J2sYQ+LXwcM2R7NqnKNenwmTu08bjcAXDhW3n6gerOStbiimbAuOrb5Chfu41OMLYoLKPeQGaW4e4xWRVB5fH5pzaZIwi8jJ3YAa3pfXrKq8P2Lgt298w7CVb4b5yyyiHslG3yAYlJdi813maZmOfVQdKpLi/AtCBy0D+ysKKalMRtuuyrI0VOdaM=
EdMNMoomZOoe5SU56LxjCYZWi17C/VFFVh7Wfu/EOXc8JhoBkuRQZ1Uh2/wEqiLhWGsfufd5PVr0s4wh25mbDQ==
EdMNMoomZOoe5SU56LxjCYZWi17C/VFFVh7Wfu/EOXf5H2QpLnOBwIEnvk7+Qse3ESfxBm8kmZnNN66YAYtIuJUBBQI66RbLGRArcrQHtvW1FnWoVIEEOEMYDu7ZnipeBZvkyKYw3/67bSCw3PUegwNmT+7Bn15hl0MAeS48yviJrlVQTedn/Rl1wLZK754T/sRBiAF0zwSSn1QkZa7SKh89B1VEOR77hbVCru5aM4maNBYIE2NEHN4o1ZcLv83BA8j0MMI+qCqCe5+6eas2av3xyqUEsGtbUPpRf+repOP3TxZeHNx5ouoOPa8SXILKHnqpfCsOsQuwocYkJrIhsQ==
EdMNMoomZOoe5SU56LxjCYZWi17C/VFFVh7Wfu/EOXc8JhoBkuRQZ1Uh2/wEqiLhCV2puyZa5v4OwT+K4FGLtw==
EdMNMoomZOoe5SU56LxjCYZWi17C/VFFVh7Wfu/EOXeDyri8zTfwUjFQkM9guZDUmdovfyA3PaK3Ts+WNtd7A0JM3cVyM+L6dzuHsf0nHSfzrsLmSntVrYc81Beu/m+zql5Y2t4AINtxHLPzwUYaWWuf5BUoEvpYLQncTAiCD69Xjp/q6PYlDp/qhPcNTFBxS1MlSAPw5vYUGa0oKYc1DjVUCZRzqMbdm+IOxjtGZq+SKoVEOnU+u7eb5qDh4uu3zM3u0Qq7kZSshKStvwszYgni6ivERMovCzZ7mn3SjiwKnAq+wiA860jfE/WLGqtUk+SUYUM5zr8WtY2gIAjw9g==
EdMNMoomZOoe5SU56LxjCYZWi17C/VFFVh7Wfu/EOXdEeg5M+Ti+3hBZVtr4CgpEy8Z8vVR6qwJI7CMbJtJRlw==
EdMNMoomZOoe5SU56LxjCYZWi17C/VFFVh7Wfu/EOXeOMdG4q0BjFFdAxnH4mCnotZ5px2VDIBKlOlgNAfvrIF9RnTyVsf/LZVTWsUZ4/JKuY1GKwgFyAMHuxxIRhDEzuGL5hV8jSfZE6KItaxsXxs/QKLPZg2tl/tgIYdywXkMMUM9ccTMDMLocXxh0EFIkerY5HcdGj5py1kKfzn8chPywTLKtaX92NUpzf7oiZYzEPDYo8WO8h0plKMQaTTmbtUsqyPToT7DD7MfVMV+eXflg5ovukrbD64AgXGD4E8FFcjwxieG094L3lVUjdD7fdfTi05vHTr1BV10LL1J2A+OrPCZqofJbjD0T/4i1mVjG92or38xL3AoMAZUX/5ZmPqSGXJ9zIVuwh80oXvgTjPFlreRHq/JbmnCBvAaFyw1AlYaNx8Dhn3CGJQVKVlJB
EdMNMoomZOoe5SU56LxjCYZWi17C/VFFVh7Wfu/EOXexbkGYLfHv67LElZBIRn59DCBbXFFcTnAgqbeOMwqmHA==
EdMNMoomZOoe5SU56LxjCYZWi17C/VFFVh7Wfu/EOXeOMdG4q0BjFFdAxnH4mCnotZ5px2VDIBKlOlgNAfvrIF9RnTyVsf/LZVTWsUZ4/JK25eailr6r/UxxrVLl8yHLUHAXKtPcDGZPJ05w34EZFMFrYEV4wYAJPaJHsHOnnaDfdDuPk/5GYIgQ3GSe00yW8Cfl5Ii+B9YZF1t0waaH8315W8tOhTfe9CJTko/KXyOfQib8McJ+oNVavw5Ayy3aZvxqh5qtQTDVh9XUw3FTi0aYVNheEFCT5WfeLjA5aAwSZqMRFEvltbCg9wokdLkvVq9mCJnfPn8zYskFRGLMnA==
EdMNMoomZOoe5SU56LxjCYZWi17C/VFFVh7Wfu/EOXexbkGYLfHv67LElZBIRn59wPWhevjlhizB38j25H158g==
EdMNMoomZOoe5SU56LxjCYZWi17C/VFFVh7Wfu/EOXcIw3lkopSM7uiRmLOdMP3GOeBfPbsx/M3q6mWeFI8cn9qvWSjDkhnKdAFI310bpn/hZeEyGqPnSRPvq77K/Cr12yJLvUr2e7fnRGEbhzRaI0o83tzdr/URlXIWRT5q+dBdEjFaNTmVRF0UX27CyNI6hlFbWRYfDA7Z47oDJAAwajjNTyc4sII8t+cQfwZKj+ZOrgVC1+goVLVQBSURSBW/U1p8oAqGOj9Bn1iMI8q5aYUZJXCJdL5sYgtaiNUBZAgLC/W7/PRaYTN0W/p6Iln3
EdMNMoomZOoe5SU56LxjCYZWi17C/VFFVh7Wfu/EOXcYcdXyHrCkiiTtss/co9ogVyAfp6V2EscJT3lqj4tpRg==
EdMNMoomZOoe5SU56LxjCYZWi17C/VFFVh7Wfu/EOXcTBWZe7VnTFVjUISy9QJJWr+q1zUrQSjpMzbQ76ciETxOrvAHXDQa1ti8xXXsUKuGaJEW5dbBkQLPPqDV/45+X1TtL7nsBZWOjgRQwf3aenul51N0jIWGopwCZPf3FLjNbU5uiSl7yRy3lGPqBDwgggQvLctkDVBfVkzwqixqdPYBiwZ+qAnkfp3s+luxLqHu8THYZSOUG24f0LfgbQu+OMZwiabCh9ntDzkI1rQ+A8Tk2aCrPgzF4ppbWkO475Wid9kWqcrhzU953SP59p5kKoP8vE3bDXQOto45gfqArQMi27UjWXPLLXARHPsyY9ggd20+IFZ7jwzitBO8+2G+y
EdMNMoomZOoe5SU56LxjCYZWi17C/VFFVh7Wfu/EOXfXizoTm3I4Ca39CWC6NzNJiRzYE5eCOUNLCnEpJCRZfw==
EdMNMoomZOoe5SU56LxjCYZWi17C/VFFVh7Wfu/EOXfB/fvG2dREHRzuZoQpyqpuxRR46Ph6U/YKLGOGWNPp929aGwMplLdvaANb4KlhyKEGj0dSESrfnSdyilxqytBCYUsyHOpwbnZj3Sur43h853VjsAmHlvxWicNX0E5kltcmZ5dBwfjOwyQHgVjfyRbSZjudVsCwzhpMY+jI36c2IFV0qukFC+8eEZWjBFoZittATrQn7eHQIfvps84g6ziHoRcsV7ZMs+wFtpypBXDCMdoVWQ2Ge96jNLKVWEdNVXG0TqxjJPM9/wJU4XrirNIjOCzi1i4Jqklhe3i/OKxYKLn/Anb9VvE30oBIcFtd81/LUrR3NZAPrJrDJKLf8MMo
