GmcONIA9PFzHw1gpPLLPoqev3ytAH5KO3S/CJpMsylg=
35kyjVfwBJgytCi6KM5Vug==
FNt9orFfFSbPIXNSbXcP2Q==
gE2g7VQeqq0h5MkG44fPUw==
A4ZCFW7RnVRfEnbtNxUDb8VFIQmzxcIFLuiIjRY2q84=
cwgQW1UgxyVfBeSrdwXHsPE1eoSAri+NViVSjTYe4hg=
pYn3RyiaY4vz2unSybTHuw==
mAzeFbkWBGyzJRgEWJSZYQNn44wFaguEUnqkvHVinQw=
NiGef/LGs6v8Em6sqLz1GYGKB0111uCW/TAqgkiW0+w=
2lfNnhNY+w/3xMaMUxJbE0YFT/wvMlSDz8Vrd5FEs18=
EdMNMoomZOoe5SU56LxjCcYfwij7t1GW8p367B8l54HYz8HGMO39NKqZrjco4AbsDb1i4oBICyvb7Z5vF+dTJw==
EdMNMoomZOoe5SU56LxjCcYfwij7t1GW8p367B8l54H58q6bX0UhBZHjDjFBAwkHmAxFiW1xHZ1jP1/MLzpSftS1dUadErPNnbxg2V54rz1tqCNTsbPKXUKxckQMW/rMhj3c0U5Y36D+BDCovnpbRxxnS9yIZD8kp/vGuBlARRySrbojKNuoYfQcQed64j/R5iiEWe+83LkGUiY6ODAMt+509lO8bt1nAbXOoYHw81bSRIzwwBSDjJlVxppq0JZM5iioHQ0w1z2yFF95YxvpLp9d0hzuulyNzXBbu+9K3CQubHnYCw7oI2zUsqNIC3+v+6UKckq/ckXPjZKPvHJfbxMNIX43+M3cyYDOswFGYVp7Ze5e8HJcHV15GINNm7V8nzxBwQ8UtSsghAnufFB+Hw==
EdMNMoomZOoe5SU56LxjCcYfwij7t1GW8p367B8l54FvfUiuA4BWhgsCNDmSCshgqFwYXnfWwtkRzotkacF7uA==
EdMNMoomZOoe5SU56LxjCcYfwij7t1GW8p367B8l54Fj211Fmh1Dj+IWNRmyafj6AYhsbUyqcXqmKgRjTYzot4vOQav5HEg5dGF0QV7Cwm0udTAj7P8oWF7btphMORgF11enx3CmkjHtJ0GjrKD1OdRsULiJv7we65Wies/D7A9OjkO1xLluYR0OhLb6xr0ZYZpJsj9Q2myFBYrC4sZFz8LNDIU+Wq67ObXln9ltrPpm1zNgH6Tz/BBXo8w+lAqpV+25FacpINms0p8rBFv0GPX/lu7q6bcd9h9KtIGzL/GLN4GUDVf6MtB4SwVlbToxu7L6xzVcT8XLFjGA2BojGAbhWoSJ12cra3yuLBISJq0rvz4fXwq5vMBUkTxBcSZnqwTk1lLTAFZxeVRg8hmxP1jkCkrwzBlRAYFkLmGlIXE=
EdMNMoomZOoe5SU56LxjCcYfwij7t1GW8p367B8l54GLvN4Kz2vyqiSmx83MxKqwlY7T6aURSWT/d454mQvc7g==
EdMNMoomZOoe5SU56LxjCcYfwij7t1GW8p367B8l54GKlPAlA4WQwwjGKVkH7OUSqPUhAJsUbdVk1RcyrgdpBQ7y5uKtnUzAI/v+s/rY8LAUNJn8jnMSP5Rak6SEaiPAMtUHaxHaSQ4eoEEB85UCMawLp5I+cFBiTNr0jBSVcPXQIXZANLEr9ZEk6eeJn36lAZzzxZL6Ety7O/RHztB+sFA6U+/0XQWcOyEE1Waed0dpjTGhWtbhC1KSzItG8MGeXmokrJy5ACo5KXn3bOxKbvUwjYbgD8x1jJnUJ5g3zfKGUH/a7ppJL70f5VjbnATIkU7Rjk3kGpgBepDI2PZ1ZT4DbRNGAFS0C28pu7Gr4VjSkqvJWoFnA1GzHLAETkwlwms4EQcE8a6Wt3UsoY+v4lfXShcyUKkXu4Rbgf5pAEk=
EdMNMoomZOoe5SU56LxjCcYfwij7t1GW8p367B8l54Ee/VtrUssDr7VhOiu6d8jk8nMXEywEpuWQKJCPykonJA==
EdMNMoomZOoe5SU56LxjCcYfwij7t1GW8p367B8l54GuIAoNnRzGiR/LaHvQz6FHJrsIHkHZ3ogf/MCD1RlVrP6lcDGw9M7D2nHkdb2Uy4kmYK44CHor2exTGm7HQAhGDhHIATDKst0ipYua4pZseS/ck6QP62i4GWvr58OdVymJchLK6RopHsrO6h3k7x1F7kUZnZGpb4cm0eqGTvWYgRXi0tmvrUiKdDepDZKM2gaUL4cUFoXyRaRkee8VhuMbuIU20Yr7Jaa4mEXTUJy0Vj1tDHdmL7H+KB8bPIR4LyZlCCE02aOM1qHVMlwar+17LAt+rW/1ng4/Q/XnSUB4/w==
EdMNMoomZOoe5SU56LxjCcYfwij7t1GW8p367B8l54FG+t3CpZy7C5f3B15sSXef6DXRMHTUoVf3YoJpIokOAg==
EdMNMoomZOoe5SU56LxjCcYfwij7t1GW8p367B8l54GuIAoNnRzGiR/LaHvQz6FHJrsIHkHZ3ogf/MCD1RlVrP6lcDGw9M7D2nHkdb2Uy4mzptLrCzkMsRulgyvLAzVGG6QXWCCX11w04NI+lUQWbSXPrzv4HDuQgbTwinq6JBroQbRmOLeo2TDSlAuhiJpU1jgUEWUzf+TeXddaiyy+Cmk+BvVJZEEsmNfjqm6uohMN38TfKS5o1uCg7AzX2fpNa017+H72kpzIkeq3LUKS1SWzqdOZVSHDjjMhevzW0n+NO15+qGJhT6uJWLVzIBDpSh6tLuSb0ito3FokKq+npQ==
EdMNMoomZOoe5SU56LxjCcYfwij7t1GW8p367B8l54FG+t3CpZy7C5f3B15sSXefd8eO4r1cbMliVL1HHw/F5A==
EdMNMoomZOoe5SU56LxjCcYfwij7t1GW8p367B8l54El0WWKlSmafJQgx2YcPjR0odyq5TNBt1cAHGUJEy3Z6cTYldBRDPscDeWrkncHnv6X+jRIutbWnXezKSghOx+V4yXaVsSCRTPCUHYHSjNZU3TOzy3ZfZUCdT3P5aHhYov73RWFiCExZesFEexbl3DXJU6arRXCsjaVWRQjkXVzsxMiGDlXMvR2+KV5xOpiyw/aox3VUyrJ1SI/nGg212Bi9IWQv3uYrV0blFH+/bQX5tdZBRur1i71MRAJ7yl8/1XQRrs0seKegU3TPanNC0dKplQGZzwq24Oh25XsU//U+ai7Xp26nJWex9bd9NQ2+Kx3kJ3ykgZS3HPdLINaemHpYOfpkyUAqZ639P0PtIKLKXZwA9sFASAzSTxcx7s2Ns9pSPoj66T7xUy2Kdr/mR5W
EdMNMoomZOoe5SU56LxjCcYfwij7t1GW8p367B8l54EY/seiDqdSHpaeMhbLVKYctnphBlNRvLI7XBjDzNkc6w==
EdMNMoomZOoe5SU56LxjCcYfwij7t1GW8p367B8l54El0WWKlSmafJQgx2YcPjR0odyq5TNBt1cAHGUJEy3Z6cTYldBRDPscDeWrkncHnv6ZgaaucG1/3gRG5+mQhVKbFGKeR79HOunSk+fig7VzC2wzOJWKnuNN+dc4+XDTYRqfsWao5TcXDiy0BeEyJzOpu/+oXL2Cwm+JY8zigvJhxVweq18JGfAE16L0jierpBaT5DSQSAn9QSCgKHRGg9oWXWerWwBzBnQhy6TzrqcPOyz+twjH88Ut0+eBaTttgetW1FQtTfZvs8a/8f5bOv0QBJejC03KsRQnfqQVKnBCCQ==
EdMNMoomZOoe5SU56LxjCcYfwij7t1GW8p367B8l54EY/seiDqdSHpaeMhbLVKYcv202vrbxYCfKJuf71ZVRKw==
EdMNMoomZOoe5SU56LxjCcYfwij7t1GW8p367B8l54EzpidtX0rNd6x5UrkeRUfy6H+n4RyxYgz8t94Dk3YtFe9Fpe6qVOS3zhfQ2mpdHRtl4Yb+lnY03uONOJRoYr73eaZpfx3UmvojpOUXLXFQECfpuAbLpizO6mHsBL9X2U2FzlGqnbPyBB379fPwofq+79n6Tjwb+jviXGcAcXsQ3awxMgnQ83TgO1VJSOu8KdhWXaNx6DxuxGJNG9uKZipIRGyCD6PDydxxFAQEpzHqH9aEIjYrCxs4R6u/H9Z/pYxgj0Vvto6As7zM8T6c4UDP
EdMNMoomZOoe5SU56LxjCcYfwij7t1GW8p367B8l54H4TtMHGUuqig9aZ0z6xR+ElMtvK58uZn7bwNVh3B26WQ==
EdMNMoomZOoe5SU56LxjCcYfwij7t1GW8p367B8l54H+BCLlJdcp9TROol93E+d4rabFnOtJdjIp8YVVPe2qP2kBbtreQ21+OrP8CCinunW1gMk+HYwLxNp6uIipbb8fGUlq8zfXEXUweEPFbxCjjwYlzuUjIfDpmBccWbGweK33NKhUgxf+xs7Ny/x2pmfQ2v/PpQ79345wQ4BKR8wgNygsbRz4OUXfKc6ihKf5hy1ksKhKNCk8x6SJCMAavTdRVN1y3asFh9/8jpRRXi9OqVqeUcHaIyTR7uh7UHCIqkWu9tWS9Q2ummW+xfYv5xFb88PH4EazPCHVTlFIHUNiJKAEq7+OnvYKdoa0KrXKsJl9lBy7eLJCPN8cnD+ebagq
EdMNMoomZOoe5SU56LxjCcYfwij7t1GW8p367B8l54H1kZoVndSJ904gOUhGeRODSwk199uxMbBrN4xMTU55UQ==
EdMNMoomZOoe5SU56LxjCcYfwij7t1GW8p367B8l54HJrBYW7ax9YmuJp2J+UiBVOBwIAp7IIzuCJ2oPGc9hgtjpgntrjTPsn9dzrtNlpKjNJU0EvvSmRjdxruTQNDcGewywyZclGrtNyFJloNWW+ARL6pmTMm7o5CmXxarFwCigII5I/RldKZF7U7gzB+yqm2+L6S0dtn5utKpNA5AFb/lBoV2a9xlSoykpxkPU8XLajAURJWwlBjDlyJny1C5z/xPc3hYlFjVALZah7m74zZAUdN8TaCXKvzB+MgwVOutqGjVn4iLivB+KVhAnfwJZ0cxWfBNDKHx0wO2vG0lZtFgGkxN0lB1anVr0EVnVz7Sl3C/X2bQaF9NE5zKT70NC
