GmcONIA9PFzHw1gpPLLPoqev3ytAH5KO3S/CJpMsylg=
35kyjVfwBJgytCi6KM5Vug==
FNt9orFfFSbPIXNSbXcP2Q==
gE2g7VQeqq0h5MkG44fPUw==
A4ZCFW7RnVRfEnbtNxUDb8VFIQmzxcIFLuiIjRY2q84=
cwgQW1UgxyVfBeSrdwXHsPE1eoSAri+NViVSjTYe4hg=
pYn3RyiaY4vz2unSybTHuw==
mAzeFbkWBGyzJRgEWJSZYQNn44wFaguEUnqkvHVinQw=
NiGef/LGs6v8Em6sqLz1GYGKB0111uCW/TAqgkiW0+w=
2lfNnhNY+w/3xMaMUxJbE0YFT/wvMlSDz8Vrd5FEs18=
EdMNMoomZOoe5SU56LxjCbj9ThYtoG1Wuca38E5n4P7bxmW3W72A1H5rrayTT4UZgcQRVC1kI1qe7jIGkjlx0w==
EdMNMoomZOoe5SU56LxjCbj9ThYtoG1Wuca38E5n4P6rFkgIYrYlm9ljJwRGX2Welqv+YVGKv6WR1+IrT6pJH1Dd2kynF8zzBj1mFn2OWwx+99JBumY5B2NyVOXw+CVaGuQ/tdb1+UpbSDr2QXBab62+Q/dQZM3iitvmvJXILmyoG2QP/GvznOZc0umkt3DmWx7wM2FUOyyxWGm9xxFICzf3zO1Nyhr1xxgHjpLQIEaehp+tsZ20vu+IuQHoHtbeeRWU2jPujss3N+yJJCWKJHitX1+AI5e51tOe8BQOoHNFhjF6tQt1jkBnMCXsUxheKcud7xHiVjQE1ZXzdsSALsyBKzUnTGlMaNaZi1Rt+xz6i9JwTsiKqtRhX1rNYaU2o8/73Dxoga8GTgy8Gcb8fg==
EdMNMoomZOoe5SU56LxjCbj9ThYtoG1Wuca38E5n4P6jNtyjwqsVg2C5JunvTfMi5/2VDjIp2KKfYHUYCsH66g==
EdMNMoomZOoe5SU56LxjCbj9ThYtoG1Wuca38E5n4P6HScyZUqAW1vOGJNNoulL3w2ckCY4hP/T1dUGdAXs8DXvMP5dqH0+2nXGvbR7J21KDk+eP5OLVsrEiV4HVWEDT9T6lae3ro1qHI+efmj49ChOvlTQMgw418p0tnydqv5fSPrDQVKwSzQDBaMNVuehWg+MF5+Pc68HqKL+1Vr+/dAIYWM9g+w4PskAjF2OSDEuvEvPxlGvqjU1RkhDMB8XEALfxm6t9ZSvBEp6UtAqmUxbhWAOksBFZ1+O9KeXocc3osWwbvS1Dgc7cy4XI2pVMbyOIcquYtkiyuLLj4YLW9w3X9GMMmtwS6/yzR0Gp16iqLeraFo4f0dAWzPkf3T6+nRmpNHOBSXx7JBoP0B1eRt9XDD4Cg4J5CdHBex+JTjs=
EdMNMoomZOoe5SU56LxjCbj9ThYtoG1Wuca38E5n4P6XAuUcaZOaCt9vBjenEKeEFmocO+NI0hAwLf1RiUubmw==
EdMNMoomZOoe5SU56LxjCbj9ThYtoG1Wuca38E5n4P6234LnmMDm2Pt+ipaWmJvmnYQFnLnAQJQBaQjJ7H9bmcED5edcdOZpJvW4uqMudbJW+/OroDQ3VZl7nOQWTl2HBOBXNxPU/cprKgslra70A2fg0X2T7DjmRr5mENb/8Z7rKdaJ2W1SGYg9ZWVxTa/kEvcS0jMG6L6FskeU6x1zUBMk76PhxHu/z8P2k3td9a0AewKsXU8bHZ8RTFbBIVfg0LJ9yhBBxk6KvebfnD5RMHiZZ25EQCcdRrk6KV8d5nRrHX0Sy9r9W6CQmXH37f/atakNpLcDZUiHXd2nlb8EFXwc3drUbDvg1NjYjvy8dI93mh8T3pfI4I3TlrVuZuURasc8HBsUDXE3YYMhLJ30wPPir6B3IJHrtV63nc/Xagw=
EdMNMoomZOoe5SU56LxjCbj9ThYtoG1Wuca38E5n4P78fw7+bJWfo31zeol30cfT8MdxDzoYOln5DX1I4rV9Bw==
EdMNMoomZOoe5SU56LxjCbj9ThYtoG1Wuca38E5n4P6234LnmMDm2Pt+ipaWmJvmnYQFnLnAQJQBaQjJ7H9bmcED5edcdOZpJvW4uqMudbIO1g6bIh3EwNeaAfRqu4bzm20iUpeZ8Vfnhtg0zZ6AQdtI9LYruGMajRXk2i4Mo55Ip2Ar4qxHFEENNFLHfSpHjUWtmmJQkE1k/NIT8PuXuJa7jbQ9G6fMJYvN6OZYC0gPuKsle3k02kunmeRNJsVR6b01LdFKsgLQbASCwEfy/0CUzclcDldTLQLYl9TBne7T+zhV/QPjxPUyuyA2N1QmlRGFLcXgXPv6Yr67okZb3w==
EdMNMoomZOoe5SU56LxjCbj9ThYtoG1Wuca38E5n4P5QRSaibj9OLF/a6LSgmVuoD8SMTpiGzo8LEx0IDQGtkw==
EdMNMoomZOoe5SU56LxjCbj9ThYtoG1Wuca38E5n4P4EspBQ3mU2sdiv+Yn9kDg54hckvPCDX7d5nPtI8HfYUpG0l6bqWUou8kaOldLnSmMoTlbZuw13eAgyJr967KqM79oQ6UL6DMWBodmIocnd+dkHFJXYqRjSxQPkzEpvqz6YRQBjD6axp3yNpKSgWdmyVToh065+09hFRSOHHLRWp4EXo+wayAjTu4YLXfk/H6K5+E+5yFrCOwyTZAkFLhWFhwZ/y/qqCkdJHAwI0aqmQj/Rb/pJNeIlKOXxC9kvS2YwijpCcE4J3LJn3U07PrSGDmxcO2EYNRf7XzD0Jh7uaw==
EdMNMoomZOoe5SU56LxjCbj9ThYtoG1Wuca38E5n4P5QRSaibj9OLF/a6LSgmVuopvhEGDrEeAuV2zy/hLPB/w==
EdMNMoomZOoe5SU56LxjCbj9ThYtoG1Wuca38E5n4P6d4JAaVIAgWXcCJ9cAqTAjYpMh21vGFzBXkVWmp94l1i7vKSVxEQIZj8Al+HBm/WqlhrvhGvCPdFYfeQsyMjkkImesO8NRMtLiwxgNUhaUXvDwsVp2yoJLCMo//aAf1UYEaK498f/52HyOOh5tuw+jhtd2KscHpDVyLugfM5wrzxkN+2NSAToOF9BlZmNs4ZRwnIjYZgsgZ9w0wrJ9fTgzZ0KngicyJwO3bkzML/3cw1wKWEsFqxSw4vqIzIL+l3idGHh2T7jpRUL/TM9Mc2oFQUzGCo7vorftwNnjOjN50IwsMFdIRXfvpn8e8syJ72X62D9l+YT6VJQ/Ix/oK38avbP4j1x8Pt+u4h49bh7s0AVC5MfoZaCkb2ehlJbNSJnQdh/yYRWFuI8f83frNL1+
EdMNMoomZOoe5SU56LxjCbj9ThYtoG1Wuca38E5n4P6Rs8AeL7MHjrLHLQBCRmOiR73XmyhmmtXB5sR0IydFHw==
EdMNMoomZOoe5SU56LxjCbj9ThYtoG1Wuca38E5n4P5g1nQSYy6+yEKtU4ox0WzFhpRFk/fr60z7duYit6BBWRP0MrJDJw56DjwEdlqaB9acX/d1oheuk74GgXOmYxcC8Glccq+w2ymS7F8p4qFMWuC+H1C7X+NDVqX8SBY1aj1JqXQkamgk6k3P7BNhFAp6x/jd7B0hxm2aYwsehHKnplzofTTCILsID5zQzvNe6367V90fmkXrLka0rbpwfbNtsWXSCSl5bEcj+kNf31xOTGN95SqUkCm9VDwFo5vABdlWTUSgYhN4iuggd3WdLHAtVN97/e1bycuQUYP6NA/3Kw==
EdMNMoomZOoe5SU56LxjCbj9ThYtoG1Wuca38E5n4P7OPoKhKtKSbpqyBAxoVq4UcNZVIat2Q1cSXfJyo3HVaA==
EdMNMoomZOoe5SU56LxjCbj9ThYtoG1Wuca38E5n4P5g1nQSYy6+yEKtU4ox0WzFhpRFk/fr60z7duYit6BBWRP0MrJDJw56DjwEdlqaB9ZHURVsOmNPyCK8RE8h3P4SACv/ofVrgCtYutSkThpiW3qzwN5froyiTgIuwcwW6XumjsuFUZOASTbh7YCVIE+4arB/qXreHhifny9PIfaVI8+ERJX1vAN0kTRGas6qMemtn5RpuD680/Z0ZJ0ErPK6wv6QP07x4t1UVt2afHA28omAOQr9cOE7yIPQKh64wHGtC6xhViHHyqS7+S0II7Jm
EdMNMoomZOoe5SU56LxjCbj9ThYtoG1Wuca38E5n4P7OPoKhKtKSbpqyBAxoVq4UuEeOvSy2nSvGDpNiuqFBNQ==
EdMNMoomZOoe5SU56LxjCbj9ThYtoG1Wuca38E5n4P6auVeckV75//btR0ZIz32qyoI7toCrNx9cfiVnoVt2QszZ/opk8OsMNzA5wT7UTUPSviJSBUFMMNnJpY/66rSAINttvsyeNgKQOqUXdskWzsvfkS9vmVcLTcF6nJsZqwKSAtLgUNOGKY3PQGdtniiYi1LgXudjuBK7idek68BmAif7s0Y7/FMrxHeOsrt62boJ+UqbjazGYEJhCymATnbvXDKY4mrQk5sfmPYCfObv8tLNRaMAH5EJj14lAJzgAHe2bWsgOG/MUZGMxtxfc1smim1dAE3gwgULsTwlWJX94uzx07nrZZ+JsKJoqzfk1494nUniagbSaN2XPr3lD6Lg
EdMNMoomZOoe5SU56LxjCbj9ThYtoG1Wuca38E5n4P73ggy1OHYUdm9xKxhCyr2mlZfDg4fFIkJe8tmqcWF8JQ==
EdMNMoomZOoe5SU56LxjCbj9ThYtoG1Wuca38E5n4P53aGZ6iEJs7CSPbNhOoCxxmSI3BmpIv6sUhU8KkvNPj9bFX65LRXZkPGLHNf5ErYNr++SP/3t5gj0b6BwoiNWUw/gU24aG5OTBykTkjssgT2By4cJP4qkhVTfDtioYSE68c4tBjvZn2zi1Xq3pqGMONbVPkigdflh6md9XoiVdxT2o8zLtMnrPQS51BU3DMRHfKaQATl75SwMZ+1JYEWiO/P8C7qshpklKZ9v6l0bhP05Tw+r1VmuvQ6lRrkgLYoFnJKgVXQ9kFByNrb25aVCCxnTSlUjJMI5fmkKrK5JS/Hl3bS7udtZQ4zbSaiz2TRB82WCBuWgP624kvH53BfAh
EdMNMoomZOoe5SU56LxjCQAyyirDpjIl4s0h4MEV4nVE8A8YutzeOb0Ogk4iPCFcIj5Ho81GszkvZ9oxtN0nTA==
EdMNMoomZOoe5SU56LxjCQAyyirDpjIl4s0h4MEV4nXIPbRDcbjyoudlZFkiV9uy9b4zqFbaHiizvPGA6GlojtXWMTG3Cmx4n4yc8vi89kS/eVl0N5SwEIumwispIieNNNVJ/5u2s/37+P6CWWIEejL1gqDYUDNC7kIYUrRlxrQ2Xp1U/7ki50SmOSNiQVVrbrKd9ybzxqgGo6DPczS+X2QRwZphbyNGt4rFbrTiNc43+WpS3nARif39Hx+GbtLf+cZipi0e89ulG232KEGa0UHKRC/pXLG2Aap13wImSgCj6y1V1G8XCLbgjEExyQbRAHuZ7XMSRW3wWx+OvVEGp1XQNms2UaOja0ZE1otys8yme0uoN7eQqc7ODLiIXTU4j+XfTtTCrw50a7vZAnoKuA==
EdMNMoomZOoe5SU56LxjCQAyyirDpjIl4s0h4MEV4nXJVJtQYs9vnMJoIxXQs7eYn1E+iXxArihLAPxEAadLkQ==
EdMNMoomZOoe5SU56LxjCQAyyirDpjIl4s0h4MEV4nU4mHMYGRXhTj91jVhQldz5v1aM2Y8N0E8KKBBK/Ck6ud1k6EZfe5aW2z+0AkJZJlHBPfOZllOw4fAjEkm+eqyxbUogZmdcyN51+yofp4Zi/L0EmSzHqqdHBhNboQ1s92GQmWsZeeB3qGEcGMlUQKDAS196BMm2wS8ukr3d5MBqKH06Ipp3Mxl6Gtoo6e0mUZ8KhqiZAVUiAHBfKKHNF3vt7f+ejI1Nr/ATxNAlY0SkVPCGHUkr00MAoWDgyhkZ+3fGJTFk9OMFlHdj8/RmxtZRANtqy5f5y+3sjc3x8oZ9S5+GNz2SQXPqJRHwM4CYzpELHds/MQ5EyYsRZGpJjG/ZYp9q/IdU47PpKAP2i0C+suYSVz2epYnpN7lWsKLnujA=
EdMNMoomZOoe5SU56LxjCQAyyirDpjIl4s0h4MEV4nWQlQjUP3ClIEd1POGv+ssa4EfWWyNs7L8k/JXtUCGknA==
EdMNMoomZOoe5SU56LxjCQAyyirDpjIl4s0h4MEV4nXQK4CPl/lKEcCJhIVKNeSn4FXidZhnxZS4FRMKC2KH36xxqumkQH4pahf1UIinPq6yF0GZdgAGDRZM6qyY/qgm+vDBTT6+gzhiwxtmxbcqWoL/RjpoDyc2xkWtP8V2CglVhzcSYzIUwhHXJvC+d1elRegkPJygfBPcuBe8sYBwCmrZcbpw2tb7qnEXmRLQ2WNbploIBURRn8N3RgILb/yJgg/ayizy18P0hJ51ZrmHB5cRxJmTHi8p47n4bXEbsdU9KA5izsSu2ApO4BoC4rxMkSi6pZJ0znwtfzi1N+rwtcFil7e7TQHBvwhZ+vTBbHkO6gKm8dkaiE/958U3zbDdzWMabT5AA8/sqWsuH/M8y1YYm+qQsnU27/nc/qi8mvE=
EdMNMoomZOoe5SU56LxjCQAyyirDpjIl4s0h4MEV4nWI9b0Q4Yyz86p+WSLUhTl664ffhrA1fqFU932o1kOFYg==
EdMNMoomZOoe5SU56LxjCQAyyirDpjIl4s0h4MEV4nXQBR3NWz1BkBxruJwhCJaiiEG9Chc4ydmyUw3fpDN30I7NOhepXRT5vSXNbnmogxh1k2q/0TeQ8AKe+pVOw8KFZNoMvYBj8oiGQAqkjTvIPrCFFhVEs+gWG3fFdHksBQb2j6H2Sc7FN+sbKA3Wx37kbqAP9BdRKRNO6Mm+1xIRQB3IzV8CeIrULqMlLcKIWzGKQRIeL5Fo5Rax0YQhQR+J2oom044KyHcyrqlj5i9EyBN9yahsgbDRlZ41TaegJ3f+7mQEnZeSoTc1JxsioAULnQy5gVtAMeSZCgp/fmi+PQ==
EdMNMoomZOoe5SU56LxjCQAyyirDpjIl4s0h4MEV4nVzDV7UboEuCj33UBVio6s69bb3aoa6/2Zm3UTERAhMCw==
EdMNMoomZOoe5SU56LxjCQAyyirDpjIl4s0h4MEV4nXQBR3NWz1BkBxruJwhCJaiiEG9Chc4ydmyUw3fpDN30I7NOhepXRT5vSXNbnmogxj8LgChv+UlYHD4YZlPVcKLeXBjWGE7oZbZWB5xh5KN/9fFzIW8Ai6SQ8BIAor5XpxQUe9mNt6ZvYJCl5OItHwRxcCDVJqHxnPeQ0flY3niZUJOOfBdhg23XmHeOJxeMfGFxi8KQEafYai5LAh6EUDiQIwXYxy1aHRgLHMXqpOwVgWBzrF/Ou2CfNPHV6c7CkMGgFe3yy8k5PdGaZI/cmTQnYBh6IuwJAvnjza95a747g==
EdMNMoomZOoe5SU56LxjCQAyyirDpjIl4s0h4MEV4nVzDV7UboEuCj33UBVio6s6R5zg37OqWoypa2gcD7xnIQ==
EdMNMoomZOoe5SU56LxjCQAyyirDpjIl4s0h4MEV4nU6zCJOIzEFkrsPsqxegM17ONu+DzZsM4dfhHcqKGX8toH+SIQSh6uJvQZj8ZgveUNDx1U5rxq2DD1FhQFxeKcXUz5LBhUDcEzQraR5J3Xza6gpmdWx9ZYBr2r/8MXiNMSt3+bw3yD30v4ic7P7r74apzIuJIeT81ymoh+ktsV/hm4kEgX+syoAVAfxDo5rsmDitlEtzf6dLCB+DL6sBokxdTpAXjJ+t5kKgwv1N6CrdzXgGgWqZPCMY2wB4D5jzBmKk7gMIrwcTiDafNFvKLNMG330TvYvf26l9Gx/hhxpxIslR1QrkEjpwW1pOr/2xjz+lq+rxX+q4XdiEEKONcoVQYvRN8C0SoT6a3v3bSZp42WEGnk4H72spQXHJ0SdNzVckYBAsAMiAbmrdWllHYS5
EdMNMoomZOoe5SU56LxjCQAyyirDpjIl4s0h4MEV4nU6bAsZgrMKmiblO+JbXAhOpOJTAb5pwlbKRYUa4tk/Ig==
EdMNMoomZOoe5SU56LxjCQAyyirDpjIl4s0h4MEV4nU6zCJOIzEFkrsPsqxegM17ONu+DzZsM4dfhHcqKGX8toH+SIQSh6uJvQZj8ZgveUMbhxjQcX14Qes5E/0LQgy9mTpqJAeG0kvaJEx5AAbDD8kJtaW9dKzGvt2T6aJQmmJ6MRtWEw/W4CRbNsPzMWYq9BUZhkCZ5ypJsL4GMZjmQ+7hsa1sRat3p8Yp2G9/AP5/z4qu5OQwlDxIOVGnfEC6sQG86U3x0NdUwy6f+K2dqhIbiKMjO87M5UNGNIcwypfo3wIhjuNyK+PJGyxA+tiVv2+YqUPm8/pxwG7/bEKKIw==
EdMNMoomZOoe5SU56LxjCQAyyirDpjIl4s0h4MEV4nU6bAsZgrMKmiblO+JbXAhOlNz387m8t+hLFDPZQFzWhA==
EdMNMoomZOoe5SU56LxjCQAyyirDpjIl4s0h4MEV4nXLe2DlSl9qfv/IxYj8lYsQ2KwXpLY0HZ515M+baeaoZSYAKseEqX8FvLb4sSkH2d+4ufhbSkoMyy/7KuiAPdCmaR2PsifPyV0MZFpBI7sFl9E2ETbplyJoILUwlm3BE/zStMl80xfXSJg238Ft+fS8dbMnS0xdHhr0zCLK6Tcx5EO4ge0QsVFQHekyhv2pBG1BCGWmPrbse0Eo+T8EVBI57MsQS7GTzlvwmBMdyEb64Jw2i66Y5YCWvpaZBrtczI3Wtgp/r+SrsBcvzuhCl+3N
EdMNMoomZOoe5SU56LxjCQAyyirDpjIl4s0h4MEV4nUEj5sOVd3cTC4bDeLkiKfGgMigrlsdVdudoAGRZdFK/Q==
EdMNMoomZOoe5SU56LxjCQAyyirDpjIl4s0h4MEV4nVT9ep7rFkfwwwuY9I5qsN07OYrJspHezySuJyzfE/emgunkSOPfzAGvkYDYMHVcC34cK6tNSOHn/AcFF7OBGAIiobkHY+0Bk4h+dC7H9jIlye226SmNsT9QVwx2nXhm0U4uWkYPtSkvnGk4+EACyaAYq1aMotPIBLP8MSRjtSIETp2ZPbLbJYrHGWxd4PVsZhNvONUORIvEQC7+vFK/YwI/Q0uGPaxrKv3yQ2RW17xAQutUezmaiYp0zX6PUhECp+XnWwtq8vWEmleOt8Ld8f3hwsjoqcWV4ADiZct370nlb/lsVFlajpz62YLsMWrhQKrpOb9kQd/gS2s+y4uHDAt
EdMNMoomZOoe5SU56LxjCQAyyirDpjIl4s0h4MEV4nV47Mxz9pvcuDIc1CJ9tb4qHQH7y/MgNjWUyjALlSheRQ==
EdMNMoomZOoe5SU56LxjCQAyyirDpjIl4s0h4MEV4nVBAfnWw3B35S0FDV+DUfcS6O8RX5CGOjbkkRn5sUoorF9zsZHy0Lydu2qBGORPSCtUZ2j6DvPOu434vpxaKLmcejc34kK8LxKViu6bLf2lyt4uw+DXE0kJb7mjLzzmnxT5BT+EbEo64por+HmNcy0p9h+6hQIy4Cya59UYoQ362uGbdwFRGGqOEsB7m7N/m8LRZl/GCWcR4s/8nn9ffcTdXVkKRF6fXjhUYNIs3IdqjdQa/tSwN6FsbWfHttNngJMgLiWnLew2/Z29UvhimRbEmG94WaBGW5HzflxWwuCX9Mp7BKJKIbGs+qeuzcnCxkl+zoryD9eBhwsi+zw+t86J
8tdtO2zQfO0tYden/GqP+uVP1Pf0tIngA4woMnQ9kSDMkl8ExFjspuuZ1sUD9G0ECcBexl2cs5glX3ih48mLuvxKHYw5hmEnxLWpj0qdpJlHb5KcmkV2IXAu0LqRlaO/
8tdtO2zQfO0tYden/GqP+uVP1Pf0tIngA4woMnQ9kSDMkl8ExFjspuuZ1sUD9G0ECc9P4ABGZvrCW8Ua7MguL8JglzCC8bZCysGtpYgLD6deQCXb8iCbKTSyMLzjkoqC+LtigGAPShbq6QbIbl4J8A==
8tdtO2zQfO0tYden/GqP+uVP1Pf0tIngA4woMnQ9kSA4oJvBb6lyoCuNYp2uOdufdhdfDd1HjXGE/KLDBGSX/W6E5L6f4HOM3ESRmPTvfmRVulitUZ3jGIJR4AWOPNK1Dv5ZtSce8vR9Cfw8wVst4l6aOZBXGRYOPt5binmBW+7D3CzP+6YykO4Nrgzc/1tYh4N+NVTud0+pwxlewJY79Q==
8tdtO2zQfO0tYden/GqP+uVP1Pf0tIngA4woMnQ9kSA4oJvBb6lyoCuNYp2uOdufdhdfDd1HjXGE/KLDBGSX/W6E5L6f4HOM3ESRmPTvfmRVulitUZ3jGIJR4AWOPNK1Dv5ZtSce8vR9Cfw8wVst4kfvDLv5wgz3xBT00i48AqVwYh3PeSgG8+tM1xtRVW6t
