GmcONIA9PFzHw1gpPLLPoqev3ytAH5KO3S/CJpMsylg=
35kyjVfwBJgytCi6KM5Vug==
FNt9orFfFSbPIXNSbXcP2Q==
gE2g7VQeqq0h5MkG44fPUw==
A4ZCFW7RnVRfEnbtNxUDb8VFIQmzxcIFLuiIjRY2q84=
cwgQW1UgxyVfBeSrdwXHsPE1eoSAri+NViVSjTYe4hg=
pYn3RyiaY4vz2unSybTHuw==
mAzeFbkWBGyzJRgEWJSZYQNn44wFaguEUnqkvHVinQw=
NiGef/LGs6v8Em6sqLz1GYGKB0111uCW/TAqgkiW0+w=
2lfNnhNY+w/3xMaMUxJbE0YFT/wvMlSDz8Vrd5FEs18=
6cNt8eTgC17GSVOmGWnNoVX7fgAn1PsX/g79GbZsxjwfkBY6o6gXyC12TJ4TRnni+YVw9Tl3aKfGPMKBSb+l7A==
pnWEWTR0c5BswtOjQipKZGDhTFrScNTVUmgwD8sFoIHFVdopOU1rigJjnuR4zg3Gi/Zr6jczseBogC8rRtORmdSONstHq0lKApsAp3bPu72cOMpx5ah7EUxGE4wvkv2M
FKNMTC1/hNca2o2anzPZFj12ZBrsfLg8oqMNQmRj4uLRLph86aCWCFJdYvNFjAQLH+1VXc6wXSKq2zdoJ1amm5r6wuut4uSiZKxlIzt7Fd+2dzTkxUyoUAP3gTFMTHHGtwreSN6d7XfxUzsJVRPErA==
FKNMTC1/hNca2o2anzPZFj12ZBrsfLg8oqMNQmRj4uLRLph86aCWCFJdYvNFjAQLH+1VXc6wXSKq2zdoJ1amm6rfFNPRHsqGKBhhqL+a9O+/2s+93f+pzNQ0b9DvVRCA
FKNMTC1/hNca2o2anzPZFj12ZBrsfLg8oqMNQmRj4uLLzWFg0Tj7Mx4pYc4TkD+VYWgMCXdatDIkhnFFMfktyz6dV42h8AG6WaIOJe3kL6W1utDwcEbGzYvm4B68qe/v7FGcN1hgs5USJj0loydyUg==
FKNMTC1/hNca2o2anzPZFj12ZBrsfLg8oqMNQmRj4uKIyDzPa5P8jDQiofvQlJ8M8PkfjT6gmpuF1q9KPCZeXm33lyayQ04ZrcJRys6SZ8Xbn2kImcGvsleV88585y+V
FKNMTC1/hNca2o2anzPZFj12ZBrsfLg8oqMNQmRj4uL1IPWzx0/ERB4eWIpKKrk1bmCys815Z3phiOkV4bmUf+o/08iKZTWGPxklYXQEByJA6F9I/q4pBMzjaEsMXvXg7X1TsMz9Wj/vl5huHBIIqAxn3xXNz6Aq6OJjTrOYcQmPamERhVZoHVY3C+6rRZDw5sxPK5dOoBZbWMP1RAaHzWXtHHW7N3ukFKb2mYOVzPL0C5724j1BiMangRKJY/D0BFY28pQYXpvKSLWZ6Jkz5bt4jRhSm7tlqDqIs8iuCz9Ykbf9A9IkTtYRy6X/GR2lZlEMHP0gM1S3C5+yjK889ef7IsDTvCKrxKFe1LFgul2W5db07PKVIv8jqeguPExoO72HyXL17mpN/YyHKupbVg==
d6AiaTYilyyYr3PisWBQoOIig4kvulpmF31dRGyckDZgF0MsBZ4hHhijIDpZf8z6vl3afcY8ZX1BzjBbkxG/OyzWgrIm0yqIEX8ibnjrLHNu6v+2a3SSB55+Ft+iyTeWB8q9JXz6+T/qbo5mZfgu0LTlQ2K8g6ZwY9plE/vEBgU=
d6AiaTYilyyYr3PisWBQoOIig4kvulpmF31dRGyckDa8wckDvk/yAJcJsCwyuBhm0qFuxO50Qy33J/shRhGuPyTT65nnBJ1MlcF4pQ8onL1qSGZ2fi3Ue5qvH2AF2dghj4V1pRYVdiWL/EOE+4zkiJRTpyij+tpuT8DscYjkQjI=
d6AiaTYilyyYr3PisWBQoOIig4kvulpmF31dRGyckDa2Bvhal5sBGDzsGbP94Iu5I2xQW4eL5czGCzy2XG2uDWgGdng5NFumK214tpXRaAA4bKt0rfp7TB0HScz1kGJtw0cM8lurbglRZCIK46AWiD+t7Iej5eVYIU0SeYR4L3g=
d6AiaTYilyyYr3PisWBQoOIig4kvulpmF31dRGyckDaJCjIf9vyubAmVyQm7vJ19BMXGmys21JUSeL9P1hmnpFW4MBNVCGZ5n6JWZyvtjbqByGcFVUhuYJCchsXqs+dxp6nRwLBUZX0OWRIncD1SxXCLQ29af/LSVJmX+F18amw=
6cNt8eTgC17GSVOmGWnNoVX7fgAn1PsX/g79GbZsxjzyBwCNrzhnT09uOGBBxaxfrlh1Yg2N69kn7R2VOmavhpPknRjRn5g/XGL1178Vw66APahP/NaU0GosQYZEPCz5
FKNMTC1/hNca2o2anzPZFj12ZBrsfLg8oqMNQmRj4uLRscAPXldyhL9Sfc7qGFfuOroXGBWC1Y/QH0vWsfIQlRxAJykZX3fxLpc9bdwi6pjBa6dpsQT7MiyC6AAIVwt8
FKNMTC1/hNca2o2anzPZFj12ZBrsfLg8oqMNQmRj4uKUt88dX9eURX0JDeakQgq2dqkomkERqVQt+jEmCwgZpPZ7HX3QVpUrlz1qVEQEEpGrQx26INj7V9q4ERkX+ufD5e0vdrAKfpJZPLNBMArCww==
FKNMTC1/hNca2o2anzPZFj12ZBrsfLg8oqMNQmRj4uKUt88dX9eURX0JDeakQgq2dqkomkERqVQt+jEmCwgZpLF8NGh2kFeZbXdyDie2WnSdVzSCmq6DsZA8M7U1vrSv
FKNMTC1/hNca2o2anzPZFj12ZBrsfLg8oqMNQmRj4uIxTHg8flKOIeHyON5WTISFjcxUFWrRN8Qh4XVGrqlkzxydKI3Uwaj9o2jm1B35i9BOn3ve60KXXgP/+P6EacmVHdGY95mcmZcGBGJ4y5a+Mw==
FKNMTC1/hNca2o2anzPZFj12ZBrsfLg8oqMNQmRj4uKL9O+sbL+qqjBUnVxH/KZ3UOWYh3IAd8N2UuBRZvetYaqVNVJbO289lLOSjoNtDDaB/9vIILrl0T6w30RrDMes
FKNMTC1/hNca2o2anzPZFj12ZBrsfLg8oqMNQmRj4uKOcmJB08QvsBm14K25Zk+nYKxSJt2TxyNzoafFI4weHETRwFvrxIm5u12WynjVv3WPCnZIZLGvLTImaI3p2Xv5ELF3N4f4f8y8wwm7e5BpOg==
FKNMTC1/hNca2o2anzPZFj12ZBrsfLg8oqMNQmRj4uKOcmJB08QvsBm14K25Zk+nYKxSJt2TxyNzoafFI4weHC4oEGQk85HUqLjWLRNgnH65UFMuTHv/0CYpdJrEjFFz
FKNMTC1/hNca2o2anzPZFj12ZBrsfLg8oqMNQmRj4uJYlouHf3Rahwkwxt6gTla2TfrhUz7fpBkRQAs7bK+QItblgVm+h0RdJWA4jU8ywn7Krv7pwOqW63SUDRq8BFK9xPl1bjf/0j3qoXmWAGCciQ==
FKNMTC1/hNca2o2anzPZFj12ZBrsfLg8oqMNQmRj4uLxe76tgtR2EIc2H+whbrVwnEwdaXcv6ViVfUEAGXLv0Q1CADbaLzGQ9POgyBbky+a28hKbGlGXv95BuVYI4wzK
FKNMTC1/hNca2o2anzPZFj12ZBrsfLg8oqMNQmRj4uLxe76tgtR2EIc2H+whbrVwnEwdaXcv6ViVfUEAGXLv0YBHlu1Q2aEF0i/nHBEiXANyEMGkQDOKuKruMew3vf6w
d6AiaTYilyyYr3PisWBQoOIig4kvulpmF31dRGyckDat6f/FFNCtd3vXF9ijTdm6FmYo1mY7ramz6U3ce0bRG/j9eKdhPuZnE9k5WQoUWcUOXsHrmBCSpfLKMDb5zfzWGcErcXXeng1+wgrKejiJ4CVcCSzB6A/15mQ0eJsI9/s=
6cNt8eTgC17GSVOmGWnNoVX7fgAn1PsX/g79GbZsxjyAI+xXPaYwNHNQ+gRHA0/vpqPGcSbkKDwE85W7wa/TkA==
pnWEWTR0c5BswtOjQipKZByKmuqG1EMEoQleEA7y1M6PQoaM7Wxs3FgNjgNRfXt4xCY1NBM1wxjUGrzScH22dQlvNYl4QvoImLwgErvoyAJVP1//uP0jGB1l5RYPxCaX
FKNMTC1/hNca2o2anzPZFhbMy9wVfYHhpmH1oLfoIGq0PzaDNUFO899ziW/hQ6GQrn4EovwZAqm2t0JBf18PBg8gDlTcbetvAmJCZXkp3WXHFvdjrky88Z9OMtRVdoDBtd2nHOafsxN08TaIDfvyiA==
FKNMTC1/hNca2o2anzPZFhbMy9wVfYHhpmH1oLfoIGpl+hSpurkwe4czSL6gQe0FdfX7ziQfD9gr6Th9Bmw/dGRWpqdHzzlm38Wo0iXJYup/3L112UdZU48NbQRPimjH
FKNMTC1/hNca2o2anzPZFhbMy9wVfYHhpmH1oLfoIGo2upLBvaqX+sJvF47CTe6wZZANfdDA/eu0gL9pU6dyYPXkbOi0Gl4he0IzDmjaDKkkP+i3Twxyu74pFZpuRstfXR+Z+GQkV/qRkqnoGkymVw==
FKNMTC1/hNca2o2anzPZFhbMy9wVfYHhpmH1oLfoIGpnvbaBoxP7laJA3hKjbKkxWPlw59CXvuxA3gMPPEM94xDJa+9QlUk4+vwmP91mnxlTFMz0FkL7Yomfch67DrEL
FKNMTC1/hNca2o2anzPZFhbMy9wVfYHhpmH1oLfoIGrPnm8Us4veZ3Nai0wq3BN/OBFDTPboaGAurtj6JQDBO1+akysms2+5u8LoMuuWRO2fyq/q/Ui/CBcdom+t1EFAJj4Qto/xwHRoclIdraL6veAimlGwjcfkD6vCp59AMNSW4xzpmjU+d1fkaY7YyrrobfKd/iWUYDiSvWYg93cnCIjmJIJMQrWXMj5xP1+AB4Dg3aHgDiQNnrSqhzSeQ7mjtAe03jTDamke14yNoi8WTo/A/7ktdFBDfdU0Vuyjuk3XVpVYbPk/0MnUiC3FHUOJNa9c1ocg6tu+mMyH/R9qSaySQHunw5X9cW4AB0YFFNzfq202PAeg7Wx8DxO00uE4rlY5ViBvahA9t/3e+GqanQ==
d6AiaTYilyyYr3PisWBQoP2h9Xf7DglMlNBVQ9AknKJi66cRqKppuQrk05osr0LthfnhpeCBJ27asWvEMQEwGMBuaaZMMgHD6LFynZoXh9szRzrIFj4Ba67nHfkz0LqGUvZXfS8xIo23u1wYp/R6FQ2t2s4C7EN1LwCPvd0eLhg=
d6AiaTYilyyYr3PisWBQoP2h9Xf7DglMlNBVQ9AknKKzeKrIe72rooShrnnOkhi9FD4ILJAvmEbkxzAc3ZPtlqmlClRdInIEGdxmSwGY9CIFAqUq8ieHVRbmuTyFVEeR4WMt6GY2Esct/1oUD+1fcOrxVcagjjC0CrL2gLmiUeo=
d6AiaTYilyyYr3PisWBQoP2h9Xf7DglMlNBVQ9AknKLgTLyta/eu8yK5BZJm71gjsqVRtuHsfAiNvyukdiRtTCsLqFC2wSpyd+2MDF9EpSMXTF86fgG20y8Ifc0fGBxaftRpFO2YlPYKOFUylrpcfRyIgH8llhBtgYcEPLktyuk=
d6AiaTYilyyYr3PisWBQoP2h9Xf7DglMlNBVQ9AknKLaIDFZ45RkkCPruQ3lAmZrZfoEi1CQLsMsq44sKR+8c+virGTIK7qB9h1+fifduhxH1gRXZwNg4JoV3Ea/FJ9SlNQ5OYUNoGLipgB2LIecnR8Mem9cJFY52Pr8XKm5r9k=
6cNt8eTgC17GSVOmGWnNoVX7fgAn1PsX/g79GbZsxjyeu0frjjxhD80Ffv71FUrJDsuUiYRxIeZz+OMZggLeLg5rlrX6zFe5UXvTXbU4icYhC4cdGeH2YY50tMinv91+
d6AiaTYilyyYr3PisWBQoP2h9Xf7DglMlNBVQ9AknKJpkD79W2YGRdThNzxbrsPyGAgEK+b2aw11bGwcXv72xNtndPxugk6y1BYin6QbJl/kA1x2dDIBDr0QaaJng3a1dlDtaAuuTqBlRlMdM0B7vSX7K6/cQZhZOnRYQgCiuy4=
d6AiaTYilyyYr3PisWBQoP2h9Xf7DglMlNBVQ9AknKJ7XSMUG1Nhnv+vd46T9JoFuvKUHjX/+PoTysGdtmvk4FpG9Ud/MUWliGGVsvJewHbVedPDNDKRJGotCVdiL1AKZP39nsHuhLjr72qy/M71E8imZHAQVUPAjtfARZNeZAE=
d6AiaTYilyyYr3PisWBQoP2h9Xf7DglMlNBVQ9AknKIX4OQUQbZVS+gUFl2DpciQg05cfc+d9u9i0BESjlfygTn+XvpDpLeM0kESpPqOdhYM5xJhDLHtIWiEpMOtPqYSJx3EZpA5wSrABgX0nuV9SNo73WLGnDrHd6VxLmuG7TQ=
d6AiaTYilyyYr3PisWBQoP2h9Xf7DglMlNBVQ9AknKIfArGwvB/iyl+1+fxVuibp3MmJijksnrOLkv+kWPWHrfz1ThUoR+tnaWU/oMBaSvJPXKCG6QrV2lkKZbHbTY9fd30J4pKTlAY0UOD5P6uCMZ8NIte2PHVdQ1YfFucfCQA=
6cNt8eTgC17GSVOmGWnNoVX7fgAn1PsX/g79GbZsxjxfCBhJ3IJDNktz9sQpTNH1LJ+78hYsJATiFHiKYlVD+kBEHY66M8WuDogHWtKxl5x2d8C4F+CuVEtM5XznyKO7
d6AiaTYilyyYr3PisWBQoP2h9Xf7DglMlNBVQ9AknKInwYSaURUAatw6FbYZ9PmIW3MKdhB/4CHCJzCdP/CjZs8HYm+wQwal1vfUFBLLK2dlxPTSGvDjz/8+8/+P7C6n8bJJcRECg6fgAjRvwxP+coi7yuLMpjyVWgOTVUZIy7c=
d6AiaTYilyyYr3PisWBQoP2h9Xf7DglMlNBVQ9AknKIcu1R06rWq3DcWeYhTKxz9eZz7V8pjaQ7l8PjUGr3sZIhDqAt/G/DhwtB5I9GGIi2zQVW7y0jroLBiLTaNuyzWXk1PkEtEt7/M+3F/glnra7W1xgsT+9MVPJwhRC4iQHk=
d6AiaTYilyyYr3PisWBQoP2h9Xf7DglMlNBVQ9AknKLgLYLTUjDEVne6dl9DRmdIrdqe1TYhIErYI8EE+H55eDnwId8WjykDUB3Y6oiKENAFiUYAZGSuw7vEJmvUXJA8O5/YIbutruenAVu8O5oP8nou7p8a4e+mqS5+IRnVogY=
d6AiaTYilyyYr3PisWBQoP2h9Xf7DglMlNBVQ9AknKKrYx5MRK28IfdHPUVpebs1WWlQ+iF4bXYp7rMGFU8m/SvtWx6x/hOOqXeGkQKCo7c6gCTACwB/nSsEPoUrIQLrPSZA+Dux1ZHiq+hJX1c1K2Ff2/q00qB2kU399TKfF+I=
6cNt8eTgC17GSVOmGWnNoVX7fgAn1PsX/g79GbZsxjzohLMT56p2LriV3qo5CV19/aLIvoFHf1uWfxrZrjkvymkHiythzNkLClq4TqtgppSOAUW8xoQKWsttdmjzOB4t
d6AiaTYilyyYr3PisWBQoP2h9Xf7DglMlNBVQ9AknKLTQx/5S3GXTwTfMntyZZns4cWtO/Fysjzc3GaeqGUP9p52toFb47smvEPcFh473rBxF9/nJ4idPUOhL3x6BB3UEt+o7RpQulo/i2/LXAPeHkDVU6UMm4se143lDVuOzLI=
d6AiaTYilyyYr3PisWBQoP2h9Xf7DglMlNBVQ9AknKLBX1diIKzP3SdIfvlXTHaX8GumjAbRGOvMAqLtTsf8IGgQ6sihfdTCkRAC8D6oQVZ6YDk0UzSbLMkd1lx38u53+muwU7JfsMgcZWy408pnwSfcwtdQtkh+cXJ6E2ULvIs=
FKNMTC1/hNca2o2anzPZFtqla23/c7ppkmKbyEgPdUFUxoR7JVhlsJ3e+t6AD9WMKBXMo+uhjYy8kzGvcetxSBtFxZEPuxbYaWuWQSqap+DlUjkCB1E+JFsIVRwlD1cL
FKNMTC1/hNca2o2anzPZFtqla23/c7ppkmKbyEgPdUEaYm2sficojnRItRUwuBACAqvahDmvZum/RI53GRGiP/OEb7jL3zPaepB5QHyTyqV/S1lhfgteWhmvKRvgTx+Et1LDaOE3Zl9DeGm1fO3U/g==
FKNMTC1/hNca2o2anzPZFtqla23/c7ppkmKbyEgPdUEaYm2sficojnRItRUwuBACAqvahDmvZum/RI53GRGiP7LxXj4u3NIdKRa98EyjshW6VY1+YLIKpYii1i4Sz+qJ
d6AiaTYilyyYr3PisWBQoP2h9Xf7DglMlNBVQ9AknKIErMEjcHh6Y3fJL6NS4Px9ZeVIBjsc+cXhleKKRSNnWEhZ4AlHDh+iPtRCYrT6VSYPsL4sKpA4h+BHPrkeztxjKxbyao591yVJ1ccnVoK4jEfQXISPiNdxd/XnoJk+ppQ=
d6AiaTYilyyYr3PisWBQoP2h9Xf7DglMlNBVQ9AknKIhsdSGFzvOjtMSsFQRMYA8E1BF1mghpimOH1Mpzw2KLrLAoDqn53hTq6MAXb4lTZTXnx4gcXnjecmjurIqwd5Cyg2tz2OCOcwKN3H5jgEbo5PtGiVjoyID/b8xc4iiWxU=
6cNt8eTgC17GSVOmGWnNoVX7fgAn1PsX/g79GbZsxjxM9JB/0GtbmUpyNtHnlW2LWROyNvDxLMFzB4NBAiiQUuyCrOamroqUqqkmfez1Hjp6BPXWzKefpak4iB4W3pZ4
d6AiaTYilyyYr3PisWBQoP2h9Xf7DglMlNBVQ9AknKIGBWX668Po9Qsu2dYom653r72ERJF/6sZfJGeRpmCsfJQRlc7EVdS45KAdun9ADsakSgRNLfbTVnkV/gcsHgJR8bx1vcBE9JTgUzFYefMkuIDhH3be0Mn6YGvs6q89cEg=
d6AiaTYilyyYr3PisWBQoP2h9Xf7DglMlNBVQ9AknKKi4eKM+VQXmpf5HIf4zrVAOVBk8U6bLwJwIxxktT4+ApqhRenQwLpeqY4AhWvgQLfR6+bSZQxtTkpE5O6ICAU4PYZyUOEb2EKIdoBprFChpgAaJxjs9CYV7v+JFvGlm0g=
FKNMTC1/hNca2o2anzPZFtqla23/c7ppkmKbyEgPdUFUgWGbLLlVCRUDav8xzOTLbG4IBQO3O17sU3Wblp/8sqqM7KUxdVVAH1LRX7LKRTGpOv9HOr3nTPd1WcoBGHhp
FKNMTC1/hNca2o2anzPZFtqla23/c7ppkmKbyEgPdUFUgWGbLLlVCRUDav8xzOTLbG4IBQO3O17sU3Wblp/8sqcKJ4qxspUQKXJy57XhyIj3jhLhhFJ72zHHs2954l8J
FKNMTC1/hNca2o2anzPZFtqla23/c7ppkmKbyEgPdUGG35ZvJ6UuvLVZwcpjZor7dPPn1viuiBDN2wyoYkxKG3zFdL/R6fg8lMimNTyitB/ApJgdo7tIgXzXhdC5ZuyK6nU7GFIOKBpwUaUgCQj8Ug==
FKNMTC1/hNca2o2anzPZFtqla23/c7ppkmKbyEgPdUEX5FmEoIxPQOCLW68/wGth118F46KHl3vNok6nOYo9ISKYFqFd2ewVvgv6J2f+2eJWFun0N0DabQONLmSSWnuy
FKNMTC1/hNca2o2anzPZFtqla23/c7ppkmKbyEgPdUF6JlqMS43mfuC47t5nuf1EFAOXbTBImT2y6FAtiuBRb0R0cMNoNvvIsAkdKC8IUJ6Dia0bXDDf0Jl15w9TlXMc
FKNMTC1/hNca2o2anzPZFtqla23/c7ppkmKbyEgPdUFNClD16iP4dUyodIIxkk2aickImrk9La35PmlgKsjLM879AeyAWvtou2D/kJsWJZN49asL+QTgHpw6AyiYNx2WKKQsGSOESkSNnE/4bo2QlQ==
FKNMTC1/hNca2o2anzPZFtqla23/c7ppkmKbyEgPdUEvEqA4ieiF+VTu9k+QKQGuH20s3/pTMg/6Wxm3svvbBOvTW0CgCAfPZEGC5rtFDFx5hBWfkS0+HWcsnOeNrK/X
FKNMTC1/hNca2o2anzPZFtqla23/c7ppkmKbyEgPdUEvEqA4ieiF+VTu9k+QKQGuH20s3/pTMg/6Wxm3svvbBHjEEPVIo3iK19FPHrqr/dhdlqbw07brh7RDge3k4pR7
FKNMTC1/hNca2o2anzPZFtqla23/c7ppkmKbyEgPdUEO3BolBJEFvPUTRSMmBAT/LBky2wtdBGp9/b+9WferUXveTDEaznDfb97+gn0wyMdM8SIxlk4InZmd1FWck7uE3K9n5HJjoWIm4SmdJ38ETQ==
d6AiaTYilyyYr3PisWBQoP2h9Xf7DglMlNBVQ9AknKKgK0gYVmHxUcsA+MisCluaTu6AL7FdTrz7iHH9cG1hYQ8+UbvUIYSIa3QO9jVX9yWpjQtoMBfkaecKR6q6HiOJu4+xBgzW1FaEJNOJ3D764snUjkY6cn4f9tCUj0Rvjlc=
d6AiaTYilyyYr3PisWBQoP2h9Xf7DglMlNBVQ9AknKJPJXDwZLl/QBLCnrFp/xikb62jk4dM+74M42G7ofrraEsOAR0HeSy2L/csCG7v9Z3MYkW08aTyZwV6/vTaVa6tW2W2KqY7tta/+t9j7I8fqLXQQrZzVIgUABlKl7DiGBw=
6cNt8eTgC17GSVOmGWnNoVX7fgAn1PsX/g79GbZsxjz7Ps3kgm0ExiK2K3ZAguj7ycB87B103IxzTdX452XSjXtFE4jBB9muninlg9OpSjX8sVy/n4i96cMrxhJoBUYg
d6AiaTYilyyYr3PisWBQoP2h9Xf7DglMlNBVQ9AknKIKhw8mZa9XnTDjhVNz4aOnVk5Si7PLJoKVZ84SUrTKMKuTkqhGJ7fylQHiaDkKE2m4rmbTtvryTyCPFT0M1LvZQgQWMFgtXR0Pllv/PW2lWe6FCaTrE4WKXbOOMZ6JOCA=
d6AiaTYilyyYr3PisWBQoP2h9Xf7DglMlNBVQ9AknKKi2opUJocl7TJpVzpyZRclNJJBbk37ae2OepB9F+c3GLOyFCpveFy8b96n22csDDB9127yCK/5kJAFVMNSA9vsPlhwiAnOQVLKzH6bBaRxQ47lvDAPwuqpk/+aPjdwxpI=
d6AiaTYilyyYr3PisWBQoP2h9Xf7DglMlNBVQ9AknKIgPc/cKe2og4p22ueZcN7Zzryz+++S9tiBUy9Akl2+F5FWdZURmg4DVztj0r0j89fQGKtrlWW4hE6eFCnI8TKejM9Pn42Q/I20CKgLJq2PQbuYyhA/F/53Aj2dQI1LzWc=
d6AiaTYilyyYr3PisWBQoP2h9Xf7DglMlNBVQ9AknKIEAmlkL1z3bqPT44nw1YNTRigTZjl1OwtcaQ/WE32avsUiwatTB5IBJMT96Gl0OHmMDW45orAQpbY7UuFATDhYa4WHXEcRy6i3idmEJ1VX4QqjWWW8lL92IF6eF9VfLmc=
6cNt8eTgC17GSVOmGWnNoVX7fgAn1PsX/g79GbZsxjwOtSvuWZkuAcnxqVBVf8N2AbPa76Re/mgbmQlQz4mBWj7qprYJWAhgOzkoe7vWTQSg3mKrcJ72i6VQISEOAS2d
d6AiaTYilyyYr3PisWBQoP2h9Xf7DglMlNBVQ9AknKLqhtcdqmnEn78ZHYkLV9ZCUNxMZTva1jsxO8WR09Z+w8T6Xsa8+B6mGvdDsSvMOb12bnsbMdg+4N1dSpBRdIZO7TceToQ2+fiJjo9bvHil8KTKo/y4NgmrzGpWsd5jU70=
d6AiaTYilyyYr3PisWBQoP2h9Xf7DglMlNBVQ9AknKJsGRcELEzAIHnpA8JZYKlxVJMXw/yg8zIIFYp/nnS32+tayE3iehiM8q94vc0Zn3kZGa4clcFOOabPpbVYUfdeeu7fOfzHHVFVG/WDeTZjGoXUbS6nmoUiUMDRv2+yhxg=
d6AiaTYilyyYr3PisWBQoP2h9Xf7DglMlNBVQ9AknKKGJQQf1h7qBGTVfDAjBEe25DfTuNfuawZAJT2TQInPrTYwkydfHV1FWtgIpbtMKadKPzh5DszdAq23ENFFaoE05DoSbM2JEzBelTe8WxQ0LBD+guiDsHs2YBsnM2zYkzo=
d6AiaTYilyyYr3PisWBQoP2h9Xf7DglMlNBVQ9AknKJ/gcBGFz/nXm0vu83Cc2v33kkM4r1euLKMXsWJ0Y0yYHl2oo9CRRR5bLcOX42AnMEMpwqxdIA3doKvmXkHHXahR1tx4I+G+rs2+Qyuzz0AcGoPL/Ao6x2oqp0D5bDoL3w=
6cNt8eTgC17GSVOmGWnNoVX7fgAn1PsX/g79GbZsxjxUiWxX0b0RiRX68ULJBpPtQ1tfKtGvOuwJvZ65QV8x7QS2VM/vFPupXZ/N2/riKHLysMx3tqkvk9uGozc3PLbk
d6AiaTYilyyYr3PisWBQoP2h9Xf7DglMlNBVQ9AknKJ5ordd9VuPoSSvMlgpVSIIARE7eTKpN278onXmmgHRJ7ZgWXO6c6ZKgWBLMGgyZhzcIcL8fl+JktI/KeHmcLXUHQqGZ1ALSSI+foYdnwnA9aA0kH5hiYh0UN54l019eOo=
d6AiaTYilyyYr3PisWBQoP2h9Xf7DglMlNBVQ9AknKKw6PSi97V9CfeGSaSoi+GYvUIFK01azyg5Qv7pBAUG+P3aCj1/bv1KRTG+kNJF9q410IlVunrXAaJaGqBCA9TAJVzomUkUCdszjIIAY0GKCg3I+hrnkzXu3ZDUB7CP9+U=
d6AiaTYilyyYr3PisWBQoP2h9Xf7DglMlNBVQ9AknKJ9fL/nrGeRXKvztWTpZWamR2/pLoxm4+z/nLY10ncWJg4hTGq0ybnZnPrFPy/4nEjkFOgW6IZDp9XdJ+X8zlaRgcE10gFOHh3iByEFbjroqQFwfqGj/vwCHV+cpSMaPPo=
d6AiaTYilyyYr3PisWBQoP2h9Xf7DglMlNBVQ9AknKLs58g2IgBa2IwoJrmBvhORsmw5omOrb0BCPKUbNAoxkAwivpI1TRb2XBEYmv8S/9GaPjworWK5BMBfxAH6J11F25hB2GTyxmZ4SkBMjzN68hEDyD46Ahq/gqHUY0aJCJQ=
6cNt8eTgC17GSVOmGWnNoVX7fgAn1PsX/g79GbZsxjzGvOmfzwQWRoOqZ47w66J6/Xd3HJTIZRD3mLMSnMpeJVOETr0P+CsdxVSW6KXx+5Dzksa2DfhNiEfpBbvhyV4G
FKNMTC1/hNca2o2anzPZFhQpcB+uaj8PdX9oqLBngtTAS2tmhfnnLhLWkmIBalQkg6CXQ93FMQQl1oA8j1mQqCNT3ssJlW1ZKgv+cc22U4g11DYjcEdQtzjexwC4f6Qz
FKNMTC1/hNca2o2anzPZFhQpcB+uaj8PdX9oqLBngtTAS2tmhfnnLhLWkmIBalQkg6CXQ93FMQQl1oA8j1mQqDwBlJW1ytfHe/EkYqtBwBA7tQS32DOvSHdxDgzKW7sG
FKNMTC1/hNca2o2anzPZFhQpcB+uaj8PdX9oqLBngtRTfE+SHHM5Ejbp67t6dXJrm362gFg35etZVtEJpx/gFx5jUwlpGOM1N4yOelK+94uhcNrQ/2hfUato7cwFNM06iCXwg87OupdDzT5ia+tptA==
d6AiaTYilyyYr3PisWBQoP2h9Xf7DglMlNBVQ9AknKI8/4KQS9fjJzEQseF/z+ab+IiW5vG5re0+GhuhIbmASKzJt9ntjePAMaZuaasrULutpNY4r5QGsc7XTJ/E5sa8zYcfBTQuK9MccRTmkOEJEYtd6vbgHZnCpulbOYuFvmA=
d6AiaTYilyyYr3PisWBQoP2h9Xf7DglMlNBVQ9AknKL4JTVZk5iXboF1cBIHg6dLrYnWAG5z8EBifCyqXN5UX1ToDnmpdpIdAPb+whGpP+BZzUqu//kYan7BESPwayjdOMEDBHQd7gkQxZRhFbrM3ByNlLlQZ9fk9/JpZX4cbvM=
d6AiaTYilyyYr3PisWBQoP2h9Xf7DglMlNBVQ9AknKJU2ZHajP5qSgZtvQJisCoWcOiMXIQVHnyAcrkXveGPBL/TK41uD0R6UAUPkowwVwV/GQCSR4JhYslR741WHWoZmE9AsLvcVUPGcuXOko9gfs8jbrHFpunQbYjwqGVkdqE=
d6AiaTYilyyYr3PisWBQoP2h9Xf7DglMlNBVQ9AknKIZNbxMOz2Ch24yoxFqqTNN+9rlOF5pIVygvnG1Mi5Zc30yRTpkVZGpOr4jypJzp1C833JZINBDquHM3ZGUQi1kBkbwsqzjzRNULF7fO5sl/2RJENos6hIJ0aKs3zMf6w4=
6cNt8eTgC17GSVOmGWnNoVX7fgAn1PsX/g79GbZsxjwtRKOVCW5qAsRoqvCEz0v6tdNKumD8CjRr3oGy9c84uBjHvW6bVrwJKppueOZKl5fyUiHHkT4HEnFMjadMHaG0
FKNMTC1/hNca2o2anzPZFhQpcB+uaj8PdX9oqLBngtQ0voZuGtZilNimkOyJeVM62qh/ivc5kAYKtowYq4siWVmTjJU6W2+sli0o/heTHCd+xo0SrYd+IR+WSRaj56JPugcDjl+iCWKBfnRSRtKpGg==
FKNMTC1/hNca2o2anzPZFhQpcB+uaj8PdX9oqLBngtQ2lX+bhJ73zo6oemlUXxFesiflwed5OapOw6LrMqty9JN5fdcPZUYuICZ5JYCf7QrGSiVzES17i0BQrT6KXsT/
FKNMTC1/hNca2o2anzPZFhQpcB+uaj8PdX9oqLBngtQ2lX+bhJ73zo6oemlUXxFesiflwed5OapOw6LrMqty9I820O/6ZY8ABOu/jya7r+fPzX5W8qju9V+Wl9AeIx8x
FKNMTC1/hNca2o2anzPZFhQpcB+uaj8PdX9oqLBngtRVuFS2LQvNo0yJzqip4JHc8FpruVE/RvlYluWblvlLhFmzzCjT4h6EVoU3VzyoHgjdHMk3UX//7Ktfj4D6VaD/
FKNMTC1/hNca2o2anzPZFhQpcB+uaj8PdX9oqLBngtTi6EVB6U0bP34PWZpl8aZkTeyaJzp9cG6b1Y2EVf834Smx3mTJ14Q26gKfnDQklhBMCpe2UNVa5POsY2ZSLQu0
FKNMTC1/hNca2o2anzPZFhQpcB+uaj8PdX9oqLBngtSayc6CbW7HU4WKgmljs6Bzj8+MF1fPNpunk1xGsDF7l5I320LN//1O5hMBvfA1tZYWtn/7outNn7wVnhFwsbkWrRue7Rf3+GNONK+wOFY18Q==
d6AiaTYilyyYr3PisWBQoP2h9Xf7DglMlNBVQ9AknKIwysi3o2jVjKkNHXywOVsEa/nw8Pp2Ne+8GsFcSgEmSs64p10WUCZijqCtkQ/CRct+wsJC22ykj0XhbvJcM5RhOvjN+EiukGT0naOnbQxCxHZxzZLvSIM1aZpDgWuy6EE=
d6AiaTYilyyYr3PisWBQoP2h9Xf7DglMlNBVQ9AknKItAOFtdSfOtKk/O0j9IIIQxMj0hD3n3wRugKX7E6XYSsOm/DKAdNqxvHeEjzrnGIv80DDN9whsrFTIGVwPfGy32u/FpfCyTDYIDhFzJySKnpd2E3TywsriKQHZFEAwLm0=
d6AiaTYilyyYr3PisWBQoP2h9Xf7DglMlNBVQ9AknKI+JOV7gDYRVjgHw6a+Tkk0/2rGZKUjQ5DQKsbHcCGs9Y/Xld6bYfl9Ezqf7uE54feRwJjhWQFHClSDNExLDPzuhHitXsnvTtalUnvJn5Ip29CLwPuN4EAxtI3UOLZk85E=
d6AiaTYilyyYr3PisWBQoP2h9Xf7DglMlNBVQ9AknKIJXbJLRHOiv0LGt8rMxvZRABW3kqPweyy7q8nZXh4DYbrA2iRvUStPEvUX3ASkzfiOSwe7lt+HBVdMvL5xVLR0hncu8Mgb1by7yELirfvHSz4F3rpCsBk8bBOKsmuiM5U=
6cNt8eTgC17GSVOmGWnNoVX7fgAn1PsX/g79GbZsxjzojRzVovLMDSo3souORyMABxm0e7Y/xEk5PhKaHrkUeyMlhHG+/Qv6Rps3pBoiQuUcXSXaZMR9epxwnogBqQoV
d6AiaTYilyyYr3PisWBQoP2h9Xf7DglMlNBVQ9AknKJm9rSjmyCfCkVUi9BreAGYClU+vGpOz12r4khKdbV2uodK4jWYtA/ryd9NFbjzekvLLOb0tJnkbrwG9eM6u4mkHXXqoRFe7TlbXayfpksoadG8SDXQD+ktcJ+pcY9Bs8E=
d6AiaTYilyyYr3PisWBQoP2h9Xf7DglMlNBVQ9AknKLsfdxtmEtMKomX7cgLfoH2yilTv2jLJxACEdLAy1dTTbXqQ28YJsjEs3YhJLFXpRldyzWb5JiNqI9H+CZDBbupCm4KyVVU8OOHc4D13VKUljS+jU+wC9eWDpaItzLtmmc=
6cNt8eTgC17GSVOmGWnNoVX7fgAn1PsX/g79GbZsxjzPNiQN+QxvAQ8kw+f3lclCcV+ngxSdhx1a7ZQ8PDjONA==
pnWEWTR0c5BswtOjQipKZPgrR1DZqyGP6ZEGq3Put6c18c1rgZuEjAii5e9HklDLxQ/ueoyAImT84WngubqTQikeUye30MzFtiP0inBAv0ocOXnnMh2tjU9P56KqmHXH
FKNMTC1/hNca2o2anzPZFg/0O7J+uA+d60mx9TKP/ERWPiCT5OswbSCnu4Jit8kvq5b/4k9mQU+bG4UeD+ywo/T2dOgI3R7V1tVwicFgMPh/O5wZRxeQqA4jrZLBbuJKj39wo+6VV4RDwwrFU8gLXw==
FKNMTC1/hNca2o2anzPZFg/0O7J+uA+d60mx9TKP/ETc9MdQPztuCW84Tjyl1oFX6v/HMp/3uldunAMdVcnAEy4RGkvXcQQdCtVqaPfqXOrluacQBo4Z/vbp742Njx8/
FKNMTC1/hNca2o2anzPZFg/0O7J+uA+d60mx9TKP/ESduoAHA+hstj0tF6dHxxHV6dQ50Xb5BtLj+Fjphs/CZmdB8PAtghDHIpWw7Fbi944T0POBJhg7zZ3qzJFSs41klq5/TW/0Uk+31DtbLAbAow==
FKNMTC1/hNca2o2anzPZFg/0O7J+uA+d60mx9TKP/EQfuY9We4sPeUWy1DP5mCcdWaJ87HVHzkbhLVCGNIIU84dbE8fZgGIf+pvlX7VFqslcyoyCzBYyIb4d/yQOZiO6
FKNMTC1/hNca2o2anzPZFg/0O7J+uA+d60mx9TKP/EQjJI5ySr/4li5cqDXu71yK+reMPPw0194dURkKyQZyvLTaAQ7mkVIvwLtGRigJScqbQvwvkF+YTBI32NmsyBbNsaRaGVz6cMUx+ZhScdLFzmKhKtz9Df7resDf48qo59DKqKvW7sm1EclW/qCsMf2hmFY+C+jHuXY6LI5DNND9MLV4WVHBbee3X+25wXlb5fErxSH4a1fRURwANBnxH216Hwy8PQ5ZCdgK1vJo/GECIldFZ2Qaeq8Xr8/UXS09UZTx0NbEtgxzPgSFXMITaUiH28U890MRJCCHtA50LxWqUyIgpmP3hqcxp3xgDl8viv+wiDmEpJpkI99qPeZX+JhP7VV9GkhIFeqzB9bHVy0pFQ==
d6AiaTYilyyYr3PisWBQoP2h9Xf7DglMlNBVQ9AknKJVF81qdKcUnjml5IxT5exD60lgcdKHSL9E2Qk6b1ylAfnk5gRy5zJRlnBiFuBi1Dw96mAle8Tx3jYl/TO2HIeT1hwYpMEMMVeYWTuZS5xUsBihoVDBQau8bL6Nkb1wlgM=
d6AiaTYilyyYr3PisWBQoP2h9Xf7DglMlNBVQ9AknKKc+LWOdG1pl1vfcCBCbsvhZhKnHuu/Fsr2Wal9yc0s9LGHuyiZv0Ngn06rY2X1NTJyAb2wdLYb5S4yC8uClKyMgIqaNAuYe9RTAb8wDujRzSZ+OheqsXVcAoh0iB4z5eE=
d6AiaTYilyyYr3PisWBQoP2h9Xf7DglMlNBVQ9AknKLm7HlZB3hiWeNKkiJYBt5vlpkYiB0X7N1BFov7PofTVAgQyqYT9ywmJC5MHqAUD9CqmFOcvLZVthyaUDg2hNoDG4gnKOBS/5X28Qo6ASfFjqXLWS1RFGGIhcHEm6gCuak=
d6AiaTYilyyYr3PisWBQoP2h9Xf7DglMlNBVQ9AknKKBxK4lgOVNDOm860W9EDV1hCHiPakYlFbbSfId+QJzXLGRSAdkXiR2S+XCqNrrZlDaafopBLnRRvFYokwNMDiTOlhavB0P0MgahdR4dnygwnekLI2WZUcj7Mkrr3/kHzo=
6cNt8eTgC17GSVOmGWnNoVX7fgAn1PsX/g79GbZsxjxpZWu8gEBNaVY5VuKIiC5JOVAha1I7VJUaz8jpYO/OZFzY6vva2IQgF45mwiQdd4OYf6UrA1YLFRwbrdz9syMT
FKNMTC1/hNca2o2anzPZFg/0O7J+uA+d60mx9TKP/ETm+WIcm3OCHfy0u0q1KDmKvP2u3JPIZPApinxouGVOjisUJXmFJQhOae1RJGJweWH13z4+Ha7ErRkgsN9dueTl
FKNMTC1/hNca2o2anzPZFg/0O7J+uA+d60mx9TKP/EQb2j9I3ZcLAyJ8PNfbuXjZABYmIdO9a7Frkx9OyZ4Poh/DlRv4XGFfUpwJ6tWJktGrwAWqCG73XZDnvJSY3cnHDYStxjTFG2PGBMviCBI7qA==
FKNMTC1/hNca2o2anzPZFg/0O7J+uA+d60mx9TKP/ER/DPO07/8umk3UDIp5jqFtXHqCWAUlrHMh8zKig51JFI5txu4A0G96MrLWOz0Uq4TcBeuATBHvZk3msu0J8FfH
d6AiaTYilyyYr3PisWBQoP2h9Xf7DglMlNBVQ9AknKLeZnmNyeHuCIl8Vxgsj0ZSCcNzURyDa+cnz9F4bx5Zvs1lJpteS7NkgmnZe7zOzQXfrPYUxBIYOXc1ZWA1kk4mDMXgQLFKPwLFPJlTPvYUqZ6F+FN9Dk8JpLnFZzBG+kw=
d6AiaTYilyyYr3PisWBQoP2h9Xf7DglMlNBVQ9AknKJ5h+DsF1OVtAtVOJzSb0pDuXLZ3J56Rw0KenHGaT2VR3p3WahZCmNABv1/VoH9//m2ovnIsgt85k5gdi7Qf88oKLjO3mfDBPdd8pm9SZje8ZeZ1VB6FkJttzb7wg2cnQA=
6cNt8eTgC17GSVOmGWnNoVX7fgAn1PsX/g79GbZsxjwDddHh2/A7jtqk+YJxJnKljfNMRBQ9TrWNGr+efzfplA==
pnWEWTR0c5BswtOjQipKZDEQE+UavNERTNoLtoJ46oSZn41X2Are4jgjH8U2RHQVp2PmwvPX14qipKTq6obRuTm77Y0yfPai4jJJ4QyAfHMqlY6G5Qzx2fWAScTxg5fd
FKNMTC1/hNca2o2anzPZFg/0O7J+uA+d60mx9TKP/ESP/HnndJlkvI5OAG2SEN8IyZaJQdeWGkxt7eWOHb7AlRFR+3dzIscdfAv/KQ7wpc0k0t7LqtiTOxgxGD/jOVtxwH18LA2vyM3PWncwLm8OwA==
FKNMTC1/hNca2o2anzPZFg/0O7J+uA+d60mx9TKP/ESP/HnndJlkvI5OAG2SEN8IyZaJQdeWGkxt7eWOHb7AlfDEsB88FGgjgfwsfDq96IR8aOM0dQIB8ryLKgzyacdB
FKNMTC1/hNca2o2anzPZFg/0O7J+uA+d60mx9TKP/ET/AniNtoBLVSiUOYyhXRCAOgwJK4t9K5eWkmbP7MHlC86g1yC+OpBIfWV/S1F0YdF2/B7m3xgBTsDGKqco8A5Th2Bap6e6EVMWFny8Y5ddNg==
FKNMTC1/hNca2o2anzPZFg/0O7J+uA+d60mx9TKP/EQYrg90PWWoXanRkQjaV4y8BPDa5QE639Sy82vp+FHrziwVtoNUiJt4aqgPLj/w5Ri2j4JHlCabffkHzoHDUW2I
FKNMTC1/hNca2o2anzPZFg/0O7J+uA+d60mx9TKP/ESVCIt9PajFlyaJKFHW1fWfuiSqTyXVRTfZCOaocUZBwueng0dflMwokDNnDVJLZ+K6AJY4Mm/a9IEGWI/E9T3ajKaG1U5hMcodriUZC+VydK+qDu/3aJdJMOQuAqh3aBssxWSUhPylBIGHqhuUI8/Wk5cuR2HlRp+9+gqty0TMKUMpG/TrJnC5F8Iehl9OHrXYuWQksV8gS2kZTjcPoIabg05rKI3Brpo9j9z/dCLqj0hbR3IlKNevB1VEibfigLhXJsOgjNjg8DTa+IgJSj/5925Ep8SXmSH0TH1AimVVaihnywERairGUWRMZHqwrVmVn6IMRqgPwE1W3fMXk5kRT+AUR64x5IgzVmmIUH6RpA==
d6AiaTYilyyYr3PisWBQoP2h9Xf7DglMlNBVQ9AknKIM9KCsNp+I/k/C9fSW1TPUFZYlOZXKzPLKZrf906ryzaUnXLivg67hUHPpKoPiPnToNW/Bm03cXpUe7ctnt7V5PkIateCBIQVuDj7UZEVSIUt/uAJRhbJSvptBpuRaVbg=
d6AiaTYilyyYr3PisWBQoP2h9Xf7DglMlNBVQ9AknKLnbTLCwVNbfE2tznEUZ+EHwnJ1NTMMfqVjO58Aigg2kafX6o99HTL2nS/X7os6xNLJwj3Z9z6fzsmQHucrImHyH3fPosqQC4YrSWxlUIfFF0jCSLHcoIGEay4hIrrsNWQ=
d6AiaTYilyyYr3PisWBQoP2h9Xf7DglMlNBVQ9AknKInWwjCXVLv5ICGRSO7XhmTa44Ie0qKUPcL5mR1uR0qFTWSS8iTDkQbXNH2cUwxG/AZzcQJGLqX85HI3zU/1sojsJP37Ky2JhQcrod7jYP36lVF+pX4AIy5RafHNyCVcIQ=
d6AiaTYilyyYr3PisWBQoP2h9Xf7DglMlNBVQ9AknKI/fmt8YtoGqd4Ag+QAuSR68PoUE54quzwR/79n9fhVpmkeLv7JmDMbEG0uJCawpK765WuTGG89A9kpf49g2CD/Q3ORdQdcpD3hQgmMMnuljzyep8J1CzsKIePmHoxTnHM=
6cNt8eTgC17GSVOmGWnNoVX7fgAn1PsX/g79GbZsxjxrHrLL5BSL8+04RRIgIHy0xK2L5p6SGPGdrqlQDtwkUrW0W0qRAmEjCr5Vn2eZX+k0ZxwNA5QArLSdghbX6kiy
d6AiaTYilyyYr3PisWBQoP2h9Xf7DglMlNBVQ9AknKJu4wPW9AUDIjV8GsUM1NOEWCNMyOJUgpnQfot4+luYBctnjOcI4IGFEn5fECHpPoB4lP1mJAtQzQQlPV4OnGoFMaiMt/w58UYBBz9Fg26ofiZ9CTL2bcbHPsRtlUDDQfY=
d6AiaTYilyyYr3PisWBQoP2h9Xf7DglMlNBVQ9AknKJNm+g5JXSLUF5XOU2cJLouMuo56Pn9NkyqPjkDj1IfVDHkC3iYGuUgJW9B9IZe8dxQ0vO34QrfwISxIE3e9/g78q5JNHBaDOSSEnMagdtMxavZweKa+fgxsG4YXXuJqT4=
d6AiaTYilyyYr3PisWBQoP2h9Xf7DglMlNBVQ9AknKLjZWEmKsH4zt2lrxAFV9DcMQKBjoSA7mwi4q5WRJLddE8ir1M5XYqisoXnI7am8VtJAYBHBJ3e7/Kkg7Dclw2en0XXAJ31hsx03fBQqEw98rumv0+Io45C4dF1MhNXih8=
d6AiaTYilyyYr3PisWBQoP2h9Xf7DglMlNBVQ9AknKLPNkf6VXzilsUIy5PwC6gnHzOfjPmCy0/jsgYANry10qUsqF7V+a4GWkuD8eOSHkr6ukbHQyYQwKz9388gISY6Eri3RH35WL2OSNwJg8LDBMNQMOWxuQNGmdAlsizsRP8=
d6AiaTYilyyYr3PisWBQoP2h9Xf7DglMlNBVQ9AknKL5G0+NhImBBmu2QsgP9hbFudrr2HV/aLbsWMebZyRAALSSIIjkE9jvTCv4seqvunU5v++nHYL/Q3ptoVE/YLzHusrLA/so/5BCZjmOSmCiD4j9gA0z27Ef+bga9ApZ8Gs=
d6AiaTYilyyYr3PisWBQoP2h9Xf7DglMlNBVQ9AknKINuPsrRFCUuSj49UtdFWpJ/zq0C94izocm18nSh3LW7rLJUudY9cr0SmuspeDlCPua+1tucb4UkpXvjnI0idmDBisSwGeoPtMd85l2QkOkdm6pkLMFLP6oEwftaFjZqnU=
6cNt8eTgC17GSVOmGWnNoVX7fgAn1PsX/g79GbZsxjyMLBeDDQSlITfcWc+kh4/HJ1YY4tKPVVq1OEw/OTFVPd3t5RahKLLOJbyC+e+7NR3z0fbXPyor6kKHl2X2/cQd
