GmcONIA9PFzHw1gpPLLPoqev3ytAH5KO3S/CJpMsylg=
35kyjVfwBJgytCi6KM5Vug==
FNt9orFfFSbPIXNSbXcP2Q==
gE2g7VQeqq0h5MkG44fPUw==
A4ZCFW7RnVRfEnbtNxUDb8VFIQmzxcIFLuiIjRY2q84=
cwgQW1UgxyVfBeSrdwXHsPE1eoSAri+NViVSjTYe4hg=
pYn3RyiaY4vz2unSybTHuw==
mAzeFbkWBGyzJRgEWJSZYQNn44wFaguEUnqkvHVinQw=
NiGef/LGs6v8Em6sqLz1GYGKB0111uCW/TAqgkiW0+w=
2lfNnhNY+w/3xMaMUxJbE0YFT/wvMlSDz8Vrd5FEs18=
6cNt8eTgC17GSVOmGWnNoVX7fgAn1PsX/g79GbZsxjxc8dUXdZury1Dbr0dYPYKPHZm5e3Nq/pQQUQ4vq0u1Nw==
pnWEWTR0c5BswtOjQipKZP3WFQIipEYI3E83AMGCzBpAgxQ+lbVmxiQXcL09D8/5PTo0epzJoP8ncVyV5WdNlsKjGwAhRtvE4DcYcCLbvCuBEgENiDOvK970vZGNBaA6
FKNMTC1/hNca2o2anzPZFqS+1x4OcxH8ygKn2oZFcehNeQYuoXGxZbIx//oIF3tXFkogcNFohTySqTKBOcWEb1gWpuBovXh3iCgECPIxraBiZOet3x+lu2nw63D5cZ/+O/aFiecXmiZXlJrTZF/ucg==
FKNMTC1/hNca2o2anzPZFqS+1x4OcxH8ygKn2oZFcegpeh74PBYdy/8CDohPaaK8lcyvZMwhh6gomVtMqNX2NPa4XcNuHA7UfFtnYpfEDjrJiWnMZlRbaIHwhhVjIEz2
FKNMTC1/hNca2o2anzPZFqS+1x4OcxH8ygKn2oZFcegpeh74PBYdy/8CDohPaaK8lcyvZMwhh6gomVtMqNX2NJ0DY8FbsBjdyFVg5DrRaCUycDcv8tPVVouiwZ+/2WB4
FKNMTC1/hNca2o2anzPZFqS+1x4OcxH8ygKn2oZFcejg+G/dPpD5wiyYVcunCX4K77BlU+jjCibSuYkQStKYrRhUjGAJwLGgTWktZ9ObnEWiu7TR2BTYY8xOXrjaUoQAnlVwDBoShU8ck0KR3RAY+g==
FKNMTC1/hNca2o2anzPZFqS+1x4OcxH8ygKn2oZFceg0sdnjTKa9k+GBM59KuOtqjMfW6hfM+FHDaanTAsnX75g6Ay/Lv8CYiSPSG9QE/SUr+pPXXhrZ3urWdouaNXiI
FKNMTC1/hNca2o2anzPZFqS+1x4OcxH8ygKn2oZFceieNL0BOHH3f6aoXOKCKloXJFipPa/A32iQw9NbkKQZS3/mb4HEdKhY0iAA4b7Y27ovUAsZne8JgmGtYl7yXUKDvcjupkDM7RnjDSxY7yskjOJSGnlctRdk2LY4mgPuuVIioYR+Ey+zGbbuIOt+kNKKC8iZMboOnydYQFhrjGLaJJ2f0KKy+GJ/6GmWyTVmxD8P71NTS3RUW+I9T8FEj9BJx2AxB379vMHDOjKi+gLj7vHtmvcSBkDNonKPP4JqkGEmLTV5Prhqv2OdEYdQ2MtKquKX3GyuSoF5UjTV0ncDaH9ablyPhuQ+w5GTqfY9F5fQWUKU0W1p/DVtwObBQaP/qasCRVvka6+emuuzzx0zdA==
d6AiaTYilyyYr3PisWBQoPdM2kxQZcg6BqzepvQJC3NLJr0xOA0yCCWoP7KlCW/A8e6i3elW/cHoERiiyMEXl3NpYG6r4XEri2r7YpGFP+xGWkzKxAKkoNwFA/+f+du7K+2GqVo3EIx5CAPdimXPq8JuEaWXbFbQogUF6MM2HN8=
d6AiaTYilyyYr3PisWBQoPdM2kxQZcg6BqzepvQJC3OCMi023sCMIk2nKQBji1V70CD6YpQ0QX7m1M+Hsj0jm8TM1f4O5PWqhaoaQjJzNpSCtJ8/kLeEqXjZ0QcTltewHCvqQwdcToeabcE4nJ73sBYJQ+pGh/XkrcCWQvmISYs=
d6AiaTYilyyYr3PisWBQoPdM2kxQZcg6BqzepvQJC3MXPIQGhKslFmvPuZvgQ5RsUAMywmRJNI+m8XRsJWpu+x7YhHiUJtpMvLgLj7/yu1u9Hl4JoaQPjU0JEjH/UUafF2ClxDSohYJv/u2LT0KREwjAfhPq2/W/Rnkavt9+U1E=
d6AiaTYilyyYr3PisWBQoPdM2kxQZcg6BqzepvQJC3Nff6iTgg6z1MiTPfbjAIOeVBl0jauK8cfZFimrjLWFCf/MdT8P76J3bLEftCtAMWOLnoH5rPK0t0EUaX27+APLI0nmVdebbuuONI7uA/AeveJkwaT7gyql2uWlgyV+5tQ=
6cNt8eTgC17GSVOmGWnNoVX7fgAn1PsX/g79GbZsxjwYRJX7V2extYQi3hYoxVn25E3n3x2gAsFZ4ob5InwFaSRsA4R6bpL6+aP0FkWJ6zQz+vKRl4Z1cpNlu2w6Z7yD
FKNMTC1/hNca2o2anzPZFqS+1x4OcxH8ygKn2oZFcejKt4ulm6NvgcDp8Led7EUH88JQ2xkb+L4kWRNiksKPvUKsyZYBUBHBrDq9Mo8CcXnstd3YJ2xdnmpSpOJMKsINVzuYcR2op9Nk8DMZGZeNjg==
FKNMTC1/hNca2o2anzPZFqS+1x4OcxH8ygKn2oZFcejKt4ulm6NvgcDp8Led7EUH88JQ2xkb+L4kWRNiksKPvdgoZjQrg+T+hJO5u/fGvnw5/C/E79snCawzchxSeZup
FKNMTC1/hNca2o2anzPZFgG//rRNFkiwQVrEkI3jJi+nkbUUcTBI4DgjUXNXr9sl+R1tyVV9qDJdhJtf5MRbLwEbFYSDoOk6LxGczL08FjEb/rKXqNCP9aXsThsuxgcsxwQw3jTqA8YrARguaZ0tVA==
FKNMTC1/hNca2o2anzPZFgG//rRNFkiwQVrEkI3jJi9FIGtgeHyu+1JppZrclPpb8i7JN23o82OKCdTRDMxFCkWvbVfjzsLEoVxikz2WUN9XMjFQsZzr4l+zfIQAj9Ht
FKNMTC1/hNca2o2anzPZFgG//rRNFkiwQVrEkI3jJi9U8MSMrVobq5PVGEb5Ic/1Mx0cR1I9CnkfTUO0LUtNzyeALLbbJ+vVk/TxutRjIp0u7nLnabNGOsK898h3H8jT
FKNMTC1/hNca2o2anzPZFgG//rRNFkiwQVrEkI3jJi9U8MSMrVobq5PVGEb5Ic/1Mx0cR1I9CnkfTUO0LUtNzxdzl65wkeCkscggC72fl0BRBROryQ7/hPRfLihzpp6d
FKNMTC1/hNca2o2anzPZFgG//rRNFkiwQVrEkI3jJi8mey7DmBt8ssQFEfsZoyPkEkoHOTl0E9QAWHP/45KLpM1ho/8lKDLTgGz8Cndv4gt2DYK0WSAOcQSaua3flztjSUVeznWQb7vE5R90SObimw==
d6AiaTYilyyYr3PisWBQoOIig4kvulpmF31dRGyckDa5/uSbSGmdl7dn8lo1IniauhraQBS/R5D0zuf1jsL7YJm5PzHJBViLqfOtkHhPoRYzu90Tja75W8jV1Ceg3/rI2pdYYEhdrAInxs7UliXuR6P55Plzj5Sz27OGdNs2PYo=
d6AiaTYilyyYr3PisWBQoOIig4kvulpmF31dRGyckDZHdL2e0NVfDKkfwYwY41UCJRpsMSxYdSZwi6i17Kk9POykndKjaPcQiFSdIndVqGoyHQEqmbZ9k65jkEX8ninmazBm1AaFoxC8UoaCFdqclQ/5VAmUkzGmC0XNKFTFvYo=
6cNt8eTgC17GSVOmGWnNoVX7fgAn1PsX/g79GbZsxjzmltp9ktXjHVj1muqYAwshlXAi0CUr8E+UkDSHYKwchw==
pnWEWTR0c5BswtOjQipKZFXJ2t8ne4ixqcRAqSzpviyLB/Ch9zLmwHe/UPdDKBnD+vG1Uwkl26+6stZhooKhJfN6GLjvw/uB/3OaINYw64Z4VG8Tx4mSmHPa3n01AP5O
FKNMTC1/hNca2o2anzPZFlNp1ecd3rYl59IVzK74rq3dXwc7x8FdICFxA4juNuTN8Zb57Yw6J8bNjiyWs9fJsEe2x3OMLKYoFTZocqcHc8yy+vE5EbaFNDaRporjE/BluBVUlnIZkTKM1+Y39rXqqQ==
FKNMTC1/hNca2o2anzPZFlNp1ecd3rYl59IVzK74rq1puyvp7V960i1GSIQ56CINcUdODVO411GfrwKD4EB4fhCqRza4d573R55g11AWNzVak2NjuJDScgAA1JwrNW9f
FKNMTC1/hNca2o2anzPZFlNp1ecd3rYl59IVzK74rq1puyvp7V960i1GSIQ56CINcUdODVO411GfrwKD4EB4fuQTyp5GwLWSZeMn902uK4OqIA/OK9eLfCM6bct6/vp/
FKNMTC1/hNca2o2anzPZFlNp1ecd3rYl59IVzK74rq1CEgHcIrXh4x2ki3F2sTzEE7Oi5YaNFNS9x9MeFv4TOqlWLAXI3zEXu7dqA50EvcoAYQviK9F5oJ795mhBpm797PtV58WA9tZAHkC70arIcw==
FKNMTC1/hNca2o2anzPZFlNp1ecd3rYl59IVzK74rq2C3COeYsX2Oly4KMOiU8BmMW61GML7cdkDmTabHH7bJ8jfLsywFo8s0IF/L2LC6Injsm7Tn6+nCQLdEksqd90e
FKNMTC1/hNca2o2anzPZFlNp1ecd3rYl59IVzK74rq2rAchQukVju+PWYALlvX1cL/XqgOwYrVYFOoDpTQBZTUQcK9HDh0zQU+h1autYly5cgLRfo5YH+gjJIikdfIDIUdNo3qMUWe2sIlm6t1c+ao9Or5Mz6ktFgBDSgBZ/t13IWUazJ6kDu9OYpsXVPRWQgyqYQxSMEQHPf5piTCj3Tp2nOLWS/cBIRDjH+V9HBjcUok35MJYThjiQ4LWqMgenR6awoxWveStwbsZNqLuiScvbVZURq37J7/i1qfFivx6Wt86J60pgd36bLuAJuruBYX+ZG+NFEmkU+I/iwU0Cs9WGTSiqaGh+7JLPz7EfhvKrhntkZ3D/ihSiVniLAo8lDEWc6sSH8JX8ez+uwqRbIg==
d6AiaTYilyyYr3PisWBQoOIig4kvulpmF31dRGyckDaoGOWc2MB9I3lSstV0ujbZOyZ1UbIjSaNGM6dHk6O2r3BpEsC1pbhp+huecwlbR3VCt0vUry3EOUmytydZgWnDEbioCpd9nbxUmH9HC07C1YaVUry57KnzZTRcLWFN/ak=
d6AiaTYilyyYr3PisWBQoOIig4kvulpmF31dRGyckDae8fkd+lqfhBFxI0Wtbw/mYHnvN4MPUzLQrQrzrjGug6og/lmr71Q3NOz1hyXHAJRdLBd0dg0Si5Fuz3UthgttJwCgknO4HIwW+xs4TWW0Zmlvrwaj44mDyAHymXDbnl4=
d6AiaTYilyyYr3PisWBQoOIig4kvulpmF31dRGyckDb4Pdgtd+3DBNr3YQlbLBkgPmrHJrtG5ftyioguFNdbGoM47VZMeFdmBKvkvykJJ9+XTvidZabVlr1YN24Xy1N/kanGWpybLkzivncN4bLvzKsFpT2I6Kq3Ym7Ie8UvqI8=
d6AiaTYilyyYr3PisWBQoOIig4kvulpmF31dRGyckDaaPUd8KVkKUSSmF+GaV7u+FSkXnwAGO2iI5TmvArZFKnEjez8K/Yp+GAMkEaF6h2J1kthJtWDoEG+SV7v6E2pskblMcVsZJR1kmez1uqBAVDuar5AEOpJ2FMa42mT1ffs=
6cNt8eTgC17GSVOmGWnNoVX7fgAn1PsX/g79GbZsxjxFOW/kMFFN1LmXk5BPCdobPxJ3XWs7bteyWRK48EnppQhpwc6HXZAvmFIpNTC0bxv8KbtXtErw0xjkHVInd5OB
FKNMTC1/hNca2o2anzPZFlNp1ecd3rYl59IVzK74rq0qjVB/AMf5VngH6x5UAIkMo4WCnq/JHgDnZj7rHecFc+YRdVy7Ao1as1EsT5Ifb4YuwBPypfFMVdMm/aYVCRo84NY4SS8sGpVarWjqPdZZnA==
FKNMTC1/hNca2o2anzPZFlNp1ecd3rYl59IVzK74rq0qjVB/AMf5VngH6x5UAIkMo4WCnq/JHgDnZj7rHecFc8irRWaGTF3FwwllOTssj8lUH8eXdae+zM/0K7cPrzwT
FKNMTC1/hNca2o2anzPZFlNp1ecd3rYl59IVzK74rq3F/3aSRq1e8E41mQVSyPnNLZ4FEZgU34xt8IyLlwyvjGet1J4ym1y3H4Zn2sx4gN6fKt0rA5x7e2jEJ5Uly/1gYrByON50E8nlEMLhmeDMfQ==
FKNMTC1/hNca2o2anzPZFlNp1ecd3rYl59IVzK74rq3F/3aSRq1e8E41mQVSyPnNLZ4FEZgU34xt8IyLlwyvjM2MWUr+ZzvlgLzZJHgtU8pELSRwN3nmGdi0kHNLLyj9
d6AiaTYilyyYr3PisWBQoOIig4kvulpmF31dRGyckDaVRIOt6ag31GmvpKg6EqnVW+iq68oZ2eW7KNGjXqiBbDhesQ/UmclA7XV/NltTTtd4CK9jgU70TNBDnVsMa+JT00lxiWjv8hRk8TSFni4OF7HHwDnYla2qirKXOBfwjrU=
6cNt8eTgC17GSVOmGWnNoVX7fgAn1PsX/g79GbZsxjziXaozzIdX24aG1nr8KGEgpQuKsv/Fc0u7kwq9HrGORQ==
pnWEWTR0c5BswtOjQipKZKSDSdqKq+xL5KLv5JBMQWlOTbLCa39eQuxs/fbzmoKoISH2zwNdIWIpIjVyVih4G818jNVjYjLmUeA0iul/n0rheBfEfW82m8RLYvTX5shs
FKNMTC1/hNca2o2anzPZFlNp1ecd3rYl59IVzK74rq0Lw5uIHMycC4gjjdOdV0uoHfkwKHWWFF8WysjKtnZfMZwUbt+3+KG+a0IT/ddyelhsGAXmoUyUQ+ZTPYw/lk6tDPNFGmjfgg7RntX8uT2B7w==
FKNMTC1/hNca2o2anzPZFlNp1ecd3rYl59IVzK74rq3ijkPP/68BYI2yKd4Nr9J3F3qlw1GuHJmVklWDKkBMRF4Zrz2aAuApkwcMNVirCdffQydKFDjLZ7IR26nUCg2m
FKNMTC1/hNca2o2anzPZFlNp1ecd3rYl59IVzK74rq3ijkPP/68BYI2yKd4Nr9J3F3qlw1GuHJmVklWDKkBMRAH3JiEOvDayeOfGuJ0/tX4+gQBFOyKQBlMw7+8QFZS0
FKNMTC1/hNca2o2anzPZFlNp1ecd3rYl59IVzK74rq160JebBS1wz4fAhqtqTXwInspXm04QrJZ4hEJZWx/2q9Vgeo6exMjkyeGay1GYAM6Z38h+eL3+UuovZjcFCIBnSAvHuHHDWLnTvlJoLdzt0w==
FKNMTC1/hNca2o2anzPZFlNp1ecd3rYl59IVzK74rq3XEJ0Y5yvCsOvw8H3TIHWqM/fArnz6W8sqL2gGbwmLLqMKAA7jSj4wPXs4jfTv2WqV8ePivdLDKPl/DFlZhpHR
FKNMTC1/hNca2o2anzPZFlNp1ecd3rYl59IVzK74rq3EcqTMJBSXXDCu6EBmg0/Nh/7D4Pza1BHmW+tj402TtDImv3tE3z1VvHGLw93kOo2wcaXhQ3q/+1EMr6SBNzEycar8ADZrfNWT4D/GgaEyZ5/lA9eMxrUkUakLwJsFhkp+ZhY3GYucJB0iYysCsm9Ttz004uhLQHXeaY9cVcyeg+EvLQe8dE+7dUJRld0Vy/LPx1GLEfaeBd5UIeMcwCq68R+yJO+hg3kOoQ4wHbWyVwHijgiiKZ0hg+v3EL7mRMEMYUQ6cL32J3dROl07jon9AiNjhf3xN4PjDJI0g7xP84wb/pETwS4SVq9jK5ZaD925ZlFny7MSX5NVB2VkGhcfOxG7JzzcFMA2UlQ01b6qgQ==
d6AiaTYilyyYr3PisWBQoOIig4kvulpmF31dRGyckDby24St8W3aodDAVEq26xgKFum0BVQ8+X14pYi28W5Hgvir0r5KgTeKivOwFZpQlL+kaYm1gPC8puTM0Amr0+X7DY6elwpmvk5bhoGK1/yTkCyUgC9ewx5c2l/IbbJXFkY=
d6AiaTYilyyYr3PisWBQoOIig4kvulpmF31dRGyckDaSFacYmMGr0hjR9sKFpt5PxgywWmDQTuzUnGF/pzwwEpcMy91RfbAOPQ8WtCMk/QDKKOADkO1h/yC/ASozfXv2abxBFV8oCHaEH6EDciauDC+cXrCJw69cxiEY/8lsFsc=
d6AiaTYilyyYr3PisWBQoOIig4kvulpmF31dRGyckDYhnLkxUd5u9G3ZWoqRP9ElHM67aM5wcyXMlMsb2tff7u/hgMx+FfLtXWs5u5+xlP0XLObp3w6KcuKXqCyd8jp+ljIjPTMTSQ9yKWw+QlJ84FukKOdV+35VX8CRsNdXUbY=
d6AiaTYilyyYr3PisWBQoOIig4kvulpmF31dRGyckDZYBicJiAGHhszuYwExDTVXzSLujlbXDcwAsiAm/EeKtCJ3K5zE3vh4bN5Y9Cq7R+z8LgcalYt1/G7s7b+eG/nx+X/OYRaUyHMNYq6WunU0cY2ZjITfBGtXuDTE5NM1WpY=
6cNt8eTgC17GSVOmGWnNoVX7fgAn1PsX/g79GbZsxjz8uiAQTxiJmMtOYJQUi79Zg81YfKIt5/B7JdKSICtKXuR33oRQNtoeg6x5KR6o2i+PwET+AdiP7IMnfXEo1eYP
FKNMTC1/hNca2o2anzPZFlNp1ecd3rYl59IVzK74rq1Dp7AY1bXjXKrPgJ67xX+FTEwCdy9H2RaUfEGJZe6Hsue+0b8pKmo1sa5Mnmke/7gQulsHDWcWRpd3lowLwXmwzEl4DXgtZ3zePtSyszrrzg==
FKNMTC1/hNca2o2anzPZFlNp1ecd3rYl59IVzK74rq1Dp7AY1bXjXKrPgJ67xX+FTEwCdy9H2RaUfEGJZe6Hsv2rYs/dzUTtmANt9MyOFViLJJ4fNAvLkqMngpgHkhvA
FKNMTC1/hNca2o2anzPZFlNp1ecd3rYl59IVzK74rq04/um/eBTOX0JZut9Aisz4lhETuBJbpAjbv3M2X2dfnNmUhoxgAIdEmGDP2yBiqx2z2m3lqbMWFtLanuwGjj1VZnafoBSAj9KWIpoak+GA9A==
FKNMTC1/hNca2o2anzPZFlNp1ecd3rYl59IVzK74rq04/um/eBTOX0JZut9Aisz4lhETuBJbpAjbv3M2X2dfnMVPVHPksi984Wltw3Db5KaIyPnU4tfDZI6vBLxAtMOf
d6AiaTYilyyYr3PisWBQoOIig4kvulpmF31dRGyckDaTlhXudOLte1ZIY4wxVF4utcLNF/ku6kzSUzCvX3aX8JN3jwwGAK82ncFucVd7E4Oq6Vs6BP3bsBUNQ+mOfKtpdEFZpySRTMrhPRocSKYkQ/hsETcoS8jKUPv5xWufWDk=
d6AiaTYilyyYr3PisWBQoOIig4kvulpmF31dRGyckDbmM4MmpKwgG3nLs8PyT2qnUPIzHfDfeQZjF1PpHsuIghGdm12mfj7agSLwdh9C4iBS4vsgBBbNzAUI408jisOmEqZbvRX0ic9laq1fWJnG1oSv8dr5peqa4vFOrr2T8+0=
6cNt8eTgC17GSVOmGWnNoVX7fgAn1PsX/g79GbZsxjzXjLj6AYq9muAbdqlvkP7viG1ciuJzATmUSx/8XUS8/w==
pnWEWTR0c5BswtOjQipKZGUNJEB8oHQ027nUk1Vl/wTVQ2KdabVdHw5nzhUUyiISCFgVJEZ0kQaMxBY1U2ZjKh2YHBliIhX5tq+tII4Pj1qKugFfiJZkiNuNjE82D8QL
FKNMTC1/hNca2o2anzPZFoxXCscKt/5Sb8CLu0UcDiq3xojaCbMI82FpeclrjoWNqQgcmJRONW+Smasow9OsfOQcImBjOp2UTLRQ9WAasK7BmFX81IidjRjd+Yu5KZr1GVd+ypGNQOrS6nUywnX2bA==
FKNMTC1/hNca2o2anzPZFoxXCscKt/5Sb8CLu0UcDiqGHEf8zYcn3GE7gdeZ+pSvM01RFXVRuigZ/Dvwn0jj2UZbW4Ql3HT7rXs5/wkJ3qKNkHkPjOz+q50M3tHgRNNc
FKNMTC1/hNca2o2anzPZFoxXCscKt/5Sb8CLu0UcDioOhw4hpoWFJ/eD/3WJLqgYSdD7H07RPCaxDKMNLWUid1x0Der3jJiV/IicabRmnlF9GFXGVDtoIxOvLd2R6beGrVt+P8q75uOLVnhyIv0n8w==
FKNMTC1/hNca2o2anzPZFoxXCscKt/5Sb8CLu0UcDiqNS9vmQCu2YkHKyX2LSRY7p6b/jcbnp7Bv2c3ybE+kuplTi3D2yU8PSjKGdtahdPTjGqhxWehnxJgZqxvTt9xO
FKNMTC1/hNca2o2anzPZFoxXCscKt/5Sb8CLu0UcDiofBC0vnRDi80z9s9STVUYPlhqP9BnuSPrK1HHksA9H8nbiNWUQziQyKyBO0twhaONT9y/JoQT7Jrd9YwWQ4Lawf/SH9T37alAN6qI5dg6wVG2PBns2SlyfjLX5nEh5Pn6LFOaFd6cUoAuDTBiwd2UOk2exje9u7IPihSwqLrOerWmoNl90e/0JsGJ4NxORT+ywqwPnU5MOA7Ko94Zs3Q06qWu07v9zrbD1t9Hd/veilLtfTeI7tbDT/zxqs0t1UhbjTF0uciUcZc57z0nzM/KTkQaPgrpX6COvqHqSRoybDeMML1QedKVznxFhxDoL8ciJVu045f1xEGkz6DTkn5C2BCsl0fd0cN5Onp+gW9RWsw==
d6AiaTYilyyYr3PisWBQoOIig4kvulpmF31dRGyckDaO1CaiC6wtNJpI/WNr0mjVquRIyJoX1Ved+JMbvRMFMw1x/3nX9LHJ62ZyKziXTsnea7o6G7QQv6yMTUx87qG09Zi1Ka2SO9aDcXvDY9OiVhQfzkgPcBoqqGQS76w3ONU=
d6AiaTYilyyYr3PisWBQoOIig4kvulpmF31dRGyckDb7MGCDMiZXqMawDJmLI/Ovni1PYvTqCHB/sFIfXAP1Mu12C/86MMxDDRQ7UTiWlq+kpEuF5ehjD5M10f71aGKAZugMGqwcP96esxc0jOXVWNiPoIS842xagn53ci1jlQk=
d6AiaTYilyyYr3PisWBQoOIig4kvulpmF31dRGyckDZClQy3lEWWo7aUkUIUdSGBoqaEuqAg80jhc4+ObCKLXV8St1sFPpoKdE/yoiLs82pRVWU6UsB1sw39KMmgI9ifP1dMTBajN8cqTawJWHjX8/VRjKCbSylKy+Pug4JgF0I=
d6AiaTYilyyYr3PisWBQoOIig4kvulpmF31dRGyckDYv4BxeW4ROHfl/WaG69VsXAOzRwyUTRNBaanzaB0ysMaBG2lgsRxX/FBxU/vfcvDF9FdqzhgUNcVK5EB+7N4uXL7SLGbBGllkwkFwjlBnKo34B2TH5kxvy2mjF6piAv08=
6cNt8eTgC17GSVOmGWnNoVX7fgAn1PsX/g79GbZsxjyuZPzGBH5aSlkL6pUymQbgB+fGYWXQIzHm1KbdUGcLJu3We7Q3XDdM7cNhXt4pwsaoZTl0DjGI4OJIBqC65js5
d6AiaTYilyyYr3PisWBQoOIig4kvulpmF31dRGyckDZkGHgZecHgow27Vy46VuUguBrfevEWNkW7QcxqU2twAwawlM5J5RodbCXs2o2uux2CsIeiXpMeVtOgbxPHp9249Ubm9NZcwIlwDUymBR5Pw5D+arBQghJem4jbeSYucv8=
d6AiaTYilyyYr3PisWBQoOIig4kvulpmF31dRGyckDaNX9/TYfDYQtTQUmUIovqQo41wMKW0hBLPbVv63jCyzDrcXVQoayAv3wv+Cjzxlcj5sXUddzuYTHCVA6st44E5TfSxfvErZ+HuEenTeXneAKcvQLr1tiu59yeW7epTDy0=
d6AiaTYilyyYr3PisWBQoP2h9Xf7DglMlNBVQ9AknKK0NrDrDqeL2ZcXCXrpkL1JDqqgDGqQ3BzeCi3+rjmlKzZ0fJx+2JALcHrQ+Atx6uBvHT2pTpPLfsqGCRR1aNz2BGfkF1UY8jtND8u6A45sqzH2toKs40IVcDfIX2TK+88=
d6AiaTYilyyYr3PisWBQoP2h9Xf7DglMlNBVQ9AknKLaC1o9rbB//s34EVGFGcQtWOxKT1sC5SXjhwAoxoJjoMjEge2VSrevS0As4yO2y20BDo4qdQIi5ziE8vtymras/CCAe9Bw/4IEPULV4IgK3rTgm3f3dmCjqBw69gTsFYQ=
6cNt8eTgC17GSVOmGWnNoVX7fgAn1PsX/g79GbZsxjxodgnR9MOON4Ne3ynfSe1eB8QoHl4gLOMka4KrXf2BCVAcE56hRO0OJHxB6b0bUkiv7ouyj9l1c+Ink4lkzgNi
FKNMTC1/hNca2o2anzPZFry/XyjayfVHbLg2quT9JjVOOpR9iMsg885CIwhETQ8AZ9aaoPzImtub4lFz+siPoLZDCJbv903upQRFgk4wgifc/02jfZFq/SoFgU9Yp01f
FKNMTC1/hNca2o2anzPZFry/XyjayfVHbLg2quT9JjUmin6+9Ca8u21z5dDijCZ9t0rxTdCDvc4MsW0KFrgm+M3MCEF7fp6XN6VHFeAU+6zKlcOzuunHYYa9MnYsiwFg+TNyDDwK1lQPXo8cD7oRVg==
FKNMTC1/hNca2o2anzPZFry/XyjayfVHbLg2quT9JjUmin6+9Ca8u21z5dDijCZ9t0rxTdCDvc4MsW0KFrgm+FVyEJhTvGVw2ZzWoT+5G9qJAEpw9gHfHaOFk1D/JZSQ
FKNMTC1/hNca2o2anzPZFry/XyjayfVHbLg2quT9JjX4FDCkIz8r6T3IvW+04Ajjbp7Rm5+o6dRb3KZk/ShDG3DI6qUddR250dFa528S0sfikkX90Qwv2zfPGrxwmWKN
FKNMTC1/hNca2o2anzPZFry/XyjayfVHbLg2quT9JjX4FDCkIz8r6T3IvW+04Ajjbp7Rm5+o6dRb3KZk/ShDG4f4nwQPay+TCuyFKFIhHsnzv+gufBcpYg/IzjOtzetW
FKNMTC1/hNca2o2anzPZFry/XyjayfVHbLg2quT9JjXKslZqBy4wknxhPRvOTQ6ByiPApv6CrSTZxQpuEYg9iBKovv2RTKDKILBCNpZiJW06co5uBp25aeue+WRAkOHPAD1bA2MAieWvdL5Fh/F0yQ==
FKNMTC1/hNca2o2anzPZFry/XyjayfVHbLg2quT9JjVUmmwgJM1v+q52ZHFnyHSz4YwgBIJBEH2mgbohroeHZDWgzizigt9U5hhJGxZeDrYBNJqhRmLF1NP0m8FZx5NI
FKNMTC1/hNca2o2anzPZFry/XyjayfVHbLg2quT9JjVUmmwgJM1v+q52ZHFnyHSz4YwgBIJBEH2mgbohroeHZBXRUAUk1RPjFD/80CoNQITGdipAsJsoTemJBOdCrDAa
FKNMTC1/hNca2o2anzPZFry/XyjayfVHbLg2quT9JjVGefTUyYotYZBikyGAin9Bi7uCLdFrxl8Q9J0lV3x3hTOgwgNSD4wxaKOGddwvKwkV1kD8Cs6zYntKQg7ztTdaMh2s7IJbyfKuzIqO+f0scQ==
d6AiaTYilyyYr3PisWBQoPdM2kxQZcg6BqzepvQJC3OcAppexzcPmlKzvS7shXHaYFTlJdriwnq6dK4QU+c6RX7R213HoBgAXyvc13+B81MvMsbng6GeiRxYcidunDkuw+yCTEZ4ImSqFiCVGJYSafSZEs42dBkLPcudg/zw24s=
d6AiaTYilyyYr3PisWBQoPdM2kxQZcg6BqzepvQJC3NVgtnexaJ0HG0kNeVM6FJY31E9tSKTDj+Bl10wSaZA3bBmQcWdfxzbwtJp5fVIsxpwpwIqVVhMo+xR3qmq896t5efKXeNFXU46UgA+mTw+S0tMXxzAMCklUyM8YJAbH/Y=
d6AiaTYilyyYr3PisWBQoPdM2kxQZcg6BqzepvQJC3M+XHGGs7+F+qkriuOo3NhZ+/u07tOLBpstdWHBSWJva41/aekmqmNXSbRwVIYRHqgI61G9bKh4FFW3Mh3kXiNlGKCELkwq+Rj9a+7fzaP9gsEBtLG4NRjlLS3CLSS13TY=
d6AiaTYilyyYr3PisWBQoPdM2kxQZcg6BqzepvQJC3PQl+7TR4KTAgmI8Qgn9on4Xc7lTHboLDghysOSqgTn1nNn8ZoilIO6KdLi60bbvNplKMq9hdrciqhOkDmJsUbbvrKW2XXoiINeoR9rP5uYxendNCZ7+oV8M9wOwI7y1es=
6cNt8eTgC17GSVOmGWnNoVX7fgAn1PsX/g79GbZsxjzQWdd6gNOyQON8MQmRyiqt8jyJiIghS4/IpXEVYwmy+EgR6RJ3NhVr6wZFMYgpmp9NJc/Gvkp80YvtYUu2CkUg
FKNMTC1/hNca2o2anzPZFry/XyjayfVHbLg2quT9JjVszwAccbo8iLVbpPfmn90wdFTSQjRZI8mkLYFxVS/M9O1WxfodkMGIXN8UW8R2/vfhDLxGNszi0dmWfbVRuY1g5D4nDNPkWJYyHTbn/H3UxA==
FKNMTC1/hNca2o2anzPZFry/XyjayfVHbLg2quT9JjUw8z51yhSws3pUjSbIhkLeega7YgEO8MoIpr4+L9PZJYfC+JqQg6hvGW32rGDpiQuumyXM5FnoNEv7utU2v88X
FKNMTC1/hNca2o2anzPZFry/XyjayfVHbLg2quT9JjUw8z51yhSws3pUjSbIhkLeega7YgEO8MoIpr4+L9PZJe8+yzhRTTXciwl7/4hQUMcbLAdCsgyKrcu9kz6MdOv6
