GmcONIA9PFzHw1gpPLLPoqev3ytAH5KO3S/CJpMsylg=
35kyjVfwBJgytCi6KM5Vug==
FNt9orFfFSbPIXNSbXcP2Q==
gE2g7VQeqq0h5MkG44fPUw==
ExPkcbYFeYs2lHSAMsaJBjIbQm7FWZ8YCSkKK1z2aPs=
cwgQW1UgxyVfBeSrdwXHsPE1eoSAri+NViVSjTYe4hg=
pYn3RyiaY4vz2unSybTHuw==
mAzeFbkWBGyzJRgEWJSZYQNn44wFaguEUnqkvHVinQw=
NiGef/LGs6v8Em6sqLz1GYGKB0111uCW/TAqgkiW0+w=
2lfNnhNY+w/3xMaMUxJbE0YFT/wvMlSDz8Vrd5FEs18=
6cNt8eTgC17GSVOmGWnNoVX7fgAn1PsX/g79GbZsxjwVbwK7RLaoTzVueIZb6l5MswlyzkydI+VwitqECsDZqQ==
pnWEWTR0c5BswtOjQipKZNMiLHPTbPs/hSGC293p3gstm8fvGUUvoMbAHCgDFixLgls8puYNfhnq/WHSm5sapEc+j7ODkn1Ab1A2rePpGb4tp5uSwlMPdTdVLTe1SG7F
FKNMTC1/hNca2o2anzPZFki3yHMcw9hcvPxZvDIrJHqQMuNxgLuTBqwkB2Kw+8hx8svGD/cGTYtccWPLTPkN+1zORD6kdVTW0tTWugc6cBXIq6P1IodqmGx8J+8YNF3nAQAHS47iobMgNH8mIp9oVA==
FKNMTC1/hNca2o2anzPZFki3yHMcw9hcvPxZvDIrJHoXkBIS2v8f9KH42KjJ9gTFMpQ2WS7T7JvSyS25FFnmLPIVUdnibC3uwvekg5Tf+NwyVPWXza9E1d5B/YADbQNC
FKNMTC1/hNca2o2anzPZFki3yHMcw9hcvPxZvDIrJHo1wTQ1NrnPyBA21Wc+2XXa/Cxd3sNhw55TfKEgjTFyfS7QvWekvsltCmPWIt6W5KXDjovmJ4z4aBiioWH5M5H5CHXcXWD+eQzieGYU8oGWBA==
FKNMTC1/hNca2o2anzPZFki3yHMcw9hcvPxZvDIrJHpu2pHoy3WWflPicNZR5xg23XLr/J8xRzvd7REGkqniNqWfcw45oXcx2ymjyolgNQZusyzuvKe5k3WISQ5wqWMi
FKNMTC1/hNca2o2anzPZFki3yHMcw9hcvPxZvDIrJHqr/rSk6MR0VuKiLo2VVq/TcwdOxMx3igCXnDkyJ4ATbxFj0j7Yyv+ZZY3By9KFRQXIuluFbi36p2doKr2sTMqO6/xm8sidod0B6N87Lm3pd0Pj9YF2vLQDhzhCxvlJWGdke+FjgTt5J5r/SnBKnbxzS0Ktc3P/McVFTbiApA94F9vXQy/2O0igtTsGebt4sboGBUUYG8uRdIdSN5hI6tbqhQZ9Oxxs+ORxJY00hd9BbeMl7pQVqSQrA8bcfoiBWag6/qvlzRl6i8H8L8Pbjn2OFREXmFvHvlHvVo0AYNnWPmGTBMoseJ2k5c3U2z+K4TqlF+g/B+kfm4VpFgQkRpi9JWs2R92z1x/CZeTyc9fsxw==
d6AiaTYilyyYr3PisWBQoP2h9Xf7DglMlNBVQ9AknKJ2wEsWcCnsLhY5krxbKCHQS/H76T2PIRq/GnEQUv9AL49imejjGxcvFfERU3+vtf7+qg/BT6Plxaxqk1StT8cmYg9FyAAFkFEm0p15ugeVdVHvI8veNeZQ0v18Y5L2b+E=
d6AiaTYilyyYr3PisWBQoP2h9Xf7DglMlNBVQ9AknKKuKUWpOjLdBd9Mk0GtknUasLzZpnzEj9cHZ2kx48KhvcJdc60951GGJ5ZzXgFe1C8mgAHEzkf8NzRRA35JqFlOQ47vNWRaCj+bhvZShUEWjre8CKdAIORwXEwbSyCovqo=
d6AiaTYilyyYr3PisWBQoP2h9Xf7DglMlNBVQ9AknKLpK9Wkpv4NyWux1kdR5/SY850wcNcKwqbUfHFGMztduhfYp2swdS+Ndz9YZt7l0Z6FZH2yCEOZufBms9q/rnqLRcvIuw+eWVARcmlQfC4SColuVuPnB4kfkvSBXfqiTCc=
d6AiaTYilyyYr3PisWBQoP2h9Xf7DglMlNBVQ9AknKIUxYH4l7XiDr+xzWyN4v+1feQRPR/M7JGEiH+4OBCKihuwUbMlrrr34VIBTHDiwyp1Qib4kwAAs6zv/R7P4Rw1rgRnD5zJ/ETnsn9gWwCf348U8xNRQ7mBXjDTuyMcApk=
6cNt8eTgC17GSVOmGWnNoVX7fgAn1PsX/g79GbZsxjz54kjXty/j3EbFTxjqB3IBnTYOFjqo7SX3bGnpzcZ4+QSnFpmkiHaPc4SXullTNosnRCL7srQot6QSJDr49bjq
FKNMTC1/hNca2o2anzPZFki3yHMcw9hcvPxZvDIrJHrsG3AmGwFbTWCoaAXzuI9OCERwbsZWViJ2yM90Dq7kh6kesl6+0kWFFzi4E3OdMSH0xdVnV/Lo/Fz5hACn4cJ8
FKNMTC1/hNca2o2anzPZFki3yHMcw9hcvPxZvDIrJHpJO3hK6DE7D2t2DENPvl+gs8M5fbtU8rKIr3cOBDEyYKzRmcgX/pezhvjKpH2gxUjBYHZquZ9SmXCe4UrYsFSPqCru9ngdi1wGnIP2WLKNeA==
FKNMTC1/hNca2o2anzPZFki3yHMcw9hcvPxZvDIrJHpJO3hK6DE7D2t2DENPvl+gs8M5fbtU8rKIr3cOBDEyYCVuIA7lDrT3jW7cUkp/MUvh6mZ7/fhiLCcOA+Ri1XKV
FKNMTC1/hNca2o2anzPZFki3yHMcw9hcvPxZvDIrJHomAAJLeVCtRiAfR6khV2C0S0Et/TEYWsiedhsjoqKZqLALwFekkxaeNmZc0zxyaSGmdkNkZPVFXrT7iBq7jl95Flw1XhdUEOfpcynUIF6QYg==
FKNMTC1/hNca2o2anzPZFki3yHMcw9hcvPxZvDIrJHoteMJIGkXmZVUFLBh9jeG8osz3WQ/WuTXRE96TRSxUq3x3x6kJW+DWUbBI5pgHG5YZrIHZoigNB/AUKf12xiWT
FKNMTC1/hNca2o2anzPZFpnWL3qMbncjuAwmL6mBpPn+pegNqAWVg/MH+Y4s4NIZpku/20Nly6EeQUHbpwmtju/KXtXCBo3ypvyYpxk2jLjqGJvF+cAklE/+BjOTsqfT2Zv23SdoRqyMQyUuzna8zA==
FKNMTC1/hNca2o2anzPZFpnWL3qMbncjuAwmL6mBpPn+pegNqAWVg/MH+Y4s4NIZpku/20Nly6EeQUHbpwmtjlPsTbg0GZkdh5U36U//Z8BkvIwfv1HMQvM7O7KCMib2
d6AiaTYilyyYr3PisWBQoP2h9Xf7DglMlNBVQ9AknKJQRZJSpHAVXz0JOzl5yDVelUFIYzvUJTrOkfEKZN/9/xAsjW79py5oKUEF9d3oJcxvrVzm8DxZo9GueKdIP8kCF/Ye6eykL+a9iVMonUduqQ6WaPJSb5j1t/8p/nDCjsU=
d6AiaTYilyyYr3PisWBQoP2h9Xf7DglMlNBVQ9AknKL7sH5Jl/cJpzdaTwGfxILW8hopySvSHsOmJMtPqjxT+X+HW+prFgXvr9h0qhlZ3yGLBKJcag7zQYagyK8XdITTskijAfQBDuArSQ18I/YRS27ORozEVm+Om4RWxG0y/0o=
6cNt8eTgC17GSVOmGWnNoVX7fgAn1PsX/g79GbZsxjzLfgroV5jhTgN7+73/P6LN8+mZbfDHgzL444TK4d4VBg==
pnWEWTR0c5BswtOjQipKZJdZWO5xKUci9j1vM76r37p5gyrGQQOTfefgqB34kaorUt+jU2CCEEtjrbC/e3+c7wLgfSMbtGb8m1TZjdBauVy/LxrNFx4GjVNzqVKolOsG
FKNMTC1/hNca2o2anzPZFpnWL3qMbncjuAwmL6mBpPl3IgPD/Gk1BhZCHS3wX9qxumZk282XqCg5sjaCXIzmepHCkFB5HF5+wpuU5RUZrUFzykQVmLE7c0kjx8aCzkQNsv/lgkRDplNVIH0GHOyzsw==
FKNMTC1/hNca2o2anzPZFpnWL3qMbncjuAwmL6mBpPl3IgPD/Gk1BhZCHS3wX9qxumZk282XqCg5sjaCXIzmeoSy2fGvTUcypsqLRdpFMNhdBNmDxoo2UOm7zzr4AYGl
FKNMTC1/hNca2o2anzPZFpnWL3qMbncjuAwmL6mBpPnusHEkwkaTmQnEhBUPn582RhtT4RnW7bUpLcLmxOtiZh4jyKt0SIaLRAjJhARXYTkIUp/62DigK+/RiiVgG/0+sslnbX5/2dnDSuIFEOHh2g==
FKNMTC1/hNca2o2anzPZFpnWL3qMbncjuAwmL6mBpPlqcG8wiUxw8+HOjCD01TEytJL11i8Bw7xHOibmM+fO8mLussJRWjwCaEKmjquYz3LW4AFw0UiqeDPiIR6cn3iJ
FKNMTC1/hNca2o2anzPZFpnWL3qMbncjuAwmL6mBpPkdGEqVG+l2iWaVs0ZKQ9/w6v1yvTJI9dwqm4k6KBtsWTN37s7wBYu+Be5b/AtFSNtYU+TXK/TN63e862nQD0C0bpZL5dv/1oI74obKyNt1Ytcvk49uG011CIDnGFq6Gdk0m4qXcOWtBaQIdSlHGfNScSscQghz41b3YDbfCqsB/TI9WDYIEAZ6wrLAHOgLfc3YjZkLt9XS+0i1AGT24hmnnMOZ9X1nXCOISYs4VtsaZbF+ZcznBtPcRDFMoPCZQnL8q3oQdrGocNUDrGzuX+mp86N+nDx6sRmUaf928xTLH7yYeQbPrLf6tL+OvfQmuarljYrfe1yWfWfxy/81G7yAxY9DKoFdJx60WZgTVMnLow==
d6AiaTYilyyYr3PisWBQoP2h9Xf7DglMlNBVQ9AknKLfo7ehb4YAyBnB7p//83lwOdwSlmX90RGnnYE81DprhQT/VCxDNmHAj5yU88sPGbTPuFW9VzK4hpgc9qEIk3jDzlwfeKxUTurA+n8l4baKhU8g6A9ZvpGzhjjRQq9WdMQ=
d6AiaTYilyyYr3PisWBQoP2h9Xf7DglMlNBVQ9AknKLJ6kyOlbwg8HsSmQb+R5P+BAkZvCdtMJ/Aoow/o01bEfXJkJW8ZFo9UMAXxLrE1PgzsqVqFVvnWmY8SygnZU66ocvUpZSF0pFabEWPzZ1RYsywQyPkxTsJCndGY7RRXVM=
d6AiaTYilyyYr3PisWBQoP2h9Xf7DglMlNBVQ9AknKLvZbbLKhKsGeWem95lM5ZgXjDNEjSxpD8MKGqJftedJqbcOuQyMbnTQpz2ky2V1eoLjRkBiEuXcN7f8FQHMdDPeTNgubyfT9+zNeedNC926ROM4aTux8SVHswJnUJhAUc=
d6AiaTYilyyYr3PisWBQoP2h9Xf7DglMlNBVQ9AknKIEnoFp+xaqzAmNris29UUNzmW3xKpObxODKW/d8V9IiyXun1FQHn7G69iC61zKKV9JRLtCNokUXPURuUglVni6ru2yc9bqxI6mHrSUah9m9tTFKYYTeGTFUI6720dA9fM=
6cNt8eTgC17GSVOmGWnNoVX7fgAn1PsX/g79GbZsxjyO0cIklQw+5/KzTFUvQ0ZnDLzdJK4PIiw3MTKWbJmm/SZIMhpiPrmSWu/JaQo93BZloCUHlpzZgYFxqP3NTUm4
FKNMTC1/hNca2o2anzPZFpnWL3qMbncjuAwmL6mBpPkQq2qR55/czg+k9C3GgTcMV2V8LkDdjPfadSVe1ybTmMU7iPPwOi/7CyChisj2qn4RpRO67zll+SCEgAma87ao
FKNMTC1/hNca2o2anzPZFpnWL3qMbncjuAwmL6mBpPkhjfo0czWWOeYKQVGUM9knNBnEPdBwv9Le3KDu7jgJZ7/p2v2BwKR5kwMrGw3qSFbrIytr10XIVrOqMWItA7D82jOO+HAlSD7ieN/je3L0Eg==
FKNMTC1/hNca2o2anzPZFpnWL3qMbncjuAwmL6mBpPkhjfo0czWWOeYKQVGUM9knNBnEPdBwv9Le3KDu7jgJZxDXSmQbBvsL4RkknsipbEA5reR5uvbymGGKbshTWBCV
FKNMTC1/hNca2o2anzPZFpnWL3qMbncjuAwmL6mBpPkfUcNJENwyKMg4DI6CR76buIIdbXrw7FyM5R6LNNulrwR9oXZ/c8jb2+j1CILztgukwe+ojGuzR3IqglMdL3xZ7Xd8JSJ+/9IizljXyAo9Rw==
FKNMTC1/hNca2o2anzPZFpnWL3qMbncjuAwmL6mBpPkfUcNJENwyKMg4DI6CR76buIIdbXrw7FyM5R6LNNulrwS38i2kU+0vIuA4F9Xbl2mqWrH7u4oXdbU1I9EK8Yl3
FKNMTC1/hNca2o2anzPZFpnWL3qMbncjuAwmL6mBpPmkryQYgokZbuGTYg6nIZW6kARftXhAO3ZOISbyzgRFb9yedI2mAOHfBUu4FmPryB26JijNgFU+POH24kTExVxeB965EWlw20oHxIutXd8ZbA==
FKNMTC1/hNca2o2anzPZFpnWL3qMbncjuAwmL6mBpPl785gu9a9M181hC5bv/yXkQTkIHNSvRDCDl7CraUmzcuobomrAQ94EaenX32FYBefPyBWEc0ORbj0zBEYLo2gJ
d6AiaTYilyyYr3PisWBQoP2h9Xf7DglMlNBVQ9AknKJ0LdIXPeBaheEfEqMMVoYO2vB8yTXoT7Xb72NsCTkVP/pf6YsfIqIgQ8VSQDj9xwwuly7RrnA+IJtP/rNA+Y8/2y/dcGuTlkKRO5grjnZUiNsEmsarUH4l9XiV6wrVo2s=
d6AiaTYilyyYr3PisWBQoP2h9Xf7DglMlNBVQ9AknKJbqXGMFhJPH1dvT6/jBVVYlHhB8gqi1MWhCD/iHyAURHLcw8H48lnfSTr6D5dx0Fub4mDPVjJCeKoNdDEHV0RVUk/Z8yE6rgu+j45x14N6dh6vH4lOR+rjOuO+spRfhV0=
6cNt8eTgC17GSVOmGWnNoVX7fgAn1PsX/g79GbZsxjyCIqRqR+wkEWs4uxOtwYc2hSkF4EkMrbZJ6PNpWJYWOw==
pnWEWTR0c5BswtOjQipKZGT89hZ2le+fcdzvBTkn2/zRAsGoBudXj4AT+fSbnhJL1WNRP1pxVH4JvMGWTKI+yR/V3ukEY8oNdipIxdINFhWxziAdNsntkC7361AxO6P6
FKNMTC1/hNca2o2anzPZFpnWL3qMbncjuAwmL6mBpPmRoKFRlZWOOLpKz/Wvrx0OO6LjbEhUx+zdS+QYdKuY2fy17fGjs1ha8pugSRFXLLSMq82WnGCwtB04+pJD2IZ8Y0dQstcqNvp6k2wiqfMRGA==
FKNMTC1/hNca2o2anzPZFpnWL3qMbncjuAwmL6mBpPmK9UcjLIFadZn5MSzpuLL5TP8dYSbRVyTkNxPLCmPYyAsQ6xq4YMGghdIwpXnJEVe6goTl9hx1frRMSugoPatq
FKNMTC1/hNca2o2anzPZFpnWL3qMbncjuAwmL6mBpPn+RxcVWerl6tG1yZb/40w734r0S6CgYNcj62y0W2gaHQK0IsF0Dr4+qvQJt5Q9JU+zG86QTQH56njQrRkm3A8/wyawf+q0mNaasa1wBwJTxA==
FKNMTC1/hNca2o2anzPZFpnWL3qMbncjuAwmL6mBpPkBkEJ0qMWfUEn/MH+bB9zQUHnb5htmF0JmvXD3Cetby2hpdth7dCAhlme6uQZcQ4AcUvVqy7Y8gXWdf63NxYyS
FKNMTC1/hNca2o2anzPZFpnWL3qMbncjuAwmL6mBpPniZ+i8gp3oLwvcy/8edJFkOGR8+5wAqm7cwLSsmnsp4B9OufS1fHan8K5JMtgsNeuSIPdmYV+aqJRJpJDuFJbhWT9Gv0gP065QG/tPZA7KJR4hbefkAW4ua6xJ9nOx52qmP0P1U3bSGexrSe/+VtcRFMoujrTMUmO25uuGrCpmItziLEqTHNryvOEvWsYAHlHF7MvnNC/4UzzFcB1k6I5ZyspsOP/C5eiOsKsYTi0N5WpV8qA6qPUJqWdgxTpKjh0nwKmI3ah4Iqk69FXPS6Ua68KyL+zqizrvKae7v8im/rDHw4valwbtmjz5K3mE/W/0K74PSuknKzasjGmeGyh6IonHd32DQeJ/bY2gVy/M8g==
d6AiaTYilyyYr3PisWBQoP2h9Xf7DglMlNBVQ9AknKL4OYplkXXdgEYgdr5hqcHziECMdiFS71Ledy+6/BlWvlF+bjBZ2JvgF2O7HvPH40rQn6mPyUB3NN4QLxFNneEnysVNQJySVmnhzr2O6zfdCptY9TENUPmKSYiDuyOwQR4=
d6AiaTYilyyYr3PisWBQoP2h9Xf7DglMlNBVQ9AknKK+DW0lJvSJgJLMq7kVKlDGyWTHYtf50+jyprwyuhI1IG7pufFx51M9KDiGUxE8RroW2eeuG93OJXb97fAtT/berBwZJpgxk+3Ra9vAbBzVvzPSsapnSETOE0FjbpfnNzg=
d6AiaTYilyyYr3PisWBQoP2h9Xf7DglMlNBVQ9AknKJWYEXVuHaZrw690P0MHHYrZRkXjtWDui7INJhzfDU4KFiJkZRUBFYH3XfKADey5jJ1ZM/iuxN/SjdrLRM02gCrMdi3f9wSz3sAtvVaVPvkuk5WlNfvIxR3eceoQU3bk4E=
d6AiaTYilyyYr3PisWBQoP2h9Xf7DglMlNBVQ9AknKKLmCY9dc9U7tHb60PWfqQKB3F+406sxn+8fYwTD/pP4fPMb6R48wQwDoYBPm3FL90jRsmlxA0zEk9VQpjjnBmb64qMC81j+K30n0QcWbTq1vIijWUIA1IadZhG/3gbhY8=
FKNMTC1/hNca2o2anzPZFpnWL3qMbncjuAwmL6mBpPnkcgNe3MYF4+sC4BzXaBuHF1oXKT3Xao/xAxQjKaSdRXtkJ8IO2UQGqHpiICDuNinqLvnrdaAvfO77we7QwFHf
6cNt8eTgC17GSVOmGWnNoVX7fgAn1PsX/g79GbZsxjw6A8CSgs1NWxaTsgYKk+DGkXeRgMTCuxcwcQPrxAbasDpOems/vNfDjdUR4ZnMiRu5nUgErdXbJXeqBmjPjzCD
FKNMTC1/hNca2o2anzPZFpnWL3qMbncjuAwmL6mBpPljJl1plyXvipX8qFHI9Hk3E6MfVZVEMaCShIOKyCg7Bl5Pq8WBDQVgx5ZA4JZJBPQYosYwFLom3v7hR3sf9k1EiFIkSY4PgSmvdCTTZYypKA==
FKNMTC1/hNca2o2anzPZFpnWL3qMbncjuAwmL6mBpPljJl1plyXvipX8qFHI9Hk3E6MfVZVEMaCShIOKyCg7BtlyCgPz64nig3qDCDw1i+hWtJhDrIAT3NCdSSlOgtY6
d6AiaTYilyyYr3PisWBQoP2h9Xf7DglMlNBVQ9AknKJ7O5zITgvx/jiofzFC7IFGtsu5E96XwPFiCf5YiLrBvGXKtmzZ9IWTieJladU+RWXa64aTs7eRf4tv8iv7myIGWfjm52vJ2/wJqyfGC/YLtBghuym+4lougPGiUz6vS/8=
d6AiaTYilyyYr3PisWBQoP2h9Xf7DglMlNBVQ9AknKIygmEsyTqg6bMgiKYybbDkE8pe1GIf3cf3rC8sf8PhUj6IkSzWYACM7Hu2gZ2Q+ZICO1jMNftMUEo/q9RWAb/lfVSzAQvHKXZeKOrFR4wXYI01BtN+cszJCAcniFqZ12U=
6cNt8eTgC17GSVOmGWnNoVX7fgAn1PsX/g79GbZsxjya7PzRawBKT9zUCmC6Y5aIlXQGhqMdYTdvdW7JzvL/gA==
pnWEWTR0c5BswtOjQipKZGT89hZ2le+fcdzvBTkn2/z3nZv/qtjICumr+2VxDr614SOIsGOo+DQwF2xt1yVigG5MvVvu/9rht2UBcd/wpvL0YyuWjCHWmxt+dEr70EI4
FKNMTC1/hNca2o2anzPZFpnWL3qMbncjuAwmL6mBpPnCa6Nlkm1yht+fX9/BZmAZO97BEhKzHXyGO109xICptt+GmVD7vuK3AZzytG9SLyvrtDxg3E2XXt1sHJGLfOXZ8+rBcuQj2bCNDP+hNO1bTg==
FKNMTC1/hNca2o2anzPZFpnWL3qMbncjuAwmL6mBpPmAxqBj8WeYlansPoYFi1YNViY7ORf/cFpuh62akNNZ8koI+MOsoWv/7ZjXlxfzc9iiWEu2HzQTKaNxkNH7mTv6
FKNMTC1/hNca2o2anzPZFpnWL3qMbncjuAwmL6mBpPmAxqBj8WeYlansPoYFi1YNViY7ORf/cFpuh62akNNZ8vdTYuagz1prwHA184/6/6ERZwuRmt7S0vGJ2z2gbTKx
FKNMTC1/hNca2o2anzPZFpnWL3qMbncjuAwmL6mBpPlpS3ur5zwpAgIQojSBbAJs0ftEPetsU+Lo1MIBxJ+sMdIwxnRVRgicKj2FPxBGZQ49Cp5MU3fbOn8GHjP6z65KUdCq1YT4dW/I4NrpicFxAw==
FKNMTC1/hNca2o2anzPZFpnWL3qMbncjuAwmL6mBpPkeHsJKojHPBranJnmqoQAI3aBOfzEk/6OgxF3sZOj4QREd+t55VDcf0d9IWlgdPmf5KaT/hyjTy2H3U6xwy1AV
FKNMTC1/hNca2o2anzPZFpnWL3qMbncjuAwmL6mBpPlttlXjJ2z/ITw8Um44BxZh/uiC/qBCXJL7DEyI0flAZhsntSG6R+SkaEDo/XPHGAfy0n4B5e1+kO604v6SrMeKe0DT1Q4WXpET8hPiepNVs3Eg9f5TepXuF5q+EQ57/yBOtJpIBlwRh8NPz0YpjAdiLOp8cX1PqwykYKq/IgMyfZEcKQU3fER2d/Kn1fMECxAtA3vduV0D/6YHM9tDK4kZpNcey4G0oLP5xfLamwgMBnCda0lluSA7dGxqtbZChoZyIl+mBiBt0AYcj9Nktk4TgXHb2k7A+hubG+61J/LfEsay0kVjaA1iCyOG104qK9NPARx+lCuzAQPfP7IIlvkKe590up3WgRnr3BIZPU7GdA==
d6AiaTYilyyYr3PisWBQoP2h9Xf7DglMlNBVQ9AknKK1cqMEeUfJctACpyXohVuYXVEQhQrwhE67juDfbfXhVxVkh+5lq8yWrWc1BBQEyKX3CbfKV9kxl3Maojqglddp/NCeAQipMuqWhSMg/WmgypgiJznQ6N/8xwQQuN1S/LA=
d6AiaTYilyyYr3PisWBQoP2h9Xf7DglMlNBVQ9AknKKGwfieLaGCiV+OajCGarfxbOqMH4dOHmA6z0KKmSlz1n9dUiy511HoY+2kMjSMDB9kEDHiYn4AqTAzReIMVuahsALPaKzQUq4s6Fv9a/4tSa1gfITha/zrJ/JQLQlW/tE=
d6AiaTYilyyYr3PisWBQoP2h9Xf7DglMlNBVQ9AknKIR1vnLJArCWztbso3HdNFu/wIYqyYKumB9hspsMR2hoxI89gxPGAQMxkRv1Fd6VaFd4CotXI9jJJ8UNhUnuv3dhLFY92pfITGl3mOo5+tDTSdcDZ1JyQaFk119Hrmf6t0=
d6AiaTYilyyYr3PisWBQoP2h9Xf7DglMlNBVQ9AknKLIpdppzfEsKVZPb/7vzofarcvUC1YDl5F8HGCsojU6HJw6z/rNaYFlQVfHmaXOyafN4hIIXFH0BGCSrdCuSCUuHlmE88JaN4On+QJL0HkReaLKe32pZU6RrcaRhHJIydI=
6cNt8eTgC17GSVOmGWnNoVX7fgAn1PsX/g79GbZsxjztTESUvzHJ03yqdoX+yL/J2hQGDRjVKBE4zvaw4LLMvCOqk4TvyrQm52neMQn7l5GKg3kPoxYjbR2zfSBiA37R
FKNMTC1/hNca2o2anzPZFpnWL3qMbncjuAwmL6mBpPn/umnWK4Xo81h67nak1WHvtKHLSGj7ypulfhTSXWpBGzv/BG93rPr5FgCsAn2WwtDu+uvPMIZuuTiT9cpa/b/XIgYsrKeuyfcmkX60LfTLEg==
FKNMTC1/hNca2o2anzPZFpnWL3qMbncjuAwmL6mBpPn/umnWK4Xo81h67nak1WHvtKHLSGj7ypulfhTSXWpBG1Exy6hLrrvTU4a+TnUg2WaBGWo2wBWnBOjz5BUbzT71
FKNMTC1/hNca2o2anzPZFpnWL3qMbncjuAwmL6mBpPkEo01ZFk/JQWJm1K9xHfrpe9bQPwX6Pd4gJCQ7IOhuirgnPUZMKoVNKt590H7tlDhRPsdUnGwEqCN5YM+nChtdfdQa+zRMewyH1PMdWcqisw==
FKNMTC1/hNca2o2anzPZFpnWL3qMbncjuAwmL6mBpPlKpai1WjJnabPKYQksUi7ktafjY2kJ5sUkt4s0yjbYBSZ9nlsEhgCzxaYMoC0R90ZKI4fgAZ0hSLUp9sDQ2jwi
FKNMTC1/hNca2o2anzPZFpnWL3qMbncjuAwmL6mBpPl/DaPet5OPdADbCuK5CqcuV3bAfVRHUvCs+levI8oXTNtbCPsDz/xYIFsjQt2PiJfr4Ks0PwUHWIAdFonyz0f0OCEVCFp1l8/NYG3oDHB/5A==
FKNMTC1/hNca2o2anzPZFpnWL3qMbncjuAwmL6mBpPlSU3TfC0FLZFrf++lmxhkH79YZGpD1fnz0YuTjFS/PYm/t5U/Nu+wgSmosJv+DnBEjlCEDgZDMAqvIS9pZvRr8
FKNMTC1/hNca2o2anzPZFpnWL3qMbncjuAwmL6mBpPlSU3TfC0FLZFrf++lmxhkH79YZGpD1fnz0YuTjFS/PYlKGfZel1wTK4MJn0y/qooJowIYb6UTFqnyeoRBA9uJr
d6AiaTYilyyYr3PisWBQoP2h9Xf7DglMlNBVQ9AknKIMeLIBisyQcZTwu8P1N2r/j4sOWCHAeHkONlDtKHVqJ7nuhLnuMR7irPWryz0nQqciFDpKZfDdJKLnqcuqLqnCA11nFl+ZQR8ir90sbSbNOImPM193rMnWTKI+cX/221E=
6cNt8eTgC17GSVOmGWnNoVX7fgAn1PsX/g79GbZsxjxxiFEfGRuIm1Dwctj2fBtT50J8xVnRtyPJ1j4J6/1wHA==
pnWEWTR0c5BswtOjQipKZP4hnRlFm4nr5jKchmOh7BQReeKoJLFTHG6g4l3GVQPUuDdXRIJFfs4/QPxA490N3t3UnVGukWEVtlmBR/QXhW5Sdsx2AECcc3i+TspWbHSE
FKNMTC1/hNca2o2anzPZFpnWL3qMbncjuAwmL6mBpPmKGTgmSTqknZd67qtQmjLzrQy+HeSRmK9LecP+mycdniDNwdqI6KyFO676UBdkDiUCvouVeAeI7uuGwXVOthYnvnOepADQBMtYbnjpp5Asog==
FKNMTC1/hNca2o2anzPZFpnWL3qMbncjuAwmL6mBpPmKGTgmSTqknZd67qtQmjLzrQy+HeSRmK9LecP+mycdnnqynAt9uvG+1LzxnAie2NpjRFNV1HqRgb6FEEnCGCZV
FKNMTC1/hNca2o2anzPZFpnWL3qMbncjuAwmL6mBpPmKGTgmSTqknZd67qtQmjLzrQy+HeSRmK9LecP+mycdntrdLReZMpI4fcYq65S9nhbilhviUAy0ihY5xBxnpe6P
FKNMTC1/hNca2o2anzPZFpnWL3qMbncjuAwmL6mBpPkdgAMuERjiahRf0TRI0Py7xptPb2iDGfxHotJULsRa02XY2+JNGTpWO3qYK8//K/8Ly80Pr216xVl27ahMMUmShiix/7qJS6k1FFsstV8CpA==
FKNMTC1/hNca2o2anzPZFpnWL3qMbncjuAwmL6mBpPmt1ScB2MJInRnRLt/sNFMYmvJtC32gP+RPoLsCnMba68lCSXXjJq0XtC2hJEvTgF2jTq8BmTBokwTnlBkAiDHL
FKNMTC1/hNca2o2anzPZFpnWL3qMbncjuAwmL6mBpPnmqoY6xh8mN4Kodm2TFrZ3KW/rFTri91z+DHqEQJWl6Pi/VhIFZGl90hfw1RNaQhOoxMpxamuyMeMWmynrdM2VbNIs1u681l6NloAQZSQiAn5JYrEFlqXFUq9uqvOXSm1FvDDTa0o7l6Or1J/1bRFgJyDbKiJ6+PdlSA8qkOLzc6NhrwjC1OvxnE1LTut9fQ/OagvFO3nlUN0Jsl/XppfGTiYyPK6aGUFUu2swcxL3IteJXhZHkW8jDfFR5/FDAkOcW9HVc1qeoHTw8R+fgXYJfQKHn3Oq763frUWTBtwlL5KxAzuSrEvVLim5tcSCmeqz0E0CcXRzF4d9UtMEuyzyPBN48EJ3/vXfkpTvxiTrBg==
d6AiaTYilyyYr3PisWBQoP2h9Xf7DglMlNBVQ9AknKIYkfwnNQsW81gIU2YHkGaW76AqzgzxTN9eDtxK1K1EizPtlY6GlcuGi3nWKUjwHExgayPDVh7+bB8WePEtG7YTNGpyMEvIFmDGxw1ElsmxHAUGj77XhUUlyzWlXhBcoFE=
d6AiaTYilyyYr3PisWBQoP2h9Xf7DglMlNBVQ9AknKKi2Ni07cEIjlyuyEJkGDXwtUpE57OQ3Sc03Lo9i4y4UlgpUsfki8rpSR+vLwEdfNzL4aHIj1R4ubMznsK2m2jYRdjN/Dfk0kos3HqJ5QbPIkDixuYk6vtnh+m7KXxLGsg=
d6AiaTYilyyYr3PisWBQoP2h9Xf7DglMlNBVQ9AknKLXFFiVNiPybKVycIzDTABg2sSZMGi5WmdkA8X2CfKTIh6Q6fP6bEXauxzbxiRIhUqxyZ03ATvNGoN3AoPsmv5/khy0hz+GdN+8Rx/xbpmz750vSALTbPhw9/0fpDyzxxY=
d6AiaTYilyyYr3PisWBQoP2h9Xf7DglMlNBVQ9AknKKl62HmN1yDEcMyPcXqLNF6uY6bFyTgIV4tGOJ86o+Refm8BBHYp9h8IHN2VMxLpWs7GIIMRgcYe6MWaBzFJhgq8/HNnOrTBnEJdXPKDDUsSnfQxLQOeWhTxK1khTnWYZQ=
6cNt8eTgC17GSVOmGWnNoVX7fgAn1PsX/g79GbZsxjzjFlRzNE/kyvaenOApNAPGKFYn8vwznzsDJoLX/zCEV2swXndsnhsh4WP4+nj+SGXU4qRLGS4iVTZoKsfyzDae
FKNMTC1/hNca2o2anzPZFpnWL3qMbncjuAwmL6mBpPliHUj78iSLA20JryTwwd9NcrlA6TT281TWSIVHShV5xn7vZva+MsxtrapYkwQPDV+w1EeYVfZDlGH0NHSh9h6J0xOgpETRBb69SxNa6pl+Sw==
FKNMTC1/hNca2o2anzPZFpnWL3qMbncjuAwmL6mBpPliHUj78iSLA20JryTwwd9NcrlA6TT281TWSIVHShV5xob5buNaP1Z3hTuYfrCQh/XvxGXmW/RAQsMpjDM1+mH5
FKNMTC1/hNca2o2anzPZFpnWL3qMbncjuAwmL6mBpPnBo+Ijs3+FHIP+DrPMGmG+7sctgdEeItOtnC+iFbp5S+78fESULEEo3+Ky+79W6AqZw3SNhlSwkT2INnSh5D6G7SZxj9s3/xh5j3Rj+b4Slg==
FKNMTC1/hNca2o2anzPZFpnWL3qMbncjuAwmL6mBpPnBo+Ijs3+FHIP+DrPMGmG+7sctgdEeItOtnC+iFbp5S3Grgsbl0imODBPibcfHqEGAp+mN/LE4RPOObgsZZs+N
d6AiaTYilyyYr3PisWBQoP2h9Xf7DglMlNBVQ9AknKIVePdnY4LBqo4mSC9LnXILmMhsfxfLG7D+r9duAFYGMS4dQvOcsgnvi3c9zX0hbi+YXcwmPW/1yLpKlw+NUmiBdoqstfR2C8HqyKJxAEvpHq5+LpACAmnSfC/fhiA6VBU=
d6AiaTYilyyYr3PisWBQoP2h9Xf7DglMlNBVQ9AknKJh5RKxyzh7s028KmGhCWyG1XbPhe0+h1ZBYk9jge9HLsPbUt10dxO1royLsMrP2y/m9SQUgmFs6ggszTldrrdgv8L7G/f+ig7P4W66XJSVW8AbAuAY5s4RllmJ9jkF29Q=
