GmcONIA9PFzHw1gpPLLPoqev3ytAH5KO3S/CJpMsylg=
35kyjVfwBJgytCi6KM5Vug==
FNt9orFfFSbPIXNSbXcP2Q==
gE2g7VQeqq0h5MkG44fPUw==
A4ZCFW7RnVRfEnbtNxUDb8VFIQmzxcIFLuiIjRY2q84=
cwgQW1UgxyVfBeSrdwXHsPE1eoSAri+NViVSjTYe4hg=
pYn3RyiaY4vz2unSybTHuw==
mAzeFbkWBGyzJRgEWJSZYQNn44wFaguEUnqkvHVinQw=
NiGef/LGs6v8Em6sqLz1GYGKB0111uCW/TAqgkiW0+w=
2lfNnhNY+w/3xMaMUxJbE0YFT/wvMlSDz8Vrd5FEs18=
6cNt8eTgC17GSVOmGWnNoVX7fgAn1PsX/g79GbZsxjwaAdlIdLQ9VW/vn+9/eKHD8/dqojMCwLabRaO1BJUz0Q==
pnWEWTR0c5BswtOjQipKZGb+oAtjqY6i5ovel736w76ZPtts/GILMTPTD/ZDrsPjDyYECiHud2mI95oSKN2lkky7CAV4usXhG8Qp/SM0asnjJk3W0VhZxUof0xOo3N66
FKNMTC1/hNca2o2anzPZFr5YrTy3jm48ekQVp0fRu5kkMdtoc6m38NXQgFTa5c2/hMV8Fsa3y/TY1z5jpuaxXYE0gTiXYyKEilrxLZqU9vQ0hkBGMIqeALAD6BUPY6KenpZSYor5Tqcush62S3hfXg==
FKNMTC1/hNca2o2anzPZFr5YrTy3jm48ekQVp0fRu5m4lXZ+c/EgetAsG5bZUIB5FNWr2tIfRNib4u000rkn81Ozq2Iu7kqvEnJ4u3PfQ+XJq2fvmkzJaaawccIDNIV/
FKNMTC1/hNca2o2anzPZFr5YrTy3jm48ekQVp0fRu5k587NGo60+R6nfpZjYKZrYo6+mkFhswhz1ht1j5rHE9NijMlROk9GGkNFKYrqlf4uDiQNXUQ11vyPihHGmuvCPLCvLgarxjMt4QFIHnNdUQA==
FKNMTC1/hNca2o2anzPZFr5YrTy3jm48ekQVp0fRu5m5p5jIVXtYWkuY3OdWR0wuPq8aTmA3l2jQnc5vwv+OKa1strGbhFLmajT2Lie2sn4ZlYeNbBdrcPGCMgBGfX3M
FKNMTC1/hNca2o2anzPZFr5YrTy3jm48ekQVp0fRu5n1ssrFGGm/35Ihv6x7Lcrip76V3RY9ANZXSdKpR7zjRwAMUSxozBy2OOMJ8shUtsLQBRO66DgNN4qTI+oY2zCaSev+SWh3VCKwLIDwLQSCxmHru+fklao0dYjPS3Yb2h5xcY8EUikYXV/TtNzs3ou2LPUNoVlEoxQwmabji0Eqqnvt9CFYrA7qQ61UUQ6LaGzZHIxWyqPbdGvBnBwXjMm8Ag4wolOWjyaXBSW/fIoQJO4TQqSjxUEMMrRbNPRl3zz7BRSr/LCLqUgJ2CLJ6XzUts7XrWTB02HibMokHSOCbsTHOaie2UpErq/9wSPHqQs9ziYnF2gBciFHawasZxIK0X4E0NRC5gdWskBQe9z2pg==
d6AiaTYilyyYr3PisWBQoPdM2kxQZcg6BqzepvQJC3N+T/6xq8UQxmAzlUmVNMM2iWy3LQxskX0myAKa/SoTNdW+QhrqhqS8V5mLpb7TZE1oFkUyOwAj1Iyd5zNbAqJFlMFcBkrv6RrlFKI64FRuAMB3Vp1FVzGZIjB41dqPR3Y=
d6AiaTYilyyYr3PisWBQoPdM2kxQZcg6BqzepvQJC3O+9OMcTgf+O777oAjGd9WXGYXVZDIPYUp6OMnBvoH3/VUIq+wP7sNkaMezdVJioyDhbzVe9K5RnXCr8Fq2EImStUhYH1gi0FqMx3pGNg++JAwFaRai+leUhY8jVDNIFbk=
d6AiaTYilyyYr3PisWBQoPdM2kxQZcg6BqzepvQJC3M/q2ZqtsDDfmoBAy3PArc2tCBQ05iyYKqkDFB77Yx4kVib5HXo7XwyFTOuEUvmAbtWd/lcPldCnSkBWxL1xm7pb107XI7pcTM0JMmolVWmLpr0dqVL4fGxcc3h/cLbVyE=
d6AiaTYilyyYr3PisWBQoPdM2kxQZcg6BqzepvQJC3OTH2jDx/lYHMk/9d20Ixn/JNyAmQCS64Kb6VGfv81D0jzpoN2gVpEUaK+GSy9Mhq63lgxhIWcGLS1YVRoxgttrUNRy/pb5DXB+XlxXVm4X1fBJZtGK9fg2UWBaNRb4+vI=
6cNt8eTgC17GSVOmGWnNoVX7fgAn1PsX/g79GbZsxjwhMhrOgdkarjAOBPeGvobWX/ri84PN59yZ3ZFDbhGMZXUYfZ5wawNeV1wR81YjvZiCMFYKd8tYpkPRi8wuvADs
FKNMTC1/hNca2o2anzPZFr5YrTy3jm48ekQVp0fRu5lC5YNLkxXLruo/FOb7G+oWFMpe0UIoEvMWc5JymIcYrdSDCppo+xerofsX2CaThugyiZyZS4ImnwE4H7+aRVhI
FKNMTC1/hNca2o2anzPZFr5YrTy3jm48ekQVp0fRu5kwnsljPF5GxjFbJtwNWHcgI8c+u5PTbr+Yt2Nbcy6IBzXt/4vJgGQM05shoBEiHhAMx97kE2f5a5eVKplKAcAGgjsotKV97dEfo4RePo4gCw==
FKNMTC1/hNca2o2anzPZFr5YrTy3jm48ekQVp0fRu5kwnsljPF5GxjFbJtwNWHcgI8c+u5PTbr+Yt2Nbcy6IB2JFRG74khirpm9D7oQzcmf8joyYuD43T2TypA6wJKtF
d6AiaTYilyyYr3PisWBQoPdM2kxQZcg6BqzepvQJC3Pgc5oKXQvPHfarciW5rNGY3nFx/5YlojxmkfLPiiwFTs1loBRrY6v+w+eWGYDZ+KHMedDqw9PNwEIwW0zqMPycy1bkcZg1C54rbfcJm4qCWrC3Ay/DyKQatHT07cTGJGI=
d6AiaTYilyyYr3PisWBQoPdM2kxQZcg6BqzepvQJC3MPvw0m4TQ1XvpKE8+xgej9JNf1AdBlDXc9kqqHMyCJII2sYYubKoaU6r8my4P+amLcJH53BImdY6Z+5Nb1cMSbc0nLAVqk8zL5AHt5UWyoZgdVLqOcUqfFVf3JB7uc01w=
