GmcONIA9PFzHw1gpPLLPoqev3ytAH5KO3S/CJpMsylg=
35kyjVfwBJgytCi6KM5Vug==
FNt9orFfFSbPIXNSbXcP2Q==
gE2g7VQeqq0h5MkG44fPUw==
A4ZCFW7RnVRfEnbtNxUDb8VFIQmzxcIFLuiIjRY2q84=
cwgQW1UgxyVfBeSrdwXHsPE1eoSAri+NViVSjTYe4hg=
pYn3RyiaY4vz2unSybTHuw==
mAzeFbkWBGyzJRgEWJSZYQNn44wFaguEUnqkvHVinQw=
NiGef/LGs6v8Em6sqLz1GYGKB0111uCW/TAqgkiW0+w=
2lfNnhNY+w/3xMaMUxJbE0YFT/wvMlSDz8Vrd5FEs18=
MvuiGuSEZOp410qtVcueNQBmVNQqO40vwX7K9oWdsLieChGXxJjdTWIK73F9+3Rrpfenj3aM8Iioaw1iuYnr4FSnA/nd52Z8ihlONbScF0fKqNSFilG0gAWdFHZK3VK1ZWS+31d2lmaxUQGnW4TuSw==
MvuiGuSEZOp410qtVcueNWS/uQnH51MlLUJV+qOlBNyxO1SHI2l/LV4VdwkxhLLuKdFo/tJH/iH0zFtyGNNb0vhU3sBUNglK4FI7rnqmqCpRR2N5icCqJdZtOeeqHSZaF0r10VRopc+g/tPbT+XiLw==
MvuiGuSEZOp410qtVcueNc7AeOa6qZpUcytvmEw3qvoyCeBN96tN1XWmukyiuAhl7j/BWvAbjBinLfWuLWOy/rcxV62GY7/xUY19IAGSpE8=
MvuiGuSEZOp410qtVcueNZpwDSM8gLnKyxCLA58r3tqRgLzUGG7Zu/PRfbJmz7zy5HsUv82XiclnNoZlDU7Xpc1934WH1wRhKNpXDhfwEnI=
MvuiGuSEZOp410qtVcueNSRf2q+SbdUVssi2abk4hPmTmf5DoE4mj+GpaGs5a5lGwatoV+avgjTPu0n/l/Y/ytbQKs2d+Gyr5PKXXvF5cRuZ2r2LTVlY15gqcnwNVYrNYsuXfNJ2yKC1U5qk//GHkBHW7/6BIwdNx3j3BJPtttSfPruyYRdiuDrt5Lkl8RwjrcpKiWzIol+gcCi2yrYeUMD+LTcoGK9oAe5aNXFrs6w0nrKVaDWs8EYyDd2hen3BAhqRxabeW7qB4pLy/FVw4gRzsF8PAWcyklYocMYJYeCj/SYB9BoV6kyr/PfmFUse
MvuiGuSEZOp410qtVcueNaglctB4B9RPXvHEO+9xGPA2LJ+/Ua78mOX4upSNl0y6wd+YWoJ1xzlBaYREIMcnDFTFsKsdyTlM2hoBds3VfFMB8vfQwUtCFwzNbNZ/plwKv7rJnpXYTv9O3x8WL9toMA==
MvuiGuSEZOp410qtVcueNbJ7Wcx1MdFaxiKfLPTngLVHr7Hd6/M00W88a2fSNpyG7dOcjbgM1+1Ji0Q5tT1bC865izej4Pw3IXd0+oq6lLSZUFUW3auoGYbwSed94qoX0d9+kiJtxiYoL+x2EjgyZQ==
MvuiGuSEZOp410qtVcueNRovbtMR7PSP6W9rpghaOOQAvZ514YIc3bEvxp2r4KPxsogRDSfn5ZlMWFN6OQu5TAfoqHjWCBbi9PtOtqSSHJLwmJqol0cZ2o9CGAgej8H2oKE890fWtPCaQ/2q98kTed4W4y/3v+ITXt2SX5qvd40=
MvuiGuSEZOp410qtVcueNZYXwgzD8NPWCGGt19X9LeFQLH6uw2yXHUI3HmEq2xChIjdeJPoQ5DYSnKOUZCx80WLqrM03LCqtu8ZF+34sIYfs+bJRMtEgAxnxDqR5cYZ946R26wIpAB/2ZOEsj0o29EijrTV2aFng18c0HCVIdGqvYTIBPPGwHOmAp6Hnp+2FkMFpmZCHzUO3u0nKn9pT+5VPrwRuTHZv+4snCLWMUY60ft7hq/T2ulyeoxnMLtFQ/pqva7ChLEyUeuynTquL0pzgMxnEnAbpwb2RSG2euS7QE3Rru3CF6Y55W6vZw16y
MvuiGuSEZOp410qtVcueNQdzT4Fctw/c42HE04aQsv63VzfGvXu9iO5N6WwJM1Wa1I5IM8VwcaNXB82niJZZhpFxumPsr+V0gOoazGFXTi1ncyIPn+0Cx1+2koYtqMIujHD/FfHEe2qY5wA7TBFOjQ==
0L0H2drt00qAM0Qul0PIz/W1cjETCuhNeX7gFSKb6IimmyTn3bNsevQ9U1pcSj9fTn7nOdV9VssRyPH3l6MWrV/13KEclu0x2yiI1E3g4QCQYRtjOmR4BlHJNrCiwFMNmXHxlad4eAB+9HdyF0FvDSMkVpxWNXiBFKJ0Z+mLsPlKucsxRh7MMpqnnynMq1FGfGFObWUzqbNBIKHNrl0RDw==
MvuiGuSEZOp410qtVcueNefTVJ68cPrnnrDUCYXKKp4w98DclZMJPlFS4vtFCFpDbnClhTZuaoGSlyQTgVEvePmQG25Gfiwu2dGrVDam2fAOHQbEBTRGArKCLr0bCE8xfQ6tuWS7+6ow0sYm18HX8A==
MvuiGuSEZOp410qtVcueNStkQcPmyZL2522DPv/1EH3AA6NMX91CRzundsGbFSxCEMdZiCWZ12pOfEA2msskWYbI8tzAz39AUUHRGy8NbVv/Dpm+kVP9NhXNI7U6pWmEDTVPCQemSDK/lfqAwv1Ttg==
MvuiGuSEZOp410qtVcueNe6i4w9yRhtlnH8pI3hABBau9/QgGmUwlvtHwHqdDHU3Sp/iBsM6E0L59fNxHyF+OO/tKHPt4OHpflctM29KdgFNBujy9SG+EdFy8BTBdPlWoLiYfwPI71VOAwqdwjOO0g==
MvuiGuSEZOp410qtVcueNaiL8hr7tbVwRcjnbsuTji0Taur7SztvvMBnLXA2DGnUyXzGLZyq8jjEhhr5woKkW/EnGF9692n3109XyDUgmitE51B3joziG9REd5cykKeqvT0e6yHWSBnVdGbMNZv9Vg==
0L0H2drt00qAM0Qul0PIzxK4siS3WCtQ4l6K5+94oiE4MJgbBhtY+AT7RovRbtjxSKpj45qaELXVdFzMAjcO5etY+Gy6467jYn1M+GK804CHlAMq6t4+OLu5E5BPrkmmb4A9Y83aRJ1V/4cnkK415D5D4OcnpYZOqGeasUMmdpfVCFyoeG244t7pUae8yOE2Y209rjBCwM/D1TuD6UrJ3Q==
MvuiGuSEZOp410qtVcueNYwiX6j3tKW/v3h+7RU32YykltLec2z7BogVb40R2DwuQIA7Nt0DUDMYNsJm8L7dSOkc1bwM7g/JNTr3n2RGlvTrGuah5+UriamAZPrYo91+V6QRCs5lvrLcBRjMfrhD2Q==
MvuiGuSEZOp410qtVcueNYauUmS0gJ1JhSkAttkQlQr/OU7hUoIGF5xq+qr90xmC3GQHCEPclY/Isy9wLLn1I+Rqfg2SQTAeUtK1ZRv8izOtTwmh82MmhQ+NPPLgt20PS7JEujT1pLddk0RHOXys5w==
MvuiGuSEZOp410qtVcueNYauUmS0gJ1JhSkAttkQlQr/OU7hUoIGF5xq+qr90xmC3GQHCEPclY/Isy9wLLn1I+Rqfg2SQTAeUtK1ZRv8izOtTwmh82MmhQ+NPPLgt20PS7JEujT1pLddk0RHOXys5w==
MvuiGuSEZOp410qtVcueNcnGbSx4z/MshIbFZLGsYRf7u22SoHPZJsYXmy2Wu1CyH9gvVFbmFpkzqSFWHiKgoMKSGqFyqacYzv3S438ixw/W9fPpJkTJyk+fyoBL3/0AcYqYtMR0LwhnHHdEgQ8fgg==
0L0H2drt00qAM0Qul0PIzylFlbb5g2jypC87c5IXeIUp8hQb4bvWyn1p12PB38888m794rtt2rvIuiPVkcoVnpiKHnwiamcTA8V1ZZrkSM3KycMBQpwEk55QsSAOynTRo/K9iNUc2ON466pvNU4qsZSQusRy3EHMXJIGif6aIuoVbJOh/AmB9EnYy5EurnEX9Om8SBlDRZe7IPWoz6BFGQ==
MvuiGuSEZOp410qtVcueNR6mh+PGA6ZxAn2fJSw5h1ounmbpZ1eXdI2Nn1g8bsEcHN5Gr6Qm0uzJnYBcaAHgbO7Xr3bGY4uyDZaIFQQmXGsNjQQjQNl0SBUW1HJsVVVGNufpd1pk8G6v9La8LzGrOw==
MvuiGuSEZOp410qtVcueNbZweb24jPUBPLuDyjnXeOgA+j4cQ2trPBNL93SFgs7HqVSJTyD3ZGPoM/KbtduSLSK3Jdehzj66u+j07kq6gdDOTYA8hpCseRZXtXM4L84YzgqwdrwK/2BYwMpq58aMWA==
MvuiGuSEZOp410qtVcueNSSxd9gTx0SWq0ApA9db9IzXpCyL1fdf1T/pTLmhJhXdUCKe8muHJCplIVlsDUMzkhSwesBYt1Lu/K8ensrccuUt16PSnViJhD35ELOmt1xFAOfdf0OoI1TWQSMDbAORNg==
MvuiGuSEZOp410qtVcueNTVItCYney2Lf9ho0QPscoydELgy7Fc6cwutHpfJ9/b7e86Rw7GSZOh0XmpqerqDI5QqgGM+sqmbCiYWvveJGA1NO2F/dM21mxiFeiWUwOoRt3GzlAfmQb00jjvh2gwPeQ==
0L0H2drt00qAM0Qul0PIz8R8DQGGKYRsJuFY8KHvTbHYyAo2XcTKqfdqrmCHKMZ9ojbATr4Kw00Ab1Ge+wqKXcvVFi3PJY8oFLRmTucqgZR4RTGJTHP/Mh/btIKTXggXzQVbOIWQKvKnt0Zj7H+KeN8IZG6LLPZjZUaPrkiMCOjBBGV77y6+rR72M4ZcannHsPdPHRTgW20NGMtoDuniiQ==
MvuiGuSEZOp410qtVcueNRrrP9hduKK+JPfHmDZllF4nqPo4JWpMNoSOvASxT3JlE+p3i/ZJrAydevWZ0aBnJOjE/T1KdeU2ojq3I4ErDx8EAPiQtyeDvA90ioED+xETmmocPM1Y7KpW2Ehx6hM2hw==
MvuiGuSEZOp410qtVcueNTRig19/3iLX+7vciZm0FXyZZAN32iFXJWoGkHY1jzFPpoftZnUjwk2FPBV1t9odUMKkXDmneiMkryelF0K9DkjLmN0PRRlNXszgNLKrFYcmXx/iVyLHJL94369pSs8STA==
MvuiGuSEZOp410qtVcueNTRig19/3iLX+7vciZm0FXyZZAN32iFXJWoGkHY1jzFPpoftZnUjwk2FPBV1t9odUMKkXDmneiMkryelF0K9DkjLmN0PRRlNXszgNLKrFYcmXx/iVyLHJL94369pSs8STA==
MvuiGuSEZOp410qtVcueNS7/6+mxUJ0InSFCz6MvYA0y53ljBly/pfig6Cfj2d+EX331B4NLMQ/5uGWCOUhaNBp624P1HMFoeJ6Xg3menrABgYMt8b/r5ZGhbeqCpHDqZKXtoPqyVqYc1U1myy4U9w==
0L0H2drt00qAM0Qul0PIzzHvMjITBw6++7KF6XuuvwBy/xV7KpR1Dq324RwvzPUQdmUwzjjqmHdJ4nfAb/xFN0r+ZtX5tjpPgdJNIe6iveJxhF7iZ6d/OnttaDCbDYWbJZ/iwoU1q8niCFVKn/+RczJvc4+Tqs+ce/z7cn6dM1M+ayhvzus4zB45fVPeiBHge/jGQbzhR+Gu17FlYXFvZQ==
MvuiGuSEZOp410qtVcueNUXl9AF6qbDj4WJg7ZH13Zss9kZycsp63PmoA+6gRiYrG73FNV8pLtD4i/2dTHzyyJ1asjOrvoUP6zBn2/UslKFKELRUwuL1fV+jUKkPpaecM2rLoliK7B4HOglQzCLQXg==
MvuiGuSEZOp410qtVcueNQAOGgFVEcV5hLrXG7/vtW6ncNECAqveeTK3THnO4vlaTcTM+Norl4DhPNSRmHh39+s5yDrmouxA2ZR/P3J2JQSrGJTLYfU54d1qC4ml4murisqU+cXJrsHJgqH2Yt81HQ==
MvuiGuSEZOp410qtVcueNQAOGgFVEcV5hLrXG7/vtW6ncNECAqveeTK3THnO4vlaTcTM+Norl4DhPNSRmHh39+s5yDrmouxA2ZR/P3J2JQSrGJTLYfU54d1qC4ml4murisqU+cXJrsHJgqH2Yt81HQ==
MvuiGuSEZOp410qtVcueNYgoyFF0q8CE3G1zE8ILy4STZkGVHgTK3oSpVG6R9NJt05DZheC0DIa3/YyxDKiKFhQcXKmvhvXLWhxL6YyX0IVRjwoDYgFKpKQ7UjGbeWck4aUtQVTUYgm1mwLPu+E+5A==
0L0H2drt00qAM0Qul0PIzytVzddT5swmV2ttf51rfoM9mhN89l9ocUGR0KNQheY6ClifdIExAJML6gZAG27G+tdav5pfKOW8qM4I6tP+mJTDtzuKhSBsw5OHUl1UiTvDAGkkk22mQWRRqC9+l9wSCs9l2ej80SG9LRrz7aG95H13dNxo/4Y2SmIcRswC/Str4Tv7uH2ibihkDlCUxtSM2w==
MvuiGuSEZOp410qtVcueNUAy0KhyZgkYTh7NyKuxu7/v5Qj2ia1jcuEz4N1L108j9jkFlGq66C6+jqgpeaYNWQYl1ezidCq0FuP8tyjYovmwAYI7GHgRp1Hq3dloP69qh9CvRlO9DdbxuoVIrUUUBw==
MvuiGuSEZOp410qtVcueNcUK4HLfKDGZEjmsZQqS+N7ncFywmGma2Mxbg4fKseUbIgk6OTRf14P59PsUV3UYZr60r+Xjc5hxjz2QUAdRxg3yKv8mLu+wOJJLkhdlc9ntBPQj9Xb8pSC82gqcjO8Dcg==
MvuiGuSEZOp410qtVcueNcUK4HLfKDGZEjmsZQqS+N7ncFywmGma2Mxbg4fKseUbIgk6OTRf14P59PsUV3UYZr60r+Xjc5hxjz2QUAdRxg3yKv8mLu+wOJJLkhdlc9ntBPQj9Xb8pSC82gqcjO8Dcg==
MvuiGuSEZOp410qtVcueNa91uhB+RkDAlK3OiqJc1djUzMDu04TdzczATPnzm1xQRKjV6zQug0IBNTpxj2mu5SmnOUCSN2t9z+kqsrvS2o7E9tyshh/Rw9mDqHZ5QCfwSV0eJHep42IfOiAdRCy1ug==
0L0H2drt00qAM0Qul0PIz/iKI0bqNJRoOZg2ewSXNOtit+UNBLUHxEWEe68U2ekE/86CmgJB0vom3A9PZC00hWI4ZM4b4BhllTGm6thjB5JEtEQIztOrwScA6EKtQXXcreAZH16RBNBXE0walbNCl2nuz/lbnhcwtHOaKZhkaFO4j4TCPrDad8VbE1YdemFkcuod5LbWIvi55WXNQOsftw==
MvuiGuSEZOp410qtVcueNYFhr5EVONN0Fnk4pUXQHsJIEjMb7GLRe99+R57NBsG5rc9azsrxrhD8YmWu+pfeZHn+3Y0IcJzoaWEpOGTGYcJTZsojveuCkGkbh9zOqxSI19Gqs+xqQ77CVHTR6G0Kbw==
MvuiGuSEZOp410qtVcueNXsgg0olbrzEZ9jQWozaM1M2e3KxWPypXd6m68zLr6l3zo8jH+LP0aLs2Qzdlv8LJUcQwBZ1rh4YtCm6VEUiF9vZJqS74pzWFQss/XRlGNGPde2G2omDyUIbTipbpwFxoA==
MvuiGuSEZOp410qtVcueNWYK9op0G0cIoJ4XVbJMWg6nCGKq5OQN5ZOlAEZ2tL3Na9TBzAwZD31YnN2qTiuHNVagEKrWA+Xfi/Dt9WjoXqS2tCdFlSUTxynpnR+PmTv1IvcbgE8YMTNUpF87f8ZYHA==
MvuiGuSEZOp410qtVcueNc0S+hcZd+ZD/QMnDYoVy/cZxmYbndAtk5qblpljw9yawYIkU0cmiwvXECikP5ClejfOfW+ImTX2sJtxn0iWnUI=
MvuiGuSEZOp410qtVcueNd4KojuRtcHQ2EkBiVwR5r4VI2m0vLbT+zw+1CHOHi2+a8TeFHc6j45l4ncdrf9qjTJmYmeIHlozFcrKygfMO5+Ql9EVXeAlEPpQ3IVR/uhzB2IcEbYQE1J56f7Fl3CNMDGaum8OqCgmWamaLzCewsTYENM1KsJ8u5fj9ovZjBIrf7AZX0eDBdzWWkyGMVYMEGYEYSWkrU0ith/q1Nn8aaUMBta+0pWuS38WUB9cn/OwBGe+ecK+6O/8QwHJc6hC1qoZBn2cDv82dmZSCJ7K3MVCVvULFmNSnSTq7Hb2jDUQ
MvuiGuSEZOp410qtVcueNRA1g5B6yNqS2ChKrSgrfe5zWyzidp3G+keXzh8Bqd07WbWDceOqYzoyF/qh3H/FJOnUxv18ZaThFSr6f8buM7fKE7wfyiEOBFvq8cKrzD2UhHEiboQt8jm79kr5qsvT/w==
0L0H2drt00qAM0Qul0PIzw+3BYxuMeOnP+qpHfghoeiihtB91CZ9xUmEhlrFS+giYj0Fi8ANlV17J6f5QPMKhEqJ6NnVZYjOv/+T5sVNiBrwmWqtEfUxArFiRQnVcuetY2sStdDH05CwplAxXiCs24gl3XR7RU1kKfVrqdYlOodNx1IOv0rU6hA6RmaVJrK18A/1/Z3V+cOuJyESDXwYVw==
MvuiGuSEZOp410qtVcueNVPZTotSI0amITcD+01SWZYR3O27fQ/ppEE+MgqElSCG6zNeHMqhIoUB3fbtjR9Mq3xhV1M+kFQcfg3ZmwH4//yF27YfPjNHLDW/8/Rn4dz/uEaxhuXY4IFHTlV80W9+nw==
MvuiGuSEZOp410qtVcueNe4Di7dz44qX9g2gxxo6trn6GmsVd1Dvx10b7Cw/uK7G/5qx53RfUQdfRDi3tzCu++FjkjQO90h/nhwcseanpDpSUsDJOaZ4NujVcvXHz10Ywyr7ZXsmx1xDY52WPLI3HA==
MvuiGuSEZOp410qtVcueNXU4QDr3/0mPw7ADoH8tHghEYYXnMmLZkCZci8D3eYqRYPwWciNUD2UlJ26y/GZ0xD0gFRRXuqsO7ofsVFKLdOiS6CUyYMYChw2JefgCpTPGTc5F3hujLFfe7huMrPJlqw==
MvuiGuSEZOp410qtVcueNXU4QDr3/0mPw7ADoH8tHghEYYXnMmLZkCZci8D3eYqRYPwWciNUD2UlJ26y/GZ0xD0gFRRXuqsO7ofsVFKLdOiS6CUyYMYChw2JefgCpTPGTc5F3hujLFfe7huMrPJlqw==
MvuiGuSEZOp410qtVcueNVgQ1BcN5+DWWhoU+O6qaFzFHOBnZYynqrOK1pLrxF3rIazbKxNvX/vrQut9ptgAyLAs8JD+VtwEcqoLgQt3FP74y/MN/U3xbPi2IKbMnECuwPrMcEtwYeTMJ4WPKkIFyQ==
0L0H2drt00qAM0Qul0PIz893siA83qnAYY8WE9aZCEl+oLSJrpWTUlSndYPuGSthaYaq89WzfayMtCaq3HLC12X9iyhTcP49UZQvxDmLzB3pnqdcQdyvttNEYvADzW9bZ0ATAUrp3w8JAHZNv0PkB6nhQawrj41diduUI8gRtXGlMXZ0M2MHJVsWShZswOpi7WV5DCT0cezvHaY9hYKQQg==
MvuiGuSEZOp410qtVcueNa1FgUEUXCC0iKrHODl1zf6THC5jYz3glccWtDw0ecUwcXduDjB5Fg6s003SUdWuESjWQjCMhwHpdE3Z4RpFMPRQn9OcNiIUqGtuqbB/rQyk7fVJFrRBrzHmVe9lEZcUHA==
MvuiGuSEZOp410qtVcueNeTE35fAwTmX4QyiUun/N5JOMMewdOHl4IgsETpsUdgBQCIembLq+ZjK4k6dV8ifdGwho6n0AoPbGB1sAscx0M1UIodViAOrR3if/GKhTmK+4vWdTcWGjrQrq2Inb2Sl6w==
MvuiGuSEZOp410qtVcueNThMfy4zblr4dxfHy+z5kGqa/HoAip9HW5sSHDaB04EXtB4NNhVaFOIxvxMUP0Ro+r14JSgcGgkulex5voH7iCmBxG+mwoY+3wRBlnnGP9w1DKKjW6kD7VmC6ijgTnXN4A==
MvuiGuSEZOp410qtVcueNS2fBXTFCoBIKoPmRJqjtxAPlZRYTFSm/pWOvFMdRnS8DeQRSEYr5leCT6Zw1wklbvhnsVNR2m0zuUxiM6qpsNQ=
MvuiGuSEZOp410qtVcueNS2fBXTFCoBIKoPmRJqjtxAPlZRYTFSm/pWOvFMdRnS8NztoR0bTLORMt1icWEu/fiZGClrcwm0+OkKVcVQaJrjV1rUMlEdzQI9Y+jw6BIpqeJl7N+jrV2YqL7j2m8LYR1fA71Q0pmhsR+2+XZrs30I6CCMn6OsfB8RaH/3rn7yYPvUOhG/76VbVoKfZJxLC2UMSIEKdN+sEZVklDzAwUk139EJaIPuY9c3mIm+zrQWQqRA3UEubOUd5Swa/gtcc7rBzbS7ZKTaL9MrqKL4savO8xCa+uuga/dYFJSJmKlhZ
MvuiGuSEZOp410qtVcueNcvf1HpymxTh7mtBQTyLcntVscM7oT7cO5PbYrSPjO5VAc+lhrfBxeATjMD0F3bNeeYkDPCgg7SbK68Z45Hx44su+XMUZK/b0b4yX1A4CxOSVqhpZJZC4wYnotftkcz/kw==
0L0H2drt00qAM0Qul0PIz5a8K5JrIIRJ8q2KPxWsATwzvGH5ODrAN9ETNb4RdybzlqUKsRpp45+pxPnnigGQo0oEmuxovDEpsbbJ3cLiHHdvPqKZplTkfVRN2tirlP1HLxI1TDN28WgNCZb6kU/SFNHTaOSRwvU9XTwjQVUAkTi/3qKKWwAuRMebLYLTYtlr6Y6tcddTXLxFqgD1W+QQFw==
MvuiGuSEZOp410qtVcueNUZ0ED6TOfnoYDw0vZ+00vcwFj5ZfjtoyLy0R5e8jbjWYwwbvqmzqUkcACLeRFZ0p48seauKPV30pE4prcU2oknxBanNKFfvwh95FcWn5u6Az8RCCifsEnmoEBUX9MMgSQ==
MvuiGuSEZOp410qtVcueNfoSUhud6CdLXFtn46/1ZQFrpj1VfdWLdwVZiAjnzeQQsfUISlLzGICJneJMKXam0foaM1wTr7B65zRxPKjkY77Ic2tEfisQ/93OVWCOKDgaiuEKlV9dnqS4yMgvPhe+rA==
MvuiGuSEZOp410qtVcueNZ7TxXkKQMYTtQ5Dbakf4brShzzbJ97q8BLeON93lqrLfNvfU1zpZ0KYimgloREocqX/a4IbT7gsqDgfLbP4NV/KIWP2pJLI+hAU6JU3B44eVx6BrlYOgVTgfXXYClqmkg==
MvuiGuSEZOp410qtVcueNZ7TxXkKQMYTtQ5Dbakf4brShzzbJ97q8BLeON93lqrLfNvfU1zpZ0KYimgloREocqX/a4IbT7gsqDgfLbP4NV/KIWP2pJLI+hAU6JU3B44eVx6BrlYOgVTgfXXYClqmkg==
MvuiGuSEZOp410qtVcueNWDoEcqJh3Hjm4m3+CrfPebHHk/Q+V+Djw0MKcZ7Uw5ScobWgq9RIj1V8M9FSskOX+z8tp9da3FSD8fIBsidIXKvgcg5Bhqx6GEeqedL1y8Yw2bI9NBk6+f7aUAWh9esEQ==
0L0H2drt00qAM0Qul0PIz0M+Vjz34DSE+5FOCWhDGgyuyCQQ9fxOSdWtAFb5hlyNfxvr/wPeLSeu+fayWKFxpuog/1TjcIn/P17vFHcVgJYQSIbzD1e95DYIrMh8rsQBZZXk/qeL87i0iM8VZTjXKc82LXvxu6WJxW67uYa75W2fqoSZrc4pw4aLVBxbmysuMCQ2cHkdcTYtd7FUsN7n5w==
MvuiGuSEZOp410qtVcueNfA25pYG+xBEGGFUFAQiXbdzdSXfM5NkZN/VBUuQwpB5PaLUhZRGnR4thzhZHIZ2swMKHZzn0wSpZ9o0nsLzsN8s7Zs16SjHsVbp++byKmYsogsZUmBQUOxlIJuWpt8hfQ==
MvuiGuSEZOp410qtVcueNaIfllNMP7ddwqSgxkXoGgPdef7uyfoTYtS4VOeHYusKOmyJep995FPBiqMrWU2F6IRSiTezTkfc6ig0BaDxy4/LnSniTKa+OCQ7Ivj16CGDeZy+9qXHjU7AiRT3niJC4w==
MvuiGuSEZOp410qtVcueNaIfllNMP7ddwqSgxkXoGgPdef7uyfoTYtS4VOeHYusKOmyJep995FPBiqMrWU2F6IRSiTezTkfc6ig0BaDxy4/LnSniTKa+OCQ7Ivj16CGDeZy+9qXHjU7AiRT3niJC4w==
MvuiGuSEZOp410qtVcueNZTN+al+AmjDq3bAvKtXt840O077hBi6wjo7iIA+0nt4bMOFw8v/ljEq0Qm5CqTN0JXQDV4hsQ4RkZOg/aNSG6Q=
MvuiGuSEZOp410qtVcueNXlayAK+yvAhJk5mq/cDMB2cnW7WMLLfmAM6obvasDClXYGvmCfvDjDUlx/3IqeP98rj7l5MLOwXbNtgMpr369uvYIy4KjV0RzqiYEsl9HFehNKpqWzf3Up0w3YPQIBQNmDGEb4UD8/4+5mg7+cA0YEClgBQXTcU3wihTWA89+QLLcYg/sihtwk17yQK/czzqw/oJyyBA1adwHfkA7Z1eo/ZRoFROUQpBXvgd8m/cvfEIcsncEkGbKnP7B2y18K5vPwE8CiuSJdT+Juxj3G+wVRrhMCbJMqjIp3o8Hht5A+x
MvuiGuSEZOp410qtVcueNaMYRHj3h2akxgsvfkLnHpLrP7JvL/EhSN37us42JOnmDoT4xVsE03gI6vqI0N0p9M1gsPKanKzvRwdhG8kl1AqELLajF2Z1BGo6VhxEUHvzLgzP+mm0/P/T763DHbPPuA==
0L0H2drt00qAM0Qul0PIz1pf7T3c4BzjyNkpE3RGMpKzKbtQ1BpLPw+jPK1+87/c2GXrvI3r4M3BFLsBDehnApOoJ2ht7mZBRMCN8VmveDrR40Dc1MJTmN5PPKDnAbmUJAcyjsMDTvNSxLU/2h1qbAXsezL4BBPEQafVABStt9Gk5wmElIJw/V1/CJGPwT8A/Xj6mkDt+V/q2Ya2y+5ckA==
MvuiGuSEZOp410qtVcueNRHp45T/FlXfsMemj2LdD1Y+FIb7L45L4wFgmeF+2hoH0RH9vgwV8tb6d//ZLHDMn5ad6E9Nfv57/sJ3KrGPPN6KCWRNiVWxPH/TQObm+lUuR9OfnlM1tDf+Myv3b8ZZrA==
MvuiGuSEZOp410qtVcueNcN5EukocB6EtJTG0r/agcHj2jjA2CxzYiAjTx+TOa1Pzz5MKNpVB+k0qDHnunrmS36I7QoK08IpSjY27uyO3Wqnxu/vwoV7F86AduNdJYXC1mHqXDPeAJR2v0sSnL8G6w==
MvuiGuSEZOp410qtVcueNa9lYO6B9h7qNZQIeCu1Au6OeDsrHg2wQcoaEVN5sZJyXIYy3Yy/XZ/26k/hxGde/z8XNdqvZjVyBhUfFeRVLDrzEU+TO7GoqtUs0deMWlbJOjrviErjgGnJ2fAOdpQqIA==
MvuiGuSEZOp410qtVcueNa9lYO6B9h7qNZQIeCu1Au6OeDsrHg2wQcoaEVN5sZJyXIYy3Yy/XZ/26k/hxGde/z8XNdqvZjVyBhUfFeRVLDrzEU+TO7GoqtUs0deMWlbJOjrviErjgGnJ2fAOdpQqIA==
MvuiGuSEZOp410qtVcueNR8x1tam6bK+lbXVWosTL8vEPXCuT2pZeRkKcA8BBUf31Uz7dBIrvyUgJKptgFTyO9JXzXHVkWoV5GvibhQng4PhlHT6+UcvKu/DFXp2diwEERBnWeFm+DMORjHCXOHYIA==
MvuiGuSEZOp410qtVcueNa13BSdK5t12CQfLutoEIMulxJgtyPPpQdz+YfK1rXYhLFx0McCNlN3GsX81MPokt0ZGp6WlJtlYXNQ9np21UFg=
MvuiGuSEZOp410qtVcueNR3AdYH9I47sBLU6ztrIdoMs8k1cpAmpo0YKHi8NJbIck7D6jao3j2D0CWbYHtgebvG7HJTfknSxOYDaDlcw6Q+xjlt5WzWZVQ7ukByOss+KC6eABAxF2Qlr2VUzj3ct/6IWzprXJ2BHHQTOC0BrqIxq3AxP9BDOEY0aFtb8LPI74Ip6yLHw7up1MmHVoAcchZSDlJZ6A5jHRfPmu8LthvOWMImL/CXDfJoZmK9lmU/w01oqbe4zNiGN3HwS9jlEq6HqVq5VmqCpWytzzN0Ou0Eie2AS84+fbHnm/QkuGXJZ
MvuiGuSEZOp410qtVcueNfPVn/k9E9P8ExL+MnEYWllT9mVBQHVkVhZXx7PD3q/Ww/4jvbYPXqNlt8PB9aDUGDj5wdtAajGkCFLcWoDVzvovWg9y/KrJ+nN/vcHMIs+CyN05ER04AKJHpbmyvkf3Dw==
0L0H2drt00qAM0Qul0PIz1MHYQO8Bqzk7YNhBJIBwyMb3qPd+wgz7oC7HDeWDEVAUwXFCZmfYGCeZvcfOTQqgvEm1/wZHFN1i+G2XyDRY7u8Qd2VlpZrgPEM2TV4kA0j1hhbL+CcBNnkL5AO5lBtIOFnDoDYjyYjAmbxiwx2ATiMIBzj9S45Jg1C/O3FrGLpBwAnVa6HxmEZFTEnooAvIg==
MvuiGuSEZOp410qtVcueNeZZnPERbYRmTbSWqvPI3i+UUev+a42hA52/7OD+Z0LcI1Ch2U3RxMBimIfiFcCoLaDQyEQ//KnxibOguncl5+2nvbOOQwTHqDQWyaMQeM27mrXrzDcA4noqabbI3rnLMQ==
MvuiGuSEZOp410qtVcueNVTU7DjoXhwnt0TXDF0Pu9Ab4O+SD1G+Wisi8tuveXf5rDhZ3x0TG66Lm9t7oV8A8RT+OEr8RmtJ7u4rFpRilsdJ0FsYWCJcEZEkp1EbBqVijQmR9ptMIKyn0cqDz1Q9eg==
MvuiGuSEZOp410qtVcueNUGcZZe4WTl2unzYwi/Lxa9gyoeORNgX4aHG5waDtdeWCVj7Z5ZPVvH3h7MRcUvCe2+ujHLF6lDZIKTKCr0GeEm+F9d5VJBo4JYfMaWobgpsRhuYhEDtufnhNR4ybRA1KA==
MvuiGuSEZOp410qtVcueNUGcZZe4WTl2unzYwi/Lxa9gyoeORNgX4aHG5waDtdeWCVj7Z5ZPVvH3h7MRcUvCe2+ujHLF6lDZIKTKCr0GeEm+F9d5VJBo4JYfMaWobgpsRhuYhEDtufnhNR4ybRA1KA==
MvuiGuSEZOp410qtVcueNcMcbe+JVSsop2fCBegUzuiCOY9orIHcGu/Bng5O4/BzICoJaJaVCkCyjh+qncQyw3YHoVk4PfUl/9OzyQgwQw+zcSLpY24jS1qzzkO0XnHNwvo8ypyAKpHkWzTrmH2Hlw==
0L0H2drt00qAM0Qul0PIzybug5G2ZZZTuSyqy72d6fo4sFL1oAL3M7b4ALkiNEwG6pEYKeF317LXEd/U10Q15UIKJ6pSgGDyPgEi7uVwOYxOF0coZgXkoK8He617tOwEUYkNS3QjCBYRJhVLheO05PraYUDimdPI5+a0lqVUJSVkNFddW/vkRdJUc/uvyqP90dAsyqD5+FVzUMcj0cWTgQ==
MvuiGuSEZOp410qtVcueNVs4eKHcv2Kv3fVGeMlGHzniC+OtBuKW7svz1Y1I6+hzVL1ff9f3SPbw1ayYEZltIje1cu1NL+c+Ea3rGK4kfx7JdZ/K6SEg2KzJTE8gA9cW5CmsyBuk/OvazhLd4LDV+g==
MvuiGuSEZOp410qtVcueNR8x1tam6bK+lbXVWosTL8vEPXCuT2pZeRkKcA8BBUf31Uz7dBIrvyUgJKptgFTyO9JXzXHVkWoV5GvibhQng4PhlHT6+UcvKu/DFXp2diwEERBnWeFm+DMORjHCXOHYIA==
MvuiGuSEZOp410qtVcueNSVHrNx0dYO6OvGpVI7iI6or0mEXkS98lIbZDkZvtJF96EP0DibwynyFrL++pb9FmQK0aTh6jDH7W9z9PViM34k+iphIxx5sMreDD4oIRGPkRVOzFWraqGRY1Vmrghcdbg==
0L0H2drt00qAM0Qul0PIz8UrNnXSREbeIkMx5KTdmJbpSkwfH2cQO42kYMQPGQ71iTaV7KttwEIzNxqufvra9N1Dc2CIsIp4gKoO/j7jz9tXeHCS6Yq0xq20wzwI1f/bcOkG297HNa16n1yrHQEswLHnRcd1fDzMrJ6z/Q+VNjYDXo+0XgiE/jo2SUILwqzVwzyBlsknB4Jr4RKq5/3ADg==
MvuiGuSEZOp410qtVcueNYndpo5sQaRbIYgnIQBePhAcR5rgdiGcYxBNrETCinpyzxs6qN1LoTYG+d5vPFTZ8qwvNrwuI0RJ28pXrCKHW5i1krL+xKsZGjGYfAb50ugE46cInKOCtvXEvbQrpK0EdQ==
MvuiGuSEZOp410qtVcueNTLH2d2gHXEQs2C+SYPxkupMd/dPiopqHhtsYXIvyjgKlYkuGUlfa3E0z/3iYL2GeZjZCRumF0vm8ijem/U2X8IzX+gQoTlNtDl4cvFQ439smncslFIEz+VeCU8ju1RGqQ==
MvuiGuSEZOp410qtVcueNTLH2d2gHXEQs2C+SYPxkupMd/dPiopqHhtsYXIvyjgKlYkuGUlfa3E0z/3iYL2GeZjZCRumF0vm8ijem/U2X8IzX+gQoTlNtDl4cvFQ439smncslFIEz+VeCU8ju1RGqQ==
MvuiGuSEZOp410qtVcueNQwWtzB0cHF2zu0uJs63fTtx+smDDTf72DzIG/sXy0ISP9Bj1POWS2r7mvhaQ7m1oK0puc9enP5Z6EvnESjrAl8=
MvuiGuSEZOp410qtVcueNTx7FY5U8t2BhcoRfFc2neL/3g2L+RXhNVBVqEqjWoeo8ad/rXIabcsMww+v/RWVE9twFFro8G8pkCtEZzVGHortp9jpdM2LoOguBR/n/215wjsxa+rCD/M68UfbwJZcaKhn+n8kUyGXYekn+GgRzO3spW9jzcMy4NKIO9+Nv78GtReBFcVPy2yxGJX30F2Ab45sqxk0MmTp5wPDU8GRz0J52DO0VoLFEp/2fvvwCxGppN5d95mcBqXHHml8ik4n9QdOXN42YB0nbzi0BRxBQGl0gcuMzY/+04OKKyd4ZYre
MvuiGuSEZOp410qtVcueNdenZD3wWbuWJXoxgBk+73HRtSI6Q4N3fYP9WJf6uKQAYF7sW7lu8B/r/M+qTX4Azhi+0GECt/Rfl+dkRpGz2hhrmzmxCbhS+QZg0T2qJ/rqa1wwl112sO7xc2i/ZuV6oA==
0L0H2drt00qAM0Qul0PIz1dzDlRcarvawGy3Y0FFiySJP5uVDDeElc4zXfNX9GyQ2+ulE7JIj/Vcr97wsvN8ALbD822cZaUstn3CbzTJQj6Yn7w2E1545NM0CmzW2ocHIKeHkkvWrbdhxW7L/rAEfpGD5UbcMEzrUXlPwz8hZHISxeio5SvZj52LaBjYLxiBouy1GdLJWpriMfuJc15Feg==
MvuiGuSEZOp410qtVcueNTecHIKMCEwufsf4ZOMid49JgnOM1UAIjjRIzeGqTNj4MZBn2+Go9kb0c2I1E0DgqOPNtMh70DaKokcT5j0xJKY7b0t4aGDMbcCVxEmsXsTeLLqw/JJOkmpydVlV6VkiLw==
MvuiGuSEZOp410qtVcueNXTMYGvn6Aa4MErFj2szVlxlu8LE4MERsFe7qwSyft8QDxjEgY40Lbb6tCUKuSCYotxEZecsjS4iBbxF0n2c0nGTIW4LZKPOYbWA0hnXqANwYTabA+S0zkD+DotO7PQlCQ==
MvuiGuSEZOp410qtVcueNc7seJ1pjeTfs7H/wH2j4R5YTz+kMIDyOh/oY36muFntqoNbFBCgPf+KtYmUEGSB7SmWgmzNp2wDf6NGnARWkzZmJY9bUD6x7oBUE5Ycqn0CazHkw6mmMNQRbN7i2Fb4Gg==
MvuiGuSEZOp410qtVcueNc7seJ1pjeTfs7H/wH2j4R5YTz+kMIDyOh/oY36muFntqoNbFBCgPf+KtYmUEGSB7SmWgmzNp2wDf6NGnARWkzZmJY9bUD6x7oBUE5Ycqn0CazHkw6mmMNQRbN7i2Fb4Gg==
MvuiGuSEZOp410qtVcueNXcbFlepYtSuU/4Rn9NylepNyfzjmZ6VE4PPG9/98BaD9OODWKn5CKzNRFtFiSGA44kv1IRN7tMiI/kfTUpgyIYaBaN2HOgVrhMtCWaIweupG2QS6by0pAriHaLmoffM+w==
0L0H2drt00qAM0Qul0PIz2N7Slgj826HS55y1PqH72KV+TsY3itB1AJ5f+wUo0PTaAYJwlvF1OCYOtL0LsDqPSFcMHRvRd7FudifBuJxnyRUptJTtOWYu5nZw5NyxpTT4FchBdW+cz8b7muqBzFKZWzE5/hG9Y8dRulW9ALqLfwZytnhKNxcyJ6WCU/bHR7YEFGgmITF5RdFKfPJSwTDsA==
MvuiGuSEZOp410qtVcueNXRm3zye/v70j/YwQaUSPXou3vf7tKtmeNC9wNlVOs3BApUHMD8MeVWKlKadaaQHzXiPvZ54lEYyvCRjVrHkxkV+7T+m6kI6cjPHTYTA1CmKpMlr79ROW+ULeAAqJa8RkA==
MvuiGuSEZOp410qtVcueNVi6URwVLvI2achnPHxoFJwsvV0lOudwViTEdLiREvhBtEmzUta1qdI4vBoWU4Q1zDrEIYYUDo2sIGrAHRi0XcdoFZAVlIpsPdnPGW6ko0OZ+QwtkNoKAPuc8IAgebyk3A==
MvuiGuSEZOp410qtVcueNVi6URwVLvI2achnPHxoFJwsvV0lOudwViTEdLiREvhBtEmzUta1qdI4vBoWU4Q1zDrEIYYUDo2sIGrAHRi0XcdoFZAVlIpsPdnPGW6ko0OZ+QwtkNoKAPuc8IAgebyk3A==
MvuiGuSEZOp410qtVcueNTebSHjr3PbXOzAd9xKEWe+ilcnbSUh+PuM1CCDgus9kDDUFo0tPHvyziL86zj3llQe1cv97o5gvTh0bVBeAPhM=
MvuiGuSEZOp410qtVcueNTebSHjr3PbXOzAd9xKEWe+ilcnbSUh+PuM1CCDgus9k3S/3Ogg0lm5TRo+Q4CMwsBuJYUKGe5rmtE2mvqVJp8J7l6tYFf+4JW57lgfxvTHuqrK0GLt20SOMBaMaTs3skjVBpntvPUB4VMZoQ1uJgjCKgX+P3TTSCDL0SFaKiuKATxpuNaIE8IeochvAiLCcjVNCCr0rJNSQUqc2l0u3USVXzewXEhReUNBw2kCIfpgDqX1HoSPtEKwDMPBWtQ6+PgiaDbhEe1I9weNFkygmcl3QiOYtmU61FhVzT87OIu+S
MvuiGuSEZOp410qtVcueNZMo4xCZMgQ4vtLXo5VZ6pn/kOTYGSlTaXmqzdZN+sQl6wANVey6E/QhGKOiZwZQkOmFaq49G/sQZA3xO74f0PEsY3DCQmpymwI6D+iXIq4iRreJ5MjotbCjjE0L2h3yEA==
0L0H2drt00qAM0Qul0PIz9f8LZVyVV94dDUEq8pE5r8nw1HxLA7OZJxDFb8l1sH8/gBsa2+Cz7ucHYqOziWCyL98CVEq3KYhHgCOAICPHhn51KKuPVkdxiEcQwC8E/Vk/+Bda+uTPd3t+N0mw1N907e8cSKmfUW3vwUeZz8xDfHqK9cAaUBDGqeCs2jO3txhrBwvPoQ/WZOM8262QhkZMQ==
MvuiGuSEZOp410qtVcueNX10KE+c8ydLRJy5uoEyGl+jV9NH3EKZXP8B5R1LbuaWl/hU1BHYdHmj2Hf8eb8BpkIBXEKyOJq+AhkkHRmWFJjbztKIFGFo6X9RwOLKxY5j4giOLFC4oQdhEqA4DlQaKA==
MvuiGuSEZOp410qtVcueNTpAmYIt1sxEgXsF4mMn6O74HZJC2GEDpiKuyW08mOnzUpiVoNXFHpKi/ZQDmqZG0gy9yyhp39S/3kzrlKarW0sj6MeghjKDl07gOvgXj4c8GEJB2kcmGitMbJC7s0vrow==
MvuiGuSEZOp410qtVcueNUs789OznQ7nTDmVzdcqM7M7ViJGb3LWf4jK7Qp6rPgXYDFpjLX8yxBhvF/XG84LX1GsJ+oCzhFlNJn5nFPrJ2w7Kd5FAW/OnRtidlmZkxqE/WIDavQlr+v0fP1WRbZ0Wg==
MvuiGuSEZOp410qtVcueNUs789OznQ7nTDmVzdcqM7M7ViJGb3LWf4jK7Qp6rPgXYDFpjLX8yxBhvF/XG84LX1GsJ+oCzhFlNJn5nFPrJ2w7Kd5FAW/OnRtidlmZkxqE/WIDavQlr+v0fP1WRbZ0Wg==
MvuiGuSEZOp410qtVcueNX5rrOsUyiYu7Z6VCc2v5rUWYlnutCQaoLzyTjP5vguQz/n9KVVdZUSWVlhuhfEt4tscDAlyVLUEilOrFa4jhu4ZE5o/2cjS0nLdVru8q/pvKQeIbkv84luJqALEeKeBSA==
0L0H2drt00qAM0Qul0PIz8V50UhYoWZIsNeAZ6riVYmih3u2GQyJyzZCj+ZmJtxTKnPKPGBUuVrGHs/VZj3RfI/lrmJUM+rhubhNOfgZ0aIvtACXuFWF0AypCYj32lIj/57vynnJ1ngU+UiAcYj7VLhU0dSaHb2+jCOVZR4nBp5HDcR9Pl9TdGkdQEzNhPOPGw6pzBJVJ8G2an3h4JeiAg==
MvuiGuSEZOp410qtVcueNX1/RnvQkZiGU29WED1bLThyAMXAu9v9plKiqPuftLczqth6/qdtgxP9GznqAbeKu+rUzOdn5WNFWf/CFAHjDkT5SD3/BwC0Zel2BVqNTb/GO0v2VSUGuzvKqWmMP9KS8w==
MvuiGuSEZOp410qtVcueNUHUByXB3/VDnhF+NH6DdZENwo5bDPW+nyF1tfajKJCiJpbN/mrpSXIOAAx/WVmRCKqeR7iGSAyUYL9firXJHbopOFoA6RH/nBDRGs9qTI60FnKNFLMXthE1rCX7am03cQ==
MvuiGuSEZOp410qtVcueNUHUByXB3/VDnhF+NH6DdZENwo5bDPW+nyF1tfajKJCiJpbN/mrpSXIOAAx/WVmRCKqeR7iGSAyUYL9firXJHbopOFoA6RH/nBDRGs9qTI60FnKNFLMXthE1rCX7am03cQ==
MvuiGuSEZOp410qtVcueNaowEOS4kj8mLO+9wbZd9rhouoBtRvfgDHjHBySxWCfCl5RTclzqcz/7jjpwc9AAvJltW84Y37s1Uxf2qjg61VnkMahlW6H/i6oRYc2YGludab2ixksP7+sHS3S/ytA6dg==
0L0H2drt00qAM0Qul0PIz0hwJlZ9UimeCAIxp6+3vVEoY/tewt7i+RdLaVFyBH9pVS/IG9N7Zyx8LBBCIezHeIMW2tIwcWKse8w/h00V7cDTDmOD/X0RxTWFxpk/eTjgd6k8ByHm7wa/iSK7yq5y7Gzqkc8XJRyz/KveC101qqIED0H80Xgq0kZEKHp5d6z3LsKHyCqq1AEjePzfDz5EFw==
MvuiGuSEZOp410qtVcueNdnCfCBup9fwvyRlXpOssgsCvyLWQHF47JD0bZv+PeGA0D97pSfiVVfEt13Ctwi1NGmjg062/JDxxDNS69p6D4lXpYF+psws8PuzUoB7cKXn+cEjSrWHCUyBpu7IvpcrUw==
MvuiGuSEZOp410qtVcueNfexlZs1Zvt9B2RibzHNrNtm9QEqzv4qN+hj3MdUebA/3yf3sZ16ThguRiwQgzynsRy4OiTXsSaGYRCOiqeG8rwfyYdZcwzD7U9ApIm2uT60srRD5IH+s6XOsCvCFUaM7g==
MvuiGuSEZOp410qtVcueNfexlZs1Zvt9B2RibzHNrNtm9QEqzv4qN+hj3MdUebA/3yf3sZ16ThguRiwQgzynsRy4OiTXsSaGYRCOiqeG8rwfyYdZcwzD7U9ApIm2uT60srRD5IH+s6XOsCvCFUaM7g==
MvuiGuSEZOp410qtVcueNbTALunbnVMk4vDkoJzoA3TLM1leQSBpoOhWuvesht1DWFtNmXyWxR3/QcM/kiwskCUiRxiawEVwh3/bTqac6wA=
MvuiGuSEZOp410qtVcueNbqceGtuzjrZqGc7Q3IiGNyFJUNDNxOIEiJirDiIXBBXCkAtND/3wSpv0/Bal/HeovkqvO5+y+3CKe6rlhzqB5GHbC8JZZT4+P0uanpjKqNpXeHYqSyvnkxZXz5Ijf/Upg==
MvuiGuSEZOp410qtVcueNUG61JjoyxCvaC55tB/h2K7pwKRb1tRBp3yEYRs0jPXBs15hwzJsZ7jCvoNpB3lEWfwndkL/5IwxB3qshHoMDYCgXyMiSS/eYaU69o00o2tBxRtDjll5uGGX3f3f8O4F5w==
MvuiGuSEZOp410qtVcueNQr5TPhALcpYa9YvJVNm0SWYvZTaDrkOUZbwlxKwidRihNptq7FzY0oyjB5eW5J8Z/MyeaQuhenEiI4OZrFW5/I=
MvuiGuSEZOp410qtVcueNbGvG/DnlJxIt23tlUT2Xr8txR6aywply/L3Cu/7Uiqn9NlUKas40TOgwXK5kNTRR+YLJhwh5pbI4BKhn83Xwms=
MvuiGuSEZOp410qtVcueNdkg8OJ+sCLb6MiY7O9nL8j3iw8ha7NSoEB+NXfNTum5iiIhChs2U+k5+Y0iohBV9weZu5vSTgx47PmxAUYc/B3uHNV43pcaBfzEAG5gbG/Y1Oc6B4oydVbHX81AElQC4yS3sSi/ow/nfJf7jFf1kiOuoBrLUWvchJzFZgGCwlw7zxoEXPYsDPi7yivzZT+oZO4cxKRd/BgNokhGLdJ9g35Fr77hOtAEtk/8FgT3fxTGM0ZFID3Xjvud97FauBYEo9+hMRuC+VEQ4NPkW7ch0CmYAEXuQlESLvlmCdyleIrw
MvuiGuSEZOp410qtVcueNVmD6v7E3xJnH+5hheUBigA4r+sqC60chGycnXUpE/lq9ihfmxWWIom8B6/sPNI9OuA5FGKOucyFIhRRPBcp5IBVQ/qYEYdUoAA8KYVZz8y1Ym2Sqnj3oo9mhQp6PmSx2A==
MvuiGuSEZOp410qtVcueNeXS3y1q+5VE8F8VXa/cPmc57h84RPIAVfYWbby/ya+pxW+nO3EYArZqt9+cgbrOfHc7aO2elVnVYgN53fq2rL+WUr+0su7RYafNiWaY+7O+vGlXMiXuQeKFNAikVNatkQ==
MvuiGuSEZOp410qtVcueNSmZHOQXG76g9vx29nYWZq7nsBrlPzWqY8jiyj9fKBhROrFyvfY1/GfXssejrgS5ppMrJr7ADukG3nd/jSo81NID5ewQBD97dizv/8zWEJUFXqHzN4AGKNfM7lEhYsAivX6pQTiDXpPvyo1j/FzWTQ8=
MvuiGuSEZOp410qtVcueNcTG3RU+7oSEDT/l3Bey2rW0A/VUTWNIi/F+IkRMf1saCEhlvPklTBn/AAxPqmQWS8IHGr9oJPHg6Uc0sRb76AosKivUvJ/3M6CIuOVfkEIFZVieJ3pCxLuxgMjTRmIAoq4zCRcrcFAWKhCDh4qs088voKCDbARVqN6scq9k96tLD8pkHBhWEAji1DVusQNujtAGs4yGZVD3z/tjakS9/Ja1TD2U+M59V2OWbCVxpOjXAXKZs6c/Wf5e393CAv09UTFJbxi2HjF0sUYrQv+ZCoQ/qHq5IyskeOJ+aJYxuYUZ
0L0H2drt00qAM0Qul0PIz+bQuMMvU1YwWGge8bQuta7pZZC37yBbdnD4nybt0k/XPjWfHqV3YRZZRhY6g8BPqb/MLMm5JaPNR9Dqpe63Ym7RtUg3cSbrA0tCiJNdiuDaf3JyrEroTQX6V8c1adk8UBW615/6riVd0Lv/nwaUTlkSSWCZ8zjwgY4ESkacI+wk3A4VJHcu55uYyrwW+UOe4w==
MvuiGuSEZOp410qtVcueNaHW5bBhYDxA8L98t0wbyn0TXZOxqAAGmZufxrTAv/TX5Ga6CKPppTsUiphJTqObnlGGnyZvPmWl/bpq3K6Hqws9A9Q0RHHBlAG8XZFbG0dnLqM1iyrXcJpYCBPKT15KGA==
MvuiGuSEZOp410qtVcueNe/zhAj+EeWN7yuXG1TV756+PyfQyOBpILGeKHjhSqemr+JEFUbB65PzlLhdvr8rTgwhqs0lFKBBQ+K8DEKq9WVe6dndY+aMvaN5lfO1ZW6NAOV5jNMCh25P7ib79GB1eQ==
MvuiGuSEZOp410qtVcueNfDPlVi8rtJtN18ySioTnD17tWPjGM6R8garBns46P5U/TSZDaVokqPJI0XfaUsOA+vzdl1GTOoYvoHMpJnIb0Ovff+auN/nymxMeOFRZXWrkJF5yyJ4ujPqyxGB81afjg==
0L0H2drt00qAM0Qul0PIz6ZkrgUr7RuySafZwi995MjJF9mPhlazhtqAZDW8IdnN9VgT50SkKjKYDETxexAJPc7uXlpgVNDtNR5wQUMrvEZR4PD4DiIR2Lj58ofWiwJ7dnmepS6OtWfiB9+ewlhA1VtE78X0171PAfi2u0rPf77T5PfcpZvz/Y84A2tM7Uuy5/9TFPWibl4MI0EsFGsp3w==
MvuiGuSEZOp410qtVcueNcy3eLseLyiZZPjBgDT+VUIegJWpWd5NhXHU6UlVXvVW3U3N27zCrGC8P5eyXsplfjJ/L0Xi1C36Ke/eGQAJYrsSGL+s1jKaOeI/EFaiK4SMRUPxd1dJChE+QJGVKw0VFQ==
MvuiGuSEZOp410qtVcueNWXV9Nto43YkEe0mD89+/iFGGWXMR1flniF+rEadYH9trQDgXyQNEXw2aEYaOhPP/4K6biX3aI/uyl12kPbLmn1BKrrx40vPMRMl7Vrr6gkzJIQ8GhSw5AgSy64IfGQBvQ==
MvuiGuSEZOp410qtVcueNWXV9Nto43YkEe0mD89+/iFGGWXMR1flniF+rEadYH9trQDgXyQNEXw2aEYaOhPP/4K6biX3aI/uyl12kPbLmn1BKrrx40vPMRMl7Vrr6gkzJIQ8GhSw5AgSy64IfGQBvQ==
MvuiGuSEZOp410qtVcueNTSHPhyU/4u9vu0VKI479swexlEzZ0gECVRK6t4IjkyiI2jVT+w1i39b+zptfAMJZH9O6mM/cmkb6cIc/Zn5zVw8fJDa0OVmjygPxGbv5Td4tP0Wecxl9xx5bQPemzqLcA==
MvuiGuSEZOp410qtVcueNTSHPhyU/4u9vu0VKI479swexlEzZ0gECVRK6t4IjkyiI2jVT+w1i39b+zptfAMJZH9O6mM/cmkb6cIc/Zn5zVw8fJDa0OVmjygPxGbv5Td4tP0Wecxl9xx5bQPemzqLcA==
MvuiGuSEZOp410qtVcueNUFJwL4UAZRtgGZjgFo4sRzaKtsjgI+xPXyQteu0tM7ZJcp5r7sfYZxGGcGc0iXlQH3NWrZCtZuApWjV9woCwIqiPTJpjuhCyB2P1vlueoUNFSN6R6kc64X26B/42QTTvw==
0L0H2drt00qAM0Qul0PIz98jDzdhrmT0EmoFxjNE+ct8e+ypN1gu4mpfAlWgNbZb/KIZQvxOw7cbnS212D8JvF6ax+qU2J6UogTQ+WcSjaNptE9YnKsPgcWv6Bw+jmw8nDyqkmgSKT8gRKt7Zhf5OAs61bdf7r+ZnU2hvsEOt3T+VJxqhMOJskiKY3Z5VljhCVnq4byRVBzzoHUkwm/+hQ==
MvuiGuSEZOp410qtVcueNVo5X0No5/IIAC2hq7KNeqN98QXKGVl+zd2sZwru3tjjFh1DVF6TOGmr7RYj/kKPVopY09GwgE9dqqTypZUnkZdQReWPm7mbJs1t1FkSYqUxOmAZBlsITlxEzegJ3ButVg==
MvuiGuSEZOp410qtVcueNRb7ss3b1QZF5ChpL2mMGe8G3eXGtxcx4bODduaUXXZOadg0/Auxs1XU0uhAmTXlBib2XjjsNtbrYXHysvO4dJGGxZFqVHMQlbi3BTd2MSo9aF674rWZGatXoyzE7FZbtA==
MvuiGuSEZOp410qtVcueNXf7Y6FarIWhhu5Vj/DbgjaOG1ClWu+SANXXvq+zJ+bl6iI7IZOeEd0t0xbPv0gYvP/5uYb2gjKbvwbuAwLwRuX+MlHP0af0V/HKaMVBOf6HlM86udrHSAWhMDnZ5v6LBg==
MvuiGuSEZOp410qtVcueNamATGuqzgX1yaC/8mfmXP0Mw4MEjukZvccbzN1JbCLP5nuQUHfjpxah0pONWDvydqr0NTclyRrbRAFCziOkH3RtnTivTFRC/DiQwI5aK72Cf8HquYfUPyA8nQDqHOM8Fg==
0L0H2drt00qAM0Qul0PIz7T5jDadpfXcbvkFyQDr+PiwhiLkR7DiRijiKKi3oiWhQzb1FZjOo9tH6/nIjp+sNVFZNOH0JPMQnGvJ2b/w3lCGAcHx+o3+qkhFaqYt899sDPK0EtoIV4enHcJJMre4ZaXtiSx7fuiK5tMd0pmGRH26zdmpwpXdv6l/33BsHrXtbyy1ztdyhBrUGzqPlexdVg==
MvuiGuSEZOp410qtVcueNXCYi8FfWqEVOSq+viBWOx7+f2Q80XaVz2sAa8El7QwYNHMYpkzbrbF99klAE8hUqtYxvKBrXo2M9BdSYHHAyynar64rTCVF8JfQX9k4eRUQUb1aBRyG4LZLRGwyGYSbeA==
MvuiGuSEZOp410qtVcueNdIRau4YnL+HBexL10lq4OUcQ1mmvYszhaQn5ptR8/PyRyBZs66/HYvxhuQSf22GgbDi6dPNjxIhw+v88aMHDUA0C8Re52Zu+knAtJPlhIQmtr2Sw+ecBUnUjpdxA104mQ==
MvuiGuSEZOp410qtVcueNdIRau4YnL+HBexL10lq4OUcQ1mmvYszhaQn5ptR8/PyRyBZs66/HYvxhuQSf22GgbDi6dPNjxIhw+v88aMHDUA0C8Re52Zu+knAtJPlhIQmtr2Sw+ecBUnUjpdxA104mQ==
MvuiGuSEZOp410qtVcueNZ94hxLetSrBFT8+NlNdR0wOubvL1iUcnyKwDLKuXvFVo6vQbsJgUhxuN9lu/YGul+Ra34r2Ooa5pVUOK6oCYvGEd0Hhq2UV6DsC+h9B51J3t/knTF+bBEET/+J1QWuSDg==
0L0H2drt00qAM0Qul0PIzxv8l+26BI3ds//NKNpbhojin6iUaJyiviB7w8cGd+T68EG1Q5q7nFepbTxZp11ybMl6HXPAUXcs/QhYyWi4tHSLIJ0D/rrsVe9mgorwxq2JotVrCCdBSjzaywuZNPxQ8DelHHateSJtt6gH49NV2Cm1vBIY5eVhNEQQgxdUoO4vXc1KPkMCNaToodZ9eUkSTw==
MvuiGuSEZOp410qtVcueNY+fuSZdbyZtggqIUr3+162P64AYuw1Y5MRNH2U+GmRDAdW+5Rf19Nf7NZzVA9/URUkYfhSIIbaZO+92sVRptRfKsL2weNy1M/AScmFWhqqEk3+YyU5Mz37+u4F+Gr6RAg==
MvuiGuSEZOp410qtVcueNSe5YwwDYs8InSdeTzqm3W5+E1Ea3IcrSMx8r+l//uvIBflxboDSo2BwKWwU3Q26nsIKhM5PknPPzMors/ggjnwgNHPxt70/m6rSA7PTqNiHqn7vCXRAzHp46ph2P6Donw==
MvuiGuSEZOp410qtVcueNSe5YwwDYs8InSdeTzqm3W5+E1Ea3IcrSMx8r+l//uvIBflxboDSo2BwKWwU3Q26nsIKhM5PknPPzMors/ggjnwgNHPxt70/m6rSA7PTqNiHqn7vCXRAzHp46ph2P6Donw==
MvuiGuSEZOp410qtVcueNevC6Xei2advdVp8SNwTkiLW9ZTNCkH5fC86zVKkv5KAylD6gCu7D7Y2WKdD5aX+bn7zXZsDyKIzgFSurQo2aRCfs5ZutMtZJ3OkxGSZihHaLbuG4RHRabeAyykoixgu2w==
0L0H2drt00qAM0Qul0PIz5Fuxnf84f7I5dztTungNN1u0d69YmDV5wFFWKURrehfpJ1W+FcS7KH7FQeT7wi1RcSUVseFx+S9gccr2S7VmS9rvR49hCvqDNlWAuxPsCRtHzQUQcF16/S+o3lACNQmHPlc+JnDt/qfDe0m31noAGYnc5VuV8EETRmVDr19ULABNr87f68fYR8kkzC3JkwYtA==
MvuiGuSEZOp410qtVcueNcXlz3iehRDZue/xTPWZklysqJbf4DWVIqv7ZpyhQBvrstnFISH3xw/VXLl1s/BQmFSyzChu2tIYCdIOFIt0obwB15YzJENH8/5WMn8UxQCvfR6O6X5c5FhISibX4es6ZA==
MvuiGuSEZOp410qtVcueNbjC38syWRRQ140k0DeVrsRYNMoyHvO1jI3/6RBzEvQ11ex6tb99UShBQEXMLReOW8wWa2D3v0Ix7m6PJMEXOuTMNq24aG14LlOQ9IZd2uEvgIBFlikdPmfSGT3Pe0kS/Q==
MvuiGuSEZOp410qtVcueNbjC38syWRRQ140k0DeVrsRYNMoyHvO1jI3/6RBzEvQ11ex6tb99UShBQEXMLReOW8wWa2D3v0Ix7m6PJMEXOuTMNq24aG14LlOQ9IZd2uEvgIBFlikdPmfSGT3Pe0kS/Q==
MvuiGuSEZOp410qtVcueNUDb+wyk3ljJy+bQGiU67uwfz/6pOAey65YxGbBgD9B0kx3+iZdWMRcvzViZ/CV/KviBvFW0+FnjwF5vaCNrQlc=
MvuiGuSEZOp410qtVcueNc1/Z52FZAXY8S0YtTHho4/Q6JnDPUxmYeH9QlEUeJU0ux9aelMINLhm7TCi+fbW/7quNN0AeNMZj0xlhAUH57kmxLFob+VQMBolCUmhF9Y1AtR4uw0slAhLktx6JqTe1swHeFTub4+ZwQNqt2G283Yzt5nydHUnwQEQ3keeuezMbhBLdhVukwjtDD0JjW35L9bo0FGLS6yMnbOqnVyeJ40r0UCM6T3qMBCp86iqlgL2y2MwcTAtUg5vvLAHIER/8IbJJSkO5HKJ8K3ONUnGApq12rkCnSDR6mz7aMoHUM6w
MvuiGuSEZOp410qtVcueNbsvoTpYD8c3efhQMbW1HV2UL8tNVZGyXLwHZgS6umtHLUQYk6gneasNM2WRoB0jkwtvoYoilL7zfhC4wmri8eqk8yrtkWPLgzGfSZPTQjUsMHj8/CwRaqCX4RLiP0rwrQ==
0L0H2drt00qAM0Qul0PIz8UUQH2Q4MmJipeknw5/gksLcphzxslxMRVR7YLYoLkB+n3UiNReg03dJrtB8dEOq7Syhesu1LtbjrZWLhF8GwUS4HkTIElgfYfF8uHZjYeDZ/ALSH4OkA1b9znw8NyJtmWrAKnyuiR7YcnmO5Uif1aGWAqiGS6fznMXgZxfbnWRF0lganJtVb42wML8thdYwg==
MvuiGuSEZOp410qtVcueNWT1G6TnFx/pzVOpN3OgzBTdJGOmqxZEaWS7zh+NVSM3E7Ts8meJ8nPPnFozWy+gbe6svOI8hOKJ8aW/q3sQec2XkvKNQF+illSlOh3GAYJYJzJJTkoF+HgZWsjpO4mGbA==
MvuiGuSEZOp410qtVcueNeWYOlQwBIFe71qVp8WwQd00TMP+gddZ4kb3jKBBZ3WSCwn6UH40SXDl37Idr548CttwVtHDZUyKSK+99c1Qrq+m68w2fD95yhrFa5WShhv7woGRjRGeLQ/vtptnYUUKyA==
MvuiGuSEZOp410qtVcueNfQti0CU8r1SYOt55L4EftBK41Qqx0BGosP59D5h9+PhM638S8xTRFhLY0IF8DlbHqB37xP+L9cbQyxZGLz6lPTcepjwS8/MvN2OyUHnGfW1MqKi1VoRlQG5425Qg5OSgw==
MvuiGuSEZOp410qtVcueNfQti0CU8r1SYOt55L4EftBK41Qqx0BGosP59D5h9+PhM638S8xTRFhLY0IF8DlbHqB37xP+L9cbQyxZGLz6lPTcepjwS8/MvN2OyUHnGfW1MqKi1VoRlQG5425Qg5OSgw==
MvuiGuSEZOp410qtVcueNT9g6JQShUdyEdOTgrJ48tW3u759b2a20RHD01L7AkLNrqEO8SajRc2LIvVij9T0BjI981wQynnoyHVO61KjVvxCj4s02VPTOmLmFLOaJfnO9Kt/q/0tMp7yer9P5RjXOw==
0L0H2drt00qAM0Qul0PIz2i4aytnn/M/8T7CVr00vu3sSIvELJ7qmz20EgZyphlTQWeyIG0Dl9hxr7Iq28PexIUjLpUbW/bEwEJaZXtPCxjm5ZmI+S+j+JSa1McX9tGyaD/gAzED9b3ppofuETtGgcZm+B90URe/HaM0wUopxlTRYHZ/XvDhooODPVi52s2xxQeSVxNTdXOrLBHGO6DKSw==
MvuiGuSEZOp410qtVcueNYj5vWkXxPzwrzvMz+6XuIPuMrHEGnqyKbYOhcc9dSyFFwrlg0Z3hMZFFgZVIkK5oIOe1Cp2Hfjsd8CeWgzXHjuFxaL66VZloKpTxpbP2tIPg3yu1+jUrgJUq+FN8t01oQ==
MvuiGuSEZOp410qtVcueNXVZXGCVSQ8IedcBQo73yP0JQNKT4g2REjosGvTe9yTuQ4smaBeVYGsSfTKsmMIwFdxK/a/VIER1PI/pOEf2fLWu03dVTsWdK93smDb5lsQlUcfs0+JCBh9NQ62UWXdGjA==
MvuiGuSEZOp410qtVcueNXVZXGCVSQ8IedcBQo73yP0JQNKT4g2REjosGvTe9yTuQ4smaBeVYGsSfTKsmMIwFdxK/a/VIER1PI/pOEf2fLWu03dVTsWdK93smDb5lsQlUcfs0+JCBh9NQ62UWXdGjA==
MvuiGuSEZOp410qtVcueNep2r296XuxK7lQ4B4QAwgGcvtcgw1GQpA7O03NwxK/wi3R3IgMqBGYCKymaBr+HRBiWKEuJWtJnkRTMa+S8+Cs=
MvuiGuSEZOp410qtVcueNU6UaQRN4BxJGzEQQamrYrtYOadfW1McJ0GWYXAmnC8pDg6fN5sF+sJvsHqJbC8eEJHsuCrrqoTDgz29DBCOQ3Bv9i4/i1zfoXOFaUidyK+8ubmezrbDkx+04nlV1uOi0ZMEzztmUuL5zC/y7RPY8FppdxhUEgMLO+52ovvgucpGhLxgbk1qCeeMp+fAdmXuQpasTQ85WiX31/OaXihxWyVllJ5g1fseUjCdFvUU8Wk6slkmnR+JH/0gpN3Fs4eCCPvlzbLnSysej5C+Gm+OxFVQTiOVcfvboxed2PX7NAEV
MvuiGuSEZOp410qtVcueNbw4E87zXtlDepASO/3lIFb8peaYO8ys1zshwsXxR2Kn1GL7veZKDzM+MDFYdwrahmZqVphBUjKBh3mkAMWaPXzlJ+09YlMrfmoJA9XyxSM/mgU+IzIRBamQ6AQhZ3IoUg==
0L0H2drt00qAM0Qul0PIz4XWWq/D6dc9VzbK3UGCgCluU6Pk2epgP7TpevfC2R/wAr8oyYsJERETVVH7vtbfvujDqASKfEdrZ2OACj1CUbCOqznQGVFgAIBO7Zw2LoY+guPpmuZzXgjLkCoO3vwJ/s/vrS8BLDfybuPwFd0Bo2g5iUz6rFoW94SXGrcp3qXlqwXSD3OSoFIZSVlNC226xg==
MvuiGuSEZOp410qtVcueNQep5FdvhW3hmHlXLx8yawfsdm9Ds4p4iD2rc+7cjiarVrCckFo+/n/Yn8G9wgUYfU6augYRHPW2eL0Xt11W2jJVfD/2R5+YJSZ3akol+84D/gCnUmbCGf5nOaj29/n18A==
MvuiGuSEZOp410qtVcueNRzj+NNUaykfeAMn7PeccZVy0mxKihhfYmCxaPNp5QHxLrInTNV8B7N+3CXGvFIe23ZTWl3ZrmeHidFV94PNn2vngbZKXzzOE2LftgW8q+fGaGsoMmlUVUZtj2vHRER3Vw==
MvuiGuSEZOp410qtVcueNcvlXsE3X9O4m9bJn/8AdXnPQuUzkYq0LKZKYP8aVw4/kXh2YJLntcAMS9W3E2lf3U305Su25iiBcPyUV5V5RKuj2b36CDXbgfDheS9ZVDJE+1i7c1cfXnRCH7mBNKKhgA==
MvuiGuSEZOp410qtVcueNcvlXsE3X9O4m9bJn/8AdXnPQuUzkYq0LKZKYP8aVw4/kXh2YJLntcAMS9W3E2lf3U305Su25iiBcPyUV5V5RKuj2b36CDXbgfDheS9ZVDJE+1i7c1cfXnRCH7mBNKKhgA==
MvuiGuSEZOp410qtVcueNcvvYEsi0HEoy2+t4CelLbsyjwyDlpugoVMUyQICAYodQoGF7ldNfpbViBXn4jFA7tPA7HDJyTDRrjlPpMjYYuo=
MvuiGuSEZOp410qtVcueNc5xDnkEkBcTHMOi1xHk6NOtTozxF3Wys3faB1MfJd7KSrlViup8efcIATiOhsB0kQDvmwkXCF0S+zKQxPk4lKAaJaHwuNwmh/8LOZNJbmMRkU4V+vxya9ArcgmHSGXZVA==
0L0H2drt00qAM0Qul0PIzxJ0hRLEnuLXheSRBoV3+w7QuezP0obuBnFM7brEgOACPjBMxDuBChdsh/usWTNWgGxQGrFQPT6MxxQSq5bOQo3JhrRSz4jjzFInQFwI5iZMVzzig0bens2eksUhxEJ/vHj77NZBlnDSl+AJz+6aWfff6uPpoNd9INwLyT5YDSF8H3MCN4lAi/Bvw4+UlRhpWA==
MvuiGuSEZOp410qtVcueNfkHkLa//7G+WWWkY0Iz67S7cXt9z9WeyTcmLGjbRbAdOzYjF0vkv0vMmSWxrbfev+CdjJ/Z4FzyXtFDFCBx6p0KixcPLgDf+qyokRXAdZFJ1rfOScVsILX4ZhSBt9W46A==
MvuiGuSEZOp410qtVcueNZF4RkPrJtEXriaMz7u7AEHkTLkz5qb5l0EoPwuu5Qf9ItbvOzUpjzpzcHS573Ldr5YeuuQjyZIH4+6zKy8Zw3Slu4FzeHKwrQ5OaH/IA9PqAFZg0rmIQ3dm6kyQNae2Fg==
MvuiGuSEZOp410qtVcueNawDQ0qAn0Dvettx/ZPD4OxwL5Xn8pnLc2jt1yRXQI3XfeWqtGKQJJ8H0xz4xGgl53E+ShWsbJd3W0rh4zGo9iy3F0pDSa1++yKdbf65Gzc9l3iMXFg6knF0m88OvvpH7w==
MvuiGuSEZOp410qtVcueNRcEoeCY7MlGaDAIlqxl8O6Wwk1GyRXJ/YDVWLQah7yW7jvtEl6eX7LOgGnuKSddAtw+ukDP71Jv8t1/Qf7R/K4=
MvuiGuSEZOp410qtVcueNQQf+4XLULOlorqiSBPNfj3LU9et3XvN72tChUEZYF6me1wh8OVrccEBEYxeH4YRtVGOOpBufrLw5uRVXIueXhY=
MvuiGuSEZOp410qtVcueNVTT93hla3BFfYhaQVanwxe3P30JrBIDiCf5A9IncICUzD/CBAD06a5ahkWbgyY0b3NTW5sb+DMyAcBeoQK4bNW5i6xv1DeKHiUiVsEdUe8/XG6Q3yMN55FG6h/PxmGZDiyq4Lz9hkM0EWoylOo2WNZTbpJKKXlvnJu6qSGB/n6WlWIdYfbKKGZCmjEM351PMpCGHVWgCgD/UTlC3K525KLsDbc1qOMzCjIckVoTSYe6mWXgk49AN7miqvh8imwD1OFDfG2mzFeYqDt7CYWrKZNKjNdNzo6ZgD50gzmo1k9P
MvuiGuSEZOp410qtVcueNUcoUswtR6YPQUZEWxS4DKO972h3l2GTEYFMyYdy+/UMQ/2ok33X/vYzS6mJUjjlRfewCc3Gxc6YHTcsl00xPAyD7UxDLUUku54yWVKF6w933D7wjp29yv5y1wp0NV0l1w==
MvuiGuSEZOp410qtVcueNTGrL74c3k9URXhvl+zIxzNtbSIBdtvrMX+RU5jXdO0BUqwXopj90p+7Bq3oNLBuXYAdHC/YPwhH1cxRFb8+nFNSCOeJ7ZNy4aMV2VI4fXnsMiDXNA7Hq+n+xgJr1FPMWw==
MvuiGuSEZOp410qtVcueNeTzhq9C1HwKCOF5LP7fbeqV4IHH4/eh2tws928AHUbKrJempIHwprm/qzkKg5UBYBUWNGuQLKEmWvg2kS0NYDLMaRj7Ju1y86OS81kc2pBa0VBz/tiTwkPa3x6kYkuq8qp6528gwqB8RBBkcoPMa70=
MvuiGuSEZOp410qtVcueNeTzhq9C1HwKCOF5LP7fberDP4+OrsA9YYODvcxRTHhkQfdvPD4w3F24c8Uo5p5ehMhkPZnlCvDDF5n6j0fXI5JKnEGHML/MyEcLj+WE/+DC+CCIadSpwiBNCO2SIscwprfcY80ndfK6mD3DnTNJxcwetVsLDGrq+oeEgvII5S23CIkKFqtPn+uTfKh1cxl9dZhfKW6GMWactIjcNieq30TAOdTM/Bp7nbe3GNpalse633WfSR6caPFDPNJt04WhzhXVaTtjesoO9XxWc/GCD4ID4+Z0/RoFlLj7hlIBCMNJ
MvuiGuSEZOp410qtVcueNbbMaPRIj18gqbjilA40jW7UrwaQsAb3sr1Z02uPUmSFRuSSuhTIad+GJ4f9QQATkPEzY6dsFZK9VKPdtWuL5OKzop4WPWN8zYez/1laYUJZNnkAnmRtOogQb+zY0mh2mQ==
0L0H2drt00qAM0Qul0PIz5OOufZ5zmf0GVUtPjkyFmIhtHpgktGGiRsg6CN8lkiSP1ECc8oRJiuDRQ7RRYf7t8cTCfX0qnWEhr6J4Gb/T0BV0+8AQar/BfcKQ5B4hKvwXx5x/bQI5Lmp2FkiIu9n6/J5HZQ09+A+nbajHIB1zxdDWQBfxvDIjRE/99ipMpPnCpJPKGRhd+RUc0OIctHRbA==
MvuiGuSEZOp410qtVcueNW/+6u6DDpspDnx2h+nzelAADzQ2jLv3WXo8cp0ZE+aM1+eMmNLFB67E5OL7miylysFMr4Tg0VAihsnlvHlSOA6ySHdBKV9TBgEdYnpfjDjxmw9Y70aynNZr8LfhE48GVw==
MvuiGuSEZOp410qtVcueNdoKR6DFsUDZtMQ2NAQIis6nLYDQtEAN1sjFoPrfNYoiMqEeuIA6DRz3AGikzcfH56NI23zRenHE76rSjAQP3DJgIHFCuOZIbBBALONjayZAf2Pi+8XB8eF7vr9DFylgNg==
0L0H2drt00qAM0Qul0PIz6wBe2/EF9/tdFR+YoTNetxQ14ukCSHyf+mhmqb15a/ZtInTBtiKq1dVBthbRvpZlln7V4qBxLhqCGEkZh6JmoK+NzM+/O/LRNVLHqPO+yqdrM7xKwNK64qJbwH/elaED7SpnVgPMehieqGtsLYMjtKxJS3EVonQiCGinTnzAAJUq7E73tKiuqgEBbDQpXbZWA==
MvuiGuSEZOp410qtVcueNQBhlwP0axsBhzojSsJGLTIfcNL8qXQWJ/LtEWGgKgqNNH05s0ZgZL+KrXDdffSft+mPT7OT0M6TzPSttL+Tw0zGc7Mh6tZuctts4M42Ve09UmaEOo3NgXd9gHXSzmFaqw==
MvuiGuSEZOp410qtVcueNe8uh4aCQVZXVWpZe3fX2eq07uS3K4mhbTg6ZWZvE0tB5IqTTVnFc4g9zxwZ7J2lzUnbGUbO8hyr1htcZqSrUMWdClksxMHlq8NeKE7bXPdI801hZnF6oEBk5gGS0Dz/eA==
MvuiGuSEZOp410qtVcueNe8uh4aCQVZXVWpZe3fX2eq07uS3K4mhbTg6ZWZvE0tB5IqTTVnFc4g9zxwZ7J2lzUnbGUbO8hyr1htcZqSrUMWdClksxMHlq8NeKE7bXPdI801hZnF6oEBk5gGS0Dz/eA==
MvuiGuSEZOp410qtVcueNYrgrAKLChfJt209PKh9LDGKA+Uzx+WR0QUG3HMU6CzlVqOd+bq/Mznef+IIoc4tkhfVjzqZtQoya1lnFCUbpoKvEeUdv8PAUjxODVKe496CLuxk5Z4y6h5NbkOyK/zOnw==
MvuiGuSEZOp410qtVcueNYrgrAKLChfJt209PKh9LDGKA+Uzx+WR0QUG3HMU6CzlVqOd+bq/Mznef+IIoc4tkhfVjzqZtQoya1lnFCUbpoKvEeUdv8PAUjxODVKe496CLuxk5Z4y6h5NbkOyK/zOnw==
MvuiGuSEZOp410qtVcueNbSSpp0iV9rwQAU62qP2rV82t844iSqT58dQKrofrcw7cknbJeQwKWhApTRJ4SHrwtf5EDfK+60vJ74nqkALPp5x9n0sDO8NZk0DSfn7lwFKS299xQ33N/qQ/KdyECTmMw==
0L0H2drt00qAM0Qul0PIzwu6J+zOcm6Wj/UqTkqU6nn766NC5BbV1vPsTF5CHr6Y0z6TpkzRMBTHnaUIJB7VUlvjpcx7UAG96noUULfBhD6RFTRczEa+RtCfVZrCVVvJ02V5gFT8vNoSkGkfw/64AsaOkwKYN+jUGOwuVIvuQQ5dDGv8TxWDHtnRHVnU5klO04XUGARn+xsprfvTFJMRow==
MvuiGuSEZOp410qtVcueNayJ8R6OYlbdmyUuqwiro86pAeGCAHOArdV4u4TAvHbZq+3RJaF0awCqo62NdLhqYmcKUvk1XmGmG6iGBGXnWACj9tAUQD88RwtqHeyrAc2ncYbsnvuNxzh+Z1IRqbWLlA==
MvuiGuSEZOp410qtVcueNZKzM67qA3YOuFFf8zwb+JIp4kp13Trd++nzKm/pzyZeqTSYO61Vg5iCD5ansuwfYCpvbtqDDxtnTfwL6T2lqQDKVRJOn/B9T51m+OgZrg9UbixJrjxGx1hMEssELY6ALQ==
0L0H2drt00qAM0Qul0PIz3wc4tRyHn5LPWOVN7K6G9qklN3ttkiO/ud1emDJZUubEufMBUSdDmPE2UE5fbm+V0gYo5Ac1S6OqEZSBoDGpx71HY9LMc0KJoucuxJcYcLZmOG8hNrMzSmUFl9zGd4IVGi9/X2giKexPhBC9qJW6R73sEuN8+wrRkV+I61OCzvuqVfTGlGBeKdTTPE9mI0Ifw==
MvuiGuSEZOp410qtVcueNXGmnG7NUK3rztHc3/2VGbJK1lp267CXzeO4XkXeOy/qdgPD+peI77K/PaDjV/U6gOs3HzyKKi6NUZUtYWQVCGX9Ndl1+LDzO7K4lPyPGO4Mq8Y6FuY0x9MBUAL6Owz/gg==
MvuiGuSEZOp410qtVcueNdTjTTf1bB+ZtKSWzHxSEEPeWwt7M0M6o67rHtSA8a4s0auOoE1ouIokH+EePTiEr3rQdMt5zsr8tVR3KS4TVy2GwDlIWqK0qlwKzm8ipQrst2t9Dz9zOF5/iEhjoUx1Ig==
MvuiGuSEZOp410qtVcueNQJRJQaemLffw61bMIw6WizRqL8xt+bFS+P8hPMWfX5iNVqeB0i3NO9+rn5pEf0TUPbXY/3F12/e7CC74fzWddRqACH1altz0qasF5HrXm11LwtWZrK9UE0zMrmQgsJwRQ==
MvuiGuSEZOp410qtVcueNQJRJQaemLffw61bMIw6WizRqL8xt+bFS+P8hPMWfX5iNVqeB0i3NO9+rn5pEf0TUPbXY/3F12/e7CC74fzWddRqACH1altz0qasF5HrXm11LwtWZrK9UE0zMrmQgsJwRQ==
MvuiGuSEZOp410qtVcueNXR8AxghxgaRpc5vl4kml/+8WdkhrXPvJ+xUUfO9fYqff+jMxhVcQGosEpEud9ijsQHybQgITrJVsN6m0jIucDhg6mHcYFhFmkPjKZmhdrnn2+NQzTb05j0oofAXVQIPVQ==
0L0H2drt00qAM0Qul0PIz1ZYXOfwhoLXQD2rpc4SeGGpALQB94MwpHdTFeSYj75KkzFP+SAl69XflUSeB3WYAu6/spJT5IHVWLq2GSvFP4QcAnJzqwtUT4yvynX/A+JlbsNiDAMvn1GakwvTDmMCc9jnSem1yeplj5WaiyqxcpOfH+PUvONBJ73TbUef8prh8ruHj/GU8JcYqeE9jPVN5g==
MvuiGuSEZOp410qtVcueNZzwACDOT1p0YsjgicD9hrpmt1mnfP+q6OV6I6YxyWDzuyJHnLJCfiKF0mZEFTAS+tEzgIuUA2EDeLe4fSu4WmV2/IlcRSz7wbM4kaKcd5xcESlzTbQdZwEj5ZF4LZUz6A==
MvuiGuSEZOp410qtVcueNfDDWcmxYyudrSd199yTfCYYIFN3s4/XuqA7fFhAZy399Rci5eCCfnIPB72bh7L2JYBN7zY9ZQZwpBh+PoAPn6KEjsluPOOSHNlJpNXh/Kqxu1dn32iJ2lRlRljqB8RaLA==
MvuiGuSEZOp410qtVcueNYeGrFYF/ncz1GkISVy1rxDCiGT9CYle79u/Njc9skQnSRLpc0i74d2kX/x4FbLEELr1O1UhCmhhPXVaRPI1hDsVHc6uV8lodA88NXn3JZpKb40RE4LffPU8maBkqsnHLA==
MvuiGuSEZOp410qtVcueNYSMRFPtYzN18dS8KfogJyyhYv3ZygQQwgd4itOjNlKg1VzbkWutM3/j7L5IUlftChe0p1dDEcpSX08b9iohUblNWBR8i9mVEnWkxL7KhHURYd7094M1BcWeTdDn039rPA==
MvuiGuSEZOp410qtVcueNd7SLSJVCb+8r2M9qLQkeQshCTVlZY/l9XiDdNqP85wyVp2/QPdwc/t9W/rjBEMLxfzPkV+KZCz/D1QXkqYksfI=
MvuiGuSEZOp410qtVcueNdPwmjzND+zan28zvYYcRSC4rivR7doe08BDLeLFSHDa8oEXlpauIgUVYqCY8eKz22FB4PzItIUyVWDRDRi/eZAOTTR3w+17M5e/EzNHfWH8uYv26gnwq/OCBMUdtZDm0JNr4NwgNY72lQlp3HE+w2tbJLCnS31lOUfE22HjhywyI4gpRNdQpSkH+6PRQ3pnOFkbn7tHeHRUoss2qvaHEh6k1AsLKOXKV024N4Pud1pibPb3AOuoaPlso2mrczkmKbIBfP4z5ld9KXY0QmfNN1EQI4NR9+8t8K6SCzgo5aqf
MvuiGuSEZOp410qtVcueNc25T8qUjmmedIXONBqu7cJX24kSQa9r8lPNon5Bznq4sfLebKqWZt9eLDpM20wVMWshJVb2X8Uv3Y1LExcF3qjihVW06UhEBJhfJlv5zExcfyMgzmaoLKYChTztrZyujQ==
0L0H2drt00qAM0Qul0PIzztwdWOOkSya3MPa+cG/eacu8iG82AwRmRVzyQlUlm79a9jGpZhtPl5J+8Hp2MoVKBi6DY9TjdE8Ie0G2Udkr8OYe3h4pZwPqb7OvGmdb5ZjFZPQkmy1+xFXFD2/0xNAsFau66KDfM6JZBF36ZM9mU34jMhielbSwkK2en9yrX0T6+gZX9CCfpKNhwcYm9DW9Q==
MvuiGuSEZOp410qtVcueNVVjVEZko7aDQ36ooA+dLg6Mk3JRvYMuysiSroA44IeaRfl2L/hqP38IwibGvnXKaCWdhs9ZvknN5tWAjAOalpSMpmFKA8cq0ufHv7u/VpQdk16TLJabqI/X2lSxus17eg==
MvuiGuSEZOp410qtVcueNcnOx/CbtFUnDLpxiXvmXjGD4MmtW95R2RQVDociaNE96dt6pnAknCBmCTY0P6GSfqz1LTFNWnu7EnUc7QZoPE+RMqMzVc/r6jORCSzf0m/5IHGz+6fjrolc2u7K5m7BdQ==
MvuiGuSEZOp410qtVcueNf3y7lKGDel5FiBv+yme0LqO+ijJS2pIu/qZWEbo6y4S8cwSVZFKp/vQs2E42SknBCxxs1jWD72XQDalCcCFOarHnZugEieotRgwqNV+IXaa/DrqUDt/cA7gmtIDtBon8g==
MvuiGuSEZOp410qtVcueNf3y7lKGDel5FiBv+yme0LqO+ijJS2pIu/qZWEbo6y4S8cwSVZFKp/vQs2E42SknBCxxs1jWD72XQDalCcCFOarHnZugEieotRgwqNV+IXaa/DrqUDt/cA7gmtIDtBon8g==
MvuiGuSEZOp410qtVcueNZj9ourt8GTUejzhgjoG3L6FChvVwKV87ZqXnJjg7K36ZgbTrSwkKSmQ+DSGK858FC1OeTqysQxJx/tO4yUFlKt5jg2w7WKPbOV9ctidqkOOiwOJ2dd7uhTUoIjdZC+7iw==
0L0H2drt00qAM0Qul0PIz2BpgOQJA/Oq6zPU7Jpt0TtNmkJSxNcJuNHiUZu2T/x8CN7bwYj4RGTCxgLLqI8mYiSz4Z5YqYjWKQb6RrjgyRO9hqqf3zw3bWqSCdYldCZdIxWjbVHuIU7+zWXe1y6k5obvSvg5yi4aV7axLboBGhMbFPwp3FjOkKrM5MI/AuvShZjzFd5Yvzg5s9lr7qF4xA==
MvuiGuSEZOp410qtVcueNedT00uSmrDzAHb8lpvnPEUBdY8JShuWWLtiLX7S2PCzDDbp+ZdpC8WQaU01w3EFRK/K3G2cHX1EiNWd5BacwRi3CbpBDnaqWnaoJgm8qxlQ29rZYSyZT2oXN5r7aVuKXw==
MvuiGuSEZOp410qtVcueNQSwRoxqxE9GT10tCDKkrfOHh5rqQYP9grb7P7RupShFvd9HPnPU3uKXpkZHGGVhe/Qf0EhEUyZ+6bbf/5BDbzkGq6BHlSpU/IoXky2lsqUqV0rqFH2GBdTgbqjf3IB70g==
MvuiGuSEZOp410qtVcueNQSwRoxqxE9GT10tCDKkrfOHh5rqQYP9grb7P7RupShFvd9HPnPU3uKXpkZHGGVhe/Qf0EhEUyZ+6bbf/5BDbzkGq6BHlSpU/IoXky2lsqUqV0rqFH2GBdTgbqjf3IB70g==
MvuiGuSEZOp410qtVcueNVv9dkU1bcpkEfxLrIOAkP7h/MKafcRs5uYTsAwCyYA4NYk8ih6VVzyPy1Xh7rhqCDj7U5MgFEoMFtVye9E3YnQ=
MvuiGuSEZOp410qtVcueNVv9dkU1bcpkEfxLrIOAkP7h/MKafcRs5uYTsAwCyYA4OdM/TrG8fePfv7Oq+M3ejDxvK/W/ynB4CgIIXR8R2KyssnNnUOmYJvymPWYMbCWtkfWmstMMmykny9/fS5CZ3AALNinGNn5xDFXGVX3xq12E9xAHNXviSqJIdgYtx1d38UwFMvErpu9wesFVBVt42mMdiLv7kAww46jMk6Fqq/Ss6NSAo7NZjb8HOSExyUKiibK6G/KeSmtcowzYvjU2H6V+rr7hyb78IXOCrzSMqkI8yEh5F19GIDjTiyKFiKbO
MvuiGuSEZOp410qtVcueNQQtRmT/IbKn06vf8o4kZcaP8sgHYmdPHtcCtl7b64J2cBu6YHs6254aQwwL1fTL27GpaAPkNJOsvH6DOWC/832IGTlTUACO5Qqv67M0UOQVtjv+KdwTy5WwM6FK7Q3NyQ==
0L0H2drt00qAM0Qul0PIzwXT9jHx+LWhStE2FuJg9Y1eAi53fF5dUbeu2gkmbAQ8XUX2EVTzFyyFOQ3RsCJCJMKYH2q18F3YHSCLKygo6rtDTgK/vBkssrKuOtDJ17n9SUkKkCDHgq4XQQYeoKJKrWqy2YGONNrkhESGvh+GZdG/RnjkL3LM0yufM2iwgACi2/Jp18tzTpfDq+I+LvgMRg==
MvuiGuSEZOp410qtVcueNWuyX5OzcI9H5bDJKOejo5g10Hk51+Yl1UnBFxl38fMzQJePtp08ROz37fquy6R5FcB8LNhvA/blZO1eAGb7e/4mLXJ0oo5dqKu4kQsOszPEIvDzeu8HBIh6ujRGXDpUyw==
MvuiGuSEZOp410qtVcueNfj5w2SogoYGRA9YhyVIk2gJJ3VGM5FqNBfkCB8Ww43KJSEnqQT4DcHaan22MaiipHHv1jfXXh9V5usVRNRpz90De7HPntRl/YRJcGXdmY1Ow8F6Kic9gjuD5r7Fei+GjA==
MvuiGuSEZOp410qtVcueNYH4iY7xNq2lTJibOMu5nITiqJaU+fQIJoIiBFXVPn7TAKeKUbkdNuMgiLI/KUdtJABfazpHU/FtFUDMPHDX36hy840WlU/INjaRI3R6Nb76rZcvH9C/47NozX46/MgpfQ==
MvuiGuSEZOp410qtVcueNYH4iY7xNq2lTJibOMu5nITiqJaU+fQIJoIiBFXVPn7TAKeKUbkdNuMgiLI/KUdtJABfazpHU/FtFUDMPHDX36hy840WlU/INjaRI3R6Nb76rZcvH9C/47NozX46/MgpfQ==
MvuiGuSEZOp410qtVcueNaV+n3P0K6czezcMgSvsBAn407/cdFOXmb+N0gx7TZyZn50kI0dwG7EjckWhh2pKfWWzAj6OvUzxD8tfMkR3MwU=
MvuiGuSEZOp410qtVcueNcEGV45bV+yT5UYyhYxowclrgJPyQ3cMEir1dzegdZC4Sm0Mp52UIfZAxRgEn6ZR9XHg+pF0JDQlnhMTwkEPvNNOe/S4MAaBijwFBjCjOXFzR2JPNVSjjWI2Ei/aLg1vnA==
0L0H2drt00qAM0Qul0PIz/MCghLitgChPjqxgMb3JzfS83eSWSoxucvhcOXbTy7cDjoX8A4J7krFiK0gPeHAGLugOUkKwTPXCCvfRya+q8nfNytmBskQBTuaJKegCjmVcOSnFQlt6ZMLbZHNmqOFUWLqq9pm8JdCkfZlXM0bnKbZsShjMQJauq27fTuANZyAOxpBSylHbscbPccfhQ56hA==
MvuiGuSEZOp410qtVcueNa9D+efDjZJ2higumPUAtlEU0D2+wBGbnFT8I5LXCijC4U08DRGVHhpKTZUvDfx7VcfmB0P0/52OXx6134bpRuX5Uir1Oi5C8fIkRX86GzljQXJ6JG3EyzwPT/5r9JJaxw==
MvuiGuSEZOp410qtVcueNRnOVhHKaHkDPpw7y28yPP0Wd7DlAg7u+ZI3uPr6VF30quBmC+t7nuAMePFEDgHjQ2l5d6mr/YwiuWyPhrCgHKxtQrprWBSP8Bdii86HPzMwrqjr3cNAiSG5YbWJbOt8Og==
MvuiGuSEZOp410qtVcueNavcHt2lFGV4r+sUPClU3Dv8Xb4FtAGHNQID/03nga5mhrocGLtOPwK2VCeQNOvlvJpNHPh4L2HYo2Pymu3BBOs9bBzuBAm5tF8BtVqL4pcJoqnJtNmYXQHRXCNDmHvKOw==
MvuiGuSEZOp410qtVcueNSZ5S0tsMBmuI90A8y7Yzfn7Ib83BBV3qK66KxtcmFeba0WCeY/dwa/w7alGUdrLXmcVpV51slnl9u+I6YpGwU1CPHCTJpSkbRL/+7YS9ypzK0w7CuZPlxWpnSVLq2OhUQ==
MvuiGuSEZOp410qtVcueNddW1JQ8ZDJFqViL42e1BLNquyfWrRqjJHV8jgcvfWeN1a8o9conW4r+BR2wsCOb8p0uBgC74/OWgJGIM+faNuloZ43QnTjvBUR04CRjpMr0f9LkKpvQqU+tKx7SUptevw==
MvuiGuSEZOp410qtVcueNbxOmlAh5kfH7AdnuxwyZ84hxkvh0lEba7Af+9BJHFDtJqxu/oHT6bRwsk65weOVmwCu+7GWF+gd0rOVkyfiFC0=
MvuiGuSEZOp410qtVcueNajW5EP3c7OOg73l/SftlytXhz3sfTqqXb2duxvw0EXSgPXMHTdcTKqQ27AXds+VZHNQl0URNt+tM51Ru8f9gkY=
MvuiGuSEZOp410qtVcueNZN5Ri4G+We8JfDU/ny67ic83Oqh7ytJ6GbGJQzWebzEuaEBZxcxmBaHroeiDxjaSWl+LbHYGsHcPIkOqhaabxcbmh4hTx9hD/myfPzQDQAUUaPZ+2X7xc0q8o1pTkhRq+g5N7NsSPmXf7nURUger3hqbd85wIbHUqbCIYv1lgmKXtIeRHulkTY2Ox41jy4/GAamSvOSvzLiAz46ZkHtnQV6V2bPw4NzkQKbBxfEMpHJFWUloeYqa4uYq6f1khoLCcYxt7sSEJxobsNVsPIRUr9z4dQUSFWomD9p24RZtfzD
MvuiGuSEZOp410qtVcueNbtSl6bBuc6NsXE6Gz8nnBrFPab3F+LVoW963SUxMTgN/UFE/B2OOsOespsJhh61jP0ZVQZ5OWjPT4kxfAwVmpKiNjya2uv3XJQO40QpSakTcjhq5jTckTxLdLeWO0G45g==
MvuiGuSEZOp410qtVcueNVO00LCSF/5kzjCnoiFjgaYe0DkrA3MoERQLsiEeJwNvU87nH71padqxvM1tfwELybq6b3B0dLChLlizQ+CV4HFJH2NqK+KnCmGRH2YNRWjXmNL6GLDuvOBVPDbDCbHiqQ==
MvuiGuSEZOp410qtVcueNfw5TEcQjFDm4Bw4VcWpoVUOLblZng8NrypujEJpwyHz/gjbPf9NqP19AdRVhWQ+r5jaPWg3BesQ27Nyb8b9Qu2h3yMhffKZ6DSfBsSbfBRoTcXXebOtbGFA1T/+VspHKqNYiIROxCtxYbLvOo6ysSw=
MvuiGuSEZOp410qtVcueNYZBJXnfuLQC1Fk200cibhSf24oJ/PW/yZrAnlAEC83E2CihQdjpgkm0rBIlJAcUnBuSfOEQOBHIbX9PZeDlaQCfnP42xiiVfUsC4zAjvm3qfJsN/5ewYfozlxeHMyiSzZxFYlEr6DnQok1xtSHrMJ1otbO9zwOIjEgxjQVzsntX6UqKX4F7Io1PhiuTT5qsT0RL6ArSInLV36tEIdiojp6ycI9T6NiR11k7wFgvc7W8q8s3sUNCmFKEgxQMNfO6JMWND5vuKtxzgfeDj+O7AncdiNZlSjbvGXq5pBVrOVo1
MvuiGuSEZOp410qtVcueNSaTX4IQpyFnJukf48BByMr0nMQ8cIOqYZc/6Aka9TalvZgkZBbovrZYO/p1Wp22hK+owhWexpmgnl59kQEng1yu/TsO3InXohNbfG4fQrHLTb1no2W/6/QwNwg/eMmoUg==
0L0H2drt00qAM0Qul0PIzzXu+QVgDVZcAVs+s4GbrgKE1WQt/MI0DM0ooh5ipyVWtstQDZBjWES2C8OBtsfIZztUHT5an8Oxuq9llC6wtRWW+7O4AcBIC72kfS+1vlXLz/VS6ASKayRabbo7hmJ6Oa9Jl/r2CwmkAbAVbLSOWHZr0izjLJfB72/hiWX78MPClKGT+uWLXW12Z9ifGPRsSQ==
MvuiGuSEZOp410qtVcueNYC9xrUIIPPtO9JRqBKmFoSi/5AqtxjL2Qxp9jqwtHmlAnNDgA9TDGRBhRh6nvTBbpMbJ8PBOlT2NzozozTghzaVQ2otBFB6zbDgsEJtHz8Q0/n9Mhdg3igwIFjDyukKhg==
MvuiGuSEZOp410qtVcueNSGgUE9SBCzr8zYRT/9Gtre+txrr2JXAUlMiGtp3hnv5TiVtGRFxi7D2O4E9Z10QtoVYsomR1/RwTmnA5qCs3KWYeCyI2SvLB8G9/pAzcz8ypHgXJ4tL2v7zKov/oE/Y7g==
MvuiGuSEZOp410qtVcueNYnVWx1HIxulnQcpFO14VIJIEqyRNRkBkIWhkZpUot0JjrDs+iSJv2t2eqHBnS8ygoks59PWLoLz7uW0jwB+DKvOMPtGx7kSw/wdnS9hCyfeA6x6ajkP/+3O1HNq4uM+gQ==
MvuiGuSEZOp410qtVcueNQgHWzw/rbaRkPjjPdAQ6owaEhCJINqQgUe83yrrOzk43v65rS/wY2yWpAj5aVErGVp+zApUtfT/ziNt44mSioiW3u/sL66XluElLlIBdufi0ZLc0P6hLWSR2bC6bJdSoA==
MvuiGuSEZOp410qtVcueNSi5ssRmM/6ap/v63TsXC4f5CwF4JkYkX1auc1qKNokvoG9cjHt57qkdp+6UOoNW8Cr9kdWhhee50tIKAqDYOeZeF0C8WAyMT41U2w+4A+RJP3mMXCUe9AJn6qfxGDoZNg==
0L0H2drt00qAM0Qul0PIz6SbE7kKI20s5KmN+8oC91dJRKcDvxt6SAcQGUdjkkLG2Vq28RbLk5K0ofQaFseRf8TQa9o/CyiEwQvT+ALW860OvPJHYGpvTrH8SoeDXhEwaerLA4hho4O15GFSuosacTeHKUcgnX6y/CvpK0TL5GbbnWcYn82WdjAeZ1DEh72c34u10KmRh9mi3WrdfA3flQ==
MvuiGuSEZOp410qtVcueNY8S7OdBHx+gggWSCQu7MF+gqT3BuHT8h9kvRKV0vXi+MycKF5pbUuGGNz/0FfbZwW5GNlWRcxPqRu64L6zgSqm1KHU/ffZZ6oJTC2G5yDZRz8/Dy5MOHcMW92Hy+tuQiA==
MvuiGuSEZOp410qtVcueNY8S7OdBHx+gggWSCQu7MF+gqT3BuHT8h9kvRKV0vXi+MycKF5pbUuGGNz/0FfbZwW5GNlWRcxPqRu64L6zgSqm1KHU/ffZZ6oJTC2G5yDZRz8/Dy5MOHcMW92Hy+tuQiA==
MvuiGuSEZOp410qtVcueNaRmS0u52LgT75HQe5E0kXaMAVoRPljAJtNePmXiAmacMie++5oxj/Ppkd47T/IueLx1M+YTjhTtwd/VW3fLSaO95FrK9o1muCp6LxhI91zN4RtnEWHfZln3Xwz607eKvQ==
0L0H2drt00qAM0Qul0PIz0qCi2Fm7Aeibw8l/voqtxxIOmI19OZagLGVh0pH2QDTlDUSkJDBYnlICxczvJu8ne2Jfx8KDxr9iIweCacUUBKxPWPmVY9qbH6kB5ZI4+Y7CPlFMys0pPISgGum9UMuM+q+cwFwZ2cpxXO11pbOj7S5/fsXmlFu70KM6rJx3nzQM+VILXgFR5dokFGdomwpCw==
MvuiGuSEZOp410qtVcueNYqFZT6ImaKrf1kS9QomuXPlQcCBtYiPaiaPFH04aZBEkCd7bUe+TGEICBNlkYsghf8BYgM/VcIESBoz8/v/xE0Z2cI/k7QtrvhZa+kb7yQh6uyx1cVNhqBQ+b4Kwv/xhA==
MvuiGuSEZOp410qtVcueNYWF6Nu1m3QwhxANZMN3qlpcqUXv9xb0hDTInaO9bnbIOC12TTa6FLI6r4IatrYtgIc2PNFO7eYZXFEXJ1JCYcf7cipVepuuikOEc34dEzlbC0a6BxOr1FU7CGvlLkDlSw==
MvuiGuSEZOp410qtVcueNQ50oU4d3ehQXMGtyI1aBVYrw+Ba7SuL2/uVgL0arDwUmqTZXmqhMqFsdjYmMHffU1nXqD4jRzjOLgzMm/rN/dIjuTtbyThE4pt+/+OX1pR04l9lox/hf4rfWdGKd1UOpw==
MvuiGuSEZOp410qtVcueNcji+jizFGnbfuf2dQWuyiYBVHVW3CamCUP6W/u3T2UVosWGsmI4lALsN8HNGG9BFResdl/rk9RwCRY6VDtj4Do=
MvuiGuSEZOp410qtVcueNYkCNDl7H3CZtXC5epXhqM0211lnKeC2G0PPhW2lRPDa754Gmie9nCXpxIDb30gWQ5zkumVEYdMSVfOm2Bfn3su8j9f12q5jk8ui3ejNaKRpkGrC/BhTrgcX39vs7o3QCA==
0L0H2drt00qAM0Qul0PIzyPn3TqRk3G5hINdLoTbiFxWOjYofgdj/vsB+Afxhtv3zoNMY2F6Kf1ZxsPq3JJcB0uK1xsd43QGhYz9IY7kUysRrYcB5qT4y1rTsA4tCRpy9UhKITn2n4wm7y26RTp2kJWumkI8b32mMYmkUXQPGMX8hui4s5FAMqhlED1C72kuoyMibygZ37K8qSD6lityrw==
MvuiGuSEZOp410qtVcueNarnzlsphlXb5E/lKv2cOkRO2LhWis+cjIDUr803ROMimJJmsIM6talkoOg2Gcs531q11nmnz5aSjXJGGPzjQ8Ex9FWyNRdbYnbRI/pQqS73oBCVjjbN5AECiwMT4B5lEw==
MvuiGuSEZOp410qtVcueNVspMLuxEbz4SOp4WLIYe5dTV9WoeEdm1KmWSbVgNu7Olx6eFimCjF/UqwIyHyLUpfrMajM5xKEyAgiHGfjRGNnmYvTf4TNhui4+E8xic2XchsjQBnmp7ECjBlA+0izXog==
MvuiGuSEZOp410qtVcueNVspMLuxEbz4SOp4WLIYe5dTV9WoeEdm1KmWSbVgNu7Olx6eFimCjF/UqwIyHyLUpfrMajM5xKEyAgiHGfjRGNnmYvTf4TNhui4+E8xic2XchsjQBnmp7ECjBlA+0izXog==
MvuiGuSEZOp410qtVcueNWTnRhH5kGk/EYCR1LGxxg4OUpMNIedC1ji0BIU46auoq3DSQnsk+tEXRaIlTfS66Vozy6HjgWhfStxtdFZunjI=
MvuiGuSEZOp410qtVcueNWZADQMc7DKuRn52tIdh/0nMmMek1XlWM3b+lUerUA23hNNjQvrGGTFMY01oz9Lhb24nbjfln2o0jLGlZxAr5FRaSxhgFpBtRGn141jveiQD0jc3tuxxur0AfVBvdRXYowmy1QMXwT8kvVN9QdjpIIfU4v4oYcYZQMaOO/l1Jg3x6+wgyI6YvcFEUFxd7BRa3/NeviqZk3EqrKbrv/o3YpIEiRFVnfYkn5AOedlCsCr8hwtvcykoRP0GATPSW7WQWWxyDxCOX8ufPOUl/gZqyzz8EWhgAcH0gwSBGIIoyNko
MvuiGuSEZOp410qtVcueNe1L3V4hcACmqyYryP3pkBHNbz6yEf8QSwiPtaYv3iuhgi15sRONWMqFrlY8CLSNP1LKA/quclUFnONPQPM04r4I1jesSL1kbRkz1MVOuxskpIO5FfXWTlCiKWV5cDJqDQ==
0L0H2drt00qAM0Qul0PIz14Fo9JqN5SaPHe+ikhx+DzQf7rUI08E78ZHlFHfzcN7OJC96K6MkfV5BL1MYX5RDXA8XV5mZxwxSOhd16Ok8t7gbkQLDaauJKSolVMyfb7BrwH85gfdUoRKiHBR+VR/yvzYUX73IiJeuNy7f/uK5IHykz7ZKCSB7JjuptSnNf90zl/4gip3IT/NlQ1TdXAr3w==
MvuiGuSEZOp410qtVcueNZJMxd5mvTxMApXNN+Xejs07O0UvPAZFqu3Z0dULt5/IXXFMMkbKy/SPTtnqtvybMtiWUOTZBMz+ZUkN+edlUHpXoF520kfMVed4bLHuddRTpPOGuGUyzT4uqq2FnrxvxA==
MvuiGuSEZOp410qtVcueNSpQwpwgiJ7hIDRiCxsHri8QKIdR3wpuNX7bofyGvFrR06W+E62rLVYEIRlO6o6ExjtIe/KLaYbgIeZFM/qwSu4xBBKxCI6KPo7DB+KrH+0FCBNsQBZ7YuhEcrwC+msRKg==
MvuiGuSEZOp410qtVcueNWs5L3dQAFdpRiqPmLlw8ku4LuTVqKGHXV21n/iUV9CD+kEDXLZ8vQ5Un1slAv5bySwdBQgCko5ePz1DbW/NtHcWr423mdghQa9O3ZNM3YihmDej2tJY+8IwvSdSCuJA2g==
MvuiGuSEZOp410qtVcueNUe/1gIPVoltEUzt9D/TVCftAqtGbMoAEtOIWoRkbzGUmYe/g/zwlzrXguDAq1M4npZdolrk72yzPWkxR84GzT03vW0/gXSS0KYOGT/y5IQoDEhZ3/wzi+Z0rGZnSecUyQ==
0L0H2drt00qAM0Qul0PIzwe0pn4EfP5fIs9SrOSirgV4u2ojDtk4mJcyoNy8hUnRQrKYCrsZY1cMjuOh6VkLQtnuL8MyOCmN0il9aJFOPZCZHEonxewuRfhVbGZG5yywi/okSAbzTgYpGCmiB3Q0hphkda7kS+rGWvq05O8nIy0vdMiCQregAVXbG6HTwvOyOoHpb8ehQ8KKFO6LKnDkVA==
MvuiGuSEZOp410qtVcueNRyCl8X5MNhfbrdLspoGmGZnXpzcffuaXChwEVZsQh9emO/A8unf8HXrhLvJ92S7ZQbnDnLtNDamVym4oDIZeosQn2gdaBwGUyPKq4byuZFJ8H4aEcdG5+5uVt5XoL+vHg==
MvuiGuSEZOp410qtVcueNTtCp1JXm5CwFo3J1sVGUlblTz/Y2L7vtdBLLfF4n75JkpAi2SlG3e78ZwCUbSiqtW4B3hZquqjpTLU0ahWuGXl/WhcY14d6Vi8lfNxPEfktsl2l6RVxo6XzfTmM+sbWdQ==
MvuiGuSEZOp410qtVcueNekCEz9M48kt+mbSCfTpiawCB0Mj4CH8r2HNf1JRJNT5R5JFl80/rzZTfWj4RnD6baA4dJt6duU+uZgqsQhG0CZsw1Nj76hJUdxU2N/QEEJR24zTMtB9a5QCjjwcvf7rMw==
MvuiGuSEZOp410qtVcueNWs5LqY7zI3xMKW7CIfOdcaIZQTVlbD1U1dW30vTRYhZGwid+yqOyv03gBSjc2DemvGM2NyXf/JCDN+G6yrX/gRdNVn2xL5ioC/ayDxf+FxcPZEjer3F+h20LJhLGEY0UQ==
0L0H2drt00qAM0Qul0PIz5frYO02/LsCPTUyC6EMbUmxIexqmooLEsPz/xxE9pbI91YL+g9LXnSMytKnpmzwcq3Wvj6+8Y4GBeJYaQnbJ8kjAx1XcYWNMoAazChIx/M21cc+DZIOyef0zL3SkjVpc2ZE2LvTvRrUS1okAaAjtnIQV2nNvRVDu4x/M26UJO87+6LDouycK5WLdMAo3ne6/Q==
MvuiGuSEZOp410qtVcueNc1dCTyp/1nAbyF2bFC622EiTcm33GThlwPFOf2fQ2igt0Uut+X4Qv/rrdNcJZU0sLLOGZPKR44474PNRROpxmkYOuM2zd6P23LO9WMknxqUmPl/ywCyHZCiaKxzAuhMPg==
MvuiGuSEZOp410qtVcueNSvCZCeTnVQEkYyL+QDh4xUavV5E4Zu1tBM2Nbawq2V84M3HayOHVJJaadty3mvujV3BqytMOrzm2gx1VasIutN4+C4zRymMYM1m9MsmroUtgRaR6a68MvuD0BXVsIWHdA==
MvuiGuSEZOp410qtVcueNSvCZCeTnVQEkYyL+QDh4xUavV5E4Zu1tBM2Nbawq2V84M3HayOHVJJaadty3mvujV3BqytMOrzm2gx1VasIutN4+C4zRymMYM1m9MsmroUtgRaR6a68MvuD0BXVsIWHdA==
MvuiGuSEZOp410qtVcueNRxdSCi9A2fGP/U1TXbjxZ7zBJDnDYuosn69qNXfZDyOVpF7gte30VtwAat3MTLIBC6n6lkGFqRyXX+QPnz/LaksmSO/ezTciFOO7eEn4kx0AhapYqlZTKu6aHMbSvkHQg==
0L0H2drt00qAM0Qul0PIzzZ+w/MCLpmno8CjyMj0k+Z9nZUl6EGXeIRFmZP8MATBApVm3H3GOPpneGgYf7euBg1xXRdJ0tp1PIy8ad2HjqzjU7wYNJVBr4AAqzs4FPL2gF5h42DWwchbv0utYovQX4CdLLrvakxPD0ib9b8nM+Ejl5CbbVp7YDdD/PsEkk+msE69VYqohsqjGRJ0Zup/Cg==
MvuiGuSEZOp410qtVcueNdRic1YudMipaOt0PL5UYVaMCC0yxRNEJG0vXg2tE/TGrhvP0qX8Kszl2ELC14IlP957yCUqthJWgqimsAm/DeMA/bjlyrVWZYsdHOO5VzaCsci3ojEKsDTfHxnlT2yqdw==
MvuiGuSEZOp410qtVcueNfmoAjsjd5T9R0qNl8SRPkZqe387X8b3M6xkObC7oYUDjiZ+rcDfJ8iyoyaii2m/eg1kRU9Hx+SdpiAaIcvKhEmPAS/XocWNZwewGUaBFtkZ641pWHztqjXfKL7NzAfXfw==
MvuiGuSEZOp410qtVcueNfmoAjsjd5T9R0qNl8SRPkZqe387X8b3M6xkObC7oYUDjiZ+rcDfJ8iyoyaii2m/eg1kRU9Hx+SdpiAaIcvKhEmPAS/XocWNZwewGUaBFtkZ641pWHztqjXfKL7NzAfXfw==
MvuiGuSEZOp410qtVcueNXMqlBH7T+xOEkAfwqXXehp226wKizo1sCjTum2R1mWGFOIvdVJstvltT0e3Y7+5Fsd8ygYTbKekolRSQVGqiuQ=
