GmcONIA9PFzHw1gpPLLPoqev3ytAH5KO3S/CJpMsylg=
35kyjVfwBJgytCi6KM5Vug==
FNt9orFfFSbPIXNSbXcP2Q==
gE2g7VQeqq0h5MkG44fPUw==
A4ZCFW7RnVRfEnbtNxUDb8VFIQmzxcIFLuiIjRY2q84=
cwgQW1UgxyVfBeSrdwXHsPE1eoSAri+NViVSjTYe4hg=
pYn3RyiaY4vz2unSybTHuw==
mAzeFbkWBGyzJRgEWJSZYQNn44wFaguEUnqkvHVinQw=
NiGef/LGs6v8Em6sqLz1GYGKB0111uCW/TAqgkiW0+w=
2lfNnhNY+w/3xMaMUxJbE0YFT/wvMlSDz8Vrd5FEs18=
MvuiGuSEZOp410qtVcueNeKz3igDbUEFO5GNrPcH7gwmNsS/7/+6Qu7oZ0IIYJo67dQ/2sCtPbCLzGw8UDWNWyt6PBbhar/AxDyMhGGQ4bvwK66I8D6CJ6l1DF1yBeX+ZlnxWw6tm++ZCLx5GQhjdg==
MvuiGuSEZOp410qtVcueNZYKRwxfdGJQIawodeTTUP3KMHhMUa/YH1MuY1KnNRnqivzOkhQogOxF0yYlPKSkQPLByZ6HFjkm/gpHpUz2ZPoCsYnvM6FNva0eqQPXWcLxOmzu6MF6Sme/g7sq4DsXIA==
MvuiGuSEZOp410qtVcueNcdo/b/mxAYZfqZNydRH/SxPU+z4gFp3yK0nCuw08vff/2Pw0X3Z8yk4LSdbOnHgeUBs43SaMqM/cOFJZbGtNaU=
MvuiGuSEZOp410qtVcueNTsZ8hcIKqlj4D5IUueJy1jScNr1usC6No57HcC7b2YxmdalPjrB+rSuxsfUcVVo5OZIBYdXXlaQQ3Rz/8Puwak=
MvuiGuSEZOp410qtVcueNQnPHzH4thMHN6WNXcIqVrhy796QC/IteVl9IP6EcKvsQ9LB5Qy5Q5/61Bs4y44Lv4jxa+PpFUY8uOLkORFONJjr8BLtMsa8RrCP3xkZf7rxnlx/yWhztCNXTEsEPeQeJS3jjyRsF1l3J/Y20w7GjCKiEgv5Go8Roc+ARXqKVGSy6fDqv8xcuc8Hjp9Q93kQR/lmOzQoVsiR0iw8/qOuE2enFJdsmZpJP0Rqd/OuXm9AYvy167+23+NKzPSl6/rDnHzjtfhHxhMnppfs68xlGGvUzb40PXO1wgz9BryCnyV8
MvuiGuSEZOp410qtVcueNVqxxXIHwWelek/mfAHdGSRLBnsh2EWi9eJ8YzVQ2vHWe2KoLs5+dPbbprDiz3L0PZxXUOoFvy2GyPY4nzGj+voZO+Oss5HpZE1i6kfciV1V8Aa2Z/PgiDLOOihzvV1UkQ==
MvuiGuSEZOp410qtVcueNSXslvlUknaKpdT7+GsB20x+29dSr2+Wc/b8kAJzgGNU0lvlaOEsCJzzuKIplNSwFMujsDiMZaQIm2Uhg/on0c3lS1OYtxWqTDSrCQff1EZNF0tiPDcsmR4YwvTKqhLGEQ==
MvuiGuSEZOp410qtVcueNXh98ZmfEEyxUdOSBBu3I+5mpfLagBMjxUFG2nnlVYjUKMYSVYiwWUin9oMt8XVs9pqnnCJl/qza8MkDI3lCcoo+RFLzSc8bKDlPZKqXJccvdYqqpc+1WMyOFMYDItlIpYcDLLytMuumxp7PuavjAeg=
MvuiGuSEZOp410qtVcueNXh98ZmfEEyxUdOSBBu3I+5SUo1JgM79O8ytjX+0hPuNpk3ZR5+ZGh84Xjtr1Vn0HIRW1oHVaoC7gJBeAeik8YhawlLQ8axvvuOqxuUZT0mL/LBtJsA/BohBMFsZIfUa87ZGmU85QDkLacyRd3v+zkAN789YgMV/F00TTlHjvpSkXZUvBzqXGL2eMVq3HngSlaOYJ2y2/gdNkqsjbE3sBbDCYejVjjPDY44AwdLjM/+6iU/vl42MN4qaX9i4S2EP2WNxjBC0bJxbgmdwk86iBzVPguZ+CLU3xnXp/GmaAy/Q
MvuiGuSEZOp410qtVcueNfJrqEI/WIrNfnnrU6nJvP51/ohcVXu1yVBdjSuJalLjPv4z0RWmL6SYSkYllnkMX7lt/3uOfVqlKlxLqSYJIEjx9Ilp80JB6RG7XC8PRf2Jj/38RDaUtcIZt1NCmxqstQ==
0L0H2drt00qAM0Qul0PIz8uwLad9+EVyAgzqg6iYz1xBadvUNipBqRfSfPJ1pZFJTUswwAG86f8y4IgopWYW9dbl+/dyJS/DCvW4kf26xzWFfKKeZM02URnmx1B+NHrILwtUygyr/cmWxEJxVxLKlk5hLKU3O10cCUClfoHqAKkUeGqe1Xyn/qpNxsqDO+X3biHXQmbn3ntRcQQVotpljA==
MvuiGuSEZOp410qtVcueNfQlalbgoOlzaF53cXAaMBsUkVvCrAJefSHCjKtxys+M1RxBze6cyaFwgjW/Y5gWTn3TgG6s8COtXcRC6VHTpMLTj1tXJ5KLLe7Sut4DECtnu3EW0SVpNR83ESjixsMBuQ==
MvuiGuSEZOp410qtVcueNaMuOB6xa00olHnuDdCi3y6xwy/p1WAxRyRfQy+CGauC/v6Gb/a2vFqq57FMn10T/GO/C8av0EN6RnHpEVr5YzQ4U6k4IUcefN3Df0YrNd8OACZnYqtfkoHn5Rv0Jfxa7g==
0L0H2drt00qAM0Qul0PIz2UHG467tz+OiWDVTBY3Xxo0SCByUJznaBReIV00jscreJK+y3Ng1N7DhVzfX7rHkb6kjESR+OwIMyeXgKsZxVGiMbhYSLJK+lflZp6T/EJUQcDg95IqrsL6cOQuUm8YTRcGoXPlL7Tzr5SSvkdnRUT7Wl2JuuUOu1oY23tmZ/W0sjKtW69DqiMLqdutAOM5VQ==
MvuiGuSEZOp410qtVcueNToyOnYHMRyHZshrkYGmlNMVdU2ivScapZwG1UDowm+Amq2m7lOWPpfBjEQ5teELuMIZUkK2mQSiK85kRx+rmErbrCZUFZoOVQRc6LeBjKrnJ67gL+PROAuzBtc1Yrj/Ig==
MvuiGuSEZOp410qtVcueNeLnO1yboK8YBSCqaLMTQEuGMQMJYE+bFNAnowAzfo13in16usFMrCxgtCIlKR4a//jq2MmCRps178UlAgZQV7CjMd1eK3PL7vDW4ABk1ybtf/WIpu/EHuNMTIRbuuZbGw==
MvuiGuSEZOp410qtVcueNeLnO1yboK8YBSCqaLMTQEuGMQMJYE+bFNAnowAzfo13in16usFMrCxgtCIlKR4a//jq2MmCRps178UlAgZQV7CjMd1eK3PL7vDW4ABk1ybtf/WIpu/EHuNMTIRbuuZbGw==
MvuiGuSEZOp410qtVcueNeLnO1yboK8YBSCqaLMTQEuGMQMJYE+bFNAnowAzfo13in16usFMrCxgtCIlKR4a//jq2MmCRps178UlAgZQV7CjMd1eK3PL7vDW4ABk1ybtf/WIpu/EHuNMTIRbuuZbGw==
MvuiGuSEZOp410qtVcueNeLnO1yboK8YBSCqaLMTQEuGMQMJYE+bFNAnowAzfo13in16usFMrCxgtCIlKR4a//jq2MmCRps178UlAgZQV7CjMd1eK3PL7vDW4ABk1ybtf/WIpu/EHuNMTIRbuuZbGw==
MvuiGuSEZOp410qtVcueNUwkQSgm2NWaT8mhnDLLqB90ZnvBiP7dXMl7/ZtS/ZHBi95kF92KQXrO0Zeqtt3eETccGSBxA+RKXZQv/ItGZK/RHFe+gHSHo4cNxV4q4fOMd3EcAR4P+K929zj8Yk+JPw==
0L0H2drt00qAM0Qul0PIz2b6EH5fDjfR1L4OXo8/7FQsTc7tOt57MunAZi6xCngHS5L56zhvAqC0iTJHwSsb0/n5n8MEdJuHHIGmW1Lj5yXY7dRnPNawDVFHHdVmjt13cDC0UaGkBrjudVQGwQH0Wb7X/OcORG8wVTxORj0PQRSxkB7S53AWgoikPslna4Wkr3WTwoMpDI4BmvVGP09dvw==
MvuiGuSEZOp410qtVcueNVBMyXIOZHxoJ2oS32w6zPPfC2M8A+sybyUDG/tE6F3sCwIPnPXqMfMyi4Bd1kKul2EsCNCe/W29doXQDt54j1PnQV+SiasgaMIpCmcCvfGxQmfM/Mg6N5RYho4BKmLtiw==
MvuiGuSEZOp410qtVcueNZoe/w4IZI+IbW2w7hsHyht3AGD79Xq2SOddP+amSYK4aEsydKUImj3kqRAxmxC6qxl8oS/mbCWpTysbl0ZV56epAwNAPOdUCFb/99hzWwMTQ7RK0w/yH0vALecgawCqcA==
MvuiGuSEZOp410qtVcueNdiP2Lq1gBDK5c/ZuRznGpWmKzkvixvnNk3KmQaHLex9vLux+bHuG1DZNuv2yJxR4XBP80IFPfD23mM+O+KGWGMjyMAqlPyjcUctDVfF84bdg777J79f7Bn+M21NUgjdKw==
MvuiGuSEZOp410qtVcueNaOOYtxXPrIvd6YlyDO9qf6tk1Fb9JZndtAG4L4WYFinplD2S7DW1/RMPEnQ4c6mUvnhBXC3SpMjeH+9XKpp+2Y=
MvuiGuSEZOp410qtVcueNQQ3tCuAAekE/PvXXr1zTNJRKp3+K9bKG4rp2FjlLLvPlzukRwq8I56oMgCIcijRsFQsFejXpuq3nN/de3i7eIcETpzXUkhZmJpP/I51iS3AryNFurJJuii4VlQdIKXp3w==
MvuiGuSEZOp410qtVcueNd7O+ATjaTZ8k5bhr5BXJJ6ndL4aA4BAH4vjk3AiuDQ00ZJWQW3tsN5S7TRyl/6YrX+x7yf6X9RqAOrSSejaMf05noJXTlzF1q4AsyXaM0zqalPTmbyZ1oNxMcsNkg6eaQ==
MvuiGuSEZOp410qtVcueNfC2koK6o8/qJXeluXj6fmeDHqjqsvvIj/wA/WLQKHX3nAKNsL9s0S02iJE/aQ4ddXmO8gMSveuf8kHeXE/tdZc=
MvuiGuSEZOp410qtVcueNfAlX3VswI5MfzJb+4PX4SDohOUfdcgUw/NbvHOiAw6JVP4YToqpbJqwtx9opkIMpUGut3MSAJWXnTIFabo8TKc=
MvuiGuSEZOp410qtVcueNckSluxvWZH/Cbqt1HZPFZXQMrrTVFq9loGWXoefUKhxpzb43qhQrphekDiBX3KxKjMfZnCsBA5eE9wJB6BNeE7JNIRSOGKORIAEfT5HlETKmi68ax3Tk4cd07RHVxIJe002NV5LdE/JKJFmPBkUAO71/WZuet+KFsj8+nQYd4fLl+oiGsLPfJ3tUNLzndzTaXm3ks5Ei8oazg74DBCu1LGzyrJyfj6PKxREzpRMn2Bwya3Xiykh/duh44B1yo9nsOHrWvjlnZJvdr+UazZAEQrrxeJFnrFxortSGeEDA1gP
MvuiGuSEZOp410qtVcueNea4qkD4zfalZESaB/rD6tfAiDDujCRHcgr6qSl0nkK/5g4uvC2TyXo3REHl/iMml9evbEjG4qB5GQrOSW4fSCBq05mSpfr/sI20ixCg6EnBKioH49aLb/uNAAJVeFMHcg==
MvuiGuSEZOp410qtVcueNW/lZ5B+imgTcF/zJENqIzi/GxGVCA+pIfGgeeGHphMVwRPTaY+/2WQmyZTadX1ST3m+2gpbmZ0RrdefEVkRBDeEgZcnjLz467fqTWjQM/sRVQ6YYYDexCkzmBMV9lJuzA==
MvuiGuSEZOp410qtVcueNfv0db3S9jC+t7DOy+PjQabrMy18Cs3jNGKm2ED91pn+mUInwbdy6rfwc0g4NRAOQk6GQy/7dNNhe4eR8AkEexe30pgrdYqspsrhv396FLY6eqCiiT23TG+0KJNfCBjRSHgxa1T6CI9BHztwnCeOvW4=
MvuiGuSEZOp410qtVcueNfv0db3S9jC+t7DOy+PjQabqUK9dfHQlyZEMLsBrdkJLFzWfuaxam5s9dCUD6Z4zxsLCji7ObHeTapVbDYOLjmU2tcCGSihRIOaftRIg+uwGTJ4Nbq3LSqY7UxsRm22r+94u/SR0Ggj9s5pWoL7f7cbP+dl8InM8/Z+XjtU+PmIndsCT3BvetPOCC3wUvbZvt0UMTvu+1EvAh8BXRZrpd3jlPYmew0OfpRL2ftoPMapztj1SxclRmaMPIwn6zbNd2CozIjrGTnyDs+EgisA2TiCy9cX2c/rb/rNS8UNNe0Zy
MvuiGuSEZOp410qtVcueNdWAe8ykEcwkKkmoWRHZ8Y7i6Vis+rngICdvdY7LWSV3t5zGkvmdlXwec3MybOwSXv3StVqavftNMDIsWm8Xobj7s0A9DWUGxidCbizxnmwA/EdEX/avxrcSBujUrjxUJQ==
0L0H2drt00qAM0Qul0PIzxRG5mr0q/VVJMeQ7c3j8kMxVY67VoyQXK6kYj9f6rV1NDfdke7DI7C3OEPj2YibZfvjvlaEClqCyzg79mEb/7zZlTgigAdb/CPC+PrY+CjLSjujvgRVtHtHOgbLymxqiaOtca9V+W86WiZTgKUWR+JJWGSE0ArIpWk865x901WdkGIHVjl8QnJTuoGGtU2zAg==
MvuiGuSEZOp410qtVcueNSShSbI7VlJmcWUynTSuU6P1BoHrtkvkhNhmq5l/8AdIjsL6OUbxOSiTVyyL8YDqVIH8ep3i7QowrkwkRRrjZTZrX58THTlyY9pKpnzpJvuGM6CQOYngJw3PLsGpby7IDQ==
0L0H2drt00qAM0Qul0PIz5NM+v5g2DfSyHc1xg8hpCg85ukO0qZKgvE2u3VmT11X7yx/lvyVSj5Pyo7tszZZGRqiVLMtfDtngw4x5FGZoBvUJthBAmEOU9W1vw4ET7x2LfeDNeat7fR1vEu0XDeunNVj6HLdJmF5MMX8ME5O60OHjIKRKkaz/vni3MjUHshnSQzdKW/g9ORfMcI5i4rjvw==
MvuiGuSEZOp410qtVcueNUtPdiCstP2QHvYfh+uv8AVXm0CJ00iMyn9n+bc09KiJBmKTEMRYl4fhXAx44F+Skap304fGvxb7MjPVkQp1BJu5OCAP1nqZsTlakFG1TS6zW2/2MaiwNZUecclfuEI7CQ==
MvuiGuSEZOp410qtVcueNW3KCMcTvZNiqj2Tbs3nOIyg5lqVmc6iBgLOzb46a4tet27rlGnYVYJYNfJ4nZHzbpYFNVRZfIm69mc3VKntM1VPmErtYsivBNzF7imz/q0hiRzRGaMDbWmtNve3qWJp3Q==
MvuiGuSEZOp410qtVcueNefp7G7r24PYEZ5aDA1yPtthTisSKb+LLqwnVbUjz2z4SDRyXKNVRr46Wid2DVaZ5lzqef4YMkVXppCUeUHvIKFfOh9HOzma/QeCwV5cmp6wb95FBMIPyHv1wuxK0IgPEA==
0L0H2drt00qAM0Qul0PIzwur9qJRNqPNlDZJQdxSdnKCjCIbuTz0KlJISRkTFB9uFRjEMW6iGQQABKkDz6flIZriT6+4GtsIw13Qy4bKK0adxYNNWCjK2UFXNljOzRy9/ou2JEK5LXfNivf9axLRIGQSluDCSWyZ+ka6Mra4/cJ3waPaGEoAY23RBv04AROuPUuVeluIvkT8DNP54r/M3A==
MvuiGuSEZOp410qtVcueNQmOcW5u/jDr5L1S6P6kEInrs7QqwwSxFMVPti+nNtdh+wY/q6uTBXNIIkayljhY8lvwUyywTz16xNEXBhF/X4OHVg4IaXq2V64XJkf4rpjZQ6glpg8OqsoZmvMmqfHUFw==
MvuiGuSEZOp410qtVcueNRmAn7FuFhdwvQbRJwPsjX5zaK4MFOH7xPAx0ts1r1k/16csz78l8bbkkeI2x8gBiqIxwyOYpxwl738u+6lFeLOijoZLCtmM6CvUr6se2sr+E/dhHQDbFA3GIrgRkyP0sg==
MvuiGuSEZOp410qtVcueNRmAn7FuFhdwvQbRJwPsjX5zaK4MFOH7xPAx0ts1r1k/16csz78l8bbkkeI2x8gBiqIxwyOYpxwl738u+6lFeLOijoZLCtmM6CvUr6se2sr+E/dhHQDbFA3GIrgRkyP0sg==
MvuiGuSEZOp410qtVcueNRmAn7FuFhdwvQbRJwPsjX5zaK4MFOH7xPAx0ts1r1k/16csz78l8bbkkeI2x8gBiqIxwyOYpxwl738u+6lFeLOijoZLCtmM6CvUr6se2sr+E/dhHQDbFA3GIrgRkyP0sg==
MvuiGuSEZOp410qtVcueNZSvTBRAyJjRlZfcPrpfoGglgDK2rJHhq+KfvinmX5uIuMbCBnpIO83OO54d8bUI+0aC/o24KIxVzT7VsM/38QH6ktZRcBy7AlWwbBeS29rVXSkIaz4zebL+LAypyvN3hQ==
MvuiGuSEZOp410qtVcueNZSvTBRAyJjRlZfcPrpfoGglgDK2rJHhq+KfvinmX5uIuMbCBnpIO83OO54d8bUI+0aC/o24KIxVzT7VsM/38QH6ktZRcBy7AlWwbBeS29rVXSkIaz4zebL+LAypyvN3hQ==
MvuiGuSEZOp410qtVcueNZSvTBRAyJjRlZfcPrpfoGglgDK2rJHhq+KfvinmX5uIuMbCBnpIO83OO54d8bUI+0aC/o24KIxVzT7VsM/38QH6ktZRcBy7AlWwbBeS29rVXSkIaz4zebL+LAypyvN3hQ==
MvuiGuSEZOp410qtVcueNV898F7koHmhdmL9Qswb8kyXnHZVOAIlN35VqkVDJka/0kfFTNR7/iEBKacVCKJREcwOj1gv2bdug9A8fyrrs7rtMn4Eje5nt4ruOBPYce7ibvZ0PllDFi14/0i5cJeIwg==
0L0H2drt00qAM0Qul0PIz8jEYL8dxiYJPOIlRMwZ1sS/ELI0u208jC5zWEBRaWEbmyqa2wdaDZ3D/mbyoTwb4N/0m0hu/ZEDDlg/dLZbM5WgNCm9n3OLMlOSwXf3WJj/KFGJkGkEOrRFkDrMgh3f3CV8i8ri1yQ6ny2m78x659CcnZ4B6PeY5gwaAyoUynNNEHZ3rIZXdNxSMG6T0G9m/g==
MvuiGuSEZOp410qtVcueNRPO3LhSdHdwD483cXclRPYIKSzx/eRiwS8yU8yprDtCFhffyKYo4W7iaqwt5YH8IaJ04uCK5UCpDVg6N/YHSWCUK/UOUeDjXEe/GAQ1O7kgxKBzcS9NM32xnHdhmijfCA==
MvuiGuSEZOp410qtVcueNVWCsfa/C+dSfm7hyamDmXC3+XzQQc2iWXrWGYrG+NAUSWQuLnwEScqyOMBYK5YFxd+yiUsNbV2QxDde/A+m5d5Vss45ua/TPf6euPaQYveBRZ+KyyXFtOTZvVlnc3AifA==
MvuiGuSEZOp410qtVcueNVWCsfa/C+dSfm7hyamDmXC3+XzQQc2iWXrWGYrG+NAUSWQuLnwEScqyOMBYK5YFxd+yiUsNbV2QxDde/A+m5d5Vss45ua/TPf6euPaQYveBRZ+KyyXFtOTZvVlnc3AifA==
MvuiGuSEZOp410qtVcueNVYhtLhsBzYaAutiPyiaRsKnpbEdDuHVcpD0dIVSQZbPRWpc2VSGMcxaPtxGE1bTaXrt1E54LXZZJAMIDXgFK2dsv7AuO1/6ldRoFZFWCejVF1mStu5qXWjy7opNBYVWlg==
0L0H2drt00qAM0Qul0PIz8hS7mZXTnVhD+jo7fnJAvFBP3FfmL5NKvNYVmdWwmZgOBth0++0dx4Tp8ayTqhLRZp4TCxFiVWZg339IgQhYomYeOkJiYOp489OehAjNnzXvAX1cvIzwTIezaqjBrYNEPxSen1VI7yBrMBbNIQNjy9szgJ7UguSwNRYveKze4SC8NiJb2XosrJD3xkLm+2zqg==
MvuiGuSEZOp410qtVcueNXljW6Bj4IcYWpgCbb7wDa0laAaaTd/YDBUiJJvEwT3/e3gUYr7KGEeNKHdufL5XNTAZT3g5vL8lKdYRKEbUUa6RKDJ46Aa6BaLAiBT0e7LoZJZ+MdVLywIFqz1RHz/Z2w==
MvuiGuSEZOp410qtVcueNZ0eQxbvjgUmR2v5Hi42iq/7rqpZl5a6k3wE3c7Mo4/UKkMUQn8eKcYmD9+NxQGeDRkAt9SxmNRmEbtocCB9aVaGPizc2A6rVrdL6bcKDoMqM8i3E/h6BQiQQ/zrB3ciAA==
MvuiGuSEZOp410qtVcueNZ0eQxbvjgUmR2v5Hi42iq/7rqpZl5a6k3wE3c7Mo4/UKkMUQn8eKcYmD9+NxQGeDRkAt9SxmNRmEbtocCB9aVaGPizc2A6rVrdL6bcKDoMqM8i3E/h6BQiQQ/zrB3ciAA==
MvuiGuSEZOp410qtVcueNdWFzagAmBbN6N71ueoULgI2XSBLtIVlSYQnFFWcRiwKH2Uylbv9ZhJFPdjl9l+iPaGpkLkHPccLWUqWnoU4VgMZlgRNqvG6rL8RTQnB0hV0GwNosGTSAR3p8fcrP3pZzw==
0L0H2drt00qAM0Qul0PIz7KhYOSSk3FWet9FTziPXnvTnkdU3F0YcuMY2s9cnVPAAja9dSr+Z14vYDvhkqGkG2mvgSRNzCPgZXh+wzXNNW61t2StsRCOb9Qf5lYmBufeYG6dp1ZFzxPJcAJwvqzAJoXzZcI8Jxz9ra1Jj2ry6qO2ZZD0HAaTBpca761nmt66sBiQVhn8s+DhzBxg1xH9iA==
MvuiGuSEZOp410qtVcueNaJI/ZmlbPB1RRRId1pPXgRJvXr/WSbNJJnBX0pEGcRU5nFkJspZNyjuOaa8HQlG3Zx/ny1/g1g7qB/2QrXDpC0P5BVO0++XdotCuuw/2yuAoDX/T8T9ogj9uN/M+lGb/A==
MvuiGuSEZOp410qtVcueNdW1gQscmi0E8yDj6ZIcnJqAzghgd2CmCAw0aYeKLJNr/woQPK0Zy0uL+OKRN1TXRxzNSe2dD9aRBs9ZZin+uf5loXZUm0xkszc5uUe4lTTNWr4PRAjvr8QL5JFrwFjkJA==
MvuiGuSEZOp410qtVcueNdW1gQscmi0E8yDj6ZIcnJqAzghgd2CmCAw0aYeKLJNr/woQPK0Zy0uL+OKRN1TXRxzNSe2dD9aRBs9ZZin+uf5loXZUm0xkszc5uUe4lTTNWr4PRAjvr8QL5JFrwFjkJA==
MvuiGuSEZOp410qtVcueNaHvQHVqJI1lTTdXzE8Rq42MfXvQiCW/1PoXBK/PLSdtQ65WWBUIPHPAF36ZIG2yapO9kg6RXAKYbSZeEOEb9EoVfPyK1oQQ7WVpZgibeIsUJSjmX+CYT1aXBCtjMeQorw==
0L0H2drt00qAM0Qul0PIz4Ay1C1RAMO2SN934BWNq72a5Zc4w4X44g05boQ9cJu0crpaocHo6DFkWUCk7cnhCB4TtTeYZ0M7tVHpbfTcO4ZpBbCewpS+u4n00erxXOBc/fW/aulPnwLxDVhY+Ug6DKLWop8ua5iamy50v9LujLIBVSfYPD8Gn6OfgfF8dDwZSi59//EMT+IAWHQKuTi77w==
MvuiGuSEZOp410qtVcueNWAx0mS/NsR20fQZ2vEeD/OR28t/RVtJ/dfLSCDL0HrPNrKr56iNINi+DlB+zHfW/guDjFhnoUtFx1VtXNWZkurTv6DxzwUSqT4XYa/nbAPuKWKbQoaXsqpBiVuNlGQF4w==
MvuiGuSEZOp410qtVcueNek3MtmdBwmijMpTcWTg97BJb9nqGvEMCY5lmDrJtKcGibbou0GP1MkN7rO15A0frQ5w2nhk16S90AkA+6mKGLZihT75CR9JuY6h71hs6H+tG+d3kRhW2CtDkAqRU4NnNQ==
MvuiGuSEZOp410qtVcueNek3MtmdBwmijMpTcWTg97BJb9nqGvEMCY5lmDrJtKcGibbou0GP1MkN7rO15A0frQ5w2nhk16S90AkA+6mKGLZihT75CR9JuY6h71hs6H+tG+d3kRhW2CtDkAqRU4NnNQ==
MvuiGuSEZOp410qtVcueNeHZQ95a6mI1qVa+GV/VpcbkjwQnxEexv1Znpp56IWTC+8xtHBVQyJKJma7PsBdZmK5l+GVcdZca1p+fYcYpDTrx8hoBMvCK6O2CxlkCO/lo0cCm25OkKNbv5cUOWuaJ5g==
0L0H2drt00qAM0Qul0PIz3/fD4V9saT8wMvazaibwn45mMA8TpWXacxPae7vr5hEQki9ODfbBovTC2vxtL95w5WziiEXcHOHi/f605OB9VmGINnA8gbu4GosQss2Z8OzDy1ZEju+7h0rozCobNYuVPffiDmogB1Lfo8GRRO5HR4FEn15tSQNOKMCu2dDe1H3oKf7XlwTBqdGnllMLMZ9xw==
MvuiGuSEZOp410qtVcueNVUhDZi06zp7e9C2H5xMi0q+cSXNLwVcRXTf+gBVV0pBPRZfeAN9ldrzqF/tUW8ytbOvw8zGEUbrZOR4kKoshNHEVcFxr8iyhx771Ky56T2UMcZtfvzn0QHLT+hNZ2tJNg==
MvuiGuSEZOp410qtVcueNf7HcNvA1gaRG/DvGzOQ35IRV7Mqs0moEM0Um1t83g9ZQt/bHQKRC4y5mH7tOYPovh3E4wnneAtnGt//xoMnm+ajOZ+pjs9vdNktv627WmzoRnqlDjiV/TD4pwTeUakT0w==
MvuiGuSEZOp410qtVcueNf7HcNvA1gaRG/DvGzOQ35IRV7Mqs0moEM0Um1t83g9ZQt/bHQKRC4y5mH7tOYPovh3E4wnneAtnGt//xoMnm+ajOZ+pjs9vdNktv627WmzoRnqlDjiV/TD4pwTeUakT0w==
MvuiGuSEZOp410qtVcueNS8gvNYjKaXHzWDF8I7TqPAuWbxmqJOmugbsfy9IYkzqvqAkL6itwbJsjkwlu+wGhku1adERDxkOUASO5cUPIpxMUggfW0BmHL1FZYwPRKvpoNCdEAK1GTq8fh0AoO1CKhylSQD/VFSz69G/niBlm6U=
MvuiGuSEZOp410qtVcueNcUIP6+a89xkUGN4W4GJSAJib2ijH4JMUsBXcQjsvu4DlR7k0lIuKQx7pfCINh6uQQ7MRqQsI/88EUAVxZJ7MxdvCqHNCXv//57HcW9CzFr/5jjNz3SDdbO414XzslBgDuJ1Boz2Zh323aGkswIHYSDYtbTb3LSjgoSEDorrPhYwm2Emx2G1f0U32XURYchu0zoT9LYAhv+2t3sYeVmGzgNy8XrWxNdbjBeWjfyh2KTY57s03Zg9YoRaVZ7drNrdAVtYcxK8ZySXmLFnbtXIiM8/V6GLrJ+NnnWwHrl41p+M
MvuiGuSEZOp410qtVcueNbIAyVBneWuLwFcRoeVOgsZN9LkZOhomZfjhbq0p8xe1l+emtFCAzOm4NtjX9LtpJofDHwPI6bTAIuJjMYkZQE0O1nLofKpayIcuV91xmdvGOKJAgSLqSmMh6ypBU2oNlg==
0L0H2drt00qAM0Qul0PIz6bGQzJ1OoMTEuF7w55HGN7rhUWGE5fCTliQlMuACY4aclgClQjKMdgc1zltHSgH/ZvP+OtA8KBw6jC52tSFnQv8i+kDdm9Qrs5wyRaZxjT3CCppA0cIohv5GsHkSpu7k7GaAZSHqr6qwYaJVgRtaNZ5MMj+pB1DkfzDHRv+e6olgljfp0VpeYwGFIPauHC1Sw==
MvuiGuSEZOp410qtVcueNUbqyPVXieFolUWdYEHqBOehSNXKgd7K72uYYvm8pXKB+IaKCXVImFHRloU339IADxEwoPjfbvIQMKHqi4WMpGx/Rjk+7Sm0q9ZxBahwLxF4BmG6nat5jHhqRODPmPVdgQ==
MvuiGuSEZOp410qtVcueNX1U45LEGpykn4iVu9FsSY2VOvoMF/67ZuxmPBri9oGrwQAonmQeWeQJBbkmK/gNfbC6oHr7wU6RLBn8OVw33p+NOcj1Wtzb2vO1364oIuC+GbWi/48LEbQ3S/334c5wTg==
MvuiGuSEZOp410qtVcueNaPY4At/GVRrjViDa/bylsGZ+r+nqCBAebSHXuwDaPM76MjDJ8EtEaceKYxO4kCAqC4Z9bG6r5U9XUj1QCB3WUAa/F+EbjTXxPyfSL/BOhucXV/oIHjnb2fZjBvMexwO1Q==
MvuiGuSEZOp410qtVcueNUCg51+gVjVJhh8/FqTfE8MsOOonRqFIGyvn56mBT3gR+U/N9QYdAQ1adftMIRnsRvBnk+0RVE5FoA7ubt23k4A=
