GmcONIA9PFzHw1gpPLLPoqev3ytAH5KO3S/CJpMsylg=
35kyjVfwBJgytCi6KM5Vug==
FNt9orFfFSbPIXNSbXcP2Q==
gE2g7VQeqq0h5MkG44fPUw==
A4ZCFW7RnVRfEnbtNxUDb8VFIQmzxcIFLuiIjRY2q84=
cwgQW1UgxyVfBeSrdwXHsPE1eoSAri+NViVSjTYe4hg=
pYn3RyiaY4vz2unSybTHuw==
mAzeFbkWBGyzJRgEWJSZYQNn44wFaguEUnqkvHVinQw=
NiGef/LGs6v8Em6sqLz1GYGKB0111uCW/TAqgkiW0+w=
2lfNnhNY+w/3xMaMUxJbE0YFT/wvMlSDz8Vrd5FEs18=
MvuiGuSEZOp410qtVcueNbNPkteU9Y7UoWhqzuuG0OV2udLeYMe5mw8jbKjNwV0asgMGw47VBBoLP+GGYAbaRYdqnnXgWEdrPBxVwQKsZZrSdV3MWuWAg6AukXOWRBrk9EqBLIz/nmY1Ym0LVN2KLA==
MvuiGuSEZOp410qtVcueNRlKLtN95Wv6c8ab4ABeZ4zCad/972QQCyRTiR/5k2H7F//Ds96tBsIOpqiPQtrmltO993b7xTTlg8nuMOC0W4/0IG2Pf3ICxnlsogoo/JFgzDstV2nhohhtKue5IQ2v+g==
MvuiGuSEZOp410qtVcueNWRBe08QseO4TLAoSovFWJoRVifsZrOx0CwQ1Ha0IiuPZi9a5BAd5Lf/OFVo9xVQLRMUppk2qhHbX+26daHfdak=
MvuiGuSEZOp410qtVcueNV9JtHJzIRGY3Z8TOh/s6jsF9VFz4L6ZTs9MXDHIKfkfVBJgUZtehbWLOu9SQvvVhF97x0vjXmvgyVpv+UTG7OY=
MvuiGuSEZOp410qtVcueNZ4HqJlfJQYt0ds0Wy3mMwcFrX/AeX+A1dSvb3/uZPpX1DYBNuDHVa27Trjiso7OsHNIe1sMkBUmGlWFWkodVEJTArZY/CSc4t2rwgqfac1imR+QtNkyPoJoO3qweeJXyRVSlColdB7tFdOPCccM1W0txr68KrF28fsXencs+bUmrSZNgK6bf4f9if2KNy4M+0KWyqy5Xu7PvWSgip8OxcRZeUpoT+eBMlsgqJ/Jvs2FDjvek89z1N/bTS02Yt1paq8fuaH6b9QG/l4UZA7weKKa7ILtnmOFYEl/+BZ7AyVv
MvuiGuSEZOp410qtVcueNQ+O0Yh6WVO4bQlxUr+SaiXJPJQt/x/BB8SxQ8YowKZrYX0joovHhiAeu5nohJl1LcVXDqfB5YczWWSGm930BZPRNU+t5XtzgSMvXUtQKqIQWKKqgr+bR/hwUZNkeGETeQ==
MvuiGuSEZOp410qtVcueNVzvqUD9qolQPf3BGVLG62QM5kJC7byC/aHeOiB6eHeymF1Yv/8ZyrKQrvWPjttnVuqFevhEEU7n5iDQoUFcpL8wYnLLJWMo2upUZwJaiVrGZ1/8yvEI0MejIJ8JR+/FqA==
MvuiGuSEZOp410qtVcueNWSGzL0vZT07IGL2tIwtzIEYJS4lO0Lb6Sg75fFmmLw6+29pDvdLz6oo18ZlmflDFf4wEiMP4K7EDeZ7KCHBoWWi/bhRalUL4PerPkuj3Whamc/JcD8c/W7hGNgyOx/KUBKMuayKX50H3GpwOgTuWNA=
MvuiGuSEZOp410qtVcueNfTtSfu461nQ9oSRosPpr0FbsJ+ahaRVWLkMOWJkZEQrP9gOY0Oaf4B0Jsz9dFWDZJMAD+lh/K0w3hvdE2BOD9bA/YIR8B++tb0hzg2mBQACqZkgdYz7vlBdmduztZ/1bQc9mPRXMovgZHz8+9M2BBRGwKvnIV3dkgIKiNuLSC/3/jjBACtclOBEEbrH+ir72GeMQtbaxxuS6GKjJ0COtPkqmtxDi93Ae1y7X/PcYvaZVXxWTdI51ZcYaI3yWP+gOoE28i+frYdc68YhAGpjzQsal+PgISVrXVSrUs6H0iNx
MvuiGuSEZOp410qtVcueNQQKCoB19ZQjh3IiOl2Dn2CR218FrCXttn0zDo3e8+6fQXeFrUzdid3CiNmOx7ix/Zv4p7vMkiZtkjGqeZvAT3qrrgNKkMybIipyaeBiCMnbD/2iySo7Kse2HVMF6UCTFQ==
0L0H2drt00qAM0Qul0PIz6qaLMS0PqJn50Gnsu4iPLPt+GDxUBVd4UDJd0SEquBxvQ2UW8GaLRpBeGLwFAoTvQES4mBXKamu1ggzTtcXIBXOsJVbc/hxpr3UOf1STUWTqiuY/5ogUA00u8mOngKk5EM6GPSaXCCoZN5+mMYSC/0cwTaqLFkxqhmcmhGoGKTav0O+XByyTKrUUiZxzVuM5Q==
MvuiGuSEZOp410qtVcueNehn8BYzD5tghEF/lKJH5XlBrGMHkXeZ/PxwGr5v2HPSs0An/XXo7TjZY9zMb7PIq0CopenNmcr9PmSLfFco1wzSHmFFBwIdVNTswEAwdoP9KOPr7F3KpHHYIHvktCihDg==
MvuiGuSEZOp410qtVcueNUHrwLHxA1yIBmaBFfssblv1uDx8zt0Clx2GqN5Eqih7Fy7Es22d/D4z/dAXSElO01ARxhZoT9cZ5oqqoUvHQwZS+JdHsS0FLXeiZTMLKUObdJ2abnspiGF1jgkp4ADlWg==
MvuiGuSEZOp410qtVcueNUHrwLHxA1yIBmaBFfssblv1uDx8zt0Clx2GqN5Eqih7Fy7Es22d/D4z/dAXSElO01ARxhZoT9cZ5oqqoUvHQwZS+JdHsS0FLXeiZTMLKUObdJ2abnspiGF1jgkp4ADlWg==
MvuiGuSEZOp410qtVcueNX1PezAntBTExna2rBaaxjW9QXRKD0T2tI2QMH4TYS64NwV0WlRLYy/tjfRWZ+Fear2YZjIufEX8Fpl8ua8sn8HxZb7qoL7GeibOAW9/cxdDERiEbrvqL00/pvhQkp9kmw==
0L0H2drt00qAM0Qul0PIz63AuxgjpS0JRjkstj7AMHrg3FBU3Ojehl/u8RRnzTgotetUIqMaA5rXTBe3k2gf684uhmXCMlUiiJ7QP1mJgzJ5/T6ADb3x01DsOVIRHLvB1gCEyabegGaRi7zo+tD0vzdEcLn9oDHqGeyi6Ay8hbijeytmVtY/GHDKGItBl8+LXP17t+51llb7JlkjgvQAaA==
MvuiGuSEZOp410qtVcueNew4pwCYxu4TvihAmMuUlrpCkNUtP2NexQGipmgTEKZoUEKPDkvR1omFccbRUzJR73hgAWleT0ZljJ0bzwt7B9J2tP6lzz+69/jDfgMLNbNLNdihls3WHqxn0rkBlQwSBQ==
MvuiGuSEZOp410qtVcueNUjX+Em7GgHmk0orJfPMn9bhAWJeKMjYpYgHnb5tqIBkC/6NW5W6BnWwQxgUrBIBkPPeDJpwMJj9jDrV7KLksomMn/VCAl83MAkSL8Yw9B4+PNcmRzVhSpyeheu4kTuZuQ==
MvuiGuSEZOp410qtVcueNfAvsLHfb3tBdOVv5iixg5dtpr/v1xmMmMPoi3M6/hTF8h+HAMjLL2NnBr8ipFKHuomwzW+Z3bEE7cC8yZe9BAj5EGlRi1S1Jwdzek2XlmJ0p6ExSNYYnXag2ich/ftaBw==
MvuiGuSEZOp410qtVcueNY7Gn0AyQQ7dkhCBF+AzSJjgJi7OiLaMqlY+049/Sa/LpacC7XlpzY2iBztyVdTrXa1TejPiKuMirMeUq3+rZE/VhVi8QZDLqqVgS0MkT0qZc6xqkCMV5sElEyKt3TaeFQ==
0L0H2drt00qAM0Qul0PIz7keGChOk/7t+k0xTQEpuWKx5jP3dp5DxKm9L9ZpBoGKRhR0lhBA5qrKOUPqQt4i2y3ifzkCeq04Snist7NYimxa4lVjTS7gRD63u0S5g62DE2hjD5mUW254B4fqIl2aeQ9OQyNZptqj5dNrJc3eve4+yvWlJNd66CQueDWnhufAHQOYsN3bJWvazsETcxOypA==
MvuiGuSEZOp410qtVcueNRZXlTfwwaTIgijUPgr2milUo9xtMF9Hf6q+lVlTM6au/gjxVY59F7vemM1KBFbGe3WQjnfMv7I9JYkpElAZncNCl8HJpi7OqDSmBzy+HcsO45ENly+NmhqA9Wo3L76GUA==
MvuiGuSEZOp410qtVcueNdwWqNoNfm+h4hZUT6v0jk1dPXUxCnuh2XycTXkovUtiP4/qeX4t8YUnmbqdoCTyNPkoach2MAfQx7Bcqw/bjZY/6c+cwTcmp4XaAIkKsslOA2/4hTPRTAl1gKhC93Nr5Q==
MvuiGuSEZOp410qtVcueNZ9wSpHxPZ+YjsQejLWjrEiRToBq3ENrQGdT0m5obULlfY9Y2+b/07JX2HDjBO7OCevio2z/P7+tjem8W/XghmSJqacYl+kTDVQqNUTCqVXo2xX8elLkvHoB1CV4g1gdmA==
MvuiGuSEZOp410qtVcueNfdCCUzKm/tfu7hL//U/wrs9/67hMd5LlnozEBe8RUzt9BUz4gyXegGwCyQap+6O+JBx57yTWR/j7zHMSDMKIFM=
MvuiGuSEZOp410qtVcueNVz3XQvL0Z4ex6ZhQtG7k0IhMcGGYKJyv2LapWBw6+ffvfW+qFGzDmVZDLto7ps5JbXN+q8LjHaD1mt60ckMdVIP46YlTTuklDqUwAwibfL3H30KaKAD5zcSebuE0VZBUw==
MvuiGuSEZOp410qtVcueNasrlWTYr4w7badWmkxqkqHnGJUzNB6w70n/0+Vra9Kmb575+l39rDrQbLrC4C806qjRc8xMbMgesTPQ5UgwobyGjtr6mOcPvDdHc+szPWgfOwwCnVUrKKDn18R7C7kXNw==
MvuiGuSEZOp410qtVcueNRgdSNT5w2eiDpmZmd2zng68PXENFzLDieCl9u69oIxCA7HQ2JN4p0idfkrvyOKOvHJqdP2svQpouS/FUfSx8JY=
MvuiGuSEZOp410qtVcueNT+Pf1ewO0VHY9FIPyP9tvw1Et/4JDW/g0Bknq7XZi2tH3Uj15UZiYD/aD2rpeAOoXvyekrnVqo46SwFmDNf2uc=
MvuiGuSEZOp410qtVcueNQXmVxnRf6apyGPaP4GuLPQmY4Ut+VHM+pQMpxwk9DWrFR5syE9TFyiicdG8UJ5mgStku2sRCxgQYYfptomjMI8qPVuek/Fsmo1JgeBAzwsOe8MPXs8znAHW46r6T3NCGPyYm/DcRgrxDktFLSkxBWpKis92WKe8E6Fa0qBeARtnZN+Nw1qZaCn53+SPb7dojA6QJ5eah96V1lB4Gccc3br5U9h+DW9SK0vtxz7oubGOsLQK7G/da9N2+2naBINZJH7QwVtnhReZprV/K4tQMpKT4SRRGtnepkbFtTO5L93R
MvuiGuSEZOp410qtVcueNUzoTav8UJhv0Mw0QB4rwsxDPGgJsj4tRZBSTUY2unTIYTMCjYu3yO6QzkQrBPO7QyQCKPccXSK6XpSXJQTQLRnYLjlEbmUmWOH9aoLVCz7WnleJKmr+Zb8XMNNXXjPKPw==
MvuiGuSEZOp410qtVcueNeiCU2sj2pPlf5KQItZaXKI4bAqUF5dQX2kknba+dsmwC3YleGcsLJW8NFXH9ignYoyeuvd/Bg14ji5p3IL3a+RlY2rExSHdR217cN5ibhR6VaXHMAOiqowRXonUFmFf9w==
MvuiGuSEZOp410qtVcueNZHutcYOuUvwmm2FXWcrVMa67VinKlYZbYYOlvQEKbTDjXM0Ut7k0W+Fev76fy4j1GBu7zJqxv6WDaY6taSJ6ikCwtaXFLv81WutVEGdby6LoUzwOHSpr4rkxLoU1pbnwt4kRinjrlFmYMoc/OVOgjU=
MvuiGuSEZOp410qtVcueNZHutcYOuUvwmm2FXWcrVMaopZwp4KjSQ8zyndjBGOFciFdr5WilMl4Iv9/a1YmRnKX1dIr64qeQR4GCoc5+7DPZXhArCLtkwLUNhxcIwkfXJkaAZwqAdS++YRq03lapddWtJsrO5pTMHCO2MvKf2FVVyIWGYskXnqDA44BYo18zR5HojPg5YB5wR3wjzhk1+DORGkPvQbz4tfsa9pnyGbM5iCtiiJS0gBpNOwvG/CKkD+cM087jzJZJYy/2Y9NlJjREWpXavsftgZCYk7thyyqCj7rAsUEAq/ZiNhsywAw9
MvuiGuSEZOp410qtVcueNQpYQjM9sjOLRfIssy9k8pZw0HkpN5ZRQyvdKcPV+Y2Vp4AJiflaqFOV3nN2mLbOGY1AtWkBk6tTKHsHJEQJl+KCBVd2NPT8Ld8osckD8c0SCLU4BoVrNIPmn7P5GmC/Xg==
0L0H2drt00qAM0Qul0PIz3aBtPCPlbInbmgEyTRaTU78+KbHOIdBNtxoGBrhywlHcJFdZ1Yg63zgTY/6In6ebvpTi8SO5KrWu0o1eH2mJVgFdP5Go3Fejq8lWyUMO0YgEWPjA5Ji1OXoeeR16Nuu/OamCAV+rtyYc8Reb6my3F1s71Qc3FqZ2o407rMn7N8VEml27wW+hqfQONbZOrO0Qw==
MvuiGuSEZOp410qtVcueNfXMWqKGRfxyg8Y3lat0xIqJ63F3E52H6cfaE9jneaTf2G1hpjUMtZHw5YGpndH6JsqAPKT5xHnsykYoSbQbPqrKI771x18Qx2h6r4oF5QCjoQyvcs6EOvSMUFhBlMs3IA==
MvuiGuSEZOp410qtVcueNZXtgxSy9FgZCrrBmSlMsvG3VMPUjfaTQbXqIQN3cyp4/m9DW8B7FoWi2jOkOqqPEh7pU+3SCASadOlmpdEFxw2PonP4DeK1cggs6HNx+n2hUTDV1pB9VsVSdWoRWNW9YQ==
MvuiGuSEZOp410qtVcueNZXtgxSy9FgZCrrBmSlMsvG3VMPUjfaTQbXqIQN3cyp4/m9DW8B7FoWi2jOkOqqPEh7pU+3SCASadOlmpdEFxw2PonP4DeK1cggs6HNx+n2hUTDV1pB9VsVSdWoRWNW9YQ==
MvuiGuSEZOp410qtVcueNYK6RNSdkQw7tfNw1RZVnD9zVaSY3pboTjVn18HfuXv88sRNGhyyYH4kZ5ltXTDL19vmPugjlixhqczF7837UJEL8rl6U1U0aWuD0kaMisgIjq8Tp4dgqJCHK08Lx1sb8w==
0L0H2drt00qAM0Qul0PIz9lgLOgr+DeC1yBlpp/mNIo+z272nflnkFGbKxNPY1I3Mn7ciYpBE56UTkfe9MLne4U/IGtuzL4d6AYEY/y3NFst5z24EbXmUmGuKZNQmi0fwi0Lo5tR1rz/4lHyolttDpxmn0rnN48CMTdCN7PCFO8Zg2nGAQZK6Jn6vJEo44AgEvkfHezu/iP8tpyVyYxJuw==
MvuiGuSEZOp410qtVcueNR9zu2LV/v5K8agVXaobFQ4Q6gLcTfe656ifELQgGaHu75W9oRsJU6s5EX0e7s54b607rWSkqcGtrQkzsnE6eca3X5QT/nxmfuufk5AQY04mwsSZJX/iUA94x4AUlhkq7w==
MvuiGuSEZOp410qtVcueNZNzoRDnUMDTmjZNM43DItR3qHNeyTlTJ99gJoj092WX5p5k+U0Eo9l17+JgDXIDj4ocBBUvJhuJZ0+UC8n2oJCm4h0rjNafe6t70CceZfRH0O1gRzJ8C/INUBpsrQ3U9g==
MvuiGuSEZOp410qtVcueNX/1eW8JeJ6EeJumoqCDKrrl2cXzdFOrpJgegZHd4uvWcWEeqeVrG0Sco3thU+udwFRh28lfOUIAGIdM/1zrF3av8N/6xiIWOzCPycRHCYoo18sTiH38QsIelwMMMv5xEw==
MvuiGuSEZOp410qtVcueNSON6XC7NET+pSv8INytZwhXLZ7j/eHuaU3XxKWyh/dptm0MH28PHT/y5bU5g1V6TLvibu6kJ4bqgUEkjcq6rbnlSr01FJjkJwtxSvs+thP89E8uBccxuuWdMG44dFOBrw==
MvuiGuSEZOp410qtVcueNS1vKFxxDpg1ZIDgJGWs+I5DRCi6btfrOx0jo75nCcB3aXUsGEzUrGzC5L7rWnoU2XHYhUIrd2VrP/ngG/MP9gSv91s9jhRawH/26MvCmjyxaRB0WYRQWv8Cq20mof+18Q==
0L0H2drt00qAM0Qul0PIz/VEmfwpxEVWm7372OuU9T2APeRMIwQzK3Pu2QcGoIPFba+eyK7VB049+SErDXfeLoCxBPHKgpSrES3Z94PPf7NDR7dIF2SB51Gw95y2Ws2Z51fySVm9WQ4tlm2JRbxQB4Gxi7zRJMVGNGAQ/QHBPOqxsEgzbd4S9Atc8I7Ci+9VniqBkhAWLPtg/kAIHivEsg==
MvuiGuSEZOp410qtVcueNX4O0yOROnuMYBE4yNuI4kFoFI+EVy5KEnKSWpc27WNAhsVS9RjKNv47JinuI4S5FcxsU8u4VozAbpun9VDaXSJjlnqivSEm42lvN5U1d66UFAXjyUxhQ6HakM/ioHlAQA==
MvuiGuSEZOp410qtVcueNWI/qb7Opebbpw+Zrj+sxTK/aftwXTqNY0VwdOoA2dXQEFUz5JyVSfPLH/EkFZBUNaX8X4EpaSGZrUY6PL66XsSxr8TNHajuryhVfcA/4jgYNwwifrIYsJ+p1HG9abwm8A==
MvuiGuSEZOp410qtVcueNTiK1qqxtP7mIrJWOYuKaKq6rDmX/EwgkE4EgvYpZ/P+0XFPsXlomx1lDbH3kzzMOpCdn+p2aGM+l+YKGIhFmy0tp4RQX9AYSK+Amd/nkBru7dHYtWJoC+nyuGhAG4RFNw==
MvuiGuSEZOp410qtVcueNTsi0erZxBrhhOH4QPOqprxNl4b1jGKdGL42dRd7BPHDQzqAcxb7lR5ZZFP+WQUE9x9W6Jk9nm59RXdviUUdcdYuGmIle7RR2fXf67Uvo0mKNDka/kfP6e9BTSf4HJGVwQ==
0L0H2drt00qAM0Qul0PIz2IptXEzBdFkp49hgI+JTJVon5788Rz/AiymQ/RpOSK+EmFmmZ5t4CK7P+ENE5kwE6xQuFkTgYjvuFiIQLZs3WW+CDvPQ+wrYEV4evo2Gr8CllWFylftFU0xXXoXwRBaGAwtir5udPqcu60zRsrxdq0QZbqzP4WGis32H0jUF6sDEL+kYKM5seyeB7zkYwo8jw==
MvuiGuSEZOp410qtVcueNR6GpqAM6O50O03HjJHV76wYS2+JK1u+oO5cw3Bbk2ToT+avGTZ3PTZVmhyD1UVzpCwA9Z8o6xhMl4XGQKXQ2QwU2V3N537VRf+Tw0mDfAVLIf+6l8Pr7RxNHGgZlflI7w==
MvuiGuSEZOp410qtVcueNR6GpqAM6O50O03HjJHV76wYS2+JK1u+oO5cw3Bbk2ToT+avGTZ3PTZVmhyD1UVzpCwA9Z8o6xhMl4XGQKXQ2QwU2V3N537VRf+Tw0mDfAVLIf+6l8Pr7RxNHGgZlflI7w==
MvuiGuSEZOp410qtVcueNdRPBZaWsUDeDH6PUJkcfSGGPV9OEX+dkGgHkcrKoMhyMyei0AKkhJHW+VodQbsvYatgWAbmDOIxDm+7GoDs3f4=
MvuiGuSEZOp410qtVcueNSBxJecB3PNrbnmk9kNgt1iqh6U3NnPUMK78cQMpvuB+FChUGyvSI9H9LE3AZWvdl2gh5ncEbVrL+s874jpNB7Tnrx5GrD1CYoH99eUfvAD+hj1dWubuF+ApilybRQUGgJRsu19HcfelG/hgkp1g8fK4aJbSBaccb2TUcDNjSmtQ9kFbla6Itln8zXFPk04qwGmLaAn5Eyi4vXbKFgUymSwRD/CVLIwRXeVp5j9Qe3oF85G1MlvIBW4U8PInUFVRvbxaJIZIFxpXdilvfdv3gjnTE57aHZtMyBJfucdq0vA9
MvuiGuSEZOp410qtVcueNeuO3sSu/FHIE+LEo0K5C3GkykafWWhKeFjzru0SSP1xHNFeH340RKu0cK9PshVHdSH6RwKSGQVxyl54igL4xZ+fG0XyKv5z+m2qigFnbKAzXdNWH/JGko89aPMs+Z53mA==
0L0H2drt00qAM0Qul0PIz3drOCdcsXXbl2Liw/3+6mVr3LNTlmUANcctRpRAlIYKgc9yX0IZt078znqR8ZHKk+iC7M+w+ks5RFNSChEKHRR/k4ggbgx6T1eiPOKJHcFdyYcByuDRr/jGwPrF0ICg5dXPiovauEURhw7Lrs3Q2AJyM7a5XQEUlXxcAzNVKUS0miKoFZNpb0LsiaMP6+Wbpg==
MvuiGuSEZOp410qtVcueNRZnNwgs625BAZBZ7dnfmSKgnxapvr6yV/sJM8AXgcgJZHBssoNx8Y97y5Iv2eUgHW1tOC2Tm0WfoJIWVQg3yPO+Cw+xNA0/bS3eLn+hz+e5ukrWRRPJ+K33C2zxfJ9HUw==
MvuiGuSEZOp410qtVcueNd5T4TIfoZr5AlqBmQznTIL9o4qUZjAAt+AU0hSXGkdoRcSzrSG7uiVouSUfkj75Qq7ZRIQ+yAXxyCi87U6FRCjE5v7RpT3OuTC3f77LkgJVqIgpBDDmK6wckVRsdm0aag==
MvuiGuSEZOp410qtVcueNXdSzj51J9kW1iadBqWvoK/MDdhi1XKetO73nxTlRZava7LYCWRrXpxhOV7LnEfy7yL97qknCtctZHJL4Sq3L5jcKKpn0pWbBiLVI2mU2RZACVMDFjrrGZTpGz6AFkPrrg==
MvuiGuSEZOp410qtVcueNXdSzj51J9kW1iadBqWvoK/MDdhi1XKetO73nxTlRZava7LYCWRrXpxhOV7LnEfy7yL97qknCtctZHJL4Sq3L5jcKKpn0pWbBiLVI2mU2RZACVMDFjrrGZTpGz6AFkPrrg==
MvuiGuSEZOp410qtVcueNUNsLP5ubX/1q6TfqMFQVfPb4IBrQZ78kQlwBc+YOY2hSNVnJHXj0XL/OIMgn1odwd1GDbf1l+uu/e0ZSuv39CMp5EywSixgTDQo8vpTi9ypQVXeRrCvT9oDwJZgZMB+OA==
0L0H2drt00qAM0Qul0PIz4mW8AGM6bHH4ClPo0Pa2e6FlVl8VqRG3FCPa2Z184IyxbsAG4IJkogCYh0R+NfZccDVD+WfE2Hw56EKwc4yXVbD6yIITZsVn1KmRhJQHlasSjXSTETyKrU50mQvMcBtmAmpZjWBTea7lj/0eZOO01eUyIMTM6yFMN53V6ktZo6UuCtUjswgxoKem3u+fxGZOQ==
MvuiGuSEZOp410qtVcueNXbekoDHv0+gymH2G2IDBRiczjrVgjnsITxm6cO6jLEvkIDiuN47gCuPE+q6w1tx8QtIGXIARiuUy0+uwTmLDLqzPJuFFgjMnHO5IQV7gxSlWK07qa3KOVjJtaMo+pyfeQ==
MvuiGuSEZOp410qtVcueNf1mC/bGS2r0CRYKZ9VAOeQeJ7FMj+f/J0Ko6JkdBnvq9lSeIbctQgFVZBU31dLVbek4j8847qvCaJb5sjl6MdoqOGkTvZ1EYxS+mFNG6AhkrLPn0f+HLbt00Xkm/sClxA==
MvuiGuSEZOp410qtVcueNf1mC/bGS2r0CRYKZ9VAOeQeJ7FMj+f/J0Ko6JkdBnvq9lSeIbctQgFVZBU31dLVbek4j8847qvCaJb5sjl6MdoqOGkTvZ1EYxS+mFNG6AhkrLPn0f+HLbt00Xkm/sClxA==
MvuiGuSEZOp410qtVcueNWQeZGaFf6vHnaZ/bkPR3q1j1yfIqmd+D5wNNVIftCdqAsARgtSpPXV7cy1DxcFGav3+EqlDxh2P1haTrZYHyoY=
MvuiGuSEZOp410qtVcueNdrVuFyK83Z3uRq8jCgBBdX7Fm0dM25jLCvx20a4WjFv8m96y9toOdTIJbNrYxtn5LJGJXIrvGpZDLYBfreFyayDKCSMkSF0Py4tgskoqBuloirL+5VWE1uY3tjopbiKuiu5rRJpp9BxszaP+0KprpOSLCTxn7gz8ZqKXo8ZgsCpFb3NmWI16dK2dhB16TC9uVTttBRZBnNoif7bdM6TnW3IFMlU2dxId7qhO63BwcHAe47dxsM51vjfUtPh6sDZLqkxjfsq7ERIiEgIhMF3vg1Qbt/bb9yUPSqfYoJJEq4B
MvuiGuSEZOp410qtVcueNcOe9/6USBGyKM7YUE6DrA2XY1Ns4FKIedJr6WAQxDu4V2v4XWS7X78g4unsumfDSAp6Ei5nB8dg9iL/2UUmDsGKPdyQ/1d8r50tI+t0e/DE0iblCJS0d3x5MzO4Hdk1pA==
0L0H2drt00qAM0Qul0PIz54RX4MyhuSNj6FhMMp0kht/0oqR9kedIjBfNdD82Dp5GyisV27qD3EqZO903amyPYZfL8JKZXKYxbKM/eAVDaIAbHU2VhcJaVp4FZUoomirdO1RYAuLFMU3yK6PrkXNn6pDTNeDh+Ue3XL+1kJ3G5NZ6BJfSG0ZMvzZZpmH/c46VdDhj0sip1TWGGwBFXl5oQ==
MvuiGuSEZOp410qtVcueNRb0Ye59UzAN16pwmlav01hpY5at2sR9RzTSFhA5kn9YJHKnEVXU0Tcg1D9XR+G2mYy4lBAHnY4KfxEmxApIP73t9nNyvrwAwa1UzKpZmdAtf1/UCyXkzX/KMtcTQ2OHcQ==
MvuiGuSEZOp410qtVcueNVE1V+XNvac+8bhBOQCkgzTzSuJ3T+GAo398KDkCrDapKn+sV22sPVIROQQLxE9mHt6bTnEnN9qREU/O6Zq5hQ0HhDvqBpreUG4TnwVuGllnLkBu+3RmZz9CNRoGjAejaw==
MvuiGuSEZOp410qtVcueNZ/MOWTdlLy2G6Zya5Z+1zMPZYHKtNRLFn+9AthrdZhSJEnxxTMu9z4QFcl7QmUxtOrxn9lNIHrNU08sqUG+icItip3frnWWPKtHb5MgAwVeLfVohMVXT70biNpVrJYVkQ==
MvuiGuSEZOp410qtVcueNSuzGXk/pNnlChr7j6AZdpTdZgqzghklEd3lpj9DzTnG9+WOjCKZB0MnLUc/FfXOOQBhxweTjTRzL/Lb2/7/smNiM4/Y8KdTiQ/6RNBhZfHl28LJWk8jTcFHXZ/1swyIjA==
MvuiGuSEZOp410qtVcueNUiww6o/pIXmUkJDaoNIu4jWqbQ2HWlphueYN3eWpQpir7t4y0TKI0XX+A9DezRpcISrpYD8ILPDTy7xwlJwXHB9QMJFRzwXY2q9TuL47Z9WP99xyG+BpLxLL85yXqGOGA==
0L0H2drt00qAM0Qul0PIz3qxDKvhMQHHl0MKv1JrIra3ZB5y9HeNJC+GziewOQ9sCvWWkrdLK6n8BYckgca0qgcB3CT6MQ5JC0NOjuHCyzbT31iKiCiwQYXhE2TQDdc73hNne+OG6V33xZiHXBix4wNB4eIish/lAqCOFQ4h/Fyd4qd1R6m17TWPunwGedgRwCzzJs0VxjClErXH5Mj4Ew==
MvuiGuSEZOp410qtVcueNSAU/5fj4s8YNZmKcFiJw5VgB/MZrHYinEd4feUeZ16AyjzTmrowOIT6WuF4rAvYBP/f/5zU+NOVe9ft3ZLwRffbiQFcqDbNd9y5yJb+AkyJyni/Wot6Sv3WIpVCyv2UrA==
MvuiGuSEZOp410qtVcueNcp1z3c9nHwk4ryEQxUdN/Z094c9J73EBRG5PKNl2/X1Jo6k76gmaKBVBCZJuw/NO9fg0SlbRixznSWDwsYReeAmrNRMsp9/NYvnglPHcklgZiCahDfTnyEKCck6Mjx5QA==
MvuiGuSEZOp410qtVcueNcp1z3c9nHwk4ryEQxUdN/Z094c9J73EBRG5PKNl2/X1Jo6k76gmaKBVBCZJuw/NO9fg0SlbRixznSWDwsYReeAmrNRMsp9/NYvnglPHcklgZiCahDfTnyEKCck6Mjx5QA==
MvuiGuSEZOp410qtVcueNX+uHTluIS8dzF+xh4jY6mamJrmffMLRUOvRrKd6pHsgh24mqgNm3wI5kfq/pV1m3pcLU9KAymof9hfnXvDGKE/dqCxJ8haSxG98eKvfnWZZPLp330dYkpovwlhxYQzKkg==
0L0H2drt00qAM0Qul0PIz6asEdwZD0LECFcEF1lhJIf5fVNTK5lFPqJIWnQ5o6btkaW5I+AqWVHWlwSsCHjQjJMFlyUXxNnMJs18ibrczjrf36SnAbpHUMseQC69sSp8BgNKpKg1tVzG/Qi/FQ3gcD+Hk0l9LdH+chjJ4BH15YT9sweD8un2NTudfFEvMRZiwgpw++yPbbKqsGMWrEvSlg==
MvuiGuSEZOp410qtVcueNYdAlB35xbns1bTy0/0nVrNBmcy9dX7h7+RXl9zWi9IZUmdx47RA6lGuqwk15SzAqa5xkbepOUQnsTBUhZ8Ubt/FpvdH8nBb4CmlourgGW1wRvWgOGM8L5hGEpdWf9zAxQ==
MvuiGuSEZOp410qtVcueNZWSJ5/36L8RiqtMKNqB/HY8IPgbap6QnyuDz8tCwAZ8APqZHvXuJPoLHNt0s+ajp6OuouKJRmLYn1U+5KFZHydrIipFcV/QHhOIY8ir0YALMk/BtthoZM7XhUftSrPhtA==
MvuiGuSEZOp410qtVcueNZWSJ5/36L8RiqtMKNqB/HY8IPgbap6QnyuDz8tCwAZ8APqZHvXuJPoLHNt0s+ajp6OuouKJRmLYn1U+5KFZHydrIipFcV/QHhOIY8ir0YALMk/BtthoZM7XhUftSrPhtA==
MvuiGuSEZOp410qtVcueNQeVGj87bNh7+N6dP1bKxFRwKjzoHfZkbzVYdKP895oo58M065dYXguYaTRfsNmMLgBQhq7wgYPKD+zYpBO9GoTbusdunaB1L00OPNQ5W5qP1Y2Xz4UcCpWd341gfjx0hXO1USXClFTIXsvVPMtuio8=
MvuiGuSEZOp410qtVcueNcwKIxXCz3YeYVciSdnXkRfuHnLdaHS5qmwt3NsW1TN2u55LbeO50LFcjCN2+Gzc2fhgNvtUMQ8ncVEy8A7Ax+iszjqK4gfUV/UyageIyktluVxxvqg0ZplLUM+96yTGmUgGoHIIfToPEFyyj+lVN9ELAODEbuLbKdZkBfrsUK29QIICEWQb8tCsMhGiZ6KwGr6Obibmy8zGSmMdgn601tP69UqxvDSQB7fg/ur3PbmS1Vk+HNeQAT+9/lpnuUUfskUYxUhaL4qByBTUh5KZUA8Y5huhGdFmAzG/cboukQb+
MvuiGuSEZOp410qtVcueNQS2M13uNslxDnZP3Pj2TjNlyMFl2Uem6OFUNshaTWzBPqOI0dAEofuNLw0SJdGdSy8wleLpemOsVr52moxrL7YyrOcUV85vgnX/4Ydd8+96sRM4t0amgdfMnT5/ASksKA==
0L0H2drt00qAM0Qul0PIz+0DEFWybRsjBidjQrjpzNKD8CPZXnoQ1tUr5WGYhDikbUjcQDBiHnttg0oHFgKqAEAY2C+bAy4NNwhZ0aUtmA8EhmN9EH3P78WAr3I1Ab78L2cyZHcN442lWiLISbpgUMRAdEbjK4rUvTLm5hc8oVJZc4eYHcovYl5D5/SaNDXxZFvJWcr6nNTKcLx8HdQ4dg==
MvuiGuSEZOp410qtVcueNdUDdueRC+fmGXX5utjeLESG7RGSbcSZh2WdXEhjjbR3EAW/iNnBOXJELesrGw9vshdJ1TR0bwhETEtZPW1DalfDOB0e+zugthqvOVxidVOlURW+VgvqGOaR6xLs5Wfbeg==
MvuiGuSEZOp410qtVcueNd6+42vCllWxxPPmAwE3j8blD5lnzRBvyYHtvqZlYJ3xe+xwxwoES9K5wrGfO1DXsFmWKlxUQwJhDW9grEVKCUKsE+Vo1T0qQbhFSyRur/8ja3HlIckhkHkqwa/knTox0w==
MvuiGuSEZOp410qtVcueNd6+42vCllWxxPPmAwE3j8blD5lnzRBvyYHtvqZlYJ3xe+xwxwoES9K5wrGfO1DXsFmWKlxUQwJhDW9grEVKCUKsE+Vo1T0qQbhFSyRur/8ja3HlIckhkHkqwa/knTox0w==
MvuiGuSEZOp410qtVcueNaX2Omoxgmns5/9P4rTAs+q9c5dy/n9YKvjLJ1angoTTh5NbXkfl7GnrSxbJ3shsesuncaqoApH4qJJx2YYnF0C4MJAWFSuSy2ZlHUq308x2GnRv7A7qvi0hl1tfylpAOQ==
0L0H2drt00qAM0Qul0PIz6ZgTBb5IpRxReKg1rXPGOjyGbyYd3SCiMlLYplbhfZGYRSIlZ5mDqjZkVSUKYDKkq+HhoNZLHOOcqOiRbNcqMmeY6/x9jbNKuUYNugLHMNhY4uuG6lRJWZGyQkZavd28ihFSMo0V7J/2+FldNucsFiMxQty/+leaSMJWAiBLxGT/a5sZbi4FPf4rmLV9gOaMQ==
MvuiGuSEZOp410qtVcueNabiDBwnaJEXW9lfSRV9FeOJVW7meGJPnrVUD1nrRMiZHb8Tm2eIU39fCqeSPXUbRfXg0Dx/GVl3rloZ7YbrvMzQNs2PiA0iN9ClV9T95m+9N0SsUFK9Br0cGb2XmDywjw==
MvuiGuSEZOp410qtVcueNV3gPM5MT3XTywwShBOUL7O1nhO0tz/a6jkgkspwsfhZPer82BaNN7HRNS2INkK5UXvfMf0pAE2jMfGN8wZipj7WqwwhXsfN6DnSzbUJu/PKUReu59JRtAgKxl2dSevohg==
MvuiGuSEZOp410qtVcueNV3gPM5MT3XTywwShBOUL7O1nhO0tz/a6jkgkspwsfhZPer82BaNN7HRNS2INkK5UXvfMf0pAE2jMfGN8wZipj7WqwwhXsfN6DnSzbUJu/PKUReu59JRtAgKxl2dSevohg==
MvuiGuSEZOp410qtVcueNdf1Do8YtOFIXhEEWzFiMzcuqB5E0o9qwIzIW6gXKUsv7m77ibIiNwrALGLVVFZ6cR8xeBPMvk3tuO3q7evEelWrCF6cUSrubvK51pGZN5Ii1KlHmfjkH+GI3/mS2xBqUw==
0L0H2drt00qAM0Qul0PIz2525pS1fxvf6R3dk0q29Gz4HhctHfJPmDJlJ9mAR/qwW/e/ow/Rg9QFzxttrUfZ6BinYJ96OnEdoI5mM2ZEo6ILlxUIDcpTbWiWUmUpxxfiQFZ8mrVgbe1XTqnTAuS24jJVrsD78nrG4+F1sA2gf2wKsWvVXxFRNOxmYzyre8ffjQ2lzAoopzWFi5fLURrXWw==
MvuiGuSEZOp410qtVcueNYC8gTDmpljRkInMccRnx4jaPBjoXKVmyDt5hgnVlu212xuQpHv9Yy+ToCMS8RelUPXMSiHwTVAalXOm0IhoY4YQj66QuTj19COA/k9D78RmI9m7TMFih14f5l31D87Z4A==
MvuiGuSEZOp410qtVcueNZLZuI/iIMrrkA9HX0B9bS1qk+sS5SmxNWosNSa+jjdDh36usTL7ZcW0/ojHPita/n5uurw6cON7eQ3mtcriYJ34upM+j2rjYN+/MF69Z8vTDMDyeGyVkzVu1Pz4tmo5/A==
MvuiGuSEZOp410qtVcueNZLZuI/iIMrrkA9HX0B9bS1qk+sS5SmxNWosNSa+jjdDh36usTL7ZcW0/ojHPita/n5uurw6cON7eQ3mtcriYJ34upM+j2rjYN+/MF69Z8vTDMDyeGyVkzVu1Pz4tmo5/A==
MvuiGuSEZOp410qtVcueNbZFDgMg8kxAd6wt6+xxr6qK+PCOcVF2hQU8u3fLTNply+QU4PR3PRjr8vlZRIRrw4Y8xCier2wonFsZnUAMGQMbXcFKr1CbntXMCqFyxVEYtR/v1sUo+LrkKjKL2CLuicc+nKFhGIgLC4jwM7SZ2ao=
MvuiGuSEZOp410qtVcueNZwjBmWdg47UNXT52wKGKUue0Qao3WWE37sgqgOBfeaIRAvGKJySauLVYdV42dyMRcnBazg2LtIs/0yOcWDvmaPD0IrvffXlJexkLFtMC0On2vAmqi/Rk74OKBI7LjDPjYNpa8L/YhrVoQEzSDQXl2AznudorvXhReCZshNUIfznpeWfVzT3Hb5SZi7d64jBjgNUAjtRcEmzxU0ZtebQpN/tUnc7WpBnRJyW9zlRXzDYJ+JYLwQ3mODDXESB/090r4U+alKvz4MmM4ufAX6qOzKaF/5E1n5WDZKkUvAfolxN
MvuiGuSEZOp410qtVcueNdq2v/q6LesbIyK+hcVAdSAiDXsaXUKRuISs42sTTSB+r0HO1LZ41xCU1GKOPdeX3wve9+WeWIppz66JQ8QNtOO7xbLt0pk1vV7+xB6tqHFGxQwaEAqDJTHZtJFkZcScIg==
0L0H2drt00qAM0Qul0PIzzeoFBVWwpinrvjRskK1NgsYjURcnJg/U2QOes+gZP20xSe++aQ+6Yn2Kae4x4aI//75TFyUHqKU1zjb6HqCjwbaOQux0srxVJcHBdy77VC8oxaxZaJkAEXxy5zvf196CkVcRFlhhWspCg4B8LaGPbrVstqAlCbf1cZn9IpIsHtmnH1qEvtt2Cb5T56lP7MU3Q==
MvuiGuSEZOp410qtVcueNdqkUg5cSKbSYwd/UTLM5kgSCwzEyxqZTDl3xlAiadqyy7YpZg0JP00BkkDYccdRO/Ndbws4O0APHqtb2jG2f9yt07+n6aLEOr5V/YfYz3sa8rCxU9OmsUKK9RFk0ueEZg==
MvuiGuSEZOp410qtVcueNeovj4CVAY6lfIYY1lY/4Eikml9bmvq4VsBwBnWH3BCXEXKV7VybAafqw0w0/Fq7G65kOWOuY/w+L/LBBq1Fu0ILYnGMNJ4UqHBQfpaYnVWtRUzQ88hL6vQAoJJwPyw0Vg==
MvuiGuSEZOp410qtVcueNSlMyTL2ITxuS7MlPd/KtNMBtUDhvun/+vynAEuV3hVZyesE40RYztnPfzK0fHP2YjQMm0okx1Jmgp+I21ozwk4YVIdFbMzS/5dlrD8SRNDe7YyW5XQBqBuQrxDWCXLdyA==
MvuiGuSEZOp410qtVcueNe80UFv1sSobSDxQXV/hdiNhY0iUyYkHWaDmlfS6fwDn4yYpv4nKl3UzURlYoZ+ZZidQ9q3zU0QAcMXDVya4iVsU6HvMMQrdIi/FD1KKaf5xbSZsRkWdpSn6ASrvekqGgQ==
0L0H2drt00qAM0Qul0PIzySPDlZP9zwGVjBrUxn/DJ90yass6sXyShVi5fzqArBTsVfcjNX6ggxzZPVCE+C8VQKqH6C3wIgWql7JJ/1zEl+bL5qv8V7ZEKL7Knq4+455LRc6WaIdE6XtTBcAssTENBKBkSVQm1PMLb89sI5q9GQBLCLuvXE6Q1ebP7mboKuG+SRKRsRH1k5ffE95SLHOaA==
MvuiGuSEZOp410qtVcueNQs/ROl9x/61BqIXSX3/mDp1aTVzrZGEoZWj7DXOhdLaLJnXskYdZzJBAucoUL1ReNKCRAcGy+pD6ZW4m+8u0mKX18YQMIUXz+Ts2V94xBREdaq5DKQfuYZCnAOyMXsejw==
MvuiGuSEZOp410qtVcueNXq/EYeMJuMrGAf+/2axtqNpW+A7XDjieVGshapcci+hg0KBdMxaIh0VZ8VdIdQzS46U7Ba2jEJHXhlAIztYGTYbtK2mdE+zuDjfvCN7iUNomYkdn9l2svgmwLfl30rcLQ==
MvuiGuSEZOp410qtVcueNXq/EYeMJuMrGAf+/2axtqNpW+A7XDjieVGshapcci+hg0KBdMxaIh0VZ8VdIdQzS46U7Ba2jEJHXhlAIztYGTYbtK2mdE+zuDjfvCN7iUNomYkdn9l2svgmwLfl30rcLQ==
MvuiGuSEZOp410qtVcueNU4T5HjZ0R9KgXwtpeuF/8lVgLH9FU+fVtB68f0XlojaYY9YaOcTAJn832qAe8ojs17H2GdCUZTxtiK9LK5p/+MoUL2fUNE/e5TSrljIxSHwWTW2aBxw1PEfbG++1uDqAg==
0L0H2drt00qAM0Qul0PIzzkdmOEbPe6qWTqoHNY7f+IF5kmjLgt6h45iSyvEsqcFYmJ7ofratxg0+L0+/fplvCDf8A1zdKK7+o+7mBDAmJBHPehviZNTbwV3+1fjkbf28jjbqY2AHwfrGX/8+6K6MJLIB5rXuNbH3hfNAAb5xXlqQu5qrBXYsB6VGfRbvFo2dme/3nNtlENZMlCSO6+PkQ==
MvuiGuSEZOp410qtVcueNejbG84vDfuwNqcFiitiaCObVSrDHyOZqgnUM8rr5nAM27JWblp/Qpv5nMFB91srxCOSxcNpJm5ITByyyG7wyi/xqen9vSmIwiwnCBW2KDk75djz0N9c60ZLOCfPqzB3dw==
MvuiGuSEZOp410qtVcueNQqD0+pshNY+1oqYh+CilG1S2XiZxRbJcMLy2vu8lvu0LivjrdJmmYgD5slq6yUzSqcwErV4M1N3HG6Sfxxshrgf8fxBplmcDXX0dtlV/tq9UldI38L+ZBdN3Mtj3i6q/g==
MvuiGuSEZOp410qtVcueNQqD0+pshNY+1oqYh+CilG1S2XiZxRbJcMLy2vu8lvu0LivjrdJmmYgD5slq6yUzSqcwErV4M1N3HG6Sfxxshrgf8fxBplmcDXX0dtlV/tq9UldI38L+ZBdN3Mtj3i6q/g==
MvuiGuSEZOp410qtVcueNeqKv2Tvln70NnQawez4cK1GO+hrAXz9SoR/qZqlP+u1Qe7UhrMZ3CEx2wGYc398MF9HdeL6wMGaTX/++CGqD2Gg9L3WpdZq03HfW3iTCeKDlbZQhU/MqPFkNrFtk2e9+w==
0L0H2drt00qAM0Qul0PIz4QqgZJUvnUFpQ4sLvOW/Q8v9iIQMwhZwA2lmw2qtundmuacZGUTa6aUdavWNa4k19lgDZpYW6iecCIARBMhmWghIwru5vKVuZ+fnaGRUkodtZssgblJJm7waLCGA65yv4QFVeITnBaWcpykfX+Ysk4A4CKjrApi7msIWZc7ho33zN8T+mFlmdMcLdxmukOSzA==
MvuiGuSEZOp410qtVcueNR1UGxyp2Sk8gP1W4ZTt8g23KNcqoZwnwThUdS1iy96ZjX4/48QVktNiSGldIf/EHu4EXk6x+GQUbx9vFg5K90n/03VLyFDTceuPa9fZxEK9NpRIAbaqMcLtuIPrq06lFA==
MvuiGuSEZOp410qtVcueNU5uopIDswAaq7IG/ax1LPm6KZ8nmbWqvmV83a7IcJYuWBXO4ch8CCNis7JrywyrEBQ5tV8sR3z9tFk839+N1HP078a5pezt4LldbZXF1F+5IDF64/CQbS89M500rO3ldA==
MvuiGuSEZOp410qtVcueNdQgLi154t6cXohWU7nBhPoCYWK4/EnaM2fMbezLuD/VOCwZoqW758rm1df8zpZsroMU5RGUEdV2j9L9PiwxUVfbm5gB7fg/m+DrqMZDyWM9/jnRDbaUtfRDHlqKZA3Y/A==
MvuiGuSEZOp410qtVcueNdo/MDckNITvX4QIP/USmz/gRCqMtmhXa7kzWGItvJwKs8h2lS4GYy3rNQGNCfCYwqBIhOAncNtGdSXGZMydBnaKK29p6IiUyTH+/W7p0OUWplBUJtUgC3zVZJbRpECYmT8BaFik/s3HTQXRYL2SuSw=
MvuiGuSEZOp410qtVcueNR59/wlbVxhStRIjQVdp87uVWGNuZgqIWTAXuhKucOfip79gf25AsRhsp+NdMHWdI8V2fqx58MmPeR5r1QloSgZVPGJLYyJxTftYYQZp+28ptcW/s+I/o8+mZ3NVgPT2QjXC1T4CFvV9RryyeXD9uIoZr0qBr/rcx5ee+KG8rSGLb2QLPH2lAacozevatyH2vuftXi8lla6y+4pfqjTfWIzrUv71nbHhgGjeZlCpcUDLP78/g95KOSz6Q+0Pu15jnDrV7Er/kMpzf1897mFHqCZk+Rzw0d2V7Ra/OO62wgjy
MvuiGuSEZOp410qtVcueNWaX0eF5gVSaSorGEGqERf7UzQXOU5sb7NLv6RwBIVdTBGGRv7SdMj0h6mZ7MO5GEG479rdFbw8kJwwRZ2bR0apkbXwyeHTVOx/kbJ8d8NwCfvcSJw34ZnBvFt5fg1W1Dw==
0L0H2drt00qAM0Qul0PIzwOzxejBh9JRuJuHeAq+ouS3JEz0nLlKY+2nWdAifyOG62PKb8h1Yx552Ya0RuVIXbxZlN9Q04N3eOFfAE5Cct4jBWnsnsutAt7aEca3wNO8x/c5OnNt2dWxlG87nitXsvC0Y3HZvjRR6gVZEhAQSQWXGeFHD2IoDGSaPWLff+jXTLC3dhxgMbUPJx4lj64kxQ==
MvuiGuSEZOp410qtVcueNQ4GS2Pu0bna4KkQbz1b64ITaIEIXltActhrnKI+zCzYYDkIm6Ls1qZG9gpS0xKQpz8PPT3jCceUaNar7JDFHQ32YMd1GSGVvJ6ZXaNJP7inM3ScXeEDBikGCneqBTVbCQ==
MvuiGuSEZOp410qtVcueNfhlNZbZzZfr7kmBXBp3QaOSGrL5OBRGHfruo8j/QPB0e0aqc2CoZImxG18bzdHB8E13w/+E0MKCHJxSOx5zGhFiF47SHUJI51xo8q1Zq5Ao+BT+2nqBFBIoZvVObcg/4w==
MvuiGuSEZOp410qtVcueNXVzkOsrofZWHly4ymUT5VtxBgNEKsrso0x7ghs1jL7Ln2yzKKorS7/jNCQXZ387TgzZI9nhP6JVMIzuk2F/nvjnUY6UrgHy9NuiHFDIEwTEJU9vJjXKwLBJNI/5PExqUg==
MvuiGuSEZOp410qtVcueNRFl/HV6WUjz95u14JDgQJyRM7bBeXZ4c8BbzH4GiQCE/+OPavpMxON6M4JytdEYHRYqrxFrjImzqn+/mPYdHII2lz8xECzhZGiMYBm0ZztkoGMV3XBEprnMMCZuWdWoqz5jifYUDrAQ1As40IthCKE=
MvuiGuSEZOp410qtVcueNRFl/HV6WUjz95u14JDgQJz+ffRS0DKVbEV4V2iIapFF3eY/83mWs8/qI1lgKHDESzBx/B1HqKQhrDrgKqThrBOH7h6QFP+DPAFocR/gx3pOEL+ip2SvIeI1rubwl+pCiFQFajRCZGHyjpYNI0k/TKbiRqDezhcH7N15w03ksfjUDKdXPwJnG5F/2+6Ts7pPpcNmCBuhRjqe25E93aBuQeGtMa9vYGmlt8PxqNoJmuD6sBf+D5xeX9QHGAX2va7nufPMLw+Ca/o+DODVuFXAaYywGtcIHgtzRDYUwPWg2Gzw
MvuiGuSEZOp410qtVcueNXeqz1N5adJ8H0Gbmqc1IIQgacf2eE4wuyz6cR/Mfa2qpata4PqwA39rgpr7jCRM+Pi91hY87VnDbCzKAwE6KL04EEbQIW8ufsn6+J9Vg5l17iP/dCILCfEAShojf3yQSw==
0L0H2drt00qAM0Qul0PIz1mWTV0uz3XGmNauVusuQmryfNdkdJJKXLhopemDi22gK6O8hlPJ9xGdEejysni4Pa+Ci2xkGbwC2zguuyns3StFy8DD1I/4i4St+uZ1HcQnMKKm4VHoBn7o7VUWg7U7/k4sOcSAA17q3WAywjYZP8EQP01oheN2A+kNII3eSUmx57S9fZtl++f5wNxHf+tuVA==
MvuiGuSEZOp410qtVcueNQgkwdDGowyl7xM1YeLo1V8FEUCJoZ4lVBwT6qYmcMKGhMPGV45aNiwRROVc48K2x6q607FKN7tJfsvF6gFGfUKwcjVnMbRRP6ZX0bPtBpEtDpaTj+P/M+q8H3O+AHaO6w==
MvuiGuSEZOp410qtVcueNeHk4HK4Tp1GoMETDU0KG2HwVAthinuF9aRGrDVFXjtWcb+uB1KS5f5vxelFpG5R/FjMJjucCf3wpYomLP0t2C/IFqW5cx4x/Z6A+r+uMXgDl7WsxIzvvZIRaZJCLQcRwQ==
MvuiGuSEZOp410qtVcueNeHk4HK4Tp1GoMETDU0KG2HwVAthinuF9aRGrDVFXjtWcb+uB1KS5f5vxelFpG5R/FjMJjucCf3wpYomLP0t2C/IFqW5cx4x/Z6A+r+uMXgDl7WsxIzvvZIRaZJCLQcRwQ==
MvuiGuSEZOp410qtVcueNc1BenHgsrkJAalp2SWvwPCEW3RTMqhyK83zS0T2Cx9sURnAOhe1+1Nz81u5wtVqXiNgp1WR5NAfunjkuZpV34p7cVlTivNssgIy9hC/4SzJwYekXMn9tcO8XdUu+AhlTw==
0L0H2drt00qAM0Qul0PIz37sXL3v1wW8bw7FV0nRh8RqP+FTje0H/+qLwVd7f7SAF2a68RcJuWyi0hv3sdgyU75GSPL+vSaW5mNaWtdwptLBlyiYZ/Uf0Wj8UKG7/Qg4eyy9lv0YHcvw/YM4lqew9/C3zDkWrSHrTNZdc2oQI7sTgqoCl3Ry5GIjAHOH9JhjyjPsc6NyIjsJ+q2BHPUKvQ==
MvuiGuSEZOp410qtVcueNaG7VSCNtn231c4LDyw0HD1pPHB2sx6TlAobgXd55pqcWq+LTzJrZxlYF4ttRJFwMaddbzE+7/79lvAsEiQvZgTiOxzOUN/+Ys8LZVIxodzqA8cUFiY8UwYErvqfx2B9Ig==
MvuiGuSEZOp410qtVcueNW8FJ8lkjlxaT6YHbp8KjH4mTrjkEK2/kGHaKUgQFTxyamzcmCY4AditBMHGjLFTMYSId/tjqnYPypQJgekBu1arF5pgR26JkU0kKrMHZAqkWBsJfQkDa/gdWR7XTAkOHA==
MvuiGuSEZOp410qtVcueNTYiyjPaXeR8LTw1pVY3W3bz7coCrlE6nejjLagy/T0LzfHI7NIe8lDE35bpPPb16oYY5W/7hETR1R/H7DUYjG90oDqhffSlgTGjQen/dOHaFg5D8xcdfPrPcoNZJSeWVg==
MvuiGuSEZOp410qtVcueNdeYPrUGuC81xOhxUbQhlNB2ZK+7N1s4V8s3ebnZQCwSOY0cJbqwGofQWR3eQD3x0DXVk709+sKkaW5k/gJFiQk2k7IW9PnrJf9OzHWXCcfVHLw2MCmKqjpztSLiPPS9+w==
0L0H2drt00qAM0Qul0PIz9JkvrNKVxexbbJhDKEN9A9EinfgpINUhkwnHJGk3M8Hq+3hnkBdn9vsJ98XtNv6SiH3WAk2UnTiXa112sZbDoqCkMs+QTnlO+9sKGtMuqgFz+fI+Vf1t9+UGwdobh3JRBAtjmNDBzHspzOAstrlbwjJIkkfxxdsc7LnNwdi2yO+Bf5qk2wXwWBTS7mCviqeyQ==
MvuiGuSEZOp410qtVcueNTmIGFbGWOzpatZsBEVukkfNXUuy1lZKNWVmXFSuwVli6aKjEXJa6P1nwZszzhbgyT0popmOsbjLXgwTiSZfBzwlReayooP12R61VMfcfZA/MytVVw7ilgxBu6c4oMd6PQ==
MvuiGuSEZOp410qtVcueNSoDUdBI9KyUKkAS1cphUBL9WZy4K4ui7hRhZEP2GKBBv5W+gZN6qX7SqPuXoS1ENKzmIbjL23PZseAVBmRC/IWs1Prp0skHedy0iZfwkFytaHtKwfe/F7jl4I3LIU/HmA==
MvuiGuSEZOp410qtVcueNbrpNNKMuoVoSruj14+/FR2+xXa5nAIG/Gn/LvZik9smwnRbQrKcD+3/F8sw/A+keMwciwaPnMMU2hzUaYMrri/yP7xgn0yhzPZR9+Snca0KgqXj96W9zmASvKVEgvbT9g==
MvuiGuSEZOp410qtVcueNZ+/YXlCsiDme9lJh7FTZtIWAg0oG/BpJXl/akpznCYNPW77h/CHEsn87V32pl4HxTAG3q49bSLp3mso1OCn44g3qVfxwF0mP56qA6eSI+EWTqCd3BTDRwTfCe53GhcqMw==
0L0H2drt00qAM0Qul0PIz1HeGG2GSx0KpSfZbZCRSme4WvKSvHeeM6dbq/0PcLyTFGe0K8uil2eO5B/fcmBV/5BeK0w/zwJ2Gj27m+3NEMk0VpWW77ZrmHc73itLQJ4zMohf/Dmu4ouoL/glnIMgy+YtWXjhKGOIQfao53RJ01uBVatCrRhCrT7Msw/H8ulvdUwm0OUxuRhyeSbd/3PfXg==
MvuiGuSEZOp410qtVcueNZctYX3AH4hG4T6a1778baXjv1+ThqfzuVxDi4BZYwdaQ2LifbJWNGxrs4BR53BxujeYDTXB+vOF5aOX12Muw5U7tQD74NpyzjVkWwzPUaBImgs6cvF8tt+imsuNttsAmQ==
MvuiGuSEZOp410qtVcueNRBymsEIDx8skEIoXsrg0RpYiRDrHUZ7/cOKns4VvDkddu0xWH+m2AK0k97u9nqOh/gvrQaP4242Jbwu+56UyUnbN/OfzoPhlXp4fMKLxiPqy753No/EG1liaIt9v8RZyw==
MvuiGuSEZOp410qtVcueNdanLmQia4fJBdCrDBCRpWQHcKgof2Xg99IYiOhYkCwP61Npmm43pcs/fRSupzzoRTZXoC8HwQySAYuh//KA3PJN1OOcZ1xu6h19+3lQuKq3OHLfZTrosmLMm2B9zI/xwQ==
MvuiGuSEZOp410qtVcueNWVuKoym7TMlzLRR1YKBH3VqAbjdV54wlzEXtFqgNZVf9guHsI4FUg4arPNGER/SAemji6Yu9EFFEiy1ICeJAEZCLBwP/+k8bYAQWd+hM0L4geXiJa8U5H+0STblQMNVJM0u20NstEnKrog7MK8nXfk=
MvuiGuSEZOp410qtVcueNWVuKoym7TMlzLRR1YKBH3WTpUpijp0ozVR3Eci/bfWrvUyNACgVxO6gqcXgpOY0zvhAREqq5jAnpxkNsDvDoVz5zQyOIJbKvIgCzJ6Rxeh9xpD/3y5jrM2dJLNuYnM1NqaCeJ1sratUD72wkww++65PQP0OXn5vrQ+7utMCS7GlKaM2AzSms6l1FAh/qyXqkvn4UNtMumJC/RXUagDAgNLKPty1/LL4sUn3l/F5Pp54/eE5VI3BuNpNrDPwhr+39J18cFSgoKBFfwTQNbWDvE/RoxA8VcwmE+mkzH8YA8W/
MvuiGuSEZOp410qtVcueNRDghM15ihCqoogbNQkAiVCARSWhuk+kkm4XQzp872fQnqZyc4lv/BdCZzsuNymbbup3Gwsr6YAa2dCEtqOPB6J4skhGwcf9S1O3vGY6FxwpO3KtrKE1+BnnNwXwGjQOSg==
0L0H2drt00qAM0Qul0PIz47ff9TKoMVigWqq8XU9RWZAGAS2Ha1vTA2y64od58igaAhvIsjE8wkJ6PbeJg99i+DF/hioOvzYibwrdfT4kh3d89BblKDMbBAkgGk4edTg136mBu7uurvWIA4CUZdJDZ4B07CtvvpNhW+9Aw/CjbgsSNFjb/d37gsP/G+OC5FdqHit/hx32Y3UpGEIQKVyUg==
MvuiGuSEZOp410qtVcueNS3bI3SP9zLtUnTrincnbz0epYtxhUZpOa/UPD6OJ3iQWbFIGb3gONTpycgDusZI4ok4+KbUS2Qx9HFenbcKjQG6XZK0Wo3/RjXcbwU8MgBAXgj2xTX6aFtL6w0qkBnKuQ==
MvuiGuSEZOp410qtVcueNdRWi6as1F3W5ZDDGwDUXFIdcUisgsYV4VKWyMAQBFYUclwsNHBwPiIXsh06g3rucQYHPI1ulwWDbEwh2FQr6j9t3LQEHZcJkFYkejTFXKaufYwk6QHurTAeD7HNVeau2Q==
MvuiGuSEZOp410qtVcueNdRWi6as1F3W5ZDDGwDUXFIdcUisgsYV4VKWyMAQBFYUclwsNHBwPiIXsh06g3rucQYHPI1ulwWDbEwh2FQr6j9t3LQEHZcJkFYkejTFXKaufYwk6QHurTAeD7HNVeau2Q==
MvuiGuSEZOp410qtVcueNUtqG8++St9lvxkGg8rw68J8JFyG+sG4Op8/hIOH402eYwkPgDDGQM8v7QhxIRuDHj6QAp/mPQQVoWI5qQk7HCmUkOWEGY8S9gqmf2oszUrV61pzu2y+aUP9UlnaLtjK6mWnmvQVA+ZHnjrgadhrg2w=
MvuiGuSEZOp410qtVcueNa5+d6NEASYkvaaMKgoRfuN7BPksvTiCyXEHIjNZOihsRdxBpeOJK0eF7nFs4LvrQmXLTNOp3Ei4wgmJAqEG0Duopv1ewz/HZLRgR19hIlDlMVqiB3tYy8NHCo67mbM2CH925c6PAXRTSKTeeBiL9g1OvEbgvq89g8YfD8iiVlHFBk3RcaSI9q/ojy2XD7LocSOS4NeARDOGNhtgeonpXznhi9tBNye7hAacjpe6c1IxRboE78/0QNt40Tucu4GmxDMDbQfNjXGhLHqDXwMz+Rkxz6wpRNPtEz1xLi3Ed8ew
MvuiGuSEZOp410qtVcueNRkMZ4/bVfdTUx87T2MRHbP65usGu9Ai7HFFCepuwnaK1+TojFzCYSyHIqzqT3+uzukg0v2ZgqGQKLXXMD1tsjgiQ8vM4wlmPKEHojnyk6Zo5OkRLLtchr6ttGsC1shEqA==
0L0H2drt00qAM0Qul0PIz71kN/z63OPakrtkwcvvtEmEB0CWmyzW6fRYiv+aH6esSgIUHzNvwHF+cCUnqlV/dCNTzE1+0u+nAL9lNuZp400fUlBu2aIpnpyrsyMp3dWszGbP29w70S9Y0I5DmvN+0Fiv28QXIhDpqIg0rLpqvNR39oVV0SLN5axkRMFDYkODRl4aSimFqlNoXWqEYdrvHA==
MvuiGuSEZOp410qtVcueNSEBpCGoc4n9S7xGfZu/Hro2Sznmy3KWvQYZALUUcxhqwoqOvjLQy9ZqgSRK5FfFqJ2zgW3FG78IR4X/sv5Qk/Lbq3R1IKSY8MW6NJAsKdkT/3Tz7+RMWVtwLgDXLCClHg==
MvuiGuSEZOp410qtVcueNVnjAu6EnqVddmyhciDTD8WjVsLX3b4EXxAOiHchckozALBIGFbSIbS5nD4brwX0vvxgs3eYdTMd71a2PdOmqcOkZYYd97q8M5FL7NEerpm1EV4hpH1zRr6rqaP0SIz+vQ==
MvuiGuSEZOp410qtVcueNVnjAu6EnqVddmyhciDTD8WjVsLX3b4EXxAOiHchckozALBIGFbSIbS5nD4brwX0vvxgs3eYdTMd71a2PdOmqcOkZYYd97q8M5FL7NEerpm1EV4hpH1zRr6rqaP0SIz+vQ==
MvuiGuSEZOp410qtVcueNXm31QUDX5jlFvzFNRWmT1TaiC+lhqO90CaSwZn1mSItECdL+ULvAvXJriHpq7kWuFnCpmyBeziXy7/dP6PLTp9Q55WkhIwAB3Ho8+HhR5FxVfhGkFn38rx3NU3idvwktg==
0L0H2drt00qAM0Qul0PIz5VxBTrMHELMbGaJ+Zla7i8wgJMCG0V9rG1JZ56UPX7Umyg4jsBjZRcgQG1rClS5Yl0S8TxmRocbkwzPp2Q3/HlNkUKfCKpdWhz49QvYmlnpTDccFndeCEeMaUZQAiGWEau6lFtnI3U6ht5vdnC4Kg1w0VzG5/DvF9FpAALwOg9CbDCx2ZA+nn2HseT0MazgQw==
MvuiGuSEZOp410qtVcueNQomzSDqrFe8/s9GKeAtzWkrEjhcEHFcs8q1hX8csU4SR2KQn3+CUDKTqTOTt1QeBBqZg9csEojHEY338TgyMdjo0kwUsjFgrOOa7ymaJexITXqaqOAacyXtjU8vmdx+ng==
MvuiGuSEZOp410qtVcueNesXNP0ov4kkU/mCfmpZ1ChuPsYBtacAqlBRZiVwsdSlin1CazO7GrH1AsAA/cCdCqCs6A6RYQqZWE9rvVBql1kB/7Hf45G1FgfJWIrgMxxVFRZz6fn5D+VRST8vkxJvQA==
MvuiGuSEZOp410qtVcueNd615xWutLAn3ByqTGrDMm9BL7o5zZzklnlnI9cRiGR1vVOd+yXpVXwFOPprxwTAoc0/v8Ag7mY49UOm17CqHF8Mx+vPGHv7gTbKLpDpN6jfPgjPvDDQrJuZwYGJEekDbw==
MvuiGuSEZOp410qtVcueNfhwlefe2h1hGKEBM7bOtYFOpU3v4W3zBnna/YK9xWTWg+9R8Qwp3VDpNkMnupw7Ck7fWoTzCpapVnzTIyc2Toc=
MvuiGuSEZOp410qtVcueNRlHVo4I15h3hqKICEG4oaz1peklZr4JVJI5BS3RBu+zZ2r6+xQlDRkcE1AVWpZH0nrcPRurx0lrVfvjXRWayzl93DFdw73EbC+bIf+3iWDfDkCjkpdw3U9x2qDkyrxR5Z3gX/DhTZ6iHHUwV631OlVQeUYPXsm0dQtwcraq0JwpWHemnaD6UEiS8DRYD5WSLbzW/Ip9CGwcP06qa/frLGma2IDK/cFb8dlfqyXIPiDAa/h3+NIWSkBrqq6R5Z/U3PbmPGtgIfYosw+3rtn252enu+0fOdZl0rojwjm+rveF
MvuiGuSEZOp410qtVcueNQje6DDb0UP9qXxOLQT5muhPZDJZdhbJkMHFBRHlWA84MoOVX7+kILhOVwcvZQpsi4AjCW839QTpUOWTEmZiyN/jfT+hEEa6Gy2a1oz59yxCkMc1qLgWeBxVkhvy77VElg==
0L0H2drt00qAM0Qul0PIz0VyMRXv3Dw8ciMJ2cPw7Xn59gBr6GKlOgt9RIUbVOfPgGTrKEKOTkpl6g+5g8yQXAvvfYRqpRY1qtVPQQCJTMbX3ZK/gdBXFbvDi4fVeJbRJe+zrt/fw55iWkQHEv6wC0c5lKXEw0G9BzFDnmbMlxMVrGrmcYVKsw6avBKBVUm19cFQjEy/xDSvqFtaUqAUgQ==
MvuiGuSEZOp410qtVcueNa2Dvi27d2yHrwyC/444AuDhuhzpA+ZPnQbA0+snaA1TyCB0uYYdv4MvpRN1VYIGK2WkaiviZtJZxPzQRoWX+46afVF9wRM3X9dCOqFfCu5aI1mp29cilqrVpL+aOmUpTA==
MvuiGuSEZOp410qtVcueNeuAynUcf53tPqiawkgXCfvX297IzoG/vNx+4V2PtCwoG5Tj4+0xgLbouBP5hSH9cMYIO/RitPWdnADzcAdPqQFQby5p6t141vFEy0e7v0QLEo3NHPhpjeDxdGCA61Q7vA==
MvuiGuSEZOp410qtVcueNdY9rt2xBQMKtw4NeL6iyiaEaWK3uRs0W2RXiYaZnm+jyXM561/tAjgHNKOsOreqLUMw6a05rA2O9qKnB/lLZk1HA+zkoYoN/QSkGidRqajDk/sJc4r6TaAY8e7zsSxYCw==
MvuiGuSEZOp410qtVcueNdY9rt2xBQMKtw4NeL6iyiaEaWK3uRs0W2RXiYaZnm+jyXM561/tAjgHNKOsOreqLUMw6a05rA2O9qKnB/lLZk1HA+zkoYoN/QSkGidRqajDk/sJc4r6TaAY8e7zsSxYCw==
MvuiGuSEZOp410qtVcueNcoJ9zy9PixddnjhDv3xmbBnCTDR3XHCn9vNWrpO3L7HM4t/4qsx6y9Z7fnT1zqTleWxOO7ra03bYdNTtX6S1ulMdU19sKDev7J+C3nqzJLOwNcLgnwV6atXy03ggH4etQ==
0L0H2drt00qAM0Qul0PIzzpLyvc5PkkyA1lPYnUYkCPhUiWceHS5CvDUdvD5GzNKBSm8JDm5xGhjSokq4SeqQ28bUiMfK5+euqb/nHmpkssCsUgAl2cdMnc8ijL3UicLXMqtBY00GeYyBPqKEWsLKyq3++4AwvX+NuSwRnt3nEiHlypXsfWzd7vyEMqpwg+QHmB4k442DJJLDd2FNAiFBQ==
MvuiGuSEZOp410qtVcueNcikN8NH8dUCpKP7aFKxULbKCt5CBvK+tp0soGKyEaAUMgOD4RCRpA/ueQwIGgjvT8yy8DgrppyAlGEueelwoiRl+AhITc9GjYk9/jyZHK3A7Zm2GbiEqbwxtu15o2ohQw==
MvuiGuSEZOp410qtVcueNRRKSQ7HG64J1NVnfHWTe9niyHkTrijMe9Mf5mW7iJJcGHlD8pKixUseldJvUgPvN2HBUz7tA/AUqsCGMBffk0ddFwc9OqybD3RSpr0X4RDJhmx15kCTqA9JrsKTvozihg==
MvuiGuSEZOp410qtVcueNUEbx9+PyJk+svFHeTwQ3JEnbntIOHsU0V4xR/vow/wgjc/9YgGAeiIL3hGAREK2cwsKqYRzrkBQXyVOVXxjG2yNwrnpAmXhgI454W7HAzQmrVZvDq9Y3oHUbpuBJuelQA==
MvuiGuSEZOp410qtVcueNTzaDMidQk8tbBVuu+Q/h74kodinM00PQmPuoQx1zLbITB+dUXsji2CWFg4NfDHBqQiLG6e4o6FSXnIJYBkBXL4=
MvuiGuSEZOp410qtVcueNTzaDMidQk8tbBVuu+Q/h74kodinM00PQmPuoQx1zLbIl5kZsAvL18maFlG+ROZgYk4w+tujyq3D3U3YU0L9vayuEwgdiEIRHXn7NXAzbbcGcboNMwAP66WAuzxkroXlHUWGZsMx1KyaOELn6snr4YBCKoS98e/gZPurIozIcv9gk2mZowLiYslZxWs7Q2oI97d+C+RJdZzEmMPiin6msYhrsv1ePaFFNQN0uUdIhcztm03VQajq+oyIEeiWSd5BQoo4BHX8lvmSPmxd2vgotnK55Z5bzwL30Wz2cW0pN4Z2
MvuiGuSEZOp410qtVcueNReL61siS9lbGkrEC0tMyt9P3dbqZbyyQ7MizUSes894r80ar89pTArfxlcqAL0EubDWZWE51SZJg4dGYesHDW92r3JuFU3qLjV/4u7xcfrPngXAbZU/E/Hj/5AYZgt1GA==
0L0H2drt00qAM0Qul0PIz/04iwIdu8BWQ3LAGijH0rBt3ZimaystXfEp/9fc1PNZWAAGZOp3gogs5cBd6VCpDeSJ94e9tEyoHE31krWO6Uy8UYl0CUc/o4stZJSHBaVnuoSj70SzLrnyJNINYesRnnAxssCM/PZwSq8RQ/K3pLwpHtgZwpaemRO6+vGWG/8EPlGd4Y08cayhVhFER+YtmQ==
MvuiGuSEZOp410qtVcueNb+OHWoiLk/Awody61q93A3CMivPZjCHDuQIJh7quq2vI8c26CwxwRk0pLtricFf5DhghkwL84F/DdnNTsayerjcy5e1H/hnoOoXmuo84RH07V8ynfAfbKbduhfjiCiukA==
MvuiGuSEZOp410qtVcueNZx6G45KnJKXyuf+qackM58ohxXrTTNrNZqN5rdQ+57nv+izwGKghQ5V4KNYOdx014jTSOW/ZgTBlqgJ9gl8PHTKHlaxAVeEh7+wI3tDcwzznk671BvibZudM09Ou8ecCQ==
MvuiGuSEZOp410qtVcueNT1D1ezwh4fgUywASdAzl0YT8lY7pGQY3LsF39UQYEA/WZpayCvDT6vu7N0apI4CCAFdnY4BtnjPrgFxgx2BcxK1sFKFUIbABrEOrQFiIbhi0e4qE2/RZVrBwox3mAUc2g==
MvuiGuSEZOp410qtVcueNWaH55NZxn4YLJKdhlMKc1aU+1VyXvjYVpCXLbML3B+kIgKr+VxsdrXVRIj0pFMQY+Ol1TvXjRtcxH8mrmczQNTROK2urtTTNpXKZBDIazhGY49MvVDRFWN5q+X636tKuA==
MvuiGuSEZOp410qtVcueNXOERiHWq0lbyi15/c5VuHvnPCfEc1dkcdPUQx2Etbo1AcJo2XW5dWfHGmu+u0frqEKOv1PfvN3IvuIXLqtXiQFg6l4klkjFWsjng9kuEHU6d8aLrDZnjbqT5p+2C9d6Cw==
0L0H2drt00qAM0Qul0PIzzzGkqyOBo4hOCXCu9Ff499kTs4dupwhUH2vt9LRslvrzRkp/lolQ9n/gZ28H1Q7TwxXsfGoI5vIJkO/ZA485ZGAGOHU7mGDlHpWu3+SRMl4f/7VkIpLpeUo3XuEHLENv+VWz2xRnMwkSZnceg826TUoGJVUWPSHK4ElLvBcfPxGn/VnWypF4uejq/F9j4aJzA==
MvuiGuSEZOp410qtVcueNUhB5BiEUFQRdJhcPtJe1lqrddHUDIRlwRQiKc60ajzu8mFjbXu6dfHRuUUro4kgbxpvqEj/Au3NaEsRjKPjU7uPX6DJ/7N3s3GhSfabkQAtkX1zxrz6vDwtDxlkzo1VeA==
MvuiGuSEZOp410qtVcueNUWfyyH6ZcKCL09241lSWHrHUW79ZRLsFXh8Az1ICengFIIxXh0OmdUicrADrfEsR8kxPipoJvRfr9dj8rZNUzpZ97Ya4nECvEpESmo2dn4J5iOC8V8BUxxKSweiyZ7WJw==
MvuiGuSEZOp410qtVcueNdKZ5RmdS6gvlm3RzK0AwDIu6Xixh/lP5EYCg3QTv8KQvIoGcK21grqwPEC0xSLpSMBmsHBgfSRt3yKfmEW7uaARHXZDKstv1pq+dDe+/ncNqem0P/VhYCWMuj0uHdD3qg==
MvuiGuSEZOp410qtVcueNeAtcWt07t6BaFG7l+5/A5Acn1CSmPyWAqWVB0yrltPNAL5OOfHd3coGSFabowh5/iK3rWmsVLCLWnrHDB0JLIM=
MvuiGuSEZOp410qtVcueNSFiVIYGgZJurlNZkcY45QPSAf5dvBoAVuG/9iFV0V1NV6NsNsAi1+zBSyUAe81iKhzT8e6UJ56KMskfq5ld751aa2RWRfXnMi3YYAG28QTCZHSmMxQSEswA81FvXIH/dOXSU2w7IiZU+rfNghKAu7ntR/rGeLhUEPHFGt4n2WFVlG8ccmwSeyBvgM+2xk+jmVpMK1mlAeFYITcOecVs7wWqATZcEfbB+zCzi9qDsgkgjaEqx+yzNDuwzteV9L75/6Y/VKHK+WzyPiMAcj7GaZ5eBE9ZQooe3Uouq2upwQFO
MvuiGuSEZOp410qtVcueNT/anuOwLU09muSbfJIn2DCkA3sAqZHdkpjvgsikY0Cjg48+1He0m+0jpp1MB0Cc0EQwDnwIKd9MUI9ose+BSuI4aAITKM0a2J9tkWpnL2pWlJ5R5YAstjb0VSP7IjN/jA==
0L0H2drt00qAM0Qul0PIz9mwr2Qy09Zx1O4K/mOmLce2Cu3EwikDx92SYZ9PAhzBrGvZdjoPpW1tQUGMTR8T16M9umVhRQ0fWWcov14vCsBE/nZEhtFbkDFISRrPFIYF4/i8QDi099TIc5q0QwnmENQfAJ6zGsjJ7/k0eo4/5qGppw50qA6d8fP4z7k0PVRblZxsz+lqvSo5WpqENjxF6w==
MvuiGuSEZOp410qtVcueNeenGFXjgCJgYm/18F4ZfYtKPbZ7DxII9d25H3LvdI8djhJ89tcL6ZyqakTHY/jBYtnvgHLteNrhcDQwBPh2R+6RcDaploXPmxDRS4MBPAqmwf5mIOjx/l7XWdN4056T7A==
MvuiGuSEZOp410qtVcueNWsbpWuK51jQwvpAdTwXP2D4EUsVAx/VBCa9yvLRqM+v6Ti/i28eAHIuC4paVD2whOxCK002OkkGezImnphQPSeyxuwiqB1Bp1dgyWdVxtUhMl+NkRen8SJX2W0jcg+r7Q==
MvuiGuSEZOp410qtVcueNcam0ipw7Y889zwkA45YjzjMuU5WwPH/t+JhoDhE9W/4kE/uI9EN8OAdYCCGUbcFy7ejgE52P1LFMLBT1qQJje+tJC08HggrPQEREQhQgNZIK5T86PcKTN17qype2oZLXQ==
MvuiGuSEZOp410qtVcueNWzKu3eWCH8ClzPb5nR8BM0oARYpY+185qd+3E0q5bDUrX5ALEsqVT6tua4nRPOHm4onlNLgOm3a4tN8jHCJ0z4IdeJ7vHs3bQ4eSpNrhhhBORDc/CAddGyYrC6dYCHPvQ==
MvuiGuSEZOp410qtVcueNaXLFBwl5kgwyH+yijjU4csA8vW43gc3wZnnPzv4M6Os1jIOrnyGw5Nv0gH6ftPXUkR+ZLVIp99FMDvWBy30qDtfAVOViGJKlI8a/HzZTntetnDWAeobWw5vwC7EeIB2vg==
0L0H2drt00qAM0Qul0PIz0skOO76IlmzmrdIHu3Sl1ulA8p37PWGI/ZLcnXplyEPV4emnX9IBbRoGdYkgXB9NJ066SF0POS0EgE8hYMyQh1CDnOfkfkGDQs7XTCi+FydMux8pDYAhB59AmQoUgA78Pk/gpQfiIucXAJBcDDT37nZPiWsU99foL1fB15gdClS5c7jX2OOhlS+iQbeTTECtg==
MvuiGuSEZOp410qtVcueNVYZ5mb6+bOuIsOMUUsKRhZ4EnILWVA+fxio2pS5hegG0NBnpKZoZFLRkTVrrievP2HhCPXitgMSHYjvj2DHC8RXiCYBtB7wih07nZyzBD4TJDHMi2N6pbqrx5fy26n1hw==
MvuiGuSEZOp410qtVcueNcTmapZ2yVnfSRHpyzKChzxn3HTU3Aa/PjvYSRIA6QRG6H5wlrCphDuD3JnlF8zMqSuqwTGoU5tYibt67m4Ho895er+xjprj2X4ATFvkQ3o42mLZn80ARRJlVn+X7lhGAg==
MvuiGuSEZOp410qtVcueNVks6rx0EQfHQHOL2kfbdt4i8vqAsosYMj0qMzlV/1HpMNpgY9JoQiNgoICl82kd/LWY5tFv2fWYWl+4E8T0ZES5tuaDJZLIPr6OufrWKsa6HDJ8ytCcgb3vdAAnChJyRw==
MvuiGuSEZOp410qtVcueNcfIYrCj0zoKVF8RteK3I2MG6iMGtFRD/aRg1bsyzdz4dCiURkGX4cmS8fqOJxujEqmCSxcgI9F5VgCPnpwzpaM=
MvuiGuSEZOp410qtVcueNcfIYrCj0zoKVF8RteK3I2MG6iMGtFRD/aRg1bsyzdz4q2lr9YSmlZtIz5QyoLNoupP4CpIdg0lX4SGi0Uh154iaFwo7Y775QFKgvZ86ZPI4vQ/nRvU/yjCjm5b5+a/1WIsTe50L4NYl85vIZdjUL9yFF8t5u0/Ae2SYoj/nyAxRmeosGv5xrrLyrTlTVsgu26IWBNtabVt4mOnBbECxokJk2Fpx16nmO4g1LdDKi69dGXOm3kSl0OhHfwBb9D7hbe1iuYEvnGZBS2MiPVOJbu6fHpfilluiRPA0o8hwx+69
MvuiGuSEZOp410qtVcueNUxAC1k89WgZaTZF2axt0p5dNTyxNz0jCZDBOKas8/dTcEtZXElmV6rbjug7FtvCuGarwd65l02Vf4VoykBkx5lDTNfqxV+xia/2fLKYY23IGre/eKwqafWnwxpPojzvfw==
0L0H2drt00qAM0Qul0PIz9XXhWs3JMb9PxiA5SYVBz3U1YFwiuKKcKbBkJVsea7Ju2Hi/G9SDkrooHNWu349XTkq9rXr76PqDy1xv0hfY602FAr/Zw4Ujv/l5Sy4JOBUL3hRMFWHh7pQxmXIoeB5voje55OotW7ZTDI3pPXFIuXdX/arSp3FVCeQS7cTHOtbIU72WRK2lNIFbNUZP7xJ+g==
MvuiGuSEZOp410qtVcueNeOF/Sz5y07OCwqmo6QEkO8hS7g2Fj/nXGGNqNuZwRKpiWe1lkpbjVDL+hDVjUpCU3oWpQnLiAUTzpIX+npvd4u/+iwccXDM0eqTfPNXdFtwT3w8wUec2km20/epSm5Nxg==
MvuiGuSEZOp410qtVcueNUzjEyEeULQDGgOnJ2qaMK6u2QhSEuZLiUXUVWjj+boQ79+rqxUchBVF6QQk9N5FO0CjrPkAX9w2glkA3fvBm3MdDLKNcNboIq6ClTq3OzG/Ku8OwiwkOY3tezmZdId3Ag==
MvuiGuSEZOp410qtVcueNcHen11eyN/jj5vkZqk+niRRmLsB4p8udkNaM5sETNk/CGU3WqeRnxc0sM8iPHHRzYTQanxHLC8UHGXFt2+r2EMIMJkMhkIBuNhNN+zMb2VcouWxriNpMlyO9L6tMI6dxA==
MvuiGuSEZOp410qtVcueNcHen11eyN/jj5vkZqk+niRRmLsB4p8udkNaM5sETNk/CGU3WqeRnxc0sM8iPHHRzYTQanxHLC8UHGXFt2+r2EMIMJkMhkIBuNhNN+zMb2VcouWxriNpMlyO9L6tMI6dxA==
MvuiGuSEZOp410qtVcueNVlaJ/Ogw0611w1EGD1FalaP35ZxLTAe5KS42/Wd4PJckwxqwiJjt1P6e8a0g5iGvyhFXWd4wBFxID4abNDJFH6IjZEdj61w7FMljwuMgutijoEJLoCF+lyZpGI7Vjb7nA==
0L0H2drt00qAM0Qul0PIz/3i7KhXw1X5kCks8MRugsOEwbFWmOTbTScNMslAMnXbXAe+YZRyf/EkJ76KGygZjfk6yroldQa2feGZ9kFt30VFO1L7UNEHNflClOzSY/qtq+AUmt4UJtXXKuyQoVWCm9iSu+wVS/1lBRZSFA3pbzpQZgspbY+BG670C6vtZlCYOt0tSm1Q0apjpMwmoAZlag==
MvuiGuSEZOp410qtVcueNSd6I4bq+HtSfABJ0YgtylNcRcC6McKTbKvMFchb7PI2Nnta+i5TqaYKggvaB9vMhWsVZb67xZX0m2YSMWKw0yWr8Ywq1iwQTZQNqAIC1Xfdiu6loIytjcfLoFpZJkKoHA==
MvuiGuSEZOp410qtVcueNSoJ+A7a1xz5EeBkUnDxcND+oxgYdw4RdxhxKG6zsjnQNud/sPYSMEB36ZCu9koXUOnj0G3CLAvtRGj/kcTyudUEMYk0jR7Ue4lsDbw2NjRx24DxoTKUsPOr2ziliIgbZw==
MvuiGuSEZOp410qtVcueNSoJ+A7a1xz5EeBkUnDxcND+oxgYdw4RdxhxKG6zsjnQNud/sPYSMEB36ZCu9koXUOnj0G3CLAvtRGj/kcTyudUEMYk0jR7Ue4lsDbw2NjRx24DxoTKUsPOr2ziliIgbZw==
MvuiGuSEZOp410qtVcueNSIfUeBmSLq+xulTgs6s/47Ihic/L5CS14vj77h5O5S1i0nkZG1QGahdM7pjiwTCtN8RzP8740Jgpan3QctPK6wyVp+bvmK0Z1Rq2+68s3KU9biXqMa/rVVJAeoRJniFNg==
0L0H2drt00qAM0Qul0PIz01vdsjp60rh32NBN3n2COdYDm6suH+D9Xb2IFJUOEnHZ8VWg8F5x5GbpIfv3P9GeAfp75aflnQ2kbzyZEvU6W4+E3Ol/mpZQUr6Q944WO1hyYREhbxgYuLQdzm9HZEZyD3YkxHNReWZ2/3+KARknZSp8Yhql+8A59SDHhJy5B4Yauz/nKOKKKsqAbynDBhfvg==
MvuiGuSEZOp410qtVcueNZ76ZLYokXViyKIr0dEJUQqDSSlZxhzk78flxBknjQE+XifwGhvykyALFFJ/ax2juIUrt82i655MNkrMe/6R6Z0FYiWqjNvojbInCQQQ4x05E4ZQNnFSLhenPobv/jWSag==
MvuiGuSEZOp410qtVcueNTTnwHHPtKl3c2REdHeVUE3qwjSnNKPHdgCjQkxT2ovac/S1e+kbXW8gTXx4zxeR1PN9NmwyHigEDybRL4JuwAsOdtEGHgjfBtpSyuvnpIrewUHRA3aFPaTzokY44tVCTg==
MvuiGuSEZOp410qtVcueNTTnwHHPtKl3c2REdHeVUE3qwjSnNKPHdgCjQkxT2ovac/S1e+kbXW8gTXx4zxeR1PN9NmwyHigEDybRL4JuwAsOdtEGHgjfBtpSyuvnpIrewUHRA3aFPaTzokY44tVCTg==
MvuiGuSEZOp410qtVcueNdVGYT8UHKIZfPc5EEE8d5iX0+IuO4PfbOzqqxoQSfEXyfTwuOtAqk+kBd6b5OP4WLnxwWkFM7+hRmIBds3Vq/T1BwxmYxUNiTD0JEFbTmqOW4eqhz5f5pQfO2G8CuZYnA==
0L0H2drt00qAM0Qul0PIz99eKUVF3T7cbISO/TR1/uAsRYM4V6cfwlbe/vnb943ayzStY56c55wQf3dgpqmVYGQZyDSBnkKPOIGN5cZbv4LkJEpxLWGcYkxxhCZH1Fw2/8neuZhJs76b5dWRDeoA2C0gb3GkLVH6vYP0qVANIFkVzh4C/ZhUuo4ZkKHDztsWHwSYQ/S6sKzo14yvWTKISA==
MvuiGuSEZOp410qtVcueNdtE9cL0Jl7439BU9MRR1aHLcdVdwxxEbOas6rhiaw5KmA6QHcZX9Upf4U2P6DXozuGUQqq9nPmn0p3DSC5qqmSde6X/ZpJVLeEcnRpKA8HbM0sdmMoPkBqLxo6I9rv3aA==
MvuiGuSEZOp410qtVcueNQQ6Gmb0ZNjCSHExKMkgyPOUo0tR7mLdJk8gCqzAW6WF30JVj+8G49OyCI3VcG+J5mWORCDlBzqO0d5vUQVXRVm9DNDp1yzP2Zlbo4wFVyEfICKG9Run0+yl5bQwmTKR3w==
MvuiGuSEZOp410qtVcueNQt6Xlt6a8q7ZN8FWReOxSrYUK3Mq0nChrJaTJy8nRMztuzwxylSkFQRafXsiK0PqOtH4V2wBYXT5JHU3NWUOCVO5Lg53+PHHORwq7FetAjMckE9CaMOhuOJN/TOowTuxg==
MvuiGuSEZOp410qtVcueNTow/RH+tySNgYggJDYSIJrQM2BIfx3okKNgh9+f63qTtbhu/ANuOCISEbRtylUu2CwAdGovu2QladoWxgvbnAv+p69fypmN1bO/6xwKJHaY7vdY8YqR/+Olu/FFVaWls25MhwiOElJ9LypkinsQAVU=
MvuiGuSEZOp410qtVcueNVheIs4wWr9yZbE0AsxKSjHXZjsp2UG6SN4Id/sSbISRZEnwgk7680uZPo2AaHqr6uuPpW4bXXU/STx12BnabV1A9ntyrH9xq0+Kp2W3l24jFg18QDtBkfMx0jXhTwLlSIyhpSgM+qXCkjNL/70BKjAoCxLrVg2ltUUQt0GjlEv8Kgb5+mRyAQh5kE7Yv0wjksyqic/v2SlS3MPFdY1J48SyzeKIXwuxq11gpLjlOffVWuYQS1zwe1i4JKZhSoM3QdotMg5nD5WvSYgNXVabkJogfBmFazkI+3+wqMgFicfG
MvuiGuSEZOp410qtVcueNWVXiOD1ZXhC6hpQBCCtOMGj7f6UNlcIQ5Hq/1EKLZgqIRLSjqLCjK7j7NQhFgYDbCPYsLWnPkTiBB4RsCXCvRJ8ZMWQXT4G8iSoC/POW9NPt5PwOeWiZkxGpB5D0IAZNA==
0L0H2drt00qAM0Qul0PIzx+c+QFMscYRWFg4SStcROFeNB7loAXjUrj3f0++QVp3uFwXt2GQ1Jsl9i8LMTllscGY89PUW4snIyIv1i6WZZTkdrN46J5QIyaetSKpvdJ+CytBK33Kyfcv9qfj7gGKQ4nJzBHQ1mhmDRPu6eG/bEjlJ5iCsL3Nes5mvQZvDGZzNE/G79snBSsi4Hynht/7Xg==
MvuiGuSEZOp410qtVcueNWt+76pYAF/9+kQPrjzMyIhEDEKZ7EII+nUXm/0bwuxXQBgztwL4JVAcsYKlqi7ULQvr7Yqngkcbwlt5PZVEQiVoTYcLWEKDXxTJ+Wy+vYlxMBMx+W0HW2gjSvL9t2eVBw==
MvuiGuSEZOp410qtVcueNVaHblDBeldVuES1Q9z85eUhijrAqgEuDzwUCbP7c2ks9E9X5gHX+0tFNBxQ321ao6/m3XdiPe77LvuGao5rhEtZ6PAD8sBL3zaphzby32BQmW/7QJLpK1x/v659YP/7og==
MvuiGuSEZOp410qtVcueNadzxCTwnmgBM1VzYck863qfAwGDtoO973u6/5fICSLqeZ+m0pFCIottQszBqSKTffFWWYt3LeFhsjm7/8pO4FjdFpP3k/JgvJk5FFQF+P98KSyFRLQzr5ds45MoMkYuRw==
MvuiGuSEZOp410qtVcueNTmZzlOUbgbkM5BMQdhktbSZyXH38LeFX48MAhxR11gpT9oDW7WRTNgnVWCsL3fS/GJRdyhHWN0Q13Y9aabpfS2nbKlsmh3wbi4sw1MuQ34smMhZdS1WVc/w6XfrjfIe2WgkqvKWsiwL/XX3XyDe+kc=
MvuiGuSEZOp410qtVcueNTmZzlOUbgbkM5BMQdhktbTpCKJWKgHaFIotrMsdW/dmV3OP/fuYpFVXpp+vZEj3xbhwapffOlPOlowQcNMCJV/sjz/VRySbyIcYE+I28DV06f4iS4/XuiwleN0QQ9RPF7PjgnYzczdzzIzqYTCqU6Lwj+LuBrD/h7mhmMv0YWN1P1qdMlPgO4cV+p/gUBfuiIx44APLdd1OY9aZTys91Ws0YtwjvqXPaQQzhfHcC4POW1s9/lnIDo0oUms2RgrQnoc/eEIZQY5xxHmF2vuKnkUdETr7yKUkL6Qmh/Da3Hvx
MvuiGuSEZOp410qtVcueNZ2EbC9tdHghMy92vHL2lyv53WbpnST3w4c3G9JhjtzUpssdpdrOTim7DqcMqt+QyM9jQmbRImhyvjXYroaLh3OB2zRl073BF7HMl1UhbMNL2zCv0wxVidWSnQIhXHT0CQ==
0L0H2drt00qAM0Qul0PIz1CJo3pw2/ggSDvOE/lkXmB05gBIWzoPFb8K6G12YtTYiMY3GBM6SDmw8eusFoKop7A9tPNIkvB6W5o2hDevDCtLbAZWtG/wX2tJzVnl5dV+vTcOckD9SZssImUjhF4NrJ2wIcBsUGA4jXfCEUkBde/iDrl0kw1wqh9Q1oz0PomEj5SeEoWPtFjuRthzjQWXVg==
MvuiGuSEZOp410qtVcueNQJAtFxibq5sgLJh0z/bFepvW/NRXyptKBmebZHpLHtAedu0/3O71Rx+KvTVf9PGHL+9JTU0jB+zdd4rRiF/NXBwQ/tI/WTWbBkE0JajuvC2V1nM3dOofy65LjP4yclqTg==
MvuiGuSEZOp410qtVcueNSmgmNm76ZCYjn3Qi+FVdb7vAGCbAcwE2Tv3Qs1T1QNthpPAY89rw16M97uYD08qtGLtGvKNQslLAX/Er1ls8xRFjNgUG19xabJWY6yqaIh/qDUGHkfF9T+7F2jG/fnM2g==
MvuiGuSEZOp410qtVcueNSmgmNm76ZCYjn3Qi+FVdb7vAGCbAcwE2Tv3Qs1T1QNthpPAY89rw16M97uYD08qtGLtGvKNQslLAX/Er1ls8xRFjNgUG19xabJWY6yqaIh/qDUGHkfF9T+7F2jG/fnM2g==
MvuiGuSEZOp410qtVcueNaWzBqViP/lOKBojiQAtIgWU7oFzrYv+bvEKi55c0k5CZjl78mbHa8aFEAljY2f7fL5843Ru8Ax78uS2w7XwgWIziREVCRjCMTaX8ghOG9unWvb2+SDsVlm43oE3NZ/ULA==
0L0H2drt00qAM0Qul0PIz6jmlaFYHwuqjBHgctyu016IZcD9RZllcXjHP5hCJG/am0inAM4D7ETsFKA3OoY+k0SJH75P1LBQeM+mi1EIQgV42X7H6gvRxvSaavWtcorO+bvKgqzH4RmFsYXyQDgERUMaU0FF534LUXZlGLsXruHDycuQRH2hht2nJCCtLCwgsZbr4jdf4weS0mBVQm/EoQ==
MvuiGuSEZOp410qtVcueNTKA4CLTI5QVclFS8higtNLVpvfy7kS6ZLYdtisKBzKqPeui7NTmNfToa88+pZZoB1Qw96Kc3PiRm+WB9cQThZU8GpjanBeioXclaNks1bMDWPXL/yz+pBJw1ucNHAB55Q==
MvuiGuSEZOp410qtVcueNRi6Q0VpQd9YbciovZU3nA49XlKlCLRXZmAI0UwZ5TnCPXTEyA0TON3XKXs4nZJZaAFjtqqyYVlhhhFTzyfyqGRA6+fmEaiqol6m/7VL4W5Konm0Y1z0V54s01nUYCoLtA==
MvuiGuSEZOp410qtVcueNRi6Q0VpQd9YbciovZU3nA49XlKlCLRXZmAI0UwZ5TnCPXTEyA0TON3XKXs4nZJZaAFjtqqyYVlhhhFTzyfyqGRA6+fmEaiqol6m/7VL4W5Konm0Y1z0V54s01nUYCoLtA==
MvuiGuSEZOp410qtVcueNTR3iW1NSEwoWhgih1Oti9ijjidsnfbMY0Npn/rdBmlkEKNAvrSx8TGkGA5qnTUQnh6huRpS5Nl4qWGP3QtSvYFyDqLGMaQ5YtSIaYNQOkruZAfgWApMU42+00jEsClEDw==
0L0H2drt00qAM0Qul0PIz0bHDI6HsHL8VLMdRQx30UHC5MBKE5hTjRP3cvNcd+OUNmWxQxzoSIMsBIcWz9aGdltS7d2KvJHTUhcJQ5/aAzsLCx1/SZDhnrHCyIaNpuPx6l8DT2tiRET7BrARt7rRq7qwH7dJ0vXjCPqTcNY5K5Ws5ZubHKdvZw2iOriM4t9Tauuoyy5g6CaP106Qb83VjA==
MvuiGuSEZOp410qtVcueNaDXEIchMmhEB/R4/KdsA/GOu9PPDONsQYlxBELeWkLxz6DxXPzlH1V7vs1zfQ9k++vHlXy+OvkTEYlyJ9Qmqq3BHRs6DQNXcTtomt2laGe49Gf+Sh1+dpscEHUcUWBYVw==
MvuiGuSEZOp410qtVcueNewWviMUt1hdN8zfGB14gEuhfZ6XKDtspHFNCarz3C8I5hXr2XePX2ZY32pi3m/8uwWFzXRCtCZyWOKPrA/m2ZhfEV/kZ62U8xsdMcg6cBTTJhFH6HoZYIhRXR1x5wBClw==
MvuiGuSEZOp410qtVcueNewWviMUt1hdN8zfGB14gEuhfZ6XKDtspHFNCarz3C8I5hXr2XePX2ZY32pi3m/8uwWFzXRCtCZyWOKPrA/m2ZhfEV/kZ62U8xsdMcg6cBTTJhFH6HoZYIhRXR1x5wBClw==
MvuiGuSEZOp410qtVcueNftGr0i/qf/qbba5icorE5TwExwGxmRHPSq8ToSU51j0pc7KZLVO38Xej2ZFwK/+HhvQHvVOW9IwxJ5Mqdll7hg=
