GmcONIA9PFzHw1gpPLLPoqev3ytAH5KO3S/CJpMsylg=
35kyjVfwBJgytCi6KM5Vug==
FNt9orFfFSbPIXNSbXcP2Q==
gE2g7VQeqq0h5MkG44fPUw==
A4ZCFW7RnVRfEnbtNxUDb8VFIQmzxcIFLuiIjRY2q84=
cwgQW1UgxyVfBeSrdwXHsPE1eoSAri+NViVSjTYe4hg=
pYn3RyiaY4vz2unSybTHuw==
mAzeFbkWBGyzJRgEWJSZYQNn44wFaguEUnqkvHVinQw=
NiGef/LGs6v8Em6sqLz1GYGKB0111uCW/TAqgkiW0+w=
2lfNnhNY+w/3xMaMUxJbE0YFT/wvMlSDz8Vrd5FEs18=
bg5h9I+iRtqwtIq2ILLLG9Aj/CiFNk5yRcHAPz20vM4+arFhMNAs6QOjinIxyXphRl8WQ064LFMLxfAidil2BLN3asFqg2w8JRW6czp01ik=
bg5h9I+iRtqwtIq2ILLLG9Aj/CiFNk5yRcHAPz20vM68Au4WqXmI33/USfJ4XGhlRJnojIXaV6vXToAnxSjV+j0ddglE3vBSYX6DdVU9ozY=
bg5h9I+iRtqwtIq2ILLLG9Aj/CiFNk5yRcHAPz20vM7UEAe2hIF352RNFDtHk9BRZowt8CctBdK+Ka9RQR1MusuND3/StAckYZVzCdiB8Xs=
bg5h9I+iRtqwtIq2ILLLG9Aj/CiFNk5yRcHAPz20vM5KPr9bBAHPiZ9Qc0shgfkTzXVbBY9rwJLadLXgt7ogwI5VSmEDNzR6KFtiyWYbyy4=
bg5h9I+iRtqwtIq2ILLLG9Aj/CiFNk5yRcHAPz20vM7soND7XaEFjKxnCHLZTiRvrago4C6e1RUxBZXIVSKOSNmY6pvcjiECrj+xTteNlnY=
bg5h9I+iRtqwtIq2ILLLG9Aj/CiFNk5yRcHAPz20vM4vkrRbR01rTUJdkafAIQqEMRN4Fjsa9WYpHBzC0xQrJgz0viqSW82+pXNcUoFENSc=
bg5h9I+iRtqwtIq2ILLLG9Aj/CiFNk5yRcHAPz20vM5AE7fXzEDsSTpdGZ6pLMrGHAniuNgOJNqw6AuarvpUJO9wu50BkhOcuCWmvm9DhBw=
bg5h9I+iRtqwtIq2ILLLG9Aj/CiFNk5yRcHAPz20vM52DVcumbxMY8ic/ig3D+fpnMWQjPhnSkN3slBk6ovwTK9xzKEwszB5SgC/xjV9tl0=
bg5h9I+iRtqwtIq2ILLLG9Aj/CiFNk5yRcHAPz20vM6fRnDeEvtWCYdBM6t4UoYN/PQSO6nQXD0u23c+YC7e2zroX5x72dHFnbj3N9E0BLI=
bg5h9I+iRtqwtIq2ILLLG9Aj/CiFNk5yRcHAPz20vM765nElPMyEIKqaUOhI71QcZI1C6Az5+oUjfvRujTKqC0SZ4RIijMavLoqWXAC6zdg=
bg5h9I+iRtqwtIq2ILLLG9Aj/CiFNk5yRcHAPz20vM4ckPJlb3IZUVyJOwqkBWiDcP4rbbJ9toaEJ+o1AWrAeT23J2oN2wVh8KgwkrY7jgY=
bg5h9I+iRtqwtIq2ILLLG9Aj/CiFNk5yRcHAPz20vM5PmNV8gUG683a6sh8h87szX7AFch8hI/do930IQCFv+kV92K0EyojmXFPv4ryIMsQ=
bg5h9I+iRtqwtIq2ILLLG9Aj/CiFNk5yRcHAPz20vM4nQZsDpGH/5zwECIHV41GoC20dqQQq+fgkF5jEZRH22qfbYofUn87XaFt4x+tUK0I=
bg5h9I+iRtqwtIq2ILLLG9Aj/CiFNk5yRcHAPz20vM4cVh7iTAV9cz6ZY4Laxhl1rBkOnRFuOBMMi8mZgIu3J216JEsdiR5O8r9GCfkTMC4=
bg5h9I+iRtqwtIq2ILLLG9Aj/CiFNk5yRcHAPz20vM6oLNqOUVykeYYitERxr15KlUD0wUj9LAFEZ9sqXkJHY1UzkIKgKAb1A9ZP/OiYdNo=
bg5h9I+iRtqwtIq2ILLLG9Aj/CiFNk5yRcHAPz20vM6a+u+Cj+2HwH5wIRHeeSKfCEP+KUHVzvoYwhPlnABuwUFA5ZmBDt56FApJ8zxoB2w=
bg5h9I+iRtqwtIq2ILLLG9Aj/CiFNk5yRcHAPz20vM4i/fZ0I2Khu08V3qQvEtmHXmt2sDmTnFHBYepIyInOIjBfrrFaYL7kFkcRsEkWwpHw/C3yJOMCWbpVEB9OKdqC0zrlm+dY0/k/fmNtIC//mw==
bg5h9I+iRtqwtIq2ILLLG9Aj/CiFNk5yRcHAPz20vM4i/fZ0I2Khu08V3qQvEtmHXmt2sDmTnFHBYepIyInOIjBfrrFaYL7kFkcRsEkWwpGdYPhHc/jI0erGQ3es9bMlOq5iEuQGyefl5TvCnpbmkA==
bg5h9I+iRtqwtIq2ILLLG9Aj/CiFNk5yRcHAPz20vM4i/fZ0I2Khu08V3qQvEtmHXmt2sDmTnFHBYepIyInOIjBfrrFaYL7kFkcRsEkWwpFhMe3I4Y7B4E477vI8e4F7JcOYng+VKMu1VovgYmrX6A==
bg5h9I+iRtqwtIq2ILLLG9Aj/CiFNk5yRcHAPz20vM4i/fZ0I2Khu08V3qQvEtmHXmt2sDmTnFHBYepIyInOIjBfrrFaYL7kFkcRsEkWwpE3jtPflQxHvynSZ09aUGLf5nhzTqTmxdocTATNSlcEHA==
bg5h9I+iRtqwtIq2ILLLG9Aj/CiFNk5yRcHAPz20vM5+8uqO8MjJdFN9mJlHuAmW3Im/ew/TYNG2aELfY302E/hGN2ONnQ63At7YcjqiuqXifxtAsBxJOQsEdAxxnIbKQxXC1BMY2txaROafAHAGuA==
bg5h9I+iRtqwtIq2ILLLG9Aj/CiFNk5yRcHAPz20vM5+8uqO8MjJdFN9mJlHuAmW3Im/ew/TYNG2aELfY302E/hGN2ONnQ63At7YcjqiuqVYw/QQbvXOL8RVrHe4+yhs0WTsRO1RTPG69G+YD9FIwg==
bg5h9I+iRtqwtIq2ILLLG9Aj/CiFNk5yRcHAPz20vM5+8uqO8MjJdFN9mJlHuAmW3Im/ew/TYNG2aELfY302E/hGN2ONnQ63At7YcjqiuqXghxGv/fGvXah9C3V1cMvd5uDERbGoBw1rmgoBZ6XIKw==
bg5h9I+iRtqwtIq2ILLLG9Aj/CiFNk5yRcHAPz20vM5+8uqO8MjJdFN9mJlHuAmW3Im/ew/TYNG2aELfY302E/hGN2ONnQ63At7YcjqiuqW/bGtD3VWODX5YyX3xqgl56m+YbkiefhnUcYzg+3owyA==
bg5h9I+iRtqwtIq2ILLLG9Aj/CiFNk5yRcHAPz20vM5+8uqO8MjJdFN9mJlHuAmW3Im/ew/TYNG2aELfY302E/hGN2ONnQ63At7YcjqiuqW95d1Z09BcNOighPLNR3++SnG504qxMEr90xJiNcvwbg==
bg5h9I+iRtqwtIq2ILLLG9Aj/CiFNk5yRcHAPz20vM5+8uqO8MjJdFN9mJlHuAmW3Im/ew/TYNG2aELfY302E/hGN2ONnQ63At7YcjqiuqW6IruvhsqpYxWlhkbAWlfRcn0icC2GMDinAHUBvw1NIg==
bg5h9I+iRtqwtIq2ILLLG9Aj/CiFNk5yRcHAPz20vM5+8uqO8MjJdFN9mJlHuAmW3Im/ew/TYNG2aELfY302E/hGN2ONnQ63At7YcjqiuqXxTp3WdI+qZqbRO9MaQkIwejqe7L5/4Z+UantEtEFShQ==
bg5h9I+iRtqwtIq2ILLLG9Aj/CiFNk5yRcHAPz20vM5+8uqO8MjJdFN9mJlHuAmWJC3gpLcWKs4PSP2ehW9W+1CWd5RoIuNDSTUn3zwxvo5apSO5OtU3Yvu0dOEE2jjYKUyyL2KRyS1Vy4utdbOwfg==
bg5h9I+iRtqwtIq2ILLLG9Aj/CiFNk5yRcHAPz20vM5+8uqO8MjJdFN9mJlHuAmWJC3gpLcWKs4PSP2ehW9W+1CWd5RoIuNDSTUn3zwxvo6laLTMWadcrJc2HFMtv/IACCBZqrkhJdrz1/VixKZPrA==
bg5h9I+iRtqwtIq2ILLLG9Aj/CiFNk5yRcHAPz20vM5+8uqO8MjJdFN9mJlHuAmWJC3gpLcWKs4PSP2ehW9W+1CWd5RoIuNDSTUn3zwxvo6/3L4UoPb14r/3k8qwKiFWhuWefmUUPc6zrfkT+D8D6A==
bg5h9I+iRtqwtIq2ILLLG9Aj/CiFNk5yRcHAPz20vM5+8uqO8MjJdFN9mJlHuAmWJC3gpLcWKs4PSP2ehW9W+1CWd5RoIuNDSTUn3zwxvo4c/0UsNU2hFTmlyBY+pchs0zU2LQFybm4pmND9mGHqMA==
bg5h9I+iRtqwtIq2ILLLG9Aj/CiFNk5yRcHAPz20vM5+8uqO8MjJdFN9mJlHuAmWJC3gpLcWKs4PSP2ehW9W+1CWd5RoIuNDSTUn3zwxvo4ZBXcVeze5l9GzfUpEqFgVU5obfOy31Twgeazpr4L69w==
bg5h9I+iRtqwtIq2ILLLG9Aj/CiFNk5yRcHAPz20vM5+8uqO8MjJdFN9mJlHuAmWJC3gpLcWKs4PSP2ehW9W+1CWd5RoIuNDSTUn3zwxvo6kTf4oGDewRhH33v9vgHQrNrbA4XNiaJI01EV2VRvbhQ==
bg5h9I+iRtqwtIq2ILLLG9Aj/CiFNk5yRcHAPz20vM5+8uqO8MjJdFN9mJlHuAmWJC3gpLcWKs4PSP2ehW9W+1CWd5RoIuNDSTUn3zwxvo73rFnabGHpCbT45e7pTABlGrqkUa7gIOW5YY4Yulbg5A==
bg5h9I+iRtqwtIq2ILLLG9Aj/CiFNk5yRcHAPz20vM5+8uqO8MjJdFN9mJlHuAmWJC3gpLcWKs4PSP2ehW9W+1CWd5RoIuNDSTUn3zwxvo44oAGRrayei3sc/GLZGlY2AFB9Q8byC2mFaEIVz59/1w==
bg5h9I+iRtqwtIq2ILLLG9Aj/CiFNk5yRcHAPz20vM5+8uqO8MjJdFN9mJlHuAmWJC3gpLcWKs4PSP2ehW9W+1CWd5RoIuNDSTUn3zwxvo5T7plAm2778GKHMuP/j5zl+QZ2devf6ac068IIfnf2PA==
bg5h9I+iRtqwtIq2ILLLG9Aj/CiFNk5yRcHAPz20vM5+8uqO8MjJdFN9mJlHuAmWJC3gpLcWKs4PSP2ehW9W+1CWd5RoIuNDSTUn3zwxvo4cpLp5CwhhSAvMcNgTd03oPKMzcFhc1Z/GpvCNEKSCiA==
bg5h9I+iRtqwtIq2ILLLG9Aj/CiFNk5yRcHAPz20vM5+8uqO8MjJdFN9mJlHuAmWJC3gpLcWKs4PSP2ehW9W+1CWd5RoIuNDSTUn3zwxvo5CCCh3q9AhsvATmkBVf9J6ANGJZG+rW28s59EkJOUHdA==
bg5h9I+iRtqwtIq2ILLLG9Aj/CiFNk5yRcHAPz20vM5+8uqO8MjJdFN9mJlHuAmWJC3gpLcWKs4PSP2ehW9W+1CWd5RoIuNDSTUn3zwxvo4VM8VfqVtdjEd+K7YcvoyIMWpLH2HngXomJqKiE2knJw==
bg5h9I+iRtqwtIq2ILLLG9Aj/CiFNk5yRcHAPz20vM5+8uqO8MjJdFN9mJlHuAmWJC3gpLcWKs4PSP2ehW9W+1CWd5RoIuNDSTUn3zwxvo4rT8MtJewHYGhOASrt5Wg0KsiiZTC+U99MaIs0oNpKKQ==
bg5h9I+iRtqwtIq2ILLLG9Aj/CiFNk5yRcHAPz20vM5+8uqO8MjJdFN9mJlHuAmWJC3gpLcWKs4PSP2ehW9W+1CWd5RoIuNDSTUn3zwxvo4vZ/7qxZkHRta2kPoDjd5sNokkJWwO4P+E43dlQ6f+rg==
bg5h9I+iRtqwtIq2ILLLG9Aj/CiFNk5yRcHAPz20vM5+8uqO8MjJdFN9mJlHuAmWJC3gpLcWKs4PSP2ehW9W+1CWd5RoIuNDSTUn3zwxvo6b1rRZaKBh3ostUhdZ0uq9cjlWY98CbsjqMeZPVIrHfQ==
bg5h9I+iRtqwtIq2ILLLG9Aj/CiFNk5yRcHAPz20vM5+8uqO8MjJdFN9mJlHuAmWJC3gpLcWKs4PSP2ehW9W+1CWd5RoIuNDSTUn3zwxvo7TvCyPziHMpBPnvUT7yl4MUK31ySJqGT0QLKh2SdQ23w==
bg5h9I+iRtqwtIq2ILLLG9Aj/CiFNk5yRcHAPz20vM5+8uqO8MjJdFN9mJlHuAmWJC3gpLcWKs4PSP2ehW9W+1CWd5RoIuNDSTUn3zwxvo7Fuimr4DUAv9JsXBomGqUs+0UXCZsJucFWTcvbQfIHgw==
bg5h9I+iRtqwtIq2ILLLG9Aj/CiFNk5yRcHAPz20vM5+8uqO8MjJdFN9mJlHuAmWJC3gpLcWKs4PSP2ehW9W+1CWd5RoIuNDSTUn3zwxvo6H+Vv3Mr+V2tk8XLUVFPJhso4K1xU1/yXKRngdBYhVjA==
bg5h9I+iRtqwtIq2ILLLG9Aj/CiFNk5yRcHAPz20vM5+8uqO8MjJdFN9mJlHuAmWJC3gpLcWKs4PSP2ehW9W+1CWd5RoIuNDSTUn3zwxvo7HlCn10tNq9VDQGddk+lGyPuBoX1Plu7d1/u2hYLdFbQ==
bg5h9I+iRtqwtIq2ILLLG9Aj/CiFNk5yRcHAPz20vM5+8uqO8MjJdFN9mJlHuAmWJC3gpLcWKs4PSP2ehW9W+1CWd5RoIuNDSTUn3zwxvo4xsOUXS6PP+fS6ldkIyc+cgVm5ppjwMXFoK66mjTdupQ==
bg5h9I+iRtqwtIq2ILLLG9Aj/CiFNk5yRcHAPz20vM5+8uqO8MjJdFN9mJlHuAmWJC3gpLcWKs4PSP2ehW9W+1CWd5RoIuNDSTUn3zwxvo7FyawpsaxOMKgpEdsRIAG1k14Xz6WnkPZbTv9xYvlJYA==
bg5h9I+iRtqwtIq2ILLLG9Aj/CiFNk5yRcHAPz20vM5+8uqO8MjJdFN9mJlHuAmWJC3gpLcWKs4PSP2ehW9W+1CWd5RoIuNDSTUn3zwxvo75IEcDLd4PhVg5DSZ+XE9wBNmEX7+uEvIdnABCeHUX/Q==
bg5h9I+iRtqwtIq2ILLLG9Aj/CiFNk5yRcHAPz20vM6yZw5YV2ZcuqxdDu0TBYPrbyEbepgOmxRBjWQGuEhYHlKT/v2d1vVvLdm06jS0rFfEQNMalSHCA3EzWGLxhVMcnd0l4P8OC9UJuQXP0jWU3Q==
bg5h9I+iRtqwtIq2ILLLG9Aj/CiFNk5yRcHAPz20vM6yZw5YV2ZcuqxdDu0TBYPrbyEbepgOmxRBjWQGuEhYHlKT/v2d1vVvLdm06jS0rFfpXb7OFu0mjf6xrttK4ouKl/YAc+9FMeqUNC00KurS/A==
bg5h9I+iRtqwtIq2ILLLG9Aj/CiFNk5yRcHAPz20vM6yZw5YV2ZcuqxdDu0TBYPrbyEbepgOmxRBjWQGuEhYHlKT/v2d1vVvLdm06jS0rFeXG0mW+7GDxJQdKmlaLt+SoQM9GTzqLX3Rqr4DPpMq6w==
bg5h9I+iRtqwtIq2ILLLG9Aj/CiFNk5yRcHAPz20vM6yZw5YV2ZcuqxdDu0TBYPrbyEbepgOmxRBjWQGuEhYHlKT/v2d1vVvLdm06jS0rFdMBrsAyF+tbQbLCoFFH7nLJ4ZTZRDadqOx0Q4mQl77eQ==
bg5h9I+iRtqwtIq2ILLLG9Aj/CiFNk5yRcHAPz20vM6yZw5YV2ZcuqxdDu0TBYPrbyEbepgOmxRBjWQGuEhYHlKT/v2d1vVvLdm06jS0rFeaSVhPvofw7OSkzGxp5s66QulVB/o6Sxnmbj5S3qDRoQ==
bg5h9I+iRtqwtIq2ILLLG9Aj/CiFNk5yRcHAPz20vM6yZw5YV2ZcuqxdDu0TBYPrbyEbepgOmxRBjWQGuEhYHlKT/v2d1vVvLdm06jS0rFdQjshbJSfoKMQIWNcrwG92BCoxPloBLpHQvm8Cs6yRVg==
bg5h9I+iRtqwtIq2ILLLG9Aj/CiFNk5yRcHAPz20vM6yZw5YV2ZcuqxdDu0TBYPrbyEbepgOmxRBjWQGuEhYHlKT/v2d1vVvLdm06jS0rFeF39FERillMTfRAyinn+hlYLkCJqy5hcw8MJd0IBt9rA==
bg5h9I+iRtqwtIq2ILLLG9Aj/CiFNk5yRcHAPz20vM6yZw5YV2ZcuqxdDu0TBYPrbyEbepgOmxRBjWQGuEhYHlKT/v2d1vVvLdm06jS0rFe3bIGBIaedDnRK9W2GcmqkmksDHpdQnsSU3A2UgZ3pSw==
bg5h9I+iRtqwtIq2ILLLG9Aj/CiFNk5yRcHAPz20vM6yZw5YV2ZcuqxdDu0TBYPrbyEbepgOmxRBjWQGuEhYHlKT/v2d1vVvLdm06jS0rFdC34gkZ+kDp3Vor97hz/dVuUmPhzzBjV1iL+1JpJyf3A==
bg5h9I+iRtqwtIq2ILLLG9Aj/CiFNk5yRcHAPz20vM5YjFpc3oiXmq16c1OLnKeWjUibXlxUAJpjU24LiWAIOCJOKwE/Ds69Qhjm+0NaKS4ZsQ9WT8lUeIlNhof5U5WqCPUyZMQgSfEZcT9RNu5c4w==
bg5h9I+iRtqwtIq2ILLLG9Aj/CiFNk5yRcHAPz20vM5YjFpc3oiXmq16c1OLnKeWjUibXlxUAJpjU24LiWAIOCJOKwE/Ds69Qhjm+0NaKS7dxCHE99sq2l4tXmpEjg2Zs3LSOrp/C9jnTTsEih4Low==
bg5h9I+iRtqwtIq2ILLLG9Aj/CiFNk5yRcHAPz20vM5YjFpc3oiXmq16c1OLnKeWjUibXlxUAJpjU24LiWAIOCJOKwE/Ds69Qhjm+0NaKS4B0RUcLYBIdwejNaA1tO4W/iZA9ix4NN4tDgyHQDPblA==
bg5h9I+iRtqwtIq2ILLLG9Aj/CiFNk5yRcHAPz20vM5YjFpc3oiXmq16c1OLnKeWjUibXlxUAJpjU24LiWAIOCJOKwE/Ds69Qhjm+0NaKS5tfY7noAOxXP0EKuKEtAM6rscERdIEt55/+GUT4IIOyA==
bg5h9I+iRtqwtIq2ILLLG9Aj/CiFNk5yRcHAPz20vM5YjFpc3oiXmq16c1OLnKeWjUibXlxUAJpjU24LiWAIOCJOKwE/Ds69Qhjm+0NaKS7KxHQRPX8u9wON2cPyBXte9sXNK6V6LQkXwopgtnmhYg==
bg5h9I+iRtqwtIq2ILLLG9Aj/CiFNk5yRcHAPz20vM5YjFpc3oiXmq16c1OLnKeWjUibXlxUAJpjU24LiWAIOCJOKwE/Ds69Qhjm+0NaKS5adc4ed/EIB3IB7BHGkQAAla7/U/5pzK46jhmtddsnCQ==
bg5h9I+iRtqwtIq2ILLLG9Aj/CiFNk5yRcHAPz20vM5YjFpc3oiXmq16c1OLnKeWjUibXlxUAJpjU24LiWAIOCJOKwE/Ds69Qhjm+0NaKS5iYzD1TdNUgNWzuEgRRqGbC4deIIRtkquOP2HPzw1VQA==
bg5h9I+iRtqwtIq2ILLLG9Aj/CiFNk5yRcHAPz20vM5YjFpc3oiXmq16c1OLnKeWjUibXlxUAJpjU24LiWAIOCJOKwE/Ds69Qhjm+0NaKS5Mi7/QVbmZN0UMsdWCwog3rc/a+h8IIIPtr25xv4JiXw==
bg5h9I+iRtqwtIq2ILLLG9Aj/CiFNk5yRcHAPz20vM5YjFpc3oiXmq16c1OLnKeWjUibXlxUAJpjU24LiWAIOCJOKwE/Ds69Qhjm+0NaKS4NFbNSV0qMfJIjwPWJAI3PI75eJiD/zvCyqxhggyWuJw==
bg5h9I+iRtqwtIq2ILLLG9Aj/CiFNk5yRcHAPz20vM5YjFpc3oiXmq16c1OLnKeWjUibXlxUAJpjU24LiWAIOCJOKwE/Ds69Qhjm+0NaKS56fak2THlKU+Yoyop/Qh6th4BfVhr3IOQxPPlzuevmtw==
bg5h9I+iRtqwtIq2ILLLG9Aj/CiFNk5yRcHAPz20vM5YjFpc3oiXmq16c1OLnKeWjUibXlxUAJpjU24LiWAIOCJOKwE/Ds69Qhjm+0NaKS4NLRDsKaN6hQAZPjgZ/fgWngOOZJB+YYh0iOAulTQpxA==
bg5h9I+iRtqwtIq2ILLLG9Aj/CiFNk5yRcHAPz20vM5YjFpc3oiXmq16c1OLnKeWjUibXlxUAJpjU24LiWAIOCJOKwE/Ds69Qhjm+0NaKS6+7biTO7VllHM7yjkGI8mcQU/5LuWRGdvGVgopd313wA==
bg5h9I+iRtqwtIq2ILLLG9Aj/CiFNk5yRcHAPz20vM5YjFpc3oiXmq16c1OLnKeWjUibXlxUAJpjU24LiWAIOCJOKwE/Ds69Qhjm+0NaKS5T7h4loqSsqvza+ASmGzEhQgegDjMS76VU33dKh8e0sA==
bg5h9I+iRtqwtIq2ILLLG9Aj/CiFNk5yRcHAPz20vM5YjFpc3oiXmq16c1OLnKeWjUibXlxUAJpjU24LiWAIOCJOKwE/Ds69Qhjm+0NaKS5gbCySSy4d0kMnH1SdoFe+k1uV+ltJm6xHdsMW6fOxww==
bg5h9I+iRtqwtIq2ILLLG9Aj/CiFNk5yRcHAPz20vM5YjFpc3oiXmq16c1OLnKeWjUibXlxUAJpjU24LiWAIOCJOKwE/Ds69Qhjm+0NaKS4m28xHrBCVRnFmxKIjXzvcKfRDgIRyJqC494t1rhb+2A==
bg5h9I+iRtqwtIq2ILLLG9Aj/CiFNk5yRcHAPz20vM5YjFpc3oiXmq16c1OLnKeWjUibXlxUAJpjU24LiWAIOCJOKwE/Ds69Qhjm+0NaKS7Nnarwn4LiiwRYMug+2j04BMWCA5bg5bWSCBDbeMc00Q==
bg5h9I+iRtqwtIq2ILLLG9Aj/CiFNk5yRcHAPz20vM5YjFpc3oiXmq16c1OLnKeWjUibXlxUAJpjU24LiWAIOCJOKwE/Ds69Qhjm+0NaKS7/AeOTx+LYFXt+A/ZjEq8JRD8qeWf/+5VROqpngMor5g==
bg5h9I+iRtqwtIq2ILLLG9Aj/CiFNk5yRcHAPz20vM5YjFpc3oiXmq16c1OLnKeWjUibXlxUAJpjU24LiWAIOCJOKwE/Ds69Qhjm+0NaKS6A2iBUYWvCifW7kU8i2TDNX/PRkxAUAkOhxtpmAOJzUQ==
bg5h9I+iRtqwtIq2ILLLG9Aj/CiFNk5yRcHAPz20vM5YjFpc3oiXmq16c1OLnKeWjUibXlxUAJpjU24LiWAIOCJOKwE/Ds69Qhjm+0NaKS4Fq6lC2M3g3/gQk6mjul25lpowg2BbFWq/5GyxFyWWlA==
bg5h9I+iRtqwtIq2ILLLG9Aj/CiFNk5yRcHAPz20vM5YjFpc3oiXmq16c1OLnKeWjUibXlxUAJpjU24LiWAIOCJOKwE/Ds69Qhjm+0NaKS7uzwOw7mfsJa4lIm/0jhBFAYy/SQKfqFj5Wy1eYe1n+Q==
bg5h9I+iRtqwtIq2ILLLG9Aj/CiFNk5yRcHAPz20vM5YjFpc3oiXmq16c1OLnKeWjUibXlxUAJpjU24LiWAIOCJOKwE/Ds69Qhjm+0NaKS6VAi2ufKIFM70kZ0thI1yl3HgkcmxIqvkizlzDMaR42Q==
bg5h9I+iRtqwtIq2ILLLG9Aj/CiFNk5yRcHAPz20vM5YjFpc3oiXmq16c1OLnKeWjUibXlxUAJpjU24LiWAIOCJOKwE/Ds69Qhjm+0NaKS61Wf9fWAPNSzBfvvzCwgewIYFxyKW/cr7infQho6QeFw==
bg5h9I+iRtqwtIq2ILLLG9Aj/CiFNk5yRcHAPz20vM5YjFpc3oiXmq16c1OLnKeWjUibXlxUAJpjU24LiWAIOCJOKwE/Ds69Qhjm+0NaKS6meRTBDQV+ZhNkAxSbtoUOR20CGpVGUZUUgfLyEYOwoQ==
bg5h9I+iRtqwtIq2ILLLG9Aj/CiFNk5yRcHAPz20vM5YjFpc3oiXmq16c1OLnKeWjUibXlxUAJpjU24LiWAIOCJOKwE/Ds69Qhjm+0NaKS6taYKo+a1Vb6LjU8fopJI2HEKKUftGhXmacAnsZtoGrg==
bg5h9I+iRtqwtIq2ILLLG9Aj/CiFNk5yRcHAPz20vM5YjFpc3oiXmq16c1OLnKeWjUibXlxUAJpjU24LiWAIOCJOKwE/Ds69Qhjm+0NaKS6qDxPAiHcO9OOD0mXeRIpiy/BedZSV1xl4dFqbughqqA==
bg5h9I+iRtqwtIq2ILLLG9Aj/CiFNk5yRcHAPz20vM5YjFpc3oiXmq16c1OLnKeWjUibXlxUAJpjU24LiWAIOCJOKwE/Ds69Qhjm+0NaKS6u7ngdwZV/NXkNlqQNHxwm1uPt3tZCRk6ka0c9QF+z2g==
bg5h9I+iRtqwtIq2ILLLG9Aj/CiFNk5yRcHAPz20vM5YjFpc3oiXmq16c1OLnKeWjUibXlxUAJpjU24LiWAIOCJOKwE/Ds69Qhjm+0NaKS6vlY00HLu+GPcn2wAO7Cyd8Aww2aJJSjtPYuCI9yJk9A==
bg5h9I+iRtqwtIq2ILLLG9Aj/CiFNk5yRcHAPz20vM5YjFpc3oiXmq16c1OLnKeWjUibXlxUAJpjU24LiWAIOCJOKwE/Ds69Qhjm+0NaKS4hEOm3MdjXnOjWzwwCi2GYlcUC2cCxHtcmOWS6kFdGxQ==
bg5h9I+iRtqwtIq2ILLLG9Aj/CiFNk5yRcHAPz20vM6ofqOPoQCpSeug1ydEat62EG8oiVd9ENM6vCyi15L7MtqckcbSoFOwmzv6De8APWCbp3nC2TjP6Kl3kNT0DlybiVm6blK2EzqjtBMAbNh/dA==
bg5h9I+iRtqwtIq2ILLLG9Aj/CiFNk5yRcHAPz20vM6ofqOPoQCpSeug1ydEat62EG8oiVd9ENM6vCyi15L7MtqckcbSoFOwmzv6De8APWCs6EbnPc7hyE5vO9VXBZKaLM0oZ0m11B9fbvUYZTCx6w==
bg5h9I+iRtqwtIq2ILLLG9Aj/CiFNk5yRcHAPz20vM6ofqOPoQCpSeug1ydEat62EG8oiVd9ENM6vCyi15L7MtqckcbSoFOwmzv6De8APWAPZPprW1UwrJSrw8B2L8dbXasJ14hwD6Iv1JJWdgIgfg==
bg5h9I+iRtqwtIq2ILLLG9Aj/CiFNk5yRcHAPz20vM6ofqOPoQCpSeug1ydEat62EG8oiVd9ENM6vCyi15L7MtqckcbSoFOwmzv6De8APWD6GCyjttrEnQ7MmD0ZaD1PfCtPuQU2+piYF5+A779o9w==
bg5h9I+iRtqwtIq2ILLLG9Aj/CiFNk5yRcHAPz20vM6ofqOPoQCpSeug1ydEat62EG8oiVd9ENM6vCyi15L7MtqckcbSoFOwmzv6De8APWBZauaAjuldqYi7VKIyqhprCWhep9A6nsv6aHAkxeSBbw==
bg5h9I+iRtqwtIq2ILLLG9Aj/CiFNk5yRcHAPz20vM6ofqOPoQCpSeug1ydEat62EG8oiVd9ENM6vCyi15L7MtqckcbSoFOwmzv6De8APWCs58d3aaREKwpb+NhCirZx9JO7FFe7opgU93zxTz9wpQ==
bg5h9I+iRtqwtIq2ILLLG9Aj/CiFNk5yRcHAPz20vM6ofqOPoQCpSeug1ydEat62EG8oiVd9ENM6vCyi15L7MtqckcbSoFOwmzv6De8APWCXrW7gqTTcVjqOrzdD/l2TL/B8ZWkVEj0Nu2Y25GiDIQ==
bg5h9I+iRtqwtIq2ILLLG9Aj/CiFNk5yRcHAPz20vM6ofqOPoQCpSeug1ydEat62EG8oiVd9ENM6vCyi15L7MtqckcbSoFOwmzv6De8APWDR4IYCjhljrVjCkLWDwzHkwcgjKBAtGlofoudBhEmcnQ==
bg5h9I+iRtqwtIq2ILLLG9Aj/CiFNk5yRcHAPz20vM6ofqOPoQCpSeug1ydEat62EG8oiVd9ENM6vCyi15L7MtqckcbSoFOwmzv6De8APWD/3UgM3XV8brK+6eU2fmc3pNk2bMNrt54FgGpgUEf62g==
bg5h9I+iRtqwtIq2ILLLG9Aj/CiFNk5yRcHAPz20vM6ofqOPoQCpSeug1ydEat62EG8oiVd9ENM6vCyi15L7MtqckcbSoFOwmzv6De8APWDKcRHVCeHUz5ZEeq29a61kpEpbvZg6o9A7y8j9j2glmg==
bg5h9I+iRtqwtIq2ILLLG9Aj/CiFNk5yRcHAPz20vM6ofqOPoQCpSeug1ydEat62EG8oiVd9ENM6vCyi15L7MtqckcbSoFOwmzv6De8APWD7jiA9wDHX7PEKLWRXGnnXMTfNcR8Wu/rx/CWHdagcmQ==
bg5h9I+iRtqwtIq2ILLLG9Aj/CiFNk5yRcHAPz20vM6ofqOPoQCpSeug1ydEat62EG8oiVd9ENM6vCyi15L7MtqckcbSoFOwmzv6De8APWBS2K1irLn2S5ZxHvsDhFILfeFY59UUFqgFypiUffrAAw==
bg5h9I+iRtqwtIq2ILLLG9Aj/CiFNk5yRcHAPz20vM6ofqOPoQCpSeug1ydEat62EG8oiVd9ENM6vCyi15L7MtqckcbSoFOwmzv6De8APWAkYUxRdmZ6lXUN7Zv+/OtEMZpEYBmvxKnZbHeqyfrh1w==
bg5h9I+iRtqwtIq2ILLLG9Aj/CiFNk5yRcHAPz20vM6ofqOPoQCpSeug1ydEat62EG8oiVd9ENM6vCyi15L7MtqckcbSoFOwmzv6De8APWCGDRiaUX/MLChRgiDkKLl8J2h9+WZrgf2OYrffSc7pkA==
bg5h9I+iRtqwtIq2ILLLG9Aj/CiFNk5yRcHAPz20vM6ofqOPoQCpSeug1ydEat62EG8oiVd9ENM6vCyi15L7MtqckcbSoFOwmzv6De8APWBSglKzrurcsOYZ0ZA95J5/5HO7nhb0OOH3uDLKAPGdIw==
bg5h9I+iRtqwtIq2ILLLG9Aj/CiFNk5yRcHAPz20vM6ofqOPoQCpSeug1ydEat62EG8oiVd9ENM6vCyi15L7MtqckcbSoFOwmzv6De8APWAorq5mDlWiBhHRQhg/BFn2yjRwZn9+odhjCneIPuebjQ==
bg5h9I+iRtqwtIq2ILLLG9Aj/CiFNk5yRcHAPz20vM6ofqOPoQCpSeug1ydEat62EG8oiVd9ENM6vCyi15L7MtqckcbSoFOwmzv6De8APWCYsh46toANxtQOpaCM2Gt1ITuULWJErvv6lM7RhZI6Sw==
bg5h9I+iRtqwtIq2ILLLG9Aj/CiFNk5yRcHAPz20vM6ofqOPoQCpSeug1ydEat62EG8oiVd9ENM6vCyi15L7MtqckcbSoFOwmzv6De8APWA0GcaBSECRTzOrb8KCSOXGQSK95daxn+H4tf4Hdo+r5w==
bg5h9I+iRtqwtIq2ILLLG9Aj/CiFNk5yRcHAPz20vM6ofqOPoQCpSeug1ydEat62EG8oiVd9ENM6vCyi15L7MtqckcbSoFOwmzv6De8APWCvIF1LqxZKqzMAVsfZAfOIQ79Fg96o90o/vhcWZX9dTQ==
bg5h9I+iRtqwtIq2ILLLG9Aj/CiFNk5yRcHAPz20vM6ofqOPoQCpSeug1ydEat62EG8oiVd9ENM6vCyi15L7MtqckcbSoFOwmzv6De8APWCvQ/MwAQm3xv9i+dArOu6Uvz2PLNWWrA6qC9Yk00D5Kw==
bg5h9I+iRtqwtIq2ILLLG9Aj/CiFNk5yRcHAPz20vM503sVbKDsbjraC35uOM+JSZKv4dgT0h5XChVHrt1mm6L2WcMHLNGDiPJhSeLjc4f/piO9XqU0ZT5/suz2p5yr3wgV+sBZxqd5BlWjFn7HdCQ==
bg5h9I+iRtqwtIq2ILLLG9Aj/CiFNk5yRcHAPz20vM503sVbKDsbjraC35uOM+JSZKv4dgT0h5XChVHrt1mm6L2WcMHLNGDiPJhSeLjc4f+KOvcuaO/bqv4YlwiiX5BWFxGoSLR0lLRiQmKSA6XVGA==
bg5h9I+iRtqwtIq2ILLLG9Aj/CiFNk5yRcHAPz20vM503sVbKDsbjraC35uOM+JSZKv4dgT0h5XChVHrt1mm6L2WcMHLNGDiPJhSeLjc4f/8Aafovm9gE0UQrIxBsWrYfyPeohGT+JOZynlTQoxB0g==
bg5h9I+iRtqwtIq2ILLLG9Aj/CiFNk5yRcHAPz20vM503sVbKDsbjraC35uOM+JSZKv4dgT0h5XChVHrt1mm6L2WcMHLNGDiPJhSeLjc4f+tPtEFOYjGc42yzzTvXf92DZ6iZemU5z1w4kA34mJVYQ==
bg5h9I+iRtqwtIq2ILLLG9Aj/CiFNk5yRcHAPz20vM503sVbKDsbjraC35uOM+JSZKv4dgT0h5XChVHrt1mm6L2WcMHLNGDiPJhSeLjc4f8YLbbfYiI5oCdGS6wMOV6pyfNHmQH2t3Pfdmsa9rMQXw==
bg5h9I+iRtqwtIq2ILLLG9Aj/CiFNk5yRcHAPz20vM503sVbKDsbjraC35uOM+JSZKv4dgT0h5XChVHrt1mm6L2WcMHLNGDiPJhSeLjc4f+rFbLfhVg6RimO+v4d6JUTd5t5qf+5NmlOYiCRtk/+tw==
bg5h9I+iRtqwtIq2ILLLG9Aj/CiFNk5yRcHAPz20vM503sVbKDsbjraC35uOM+JSZKv4dgT0h5XChVHrt1mm6L2WcMHLNGDiPJhSeLjc4f+7b/q72ObgYU0zUXSg5mu5Vv+xohHBiUpbBCSzK5FZPQ==
bg5h9I+iRtqwtIq2ILLLG9Aj/CiFNk5yRcHAPz20vM503sVbKDsbjraC35uOM+JSZKv4dgT0h5XChVHrt1mm6L2WcMHLNGDiPJhSeLjc4f8HzwuOOA2aMr9Q8TBHhfxeM3wGFqMy0RdOVry6KILEiQ==
bg5h9I+iRtqwtIq2ILLLG9Aj/CiFNk5yRcHAPz20vM503sVbKDsbjraC35uOM+JSZKv4dgT0h5XChVHrt1mm6L2WcMHLNGDiPJhSeLjc4f/t1mNpW0kj+zR97VKeeMbUmD8o0WI1hGcn0uGnTTq03Q==
bg5h9I+iRtqwtIq2ILLLG9Aj/CiFNk5yRcHAPz20vM503sVbKDsbjraC35uOM+JSZKv4dgT0h5XChVHrt1mm6L2WcMHLNGDiPJhSeLjc4f+waQNC8KtV4MUZChpu1t7n5gBOg5MuLRpZK18YFVzz8Q==
bg5h9I+iRtqwtIq2ILLLG9Aj/CiFNk5yRcHAPz20vM503sVbKDsbjraC35uOM+JSZKv4dgT0h5XChVHrt1mm6L2WcMHLNGDiPJhSeLjc4f9sY19EcrzUpG3x5yVggQLFr3KIEEauqhjx1uHJOYIAYQ==
bg5h9I+iRtqwtIq2ILLLG9Aj/CiFNk5yRcHAPz20vM503sVbKDsbjraC35uOM+JSZKv4dgT0h5XChVHrt1mm6L2WcMHLNGDiPJhSeLjc4f91qYqH/TzBfYUmuIGLHT4MzuXcXRsB6stWFK+y9rI3bw==
bg5h9I+iRtqwtIq2ILLLG9Aj/CiFNk5yRcHAPz20vM503sVbKDsbjraC35uOM+JSZKv4dgT0h5XChVHrt1mm6L2WcMHLNGDiPJhSeLjc4f9t66fWEYvl3EKi5L0AsnvZwizVADZ+o6seuAhsYPvbDQ==
bg5h9I+iRtqwtIq2ILLLG9Aj/CiFNk5yRcHAPz20vM503sVbKDsbjraC35uOM+JSZKv4dgT0h5XChVHrt1mm6L2WcMHLNGDiPJhSeLjc4f/Q1UdzKAQBzHl7XXT2xq8xfYpf5mEfRa9Equ4ZQgG/LA==
bg5h9I+iRtqwtIq2ILLLG9Aj/CiFNk5yRcHAPz20vM503sVbKDsbjraC35uOM+JSZKv4dgT0h5XChVHrt1mm6L2WcMHLNGDiPJhSeLjc4f9fkAD0LFhOdvZatOqAUN72W+G9RjQLoh/MfbPVj3WPqA==
bg5h9I+iRtqwtIq2ILLLG9Aj/CiFNk5yRcHAPz20vM503sVbKDsbjraC35uOM+JSZKv4dgT0h5XChVHrt1mm6L2WcMHLNGDiPJhSeLjc4f+cLUwsJN02MUHS8K8OkwfH1g+DbnlxnxnLEBDgpFcuTQ==
bg5h9I+iRtqwtIq2ILLLG9Aj/CiFNk5yRcHAPz20vM503sVbKDsbjraC35uOM+JSZKv4dgT0h5XChVHrt1mm6L2WcMHLNGDiPJhSeLjc4f9CorVyPo8vmw5flWBvWDzIWt9YqwuWxPX3YHdbLPEKHg==
bg5h9I+iRtqwtIq2ILLLG9Aj/CiFNk5yRcHAPz20vM503sVbKDsbjraC35uOM+JSZKv4dgT0h5XChVHrt1mm6L2WcMHLNGDiPJhSeLjc4f9mWe2CvnojECOTu/VPcHtbi/cELYntnVzDXofCllQhwA==
bg5h9I+iRtqwtIq2ILLLG9Aj/CiFNk5yRcHAPz20vM503sVbKDsbjraC35uOM+JSZKv4dgT0h5XChVHrt1mm6L2WcMHLNGDiPJhSeLjc4f/Hx7WQqzdwUzlSrXahIUnKuzA3CQoIn4LeS/A+t4N4xg==
bg5h9I+iRtqwtIq2ILLLG9Aj/CiFNk5yRcHAPz20vM503sVbKDsbjraC35uOM+JSZKv4dgT0h5XChVHrt1mm6PO611KV+79TVcmNcwt/KQ67Lsw4LJohqKrn2yn6E/EDBpRf+uUT1hNcVk+RO9ih/A==
bg5h9I+iRtqwtIq2ILLLG9Aj/CiFNk5yRcHAPz20vM503sVbKDsbjraC35uOM+JSZKv4dgT0h5XChVHrt1mm6PO611KV+79TVcmNcwt/KQ5GTPDJyxzEDIxxRJekvK4o/0xHs/TwDiQBJsckpehlog==
bg5h9I+iRtqwtIq2ILLLG9Aj/CiFNk5yRcHAPz20vM503sVbKDsbjraC35uOM+JSZKv4dgT0h5XChVHrt1mm6PO611KV+79TVcmNcwt/KQ42xOWKR94xrCe1m8YvZRrZGL9nA2H1TcIqk6mNoQzZ3w==
bg5h9I+iRtqwtIq2ILLLG9Aj/CiFNk5yRcHAPz20vM503sVbKDsbjraC35uOM+JSZKv4dgT0h5XChVHrt1mm6PO611KV+79TVcmNcwt/KQ5rHhTAsq76NCLmuDYC8UZOzBsyQUgOFmpXqxqsY5iarg==
bg5h9I+iRtqwtIq2ILLLG9Aj/CiFNk5yRcHAPz20vM503sVbKDsbjraC35uOM+JSZKv4dgT0h5XChVHrt1mm6PO611KV+79TVcmNcwt/KQ4WiwXtFgYfx1O0uyfLQqMQmJyc1JCkzyTfMTlu2r/HqQ==
bg5h9I+iRtqwtIq2ILLLG9Aj/CiFNk5yRcHAPz20vM6qbB9H8vJ5MmNzUL3pdCJ9dPV4mHU9r2IBbF/uEQlUTTjr+FZNmU0YhzzB5H4mzbj8dwmZzhcmM4XZvrG2xlrYyyeJ1oRpf315b+vftQS5Og==
bg5h9I+iRtqwtIq2ILLLG9Aj/CiFNk5yRcHAPz20vM6qbB9H8vJ5MmNzUL3pdCJ9dPV4mHU9r2IBbF/uEQlUTTjr+FZNmU0YhzzB5H4mzbiU5XK69PFDk/E+OoFcvwHWvAxuxf2MWizN4J/8wmM7/w==
bg5h9I+iRtqwtIq2ILLLG9Aj/CiFNk5yRcHAPz20vM6qbB9H8vJ5MmNzUL3pdCJ9dPV4mHU9r2IBbF/uEQlUTTjr+FZNmU0YhzzB5H4mzbhn/qk3imwcZZU3OHBvTsTigpekt3JcD0hrJf53NVwUzw==
bg5h9I+iRtqwtIq2ILLLG9Aj/CiFNk5yRcHAPz20vM6qbB9H8vJ5MmNzUL3pdCJ9dPV4mHU9r2IBbF/uEQlUTTjr+FZNmU0YhzzB5H4mzbjNLMIzPdPEwR1MW2lr6e9rmcWKMiZi1vb5f3e72ZlqoQ==
bg5h9I+iRtqwtIq2ILLLG9Aj/CiFNk5yRcHAPz20vM6qbB9H8vJ5MmNzUL3pdCJ9dPV4mHU9r2IBbF/uEQlUTTjr+FZNmU0YhzzB5H4mzbi39bNFYVuIwOjcKw+T+wRLhFKHRbiLvvUtJJx08JbKmQ==
bg5h9I+iRtqwtIq2ILLLG9Aj/CiFNk5yRcHAPz20vM6qbB9H8vJ5MmNzUL3pdCJ9dPV4mHU9r2IBbF/uEQlUTTjr+FZNmU0YhzzB5H4mzbhr2WzoiQQhWQbyLqOXTVCtIB23Px+kGt8PNsfKdZHVbw==
bg5h9I+iRtqwtIq2ILLLG9Aj/CiFNk5yRcHAPz20vM6qbB9H8vJ5MmNzUL3pdCJ9dPV4mHU9r2IBbF/uEQlUTTjr+FZNmU0YhzzB5H4mzbgg8p2iCRnNf9+td7akH9sytAgEwN76+wuYGBR7XqFkNA==
bg5h9I+iRtqwtIq2ILLLG9Aj/CiFNk5yRcHAPz20vM6qbB9H8vJ5MmNzUL3pdCJ9dPV4mHU9r2IBbF/uEQlUTTjr+FZNmU0YhzzB5H4mzbhUEjLSGgjIn7pHfMtdwT6AoJAMIN2vVozQMeuChEvpZg==
bg5h9I+iRtqwtIq2ILLLG9Aj/CiFNk5yRcHAPz20vM6qbB9H8vJ5MmNzUL3pdCJ9dPV4mHU9r2IBbF/uEQlUTTjr+FZNmU0YhzzB5H4mzbhE3OD7HDaU+oQtfYAEM30Yg9Cn54oEaqalUuVxSe5aoA==
bg5h9I+iRtqwtIq2ILLLG9Aj/CiFNk5yRcHAPz20vM6qbB9H8vJ5MmNzUL3pdCJ9dPV4mHU9r2IBbF/uEQlUTTjr+FZNmU0YhzzB5H4mzbhZjC7wP0GY8ilEE6MBXp5bv7bKNbynXI+c0YzVvhXq1Q==
bg5h9I+iRtqwtIq2ILLLG9Aj/CiFNk5yRcHAPz20vM6qbB9H8vJ5MmNzUL3pdCJ9dPV4mHU9r2IBbF/uEQlUTTjr+FZNmU0YhzzB5H4mzbjCOVUlVLuxbPUWdAZKbN2NkCAHd4eI4KRDyhCJTn6KNw==
bg5h9I+iRtqwtIq2ILLLG9Aj/CiFNk5yRcHAPz20vM6qbB9H8vJ5MmNzUL3pdCJ9dPV4mHU9r2IBbF/uEQlUTTjr+FZNmU0YhzzB5H4mzbiIerPLvK+KNVYvH7MTw1P/ib5ZwmTQ29aYOsWTYGNcOg==
bg5h9I+iRtqwtIq2ILLLG9Aj/CiFNk5yRcHAPz20vM6qbB9H8vJ5MmNzUL3pdCJ9dPV4mHU9r2IBbF/uEQlUTTjr+FZNmU0YhzzB5H4mzbhZkguAULu0pMzHj22vzrZhPJZk8LCCMjWmGM/bQx1Ixg==
bg5h9I+iRtqwtIq2ILLLG9Aj/CiFNk5yRcHAPz20vM6qbB9H8vJ5MmNzUL3pdCJ9dPV4mHU9r2IBbF/uEQlUTTjr+FZNmU0YhzzB5H4mzbhYmPfc/d/Io9ZUnmOYcxoiSbqPxRYpU4WjibbXv+V56w==
bg5h9I+iRtqwtIq2ILLLG9Aj/CiFNk5yRcHAPz20vM6qbB9H8vJ5MmNzUL3pdCJ9dPV4mHU9r2IBbF/uEQlUTTjr+FZNmU0YhzzB5H4mzbjDNdpc2Ge0K26SSOlNApSnJ7SJWRzP/qLyS3Vb8Ou+Cg==
bg5h9I+iRtqwtIq2ILLLG9Aj/CiFNk5yRcHAPz20vM6qbB9H8vJ5MmNzUL3pdCJ9dPV4mHU9r2IBbF/uEQlUTTjr+FZNmU0YhzzB5H4mzbgel7QJesgghEtIT3AzyUPURkx2sJRhWdzHLQxEkoDLpQ==
bg5h9I+iRtqwtIq2ILLLG9Aj/CiFNk5yRcHAPz20vM6qbB9H8vJ5MmNzUL3pdCJ9dPV4mHU9r2IBbF/uEQlUTTjr+FZNmU0YhzzB5H4mzbgxt7yEJC4J4oHDlS2CWOOy+e+YTbW+Ze0l+OfjcZAOpw==
bg5h9I+iRtqwtIq2ILLLG9Aj/CiFNk5yRcHAPz20vM6qbB9H8vJ5MmNzUL3pdCJ9dPV4mHU9r2IBbF/uEQlUTTjr+FZNmU0YhzzB5H4mzbizIS9b5rSqePO129eqcDVNO6cEp0gp3a3oQL+XyuvStw==
bg5h9I+iRtqwtIq2ILLLG9Aj/CiFNk5yRcHAPz20vM6qbB9H8vJ5MmNzUL3pdCJ9dPV4mHU9r2IBbF/uEQlUTTjr+FZNmU0YhzzB5H4mzbgx6g3eRkivqQWcns0LO1yfpu43iOAe3fHI87gLdI+srw==
bg5h9I+iRtqwtIq2ILLLG9Aj/CiFNk5yRcHAPz20vM6qbB9H8vJ5MmNzUL3pdCJ9dPV4mHU9r2IBbF/uEQlUTTjr+FZNmU0YhzzB5H4mzbin/S/EAtDg9NZwKbKFBZE/vLTn9Eqk6yyDvfIiFBHWEQ==
bg5h9I+iRtqwtIq2ILLLG9Aj/CiFNk5yRcHAPz20vM6qbB9H8vJ5MmNzUL3pdCJ9dPV4mHU9r2IBbF/uEQlUTTjr+FZNmU0YhzzB5H4mzbghTeICZ4drzadQSTg8lFFgq7aSnN9xcMwr+v8DEAwzUA==
bg5h9I+iRtqwtIq2ILLLG9Aj/CiFNk5yRcHAPz20vM6qbB9H8vJ5MmNzUL3pdCJ9dPV4mHU9r2IBbF/uEQlUTTjr+FZNmU0YhzzB5H4mzbg8H84OovrTII8VeFzobxiOHAJpZOEoC6pqd4u94W34ig==
bg5h9I+iRtqwtIq2ILLLG9Aj/CiFNk5yRcHAPz20vM6qbB9H8vJ5MmNzUL3pdCJ9dPV4mHU9r2IBbF/uEQlUTTjr+FZNmU0YhzzB5H4mzbhemDu6cBoE4fApC1cKnZTf0UREZRB63v+44YKoauev5g==
bg5h9I+iRtqwtIq2ILLLG9Aj/CiFNk5yRcHAPz20vM6qbB9H8vJ5MmNzUL3pdCJ9dPV4mHU9r2IBbF/uEQlUTTjr+FZNmU0YhzzB5H4mzbgZ+k7XI/UOHjjcMIDTNRC7qmNQ+tonIDGdyp+4OAEkrg==
bg5h9I+iRtqwtIq2ILLLG9Aj/CiFNk5yRcHAPz20vM6qbB9H8vJ5MmNzUL3pdCJ9dPV4mHU9r2IBbF/uEQlUTTjr+FZNmU0YhzzB5H4mzbgohL6cKVxZwgAfCMMsqMAwwBDOEHmiKXQSQ70ww71jIQ==
bg5h9I+iRtqwtIq2ILLLG9Aj/CiFNk5yRcHAPz20vM6qbB9H8vJ5MmNzUL3pdCJ9dPV4mHU9r2IBbF/uEQlUTTjr+FZNmU0YhzzB5H4mzbjbeulIouYJTV1ZIaiEKc5VcAktGYc9rjozcGq8hgGhbQ==
bg5h9I+iRtqwtIq2ILLLG9Aj/CiFNk5yRcHAPz20vM4gK2NWAQI02u6LBhY305x/gqFzi5UBtwdkC+Yrx2mepw9USOdSbCRtoYW+6cQznYxXQJ43FNpdBenB0GAFCnt5eoztaQDIdL5dqWJMVyKQRw==
bg5h9I+iRtqwtIq2ILLLG9Aj/CiFNk5yRcHAPz20vM4gK2NWAQI02u6LBhY305x/gqFzi5UBtwdkC+Yrx2mepw9USOdSbCRtoYW+6cQznYw+KvbKP718Uv82DrySY7ckT6SpYYysUM3iIwwViKktLg==
bg5h9I+iRtqwtIq2ILLLG9Aj/CiFNk5yRcHAPz20vM4gK2NWAQI02u6LBhY305x/gqFzi5UBtwdkC+Yrx2mepw9USOdSbCRtoYW+6cQznYy/Ctg4YPWqo5wFl/4zBw0ZPeKa14kvOZWM5yplqjr4Ug==
bg5h9I+iRtqwtIq2ILLLG9Aj/CiFNk5yRcHAPz20vM4gK2NWAQI02u6LBhY305x/gqFzi5UBtwdkC+Yrx2mepw9USOdSbCRtoYW+6cQznYzrwEdrHHN98w2gERy07oAte+YoUowJ0oEJiuwq5INWpA==
bg5h9I+iRtqwtIq2ILLLG9Aj/CiFNk5yRcHAPz20vM4gK2NWAQI02u6LBhY305x/gqFzi5UBtwdkC+Yrx2mepw9USOdSbCRtoYW+6cQznYzEgTKhEOCZPi83qdacBvtwMM3Krqn1pC5b61EQv5ceTQ==
bg5h9I+iRtqwtIq2ILLLG9Aj/CiFNk5yRcHAPz20vM4gK2NWAQI02u6LBhY305x/gqFzi5UBtwdkC+Yrx2mepw9USOdSbCRtoYW+6cQznYxWuK89lerq5BKQOaYxFc9KZtmMNHV4DqLyQtsrHjkJVQ==
bg5h9I+iRtqwtIq2ILLLG9Aj/CiFNk5yRcHAPz20vM4gK2NWAQI02u6LBhY305x/gqFzi5UBtwdkC+Yrx2mepw9USOdSbCRtoYW+6cQznYwR1NvjukSOTqoFGSmvd9Knunhxb0LtWe37V/7PMw2q2A==
bg5h9I+iRtqwtIq2ILLLG9Aj/CiFNk5yRcHAPz20vM4gK2NWAQI02u6LBhY305x/gqFzi5UBtwdkC+Yrx2mepw9USOdSbCRtoYW+6cQznYzYEodOjZ8JcFqdZBXZlOdyOIK/htKOU9cGNzeRMWlncg==
bg5h9I+iRtqwtIq2ILLLG9Aj/CiFNk5yRcHAPz20vM4gK2NWAQI02u6LBhY305x/gqFzi5UBtwdkC+Yrx2mepw9USOdSbCRtoYW+6cQznYzf2dkGdk/W8EIaXTFdiMCfxYi6sxyRUHdZVaOwnrs29Q==
bg5h9I+iRtqwtIq2ILLLG9Aj/CiFNk5yRcHAPz20vM4gK2NWAQI02u6LBhY305x/gqFzi5UBtwdkC+Yrx2mepw9USOdSbCRtoYW+6cQznYyEJGK/29bf+rbD5WxZyjq9uZn9YByPe4Hv+vgupYfBPg==
bg5h9I+iRtqwtIq2ILLLG9Aj/CiFNk5yRcHAPz20vM4gK2NWAQI02u6LBhY305x/gqFzi5UBtwdkC+Yrx2mepw9USOdSbCRtoYW+6cQznYw26jBop8t6OgjzbVb5YijLI9i4Zzde6JQNv9ln1wD9UQ==
bg5h9I+iRtqwtIq2ILLLG9Aj/CiFNk5yRcHAPz20vM4gK2NWAQI02u6LBhY305x/gqFzi5UBtwdkC+Yrx2mepw9USOdSbCRtoYW+6cQznYw6+Cl7xD2EkjeAo2MjUT7oMudSFLMcZV+PbZu9dR0MrA==
bg5h9I+iRtqwtIq2ILLLG9Aj/CiFNk5yRcHAPz20vM4gK2NWAQI02u6LBhY305x/gqFzi5UBtwdkC+Yrx2mepw9USOdSbCRtoYW+6cQznYwAOpFs0sxMHBZ3ZWaYTUHx7lIauIxGz/18lBMy0F+PiA==
bg5h9I+iRtqwtIq2ILLLG9Aj/CiFNk5yRcHAPz20vM4gK2NWAQI02u6LBhY305x/gqFzi5UBtwdkC+Yrx2mepw9USOdSbCRtoYW+6cQznYyjG4Km0J+GrWVzSstKjmDR1g85Oh8wFBC+5lFww5ZC2g==
bg5h9I+iRtqwtIq2ILLLG9Aj/CiFNk5yRcHAPz20vM4gK2NWAQI02u6LBhY305x/gqFzi5UBtwdkC+Yrx2mepw9USOdSbCRtoYW+6cQznYz3hTAY/tOM/SXkaCJfIti0dP85NXjTZfimYytaT8Rbuw==
bg5h9I+iRtqwtIq2ILLLG9Aj/CiFNk5yRcHAPz20vM4gK2NWAQI02u6LBhY305x/gqFzi5UBtwdkC+Yrx2mepw9USOdSbCRtoYW+6cQznYznyPDeiyb1wxJajpfvKa1AXN+dgIOYLYm/r4ie8pZ/Pw==
bg5h9I+iRtqwtIq2ILLLG9Aj/CiFNk5yRcHAPz20vM4gK2NWAQI02u6LBhY305x/gqFzi5UBtwdkC+Yrx2mepw9USOdSbCRtoYW+6cQznYzv0UKhOqwDY+TZGxZ3rjlIa1X7rKWC8m8IkKInehyUyQ==
bg5h9I+iRtqwtIq2ILLLG9Aj/CiFNk5yRcHAPz20vM4gK2NWAQI02u6LBhY305x/gqFzi5UBtwdkC+Yrx2mepw9USOdSbCRtoYW+6cQznYwYViEjWCu/gKSR/VgP1d8x14WljCE1QO2NR5V8sXevhA==
bg5h9I+iRtqwtIq2ILLLG9Aj/CiFNk5yRcHAPz20vM4gK2NWAQI02u6LBhY305x/gqFzi5UBtwdkC+Yrx2mepw9USOdSbCRtoYW+6cQznYwIO7l7Qiue0XLFXYLdNo08MuRuRmpgxFbkAh1S2mbdTQ==
bg5h9I+iRtqwtIq2ILLLG9Aj/CiFNk5yRcHAPz20vM4gK2NWAQI02u6LBhY305x/gqFzi5UBtwdkC+Yrx2mepw9USOdSbCRtoYW+6cQznYz3zcKZN6Ot2DQ6dHKvlL5CzZfGzaU8vUnj7GtLKAfiMA==
bg5h9I+iRtqwtIq2ILLLG9Aj/CiFNk5yRcHAPz20vM4gK2NWAQI02u6LBhY305x/gqFzi5UBtwdkC+Yrx2mepw9USOdSbCRtoYW+6cQznYyiewnPD//54CBcaQpv/S06D33iELbEz2Fm3RaWqVAvsQ==
bg5h9I+iRtqwtIq2ILLLG9Aj/CiFNk5yRcHAPz20vM4gK2NWAQI02u6LBhY305x/gqFzi5UBtwdkC+Yrx2mepw9USOdSbCRtoYW+6cQznYzejqKVxPS4Zf9YpBH7cVgb+c7G0uy48LFIkqohemxQQQ==
bg5h9I+iRtqwtIq2ILLLG9Aj/CiFNk5yRcHAPz20vM4gK2NWAQI02u6LBhY305x/gqFzi5UBtwdkC+Yrx2mepw9USOdSbCRtoYW+6cQznYytxMGlyV3JBh2vt27a1/5AooRaME+YA4P6Qb83KWAoQA==
bg5h9I+iRtqwtIq2ILLLG9Aj/CiFNk5yRcHAPz20vM4gK2NWAQI02u6LBhY305x/gqFzi5UBtwdkC+Yrx2mepw9USOdSbCRtoYW+6cQznYxu10wIF/zN++5Fwys9sOWDWelw7trr6AnxZiPUfY9dow==
bg5h9I+iRtqwtIq2ILLLG9Aj/CiFNk5yRcHAPz20vM5T18dZ7TDlREQoEwR2Pqbn4I1CDLP2v0NpyqQIKYo4KJbTsJ2wX8oCMRvd3wskNFFAwoX4nqOB3dgnRMQZH4wbFHj4nNKL+42KEdPwuMwlSQ==
bg5h9I+iRtqwtIq2ILLLG9Aj/CiFNk5yRcHAPz20vM5T18dZ7TDlREQoEwR2Pqbn4I1CDLP2v0NpyqQIKYo4KJbTsJ2wX8oCMRvd3wskNFGeLGCOCXsPGMa+Bw35AJxS5LjpEbMrOpOj4cBiQVV4/w==
bg5h9I+iRtqwtIq2ILLLG9Aj/CiFNk5yRcHAPz20vM5T18dZ7TDlREQoEwR2Pqbn4I1CDLP2v0NpyqQIKYo4KJbTsJ2wX8oCMRvd3wskNFHmDpqVWsEWI9anBFRSRLUS3jX3Un1mvbplARaVjCWedg==
bg5h9I+iRtqwtIq2ILLLG9Aj/CiFNk5yRcHAPz20vM5T18dZ7TDlREQoEwR2Pqbn4I1CDLP2v0NpyqQIKYo4KJbTsJ2wX8oCMRvd3wskNFGpvo76pJZPM6+WgGLO2MJ/2GXMtdJKGnBvO9ph0s8sSA==
bg5h9I+iRtqwtIq2ILLLG9Aj/CiFNk5yRcHAPz20vM5T18dZ7TDlREQoEwR2Pqbn4I1CDLP2v0NpyqQIKYo4KJbTsJ2wX8oCMRvd3wskNFFhQtToCTkcytSnuInzbVFi9eveHjXTbQa+xNIO3d4nIA==
bg5h9I+iRtqwtIq2ILLLG9Aj/CiFNk5yRcHAPz20vM5T18dZ7TDlREQoEwR2Pqbn4I1CDLP2v0NpyqQIKYo4KJbTsJ2wX8oCMRvd3wskNFHTiffzY0Q8JIZRjWTtXpJof4BMLJ7GY8/DaKexc5woJw==
bg5h9I+iRtqwtIq2ILLLG9Aj/CiFNk5yRcHAPz20vM5T18dZ7TDlREQoEwR2Pqbn4I1CDLP2v0NpyqQIKYo4KJbTsJ2wX8oCMRvd3wskNFHo3FpHKPAiY4QFCd08G7tr34BWudt/VcMhd67vXQE2XA==
bg5h9I+iRtqwtIq2ILLLG9Aj/CiFNk5yRcHAPz20vM5T18dZ7TDlREQoEwR2Pqbn4I1CDLP2v0NpyqQIKYo4KJbTsJ2wX8oCMRvd3wskNFGEurXdfr9Gm/eEYmgcinm9cl5nr1i7fRl3y+ELgvPS9A==
bg5h9I+iRtqwtIq2ILLLG9Aj/CiFNk5yRcHAPz20vM5T18dZ7TDlREQoEwR2Pqbn4I1CDLP2v0NpyqQIKYo4KJbTsJ2wX8oCMRvd3wskNFElbqIdbrvYdanRuAUwk9vlGk+juD2JQqmMqKWmb9NhoQ==
bg5h9I+iRtqwtIq2ILLLG9Aj/CiFNk5yRcHAPz20vM5T18dZ7TDlREQoEwR2Pqbn4I1CDLP2v0NpyqQIKYo4KJbTsJ2wX8oCMRvd3wskNFHkZUkBY129q8AQsoP2So2xc3Vu6zWXinOMD+GmGcd4QQ==
bg5h9I+iRtqwtIq2ILLLG9Aj/CiFNk5yRcHAPz20vM5T18dZ7TDlREQoEwR2Pqbn4I1CDLP2v0NpyqQIKYo4KJbTsJ2wX8oCMRvd3wskNFECdgZqhtFhOL8tRE8d54dYPnjOLjiG2qdNEIWsVYzwsQ==
bg5h9I+iRtqwtIq2ILLLG9Aj/CiFNk5yRcHAPz20vM5T18dZ7TDlREQoEwR2Pqbn4I1CDLP2v0NpyqQIKYo4KJbTsJ2wX8oCMRvd3wskNFESC4XyqglrMfo0WMhttTtwfsPg/Ur2pd3t6QZ03a+LBA==
bg5h9I+iRtqwtIq2ILLLG9Aj/CiFNk5yRcHAPz20vM5T18dZ7TDlREQoEwR2Pqbn4I1CDLP2v0NpyqQIKYo4KJbTsJ2wX8oCMRvd3wskNFHus0aef+n1IM+FFS2c8OXBkeDshn9mHs5hKRlHN10R0w==
bg5h9I+iRtqwtIq2ILLLG9Aj/CiFNk5yRcHAPz20vM5T18dZ7TDlREQoEwR2Pqbn4I1CDLP2v0NpyqQIKYo4KJbTsJ2wX8oCMRvd3wskNFGKXUjiaeyZqh5wKm20nx6RAvheUn2hz3lleL5sfZxrEg==
bg5h9I+iRtqwtIq2ILLLG9Aj/CiFNk5yRcHAPz20vM5T18dZ7TDlREQoEwR2Pqbn4I1CDLP2v0NpyqQIKYo4KJbTsJ2wX8oCMRvd3wskNFFbPTNBTOXXYGz7PGlElcHXy5pXqa03I6IJYzgoppdoEA==
bg5h9I+iRtqwtIq2ILLLG9Aj/CiFNk5yRcHAPz20vM5T18dZ7TDlREQoEwR2Pqbn4I1CDLP2v0NpyqQIKYo4KJbTsJ2wX8oCMRvd3wskNFFugB0+uLL4KneOsXGBi10CUm4mN87hOxsMgrv1jMbT1w==
bg5h9I+iRtqwtIq2ILLLG9Aj/CiFNk5yRcHAPz20vM5T18dZ7TDlREQoEwR2Pqbn4I1CDLP2v0NpyqQIKYo4KJbTsJ2wX8oCMRvd3wskNFFDcU60ESNV4KSxTNVbA9GUVmeCBPNYMhiqJbOWPUDJ+w==
bg5h9I+iRtqwtIq2ILLLG9Aj/CiFNk5yRcHAPz20vM5T18dZ7TDlREQoEwR2Pqbn4I1CDLP2v0NpyqQIKYo4KJbTsJ2wX8oCMRvd3wskNFGz0PGzQOHazmFG7UBDVdJONiTzY3GFjHMtTYwVVEACbQ==
bg5h9I+iRtqwtIq2ILLLG9Aj/CiFNk5yRcHAPz20vM5T18dZ7TDlREQoEwR2Pqbn4I1CDLP2v0NpyqQIKYo4KJbTsJ2wX8oCMRvd3wskNFFbWVEXklxTjkYd1uDYtJDcIooYAxMRloHrxLek3WjmvQ==
bg5h9I+iRtqwtIq2ILLLG9Aj/CiFNk5yRcHAPz20vM5T18dZ7TDlREQoEwR2Pqbn4I1CDLP2v0NpyqQIKYo4KJbTsJ2wX8oCMRvd3wskNFHTnhRxln1pavRVQAVJ+GYlid+Fa91Kv7UJ20ofVh+pfg==
bg5h9I+iRtqwtIq2ILLLG9Aj/CiFNk5yRcHAPz20vM5T18dZ7TDlREQoEwR2Pqbn4I1CDLP2v0NpyqQIKYo4KJbTsJ2wX8oCMRvd3wskNFFlSLkG6SfSfHW1MltYvRlSQQ9Agjb2t7EFLgc1o2Wv/A==
bg5h9I+iRtqwtIq2ILLLG9Aj/CiFNk5yRcHAPz20vM5T18dZ7TDlREQoEwR2Pqbn4I1CDLP2v0NpyqQIKYo4KJbTsJ2wX8oCMRvd3wskNFENbYnb3mAf8HUrNiy5NB54+IzPxluO0YcdYF2QU7lFOQ==
bg5h9I+iRtqwtIq2ILLLG9Aj/CiFNk5yRcHAPz20vM5T18dZ7TDlREQoEwR2Pqbn4I1CDLP2v0NpyqQIKYo4KJbTsJ2wX8oCMRvd3wskNFHzGVYdjSYO6y/nBx+0dHdxo1HPUf2DEASdtfkNgLmkZQ==
bg5h9I+iRtqwtIq2ILLLG9Aj/CiFNk5yRcHAPz20vM5T18dZ7TDlREQoEwR2Pqbn4I1CDLP2v0NpyqQIKYo4KJbTsJ2wX8oCMRvd3wskNFG0ENNysVfg3UiEwH7VfWTGTkiL8vcsIkC25lCPpA8azw==
bg5h9I+iRtqwtIq2ILLLG9Aj/CiFNk5yRcHAPz20vM5T18dZ7TDlREQoEwR2Pqbn4I1CDLP2v0NpyqQIKYo4KJbTsJ2wX8oCMRvd3wskNFHlSP2u89Q3nlrZIrREMbsfftO1r1LfchJIrlwFp4soXA==
bg5h9I+iRtqwtIq2ILLLG9Aj/CiFNk5yRcHAPz20vM5T18dZ7TDlREQoEwR2Pqbn4I1CDLP2v0NpyqQIKYo4KJbTsJ2wX8oCMRvd3wskNFHiVyqrOzHxXBvpgyNqOgLXCIiPGHHVeC/MW+JwyqX+jA==
bg5h9I+iRtqwtIq2ILLLG9Aj/CiFNk5yRcHAPz20vM5T18dZ7TDlREQoEwR2Pqbn4I1CDLP2v0NpyqQIKYo4KJbTsJ2wX8oCMRvd3wskNFHDU+/8nEbIlTykBdxqAdcq75rai1l28b6BDXgmD5x1Wg==
bg5h9I+iRtqwtIq2ILLLG9Aj/CiFNk5yRcHAPz20vM5T18dZ7TDlREQoEwR2Pqbn4I1CDLP2v0NpyqQIKYo4KJbTsJ2wX8oCMRvd3wskNFH8UCOwiLRMz+H4hQlXDesBHkpLOu/Pei4EyCEX2EAv2A==
bg5h9I+iRtqwtIq2ILLLG9Aj/CiFNk5yRcHAPz20vM7m3kWfG+szGtIjXVcBOXldlFucXkmECEGEtEv2R2VjXyPfOd9wHnyBcTkuDsuPA3qeoE0zO+F2NAy6riPHG3isMC4x9Osiz9DCnuWA/5N/8w==
bg5h9I+iRtqwtIq2ILLLG9Aj/CiFNk5yRcHAPz20vM7m3kWfG+szGtIjXVcBOXldlFucXkmECEGEtEv2R2VjXyPfOd9wHnyBcTkuDsuPA3rr0iNbYweruobbRKoFAbMtHq5J48SBpJM8E00EPlaWyA==
bg5h9I+iRtqwtIq2ILLLG9Aj/CiFNk5yRcHAPz20vM7m3kWfG+szGtIjXVcBOXldlFucXkmECEGEtEv2R2VjXyPfOd9wHnyBcTkuDsuPA3rFvAp1p/5fYZwl2jsZi066ZjYLZTukC2p6TmTBeWQyxg==
bg5h9I+iRtqwtIq2ILLLG9Aj/CiFNk5yRcHAPz20vM7m3kWfG+szGtIjXVcBOXldlFucXkmECEGEtEv2R2VjXyPfOd9wHnyBcTkuDsuPA3o0ZUeNVOTcUH5koi22Pm1WH+hvp8nO6pbcsY1jmRS1Dg==
bg5h9I+iRtqwtIq2ILLLG9Aj/CiFNk5yRcHAPz20vM7m3kWfG+szGtIjXVcBOXldlFucXkmECEGEtEv2R2VjXyPfOd9wHnyBcTkuDsuPA3oiIGASTWmmejRNfw0W2Ww/fkb0lceWqqUKTDVoOEvCaA==
bg5h9I+iRtqwtIq2ILLLG9Aj/CiFNk5yRcHAPz20vM7m3kWfG+szGtIjXVcBOXldlFucXkmECEGEtEv2R2VjXyPfOd9wHnyBcTkuDsuPA3qawSWhMRC6MoR6Tlh335DqIuXfwF3WdQAw3nieM/i4Yg==
bg5h9I+iRtqwtIq2ILLLG9Aj/CiFNk5yRcHAPz20vM7m3kWfG+szGtIjXVcBOXldlFucXkmECEGEtEv2R2VjXyPfOd9wHnyBcTkuDsuPA3pPKgjX59Y2yP7JGn9MCeqHF0B4AyYXtFVjk4R/JSTeRA==
bg5h9I+iRtqwtIq2ILLLG9Aj/CiFNk5yRcHAPz20vM7m3kWfG+szGtIjXVcBOXldlFucXkmECEGEtEv2R2VjXyPfOd9wHnyBcTkuDsuPA3ryK5kpRc320LpPWPISJvkiPmyf0XuV6IDcbeIhDtxNMA==
bg5h9I+iRtqwtIq2ILLLG9Aj/CiFNk5yRcHAPz20vM7m3kWfG+szGtIjXVcBOXldlFucXkmECEGEtEv2R2VjXyPfOd9wHnyBcTkuDsuPA3oEE4wqLpjhfvjO5lxn2kK+e7ex/PSEU/m875Rf7+kGZw==
bg5h9I+iRtqwtIq2ILLLG9Aj/CiFNk5yRcHAPz20vM7m3kWfG+szGtIjXVcBOXldlFucXkmECEGEtEv2R2VjXyPfOd9wHnyBcTkuDsuPA3p4nq7dUFLmbV01YwLFxhbZA6CLXuhlGEXk59qpyUc3NA==
bg5h9I+iRtqwtIq2ILLLG9Aj/CiFNk5yRcHAPz20vM7m3kWfG+szGtIjXVcBOXldlFucXkmECEGEtEv2R2VjXyPfOd9wHnyBcTkuDsuPA3qFffhSEB9tT5wPF6AOgjmsZ+ItIX2KWzURa0bqT5wQFg==
bg5h9I+iRtqwtIq2ILLLG9Aj/CiFNk5yRcHAPz20vM7m3kWfG+szGtIjXVcBOXldlFucXkmECEGEtEv2R2VjXyPfOd9wHnyBcTkuDsuPA3oHMM2W2GeBiMBO/KxDLB2aWUwKtVb0gM7A/Eriop3oLQ==
bg5h9I+iRtqwtIq2ILLLG9Aj/CiFNk5yRcHAPz20vM7m3kWfG+szGtIjXVcBOXldlFucXkmECEGEtEv2R2VjXyPfOd9wHnyBcTkuDsuPA3ojLiTUyRTR8TjrMvtZ8rJdDjiOr/RehPUnO3nOMW9n/w==
bg5h9I+iRtqwtIq2ILLLG9Aj/CiFNk5yRcHAPz20vM7m3kWfG+szGtIjXVcBOXldlFucXkmECEGEtEv2R2VjXyPfOd9wHnyBcTkuDsuPA3qdtPWWKYNeMESmwxswQGrNNFB90vYx9nFSbynlIlw8FA==
bg5h9I+iRtqwtIq2ILLLG9Aj/CiFNk5yRcHAPz20vM7m3kWfG+szGtIjXVcBOXldQ0OH6+GHn0O1lBGtysKpOvqmcrrp8YQIETyo8gddQcG1L5o9V/vCpe+2Iib4Eoqz
bg5h9I+iRtqwtIq2ILLLG9Aj/CiFNk5yRcHAPz20vM5ryuAJIyA8t13zHcK+JDpQ42svylmgXQgcaOA4HwSfxPvjxLb8TR6KOv6kWgU2NqQSVOOk7anU+49vn8kzwRei3dS6Z56Fie4tP/4YuRmDOWpK23AN+ltsRHVPi8Woq5A=
bg5h9I+iRtqwtIq2ILLLG9Aj/CiFNk5yRcHAPz20vM5ryuAJIyA8t13zHcK+JDpQ42svylmgXQgcaOA4HwSfxPvjxLb8TR6KOv6kWgU2NqSfPGMfbd4ebFPTbBvzjQEKISbXiCiaMI4Gd+mPnhLM1qwc8u4PNCAX/Nz4myrChvo=
bg5h9I+iRtqwtIq2ILLLG9Aj/CiFNk5yRcHAPz20vM5ryuAJIyA8t13zHcK+JDpQ42svylmgXQgcaOA4HwSfxJGJJ8DtjKpNyxtKHMemrKhrxtP7EwNnmwDkEmzm/NqLFOUZGZsgFC600o7VlByZNUikNB7ZqRqsKc0d+D5Hcsg=
bg5h9I+iRtqwtIq2ILLLG9Aj/CiFNk5yRcHAPz20vM5ryuAJIyA8t13zHcK+JDpQ42svylmgXQgcaOA4HwSfxPvjxLb8TR6KOv6kWgU2NqTkOYuaYPtq3NM3WxFDL4zBXjM/bqRl2d7//hmS35rMyrM6mZFNOmNx7QQzpQb0vyc=
bg5h9I+iRtqwtIq2ILLLG9Aj/CiFNk5yRcHAPz20vM5ryuAJIyA8t13zHcK+JDpQ42svylmgXQgcaOA4HwSfxJGJJ8DtjKpNyxtKHMemrKhVYysMGSqAG/TASbdwWpTsXSdQ7cMb0gAvGwMtptu0sQ==
bg5h9I+iRtqwtIq2ILLLG9Aj/CiFNk5yRcHAPz20vM5zPTL4LUDVQ0KdM6/Vt6W4frscKG1U7RbHk6k4KuTnh0Qa/CjZX8a8iSqOCJKsgSqFYmfUsc2+pGfjXi59xJAk5cMJD+jlbmo/VOICYrto72j2RwpUhsejrS58ZPXfxHo=
bg5h9I+iRtqwtIq2ILLLG9Aj/CiFNk5yRcHAPz20vM5ryuAJIyA8t13zHcK+JDpQ42svylmgXQgcaOA4HwSfxJGJJ8DtjKpNyxtKHMemrKgpoFRecJ2sKj24Y4WGyAXJ+CXJ33QdxZHDTLaG15zosM+08GlM8vIcy8y0N6SZDx0=
bg5h9I+iRtqwtIq2ILLLG9Aj/CiFNk5yRcHAPz20vM5ryuAJIyA8t13zHcK+JDpQ42svylmgXQgcaOA4HwSfxOtut79Q6gcWZCNoBTM4N6BlyzCi1snmho+t+4euz/28MEa0oPO2EvKuCswQU+6/CEF0TUoJ+OLvoRd+80n9Ex0=
bg5h9I+iRtqwtIq2ILLLG9Aj/CiFNk5yRcHAPz20vM5ryuAJIyA8t13zHcK+JDpQ42svylmgXQgcaOA4HwSfxJGJJ8DtjKpNyxtKHMemrKitMI+NRb0zv+E4SlKp3WQMduqc24Vur8rQ4kZczKBDK3Q/ZfHf2zgfyd9np2vKGLs=
bg5h9I+iRtqwtIq2ILLLG9Aj/CiFNk5yRcHAPz20vM5ryuAJIyA8t13zHcK+JDpQ42svylmgXQgcaOA4HwSfxOtut79Q6gcWZCNoBTM4N6BlOjA5mv/DQXVtUeR15t1PyfW5BQCQRKKj1PNXqQp7rgOtVXbtpha3vDZMwvkh90o=
bg5h9I+iRtqwtIq2ILLLG9Aj/CiFNk5yRcHAPz20vM5ryuAJIyA8t13zHcK+JDpQ42svylmgXQgcaOA4HwSfxPvjxLb8TR6KOv6kWgU2NqS1kAMHjtAbhUdGC06a7x+gxru3z+z/UriIH/E7k8V+oFe3CjTgix/AhnUlaSHk+bc=
bg5h9I+iRtqwtIq2ILLLG9Aj/CiFNk5yRcHAPz20vM5ryuAJIyA8t13zHcK+JDpQ42svylmgXQgcaOA4HwSfxOtut79Q6gcWZCNoBTM4N6AIObORYF1eSFr6GsivqUE8xcL63oVHIbzD8cz8vahbAqc+sg38jcE60E4UdnObOmI=
bg5h9I+iRtqwtIq2ILLLG9Aj/CiFNk5yRcHAPz20vM4Fnz9BGjuFfAkRNxXDyd4TKYYx/nw84t9/Yo0E6kttSalpvh04D2gGm0okon2lju17hn1zu0QcJ8iWv3MrjxbB2MM6EE23J/AnmEw80Wr2qDH1vPawBtMLaJ9d3QDttTc=
bg5h9I+iRtqwtIq2ILLLG9Aj/CiFNk5yRcHAPz20vM4Fnz9BGjuFfAkRNxXDyd4TKYYx/nw84t9/Yo0E6kttSVvqY+V49fQ7Ge06El38EMC4xZg8EWxlrISdfFcHwdwmK9k6oZewI9ztUjNyCuLK4PLf0jY6RZ3Bqpr/1cDi+AY=
bg5h9I+iRtqwtIq2ILLLG9Aj/CiFNk5yRcHAPz20vM4Fnz9BGjuFfAkRNxXDyd4TKYYx/nw84t9/Yo0E6kttSalpvh04D2gGm0okon2lju2T8JqsXx4X+oqMSBNqvXPoVPaZ6kpgl34OwqryDn82Wg==
bg5h9I+iRtqwtIq2ILLLG9Aj/CiFNk5yRcHAPz20vM4Fnz9BGjuFfAkRNxXDyd4TKYYx/nw84t9/Yo0E6kttSQL8X0CKHY31hl98/gEviF7bTE2MYVNkKmlxpcFqHL2fo9eLPGMe9/62i0FK5/zB4GwvzaPvDl2qw3nahGS6Rgg=
bg5h9I+iRtqwtIq2ILLLG9Aj/CiFNk5yRcHAPz20vM4Fnz9BGjuFfAkRNxXDyd4TKYYx/nw84t9/Yo0E6kttSQL8X0CKHY31hl98/gEviF6XvDqEch7v+NFhzy0wZfQlnGuELhBMvJ+kRda+155pBAbig+HXnRq7bnAMcOe/1L4=
bg5h9I+iRtqwtIq2ILLLG9Aj/CiFNk5yRcHAPz20vM4Fnz9BGjuFfAkRNxXDyd4TKYYx/nw84t9/Yo0E6kttSalpvh04D2gGm0okon2lju0TEXNKBz8Wyp6LRQo1/KhBTvFiKGEPvb1ga8jbffa1DeVGFOWXUGf5olpNgu8gPQw=
bg5h9I+iRtqwtIq2ILLLG9Aj/CiFNk5yRcHAPz20vM4Fnz9BGjuFfAkRNxXDyd4TKYYx/nw84t9/Yo0E6kttSQL8X0CKHY31hl98/gEviF5XPE29GgQspz+jNq0AX3X2faNHkhc5m+38H6khqjEMCMwdYQpqJRsXUA360A9tG44=
bg5h9I+iRtqwtIq2ILLLG9Aj/CiFNk5yRcHAPz20vM4Fnz9BGjuFfAkRNxXDyd4TKYYx/nw84t9/Yo0E6kttSVvqY+V49fQ7Ge06El38EMAsDqkpMWyHBYzPERz4bygiE/hcmlvbCF6p9R0TllPJHDPs6/UYJHaDyn+fDvH6iwM=
bg5h9I+iRtqwtIq2ILLLG9Aj/CiFNk5yRcHAPz20vM4Fnz9BGjuFfAkRNxXDyd4TKYYx/nw84t9/Yo0E6kttSalpvh04D2gGm0okon2lju18B/audS9pGGDChshPJ6JNX7WWM+z74kseZ87LFKsb4dQkYGXmzthslpzImHSkU6c=
bg5h9I+iRtqwtIq2ILLLG9Aj/CiFNk5yRcHAPz20vM4Fnz9BGjuFfAkRNxXDyd4TKYYx/nw84t9/Yo0E6kttSalpvh04D2gGm0okon2lju0p0vz2mbtpzjn2g3hQ+63h1EJUD3mc6ewTqoGUQy+uSQaFTbt4pzAqSQgHI7pUE8o=
bg5h9I+iRtqwtIq2ILLLG9Aj/CiFNk5yRcHAPz20vM4Fnz9BGjuFfAkRNxXDyd4TKYYx/nw84t9/Yo0E6kttSVvqY+V49fQ7Ge06El38EMCbL2O+fydCmIKSn4InbZejEtJI9ZsUZ57Wyfo1MzM8Rwtovakv2FmYhJlkdapHqG8=
bg5h9I+iRtqwtIq2ILLLG9Aj/CiFNk5yRcHAPz20vM4Fnz9BGjuFfAkRNxXDyd4TKYYx/nw84t9/Yo0E6kttSQL8X0CKHY31hl98/gEviF4whVcyFMLZ6PZEnhcgbRD1X3tyCh3MunbfiQw8odIrAcgviS3VbicPBG6SC7QaIJ0=
bg5h9I+iRtqwtIq2ILLLG9Aj/CiFNk5yRcHAPz20vM4Fnz9BGjuFfAkRNxXDyd4TKYYx/nw84t9/Yo0E6kttSVvqY+V49fQ7Ge06El38EMC2U/rX4OAvdinF7zaaV2p5WS4462jIUHZhO2b4h6lWL7cKBcDYG6cAoRTRC2fNSdE=
bg5h9I+iRtqwtIq2ILLLG9Aj/CiFNk5yRcHAPz20vM4Fnz9BGjuFfAkRNxXDyd4TKYYx/nw84t9/Yo0E6kttSVvqY+V49fQ7Ge06El38EMAgdhtOBbu8arZKNkjEzG5zqpK7wwzjm9UwkAvney3iFn7CJ/YsCUQQYsAFTpA6tfI=
bg5h9I+iRtqwtIq2ILLLG9Aj/CiFNk5yRcHAPz20vM4Fnz9BGjuFfAkRNxXDyd4TKYYx/nw84t9/Yo0E6kttSalpvh04D2gGm0okon2lju2nJY5a3jZhg9m2FLiggltA5TcwKRTvgvbZlOBmKp9/On52MKhHYyQKmHnqA1lBNIw=
bg5h9I+iRtqwtIq2ILLLG9Aj/CiFNk5yRcHAPz20vM4Fnz9BGjuFfAkRNxXDyd4TKYYx/nw84t9/Yo0E6kttSalpvh04D2gGm0okon2lju0KoEOWHctLACvI00Kv65fiuA0Q1FNUrVXwqtM+A0LU8rEuPYf7mBb4ZmTwNVyohao=
bg5h9I+iRtqwtIq2ILLLG9Aj/CiFNk5yRcHAPz20vM4Fnz9BGjuFfAkRNxXDyd4TKYYx/nw84t9/Yo0E6kttSalpvh04D2gGm0okon2lju2uhwY9hxbNbr12oSyGgyil7qOElqPqHSo4Dovqje8B9W4a+mAhUZSee8CvmrON3Rg=
bg5h9I+iRtqwtIq2ILLLG9Aj/CiFNk5yRcHAPz20vM4Fnz9BGjuFfAkRNxXDyd4TKYYx/nw84t9/Yo0E6kttSQL8X0CKHY31hl98/gEviF4/esa0cPR7m6TgPnU6btDUVP7W9F3qQKuGyhRvB1WPkdVnCBqWhAGH6CJE2o/bGDY=
bg5h9I+iRtqwtIq2ILLLG9Aj/CiFNk5yRcHAPz20vM5vqUQA2cg/T2Sxi7/epI5hEcqraL3NAiDVjqxzsJ8WECvMF7j5xs0Ia4FsFY6LIPuA9GdZwJdrjdWVHvRiSPYDcdsshXtHi9kZmrXDGNGhGe62fH0o4G123AUwGW9+kEU=
bg5h9I+iRtqwtIq2ILLLG9Aj/CiFNk5yRcHAPz20vM6Uv6ms5qlynWxTOqpxLo3rrKfR9DqNbmZsaQW0hj/xga8ckjclGIv9oYSU0S77C7HvChotaNiBwHHsq6MXiNtRa8NhBIEzzOyaLsmvg9+aszVuhXZhpAzN4GY2dVtZmjU=
bg5h9I+iRtqwtIq2ILLLG9Aj/CiFNk5yRcHAPz20vM6Uv6ms5qlynWxTOqpxLo3rrKfR9DqNbmZsaQW0hj/xgc1rasowkw2mZhKe6sgh0503x54TrAEuzWCsenxpo/lfAs49e2MKLAQ7MsgXo6q0qgoCBFt4eQ9T3HmfQaExur8=
bg5h9I+iRtqwtIq2ILLLG9Aj/CiFNk5yRcHAPz20vM6Uv6ms5qlynWxTOqpxLo3rrKfR9DqNbmZsaQW0hj/xgb16zMPcBzRKZ4ImjeUUorgZYtyQ5bgjM2m2s+Gg17VFSyVjrtoOBmyf2U/iA2fOxBIN84lEl7zIuSM9/+wtvkI=
bg5h9I+iRtqwtIq2ILLLG9Aj/CiFNk5yRcHAPz20vM6Uv6ms5qlynWxTOqpxLo3rrKfR9DqNbmZsaQW0hj/xgb16zMPcBzRKZ4ImjeUUorjC3EaUpAuWwufKrpcq2Da65CoY5KSRKeoufFLzhsV0h69PE9S6MRg5duX7b/3tbic=
bg5h9I+iRtqwtIq2ILLLG9Aj/CiFNk5yRcHAPz20vM6Uv6ms5qlynWxTOqpxLo3rrKfR9DqNbmZsaQW0hj/xgc1rasowkw2mZhKe6sgh052FV/TM22YLTw1cZmRyfTt17EUpxvl4ZWToaioQxDmTmZEOac02txgc8VV7NMLzAxE=
bg5h9I+iRtqwtIq2ILLLG9Aj/CiFNk5yRcHAPz20vM6Uv6ms5qlynWxTOqpxLo3rrKfR9DqNbmZsaQW0hj/xgb16zMPcBzRKZ4ImjeUUorj/hOAUc09pHq9g23Jl7bUAs1xlkucs+ndAGuhtIAJV+pXV6bo5IITS2iX09qaCZSo=
bg5h9I+iRtqwtIq2ILLLG9Aj/CiFNk5yRcHAPz20vM6Uv6ms5qlynWxTOqpxLo3rrKfR9DqNbmZsaQW0hj/xgc1rasowkw2mZhKe6sgh053EX8herN4cEy/Ou2+S5u5U4mq0msywhnmzS3D7zXtXyQ==
bg5h9I+iRtqwtIq2ILLLG9Aj/CiFNk5yRcHAPz20vM6Uv6ms5qlynWxTOqpxLo3rrKfR9DqNbmZsaQW0hj/xgb16zMPcBzRKZ4ImjeUUorjlz4LTxIzIe7DzwHE63nDtoE4Pb/MPZWfKuBvsbH3WP9V1Oqi3u+gG+Yaptth3vgU=
bg5h9I+iRtqwtIq2ILLLG9Aj/CiFNk5yRcHAPz20vM6Uv6ms5qlynWxTOqpxLo3rrKfR9DqNbmZsaQW0hj/xga8ckjclGIv9oYSU0S77C7GBro8h6HlayHfOqHexOyp/hNswRX5LJTeQuz0XQz1FfPqDViykamh90KQ8p8O8o1o=
bg5h9I+iRtqwtIq2ILLLG9Aj/CiFNk5yRcHAPz20vM6Uv6ms5qlynWxTOqpxLo3rrKfR9DqNbmZsaQW0hj/xgc1rasowkw2mZhKe6sgh0538xZcbH7cihKBnpfiKSMkp0QP7FbEAnrZGJQJvPRH9Wm8IOh+tJ1DD/37deUVXzek=
bg5h9I+iRtqwtIq2ILLLG9Aj/CiFNk5yRcHAPz20vM6Uv6ms5qlynWxTOqpxLo3rrKfR9DqNbmZsaQW0hj/xgc1rasowkw2mZhKe6sgh053K+iaA4yJyhDsT/Z9Q+KuYSTQQn3Xdq7ElyB5cqkN+ZA==
bg5h9I+iRtqwtIq2ILLLG9Aj/CiFNk5yRcHAPz20vM6Uv6ms5qlynWxTOqpxLo3rrKfR9DqNbmZsaQW0hj/xga8ckjclGIv9oYSU0S77C7H8aw7Al52u/xEjaUx5F/R37SeMlAJ0n7emdmG0GnRdiddvTwNrxHcWZMsHiJHkRN8=
bg5h9I+iRtqwtIq2ILLLG9Aj/CiFNk5yRcHAPz20vM7iHZE27+JR4bJk7sXF5ZylDs2NiiruJd9opkjA3MrNF6va2s06x8P/g/vYDnn73gegEUXbrt5A0jFZRXA2kQmmt4ad687spaApU7eZkYZ/rWAJVALP6SgeKa9tHSFksw8=
bg5h9I+iRtqwtIq2ILLLG9Aj/CiFNk5yRcHAPz20vM6Uv6ms5qlynWxTOqpxLo3rrKfR9DqNbmZsaQW0hj/xgc1rasowkw2mZhKe6sgh053rElhgy42IQZs7XJjP7pZDPQbfLkHgQfBAOpky6p1vxfjJSULmpkmgrZiHSlKkwYM=
bg5h9I+iRtqwtIq2ILLLG9Aj/CiFNk5yRcHAPz20vM6Uv6ms5qlynWxTOqpxLo3rrKfR9DqNbmZsaQW0hj/xgb16zMPcBzRKZ4ImjeUUoriU5vKecxcyzF/P5IrBuOrHchfe07jrQhG/HqpU17OvO2PM3ZcveOcLB3Qee3vBgQk=
bg5h9I+iRtqwtIq2ILLLG9Aj/CiFNk5yRcHAPz20vM6Uv6ms5qlynWxTOqpxLo3rrKfR9DqNbmZsaQW0hj/xgb16zMPcBzRKZ4ImjeUUorjx41dI8MiZfr0CoujmwS4It82rVvy+1ibmoMjbrVS6iC4lpdVr3SYLLr6f79PLCH0=
bg5h9I+iRtqwtIq2ILLLG9Aj/CiFNk5yRcHAPz20vM6Uv6ms5qlynWxTOqpxLo3rrKfR9DqNbmZsaQW0hj/xgc1rasowkw2mZhKe6sgh050kmwI+MwacxmXirMBzqdAj8mJOU5YIZG0wu5ZqtYAHFw==
bg5h9I+iRtqwtIq2ILLLG9Aj/CiFNk5yRcHAPz20vM6Uv6ms5qlynWxTOqpxLo3rrKfR9DqNbmZsaQW0hj/xgc1rasowkw2mZhKe6sgh0514kXUFTv8fCN+RYFWAwUdnmhFZIryfpuqYNAPRjua1EQ==
bg5h9I+iRtqwtIq2ILLLG9Aj/CiFNk5yRcHAPz20vM5zPTL4LUDVQ0KdM6/Vt6W4frscKG1U7RbHk6k4KuTnh0Qa/CjZX8a8iSqOCJKsgSphlenCfUbaA8lGa02dirWEwIla5ceZj1TDCSXxXasvdeuP8ILsh/rmoTeoENpDLpw=
bg5h9I+iRtqwtIq2ILLLG9Aj/CiFNk5yRcHAPz20vM5zPTL4LUDVQ0KdM6/Vt6W4frscKG1U7RbHk6k4KuTnhwP4pjVkQDCtdyLdDpus+G0bwHISbmcP/+uDaD/bsqqk8wQX+Zc3uU3E3kB3lIXoIH4Lgf3isbUHPro3OQk9vs0=
bg5h9I+iRtqwtIq2ILLLG9Aj/CiFNk5yRcHAPz20vM5zPTL4LUDVQ0KdM6/Vt6W4frscKG1U7RbHk6k4KuTnh0Qa/CjZX8a8iSqOCJKsgSpTFqraDpDBBwnYjJwQ/5l9kFRpgNA3TJ5TXuaTSO2LiHdmz1f1YqxpuAELYGWzQDg=
bg5h9I+iRtqwtIq2ILLLG9Aj/CiFNk5yRcHAPz20vM5zPTL4LUDVQ0KdM6/Vt6W4frscKG1U7RbHk6k4KuTnh0Qa/CjZX8a8iSqOCJKsgSqmWTlWVelRGBnxTylur5/Jd3l4FqmxkDLLMxH8+fCpgMRq9k8liUQQyabo+LUV+ow=
bg5h9I+iRtqwtIq2ILLLG9Aj/CiFNk5yRcHAPz20vM5ryuAJIyA8t13zHcK+JDpQ42svylmgXQgcaOA4HwSfxOtut79Q6gcWZCNoBTM4N6Bo67CRgKz3zpqtlhMquCjwEtJKWYTywnjgRWOvkTX08jVGr7mAfL48TZKlzPRsUeo=
bg5h9I+iRtqwtIq2ILLLG9Aj/CiFNk5yRcHAPz20vM5zPTL4LUDVQ0KdM6/Vt6W4frscKG1U7RbHk6k4KuTnh0Qa/CjZX8a8iSqOCJKsgSra8H9f2H2jq7yxYwAGwsUiGwgaCNrtOY4juBwBbE6YhVYv09MFijxNZjjrLqgAjic=
bg5h9I+iRtqwtIq2ILLLG9Aj/CiFNk5yRcHAPz20vM5zPTL4LUDVQ0KdM6/Vt6W4frscKG1U7RbHk6k4KuTnh0Qa/CjZX8a8iSqOCJKsgSrGC5sm/jbIjI2pS8nKTZW0GRP3yLMJDgwLlPLzu/+rJszaMQtD2aIcMIOXFdPaGn4=
bg5h9I+iRtqwtIq2ILLLG9Aj/CiFNk5yRcHAPz20vM5zPTL4LUDVQ0KdM6/Vt6W4frscKG1U7RbHk6k4KuTnhwP4pjVkQDCtdyLdDpus+G1lEe90xxwRibm7/lLJ+8pxdIobvs1pMnxFpnqa8FioSfAmAdUZOPbJSme35AIkCoA=
bg5h9I+iRtqwtIq2ILLLG9Aj/CiFNk5yRcHAPz20vM5zPTL4LUDVQ0KdM6/Vt6W4frscKG1U7RbHk6k4KuTnhwP4pjVkQDCtdyLdDpus+G3OZMOBD3yl/H49Hg1h24z+cq5spWnolEHQMSMCzXu3urU2nB+o4I/iFLtkxsGTUGQ=
bg5h9I+iRtqwtIq2ILLLG9Aj/CiFNk5yRcHAPz20vM5zPTL4LUDVQ0KdM6/Vt6W4frscKG1U7RbHk6k4KuTnh0Qa/CjZX8a8iSqOCJKsgSqj4pmd2ZhkckokDTRc+rtgDfmJmgz+cbJqA1iMPOxDuBknuRBLlOqR7s9QZQ2x+YU=
bg5h9I+iRtqwtIq2ILLLG9Aj/CiFNk5yRcHAPz20vM5zPTL4LUDVQ0KdM6/Vt6W4frscKG1U7RbHk6k4KuTnhwP4pjVkQDCtdyLdDpus+G2dhFNIgbS3WOHBcR9VqkAmrbHQANSac8xecssOAdwOUIGmI2QNngdA1p9jNUVwCn4=
bg5h9I+iRtqwtIq2ILLLG9Aj/CiFNk5yRcHAPz20vM5zPTL4LUDVQ0KdM6/Vt6W4frscKG1U7RbHk6k4KuTnhxqTLbcwvthZJHZfGY0Qfm8foRpLUHc5pjoUNm+5GDja1Nvtu+AVNZLf2AEQe+nsmM67ALv1RI90Ont2awkeHTU=
bg5h9I+iRtqwtIq2ILLLG9Aj/CiFNk5yRcHAPz20vM5zPTL4LUDVQ0KdM6/Vt6W4frscKG1U7RbHk6k4KuTnhxqTLbcwvthZJHZfGY0Qfm8v7zxQW98+4H9IegUJTwpcYLNxjmXefvBebqxar8NBUbdFyGiTV7XnPAifEEZ0XnU=
bg5h9I+iRtqwtIq2ILLLG9Aj/CiFNk5yRcHAPz20vM5zPTL4LUDVQ0KdM6/Vt6W4frscKG1U7RbHk6k4KuTnhxqTLbcwvthZJHZfGY0Qfm+ZbBl9qQyDkCHDZRSZ4DNv+h0ogTVbYjupqvWRhTZmKOKxcLByoZ8Uw95mh7VWlEs=
bg5h9I+iRtqwtIq2ILLLG9Aj/CiFNk5yRcHAPz20vM5zPTL4LUDVQ0KdM6/Vt6W4frscKG1U7RbHk6k4KuTnh0Qa/CjZX8a8iSqOCJKsgSqwgdl0U2aVKchGT2HCrZrHQ1I50VE5ahpEGU8RNAxKea0LARyqgKR7wplTHR6xJxc=
bg5h9I+iRtqwtIq2ILLLG9Aj/CiFNk5yRcHAPz20vM5zPTL4LUDVQ0KdM6/Vt6W4frscKG1U7RbHk6k4KuTnh0Qa/CjZX8a8iSqOCJKsgSoxdcX4XnJObM34loCbgH4ALD4zXNbXhlFVi72PtYdxl+vwWmMRy2mNr+gxQKMoLSE=
bg5h9I+iRtqwtIq2ILLLG9Aj/CiFNk5yRcHAPz20vM5zPTL4LUDVQ0KdM6/Vt6W4frscKG1U7RbHk6k4KuTnhwP4pjVkQDCtdyLdDpus+G0PlSiNjScb9NQtkjngAAItTiNkLHXkgOgQcJF0G1EnGvoTvHEnMuUdwzUX8zyDgtM=
bg5h9I+iRtqwtIq2ILLLG9Aj/CiFNk5yRcHAPz20vM5vqUQA2cg/T2Sxi7/epI5hEcqraL3NAiDVjqxzsJ8WECvMF7j5xs0Ia4FsFY6LIPtZiCGroPlrEOceLY6IJ2nTuYgx16+VlQC3Z+9+MPRYlH+L8sNpLYr6jkUughFOGVs=
bg5h9I+iRtqwtIq2ILLLG9Aj/CiFNk5yRcHAPz20vM5vqUQA2cg/T2Sxi7/epI5hEcqraL3NAiDVjqxzsJ8WECcZDCkjsKAbEQHL7/ujSOZflOlLqo1CenzzLnlJknqG7gVOlwZkkVFgbehJWSZePlNW6GnxAliISLw70cKffX0=
bg5h9I+iRtqwtIq2ILLLG9Aj/CiFNk5yRcHAPz20vM5vqUQA2cg/T2Sxi7/epI5hEcqraL3NAiDVjqxzsJ8WECvMF7j5xs0Ia4FsFY6LIPthGLGB4+1Sjt/kGyJ77hTdTgxqC1Ql8I8KyT3/BG6p5g==
bg5h9I+iRtqwtIq2ILLLG9Aj/CiFNk5yRcHAPz20vM5vqUQA2cg/T2Sxi7/epI5hEcqraL3NAiDVjqxzsJ8WECvMF7j5xs0Ia4FsFY6LIPvT71CDp+ltozrGUF2desDfo3d8d1JPl7pNBuH9KlwtrKu6nr6u5Iu8CsQMlNAVn9Q=
bg5h9I+iRtqwtIq2ILLLG9Aj/CiFNk5yRcHAPz20vM5vqUQA2cg/T2Sxi7/epI5hEcqraL3NAiDVjqxzsJ8WEBsnno2imKYduZL6KQXc6XB4onn9Ct9zV/FjS+0DfbihoxgrcwHUfyPoJE095+mY4mOlOtfF2fmwJuPbBeqPKFA=
bg5h9I+iRtqwtIq2ILLLG9Aj/CiFNk5yRcHAPz20vM5vqUQA2cg/T2Sxi7/epI5hEcqraL3NAiDVjqxzsJ8WECvMF7j5xs0Ia4FsFY6LIPtXOyMnL0rcgZidZInRqxJ35Ay+SF/Ru1YGrKqK9wq8JA==
bg5h9I+iRtqwtIq2ILLLG9Aj/CiFNk5yRcHAPz20vM5vqUQA2cg/T2Sxi7/epI5hEcqraL3NAiDVjqxzsJ8WECvMF7j5xs0Ia4FsFY6LIPvCDdCfqk8SO4DEAOszijWWzeGhKfvouQZdhq4qckjh/vy1rYsJ98UK/KHGJNO8YcQ=
bg5h9I+iRtqwtIq2ILLLG9Aj/CiFNk5yRcHAPz20vM5vqUQA2cg/T2Sxi7/epI5hEcqraL3NAiDVjqxzsJ8WECvMF7j5xs0Ia4FsFY6LIPsSsll+NgEktKnHOrtFZjah3HoeZnkmQPYvYbK9ru3on6cwqVwWYew2SdSH2c9ll68=
bg5h9I+iRtqwtIq2ILLLG9Aj/CiFNk5yRcHAPz20vM5vqUQA2cg/T2Sxi7/epI5hEcqraL3NAiDVjqxzsJ8WECvMF7j5xs0Ia4FsFY6LIPtOJbG9VAFw6QnyUybTV13lXy+XRIiuxssJufFoZe9OZAr15YOR09mU4M/uFB7laiI=
bg5h9I+iRtqwtIq2ILLLG9Aj/CiFNk5yRcHAPz20vM6AqD6SwDa6bLmJBUYxOlOVgyvzVYUCcQC4ehB8vZ2Qq7uhWcfl3qrKVYnnQz+lYX3OMoYI0ktw6Jt/lbI77WEKcQSIBqTmXf3ywWJ6L1jj5P0xWtwU2l+8zS/fqwD8es4=
bg5h9I+iRtqwtIq2ILLLG9Aj/CiFNk5yRcHAPz20vM6AqD6SwDa6bLmJBUYxOlOVgyvzVYUCcQC4ehB8vZ2Qq7uhWcfl3qrKVYnnQz+lYX3gnYAFW00McXW1JiAHMh7UGpS2bf2smSE5sYgETDFMb9ELmln7V07Uozy1spfRw1s=
bg5h9I+iRtqwtIq2ILLLG9Aj/CiFNk5yRcHAPz20vM6AqD6SwDa6bLmJBUYxOlOVgyvzVYUCcQC4ehB8vZ2Qq7uhWcfl3qrKVYnnQz+lYX2PamqI+hOZILKrpl4UXzPadFhCssg+qbwHkt9+LLlVWF1XGiOQ6EHpbDqnnsq4d1s=
bg5h9I+iRtqwtIq2ILLLG9Aj/CiFNk5yRcHAPz20vM6AqD6SwDa6bLmJBUYxOlOVgyvzVYUCcQC4ehB8vZ2Qq5pW6Yi1+xeIUFYXUu94TNi2S5T5XXlfb6VOS8tXbfDlMxtOEa2tpob1zWBEFfQQlA==
bg5h9I+iRtqwtIq2ILLLG9Aj/CiFNk5yRcHAPz20vM6AqD6SwDa6bLmJBUYxOlOVgyvzVYUCcQC4ehB8vZ2Qq+kucn8SyIdfNLVwRPk8LUW+Mz2McAECPQyYGU+AfbCc6Ocjuh7OK+8PXoY+/QrLwQ==
bg5h9I+iRtqwtIq2ILLLG9Aj/CiFNk5yRcHAPz20vM6AqD6SwDa6bLmJBUYxOlOVgyvzVYUCcQC4ehB8vZ2Qq+kucn8SyIdfNLVwRPk8LUVlsrbFArZpGYa8hoh7VjfEi0OfQuDXCCSOcTZRPnI1Kp/8HDcGTVOGIPFR3kidiPc=
bg5h9I+iRtqwtIq2ILLLG9Aj/CiFNk5yRcHAPz20vM6AqD6SwDa6bLmJBUYxOlOVgyvzVYUCcQC4ehB8vZ2Qq5pW6Yi1+xeIUFYXUu94TNiGluKma5d5a9Zpe29/j/Vf8CtPEYTmOKfQJF5nl2cbYZX3Cz9Ac3EqKFrUBurPXdE=
bg5h9I+iRtqwtIq2ILLLG9Aj/CiFNk5yRcHAPz20vM6AqD6SwDa6bLmJBUYxOlOVgyvzVYUCcQC4ehB8vZ2Qq+kucn8SyIdfNLVwRPk8LUXkq77hgEFOBcYMaNnEAt896ljVP+zSOvG9c6Xqb7xOmh/nIvw1tWI+sA8boUmdgaQ=
bg5h9I+iRtqwtIq2ILLLG9Aj/CiFNk5yRcHAPz20vM6AqD6SwDa6bLmJBUYxOlOVgyvzVYUCcQC4ehB8vZ2Qq5pW6Yi1+xeIUFYXUu94TNhrWRpOyWxYNJVVEF9OtGKh5if5m5q0KZdg2f1ISh3EbQ==
bg5h9I+iRtqwtIq2ILLLG9Aj/CiFNk5yRcHAPz20vM6AqD6SwDa6bLmJBUYxOlOVgyvzVYUCcQC4ehB8vZ2Qq5pW6Yi1+xeIUFYXUu94TNha6cZ7RskM6l8dvzeMK0W09Jv5rVJNuPag8CKcH1CP5w==
bg5h9I+iRtqwtIq2ILLLG9Aj/CiFNk5yRcHAPz20vM6AqD6SwDa6bLmJBUYxOlOVgyvzVYUCcQC4ehB8vZ2Qq+kucn8SyIdfNLVwRPk8LUWUSbrNq6YqjRRMHqAoD3B6gnwh+WsfNnknatxX02kRDX5WV5l4Gy6rGY/U1j54b8U=
bg5h9I+iRtqwtIq2ILLLG9Aj/CiFNk5yRcHAPz20vM6AqD6SwDa6bLmJBUYxOlOVgyvzVYUCcQC4ehB8vZ2Qq+kucn8SyIdfNLVwRPk8LUXcAjG3qDkxeP7JDyXAFcZnmVqT9MBLHXLaVSCZcVH4NA==
bg5h9I+iRtqwtIq2ILLLG9Aj/CiFNk5yRcHAPz20vM6AqD6SwDa6bLmJBUYxOlOVgyvzVYUCcQC4ehB8vZ2Qq7uhWcfl3qrKVYnnQz+lYX29/NNkvr05MUUvbIhZQhLu+sBSY3UUBu5QCeRV0ZrEY80sCq0iiTQYanA5nVgIdjk=
bg5h9I+iRtqwtIq2ILLLG9Aj/CiFNk5yRcHAPz20vM6AqD6SwDa6bLmJBUYxOlOVgyvzVYUCcQC4ehB8vZ2Qq+kucn8SyIdfNLVwRPk8LUUwJNo7wrRUy6Neo9E4n7KFuRC+6E18Rta6+icey6hWEo28zzAH+6IyLx8tnvBPzDs=
bg5h9I+iRtqwtIq2ILLLG9Aj/CiFNk5yRcHAPz20vM6AqD6SwDa6bLmJBUYxOlOVgyvzVYUCcQC4ehB8vZ2Qq5pW6Yi1+xeIUFYXUu94TNgYJsPolunHoFblMLaId9v0+09WCUo86iunE7krw8Gl6cvjJbaO/eKVP4b+UGxFvnE=
bg5h9I+iRtqwtIq2ILLLG9Aj/CiFNk5yRcHAPz20vM4aWJKpJGR7irOuN4FVH1HE3BZVxjghGLx5PpfiE0JfIlkdciwgjrOXdYehHrJAvMXREMyZ11eTgemIdNayMCGj16bPIsXitGegqftU9oxikgIQG/IM8TcqVbTsgEK5WlA=
bg5h9I+iRtqwtIq2ILLLG9Aj/CiFNk5yRcHAPz20vM4aWJKpJGR7irOuN4FVH1HE3BZVxjghGLx5PpfiE0JfIpuS+6fBAxDOnhM23COV4RfLHMwoz42s4mfbB4t2GMt7v4NY2HK8dEDA+ZX4Uhg1YjI84gyKr7pRuIwVh5ZcqFk=
bg5h9I+iRtqwtIq2ILLLG9Aj/CiFNk5yRcHAPz20vM4aWJKpJGR7irOuN4FVH1HE3BZVxjghGLx5PpfiE0JfIlkdciwgjrOXdYehHrJAvMXL99fLw1fgDZpJBaFwAv8ifgHSYi0+igs+ANsICIgK4jtd0FkpBQm0kSteuGzHXK8=
bg5h9I+iRtqwtIq2ILLLG9Aj/CiFNk5yRcHAPz20vM4aWJKpJGR7irOuN4FVH1HE3BZVxjghGLx5PpfiE0JfIlkdciwgjrOXdYehHrJAvMU6pdakhMLk4W3GTmvcJs16MIIFgjrga3b0r0SCNcC+u85kyaK7+Ofpv8pueaOsWkc=
bg5h9I+iRtqwtIq2ILLLG9Aj/CiFNk5yRcHAPz20vM4aWJKpJGR7irOuN4FVH1HE3BZVxjghGLx5PpfiE0JfIpuS+6fBAxDOnhM23COV4RfkOiINoBPBmxYiZ6ezu1FRJWaxTkTv27iD2LtcJ//PsBLvWqZ4GdhLNNIyVeuGDk0=
bg5h9I+iRtqwtIq2ILLLG9Aj/CiFNk5yRcHAPz20vM4aWJKpJGR7irOuN4FVH1HE3BZVxjghGLx5PpfiE0JfIlkdciwgjrOXdYehHrJAvMVDVFt0iXUeGvRoTMPqSwMS/A9hHctjU+XA5BCKs/9euL3pVIyNNTWKpG1woed7oyM=
bg5h9I+iRtqwtIq2ILLLG9Aj/CiFNk5yRcHAPz20vM4aWJKpJGR7irOuN4FVH1HE3BZVxjghGLx5PpfiE0JfIlkdciwgjrOXdYehHrJAvMXTjGlSTG+rWZeKnFIqrk+9BH4JUu4Qd4QJajqZ+GOPjPQivOXut5SL+EIo0N45pfI=
bg5h9I+iRtqwtIq2ILLLG9Aj/CiFNk5yRcHAPz20vM4aWJKpJGR7irOuN4FVH1HE3BZVxjghGLx5PpfiE0JfIm4z0X54SiepWSYLSJvkcn0Z4dhOrWyVztwkC+bg7I4tYQMMx+hyYayBaRZ/tcfDc5otlbD38G0tQ3OKoCmbivY=
bg5h9I+iRtqwtIq2ILLLG9Aj/CiFNk5yRcHAPz20vM4aWJKpJGR7irOuN4FVH1HE3BZVxjghGLx5PpfiE0JfIlkdciwgjrOXdYehHrJAvMUfob0U+TpK8Szi9W8orLJlH1Dz9KaQu2VwGjNYmSWVYvGVUzu7dJr3F0yMgRTwLN4=
bg5h9I+iRtqwtIq2ILLLG9Aj/CiFNk5yRcHAPz20vM4aWJKpJGR7irOuN4FVH1HE3BZVxjghGLx5PpfiE0JfIpuS+6fBAxDOnhM23COV4RdWlOqhfuEOwMzvTfXHTQ/aK/0tHQuw8ZJLpUPRJxq4spINU62IQFQMb0l8wUyRw+0=
bg5h9I+iRtqwtIq2ILLLG9Aj/CiFNk5yRcHAPz20vM4aWJKpJGR7irOuN4FVH1HE3BZVxjghGLx5PpfiE0JfIlkdciwgjrOXdYehHrJAvMVijk8BX0wFAjVIdEGq/bRRIh3NKmJNHgZGkTQtUha2IQ==
bg5h9I+iRtqwtIq2ILLLG9Aj/CiFNk5yRcHAPz20vM4aWJKpJGR7irOuN4FVH1HE3BZVxjghGLx5PpfiE0JfIpuS+6fBAxDOnhM23COV4Rc27aD43dhI8Q2yrsI03lT/3CIX48l9oyvErsz2SKR4Nrx+RLx3WLB92Z71RSwx9dA=
bg5h9I+iRtqwtIq2ILLLG9Aj/CiFNk5yRcHAPz20vM4aWJKpJGR7irOuN4FVH1HE3BZVxjghGLx5PpfiE0JfIpuS+6fBAxDOnhM23COV4ReWq0ZLcJgCr3pBmeqI4VkNsYnC5h0lRTECSFocnvqmhnzTdI3WgeFSX/TgGvVXhgU=
bg5h9I+iRtqwtIq2ILLLG9Aj/CiFNk5yRcHAPz20vM4aWJKpJGR7irOuN4FVH1HE3BZVxjghGLx5PpfiE0JfIlkdciwgjrOXdYehHrJAvMXCQUGAIlpKeuzYIdWKl4lXhpgwg6/kFs+mVC7HK/+Xkg==
bg5h9I+iRtqwtIq2ILLLG9Aj/CiFNk5yRcHAPz20vM4aWJKpJGR7irOuN4FVH1HE3BZVxjghGLx5PpfiE0JfIlkdciwgjrOXdYehHrJAvMVp+XonBd+zgpWzd8iFUqzdcliai2sj8/vfGiUqki2eRLbIkDXT7kXiGfhKosFJF8s=
bg5h9I+iRtqwtIq2ILLLG9Aj/CiFNk5yRcHAPz20vM4aWJKpJGR7irOuN4FVH1HE3BZVxjghGLx5PpfiE0JfIm4z0X54SiepWSYLSJvkcn0geWYGGI/CH3hDDCMGZd59+b5TW8R7I78ZlEp0siP4t9RzigdBZEZ/wVsMHMA/HlE=
bg5h9I+iRtqwtIq2ILLLG9Aj/CiFNk5yRcHAPz20vM4aWJKpJGR7irOuN4FVH1HE3BZVxjghGLx5PpfiE0JfIm4z0X54SiepWSYLSJvkcn2Ij8iU0OsvcQ3fTK7lEi5QAf+3AX9YKcBcyCAGAEq/4d9ryrnUwTN/IOkdX+wc0H8=
bg5h9I+iRtqwtIq2ILLLG9Aj/CiFNk5yRcHAPz20vM4HILa/pGhmP9smHlAPPTpfGu631h04wdARTDg65EASPmi4N7y9mPoKBpVxNvsxSqPoMGJGzaIsow9Kt4DEmyXBXBSNr6PizVMu3AbnlyilT1yYBEhoeMWfGend3NccHYs=
bg5h9I+iRtqwtIq2ILLLG9Aj/CiFNk5yRcHAPz20vM4HILa/pGhmP9smHlAPPTpfGu631h04wdARTDg65EASPmi4N7y9mPoKBpVxNvsxSqMyal6qIy2FLSM3ldmaUZGWopf6qgnEOyDwK8sb4q9GIzwrAJojibhkqYC6uDdgPqs=
bg5h9I+iRtqwtIq2ILLLG9Aj/CiFNk5yRcHAPz20vM4HILa/pGhmP9smHlAPPTpfGu631h04wdARTDg65EASPobYYNFqXl3WgYZTtbuaCrbKMsRcN3zs5XJppITK/TjjzOrjSFoUJzIRahTBAkgVieW9Q3mpqaaMBCNHjXvdluc=
bg5h9I+iRtqwtIq2ILLLG9Aj/CiFNk5yRcHAPz20vM4HILa/pGhmP9smHlAPPTpfGu631h04wdARTDg65EASPmi4N7y9mPoKBpVxNvsxSqNKY5lJtNXp+2QomTWxBhCGQojlDPjvEuzzg3Vx46xX0oC9GYt77h8tnd514SSOwt8=
bg5h9I+iRtqwtIq2ILLLG9Aj/CiFNk5yRcHAPz20vM4HILa/pGhmP9smHlAPPTpfGu631h04wdARTDg65EASPmi4N7y9mPoKBpVxNvsxSqPGqK6KHiVQBFau8OjHpo4e2B9I0lNvDBwvXh4qYdGOUg==
bg5h9I+iRtqwtIq2ILLLG9Aj/CiFNk5yRcHAPz20vM4HILa/pGhmP9smHlAPPTpfGu631h04wdARTDg65EASPmi4N7y9mPoKBpVxNvsxSqORofGYjBrgEbTqiA4Bi97H26tU2N0rDNsQiOUM0n0p881qjK3wMzPlN7zStsGLg2A=
bg5h9I+iRtqwtIq2ILLLG9Aj/CiFNk5yRcHAPz20vM4HILa/pGhmP9smHlAPPTpfGu631h04wdARTDg65EASPmi4N7y9mPoKBpVxNvsxSqPl+JpKn9ELw1+cDYWbK+sLXvcgyUCgLIaOvMS/SsUXu+azjjqH0t7+2SZqAzLkQzU=
bg5h9I+iRtqwtIq2ILLLG9Aj/CiFNk5yRcHAPz20vM4HILa/pGhmP9smHlAPPTpfGu631h04wdARTDg65EASPobYYNFqXl3WgYZTtbuaCragCZI4WMz/wKNgRluwZNe6K178Avpz40M70LcdmayxO97GHVqhRk0uIzH+arHVb3Y=
bg5h9I+iRtqwtIq2ILLLG9Aj/CiFNk5yRcHAPz20vM4HILa/pGhmP9smHlAPPTpfGu631h04wdARTDg65EASPmi4N7y9mPoKBpVxNvsxSqOsDY+Anm7tmBfKzzdMI7iFnpzktxXtb5tcQCT/46ZKsHpo3HZWmXJkCJ3Iz5AaCM0=
bg5h9I+iRtqwtIq2ILLLG9Aj/CiFNk5yRcHAPz20vM4HILa/pGhmP9smHlAPPTpfGu631h04wdARTDg65EASPogk6VKul5bsqkwGK8v/m/ylyqOZmIDuD8SC6bg9Xq6pt6gtwN/h2dqcAYj03e/VEaitE+zO5zjCvSAlJ9k2OC0=
bg5h9I+iRtqwtIq2ILLLG9Aj/CiFNk5yRcHAPz20vM4HILa/pGhmP9smHlAPPTpfGu631h04wdARTDg65EASPobYYNFqXl3WgYZTtbuaCrbm0wzDz/cEahXCioyfp68qP9VwCfxLfLs2XB7JiMTcK2t+DBHV0NwI50wZnPKVshw=
bg5h9I+iRtqwtIq2ILLLG9Aj/CiFNk5yRcHAPz20vM4HILa/pGhmP9smHlAPPTpfGu631h04wdARTDg65EASPmi4N7y9mPoKBpVxNvsxSqPvkR96YkHFg7EcYDbVU1DAVjPXNhPmtsryUU6r83CBecwnF4qEuv1vW8L7269XCPo=
bg5h9I+iRtqwtIq2ILLLG9Aj/CiFNk5yRcHAPz20vM4HILa/pGhmP9smHlAPPTpfGu631h04wdARTDg65EASPmi4N7y9mPoKBpVxNvsxSqNUveVr4Fw+6tWQ7htW8fMj191lbkdCTiwswqAWyWEIOStr5VyRnit17HS5QGQ6nDU=
bg5h9I+iRtqwtIq2ILLLG9Aj/CiFNk5yRcHAPz20vM4HILa/pGhmP9smHlAPPTpfGu631h04wdARTDg65EASPmi4N7y9mPoKBpVxNvsxSqM2G9ck9Oa+wMnPSzV6FcJUCUSvdhMB7XmytESoP7J1MbliiMoEX1qYaztfVmJnem8=
bg5h9I+iRtqwtIq2ILLLG9Aj/CiFNk5yRcHAPz20vM4HILa/pGhmP9smHlAPPTpfGu631h04wdARTDg65EASPogk6VKul5bsqkwGK8v/m/xEkOu/o4erKD9R3vZNuCkd+slf86dPviHG3azCSs8SoSzhRCcPhJPRI9crR+/qGns=
bg5h9I+iRtqwtIq2ILLLG9Aj/CiFNk5yRcHAPz20vM4HILa/pGhmP9smHlAPPTpfGu631h04wdARTDg65EASPmi4N7y9mPoKBpVxNvsxSqOSg2/w6rzc1RJC/mkO1x0MR7v2RJfB8LliqawHjujkmtQe5pVDGAlovueAFAJC8yk=
bg5h9I+iRtqwtIq2ILLLG9Aj/CiFNk5yRcHAPz20vM4HILa/pGhmP9smHlAPPTpfGu631h04wdARTDg65EASPmi4N7y9mPoKBpVxNvsxSqOcO8vzn/eCeULR86blfCE3TKxvh8otmZFqdHUy4lUC0sRII/F3oF8G2l6ckdUczzE=
bg5h9I+iRtqwtIq2ILLLG9Aj/CiFNk5yRcHAPz20vM7NtyPzBThhi57/L6suRV6txOn+asYuLE+yg5iM7AbN0X/ocOtn9+d+ndni8zG6inFDbg/lwGz5Ep4kMT7Dl7radp4z9VvK/+jA2i5Qi0UkwJ0QUTGA8XkGu8gZ5gdp/aY=
bg5h9I+iRtqwtIq2ILLLG9Aj/CiFNk5yRcHAPz20vM7NtyPzBThhi57/L6suRV6txOn+asYuLE+yg5iM7AbN0X/ocOtn9+d+ndni8zG6inEgmfSfPee0xEwKW/Fcl6sR2zEuWzGl7k0UzvEkaC6JWM89FvCKhoHSWcJohQBAycE=
bg5h9I+iRtqwtIq2ILLLG9Aj/CiFNk5yRcHAPz20vM7NtyPzBThhi57/L6suRV6txOn+asYuLE+yg5iM7AbN0XN4XXFjmf1VNwzZxa/hViVemEp8RLgThHW8B1HurFrN+iOJMfgrEP5oZc8SqJq/Yw==
bg5h9I+iRtqwtIq2ILLLG9Aj/CiFNk5yRcHAPz20vM7NtyPzBThhi57/L6suRV6txOn+asYuLE+yg5iM7AbN0XN4XXFjmf1VNwzZxa/hViVa0pqU7gHAE80B8ae4QMzO0wNeC9OCI4lHfFGs2jQ/tuGr603EOVIIKb6DfUyK6qY=
bg5h9I+iRtqwtIq2ILLLG9Aj/CiFNk5yRcHAPz20vM7NtyPzBThhi57/L6suRV6txOn+asYuLE+yg5iM7AbN0X/ocOtn9+d+ndni8zG6inHvssp/hJSRnvdN9H+5abq2U6geZgDaslQNlIp1HDgut90OtGdd2pEL+KRiOKgYoI8=
bg5h9I+iRtqwtIq2ILLLG9Aj/CiFNk5yRcHAPz20vM7NtyPzBThhi57/L6suRV6txOn+asYuLE+yg5iM7AbN0XN4XXFjmf1VNwzZxa/hViVnS+d+YSVrLbEr0TsOVeiu9CwdY2KkL5qXEWY1j4r6CMFZvesmAeOOC1rlvFFUbZk=
bg5h9I+iRtqwtIq2ILLLG9Aj/CiFNk5yRcHAPz20vM7NtyPzBThhi57/L6suRV6txOn+asYuLE+yg5iM7AbN0XN4XXFjmf1VNwzZxa/hViWChkWBo7fEPZefx8v7wvrpfSQMPhup/1Makv0C7ZO8JcDRlzlOn2YrpZaGGj1VitM=
bg5h9I+iRtqwtIq2ILLLG9Aj/CiFNk5yRcHAPz20vM7NtyPzBThhi57/L6suRV6txOn+asYuLE+yg5iM7AbN0ZYZmwYGNKjsjr+uTeLt02qLIsK+r7eOTvKROg7rsJELX2VHxloJKouZTbkm/PVatQ==
bg5h9I+iRtqwtIq2ILLLG9Aj/CiFNk5yRcHAPz20vM7NtyPzBThhi57/L6suRV6txOn+asYuLE+yg5iM7AbN0X/ocOtn9+d+ndni8zG6inHP3dQLGcuS5DAR0jpV/0qbYTJXn/AsPWMPM3+PDZeVTxyb7kWVJPGniMN/i8iz7Uk=
bg5h9I+iRtqwtIq2ILLLG9Aj/CiFNk5yRcHAPz20vM7NtyPzBThhi57/L6suRV6txOn+asYuLE+yg5iM7AbN0X/ocOtn9+d+ndni8zG6inEhdloe8QIBmC+DDjl/PPDP1P/5pFCUYpiPkYNTL47Yy0vSRy1tZSX3kSlBP6q6Xcs=
bg5h9I+iRtqwtIq2ILLLG9Aj/CiFNk5yRcHAPz20vM7NtyPzBThhi57/L6suRV6txOn+asYuLE+yg5iM7AbN0X/ocOtn9+d+ndni8zG6inEdqg2lAhVtgbjDAv+geGrsYozbPmW0RBODqCaaMNbTTw==
bg5h9I+iRtqwtIq2ILLLG9Aj/CiFNk5yRcHAPz20vM7NtyPzBThhi57/L6suRV6txOn+asYuLE+yg5iM7AbN0X/ocOtn9+d+ndni8zG6inFLKwYemZz67GN3+4R0JKr5IE1YhZ4yRUs9rXQAJRglfFm9Ol2biKrTu2mAEdVqlp8=
bg5h9I+iRtqwtIq2ILLLG9Aj/CiFNk5yRcHAPz20vM7NtyPzBThhi57/L6suRV6txOn+asYuLE+yg5iM7AbN0X/ocOtn9+d+ndni8zG6inFAKVJICmeFaGQ5okiWzE8+pVqhTkjg0wzT8k5HFpYnhGA2bOCmE1mE1aEMqORukh8=
bg5h9I+iRtqwtIq2ILLLG9Aj/CiFNk5yRcHAPz20vM7NtyPzBThhi57/L6suRV6txOn+asYuLE+yg5iM7AbN0X/ocOtn9+d+ndni8zG6inFsJDmrB0JyRx52s215GyKk4YtvPsxQGWzQ4nwNYQ2V9MqCiTK6H1M+uzZfQb3bUMs=
bg5h9I+iRtqwtIq2ILLLG9Aj/CiFNk5yRcHAPz20vM7NtyPzBThhi57/L6suRV6txOn+asYuLE+yg5iM7AbN0XN4XXFjmf1VNwzZxa/hViUCZK0gnCpcoyYia5jskWXbKWUEsxP6lKIBlbj0vETK+jOaDRxODZg2jcgjE8kbVk8=
bg5h9I+iRtqwtIq2ILLLG9Aj/CiFNk5yRcHAPz20vM7NtyPzBThhi57/L6suRV6txOn+asYuLE+yg5iM7AbN0X/ocOtn9+d+ndni8zG6inE8C737gMi+2tDb99tqHPLAZKqz5rCPsdVPBQbewZl1U+d0PgMJp6YK6FMerV8+Ncg=
bg5h9I+iRtqwtIq2ILLLG9Aj/CiFNk5yRcHAPz20vM7NtyPzBThhi57/L6suRV6txOn+asYuLE+yg5iM7AbN0X/ocOtn9+d+ndni8zG6inFHN+doN2NyLxcs0BmE8da1DmS1ceLo51J+w4H5USrQWQfMYeYRmnMoetXXxWv9Qpw=
bg5h9I+iRtqwtIq2ILLLG9Aj/CiFNk5yRcHAPz20vM7NtyPzBThhi57/L6suRV6txOn+asYuLE+yg5iM7AbN0X/ocOtn9+d+ndni8zG6inE/BAKkYM+A6qQhMFr622bl3yy065IhG7KcrrTOO7ltUfBem5toLHoZVsDGKha3R/U=
bg5h9I+iRtqwtIq2ILLLG9Aj/CiFNk5yRcHAPz20vM6n9ZGPNjXA/ZYyNyORfewRSge3oNC1QNsqZvsHKg37lkkckgt3yJG+lOdpKHJpu88dD8oVsdPA4UO74hXRmIr1T6E4BSGyAEIxUxXDIG4DWILNjfFkySSGyAg6VrwMdq8=
bg5h9I+iRtqwtIq2ILLLG9Aj/CiFNk5yRcHAPz20vM6n9ZGPNjXA/ZYyNyORfewRSge3oNC1QNsqZvsHKg37liBrtMrR8VaGC7nsHzdIx3W++e4919pxnDQ2rxt4V1HtqlI4/yJ4r5lEX0ZgrZMW6Mr4wDZTjiV/2OnlCvceerM=
bg5h9I+iRtqwtIq2ILLLG9Aj/CiFNk5yRcHAPz20vM6n9ZGPNjXA/ZYyNyORfewRSge3oNC1QNsqZvsHKg37lkkckgt3yJG+lOdpKHJpu88Wv8/+rNOsafrnWX4ylyxD8AlCbA898upqMCLZF0MDbZUSuRtF89qidjpYUZO80UQ=
bg5h9I+iRtqwtIq2ILLLG9Aj/CiFNk5yRcHAPz20vM6n9ZGPNjXA/ZYyNyORfewRSge3oNC1QNsqZvsHKg37lkkckgt3yJG+lOdpKHJpu8+2tsBn048Sc+2z4eynjPSVg+MVL1+Eu63A9xftWIB2aLKdzv12Ngpmp8P2vQp35VQ=
bg5h9I+iRtqwtIq2ILLLG9Aj/CiFNk5yRcHAPz20vM6n9ZGPNjXA/ZYyNyORfewRSge3oNC1QNsqZvsHKg37lkkckgt3yJG+lOdpKHJpu8+DdCD9Zq7/ik4uCR6r1q64DYXlaQgL9i5+YiftZZ4DPw+l1zdfwjzUHtIvCSI6+uE=
bg5h9I+iRtqwtIq2ILLLG9Aj/CiFNk5yRcHAPz20vM6n9ZGPNjXA/ZYyNyORfewRSge3oNC1QNsqZvsHKg37liBrtMrR8VaGC7nsHzdIx3X4p+DwlcURooSqIdleImue8K/ehsW+j/ZHNAPL9dTrvU8Jx7fClLYOza/f0RLXpXg=
bg5h9I+iRtqwtIq2ILLLG9Aj/CiFNk5yRcHAPz20vM6n9ZGPNjXA/ZYyNyORfewRSge3oNC1QNsqZvsHKg37lkkckgt3yJG+lOdpKHJpu88Y9a4Z7aG9iGTotWNif3ULQuJI8juzXn6mAGbCnvpHVzfjTyLa/nWtMKoJn+8hBlM=
bg5h9I+iRtqwtIq2ILLLG9Aj/CiFNk5yRcHAPz20vM6n9ZGPNjXA/ZYyNyORfewRSge3oNC1QNsqZvsHKg37liBrtMrR8VaGC7nsHzdIx3WgdpUfhtJgkVAjDi/hCoviutlPCWQUCLVxOo9kPGOvfBX6H7azSE8phzqpwSKmLiw=
bg5h9I+iRtqwtIq2ILLLG9Aj/CiFNk5yRcHAPz20vM6n9ZGPNjXA/ZYyNyORfewRSge3oNC1QNsqZvsHKg37lkkckgt3yJG+lOdpKHJpu8+ISL72Ub283d8DEhONZXeUhDYD6RntO5pOiY/bLdRuOA==
bg5h9I+iRtqwtIq2ILLLG9Aj/CiFNk5yRcHAPz20vM6n9ZGPNjXA/ZYyNyORfewRSge3oNC1QNsqZvsHKg37lmN4s3CEjOq09gpf420MSFiYVEK0PN0PmbdnXyk8tlE++AAxvJb3m7Y3DZSjwkXEJtVF+DGQpPte1/EXKOd9N9U=
bg5h9I+iRtqwtIq2ILLLG9Aj/CiFNk5yRcHAPz20vM6n9ZGPNjXA/ZYyNyORfewRSge3oNC1QNsqZvsHKg37lkkckgt3yJG+lOdpKHJpu8/YfzPFUk5eBUC1FM/ssmZfW7P4I9qNvPEsrci5ooEPIgxoQr4FrYYPRKnewxZn/+Y=
bg5h9I+iRtqwtIq2ILLLG9Aj/CiFNk5yRcHAPz20vM6n9ZGPNjXA/ZYyNyORfewRSge3oNC1QNsqZvsHKg37lkkckgt3yJG+lOdpKHJpu8+wj89ufjaegToHJIsI3w9KoQhSbzxMfWgWxpp8CM7lErm/xb43sh01jeGgqmihGXM=
bg5h9I+iRtqwtIq2ILLLG9Aj/CiFNk5yRcHAPz20vM6n9ZGPNjXA/ZYyNyORfewRSge3oNC1QNsqZvsHKg37liBrtMrR8VaGC7nsHzdIx3V24Bt0WM1i4RXr3vdBjf4dpVBMLttnuzOca27181BQfEcNWOI3JV4hjz10XcZIEeo=
bg5h9I+iRtqwtIq2ILLLG9Aj/CiFNk5yRcHAPz20vM6n9ZGPNjXA/ZYyNyORfewRSge3oNC1QNsqZvsHKg37lkkckgt3yJG+lOdpKHJpu8+lMbuj5+P0GB9F2PIW5k24w2ts0iFdDrQpa+OnGHOoaAy2Ak1xnuu3/HT+IMoGE2c=
bg5h9I+iRtqwtIq2ILLLG9Aj/CiFNk5yRcHAPz20vM6n9ZGPNjXA/ZYyNyORfewRSge3oNC1QNsqZvsHKg37lkkckgt3yJG+lOdpKHJpu8/DPsZLmmEb/AORgC+r4ySwc4uXW11OrvpRZnUnSPxAlg==
bg5h9I+iRtqwtIq2ILLLG9Aj/CiFNk5yRcHAPz20vM6n9ZGPNjXA/ZYyNyORfewRSge3oNC1QNsqZvsHKg37lmN4s3CEjOq09gpf420MSFhc8VksZyZq8D31WtlkXK2YO8dIVv8XqzgIzZ+WaIiwe/nQA9vclyGSeIQUX6lrBgQ=
bg5h9I+iRtqwtIq2ILLLG9Aj/CiFNk5yRcHAPz20vM6n9ZGPNjXA/ZYyNyORfewRSge3oNC1QNsqZvsHKg37lmN4s3CEjOq09gpf420MSFgz5InffJ8YGZNWBQx+bwI9H/1jfRo5NscOj16IM9ACj+1/WZCHb9dKA0Z/+eMzWiI=
bg5h9I+iRtqwtIq2ILLLG9Aj/CiFNk5yRcHAPz20vM6n9ZGPNjXA/ZYyNyORfewRSge3oNC1QNsqZvsHKg37lkkckgt3yJG+lOdpKHJpu8+WupSiPkkL3WIGrTo1bd2D9JsBB0fyqVAYKuqlwSjXJ/90Sr4qW5wNiCP/czy4/ys=
bg5h9I+iRtqwtIq2ILLLG9Aj/CiFNk5yRcHAPz20vM6n9ZGPNjXA/ZYyNyORfewRSge3oNC1QNsqZvsHKg37lkkckgt3yJG+lOdpKHJpu8/NFM/G+JJ3/dXwePPJcLa3Yxnq66Ro+uMIaZkiI0tDWw==
bg5h9I+iRtqwtIq2ILLLG9Aj/CiFNk5yRcHAPz20vM4GFZZdu1buoYJ61gRWA7y255ugYPqSjuEDMeIlbz+RBrKOiNQ1i1QDYKUBFZJ4Z+s8BW9aDtqEfs41XAwWo2AYtoTyEsh5EuFJOR/Py+eK/pGG/MmSerKg0YSUHQJVB2c=
bg5h9I+iRtqwtIq2ILLLG9Aj/CiFNk5yRcHAPz20vM4GFZZdu1buoYJ61gRWA7y255ugYPqSjuEDMeIlbz+RBkDvnzgs/Y7TM6jlmH28uV7pzS8zNbJG9n4b+PE8T/inTSnZkfC9wB6sT8uRWknnrQ==
bg5h9I+iRtqwtIq2ILLLG9Aj/CiFNk5yRcHAPz20vM4GFZZdu1buoYJ61gRWA7y255ugYPqSjuEDMeIlbz+RBsRy26IaoSyXI2tEH6mTFtcUzOSYGKJp6udff1Yz+mLC1onutp2oQ6my6EEBsXPe9HS8hdSWVHk+QR5FjR50aDA=
bg5h9I+iRtqwtIq2ILLLG9Aj/CiFNk5yRcHAPz20vM4GFZZdu1buoYJ61gRWA7y255ugYPqSjuEDMeIlbz+RBrKOiNQ1i1QDYKUBFZJ4Z+tZ3X01NL3jPVSOeUDItjhobhjKJe9ZtgeLpziTaC1wZRm1ZXKSgdNnAUbsslacU44=
bg5h9I+iRtqwtIq2ILLLG9Aj/CiFNk5yRcHAPz20vM4GFZZdu1buoYJ61gRWA7y255ugYPqSjuEDMeIlbz+RBkDvnzgs/Y7TM6jlmH28uV4+L9C2YNbKWMQyVsCVke+bhTBQ+IysEpY0F7UEw6llNw==
bg5h9I+iRtqwtIq2ILLLG9Aj/CiFNk5yRcHAPz20vM4GFZZdu1buoYJ61gRWA7y255ugYPqSjuEDMeIlbz+RBsRy26IaoSyXI2tEH6mTFtdnj8DrA4KIZyP0ngLeo7cbLy4fHRIesEaUHwTUwGW0ngoSmXcgVGzv1y1m0D+kHhQ=
bg5h9I+iRtqwtIq2ILLLG9Aj/CiFNk5yRcHAPz20vM4GFZZdu1buoYJ61gRWA7y255ugYPqSjuEDMeIlbz+RBsRy26IaoSyXI2tEH6mTFteLaNq98oCBrbIph0iYl511W+ftbNmKNdfEEC2ztsaZemOx30b7k7Txq/x34Ce9Eus=
bg5h9I+iRtqwtIq2ILLLG9Aj/CiFNk5yRcHAPz20vM4GFZZdu1buoYJ61gRWA7y255ugYPqSjuEDMeIlbz+RBkDvnzgs/Y7TM6jlmH28uV46pbM/iITbFs6iBR/ypql4wt9bShtREMDgGKyZEMrnkQ==
bg5h9I+iRtqwtIq2ILLLG9Aj/CiFNk5yRcHAPz20vM4GFZZdu1buoYJ61gRWA7y255ugYPqSjuEDMeIlbz+RBsRy26IaoSyXI2tEH6mTFtc9qXzSSLvRiD8Zw1LKWVkNr4NGAaDXzlssDKjNRC4Wr6EpE/5D4AN0YEx2e4wvudY=
bg5h9I+iRtqwtIq2ILLLG9Aj/CiFNk5yRcHAPz20vM4GFZZdu1buoYJ61gRWA7y255ugYPqSjuEDMeIlbz+RBrKOiNQ1i1QDYKUBFZJ4Z+v/+chjYhexsmqnH8XLcDBQikLSwchcs3NeK+35vbRrjGFQYePu4s3B4HlWm6WyjgY=
bg5h9I+iRtqwtIq2ILLLG9Aj/CiFNk5yRcHAPz20vM4GFZZdu1buoYJ61gRWA7y255ugYPqSjuEDMeIlbz+RBkDvnzgs/Y7TM6jlmH28uV7qe5b7dgI3XX5nh9lIW2v8KLUJI9IwkbQqqUZ68cMXDrH7x/Rl+PVlVHlBS+PNmIU=
bg5h9I+iRtqwtIq2ILLLG9Aj/CiFNk5yRcHAPz20vM4GFZZdu1buoYJ61gRWA7y255ugYPqSjuEDMeIlbz+RBsRy26IaoSyXI2tEH6mTFtcQuNipXbA51hV1uIXNUQh6JqeURWtjsyogk+FCFowemX1k67HOrjifv42swkRFqOM=
bg5h9I+iRtqwtIq2ILLLG9Aj/CiFNk5yRcHAPz20vM4GFZZdu1buoYJ61gRWA7y255ugYPqSjuEDMeIlbz+RBkDvnzgs/Y7TM6jlmH28uV4L+47MSAcdek9Qk58JAQ4168l0adwBMnaISHTz6oRES4iEdvwvJvBPa6281vyFtaA=
bg5h9I+iRtqwtIq2ILLLG9Aj/CiFNk5yRcHAPz20vM4GFZZdu1buoYJ61gRWA7y255ugYPqSjuEDMeIlbz+RBsRy26IaoSyXI2tEH6mTFte5oRtcHJwXkN/5eIimwaP0+hj4InKgizi7zLk45ue8ni4eCJvYVtykfRjuQa9itbk=
bg5h9I+iRtqwtIq2ILLLG9Aj/CiFNk5yRcHAPz20vM4GFZZdu1buoYJ61gRWA7y255ugYPqSjuEDMeIlbz+RBkDvnzgs/Y7TM6jlmH28uV7X96kJoLj3pDv6dMaCIGnNSYhNy5XV4s9ZAkYnxHXyxkllm9NYBRC5prnIoGgVS18=
bg5h9I+iRtqwtIq2ILLLG9Aj/CiFNk5yRcHAPz20vM4GFZZdu1buoYJ61gRWA7y255ugYPqSjuEDMeIlbz+RBrKOiNQ1i1QDYKUBFZJ4Z+vIndLVMWXrLwrAnWEVFeJmNwMClKoCOtOLY7Bx/rUNQ4XvcPNYdMJYHP7YHvh3yR8=
bg5h9I+iRtqwtIq2ILLLG9Aj/CiFNk5yRcHAPz20vM4GFZZdu1buoYJ61gRWA7y255ugYPqSjuEDMeIlbz+RBkDvnzgs/Y7TM6jlmH28uV7tOGHVWsGJngSVfW5JtbG+Qz/NmDh7n0VYcjjlErQl44oPinIVAtp1CCzgSwv/PLU=
bg5h9I+iRtqwtIq2ILLLG9Aj/CiFNk5yRcHAPz20vM4GFZZdu1buoYJ61gRWA7y255ugYPqSjuEDMeIlbz+RBkDvnzgs/Y7TM6jlmH28uV4uapVcqjF/oPZ0gIGpE11jSx7LewxsBzhj6p+tSrE/gcN0K491vpzfx2HEmr1M7no=
bg5h9I+iRtqwtIq2ILLLG9Aj/CiFNk5yRcHAPz20vM4GFZZdu1buoYJ61gRWA7y255ugYPqSjuEDMeIlbz+RBsRy26IaoSyXI2tEH6mTFtc1SzQNpYQrZZUWqG1guU8ZGbQBwGegdvc7nGyaOMlRaVvxG0MdjOcJzkZ6aCfTPY8=
bg5h9I+iRtqwtIq2ILLLG9Aj/CiFNk5yRcHAPz20vM4GFZZdu1buoYJ61gRWA7y255ugYPqSjuEDMeIlbz+RBrKOiNQ1i1QDYKUBFZJ4Z+vEEWECNG97K879Tr8HOi6N3nYgRoJJKXYRPFvMQbJZV21fwIiEynArKFU6HbA0zKQ=
bg5h9I+iRtqwtIq2ILLLG9Aj/CiFNk5yRcHAPz20vM4GFZZdu1buoYJ61gRWA7y255ugYPqSjuEDMeIlbz+RBrKOiNQ1i1QDYKUBFZJ4Z+twxdR5C19wBfBmMe8+pa1PF5eAZuaibHdqb72jhY/ySfzqhnF7pKBGq32ZM3MjQfc=
bg5h9I+iRtqwtIq2ILLLG9Aj/CiFNk5yRcHAPz20vM4GFZZdu1buoYJ61gRWA7y255ugYPqSjuEDMeIlbz+RBkDvnzgs/Y7TM6jlmH28uV4WVKoTyekXFbo23mEdi99rVTSMfDydH8oRqBCxr9vUxA1lGZI2PlfnTxV262JJbKI=
bg5h9I+iRtqwtIq2ILLLG9Aj/CiFNk5yRcHAPz20vM4CHvAcrjpQ7jb5GPn8T+Bydl3TVg+HddKkj5eqn3F5tyHbKNPwuadjocjjKxEjk6FLjdHXyn61zegsYIZ51IuKrX4UZNpO/QYJGj1isEMHTFdt1HVH76qCfZSljimrxno=
bg5h9I+iRtqwtIq2ILLLG9Aj/CiFNk5yRcHAPz20vM4CHvAcrjpQ7jb5GPn8T+Bydl3TVg+HddKkj5eqn3F5tyHbKNPwuadjocjjKxEjk6FEPYIiPiUmgNcg61+rZt+GCy6gXokJY/4oy+93bsXMUODvkHHEV3lCEjp4wi6nAb8=
bg5h9I+iRtqwtIq2ILLLG9Aj/CiFNk5yRcHAPz20vM4CHvAcrjpQ7jb5GPn8T+Bydl3TVg+HddKkj5eqn3F5twyyepDr9xzRrEHDDOypJjBmPpCiX7JZ2JKA1UJVMyl+W9mtSx72sViOhfKnbFK41g==
bg5h9I+iRtqwtIq2ILLLG9Aj/CiFNk5yRcHAPz20vM4CHvAcrjpQ7jb5GPn8T+Bydl3TVg+HddKkj5eqn3F5t+JlbCwNle5hkvuSFP8yid4uaki/cOYVoZPtlrpiyqsJZbfEZIhYq8ALGOo1ge6FcEdh/rvftkCHI9tyNbxMwdg=
bg5h9I+iRtqwtIq2ILLLG9Aj/CiFNk5yRcHAPz20vM4CHvAcrjpQ7jb5GPn8T+Bydl3TVg+HddKkj5eqn3F5twyyepDr9xzRrEHDDOypJjCrh0q8EUg6qnHq4Wdfz8lWDibZw5YA8/OaZD6TmSrn8I8uJU8KU4TW+apaSqePY3I=
bg5h9I+iRtqwtIq2ILLLG9Aj/CiFNk5yRcHAPz20vM4CHvAcrjpQ7jb5GPn8T+Bydl3TVg+HddKkj5eqn3F5tyHbKNPwuadjocjjKxEjk6FrVMcFanWDx93pojvYoTnRpGpjSKnZCSk/1LdIpWqOyA==
bg5h9I+iRtqwtIq2ILLLG9Aj/CiFNk5yRcHAPz20vM4CHvAcrjpQ7jb5GPn8T+Bydl3TVg+HddKkj5eqn3F5twyyepDr9xzRrEHDDOypJjCQL5hvLQXwFBURFJ7Ax1DeJH8KxXWffQSAKJLXU+zJWS8xh2ICtOe9UCTqvfSNfCM=
bg5h9I+iRtqwtIq2ILLLG9Aj/CiFNk5yRcHAPz20vM4CHvAcrjpQ7jb5GPn8T+Bydl3TVg+HddKkj5eqn3F5t+JlbCwNle5hkvuSFP8yid4YzW8JIx4539Z8nFZgWeRf1xWDLZdOcJiXSVX+2nro4xBiIDpXO3Axq++/BkOcSis=
bg5h9I+iRtqwtIq2ILLLG9Aj/CiFNk5yRcHAPz20vM4CHvAcrjpQ7jb5GPn8T+Bydl3TVg+HddKkj5eqn3F5twyyepDr9xzRrEHDDOypJjBdlLWMvQJRN/S+1N5QVG/fBbbQ1apGikXMsPTwmzIjazRCtSuWwKzVen6W6FneZJY=
bg5h9I+iRtqwtIq2ILLLG9Aj/CiFNk5yRcHAPz20vM4CHvAcrjpQ7jb5GPn8T+Bydl3TVg+HddKkj5eqn3F5tyHbKNPwuadjocjjKxEjk6HhiJ1dhznBZkPfKID1aq3bVh5DjNDYZcIpPucu4NqeOS4wECEqagayjJupftu3lck=
bg5h9I+iRtqwtIq2ILLLG9Aj/CiFNk5yRcHAPz20vM4CHvAcrjpQ7jb5GPn8T+Bydl3TVg+HddKkj5eqn3F5tyHbKNPwuadjocjjKxEjk6E5Pb6aevbOe4naZHUuP2NXehfQYw48E0YeRi0Uv/1nS2Dpw+zro3YXA6A7CVlu4aM=
bg5h9I+iRtqwtIq2ILLLG9Aj/CiFNk5yRcHAPz20vM4CHvAcrjpQ7jb5GPn8T+Bydl3TVg+HddKkj5eqn3F5tyHbKNPwuadjocjjKxEjk6EA8UbGEKehfk4jqi/eW6cG915v5bAUZLgVN1HiNFYPi3j6DxpUXMZkZ6FE5ekao5w=
bg5h9I+iRtqwtIq2ILLLG9Aj/CiFNk5yRcHAPz20vM4CHvAcrjpQ7jb5GPn8T+Bydl3TVg+HddKkj5eqn3F5tyHbKNPwuadjocjjKxEjk6Gy2+oV45RA8liNwrWopy8u946uP13O8mJUDekJRUX7n9GxJO/anw3dTAMY3yyddVQ=
bg5h9I+iRtqwtIq2ILLLG9Aj/CiFNk5yRcHAPz20vM4CHvAcrjpQ7jb5GPn8T+Bydl3TVg+HddKkj5eqn3F5twyyepDr9xzRrEHDDOypJjCbwCN20nya57NI1/J/TeM5seSMWs5Ss+J5gklS0oiDt032Df70q+APqtSbfuP0XF4=
bg5h9I+iRtqwtIq2ILLLG9Aj/CiFNk5yRcHAPz20vM4CHvAcrjpQ7jb5GPn8T+Bydl3TVg+HddKkj5eqn3F5twyyepDr9xzRrEHDDOypJjCCJy+WBCn88q0HXVVvRY6LeALKN6xsVP+Gyu/vUP2CPJhpvu7UNHCrQ+pOel9cFCo=
bg5h9I+iRtqwtIq2ILLLG9Aj/CiFNk5yRcHAPz20vM4CHvAcrjpQ7jb5GPn8T+Bydl3TVg+HddKkj5eqn3F5tyHbKNPwuadjocjjKxEjk6Ft9NvxfYrPLUraYAKX41Mx0qW6Ui9sZ6TJ7upygc+/XQ==
bg5h9I+iRtqwtIq2ILLLG9Aj/CiFNk5yRcHAPz20vM4CHvAcrjpQ7jb5GPn8T+Bydl3TVg+HddKkj5eqn3F5twyyepDr9xzRrEHDDOypJjDeDr/KFeQol5XANXj5C2U6kJfBYRETRsWPtpuSvtFTc4qmGXDSgN0P0YfiVB5+h0s=
bg5h9I+iRtqwtIq2ILLLG9Aj/CiFNk5yRcHAPz20vM4CHvAcrjpQ7jb5GPn8T+Bydl3TVg+HddKkj5eqn3F5twyyepDr9xzRrEHDDOypJjCzC4ph3AUh5TYezmNEVyGboKlMpxKSBkyqjDq2C6Gou4pk8vgbGuDXKw2K/M6ENVA=
bg5h9I+iRtqwtIq2ILLLG9Aj/CiFNk5yRcHAPz20vM4CHvAcrjpQ7jb5GPn8T+Bydl3TVg+HddKkj5eqn3F5t+JlbCwNle5hkvuSFP8yid6ouWuqr32tiZ0t9KSM8WchkgI68iZsiWa9lqJSRtr350fYW3iW/bSjxK61b/1vLiU=
bg5h9I+iRtqwtIq2ILLLG9Aj/CiFNk5yRcHAPz20vM7NCzjkVmsXk1EXNUlHumLHZ/PU77tAdl8ghJDY4ZtvmYSbiLc2OTn83OLwzntpUdI0/eigeZTjLbb8zbPUSyJa
bg5h9I+iRtqwtIq2ILLLG9Aj/CiFNk5yRcHAPz20vM6LiejJMMpK2yJamgrQ8wngE7txXXvYiynzEgo+5SazkG4ju5I2KCJn+e2m/xk4PgL49BoYCi1N2ZIkm+qzHPZdVsm/QuY8LQkeH5RkP+e3GT+QCwWC4ZhejTj/4J/pIE6o8ky3TMoIFD1LktsZAazaEtH135PKUJRSHijkzklFYD2LezqxzfRhusLl17ZDOvCtB9qK/WrUZTNlhFfludqk
