GmcONIA9PFzHw1gpPLLPoqev3ytAH5KO3S/CJpMsylg=
35kyjVfwBJgytCi6KM5Vug==
FNt9orFfFSbPIXNSbXcP2Q==
gE2g7VQeqq0h5MkG44fPUw==
A4ZCFW7RnVRfEnbtNxUDb8VFIQmzxcIFLuiIjRY2q84=
cwgQW1UgxyVfBeSrdwXHsPE1eoSAri+NViVSjTYe4hg=
pYn3RyiaY4vz2unSybTHuw==
mAzeFbkWBGyzJRgEWJSZYQNn44wFaguEUnqkvHVinQw=
NiGef/LGs6v8Em6sqLz1GYGKB0111uCW/TAqgkiW0+w=
2lfNnhNY+w/3xMaMUxJbE0YFT/wvMlSDz8Vrd5FEs18=
bg5h9I+iRtqwtIq2ILLLG9Aj/CiFNk5yRcHAPz20vM4rEMgkSO2bowLeWgF/WEv8F4gzmTFCuXJkD9zexNOJB4vvilj5+wAQV4aMmvW9y2Q=
bg5h9I+iRtqwtIq2ILLLG9Aj/CiFNk5yRcHAPz20vM7zsF+tWlJEjQVejgBwRCvyQSvSju9/HUVWElnIUdiizfV7358oQNyIi6t7uRHDx1s=
bg5h9I+iRtqwtIq2ILLLG9Aj/CiFNk5yRcHAPz20vM4x4tVPFl+WPRU7a+euxNKgh3u8uVGifPYnyQTAzFff4N5+QCv+knRWGtMPCcwiie0=
bg5h9I+iRtqwtIq2ILLLG9Aj/CiFNk5yRcHAPz20vM4mfdExjmUYVgPaVScvjmqYDCJCyyipAjlTgME0cVya/B4NiYqe8U3HVWoaf+mXNoI=
bg5h9I+iRtqwtIq2ILLLG9Aj/CiFNk5yRcHAPz20vM5nNYceOIS+L1SNGUcQdM3qf3LDOriiCo+kETEzEwnOou2mqo6FHAiXDFXnSH7bTqc=
bg5h9I+iRtqwtIq2ILLLG9Aj/CiFNk5yRcHAPz20vM7VWhv/VCyCF/bliDr5YZNyOTZVkz1Np2wOq9NA4TEC0S956kwfI8V5XeqjyhUJ2VI=
bg5h9I+iRtqwtIq2ILLLG9Aj/CiFNk5yRcHAPz20vM7j8LX41j1iEdwdPJnkRMw40VTlWCoPkapBbIxnN92qX+QD5YrIM3rOf/+gGbSyxLg=
bg5h9I+iRtqwtIq2ILLLG9Aj/CiFNk5yRcHAPz20vM6xqIWD2dDzozS2uTBvv+yYvuw6K5XBmJKIpRDBXNDGMAQyAUzZ2lgQk9qRVguntUc=
bg5h9I+iRtqwtIq2ILLLG9Aj/CiFNk5yRcHAPz20vM42c2b4M8llP9Aexyo4DdUbVg7xrdQZCb6QMnn8eIhz9QeFgImHP4O4UHClA18Hri0=
bg5h9I+iRtqwtIq2ILLLG9Aj/CiFNk5yRcHAPz20vM5VtAKOfxtgWxamGv1O3Yu5iZ1pRCWW97UDrHikD60k/TowSUVEzn6hvPIqYk+HnbU=
bg5h9I+iRtqwtIq2ILLLG9Aj/CiFNk5yRcHAPz20vM5HS7vU9fxpOAT73ZnXotGGr5x+sYsf9rq5StiE5upO707BZGrYNK1KIz30R7gjWWw=
bg5h9I+iRtqwtIq2ILLLG9Aj/CiFNk5yRcHAPz20vM5a3dOVW3ig92m8fqD9JgROgyGlfAoQ0KrRuaSv1ZzVmACN/tlhxS6buuMklWcv7TU=
