GmcONIA9PFzHw1gpPLLPoqev3ytAH5KO3S/CJpMsylg=
35kyjVfwBJgytCi6KM5Vug==
FNt9orFfFSbPIXNSbXcP2Q==
gE2g7VQeqq0h5MkG44fPUw==
A4ZCFW7RnVRfEnbtNxUDb8VFIQmzxcIFLuiIjRY2q84=
cwgQW1UgxyVfBeSrdwXHsPE1eoSAri+NViVSjTYe4hg=
pYn3RyiaY4vz2unSybTHuw==
mAzeFbkWBGyzJRgEWJSZYQNn44wFaguEUnqkvHVinQw=
NiGef/LGs6v8Em6sqLz1GYGKB0111uCW/TAqgkiW0+w=
2lfNnhNY+w/3xMaMUxJbE0YFT/wvMlSDz8Vrd5FEs18=
bg5h9I+iRtqwtIq2ILLLG9Aj/CiFNk5yRcHAPz20vM7d9TB8EaTO/SUi9RwUPyS+mM/NGuTc1AXJtVJvPriJ9vO3gOh1RPOOanf18AgMKSg=
bg5h9I+iRtqwtIq2ILLLG9Aj/CiFNk5yRcHAPz20vM5YCriuDTSt54Vf7HeFpFzHhN30/fajsYMqDwYLsw98tT/P+92adgKt18S8DWtcNxw=
bg5h9I+iRtqwtIq2ILLLG9Aj/CiFNk5yRcHAPz20vM4kgGoVuWda8bs5MtlWqt1Iaxe9r5i1tNDvxWxgNS5f36mjgW/M4L4WPuJcSws1TV0=
bg5h9I+iRtqwtIq2ILLLG9Aj/CiFNk5yRcHAPz20vM7IApiFN6/i6QOrv754f52hQiOmnsWsVwaRvc4L0y3hlnasP8obv7s3UQ4fMr2wjHs=
bg5h9I+iRtqwtIq2ILLLG9Aj/CiFNk5yRcHAPz20vM6vHSaVTR4k5Jp+nux5VAMbvgPIy2tbxb9c08afiL5QREXl0k5q5pBtUVr01YNmWuU=
bg5h9I+iRtqwtIq2ILLLG9Aj/CiFNk5yRcHAPz20vM6tqv3aponUhk3OZXhnSuWNdqRGkEkNt0jWcNrOaqWFpusDo2uXTzESzcPImLLBZGE=
bg5h9I+iRtqwtIq2ILLLG9Aj/CiFNk5yRcHAPz20vM7uPmaY+pRzkPEd5hC4iXXn/+yPLlJ3tvVCwXVNiycM+OLS3vGkBvVzS671GzD/jPw=
bg5h9I+iRtqwtIq2ILLLG9Aj/CiFNk5yRcHAPz20vM4vZ/uDQA0ZoYLXcamdZOa1oyYiBmgg1UsOWpjo4R1Tql3sjVabr15kORcNm4FfJc4=
bg5h9I+iRtqwtIq2ILLLG9Aj/CiFNk5yRcHAPz20vM5HAK6kJ9LWBgWfM/DwoqmE+0kPk5UOI3FFzhH2NoPD51juHFDF7vGH5ApmuR3v6zA=
bg5h9I+iRtqwtIq2ILLLG9Aj/CiFNk5yRcHAPz20vM6tDg9JwfFUfHQcTpFuNaHpbUiff6TzVON9IZqO1CMUp3VSzJ2LIU1srQAkEasAp+s=
bg5h9I+iRtqwtIq2ILLLG9Aj/CiFNk5yRcHAPz20vM7xfiaLllvmzeGdWrDpU0REdiTrC5Fu5/sinThiWMUd5+M0eG/hYggYRRxiVwY1Vbo=
bg5h9I+iRtqwtIq2ILLLG9Aj/CiFNk5yRcHAPz20vM5oo9/vlm0dRR7gCQ0AuDPblQDtYJIiWwFjEtMZTYn9Mktk3jLWvTvZvLZYouNDixA=
