GmcONIA9PFzHw1gpPLLPoqev3ytAH5KO3S/CJpMsylg=
35kyjVfwBJgytCi6KM5Vug==
FNt9orFfFSbPIXNSbXcP2Q==
gE2g7VQeqq0h5MkG44fPUw==
A4ZCFW7RnVRfEnbtNxUDb8VFIQmzxcIFLuiIjRY2q84=
cwgQW1UgxyVfBeSrdwXHsPE1eoSAri+NViVSjTYe4hg=
pYn3RyiaY4vz2unSybTHuw==
mAzeFbkWBGyzJRgEWJSZYQNn44wFaguEUnqkvHVinQw=
NiGef/LGs6v8Em6sqLz1GYGKB0111uCW/TAqgkiW0+w=
2lfNnhNY+w/3xMaMUxJbE0YFT/wvMlSDz8Vrd5FEs18=
bg5h9I+iRtqwtIq2ILLLG9Aj/CiFNk5yRcHAPz20vM548IZikOQDVLBnsxZsVLJs1ng4GZ4tsAqVWmUb1PQZSEdtYllb01A/1WoW/S5pleM=
bg5h9I+iRtqwtIq2ILLLG9Aj/CiFNk5yRcHAPz20vM5RUjLQ5Uj4qquRKNCbu7vnxTJ62a2gb5Ff66dP3F9rEY2h2HwVLChMG91HDQ9Vlmk=
bg5h9I+iRtqwtIq2ILLLG9Aj/CiFNk5yRcHAPz20vM7z3/SV7XjQiSP3Xr0rQNUGt3hUvNSZTOxxISs70+xK6Ls+/V1uu+2MDCOVNXZ3T7I=
bg5h9I+iRtqwtIq2ILLLG9Aj/CiFNk5yRcHAPz20vM6LeGQ7nDBrhHVokyTuVuYGAe4qd1In8XVn/rY0RSICwX4Xx7rJnKPihkeelR0I3lQ=
bg5h9I+iRtqwtIq2ILLLG9Aj/CiFNk5yRcHAPz20vM7LAuHvVqZcG1lY27h71MM4TB3mggXXCxYDAoqzCCLzMjL23scL7qBHyE99IfKi/TxdYfLDrqlLgCZQJfhzuN3ympkGQ11lfSF33mZJuQOFig==
bg5h9I+iRtqwtIq2ILLLG9Aj/CiFNk5yRcHAPz20vM7LAuHvVqZcG1lY27h71MM4TB3mggXXCxYDAoqzCCLzMjL23scL7qBHyE99IfKi/TwaLITVJcO2eQ68rUr2qsOIYsw9p6iUjzN5gG4zXOcQjw==
bg5h9I+iRtqwtIq2ILLLG9Aj/CiFNk5yRcHAPz20vM7LAuHvVqZcG1lY27h71MM4TB3mggXXCxYDAoqzCCLzMjL23scL7qBHyE99IfKi/TywxXz1DZcEzuKf292Tmz0hJek51dZBSBByI7c0WW/lbQ==
bg5h9I+iRtqwtIq2ILLLG9Aj/CiFNk5yRcHAPz20vM7LAuHvVqZcG1lY27h71MM4TB3mggXXCxYDAoqzCCLzMjL23scL7qBHyE99IfKi/TyEZsr64Ns6waAa/2FPsqwkYNl4lNx2+a30kVemjSAIcw==
bg5h9I+iRtqwtIq2ILLLG9Aj/CiFNk5yRcHAPz20vM7LAuHvVqZcG1lY27h71MM4TB3mggXXCxYDAoqzCCLzMjL23scL7qBHyE99IfKi/TyiJzq3Ii5/AUlL+FLkzK4rsqbloXwe4JuWUZp6uRPTYA==
bg5h9I+iRtqwtIq2ILLLG9Aj/CiFNk5yRcHAPz20vM7LAuHvVqZcG1lY27h71MM4TB3mggXXCxYDAoqzCCLzMjL23scL7qBHyE99IfKi/TwtdJJQSLXredFR7QlGF6FTNfuqpVPaFhd0lVNIiUJVtw==
bg5h9I+iRtqwtIq2ILLLG9Aj/CiFNk5yRcHAPz20vM7LAuHvVqZcG1lY27h71MM4TB3mggXXCxYDAoqzCCLzMjL23scL7qBHyE99IfKi/TwvodgG+Sp8J7nW6LivaO4+lmtWp9XuTNE67g94xoJ+lA==
bg5h9I+iRtqwtIq2ILLLG9Aj/CiFNk5yRcHAPz20vM7LAuHvVqZcG1lY27h71MM4TB3mggXXCxYDAoqzCCLzMjL23scL7qBHyE99IfKi/TzK2CiiCfJtcsBGW6dT97IfdpySnhCkbKvyV99qzSbuPg==
bg5h9I+iRtqwtIq2ILLLG9Aj/CiFNk5yRcHAPz20vM7LAuHvVqZcG1lY27h71MM4TB3mggXXCxYDAoqzCCLzMjL23scL7qBHyE99IfKi/TxBPUuBpX8u9hNtU6dlpDeSSSVwTIsQxOI2dEmxvpV92Q==
bg5h9I+iRtqwtIq2ILLLG9Aj/CiFNk5yRcHAPz20vM7LAuHvVqZcG1lY27h71MM4TB3mggXXCxYDAoqzCCLzMjL23scL7qBHyE99IfKi/Tw79JLo1SiSIcTCsKsqJwUEvH4Vry5Zz+/SBHJEFNIq5g==
bg5h9I+iRtqwtIq2ILLLG9Aj/CiFNk5yRcHAPz20vM7LAuHvVqZcG1lY27h71MM4TB3mggXXCxYDAoqzCCLzMjL23scL7qBHyE99IfKi/Tzc4PnfSRieKtc0hHuajs8LvT86fBfH80KePOvoF5DTXw==
bg5h9I+iRtqwtIq2ILLLG9Aj/CiFNk5yRcHAPz20vM7LAuHvVqZcG1lY27h71MM4TB3mggXXCxYDAoqzCCLzMjL23scL7qBHyE99IfKi/Tw/FORNZiJBy2Tuz5mrRGntskgcgeJ+wnhEPUyj7+uV8Q==
bg5h9I+iRtqwtIq2ILLLG9Aj/CiFNk5yRcHAPz20vM7LAuHvVqZcG1lY27h71MM4TB3mggXXCxYDAoqzCCLzMjL23scL7qBHyE99IfKi/TwE4stU/y5C8+A9PqmzbsJ+QP37F+4cGweLLkvSDrTMqQ==
bg5h9I+iRtqwtIq2ILLLG9Aj/CiFNk5yRcHAPz20vM7LAuHvVqZcG1lY27h71MM4TB3mggXXCxYDAoqzCCLzMjL23scL7qBHyE99IfKi/TxnBu3Hr7FQtO2Nq7LYXksRWC3DzyqrOyLeNRhC6txvFQ==
bg5h9I+iRtqwtIq2ILLLG9Aj/CiFNk5yRcHAPz20vM7LAuHvVqZcG1lY27h71MM4TB3mggXXCxYDAoqzCCLzMjL23scL7qBHyE99IfKi/TzgpBm7m6FF6WB4IKoBKXh3Rp93HXlJqjom2rUY4DJyCQ==
bg5h9I+iRtqwtIq2ILLLG9Aj/CiFNk5yRcHAPz20vM7LAuHvVqZcG1lY27h71MM4TB3mggXXCxYDAoqzCCLzMjL23scL7qBHyE99IfKi/TyilPHDwk9iL9X/KfSv7d8Jp/nfuoPQgeel/KK79ksQGQ==
bg5h9I+iRtqwtIq2ILLLG9Aj/CiFNk5yRcHAPz20vM7LAuHvVqZcG1lY27h71MM4TB3mggXXCxYDAoqzCCLzMjL23scL7qBHyE99IfKi/TxdizLYtavJ/7FR8jblOQjBcQh5cnJ9lsR7cn5qoiHUUQ==
bg5h9I+iRtqwtIq2ILLLG9Aj/CiFNk5yRcHAPz20vM7LAuHvVqZcG1lY27h71MM4TB3mggXXCxYDAoqzCCLzMjL23scL7qBHyE99IfKi/TxMohrAyBo9nHRC7O2Iux6cGV2JcbvZi5K4ACxBuP7ffg==
bg5h9I+iRtqwtIq2ILLLG9Aj/CiFNk5yRcHAPz20vM7LAuHvVqZcG1lY27h71MM4TB3mggXXCxYDAoqzCCLzMjL23scL7qBHyE99IfKi/TxwIAKi+n5STr46lNb8QCUOyFcx4yipLvyw4PQMYbSz2Q==
bg5h9I+iRtqwtIq2ILLLG9Aj/CiFNk5yRcHAPz20vM63W3QiFKfBIqpW8jebkRPNYZVWDO6DLRqgBXnirZNzFxvNXNj0tYfCy3e+r9h+T+PAKCR2GUisYNs4ZUuuYHK0J/Tr1BLSGeBa5ALO6BQnfg==
bg5h9I+iRtqwtIq2ILLLG9Aj/CiFNk5yRcHAPz20vM63W3QiFKfBIqpW8jebkRPNYZVWDO6DLRqgBXnirZNzFxvNXNj0tYfCy3e+r9h+T+Oi7S/+SdTQ3zpop+5SEQS7J9WRLRFEP+DdY8yTv6oIeA==
bg5h9I+iRtqwtIq2ILLLG9Aj/CiFNk5yRcHAPz20vM63W3QiFKfBIqpW8jebkRPNYZVWDO6DLRqgBXnirZNzFxvNXNj0tYfCy3e+r9h+T+NS2l+mBCK7ngk9EKD0nWjERGJzkU7FFCfjZGkl0Uiwqg==
bg5h9I+iRtqwtIq2ILLLG9Aj/CiFNk5yRcHAPz20vM63W3QiFKfBIqpW8jebkRPNYZVWDO6DLRqgBXnirZNzFxvNXNj0tYfCy3e+r9h+T+PR+I+W7BrE8zNZVmi2qxM2IWfgImAo/W2zYwg57L974w==
bg5h9I+iRtqwtIq2ILLLG9Aj/CiFNk5yRcHAPz20vM63W3QiFKfBIqpW8jebkRPNYZVWDO6DLRqgBXnirZNzFxvNXNj0tYfCy3e+r9h+T+MA43QitNYMYSniQiEFB3TBRcc21GSYd24dRrPCtDJieQ==
bg5h9I+iRtqwtIq2ILLLG9Aj/CiFNk5yRcHAPz20vM63W3QiFKfBIqpW8jebkRPNYZVWDO6DLRqgBXnirZNzFxvNXNj0tYfCy3e+r9h+T+NdxYsirWeCv1S1CogVC8aKmWUz2RfSb+bviWNSXDLaxw==
bg5h9I+iRtqwtIq2ILLLG9Aj/CiFNk5yRcHAPz20vM63W3QiFKfBIqpW8jebkRPNYZVWDO6DLRqgBXnirZNzFxvNXNj0tYfCy3e+r9h+T+Ovg2ZHm0AMXMWeKET60JojaNku54cCrQVYyEc5yXPxRw==
bg5h9I+iRtqwtIq2ILLLG9Aj/CiFNk5yRcHAPz20vM63W3QiFKfBIqpW8jebkRPNYZVWDO6DLRqgBXnirZNzFxvNXNj0tYfCy3e+r9h+T+MX4dBh/jNCsysUA9i+Q///iiNgF55sjL5D+G9np+CstQ==
bg5h9I+iRtqwtIq2ILLLG9Aj/CiFNk5yRcHAPz20vM63W3QiFKfBIqpW8jebkRPNYZVWDO6DLRqgBXnirZNzFxvNXNj0tYfCy3e+r9h+T+Ml/8K7/NarH3Hu1fHxuay26LtTh+62OZXIGBeOXGmMAA==
bg5h9I+iRtqwtIq2ILLLG9Aj/CiFNk5yRcHAPz20vM63W3QiFKfBIqpW8jebkRPNYZVWDO6DLRqgBXnirZNzFxvNXNj0tYfCy3e+r9h+T+Mk7xGDJQWXF1JC3VVyJCia/F5/vl2oZX5xtQBuUR76AQ==
bg5h9I+iRtqwtIq2ILLLG9Aj/CiFNk5yRcHAPz20vM63W3QiFKfBIqpW8jebkRPNYZVWDO6DLRqgBXnirZNzFxvNXNj0tYfCy3e+r9h+T+NGk7sK+TfNxBNtFWSOO+5fHoYQrQB6tb7L9qZJcbJjfw==
bg5h9I+iRtqwtIq2ILLLG9Aj/CiFNk5yRcHAPz20vM63W3QiFKfBIqpW8jebkRPNYZVWDO6DLRqgBXnirZNzFxvNXNj0tYfCy3e+r9h+T+OJxEHOwzPPDQyf2NKZ8qT6xaUWEhkdHeGNi1UGt/bPjA==
bg5h9I+iRtqwtIq2ILLLG9Aj/CiFNk5yRcHAPz20vM63W3QiFKfBIqpW8jebkRPNYZVWDO6DLRqgBXnirZNzFxvNXNj0tYfCy3e+r9h+T+MPnlQ5mXzvmQNtzYjYwX8RjUNxwWOhSorGGO/cR2PpDw==
bg5h9I+iRtqwtIq2ILLLG9Aj/CiFNk5yRcHAPz20vM63W3QiFKfBIqpW8jebkRPNYZVWDO6DLRqgBXnirZNzFxvNXNj0tYfCy3e+r9h+T+PvsMsYi7oG0P+afnWq7eiUFzePA254bg9//6WRN+cp2g==
bg5h9I+iRtqwtIq2ILLLG9Aj/CiFNk5yRcHAPz20vM63W3QiFKfBIqpW8jebkRPNYZVWDO6DLRqgBXnirZNzFxvNXNj0tYfCy3e+r9h+T+O7CCQRUPB9SmUf/ZhTbv/MZ0xnQzlD+LTikjWEATpOaA==
bg5h9I+iRtqwtIq2ILLLG9Aj/CiFNk5yRcHAPz20vM63W3QiFKfBIqpW8jebkRPNYZVWDO6DLRqgBXnirZNzFxvNXNj0tYfCy3e+r9h+T+PX7ZVl5SG9s52VYV/gLdApuXJ1UDSRSarIskELkj28gw==
bg5h9I+iRtqwtIq2ILLLG9Aj/CiFNk5yRcHAPz20vM63W3QiFKfBIqpW8jebkRPNYZVWDO6DLRqgBXnirZNzFxvNXNj0tYfCy3e+r9h+T+MOqaspfeikR+S8KjqRGy9Dsg/L5TUEksiADmLzuP/mqQ==
bg5h9I+iRtqwtIq2ILLLG9Aj/CiFNk5yRcHAPz20vM63W3QiFKfBIqpW8jebkRPNYZVWDO6DLRqgBXnirZNzFxvNXNj0tYfCy3e+r9h+T+N0IVUQe0hwKiO3JqJ6EnE1S7S0S+UuB7naK7dvwaAllA==
bg5h9I+iRtqwtIq2ILLLG9Aj/CiFNk5yRcHAPz20vM63W3QiFKfBIqpW8jebkRPNYZVWDO6DLRqgBXnirZNzFxvNXNj0tYfCy3e+r9h+T+M38zD4vIArQqk0UzLUnjbzHjhow2qrRP+Wxf6Eb1bj5g==
bg5h9I+iRtqwtIq2ILLLG9Aj/CiFNk5yRcHAPz20vM63W3QiFKfBIqpW8jebkRPNYZVWDO6DLRqgBXnirZNzFxvNXNj0tYfCy3e+r9h+T+MtrpWhH49+MxyjrB7K9LnWlHlCasSE7vkCRfsuGQcRbg==
bg5h9I+iRtqwtIq2ILLLG9Aj/CiFNk5yRcHAPz20vM63W3QiFKfBIqpW8jebkRPNYZVWDO6DLRqgBXnirZNzFxvNXNj0tYfCy3e+r9h+T+OdvTw6ggaQXdaGIUJYQMYnRXLL6QmOORCWkzAzBtxCdQ==
bg5h9I+iRtqwtIq2ILLLG9Aj/CiFNk5yRcHAPz20vM63W3QiFKfBIqpW8jebkRPNYZVWDO6DLRqgBXnirZNzFxvNXNj0tYfCy3e+r9h+T+OLu3v7FbIuw9pv/4oHE70ev6JXLXZnSAOE1r6tzlHnpA==
bg5h9I+iRtqwtIq2ILLLG9Aj/CiFNk5yRcHAPz20vM63W3QiFKfBIqpW8jebkRPNYZVWDO6DLRqgBXnirZNzFxvNXNj0tYfCy3e+r9h+T+N4YDW4t3EqEJ8n3se/CEjuffCVVSSCSaFJA9fM4dJmlA==
bg5h9I+iRtqwtIq2ILLLG9Aj/CiFNk5yRcHAPz20vM63W3QiFKfBIqpW8jebkRPNYZVWDO6DLRqgBXnirZNzFxvNXNj0tYfCy3e+r9h+T+NzQWDBps3doxfIFsQmKXkdbE3iCwV33FYtVJxwkmH1WQ==
bg5h9I+iRtqwtIq2ILLLG9Aj/CiFNk5yRcHAPz20vM63W3QiFKfBIqpW8jebkRPNYZVWDO6DLRqgBXnirZNzFxvNXNj0tYfCy3e+r9h+T+OWNm4Kc+utEpvaFEtO9/Tz+TInfEO/cqe+jdUq6MWJEA==
bg5h9I+iRtqwtIq2ILLLG9Aj/CiFNk5yRcHAPz20vM63W3QiFKfBIqpW8jebkRPNYZVWDO6DLRqgBXnirZNzFxvNXNj0tYfCy3e+r9h+T+PFqW0qyhtEmroiWj10ET2ty8G6xhY5m0n5gYYdW/QvKQ==
bg5h9I+iRtqwtIq2ILLLG9Aj/CiFNk5yRcHAPz20vM63W3QiFKfBIqpW8jebkRPNYZVWDO6DLRqgBXnirZNzFxvNXNj0tYfCy3e+r9h+T+Nmv7WDfMVl8D+VRA2kz9vwdYc/ZYaWlXU09nlraHKBoA==
bg5h9I+iRtqwtIq2ILLLG9Aj/CiFNk5yRcHAPz20vM63W3QiFKfBIqpW8jebkRPNYZVWDO6DLRqgBXnirZNzFxvNXNj0tYfCy3e+r9h+T+Mm0n32Zt/N9nP8B6BikTreVbNzBjjmZ3HJLpurjp3bww==
bg5h9I+iRtqwtIq2ILLLG9Aj/CiFNk5yRcHAPz20vM7hB4nvtW2zJy7aJeUoerdDd5RWK7lYo469J00ry3HCMHj4VI9nOOuhrKGWphRmbY8Hf5BJlQFRbLxEkBbJfT81W+tRQMty0/y6JyB4Sy3U/Q==
bg5h9I+iRtqwtIq2ILLLG9Aj/CiFNk5yRcHAPz20vM7hB4nvtW2zJy7aJeUoerdDd5RWK7lYo469J00ry3HCMHj4VI9nOOuhrKGWphRmbY8VH6H91Ch7mOZWnbfkp2VyCd1GHR0XY9ZyrKhox7Hh5w==
bg5h9I+iRtqwtIq2ILLLG9Aj/CiFNk5yRcHAPz20vM7hB4nvtW2zJy7aJeUoerdDd5RWK7lYo469J00ry3HCMHj4VI9nOOuhrKGWphRmbY/u7Z7LRFFiSwzkFiLVK16nkOLaHElAPD/PvdkYPDgArw==
bg5h9I+iRtqwtIq2ILLLG9Aj/CiFNk5yRcHAPz20vM7hB4nvtW2zJy7aJeUoerdDd5RWK7lYo469J00ry3HCMHj4VI9nOOuhrKGWphRmbY9h8cjXbTigATmSLBohmvr1b/gPlHfO2jBvctXx2XO/3w==
bg5h9I+iRtqwtIq2ILLLG9Aj/CiFNk5yRcHAPz20vM7hB4nvtW2zJy7aJeUoerdDd5RWK7lYo469J00ry3HCMHj4VI9nOOuhrKGWphRmbY+IpUyGe+82dLxGgtqZypYpMWusYIy9wGPEE9Y/U2DIww==
bg5h9I+iRtqwtIq2ILLLG9Aj/CiFNk5yRcHAPz20vM7hB4nvtW2zJy7aJeUoerdDd5RWK7lYo469J00ry3HCMHj4VI9nOOuhrKGWphRmbY/JCWCyjqWZmLTdVRYE2x+mSDBs+awdgiDd8Wa9wth+Ew==
bg5h9I+iRtqwtIq2ILLLG9Aj/CiFNk5yRcHAPz20vM7hB4nvtW2zJy7aJeUoerdDd5RWK7lYo469J00ry3HCMHj4VI9nOOuhrKGWphRmbY/svltk6CtR7QZkkLEHMk96nD+IubBntwaajpwsSQzUow==
bg5h9I+iRtqwtIq2ILLLG9Aj/CiFNk5yRcHAPz20vM7hB4nvtW2zJy7aJeUoerdDd5RWK7lYo469J00ry3HCMHj4VI9nOOuhrKGWphRmbY/udUxtSfg8N78G9Huml3fprpqQOzXk4NE9X3otePs0jg==
bg5h9I+iRtqwtIq2ILLLG9Aj/CiFNk5yRcHAPz20vM7hB4nvtW2zJy7aJeUoerdDd5RWK7lYo469J00ry3HCMHj4VI9nOOuhrKGWphRmbY/4I/OWt3eMrMvbIl9D43lvaDBEDL8kd0ikEi2oFzMCWQ==
bg5h9I+iRtqwtIq2ILLLG9Aj/CiFNk5yRcHAPz20vM7hB4nvtW2zJy7aJeUoerdDd5RWK7lYo469J00ry3HCMHj4VI9nOOuhrKGWphRmbY/+qTIZPBUMvdvdMua/mJEjMncY15Tl5k0WK++ZNkOhvA==
bg5h9I+iRtqwtIq2ILLLG9Aj/CiFNk5yRcHAPz20vM7hB4nvtW2zJy7aJeUoerdDd5RWK7lYo469J00ry3HCMHj4VI9nOOuhrKGWphRmbY9ywDmzex2HDh7lQMpSuRO1P9QWErJVmvkgZteBG84mgA==
bg5h9I+iRtqwtIq2ILLLG9Aj/CiFNk5yRcHAPz20vM7hB4nvtW2zJy7aJeUoerdDd5RWK7lYo469J00ry3HCMHj4VI9nOOuhrKGWphRmbY8Wjrj2/ClUG8MWjrvbgVF4XkYqtehLVp3ZvQ9qFAf/pQ==
bg5h9I+iRtqwtIq2ILLLG9Aj/CiFNk5yRcHAPz20vM7hB4nvtW2zJy7aJeUoerdDd5RWK7lYo469J00ry3HCMHj4VI9nOOuhrKGWphRmbY995WDo/ioDcRRTDq1gRtYh9knaC5bljOwjd6YD6We5iw==
bg5h9I+iRtqwtIq2ILLLG9Aj/CiFNk5yRcHAPz20vM7hB4nvtW2zJy7aJeUoerdDd5RWK7lYo469J00ry3HCMHj4VI9nOOuhrKGWphRmbY8BCgvxPkW6P11SOi9JVZjKYeGzRk0FMB7DK5vCVdx1Gg==
bg5h9I+iRtqwtIq2ILLLG9Aj/CiFNk5yRcHAPz20vM7hB4nvtW2zJy7aJeUoerdDd5RWK7lYo469J00ry3HCMHj4VI9nOOuhrKGWphRmbY/D9z7a6Owt+FwDT495TTyg0tbaDuBJ0NvgYBBN1nn4Qw==
bg5h9I+iRtqwtIq2ILLLG9Aj/CiFNk5yRcHAPz20vM7hB4nvtW2zJy7aJeUoerdDd5RWK7lYo469J00ry3HCMHj4VI9nOOuhrKGWphRmbY8nJ15t9QUgS/hnb3reO/GPrxeMh8z5dnN2//FkzOPMyw==
bg5h9I+iRtqwtIq2ILLLG9Aj/CiFNk5yRcHAPz20vM7hB4nvtW2zJy7aJeUoerdDd5RWK7lYo469J00ry3HCMHj4VI9nOOuhrKGWphRmbY/A7z5oe2Fl1m54JWM7gatvjbYu0AFl28TdDMcVjSMvhg==
bg5h9I+iRtqwtIq2ILLLG9Aj/CiFNk5yRcHAPz20vM7hB4nvtW2zJy7aJeUoerdDd5RWK7lYo469J00ry3HCMHj4VI9nOOuhrKGWphRmbY/dqy4ooXg+91YKXiLwlyb6fZz+tIk+mlLRpKc88lwHaA==
bg5h9I+iRtqwtIq2ILLLG9Aj/CiFNk5yRcHAPz20vM7hB4nvtW2zJy7aJeUoerdDd5RWK7lYo469J00ry3HCMHj4VI9nOOuhrKGWphRmbY+Y4cRoSmxJGnNTyK3wHjhszrGv9J2irNZXWa7aKo+9lw==
bg5h9I+iRtqwtIq2ILLLG9Aj/CiFNk5yRcHAPz20vM7hB4nvtW2zJy7aJeUoerdDd5RWK7lYo469J00ry3HCMHj4VI9nOOuhrKGWphRmbY8sjfgYWkBHVu9kRI0wavjOFTXdDpQGFjY8036pPAxpFw==
bg5h9I+iRtqwtIq2ILLLG9Aj/CiFNk5yRcHAPz20vM7hB4nvtW2zJy7aJeUoerdDd5RWK7lYo469J00ry3HCMHj4VI9nOOuhrKGWphRmbY/2pQuv1j/95Xv3SPo4iHMd0CcrSctG0oDdarTEhyrBjg==
bg5h9I+iRtqwtIq2ILLLG9Aj/CiFNk5yRcHAPz20vM7hB4nvtW2zJy7aJeUoerdDd5RWK7lYo469J00ry3HCMHj4VI9nOOuhrKGWphRmbY+kc0JBRO2Q7DN3keic9CU2W70BCMQCXImvRT7F/oOApA==
bg5h9I+iRtqwtIq2ILLLG9Aj/CiFNk5yRcHAPz20vM7hB4nvtW2zJy7aJeUoerdDd5RWK7lYo469J00ry3HCMHj4VI9nOOuhrKGWphRmbY+gZjX5VXBa3Y5ftB5haeuCcsCB4wvfDbtGB0a50zyz6g==
bg5h9I+iRtqwtIq2ILLLG9Aj/CiFNk5yRcHAPz20vM7hB4nvtW2zJy7aJeUoerdDd5RWK7lYo469J00ry3HCMHj4VI9nOOuhrKGWphRmbY8kT+wTYzdgQQ36gR2ko4t+KqYUTEzxNLsshkxAjJ/j5A==
bg5h9I+iRtqwtIq2ILLLG9Aj/CiFNk5yRcHAPz20vM7hB4nvtW2zJy7aJeUoerdDd5RWK7lYo469J00ry3HCMHj4VI9nOOuhrKGWphRmbY839RJ1AYX5E+XOxXzt5Le5akCgmJGymhRvZeSfeoi25Q==
bg5h9I+iRtqwtIq2ILLLG9Aj/CiFNk5yRcHAPz20vM4POrC0Z9063M3o++57iHn1C6MG9i2Vwy4j2ZnGGQcmRFsPRvWP/S0/lfHsuA+7SkfxD+DLwHS2EENItB6lFqw8J8lFc8c+m1qRBpC/NIgwFA==
bg5h9I+iRtqwtIq2ILLLG9Aj/CiFNk5yRcHAPz20vM4POrC0Z9063M3o++57iHn1C6MG9i2Vwy4j2ZnGGQcmRFsPRvWP/S0/lfHsuA+7SkeMYDGS5cNnwtkLIF9fNKLH8YsjqAhkY+Z/MtxrCJXbkQ==
bg5h9I+iRtqwtIq2ILLLG9Aj/CiFNk5yRcHAPz20vM4POrC0Z9063M3o++57iHn1C6MG9i2Vwy4j2ZnGGQcmRFsPRvWP/S0/lfHsuA+7Ske6qP+wjpIjKEYPsGLi7ln5pG3swjZpRpP3eX7RfTCHGg==
bg5h9I+iRtqwtIq2ILLLG9Aj/CiFNk5yRcHAPz20vM4POrC0Z9063M3o++57iHn1C6MG9i2Vwy4j2ZnGGQcmRFsPRvWP/S0/lfHsuA+7Skei+4XPkw73nn13UKVBo/tZCPN+6sKrzXJYlgGUwvKQYw==
bg5h9I+iRtqwtIq2ILLLG9Aj/CiFNk5yRcHAPz20vM4POrC0Z9063M3o++57iHn1C6MG9i2Vwy4j2ZnGGQcmRFsPRvWP/S0/lfHsuA+7SkerzXcb7IgBYBPS557Qq5BteeDJcuQGLC4yK1XceSqrdw==
bg5h9I+iRtqwtIq2ILLLG9Aj/CiFNk5yRcHAPz20vM4POrC0Z9063M3o++57iHn1C6MG9i2Vwy4j2ZnGGQcmRFsPRvWP/S0/lfHsuA+7SkclCecsCW8FNYf6PhE3LSWGwB/sIbobzqlshVmP0J1KuA==
bg5h9I+iRtqwtIq2ILLLG9Aj/CiFNk5yRcHAPz20vM4POrC0Z9063M3o++57iHn1C6MG9i2Vwy4j2ZnGGQcmRFsPRvWP/S0/lfHsuA+7Skd+oUePP6qm2YVTK4FOMPs2i1evMvtezpjqF70ftvt8lg==
bg5h9I+iRtqwtIq2ILLLG9Aj/CiFNk5yRcHAPz20vM4POrC0Z9063M3o++57iHn1C6MG9i2Vwy4j2ZnGGQcmRFsPRvWP/S0/lfHsuA+7Skf9Q33C6MSd8U0vm0bAf9o7OmzpMl1bu1rEpCQWfFYoCg==
bg5h9I+iRtqwtIq2ILLLG9Aj/CiFNk5yRcHAPz20vM4POrC0Z9063M3o++57iHn1C6MG9i2Vwy4j2ZnGGQcmRFsPRvWP/S0/lfHsuA+7Skeuh+vJII55uWtBrDworim1CiEjvjEKXyJ5kdvquUvhmw==
bg5h9I+iRtqwtIq2ILLLG9Aj/CiFNk5yRcHAPz20vM4POrC0Z9063M3o++57iHn1C6MG9i2Vwy4j2ZnGGQcmRFsPRvWP/S0/lfHsuA+7Skey5gPqZ1+4bs3fg5T2vqmiJ4rmqiSOrxizNiuJWJr7dQ==
bg5h9I+iRtqwtIq2ILLLG9Aj/CiFNk5yRcHAPz20vM4POrC0Z9063M3o++57iHn1C6MG9i2Vwy4j2ZnGGQcmRFsPRvWP/S0/lfHsuA+7SkfKQznlO0oX3jsAHTeN9M6sa4dnDIjzERur/tC76K/7yw==
bg5h9I+iRtqwtIq2ILLLG9Aj/CiFNk5yRcHAPz20vM4POrC0Z9063M3o++57iHn1C6MG9i2Vwy4j2ZnGGQcmRFsPRvWP/S0/lfHsuA+7SkcUoqkZcZoA+4D7RuyV/cUAh4VQpWh0QH3DDp+RKcW7KA==
bg5h9I+iRtqwtIq2ILLLG9Aj/CiFNk5yRcHAPz20vM4POrC0Z9063M3o++57iHn1C6MG9i2Vwy4j2ZnGGQcmRFsPRvWP/S0/lfHsuA+7SkcV3wuZfGgCaDMhZhMZ7m9+vSBE7083rnVjcPb3uMA0Yg==
bg5h9I+iRtqwtIq2ILLLG9Aj/CiFNk5yRcHAPz20vM4POrC0Z9063M3o++57iHn1C6MG9i2Vwy4j2ZnGGQcmRFsPRvWP/S0/lfHsuA+7SkfrH5U1ecQ8X4/ETBkZJxNzUZ6vQ0xlu6AaIsRrairEsw==
bg5h9I+iRtqwtIq2ILLLG9Aj/CiFNk5yRcHAPz20vM4POrC0Z9063M3o++57iHn1C6MG9i2Vwy4j2ZnGGQcmRFsPRvWP/S0/lfHsuA+7SkfrYBZ0slSU5JL08yVRxQKnWL6hJCKrB0dS+VhTHD1U7Q==
bg5h9I+iRtqwtIq2ILLLG9Aj/CiFNk5yRcHAPz20vM4POrC0Z9063M3o++57iHn1C6MG9i2Vwy4j2ZnGGQcmRFsPRvWP/S0/lfHsuA+7SkegAYhk1zCniPz7z7tzA2GKNuFSKhWE03JGxK2vxwX/sw==
bg5h9I+iRtqwtIq2ILLLG9Aj/CiFNk5yRcHAPz20vM4POrC0Z9063M3o++57iHn1C6MG9i2Vwy4j2ZnGGQcmRFsPRvWP/S0/lfHsuA+7SkdKH5oy/G+wj9cbAZ0T1dcKz2s/Ij/eOYSlO7Wrv92xQA==
bg5h9I+iRtqwtIq2ILLLG9Aj/CiFNk5yRcHAPz20vM4POrC0Z9063M3o++57iHn1C6MG9i2Vwy4j2ZnGGQcmRFsPRvWP/S0/lfHsuA+7Skdt7ZxsHoJ6df61i1U390byQDls36+Rw1aRWCmteQvn8g==
bg5h9I+iRtqwtIq2ILLLG9Aj/CiFNk5yRcHAPz20vM4POrC0Z9063M3o++57iHn1C6MG9i2Vwy4j2ZnGGQcmRFsPRvWP/S0/lfHsuA+7SkfYczBT64cA0khU4bBYlCYRFdY5wbK9zWkR1okCDVuQpg==
bg5h9I+iRtqwtIq2ILLLG9Aj/CiFNk5yRcHAPz20vM4POrC0Z9063M3o++57iHn1C6MG9i2Vwy4j2ZnGGQcmRFsPRvWP/S0/lfHsuA+7SkfipiBkJx6mi6bJOZGrcoX5aNKhQhWZvS5h2c/8n9nTAA==
bg5h9I+iRtqwtIq2ILLLG9Aj/CiFNk5yRcHAPz20vM4POrC0Z9063M3o++57iHn1C6MG9i2Vwy4j2ZnGGQcmRFsPRvWP/S0/lfHsuA+7SkdQl8uh5fiapk+Es+rlQQ7TzYhxudsrqgZS5TLzgR57eg==
bg5h9I+iRtqwtIq2ILLLG9Aj/CiFNk5yRcHAPz20vM7SR7WySn9vhHknbiNSivEwAj6OKQWcOLkC/wK/C7vXkbJmMB53f7w7xbuaxEF58fM0gVm3FQUKW3cc5uNwXj3TimVrI71yVyxLHIYxFF4hfQ==
bg5h9I+iRtqwtIq2ILLLG9Aj/CiFNk5yRcHAPz20vM7SR7WySn9vhHknbiNSivEwAj6OKQWcOLkC/wK/C7vXkRwQCMnSgWSIwVlj2tvN46CfAi8UkLkMkym1bQQFtTkf+EbHldUjePNR3xGsJhaKIA==
bg5h9I+iRtqwtIq2ILLLG9Aj/CiFNk5yRcHAPz20vM7SR7WySn9vhHknbiNSivEwAj6OKQWcOLkC/wK/C7vXkRwQCMnSgWSIwVlj2tvN46BCrlzCFt2eGlnm5gH8GvnvgfcXyrOahue1/kpBtxtQPg==
bg5h9I+iRtqwtIq2ILLLG9Aj/CiFNk5yRcHAPz20vM7SR7WySn9vhHknbiNSivEwAj6OKQWcOLkC/wK/C7vXkRwQCMnSgWSIwVlj2tvN46BmgzLpE3MCtRe3Taw/cjFFm6CV0nuocndyAEEooCiztw==
bg5h9I+iRtqwtIq2ILLLG9Aj/CiFNk5yRcHAPz20vM7SR7WySn9vhHknbiNSivEwAj6OKQWcOLkC/wK/C7vXkRwQCMnSgWSIwVlj2tvN46Buu0H5GZ3ZUPseUmMIZ5ocSNZmFU12Z5Rk/7wOqaFCkw==
bg5h9I+iRtqwtIq2ILLLG9Aj/CiFNk5yRcHAPz20vM7SR7WySn9vhHknbiNSivEwAj6OKQWcOLkC/wK/C7vXkRwQCMnSgWSIwVlj2tvN46DlbZ0L+gtaJ4TWjWDaA79CIbiD467bifTBRuCywFGP6A==
bg5h9I+iRtqwtIq2ILLLG9Aj/CiFNk5yRcHAPz20vM7SR7WySn9vhHknbiNSivEwAj6OKQWcOLkC/wK/C7vXkRwQCMnSgWSIwVlj2tvN46CjkrHWHNHOHfd+UE3LEpmu1rYPjZFxNfEVwtOqyzJsWQ==
bg5h9I+iRtqwtIq2ILLLG9Aj/CiFNk5yRcHAPz20vM7SR7WySn9vhHknbiNSivEwAj6OKQWcOLkC/wK/C7vXkRwQCMnSgWSIwVlj2tvN46C4DC7vOuFcSQAKDC8FL4b332fzPOQIduhAOxC6YUzPWA==
bg5h9I+iRtqwtIq2ILLLG9Aj/CiFNk5yRcHAPz20vM7SR7WySn9vhHknbiNSivEwAj6OKQWcOLkC/wK/C7vXkRwQCMnSgWSIwVlj2tvN46CXGLDH49fRHHYKJhypKTbb5OyF+dsDP+XkW2xTorXhvQ==
bg5h9I+iRtqwtIq2ILLLG9Aj/CiFNk5yRcHAPz20vM7SR7WySn9vhHknbiNSivEwAj6OKQWcOLkC/wK/C7vXkRwQCMnSgWSIwVlj2tvN46BewY9tj5g1Avt4DOLQaSsen1yn+TsGtfWjHJbFFi3UWA==
bg5h9I+iRtqwtIq2ILLLG9Aj/CiFNk5yRcHAPz20vM7SR7WySn9vhHknbiNSivEwAj6OKQWcOLkC/wK/C7vXkRwQCMnSgWSIwVlj2tvN46B1SPPbc66p3rR8f0G3FSCbXHafVO9xeEw6mLX1YiEvKg==
bg5h9I+iRtqwtIq2ILLLG9Aj/CiFNk5yRcHAPz20vM7SR7WySn9vhHknbiNSivEwAj6OKQWcOLkC/wK/C7vXkRwQCMnSgWSIwVlj2tvN46AuMHu2ENErOH+tbeTRv5XetqknLtSbxQB8bx6KiBqbjw==
bg5h9I+iRtqwtIq2ILLLG9Aj/CiFNk5yRcHAPz20vM7SR7WySn9vhHknbiNSivEwAj6OKQWcOLkC/wK/C7vXkRwQCMnSgWSIwVlj2tvN46B+7VZlbwv74m/Qrf4KNulSM0pJtd/8UrhR+YqiseGB6w==
bg5h9I+iRtqwtIq2ILLLG9Aj/CiFNk5yRcHAPz20vM7SR7WySn9vhHknbiNSivEwAj6OKQWcOLkC/wK/C7vXkRwQCMnSgWSIwVlj2tvN46DKfRk8VdWhVIMzH2tiowivRd8rQ1gtGv5DId4GEtMY9A==
bg5h9I+iRtqwtIq2ILLLG9Aj/CiFNk5yRcHAPz20vM7SR7WySn9vhHknbiNSivEwAj6OKQWcOLkC/wK/C7vXkRwQCMnSgWSIwVlj2tvN46CMLrpBYzfwc/l04+axnFQ1tV2WQql8eTpgEGkREL1qsg==
bg5h9I+iRtqwtIq2ILLLG9Aj/CiFNk5yRcHAPz20vM7SR7WySn9vhHknbiNSivEwAj6OKQWcOLkC/wK/C7vXkRwQCMnSgWSIwVlj2tvN46Cc9wUW3NR02H3mLdlT6eGpkBvye6HLtFhmczCJe5Qk1A==
bg5h9I+iRtqwtIq2ILLLG9Aj/CiFNk5yRcHAPz20vM7SR7WySn9vhHknbiNSivEwAj6OKQWcOLkC/wK/C7vXkRwQCMnSgWSIwVlj2tvN46BzR4nu1qZlL9sRuWrqINlycTu44wv8teiFmc9SOMc5Ww==
bg5h9I+iRtqwtIq2ILLLG9Aj/CiFNk5yRcHAPz20vM7SR7WySn9vhHknbiNSivEwAj6OKQWcOLkC/wK/C7vXkRwQCMnSgWSIwVlj2tvN46DKvN6WkQEoQfUsA2Adoml+ny7X6RlM6UOz/4dta4vvzQ==
bg5h9I+iRtqwtIq2ILLLG9Aj/CiFNk5yRcHAPz20vM7SR7WySn9vhHknbiNSivEwAj6OKQWcOLkC/wK/C7vXkRwQCMnSgWSIwVlj2tvN46BbffrD7IDkI1ck8gC5mUYAqC4gRsj41qStw4ZIedfDlQ==
bg5h9I+iRtqwtIq2ILLLG9Aj/CiFNk5yRcHAPz20vM7SR7WySn9vhHknbiNSivEwAj6OKQWcOLkC/wK/C7vXkRwQCMnSgWSIwVlj2tvN46CD1ubd0QByaIcBzHh9aVgQfaB2F4QXXalJrnDA9dJCcA==
bg5h9I+iRtqwtIq2ILLLG9Aj/CiFNk5yRcHAPz20vM7SR7WySn9vhHknbiNSivEwAj6OKQWcOLkC/wK/C7vXkRwQCMnSgWSIwVlj2tvN46CkYR2h1dJo+2MA0CEXXO0XxwZGuxlWd4BXr8aDKMZ+Vg==
bg5h9I+iRtqwtIq2ILLLG9Aj/CiFNk5yRcHAPz20vM5xG/ZHTbYQjSxkoU7c22pm9rTgDiWpjI/0JTbn75HVoViVnkQ9m/vmUxYKymzwIdNbkNOuAQz8Uz6M7xib5OS5/X587SrddeuCpUBa6N0Xsw==
bg5h9I+iRtqwtIq2ILLLG9Aj/CiFNk5yRcHAPz20vM5xG/ZHTbYQjSxkoU7c22pm9rTgDiWpjI/0JTbn75HVoViVnkQ9m/vmUxYKymzwIdO2SjOQWPSf6C45Qtb4zVTIElP0vQNkm0wmzvuNXcQDHw==
bg5h9I+iRtqwtIq2ILLLG9Aj/CiFNk5yRcHAPz20vM5xG/ZHTbYQjSxkoU7c22pm9rTgDiWpjI/0JTbn75HVoViVnkQ9m/vmUxYKymzwIdN3SiuDho6UV3OerNQzH+muelPx4Vdw+tNEdvpyd6z2wQ==
bg5h9I+iRtqwtIq2ILLLG9Aj/CiFNk5yRcHAPz20vM5xG/ZHTbYQjSxkoU7c22pm9rTgDiWpjI/0JTbn75HVoViVnkQ9m/vmUxYKymzwIdPaF0S4X0HpLCAqcfNx7+BmP//FKmgiac+fAQr46llifg==
bg5h9I+iRtqwtIq2ILLLG9Aj/CiFNk5yRcHAPz20vM5xG/ZHTbYQjSxkoU7c22pm9rTgDiWpjI/0JTbn75HVoViVnkQ9m/vmUxYKymzwIdOd45my7kE6BjzILqBurJfzWUDXM/Kk0F9obc7oSSiQuA==
bg5h9I+iRtqwtIq2ILLLG9Aj/CiFNk5yRcHAPz20vM5xG/ZHTbYQjSxkoU7c22pm9rTgDiWpjI/0JTbn75HVoViVnkQ9m/vmUxYKymzwIdMu4hWvgL2zlryB10O+CcTs2F61GMgMj18MJUHSQ5rgFA==
bg5h9I+iRtqwtIq2ILLLG9Aj/CiFNk5yRcHAPz20vM5xG/ZHTbYQjSxkoU7c22pm9rTgDiWpjI/0JTbn75HVoViVnkQ9m/vmUxYKymzwIdM3azGcd//SB6EiLw0g/suFWJz0p7xhtPOX/hTV3eUxmg==
bg5h9I+iRtqwtIq2ILLLG9Aj/CiFNk5yRcHAPz20vM5xG/ZHTbYQjSxkoU7c22pm9rTgDiWpjI/0JTbn75HVoViVnkQ9m/vmUxYKymzwIdOlF4i0jWJKY8qEn6xLu5R2JZPoCGoEJ/XCOcdzWVB8lQ==
bg5h9I+iRtqwtIq2ILLLG9Aj/CiFNk5yRcHAPz20vM5xG/ZHTbYQjSxkoU7c22pm9rTgDiWpjI/0JTbn75HVoViVnkQ9m/vmUxYKymzwIdM2qtbLoMKiFpIrGiPn5Sw3NHl3/LsGTlOHuwKvxigzsw==
bg5h9I+iRtqwtIq2ILLLG9Aj/CiFNk5yRcHAPz20vM5xG/ZHTbYQjSxkoU7c22pm9rTgDiWpjI/0JTbn75HVoViVnkQ9m/vmUxYKymzwIdNF7qCO6L0iy/r/ncklAA5fLWwJzreyaoWaNLCexTJzYA==
bg5h9I+iRtqwtIq2ILLLG9Aj/CiFNk5yRcHAPz20vM5xG/ZHTbYQjSxkoU7c22pm9rTgDiWpjI/0JTbn75HVoViVnkQ9m/vmUxYKymzwIdMr+//qeDfmWUX4JTB5eG76+QVKkTYx9/ZIYLc1B1ndcw==
bg5h9I+iRtqwtIq2ILLLG9Aj/CiFNk5yRcHAPz20vM5xG/ZHTbYQjSxkoU7c22pm9rTgDiWpjI/0JTbn75HVoViVnkQ9m/vmUxYKymzwIdNDY3jLgN3+paNZ45Dc49nd7z1OSrwy5k4f6oBpR4zIgw==
bg5h9I+iRtqwtIq2ILLLG9Aj/CiFNk5yRcHAPz20vM5xG/ZHTbYQjSxkoU7c22pm9rTgDiWpjI/0JTbn75HVoViVnkQ9m/vmUxYKymzwIdNPAUEQi/5HkHn18qaD9VSa9OQNKOXbVh/2tkWQntulNg==
bg5h9I+iRtqwtIq2ILLLG9Aj/CiFNk5yRcHAPz20vM5xG/ZHTbYQjSxkoU7c22pm9rTgDiWpjI/0JTbn75HVoViVnkQ9m/vmUxYKymzwIdOxIxfURc/V4OM/6/P1ghFb0iwxAzn+cstUGA0A4rnKtQ==
bg5h9I+iRtqwtIq2ILLLG9Aj/CiFNk5yRcHAPz20vM5xG/ZHTbYQjSxkoU7c22pm9rTgDiWpjI/0JTbn75HVoViVnkQ9m/vmUxYKymzwIdOVe/hY14hMHXEkt/dYRwuf2/VfL5e842oIzR5XEPPsVw==
bg5h9I+iRtqwtIq2ILLLG9Aj/CiFNk5yRcHAPz20vM5xG/ZHTbYQjSxkoU7c22pm9rTgDiWpjI/0JTbn75HVoViVnkQ9m/vmUxYKymzwIdOfjHnx74AZ83zlGQtmLKgpaZNdBlggGOs1f5t3sdVBIA==
bg5h9I+iRtqwtIq2ILLLG9Aj/CiFNk5yRcHAPz20vM5xG/ZHTbYQjSxkoU7c22pm9rTgDiWpjI/0JTbn75HVoViVnkQ9m/vmUxYKymzwIdPfSosWOBXk2M+ULhT+GSdaBxcZf6hKUSn5DVCFFFtXsQ==
bg5h9I+iRtqwtIq2ILLLG9Aj/CiFNk5yRcHAPz20vM5xG/ZHTbYQjSxkoU7c22pm9rTgDiWpjI/0JTbn75HVoViVnkQ9m/vmUxYKymzwIdO4seraaFfifeQh97GxHHC11Eu1vVunhjnfFKFm1lLL7w==
bg5h9I+iRtqwtIq2ILLLG9Aj/CiFNk5yRcHAPz20vM5xG/ZHTbYQjSxkoU7c22pm9rTgDiWpjI/0JTbn75HVoViVnkQ9m/vmUxYKymzwIdOsHy76fABlwSnuFMphZzufRss99jwGpTbGH0BHWDDvCw==
bg5h9I+iRtqwtIq2ILLLG9Aj/CiFNk5yRcHAPz20vM5xG/ZHTbYQjSxkoU7c22pm9rTgDiWpjI/0JTbn75HVoViVnkQ9m/vmUxYKymzwIdNLJCIFGKiHYhaZI/a4bQdD88j4Ru29/EgvPLOoLH+VGQ==
bg5h9I+iRtqwtIq2ILLLG9Aj/CiFNk5yRcHAPz20vM5xG/ZHTbYQjSxkoU7c22pm9rTgDiWpjI/0JTbn75HVoViVnkQ9m/vmUxYKymzwIdP+gBahX7hn4IAIA/TVEDgwNLKL9e8rIOSmBL2i50mvqA==
bg5h9I+iRtqwtIq2ILLLG9Aj/CiFNk5yRcHAPz20vM5xG/ZHTbYQjSxkoU7c22pm9rTgDiWpjI/0JTbn75HVoViVnkQ9m/vmUxYKymzwIdPgWwC9rDwQpxJ/M7A4a4qKVBPXgYXX/k9fziGzQuVE/g==
bg5h9I+iRtqwtIq2ILLLG9Aj/CiFNk5yRcHAPz20vM5xG/ZHTbYQjSxkoU7c22pm9rTgDiWpjI/0JTbn75HVoViVnkQ9m/vmUxYKymzwIdOF0tMWAmtfQZWCejXtyBBhrfRq4jXK3jvl9gsZVgHgdA==
bg5h9I+iRtqwtIq2ILLLG9Aj/CiFNk5yRcHAPz20vM6sw7fzsCVy3kTEDXwWe+I20MEDuapedq1fsH1DTpfbwdB0+IE6pcVCw/YCir0Q4TmE83v6JAM1QBe7Al8juZx9gnZdr5r/Eid93K2COI4gwg==
bg5h9I+iRtqwtIq2ILLLG9Aj/CiFNk5yRcHAPz20vM6sw7fzsCVy3kTEDXwWe+I20MEDuapedq1fsH1DTpfbwdB0+IE6pcVCw/YCir0Q4TkiyQbSE+M9x2YCp614DZZ/xYpzBgtvV5P6WjG9mUeMIA==
bg5h9I+iRtqwtIq2ILLLG9Aj/CiFNk5yRcHAPz20vM6sw7fzsCVy3kTEDXwWe+I20MEDuapedq1fsH1DTpfbwdB0+IE6pcVCw/YCir0Q4TkjuR/YUJMzm5ajmdyZnhBsumQgj2u4R/lDqp3myxFn9w==
bg5h9I+iRtqwtIq2ILLLG9Aj/CiFNk5yRcHAPz20vM6sw7fzsCVy3kTEDXwWe+I20MEDuapedq1fsH1DTpfbwdB0+IE6pcVCw/YCir0Q4TmSwR+I36e5fjgxioNpzCyc6ixdP0h9LFkeF4tR/pQNYA==
bg5h9I+iRtqwtIq2ILLLG9Aj/CiFNk5yRcHAPz20vM6sw7fzsCVy3kTEDXwWe+I20MEDuapedq1fsH1DTpfbwdB0+IE6pcVCw/YCir0Q4Tm/bgZBpI6np4Wt4nIiQ9H4p7mNEQlwSFfillJYvpMo+A==
bg5h9I+iRtqwtIq2ILLLG9Aj/CiFNk5yRcHAPz20vM6sw7fzsCVy3kTEDXwWe+I20MEDuapedq1fsH1DTpfbwdB0+IE6pcVCw/YCir0Q4TnTTjfkr+4aKEj1EnJUExpWnMt4kt8+evjF9Dy9Ak33yg==
bg5h9I+iRtqwtIq2ILLLG9Aj/CiFNk5yRcHAPz20vM6sw7fzsCVy3kTEDXwWe+I20MEDuapedq1fsH1DTpfbwdB0+IE6pcVCw/YCir0Q4TlBH1XAhxdy+O1BOe6P1yNmAXxpB5qRlODZCmw91WOfug==
bg5h9I+iRtqwtIq2ILLLG9Aj/CiFNk5yRcHAPz20vM6sw7fzsCVy3kTEDXwWe+I20MEDuapedq1fsH1DTpfbwdB0+IE6pcVCw/YCir0Q4TnfW54ySsEMEfhzF3rFqrLm4peMw2PBor979sbwkwKl3Q==
bg5h9I+iRtqwtIq2ILLLG9Aj/CiFNk5yRcHAPz20vM6sw7fzsCVy3kTEDXwWe+I20MEDuapedq1fsH1DTpfbwdB0+IE6pcVCw/YCir0Q4Tm+jW5Z+uBUxP0VM847iHiKJwdIkS47/aUsjY6wsDFGAg==
bg5h9I+iRtqwtIq2ILLLG9Aj/CiFNk5yRcHAPz20vM6sw7fzsCVy3kTEDXwWe+I20MEDuapedq1fsH1DTpfbwdB0+IE6pcVCw/YCir0Q4TlWVFEwl9x54Z6aWr5iHKWGK2aelnLH3M++nQ14exf4ig==
bg5h9I+iRtqwtIq2ILLLG9Aj/CiFNk5yRcHAPz20vM6sw7fzsCVy3kTEDXwWe+I20MEDuapedq1fsH1DTpfbwdB0+IE6pcVCw/YCir0Q4Tm8VXbGxeixJVClVXi11k2TmEGnr6hclrmujICEaZgkCQ==
bg5h9I+iRtqwtIq2ILLLG9Aj/CiFNk5yRcHAPz20vM6sw7fzsCVy3kTEDXwWe+I20MEDuapedq1fsH1DTpfbwdB0+IE6pcVCw/YCir0Q4Tns15RlONWSNJOQ8P3h4Z4Y3AQAxmjpX/9z/yStujUW+w==
bg5h9I+iRtqwtIq2ILLLG9Aj/CiFNk5yRcHAPz20vM6sw7fzsCVy3kTEDXwWe+I20MEDuapedq1fsH1DTpfbwdB0+IE6pcVCw/YCir0Q4TkNx1pmfdS/qd3JwJvnXsBpmLbJKqKJdSYHfO+aEFQpIw==
bg5h9I+iRtqwtIq2ILLLG9Aj/CiFNk5yRcHAPz20vM6sw7fzsCVy3kTEDXwWe+I20MEDuapedq1fsH1DTpfbwdB0+IE6pcVCw/YCir0Q4TnPesmkhG2wdzDXC/0b7KQHbiNafLjdgvHKogm98Evvgg==
bg5h9I+iRtqwtIq2ILLLG9Aj/CiFNk5yRcHAPz20vM6sw7fzsCVy3kTEDXwWe+I20MEDuapedq1fsH1DTpfbwdB0+IE6pcVCw/YCir0Q4TkxG5mThDIe5maOseNY7bavpv6q9+eYSxbohyTXgE/ZAw==
bg5h9I+iRtqwtIq2ILLLG9Aj/CiFNk5yRcHAPz20vM6sw7fzsCVy3kTEDXwWe+I20MEDuapedq1fsH1DTpfbwdB0+IE6pcVCw/YCir0Q4TmDTUXCFlGwEbPxPU/zZIb0aL18ZlZHYHMsYNQo1Uwwsg==
bg5h9I+iRtqwtIq2ILLLG9Aj/CiFNk5yRcHAPz20vM6sw7fzsCVy3kTEDXwWe+I20MEDuapedq1fsH1DTpfbwdB0+IE6pcVCw/YCir0Q4Tn9xbBz8wR3k47sKKNIE0breTEbIKa6zkoVsO0EJKuFqg==
bg5h9I+iRtqwtIq2ILLLG9Aj/CiFNk5yRcHAPz20vM6sw7fzsCVy3kTEDXwWe+I20MEDuapedq1fsH1DTpfbwdB0+IE6pcVCw/YCir0Q4TlVsoS2Z1zBy9J781S5ZAuCAecvGDJipd9LH5JMMSPUeg==
bg5h9I+iRtqwtIq2ILLLG9Aj/CiFNk5yRcHAPz20vM6sw7fzsCVy3kTEDXwWe+I20MEDuapedq1fsH1DTpfbwdB0+IE6pcVCw/YCir0Q4TnhBkvf1tSNo9pWe0bTPvEixUPUVONECUTIW9KbH2f36Q==
bg5h9I+iRtqwtIq2ILLLG9Aj/CiFNk5yRcHAPz20vM6sw7fzsCVy3kTEDXwWe+I20MEDuapedq1fsH1DTpfbwdB0+IE6pcVCw/YCir0Q4TkKxqTisQfdrADOfpZapd+pkReeAWSWSkoJhFmkkhU6/g==
bg5h9I+iRtqwtIq2ILLLG9Aj/CiFNk5yRcHAPz20vM6sw7fzsCVy3kTEDXwWe+I20MEDuapedq1fsH1DTpfbwdB0+IE6pcVCw/YCir0Q4TnnT/k8w4+tiui5tbeWRagY+L/ntyDSdFLWH1zNtPPefg==
bg5h9I+iRtqwtIq2ILLLG9Aj/CiFNk5yRcHAPz20vM6sw7fzsCVy3kTEDXwWe+I20MEDuapedq1fsH1DTpfbwdB0+IE6pcVCw/YCir0Q4TkmHbaDjlvltw0eUNEvde1wseFZDpCBg8SWiQvMVkz5uA==
bg5h9I+iRtqwtIq2ILLLG9Aj/CiFNk5yRcHAPz20vM6sw7fzsCVy3kTEDXwWe+I20MEDuapedq1fsH1DTpfbwdB0+IE6pcVCw/YCir0Q4TlMUz59E9ej76osAoL94gS6uyLh9g47xTqHdIg1RlP32w==
bg5h9I+iRtqwtIq2ILLLG9Aj/CiFNk5yRcHAPz20vM51oaxYKNmwgt9XaOjA0T5q7YZNYQjZnsqUXl4J5dngr4pbdyifHVS0Hwo3X5+5yN718B1jQiVCVLg9wqEDYneMDQ+/Rx+h4AkYvsnp6zvT+w==
bg5h9I+iRtqwtIq2ILLLG9Aj/CiFNk5yRcHAPz20vM51oaxYKNmwgt9XaOjA0T5q7YZNYQjZnsqUXl4J5dngr4pbdyifHVS0Hwo3X5+5yN44H4M2am27vjAOI76hg4lyXB2v/XSwWX6gXnAe4lvCWw==
bg5h9I+iRtqwtIq2ILLLG9Aj/CiFNk5yRcHAPz20vM51oaxYKNmwgt9XaOjA0T5q7YZNYQjZnsqUXl4J5dngr4pbdyifHVS0Hwo3X5+5yN5KKh8rf5kiIK1v8NrxeYX/TYXf1huCgA6Vm6szH5qCWA==
bg5h9I+iRtqwtIq2ILLLG9Aj/CiFNk5yRcHAPz20vM51oaxYKNmwgt9XaOjA0T5q7YZNYQjZnsqUXl4J5dngr4pbdyifHVS0Hwo3X5+5yN6hLVvk88DT/msvlORA7XmP9RziG5EPHVJb6Ja3JamEyA==
bg5h9I+iRtqwtIq2ILLLG9Aj/CiFNk5yRcHAPz20vM51oaxYKNmwgt9XaOjA0T5q7YZNYQjZnsqUXl4J5dngr4pbdyifHVS0Hwo3X5+5yN4XzXuvHZZI2rueh7tlYO5D6YhEZPMqOdl7F+hVyrgKig==
bg5h9I+iRtqwtIq2ILLLG9Aj/CiFNk5yRcHAPz20vM51oaxYKNmwgt9XaOjA0T5q7YZNYQjZnsqUXl4J5dngr4pbdyifHVS0Hwo3X5+5yN4QXSNF1zK2eIFwAm4u605b6KyKvEvUE6qvsctQyL/DvA==
bg5h9I+iRtqwtIq2ILLLG9Aj/CiFNk5yRcHAPz20vM51oaxYKNmwgt9XaOjA0T5q7YZNYQjZnsqUXl4J5dngr4pbdyifHVS0Hwo3X5+5yN4x4G11JLo+7ZVtExVn5Wv+k4BaG26Gjm/KnugUy/0lZw==
bg5h9I+iRtqwtIq2ILLLG9Aj/CiFNk5yRcHAPz20vM51oaxYKNmwgt9XaOjA0T5q7YZNYQjZnsqUXl4J5dngr4pbdyifHVS0Hwo3X5+5yN4OcbSxFr5vcvd7VckEUnsTFq+UZ2n1MjMO0Td3arr2FA==
bg5h9I+iRtqwtIq2ILLLG9Aj/CiFNk5yRcHAPz20vM51oaxYKNmwgt9XaOjA0T5q7YZNYQjZnsqUXl4J5dngr4pbdyifHVS0Hwo3X5+5yN7/YMncXzpGbiCe1sxEscHGqeRUlymF+oPa9wt3H4Z8RQ==
bg5h9I+iRtqwtIq2ILLLG9Aj/CiFNk5yRcHAPz20vM51oaxYKNmwgt9XaOjA0T5q7YZNYQjZnsqUXl4J5dngr4pbdyifHVS0Hwo3X5+5yN6/mXg10dGyOlYkIJSUqkbe2fhrVMvnJVcxSJ6ISukKiA==
bg5h9I+iRtqwtIq2ILLLG9Aj/CiFNk5yRcHAPz20vM51oaxYKNmwgt9XaOjA0T5q7YZNYQjZnsqUXl4J5dngr4pbdyifHVS0Hwo3X5+5yN4DWkXT6PgfdYwhQmkSAovcHdl2AGScmCDnA8XDOnQ4fg==
bg5h9I+iRtqwtIq2ILLLG9Aj/CiFNk5yRcHAPz20vM51oaxYKNmwgt9XaOjA0T5q7YZNYQjZnsqUXl4J5dngr4pbdyifHVS0Hwo3X5+5yN41U7SnL/36cha1WgTElIO+QBb0y8QlpbkHhDGN/CyPcw==
bg5h9I+iRtqwtIq2ILLLG9Aj/CiFNk5yRcHAPz20vM51oaxYKNmwgt9XaOjA0T5q7YZNYQjZnsqUXl4J5dngr4pbdyifHVS0Hwo3X5+5yN7TRQa/PuNUnUS+4pt3zPT8/QmEPzXgDQ5XPRglFVPrNw==
bg5h9I+iRtqwtIq2ILLLG9Aj/CiFNk5yRcHAPz20vM51oaxYKNmwgt9XaOjA0T5q7YZNYQjZnsqUXl4J5dngr4pbdyifHVS0Hwo3X5+5yN4oe6e7GJQOlIxToPa2NCO+iveN6UB+q6N9aM+QyMh3yg==
bg5h9I+iRtqwtIq2ILLLG9Aj/CiFNk5yRcHAPz20vM51oaxYKNmwgt9XaOjA0T5q7YZNYQjZnsqUXl4J5dngr4pbdyifHVS0Hwo3X5+5yN79Ogsztb5fycsgr5Bc63GuBNpTZnm7IrvCDdNCmY9pvg==
bg5h9I+iRtqwtIq2ILLLG9Aj/CiFNk5yRcHAPz20vM7K4pfZHeoH7Zr92wW6fHKOIH2wZNabV04tsFeZBtVQhur6U4BMSz8hKo9wGJjqU4LI0/0U260jQIIzcu7xy3cLucR8q/Gc2VbsFtKuGh+iJw==
bg5h9I+iRtqwtIq2ILLLG9Aj/CiFNk5yRcHAPz20vM7K4pfZHeoH7Zr92wW6fHKOIH2wZNabV04tsFeZBtVQhur6U4BMSz8hKo9wGJjqU4JMDCSKGASCKFB6shkih/WpLtoI0OB66qjerp+qZH/ifQ==
bg5h9I+iRtqwtIq2ILLLG9Aj/CiFNk5yRcHAPz20vM7K4pfZHeoH7Zr92wW6fHKOIH2wZNabV04tsFeZBtVQhur6U4BMSz8hKo9wGJjqU4I6hXwBqNSf9B7Wq6tgjSwk8zDA/HBSLEfYWE0RnfJvPA==
bg5h9I+iRtqwtIq2ILLLG9Aj/CiFNk5yRcHAPz20vM5wZlQ7RdFieIpyZBarPw/oj8oYbjdn4ictd9KnuYUzHtvOd3W1zxHkpuUFgrznZioEQQ6syXgS9Rz2L6amk2PrntuNgEXxU13bLnHdx/X+9g==
bg5h9I+iRtqwtIq2ILLLG9Aj/CiFNk5yRcHAPz20vM5wZlQ7RdFieIpyZBarPw/oj8oYbjdn4ictd9KnuYUzHtvOd3W1zxHkpuUFgrznZioxNc3rfMV1fDLO2WnVyrrr108uFu8myzuy6emkeRYIpQ==
bg5h9I+iRtqwtIq2ILLLG9Aj/CiFNk5yRcHAPz20vM5wZlQ7RdFieIpyZBarPw/oj8oYbjdn4ictd9KnuYUzHtvOd3W1zxHkpuUFgrznZiqzff+QYAgvB3wVCy/etcdVEY24ZjLZVyI/BjW/tO/DwQ==
bg5h9I+iRtqwtIq2ILLLG9Aj/CiFNk5yRcHAPz20vM5wZlQ7RdFieIpyZBarPw/oj8oYbjdn4ictd9KnuYUzHtvOd3W1zxHkpuUFgrznZira2zcMZwMGSXWLMO/DNSP5q7FRgWmc34cXmYZcXO8nqg==
bg5h9I+iRtqwtIq2ILLLG9Aj/CiFNk5yRcHAPz20vM5wZlQ7RdFieIpyZBarPw/oj8oYbjdn4ictd9KnuYUzHtvOd3W1zxHkpuUFgrznZipsW+6hs258dpLCZds/xxrTZ/gL3LW31+Qq1oznRceTNw==
bg5h9I+iRtqwtIq2ILLLG9Aj/CiFNk5yRcHAPz20vM5wZlQ7RdFieIpyZBarPw/oj8oYbjdn4ictd9KnuYUzHtvOd3W1zxHkpuUFgrznZiopKmxCmVt1j1xGvG1w7Fn4sS3evPSG6cDVHfcaIyFShQ==
bg5h9I+iRtqwtIq2ILLLG9Aj/CiFNk5yRcHAPz20vM5wZlQ7RdFieIpyZBarPw/oj8oYbjdn4ictd9KnuYUzHtvOd3W1zxHkpuUFgrznZip5o3RPEP6t20r8PBe/zTUoU0SoVwazDsHvk7/UZJt4kw==
bg5h9I+iRtqwtIq2ILLLG9Aj/CiFNk5yRcHAPz20vM5wZlQ7RdFieIpyZBarPw/oj8oYbjdn4ictd9KnuYUzHtvOd3W1zxHkpuUFgrznZioZ9Wf8FlVskAIx27mUBYE2asQEQDI5s1pwgrwXy7VS8Q==
bg5h9I+iRtqwtIq2ILLLG9Aj/CiFNk5yRcHAPz20vM5wZlQ7RdFieIpyZBarPw/oj8oYbjdn4ictd9KnuYUzHtvOd3W1zxHkpuUFgrznZiraM9EE08lASFo6tIYZpkdjKzerFJISI0CNxd7VG6wTPA==
bg5h9I+iRtqwtIq2ILLLG9Aj/CiFNk5yRcHAPz20vM7gG7a1JKoUe7WpJ4slwAY1cTr6dyX0bs27jRG0mFTRxz1GJfMOfoRGDeJwJDqMTWGvMWgr3MH6NQ+OCa3uGz+Y1c0AePA0RuEMYm/KGAl+Jw==
bg5h9I+iRtqwtIq2ILLLG9Aj/CiFNk5yRcHAPz20vM7gG7a1JKoUe7WpJ4slwAY1cTr6dyX0bs27jRG0mFTRxz1GJfMOfoRGDeJwJDqMTWHkfuGPHfx+hcdRT+//VqOFC+YmMYuwxRQIRwPFUuFErw==
bg5h9I+iRtqwtIq2ILLLG9Aj/CiFNk5yRcHAPz20vM7gG7a1JKoUe7WpJ4slwAY1cTr6dyX0bs27jRG0mFTRxz1GJfMOfoRGDeJwJDqMTWE11/EiILUSQZw7JeY+TtT1lkiFq5IQz1M52UoFhabemg==
bg5h9I+iRtqwtIq2ILLLG9Aj/CiFNk5yRcHAPz20vM7gG7a1JKoUe7WpJ4slwAY1cTr6dyX0bs27jRG0mFTRxz1GJfMOfoRGDeJwJDqMTWFb4wMnKZIVDyK6TWb/TW0+PRNU7nNB5fbf2RGJAw9NuQ==
bg5h9I+iRtqwtIq2ILLLG9Aj/CiFNk5yRcHAPz20vM7gG7a1JKoUe7WpJ4slwAY1FTK4OG0hjZpauvxRO8OKg7ebcAxBsO9GU+18k4ZNQVkblFf7yP3/LE0sw08HgR1w
bg5h9I+iRtqwtIq2ILLLG9Aj/CiFNk5yRcHAPz20vM5Nh64WGYKW6iBgSgUkVoDmXt0yFKqn5B6X5vzngbQCMcgrWc9CH1qb34iRTn0J3/MG4P2/CyAoWlavA/Kjx+NoDR9VUBzBueCwso/UnIniRC5is4fyrVUzkyOqMFSU3Sc=
bg5h9I+iRtqwtIq2ILLLG9Aj/CiFNk5yRcHAPz20vM5Nh64WGYKW6iBgSgUkVoDmXt0yFKqn5B6X5vzngbQCMcgrWc9CH1qb34iRTn0J3/OLX/dZYW2q8Uw5QfExhDCvRHZ1kRV6miE3+eFVrUphISGOB8fm40KeAllaYxKcZ54=
bg5h9I+iRtqwtIq2ILLLG9Aj/CiFNk5yRcHAPz20vM5Nh64WGYKW6iBgSgUkVoDmXt0yFKqn5B6X5vzngbQCMa5n25gFtOrZpR7geMvmZPe0SfFxh/XSNUOqcz5SqqgQQsaCjbscI1LDsMWvnAuuTazq/F6WW8A3qxxkNz/33KY=
bg5h9I+iRtqwtIq2ILLLG9Aj/CiFNk5yRcHAPz20vM5Nh64WGYKW6iBgSgUkVoDmXt0yFKqn5B6X5vzngbQCMcgrWc9CH1qb34iRTn0J3/MxZIak1DZMUmqm4i6r7hJFLndkzNTwwvfZAmH6nilK5hiJDckAv/0zfWdjRfT6uUc=
bg5h9I+iRtqwtIq2ILLLG9Aj/CiFNk5yRcHAPz20vM5Nh64WGYKW6iBgSgUkVoDmXt0yFKqn5B6X5vzngbQCMcgrWc9CH1qb34iRTn0J3/NVo5j0wdo+7wxkhLx4EOEp5MwOhzX9TEwim92rXYc4fAHTNj2MozTDmIbcRurH/B8=
bg5h9I+iRtqwtIq2ILLLG9Aj/CiFNk5yRcHAPz20vM5Nh64WGYKW6iBgSgUkVoDmXt0yFKqn5B6X5vzngbQCMa5n25gFtOrZpR7geMvmZPeJIi5n/Ey9LWmFtyIukbVSkl6GkZwI/YM+HXEPEjUSJXtQ9esFF6ckZ2ZXXep3hTQ=
bg5h9I+iRtqwtIq2ILLLG9Aj/CiFNk5yRcHAPz20vM6y765KRGPnjDV5CZiZb6eE1n404EN2HUiId8ob313dUusWgkf/s0tmgTX1dzRH7/v3ViqiGc3BauHyx1gmWmWzPtPn5b5vQYT4xkDXpaZnjcbcwJZeeidLc62+rhLMoGw=
bg5h9I+iRtqwtIq2ILLLG9Aj/CiFNk5yRcHAPz20vM5Nh64WGYKW6iBgSgUkVoDmXt0yFKqn5B6X5vzngbQCMVUUqo7Gtnz8REZMIj1zXgP3NdHZoxRUkCowsnVH+hrYurOW3Pxjydko4wcTMd/HXThL5JWkRfRkySwLcj38x8M=
bg5h9I+iRtqwtIq2ILLLG9Aj/CiFNk5yRcHAPz20vM7qaFM7KZaxbiK2Le6bW8qqdW+gyMXIhrRzBec7uLA3SZOecsLRMKDSeQz222C6qwWzOBCQ+zTpE+bRfMF5Av6YisYstkc4m1dC1nHxvt21YFMDJe2HlwXdJoevcp2LLCQ=
bg5h9I+iRtqwtIq2ILLLG9Aj/CiFNk5yRcHAPz20vM7qaFM7KZaxbiK2Le6bW8qqdW+gyMXIhrRzBec7uLA3SdMiazSh4sWog8bx1t4Xea795zmf0iLG1Gk5cy1uYQ1Is4sb2nojdO+8t9mVp25SA0gW9v3GJttOof1KG3vOlcY=
bg5h9I+iRtqwtIq2ILLLG9Aj/CiFNk5yRcHAPz20vM7qaFM7KZaxbiK2Le6bW8qqdW+gyMXIhrRzBec7uLA3SdMiazSh4sWog8bx1t4Xea4Ewc0OoB3usiE9iuIioULAv1vZHxLIDUp6Viw50gW5CL8R1Pi15IlCddbCEoPP3kY=
bg5h9I+iRtqwtIq2ILLLG9Aj/CiFNk5yRcHAPz20vM7qaFM7KZaxbiK2Le6bW8qqdW+gyMXIhrRzBec7uLA3SbZrvhv19CTRByseZFIcZvL4HGNi4XR1yfgMWKVVb0275jU2TPmygMgt5JKh4DKmhzgyhjs1X9jcRM92nHP/tQ0=
bg5h9I+iRtqwtIq2ILLLG9Aj/CiFNk5yRcHAPz20vM7qaFM7KZaxbiK2Le6bW8qqdW+gyMXIhrRzBec7uLA3SZOecsLRMKDSeQz222C6qwWfAcemC5B3SPiRaaf1p9n1Dg4IhqFA9fBgGdVTxXN3jZAnlOIgK7faOL270QaU9js=
bg5h9I+iRtqwtIq2ILLLG9Aj/CiFNk5yRcHAPz20vM7qaFM7KZaxbiK2Le6bW8qqdW+gyMXIhrRzBec7uLA3SZOecsLRMKDSeQz222C6qwXmfsRmX6xsoD73gcGKI0acC/55BkzQCKv1RY7vorJy6g==
bg5h9I+iRtqwtIq2ILLLG9Aj/CiFNk5yRcHAPz20vM7qaFM7KZaxbiK2Le6bW8qqdW+gyMXIhrRzBec7uLA3SbZrvhv19CTRByseZFIcZvLr3OZt5WuBNZJLkqtITDqHwPWPqepmL9aXsuiqi2/uchd80h/Ok0N0jf5nrRUO5bw=
bg5h9I+iRtqwtIq2ILLLG9Aj/CiFNk5yRcHAPz20vM7qaFM7KZaxbiK2Le6bW8qqdW+gyMXIhrRzBec7uLA3SZOecsLRMKDSeQz222C6qwXRhqgawNl7eG4w0blQP4n3CI5XpLxrjRCMOnfy8+MXZKs2BYKmE5iHUM4L3U0jS/U=
bg5h9I+iRtqwtIq2ILLLG9Aj/CiFNk5yRcHAPz20vM7qaFM7KZaxbiK2Le6bW8qqdW+gyMXIhrRzBec7uLA3SZOecsLRMKDSeQz222C6qwUJ3Qu5o1ELQwws1nksW9SB5Nq2uSbwGx0B+mfPqF/Ex++XcUgMHCQYj8oalb4XXZw=
bg5h9I+iRtqwtIq2ILLLG9Aj/CiFNk5yRcHAPz20vM7qaFM7KZaxbiK2Le6bW8qqdW+gyMXIhrRzBec7uLA3SZOecsLRMKDSeQz222C6qwU4Zvzj6JeGBGZx9fc3APZb4S2vb4CaxlqQ9cCYb4NcnQ==
bg5h9I+iRtqwtIq2ILLLG9Aj/CiFNk5yRcHAPz20vM7qaFM7KZaxbiK2Le6bW8qqdW+gyMXIhrRzBec7uLA3SdMiazSh4sWog8bx1t4Xea7iJMoVcFd8Mh8Hpa+sonPld4RJlPcmLIQXf8LMUi87srEAqzlLwQN99sw5xSoKhJ4=
bg5h9I+iRtqwtIq2ILLLG9Aj/CiFNk5yRcHAPz20vM7qaFM7KZaxbiK2Le6bW8qqdW+gyMXIhrRzBec7uLA3SdMiazSh4sWog8bx1t4Xea5vv2yGak4fPCEbdcysAZuckWKRvNPofbtU1wmaPPw+bAvJowjb23ivW4RBzioeSoc=
bg5h9I+iRtqwtIq2ILLLG9Aj/CiFNk5yRcHAPz20vM7qaFM7KZaxbiK2Le6bW8qqdW+gyMXIhrRzBec7uLA3SZOecsLRMKDSeQz222C6qwVwfa7lp9ROlacdthPQK0rwZSuVqqXGh4eNQyJ0G4Zq1A==
bg5h9I+iRtqwtIq2ILLLG9Aj/CiFNk5yRcHAPz20vM7qaFM7KZaxbiK2Le6bW8qqdW+gyMXIhrRzBec7uLA3SZOecsLRMKDSeQz222C6qwVzlebp05QGe25nl2JqVwWCct+hjQ3YzmnMgevAH/inCRAnSS5oUd7KLlpVtjb4pr8=
bg5h9I+iRtqwtIq2ILLLG9Aj/CiFNk5yRcHAPz20vM7qaFM7KZaxbiK2Le6bW8qqdW+gyMXIhrRzBec7uLA3SZOecsLRMKDSeQz222C6qwUxB7Fz46ccs2F7x8wmsmjfx4SMZflIBSBGllTf2sjy2RxOVElcqch1/It7ntgH5kU=
bg5h9I+iRtqwtIq2ILLLG9Aj/CiFNk5yRcHAPz20vM7qaFM7KZaxbiK2Le6bW8qqdW+gyMXIhrRzBec7uLA3SZOecsLRMKDSeQz222C6qwWeharfiGnGstzCV+BPk7PmIEtTBxppEk3Caa9jtw5ygzn0WUAyxn2wPh0YUl/6woQ=
bg5h9I+iRtqwtIq2ILLLG9Aj/CiFNk5yRcHAPz20vM6+rNjNTylMXvEzdbDGv8jv3bvVl5l2rvDPb19/qEvZsur9HLSm70fhZ82OXfPKPdAkYu3QmAF3LEA6bBmkW6lfDo/9Fmypf+tQlZRhVu3Xtd8I4yWu0z0I/F/vSj1HfIo=
bg5h9I+iRtqwtIq2ILLLG9Aj/CiFNk5yRcHAPz20vM6+rNjNTylMXvEzdbDGv8jv3bvVl5l2rvDPb19/qEvZsjXy3ELp4cRIngQXISEb+h1810ia8e+rdIdIHM0zq1okLNkONqwHgmY04l6TZLNuinKIpc4UJj0kJzRAXdiW1bM=
bg5h9I+iRtqwtIq2ILLLG9Aj/CiFNk5yRcHAPz20vM6+rNjNTylMXvEzdbDGv8jv3bvVl5l2rvDPb19/qEvZst44R79hJ8/Wjax81rV1Rqn4TqhCpCOoZv5qtqpCGcXla7aWUixAuXpkdMi2Xcnmdmo8nyXIPjuAvPsPJ9sylV0=
bg5h9I+iRtqwtIq2ILLLG9Aj/CiFNk5yRcHAPz20vM6+rNjNTylMXvEzdbDGv8jv3bvVl5l2rvDPb19/qEvZst44R79hJ8/Wjax81rV1RqmU4oYUc/oVP88G7y9HvtnmPdheNJsFLSM1ROwKRJQB5Xn168QURiSjQ2eVIEt4tXM=
bg5h9I+iRtqwtIq2ILLLG9Aj/CiFNk5yRcHAPz20vM6+rNjNTylMXvEzdbDGv8jv3bvVl5l2rvDPb19/qEvZsur9HLSm70fhZ82OXfPKPdCtVst5nMAp8fxm3xmx0xSVbdGcRGs/f+MLzdR0er0yT0XE7157LJ2vCXNTWH6L5jg=
bg5h9I+iRtqwtIq2ILLLG9Aj/CiFNk5yRcHAPz20vM6+rNjNTylMXvEzdbDGv8jv3bvVl5l2rvDPb19/qEvZsur9HLSm70fhZ82OXfPKPdDuv3QANdNMTgG2EWQAhbu0JieHmQ3A65nR1zTxmqP4w1YVDYJK1M9iu8MCSZ5l7+E=
bg5h9I+iRtqwtIq2ILLLG9Aj/CiFNk5yRcHAPz20vM6+rNjNTylMXvEzdbDGv8jv3bvVl5l2rvDPb19/qEvZst44R79hJ8/Wjax81rV1Rqm9qae/e3Wf8HOao5P+/YIneEKN5VLjvG7Og/6j6pzdzdQmcq8AwsTB8DDKSQ0scsc=
bg5h9I+iRtqwtIq2ILLLG9Aj/CiFNk5yRcHAPz20vM6+rNjNTylMXvEzdbDGv8jv3bvVl5l2rvDPb19/qEvZsur9HLSm70fhZ82OXfPKPdCSGIVbNN5sZgzX/s6LXnOE4eXU3K556xS3/LaNKvh4eOFdB8GYEWc0l+EiO/bmXyo=
bg5h9I+iRtqwtIq2ILLLG9Aj/CiFNk5yRcHAPz20vM6+rNjNTylMXvEzdbDGv8jv3bvVl5l2rvDPb19/qEvZsjXy3ELp4cRIngQXISEb+h2AD7gams6ov6HFSZkic1CLfW0LpXnWMfQvfXxQlpafiZSzcXhOq4H/9Vgo6DyE9pY=
bg5h9I+iRtqwtIq2ILLLG9Aj/CiFNk5yRcHAPz20vM6+rNjNTylMXvEzdbDGv8jv3bvVl5l2rvDPb19/qEvZsjXy3ELp4cRIngQXISEb+h3DoiIn28w4CMv0eZ6TJg6sMZ3E9CmWZeoZ6I0p7ikfXTfNo2IqH+NSLkiMEbYqKDg=
bg5h9I+iRtqwtIq2ILLLG9Aj/CiFNk5yRcHAPz20vM6+rNjNTylMXvEzdbDGv8jv3bvVl5l2rvDPb19/qEvZsjXy3ELp4cRIngQXISEb+h0LFXmoqwH7bfhE2HfbbxUhjU5AUADzmkbpM26uw/ZgTKQoeHvT8A4lg2bEOV/JjVw=
bg5h9I+iRtqwtIq2ILLLG9Aj/CiFNk5yRcHAPz20vM6+rNjNTylMXvEzdbDGv8jv3bvVl5l2rvDPb19/qEvZst44R79hJ8/Wjax81rV1RqkqyI3js37ynqGjSyrDL/EzfGGmOCK4CtRje1dYRFXHSFguNOutZf8G8+uE4ncMUDA=
bg5h9I+iRtqwtIq2ILLLG9Aj/CiFNk5yRcHAPz20vM6+rNjNTylMXvEzdbDGv8jv3bvVl5l2rvDPb19/qEvZst44R79hJ8/Wjax81rV1Rqk58m2NS8jUnM8GL+wzvJE65hfd6fTrNxAB6Np9LWTx0PaBVbz89h3xoQ/2GaJTOiU=
bg5h9I+iRtqwtIq2ILLLG9Aj/CiFNk5yRcHAPz20vM6+rNjNTylMXvEzdbDGv8jv3bvVl5l2rvDPb19/qEvZsur9HLSm70fhZ82OXfPKPdDG2A5iPyMNt+PC1sn8FNpiX/UDrFa4W7QYlfQ4MzRwm3ANCCdyT5yMjWpDkMFKw/A=
bg5h9I+iRtqwtIq2ILLLG9Aj/CiFNk5yRcHAPz20vM6+rNjNTylMXvEzdbDGv8jv3bvVl5l2rvDPb19/qEvZst44R79hJ8/Wjax81rV1Rqki2+LAMGM0smFIPrxQ/gaM2x02Cy5X+rGpZx1DzJjK0Dwy8+cDLpkm6Tnku4RIIE4=
bg5h9I+iRtqwtIq2ILLLG9Aj/CiFNk5yRcHAPz20vM6y765KRGPnjDV5CZiZb6eE1n404EN2HUiId8ob313dUusWgkf/s0tmgTX1dzRH7/uemtFmneYdwhbq/JuXz9XC9tRv9pa5WzGRQaqlRr3ac5KPcw9Rjq12XPMB89MyJ/4=
bg5h9I+iRtqwtIq2ILLLG9Aj/CiFNk5yRcHAPz20vM6y765KRGPnjDV5CZiZb6eE1n404EN2HUiId8ob313dUusWgkf/s0tmgTX1dzRH7/vI0n8bmuN2Uh7rFSTDriF0/5BJYf6xf7N4iJMaTga8eLqkVVv05MN0aYK9ofVk2dI=
bg5h9I+iRtqwtIq2ILLLG9Aj/CiFNk5yRcHAPz20vM6y765KRGPnjDV5CZiZb6eE1n404EN2HUiId8ob313dUusWgkf/s0tmgTX1dzRH7/s10piOPzr/X1WQKzTlFOPDoNcNiXR04EZUeva+8gGbet6Lo8NEVVVF3J6TWKMcOIk=
bg5h9I+iRtqwtIq2ILLLG9Aj/CiFNk5yRcHAPz20vM6y765KRGPnjDV5CZiZb6eE1n404EN2HUiId8ob313dUqKLXXW0dQOH1wlkjZMDllUmNKU6YJYcZHlIdJTynB6DLCuGrLRbo/RMkWJK7xzkFyXOjjyTGfqcFpThfwwrJ7w=
bg5h9I+iRtqwtIq2ILLLG9Aj/CiFNk5yRcHAPz20vM6y765KRGPnjDV5CZiZb6eE1n404EN2HUiId8ob313dUqKLXXW0dQOH1wlkjZMDllVQ8mMQxEkjPfXhcQoTARr4kh7I5F4uoBcqyHtcwY+6Bg==
bg5h9I+iRtqwtIq2ILLLG9Aj/CiFNk5yRcHAPz20vM6y765KRGPnjDV5CZiZb6eE1n404EN2HUiId8ob313dUqKLXXW0dQOH1wlkjZMDllVBN6kkfWv0yenYNjGHIEY6MzUyMG5p+c8AUz/AlG8+9U/HcizPihuD9jpuLV+fXJo=
bg5h9I+iRtqwtIq2ILLLG9Aj/CiFNk5yRcHAPz20vM6y765KRGPnjDV5CZiZb6eE1n404EN2HUiId8ob313dUqKLXXW0dQOH1wlkjZMDllXvBtZkwCamOPkV937leLPseblLOT71v+LLHGz+QrQQufyBSnIAlLhEX+kmP0jQl3U=
bg5h9I+iRtqwtIq2ILLLG9Aj/CiFNk5yRcHAPz20vM6y765KRGPnjDV5CZiZb6eE1n404EN2HUiId8ob313dUrcxfCh3+YyEECHExXHcBKCy3IGYm7Wnz8aJGlP6+4gpN1H6t4jFqq0hcC5nAEAnixaBZF+3OuiGuCEdFaP3n+E=
bg5h9I+iRtqwtIq2ILLLG9Aj/CiFNk5yRcHAPz20vM6y765KRGPnjDV5CZiZb6eE1n404EN2HUiId8ob313dUqKLXXW0dQOH1wlkjZMDllUgaihnnkaVs7Y8ydOIX2qUcSQ8QzKkfutbdXuQ1xmYf/Nv4/yO0QOLM2xqJ10TEy8=
bg5h9I+iRtqwtIq2ILLLG9Aj/CiFNk5yRcHAPz20vM6y765KRGPnjDV5CZiZb6eE1n404EN2HUiId8ob313dUrcxfCh3+YyEECHExXHcBKDShX8iYAOVmt1rdX0BoAMObwnwalFQQPNOzOCF8neLcpGHd2t4plC06dbGGY3YCFw=
bg5h9I+iRtqwtIq2ILLLG9Aj/CiFNk5yRcHAPz20vM6y765KRGPnjDV5CZiZb6eE1n404EN2HUiId8ob313dUusWgkf/s0tmgTX1dzRH7/usOML9kyLA6ydUpRJk5WRRMT7GXrMv+q0BssNMQsb34kggwH20gilJLPPZ5qnz/Qc=
bg5h9I+iRtqwtIq2ILLLG9Aj/CiFNk5yRcHAPz20vM6y765KRGPnjDV5CZiZb6eE1n404EN2HUiId8ob313dUusWgkf/s0tmgTX1dzRH7/v89zuhc3U+5r/K422r8cvXj8PvK1rZD9CS62uBEfE2h5oh6kAUiVnuhmsvJ51rAiw=
bg5h9I+iRtqwtIq2ILLLG9Aj/CiFNk5yRcHAPz20vM6y765KRGPnjDV5CZiZb6eE1n404EN2HUiId8ob313dUrcxfCh3+YyEECHExXHcBKCLsgWhjAavEbkALJYL0R4AER4bfias4cf0g/n3WNhCg28L5VM/5/g9W5H7HgjzKzI=
bg5h9I+iRtqwtIq2ILLLG9Aj/CiFNk5yRcHAPz20vM5Nh64WGYKW6iBgSgUkVoDmXt0yFKqn5B6X5vzngbQCMcgrWc9CH1qb34iRTn0J3/M64ArQ8Zo3piJgNcHp+s8lgAn5Zq5WUsWJ9wV928Jorw==
bg5h9I+iRtqwtIq2ILLLG9Aj/CiFNk5yRcHAPz20vM5Nh64WGYKW6iBgSgUkVoDmXt0yFKqn5B6X5vzngbQCMcgrWc9CH1qb34iRTn0J3/NkVrUtHTQI2IvVAh/4u9plsSoMrObOeadO1yMYm7via69qwOJuBH4do9bMQI6zKR0=
bg5h9I+iRtqwtIq2ILLLG9Aj/CiFNk5yRcHAPz20vM5Nh64WGYKW6iBgSgUkVoDmXt0yFKqn5B6X5vzngbQCMa5n25gFtOrZpR7geMvmZPd+yUtwdaCTdo4y9FBTEbl//bU6QqQeYvdYHdXx1TOrDILEnXmcs+pNvxd0jZuC+90=
bg5h9I+iRtqwtIq2ILLLG9Aj/CiFNk5yRcHAPz20vM5Nh64WGYKW6iBgSgUkVoDmXt0yFKqn5B6X5vzngbQCMcgrWc9CH1qb34iRTn0J3/OVaXy+sYxMQPCjBzchwoTHmGknZwL4MgtaOlxk+fcDbkgWBiDJvshH0efMZmbFj8A=
bg5h9I+iRtqwtIq2ILLLG9Aj/CiFNk5yRcHAPz20vM5Nh64WGYKW6iBgSgUkVoDmXt0yFKqn5B6X5vzngbQCMa5n25gFtOrZpR7geMvmZPfJWhxl6/H6IlwZaWPUEI87eSOVVOOd1olI7xlFxeURRDckxkb3TVnNZKfUISFegkc=
bg5h9I+iRtqwtIq2ILLLG9Aj/CiFNk5yRcHAPz20vM5Nh64WGYKW6iBgSgUkVoDmXt0yFKqn5B6X5vzngbQCMVUUqo7Gtnz8REZMIj1zXgMAOdZT3VFFDdnTdZLgHjeGCgkAQuruB8tgOzMDOyjicZjk/QpxhCDm5mxdf+NlzJI=
bg5h9I+iRtqwtIq2ILLLG9Aj/CiFNk5yRcHAPz20vM5Nh64WGYKW6iBgSgUkVoDmXt0yFKqn5B6X5vzngbQCMa5n25gFtOrZpR7geMvmZPd7SzW9cqCXv9ubwjJ0D6v56PTo+x5xzKeNWGHW2mg1Qbu9Yf6PP7un795HtLPeAlg=
bg5h9I+iRtqwtIq2ILLLG9Aj/CiFNk5yRcHAPz20vM5Nh64WGYKW6iBgSgUkVoDmXt0yFKqn5B6X5vzngbQCMcgrWc9CH1qb34iRTn0J3/OC4Ox3nDoFxIvyNCoEqj050Z77jotyK5NGC3ecyHyPP/XeowZ5du8qX+yd3Rm9ELg=
bg5h9I+iRtqwtIq2ILLLG9Aj/CiFNk5yRcHAPz20vM5Nh64WGYKW6iBgSgUkVoDmXt0yFKqn5B6X5vzngbQCMcgrWc9CH1qb34iRTn0J3/Oh7pKGXEAPinVAG9DJZrlyGs8LcaBu/RV0+TN0YOFJsKiQqdW3ghu45AZbE0isEXs=
bg5h9I+iRtqwtIq2ILLLG9Aj/CiFNk5yRcHAPz20vM5Nh64WGYKW6iBgSgUkVoDmXt0yFKqn5B6X5vzngbQCMVUUqo7Gtnz8REZMIj1zXgOHJfJcvP+NF59iHqdwTJ+LbxT/mGVP75/BM0I/mHFy7IdXh57Nb1eRPY5OdHkLpS8=
bg5h9I+iRtqwtIq2ILLLG9Aj/CiFNk5yRcHAPz20vM7qaFM7KZaxbiK2Le6bW8qqdW+gyMXIhrRzBec7uLA3SdMiazSh4sWog8bx1t4Xea7TVkp3zsYqnEipt5WE8Kc4iFaas/o0bK9gpIbbApoUKHKfv3fNeRNYlITyFbLvtUA=
bg5h9I+iRtqwtIq2ILLLG9Aj/CiFNk5yRcHAPz20vM5Nh64WGYKW6iBgSgUkVoDmXt0yFKqn5B6X5vzngbQCMa5n25gFtOrZpR7geMvmZPfBq5z571SPsaiPMbqOqbs/wolr/g9oUntTUs0HWJ54lJK5ivOBjD2NzcEDk5LvePA=
bg5h9I+iRtqwtIq2ILLLG9Aj/CiFNk5yRcHAPz20vM5Nh64WGYKW6iBgSgUkVoDmXt0yFKqn5B6X5vzngbQCMVUUqo7Gtnz8REZMIj1zXgOWl+YPRUUMxy4ZP4rLqIVJlCP9sHsLjkh/+4XEDw1tTrqPLr6YeDGXJZJiq+T+Fl0=
bg5h9I+iRtqwtIq2ILLLG9Aj/CiFNk5yRcHAPz20vM5Nh64WGYKW6iBgSgUkVoDmXt0yFKqn5B6X5vzngbQCMcgrWc9CH1qb34iRTn0J3/N4vwoMxDbmOUfXJUEnJuv5C9WH+dClnrj+b4Zf3tSSs1EBefpIVU0h6Q9RC6iRj4M=
bg5h9I+iRtqwtIq2ILLLG9Aj/CiFNk5yRcHAPz20vM6+rNjNTylMXvEzdbDGv8jv3bvVl5l2rvDPb19/qEvZsjXy3ELp4cRIngQXISEb+h2R4AddmomP/NlQOf4mxfp06wLj0NDIlqLX3sYrAGhWK9b6YPEhfeqc4ym2ahN+R4s=
bg5h9I+iRtqwtIq2ILLLG9Aj/CiFNk5yRcHAPz20vM6+rNjNTylMXvEzdbDGv8jv3bvVl5l2rvDPb19/qEvZst44R79hJ8/Wjax81rV1RqkvznCR69Cy3+4WcYuK9duxKMDk4vl8orGBC59wueoIWg==
bg5h9I+iRtqwtIq2ILLLG9Aj/CiFNk5yRcHAPz20vM6+rNjNTylMXvEzdbDGv8jv3bvVl5l2rvDPb19/qEvZst44R79hJ8/Wjax81rV1RqnwJnmTE2gvOhELZFFdR5espJmMU5CsGrGTuBNDNJelj2IvyFAjRZBL+PDSHPrrLXU=
bg5h9I+iRtqwtIq2ILLLG9Aj/CiFNk5yRcHAPz20vM6+rNjNTylMXvEzdbDGv8jv3bvVl5l2rvDPb19/qEvZsur9HLSm70fhZ82OXfPKPdCJpIDJmYi6+lpqyPMSo3DeLProAnqPC7b9dY5VorG0+IH5X1IPWrAVk4owTe9a39g=
bg5h9I+iRtqwtIq2ILLLG9Aj/CiFNk5yRcHAPz20vM5XYdMbRjxSM/YIwdQ3cWCIZrn77kZrBjUAboElDfgA4g0rL4Oprn0f2NpaVdxE2l6dCDZyETvIeBRwIxSjxUyQg1rsFWsewJg75ii4x0bncQ==
bg5h9I+iRtqwtIq2ILLLG9Aj/CiFNk5yRcHAPz20vM5XYdMbRjxSM/YIwdQ3cWCIZrn77kZrBjUAboElDfgA4g0rL4Oprn0f2NpaVdxE2l77Qe0wGAyqEMuPADRzUVKnbt0Aaeai4G1uCFcPuZtKbZV1P6fGVERqT/lqTCnaMTg=
bg5h9I+iRtqwtIq2ILLLG9Aj/CiFNk5yRcHAPz20vM5XYdMbRjxSM/YIwdQ3cWCIZrn77kZrBjUAboElDfgA4g0rL4Oprn0f2NpaVdxE2l6nIsWhfhuW4MTLyTODyPCzcHcZElvGBvEAWD94cbOlUayYe21Ylu/QITcZEgfAQyY=
bg5h9I+iRtqwtIq2ILLLG9Aj/CiFNk5yRcHAPz20vM5XYdMbRjxSM/YIwdQ3cWCIZrn77kZrBjUAboElDfgA4g0rL4Oprn0f2NpaVdxE2l7e64/sFMxWkQXdwKBK5s9AYuC5DEWx+Ka6OFGCQV8qESf3x1psokiWsfGXAOYF4gM=
bg5h9I+iRtqwtIq2ILLLG9Aj/CiFNk5yRcHAPz20vM5XYdMbRjxSM/YIwdQ3cWCIZrn77kZrBjUAboElDfgA4gGkopi2Ji2u2vKhPvPbSFGImW4YvhS7mu703Rqrv9ZWhIl8T5MotZaTCu1KoJWqZ/1L8QG3A2+3n4X6kaHdhxw=
bg5h9I+iRtqwtIq2ILLLG9Aj/CiFNk5yRcHAPz20vM5XYdMbRjxSM/YIwdQ3cWCIZrn77kZrBjUAboElDfgA4gGkopi2Ji2u2vKhPvPbSFG3uk2INdQPVp2MjyIpmQDQ/VeUZ9YWPLHFJ85hCDn6aAM4x0GDpPtc3OwjQpCznqk=
bg5h9I+iRtqwtIq2ILLLG9Aj/CiFNk5yRcHAPz20vM5XYdMbRjxSM/YIwdQ3cWCIZrn77kZrBjUAboElDfgA4gGkopi2Ji2u2vKhPvPbSFF3o4GIStNdw58/C/yt483U7IcFVqKVmWw0G/pTfS/HzImSF0tzqwmdnz/sMLV7cMk=
bg5h9I+iRtqwtIq2ILLLG9Aj/CiFNk5yRcHAPz20vM5XYdMbRjxSM/YIwdQ3cWCIZrn77kZrBjUAboElDfgA4g0rL4Oprn0f2NpaVdxE2l7PbRsjya+fRsS7WR/5FlQrIVFX268YM0AtO5QQp5qB4g==
bg5h9I+iRtqwtIq2ILLLG9Aj/CiFNk5yRcHAPz20vM5XYdMbRjxSM/YIwdQ3cWCIZrn77kZrBjUAboElDfgA4pn+TtkAl9m4PSe6Hss9IZJqHIcPOXcLtlNzdEHPRmU3QjJD4wabkT6zeHR0+FHOgJBzbj7+/n1mg6AaeMKjVec=
bg5h9I+iRtqwtIq2ILLLG9Aj/CiFNk5yRcHAPz20vM5XYdMbRjxSM/YIwdQ3cWCIZrn77kZrBjUAboElDfgA4pn+TtkAl9m4PSe6Hss9IZLYZwItWY7M2Y3i074Fc8A/7EjFtEXTZfLXlHL0O9ThUQ==
bg5h9I+iRtqwtIq2ILLLG9Aj/CiFNk5yRcHAPz20vM5XYdMbRjxSM/YIwdQ3cWCIZrn77kZrBjUAboElDfgA4g0rL4Oprn0f2NpaVdxE2l5bHoshFFjbeEADa7aYhAIilDZz+y+hFfjP/7xuIrf3ccZUl/AnpIj1jz7XNIvzWkQ=
bg5h9I+iRtqwtIq2ILLLG9Aj/CiFNk5yRcHAPz20vM5XYdMbRjxSM/YIwdQ3cWCIZrn77kZrBjUAboElDfgA4g0rL4Oprn0f2NpaVdxE2l46LEzfFHHvNnUyl6tLEnSEfPAonQQ8nF5qX5L/xch/9A==
bg5h9I+iRtqwtIq2ILLLG9Aj/CiFNk5yRcHAPz20vM5XYdMbRjxSM/YIwdQ3cWCIZrn77kZrBjUAboElDfgA4pn+TtkAl9m4PSe6Hss9IZLGGHvUfBQ+YcsSNG546du08IZngC/8K1+8xuv89+k+2y+yFnS8eRhTY6sYIBV2lTs=
bg5h9I+iRtqwtIq2ILLLG9Aj/CiFNk5yRcHAPz20vM5XYdMbRjxSM/YIwdQ3cWCIZrn77kZrBjUAboElDfgA4g0rL4Oprn0f2NpaVdxE2l55snwhv85cx8DIQyWPM/zov4abbbJrjb66Vz+NfeFlTQ==
bg5h9I+iRtqwtIq2ILLLG9Aj/CiFNk5yRcHAPz20vM5XYdMbRjxSM/YIwdQ3cWCIZrn77kZrBjUAboElDfgA4pn+TtkAl9m4PSe6Hss9IZKgtmuqF1mrz0r48qIEy2nYx6xDSRAmrIYq/GEF1vKA6Ck8Qi8bKZtiygCpKCvAvQY=
bg5h9I+iRtqwtIq2ILLLG9Aj/CiFNk5yRcHAPz20vM5XYdMbRjxSM/YIwdQ3cWCIZrn77kZrBjUAboElDfgA4pn+TtkAl9m4PSe6Hss9IZKeQ+xBni+CCYdqe5LmI8eI1ckLIMywqOvf1VJQr8zsag==
bg5h9I+iRtqwtIq2ILLLG9Aj/CiFNk5yRcHAPz20vM5XYdMbRjxSM/YIwdQ3cWCIZrn77kZrBjUAboElDfgA4gGkopi2Ji2u2vKhPvPbSFFvCsly+d3GjXgSKoZPneKhiiZOwRK4VMjmNxnIqgzZ0wNo+oe1rdYgEFV6MA3NylI=
bg5h9I+iRtqwtIq2ILLLG9Aj/CiFNk5yRcHAPz20vM5buMOkQWQpNVepN5yxfgpgRhiMe5E980Etm6RV4xlyCQ5LxmYmllhGUFazqkgUlFISiusDbQW7XVRMwfX6fRr1/F47tksa0WrX+M/yIqqWGgCXGH3ZS7u8vASkQtTyOfc=
bg5h9I+iRtqwtIq2ILLLG9Aj/CiFNk5yRcHAPz20vM5buMOkQWQpNVepN5yxfgpgRhiMe5E980Etm6RV4xlyCcZ+ih2/gMxibWABS3bKqvt17KYc27XJpa+Yorc4wwIUHRsHKkh8AigCR1xTImdLo0RpngEgaNyGE19G7YWvgLQ=
bg5h9I+iRtqwtIq2ILLLG9Aj/CiFNk5yRcHAPz20vM5buMOkQWQpNVepN5yxfgpgRhiMe5E980Etm6RV4xlyCQ5LxmYmllhGUFazqkgUlFLrGLYO08MzM5ChOQoLOftiX+80IV/AbH54Xyefv+JiPduHW+qH1x3h/zMmMxqb1B0=
bg5h9I+iRtqwtIq2ILLLG9Aj/CiFNk5yRcHAPz20vM5buMOkQWQpNVepN5yxfgpgRhiMe5E980Etm6RV4xlyCcZ+ih2/gMxibWABS3bKqvtZEeHpkAkuoBzqEfyQKlXv5BIh6Jg8uSASe4dcD662en93jwuBsZAmsmvRSM2J/Ss=
bg5h9I+iRtqwtIq2ILLLG9Aj/CiFNk5yRcHAPz20vM5buMOkQWQpNVepN5yxfgpgRhiMe5E980Etm6RV4xlyCcZ+ih2/gMxibWABS3bKqvsTSpUICAhNgpeNl/O/YtN0cdy1wMNc8LCYXXyEEHYBOKTgWzOYru1CTbIOUGOae78=
bg5h9I+iRtqwtIq2ILLLG9Aj/CiFNk5yRcHAPz20vM5buMOkQWQpNVepN5yxfgpgRhiMe5E980Etm6RV4xlyCcZ+ih2/gMxibWABS3bKqvtpFpYTh2z5JpsSZxmoHU/4oTBG6xQnhNy2JOViO+Ipw0owpvdQD+llPmqDw82Fkmk=
bg5h9I+iRtqwtIq2ILLLG9Aj/CiFNk5yRcHAPz20vM5buMOkQWQpNVepN5yxfgpgRhiMe5E980Etm6RV4xlyCcZ+ih2/gMxibWABS3bKqvv1pPBWeEKXuvgWlabiUWZ0diigDX3OK9Sg+d/P7+8NaEQyFbNddxGXmRTVzZmHs58=
bg5h9I+iRtqwtIq2ILLLG9Aj/CiFNk5yRcHAPz20vM5buMOkQWQpNVepN5yxfgpgRhiMe5E980Etm6RV4xlyCQ5LxmYmllhGUFazqkgUlFJrlFWNcspcALum/W8jCpNxfz073oSZpX772lJJxYV5bgB93Pm6XusC/DlsqBiGKbU=
bg5h9I+iRtqwtIq2ILLLG9Aj/CiFNk5yRcHAPz20vM5buMOkQWQpNVepN5yxfgpgRhiMe5E980Etm6RV4xlyCcZ+ih2/gMxibWABS3bKqvtkwR4Fjw7xTWACxNF+Jb00LB3bFxO+gii32sCNgyVHAh3elNjv0fTcJT9pAFpNt+U=
bg5h9I+iRtqwtIq2ILLLG9Aj/CiFNk5yRcHAPz20vM5buMOkQWQpNVepN5yxfgpgRhiMe5E980Etm6RV4xlyCWxp2MJEaULa6iV+48TsX/Ya+WdJggGm8L195Ko9BKCImhIizrt/bxaxNXKe0RodHkG4laBpcZMLEXd6G7aLwR0=
bg5h9I+iRtqwtIq2ILLLG9Aj/CiFNk5yRcHAPz20vM5buMOkQWQpNVepN5yxfgpgRhiMe5E980Etm6RV4xlyCQ5LxmYmllhGUFazqkgUlFLcPP1mkqBRLU1H6Ja20EgJhH3Z77wknbyhl0WJZ5hvoZQVY7MHEFKq1JI9CJP4TR4=
bg5h9I+iRtqwtIq2ILLLG9Aj/CiFNk5yRcHAPz20vM5buMOkQWQpNVepN5yxfgpgRhiMe5E980Etm6RV4xlyCQ5LxmYmllhGUFazqkgUlFJvq1j9LT4eOG7aHva2bDglhKlM8RMjIxlX12S9UsjUL3F5woaMR+zX7heFFMprZi8=
bg5h9I+iRtqwtIq2ILLLG9Aj/CiFNk5yRcHAPz20vM5buMOkQWQpNVepN5yxfgpgRhiMe5E980Etm6RV4xlyCcZ+ih2/gMxibWABS3bKqvsswW7VLCGDq4LrCFVnBop8dlWSBHIaVhB5CXIPUQK2iw==
bg5h9I+iRtqwtIq2ILLLG9Aj/CiFNk5yRcHAPz20vM5buMOkQWQpNVepN5yxfgpgRhiMe5E980Etm6RV4xlyCQ5LxmYmllhGUFazqkgUlFJhdP6dFM8HSWoaLwWqkM8nvd5H5ND12oYvUCm5oiTWXKpgWJezfB3BxTMI80++BSg=
bg5h9I+iRtqwtIq2ILLLG9Aj/CiFNk5yRcHAPz20vM5buMOkQWQpNVepN5yxfgpgRhiMe5E980Etm6RV4xlyCWxp2MJEaULa6iV+48TsX/ZnrF3uK/g+oR7rwqIjIJegNBUoTeClZJUBLinmK9ALfL8mwb83I3HYOy8D/rww7rs=
bg5h9I+iRtqwtIq2ILLLG9Aj/CiFNk5yRcHAPz20vM5buMOkQWQpNVepN5yxfgpgRhiMe5E980Etm6RV4xlyCcZ+ih2/gMxibWABS3bKqvuoBjyr8CpO/iOHlSFHIbAsnjjCY06k1dNb9muq2EDHfiJxi3rTptDKaQz//r1jAgo=
bg5h9I+iRtqwtIq2ILLLG9Aj/CiFNk5yRcHAPz20vM6rZKt7FvlSISauQ2b7eJF0+aiPMH3ETiu8gGZFXnN5eFtA2fkeNFKr7KHnmRWZl4WqcfECIzWb8P+eME4o4NoF30JwkLueWgOEgYFFeAtPYQsxCFFJIV+zQ8i4BvFRKh4=
bg5h9I+iRtqwtIq2ILLLG9Aj/CiFNk5yRcHAPz20vM6rZKt7FvlSISauQ2b7eJF0+aiPMH3ETiu8gGZFXnN5ePJPz8XlceNcYh7kOvreUxLvuPuxGaGfwKSAUlLYO5TGUhSQh/4rEaXCDHchfwNFXqTWjPVVEqEbzhpehFYlSL8=
bg5h9I+iRtqwtIq2ILLLG9Aj/CiFNk5yRcHAPz20vM6rZKt7FvlSISauQ2b7eJF0+aiPMH3ETiu8gGZFXnN5ePJPz8XlceNcYh7kOvreUxINyhjK7zBZH+f6Geei1SHDlN5IfxdY2FBbyxFALXtNAFDAcNKtVCNEUUNj21A/IGM=
bg5h9I+iRtqwtIq2ILLLG9Aj/CiFNk5yRcHAPz20vM6rZKt7FvlSISauQ2b7eJF0+aiPMH3ETiu8gGZFXnN5eFtA2fkeNFKr7KHnmRWZl4Vt1F/zb4d/FEg9i9G4BpWpjiUHyPgWVQwMbiN2FIxo7hQx7Itv/f0CBiCbfGFEAsw=
bg5h9I+iRtqwtIq2ILLLG9Aj/CiFNk5yRcHAPz20vM6rZKt7FvlSISauQ2b7eJF0+aiPMH3ETiu8gGZFXnN5ePJPz8XlceNcYh7kOvreUxL/3JDhz42InaSTZkFuTmXZME57Mv9rsHBz7Z39mJjycQ==
bg5h9I+iRtqwtIq2ILLLG9Aj/CiFNk5yRcHAPz20vM6rZKt7FvlSISauQ2b7eJF0+aiPMH3ETiu8gGZFXnN5ePJPz8XlceNcYh7kOvreUxKUS9r6/ATudH6LSOW1nRStRzeiHS/m4MGSzZUTmg1itkSfoETmbu9eT8z1FN36VBA=
bg5h9I+iRtqwtIq2ILLLG9Aj/CiFNk5yRcHAPz20vM6rZKt7FvlSISauQ2b7eJF0+aiPMH3ETiu8gGZFXnN5eFtA2fkeNFKr7KHnmRWZl4UTnmccnpUfzUD4OZeppdg1agk21BmpKMgg58lUJqC9jrtsguT8ilhCOinlS5cNs+Q=
bg5h9I+iRtqwtIq2ILLLG9Aj/CiFNk5yRcHAPz20vM6rZKt7FvlSISauQ2b7eJF0+aiPMH3ETiu8gGZFXnN5eFtA2fkeNFKr7KHnmRWZl4WNT+v+QvrM6Td/uOXuzHgLEEboBPdyO/lz56Bk6MIlad5ar+C30xExOj6iHr9Nx0g=
bg5h9I+iRtqwtIq2ILLLG9Aj/CiFNk5yRcHAPz20vM6rZKt7FvlSISauQ2b7eJF0+aiPMH3ETiu8gGZFXnN5ePJPz8XlceNcYh7kOvreUxICg3VCUZlZiTwlTg6TEYCSI69SR52k2FPt7/m8BzyM1eVmzfSP1r1y6D/5/wzc3mY=
bg5h9I+iRtqwtIq2ILLLG9Aj/CiFNk5yRcHAPz20vM6rZKt7FvlSISauQ2b7eJF0+aiPMH3ETiu8gGZFXnN5eGLH5AGt27lzPLcIjWmLDI6xXpjDUaCNtDumftFgno6ClaCjNEraom3URQ5UbgpGW38c+awuc78DI+M23PpCGIw=
bg5h9I+iRtqwtIq2ILLLG9Aj/CiFNk5yRcHAPz20vM6rZKt7FvlSISauQ2b7eJF0+aiPMH3ETiu8gGZFXnN5ePJPz8XlceNcYh7kOvreUxI5EiPLHbadMFvxlbyTrHNb54t4eQL/BCGNNOxmBjafPR4bi1sc2m17A0LMU9YMvaE=
bg5h9I+iRtqwtIq2ILLLG9Aj/CiFNk5yRcHAPz20vM6rZKt7FvlSISauQ2b7eJF0+aiPMH3ETiu8gGZFXnN5eGLH5AGt27lzPLcIjWmLDI4LQckFBMEZWmlsHbJtzXgj1uUGlO1LBJUY5IgziGPKoR2VKwohIGYz8zi13m51Hdg=
bg5h9I+iRtqwtIq2ILLLG9Aj/CiFNk5yRcHAPz20vM6rZKt7FvlSISauQ2b7eJF0+aiPMH3ETiu8gGZFXnN5ePJPz8XlceNcYh7kOvreUxKY8tVqI5Ry98leC61+9jMlbG0KxG1uThyvb7xHi7JP81GqOIPL+yG1EZrQCiBlk5c=
bg5h9I+iRtqwtIq2ILLLG9Aj/CiFNk5yRcHAPz20vM6rZKt7FvlSISauQ2b7eJF0+aiPMH3ETiu8gGZFXnN5ePJPz8XlceNcYh7kOvreUxI+eGpEjVEvQ1D4QafM7P9oNhkQSmbIkDvUs6CmwSnsF2kCwONj/4D8EM1X4hDTd7Q=
bg5h9I+iRtqwtIq2ILLLG9Aj/CiFNk5yRcHAPz20vM7IWEvejnBBkrk/7tAeUfg7VjW3P0B0UviW9g5+w5n7xK02qt/Fzx8XVIdgtQGz7aGjAjC767mYJcPDDgmY4/9VVnF1+1JQS9srKQhz5Df9IkOP/UNM3IvIiZtjfZS5YsI=
bg5h9I+iRtqwtIq2ILLLG9Aj/CiFNk5yRcHAPz20vM7IWEvejnBBkrk/7tAeUfg7VjW3P0B0UviW9g5+w5n7xK02qt/Fzx8XVIdgtQGz7aFIPG3WyfDUoSoStmUVU/+BdFQTIxp2ZAODVi2bG9Tlw/GAB6sCKLQU8vctDQNE2Bs=
bg5h9I+iRtqwtIq2ILLLG9Aj/CiFNk5yRcHAPz20vM7IWEvejnBBkrk/7tAeUfg7VjW3P0B0UviW9g5+w5n7xOGvP0P4BCUawll7WtHl7RbQuHkF90pn2NXR6f2lAQg0SSUlFj92J5XLhl/KO2gclQ==
bg5h9I+iRtqwtIq2ILLLG9Aj/CiFNk5yRcHAPz20vM7IWEvejnBBkrk/7tAeUfg7VjW3P0B0UviW9g5+w5n7xK02qt/Fzx8XVIdgtQGz7aFeHYx4kyoxti6VepQMWyjgzT3Xkot2MLgDkVfhJOpTY/Amyl2oUFQriujjovEX9LI=
bg5h9I+iRtqwtIq2ILLLG9Aj/CiFNk5yRcHAPz20vM7IWEvejnBBkrk/7tAeUfg7VjW3P0B0UviW9g5+w5n7xK02qt/Fzx8XVIdgtQGz7aH0Y2v0n41Sa9qvQGsvNiJSCT7mcISuYfDZAVF+kuM0ZIYTXmsIlvjOBLvfCFcfth8=
bg5h9I+iRtqwtIq2ILLLG9Aj/CiFNk5yRcHAPz20vM7IWEvejnBBkrk/7tAeUfg7VjW3P0B0UviW9g5+w5n7xK02qt/Fzx8XVIdgtQGz7aHiDtp2msUKbi7XMDj0FG0ozS58qNUxUF/xE16f4ylE2qZ6KOc50Yt8n/b3J3KS6GE=
bg5h9I+iRtqwtIq2ILLLG9Aj/CiFNk5yRcHAPz20vM7IWEvejnBBkrk/7tAeUfg7VjW3P0B0UviW9g5+w5n7xOGvP0P4BCUawll7WtHl7RaQomNKCfPZKjd61FNlUimeRR0AR8ck/EwlZzj4OOpSfykpQukSBK7EqDCjK9sUzv8=
bg5h9I+iRtqwtIq2ILLLG9Aj/CiFNk5yRcHAPz20vM7IWEvejnBBkrk/7tAeUfg7VjW3P0B0UviW9g5+w5n7xOGvP0P4BCUawll7WtHl7RaQfHPBE6SMjLupdaeDlC+MDZSoP+sE7gNVX7De806G2W+naO75kvh0Fytn/MAOllo=
bg5h9I+iRtqwtIq2ILLLG9Aj/CiFNk5yRcHAPz20vM7IWEvejnBBkrk/7tAeUfg7VjW3P0B0UviW9g5+w5n7xIoUYkDPXNXLTI7CcN7laEPMr+810l6PhqasJnKiphNVI0Hg54Rlmw0qI+uW/6n+aA==
bg5h9I+iRtqwtIq2ILLLG9Aj/CiFNk5yRcHAPz20vM7IWEvejnBBkrk/7tAeUfg7VjW3P0B0UviW9g5+w5n7xOGvP0P4BCUawll7WtHl7RZwi//aA5FgWrRLNQWOg7U5lwZ9Y0dpp+MME8m1bZEUMPD1gu0HyG3U03jBuVhCeHU=
bg5h9I+iRtqwtIq2ILLLG9Aj/CiFNk5yRcHAPz20vM7IWEvejnBBkrk/7tAeUfg7VjW3P0B0UviW9g5+w5n7xK02qt/Fzx8XVIdgtQGz7aH9GSPMWMUSPOUC0hcd3SC1Pkotrmhy3e2d558ak7k64ShDLTwg7eHEZWtqPSKxKv8=
bg5h9I+iRtqwtIq2ILLLG9Aj/CiFNk5yRcHAPz20vM7IWEvejnBBkrk/7tAeUfg7VjW3P0B0UviW9g5+w5n7xK02qt/Fzx8XVIdgtQGz7aE9fShqhEHgSPCipfmVivGm5r/8aE2lmCf8Hke6vlnCNV/2Qn+scI1oDc8DJjlLvw4=
bg5h9I+iRtqwtIq2ILLLG9Aj/CiFNk5yRcHAPz20vM7IWEvejnBBkrk/7tAeUfg7VjW3P0B0UviW9g5+w5n7xK02qt/Fzx8XVIdgtQGz7aHkIkHtoQyj9cKMc7BKw7C2qu1P+DbF65wXcKdiLE2ilg==
bg5h9I+iRtqwtIq2ILLLG9Aj/CiFNk5yRcHAPz20vM7IWEvejnBBkrk/7tAeUfg7VjW3P0B0UviW9g5+w5n7xK02qt/Fzx8XVIdgtQGz7aF+9CAbnoWbucgyfJejbXrSPkjDT6O+ZYwm2jupeHC2zAgVbR3oN8dTKbt4zRwNQfo=
bg5h9I+iRtqwtIq2ILLLG9Aj/CiFNk5yRcHAPz20vM7IWEvejnBBkrk/7tAeUfg7VjW3P0B0UviW9g5+w5n7xK02qt/Fzx8XVIdgtQGz7aElYCckn1b8bhopfwURmywEwJVZtHla75M8Fblfx/qMXafTntSam+y2iM7i+6TYYeA=
bg5h9I+iRtqwtIq2ILLLG9Aj/CiFNk5yRcHAPz20vM5NqG5449BPB+z6BpxGgFiwAcfmMxow90JWK1RSfFy3vhuEljUrT5cXtpklhGIP4FJmFY2mJKFxuDcQXODSqTYtyhaQShpp1yakF8OeXFv+cwCmrDbDZ9bq7wNGV75s/MM=
bg5h9I+iRtqwtIq2ILLLG9Aj/CiFNk5yRcHAPz20vM5NqG5449BPB+z6BpxGgFiwAcfmMxow90JWK1RSfFy3vhuEljUrT5cXtpklhGIP4FL6KbqjD1SP+j4w2cPzJbR3H44tGMtjARuXAEmCIodsEZtQKV0py3FFEpIQunlbF1M=
bg5h9I+iRtqwtIq2ILLLG9Aj/CiFNk5yRcHAPz20vM5NqG5449BPB+z6BpxGgFiwAcfmMxow90JWK1RSfFy3vkhG7c8eP9eM2sesq+Q5ZFw5OF5umj8WJDPNsCpNjKT0XsDVQ9eO9VH7wGysARzqKPvE4PBKMrhLTNBidJUw9XM=
bg5h9I+iRtqwtIq2ILLLG9Aj/CiFNk5yRcHAPz20vM5NqG5449BPB+z6BpxGgFiwAcfmMxow90JWK1RSfFy3vhuEljUrT5cXtpklhGIP4FKBLgGj5N0Sk4/Zn5cu1aboOM1VChGuUXRdI/P6boliaDeKb3gPT4RCNonJrug8SPA=
bg5h9I+iRtqwtIq2ILLLG9Aj/CiFNk5yRcHAPz20vM5NqG5449BPB+z6BpxGgFiwAcfmMxow90JWK1RSfFy3vhuEljUrT5cXtpklhGIP4FLVLSFy/YrcnwfBACZ8sR9AjHShmk4c0FIcp9Zj1IyWIC3zNPI9CEC5efzqGPf5xhY=
bg5h9I+iRtqwtIq2ILLLG9Aj/CiFNk5yRcHAPz20vM5NqG5449BPB+z6BpxGgFiwAcfmMxow90JWK1RSfFy3vhuEljUrT5cXtpklhGIP4FJ2bih1pQm1EixSP35fmcTid9Vpflvnjoxg6xQiDmVWFeuxQWduWLrc/OTn9ijw0Q8=
bg5h9I+iRtqwtIq2ILLLG9Aj/CiFNk5yRcHAPz20vM5NqG5449BPB+z6BpxGgFiwAcfmMxow90JWK1RSfFy3vkhG7c8eP9eM2sesq+Q5ZFyUNzCWfi4tdTREzktjR3X+lLbiK/ThjZgge4jLQ4yjJdUOqwAk8nUpAEp8F2ISed8=
bg5h9I+iRtqwtIq2ILLLG9Aj/CiFNk5yRcHAPz20vM5NqG5449BPB+z6BpxGgFiwAcfmMxow90JWK1RSfFy3vkhG7c8eP9eM2sesq+Q5ZFwYxiXnomXxsA2UI6SQCPNfZbT4E8vnA/IcIwcdmwtzNJ9UBXgHa3J9XeVh2PKPIok=
bg5h9I+iRtqwtIq2ILLLG9Aj/CiFNk5yRcHAPz20vM5NqG5449BPB+z6BpxGgFiwAcfmMxow90JWK1RSfFy3vhuEljUrT5cXtpklhGIP4FLxjUvMtx0zP7tHg3D4vhoD/QuPBZWjZrl95Rv1P92s+2/y5mEaK2tsDGePhnP3gxc=
bg5h9I+iRtqwtIq2ILLLG9Aj/CiFNk5yRcHAPz20vM5NqG5449BPB+z6BpxGgFiwAcfmMxow90JWK1RSfFy3vhuEljUrT5cXtpklhGIP4FKTEZsoqFpjQe0mSuYpBJwEa4MSFkOmV7XcxFXZOLiFLCZ7n3uk/cKIESt19ZIL9Gk=
bg5h9I+iRtqwtIq2ILLLG9Aj/CiFNk5yRcHAPz20vM5NqG5449BPB+z6BpxGgFiwAcfmMxow90JWK1RSfFy3vkhG7c8eP9eM2sesq+Q5ZFyOpdjvbK5y0KEi0YcaAQpquBcVZNWfh2YVkrWbCBBqkwBHIhEWYQ+4IKgMDxceEwQ=
bg5h9I+iRtqwtIq2ILLLG9Aj/CiFNk5yRcHAPz20vM5NqG5449BPB+z6BpxGgFiwAcfmMxow90JWK1RSfFy3vqBcHWuxjMKokpOtyQKYAnoSd9qjD6t73P8ZX7X5VgoTjJbmMtflDqnHG651Q/eztv9wPZFFYfMnMxPUsg55z64=
bg5h9I+iRtqwtIq2ILLLG9Aj/CiFNk5yRcHAPz20vM5NqG5449BPB+z6BpxGgFiwAcfmMxow90JWK1RSfFy3vhuEljUrT5cXtpklhGIP4FJ3f5eghTkVnwnJAAmM0RL97Sd91mm+bdWSJv08ye8mxA==
bg5h9I+iRtqwtIq2ILLLG9Aj/CiFNk5yRcHAPz20vM5NqG5449BPB+z6BpxGgFiwAcfmMxow90JWK1RSfFy3vhuEljUrT5cXtpklhGIP4FKsOUjPef993gxWdH8VzROM6f8qiSFDuMkBH86nmymvw7PYqSBJMgDSPpgPOPti7II=
bg5h9I+iRtqwtIq2ILLLG9Aj/CiFNk5yRcHAPz20vM5NqG5449BPB+z6BpxGgFiwAcfmMxow90JWK1RSfFy3vhuEljUrT5cXtpklhGIP4FI2Ma5J3f+7HdnXf6HoIjzdhWN9P2TZr4szwKdQ2CKAfj6HGFuenn9R/CL8IJ6aPBY=
bg5h9I+iRtqwtIq2ILLLG9Aj/CiFNk5yRcHAPz20vM5NqG5449BPB+z6BpxGgFiwAcfmMxow90JWK1RSfFy3vhuEljUrT5cXtpklhGIP4FI5RRUwIdPT2iNOlynPhTuQRVmD1hTZnp68deEwbpvTlTGLYBQNTFUOBLORKv/Qu50=
bg5h9I+iRtqwtIq2ILLLG9Aj/CiFNk5yRcHAPz20vM4GG2DZ7OTNoGm6WG8DlCBFb1XkdhzB20A8sL4NOVh4vrzAak56U5q9Z7Uxn3u7M5maSWOAtwOgWf9RVYj1KFJ3by1G8ERI22KVazJs3ucCHQQuUoR3z+GFT4dPEiwaZ9Y=
bg5h9I+iRtqwtIq2ILLLG9Aj/CiFNk5yRcHAPz20vM4GG2DZ7OTNoGm6WG8DlCBFb1XkdhzB20A8sL4NOVh4vhPKip1COvs8B0RJHJouIoZj7xMsEVeT81/KMgFUG4v6BkDB0TO9VXbG8IlCmMOUmrMoASWQOhhCQgzSGsXE2ck=
bg5h9I+iRtqwtIq2ILLLG9Aj/CiFNk5yRcHAPz20vM4GG2DZ7OTNoGm6WG8DlCBFb1XkdhzB20A8sL4NOVh4vvWKdr1+TXcoO6lRdCzG4pmpLH94tZEyHHnKXSyERNr6lG2sLa49WDBix7oBSHHE5g==
bg5h9I+iRtqwtIq2ILLLG9Aj/CiFNk5yRcHAPz20vM4GG2DZ7OTNoGm6WG8DlCBFb1XkdhzB20A8sL4NOVh4vhPKip1COvs8B0RJHJouIobVlJz2xcCjaIAgad4xvZDF+lIqNyd9NPSLzSMdxxKXZAwQOJD41YyCV4wn+EPmJLo=
bg5h9I+iRtqwtIq2ILLLG9Aj/CiFNk5yRcHAPz20vM4GG2DZ7OTNoGm6WG8DlCBFb1XkdhzB20A8sL4NOVh4vvWKdr1+TXcoO6lRdCzG4pmvoLxxbxDfwOIn0rG0p1PlLaHXj9eG8UDNU2/Y0jc3zA==
bg5h9I+iRtqwtIq2ILLLG9Aj/CiFNk5yRcHAPz20vM4GG2DZ7OTNoGm6WG8DlCBFb1XkdhzB20A8sL4NOVh4vvWKdr1+TXcoO6lRdCzG4pltwrpHk2IKKwd0eOQPGRItnTfCLa5oSkc4zNU5n1Bi+pOkCtkiFF1SFAwpQ2Qq2ck=
bg5h9I+iRtqwtIq2ILLLG9Aj/CiFNk5yRcHAPz20vM4GG2DZ7OTNoGm6WG8DlCBFb1XkdhzB20A8sL4NOVh4vrzAak56U5q9Z7Uxn3u7M5nJ2+U6wR/vzz780BBTw/4nYdutS2MQW/G4LR1LSc8WUlPngvEymoxzwz27V0qXAzY=
bg5h9I+iRtqwtIq2ILLLG9Aj/CiFNk5yRcHAPz20vM4GG2DZ7OTNoGm6WG8DlCBFb1XkdhzB20A8sL4NOVh4vvWKdr1+TXcoO6lRdCzG4pkxYwxydXIEHGdJqOCWpvoH+ADtQ5RBmw3YzcKZ/uASeQ==
bg5h9I+iRtqwtIq2ILLLG9Aj/CiFNk5yRcHAPz20vM4GG2DZ7OTNoGm6WG8DlCBFb1XkdhzB20A8sL4NOVh4vhPKip1COvs8B0RJHJouIoY2J5Sep7xZnR/i7fTwO8UUxmAlI4yyALYUW3TQ8vSQ7YTY4QAMrAfXO8pXqVo7/mA=
bg5h9I+iRtqwtIq2ILLLG9Aj/CiFNk5yRcHAPz20vM4GG2DZ7OTNoGm6WG8DlCBFb1XkdhzB20A8sL4NOVh4vhPKip1COvs8B0RJHJouIobC7pdmAgEJlzDuiNerxuO16HR6wwWE4rrIs1wThPz0iPBtoQO8NNQMh5FoavRwcCo=
bg5h9I+iRtqwtIq2ILLLG9Aj/CiFNk5yRcHAPz20vM4GG2DZ7OTNoGm6WG8DlCBFb1XkdhzB20A8sL4NOVh4vvWKdr1+TXcoO6lRdCzG4ply6Aw5KgdR3td0ARtmcqh1gSV8yOKYV3Nxuehtz2kezg==
bg5h9I+iRtqwtIq2ILLLG9Aj/CiFNk5yRcHAPz20vM4GG2DZ7OTNoGm6WG8DlCBFb1XkdhzB20A8sL4NOVh4vrzAak56U5q9Z7Uxn3u7M5kPxwfo07Q90KxyxeLHD/8iYQvWq9FKYQ/ytt1ezPBGLilSaAPM9cKneX/NFWYJCK8=
bg5h9I+iRtqwtIq2ILLLG9Aj/CiFNk5yRcHAPz20vM4GG2DZ7OTNoGm6WG8DlCBFb1XkdhzB20A8sL4NOVh4vrzAak56U5q9Z7Uxn3u7M5l25LFovUa/HBq0rcSljrKScObyVjxsAOGZtGPyP6GasqtWRMeWhzw/IKn33sCQBOo=
bg5h9I+iRtqwtIq2ILLLG9Aj/CiFNk5yRcHAPz20vM4GG2DZ7OTNoGm6WG8DlCBFb1XkdhzB20A8sL4NOVh4vvWKdr1+TXcoO6lRdCzG4pk7Adx5maJkxpKuVnQm/X6+pvpIkY4nu71D+kW5PCFZJQ==
bg5h9I+iRtqwtIq2ILLLG9Aj/CiFNk5yRcHAPz20vM4GG2DZ7OTNoGm6WG8DlCBFb1XkdhzB20A8sL4NOVh4vhPKip1COvs8B0RJHJouIobIPI1jOIxpqs1hRNWMtgV8Bxj+krIfWKqQ3H9ejVQFpvK8qf/Tp8OCDkL7LOlxKho=
bg5h9I+iRtqwtIq2ILLLG9Aj/CiFNk5yRcHAPz20vM4GG2DZ7OTNoGm6WG8DlCBFb1XkdhzB20A8sL4NOVh4vrzAak56U5q9Z7Uxn3u7M5mjkyruYs/r1cbb136rZ7gPbhsp+1W+k1w2p7kLIq7wtUrdDAgBbtODpV/ndUK6AFA=
bg5h9I+iRtqwtIq2ILLLG9Aj/CiFNk5yRcHAPz20vM4MqES5uFm1EkHObS4nGedARPOiIfZDutM3303N8N3gRCnBIOhNO/cHa3I+IVty+gOcGHieTVMB9VD1yflfzBEC2ogu9aXFxKXUX2VSNfwJC5Rwd4LmJxN+at1odFUinM4=
bg5h9I+iRtqwtIq2ILLLG9Aj/CiFNk5yRcHAPz20vM4MqES5uFm1EkHObS4nGedARPOiIfZDutM3303N8N3gREArAAeTIZl4UpjB4C0yaBvR3qquUrMh3jVRMBQAA8T0zmGx75ZDv6xlE3OacfN7XPf3dz5Gcs43ZVteiYU2y+k=
bg5h9I+iRtqwtIq2ILLLG9Aj/CiFNk5yRcHAPz20vM4MqES5uFm1EkHObS4nGedARPOiIfZDutM3303N8N3gRCnBIOhNO/cHa3I+IVty+gNPMsZNJ9cBKYTIzi9su1ydoWiWhWhh1SnZjXlQM+8bqAovNJcKLnqaNVDkGQDE3/w=
bg5h9I+iRtqwtIq2ILLLG9Aj/CiFNk5yRcHAPz20vM4MqES5uFm1EkHObS4nGedARPOiIfZDutM3303N8N3gRCnBIOhNO/cHa3I+IVty+gPSEViwQOHNE1XaKo5hRN1Jc4RDAEx6pH6ADyX+6nTc+lAjZ6iv1i6xliqJhlsSmAE=
bg5h9I+iRtqwtIq2ILLLG9Aj/CiFNk5yRcHAPz20vM4MqES5uFm1EkHObS4nGedARPOiIfZDutM3303N8N3gREArAAeTIZl4UpjB4C0yaBuzeA4xmxi0r1REgzMVf9QzrqxthPKHNSFtUf+F9Y8/1pmqBKZlT1Ish/dxY8qaKAY=
bg5h9I+iRtqwtIq2ILLLG9Aj/CiFNk5yRcHAPz20vM4MqES5uFm1EkHObS4nGedARPOiIfZDutM3303N8N3gRMdp+yLvX1Xg5TRJ1QtpEWXdnLN3KRfv5XIc4PV/LSg6uEhgkU+MPZ5R39iujz41wXWVKeRGYoBHj8eDQ/gWH8Q=
bg5h9I+iRtqwtIq2ILLLG9Aj/CiFNk5yRcHAPz20vM4MqES5uFm1EkHObS4nGedARPOiIfZDutM3303N8N3gRCnBIOhNO/cHa3I+IVty+gNtcB53XEeZjeNzsZ1Sfd/pCs9C2eLQeS84zYEz/zQo+hBI69AAFZxSUm95T3ip4Bo=
bg5h9I+iRtqwtIq2ILLLG9Aj/CiFNk5yRcHAPz20vM4MqES5uFm1EkHObS4nGedARPOiIfZDutM3303N8N3gRCnBIOhNO/cHa3I+IVty+gMAAMMhyNoZw/Mol2gHLQTy5lCeK1xr79VRZz7CBuMnmF4ThxCTWsq06FmXMzwP/9g=
bg5h9I+iRtqwtIq2ILLLG9Aj/CiFNk5yRcHAPz20vM4MqES5uFm1EkHObS4nGedARPOiIfZDutM3303N8N3gREArAAeTIZl4UpjB4C0yaBt4pDAXfjjjVXkubF8JW179HhmdEODOBqOsWas32wJx0b//KUoTjtQBW0aIFZuqTe4=
bg5h9I+iRtqwtIq2ILLLG9Aj/CiFNk5yRcHAPz20vM4MqES5uFm1EkHObS4nGedARPOiIfZDutM3303N8N3gRMdp+yLvX1Xg5TRJ1QtpEWWvV2MAQpva4iS85b7dLCgk0VS1dme4/aqAjEUDzcQfjAMDWbqNQcg6asIh157nJWM=
bg5h9I+iRtqwtIq2ILLLG9Aj/CiFNk5yRcHAPz20vM4MqES5uFm1EkHObS4nGedARPOiIfZDutM3303N8N3gRMdp+yLvX1Xg5TRJ1QtpEWWau1crCAVrQfcsbp0NxPqCP3FVNJIuFP5KDWqCmaFo7OPfgJu6bAbmrap69PVe0Y4=
bg5h9I+iRtqwtIq2ILLLG9Aj/CiFNk5yRcHAPz20vM4MqES5uFm1EkHObS4nGedARPOiIfZDutM3303N8N3gRCnBIOhNO/cHa3I+IVty+gMJhs00KpgY1oatc4AOeG0obO6+j42HjZWnwZkVPN4qx3c+6uFsojspeljxbV5TqlM=
bg5h9I+iRtqwtIq2ILLLG9Aj/CiFNk5yRcHAPz20vM4MqES5uFm1EkHObS4nGedARPOiIfZDutM3303N8N3gREArAAeTIZl4UpjB4C0yaBvwvTZI/HOWc8Bii22nNzTDUlMKjBEJGCYaf6Y6is+KuFU1AI80wENQGkszLX3AGxE=
bg5h9I+iRtqwtIq2ILLLG9Aj/CiFNk5yRcHAPz20vM4MqES5uFm1EkHObS4nGedARPOiIfZDutM3303N8N3gRCnBIOhNO/cHa3I+IVty+gOltiHofAioCpubZy0Z+Fr19X7p6uEgIcGqqdXUGsh6VA==
bg5h9I+iRtqwtIq2ILLLG9Aj/CiFNk5yRcHAPz20vM4MqES5uFm1EkHObS4nGedARPOiIfZDutM3303N8N3gREArAAeTIZl4UpjB4C0yaBubouNkFG7alzMNVnV4/cLfn29J6UFEvDq3G6UrDFZclyDMQKIfEqvoW3Zt6XTHowE=
bg5h9I+iRtqwtIq2ILLLG9Aj/CiFNk5yRcHAPz20vM4MqES5uFm1EkHObS4nGedARPOiIfZDutM3303N8N3gRMdp+yLvX1Xg5TRJ1QtpEWVRjYj1qrm5en/y6zfRDbvRYRNHF9GqpnVzqndbbHVeRxy5eXPY81mkDIRW5VpkFd0=
bg5h9I+iRtqwtIq2ILLLG9Aj/CiFNk5yRcHAPz20vM4MqES5uFm1EkHObS4nGedARPOiIfZDutM3303N8N3gRCnBIOhNO/cHa3I+IVty+gMDjsHkVdqBz8qHXi6BWfyi5c20z4o02vSLM1OTWdCEUpZMcK6Zc/lBFdpXTCIRDuE=
bg5h9I+iRtqwtIq2ILLLG9Aj/CiFNk5yRcHAPz20vM70JAEMqXs4WMdUttIfEseYird4I365aKTgnagbuGqf6zVnVoUQHkwsqqGCqKPVq/RLvCxO9AgVh2csCukagPAWuACPMD24rrgDhJrr1PKqPg==
bg5h9I+iRtqwtIq2ILLLG9Aj/CiFNk5yRcHAPz20vM70JAEMqXs4WMdUttIfEseYird4I365aKTgnagbuGqf600NUe0KoV0ZzSGQ4pu8KYflcTwYk9YmkXJIA4ohMFtWCvpHgsSWs5xmDju7EPBC0A2lvMKBLlU5h5D8P5qSeR4=
bg5h9I+iRtqwtIq2ILLLG9Aj/CiFNk5yRcHAPz20vM70JAEMqXs4WMdUttIfEseYird4I365aKTgnagbuGqf600NUe0KoV0ZzSGQ4pu8KYep58kIRgcaxTnf9KTQ0QigLTOUJ1GkoMbC7CfJ+FF0IpyBBl+Oq8HipF/OCTBVqYM=
bg5h9I+iRtqwtIq2ILLLG9Aj/CiFNk5yRcHAPz20vM70JAEMqXs4WMdUttIfEseYird4I365aKTgnagbuGqf6zVnVoUQHkwsqqGCqKPVq/Rok4DTzCFTBi8HkLMfymZTVK/ebV43vjsQgF6IaMIwAlZNSAdhadbwP2a+sz+LB0I=
bg5h9I+iRtqwtIq2ILLLG9Aj/CiFNk5yRcHAPz20vM70JAEMqXs4WMdUttIfEseYird4I365aKTgnagbuGqf62bZsPDQEMxKbFaD63KhKFe62soXTbhMGHpK9EzP/Lc/ZzdAyg+YV3ICu3i3r+u9SwaroJE1ybufveCbKMiivdo=
bg5h9I+iRtqwtIq2ILLLG9Aj/CiFNk5yRcHAPz20vM70JAEMqXs4WMdUttIfEseYird4I365aKTgnagbuGqf6zVnVoUQHkwsqqGCqKPVq/Q1kp8raBGF+9czD5rzhQcpv3Btq8slxW+zSxeaAMFkwonlvGCXlpwj+BtQ16HWpwY=
bg5h9I+iRtqwtIq2ILLLG9Aj/CiFNk5yRcHAPz20vM70JAEMqXs4WMdUttIfEseYird4I365aKTgnagbuGqf6zVnVoUQHkwsqqGCqKPVq/SDFwKWKgBtczEuLzk5Dky4FP+jIkqKTvk8DpNqQrw7jmC2YWfKA6v28qhfoJdZC60=
bg5h9I+iRtqwtIq2ILLLG9Aj/CiFNk5yRcHAPz20vM70JAEMqXs4WMdUttIfEseYird4I365aKTgnagbuGqf600NUe0KoV0ZzSGQ4pu8KYf0x/KltrDNJVnosF2zi+OksrQQuAsKUR4csBqXsxfy5UNCFtwvHMgbK2SniFDnVV0=
bg5h9I+iRtqwtIq2ILLLG9Aj/CiFNk5yRcHAPz20vM70JAEMqXs4WMdUttIfEseYird4I365aKTgnagbuGqf600NUe0KoV0ZzSGQ4pu8KYeJ3ILzqXes0skToUqa6THX9SrwMGUEB4/whMGveRx5GE323ueL7XeUsJf/D0g+XKE=
bg5h9I+iRtqwtIq2ILLLG9Aj/CiFNk5yRcHAPz20vM70JAEMqXs4WMdUttIfEseYird4I365aKTgnagbuGqf6zVnVoUQHkwsqqGCqKPVq/TuPbB1b/Ri8G5nowD67UYLLeUyDfPig5AtuphEV/G7O3bgDBOHD+fft5t70mmbo58=
bg5h9I+iRtqwtIq2ILLLG9Aj/CiFNk5yRcHAPz20vM70JAEMqXs4WMdUttIfEseYird4I365aKTgnagbuGqf6zVnVoUQHkwsqqGCqKPVq/SWB35+FUy+XIOCSnlOgJbwroXsRHr1lIGN1YevEfU/IQ==
bg5h9I+iRtqwtIq2ILLLG9Aj/CiFNk5yRcHAPz20vM70JAEMqXs4WMdUttIfEseYird4I365aKTgnagbuGqf600NUe0KoV0ZzSGQ4pu8KYdf8pQwYC2/THrfm90ox7xyzQwPOHc44DsV+FQ7UX3FsEvH6pNXsRHJybU9O+p1FZk=
bg5h9I+iRtqwtIq2ILLLG9Aj/CiFNk5yRcHAPz20vM70JAEMqXs4WMdUttIfEseYird4I365aKTgnagbuGqf600NUe0KoV0ZzSGQ4pu8KYejTM31CA1z7AUU82uLvOvLtAkYFZbDQAqV/3FwNW2WRTLrNfSTJbiwWeO0xIT+T4A=
bg5h9I+iRtqwtIq2ILLLG9Aj/CiFNk5yRcHAPz20vM70JAEMqXs4WMdUttIfEseYird4I365aKTgnagbuGqf62bZsPDQEMxKbFaD63KhKFf3ubA2cDJQbSPj3knOZ9gAzhWVIq2dfk01uGrdQ3Y6s+vULIf56iQXsaL1zpKCMxo=
bg5h9I+iRtqwtIq2ILLLG9Aj/CiFNk5yRcHAPz20vM70JAEMqXs4WMdUttIfEseY2fvV2ehZ9WaxPJSaj/Ymrwzoc8/bopSJO5djZCDTxX0JvnJE6/GO1+ffhG3EMswx
bg5h9I+iRtqwtIq2ILLLG9Aj/CiFNk5yRcHAPz20vM7WIMXNfmMjiFW+mIqg6jpluzUCOtccW1q2Gl6rgas22BDBojUbUwS5KvYzMG2US8L1AANSWjgQ+5plQO79E/pSWRUknpqMOmPtH6idYZY/HczLtJAs4yXLcvK4u5w+UgpJm61lXD4NdREbzF/yx7fpMHp+OD88RBtT8pBZYxPtdQGh8pgEZ08trAcE+hkx6aWXHADLBS4XiX7xzhKG/Z8a
bg5h9I+iRtqwtIq2ILLLG9Aj/CiFNk5yRcHAPz20vM77UK17wJ9s6nwotUq4Gf0yr+Vd+sO4+P0Ix0HzC1kcRiAUM/eyBTd4s6rMnHKEvvk=
bg5h9I+iRtqwtIq2ILLLG9Aj/CiFNk5yRcHAPz20vM6dt9Vqh9/g0wnhmdkbgkr3PkNFQcamZbK5iWet1jqY2m18s9/b/4LmUP2qS0CjLYw=
bg5h9I+iRtqwtIq2ILLLG9Aj/CiFNk5yRcHAPz20vM5+nDaRwMO/LstJ/hUxDXVPAGnDPZ2MUYHnqMh3icIpcqWCGmsTEiTTKEhZ1eVHixA=
bg5h9I+iRtqwtIq2ILLLG9Aj/CiFNk5yRcHAPz20vM7bf1Eg80KTgC5IZKhUceBtPN+Z4VIrs9p6vwOC4zF99/uhJEqsLJXNPf04IHLLWZ8=
