GmcONIA9PFzHw1gpPLLPoqev3ytAH5KO3S/CJpMsylg=
35kyjVfwBJgytCi6KM5Vug==
FNt9orFfFSbPIXNSbXcP2Q==
gE2g7VQeqq0h5MkG44fPUw==
ExPkcbYFeYs2lHSAMsaJBmqn9EbB5FaGLWh/sm01yzk=
cwgQW1UgxyVfBeSrdwXHsPE1eoSAri+NViVSjTYe4hg=
pYn3RyiaY4vz2unSybTHuw==
mAzeFbkWBGyzJRgEWJSZYQNn44wFaguEUnqkvHVinQw=
NiGef/LGs6v8Em6sqLz1GZsz9fRnK6VAq0DzYHWYee4=
2lfNnhNY+w/3xMaMUxJbE0YFT/wvMlSDz8Vrd5FEs18=
a/Phv6p4C1FDGLwL+Dahsfn3W9d3sF2WP0DsHzuzlAs2fddMUF3mSJBGa73hFkywgKoSxyklN7wsRV2E4dqqS3SmLwFT4mXXLnXF9D96r2Q=
a/Phv6p4C1FDGLwL+Dahsfn3W9d3sF2WP0DsHzuzlAsggIsdGGYQMbu5MQ+PqxmCko8Y30JlCwOQlQmLgkUxtZo5T0Q8q6T2Qke5g8y9nuw+yiD2J1ICIknlsx5rp+QS
a/Phv6p4C1FDGLwL+Dahsfn3W9d3sF2WP0DsHzuzlAudueqUcZ57DH8SzW9wQbFR3fgobMn34R52Rvg6VT2wPbgKEjJTpWTGSzz1OmbzntlvELFz4pIUqX9kbY1SdMcxOPVLJi40eWz9xcquGkfbAA==
a/Phv6p4C1FDGLwL+Dahsfn3W9d3sF2WP0DsHzuzlAv/m+OSfIpiMkzL9KioxuiKKsKX/B0MBETevOVrJShXvCCVI0fQB8wOgY4yXO4TymKeYFvMUFkxds6zGQmADh0yjwrdQcpacEa96T07vNXmOg==
a/Phv6p4C1FDGLwL+Dahsdoj1BERMKpFy155+WJEjV6AGRucVuFRU2d0uokKWVw+NjZTUnGScA7TLrEJfvSvLmKki8DTrAJepXWNqr10Xqo=
a/Phv6p4C1FDGLwL+Dahse+HJzlChYmbtayIgZ5xuKI7TG4qfWZqLsClxmwsTQrlJF0jD2EpSqtFvKDka2VmU2A6F2RonnPt/alh8yS6ET54kcvmFj80c9lSFwcdYGNy
a/Phv6p4C1FDGLwL+Dahse+HJzlChYmbtayIgZ5xuKLAc25RrPYZ0ZBRfkXqP8van/QbjNeX/hNnt0rtpCWj4JrCf/k5kbipfaw/dmHBIOjMbgwWQWU2nF4skdsZNap8sjulQDqdmVRF3sW8hAGvXg==
a/Phv6p4C1FDGLwL+Dahse+HJzlChYmbtayIgZ5xuKJT/fgjOJQv2NBXvEEPscOn86Wtn/p4HoFd5lXGz45wUvary9xUpVDREgbF4+5W/77dXM2V6mhzjHVEsRdhzH4ntlLcSt2wMrO63UPJ++lojg==
a/Phv6p4C1FDGLwL+DahsRcnxcq38wjcwXXzLiFxVOHBtjDrn70RQg8X4zqC+KQCRgc0RIgF5qJjrRIL8a/zXLnG4UnqyusIZwhcqjDBRtw=
a/Phv6p4C1FDGLwL+DahsRcnxcq38wjcwXXzLiFxVOFaAXW52k4cBA7jRWETXxkVRTwiA29Sz3YtPLHvzlb6sNpUzVuaiohTaV/gRp3gcclomvlZuMhvnQuvNw8Eg5Mg
a/Phv6p4C1FDGLwL+DahsRcnxcq38wjcwXXzLiFxVOHMkuB7a4G4Nr3O1OlGCjdK2xQNmsylirDLz/oLhd9vRGMFIAnFU8VbQ/3CgmMED2K3J+5Waebt4baY+Pf2v7KB3+BJtrkQgFx3o85KGl9qwQ==
a/Phv6p4C1FDGLwL+DahsRcnxcq38wjcwXXzLiFxVOGo5irz+Qurp20Q6D+arYGFoAFSU+9D+iEt/6y8o2S7Ir1rt6Rgmmk+TZVF2WwcYICU1gz0x4ZdNnBtJUeZfzcRnvifNUUmyf1SCwrmqTU68Q==
a/Phv6p4C1FDGLwL+DahseE0lIw7VdmTndieLCaihdDDaqOJkwsbpaajkHX5WwFGkZ0LyN3pD68bGkXy9j2mMDMAGVmonS1Rb52ccG+M2mA=
a/Phv6p4C1FDGLwL+DahseE0lIw7VdmTndieLCaihdD08q8lQChlYECx41n4U0syY9aCOM2uoHaKaMY5vD1ciwu4HrF+AMA2bFI1qCgUWMCzFgdzbkWmy68FVvfaizz6
a/Phv6p4C1FDGLwL+DahseE0lIw7VdmTndieLCaihdAHmxPLbePHd9+gFmowNSRoRH7/N4LhC/cSPK8wBo4but1DSxNsQhD/chXmaFl/l8q/zwCS7u3ebjMz2q6hwm1PGfhMtjrxGQiYR74DwQzpYA==
a/Phv6p4C1FDGLwL+DahsfzFSpyaDbcBk3+93t3kZQaRMGQYP1koI1fJvkpJY+fJ6SwbZl2e1V8gLCaFiF5TJb+H5YiJ8eNeiqDm7rwAXIibauKf17m+O9MD1ee8QCDvxT0TLgP0kQ0B8swEwnz6nw==
a/Phv6p4C1FDGLwL+DahsSjv1pwa/TcVfJ5590dgId0Ux8wPdEoeJqxU1oAW9OMW7tM5WhnKk3ru8u4lgkSWkrMonDd70N+Ixte9cg/plEU=
a/Phv6p4C1FDGLwL+DahsSjv1pwa/TcVfJ5590dgId0j++MzlUNJukkf0u0HXEtzxo5kT/H7kgjjlSf73AgZka3p/PCjg2rjyT6QhY+lVgDeU4nwPGceHV66rqp1tDsk
a/Phv6p4C1FDGLwL+DahsSjv1pwa/TcVfJ5590dgId1DE/XOR5f0ZKqOQqwKC88eYEAh5MDrB86xGfMX7+qjr29bWz3sXnSPSlUQ7Yc39gmFuHjCOJ2Cxe7nT0/OCWau6KqR66xwdBtN6r7jA8MRLQ==
a/Phv6p4C1FDGLwL+DahsSjv1pwa/TcVfJ5590dgId1fX2MaTa6SFLAKTNDQdISrIdXpSfuBx+pmrHTJ9TEa5QEfdeQgZmGRi9ISC5A+mx0iljYGV7yC14RAijrplhniunwN2cQC54kD9IOO0ln2hQ==
a/Phv6p4C1FDGLwL+DahsSuhItJm4m5atkZj75ZSZDtle9kiggIielqWGvoLn1zsWCri0eHaCLVGcNQ7MU9zRfbFnyQgunzk+CewYqb/z2w=
a/Phv6p4C1FDGLwL+DahsSuhItJm4m5atkZj75ZSZDsIpnFlVji7YWP8oQY0hG+smpgneBMetSYtRu6FGTU62+6Clucc4a+iPwSBZHRbJVnjy1uMyTG8+3m1LDGAGZit
a/Phv6p4C1FDGLwL+DahsSuhItJm4m5atkZj75ZSZDt871PLcY9c0a7fXchOsXzVK41cSasBl/7mk1q8UupqJmwdc9VoZCfGryQyPmqhgz6bh8+HJGy4jcFWJtm4cS7o8L0RuIE+HQY7jEosx09LUA==
a/Phv6p4C1FDGLwL+DahsSuhItJm4m5atkZj75ZSZDt871PLcY9c0a7fXchOsXzVakuhPf2tm2B3Zh5hpuPcGY02Pdn720a44XlNxQK/93uRVy9Sst7TyKQ+Z/2ph60A8Bzcopxlnk39nuS3EfrUEQ==
a/Phv6p4C1FDGLwL+DahsSuhItJm4m5atkZj75ZSZDvsDcxp1KPQh2eqn/nNOWNL7r5bCIjTkBXrbaYw3BqVErftya88u/XTZ0R9TNdMUJ2qz/YM4VGeJRsTDpLa9LYC29pJkBfLxoQBxIO8IfI8tQ==
a/Phv6p4C1FDGLwL+DahsSuhItJm4m5atkZj75ZSZDvsDcxp1KPQh2eqn/nNOWNL7r5bCIjTkBXrbaYw3BqVErftya88u/XTZ0R9TNdMUJ2svkquTUrI6/2UrlKNq3ZpajwGjyj9wTwNi+f62wJbOA==
a/Phv6p4C1FDGLwL+DahsSuhItJm4m5atkZj75ZSZDvsDcxp1KPQh2eqn/nNOWNL7r5bCIjTkBXrbaYw3BqVErftya88u/XTZ0R9TNdMUJ1XAMwcOJvZhotzotZZLW3YeUvitBIrjUHPWRURX4NkJw==
a/Phv6p4C1FDGLwL+DahsSuhItJm4m5atkZj75ZSZDvsDcxp1KPQh2eqn/nNOWNL7r5bCIjTkBXrbaYw3BqVErftya88u/XTZ0R9TNdMUJ06oxGH7U/gBHBRpaqxDabOOtOhtLT3JOjK4meaN99IIQ==
a/Phv6p4C1FDGLwL+DahsSuhItJm4m5atkZj75ZSZDvsDcxp1KPQh2eqn/nNOWNL7r5bCIjTkBXrbaYw3BqVErftya88u/XTZ0R9TNdMUJ0Pf+B0JC1iY28sslhKTl8w7UicLCOX3r/B88USMjTBLw==
a/Phv6p4C1FDGLwL+DahsSuhItJm4m5atkZj75ZSZDvsDcxp1KPQh2eqn/nNOWNL7r5bCIjTkBXrbaYw3BqVErftya88u/XTZ0R9TNdMUJ0BK1utFPddQ76c9TuzS2hRU06xoUN+F+dlqFMRej4y2A==
a/Phv6p4C1FDGLwL+DahsSuhItJm4m5atkZj75ZSZDvsDcxp1KPQh2eqn/nNOWNL7r5bCIjTkBXrbaYw3BqVErftya88u/XTZ0R9TNdMUJ3eQ7ptwZLtIWPCUyrUMloN2kWH5x2KPEHxNxgcmMOj5A==
a/Phv6p4C1FDGLwL+DahsSuhItJm4m5atkZj75ZSZDvsDcxp1KPQh2eqn/nNOWNL7r5bCIjTkBXrbaYw3BqVErftya88u/XTZ0R9TNdMUJ3Lr1XAR+F7tAWhh2mQ6SPCfkk1FItiDVnyopWe7qSd0A==
a/Phv6p4C1FDGLwL+DahsSuhItJm4m5atkZj75ZSZDvsDcxp1KPQh2eqn/nNOWNL7r5bCIjTkBXrbaYw3BqVErftya88u/XTZ0R9TNdMUJ1lMtc9KG8Tfd83IfADdEQFMPHNgp0D5yjAjltJc24qgg==
a/Phv6p4C1FDGLwL+DahsSuhItJm4m5atkZj75ZSZDvsDcxp1KPQh2eqn/nNOWNL7r5bCIjTkBXrbaYw3BqVEmMwNXY/T2zJey1K/RBLZuhlF77iTYpgb6TWf1bjAmvMhPJIGKzr/LwcD4/sEk7UCw==
a/Phv6p4C1FDGLwL+DahsSuhItJm4m5atkZj75ZSZDs9IkpAwaSJ6RCIGEeL2yo/NOkQkf11C0qxVddzGdH7eNcQsZOoOwHzDq/AolWiBmLkC3SjW6SX5jjLqu8/5uYM
a/Phv6p4C1FDGLwL+DahsSuhItJm4m5atkZj75ZSZDurFk98L0exOV6bQALkmDXW8Caglb0cAoRnVCvyTAfvjaHIZTUiBVIsDNC511p3VzczhXt5n8ovUO60K/1MSeFkYrtHP6Npn+9Y4FAw7D7CGw==
a/Phv6p4C1FDGLwL+DahsSuhItJm4m5atkZj75ZSZDvwa2NVDGDd3HDUlU3cgM489ZDCsEV6xu0yueERHYe2iDXaKiqSvG4ROqIpOHUnuFGGoIy0dl9tysbnmOZeY3jZ8Z3OkhJQF4sPXttL5LL0bg==
a/Phv6p4C1FDGLwL+DahsaOilCLnD8hN0O4LolH6vm2mlk7mHQ2gBTLytaX9orwAWSDL3k/jAmI+GunzRtc/ISCjgM7Cgp9XgJN1wHBD68g=
a/Phv6p4C1FDGLwL+DahsaOilCLnD8hN0O4LolH6vm04LymoiFj6AU4aRRcG642Wlt4h2TTpUxBeg7I5AcW9Uj+QJmHehxDYtdbUxoG2us06dlDHU1aPoLEzYxrM9/+D
a/Phv6p4C1FDGLwL+DahsaOilCLnD8hN0O4LolH6vm2Br0MCKFVo9jFu6a72+/CRH5HtPaD9z2THctXUSj5zpGltvfWQy6ZlmA6j/4slzjlH5xGZwb8gZ1Q55tb/X4OoYKTyZz7IiEEfunhMCGJX2A==
a/Phv6p4C1FDGLwL+DahsaOilCLnD8hN0O4LolH6vm3KDRTY3KF893o+LvIEB1wStuDv9uld6e47iaZIDOf4NCF2GaVhhRm9RYxekSUWxCFyu5uzirRTclSSCmHbPCyQ8auqqnGjvEyzCacTIUIWWw==
a/Phv6p4C1FDGLwL+DahsfwkkWXWzf513JTn6uzxtsMKeVEOEN9d2k4zrveq+AwLXpm0bhrpwRutUAyNJOiFKEHb5Qskc2PB2BIkVxLVk2Q=
a/Phv6p4C1FDGLwL+DahsfwkkWXWzf513JTn6uzxtsP9Hu3f8tXs4agImgNZQBWI5yl7rNttbp+9tnbolWOL6IUPPR/7aW1ocxUpF4dfgAJaXsHCRmrWxCNF4pijATKL
a/Phv6p4C1FDGLwL+DahsfwkkWXWzf513JTn6uzxtsPIENcKZfWX3+igJCPkvWu/SjPnmPFLW+0m3HzZfYchkPGr3+BNdJOND760m1uXeKc1zxH+LEG3YS/LKVdz/6NhqbTiGVm9HJUXhzMRP68azw==
a/Phv6p4C1FDGLwL+DahsfwkkWXWzf513JTn6uzxtsN5iePPBW7zerv/zDlmIJLyYck7+tHk8dyPwtf1SqyWew3KY7nm3oGlsklQQgwjNY9V1BI213m+3kBcjOi5sS2PUalS22t0tPxPbMIWIfYWmw==
a/Phv6p4C1FDGLwL+Dahse6ETbgHmNKxUQyyh1jsL0mPotPyGZ9nkE+NixgGoDc7gROK5ZPTEOZ6FqKdPfqiprL5/xw8TnhnKp9N6E0sPV/Yj+Wt60mpU4yHr4ECcOvH
a/Phv6p4C1FDGLwL+Dahse6ETbgHmNKxUQyyh1jsL0mZXNi0vYR7cJ0Rbra3Cvt6uXHU57UY1uS/MQ+30b4KHpo5MssKZncgsX/mPmppbYa6Zfuino35oRDPwUD2wA4LPjnsUJY0PyHr5rheChHLLA==
a/Phv6p4C1FDGLwL+Dahse6ETbgHmNKxUQyyh1jsL0k/+WBrrJZS3s59FIwPgBwa/UNo839pqYJad6V5hck9GbVS5R4KlB/spfLOVmi4L39p4+Vk+Qa1tWu+tH9jrXr9M1yuIxdErMwYKfbw+QK7vw==
a/Phv6p4C1FDGLwL+Dahse6ETbgHmNKxUQyyh1jsL0mVb9y1G0vDQbdiBZdQ7pycDSrVFUjcDl35Fs0ED1osRLPWG1YrRZew2FJ14fYS8Og=
a/Phv6p4C1FDGLwL+DahsX7Wb7275m8iFzTMNWe/+i5koyT280pWPb/DbZ7fIgMINKW0WkpBOD2bf5pL7MjtEujaVQObTUErujROWfmFoXc=
a/Phv6p4C1FDGLwL+DahsX7Wb7275m8iFzTMNWe/+i7qZC9XVSLugfwTXk09Cmkndy3lb+VwYKrzjMXtpbEJX71EqjM+M1iLIhBFBSW164khzy7t+18LzMkRbcVqx3qB
a/Phv6p4C1FDGLwL+DahsX7Wb7275m8iFzTMNWe/+i5iqoDm/+64Sv40kfgTFuHIIPm2hWqm4jCv7Q8fc+6+1KMx5ZYbnYZqeozGpapdb7P2DQ153JyBwGjzWgVx54h0vZjMOu0oOBz2ydL6REwdig==
a/Phv6p4C1FDGLwL+DahsX7Wb7275m8iFzTMNWe/+i7ggIfl6ZFFIIjDK4knezcx644vey1yiiiNBFyCriuG4tG03BcXv5pbCaWqdqlSNsOEasHADDe9oIl5JY6rd9GMMmhpUOdTQXhfL+HVZdzgOg==
a/Phv6p4C1FDGLwL+DahsRTwHipaC6CVKjaUxTU25SwWtvGzydh7GSreOPq1NlEpHS9Dh/kaVq5SDpMxuS2V4VIM74FXW6F9T5RnNuqXjKc=
a/Phv6p4C1FDGLwL+DahsRTwHipaC6CVKjaUxTU25Sy1JyttOiINF+mS+mwzVreEaHjuGX94+CQ8vIQBt39GqqpMp3WHc75GS2b94SgwRacWjpDYiwr+j86/RmtbJdb5
a/Phv6p4C1FDGLwL+DahsRTwHipaC6CVKjaUxTU25SzHhnEi8vx9SdRj8GebYyIwsxvtyxA7k+cmgaeygfbz8t4Z972x8q7nydUXi4YI7SGTifr/u6wtUDzTHdpNmsKc1w55ka64o9WrHbdEveupfw==
a/Phv6p4C1FDGLwL+DahsRTwHipaC6CVKjaUxTU25Sz2S859uCVSkMS3nn5wXRoaUvVntOLse/+Gzsix6YTG8KhSHv20laFBeQzlvI9Kll35316z3LTkm9WFtuBV4G1zc0qbeOJbDmuBj8UogXdEbg==
