GmcONIA9PFzHw1gpPLLPoqev3ytAH5KO3S/CJpMsylg=
35kyjVfwBJgytCi6KM5Vug==
FNt9orFfFSbPIXNSbXcP2Q==
gE2g7VQeqq0h5MkG44fPUw==
ExPkcbYFeYs2lHSAMsaJBpxuEYAFUS/Mzq9RT+Z/a4Y=
cwgQW1UgxyVfBeSrdwXHsPE1eoSAri+NViVSjTYe4hg=
pYn3RyiaY4vz2unSybTHuw==
mAzeFbkWBGyzJRgEWJSZYQNn44wFaguEUnqkvHVinQw=
NiGef/LGs6v8Em6sqLz1GRaNg+Q9NwMzyZjPFrNKCTo=
2lfNnhNY+w/3xMaMUxJbE0YFT/wvMlSDz8Vrd5FEs18=
a/Phv6p4C1FDGLwL+DahsUYin/3/30A1lhS014tfob3A0gImAq5ddWBZiTEEOofrtBXTBu9KIOjzyVB34KWxhCzucTqtLamo6dw0E4sw8n0=
a/Phv6p4C1FDGLwL+DahsUYin/3/30A1lhS014tfob0o3GBd8mDFeFjKubMmisTiD5PfLeoKuc5kwbyxU/acEm6wV4jgnAzLKQjY+90M8d7yNVkmk7IX/RwkX1pZwM8E
a/Phv6p4C1FDGLwL+DahsUYin/3/30A1lhS014tfob2h6SmXKfyscMQf22KxqIQ2tY3olwBaYfjo6ypADOlnruIM7fZsmRaK/D0CUDkkpKnBM3CPx1QfRYuEPz/6hFyVfZwvRfpM4SyD3dXAWcvGNw==
a/Phv6p4C1FDGLwL+DahsUYin/3/30A1lhS014tfob2d1nJIixquYaw7xdRONNWL1BHSsQeLbQ1AGTf8H57hPMTYaFprSxgcx1HFDtK2IMHP5XTsCpDZbV780bnTZexFL0g3Gh4z+kSPbvlsLpvctg==
a/Phv6p4C1FDGLwL+DahsZ+CHvsNaB633Deuz/9Uo2+mVxtB4EnZ1225c26qFHx84FtpE6VhWbu3rGUsE59341jqT8KkEhbqkpFrUr3yhYs=
a/Phv6p4C1FDGLwL+DahsZ+CHvsNaB633Deuz/9Uo2+USnsTbJD6cXVC0N82AnSwxA7j/A8pTPZq7nlvps/1cXYR+YJBYhScJyVFoED5NURW0knKsluxjLSPsCKRCsZz
a/Phv6p4C1FDGLwL+DahsZ+CHvsNaB633Deuz/9Uo28wAUwmWhRLh/XjLDyEZ+Fs/D5w5tZPg/7bQHNb6ZyURi5LKBmVA/7jk9u0jgAKL/2Q5BS946pgFj/ITXH4/1l3sV1cpKXd8MdE9KwZ/oNOmg==
a/Phv6p4C1FDGLwL+DahsZ+CHvsNaB633Deuz/9Uo2+DiiJT5dbFypDx5jFtKsgKzBGcZXZxxX5uUpmbaO4GEqWoui3C7Wxa9CRYYVxTxpD0c6Eln2XcXzdJCZ688itl/o8V7ocQ5x2FxJ8po8dWcQ==
a/Phv6p4C1FDGLwL+Dahse+HJzlChYmbtayIgZ5xuKJlZCTKV+iFyrG53HkJtB89epcxumEmFs2cisTx9T0Fnunh8B/XZGYxjO6ahK4aHpc=
a/Phv6p4C1FDGLwL+Dahse+HJzlChYmbtayIgZ5xuKKiYOwpXw/8kGqNi3qTFstO3eNsvGMqh4RInpsHnDwd33+4s1GVrTsjyqLtZElgSBXIlRIV275TSHxoDtxtZUqb
a/Phv6p4C1FDGLwL+Dahse+HJzlChYmbtayIgZ5xuKK1zFmBtPcPgdtX710cJ3NfeuOLZncYvqDYYnmd5kdCXHCS/uArhGKiFlpLOoCCA+KIOtm2y1o6Tv2uf7FyqhIF+SPS3Bs963vFOu2eYquj6g==
a/Phv6p4C1FDGLwL+Dahse+HJzlChYmbtayIgZ5xuKLGPRhP9WmP+/7rpYRr2Y3jlynWmNA/b9ACQ2z6OBqOLXDZmenKZeCPNI22RNs9kngSCMAnyZK4UF5Y6r5QVVPvQ7IXP+H7PQOD0V4kqwHz4A==
a/Phv6p4C1FDGLwL+DahsQ09g/2pmByQLNVQsCFaMl84UBx1btQJ7AnyJ5Enwd26fM6cpUNO+3K6Bz6QkPNsGtPq92y2E1IUHUJNPr9KXdQ=
a/Phv6p4C1FDGLwL+DahsQ09g/2pmByQLNVQsCFaMl9rXz/cvpmQ+toxmIJqUtrAHx/Nut4cMxkyqwmYVl44xmT+xY+9yfmtSqOuz6fgvOqGC68KZDInGG27IP9GBr/g
a/Phv6p4C1FDGLwL+DahsQ09g/2pmByQLNVQsCFaMl8/OSpLRp+tGPAtmrLyt5FeA+jyPsUwX877iYxBlLRxE27hzIlaPDOylf72rLDAm16OZLdFjPFlnX/Xwk7pZySKiRudmt9lR4FELiZ8hM10jw==
a/Phv6p4C1FDGLwL+DahsQ09g/2pmByQLNVQsCFaMl/n2nvYUQ6lXvQE1+TAA/SlUcaycsqKM+B12gY0TaW3vaKzXfolp3ksWgCgs+SuJiLQxokIstFaB7E9e6tNj1fSD80ZSqQndDNuPlnJcB4Rlw==
a/Phv6p4C1FDGLwL+DahsfBLnlJF1KRDQjELrwDkxOX/pkibA7vxkBY3USxY1SyspP/FZuoTrMQ0wHnsm1EmmsqD/z2d/pAPAowCA/dmKd8=
a/Phv6p4C1FDGLwL+DahsfBLnlJF1KRDQjELrwDkxOXuQfsuf42Kx7VTTEWYUsZcGZZemmZdTisWvelakha36dXtH65j3VXm3BKTMIOMc6yD0fwMoO5I+j/DCzMVKIIY
a/Phv6p4C1FDGLwL+DahsfBLnlJF1KRDQjELrwDkxOVHR86g0ljaKw1LFa7uOshJntg98BWjvhDO3kL3fqXAsGCgcMQ1OmJTsoqYw6Iz0Pa9EqYFEZ5tsDHB43Q9biS11Cw2iCrdthgH1SVzA1r2yA==
a/Phv6p4C1FDGLwL+DahsfBLnlJF1KRDQjELrwDkxOXjOk9Oe7GMrRvQG/uq97lBEWOiVAEqQAHxCVqV2q0jA0r3bSQ7Ffb0QnhYCs18lKV0bJ3Sh7REQpkmBusf/Bq/PZinJ4lFQUAuS6MQcMlfAA==
a/Phv6p4C1FDGLwL+DahsZIEsoLh/c83D5zvYUc5aGCmaQ2Ly/LVjlDacLgZkwqz0fVS/XnGkN5I+Go3f8vmgeRp0QSRAzJUQ9EWVAvrRgQ=
a/Phv6p4C1FDGLwL+DahsZIEsoLh/c83D5zvYUc5aGA61fnfS78FtFqmUP2pbr4GWQnZG1WavIIluSUOnpT50k4u64OpUomFaGvYJjtb7gUdKlaR8WQK1xFpOC/Y67VK
a/Phv6p4C1FDGLwL+DahsZIEsoLh/c83D5zvYUc5aGD9eoxpt0gLRbwm7qR+q/QSjo0+mt7/MOusXD6z+UWpavyrPvdSR3Pft1LT0l1w70COm5fEOVws5aYGcNLh2S+STNiDRr5qza3NvDvpXMRKVw==
a/Phv6p4C1FDGLwL+DahsZIEsoLh/c83D5zvYUc5aGBp6ckSClBCtq9VU4iw8EfGBv1HWLmrngoK3osYUcRR4qK3K+RxNyBwaJ77H7zaTgTq+Yc2JNPS7r10gQj2YTR4qCoYbCuctHTrrGi1cUxD/w==
a/Phv6p4C1FDGLwL+DahscJXfgyCYRIASqCOdTnsWlc7Vpy0n9OUeonxEsjz/wue34GVpM1a41D2NjSYXyq1BjCZf3FLwRxblfyLebHn8zVKA7FvfW/3kY9decXrgehox93KD4npQmtuSwkXSi7F9A==
a/Phv6p4C1FDGLwL+DahscJXfgyCYRIASqCOdTnsWlfDGMrNXkTRdMdTMYwNIovquecEiC7Xl9GRzKGE0OEy4O+GSga9Uz3zDWm1rB/KmUI=
a/Phv6p4C1FDGLwL+DahscJXfgyCYRIASqCOdTnsWlfaVY9QbGuhgF66UvV2kA0Uvx2Zk0aFHJ7WVk+4Z7Ca3QVz9rJxA6wxgGjN9ZMerWnUkD/VDOFDLNKdjaBOCBlg
a/Phv6p4C1FDGLwL+DahscJXfgyCYRIASqCOdTnsWle2KWZ/LcxX1987YYqX9pu/p06IuTIGxgVyxqXRnClrWa4VzkWpgIw+xyUW9IEott2FKH/D9/5zNYB6hc7rFxWT1lVmVNIq+4dmUIlQMwvzTw==
a/Phv6p4C1FDGLwL+DahsQScSNeRHAwoGnFZQNoHxaSeA8EOlWlANVRpueqz7tB0bMpEVSBsYE9TaISYVOcA/lWTB4Tal/LpbPEHK+BlntI=
a/Phv6p4C1FDGLwL+DahsQScSNeRHAwoGnFZQNoHxaRedusBUombNuTPbaDgx1ZWR/Muf3pzD4r+QhRfJvqEhdKv2CGPh2YQDg6JsMsPPc0njAgARt30PUxrHRQhWZ3e
a/Phv6p4C1FDGLwL+DahsQScSNeRHAwoGnFZQNoHxaQqxnnIQTEj4Fukd/wDsxAJ7t30n0fwq8gtzurHv4Y7aV869ihU1ab/sM3agrVzveeHsX5Skl2aa7G7rQwuvUlu18uoLAdOCpm6KRtNUzZtAw==
a/Phv6p4C1FDGLwL+DahsQScSNeRHAwoGnFZQNoHxaRMZn78mrc+1En0SPP4Aojl//1BV7gDsTb19VW9KXez9TaihC8FCEFeaLlIx3F+fLA34Twd40Hnu3OWMPISp105FZJ98uDCZnIi3gys3/0mfQ==
