GmcONIA9PFzHw1gpPLLPoqev3ytAH5KO3S/CJpMsylg=
35kyjVfwBJgytCi6KM5Vug==
FNt9orFfFSbPIXNSbXcP2Q==
gE2g7VQeqq0h5MkG44fPUw==
ExPkcbYFeYs2lHSAMsaJBpxuEYAFUS/Mzq9RT+Z/a4Y=
cwgQW1UgxyVfBeSrdwXHsPE1eoSAri+NViVSjTYe4hg=
pYn3RyiaY4vz2unSybTHuw==
mAzeFbkWBGyzJRgEWJSZYQNn44wFaguEUnqkvHVinQw=
NiGef/LGs6v8Em6sqLz1GRaNg+Q9NwMzyZjPFrNKCTo=
2lfNnhNY+w/3xMaMUxJbE0YFT/wvMlSDz8Vrd5FEs18=
a/Phv6p4C1FDGLwL+DahsdNi7V30uWGI4Yr1l5wx1PdWtLZ7ym1RLUrt1TjYY2zmgWNsebBYFxQVprc1Wy2DNij4b5005SvGBxnNdubhWTc=
a/Phv6p4C1FDGLwL+DahsdNi7V30uWGI4Yr1l5wx1PeWZSDLAFcZ9GR9i0GB9Wjhmocs2UqCoLiCzq/5rVlYZx4rNBcqtAOjPFO50OY6QaSXR7721ZrxEq1oiRvCRDAw
a/Phv6p4C1FDGLwL+DahsdNi7V30uWGI4Yr1l5wx1Pdcp7LvQERJx9rrPcNWrcVk5mvUZQFVXQ2QQxjankxspWzs0YvDuRm4KCtvG+HMbH6cTUrCdbDloku+B070QzXMa5Ok/hhGRZaw8e9ou1mbbA==
a/Phv6p4C1FDGLwL+DahsdNi7V30uWGI4Yr1l5wx1PeN2ahzY1IUAmcYdPOoj6qRtzLNa9HWuRV9YQ/Gm99fUbNjjoKdOEY/lmMGX/WAcoRu5q/MhFoLGIgp+PaizoFwn434VPGFvgfIg3eMls1rkg==
a/Phv6p4C1FDGLwL+DahsUYin/3/30A1lhS014tfob1WBwQlv3o1HL+I4t11QkKcotQslPO53A0FM214JUKtVHalFy504GK2/+idehqTsOs=
a/Phv6p4C1FDGLwL+DahsUYin/3/30A1lhS014tfob3OlILoCP9rHFszn4sqdvLEbH78vScYwkVwlkTqBKULMOe8eKpIqJeHRKCQdGmaYNGRcfL/z99/7dT4MCJ7bizF
a/Phv6p4C1FDGLwL+DahsUYin/3/30A1lhS014tfob2sNGDm4e5IlHTycjFocsPAGGxFZZqY0mTJOCMZsbYMddPzoo1WsFpo3HK7UKfOxVA+uOQE4pWxHWHG0ZkgsRODmOTzaAO7lowkQvhWoOIo8Q==
a/Phv6p4C1FDGLwL+DahsUYin/3/30A1lhS014tfob0SzI+cy8S1giIV4S4UO7j975MDt1pCnGjfQUceqwdokphd9+lEHjblaSv9YIXaz4leDjiooZ0DZAtblJxgZOkyA3BfaQJIE5IAHGBtMf98Ag==
a/Phv6p4C1FDGLwL+DahsYDn1GU7+2xAvjJJc5udKVZq3elwG/VF5f/Io+UYc0lcR2po6BjLsnvsdJkcP7cZ6fviOk97maor4bWz9zbgwyw=
a/Phv6p4C1FDGLwL+DahsYDn1GU7+2xAvjJJc5udKVYBFoPimc5nTNeWJhJITXxc9TqB12kEh/rDjG8pgwDGEoeQTGwIbr5V9nB0BPbAaNrP1199H1CALoQ0gePU9ZTp
a/Phv6p4C1FDGLwL+DahsYDn1GU7+2xAvjJJc5udKVbTdIayHO6hhBNZTr/ffhVW7DTYVuph5KmHYleZLw0v4ZkjoBKc1+JsqAcPwx8atgpc1waKm5FGNIF+C1WuMwbAST31+yVIdomJHiaLbQNlvA==
a/Phv6p4C1FDGLwL+DahsYDn1GU7+2xAvjJJc5udKVYcdy//afOQPk4tozD+5706psjL8+ngqx7eSuiy+Y4b9x5wmTyCR0Tj50gq/BJE1NfL9hNIxSc9W2cvISqX8UHFi+NS9dB7uQ9hsgfkID0n2A==
a/Phv6p4C1FDGLwL+DahsdqBfhwQVs5V99P7ryvs2PoNpU30pQrbzaSiTRd3LPFgkd/ncyl0kfa3fcYRYYuo6F4ol56XSycgxwDwfNXDW8k=
a/Phv6p4C1FDGLwL+DahsdqBfhwQVs5V99P7ryvs2PqLJcQVxDZCdcSpf9+xBpL2Xs0EOGn2RT96CzMscoZLzX8sNO1FGts4DQ///O3wdOFlFTxvSGMPyHiXqlFoC/XC
a/Phv6p4C1FDGLwL+DahsdqBfhwQVs5V99P7ryvs2Pq5XcGLvLyW4s32AVWDSfusXnnuA0aGDv9Jd4hV5uqaWSfEoICyA9kOmJVk4EEokuTFAmyvtpglQCOg7Qv3khYTxdNGfji8MHWpsUFldLkYdg==
a/Phv6p4C1FDGLwL+DahsdqBfhwQVs5V99P7ryvs2PoQ62in0WLt/evY7fSscj1pstu4PjTGSIxoHHVU8plJAiPmGUw8m+qlzLRUHfrg9TbSF6KuCE0HXp9rpvqSAZxHJAo/wvV1sh+BKzlvzzrZbg==
a/Phv6p4C1FDGLwL+DahsSzTFtaWX2SLqYIwwfgXSmzixsKscYevxeSPXaPoLiKiB4kp9In2gDfV3CsVfbCdCIPblhYLCFmD8VDLXR6Madh0dlFCDgXuGCETSQl/Xj5u
a/Phv6p4C1FDGLwL+DahsSzTFtaWX2SLqYIwwfgXSmxyKBlYi5olX1+3vYhi8f3/gTJQgUwsg9G4uiUYUqlGpbGM/YIn8tinnGIo6Axv4iU=
a/Phv6p4C1FDGLwL+DahsSzTFtaWX2SLqYIwwfgXSmw6ejdhIXYZuvkv1bNZXWO+7ocvnSNooBRNIKmDSnhNfvSiQVnZ/c5UTQISk6bbIFy9bQRjVV+IcdH3aBJRcgDq4Z/ONpBrXh/ZM29cJkIaqg==
a/Phv6p4C1FDGLwL+DahsSzTFtaWX2SLqYIwwfgXSmytX3m4OOle1GQyWPy/+VwdK5Kbs6ZFriyPbkcaNeIrAAmaoyiYajx+Ihj3LKrckOlZeW3lSNp5csBfps0r1xaJUvF5VUWOgMDFjgvT0EbfWw==
