GmcONIA9PFzHw1gpPLLPoqev3ytAH5KO3S/CJpMsylg=
35kyjVfwBJgytCi6KM5Vug==
FNt9orFfFSbPIXNSbXcP2Q==
gE2g7VQeqq0h5MkG44fPUw==
ExPkcbYFeYs2lHSAMsaJBjIbQm7FWZ8YCSkKK1z2aPs=
cwgQW1UgxyVfBeSrdwXHsPE1eoSAri+NViVSjTYe4hg=
pYn3RyiaY4vz2unSybTHuw==
mAzeFbkWBGyzJRgEWJSZYQNn44wFaguEUnqkvHVinQw=
NiGef/LGs6v8Em6sqLz1GYGKB0111uCW/TAqgkiW0+w=
2lfNnhNY+w/3xMaMUxJbE0YFT/wvMlSDz8Vrd5FEs18=
a/Phv6p4C1FDGLwL+DahsRI2RtnFBw6bQ8kz/D+eMx6GEtbEfjQ4VH0FFgKByfUAgOwMjLmdQlCDfBXWy2zBjOHV4JRozS1bYXYYYOA7tb4=
a/Phv6p4C1FDGLwL+DahsRI2RtnFBw6bQ8kz/D+eMx4nPWiwb4w+PdgpELVvypHcdehvtOVuyEVQAShlh5u+1fF9QYTAP+i9tjDNRtP2mWYgTKjxXNxEMdQgWjkEfu5B
a/Phv6p4C1FDGLwL+DahsRI2RtnFBw6bQ8kz/D+eMx5Faswc1iExQInjHSfX5vzNh8t+REg6mI+ZgqZSN9DlHgLGPO2wbSHW17vvo4Ur8zirkPvYodDI1V91RExeqAgGtTcQQ4ZybmX6LuT7U4hVig==
a/Phv6p4C1FDGLwL+DahsRI2RtnFBw6bQ8kz/D+eMx7KE/THnpPCFLlGByOBEi1t2AX8nFwwGtJe2/BpODmTsiadRIVUKtIRkz4fU4/GPi9XWADDxC7JWrFnCSl0RELSIIeSAOnjsbjozEraRUyHAQ==
a/Phv6p4C1FDGLwL+DahseKJJp/3AOzFx2dZNtIuMd6LMZDlUx1Bej5tEkkQW5h70dRnugvmaxmidvzmaoosrABchmfqnGmCbQ2MB/s4S6U=
a/Phv6p4C1FDGLwL+DahseKJJp/3AOzFx2dZNtIuMd5ztpd3RdKu3GB3pvo6r8+SgXUAf4CRk19E8OtqkRrTmtQlIVNme8xNnpj8sQXdOxTpwIwciw1j/dui9M+T4yHL
a/Phv6p4C1FDGLwL+DahseKJJp/3AOzFx2dZNtIuMd7Dm8Jn527a3K7RliFA0Nidd6npT71j13ynFZmJ9na8FkED5qmvHDFlcxZdnL0WOI1Ihjvb4qvyUixCujY7uw0mNVYBtzZEzSLONncUbi3MgA==
a/Phv6p4C1FDGLwL+DahseKJJp/3AOzFx2dZNtIuMd5SJ0hfpcwfByRuP6sIDVgoqjna0XVtO/wHOCFHW1GsKKVx1ErqC3xe9yJJRL055wo3Z1/AEmAvGaenK+F3xQpXpAp6qMNMivE6Fq+4uup0Yw==
a/Phv6p4C1FDGLwL+DahsXwGOHDvmNSaApEmFK3Myc2MRu/XzaPnBldGlGqhtZUK9MACaa0VkYSFCLFNufYlwwW1muHJt4bTejrgwUwEtPw=
a/Phv6p4C1FDGLwL+DahsXwGOHDvmNSaApEmFK3Myc2EO5mqjSwNNyJLzuqDXvMae551qIKTt3x5l6UnRB0BDWEf/JEJnQLlMaGMO14Hve/avPHBjintgDBC42jD3MvJ
a/Phv6p4C1FDGLwL+DahsXwGOHDvmNSaApEmFK3Myc376ypjX46P8DhegJTxZam34xU9FRZ1eF/ojXyvOaLFSlSqN92A+6F2ytOQPYOHCwPN2TbyDu/YzsHYKIoatZ9znbCZaESA1CSCVsHgf/ni9Q==
a/Phv6p4C1FDGLwL+DahsXwGOHDvmNSaApEmFK3Myc3HmPfN87TuhuGzI01jnwsmO+8j0xp76USj0UYr5DYrDFjAQQ8i883BmpO3mYgpwOmDuQRC2dxGHCnc7YOPG9AIoEANG3YvxbpexaGG5lS0cQ==
a/Phv6p4C1FDGLwL+Dahsch8lCTXhs2cs/P08XSDrFVXKVVxv4RORtsbKKnKBgV+Fix2jAaNbr+Gy3TuyO0K62YwTQOPE999p9AiwQkbGq0=
a/Phv6p4C1FDGLwL+Dahsch8lCTXhs2cs/P08XSDrFXc4PckGRsfL1bUnH88l2UsuO1ce9/qByuDmdO0Y24++LlgZHLSPpgXUvmgXiUyWpPdhWW3IoxCOxrNsAyl784i
a/Phv6p4C1FDGLwL+Dahsch8lCTXhs2cs/P08XSDrFWhbh+njpfDekgJ5StqBxFfx8MHGwnYQATT+pIAShAZ30W98/uqYFwZM+i0dHMA8TiljHI2eAQz3r1ysZ0QlbPN0xaCS1yX1BJXTzMA0xXMtg==
a/Phv6p4C1FDGLwL+Dahsch8lCTXhs2cs/P08XSDrFWs9YTMQyJuBd1nok8ZAN70Qq20Dcfz+o2YwywWVEioPf6va/3MabkF9yGAWlOMXBBBOJ0Q918moXCf9CvaaH1un0amMbSKTw4Ed7p43UUsfw==
a/Phv6p4C1FDGLwL+DahsRHfTzOxG27NkQx1Z7L6WUjlMMWV3WEkL0xEN0Im8/6bICWqbj12blZoIfMmHSweWN0q+GmViY5XHc/GDdy4XG4=
a/Phv6p4C1FDGLwL+DahsRHfTzOxG27NkQx1Z7L6WUi9Ix735kKWmPfU8pM9G8jdSQ03nhbf5NvRsYBXzRyphXY31NguAZ7hOnn/84kM+aStDIvb/zw1Iod8wv5Iv5Z0
a/Phv6p4C1FDGLwL+DahsRHfTzOxG27NkQx1Z7L6WUiiauxIFdCQtpuPntkx/68djvjY/8ZTNHVbT+j+YzA07Uqcs1Orgaglqk6BgfZjs6VbGCeXYXQjzfA2TCSLeCuoKpeXbdy6sfoRe1d42ww24g==
a/Phv6p4C1FDGLwL+DahsRHfTzOxG27NkQx1Z7L6WUjpjFKDExnkWA91n1A/PFsdLe6ZgYsKMlLRSoi6Aw3CxP8npSvZfmh+EQdN2Y+sOH4x/bLQ0V+oYhctwY8jNYPcroIsddiWbeGDobN73ykLQQ==
