GmcONIA9PFzHw1gpPLLPoqev3ytAH5KO3S/CJpMsylg=
35kyjVfwBJgytCi6KM5Vug==
FNt9orFfFSbPIXNSbXcP2Q==
gE2g7VQeqq0h5MkG44fPUw==
ExPkcbYFeYs2lHSAMsaJBjIbQm7FWZ8YCSkKK1z2aPs=
cwgQW1UgxyVfBeSrdwXHsPE1eoSAri+NViVSjTYe4hg=
pYn3RyiaY4vz2unSybTHuw==
mAzeFbkWBGyzJRgEWJSZYQNn44wFaguEUnqkvHVinQw=
NiGef/LGs6v8Em6sqLz1GYGKB0111uCW/TAqgkiW0+w=
2lfNnhNY+w/3xMaMUxJbE0YFT/wvMlSDz8Vrd5FEs18=
a/Phv6p4C1FDGLwL+Dahsab+T5CXJfr53V3ocut0FKlht4FAvZaPDGuhT5RF/ufzmTY+I3TgamA2GSl4DpvbvVFIfObzrRuup8Q5UWGijVs=
a/Phv6p4C1FDGLwL+Dahsab+T5CXJfr53V3ocut0FKnlhGGKtqXN7Q8Sb8Ffp6NGAiWUVyusawmaCJeSzBYEeRi7VAgLhlUPgBmVZ5D4Vp1j+viugWLhmHRUQDl6hfvr
a/Phv6p4C1FDGLwL+Dahsab+T5CXJfr53V3ocut0FKn85O9mhjsAF2t3VDZXliBoDUOOpYHJILBR+a0ddmGALPyIfQdMS6m7lKyjLqvIwyEQGfflzwxsmP1f5HlmIP+2AwK7mgm4HmXoFbBuc0ZSaA==
a/Phv6p4C1FDGLwL+Dahsab+T5CXJfr53V3ocut0FKkIdQ0gE8bDHK0ZoQ70HF3uIu5WiU4l3C9SIEOOWiasEet4huK56kMt/v0cG8xvUWdzaCC4V9l/IKXF9NJkNM6h+mMkR7ivqv7THlpZVLkwgw==
a/Phv6p4C1FDGLwL+DahscUMka21RcZ7osDKK6WJnIpszrx9KilbsZB7hHUWMVF4rKD3yWhHDE0oymV+WYvnGIknO2Y/WDK3MOAaM4/tg9I=
a/Phv6p4C1FDGLwL+DahscUMka21RcZ7osDKK6WJnIqyZF1t72ciXVlWnGrI8PawyP2NnOVeEX5Rx/petFW2K6lG5jVXqPvi3XhRse31GVN+p3ii+xMRauJjWzirSpaL
a/Phv6p4C1FDGLwL+DahscUMka21RcZ7osDKK6WJnIr3QzMEoOrDU/Oz8a3c0MDZoCldhxbK/LE+S9hgepQPnZZnFdfXHXdZXAKSejIBl1WDUJzQoL6cBW6/QMEVoAAkPJUO+JaSmywHQmbyZVwNRw==
a/Phv6p4C1FDGLwL+DahscUMka21RcZ7osDKK6WJnIpWHvbkMgWUo1NVPizLptVdtFgQh9RdTnaUkgd1fer1iErUYCvkynLubU0tUbYFXY+BkYCcT3vaIzVZlCZj7wY3da9UiMRej8Gw/U+33i72HA==
a/Phv6p4C1FDGLwL+DahsfG+eJWw985VwfVJKyyw0DNwoDP/8GXXRMhkjerAKXc3wrdAK6F6HOt91BcDblupShytDWSpCUq0ONlAVrBo7FM=
a/Phv6p4C1FDGLwL+DahsfG+eJWw985VwfVJKyyw0DOuiMTVU6z4nNsHNNVBydkhobkfmpSQ2LhQmz3UtDpi3zpP1I/CPUat6feCMfRaw8OxRFKPOlYX9SibWyOHW/7N
a/Phv6p4C1FDGLwL+DahsfG+eJWw985VwfVJKyyw0DO/Aw5UnvJX0YuBY3i7gd2Dvg3ns7pU2G6dKOgFPPrvxunBx5r55m2/gb9XO7n+/l+vc3y6eyaQtBJxt/pZMrEPogxF2iYyTJHlhuSsBLEPCQ==
a/Phv6p4C1FDGLwL+DahsfG+eJWw985VwfVJKyyw0DOHLQRjp4MobyxOpztpOWIQy+yNW+ADCUzBaolLEO1tbv1UhXji9bgksjtk75euExlT/y48c/D9GdKBDGxVRaZC2ULz0yAZEZ3nu0kHINYMWg==
a/Phv6p4C1FDGLwL+DahsVoaOk5Y38FwyPokas10vxUf13rCBQtgmXz+pMpDcnwONgW8y/45nQG5B2EIJBK+Uq++/0yLfRNahZlfAxYG1I8=
a/Phv6p4C1FDGLwL+DahsVoaOk5Y38FwyPokas10vxU+kjfuYMMwDlRpYtJCaU1Rv9AitLrJTk/XnYKPKXc69lYQth4/M62md0ZuLajvfz2efV7qY+76O5vcNrwIKuje
a/Phv6p4C1FDGLwL+DahsVoaOk5Y38FwyPokas10vxX4BrAOyvFJKOQF3lxBNqK+rETx+Y0983mvr4xlKio9hNyo2KNK1xBi2Tq1NEd1nvQFFMgaMq/wJ3jEahe5FMWW9o0UaXAhVcriIhgTtrvBlg==
a/Phv6p4C1FDGLwL+DahsVoaOk5Y38FwyPokas10vxXKOEpbicoNj8alnHxWn1fi0Zfr6o44WkdlM3nqf6zCT8oJSZaKSc9J9DUZTbaQCehqONUqr4wLDCz3tVqJad1MJG26r22ecotzKpZvHOlX7Q==
a/Phv6p4C1FDGLwL+DahsVbVI4GtKwf9qWZs/zNk/9fGFSDivnxXUr5j4r+3DTsD4OdhGo3/kseZ73MtA8NDAGqcjfkyTacdWblX0xwOdUc=
a/Phv6p4C1FDGLwL+DahsVbVI4GtKwf9qWZs/zNk/9ekPtk0bykDT99MatgtVZ5wL+Rq4EEBhSaFhKmLPNKMjDIFdyj5/+8Nk/jX0eMWCenYmqWTKY1xqh/dPn/PKXDH
a/Phv6p4C1FDGLwL+DahsVbVI4GtKwf9qWZs/zNk/9f6TcoHnZPAjQOhu4CQZo0JLxnvpvln2oCkjNYf56KuUItkuygIh/KKebyupgX8vD+T1+Q4ZxqlwwLDHRULsF2cnE2jeCDzCLwcoLXtbPEGvQ==
a/Phv6p4C1FDGLwL+DahsVbVI4GtKwf9qWZs/zNk/9e4xNFIopDzxSNZ5WcU+bAWTi1T34bQrveY0XGV9AikIjm8AzqZsIqREr+3NFkr3nygAxZg6Pf4l7plCbBw9Egi42O8aSi1UHPEhWJOjlsGrg==
a/Phv6p4C1FDGLwL+DahsQrpY4brPFypkeFLuLKYc7let60rUOMDT3gYrrh+j5sJDeFFxXVG9tOfhHDr96ilfwBegB7YH07OpGhFxHiaw1M=
a/Phv6p4C1FDGLwL+DahsQrpY4brPFypkeFLuLKYc7lJUbmHra4L24IUxOvUfcfewVUOVa6cv/JyoXyKQ3XMV/txGw+R+d1A8RmnayZgQUsJqQ3CfwuE4vWHEtlkYRf66nciABrJPNfOHNpVULKJKw==
a/Phv6p4C1FDGLwL+DahsQrpY4brPFypkeFLuLKYc7kWLJc4+509RGNb7ANoKuLbot6Txihyj10LokDqZQmsOfWkTxX4FtB5ts6MV6znkd7YPbTuBXdivLYo65r2VDoYM76vbteE0X0FM9umQxdJlA==
a/Phv6p4C1FDGLwL+DahsQrpY4brPFypkeFLuLKYc7mF0s+GeZ1xxZvkAinuAO+lLRKHRQ426nTC4DwjxISiuenjt6lmC5mLMI2gbsI2wUMG3QTf01ysVAabFH6/TmnR
a/Phv6p4C1FDGLwL+Dahsckd+ZJN7lRdpr1AG542e6KJVTPH54OUBr/HpVLPTQu36nn421HnlLXkSXB4IHbUcWa7UbwO2jWiFpEQDqdOOLM=
a/Phv6p4C1FDGLwL+Dahsckd+ZJN7lRdpr1AG542e6JKKVt7n5JKvmAeE81lqF7hTCJ3pLab9LlxsLaFkc1xxpz0XzT+1sEkU6rJFAoRoRW2xtqmrXpGY5T6mkORDTxn
a/Phv6p4C1FDGLwL+Dahsckd+ZJN7lRdpr1AG542e6K6RhZ2x7ZxGnnM00YYGOD6BjEKWbsKhdBKtXd75bVCD1hwRjqclUYQp9N/1LzA30oUQYb0MLsSc+ktiJ9JtIe0KHjfz3Hw30B5XuvtG7+QNQ==
a/Phv6p4C1FDGLwL+Dahsckd+ZJN7lRdpr1AG542e6JfJcnVqfK0BJXGcIvWsSz1Y6ma63C66LUtC8FYb+ADrXgogo379dDm/GJq/k+vSK4j4PeKb0J7twJAs52cp375+rngSpqIY+XNlS1143ioKA==
a/Phv6p4C1FDGLwL+DahsbKr64KK6pcIt4jxE58/2ylGXbYqMQ5HNZIAsBbTtZG/aUNo1Hl9ojbEm1wUlmgP+Ux44cOXMNdgmo7pR1LhJWw=
a/Phv6p4C1FDGLwL+DahsbKr64KK6pcIt4jxE58/2ymEvO/qsxvLWvxHoBZnGrrFgtTUUfjgbzUWsk0UXWCWUhcczl/htGoI08dBYS72Rhj9N4z7GItl1w9yM93gmdOK
a/Phv6p4C1FDGLwL+DahsbKr64KK6pcIt4jxE58/2yn2NRFGVz+ZS5F/xu4oNW6V5mX4WruSApM24JOrxvHCU/dZM14D4bH5NCFww05QSyC6hEe8LOlrobovo8lQ62o6arZU8K13ppMNRbInH6j8uw==
a/Phv6p4C1FDGLwL+DahsbKr64KK6pcIt4jxE58/2ylHSv4AxjinEKjVqIAJOgFxh0E9Dc4wMVQY0Hv1c9fwKwdckOkf31Zk9YUDNSi09vJCIJPUY/QPevmqmzXQpDcd9n1OMl1EhVkCezHXzui3ig==
a/Phv6p4C1FDGLwL+DahsbKr64KK6pcIt4jxE58/2yn8rAnozQ9AwrfIGvlOwzmdTPzmBlXlAewj2CNKUOL62JkEvekwYH9eYxK4p6H3W7o=
a/Phv6p4C1FDGLwL+DahsbKr64KK6pcIt4jxE58/2ynwD8AIK6J4t31DVSp5pdJfZUVPwahwDEm4u5cMWFuRH6ipt68Qgks6z4lCk4Y0W3N5WLG1RwByEKqYRZur5Yt0
a/Phv6p4C1FDGLwL+DahsbKr64KK6pcIt4jxE58/2ym2zLAelVFhRXw1eWnu0tChJCuNcs3Rn1fu+WiIND7iRXJxibCfY/AxwD8iJvD/1V5ZT2mKiy/U0UQP+qS+y9jqQEhiPKSNZHhg275Jv+Q4XQ==
a/Phv6p4C1FDGLwL+DahsbKr64KK6pcIt4jxE58/2ynpSk6nrHaIkZmjb4ZH0oc0Fx6yUHhhbHQy9q+LM0n9EAI0j20W32xqapSIMWznqkAmRO7rHU+qtPPUleE2+GhWjrJAwK7nqkpUDLE+GjiG6Q==
