GmcONIA9PFzHw1gpPLLPoqev3ytAH5KO3S/CJpMsylg=
35kyjVfwBJgytCi6KM5Vug==
FNt9orFfFSbPIXNSbXcP2Q==
gE2g7VQeqq0h5MkG44fPUw==
ExPkcbYFeYs2lHSAMsaJBmqn9EbB5FaGLWh/sm01yzk=
cwgQW1UgxyVfBeSrdwXHsPE1eoSAri+NViVSjTYe4hg=
pYn3RyiaY4vz2unSybTHuw==
mAzeFbkWBGyzJRgEWJSZYQNn44wFaguEUnqkvHVinQw=
NiGef/LGs6v8Em6sqLz1GZsz9fRnK6VAq0DzYHWYee4=
2lfNnhNY+w/3xMaMUxJbE0YFT/wvMlSDz8Vrd5FEs18=
a/Phv6p4C1FDGLwL+DahsRkyE+DhPQmDk+8SM7ml2RwCa0NZlwn8k2EIFAE/hCiwBHTS5WmBWq8ioZpmSIJM08EFub85UhkfXh8FGFnhdOE=
a/Phv6p4C1FDGLwL+DahsRkyE+DhPQmDk+8SM7ml2RyZ30h9OmBRmDhrsoR3DkkLoO8t8A2m+yAUnPRl6NWbytxkPTpKqN8QaSydsKigMu67UIG/fAelLC5Q/aJHjmrB
a/Phv6p4C1FDGLwL+DahsRkyE+DhPQmDk+8SM7ml2RyJi8XdyyfRa7PJNyZGnVF9Bm7I4AJatYKb7LHnWjI+kVaI2BiuUm9tqFKQM+0X7hhRsz5AR7LgXyz5cz5gi+OV5OhAhVYqeKUQq05AanH3Wg==
a/Phv6p4C1FDGLwL+DahsRkyE+DhPQmDk+8SM7ml2Rw0z7BjhBywLt1BIL8naZ9tAOg47crCSIACcld1Lb7p6QkgqY+MH1gXsuM/PjFkNshmeydL7TEu3JWu8bj4Y0hAL7EFTZDdy1tRC8AkSgVCGw==
a/Phv6p4C1FDGLwL+DahsSj15+J0RCZxTXj/qGvmfQ4Jt1SbtlzgfGgldkEFK5PXygaHIIEWTmObNSJg2S1cdkHcWOpxzstF1O0xih6owVQ=
a/Phv6p4C1FDGLwL+DahsSj15+J0RCZxTXj/qGvmfQ58tKPr05KMk1w/5x6z/F5yGOa2TPX/M2S4ZXUAfS9YFVBlgRl9IMGYzEQjWoSdNQd4B1oeUCyT2ZSrTGZejDBe
a/Phv6p4C1FDGLwL+DahsSj15+J0RCZxTXj/qGvmfQ7pfSPV+VKxxytpQ5lt+rPIxpMgsfwLlqEfc8SWxDIOYVUIbodEn+MVDoDeJHxVOQ4pFhgbugNXw/81MGDDiZwilPHDX1UFOQIDMf5xsQEEFQ==
a/Phv6p4C1FDGLwL+DahsSj15+J0RCZxTXj/qGvmfQ6NPFUHfJEOzmZJqhoc78w8DK5Y1qcL3WdIlNitS6rsBabVm/bVIECCooAB/86MozLBwq7+x/H/Vmctn6Q7EVZBFWY/wepZuJYFvW15B2IKqg==
a/Phv6p4C1FDGLwL+DahsQndPPczyZ9pF9u0zwIbsWp3mPhkHcbPmKr7n6qQ/jm2wPE2ojgJCWqo/GEnZjVrLllDH1fMIlUFmIzCozQ0iA4=
a/Phv6p4C1FDGLwL+DahsQndPPczyZ9pF9u0zwIbsWqejHNzTyTH849paf3tJNqq9hD8QmsE+Y2ukh6sUW+j0midM9DCu67198mYTdLxyu5Pf9PkNnVVlIdcqQ9IsL4Y
a/Phv6p4C1FDGLwL+DahsQndPPczyZ9pF9u0zwIbsWq6OzcE17tvxhNrf5iYTL0ekvDO8BPBVCtFkkVaf4pZa1YUoRlxXH6CUrn0MDB3q7TgEmnYn0lnHaJWONW+i7xAdKE68hjg+XuPlO2l1sXEIg==
a/Phv6p4C1FDGLwL+DahsQndPPczyZ9pF9u0zwIbsWpYBGUQPRtV8rOZ/rDFfVJBW/JM30pWdggMA3dahlrOKawYwFNRuIiWm9cnR5R+NxF0zwlr2r/UQDCU5drNY/dz0A0gOLjxH8kU0tScFVyFAg==
a/Phv6p4C1FDGLwL+DahsX1bZccNt/EZja8/PY9V5CiGrzX4xvjXvtq/kAF/cab11x/6cwqTsL5mfAWSIm+ywiMnLuNr0vc6fXA2E3HnYLE=
a/Phv6p4C1FDGLwL+DahsX1bZccNt/EZja8/PY9V5CiYl9zdAOls8GcKwgqIGDqCYAbmPytSyr2FU1rWaumUZEYum7e7h1j/7yRT5OJy+z94VSwD7peHraJTuHYZkefV
a/Phv6p4C1FDGLwL+DahsX1bZccNt/EZja8/PY9V5ChmEb/E4x5qRDwOILxoK2kBJ8KFFnLPWGVyL9oI6YdgCibXMMqK59oFuvBra2x1loDfTNqg4IksWmHoCT0+aiSh/GJxoXAlGqZAj6zFBquD9g==
a/Phv6p4C1FDGLwL+DahsX1bZccNt/EZja8/PY9V5Cg9pn3Th6djHdSj+FlYArxkkwRK7+tj/tDfpcEONPAU2zo8xkVHHlEz7+/2kzTHvQxSVa/+i0Zb9PVMndIq/SEMcp4OG+4MjoQrflNuugogEA==
a/Phv6p4C1FDGLwL+Dahsdoj1BERMKpFy155+WJEjV4OWU/F6QW8e2pQQLYMtJIAqBFn4bFWlw3MnSoHtP1iAr94yarvdaNDr2vaC6wQeIo=
a/Phv6p4C1FDGLwL+Dahsdoj1BERMKpFy155+WJEjV5EHinVIIqTdyvVZsaWMbrfvMMU8IPi2ZQlHRhJl0Tzq3kV3xKahNSfV4eSGvbwRsMQfyjf6CWFgqy9h9kY1YhV
a/Phv6p4C1FDGLwL+Dahsdoj1BERMKpFy155+WJEjV7iy2Tm7W7GGTwIqAPnf9bBIpcRoegiyorB3/Q7zcmzp973YO9lr/5As1lhpET5B2MZwxc0auaw4KdytWzn0FapTruNu09kOqO0jnqHk3RLjA==
a/Phv6p4C1FDGLwL+Dahsdoj1BERMKpFy155+WJEjV4cu4DrmjqKBsFzAiHEFXcUHEE+IxaKYdTqskZisGKhdUPUDy0osyjCwNfMTTyhh+QgxG9J3cfoy4Kfpx0/qSd7URzNBE2HpUUkgCPkWucUtQ==
a/Phv6p4C1FDGLwL+DahsfwkkWXWzf513JTn6uzxtsOKL2TbcLSfqcfX32CeU2hQGUNyhjVqRWHDgXKIUdldjBxELy4lFdC3GMBIt1y4JOk=
a/Phv6p4C1FDGLwL+DahsfwkkWXWzf513JTn6uzxtsMSf73+TKCJ+rqWIsIGTEYjRzPoqFh9RtzrUjX5G3nvkmTw0HCIx15fFuTIF31ncjFOf6+TOUxwb56dQZnCJE13
a/Phv6p4C1FDGLwL+DahsfwkkWXWzf513JTn6uzxtsNnxXimHuYXyaeuvMpN1toosJYZ8auOSSFJgyxdoONx+7TWryFJ0Vh1als29OIzCwD/PLFnxGY9smvVg5FKm5uUfYVEBwhjVoy1ySoTm5eteQ==
a/Phv6p4C1FDGLwL+DahsfwkkWXWzf513JTn6uzxtsPXe02Sqv5j+/pjjv5Udo/c4yZiToGM+agKdtn/fqOEUW0gJADTHlvawydrR2TRrV7SQGu+e4jEqZenVz8dCp6ZuHIepCRU61wEkafVMZ02SQ==
