GmcONIA9PFzHw1gpPLLPoqev3ytAH5KO3S/CJpMsylg=
35kyjVfwBJgytCi6KM5Vug==
FNt9orFfFSbPIXNSbXcP2Q==
gE2g7VQeqq0h5MkG44fPUw==
ExPkcbYFeYs2lHSAMsaJBqyD1ZOUeiOb/uundsOZ5qk=
cwgQW1UgxyVfBeSrdwXHsPE1eoSAri+NViVSjTYe4hg=
pYn3RyiaY4vz2unSybTHuw==
mAzeFbkWBGyzJRgEWJSZYQNn44wFaguEUnqkvHVinQw=
NiGef/LGs6v8Em6sqLz1GayDqcYJnuze/XNNe2Qa0A0=
2lfNnhNY+w/3xMaMUxJbE0YFT/wvMlSDz8Vrd5FEs18=
a/Phv6p4C1FDGLwL+DahsYQgec946EfYnaQFNpdqFqiwYTXU55tJdCDh/u3gHo//peo8KLV4/AmtKzGX20cZK33e5P7d7WFQyndH1Q4jWDo=
a/Phv6p4C1FDGLwL+DahsYQgec946EfYnaQFNpdqFqie/EFKwvucH7/jMCu1NJaHaOEEH9tX6FIqY4d/7/L8izd/5PpbkwaHZ/ur0ns+2KtN/J7zWrh/v99X8FPGzZEO
a/Phv6p4C1FDGLwL+DahsYQgec946EfYnaQFNpdqFqizdNBsbNRSsSgSxMKE9bfBUp5FitwlT86wQ6smF7gA2PBPZvaOE87hDPRZS5KBiQZrlpbWB7yu3X/1EKTcaaOG7eUZoA4D2YrWqM+q7teuSw==
a/Phv6p4C1FDGLwL+DahsYQgec946EfYnaQFNpdqFqgpIWuDpI7UZZ2/NZkKN5FeS1E+FOqlIoVElpJLgj2GDBnCt4LoXmY60DsrF+riutov7ry7nJQpmk/pj9hIBHzoglcXO1np2VHxg0esU/rRJg==
a/Phv6p4C1FDGLwL+DahsTt1uKkRRWoLmRRGoyWbJzGsVV2200qeurh40p2fP4Cesrk0gpg96WjibYW51rs9uonE5ds0cj0XAnK5fFJ3HpiaJ1PadudmyvyWp8NANvQ2
a/Phv6p4C1FDGLwL+DahsTt1uKkRRWoLmRRGoyWbJzFD8SCl3ex9RGZ9uQmv84eGZllcdkz+gpQazEvSeNic0Xs91BCoLODsO4aP0B6M0QQ=
a/Phv6p4C1FDGLwL+DahsTt1uKkRRWoLmRRGoyWbJzFch8CgFgZhKY9uusBdxJV+EOBsRh4DpL2ExTleoaUUQ/ibnjlrvO2ARwZihbNde1OkzjmPB96YG1CYvlw5KQt9/RkYtc7jLdgEssevHGr46g==
a/Phv6p4C1FDGLwL+DahsTt1uKkRRWoLmRRGoyWbJzHRBiib/46U5B50nS10xKeN1P/84KqtJ8VOCs6nLi1pjIX00HxyGuhXNMp2id0eP4AR8l7NQ4mBEFklS6eAehC/5n+zbaPFqQChkVwPiPA2lg==
a/Phv6p4C1FDGLwL+DahseFb1/KuttTFGjk1FEI3ukvL6T8SbfiClci9JWuyCkjNd7bGx3XCi2D5WlHmPQGGA7/wlTT9qbqL96AXDdWgGFU=
a/Phv6p4C1FDGLwL+DahseFb1/KuttTFGjk1FEI3uktlw81HpdUfM8oZw0KLiVlossAN0XdDFoVi3HuRYCaDc2yP+7vvrRZ2Wvv5OV2ErpnBzaikK3vFP4MHXNfsROOu
a/Phv6p4C1FDGLwL+DahseFb1/KuttTFGjk1FEI3uksUOEc7TJ0zz3PkhJ6PkF/m7jfnkQR9hpQhBB2qV8QM8nvplUqCEC07TUVz3WOtAiQ5tFf3ru2/9gzvtwDx8Xr3bF/5GN4ZisTGa5sFnG8Y3w==
a/Phv6p4C1FDGLwL+DahseFb1/KuttTFGjk1FEI3uksFkEaLFXZRRf1hVlgwNoC3puoM/Y2CsdDdZWrfdGiMukfUJbl5cdZQCotDccDes15PS4VoAj7OD+uUi/IBOFVN1UuU32NXNYssJVbEzN4/qA==
a/Phv6p4C1FDGLwL+Dahsce7zhO/jYIq8ZmbZTqhovzyrDpEjlEZPpKI/4ai61qrIdDqgkntWe4DmWPhPpTca/efQxOdog/3CTwu+oPtofhNgra/ZcDSzWRAi9eucQWo
a/Phv6p4C1FDGLwL+Dahsce7zhO/jYIq8ZmbZTqhovzmB2nwNEtLtDV3/Yo5ZCJegLjH7jG8mJbzNltIuYUK/yX3AZJ3wgXiINakHJwUSmE=
a/Phv6p4C1FDGLwL+Dahsce7zhO/jYIq8ZmbZTqhovzP4esx4kabNkcoC9tjAAFhC/OYob9ulfccovKy5eVl66yU5Xw9Ih0oy71OBNCkcUKQcdzsk+Pkn6Kwcm7usdR+ktxQFC+ZYuzjO7yqW/rpvw==
a/Phv6p4C1FDGLwL+Dahsce7zhO/jYIq8ZmbZTqhovxTVA8uBYY+TSJr/T3st0AMJLPe0tee5vI+DqbzGEVRyeWUgLRMgIkZD3N6KC0xZtca4qlN1JvnH2e/cXo38gcVjACpKu9eZoSHgFfm7DEBbw==
a/Phv6p4C1FDGLwL+DahsVWqPibvssU/eDSzfKiiikmoQL0C4v1NlijfonJQ0jBirN47jKTfCtE3VWwSbRMy0+zyPPqKxAUmesPWSbBHFWM=
a/Phv6p4C1FDGLwL+DahsVWqPibvssU/eDSzfKiiiklKnAW9heS20fsWY+OXDcD8MmseSsX8KW6yoeFbS4+JZwE+mYQBp9ThrxcM00N4hFFbwsmgWz5ppsMEvkxRptDj
a/Phv6p4C1FDGLwL+DahsVWqPibvssU/eDSzfKiiikkYnoSQKbtMOpWwnTDacKQDIJUhDvqCsrofLqU/gJfsOUA6TUbjDzM2lttyaAWo1LV8kHh1XB7HaZUaYkat8WykCKCw80IhuRb/EtxfFSIy5w==
a/Phv6p4C1FDGLwL+DahsVWqPibvssU/eDSzfKiiikkSO2GDqO//iwzrE15vt5eQwLug1ER/BL70rY9BlFJ977Jy4k2AKcurTyRl4jB04rIjF/re0AfGV2IdJkjPo4wkubfReW709Drfl/CR0pyWQQ==
