GmcONIA9PFzHw1gpPLLPoqev3ytAH5KO3S/CJpMsylg=
35kyjVfwBJgytCi6KM5Vug==
FNt9orFfFSbPIXNSbXcP2Q==
gE2g7VQeqq0h5MkG44fPUw==
ExPkcbYFeYs2lHSAMsaJBmqn9EbB5FaGLWh/sm01yzk=
cwgQW1UgxyVfBeSrdwXHsPE1eoSAri+NViVSjTYe4hg=
pYn3RyiaY4vz2unSybTHuw==
mAzeFbkWBGyzJRgEWJSZYQNn44wFaguEUnqkvHVinQw=
NiGef/LGs6v8Em6sqLz1GZsz9fRnK6VAq0DzYHWYee4=
2lfNnhNY+w/3xMaMUxJbE0YFT/wvMlSDz8Vrd5FEs18=
a/Phv6p4C1FDGLwL+DahsYa5Wut8ixNb/b3pp/Au5FWBsfjyvwPLBQrIJNz49toOWsExOWK3PGSIpvFctcpCxhvTsa46w5gdToniOUPJFoA=
GmcONIA9PFzHw1gpPLLPoqev3ytAH5KO3S/CJpMsylg=
35kyjVfwBJgytCi6KM5Vug==
FNt9orFfFSbPIXNSbXcP2Q==
gE2g7VQeqq0h5MkG44fPUw==
ExPkcbYFeYs2lHSAMsaJBmqn9EbB5FaGLWh/sm01yzk=
cwgQW1UgxyVfBeSrdwXHsPE1eoSAri+NViVSjTYe4hg=
pYn3RyiaY4vz2unSybTHuw==
mAzeFbkWBGyzJRgEWJSZYQNn44wFaguEUnqkvHVinQw=
NiGef/LGs6v8Em6sqLz1GZsz9fRnK6VAq0DzYHWYee4=
2lfNnhNY+w/3xMaMUxJbE0YFT/wvMlSDz8Vrd5FEs18=
a/Phv6p4C1FDGLwL+DahsYa5Wut8ixNb/b3pp/Au5FU39APf6RWzu0oFBeS5KldaoXusID4+fUyYIAVMjd/m9h5rgdc7dMhkFcUIX8moSEOCU1AxhdQ9wFaJBBNYSEPJ
a/Phv6p4C1FDGLwL+DahsYa5Wut8ixNb/b3pp/Au5FVNTpkncqULHKbb1DbTEUz84tA2QvYGXmg1GDLQ93lw0fB96Ms2gKt3NPkrC56pMr6HhxOrsejOCtSFlCHSwtejWSJqxc2j2Q5OvwHAdCu7wQ==
a/Phv6p4C1FDGLwL+DahsYa5Wut8ixNb/b3pp/Au5FV7eid9+A/CyyV02pDj37PvfDZXsPJCbCUJWSFqdIF8FyRZKovxygSJ541g7glFj8u7Ylcw5eyqUN89PWeAoIt0AnnxKjGEp5p8N08K3DNwVA==
a/Phv6p4C1FDGLwL+DahsZuLAuxOb5mld7xMGAj6MW8Vp2im6XXdyR1fq1VpIncEg0q+XXDfC/eFKlJ+RvjfGKNQV6WfojgxTIROZaGFcJI=
a/Phv6p4C1FDGLwL+DahsZuLAuxOb5mld7xMGAj6MW/Hq6sp6MnI5YgCSnjO+mCa/4CYxyYoo98lRBiw/2+RE7/XN2EMti3AW7rJYQ5sxAKGNUi5Xetw+cxkY9Mn+zkv
a/Phv6p4C1FDGLwL+DahsZuLAuxOb5mld7xMGAj6MW8WsuQo2w/YdZUOEeHnf45SWzlc8qL4AFvKuTH/4tRnDXEzIu+FL04EE73PnNosIBL/qA2hTmakMVqpuMqBFrFFYV+upWse8UZ5kAIbeOCgWw==
a/Phv6p4C1FDGLwL+DahsZuLAuxOb5mld7xMGAj6MW9K4OLYRBZ+2pTgijmVh8EC4KiBV7/czbr9isBA5s5PV+vdV9TO8jBTgPYnrxECZK9O6orYomJesXfiXeh8e5M2DH1vpUFBfijiYLBKKJ/H5Q==
a/Phv6p4C1FDGLwL+DahsZoL8CuL4qXXeeBOtjSiPRutXcmv1ZdhesusK3spQWePJdoaz7h382LYD4Uz2yj+wBpLVufZx/m6WKWr41ZPT1E=
a/Phv6p4C1FDGLwL+DahsZoL8CuL4qXXeeBOtjSiPRvvQu8mk1h+/IPyYUv+ZF10SF7em2K0x3jYDh0b4izEJPHSk4Nb1KJVSNl1nURQ++oxz0wpYe/SHqzNc5GLO9NQ
a/Phv6p4C1FDGLwL+DahsZoL8CuL4qXXeeBOtjSiPRt8h5sqQKFGCw1ZZUILEbzZLZqQMgXHJwK+E9DrouZvpsfQaeXXq2Teu5s//V/FbiKCtM5DI8qNQIrSFNhQ+hs03cx6YLOZsfT6FB3yX7hBgg==
a/Phv6p4C1FDGLwL+DahsZoL8CuL4qXXeeBOtjSiPRstsDv4DW3o82VSVjuiouffaEn/uldwC5tquAUuPkGRVUzfxOOxYRCY6eD1aRPfdjbsC5R/u5gw/iORm44ENrXY4A/EEIA2riDNUVMKfyenxQ==
