GmcONIA9PFzHw1gpPLLPoqev3ytAH5KO3S/CJpMsylg=
35kyjVfwBJgytCi6KM5Vug==
FNt9orFfFSbPIXNSbXcP2Q==
gE2g7VQeqq0h5MkG44fPUw==
ExPkcbYFeYs2lHSAMsaJBmqn9EbB5FaGLWh/sm01yzk=
cwgQW1UgxyVfBeSrdwXHsPE1eoSAri+NViVSjTYe4hg=
pYn3RyiaY4vz2unSybTHuw==
mAzeFbkWBGyzJRgEWJSZYQNn44wFaguEUnqkvHVinQw=
NiGef/LGs6v8Em6sqLz1GZsz9fRnK6VAq0DzYHWYee4=
2lfNnhNY+w/3xMaMUxJbE0YFT/wvMlSDz8Vrd5FEs18=
a/Phv6p4C1FDGLwL+DahsbvvP2LbEkc/0t6zGfMR8qYztP5BMZd7cWXc//gexhxasHXU3qGe72ghSp/qGZIp7M4nDH+bxMWa1MtGQxpAvic=
a/Phv6p4C1FDGLwL+DahsbvvP2LbEkc/0t6zGfMR8qa0NlHTWHBVrk6XrcVMs0V18XwCis5lTlE+Tm9941T4cITYOKtq0nz3y5hRAixGQl9nrTk5/5HqbsdpDpkWs6b+
a/Phv6p4C1FDGLwL+DahsbvvP2LbEkc/0t6zGfMR8qZZcs57mZRKDdiLuTPGDy7xCib1CwXqsKEXBlZtlDxLild3f0PolkzN+gH0jXO+vX5Q/2wjvAQbM5E2fC9PrqJepgFEGZ6g210EdEsYuN3mcg==
a/Phv6p4C1FDGLwL+DahsbvvP2LbEkc/0t6zGfMR8qZZg21D4D4z/ZR4CYOZMSSWIH5y2JoXlD1Tto8pTD5eQHzjIHC2z2TkWUI5rdlYkyJgkDkqHxdivJtLqBvRSOpGsmOaLdOuf55NM1vz1DkGhQ==
a/Phv6p4C1FDGLwL+DahsVQ60AnppFV25gaZ//2cSXbcOPFqbhhOepHfR8Y8qedvId/0JweFF/YVF3YE8hjg64fcyKoIDx2ofP7j5zn0KeCntbkI8LzWe6nCdO5T6/c4
a/Phv6p4C1FDGLwL+DahsVQ60AnppFV25gaZ//2cSXZ13c0y6CTgKi7mt7riyNJLMEy1eBht8u66EAWzAsb76XGRpdful3JXlSsLgg9vMys=
a/Phv6p4C1FDGLwL+DahsVQ60AnppFV25gaZ//2cSXaK2DgNTZBAwzygCD09Rm3sgd3EoRV8WS7mBOb0TfxeearBuaNnkgkL4rwvTP/ztR5QITJ8nCQaYfXfr3W1u1NwOZ+Sa1CLJMdcp10o8abCnA==
a/Phv6p4C1FDGLwL+DahsVQ60AnppFV25gaZ//2cSXZYwmDJ24V5sjy8hxI7zdaVtKA7NEmbGIDmc+fm91lOWL46OAE8qwzUYcWKMeHC+6kVfuvFDiZZ4DAcGsYL9CSt7dRrPKFUTglTuVg5cKx2qA==
a/Phv6p4C1FDGLwL+DahsVOweDal4o/ECkdhMRk67+U2hMTYZOj4w55CA0dIprsA+sRwJsnDBMb/Gdx+sxYGyeGdqHYZUXz7lYuBOh9x89s=
a/Phv6p4C1FDGLwL+DahsVOweDal4o/ECkdhMRk67+U3yi5JBwxTnchEzGXXUKp5F3JNl8dwmaBqNjGBoNNcJvnHh4QLqf1+fKGapbfSLoRrVfN+hxp5c3zZle3k1QSg
a/Phv6p4C1FDGLwL+DahsVOweDal4o/ECkdhMRk67+WkW6IDht3T+XeU3aFQ7vpHwpRVSokBUbVuGZnnVoMg+IuSZtNw1Z0VDRnqX28x+2iw6EGBLBVaXR7UyhglqLdUKs1kJeX69PIcOamSpAsL+Q==
a/Phv6p4C1FDGLwL+DahsVOweDal4o/ECkdhMRk67+Xvuc1NKjMOT2g81mMcq5KMq463/nbNVUxoZjdzvs13x5q9Vfei36EGZl4dx8RLW2KUClRlpZ7d+FTGAKQXlkoI4CC4PW2nD9aa/RU8jrV2Jg==
a/Phv6p4C1FDGLwL+DahsU9F9xTSRjXY9ULYA5NYfgAeBXyJ6cPFw+4RRMNZjTfYnVbUslMON28bu7X2jhQA6i5EAaSEcpMO9wkHx6VprhE=
a/Phv6p4C1FDGLwL+DahsU9F9xTSRjXY9ULYA5NYfgCKueutLFp7lgpvIXrBdTXcNEpwUXxg5ln5tpGSc8/hKsPPrvuCL6KhL4J06BjOMTNriPiFxCB4vLPD3LZbgOj7
a/Phv6p4C1FDGLwL+DahsU9F9xTSRjXY9ULYA5NYfgBOAgQI6lVclGWUIihv1UR8QXAzQgKjp+sai0Uxs63Is8fGogcamKNH81yc+4L9FmYobge5UJuLTSa1/kEWsRYpFl4bJ9SAEK7n6dGDdrC4dQ==
a/Phv6p4C1FDGLwL+DahsU9F9xTSRjXY9ULYA5NYfgANzQwizofKF0FkhYQsgPXY6EhNlVsFg0044t+e1Lolw2vohAv9clvTRuMCyhRdgwA1YEHtIbgL+PGhYXvOpWJfy+HEbtvzYW9G2Uyc0NybOQ==
a/Phv6p4C1FDGLwL+Dahsbqj60R/Pj4W/tKnRdgaVAb43Ct/dXrQfH9apt0wsN6DzQh8NI+5+MczuxFWC88PdiyeDg8LUdkfCvS/fTgUrgU=
a/Phv6p4C1FDGLwL+Dahsbqj60R/Pj4W/tKnRdgaVAahSoA9vjlUB+sMw9DG/+Me7CYAGAbG6ykA58KuJopLiz/1dGhxkXzWcbtmki9nTAvMEO8j8ajudmsGjuT7iEhs
a/Phv6p4C1FDGLwL+Dahsbqj60R/Pj4W/tKnRdgaVAaYEMac7OEgYbMgfH/VcBduUM4DKvUFI4PTk13BUp1LgvUWFwttxIVIQosCG/gMnhg6QK3wVnea6pSDMEISKE1MEILh+LvhmbQijqxegIOptQ==
a/Phv6p4C1FDGLwL+Dahsbqj60R/Pj4W/tKnRdgaVAZA4fdAG8RXBEdPjxetc9svO5vLvh2w1TA121zenDGJOMIssFWRKo8BbA0p04NsPN7vN3cXk++AzmsOTil/3V64My0bcZMhLP/NsR0Z1bMjXg==
a/Phv6p4C1FDGLwL+Dahsa3hr17z2EtXZopgoQtush6MBsJYAyxV6auErP61v2yL503dbPldJJuYByF/A4ewaPXE4xCA4nEKxjDEK6CrAO0=
a/Phv6p4C1FDGLwL+Dahsa3hr17z2EtXZopgoQtush5UPQ1lb06JKjpdUR9usPsTS1xLjVQ6P3skdIAlVbfL65uoXbUuiw3xAOUAzSeLx70076cKeCVhSGOM1+bppYIE
a/Phv6p4C1FDGLwL+Dahsa3hr17z2EtXZopgoQtush52lfo9kwHVOaEwsBMnoscS7FW4IOyN1OD/pM+DrfdVNtuy9cO3DnU2Lw/eMn2fPagzehfsutvSlYzuxlgleK7fTevnyNvxBfshovy8R/jkeQ==
a/Phv6p4C1FDGLwL+Dahsa3hr17z2EtXZopgoQtush479aJWQqVifFtwMXx3QMP/9np1spX7qoGco+2p0IummiwC/OR7DJKgxrvF4oDZC3t/aLMSOf+3072+vfsvoi4chvv5l6fXi9POTUMaxvbk7A==
