GmcONIA9PFzHw1gpPLLPoqev3ytAH5KO3S/CJpMsylg=
35kyjVfwBJgytCi6KM5Vug==
FNt9orFfFSbPIXNSbXcP2Q==
gE2g7VQeqq0h5MkG44fPUw==
ExPkcbYFeYs2lHSAMsaJBjIbQm7FWZ8YCSkKK1z2aPs=
cwgQW1UgxyVfBeSrdwXHsPE1eoSAri+NViVSjTYe4hg=
pYn3RyiaY4vz2unSybTHuw==
mAzeFbkWBGyzJRgEWJSZYQNn44wFaguEUnqkvHVinQw=
NiGef/LGs6v8Em6sqLz1GYGKB0111uCW/TAqgkiW0+w=
2lfNnhNY+w/3xMaMUxJbE0YFT/wvMlSDz8Vrd5FEs18=
a/Phv6p4C1FDGLwL+Dahsbmp7FFCSRde2Gb5icuVyR7/yw2FIo3YsncGOkTf57asVk2eFIbF5TQADoienrHQ88GTsf4+H5c4bjtej3M4ynI=
a/Phv6p4C1FDGLwL+Dahsbmp7FFCSRde2Gb5icuVyR4fggyINthlu/4fWK4lz6Pqag5FFAQgrBMfyWenC0Ry30mQP2briWoo3/lm3zqD+nTmnz79oRHNZgGtGFokldkq
a/Phv6p4C1FDGLwL+Dahsbmp7FFCSRde2Gb5icuVyR7lS84Q5xoqU3/u9a94m0XQF8d8I+xHgrAu6/g5sV7sJKCNC1HdHNfpFOfpsfTtyy5CTKi2Oo+Kfgus8ApoZiubi8wcnzQjmn7jD47RlIIR5A==
a/Phv6p4C1FDGLwL+Dahsbmp7FFCSRde2Gb5icuVyR5PqkfNwJElKtM0+zCKmxfge28uFvhMPeacP6VBu3DW9tfeETp85bbJkuItmufg534BbfnQM1o8NgMluGnr2P6T6sRnVbx9esKEcWy1fMeqPw==
a/Phv6p4C1FDGLwL+DahsXqS2oOF6qNQGNZo/vYvQsUPpLOXlmlL0knRVMd9pSHQDcwJ4LBohPn1r6vxhRx24VHKZupgnK5rqGuaSUT3SDY=
a/Phv6p4C1FDGLwL+DahsXqS2oOF6qNQGNZo/vYvQsX/JOyxLuw8o+EhYxHqS8IWlRENpEJUwDtU3KeifU92GNq90df1CIlnsf514IjMuJVRsrce7Clqy5FNaO0OGukn
a/Phv6p4C1FDGLwL+DahsXqS2oOF6qNQGNZo/vYvQsU2ie5iqutatZOVrtdHrrEYJcFgAjoPEaJAAmoqiT/jtAYjyzm1QrK1h7Qzit9FhGJSS4ODMBujhUdj2LZuwap9qNXd8UBps2IUWKsFsJxjUw==
a/Phv6p4C1FDGLwL+DahsXqS2oOF6qNQGNZo/vYvQsWz4PUYzIzP4ltcNRtcPuUlIGvX7m3VFx+/YUyjMrXZNBE1mZAb9fJbNE1fD5DgPqyD5j5t0BvQ+AHDPNb1x8Jy2cJ1/LHRSHBxt7aIz8EX+w==
a/Phv6p4C1FDGLwL+DahsW0FOKNhN9ad8YXUMxUHHsFFoUWg32Yq6i6qVqp/XCEesJPUHg45J7iZGFoR0/xbg9klhgvTPbtKHra7esS2nII=
a/Phv6p4C1FDGLwL+DahsW0FOKNhN9ad8YXUMxUHHsF6qvapdSQl3CzDm+peFcCOQ1VwvXuYPN9Uq85ycuh2xNThX6tI89VXGi3NrOzU7dvYDnCCxHb4LHMqLloJ0V82
a/Phv6p4C1FDGLwL+DahsW0FOKNhN9ad8YXUMxUHHsHdlqLgTZxS5GU42ctbGcypoTV2udgg5/1XapI0G5Ew600bjXXOo53+vZg6ig+GkdAZU+doEaoMqcFIhEWmeTDm6FquK54GcQeeTVaWzoqZSg==
a/Phv6p4C1FDGLwL+DahsW0FOKNhN9ad8YXUMxUHHsGSHmEoTB8Jt8R5HgiDmybYClhjaA67USKAGwyF6jtfnpLY5KVPw8FTSyV73yjX7tSpS3ZtgATxcWR05yIjCmIJHmt2qfwtQ1tLT5gDTkbxuw==
a/Phv6p4C1FDGLwL+DahsaRjDYKgJSUvBdQWwZdDUQ9Z4iwKwTHRIG+gspkMLF55Uwzxzdv11JeM+2QFHZ+oW2IjE50lqLnhXW+/IWheZWg=
a/Phv6p4C1FDGLwL+DahsaRjDYKgJSUvBdQWwZdDUQ8U9FRK/2YnUTWogn7EdV3CcEGx+n1aeCrHq8ugjWTgYwPcPiOS4u/YqDpf+btghEDlT8liiCw4hz1O4CFQ5bTR
a/Phv6p4C1FDGLwL+DahsaRjDYKgJSUvBdQWwZdDUQ/6/aa5/zpwyi4FOkr0KwctbOEhZHrwcqcPGiMOz6Ri7DUaCnq5ZhkjZG5LwnBoRWchOltRdcBceLoY14OVFk4Nu05lnxQumV+yiVDTK/20mQ==
a/Phv6p4C1FDGLwL+DahsaRjDYKgJSUvBdQWwZdDUQ8UnIAzksOJiR4sfa09lmSz6yenChK10vF67uVoskytwncD90hfbj8oWwc28KyGgclXcoiajRTxwhIlNUE56PKQnLG+smsCrTTi7DAi9xgkIg==
a/Phv6p4C1FDGLwL+DahsT9I43FZE+zJm+caeEPibueL3MTGI30rIFYVw2zH7t3swBLKkdDvdUb5xirNG93XZcFe6llyQdI4CtiU6+GONjo=
a/Phv6p4C1FDGLwL+DahsT9I43FZE+zJm+caeEPibucDjM+LIbgBCXOB3ACO13AaAlkbysufFEehkjTMRAQCxMtvEAom9LHWKcwPvv0PmKQwkcPu2g7G4CiZk6plpKuD
a/Phv6p4C1FDGLwL+DahsT9I43FZE+zJm+caeEPibuc6FVyY28wvk8Ws54CuwGVR8o2zYP7PWtHupJYAXaAARqdDnZwwP5gtokN0R2c9COyPDSi0EqvnUDnJlxfMKDwGzNv8sh/jUkaArkaWByiPDQ==
a/Phv6p4C1FDGLwL+DahsT9I43FZE+zJm+caeEPibufTOSfMrNyqKlhje0shG2vKPCNH/hs4dy3Vo3xMVrDayS/VRBSjTq4Y4QMAeSsdrn8rwInmGVdaM2cagNfek1X9ryRHeSFnRc45VF4tWBKi8w==
