GmcONIA9PFzHw1gpPLLPoqev3ytAH5KO3S/CJpMsylg=
35kyjVfwBJgytCi6KM5Vug==
FNt9orFfFSbPIXNSbXcP2Q==
gE2g7VQeqq0h5MkG44fPUw==
ExPkcbYFeYs2lHSAMsaJBjIbQm7FWZ8YCSkKK1z2aPs=
cwgQW1UgxyVfBeSrdwXHsPE1eoSAri+NViVSjTYe4hg=
pYn3RyiaY4vz2unSybTHuw==
mAzeFbkWBGyzJRgEWJSZYQNn44wFaguEUnqkvHVinQw=
NiGef/LGs6v8Em6sqLz1GYGKB0111uCW/TAqgkiW0+w=
2lfNnhNY+w/3xMaMUxJbE0YFT/wvMlSDz8Vrd5FEs18=
a/Phv6p4C1FDGLwL+DahsWRjh++p7AeLXHp/JiO8TNvd21F62wJefJezXRbGVyJ+Hk1p2MWvAw52P387aoozKN7w+MhmksklZ65Naw4oz2k=
a/Phv6p4C1FDGLwL+DahsWRjh++p7AeLXHp/JiO8TNuWJETY5ZQRsmYswZBpVAobLblCHPuvt0/8hX3baBa3L3sr8F8Swh38lsA5akmZQiYhnqNMc0mHXq9f9d9Z2Rpu
a/Phv6p4C1FDGLwL+DahsWRjh++p7AeLXHp/JiO8TNsYKL9WWydqTKkXk+iJYOji+/XqhmzSMOJRLooorbK34+L2JBsLSDdyFywfp4UlOzgNT4Uj9mpWzjv3HKJMqTjP7Yr2HX5rX7Pjlu6BV/FdqA==
a/Phv6p4C1FDGLwL+DahsWRjh++p7AeLXHp/JiO8TNu9FiMvVxC0OUjzm4/wJ2WiakRFgbZwgpb3taJCR8ZRxnO6SbN1JLJpQoClxgL/dR6m9LrdEznoB2CyPM8phuzaNwNXGqCqyyfX92OzQqmpmw==
a/Phv6p4C1FDGLwL+DahsZRlJPeebMFVgMGApfqwj8J3Rk/ds+AMJvFHY2Lc5XPC2m06s3a6IGyyNln303OoHJBO0TL/yFaamzA/XwvM4SU=
a/Phv6p4C1FDGLwL+DahsZRlJPeebMFVgMGApfqwj8LPZAenGXkCGJiwqREb1PFyHllK+BHgGuI7fyv0DkEwKsDFNrYU1DI//Cj4dIngl8UO2pC8hn0nrVI+Ia+C/jJ0
a/Phv6p4C1FDGLwL+DahsZRlJPeebMFVgMGApfqwj8KFptkm3vshwWUml1fgBeL4ImWRRA8EWQ688UWK71vBvEPUkzwJx533neqorATF91phbdzOwE53jZ2A2gzkuK2bJDU0dvtm4VjsX7c7g0NSdQ==
a/Phv6p4C1FDGLwL+DahsZRlJPeebMFVgMGApfqwj8KFptkm3vshwWUml1fgBeL4QtrVs8pbfDBcQ2gZOsczKZfV9gb9pkVPCdfzxogl9qQqcgk2I3Tibb0rR6SwqO/NUJEvqFeEb25zsOp+RZrBZA==
a/Phv6p4C1FDGLwL+DahsZRlJPeebMFVgMGApfqwj8J/GCtsNKsgoG3sBP8ysv7M36LmQv/4dsC1w3dp0O66Q1HDBYPVr928/LZGg9ci6G0J3dGZbv+jmZNKFIqVqucWN1nYXnbROI+3wuSTIId0Dg==
a/Phv6p4C1FDGLwL+DahsZRlJPeebMFVgMGApfqwj8J/GCtsNKsgoG3sBP8ysv7M36LmQv/4dsC1w3dp0O66Q1HDBYPVr928/LZGg9ci6G11zrRgPuFjZNmGBwiDwqrDiStAJsbYJ1XgMZp2Zgqa4A==
a/Phv6p4C1FDGLwL+DahsZRlJPeebMFVgMGApfqwj8J/GCtsNKsgoG3sBP8ysv7M36LmQv/4dsC1w3dp0O66Q1HDBYPVr928/LZGg9ci6G1YdPtv7Nkb7biLStam0yV5/eqiF7bkdNnxvitAIXWpTw==
a/Phv6p4C1FDGLwL+DahsZRlJPeebMFVgMGApfqwj8J/GCtsNKsgoG3sBP8ysv7M36LmQv/4dsC1w3dp0O66Q1HDBYPVr928/LZGg9ci6G1nH68GwOyoiNwmDaxDrpJKqu+tCUCSNKL+1MKYdNDojg==
a/Phv6p4C1FDGLwL+DahsZRlJPeebMFVgMGApfqwj8J/GCtsNKsgoG3sBP8ysv7M36LmQv/4dsC1w3dp0O66Q1HDBYPVr928/LZGg9ci6G3LsFE4XP9NfHmhmlyGjUsPhAlP+lnZW6UU35Ntns+JVw==
a/Phv6p4C1FDGLwL+DahsZRlJPeebMFVgMGApfqwj8J/GCtsNKsgoG3sBP8ysv7M36LmQv/4dsC1w3dp0O66Q1HDBYPVr928/LZGg9ci6G13LGYfwGO/s+K2lC1jAIXLUsorKR1AccWfdwAwFCYk2Q==
a/Phv6p4C1FDGLwL+DahsZRlJPeebMFVgMGApfqwj8J/GCtsNKsgoG3sBP8ysv7M36LmQv/4dsC1w3dp0O66Q1HDBYPVr928/LZGg9ci6G3MNqSS9aZTMIFFoP7OlGAmRgJ4q+ltQlxET2m2FB7Bug==
a/Phv6p4C1FDGLwL+DahsZRlJPeebMFVgMGApfqwj8J/GCtsNKsgoG3sBP8ysv7M36LmQv/4dsC1w3dp0O66Q1HDBYPVr928/LZGg9ci6G30IJO1y/tKgk2a3wyFrxDSE/CrTvQRG6ZwKCzd04+5Og==
a/Phv6p4C1FDGLwL+DahsZRlJPeebMFVgMGApfqwj8J/GCtsNKsgoG3sBP8ysv7M36LmQv/4dsC1w3dp0O66Q1HDBYPVr928/LZGg9ci6G10DccxJkOw7598I5cTh05JELXTQ6BlBO35e3AEF+B3Jw==
a/Phv6p4C1FDGLwL+DahsZRlJPeebMFVgMGApfqwj8J/GCtsNKsgoG3sBP8ysv7M36LmQv/4dsC1w3dp0O66Q1HDBYPVr928/LZGg9ci6G2CUVt37PzLc/VY3oDXXkVnbkFqOqkHv1v0zWcjX7Y4Dg==
a/Phv6p4C1FDGLwL+DahsZRlJPeebMFVgMGApfqwj8LgKgJsz9pEQoi0gJaVKypXcgkww978sdziA0c2ESZ54wx0uKPae34bvp6WM8/L3+xcTCfI+2UjHeZQ8fx+mf0dJVo9jXDjLrmXB+QFIKBzYw==
a/Phv6p4C1FDGLwL+DahsZRlJPeebMFVgMGApfqwj8LgKgJsz9pEQoi0gJaVKypXcgkww978sdziA0c2ESZ54wx0uKPae34bvp6WM8/L3+wlnqIgF1Lg7Gjl5Qkkc26D9h/ThrOzeTMCfvYvto1VCg==
a/Phv6p4C1FDGLwL+DahsZRlJPeebMFVgMGApfqwj8LgKgJsz9pEQoi0gJaVKypXcgkww978sdziA0c2ESZ54wx0uKPae34bvp6WM8/L3+xQcZXpibF1+w3uzvD8MUhx10CNTfxYOMb4mY//FKCpNw==
a/Phv6p4C1FDGLwL+DahsZRlJPeebMFVgMGApfqwj8LgKgJsz9pEQoi0gJaVKypXcgkww978sdziA0c2ESZ54wx0uKPae34bvp6WM8/L3+wbnpRaXWMpgNxgD+qCK2Zt/EtGDjxQgS7lfboGrQKJRQ==
a/Phv6p4C1FDGLwL+DahsZRlJPeebMFVgMGApfqwj8LgKgJsz9pEQoi0gJaVKypXcgkww978sdziA0c2ESZ54wx0uKPae34bvp6WM8/L3+zf8AYvlmaeD0yaRiQOl5oHPJghX1s2aODOSNtKZY39Kg==
a/Phv6p4C1FDGLwL+DahsZRlJPeebMFVgMGApfqwj8LgKgJsz9pEQoi0gJaVKypXcgkww978sdziA0c2ESZ54wx0uKPae34bvp6WM8/L3+zmtggbz53UErb+WbHrfPvhmnY8CVf5kw8fpIeN3VULnQ==
a/Phv6p4C1FDGLwL+DahsZRlJPeebMFVgMGApfqwj8LgKgJsz9pEQoi0gJaVKypXcgkww978sdziA0c2ESZ54wx0uKPae34bvp6WM8/L3+xjQjsZTBdE2LV3GjWh29R2XKYLC3SDAhXoDkF/m9yDzA==
a/Phv6p4C1FDGLwL+DahsZRlJPeebMFVgMGApfqwj8LgKgJsz9pEQoi0gJaVKypXcgkww978sdziA0c2ESZ54wx0uKPae34bvp6WM8/L3+zeKdXoIT4MMWFeyeVYltBLO/LNitgAxpRzZesmnag8uw==
a/Phv6p4C1FDGLwL+DahsZRlJPeebMFVgMGApfqwj8LgKgJsz9pEQoi0gJaVKypXcgkww978sdziA0c2ESZ54wx0uKPae34bvp6WM8/L3+wSDXw+uLSkiw5Ca8jOSLHGnwYg8mdu/DTQWMe+R+ktAg==
a/Phv6p4C1FDGLwL+DahsZRlJPeebMFVgMGApfqwj8LgKgJsz9pEQoi0gJaVKypXcgkww978sdziA0c2ESZ54wx0uKPae34bvp6WM8/L3+xcpg+SkADgpjDZps5ZFJgL4gmyD6In1gFl8KjY/DEKIg==
a/Phv6p4C1FDGLwL+DahsZRlJPeebMFVgMGApfqwj8LgKgJsz9pEQoi0gJaVKypXcgkww978sdziA0c2ESZ54wx0uKPae34bvp6WM8/L3+xZ/OP90/egwDe13HcVmQsMAH1+StWGG3SDn56uBI9ABQ==
a/Phv6p4C1FDGLwL+DahsZRlJPeebMFVgMGApfqwj8LgKgJsz9pEQoi0gJaVKypXcgkww978sdziA0c2ESZ54wx0uKPae34bvp6WM8/L3+ymkSvpNRFfVLSt32wW5JkXYzdOrKUWmWEiIwrn8SgmlA==
a/Phv6p4C1FDGLwL+DahsZRlJPeebMFVgMGApfqwj8LgKgJsz9pEQoi0gJaVKypXcgkww978sdziA0c2ESZ54wx0uKPae34bvp6WM8/L3+z3SSCxFggFe66r3ColEWazQ8UdHwoPiwIvW/qbjonuVQ==
a/Phv6p4C1FDGLwL+DahsZRlJPeebMFVgMGApfqwj8LgKgJsz9pEQoi0gJaVKypXcgkww978sdziA0c2ESZ54wx0uKPae34bvp6WM8/L3+zAziWRs+TulXbDEs4XcYq0YV5LKWpZKvZvXy5rCgF1hA==
a/Phv6p4C1FDGLwL+DahsZRlJPeebMFVgMGApfqwj8LgKgJsz9pEQoi0gJaVKypXcgkww978sdziA0c2ESZ54wx0uKPae34bvp6WM8/L3+wsPeCzqNlNiReLZkLFqzLWwZ+2JuG0KAM9VBzn3IJKhw==
a/Phv6p4C1FDGLwL+DahsZRlJPeebMFVgMGApfqwj8LgKgJsz9pEQoi0gJaVKypXcgkww978sdziA0c2ESZ54wx0uKPae34bvp6WM8/L3+yovNbf5aclqVYBGR/Z4rCnUJ6QHzHPKOIwr5O0ATlcVg==
a/Phv6p4C1FDGLwL+DahsZRlJPeebMFVgMGApfqwj8LgKgJsz9pEQoi0gJaVKypXcgkww978sdziA0c2ESZ54wx0uKPae34bvp6WM8/L3+yCKb9+3aBHombELsZ19YlJS6kLF9oQygQe+/XzEDdxVg==
a/Phv6p4C1FDGLwL+DahsZRlJPeebMFVgMGApfqwj8LgKgJsz9pEQoi0gJaVKypXcgkww978sdziA0c2ESZ54wx0uKPae34bvp6WM8/L3+zO8tmvPTZizeAa+hG5600MiOQpKtOw/V/mD7lCV/p92w==
a/Phv6p4C1FDGLwL+DahsZRlJPeebMFVgMGApfqwj8LgKgJsz9pEQoi0gJaVKypXcgkww978sdziA0c2ESZ54wx0uKPae34bvp6WM8/L3+wkI1cJxO+oR6CijoZ4IdGCMEsGRCpkiuqfRav1BYxZwg==
a/Phv6p4C1FDGLwL+DahsZRlJPeebMFVgMGApfqwj8LgKgJsz9pEQoi0gJaVKypXcgkww978sdziA0c2ESZ54wx0uKPae34bvp6WM8/L3+zR0tEZVA7jVbPZEAMJzX1V4obAI0XTYH6mm4DK2IHFzo1Jux+XW91sQHYP/RbNdfA=
a/Phv6p4C1FDGLwL+DahsZRlJPeebMFVgMGApfqwj8Lx7GwpAPvt3g1l7ulngY4P/cWny6jbzmiLkG5FR6Z5cvywxvXP6v1ahGmboB4QoL8FJWa2RfXvnmTiYpWpGfedmJ0hvTgoez7X1idGMXC+VdB6+bLxnZ5bm6FoyS/bW2U=
a/Phv6p4C1FDGLwL+DahsZRlJPeebMFVgMGApfqwj8Lx7GwpAPvt3g1l7ulngY4P/cWny6jbzmiLkG5FR6Z5cvywxvXP6v1ahGmboB4QoL+bCpoQZL5p6DCQyhZIF1mwqVdhhKvP+UDLNZv6IiiIaIM1vaBuqZhF2V0XoymLSLc=
a/Phv6p4C1FDGLwL+DahsZRlJPeebMFVgMGApfqwj8Lx7GwpAPvt3g1l7ulngY4P/cWny6jbzmiLkG5FR6Z5cvywxvXP6v1ahGmboB4QoL+mDTrcePLlPcyXOGrvWy9V/XP61NFVCnWjRLKi8dgCv2AmkHKhnJ44r8DDBqfqdis=
a/Phv6p4C1FDGLwL+DahsZRlJPeebMFVgMGApfqwj8Lx7GwpAPvt3g1l7ulngY4P/cWny6jbzmiLkG5FR6Z5cvywxvXP6v1ahGmboB4QoL+/33Pk67dWEHTJFuPKfLT1UhJCcCyv+6m2uyxfhqZWal1/stC1kIm2VXMV0n4jh0I=
a/Phv6p4C1FDGLwL+DahsZRlJPeebMFVgMGApfqwj8Lx7GwpAPvt3g1l7ulngY4P/cWny6jbzmiLkG5FR6Z5cvywxvXP6v1ahGmboB4QoL/ghZMprBnL1YaO4dV4iXq08Orm6m6xtHZdHG943dJ55yxQm2O9hlN95sclHAEw4W4=
a/Phv6p4C1FDGLwL+DahsZRlJPeebMFVgMGApfqwj8Lx7GwpAPvt3g1l7ulngY4P/cWny6jbzmiLkG5FR6Z5cvywxvXP6v1ahGmboB4QoL/2klJZw4ig9RavAyKviQDEsa9T4vjHb6u0eQQWN+OcNY5EyQSu+f2VKfzsGO7Kcws=
a/Phv6p4C1FDGLwL+DahsZRlJPeebMFVgMGApfqwj8Lx7GwpAPvt3g1l7ulngY4P/cWny6jbzmiLkG5FR6Z5cvywxvXP6v1ahGmboB4QoL8NYUiWzC7E9aWWM4e6NDqtUY1X0BdHeQr2K9togOolXngSA4eg7ayZgKGwb1dyUp0=
a/Phv6p4C1FDGLwL+DahsZRlJPeebMFVgMGApfqwj8Lx7GwpAPvt3g1l7ulngY4P/cWny6jbzmiLkG5FR6Z5ckdoEzp8AK6koe5ws4KtlJmaTJeUDcsnHXpdGFVdvz+tXXcryBgliYK47512oKUd0A==
a/Phv6p4C1FDGLwL+DahsZRlJPeebMFVgMGApfqwj8J/GCtsNKsgoG3sBP8ysv7M36LmQv/4dsC1w3dp0O66Q1HDBYPVr928/LZGg9ci6G3pv76XYFfHM9/fp/9Tna1+2dSTkVRcd14inLl4VyuZ/g==
a/Phv6p4C1FDGLwL+DahsZRlJPeebMFVgMGApfqwj8J/GCtsNKsgoG3sBP8ysv7M36LmQv/4dsC1w3dp0O66Q1HDBYPVr928/LZGg9ci6G0il6cj5GiiBJI9W4MZgqF1mAla3vezTjZRZKO87SVvBQ==
a/Phv6p4C1FDGLwL+DahsZRlJPeebMFVgMGApfqwj8J/GCtsNKsgoG3sBP8ysv7M36LmQv/4dsC1w3dp0O66Q1HDBYPVr928/LZGg9ci6G0meuZ0bbSOJFydt7ja3JKqBimm7iTKRUx0pBzWVgiUUw==
a/Phv6p4C1FDGLwL+DahsZRlJPeebMFVgMGApfqwj8J/GCtsNKsgoG3sBP8ysv7M36LmQv/4dsC1w3dp0O66Q1HDBYPVr928/LZGg9ci6G0CLj8QIrzH1xPlpy0qU0BfRQM2DKgNx6x+YzofagpWag==
a/Phv6p4C1FDGLwL+DahsZRlJPeebMFVgMGApfqwj8KkBGBHnd1J/X2g09isCFzaBLURki3JzHp0zf3eALiiWC3wP1q33J4r9Nszspe1gskbOl1kP5vYBuo5BDRl+d2z
a/Phv6p4C1FDGLwL+DahsZRlJPeebMFVgMGApfqwj8LU4wPiOAeGLTEo0C6rftHZc/WYvSmYDmoNol6BVrSjzXYFJbANgPiGt1QgsS10Gpb4hPc8CNcpn5rmLX+Aba/REQ6sQHHSC0Ad7oRjwTVdwQ==
a/Phv6p4C1FDGLwL+DahsZRlJPeebMFVgMGApfqwj8KJCOM5zub6t30gxr8xwdca5F88ur+5NiVhPqD6HpdTtzP4wBoi3gnmcbzHDXUzpmRUrlWYbismnfvMc72kvLFxL5R/cO7/t8dtzeZtcf3K1w==
a/Phv6p4C1FDGLwL+DahseFs2Gv6wbEWCit3c7nrFwTT6knwyapz8Ii38Sz1/C1H7y3uNAoLW3mgd53dAodjUcEz4QZmA8GIL41Hape7lQA=
a/Phv6p4C1FDGLwL+DahseFs2Gv6wbEWCit3c7nrFwQMrcPNeEzjbR+28x1+BHIdYnCAU5i3ibOwwrghGdbRmcjtqNDEItQALHvovzi6Wc2bMDySOwkL8kKlrfMVT/sa
a/Phv6p4C1FDGLwL+DahseFs2Gv6wbEWCit3c7nrFwT2sWWsuW0Y5vDLGWCj5vJP49Igw80m4wy+lPfTR4TIHFDbxyouZChnTuVWZ0f8L0EHWIfdDelps0SkqUG4GFdhLgIGZlutGUbj6qd2UlC/4A==
a/Phv6p4C1FDGLwL+DahseFs2Gv6wbEWCit3c7nrFwTCO6qrEQpc1u2n93Z6vuV/z6JYb6dH+TiQ7tzdLw2phqXX75aJpbzZmrXuVsZ8IencqkmIfqfw8dkuMI6/BZwAw8vB5S0ivelh7iGrT3U1/Q==
a/Phv6p4C1FDGLwL+DahsTt1uKkRRWoLmRRGoyWbJzHetTV39B0+t0PyP1IM6QoQ7kwk2hdGUq334LviXjNH5u2pR6PeLQdYgatuoK6+ufU=
a/Phv6p4C1FDGLwL+DahsTt1uKkRRWoLmRRGoyWbJzFG2eDvKYsRwCWoTXdd1wx6BUbwNsujF9LoEmumerV4HKbKQtFIDI9rPMDLGW1S2aAqAVsMTW8RjPFmfctGfpyW
a/Phv6p4C1FDGLwL+DahsTt1uKkRRWoLmRRGoyWbJzHGH39Ro2UgoW1Oc5i6JoJSserSHkupTTtQzhiq3DM0qzJeKuTz0gFHH/zEfPBENEa0xf9rqupsCl19edvgfB3eFqscGLXpkxp+ZJiT+Tisyw==
a/Phv6p4C1FDGLwL+DahsTt1uKkRRWoLmRRGoyWbJzGjFwGr7aYKIAc3QFcv2oNCckk38mTIVXX//FYZXCltV6dpUYTHKOCky+TH82AVp30CImOJkALYPLDft0oQ+AEzi8HZI4sqPVWqqgzJlRMP3w==
a/Phv6p4C1FDGLwL+Dahsaso9I8mPEqtWSgY6lwieZvggVUxkKPg2OFpZeXx7P6ky38mJSRgxSR0u381JuL9UxMdAbPLjbCPX/qflTOEU/c=
a/Phv6p4C1FDGLwL+Dahsaso9I8mPEqtWSgY6lwieZsWULcqi01f/MKpf0WPxdazS/QxF7k31oX9StnWLPXfVzPSTBHaYR2BDCXiyHj8t0rBQn0fy0hAOOOnPu+fhI2N
a/Phv6p4C1FDGLwL+Dahsaso9I8mPEqtWSgY6lwieZtX4nfPL9EQnm+tfJDvS59Tsst1AJheWMjzSgj6TjRW6PC0VpeSbA6hEmRUTcprRHZ6EJRV9aU3nGY7+gp0JILxAVZ0bZsrwyrp3HIbVTjVsw==
a/Phv6p4C1FDGLwL+Dahsaso9I8mPEqtWSgY6lwieZuQhK/mGPfmVLGghkY17FxEd9a22hmr/S0meqGCNzlhPUp9JiGdEWhLVQytg5szjeuxe4YrpTGsH8crbztRIQIp7ueFqvqsP9k0EoIbFnPt/Q==
a/Phv6p4C1FDGLwL+DahsZDAz2vFIHHv95r6+TRQ/yY1JyoMmeWFa8zXX180lYNw5PEU1YTpskSubyuPt/c22xH761JvV/LinmAENcQrxFc=
a/Phv6p4C1FDGLwL+DahsZDAz2vFIHHv95r6+TRQ/yaRIqIhU5gHrU/vTIt/SyXZW0Dg1uORv96sGHSz2N8qD6UymkwCU5o/KMoVl6TkyLTVsXRjdEb6irstLHGlR4LJ
a/Phv6p4C1FDGLwL+DahsZDAz2vFIHHv95r6+TRQ/yY4e6uQpUbGIXfYgy82h8qU3zmkve3Gp0leqZX2yCQU9BRckygIQK2AmGFRzeiqFRI9Km6YKEb7CnYpf72whs3cqT4kGtyhG9LRfCuS0PWk2w==
a/Phv6p4C1FDGLwL+DahsZDAz2vFIHHv95r6+TRQ/yZwK7pgagfl93ToaQ8Zwqfl1XqoeHmW/J9gKQnG45W1Y05TDWmtf23Mbb7+Q23VGuQy6AL4RcV/usC5N+K/SlewR/HcxaLpIqaMwxNEvzV+Rg==
a/Phv6p4C1FDGLwL+DahsYAliy8P4dsdm285hX+cfhD969X776/oCSPOw4y9w2UoUaHQezrN4tn7b1oJHKSyHtKFb25IxC4x5JKHMX+jvQA=
a/Phv6p4C1FDGLwL+DahsYAliy8P4dsdm285hX+cfhCDQxH6xE/BX7OUhSur1kHRIaaoN4x1LOqGeX0NAiJERHCLonF3GHYW6qktRmJfes3W5n2ckHVm+hVOQo1qMOOa
a/Phv6p4C1FDGLwL+DahsYAliy8P4dsdm285hX+cfhBL730OKfalxqK9EEKWCpr/toFGtaVpXQbg17IfEBARKVafNGFaiWFTt/jW3HQq6tcGZKyifJ2Iti37scWlqR7yZoU+zCJGI5CsTPqnTtFjZA==
a/Phv6p4C1FDGLwL+DahsYAliy8P4dsdm285hX+cfhC5lbJO+kovycGT0Azl/8790TejFfjZptHYnuF07VnauHhbam7EipMT2cOVyvZFRESEA4SQeOlV6oOSDOtX+5fW0DUPtDYPXEa/5OtrKZU4ow==
