GmcONIA9PFzHw1gpPLLPoqev3ytAH5KO3S/CJpMsylg=
35kyjVfwBJgytCi6KM5Vug==
FNt9orFfFSbPIXNSbXcP2Q==
gE2g7VQeqq0h5MkG44fPUw==
A4ZCFW7RnVRfEnbtNxUDb8VFIQmzxcIFLuiIjRY2q84=
cwgQW1UgxyVfBeSrdwXHsPE1eoSAri+NViVSjTYe4hg=
pYn3RyiaY4vz2unSybTHuw==
mAzeFbkWBGyzJRgEWJSZYQNn44wFaguEUnqkvHVinQw=
NiGef/LGs6v8Em6sqLz1GYGKB0111uCW/TAqgkiW0+w=
2lfNnhNY+w/3xMaMUxJbE0YFT/wvMlSDz8Vrd5FEs18=
vwcU82xz43ODS8dJCA4qFexEnnMQmG9hdn7evyXqlNEKc8GeWtJRZbhT0aQo4nqFgxDbQ7fUaqULPX91XGJpxs5kqST5QGEgeWblnIZzU+Q=
vwcU82xz43ODS8dJCA4qFexEnnMQmG9hdn7evyXqlNE1UnUAL0NgGMZwthiPG+Rd9BX1SuPnCFCf7NYG737HaU7julnSSw7BvkqqSnf9nWIU7BFgb/CPLejpL4Vo6X0+06MghzWuy66hEtEzsjSdIra64XEGI5qDmh2M/tIzjh8=
vwcU82xz43ODS8dJCA4qFexEnnMQmG9hdn7evyXqlNF6WHm3HFv+SejXUYuHIAVbVm1rOQlcywQiO23gTCnpXqQBtf6X1pv/VsYnNr3VdPmQX/8ECmFeMH0LMnwT1MNjehSaJQ9essEw+CNRKyz7ueK3QXmJTgJ0Yd0sPdroP8w=
vwcU82xz43ODS8dJCA4qFexEnnMQmG9hdn7evyXqlNF6WHm3HFv+SejXUYuHIAVb2gyUXO+29xwRDwDMlW3BYL6ddi1ROUVp30e3Vbcua9WvuoUNvnjhuOifVMXJnCwb9UfHoOnuxPrQ7QC+ILdyV83p4L/o3wjl+9MPnVU4CVcbSMc4zNmSfdY7kvyAxPvb4viy5c1j3V5EFEWHwDytFgNt47UCaZWulIvc8MUcldTR0Au7N0iN9SYazhcY2hWK7yPTKBoytas+DIUZK7Np4ppzieWcM97cqHuWLlL0Mko=
vwcU82xz43ODS8dJCA4qFexEnnMQmG9hdn7evyXqlNF6WHm3HFv+SejXUYuHIAVbkttGyGpW7lkAoFNJOGDjxsGY/LjbaqXqx5mz/eRP6wg=
vwcU82xz43ODS8dJCA4qFexEnnMQmG9hdn7evyXqlNGQDTU79Y47uEABqwnOUxZ2/6y2/qfp03NCCyvzwx42rJnmdWdtQYZK5fNMeiqOHaGPNuSDZWXVe8LneztVo/fRiwbEzvI3YPBVXV8NAhnH7muLdQ3hIsrYuGY+28Abb+lGYj7RS/p24vAg/mpsUQk5Kf3w4t3BnVRrGO1RIKKgM0nwVWEIEp7pEl3BI+9HSGg=
vwcU82xz43ODS8dJCA4qFe19jlSQ1oIrjnk3RaycRmutav0Cod/PN3Sfk1vqwvPMPdDQCCViJnQMRps5TarZMpSMAEUV7f6XesUCTZv/fNo=
vwcU82xz43ODS8dJCA4qFe19jlSQ1oIrjnk3RaycRmuw/Z2Nt0z4Y8OafDvyV56KwOwK6qNupW1j9VZ5AGmKEDJCPsuqB4lT1RAyIQztU5rNTFm6xT2IHZmHzxZvUWvOain1Avwge8mtlbsKI2ZzZbE2X/QDxqvHOU/2jGkCKRU=
vwcU82xz43ODS8dJCA4qFe19jlSQ1oIrjnk3RaycRmtOSbH666JcSeJFXskCX+MzUhkqlQ3jWpcVWbvb7OPd8DNKdAB+55OPaJnbFTveVjMWtKSA5W4jn2W/XDmnMGu8SRkEqKnItFWVgDdfkfeC0CTcCVTVE3ke4E2YVAezoW8=
vwcU82xz43ODS8dJCA4qFe19jlSQ1oIrjnk3RaycRmtOSbH666JcSeJFXskCX+MzX60ckjQoBlQ9XNkEYuA4S+NphtZgWU6kEQwVDCQTs/A2YYTNp9ExyYtpbuE+kji5+1pN8XCYGU9MCoqYlEM4s6sR1L1n/LBeioNym3njQyHUr4jvRKKfqU9K2UHJ4Xltr8+XaCpVRAqqVFbheSLyB4fQqJ15291u5YqRpabnALY0KxwU35fzoOaXTqOvhJSDG4qD8h8/tUsK9KIlj//tg84sIHO18xKGUlEhCgb7wyQ=
vwcU82xz43ODS8dJCA4qFe19jlSQ1oIrjnk3RaycRmtOSbH666JcSeJFXskCX+MzLeC5c1IaZvrGgbKH1KuXOpGve7e22uC6FYjbvs5MGrA=
vwcU82xz43ODS8dJCA4qFe19jlSQ1oIrjnk3RaycRmtOSbH666JcSeJFXskCX+MzmGrwC7I4e7U0EKQCUmavJ4o2TtwAy55wWl8Ng0S2FYYY7tTm1GSGtWOhfjnzdqAxcZ/eW1rXcATZ13Y7vsLsgdaYSii+Y9tsAc8+cKzqn+T4sx+dCxWzGXbZnN2vxsopwp3eYPSJTkuaNd4kNxG/J2k2pc+xBr9SKxFSy9yXJIw=
