GmcONIA9PFzHw1gpPLLPoqev3ytAH5KO3S/CJpMsylg=
35kyjVfwBJgytCi6KM5Vug==
FNt9orFfFSbPIXNSbXcP2Q==
gE2g7VQeqq0h5MkG44fPUw==
ExPkcbYFeYs2lHSAMsaJBjIbQm7FWZ8YCSkKK1z2aPs=
cwgQW1UgxyVfBeSrdwXHsPE1eoSAri+NViVSjTYe4hg=
pYn3RyiaY4vz2unSybTHuw==
mAzeFbkWBGyzJRgEWJSZYQNn44wFaguEUnqkvHVinQw=
NiGef/LGs6v8Em6sqLz1GYGKB0111uCW/TAqgkiW0+w=
2lfNnhNY+w/3xMaMUxJbE0YFT/wvMlSDz8Vrd5FEs18=
tNIDLJfECGY4ZXjUbkV/Njp5augjUna3ODsW208izR++HA8bxhEbtEq/ajWy8kxxpkYvvLv9P59DNlf2MWMjjJKdWLHbcMjjkaG7PaO+YhE=
tNIDLJfECGY4ZXjUbkV/Nk/s2JWIQ6K301IAX1zcK7CgAymSFJQnz1Z6IdBH4UdAd3uyofnrVEk+17uruTVmLJjRjiANMAqgXWwLlR1aFtw=
Hgd8P86bZ6+YT86Y2v+smNBCRNQ+9u5I2BCKLGomfB+LLziTlUKkTPr960XPeOaYc2nXWr8nbHsk9zEBMW5gV6ix2qYc5aav5EptqggS6dw=
tNIDLJfECGY4ZXjUbkV/NlPEiKnBASwmCJUJ+2+579OEaLg+6LFg497L04ebxJbS3pBM35KOTXDnw5VCTeiQaFrxLNdW74Bn7IChiZJIdPw=
tNIDLJfECGY4ZXjUbkV/Ni2K/PZFgTWffbxg2ZVBtLze9m8iaWuJtktuhgbL04Qaz7WcHYh966AzSx81OrNNv7KAhhQOI00fTYscUgBuCv8=
Hgd8P86bZ6+YT86Y2v+smOvivGHZyKoqNTTPKFk4Fkx+Lvm6AsyJUI1gaLEec0ApqhL1dvpCDpIoV/hQ814k3XG1ruhfqD6yCicDlIuJkr7I+bKRnM3cmmAAGH5toWo2qUFRHaucRaNjtNax2Ni18neZvwtFXI1vyayDdXrbcMY=
Hgd8P86bZ6+YT86Y2v+smO25fWCejwZX/ps+zbHi9binnrYRaoMuXHQdA8Gu5P3PmgjYbEIxyJL/FEsBi5Q5dFbiEzBUe/213JCqRYfeYcqC0Hcj5oRI9DsMv8nxKsXMqADrufmbTBPF7qOX26KTLQ==
Hgd8P86bZ6+YT86Y2v+smLxDfOgqbebd0wOtC/hbIHnzr64/5L2wlxUAj2tMRGr7tF+vYjOARxoK3FFbCMdwsR01h5o8CeYobPsxtnqjRGs=
Hgd8P86bZ6+YT86Y2v+smJrvMdHnqDan2ke+Hbu/hDtWzu4IxCbzo4wnCE7ks+dJyEje2OCRCI8ddWBNz67gYKh5o6iGohoH3kaTSMHhjCBOkp2up9xe4KHVTaaPmPIP
Hgd8P86bZ6+YT86Y2v+smJrvMdHnqDan2ke+Hbu/hDuLKv06Ypbe8Y3NA8nfAINuLjISnCgQ/A07iwVU79c/Y78iwFkoiEjQWtCVNNmmuT0=
Hgd8P86bZ6+YT86Y2v+smIUzZGbCKCxh9BIEGUzX19j2GvVpgz0rreQ1ZnFWEMW/VNorbFVxKvvcadfUkJkA6KVFbTVC4ovzE/VLQuzFRAI=
Hgd8P86bZ6+YT86Y2v+smCYCp9Pp7A3NUAc/C3FALc4DDhsYP/sK2S7da7Su9OkJ+q7qkv7ov7gVo6MyR1zg7ycKAi/nI8wocJBYznohb11jRYzOdpddyrRlS2wZIc2tJV6rcVILHpe11IVy/CkOoQ==
Hgd8P86bZ6+YT86Y2v+smMmnqcUdWW/lEp0fzyctih3XK90TxmMdjdQXxX5j0J8RGG2aZZ8OsdvpwWv/4soGSpvutl/KV/UWntxbPzjFHu8LNn7ALXGI1V3lWi6cePVLDA6uYL3RHWs/gDL6oRC0vuIbXu3p++wsZe27dRAh2vY=
Hgd8P86bZ6+YT86Y2v+smMmnqcUdWW/lEp0fzyctih0H3pbB6AZFfAAx1ARcgdL8cUMfVZkqz/RvZA8nltjM5j8G8opygTk5XjR1UoE+Lnk=
Hgd8P86bZ6+YT86Y2v+smJ3bqlX7U/d5CLN7P4AtMXV2LcC6zA0WO7jv0XTSPbgGmeGlylWMdAyyBTll+gizSFuOSkKJk0zLtlFl2AG4oxq4S3RWTSelEaHxFjVhsqaNdU63Yjn2KVoHtqFk9nw6xQ==
Hgd8P86bZ6+YT86Y2v+smHuE3IcEsoGuN159BlTdsskdjRcPNgtwQT7nxgPsmSOeX15poM82zd0GfmGftkF7pcppvimOpgm7ObSK/p9PGwpmOF8bo1qNLbFUnFYl8auFtrYnO86U3OM6sbAfbQUUdkf2OkP6kgrJCRSie+D5fqw=
Hgd8P86bZ6+YT86Y2v+smHuE3IcEsoGuN159BlTdssln+rwjdM+TMB8pmAXirwlppD2+jVvJ64+CL9voMuHAhCecFrR1GqewSeQqqDJEZz8=
Hgd8P86bZ6+YT86Y2v+smBya7+BwYlWXsYX/G20AFlWBo1J22HQBdIEG40cRSxWpYyY748fCFCuSsCz5jZN3J/YCz3t9GVajEQUW6HSCbe5T8DSfutNe8uqmoiQgOeTOe0bS0gC6hSXVXmNznaIvyQ==
tNIDLJfECGY4ZXjUbkV/Nsd++/6vNjO1saQp/+LuqwiBwcYtFqulyNRDCoTZSQ48RHgEpvprrMFzemDWntEBujWYr7AZpO9gnSHo/ls2FUs=
tNIDLJfECGY4ZXjUbkV/Nr5H7nylBaMeEkVJZIuuEm+oemySZWFBM00p2IDDBQKnApOTL8gYbgINZGfDNsP5z0qQWe7vtolBfuC7NbCEpPo=
Hgd8P86bZ6+YT86Y2v+smKRTy8/xfadnyFRJwKk/1dru01o40pgUQKVGXJ4tKeOeoiIqf1ghp4+XxDk22P6Vx7nHpSYxOqgrGZbSG0uHqLI=
tNIDLJfECGY4ZXjUbkV/NoGnDrDpRu6Ve6CMRPTdVUVW6GOaFsrZtGniLnyme1DLJRoV00ygk1IGw1NHoHilPsvs/XUTF7hC1UzSUmjiWz4=
tNIDLJfECGY4ZXjUbkV/Nv+cZDTTAdSVoPENGl1iIPAkZ7q6hBgFx45P/7e1vIEyynYjOrD8h57DZrvFy2pLvVRZC+IqwuYsoZcOb87hFkY=
Hgd8P86bZ6+YT86Y2v+smAFfKj22S/70sf0NvIq6vHoFfdre8MBuyhqL8EsvfJ0TvOUI1ktqYSZcV/x+4Pv2erZqlyaCQaILoV3zUo/ajcRnlwo+5cPEJULDOlHhg2jrgpH/LQWKOfHm9PBJbrqqpejiUa8ciHpf2CUr5w1SlWs=
Hgd8P86bZ6+YT86Y2v+smIEmSerGmiSQwoj0MIcSFr3SPqjJVCJAVnSQuoVXnaPDQh7S7WJns3J9/T4oEXUHF7pqR02/EaXkoKHyyoZO1oeVQobHVmudNMLnpbl3QUJpzGRviIZVHtpW3vUa4Fkt7A==
Hgd8P86bZ6+YT86Y2v+smO3//a/OlOZpUxQ1f1RvawTbvxbtK/JY2gueUHyJcIYMLuwIV3ZHhIoBcttlvSRa91k6h/VnQ0ZCFAqHz/8iPYE=
Hgd8P86bZ6+YT86Y2v+smHT9MLFmsiUfvOIhl2ThwVcZDe96zUlbA2q/AoZXWR4WQWNxID79IkqW3gadGeHCs95juzxWaOibhOMQlO08C/soi2W0w/hK/CotLEsUhaHQ
Hgd8P86bZ6+YT86Y2v+smHT9MLFmsiUfvOIhl2ThwVeWO6BFT6dULIzd8uLdSqcgxjmeZ7XYCdXmgXD0lsct21HgVU1o3gxGD5m8w7WyBqo=
Hgd8P86bZ6+YT86Y2v+smGaRNDBd0swenjymaS8rrqpK88VVkQcUQ22ZxE+jv6aYroI08+2jiGcXU7Pdigc8nD3oaeWYvc75Zikb2xFOLAg=
Hgd8P86bZ6+YT86Y2v+smJfejJg/HJOgiDuddhUGB6bWmgOie+g3pa4UdeA7UbV43HLdf4bcxeLjM3c3e7r6NUM3ihnidrviK7e6CAZivGe/BWsVg6G7E2RVMzrmT7+N0aTfl9V7r32HqExTqi6weQ==
Hgd8P86bZ6+YT86Y2v+smDUUWOvQsvn3gN01mqSjGtZwuvlkDMhh3lEVjBP4EGzyvhiLSlqURZqExak9oTsheILpU3eD0sfrcjpMv3H/7TLpwPuJiKBSw6i12/Ieo6QkAJCwqvjUs32h2fLybRfDZw==
tNIDLJfECGY4ZXjUbkV/Nhqb0ZwNC85Fak6paWzZ945D8fBMzbsabzpTDgGpNQ9TTwI/EFVoClnWBAkpcPW2xw3FJJPzYLqYWr3+xChps94=
tNIDLJfECGY4ZXjUbkV/NhIXBHKwEVHlhjKOJr6YM5Kf0sCc0GNsOtuj/VHpbwc0eKO52ndsxzjFldJk+Q3WTvaB/Bin7WXsBDdMvlGI8Bs=
Hgd8P86bZ6+YT86Y2v+smEx1jn0Wj2dRTdZQisQbklZh2fqchZrREReK3RNWxjCFrFjqelGNB1lPOwGaiXH/8YbSgPsrg5zjdVjH9bPeV7IPRl19mN4S5ri4fXajxme5
tNIDLJfECGY4ZXjUbkV/NlowLRMKrL+dx8uyvyK+kBq3zN7IqvCQSRuZTguZbrCk+qIcNQvQvJlYy4S1fo+2wP9cbZiyq/acdgz6mCpdmZM=
tNIDLJfECGY4ZXjUbkV/Nn+etAiutdN2taN2acK1JR03zQ+3BvnW2mJwZWH8Skq6Sb6OSIpMzSo2YH04YoZyk73aUzizD2AlvKzniOVDf04=
Hgd8P86bZ6+YT86Y2v+smCIadO6ZSjTAp+YdLizrlLT4q/n7GtzJcU2CivK/gYJOfzj4MPIj7EepR0qfM7XNrSwEZ7Y6a86j23gyjZwq4ZY=
tNIDLJfECGY4ZXjUbkV/NpfsDdV04ZI8QtGs5HdJF/1tKbkmodW8aBoNEHMN30YWFZ7vnnbulizrxyxeIVF+kK9m8OItITH+b7+iHXzlb9k=
tNIDLJfECGY4ZXjUbkV/Nt3jBZNtinumQD1AEKo9u58Te00XGxq3IPgJ6/BcflhtvIACm/8aGahaYBcoi4xNOfQOToLP6Q/cvaZeJcGHuhw=
Hgd8P86bZ6+YT86Y2v+smJS6IMBZwroUQy4afynMpgHv8dWMYXXrPuhnY7KC/SQmMCZoaqO+Siiyv2x1aAvAJ70empQ1iwoaRSG5a1X0dDwYhgUnOCs4htDQcmDPsprmWCuFN97tdxPedNvrUP7Jmo6JxCYOtSiBdCnLw7egOgo=
Hgd8P86bZ6+YT86Y2v+smDutzXAn7CtYfFgs0pgb/cvGYL/twiwTgoFtklbX+lU7ITNToBQvh8SMrGefC+9aGFlFEGqu1Fs2S+/6O7NmlHtSXOYRelJsyivoMedT+I6B8z4YYjnq28OWCvsirwUWDw==
Hgd8P86bZ6+YT86Y2v+smKbwvZ4P86D/Nqs88wFTrA4RsvfoE2Us6TxWRLyc5I/WYysXutG4ejhE8b4U2NKSqcWqZeZbLIVL3zDc0QSyMKU=
Hgd8P86bZ6+YT86Y2v+smKbwvZ4P86D/Nqs88wFTrA4RsvfoE2Us6TxWRLyc5I/WK90Yla8JTpkU8394XOTddQl4xIDLmVNTdZmfsmNNSWo5L0jHOr3EFfUSQDMRPv6g
Hgd8P86bZ6+YT86Y2v+smMGTjjhKAZ3uo/jVMA9PI2PHHt5Hxq5MmB/11nt3jMmyFTd+9iYZGPf2LGhBYl+8D3+YhbZjdAw7LF1opamborw=
Hgd8P86bZ6+YT86Y2v+smByuHQYvEQ3YwHFDl+DenK6oKMuO8n8cWFQmUYFXqVQSPHCrRssuJxIZ0oxZz7HIPvnaHYHJYz06TnLasCoJjDc=
Hgd8P86bZ6+YT86Y2v+smPXBYnvnIWLKliIlbRc75nDB8Z+grTbWulktUxx5XBR2oYD9ZqlJsFlJ96kRJxb3WECevPV4NWjZCnlCjP/m4JAZn4pUAwKi6zK3hZFez/2s6X53l+hVyTIxq6HhQXsFUg==
tNIDLJfECGY4ZXjUbkV/NmLVOzQTejCvDEna3K4rTYcZGEF/MKHi9GZRO3pKa9+M/r4aY/Uzy+B2qmYTtcqXMFxPzqDouZbBMBAMahFOHcQ=
tNIDLJfECGY4ZXjUbkV/NmLVOzQTejCvDEna3K4rTYdX0nmW83rR7iSGlobSpPKK5Mb6G6WkTImosyoR4gLxV3KDEC6+tiwGFLbgdVT1rlE=
Hgd8P86bZ6+YT86Y2v+smAaQYZkeQx/5kuZaEjQBQT2ecjUDHlKr/MfxbAI2i2nacPG5GEBqO2y85EUCVcF2YY+OKJrkA3KAWzcLmQzQGB1jeYw3xoB+y8J+QlbSEA41
tNIDLJfECGY4ZXjUbkV/NmjrjXDIrcO2Uf4M/xZshPPjure486VeVc4G5rvuKOwXbd4gVkmbcTtD0pcUi55r1oRwPpbFFAjBucorlmLX5vo=
tNIDLJfECGY4ZXjUbkV/NuEBm4I5Ti+FSDiHWnm8VaQli4kn10+hcVdGHVjah8JAHkaUK2p+1HXmA7DliUBJwPSI0pTnajSrtY0u+z00PMA=
tNIDLJfECGY4ZXjUbkV/NtFmtmxPs7iIcNtoAErAsuwbrA3hoTEoBvJMtJUIniZyd6dYxCvbC1rUnrJP1aGCDNHpA510ero9O9RLnT1UJRA=
Hgd8P86bZ6+YT86Y2v+smL4eC5jiYxWti5CZfuRM/rmXX0xt3msRLuUzURZ34pDkT/sj98lflNj5CrYa/NHkEcxmBhUO3TgjamF2CeDDf/Y=
tNIDLJfECGY4ZXjUbkV/NkQcO5x9FSvdKDPCuZ1tcbqqTb8PKaNSizAsvhuaiVMinLxT56j6a32ibyqRYWjxmwvnq5pjBAGjhsgzToNJ9as=
Hgd8P86bZ6+YT86Y2v+smFCGt/DKxrTDzX4AvxWG8eVYt5+zDnxbMvQTExUziNQgPc3Ypw8JhyQJaIMyi7bB380UwfJI8/tMFG8SdHO2zuG9Cr6d6miUXT6eWZWU8XKO2cepIxB/n2HMrQMpTiUBXH3lSAoRlqI87D/nb0fD0pY=
Hgd8P86bZ6+YT86Y2v+smDstOB3m4uBSQD3BRneRXVKd3wD7qrOfR+ns+bwKchyqG3iHJI23zG41aiDKpxKAwJ0j1sP6KMYKLg+fCggJoVhH5q93L4AH7RZ7m/dXf4EOb8lZOio+e4EUDn5JmY5hIg==
Hgd8P86bZ6+YT86Y2v+smDPHHdCrX03Wpk+x6S8K62UZM01yNtiCEp1SQrPT1ZYsEAav7e8aO/n38bSeBb0ecIJJ1rssUzesIxcY+tBdm3E=
Hgd8P86bZ6+YT86Y2v+smHUbmoHIxwziFaE+vjR+apzNqgbMTjiEqN2V6gWE14DZKeiI8ljTNBmwRUpwQNDXr967y+lIyz9OAS4EHFosByPP5A18Bec0PWfRelTNNH9W
Hgd8P86bZ6+YT86Y2v+smHUbmoHIxwziFaE+vjR+apxaSBUroETXSIP2Rk0tUJqkYHi8lwhTp+ZNZgY7bo31KV5QcXaejbtJxxQ6coKaXKE=
Hgd8P86bZ6+YT86Y2v+smEt/PikbOmNEt9/XPvHlJmAuHs60d4ZiIMjCa2t3zTIQLKbfjo7GIZXZIZmKXzg8p5Ux3B9DzweAu23jQvPvPrA=
Hgd8P86bZ6+YT86Y2v+smEJsPm/1X7+s0WRmnmoBYLh6HiRdBthBQ7ef9x2pyztqEaFN66+2OtWL1lnQBm+GUmaoAg8poqYGZpowK/L0uJy/zgcTTT8VmNQ3MDab+3+4J0vRBchH9UzU5VilHgJ9PA==
Hgd8P86bZ6+YT86Y2v+smOQ1A4nCwtRLTAaYBWejPwMH17BAO5Tw19xMvvi2Q7h7t97q/n3nMF1XeWE4bPsusnbIsBUvAT7x7XGv4EXnjbVKtVrTZNNN23J9fPZbre9tkLndu9XrFK9xmubFA9jF/Q==
Hgd8P86bZ6+YT86Y2v+smNDTd3gP/sUbhKlHq9DGHRXzIYYzhleFZL0DZPyWtQIb928KXSwUR87+5PFitzRdr7SX6hUQRiskK4tfXgCbKUVr6N1nzfrK8/0DN7TF2ZHlFMxMPqvv5sQ0xTLhm4+mow==
Hgd8P86bZ6+YT86Y2v+smBjm5/m9VaAQ+Hexu3WeRXRIMzUTR0R18SvbEpjZ1U/Ohu3nNcDHq7VCbho2MfyaiKkqA4mNWVyxvfLfqZQxzV1kfb3HS5W40AVIlKbKdsDW7Emu6CVBqGsqcE3Dg0f9PA==
Hgd8P86bZ6+YT86Y2v+smKARpsNPtgKodSYlEQ+mBO792BNBKKVrORF/VAQmkmX+IL5u5+d+oHdodnD35dOsnxrba6wWIgF1OC5CVSdzCWtOM0f751nvR/gO+BRTBPkTSlICF5HrC5hdca06nNElCA==
Hgd8P86bZ6+YT86Y2v+smIS5vEHC0V0x1QfP1nW/CHB9ffydQnu5Ihy3XG08g6wNVTZ5tS3yWpliAzeox+gqW5/KuvwPrAYR3n52rkA1Y0yKC3YKDPZ6T+NUmqoHbGnkbw4gf014RRI9abKbqSbcWuLmmcQOXAt+omlaP26QXRs=
Hgd8P86bZ6+YT86Y2v+smIS5vEHC0V0x1QfP1nW/CHAft9SbqbJfxRYP5tRO0mazYUri+M/PNiwUZzdBGN86+nr6HTfmm4fN0wj67aOFaQI=
Hgd8P86bZ6+YT86Y2v+smBlO8HIDVpX6q6aeHHBEDvMinPH3S1Ly8wbDbgZQB1irzeJ5GBanWnG7N0+Zm4/SL8PBJekl8gJ1/xBFzMtFEFABSE/FY1PCQl9vfLWJhFPgd8qJk4U1mjIJkNjlhQFuVg==
Hgd8P86bZ6+YT86Y2v+smH0tzD6JGqltuRIWTlV24Gd7sZ55x+dIrfURIisZ4wVWeTF11U916biEwVxLyI3zFFuVsZjRIReFQz/gs1hVr/NE87/V6pLKu4aZ/hidQ1wX5+iCAsKMn6AXuuaFOwPVL+kwEMIR97iIdWiXA3Qlpsw=
Hgd8P86bZ6+YT86Y2v+smJ2kUSFMuhIBOykeQgOvIFffjZDKlIjtQnslhqeyh5Up/fwvaKkHYB6i8oexqNNNuHazpVZIM2A2RmvcNl8fHxY=
Hgd8P86bZ6+YT86Y2v+smJ2kUSFMuhIBOykeQgOvIFc/33lkDlyElKJgnSOuh1ioOVd9Mz8nKNu9EIP2aLn831rxcxZkeezGSxqR1vz2AYLty8CvxyGZm/Q41WJ9KQdq+KR/DnUDMg002uL6EOWnwA==
Hgd8P86bZ6+YT86Y2v+smI/wBrRTSWw5m046xhQyxcat+or46oC2VxfUOhCgze2GZ0go+N4AjIdyLTZ25R4awQ8caSC9xdRqFVy9unlV5D82MGpm96a32CMiJ7vPJ6xZ3ZRsinUXovQF6t6akyjDgw==
Hgd8P86bZ6+YT86Y2v+smFufaFej12AdGacwRMo/UQRhvw77xWheij53uSFK1S7BZaRW7R/YFaN6fUtLD+n/v/414DfsBo0nbWGsVF8byDy4oDLFQbwNBFQTgEhIo0U7
Hgd8P86bZ6+YT86Y2v+smFufaFej12AdGacwRMo/UQRhvw77xWheij53uSFK1S7BcL5dI0nsOBjyxINjlI18mNqxSNohlBgGiLUC5MmfrmM=
Hgd8P86bZ6+YT86Y2v+smFufaFej12AdGacwRMo/UQRyY8WQTBjrXzUR22amPw5Yge0nABP0twlpARlYK3cpyg==
Hgd8P86bZ6+YT86Y2v+smKJ9NcnVJvYx0FEyAspJoWXekWpR59cr9nGdTQmYff5vd0z5Ty1FiWhbNE3DXgXx+WtjstiTzYQGsqPy5LohLhA=
Hgd8P86bZ6+YT86Y2v+smD+YgEJNL1Jr9WIENfMIMzstMlJDc4RH7EsMQDc18hI2d3338Di8cpiAALD8NuqPbDuMYAocN4UDkyW/fJa6gN/Vi6haFni1eKRrMchHPUTf
Hgd8P86bZ6+YT86Y2v+smDUG5kqTq5ea8y7imBxj8mmhXPyFxfDGnYW0mT9qsV3yAR1MCQ72TyK4nI0ib25vm/nt4CIPe8fzyjaUiq/4OeU=
Hgd8P86bZ6+YT86Y2v+smLKEB0Z5p7sX0lazvtK/kxyx1gKYLBR8USLGzjgZ5W7TPAExwlPFGuRJW8mvcO6ng0v/UnJTnNQ2iQz7VYtGKqRQToAomdX/MznvKGNMuaIifBswat2X5+ih7JwsUBfrS0nSx2Nr4bKH8NoAS+2tSt2bYcltMFgYy1wiGwoYSFt24Ygbl6PXISTlMoxw3QLnpF933mQASfLEZwk04Y28J8I=
Hgd8P86bZ6+YT86Y2v+smH/zwexiW14NliE3INqsD6Wv7D9pDxGPsNO5gyrmuS78O8S03gkfmK7kUK8AkiPzxVp+XfZj72rZ4OCfoFfKKZ4=
Hgd8P86bZ6+YT86Y2v+smDKyM9w7JsYxyTJ9u+jIQsKBAM7gmTDgNRwTXaCygYuh6+ZmaJergWk8pycuSAZOXIwzE6gK+a2hY/Ch7f0D118=
Hgd8P86bZ6+YT86Y2v+smKOZnr5tRwk7Z8M2zQooBhkNOgAWZRC+VxqHc8k2+gzP6KKfXagr88RhaLpHS9NvW+Onnn04d5r3iPWgdEDUxIs=
Hgd8P86bZ6+YT86Y2v+smF+wmWsqp2zV//7JlhLb7MMmCbGZ6jxuEYxTVr7EE7vYCCNS4QE6XtSXgbkBaJV9Bu2i5Mr66uT/pMEbKK78yiQ=
Hgd8P86bZ6+YT86Y2v+smNQuM0+38zwDkH+YlXUXkZfq705HsyoRHlArrFVHh4ncfYuWV1o7UnU1JcnD0+3Ju1MJd9tUTLStO8ft5otDnPg=
Hgd8P86bZ6+YT86Y2v+smNQuM0+38zwDkH+YlXUXkZfq705HsyoRHlArrFVHh4nc1s8324i3IByORJcOSxgsuW+uUvA8u6lCsFrmfaPtmeA=
Hgd8P86bZ6+YT86Y2v+smGUv/uhaVG0xoBbslBskRS4cJ/G7atPdceGjEVCkiuo7bdx3EbER5n20E3hgRCyRizb5pVJg2Z94qKRfAtIqgwE=
Hgd8P86bZ6+YT86Y2v+smGUv/uhaVG0xoBbslBskRS4cJ/G7atPdceGjEVCkiuo7xcMxX5LutPEnNMasqJNXzMoUi3HoCoH/D0q2hwYkkW4=
Hgd8P86bZ6+YT86Y2v+smHSeOg4nQKMu0lvZQX+cRj7TuCczRYt1D9Tw5czgybURrfUZkQeVUmNSQ8N5b6MtO8J8VHetkcL5UifLzCW/zpM=
Hgd8P86bZ6+YT86Y2v+smHSeOg4nQKMu0lvZQX+cRj7TuCczRYt1D9Tw5czgybURPTMjgOAIGT73GJNX5misXv3MV+XshQJW66Tuw+qaM/8=
Hgd8P86bZ6+YT86Y2v+smOyV0FOjPzHp+bIETOUqSmfelhS92kVYVuSSFFQCx0u5nSxqRvjsasERrMfkj3LuEbfynSA2fdkrfGs7l2CWFNU=
Hgd8P86bZ6+YT86Y2v+smOyV0FOjPzHp+bIETOUqSmfelhS92kVYVuSSFFQCx0u5JKgKh7Wi/oOJScLCA6alU1Z9o+mAy9DYW7lw9+3NUIg=
Hgd8P86bZ6+YT86Y2v+smJ1R5p3+3ZFEVI2ZmZiY/4eUczFnn1ParURnVAyq8Pn2lXX34Oo16dltNgHCtbZCaBACIrFOSff9AWp3QN4ntCg=
Hgd8P86bZ6+YT86Y2v+smJ1R5p3+3ZFEVI2ZmZiY/4eUczFnn1ParURnVAyq8Pn2+E4O4J/AL1muKO4DkyMWxOnYTPlXKA3AmZ10/8U2/u0=
Hgd8P86bZ6+YT86Y2v+smNMAjO92lU9Rf0ekG9vLcrnOCSYbulIFCHEtjWnlzNMlb5GDoIZyNiMwKUqt5Gy2GttGVCZOlzNw+xh8EmqCXH4=
Hgd8P86bZ6+YT86Y2v+smNMAjO92lU9Rf0ekG9vLcrnOCSYbulIFCHEtjWnlzNMlZqeMywaTQ83ST1taP/2cKK14AoCGqSHAFwdnmeo1ePc=
Hgd8P86bZ6+YT86Y2v+smMd5DIi1/SxJJWjifGmU+gykDaQfvYHIi+8nqUIH7DGlemF7qc5gWKbTB2Wc54WA4VUWnTUtkglE4BJoUfChdho=
Hgd8P86bZ6+YT86Y2v+smMd5DIi1/SxJJWjifGmU+gykDaQfvYHIi+8nqUIH7DGlQpLR9wkCGZagSRgIYffuQf7oaA2KUpTkSeo8+4M42Yk=
Hgd8P86bZ6+YT86Y2v+smFJnNY3Ya/qAw1kHZcemSRisTn1AkyoSZS3y/OFrAEvQmfM8A3pZAH3hMWENpDdOsCwb+AGFj3DCaaGnKZL6gXo=
Hgd8P86bZ6+YT86Y2v+smHOJOv6BlQUphaVk+AU5G3BLE1LpX1MzUntj20BqHsDsbzJHI1FBIFHHE7Kyh5UjS4NJAD1NGvN9ILRzMYGH6ZU=
Hgd8P86bZ6+YT86Y2v+smPah3ejfnHryEWvDhRkz3E0zCf8l0SkNR3RdawQgEpqsIcOyFEuHtHMx9yUT4OSOGns57J7f/RGglSwlekrTVKs=
Hgd8P86bZ6+YT86Y2v+smPah3ejfnHryEWvDhRkz3E0zCf8l0SkNR3RdawQgEpqsLca/7o5JbWAwiyZCutdRt9rcTItNA7b0b/qYVCYn/d4=
Hgd8P86bZ6+YT86Y2v+smO9zjDILbY1U3Qx2FtPy4HO3i6e1tF12GjhtPQVZIajoFd6KNjPrVKK9Xfe0OlFJHgxfziYLS5VdB9XYfMf43Z7ccxHhw4vlWg6zbxDROTnu
Hgd8P86bZ6+YT86Y2v+smPwLqGs0EMV7BjQFkmd+MrymuFrw2soNGbYYES6tYu4u6cU5TP9DELNLA1TSPch1zQ==
Hgd8P86bZ6+YT86Y2v+smFEBHHbQauJHyJPYRN82sUn/5wY8vlp40XueZUHQaENjpAzdq2Eawk/VylnvVMJPYWDYh0fHCW/cokgiq/pD3qQ=
Hgd8P86bZ6+YT86Y2v+smKpgIz+7SLTN4CBU/+T7tnAzoSV83VluelYdLpsxQ3/zHdrgDjGqMgqdYSyMClU+jjVwAjn3V5ShbzGdTZVcR+X2IlnhzIwnpLaBm80xlTQabil4loUriysy3m6vFvw+jA==
Hgd8P86bZ6+YT86Y2v+smPjQuIzCvC0HMQuBQjiQ6AMWaH5EzjO3AwJJRAF6/J4bYCUUk3jSSqu5ftybVup4MyyRuBGd9MmTDeeTuTQVZk1N83eaFKLkHLK9krzt0jbCx+m8/VUzDNQL5Xd+wbZ1Uw==
Hgd8P86bZ6+YT86Y2v+smE4guF8LzNIcsQEUCo5sxfZKgbnLXiaxuvTppj3hUsHtt/58s53EzIE/qCngcEGshlmMNBa7+rzyFPKEjLSbdcNSt3/v9yPRc+arUv4dnVuOZ9fJ1XbFm2Bu6YHHOvWbdQ==
tNIDLJfECGY4ZXjUbkV/NoGLUs9D8C5Ijg6U9JTMIlaN8fWiiYQJMx2EGP7KkFC1oaTkyZEH8CcY6xNELUZsOjVfjSuyBl+xrlsUccRizZk=
tNIDLJfECGY4ZXjUbkV/NpKovlx2FXSX1AJco/K4hwzlAaaxUOYZoLfMXhaV+Fm5/8fRAGlw3TH9e1oTLllzJ1o/a9g20hwm5/HggJ/7ThE=
Hgd8P86bZ6+YT86Y2v+smLLPDQbhHtp8+XCRu7KA25mGAJiRE70UWTsUNxLg4MxVBp4s9P0CO1QmNgFiV3gfW4G9HmcahOEQKouLeBYZupQD3McCHaNc85GTQTxQtDJ5
tNIDLJfECGY4ZXjUbkV/Npa0RL8P2EZ4EOaLjxKkpAofcbjFlnmpcCcswwsU0Sr3H7cRF7oVuGc/5CpCbMFXqWZBBDN58SvKCHskm3VOsQ0=
tNIDLJfECGY4ZXjUbkV/NrDN4z2vSZP7mt9Gu4e4PDEPiPygJ0n+GaWJIbhzpQZrRlTuCEbAllZEKNjvKiNxNl2juoDzuyXfNeev3Y1HPsE=
Hgd8P86bZ6+YT86Y2v+smJ/Tv6yd1RtImp3UKo54LoXEI6ATqhbNH5epKay+kjOLdWddhc4yE+DFokVBTeX2FI6UE8Ku7ZQdAK/wOEuK+QU=
tNIDLJfECGY4ZXjUbkV/Nhp8Qapux0CrVeJK2Ddb7O4CZIynZxPTPOs+vqn//VYt6eSkB82T72dVvmTc6uw0x7H+KpSAsWZyR9B3q06ZttM=
tNIDLJfECGY4ZXjUbkV/Njr+Znpmb54q4kNXHMJQTq2I9NgliEtyr8BHt/TCX8v+RpMnKhVxo9QHyfGD7c8fbWSxmwKfMjuUpbMGxnfjKXE=
Hgd8P86bZ6+YT86Y2v+smOUl/8+BohASJJ8QAb7AfM7cqRMiMF5/Pc3aeJFBIZxN/tavwH+TAAWvAV0ijIlKQe8SM1CqAzGueA6XOnawlXr1q9F8UYoIeCE7SN5BwhSPqeGIrG/UrrPfRm1BfXjV2crJAfjqqcNerj4lXWMJ7jc=
Hgd8P86bZ6+YT86Y2v+smL9/IN0aVELSOOczO+nMLERUTVZipXeN4YgT6xzCvoR/fm3cc8+s1qIFZwyDW1QM64kg5kLhgomRoXhQW0Kk4swvkN2wUhJ3cLE7+/yQSc21hyDEld1NDvGLtRhSImQyRw==
Hgd8P86bZ6+YT86Y2v+smCphwFiShvNMUGbVX9wCfbrBxJy2SVB69bI6duKnArd5u+oHzXRmY1loFkNCqJJzsXAbZoDuQjIr4ttmttcFuiA=
Hgd8P86bZ6+YT86Y2v+smBhNMV8wKZIm+p1rqd+aIT4XojPoWRTX71dF6phojwAs+tk55R1wivWaQRVmU7SS08oHitIbMwDxPwFENcVTOBq+mB6LvEKfp81mn/h15vSv
Hgd8P86bZ6+YT86Y2v+smBhNMV8wKZIm+p1rqd+aIT7G0FL0tsBJH06Mw3ZG/2fTvuIEjKc2GGWkeF3INUhwJyjOnc2HoU+yaXQb5xxWJE0=
Hgd8P86bZ6+YT86Y2v+smBqsxM3u3KqlHGhLLBbX0UAHb0NJKTuusWrbqfEfzD2JetwTszg6pBWTkWcQrCZSemudRjwUHhVE4EzkcWC0rps=
Hgd8P86bZ6+YT86Y2v+smIdoaE8nAPzA768zM5tCYRF5Bg5b1/L/Qat2DI4kplfUcCan+QaXX5kr7p/kzueNo3+NwNYaF4JUGPYmnvwrIlMj/wtKfCuXrO1ie1q0w+ZLUUkjTcxYS+IOqfaxvD687A==
Hgd8P86bZ6+YT86Y2v+smPm2AkpBHokTbuUDxKHzrAJ19uZorBLn3Bi775FIQiFc2gUI+pgO0+ol+iH+evuwufGFW3YyrKrlKI9VptK91iOycldL62BDYpw1ZRv6cMFLI2zRzmK13FiGQ5yyd4yNhA==
Hgd8P86bZ6+YT86Y2v+smNCc/nomNlwbARMhX53aQeMmn6mSAUcdhbFrS21Qu/V278SzbzcVOgefcFCyjo3Iw0f30XMtjB2ch8MMrJ3jkpE7bHwrqOvyv93AImYnzzM7HtjHgb4IkMislIz/ZUEfAw==
tNIDLJfECGY4ZXjUbkV/NpZ1W6cPJc5mQyIT32JuMeR1R8xpOPNlfiHTpwWjjmybxsPZvy6qWzeESvRHgKBMAZj1KuRvFsjkylje4BCcD8w=
tNIDLJfECGY4ZXjUbkV/NiZpGE5cVdJ4yF7DZ9kxjC+7ihW+qlpXGKtySmNeFj4nWbNwT3jIUKG2tFS4te+sxIVs08fUfML5nKuPa8Czgtc=
Hgd8P86bZ6+YT86Y2v+smPVyPu7cAiLcOfevk8L28PQreN5W+jHcHLuQgxvPiA2NbEsRiH7CEC0kB5t5wmfgSFEn6WvvpNzwknVhTDrmkIcvv9VLvxP8PVukZEAawZQkO6EoJBAPIDwtA2k+gUGD009FXR6aZqaQWyG2fFyntjU=
Hgd8P86bZ6+YT86Y2v+smBHDYHy3cBo+/xMcmabpW0IHWlu/nmJRrXTj5pVXxvcQ+VpG19QWyJLyjeNkDvGMKZnmLKAvMwC1k38GvPfNe803iYJQKbRf8sXFL1Silyl+CtsepVsdgANBixvLDRaT6w==
Hgd8P86bZ6+YT86Y2v+smChSRlS5d7bks2NlydYSB03CXkXYS+KhSpbLciPYrFgiGmAlDzpD/E+BpDZZQP98F4XlT54G4vegbd29eU9kxHE=
Hgd8P86bZ6+YT86Y2v+smPtTqk0lHVMohRrCwkyklgHRua4lIVIzla4TZ4RF1SomhWVQg70l6OKyrJXvgMhLeqJfzLbOOI30RMxpU8PT/kHowqVJuMBbiH586HeFkVT3
Hgd8P86bZ6+YT86Y2v+smKrzhDUhKWJrs7/sCJd6EJ+WjX4w8bY5aX+EB8BUAxIwJOJU074xcSiMLIy4cmQDZU/+S1zzNX3gLvklu15Gd30=
tNIDLJfECGY4ZXjUbkV/NubXxIbVQmmIuKO4Pf4zJbbAifCTnGa7HK/EJrpPeJ7Sec1AZ6Ttm8rGjxrxRdTy+o9elnuP6bIXXA7sWWl/Yyk=
tNIDLJfECGY4ZXjUbkV/NpK8YZZmXtKXZkbLE6+ezW16/5ySwsNGTrHMXhaJ0v6GgJfRQintKpvS/TS2n0DSPoAAY9jEImTmlZcEvAnP/Ic=
Hgd8P86bZ6+YT86Y2v+smCQgrTspr8UQYMRUyzBgRO8k/yDL2+/FEr/brXnjuX8l6faPqecQXTMGvmExxSBo7PD2jAYQ6ERTgisTRYJOTug=
Hgd8P86bZ6+YT86Y2v+smDJ4KB7Xc9RjSkB4koMQQjqiMJiRl0z9NiDF2zXHnu0bjwegdLjjCMSfYaI/dy5g5jSkPj1Qo/Qg96h9PILilJM=
Hgd8P86bZ6+YT86Y2v+smNHGcks4q5tBf9VWChw3qxqIANR3Hp+8iCsXpinLEOCVfK51VcGSbGe+VcWWMLX40lc2qD2KRwAWUz08gJaWVFHZSxNZcYIjhGv8t5tL7I+anr3N7/rDl57I1N78HzBA4Q==
tNIDLJfECGY4ZXjUbkV/NnKfFTdvM42Cb5G3iprq+SdHkQC2VEu+XDPQgZTjcNltMsX1QgLubJYjT8a5nYnrGmBaAiV/6HLDDK3ev4JQv9M=
tNIDLJfECGY4ZXjUbkV/NhPt3X6steph3pWIF7R+qga3IaFHnVPYWl2Kag5McUEkrrn6kLfsHpwHdIGV9N6hsLwsLt05MMnfuSoq9Lf4kyU=
Hgd8P86bZ6+YT86Y2v+smNOPdBWOJijGRFurWcG57pZ2jfqTgPsUgba7tvcJDswS6g2MjamjJkz3FkwL/w77FvaOmYAylNXj46x4G31xPzg=
tNIDLJfECGY4ZXjUbkV/Nmb9fkbdJNbSrEo2+T1nu2KvZPVCKCtietFZslOUMCJjgelKj/5PkHx/LLZprFLAodnFsL7Pb42LIxlURf5UqfQ=
tNIDLJfECGY4ZXjUbkV/NlA15QsacsCh8ozdxNbWDmHioiWY0ydmQ6dTDP8Lu2zs0tTvS28ebQykywJpS6JNrvcJdN0+t/Bg2Sfa9PeIiIA=
Hgd8P86bZ6+YT86Y2v+smHDJVnyihAoaSKBNRYkVckS3w7g2pOOwZVKRpVCbfueYpAS+pgerH88VmrB3xyYgp9NGoaqoPHu3H6q6tqi8qK2/0GMWZbzxWUB8umjzT7EwaoXu+VIfF3x9RzbKTDpeIutfFtEnwZzINz6iqIdaUgs=
Hgd8P86bZ6+YT86Y2v+smFjAItSXTK4N00BqrG0ZlpfyorhCvSYavVkNVPLWdvsFS5tnTeBvRnWwi3XfprrNfmcQLFWuFQ5PoBzsSVc3gy40XgZKbxN8DYgB0+2urI10Im0i1Gh1J4wzMURVbgOPqA==
Hgd8P86bZ6+YT86Y2v+smKIWHWMtCZtjnNoBX9SBOZa/WpFZxpKklKPDiEYJk7rDbo+y0lu2FmKe0TT2xb/J9fz59Ztpd2Mix/VVpmwvK1U=
Hgd8P86bZ6+YT86Y2v+smDalk1IUKI3en/GtbgA59RdpkdbvABpAgEMhcrBmzuhszIT/by4Xgwz0GBsRNfaGc60Uimh2+lnPdXZNX5IDyL788XrKev7FuYOKm7lHYg7h
Hgd8P86bZ6+YT86Y2v+smDalk1IUKI3en/GtbgA59RdJN2M+AtsQBOxXFrG37SfhqhY1fFK4f5zK9Qur2B2WYyk/8nr7bKr8pY3TRhC84iQ=
Hgd8P86bZ6+YT86Y2v+smOr+LI03TmNSmZKERxISIsVHvn7aloL/NxGy+t94Q/kVfrEoUDNHtdtm44w/gftg/KKouSixzH+StmvLCwfjW7M=
Hgd8P86bZ6+YT86Y2v+smHHn1GEKD3knCTMJRkEM20g204pZEmvpVROXoYs4jBd8a1CllBSCiUtwPS9ElfFYCX9oaKdbP5iKMxlihLolyP17f8uxwAoJ1TKySVJsDLnGBCuEYZrwurIeqEMotD6H3w==
tNIDLJfECGY4ZXjUbkV/NoEacBihCRFH4M9H1WF//WhPS4igdGPFIEt4kCiYxaFG9p9fqVYTwY5TK3WPc7koeE66Matz75ea5+DXtALh30w=
tNIDLJfECGY4ZXjUbkV/NuAh2RiUB6xWu5HExdb4LuMlrjEMnO0SyaneV8M6//ZbCduwCuYVg0ZMfogfswV92/GJWoL7ZjLxM2B26vIvEdc=
tNIDLJfECGY4ZXjUbkV/NkQSpQ/oY0Hgcvgv/AEQdc/TjaCOZYlkLhswzQ82FNiyGaFiywvm3J9qdBfw+NTZNI1epxrQekjcQeDK5l9wCJE=
tNIDLJfECGY4ZXjUbkV/Nj2EhJD6rvEvv+GdwCf7j+L35vJGWSt148ZYf3pUjgfHqmMjmF4PcLS2aKKGnyEjQ45ulBlxnqX9HPilk+PyJIQ=
Hgd8P86bZ6+YT86Y2v+smEmg6ulbLXaaukqlHPMfBfoEPvqYf7XlCEl1nGz1+4xrs4l+T8HW1H1U+Ff+MxAMlOWEWLc9/zFyAWMm022KDU0=
Hgd8P86bZ6+YT86Y2v+smCjaw9/K6odhD6P/uaE6++2oMh72Tv+lyHLa1PpfikNN+gZJJ+EPV4DvT6IPXXkZ+vC2k6lhljCNJUjOMJNJ8C1xGs6VEHYQeFkg9f4AfxUSkQKaOIGqRQQPeCs1cddGpT+bb7GC3urgE5fDIcCS484=
Hgd8P86bZ6+YT86Y2v+smC+Pw67lpF5YfNoHNsBa76cgqCzu7AyqB8FTJnTM+bPU2U5dlPB6jrLt+k4+s5LdKBvNhhWJly0ZLTLaz38OMv7Xa2HeXtLvmdSKu/9JvcGEM0J2/u6fJmHMAOSbPCWQWw==
Hgd8P86bZ6+YT86Y2v+smFK9VAo4QJh8Njcsj+kkn0ieClxelqwa+QpPdD/eTIusXewR11ZB3gc/4bgAKrggEe18M7xJHY2J0HLWjzBUFk8=
Hgd8P86bZ6+YT86Y2v+smALJiDFYJz4wcc1CxPXLLnkPqo8M4GrhKRD5+6euSRzJtZl/0CkT3h9tb+6sBizF06iQl5Mb6YBJxKctNyygo9W4oWp7mfc24sy02ZKlkyiI
Hgd8P86bZ6+YT86Y2v+smLIDxXM/7vunf/LbP8t+6w0PULamfOj+g4B4Nuqel7QX/Y5WsQAQitADn+vHkyk+dFgh4Qw+SbxZlhaPOkxVj+g=
Hgd8P86bZ6+YT86Y2v+smEW6Htulah8Kqjs9PAgNa6zXxpnnojPLJwygUljybo+ldqDKhqvy9JfEuCnchbeFZ+4WbI98emiDYn4wMPlMkxQ=
Hgd8P86bZ6+YT86Y2v+smPtORaZM3N7AxoFv8d2mZvh30br3nLfkAOWBAxUfheOFCM7XInfEFhRjgmL/P2jlH4MwsYO9GoK4UvxU0lM97BqtbuMcKOUqB9gn5NY8N/4a8U9DAdDlMXWlmxXA5DC4/g==
