GmcONIA9PFzHw1gpPLLPoqev3ytAH5KO3S/CJpMsylg=
35kyjVfwBJgytCi6KM5Vug==
FNt9orFfFSbPIXNSbXcP2Q==
gE2g7VQeqq0h5MkG44fPUw==
A4ZCFW7RnVRfEnbtNxUDb8VFIQmzxcIFLuiIjRY2q84=
cwgQW1UgxyVfBeSrdwXHsPE1eoSAri+NViVSjTYe4hg=
pYn3RyiaY4vz2unSybTHuw==
mAzeFbkWBGyzJRgEWJSZYQNn44wFaguEUnqkvHVinQw=
NiGef/LGs6v8Em6sqLz1GYGKB0111uCW/TAqgkiW0+w=
2lfNnhNY+w/3xMaMUxJbE0YFT/wvMlSDz8Vrd5FEs18=
5dwF/qjx1AFOEihYSM22jaeI2B9B6JwYWKguK+1jQHIO/ASapQpEixTQWvOF6NCofC3KvPzYX+BbVg8vMHkJmo9nObAjxR+7019dQDD4F4k=
5dwF/qjx1AFOEihYSM22jVcH3jDFKPkO69ygh2Rrg+sB0/d6VhzmMwHNrSxZOiFpbNWsk6uKDlPyqPbIO0a1lDWyRYFt7KUDab3NQzqe/aE=
Fp6qI0VUQi9gYWSnYImrjPLj08brezdYz8+0WfLmhtFxHAneTRy7Ayi3lP1vp3jh2V3fHcIccPr9K0Ic2bitELJ3qIk7GVy1MvDcISs1vtQ=
5dwF/qjx1AFOEihYSM22jc5jUqxt8VGxZn/8+nC7TlU6dTZgC9tIiv5DDRmqIZi+43LNKcB3GQhOBnDwiZuG6kCg1u4ek6yRqvO7G57TOT8=
5dwF/qjx1AFOEihYSM22jUVyLIkSuWOwjWuXdjn28gqLJcyr1Zehzc5jU7wdocj2MJJM9kJo+ccOQSGIEyDdjq5ilMs5Qo1Ziyc1b8VXELc=
Fp6qI0VUQi9gYWSnYImrjONeApJSvITKVTn+3VfjFU46ZPDMjDq2o8WF34DTwPY2biGyiG1TTvUzY2UCyGXCddMtdq758t6Eg8nl+e7nsbI+I2vkKdU5mGejX+x1YVgD0c5ZHvrmeltbpy2jx1ASvIbcI9alMMz66TehyzmkogY=
Fp6qI0VUQi9gYWSnYImrjEKhR48kAmJUxfbMvtjwabdLBAFSaVTMM2rPZtA1Vb10f3CdBkOOmTdsmF3cd++/N6BiWb5ZCOfrcwYC4UCb4be6XkSTEpFflEZx/YqbqmYac3YF3C8Jk7hb4Z67rj2+1g==
Fp6qI0VUQi9gYWSnYImrjChbjBhkJAiuqcvR5nKEPVuIHYPK33hHR4cPskMWBkDszNlqMHebtrTxcq8hnjQFpJ7bwl1+tCHYiaKWeMSjRqY=
Fp6qI0VUQi9gYWSnYImrjE9VrViZ1c+VP7+pd7aUfaC13vWNdbiwZQeZ18n4fRo72x3cT4cx/QK6qJPFQwFkzPHkXxvMFASz8og03mNWA9FSybDmMboK2D/m7b6aXQFD
Fp6qI0VUQi9gYWSnYImrjBvpiy3DS3hKZK/jGQFFyoFYIdGCsT2D7T09T7+NkyHisKzbeC1mnMLgdTLJPLianRfxP+ywaiVm66rKguXKVMU=
Fp6qI0VUQi9gYWSnYImrjDll6ZaXk1+ur96wQPFnaaa9KqulVDDAen7cPxu76R+65MqOjOMwrnsIwWIogidY+X0ANafDy04iMqPHtydVMIg=
Fp6qI0VUQi9gYWSnYImrjKO+LpEnr5tgiXiwynVSVP8qa/xYV7vZOofyxtEvdrv4XebFLHJrMYE7xQ1CfQJTYEfvSL1yB1oI45V5gQ3/JnVHPF2QYBZBzLnYAZ9IJv2KFEY7oh1cLU4xGGGdzi9aGQ==
Fp6qI0VUQi9gYWSnYImrjAQRJ9J6l7yd6Nl92SsG0CifCqQsk2ppM9uSP2RPnWFXlnNZ/HnCYixOXkVsbx+k4+wxh0wlgxmZWRMjfUXuQKowfoqKWThfZuuKlrl8v/MKStc3R+RS+mgj1nVhoMKGUQ==
Fp6qI0VUQi9gYWSnYImrjJLnpl8h+uxvOcMWu/xSdEVzsTcITmYye131cETTYOaXyER/+zBDv4NjJX573MGa03RIWTg5t9eNFrKqUWFL53F3mk25fOEz1iXCa+stW6iXjaXBfDzqh/GDOLRb6X8Ung==
Fp6qI0VUQi9gYWSnYImrjJp2CO0aH0/KvI8HLlt7+oJQzIzkPcrG2tS9YWCksAjTk1RtzKDX9G66tX7p/AYbz4Tkwu4VdLaSw/X0msECyGc=
Fp6qI0VUQi9gYWSnYImrjCyk3XVuX8FumfRKlrkPfbJZVCDS1oYZ+e26hjjygzknEjYvUajDf747fpSIbJfJu7PZu9KVPdq5aXT+VQIWZ6Y=
Fp6qI0VUQi9gYWSnYImrjEP/Klwp573u8Sko8tCXFwAbhqWfW19wnOhOG04C/B/mW3H0pDlxRg9G3jYey5X217bU8JJyTPqq6FAV5YE2X5dy+RB2qTtixNFI072t3jnlS9SySKjSKOcsrOAoBENM7PXnbnC+VgkA3B1YKzZYlavKjUuxxRWmUh3okpCZEPWkUoqbIbvwk132IOeYcyHY5gB4CQmTu6gc5L8rNvGWAho=
Fp6qI0VUQi9gYWSnYImrjANfT84CLARlR7IZ6ckvKLWilQoyKf/DJF8HPQMREFIXuKzfJcaOnnzr4SoDJoMCGxz/CN0koSxtDjvr4HhnWWU=
Fp6qI0VUQi9gYWSnYImrjF0aLhFWScYcWpGz17wWzG7UnPR8S/AOldDffl77Ll8OBln3UVuKdo4NNfZPBWFNv3pz2vZYMIQBLG7fj8DIEMU=
Fp6qI0VUQi9gYWSnYImrjNz78XHSsMpppzfxWe1QN1grWBdB2OOpDrGjSXDfOC1xogAdmtmB8E8IHg2ieWi3klvDYqHLBScKJpM2N6P880g=
Fp6qI0VUQi9gYWSnYImrjPDr84Khg0NgqFRlfFOtrMGxh/2s8WImdmZY1NMoOTqSulMbYaNpTps2BFyVO9Tlv7YCftgO28wz8vbT12P+a3U=
Fp6qI0VUQi9gYWSnYImrjG7ELvijy5oT5rIdToLb28CvBngrDRe53K37WlNRqeM1OnUUQfSo1x7FLuk9U5y+U7OIVriHuarQGy5zU7Z3Muo=
Fp6qI0VUQi9gYWSnYImrjKVdzml26OCbgOUcUFJHkAFkDsCKslt/vL1uOaDfOqYsEyFDyPJMZ7QdBmJwQIKSOJQBO6YsFeQmBmnC6mDhMnU=
Fp6qI0VUQi9gYWSnYImrjF+/OVOq7oWpQM7AUnQxU+cEXe2zHlzwMUcf8/eU66781eC4q9oARl3qJsJHu35FedV7Ce4V9vd2Fif7tPeAYX0=
Fp6qI0VUQi9gYWSnYImrjI36uv/q1FWN9/WxpFtjScjKZLKj5ASdhTY4tqpMF2YnpLO8FnDeCiwARQiug6WbpVhtKod+6AFC+388+t1QDpI=
Fp6qI0VUQi9gYWSnYImrjI36uv/q1FWN9/WxpFtjScjKZLKj5ASdhTY4tqpMF2YnuqwSq2rlRhnViq8AbTfgSHSBLiJRItr2Cymr7B9QLfM=
Fp6qI0VUQi9gYWSnYImrjI1iNaPqfcm4TtUHwHLHcN7qnj4+QEqlCbuovQZFJy99IeyjRO/QBsoNDGNwSPozFpmJ2T1OI32R+MNbwDE5QL8=
Fp6qI0VUQi9gYWSnYImrjML/qyJi4p8AfvcRn+e0F1IX5CbDBHHYKxXcErcAKslLVrP+Bo/rwXbmmIJsIypwg3M+i0HKmZkHfJ3HndC8jMhHHTXVimEZ6OmmENftnMfCiG3av9IyeovUIpCq8D7esxzMxd44PP8dZcgxCvzoLYiNjPHipmBPVKFPwXdEXqSQ7b2U0xmkPURCrjikqkxw6JnSBuobDkizkSNQ/tt+7YE=
Fp6qI0VUQi9gYWSnYImrjLQGLM/QBBW6N8KUfA/JWUmtjdw2YvnAYS4UD98U1Re+PbYDoYQ8VlsuTvTyI3ZQpLqaODUe91lJgf09R5BYcLk=
Fp6qI0VUQi9gYWSnYImrjEvu0Hz7rLgsoOFn8gQDfLecEIIS6N3wAqEa0PvL3HfLZC6DxK42PynDpFz1PI5TxQcJKKHyxhDPdAtBxojCSzo=
Fp6qI0VUQi9gYWSnYImrjOgnMAAxBxddNNZMlN4TfX6izd3zvWibBv8cMyA2Z72HvNjM/v7AKYxsb0euErhFP0fWjl4I1zx7A2KVmkLspHQ=
Fp6qI0VUQi9gYWSnYImrjO0/P0y88ZUSdDUQBzLwYdUvjc2ughOacO4/k4eBxdvnzTVWKtO1lbnFe/ug/AZKTojePMil2aOiKunRAzkFg3U=
Fp6qI0VUQi9gYWSnYImrjEFeFfswQ/EthqN4vkYyl4H70cRBoHEaafPocwqyVk+UxhrQ9Dso8ZgSlfCrjNcjFeJks8lu5C9ApZs1sbj+iYA=
Fp6qI0VUQi9gYWSnYImrjEFeFfswQ/EthqN4vkYyl4H70cRBoHEaafPocwqyVk+Ur3l2FmGxNcybWPu1y0Fn96GoteYvVhGf9ys+hpWqie5OkCGt3yQVXuy6GWAz14igadDVIlNgl0obgkfPPkdswQ==
Fp6qI0VUQi9gYWSnYImrjI1UGMxaja3B/AfWd7+0043bKfQSCXRlPdVwxwdDN78oUQlWCPF/IDVk7zNbTpPoWu+2IGHFHSDE5Z1QCwyJ23A=
Fp6qI0VUQi9gYWSnYImrjCJSzRTzl4qc9h1Igi91Uf9OYeqDcNqmOtAfI3lcoTl+Oo1P7uucSZvTRR9Ewmi/3Jc7f8VB291biNUtqd9ahcA=
Fp6qI0VUQi9gYWSnYImrjGwwgXmX4/UutBUoIKShEkCSpqCzNOmEvBI0Cbs4KBNHmW/aOw/XKXEdlrMUXbh0kGGLSn0SsyDQj1L4drzFru//+WJwb7rAHP8mwR8+njAwA8tipkOlwBCkTfbRYc9EV3WJrwZmKOeu8qi5xTu1iLUCmPmxr+HpieLdfW39ms04mO8Jael8WfE9ZDw9yXVs2Kady62o5i+P62Afrh8/4AY=
Fp6qI0VUQi9gYWSnYImrjP6jzloDHeB/AYPsHi7hlZJ8eQVCb/54exx+WdMak8oRnd/GMD9fQrKlnmgQkcwQ9TAukSu+QWxvYZLcpVPa0f8=
Fp6qI0VUQi9gYWSnYImrjNcfTAxee/Zrizy0X1rSnOhJVjjBH0neXJZmvrFHWufJmfrYll6dRgdXZwhWW74OoLGCSjyO28yusRb47wHsYy0=
Fp6qI0VUQi9gYWSnYImrjJmsNbr88rGiqsmXuowIQc8KndAxpOB5T1SI+VMCjTmnM3SW5buXPm9mlcdktCtsu2Lu+Gl5M14jZvGn/NamQQrj+Ze/8FLh5dburxgqPP54jxRXYJtFdRrPm7KXj4K/EbvuG+MGh8jos+noR4G8az97CPmMjoAOVblllE4kTO3dt8yxbvu6ky0RAH1TFgDw4zftHt2u+nvB5F3aXP2Ivw4=
Fp6qI0VUQi9gYWSnYImrjMv0aIOFf0+KeHbDAyj5tABhmHrBpDzLoAWmHSABJssHzCU1rXBj5/DJBYJAdznKwFnHqtGHuAzZxDGWXOnO/3k=
Fp6qI0VUQi9gYWSnYImrjNCADYZYJt9HDAvtP/oHCZOcQBUtiIy2hzDa7Z+LDQpRTFbUePtXDW00cqrpn5j3m7KsPpdom2Pn/gGr3K5pkVNUDCH9XN9UWw28t9W9YZqT6947umY57Ex288aPvIUfKw==
Fp6qI0VUQi9gYWSnYImrjNIVyhkmbC9lINUNEYQewPd2GmTFijI0P3rzXC7BXrwrIIvLpasZFbHntZoj8Vp+CEl+WSGWsK/mitNMltmxh8Y=
Fp6qI0VUQi9gYWSnYImrjC+IvaXZ/Ti1cvUN88jtwSasuX0l5FyjPQvPvnXwGZeu7Al9TcuHbc8xdr8pU+RT3j+gSlXvM9rSzrFsRnFFn7I=
Fp6qI0VUQi9gYWSnYImrjN3RFYNN0jc0kAxTrGHqoF26k0AFmdo8ez72NswDiDmQook3qJ2aWAzwu4jcILrTZDoWj79DJJPt/fNSzUm8VvY=
Fp6qI0VUQi9gYWSnYImrjIWA63DafCWrDaYcVleckOZLCzJSUHPEAiKJud6UwKktQbaGke5ti9en6AQyYyIdsLPw8K61zrdSoijzQzvjmDs=
Fp6qI0VUQi9gYWSnYImrjF8xIUouv0KRSqZl68n8xWOFNV8vNQsfyK/F7og1dL6ceSRgO/9vtq9QLytr68l/NzIMUf+Bvk8OxVFK+HfCSCpxT8VMBHlTTB1O1XKd+TX7RfwQY1+vq+K/rK1Tyt7hNu9AgcEm/P5NJybPYNnghA3xdKJ8R8zcFnNrRegyRUPstAouWNDuKhL/TkGwBeqxZh2JKhOdnHY0MbPufCV7ods=
Fp6qI0VUQi9gYWSnYImrjBJAStCwxqv5zQQPCzdg3AN8c4vidxbo0jDHXFYHvICOiU6oyG88DfLXH5XqP24jYp3MAK3muL0xQz3K1MWojsc=
Fp6qI0VUQi9gYWSnYImrjMnWENChN8Ad+j7XC4m9xAvD1/sR9fUUGb5AcALV+qvGAEExnC7/0wCLovc30Ku6rT059zIASCTe07NfeqpaYHc=
Fp6qI0VUQi9gYWSnYImrjMjCApIC09bHBuiC2OW1b/i6mvOPOXp7xjbIdgDEtvUH7eaipUC3kmScjOqoPzTGtSo+5YNZX1lBtN3X4DsYZI4=
Fp6qI0VUQi9gYWSnYImrjMiQglvk2HBhQab29M9c4L+hCnANok9lk0WgADrh4EFGsV8QXQR3ZGBrjtTU+wEmKV9S5hTGsrHLkSUY1x02CpY=
Fp6qI0VUQi9gYWSnYImrjFbZ+L+mCVTXXrkciTuaWmNvd9ctNasI3+6QJBT1jdivGxB8wKPbzxiF/YZWuelPTtCgs8wRtHm3AUaKsmRsKso=
Fp6qI0VUQi9gYWSnYImrjFbZ+L+mCVTXXrkciTuaWmNvd9ctNasI3+6QJBT1jdivhinjvGv0irNmsv1XaWoRaq11YXiBDRIjX2fViaq0r4Y=
Fp6qI0VUQi9gYWSnYImrjJOK7O3tqNKKqdDmHZslPLE6gPmW8w2glxPquzwvn/EwwytRMJKMGaKQGItoqIG7CNaPcpL78nAODvG8j6PP7uslSjOwGjeUygbdpcaVTdXx7lrhQxRgCT5cAS+Q4YCGqNOupfT0zoMQ16wAcHHS5NxVlAwtJ+8eNrApRNwlvoBMCrSwy7vB1YipJm5hYNoQqbixbAAiZ7DLYxsGm3eTuQM=
Fp6qI0VUQi9gYWSnYImrjAEqywazKXtmoFYYXPDw4ebuFvAAcAsAWwNEVXS6BEQmDS/o1Mso8MVSSFdYmuWUYKCdlRRKrpD9oUut8IBXGMw=
Fp6qI0VUQi9gYWSnYImrjEyw2FqsrJobGyEQtt2Rabe8sa7LfTvERC5HXE0aQATFLjAsqzc/XMG46PBlJ9DKyJ/3Yf8yCXQjVYVMXQLYWnY=
Fp6qI0VUQi9gYWSnYImrjOx3vGUe98SrpesbweUMGgO6wxIyn/3e1AkM+H5K7tw2e6h7hKcsBXD7lwLPGS//qSnonMWZPlGbq/Nr9+X19DI=
Fp6qI0VUQi9gYWSnYImrjCgFjx/1CiaGavDnOFnzUfub6XAOkdgawwHfvx6irnL8pNFrn8fK3Hw51QF0DBagksYdxNY/rACJidtCyjBInG0=
Fp6qI0VUQi9gYWSnYImrjJ95FyOCw1DkQ+rLEcmKNmulrjiGRxVwljksYwakwhJ3X2nago+kDZZCztb9piTJT/+Nsm4aC2Xy/Zm1hHCxhc8=
Fp6qI0VUQi9gYWSnYImrjFeWRaB+0Dw1jtJGqSVFFd16tdf4VN3vBY/yGfpUll4Ej3ETSBjvkotMIEjJsp5Umgs7E8PgJqPwnkrEZGRNxxQ=
Fp6qI0VUQi9gYWSnYImrjIxoYpCZIIqf4QLFmrFAfEy59TAdiulQbO3269dN/5fTLSu6ZzOgN190YZVVR29GsFePJirtqI+wB285dAO8x8M=
Fp6qI0VUQi9gYWSnYImrjKuSFWt9MFnREL67qNP2KDjKTMe5dB9oMvVerDPbbej0rTY/XchyUcsmUalGCGeyAZL+1t6DDwMHVwj4knQmlQ4=
Fp6qI0VUQi9gYWSnYImrjIr5u21PU0b+o9f+kYSF33uSAoFHvh2nZRi9iqXFYxSdfQKXeBk0X+alzTDSIhFtAvqeB1mrqkhHGE4ImuoyzP8=
Fp6qI0VUQi9gYWSnYImrjK8cvQbloJCRTxXmEALj2ZWz4FQILI8UyJV9F6cUWt+sj/NBMc/mVn8GcHycAgCsFoFhN1jOcsMatSJ3mEci5RnRaxzbr4Oo7lef7Q8+KYIAXh6R/nkvjuOAiQKIhCVlW6sIHDHpsUzTk5jaWo42hPpa2Frwursbw+jkIg+mKU54pwzWm+74GzcCS0MDlasV402kTJEu8UU1n7hFgw2PqlE=
Fp6qI0VUQi9gYWSnYImrjHGZjpeZMMO/xXkbwzlTLoI0pUz6QbCjmXLvCZddIL06DxyyrD91YXsE5fZx1FZPqp3ANT1qY51488tx8FEJvXE=
Fp6qI0VUQi9gYWSnYImrjCBRKiir0hJu2asdHzuzYG50DoFk4EBT/gDmpABMqzAwqQd6DDen+oQqNIYCZulHQGhW3sgMckEz8BkbkMasliM=
Fp6qI0VUQi9gYWSnYImrjOQmaxWIw1vO9etp1IpndFIIZr+eINl/hZceqCE+k4xtOklF9nwtGU5WoHVPHLTPMf08iDZFM+lwrsFOKHPvPyw=
Fp6qI0VUQi9gYWSnYImrjHUbp30Rei2KVppVwTNp83zxzQYE6dyDAfIW0+v+NrSolIa1QAI5Kf5GYvs4DaeMC4TEn1zrj8zHNwa2ZnB7rgY=
Fp6qI0VUQi9gYWSnYImrjCodB0T4KHTn2XKpKlXL1OGSOejWdjeyRaMI58EPk1V6TAtdRdOM3+lgJgE3l7tNoTLV2Jy2pbCDXvO0sQf/+xg=
Fp6qI0VUQi9gYWSnYImrjJqpplmSCPp5A2z9upnrNn/m+q9PJvkr2/cz0A8bnX5t3WnNozUobPDlRdkiy0P80K5GPNFB5oiAxMzLdq4kYh0sX4ESwUTjuyQteeTcL7Y4/E+5fyoaCowWJGTgfODgM7SVe+XoQPBsrM6qd6wD7hzuW3Kfsi1AuJmkO9Cwm9ery6CYIFYfVxhSIERmf/paaPAnSn0aA0IoDgcPiGO0CMk=
Fp6qI0VUQi9gYWSnYImrjJfu5PiplCOSup9E2SMgXFk6Bt4tBNlsVLZI7UL5gEfiJHIZv0KlAExSrgAJX7L19Fjpcwhup3f8qUgs1aED8j4=
Fp6qI0VUQi9gYWSnYImrjFNn41MIzNZ8vnqc+JGqOohcMa7oRiXWNfe/Pwb0Gu+ynlJdwp/wWRTlBMAacXQDMjQkGyM1RJi+kyHbzbd58Xk=
Fp6qI0VUQi9gYWSnYImrjFJHcQrc1aMkFHlTQpWBpPAIwT//Jhh6Nrb21yie6S4fALqUsOm3kMh76KQtb6zcJ7xs6Xh++zaXeUFF/mlo4Is=
Fp6qI0VUQi9gYWSnYImrjOpsBZNPLizpWuFAhGCUVuHt3h1n/KDadCmyjULPucdQKEwYyv7g8UVBiKPNe9sUHmmv+A8uIEvw/Mc/lol1+8c=
Fp6qI0VUQi9gYWSnYImrjDaeavMSXiWuUVzZDvE0yczkD6pp8MBswyMjOXr+mUgwvv3iLcq38z7WZHJKy9AJ0OP7wuOK/wnWScoNF88pHv4=
Fp6qI0VUQi9gYWSnYImrjDaeavMSXiWuUVzZDvE0yczkD6pp8MBswyMjOXr+mUgwh48Bwq6r3aogd2vO0N9U6dzsJzaYzolvK6UYL+ctE/0UVBwzZz/2dzTLAwKfU4KPFptrmvj4Cwq66FFUd+AZog==
Fp6qI0VUQi9gYWSnYImrjPOlqmu34axMAkmILCkuCyQqg5SdmGrKtqOQq/ovvtoa7ihqEAUY3SIoOJQv/wtHTnBfeHapd06hOoq9GPc9IzI=
Fp6qI0VUQi9gYWSnYImrjPOlqmu34axMAkmILCkuCyQqg5SdmGrKtqOQq/ovvtoaaz7kxQko1+7T5CYCvqsqvtlNz1KS25hqbuQE3mCpKdw=
Fp6qI0VUQi9gYWSnYImrjFG0Oy16kZzNETX7uYQ0uK+p3jZMz+AwSU9QLEHXcyR1WrX2bGpe5W64LXKx/bL54nF8xgSWeLrRiODIpLPXC8w=
Fp6qI0VUQi9gYWSnYImrjF7mwgQzjIu1OGeZwH7ZbWLoPNtm46zF+wJN2qk7nDx00EEu5wMM8VX2RkHmE20l1bNx9wDynIU20W/Ot5HNyJ7aC1Jf1+eNCcv6fn5zmgnmyOZdAwPhEART4LdilSMOxMjqKoriQKcPwUi9Dfcgm89cb7qa08NfcLhNssRgwtR0GqB7ZgYJtwpZlJuLjC96itJ9PICSfaypVMAMpYX6ce8=
Fp6qI0VUQi9gYWSnYImrjCe4pmHxQCyEjfSFonLZgSkRJk10aFTZFGRoU7OSiivES2DZSn/Ph7Tx3ZXLK0haBtZLEJGr4/4VPA/eOHkID5w=
Fp6qI0VUQi9gYWSnYImrjCe4pmHxQCyEjfSFonLZgSkRJk10aFTZFGRoU7OSiivEHKnpR0D6tDS9o/GD/2ZAraKi4qkrnLG90Zjnu+J3dg0=
Fp6qI0VUQi9gYWSnYImrjJwpTEFIpySQNNqP2F3F+2sVFZy6rrLsKNbR5g50ShgFHA8IjM3mwWZhscIvX2qG6KRKVyuiUK0HXLk5CvmqkVE=
Fp6qI0VUQi9gYWSnYImrjAAYwktKUmoHurbTbwRVpnB0Q8fMEmjUS2CM5Cdr5MI/NSSiDnNbjvMp3E0xBt+Af3aQ11ybU+WTOxrVBrgKnfo=
Fp6qI0VUQi9gYWSnYImrjP1BBIz+gFE6IE0hlFFmdZOaYvSTzRt8g7W1stz1Pl4Be7ISKwCInOQRhsdbIY6id8DYDhlPGotmC73LbjA/LqSZZwBhXgwATwtZtOP90UrFuYDAhALug7vMClIzsxwac2Mfpe5Bi7ko9nHsmk+XVg/X9lnqIFhY0pqQSMKrhoK1ckN5D2mwD8bZvP+uSfCOHlhOX6hUxgPBlFIISRehQsU=
Fp6qI0VUQi9gYWSnYImrjLq9OwhaszQb6HvUHlV7Ep6X1/QOYmnrtArLZHRpH1swnPJtVGxrtqtfFW6MT1ogHCF2zMno7ogFqGNMVvOPFIASiJWuThwm0VEuyWxdiXTt88mfzuZImjX+41GnazIQiHisYOZTcsNYPZrHjGBdUGBwxVAo/m5tmzPpJNHufVShgNtJX5Zi+WD3ANS1o+wtyVoxUKlENd4xOVLXC6OJEmo=
Fp6qI0VUQi9gYWSnYImrjNXA/a1W0x95zmPIuydHDsjtGvBLhqPRcb1844URHFGHlmZdfLq+eQNdcNJTzoa3RMG+vpIbjk4mTtr6GzmPtGGMFYW0tenlxjyMA3jJChIaBgkwnmVSRe6b6yb4TmuGgFZ3TaEwjqz+gYRTG2Uis//aV0NI9GdTWIhi2WOaaOTk9Rjj6ddh3K9PCZ5ZPwZxgHd2bNL8mZfwdU7Qre0Hy+g=
Fp6qI0VUQi9gYWSnYImrjPLe5H4oLXj96HBV+k6LCb5mdWUvXu6Vt88DPMhG8UNf7XXY/ql98R0aqs1SUVnRUueLm2xQrcIOxsqE8oqgwa75A6SUYx0xBYXdQxkwR5mqZ5v73o46FnwlMpcZpmqnsdV3Xc8/OIOgrmiHZVTFBAqfm1CUu331pn3YEjfDKw0V4QeVNRq/KAP+lo7NuSkaeRrPvGEj7ZdIuWTuv1tGkFo=
Fp6qI0VUQi9gYWSnYImrjPeLUc5Mg/yMMNGmQpa9AgkPE0mvPAGrv7u7s+KoAXDiw+9rtg2OOew+7gWXJKuaiOwSPkMJ4sbAyF5sf4uKxUw=
Fp6qI0VUQi9gYWSnYImrjPeLUc5Mg/yMMNGmQpa9AgkPE0mvPAGrv7u7s+KoAXDibb6kdp18Vrdgvy25D9eZnKmWxAN2ttzVL4kx9VGIl0c=
Fp6qI0VUQi9gYWSnYImrjJEtPcP+65a8+atJo8zHxX5Ux6zO8Vuzhw81ZQ+Lq1oBypAxUVgp3kymcYWZbru/c8LJ9kaQF4AmFFuDKRpGygs=
Fp6qI0VUQi9gYWSnYImrjOpiqdfRuZ/EOHGX69uJjHjWHUNptsKTPS7+oILhXh3z3PTauccqJjsXwItRPwO0NXC4r3gnLqyFEOIy2Lb4vFxbbR4/ioOunBwS/OgUtEmHtmyO2fVtiImCnO/edgl/NQ==
Fp6qI0VUQi9gYWSnYImrjFfmyTJJTs9xN8v6gnhLs2UzY0mCvonls/rIi0Bg9qXnTBtaG+5C+FDhw+h9WZQWFQvMLFvJNRRWfLNCLcrU0Ik=
Fp6qI0VUQi9gYWSnYImrjLhDjQ0RgjdpSUlTMm3UBECSRLJlIpUfYLHTU9E3mGoGFKKeOimiClu3ue0ite+Rj2wOHJ2It2Tmqv+A7rmOcfw=
Fp6qI0VUQi9gYWSnYImrjAANMQS7ldj3UcQkW7SgLDD3+eELSDEfGAhLftA2To2zkxV2aplXdLccz9fQAhHZVFswkN/trCg8mkt95V0kG0w=
Fp6qI0VUQi9gYWSnYImrjIhfKPy9rwuILRvlm5h6kr2p0Jiywy1GkX+cbD6nN5NfpnTyNh2M7SmU0NGDU0p9wG15Y54RULs1XUqVQqBGtCjXVtp0xDIzQVuLeEXeIuI09ptdWFFei5CRg0Qa48jtkE92SlnOpGheU5ccby63wemBTvGn1zbwOHT5+SfLVkWStx4tVXwOerI1KKcZsp9Ded3oKhfQoI4u2uoZzBtleOE=
Fp6qI0VUQi9gYWSnYImrjL9aWWwQyWbpdZvOaVSJRVSyZlTzJlI2F/Y4yeWvmfM4j9WJlRdx+wzyOSGtqKfMkZQPzx6PEjteAuIf1wE9Jgc=
Fp6qI0VUQi9gYWSnYImrjEbgDj1nBEDEJpjLSjf5FacSqxcEN1dD5UvDItJ4e7n8OwJiMaqF6ia4NNs66lQTgJOGLZw9GNIBloIsdROqyr4=
Fp6qI0VUQi9gYWSnYImrjJ3MQAcoOUW5ckfJ15NAQ89PYzThK0AdhbIZayjaCPRXOazZwOuEag2Aw611cyGs6ZBUOlqIZVV1njFLShFbSAk=
Fp6qI0VUQi9gYWSnYImrjNANbzzSyoTnRSApf82BxiluS6DPCQFUsVFugUoaQH6qJnxphxNYqkFbLDoeDO3fvwIdMpJ0ObVHCDIFemkw6UU=
Fp6qI0VUQi9gYWSnYImrjEqxk0FkRPbpYLSAhxvXCi/PeoiR0X1cAp4713JMcWjzhUL3XtIZVn5pPnKoePvtmjhgfz8TGDu5iPpDKdvBzWQc1FgASenOxwRTucl5+1BJWE9nZofr1FuCD+2FBjeB0qHoRQXeZuOp8pmmSw3/xXeMGh9XXs5fbMZv/2UhufQYRVf0mUUTsTKc4Mnc9jRhCUBOFh8q/QJtH76nt+BF51g=
Fp6qI0VUQi9gYWSnYImrjGvw2uI3b8Ixg7v5hpwVGlmpBT0FSghRYtp1IljWbTJ2F9Lz5q+5gkFP6wCvfIARIJJl4HbaKLKJchzl6zrBJ8I=
Fp6qI0VUQi9gYWSnYImrjE3EoIXbByqXmuV9qqPzBiYuClzLbCxpDJvHG7mPVqYE4K+MX0odxJLmy1cj3HYUoAwBGy8g9snK7BGqaJ0WJy7jDWzJOIlRMVfO6PvhYWOcdkmfeCJQbAYbDEG99o78OcypUAtJK45gRowDLWgW10CljFJWk6Gn+p/2XRGieGSoaBfYB4YdQA1V85nKFYST3VgZn20HLfgqgQ7OhahNLVw=
Fp6qI0VUQi9gYWSnYImrjDlr5+M85CuqO1YqWhgTrwLMF+pbJy93tdAZHP+qMcToi4gbnkq3QVSUJHIlvhzezYnsX2J+g3cUcNQc5Jt7DNs=
Fp6qI0VUQi9gYWSnYImrjHgm/+nEIIEgwB6e1DkXaEIH1vgiisP+eJuqcNmthsi5hddaNm7Ew+YXtMdideRbcs84Y7XNipjVl/kpyy5cllX445uxgtVwXaJ+RM0aYS7x9WDFBSxFIsdgo/gm4aV2zA==
Fp6qI0VUQi9gYWSnYImrjDCUXw7r4PUI81+SRjU9QAHm3fM10sey750djN45CLS0ySXmqMXlrSIypOsm7m608S22pThvaFEN0jI5SYxz1Gw=
Fp6qI0VUQi9gYWSnYImrjDCUXw7r4PUI81+SRjU9QAHm3fM10sey750djN45CLS0Hanpoo8mS3/6SXjp5SExDcgXiO0/WCFBzSERb0j9AgE=
Fp6qI0VUQi9gYWSnYImrjKCB7g2od6G9cU+X8yNssbN4rpMOPN0JIyHExY/pJPFNPJ+7RAz4PNVOS5QZ7iMjDWFNQvNMQbThGqgJIl6i9xeqeiHrkeck0VqerdGApUU3vrEaAG7uIoKC6MPukiTCNv00EC3UBH8P3DxRnwu0Y3cHlM/CKpYRX9Nc3dHxa1r8J5Ik7KZngs6DCPIs6GKKDn1Fl8CHGKX1cpFfpIOLxuw=
Fp6qI0VUQi9gYWSnYImrjA3xgQTvNhh66AZCDJL+NJMWLoTISoytj4KiZG1+PLb6LZEk8YE5B9734mYp5382revq53MH1uzg9VjXqCte8pw=
Fp6qI0VUQi9gYWSnYImrjG0a980UZIVGnEvhvGH3soBE8gmG5W8nIy1Ftu39NJjoH6dgH3KTitbbcD7QCVh0h1l2Cv4NLb0TgMdRa5V536r0aJStiS/IT471pMCF4jYqgjndBVNE5/Uhe+RfXq//WA==
Fp6qI0VUQi9gYWSnYImrjG6hqxjl798Ix34DCGTi6PEpI85MA2nmNU7avr6Qe26K6XUc9s39+4tVlW8Hb/EjyJ1u7/o7unrvTAUgjui7aQ8=
Fp6qI0VUQi9gYWSnYImrjG6hqxjl798Ix34DCGTi6PEpI85MA2nmNU7avr6Qe26Kigr+hRBRVxY1q6bAFjMiGu53RGi40UqG3ORsqcKLTr4=
Fp6qI0VUQi9gYWSnYImrjDZTOibJHuX5sJAF9ChCOl8vi3omTS+HeUlgZdBmk4lxRvHkcv7hDiSzbDpe/BHiDrVzyAdEnC8cD0LVTSKfbix4PuTaTpi6fnpPihlITi+WeK7ZxD9fOv5VG7awNq8mRhcMFtrxm8aAbHt9lFGFO6b9+oGD/U7rU/2BG4UE+9cwpmhY9y//5tlAlYKeAfS2cRXa7fAUimSSK4PxQbMtos0=
Fp6qI0VUQi9gYWSnYImrjI3kbK9Dv7xAeMwuOSWEWG3//vRt/73bDjElg5DMvEi1yDv8iGd0MSPwsePN5k5/mppKb0NCpzHsUzenikyE8Vs=
Fp6qI0VUQi9gYWSnYImrjI3kbK9Dv7xAeMwuOSWEWG3//vRt/73bDjElg5DMvEi1j5tD75IcDLqc4wXY7oWRDKiSyJtkLP2YJVdLY2NoGcAfvrB2Ouz3CobnQ4mJDtS9AoJ3OaDUdLtr8V+8njJD5A==
Fp6qI0VUQi9gYWSnYImrjF5IW0SA72nnMGcbZyg22UBx9vmyJuy/X1jZZhULPSGoOyyD8jTOipdBubmDHkKBxnv28HWKi7JEf5JMTTopV68=
Fp6qI0VUQi9gYWSnYImrjF5IW0SA72nnMGcbZyg22UBx9vmyJuy/X1jZZhULPSGoXQLxqzjjkqfsbgZCaDc3IDE5Nd4MQ4TIGb5jKdRbpVo=
Fp6qI0VUQi9gYWSnYImrjL2verYz9DTDxdScxdXY3Fz8obkZLgjAQD1fGVYgCjlOK0bD331vQH0ltCyDRH01hUy3969BW8zF4W+zjJumxgQ=
Fp6qI0VUQi9gYWSnYImrjDzLVd52JxeOvjxrt8nSzrn53JCI1H9i6OU28BmQrq7cT+nO2cQjA5jXFqtBcZ4HnS05/CeJKc97liaSQTnulCFOtnd5sDkbQzbQjlhs+C1pdRZVbrhHDcnyGs+BnZGBPmyaXJyPbqPkw1GAOyoB5wwfHfAg0wd5G+7HwXgsOoVWxhTvsrmFNYq3FqmIhV0cnI0atN4fEJVtFyUZT/5szCQ=
Fp6qI0VUQi9gYWSnYImrjPduNcJPOkpz9RIxu2cQUJaT2QXGvjP8SkQvjzrsKTKirANqUPHWt8xpjIxb4iIlosYdyP7y5X6brRr4PViuDDg=
Fp6qI0VUQi9gYWSnYImrjDWsnt8cuC2pydp6aF7pxZ55IAd/FNUa4QsAJjdjSf2TRO0KSmx/SlQL9dFWsIIPPRpnlALei6A/mSexPFQcUaW5PO+iuXJ+q3Ch2kWJ6CDVc9NB8kCMWF02+bFByyJI3pq1qMl3C35j7BF7XShzlp8sciaNUr3rsV4imC9Mj+8PZtviuUeHDl3fye9HMjn41cnn5vKNqJDLyziK8+A/mGQ=
Fp6qI0VUQi9gYWSnYImrjG361yZ6fRY7IVlf+h+noopXgY2bCwUTmwhLpTbzlZZsM8vFMvLaZOt3He4ipG6BdbsCEl4BzDsFaKK7haIhRxo=
Fp6qI0VUQi9gYWSnYImrjN5xdJO0FZT2EwYMfSWcuMW9q9XTdrHWgl33nXYliQ9zZ3th62MVBmownKfTKJz9I0MFC0F6E3gZak2z/begvro=
Fp6qI0VUQi9gYWSnYImrjG9J3AP/KFj261IHV3bkP65j4vVR2Bb1HQ47PdVDMDmWXBSPlhfa8PVLrwQNp3QMJCy85Bp+iP77FJEN+p3eatQ=
Fp6qI0VUQi9gYWSnYImrjHCMGTHJP6p964ewaBiZXw5UQMVF4r71QP/1S+3RBphqMK5/VWbEjacUxH4ss3cU785S/Pm2+HwxMV+QHN3BQAfuIWzYgGQgE8IOs6PIHGuQj54hsonBnh9pRGp4JjPHSQ==
Fp6qI0VUQi9gYWSnYImrjHBtozapXqUfcdMuREo7CI3oTIBfAo0oC1rvKYLrPLWNC1KeU1J5ZUFM8uHbeBf1jNmdf2lXPTF+KYkNYK7+fZ8=
Fp6qI0VUQi9gYWSnYImrjHBtozapXqUfcdMuREo7CI3oTIBfAo0oC1rvKYLrPLWNm+0TrDYIikzn2NKMXEc6PhEemAwuUbGzmnrKHlpxCnc=
Fp6qI0VUQi9gYWSnYImrjGg7e75N0TpfKay6ScqNdy8jzM7mSWy2lv2x977Zp4COPsiuuW1UZXppLrzrilLOzxWyoiucys1bZfOPi8mX8tCOrQ7imCHOkmmcNtBY7YGmi7IZAORcfDdMEYae3jo6wGRmfHJhbUtrl45rrDAU8Bg0muxHsnCRrymXL3KhDS26JWsxuUy2z5GOI9wGK+k4XkYqztmtWSSNcJuK6LE1Hkk=
Fp6qI0VUQi9gYWSnYImrjITfS7wC99aUsRyziTyLIp35VtX3hHgUIVlibxn4zLh8eLd3duItfJ8xUOc8WJsPDqGciYt8WrvH+bYj4hkX+EU=
Fp6qI0VUQi9gYWSnYImrjBf/G5FeRkjVUDo8TWCF6K6e6BV/nUnywLroEk86TFhj2Q9l94og3tRFy+U7JmTEMzVhHYRVNeTko/okNI1h+tM=
Fp6qI0VUQi9gYWSnYImrjDK6/n9aoG5aC5FcaeMuk2aJf9zIX7KlHlHBxj9Lr2JxMVXBmmxvo411cg1Bi2OqvNIpm47awCqpADvtR9rwj48=
Fp6qI0VUQi9gYWSnYImrjNK+CASbx4xtofu4RvwQHvtmyy3l0mbWVLMZnbcIpZMmm9XNNnQMf2zrUkLzuwySJq52+hKsdATFmryM1CPBU34=
Fp6qI0VUQi9gYWSnYImrjNK+CASbx4xtofu4RvwQHvtmyy3l0mbWVLMZnbcIpZMmy9CYrBdlaGJB9gSptGk0FAnCeoESoRnT7Idk7rUF6u8=
Fp6qI0VUQi9gYWSnYImrjFlKe7cWnQHKZ4VcZTrsaHKAiGvWjSHqr8pLVz8WyK/Qc92OmIILWe1yT3WMOm3t/kwWvPSKlYY6eQn9nnfRsjE=
Fp6qI0VUQi9gYWSnYImrjK/vAuKjztyf6QW+boVAdo2jqyD3ux+L9bWroF0v7uIRFMfDH7HfZqWUr62tvp6tfZTzVjwmrFPzI+l397OLx7U=
Fp6qI0VUQi9gYWSnYImrjLQGEPALG7mEGGG3E1Xg6MOK+i6B1kxKF8/PcggTudwPDTqexJhM1AZL+VdSwssxQHptda96vGXmTrJLRylPpzsD7Xo7ZtXtS7Xqpf6NJsLFBMcxoilugJXL5qKuMlDSZ/lrFpP/RJhQZbISm83BsIBHidMlhwONPRV5AFLcaS4kSQeQeCKj0gOhl4RNRLCFdawFVJZ2tD3SlWL9nCqrDbI=
Fp6qI0VUQi9gYWSnYImrjATgw1I828KW+woSVabMIIDDvrLUSGCU6bOwZzf/J5AT8q3/Z/RXVWIxpldh99FJaRlmY9HRn+qzzyPzVP/rQ7k=
Fp6qI0VUQi9gYWSnYImrjOIXnzxjp1dzDdHM5MVTGe3q/WQvXQpmnDI0gXsRT0AsjCr80CkXu/dxwMqe26KZaw7ir2DgS0OgM1m46JzDTp8=
Fp6qI0VUQi9gYWSnYImrjA8ruE17ly97ZWC0O1E7p5GU+xtV2xDWqjr80x6JO4cwSlw10APifdmFTJNavAMyE12r7wlma3iwoXPgzqDHmuY=
Fp6qI0VUQi9gYWSnYImrjM/vMUmeXjCzSVxFWqOOCG2i8HVfHzs9CBI2XmrE+jT7QOSiGNgP80suyb6nfgIcxi3S0Xtyc97/vm+KM8z8ch0=
Fp6qI0VUQi9gYWSnYImrjKsYZ+92wS0W4azeNRCfAVZC4jhdXOipLJtaSpF/8Oc7VNjF1w91akRUlc7fHTw+jM6GRmSJ7n15flvnX++JUY/oWa8BW6ZkWfRZKiaj8rCsVt7T0UpoNNvz1X8tEamHYdnPSFBjfxO5Fvme0sm0/WYMNIBWf5eL5YaWSWCr+PVkZOHjWJXr9MiKV70P+TkHxXu1CV3zvsAHJeHKRRoCWyQ=
Fp6qI0VUQi9gYWSnYImrjCCxI0omAeHHpNPpc6gtHuNP/n6hAutBEe6EBho4qfqG4N/OTWqmrzmzeYIQgdh7cqNxaPQgTbT76MqGjlq2bO8=
Fp6qI0VUQi9gYWSnYImrjCZHsafVQMkl5qnrtdf2s8QLnGHSWDxVKckn+VQu0l69xVTC7bketIC7cZ1ie4Bqf17SL68pzTypvMGQ58u/kpi3wSiAnfPh/mz4oni5YUYP5wrSoNTRyLWsA7dvp9KCHWOo/NycB3NszoCOpI5l79Mq697q0ucFS4ypP9yWin7VGYMRckIjbG8TFqI+v3o6RW/MRno9GLr9wzaRvmKdKTE=
Fp6qI0VUQi9gYWSnYImrjNuMKC2/mLh3gqq/RXsSwlHMtg7PRTVBbxzmlRBH7ufgiu7UhI78h4ABgTq0kOHSJuE61Q2NTca1zsSAwu3a0HFq1zuUAFwLBdx5hyCz9UluEeHJ17XqRTO3aIfjJobUCQVlxQhnM9xaCBRtTmqCwlEppmhSGwnQ0cNqiyVs5zXlKIv4UWSb0h75FVzDARrTnNGtxGQkbmx+j62P8/hIsss=
Fp6qI0VUQi9gYWSnYImrjDHAMElFdyAPcsotAQc9xTXlOVPUDckpo4Tva5MK84E5BuI5z2lD3LsMg1QGapoa8hZus6M8He2YJA2+0z5WTX3XfMN407moMPAoWkuE60gN6WSNHLxZKWvgwiAhfGhJx+NsZ4/G7Wfqfb6Ush9O5lbEhtkzJ6mKCJUW5pzA8VwyDz2V3t3486UZS8cesuwfKgKk5cIbobRi9Z4xqbSOl3A=
Fp6qI0VUQi9gYWSnYImrjEx7s3Rlpju8D/TVUrddBdmPjobsYsDkIj4zqwG6yEwkyRp0/4jielVMuXvMXu/nZbZsW0BdklP4fuM+zQTpJxNjU3xJIBmqqGh1SupJmM2V/IQcJj/pmqXfprPf8sGKW8tchShbYs5IEgMV/ofyXvCcWHteHzk0peRIESVxKucLCKUU1k0GT4I0cmWmj/4Q4WGWCR1Gwk3jJPnTz6dq0cw=
Fp6qI0VUQi9gYWSnYImrjPt+t2bLBRVSvv92f44+rKTam+SgmC/k3s0FmX9TJsSL4A96QfdAL8yK8rUc9vt3sWiWdT60TKMCkgkEc3jeAeM=
Fp6qI0VUQi9gYWSnYImrjOa8Cgcutq1jqGqBksuu7hVlsCrAvNEuTm6e73WHbaoLfnoLPw108mjShk3+FeUlkIK673Eni0kHnH0CITSOzCfe1Ref5V9a14IIFeSi4rHhwQ4Xo91mFTqWqsISPOUseK0mIN4xREFGVCsMP9nqw5nCmfqtRsJRSkycv2+nAaAaLvMLegl1DQxPmyJKDc77eIOP6B1cV5JD+TsMcJnXu/M=
Fp6qI0VUQi9gYWSnYImrjMzjYMV2M0keTUA1bxAYRob6zRoLQt2yKkvSA3z8S3Gvi+EqfDkltczIE3UiHvAiH9sq5ssc9cCOcQS85FB+eaQ=
Fp6qI0VUQi9gYWSnYImrjLJ3mXKVf1i3kqeLBk2wA+g6d6a1GfI1EvdBZkRzCq4YnoM4Ka9EcbgvlYwYSdJrSOO7gZ8Ig5CA99Qt/kkZAOgUbDXIZN9EkctNP/WlczMrBzToAHEBRrSxI1iOYINhvw==
Fp6qI0VUQi9gYWSnYImrjKdhPQiEc6r76q6FipxEJ+WkxjD4J9+hSu40uf79EQYWDf0lzHiRMLrWsFMQUnR4kRgiogIupIODK236MAe+2qY=
Fp6qI0VUQi9gYWSnYImrjKdhPQiEc6r76q6FipxEJ+WkxjD4J9+hSu40uf79EQYWkshGfEqm1KY+1det7HbGN5+Lm+3OBU6JUTUQMQd394E=
Fp6qI0VUQi9gYWSnYImrjO8ZeHFbJjh5oFbkmALXBhAwjhGkUyeO+d/A2oN+ot9gcx9+hmMgXmd6QK36EEiryfSSAkIihTaXYnfZ6opQcL3s4PuicPTH7OYsb89c5jvazl5dG/EZLa6AGRxLSSz9ARqs1QzG34jXGY/iSmtkXzdaib4u3Mf0cR8bV6/fnd0wSX0LIi92mu3ZMyoInfhBpLfXGr+uWxt/kCGtcxNaoKA=
Fp6qI0VUQi9gYWSnYImrjNHDiUiMdtlz4uezR3JmgIrEMinjGXyzM1k3OUCFqN5EZIppLpYBEtQJ1DGaZN/E14oDwPmu8Is1zD1apMUBbxM=
Fp6qI0VUQi9gYWSnYImrjNIxEUJieE0p9/W3Ph0nDNUj3Xvt/S+mzyvFCDESwE6e7WtQhhPt6QnZWRw/xKyXi0f/5+nT77yAeYAMLJJLhCw=
Fp6qI0VUQi9gYWSnYImrjL6NXDlhFEuT6BDlsOc1pYL5qGVUtfQ54Tuj0KG/OL2J/Ajm6uNibyyh07GkZemMOJW7eC2Sx9DzMLm0wJAmmfBPx3okY16hs3HiRwUXOXdzlvy+vHz1wwyk7hjBP8ZPw2DpzkFnNguv/7K3SPAre9WKxlhQLr3WCH4/Bq/UxO9VO54b8gQ+xEcHxljTlbZk4qwQBqjGnyCBUXoDOXZdOiQ=
Fp6qI0VUQi9gYWSnYImrjDGBGydLn1A0HdcS/7aSYjSIvVJz3zY/rwF78elBkQi95OvCJZv5BIjnilhxoBBr9ETRl3KD+lxf3jdR0/H3Byo=
Fp6qI0VUQi9gYWSnYImrjAAqVd6QKZePMYJZ8Vupp+QHBVDO38bccU4eAsP1N5mXRYv4zf/wwhWCbtz89ct68MftMuR0mr/K6CZ96qQ/lJk=
Fp6qI0VUQi9gYWSnYImrjDx66Wl9BzHY4DUHjMY/vD7VVzJ+a4z2+68FQ45upM8/AqIqIaG2k7hS4p7A27IvaNugf4m5XuTXxAO+pds4CANRUZke81q8ox9vBFbKibUOduRJ9zpJXQG3jqvq+ld+mYzIW7MtofJ/QbkEElxqbgEchQOqTOf40GfTLYDGtOOVIXncrCiKdnXvIRz14ZPt8opZjNJw7yaqO96l62kH5Nc=
Fp6qI0VUQi9gYWSnYImrjKoBzt8XvdDPUIADpVSJyiu0LPTO5FH7TSUHn71cBUnnPxLi5Xtsjz6plW5TldtGyOl9aSJpax05f2mZNTYdXc0=
Fp6qI0VUQi9gYWSnYImrjPy4+edaMBxSfotugdW9sCDN0dQRO4FCUpdvPBqmxLXY8Tcb7G82zGSqOhxisdDNql2hItI7VDrWkKJ6K4BAGkQ=
Fp6qI0VUQi9gYWSnYImrjCgHYS0iCtk5vumFeiGKBoDg3QOZ1U3cvIR1qp2GAmya63arhkRpY2UxSiCCPf9aYQECEjReq85P0sDViVm2TcE=
Fp6qI0VUQi9gYWSnYImrjDrhRxsyetCWsXTC2EbFwo4sDQYlESNM+e0bK+aTqlZWrnZR2nTe7R1Lb8FdfnZcTdgBjRZEvO+hMaIll2NXnnOFULKoZcc6f0x5b45p2AEkMIvHMp7VlDBk5CRwOiKevp2OGG9nmviEDSoHEldDYyMGeteUesVs13bLVoqAhoZDwHLHSXN32rXkbqeV7wOTGDuyh5rN7acuA7UmdmVT3N8=
Fp6qI0VUQi9gYWSnYImrjNJpEEaZPifRnwvFC5TVWJsiC4CsJN87Y9pZ12n4rklcSeqk2eyJSp46JQaAjaL5ALKEh9BZ4BQmNS4yAODntHs=
Fp6qI0VUQi9gYWSnYImrjNJpEEaZPifRnwvFC5TVWJsiC4CsJN87Y9pZ12n4rklc6vXQ1EaFJ2NA1NalU5bJC6Ft95hmjuWPqmKiruzK8hM=
Fp6qI0VUQi9gYWSnYImrjMjTmPM3AM878CYSejvSfwoA/hWogTHo5p1Z0LXyxb3Xhq32e9vco0fl9PpIqhMt/q5DI+Tjl3ET8rjLzCnDtGM=
Fp6qI0VUQi9gYWSnYImrjN+jFPPZaV3IdWF0B6bRTAF8bKRvEPJJwoUoYQzcs31m8ZifK7UzKL+AADEUcD1OxEz0kd39VoFVpR5XAm62gP7pmcX/G1xP5mJ8VnQlNEGGiZPa5GY1qQrYj6A1TOXFGnp6KGgb7dC4M4qIvVh2zlXIrDfMio9c1NitsOLH/wOtb2Y+04pTim0nD2l7ZwYNR2JTn5xloK6aceLVrmozByw=
Fp6qI0VUQi9gYWSnYImrjPcO67XKGz0V/zfpc//aoLd6ZDKSWWrQs9N6Lsq4xbn6kGAzCcPiR1lHQ4OJ6i4/D+3hsqg3z1U1FxyEdM3ELPQ=
Fp6qI0VUQi9gYWSnYImrjAl7O/2lpER8SuojGJ4+JziVJCwz2wmzaI+p9PBkzc/dyRjrEBsRjtMh1yb5US/ZIh2sz7LWexRxSfjIAWpWyn0=
Fp6qI0VUQi9gYWSnYImrjImrkvWxihJGjHYC5oqKcbNUizsKzM3XA4rnvqOhtJ5qfKIlGv39UDixDcz1yYvBK2MKvyeMbEJwkv94BpCreQk=
Fp6qI0VUQi9gYWSnYImrjPjhwRR8h7NQ0v3O9FnGDGFaMbeTg2hBG7u8lwXjZRMGMBnfWsFc5/3CO1ZDg8OPx/toyWQXWy4l7mtzSATEFr4=
Fp6qI0VUQi9gYWSnYImrjChli2jXrnHtRp0MrKzDYHGVVMWJEcN6uLeX6F98aCKx97BP0gKKsSWdFya9hZw3FawgDdUFZX1rmuOKzzy1aq9MobQz1bAZHa53LKCbmtEDVeZPMfIn1EiQMyetyWWYrtHn3N6fiLzZmEuwVhB0nK9+EraWtt2czktyhFlRoVwrEo/Ri25NUgCaK7n+kO+nzozcj/slhRQfXL30x+Y0B+o=
Fp6qI0VUQi9gYWSnYImrjFG1/H0R2ncinSPUvc1Q+ganZWg64zDyWRjM6VPHZNr9zUZpwHhpbJBT6mXHj8+rbyjpHkF7iVxIrFf/JdYdH6Q=
Fp6qI0VUQi9gYWSnYImrjFG1/H0R2ncinSPUvc1Q+ganZWg64zDyWRjM6VPHZNr9FuKRzOyG9KNC4H8Z5cLcgQNE33e3XWIlFVdKz6XptT8=
Fp6qI0VUQi9gYWSnYImrjN+1Ini1btExbSjLPWgzJnNmvNKXKpLVI2h+SQMnGEyb7a5EkVUorwC3jcliUt785188erOv91GbRm1DeTik+7g=
Fp6qI0VUQi9gYWSnYImrjLwALpV4Xaey3Whfy244eCcRXG2HS3FKnXGrt65mdJkJXpl1QueI02kKBwoZyAug4SCMag7hWZzuJLDOzQ+a6IUaoTTmCE3SZe9RkB/zemlzz2xrLnZzUfbQB3tQOpibCJEz/cNOq8FInpEiwxf7tqZx2KSsTHkezG/4yfnvrAKJIKT60T9lpUMLGr5d4qAkBAJ7yYc15vcSLcT6SSS5mRg=
Fp6qI0VUQi9gYWSnYImrjLBgS1zNXmavJbme7oyChp7EaxP3Kl+r3zSi4CdabpolA4aTe9yYYRUdoFu1VPlx1YbqTXFrxmRxSZKpnv9cEt4=
Fp6qI0VUQi9gYWSnYImrjDOekLViDxvqFgjOLHvMEkDmXNKL80epAsckOVGDnkgbJN78FUFtmkSWb+odH8byLWgfPHgZ+lc7R7JIfJoWuaPLfl3culGhm3eFzlS7F2PvT50Jxyk7y7bWUNbyEL4724dLZUTVgXVMjknoTnyEw//YzEOukIXFI1a0CaJdrsbDgUsDe2Vf4AE8432/82IeE24U5f2qDcsL9Obu36UGiBY=
Fp6qI0VUQi9gYWSnYImrjIpfy6xplArYG+AEUm7D9nf3XRKrWSb38891c0ZqQpgzI4BHU4yL7zewApcUo5spi0HKYNE6OUhffYtisy8B+qs=
Fp6qI0VUQi9gYWSnYImrjHgex/gs8fFAEiBEac6vr7JWpTis3YgFGyWzyPXqPlnksWc0BxkkosmRo08HOApOdilH1D8QKmgsd6viWWGeqtWz8TmkT9KtlDDwM9nvuOFoHb2bSdEdVBFJXP3jgzlSXg==
Fp6qI0VUQi9gYWSnYImrjPsbXuTTOBewLYNyce+/S8PQpSgbtHPoF7BRRbIWUuNWq5dCsCo7iyK4qnfZahjvwKdoUwRJEztyhk2E2o72i+4=
Fp6qI0VUQi9gYWSnYImrjPsbXuTTOBewLYNyce+/S8PQpSgbtHPoF7BRRbIWUuNWWcfiSn3OnnNfwO6gNV5QGRxbzL+qXQk4vimKfogqE3A=
Fp6qI0VUQi9gYWSnYImrjExRDDt9b4N01U2o0dzxrmbmHz/akrWS3FagN+dRxPykDUh/Ypzamw4OKMgorfeyAtmlHqIG7ycp3oYlfJIFar8=
Fp6qI0VUQi9gYWSnYImrjODQhJkn0p3KjtndmoKqiw7qc2X6oK8hf75AdgOGciV18AmToIRCwcEJVbIikXdGkj2LRMbpvYdxSeQp56Uaw9ZquF1gXSEzGny29oUcjRug/O+uIlnv5OfEaHYKqEmmNHuQCOKMdSOfjqDu/KNuFfkvNQY4DD0TscnyCOebBZYpc++3M2vww/pZ9ACiiOmhpze8K3vbRbICJ/eDvsQTBUc=
Fp6qI0VUQi9gYWSnYImrjKIfNIXj8TQUT+mHG/i/pMC2p9W5EjCuo+eBDzW4Dq59m+Yypl27AFmwGaSUxL1IFg6xKGF4cJ8oxHGLHW6JRj4=
Fp6qI0VUQi9gYWSnYImrjD9Ch8QF7RzKZpvAJa9Gd5K4sklDRA0Czm8tepLgsLHUE0KQzeHXv4SWmTWCbA+qzwYlN6ge95HnmxNTgnTRfuc=
Fp6qI0VUQi9gYWSnYImrjHJTGO+9aU4grQ1maAI+mRyak+myeVQOx/y7Zat7g64xiBKNhxg5+hQb0/3z6tbuDPHvez948DNJGOln/0bz8i4=
Fp6qI0VUQi9gYWSnYImrjFmWLVgiQN3y0RvARi6I7GVkw2+lxENLI9XfCgIFRQAJ2FzMrzxuVhVyJZ+F7FEA4hc7tGd6bWHbtyzr5bHe9gQ=
Fp6qI0VUQi9gYWSnYImrjNnrEqF/zyxNUV7cYGRLFHTlnpRDvaJixK60bdGgNOV3dymJ+gPbfbgwYy5ONBLtbbNVf0zA7Xs4KzHb6YF20a8=
Fp6qI0VUQi9gYWSnYImrjOeCm4GZ253aCTby90LSCP4zYt7he/BgT3wnLLyA7Wheztsc0cFMFlTRihCUB+qkeEtP2XAdOLMmSKefEqBkLDk=
Fp6qI0VUQi9gYWSnYImrjAvuwrNZMWe7NOCVG79KtQ8zBX4C+PPUrNDNhK7mphJEEDpZpmlMCIpPRGNb4fgBJkXlydK+nC+AfR4OtV5tuW4=
Fp6qI0VUQi9gYWSnYImrjGdd+3DQC8jTeKaFUjqgTYkWLdMXUenbDKQL+NFeOYYDHuhZspfSA+4u2YWLXroAsfzeNqIsNZXoYuFSD8HsJVA=
Fp6qI0VUQi9gYWSnYImrjDQ+/HGKbe3HbjpiRE+h11M9nn7zt3RzTWlXVXNvHRVXKIG1v2/Yw7oKg02TnM/16ru8H36a1uVdTv6PWGKhMSg=
Fp6qI0VUQi9gYWSnYImrjDQ+/HGKbe3HbjpiRE+h11M9nn7zt3RzTWlXVXNvHRVXwdZMIrBhjGmXk/g8RCdEeEl4LvJtC5j+VtXVjuBIu5Y=
Fp6qI0VUQi9gYWSnYImrjE9AZm5vCz7I9zSMybt0vuM7Fn621KuFq9yq6mzpY1ZX1QCNzfIQH5dIPH/qFAv7MSkDE8d8S1DUD5JCUhVKaTM=
Fp6qI0VUQi9gYWSnYImrjOTuZ5a4ErylkvTQ6cRDdOZoX7eIZ9X/AspDn+5ck0Dr/4GHqDlk5Gtm19gjfzqHQwLXgiDQMU+JzNdWexS9jBqmCcTzrQMdeQqCx1fguR56GmjmaQI1e5B4YakYyZWK+pdKBqdz/dNbKDDBb3tFB8Bgc78R5AY2vBDpYSRNZ/G1HMzCF8+5fTDGBsleCzNSzHyaEU1NPHj3wb7xwUxNxTk=
Fp6qI0VUQi9gYWSnYImrjBxTQH38h8nQibd5spItdigYcdMcXEmjwqm/E04YkJXm61bPgxcHjNQMWWXDVMJ+DHMPw3V6WcDDsTMh+QCxN6s=
Fp6qI0VUQi9gYWSnYImrjOlfpsXm01xdZrluJ4Hguu8T3AUEEBrp115EkwaP2BN6huFCniM8UnrnTlAOcHF8fujpAWC7d3Mj830UiMlMa/w=
Fp6qI0VUQi9gYWSnYImrjKQoQFRKRbOljWY4/k0hxyABPec+OMJOISWauRFyIoZCv3WH34WJvlZqvt1iV+HQDIrsobXZleyxg+i0T9zaYKk=
Fp6qI0VUQi9gYWSnYImrjEBsviVjmAaz5nX9by8+HbfS/0J/+JjIFwSEwMyE1AzEGpNUFzA0RZqlmyHRaA6eFX4lk1FA9rSywK5Mu3UD10s=
Fp6qI0VUQi9gYWSnYImrjEvaLFWLbyEGiP4HmWZi1df0h00nPsDJfaKgO/4aw1X0UzoB1xJxmW82s7wSzeJygYqouo6yD/8Z+hbqqnAoJYE=
Fp6qI0VUQi9gYWSnYImrjOmP9Hgc0RG6Nbdr8KvLN0fGVIYZ9yRcaEEUvs99L6sQSN3Lc6xraYzcK4awg0Hlg+wE8ICjvhPGidZ4CHzsTdw=
Fp6qI0VUQi9gYWSnYImrjOmP9Hgc0RG6Nbdr8KvLN0fGVIYZ9yRcaEEUvs99L6sQSkYAYG3ttrDGWQT5fUd44QH4FFabWoPgZgQXRv6kU3o=
Fp6qI0VUQi9gYWSnYImrjOtRIBVkUnYKIDNFShYEtchbw2lYCO3u83qxCAhyjN78MVX2t6IfuiDJLBNn+UOscKo+t1EBZLRXydSi2M608rs=
Fp6qI0VUQi9gYWSnYImrjL/9WghaZ1c+Xjex+fS8NpU7HSUMH1grreg3p+8Mh//HvTriz1ALWEh+jUDZS4QeInnBoQajWiSGtKaP6KYkpkw=
Fp6qI0VUQi9gYWSnYImrjJXO+Nyg1YaCy4jYj1r9IzcK+1XOVECxuvAQPxD6BfIqg9cbxh6vboOAZw8vwEROwsuXsIebxKyxOH//h1HIBjelyS52B1qlLZlHXRbac/Wo4Q423czk9kmeCag4iw/y3JnEo6iM2ntdDUizUxvQ4W1JtBvO+kt/J7Vfq/xl2APaLExsKRecNDaLRLGRCJbQkX8IIkJDws204Q3tE6vCtlw=
Fp6qI0VUQi9gYWSnYImrjBRqHx8x0s+xnlFW/ikod3ObsEG4WUMCObu4lAFEuvqq5lPbADjwW8Domyi6HCAq7NkQAlWTCAvEUzVFDDvKmiA=
Fp6qI0VUQi9gYWSnYImrjOw86S/SsiYQrL/88a5qllp/6/8VQJ5x2UI3ScKFfpjQwRUfOu40NH6CuOmZFFsY6j5t47tsXxk91Lh6TxdQBcw=
Fp6qI0VUQi9gYWSnYImrjH9SdLviJl++/rYP2qnb5qvbMCKw27kW+ZL5OfeR/y2zvHsbS3BI7pfYtE7mhdax5A71A6QrRnDTvnn0ibsjWfU=
Fp6qI0VUQi9gYWSnYImrjMFDcjPTPBm1wZMvRwHm+si4asnryEQGlytGZ0jQVEXB5jfEDsk31495IKBBR7C3we7FiQzpyGvliLr1inzXjQA=
Fp6qI0VUQi9gYWSnYImrjFV5aSa+ggRFQsIfOQgXuQZSp7NHkMa7yU980X65mir6VlAokQmdQB1Mv2GVUhFWet6kKL15/mY3f6EqGBgLDs0=
Fp6qI0VUQi9gYWSnYImrjGS8tMXcXWvOEBg6x3Ytd/jU7rXGYkF9NkFHu0SBQ5UHbl1pSUUbjf7Q1f51Ux18+PdpWjUior+JGsltmrocbiY=
Fp6qI0VUQi9gYWSnYImrjN4QXsCQIqrSIYFxK+ve/X6JXjpzefHsNmkwjZTk1FK213SulYJToLjz1quHrp4pbk8YexaFJk5rXqjz8p+9j0c=
Fp6qI0VUQi9gYWSnYImrjANuB76BdvSJi40K3lY/bMUfXDpSdelOuvBnr7aU9nmLdmme2cF34ITzLqhuqvtw/9fE7cq1lqS7tINo0wnRZLg=
Fp6qI0VUQi9gYWSnYImrjNSZh+rQ5hO+zVo4n5I9vmhX1TBuRA4HHT0Hl5Njdzf9gyOcC1+XEvsBbTNgaybqbf5sdDfJHBlJsO0/zXEuVqc=
Fp6qI0VUQi9gYWSnYImrjAD9CbIALnTnjDOTpQtcBkikynYm2umP/ok1w67yedWesqkXtTHNNa6yXxnbLu5asMpxZ8pCO3RDQAhbjnSwDNh8uuPh9c83W48RGussEDrXgSuP7Nbna95/Mr9Wwq2MS5eh78USGSlpiCndkQmuMZ4mloguDNbI6L8lCIj0gkkLPKJrqY15M2BqyJ0QuHasQtkrhQJt0ZVDUVT0Jz3frp0=
Fp6qI0VUQi9gYWSnYImrjHHZI2aAp4LP7MwdDC39hCITZoaQdSmAB0Z7SIuIB6hm7Qp0RUkNmVe75cCoM/sWxx3TS4gAbQGadjoZ8UkyCb0=
Fp6qI0VUQi9gYWSnYImrjDuMANSJMwdfvTcJU7azP4zzD+xQkjVHWUL3cEuTsbuIF1VYTh3jqgBPZ8SEfNk6OvCU3Gju7on1Mx2+e/U/Sgc=
Fp6qI0VUQi9gYWSnYImrjGj7hQ3aNJs694gCIlQ4xzCnicvIDGlUGjCbjRiYyTleHlhY6w3I2yfqftwKq6LPsXy4urUU4a8Zc2DAfmJKcYI=
Fp6qI0VUQi9gYWSnYImrjHI5xXYMC54Q6zJES7P4TMvcUVTtj5/giQqiNEXIxBIyrAMmKXKwdFrVExNe84FsNiy8yH2Cm9/LSHlYu1GsIWI=
Fp6qI0VUQi9gYWSnYImrjHI5xXYMC54Q6zJES7P4TMvcUVTtj5/giQqiNEXIxBIyZQ0BZfq+8jIpty8ZFCJWhAhojIwDrQ2Ol1X3sEQqarA=
Fp6qI0VUQi9gYWSnYImrjOlJ1RCvLA8Mf4yb+bcxyLuW1zZA6UtOwpjce8qsD8qcNWPNgOxMxQE6B84lNMhe7fm5vMDB6w9qTrAO4ar0EIk=
Fp6qI0VUQi9gYWSnYImrjKJ/vSuyIpRrMnQEGwvWCA9nSDAV4mZqh+0hP4MhCm2ahAL0jKUVXEioO2fYEJyLnpHBKYNx6m/FR/4EJaJNpKuRRDHTPW41AYMssTeVj2iQM6UDUJeH+f9OKl76ZGTyDu9Un3kcRssRd7wwbi4eNTdrnwPBq8q3QQpl4P4mc2lIe2aaEvVW6n9+e4WL/oobqIsPadYr+RuZ8yBfRIOEvVY=
Fp6qI0VUQi9gYWSnYImrjOBqn/1IYwBtQlDhRw5MMqdzOddbZRRvjVcy9JG24SSG/yTIsIEqBT3CJrmr4Kv8uF+hDdlItqJScOwukmSZH4c=
Fp6qI0VUQi9gYWSnYImrjJRY74eN7X7A7pcv/bBGJV0NHWZhvBsyjf9VO7NLdssd6ln76PX1CrkDFaWYSno/qgveeXs4O8w+MwIKTpofstM=
Fp6qI0VUQi9gYWSnYImrjOwiZt3aGy/XNxpbrNS+sGVekmPIxVx5VgGg6K65R51oYXSqhwyZlC+HrUgaUg+a8JsziKa9Uwptb68kKBHRhpM=
Fp6qI0VUQi9gYWSnYImrjOfcTDitVDSiuRyTj33k7u+VhnQF3O3LWsmKF5s4yGxQu9haolK94A7KB+xb3q7SjO2TRGick9MFO+yIFJw1mq0=
Fp6qI0VUQi9gYWSnYImrjGAcP8JAxKOxxo5WOSmp+LiEzv/I9RWv7Hi1LwoGHZZR1lPfb2wMv9hdLpDgPPa+4y50guyCr00OzGiO+H4lHtE=
Fp6qI0VUQi9gYWSnYImrjI5QFErG9zveLMKmke+HI0exmdsSqk7S4idSedrp0b9FfY+VQjeBF3PUJmBjWvqR8gOllCmLtOuRaX74a+y34jA=
Fp6qI0VUQi9gYWSnYImrjCFEZKIrsSUDm++rBy+MbkWh0Ek28zvmjaIkC6ea03wZP7HyZk9tRHiOqxGaUzbG2o7O9LSEornv9pKg5OcJgF0=
Fp6qI0VUQi9gYWSnYImrjCFEZKIrsSUDm++rBy+MbkWh0Ek28zvmjaIkC6ea03wZedcQ4W274cRIgzuPZKM/ruflqHjvQg2M/XplJG1WUCc=
Fp6qI0VUQi9gYWSnYImrjE/Iij7+JhU73Oc5yBUxxSBs5b4MgHpHfR5Tw9hdi4jqzWWtMNJERuz1G1fficEfbBE32ov3eZUTOWhOta7oHGA=
Fp6qI0VUQi9gYWSnYImrjFwpUlp2sZxBb9vBN5OlDdcOAPVhVxLgrlPZoLuBKgPhwA96tCJBlSb8GgPj+5J50NHv3zNG9SpxBHQJPw87tLM=
Fp6qI0VUQi9gYWSnYImrjO+7jprFu303Uh8pBekeqR6x0LYwctI/i1iNW2gt/uOfVuNWL4wBHaZs33Bg5RxxeTzNIPO9PQn0cWPAef5RoTQ=
Fp6qI0VUQi9gYWSnYImrjFE6zLd0nM4vSbfk391Ar4EIJsljbcOOYM2aBzkiTSl0JjkKCzY/R3B+b3vsSGYFjoAlJVy97ShZsn4ZXwnwGq50ldlAu9CUTKsqNCwbU92LxXtHM3YcVf5SNcBilfB79etnbM6uAufj7DrdkUG69Bne5KyNR8kd+mMnK+uiRdD0QUDxVgk08Enr4M92aOHznbLTxefFJGvVYBDpmMkq1UU=
Fp6qI0VUQi9gYWSnYImrjBiuQ6hSH0t1M5ViQoNlXH+ypmfLIr7SX5/fXKGkS3qABxyvfn8TQSztyBiewCC8iW52n9bEWnNdPe/QRzV9/5I=
Fp6qI0VUQi9gYWSnYImrjCyjP1qQcXd/mp+twnaPhUT5UC+wCsotIU/ixyQ2bfznBISxcM7fRCSjLklMND/Wq3BlbNbWijl+UYUkJCtvlEI=
Fp6qI0VUQi9gYWSnYImrjB8naTGiNnoRh9vhHt7T8KBP/ji6KU6sCL8e2AsbN0QHMQhUqotn5GvRTF3xCHK0x7V3DAL4PTmA053CiaTfkNE=
Fp6qI0VUQi9gYWSnYImrjKGS30RhQhngRv4DMJKAGyShRE1daJdU0/8c8OSfs4sP2/84HV1VC5HGvJ/OBqo025OvSZYmOcFO6OKlh58xMyA=
Fp6qI0VUQi9gYWSnYImrjJkXEYtAsfvpk4nQEz2hCD6VAPgQ2zRMKIrnBsWm9A4OCduin1x4KwzXqLPkWLghwQz0AT74kD3CzknujGFKLWw=
Fp6qI0VUQi9gYWSnYImrjP0nDtX11l6qZo9dRE5d/hJYVQnKx9LuA0HjBsABvvSb065sjtNNRaZZz80FSa3dr6p0/5A2dL2rQv9oan0284U=
Fp6qI0VUQi9gYWSnYImrjP0nDtX11l6qZo9dRE5d/hJYVQnKx9LuA0HjBsABvvSb6Rfj9fuRGK4cSRh4RU7j78sVXjfXXsjUCr4Idv/UCEU=
Fp6qI0VUQi9gYWSnYImrjGFGXd9LK7DvEynHTauc+KFcNRHAjeL2nRYE/H5CTKNEPsGeVhQ2cRFR+5tkexNMvyeEZxeKMei6D3ZZvUo5jqk=
Fp6qI0VUQi9gYWSnYImrjJRSLd6MbW+mcAilhjnKOGUpTpxkFoZyRhlJVP6tHRdbmODPf1WrdK4rwoGtoDrqkIBYZgzJQm/5YVX6XsMiemE=
Fp6qI0VUQi9gYWSnYImrjECxS05+V46Gl7TXkCk0hN42zk2SKFzxMqMGfYIZkAA3YsfB0eZtUJhHxTjz08Q8tkE8rDUOeng7vqopxzxVabw=
Fp6qI0VUQi9gYWSnYImrjDKf8TJrp7sYg0adKfkrL3D7hWSmA4kzq2gLJUjPSOg+hciP8L52Mbt5Koydz6gj2ATfiqe1HLStkszmR7RJxTCELUX69szntJVeJY7xXyfTRHJileHNQhsXHgbvKWQEHJWwHP6bKw84XPiDKTfLglMfG1NZyZUk4obNwvwVNwgrs8H3GFkPTx32jttqUSVNFNe98JupKdZYaqfAdUyuRjw=
Fp6qI0VUQi9gYWSnYImrjHhEfcp8ILLYy04PMZKaog53+u6FESs8tz1uZi8BAtqLme6C+cahR7rgF/WHgD6jwuO2nhzeiXx0fm6+AqG39hU=
Fp6qI0VUQi9gYWSnYImrjPx8WK0zcl2Co5dx7BmJc7YcMF0ligDFBpHwTvxqtg6rMSEhM37R9ai9eSxwU6sK3Eb2t+lpj3nDXqblnoWlh5U=
Fp6qI0VUQi9gYWSnYImrjF5KbYpYpWZFGl0rbTWupyALWeYBMXU5A03dwd6Cp2qktBFKSl8LActWX/JH1xrp3TsN6wTFvlxYn5SpG4wb524=
Fp6qI0VUQi9gYWSnYImrjE3h1p/7iKDkf0BKmT6oZcPDNrKz9a9n1+Og6OomIbsUszFiPnLGR5BQOw1yhTuoezZuweZrxqfdHTtyBGSjGVQ=
Fp6qI0VUQi9gYWSnYImrjM1Z7FnDA8V0h+iXIp7DyLyIDdeyZktZYUVSYZFlCqu9QTOy/JvRA3KysgS5+P/6seGQqlI6nU2lmrcmyg/67ks=
Fp6qI0VUQi9gYWSnYImrjAvGfRefBRjq1sn+eFk9xvR0jyzRXIHUk3ghDLVAVR5Nv/tcIpiLhxs/w2r0pDlSAZXfNgVceYlSg17lbL+D6Kw=
Fp6qI0VUQi9gYWSnYImrjAvGfRefBRjq1sn+eFk9xvR0jyzRXIHUk3ghDLVAVR5NP8enFKAakTJWlNHK7T0KhjvmfbArDdt7L8oAXkMMt0Y=
Fp6qI0VUQi9gYWSnYImrjPmUIatp15O3YpikarR4tmn+x7vb3tLRr74K6owJPGecZiM6dyMyyMaWuWWIpZXxKQVHor42CwCq8mPXcn8ripg=
Fp6qI0VUQi9gYWSnYImrjBXS6/7AU7bJlm5afhPr/KjGyOADA0brvuIfuvv+vNDikD5SmbUeIjcyZU0dmLV8Dgk68dG3VtRaMbwr5dp0XGo=
Fp6qI0VUQi9gYWSnYImrjMf1eZUj/fuaAoVTz6LkmS6vrvN1BAa8hm04ntb/qFltxrBLIcoTgTHCphRVDzoPv8hyl/UJuFzOkw5xCv5WpyaASlf88YUqZRb7uV/OVpQaDS1ywUGQdVLINYyQuBkedc/Xk2mfMJIBXuCmmWn4EPM4LMh9fxxyRMOBQcE4tN8qcZxns2HuXAM3tWqrEUNZTzuy92CyyRsXSX4yiJVAaqo=
Fp6qI0VUQi9gYWSnYImrjGXrrTzPVEKHQM6AHAefR9Fe1O89l5A14KzrIIxdmz7IIfbZgJddvtAyJF/anGLf7CI8VTwtDHc3S7Qu5IfTLk4=
Fp6qI0VUQi9gYWSnYImrjAwCXnoFkzwoGgQAto7ADgrJI0SQbQgwM5B9ERRXeWQvvtGmFwd2rcxMvIe3Hap1qJ5zCYSaJVRYW24j62LrQ/Y=
Fp6qI0VUQi9gYWSnYImrjEVTRvtT99XZrFKFc567Nxw0TLZvnUR5OhBqAMEQ7qmydlN5KHQCV4ErbJgmL398HuEzwAZJTNdAm+/WYeh/9Xk=
Fp6qI0VUQi9gYWSnYImrjMv1piy5W+7ghSu1hGYOFCULrb/6/buzYXCJdtnSydvdq4w1R1FYNef1g6ShRIKa14+6TT7Wka32Q2MZaGs2oc8=
Fp6qI0VUQi9gYWSnYImrjIu03Q/RywXqT2YPo5N9uaNlVlFNr1KOV7kBiy3sj85VgV+376vcTIbMLwFbxAK8QFOBYXb2ePjTThgAHwar3b8=
Fp6qI0VUQi9gYWSnYImrjC1iXbaiF4OYbGEUF31Dd6hoijFFhNAHazMLd0NZ6nphRQ6O4iPKpYBYL998usj+044bYrnMK5DgP8iAyFCaKJg=
Fp6qI0VUQi9gYWSnYImrjCHs+wkNGeNNHZDW2SXOhgzEMN0BQmLBMDQcHYrruaxPuCcB4bioLkLBdCsYl7zvy7lQjypgJvcs+/hz+o+1qG5ii1tCbx9BfvKoN0DwlZHNHkE8+F+6Qim2F/wu2waP7g==
Fp6qI0VUQi9gYWSnYImrjE7Va5jGfkf1rBK5YzETfWrcA/hxdWkFT6PzOQGFSLGSmpjkJOATehd1Rc4X6xWk9bd9ZL4msApj5vyBGL5fgCs=
Fp6qI0VUQi9gYWSnYImrjE7Va5jGfkf1rBK5YzETfWrcA/hxdWkFT6PzOQGFSLGSCJ3BMQGh+GbxpSp7gr0PrzHHpLKtDzzXvFOVLAWsgk8=
Fp6qI0VUQi9gYWSnYImrjJI03olip1gXPwWLyclpJPyohH9L6L0aUd5pTJdda0qohInqKFjXFACBloEsJ7cYJs5bIe2xAoShvcsnKs5P0ZJV4lVP6sJg3yE+/gbi+4+7jh5TUCH0L83w/jk+SRjAeVuv89ChUYqTOZ1MuitBWcXLgWksKja2GtYwjqzPH2zcfNKKz2imskmgaH9j/ylmYBMoGe3S7/VvyXgQXsA3z+A=
Fp6qI0VUQi9gYWSnYImrjDALnjkLu7ZG+AfUYdN5Y5XRgaQXU3Q4SmEhwCZP6Usc79YzycYmBkQQG04z2WkiifSZc5QmTZPcrSfoZP/rO4o=
Fp6qI0VUQi9gYWSnYImrjDALnjkLu7ZG+AfUYdN5Y5XRgaQXU3Q4SmEhwCZP6Uscfs3JKHbikgMsT0WNUBn5KrjT0RNdDwktBibPxB+zitjld3yzM20zFmbXG2LLavcAPQyPV3vjcpRwP2Lok+LWjg==
Fp6qI0VUQi9gYWSnYImrjCLlLAU4cnuKuv52hSkbLe9b7Ys5HMNkbPci9nbrdhaULZ1rilzG/qdPdQn8YgGIV6gZHht9/fGMr+DnVuGVHtA=
Fp6qI0VUQi9gYWSnYImrjCLlLAU4cnuKuv52hSkbLe9b7Ys5HMNkbPci9nbrdhaUS332vHbGZB1QECw7pdQO8q0p1Qth7xyiKeEsOCLheLs=
Fp6qI0VUQi9gYWSnYImrjMtV4Ht9fyTPfNPRBhGojn3UtpWWCl0M+Yv7CMp5banLjMG8XDHM1qUqQ/6OU1bFlbmXXVEiS9PLN35z8poWNIM=
Fp6qI0VUQi9gYWSnYImrjJ43/vasY8mJN1n+6c952CDrmdv3KKHL9cg6sZx5rqjqNbRdPmUaSC/3NKhYoFZZAVtpa58pzt0y7qJLuV40VUfyO+CFJRfgZ88mGdRpTX9gPp5aZkepA8gJmlhm/3ZbyRhYNvdVHp81y4kNj78WhSvpHNL8SrBkYF5msbBLV0l6NYx7KHkm2zjzsLgwzklPQVjolhIKfz0cQswl+auWn18=
Fp6qI0VUQi9gYWSnYImrjPNQxjgk1EnukxJfo57J48gkvsjfpwzFvDj6jxs4OlRAF0VMwYQbK34pdE0D4sE+6tP1ghuNvWMvtw8EWDXlQJo=
Fp6qI0VUQi9gYWSnYImrjPNQxjgk1EnukxJfo57J48gkvsjfpwzFvDj6jxs4OlRAjWVIzkDmf0L+dG/gP9B5IvE/5necBxTF1cRKOCziDEnbaSTy1VxoYWHZJx0OVX0+SWs88DFXiYgnPeM8qOZWLQ==
Fp6qI0VUQi9gYWSnYImrjAnjhRQprAQ5J6DFTwa9/OGcF8hYjZ8klbO1l9g7Bt8KVThMRo8CYhmfL9qkk6ZyC6N+AnLNgMzqI2BpHf6tl48=
Fp6qI0VUQi9gYWSnYImrjAnjhRQprAQ5J6DFTwa9/OGcF8hYjZ8klbO1l9g7Bt8KH232b1cFTOPoi8Z/CEHCCAomrXQrWZ1dmM5cY4gOoyc=
Fp6qI0VUQi9gYWSnYImrjFUBiX/svjaa1kGQrPCoUFsGOJMKRARB6QhZ3J2iEWF1EUtH1sfJesuQJH6e4+/e0nr37r7sn2SOWTYOMyH5Bug=
Fp6qI0VUQi9gYWSnYImrjCumoPROWW/POTaw9oa8VaQHNA/WkTyaX3GO7ArktT+11Vjy3GHL/bnpyx6hkh7A8EkpRnnKFRJFr30G6ymx9G8=
Fp6qI0VUQi9gYWSnYImrjL+d0JhxD5TIL9oZ8crFkAfGGWeB7WnKuWlgltc7MKf5Hwe5HoxKrVB2FOShZVj46Nn7db3sr8sGKGYnpr2lR1eyUM9PyJ93H1kJYxh3gZDobncReZA4p5V2HzEsKB/G2M4p2RuZifW1I+bQVJqCWGMlOM8wPI3MOFGeJk3bOf+XynKCeDem8e+UIS8bXd90sbWldKvH40xxcCuyzbQqAG0=
Fp6qI0VUQi9gYWSnYImrjAEbT+BN9QSm6uOOD+qz0h+AoPihEyWf+Rd/dfWxmGNsOgzW41kCmiEST2i+RnWLnR0lO1fo3I5sKs2u0NMUqGo=
Fp6qI0VUQi9gYWSnYImrjIfPvLZb/ObRyJnhfngMZ2SHRUHfhcqqLYKdUqZ0dc+eTa6WjEgg9xggM6/C4G4qPY02zvpxY2afrqRUbZSuWkM=
Fp6qI0VUQi9gYWSnYImrjMdSBnvxyFryCph0gonzG3ncP9MABX3HGDde9SyaZkjuKTevxlrOrAF+3s0NHFo7QtBodZCIDWk91c9BU/0l+i0=
Fp6qI0VUQi9gYWSnYImrjJ4vtyiBS1bZqJGreWqp74hHPKNdjGEg0x9SX6ARhA8MpUHDh3tSYhIElAOxdorlrYUus7BJKq7DsuIC1hXTSuk=
Fp6qI0VUQi9gYWSnYImrjCKI2lvfKTPAF7O9h2j2ago6Q0EUr6d08gZL1fDOcSp7RHknOXDDwuglQmd8S4RqI6cGy2PMD7GVttAumHBPx9c=
Fp6qI0VUQi9gYWSnYImrjIqzkQQDIm5tQNRodqP70hjdyBJ8vcVc5uNjMGqzOTgW/4hBf5wYmV3IXWfX5KJHRkO6CkeIsGO9P6Qiqq0+7GE=
Fp6qI0VUQi9gYWSnYImrjHNOEiMuSo/N8b83Du+KzYVAYBQzabuhZa+vd2CEuT+1nxEom45ULYxONHCM6Q6uvVS49tlnd+FUrR2mnAhEA7g=
Fp6qI0VUQi9gYWSnYImrjHNOEiMuSo/N8b83Du+KzYVAYBQzabuhZa+vd2CEuT+1JZ2xkWDShSaeZS88a8HzInwlPknxNezb/DSGIj2bAP0=
Fp6qI0VUQi9gYWSnYImrjGZofZxkXIyLFMARJbwFltnvybVjIYsB4DMZW/8mlr/32G2D2xoyVj4HGLjlymmPG91MTauv7qT2pJf6dnhhrhk=
Fp6qI0VUQi9gYWSnYImrjP2BF+8lwk5eimHxAW2hTRuOfemD8rmm62130ac8gIL1ybVTfFmMQ57Uxuu01NWbG3f0o9yq57uTvEtttWdAGVE=
Fp6qI0VUQi9gYWSnYImrjK84EqHb1qQXOdlTVIIuxd7llBuZdPWKygJnaw+LF3L/eX5m6m+SGBzTI25NmnlcBhEc+uHvP9V5yotoQDd5vhM=
Fp6qI0VUQi9gYWSnYImrjD6q9fORQsD+CMHgKyTYZuAMnOEDn+WaROvFt3K0Fi8pgEHNw5GiRALENh+2alzirwWEP2KhuVfFtiO8Pghsoq33TL5RZPImLfQoKwUVYE67ysvvG9nf55QkdGljLmAxvMYlrnV6xhyhrI/PyGDs15PoSJH9qH+sin44WJ711lChuHMnGcXH837RT4SOhKQ5OagbJjn08Clw5qBlihVumfo=
Fp6qI0VUQi9gYWSnYImrjKXpvqjpC/gjku7tm6MCbDYpvxREN2P6omZDg5/wSrR/nw4ic0j8obaTRRVz9Xces6DZpW4maMkrSziFx4YgdZs=
Fp6qI0VUQi9gYWSnYImrjHSW9iEez0ncPsuZlmg8LPNwVrkU7sMnzBocoKcF4SqDWzHX7oWYbKz/9iMu0m0C/HzNDqvthAJortgDJf+nKuE=
Fp6qI0VUQi9gYWSnYImrjPvul+v8BRlaGAwVnZ/QCFnh7w123aXPhhebSw/ev0dszdS5zj+pkhjLCvAHm+oI0sunQzEbGOKuKI+2oQMjjS+QDHI1KarQdd5gZXz8AZJA6dApdxpJu2fBj9a1lZyEZo/30PI2bVkgA1e7OVeX/3MHBPuw91Uu3RhOX9CNYlcT6Wdhjt79+ttrBK4Whaek3fjNQKrZtAnfUv/SAJJEquM=
Fp6qI0VUQi9gYWSnYImrjEYzXsjRcmyuAun9BvCX9O0dKwMfEE9pZbO2DJ6YJhhwmkxCKL/ZXZoUHWbqeMpEqMlYOtkYroNyWSUgNy/PEziw0HVzugOhumFXx+EeOv2ow1JNaDBqIzig36YB9s//bP/n/+E0SbuM0kj8Y4rXdcB8WUTRygemLxlN0Zu88SZHbtvttD0sNkSWAZmj4nWKFchAg21xGFLhuoWPknMUBWE=
Fp6qI0VUQi9gYWSnYImrjFbvJ8Y68XaUpG495n3nDYNLuTi41R60E9mVRzXUyr5ZUatribO0hHi8PlnMdyQv26aZ/30FMwNRLt3vO57cqwANNmkZmcgyqfmWcoy5l+YB/TmLTiwq6Yx5stxTaCpatSmtcXTY6HmpYLIdA0HEUnFVFwTeh3PDmvnzpVqPkAyp6fWqPvk0FHTW8VN+kcUqwlFVRrioZ32l6eYtPSpUza8=
Fp6qI0VUQi9gYWSnYImrjFB0V/4IqlYYkpKluYMZJgu7l/cf7UaVuIGe5XElfVsSgTHY8k0ccY5qPUYEMYkeJJR/plVHF60YDettKLSVek0=
Fp6qI0VUQi9gYWSnYImrjFB0V/4IqlYYkpKluYMZJgu7l/cf7UaVuIGe5XElfVsSkHWetniC8F7O+NjNvOeYl2cRdUOEf519hffrXydKwIs=
Fp6qI0VUQi9gYWSnYImrjGa9FydCct+KfPF0tzjonDQoLy0AhID7N/ICOIYufsSsskhQOuO4vPvH9aNJmxNRNB18AKrE1MG29ZXxtGmUohNSeBRPSzvJQ8Vllyp0TWGxgK0uApJ4IrywijTITUXMzOw5C9L9ECyUxJYvbUtGnj5MmkGORQXxfuXwCbMl0SIrl8QeFF9jWVuH3nKBSP/VHJ6ken4dERsbm7EeCaRTX+c=
Fp6qI0VUQi9gYWSnYImrjNGt8NoI0Kzx+Ayctr7iGdv/Bf9oCFAAwPiecAOlnKoXc4HYB4+/lK2JAAsLqO+1k9TsDn+G9fKRRV5oyxUVHMM=
Fp6qI0VUQi9gYWSnYImrjBsvHq1YO0LAR9yUopIYaUGaG4vL2E4jUmIZth5nhk6JDg6a4VxwTRBWpDajN6c0LSPD/RGmmFFhmVt7ggpnuERzr3z8dd/XGsnP3YfYhIRRWWy5jzNhDRNCA+ZZoh3gQg==
Fp6qI0VUQi9gYWSnYImrjIr9oBUMlkNdnnGAng4ZDITtf+5b65mFZH5ZUnQtrvcBVi55DvsnO7GwtEgQCKKSTf/dZjUoyLmG8wjYv7/y8Fk=
Fp6qI0VUQi9gYWSnYImrjIr9oBUMlkNdnnGAng4ZDITtf+5b65mFZH5ZUnQtrvcBTc+iw/tPjS7OFvp9akaSVpvZ/ls5AYYa4cYEWgT5vqg=
Fp6qI0VUQi9gYWSnYImrjETByIXVgsRYvK8Ewh7nN56GaF4bq33VIwrPcjGu1WSTp4sVKJJcx+AE82ssKc2izeFMyGXA9SSucGJXX6IITCHOlf6VUlz+4pjVKJy2wzaJ+T1GFx7gEvEUEw1eB4StvnLLTSPRZj0yHQasRFiL9FPdK2bEPdN2fOaSroiGMXYlKFpO5Yppi9ZxnthF9fLc1EPnuBAaqDKBxTYMp3OOQmg=
Fp6qI0VUQi9gYWSnYImrjB0NbX/S/bd+B8VAiHscTsnfGg1/N2RL3m9BkXmyeOo2AvKQo7jGjK1qNias0fnTvmLb5vbHEU2FbFU1JjxXzgk=
Fp6qI0VUQi9gYWSnYImrjCfu2vIAcQiSLjwDN1JuW2pp27u7YHJmzxt9ZPsHZwHu3PZdOQlC1Us1PjopMJ6X/Ip4myL3o+/ykfCIRSLe3bc=
Fp6qI0VUQi9gYWSnYImrjHoSHod98KCIFR1lyUWIMcAPA0M9KzWbziNjryjU/DFgebuOfxQFXI/nEro6H2JpShatiEi9XYzNcHrfrd9d1Vn3PFbkJhU7aeHtytB9ZGx+JS0JTVGnHn8zJSk7UhuuTFCp6qKthVhpXgcBXk/XbN9IhEB5bfHz0LcWwJmZMMtziGyXGpCw0oK58EYG3Dc7YnhNlyFQVFwpAi0yUwwqATM=
Fp6qI0VUQi9gYWSnYImrjOTFzuTz3vFrmtZsVfd0VTyhFQ1FP3WXdyH0U4jZWNMyUULZ0obQ9BboZvwC5FMf/VoUJKhBhs9LrL2NOLV00uE=
Fp6qI0VUQi9gYWSnYImrjHk/42aPkjBiFzqR/gqO/++OSUBYknLbmsGXFP5MhEXm1nCd0JIbNtGPHJFeVRqwR5V2GBOB/QjBX38WrgFIFl0=
Fp6qI0VUQi9gYWSnYImrjD/HwzPS+FP0jG/xU0KrVECiilIVqCUh0xmipIdar5aXEBUxWFl4hmZ8oJn7UbGOLIJj2E8T4DFbFABBL9Rc4LG//B+lIz6UwJTRc9DzHFpJkgZjVe2IR7L3gurwodGeQIr3P29nPlkgAkMJVPQjA+UxTjv+M/xAjXtmCu9SihPEIS7skq+4EoAFqGw26BvRn3ONcM6lu2UwKMffdYmszGg=
Fp6qI0VUQi9gYWSnYImrjGropaafNmho609xIbBr0rnTNRytJlSDTt0O/nGULT+FQmLDq8XrjmJaszaG5tlZhJ3vcZskJ+qFr75cpihjQLM=
Fp6qI0VUQi9gYWSnYImrjBOaDYC7u9oj81T0XvowcAE9zpIUOeI6DbWQpPDuNbQgyxtuAI0pAbQ5A1HUspBtHmkytU3mAz7f5X7FKbOnFwRuhIupYV+ei7o9qGQOssqKEc2wnvNskvqbm7U8Xe2Ygw==
Fp6qI0VUQi9gYWSnYImrjMpwn3Nfk34s6IkN+sFyePhpptktEtQ8BKOKOngvWHAxYIC/oENPq3zw1wrJSSbK5VNZPOvNI8JqbPb8pML6qmA=
Fp6qI0VUQi9gYWSnYImrjMt87QHgWWeAHVIg3pJEyu1NDtbLd5QkaJ0gTwUs2xGoFjzvzIQ6c9nZ2/LZvtQWrnpYeD+f+JIMg+mjLP6irrs=
Fp6qI0VUQi9gYWSnYImrjFHSQAEqj9JGQggVJapyrZ5ccmsbxFPdcmXNGzyooCCByZ3OGUhtMjtGkYbWfoCsr+deAgTPOjx8qBxPParn8cSR6Pi0X2pH4fd4cgLT6RszTtryrC6Vh8J0AWlmfQvOY8XdjAsOylXzEZSao0uvA3+LZys1YkfR/1YqNkaa2xRQ+rwU8W4iuT07zgOGhHuUKKH6bOZXQHUErWNHykJuSjo=
Fp6qI0VUQi9gYWSnYImrjPy5DvVnTTad3ietvN/07Hh1CEzNuzomgAU4syshro+j4iC05TT/3Um3GaHqi08xh+OS9+DEqbG36qpO0zDGYOs=
Fp6qI0VUQi9gYWSnYImrjHkwdQyhfea9X48VNyin3MltmRrVdj70FI9AgosVOd0JyPJVR1W2ce+1EoSkomfgHV7FrVwpnPR9i850YB10xiEUJm4DmxAEpMuQ3gmZRW114zp2lxfeDy2obIAgndECMQ==
Fp6qI0VUQi9gYWSnYImrjOFuAyLLwOr9Xw1x/0zPmTYML/xGPOoNBSwIPVZqwr+NRUvz3shthqD/RUm8C/y+6c8KG0QYHAk/JNGDX2FyJX8=
Fp6qI0VUQi9gYWSnYImrjOFuAyLLwOr9Xw1x/0zPmTYML/xGPOoNBSwIPVZqwr+N4PTiAw0rTHiH079HI7oR69Kur8ZeizzRMXGTiHNY1xI=
Fp6qI0VUQi9gYWSnYImrjAm2NFKv63fHksPjgG2cfx974G5+swQ5SqKD3yia756eWW/1hhH8qJreL+5HpwH7KGJOQ6gGSzgxF99dyDoR1NosOV59phzdgtmnqY8gdi9+Ys7dg7B9x7Ozp+NW0i1BvMsbXk6NKHrMs7/ermO0lpB2rCWwXTabvP8+b4bt89dfhP5BY7iwA6S2gHGd3KbGRjsdckVQ695a7iGL8LC+rZM=
Fp6qI0VUQi9gYWSnYImrjIL5AQW63F2eo+W3yFXWnM+BlU6D0KbW2FwuzdxB4gP5GcqLuKKarrQSmTRT6gJRfqaaVqQ0pv3wo7HtLKNP6NI=
Fp6qI0VUQi9gYWSnYImrjGpAP6ISIcz3Ee24SIjPoWCUEEUWJhjbAXlwgABL5KuBLkqWKa3rzPHp8r84dIrNwWCUmdGG9cs6UTWNCV0VIV0=
Fp6qI0VUQi9gYWSnYImrjP+oL8PVL//hbjeHu1ECMsplW5DwxqMCxHH+f+adwiShlm56iZtiIZB1E1ovvUcpXByXHKzyse+eNITmKbxrKN4=
Fp6qI0VUQi9gYWSnYImrjI7w2LUeBJR38bFZujtVgpiG1/9Rq4NLG+6zirBlSfwpQKCGtbm9XKa4NaCZD7eQRU1AN/tYwiBIiC0kFN0S5RY/P5i5l5FlT57FkfrenlFqwVTE5ei1qZig6Au4+oCRHs+TobSPN2VIgXySgbDPY82VuYg2Mg3djhUSg/IP0W8+cG5xZwZgiYp+uWnS28pOI6KMm1RECz8UIFSGNiKc1Gk=
Fp6qI0VUQi9gYWSnYImrjKrwXUcduTknDRmIWD8xLqgMN51OK0Dv317hchKLL/+1lU20mVbRUIhVb2EnczIDzsb5dilEUrOxAqfZr2l45DObNSOeNjRaXN8WiZ2bS+bufa/F7sxAdg9B8HnX2RWp2vqBFFoOwn1ctank/UsSOPXhyzcU7w8gsTXtI6+9LVOqc+3D+Rna6yzrfEI6ZQfpc91SFNbS0mkUXsCUbXPhNxY=
Fp6qI0VUQi9gYWSnYImrjJyCxh5YV8iVd9Cl6SrthiAWUGo1ch6f2zASig/6dD5KfagLJA9bqKGGTnR9kPets6JDn/hYvk6z8n62seELsH4=
Fp6qI0VUQi9gYWSnYImrjLyHsAvt91KF9FLQJzUarzJiNWlwLAmQxte+ryu7UDSzX/SkZ1qfVy9wGGvvrCBoh7tPfPr8l3kIK07/LUia74I=
Fp6qI0VUQi9gYWSnYImrjHxHxcZILuQbvU5HcNYldOGAVh+b5Yop/INkDGMiog9sGB8jdhKaj/l/6ARPAnQ2NBprHhk3rSobydvanTuatfA8Aa/5IcXBcM2LXogEwgZCkRj108a1joDZIGC7bXGBAvN9B7n2hAqOlCAAw6Z/7zzrbGnHeQ0ZBKMh+nLF/508R0kg1agFuTUUs0UMc6y7gJl+nPI76VedpjC1aiU679w=
Fp6qI0VUQi9gYWSnYImrjCKCQm1amvuWgzuB0khfuk4fdac+Y0kpHSoTsBFWIA+qR7pyFL7eFO7t9VF4bAYINof8fRkO+m/pYWLHynsUA28=
Fp6qI0VUQi9gYWSnYImrjCKCQm1amvuWgzuB0khfuk4fdac+Y0kpHSoTsBFWIA+qXIB9JTtSq0dCdPB0REwz5+mnTOg1C8vcm3LKzAVjYFXbd8MUwYG1Nrr2cQjwrKmyXUopJAWdW+n/UF5Wgv1JQg==
Fp6qI0VUQi9gYWSnYImrjHDJHW1YbYtGSdonYdgsFGi2cAk1LX+aN8oTAATEI6JvETSNXEn1fzv+4uqsS3MTmxcURd98IbFosvdSwG/As/8=
Fp6qI0VUQi9gYWSnYImrjMeVwpvuvSBNX4sM75uIp8/ZIVgD4Xza76I8m9hI+OYp9qdLAcLpHEs4D3h/pFP4sVBdAGNgn/0tRX8vho6eJBQ=
Fp6qI0VUQi9gYWSnYImrjFNAuIljqQhyJsMNyX2Q4+CGJ9+POr7UgJ0UW2wvwgcZ9x+tyyLisBy2PP3ueZ14wlKusBmzOUqrYGiCCwfr/EHLYSm3+QAI6XAi3QJ6j76jynZVDXpdrE7ewWdNYXHIff7GbE2KmdfT73rKDi9exNGrdc0VSnFMxbR7A066IX1Eo17XltzEOKnbvqBpqpW2Y58RqiL8Ym0bkS1O7NHyfMY=
Fp6qI0VUQi9gYWSnYImrjKx8/Trcov96NutbWYNSC2XnsH4iAUrJZA/N3G7IPZLMxLfL4mQi/CR8fdoaxQvp2MBHcV+n5YQQwII/p1kkM0k=
Fp6qI0VUQi9gYWSnYImrjKV0aaNtcSOgXUia1Ch04ZWWWwnqRrGfD42JRNeEco5U6ZZsDKRGZRMOCs8utwqTmbCAR/knSRlM4jr2z528Q4B0UW365ygnTnL5soizfn7UDOAtwcAz0dgEOZMT6m8p8Q==
Fp6qI0VUQi9gYWSnYImrjAejZrFIZ13VtVUnuVW+p3OIT12J1wKJArBrlB9+VSrsOTUmlO22/cbx0dVjbUd7zDlPnPVScg32xTtxzzydtGU=
Fp6qI0VUQi9gYWSnYImrjAejZrFIZ13VtVUnuVW+p3OIT12J1wKJArBrlB9+VSrs0Mms6VC7DgcjfpZlM9K8vzVv3LdarwuGDF+zvwrF77E=
Fp6qI0VUQi9gYWSnYImrjBnOs/AhQKNQSbj2YWaBiJJs9xBMyHrFgxpS0D3oGy3xbGmmpuJe1ZQeJkklBora9CJtYED/OlQ1pvUXZacNqlmUVjmqWa/aU6kGUSTvsU1LvbhBg+aamY0+MvMBDsznLQ+mCs1vVhaOn8EmesbwvmG7C69gehUIx67HesAeaLbkYVNcnFWyK3HKGKJBe2Xgy7x6+d/LahxTHKNeCbUz5Xo=
Fp6qI0VUQi9gYWSnYImrjIl6N544J3y+BYXkkqjvLsRRvFKFI8ga4LDR22xiNqnRd5HgmPApuMTSpCRV9MAUSKK6lwt35cLtHHxB5ChZrhs=
Fp6qI0VUQi9gYWSnYImrjIJ63jLR27VVyc4zoaYNNpFY+jq8dDASodnv2bz6hKc1s6LzelBweW2pMdinUUpmyV+zXE4EuB0ghpCg6AO+Ko/UmtZm26fi5NlKzQdJFQGyBMhj7jRX2/DYVPLt7SRDiQ==
Fp6qI0VUQi9gYWSnYImrjArBeljgQ4zWUIiYgo7TigioQGUb200GMnsW+8prupPYHxQKXJSmWEEZcrRnXXrGTMgt9OfSvFyjjc60/hiP8wA=
Fp6qI0VUQi9gYWSnYImrjOP864WCUJaEMuS2YgoRQSlolSS/nf18asfYHy8zO1UmX5by8GplBEpjDk+j3l6wtxK31DxSc3HcUYZgrcAH69E=
Fp6qI0VUQi9gYWSnYImrjKsFxAM5Meq76oP+I6KhJMtcKt/Kw76PmrnMpj3lrR4Nqu5Lr8giIe4DibgjgbNAZIKdsmfmOqL5oQWBdAJFr/zNHkyaWqciVaB9jAibuFSmG+KGK37UXOETUw4AxdAtRqrjrt07fZsGgm8o0JHYV/L2xy7zx+EBrZHQKz0elgrqFElLX+mF9vgLtO9BYY/DB7l8aAvL2200Bw+TpA7MrQ8=
Fp6qI0VUQi9gYWSnYImrjMq146TO/wjJOsc58BFKprzQY6GstKNwmUXYeTRhtw+m6yKq059hTa83EkeJ6jlXffOLv/mwliMvX1KeaXSEUEw=
Fp6qI0VUQi9gYWSnYImrjNTQOY1E7evKhTQJ7HQE8A0vieeMQ4BdZVmZuJ83a9YFaVE7b7fV5FcZ0l09fKbBTuYuTnk57gct5DWMaP3sNsbtvtA27nexB/oVy3hytc0+RXNWJOCC0MBoigcbtqbdjw==
Fp6qI0VUQi9gYWSnYImrjFAg+TV1ON66JfsJi+O6b2cfqoR7+aXmDs6ZxeCEzPESELRSBbvH1+1yMKNvP66/Cm+ttIc8cXA8i8rqQx27Rswp2KpKYbLGWfVdUp6NBHfdLnfc9v/mnbNOy/ssC/v2AA==
Fp6qI0VUQi9gYWSnYImrjCZj5y//G8V57VP0+tUTxb/8DWRxIcoPWzBP407Qq47zb/1mKPO9Jc53gNH58BOMFq8LmEjEDYGZwr4lVIJYnlse2wZoUd8gUph0gpKBWRXLxKRcqsEIQGQdI5Z/Q1U5Vw==
Fp6qI0VUQi9gYWSnYImrjA7f9ICoS9gHYRSoW0ZTdqEjxVYUGGXhxgZuDZ+tQHc3N6wJCQ4LCG5dOLe8IdwtYGqFQlF6t+b1HWgbcorZk0c=
Fp6qI0VUQi9gYWSnYImrjA7f9ICoS9gHYRSoW0ZTdqEjxVYUGGXhxgZuDZ+tQHc3j2kMRptxu8UugJiJP3gq3p/5cL9XY0NtwxESptXuaE0=
Fp6qI0VUQi9gYWSnYImrjNrIxXKow0S6weOGn3ooGgZMQjwoAHB64dmDHFoi+0+A4W9I8o1Rb/rDW/Od/OxNrk+9ASUuebY96oCK5WnRSig=
Fp6qI0VUQi9gYWSnYImrjCwzdUJIOuBWVHYElatO6iIrrN4cObwMRYnCn+GnFW+YzBWWsehu5AjGm51EehqBKOlsEx+BEp8fNKBRubfFzH8/ufy5Sv+At3KTcTp5WhF20KQGKDjkDNh5WMsXkNuKFccPOa0ZK1VDXu2TacLBAVx+fQC8G5PzcCkF4Z4I/QQP272QY/VAVZIZoUa2/Ydbn05PUHT7N2teyQbBZV8HjWI=
Fp6qI0VUQi9gYWSnYImrjFn/yuYeMIKhTF3NZeCoSZsWNRticbLu/zJ8h8sZyF5gn5ejVNxz127HjY0nUvS52oCl41QOfNkVXi6yszlzBCU=
Fp6qI0VUQi9gYWSnYImrjItqEAnBVDYPegb8+snTzPK+6WtmQFFIcX4yr5jGsQ483r64T15tBphRcu0fAMTpLaFENv9nq6IFmCgAvd6OWtc=
Fp6qI0VUQi9gYWSnYImrjMLhRMydXKK7a1WGReZ0Yi85x0TgY0g47RIykqxOBYeD1vBJKAD41CwhEFQaTAqA0DoFHx4Uk6xItDcy9DaOGfU=
Fp6qI0VUQi9gYWSnYImrjMLhRMydXKK7a1WGReZ0Yi85x0TgY0g47RIykqxOBYeDdPUwxHYqyjrEQ+VfGtbeiP+C0P/wYNBnABw//Xol/7A=
Fp6qI0VUQi9gYWSnYImrjJv/m7MGbpRcO6R8xRtPydYZzx2ZSpiX5xAYusuk78ARhRLMXkT70iwGeAwPsxZg6YQ0ynMFcw1H+1qfLHjo7dE=
Fp6qI0VUQi9gYWSnYImrjAic4Hk8aUkV8LI6kLhA1JkSgp7xuVPQLL8fSjCGcpYsmNiR0C5CLRd9OvizSeZ8S0ov2FMkC3Pb6LIlzl8uAgw=
Fp6qI0VUQi9gYWSnYImrjPyJXVRUmSX45K41t8H0cL3zwdhsS1pjXy+TMan4SkCgCvXWfiGan0TpTtuCgkjd343XZdryLlxJ2/bDrZXcu75Ni0tETsH5T8F77aggqxBuEE8FA4JDdENC6eI9K31gxBnxNv6CIdliQpUyefjkaBxigUcYCulaCgit3Cn/3jUT/FQqMKNQjm5btFJI3IktXvubHIlurLFPNRnvDNW2d6I=
Fp6qI0VUQi9gYWSnYImrjAizpXrSJaLKe5wmYj/jderuNxSWxDucw7wI9hWl5O2GA4cQBZ9Bv4tkpYo4xuoYALCJznk7lgknIQer74cNJ3w=
Fp6qI0VUQi9gYWSnYImrjESfOuB5OIHVSP6XTZlLmsDlV1Bhox+MDhtRLlDIuXHelIgv02DRGnJ7gJtUTYgbz/GwwniavhE3Hm1T7tq+Aro=
Fp6qI0VUQi9gYWSnYImrjP6kZnvLr3wrZEdsYSzjapnIV7cfRhwKDYG+tFDQDPqCZCKXxuNWpScndzkjdWEk9pX/4RZtnv/dVzk77yAyIRA=
Fp6qI0VUQi9gYWSnYImrjNcrHR16nvwr0ssQ76UH67RKJbXmA100CF9QgNgHhN6SO1Cy6n1MJKczpStWWNGeKCH99Z42VhYlkYCMwd1aEFU=
Fp6qI0VUQi9gYWSnYImrjDyFVTdKcl3F9dTRROiS+V1kUGNP0xrXL+j8z7pvdKfhaz6OMFNSMqPjZzjTzVP90qWaXr5kyph/nzAwEayIq0ogFd0aVOGeN6g2a+HNIzde9xn8ipxkgvUcrm6LqfG+RQ==
Fp6qI0VUQi9gYWSnYImrjEJJicN202fsBGomFN/Q0VFp0J1TweXOh7r2vEnffwy8RApdlwRx120JCJdUnKYt9DwMarTSd7MxCyG8Pz9IoBs=
Fp6qI0VUQi9gYWSnYImrjEJJicN202fsBGomFN/Q0VFp0J1TweXOh7r2vEnffwy87PJUkiCZzYqIXsdsw2+CGFbhNsaWs42d25oF4Y7Awuk=
Fp6qI0VUQi9gYWSnYImrjEboUDvNHkr+oKWO8SWO80oU3uOfihDEH5Mdw0Tdi1O1gzRs6csMzd4Nio1zyR3RHDurmK02515ROfW69Y5wYgs=
Fp6qI0VUQi9gYWSnYImrjMcDJ7aWZQYCU6ZkxP2sGxHgsoQHSGYocli9HDm0HVUjbBBBdY0bp4Mnku8xCwN4cDEr8PkmTIVXzlgX5reOEIek3lNyxnVYhYSS81prt0ka+C4mDag85CxM2BIpcumoS1YFRaXCGGzzUCT9iy1PfWGI90eWMZVVJd6ytKa5AIODikq7ElgUR/v0u1RZBI571yY+EsgcWWKnAH8njeRxduA=
Fp6qI0VUQi9gYWSnYImrjHqwStrT5ngwKyOuSoJasTPK9e8NfAxJSHX3EIaMdINgknxwLxwPPYcpA6g3yixQyef6I8L7mRbSrmua4Lu4hTE=
Fp6qI0VUQi9gYWSnYImrjEJ9168oNR/9+VJNwre2OaYcM2rvRNnOf3RvNdiRKB8ct0hxY1ElRfrNckMkb7p4Cv4Od8/GibJEJW37u2xw8/8=
Fp6qI0VUQi9gYWSnYImrjNSz/2JRzJwhqIymrsVtt1MgUIZM3dLq9avrlZUSUg7enUOjki8h8StAFXHFBAfK6pyE754hJKQP7si+In852SM=
Fp6qI0VUQi9gYWSnYImrjCIkGSU1D/106M34bGhxxkLSKYK3eDRnbjRsVgggs3KVHX8mQ4K7BXQZnwFT+Y4s74YbauBiA+UDIXS8HjSEpuKGOC9V9Y3swN+tgu7Cv+iWAhLZuLU4anEtoIkD/aCY5w==
5dwF/qjx1AFOEihYSM22jUHZGrRKQHihuO54c48PkFvx4wV91QIJHMvDQ7LeYEW5Yhx0Xq1445RIlaBfhQj74CRRNJlZnFjPQlb8lXCKXRY=
5dwF/qjx1AFOEihYSM22jSvKQy/cVPVwyGjmdaBzIBz3TC0hw40D0VKR7dmMGdTG7CQJGmfjrRLs8MtElUTvEV5TySmrMyH3tGkDxBv7mNA=
Fp6qI0VUQi9gYWSnYImrjAuU5RQ1SxF5LcBFyAShZu6V0vlEp53+tvWAGueAb/IBmf5mgfalpfQCg82R8Qh4Lsk1PH+cY1gGGS0BEBsp8FE=
5dwF/qjx1AFOEihYSM22jcNwktoRcz1yaUOMazw+79Z1/LZvzgUsAfj5mCONt3cH+b4RYuN+lul6YoVqCq4qcA2IVWa7kndX2qi9HlB2F7Q=
5dwF/qjx1AFOEihYSM22jWxXjn16k59wc1U75/bHctnHgUk/ZJD3+mEJNcd8fjQhd2g4fdXw45dPTbg+amwz3mrwRPgm3Ya74a/ZTyQ7/2o=
Fp6qI0VUQi9gYWSnYImrjCIH+/uLVQFwBp7sNkFwm/bTNlltNblqB3ede+0lC+PS77IpEvIqdf8GE5c2nWCI6zoKch3mNwl+pHEqDVt1y5Qdc50vUJ4zQu2eP72SpDJcuwVFhgmKoss98lm9qDDjEryDDxJSU8vjk9O3sdXzbFw=
Fp6qI0VUQi9gYWSnYImrjIAAbjmAoJb4IxIMH4XPbpUd24Wav9+mg2uZ98FZu9Hxj+pdgLl+qBLeeg2K10ltXXl3e3mb1mVHrna+w/NLFxPBWww5RGZN0sleVTJ75KWvqOUUL7YlandnUUi/LbnCpA==
Fp6qI0VUQi9gYWSnYImrjIETg8XtKj840rMt/LruWOoNp8cpydsdNrlGX9VP2Rxu9rr9W1DPd90QKtT/JzVAexZmkckawrPdqblU2h08sHI=
Fp6qI0VUQi9gYWSnYImrjMUKUvgacWslJWsSKkxX3n7LNZ6DWPNjnIWALB02HiDwK/ffSXC0wpN0DdPu5hHuMBgGpiPBcXamVngSB/C3+Nvc5DzmRjf7UPgWxHv0h4iu
Fp6qI0VUQi9gYWSnYImrjMUKUvgacWslJWsSKkxX3n7H5AyieM+aXrKuZLXO75ULF8QP2I9gRZval09NlzIP869P/5yGnWifAF/k4E0jC3U=
Fp6qI0VUQi9gYWSnYImrjGI2dndPre2G45Pm2BIJf6FCgUYzdQo5TQwXZAZxh4UHbasA4A/hrh32kXYx8EnvNOSuhnrJZk+QSTH1J1FNy7o=
Fp6qI0VUQi9gYWSnYImrjNICpkNoVMy7SPRCV0v09xz/5pC9oPbpbmKQdJmLDU2fDDqOsOjfvD4UfQzlDWTviTaMglRptzuEUnKmIOb4dX/uKWN15nGi+AaL8u72nura+0/JuljHDhzqvkWWSlyQJA==
Fp6qI0VUQi9gYWSnYImrjPu8GLx8U7oLw7jfLZYvYkHzqtX8wP+GootJ0S1TtwUULIrczuvF7RgYPXB/+/Ehq18M5t2eTwZnFwzTjsMpnoY=
Fp6qI0VUQi9gYWSnYImrjFMOqX0XFzjFaoy6U+O56kpwa9UZiO9oIS+t1Qi+R/VT1KjGLSP1Vq5je/pbxSNWWDskx+WF8km/bZyMhrnFi/E=
Fp6qI0VUQi9gYWSnYImrjDLBY8heXKGYOFCrXd91H6mjHiTxEzThxiWhFG2JLWMBGQf9IDxgAcogpzhzUIhjm78brenwKNuZ9PR6RGRU18Y4fAk6AL4+Itlymo8W7+jM4dDXl5xk639d3Cm+hxJoM7d54tze0BXQhTjYafiEaMyltSwHzuxi0KHoO9UyRInYSdC/E2cMhQyFMhvsXiYLXsRoG0ALYhlQ3pX8mwACg9M=
Fp6qI0VUQi9gYWSnYImrjNrpqV6eCqfZzb+jLUQW3qhrXee7kX2AkzdZ1VEqsm9jgurWaTm0YbJM3zSk02rtB6bazG3rg2k2QDbwPZuBBjg=
Fp6qI0VUQi9gYWSnYImrjJ9faJfxWsLbSCWz2TmBkR2DNlsrjQKuZ69TykyhjiYwpph4mal7r/3IBe1EpdIJuoOhiMOueU89noOIzb1rSo8=
Fp6qI0VUQi9gYWSnYImrjDiVkBmDENDPrbfkyW2uqfZ3mzS5c+zGa/3aXq/yYNkEzqBQkk6OObGaGOUSCF+ubxUiO47l9Ss50Qd7eWgO7sacFFgSXXGFgB7Zhm8CZk+kT3pT5uZJl8g5DitDdMUZEuTm6FsNo7KXmkXOv+cTJ5+Bh2rVlq+JgRTsX3odur8uFN5tX2vRjMRMb8Lh0AWauKs7E/EC+icOkEJT6p7Cw/Y=
Fp6qI0VUQi9gYWSnYImrjI77y0kvwvdNJ/kX+yZVt0Q7kYqLTKcUggTNvjbi3yl3BbJw6o/jdwVFiWSPeRD0aro5zBoTmudiekUx4KCfWH0=
Fp6qI0VUQi9gYWSnYImrjAKRT3+rUhLZ51BJTEuB1nlcOY9OcQmwPKny+5PtNtYpgduu4AYuRKFr8RTTzmqcDVP2wCBR/KzeKlds8m4ejmQ=
Fp6qI0VUQi9gYWSnYImrjIsXTXHPZK3m9+qZp7iTCXJaT2t+d+5PZIq0SUSh7ehq/ODptK0sdNWqejWRJ1nW0dAxuuAXreMcoTdTuUKmIDmBL/yIz1ssBcjJElev1vjOzcZpbcLbGakVjn/CDwfzVcj7uwtCB+bfn0u6jsHJr4lTVR/0/gPUCpTPM3vZtWdDXsMUKYenfTBl/IrphqbaIF0g4lQOhy/euHwwwytPno8=
Fp6qI0VUQi9gYWSnYImrjLuj3k0jCvijgaU1tM4Wdcnmhr+OftS+XZRyGcQWSVOCbUPCVr2W+fJjnTxQTl/f30qQtO89pdmCkJjFdnMXn0Gx4YGwVw6kzJRcFHyGnVgD/Tjc5Djs+bHw4hboias3vmI4ijliII0VE2d7hNzW0D5YDb6Q3uhdBlXBvSAzT3fwAgr4lKGFF6M+lLwffrHX9QjrcFgrxsZhh5Lx/7y1K2w=
Fp6qI0VUQi9gYWSnYImrjImXvPok8GRpqMLLgDSgtRVCpb0KU1TTGcXa5c5hcqIN0+l8jlOwh0uOs5arWfQX+cjDTlJ1YK85LnJRUeGDua1IuMI9gyGevVblAcXKRrGpsvzOqZZAMA/D8RUGdvvLo0t3s3YrZwXcjwI/bjbv6DCT3frdOpvWb07s5IPEm9Fk6FohzLA2yhZrQfVCZMiHaF9I4lHDhqGFuL9FJlXcm9Y=
Fp6qI0VUQi9gYWSnYImrjHoiP7MJP/KDHKew9HZA+DTFa8Tw/DnyVKqKiJy/4rYV+7Rnt3o6NItTIhDpia8N17HyCCC1P/EpPFazk0HP5ALIrbdtK+YKjbpAVaShceMf46tNqyVMPkuCa9lwJDtP91Q/Qi8avA4k5H3aD9KZ5lUoDX19f6RCWd6be9fVcl0z12Bi3fPLo5nfuKmrMkoIaUJZqEPxWehx4//nBtpWGJM=
Fp6qI0VUQi9gYWSnYImrjMYckfcDY17cIII25xrXYKiuVAMy48MSWSqu+Jmtg50HzC2RnmT/pQUQhCkzh4bhMzn4Aix02omm5E+tM95jmg1Hb1aQPzy1M6LvsLNYrsyDhLtqlVRMkWziADrtzVBB4fiktVflIEvSQ+wyvUjM3eS1zKPDHpBdUyxQx/eD8QJOvbgXC9225oPKrnH7MCYNjZdMPJaea0dBQnOGJSivYfs=
Fp6qI0VUQi9gYWSnYImrjBXxYFIN+0F/Y4Z1O4U3kjl9+82HnUSTkDzbZo/P80UYOyQZLTsW/dU7dG4IYAnt1zabzTBr2wZybFZAJ3QBTpQ=
Fp6qI0VUQi9gYWSnYImrjBXxYFIN+0F/Y4Z1O4U3kjl9+82HnUSTkDzbZo/P80UYbmaRcuvQGc5DwNAELEsP3qijPtkjfCHSPzQE5WrepPc=
Fp6qI0VUQi9gYWSnYImrjO1oqO916H9JTJZlZ6akDJdsJHobsaCxUk8XNEHGTdySNnScl05Hn/R+CubUd6sE+H3xdhImcbf7sKk6mRVMv9o=
Fp6qI0VUQi9gYWSnYImrjDVwt366rH/Z6wr/RMHOCLitwfz21MbKGJDHPaoooyGvsJieifogiMD5afewPzzMrS9bPzhUEoZSRyNDJ7RzbVs=
Fp6qI0VUQi9gYWSnYImrjP55W3Oxmewuko7Gq6blKDLEyWeilHXAHfYQKOUK7C21eN+KJ3MBRN9jKfK13kJ+xN+Aq2gtMuGXcRvm9Itc/7A=
Fp6qI0VUQi9gYWSnYImrjIP/ehDgwBYWT6L1aJ/Jf4+BrW1TOaX94CHdPu88odqqVicy3cAWiPIateM9ScHUefZVb2/uGmC6rXBqJM7wmCo=
Fp6qI0VUQi9gYWSnYImrjIP/ehDgwBYWT6L1aJ/Jf4+BrW1TOaX94CHdPu88odqqSfjS+QASWvLgD+DM/zHNXDmxliUKdrGNC3csHLp8ZI0XHg4V7/loqp9eApZABi0gA+Cme3RBPmFe9B4S07Ofyw==
Fp6qI0VUQi9gYWSnYImrjCqex16+9eWAkRAEub2R5Dq2Gcl0wkbfm2LUdMf7vV5nI21GlyOKohdXHoQ2HHwutifMDn9vNDwmV5JqjEZoT9w=
Fp6qI0VUQi9gYWSnYImrjCqex16+9eWAkRAEub2R5Dq2Gcl0wkbfm2LUdMf7vV5npGuX8cCFbqBRywXupLnYBUyBHfaX3M/GefeHvZlN3h4=
Fp6qI0VUQi9gYWSnYImrjIQIDTv/7sngvZJbBNb7iLO2Xfc5Ri3rpEvZyYuoTjZAfjnnHvGdACKWCI4QdXbuXiZYhUAeXhmozL+iMeeSE9nOGLHLx/oPANKlQqyuUS4f7X7YYP9jIOhLaYU7KJVuE86AaUMmRjPhrEMu/kgKdujkwjx6uiC5qSwe5zNlFVIRjU40M9j73E0OVPNnaO8m8WfrkzMRRmcRBgPLwsMBaNY=
Fp6qI0VUQi9gYWSnYImrjKg/XybjlZ3TbsZ7/Vs/a+qD0m/aMSt5Z60gvuyY6voH65qOnagiLDEw1LpPNr9Zy5X1248VOVxDKVIijctf/Q8=
Fp6qI0VUQi9gYWSnYImrjArrltgCDaW8YmSBA9/UwTnxz5cJG5Ig54LD2EUBeyMQLhiPWIogeTp5I4QLqV+70U01VOPaUoEsHYoOjYmDfso=
Fp6qI0VUQi9gYWSnYImrjArrltgCDaW8YmSBA9/UwTnxz5cJG5Ig54LD2EUBeyMQmxiDHfw1nXtyz64tQQwAoqB0VmRlhGIyBHEgK9IZ5RQ=
Fp6qI0VUQi9gYWSnYImrjJj797h8TDKslHf2YelgBh8KDosNsiQi5zfcwdWB49DtAu7S8ujfMnu8yVomE5/9OfvJtzJMMmZuJtNNrSvYoRs=
Fp6qI0VUQi9gYWSnYImrjOx4PgbuOXZrY13ML2dzFTWUHNZDjm80n7n8PeD+6CgccKJ2nIV0j7+SKAzN7tJkLduP2t9bwZ33pLQLY0GkyGIGQ2Nql/V6zZoWUGhDc6QQxZP593QzvUG/jxrjDbC9Bg8Ew3Mc5ooB5+HG6ezMm4S8ckcAL6dlTzFqA0cMKSko7aOGsvRZ/J3rLlwrhwATtnm9eGzZnfCKxKVlXRNLTMI=
Fp6qI0VUQi9gYWSnYImrjM395Kj9JbHqt8rwhbGJKSCDmaCX3AUJ3feTHsgdlI9mtaN8y4MgPxS0DlxmGTyEa0UOsr6gUIDaf21eeMq23pM8Ejl92NSEysnJ7KOO4O6a5/47vg0DiVDpJOJrrCq82dwi7D4NMIoXBph6Y+qqunilwko+QP5t4QEqNZMwrfNVi9u1nN/BDp5OtWBXCnns0389XrrLt31pbSTOi1Kchnc=
Fp6qI0VUQi9gYWSnYImrjF9ktbzl2gRBe68vUY54lAEPBd6XUv7VOaK1qSDWvslH8ISHMAvYAPczXtgYArnbzF1gZqXwsq796qGwHStM+UfYt8OU84KQ6poNxVeNdLPdK5rsEcwE1ocHcB30f5b8jCs5VgNyZqYlnmqeI7IXBca4Ilym9/DgqIsjtEfG8cJbwsuVl7QOpoBetYn0e6DFBKRXf+rXQ9nTOJo2zNtY0z0=
Fp6qI0VUQi9gYWSnYImrjNQj0j4VKqALMYknw8wmBZZS/z1sGh57HJKl9AvSahbsC/YHugL5iQ3joKnbKUYi1OdvOzzLvTgqo9ozpY7l1kY=
Fp6qI0VUQi9gYWSnYImrjMKV++7rEIkPQe1+OSR/c8B4EKdQdxhBscdw+rrSU6aWNfeeO1TW1vb7wWfFB4JZu5CVpVGo+Asry83JEfteTTc=
Fp6qI0VUQi9gYWSnYImrjA6QEtNWorYYUiOqY8sPgHbGzXV3ac7EcVoQ/ZuZbjSo0u6qYEL4sjg69gINUk9IuvW7ir7C6+eq6CzyuAYkA7xq1hGAgV9Fg3NjEc1cF7T5KaiWFwWNJ+VIsYXDcu21cx6Gx8zAXq9DTKDpsopJ/nYoNtJCeLPAONjc0OIgAZg0oaC8pIgvBqCD5ME97nl5fPMB20RenT69QTnM+hxl/94=
Fp6qI0VUQi9gYWSnYImrjDdjzOD1hW/B2sAqYExp4W2DV0T5DAcD1uu9xEW1gDYbb2SXYYKBz4Fu7FPyUfrXOb5hT2yYPYkjlVqdNmuuFCQ=
Fp6qI0VUQi9gYWSnYImrjHAIWhztIaG691EbG3LtBQko28Ux3sh/vj0+ltP4p/8ssqqF2jMi96rJUYGobA7fHqgJuSCDj6cZpwjmlbeh3ws=
Fp6qI0VUQi9gYWSnYImrjATnenF/jzRsSBXHr2lNAlejIydvQO1kJ+6sjKdQw6o1Yxkt04OHY8g12e4sxl0mzTn7XOJ0B3d3vwvi7HmG7Cw=
Fp6qI0VUQi9gYWSnYImrjE4hyGaKHm5A/Rh9SvXUvPcrgvNNAeLy+TH78XETV837VqBCB8hZNEtdOHhwwtKQq5QV/jRqPYYn1EYAEZjhpMA=
Fp6qI0VUQi9gYWSnYImrjP87RmyOqwgcox4sEzEg0t2hT83NSB+mYqrsN53xl0ZQ2+06d9fFRO2BSGD5/A58tfrEVUmx1M0M8aIzg4020Zg=
Fp6qI0VUQi9gYWSnYImrjG44/PJk4Co5qYrMtToO7zqiK9jRf10cUgHCpp0/LV7EEYLsf9LsIU52dffaAR7s1D3Y2tMPYfNXieZgVZoC8ns=
Fp6qI0VUQi9gYWSnYImrjLBai3iPbwNfRAVhMHSAMXSqUKaAkOAEjAW9/1dd3YSCCRepDOAWeLdWvoYmlNAIvJlDtWxfBOBSo+RaAsCemOxFb6TDRJ9spHe/lvadkdLNMor+G6O2JkK0/Z8hcoP67t8S4bRMJOdIceCtkAr8lPxWkuz3I0JZjsvEr2KTJ4EMRD0zBxbRvvXnYBAHiuSx/uawEetCGl6Mi116+RiCMRM=
Fp6qI0VUQi9gYWSnYImrjGUI4eI71KK+CZ60YXpu5zPgC9+ZFVcXeQQa8Cb2Smb1NuQOF2CCjHIsPfrg5CtNC31gK53/OIBEnExIhSnkbvw=
Fp6qI0VUQi9gYWSnYImrjCXfswurQVRg2pxAlC1VY3Kp3ZWWj/YL44aZEDPQFVfAm6Fr4G4bHcfJ0vHAoQHu4SQAuH3hqbkcCTEL12VaR7o=
Fp6qI0VUQi9gYWSnYImrjO6Nsxh4t87gqDVyi6n1dtx1RM23O6riS3KbxtjQG6YYSjlU1bnUlf4SeSx3p4146G5rQ4WqrmyBfYoyXhEGb08=
Fp6qI0VUQi9gYWSnYImrjJzD6GZ30uuj2rDsykgifZUHfiI3Qx1yxfLbhyVKYxFQEPpYbK8Tn6iX6DhzWZjXkKEM3x18xrgeInDVM4mX8uc=
Fp6qI0VUQi9gYWSnYImrjFPd5rqCsn42EPyJU5WthdxJQeTf68ZFY9mXu+qgb9v1eftCCM6g7rcbYCPk+X4Xso4UEQ/HX/5xJsoCMOETPPQ=
Fp6qI0VUQi9gYWSnYImrjLGcpuRCvxHCMcA6aWpWcgu0jVDAalGuRxzaJeF4jiw+3+EZmD8p/DFn4UVdM/nRf6w/SbTuYIW1UEG3eAoPalL+w0YRJfAwMZsCE8A7d6K3mvpGddOP4Pecemrx+8jmentdGr2YqHiumrQY2yxZ8q2PE1OcywPH2sSSg8lywOB8BGK/vFohRK2sm3bgTKbdrRP/Y4RsLjIO9acC80C3pQs=
Fp6qI0VUQi9gYWSnYImrjG4fItn1aBy7ec+n4jpUbpLylq7DaGKM/UjT8CwgeJsOE50mmvt/mHrUwAVvZ0Yjn7I0TUZPNisCZG3Y5pdZEkg=
Fp6qI0VUQi9gYWSnYImrjC12aflV+RamdGwSMTo8BjX0pran6MHTbvKjD5E7A15mrfyiB8Yt3iOiF3Ni7OemS0uxve5REWCodgVpZ3PdB2k=
Fp6qI0VUQi9gYWSnYImrjPtk/cONajMDrBouVgdneiUhaBZddhsJxqrhcVa13y7mRCrZvfap31BF4+x2/+vKB50+/57q+4rW1zPNmdYvXzo=
Fp6qI0VUQi9gYWSnYImrjPtk/cONajMDrBouVgdneiUhaBZddhsJxqrhcVa13y7mCb52/Bt3b71984J0TXSq4Mh3eekvaAVQOE6Z8urs2h8=
Fp6qI0VUQi9gYWSnYImrjKYSmkILv8R6xirHTbvhpkWOvLhGGdz9daXkcUKVJwbsay9lk+UlD0d+QT1abkPIyj+DO37id4XHihf2DylZTuQ=
Fp6qI0VUQi9gYWSnYImrjJxLHBNwqGSJ1zEHUWrhE5iJqlW65ZIaFh6+aOFHCMSowsWT0DDRkdWvwYmnS/a0QyTmKkSbqMmHQEPkMHfP2xpGgz+O3n7om3IbmgRZ7EXP3R/P1OkhVmoBBYHkOevdQg==
Fp6qI0VUQi9gYWSnYImrjBz5vZUpORyLinFri+GWuqJVFjQE34UUsGFNIWKMOD3PwLVGnuXF6Wl/W6XyNrOqUu+AuGmVPI9gPf1HVVGRdmc=
Fp6qI0VUQi9gYWSnYImrjBE8DDTygsHdFtBdQ+xgZMmWMkLEc1eZHIiEjcHBJRuj5WoDkk05OnWFSR/fCSSGDrH3E3CX4BXM6DyzlyUMdKY=
Fp6qI0VUQi9gYWSnYImrjLV6AZaWbfZEDcD3IV8e4hvpqK/99DXZRLOBNcSIEZXvD4nVTfG4WrT1aJBByCL7HCqTv4PoKzLCexjlQM0Gl/46H8z5cxCATHhJMmEXhkaT5Zz40ILO4mDFMSq1gRVKdSYf4YrLYkpdCoAEHMgzbcOKMGNdZlD3EKqgZALF2mbK16WTHKJMFW4oi6sYt98uPCrU7mRf5eOdGyY1cKMPkVU=
Fp6qI0VUQi9gYWSnYImrjH664ZfMa0AwNaT1RZDJ1P6Y0+ZjpZhapJQ2LiggMHRfNkcT1m/RzZ/vGMSO5d3B6fnGuAHLP70WubMr8+y7sTs=
Fp6qI0VUQi9gYWSnYImrjD4Xs9cjFYUH9S0hu26L4M2ezKdxdwzICnfm8JtqqpCADBr+Qf+R4upnIoPGuTzVRWYht8hc3SJEd2Husk3rRqgBqWBBUY+JNIXXXIl1cFIf/bdfnXmNOgx6HSdEFDnK0JaDQbWlS5TbGscenKKuP79iShUwe9D1nlSawG9GX3L3AX/LeupbUDYB7kc/kX0qBAMI+5Ydf0dfNzWdoBcGnCE=
Fp6qI0VUQi9gYWSnYImrjKy+w+ayJAwfUJNOuVuNr/o+rr0+7yAaP8bORsVW7qzR/FqRJKqyM/JXFm/dDp7yVXGZGJfQ4NsnDITR69olHMU=
Fp6qI0VUQi9gYWSnYImrjIUZ2xC1eFLYwHvV9EVW7OsHGF7SeYWuOAfJWfOK22G+Jj+LYT1R/in5fD6FTvDbj1lr20nfiV/b958ukhxPIITWaCX6Nb0s/CETnQPIwE8Rj5tEahoYvBWGxwmTgjRRaw==
Fp6qI0VUQi9gYWSnYImrjBiauFnIHAWaX+sIh96XBKcxbn3egEtvVoIg7lrLCByRzivV7zIGJJk73g0D+qBkqfAkKJev2bLJkk/NOkh3lhI=
Fp6qI0VUQi9gYWSnYImrjBiauFnIHAWaX+sIh96XBKcxbn3egEtvVoIg7lrLCByR2hVjFmDRvrZfbTAuwJbm/Y8bBCw0+ynAP17SDf4Wg60=
Fp6qI0VUQi9gYWSnYImrjOm6pRWQratKyYEeYEIR98yxqyn9AhvDbDJfixRBkgY94pjiErWSYC61OYX2cKokNylS5AdLGdT/Q+HrC9R0AmFsz9gA6mALIvBYx692aA7EgEEVajO2i82rvZp+5sDL1Z9GB9QiFVg6/tPUFs2XTlQj4Fp0iNfZwhzezSIcrP6rih7Bnxm36s+UbvKWFIOeJ14DSlOGnNoa5rgWxFggQo4=
Fp6qI0VUQi9gYWSnYImrjIdzJ8p1Hclta5ZDyJRXxapouqdUKgVj9LpN8yI49RkQZWbJIOnBhrBz8jxDjTGK53Pzf54EAloQpo3bUhXKT34=
Fp6qI0VUQi9gYWSnYImrjOpQbOtI9d9Sua60KLDIUKjkqW4MOvGnSaM6NH63yc6pk172ChE/lpIUxe6FIkIY2UIZ+MSanP73pqXdgPZsxHs=
Fp6qI0VUQi9gYWSnYImrjPoGByZ05zk1KbM7AmZTXXtmFct53Fpr2q+RetutW8AvKm+3zSSmbZ0TIGRkvtrtATYZDvTDB7g8TdyiRSYkZTA=
Fp6qI0VUQi9gYWSnYImrjAgGZuEmKTaa2sZuz5DBFfJzUAt/JM/hD/rq9d2mthkXmTGwX5AC/goaCyivAqrHX9vtSbC5c8PTkNahKh656gs=
Fp6qI0VUQi9gYWSnYImrjAAh9+1JsIc/Ust7r70xuO0qPxhP941lgXM/IK6c30hyokYOvjyH7cggPINyAGZZGzTD0JTEn+hDqfZcdOllZjE=
Fp6qI0VUQi9gYWSnYImrjAAh9+1JsIc/Ust7r70xuO0qPxhP941lgXM/IK6c30hyveO8O+ZIpEVUccHQ3yosT9xJZDhDIF0/leH7eyij9hk=
Fp6qI0VUQi9gYWSnYImrjG1Fdtw6CvbipTJyz76eEXPjLaXqDQQ3CsoaVCUkbI9/ZnBYWzhB31GniA4kqoBeMt73H8P+OGHlHKYuFeIPNjJfwlVPbrhFG7mkesUJZ/1QxTEnrXbAuYnqt5mjge2thUtBi6fiFGI4HVjAhd/qqQDrSADrMhh4TnogdVCFWYip6JiqrdD00UI6fNKIDJmA1p2kzhsHqVuz6A7fJY0zW+w=
Fp6qI0VUQi9gYWSnYImrjMyRzO7HUAUIIuGN+1e0rMh3xYsCEKUBXhNx2AYB0HLOkNRIyq/3sH2vBGVaO5tEs9fI4CiSxrwm07wDtryjWn5CWF2DiN5H+ArpnNUJAH1gPFUDRPvim+OvqORRq2ysAk0j3OZgaO0d3VdEU2Evjbj2OTtEiG3H3NlizuAFtlBLiiSuFKePDO+XI2b4gsmncl8uPQZiIdV1M8cDg3McNKo=
Fp6qI0VUQi9gYWSnYImrjOWLuNolE0Ylm98tqTTE2smdRPXdEchJe3J8tEGNjBNYit81DR2tfjIxmliM7EjlELxjFTIWIRjVcd0IjndO/z4=
Fp6qI0VUQi9gYWSnYImrjOWLuNolE0Ylm98tqTTE2smdRPXdEchJe3J8tEGNjBNYz7HOsfh8W9nEBs+Ez+fYXySgvKpSea6tT7STh4diFKU=
Fp6qI0VUQi9gYWSnYImrjOLqQnOTpCSnt/zBl7b5cYrx8wYpm0FSVbuTou99WIsRoIzJK2+MEpMk1aI62EmvWlas8jVZnA5qulBREeSQ2cA=
Fp6qI0VUQi9gYWSnYImrjP0T8Z/2SCNfQT26sDeehuliXc+sPBJ2qnZJbr3v6AM9qR/0XG6/urioAWqTUj0QqZf9ImCy+Q7FSIQyXcmcHjE=
Fp6qI0VUQi9gYWSnYImrjP0T8Z/2SCNfQT26sDeehuliXc+sPBJ2qnZJbr3v6AM9yNhZ7zDLxKv3DrXAwQrQHavIGS4iqNKnuBBfqQvFULE/Np69rizKfjKQaZWG9K1L5PjTBiLxv84z/PKybvPd2w==
Fp6qI0VUQi9gYWSnYImrjHC90JWmpr0iMRV7IHyFtoZEEaA/o4kX8p/v4+luGXcQpG3zBxEEc44OIAGbnNdMVn4yIc8G1c7roDIHZZNUghc=
Fp6qI0VUQi9gYWSnYImrjHC90JWmpr0iMRV7IHyFtoZEEaA/o4kX8p/v4+luGXcQaV0kaWXFUZ9wPFbFfCzLX+F12lDbxIkQaUr9JbvyeVU=
Fp6qI0VUQi9gYWSnYImrjIDRmJqc+ieY8UCwk6ESxhZ8aUjT2mJdrly2Hxh2Je0ibE6m3R6zEnA2a5wOfGFFpBYDbnXhFNh1KdVYHEKsbTRJtdjWtDu0sPVG5lNIVFtmHXd7enMCsoqcA8nC9ndS8uf/oOpCjCUMdivUiwu2qDAUp4hp29zlNLJJYTAKIGgHL4Hot9IsJOBVAskXBNsyuw63VJ/2bcIoCf+FujLYqjM=
Fp6qI0VUQi9gYWSnYImrjNX91n1HWLe2B/kxG4Ke2ww+l7Rl/HEATlcSyofdnj2OwJKcFzYt4GW/OPsueCS4DvP8m2FnmVvdW2oXTPtlA7s=
Fp6qI0VUQi9gYWSnYImrjLlwFxS1V057kVSNQNJPUHyxBm7W3HEJxj+IkY+IW6llhtCgJPnmrygRhRcLW488Vu0cNumRirP1DHr+68Nh+mpTNVDDeH7OUxfU6oIhMDlpDtFXLhdwoqHXkGw45g85uQ==
Fp6qI0VUQi9gYWSnYImrjEbUxpOK65f/Wky5uIv/adYHS9Ba7O6rt5BxTnRnrEBwFrds+h9XcfBBE5gT1xER3gSFghnfRsJWNu66cEmpgaY=
Fp6qI0VUQi9gYWSnYImrjEbUxpOK65f/Wky5uIv/adYHS9Ba7O6rt5BxTnRnrEBwYTr7UXrLalu3km9wiIlQmiTMV1IdFKb4AHc+hP/1A6Y=
Fp6qI0VUQi9gYWSnYImrjBPJ5JT+2FwNuD3G+m4ewhqAJdY232WU8rqRxKgtAQs7OxkH97KmDQi94Jzkf+w/37zClxKg7j5cW3QKQ8BqEWIAmU0/lygR7dMpQIN6aeT6Ma7AGXAJuJ++D/arnPnXCloQhPwNukI+m90FfUNYitYoRjErAGeyxcaFF3NypzOXuQs9PZ4UovDTqVxg+lIYSDJ14DsMir/d8w8F6upcRH8=
Fp6qI0VUQi9gYWSnYImrjHyFQr48On6Ctfv5UZlaq+1lEM9H3NGh/7PzlqjtVMTiYHE+Sth+ObKVqNJUQEJCsXTcFPZElexAe0lhEbj8ceg=
Fp6qI0VUQi9gYWSnYImrjIfVhhMzPH1D7tG9uD/oxD2p7lo7mmH6fCzBJCSSMQiSrdD6D/0pWuftFje4ZllMnUKKfJkyDQIHXhjRXKsLoQI=
Fp6qI0VUQi9gYWSnYImrjIfVhhMzPH1D7tG9uD/oxD2p7lo7mmH6fCzBJCSSMQiShS8tj+/QRteCjEXQZbIQLXpmDLGHvu3hP8qYTG8j3h4=
Fp6qI0VUQi9gYWSnYImrjFu3nVEOhhpUb7XxIxvSG3b/uglB/LT/4vtvlakE3oqXCd6E0NmzabLnX4FnFgebLm3buyUQpYUPhGWs3es4q2c=
Fp6qI0VUQi9gYWSnYImrjI4/W2+5EvfADhhg+EI105OxY4XIUxlprhQDxhpPUu48aPKuSaaG9DALlf/gfXU13Rf/7BpaPf2eP83Irr6Y4+c=
Fp6qI0VUQi9gYWSnYImrjHfluqSLtedXRMCbjye3R+plyw1f7PJ3KVx3lhBS7m2wf+QykYFEo3PORHhu4d48iU0n3nMj6TmpQQ0H0ybsaVga2tIUwl7gRLaRRZuIj055hdghWHm2VRhHwIbpxajws/+ajAAWRzIPixLBUB3TWKc6kEoYS13P/jqrn1N0o2k/Di3I0xgyWcqmgOReeWo2HEwuVk4/7Yx6eDQbc1TIAs0=
Fp6qI0VUQi9gYWSnYImrjIQRn5/XsFRCGYVQIIofRdzh9x5uKu0KnizrCvxhMoQ1tMiQHSPcMCEjaDiMcitv9GXof2RM2qQB95LXfbBjY4c=
Fp6qI0VUQi9gYWSnYImrjIQRn5/XsFRCGYVQIIofRdzh9x5uKu0KnizrCvxhMoQ1tdl1h5OmI01lod6pAfhMnW84q5OGYaevPUiAUT7HRinvMFrCxr/ExUxJBHwB1O7ORh9mjOAuQjtsLSTD7nbExA==
Fp6qI0VUQi9gYWSnYImrjMz3CUvWuPEUU7LA4G3GctUWjMxywpl6YvQgpRQpgQj6DAIPMOjtF2RL2sIwPPWx7dz02nWe6rWmk3FTOAMEkr68UldIGwJXbn0n3OvZFxaEfZZhAso9B0/rw3BxvOf4CsxS0c9ptfE+Qmt/ioIjsUs=
Fp6qI0VUQi9gYWSnYImrjMz3CUvWuPEUU7LA4G3GctWX3OMBINPp0px2F1onyLAekQ5ks6nPC29E8fnHBDzE2f3LXWujZG/f2ieVJv1VvVE=
Fp6qI0VUQi9gYWSnYImrjB26CJdeELDfENME3CXwCcoxNINbr+DUR1mzczmbpuL84xZUjuca4UczqubnT6Z0OuTR/I0j1Yg80+HuOESZXFXYTHdE5nYhFjJe5mpE1CWKdLDisJTqfoWmHz0Bm1RvIQ==
Fp6qI0VUQi9gYWSnYImrjB+JECi1tXJYe7hZiZJvN1txMu3RmubyB8d3OQKuMRftE01kZvMCc/ogBGFA58R48A4sSihkyus5LQJkyGFomoQxJRklyEC8oJD1bojiwFrxfbrmmzBWHEoNiWFlIkK2IXA0aujt7GSSKIPmCuFpfKs=
Fp6qI0VUQi9gYWSnYImrjB+JECi1tXJYe7hZiZJvN1tgVFVKiaD3d7o9URgmBcXn6EYTpe8xzIllZQ3nC0z4qbuDOr/tfen8TNytR3I1FhU=
Fp6qI0VUQi9gYWSnYImrjO/ZrqLEcw3gBmXECAvXHLizM/DoVPX5vrR0XPNBzaJNFBIJQlbyx1u9JdYnelBiDKVyiKHTBSYK+aPB5+y3ZNYC5Geheg+L7f5F0kLz+EgCVc/7a1hP+6SkDNFsm5IH2g==
Fp6qI0VUQi9gYWSnYImrjDfQ2sUCxVbL/u28eJknGSiI5+2qKJQ7bM311Cf0DOabd63ppI1iOCMaF731/qUcjdItSfvVxmqiwhFAQrWCbmqQ4FRIAHpAYEzTZNIhY3rE+PeyrIoqVBrjjkKCtk+3QQ==
Fp6qI0VUQi9gYWSnYImrjF+j/aqB874H5RqsbJMxxTkLFT2pUFhMgeflD6pwgPvDIr10eLCna65PbEwxCMYIPpM+ZwmFAIVFa7Kd9tu41G5QlJqDaigHhxnF6VyFte4EfYtHafiuiU0xYisqQfqb/A==
Fp6qI0VUQi9gYWSnYImrjKTwWvS3kZsyfnYVtxrbC4joNW6Z+0wFRn7lG5VG8t5SUquceqOotflO4MAePiuFy9k69YlkxNuTRdWMOib4DS8=
Fp6qI0VUQi9gYWSnYImrjMuBfXhHwhPpJmGIKOitai+DOz16iTXjobKr0FyKy82tnfjO268U22Y8g/q66LUaL8ys3eJ6KgBN1GvrSy/IXXc=
Fp6qI0VUQi9gYWSnYImrjKGZRqXdlbMGxdtPKJ/f2Uadtlfx/eeqHJjXjNnKIaTxR6ZzkNzLowlcU29P9erPm86Eu9PaB333O2JB/JTwxOA=
Fp6qI0VUQi9gYWSnYImrjCuEsyvT4JVHOBPzigAsezvyXCC84hjf77hc/mHue8kBHl4onKRXIo7AK7wA7m+P8i71cMGV9XcPuI5aUnlg08BaWUvrR2os4WZKxy8TgV0n1X9rbmxe0pJWm7d8ktLNIyzwQRhAzyoVS5x2Ntk6PGieQqF5NFG+legGuLu9A2NdmlsTCKKVYA9VVAlqIfj3B8CFr0fOZi+Iggdr2kD6MHc=
Fp6qI0VUQi9gYWSnYImrjGRXJaVZnpgOXgxmbBhAJOG99pti+DyzEvf8CyJF7Zcsc3pr+NgK5qtbTkupOwrXRGDGDgTMQK86+V9BX29kUBM=
Fp6qI0VUQi9gYWSnYImrjDp/As3jRSMkIJJ8fU/X/LvJ4dkZRPOJlRSNHUfmgm3ohdgEckPCkaBC1UYHfCaUcpoXg3m05thiC6NLFi2Xvd8=
Fp6qI0VUQi9gYWSnYImrjGbOo1kADvn9lnKc1mmVGOo0RrIRD/zJMtftucLU1lcNEpzf3jBW/VTiJUX6vznCUxxb94Ks0bApjmkj4dzpNSgxOaFlClzhFpSYcGqdMK5G1omYGCTr5ZeAYenfihtYl5uLFkj1GPGeDlQE9cq74kyXEgvvtIYoGXWRc6cV9nzda0UH7n9EhUv7qt+5aQhuX7sPULtKe49XSVXgLZfO3iU=
Fp6qI0VUQi9gYWSnYImrjBtJp1qrIy8+F077MEwvd4NV+uvanIG9B4NzBaf4PRotJfUgYoS3d4lZlfIRKNSOp3yufd3Wmpcb/3TEEJFyK4z630T41GuzBCV75JN1S4rCmKpOSpZWxqVaWVD/JAiXhvvofOObcA0oKYMfhnAoUy7yZqgs3sJPzJV1Sr79sQ0b2RB5FzlMu0XbzJSJYbYXm8/l2ARj5IPUHCXSBxyYHD4=
Fp6qI0VUQi9gYWSnYImrjFbh19/oPZU2YftF2iuH0y0f5C4IK32FZhPjsxxV6XUbxQG486v04IxBYsGVzZvH9I+5wrASOiS3d/F6a149VFY=
Fp6qI0VUQi9gYWSnYImrjLD445otiQnU7YRnys3mSckjzA5sb773/IkNct0Iff1EQ1/KF8X138gvA6eEiAFjZ6815Zs7ErugWQoyJuPa+9LcL9jMbPp+f1AARsGpX9/NRxrN29zomSP+iX1OgyoKOG7BY1YfzmZfshiK4R0mC6L/sLe6Ye0bxUjQCz8LuUZqXi1h3MIaA7eoiLAzCvpkJ3l1+XIhjWnh8UGHNusE+FA=
Fp6qI0VUQi9gYWSnYImrjKzFIt7ymMWy2oalpiUFOhf9qE8FAcoYFIGYcV43fGEoiDjkDsvXinpXloZoBCWo88vAQh3RBYam/AJABPCFbC0=
Fp6qI0VUQi9gYWSnYImrjMPNN+0ZXMhgQv1F+shcNqzaXv4FN+vmKNpe5t1kb61sNCTQo8ZwGR9jcmqmLYgejOb3xWIGWvB00ciyNCI5Apo=
Fp6qI0VUQi9gYWSnYImrjEujoYzeo43xxxxvYnyu3rZ/+I8z+/qauLFJaFJnXbeVDJtxWz0qdPPe81vmkNHeyC55BTZmmmUKsyoGnmYurzhJNRZMeIJLBBgbsWOdPWIsYDjZW7dPo+PlkvWiitJp7A==
Fp6qI0VUQi9gYWSnYImrjFTbl+8uWJH4JLCKuIokimQ2lNRAOFkqB5bRQzYz1Hu55UR3BG7nFSybomIoeA/9lxkJMhhFnLON3und9C/ujEA=
Fp6qI0VUQi9gYWSnYImrjFTbl+8uWJH4JLCKuIokimQ2lNRAOFkqB5bRQzYz1Hu5gHSBaFEG8cWNmkahNejd5+jt0FDSN8UtlqjdmGfLfLg=
Fp6qI0VUQi9gYWSnYImrjJmTRtdR0L00Vm//raXu+pZyYZnOQCQ1i34jFBy3AgftPONXVqnQcqc9OFnCOXkkrWlFknjWFQeIK86nvIVjp1g=
Fp6qI0VUQi9gYWSnYImrjA1fwmPoSMWD1B59yzZGkJPz3gPxsidLbs1lYpDKSdKacPcReeLa0IcNxbIMea9C8WmfbSM+68eIqqG/7qYkj71sFCzblqKP9PiZHPorNocsuBAk/mMZw5Fkvxl/WTrW9OrRlIAXWMRlJZEwppXW2yrTZhNrOO3OlUfzV6Ab06iR856LfzIRcnMFxlBsTpc8ObO6LcSARXelOeqGyAE61Q8=
Fp6qI0VUQi9gYWSnYImrjKmSemMKmehKbTAukQD8EuLgadgFktLNBxGsZPTza/iuPrOhO5VRb8SuZPYsZcj3H4NBN9lReeb2EoWU/QQnbJQ=
Fp6qI0VUQi9gYWSnYImrjJrDnbeQmh/Av/Qf4da4QXvSeWdAGW5z3jShqiE3lxYgL2QTciaVJ9B43U9uKptxPoXpPATNbfQqoDWLPzQPRb4=
Fp6qI0VUQi9gYWSnYImrjJrDnbeQmh/Av/Qf4da4QXvSeWdAGW5z3jShqiE3lxYg/Yx+8bJo/rjQLOyjm6WvRkKmWrG4YOsj058EWUeZydEgChuf8e5e5k3srXwoIsIU6RcPEM3HqQj2gxK+DJjgtA==
Fp6qI0VUQi9gYWSnYImrjGSy95SjaiT8dOZ0JIeDN64wkmZnXk5e6+irP1RUUfGrJsTJyIxo/P3b2HbKCV4nRNT9FhelZwlSRBR9WJuotEY=
Fp6qI0VUQi9gYWSnYImrjGSy95SjaiT8dOZ0JIeDN64wkmZnXk5e6+irP1RUUfGrrbZHOA/T3tA1qlgFkk3ESldJUSpKTnKs9NBNuNM4/rg=
Fp6qI0VUQi9gYWSnYImrjCBfqLtmGv71gxIbvfY2/9/DClNyEAzDOYvg9HkITGLq6xI0TTyWnenUJINWbtJtXFOkIvgjvHcWTGMhhPp49eFyDy1Nmbo0pqLdsC5zR/3agqnYHjvb0aiFlaNBpunhOdOPOGk1FcXbYjc+Hm5Ko8DH4DNB3M/ae9H8PzszEpZKol3tgNN0IxSmdBL1/3N18fKPXGObtEj11897b8Qzkuk=
Fp6qI0VUQi9gYWSnYImrjOMv9nkiTaU9xKkY3kvDj4C31d1ATxUKhkGD9o4JeEUMubQt7riBolbHThZRwgABvU136C0mG3K/t9N+r8xpXhc=
Fp6qI0VUQi9gYWSnYImrjM0BOlyY1/Nv3W3Lgz9Z30WDddc7lgIU46HXMCrUA0Ypw9cQ3XKEL+jWfc804Ev5qHONgPPSa0wMTjhut76WeQM=
Fp6qI0VUQi9gYWSnYImrjDpPUV2riHKINQLpYLD98UZ94/gZFlcTYFP3WLuP/7E5J9U9CBAfh/FlU/gb8OdOPK1JBtm7Bn0ct739EmxkuSQMSPZcYvHZ+0IO99Lzc6MdeZsER/kee9QYaPMn8m3hxw==
