GmcONIA9PFzHw1gpPLLPoqev3ytAH5KO3S/CJpMsylg=
35kyjVfwBJgytCi6KM5Vug==
FNt9orFfFSbPIXNSbXcP2Q==
gE2g7VQeqq0h5MkG44fPUw==
A4ZCFW7RnVRfEnbtNxUDb8VFIQmzxcIFLuiIjRY2q84=
cwgQW1UgxyVfBeSrdwXHsPE1eoSAri+NViVSjTYe4hg=
pYn3RyiaY4vz2unSybTHuw==
mAzeFbkWBGyzJRgEWJSZYQNn44wFaguEUnqkvHVinQw=
NiGef/LGs6v8Em6sqLz1GYGKB0111uCW/TAqgkiW0+w=
2lfNnhNY+w/3xMaMUxJbE0YFT/wvMlSDz8Vrd5FEs18=
HkJHSORm1XZ5yXBxa8ix3JRHtPF1He4oDcioebietCMgTvpWwanSEOpHopgObZgHoaCp8U7UI/2l3JgtPgU5wA==
HkJHSORm1XZ5yXBxa8ix3Ox67rsw6RPVD25wLvqp837d/xlBVxI4UXD0XfKr7I956yBME9gQqrJmFBN5OPZyTuK3/W4cDW0ZcJm4oLDBASGfZCH/whgensXrkqIRaFXHKleM6YsOscmbNH3r4WjCb23zeotUT1HkvsQyItwCdhE=
HkJHSORm1XZ5yXBxa8ix3JPsxwFrnbDfs73v/DWnmdBq+P5Vn1y1SmQrKYVZyzDHMeVSNff4jvribJ46Z4N5vOQ3IiKHolO438t4t3wZMwNOLwpcpAQ2y0LZEFZtUnde
HkJHSORm1XZ5yXBxa8ix3Bzg1oMnbUcf3ky17CjBb+BJtlq4a6UiGkVBBumcaIvW87bdNpOjqmtYDKEFmHqd/B675uw698mo3x7WSrhI1hS5WBEjycW+CD4Pms9N3Z16
HkJHSORm1XZ5yXBxa8ix3DrzQQAJgL/7ncWHKB5ZXy9vhbyFZf6FbaLu8JC3PWlYLh9LqxJR1W+Bs6AfIV/QiitULeHbJ2ZvfaUZwWlQDAHjadNSn20Uk6+x5KPootueImfz/bJi7a/iYEBzU+np04e3MTyE5LysVBlt7lrx5HQxC8DVuytyVv3ywpcO2TCT
HkJHSORm1XZ5yXBxa8ix3PLHGxfuvOulq4pvay+GpOnkY6oFigbDze89q5cf8cXYkUGMi1j+7Y4ZxMEijkiXe3lf1LV61+KfXsVvN/aMbTnlS+CbLlClwoXfUzmp/1ZC
HkJHSORm1XZ5yXBxa8ix3OxMJVA7SLcR5RHO2gvl+lt96DKY+VdelUydnj6v8WgKE2IFZ3D+7PNHril9QvO2ni9nethok5+rHhVRFKpmzGie5Z3yX8rc6ZRLyz8l8Yyh
q6XkIkbQiqxii1umR1psNgioJZ7udxUEBkVf2kszSaGUoAH7ljttrfXg3cuvMMrex+GmmCr1FX6YhfFwVbYrh4WvspQMKY1xjrFTrbSNw2bJ0ZQt7UnUPAUbn2ov3uK//QG1vud7jF7RbO3AFbfGUw==
q6XkIkbQiqxii1umR1psNmWZKJ55CeTOz091885xYK7MrnhjQWgCU+/myNXZq+tDeH/uuL9LVPENcnbQKkCyzUkckEUBoVRoIcMImVG+neY=
HkJHSORm1XZ5yXBxa8ix3EWJRsXP6pewJGoj+zNw41/vCh3A+YkP/h8xGjgklekpbU6aIWY29EtdUdBWTcBx6WJ4GehIqqWqkjsksIiScBHWfKC4iByKuWrlbm8LgDTJ6erY5UktYQgMTBYrweIjhGmg/IrB1fpBsE2mpZDFvE4=
HkJHSORm1XZ5yXBxa8ix3B6omVvX9/x5Sf8SRmNV589BeMritGdnRPoK6WnOK+mM2qYsV1/OjgrtjjvJqtRKcofDOVyCsde7/yqsdfWZh0YvExCv27wbTWOWFbQcjmjWBZgexPTXai8nahYqIGXN3yLPjp4d1URBgrfYlHZin/vt+4aP3Yu6UeZzOQj7JXEw
HkJHSORm1XZ5yXBxa8ix3IH1Rko/qUGH+2znKdNpNp0FKUsYwng+arNXjEkhpE7rk/0T7iqIv2gQvNN+EW8iBU4rf3PzVMGYNTpHeW5VG1prEOPyNKhtBzNb3asgEvu0
HkJHSORm1XZ5yXBxa8ix3Lsj5OlpP6+60T29FZw/E17a+9LDCzjPfsdruL3nuizsuwfpJGdokS0tzMPqxMUyTEOHU4YMJIv/ab0n0tyvgrWwIzIatLHAbZlrAWJf28brWGw3WlgXko6XjmP+GwFOMg==
HkJHSORm1XZ5yXBxa8ix3K/6ZQp15vQGQLnndIUCDrv3YdsFVURhqDW40vTkZpetNnhJGSEepgxvKMlcIcuGy0UOHuW0slYC4R9PTOl1dlhUqfzOK00+buFgw870QwNBSV5nENb9qOlfBT2KtYvsax4a7SDTyvq87oHs608BFsG52c52kv3Aqm2mTG0TeyUS
q6XkIkbQiqxii1umR1psNmcQHowDNs1rn2sgnQsPvje6Sgj23qT0IkhQkw4GgawOWAm/0W6VoPry+jczS728wTK3TopG9yCBkFR/sHxqBLHo6ThVW0kBYHrcM1Vpke+riSnuM13qMzq2JG4/aUO79g==
HkJHSORm1XZ5yXBxa8ix3I55u/OuPINvxdw+vDIvEFkD/h/AeN8FB4ag9bscp+XAAP99QNhfLBrJgzml8EWYHJiuLF6WCMA6JEumH6LYeV1i6vhYCzWp9hn3jok49rilqfl0vyI25jeapo1qhNhl/sAfOa1sHoUG9kHJ6zNF7ZA=
HkJHSORm1XZ5yXBxa8ix3Eex10D8bKy2l67Zqnk2BeFJEaIXZlbk2Wit7r9wC6ROiMiPz6y3fRQ0laClI50bxyZeo01pViRBpcoNt8jwyhnQkH6rSc8kEXrFl0oApGW0H09xsRZuxPFNG8j3v21GHPHhL0ZJ0/6PvHMHGDsV/RM=
HkJHSORm1XZ5yXBxa8ix3Eex10D8bKy2l67Zqnk2BeFcxBGHmDc5Tf99fvriTrzzOLaqH56WvNNSJdA8pSyeEK+DSN/VEtd0zVk5ZskDpfA5256sXK/DKwEVwXsfTI/G23qsPqwSNYIXQtcvJWIxt4U/Uz4sw1RW2OjNTYjL9LE=
HkJHSORm1XZ5yXBxa8ix3Eex10D8bKy2l67Zqnk2BeFJEaIXZlbk2Wit7r9wC6ROiMiPz6y3fRQ0laClI50bxyZeo01pViRBpcoNt8jwyhnQkH6rSc8kEXrFl0oApGW0H09xsRZuxPFNG8j3v21GHPHhL0ZJ0/6PvHMHGDsV/RM=
HkJHSORm1XZ5yXBxa8ix3JJDdsd5VJh2TrEvI3Nhnzwd5v9IwIEqn81rOJ0HjOXSG6YeAfkNVYKdhvyqEd3DBt3lbh/h3kJieUXcSVXrQHg=
q6XkIkbQiqxii1umR1psNkJsZbkC1nv8nwksm/5xSx6eTbyWaVu3KrTBIHXNb2Nr4ZDLGvlZGD7i4hxWvVID2C456WkbD8ywNY+wEmVpjlU=
HkJHSORm1XZ5yXBxa8ix3OU5Dqqaputj9YZjPij/PXdgdKbPAbxJ/O/eG6DYrkbLYk645YtEj5lTj7TcQd4KoD2Jj5MV0Z96y/+J/66z370=
HkJHSORm1XZ5yXBxa8ix3CXQIM0bjRoWOqGCqna2DEDgesbipv13irBwug2ZnymzfAWTBQSl8+v1XAnvXdQqYFkjrv8K3Uyy/qoM87DIF9Y=
HkJHSORm1XZ5yXBxa8ix3CXQIM0bjRoWOqGCqna2DEDgesbipv13irBwug2ZnymzG1XwRpMeJnGTp2bKHJZoM1mR6Vl09rVQL26PIfNKoL4=
f2POnbeydlKBqUkFzOZwxgsoAQOSNKmrXNH5hoceaLICa34xbhQyA4cVTb3EejcajeZXPIs6ujIRmDuY96f9lst2WoP7pP8J6D/JNvizmiCxvSt58yTgPlwkUQvwdis1
f2POnbeydlKBqUkFzOZwxs8lzwkHqj/UjeMUbaoZQ71MmGwUGH8iDJgThuOP2CtBwYvzQLkbskYNzkEiZQ/PZtRYmLZFkTuZmNRG7NXtqFj2EOZDJ7icp7x9+RjhtHKP
f2POnbeydlKBqUkFzOZwxoEK3+5GANwOF6jM53RC7A07DS9Kw58Tmh6Kcw9n6vrJhsSnHyTiPBCzUdaM2WBljVsZp2g3aWBjGWid/FCby4rtwTBVWnwpplukcaJs5XSd
f2POnbeydlKBqUkFzOZwxoEK3+5GANwOF6jM53RC7A07DS9Kw58Tmh6Kcw9n6vrJLG0rwBXEH5khqGFSAXPLczDfcrVCZpFhT8wI1eWj7AR1+9CO88VzL4zJdr9c84cF
Lt/eT5srgpn23FLVgFMzgpr09sXdl1EWlmc/iyTJRYiQl5fDtuEiSQgYKTqx7nTCaso+0vfw5bJmFHqmL2Bi58K3BzriU6UN13LX1ZmwmYVRycZfmDycYCEps50j+Z6W2yZ/IJBXEYjXlTSLpAxUWQ==
Mu3aoFdzIABsZNLT/lg8k0ADt8sKapeHhIS/Ozup7MZQb290ESEsalm5uCYSbWTsG67eXSrGszJi2BZPIcNCOQ==
W5ss+QDJbNj+wrdbD6H5yi9gT1O2+THR8dBMLbzTcdnlzQKKPkgNIwSkVlQCge4/d5HAvScu94fhteIdnDfXipe9MbPkHQGovtMGdHMJAolpp8/83q+k3E0Pm8WZSzvWoEdhiCfHsN2daE7gFGardA==
Mu3aoFdzIABsZNLT/lg8kyGrf5ryCNace1uvgT3RqSNEOqOW8gAFkvt2QSKIB/SIKXsqvO8MXjZ87DeR4iwIB1ybI/CU0Qxo/r3ABTBBYog/8J/6uLDObvuMw+EeE+WFXISHGlEC8vnuFY5ayZTXJJRQjxjaXArdy947a806kic=
Mu3aoFdzIABsZNLT/lg8kw/mNWHeBICLKjl5ns73Er8fG8LPnS+LgBYJ+KurRsCG0wl8ROi9YMfHggjc4lPjAt4d6ydXttRDrEBGU2+nvuvabbYsAifiG2vvlhy68f6M
Mu3aoFdzIABsZNLT/lg8k5+B73ek2wQJdke/5r/RjtY8rSA9+T9cb1LJr2gFFesyqxCV1UNK7Bxn+lscinDZgY2i4ZWqcXqulvexBnnickAl6OQZmZksBbROAGLD6aXy
Mu3aoFdzIABsZNLT/lg8k39JLFZ7jtTiQS8Te1mRk3Xtt2rXsiGrFmqBT0xKNOZHVHdTWIG5zonYt3rKu6zHixx8PIePaj9ic5DCkBXufCxRxuRsEdUMuuhWXxL457GysTa0wVEg2UxHvvD6gOdJdXryXpLURC2nnXusNuSlDs0ouYoT7dj4BJNYVK5qpsze
Mu3aoFdzIABsZNLT/lg8k0Pm7aOZ2YwyWUcT2bpqqqccAO4cbMcJ0+BE96SUzLkJja3I/WJoC8NtF1bWgYY15jpX/WhHC6q2XcxT8Vc4xbpN1w/fVHoRgpRhTfFVUEzd
Mu3aoFdzIABsZNLT/lg8k0Pm7aOZ2YwyWUcT2bpqqqccAO4cbMcJ0+BE96SUzLkJaa219/fSSjKUVO55NHw+qT+Hc6OVjx8XmeT4p6ITDWmnXpM/PZDez/IVk7CdNkEf
W5ss+QDJbNj+wrdbD6H5yo5zoxDWUEfHbDaiSR1iIh3TVK5QNl8av7ASu5gdnD0qrTAS66D+o4pP6CxECp34sNykbJ+XvD/VxvatB3jEZsI=
Mu3aoFdzIABsZNLT/lg8k2prkBJy10RiJZMUocy/uIQGrGlyKUOdqRiODNJrCuunRfHMEkZBCSjtb5YSMawkZ/wNmuzBU65FxJMFdZnBFBhuXuBocvlk67aebcMqbRSZGgY/0kU2DYLBeMsTQgjkcq/lSy63KoY8iLWmg2C6Lo4=
W5ss+QDJbNj+wrdbD6H5yuMg5HgeyiH/hyCJlwcNLj4oDL8uUZwwFZJQt4jd5G/ZPXFUcwG76cbMZmMdZuGzGIRrRzE39Gr9IjX2qECoKAj0BDih8DAOU/ERDPAqV+0tf5FdF2Kd/YNWWHmck4pCJA==
Mu3aoFdzIABsZNLT/lg8kyvHsfC40bTZFjrF0n2SOnrM//btYm5WhaVT0BCe7eLRujlinfGmp5GXxv7R6WByZ1AAShyS9LlqXxmdWub4NrG+SbHP6qFmaUSA8aXueQMFldLDQ74rhMGCp343ERzi4wiWOXdxOOETMSL5509GeOJT4zf343VjZUqaevVXbAC/
Mu3aoFdzIABsZNLT/lg8k01Nnm7y02ZZw29PIciaeiI7IfeYXGpxXJ0WJ5VbcKfsmzC2Nx9SqEAoT9GYstu+7LbjClt/B3ln/R2PVTPGpu8sm7bYK+VSQqgpY/hoXcvS
Mu3aoFdzIABsZNLT/lg8k152fZ0yu7CaSzKar9YzvTExBeoEi3dEqFEUaWlTw6yaRNkXCOxrpyflpbaYPXFrToozSKRW/XN978Qt6K2GeUZaDy5U0Rvfng1OTMQzI6gwxvyrlTz8CVKFXLCfa2cYWA==
Mu3aoFdzIABsZNLT/lg8kyw3J5VuSWEZQ2dKlAZSh3p07z1wQkysFMNUPCOViimuJNv6AmciYOYa49nhn6/yaVkYS5iK+eGlQ+RP2FnqZQRUL03p3RfiBMnLoFjtcDMn5YuJWT4W7ET5hLLOE6rq7iSwYq3ocb4ghSS2gBOxV+wre1oPCfvfwKkopR9CbrY8
Mu3aoFdzIABsZNLT/lg8k8H+lvhsKiPGeHjjQPA+yHnUFZUrf5397U3CAmcveDO/JViTy+A26RO5g9O86Q0DO+ddQibJe0dZiwFttWZd+6pB0QbxRhSptwJ+ez3yKD+V7CFZbryKxLtiPv5LHfbrG7xMLvi2F29+aMTPcabSrUA=
Mu3aoFdzIABsZNLT/lg8k8H+lvhsKiPGeHjjQPA+yHkI6RnBPxzGJIpCdy2XZsnpv6BYv8EAVOXdMxJYVLnKJfoekiB0pa7t5OUwQe62BSXGyANkEKtfUCYzWii8sD9x0OpginvygdrU9BqRpOJUsT5b1gOr669NU0g0TtuoqYc=
Mu3aoFdzIABsZNLT/lg8k1WSGQRoLK3APcmxGAQSyE8H+W1lSfM1+9ac3xwOWhfHJChF4GQLWgjihDhxbjaz5vzLJlfXzf4O72tW3msAXdIpH+YwcmY7SkZyVO5AV8e6lKUcdVKS6ST7x6Vujlr8TP1U5Me6+BVUKLSm1rJViNY=
Mu3aoFdzIABsZNLT/lg8k1WSGQRoLK3APcmxGAQSyE8uS/9OZop/ZSZhoCug0pfhnk5JmAjzbIrC4iv+XR83HYGiVx/OSSaWZ8V35XN5/6NVa91dpYj/CDxqiguL+bgtvnm7Id6GdDx2nfVZCwQCzW2Z8nCYYxMjluqDkcvTh4M=
Mu3aoFdzIABsZNLT/lg8k5PDre0VW0T4nqdK4msLWZiG8Zjt7QWiFcEn8KNbtkxjyu7zES3k6HVfLYJt4du5BeoJ5tZRGJeBHEZ7OBXAvY4=
W5ss+QDJbNj+wrdbD6H5yr5yZ2zEihP4BJ5pysubQKVvh9i7GY2gbSvEwsVwDeZ13DQepFZRk/THhsHtWcrcaepTx5mSc4c2np341N4loj4=
Mu3aoFdzIABsZNLT/lg8k8c1ASCzhqsJFEC1K5Kg6Jtcg6z18ufyxS4BBj8nK2+ETnrW4L5styGplcekQppK8v2VgpNum9vXJ0+3xjez2FE=
Mu3aoFdzIABsZNLT/lg8k8c1ASCzhqsJFEC1K5Kg6Ju6FlvWKrcqcHbCjxF8P/07dDPJgNjvOMLrG7m6T/vsx5nVdn3YlEgW8Dgo/g+R1qc=
Mu3aoFdzIABsZNLT/lg8kzEf/7g+XrBcSVg+UNabCSnWlvvxbfpyEzD4H6UiQZSoZaA/DQvh3yxse6h6gXeWaz27gdQzVfOaLv8ELzIP2BM=
W5ss+QDJbNj+wrdbD6H5yrqxoYbIqT0265CVgNz8WeuO86Gi5DFkz3W9xVuocxHlZaTYzsNF3Pt8f0i8LMXJwKtQZelDbQcd7DVsngkuqnG39hR66zDDXaLxQerdIGI704OnhdL2wTHtH2JN0bdb4A==
Mu3aoFdzIABsZNLT/lg8k0GQz3niUdJX1Mf+WBmRP6rnlntX/c6KQ+N08zwYK2dbWjAWnP/u2bWEWjpII+woeA==
Mu3aoFdzIABsZNLT/lg8k7I06+4qNhURJznwq7HO53DReYr8+nJvj+g0fx280G5vYbdP2auHCjCZgccNox8AKehXFlk+43053tHW4SwPFcFdsHcgCAesBwLY3uPZV2RDTL4j9QMmAbUI1olDqC4HYORRWfwaadtpfnwLmT/fPVo=
Mu3aoFdzIABsZNLT/lg8k8koBqRUfqnD0tXxAUM0VfbWDhJ4E2gVW7XRy20RZ/71/2OpJWeA5K/eyySe/dYb6OcIFJD4krN4hn6ml3scecBWV6ZdEmGBb3DJo9tg73Wc
Mu3aoFdzIABsZNLT/lg8kzZIEakvhNEu6yfL0K3IEvVegK40ZR+l8wjGxi4jx7IQMzJ4X6UsxSI9xInuLOIQNXBxyQPP1v44rQY7GKbfWSjpxhky1kdHn+eeNs5107mh
Mu3aoFdzIABsZNLT/lg8k2xa7kuiwDTvJV3FRX1euqixhpz21X9eQuJzQyho1AqaJsfA6ak6/52VWhBkB9aQTGNQv92ZcX1sLgEGV1uYkuI+DFS9RH5xaawapR237FztCZNI04jSS+kIlZnu/PXzm4wIfqpACJhWzcvmvyGCAw8pzUZBMAhXeDbTvFHpwypx
Mu3aoFdzIABsZNLT/lg8k6Jd1C/Jp+0YbKAt1axpfmv5aRcYTpgR/zqNzlDpHrWa+9cUXPoxOcn7z+VRDIKdGgdtIiVET3goOMLMjFUYGykB0GRLoFXGd42ACx0ipNYz
Mu3aoFdzIABsZNLT/lg8k6Jd1C/Jp+0YbKAt1axpfmv5aRcYTpgR/zqNzlDpHrWaXFsayukqg45I0TrXMUlVBtw5U5tOsruNCKCLxWJos41Y+sT3W2c7rYLC3Ql/MZyk
W5ss+QDJbNj+wrdbD6H5yp9L5+E0gsj9oekj4HCNss63CMBzEmUPNCfRGWimNIFSRwBgukX9Pby8VrhMHQ1L0xOToRTIsw8uTLE92FYj6Qu1HD2x7KejNxVBpAqKILHhYFCD8n2IYwVUNMCApg3qzA==
W5ss+QDJbNj+wrdbD6H5yiNCkCzJgjRmnmHZY4aOH5uPUsVsgvfruECdN0UR9BPsZgrY+gTvoHXTVYPI5L7J8NJhsV3iKWd0EEbMHKWGtMQ=
Mu3aoFdzIABsZNLT/lg8k1C8qt+cz/wfMomwL7vGso3lzYRsp45SanpEs16+rhrAm/IXxXD/ifoE1htTnJ165f6M2HE637mwVUpJToh48JmQZM7PjhDFzYs2smPaJwjjQ115sYTEpSntrmEKymSSYiLf5w9kq4bWyKiMvfk8Dao=
Mu3aoFdzIABsZNLT/lg8ky7yYgliNjIAmCQwxJwm+evPRhy2ma2FmRa+1oSgrpsUfZTT30wshzO7r1qIQL/c2NvChs4WeRNZqDtyhpMTcLMl/336C4PLbZw7M9d3aAoTUmHX4l5FR4exxCz156SBmkbsZp/6fTV94S4Re3LQ4TQqb5ro4AvJKTUhfahBAtM8
Mu3aoFdzIABsZNLT/lg8k+Uo+gdCcqk5ZwLgWsBwbYjIJuMsT6h5yxMw9N3eWiFWLeQncAhD/bQNA27ZhNxixY70HbEZQRs+bLF6K5ClSEo5Aj1KGTdHlwvObTTKXxqC
Mu3aoFdzIABsZNLT/lg8k5aaDtVJvcbsr3jTxP9kCA5x/ycf5qDXOwf3O0OjqCCRfa96+W2kcuTEbm5RBhd3CX3yz1hujbl+kvalCTmi/R6P9h5ADITWHnD1WA8uvtR7RNmPsGdpDIuVc6+YRiqFyQ==
Mu3aoFdzIABsZNLT/lg8kyoStQ9EvHLnvJBJXXzg5Uc5FOGN5by7vTBMLq/GHHWYQu/eXkqH5Q+NMTQ6zqXSXC0FEBpr8GiXrs4BHW76VrGLfSjHuN8ZJZrElkK3lbDmWAnkMvxsTR2Fp9GtPB8AdCz1dIXL0Uvgw3NidYWYaSGWuSb8tsVJvRMvs0OeCw3n
W5ss+QDJbNj+wrdbD6H5yhFwuyhRLmzLJHiYmxCrU7OT82shm4OvPoGlSCCS/o6zDaujPLx9wkPwcCDrRcHUE2doMZeC7oQKPY5tVU11DfaoK70HklzGeIbE3EImeXCO1s2io0QGpeJGbG28uVDbjw==
Mu3aoFdzIABsZNLT/lg8kyEASt+hvXOLBjNOJu+4ES+hJFYxbGAvxPGlqXZ3l3BpUrr400jWjiO7Fis50UVzw3wxsRZT1zCSkeGS7B/Z3mm99rfZSnZCHkzb8FEqZG9r6MifJoCYce1bUM2UV29AHSCB5by2o6KiKVr/QWk3dYc=
Mu3aoFdzIABsZNLT/lg8kyEASt+hvXOLBjNOJu+4ES+7dAvSRLfnrmcy29SVw92nXprPlHJn1D8Cr28qgjerPChNRFt/5z8FC0r/gIfZKsVPgNweVrksjBk470EC7dQ/YjKdZbM3t5oeuRvFFmBPJeyjPeNxzOsbGJGitb2bnxk=
Mu3aoFdzIABsZNLT/lg8k/MbwkcpbbvE0Wmw7I6ka5OADJnHnXHM2FkHdXQpAw7jSo83Nml1BySfhlCsu4FNLTQ28t2rUoqKRs7TiXUX3sPDITo85iZ8rLh1nnRJlfZxUJLOS+hjaH5kUDQVWsceLr90scvg57XoZrApGGkgD2Y=
Mu3aoFdzIABsZNLT/lg8k/MbwkcpbbvE0Wmw7I6ka5OzwyoksxpwWTMqU0I3IFxH+s0yhTJM3VkYZGQRh8IvmRTBusBNA42kR3O3fFOlJh40mHTP+hmkZm6AOXaDprqCEFzqZdDO/NZonAAhZAYa4ANBDy9nyEDa7jAgNOWjhRM=
Mu3aoFdzIABsZNLT/lg8k4PD8tLnVMNnAnweHvvqiL/nrcfh3ZCAm+9JCNTR2MtpoEI2xrC4RCQRg70/eKyDCh7Or681ijhmoyHZImkyq44=
Mu3aoFdzIABsZNLT/lg8k4PD8tLnVMNnAnweHvvqiL/nrcfh3ZCAm+9JCNTR2MtpnWPrBWCJhAgxYlAMJ60d0UDwnAy6g8lyEUqVJNf17CM=
W5ss+QDJbNj+wrdbD6H5ypttwDKX3h591LaLKu0n1VZ1oCB9VAc+aPAxTKFgwKOrOL5pfSX7cWg0jHHZjRm2/TvJgCScoeXj0D+DSdcnius=
Mu3aoFdzIABsZNLT/lg8k3NsIL1fCNOYuzcyXNpWVMf0X/MKCD+fnb8cOAk2APHUBJDvrVZcY9JUmnsc+93v7Trve32iJWI9mb2uj2tE9yg=
Mu3aoFdzIABsZNLT/lg8k/77oXVIzuTaXahXl9yS23nFhe8Xq8Oc5mvp6xqEI+m6RGBgkZCJFcMvogXqP5iYUzSPe6bJZKb5twoHIVzd7hM=
0/q8dS1rlpq7+pX5+SSxV/eHrniCmsxKPrJjpfZLfqZZ+zH0lDQh7oxA/FdjnAI0PXPoFl83tYBNgpUUm/ibew==
UvrNADbvJm3BxtEjTss1LBBxirYWu0Ev6/wiSP1TBM8CuMQRzKTfq3K467YW1/0XS0kny0xQFVZk+L8UjbgiZjGSkiOWFFOj3R38mWRfRq0+gi/IDCywhN+pmDSITIPepHzEC/bheeZ2pG8qMyEZUw==
0/q8dS1rlpq7+pX5+SSxV8BwhCseYb9O+/Y7J1rXqGR8uaTw7VIGIQ3sQZ4Bu+RPpAXqDmolyikDTOvvLB6WU2Cl2Ze2T5qXg0knD8XaaSnahz8BSmvzAQQM8VZKU/G/wQo6EG/LRPkzqYAe5x/ZoKv04n2Cj7SEt5coa2kR6OM=
0/q8dS1rlpq7+pX5+SSxV0xwoTGGrXNQ0NZsogzy/aD+f0v+MFLe/f5ddtakURmxJyBqH0isBT5OGfuYneccG02my1mG9tltNeprdNdFgZelwWkXtIF9y/fhdJGjcgeO
0/q8dS1rlpq7+pX5+SSxVz/meqWz9vAqOJVKI5d40luXZPJONUN1HvtbW3XQHByZD5F7jvw9ySwq6SI0OzcTGfVyyUNBY3dEdYGIB65X4WVygUXsYIffLjzrpWMf2M5RyarjncR+xy1TJ7OjL5GTNL2FXsem+xsFUKi3Gw8P1O0KL/0RjVKYQTB1rftTTiyj
0/q8dS1rlpq7+pX5+SSxV2cZAc92DJAbaB695Ocbbr3a7/PtpMRMgOvjjqkrBhtErcJTZnVH5HqgUbcbbyWnEW4JvyaQ1bhfCNWmx85hjI/q67tJHgfCDAmRrbnjjOMU
0/q8dS1rlpq7+pX5+SSxV2cZAc92DJAbaB695Ocbbr3a7/PtpMRMgOvjjqkrBhtEh+tJYzcIFsGnheFafLJbTyGL0Xs8dm52EK5g0+axwWQSs8c4H43IguUV0TsANDm0
vRG0lJjF2HbuQ6G5/+2xT5NorvbuJfMPQdSjtiCo2p0pmW8krDOJUaJ25H+dPSLgyPCQPWbJPVmJyr1WxwTZYVO0MweHpA3MpTBEbOPq3mlhPcXr9I9gjZfbnOiTFB8Wd4b8VI13kcGv8Oy6bwIZMA==
+HJPLXqoGO1DlI7huzcuqZvzclBcsBDPUdrKDT9N5dwdlilacwSN5N1NDh7icv1ADYCs+E1LjT6Cx81CqxQZ52EYCv/rh08JBlfLt/yDFR6taeMxcbzWl27ib5zZCksmFF4hihw//j1cWwGrOk9MCi5zEdWID/a+GTuf16Ysmnk=
+HJPLXqoGO1DlI7huzcuqZvzclBcsBDPUdrKDT9N5dwdlilacwSN5N1NDh7icv1AIDXoVu0wjlGRaI8KtgcxDSEstJxUXAcGemT0JMOI6i6u3JfSxJmktN/3nNrJ/JN8H4QANwBng0JPyCe/1hNdqreuUtYM+yo6crDyPFliDIg=
+HJPLXqoGO1DlI7huzcuqRdBlWbhQEhTIfAQg4ctvxopSIsmKWC/ai4BUt64ZKGsjg5ShC28mvqD7DREvIpg6IriPCiD1cSyF7301AUdsfE=
lrtyMUOBVnP5/2xDoJm3J66F8dXIZMfKqpJjSIGscHAzgDAbTBrLWukTsRTolN44oRARV/WfHWKKtXsp4hmA/Mis/oy2V2CI2/XucmT4NP6PMSScXeZyaC948M1EE1ly
lrtyMUOBVnP5/2xDoJm3J8m6ZJzWEWlJkN7xliDcLxffkypXv1VXt8Zg7FjI4tKPloJhIERGPAtGB3Z/m2PkUYMHsRv6u9fquJ5L9C//KTxbnO3fBri5AgUDmnMhpYpr
lrtyMUOBVnP5/2xDoJm3J8m6ZJzWEWlJkN7xliDcLxffkypXv1VXt8Zg7FjI4tKPPkEHn52juvlg5+ojoHeExJJH/Fu+rwMgHF3Gtp/eg/kXIYil7pRwmWWy39vTHck9
FubfEqYtduEuH9cU8XJOLjHhqVUoOiI9zts+XhrvpVWOpeqOCo/vQ6ViJPE9Wo9KBKkwt9yWL9zsuBCamMppr8b55R7a41AzaPYZndkn08s9HjXkCxSTgYOd1O0iB5hQiz7Ph8Vy45NuSq+02CD5rg==
FubfEqYtduEuH9cU8XJOLpUNjjpsw+pleCyGpsN0kasfyLxACZutaNDAJcwgKk2fbmVzI/+XCc52ngEhGHkoUIvcqm6urrM8vmjeITaHx86n32MNU0mWM8qY9knOCOPM14MDEpmjB9VEK75gD5ld6k19GcferxL8cDBB5d28pxMDXQwdHPh+oWAk/mgMrIcO9dMr9TdOKhtzMuqMFplXOmij9QXwr0Nfqq27avAEgn0T4qIrfocipW0RoGYp0Qwrc+HX+vvVTNIOtIu0jIu3qMQtKFwpKvEpvhkMEPbA0g53MU+flrMCDo1KPq+svxHF86I5kz+JXPW4ICuUz81w1ty9fNw91FgHpB8IbRpszkPnZ+xv2QoeLFuUTrCayHc6v1rz0poj2zOpDITLdvV/16dCrZiRq0KxbAWMqtMDmzxrW4SLOCvoF+4TLMaVErgn
lrtyMUOBVnP5/2xDoJm3J0BorsnE44ryO9boujVL0imrOKgCROdgp/BTQbifC4ikx0JyCO2YxUfYmyFMNE0us31DYXgUbUDPLTc8pfAAv/CdNWtDEP/QD6HPk8MSHpNN
lrtyMUOBVnP5/2xDoJm3JxFoNUXSTckOZeOFd0FYWBOkb2ojDQ1CgpK76Tod+b7tQii5c4tXOkiGZ5BzkA2L4RBj8qkCpjZ9VMSDDNI6ZEr6oNJWUzqCKn6KFmQSecIg
FubfEqYtduEuH9cU8XJOLj7u8xqusc6C8LpOGDhl8TvsQ8hz8MRSW/LxokC8l5mYbvtbyAH80gHOQz2QVQ+fKKbNnXwFhfDtGM3p0mXGuR23iYfX/zd5Q4vHfttGbSi+3lXp4YJd5kknXBg2LyYk5Q==
FubfEqYtduEuH9cU8XJOLpl5uT3xjYoMlSzJaqqrh75H93hLfjgITI6ZkaN96La/MtpNyc1MpQsbJeu3w2g89F6LEp+4qF8ICxeQYmqtJOV1RaTbQYieoykMzrDafAwqIR9ho5kQcLPfsgu7I2vIaWWs8ZxfMI1/UECK2CHGNvXJJ9/LkW4HKAsioDUFaREL9gug6OA2DlcxUcPGzlsv3kGfNjky4UveIFdniJoWPMjGMGrw/TisXL71AuRLTkflge4gOnmskdiXWTxVhv3lu8pVxGVQICD8bx7pvEhieUFPjn4Gn29BFGQ7ZowuiCHnHOqcCgvp4G34Cs07qNgrJWn2jhwKUNEToHubPD6W3Pp8Fk/TZxOlbnrWQvWnPHXIcd5p/YH6rAdpL9OA7QVXz4LsgHXZQDLw3DiY2vG+AYfuvx6i8C13S+Me9jAVWPE3
lrtyMUOBVnP5/2xDoJm3J/AvSitGpPk0SEqVR4WhY8gYJqLKexJc2B07+Y132Ey4uFqi/KmL4GxSlQG00pdKKolYteOaMSrFj2Auga99G0610w+CP1ge3RchLk6uxMoG
lrtyMUOBVnP5/2xDoJm3J/AvSitGpPk0SEqVR4WhY8gYJqLKexJc2B07+Y132Ey4/+wUXboJNyRWfww6RrDTfc4g87pMvu0D3RE7ZKA03kAy2ZymV9sB3IGfQtUTZXZl
lrtyMUOBVnP5/2xDoJm3J/AvSitGpPk0SEqVR4WhY8gYJqLKexJc2B07+Y132Ey4AvFSICMApLa9aM5gsNmc0osRBpHu1taquPitYEnqlHnghS4x3ftDx9v1Xt4w8F/3
lrtyMUOBVnP5/2xDoJm3J6+XjOjN8pIxwkc48UIW9EDU9x9Tum5IkEufz2BN33hWPvapN90yIMTznVdgaQaCHUSQDlaRHOK+m8cq0AeE9sOhEjos7oRpu3qPsEhI3jE6
FubfEqYtduEuH9cU8XJOLoIO/R9eN53FuvU11S8siXMyb8/8taDIy8NuH0wmXxF2xVx2H7FfexJcVTUbM5JjF9NBzN+HMYpKOvCz7OTVsDV1R18JKGbe9GEXrZCX725ntcQrmo2fwUO87Nv71hMM6A==
lrtyMUOBVnP5/2xDoJm3J9b6BphdSMasl++ZxvV2pMixBV5cc0DGsajVoAZ0AfuEfiSDSMENqUeVvf26//KtCjs2GuN73uZc50jp/TRUvu/IWs+u1NXMcb+oBA2OAcNXCgUmhv5e5YPBJ4/mYyk+saJsutOFmhp9oYNaDBXQC9A=
FubfEqYtduEuH9cU8XJOLleae8Ey+cAMmGgcjZkIjfOP6pGZ2QeLPbqDCBzc6uSvpKm5z4TIpooRKBXj1S7WS0N724iPEoFyk1M5flECfjl06JNwp4oxcW8jyV5jKQ7DAk/2Ncrun4QWc3wGibDHPw==
lrtyMUOBVnP5/2xDoJm3J88ICSvgJJTOSXU38wTR7ZFnoBCj/9tSOAe3B1YRVFvaihjT0MkBynv4gx/GwoMHlHc9GVcoaJAW4nMOZRCM6yoVwzYM8l5E+JtiRQGJmnj8vm0D0z/Rm0CKM7vOKMYLqOzErian5kwoJcfFFdp8xJlKfW9Gj/FKMxg4AQdiiNXD
lrtyMUOBVnP5/2xDoJm3J88ICSvgJJTOSXU38wTR7ZFnoBCj/9tSOAe3B1YRVFvas3WjT97m9BDNrKXBxlvXMaBnwrF0gwDlPhF1y2Sudq61RB6g1jSmPYAKUeMt3n43
lrtyMUOBVnP5/2xDoJm3J22loJBydltNqGKtyLhdCV9GZG1ItegFrxzGRFrpWoF59hXL3r4/lNaY/AM1oPnE5PHAUPjvXONT/8U0vO267mxERK0UvhFXtGhcE35sCgUaB9LXKQjXH6MmeO/rRdrdXQ==
lrtyMUOBVnP5/2xDoJm3J5rbFksWqrvSJcZaEX/fV5lWidgcwR4zd/M5pLB+Zq81zXDxp3jBW5eCeS+Ow8SKrNMzaTV904BeB36sPybqV/c6M8O2Xe5/4xnyCrnOeg1MGJh4rfWR5Q33UlvNGTJiAWjHxGijD+2M1gJ4vUadwN/uoIWO/Ta/s+3C+4qgpoNF
FubfEqYtduEuH9cU8XJOLlhhN9eACS4aXBJRUMlaJSrGctMzlu/fUhu3B76i2rwl49CJlDDQXFEEuUNLt+/wHo4MkZR2O431m1/RmxfGnzI=
lrtyMUOBVnP5/2xDoJm3JyGThURWZXc17LM2Im0N5+HfQFbTzXuBz6e+DZHp8Ka7sDEpfJHlO8Ws9cR53sM08c+mTN3IVylQhvnpxCb9jJg=
lrtyMUOBVnP5/2xDoJm3J+CdPpcw+sq2DVCufpTUrfjwXQQlu8nO+dQVLMKSzzQl0zKciyKDD1T7bdOU8AzR/qOKC0Be8OX8dWK+gmrQP5U=
lrtyMUOBVnP5/2xDoJm3J0Bjcx+/Ld8XUSCZ7ZavIBw/pxqtxiTlU9bTPturTkzKNYsgbEd3BEy+SP9Myt27KkUR6mo8qQwsZTtT3hqomo0=
lrtyMUOBVnP5/2xDoJm3J0Bjcx+/Ld8XUSCZ7ZavIBw/pxqtxiTlU9bTPturTkzKQhEvZgDSJrZaUe3TTqjtzGSxP7vUxAzRL9SiRqua4rE=
FubfEqYtduEuH9cU8XJOLlPlI84+0Igc+F5EhQ4rIaCfT1/CcztWgmphFcKlCxcQLgqEK7KDhh5+r/Lt+VDtuuJU5UUkb0joxB/A8uICZCC2R17iCKbf+h5vGVxbB+lwbsb9QOYavGFiie8MKBxIzg==
lrtyMUOBVnP5/2xDoJm3J8ltNEMypTEOOFkQTN82aKuVnW5nMXg58yGbbUkPdCuQp/TKo05S9fHd7WH3Ym+Wu9DENd/bXZL9c/3UO+/9IyCfiH8G9pg0A0s54xgAZt31
lrtyMUOBVnP5/2xDoJm3J8DLkREhXH184O0SmhubOKGUIB30Xn7xlt4aN5GFl1idRYTpiBh/dM2R8xXJr5CUIcLsnRuKQUEwdnzytoz1wa9Ep8bsWuW+AOYiUlxNvQMw
lrtyMUOBVnP5/2xDoJm3J4sozqJ+oH0OaIk0npjldveDaU7NMkRuhWpSuFZlTvQ9LwCXcV4+doJwN8fOUXGgQTTGkMzaM9Gr3jwYk0rtLJTS6LDZFMmzlsIo65MfPY+I
lrtyMUOBVnP5/2xDoJm3J3fyjfClM5wmF10nRKcvgy1CMPrn9Zhh0jeqgQmYPEniFx2HcnQqxo6smfEEQtTawVyZYjM2h9cy9Jdkcw7DbJ/rMZN2nEGVeL2pm/HC7PKR
