GmcONIA9PFzHw1gpPLLPoqev3ytAH5KO3S/CJpMsylg=
35kyjVfwBJgytCi6KM5Vug==
FNt9orFfFSbPIXNSbXcP2Q==
gE2g7VQeqq0h5MkG44fPUw==
A4ZCFW7RnVRfEnbtNxUDb8VFIQmzxcIFLuiIjRY2q84=
cwgQW1UgxyVfBeSrdwXHsPE1eoSAri+NViVSjTYe4hg=
pYn3RyiaY4vz2unSybTHuw==
mAzeFbkWBGyzJRgEWJSZYQNn44wFaguEUnqkvHVinQw=
NiGef/LGs6v8Em6sqLz1GYGKB0111uCW/TAqgkiW0+w=
2lfNnhNY+w/3xMaMUxJbE0YFT/wvMlSDz8Vrd5FEs18=
HkJHSORm1XZ5yXBxa8ix3DqAcdKRNDHZoAmihTRvVOlAMm/rrV7i/rHl03Z+Vgm3zhpsYAw7UIR03cWLdMHBYQ==
HkJHSORm1XZ5yXBxa8ix3MiA8scyfy8oXpeXuB4fR174zkuTXuBrBkL8tNfmN1F9SUsPEUxg2o8H7JGrAqF8rBTTzVmviVlvip3psgh2XIua9TtqPM9roA1PJ6tOGC+cntzvgqrztJsowsI4+IodtXN459omzQHVhwkWgnnCErc=
HkJHSORm1XZ5yXBxa8ix3L7y2oxZNZZ7a3oJ2QBjNeOPm8eonFZjom4sKLs8X38isjdSmVoCcq1TyuyErZQfu/cbPszo2MO4PjeHsrMRey7AQns5IKr6OzYfOwM8F/qJ
HkJHSORm1XZ5yXBxa8ix3LT+IUa/DlDhuoSFryeTKGOFXPRCku3wLpV6kKjIyKNfMZe8bMGg/fv61lW511Lw6PTUS+7UZxG2UJtXrpBSxO2o83z+kl3v2S8+i9BX8wWJkXIxYRnOW5pwvuzv+CaD8uD5Fc6ZHAxuAuzVW3NlgnuTqAagNCnj6Yhq5QRaeLK2
HkJHSORm1XZ5yXBxa8ix3GpKeoN/hbERQ/bhxoOyNkOMinGhVAiUNLfQoEk3OwgYc++Y6LJ+6sDdkltbxJcK9lSM2Fi62VADOPT4A/zy/PM+8du5n2QsfKeElIZv0ca1
HkJHSORm1XZ5yXBxa8ix3GpKeoN/hbERQ/bhxoOyNkOMinGhVAiUNLfQoEk3OwgYZlRAPQ+cZ8yEon9LogJnhGy/7f5Wwopy5MVTV+3Bz6h62t3D0Q7SPnErwlH70Zqj
q6XkIkbQiqxii1umR1psNjG0xF+WWTnh+F1ljlg2/C93dpj+vdunwPNyoNAQvakqUji4Yt/Q8k89txDKLd2nb9ulByF9IhAQa0S3OfvPnLgZHy9/TTtBjNSSvga7OML6qL7oyRcBPXT3koFHUJx7Sw==
HkJHSORm1XZ5yXBxa8ix3HRxuWzy1vluy9onag/hDqR6bCsECcH5NrlBeQ/jmBkcmLRf/1gexAwm//4P1K9iJQ5M6AXWe9wOQu2Po3snmmkbCZ+r8wSG00o6mdTg8DrsgJ2Sth6AziVXachxr+qkE9hsinPxhMgfG+MTa0wUDBA=
HkJHSORm1XZ5yXBxa8ix3EKJhmyeg59ugMk9SuHMGheb0e+OzBWbk4vZm+cDHZJCQYV4GyKd2UFssY0v3/rADfATycgKEyTqFnqi7jfLM/nf0gV+dN+nb6gdCFtDNeH8YpZlYRnBCDID/0SksYJ9/S9SSsBAmP0/PF8784cG1Io=
q6XkIkbQiqxii1umR1psNnfAe14SHleWmyIokhcv2pHnOy1boEKLONll8rV10mu3JGyoJii5/R+xdj5EI2+86Z7ENJUqfXhdn77U7BGFqY/nGEK7+yNGZClMI2T5JPm/lBXKWl6YixBEmd6LtBk8Ew==
P92QlFRArKnwQWrVWnMizdD8w+2Ja1jIblJ2kZoIpNV+o9O99loBt+NMhkru2/1eV7jKESxjsYvXA30NBanXFg==
P92QlFRArKnwQWrVWnMizbPuWoKN4IevVttI/L5o90jKmcjdWbGJvmjfPFjWPEXRhohq9L66laQaurOTbXtfXCGrU7rGeMk/niJoIrqkFn+sQes31RAgDgZ5qvqPYsZ2gOnUfONnitnoiCVmGV768PbvUNp1r7R5W90x7QtqGgA=
P92QlFRArKnwQWrVWnMizc+0H3YVABRpz4k8mcEFDSFo44bHTc+iStN4zqSuzV1PCt2VOg3PyrTQetRnv6/3qHT/yEjYwH3jvruz4LYwAr9+9KsMI0FhjCnCJ3jDSAb7
P92QlFRArKnwQWrVWnMizc+0H3YVABRpz4k8mcEFDSFo44bHTc+iStN4zqSuzV1PrEX3nZA5cZsui/gGj0LS7b4ExRrqj2zYK7iE88Mnv2//g3Q83MrXTAlSACB5+VF2
P92QlFRArKnwQWrVWnMizfZUhuczdLuwPQl/JzLvNnePDVpN1ddM4tqkT+0dEuJht1ZbULwnHpVZI7IfauFjixn0ToGU84ndul1wt1QRZsB1mqltUXVrFQ4L/bhkHvuYucC34JfQWRIw0hR5cZFGQOMWCBmf7/DZXn2Ibf35R3o=
P92QlFRArKnwQWrVWnMizfZUhuczdLuwPQl/JzLvNnePDVpN1ddM4tqkT+0dEuJhKbo+rJ3J06dFx7XzBo6wytcNc9qPdvvQSC//jAnsH0y0kxQhPQxVBwub6gemss9t
P92QlFRArKnwQWrVWnMizW5IYiwW4OpyJK9w8zQF0zwbR25p/kDK8xt0MmzJAtxRCxYpplReEiQKh4o/TyGfPxWcUedp+QOEDZFq24fZL0DAoomhe4Bj/XunaKVXM32n
gp4ZPwTaCR79maBVCpEsSVZBFhzva2LDcSbv2la8rPmk3s5ZqrxbqQLp0wOLrScAJEskdC6zgTH4K/iwDp/u9p+ekDdG1EmSnZUpAVEz+MU6LwKgf3h9llc4O8BiDUjE1AJozrTEQ0slqr6grZQLmg==
gp4ZPwTaCR79maBVCpEsSZjvswjKKqc8YPEf3UoLy2QsnoBXVuNYRmkhHT/tMKNXm9QUc2914CHSkLj/ktirTaP3h/OXot/RGh+hphZyq8A=
P92QlFRArKnwQWrVWnMizSBHLcmdKx5AA3k0jVc+j36Rb4S3M7G3xp7nAgUGdSfLYyNIUMuxigth4o0AQOTo/YG2wvx+vlFu7kSCLROAB8KatrLB7bTzghUL8CbboLlfyK3mqT9xo4gn8bQzNmvDn37LtJscafIC8S+9SkL2cX0=
P92QlFRArKnwQWrVWnMizVjs6PHS23/JIBuCurIsDxKbFWU/5OgxZGo9ZdLeJ4N1zbIX5pSUZAbc0/8uJeTtVDPA22tPHLo0dfvl4GBNyPIf7XXnHg7A07LnZI4DOnXZx7oZAOPsq7KheLFnClSar7EnT1h0K7x1TXRmv2JHQry1IqDPLf2qVhVMFcraCr/j
P92QlFRArKnwQWrVWnMizblTnrO8fK9zI4ef7ckCUGoYqPCO/sG7femh8LlDE1RV9vah6bggj8O4EfQ/HmWBmZkO6C/E3aClQTLStwj/DY+MqoAqWFtXhS+XO+E8nN8C
P92QlFRArKnwQWrVWnMizX1Y1rJM/wNelcqEew10wVV9fi0EG9FQ0Z3f9tcQrvF1hPPPWbt/HaCnaJ+6FjOw+q3xO3RLAWTathQQJjH3r+R14n/nOtlKqyI95LQCyxHGwEXCm+8qd0epniLSfpuU/A==
P92QlFRArKnwQWrVWnMiza8ZB5k2QKU//3HEbkDmmmlK8yV05KfQvLwpCySx7IbYTIacFqAiLWOKcSeWcgVWYVqDWFX3iikA6SgkVhslcCu4UMuHpXGtK0ycK9HPxuwn23eqqEEYVCch9/eU10aMpHnxAV+k5YaHKBzlvdwFdYpIpZPwEOT4Fnw0vKiRxacQ
gp4ZPwTaCR79maBVCpEsSY4CD2Hs1VKoGhwKKJ4+raV8D+ZHYP5Z5uTKrhxWKC3Zp1uHOK2FTSECwlDQ9jhLfW9UR9mttKPjem1Hu3Su5/D1OSYc7Coq2wxMsSwT+x6l2Z8yFRFuuUzzFINjmgEH4Q==
P92QlFRArKnwQWrVWnMizbr9HtqfJisGyERPbVkUfbn9SH2g/NfpQ09Xx/rj7t65TYDSf4ZwbKQXC5gOLwTEQfYmByIyECDXex79SIdn3FAVGwWlzDpL7SMsAmFNtRQyS4b1Kp1ynJ72AzGQnR2frdKFMDByJZMjZXfJ/bfGeew=
P92QlFRArKnwQWrVWnMizbr9HtqfJisGyERPbVkUfbltfLKEHPzfqsjpjrTjJtqddtb0GWiJ/2i+4VxYDpVNStsfT7zYVHAtkuujEH+QK0lad+CkNxiP9zLbeO79a3WItxb/W3+M5Rt8pzyfJbugQOZCvCu9c8K8aIQoZWcdGyU=
P92QlFRArKnwQWrVWnMizbr9HtqfJisGyERPbVkUfbn9SH2g/NfpQ09Xx/rj7t65LrL3l0ISYxef7bIr2kOUgtFk0QzhtCtxOIwJSJOLMnqYqv+nKv+k6zeMiIWPO613bqUKMrj4cQuNoYyQtojrfwuH4+LEe5Bds3CWm8jkS9M=
P92QlFRArKnwQWrVWnMizbr9HtqfJisGyERPbVkUfbltfLKEHPzfqsjpjrTjJtqddtb0GWiJ/2i+4VxYDpVNStsfT7zYVHAtkuujEH+QK0lad+CkNxiP9zLbeO79a3WItxb/W3+M5Rt8pzyfJbugQOZCvCu9c8K8aIQoZWcdGyU=
P92QlFRArKnwQWrVWnMizTapabdCov4y7DAgD+gil+Ydl0mjnRCdj0rbj37XejBppmdq4BNFL+1Cfyzyrx12QsL841zp+cfuMXY2KDrUNNo=
P92QlFRArKnwQWrVWnMizWhWLYbvGn60RC2fdeJhAWVF1RjsNcpq3c+3v+JzHaNt+rtxwdwbTQnnkOBTDsSJKkerirqn8Fux+2B87lu34o0=
gp4ZPwTaCR79maBVCpEsSSjmRwcrXF5E4tkxO3JibjtvMrG7UnaZyW2EUd0jb9pb5wSeoPdzhAKE7LPHIAF5y7NighKBms0r7ynA37yvyG8=
P92QlFRArKnwQWrVWnMizUE5MQz8AwDuYrk2yw2tTwF9ePz4QlwRGU6mD8GDdDBLdU1AwUNNCagmIY3KNTm1IIxL7fNu3USDejaMt/JNBqY=
P92QlFRArKnwQWrVWnMizbuoWTrhpW0ytjUunPrg9v8Ms9ygAihFF/eVDC/fP047OUu+X6a+ObLSY3i9Af6HFtwCaiu/9ZoxQ1HLOo/haEo=
UCaCldE/Jq4lcllspERPgCZi2UxmdZIK0pBq18GQmBThhPKbCJpc3GJmz/G5GWM6BMv8Ff+0I/uC6tjH+t5iBg==
UCaCldE/Jq4lcllspERPgP0ob0pF9ukoyLDYm4EyPwUhzfNPHcOD+CXipI5sqtCzU640dG62sdjuu4H0wWM8o6asulxaBVYB9dF2pIsCJTHQEh2unUZlPNVBMoxJEArJT2Njdmsv6FmX4khGZK0QEHh5+eodEKRGDCzYT1DizT8=
UCaCldE/Jq4lcllspERPgAp0HFhsJgFkWw/MabTaUh/42OjxMBa8SokX5MUI4fMnuWNEOKfDcvIEYv3lqwN//EYJx6HUjS3URKc0E3xvzf0cWaPYwtPLMSe3rzogB2xG
UCaCldE/Jq4lcllspERPgCfcWXBPG+t9lbLChMQaPjXXxJBZWIhN9nwlfQ5SIH71AxwieboaqDGixCU4jX11USGDU2sJYNZIxFH9BZf79u046XUAjjNVeoFUiUAaHUlZeDjZjMtGlznAD1jtM0HxW/gnR+PvBvU6Og8YL1UoWO8=
UCaCldE/Jq4lcllspERPgAq/29vnFynibQMpimuvXOnisxQBWI57vJcwroyBazSqjbnv2FCSA/y2Cbg14OOtfgtz6biGJn6PzUdy0HIoIGFHTIpMAuvatS2Wex/tT0SU
UCaCldE/Jq4lcllspERPgG86F3UJrrxU/OW6d0LLCWQ7FGvSwsooZBh0Y5OLACQskwyww7g7Uw5XuEoHbTa4CAIOKWi+SA2bUKA1+5uh0n9eA8ltk5pUJpayRUfdrYhS
KAIFwamgTg/nAxOkJHp8kQZ47Qx4cBP0EvDRhVY6fbx18RlOrC0u4F2CcPzF1miYHtLmCVGwavNMFFJS24l6y5yWZsQYEnenBIrE6Eg6K/LNBa5sNtqMmhdvfzP6XoOryRSAWMY5b1mHYFaOpqtzsA==
