GmcONIA9PFzHw1gpPLLPoqev3ytAH5KO3S/CJpMsylg=
35kyjVfwBJgytCi6KM5Vug==
FNt9orFfFSbPIXNSbXcP2Q==
gE2g7VQeqq0h5MkG44fPUw==
A4ZCFW7RnVRfEnbtNxUDb8VFIQmzxcIFLuiIjRY2q84=
cwgQW1UgxyVfBeSrdwXHsPE1eoSAri+NViVSjTYe4hg=
pYn3RyiaY4vz2unSybTHuw==
mAzeFbkWBGyzJRgEWJSZYQNn44wFaguEUnqkvHVinQw=
NiGef/LGs6v8Em6sqLz1GYGKB0111uCW/TAqgkiW0+w=
2lfNnhNY+w/3xMaMUxJbE0YFT/wvMlSDz8Vrd5FEs18=
HkJHSORm1XZ5yXBxa8ix3JwMYRZqb4MRNRKopoM+okaBbujzX8D6kJ/HSRQ2nTWbg+JjcBhqdUVU+YEAqCJw0A==
q6XkIkbQiqxii1umR1psNnG6+fPiF2KkZbgOSskFS8c64fYLCmyVb5FuiQFekX5fH/Rq0UTgLjax78SSH7R+3oSbTwcRl0NKL2LFL73+gvwhPHdP27i1c+z7r5mGYxD5twaXaGpU++WbA1x63LT6Jw==
HkJHSORm1XZ5yXBxa8ix3CNTTT95I9ykLmE8uS46cYtOQpzXL8yeMYSMUEzot7ZrivaMAjGkbms76i8XagKGXJ2EfcCf12R2Nq1jjxa/ctiBEjFdMKYf6AGF7b6/Qw1VJ9iRKqOz0g81bNiIhiJeRZ8zjQ9WuPWIzu9mb3vm9Og=
HkJHSORm1XZ5yXBxa8ix3P7IGKza87NNS888lwgN2cBueWy3xf7v8a0ro44sdRW34Jfv5RrVeGiRc3634pnFiov9NwzDj/8/eZwHrv7GpfnxCQ6BYhEsPwA2Woq44j11
HkJHSORm1XZ5yXBxa8ix3HpMhEntm11mgvF9QgDsaqC/6poRq4nVqex2vbJJANbgFnJRkmsmV59ZsO4EJNYOcHE4D5d7r9uRd/jqZa4f0TzU5o2z4Ncp0WcEAEsg3SzV
HkJHSORm1XZ5yXBxa8ix3GUOXc2zhi9k6112lYtFsMV1/C+U7tlgbN749cR50WUfES3/qu8zMX/PmlVdyE3/H81+OiUAEascmo2tuTYRtAPyL3S6yA8AaJAKtin+SMePJNzuVo28yQfel+2X9EQmD9fF9/hkmpI50OwenSUZqT7kx0PnPcSmETszwVmHLfFi
HkJHSORm1XZ5yXBxa8ix3B/J4CF8eGbjYEgAFDdawq3DjFyRtHtj2Leb5YO+cftZQvPPmWfw0K++YKFtnhD7ujHWOzZl8MApXSj6sgLKGnprrAbior9k84oh5XPZtoBz
HkJHSORm1XZ5yXBxa8ix3B/J4CF8eGbjYEgAFDdawq3DjFyRtHtj2Leb5YO+cftZeAznJ9jUGRiTo/eYbKbn81v4NA0x2yaQnlHKt+l289cSjT+2lNJq7JzPr48XQfs+
HkJHSORm1XZ5yXBxa8ix3P627gTslHfWHsb1kvZ163YVy1+Qp7eyeTavQWuGrzIKlARNUertDkll3g59xuIT/U/TvtUGonhwaZsvaOt9IyVrf/PsoeljrjxXBpNnEiDz7aoYgRNpRcEZ5VuwjUlnLUyUSGbm7d/v+fhXk+RargI=
q6XkIkbQiqxii1umR1psNoS2yk9D0hm2mf8GVdgKdBMstGCsmkkdODTJwhrhGB8kXNr/eH/RII+75o2WkaaISKaT3d9/xDY1nQt3SjBgfYQF4xHkMOt2g4rpTSiKSXz/7ayDrgLK086nphISE41TnQ==
HkJHSORm1XZ5yXBxa8ix3APSX5zJkelENTT8SsEiCliIIRkyCud9QkjRZzQR1fgc32dXdJL1qqs4/mKAAFZsLZ2sDxuVJRLeeaa3Rqwg27E3py5iHGgWewPpPgdjzQ/7mFS01QHFLVtQL7+WS3eP8oI5Lw83+sXV7FS7Ggn/+ZQ=
HkJHSORm1XZ5yXBxa8ix3C1JxZHWgLFIhX2Zk2gAxxKyXhb3N8OxaGLFXTy1cPnaPmIzHlSH3pzFnZMtNhu1Zi8dMhAHJijMj1tOLIYn47hESpUAHgvbFamC2FGYRJPV
HkJHSORm1XZ5yXBxa8ix3C1JxZHWgLFIhX2Zk2gAxxKyXhb3N8OxaGLFXTy1cPnaEWAMbWIoBBsSfGnOD1cS3dV3BDuOd9+VyS6OlzRXHavBZ4Xiy7VzuQbniujaADcfnipn6xDmGsrSM2lt3VzgEd5MrikQS1VLjLc9qb/nrfA=
q6XkIkbQiqxii1umR1psNhSjGs2RtKTwInB3G1DuGX9vfndNvhAiXzrcAhTMwMHPRqdjdXidC2u5q/iZDATtd+iWL8u0M1NdkCW0WhBBL7Q=
0/q8dS1rlpq7+pX5+SSxV+zZw/NvS1sUZVLMAhylZ4B91fVfc2Ecl7sPxZUZ9FAZuseZVCC259PGRf2Ga8Hk6A==
0/q8dS1rlpq7+pX5+SSxV4UXG6iFolCXsRdHnm9z/yCYGqnE5rt8EOhrLdaMn9KaVaPiTkplxEj2C7S17ZsDstx1LVlxsNmFXjvrvZjqVBptFH6tuyhIvzGHrW8tKd8tR3r6TDumZp45DOAaqQ4692+LWcfYINr/t9p/7rKRckU=
0/q8dS1rlpq7+pX5+SSxV8yNrLzSlmMo6nSM4FBK/34Vr8CNVwoWpeNjhDqHrk0IcLzhL4yk93RYvp3gazb9F8rmBRcVmVOUudDlun9xpEeRAtPSmrQpHdm2NAzt/kiR
0/q8dS1rlpq7+pX5+SSxV347HUy5TyAgtQ9gfvbK48ortAO2Jf1bFIQRYjrOHO9B6kvM/4ZSbnMRB2eS7r2c6qB66qDYrJ02xysQtd02Th1/942BmTq45CfBls7/3RkY
0/q8dS1rlpq7+pX5+SSxV7TjbiWhV6XerHbVveYvRE805IPcJWdwg7hnb1l08lc16s6JqbyKCPExEt8y5DEdWstDJq0swMYSDDgHHuqGOIaOlRlg+OPI2lkkOSjHPJgAWaOKlUmOE7cNHuxm5DZpiOpFIXf+3AstLOz8j93uHfahQQFzQf0mrlP9elxZ6nPC
0/q8dS1rlpq7+pX5+SSxV4xTUOz59bnHhNUnTJDRlwdRjeJFDGym/1K4xbMbc0bQbCTtQuPqmqwHEi2Fako8kKKfYPCl8Cs5VPYSYu56++Oh/KTm5aP+udnWKLRnf4p8
0/q8dS1rlpq7+pX5+SSxV5aZjPX43dDdij0l8FtHJDVE6Ye+DXWHiOnoUbOFyCtTllP1wkIBpcdEi+y37yKwheSF+3EWrIdNAv3qzJn4501R/JzYVsSWdfzvlKp1pjXs
UvrNADbvJm3BxtEjTss1LAReD/88rzVtdR9RGbTNhGzH6u7ls+nG923383cw0QKaEoIvyY2kumZYNgx5d+pB2xNtH19wF/Fbtnif1AgBLqbuVIgvSnYoMNVep5Ps0SdDNU0R/5OgZVaa6ILpog2P3w==
0/q8dS1rlpq7+pX5+SSxVzZTcXn3vkafU7XzIgzNk0jn7V04blmnKuGsxABnY1359zbDfsIUhmggKolmCRXs/N428f9OkYy8EmAkvSQdqkvZUXbBGLQswDX71AvYNlidOH1X8veLLzLTrUohmND2/7NhjJmCrYWvNIij13Obetk=
0/q8dS1rlpq7+pX5+SSxV7f3gd7qoLhF3DcFxI5xO0d2EzYnKOZTVLCgL+FDjx++6MGvX3Bot3c48mbc6INSkpqfj5jW9EkXXfGh2TNvoabhOgi9Pv4efjmVJ9IWdFO5
0/q8dS1rlpq7+pX5+SSxV7f3gd7qoLhF3DcFxI5xO0d2EzYnKOZTVLCgL+FDjx++JWIOUcvf5A27YZ7UpqI+VQoqcYHs6phIMvhr9CZElHX9Cig+zbR5t0+P4u/O9OZNT2gYahMD6mRi5kJ2Bj6+pPYAQxPU+wxzPTNbvCHYS4s=
UvrNADbvJm3BxtEjTss1LCdgMcAwRm4ygdB1Dv6Qw4DRHIp1mVpTlnV8/SWDE5Aixk6BsT0oh72FO25rX/EOHkKN2kEs7cv6/njDbkpeETE+ECFdBBI3Wz1pxKZxymTdceMJ5AGB8RDA5ITsLyOZNg==
0/q8dS1rlpq7+pX5+SSxV6XNSG1ccndsNGFqDipF6Pvtgum2FFIUrqx+O9PhUhDnVeBq3ulwR49wvBwj+O7YO/nMzCJUdswFNO6pl2Z1nxtN3YcwKHMPHFy7ihkd7pmBEAgmoUU6VdzXz+lG13TVJr/OmM/hFOQ5cdGhdUwriMw=
UvrNADbvJm3BxtEjTss1LMgJqoJ3ceAZ8UTRcrmSWbdueX7177sBLTTNmbJ23FqeKo46ltBFSeqf2+BFnGBFWRZWexZttljaaZycmhcOXD4=
