GmcONIA9PFzHw1gpPLLPoqev3ytAH5KO3S/CJpMsylg=
35kyjVfwBJgytCi6KM5Vug==
FNt9orFfFSbPIXNSbXcP2Q==
gE2g7VQeqq0h5MkG44fPUw==
ExPkcbYFeYs2lHSAMsaJBjIbQm7FWZ8YCSkKK1z2aPs=
cwgQW1UgxyVfBeSrdwXHsPE1eoSAri+NViVSjTYe4hg=
pYn3RyiaY4vz2unSybTHuw==
mAzeFbkWBGyzJRgEWJSZYQNn44wFaguEUnqkvHVinQw=
NiGef/LGs6v8Em6sqLz1GYGKB0111uCW/TAqgkiW0+w=
2lfNnhNY+w/3xMaMUxJbE0YFT/wvMlSDz8Vrd5FEs18=
lrtyMUOBVnP5/2xDoJm3JxYhYuUUaAJyPdHKL1GdwW5einT8INpHUOLpAZE0DpeSEff1THhUg06Q8ttoOqG9Qw==
lrtyMUOBVnP5/2xDoJm3J1eaCR5y4bmeoweaceq+hswBMADdpJ9RmzE5Nc7ImZnsq9b7id949GYNEkhMbVKt0gqA245b1qMUzZCsGyRHeQ9RTmHkiaigTOB8B5T7nBHVZxhhQOkmZ06Fo5NbcTAs3RcqI2aVFVNrKK1sD47eUmE=
lrtyMUOBVnP5/2xDoJm3J6/kmM3XCNMjbsj/mYsXBwV5pjhPGgDz0JHjSz9hE1wP4uqJ9cgq8IcUBJ+oThfym6IUnhYcMFQ48znHMY/xnaL1s6LZ6rRsg2gjbNrQobgZ
lrtyMUOBVnP5/2xDoJm3JwYamjQDlkotTjkbDWaVxP6w8KSRpn18joNaS+XzL41C1rnP7xKoM6GFezbcWqLL66Y2p3RrpDMCVSkFYWj+bHFoJKylXauj9xPsmsWgMuOE
lrtyMUOBVnP5/2xDoJm3J5CpgHomW6LIvoSPnNjS2pmQL5sTE4lN/mDrwdEHm2DgTD3oeeG3S+02ZHoZjdDAuDQ0EWcZh4hxApOoLJKdwQ98sHexiGX0VSYSCAd1ClAThm5pCrM4GFpGr/SEu9SR19da9WOQx2iZF7oyRbi0fnhgjihUf5e2Rr831FsM7VbA
lrtyMUOBVnP5/2xDoJm3J5Nk777zK6pQscAjqkVqRH4d7p8TfrKo61Z0BXSCO5bZQwWvqC5ZDks9RDsr+USZ2IcvYl1r5RlWJkmRIrGYFnxWrJ7SsDdqIXlxyE0t4PEC
lrtyMUOBVnP5/2xDoJm3J5Nk777zK6pQscAjqkVqRH4d7p8TfrKo61Z0BXSCO5bZCWWf1tDZztVwJ4ZzkNvjByvCOAkW8QMHzkXk339qJE7wbJlXWSmjjMAcf/Ta+iJX
FubfEqYtduEuH9cU8XJOLtO9hqUE4DZl4ZIOd3iGI2Z0+QiO5PA7+oOQ7qQ6qF1lRM8QKUY79H7azpoB6ooAsOknUU/pX9AFCEOulDrpv3mBV5aMYya4DgnTlwrZFWhErY5hbb72paTNSaathTNUrA==
FubfEqYtduEuH9cU8XJOLryhDn9J68uyV2wFwHoQaND5S1T7EYm5B2/JJxEt63MvWh9yXneTqJuZ+e2t8vz7YXy9TFYktYVFE2YgmRX36qk=
lrtyMUOBVnP5/2xDoJm3JxqqmSI2RCIDFKgpVOZkufXiym01Hzger2Det36bBpbNAjGjLZ7z/3AQkP/vIZiMFGGDLNj7ySkRCxVWiaNAQlbtYtw+AprcleC3/zOzC4v4AIxIDjB9kxaIh93qD9ohUx2u0FKyQVeM+OkRr7naw0k=
lrtyMUOBVnP5/2xDoJm3J3ca4/HcI5lc5zIeWapmTtm+OsREh0hUJfwDxLwo1825MkblHo4U/QKnyDkkULi9Jdyp0mIi+ZDLlVG+8i+GZP8aINzzeI+APxFIWe8vMm4s
lrtyMUOBVnP5/2xDoJm3J7+/2L9LNEOcqrCs3RKcNwkDd+S4aKAh0lNc2pr2gyvH/70lSiA40SdZxj1VXXmXnQAalXqUByi5tly5lqDTkhlpF3P1wb5BMOaX8uKfVr8+
lrtyMUOBVnP5/2xDoJm3J+eG5kOGm04SmR1YWYW5FUmA9o43MGU5gZC76DXJtW/eVD4NmKX4aN9LLr0qydz47kTz9JL5t3FkFFyPpxZUdn6+rPAWoXSsFW4CagujjRRT
lrtyMUOBVnP5/2xDoJm3J5bd0W5DgG2hRgErcrQrWkptyVLtRcReOvgjXRmG9JV9nKB85DsNg9N3C734FhpUPskzC8rKsqGNjKShhvJJ6fCe8PpNOo06VLgoEdCnLnFP
FubfEqYtduEuH9cU8XJOLtbykoR4OSPtq/gBDCqLZJX/VilASFCS/gO6ZPkrdlvVhF7mN+by+QwRCGfzFVGL1VyY3IOEKZiyRSnk3SNvlg6heqmhNnIY9YSccowJU3Wago3zFj39mzlcuJ+MQ5Rx/g==
lrtyMUOBVnP5/2xDoJm3J3u9m9Gd5x9RsmXwV4Ifqt7NbzeBMhQbXzTK5MRiISQ/NPH3/X7HaJB23EktTEuHDMizErqVAz9VGST2P6VPh2PyNjU+ykKTHGjaoP569SDO
lrtyMUOBVnP5/2xDoJm3J2PRxbIbykUo5q0WKFwxDRz9dAg+TBLMpIY9t70arsPvASHoJExcEnpWepu1QjHjUnLQiJTf0OgxfFP2IPZXOdBxT+TPafTP5VxJw8fGgqZ5
lrtyMUOBVnP5/2xDoJm3J2PRxbIbykUo5q0WKFwxDRz9dAg+TBLMpIY9t70arsPvmiYr5/tkEu8N//KtfBjpEdglMPNPfKRmLvPfGVC/PTH3qaYSwQHul9nua8FYjicx
FubfEqYtduEuH9cU8XJOLnUAlQZJdKhNO0BYi4ZuNibs4rGRKh/q7dAlQPVXy2ciapiCi8vpoTqkHigvwJSjMY5i4ALz4CEOf6VYVm89D8sA5BLOsSHFfEYSbELbtE2j4EnYtRn6Fp3xWUL3GQpCZg==
lrtyMUOBVnP5/2xDoJm3J68M/O2LijDRmHWjxzlej3EVPNdckK1Sf/DwtwQeeOavNLZ4a7ds1TtrxHDrC2Isft2P/yrWeFuwLpgiYPHqahXtCBA31f9VcdK4g7cmmTbg
FubfEqYtduEuH9cU8XJOLmu4kfaoJx4HgIn4wWS+vPFvyawk8EH6UaHlf8ZFB4NHRTS72/NsTrr3gozQjexROkz2dolABf6e0meJ5++HGx8=
lrtyMUOBVnP5/2xDoJm3J3mGXegDBKRLlvg9LJ2S413VBHHFcdIHPi8i6aLY6WIprvlCzP/iTOok+5pNHlZAe3HVrsSEKJxA0AiBsrxSC1A61z3pfPpoaPXE0QtO9BGgr+uKfUPpn8ZB075v4TcgHxXkceXlN1+1Se1X/PrOOso=
lrtyMUOBVnP5/2xDoJm3J14dWiHT82tDoB5aMnVX8ldlfesElpDvnC2v05m1ReRkbh6kCjVH7uWkec2uWn0jYw==
lrtyMUOBVnP5/2xDoJm3JwjnRdmKbXzWoehZh9gcnGqAbLXIidvohEdPUZLXI3EVPuhPndFtpnOGzr3BrqlMJRxsHFah3w8rMrSbHMaYcVZw6opwa32wnoCce7VX6UxiQ+yeMRFF//slMQd04iIAVjBjP8aqVX1zFnQZUsq9sb0=
lrtyMUOBVnP5/2xDoJm3J5OqimmAOBGvEPcA3ZlYSIS13SNQxuWA8h90XIdNAwOczKcqHc49SDL7/T4LuqrqI43Zm1/kkpgg8iuTwlbLoildzcnB1Jt9CH0GANQknC7s
lrtyMUOBVnP5/2xDoJm3J+8yEbwyozXfP+FqlRvNx2TXP7Yio+hkd2nSwiFBdlLMK//wjzvDo+PWt6Ge5+Irg189BqjfKcYjON1zjcONY/DXgAB02R01lhPu2W6vab8FxATPFEgixL8joNCsRQPyGC3QDQKoh9ihSxcfbXiscz3+UuRiGBz7Ooni9iMVEsdG
lrtyMUOBVnP5/2xDoJm3J76e+WKqNh/+EPRItNIBBcAZVZp64Jp0qWiAKCt9DbV1JyX/Yfz4HZwwc8zZGdKoejoCV8IBZo6jvY40QTJeLxlGNQZchBLQ5eBHoHQCh3DT
lrtyMUOBVnP5/2xDoJm3J76e+WKqNh/+EPRItNIBBcAZVZp64Jp0qWiAKCt9DbV1mDlRFUTA01uDf1dW17LKTKgjFwW2F8CoY1encbS4AnHqU6psqkgtBkfLAmxgpAEk
FubfEqYtduEuH9cU8XJOLrqkmLzz2tbxXMudprogrNHO/NWqYfN+0AMA4mx70PeaCD6CYCdIv+J9MJbfRLezUoKR+GDeXfUbhfGkbfCJ1Mu2z3WpUlmK9KxwYc+xMC3P7Rbcw8+1i7wmlxp01U59Nw==
lrtyMUOBVnP5/2xDoJm3J+dkCDguDGCmzchORRTHVJuaDbOI7TWPOL2QocoK5LKU1RJu+zlA6uVV3GidP4S+k8ZhNpFOgwRBKW2f954RexANsw6+HgKnVC5cD9EP8rpu
lrtyMUOBVnP5/2xDoJm3Jz6sLjaAbL7OFfwHaBQBcDHnf03XdIPSSrvPQ5caHXUlL5jMGwqRNwrAUDu3sKxSJ0u5nJxufSl9hstfV5//927LIK+9SHBMx2xCxDsCfLpR
lrtyMUOBVnP5/2xDoJm3Jz6sLjaAbL7OFfwHaBQBcDHnf03XdIPSSrvPQ5caHXUlmRVWXNwMSg+kzyL2hQ+a+zhtlRBCyKRMblGidn2BtQjTl7r81lzw5619nNeh6gRN
FubfEqYtduEuH9cU8XJOLs/0CtfS5EgwE2Ey3siLL/L1vGioQA4+s5d7hSgO/tcjqvwmPccS3YhlNQu0sHnxnSqpypw7kDzK4KXDH3XnPUe3Es0kTjZ21mjtqGlIF8rx8VO2fvP5X23fOQNfTITGpQ==
lrtyMUOBVnP5/2xDoJm3J/vpSI8LCxExmR0K7BRggnZOmV9omOGLE2v/n0f0chq7AHpS7HMbfx1N14U88ND2pKi23MuyAuuIZSNYJyIIGyV2PRMwI4JIjnjY4KtSxWMi
lrtyMUOBVnP5/2xDoJm3J6zpU57/GQaTit9evFINTMEFcALItCbUCR1PzhJA7JywpxaBMrsPlLIQCGkhZVxeUsuM/M/PsbSiYEF3pXNJetgeX3vV16eW/GNdkH6/gIc0nsHB/9Vj8IYcP1lRjeva9cU8GKIC37puDoa+ng/FEgE=
FubfEqYtduEuH9cU8XJOLpcWzHbS9s+fa8pKRryw7nxRH1HzNra7Yar7RJVPMnbjeGG5tScys/DrQIfcT3EdQrAASrWv7gf5dU6PKcR6kxs=
SU/SEOAEMcbnyfP6ByL3p8A1SZdjxtEzzr/ReDSzttAf3VUIfAf5+WbVJ0Da2SWOEZTT6oiTMwA2MZkX/Ds9+W+y4+w49Ieyp+iaAx5jMAnntDAwlctrwlP425JuusqEtECw1SBmOlxAeHdj6N8r4UlZh4JED5Utt9kARF30Ilc=
SU/SEOAEMcbnyfP6ByL3pyWpiLGFbpX+6gRlwA4ocXZ7c2pvqou+XDosWInGR3nBD+ujCKH29nCqfH7fjXCMCldLt+E4edwr+i9HdwFF5l6TET8GZ2b6lYdj9kDjD5W7
SU/SEOAEMcbnyfP6ByL3pyWpiLGFbpX+6gRlwA4ocXZ7c2pvqou+XDosWInGR3nBWaux+GmAgsLtv8OEI3mcWtlcPGuMW3IUZnNpk3zGRnvMvEg4/wIIHOYb6r8XBVgmheQcF/PoidNnQ0iI+gVWzhWeZNM8ygts1JVB9nXqIHs=
VOMnnPASwxUkvEy4FYeumKyrguGXhMWmWVJJGYrTsRpof1Ndvdag+WFNofGvTPeYeJJGQWtLbC1sy6IgFn//m+SpNFi/fN6zhiSs11g+aTDKFdRGIuC4bW3RBNGC7PuA8he8ihkd7Wo1uM7eeLgL6w==
SU/SEOAEMcbnyfP6ByL3p59HJXW8TuzLFY5380K7vjFemKDZyUIkzrOkpunuN4dRlC4VpdwU+426/uoXh7fdXNp6HdryW4BA9pvVXSp4erhcS59dc73Gqi7rbmjg9ICh6Fm5K5VRn4VwyRH248doBXpkHH1PnbMuBNztb+wh5Jc=
SU/SEOAEMcbnyfP6ByL3p59HJXW8TuzLFY5380K7vjGyTcqukPIMMSnzkC6VpuNTTn3fia7SCr9C8qjfhhQTNJw7GPVK75yXSf52pZy0lcBxbK2cmAiJ4vrEHZ4ErWmdyZ8HEzTNQmrIYk7U0Xmvcy9LQashif8ddqYgGR2BUuQ=
SU/SEOAEMcbnyfP6ByL3pxDVbGiltUXLU0cl2bkJt6Y8WdF3Kr75q47ZHdpmUXl0xZWvf+PJKgaX/sl7R+PsriX3phxU6DeKOnudJ0p5v3srL5Q/o4sY84jZKMCjJ6varl/wBKi8POJMxjy8kZvZteemsgvEOo8+cUg4hafZOHY=
SU/SEOAEMcbnyfP6ByL3pxDVbGiltUXLU0cl2bkJt6aHYBEQTALMLbOAC3fJ1q69ARlAZR7kdqKgt8dXUatouSdtxdhZVWjxI/vEY/Sdeo4kti++Qcpgn9VxJ+YSv4SCwl5W/qzl3B/CMW+mudludRnPJs9Lb6t0RAGI/yCI1PQ=
VOMnnPASwxUkvEy4FYeumJHFVtP/juZsYyuq6KhqM447QuMcXoYdfgFtYcd9d4lVtAP2Fvg03hkW01lQ9ir/fLtKJjcm3GcPj/0NBUmv/A4=
SU/SEOAEMcbnyfP6ByL3pxiwePEI2x33aijP4kgPgVhzwBDNtVj7s+cpqIGV8p274saFNcbInmVwOTzrRRa5yp8S84+PD29js7eEKxGzHt4=
SU/SEOAEMcbnyfP6ByL3pzVVAxOowPcxyrHepX+EF13FofDYPUbgxaJQbp9+VsNLX5Wl6+wObVaN7jn/IaCGEg==
VOMnnPASwxUkvEy4FYeumC8IOT9RvKX3rL0VG+ptW10vnoHE0IhJOFTgzRCAM5Si8mcngKnFKKyIl9GRKDYSriLHDszbrgppmkK7CGcJ3cJI0btFMiOTxwOzffFzmVnNkFl2YzByPMkLUS68fiNI8A==
SU/SEOAEMcbnyfP6ByL3pw/7HAuNDwYKT3dKmZG+bOhHAb0HbqgWzUs77ddUfRs5fwM3YnQW0I9q7pzYggqhHcN36MrpyDB1up52wCLeLQKsNIIxhQp3V601Siq9CQkbpCYm4UhJUBvbXcQImLH26h9yc4Fgpc2+fwsa4s1D5Ak=
SU/SEOAEMcbnyfP6ByL3p3Q2uf/FYqfpJQyjTdsR1AJXUtitg+2kDDhsQB7bilcy/3VvOEX1Gqd1Oa0VWqPod29YjuF+dTjfPGOeTKR/L0o4TiIUCjLOeyiNF16VOcMa
SU/SEOAEMcbnyfP6ByL3p/3MnyOKSCmkhp/ysVOiLnLocTw+2JyADX/7Ly2W4JDzh5oynSMCiu0SYCADhXnbHRYYrD7z1v+SQh3JZMJYQcSyHjLk4a2qBTdRT/yAzFFz
SU/SEOAEMcbnyfP6ByL3p0JfJZUdoqnzLcUOELOWXzOGhIxSC/vusA2a6rCdJJ0pXDPGD+/0brSPGPi5ahTicGYvc5BlxprqieYFXOIwU4XHRs0oz5yXcpoSAGBMV+dhCZ7xhJRSgmBOmXcse8lWvldLcywrNmmIbbIlfT0kvmM=
SU/SEOAEMcbnyfP6ByL3pyadmiuHpk5rHMp+eMUGQJawOqbS/GfcrCE+jSqY2TZWzDbM+w9gnC7Vp3rMh0mq3yBp4DoYmseXAxsmF4QhtygVwKVmdJHMZaSxPHxtsQn2
SU/SEOAEMcbnyfP6ByL3pyadmiuHpk5rHMp+eMUGQJawOqbS/GfcrCE+jSqY2TZW9sxH1VklLFnO8FY9jM/+xkQxeMwa7GAfeZbVrDpdUPBPdyRje3TZuGVLcYKnNaUx
SU/SEOAEMcbnyfP6ByL3p7XoI+7TMy9zAn0n3k8p70vDklQkj1fSyOHNms+2ItpqToivv4hwKz2IjFD681/ga9C2gSPOP5L/+UUrbpclGBI5d4fsQa0CxIUjS+xgWgu+UdHQRwbPNu7q+RGX1nXM8JxFtHAohFBIyHrjYcaun6o=
SU/SEOAEMcbnyfP6ByL3p7XoI+7TMy9zAn0n3k8p70vODlLFLX0+uo0SC0d+DDlguxA9il+jCv2JFCRCU/kkbA==
VOMnnPASwxUkvEy4FYeumEXg81k6/TqQWdH6merjSiGRBln0OaXzOtbIvVI0OjzG4dF8jxXQsVQHFDIzrYPj6XXiaRrcTrMBhEeN3BHNjzA=
SU/SEOAEMcbnyfP6ByL3p7vGNs8FT/DQFp7yTfUK8z2XoUZDKkFMEbR1CeuGmXQzSEUhDKSpWkh5vTR9rSifGrE+TDK97Uhu1cu5JuwVshI=
SU/SEOAEMcbnyfP6ByL3p7vGNs8FT/DQFp7yTfUK8z1vvQaH2Dpczx82PusjN6smoToNpW5LkZcCQNRFBBsh+Qu2hD2JjzQ6q2Mtcma+jQbdnqUVldWGzLqMvsQlYU4PHBoE16POV9wVuIh8oxCVou5P3uiFNQ81BK5F4g8rszI=
SU/SEOAEMcbnyfP6ByL3p2ZzNf/cUaOZ2fv1MzGbWxr8zdk5l9r/AbsxFIAUM5ktzDEehS6k6tyowtIUut8mKScN7GyxQkLqIhrPZWO7c28xaR4FLlKmE/1yzU9Lu6Sl
SU/SEOAEMcbnyfP6ByL3p2ZzNf/cUaOZ2fv1MzGbWxr8zdk5l9r/AbsxFIAUM5ktzDEehS6k6tyowtIUut8mKScN7GyxQkLqIhrPZWO7c28xaR4FLlKmE/1yzU9Lu6Sl
SU/SEOAEMcbnyfP6ByL3p7rmnG0JBk5K0hiDQeoE7qBEUUivAyHp+Mefa3hPE+yQDKvOWvyMSH15tukDKx9TeBsmIh0TujpKm4ESq+iOFCBu/TEhvvDDwQrQQqTFVLsF
SU/SEOAEMcbnyfP6ByL3p7rmnG0JBk5K0hiDQeoE7qBEUUivAyHp+Mefa3hPE+yQkSnmtpzF7PaqxR7Tz/14ar0cnDgF5KhKGlcLcNklw1nycNdxyJS+wbDTmLSjWliB
VOMnnPASwxUkvEy4FYeumPWY6GhAlhTHSMs0fya0ZxnXr+GDahxHm8PFfDsHedApIxhj+NeoK8SCz96L38BzvGDFevEMFiz6ASNKaZKrU+C1ROQNVgcKEyL8ILH1z9QMRx0Ot4J6Rjd60LuyfIxGBQ==
SU/SEOAEMcbnyfP6ByL3px/3iZJdZDNBpcMv321vDkQDnMNhY5EwQ7iDY/IxIlTXQjOi082oyHCCR7CMfpHeAtm5elXzeSA2AtBxAOtqfDeebHGkmnWBfMcvuLFSpVrF
SU/SEOAEMcbnyfP6ByL3px/3iZJdZDNBpcMv321vDkQDnMNhY5EwQ7iDY/IxIlTXSQfz/4CFXXJg0PaU0LKH6lBLND/RzR3GtRKBKq+8VM8HPdsJsK0FzJ/bMX5rEZEw
SU/SEOAEMcbnyfP6ByL3p+hdUo0Q+st6k5A32D9/maWHYXS53TYsh3/80blc1k0Ho3cD6DkN0MEjOc5tbN2Gh1ku/fbz9jtEO07/QZ/Qxp1z9+7yqvUhqthQNAjwpOnl
VOMnnPASwxUkvEy4FYeumI/PKTzjIqE3ws4FYl65dSBUVJout4Qa7fESyV1qFZYDQjZm4AiKvg2wTSB+IcHurScifnlRHodfrV7qjNUzhxtNZS+nIPFzwon27wnmIUt6SuSslTJzpJCXcd4remeeXQ==
SU/SEOAEMcbnyfP6ByL3pyGBdj6YE97Kf11usYWXKfbINHESnA6LFsDvM2XfyEau58Peyd9uYoJ9KflQlhjoGmXUh78TjR5BV2v4CSL6lpwq8ToT3WN1Pmg4Wv9xSIv9
VOMnnPASwxUkvEy4FYeumOOIjCMi8kYKnS1352HM6y1j+66YWQ0ETqTmLzKrgNIAM7+0a3Ulz2IWSEXkklEfN8knF+DuKBo6bDddb7Uawas=
SU/SEOAEMcbnyfP6ByL3p0cc/GVX0efRGIgmSjidbyl5299PZgUzSrisEn0E4Pli8n6R+aITfb5qQZiz86+l94Y1CVFM3jDIe6tRdOu0Sh5cTJUgAlBeLXjR+Mt/nlkcsqmLFleTp8C2HT/hug4eKyQduI+DXoo+C8dEIBtX694=
SU/SEOAEMcbnyfP6ByL3p/9WfxUAcBNRdRMdhD3IHRQzWJPVMzUoaNDV+lK3w5QdxAVg6sgFC6lAQeNGV3IzVX4vNs0NhbDxqQYvKNx2K8gJYBJBVDw5di8sPEK6SY5/
SU/SEOAEMcbnyfP6ByL3p3VgRBJX5QtCobJyFH+MojGg54iu7CH73P43WHxV//z/6vV6J45Bah60rp4JFAr3U3dfufwgxUq5Lg6Gf0TgcSbAJiS7ziTAcYPNrodObgzL
SU/SEOAEMcbnyfP6ByL3pzJLBHE1LynQ3Hd8Y+O3vMNTyLuX6yg6LOAcpm3SztieMR5MerLz6dtWzj8JmRRuh5B2V4vV5bkDru5rZ5VbKn8RBHQ6P8BJJ5CuhY+hM7Us
SU/SEOAEMcbnyfP6ByL3p2+Ix4o64bAgI7DSlcl3PjPb5D+t3ZINBNUOmdfcZE94tZPoJv0b8ZqwiHUtqbZTMKqzWpEGiKaQ/PmoT4CQphEWVqPvLurBiOPFxPXfSuvB
VOMnnPASwxUkvEy4FYeumPqjEhMqRydG0QEw/ylL8VQVFr/ziI0QUPxV5CI4TEFyT2WOCfh4DTbPB6w8WUr+YQQOwgtejWKEcvlwr2LjXS6Ohw2mZZvUCYZVG5rjJxdhzaba3F6/cpdbr6xhXqJXwQ==
P92QlFRArKnwQWrVWnMizVuq6bxz68tgVhQVSq9HGB9g6Hk9oaAtG/X3aCQEsFfQQyIBjcpq8DIlSCfUS34MMw==
P92QlFRArKnwQWrVWnMizUINEgckRJQXzyD4OzBmcf3qD90Kmj6OE0mV+seRPsLYao0IiHXFj/KStQmocb40PKE43/WSDLSrszxiQ58C8yIqfV5NJM9T6vqN027ksw00xAVQnhUx6TXxouX1X249GCSFgoMpTPX7ztNK8N68Ti0=
P92QlFRArKnwQWrVWnMizUoOCdeasU+G3Mb7CL2DqGNDWQfOxBMrBIv/H8GS2r5QXXo3H+TReq3ep5GWWigr5MQgGbyRfRxtFmC14XDTKwxQb+w3No/7HB1U6krGz+Qs
P92QlFRArKnwQWrVWnMizUSL01apHjDNsFUrCtNDjEs8X0aINueB2kxLk4AEQL+mrjTL3gzJcMSrAUVxwIDD5NKWIx3m13SJziu8mf2fe0Fb8onQHWE65GpIO3McIJLsmjV36fKnjYvPfBDD4F+zoyQko20PWjh5d4ZS0x8oalum639Sx3zh1qswcLE/kejU
P92QlFRArKnwQWrVWnMizX6PkZms4G2SLXXVeKtiKB/v0j+fi2bgqC3OH7ZIITHq5Sv4l5iIXNhSyTGC1WXI436XIRKE3Chj2xYpcH4Stgfoe1QodrSvfyk+nAtxsam0
P92QlFRArKnwQWrVWnMizaAX4O3dBci+/gr8grPim/+iBVje7pshyzPDux2aW+r1alHyc2l8zaHJkjq9RNLUnonKGV7xn5QYciB+Gg5StTVI6FnhW3EivJu7v35WDS4W
gp4ZPwTaCR79maBVCpEsST8roPVO/bHKU2PTIRBp9GnT564WUx6XeRWMcC1xbMbg2FdLmRKL1oTJa11hXB9guKfX9vtcT1/Dyb+E02wLzDMcvK6tly5v6XqvlUZHipxQoLtDjmuAwOlH2VEtN4iwtg==
P92QlFRArKnwQWrVWnMizemJhkZCyH8+wd82/kPiLEX+GsQ6YQ+U97G+20IsgyPFtBYIsLe/vuOyFFQLNa9IHn3aS2QD11mFXIvkXjNKVgHr9TtgsAbyxF2NZYjQlhQhj6TcEtou379BLixT4hKjMa0W1hb0kJlcIv1D6VjIRfU=
P92QlFRArKnwQWrVWnMizfnkfRq3Rt0JC07NCD2PiyA3P6SfkQ287aXdkLS4hLIgrl0BnFHAeUpXdClZE2CKZ0n6WEDSLNp99+BubFGfQGCb74KdXKodOMX1eulIcY0UZEsxgJhxeP55Ql5EpERvie8xzUClXXru+C5jPOO9e74=
gp4ZPwTaCR79maBVCpEsSWAQysGuK88/I46U1v7wZIvFH30j7KyeuNNAnfiX1asZLTSBdRknBA7Ql4txmvefsgpOrnX6VwZvq7IwwjJuIRRH7aaBRuHjW1ckkJFkVxuhviBlYN+KMr7b096RI9EsSg==
P92QlFRArKnwQWrVWnMizaU2XhZeo8GwmnckbpwUy8auCd581cP6c3O0DN6sO+u/5uGCslune0IcfujVtSahUSvTVWxwpHNMFKQlDA5MfpulTMan5pJBQauj1MzBiKDx
P92QlFRArKnwQWrVWnMizbVs7EdsnIQbTh/JJrZ10+FQiULxDm2V3gkezrdJ74IZCQAsx5PWfBp0D97AD272SlxDU1XoJ1enOTZIJKI+1lQV0AtuJtKH0RofbZXe1Dzb
P92QlFRArKnwQWrVWnMizbVs7EdsnIQbTh/JJrZ10+FQiULxDm2V3gkezrdJ74IZd2fJ/lwCJvV6PKM+W5lYJ84fEToSs0tsEorbBGIlOnwdfi0F6h/4L3u0+dFU1Vsk
P92QlFRArKnwQWrVWnMizdh9wOOqVdynMRg/r8JAkKBZMJ/5Xe60UJn9yHWy6XxpPulBsWLjk3Bagmc4xUvb1I3IRTdnXkj9XCj9WzYDmS39V0PA/7PuGeAKjwU4CK/2
gp4ZPwTaCR79maBVCpEsSWqjQJ7DNqbDK9Z7hf1z2kIR1xh6PnaMpT5bEIqAFUoRYvUgiopZbwY/VQ3UQneCoWod9MMcA6rG8ZVWK0AaAoxeKCa95bE/ddio3z0vVPBmp1zneVTscZNyXn/G0UgJRQ==
P92QlFRArKnwQWrVWnMizQVlUM+3COc6FZQP9XapCHOAQbad+KbQGw/7COWHACeW8j+1jeySG2UvdQGQ9bCno4p+9P4dlpyfrVDmg1Rp1ulSpao8ryEJUdaqhmBfaUJX+Z7EMUcfuJQaZtzKMb6UaNgbiiAzdUrwGEMj/0PIHTQ=
gp4ZPwTaCR79maBVCpEsSbSsRoK/Uk2tHRC6MsV/kPO+u7XRrKXdccXJbouIj1zMz8q6ugALcT20mkJryYc4yE3oSROAxunzvVias7VTU8E=
UCaCldE/Jq4lcllspERPgBdP94yiKJqruOxkO6QYkQVejJkZYbXJpAxed3pB8joRJod1cO4uEFhJZqSh28h/dA==
KAIFwamgTg/nAxOkJHp8kYU/pHoEui+Dud4afx1II3BrYd4vJef6G2v6nG2Nzkfg46SGK0QwyGCn6ozPrZPTcecqzAMPZSSU2itYNzahXsHNyBmrwWgHOd5nVvmNVI+rPIkP8WKpjWwtIhWFXbsO/Q==
UCaCldE/Jq4lcllspERPgNd3VMWB5Fe4r99xVeq8IDAQIlHVgxo1qyegW9sp4vNGJVdKQwoTJiEDRzAtPI0rWT/6pNT48sO17ONOQXpBKt18EuOJ+J4FRkzgebw2VZSMHiLIqvihJ2XawPNDMEcQywBMHF8v28eknESAtW9pTIA=
UCaCldE/Jq4lcllspERPgB2WSyJsk8BhhGnR/mQDQIf0z837EVWzU4bXAE6Ou5rjlZD50X3qqbrTcqAv+TSk4+4zaJIXe2rWhzyukjsdRCxo+K7QbXyAJojbqLni8jRS
UCaCldE/Jq4lcllspERPgNyuz0ycml37rCph72a+cp17HReb34IP9MXvWjVliGzW6zudKPydZo3tEznoD3HCpP4hzqwuIVGrBrox4bgXeCsNi8esrrqzrTO6WYVmSqzBnUdK02xqHe8CpBAI9xBdnAMT2oZG5qdoCJUZ/tX4yl22BWieYOvU/XpujXZ9csIG
UCaCldE/Jq4lcllspERPgOlE9VPh3LWZ8qh2tyLEice19SQ+7bsEnHZVlltgxta7LoBNdy5uE1qWHiXnLL2nEnA8ONNVJs8oa+SNA3yxqhp5Ni5v6K0phK4556KzTWXH
UCaCldE/Jq4lcllspERPgDq6xmAPxsV0jhoFrzki5t4tHg/FF6Y5hQVTEV3uQHlI0VdEUh5JyYhTwtmS1DPLu1g2hQ8IpQDxBakhus/cIk8M6bhlZW3wDTD+LjvWizeo
KAIFwamgTg/nAxOkJHp8kRNDYUpfPoqQDMAOWUTjLos5EpVum2Qx1n8DIFI/2JEfm+TpPi22j1ERK3IM8MJ6OcVt0Zzi4EnnKgz0YZ3X4sFk7KaOWeUgFevtuz8Sqm4BL24S83YhmirylRQQw2HsNQ==
UCaCldE/Jq4lcllspERPgPwF8u/5e8stGrooCWNZmVNkzACOgoXfX37kHt3K5QghNQc29ep74G74mAvAl+LHeRB2w96kZk1j1QUze+zs8OGC7wA2sI8MnrIyeZpxs93L2Lj9q9a3UFwaJWDQISgekEd9v6qKOChnsjFSqX+isz8=
UCaCldE/Jq4lcllspERPgAd3ZNLjkLkKWQVqyMCkYLfj6DdWSk7QcMPUtQMqQQsGrF5651wGsqJyOAASRRMzXuUcW341lM5LmXaFaqTfTl5XCpxmYR3OYnxJ7kHA7rPHZcQXnMRDDhXqiE6U/O/EucEqicYNz8vdk9cJ+K3W9a0=
UCaCldE/Jq4lcllspERPgBejkd40eOUcaBwggGH/LUuyxKo0XltefnLmMa6UiDZE8X/TE9a+z/VFrygsEr2sJRWkObXhSsQOW7ncUiBANycEdm2ORHVf2UA2SZjHXquA
UCaCldE/Jq4lcllspERPgPe4hW/Mc2beUqnCAaGEbd1dNzDhCL/nEqf7voNXE2lQne3coDRoS5snmzVsBVngGEcpUJ5nx9yHHM7IpstjyK3wQuVdBBZEfj5qud3IGgzS
UCaCldE/Jq4lcllspERPgPe4hW/Mc2beUqnCAaGEbd1dNzDhCL/nEqf7voNXE2lQEX6Uj74Si8dBZmbKT7fcH+tLylTCDEI/Kvo5vuaYFHd4S4R6u7op0K9mIbjQQpcL
UCaCldE/Jq4lcllspERPgE1r1bXiigYhnPOJ7TbpIwHonINyGc2E9JCwr6sxeZagsjK9vnGsRNp38CIStn4PDgwklX3J4V/UWJkp4hBtAvedJ5U2kyq9siuBP5cfC8qn
KAIFwamgTg/nAxOkJHp8ka91kMLGFVJp59XFeA7yiAf0fg0iD6qmNkJz8kWa0Kby9J68JEYKNsc5flynZ5WMi28acBPkhXINvWctkDofYu0FoHQxWKIB2E5KTPF2veVBZM7TjIyGq08gETSLRJuJQA==
UCaCldE/Jq4lcllspERPgPdKiOGDT6c0dF7M/3GeCYXCRXmE3Sb15Ok7g/ylXVFnJ92CSdW7fGCeqyfg/iBf87thcuiVtGVEBnMpmTAMLKSN6MnwwxK+i65NwwBj3Ds2/mjoJ2+dojrh30y7HH9ugnbUwJquHjWMKt45HGqcaf0=
KAIFwamgTg/nAxOkJHp8kVT+v+TItj+zLAFilPLYpoJ6AcRh6oDOuhNHb1KYJA5VY98Ml7ATl4aJQRL2rPvxUaHKw+JekRFN2i9PnfkFgWg=
UCaCldE/Jq4lcllspERPgKxsEGCoshmG6jIoPUcaZJeZP88XnbYnBCGQlzM3D9WmI1jiess2cc1I34pumFUsIg==
UCaCldE/Jq4lcllspERPgBEv7B85RIzZG7aUr67jE6MVhrf0G02O277tLrBmZntzDGsGw/PKke1FVeoSghDlGqWq72zaLco58ckV/bM4pA+gqJY3fcHpJ8KdezTHHDn5qwgfHgGSisjRAvCfsnotmxZx0pYgZ6PVwLnV/h53mes=
UCaCldE/Jq4lcllspERPgG43DVRqBuqYuF/YZ7jEEtBCfCThmcoyaFNd8WHUPUAr8inTVRR+ZdIzAP35loli7hvHo0JJ7Tk2vh13LplfNzhsxyEl0D0OisepJv/R5YUW
UCaCldE/Jq4lcllspERPgBoP1h3BZC4t51FjkY8U8YefOdkrfbwFtSN4YZC5YesfFJvIcMT3XFOBRqmu9J2WHI6oxcaVhUlH7nhXCFbyNXksoaMR8nUvofRf8yBSopO/
UCaCldE/Jq4lcllspERPgOlUdNB67NLUNqaUGCqQFtG8AFS6XKo7CYfN+ibWHCFVf7YHu6DhrI8htxq/diaKMge6/WHllr9hxueczlLqyk0sWEXk9WtecHhzyseI1T0IRM7XKkV2+hFIfsBgm5CFHWA43/PSNjFjCtMTFkSVr4p2qeHJKEXR1cHQ7iBYYdbH
UCaCldE/Jq4lcllspERPgJDRVtocok4MaegF898xBKDZiFRzin1JMfd8omn6TxGd3wr6BO0P4OhPGbDImnlxnUpd1HBHmzPkAaplTHQ2eKqjt9nUbLP6C6gFTfWQNlcu
UCaCldE/Jq4lcllspERPgK/bsazjYqHuYKSHlhXEjTulysVSYImYlvMID/i27gj5QYy8U4XGwetBaLcGB31CQisKJI/OauHL4Nu7+pY+O+1SumYT92ZDyX5obOvkZ7B2
KAIFwamgTg/nAxOkJHp8kYe58LMqbTlrySJltwc03bbpTcPqF2CHTbeCVhJ0JsihYL+Is859X4icmE7KGgztxWQ2sd6JwSSUwEnaKRLHONxIHEVS1DoN+pKc1PD3MubC3rZq/csrTWw/xsxzwEVeSA==
UCaCldE/Jq4lcllspERPgKYWeGMBitldVl5dScgJeH7zps7ldBUI0aYj7xb10PU91o4RSeHaxox3Yn0keuVUNX8MEv4wFlFoPtcuP5+gkvr+DRjhuqpDCJBSosWrXk8D7oQe1BrEky2rD8o1F9wZ6ij1e6BYzWeco41pE5a7/eo=
UCaCldE/Jq4lcllspERPgFz7uTpDuPWgR4uBjaN5dnUrg11APFVhGxvxxfv5iRfzw9tQXejAdLZyTaOCXggpmELgfnaO4mRSHaC8V+BOfUk9mbNhEh3luCZbggAkt01W
UCaCldE/Jq4lcllspERPgFz7uTpDuPWgR4uBjaN5dnUrg11APFVhGxvxxfv5iRfz9hhisSTs/g7Z+w2rnR99gt9SmEe9qXdrC9CR3SoINXvf2u5LBW6H0KvmXIRpHhuwmBA10XeFQbOEWqFa3LiFDZ13wAnlfRb8nhOcmoL7+/I=
KAIFwamgTg/nAxOkJHp8kY695QQ2D6LkOPyoH8Br7ikSknIRSmuYui1K+yAdjxZEZ7/uTbUbTq1ee9Gto5BkrBY69loe/5KIcrd3xWmUwcw3fQDZw+x2beXSi+15tjEF+MfGuncM7MI5HPUYLVYUPA==
UCaCldE/Jq4lcllspERPgL97bDB2GeAEkJ5+Bq/yvDvrVs0Sorw0gMCr94r4GSAE/x81KeuCeHjsBsbSTww0PPNUIlCHmTI6mREcYBxzWTysyZVLPBFjMtZaCmftw9fHcQwmgzLiZ1DfzYE1Wu8CbiqETKVnwaGhBB7kXFMYrrY=
KAIFwamgTg/nAxOkJHp8kdGBL3sJa6edQwmFrD6IFuked2H2JGld0NlbYLFAZrAGadKqd9ziqfrnV8KnE32vy2XRzLpBIuls0mzoW9Ls4Y0=
UCaCldE/Jq4lcllspERPgHyz1dIUlFrWEsCopLjIRqO6qFyPDRDrNwXdT295ZkOnPYQ9K0SKTGmZlQTV/E5tig==
UCaCldE/Jq4lcllspERPgA2/SVvsUc7k9XaydLGY9K9b/9OdZ/gm8uvmeuiF8NBybqM3a2/illKe72pYDLBrJTjYW5pTo0IvHaLuz8QYvWrhszovYqw8GhREbZ3CCB4M08GHcM94DVOVcMDoUHtdanoKe7lyl6alCtbzoBveJu4=
UCaCldE/Jq4lcllspERPgNpXn2wG7wXLIroDR7aJi7EW1BRzNl1VsvuQIetjBJ214cbYdEt5iMvYmsruzCBVLNlN1SyhnBCF9Vrd3thyDH442kPzgx+QFwhyLOygIGfy
UCaCldE/Jq4lcllspERPgF5VjVx4uf/zIYR9Pv5u/hLCd2nTWXzccz8pTBVVrKkQsHNAkbS8YoW0ht2MUt2H3DudngnCafQG+JWsRWvG4OQSoXtAnNKllk9hg1oEofgE
UCaCldE/Jq4lcllspERPgC1wYMASDVDX3pobXwzuOT/ht/V7o5xBziOPtjWvglk1H8TNUJ7FEIfvQ8+4EHty1DPzAaDKws6LTEUcsnDmdAhdh+ck8z0CKpDR0b5aUCZmjoQcoBmchgmao3DZ8Tq+igvP9CADUkeplefHTRJXn2i0PiWH72oIRIYjG9bjFX1j
UCaCldE/Jq4lcllspERPgEGSmQCD5httE0hu7/57UiFVy/NVVuNQfQ4f1o+FNOR5rVG84/ITd6nvVhILoQVz63mlwOdlVjbMUDPjNKaacl5s9wSwQYY8Qku4KTvbI2yn
UCaCldE/Jq4lcllspERPgEGSmQCD5httE0hu7/57UiFVy/NVVuNQfQ4f1o+FNOR5ypOResJCShMx1ub0woXvBOPx9zYOUkzgMChzL1no468xDfXEsEakJ5qcYKb5YMRp
KAIFwamgTg/nAxOkJHp8kfWmAH1AUkWBE9nLZJyQoiOuAbNZ1Ddb6YdIzsmh2rTkWjNjpDK3YykGBFTKvsH3c3g16kieZ2Ai/+ted3WfeJhgFHMp+rkaUCcMNAhvsH7QFSqTvMdzoQHWDWiL1q1mOQ==
UCaCldE/Jq4lcllspERPgCLAKFjXmxv+6IK1bJ4LqXJFM7VaquliPXBhVSgUG1mH7wDe3ASOtu3tN7kmBt0LhpyuC/3+sA6Sa2HPoPbSog1bMmB5v3odQPD4ak9jWGfCTlL5u7lyZ1k0uyQt86u7skVDOvFM+XsjVRFOXZoK++w=
UCaCldE/Jq4lcllspERPgJhOfqUb2W6x6wEWvmiuOZY0tgSh61PYvGk0hyoShHQbJVol30E6c1iyze4Bg1/BPNNUDm+/r+jjRAHYQsZgd/iiZSTdQL7xvlz1pauRPHlI
UCaCldE/Jq4lcllspERPgJhOfqUb2W6x6wEWvmiuOZY0tgSh61PYvGk0hyoShHQb9t+I4/2PWGGDtzfaQl+HeO9urt5+1KokXou0MHVHl6Ia/89pJfOZrYgPMCGWNoSWxSp5BSHPv52RX3uTZT6HDl+81f2sX2+p6MnhYcOo+3A=
KAIFwamgTg/nAxOkJHp8kVJmqdtorSmjV0p1ZpjsyBtTD7swn6hH/KZniFW2d2nHk9OyzO8/MqWeOdUNdKW3zj3SS//pWaC6Qb3CugYSdD2ljlms8JHumfP/asdHOR3756w7CNWTzPCIt0gBB1QsOw==
UCaCldE/Jq4lcllspERPgLp2C4mpJZI24WNyRQv7OZG6rEMGDKMX5KESACFsLKnkAxKnU2SJCHFoRC5Zh2xLdXlMdoRu1YTPbYEzh9xPCIh/ApiOEkmzBygU3GqCoM32DBefqcjnd+H8twjD+O4Dp5OpywnvDUulnmF1+1x6uoI=
KAIFwamgTg/nAxOkJHp8kakpxGnyC3NsFE20Vm6XMDkS4rSTfxBxSase3FDGny9YAoYzJlskukZOEF/S4u5QGLZDgOkpjEqZfJwaAIvW4rs=
