GmcONIA9PFzHw1gpPLLPoqev3ytAH5KO3S/CJpMsylg=
35kyjVfwBJgytCi6KM5Vug==
FNt9orFfFSbPIXNSbXcP2Q==
gE2g7VQeqq0h5MkG44fPUw==
A4ZCFW7RnVRfEnbtNxUDb8VFIQmzxcIFLuiIjRY2q84=
cwgQW1UgxyVfBeSrdwXHsPE1eoSAri+NViVSjTYe4hg=
pYn3RyiaY4vz2unSybTHuw==
mAzeFbkWBGyzJRgEWJSZYQNn44wFaguEUnqkvHVinQw=
NiGef/LGs6v8Em6sqLz1GYGKB0111uCW/TAqgkiW0+w=
2lfNnhNY+w/3xMaMUxJbE0YFT/wvMlSDz8Vrd5FEs18=
2UZHKgo0kr9WFNr+mNTz8KFqH1Utl/jBmhLdjchhST7Ayi7O97TOEo/M2ZPq14Yw+wt2VpJPzKbLfuQKy/4n8A==
7d85xWLVVdXSHCyhSsOJWy6Bn2xfEsQXH+cpaKCLhm1zSYKGzmfHEvfvelhEDBTfY++lHftx/mtZSJKmRfdHT0bFBVVYVEpisTcdIgtiA5YFV4KRi4YzNeA9N41uMBFTNimBVC1AAfVSBS4W1OlEAw==
2UZHKgo0kr9WFNr+mNTz8NhBMesZf7S23iGJKl5EYHLh9chUwxA3+wKTd67wh0kOmdUG92ML8aIimwty96KPbvAepOVBGSzXBa8+tXL5xWKxS5rEGi9r462fTrHaOj0SzmJX0iitpHAmBxffWgg3SUnwu8it9IiX/a74Nm4QOFo=
2UZHKgo0kr9WFNr+mNTz8IoaSd+MuUlVE81UZiAiF2S0DS1+jG5p2pczRwu/4J4JthLSgNI/ZxDRwdYlIbDd1xkX6Pt454bK+PFx8nlz3+nVkSptWdnrZi4blZrk6kId
2UZHKgo0kr9WFNr+mNTz8ElB/lI+48mOAN/LxaUe7+GL1p7vx2xGkzNf/8Lw7TX3TaR6wJocHTh8PwTJcU+jbO3mxUhAMWTh/OI6fq3yUlGHS45K9737+GB0bBUkZFSq
2UZHKgo0kr9WFNr+mNTz8LMMZObfI1RU9enLek+ZzuwCtvgKqnMa8n1r0Q2IogdAule0kBQjKzfpmGknL9xKQTaqoIDPlB3NJXc0lPfe5QHGotPWruIjvjWUFRo3/Og5MaHkIkCpGTULIuSWYRv5wSF+vhokQusEHdGRHUZxGfnp/R/ve3oJiJYmYIqw1NsO
2UZHKgo0kr9WFNr+mNTz8Ad5l4fpHiUqrF9gYkD6A+Mbw6aD1DDqxVv/5Pke19Dl4r3Fdv4zXix5GQn4T5k+dPYFqNnZBXx5H3nJYPrr1+sHocBXhfv/o0RyfdqZTquy
2UZHKgo0kr9WFNr+mNTz8P90Nv4eXOrtdTZHmhsOVXFu8WTDxACUO6Mo+MJ4cl2vmDrdiFilC/gIK6I5p02GP3/M9Wi11kBrTpee/ERPr/g4iGD5tbXzAGK4IFluzhZz
7d85xWLVVdXSHCyhSsOJWziWVffnfJQCr0M2ZVpVPjVr8Ah0iOXCZSSkoUNHmSj/JJAQx9No1NneQ7ToPSmFNN2bV33qOzZfD3+HnDHagLcmcKf/PTVyQdl9zD6HcdyvSzRhp0kWZ4mC14poay8GPw==
2UZHKgo0kr9WFNr+mNTz8OswvbSkER3qlvklMIVsMfN0wHW/IJAtLtGtrljyt6uGQxFMonqIdAy9/xWseiORNYlnKatsuOdyOlCjmdaQUveltPqE0JNE3hXkNfsqHW4MDqeuRG94S+YhbdIt/MBI0CBJDgh9Jx88r7Kko7o5saM=
2UZHKgo0kr9WFNr+mNTz8JQtcuO+5gDcu1+mm8I7LQWk7cRpF6hIXNKdNbCq9kqKAUn2EDsGvEefQ0zMajnGAlesr56f7YZXzWG8hXdkv4jPRwzhPb9jKsQGpRsT+MUh
2UZHKgo0kr9WFNr+mNTz8JQtcuO+5gDcu1+mm8I7LQWk7cRpF6hIXNKdNbCq9kqKhZ+i3nl79fIViVz9jymR4evvyAGwuYHBJZ+gffR/D0kiR8rmmnZSIyYLN/r0TeHqkmJQWTaeHeTsPICT8IjGUWq2SvapKV7GJO9+o7npqRY=
2UZHKgo0kr9WFNr+mNTz8PHV8Ou911ov5y+FhbcC7sOSkksJoYf3oNCn0ujHpmRnIZa/P/0h/QKXhNDHGfp5gmtdt8WiFazsyegT2YXuLeMAIaVVvVMrE5W9JTx65Qbrj96N/8pvlxb+xjK/NFJNF7JQwrD+eF9LSGD92Kpet+M=
7d85xWLVVdXSHCyhSsOJWwL24tu8IY5HxmnVFR8KIyBjV9qN7NKWeL1p1elFfwYl3k8eufRANaT+I7pX+peIO7CKms9idq9PhCiMyEHg5pY=
7d85xWLVVdXSHCyhSsOJWwVNjIYQQ/jdi+1/lNOd782nwa99T1Kw7oh4a3JVc71h2h5I5VwAj39BYxTtjKy6tNX7vIxVpwaky1zQGPTRRySMiZQGEdqGmfDEcrdHbuLqpfW7N2KTPuZlh9Yw2qdwwA==
2UZHKgo0kr9WFNr+mNTz8CX1xV5x9p+qF8PK0NWJlMyaHXb8aYoAGWYXkS/lxKtNlbEz+0cYIqRWGV38Gktu6Ys+Efl6xilUzmscsBhQc4gu4ehnl5piMrqfaK4We1j3irU5rdVCzzrz2xXDBXh7AKWrNXLlbM9WlabFSXrXSsF7VM1pjUByLlR8LrBmToAv
2UZHKgo0kr9WFNr+mNTz8J7ZUiJNsbKi8294kldM9jCTjKr0afkwg6yFe4wlL8QdPYqLRlkMSYkDpYMwbMEWYBSAglNihJNEBfvFUF5m6mJ9Ch6g4cBiyuEkYTYnaAVh
2UZHKgo0kr9WFNr+mNTz8JbWLk39TyIiCiuMBl3UYpDtqHxxOgx8NYfBlX97BVgpR38RIbp5qKERjgKfOjAoAAgZyavL0LP61+KXUzaN9z+kQt6C7UHMHBpRpwfNIy6b8YGrcZfWltXsBnzcwZgbsA==
2UZHKgo0kr9WFNr+mNTz8NSFY2NdGnMwDxUfPi1EOuo4g/KGG2Cfs/N5i6dOqamSKAcBOFA1f8lR3YzHlHrP4z2n2+TtFL421aeBz43YmKvI7ZUFixHe9a9W+zSzENWSRHRz3SIwErqPIPMMLephTq0H84ovsXPPry9YnwYnbnEfH4ipDwsBMoRzJA4uIfxx
2UZHKgo0kr9WFNr+mNTz8IxasADURkp8CmRR0lcCBIX2avX3fzG7QinkslhTN0JKpwsMjkC3zRFbNpZGNlJTNqcB1HhKTzrX5ZPDMuomQFFCMGx2xXMbR1RZCUol/p4Pz4jBvIGWDfR39VAVe0rxIOr5L2MitGBkj6cjTZ3EWRA=
2UZHKgo0kr9WFNr+mNTz8IxasADURkp8CmRR0lcCBIU9Zb6sLlwIe+Cbv4qZjdFXfQzHLsyEtBLKYql06pvCOM4yqnMqzDWvuQaTTMkpT0TUwwBtogziwvAg6tm3t3ktLIPaZjPJuvIIp46BiBgd2h4TRrwPP27D4WMN8cdTgsk=
2UZHKgo0kr9WFNr+mNTz8JlsD6/8NzTX95nSNL+VJ6S2Eix8uQrvIP0Ml+iOwOtTq4dN3hl2OQX4DJoyWbuoDhqDZops1EloC/Zccs3V6WHiwM8qOpP6pPLEyoHc8WP3LBK/JtO6JtOeIMwB602NMRfLZpm66X974mTLKY1CsKQ=
2UZHKgo0kr9WFNr+mNTz8JlsD6/8NzTX95nSNL+VJ6QUVybtRT8k7wz/GNd0r18uaTZ12tXi/MVl6JoojVk/6fffbopVlyjWdDEHjCfcYaiJM+yEAyh7ZO7c8PtQ+aOzDnakhrs6LD+NQ6lmG/9FOaTIJf3OfkprjOo9J+bb50Q=
7d85xWLVVdXSHCyhSsOJWxmNytCTPkoWqpCY58PC0xlOSxWqQA+1riqOchxCBSE7dBSkTTVMIUq5dU6b5LmUaNLjBo9n+YQXyDXMeVwiqEc=
2UZHKgo0kr9WFNr+mNTz8A3SA34aoMfyxVhFrEDqahag8Sa6lw0oM9TOpZQ6dBioQqAH97pXgmUUOQHePkhbfv3Z37DtTnyHr+4wrEI4lkc=
2UZHKgo0kr9WFNr+mNTz8IlMYU+wU9oSXLES03grQwK500eL/bYtxGOm4lsWx2HPaWm2bHvUTbK/rNP1XTIdA1HGgRUfQeUjF8x9r/Ju7EA=
2UZHKgo0kr9WFNr+mNTz8JhPUzu94/2ftl4EmfZToD/4msGVeSYaE/OgozHWLGXFNk7MDQvmBmrKo/vrMcqhwR+Tu5fWv7rXvdNGl5DK6+8=
2UZHKgo0kr9WFNr+mNTz8ERs84996JIhSXYuMwfvpRwIrcIuQ+p93PWU5oW4J957GIRPFg2vUCtU6HvosToopkC+AG6kVJxCwO4vY+pG3rM=
2UZHKgo0kr9WFNr+mNTz8P7CJx6liJjEF99fcyI8IFoMWy2ORKMpfjSgpDHPTdatsBdHqwTgtDbtrZcKnY4WUA==
7d85xWLVVdXSHCyhSsOJW/j76mf4NXPjDjxFcfWi9mn2Dhs1yjI/i3VsavZDbBv9tUu5ngGutOWvq0jZ5PifY6fwt+1Xq/T219nq4GtFpgIcogdVqdHem7vXGgSMYjl06Yhp9NZo3zkH0HKy96UDkQ==
2UZHKgo0kr9WFNr+mNTz8HmMs6830zzWAjY4UgTuFHwZZTL9I/FifvfS1hbG5/I+tECHuHlHFBTie53B0WK/ivf0zOXwDcffL0/sL+8wcZgb2eUavnrptknDRtx3kERpk1IS/JcDEkE0eGz5TrPNTOgUtAQ9KiM+2FwIdvZqa0E=
2UZHKgo0kr9WFNr+mNTz8D7iAiBIdbaShdvM8PG791PR5iC5j/6u7VzIAi+yP0IQ7mOno+V8yEEowp+tdfL/ZYAkOYnawV3ZaTvkoxdp1jJfSL2izxV/45ecLvrI1gF3
2UZHKgo0kr9WFNr+mNTz8GZusUN5ieVZqqyEDge0aopQ7l5SJ92xQcT/RQZ4alGpq1M5YPF/K2ClQCWTyxTbXOMHbcdtLiaDDHNC365Z56Bli3YvWHCAaR/+9Ikqt54V
2UZHKgo0kr9WFNr+mNTz8FZVmcnF+4yFpU5dQDskrWW3L5+3GVO91NRRMXPU7r/b42iaXyZhvmW+UgVR3OThFrV5tZ/GN37MkfzXhgw9Sl7MrMf630F1EueDkxzHmXtU6ZTXa92ecXAO+EEkftQOsgL+dmv0cuqsndHE6dWCvtzxCtnWKmjNzgLMMcOKINuE
2UZHKgo0kr9WFNr+mNTz8GUO4o+DAWWq2SJWEhZJJAB6pqrfHmkVnZVFHCMW+eLvyUqRAAJ+HNLDGHpf/y0Xuf5yHjkXE+hlofLvhBqE1edJam/0NNTVdZBfMLtlihbG
2UZHKgo0kr9WFNr+mNTz8DTS8DbtuJ4vlhVLqsAzeB/pAkNQZ60EanMedxNUggsfTwneI3xN4kw+cQJ9Kp9IeUEOAr08rejG77WsqSTPlnwiCTgzatNW0eQ1btGbvpT2
7d85xWLVVdXSHCyhSsOJW7O89HTca243MIZ8M9FulsP38JPhI2SOeUegWXr60TgO0dtWF2WTbvuTQPtoTwjNI0CWOsBOvSvpyJw7W9oO+N4=
2UZHKgo0kr9WFNr+mNTz8A47ywFz1ftcYrH2sNG/uqdALH96Cxs7/LyOBTmYONw6f3jp/TRRP0McWvhvUTyPrLLnJbQKUavlrJBLC2EQbtkROPwE5K9OXAHkHssRXt6cMlJefo16ORpFJ8Dp+ZtM/i3MtOx5Zw7Sm9EnALOJFYU=
2UZHKgo0kr9WFNr+mNTz8AfQ9wY+rarBF2u5W4+sTaHHN6lPP6+D1fLAHSlhzlJf9sU7jD9/IINAInmovt6u68S+PHqGK/dxLfKnyrdIckxfGtUNN+3qBso+yTlunI7V
2UZHKgo0kr9WFNr+mNTz8D+AqV7BQKcseLx2slOPy70Qktyuu48bOBvZRihujw2guQQ39sDIoX8ibsgmMO9ldwRfia8kh5ClIK8eiAgO4ZuiJ9TOFefb2p/hZrZ6/MVg
2UZHKgo0kr9WFNr+mNTz8KpmCbNptbpvshWS5Q8fE8X0pWs1vffmRX578DwavN6Oy5o39J43g4CXOaJHUKc8ZAaTIjQP3oRnaXlKCpwsZG7xC4fpeVxm71SHeIK2308Q
2UZHKgo0kr9WFNr+mNTz8FsOO7/nxroylglRvU5URWU9xUFFTOVWhoPFxsxlwLH0/Pp1tPq2WKUgioKObODkAWp44/Wi2zORvmkCU253c/M6Ar9j0v5I5bPSTKFtAart
7d85xWLVVdXSHCyhSsOJW06E7f5ueAlZsP/CNFYyWNfR4sUUIDbfonzRF2VYy7eaN2As9fXSSozW95Fr3GmyhG1QCdP6fyYM2Xtu7rEv712qLS89fwc1IKvaCm9HLkqEb774kX05AZ5J1Gyf1liyjw==
