GmcONIA9PFzHw1gpPLLPoqev3ytAH5KO3S/CJpMsylg=
35kyjVfwBJgytCi6KM5Vug==
FNt9orFfFSbPIXNSbXcP2Q==
gE2g7VQeqq0h5MkG44fPUw==
A4ZCFW7RnVRfEnbtNxUDb8VFIQmzxcIFLuiIjRY2q84=
cwgQW1UgxyVfBeSrdwXHsPE1eoSAri+NViVSjTYe4hg=
pYn3RyiaY4vz2unSybTHuw==
mAzeFbkWBGyzJRgEWJSZYQNn44wFaguEUnqkvHVinQw=
NiGef/LGs6v8Em6sqLz1GYGKB0111uCW/TAqgkiW0+w=
2lfNnhNY+w/3xMaMUxJbE0YFT/wvMlSDz8Vrd5FEs18=
GRt3n7PXypDIY/cmMDrJ+aSFJ0q7dDfSsGHetJEVDeevapLF5Ijp3TZlvB0QwpJunhC09xHCNr88wcdubdJUUQ==
8u0eZWRajS0U6lILLAstOsUFU4IsSRpeULk6H6vjtkvOZSr5daOAOtjLV3xak6jxZF49Muip7c1pvvq2fpn6lo8ExY7E71A1Lenws/BKf/puRd5hJKL/f5EMTXxffA16YoVEq3DuJgxrQhG1oD5uIQ==
GRt3n7PXypDIY/cmMDrJ+a/EQVXwYugrh+0vydyX0jRMidJ50S9vKGWmpPQ4cveP7iFxdatSBqf5COoEw4M99RBUAPqP2VvnqJQx3GAmc10uTq3RdM3ssWJARVUY69m6Tln1ZVis0rWOuHeNnawBLSQRcEetRJiS0X3WHkRBVT4=
GRt3n7PXypDIY/cmMDrJ+fiQEHmYUjc5QsP2yDvxzF3mlUt1H7XFPCzYm+Ub47QiTZ6vpa7acNqMrL1uplXvahI+ib1GL2EFjWpDNzgAF9eKPcXjNFtKPSVRDYb91PgQ
GRt3n7PXypDIY/cmMDrJ+b9hyD2DHUOz2FxOfvNnmLSd/7g7PJEaXG2Qd2AQW/5NQlOHY2yh5HVbPtgTKZ6uiw0lI1xkylv3/1WUWcl0j1e3LXJIbAeZDmDfRn1fOoCSuFIBO+XR2KGUWSL4qiXSz24isGeEXNTVvDL72NytDiG5n+XNlJcSDiWEcGHq5Fab
GRt3n7PXypDIY/cmMDrJ+Xf3Ukf2okYJW5AWCKlQpAflUpdXE/JnpsS3hTX7D0p4icAHXydAUx7WJuMdeUznJOdVWyupMkLA0rvoYNxUNf5+Pwyfgx3dkvJpLop/Epum
GRt3n7PXypDIY/cmMDrJ+Xf3Ukf2okYJW5AWCKlQpAflUpdXE/JnpsS3hTX7D0p4NeUJSW1/+wwjpiJsMw63xcvH7slcJh+IO3Q8tkYvLgrfF1bH2ebwVJbYQomqRfH2
GRt3n7PXypDIY/cmMDrJ+biufktppF2yoscNiHiZTgIbVSuWyngvFtfn9SnuPBvEHhbmkmmYnbyTP3F8sR8F9WizSjIbywrMEJGghFPmU5oI+Iwmv12v9zSNIMziTtVW
GRt3n7PXypDIY/cmMDrJ+Qdx1VSLh8qRgOPErxOhUMuoV7bpnk59SKwaXetwc6incji+nFyP8NywRSXd6nSL0cENmA7vmYgBpqHYHwsbrMdPesOdnbvjHdp94vRLp+3G
GRt3n7PXypDIY/cmMDrJ+Qdx1VSLh8qRgOPErxOhUMuoV7bpnk59SKwaXetwc6inU1/n+eFT5Qc2Wp+RN0MVjojvreOJF/NaT6cZFf3gL5ZR1ZWLDr65wJz8d4qywM+J
GRt3n7PXypDIY/cmMDrJ+XRin5Veyhxfja/lYwP/hc7C7qmVHBuDTMzyU2wkk1DQoGM2B0xYIMpyn6tzuRyl9Yb0VJOqNNYdAwADncfJZDextMEeZjVzAyW9gk5dR67R
8u0eZWRajS0U6lILLAstOo0f29WZ2BW3jFVwL5/VwPRmNX7jYMjHHEGiNZffs9bRU7H8I+h8uesIjFqEPKwxMpNhV1ogsk5OAaZF6U2K4gCPdWUtexDCwCyFNfssGkA3uQ+XI5ilH+iSd2a9iDUGIQ==
GRt3n7PXypDIY/cmMDrJ+btOSXyLNAjMmOqo+W/X4sTNKpfR8B79Uun8SsthIhkl26R//NEz1rAQw4gcQI+vYWvqNgagwY8zMd2RMYSag9O8fyLCblbT5duJbGv6kKuPDdY2IN2OI/Sw0GqG05YrWeO5A84Z5Old+9IPtnLc9uA=
8u0eZWRajS0U6lILLAstOv7/jEUlnduu1UJm82tgylvbqjU5QuCBc4+3OpbNxOgjLI0ZyEvLx9PEoRc6Pdv9vP+Z82vRv5gYy5L3qRIsJsY=
8u0eZWRajS0U6lILLAstOrSIlDDwR9wynh0T1U1hpVkQgybfRcERsKtfaxpdMdEFVaER1nLEWT3Ruk5+CYp/TbDBnEaulYlWi0wKOMQ/rRmk5TVIEPcn+COXLSZKherm/nYYPXlnuSx615fzLR6YFg==
GRt3n7PXypDIY/cmMDrJ+UUHCMzLHAbOIPq/MHuGT2s5PaBkITYJA9EUjASR/khc+UAOpoi2f0I+x4dDxhjURR5drOXZCG/cqr+eBWTLEkrsAr9vRVQxEt+WVxp3NgcN1xptsWjBwQmRJ4OjrZV2FuYThBDcXsvoXwkT+9OHwhHZDS6uOrSf/2boz2n9X3Jr
GRt3n7PXypDIY/cmMDrJ+Qc5PggR+dVscWhfmfh7hN1as2VuogRzyiCd5g8K7Mdns1e8XLy3FRwqbLAUjnVIrmz/BOwBMuy88GUX1BSFHpFvUIna4WCW3UZ9fU4MkGvE
GRt3n7PXypDIY/cmMDrJ+Qc5PggR+dVscWhfmfh7hN1as2VuogRzyiCd5g8K7MdndZvOnnuJYW5YqjtuKyKBlLOLagPNiUNMt44AhLHf3eM/5S1Y+W4ZY8p3UIvn6JVXaGXITfKJKsWdjVR9evPQTw==
GRt3n7PXypDIY/cmMDrJ+U0wg2ESM5P4W+INZXGCDCzkCJl4GV2Xo2s7XDtgvS8cTeLBcrlXpFATtz86gZpZWDl7GA2Tryy3a2/dvmxbnWwJCZidFNEcVIMx6Z1luEAvrrslAHNjtUNdzCvchrkIfvq2B1A+40dsotEMXxaAXANP/UA375TNipujoZL4CV3g
GRt3n7PXypDIY/cmMDrJ+T+2Rj9mymMCeEEybEmCX4lm4ypMK7uApuVolurk24sFP8DkD6EQHrE5JT6IsPblKnhHKG5LNcJLpFdQwagcltF8RqhUC40xG6O1o1OstpF4TxdKlqw2zkzfu+KahzfG4njepN87GHmbsbREHP1HXHg=
GRt3n7PXypDIY/cmMDrJ+Rk3vLchjZHEKyePEmCm8gnS/Yz3cZGHHYhomUMY2JazIMTSQiZxxx1xQQ+UjaQUdzIUOIwsnYBRIc+jBVxBqJocy89LOQu2ayJePgYQazob7ZCSRow9tmq+xIhUgidUXZGez5AC+aCdXW5ahvUxxSs=
GRt3n7PXypDIY/cmMDrJ+Rk3vLchjZHEKyePEmCm8gl8cd+1w4bqnbpNg8JP4yRdZlxNfbYFgh+DqC/AT5N7BKZsYoekJhyGF7Gd86Zawpm26vgoWSpoX1gUkexi1iT1iWuHGW5++4XbkixG8+Fvvd9Rs6cCPpFOtgoxMxNo/Co=
GRt3n7PXypDIY/cmMDrJ+Rk3vLchjZHEKyePEmCm8gnS/Yz3cZGHHYhomUMY2JazIMTSQiZxxx1xQQ+UjaQUdzIUOIwsnYBRIc+jBVxBqJocy89LOQu2ayJePgYQazob7ZCSRow9tmq+xIhUgidUXZGez5AC+aCdXW5ahvUxxSs=
8u0eZWRajS0U6lILLAstOukhUDhI3B4eJKf820dzV9QJLWSd02cz3JJp5FtksOtThT9u33HDEVWrTilUlnwyAnh+02JjgNSimu+ASkG2hOo=
GRt3n7PXypDIY/cmMDrJ+WQkOC2RUXLreSmMMHgi5+AFcoElAb5qfyO4s/zx1L4U25S2JaARdffDhMNQQE+0/6yeeN6p43o/s4SJWGSBxJo=
GRt3n7PXypDIY/cmMDrJ+WQkOC2RUXLreSmMMHgi5+BYD0E8vLySlnLnxgDkw1iR6cr2VqL7PeC7yBeeRlgtUBWnu9p93CPwU/t4scu3Agw=
GRt3n7PXypDIY/cmMDrJ+frQ+nVMW/Aib3mOCuPNzXsBtqLzqeURtlZzVUJp0uXCIEBUDzSjnG182ECfnPuhWqLlc1XWR5rH0qCyPde4T0w=
GRt3n7PXypDIY/cmMDrJ+frQ+nVMW/Aib3mOCuPNzXsBtqLzqeURtlZzVUJp0uXCGay8evd0ut9N5rhdZWy8e8XnupHrG7QgdK/YmB26Lxs=
8u0eZWRajS0U6lILLAstOshdj40Uq7Hd/xpsoUKrxBqEkVzv37F4JrmLqcdaSM4tIeSBeh8UriMFIvkgLe/QWAcVHd8sV4Ximy2Vdau8LCQ1Mb/BnB/I9dhTd1pT58+ndnbJM3KHlNWVQh1sbTi8Bg==
GRt3n7PXypDIY/cmMDrJ+bGXx+Boam5dk3ssktSISKYqEUXLmpvMMvwJb2R9D/xBWPYRTEwNEl8QRMWNySLQpmav7VAMS254F68xLMdiqzcX+gPdey9g9bN9v/FQw8gH
GRt3n7PXypDIY/cmMDrJ+bGXx+Boam5dk3ssktSISKYqEUXLmpvMMvwJb2R9D/xB7bDM2qYGOhFXEAz26ZiqAKhJ2//GPb+7fs8ih54EQu/8n/62EWj3XgJTWr0A67nl
GRt3n7PXypDIY/cmMDrJ+aO4tnUwLLdVA8OTfPEJLthFCcTro/EycJRz4PiibPvFf428itOaNOqn1qmpmvsP5asZTdW6uFtqO8Kt2bA8wLetL8ZJwP81VMIz1TgSskgx
GRt3n7PXypDIY/cmMDrJ+aO4tnUwLLdVA8OTfPEJLthFCcTro/EycJRz4PiibPvFf428itOaNOqn1qmpmvsP5asZTdW6uFtqO8Kt2bA8wLetL8ZJwP81VMIz1TgSskgx
OhCyKY1+JnZiKqg7vePYa5QxCKnUFiC4zbjpN1tMMq9h5tcpH8nZHMjsPhGWRwK091N/FPfCECl2WRUxu2JSJw==
+UoN89Px4mIHeaEDFsmaZO/f8RAvXc+tOYI4AUfPSR8YhQTiJ0NpgoJ/pabLq2oUsr+Gn9HgZPVsyMTLDCgvWwrudZHzKAW956QSxEWqvvhEDdscxVryqxc0T3lcSCro+y4BGxk5cp8OXQeC/p7fhA==
OhCyKY1+JnZiKqg7vePYa8U1YUZGH7POoYjSRDbZFog3RFEu4dyuiVoe2BbRHwn9YEpgyZax4mfa8ZuUlV03gayAeotKz3PE2nC8s/j8V7C/LZrkEo6opBgDvZCWIu7ByMX8zS0JQk/TSmxlS8P97fMOUmNAdWgAlXuvrZ+6me4=
OhCyKY1+JnZiKqg7vePYa9vuJeG7uo13Vg+dM68iZdgRo73BFWyLTf8YFzGWmf5bdyYp2hiffMiWJsoFrgM69SN0vIikvFCzhDKTwkUkoj8f+nO6BBwHXQH+yR0vTbmU
OhCyKY1+JnZiKqg7vePYawcr4VHz09T45ZevD9WDaHboET2LTeJ2Brbl1gSTbVzrDG+qWSHyHqykl7e4SmNiP21c8GcwtMKfRaqX3RTfmhanOWep/U13IDdW1H7X6F9osE6cuoHZZqkuGC3TlTIeO6Z3xqutKxG0o4n4n9GcKXIV6hE+frPKX1TcrGBwcXJc
OhCyKY1+JnZiKqg7vePYawcr4VHz09T45ZevD9WDaHboET2LTeJ2Brbl1gSTbVzr4WPKgwcofXrqVot5DwtFAxTb76l1JzS+dNUGxz/Povn9pBF5SJ5gXFVI+/Js5EAi
OhCyKY1+JnZiKqg7vePYa/RI9DYOGC4UhU8/ydGTa59oxlILJES+cMYXfMpAVAfOShpyoUmhEN2Pm5W03bah+4kJOc+YYZE5hnh6q4JKHKwq9HeboZCVN45jXeH9q3Ve
+UoN89Px4mIHeaEDFsmaZPU+vIXs0Sr8RR1CStwip3QZUBt4xNg7nrN7QBtsdUxdvU6PyQ6Z+JycgZrZJ+JkST4QEQs6tIAQRWfbObgJv/Z1JoX1OXIP4oEFDWDWlzvtPnGpY3EKXwt/jOL20AgOug==
OhCyKY1+JnZiKqg7vePYa6UMmysE0pDjRMdWu+CcfVQUJ7v/34IDO/axwgdXlrE+6HMjNW+ZRtrSxpUa5SVjqZXtHW/gDtrY5Egbg62NHv8RAzTMFu3yi5bdnZu5SW791GWNO0hH6Qc/1P9Wyb3yPa59BMo4GCLBcpS7xu6Hrl0=
OhCyKY1+JnZiKqg7vePYa6UMmysE0pDjRMdWu+CcfVQUJ7v/34IDO/axwgdXlrE+xFThJJndXhPl6MqySr8dCiW/kIjXbZrqVPeBgPyrfjehksU6tQA4smmFkoddmVQP3lz4gN0FrDb/vylj0GIUnILGLAMz+eOGV8jI4ox6VuE=
OhCyKY1+JnZiKqg7vePYaz+B7ycsx6ng0+cft552ZE+8cKLZFLXO45ryqQRxQn1JBiZVzjHsnspNwgRg1mobWTMWUJJUmKz6cb4X5OkvEJg=
EUeD79qBlxe9nqDLxGVBNJKYYN2y1fhdE8Pm3znS+oyK9ICzf1ZqisR6u368KugJ0XN2WpzOxiwnE5N+z0QVdU3jx78kEjCmTS2/qerOw3r5KMnz7hGAiUAHFmr2rIQR
EUeD79qBlxe9nqDLxGVBNB1BaaIbaSoi1v+uWgzwN95wdgg2gGlIt/GqY6T3JL05uQqweaEi77tIIXqrd8cLEJVPjImv33pzz8R+Uw/9IRzWT6JcJ/WQPyyO0Uh2qCWA
EUeD79qBlxe9nqDLxGVBNB1BaaIbaSoi1v+uWgzwN95wdgg2gGlIt/GqY6T3JL05WgLt+qc0fPoWZaFltGvpnIj4T1ZY8QWm6Va1xGGaRGm4d996p2EkKPTPz1+Ag+Gy
8UF5TBp5IIgWK2Juvo01I/Tp8cU0gJ/7emCMDwZJCRHcDzIpRnrQxngdANsY8V0kohoEx/WMXUXpGXFipbErOr3Z5Pre/1Xmm+6VA+h00fJmVOmTQVRV0IrY8xyVTaxSk3wvUYmLkFAmoiLpNMc6oA==
EUeD79qBlxe9nqDLxGVBNA0xsWoVxb+mdLTZMF9jowmp7QLu1b8CDS7hMvtGDneqNavFSR8xqxxcj1YLqfn8tYdE0NNIjG7XqSLjY5p//hjfU3tCJ0gSNdbBseumMB8c
EUeD79qBlxe9nqDLxGVBNFv97+/j4UGe4iUz1mzohoUc1JaTwIl7wth0FkuvCndE1KCS9s7V+3qy1tDjECGOO6YPoPvFMSo0dorHHlSA4fIkKxlrhg0HFDz6JcX/5lO9cdgHpTGMe1uv08leBniS4YheNworvoqJHrzP7jL1kR4=
8UF5TBp5IIgWK2Juvo01I2XCrtXxoekVYoFqquf0i7HGvYeKeVBTFY4XNRfoj27nuqFyxyWVp5q1hgmn2sGpp7tfRPSSH+ijctfibcUBjuE=
EUeD79qBlxe9nqDLxGVBNBzujYxQ24mSrOmh9P5TjIr1DTBdP0HfrVZUgHgflEVO0inkQG2Vf4nvn8klaGVSu0lauPqOmYaDr/FuTgn6Z+B3DNPGqRmUMbG7DZa0pW9f
EUeD79qBlxe9nqDLxGVBNJoP2ZGhUW4uML2XXw+ilfwBN9JFNv2P0rK8P1pAZiPfHjXYV7yXqfdkVczeOvFjPUw4Ck9/ELWRWVpp0DT/2/0B9GMVl5/TOND+wUncckM3
8UF5TBp5IIgWK2Juvo01I6AOiwRxwyr20nINiBaP4gCX8w+ABrN/IYQgFW62PjYxwdxl0JbHJqfrAYvMIsGXq0qqcx6dzGKZ8SAbITMn8k0uYGv4eBE0YZ1JyFqkziSqrWdS4e2sCmHeT3G3CBUkeg==
EUeD79qBlxe9nqDLxGVBNKVdE3//C/7iwZwPCaSenBi0w1/EHDRwQaAf0Lw2GWRi+cXwSIwKTS/6ePRXmoG1TeGDuMp+z7n1HCaXWsEMbWhA/VvghgD/rd1mW1Ir0tCsRRXH7Zwvw6Vs+u1No9qcxGeYEz7camHYO+NW7lzhushrhC3ATbdJYc0O02k3n6re
EUeD79qBlxe9nqDLxGVBNBIiVCiwTAOEkj6KPA84WR/IFtjo2/C6Cy4TLZJN+hJWD8+VMJ7IEhsiMbStUow+J9rs9tJiguZJXsEY3b7R2DpbJe1UeCUhJGwxV41CbpCr
EUeD79qBlxe9nqDLxGVBNBIiVCiwTAOEkj6KPA84WR/IFtjo2/C6Cy4TLZJN+hJWmUlMp5JhZ0UcJue/DKd3Gz29jmiyG/15G3aw3UFe98sLx5StASuPWWwo8jD1nJk/KE5rN9SIX1Z37VE/UN3tFg==
EUeD79qBlxe9nqDLxGVBNGpY7pBCirDwcW/hDxvjgcoaPRZwrIHqSxuXX9fOAeBge5ZBLXupoS6yOuCLfpPmBmkrPJh/c1FBsIjBOydfMI84UghGjPkmcFfDFJO9jbL3f9c2OvPtOM8FCPLRpY2B4/yCbs1k2PEAYvKeSRj3eC77lRBI0Q9+cBzdPpCXqygS
EUeD79qBlxe9nqDLxGVBNH09VE0P/dYeUjQg45yhXKvB73zlBNqsOkHSlR7GI0orHp2NUR161bhqAqr8pL43Gd9jlE8XMS9WuyxKyjxkI+Q=
EUeD79qBlxe9nqDLxGVBNM7syW14PAeqKGHFR3sjauQ/eildyjQFc34oo5iqvtFG6df2St4eqo/GoCdGk01fqBfd9ndS+9ZCC2kfAeJimaU=
8UF5TBp5IIgWK2Juvo01Iw/AZl4IZG+u8izo4X3T483xrg/i6eVNPZGBHWPwMk1SfteuM5PAvCrBSNlNq3tRJHlUU7JOGPAQaxV4+PgGriI3GLI4rcLSAgk65ZIl0PhnRJOWRjQOL8iULWdGscFQ+L5Slj7Df7KjQ/vsmK1kuc92hghePXHsN7W/WftqSwSbYKt7qc7mNj5fPLyTJHgWJV54Xik6f5HyybO3YNj2L21d/n/R6IcY/c3C3GOA6EaDyZ9yqFuWDvWQUTLrLUiIcVFhyToqsUnd0PQcU9cqJHTLdYtOb/B0YXM4Ahw57cbrUIyHD+ziuNv37g058rtnjez8GHaUBmnWmK2GCO6bYKLt5vOe7ryO7IFzeA0Za/GjZ8uGeFwZirTWQ8togu1CXrIp9fPg4CaJMmcIjRvPiS3dfjvTJMzXLYcPW+SvFYoB
EUeD79qBlxe9nqDLxGVBNOjKRd4Ss3FlHnKnkmZ2A3egWKRSIw9jRqNSSwssWpUODMfFPNmltfpoaSkKRDpv/UYKEE1UDBt8CUUWdsnh8pAl1agPvHP19/caRfUFwpEW3cD1tEsTTT4skHiuQgLTnfMwqL0L1x8pCFF2Ft7yRu4RVMma6cAkW0FZG9xJECiN0zcOY5ZDJb4aEAdC8mhfy5+jnddlyLaNOZAVJZQEyXrKrUEUZW2tnIfz8FpZX0nfVVYuvnAsyPQRaTQCpQmoApnxBRB7njbKUfmXSoM0O0azW2VerfTqy89KjRWRA45X2eacj56G0tzATXt8ixyngLZu8R0elfmhfJJc9uIZ8+2YEA2IjcGKUal+7gd8u6EMrvJHLadzJQ6LOZ4ALMThRA0skkWKdtHjmrW4PyJOqggwatJNLHkQFmsmjwbHktDI
EUeD79qBlxe9nqDLxGVBNAyWe9swd3AsNRmZlB2upjtoR3dy3GYuXSp7mw8HcOliZBnk70Qm7Ayt7009I2dBPJkA+gmbOit3HuDuxfDj+QNG7aiXdokekuQf2sDWDAmak8rNmORTBlqM7SER/dL0gpGpRJ4DKDNyvXI4YARMfMpJY78xbTNPspyPdTsR9dCObadhekl2jtLpU8onpC7sdvJOofHcGE/o2sJ5WvTsvjNfv47tmFxlvk8kVQk5Za0StEeukJLt/brxBWwicVrN/nyeg0oBt4g/K2qUQoEMwC6jOrEMTHeH94iRUShOJLPU0WhPzNoGjh0xPOG+zHoq8Vo7EE+uxhXcXEEb81YDwbIUQ7EynbYMWpgMVaoXcH2f81cJM1jddJlOmyiaVwsn1Mr0QNZI4sFiOAlM6rmo58oL5wJflJ2neXpW1OBfcd6X
8UF5TBp5IIgWK2Juvo01I4GxazxsG1DyzwY6mCU3+HA1linCcXBU0OzHTyZ9Y3T5lWCGLWUo7hDBFHe7J9am5sjXDZu4Sz2DWbl8Z/eDjDPz9t56FuRfkxytHr4Cx6WSrUqOPU96C6dxLbkE3aaVOlWMx/FKwlZyWL0t7YkzKSofgPuiBYdsN0jFhkN24B7Fz9bnCkoDyU0gFiDVNw5SCvKrXxnRLVkfba0RZRrs5z82QOFYOQCwzpPgIXN1Q9XINZ04BXWUc6FwuRx8obFyMx2Mt5lHLqNDMW4iNu9lWys8tbsJ7XcgiCw2ho3nVIV27zIl/PFQe237QZ2p4C/O0lKqaeo1NwzWnkjPdPpm0tog927klN+h407GUM8bxb44yuK5YwipXodDc6MoNRjfvXPdjs79X+gtdMkaIY0zTKe/Cc8eU7bMhtZiLnwG9+lY
EUeD79qBlxe9nqDLxGVBNDKc6faEaIgxNrTY0ZMzcROtZ5Yh3R43I7Z6T+2Ia3nhzOm5QcyBp2qc1uAGuexApXQMpZuJD/5tXah28zwoEMHYvYeVWH0xktHKkq8IbFDelc87PkM0ckE2esw0kIU7/uhaSv4F3JynLAOWs3S8jMCSuxeRo/B/Y5wuoOID6JBqLTd3GZ2/K20myobWG6670X1xDJmloA0RKrhODtBcR/4O3UuXtyEPQ5MiEEQGJBoXjpeyETyhdwmwTLzhCeqf6IalidLcwJ/kcVpi4D7KVOV1LE8Ns5kUoLz1doV7yo3DMP13d73CIxPyroPCVmyySMYDBVdgrqQtm3jIdpN1W/VmjCDDBN0fTCQiP32NZ5syGbOi4N+OznjRc4iuacnVduaphC80EZoWZcn8QRh5IkF6keemDk4o9ekJ3febP2Ai
8UF5TBp5IIgWK2Juvo01I9C8R2o2sWU6fEmWsHaK23vCuaT6qkbkzTtgi9GRgtpF87ymZ5h5UMYuZf2o0cQ568NHgZ8jMXV+FeiWmY7w0Aat1nN6vFq0tQzFpEV+CPK2goF2wW9/iWKh4NmbhtyQ2yb2XuLCaSryzVCzgyMa8sETNxwo367qPFN7so34xj6sLqfgw3lfdJol6T9w1nEHlSeIF213P5sjCYS2Tzt64b/fngsH8iN2hCe66F3Gh4XZvrcycx4u1QXiWAsRdxdN7mtn03qr3vaOyjIve9Sdmxdxa4s5T34bp0qubfMMkEXb/wB3idLUrzGtlNjBCuyS0LEs1v/hPdHKiit3uOBuZlSPgsL8CMrPFd+l5Bs/qGzqQNGvNnyVp/0n/tExHUYc8XwqXS5LFuhHtDgF1AQousdQSIyodSlLWU71eMVCHrGU
EUeD79qBlxe9nqDLxGVBNDg3NIo67srV+1uhdjmuKu/Dgu3yJ+zZnMJX3znGJLTAPU5tz6Tx29QhJMNyDNtrs9KxwJdpYHoYECXsgcy1V9DHRcjTnXQzJwBmVlCsuG2O8jvG6zml64lMNIkSifmftYBnpsx68sKBAVkZ9F0x2522EO3Z1qWQ7jnTQ/FEzFNl4x3VdAt+d7H9GqvqenXzluEtEliVDYU7F1LGEhI3Q7jEcQFxPIoXFvxscO4nsTISxGJcKTdMwIqpcPtERHtGGsvB6+WDDWsnkCgCvxyN+lcng7Hcynww1p0ydmMaVO69ceK+Bq6uCjP5gfGw2RQO5kuaNYnRxwdKWhl0+HrqczknemBinL7/TheyTDc3KRW/huvEoJiWp00q8J/FD8s80JOHkS4JVqqHXJk5hPnhWD+zXGq+lytrWmBUTQ8tQvBI
8UF5TBp5IIgWK2Juvo01IzUT4KmTws7TZ5HYtqDofVev5jagOO6fAHiPLxvgan6P8UpxU2orZ4VHSFdgqjnrZtteRvxT2AnTbOvAwayYVQ/+mB6UW01lZlbgvTB9IMrdmWpoqQlqgPw+kaU6dqVSBc35CaD5xL3YmSq6LEL3MdyfIvpnMxoYfw1wlGrcIekLu7F61K6JdnjHiqREy4lJGSXCj1Tx/x4ZjMFzASm+XLZ/hKRvW7BMptB3h06uiViNedsrU/wezSC/RFPCByy20NlPEqKJpuyF4w8kJP95sBrvW1drg7T1/er+0rJV9mxS+hM2Ktkxaa1a7XTNMQWYEoCgVCZDyx7WvaCjnvaX9mbQDl1CQXudzb4oA4Elp3HfsppS4J1mmEfvkJynaHuydUVgPZGXvu3lakGXK5ehEy/TbuOPMXc+bfQTL94nXnuJ
EUeD79qBlxe9nqDLxGVBNJWn+8xayhQjAzqeWAtLv02jRzH92tevZ0PrutlwJj5Tlr+VSF/B02Js4nt5sT+PmkhbHaiHmD8LsvUnsj556F4R8ZJrpx+nhvS2m0jDbSw+AZbw7g9e9t9Z0uSf+eR6/2AhotOTwvs7HrxYHrFeMWIxwkotqB6Z4j61Uy+IGSeNuNWnhaUa5HoLOUUtlYXvFga9i4PnrszD5kJqPqyYZ7Q/FjREmW4aGC+5wQak9ZUC8wuZFpOAp2j1lazo5RRnAC0+Bg+zyaYG9HiD2CeolnEsIJuVcBgWo5qqPPDAwhtcNcBIOlw5VBEJ0LGEXBywwuYopsHEp4FkGIqSFXW9CsClTAUtKcO0xMZwHEkfhwzEHui3fQUf4nYAajut+yMMmE5BS79lm7Qt1yuLp/2jbBtDBjVyEJcjwFH4Zbb7+pgE
8UF5TBp5IIgWK2Juvo01I9Q9YWdl88cqyaoFIu+DB5cPLs8XOvtWB7jlceeeNC02+tpouoAi/N1bUSSfKMt1vQN5sFjY10fvedyqa2V7TreXUC9eZAXUCuVMH4ys/NUXAJQqbJdccnqOjYaP7myEEiBeqFjxLO9X9tFOp4ffUMzbXeYMHIePIrtaBeL4gf+sZhc3Q+d6LoNgc1B7yumOQffICEtQ1iW7Z/HZ9buwIv1E91/biwvnlrxxpO3BXqQP300PZilbCLIbIOOJEC390VavIDvQKkEz7etWDZ1PN8vDKPGUl2QqRVYSwPRIcMH+RDQ2NwO1GYccK9lB8Drd2FuD+QIYr4881UFiOBVveaRIPbIZnL8ufjRaCoxkCZTViUY+nv6793n6t7Hn5i5zSGKYrSbvCWDME1xbAMKwr02XFjVYIu3UT8ssE15ABtho
EUeD79qBlxe9nqDLxGVBNCdyPui014omf4aPVrWB+rIsl4LoCh4lY6bymVUCZVwYrUPbSabWJh4/aBqOsTFoYsc3lK7xdmz4s8p0cGB+xuWQ5kmGGPKtNnIOiaiqnE2uyM7rPJIjCDIBrWijQjnD/2ixjES55EJ6ZD1CQL2JAEvr6l6V0/VutQGGGPWYBdo2R5t9j8KKPgk68kycoNqFqNzbfZ5RzYNoSC4f7X7T0uNWLjy72p0uQIkBaSTmEdcCBfz7bP5y3lwA6F7L2RnUhSjz7ghUsbx4XALykBQ02sYNG80uKevaL1YZVGnh9TRdDQnikf6c5nciqBDWa1XgP6ae/+Wgh3qH/b9sw65LIl9AlIKvNq6OhurtWJWENao728Fjo9cywIwE5ComqrzueCky/N3ik8t8EkocSboELrk5SUw3YbkgJ+1Rzss6SvgP
EUeD79qBlxe9nqDLxGVBNOGxYXINZVgIlkeFbMQ0GYuMOX8fvY3T4OLfJ+Hen00IrleqgRpnSN75VsyrpunOlQOtyLuXj5NEVC/oMTR0YVay3so6Q7E6ZUIUOkc4ZRD31oZxoR5b0UyxZHTWKAq8rbUbcD962iHh1n6EN1SEdRUYDHwPOmqkOkdFz6PXX8TePv0luYTStQw4fQ6rHg2KNwU1MLL326KXxL/JkjglrmhwXrLRUpbvAg6tCEd+896kuHhGoWPj2ap/x2pQrXrxx+YkcVkHAIsmQUuZlx6ldEqbkaEhnDMiCoKxzFVcJ26w3LPWUst74LIFCO/k23YIOTOKwRgBI2WhE2qicK0IGQoK1oEI6wO0fwq+VVrNeA3pz3OZevsPJq36J+6bSm/Ykqhow5Edt5U2qg+ufl+MceFpgxLydGwG7kOYlJnCt7/9
8UF5TBp5IIgWK2Juvo01I1+nwIVkx+GRJBY9kc9pu8h88kW4D+wzS+VnOa/YDx501XE6QfimGq8BPhfpwRW2P8AZv+N0Ej4l9DO2uQAcm3HkSx8ncX1bkoNbyWjQxA1n+fVFB3Vq1FYG/+nnz1HsBt4HQHRnkxFEqqhT1o+nD3LBvUKZ5pmXbChaPeHpDxnfZ1tMiWNz21HJ29BXE44jet4hxR2clpPhMNybZjz9SfMsJAD/xaeQ2uoQJrw7qyXUd/sySet1uQHgr7WwwhrPdJOteRQbsGk+fMCV+CTSilclsKdl5c8Y+8yVGR4WWKi6dp8OXaEx1TUGLsVGR51RFgxWNCzGJsu2T3MwDyygIX+ALTR9/lOxpo/zrHLg03jH+1LcN5JVL9O7reTo5B2QaVFw4eQXS0D6BjNjQ3DNTifZ0/70H54kig1wGqYq5xG7
EUeD79qBlxe9nqDLxGVBNKCq1lw4swuUgRF1k2J2EWthCjb4hZgWHdI+UmW7jp+rWawqglwEFAHVCGjsM4EQhEzlcjFx+uK6myCMtBCaIbWHKuUFQG97U3+0Lf/5m2SiZND9J0/SuyEqzIlwLCn7Pm3My6+r8BC92HA8p4hiRcy1ViZ3LK2omh0wDsodg5ZXkZswdza9SO6GZ40ai/3j9VxagXAKwAWkQBV6J3NIVipHuQQYCbuqv3dPAsiKyS8h/u9OR0gwlXYJvSlH3x1aqMjW6uBBFTonxW/H0+mkAnVehx9Z0ULZbmlhU+UI5yP0dyQB76STORmdXf0t0Ze0Hgy3UOcj9rktd6z3IycXT1cLkvASn6UttEbYIt7qIBuoalNIHgsDHt9nGkqIZM4o9cRl7Iu7AkR4loEryQPHRKBlBiTN9xYSxMVbUc1i5Rgq
8UF5TBp5IIgWK2Juvo01I7TG+iRlNnLQv8NDtussj0JtYv7HyKNm4pqGEW2LrprU2fKlRKosixoWcNfJNdsFZzEtSrPERr1gyfNG3q0sjwEJmL0Upy/iI93tQEP0ya/cd9gHj4raS2FFDP9jA1OVDXukcZDl24rAWTMP2SLfb3qYXvILAT67MSpPl4/FtO9iwQI9Bq89AoiuPKSbHtkIwxCmbM6dI08MVDI3UMht0OIkFHk+rSbIXTbwYNoOJXM3ke9KFvmpO+WFyeacMrRL/Jv5ZVH1hlfZN3veXp8l24krT/QbpbOabhhsVLuvpFbPLOmGkzhm/LRbFvbM2toKvzk+5Dmcy7FdgCymPOK6pQeM8AmyF3u/ZYwlCThic10ZxZQb2yiJz++nQssEKb8yL5Dzud1pnarPQTJRElxE1xunr+Br5xlfyLm2bRnqW6db
EUeD79qBlxe9nqDLxGVBNKpIY8D1mIvC3anGGY/EYnns6glrGXifDccyQGg4Jx+hLDcm6oIHl0ydPh8MEs9hx6INhY82BOGycl+QEV+fNAroFmsCFQ3rsVos2MENuZuELP7oMIE3ko+7HBCDiooZe/UyyrGzCuQcfqJYzvsdWo+GqYJO8RlP+GXnbAb2mWABlLgGJ832vmmw2afqdLMGK6GDiujqmbOKE4eYAZLy++okvB4+bGXl/X1jlfh5S30R3Gxk3n2LwJE724rTK+34jJz2QEgqjL1C4pCAMurUyEK2xvF/cWk78MWAxRIfE0/Iq7cLLlIP7IDG/ul7/pQXSiXv2rVjv99UhXe3OxXd6t0nAT+eNqpgwJk3Qgih+coSRaweKkhyN73AS4O6aXSCE7QiJAZrQXSzAx2oMf9f3E02ro1ch0CKqFlsYVNdrMNt
8UF5TBp5IIgWK2Juvo01I9wdihTU35SnFwyN9kj7EiJWE/UqzO6F1xpe3sQHTf0NaFEP8rx4Jd+Sf+slByXTZRnXI3X2EowSe9jU9sVMU1lkQjOM0Th8rZhFmufies3cMhQ4xMPq/lIr+hf9Lz4Tg7sWzQYlVBtgVZxxvONMmi6Z8jhlIgvhTGFC1/LlfShz/kSsge+UTtltxf/yZhmf7jCzK5V+FUv9MKg4uo5E2mPZ3HONr4jK+Yk4vvvaK1wmL28R0YiYl1dmgenna1MvJnqDKi1kjJJnqH6eN2K47iPtausTIXC6k3fwSh0Up/SrA8uV1Afp/goM7lbJ04vDNNl+6hzG8rbFLVEZjL3+CCc+sIuUCTRrVyJiIJNIe0owzRHtJTqMJ9xUUDkI+ukDI6aYucl+5w1CkYeMMKDJfFZcPJAsbJtjQw2FgA9SNc3G
EUeD79qBlxe9nqDLxGVBNHBSNOd8Op/1aGR6zC9dr2eGGWnPWjiVqJxYbK0fsUD3WBnbB5f/LvVeRZvg6EkuzXJ9W2peiBJ+8pgh4PuU/R9iQKlkjnI97u27YoCoieBf3/W1HMYBxRZSYcrA58gfe/8xt5U+5wCM6SztEBbtg26yl/nsx63FZo5/ed1kbgVlAISSOel7EPV6n0RCyVO2mJT16yRaI7kjCd4+NxQ6fnvnNhotK+ZWmIJBxgVcQosMHNCzpSapfjqwmsjYwUkcYdFdeRSnhHh10lBO14ETJTUpOM6myO6nuCgnd3CtHCPLwVBbREXyt1X6lFzkCk5lWX0gKgAqwCsgMJKZgiyeB+9rboxC9olly4tDWSMYR21re5GDUIt+zj9bUvMerj77AzWdTxvYVxK4HFbwABO9yckrndLD8vmqC4Z4Y98TKPa4
8UF5TBp5IIgWK2Juvo01IxCqOrMKN92Y7l+AcDqZN4Cr/asZktPuRmBfYmDJLa11aJ/j+QAj/xSk/Nxcz6iLfCKkCFpT4lYvzbk3/uLoHsFxtpDdc/uY41IyphoH76HZah4no0SKk8fNwnvYNPxq6uPfzaJgFwhli1MCAzq+t1ae4TGEAPX4ruT0G0mJAX1HdxMBOKuVlKdJtB92Xo7w4Nff8Ej2/aTPgGCmkGao68ae5ghOgDnQh0UX8jlNk0K7JdUkItUmPQOqXQGFxeYBjkDtVqCkQpTnWpHLohUU71RaaaijtOSdXf+UqcrwGvZCIiq5kc3q9GL9V4gushnTjnz7xeH1pUA5E3YS9kRdL6Y76Kx9CshtaEwtNSiPUmSqIBzmEXRQUv0SbsThlR86J68fyaEjfLFWvACIAsMDRogwI/zOANqkqKBicQnRgRXf
EUeD79qBlxe9nqDLxGVBNKK+Uz2PF5pxgz5Yk1VzbM++QE2rBHqAF3mCRIz0b3/ooCH65jUR3+hCZXTb2ujzhtrVqIpOrBWhRB0xGM0JsOYNOGcFLpBQ+PrWUXAje6PGCwqQLBsxaNVN4hCkIMOR4QVcdsre7riomPpLpn4Vcvg43ya/lyJXRaOTgSKHuSfVJKSjidKt2vhkFOw0xFJnSvhktuoOKkxIiaWVXnO9JWvBiBrsLtPfBw0aRJHRspr2sc3wjySpL4cJaGDY29GqkVM77sTpfr13jswMgSSNGY8rLjegpayu2KtUMtv61EZ90R+WOCidLhOIHE4tF7YJDigReyELTBhZ5+h738EkRr1Kt3fXS8hW9yiklPA0i92nFpyEYvEEwluYge6oOt31+Y53XLBYp4X0gTFYIfm0Lfu+sdEj4n6smu1HZRS0ihq7
EUeD79qBlxe9nqDLxGVBNCc0gXC4eyXYj+rs1eRG7H4wsZ6ZD50b2+KpBedwxth2E+gYDJ394G9I+e0RA31gYXNdB+8kq8pTQLjErDObNrM=
8UF5TBp5IIgWK2Juvo01I5PcxBIhD5Eo5zU/ao4n8KR80jU1nGU3DToAqG9mM9GQx0rl6953bsSLFu+mujpzpVzv+oGKIXpdrDQACL8uPxb1NJRWfxsqkVOEhwDvc4AcFMmdZr2kBAR86vOdr4eIOpiTLnn5Cir4prx4qPYVbQ2iePDuYE49DslQ8WxvCv9KTFug4jqWyrAueHv/JhOWgeGKROj9Zq1xoyWOauAdJcDYC+7P3XZz2oQHZtaEEf6/4Kjpdx7euNwlEkZYVUcE/p35LADYfB7gaHxN2TlXStQZtyldpXS0k7y8BxvMoY8lIwHUq2y2hSxkY9lC9i9mVnJRPULIm4rL/JmoXqZ46gVTFfxnUWozjLn2+DDT0mcOGH+XtWVrugrjDcT6zthjj9L6/S7aq5Oklbsg0M0hzYyy27huBWt5gxxIAfFZVeaB
8UF5TBp5IIgWK2Juvo01I1A0+5IgfQ02bou5dtkPgIjKDz8HP4eDv9gjGNwT4tuK2tNJLLNjT+mnk5Bhe7dFY20klAVqDe+HWkvIG498MxyAiHILmfoEdjfyElPjNORurj9EG1n31WAFrXWfoFIFEA3AnyB+NVJvYHHLa4PZIIw7TLa+UtPmWAa1ki2bgqKRZsQy7h9RikHTu9eTr1bY7ZOXOGJLlQgAzrMPf2iYmGqhCMfBor2GVWYYnQU48SOXGzLS8SyF5fsi42D9mQj90RQC1X6KgVr4sis4t8A3fmoLlHY3hPdT8YyW1vnpSqCD8YVLEL5BY/jEwmD4WEJGtk22qgPWYmf8EtS3C+ofT3j6X5wOc/EqlvhdYiczN2A/3ZgW6i9LnFcKkejorra53wqn1U4o+ZbUFe64w4EunTEwSa9+pap+ZLdD59GFAxi3
8UF5TBp5IIgWK2Juvo01Ix+RcBdpXIX3gfoz9tYdXhC/UoVJhfq6wqxsq7TcXnOMdKLIuycAMRhx2dnBOlzmT5Kf0TSIdRwX+8ioNhf+xYPog1MMFHpxTPnLIxHp9oyoHW9xMEiNtVSl8RcUUO7AmHWNqyPYy74ve421SKBYGy7ero6tkiv6I8zq3dxuXyITkgjE4RbNRYNZMdcpDI1T3OZzhSAZdGokgQvlRL8DG3/w3OgjZ3uzpkPdDbhczW7S6KgZeDp9atZaUoiO1/7CUBjNwqVgd43g7PIQyfccxC5eX6JzqZhw7KTIdo7jJPBzUBEus2h7QZpCNU8UoOjpGeuO0n7EQsY5cYOIxRkEkbNX6rLQXXq4yickxXBtusyrapO7kecpNxhbPCS64EeuTcT+d4F3Yfz4ilbI7ERB6RagI6sGaQDObbzchI+QKEFj
8UF5TBp5IIgWK2Juvo01I56tcd+NC1qhglZdUqv0LnjOAe1HGHB1vjocZyhV4nq3c63vKWXLq/IIkvmT4gr3nPXUKkcteMjU8fYj8fiyn8W1Pg7GVy7ZseMTj8tcIJSmEPG2Wfdr8kCY9pEshapI6t92V5/NrtXliQeWxEdK89frQ1iSl9rhXifkdmnWS/AoRHrYWJVf5fHLFjv9CVElBsK24CT63s0A6Hms8oiX5+0X8f1u5SRVFo1ULdpM4dayanLPRpSxK2QuxNWfd/1RtRN0Is1P+nrbRj1G4Z7SMzwbMKgvy5t9RbAtaYG4l8Gnv6DskcPPEXSRJuMCwzZAz6gCYOhrjwwHVKD2vJFCnXJgYiyvkNMCfolR6v0wpAToDIxmb2xFVkeUtGXFK8HpEvg0CDaBzCBqdBvR2SZdpCvjUK0/ILVMcts1xpmDRclO
8UF5TBp5IIgWK2Juvo01IyAapPzE+3kWDQeWR/aHf69cW55GHWs1cq4pVST5Y/Kpr7XPayrrlU6VieyooDlOHHeXy1290xfGvmhgTDQxol3K3L5vwJGJYIUtX+heF1F49HNTM1WNZxwVe3KXuv3fkaMekgzVkCafw1TuDoqDXNDMoC6Jf5VMwz04HHVy/b8LE8plNTImONwdDAmuZ7y7yUAT1Nixtd2X0OMQLUIBZVbX4q3Vjx5LQ8jDrYG/yNcVvusOUXdakeNtKMV39d4Z/P/LQqI9DknUKA6LvQTasyuwigZSBzSMKNn3yhJG8rHdL4nNSAMuktKeZES0DSP6yuGZjbyi+16cohiK402bGO448t2FqmsTdTDB0KGuJPG/nCpIeTp/VF9opCpZsfq0Zp+PumvACiw9o4Zdh0xan3Z+5ffz+Qk/7j/SrEXSFQs8
8UF5TBp5IIgWK2Juvo01I7t9hw9wxhXPKQ7dizJ8nLVH7dL/pjCdhwCqRtvjB9Ln5bxiWl7OM31nZH5yfdMzdeTLR2aDWJXM2z0MAMe8YrclQ/bLIIQ0wBDny1XuWm6m3cNZ1HnzzUm2hXlRSVdVNWG2nHyLweLeJjoGOow6S7yXrOL1WXPBb37syzeBDKy/BrTozCpqU9VXdAyt3AI8luLfixtwT8D+o7+NlwqghWHDZOUr0gaYySPTDbEweFRlXKM8BCr/sJFauMvI3xxtSSrMHaGli11plx7h6XYiQnF3qDpy1Np2cx1dLGq9WlT1J5OJWFNwB2GwWi25ytIZj9Rzvy9QnliPZc1CyFMRTBnYs3Af6AGThczRcQzTE7QFxPWn9sJuW06JJimzz/Nn7ZNBh7IWmQiKf9MVUJLPuG2fYo0nxd39+aZekJ/ouX04
8UF5TBp5IIgWK2Juvo01I4VQ/nzRz6BWQ1U1RgCUL9ROtpgf0PguQKBr5xuGK2GH4CnKUi6e+fh/n/BakqE3wR3LB9RATYSRyEFuwm7rQogzhu3/2ClmEf4s1+QJH+ODQ6ts9qTgritceuYTOZdDpBrlIwIpYvGjHiE2bt8WuUjjOpG9L+DQ14UMd0ZLr1eJBykUpsTYgWW4UjpyJZgl+mP6OYLKMYPZ2VN1EfETE3VQoaW8Rs0lD5ydf7g6kwPrcTSCQHkv8WYGxUCgiM2c3yz21UO4g5DrC0IvJAlB2B5cgUkdlMRx3HdNfn9Zf2Cms6TRSD228TI3nfUM+6zd31DlMqNl4bl6O1Mud4xEZadT0NjZcaxK+pXXGVJ84AygO+RGt2al/G9mbgk1jf8IZ8y8dO5/v8lsMYgflCRdJKegEHA1u0DiTrAdoVMQtxr8
8UF5TBp5IIgWK2Juvo01I76XNrvTCyJz4ESXf+j83Isi6klcjZwGZVaH77Cj2ZME3Txcjr3OBuXI3htWauiDILAGIKa97UdKzbPB9H3no2qB01Uo39dQb5zSLeF1BlJxvDPQdiG7/L9BmWM6QgZ+wbYEiS/VtuWQ2ma7Fua0xGSmSPVSZkEHVwUQoQqCuoH1qMPIpC/ioT9c+T5fOENV3SLbYFVIrIHWmYJqJgn8+cG7ayv1vfsojr8OvG3BagkJB7PbhHjKam4tzlTk/8o+c9zYqinaCONAz3DhULjvkgIrw0NBKwPINTh55GGbooAnAnxaNJ5GstMMo+3nxNSByvdH03ISBsHJRWmveD1ezGYlxcvr9dBe49qJ2u2gK+DZZ3s8HI/4cuOFxy4Dqagld2Hxe0SIwpQM1cWzqgriNuSJP3/RKgtHkSap2P94mpXV
8UF5TBp5IIgWK2Juvo01I3Z20zESS+SyqctiJUtMJQpwU2NUEpkuAaNZ7PIcOD7SNXYjiqZcyXnxjNjbcbOzBoLI3OybnWcCIytMkefpIM8f1Gitv+HPyBZEpEB3k5HW1VPNjlsa1Iv6kZFk87CWMKkSsIdYpIEukhyTIKnq4LTbrGrqU+fBPV9ourrR6veAWrd33j6no4Dhl8fo/IwzGvw/esjse7P34wWQfsMrICJV4iJuKtKrEfvVCRhmSGAMAxXfLr7rH390/6Xgml1UQraZdaAaDV445ylfv42Ua+J7BOkgwTkd6ZPOr60HDekMCx9OO/iSSosDCLpTJRSyCQDEL3WolIVNvCsS6i3aQ+fviZsN6i7BE7Z4hDKnURP3s9CctMxaM1WDWz0AbaXL7LSQ20rRUqBJ7lsFaxS5VmRayjwpxfaisGdM+Gb+HIWx
8UF5TBp5IIgWK2Juvo01I5xhYIhJXY8aUKTaDl3h6iUDgOMN7KTqcLK+OEiCXElPtHFacwlVHTd1DUzRgmMaPC1cMCdGI3MD1Fp6W3CbTsibpS+G5AabirECIYwIG1/JLpI2telRTY/gsLooUWSzxfx9nFoK2y6grK5itQLCLrjFja9v7KW9VQM4t9bwzs+eWb1weccGPCj/e4Im4PiPZjCkimQVLkcAGQEosxbGc/NeWik/yAUoTh8RNfpVNcImyVPzFkdJHIhZQreYK81ZtdASqIH9hP05U0ukqR6NxomW8Fxv70/QYGGfl+YUczm1bAl3PZZkhyoc/PTfzOx48pXYINdyvEQN4B/IJ5jwIwqEbzjhrkqO9PEB/1AhpObdWsX8xexMLQzNIi0A8OHqpjXzAkrbwAXllPofDQ1aX/rBUhPaoUEH3rPWLWE8WmXY
8UF5TBp5IIgWK2Juvo01I24B8MTN+AHuwN9+pA2XtYRsoFkDr4Zi6QGZd4jQ92LFE9K0IPUZJOBAgkSgCmfB1z9cUotPV3Hd2rzpMzm/V41Ezcr5fNBN4f87ozhJ0Twxl+1WeevL1NcmlTEJDQGOfUF1R2I7hqBXH3lW5Km2QHKS4Bk7I+eq7F+WQUr9Mkyielflzhy20EGP62BW1Kf+ErujVAozgMGHghkierYKkmMaFu9rQZhwnGr8ccORq0lo5Ox+jAlEAvRKelGy8yKXJvKMRJGe+6D+4vUcMXIOXHAB3lInlcJT9tMhBbc5fWmyIe15xDdPALK/iVGwyR6oXpwSmGi7bbm5UEg1H/45cjvRxiv/1Jjl6tYpX2f20WI7RJx4NgoUTEkgUiXNWu8gcKUpuW1bDcd6N7EFVVhaoYY0gjDC1QEqBkvuVZj2mRTC
8UF5TBp5IIgWK2Juvo01I0tzLRZYZ/SWxu+zDSa7do5lCvOz57+nCFLgrTu5iWZSMUzb93Xvft/ZjwRldTExUHfbwcFDQlw7G1WC6Oh8/hc3uJDzb0mYA3uADdeinNgLMoQtl86P26zLcRzgl/BHqwAy58/Ukaxqg1tFFM3xRq9lKqg2e6hC1/KZnjur6HFiG9/qzYhe7PVTjntzZhaTTpDrmX3XMUpUEsHRes8Hucp2014PunEiAT6qTO28/suhhbkbkmRvv7BArBaztrxenixApIpRnWFOAE0qvFjodz+gPHg+4Lj9wAm5BruociFc6nbbHl1/Ef6f1IJpsXeRc2BApJCWW5+4OneMQMqeppI9MKg58daznQaoPYxEbJ32KAZR/xTc6b8ZblHpBQdFrGhMM1hToJ1CI+iyQ2FHSL0ZD9BMcpjymO36XjuqpyAV
8UF5TBp5IIgWK2Juvo01I4APaC5TJYVM+wdfb5anrOKH8YqOHcvW2iY57+IVuu13gq6CKs9exhzx9Avi6ZdAw3b9gK4i5+NsSxwRECPGA+1xHIhyqztQPuRo9BjsqKyO6NW9G8Nn93Z0uODt2XPDV9kColO9z+8Vf22Q7b+SU1S2rc/lZvOreN1Ld/p00eeGfe0D37lJevbetiBbr/LR2KyPhSIFFbUS3JHiKI110FrSP8zPaAwFQs1sOe3pgJOzZKYJ/5ERAGN08KtDSdj4KEjdqGVwGwXcGXocAG2Dig/ZkrI/kSHEOEEmFmFjqB83zHAJXHV3HHHbQwoz1JARO95fccSMeVKFBB6eiT8Tom6QAiN8hZdUraDCr/x3nSRsKxT7romU7+Ytrq2gsrI+mVQiazjKuwunonhrJ5cGKHqVjFstaPdxxyho+7opTxma
8UF5TBp5IIgWK2Juvo01I6UhTzQ/H1UmxPTvJpXWmzYLYA3wDXNTISa0iFK10UvbH1H/rCDSL/mrOTCfG6hyhZuWQne9cpyDWWdhsJx7UBC4u0Eg0peEtKn5psXJ0QvIzTUXonMlrngh/G5w2+2dbLM5qKgoyuOh4X5f6Jls8fTHbvUyPiwRNl8Qys5ZiesMbB7xQLEfHzCbb/pOU9BPcazeLJTXC+ZYQV7jf3a9lORQ/0Lg97/nRh1qMamabxEsrWUXTl/ntbXVWnvgTLgHW84jJgScUiuzU5WXo6hmnd0udEhIQi6B6rLRMjBo19PNfYihYGdiBXQTowcF06IMLGhFQ7pxehHPR4rn1c+uFm6SzN9Ks9XR/UmgIwaIDwdMadzJ3OA1htqgJbIPf6DQbZu6qQ2Yyqf+ooWlusyVKvXcIyDwwAa8G9HBYuu7n0eK
8UF5TBp5IIgWK2Juvo01I4uJeJCEXubA17K2GbsW680otN9p0qH8f5NFZFlyNxmyi2LExexfiMmkKA3Yw8H0b25MR24bDxIQmw+tQl5azc8qBrCkpoq+WJCR/TXSBOsAsAbZJLjvPFH6gfA+WXTb+waaiMWeiF25Qh3UXZhHzJ5XWwAojc3ACun5i+8uyzUmXfZx6XnmVC6Y8rA1aTWDLjeYdZQHuLTzxpiBMFWig+qfeaUeZjxjmrqrjbwR1furdOukBxt2wOY2GsNlxDxewf02olkmbEwLfILE2ITqf/nqmvdLDk7ZGWe6uQb0YCsL/cUNpQ1Y4/ZTlwmhhBJJe/LAFtFp8xFFUa9/ssUJEoveUh72/PqLWOJDH4VNjpIWSKNuLtQ95nMW2p2lSr3zdfyLkvy6a0vAXLCK+EB4AjO5elPEF1Se9fICMj8w+kKC
8UF5TBp5IIgWK2Juvo01I1MBQYXMDQk1Ia+uSMGFUjZ+o3vuoQrMcYnmn2z62KVfikR+HbxkyqipPW3kYFDkI56/VlE+CkG6XBxX8s5THG1ebqGbYv6GMvvzyNc2qL9yJmaS3o00ef/Ag1WmMAJZQEam0mBpg+t9cnxa7nE0IHeDp+YvkkZM3YxJ8g1+hG+q85+9ZSjwlTI8yGw4rRWcKHn+ZA46RhI06yL+tITtKotSwp6Gn//nXLk4C796n9EhzXnG2B8HLYOFOvW5ttiFo2/nofJZUAiRCQjZH2yUpjYuBID8Htce8HrVhvHT7sZ7OyNla7PyrTmKgoZAqXZ4mqOHtaty8i3W8mVKlLt/n592uitWdUnCC6MbKyAzWHDhBzx+lEAOWb5l9n/9BExaLnqPxwoMfGo1t7GM8csKMUfjwbLjiGBEF+MTKpnfT3qW
8UF5TBp5IIgWK2Juvo01I0iFu3xkzgBnSjh7w0qYfkZ6jeDbE4MLFYK4j0+QPVc7no1ksip/rv8Ro2z20iiPk/lktn3/e7ZMPJEWBBGDzeWprQkv+rMO0JUZCODCyDT9eQhHUgGD9kN5wOMliCEIFyDSOsk6o+Oa+6ASncwubxJcyso4Nd9gJQe92k8vhofJ70wgb9ZGpjaKvEUBJzfqWQe3OpRdSThux/ryJ/OsHW+bK7Vddr5ietwQGFBohpYlEiydAhW0v8pWRybxdTfb4x0ehPW2o7AOcyT5WjJMy6KmGhDoyxkuSLpKPVtQ/0PT/QvCgYg+1OVVSzT/GqaEmFMVH8X6vOgNMmiW3lSA7DafF0hjkWuOj94ePlZw2atPqBtp1PLnNc1bIXjyMuwP4X2RUW2LypgIADiF62BJURmroL+00zBDgjCO2W7LsHY1
8UF5TBp5IIgWK2Juvo01I4iiggobuCuDchqBh9cTuc7K27+qh5/M+p/cPr2qm98a+LZquFKlzA/VU+sShRtx10GVEDMNVNFhouovOF1pVJD/XlpNGwHhV6jBoglRCrq0mxdhG5j3K+oroT2IaZhmYCc0dyo6AarhD9vt31GjliRYOeiercom1PR00A+0yUMM+6W3Y+vTm1BXR0V4NmwAgmlTI1sjc70NNeslVi1CiAzM46guIDOX1eaQgGh205gHAfS7v1Ko8RfMUHhkrkuPAtNHUG4JOw36A5i1t0FcjNyuoV0iJfwCrHSQz++IQciLHtOaYEG9wctUN1x+3UnJhhnoMwP2oaNoUXGuhPtqELOMOwCgEPxubpwgSlXN6/Bs17kO6TRSTADYYRkyg+qknQv22RuPvAI9XIoGDy1d4Zp3dDQHvWlm+mVP5bC+ITiO
8UF5TBp5IIgWK2Juvo01I7YGCTNupl3uXm3sfMoSwrcBlORACjlicXhLSBljnje7oWPMjwRHHCA1ehG3vKxkockgIgJRGQ7EortcO6nDCkqyKQAwtpSl519G+lGA/NyeJusQW2EhR5meVu+g94fWT/7eCd6Qp+b7fjCtlblgoADcalUs0UDLq9PVXxmPs2RVb/TvQwxm/eGeV2gIHV6PbQyN7kunG/jNrcJw+F8peaHcrjx1Ou1JxEXvFmowjNkebGfsldeTpuUFtb3j+yZi5+zOTRlr0WWVO63AXWisCcL0KO2hH57TdL5qAocTdTM3W0/vu/ZEegaoK8i8d7vLSPsXZIXez5ZrbC4Kww1hRL3yB7KyedKf59RKev0yxWZ9fiVnpwJzRuUaETCowkqujC6yPh5ODT04ep/8GhDDWVO0Xak3I8wbx6IFbrcxuPXk
8UF5TBp5IIgWK2Juvo01I/dxnHxFrl5ZWrw3JVfOrkDJSKBAC5yWEAniqdgCNrQddq8sXujh1JKg5eLrafgl8LTOtZVpgVgNvSUs85WSHuGhYxRoRwuOS7TYMwndJZG8Bo5bzbJNoc9wC3MV0C+/3NaW1Dvx7Hp/HVaZPOYgUd6bZMOeF+RmgKfaioMAZvKNmqzhfIwCAO0rwtVaaAVOe0z338OAfBxmrIcsjvDUTFvXMl0we0vqHBHtCQPCRwKgF1Ikwn0rjRmYgHzGl5dGQnClt/TS5QBWKC/is1sudFCnOqYo2XHKNAG+a9No+l3lX7SiftHkyVOjFutbjzdwkxZd6TYD1y40WwJR2oOflJIt1dpOsLLAz9XVMo22ooIr1k4Heu/3bc6SeH8qrdO6gd41JuAVcar2QF+TfUjTlxUpD8/FxTuyLdxDXKyfieqh
8UF5TBp5IIgWK2Juvo01I3q913ceHWvOfx8AR+a3darw/y978CQ86GCOJ8jMarfnC+Q5MpkMsPl5kK1m/bIyw9BbSaCquxUks0Z20lpOF/m7f2aJNXxQDRHF7W8z/X6ntKnicgoRoqKJjMGFeKs03B71TmX9FoYw/FxMKKwCGmmOtJAPorhfGneYyxE/VjMUcMp/Q9ZXsU+SQh54gpwXAtGfrnQaabry60aJLwICGjPmGGXPSYAm1EU8fs6OA95qELx6M6/UsHt0q39k2taxLutCm6Vv1aW7qO1ljMmtwnWoz47/liMwg30RW8NqVQrxdchAU7OfcCFNxlCNYlgYYxSNsQUWUp5tfDWeTJQHQzKTryWKYRRoqabrUSX8Kk3v6+IWGiR4yyhfPsHhlZAkvs9QI0X1QK/ADRuYwhIZoyO1swLb/Wumds6YGqt+ttMc
8UF5TBp5IIgWK2Juvo01IzGIoZ2nnljk6FRpdfWS9aILzXV4dKksd1JVyETYl/sgmcN0D441jH5zgoCk0TEIYcnrB4kqQWclpa0+kpqJA6qXlJ3g0+dhmmgJnXtFQSeqGKKbFJlO43yC9lo8TQP8On+k5rJIK4GgVFZ6OV6rhnvZ6C+bppkwX0iAEiRJ24MRXusrVeUs7686d1VbAXn+os+YbNkd5ZwCN/dKwfdHalP8EjUvEWEQP1JFMloWuRrZ2dvmCj6DFEovUcHcBzLVZ0+ayxt3VekVHIOZ7SkKMVVnxDC/jNdj2T4AKFz3/kKCIMq+wcPZrl2Aqr5sy0D5vC0gbhUkPz9dYTojD3+SG45eKwt7r85F/4cH7NR0MSlByfeP3OCPwEl8HZ8MWhQ7QgRTelgLkUXqM4+FZ9G2UFQG/XiF01COVd+IRubAaBzx
8UF5TBp5IIgWK2Juvo01I0F/bbE+yOYksoi5gMGCnhdpN/N0Dqv6YsTk8s+B5f4P9/1NIoaSv5yiq8n57GNf95dj6969q76RKJW/WEqJTh+mJkQlKolFhIFU00kkjC7Ky5JhYBz2WoKoxSe0UMXyNRTZ0ltSOwHdjNBQiRLkPRO24ggYxRwXDcvPnQIgkVjgMRs13b/qHZrhjVOoV90DfUsQREpUeT+aZyUZHUXZkgJZXvsiZT+5TM3NjghT4f+6BrJ7WyY1WnEIiCe56O7YOeef1oCSGd1AGrDGK2DcT4WDJoA9m1gvU7c8gTskaoW2BBmw/ylIXIQoLk2jYduhGyyguyeNAtUZK4CTkjR5tvZ0fsL8UX0k5c/MA07Zo59Y81JiUHOBswiuX+Liq1DLPeaMPzZaTyPLVpekGbAH3UtozWugthFfb2BSiCDBsqAF
8UF5TBp5IIgWK2Juvo01I4azp9a/4dskmsLxVfGOj1ljv6BUiIesCjPLD/3AGP0982bY80Lo6BurlzhxPc0HMSwHW2flG5t5KzI4S3iBuV0u/SjVdt9ndomVymyMhxTr13HxkiVCjdB3bZJAsJw12l6+qI/bdgYXBCtvAb+EIHqnb/KqnvK40CIY4kr0+J+m8b2XDxW3i/9em0hTu4R7Ko6ibBqhiimosF92Q1YmVriIAWwYoxEJF5kT/g4wDlhFFbDn7JG9GngZxPfJ2XfqgfRuKQrx6Ml371TJQGrioZYfQgPRnbrqfbhS6nejOuo8ap6GrufblZAoOpUpRAHAIrZ4kKvsa+iHdaEUccefLFRDqrxn7sTYepfxa9wpYdSbd0BazxpjP5KYyW63QvLOh+Gs4+Gqv1eiCc047ZM0X62yr4CRm7VUhIX9qE80Zc97
8UF5TBp5IIgWK2Juvo01I8oXYgPATm6j213YuWeK9daI9KHYqmm0/hQOa93QYz6nK0x5M6Xs2dTRf13o4jzL6PsNmAoyk0S4QQ26dV406iSHkcDPMHL0gN/XyWUm36p25PotApr7pqh6NFV8bbi1h/Ga0+jbx/ZOlKoyNxqC9pO/DJ2KufactMQrgT7w3jqQjdFKAb1gBuSmS16HR3iFGj1m+YOm5mOFHaw5ntphOJ51napCM9lAgkWRy7EWQb4YDqBarQ5rqFGe/5+JEEk1IjMU0RduCgBXdoxDwcNK6VS0peoyIQpOdV5JSNxfyCWPWQaBafdRNhEwTUpI7R2GoqV/geetJlN7GAXMLYKAMcpdgBTAvUNkX7WnYVFVJkwBzVU57wCZ7Q9YeOv+/2W/awQ6hLYs4mR7sg36O3B5a97lg0e4b/V6pKOT6Bg7nP8E
8UF5TBp5IIgWK2Juvo01I58bGlaK1B9NFMe3nsywATzIIlcR5IJ7rpL4WexH0Ny2uD8in11lNSjYHk5p+7N5qDYkwlKrVyRZsqPvCjvkElK62u/ClYSOGtmOWW1G1fFv4tzrXXj0Eg28OZ6wt2sXdza2c9ZR7u69yceiwPa7eyJiYYbl2jK5HmuEPhKD9fEDurwsmk6oLjMRes6WR+BQZvZXTefVuUnUuW0nQeXpSswI5JwNpmjVvezecbxvzhBnsU6eDUwha98151ABDneCoE2EnV2+NNL8O4xd3vek3P8RndsXplpqHgd1/fRTqs72OZ4kpKLO5XvnG3IIHNBosnwpuk0pebQ9uy68IBtCVKs8hRPa835mn//ne9qgnCzWsqro0drIgOFh103QRcQ0RN16XK3BOXKERcJ+BlRJ+r7MfmwPnKGkroE11o9MxqJ0
8UF5TBp5IIgWK2Juvo01I2mofC9hrdwrwaApzr0C2iJMT2V/WdfJf6BAcGm1i+EsU5BS09xPsWrEEhfeaS1UNXBDUaQVsMTQ2Qw9VhfJlg4eX7GoZeD8v7ri3+hCuQKGgrvd9KdvRvqSxR57Duiy+wZDjoaIVpbQyk+mpYtQyYg2lQiOMlqDlADdzuOb/Abg+Re8b1OjdB6zQlhCB+ZREQf18KD9FkZ0c0c/bJOD425CgD5wXszYKXXwdg9PER+AiTQW0HiRpw3vBdTe5XaoV3yp9l7uEZCWCYrzlYYaRSzK7mjLnVkjMJ96lC4IgVuNkSQBkV2lCFzbgVymrjjgBY1mqGL2eNI9bzfiL+N/+/r43pBf2RTt/Or4Y/ukEgxKVTzoY1Oq68Nfab/JbjsmFWL0YTwvaFq9Iixv2dxkf29ecYVsGbKQEI+mcy9rRrVk
8UF5TBp5IIgWK2Juvo01I+fQBmybEffDcMwiCgP8ktaaSGIZyFKvnCdf6c4muiDxsb3Ura5qjUGJVgxy8KI/azzWIEE7GRMCxTGo1pWb7xjBVXtDkyVm4KqiaLNxyAdmE56fchZbBQQrsMk0ox5l7YaloZIZTCk5fmh0CDgtPV/L2Z6hjiKOGl1gQod0+RXSiQB+LaHMuERVENAJu9QbOXfkgTBft+SNyiGXWNcEIH/2MnRUR92LERL9+bJsPtWhhiRiCnTTTZvtbtnPzz2RrRgBN1A0Y9fL61xGGaQIzLwY9LsCkKZP7JIIQFQPzWHyl8Pcq33YC6tRRarvVxYZxeyYltYNdYbTtLLyyuTVA3YIeaqwfg5yDMG+GhD3FqRwkZAjKyzY6DPCXP/QWWUa+io4WJkch1Cpry0tyBpem2pLxcAaE8JSuGlSJsnmAjq/
8UF5TBp5IIgWK2Juvo01IzEnNR9pR1j+jNcgjKHkQ0c+2bF+/j5y35poisLHzi82+KLHT/uoirIChYGmoupD7xHIIp5ro4aDCE//KJrHB4NI4n2VY0CObqwfZfHGJk8yA39S9ULvvlmqjHookTWqGTLPkizw+EPnGLY1ZD73G+AnWtu8/UGvfwDhNx3ozaHNmebzuutrixYgPRwp83dpN1IneirnjMhyCftOQQvY+VhTLEHfGN+RNte5b6ECvasYa8uFh6ys5HkCefO5eR96SMd8dNG5w7G2c4c6HyPqYsjCWWkjvLK0+qzyR/tIpyswVvyYNBfnbLQlGIYnBMrTMEQvn5LGzopgIqYFp1PVBO9hSGP5RR3qQZ3nIrt2UY5u81kjZOOgylQafZNDMAoikeHJNwSgCMSb9B0piQ5IOsNUs8pAqC/5CcVwpEMpSTIp
8UF5TBp5IIgWK2Juvo01I8eui8dW7hISzTzTAPUMm2X7kZCo55HnCJCE5xRELV0rkTOYFuPlpq/JuR2zW0EHsSLDtkzmm+eOAT5xlU0HuSGV8kAa0BFNnIbwxdeGc772rxyLzktIwcCnCHxNz1wTFdOfq2f6WGZ9tMOZ9E5hq59kEOvgxp72LmttYcd4PZlKDF7XJwrKi3l8J8le5tBX0aNp9xbFV9qN3+SyvAIZlkCZh6M0QdsituUFd2zEWonSiITmS/QrsVYnlb67Jxx/i7U3KU9ngw8/lhu9sAyk2O3OwOG3RL9twl3FrZbxvaufSUeSqttbWZPg8oIVov86kqIdyOO9kRV/Gg8OyLulbQNpJaVRrekvYNqeytDLPfAsGpV/7KqFuCVnOEdEB1C8SbiV9m21kyfDKRTd4DAeI9miifyXQd+3ouvTviNFyuXN
8UF5TBp5IIgWK2Juvo01I96DkSRXBY6dl6fsDpjSDTqSA33MluzASZ9m9BmXlYfg/0yz1QAerUgjfVTh8+OOIyHQmTWxulE1BbEZT+mKM4DwIVGofnnk3Mb+4ZieCxHjeUBDBdNaHLJoiLtL2yAMSB39f4TSG1rg5tIb3bto7+fk7HrVXESl2HplOBaB+5epep3m04dptV02UE+wnT+nf5MDxUeZ81o3hJ3PplDsTQWUI833qAsnvir2zsUnwteA67/yYcFGj0LkztDH4smHmKEV+kjF6rZjymKuEKZUwPFe0LFp+mLCRKus7cmxEYiMx8C1HwSRlH+qFezEHXN0JvAeYR7UPw9xt5Wp2VeTWnfYe+mLKaZj4Nm+nH4TcSpJRbvdHZtzSqv1Mm2xzYsi9USJzlu35rGonhP2YG3QM/agbZUoDFGAUs07fEl+ekHB
8UF5TBp5IIgWK2Juvo01Izaj/doAfld/AqOVrCz08ZuDLvcuwJsKZkbG7AKWkyHpUGuR5pxx6Y6EFFcc7DWJBtoGb8PYlByhjvHHb081J/HEOOnZqfrlOoe7MUJD18sQp5bR8tcEXV5TcpQm9J03Viv/XfGzEqFwDmPgyhRh/taCpXGiaOkFoRPs+c27JfxnGT3Y5O44RIlArp5z2dplWkiFDKHUnjxBWCNojPJURK3dvMXantzqd8c/SAPid3rkQQ45FUM49zozumPzmDF172lHhYCO8DNy9YAK/gKTkD78+XLzggXr0RA5d/XSos2/2JaIHvkgPnds1ippc7JBfbVbi62LHjrW5ZJ89FQA6AHb+wTBwJyIS+hL1e86plWHX5gLR4VadSLoddtLwbs5CryzOCDgDTZMVKRxA+TqaPUymu7H1WHmzZLq/czHkhfP
8UF5TBp5IIgWK2Juvo01Iy23QPYkZBmNGMtV3Sj04NRlxutj+eGBu035K6qqyZKATeOmJ65vR2dwuydgAfWn0xJ/ZOAqSwhYUP2hK+3pW/Ad+CeMBGS8sEpbcfSbxDLnGNfrEO/Y1Fqb1V9L9f5Yc4UIFhxPqSf84XdTFdMs52OeEFp+c53LBVYrrLrZyPbrWfkub6mDPGhreNM923KMDiIMYVi2zhIN8RCi8R1QbBKOWTyTP35++khkAKZifEEgW/vqVjBjD6X1j28e7n73AY848sGxnpBvvwO7F8x/x7NBmHdxN868Kz/3ojUsuxhl491cApGJR/NvD2AfdDetqa4k1kbmeLTxBq9PgSxL5TJxiI8mCGGG7HKjY54/vechgnXWa0z6NnosUEPhrNs1oPKJjbPoUVVdk+2sBok+wPWRQnNBeHud6rmHy7QwTXbB
8UF5TBp5IIgWK2Juvo01Izjc4Kpb4j9bNH4hMCCYVa4XtcmBj3oXcKanDl+/ER3U7zrYiiKmpoNn/40i7+mVoz32LGEvkg07f6Tt7X/2pA3zb6ag8nBILw4QFzdhT/T3rS7mYPUpxGX8wCWIQ5RyaLmQRMf/bgpjYEqoVKRUs0UUiaZ79ukjJKsRaHftJm/LXkhDqWgZ67VUW5CfsBta0UIojHOU/WVnrat2sVLG5AJKf1OUp2UtHu10fRQ6VONMWvxWPh34akNy0xc/0mRfPBuPVBoiu2xlHzFrkMENRJ3guXD1ybL/hXcqzJcCLyAOzayEG4r0D31VFsoGqrzYI2olCWPlxry4w3CQxjrkc7Y32LyTNtHcaWSBMTld/7ua0gvWCYrtI3RDuNRBE3/90+hFuPmBXJ0sDX9xxZb5gYaoj5s45Se8go/QfqYafZG9
8UF5TBp5IIgWK2Juvo01I2EE+dhrW+VQS1pc35mVTd/I2za6XPKAvP+AxaNov4it/aQjqhhg+syf/NC+9lFUCrU3g8XPXPTnh4C1XEnnj8CStQrbSUvLMgS6KOr3elTtdIlmPTOx34WMAnw6W8b78K1mtfXaB5MaP2InQ8WidfDeQjDtlujVJnf2kzjlQxJY+gY2jpTcWnQGo2OBTYVzKNJR9K3hoyT0TPrct8AgsmVQyYaf8QKmgJzHWMvSReXgK9oXFW9jNv46gdFAY8jkok6hDGR6/a0Un7edkPMnjzSWeZujxqhjx/jRj7oH8xg1OjJVG6C7q2pd+VC6+OQ3Sa79YP+kGILte0l35748xYQ+yGpxW1wHhjFyQJCT2EQVk7oQkC0g/aLHV5gRzs9ZWBjbwGpV0Xv7hVQhHk/OPapc61cbi7CPel+s56H8QrEp
8UF5TBp5IIgWK2Juvo01IxMQdMtHa7IYGJfpmIRhdzNgkxArb4HEpTI2P2cjfU+Drl+c4glgp+BHdYORR6U8+B6aL6cjQpWrcOEIDvD4FsAJReeGG7wqTB7jxnYdKCa31flyJwYYtInEJUZ0mZG25S+x9Ihsxt7xslgMNofoFPElEDQcN5dQLqzJxyMQOJN00/ZtWSNlltHCnc08V8PBuyHLSR4Qkt4DG0fOALMxRo8FfsvKorxJWjp1Nf/zPmdN1HzgZu3XhGlgHVDML+m7U5vwmKr81YaCExRyCtl0xc1ddepzUI3wPNSZNn7K9xoLCyYFTOtPEoYqUp6qO1H1qGM9EQS3CFDW9BhsGIJU+J+uVi9bRgzgXrpTHaBo8lMMmIEPHKQmfMQbtBSnRbnNgVhrtDf8SdZgRPqlO2FGyGdPSau6aq7tKVGISKbYMxtp
8UF5TBp5IIgWK2Juvo01IxnOMEqhxGECC0si4UscGLzRIOGTThwVIVQ9CfhItByiEOFg4fGthDOQr1wd7BksC7E0osP+jj1h7N63gasymR/3dKajh+SpJAQ7OSyl8GWycK2Gm7GQQ1+YwE3X5ZyiAgehMCeNCN3NPILz9dn0e6fxcsf2bALzlHnVZWWr0x3PzL467elmbi+MCBv4AWzHS+IewLzwJJ4ou2HFYaYuTIXw1Pf3vPP7K2sSWMRyXNfEcRJzixnmuosqcNPgWGwbrxvzI0UzwAwbCgpyy9EGZdvDji3dQbu6FJGzTgJMX+yPwD467VsPTomIB974quq0cCuqP31wH/M6oFgO7VB7ZD+AtseAh01fenq6OgkmCofnIp32GHURD7Z367aNzy5INLLaOG/f3ylGN5LZ4+4+9ErCOny4rOuNhq0TROyge3DK
8UF5TBp5IIgWK2Juvo01IzChIUWNhf6iZRaWEpFm/5QxWYTJHYs0r95PCPHElilLBkWvAk02aU4AkLFX4ADfWZ5ZHVjiMHRNfphcVc8brgWIuxSSoQdPbSQrqjydzskW5TpMvxuc6MLag7HnDjZ9hYp2BFBATEWW6K3PR46jNjzWCGVek/hfaGxVUsluR+TeQaEsS7WofWkM01PRvfpW8+eMTJDJjKpym4iChvWKp2RajVyjWT68e8jpJG8m2DTAh1wlvbGLGjYi2T+5nGLJfpF/WK1c+hrzShaCj9vSx9avS+eAAKnn2smwhgTJYUIa3RD7KWJPVtToG3Ib2/4Zv2reZmfrRMVCGwHjv8r+6stXe/6fmYFRR2X2YzBiuTPAPCZqx7Yna5UPzy8Ul+DltrZNrIvCKlx/QzabGkt/q5aZcy1ZYkt8jVMTOgpX4eD7
8UF5TBp5IIgWK2Juvo01I/pxx9Fq/r7g7UZpEN8d5WNSS+krLD98/TYDco348AvQjINGzEwTIqJJkrGW70WyB7JzdzfG4XKUfRENSV3qG9UsoKborPn1xX5c/IYOQO2736S9emKCyiyd2kUdjWkFD+u9d/RLSnuHQMj/MvpeHcWMJeENEXgGMz082PDnlF1LERTGjKi+YTcmUsIEIkx3oTP+nblivnsm6YuCmR09zxPJngm+KCTISuTsEgj9QlBJznLskIShqcONiqLSKvAOOHw+W9wwhNmwURmhLTKoq5owdA9ggEXnjx40aX9nEzXt/qCDVZ+lYn1GYj9cJt4yZqU8xKPL9Lp0XqOurIOrlj+xiKBKGTxn2LCc+uVUCu29/u/UFKHwKzmiq+Ii6LjsoQGORltjB7xmeQuIWZbHsC7t6qYdI+h3lq5d8a5eXNTB
8UF5TBp5IIgWK2Juvo01IwLez7FARyAzbd7tHaY0BTYAlsmeVhcUOm6LGvD8CmEeXIvv7SMyLYi95wvgEDXSOOKoJg2sM6EcN8r5pJE0APQ/2yWMAoaie0Y0zJvBJWytK8uTdcAMgUpIRIkHZuBndA6LW3TBV2GsQl+t5zAhWppWats+utXz+hKCqyuJQgzV8wKVYm/dEUlh9qqBFLNu4Qq10gOnGg+e0T7SK4ZSYezRubu1b0HVpNQ2zFhCzIh9jtvBAIb9RIcXHp3OXJ8aD9oo/BIDbFYp41Kt+XFDOhDzUjHt8pFeInKkt+ZY/VRo3xcVtZASm/1J+4shzgh0VJ+jblpcXNIQMHHx9iLcR+g5Szt06Cw3IesOSmo6YpU+1qe4EqBIq+mVj9mLxVvrVcpYhzscnR+ikUID63OOmKKn8hbGnyN7309DwCj6E5wH
8UF5TBp5IIgWK2Juvo01I9/ATMe2ZYAg7ybJalVo3b0Auoeq4Y4CQjuGP4gSoJELqzzyeeAzjj6N+veA+0Qq4qUzxzS3ztzIcAhXqCHX4AkK0EPmqcHKb74kwq45k/f+D4AVLHA/UHC6Cvi+GqtJ4YrqVTkhvD7mYwaf6ZcvoxLQ0aku9VhytMvFr+cIxjUeVtZHovi/H142/7RoQ8+PYlUQKmDjebzEm0fnQ4+3S0KnYwSYmoOJcF0yhQbAvgjTp1HfsIUEzBLnmGan9+KgJtH0xIMxwnot06VAr2yNBFYCHlAge+dqj8OQbRhgJ5aLaoQXqDG4OqJHfcolYgk/DEx2vUw9kbx8916VlodEmiOKQxfblWNBGkj+3VD7GyhR2+94DXhBx2tR4zescryYx3uALDp+pUN5l14xRgiY9WYQ+WF24C6hV3kz+c5FnI/Z
8UF5TBp5IIgWK2Juvo01I8GCRtT+7AYez9lbrvasp32uKerXEmHNJ8c3eChUzS5b44n6Gmx1VMOGcAOjwQstC5gE1mDocKPvqWUEqxGKncXmb8QwBA9S+3N6ring/AzeogVskI5Wqq04+FtsHbMqjYO9np/5qnsLEd43wRIr7Kijh4uFnmn1NxV7Ryf4NV0mCl4uFITHmOIbUwMjNUKOZ0cE4EO0ufzycJJTttUF4JUuW1CJLTJnYX54/4LoFmR2bNqH4cmbBHh/VjWIp1ASjfrCsBeAKFq8BXYUrlEBnX5JxOAUesSmTHmbVXhIIvStqnS2alBpG4tKf5/HqXP3BeVns4FZ8rnXzriI+yFuJt7Tc6JrnOcLYAmZLk1YYM5BxKnTv4XbYG1Hl5lBB7++mRR/MX8VxGN5vFFCd0OvzPZqi/ia9jg9JaQXuOUP7ssn
8UF5TBp5IIgWK2Juvo01I7NA3E8XJsEL8TZn9yUlWhP2dx4DVUaCajzUGXQl8HVnhK8MCwq9kWezYOpveAk9r5CMPBJlZKxlHb/R5ebVcUNZ2zapkgooOgE0GDDGZ9DIZgP3aCZWwZq9aSYDL6jeAO3PrlMgqJDmeET3mkjG1vk8EE1ovVWoOxwb4BhhXPheMxIJRDqZdIiZgqCFbltbYM7G1D0vcdhbircj8DSK1tMQfnOqzlNmtmLoNB49y7S9oUNMbPdg0WmJlvCyYQq+HBBB4XEFIn1ll21T0FnGVyLN9RalyBbpkKoo8VWatArHXpqFexrY1Z2N2D8AqY4DiLFC5ZJ4x/e3Mi8T0j0k7Tg23Jey/1jvomCe57eBkOYdm7LgrhGkOQ4Fr2aJqVnBKtfPUZSl6GSl0Ff9776ZZ6jbepQUK6RgcGPIEXJWFuZ1
8UF5TBp5IIgWK2Juvo01IzSYEP47VRgIl86wSQ3AoWHKU2JhMkpZzKJDd0xGAOI/VcXfiJ8Fdj3fNAWd5+FI40KumCoC13l/2ozXAF8EfAuZC+v1uuBiijb1ZTr+zbwOyvUDlw0H3OgNcZWP12NaPOUyKwmPTxDzwvnpTi/8uxw0hciipW+t2Rn44FpjYQlbh0y+AZW02I5LBDC7EhpuLi6HfMeJFY2t4mGF1Jcty4x8h/iZ+xBNaHzFkJ1pG+34wR7+YOECwbfwRV/d218qPPWL1VxdmFO8HffbQ/1ft9FGl4ceES/Sc1H7xwpnLYiRPRk0CR5UI+B41k3M1keSHgHDYHhSB5LkNGNjUGZ1/ZVVmODCeEUEpvpHyE50q2Aqw6ytaZq7vr+kpTmMGBibdVItIOlQNAAFYA8e8/gOfNZOBTsuAej4K6iqDtGSU3Yp
8UF5TBp5IIgWK2Juvo01I/lKvIJc9lQwkXtEgp3lLBgD5YT0I/vEU5WYKPoa9UeoQjT5tdMAjfUZiKcV4DAhCu+q5x39YmWtp3xsUCM9a3bDB5d+MMMlxXuMzKdqbCQZBDYE+39vYY2yo9YpHIjrflfJ5U2ZnOZUjRVHqeZJ0ElTe7fp9mVFVOB2kBEEZq91Kjf0wDpNrYAW+RZ1WfHVpDiMvaqthoKT3/StshbzoqUfIfQT0m+hXnl0l3G+UPtRaNRmYUWKkQxuTkjX9Ce69IpTUFMdTykR9BzVXTLeZi6dc01Qsxy+N/ZE2UNIm4Nq+ctULt+oxVMiBLNSYiHgnDBAmVv4K2ExCYadf8IdOTtIncuP+Fu861ZYaxQO7/deX2JEDh+j9xCJSTAHYB+Xxy0hTvCnX9iRwDj5eNmb9JEfsXcVCYJndTW2tPIpT1+Z
8UF5TBp5IIgWK2Juvo01I7Rdt/IJ1tjlFYIZeLEgrhDbqWcQrSdzIcSBp0G4o8yoddHleM1XGPTzz4yiZs8LxQZqg8ge1OSVxawQVPLmwpVRoXNEWYYIgqIDySQlGvm7BTCctSYTOnwDp3NLpdoofQyDLDVshMVAZSFiaUYVaQVwsM/TgSatweV63TYhVRMMqinxMppJeaiMZh7GAKF9ur30urUuFxZZLdOOFl5D8fj5V3R1PCPIO+X/AsszT8jl3Rh9XuHIH858l5SVBcnd6Kz3JZjXGy6bJbO9HYkYGJXR/abqA6HBfj9E8HZIEJkPmIwtxIelp35JAewTaA5Y0piAl74NBN47bX2HLqQVhdA72q1cT/5MgNkbURgoY7DlAuQGwFhYJ42YbNIOP1+YHkN5kDzGqiFxH3EHe1DOzHDC8u1bFdkBR++MUgmNdKLT
8UF5TBp5IIgWK2Juvo01I6IpZH/qE0U653oD0BKfH4bRioUnn6jqIyjeZvL4CoKjEuBjx9ybqBDpsgHgAfZSrZl6zr1DL5AUubTC2w+un37+Pm6o51xPr3ZkLrRRfEwLccOkzZF59ANLiZiOhXyKE/rc8OKJOO1G4IIbNNq3b5MqXiXVt7Q7hhvzt90L16H8k1BCBlaVci6FdPATKgC3tkKeXyT2UYXpTeG9K0fI/x6LK91xbDrW6ykIwIavf/4PCCLGImwu3aefQcD4u/5qH+xX79ulMcH5ZMF3IMwA2SZIekfi7EgfflIrlf7c9568OcFAaTcSCSWJ292Wtc/NwTcpKiJoLwoF1IeR9/ayw+Oh/+nOR1veuZS1R8ikA7wSiSFvAmb7qe0sl+kmVjuD0nb46V7kSYUSm7e8Nhcq27B355cMrQAQ0NdzK/v1upSt
8UF5TBp5IIgWK2Juvo01I0wrckhQ7ndyc3VHB4vSLU82cf0QQskgrr5zGqY6fijouxHXq6LyqdYlx6iE+g+sD37+xynasqnBFC8bJv+E6FAxwTYU85XPmj15lKcGPL/Fr/IqAOTyxI0p8fBE7kveWfNIHsKls8OoRrX9O6j/DtGhwbiI/MMp19OjXdV3aCVdaPTYLOZiKIFC8M5bCUoWu73/DM4IYFj4sNrf56/9hkyaKeRjtYp8FUK6x9wusiVIlNG8zuHizumu/Q8Luqz06xWwajQhyjj959sPjb33OFLkYJdJkXTWcZbZdzBgKWcwPSKTBsoF3UvsleNfJXhMJH1lpLVCKiED0ug3haKiA22FY+4sf0q0sBDqb+F2CowQu+3cpK6JrNqHhkk1SjE3iXCM/z55Pimhz5lp9YnLWLeIcMnGhxAtNkPQWnZrUlqT
8UF5TBp5IIgWK2Juvo01I0tXb1p5KctSXwRQ+qbfBojhJEhHjfrDecHd6J088Ssw5cUYfQjsd2QIVDublFVyr98SOM7JyTSXZOrBI12BNOPsgLJPJ0zcmYT8E932FFOdTbsFiDmkgIA5hyJMBU4GI9ysUvWjb2C1qPX6qIFRaSDTD+X7QfwUsEStEdwK9bw604FB6rn2my3s9YnHfJ2nIKZY+zX6/dNUoSU14jPX0WoJMLfcqnrCHh6XZku3vR7ojW7NN9fJHlv+nF1OnnMe2QzVI1ZZJakxTHbIcJ8LZMKR8ltbvB1/jEfXx6PEZhDvmQQgcyhZEJEFWabHdT+9BnRAOq61AlNJbGMuG9OvfrJSYCj1GRHDT3IFbwPv0J3Vkn4NcKzIte1qtfAfF4FKXx/cF0mnGdk1+K+LHz+0WLIxI/XFjOVLwKPrzkVCK5xB
8UF5TBp5IIgWK2Juvo01I4TEd7fuzUjqTsLp5PjgtJppL9gfj5EzCeC8yMSVg635PSfGj1/ocfNUt/+gAyNj6YAJQujT1wu4/Nr3us0cmM1upJQmMWmsMccS3WpJg4IMUZPZFjHvWdknb8vIIkFGt0l/8Mqm6JDPheQ7S8LvOLLX5yw6Dvgn1Cc6LBnPDFerM9I8OwTes7EBOBcaTvfjxH+wI8zqkcDxOx69ViecdlVGq9N+Kl+ciA6/cr+Xf3hT/V+NzrK5yVKfAxIAxf1mQrnVTxsjRZYAfRlCZmEUcAi4NZVqyt6fXXLEidTsv6dnYZPpHcqaFINgidFJKGe5VoV32uLkX2MhgDH7tezvS5WEONaAQMbhF5b2mB8r5zt1aodN8xXvM7P8uDgHxe0IzjUPNO6jOBi/jyPc0TnjVSU1OKfIH33AZI1a7XBEvw6P
8UF5TBp5IIgWK2Juvo01I7ZmUnChg+qkcCnI0BpwJWHZeeeehAfMsyrdl66rfhkbFt623sjcgRlUXv5/0DTLunmzjEPGkqWXe6TEuVmuyHVUyd0M21Se76k2Bf7FA+jCs9JDjnk9MEOypCCXadYseYGT+3UB3uxC3Tg723sna/Kw53fz8gz4Uoi++RbHv1U9WgTKt1yyh99KNS6zIrfAiODTdz48J7OlTgVeKjUNzqXmXt/pGIWSj8oxrpLdL+Ajm1tFqQXl3XIxK+sId5xeHIBfduZWxiu5kc1GtMiqczwR5kYFcOUsbLST6pckK97U3WNWjk3/XQxvgU6j5api/CtXF+ffwPG+hKlM4hffsUMdcNVLoOjuJpiLk9J/CEHkjUl5OfPHfBiOxpeyn27amfUGHnC2kIWr1T63Qb84ivhpHP62PCmFhY4hRNs1RNS9
8UF5TBp5IIgWK2Juvo01IzM1s06lv/GJuv1en+WLMgf2TPzF6MjIt0G0ScJ7zS5/mSIQ618Up70eU9Od9ul4j4yZ990KSWAEOX3fIR/IrDUC+wwYV3p6+J6mqCuEYnls5tmQtK43CgbYOCqmfDK8QZXWY7reoq6nvo1lneAhiREy3xPyZ44pvbxcV/4KY1votUqnKbrdQDQkFJ576vcylGrR5SqQY69m6Jq4EDWJn9nrvpC/pHu3ngYu50W+1RcfObvCwR5+DOrHe5cGMUjJne5IdKHKgy/KBbMFJ3N26JiiHtJBbqnSgts8cbF+mTmszIblzuesP8Rs9Ms7IdDjPPOgGT/CfYrkve0t41GtJOUEJFAtEHAM2wkAysO62ncUweEzG74V3Hp1mFaYZq7dXE+2JKXXBbWSRY6Ad6BZpMvMV/3/0EN0rQs8YkaKkmH7
8UF5TBp5IIgWK2Juvo01IxpOs/d5z9IWJqXCh57Vi+f75rwfDdJHkfSmCalW+P9PcHubu8Jmv0Ph508+8pKX6x7ojvuXv1p0MyW/5PQnBlUEDzvH3WHQabDNNBYcnXsOojKpdxnRhVloK+IMgF+pZtR4YGVxOk7HKdsJvggqk6tmKOLJGCMuLQFqAi04wWWy72l2bp7CPDgnY3NMbVmICRJ+Axf16fOfoLN3v6arxIYgsi0VpSAHKoMvCmilU2yKbMhzyNV5Hqzf5dG5BpEmREmg9l0mzrxn3OA2JA55JB46zbQRSG8E5mko7qGkoOdCnLfJeuctKvFhITFlHUWaj4AqCimWfgy9CYz6prhTzc90mHKXD0JTYBly7VTahQ/RvzScWNGnvR8QPC80F89uCu1TG9Hu1ehcbN5Mx5QLIIP2cuggyd3urxh4zOOOH0C8
8UF5TBp5IIgWK2Juvo01IzA1M0SyA6IFQQBLYxP/6uzvea7l046wRiUO5KCXPmyphuOTX0iS8PzAjkOmimRUXl6q/Q8txicBnOfqwqStH3ExHEYxMBq0ARIGuwOjDf/FPg+lXz957AUlYRvzYkM0OxMUnKoM0VtageQbSvoVwPZ/g/ztzKylpHu7vsMECmui+055IkzbjV4utrEs4mgdyzRzXUOerlUkhjzysoncaBOr3GkMaLTRlHZ+sf5uTEhWxzagrEXPg5xceFphCLRdxDuwSaxwzwJV56SsnGwDFDgrnFb1t7oLHx0QJJI1DtDp/QtI4k+yft797YrO94dWlx/pm2q1tUxl5nu/I9/NRec2W5pjeVuMUB+YuQZ1pVtERaCgjC2T3QaaLutcbwyZTZuH0ZvXLGlVMymQvFA44fuRDJjv5hJSBTwjKes2dOEN
8UF5TBp5IIgWK2Juvo01I2VJd2ieqdlmvs2lE/eibZYTVIUf3a/Km3HgJCZnqt0HcACL0D0jcNkyozwopJggBVxgn26F2qF3oy35lCqq0fCDk9AdJzY/PoIR6P0p/WdVrxE8x6mUeeV1yWi2XNzrVc8RWtXUqeQYEkxtRjKocuntIc5YRx16LXh6mHvNK97bQFxU4O5t8rBk7NElbjP72XACIayUdCAGfZZULOAcDaifbW9r78w0YmoOaVx2kRRgGUafh0qsJzMy90yPDSKgzDPkA/GWngWJrco9RUAQufsyBWGOxRlGawiCLcGiDPt9Aen0npkDErgpzoeMK5pSFb7QaB3uxCe+RtBl8tkMM64Rn9g5AC2ND8YXeGQPzNkVFXFxrlrHKd0ldnCBIGkvk/EwoQ4XVpW1pJa9DwLEt3CAVs3ifo11D5Zk1nLiVgB7
8UF5TBp5IIgWK2Juvo01IxyeMPF9wFj72Jo68pfJBoW8hNLEmSo3DHNR+9KUGdo337XEHjsuoQvsU18R064NkB5o/Pv42Nrq0r0k7Z86toa/LX5H1AyekVvgYXk71reVtnPuieLjYJ6EPLhrVsvlmEwWLQEqzJu0smgB+B5NxS5x7iZQgzvdocmmGoJDS6S9ozSM/mPknLZF4tVDzqVEljqttUSOxxv/K9tw1uUjsuGzmvzsVX1HFwB7zbHok67htLpJ4hIFM4saGu+dkxQ3X+y8XdrVBkq8S0qQNM/k7ZXktEIR7ezDLDYkDstHLwnZ+hcrUiJXzigRw0LBdp6YImde3NEWvQMGG3cSO5nnacJ383QRZHX2fp7k99Acj+Wz7uL2SMf0PhYu5tOQsTruFmFG3k4q5tAR+0CXFc3z/uL+pda4dLJ83q98tNSQpE7g
8UF5TBp5IIgWK2Juvo01IyAtcvWViQfBhyoE7tzsyZUPL3q+MYhpdh+tssFHe5Ei6ZfKJm5SVX2/BY72YJQJN65Y2lKTkiB3r25mRot6nVC0H4/sarxmmMbsNbuYUvGTyJTu7fZV1EShl32b3IU45nn+z2TRbavg+WGggMaTknyDPxJydo7N+7B64OGlYzzvBElib5o+Ed8E69UuEvkW3GvE6rjQNKYUAFKTG74unizxKwB6DMWVw3qpMuj+GrOsxMCR/xThrm2FfOUDLaf8oznCIVNeagjgDVTl3k56ePnjlENUMsCUos9zwtPr8STExtaxCouWrIZeYKsBVt0tqqOdEQIG69r70LjXeuR52yWeRuuVCHdp0gGv+E6PItN77FIp8sFY7iVAGFDRJ/LuyTPcaeu6JU/bFXwaPq4uJ1H6Wd3DBUzriuK5V/AeRDAb
8UF5TBp5IIgWK2Juvo01IxDSjMTUDiwP5V5K4iQ1ecYGCZbEVhE9bdkId5CCrzM9rHvhYJmHT1kiLWLDo+47SZ+3b/fFNkrQN+iNZoMPn+TO5tLIiroXnzjXlD4ee1o2iWkHrrlvBrBxTCN0fKrIxQY69OkSU21CskMZGwjOEJh7Cxz0sF+0oY0q9N3sdLcQMWalay7AWT5X6CqWvLxD/N7MxjyQ7r0paiie2isPJKgoZPlEuBpKMqybVhH7WzlC2xFKKXW/fonkpKjPjh1fyBbMDwSOgGgcpSqk1FSjorIbcn7XOxD08p47wsvB6Bsmo2Ks0/5J5pspMdKsWClXpQ0fsQNgHJy9xIQBD2Ap1WaGlBK4fIh56kZKX/YHzsEqOeJ2IqtxsDmdmYxVsLVUS7RhMX4vSXsTWNfGVKci4QiP30+zs9vuYv2Q2mLTNZvo
8UF5TBp5IIgWK2Juvo01IwyyIPGZ408M4ITCtKIL+LJ/5QimpqLftYpssjqTkyrS3MBG+pYCOEzh0/ImIvqw20I2hjqp2f1tpKNbZD42nmPrZSkt/LShChuFfrXwXZgSVFzPLvwxN3NJ3Q796yN7ZPkFzTVA0ChaRQXogvPIFPwCSgGbUFBPwo8n2J329ZCpyK+ptNI46Jjkg3yf4iV3uQABglxShxT3ZeCHj5437LXpw9yNWfIzA9IQS2T/awvLlp4z2Gw/GD2mjzpY6XIgJeXod4WRf62/igEfW+NouovkM7hO+JB12L6xXEmxcvxgsMfwf6m9EMy023zmGHwW8gbGcvQiFtF/Wc/RQRp+h+i308/RAfbgSRlWUbGp5imZ3r1YE1YWG93hn3Kxu+prSGcyv/8wjjAJxxtYFokgqmXh6L1+ZfkJa2Hi399kGReo
8UF5TBp5IIgWK2Juvo01I4qqpoj2Fh5lM4M+/4Y9f13h1Suv8eJB8/MiqEbBnx1il0222FksaD/ND2//h47s6zSX/XnYYbSOcBu1suPdevZfLdo8fHHYvS5bjkyh4+JEU8rfc1b+/KFTst0Wa4fIdiAvvjcwtr7gguAPO5tAGBanULVEbYS8cET14JSzLwsSRaNJpTmAp5YSRJ9Qt2Ikau+p3Weme+72jIyVumnTOOkwP9TROq84HM3ERqKpGU0Y9f3A0i9yQJL5JpVGAlp39J0wz+2AYxi3p+FZxdwuEaf4rKvaL8LW/iA+TU1zW83VAgSDJqwsZpd8MQ7ihJ26yEXiE4+hb1LTtoXlcNaR/N7IVgbpC/0WQ8yZjQN4S+a0+amI6ZjjaitL7NG9Ij0sCxk4ELqQeqxlY0EFNhjem9cY62MkvwxsHqrOLu4HMsIP
8UF5TBp5IIgWK2Juvo01I8NR0wyIgE+WJOO0U+ZQRYgWbSa/4aMrSBnpKWgpoG64PPZjK6QJqOLx8CN95qfpjXbFUekYsDJA6KwoAwOVVeq21qSj0rjXmd43DZ0J4j+4XqN0c+Y0hapHVO+fd+d+UAp5ME/3QN7NWL4Db2QGuLSVcILbqXHwzUFamuwhRFRhEWqhwcb3oL5a1qPyZ2X39Y0e6nTOxWfxiiJ01pgs7TQpSuUEXNc7hUdJXqarbIeROYPlUHx2wXRpvLHADf2LUapaLuoqgpsWuvrJiSOpBvoL2ZsFte2gyrQYQfbjRp/o5MIi/S2DIPF9cPoLt88g5pNpDcKCX0ymflMHy1X41qQyGXDuNNEMEGFQQlbSRDhMipQkEb78Sxu1WXwEacySjuoRRDPZXtnK7SQQCAZzNP3uaYGj0Q54AusjymkFdIoD
8UF5TBp5IIgWK2Juvo01I/VBI1604qS3TZZHD9W/abY2n0pweVF0WbFUcRHjGDxhwdMnfaUwaqaCbRpKP5MBXUtuD0DPT2wdUTzMUxfn4MTiy9UhRKddul8Kz/rSbrvfFrxOSur7z+ubI2OMuCZ0R4DbxdmaCUgrb/vjKWzJWG3hCivfUMRhG8kpzNiChuXG+ZCHmm6p0S+PRg0uIdVI1x5sR9zUKAYufpbPlwNF3GgMyEW/pvtF80zUsP4Wzw/Ys7QT8aR/tkK9uT+MGLNvq9A70BG4IA3+jChvcWJDNnJAFOCLsivSl2j977fQ0QvEElPi91AafnjLKu3+gOUjrPTXtlhbDo90T1flnZWK53UjfsFhPva42erdxYufINvoiTqqKaQ1dgpbYtdbDlFNdZAbaIXdzzm6s8T/Jl4DvpVi3cqjBBDSBxD3rsoUsBjo
8UF5TBp5IIgWK2Juvo01IxhM/bNC/URgoAdCovt17imqBVJHHq29k3C4x4SbMo5SuiVGJR8iVwQuuGBgNToxjeITfug0mGktqWgFoJ1WB58/4QelAH2o3oyE0qjbcK1C7Rt4Z5Tn7V8KTcuIdihUVtRuA26VuUBauevPVYlxQ5a4vebe608pwNaNX4p0rhXmTQdSnZabnIb35JdBivbT7M+Kwty/CkFCDAWwQe3rldSzRWWchNYroIy9ZbYtsmQe+HygYwDJt8jqF7fXzpHojoy5KE8sQiyCGRg5pLtixPuMXGGDJhB5zRSuCqY+9XTdkf24I1+9N5MNlW987kaTgBdRx6uZxBu7K1NVbZ8K9VX45WafPGTWRNofD96/euziiauKBajdJYSsVdjj6RVm2dNrXvW1sl8wE4z+VO7MopqHp0HwfsXUP/fbq+o0jNED
8UF5TBp5IIgWK2Juvo01I9y3pXPYKlD1WqkBwTnGWl9Lz/KVDUUG5wRy7ZtB4dXRS5F+PKauO2F/QBUfYitE8qXK+Mq0rLrqWJex6EYoxC7YJQufb3WXXJKKEB8qtkA4DgZF/9hf8IHslb8Bx79KhYB/cB/sVR5JkE0WGRu5tQpVLSIHRlBYzO2fWRUIHOFFZrs8CIGlDgJWyDD6FfOSQ6TvpnXMQT6UhHOSx313MFHCbM0S7PdGdSMu89TM/SZRRf65lin2hsV7sAwEuxjhM0Nh5GQ0z1jHmDNVdVoZCHpFI2AV2njwcYPF3mOGpoNUx280EhAZ36DgSODJPi7pyfxdpLbOSJhFUmioTzCSyh85hILd1BfnBL0aBDKRHLG6sacd8TtZ8zKUllUAfC5GQbMXbG5/5Y+Xg39rA5QKicZ+9DxRPSZch0TQtrMpGuYP
8UF5TBp5IIgWK2Juvo01I+7D/EdI9AX32yptMASYQE/9H/QpjPFb7DtX5lZAp/Rjg1q+pVGtQtHmf6ZbjK4Q68N2lXSJvCgS1mZgJdArz48WH9o3vGHKeDlytLDIORCCDGSuxSacAahFeR85hna0rqoRLENkYVMs15FK3imNFi3APJ0iDOuxhIT6vB8ZkzIUEhlgKnEk8kowD6yJKwS/2cbyv6NGTi3m8hVmLa8mLXdoUqT3OcMnWCqbZmV5JHKSmH1xkH2lEc4RBOmRL/pnQdvgNwhMRZXHGmBdxuH+S4ULc+fGr/5zY0wa7YhpswRbD6ofM4yDX+AhLncIl8GQM+r8bhhSS7cNHguuuGyHYr3asnZD86/0HdMzAPc/pn0eANcZl9BJbBFXNvYFHy//gjMIglFJ8rmYlj35bVbdeMrIb+yO46qCDzaZc6Cs06zZ
8UF5TBp5IIgWK2Juvo01I10vW1FA6YMyNBffxOodljwIIcEyO265fMAdMapwriSwfVHGzZEwX9s4nrMoS2jastj56U9E20KQfH/ElZplsoV3APaHih32YKe5oEOSIl52tb9Fxn3ZDJFDXqjY7IK6er7TcMHVuJLEFknVcrxado8Vgh7mQ+FyGoXcVOWK2BEuA7TDKJdMI2gM8ijbtvWdWDA7UXT7AgfvzfYJoIh8baVo5G+oHzuTD9M/i1HtHKpCFVIO+nn3hmxFDpLHTAP9RxvbCTZ1xfpApuHPkqt4uJXaDGY9kH07jONg5HVczdF50rgWICawzeIbiWwyYpYp/DhyUdTvgCJvG859GrIlUx/0/bJ3ZyF0ztP7kkEhGtNLBA4HU8S7cu/nHGYaSbJX34JtFilk2UJn0/ilhtzmsiySQupwL5rTwYOxZKNRJp5L
8UF5TBp5IIgWK2Juvo01I2RiM75Oe1kEJd19ggjAmEYDFIpjycF2crBeEqrbyb/T0nfN5hY4/LIU6X+jnJz+Wqa9Fc0WkFkL1gFgiHubWpRiUR84LmEjfGzzkmaUQzG3DzvzSZvmWVEaRwjkcFlOpgRwotZbsmX8SuCEFoxwQdSzBJV6y48MQDVrEseFzjvew7+zANfie743r2WqTv6TniTUxqCqP0tbfLKTh827h4FJYyHm696fP2H0ZGFfu/st9LaeVCZ2bDty/EkR5sv2vaAjw4g1eLBx/o1mkW6Clp8M8qR6DvXSNJ8uPAGircg8ZLV3uvC0hHhinaplapyF3IDGrmb1jnDMMuq8hMpgsls7TkxQSFkk78UEj1B5PhKfNp1zXVmaO/0Dq1vE2y5oshbrxWnQtb/E/1IYfOjo1I8CLyJO1aOnGGZ+yY59pg3z
8UF5TBp5IIgWK2Juvo01I59uOGeVq1T4zJq2Q+KhuNvxwVNBP1CwopSp7ztudrNmYcZ6vCqkg+3/bFTRFrKIRD40gCRtsopPunHunP4ksZn85UnlBJ05l+a96dgKllorqmqNSUoPksMdM+nKormb0jVCIrIJ5qlpk674giAdumTIQUeEj6YVQC+0x01n7bq36XspEmhYS62lVo3sMUXLMZfyZ9q4bKhJ8qzqoB8swwPfPXmZ0Si6n4yEctthzlDe8wpHAxjJWS6K8kwpl1lbLDBwJVtM2hfeNo8OCh0UZLnaZz0OsD/PSC2pSkmlYNuSY/Do2u7xyPx3W97+2HY/5zAvD8qdBBn577eHJWfGQWOqjyXNOKti5SVilum1OJIDvex0RmH/64rXAebhEcBypOWeq4h8hReVPXWjK3jb4WeLge6wzC9HxdIrVdp+UKDm
8UF5TBp5IIgWK2Juvo01I526h4w83YEEdVpzVwm540dnWEhUz8rvq/jamd82p2Vcti9gKo2gwpaJqevc4yfksMjiEf8lWQbXLIwu3B3P8jDC0l7OAyDt1nIv9oLHV+r2AJMuGhvmI1KKJKsOuXUAtrWBBBtH9u6U5jD/z3mOqv2kuLMjDBjm8Ud235DBGfAolmuyokeFtpjCaPtVmt6pn6i7L1uYyIV4IcR210RI3zNi0Qh1lSddJHIngngZOFxdm/Pzd0ipeF9Uz4ajGaReEdgbW2FVKyf7dVAYlsl6MaL972TWbli5p57fsmOya8IgaaWrGJw0MHA6TzG/S+ltIG0b3JD/BHlpR1SEpJNbpGlPnK9aKilh2ZLb1bgSvce4Zr+mlLAtOZfOMLo+tFfksfTbQKL34OvE1aqe2mNgkBnyMhlSurZKLMAc/+EeKNl/
8UF5TBp5IIgWK2Juvo01I5Hr/d7m31I4j/b86Yr1aF/s0cueNtFIyzZ81UqmPZnU4pFc3NAj4s9pauL1HWsabPJhi7Ja/qAAPMvX9ZWmeJrd1znxF0eD9mtBHCEmBeBeGpSaegowFUtLrd0FFCN6G9l4sLU9vGpEJzbS5N5py/YswDGy295YLQlYPvAaxK/0JPsoXWnk2B63XIt46OsgaQotihcG8UO1svB509AUtm4SL2OxYn2avsYWeuQMEgN1ur2ijKS4zCfV16NXFF1jZ7XNJvbgV9x4iiHBCuKaJgbZfrtv+O+RNEK0/lYW3YI3KiyW6ypbMVBtFe2r5LGZzzYG9xqdWviRqXLB9D1xFgf/PJFfCGeLa4latO8nrd4zTUqoZvBm1t0Ni4L/yTTWs7SfeoFfA3TXEo2/k9k0aNqxiSTY2AZcqX5Vg9SMn4I8
8UF5TBp5IIgWK2Juvo01I79XwQAfgLGA7d/wmtsgV/YfR/qe76dfCquTHgMB1DY2dCo9Aj3raoidOa4TMQuW8zTd7lWSUK01jBORzckryo+R7dvp7hv7WEZO973dtJhVpZszO3pZQEl66MXtgG1AP95+TGFPwhz9pHEuEYxcOI3Epg3GrrPGx+vCWPr5cAhD2MrXUYf2uFiDDDU2HRAuuWmOxNBCfipySzpdUAFm75VJ5I/dc9wNSJ5Ijl59Q1jjqKBbOVtzDSEKBqXIScuDQcvw2MA8w5sInW1T/czhvf/RLUJviaN++IwRGC7EAhF+ro1V/GPOTz10HRmFyCVewbPMuEwDa8tosmB+wtoEIgEsC/2OAj4KEup53E6ZZ9ug2WmMJ9kTsNQypMbD+ZZ5OadCZ3UtFMOG9piM88zeKwnNIK1pSLsFl4dL/vwvqXOW
8UF5TBp5IIgWK2Juvo01I7hz2lDt+btytHUliw4PJQr9xUGw+EYwuFbCOb+tN3LnHHPrmLN3Cd0JtAeI6yfxwykSIa+fawsM2iCkWIdlY+slQfUI/VF+z9c3LLAb9QeyJbTD3smOKFdqEnEWco8iIcEnQadP7Hd4bB2yBGwf5g3rph8I85d4sDKfjFG3E3T7ciiL8uUcpzc93VZUZUC3SlMSfo7cCjo70HkLk+ZnvU/lZcv9vN/x1CbP98P1vJD2ynhoG4UUprd+kbAJUNTuCA5JcdMieyvIPEvvzOqZYGdxhaINbFe+8QT0wCjqluSRXaSVqrwsnpbeTh/vTI9BNx96Ws5HWJ0Rg3oIwI7wzbFRXaWOF0bHHoQtP0sHP7PgRaNYbEQpo7c/2UIjkX5IO3YNOyNPi1gHCbC8pJcN0wa8VErWLVJrjoV/+k2sgdwZ
8UF5TBp5IIgWK2Juvo01I/5JPQKb8E65jlIPTk2VgCISd+1vGYMhC8IvnZtXG9Z5HbAfC1EdXsSwILm+YMeOa3XmjIMiSSvhChcXNYXTFQjfGJsyn0cTdlJQbi4hclAkr9ImTAZW+fxoOCh4tGQ2Q69TpytTbGDEzRbT1Z4UPrB00mFREZEk06YfV/RaH92kAR7rZirTfBPYB4sTb3f/OTbg6GYAnyqsa/wNyhAKrNjMMYTGr/zht+AXG27z10c4ZyMKbhP/XIfYuATrTFJO3qOQn6SxfS9Zj86mrvGogcw199XjKKbMO3gc6Zi71tU5H1F2eZr9W7o74yaCbZqg0hTt23C3qtfJMXs4Sj9K9rHEb8aEH88nHRv2ZG9Mvb5Le3aMvzlgdSu+oK5bieGLcM4X9LLkrYwtIIpehMVftdjcNjFD4UqHJbDl2P8URWYw
8UF5TBp5IIgWK2Juvo01I0lq2/2s6QGzBwvXjP8X1t7zdJLhR4l51OUIsR1+PmD+lUzOewLgjeo1cHPOj6gHRWGAdHWMf25b4fy7Q/GJ1uLiJ+BTUxucrYFegYMDT4TRaKGa+RJt74OgujWu/28bo6vSAMd4ABNuHhfQsyr5LLf9WiNdlkjPNaSQNbuSDzohuRO7gg24Gy+09mRi6N7FlotQskGF0hrUlUlrsTQG2DmU16dT9D0koCeqByJOZgwmoupgF6EagXj7Vy51NbwTQEVHWGO63t0aZNAo5PoiT25g4L+SgPH6pKeNLy7rCN7lmauCIn0b/n2UnUtP3vjiHAGrY77vNAo6t6h9k364++H7WuJOwQR0b8Q/rDU69ijp3rZTd3b4fsyWcc2JGgBiEJ7wHfjJiTmAqWJi2Vxpo267q9zpCYfmMwB9w0tbxILT
8UF5TBp5IIgWK2Juvo01I039QnoL5ORSCY6qiBX6QFQAHXwXzk2PSXGSt0taOiUnoL8CU22HCKBaR7C572lfdQddG/mv7NjJQmjH/zbAQtJiDwPedynl6bXLYCC7HhCbbv5rjQrtA9EvEXIBhcO7G/5IcfXmp3uWo2sDIOCt0SfzKEBz8QFgp24VrGjFEZNJBJyu6rfDUrv7e6Jf5Rclv/NSEtMpT59KoJd9EvbbRvj8ezXs31elYt+HxHr9K0UQSX2xOkPmBWkH3AxxU4MylPVeSMs8wwz0iSkLAKUwrbMPtGnnvmfbBESwJaqvF79AQSRmzmvFixLo/+iv0YbBTIfv4tEzKvzZftCeXvxhPX28TZ9BVQ3hIiFJ0N0tiP1aw8kaIytBIcCPmqtD2kGHYEYXW7FR1uMw880P/iC8o/x3aG1n4+1ygUZqrQf1l17Z
8UF5TBp5IIgWK2Juvo01I58BW4goeH7KPnBkYeZklllsXOrxOzT0ekHktotCn1hiOCm+XS9qJKiBgE5vl0NfdozDpzKDtt6QBnmPNJ8c0fE9lFQ3h4RWUqy1pYRFpzlz8u7sQBT+pLJVaOOC9rGePTHguwjuJUY1K8ekZ6rim7+EWCUbXXIykuu507Sntetn3kO/d6yNfQQFOtBY2uXwpUbjJF1E0kDa8xFFWEd7dXCW1PUPfsqZ9hE6asQUA9KQ1LJAn2Cddg5qT/gg53bSlYvUQC3gLv/liFCIq6yXdEP+mlBSaKsR9sK3PamTxCVw52aEcoGYQYPfu0EpRzyp7QfZYkSpy3PHgsqY818X95ZAXL9MC3CbUqd3qdXrmSYXHb8Ay7j12w1yXZ8bZLsurOnPv8e38/FRq4EobHmfldsQhLZ72BTSc5pUUYxhZK4H
EUeD79qBlxe9nqDLxGVBNBY0Y6gPJqGDkyrse2vmQE1o3Y+2hdD5DkRfPgz2W/8Ni36wZ9aQb5YhxjVM+dAVhxZSHjYHJwDPHdRO3+4PKXm9o+0cDrRHcp7jjiS7n0jC
EUeD79qBlxe9nqDLxGVBNKhc6/fVNSJN3HrPn0Rycaybn9m3Fy1VfGQviqGd/kEw1I+4RShWKKMHYYd4Q4xpnI7ZFHmpDnVV5oUPMj8mvGECL5g+lbknM1FEi8BCxFRR
8UF5TBp5IIgWK2Juvo01I1rzBFOhtbHdUwq+eXN4pxAG54heAC3i9m4GPZqKgNulgZCVwT3NZJQovtV+KB1XOS+sbJB6n1TJB5lIiDzC1VUk+U6TpHgtZBjWFRaNzrwk5ujnSVuFyIzRLu9o+Ht3cQ==
EUeD79qBlxe9nqDLxGVBNLsyNH+is0F8Hj5BT9Ed6p/iS/l0CC5VHQao3SzohJrnxBNFSwfmIQeZlvpBcvGaNv7oiY0kS9wfoPvYLt+pQRq0KRWhVKZ5bT5R7l8BBZip
EUeD79qBlxe9nqDLxGVBNExBt4XaE2BpPWDCqzfqbAtCtUOdA0trS8R8dfnCOi02MCiicg2ZSfe+TTBbDkb0TeJwAlGD1TaY4Fd9n5yocK8SlOGty6dzxccljRrQHwLN
EUeD79qBlxe9nqDLxGVBNExBt4XaE2BpPWDCqzfqbAtCtUOdA0trS8R8dfnCOi023+l4yayRBLjkyOXK/wmULz74hhrcSiE1c+CHz/Nf3NDHUuJ0I7fB9mS6C1P/j+iGIflZkqfX+s3GF5NNKimCAA==
EUeD79qBlxe9nqDLxGVBNORNQgAfMVUGRZRM7sM4ybp5O+oay412yF7ZQhMelSmLnAfxQVAZ9LNlWNtySIwn520v2fGTciVDDIKUVryXQEwKxNaKdq1WXEI29Pl8e9oT
EUeD79qBlxe9nqDLxGVBNGJEhYbIkeN8/o6n0yH27fKiUL4MeieSQyo35RCZbCzCsF2BJQsBOeT7hORN1vZO53LUerq2W0nnMk/6cejdQnCyU3deFK9rHQW/8iF9XIrZ
8UF5TBp5IIgWK2Juvo01I+lS952qjI/ZN7ObanCR2C6DdpZigmzVzrtbUo6iIAInJfJxMFG8HdBIwtg7slp7gwk50eNQ4PJRBMABx/2a6L4SKiU8ygkuALORmMX4GgJMX6rqZMlfZnEyXgQBQ9V+wA==
EUeD79qBlxe9nqDLxGVBNAuTYzizofcBa0+j4v/a7yceimqyJ/PzUDvU8adVvbyCb8W84/V246ywlnESvuo7iSeW/OLOKNiVZEWmMMAtJBk=
EUeD79qBlxe9nqDLxGVBNAPs2hjaEyNqx3cAJvOyNNh3oDphjyqLuVUYdAr93P4smuoiIaai1Abs5yiUxTQQKKU/P3z9TR6EvuxRkP90q4s5QccZXKbGXmhh4jHq4RwfgSmwqdQw2tX9PahYvwSur0KaR2RAzfZXcCSPHaFOZnI=
8UF5TBp5IIgWK2Juvo01I59OkM4EeU8tldsdajdePdpwHZ8dnL/NSlKQsHwKrJTWo0XqT8isprSLu/ImFBwrqCA/+pSI8E5d8CxNI2xi3AA=
EUeD79qBlxe9nqDLxGVBNDujM02Vs9VqmYwbhHiNay8MftJ/EqHW4J7jkl5h+mZJTnP3AKzD/93Rh9zIXOkKPmojjCGF4yLqPUf6ipvKq8g=
EUeD79qBlxe9nqDLxGVBNJJ5xrgHM/O55FIL/Ckv9Kx48njPWS2lFR+fkNIS9X5o9HWoSC0uhHiwr71KLjSDMeGL4MBMyVlivSZw9oNUJrc=
EUeD79qBlxe9nqDLxGVBNDVLAwFo/A0LZhzXMH1jXKbNMiJUfjFWi3u65IbkXiL2xealM3Ca6TR8NRiNGC263kKjpa7HFEWULQ0vtGFMNDo+mJsBbIYVzP/Re8cQkvk+
EUeD79qBlxe9nqDLxGVBNKTRUj+XJGwOGg2wbN87xH9MWozM6yvDZTAZyxqHGDskhcA2dzqc7+BFmQY3WPrrxjra9T/JlIIgkxMwgdY3wabzEJfSYhcxxzvmACOg8zRL
EUeD79qBlxe9nqDLxGVBNNPl1asA6wQjG4uRrDxho+nNYqIBiIKKlI++gif0Nsi5NSGCffxviiBxSUTe/ZnRx0GxkqLwhZ9u4pLM8afLpdJckMybh2wFmmPlQiE8RlIS
EUeD79qBlxe9nqDLxGVBNP5ArQZlYW7CYczZRYKBGlpWycNzE7/cHCQ5iVsDgOmWf4F4DpF2ubUQuFgu14ZtENDtqYGI83WTHcjf7xI8L3g=
EUeD79qBlxe9nqDLxGVBNKhQa2qaVVIaevXE/JQ36DPe/3HZ0sPdTKfaE/S6vZp2FXDGV27/JfP4KI2AakBxt8KpoBYcU4Nu1uklqifKkT+HDoBy4zmavwaZbftrZOudCKsNTCIuhJlAxezJGj6Cnm/V8NAtp7D+Dc5m4Zqz3lk=
EUeD79qBlxe9nqDLxGVBNCwjX46BUSj/ae1I0eyFO0inuhZ3CEhBh1x9QZrybPag9DSB0Ivy553q1RN7TiNyoGBbIVXVuN7+3VPCHnC4v5NXdNKQ55vCw0LEhr+Y8bQj
EUeD79qBlxe9nqDLxGVBNCwjX46BUSj/ae1I0eyFO0inuhZ3CEhBh1x9QZrybPag9DSB0Ivy553q1RN7TiNyoGBbIVXVuN7+3VPCHnC4v5NXdNKQ55vCw0LEhr+Y8bQj
EUeD79qBlxe9nqDLxGVBNBj+iIFYaf+kmjxVprCaq2wDzcsOjAyxL0O8seCADr2DirEARErYjxpoOUcBE9msbxXX7NqiZ2br7FZFI0FZDWZcDIz/Qlts0O6lSdHfbR/E
EUeD79qBlxe9nqDLxGVBNExnPgz965Q5bP8C2snZI3n+ugHLZ0jMvASmJTqh7cGSGzwYtcfLBA7F9t7hHD5QU9kViX4FnOo+y97/BtOUwyA=
EUeD79qBlxe9nqDLxGVBNLLW57cvI9Am1tcvr1F5h5xJ/EOSoyREUGur809y72VJPZdSYI9QfMy0CMM+FLvHftbYYOzN3MKWfXnNkGKxZS/XZ2+C1e4ZH1VzvxFu5G/dz5UUrJyDekr0J/ftFqJshl/zK5Ct5ealBr0boUFlcuA=
EUeD79qBlxe9nqDLxGVBNFjMBghWx0HFHgPfvdOfvTRuZ3EjwavnStf3s9MoqnrDH4dsqTlp+F5gvjxb+YKgiOTWptIwtQJDjP2TZ8uY7VHvd4fIZSx/SiWKtHqjXC+k
EUeD79qBlxe9nqDLxGVBNFjMBghWx0HFHgPfvdOfvTRuZ3EjwavnStf3s9MoqnrDH4dsqTlp+F5gvjxb+YKgiOTWptIwtQJDjP2TZ8uY7VHvd4fIZSx/SiWKtHqjXC+k
EUeD79qBlxe9nqDLxGVBNPo6oFrlS+mu/1QDstQ4A+zETeeCQVSYPbkgvN/XTV+SdDDxEaLvH2KortFboA4GCuZs5hD5UtRtliAD6MK1Gy6llBVNayYhsgc9dcuH6uxf
EUeD79qBlxe9nqDLxGVBNPo6oFrlS+mu/1QDstQ4A+zETeeCQVSYPbkgvN/XTV+S1Tv6TfI//3bqRY6qARHS+prXpYMFPLRskwx/KC/+rO/avYqSr519S7QNx8c3lQf3
8UF5TBp5IIgWK2Juvo01I8C3i7XHa/VYc/Gx4x9NhP1+U2CcwHOq8lyX/wyLKpbfpPpsoAbCQMYWVOECys5oqEjqK2vtr2eUwns1h9UZEGFH4FpNK8iMkjod7nsUcj2rIK4quYRg7flu7YyqjDXVNg==
2UZHKgo0kr9WFNr+mNTz8E/Fd5h7LSlzuaHs+FDwv03SVJ+Z15PnQ6uUhUEF6XyZClfR4wgmZgm2BDGrqQxswR1tpFeGN87jPFn2NuknY5AGG5Qe8cLem39GtFtlbuXG
2UZHKgo0kr9WFNr+mNTz8NGiyiTJQSNuxMWf5xwcs5OGwjhypDCPfMguxP0VmdHSobx4N4IjQpf4j5w0WOI6pWBmSP4CFY+AAbOfKPgZPDijpedgB0cEbnj+4J/ZO2MG
2UZHKgo0kr9WFNr+mNTz8NGiyiTJQSNuxMWf5xwcs5OGwjhypDCPfMguxP0VmdHSkBaKey+omrs6CODiBE7Gu0J2UitVMMtufCZDjEtMXUpbwsjNdjZvIsorzC0tNrfmckzDAM8m6+TYC+eOfZUhUA==
2UZHKgo0kr9WFNr+mNTz8MB5olsUWDT5fAASkm1GRR4O6rklwdMoBYnkWrLuMH+7zbU5NfywCNK6BHd7+7xpVym7mf3nDx4b6UvznCmmOEu7VwygQggyiyClk2P2DdrC
2UZHKgo0kr9WFNr+mNTz8Pe8Pk1UldiWGG3YazFcjPd+AlY4VqF6OArBhGKC6FAmWCLCS3HZNcNij5snJQAuNqrSz/J8so46BgHE2t3RrNaFrgordv3/vny4odMH9+yY
7d85xWLVVdXSHCyhSsOJW4T2rR/Ca7KIXBtmSAMdSUrvxMl+ONSee984ft/iv1z8z8G25+r3mWr3v5GY/t0keHgb35/xlqgzNW2QwS7pqoIWhAqKiYQc6IjDhCH3+kzwxjwTFmvQpoDy3LCCFwPi3g==
7d85xWLVVdXSHCyhSsOJWzYiYP4l4/anEwlb6k5UPXyn+Z5r9ydtyLjyHdBmJBkpa0frTlPLfmjD623RV7gct6b0EZ6pSaOFbm5znKqku2k=
2UZHKgo0kr9WFNr+mNTz8Kb+D2T4KLiWVBAeVUosSquKHMQds1RkZ1MP54iFY1xHcbwgSSbLNQOkKaZztGOvm5zY/TpwkDNEWctq1GEwwRM=
2UZHKgo0kr9WFNr+mNTz8HUAHgxEMP92+BujRitFckELzQz67wSY7D0I60OUcqhrJbhehobCM5r7/soTl3etzMhrC8F1ZMpbvI5yEdPXgmk=
2UZHKgo0kr9WFNr+mNTz8CYc7roDSNMSSY/8Nv6dj4E4qTrVMTwN0C5LEXLqzYipT8HvofOyHiRzOkyU6v4mm9KPd3Ws5+bMVIjgBPXtT9k4Z875nyzbmAS7JKf5Qo9vhvFZFd4x77gAY/wzsSTnBHPrZ3zy6QEOsE2/8ObMrsA=
2UZHKgo0kr9WFNr+mNTz8FjIYp6XpwUFWf3krbrSEstvnSRVNDilLBXe+aFx1+FrVp2J0XPrXFk2t0dfD+pZ8GuH9+FOBl0DKNF4lnrvBho=
7d85xWLVVdXSHCyhSsOJWxwNYpSxeBxt9i12tS3dbvLjsoDc00UQgLIsKB8vlRcIc5PxqYwYbELTOMbsU55pjsOH4QS8HabsEPKRYW3n9UeENI5Q9RQqLNSGGyG44QhWZyyN6fQ13Vr3tZKk4sfWzw==
2UZHKgo0kr9WFNr+mNTz8IRBb55s9kV8vpt+DRwWEiDbff5ZUfKz+x9Kayk+c9TZa+4XGZv/diNBKlPPe3hIQA3QRs7+HEvtor9lc7LiPPqin89nKArsCDwGvg11AFOl
2UZHKgo0kr9WFNr+mNTz8Gg+5lOKmcIfUeVtr7gpEeudB/VAzWW5HMsGYGRuiWrQr0FHZMsNflPGYPEFPboOhZ1V4hiQLAoEO0TmdZdYTN0fZoswwwCt43bCiSlcyGug
2UZHKgo0kr9WFNr+mNTz8OwVViZNG0K3rCkv91ABTlfx+cVeFivpX9Yx/r3xfN83DvJUepXashMLNdUuU0UlsOWAFD2bfayFPLXpFmf8bsZt2zVbVhoCVOcag9yywb1a
2UZHKgo0kr9WFNr+mNTz8AdCv2AGUXXAkh1IxWLEtXlS0xzWab3qYyqnDVXPgO2M2SnqCCqAVCrOnlxqkuTN6H6FqulMK5UkzT6+l8Xi4bhNqV4Rel3bCk/0iJQzekyV
2UZHKgo0kr9WFNr+mNTz8PWvLQPH4sEoc8i43ozs1mGFZk1urhEoSw24oFmX4fEZfvaQ9qlhilAfDAfLh2/tSAPecXzTE5HlqiQoMkWVRz9ycN3GMSfennMgJAs4Bbq/
2UZHKgo0kr9WFNr+mNTz8PcsjsRX3yA16qShrVIjV1WbSwiUQUrMGSXr2imKfs7+AwKuaAjDh2pWl28DLW7+ShHglsAbVhqOuR2rsnMfmi4zBkxKAk8HSQqKm4ZR9X/0
2UZHKgo0kr9WFNr+mNTz8PcsjsRX3yA16qShrVIjV1WbSwiUQUrMGSXr2imKfs7+yHUSppogLxU3JlS9bdQmeWGXZ5xwjDsPZGJBTm+zsAqGAMJQjaGCQzGgnrq/YNN9r2nmoN/z9pSPGQbeTAYDpA==
2UZHKgo0kr9WFNr+mNTz8DsyHo+NO5lB+YqmTgF6PigfG8czUx/AgO5Uh0hvekKh+/+1si2aqwUCnjBivOp33FdKiyubNhx4WIWJAv7K83QN+JjJHnAvcnei4Yjq0/aX
2UZHKgo0kr9WFNr+mNTz8Bzj64ixP6Oe0SzSQxFzYoENEsG01Yth81N8V2dDf0mxR8444+14ErELfnXRZgEe8h4jnYnCdMEKBz62Cw8vDZTLjutDoqKkHYEZM+vGqKZf
7d85xWLVVdXSHCyhSsOJWyDHavWcBUc+KA9NfiBwZ/bNHmwa9KElIFid68sn+Gbrn0kD/+I3B6ti+48blu3A+0qrDowxBaXEC6YhM9Q8x+VINcVCRlWH8Di8iWtcKg9o0+g+LnA5C9Su9hk1HlVZ5g==
2UZHKgo0kr9WFNr+mNTz8GI8ruYqd7D4Q1ODwoGm3GOmvu7hJhfT80hIVRlYhBE8cJ22HzpVysn6AzZBxza/b6zpJD+Ph8viV/o2x86j3WEXcKqGyWU85Bd6/XDtZYI7f0blkThhf/SDyJMe1wqTDOQ50VVjz29euF2iq6f/Qt4=
2UZHKgo0kr9WFNr+mNTz8JJnJ/3d8umRH4rShVJskltPqsfEUDBMEi4Xyxns28ey/3utU2xmZuzZlk//04BBbs6JQZafqTNKCj0z0b7eVtY=
7d85xWLVVdXSHCyhSsOJW+cUa/e/1ksFQKJbIV4k9THWujDbD3ZKqM2AlwtVkMIM9AkCF8gJmWTXfuP6XNZsc5YU36wXUdu8zBUTB6KwwLg=
2UZHKgo0kr9WFNr+mNTz8MeXRUuWL6ItMNtVKl+I3SdyKeGulCr0qM77+ejrF1XP3yFlOKDnmlMkq9gjVcV4MoT4963EfX+1uxGm+4AvE2k=
2UZHKgo0kr9WFNr+mNTz8MeXRUuWL6ItMNtVKl+I3SdyKeGulCr0qM77+ejrF1XP15Q6wkgUD35FhkZ2DF7+LJFnFoKlAdOG5bRmuFWce8A=
2UZHKgo0kr9WFNr+mNTz8KfzAmul2QfzvWZlntaWkY9Q9q5erVlRfd1yhYw5lJ2CMwoO1ECtW4gIPiAmqqHlPO8VcT40scPuj+aY1Kxw9eleWl/H4uuDMh8d0iK8TN0R
2UZHKgo0kr9WFNr+mNTz8A7UxjGmv9/AcDK68loD1HJILiHg7aVtcVySCm2AvPdkCz91Q06oOcMROnhP1XniEyzCYxLEy31ZANfClizqywbYZ4dNB8a2CehBkrBm3QU3
2UZHKgo0kr9WFNr+mNTz8IElzgX6pfR1FicUPTTiRGEmKPakkDksdUDTu35XVjdWz699N7asP4WEcYFwsiKz8aTHrAmHiXdGp1Ng4AJJ4hjLjg2mOHUEmAFn4wz7NZEi
2UZHKgo0kr9WFNr+mNTz8MaWjlTLd/gF9vaK421IjKAx1LtWW9XQFMTquI/CKKtlAjyfUwy9JvLzIMhyg3InD1+ZXqfauBCrcgjJ9DZhrXJTTUqo0LjbYX8kPeFPr3TxCcbjGMMxHlk9r20iw5AWjxPO0jVxQrnYPdZiifb/8g8=
2UZHKgo0kr9WFNr+mNTz8Pr0+TxxK1/FcJBgaYWlVzWOKPsz2Wxj8EEHob6KTzYZilxM7fcQFrMmZ6tLzizvrYICZID26vK626aC0KYyDtA=
2UZHKgo0kr9WFNr+mNTz8Gte5M+C7c5lSuKYD3ojgHyuqRgwKSPxPZ0b4envllg1y2VsAqwpMUQ7XtnncK+saNenqqRyceQnxH8p0ABecp/KIusZxSH3p180ve+P95PO
2UZHKgo0kr9WFNr+mNTz8MbvxF0The+XTvde+tdEKM9S2v5svcUrI6mdveY6n32UgxoqwDQwtRK+RVEvKMQY/1FYWUdXHf3KFuoEkz+zhBbyRRkBwAI4tcoPTLN890eP
xQgViaxkV5iscNH5b40RGvtTRha9H6WgElBM4cytJhc5TaBCB8MP7z14hQgKef3RFEHSj/cgihb+bG3q91rv/x2mFuthaY9VgYx5WRb69dclDkiwDiMK2aUPMuBxlgwD
xQgViaxkV5iscNH5b40RGl15fGNAg7v8fN3Oi5hePZjKAv0lkx5RsmEe9YDEz30KOeAdCFXTs38L/JNhIQVc3LaGPaFGT+Q5VDluNp3mZ0s=
xQgViaxkV5iscNH5b40RGg54LdOp4RXIepnegdDaY0fT25qSflYHflJuKNvyjjRdnucOvYd7sbk522PDSqjqMya+LixlDzUbPbWaSOqNZxbvH6l/YqGujhKYMLp94eSt02D8WthyuwkrJh06QqZMEJU4JKlp8JbfU0lTj+QoSU4=
xQgViaxkV5iscNH5b40RGkF4BVTPoZ2cGcYseC/kqgTKyRNwXZgRiKB4GlxVJtQ3EYR+i1kHf8Eaw0WFw9q9Iiz838M1bAaGJLf7ZXqd6MjSpHkayjp7qkYYsB8Z+cGB
xQgViaxkV5iscNH5b40RGsN/ooSxvPxtJ8webq6UmOqyETcDuUzyEpD6UuAABe5/Zbi080GC0KOzyDKjfUbqIAaC5haUIOCwclW7HwHtU4Zwn04xFT4d/oCcBZWMGc6J
xQgViaxkV5iscNH5b40RGozq8WpMUtlnkJC72y9dc8S+rV1R/GTjlIhriwYV0HyGnGdTyGx1OILOV7y9idXD7A==
xQgViaxkV5iscNH5b40RGg+UwR/HcLVYrOEY8jvHGovURq/2QTpP5pLAAFAiq4bAvnVE0H9WZ/kZ3JBmblmanOycnaGB9ZkWejEzIshMrA9JqecvP0ubWgHZhgMMSUOO2vx67RgtaHX3A5swIrl2Q8I7bZsueezTHrvZa3Oj4D4=
xQgViaxkV5iscNH5b40RGnnEky39J69j0AwMRBzF3bgUXoVeADJZUdIyIzoWHv5l/r4soxz/nWACoW1Wda6+aCLkxlCHTqEfH6LRcjjJE0MsfbZvhOr8wbKyhbUbLoYc
xQgViaxkV5iscNH5b40RGmLJDHDLpwHXRuBmd4BXTn3WyC1gxu0yKD/rk7BoUYUKOanFJUPWD2dSoP3M8zuUTaYfZe+NJT4fEs+GSJ/tAPvdvNT2v+MnY7apgyFaE5CKeEuU+ry98KsTpqp2DMsaEPYA7CxG6TF6njw5Ai530UOcL/X/uiqqMXGJj+FMHzQA
xQgViaxkV5iscNH5b40RGnSiASseOCn/Cu1f+62FkuiJSVhf6vy9QDjyZsU0/wCoinJ5h1xZXgXW0oA3K/ZFmo8lP9jeCPVx+Lq6YRf7OLkBvdVYwaP9qTGxOOv2Rqqn
xQgViaxkV5iscNH5b40RGnSiASseOCn/Cu1f+62FkuiJSVhf6vy9QDjyZsU0/wCoxkjnZapTtIByvy5MZhZ8W1yTpdKEevQ/JPHeutk1tCFZs7CtWK6eMbJTaoCxG7Ky
2dvJKA/+GfyVrHBnT3z8jKmEF991DGZ03GfDKKsYo7kXy97G43v1FC+b7DI35O2J87h+PG8WjmdfBYxD3ADjvH8UHIAj5fZXb9xX36E1zqllrLo5Ban3qu41XH1G+Kbm8uRO4QNnBXlVqhYybGz67A==
xQgViaxkV5iscNH5b40RGrkKT/LsZUYmIwNo5ATBfjxRMNF88eNP585bJsx5HO7+r+mA2MPsLHuZRNjyk9/94BgwfbCo4ZvtXj+sogshNk35aNSHRgMZpm3aYdrhT/U9YPqIPiCKeumzDeM9MbkvpAfvpy1umkcEVjxHTP+h7t4=
xQgViaxkV5iscNH5b40RGohWoBrs2j7h9oEvJ94TMeSdj8bi6Et/qxhAku1rmCUP8gUcg1ykcUt1NOisvEWgV2lCjyS1k5me4ZJl0TKi27sEYBqDH0vHzQMT1xtCLYeKziSE+8l2QYRl0hU3UQeIDOBIpq+JsbD2X2sbcTegl4w=
2dvJKA/+GfyVrHBnT3z8jPZstpItz+UsIq2rZ99X0pZZu5EGGrXZtkJE1RLPHR+/bJ1llF2JncBk4YN3kM4GSswILYoNN9vSNrVmzpPtkbAMHm3H8/xaeBvF78+a4kfTTtrcdLsesGTnAt3rO/g6UQ==
xQgViaxkV5iscNH5b40RGgOnUju8IO4HHWZHX5Mur2i9v56UF96BQgXnsDvFxBDXXzqBbEnRSW3UJZKj8WqaLoQLIeJ74rxluCNtDG72WxvKm8R4nbClu652W3Jq4+9t
xQgViaxkV5iscNH5b40RGq6j4XL6IrqG1DdWVbzVsnuvOAHgzXw/8p/1kEwzmvvpc2t9JRVOexM7n3dI0btu3yDSDST6O1m62QiEvRwvHP0dvk0fEzvHvqJ1oK/TmuQB
xQgViaxkV5iscNH5b40RGq6j4XL6IrqG1DdWVbzVsnuvOAHgzXw/8p/1kEwzmvvpgb/1Fmu64FEZMvktrDbkc9O1q18KX+erpsIR66unbUmGWPFKMwqhd3x22MO9sbX2
xQgViaxkV5iscNH5b40RGpvkVTJ6ljrN5zSvNjbqxEr6je/rWOriK1TwfHl86Jwm4g0od2glLp+JQWYDlkccOQpvHYHwfTsZYN6y11y9JnBQgAtRMbQWKPWbBSnsf6Dw
2dvJKA/+GfyVrHBnT3z8jDGZMPykRTRRLa2my9edt+SBEyy59Xd/m3perRbNQ+uEAXekG9v/3wFD3i7HEB2ZLnkB7+EJ8zqO9JKM8wda5jp6cwOljIAUytejcWbtEkdg+f6krDOBgrs3md/Kmx+x8A==
xQgViaxkV5iscNH5b40RGp7I31SyL6CrYEb5WOUM0ggvqf8frgY9VxscAhAVHyLwKFr3lVfKXJw2dTLmOc/X+IoFaIghEk37kSH0Mtfpa762fg4eRM3Xm6Ffyjn9252KOLslR814QLWIC6s5bQBeZH0nW2ufvRvGJXDEo01o0fg=
xQgViaxkV5iscNH5b40RGqd6T71ox/4cK66r47LC7rw0RfmMPOsAV6V5hnmepqT6oiOCNXOIOqfzqHPuNIiCj5ivCVoRVHDmnTwiY53aChArwxk1xJY78ukUb9NtlsG2jMRR8l8lH0GAdlcvWVSzizyo9z+DdDlQwSb1PXlKS4a+GiHcmiBDrjz8/zT8GbWz
xQgViaxkV5iscNH5b40RGvq1s1zeDGtdws2x4uuMklo1PIo/XCrrB99bh3RYpKGwfctSLk6VW0ITPIhgGtGNxnIzXiwPxmI8fbU5KyXVopsHFmchddlXcyIIfkVG2KYj
xQgViaxkV5iscNH5b40RGkdn5M8oYJCuregFXT7mb/o5WjaIvZhXG8HvxQo7DUveCoVg7Vk/2RlMOE1iGc/XgSshpe9RDN85W7iEmrSbQhdH4iNIkxuhWy2EfSVs5pmqcEfmu++A8ROoucsLyZ+Shw==
xQgViaxkV5iscNH5b40RGnD7wOQv3BUC9zBU4fNqR3AZANO6Z8ZsCjo5BeEnd6O3rwTxi2F/kPg9scOp6Cyw9TQZ4JSUT9L26f/O8SI4vAMcIfIYRRUpUfxYcaDtFmW3jtQf1hq4yT2ivC5wkMSjUTzxBz3SjLvd0NRIXzAp72S9+JpKcWhm0yenR66P8ctl
2dvJKA/+GfyVrHBnT3z8jJUI1/v6WfOZdKTuntWXJKE2ZMeVw64BeUzUabpFbNlLPk/yUNg+GkaVZi0xkVZu4JWfyp64XUimKRd/xEuLNy/SHoudq/HiC9OK/w13e+rSUK8iwb/GN9lecF2RN7js5A==
xQgViaxkV5iscNH5b40RGk8OqpikBtmP3v0W7UVa6B51FZA77kPOEfMcysnvVRCWBTONxOAHHdSs6MkisDQV6ii5SjS491wnj/Sz0ff+XSs=
2dvJKA/+GfyVrHBnT3z8jAJA74Ly2HrYq+UZjicD/M+l39nimE6CwF09glo8MVuhhmdS7BLyYXCIbK/IJ2ZdWj9tzeDnPjk0iQoCM7coU94=
xQgViaxkV5iscNH5b40RGu4e2EJVIz6TQcM9qewqT4f5hKX+zk1uZRdlb5+HGe+QYqxBFhGTFRwUazRNwkd7neDiycmeSsZ+2Pk7kGIVFY8=
xQgViaxkV5iscNH5b40RGsO7hesJJAyKtIYP63HYEHU8OnoiGMXCidTONoBqZOvuMizTjc+Stms9aE8+7gGzUMQ0xrbTcU2ywJmSiZNQDtM=
xQgViaxkV5iscNH5b40RGsO7hesJJAyKtIYP63HYEHU8OnoiGMXCidTONoBqZOvuiZYcD8RAoJ8/ShVyZra5utwWlJXAakMboXZkIMi9C8o=
xQgViaxkV5iscNH5b40RGtIRMCF2BRHRaYck8KPSNIqxjgCLvsybCFU+kpiNhKv856IkpuA5SnhmTVnShX6SAUOf5LR9vVFmXoNW22yZGPjt+cOn8C0hBWgH6N52MKkJ
xQgViaxkV5iscNH5b40RGvHzi/+IVEgoli9mmBlA9wh2u265l4K2T8wgKVebhh06n1Ja8AK00VDGwTbLe6ICTxgKwkyBsiinJ+kPQhgULO9KKIhXxOZMr470POJmKvk5
xQgViaxkV5iscNH5b40RGkQyjEUn2QAq3L/1ESM/YqogA65+vC6UoPK/jEfym+xDp9te84Njx4UMVjXKqe6baN67PiufmODLp7j7vR140Gg9D0GzV8rfStfyQ4koCfJFv2modGDMfe2s5w3E0juf6XNhrMTlef0SiFggSeTNNME=
xQgViaxkV5iscNH5b40RGic2qmGKV53SdCTBftagKoKmiSRB54yZiN0mXGmUFHL8LCyjoyUF6bUyLoEXGt0xylOR5zv4jfKn5UvVNvGhKvqCOGBU3qtk1YROyKI326pM
xQgViaxkV5iscNH5b40RGhQMTccAirNTGlrpxI2ZD4bYz8qe9eHHCC4GEcV+HygrItteVnko0EC+3bZd5Ay3vg==
2dvJKA/+GfyVrHBnT3z8jGNnmlfe33MYiqqZRiylYbvFhwEBhViq8WauqUxAwqv7Lo2lgpXrh9c7rNVmGHPHtO2rywC3hrKaWc9HdyUEm5SZcf2Et4fgATzmxhf2b8mR4Py0lCoPtyVcUYIDhrbJwg==
xQgViaxkV5iscNH5b40RGkCu2Oe5CpNXmzTYdwN3mcYGIJ37SJoAzYf2FE8MQ46N7udlANnEu4h1gNsECr3q18ik8cP1ZA3nHX5urCp7gQxU2XmLmvmFtGiyK3CsqsbsAojqYjDJ93tW5U8iT/dn5yPmKjFiGGMV9NG2RDvNcKI=
xQgViaxkV5iscNH5b40RGkLk6hMLM6k9RVcwcnDhh3U9jpsnsrmOUNxmB/wzY4Q/aQSu1DNyNRzMtPboOBzHDl8f19cWs6aKu6Mdtz2iRCDos4hqGU9qzAeUQ/RT8gLa
xQgViaxkV5iscNH5b40RGhu6mLJFsQ/mWn/PMyTv+2g3cGstbGjnP9DQngQ0659PF0odCCqv4VCOGz2TA2FbC6K4XC3NDa3eu5bFQk5Oi/VBgoxB0NmyGYQKj9Idpo+ahp+ndY2mrlsfioJ/6IuTzIW5W0Q0WEki/Kk/EmJenUSh7w2Ckfr5hO7f6/yTAloq
xQgViaxkV5iscNH5b40RGrQrOyWBR5IIn3G+OOrfuj/4ui73swyz1xFsmugldZsl2ytExmWNjM4x5Wkc/h+vB8M15+ZPfU6U9OUUX5rKJ82+GjyG/akzFkVUi4OFNxBk
xQgViaxkV5iscNH5b40RGrQrOyWBR5IIn3G+OOrfuj/4ui73swyz1xFsmugldZslgqidYJLq99DuIVOLy6JGPXMkVVkMOhZSCWbxhFCgL874MF/tq3cBc5hdyz5oCvX+
2dvJKA/+GfyVrHBnT3z8jJpNPO1DlnaaCjvZzvCF3YIYo9x71JnLqRfK0w3wglD3bic1kT3n6Jyi7ljIDOSaylvmAWhB9G9ctzFaAwjI1x+ieVQC/y4gdTkluRSYSJOuE+EvcBMluDU/pDAxmJZyiw==
xQgViaxkV5iscNH5b40RGmUIBAlSbaLJ2dwtxFRuvtdmPiBb5fBYrcGyWbHNaFuFhwHUieTNU1dE8rVSiJQ0SIv5Azq3l9+0L2ViS9PdXuKNmu0AC5/AEN9im3rrNaA0bwqBjACkZN0kBQ4r6lC04DENiA8ybWirmYSiz90wAfY=
xQgViaxkV5iscNH5b40RGmUIBAlSbaLJ2dwtxFRuvtdmPiBb5fBYrcGyWbHNaFuFM7sM1S7ISlD/cu4qUO7ZDaZvUflz5bMlNFN9UffDbyX1ijvKAoc9X+P8kZVN7eC4KwZmWFWNsG9w+ehoB2OeaKqOvu/qicE8dVTfacZkAgE=
