GmcONIA9PFzHw1gpPLLPoqev3ytAH5KO3S/CJpMsylg=
35kyjVfwBJgytCi6KM5Vug==
FNt9orFfFSbPIXNSbXcP2Q==
gE2g7VQeqq0h5MkG44fPUw==
A4ZCFW7RnVRfEnbtNxUDb8VFIQmzxcIFLuiIjRY2q84=
cwgQW1UgxyVfBeSrdwXHsPE1eoSAri+NViVSjTYe4hg=
pYn3RyiaY4vz2unSybTHuw==
mAzeFbkWBGyzJRgEWJSZYQNn44wFaguEUnqkvHVinQw=
NiGef/LGs6v8Em6sqLz1GYGKB0111uCW/TAqgkiW0+w=
2lfNnhNY+w/3xMaMUxJbE0YFT/wvMlSDz8Vrd5FEs18=
f2POnbeydlKBqUkFzOZwxtzSECclPuoWwxbiaTqLXAejzwbL3KinSfoiwrz2URQWf7ENw91VFBBf3WwfZZTPdQ==
f2POnbeydlKBqUkFzOZwxpYADXL91ATlORpw94F1OxVj7A57TOgKaTr8ezilhWUK7sXXLzINd2ft0gvCZg/L2ZFTZlXrmL55MfpsaWBx04sHI8YeIc3k06j9tx6EyeXV9pri9FOmkclEcPXEPVK3NtuEZheqqUwUug/aGFdnLUQ=
f2POnbeydlKBqUkFzOZwxlXeYsLfCAn0fOoJQ+jkZpi8CnqO95Hp2BKliAPsK+GGVdLz04kekQEViJ2dDRo4RaScBnc/RqJ1R6bvTdW5XgwgKI05YdVofV1aezdxCpro
f2POnbeydlKBqUkFzOZwxuMuas2s3ti3zt+MzGVoCJJhLbfYotZulWRBOXwz+798KDjctIHywDap6mjQabAwp0S+BMANAPcoyz8mjDzAMbJ5Vhg6utSmJP2k192jUMyzCIoafAcbiBHF1h76/xhT0bZED+VoUZV02P3R8rt1i4gNIRjx0VeyUMmrqOvKO61/
f2POnbeydlKBqUkFzOZwxuMuas2s3ti3zt+MzGVoCJJhLbfYotZulWRBOXwz+798jWnVwQP/JNEfFx34l3osNMtNkl5qEFWUzZ3FJFbNdg40eO7SOSJK63NMOCuIdD/7
f2POnbeydlKBqUkFzOZwxoKQuqizMoOY4CqposMAnxuW8WUVdHMg4S2Cz35fdsMO/2ct4bnSVvx8xrNRVpFuMFdbRgba4KvnChxeCdV+mGqvB1qVINpEl9++Kfy7CyMs
Lt/eT5srgpn23FLVgFMzgppn5aSXAUHttnbBU/p2ucDTzHmpQW28vOBCSgmiD4mDFso1tzb0zn7Y6lyNUhg9rv7/zfTahoB9b1jxrBNLzO5qQDm3VY0xhBdbGDFGPi7RTLltiOe3h3mRIWByQLl2dQ==
f2POnbeydlKBqUkFzOZwxr0a//5K+OtUxJytkhEQ6WSnwsSiKdhNuowgRMIN2fPzfMPxCdLDnUuqMrSTS1enJXdAt7U6YD55/1kUMdDJ050YVys0ELdR6tBd7YkB0PagZTEP1XyT3tw4BOMIsK5It6enNGflxv+UI2lobRAybZk=
f2POnbeydlKBqUkFzOZwxnNFcedz4wm3UeHFrSHAVcirEiFE/w4XZSyBB3BlRpql3pGCk/afOIcqaBrvTm9Mg9WeTXntHAT2Tc/HkgQY2OMcUv14t+CijtHsAqs4YJ6niDQoNCVg/jrjBv6kaLCYK+Ni7sEuoz+SKSUTD/eiT0U=
Lt/eT5srgpn23FLVgFMzgpz4N/qKO9UZFFTgQBkmv7MPLh17Cx7ya58o1JACZh/MyBtMlL0Io2DAMwAuT3I0P643+bER7DBmycKnqntuv+C2fIRi/z+yWdoKA+Tqsfaxn9TJTc77Gd7ErxZzPV2xIw==
f2POnbeydlKBqUkFzOZwxubxFVtTdHVBh3YyqGxan1uOqLLU8wfKWLzGCeVDsiQxdmRKqTs2ME4SNGKUs/D3n7d7FgZ6+V1LBlbVqLmy4SMYwaGc71kT8ppAcneN6seG
f2POnbeydlKBqUkFzOZwxpMXymtgUl6evCVJe+K3gI1JbzivwAj/AZt8WlBy+ju0h22f/xFjc8DchB6pHZkAdSfbtHvqtULT+tRatiYNmgGQLnjsH/by7tCl4Nrpe8z8
f2POnbeydlKBqUkFzOZwxgqN/ZbPhLSqhKKUrMQgQs9eZbGdaE2F6Ihj7Jjn/DBszJa7G4YOKrTKMGrVMRqq85NigwQGC6E3fk5X5h5j0NPvrhjxm7+B03IHPegjDENA
f2POnbeydlKBqUkFzOZwxt9Vb+U7J5IAqHm/cpIfDNB8lXmScb7rf7DrPzhD8/n3EduPz+s3ufFVTqaaySQSYsJgj/JvNlh1e21WKMhGIwFwyatGf8ICbzMAFVf5KwET
Lt/eT5srgpn23FLVgFMzgjsWLqS1+Qb6D4UB/fH9YynOmVMeI52U7MxBNivM9O7n0C+8pOedNJa3O9b1OezYHd4dyHzwYNUEPzwf/HADe7wpXEcOlDRP0SZv47Ev/d5jxVx3xkYfJW8cvY8tgVoh6w==
f2POnbeydlKBqUkFzOZwxu1ulmag0RsROkzqEEG8he/v8/PHGgEjqwMH7TF2kY7jAZ1VjQ9dSRvyX0ZKLGnmJ7QUqCpKV6a7MYI3zipGo6b3PNA2fPfAx+S+7paLBPkzfmE90/rVx0wkpTwE8Q7jjo5w6vwCCAJEEMBGdtyty9o=
Lt/eT5srgpn23FLVgFMzgnIjTTSs0D0gUGnqLj/fBAH07aZCHxHEytmIAdG6aAkqXExtS6XDDO4VzlWWt90NnJ3X91Lm+7Nl7n7Hxm3SgyA=
f2POnbeydlKBqUkFzOZwxhpoBhasHMeiLoPhQa3Vm21KsVM0WKRWhNX24dtOx3AFb6MTIIYJvDICWkyClpL87J0mJL1s7qIMU9QfN/HRQcaT/FZjSjLX2F/8v0H/tKqZ
f2POnbeydlKBqUkFzOZwxr3ffklRh53z+4jcT6w+zsHOIaT7+DXuB2xzm6+U+wVTXU2cwoRTCvtdu+VMtp5eO2DWVMR2+LfOWDpwV0+5nOLCm8JVbDEQmDhic2UupO9K
f2POnbeydlKBqUkFzOZwxr5qDc4vEYYcPfxEpz/CfrSjAkzS6eQwFHDMY79RtUoWZCGVMoAY43ZUHPQwYu2UNirRCWZ9KpbJaf6AVnDDQqKHNYnGlfs/VBNpn34Qx2Uu
f2POnbeydlKBqUkFzOZwxmswokYolVLvQjQ1/AKH44yLdBYhWVCHvdqJS+uMeojYU84bB/nmqHoUW3Sbk2xtIdYsh6OX7L6Z72QZwyOD9afxN1vrj2hJWZwBQCVqI89X
Lt/eT5srgpn23FLVgFMzguzj+tk1dIoC6gQUlfGEOwVuFuHMoSUdQhSp5GvcyVZEZ18hCWRyXinKA33yca6tOEvtXNYIaJyHtufTe7XyWZGP2rmoXQO/Ony8uUCsjnkk+RteZm+Z8H7VbryTm52K9A==
f2POnbeydlKBqUkFzOZwxiIc5E36mvg0cJNmzlI5w2F9o0jRQ6WI2Xoe3OJrz2qmx4UlCE0Y8nhUEfvwX/YoqPmYKtOXtk2cuYxvkP5eGggsIeXZ/9dOu4it8B28xptK
f2POnbeydlKBqUkFzOZwxiIc5E36mvg0cJNmzlI5w2F9o0jRQ6WI2Xoe3OJrz2qmh4JMILegMddgSoAkNKeZW2SoNU8X/GkdwQ8Gpf3GeF+orJs8269Z0Ssn8GYtj332
f2POnbeydlKBqUkFzOZwxiIc5E36mvg0cJNmzlI5w2F9o0jRQ6WI2Xoe3OJrz2qmp5vUW3El2zp4kSErBAY0sZ+1BzV5Pg+3jydC4PbdWgVjGJWzgoCt4P/2C38tWxGl
f2POnbeydlKBqUkFzOZwxpWhknnjiMHKTX4BbFy/9fM7AjYcXEzMtDmI0U8Z7sxHVz8R17FQoYrKhE2LiSWTKeGmZ71uTvY7O4PausL6Fr8nJW/mrmexc4OOc6ugGyWc
Lt/eT5srgpn23FLVgFMzghSuoJE2moJZttdR203Kj41g4gZfDE/wfLAodMydfOVAL3Syp1Ld2SSXx6TivGejNhCC/HAio/YH+PhQDujDI6AGZa19h+o7OdbMsFzFQ3TOxDG4avDTnAvGg8unFYHj0w==
Lt/eT5srgpn23FLVgFMzgjvzpuars9U1pke/AxhPTosHK987MetsW9IXW5XMpz6dTPa4qZU8dSrhmmY2EdQ7BLvXtMPuDWB2X0u7kFntXUw=
f2POnbeydlKBqUkFzOZwxkxe7TtbZESTxKdvb8YX2kv9P52QulK5hvW64iHyiWEoyZN3KqG1hUXuWvZa8O3FTTccWB3AtIGcnxd6zi71xAh+NBiuzjsGkjbtWBcFOi8yGsoRf+rM4DtZD4PQjIc0hQipSM1QAQ2vk6yDpkCbnKs=
f2POnbeydlKBqUkFzOZwxno0UFuJitIsMYQJ/OXtU9LJElq+1ygQTVUsOSvYFyHR7hx8Z/ix0t3NtPn7usZUXoSW+O5ZB9aJEKzdEcAPGWtTnbtJiiUDSC/LgO+hsUFz
f2POnbeydlKBqUkFzOZwxpDU7DJ8i725QWgjZSXOvJmsKi7yuKfrAFtuYDzmRlap/oyq89CCh/0hKjuKmrVKkduPCQ5sJlXJkqz9XDeuPSJjzIVeJ5eKdJU1qIW7RT5n
f2POnbeydlKBqUkFzOZwxu5XKNgHzxwE3GQKbq2RUeYN0VQ7ihteDF543DF1shJSOxH5jzZrXllK0dPhIOascgr1sA4+6oJE8Q3Hdiek6u9sNHa6IoEaXAjhPzmQlkb+
f2POnbeydlKBqUkFzOZwxpj6x9iNtTsm1Z4OdwawePWYbPnS6D2w8qoWERR58ybEz1cv+LOVFAENIPgA1HWpUCiX+HWPZW3pNc9A1shJYDFwmUIpBLqxkH427InM3sUQ
Lt/eT5srgpn23FLVgFMzgmBxO5wlTMjngEZnbP6pHAqpyaiuaNbramVfo0f87LXZIswgs/pqUIdfFpVMl+hCGP8S9e5WodSsIENGbKWt/oLrPGrnRPJeLJ1nO3hnAiGrneWMScsl2oGvCmQQmZG+Ow==
f2POnbeydlKBqUkFzOZwxihTgbzK74lERy5qgJXRyTPPnw0f//5b+PeOR+i/q9AWsebC1e+o49R3xEi9wO44izbMytPcN/D+VvccOZIu1kY5TS23a4lEfUMfx64jlYtu
f2POnbeydlKBqUkFzOZwxgBvx/0Dk3W9el2CcA0d48qdIGSP15oAduS37634CT+9uoInk/ekaxf+MzFeRmYg2Hf3JeGJb2kNAFKJFsaSFrvRBkANRVqeTYqJOYJzKvR0
f2POnbeydlKBqUkFzOZwxgBvx/0Dk3W9el2CcA0d48qdIGSP15oAduS37634CT+9g7+qh5QQW4xqNecn2xvh8sX8uHBXnxTNZJgqoSq3fhZjsvyrLtSh/YkZn2st1Pzi
f2POnbeydlKBqUkFzOZwxv1jNB2VFc6DILFmCvshcXsqQE4/MnaFj02ZuiUAp+8O4UviLLnzo7SW1u+ZOqrJzZ8T7Te+s61YqPwLzWmoz0HYViUpfbgQY4Wz61ToBfUw
Lt/eT5srgpn23FLVgFMzgpiLw5MrRGALQWyB3zNwjsTW6UVKmt/VOBPL7qRWbZwrFQ4mf+7cq8HYyZiw9fOmzufRDSm4wvx4gdHJZy/qxZ8T2qAQcx00A8cQKBfykgAq6555fvc2eseF/o4Vx3LaOQ==
f2POnbeydlKBqUkFzOZwxrNGfBt2Ns0Lr7Lexc3MBGQHXrEPZhYw693QDJgYok5NAItKR8MIZekyKdLTDs1x+ycJshp67yTOIdo5UbIv0aMu2FetgJyuW3jOleRqK6zcmZeEf7po2xhr0m7ezK1qf0tSwsci4T6J9Rc9pgXDMJQ=
Lt/eT5srgpn23FLVgFMzgkhVLMaEJX7xiCn9DvU226E7FbEOx29buDlKqkcmwmx5KvOWeciNFQlHBRAIuKtffheWurs0yAMAda4rkwzkpZI=
