GmcONIA9PFzHw1gpPLLPoqev3ytAH5KO3S/CJpMsylg=
35kyjVfwBJgytCi6KM5Vug==
FNt9orFfFSbPIXNSbXcP2Q==
gE2g7VQeqq0h5MkG44fPUw==
A4ZCFW7RnVRfEnbtNxUDb8VFIQmzxcIFLuiIjRY2q84=
cwgQW1UgxyVfBeSrdwXHsPE1eoSAri+NViVSjTYe4hg=
pYn3RyiaY4vz2unSybTHuw==
mAzeFbkWBGyzJRgEWJSZYQNn44wFaguEUnqkvHVinQw=
NiGef/LGs6v8Em6sqLz1GYGKB0111uCW/TAqgkiW0+w=
2lfNnhNY+w/3xMaMUxJbE0YFT/wvMlSDz8Vrd5FEs18=
lrtyMUOBVnP5/2xDoJm3Jza70f3eY2K3xmwrQkDn9KnUbNAksTcOVfF+u06guYNACUmCmI8Vxfq7jE+uPcKodA==
lrtyMUOBVnP5/2xDoJm3JwGwyvhNKGLa7xJa+GTGaIB+i494GFQYoC+37vXyRuWaZzQmY7EzRsPZ3yl8GZYTf9Dzp1Ce/JPSj1+i4SuB/deHI9zPH92qxiWyJLWaVwFfD+apB/jT3/FvaOZdQazwT5y8FpLMeU4pjCX5ANUlBNw=
lrtyMUOBVnP5/2xDoJm3JzlQl453NkKdf0rCKlroe8NFU8gfpDjDw108LTXdTH5ChKDG4iNa8JMl6ZoLLPGt3puEdg+8suczFU51uBV1sh2ZWkMTTVr7PSZJz7xNlXof
lrtyMUOBVnP5/2xDoJm3J67JgiTKKU7fhIwjt8XHwGHHzllKjiSqp+yZTa0jAsgyLX59/o491A09a/eEG8quS+cQTXT1sWIR1EkfegNyXTVKHG3MPWXErgS3oIMvuAA/H8+WuLNGpNG4tn0igayZ77mvY/hfGqfuJa0/ibv7Fd8742uWl8a5/DjYpWkSK8O4
lrtyMUOBVnP5/2xDoJm3J1ns1Ms2lYfe9fbmtcI3HnHvk5dNPAR2foHP68IlGnUZcXi5lntyxYEsIrqIOmG/8pGKMYoZKlDrL87LBQPHe/OlcvICiDZLjwZze2KCXarH
lrtyMUOBVnP5/2xDoJm3JwQODB0C9fRsesR/PRm8Xwtbiu8UcHW3dgTtht67GHrwb7aXDWJzCzYlF6ueJEX4cYLT7GMlu+9F3GnuGAElK2uDssesxwGcyyaS3r2R4Z05
FubfEqYtduEuH9cU8XJOLv0KtgMi9GPkmlOqQCBuQsXLYE0Mvn1Nq25doiig9rXQEpKkrj+fGtU9jtYmO5kzhMSFcRlkQjXt+rBBxYbEAonYBHZz8czEnboMs/MljyTy41a6KfGDesrvQsyFTDw+2g==
lrtyMUOBVnP5/2xDoJm3J9qOLTZqvw7W9dztLcTMu+8AfYLyi6GtjvSFUpKr+ApGPHtiqTflOaDjWxUwmWz5p19MSLrk3YpoK44mtKVYqs+XUoSxdh/FhDsURk3uJwayC50U/18u2wxJIYYKG3wzuZkCX26ZQSgHAOyCjmpNOEM=
lrtyMUOBVnP5/2xDoJm3J0Mh8hOZGU68LOjw6fE30mk1BIexBDg5ADl2U10lq0h1c6R3WSB85L/j3WQMNveZTUsWKMDk8m4TGGSzTnYL4ghLuy+KtEQn94CWkyoFCFoNORf/3SqO5EkfJv0y+Zy+R5HCAtrWj5KRkENmE3CWfeo=
FubfEqYtduEuH9cU8XJOLkN3JdCrMd/NTeTdv1kYkDK3Fb5cFrPXWMUCGWrXI04Y4lk/Mz3b4W4Ck/+mkNH/GbrEJeCKC7/mLPw07+b9E3dXCG1b3lgoQlYioiB4jCnnOuJ6InEagtNtkzmRUqnfLw==
lrtyMUOBVnP5/2xDoJm3Jxy4xD6NY/DekXkPXs7IgfYJ7HuY0xCYqhXY4hE56a3Dj0zYmF6FGyIujYJe6qLJXlCvAfBjrHx2wBfQ/1gnE6k=
