GmcONIA9PFzHw1gpPLLPoqev3ytAH5KO3S/CJpMsylg=
35kyjVfwBJgytCi6KM5Vug==
FNt9orFfFSbPIXNSbXcP2Q==
gE2g7VQeqq0h5MkG44fPUw==
A4ZCFW7RnVRfEnbtNxUDb8VFIQmzxcIFLuiIjRY2q84=
cwgQW1UgxyVfBeSrdwXHsPE1eoSAri+NViVSjTYe4hg=
pYn3RyiaY4vz2unSybTHuw==
mAzeFbkWBGyzJRgEWJSZYQNn44wFaguEUnqkvHVinQw=
NiGef/LGs6v8Em6sqLz1GYGKB0111uCW/TAqgkiW0+w=
2lfNnhNY+w/3xMaMUxJbE0YFT/wvMlSDz8Vrd5FEs18=
7i4gHs8s7J8vZMcgjRSa4sSf43wAYiXVVL2fesPHlneFTW1LFHORQTNOPn7BtTbbJNwdOTw13C3M/1aMxRUpXFM+EE501ahz3EozXv3fp8s=
7i4gHs8s7J8vZMcgjRSa4had/ICleEoDxfo9Za9Yx4WeNnwSCqqY/jeibSNPGOTAjUMZhG1k+MJFlv8JN/apU7PAPeeotgF+korKWZkvRXKsAswqwKKoPLVbWswwXR9oQ2iChQnc8Q/j7WvQQoE3ebHu7cK+QYQLULcKtpklf0uQoEfG6C2FiKyCHTFcavPajPuiwySzFwkk/2aILMnciX7gI/eB+lycPecHmRYyYRc5Dt7imNY/UZ38tM/2/XdQOrnrHoblaB3IgErN7TXWe4E4qD4TJEXFtgfatk6YTmheLGMluU4Jin34JU2pJ5CQCHFe+BsLXhxqoLdOebeJN7z+jVEruTCSrV82u8T1Yh/UWn99E8wFarOGWvvqbbaeKT+Atfh8lLJt1qb4Etn7BjMAKq+4uxPxy1qRWaRLXNd+snKgc2xpXnnGAU9w/Zuyzrh5G2cYw9f2DsSWI+cFyOJ4abE1XZryPNVga2gC6j4=
7i4gHs8s7J8vZMcgjRSa4rtenI/qplK9pUP/s7ezMjkAqloklN41lImW3QdgSjCNBAou+1uPpUB/bxOhre9Zn+oO1HVMWc4oQtPqfTxvvrE=
7i4gHs8s7J8vZMcgjRSa4jMIAq/mzAHe5Fa2m7NcUReuBCaQPDwlkE++ph8xu4S91ucVBUDXfmFaErkZqYl3QnrM2CKAhIAmdDzrsVk1bgs=
7i4gHs8s7J8vZMcgjRSa4jMIAq/mzAHe5Fa2m7NcUReuBCaQPDwlkE++ph8xu4S9MbeS7qoOd7HvqESVVuBaQZgGyfJ9pxrDIebc7v+s8hM=
7i4gHs8s7J8vZMcgjRSa4kMGWr+82ykRdfqZtc5VCNTU3aY3gzSGsg1MJLyuSoZQNOgiD3fkA0g4bKgW/1exDeFFV5uSJG+jk0IUx+ByuA2l8U4XzfqdKT44ikNhoJxrWAv3e86wjzMDFLxNY/yBTNWPCPhCy49sR9zcLnUjMUURTTgDanvXaFFQP8MD3+Awg13KbDC6Cy6n+pG9HOpptyIatZax6NP0mPBGHRV2SsdGGB0SreIxATsjj9e4ataE8PBOsCXJTzjW35K6Vcf7/+1Dq5qGJgjpWsLUucw7oNwXYeI9QUn3Uo7fpiiU8x/BJe6eE60I/tLGkvp0SQiyevhA5Y92lsgPn1DyygCAlmdpsNW0mQ+CGuSp5SaDz+omB5OLfBTGpa0oKfAtaaewWuGFzrp06XyhHTHh2HHVJcxRSxKkwuuhZ01vhyfBxg73YkNh5Fa/Wsgr+NAMQhcnTE8vkx6uBPufT88AO2oDD6k=
7i4gHs8s7J8vZMcgjRSa4kMGWr+82ykRdfqZtc5VCNTU3aY3gzSGsg1MJLyuSoZQJiajiTe5zpg/q7Y3Bzx0e0EBpI0KFUTsHUv4n12rgMw=
7i4gHs8s7J8vZMcgjRSa4qOt6gE7gOo4LYYfZTC4T1BXc/2U8AMLNUXpH6Hjxn0VJO0xRLG2XXfoj2m+9D7IgPg6T+nl1OO0mvvpB5T578M=
7i4gHs8s7J8vZMcgjRSa4qOt6gE7gOo4LYYfZTC4T1BXc/2U8AMLNUXpH6Hjxn0VTLr3j9IQwC1ksmJdxRDXd0fNUfTszNcWPcrNI6f1wxI=
7i4gHs8s7J8vZMcgjRSa4h2usC52gzoL0+vP22Pw2WEcHS3rDXchjWLgKQlk1l2StiKX/Dvpq2Jk1Wn0iM83r0S/l7yHV5t0FlGza9FpFs8=
7i4gHs8s7J8vZMcgjRSa4h2usC52gzoL0+vP22Pw2WEcHS3rDXchjWLgKQlk1l2SREbqkhyZVJJFPiS5fhcF4Ou3ZO5PAnbtDb75ABwz1Uo8JcHpunwcRc5c+oQMxWQPSpknDs/qjxji0Ivu++62A/LvqxuRO/affUl1PtXgQkPArZVGPYiXvUauEHe8ZtcXt8j0XurRs8GUNVs7chLUzyVCw93CaEXYmW3v7sTNfdxWlXMpHU4zD7CMIFcHpHMDN6n0Jl2IKc2gNgQ6XCYG0BRTSvcS+Kp0SnqiXLkVE6T5qqvHGxb/GmZYNJ6NkJwqUCZzIT8c6HcFgfsrTMmdQuOwKX1eOcGEdqmw5S23lGMvM/Kwq0YlnR+33rSgyt5eKSOUtHeua8RU8lG5bs5GxdD31Ey2tKYDiBJva4qwemE0WH9JG3rwPxFWoVO3BKmB5rjXGdW8CbpLN1DQxK24YA==
7i4gHs8s7J8vZMcgjRSa4mP5ezCpbprHPQZZeFzfLdYWWKGjmafBNHjdwyqoGsASqnoEvMVEQva2WZFOPDKfPgUYtjNLQbSTNgwkXJpUCGM=
7i4gHs8s7J8vZMcgjRSa4p4kMAzZi5UxGzw+vnJ2olHtY8UNFipnYmkTvSWaDcMnKxUAJ8T3kAGcOQVUmL6whqdzAnWVG9jfYIHej1fOyJ4=
7i4gHs8s7J8vZMcgjRSa4p4kMAzZi5UxGzw+vnJ2olHtY8UNFipnYmkTvSWaDcMn9FkPfANC9hA4RGmiJnottOTxF8vT23hCP4tJG1MTh9PSj0s6b7nM0f3ktYJPHqHFOVMUFqqjsaay8Kozzq/dXmTm/ENA/8UUM9ENZxBZFBrCEDZCm7IM8hZTeiDvkpK10bGTkazwOxo5PNx55920zQ1/Td7XwHElQjFQYbFvBWruWx2HlFiF+gYwykWTK7PYdDw5UG3KeTnM7UxFAiNXxViXUp8hvvF+jWiBItJpJwWQSgZVRyLPnFERpSZRe+syljbJZ9OJ7MHI1OxCCOelZ4fREASVoyiq/mGcJysYK7TXq6zuF5jOeRqHdwg1BuPiHdtsueU3p/Be3hq9yl8LH3DiPxaBGs5mnRJ1A7701USP6yxLQqqbIbPLW4wy7IBtMTnevvzdMRAldGNHGrmgoNy1s32K4K+8UU0jSuJxEYwbi5q/6gf7A5af3xEAG1rnYitpGlTd08+5TYLwtKHoVzVP7HYo0FHtHs+iGWSNnyjFWA2tmocgk1y+MViQQ+Hqck9PKmsCud3TlLO4EO3iNXNrM2JX4OVRBDVItT832a81sbbTOIdB50TPBhKZNubIstCxwobEEFYlsF7zPXRMYZGFTxUjdGgeGunf36ij2wRNZA3UfhMC8PE+g1oUwagiKZ3RU1D9BaolWke1Cw5Iq6eO97aKm9zinl6lUedBgFiqqhju1tWtbTDr9SNmLuWXsVf20Ns6FktqWpkgaRyWV/mY0DidE+P013rnfpyd1PkPQx0tEvEuv7btY0NnQ9Eb
7i4gHs8s7J8vZMcgjRSa4qzMuDdSHHIQRm3Op0b/uJ/VWawA268RAj6dVpIS1bt0XXJzLQwR527YPzvipLUhTclrktG0THtgxRmKVhD8Pl4=
7i4gHs8s7J8vZMcgjRSa4rF1ricr02KyRZb1yXhw/6FgSHhymN8dslylHtZ+mShv80chBWjLgIZwf17awlOf9i+djJygcTHCRdjqFj6FHl8=
7i4gHs8s7J8vZMcgjRSa4rF1ricr02KyRZb1yXhw/6FgSHhymN8dslylHtZ+mShvEt65IZ+wyAtxrUSkJbFeAxVNifAO+szvD/q3UQuFQbZZn9Ktyq7ZemihXRUm1Kw62khDOyjnmR9fjHEvdnoGj0dkkKiDsPMSRgegX8G+X1XPfAusmR6TgpPJ/Pw4PBbfqfZVvYtdcJJ3aYGbYvIxCcs9MjZLVLFSf0b8ajIY/yrOvMyRJ4M3oIeqvCUtP1NVrtu5K0auCLr/u05f76GfK/F+dm6M0ZMz+DiE+m+lBbFBn5LNudSYkMCZQEtf+ZEbn+nqpqOfIQSOXeRAsV8UkmpzsyduyceIz3OsuufvvXNoMSvzx4rwNGqeq+guzyLJzOpu/25ZytFKjds0bA0YL3JB3Cwg9GX9Tk9mQ1VfTuxUXyB3PQ03wQnRVKwhWXVstO/JSlhvSa7gdGnll7QkXQ==
7i4gHs8s7J8vZMcgjRSa4on0wLTKziv7vDXpIgAdRYrIn/sK5DnY+klntIMH/s4v+i3BubLgb2HjXQow5tfHwl9R5BaJgAfFiIlPp8ftpgI=
7i4gHs8s7J8vZMcgjRSa4on0wLTKziv7vDXpIgAdRYrIn/sK5DnY+klntIMH/s4vrx/VThsgV9hDX/5iQYnyttMkxFSRJeKA1ZP3qnS24Hw=
7i4gHs8s7J8vZMcgjRSa4ud5iHSJTiDh+CqWqTHtn0jXBwGDwwUrm1Up/HbMDm7g70o2cn/rIzHblE+5sxnHL3o0oL1HprnxPz7cXoE8QPg=
7i4gHs8s7J8vZMcgjRSa4ud5iHSJTiDh+CqWqTHtn0jXBwGDwwUrm1Up/HbMDm7gUL0Wsy6JR5SccgZZvsf4ALCItWtGzFPVLpTm/gpFNRbI/k2cmcy5oCQDW2JXV7DoCbxbdGonoxDH3kOSUpi2b80CfA2B81LKI2zOunDBkqOu7zqAXNCZ73IM9AWakIY2RkgSPeb8oUZ2TIDWK+zHHvOiqEIWykG3OSnCqBlYA+og82cN4xVONJoB4fCL6bbzSfGrsGnKmEWOTe5PMM/rcOHhdEXMKi/Zes8/hCcVKRgwz0i5LHKR0Lu4AbcXQ3jqhzrag2jAqhJ5wamldNVmRx5Pysx0AMB4pRKe/bvPF81w+XyWeeI0aMTFHUArFdLEuw5pNc4Rl6tCHqzlmJwiuL8pd19W++dC0lR8xKVWyWjyPP1a/4j34cABpKybc/XWtanvEMFtCSy9frhzBJmR40kQLtL+bsrt/U26V8evFrs=
7i4gHs8s7J8vZMcgjRSa4mrOyvRMvrKn9A2DGLJhJggFXNwEO92rvrb4nU1xxprMvEUBXSVB7s8MvfTRAPcm6BOTYmnyOz2f90A6wMk72dM=
7i4gHs8s7J8vZMcgjRSa4pMbz+/1sVEIoQtNW761tPuiNJnvLI31t4kHhCENa9a+4cMo/2HNimFO3nEFGmMNHQ29zMkNZUlISCaVaMCEv1w=
7i4gHs8s7J8vZMcgjRSa4pMbz+/1sVEIoQtNW761tPuiNJnvLI31t4kHhCENa9a+vGHYKKl8XfgAOUiIlD4bmofw++S+tCfV+Rp2AINpj6U=
7i4gHs8s7J8vZMcgjRSa4s96eqe4kdFoQEZi+PMd8/CpAklkeD0CipzWHq1eTdHBmZG7S9cUWLh4alEmDXm0TNTHIb9V0NlRVX0dr7c0LzU=
7i4gHs8s7J8vZMcgjRSa4kzRDHkl2821b5bmHS+pHhCwADgBR/Md4qS13FL4L7coQFURUMJqLZqFDvt7v+K0lC0WvP/e6uR1HIqof7792LUquFbvYK181cleVWDoK9DJsYH17ObvIYpmk7fgFhOKfIoPqMYgpa8AVRuP3XaCKmaOa27A7JXMjkMTCwtaWoOQByXwwcNh/RGwkjzjm7gq3ysKlePrb7JRYJREu16Nx3PQFDjepLqgHEpQt9UFHmPcD41gR7Iekm17zEPgX8Y+DUytfkgt/ZDyt+b1LqP1tu7MGZWba25BohPZBJ8ztAhPvM11ismASOC/CDcsExancK+8gV+Al+lhn0wnTo0XlXMs8WtEH4gtMdoOuOR3DyNnl1HDwtEawzAFm7pUT8BilAaP0TOLkQsjFE4UmFsE2nsSW3WtWLseRjV2VKuhAmIIvNa05zOi+VlrHjCcqTXNVQ==
7i4gHs8s7J8vZMcgjRSa4vadbVq9ankKDCz8DONRv/J7pTQYp31dkEkg4wnZZXwg7q0xaLl7S9osQeGbSlr0GnW6sLGpm/GPFl7UbVfxl74=
7i4gHs8s7J8vZMcgjRSa4hE9OmyR4+9I0mL3Ld2ELHo9hn+TNfrkGR6bHVFjy2maGP09vCAeVTura4FR74uw0za+txYn//OU1l7PsHxMCiM=
7i4gHs8s7J8vZMcgjRSa4uUGdjXGxFhZxjlk9ijJSq+rXqBUYyo0SzENvzTnlbtsBYVB0WGwYkCYCVDP0cxbS3R2Q2atOI/I0lOIO7sQwis=
7i4gHs8s7J8vZMcgjRSa4kPAShY8sKID1Z2zYAEzINYTs421A4pHgp3Tcg6ZR6Nr9kkTGGKFerdSBePkgQKsPZ18i1kOGlqnXYYPEE54Ltc=
7i4gHs8s7J8vZMcgjRSa4kvWlqiZIwlUNhCLpUHqGSJBKPlcWx8rLdKdsFym/8KmDE4m7zIRRU2FE0yvYgSVGd/lFAYmQ6QinkggiGjCKaI=
7i4gHs8s7J8vZMcgjRSa4t4FRdnZZAe2UnLl6hzOCbwYZlPfttCKExShw5JUR/BPoq1LSxiSyeXtNLcnjZAvUtW9sX9H9b4f73yfL4w1uBo=
7i4gHs8s7J8vZMcgjRSa4t4FRdnZZAe2UnLl6hzOCbwYZlPfttCKExShw5JUR/BPoq1LSxiSyeXtNLcnjZAvUtW9sX9H9b4f73yfL4w1uBo=
7i4gHs8s7J8vZMcgjRSa4owq40EQRGu/IXmSy4zHdiDHhr8KpQmXeHhL9IbkVRxm/oaFbDmNFcI0CSzsZkgJtvCD8iIIsCBJgQGD85pGMn0=
7i4gHs8s7J8vZMcgjRSa4vbhCfGhBGCT7Exw1gMU9d/P23fH62APli7Vt7Yz8Sm7gPQ16ob+i+9APkhvJL+RGlcY0gmVMMRkztQLO2Roajw=
7i4gHs8s7J8vZMcgjRSa4gKsKB9DTBEjsZ5OD5z+bsvphslXWp1zjDrGteCXJxTk//XBayv0KKhtI/7BIe58SNvIPc0skS0OW8Fi/aYi/zU=
7i4gHs8s7J8vZMcgjRSa4o3adb+xWYC4zriSvRYFiFC3qtCxgHy1OO13MgnGW7nusEfzA2OyMtJcTKVykZwjX4FrK1Ee3MnPV9RrmcC8WPs=
7i4gHs8s7J8vZMcgjRSa4jWD/1d6g/dMkCzJ6NjEBMiEV1hJVqvVAztSJ7BgvzZ0AoqPYrCsYbP8Lh7nJnwdO306rtQS5gpgKpRVl4uCwTI=
7i4gHs8s7J8vZMcgjRSa4jWD/1d6g/dMkCzJ6NjEBMiEV1hJVqvVAztSJ7BgvzZ0CVq6sN3pLAitKLnRayjchX49xdehpQb7Zg+/YDakne/k2cvNzcY9tb3hGqxuDF5RwDq2D4zLmyCASX3g7JxOD2sxdaj7laXgcQ0EFt76uwhZUW+lpz1jneARCyWhov427ZbDSUZ043LsFvn7HzyMJ3qeA4DsjP1OFcwtQZAn6+/5ZqeFi4x7fNdqq5UiaBiGsJ5YYZrxpsqDyvk2O45uzk+x6iBTqxschLASSgbTCZdPHzgiY5KEMgPP8ZyrHh/uKnmVTAkNat7fT7OAP6uZmoInPcT7Ate8O8+WrrsSr7OzFWwp8o6m7YgGaOfYMo5fakhFz/zzbRzd1Zp9huQA260WIxLtP6muVyN71EPpsqT8y5zUcC1RovwjRy/qa3lg
7i4gHs8s7J8vZMcgjRSa4hZeGfrH8PZI+5yN9fVnBRZp0LLkSPpmqsn4W4W7yixd7aIBmXvYpSvuA/nJKIKg4exfkTEtu3aTcmm5rFGOfow=
7i4gHs8s7J8vZMcgjRSa4i65OIU+2A6F5S4rEUBCm02N07O36yy5t4DnFuNOmnG96jgJ6zqZAzym2ak3XGjNirEOXm/ahIfCxli3JOryXGI=
7i4gHs8s7J8vZMcgjRSa4vE9vn5T14UxywlhiWEy5RplS5HGrHoTvdU6FC317WcN74Iu0wNsK3Z/0HOCnMvVP++mf4k//+qGJwq9lCKD/Gs=
7i4gHs8s7J8vZMcgjRSa4va+3Hg99SJcRuHUDSo9DrEgKi3b/zg3RpGS7Ok3i/AK64B1P8jJInx+sZAupfitmo9w6ATipvYzIN6oSdof4G0=
7i4gHs8s7J8vZMcgjRSa4r4PBlOGWi9h5mDPauj4j4t4TTqtDIFii/4pflAcJEwK6YwkMmG0f8JYEJaq6oxvAwmuh3QPi0XVkmGnG7jTNec=
7i4gHs8s7J8vZMcgjRSa4r4PBlOGWi9h5mDPauj4j4t4TTqtDIFii/4pflAcJEwK6YwkMmG0f8JYEJaq6oxvAwmuh3QPi0XVkmGnG7jTNec=
7i4gHs8s7J8vZMcgjRSa4qA8Sj2Y7C/UICxWwcez7D5OQOH+dN7fQz+dpF5u1hBdPbNl5/iCZ0xxmhyvRU8u0YAWV5oABNHsO2ZBQDZisJA=
7i4gHs8s7J8vZMcgjRSa4qA8Sj2Y7C/UICxWwcez7D5OQOH+dN7fQz+dpF5u1hBdvXj5x7vcy5iX1W47jL2+zG8hh2S8XvW/2/S1edyN7gY=
7i4gHs8s7J8vZMcgjRSa4oqZ40fGfn/IAaEyJkGoCDCsOZkHj+lhCLpi5j2GFtkyn3klao6AEDozG0BIHUdISqpGlBO5Y4dhX9coVpU6Ijk=
7i4gHs8s7J8vZMcgjRSa4p1JPLu6zqUCxZ9hetZfaJioSeG8veXMIBWWx9oQ7fJuYE8fq0SpIfn8+BK5a5gHiW/B0hlNhpLUOMV1D+bTDrU=
7i4gHs8s7J8vZMcgjRSa4gpbaGpOa8rsqNfUx5bSEsX9+ugh/hlvvqf0dHxEV8wSpgwxV1OiONCufiCFzmntWuOICPLmG180CUZKVkuVie8=
7i4gHs8s7J8vZMcgjRSa4gOWXDxAYWnQnaIUZXCn915inQjJwHomPs7BNXTj1grIB96oyxzmlAiQ7G945fyG2nOaQp43VXvZJ65zeB9h1LE=
7i4gHs8s7J8vZMcgjRSa4ibMiRRuZKWapzXI77Bh66VNdun9F/BZz2wIYeu0lnwmNHxIAfjsfxjS1NYkzF5NCFcLGNNs9rF7EQx/FN7EGHI=
7i4gHs8s7J8vZMcgjRSa4r35DsiWdlEsYv5bPMRX8bCYANgAv8YTEY14/ngA71PFOC6q/+rVZkuc53NK9gjrl76trLHTWThMLFAmXxgOGBo=
7i4gHs8s7J8vZMcgjRSa4jQ+0vgZ3tpuyMKm+SThBVyF6p+EgqiRIp8ME+oCZWFS/GGXqElYGHuN0UpsS5EX9f8msmZRYFmKAxnmx7t7Ank=
7i4gHs8s7J8vZMcgjRSa4k/9J1hPUEE+uTG7EqT/mtRDsDOVnjiL9OWmIz8wcZ3v9kqHk/Oh/l4G/LRlsSfEWUzQt64Ktr3AwGpNsyNkUhI=
7i4gHs8s7J8vZMcgjRSa4k/9J1hPUEE+uTG7EqT/mtRDsDOVnjiL9OWmIz8wcZ3vJB9/z+6hjxsS6Q1zQ0rN0tfQSiHSEZSQICVKp2Hi7JJ27vhQey2m0xve5eIBKwmIwEAbwR2H2UDal5lYoiQPitbjs9l9UgK0Y5+hpNdagOfgoto412iUOZ+Gt/9703zNWFkiDgU2nzOaLzjOvd6FCEq8kXq9WU6u9FmquHmwqs/cxdHUpMWjxTj/tbwz2+6Efk+bIWMYpJ4xwNqEOc7URv/P/YBTv/YYLrcrh44fbQGlbuV+RQFP9VLxOTyKmAQ2UiIJEyGYYJGsem9gelwlfSkTF+74+Lx1e/mmw1PvycUUwx7HFLBbz4VA9Ndu5z2b/lkkzqyikOtLvzXSboHJiQ==
7i4gHs8s7J8vZMcgjRSa4inpakKFrjrsYleAvZxQo1lpfTV7vIlrLZWMd4DGQmbKsDCTeVmvVz4byY4SUSNOKVHnV2a+HYl2SriYdxG84rQ=
7i4gHs8s7J8vZMcgjRSa4vZU9cjGrG84xgSl31Nik3gCnIn4GSkRprWnBQZL5Th7LqyMICNt6h2HhHmwT8QQbUtR7wRaObIuJ3zKAufGmNw=
7i4gHs8s7J8vZMcgjRSa4vZU9cjGrG84xgSl31Nik3gCnIn4GSkRprWnBQZL5Th7LqyMICNt6h2HhHmwT8QQbb2SegVF9iJuCVp2twPHYvw=
7i4gHs8s7J8vZMcgjRSa4vZU9cjGrG84xgSl31Nik3gCnIn4GSkRprWnBQZL5Th7EJicEZ1IipiBzyHl+XZyQO5+9SHJODZtYdPVMdEBaL8=
7i4gHs8s7J8vZMcgjRSa4vuNGsujG7J+CfRQq5E3TE3tLT/p45+rm8JP1DO/R1y67H8BEGJ6hzvZTvkQH5XT15lCR/WcG+G5gwPXBYgwvNk=
7i4gHs8s7J8vZMcgjRSa4giMrEVs6L8gc1rAno3cyWXJBIDI/x0PR20GjdWp4XcrRDBNm1wqpeUhOEirFZkZSgynP7WYruHihI06XJ7rylw=
7i4gHs8s7J8vZMcgjRSa4giMrEVs6L8gc1rAno3cyWXJBIDI/x0PR20GjdWp4XcrVuu4F9HV+SKciP+7GzPCTewYdfdzW0Ncv/Ft8UVYuUY/zh6fvJNJocq/z4akKm27pPE2013pHfdRBN1muE8Z9f9g+Jwt/P4uBCZMP0ZEW2uqq64AZhJYdo3sAtBOpzY7HzIxal4CZXZrHh1d+tRugSNM314yVJq/Ew2DM+visQYyzApbrJe9QiN+U1B8gzBbz4oCCbwx4DRS4+cldZLGI1wUqPqzcdLJbug3Juz5IST7YO6i8SbdlC2iOUIsQcO6TomUySFdR5sXvy9zrOATJ1gALq2EHCaEcojFdybWkkZpXd0nR14EYyTuuN6EzteLtp0iSpksAdfWDvcIUMR5uQ==
7i4gHs8s7J8vZMcgjRSa4lKaIxqaxrxWkkx9gK+oN0xvTvh9HS4sQcw+J8cEIzXoWpNKSriUy3/40tCu0+iyfzQgErPt8H0kWz5OAgMsUGM=
7i4gHs8s7J8vZMcgjRSa4uT+iU/4XQo8OrD3MwOkeVPpbHyPBYrgqPsa8LXI9EGlWs3DnaSPcjXqvNQVktWRZD7Lrij4Q4XrefM/AfgrxHo=
7i4gHs8s7J8vZMcgjRSa4nIWMgd8BQk9uCBi7WBxNZhnmb2qbU5AM1aHiQELWQHpEltZYZl+FfeXYgGAPRijEWZZbFudVvntDmuYRvHX+MA=
7i4gHs8s7J8vZMcgjRSa4nIWMgd8BQk9uCBi7WBxNZhnmb2qbU5AM1aHiQELWQHpu1E0QSll9BIynroNxYdYpNNa2Iy90Ub7q0WC9tWn3wk=
7i4gHs8s7J8vZMcgjRSa4pAtY1djajo6prVM0coWsn8kNCI5rbx7I+u+wj12h5QxVycIh875OA1LiyI4Al+/vqtPKOkcy7XCQOryC0P8XoU=
7i4gHs8s7J8vZMcgjRSa4qf4eziizS/urLKzULD1qFyVsI7p126SGh1nAk0L7M6y7btlzCEwH2KmoNs0Sa54brDBv0gLVQy0eRAATuT6fTw=
7i4gHs8s7J8vZMcgjRSa4oKGY8kMhhFCLsL98B2N631WgnymiYUhHgJAW/sE6NX43IEMruO825n+dLGhSgtRAFvAXRAfgUt3JsnB3iG1wGo=
7i4gHs8s7J8vZMcgjRSa4p4k1xjsSBetxe/V0ETPFxQ7AFh/5Pj3oQz/dJHicYBDfSUWhY6Vb6Oo7axtPnDxJKeviI/rJLZd9Gx3K7FxX2c=
7i4gHs8s7J8vZMcgjRSa4hMsq0w5w1Aqnnr3QtpNjoyfUQ4J+d0dmDUjILtMJF8t+ecMqgTwak0/NaktzrFJ+hTsdQ3aba8DenuOP0mIyas=
7i4gHs8s7J8vZMcgjRSa4hMsq0w5w1Aqnnr3QtpNjoyfUQ4J+d0dmDUjILtMJF8t4oDl6cGYg/toE6rYbOsXLXpBqjGw6CACEYSvqjUPz2uABJVy6JVR1NKxAz7Ueu3Rr4q6OoSMVHtVnzQeiRLYrVUQhba2jyYRBxFsxraqo97lrordiCVUp9TQPMfTVW5g+HzSDPdVBYuQ3s/6idhWa6aBadqPB6RKL3o4gdmtBG3UcMFxjqulpfwxWHlqoo+P8qaUvLIlt/uyKs6+WTl7gfPu1ZkzwqXlhY/mkPE+UEI4RWR7KyZugDXJyiiep0kGNmZBjgAD799y5PO4EmsyohhzUgJVyZFr5Jxx/LEy/YwCHG9QcsmXTgh/eVZkyvur+go1JWBWuSNbB5mL3RjmR9eGrxRYNPHMq9igk644WKhwFSEZJsp/4xgq6z9gA4P3
7i4gHs8s7J8vZMcgjRSa4qTvyOuhf8TVFr2DAD9duZNI/GxfYyzCCLAbWLvF29Q3YSClhWmDQoQ3mZrr3AUqnz5Sq9qPcxyt308s+cYNSGI=
7i4gHs8s7J8vZMcgjRSa4jBZ3n6xPWffc22RCxpQaCzV+HXjM9IOi2BP+LJKI2mdmvMTOJWkLv8RRb6zBMJD0ErKmQRXEPUGLRUiDauzHyc3iHj/kt6DUgMlHlmIjo8rLyRtX0BoTJ0rSY0sFa7vaeYtr452vG7C5vXzRv0RHf+08WOVfL02rQyqdY0wc0MspPczC3KY38v9Nv+IKpX1HWmoYSc2olcbpu50Q1fY9zDu/qJ8BsNr0Wc4qV0rlLufpLbfJQtazLckvqPo/s0jewqY8SEVQQe7DCmF7XElZ++gXAH2Sq8UTEd1egavIV8VAZNBUGHmwnMHmpOPZAqM5Pbho48dUgWFMTGIDR6UHn5p+EV8u3PUoQYEzAUP3o624kff+cbmBj81Yeq5q1EX5A==
7i4gHs8s7J8vZMcgjRSa4gJWA/Z384GMIaQYO2asoujNbJd9bh2+5ibwlKpOM3IDYNAGdoIJShDgsUX9xwf+FgRO45e4czaZdWrwMmqYjF4=
7i4gHs8s7J8vZMcgjRSa4uNDcjVlP/PUcgix+ZsB8TznrgBV6vbeRO9SB8V+7HMaRVZgBqzDzvIPN4obuoXndlwu38VRLE2JojWIYTYUKWs=
7i4gHs8s7J8vZMcgjRSa4sqY818JGBbaYUiJDSk2TtlQk/N2ZtVhpfAcZQYL3HeTcpZbyA99MLw9jkPUrtj/oU/Yiik3i6/V8N4rZjiZ9KE=
7i4gHs8s7J8vZMcgjRSa4l1MSVRsby85Px8Vs1dXIBkv4VTm4m/Kjwp25H5h4G6BCd2DFeIzcmgpVDJZAz1P+3hmcqvOj35WDG5KS/iwGZs=
7i4gHs8s7J8vZMcgjRSa4pGQlCexmq2J/vxih5BUeF6XQWktwfJHylkdBgYVIJ8Bc8v6FWTfF/HjgxLxiVZrPc6AbuLKVBNaVBc5OZ6PhOk=
7i4gHs8s7J8vZMcgjRSa4pGQlCexmq2J/vxih5BUeF6XQWktwfJHylkdBgYVIJ8Bc8v6FWTfF/HjgxLxiVZrPezHa6su4I6iLrcskCHSTqw=
7i4gHs8s7J8vZMcgjRSa4pGQlCexmq2J/vxih5BUeF6XQWktwfJHylkdBgYVIJ8B5Ke0EWaia2RP4uKFfoDvFNd9wlW/FOAUQ3fax3wFMoo=
7i4gHs8s7J8vZMcgjRSa4lZ3xG9kR7LxiAPqEkGZxUvrteKGcJYVMehWjgR0j+1UghAQFqshHef9bhjBqdr/yJUNA5yb9NztUGwKc2z12Mc=
7i4gHs8s7J8vZMcgjRSa4lZ3xG9kR7LxiAPqEkGZxUvrteKGcJYVMehWjgR0j+1UghAQFqshHef9bhjBqdr/yJUNA5yb9NztUGwKc2z12Mc=
7i4gHs8s7J8vZMcgjRSa4q4QjIEJNuiz7JFHF+JyeT4mCXDIWW22X12RktO7mPLPa2wCMGY1hvIZhnZHIaSdpxADQqAdQ+nSLNgb7caR7W4=
7i4gHs8s7J8vZMcgjRSa4jJ4RJVC8cIWpEWogiU0/c2DDBCv1WuEWeqxzl0ejcSRtFdNvrGBFEEQFcPak8//EVJzMBj4JQx8xKkcS8+a8dE=
7i4gHs8s7J8vZMcgjRSa4s0rtOIv35qnIS2uzJ847SXIpNIgL9tq0XoHdBJ+JEM3GkY6LYnNs6JJNDntHNCtqR6GxGRck304YfFxNLC4yLY=
7i4gHs8s7J8vZMcgjRSa4s0rtOIv35qnIS2uzJ847SXIpNIgL9tq0XoHdBJ+JEM3GkY6LYnNs6JJNDntHNCtqSoDdv6C9MleIRzXl6azPX4=
7i4gHs8s7J8vZMcgjRSa4s0rtOIv35qnIS2uzJ847SXIpNIgL9tq0XoHdBJ+JEM3GkY6LYnNs6JJNDntHNCtqSoDdv6C9MleIRzXl6azPX4=
7i4gHs8s7J8vZMcgjRSa4paPWpCzXRIOL9QKqNbAAA23YpLOtlt+Y/BVQRkB3+A+71U0kkUyokrtC0eSGLu/VbIL2wDSkxggAR11bO41CAQ=
7i4gHs8s7J8vZMcgjRSa4kao/RBqchggOuh/vZYNqKGzJv0T0dzZlcIm9pt5+lU4LQ4Xqi6hr5P3OmEQZjFJ5zhlZlfI7lOPAFbEsUswL2c=
7i4gHs8s7J8vZMcgjRSa4lxkPNip3l2OyVJ67iegy6FXJDxNyapCa/Q5Wl7fIQinOjBOXnWtwdPByqeTr/y945/+PGmNvVVLX/zOgMQN55I=
7i4gHs8s7J8vZMcgjRSa4lxkPNip3l2OyVJ67iegy6FXJDxNyapCa/Q5Wl7fIQinGqb9pajEI+o8Y8WT6RV3p3NEK3GUx9hfZjtCjtxDworQUUJEg3Zjpd/mLJYlU1CVzSqyqlVimxk96wtcVXIHpxo/9wUtKKpt4gwNEKb3B/9pdVyC1xFlC/X6UxGcjKsw6uiV6Q2mT/alGOlSuMhqaorOhljAY91pNGkbR7IcJO246AqopWwMtK0PzDMg1CgW/xG3lN55sdkOSHBkN1m3IM/hj0w8Wy/sMlaA9CeVMzRI7mP8ivmv4cGz4gsQH3xhuPCQhVBvh9c7rZYoSejGlnlrhGHsb+uF4VV5mVJwWa/SBH8KwrddIJrLm5lM5YF5a1MsbEqxlYerEml0xlGOMA==
7i4gHs8s7J8vZMcgjRSa4kxKknNENypRdsT0L9laqP0FDqmARVhNTPvI/0WAoHVyY85JwxuR1WY9OYObCbm9Rye6964STgCBuqUkMHixml0=
7i4gHs8s7J8vZMcgjRSa4kKIVMLPPd08QUI6Yg5HDDsWzqRAsA/emAjPNr0/O9zHA6si+Nx7zHzyjpVU96KqQXjTPzoGM7WaqEV1gP0IgIcYPNmAJi6HklXgOVl77A/i3+eP+ubEr9HH3MtjrjtfN00swN7Cerwkeh9TjaM57C7+A7j7910cl2k0e2Kzmwo8KJotGX128fOQuJAk7hmpw/SfO9rDjuiUas4Qu8jaOBLfkM89GyBCPCwdUqdZPgGnkalbzMi9AzFBrFA3GiiRdC+7X53Ag8mxxFRN4gzl2NCS6SxHGsl3wyEbJ+gisA16wF0+do+fu99hJirEGjCgfm8RoptUXZIfbvJQ0aFbkciYktk70HI6cl7GVCw99gEGUQntfc1jnnlxseRrWJx2LlZRLJjb5CXT/0zsp8JSDJVXMd3V7A8YdytDxo2EwpaqP5l80zlSxKa5FlXBI23QgFRm0d7wgGCRy/8GHCFN3fqLyjDzcVqWszPGnek/xsLuFUGLjS77nWjruWpqa52uBhvmm947hqw7DGRBm/QrrPQojhy9EX3NYeTVsEWqt8zu+3jAf71Z0mc6DtViyo+Az+FaPsRw8tMvj3GBdQf8ZxQkg0DT7v/VFs33zGO3or2VXDb+uAos7UQYQNzhjFcxP8jlCDTnFYS43Mgc3H5AsucVq1mGPw5s05ox/mlR2lFZt8NIbu2LeCRAUXf0st7uoxILP0oam/fi6ggFk4cBJ/4Acz080lXGHTPSGB9IRocq
7i4gHs8s7J8vZMcgjRSa4t4QuzSgmUJ6d1safMhjtCOAA/NtR0lhmuqjJQg00QKOKLCvFdMwA1dPSlNSaWypsQjubvP8KfuuRc5mJUS6UtU=
7i4gHs8s7J8vZMcgjRSa4opIocle8JgvGAEXxsh+345nTL6G/EFx3lErEKb8t9uFI4mD5w/njzJ8D7JWp6dAeHQiim6xJuyYdh9/irf3Tv4=
7i4gHs8s7J8vZMcgjRSa4rMZRaW5wzVlxhn+oLggt2mA2vIB9b9HH3NQlM+oILjuqI2h0VtU520c6D9TgFALtURelTXHn4aOqqqJv2qZQgY=
7i4gHs8s7J8vZMcgjRSa4rMZRaW5wzVlxhn+oLggt2mA2vIB9b9HH3NQlM+oILjuTHYpS5YuJxrPi1DdlS1QNKbd1BRdRuFt6kBrEIDdDdh25s9un9koATwS0ZtGd95iOvXX0cUpez4ceLh1DSxPB+8W4+EcIQQI6WZfk1S/e2nkEzZjrIsjmNCrqzq+Qk03xZfaCzj4cVpyHyXjVHfisCmb81S8M+1aCTIuCAvHbyXBsawMhFU7M1Au2mNrKvvGEw2aA9D/jauN1n1KMzzyjylP9fHIlpK9lCB/hmT54B7knCQvFRYhrKoy7oU1af4pwZ5XfgQNfID8JABlalLA6j2LFUokmGVKC9upXLzG+fdfEp3ESL8UvVtwc9kQbwiMDfer9hcQd6MegCwQ943XKqoJWBY36xK/8W0Qkwf27UMUBLO1gu82oKV9HmWfnZutWjC34HZ9oX+uaIXavdo7rg==
7i4gHs8s7J8vZMcgjRSa4qXZMAH1VhMOAZWEAl2g9uTAPxcZL8olL+XeLpaSr491srRNYXb8OJGVNl7g0pd9C5m3JVEM2Y62UwH3kV8jc3M=
7i4gHs8s7J8vZMcgjRSa4rcPYZwX0qhGdS9DjQ3ENDV4iHA07Qh7Pa3/YQHGQfZistSLlWJm5f5CA+45iDSq8WSN/DChBcsb0pOUGMH3eG4=
7i4gHs8s7J8vZMcgjRSa4sfoXW90miKnrzGbc8B2UU4SjC/pY714nVXbLnkkIdiUfpSTZUdK364c/hOlAJrLSUC4AEgtVnm1GNZeBT5yyCWDT9oBZNLgGYbKZJXsmb4926X5Zg4HbSfTNnZJXYRZWWfxVwI4zUbk3UKlBTsuNrOcojAwl5t8bPeFC+omGfshbzGF276MihmNAPI5rVWuJc98Y7wX9SA0tkdaFzlPrd02KFzy+BubHdJ4eyz2NcEVrJLgnjjwsJ8dWlvgaCT+mKbTkNN/jus5TP82Kz1GkoUejZ0Z0TJ3xhA9aZ1bcQeMbDlFod4OzhO0rHF/xLCeCbwj62TyK16Gr4LJFkKuPDc58qDFnG3eYbcjPhXBXOODlerM4zjF3HO0ZlsrfS3mTatvjtBVFoevA/Kt3QnmB0eQTbycXbU1lqobyNWGflYLRImINrXKVA4+I9HJNRLj5Q==
7i4gHs8s7J8vZMcgjRSa4sfoXW90miKnrzGbc8B2UU4SjC/pY714nVXbLnkkIdiUoGeEELVNc0t/FGQIolo3oedyJnCbwbiHDNx963YDqPl2L0oVx3hnYIG9li/lSJta19oyVg2HppNNz4aTrP3zVn7M53+Rm5OcK4X3CdGPH+rsmQOip5Z6oxNM8FugH5Km1Iw0Kqkd3OkZVH+y4GcCcWV1A1NUgjX5AiaGHOUVpVga9RO1d7rhiAhQbIUyN0l5kq0C39UDJzuAHoSllae/lYnDIunAJJ3qqLj/FTUkI4AIg2/DhKZhQ/fqyYgKu/rPx//f5eFlFEIGyVdHPSOXOvBaVqkEdr33Y7CscqQpExC7/q2cvn2Trc/Y5mmrO+Hk5k1kjhag5lYqXtqR5RTiqFhSA4MH6vQMrhdLE4UlhfuDEuMSu+cIL3H+O+i4YADX
7i4gHs8s7J8vZMcgjRSa4m+uiY0z43QqNQS1O736XuEldC8JqY1WcIFHEDWM+DanmeuX+DuRHF10WgpyFAENfBldfOIBk0rSIOrbUvv67yQ/qIYNCaN1nkLzaZgZ7QHD
7i4gHs8s7J8vZMcgjRSa4jZLMnIT8d7D4w/WI91PzSSICbTNmwJD16ut2H9+ucYZX2tttEuoEPp464UvNQruBHjWdg4XncJoY1+1R7t1HG9RuPURBdwNpME7ph/PXXuK
7i4gHs8s7J8vZMcgjRSa4gUvsUEriTA5mVhrehnvuIihPwglH12UxJP1GLXGwPhY4MzGbqDxbr+28YDCD2tAU+OJJK2Z/Y30PHmjkJyru4yyRIRGirAMgh0oUWQdSThs
7i4gHs8s7J8vZMcgjRSa4kfZVAui3NJdxPNNRPF7Mdj5wXMHwS87tCqD1OSkIYWAgFhhGv0o7BCFi/82sio8K45uiox7U5kRRwrurUvrR0M=
7i4gHs8s7J8vZMcgjRSa4kfZVAui3NJdxPNNRPF7Mdj5wXMHwS87tCqD1OSkIYWAGD5KFlmFRUaecGqY2pPsqZFU7Tk6SjjWt7YQXyCaDfo=
7i4gHs8s7J8vZMcgjRSa4s0xxS3s+ohwq/nJhYBPQLkoW+To36zeIAnmemTxAUsZeHZ+357+EGUKDdgCGzCiim0wUzERo9N2m5FdwzB7Bes=
7i4gHs8s7J8vZMcgjRSa4nwjGrGPa/UtQkbUB/j/Uuu2u4xEctchPJSV2beRkPVgeZqY3ru0IaC9ON1cPcuIgaWjGYODAzLJbTIvs+zJJg0=
7i4gHs8s7J8vZMcgjRSa4nwjGrGPa/UtQkbUB/j/Uuu2u4xEctchPJSV2beRkPVgeZqY3ru0IaC9ON1cPcuIgaWjGYODAzLJbTIvs+zJJg0=
7i4gHs8s7J8vZMcgjRSa4kumJIaky/wFV/JVbAHQ+3Ha5qynuO2e5gXVB25v2zF5KyxjuI8tvRp4RStTshVaOwEXIWsclNSKBeJd9/ZfMHc=
7i4gHs8s7J8vZMcgjRSa4kumJIaky/wFV/JVbAHQ+3Ha5qynuO2e5gXVB25v2zF5KyxjuI8tvRp4RStTshVaOwEXIWsclNSKBeJd9/ZfMHc=
7i4gHs8s7J8vZMcgjRSa4nr5qcmp+quStj0MHDdSwwI6fl3ITfLlzrLN+lJQY5EmkXNfYQUq2z7gt76JOmAO8fuOMhNukRhIMAIAEQdDP3o=
7i4gHs8s7J8vZMcgjRSa4iaR74yc8yaWdYxqzibMXH2MnyxfMCwCovj0oJ3h3WxXJqqLZEJ2oSPiemofqE+FrMKGyqLXn1/lnQLOV5graqI=
7i4gHs8s7J8vZMcgjRSa4iaR74yc8yaWdYxqzibMXH2MnyxfMCwCovj0oJ3h3WxX+AW12exliUTiNFh4tSnrWQERGZOE6xPcsdCHaERf9rVMbev0k2i1JRydVTM3/TQvCTPF8jDuYAHC43mdYly8L03WepXMgseEuuceuoaGkhMnVup0THVhdYS6J12JAHBgiI5uyMy4/eFIpHVeIstzaMFh60TiOHUx3ekviHx6YS2rUdR1pECvQYgybk6PCZQ/1i97SjMUxtzBe9Ve36wBR/QGHmMdfEMgdiwZa949W/eaDKMwjn5tzOaQK4xuLnmPFALyuQwabxEhwMd2n5XiOAj0f+ijIlikFGjMUcOlxJivNjKsqYL9sZFEQdQzltzTlx0pUgFsdUpjbSZIZfFOSHjVKaD+2PwxXD3ly+TfZzcag4xlpyQlVZo5jXuMgz/J0nICLv5rX8LVUQWvuV5OSA==
7i4gHs8s7J8vZMcgjRSa4hOcIdIPGoBx/lYtH8t3MoE7DfcGUlKuSW8TkIgjppF+j0qwJCCxgbfd66dpT6b1WB9M7mD09ypxJB4AoR0ehhw=
7i4gHs8s7J8vZMcgjRSa4hOcIdIPGoBx/lYtH8t3MoE7DfcGUlKuSW8TkIgjppF+A51mqd7tEmfvwZ3VtM91Yqd0FsPQkr2mSIo+lT+WHFw=
7i4gHs8s7J8vZMcgjRSa4h5QmpX4V13II0ySDTT4LDAyB3y6exkjNDwEVnjuRJumg7vfDwbRN8dwapqEUp42xTeepTEV1d+URVcRWYtVTUY=
7i4gHs8s7J8vZMcgjRSa4noQtNadB2A4pFlu4kLZ0MlCl2p0b7cwjZ+wqMuoRv3awWQRM3IqJD7cYYaOwizfvki1N4kkVi711Dhl8NHUnWo=
7i4gHs8s7J8vZMcgjRSa4vGKBJdtI362MFefdkSu9WS+hDH9FuaditUkH0nTMC8oVvFmIL6lu+mP3kh0IgBa4pjlwYFbCsU76Ja9q7RG1Ec=
7i4gHs8s7J8vZMcgjRSa4kB7BH29TU4naUYWmh5QRVk8kk096/LclqdXwUXVdbPFNYxOjsD8ypgCiZrBhkNmAKocaiAKkIuPgUd++RB0KAvwY1kMlFj0JexRYEEMQMgtucSAyaC/hQ3hKmdujtl1xgToQe+rRciQpksLM/K/EhM6E3cMounFx5jLHAH6eD+Tw2I1dCt2ogVeukMtoOULaDWC16XfQQOugz6TH6uB9V/0kkbBjGd3bk9CgmKBG8z8hmk5TAStlDz1OyRPHvlTvXt58C/YL3MxP0VJhX7+chnllr4vDOgZAMqgnOuhbkgwuQ6TnaJ/yiI2+ztDYg6P0zdRwlfx2+7vbex9WMRnMUU/rpp9/7DIvV9sQnTKSfMWuqwZZ/loEqucHyTGzW2xtLS9EmMgWfrtrONiqB2JSIeY4PkRHWVK+ly2+DKA7g8X9JaPmAKDBRzlaaPdyQRRfg==
7i4gHs8s7J8vZMcgjRSa4hPhpcY45wRNhW+AnFvyHV8syPAYu+7vKwxPOPya7EXmU7zkKOcdU5p3bCQInBFQM8FMAlLHrqff/xMJb8OWo1c=
7i4gHs8s7J8vZMcgjRSa4hPhpcY45wRNhW+AnFvyHV8syPAYu+7vKwxPOPya7EXm5aWd13f5i3YMa43LYL8lRmES9cBigK/oAdE+SsjLvgE=
7i4gHs8s7J8vZMcgjRSa4ltDWAR5b+G4XBXpSuJgpHck1y6npid1aa7DSAaWCzPNgmKCEXlDFkP1ZRPLghBb/56q9pIt9kLhvmzaefr6XVM=
7i4gHs8s7J8vZMcgjRSa4gULquGq1G/tu8g/yvbo9GWtwySGhD6Sjwl2sFUFGfOJW0OHmj9gYic29iZ3BgpqiCYlnFLiFvSwV3eCy2Oc5AQ=
7i4gHs8s7J8vZMcgjRSa4gULquGq1G/tu8g/yvbo9GWtwySGhD6Sjwl2sFUFGfOJW0OHmj9gYic29iZ3BgpqiCYlnFLiFvSwV3eCy2Oc5AQ=
7i4gHs8s7J8vZMcgjRSa4l4BVoAYWBhwJq8ninXnqB3xGAMlWkpdUXKsY/5utmCcuhLTbxUO9rkMf2T2LU+8Vuf7RDt2dGuuekIY+29Zcug=
7i4gHs8s7J8vZMcgjRSa4infMThj1v6FEXBUgQI+Dp8ehZknM9pb+XLlam1PCJbEK42LrjPhXYjAl6OUbNAmbR0J82Hu0ZH1iQzpnpsNmXc=
7i4gHs8s7J8vZMcgjRSa4kUU3+kHXYLxbKWtsdVIcBeN9X1mAJNFl7uj47jkF82F5p7B7H6jSrAKIVLcScsk/sm8rpzbVN9uxHi++K7JKGM=
7i4gHs8s7J8vZMcgjRSa4kUU3+kHXYLxbKWtsdVIcBeN9X1mAJNFl7uj47jkF82FzDtUj9m0PUS80ygS5NAf3lDTLtgpQnM7Ow9qOTj8DJTeHU9DVdH1K1F/E8Y4F3yc+Jnp8xTigMdwbspqwsnZAe/42NsffN2lfTGBKRw7VCzu2s5a45p02UmGTpB9YHFY9YPvWC/UN4hJia11qK4ZVCIueyK6EljK/HWI1TZuF2gtuGn882Bjf9BDaOiYk3QNPoTcdewR8l9fc9safXCBVpVypQdV/qT8A0BDJ8D65F35LQfUvuAUUUej77zZ6Tt/+sd5c2VuBXZnrw7CVCAea1egyARbK6Qtl21ktzJvTB7jB7X6qca5ZYh+Qjzjc1Q7+KAHEIb8Xnay16RsW9RxSkACRDQP8RRywG0yW+FBlYkD4uRmTRMRCk8kdQq8J/c+C0m9KCjnbXuk8sEmTDVZtqZEs/gpRE1GGeMs5T0zOyDhq7vfLEceNv3w4REH+bAl4H5OD1OjvSUz1wWwFKF1v1vBuXHqYSjM8JCv7j7fR2ZX257wmUpwRpeUxMYEzvH9z70EIwni1mBKOAuPhvpa3OT0w8UOD0XFLijDNnRnZOcvAOonRVtS+L/vBQsQVORB
7i4gHs8s7J8vZMcgjRSa4pjDY5t1LP6Xqqk5hG2w9wxiC0R+oUHLtH8lJ8POnUWSXBeg/kBvR4wdDjuOe4urQmAf0smk+7dDVLbnfg/EOWg=
7i4gHs8s7J8vZMcgjRSa4nIPHimcd7Z0y7MS63Vb8D1YcBwBwudLVvSrIbpBKAxy3ZGxbDQeBByltJh8SkYiZ65cif2Cf5qNTniz1IZ9Hrk=
7i4gHs8s7J8vZMcgjRSa4vAHWym63bw879U0hoL5/jt9kIU1F09O+TNxW9P532hKlFQtR7r+mF8d7ToGw2QsT7o8XKg8ZLQ4Z5HdWgetvHk=
7i4gHs8s7J8vZMcgjRSa4vAHWym63bw879U0hoL5/jt9kIU1F09O+TNxW9P532hKTR/old2RlV3fYUuI8YQ/dqNxqkpjx2YckFJzvq9j+tpOg1/Z3iCoajFNRKwyXmaxgRW3hlbHd9m+a9gwcIrjuZJzq4dWRi5+aFBo/4Hpd+G61BvHr6o/xMPlSkOxTJMP/1KZl90RM/yEvG0XSOuj3xulJfOuHUbYkaCZ6aFke4Qy3z06qmhlDwhz6El3PpN3BHVWTXDZ48eV6JlO4YUYJR8Y8x10e/nxHdcpwYuH1oaQh2hEmtEkbgb6TxxH7uW8PGRAO7btdH5JrhedvlWZn84mTq50Cd6x15SGhgkR9xEYw1ioKFIws2l5iV0j1K3ow1mqp1qNnJBzk32aY5JsXj1mJebAlHUvFuiTpY400MXagKmx0goRcNM8t/6na0+Oq24/I8d5k6RzGiZJXDo2fRPPeW1S+6zPZ7aKKdfMWX4c6kgkCl1XWzv+3s4Ol2KmF7Oq0Hrhg48PeILjguTU6tjfmGWd/3KQwi0GIJ1iMWBxByfGluaWTVpoqlPsYr/70ylX3b6g5WYT3ySoP23+dGGbBAgw3PAoXOwkIlwuIIzMdA/FRw3JGMa0jwIn0bnO
7i4gHs8s7J8vZMcgjRSa4pwQBLmmU2PqeiccRbgU/rFRxy7unsMb+BM21yH/Ta1fJ+TLBopn+sMowRL9ERzxm1AIkDWHjnLPADCJ1gueux8=
7i4gHs8s7J8vZMcgjRSa4qc1gp+ywSfB7F5JeN61rxPVIngJwF/W50QNPVP1bKn3qUy2YmMAUgUvuhlJeTdPN7FyH2Re10aya8ONRapRXWs=
7i4gHs8s7J8vZMcgjRSa4gSZ8lD0l+4cyoiOwpzC9PvCtLRw2mrovJHDoMTBIiKK5N4sAGBCVwQeLHWRei2XcOZxqDSYPFgdJRIeILSAmiE=
7i4gHs8s7J8vZMcgjRSa4gSZ8lD0l+4cyoiOwpzC9PvCtLRw2mrovJHDoMTBIiKK5N4sAGBCVwQeLHWRei2XcDu8TzRS/2/Lv8M+cYPseIk=
7i4gHs8s7J8vZMcgjRSa4m+wIzCZN2abyk8JBdCssDLoQzJRmpgS5Cr+ofB9Iu6OFv8ulbjs25I0nilfs764IuWMS5VkYXfdCDWR94m3RW0=
7i4gHs8s7J8vZMcgjRSa4haab5YTp0PkWAKc0ZJtSJ028Z/mOXLQOFFbtJ0gKFiqdhY2E2iOmHCkKNX/c0zSCRKA8N4IC9UBxEAYetAa55w=
7i4gHs8s7J8vZMcgjRSa4tMnhCj/taSfNp+/bIuFVoqas/FZgjgTSLxxRJn9JOOP4kzDWVKJ4XKRGVnJp5cCKvNHN1oCi3KriPSyIj/YEBM=
7i4gHs8s7J8vZMcgjRSa4tPNPAZJgvLid3OtidaX0t3YBuPecMoKJwwKVuVPh8Q09Y6AAMc/Pj2R6rlh/u/8Y/RFgLlD2mmvsdkybOHvN2o=
7i4gHs8s7J8vZMcgjRSa4tPNPAZJgvLid3OtidaX0t3YBuPecMoKJwwKVuVPh8Q09Y6AAMc/Pj2R6rlh/u/8Y/RFgLlD2mmvsdkybOHvN2o=
7i4gHs8s7J8vZMcgjRSa4jgsCGnXTFmjZco6ZUJR+EHix89a2redbGTHrGiPQViyg4YsInHqDoqLLR6T5drTZTiOToHuSKFsONXYrgEgiaE=
7i4gHs8s7J8vZMcgjRSa4jgsCGnXTFmjZco6ZUJR+EHix89a2redbGTHrGiPQViyg4YsInHqDoqLLR6T5drTZTiOToHuSKFsONXYrgEgiaE=
7i4gHs8s7J8vZMcgjRSa4gWsZ85MyIaRYLqwSXISoxqzKvpJUhynPVQkmd87c8Gc94Z+feUIF1UIrRsL+0ZyNJOplO/x0FZAhjG8OAgZDf8=
7i4gHs8s7J8vZMcgjRSa4tva6giFc7RRNyragqEthREhRUYEEOWpLVRtdEhbqF9appsDbTFJgwntFiai93zmVWMz1c/TUtRIeiKN7+821Rs=
7i4gHs8s7J8vZMcgjRSa4tva6giFc7RRNyragqEthREhRUYEEOWpLVRtdEhbqF9appsDbTFJgwntFiai93zmVWMz1c/TUtRIeiKN7+821Rs=
7i4gHs8s7J8vZMcgjRSa4tva6giFc7RRNyragqEthREhRUYEEOWpLVRtdEhbqF9appsDbTFJgwntFiai93zmVWMz1c/TUtRIeiKN7+821Rs=
7i4gHs8s7J8vZMcgjRSa4sOQnx+E/o4AEcdbPqdLEfSEoAuv7OqrckKUiDqL2p/T9NxDdD1Jw8oU/1jZ5NH142g13SuZGrT6zvyFg2Uy/nI=
7i4gHs8s7J8vZMcgjRSa4gQ8g3akrLif7z084KLQY5JLpxWCtQgMZpV9uzHloEjb6PBbm0I1/dBna+V4hkRBVWszZqrexD0Yj4i+Z2gjDxQ=
7i4gHs8s7J8vZMcgjRSa4tqsf7zKlYEyR3WHNinINO1iz+FfLZtITAyuO7IVHkaOt+yygzycSOcBcFDMFxnCbaaIUdvD5spShhPKVN3N1s8=
7i4gHs8s7J8vZMcgjRSa4uskLiOZHrBcz2ZB8twcXRqsvKP9Sm3eLF+qSKz2QJALfWA3bFVYxu8vE7qLb+SPIl0CsD3CPC4yPVN3udAhFIc=
7i4gHs8s7J8vZMcgjRSa4uskLiOZHrBcz2ZB8twcXRqsvKP9Sm3eLF+qSKz2QJALUDlJ9OfYeQnlu1CG6QyH4k0cXdlWuwI6KY0Jw7WefkkIp0Tp6tY2m1TnhnTijiHmykEW6ucMJPRJFJ6yQFuVj4XwZIoNpo8gA1F64ixvVU7x2xeLzWNLyP8+Q6O8aUijIZCRv0TxPwsOYMceTiAhVy5egYs30V6X4EjOwG0dfIW9WBzLIzQ3ofPfZagYMpiycgfPWV7mXUoXr4CeZRsJvNAMPB7mGkhlFoUWepTIVtJOC0LDwYFmTJqnXOcOQc1PTfQ2iKdHWiX2Cz2rC6RuaO1LtP29q1i3Zlyl4Esi7b2DAwYpdqfBbgEjr7aFw5EGGm0Zc62SPIMyAjIFITfj6w==
7i4gHs8s7J8vZMcgjRSa4kCuNQ5iUZTw8mU90f2s2HngjQg/VUtQMnjWpMIs15s4j9Gure3rfVrsfglKsSiilO0lyY0O6LRykslVnSDwHGw=
7i4gHs8s7J8vZMcgjRSa4so8ieRg21rDwamj/5C/urSSyATCvWW8iKfjYViUUdDwAN0QDG/etS2TRA6jil8DE3SVk6m7alkhevxY+bDASeI=
7i4gHs8s7J8vZMcgjRSa4tV8OfmqcXdqUVmhGqqDbpkxKwxCKbTRM/cQk/thffmUgwiCEBzRK7bh9eqhWWwii9Bhs0nPa0e1xugCa/xaiA4=
7i4gHs8s7J8vZMcgjRSa4tV8OfmqcXdqUVmhGqqDbpkxKwxCKbTRM/cQk/thffmUOFINY+0SBeknCFt2ws/LXgPwIJ8QOapRVAADgl8MGe8=
7i4gHs8s7J8vZMcgjRSa4ooe22ySeORHfM40qqTu3StAbcIJL7DOtKrLzsEBn8SjPsExoDI5SHgZhVtRxGrXErpKPqC8BT4GpKTc02dt7cE=
7i4gHs8s7J8vZMcgjRSa4hralQA4pjdmS6ubYCmt4onwMAhujDzC9vCP7PDYxXA7kGDO/Wcb4ryH0rv6SYG71khuX4t9NFgF/x/vug0uffg=
7i4gHs8s7J8vZMcgjRSa4hralQA4pjdmS6ubYCmt4onwMAhujDzC9vCP7PDYxXA7Rclo1C7b9VQ1N4XDkcM8oNSluudBWWKy6ylma5Gf/tjIcXBI5NlbnQUBKrr4HQv30PYN433toIbfU+rwd4AEO4QoF04voCAUJZ9hRSYxduMSBhAaApqHphhUQVuWVUe7Y+u1UUcLf5NR45DpuTYn0L0G8U2zE294zQsmLHzwUAbcblJwTg/SXAKj6D9MYhfnmJe4cM7Tn/JypBN7dO6JAW0xY17UJhxX8GwN/6Mxbjw39fVeK9vnFZQ/GRyvqGQIvtIZiXgLIiZRs1M6izC3YMBaFmSTBbKzcoXE4eFiv6NsNwr6rAMSd0hH3RmMJPgfdGdldq7R0/wWfOKpSvv/Yw==
7i4gHs8s7J8vZMcgjRSa4rkBqiRZ+XDFlGPcz+2TFawXk2kymB4Gbv2DRUAxBw1GxLWJOwzZlvHYAs+tcA/pvbUDn1kKz9s+cDo5+tLYZ38=
7i4gHs8s7J8vZMcgjRSa4oKkTJI5c1djstDqpmBpxYp6ZuLH+uRjcPDp5OhR2qxz83eBBs/ChpZU2bEIooa+12PCIJyIL7vLJk+GP0qNVRk=
7i4gHs8s7J8vZMcgjRSa4vzfDaf5WbMtCUv/FQl1TWFXEIPt6WoUfsH3Qp7GX6HyKtL6ZslcVBzcgXAD7/NQmC1RcjKPexLg62UuMW015lQ=
7i4gHs8s7J8vZMcgjRSa4vzfDaf5WbMtCUv/FQl1TWFXEIPt6WoUfsH3Qp7GX6HypdySnQSkueXO6d/ftGOEQ0GA8wGfHv6+EY1LSPDtCxw=
7i4gHs8s7J8vZMcgjRSa4j4gMjwWEf1I4xqZLKL+JvS4vFz0HcsAvTscLxuWqTJJlm13A3gkxlkWGdYNG17AZwnCp6yvq3lD7G1g1zGOxFQ=
7i4gHs8s7J8vZMcgjRSa4oC21G3UAxMSbeNEpbga1KVat9hw80NPogQBDxgp7Hf6XIT4CuWbY9ziW2jNfVqiZ3zraMAW9+cfSN0UEzwOYzA=
7i4gHs8s7J8vZMcgjRSa4oC21G3UAxMSbeNEpbga1KVat9hw80NPogQBDxgp7Hf6bY0ttmEcLbbTaszyQ8hZuXnMqZBglgGlYUMq23mPLrVkqql+F+Az9uib5BRMQUyCOzu1Ovheh182AwOKbTf7WkKkgAeWckPyqNGC7CBRecEqKNlfaffbGSHAJOT91iNDCkA0+tBHoGE4oAQLZp9FEkFzSk7PtFQrFtUqPLUuu3UdkvCR3CZJ+wGihXwXvI2U9570BAEfhXR2vE6iLt8GrV65zSIj6qKitvfKyRFWrk+q7fbZhyd3/f2SLzpgVIOVrU6GSPD2RwMzHJ+6MZ18EC3X/F+bzKHRUQWQPgUBbVG1A6kEmdmy4B5omRiR/RoKXDYLWbc9HVidoUyXE4A66w==
7i4gHs8s7J8vZMcgjRSa4nbBH4Ayz0/EJ1I0FeQvWL2v7s+BIpFcdHVSMV2070CPepkud6q/Krawq5zRpgOp8+VxJ5IKqMjLJr/myP+3bsU=
7i4gHs8s7J8vZMcgjRSa4ssxJ8Drw71m/H6doEAwebTm+W26U78wOfu9S25rblaoHY/ZlvK3yjii9+lOg52DWRHvCj5HDbAsMAkNBsz0j2c=
7i4gHs8s7J8vZMcgjRSa4uGHCBRRZcZaQ88cIqUKD8CqZE3RS71kWcv7PPnF5xnZSS617l9WoKD5iFrjJ7PATklKlVYiWFsoLRqquQjPcCA=
7i4gHs8s7J8vZMcgjRSa4uGHCBRRZcZaQ88cIqUKD8CqZE3RS71kWcv7PPnF5xnZSpomy5Jey/dF4vZyOr4X/5xrTI483r1f1lr5g8QhyEo=
7i4gHs8s7J8vZMcgjRSa4sL34a6Am4G2+Nuy82lq9FkrBkj6DHY3LR2DRSFVc0+aahSIuNUnSRGVF6+L9k274Y2M/ief+H8/2DY2dMOQPZY=
7i4gHs8s7J8vZMcgjRSa4vuBeEeSWj2LTA1MM8vLbkwa4+vh1qShXggYKxgMe+OKi3dUigcQEIYRJj89dLU5Ob1lrZgDFRgCUXtzuHOxthM=
7i4gHs8s7J8vZMcgjRSa4vuBeEeSWj2LTA1MM8vLbkwa4+vh1qShXggYKxgMe+OK4Yrl8r3tUbgOKxd+zjjx1SLBXI8z/ZPL1ILl6Mm4a7tWNLqNBS7Ytg1p/DDWNYCaf5UFwboQNqIVOU4TfIAh2s0D9eHNc4rB8lJJADJT0Iu03dsu+rUwOQ34B8IiByPw60m+3YWA/sDXBowaCBgtOBdUsojggWV0mhtgEeQeYaQKslncrNsNCmvOqQXGW/Eb+3eEMNCJ49c0wuVEVmD1ZE5rjiY7xo4KhQiZUSLE7c52itorhERBPCUI5xJLqPLOl0ExVMoe14QDes3UcitA0EZC9NT3DzqW5sy7EEomOa4Bu9C/mUyhuy/779TfNiiGuh46UVXP3PJ8ICPmIkufrA==
7i4gHs8s7J8vZMcgjRSa4t+oa4muZ1rrnnY/tl+90BvlM6or6B/28cc3S4DNg3VPk3favWE7Tctl1PkVrLY+T/ESTW/VsKx9wF2D5IMQRCQ=
7i4gHs8s7J8vZMcgjRSa4t6Pux4e+Ymed1a59btoXkaFRbw6cbaHLDykB3PDaqlP5U81gbmTxNL5t4deouIpg1ZbRl701AatqEx10mUHjm0=
7i4gHs8s7J8vZMcgjRSa4u2twG8R5H4qet8G4DU/RYIdptowCCMwr3WlG2mr0pnrATnUN+LGfmj5EGOQ5UiMsjZpLmX7EJKxfFZSqh6Q5YE=
7i4gHs8s7J8vZMcgjRSa4u2twG8R5H4qet8G4DU/RYIdptowCCMwr3WlG2mr0pnr+15AlWSh1wzrqSg88Ew9T4O70sf/f1/0tjolp0ylxFQ=
7i4gHs8s7J8vZMcgjRSa4sQ3vqS6zQNr/KcYhhQJiuXJ7d9QiVZ6IVbOe05C3nehVSFgQCI3CyiM6gf7o5E+JI45PB/gDKAptL6osg/3y0Y=
7i4gHs8s7J8vZMcgjRSa4g/521wgftavfe+q3mI0fgsLE2q9U8ELqPzIuy7oi6f5UP5gph//4NedWKVUjPy+s9ddA1lBAsTVo1HVP6O8iLY=
7i4gHs8s7J8vZMcgjRSa4m7KSAR20hWLQmtmacYGZUUw9L3h+IKIl3snGIiSddu1r5SNJknhwykmOsiW1w2/7uLE3fjbOSYBG/3xJSVqBr5BHPfr9rjBlL0zOjQwbQ2Zq7GAcRF8hl/S4qGFLgHHoJZH1UQ+ascwR+xSquMr2O/2b+/2cWIKU+6jM0uSQrIxY+0aHYrk8bk9Qm8uigEEOUdwRst/jai8SMOx4ru/qvzTZt31UDdym470qDXaHziLl0DqO39w2/gbxNw1XVR34Qr8o6kGpjxnSUDRCk3JFrINRU/p5jlihgtjk428XY2nTut6U5nWsH4q+/S+MSJtxgbc2EppxlCS/6Ju3mO4WOW72+v9ifpHEtrtQJB6B/0851mdjyTxvYdIkCxM70gU2w==
7i4gHs8s7J8vZMcgjRSa4qfe/5Ih4wC4PGOCx8QHoCIfMDxc4gzV0xqH/HV7RBnFcq9EaHkoPhnH1DnagMGPqb8vTDGAQ/6aRC5GBm+Phi8=
7i4gHs8s7J8vZMcgjRSa4tnFU1S0n6UkdRJfvrWrKakXdbMvNWJ1WWh2PD0dLAJAg9ZVjZnyR4drMIb3GTpo5NBK7t+qXJaN/wxFEKUz7p8=
7i4gHs8s7J8vZMcgjRSa4m59ZARcmWMhYlmDHPeSu6r7qXHX5ef5hNo7IpAt05q+w/ibmwvPsQcm7lZzjnlGHrNwvyJNNdUoPGVskepRE3Q=
7i4gHs8s7J8vZMcgjRSa4m59ZARcmWMhYlmDHPeSu6r7qXHX5ef5hNo7IpAt05q+HL/RkFQIvp9TjaHZea7LzsztYV/VzaTjq3G3z4HC3Q8=
7i4gHs8s7J8vZMcgjRSa4v1bjl2JazF2StGGNy50CgaqrBXtZCLqxWpSYgPfMJ5bwozqz5BDSTXWV3tCj+0Mr2F389dQEkktUA4mwvRJrC0=
7i4gHs8s7J8vZMcgjRSa4igqKFEFcsLFuyDf715Ro2kYtsHoyGrjHg6z6BOT0PN1rycCRag0DSthQPPSK94TbtnzshIUCjB6WFh8an0NEk0=
7i4gHs8s7J8vZMcgjRSa4igqKFEFcsLFuyDf715Ro2kYtsHoyGrjHg6z6BOT0PN1mtacAr8tQ29eLR1mrUskCo9CwqDM7Cn52mxQHNgvv5OYz6ZYWe2uX0D/9kaBZj4uifQ7hjbtNccjcHABExHIj20ryaEs+ns5VNTKzxMdpJeDcuItbTcJ/R+1WHlHFNWwT2YBj5uWtOlxkw7THyWfBkPu+ICFgw6+062Zz4R253kS2m0tSr4u2hsVkUqGxLyGXz0fFpOel/EhYxaS6U2dpHSaZ98vNTQzeWidR9Z+XgqiXeSeO+/bAJYRk5dSI7Ligsb4Ln12MCYJy3FvC635CNv8Fv5rRzzU9rYOXY7drVgWdPjFqrKZjVlHHbM+nANjoOFBzNVliuAPgoIkE+KhbQ==
7i4gHs8s7J8vZMcgjRSa4geDS7KUaiUj1/ZerkL7d65iqBSjFOuEqT1yk8U1ArdLw1tF/eCTD3otOa+5fZ10vlt31nUH4v3kr/lulD6nTCo=
7i4gHs8s7J8vZMcgjRSa4ouGM/7mQXjbqu9eREl+s/C9jRHYFJlnNXwKbgkFMbzNSU6tyL190yMzEpZoA1ab2i8xxRw9T5O4NHJYV2HU3xI=
7i4gHs8s7J8vZMcgjRSa4qcMbgKmvy0HlysPXaWxJ+coy0iEoDJRHIipXkij/3qVA3kw/swJ8zPav2HiR1WvH+2Puzo+F2oFlovMCKd6Evo=
7i4gHs8s7J8vZMcgjRSa4qcMbgKmvy0HlysPXaWxJ+coy0iEoDJRHIipXkij/3qVgLPz5uMI92xK2ogQbv28wP2eQKtIoQL3Mzj3eTdCUiA=
7i4gHs8s7J8vZMcgjRSa4hFENN6u8VgIEnCTQsKxXKOZZcISGYazE21cEic5Zcxg5X78mUDAZmRirfpIAMa28uuyG9YfFsW6Xc7vyu2wOxc=
7i4gHs8s7J8vZMcgjRSa4rsifCItmXEJibhnnZ1lSP3fueJujtdQuyJh3N0G0QZoMwVDyDTbxEDom3q6g6uB/ebwhNZcObTd6zeIbJkM/IE=
7i4gHs8s7J8vZMcgjRSa4rsifCItmXEJibhnnZ1lSP3fueJujtdQuyJh3N0G0QZo2gq0OnBwA5k5tfKmtHA1LW3sKaRi57NAWDlam2q27VOzMobAm4nTxPVNpKvXizF6lJJUgQZbJj72ot6rMpeUh6jOMDDjPWo9wXKt2hNdu6SxHs5nV8ehZ5zoVqTumfbBs/Gwm0CSJjd02bQx9RiBk70gb+LyYXOK7m3y9aV22Nf+TOzYvlBD+1jFORTBrCXX6yGMhpK7WP7o5+dyeOhpLKINE724kHGaihzQ3r6e84qyrb7GC2pvqw3lsuJ19DVe3cJEoqrM3AisKHCK3EnNyfmFejk6q/e2X0tanrbcmeYcDZa6ASWew+0yUMoqN+SOae8Ir7wCX3EKQCiDQ6S9Pg==
7i4gHs8s7J8vZMcgjRSa4sjyxY6oVqYh9WTmmSbl43MlP2DGlYwpLQLXwEKuQBPMvCAyAmOrlAD+ocEGNJeL/gDoN9zW5P1ZZKG20Yv8J1E=
7i4gHs8s7J8vZMcgjRSa4ieZw00f/u1oAoZjGRBrTA1trskytkma0uw9JW+eTueNVpmqcx7nzvUJ17ZaYxK8TRnx4XxpBZ2Ue5eujiqvfOs=
7i4gHs8s7J8vZMcgjRSa4uG+G/kq12ZBpkSBAQfGyS8Q+TwgE6ue5Q6G7C7/stucbZ/acu2ZZglNslHa0e8vFxBE4+cHESN6cr2u4QGYRDU=
7i4gHs8s7J8vZMcgjRSa4uG+G/kq12ZBpkSBAQfGyS8Q+TwgE6ue5Q6G7C7/stucZ0SaP/q4PoHB00nsYlOXEXLp7DGhWBw/xAiUlo1jZWw=
7i4gHs8s7J8vZMcgjRSa4uhAXg88mPrTzzOy3l59/lkVlTCOwQPDP0rajAkae8Fp4DSblLteCrZpp42jtWrbd8Xpg2IDTJPLLKAz9J4SJOw=
7i4gHs8s7J8vZMcgjRSa4kC+b0/zyL3Jcm1zenQPAD48QNccEnsyWB7VYpPXFCjZdZZ5QuVDFazP8lh5n1Ufkr6ZdV5tpl9bQr5nEpiqX0E=
7i4gHs8s7J8vZMcgjRSa4kC+b0/zyL3Jcm1zenQPAD48QNccEnsyWB7VYpPXFCjZTG11UI4HkKsY0ECzV3A3yL/jdY8mSUwapQgzJaGJx5WH+019fS46pDK/m5ee/Z7rnETd+SRsz0rEIlPCCg54t+O2XzW2Fgm6bStOisOh0lRjJPuolhKC9iphUuxnjCzcZGrIpPmKzIpXGNSvhZ4e/6+TM+6dXGY6h3f7iTpoS/Q8VdeMsD6gztBCcbwTsOSkDCnwe2bfCzpsKwrfqnQs1BSGpy/tSzT9Sf56vLkzaQEjkIso4d9d19XrZf73y8UmYAaNDXIcLnCobP3kfmipak64K5rlpv1gUledFlmkFNgz1UjxnJi2hXTmz3Du3TgmGNWwgD4+qNttuBwC3F+wWA==
7i4gHs8s7J8vZMcgjRSa4lKy+2B2MgmcRTFx2qpo9NjtRw8wymxIiaMb5asZLh08vHmhspkY7ikUHcixYdsRrqkcOVCAo/aEuAEXci4lCqM=
7i4gHs8s7J8vZMcgjRSa4tTG/PyCiAWEkPM4UH/EXcfR82XubX8U+YnKR5mNG9oqFH0Fm01NOfXxrWFWwiphqv00NK30hdQJbTtSBTpKHqA=
7i4gHs8s7J8vZMcgjRSa4htVjhwy+U8jrmeKoN2V0YE9yp5BuaBAqi4yoiIoYY17gDcWy7NYfDDBw73Xywo11NtizWKcdQyx9gRfPRVTA9U=
7i4gHs8s7J8vZMcgjRSa4htVjhwy+U8jrmeKoN2V0YE9yp5BuaBAqi4yoiIoYY17uzmqT3091KiKUim+zBjn/nH1S+BOB6n1SARn0V8HCIo=
7i4gHs8s7J8vZMcgjRSa4sCOuJRPuR0taRX/Vvu7qHYOakY3KnV0b/GX01qMhoE7+PCwhYN3RQq+7S4GozeTcVuf8c3aRZEXA7WgERatGnU=
7i4gHs8s7J8vZMcgjRSa4jsGI0RcWZj7QWkZET+MJTfRIT5myPUM6D0cP2pmMOVQVSG61Jm1CitIAFjgW1CL1gU/5vVTMMRAJ/WOq/hXk48=
7i4gHs8s7J8vZMcgjRSa4jsGI0RcWZj7QWkZET+MJTfRIT5myPUM6D0cP2pmMOVQDr4e41+jvkB12r6R58EgHpaIe18+m7ktIM854TtL29o/t5fU5peGtjghoccmrUHN/ZtD2LrpHutxUth/XR2Zo/SloBjrh+gSKJtcrc2Cwjn3a0/NYKobxndD9kKrlWCBQvTRMXJzFgCpfMpxGmMgOoWd0c4cjxdUY0+NjbXrmHSTQWM7ctESHpwruzO+kS86KCDuvgCGmSeLLBG8SS4oSS8krgF4JpFiWP6lfsdM7Gd143yyjBeRqtROC5RsncYUvYn/ys7vraEp6IviW4lDaBZlKk4ibXYEXlmhdof1pJ6Q1JJEFnYG/FAF5PBqjvcR2snngon1QBN9k+4Lhe4kpA==
7i4gHs8s7J8vZMcgjRSa4uFTljI9NvRfecq95ERiIToyobEnXY5LnzfOHz2SAsrQiRydM1a3ioaYg8zDQjPpg3Y/5SrOjqu7So3VAQ6qDTQ=
7i4gHs8s7J8vZMcgjRSa4mUyddyl3ZaHspkwa5ChoA1Irh3SlnqjcbltYJJJTjtfN/Dsq04GHVTMLuUHvfdJhaoL3uY3vgghRZ5PiH+yG/Q=
7i4gHs8s7J8vZMcgjRSa4lPIqS0inYW0Xg0iCzFohk3uK35+4FS43e8ql/HyMIG4uJdrJJtM3R5yWxwGBFcoKu1Da2j+HymvC8y+iBZL7i0=
7i4gHs8s7J8vZMcgjRSa4lPIqS0inYW0Xg0iCzFohk3uK35+4FS43e8ql/HyMIG4uoMh70QkY/n4K7OZAGCc7KA0BGlQlUjO+jG9f41jaSs=
7i4gHs8s7J8vZMcgjRSa4qc4HydX66sjRwqYlwejCpRY6kdHPyYDSr2byjlsRtq0uKu+295wugv3zJZhxqpY9s6QpM4rm/5qGo5BMJtT1xc=
7i4gHs8s7J8vZMcgjRSa4o/vlYbt7ZXEIyZv8vDi7MWlA8yEBNhIhUV2z7vWDAFHnwAYjiyNeudyTsGA/2TNUqopmT3FVJk9I9R/jXeP+3A=
7i4gHs8s7J8vZMcgjRSa4o/vlYbt7ZXEIyZv8vDi7MWlA8yEBNhIhUV2z7vWDAFHt+qqpP8l+ZTSvHz7+ArkozLvgbZtXNb5sGcsTRlsvkQJG51XofCR6DQjqfYa5jR28XQvcOEn3K6+LOFczgiddtFU8iO+XGWRCRLexkEUtUrkmV+GI5MtTxv8hxhErt+12/sw7lv1O5zLMyN0XRWRmePdXY1ztoFDIV9TImi3qa5CBUf2Jp9R0HvuA3ZTGzArZPL1eRwqn1/8gnW3xBjCfFjFii1/UdG9E91WjPRbYbDZfS04HsF1WFZlp4ShKYIwZYArf/faW0LCZAGsHulUy5BXLICkK4jYGmkSPBdWbUd4pOlNaJt2LO8+ZprY+3OdCjiaUXl0/Nejrjh13RIwjw==
7i4gHs8s7J8vZMcgjRSa4rHfQuM+NRhPFa739UxAbx8pKkiRmWtZLG65qHmhrxYODwjiXrpAjElawz82tywlJ3AdhnUW19SATmAGCh46Spk=
7i4gHs8s7J8vZMcgjRSa4uszpdZMoGiF2t/C/Qc005X2cWmq437sWEaIuBk1bmJLdQH5P1AxD677tlwuO7G6aYwZzU+D53hHUqITG/fyr8Q=
7i4gHs8s7J8vZMcgjRSa4vu9lbeE5GuXi7qmFpv8rINno6vCbsq5UpzJiSWl84t20y9V7vTPvyxeUHipfUal9cX1ERJI1NdnQ1brMu8m/uY=
7i4gHs8s7J8vZMcgjRSa4vu9lbeE5GuXi7qmFpv8rINno6vCbsq5UpzJiSWl84t2w2GALUf9uSfRy9vYD2/sgGI2WlUeB4p1G2SXEZsOFO4=
7i4gHs8s7J8vZMcgjRSa4m+B5Wrj6/P67MzCMi/295UBZk90COpMyxKNETAMlj2Jjqd37vZGyFTW6kmld38BSdJijTFl+Mykn6o3aXeBYc8=
7i4gHs8s7J8vZMcgjRSa4g5P9+bA2xH1byQwzaw1BhnS6J+QKy9M9AF3NR148oQyeTBabckD7GZ4zvpK3O9VONUZ8aVlMDrI4AS97EBpZ2I=
7i4gHs8s7J8vZMcgjRSa4g5P9+bA2xH1byQwzaw1BhnS6J+QKy9M9AF3NR148oQybNbI97+heBY5ujzc+fk/V8prCyK7OJzzArBUO5FqAC4LmJqvtCWFq65odY4a3OZfWugGtxh848g0g68O9W/TiteAh47gqov5rpGBCcT0EnypPV4EwocpCG1KIORf5vOMW705QDZzvKjIDRUqBurCjquyg5nenlwj1oo3lwOoyhjDWsrDEELz7BuB9/LcgiNSXZr3Lqs2tUP/J7o8550DA4DxMOvmg/WUL1iT/T2/9mZGiIOGicV0iy7kXENgwadSvDCq0k+9u5nQHhBJpitYw0EaT662yiQ7s1M1yFQiw8AJbH8dZq/bnpcHTli+JjxLyY6XVOxPN59RpX5Czvuhow==
7i4gHs8s7J8vZMcgjRSa4l6tQtGjNPkesKFoUpWcbfOz8l0TyNj0S58B9IsBitYKYi2pmTRhDNTrgkUBheoQHZXmaE82+nuMPt6VvzaailI=
7i4gHs8s7J8vZMcgjRSa4hqq0yvlFtZzg136qEC1oDH1a2NyRMIY4uappZQShTgmcd5GThfDs0lZqfkkbwAGqVngGueruUVCl87pXd7pEOI=
7i4gHs8s7J8vZMcgjRSa4rgFgyt2BoFUJ9A3Gh0TOeO2UhXTITbHdTgMW1HkNJ9NUWY8u5wFts7Ny2WrQzcrogTfUC7EzciCSUpZ+7VvCiI=
7i4gHs8s7J8vZMcgjRSa4rRw/ZOULmKmOMBFO5TL/HJ87p8/D87U5nffK7pgmGhYfIJRloVLRNOUM5jKHguQKU70jVAq6D3NgJSAMortVyk=
7i4gHs8s7J8vZMcgjRSa4ihOZ/zVU3wbxFXefvxj7tIyW2Qi9YpM7YvJ0wDkvijPK1hazMRDdjrn5/aORmfCiM9dmXO9gbyqbAxXjrFvK9Y=
7i4gHs8s7J8vZMcgjRSa4npoi1HkdphbAZkmTdVvWyrFqEru5wMBq9A5RE1WEXPGi3KOwU5JI+G0hCK2yWiwMmGuH2PqH47p6KKbshFsS5k=
7i4gHs8s7J8vZMcgjRSa4npoi1HkdphbAZkmTdVvWyrFqEru5wMBq9A5RE1WEXPGW+pU/QfIT3XeqngpN6NCM9atwMGCi+K/8h3DF9fxqy0bukTahOuuY9KOeYiJAFNHGE3+bCWnGp/n4eABSLhMP6JL6uVDxpVSTBtaLrBUNS1yNC6sYAqRmMzgMEutUfPQIhV3BWue+yVjUIFHHntZjF+3lqwt62dOMDse95+H46rjuuvRJ3CVXcLCfijHV0Z4gjBXd80DBxZ5hco8ugteHhmN+904rzuroOxqbxzpKLSK12AFp7BkXZza8ItJObNmy0i5udV78KVZFHYrMEf7BnCUtWxLhsfknCXyiknOWIrv+bNId0DjxLFaiVi+cu/NtVLO/Jgn6IuvfKcTlYrBSQ==
7i4gHs8s7J8vZMcgjRSa4qavKf6HcutcheNax9riFvj8pSd/U8Dxp3sAZdg1Foo2Bx9/7vfneiyi1kNrwXV4E0NnnD8Zwkh5AemB9yKkpFk=
7i4gHs8s7J8vZMcgjRSa4peRUPzI7ktMXCTGdvr6nEhhvLyiaPwStFL6XaXWYUwruIEnRpPG8jJxtylKZ/9xSRwzFR9zkXO82084S+OFyYk=
7i4gHs8s7J8vZMcgjRSa4mTPxwoVNI0SYL+Qs3OcCGHAjl5sLvwZgnUnOh/Nz7ysVBzRbXXg1hBcqzqkxtdnO9BTZ1rF1CRyr3jvo3MrL+Y=
7i4gHs8s7J8vZMcgjRSa4mTPxwoVNI0SYL+Qs3OcCGHAjl5sLvwZgnUnOh/Nz7ysDExZQfN6IDKad2pmFcIsfo310FpArlK+3h5avMB1jbs=
7i4gHs8s7J8vZMcgjRSa4srHReXyDvWQuOjmSfv3EIEKdcvkPkDZSFlDmNoSKNWS5C2ozNqwpP1Ej3eg7qm745CIFEg/JvDbY5dvEb5r8K4=
7i4gHs8s7J8vZMcgjRSa4gcVxM6ezLkaBqVIGf6+QoecfJn6UmU+D7JWQqmkdfTx9DRFS9m6ivSolFroJhyfjlQ+afqE1HUCXQy+952XZW8=
7i4gHs8s7J8vZMcgjRSa4jGA0+pgbVRhvWJFOMqwXCPDRTO1eZZ+S5ZE6AQ9TtN4tA5d6J/eGHbJn6T28haoTsVspuwMiolRYTdCkrFVaSg8jlZOeSYw9JOo0bXG2tSYHOAVqNxhJ2s9oE6Tphwop/N1rsDFpJqM0TYQE6Pgx3KJIdtiY5rAAhgmpj0j5pppIKmwo+1oJRXZv31gro4CPCSEMPvKmsSBP34G5nehoa04OuhAfXyO3nKGVUqJQLzU85w9dPXCxWQCcA0XrfZ0im7t9FVMbdBIwnbSybJEs6dOovYpoT6ZHZg4/v2v2qyVFioFXiCnPUAf/EX3MvIaj47xSBnTZg6Mk3tdDnEn3nA3Uvmqqvtp4AhsdWiFDaNm5jIyV3+VocAp7knuQBHYxg==
7i4gHs8s7J8vZMcgjRSa4tLXbwCVikQTTwI315qj55t4jFRJXZ2esJXcV64UAM6G4WOtyvIeza/xDv+tFqHRlv9uUYgdWjuUPLvKZXW/c+c=
7i4gHs8s7J8vZMcgjRSa4mArPtxe2nMgY6gmR1FBXACp5qWceW6IUK3qHS5h6+xdP8MJKT+uRI868MA11iELyFDcD/updGrLAEmmRGQQugc=
7i4gHs8s7J8vZMcgjRSa4tYGv71MMIcb4v5jr8SiLEKS3Ix+8Od3ACv40Ao6PpYXsxPpjcXOxSfwm1nceIAt9vHmZVgSX6BT8c2QgZaUP68=
7i4gHs8s7J8vZMcgjRSa4tYGv71MMIcb4v5jr8SiLEKS3Ix+8Od3ACv40Ao6PpYX4S3Qc5NDAccsWAKCqroUP1wNREVJXsemC37fqn+eA/Q=
7i4gHs8s7J8vZMcgjRSa4qELj0j/pHKWhcjvWjVe419TBdHy60cNZ4aPsTIXwCgWgwIFuVkx8UqS9w8IKDoZWXPpSljIK3KXoDqc9FtczLU=
7i4gHs8s7J8vZMcgjRSa4irXMO/5fL2zDGcO1w6QjE7VohfbaznvdjYnTerMmk+KColsERcvDw5pIqyX9SefjerWeot9xqEC1JRqP6+neJA=
7i4gHs8s7J8vZMcgjRSa4lJO/mcnG1fnfdcQIIz5WTmugKBpQaCi3T9DoMXt8Kx5bI5VTNv5qOokKChRaF/ZCSUV246CfrhBOBFJw48wW2E4n81YBmoVqVPa2kTjpeX/KzN3sfLvm2PptHVbyP5v2z+e8iWEJhkywi/Y/ETrfFBiflT++eF4V/uEddrSGQ+S1Y8lCVNl4ahqSjy5FGR3hDpB/apdJtSLVT7qDaApkQilkM0Gt8rSyzrqM657b3PVvBIC28Wh/dvvU/tXvk6l2cLXDSk1Xfv6I1Nohd+RWpFIb+L4+5tYEzVhPrnAFt3vXT6rqdsyX51jfO3TRLaKEnMAMzZNdoS2ffaao3liOGIiFIW+fGUG13JYzEam6gacL8bo9ITVrmRqbUHJi5XkYg==
7i4gHs8s7J8vZMcgjRSa4kiwBFGYJ4qyVo4KBjdW5YvCiTfk7LJ58Hzw9WwMb+lOxa7gUE5g9ec3UJVR7f7zc8v1Txa/fW4jowc1ShYE8Ig=
7i4gHs8s7J8vZMcgjRSa4hA4VtJEsFWxo8d4QI1qHDMR4WjopUlhviDrZW1O1wRa7sqcI8L8qP7PKZ7ALvxLx4qSRV3V6wHv04qfOyFF67U=
7i4gHs8s7J8vZMcgjRSa4qVHP18B6EoBpAeYP+bTPyT2CYkgT0CW+akpk1I3mYVsywG2vkRu3PmEZ990uAA0hhGNksXz2nUyiv+WaMQammA=
7i4gHs8s7J8vZMcgjRSa4qVHP18B6EoBpAeYP+bTPyT2CYkgT0CW+akpk1I3mYVs/ItJYBI2fyRKzqSYiZJRuddAHeSvitzTgrWo1cCYCzc=
7i4gHs8s7J8vZMcgjRSa4j2Q7xAsgalcDjGzn7fbpbLnvsK4YGtEevhtHvLRvDhXG6nITSy7hsp1oAad3ICiPU/LAwnsoVUf1L+nkW1ESWI=
7i4gHs8s7J8vZMcgjRSa4sbqBxxtEud8xfNlHFwJaydTUeb6b+cRw/kNt+e9/VTHtX283whjS26ezmtedUs3qnEdsBXAjnfaRFFBLSOFHRQ=
7i4gHs8s7J8vZMcgjRSa4gFSzp5Idi/FbB4eThSOkm5wNH5z/XSIWRbsQMS9KrKnx1LHFKByjtC3H0s9sho1RwKTDSIznWjQOy9lvIsQkMdu0BX6TMJtAG/uSmtn8JY6aAx6ygep3y0GX/sU0QOzbEdEP2B5e1/RcSgKWXbtS+bej9OK6Ow+eejq3WTcL+xJlIA7kCoHDKCV7Bop+I8navHRkfNzIWb0Sd84NTCfO1TbU105ATZfoQusFayYNDBJ0+RUM8tR0yngHQ4SVmdQ3gjulvvrascd6OWWfKTarFAdypdjLXr2fUzmYaWhMhJj06uare0DcI1sBW8hVhB1Tq9pZXmeHxsY3uK3ZOuARBOOOM1XW/jTNQn6AEkhH5LRfnbO1Dg+Qz3ghYS2iW4cKg==
7i4gHs8s7J8vZMcgjRSa4pnbjmz/21XCFRb0AKli3uU4Y9QQ7qGfOeJ/4EOXxEQ3mHHqN6e1BW+j+DuthS7Gxa+oAxwsTcjIISrdCJOMG9s=
7i4gHs8s7J8vZMcgjRSa4lSt1BDYUnhewCa9MZC57vd0CRoMZbFU+Y0uR35fQhw9BUZZprEDXGlYLksl8tSWDQ07us4oJvYZVwH9Mgd26F0=
7i4gHs8s7J8vZMcgjRSa4gg084MhvG3Af3CItC2/jIis/aSvxkY2xXh+xNTUvAUBuhf8GE1TkuksUm3DCd3mvYQRcaL6D9X4ngvBTKxAHQ4=
7i4gHs8s7J8vZMcgjRSa4l+4FhVOjWCVVeCOjF+3HEedxcjBLlqsSu2p+dkPgSsa64ImbmPburgp/6dsIyVYFeMMYjjUZ+c+zjSjPoy9nlI=
7i4gHs8s7J8vZMcgjRSa4nBhC5WDcWzQKSWqxVNKe3damhFb4WP2Q3Gr7m45AGEmQDefEY5Xu4EXpU9Zy5bPHuzzoD/2Hz0LfJO2intFSw8=
7i4gHs8s7J8vZMcgjRSa4mk3gD5oZAlkeK5661DJLFnzFi9El9ZReKyC6hgkPulpr6H4Y/3+ULcGb0aDR/1qnND/beqBgt+uy2b+YhrBIoU=
7i4gHs8s7J8vZMcgjRSa4mk3gD5oZAlkeK5661DJLFnzFi9El9ZReKyC6hgkPulpuZvcmIikwWWpgjuV5UZ7MNO/ngUq/BR3q0hOurXUNfm51gEOREbJdEhbgDhBNE2dumqQDzdlbwt8BNTxJjC32PG8ybMPfPjFlqhHf5S9kY3LqNUIYeBU/xZSc/ntLo18/g9W6F2KWUkNgQcqymnPK8C+8hT8vabMcxe0W/y1GpNGUCbxCN5/9FGAOetL03x6JD1iFIdbvwrhVQh+wahEBmN+XNFd8ne3v3OEYc/t+iVDpLllV+jo3oBqaYuty62w6TJsP3dZ77D6YidvLzPI33t0rr/SV82LM3AE+QSJfWjkzpmKS7INEcLFjt+F6gg/RyOh8p5F5/Rxm+ZbPAZN8A==
7i4gHs8s7J8vZMcgjRSa4lr2nE1oQ14aYcKmIDCzRBnr3dyEGu662uO8LXv3hJq7gYH9bo48mbhi0TboCmbmsWEjg5ngOPonUP+wPiE/DxE=
7i4gHs8s7J8vZMcgjRSa4vwLPSzgc0GAXXzUPYesPAMN4mem84pS/VOp+BiDZRb4nyw17bkkfTLRLfi/DZVnBn9SkVoJvQVo7F3zwC6H3U4=
7i4gHs8s7J8vZMcgjRSa4nNBNhNO5Ie2myqeV7+6cDCkK0+f6EELfgXU+XnQsccQC0IG9HwGMA4kGXP69fdbwL6nUTysUY6iOdBakWsDyiM=
7i4gHs8s7J8vZMcgjRSa4nNBNhNO5Ie2myqeV7+6cDCkK0+f6EELfgXU+XnQsccQ1Hp7UgSgvf5mnhz2AwXgvHY/1AvzLj8d90eeWrqQxGI=
7i4gHs8s7J8vZMcgjRSa4iVrmjdip12A+M7EoXcLmmYX0odb2xrwvMbFpm3VChpBpZqmBSj8+6UmBklMo6Hd3PUToPEX3dL1xR5AvOWccEw=
7i4gHs8s7J8vZMcgjRSa4iVrmjdip12A+M7EoXcLmmYX0odb2xrwvMbFpm3VChpBpZqmBSj8+6UmBklMo6Hd3PUToPEX3dL1xR5AvOWccEw=
7i4gHs8s7J8vZMcgjRSa4joy/VyvCcgFE456WBShQj8qlOaLRFoIaGi3cNAsOYkSZddrGfc7GrAoNrADu9JBVDDE8RnwlxT+NstOZMR8QrE=
7i4gHs8s7J8vZMcgjRSa4mouE5nTVBQ0US5R3L1YnEXfqr4oKLLY7vVIUd96ljEON1pVGzxTMzQl88BcI9q8QrspVPEXVpzo/rArCFcm5Z0=
7i4gHs8s7J8vZMcgjRSa4jiDww9f3V8H8O31hPqCq2qLjEbrHIAA3SK34WQZkbii8rOgv7Q4+kr9Y2veWpFKuxTtfkNvxc/svnyPq+R89xo=
7i4gHs8s7J8vZMcgjRSa4qcl0FQSYfxT3QcZSrQ5yqpjuWXE88siyuTrgV+UPNP1mqQf2V3cZkIJ6zh6+GwW9WXDO6hiXuNJw3fYgLhtBQY=
7i4gHs8s7J8vZMcgjRSa4oF666pOOz2xnWuyfuI8oslkMCGsvDl0jBtZjrUgWznFvjKC6DI1JTHnvlDFJ8iFnmz6jw8leEytMidkZOepi6w=
7i4gHs8s7J8vZMcgjRSa4oF666pOOz2xnWuyfuI8oslkMCGsvDl0jBtZjrUgWznF/7uvt1kdSu+GKhdwjT39pR0LemEXay/li1tl4+J2yi0Y66/2Cpt+2/AmAt2ufiy0yn1OihYA0mTqlB5budGrBa5DuR0vsn/gjSHcqH3HZUrA4nbaG7DyceEy3072SW+YcTk0fOmfY22e8pCR23bYr5E21+98RH7IDGtvkC5ZGMhy2OtpszBNup5AiiZbgLf3reL3RjiCc4wMLBFFgt2wWx7ROlA8g4MHoyh8PviwKa2ywcOtEIwcan6E5r9m8mmJTuH7vlgDu5A/X+XclNey1c4idp8dzZ5bguBvphhz+VhXSl3l7E7EsgBJ8infidi8RdR4fuRy2hgPluNMxdLppNUpslkIIfxuwrQ36skchvHj+QuzRt1RlBeV+Z7E/mFv
7i4gHs8s7J8vZMcgjRSa4pTZMllxu/SuQojU7dGuvAj8GTxDQjzAd832tksYjUfSVyvenONYcjAdmWxzfwAzlFX+iTQsDoADK2X8SSkPK/4=
7i4gHs8s7J8vZMcgjRSa4szKKR/exIBlQ04hxx5gsxT8L23w6dApQ2HfIM8sMT22enqAqbficnU30en6kfJ7DJhWFixvB3Y4GbPUHkXxoGE=
7i4gHs8s7J8vZMcgjRSa4snb9dM2Qwa/6F2TAUNQ1z5qwqY+O+32B6A/AQ+a0XBtdmQpiCmP5+AdrVja4c+mz2xm75AjHVoKiN0wtcx9uSA=
7i4gHs8s7J8vZMcgjRSa4snb9dM2Qwa/6F2TAUNQ1z5qwqY+O+32B6A/AQ+a0XBtQdHeTl9vszy04PGgZOAMkEdfKWyzOJUap1VuhHH2WII5dXCBqdm0S/JDbjvB//xu7OW+lmF+qv8My4OPwfmqInGXOpijN9ah1QqdNodq2TMc5xe8SC4W7p19UMi5rkQcWXq/BjyEYtrzRZXqwm3U+7qoXu1cU979Vrw/OdY8Mynji1kJq1o3Yd+9Y89oDF0q6OPQRpd307/xiXp5kk41hNSxER9S7/yiekSigEOsq10+tECrJaPJMiCG2GSK7Cy/v0FJMNw4kaOtvgm/tIyViy0/6T9SqSmULKORJND79HTTrmsbX/FiyKjEmKWeZ3ZGB9M1Zu3geush4AvqvozCkQ==
7i4gHs8s7J8vZMcgjRSa4uhyN9Ur2Tqmp5qMPVuneR1lCf9KpbIKcf5OQ5FBh/Uhdq2uPTSIfbGY1pNj9qpxJGjSbWSuSN7e2kqTdLQMYNw=
7i4gHs8s7J8vZMcgjRSa4sb25BAROQQVT3b5+oRsbAVD/wfMo1AhcRgoHRSVaGXugi7AKaTUQOUyMyxDDbOE2z3f6oawHHk1XdkEozddenk=
7i4gHs8s7J8vZMcgjRSa4nTPejfezgdZJvkXDvbV5nlXWMvVlSjA5Ig9gl9cJIGxvceUZCE2BaPKNVOaYjFmWIMyUDJZhgM6k8SI5gZTJkU=
7i4gHs8s7J8vZMcgjRSa4sL3hpEurxE+4lM7AFPshVkhpEKWjMqLyIWGZpTnmw7KXv0skOIJ1cBYuAA1BDJwHjYySZd0AyBvr1v+TzNbsJo=
7i4gHs8s7J8vZMcgjRSa4sL3hpEurxE+4lM7AFPshVkhpEKWjMqLyIWGZpTnmw7KIIQUQYQRNKLVjY/Il00DK6GS1TFYEajTXubK5EeKJWbXLubsgj5jL9JcfEBWQylrFBQ4cX6CbwGiUKm3ISHGMw7Cgq6blg/WzO/P0erQ7mv9TIFgTjhAm89tI3e8VQN/8sq0rJNXRHC9cB1JeJETNikfBgC+Xzxk07TmsnRsuExeefWpUx1rXQhPL83ehc0EaGO2rmeYsbFg4jTAigUInGFT0BvhcgiGvbbfQM+lOp/giGwe3Fj6e8l/DTsT9ICk3GE3FAiS2p+yddjMxRruCFS/zAzDBvoRSzgX9CN4OEGvbkOj71DoX+4tKf06fGuvm81ek7tLU7YprIp+AZHrbhsr7pxEPR6WR94j+2M7phCPFXwLfrw0IEtSHLIcIiyvzn/Wwxs09Ui2GodIayCQZxhI0NcbNcgoGWnOhLHF4EKql6sNg/36R5MVtV87SaYUTT3o3rHBxW7cOxVVeAe9Pv8IIftyvVzMRHusCrKxJfDGNLcTRUeCbtTwD+WdDmwvG6VZNy1sIPpUacoIwi7AFDRWuxuWbviDNkcX+5QTr+PRD+MSc70p/ERiIQat/RK1+pL6xTXS3ieqsWe6CA4D0AuHIr4CT5zZXNBK3vv+y64x5w/IQmHjg7glteWS4p7xitg2OjigERQ2jHpjNvkMAJpqHgMzKn78ZqHECoov6CcD3PQLE3qaJm5oLXDSbEsP
7i4gHs8s7J8vZMcgjRSa4mwhfpFVifTYrYu2j6cd20VgsmROiPXInHzONp2tt66pitJ+H2wge0uKZ7q7k9aOJwcmW13KKh2mrk3gijSEXhA=
7i4gHs8s7J8vZMcgjRSa4mwhfpFVifTYrYu2j6cd20VgsmROiPXInHzONp2tt66pHhz4G0inWh/GhoksCO0lZLlar0DVJlNsdU0BLsaVL9sYtniq1MnzOueyynqAOe/UmxypOWGpUqxmUoSSZEDmTx/z+dhu9bXJi3l3nbMuToT5U9sldXxjHHzL6i9atMIiKmC21Puv1SzkezhxiIrXQBX6EMP7k3xSuBF+Wd5xA+NBYCsfdeFQnsV7E6XW84aQeUToFWgATlskiZSyECOAk5/c9TudA7ZXqzAkLq0Dt6J2JEzlEHJycHti0njzFP28fPUoar6nzWp91i4NQV1CLqSjHafRvA/nckiDK8cXVD/4/ufHXHqWZzVbDWjH/5peRnZg71tBhJ/WX0N5QrRtCtf51afhrWY7oJ0Cd/rE7UZ1T26ArNiXuRwvmolv/a60vkcOxwjOwR1ipo/riEIoiV9sVuhSHHAKpoCHcSWVWUGebWnAMZt5aALb5yP1wwROkuU9rGGymVU42uzNNiFoq4WZVfyE9e2D5aWwMylQbgVTCBRxvi830v2upnDisiT5qXT1R9RyJKa8gKgqthMtBhI8W5p7oReYZtggxynb8mobJqXqGExkER/lVBIDvqb9NJfZa572ogXklFWvCVsd3J90W1PZ1mcMF3uypMptlJdb83mVBd6XD9cDJ9NMttRadpW706uTKD2iFiKH83n7Ja+mHBuVXq0bX5QqxaheUbuhvw4YiBj6pTPpMMNcKfvc
7i4gHs8s7J8vZMcgjRSa4mwhfpFVifTYrYu2j6cd20VgsmROiPXInHzONp2tt66pitJ+H2wge0uKZ7q7k9aOJwcmW13KKh2mrk3gijSEXhA=
7i4gHs8s7J8vZMcgjRSa4sdVuAcbKBDq1u3za3V1SnvMpsCf/XKIOonmxrQB7ShcGlbhTb3V+xJGCE/gP8w8CdrNBDQHCFUKkOvj1fY7SwY=
7i4gHs8s7J8vZMcgjRSa4sdVuAcbKBDq1u3za3V1SnvMpsCf/XKIOonmxrQB7ShcL1DnZJPVDgf2HrnKI6VPr9xEXiKahmeAGfIqJlhb8Aw=
7i4gHs8s7J8vZMcgjRSa4pmfPC4T/37YXllOmo/oRiE+Qk79qx+tq9Nedo8JaOPUrhL5VXq2JN2wO+EqFABunv0Qv/Q52vX4CfhDtDr+hJA=
7i4gHs8s7J8vZMcgjRSa4uhRrib0U4m7hfL0oZFT4vUMoyv1PKX9B2JC1RsTwVBRLaeKERu69GG9QkRwVUWA6C2dkNJxGZ31pPXr4o+rgFo=
7i4gHs8s7J8vZMcgjRSa4icFPiY4LvNj3BqzH4DSLfdimXHVeB0U32r+H8PWA841xpgXjIwlWvrovcKSkm6B2MTfKVfOZeTRJIqkaxBuR4U=
7i4gHs8s7J8vZMcgjRSa4gFnCJDjfN1Hjs+M8PTvs6oR/UGeiwrf+6AdFU2mQniL4Jc0Mb7gthHrS5zR5kyooPpOc/IlVDPvkAAJkMyz8dE=
7i4gHs8s7J8vZMcgjRSa4oL2563jXUb46ClAXlL8C6vM2digaWXio57j5Q2uADcI2a6MzLEvxd9Fd5rdW1T4hfZeDzFgFL+DaiU6AtPEU0I=
7i4gHs8s7J8vZMcgjRSa4oL2563jXUb46ClAXlL8C6vM2digaWXio57j5Q2uADcI2a6MzLEvxd9Fd5rdW1T4hUXRsT3nrWisCM9OmcDy+34=
7i4gHs8s7J8vZMcgjRSa4musHLRXEKZqVxgPkj0wWsDUjBFK4g2+b3a+Pbc+AsLo8mNCJKnVrNaOubRA/KcniZNzK8IZYbQdIedmoazdHx0=
7i4gHs8s7J8vZMcgjRSa4sAa2iyTXc8r82gCALJNo/Zh8Umd+fW4igKDIjCobRl6IiuX2nFGIG5SeybH8QIDTH+VIVxg5ySWeFY6ABnav/s=
7i4gHs8s7J8vZMcgjRSa4sAa2iyTXc8r82gCALJNo/Zh8Umd+fW4igKDIjCobRl6IiuX2nFGIG5SeybH8QIDTH+VIVxg5ySWeFY6ABnav/s=
7i4gHs8s7J8vZMcgjRSa4jMAuFz9Cfji/isgnjFKQINQNRQNLTgz/Kp14fGvC3YSZJ8nDVHQ1f085iZeFTWZakk1/pHOBQyjwwwm2DcFc9g=
7i4gHs8s7J8vZMcgjRSa4jMAuFz9Cfji/isgnjFKQINQNRQNLTgz/Kp14fGvC3YSaZbNI8nYpbcnsobYyMmOLC2eXtonXH0RfAb7BIqJclq+C9AN96BTAPIGLQKno+B5RUNOENYwmda9z5YD9YqZC7CvjUpPDZc/BEsKCnxzrP4IuwoNyaUFbcevEos9Xrlnk1BOUYcfYN4m3Ypg8hJPwcE2tauPyPCoQy3IyHdzch6zLT5+WHbiMVpuVvqHG6njqfcqcNhbomIEfQPJRuEHbuQrXVD3TTxYXL/SCtIUrLJkPkIgqU2kn4/LkEyZz7ZHR32wFqiwGW8OnUzu9bPN/hqQsuQBO5+bmsyBcOM7UIOxrVtbyOSB36Gl8iJ6Xezh5zZhY2zeal5RcRtqIVAIdQ==
7i4gHs8s7J8vZMcgjRSa4uE2yaffAzit3fANuW8QKkkg4Im+3JgT+w53+q3C+koDZYeSDItZDQ/yDqjyOxoLV4Ouq0hrxvhTduc7rLGdeQs=
7i4gHs8s7J8vZMcgjRSa4uE2yaffAzit3fANuW8QKkkg4Im+3JgT+w53+q3C+koDYIIYrRIaFduAFPXjjFxX6lGf/n2IsWsiFToHt8fMuBWOvkSDLc5WUjOJfz6zIvlz6QuuMcZT4JV4SuLjcJIeIooPlrL1zN22MyLeZqTfTdX9ZTMCrLUvbJWQbA0cu+2vcvras2RFXY04p49vRw46CXv4hP6SNTSF8mG5qpUjVRLxCRnF6oXVy9omplgSm+QpZ9Bjkx0gJHLd61YJ2gKbWjGK+Rw8U3Os2TxoAxy7TIj8hO7iXZ9kz1mBqoQrrB4Ai5H6eb5/0sTKi190/MLrP6HS0OZ0O9zVWkunNjXDkoe+ePvqVGFbsYiOMA5akBPvt1dzCc1T/RJ5LyHNFGjKesGxIhLj5pe3JZJvwRZ82rSM/7GAJ3f6jEEMmuadxiu4TydfmV+TPqdoRZ+9moLmUg3n+EDU2bI/BXDApOvrSRuDjgek9nUvhytg6vnfha5/ZXd7w13AyJhP3R8DG/y559uCtAEhsmmS93+mqyUFSFpMqzhx0N+DMmPwXocSiG2BNpaECbjPfv0Idkn2+5F1Yb+F9sPhHbZOD0XDSLR67r0qt218idK/WVALYMykXBKFbbRgS9ddEVonPVDR2Ou6Q4g2W+imJfEG7EjpTEdNHj00v44Z/b8XZJqTQ4DjnFBaktwX4ldRHEy+mRrXwN7lMJZVvjo7ZAS8q/a1sG4DwybJl/vcKj1d4VcizWU5fKAV
7i4gHs8s7J8vZMcgjRSa4mXgJXpSzBQ97MChXmNQJQm2mOAJ3hORPVk6IKxufpdlq5sFljgnlcGR8B8n9Am1y/Gsi/cBCorcq8y+tRQmV2g=
7i4gHs8s7J8vZMcgjRSa4mXgJXpSzBQ97MChXmNQJQm2mOAJ3hORPVk6IKxufpdlAndwoOyPairkrWAezVQWpSG++ou4k43o9/gqhCHzzn1ruV4bfFpSVbCZPCB5t4WIdyZtR1dJbesjHi/GVsaLrBo3k768rfz1uDWEXLRmgs0Byh/WLlDSooJXuRby8/8eZaImmLv9NNWN1o8ZCDwu1hjt0tCpnLGtIZexttYdztkDHw/EruJUwp/qOiQ/E+WjBYPdQnwhgWP6UWqL/K3gSivo7xpHcyxA+O8L7USw0QX/dR5g7MreKEsZo0J1mp1AsWKKPOCpNwJVjbbBmwTZ08nhfubT95bP10bROQbZTIgLQPD/jSuqBMJ9HbQSXYMVmXqQJhhjO3x0URlHQ4cuuQ==
7i4gHs8s7J8vZMcgjRSa4r+y5Yl+2e9XBDJOlViRofa0UC0OZwAutpdFbR4y471Zkv08waJPfzAyFKEo98eWCkDPkWt1smqjLYVLnj2pIQU=
7i4gHs8s7J8vZMcgjRSa4hHxM/aP35OqkKyGz+nzqNAx2tJ7vK+CYVZ8oI9ScKj5/wYgMG45/WzKvYYegEuXTe4z8H5Y/zjduAh6f+pVBuA=
7i4gHs8s7J8vZMcgjRSa4rqJbTc4RNy8Jbg2EHKVU+go4Y0QvCkIqnnAscllYo8bBZ/ijLn7k2MdYWkNCdE7OaQPJ8AiElnFR2it+GcEBBw=
7i4gHs8s7J8vZMcgjRSa4givnuC4fNAcfXoYYX3ZfLzgnRfYAxmo6pBBevjJO8fzHOWwYyFCEwoResmRw4u2d++FXv5DPj7QDOVjD3RMf1BhSsiZMMnOQB+k1UGg30iMuynKBL7WTAo18YQKkWUtCMzz+X1W+z+QbZz6LGPMR3R2j39jW5Fa5Xve7cJNcPcTkv4U59aGRhwk0CWesUcB/fK3k9igNFQIJ1yIrZtKll0Rt8+kwCwzFGnqEDJY4PvP06dEohVhhO/YaTq1xdjqy2jAbrXeaZB8Wc19YilvbggS8m2Falocy0D3aC56lG5ycQNyTpX7U11viEgrfrXDFuw93JDtYAZh6rdjS7SQprXvWoFLqXOUgVeiQfBF7ZZ9jZXJAAhuXV0JYiPgucK5d6HaP1IxbfS4ACA8BNd0UkupO6k5XyPKVd14KdVCmFSY5Yfzr8fn3mw48qivM7AHmMdohHT4rweeXZ4tjqux9jRxbTqWExmR5mTaBETkwkV216qr2HexxzjC/XFocd312TNbt1cvKLx4R4zvZB+2v1KySgVfvwfANKUte7IhiEg642EBtcymilqbQ8cfYtGxdOkMzB/hdHmVgDrXG3zPk7b58fSc5+I04Cv7EmGBxw8fLO0Zcnc8o5hRqst2iQJ9+7F6fvABSBfUtIZfSsAXxfPGuB+bnC8TuR+uIXKAgFDxpOU2klJZBrMnlN50VLjcyXHwqtZlX2hrr5x4W476hIP7/C4TWzp1rfCRndnI9O5s
7i4gHs8s7J8vZMcgjRSa4qOrDQTfiziUdRknSOykwWaaHCCHSijrvKE7AmBe39zI2gccKnWvX2+ncfE+RCVZDlkUBBXD8OC0zLOo881c/T8=
7i4gHs8s7J8vZMcgjRSa4l/vYve+YCHfLFLacfFWbUmCWdcPqixSr6zuNsDezxfU+tduFo9rbwh74QIS8yqaQLnLgJ1CqAhc2hlGRQR++0I=
7i4gHs8s7J8vZMcgjRSa4qCgHv53FX6XPrzLedm51uDgj2IjyfXekc/Z5apExP8L/jcdGJA0ukLuVXjurkwxafo+6XmJ4fVIjoBS4Bhpsa0=
7i4gHs8s7J8vZMcgjRSa4lc7i/18kztNQOdQx+tYMFPh0zCwmgVOnD4YIXGMXXDl9NVjOMukH6TKqn9d0KLIvPCeAtU9OIwUxHbmks8fzqE=
7i4gHs8s7J8vZMcgjRSa4lc7i/18kztNQOdQx+tYMFPh0zCwmgVOnD4YIXGMXXDlh8auu0giw6k0e2PtyJuE8MgnZQ9o9QKRN18k2iUh63gJbvZ4Ub2OYStwAVwQyfLxv4+8fF4jOmMb/aABDM8wpGLnsm8JF69HW3VdtKV9SCLFoGIM+JGOovI11VGQQxcEFdremGgKRCRI+l3JGFUrksSdqrG7uCcMYe9Rybc/0i1NbSnNbHLepvWToipynUoGXxkqkG2I9zZOBW1+5ja0CLc3oIUROIe36uJ0OCcQMClKVYn9w3vRjEgo4VBNWAYOb/DWJ3eGDsvHa7kzCW5ug79woKmF3SoMvZwZrr2MNYvtD7dcsRirCo3U5RNqya7MWnovU/ViUSWw59libIt1o5sfUKuzRhBK3Zv+fAiCz7K6XOSWaQUCnGcAulh09Co662OEBx+kU5bpBTvOjjU8oDRXd7bXJpEFlTG1+pscSMs=
7i4gHs8s7J8vZMcgjRSa4gfTh7wNk1ehlQ+GZe4OFJP9DjKE2s8/tpd05L6Sq5b+fMufkkat73vVL7PU3WRajCtqSgprNAtg0A6jYMAX1Yc=
7i4gHs8s7J8vZMcgjRSa4gfTh7wNk1ehlQ+GZe4OFJP9DjKE2s8/tpd05L6Sq5b+FEf46YXXpXqjqimzCTPuGtMuk/uhJ68v1Fh+H2onEuM=
7i4gHs8s7J8vZMcgjRSa4jd2TyNxWaV8lISqi1iPE5AM4hbw7plCGxvKHFltYE2knfHMKo2Qgw2bF/Uli//wwo+fism9s0XBT25Hsni9nH0=
7i4gHs8s7J8vZMcgjRSa4jd2TyNxWaV8lISqi1iPE5AM4hbw7plCGxvKHFltYE2kZynDRyCIIQywZozxKfgq1IXV3a9QrxjG46Jtkg++UViZ1z2OGzv8jmCPCjUWOnQOKByYpvIeXRvvm5F99XEBYj5fsXMr1//qZoXsolPDDVKwBZrllTdxf3wInslGt0qUvERN6TuZlaCPznKv4VW56p9/LVNU6RcNkGul5846hLwCQ/xSgFbIR6ah4QhrwRTRhBCL4gkeur98oa7lQzDjLHHCxMHs/Ha2rePFgQzXfhchqjE/zeWhfKgSkfKTy/c2yLd/itR8Y3M9Tcxz9Bq6ZfcCgO30LbVtky7vHc0E74wFUYW12hSvPmqzJVcOUIcOHSiDsE75jUSyCd/9nMWLWQIbfCf/sKLGMDIu+tz9kjhH5fFZy31HEMwtTHX2nM6UrZBdB1JAefK8RCwv6ZGk3Q==
7i4gHs8s7J8vZMcgjRSa4t1+YB5x/iYuEdemwN7k7/TaB0PDTSgmPZdCUyuzw8VCOaa6z+J4wGs/ulkoQL6X5+vefT/3jtUewUTyKCLzoVA=
7i4gHs8s7J8vZMcgjRSa4ky3S1WQL+ZzkolAsSzm85oQtnZzCovaDz37v73VvLPQ7dKLJtHLT0SaAH6e/FVI2uZucU8tEwWYrfTnqV/qf8A=
7i4gHs8s7J8vZMcgjRSa4ij9+/dTRWAdLzI8D8Tuka5WMLpJu16pRaGmhv0cYs5CF/XdFzQGFq+zou2gmPsiym/l8RL/dAuBW0Z6HTlkUzE=
7i4gHs8s7J8vZMcgjRSa4ij9+/dTRWAdLzI8D8Tuka5WMLpJu16pRaGmhv0cYs5CehW9PPer2MNELzks2zMbt8JNVdtIzDWACzjdJ6eRPQw=
7i4gHs8s7J8vZMcgjRSa4lH12i1Nrz7LtzbIVOCEmngASzuOoxucGqWoiPAp3TfhNhWZEfUgzenOofCW8gQIk2mTSW9fxblHvRzi/GKCtT8=
7i4gHs8s7J8vZMcgjRSa4lH12i1Nrz7LtzbIVOCEmngASzuOoxucGqWoiPAp3Tfho81OfUXdgInZZvjt17n38VfU+sL9tJIxsc3H3JcFW1H1LLEMKRxH71hSXnhcVTuBzdGR5CnLT4YfruG/Lce/luYZ88TbktqBFiK/y7+9QYt68L1MqwaROTqi+zIcIRFyuY64Efvpce1f+If4lX+/sVckqA0swUsldbkvMekqdEo8QKnBm0CML/AEitdWxN6qplFdfqbVvcRPthkNe1XyzleRqtZwJX3zV+19iYT+w/0gnwnk7K/w/XY2Whwa9XSFnn4syZZk3WL0Tda+Y3o6Di8MfsKKHxVQcXIAt3A21p8OI42/bFQqRmmgJvpp7IOf7ym7W09AwyQjIEsd+KmtgdWvDBhYKbQPONpfos4OK90iPW2T6nu7Q6wdOaM8Flfm6Hk3aFN0nLUhcflAyEApyg==
7i4gHs8s7J8vZMcgjRSa4h+07HZo2MQSRhdwYxw4xRMs0T9Tk/qP09+CUt6pG6SO4qs63qYm/kIqx72dcOcB2VY0+zn5Q8xXvuq4UeiV8hk=
7i4gHs8s7J8vZMcgjRSa4ocgSVtCzF/4s2CDD8oCnO3oQQt5zNqDjtuWaiAkC4bMecICwl5hHOCKgFQ2qTOwX4FeKQQk5xaS9EPQUK1TsIs=
7i4gHs8s7J8vZMcgjRSa4ocgSVtCzF/4s2CDD8oCnO3oQQt5zNqDjtuWaiAkC4bMFbnWb4eOAP8xprX3NZiNnFHjbiOE7fxKvMSRTjxdBDo=
7i4gHs8s7J8vZMcgjRSa4nCDZ4/9/ULAZXKXHMD6ZgZ1EcfpFIinzWFMJ+HMMMFqKDmS52By41C9y24EGP3ygxKKKjYqVJSfeo3swYYGTmI=
7i4gHs8s7J8vZMcgjRSa4nCDZ4/9/ULAZXKXHMD6ZgZ1EcfpFIinzWFMJ+HMMMFqKDmS52By41C9y24EGP3ygxKKKjYqVJSfeo3swYYGTmI=
7i4gHs8s7J8vZMcgjRSa4nCDZ4/9/ULAZXKXHMD6ZgZ1EcfpFIinzWFMJ+HMMMFqKDmS52By41C9y24EGP3ygxKKKjYqVJSfeo3swYYGTmI=
7i4gHs8s7J8vZMcgjRSa4hGIpbdwnUvDoe05hMdHtFm2f3d4Ug69yEesMtrsl4EL1ujmBo7Ll2CL/kc/rWUxCc6i2AlBrpAot1SK5L1UgP8=
7i4gHs8s7J8vZMcgjRSa4hGIpbdwnUvDoe05hMdHtFm2f3d4Ug69yEesMtrsl4EL1ujmBo7Ll2CL/kc/rWUxCc6i2AlBrpAot1SK5L1UgP8=
7i4gHs8s7J8vZMcgjRSa4jgZUgUUM4SGwN9LfZHdDwmITcVbqiMxfuCT5FOu2kWuXpiDq3HIB+mVsmp9N6lqnWNFHA8/2F+etmV0FpclEGc=
7i4gHs8s7J8vZMcgjRSa4gek/56zgqkkVcdUKfIqXMhPOF1wndkQNlxtgwUZA1FAkOdTIzxjEVepG8t4jVQ/SRGzlY2mbFqNKrxns1k9fDM=
7i4gHs8s7J8vZMcgjRSa4gek/56zgqkkVcdUKfIqXMhPOF1wndkQNlxtgwUZA1FAT2si7k4yh8mH1WxWGyuzgc+bPywQeNTYTEstWkOanq4hg6FJULiOlGm9hAgxvt6IjfcQOPa/JMLdakKs2WYpAp3gfzeP9ZjR31TyGGm4gNJmpwWQxDnJMiw1Optz5Lul0mKStrQ0etLcxA5wW9aBsHRaxN9OXABYq9qWYLUkRihEmGFZS8ffCLrw9MAjIsnunQ6o7gC5Vf7sNtEKAFbthk+KpbhEhcVGSPMZ18rXe/tSneyxVhuTbqQbK+AHGzgNTo1wQal45IVq9VvPNqzETlHeTJtcrEl6uM8cWwwsdE7lwfgUbudVHyX55BscWVc4xbjb+cOOUQTh1nh1Elm2kQ==
7i4gHs8s7J8vZMcgjRSa4tp6A60nBqWV5U5ivnVrPCoD3hc2Mp5ssm7j7j5zQY/+QXy75DwYXSHbkgo0LK5+c4I1wZUWj8KHrnDsj2s88ac=
7i4gHs8s7J8vZMcgjRSa4tp6A60nBqWV5U5ivnVrPCoD3hc2Mp5ssm7j7j5zQY/+1qqTG4Igt+Lq+Z2q+ZoFGPLBaUiLR7PrntXyFggqf1s+m6v+vD99DR8oFq585e12UsXbrq9ayBFPP/W+LwXJepbCXEPxzz6X4ugmfzZcpCWVbGWDMUzf6i0XoJhb8Rz3sWM95SPJKGkldDPTu7vCKZ6MDjREzcXACWXIe3F1RcO6NFnUdV6LnbWXwutHujBGMMeuFopquXoa1S+V0lHjn/eimCXpv0grWuVH3hIIgeLmg+I0MEt5+nWZlLIWQ/JqrRvt1EDWBrpGLbljAx+4srB6jNtEHSHwBKJI8jEcNt0qAG4qYh4LhZDo2/k9rF8ItjnlAMYpu7iAtTjeeBCBHldQya69LC5gYmUBnpMss8ictAKEPWhe87gxYxVFEYyqtHR/PzColb5J6Gn/2rQnCY922FDoTEp/W0h+GTDvJYdcCavO1wdRLwU3zjqB8en5C6+SI4D9Bd7IQhc37VJb46Q2zy9aslkOIHgQ8xLj5z1VOZ/K6ZLyL9LS7MHZp3sZc2SvWNqUNHTXpptW9YqNmaFde0nKJ5q2jdxVsR9ceHpDUfx3p/JqAoScyXmCVohSjths7PKQdyyoU5SdC3GY9pDPS50A47nFKX3qDIyVRhilHZlodHrKrkDhr5So45QH6vuaaZMP8LvS41S/ikUa5B38x6owivss8KONTUp+os9UDzG5XaXO+sF0Ml53CjHT
7i4gHs8s7J8vZMcgjRSa4kLL4vW0cT9PSdtvDfcbewiBZkpu8Tl8w0LY87Z5s3ufTdUXlaPswLveqIMpGPs5rtzlNRO8oVNh/FN6MfAsue8=
7i4gHs8s7J8vZMcgjRSa4kLL4vW0cT9PSdtvDfcbewiBZkpu8Tl8w0LY87Z5s3ufAgxqPeY2MfZDN5Bdzr1rAstfNF3dNGCgvFI+ICmbJvmkiLTO0zHe/yFAUyCTh6n5PK9LyrZDhVR54dainoL9aLgWTXxgBJ+9/pNM4QDDhwfuo57mMjvr/rV4AWN+OQjcTeLFTp5iNuhXYVoR+lSlbyJ5W2oUq9CAl7ki1nBUc2bwwlqydkkfA2KlWr0haOXnZ97yXQdKtGuIf4EOhMnnHEhLHGnf6kIiZKuNp9hiQ9QhWH8rx0pncIHC3XMsEnGSkqq5jEeH2J/HWSxUrdVmlYmViGbWijUJ93Xd3ZwsaOqLSW5VQ0IizZINfnszlAMfqe5XhJ3Tb3sD6kXTeYDV0A==
7i4gHs8s7J8vZMcgjRSa4q4+l51BKOnfYGGoZqInos/DYyeKhkwYRa1liPT8PYzTb9BHQr29f/56OQ6g9+q7YOUNDvDvHW6aOfRpZp2kt2w=
7i4gHs8s7J8vZMcgjRSa4q4+l51BKOnfYGGoZqInos/DYyeKhkwYRa1liPT8PYzTOmvQWVuMUAZLkLm4c8yEcS5bM2DklZuAosL1RBKrVGdkaOQu5xBCYr3hLVjnzqojgl/sREIkIpr+ACLvHJgZTTxySQt+LvN6/eFOsbmYUu2N8S30h1eMmKfQoUuw+NGOrEEgP8lsnq25z302/AH7939LeQ9GgnUwrZB80ibDpQodss1w+ushQukEvRt6Qg4Gshhe/l+bvdZSuTdU1Y+ep4YZlLB4oHNtWKxZMhIydldm3z4l8KZ8l12hUxuYEfNNuj/uL3u0VAgfrxgzyIlIWX0VHlor7VKxFeFw2lBp+3G7QmTi6fuwjEaO98MUcd2VyF9ixFZe2SFhkR13r+CQTt6Kc/NonvIHwVH8qFhi2lp8Y9mVGlw0VBF7l2/LBvftncSb+TxM9zOvLaliRVDA1CP6kS+w4p11mr8e0sMhgH1N+1EEdhq5Gbed+CDXxJTSB5QeH4IeK4hAbmcc8yCMH3VsaAWtCOUIIDut0pGTcMrsPlxcrq0QSq4QzWsqr/+RkHOVd5o+W/HjSalnF/wgVL6xwsCQZz168t1LBZdxVb9vCvdLp6/QWtanqt6cjfmnjzFNyF5S865P4S6Y2f81HmQixXNvDLM+K53milxh5LmHr/b6tcKXWa0TA+Z2engNril1+M72VeEAlpzFSCgxbriJOLwGTr9O9F9w3ooyIoIBjKLadyzGjHyaOj4N6RNx
7i4gHs8s7J8vZMcgjRSa4gy77/M9ikrQOc5SKlRJK9tvsiI6buf7nvA5PqiHKpkOV1ZZcALRHX62x0hy4T9NUKrHwqwlhOFlNmcOV9Kjk3c=
7i4gHs8s7J8vZMcgjRSa4vDls8v+2LcrSyG4Pb8DbV8YYk2MEacPOWC2mqpMz5cJiUhAVb7NuuJ/Ayi5zQ3XBxBvfwP177oYaw2rjyIIByI=
7i4gHs8s7J8vZMcgjRSa4kxs6KDU18tTSRG5MSqCzD7txWGUkBY4uo6hOka5b9LTJ1s/QKXdjP62uOjozkoYtYVvZyi9gwijWbeJ6W54fhM=
7i4gHs8s7J8vZMcgjRSa4qQAQRHwQRod5/idkW0stTZccckpQHI6ySWlrEWHpm84nTj2dUDqdIdFtMkcMf9Ntq36Q8D1s4eGM0VD65IoeFQ=
7i4gHs8s7J8vZMcgjRSa4qQAQRHwQRod5/idkW0stTZccckpQHI6ySWlrEWHpm84nbRKesBHY6Q3EWI47mykMqxkrmiIcybPpMFZdsOloZ/DLkyd+zXrLsrkp/bpgejDGR7CWOhZbEcTRsnhV8zAlM1WO4XanL+JmvaCKX7rs9hDuP5xzsrmqGRkwmtWRjS6dvVeQAJcbZWuUNEBPrTYdlhS7yWvU1x5rmCw+EVjmo5AuJCgpUE3slOzW293YFn3fmol/DvXgHKZuuLjJzrbuzQVmmCxsA7zb4W42puoUDfMisp8LvRAbTa86RtvJ4iEQjn+DZDtTfS0MU/gFsSJmuiC7S1PwavbIbVwGMvm2tMLO3Z7P6xcq2F8B1E70SUmQpHTQpiolQmiLvRE8O6daR1H7XnC4P8lo7oL93aMTmPSO+0GfOGVfMXmXzj0bVMmJyhLVICRksaC7MlCQB3+sl7FUvyMU8JgA57SIZ4piIA=
7i4gHs8s7J8vZMcgjRSa4vxD4OKE92h90pH31fAxAD80OUcvGNx9hmYtQglTHC4yE01G0cu1w7AyOCwiS+D8FhrQnbhMNLAsz/wpxwjqKcU=
7i4gHs8s7J8vZMcgjRSa4vxD4OKE92h90pH31fAxAD80OUcvGNx9hmYtQglTHC4yBzENliZhqRyp8ogVeHunshltlkmsF7MDNaMDJC4a6hY=
7i4gHs8s7J8vZMcgjRSa4gBV3c3sA3dvOO6sK5chhb3iOBZkx1ZaiF1drGTSxHxcjFt6qKlAFcYbVfOmrsmDdrKWDJSn763xC+OXfitC2oE=
7i4gHs8s7J8vZMcgjRSa4vELjdFAwZTZANUPrs/CcYnnQx3VQPVVX1CjtSCGRUTU0y9a5kFW2kJsdWbhA9uSq7mqYIvP17SM33OIfTt8DtFbe2XY5/Ijptzb57KDdfeoxb+yG4fsY/yiQKYtmSwtDmQqggso8/WuCRMCuEq+H00l27NA6RUlTWMjgyKktmfEU+xVU9U+96jPXJDCxgDgrrE+1em2ENa9vHyBOU1fMD3xNnbqMcTXhX3egdeuN8xS8qCpN0jr/YmQLcJHWlzboz2LkqlSFTkSfccJDwR1g8s9yBHkStPHJGhAxsgFCy8K9xLXIUIzauFkuiUIxB8QrvrwLFYuiUFtEo6c78ge2qvXOhlVcuCiHsvGPyBkluHPhaW/GD6nL8ICxqgILHNHzZBsxl2VUtJnbziEHgtlzhwSxZC6IkbNGUYytvLsxP1qEc3mr5BAzEweD03t4BL6vg==
7i4gHs8s7J8vZMcgjRSa4g9vYrEQOGRASEUOwVR1hHNkitsJmzAsklb3aW6tTNzl61n+vUGSBANaxI8jvLX89dX8IHW9iP07IGFBUR4+D6Y=
7i4gHs8s7J8vZMcgjRSa4g9vYrEQOGRASEUOwVR1hHNkitsJmzAsklb3aW6tTNzlSn879T/utSFjJUQ7yifEAsB5MGAOE3dY6cI2PycmdynAXpgXdqDIDShn9ADXkRkwm7O2UD3S36cehrJ71GVoaRLe06LrBFgkWH85XQGy1wqztpoC01S/yckETwCRPZn79ITodep309dgIFU+EpoIh5I5umWV3j4g6vG3hZ+bOy5uLInXFbpB5dHVBlOS3iXDbZKQJQK+k6l0OUyhbudFz1kXBnWIaFsWmlKZ1tgtQ9IuQ9yj/vucPmifuWHeaLuyd0OnbALhwMwkDg80Fn00RWjkZ7wP4DXCGkjMbZW/elccwrzQfD8MqZ0wC4lHq9Oc4XcN6u7Zt5UyWH6i3ZU+NrVo2OmN5poi6bH0cKtxRJ+l6q3XUxYnq2Xh7C+eoYlmKESXiFqOsdiT/IT3IS3QDob20DuNh4l1tiBibS4aS6SSLG/QHA1lgcrM6z6zMDylNBHMT90lhBaZo/uERbRmIlDQTnVL+eexTdIgSmzp41GcSQiJUWFjXQW4u3W/COZgwfFqOaHKNPqsQXJuoMb/TY68Atx9hQV14A+vqceRDUiq2gXOpW387aIDL1p/25Xp0lARvvTqNQrrTPx/b6K5ubUyILTKGAYEueuq9F+OHJP8QSeOx+vUn2Gf2TPymni0+kL+AJWJhpv44WfDygXFURtS1/jRJ3nNffUPaHV8Y1qMpoIjJl4aj6KCGE3pdMdPVl7pXSrGrhgoZ+xUk3rCALGrarnjfduDvhl2oZ61oyy7YaV5kPo/ZUEVYdXXDiXqE4an4wggNPGIssOUKenofq3uKTolow8xPXDwmNWoeaw=
7i4gHs8s7J8vZMcgjRSa4tnArg8Win8L+xojTiPSJK7gkVjPBwTo1afaXPQq0sVgnZVPjMLfQrutxuaQ11WyHlgj71kP+t3RWEmT1oqRFsQ=
7i4gHs8s7J8vZMcgjRSa4tnArg8Win8L+xojTiPSJK7gkVjPBwTo1afaXPQq0sVgIwvIUBmKNGgSZa37k91sNtddtWEVOeY/2PcgLb80A93gWBzMWeYNgsviYrjkcdxtpVYyfCk6h6vAqlgNZe0M4NpK6Uo7gHeb5N4FfiXnPpijAjn4+/e6YhswNR9lwAU35otDlaTXFzk85N+fWXYO+lZXDEuVnwwoJMTkvPJcDvuVYQXPGx7g5mUeB+9QYDfDQaw4udVQHlvoOD/+/JdBNB4CmFkcidsUlGy1MBJ9H5tQDotpBwMPOWzSo8hlFLDfFYXWelcpvnv9RQV64xkSJO1IJiVi2URzHVoQ+1ctilVeP+v4D0tjBmex9NnO2XU6dplMLetN9fZ9OH1AEspyDrDahI0BgzGn9LTWAN4nIS6SDTnsbljaN1AY/CJLzW8v30EOkB1/DPUK7aiMkSPQ8A==
7i4gHs8s7J8vZMcgjRSa4kosq0NgqW9ZEf7hhYa0ZBCi+XT9nJ3PP6UdlFdZexj7FKajIi/nF7AqfJ6/fJJYmxzsaGAmG7qhAapSyu+2Abw=
7i4gHs8s7J8vZMcgjRSa4kosq0NgqW9ZEf7hhYa0ZBCi+XT9nJ3PP6UdlFdZexj7FhjKCqFTANHnd6kz3Z06LHLcOxP6qRI/IUuFMot5GNzB2vDMRnGYG0pFrKeUwfJX/gxXwW9qIFSZ1p1ZtuNvKVPJosppH3Uess0UyPlECsqO9Y1vgrKCZPqsIvjBbht8i0CQQIGdsEpBPx8hsy9hal8jZMYcTQVPCopa7n/MgiMRmr67ekFCS1Mv+b34ArZAlahc/9SwPGOq6dqVwpCZCu94JZFaC2RabU9YqMcdlQYB3JO0nT033CtBXqpdehFB3Et+otxQUO85sZTBkLt6ps1c+Q1IvtKQBViK2sLJXzoOxfsNPcnbcB+KyDgYaThzfJX6TJ2PDcz1sEyA8z+zyAvxZ9wYLYiZm9rVyuMxx3qAcMUJCcw5HavLoDCRvxAVW5B7MDEEeNUgBOzNJ9Sd2AKLh3N1CXavZwc2QVbsj7mI5eppV+kfLpGv+hWr3l5IcFHlVg23UIhLKm57TRq+g00Kkc7nWa1PM4g7a+kpyhu0joZDc2BkATDNwnfDi9k6Of1jrEibnqU3ZFnJylk0Yys0mv3EZ7JeeG6Bb4zPcVzGnQABaYJuEfiSeHEZQCcU4XQer4GL2JjM1XopK3N9OBUawUQ1wQgS5d8eXDYvYIsFyDoDG28Y6Plx1Lm8cS3MdhrJltYgxyjxptfWuESt+qI89E2cAMrBWQWjYUjdUDmXG1ECbtqHbUqtpC0l8DNv1yNCHbN0567TuTIoIgyd4jioyfuGvrNN38LWQ1HaQoM8pwXgItHBYSzEWcF5v7wbRmU8tjWIbSbx5obyfKdiHo84Ew4aExbpdLXY7+yz1aE=
7i4gHs8s7J8vZMcgjRSa4oc0gq4/OxsNhlzzTwsmyubK1mIMxZjRj292YkTuvQVl6t9FoNojH2bP39NAO6wwsvUOHV5e5ddDBfHIvdVWb/U=
7i4gHs8s7J8vZMcgjRSa4oc0gq4/OxsNhlzzTwsmyubK1mIMxZjRj292YkTuvQVlc5dMZlVzP9eB2iQg4gR1nzMvk+NxwnCbGK28rq9PIwXH6xWnHMFUx2EPw5FBMs8g5hCzZcMqTN0SUOmHwcNAGpF+Rw9DkxPF5/HkDf+YNbuLTwyZWRWyLG0accOih59PEhmg0qp84Ry5RYbtIXzBH/FegzgXiUjiVcgk+hE/Ylbb/eoFSixsbn9sdnjjPiLSurOuFCCWoJR6t/A2JVAg5JBK2NkhRvZtvW6OMiC4JpjVK2417rbwePX+S47yOYnV08C109Jj0KOhRNkG26bv16GOonbQ2MT/XV5UnLAk4N0TmBjfTVoTfv/aL9GrxOoHQIyaULrGgZnL8wDWrIPCYPEH7j/6loZEez2SocFKQk7T6uP+Lg0Z3Nn6K4ESEl6h6otgS/PAx1X2UdX/+wcswg==
7i4gHs8s7J8vZMcgjRSa4l52RX1FpnGAAJUGqECZmTS9v9IHrzCYPx6qoo7gGlV665696ykhOiZd6n0Fy38j19ryfU6KRZWpOEc4daLARk0=
7i4gHs8s7J8vZMcgjRSa4l52RX1FpnGAAJUGqECZmTS9v9IHrzCYPx6qoo7gGlV6mF+RzBtLAUtr1taJ+nRGhoBng+SJ5UrALXKbPRH6zjF6zzIiH6o4Q3CpD556oEmKgVvIq1OKYXChR1wH+O47G3JcHPljYbZEKCZoH2wcK3HTmhn9SVpvvabjGNVEE4CVfajOhor/xUF9Z0kTyROufl4X4XyQnMCd0Vr+vbLyWvdGORf71gyPlQfGsAraXJDmv/uViOq/cwVtTdH+ZiXGXvAIW65rSLhvK4Smumn+vXB1iKCXiXIbJidjCmgBdceLCdFojyM0G3p2szA5oRkDtMX9qL9mSxnJwmIR7e97nWoe0MmNuVzJeqfUIv2CXZTdLfAQWGaOQBgVsfcloMniv7kAMuYk55y4jbfisfhvkNld0hxBSLf3Gyn2CuBMyhIeweLQ6JCUt//vUbn7ZgZkemxw7/i3AIfx4e6BGvgX0CXocei75QlGAgYjSdQa5DZ8sHj37nnEdxyaX7NzRKqZfrhcx+HqzagnnxOKEuilIW+RE2ax9ugo6pKBrBNtcBZWZoArw5TCHWPY4LwOtMIdQs77S+nGOvFRHMuiSiMRmHcCJmQbMhZG8Z86OCDQrxG2cY3RR6U917uufY6dcU3ZWXHQfyUWA9wd9tSva0ojxhrx0o9CoqEfzmuyhQHOrOy4Q2kAU9VPx2ssPBvkJyJeMQgOBEb3TOjmtYuWbQQhHEPN8y/wzNOm4GuXfY7hQjimPF3bg7ZVlWqKVb+9Z4pKlDmk6ZStV4VPTDhXIXnQywxqJpCNfYEQnuxG6wY9RwpOH3Ft0rAA4OeLwG9GIDOzjGw2kd5C/18OWA6lf8/jhZY=
7i4gHs8s7J8vZMcgjRSa4uIHP7+SD+FsR5LxOIICdhWb9Pm+RrTiOcDHInwjkievrMVcxnhDUhHLjGlb8I8nUNmV7drVtilLkYavqC84Zvk=
7i4gHs8s7J8vZMcgjRSa4uIHP7+SD+FsR5LxOIICdhWb9Pm+RrTiOcDHInwjkievj+x0K7Q0JS2RobdjzXAwBcuqh2o2zEwDboQVHETbEIx90w7dF2pRccBYO91Qhw6+tz39YX6e/a+bObYcdQPTUedDoXR16IUOsxc+MKpxC+PGv3opnewS6Lx9inxjBAWsZY384o+suzBlJDNc1Khld4vXolDH83Xh/yYmc7e2T364KwNL9w0Yw2KSDWogp/tgwqqCnuRknSX8fcHWzAwkb65K3fowb+azNNWXw4kv78IMsPc3/r10BpHhTEGYtN1UTRrXVHcLHOMg9NuDMOvv2eZlD66WrfdonCktlZ0ES8M0RuprK3rHLsQIBH9fxh/MHe5zeri75tDcnc2H78zK/On1pVqscNukQZFND7qrc71MfEzMSJxe0IR64/fO+xhGlDZkvxfR3xEoN2a9vue0nQ==
7i4gHs8s7J8vZMcgjRSa4vwkH1LtzQEEqq0Og8lE14EBCbm2D7rR+U4wSzDcMiLxnHJsfxEkehJHVqgp1iyPQoGMatUYeKAPZ5ISiU9XYCk=
7i4gHs8s7J8vZMcgjRSa4lH76Kx5fnssRY8Fj2jPwO2WGUnOTsznuJnWMSCNxYzQu7vK5OS5oWD/JrAmXUBq0/Jf2/38N2lMEyD22UdE94VRriVbU8fM/MY5rKxBFEAV3/IiZyraW4MCj93gofMWzk2QsE8KU6mIQJgnnxZYffz2oytaaWp7XKP7hRobzWnXleT9+g2JOOkR5HNKG8aVGAy9e1ZrBmS870rl0halBMhhGFLMOQODL6Uqsdw109qCa0JYhdvslT/gtoikkNyVI3oQq873x4wZz7i2F4so56XaJB3TNhtYpa5OFGJA2JFS+sxSdsJGsXaiJ78XWjFM0uVdANGmgQIolBatYeuYu8EM7EH1ONrLL7C9S6v5EWf2QWGLB3ScsZJuVbV+ffjVVcSCk5860BIWxIfQpPaESryUD6qjWLjNG5/nm7F3PtGlJdSKfbFg8IZi7IR747dA7KgpvYcfaQb9fTnQVsK+AGtSHyBFHgnfUhVpKkMKVa9CI0pWEtLyijobPxn49PfxSOGrXTGgA60geciLPHr6pn/evvLpD28hr9cSTszZMa/59zlSzCg+5zyQTtMhucs6TzAjGWN2G2OcGl9rS3nRWm/nFjUXJH5j1R8jJIZuYnH2wy5y6QGWIVUk3aZ++eYnCUoP90+rR2MDrWKzOnsCZMmxEEFNObTyhysqBaq7WMHlHB4SJO44OHeUK7IuysHvwYAAPizwG6NXRWMsGegbAOCgAKWFs3BnpPEw87oszZgdnEuNtEUmb+X/yv4UoAW1g+YKmZiABAz+jm++g/NdQ5kZ+FWFeciraUGw+WdFZW/tu4kKwbOSjG8tK9K5Q93A39OND0pCVvg7JFgkdDCTXEI=
7i4gHs8s7J8vZMcgjRSa4qb+opfn+r2vtwIACcQHMAbZFkJFrdxm8h+bANBHII+MJ/zbmquorgsGWg+ETUnGpTzMOviS365PIHyR2NKd03s=
7i4gHs8s7J8vZMcgjRSa4qb+opfn+r2vtwIACcQHMAbZFkJFrdxm8h+bANBHII+MPkeNVlkUENHlk1qif6QJ2lH91qWhbFdg/1sjXJl5zQt6y034mWmiZlVlm420fVo/RfRnTt8Gd+7LIqpgVLn3qESCmvVbpzkbRCAK0n0hYeoXo0542EwA7Ap67ZDW5roq/3x+zVp2EqUoeNOBni6Z8mr4ifr2nNfQKbX0nTkCpZBnZQyFhYIBHap3UqXz/JPGMTprGqNBBICMz7PKF3PaGehRZuO7rqSAgTzRHUvtvN6MLMW5Ah4kI+TlXkTS+Lc2fWm7m+BoQNNzUh/MB8isreaeSAsfseMuk/3Ig3eoUwWQBZ6lpE2DpaxCWZTmPC2Tnbnpox9V3EmYG0drXcO5ywgpeXr/WVPyXJSyevZS+vy2s7ptrtrVcSyMgaaxsVURA0QlIyJLXIhZv+JB1p/YXw==
7i4gHs8s7J8vZMcgjRSa4qGMH2EROf7f/AR4NHhnHlh39K9gbrT0CFv+dev/r6c5CRYKA9YF/3cRzh52JLP8b51mJBtH60rt6GZfBsv7U08=
7i4gHs8s7J8vZMcgjRSa4nC9ppxyIILw54Wblt3Xp2DCvVmWbmsFwFE8wwV1TmpYL9ZSS0HH1LZ/o65aupFhk9slSlllEUcUldwX40xjGk3u1gpVzZTNgne7SJqEW25K/1/8UPqLedlGHCpnDZ1glL7UtdYGsnv90Hx9QnBCO6zSb6EDzUVrkjde7FP7/nclrWihhpiD/RNxp2LLB8HKUjZ3JdtkRGtSRrRtoXzhmOEZUzB9Wn6zFyc5FAQyzMA+HFVicCvU2YtS2RhSyKAk8iBLO6Ix28GUdcqlTfLWISklTr7QO9XFYxRkkxl8WbCsCPbRKzpRV46x3RE5EIwXIXEp0WX892pFUa3bVaJfuVGx8ip/zJC35p91mIy2qmU7KyXBnwHGJRuk1h3ta4WTB73XT5phoqG+gmpFhh8K4JfhcxMeKsVr8R/RZQf+PvqAkTyc7fCkFy9Ty7liT7EYR4wK+oLe9D4Huyp/rsyll7t2zZVuW3lNzgVudmk4u38JevYLzsG8+czeQntEfd/haSz6HlKawsrQ7BpIOYWEQbNrP9zN8Jevx5Fq9XzzNEYiUKTiw4aATDSodfzIUKslYLTlbXsb+WEGsYqOKfJKeLFYn5VttRCdumrLFX26bjJOZRb1NHbWNiQ5Jcw/hO+a8x9dWcwH/MkBakT9ZdA+r0lhbXtHJlElKoyTTaXoc8VoOuBQPjPHc6e3ZCO4dHq8wSHhNHQbSzT+ClsBBBxCher+iXtd9WQ0zGIGpVIigZ47EdnOylwRo6r0CXeS1Gd7KGGGseRsmmzQEHgq2MH2ki35W0xgjC2Gqasxx5yuqnNdp1eSy302jMWzCLUIjoeLFIm+pLwiRk2kk2Hqt8v9DpE=
7i4gHs8s7J8vZMcgjRSa4nepXt3UOq9fEgvyRwDd36um5Rvu2k9KBUoYdHJXV/Xfw1f/lVmdj6WBz1bJg6KD2BP886g69EXurr5kti4BK/8=
7i4gHs8s7J8vZMcgjRSa4nepXt3UOq9fEgvyRwDd36um5Rvu2k9KBUoYdHJXV/XfKcHC4W6a+2+V9vADlbHwdWIpnXBWSASgTtCC33BfXA9ylfTfaCD4l1skRXwwhsTPvIFvqSlr3u63WoPF5YgWQ9idGeXSg91k3gv37lSfC9FG7k33eYxIjg0F0MFO1gFDwt+0rRTxIEYsYefxb4RSgVzAoIe42HGjEHQaEvD+4mLsRouHDoa8Bas2wc+OoOWrqFb7z3c9hLn+RQMlwrqj7CYdPEMCpuDlgjRZ9yDEkaZ2wiEd20q7wutDeFBu/OThTvBKt9YnNExuc17511oiI7XJlN7/Z6J7pR0Fgy0z6qsUTM/dI6mXAw/izRWlv77riGoH/BH7kuYgQrF4o0thZO1lqRzSxoa5f2ynkmdhXeMRL0NDwWLM5ydPenoa7vjSb4WVbLkZWp5FLR5Fhprd6w==
7i4gHs8s7J8vZMcgjRSa4jWekBS4N4q1R47gjtK84XTO9ckyAil0PV5gBlsHPVZqIB0jMw8vrg/7KtUjBJJDkaZ177Lw8yBa451AiOVIpzk=
7i4gHs8s7J8vZMcgjRSa4sgqSx1OQHWr1rd1Ol3K0yg7rUuybYfMSa/c8KV/rUHAphFmi9I0bwT574rL9Lpujhl8SKS3FFugH6PBOyZLfzXE3MREOOwuOFdri5wfLUacZ2cngCpokpLz/8Xv6mU5PC/2Fnvonz2AzLXq4/BQotvRyOtd55izgsR8mXTEhjQXhPaeCHKDCvbnGx/t6M6sQXGXeSmWQORwvB6aejJxkkcLwH/f80JBbQZdK13fGQou6Q2RzOxuZmds2B4q5N8d6PpDNqELGwf6SoQQvwnQeCALnn1RiFqOS5aa1JOaoEjFDC+x98jpHMWe8duXCNN6mMmPyysVrRqUwLy8Ulxbam0eR/gt4l+yAomtm2f9pVZmZzgt6WlVfeGZtln2J3TAd5dkD1m7vDWXe5L47fA0v1zWea/b4K15EZ4IsLaqJTnzkw4KYBiLJgbMARExGiiZXDEOOymIswq4QZ5d+OnYGG9pWWsDp/lL9tmw7yfdnABcUkr/er1zMFI+u93ldz6LP9a06rfNLbwfWsHfmRtKWlD8fJcZH4sP71RH/GFoN5LC4PcqvrJCqFrZckQHr82qBSppze7hobfZ0azwjwcAOc0u0DFeO5+BMH6S0QFiX/dXD0dlLirAmo4ae0/OIwQ4H0+CSxrIKAfvJ6E8UOSfXDIBTHLTDMQfOmyP/8+tWhcXRxPOHT4oQG3hbtAEbdL8DW3sQVqbAbreDwDTEvm6yWITXp+d1XJk+2o/DL47JiMlTnXsJ9me60j+fLW4FindnVZH38G0WiI3wt76dYiek2EN8Ibw37+d/wBGkPuhdJZ8Y8unFZHsxTc6GnTJd/texgDBMjpJUHDMjmwokjK6F1o=
7i4gHs8s7J8vZMcgjRSa4jmRktqwoVFgX7tflo0QP69mUm8xuFzOwzUzicIxibLeVzXTzBoUnTKSpFHFBOcwMQQsdITlyBRZgfRfaLC8Xq8=
7i4gHs8s7J8vZMcgjRSa4jmRktqwoVFgX7tflo0QP69mUm8xuFzOwzUzicIxibLeSmZnO5gEGtE6uQthbKDuEm1wsADFABJn2tCtVPQ4XJZaC/v7qfc9carA1otvQlLBfY5/YPdPsW/UPiQ1shX06csdM5JRo0Ob666ORpNtrej2ef7CquxDbO8wC5ISfA3s9ZUc+DEL17Dp9NrA+FvJBE1LS8ZT+8XXsIyY2MpDSMX257Vq3j0Dkv61NcCHkTmlgV/K06ql+PqkpOc3l2Yq3COCkbp+9MVudzZFlMK9RdsWMYHdTLHTVw04wTtNgSNWaWCOCloj7A06O2cPX6jqzuj7c5v8DkNGi4k0e4BsvrQ8KwqP/RcqkG0EKc3VEn+eYORl4rBwQFnIEgo5isfL++JnROth7hpBT8nVpAULAC/ZJCXlL+BDqnRPrdzdASfI9nIEIGgBMvAXrQrxXD120Q==
7i4gHs8s7J8vZMcgjRSa4rklkLEq92MOJHkyUHM9L/6/ZmTxzava9ahVQq9naDsZ/L5eZkfZpls6YExpd5BZOcqTPbB8JNTNJ9eQ8GrWHXY=
7i4gHs8s7J8vZMcgjRSa4rklkLEq92MOJHkyUHM9L/6/ZmTxzava9ahVQq9naDsZUXHVUFq8d30MdOTu1IrGVgevNumRfulTG29ORaMCkH2Th2fdQTXWttcoksksRks6yTKmmqL33upo+CKTi4x1TiqerItAM0ugPXv8KdQKiSQzhP7jqp785uhPDUvQoEU5Qpr1Wvqi7OQFDzA9IDWeXVrRoRPvIn40fknIRCNeHXvk6DJE6FCMW7eqGxF2G5oKeEWO40jV2byehPRyVH1Q2KLOWM5J7HGMgpmqVqj9BbaKn18GAGVMx71gK4ksHAB0qRhnjpDmm5CTWtW+3WXam2iJo6yUCtNOLndb3upjJ1CTLleaK2x3rCnVgVmhc+rFqXF+dYOwSWO5fXRYugBD/Lg72xhyn2dWDkxk2JpipXk/He35saDQPxR+engmofh6VQvjBGD5WO06SQCIPeEs1NxH5Damx60Myzco4jTaZukdACWORUJyPZcSkD8QWz19fel8WPL4v6RAiRmS2oFISEaknMh3UeXZG3EzcMcHGHtITruhARkueFPCweX2fDXIfhtu28B9MhXW3wHi2ngYE+yd/0hGXjEChvTe2myu3YltcZx2dRcYVkFoj5MaDwR7NpjJNYNSJNrTLDZ1KSy5tVhZDEOJP9LIe8QbLTqVupptLbW7XX8+RSEVVa6/8JVuAwmHg+teW5oxMgy+okYsZHtz2fI/k+AO8nf3FBYyMxmLaQdixbmRlCpDGgbcTi5Ci3mCppGCagAPFCxSNVfQXz1QKSFgfi/Pj12C3DP3ozSziYCyW78TSfct+r6OjH3qnTiqPCRjKsXIRdGRn/N+fBd6CnDOitsCH+UsKBSHpJk=
7i4gHs8s7J8vZMcgjRSa4gmOep8OKUwo/91/HHYwBGSDDaLakVdi1Li4YxbR/PdZDX55bZw3PvaA7jSrGoM2VovnyRGgYiC3NL7n+89GJF8=
7i4gHs8s7J8vZMcgjRSa4gmOep8OKUwo/91/HHYwBGSDDaLakVdi1Li4YxbR/PdZhHfUpYcvEiT4grryhB/pOXmCa1Udms/PLXSIAdkAeiS05KFcCGTXmlXNBaxBWA93ducpVhJbfpxQk0OvG10w6LQFEEZuyMXOGU+wG7ngP3DXqUjeAh51uE1P2+DHr8CN2dUvF2OFH4OnyfsmGG9PRqh+mbIb15A/0RCR2r56Ntc1wYxdGFTK2Lmi6E9Tj3/oRGXqEV/guGvCxRu472/3GzcJzDmD85mrk1MdiTtZiviCx+ol0/ZnSAzi8J17/W1Ql40PQs746Ph54cH883A0LsnDfNN01J1HvHxMMIFTMx0BAz+B0Hv2RT0loBo1GOCw/z0cHcGuBDkAThCNh3YEiNB2tbv9XzRj/5rmMqBHJVtvhBd0tuQmB/yTC+DmCamWM6Xwj8/8m2hgxehT0JXISQ==
7i4gHs8s7J8vZMcgjRSa4rhmSDrbLuzkhbkGxMOLUDRPxbNOQCDalGF1nkZhb1k1uWU5rrRQHWvpELkZrMt8OHrDi2xVJDCw2NrGmhAt1jE=
7i4gHs8s7J8vZMcgjRSa4rhmSDrbLuzkhbkGxMOLUDRPxbNOQCDalGF1nkZhb1k1Uyn0cpNGtb16jHxwze6k3dWJKkwV7aiS7afdCEtBsvIodX0Vi3de6n3a90NrkNtnSoO3CmR7KYzU8bnM95ZIFTl741A9o0Eh6JtcyoMMFhbsHz0ExS8uLwqO9aPZY33dPO1uZ3K6dyToPWvRMO0iuydCEILPNvOd87/KCvGGwnVFrANTiFMgX2a69127Wr4mrgnZboLLy9lyIAkAu7Dgzellv7zuEaLvxgChLKqH2344lVnVPqENOSrXOYsl5+t/ziotH8cvYe3ZbO3CVkZPxQ5oKN2KKmOP8kxBQ8PC1O+oFn56Rj/iBTw0CQPjHP3kgg/53PpuDP/GITBGhre4wRa26PWegfL6TtNNbbL4CB5weNDqdUi/ZRb4GAkbU0qn8SDTTRbQd32WxgOQQprbig1obRaIY5lX503hIoSWt+4gaNtyP2W/1mxnpy9w4fOYtTM9yyACCqorzbl+V/HkMH6ZHtG0qa/KMUFqsKvGrcTuvbig95w0wWMZQXZkW9Da/MEAf8gn5c2KOOHBcn8XYLHwmatGQXMjckaqFNh6WLBkhyOimifm5PQe+h8x1WAonTyxyIoSQ9RBIN3NZS5d2Ok5OSoAESo6V19W+rzBzKrfaDx+yNnwrZkjJXVrT9PfwPBMTlgJQM2VlxAO+CQ+WWhHa4ES+8uy2nwfSNA3wSOaPTbeRt3OUib8UbiEY3VH9e2oDwvafZWjpr2GU1dtuhQxWeW9CFdV4kM1dZyHIs56qbrALDJ9uDix/9dwciKlirYgsH4jPEcazAKK6xUCCenyrmZFOLQcnS2XR3yVQx0=
7i4gHs8s7J8vZMcgjRSa4tF93yl4Bakzi/VHCVivB34cvywAoyiXfhUurmcn5wCeLwOk7UDqB/iFNavsH/AdOidzo/kdWmk9r5MqYEN9Lqk=
7i4gHs8s7J8vZMcgjRSa4nrk3CJ9Uv01JbsSs3cJTxgkpZe6UfQKqRA9Oq89EEIFgkF1MgzW4aprohDSgjd9gTOuDR7T60bG74SUXoMmdMrmUZX/k/eWKwqo6Uwv89W+9cnbwsjNwDb8/mpjxZKHzXjjIRyYTu/tnJBlkxLlsnqm7/IQHnZ6Z/ql7PXnM0ewm2oNkE4AFoto3WNOXMPUDZEiviGKLcHoUN3eBTjHxH3gGP30f9GZZX1sUy46ILkkxqNXKNhQIlU6c2No720XbjP6uz8/wPaWS9gR46LT3uS20DpN2wJvCYoEV7jjlZaxd82zfgvTaBfzZY8h70PJaZoreHh1WP1Dl5CLSUdwmLCXznq5FaUk/T1ZQoh73cilDBuls6P3KbqAkgjQ+9poekyjPMGD8GWCes5KLv4oAPuxFO9QJfqch2K6Pufwni16Yz79Ci7OQiuDQjNG138Z+A==
7i4gHs8s7J8vZMcgjRSa4vaw/REbkE86ONn/kdczu/O8OKSyPlJpWkfCIFGcnL4MEwK6uHpIxsIYLrNkDQwcPqVPmtqn7JO2QZTqcqVFnqQ=
7i4gHs8s7J8vZMcgjRSa4vaw/REbkE86ONn/kdczu/O8OKSyPlJpWkfCIFGcnL4MR1LkYpUuUdJmOhxRzWNkmujvqfTypTOcnZwcty4URWvVTdFrcqfq75yekggvvDweWcQVQbgguoPdx0+Vr9Ymhl6L2eU70/HBxshMQZXIrVZ6RclYz4wto4v38o+R4BaPXPsUdAgHT9O1NMQQCikd9em8/GglnCIpF53LjwmVB1HEFWewU1dY7GWvTTKkNRKQMVMKzw6z6MxDsPpSFZGYApUFVZZ65IFQ23blMbl4VXzVbUngkEZo8tdms5ogy1JNckDBzIMmUkuk7/H7o+JxFu3g6UcLI7bBRcYTWB/HvDfGTtgJ5Jy7gViHCd29gcRGHYgPszT2sC4NYlE0KX0TIOWkMFbi0tDI4FEE5OKiE+Nqp3YaHmWq0EixmpmCE9TOKFcebEUYA4ILXbY/L+NpmFYrQqLKDwhs1x61a/qgTaO3y1AeyF5fb7ayTVdalx7rGQvl8IHIMbnVHyvDrnIsZ0BkSJPD5ivkoPRT1woSudJtsBnq/RcyWYgBMODTVpYOr0xPDPgyS1/k49e5+so1+cNWkw9c6NGRRlVplG6qhxELGzC25KM0qCVeml/vl6HFghxuAqr2k+gMvHA3bUUo+lmN0fi/m7r6Vt7HslCdqf5Ng5/hJZ2e2o+6xY0rAXr37pTEmk+UdHgs/G7BIlNaT1seSgGj/cajfgTy+VghqaPTYssUMk5e4ymJESknIzdPu+W8TxBr3D0L2SHAIjAMsKUtWtq+LI6549OiFsNCMwhxVAuhlO/gXXVIjYVdIntAw3G6PPT1mbfidM3HocxalUzR3YIFV4NK7Uqv9h5arMw=
7i4gHs8s7J8vZMcgjRSa4jdA3MDP27B6Z0Lcn6kfVVSBi3tV4tlXi+/mNgPts6SNCNJfr2VV43VriXEsrYrwrErUAKu1bybzIKQnabEO2uo=
7i4gHs8s7J8vZMcgjRSa4jdA3MDP27B6Z0Lcn6kfVVSBi3tV4tlXi+/mNgPts6SN3aHeq6qZUdiK77OlKCK/GiPSykiWzICjYn0KJr6IX1NLU/8hAiAVHdKd7bs3Pe7znhkTNtB22kEewZvgCrjr75g6HScYfnUWwWUVv48/HtsL7TPP47sL6bOT3Wj6r1bJL5WbZp3rWh4J6IqkO49OV2ShhvQ56tnIHAJkEVHUGp1tDbas0IGt+8j+TxiAoh2zCEWOK8wjCWZQBeMtacb4RfVI09/7Fd0t8sMJEtooiFQ8C0xwJqodiOem3rNT0nMhGuAFMeq97+pcFqKiYzKxD2inO684w7WQIF3/RHHiI8aeRptVCArzuJ31lrHhwJIf8PGwUzJskrRfx1wohPIY++ORIW8JwDo4zJE3LD4TCVqznxXx7OS0XTKEz6T5CRUTeLt7P3nXH0tDd1T9ZchDCA==
7i4gHs8s7J8vZMcgjRSa4rp2UdgFBz5oakVDKxAro8rz7YlTq6+BuDbuwMDB7G7skAJhnKaiRVNmjSiQT1sucXSG/WbS7Y8GcHWexKjLoAI=
7i4gHs8s7J8vZMcgjRSa4rp2UdgFBz5oakVDKxAro8rz7YlTq6+BuDbuwMDB7G7sBVgM3s+ScnzpTjJCsNQgmOrjBYaDoEWDBXaYuFukFe+OFJXpB3EJb1hJ1bxieVMW1U/CmwKh+iIuOr97Bs5mp+IDQjiNCDwPcRZm5/QVwR883Hchh9N5pZWU1TYWIeUVsYkoZPJrT9rv/Ofb81LH5m8lCYBBzSceUuRN0UoNdN7m83zx12m5J8Fnm5cqVAj/gBAx9d6fHe4kywIqnocWsLZbTBoA1bCLnxsugoKkqiDhbkOocPv4s6aOAolDVS3Ce3HARrMQv13jw4fu7yxcmxiDFe4CnXv/+O3AQb/HImJ/lHTRO8jqHIL7iBZJgEg9sy2PhcWMIH8JWJc1PqeXZcIlkMWqBL3G67UO/G6FCh9flKJ4mOIRNvMKhWjHBK62I5+obZK8Shug75y28qn4mmDIwT51koBgEIvGymNYvFkjxSZfGxHBQOoBuNYbXgwh04amWrN+u7R2r+bczLvHQKKZdjCqN62QgaKQ0vxbOS2QeUTs7dpH8u6CYLfZmmeSKml73RoknlEN/t0FRnKqux5I6QjT4VYuG7z0ecHrGWaQeUShaL5rhRDp+5l2eTlzrWTjywIGZHMDShxAyckE7fxa8fjnjyItXbInhZ+DZtuw01pJ2MAl3oyXRyZMIRWSkP//jrO55V/arnMnJdeUqQhjCH05/grYS7knGRExYXfpf9T3AhUQhbrdKgmqWMd1fJMxMm8nNMpWkVFpWzQ7z5pN/xs4xi14cI06W1X6sJLfpnPnlCbhFaC04p2jkmR4V4fmKGU25vo7ny2JPCVJ4yfcdCgK1d3gNAf7hM3AUOQ=
7i4gHs8s7J8vZMcgjRSa4vPZe1BNQNknDPhFbNNT51DfERHo/CmlIBq+WXFyPAMAgof6xS0VOcSLUPKNh5rPiV8ItuF+6bWTqf3KEJCFzws=
7i4gHs8s7J8vZMcgjRSa4vPZe1BNQNknDPhFbNNT51DfERHo/CmlIBq+WXFyPAMAvFkYYX0ansbeXxiQLi9XSnNZdWDpZ6iLYM4OLyupBmDzhvfzusvkurGAfypYJjUapNRnF2bM6EjGpp8qd6iV5MCgO85AhsKy2+pBWysesa1LpxrnA9FLlYs3PfeG0+mfVW3TRaCK1H09u3udbHpHwGqCkPsSoJjopIoqHCMy9qyPizsXXBTBDPXQTIHPeO5nNGrPWgOJFGfDjkoXseAC6XZbJ1EpZFcPTOT8DMx+GmXI+ilzlQIEliN+0iyhQ4LiC8zhBW5y5lH/CVcxmqsvKcglZF57igfXsow99h3D5uVjKNPTzrTijUj48iLd7pK4t0RyyJHXADraNCTeXaJIQrVlnUnOa1jy4BHt9JIVVQhL55miIFP5DqQY7YYHnYJixMjFkoUBKM4nEnp05I73RA==
7i4gHs8s7J8vZMcgjRSa4meQnameNmIbqr51iAl7hmb3FeT+Z3lDBA6ZpXSKSrKDioAifc7ItmUkNZxdLXBmllO/1tGwCYIokwvvtgcc4Kw=
7i4gHs8s7J8vZMcgjRSa4meQnameNmIbqr51iAl7hmb3FeT+Z3lDBA6ZpXSKSrKDgnt/6veJMaDsOASlEx6t43BFSTohMkptUGRXNn73C6CZE3GBZQ2UmmxmqpzmfMgtg4ICFgCuYnB0MY4LYJ/CykQWK/XHmrLC0Mou3JSHw0P+6LeGJLsSa+ewGSXaxTgG210G+qUbUu0onJg7qvEDz+LPSPl8p84sHlAQFwNBG6FqpojxVaXp1ogjHRLC0hLv8/9sfFqCDGmK2efoS7+22DxTrmRQ/y8BpDkrCRO6VGo5WcNYiDEBxEAkzTm7vxW0rxvVVVNIPjpQmnt4qhNm/aT1BcoRdGeqnI4ThPdp19fgOU8bmk1Ymmy564uqJI/Adu12rAnPf+VIo0gDEFZWYavQV7oObirv9jBdLPe0kc3faciJjCR8s5TBzrmNbWYtRKypaEY8e+gImhdDRe06pc9Fjtj4q6ZnyjUSjKe/3i6kN6jGTQAVfqcOnA7Bfp16fr72+SH2AX+txHCeyoYrCRSttGze5Aa9itqIfJmMd55oQGuMekYaG+LMPajqXSVzK+4V1ek7VWzUP/UJAC40/VsnZzlwFQgOvOZMcDKIXE9h+UsjNWFPyDWw6zvFNqj6ncsMv33mXRq0usQDxHnOFUAxreMiQuiYDjmNXq5kARwKCOwmsvM2jwVaMGJi5tHO9hNhp+YN3Wvo8N3wT/paiaZYbZ0dCvTvFKuBxtQVuKO3h0SQRNLcGGEIKvneYXEGJGe4mUmUJDhqUUzomjT7FFWFZTJe4XhqBYiV/ivKpwoh1Ks/+a9DX/zWkJNWgOWyXS93y38gkCvg+obHRhTDqZuyyGWEKGrnEO7cyfufB4w=
7i4gHs8s7J8vZMcgjRSa4t5Qd33BzSPhH9m+D+xqBA2MINQF+4ufjeQ0MaR7kfrEfN5m8ERmivrZomcrpTiHyE8mIMFlMl0pbHKYe6T8bzQ=
7i4gHs8s7J8vZMcgjRSa4t5Qd33BzSPhH9m+D+xqBA2MINQF+4ufjeQ0MaR7kfrEnBLQcERKR0Tr4i58f5mSsEiAbvfj4S2mpowFjEnbwI9PLk9KlpQ7+rrn3GsIubvqhyUpxuBI881jvxJgsI2VKQlo6NW5GKRKPFrF4MRa/cJy39fLurA+uD0RHG4iSwIcQQRJFsGg6GluMhen9Fheqw3LAnx5IPSC4uEG3wJ9nBnvarVtes5AvWNoHId5c1C8Qi0aQAPpn65wPFXQmM5Hfa60QHB8Rn3dAwAbLXYpZe8EBpBeUq2CVQs2xBAXFOqmCDJZM9cZ1h7fuJb/SjyVc1m0B7X6d+9zjoxQETUsMO4T4C7X9qIbgoFCU7pPe6LSeMLIBpvlQaNNLeagdB/iXwy/Z9nMojCMMbOtTBND7xdPYTLL7d9WhmEmErdSIbQ2OllW2riwwfvmEq7LIrJYDA==
7i4gHs8s7J8vZMcgjRSa4vpQ1DtNIt8Yh+NVHRIPNbZZxpU7PUN984VaKmysOe1+d5nVJbzePAweSWaIRID7Bq17fdLcqFv6bVZsijMkU/w=
7i4gHs8s7J8vZMcgjRSa4vpQ1DtNIt8Yh+NVHRIPNbZZxpU7PUN984VaKmysOe1+H4No3p+cmWGLeeigm2HEEQSgosjPwda6CHpjgcWL2VQ=
7i4gHs8s7J8vZMcgjRSa4gbKKg+3NJohE7XV/i2I35UHkV3PdW7Nm6vQzMnX0Y1MFYX0J51xG8F2Bn19GxpXO7labUpHkNVPK+dhUDbwDn8=
7i4gHs8s7J8vZMcgjRSa4rJU3aDMbyfcsue3fZmyDh0orkko6ghhjxISMIZaNYErvjzwuUQ37jr/7DSzqgM23+PpisWUSwfPS1VjYZ6Se0I=
7i4gHs8s7J8vZMcgjRSa4nRsm80YOyvAXHkbMM/mJpP5MP+WAEgZdKWpX0pm4t6N9Q6d4O8W8cMwfC8xlgCTw8UnskSvXTn8ylk197ErgAc=
7i4gHs8s7J8vZMcgjRSa4qDg44XnAzSa8ybUXE7kuH0WcB581AoazH8H5T+Td6B1v5/va+dO6IYD3t8IljCh+zeaRsMxNzMME+0IWySd49U=
7i4gHs8s7J8vZMcgjRSa4qDg44XnAzSa8ybUXE7kuH0WcB581AoazH8H5T+Td6B1v5/va+dO6IYD3t8IljCh+zeaRsMxNzMME+0IWySd49U=
7i4gHs8s7J8vZMcgjRSa4tUtO8YKphpCYRMnbtZzcf0l3TR83wVjyx3zg6Zf+I96J4cg6RHf7aQ616a3b/sVB/RV9MBIVO8ZPUmOgMXcWx0=
7i4gHs8s7J8vZMcgjRSa4p6VOG6d5/jxf1iYhvONGFg3fRMSUFCDObzbY/8QkVGPlATfelX8TUMwvraGoQgaDnW8QpoMrD0PkAkyQoFTsAQ=
7i4gHs8s7J8vZMcgjRSa4qOdlHsfXTY4cuR7O8R32C7zNsv0St391pRj4IQPZhXbV0H1KI5P/ko6Q4QrDGx2PyTm3nPy9R8UlbbLYg31TsU=
7i4gHs8s7J8vZMcgjRSa4lHVQdgLVQIJAkRJReVY9miYvB6mlKCjnlQSu23Kb+wnpicICGBA+20wkuDJnK/T7KNjGMtkXNPhSTnXkcD1XrQ=
7i4gHs8s7J8vZMcgjRSa4lIuXJdabDb2wbwlX7nxjKozEjA3Wni4b+j+h58BQUgaJnxoK3+oiXLJqXOCPLnxEOjzS4BpMEunInBLIfL5o18=
7i4gHs8s7J8vZMcgjRSa4qDLEhqJG6/I73CBMNQ3AydOLuE2aiHibEM9mKUMcuLjOL09NREpZnCNa7GZ7+0XW2d6T4GcAv9ac70jlzbp2Jk=
7i4gHs8s7J8vZMcgjRSa4oc9usPHqiKxBzopQtaD1yjtQei0lFvRWjWfWOv/7G5FvXtNs/3VlJzN3Z8V53/F2pKjZIQcZ8CsDR6f9G9rc2I=
7i4gHs8s7J8vZMcgjRSa4l5xqWV/kIeaoNBbyOYE87S+iNsQiGgK2v0w6VQEW3sZEDazvsgnM8LR2gfgDLt6IAsE5URlaPxwMX3JUPrPZmU=
7i4gHs8s7J8vZMcgjRSa4jUksGoj8uo8acU8gtH++KJE1GLjHBwYU1Pf3NEFLS3SUlK35EgfHqkyUHeDz7MYIsBmF8QyN6yj/nVz12xZHFg=
7i4gHs8s7J8vZMcgjRSa4jUksGoj8uo8acU8gtH++KJE1GLjHBwYU1Pf3NEFLS3SUlK35EgfHqkyUHeDz7MYIsBmF8QyN6yj/nVz12xZHFg=
7i4gHs8s7J8vZMcgjRSa4kM9DQCR/CGq4g+jll5yP4rw/XxWenLdMVk1YQL0UJnHPcEeNaUoo5nt2ChwIJNnNlIe5BT/TAjygkoxiLuMWUQ=
7i4gHs8s7J8vZMcgjRSa4kZX3ZNQrV7aXFiuy2Y+hZvLt2Lx17bKO/T6LAIQGxV+Ydfyw3BAgp4dKYG1/3sgZHNT/4rqAfNWmrGx1xd7iys=
7i4gHs8s7J8vZMcgjRSa4kZX3ZNQrV7aXFiuy2Y+hZvLt2Lx17bKO/T6LAIQGxV+bdHFy0dqSqxDrDbG4weVzhFVNn6GcmtzyEg1Mt68LM0zdLwEzN6GwzfaOE+oSIKLTT5SSoueCpxD71QuP+YWsVy+mCZjJbuzgPOEkv01OxbhGAXMF1NYUuCx4U2X7pnMERGK+uPgosuUueWOjfru+kXRYRjZUZ+NmSnDzrQjXkcmIMLUpP8RbAEHR5Iy4DBZRhxZRXQpXOJpWh07gKsq0psO+2ns/mxrhB1vXFWZ0VjazocuFdf5/fyiDeR2qjA2jk6S+yxPAel2cJtNvqQkJ0MOIpW0fNf/bvJKFQ/F77KPTAL9mxVQE/UYUvT2vY0Ie89RpmNhsvIxc051k6cTZw==
7i4gHs8s7J8vZMcgjRSa4u64bZHfkRvaIAnypJs2LbwJ555DN6PQdO03x3KqnJhCQJqoVG7Zoy/42xAowaNytbogSUWHjbvXDzY6Rcon0Cc=
7i4gHs8s7J8vZMcgjRSa4u64bZHfkRvaIAnypJs2LbwJ555DN6PQdO03x3KqnJhCAKaO/uBkTNvCNHmlbRW3RIMXQidpfxSFvkWWkbCrBkY/s/NP7ACi2mWg6JT1c+4UA7JnP99AwPXmyuctHTh4tnvXS4PTmyy9ND44TALZB3iQLaqOH2QaTe5kSiIgkYrvHDA4RNI/P4GBssAAtTXkBs6t0f46v/VqpuESavYzKZCbHl4PhPlJDjibSZ+bxljtshqWU0vXnJhoIgqmqOKhZtFt9Jf/2NAQGDv2XmGtbkqSduyhiFmX4TTuOMhja980rCzu3busnF+JIZ3md1J1koIIFdfVFvxNvZZSzU1vRKLM41MXqVr8C2/QFYSc7FLJ5JGMs5iiVyv4tfHnzLjHSZ6bGUZ3y1oFlSYPT9o7NH0G1z778Ux+GDVW7ewUVRkADn4HmPhSEUzk0nl38MvVE/QmsBKMcJFca0j60L4ErY/zMXMlKRRLb4kNqycf/EV4H/3JijZlFvNIOdteA3ATteobD6KwcBK0t7d4L5iKwCQ/w4TJiF09FNci7Ta4oDaL92U2mk16NXIoPf8X/8iHx4pfTbrynbVOPnGWKrObt3oI1hRrY6Cr49+K4bnCk+4Mw7pJUYBrhF53e3ATU4dhDxY0DXA1QkZUnab32INl68bOgictnim3D9Ok0kWg3wy6XF357Zl6whdNcMr+xyhWq3Av5GDAcfuFxuh0e5XETV3vowIeduKu+JARzkcAf5f2
7i4gHs8s7J8vZMcgjRSa4kTgQHzY6CG6e36rtUOXYrDAcSkhHzqep0wUewvGa0CCc2uF1/ZamPdDqeIhC/yg5dvI5w4o9ZUHxxWp0hbhe6c=
7i4gHs8s7J8vZMcgjRSa4hrF7B4zcixEks9aEeMiNKjtuNaDzlMeFH1AirMPbFUZu3r4dnnMceyMcMqMVnDwGgg1vc9HbyL5oTiE958+XtU=
7i4gHs8s7J8vZMcgjRSa4hrF7B4zcixEks9aEeMiNKjtuNaDzlMeFH1AirMPbFUZu3r4dnnMceyMcMqMVnDwGmZ9r+6IxZ+4BZEBo7//pHo=
7i4gHs8s7J8vZMcgjRSa4oJb0bqByQVxNWipR353Zpttu2DcWwlCNxAda6eYYDHjT6+IW9Tg3SEbSnDmdXJUXGxmsfimMYgZAkX+GgO3fmE=
7i4gHs8s7J8vZMcgjRSa4oJb0bqByQVxNWipR353Zpttu2DcWwlCNxAda6eYYDHjT6+IW9Tg3SEbSnDmdXJUXGxmsfimMYgZAkX+GgO3fmE=
7i4gHs8s7J8vZMcgjRSa4plqmw4I0CbrfzMkMOENaSnDjfY3a8pWVsuCAdAGIdNHcMrVoTRufA6zgLm5seJtEoTODs8VxQuctDlCxPnS/Ck=
7i4gHs8s7J8vZMcgjRSa4oX+MpXKBRoeYD5GpiouALt1RgkqyyHiapkONFzlQfn9ROSVXBRkK/G7/bY5OBshYqfLmT2lSUCp3KLaz/TMKe8=
7i4gHs8s7J8vZMcgjRSa4te/3ms3iy7S+9UhU7JI23yjocan68e+Y0hkx7m6BdPIxnGqKorpVIzrKs7Kf0rvPG/pdxOXlLiLUbh1HAK4VdA=
7i4gHs8s7J8vZMcgjRSa4te/3ms3iy7S+9UhU7JI23yjocan68e+Y0hkx7m6BdPIfMvJTkYSbk3/LPQnxD/ytzaEPQwhLJKayYIVLe1h/mZD7TA8o/TiUhBY0X4oF4fUS6DlGgFd+1u6Eo0bPyGSY44EB6qjeC6PqLEtBpsPz3AKr0uPMrgRrSEXD7aaGVPtAU732u1z+Kxnc7fUO2NFdwtXF0Zg9GXj6obNdrPObA+V+NDnTS4FL7XEpq86uBbaWQW7K5/gPuEQMCsircT+1ta1pX0zBrBR8D9ZZHFYaBQyiaAT8gLiby+zLUApaFTmqcgwQdf+WPY/qR8BP6d0IDfVBux2BW1lNjAKAcRIrgv7+j6oM9mQcNfkW3m8rezeoe/O2OQs6JIKDr6hdXT1TiRPy0ZKrxCyi3Mf4r9OyD2DS8eDLQIzlehExML/It5fMlA9kIzr+hyXSqoQWV//7A==
7i4gHs8s7J8vZMcgjRSa4mRLfg3I+OWEcE5WVtuS/yGFt+KGDR9X/xMzyrewiOumlveXqYaeZ3gOI4AyroRlw/qd4T/GBmLg7CNVedHGo74=
7i4gHs8s7J8vZMcgjRSa4qLrcIbpLEWUsh4L9yzRh4ZV741vTSv5cvdBzMSzkW/aQdA5KYUiWaR/EczcnRmJf+ckBDEoj9gc4eyabVcwT4w=
7i4gHs8s7J8vZMcgjRSa4pwvJRW4HYLt9UjdUdAzTcgrchA30stcgZOP0O1v0Fw9aoTEaOPl41nNr4w61i3cRMHFZeGRvzof4Li02GYXEK+jl6h3uAhzy6iUiAXIXq5o1vTxa6phyUqS8weUVVt3u3FEm5XwKtUZEnvjC+kzj3nWRdSH9gmK3DSRfw7BeCapAvMzoAHQFcMRnqAm9X3Utrmwat3gEz8OORG7Ump3Zmxj/fSVjpuAwHnhYf5TEe+7ur2vJbgOfTyr6ktAqXcdQpxLjgXZsrBqkvAtNKdWkNEUymlEgMEvpnkxhleb4RTeC8t6PXqbLpxR38ExE5PEkKLYQIGXXD2za77c9wCLCJXOUGI2Sdpc++JP3iAbVUnYGHbpv3ND0vKU37Jg3vcGu0cztLdbqz2EpHRCl3oGsQ16uwryqiZg+4yA9Dpw4f8a6HZTjtVim6Z9zyDm9+FeWA==
7i4gHs8s7J8vZMcgjRSa4iCJPkTdBUKFxiF7aQruyuTTTLpypnRFE+5LWiHzYZDKFvddut/rwOl3CaNU9w4fiu82eiy8FOLZwdjySy/sBlI=
7i4gHs8s7J8vZMcgjRSa4iCJPkTdBUKFxiF7aQruyuTTTLpypnRFE+5LWiHzYZDKI+K66sPutrP6drFzWfs5/mheMvCQ8TEqr7sU/aP+A0g=
7i4gHs8s7J8vZMcgjRSa4h3nUqAyswr2GpbgdSM7CgUfDucJfqzkhX36axmxc2WJlx9jcvCP5ObHxyAg5IZO1L+VYl5cwXygUOvOSUTQPyg=
7i4gHs8s7J8vZMcgjRSa4oi15AK2JfsfbGOuWCw4GoZPWyoO4I6wJNYoT/hLpeInOQ2SHZJldiyTcJV2MrqCSZ4YMyhhogu5qDfyuPAhT/c=
7i4gHs8s7J8vZMcgjRSa4mz+7DFbdzcSBARjg37ykN0DRChqps+aix8ELn45u188+C9U2GhcLbF4+8fHSJtthQTfL2teZ57n2kG0wyVYKSQ=
7i4gHs8s7J8vZMcgjRSa4p3ahE6IwIPh8OJ0YZLZg3uPK1Zqf9OXkklDlL2caoUgemBASg5mHNHVGrCcvC5OhKALQH827OEDp3msEeiDZEE=
7i4gHs8s7J8vZMcgjRSa4jmkIkQDBnAV952gfP41cR1eE6HeYZjjTqY3f0gctnXtOIuzOP7XQBFPCfBhAqA0E322yH6Z8FTVGeHYMpsKiwA=
7i4gHs8s7J8vZMcgjRSa4mzGDka3vtEKx1JuAg4ki4fV4c9CzhJ8TFa+Rc8IuIzszRzCJlNrduB8+ueeoC2vytZ7bJ5Xcy/VvXKkSM2JcjI=
7i4gHs8s7J8vZMcgjRSa4mzGDka3vtEKx1JuAg4ki4fV4c9CzhJ8TFa+Rc8IuIzswSsWVSDbseqRduPT6+/bvKRjPaZ5jxZSsCv+FnpZxyM=
7i4gHs8s7J8vZMcgjRSa4oKf93O/mhxCUnWBVRERXiPuB0+l8rk+Si8L/PtM7vKeyfDyh0NqbW1XJ+uC2sTf1SBOm4dN04/5roDMz0cJk+c=
7i4gHs8s7J8vZMcgjRSa4om9FCoOCxDqJFY0+SQABW1Wxq3OwtVrRiX7r2ognpfut1QRajvgKSgd0EtfUiq0aLtWakwxB7xioYdTeTloxj8=
7i4gHs8s7J8vZMcgjRSa4pp4i2CQ+gGkeCswEXu21vMXQYkBh33SApvwCMtAlQPxUjZlUM+O+nvsJ6snpFxAE0WpD0Zj/7E1mLhEz/tmRb0=
7i4gHs8s7J8vZMcgjRSa4pp4i2CQ+gGkeCswEXu21vMXQYkBh33SApvwCMtAlQPx2Sb22a5mgJxS464Dn5EIyY+vUnwT6oWoLeny3OgLQdNVQROx2Z659Rlm8dcBdAmGi/e7cKwhOxByJ6vNnO0QH2Ui23USowBtO5UzkhBLsD9EdAJx1ZUaXLSIHeMAcrQyIhiPmRbBmASj2HPz0SjzYfstdU2lu45nHiKZBKDAv6AXW3sfpVDAf2aRfoLIzQtCfswX8k2i95gKSMrnbiZEVdUo8QxXVO9Hd/I1EbzzAKUWNYZG6aFVeh1JMQjJWdutSihHdjJBUaP9wqVSWNlnTdA4fIIjiq3IYzG886fEvE7+c9OrT6B6f0e3Gqj6DiBDRPCwnp22x/zqrAlbZCxh95s0udX4Z4lolvyt+5CtSEzXUT+OH+OCEWgUSwUSap7m/B+UntuRee2FtPugLM8ikQ==
7i4gHs8s7J8vZMcgjRSa4txixe6a0wOPtpRTeSqI84/Dua5o2lGLOo9gGIrwu0ejwqj2OKCiwQ9AmNn7Lma7V8SqnGnE3QTRJfcRZZ/UJ6s=
7i4gHs8s7J8vZMcgjRSa4txixe6a0wOPtpRTeSqI84/Dua5o2lGLOo9gGIrwu0ejtbUVb9NyNU94Qf+tz0G/+sr2v0X25ERH1ofNetMyofM=
7i4gHs8s7J8vZMcgjRSa4jevXHZyDMxCkldb3PKFv9lMv0kOk5CvBy/hTOcat9O3J8JGQzBt/AVsYyOIC8WL7MHsIfA912lujdnXJbc+sT0=
7i4gHs8s7J8vZMcgjRSa4oe9tH5vOybaPTNEJHxqU5Yg7cTlfq9v0kuejZdi8DJowb65f0oawVSrAw1UdUjmNYvBkwjmyzkMeQSkIbgRDsw=
7i4gHs8s7J8vZMcgjRSa4kDAZduXKVTh8q29niFFNz9GICUNGWDoE1XRkfQcX2mjIq3/EuIlCqQTtrveloMY950MxuK36KwX1NZ5td+Ls2o=
7i4gHs8s7J8vZMcgjRSa4mUK8Yt/meIz7Vm8XULN6+HPK1jnbwNrihMVavSQH11TvMEsFCaSBQEK8ySeqDHAo+SamJQNpAtmy1Gusj/PmETgb06RwVGEGoGCDwfaupAqKE2xN3adbFYNwmq/P4gd4PzGR/clRvu7mUNVY/gAYCY6xcSFHqYaFlwu5dH30gAzfA09EcTgYUjiaYqeILBcO8MDyUkKBWZ3seBAtLZyELIMju6iAR9HHQ6aCo9vuLvIfCM/hm/BF3Ct0g0H/eYmQuomSb5rDHQxjYPc10zQs76+B37V5+UvgCIFalMS683x8/jw/9b/D6tPnHFj92GZH/UUO0dJkmwIzlS1Um0okAQL2SANIYNUAi/Vs2GFdaAaXiF3K/yGJzeLwauJG5qATQ3N51bfAllxkYwBVRQv6s6efERGxK43rUMvX69hjc4/KSF8kaMC+OJl/2RWygQZhw==
7i4gHs8s7J8vZMcgjRSa4lIb6qeKgyGM9Uvwed11Cr1ibGqwxZlxwsp3qODgSwtNNp2ldSLor+NRG+6pqjquuavTRk1gMv5aGOMuUz5lCi8=
7i4gHs8s7J8vZMcgjRSa4lIb6qeKgyGM9Uvwed11Cr1ibGqwxZlxwsp3qODgSwtNobB67wqD8NKEJMq5Cb5qB1fnqlriLRs2ff9c9SLL3fQ=
7i4gHs8s7J8vZMcgjRSa4sxmigcDJ2Kjg33sUpX6Mbr9JXTMlncVQLat9+7bLcPXJujkTy2Q6qOhOgin8Ggn5V5yR8/V1FGidrejDKP87mw=
7i4gHs8s7J8vZMcgjRSa4jdXS82umuSSclzLynzLcH5lwxdjvCwmzXvrjN4FiZCdn1vi63jBLZbweAjS0rCCYN2fZI9e5nZGgLW7qIhO3Ws=
7i4gHs8s7J8vZMcgjRSa4k0Jp80cqFaySCXOIus4VNKm1j848k/7aCcimGORTjvEJLk/e1zxJWHLIKDXomMHiOW06yUkc2nx9Ga9Djpfx4E=
7i4gHs8s7J8vZMcgjRSa4g1hAasCNd7W9LHrRk2HOHvO1dEKPBUIo3augSKtRhoqiBGnuDEwfJK+0sfQXxC/i+T7c20efpJKW7epw34sMsRbhK5m9g6AXT2LFV+zalE8yEx9+Twge5F3MIA5L2SdU3D+t9FqQSjaAADJTV9pyt3Y2RoPR02QHUnMLAqCHhBCweYYi4rGX0xPCGEhJwBjswXwhd5rwC7PbiJfXW3H6IpedP4Al/n17l72kUL1DArl5hwm20MjYnxA03HeL+ed7FhalxqI+ay3tSOZWPOlaAhLia6fpn7kBh8rwjL750Gcc1P92flXedrHT2aLuYM8jQzA8YITcfDqqGHaG9JL164Sg+bNCIrlPm4t78JJqIicm2u4YIo5lhyPnEejKi0sNoltRwPnPmOnzV0WNJUfUeE4RcHLZ/rf2sLD9inoKrviurAWpHHpOG3BUa5KRMO0KQ==
7i4gHs8s7J8vZMcgjRSa4hq7vFgLdbC6wtYe+UWlWUxcVxeaKmXzx8XesM8ITbwuUI6OSDjSC25zp+6J1IShXzGuP9vbu3aAfPWlH9LYnpk=
7i4gHs8s7J8vZMcgjRSa4hq7vFgLdbC6wtYe+UWlWUxcVxeaKmXzx8XesM8ITbwuaZHHvxie1wmPB0Wf+uZjPxnXq9TYyu1MarAjlzg/xJQ=
7i4gHs8s7J8vZMcgjRSa4rtAlEcNhvY5c9mPDqV+w9Z+j3toHYo+Os0FBEXlRnTxmpO8rAAnpr5YN81PcCyqg7/wxxeG8e+c8f1o+R9dZS8=
7i4gHs8s7J8vZMcgjRSa4otm8NsNHTh2UEBp6rDIowCk1/6EbbteyQISPLlqzK/v+lxiR57e2wYDIgMg3QkvtPM/kTK6USWpl43oSOWR5Ho=
7i4gHs8s7J8vZMcgjRSa4s5pPmAS0zQeZUHpX2pKfbMGuQLt1LZw/dLIcjLJFOUNCidOe7Rifn7huN6qApsATI52f5PKKzpV3TaEYOYQJB8=
7i4gHs8s7J8vZMcgjRSa4gQlPrAi2EspnN9jgFMiXB2YzWql1OBv7z282+VTVZACAEzmNv3mliWbNR+scW8hVnj5rUfc9OZ20iwgZQ2cThqlFOYytNhY541uc9rYLTobYTbZq0YyX7sLWOLnwckagKKfuutNjaGAW0AJBzP8eKOwCmrhOyN6SodH8zYThKhNcAQvkggC59SUlw6YerPYWsrNozAV+O/37WguKQYoqQkgVxFsfmdXfkRGDwUp7qWFZwUjhhsZql7m1YQJD3sleYyFgG06HsU3+lg/zbD2iUDSgPkxJHpolxUFvwpnvmaiXQ2rSjcqBksJs0fdV7JKJv/V5PkOqUEE+nrUJMpPE0ZlnA4FJsoUoiRdXwnX4MKwxoqXTJmitNJ4icEp6kRdt5xzo6d8eyDNHZNtBqlvWSPp9wVl2JJo3pr6cXGUhADbjZWwPxz9RlGnNhhonF3+QQ==
7i4gHs8s7J8vZMcgjRSa4qaGA1mk16O5ql6de078Ux8TFpm5zwkHrbgxXjHBhvIE4RkVu6o6kLm/fODOo/gg/IecIWCgzTXMpDxVg7qdlLY=
7i4gHs8s7J8vZMcgjRSa4qaGA1mk16O5ql6de078Ux8TFpm5zwkHrbgxXjHBhvIEmxIJmnEmvC2VHgIjEHhtH/c1KyQMAY5qI3VUBEaOSqg=
7i4gHs8s7J8vZMcgjRSa4p4JhCoOszF6u6h0x9FrZtPPSteOtqj0EYCngTOWpU4Xe7vyExlnbC1Cm6GJ4rgbJqJI1BOQc4zCRkmN5s4VQ5g=
7i4gHs8s7J8vZMcgjRSa4lo2s6GO6J4LfcwkEtk9XFCPMMcAwOy4CquPyxKbdbP95r9slzfyaeTFLSKPoVu+IARQWMOrvrN7b7dRHX6+TAc=
7i4gHs8s7J8vZMcgjRSa4rIpxHxwbK9kCDMmQneAP4bK3/unLuSViycBXHNrDiOZHt1aLx8jaVLPese5sMevmhYkMubLGEn34NLrmietGW8=
7i4gHs8s7J8vZMcgjRSa4gmaecQ1G+cISMDrKDVYq+e/C4ZlDrUpF2WDTs0fLlb0MPvlF08KVVcnM+CFabmRu/fbr+j1tNH1KwTcytsaWYQ=
7i4gHs8s7J8vZMcgjRSa4gMewZfHGSMUxsBdtvkNX1ZmTLyXVDym66jqG1BCQRgIsAQJj3a0ntPsfC+AlUf6tMo4bEM6uYNbXLsFMGKawDg=
7i4gHs8s7J8vZMcgjRSa4urnvGoiNXc4VV3V2zU0GnZTcfZ2O5XBRzhNUJARpu02xWqq/y9wAWy0pBoa0kxklqO3Yz17KWapxrKuvkDR88g=
7i4gHs8s7J8vZMcgjRSa4lU0avt5ICupp81Yv9zjVF72upwJKqx5OLsSKvuaT3XJS22WJQKRaGE44PkxdAhmCU1SHkZptA0C35f5YuVLtc4=
7i4gHs8s7J8vZMcgjRSa4kR1HcwWVmXah8zv17tgEj/OwEUGliWDypMCouGPPASf3PaxKKZsjf59ILPn4XRuxDKv4wmQFeylIHvhhsSTUTA=
7i4gHs8s7J8vZMcgjRSa4i6y2nCrbBDXurca6f7CaI1qv8A0D2yFdv6hPTq7TibdFQDbc0higmZsREIXkBqM2WXh+vEcW7T3TkWRyRaMZLk=
7i4gHs8s7J8vZMcgjRSa4ud7QISqC7Hiqq+rcVa+Q+UAiyNUQ517ffisBwfgKcctAuHv6NpcPyLYRc/DHctoJIB5ybctuMEni+N/XuZLDB4=
7i4gHs8s7J8vZMcgjRSa4okBPRK92I8yFbv17tigMhESWyubLSGWPp5TkJqpdtokQyzUjY1hM+C2E6x7nIgxu1Qd7PpOrLL64BzxuWhwDrs=
7i4gHs8s7J8vZMcgjRSa4roAyhOmxTA8IvMOu6t4hGr5BM0yPPp8nihUS5+dZ4dHg/LmNBiUiyRJuvhUASHTgkXqFzvenDg6+SBbU/nVVyI=
7i4gHs8s7J8vZMcgjRSa4vHVMhQ04frxbTWhM6xAh3VmUVRoXMn4gIFSNxA9Iktcg+NL/tuEFq+/DuYdqL8Vfdtd0Ct0DFj8or9CFVVPsjE=
7i4gHs8s7J8vZMcgjRSa4vHVMhQ04frxbTWhM6xAh3VmUVRoXMn4gIFSNxA9Iktcg+NL/tuEFq+/DuYdqL8Vfdtd0Ct0DFj8or9CFVVPsjE=
7i4gHs8s7J8vZMcgjRSa4qRAwdgmdLs4KPeYFFEeg0LEvNvorABHM6OzhGyPSamkmfBkhTQgEOhJPyVOXwkCirS8TS9Y4b+UA6zaXOCR5QU=
7i4gHs8s7J8vZMcgjRSa4qRAwdgmdLs4KPeYFFEeg0LEvNvorABHM6OzhGyPSamkmfBkhTQgEOhJPyVOXwkCirS8TS9Y4b+UA6zaXOCR5QU=
7i4gHs8s7J8vZMcgjRSa4qRAwdgmdLs4KPeYFFEeg0LEvNvorABHM6OzhGyPSamkmfBkhTQgEOhJPyVOXwkCirS8TS9Y4b+UA6zaXOCR5QU=
