GmcONIA9PFzHw1gpPLLPoqev3ytAH5KO3S/CJpMsylg=
35kyjVfwBJgytCi6KM5Vug==
FNt9orFfFSbPIXNSbXcP2Q==
gE2g7VQeqq0h5MkG44fPUw==
ExPkcbYFeYs2lHSAMsaJBjIbQm7FWZ8YCSkKK1z2aPs=
cwgQW1UgxyVfBeSrdwXHsPE1eoSAri+NViVSjTYe4hg=
pYn3RyiaY4vz2unSybTHuw==
mAzeFbkWBGyzJRgEWJSZYQNn44wFaguEUnqkvHVinQw=
NiGef/LGs6v8Em6sqLz1GYGKB0111uCW/TAqgkiW0+w=
2lfNnhNY+w/3xMaMUxJbE0YFT/wvMlSDz8Vrd5FEs18=
69QJGE9+2mIarvbZa22z4/v0szICN0tskSi8zrzgpLNJNiqYi3KMNjvbpaHiuIHvMBHIQOTCSJdvP1dcr9Ltsg==
69QJGE9+2mIarvbZa22z4+NVg2fLXoWZ4CzOeEPrb4EzHu1WnRDSktgL1HqK6PlfnkpyDCKteUYdNVqKqllSMw==
69QJGE9+2mIarvbZa22z46aWg5AykeDW8AgZ8Vcgi+HovmTLhPe/WXsG1i7f8gIA+pYPGdYly0tvA1cyEDvYyw==
69QJGE9+2mIarvbZa22z4zkxOwX2f4Ed+JO2qTWt6uru7O/bXQG7OWr82YutSGkhXRBU/n3kk1xwgtzFQb4P5w==
69QJGE9+2mIarvbZa22z48bPG5WHDm6M8pIC0oTA8hELcI2UOAFYi8+qNdG9sj7WA+aQeNOeyeJEKneeF6nagg==
69QJGE9+2mIarvbZa22z4zhid219haDbM0mJyetoizaFyuBmQVj15leAuRCxipQP4t/qay3GtXen3a3XK4sr9g==
69QJGE9+2mIarvbZa22z4/ks+fMdQMPwS+UnoEkKG0nf3KTUBbhLMLP0/eM6kD/lexVRc8wevqPZ06lGj6XX3g==
69QJGE9+2mIarvbZa22z4/HocYF1c/w4Gi0Uadp1Rdzsv2s5kO/oHawTw2pLzg90J4EEeU7cP71+KIbZwtRT6Q==
69QJGE9+2mIarvbZa22z406P+LHYCxAd9OkwatLODefP6Ca2RaDMfgNBX+dlfqbE6mV3RIcJEq6Y3XvSGgKhjw==
69QJGE9+2mIarvbZa22z4+7m7uFvy49RpHbkOf1JZH3x6td++UmPNFd4r8UeVev/nJ3JGVaEySflT/B3g5fv8g==
69QJGE9+2mIarvbZa22z47ZeFTW86ot7Z2DTiJTS0QrPcsOsXuarLAt4GXK7LGQPNXjg9w98IR2owOfheRDzew==
69QJGE9+2mIarvbZa22z49IST1E1smtlgwGVCN5XRvTv4IEis6MPkjQ7NYsuwDSEGWsq8pSS/6Jcsw/HJ/mW7g==
69QJGE9+2mIarvbZa22z40XMlgcX/x0MtgxWFxju3uzf77+KNqGSbhofrwU/e2UXxok9APODg1wMuveF1q9twA==
69QJGE9+2mIarvbZa22z4zDiKadIhd/Ws8UqLJmdxPGU55WWKzDyYONF90XAT8AfWdLPtql7KfNzlRPExEvg/g==
69QJGE9+2mIarvbZa22z46/MEGEzpTz884S5Hz1OwafLO6i6GMMmTeAe+lPlKBaqFhOrD9yfmzllJX0/KHgMaw==
69QJGE9+2mIarvbZa22z48xjkAqfLJsqrNbp+FGNNm0fxEoqfkZqEthME0uk78jFD9rhhXIVa+SYnJ7g1Nz3uw==
69QJGE9+2mIarvbZa22z4zylX6t5QuMYsp7AIyp5/K0ZUHdSd3nsqA5eVaF56gYMVWiBfMttPU56pPrwqnCRqQ==
69QJGE9+2mIarvbZa22z4wQG7YMMWV6rLB6+NFKgLmeKaPazTMGsEv4S0rDbp+PZ4KQYh/dUzQV/X+H/+41p3Q==
69QJGE9+2mIarvbZa22z4x4pma710V/wf/+U73VSFBfl2ZhlCkJIEUjzK5wGJQjY8L23PE7cGwH+5QnBFIPNrA==
69QJGE9+2mIarvbZa22z4xLQZQUNwl1yY47OjQPnyAwDpKYhJKCfaQ8j2oD9f76tDDinFkHyiVH5SuMAegF/VA==
