GmcONIA9PFzHw1gpPLLPoqev3ytAH5KO3S/CJpMsylg=
35kyjVfwBJgytCi6KM5Vug==
FNt9orFfFSbPIXNSbXcP2Q==
gE2g7VQeqq0h5MkG44fPUw==
A4ZCFW7RnVRfEnbtNxUDb8VFIQmzxcIFLuiIjRY2q84=
cwgQW1UgxyVfBeSrdwXHsPE1eoSAri+NViVSjTYe4hg=
pYn3RyiaY4vz2unSybTHuw==
mAzeFbkWBGyzJRgEWJSZYQNn44wFaguEUnqkvHVinQw=
NiGef/LGs6v8Em6sqLz1GYGKB0111uCW/TAqgkiW0+w=
2lfNnhNY+w/3xMaMUxJbE0YFT/wvMlSDz8Vrd5FEs18=
69QJGE9+2mIarvbZa22z49w5iuuO9UCv2aNmSwcflmvlbjg0xSAEp2/AaxTFYZ0rKV0XTT2mlI6YJyyjnpo6IA==
69QJGE9+2mIarvbZa22z40LS5QVr9VUEu5+8Yh2lDnstoIz+AJR9n0N0PvQZXbGvkt7pWGZWG55+qFmrW2/4Bw==
69QJGE9+2mIarvbZa22z4+rNU6+/ONaApZIl8wZ+zVb2JPQU3gdftFPiHQvViU/ALLByGOA5ahfDJa9Elt6vTw==
69QJGE9+2mIarvbZa22z4/ZbZpLUPQ207qcE1DfOkHS460sFL91hvXVSgcwpsR8Pq5I202LgVJFP0jF4klVrkg==
69QJGE9+2mIarvbZa22z4xWtKt9iywpojxJ8t6IM6FvrkMaRtQfK1s9EHceNqLEJ8rYoR2sIAiw1m+moer7bmw==
69QJGE9+2mIarvbZa22z43DmY9wgREpBz+fvQXC3ZLsfQ7qLO3R7wdel24yVSq8nBWuG+liNc91ka9WVzqWTjw==
69QJGE9+2mIarvbZa22z4+8KPb7TKycxwo0aXm57SWp2UYpWou4Cb/9vrrOOtGJFatBDQBTjotgEfu1LZptDwg==
69QJGE9+2mIarvbZa22z46etq7Ic4UVsgIT0Crupx1XRS/8Re1Fx9CZI+z5bpcgCUoF12OBaz99BAi5esAZm8Q==
69QJGE9+2mIarvbZa22z4yYvrLWHo1lvlCllOxzb6UOmsjecrWTtdpqR16v/1PA0zAUCWBaU0CDmpNmt4a5GPA==
69QJGE9+2mIarvbZa22z4xOjl5dapyTIsP3YG85N4mXvu6Pbl/JnnRDHl7T9yjOlJbqj1r2AEXWLJfuNAyJ4Gg==
