GmcONIA9PFzHw1gpPLLPoqev3ytAH5KO3S/CJpMsylg=
35kyjVfwBJgytCi6KM5Vug==
FNt9orFfFSbPIXNSbXcP2Q==
gE2g7VQeqq0h5MkG44fPUw==
A4ZCFW7RnVRfEnbtNxUDb8VFIQmzxcIFLuiIjRY2q84=
cwgQW1UgxyVfBeSrdwXHsPE1eoSAri+NViVSjTYe4hg=
pYn3RyiaY4vz2unSybTHuw==
mAzeFbkWBGyzJRgEWJSZYQNn44wFaguEUnqkvHVinQw=
NiGef/LGs6v8Em6sqLz1GYGKB0111uCW/TAqgkiW0+w=
2lfNnhNY+w/3xMaMUxJbE0YFT/wvMlSDz8Vrd5FEs18=
ANNYPrUU1tSRTgEFUj/IqFmy3fgJ2UdrdPfB09vjsA2Eu/9N7z2+zgf3d4+6FD2xQbaTwTFKTk0mclgxz14rxlZkyOW2JYH6tr6+xxLNBfI=
ANNYPrUU1tSRTgEFUj/IqLt69HMEbJ1HJApXJkj5O4Hg2QDfS8glM+2TF8jBgW6JOVlDpGcl4lVYgUgBUbF47nUgQSW6UzJKf49mw60oPoY=
ANNYPrUU1tSRTgEFUj/IqLt69HMEbJ1HJApXJkj5O4Hg2QDfS8glM+2TF8jBgW6JlIFBYksu6S4i64qBYlFeqGayyytQdjysFTGXShpZWmlHLD2CmdsF0NKD6YE3yT6w
ANNYPrUU1tSRTgEFUj/IqDVDTa58pvOIvWHnhSeKg8nEMbOr+sCMg/NTP42LvtRtQ/26ouIzd2mu6rdr1blhOos1+MULXwc73ZJQlxJr3IYA0mrgh0MXkG+U50b1MKu/tDug1oT1B/BrdRb6reYyYhAnsY1FdrE8gaVG6QoaNZR+6ubzjN0n2/C0dbrnESfr
ANNYPrUU1tSRTgEFUj/IqKpYqc4eTVGlKiDYo3y7PudG5b/EXG3zniKkuBgY+RtY1AHRzmWlbFdK7ds6l41TM3XUSH8wltykcHFAli2krYXcs5YONFjFWKIyEjZc6LRLbTy8ljdbWBvBwnygGWJ+yoQ2zOyB5v1dLCm5fkfLLZ4=
ANNYPrUU1tSRTgEFUj/IqKQfhxBdbwSfKLz8nRexbTmazVzzFG+2ggsvjwX465TFsSWyGvXhhykSp0zYl92sk+m5dtkiHanKFpZ1nMB33F2GZQD2UJaCIOul4Z7EArIPCoChcei7YTzAleHG7gotZ5Nin7mTKSNA6lVMDrfDbK5OLQ+k9vTWfcSyuJ4RajwF
ANNYPrUU1tSRTgEFUj/IqOnB/hqqClp+2VKavOmZReV3OadmIS1AK3DTpqcGfnaT7VthYGyTh9XUHXSNo/rKL3kA1ffv7iIX3fuIXimHUgI=
ANNYPrUU1tSRTgEFUj/IqEBl1TAWZIFjkSq0KJdP/T8xxrlRGIda8v+elX6eDxwwzCJQ1d8cXWflaTvpOpx9HmWCkTfrEI1mf823xHeGV0Q=
ANNYPrUU1tSRTgEFUj/IqEBl1TAWZIFjkSq0KJdP/T8xxrlRGIda8v+elX6eDxwwvrOZwvkxzJzgMel/nJI0imAbkuM8QNTackaSdx8ZOkPwcw92e2VFlNw+8u/OWWnI
ANNYPrUU1tSRTgEFUj/IqEUJzw2TDbHJ9OOM7yrRuec52/wmZGxD6q/EquPHU/gkTg9eKPddM+XfVa7qLY2gAhC0GQysy6IqFr6WjgNJw/BI6ICTGT0nFxxDYsfgfNEM2O7nDTRCXWZl0fUW8xcOeWI/aKm1mAL+94KOWsC8sUU=
ANNYPrUU1tSRTgEFUj/IqEgA+Fb6BNKQDOBID0UfaE+ctTJ76EtuHUSzUb2ljM+oMjCV5ljPaLgw+IikbMRJpZYL1kpCtngElrE6fzs6zkA980nCewQVyifxoQyexoKC6Sbz7AOVa60JXpm8HLPJSxXaJw8J6kRo15du24uRgMO8P77s/zj7O2mGrpsqceG8
ANNYPrUU1tSRTgEFUj/IqD2LPzOy68KTNgu/AYk6J9EHlhc0Yoiyo11Vp3Oy+cRsD0OibwbatDK0w4cd64Pl8ju7+9y+kTsM7REJPBjgGkN95jDcXrSJYkT+BBp7coQAUk9s0MSHHoQvQ0dxW659X0nroiJ3Ix7q56JD4LXUkXC9b03tIwCf+ZThKYf2gAT9
ANNYPrUU1tSRTgEFUj/IqC7w56Sk9mZ6q6T8kCvZmBD5kG9hz2T/nKL3Gfw79Yg8yRPNsr25OtXN56nM+nd3YRrPR0OfLIx+eUS7Z86uhqI=
ANNYPrUU1tSRTgEFUj/IqFD6Pabk0Eb03iLa8CLxdfjvtiLA26sXEbH+bEau6CzJAL6e3obYy3vOwhtqsCdC0xzVR/CZ5RdoWHDTo6lQuGc=
ANNYPrUU1tSRTgEFUj/IqFD6Pabk0Eb03iLa8CLxdfjvtiLA26sXEbH+bEau6CzJwNFQ/rC0DMxRlYzU2jMuHY7SQOcaRsU9uR8mM2sbqr7w0Oikhq9aLswqiKn9ONvF
ANNYPrUU1tSRTgEFUj/IqNbLF+Dwx5D0SjdQQneH3Kx+K1oK3n42kqiwYK/pdnxB72S8bRzqQ1/eDGCLO5LWGEBaoeh/+OlN3/uTKJSbMx7uV78Uo7Snh2RvbhSQ4+4MLS72feIw16heh7+KLQCVNsu5DoAfeaIDhN/2Fy4cHfY5rH5I1RL0Q+vkl21LgKRl
ANNYPrUU1tSRTgEFUj/IqKQ+KUgbMA3tiqujZk+nOYMxYPIYRHEajCokx6SWZwwQg+6H5za1Rh9hnhhfM5HnWCIX7q0oRh6N5/qsUr6BxMszxCgDaR1QfBLCIBxbOhcnu80/vnnLTn6yc+H8iuEros6x8UkP+YG5kY+e1Ftmxdg=
