GmcONIA9PFzHw1gpPLLPoqev3ytAH5KO3S/CJpMsylg=
35kyjVfwBJgytCi6KM5Vug==
FNt9orFfFSbPIXNSbXcP2Q==
gE2g7VQeqq0h5MkG44fPUw==
A4ZCFW7RnVRfEnbtNxUDb8VFIQmzxcIFLuiIjRY2q84=
cwgQW1UgxyVfBeSrdwXHsPE1eoSAri+NViVSjTYe4hg=
pYn3RyiaY4vz2unSybTHuw==
mAzeFbkWBGyzJRgEWJSZYQNn44wFaguEUnqkvHVinQw=
NiGef/LGs6v8Em6sqLz1GYGKB0111uCW/TAqgkiW0+w=
2lfNnhNY+w/3xMaMUxJbE0YFT/wvMlSDz8Vrd5FEs18=
ANNYPrUU1tSRTgEFUj/IqKP/YCC+xXJEQoEF+7b1JoCfpyzDxFlXWNZwL6/e4vnSmeF02c5Zqf7YTnNFOiUTKA9hndZq4LeuVDEHTXY/yH8=
ANNYPrUU1tSRTgEFUj/IqH9IGn6s2/Z+6kBt3iWWPWvEJqMcukEv6esHXJek1X7ffhRk0n/ydkn9OF4Jh0cHOrZSyoCq4a3S21Diq26KhLg=
ANNYPrUU1tSRTgEFUj/IqH9IGn6s2/Z+6kBt3iWWPWvEJqMcukEv6esHXJek1X7f3pdPsCr3GbIDs1GdHVd/ILytr6cKhhzMuxxlu6wVZbNE6rymr6r7LSRIif9xvT9/
ANNYPrUU1tSRTgEFUj/IqJT9LwZKx7LxlUPE8gCj32+YpDcWsVLH9q9TIhl3LwUGll20nhc5dvDWHZOSGWrjquN5BlGWhyv1pwHxPB3xfGY2M88GPEcA8MPjLQsravJxa5ux5QtK3yh1hwK6XVsQyNpoGHP+UkqXOnlpAe8fY+bLm9FZ7xEeDhyWYome5gC4
ANNYPrUU1tSRTgEFUj/IqL291Qa89nuM2JO6a/fqnmbMO2V521ITB6ZsaFKsedX1eE/ibMX6WnnC52nNewkNUuiqUIfmjhutEIeZfam4boO1PotDgKEZ+IVEjcMDXcZqUyJGHdLasypKMj2tPvktICRcK1pXLc6EcMTv4vu16SI=
ANNYPrUU1tSRTgEFUj/IqLhlDyh78NTvkbAv2PxFArDBt8rxIARj8QpvcuDMwOeTuRoATP4fIuSdM75nCeu3BKnHOXwHtfPwOEDPSJUkBxs=
ANNYPrUU1tSRTgEFUj/IqAi+hM175ewHEmhIWXWrU1rWTI4at154sikU86BlSGkSo5oOKIpidN5WNwNYJEvtSFRFV+JwPGD3rO3/LQNAySQ=
ANNYPrUU1tSRTgEFUj/IqAi+hM175ewHEmhIWXWrU1rWTI4at154sikU86BlSGkSWfp1t7r8qg6kMHRuGen86j/dIyJqVMBk0fl1dYINnZeSIpy5/B/2DbaNdppO2CrZ
ANNYPrUU1tSRTgEFUj/IqK68sGhfIP5y3+YlqwliQeObOaAIyQzChtkJNt4eLusOY7BPJT2h/8hSc+/s/EMvfdYrtksCutgr7M7gaYg8Hf1zzAJ5vfgbCfg9+xszQeVPJpIaHBXetpxlMrX+ZQbACPhnyJf8JjYVG2+eLuEZSNaBw5tMCmidyTCKnUp1MJaJ
ANNYPrUU1tSRTgEFUj/IqBuHER0yvnnVGWFNJi31pzaqevzNIqoOVJFA50wkFJTk3iI//7U0+NonmyfqQ/JNYj8uy6zBa+y/H4IIQ3So6rwtu8B3KGVyw7HsMHKOWrFRyS7w5AmaMHxOSZH7Q/UfQDRvxpZtAMVS6w18MxZH84o=
ANNYPrUU1tSRTgEFUj/IqKKH4qGNzIlUh4f31VXcbNAiP8FKOaXR8TsXqdFtj17+D9H9hzxUVpzTz4OToOPD6ySE1Ma1maLD9a+WxLJ6N/k=
ANNYPrUU1tSRTgEFUj/IqNrY6AJz/wc/Qrg3MVDn6gdfXkNVbuD7Xn830auB4pxxWUSD2LnLtrBUbtMXzlcDpgADfzo6uIODMX7bq9Bxun8=
ANNYPrUU1tSRTgEFUj/IqNrY6AJz/wc/Qrg3MVDn6gdfXkNVbuD7Xn830auB4pxx6fyr11ZkeCOcp+4P5dVNgBkT/iwsdwF9wk5dnGxx8/PtcyA38peWhxnwpohd8Of5
ANNYPrUU1tSRTgEFUj/IqMYuPjuXyOcByu91rWnyDYf2VDezmpzcO0XQcrRoT9qi61xdY8006MS/Yse7VYU7xX1Z/QEXEEl5PzP+fuUPWsiHg5zzmdn2c9qgCyvvrv86reIisQa8Dr/mxAJBlshjodu65YJ1BqtR0542n39mjD3Mdal+UlS5iCntaf1cjWKF
ANNYPrUU1tSRTgEFUj/IqJH1YltUGa/xBS0mGi6XLoFa1zSS4Vi6CVmi3N5wr9HA+XoFYW3qq6nOG3CPhUvcnUJYRVqPhyyjuP6/44myWzMktoCCPKu5mF/UKgSNVLbA7Ij7NdyXm2QdI4H53J+HS3BIJ5JU0CHats2XrP/H9l4=
ANNYPrUU1tSRTgEFUj/IqIoiqyL32UUJUyxWsgpHOJGBGzqiq6MxhGnKuSVE3ZU6QR2gQWPpvRhEApBe4Zxqe+4TR0sIEYmgPg/SMPVx3mE=
ANNYPrUU1tSRTgEFUj/IqNA5O04OOohfm1/DKTpcbvOwC7z5J5lXgryo2fBI8q2zs7LudmxxaU0zO72JgIOikRQln33r3TJowaPkjFzvecs=
ANNYPrUU1tSRTgEFUj/IqNA5O04OOohfm1/DKTpcbvOwC7z5J5lXgryo2fBI8q2zwnIZzvmXJ7YzbHBQSWd3aJXlldMhViFsuISXZtwSf9Mqsqu9iD7kK6JkkfAE4qyp
ANNYPrUU1tSRTgEFUj/IqLmmML1cPEyucvRCZToVJaOwusz7hxCoT4RyZz5lo7XOQt5wiUTwvXwFE+sqJPv23V4PkXyRmsD5qsppEfQF0jd7p1px0v2i9PzGMbHnbdYtUy0F8HdWtWnlbMSU3iV7Ke492RAefE9TKt0PdP63iI5ScIWRslNAMjFyvmxRKTLS
ANNYPrUU1tSRTgEFUj/IqAZZ8CgGn2J0B8LUdCYgg+S7y5zz/FfQCbu2a21SRs7h8KAT5eMh6LO+KWyMs2/pn+xcLCdCPGMTGU62DZE65gXTtDRwJ7TInOp9f8PpIKKE3vRpg6BeHAE+CEMT0Rd0tm+BuM8ce7SzpJZ20nHxHqM=
ANNYPrUU1tSRTgEFUj/IqKNz5GFjXmQBfIUd5BE0ei37N2wR2GsoV80IBAIskDTFPHvSGnYXWYx6k6t9gZdqXkSS+ujz3Qg0PjV8sIdYctxc4V1xRYultOo/Vp8/96H08jEAfZlWJiecCKkAcDwzUbpjB/xmOv1KTYdWjGob14QLcWCJG0jvBx85pXaIo+Fq
ANNYPrUU1tSRTgEFUj/IqJUJW51QZAdNQvMcwKsKdjSE+ZzGRFOzN8Z1+UOdRqrW8s/wpwxu4pspH5qjBX23rXyja2100NLCk26vavPhjL6tzYe23YSzqUCWNL2tcZwE2gHNC2bbhPHQZVFVpqxjZAMfnItPhjqefgiLNdvX1UJEYPUSqAcLJreLAX75e0he
