GmcONIA9PFzHw1gpPLLPoqev3ytAH5KO3S/CJpMsylg=
35kyjVfwBJgytCi6KM5Vug==
FNt9orFfFSbPIXNSbXcP2Q==
gE2g7VQeqq0h5MkG44fPUw==
A4ZCFW7RnVRfEnbtNxUDb8VFIQmzxcIFLuiIjRY2q84=
cwgQW1UgxyVfBeSrdwXHsPE1eoSAri+NViVSjTYe4hg=
pYn3RyiaY4vz2unSybTHuw==
mAzeFbkWBGyzJRgEWJSZYQNn44wFaguEUnqkvHVinQw=
NiGef/LGs6v8Em6sqLz1GYGKB0111uCW/TAqgkiW0+w=
2lfNnhNY+w/3xMaMUxJbE0YFT/wvMlSDz8Vrd5FEs18=
ANNYPrUU1tSRTgEFUj/IqGcKEg01zkvUjzqvdNGvZKaYR/40LjvFfvBU6UMwtrZyd7utZODkVIgNh0e9oDoZ+8GmW0BYfU1PxrwEcup65LA=
ANNYPrUU1tSRTgEFUj/IqN+qPZWNdbforyczUJJ+eUADMfo54zE7Nv4OEgEGUimDMZskCSllf79JaW6HkaPXnx5jmhJBsUPPiH+ggSuJxdY=
ANNYPrUU1tSRTgEFUj/IqJYDKLXDU9x8Rc2Qtaf3LEjvhG31EkJOrc7X7iri8OlIdTnzwxpDkMk0GfFZGFQUYqMbwS/AV/YFxwoRETai6ZXvcaYcOc1nkXhl5AfpzwKq
ANNYPrUU1tSRTgEFUj/IqPTBmoExaWijujO3OJgAKmcf4iuPeEM8uwx2Cj9KhF8SYsE1aaHY7tNjSL0W1HiwIA4AJAksfEidwcUosyhLRKnQ6pxrP9DT1yQ6SdhgIKAX6T1MFx0VVPwS1+hVwZzVEcqIWc7CF4A/gu9S+8Agrpc=
ANNYPrUU1tSRTgEFUj/IqNbqFnXVE5ujZGjkeN2IN8xSb4ogHI9D4NBclIaKrimeCBf5YtewFn2TiFC1swwnEIhxSCAtZPQzbQN2vQVvizDnCZcQUxFKkMWJEpouOIh680j6D2C9ixczDIpK+HI5udDrerXKwQNQhmQZdEinllbPtzF9U28PfgwK2+JceyTm
ANNYPrUU1tSRTgEFUj/IqFkuth/D39GESeuWEKjPZUdqyUb2S2B0vD4wVyJT8txgwz1mPDV1TrJ7SMa5yJkS9wQOl1A0LYIhDjjXJpL+F5ZVacKHy2YRKh0cKlIrpCXKD60o2Q1HAhLSKmPfc3Az3eA7zl8Q+w96nw5hMRsS51gfb4A+7GJcYVKqTX/eXQ0O
ANNYPrUU1tSRTgEFUj/IqFmtXf2OiZLDxZHqeWZZ8MzPrrOpcgSjsz/R94NSjY1l2uQJcwrzLwJM/F9AXRwfunrbsV4rPb3uwCYCKt1bnh0ZYtJfiTiatR6mBQaezH5kDkbPOhhZz5xnH+DhbraLHuaR/DVZ74huDzwYu/ckyzfekETOQ4CPI2JlBOKiVOzj
ANNYPrUU1tSRTgEFUj/IqMylonSbcmPoFgX6iq6aj+vV/4he07Qb1EwxIHDKdhoroZ5eb8ZW5Dz9IGzmFjAPmQOl3BE/eoFC2R3BVaC+HSRm5WMXnJ7Kyk0egaQb+scG5jE4tGhJHwtZt2mKe03AUafjwElsDAWPA7L74ph9r5ouNk26ViSQ3xZq6LmJ8E51
ANNYPrUU1tSRTgEFUj/IqIZssyWOKaJHWwWgVldLJOCjhCb72CFfqijM7j4lf1h8SRTgtx4cTvCjvnnHOMtGXn3ZCkrQKhp9eEmpOI+fHvCopEPDdMFwc8YoU7NxubbxSCkkvQPDZQLetl0b9490cGKOQTCkMiPjoCuHQNnZXXndHspr9IehO65L0u19M3sr
ANNYPrUU1tSRTgEFUj/IqDjU3kok9hoeCDJ3t04ENDjs9Yrny7Ft5ecbi3IdT9kBcNDfiSiveWGnzbZQWNJ7FdOkksgKV2Fi4hXndV0N+z4fJZIzqf5KwDu/M37J3/ANKcCeBnTSk6YOUiOYGyEGvcTBjZ+lsamp9HOOB5JvqWKROTrdhH2qszV4Sy5yCwyn
ANNYPrUU1tSRTgEFUj/IqOEaGjLYTNdpxxXUa4AppDLiBhc/ZQL6RLq/EzLuqy0rvGD5gKEp4EvDE3B6pmIV2TvQ+XME7CtxVU4sJ30moEBJIyKr5fiN4hLEhsG+V+pmNvTn1MAynOebzh8HllHW1ySGR22TFg6EBeDnxiT+HKeavZbb/bnVgWB95D9XocUB
