GmcONIA9PFzHw1gpPLLPoqev3ytAH5KO3S/CJpMsylg=
35kyjVfwBJgytCi6KM5Vug==
FNt9orFfFSbPIXNSbXcP2Q==
gE2g7VQeqq0h5MkG44fPUw==
A4ZCFW7RnVRfEnbtNxUDb8VFIQmzxcIFLuiIjRY2q84=
cwgQW1UgxyVfBeSrdwXHsPE1eoSAri+NViVSjTYe4hg=
pYn3RyiaY4vz2unSybTHuw==
mAzeFbkWBGyzJRgEWJSZYQNn44wFaguEUnqkvHVinQw=
NiGef/LGs6v8Em6sqLz1GYGKB0111uCW/TAqgkiW0+w=
2lfNnhNY+w/3xMaMUxJbE0YFT/wvMlSDz8Vrd5FEs18=
ANNYPrUU1tSRTgEFUj/IqG8YZpdffCd56SbA+t7M13KuYJXlMJrKydek2fY3+aabw86iSBK2W0h2ZQBZAp5nz/64bYXMbvDbSHMTl/PDAyA=
ANNYPrUU1tSRTgEFUj/IqAjx9/LBQzpYShQLp7eTZnICknUCirrXQVkqOlaBwWGdd20N+324CIvBYTEx9KJNWSLm2lKL29VUaSZNeeZSWwE=
ANNYPrUU1tSRTgEFUj/IqAjx9/LBQzpYShQLp7eTZnICknUCirrXQVkqOlaBwWGdoXsURF+JYi9n0/06LXGg7XCPRVUpuhtkD3wqIj1Qs8NIlnAsFk1nLokIM4fICMMi
ANNYPrUU1tSRTgEFUj/IqKapUxNwJID9UQJMTivjZLjWoOJS8CtiCKI28A+mtqvL3vlIcF51aao7hgegda6w8Ue/9c8fkoqpyceD4do/Mvt89muw5fzIet8CAGetsWzGj68l3OZtTj36cnNsrt9hmC/qNXhRSvfMdjRLpWTdRZS66DyGHJtt0LXDDo7O+brD
ANNYPrUU1tSRTgEFUj/IqNHrdidvcWCpwcaHCyUDGZISgn04bwWObzafXNCM1NcfTkXGwCmKqfZCVBphyIbbsv3xu7EKu8743+DieopdSB+quCH7WMH8OVpJVJL1Zuxf3Hap4O4KHeQs+OafI5GTxUELuKMntwkFcA7R+H3AY4A=
ANNYPrUU1tSRTgEFUj/IqCbTG2G+ZLqeKuGeVcofTtJmwzvirHUG+syBrSq/kkcl7UkUjLvB9aBL2zBN4jpZPC1cfJIAzoHU/KV6giKNJ7Z2QRxqmkqeXVddHyeI+a2bobirdZIVOwrGgIm4fzfTmZHCnniRdzo5mDP/pYu57J91W4gOJBWbb6ZBL1kJgVhG
ANNYPrUU1tSRTgEFUj/IqFRRYTO3oDuuW+QkZkiuJnA7eQMXhSUHIPWxW2HdAx1J4CQet+dCPffG1prE1meieGpHvOSjwtNAZQYMwZ4yqPnBOupHWLiswp8IInRL1ygTf4jzPmQlChUxKdBtfl93GHaA9uK6g1Zeb0thP17XgtCgy9LHE9u/d7dX/Jfsbq4P
ANNYPrUU1tSRTgEFUj/IqEik26H5LsRjetIo46VI9NpAYlYsqvjmuATd9tpdU98gzCFs5Juc312m2ZZTgHz78EuU/41YHueXBhISpf4+vPTnxj2c60vFsCUnD1c3fV5/v1L6cXFKw30rK0tT9vYMdZETFm3lpJ36KRbrIylnAJlxIMFcnFUADETj9vTFs80T
ANNYPrUU1tSRTgEFUj/IqGKAJQa9ZygLjOxWDhmtl065SG72P1EpYJlrvcjaTXKpoZb0yCB2W27DCFGJus5tpmZJDc6fFc5K26WWjWyLIz0=
ANNYPrUU1tSRTgEFUj/IqCI/eHfJIh4K4rnSxQL6ivD4Yf7mzhURWmKazczxl9U7XFWcr4zerZLYEm8gg9TOc9+qQjl7kEdh4j/xonzARxU=
ANNYPrUU1tSRTgEFUj/IqCI/eHfJIh4K4rnSxQL6ivD4Yf7mzhURWmKazczxl9U7IZ2sduKmGs7wVFV+C+HNbrBWdSdk9mvCYrWQncsZ57LUDjMmHOUqOiEo7Fx0KnHo
ANNYPrUU1tSRTgEFUj/IqMuubORIgcHoJES54Isfeou9cse4PbcP9k/dBPBSxUMu8IMka4tGDx1Ri/3J3srkVueGeMXsLi+Jp1rgecefAA8E4Tg15dp/IfbalkpXIn8csfv17IYDJaHFruUtQYIySHL+S2FtJe9MOoNHaezDQTQ=
ANNYPrUU1tSRTgEFUj/IqBJ1f7EFGuTVqRKRJabd87zDSvYBgrSTpTdNPsU/hKH0NaW76fTfd5Ji3w4AQmZGyl8Lv5jrsPS0ApGmGvyu2ikskdBJqxVLzTGO1EYCXn3AzbNhsthB424MssPej97zw6DVcI55owDE9VbpaOTD4DoiibvT8dJrao5t3wmO1taJ
ANNYPrUU1tSRTgEFUj/IqNcZ5LKWjTu27T6Iia/w9ugrg5KwXzyRUbxgJxAJIYdQcRxudkEbHoC92Vfnito5iLH17LJdiXsYBoET010tvqlAweAxtW2xlSb8Mi96Vwx5j0FGzOjNFUv5jUUsonw/k3Hu/P5S3pt/hqmd3S5V/AXcGMMLaSMNgjGC3yNLSmm1
ANNYPrUU1tSRTgEFUj/IqPd48oxGi/nZ538qBO7thHA43IP8aEqW8A/JMZHLuk7dFnyzMO5+oH+l684nUkMWrBvzQWhOh9S9T/i9yET1ybY=
ANNYPrUU1tSRTgEFUj/IqOwpU/aVNZj2ltEnq8VkrsyRhK/h5bpN/oXsuatFfFVe37xid4/P3FFlXcajCLdV8biMpRnJaPlDFG/DvEuoXCI=
ANNYPrUU1tSRTgEFUj/IqOwpU/aVNZj2ltEnq8VkrsyRhK/h5bpN/oXsuatFfFVeP66HLrvlCIzqo/id/vuyuQkx/7HqirlyLlJtxHDrwdxUOMiPeYg/tcb9ZkQWQxr4
ANNYPrUU1tSRTgEFUj/IqI148AzQc0uFgGnYT7noT/egXMgCY0iSIxfjEJJyvDqdwmnf/Nv2H12KgHGkRCPR+s57ncpJZXRZlu7pkFeK/9OGRpEdM2J+ZVwE1Ho3jKBpztIMWA8YJbk3I/tnZ1Jd6K9ukXkvkIT+merbVUYNDeI=
ANNYPrUU1tSRTgEFUj/IqLTNLHzt7ZNhfUZLlUJ1J/NXL3VQuD+OGA0EB8T3UTQqsa7ewgo5PCkV8Bk1ctMweVbLnA39EKkWhxPlJtilv641B1NP/2bLSPAcl4eQgfTT7/tFI7bxUDIbcY8dGoYyyVFAZFm2/XgvWYADV/DsZYmGvkArS/fVO3KK8LoJ6ehO
ANNYPrUU1tSRTgEFUj/IqHaupfeh4CKhO6Kueya6/C4HO8aZC6fMgC56CXuY3JuD5p2bMLlufCBt6V9uSCUwa691FtQgrsFiy+152rniQ7UnDYrTo64GEqqyO0N+ZKZLEM036QqpuJpfUnkVPd6MKkFqCN5QLUmpcs+xePtvGt8tBwwTjX5aqwZRc9pGSH5z
ANNYPrUU1tSRTgEFUj/IqAvmzqqJEvXcW4V6ygWBuwd0wPPMBFayaV+PQUKY5gL/ehKsTeYzYb56yTJ47Ro7xVhY7Ts/KsiQGP06N1Klcwf8YPlKIji+XvUKWYhwK79suEpWqwqK0ALph3Z6amz6ZpxeQxXzNOgP+gmgj9rK6PvHVXKmzhwtjxrYKhTYSj9p
ANNYPrUU1tSRTgEFUj/IqP4XdifcLsp+IZN+nUyXYVKLJugD4x7mcWWqASi6RccQgiaIUfEjLitHCgEjYvQAFcGvpp4Cv1Vpo8kxveUWP2f+7Z2zEPy2DZGlj/nycmAoArTjsjwW/HL7GirAmg0X9g5gsYr+yn/2zaJCd7YAT5tKZahjvP8Ca9LS5lgVESz5
ANNYPrUU1tSRTgEFUj/IqIYCvHqVXzdNnZgKxeiiZ6qqAIlhrkfBKZlAkoSzvRE+V8zNNgfNlAuCPosUnTo/XhJ4kGxDoo7kXcOM6N13EKk=
ANNYPrUU1tSRTgEFUj/IqLvVLnYlNesmFTyCyV3wUgT0HP8ZaKLwhwugjWt4k0OVJjEd4I3Orw4Y+8zrSqU3JXued9zlprkl6cM6yLsbn6U=
ANNYPrUU1tSRTgEFUj/IqLvVLnYlNesmFTyCyV3wUgT0HP8ZaKLwhwugjWt4k0OV0lqoH8NESAOFhWZoL3e6pqFnS3AFV2gpmv/CsL6A04t+pItuF+8basUJR9w7rnGg
ANNYPrUU1tSRTgEFUj/IqOv/z2OTtdU422hpcU/e4B7mmWcgShcTM0P1qBqw4ClWbTtejUGJM04PIW3fnsPG5YHKRC8wI0UM20XvR7JG4KOfxOX3hbPKiJVfOUcU7wzMMXgtyrshwVw+u2IVO0uqzeald8ac1M5zgDwAOL4/OWIyhqCUCv3N1dNCw7B9t8FC
ANNYPrUU1tSRTgEFUj/IqLF1V+KArhT25XPetpNFyLR6qjCiTsWCYPn4PmZGUWRNxoimJVu+sD6L+Lixg6tpNFM6LzNupYmvVC/1xWjMQWC98RrLf92p363LhTA8cOBrLBT19b5fMqg/BbluD353kDS/nYQpvDGvmUugnVRmmdc=
ANNYPrUU1tSRTgEFUj/IqM7LTJ8c/LNwMom2M8lkTUjPKvcackRtQc8j6mF0RMQ/EZZX7BEHhNalSNKzPKH0SIn8ux6KGCHT4eBb/potvhnjG56HFFE1xemvq2RaP+9w4Ss77GN9occcqKo7bAr0t2LKcDqUGWNgVJwITx3iLeBCyaG/MHqKvn5fcIzs0lQ6
ANNYPrUU1tSRTgEFUj/IqD3j0hqVKyO0OuTJZLKiKhVvD5uHCgwtSS2t6LYzVS4h2C+M0ecbXG6lhAl2wl7r1IsSt0yh9OhGnJJzSWkOw9VOLa/MVn9y9oG/3ushs1TeOMfGRIA+OOCKzWOKjVeJj0pN/pxDJvULBk8rWvtPsPE4xb4mVv4eVUVemTf9qHIN
ANNYPrUU1tSRTgEFUj/IqAcu8Mmr22xUqjaS47YRG/BvZmu53xCgvdaT2sEWBA+ydkl2rbkjJYeXNapNnvm7vSPgNBaYFTO1lcC0Y5TA2zsDzQpxhLyRP+X3YmO04h2oQOeY+yFOFXi8OnkWj9NHm6P3ytCBtLtG8mU0Ql7uCcdWu01wxcWc/6zLRD5vQ5l7
ANNYPrUU1tSRTgEFUj/IqCiRKiu1iPQZ0ZYzjHQ17u7HgU/8nDpk4mPO99XlgHD1BVH8OWFkf33Y6pu9XpQaDIlCqAY9ps5vPXfSP9pBvVE=
ANNYPrUU1tSRTgEFUj/IqIND4jsd1fYW51FNzMml8yipUu872Dk+WG5boFaS7bfsMpIK9zLmlVK9PyewJI4dgoNfAxhI/+8RnMmUrLa93iE=
ANNYPrUU1tSRTgEFUj/IqIND4jsd1fYW51FNzMml8yipUu872Dk+WG5boFaS7bfsgg282siDPZ5zMk9ITcxXs0GtFmxjdQHg3bTOuv51qbJQsSbEaYRzHgTS3hTwaiYY
ANNYPrUU1tSRTgEFUj/IqChbRLJ7CV9FBjT5y5ZULw23Jww72FUaDa0djNrljtnqDDYumPdXHTOxUmRJM6L7nhsU5v0dYHkHnmZsWhCH/PydHkH6LGvUJ6x6py9H3UQvKSe4S+WYDOPhrLLsIlTX3JHnENFkCiUqEql36l8FRuA=
ANNYPrUU1tSRTgEFUj/IqBCnJGnsLw1nqZVE0cezm/uCWgDA1Y2OV5wfxR9geloOm6LOEUPf0BEhXeG5bga/TnlDDoqzTimB3HNLKSuagRbOfxmmEbK5dHwJVIeIR4HD1GQ7yYL+p/tAMIZYqbCTunrRXkJfrNxFHVvq0upNt++IWy7SI77sDETVsPVWq3OS
ANNYPrUU1tSRTgEFUj/IqMG7+a/mveUQ7p1qwRivia3oNQAVHDCsJC+1XfafJ23+y+JiHJw2sQDslmp7xir1M65a0YrCx0IUVL5nrrByIMWaVuhTilbGNUf2G7jphO3y/T0rtcYVOsA2ao718PEUKOUAqux1mci3oUDxv7Ku+7ueqWR6CsJJh3/sNwZ8kaJx
ANNYPrUU1tSRTgEFUj/IqDyL+mV7n1zV4Unjkb5YLN5cYoQhNESQG+mrE8b347j5LtRHrpXVKWfv7db8yn/Q8K5cEeS38+V+K+crcaPM/WsObBqHU9+snXS2J+zbBT+llMWvWz9FcpeWJZV7mUjd4y0taaQGD1BZ3CitxHckXhtb/vBiQSi27iR6stDQ3lkP
ANNYPrUU1tSRTgEFUj/IqL+SHthm6FPVFbKkakExO9HruTIDSOiDfa7pLkbswFr3s2xZjh+FTbSU/dUH22W5an0RLIs0qQjh+tjXoH3qXZeuu/PJ78qv7v6A8rAjLInEdMgvTzUMw0Ep4BzGPXKHBiLnb8zmhU8fg3RQ8tRWmejVzsMElWEqhdMGopRAYJtD
ANNYPrUU1tSRTgEFUj/IqCYLQD8/ucABeBX6lS2gDz0u9xRuVJCj85FhxYhN3/J+pEpNuoi3kKHFNFIPZdPaBH+28ZgaXvUnXdJ54xKVpzU=
ANNYPrUU1tSRTgEFUj/IqFKbvnVBwQvREQ6LUZIVkPUqMmPR60M0V5lJS7vInxNeVVekpx91jlruEKXvyxEG0eV6ROQDgd55dmdvSOvs3NY=
ANNYPrUU1tSRTgEFUj/IqFKbvnVBwQvREQ6LUZIVkPUqMmPR60M0V5lJS7vInxNejMSvlUX3GdCyyM+4v5nCKYM5FruAv1o+Up2Fnc9NZRI8OMFKE/OapUkcOK8M6++S
ANNYPrUU1tSRTgEFUj/IqIk5b2qX2FXDnarh9TEBpdNmLPFkPHXJeGuM9YYKRKq7WEwfPg9qMMUnLSb8JtHQaLyyv1xK6nYChft8Wp0rRos5spefUYkAAFSLaozX1V0k/eIfThoZodo3ZiwMo0sTJpywtnp9k7CQ2GsshdqpH2ryiiHwyQPjDHoPRLWCIAba
ANNYPrUU1tSRTgEFUj/IqHP6ddOVIeFd0vpbsDI14IffX1WvMhoRz/8DUmfHHgqQD0gGZ/rEt+/CkJkGKvAYPcTVwB0uQXHtEV0qGSyDZNgqrbEx92EmWX9USeBsWtfWxoO57M2uArZYkuyIYcXKPkbTuvYCQq2rJj/DLFtxcgs=
ANNYPrUU1tSRTgEFUj/IqB4VCTinvZ9/udj9yUu+mX6jDcxGtJjXBs/ab0BA0+nWqbgY8DjK4J9Y1PMXeFKsZ6r4GnGqYe/rfoU4C3RU/BA=
ANNYPrUU1tSRTgEFUj/IqHyskNGlZpmIGj0FRTmwctnEtT8Gen79f5i1/cQYuaeNVNsOZA90Kthv/jl+Oh1IsfRCimA+tKRkPHITaAXwRqk=
ANNYPrUU1tSRTgEFUj/IqHyskNGlZpmIGj0FRTmwctnEtT8Gen79f5i1/cQYuaeNJYEen+ZiiuZQir8x5o+DofFIS+9VhDiXNcpEJhksTwKekS7yNxdFPB+I+Pf7rz+D
ANNYPrUU1tSRTgEFUj/IqGLIGSBiVL/gAUvsBqghWa3uuT/4BUwqJh2/4y5oUJAL0t07ag0UxtjYrguJUpGEE4suztqucMQI2434P0pEZMk7rtW2YUWLirXqAgXMN6X4lIFu6n5GRpOIZhyWSWsXZdwRqChC2TeVUW9U4olvrGU=
ANNYPrUU1tSRTgEFUj/IqI8TzXYhGL6somCfdG2aBVfHVD6ALwyREltmQ66h8so9EpXnurB1Mu5TyR31m5LQsXwFTtdq4ywE0YVadWXmcd3NxZ6mkSYEEqNWTOU9QMzWqJ9jZMBzOJodQJwlyH8wMDPG5AIYMDVStYlFeNdhMnRhZFA+vQiM9D3bsWf8Ts09
ANNYPrUU1tSRTgEFUj/IqPYF+zluXMYMAbBnq7QvtP14NhvA80aEo6U7VDhLZBnKWDlcyduKFlC2jxhvOUUnK8kNIdY9AHHjwPcUf8R6Mrc=
ANNYPrUU1tSRTgEFUj/IqNZ+UdVF+ZStu6jcRdhrmqVhH7+kW2flShjlRAVq8sz/Cb+Jdav9VynWO8ksSG/xTOY1W0zee4GMwrksNfj1nGU=
ANNYPrUU1tSRTgEFUj/IqEo9K706zx23KEk31mamsPjBP3YBogJw8a5yCW4H7hvbLgSTuaKqaMGvpM9ngkOQT6pp/q/9wIikISnTvDN6bSsRVPSQ9nyIMxDrMDOwhMk4
ANNYPrUU1tSRTgEFUj/IqP23is2QOW0QHV/VLwHKgxAkgk9NGllBp4Uc7vVzAmPjmRVlSHY0Mm0OYoofbZCougovL5FrivkUe/zCxbsc61iA+kI0gZL3wf7R3btH7+oJVy6T3Beu5qeawyaZCXRHYaz6xz5oIAdERhTzlo2WeKE=
ANNYPrUU1tSRTgEFUj/IqEvTE6aI0JhlDzw0f3ThDYwTLJxNP046EqHmw5/tnz2EFFCAIebrK1wU8G6ZSn9aP4cttnfBE6AeFnyaUe9w2eVTENAde7qf9BiHK6ZwyCw0PDVPAvDyYTjM81hmR/KyEeHASvnaxnb2+KDxNZNPgnkdJITJd45DGlZbh/kESvZy
ANNYPrUU1tSRTgEFUj/IqCAZdbgq5ZkCT1OOeBfanb45O7R1/R2rQ5d94NbgTCrFltJAc4hLmYvgoHyRM/uLtAsyq70TUJWIFtd/0f6yV+Elo58+iB4mwF+YHsEAn31I4qdI5Y4NmYBaZJoo1srh5RnaxRaDChr3nIWqaE/0nJAFCG/0NcWwpE7cicvMrrup
ANNYPrUU1tSRTgEFUj/IqEaqq3soPzYkYmnOlN2S5U4Fs0VCYwM+9kogrO2XfHHDKy9TYRJ6z/eCuXp8RhIIDF1QeuwkWMnim7xCdze4R/022QMbeTi14PwJMKi0laT1XOmJVt0gEe/pZGf+/reGGhkn3Lh1Qe76EnPfKqoM3QN0G/3kkFd8knxpbkm5Qwam
ANNYPrUU1tSRTgEFUj/IqFY9urNbgiAJErA2HQZP5liR0hQNPYVFf4DaYYuS1WX+9amEKJS74dGKr5q8ab3piLd+0E1Z7a6jxKY6ZrI6LF0=
ANNYPrUU1tSRTgEFUj/IqIjtl3aS/M/ukclRDsxjZjyvEL0FJrg/h/EDcVCg96XtoE2hagbiJFDmISsaQhgky9Q1c329xGh2u3QZpf8wtJo=
ANNYPrUU1tSRTgEFUj/IqIjtl3aS/M/ukclRDsxjZjyvEL0FJrg/h/EDcVCg96Xta6Bs9sEzcXsW9/ytha4vbt0O85Nx9IxUWdg2wxGpPrna0yRbxDmHYSTWraf54ND4
ANNYPrUU1tSRTgEFUj/IqPPWE03DxbLjyb7vrumZdgcHck8O4rcE4BVeXY+fwUFNoz5retHF1Ve/A87a2mOoWT8IPbVF7apsKlPLyeEMvd33y2HT4KoGmd7IrTROig5SRKHwEasZje9TsTE4bl44b/WE6ZptoAj9X+Eg+hzKl3w=
ANNYPrUU1tSRTgEFUj/IqFsDZPSJKRNIgtO0opy+25beahtHbgme0Gj2jIlkHWIYRGcrFAozDP3NQ03cJvIA9MzLieCRPUXimxjHpthPGURyxXqTz10fV1gxyvLUVS1axkGkWb9I+pYJZFxyisgfYwgZDmnsTZ1yR/nltHf2oayTLedwYEH8AyhNVZLqLf+f
