GmcONIA9PFzHw1gpPLLPoqev3ytAH5KO3S/CJpMsylg=
35kyjVfwBJgytCi6KM5Vug==
FNt9orFfFSbPIXNSbXcP2Q==
gE2g7VQeqq0h5MkG44fPUw==
A4ZCFW7RnVRfEnbtNxUDb8VFIQmzxcIFLuiIjRY2q84=
cwgQW1UgxyVfBeSrdwXHsPE1eoSAri+NViVSjTYe4hg=
pYn3RyiaY4vz2unSybTHuw==
mAzeFbkWBGyzJRgEWJSZYQNn44wFaguEUnqkvHVinQw=
NiGef/LGs6v8Em6sqLz1GYGKB0111uCW/TAqgkiW0+w=
2lfNnhNY+w/3xMaMUxJbE0YFT/wvMlSDz8Vrd5FEs18=
ANNYPrUU1tSRTgEFUj/IqPqwH0bI0ZQQ1iszc1kJG4eS4rStgEuMf6I3dAfHW4SJQvBXdksuTcPFjdI3BCw5DB2oGPXCamjNwyWgND/dETE=
ANNYPrUU1tSRTgEFUj/IqPG2r9O8pA37OHhBj4DjtyNxSYjDI4YwVo535v9ZlTBV9YwMlcJeGjtdnMs6ErutCWUlbACzJherSyVH1lLqLUA=
ANNYPrUU1tSRTgEFUj/IqPG2r9O8pA37OHhBj4DjtyNxSYjDI4YwVo535v9ZlTBVLENhMvJqSJWO/ITCTcJk6STA/H9bsVA6DDG04g7LAghhOusDW7JOhbtWnhaw4Vji
ANNYPrUU1tSRTgEFUj/IqCqWZ1phS8Q+9JeQHE1wXRm0jzHCpGZoQO0f3Vm/Gr/6qTMbCvaBsLTWsv+qi2kBc9RBP9FE4nwXkZnP66tzoZUYZQnDjoahLSTkdq0fDL8qlL3ik/MjpTZqsqpigZXN8+inftTnX5xLNiKe+KEKrvvzKg0UENSgYsY1vzJsZnnE
ANNYPrUU1tSRTgEFUj/IqKk1wlfXrFZhRNFMzwBxft5ZaBoZtYi0ihcgBvcq60CjjEBPN5SuoLK4NS7rRb5DeHP1gMac5bu29/3wgE7xObooNURwugoDGxYVTCGUQiCPDt6go8x76LgYjNc5Ob8DZxFu2bfUVm3bPpOkmN8CLaA=
ANNYPrUU1tSRTgEFUj/IqFSWYSOuUZkq63ePJdi2/z7uY/HTHqf5F5whC05KMr+7VqFu5kHmJ+hf9By+z/t8CphhnQhANVxddQixgkqqxWOlEOuy9Ag28Bf2BVNBtnaIby3z2hKgjArQhEq5UaUJyg0iPUG8TyfEqqQJ5rJ7Uxa/lht23IT0IkxIDrUcahQo
ANNYPrUU1tSRTgEFUj/IqC5DCw7Bd2hTnj84e8xeSAwy3/8K0zJdwiWpVlVoNLONrPkDTvfTBQQKebyKaD2zCokC2FDt/+3KnOVK17jprm8=
ANNYPrUU1tSRTgEFUj/IqE1MMs0+HRKCw3XdvGP6yOL54m9LPAhuVh6lVjTiEAABS0olRkmZjCglMmQbsmgfA4AjNYFnVEr5rFLj0os+cYo=
ANNYPrUU1tSRTgEFUj/IqE1MMs0+HRKCw3XdvGP6yOL54m9LPAhuVh6lVjTiEAABeZ/RJe4qfteqHEcDGsVeWhPhla+Vd3MS7c/X0PfVniq/iUSWQXeYwTemtbosnSoP
ANNYPrUU1tSRTgEFUj/IqAoyPi7PkkdXAKZpb5fSAa9zC1tX4vdhAHpCMru5q4k/qN+NbUWh8wHrYxlwljK0WnLvyQH7T9Pq4qk91qodKgmmxPQ6c5Qp0PhQDPuOnxA/xzq13GA91Kdmoi+OMAnTHR2lB3b1Jb8VgTmcuEK32r2SNXv5HrVHA5ZhkthFbUv6
ANNYPrUU1tSRTgEFUj/IqAb9/0lZk50LmZ6Mo2EvgypbBPn84OYuSL+N4Q3AGDtG9wKYoYsuqMHzPS23MocPk3uXRhStkBAlnhp+E0cplYEmNaXmqfBEZcp3FqAnhuXG0feS9CjrIB11JynmKvNVPcPFtxjh0H61zeAph+5hpBc=
ANNYPrUU1tSRTgEFUj/IqBUBxjAraecMb2I5wRKP20gGWnxaT4xrpe4u5eH9gTswm2+HhxDL3SGdHKlVMIVk3TcCqrIaqeX4O9jQRCO2sokkUlOfsX+T1gVfSDLIWj7rR0iZYR6ZD2+8MYLX1iMmniXffz43+PeXDI6xvXYYqQ67WIm/ikzXyL9REv5Yxvfs
ANNYPrUU1tSRTgEFUj/IqPP3q/g4vkTTDLzvvTxTXYH0HK6u5oDbnh7xSCnlx+vofoGOnV8876sQ2z/JnU+V+Z1rODU4dwTiO2chFNz2CQFKJpRYufYcJW4jeUNGyVJbLQvKR8vZMR9mDdR2mAKcoxinmtAl84jPJ9R5XJoNffJw9gRM+ZR9jevFDrnhNqkQ
ANNYPrUU1tSRTgEFUj/IqPV+MN+d9GF2kWc727KeslZKGK73pipFx4gk03uIECqnCjaazaR/av3nRnEA2Qj9Q+hN/aJNskEh7rTQ9l6oEmb/SDVxdJOOgeIGXHNbtQwob2GEXjF2TiGR/Gu6alOh4AlMmF+EfOtfZbI2JGOnUgJG+U+SZJFDMpanyMRjdK0e
ANNYPrUU1tSRTgEFUj/IqMl1SL/d1hY4w7E84ohncPj3p3v2RtI54SpMYOtcPR//YiTkUb52icbXM+NK2Y5R4K43szRrYLG31ezx7T6P5ny2PnvHCXtMJClMZr6i4zkDAOnNz3ufyij3006y4ocYfmRahKeErZ5+14UYrOKr6g13yZg4+L+9TA8nQraaHBFR
ANNYPrUU1tSRTgEFUj/IqFJ7pkBtaio5+vFrvkD0aqrNNur6/skJVdWUkRZCXkMkgBMryPsDirTuICz4ph3KD1hvT4jYL5tM3zSMTdPmbWs86nb+Tt1dFGPp/VShQOY1JKgbBRR2z4nIkOREO2+56fbWo10NT0elmVLsEfzTNquonYIgUL3ex0+UkKiWinJ3
ANNYPrUU1tSRTgEFUj/IqBKgScpkzFiC8fv/JfAlFXA7m01eWlWOxfLLdzvwoCmCVCKeVyuhVMWAOqk90dy6cBqf6peNRVJ9DEBr9hQM2rDyiu3VSTrcrDmGzGpTv3GMM0a/okqNJpHGdntaupsDDhE2vnmAG5gkyx0Dh+T+rWf+Fs9yys7fZLKspgvKnBgl
ANNYPrUU1tSRTgEFUj/IqLeBeNyrt6KKjwRzMW7T0YAxGt0jlBuxVw92rXWt5QmVYi8++uxl0NzFWfi3pnu8de5Ku89IBtw1ug3lhFgwwhMYh/KTa+Keezcltzv2WHcKCgW7QdPF4VOx9TvPa7C8za09VjxOYaH/NLb936maCgesqacRg/pls2tcm4OJQEaU
ANNYPrUU1tSRTgEFUj/IqMWdkZEIUFYs+8PcJgQR0mGIYdpuuXevmvY348FZ08Eof5p8UnpWCi/k0ZaoKXenlrMzyhKFBLI+INkJ0yum7ZOavDfTcj5IHpanh33xSsKekJB8m/MCYgzqfUxF9wHOC4tVEaAilRpx20N9udLG9Dv2cMXOfEAHUBAKlFnJ7+Uf
ANNYPrUU1tSRTgEFUj/IqDXV0M2jHYieSaRy2c0jnbSBO+DdRJsJ2dkzE7CdkOmzpwsaZ6zju69/hYqOb2QVLht2vdDjhsLLydKfrBvZtX8rHs0o9bdyzfZEYYrVU4PMNpaIbgyoLwOqgucPuv+XlMFFeF3zCEf/tMv4x/Eb+5RNzKAJEkhkSs4sibjMOdoy
ANNYPrUU1tSRTgEFUj/IqLBR2KDkWp3Ozykskosz9rJWwWcqqepjMA7nHRf7LynbUuOnCTLbPor6Zv7w0J9IdHrsKwW0dJO1VTWNWNy4drez6xH07pLLccOWEZ1kF0l4IxsmSwDeV1Uk4hT7NIqHOx2bOyq2fJV1XRzuB5ylxUEjXRgkxYKoGLu5MErbJbjt
ANNYPrUU1tSRTgEFUj/IqExMtVA/Ex7bnf5AcRUxgbCUF8KoamZkSM/jxJiCI1Mv79JsI7OoHyyBWYHQ9fDpJifeuhwHKL89vekRYDhLGEnuAzGV6w+h4SeQFOwpGwxpxwu2cSSWZ+vJ6fPhF19EYlg6Skem90WK38M8cHlwgjQh8auFKGDJlQyNwM/FjXeJ
ANNYPrUU1tSRTgEFUj/IqCPHRKGcT9zxOSqcQcVoM7tII4GMFg5GqcU2rIZXmO3mOOOvXw9fpKO5Y+TXdpe0f1rqKdLEgPPKU8DPG0bsH0qXELxmQBPrVjy26qHDBJvlHIo7+KxK+KcvK+ncqSHK0/+6QgH0XT5poSPuEpEwzWMPee3ijSW7swYfFXOrwkrY
ANNYPrUU1tSRTgEFUj/IqMotUh7liX6cewt5U8UAV4SDA42Z+NR9Q+TAfJltotsgjnHVZAsESXlzEU5GfB1drqV2+Ku102b7IyYRW6wYy9BLsDhvHwG9AiLCyHw9X0HIil0Qj4gWWsVG75lt6IM0H8f7UyNUcIAhQNj6iXQstxR7MC+vmwg6b51Va6NUY6z2
ANNYPrUU1tSRTgEFUj/IqKEflGGStEuktqvC9E5tFI2EsSwZOn9PvQ2NFeUk0e7Bu/az3uJtpSgmchMYsvPS7IeQtBLPnKm47pwK2fWfEpdM+fgaYM6u4b2rwk3g7tcMaQVIvVvyI1mmFzTPSEFrXAuE4lBtciRd1ig+3oLrdbKZb9Jr3aOOIEa3yBe0CyXr
ANNYPrUU1tSRTgEFUj/IqNRzLfR7I23n7+MybGpKYqio05t7C79qtjrB6CTrOJYzfloSWDTOFOyF9cdJNQ1oI82K3rL25izuRdug7Deq3j22xXQDcMa3DZ8UZLNGS7uIJxSOqPFxSahB4DOS8cSaSnfn+hWYeialDVMPII+0f6B/oWkrqkuVAqKT5N+/tG82
ANNYPrUU1tSRTgEFUj/IqMsC8wQX2mlzx8Y0wSRN6p9ebBTivB7BGvXnh9cxA7MbeKrBR1zsl1SvvUhKSuMjGl9hGyjHvZri/1jZNhKzJL+ahSjBzpL1fulUSKrDt9uQtf7SAj3yOz4p/zQXdSWc0K3jmP2Iehh8bqP0xnQUhkoyu3u6tMfd6lxSSJRmKril
ANNYPrUU1tSRTgEFUj/IqPQKQH2YEBXQUPaRdcQvFEi3vxdpsU9RNwtDypepbHuwh3f4+TWJa4JtCoPIJUStlb5E9saReu1j+DDOc4a3ruNafURXbsS7jbRaHe0bqFlcglUO7l7jklPCbwqhJ+Omnj40WYC110SVPYOSnH/7emeenNNWNbA/H34zDE7zFX37
ANNYPrUU1tSRTgEFUj/IqBQQYATDRwBkdtZjVeWBVf6VihfjeQScGoPbeRCA7tmEz1d/a1Iep16BALhxg1Xyegma+ifhghFOqDom9CjsBaQ=
ANNYPrUU1tSRTgEFUj/IqBG543LWkAKzy799vFGKstdraaa/GbGDkJh79uDI+T1MPG1Pb8PBLOwKn11xkTxKsjW2T7HT/zSzX8065mvCILM=
ANNYPrUU1tSRTgEFUj/IqBG543LWkAKzy799vFGKstdraaa/GbGDkJh79uDI+T1MxKP07FiP+mwxvUXHReD/WRSgHQa/0Xvd1a19j2ubNc4AIPD5XNdo/S+kKmMy5eEE
ANNYPrUU1tSRTgEFUj/IqAPeepHKF+nCmEX3fa7ujb7NyM2MWL51qz84YMCJcgmZNY1XDgTjE9+vNFEsnT0bMEMcjfulBndoAph1OdQ9+LtwRRYIf9YGzTY3k8rGKVGDIHwzmCf5MIsKlIf9Yp7lWTnNhhiE3I3lC+UA8uNSAkvwfxWRX6Nh5xH71L88bpyO
ANNYPrUU1tSRTgEFUj/IqDSSyfQBVZIA0DeoeewApoQx8aAPcnYyQ+Jg2ZXZE/WkicjN5QubM0VSi2Wcdvu8kvOcuAV5joCBiU9+LyMDzknZx55yFzf7TTvLWr/chSEk9y2FrwJgYgVDO6JGoQRKzTzxut3mzQaGla5uGf5aJo0=
ANNYPrUU1tSRTgEFUj/IqLiCwyfO/RHrpgz+cHGqhR0BtDTcyurO4TfENKBNoyo5tukUol5CjHgX/RLAKWydQ1p1PQAitVWeiGQQ13ONyfkhlmmmAUtEXtejir3VYpjGGiTCHYCEbrwCp2UMB+ntmtPAlDWflWTKK70OwVi9EkLSB914Qx5cw7BIN+wajZp0
ANNYPrUU1tSRTgEFUj/IqKo9m91Cwyh7Ft9ZQDHXH8iZ8lL4/89xjnvRAW+5b/q/HvdzYLWdpLq2cIbHQrnPrWiNU/8C84KYYP7uhfUmzBs=
ANNYPrUU1tSRTgEFUj/IqIvLSO2nIAjh2W/kAKbjrqdEGD2udAKwFTbrD3nIPtcnAt+r2c9aZUsWeWoCPnleJ4fW4oX3GKyYThOfnjSzMa0=
ANNYPrUU1tSRTgEFUj/IqKh0vATuxW1coCR33+HmAmx/El7GFHVUNE5L8C1yD8BDyPVrywm8/UskyIYCox2GI8xb8U3m2Ek4O3u0teJSIZkWKBbsd9J8pinMsLMiOqRm
ANNYPrUU1tSRTgEFUj/IqBsDuO29sMvoaPgvDZ19lwDlMGfsnoz2nMFMfUn1aCOX7apVfPqJAbfOMIrkt6JokBgsgbGXsRJZEC+4BL+mxCF+uPGEP9mvFns7bjnys+a0qlEpkx3rWN0p30aBA9GI9fexg1J6engTWqpEQFf8VxQ=
ANNYPrUU1tSRTgEFUj/IqKh9SjK8VzXgOToyr9C1+E9IwF6fTjmUcPOiPfLyLHQ2VY1XXjFBM0W2YHtIilgXqPEnsqdGO5BIY2ZSRZSj3pKV/hkPdHTFxPQ0QVVLlB5RU5lyIAC0UT7LAgZGjWgLcNO+jVEtkBQFS2Bs3Mp226hxt1s2tB8SvDdpDyZybeST
