GmcONIA9PFzHw1gpPLLPoqev3ytAH5KO3S/CJpMsylg=
35kyjVfwBJgytCi6KM5Vug==
FNt9orFfFSbPIXNSbXcP2Q==
gE2g7VQeqq0h5MkG44fPUw==
ExPkcbYFeYs2lHSAMsaJBjIbQm7FWZ8YCSkKK1z2aPs=
cwgQW1UgxyVfBeSrdwXHsPE1eoSAri+NViVSjTYe4hg=
pYn3RyiaY4vz2unSybTHuw==
mAzeFbkWBGyzJRgEWJSZYQNn44wFaguEUnqkvHVinQw=
NiGef/LGs6v8Em6sqLz1GYGKB0111uCW/TAqgkiW0+w=
2lfNnhNY+w/3xMaMUxJbE0YFT/wvMlSDz8Vrd5FEs18=
IKBy/5c8kY6gaXgWFuSBXYZfE0SaPX0n3FmvcGJ3hr4Z8vDw1HdbQ3NLJHJ6vNQ8hMEPqAMCYHMxsRmYLOrf0G5FH3FAxmSj24LqNhzGW5VbMjzbNtgmzxphFNmnJ2v3T3YTQTvYN1zkLJhVBsAF76GYaFM5vS5SsmwiJWIGpiAwaowYg1KF47recR+GnKP3
IKBy/5c8kY6gaXgWFuSBXYZfE0SaPX0n3FmvcGJ3hr4Z8vDw1HdbQ3NLJHJ6vNQ8hMEPqAMCYHMxsRmYLOrf0LKFz5B5yiyfuinI3pqB47fKYr1koOi7MbxuiHy8LD/r31QK1TZ5VvO2bUt5q95Svl+/Ty6BssW5HLgLeIFW+kbszr2IuTh5zOdoO6Q8cYam
IKBy/5c8kY6gaXgWFuSBXYZfE0SaPX0n3FmvcGJ3hr4Eq4HiowQFVd2xdvVDGwiIRM1hlFMlqzlfH5gbUuk1+Puph70jHc5IZWdBpNW4g5DAT1Lq86jxZGKtKICheUQN
IKBy/5c8kY6gaXgWFuSBXYZfE0SaPX0n3FmvcGJ3hr4izDn3eZVMBgEdjiPxwwC3Bd6eLf1wBxDYUHWAjJXctIqHzbIKbnq8qQMd2Uh2VGdlCQ+di7BPevdqBMoZLKzAVjBC4yIOnkZub26Yqn/d6w==
IKBy/5c8kY6gaXgWFuSBXYZfE0SaPX0n3FmvcGJ3hr55dU7g4CLjK3ySl7kg4aPC9qoVaR3lfgqqhh9WwU/xh88JvFMTHzCk01HP0dXrFw0LE/l48OFySVnBNqhJpKJS6lRFW6PkMMRPQA3OcDICANz66m713UvKazi71Z64WoU=
IKBy/5c8kY6gaXgWFuSBXYZfE0SaPX0n3FmvcGJ3hr6XBdZP/eGPZ+GyzHKM0ylULPwlPk0cYJ0nnODBcA99Pdy9GCq+Qbi3EwF3eWlJnaQBx+mQLmgudDOmehlg1y+iMuxADuAr5Ly8weHua4ovVjGuJwMCAaxkH+DJzSBYZb842yH6gvspu/ouDLl4WRWZ
IKBy/5c8kY6gaXgWFuSBXYZfE0SaPX0n3FmvcGJ3hr6XBdZP/eGPZ+GyzHKM0ylULPwlPk0cYJ0nnODBcA99PbTNDq+KYuBGFW25pvLdg7ipP88wATGRgz/pSM4l3iAuhDtvr3I9aEeRsoVJWZnQXUdMHHo8QCvobAcebik8boQpVySjKvRPCw5Vg1Ff+c+8
IKBy/5c8kY6gaXgWFuSBXYZfE0SaPX0n3FmvcGJ3hr40bHTalQGPevxA2/j/iGZRHomokoJxWFkaHCe9ybDLJGqltT8tSMDv4exsxnbzv2ponGML/07dFvyfVj362nOv02xbalz7vjjXFsn4fZF+Kg==
IKBy/5c8kY6gaXgWFuSBXYZfE0SaPX0n3FmvcGJ3hr40bHTalQGPevxA2/j/iGZRHomokoJxWFkaHCe9ybDLJNstbGl9ftpKBV+ZIGI7O7rNryEFEVlr9Q9M7b8gZjU75+ouFQ9nFNDSJa8xBsA3WfswL/YKwPNAiAouNE4t3yg=
IKBy/5c8kY6gaXgWFuSBXYZfE0SaPX0n3FmvcGJ3hr6k34yILxcoK5JW0upjv8+4xdLJeL6he2LXAoOuTkTmhnm5Lne8Vv8iFeXLhCkAoyEL3u9v7u6G+W5vCvaHvyPs6S1j+yw44yfIATzKCmUVXYfKvmzImvVj6F64j45oornsALTcfyDkmIJbuEu25iII
IKBy/5c8kY6gaXgWFuSBXYZfE0SaPX0n3FmvcGJ3hr7a1kS6Q1F4JXi4+jl/C+kYupZMnNuQwaNZGHs8tU30NndzURhdt+usq7wfat7uzdgm0S1wYONRCGP0to06rjYvfpkFL7EkEFOjDuYY2WKuXszxekmI+7GcFMs+YG2wqtLZwDoUdu/vqk3v37spMlEl
IKBy/5c8kY6gaXgWFuSBXYZfE0SaPX0n3FmvcGJ3hr7Y+TLMRYQkDltymM2WSNF/vjquHUzVd5piVv3zKqpJSO+EfhfWKIfW2By/x0lvm0ysC+7DNkK15sxX+2ZXKDkto2GZXrVO74edfCLqf5/glW7tm53dzKa/qF6xmkP8UAfaYB5Lr9sBFrJzcUlcZG67
IKBy/5c8kY6gaXgWFuSBXYZfE0SaPX0n3FmvcGJ3hr7Y+TLMRYQkDltymM2WSNF/vjquHUzVd5piVv3zKqpJSLcDuamdrPFRX1zTRV9tsFdHgNzMajYkj9zbJ7tOlKu68qR6SMCruPu07N4ONQL4KD1LRs4XEUhF2SDfZ2Z9BJQ=
IKBy/5c8kY6gaXgWFuSBXYZfE0SaPX0n3FmvcGJ3hr5n9A94dqaw/pvROIQJXBpM/OWzpPrclo+IQjEXYazZLjvcNoQKJ5GE3um2oapdXds8yGYwESen12y9L4YxsInKUWEIB8JQ4ccrZymYmdWStmk9H/eP9pQHPSYmiIW7z7RIfCmpl8xgcYoTqBbzko1q
IKBy/5c8kY6gaXgWFuSBXYZfE0SaPX0n3FmvcGJ3hr5n9A94dqaw/pvROIQJXBpM/OWzpPrclo+IQjEXYazZLjvcNoQKJ5GE3um2oapdXds8yGYwESen12y9L4YxsInKUWEIB8JQ4ccrZymYmdWStmk9H/eP9pQHPSYmiIW7z7RIfCmpl8xgcYoTqBbzko1q
IKBy/5c8kY6gaXgWFuSBXYZfE0SaPX0n3FmvcGJ3hr4fvb4A8nS71UnG8+8VA/SG4F/4gvb5aDZF4GgOTLil8RR6mV1KtadUzVSZnUy6ro1M9p63Rdcb6qnShXjrUUg/WJKrPSiNhv2JRvTCpwgWBA==
IKBy/5c8kY6gaXgWFuSBXYZfE0SaPX0n3FmvcGJ3hr4fLIWzCQaB4IT+4h47fdjqdO17lbnI/6UoHMMwAeZnaVWW/2tScOttdjl4pomsQ4mcZjKHPr1pO4COr7bYdW4m
IKBy/5c8kY6gaXgWFuSBXQFmlRrCvCCFqk1cMP+QkFQwPMX2PoWWyhkpQVJHJaecahcgAGhU52Um9uPFM4OotljCKZz23fMgfa4VOQ2WLGKJ2oj3GaWiJQcaBEZVwaWuZH10D/2Ler+EbI18Xq/1/g==
IKBy/5c8kY6gaXgWFuSBXQFmlRrCvCCFqk1cMP+QkFQnHw7RNjNf41CDZcdtNSw+nxFRCgUCC5JzRDflBATXdPas1P+lExqyH5xEZFFECKNc7y3YR7KsaiAXHRtDlqP+idHmbL3L5YWZUlRNcSXZsQ==
IKBy/5c8kY6gaXgWFuSBXQFmlRrCvCCFqk1cMP+QkFQnHw7RNjNf41CDZcdtNSw+2PfUxG2AHarL8HOqL0/EaY7f4U68CSnlPoNA4BMsDGPm0thFHsFYzhK89YxtQxz2j3Yqm4aJG5XmGTXbYwzppnSXk/CGwQv16fi5RSodUBc=
IKBy/5c8kY6gaXgWFuSBXViN7l2NCJkT8NHdJKLKGwM2A+xot8agGWJ1kcy4w5aFFrr126N8Hz4A5zwez/k6fpTe0wLAWS90rOb5AqPegCS45gDw0Z8IKDN4RAGr3wth
IKBy/5c8kY6gaXgWFuSBXUWzmPvVIKwSHTMYnopV5gf+yokFJ2ftdE5Hlvh2wZg5n1xiB6I74VuGDnuHMMFBYc39LOFWmXZ6Kf8R5G+TVinWILdjJFG2VE/jHEkU9Jvm3LsCwXvYL0vIvlITOyVz/w==
IKBy/5c8kY6gaXgWFuSBXUWzmPvVIKwSHTMYnopV5gdqoLDpU1IXeHl2e1uzVhCeJwFgNI0V4TVpEOXsjnAfGpYw75/60pAUV38ktaPSvg2UwL/22dPOMB0QJ2z21jBpdSx0pznGmvn7aLCy626ioA==
IKBy/5c8kY6gaXgWFuSBXRqJ7BTFBa0/vOhJ5a0vn5E865hVkGbbclYw8/mKZzckXpVBzyfP3bnUdvA2jadUXmjubkKPkdaCWcvLjWq/QXnyvz6yyYl4eXxGjd0vfkYeavmp+AjKWHVjP++U8XJYIQ==
IKBy/5c8kY6gaXgWFuSBXRqJ7BTFBa0/vOhJ5a0vn5HqNpvn7YxyVkw1jmtqDOdFgvx7UBPkK26LL9XjIiPhN0Q/MaxoHhq131kuUUKpeXHj/wd8+d6FN5EY2W2Pr/PyXgpDSwzBszhxuk4/ejZ0cQ==
IKBy/5c8kY6gaXgWFuSBXQ8pJ+zHV2R+kG9FdGeRVWDoocUTfaTXqzfLVVivSVWJM6a8Mmp4xEzNcSC2MNgQ1+zPxR12fxwC4pdYxb536Mm1owVwlIGN47/HdvQ4DefG4+z8t6bFCPwhOWlL6JiF0A==
IKBy/5c8kY6gaXgWFuSBXQ8pJ+zHV2R+kG9FdGeRVWDBL+pNlPzKO7XwvZIZ+qkz1t7orgZYSgjaaBRv8Y/tXUgMS8PYLpfKuWD1iGIF01OmJFlwsrH+eW8slQBdZsvflCsI7VvxfjHH3/6C+HBmrA==
IKBy/5c8kY6gaXgWFuSBXQ8pJ+zHV2R+kG9FdGeRVWDyK+hgHWYwWgoZCKHE1e2uGbhMlBW2aq9CmRgAyeOfvsoXqP+iApVz4dKzx/+TxnjMs+3r3i3ERRhzAxDRaK5Dcjb+VWB5KANN6J7rf2voGDZRdy9hKMYDmKbhejuFp5ssiCBub5qakgkHHsejbjul
IKBy/5c8kY6gaXgWFuSBXQ8pJ+zHV2R+kG9FdGeRVWDCSw2MWi3EiMhlwV5cI5xsSbGWqx3VfhVUWyB0sXcif2O2AsMwk1X54V81W0dlSQhEe8nXeiC5Dj+SHQ7hz99hDY/ZuRqQomTYy0qyA7V39exMj6C4jtXep835xxl6jbVQeTfJjkPRZVhA4AlWsg0V
IKBy/5c8kY6gaXgWFuSBXQ8pJ+zHV2R+kG9FdGeRVWBtzSu3M8VFcwvr9ZI2raJjaDDHAQ510RHCP62XYk3JnGR14aiP3GJUm8FB51X3qlGLZzmkJguhtvVveG4swX5JcLVZkDVwFXCPMSTh8e61V/VHabO6mM1ptbV4sKkMrP9c8IhnKhQ9W3Fg2ArA0Ka4
IKBy/5c8kY6gaXgWFuSBXQ8pJ+zHV2R+kG9FdGeRVWBtzSu3M8VFcwvr9ZI2raJjLS0JBNgmCnSO/QEedpOAUJgK8WSN4j69WbdiM5fMaSuk6SKGtyPpxNUObetu7ZVuFlZNxhbL+08U17paUafKKQ==
IKBy/5c8kY6gaXgWFuSBXQ8pJ+zHV2R+kG9FdGeRVWBtzSu3M8VFcwvr9ZI2raJjaDDHAQ510RHCP62XYk3JnGR14aiP3GJUm8FB51X3qlGLZzmkJguhtvVveG4swX5JcLVZkDVwFXCPMSTh8e61V4X5kW36gNRoohf7ji+qfuQ5CrjsogG9obCR7hULZN9g
IKBy/5c8kY6gaXgWFuSBXQ8pJ+zHV2R+kG9FdGeRVWBtzSu3M8VFcwvr9ZI2raJjaDDHAQ510RHCP62XYk3JnGR14aiP3GJUm8FB51X3qlGLZzmkJguhtvVveG4swX5JcLVZkDVwFXCPMSTh8e61V4X5kW36gNRoohf7ji+qfuQ5CrjsogG9obCR7hULZN9g
IKBy/5c8kY6gaXgWFuSBXQ8pJ+zHV2R+kG9FdGeRVWCYVnn16K2CKsc3Okbo40HSUzy9TMkeI0bHdBlQl9VcmfwbE6NGx7pjN1NXFZ5gNDNab0AFVX2NTlwM6muAgV08Q0CUQK8DyMoGMd4gii2m3A==
IKBy/5c8kY6gaXgWFuSBXSkWTCuUuRTJLxxt4N+4H7bXRC5ZS26R8xHBsuXZwWuEt+lnPskn0TWiI7bypPTp/LDdkAvAoQRAbNSfvGGPXnBxa4p1jv+/oeaFfxJtBoPj
IKBy/5c8kY6gaXgWFuSBXfP4JHuWHSjFtXMT70nxdYneNtsAxxCVtICqGDofEreYfIKzHDtyyrU5/NYLXaGrjv05fiDCsQT5aBYuE9atp9U/uzq/cdZOsOwUjQPAQm8f
IKBy/5c8kY6gaXgWFuSBXYXdYMckgHgBIV0PVzyll3A1uJah5t8CNkyQ+QtGvLQfivvtWvcaP2HdvnkBsVgVfeGJgSO0WOl5Kn0j625ycuLHJyr56+t6Cw159fRyRY02qa8Q+O46zfGA3KcnYGBjwJKbqpcnikMtMN2bV9d1xy+LEakdnYj/Eu4XhWDezw8l
IKBy/5c8kY6gaXgWFuSBXYXdYMckgHgBIV0PVzyll3A1uJah5t8CNkyQ+QtGvLQfivvtWvcaP2HdvnkBsVgVfVSie4rgNO/MAVcMcQ5ADBZPcsoQ+6ZW+3HzAlNXCpFJZWEpoVyk/ulz9QikI6uWw3XGk+3EQ+q1dOJCQvcpdH4Vcrm00Br62D9zOzEeFuIS
IKBy/5c8kY6gaXgWFuSBXYXdYMckgHgBIV0PVzyll3AYh1yRsMS0RXPLDOH+VtzaP48ucUJfh/sMIuD4F0CthFnMxzvfQN9wxbdIO2BqjAWsnqy+gR+W7TCpDmWSs2Mr
IKBy/5c8kY6gaXgWFuSBXYXdYMckgHgBIV0PVzyll3AxRQx6w4AJDjvzK3qzyjvxfIz5H7gaRwstS6TUpLndUpLRBZiX31LAT1GZQjEC5DXTkciVmxdQmIkm+f5IlkOZpsYW0O3JaVdBxnbXvoIvyA==
IKBy/5c8kY6gaXgWFuSBXYXdYMckgHgBIV0PVzyll3Ar5kKric+qXT+kVNU+AvSd8UDTbxdDOzlu8+cZMj2EGuSopwj9fa/byKlM0m+Wxj0ktuH0vjgPDOm52uZdCq5aixmik1r1bgXARwPKtUn/ifc4jv3N14e235vIbQCJO43qEIxkNzNIx0v0bgsdZjDV
IKBy/5c8kY6gaXgWFuSBXYXdYMckgHgBIV0PVzyll3Ar5kKric+qXT+kVNU+AvSd8UDTbxdDOzlu8+cZMj2EGldMwqpDaXzwXadrXd/0HVB3gsoOl3EZvtpZ8iALa9PvXSF0xKHJ5cb/MV8PY2iYSGvqL614OCB2RdU8/9UpD5u4qFJbOUCcHpHVJ7DNMnHB
IKBy/5c8kY6gaXgWFuSBXYXdYMckgHgBIV0PVzyll3DCtlP/Mx3GdlIzBuisf/zr7raE47UF8ag4+EQTwmkjLVO2rivWTTq9ZMG4Ml1LgU1KgEzoDjHghB6QF9wYh4ypCZCP83Z1QrVmmrMqQ0+x1w==
IKBy/5c8kY6gaXgWFuSBXYXdYMckgHgBIV0PVzyll3AbOjsZhh/e+2wwZq2LE7hkw3MLLObCeYMcdhnmkabjJpnKTFf/JWLpXHVkA3M4NwN37noMm0SsNAZHszrFmdbIqv0qtTE+0Bz+6slzaEPfKQ==
IKBy/5c8kY6gaXgWFuSBXTHRSV5zkXfAP5bJJnohxe1iuUb/XovmXXMnDbm/lsbzS7QtMdRkZacIf79bqnuZht+taPMRNwJxprPImOyinEWIG/puuGOn87SYJVIq2C3T93CjRSy7rHQ4CsBSkYtpePtOO5VA77FrJ3jsfil2+yA=
IKBy/5c8kY6gaXgWFuSBXTHRSV5zkXfAP5bJJnohxe1wOM8c2O6kLgrFo07ozvUqv7yByRuwu1/YC0oQHKLy5/E848BAjoUGhhK86AT8CFuSoPqdiqcpestP0UA+AAxsbjzTClVZ9cjFm/5k4B53rA==
IKBy/5c8kY6gaXgWFuSBXTHRSV5zkXfAP5bJJnohxe1wOM8c2O6kLgrFo07ozvUqr3oUBvVMTU9Gl7W9sopyJn0W+4NBL3lUXJdE6zgqnZB5zvDGWmWNXtGrSW0S980RLJjFIWIm/0/3gJe1DFEet4oRw+0pCC3y+q6L4yZ1bhQ=
IKBy/5c8kY6gaXgWFuSBXcNna0rGj2xc7AKxo4AeaDigh6Acwd5KXZqcuhHoD68UvMu0x70GwR87V5SesxWANjbV4F6tkkOte3OQLfBkI98Lvc9FGUs6p7QiTd9P6xL3Cklkn0nWUQ0KDOhV9s53Jw==
IKBy/5c8kY6gaXgWFuSBXcNna0rGj2xc7AKxo4AeaDigh6Acwd5KXZqcuhHoD68UJynE1IvTRyONvHnJsq0Ayv/QZzR7yfqRUpKmuNInIdkWiVXagNry6yDH3p4HRSNt9LK/l6F4e2RNL+zdsgrJcA==
IKBy/5c8kY6gaXgWFuSBXcNna0rGj2xc7AKxo4AeaDg190nxj5jsolbD2hODox+AKx1U/2uOQ36rc0038cS6+Q+sI2/dkWB37dLLraunXqqxxYivJkuiUiOPJVxMExTphn4pqmayfDbNkHDbV8kWKEL46EVcv1ZFQugPdbU1CZAnpDQiBI+oA6nCSTkYp0mB
IKBy/5c8kY6gaXgWFuSBXcNna0rGj2xc7AKxo4AeaDgkmrMD+rNJNwWtZOh61vtaWo+RtoiajVIa8mazHMjH1qe46tnhGIkbj0HNwp9rb9vEthPE776QCCb7hNVOM0OIQyMg9MqyWIhR92ffXxQ/nJqRhPAlECzPv3GfRqlX1M9rWTmCfCdtpCX3sVRcbdaz
IKBy/5c8kY6gaXgWFuSBXcNna0rGj2xc7AKxo4AeaDhlxY3vGriVPwB/YuPLYaGq35WLkIHRb7cHjx1DtDDUjT/R9KFNWXtFee6cmOILTV5s8+xNlP1Xs6bfXgYtbDEYUwZ9sh03sDK7AD8iAslADQEvhoC8cddULTCFIz5CA8s8yFIhLVidQnTDOkXb9lbk
IKBy/5c8kY6gaXgWFuSBXcNna0rGj2xc7AKxo4AeaDhlxY3vGriVPwB/YuPLYaGqu1kTIWvW+tr41GO1pDVFVJ2KhiYLJ8LtveqmEIckbZZNFIGEYzffdmVUT2kcbLJCeTB7I55XJ47vJFVv4cwo9Q==
IKBy/5c8kY6gaXgWFuSBXcNna0rGj2xc7AKxo4AeaDgv0UB7yaXOASGd1RDhVoFDZjdrMvyb0mPv0tUbMlHnMBhmzq/nQ1irUn7NDbEWqbOEyFVcAgzgU2BHhbL5xTWvpr4h5ahIRu9nS6iDPMXGevaC5SC1U+aYd/8oIDh3XBXPmAN7EuBB+bdguIaga8zA
IKBy/5c8kY6gaXgWFuSBXcNna0rGj2xc7AKxo4AeaDgv0UB7yaXOASGd1RDhVoFDZjdrMvyb0mPv0tUbMlHnMBhmzq/nQ1irUn7NDbEWqbOEyFVcAgzgU2BHhbL5xTWvpr4h5ahIRu9nS6iDPMXGevaC5SC1U+aYd/8oIDh3XBXPmAN7EuBB+bdguIaga8zA
IKBy/5c8kY6gaXgWFuSBXcNna0rGj2xc7AKxo4AeaDj7dKw40K0UieAnvFhKYNshn3sXz+xyz6nrJ8jSel7+kihZCPpL8/d8Ya2pR6SlPo8TQ2lthfUB4dTZyd9Dlhc4zD1pleDot1AWBGjRdeQFYQ==
IKBy/5c8kY6gaXgWFuSBXcNna0rGj2xc7AKxo4AeaDg0M7+nGUTNn7sj2RYIJPUXE741dwUuvFI24eNlteGIs7s/cShwu7CNVEiXDWYpaFzGYrQIYEgYlRpGyKn8ULjK
IKBy/5c8kY6gaXgWFuSBXXlNU2fYF71Lj0VvIxdnegZld6ZTI5rzWw+zwBgTmNJuVgzy51YOcFclqBlg8O8yN+5A9hZ5LJZVy66+QfQj9I97pLwisS9C9IBVEyMguPPh
IKBy/5c8kY6gaXgWFuSBXZadl6xaRnH1qSg5uun5fEg95cgKS4aBaHsnoGl4XDvLbEh39dG7JyMukfOn5XlkpL2sW1ajv/sDzWK+SS7YBi9AiFsg/7gcW6V6abNBkIYmrYLlq5WTaqN/eG+yF1Q8JwQj83cJACuEloH6RhYSrY67sZlZETixG60Nkdlm9aPe
IKBy/5c8kY6gaXgWFuSBXZadl6xaRnH1qSg5uun5fEg95cgKS4aBaHsnoGl4XDvLbEh39dG7JyMukfOn5XlkpL2sW1ajv/sDzWK+SS7YBi9AiFsg/7gcW6V6abNBkIYmrYLlq5WTaqN/eG+yF1Q8JwQj83cJACuEloH6RhYSrY67sZlZETixG60Nkdlm9aPe
IKBy/5c8kY6gaXgWFuSBXZadl6xaRnH1qSg5uun5fEiR1e41JUJUErdkEPR/0Z9zm58oUGZrovHDUc2Qb+5+qI7ythwtsXHGJNtyG1tj+RD/ySXAM7izjIZ5IQLdTtA2nZ167dm0/8pA6l1BaD2YBA==
IKBy/5c8kY6gaXgWFuSBXZadl6xaRnH1qSg5uun5fEgg6Byw2Xh4BTHGWbYFmDPDO0CiE1APP/VCbekOtKO5zb4febt9UETKq9OSkOpTCcaUT2CRpnc3de5XUXcAaig/8ZG1l60uznsIYrh7+0BTrUmqZBM24Emo6XCeddZZAxcNO0ZAMH+X82x+Ef1yBnav
IKBy/5c8kY6gaXgWFuSBXZadl6xaRnH1qSg5uun5fEgg6Byw2Xh4BTHGWbYFmDPDO0CiE1APP/VCbekOtKO5zehvP0F1z0v+fm2K1z+sGaWr+u4PGRlbhUTQqklNjn8pOT6Zi+tk0oWtotGqm9PgqmoJfRFV5BZNRkAZZKJQ5F87n+/1iSS+y5Kd1R4dRmZC
IKBy/5c8kY6gaXgWFuSBXZadl6xaRnH1qSg5uun5fEiEL3yr6iFvsl0Q/0WAO5Fg9X3fiqI6/Q959QftWcjKFkzMcp6FwIBDTFR1+MJbhujfDGq//xA9h0VGHUDFz6ny
IKBy/5c8kY6gaXgWFuSBXZadl6xaRnH1qSg5uun5fEhuqFDe0rU97PqdXmH4c9I1SAmakgxdFfUkGs52qW3otFrsoz9e9taUozfQKFJBIcuy5RMgtZ9x873hrqteCxz4FRkRHVkZUqndrsQPtLFNag==
IKBy/5c8kY6gaXgWFuSBXZadl6xaRnH1qSg5uun5fEgBj++rB7cVgDu138pIsQ5jX3GiBE9U80mfwo13gTzPP6HfcvAk6IX+fruaZVdZxH1pCkarLZM6dbmAu2/Xhd0HMD2DxqYETl4+PcJo1avhKckc6SoqPLeoZgrR2uKJG8tzR2bPQt7OJbUWZQUaJ60P
IKBy/5c8kY6gaXgWFuSBXZadl6xaRnH1qSg5uun5fEg7UufROBDdGjf1RDjIqVIq0xFzvcPn4IUdOro9CvbEfZNElhiM3a0euh3crXv0WJ6dUZXTUKhUJo7gtO39emuvzmmAqFmDVzOKvwe80rXG5aWbYNzoiXfDhcby6c5x0jOYQfCmJQnU0dFgBPSYZ4ay
IKBy/5c8kY6gaXgWFuSBXZadl6xaRnH1qSg5uun5fEjZ+PDPF85QxernGJ21IFros3akP0JQjXNPyhiwyXpB/HAH9KbUQxkFNPErbgTHqrJNd7Z11gBpU7AK2GPb3PQMdmHFyqmY00a5MQUcLN+9Ow==
IKBy/5c8kY6gaXgWFuSBXZadl6xaRnH1qSg5uun5fEhEbFVvqPqQ0GvWytysdIuyshgS2gzOGEWf6uYFi7w3iXnaFa+fAushmqhA2HV139TiEv84HHwun4fY0yNTrGsCKynZjO0Er9UYfWH4Zz6y8krcOAj8FkXaikFORyUeI7g=
IKBy/5c8kY6gaXgWFuSBXZadl6xaRnH1qSg5uun5fEgmBme+zo7fns4R0A9FrepnErj13n9JJ2e799d6z9p/G4yIOHSkGDu8eIow6a+Ptt8zlHYzqlmFuMwR3FEC9N2aWSmdd4J9uev+FoIv6DPMYg==
IKBy/5c8kY6gaXgWFuSBXZadl6xaRnH1qSg5uun5fEgibjhGGEjfx3rm9V1P7kr2Qk1vORTbWQ6KOWlg2YHRZBDdSzFY4yIhwH6xL+MJkw2RvnzM8l+OYdzRYe5rq8S3LrMwa/Kf46A6vHfxOA+d1/N2MADU7SLWLdfkBoX4Bm8=
IKBy/5c8kY6gaXgWFuSBXZadl6xaRnH1qSg5uun5fEiEcuCRsQkbvL29RyRavz2bSAgJXoXBeeA95GceVc1FVCJvJbfsX3VnLgM1zIZ+Yg4MQewgUqLdCXez2SwsAa4hRFtR81IBvdTuCnJYvit/TudQKEZr6tu/L3n50/SIBkfTZBN/2nsBKiVT5+QY2k7q
IKBy/5c8kY6gaXgWFuSBXZadl6xaRnH1qSg5uun5fEhCHnvKWb82iFgKXGxwkzvDcNbkRzdwjNzUs9PvZ949rAgYr1xbyrecc5wH/oBMPZ8f/jqj5SjHuAQHI4p3ZJUNusof7bIs+K9XBSCC7qhX8Auci4LV5egHb7S0dJJParLflsuC3I6ge9V5IaPTz3lE
IKBy/5c8kY6gaXgWFuSBXZadl6xaRnH1qSg5uun5fEiHaU8Kqf0qpwdfSDnCoqaxrO3u1u/ZUtq3bzt8EayGzpeZXBCx0J+L2UqvluayZjNOZTiXvwfyBYFG4tWjLKkuFs08HjqzqI9TlVcUI3DVoxYserSogofKSUvkE1qOcq0Kzm64+bM4W8xuJZqq/xrZ
IKBy/5c8kY6gaXgWFuSBXZadl6xaRnH1qSg5uun5fEiHaU8Kqf0qpwdfSDnCoqaxrO3u1u/ZUtq3bzt8EayGzlS4gNQ8ICLb44fX9f9JCiLjt+/OzZmldBQnV0a1YmzxTaAZG8D1nRky10h8x8Q/BJzB74UX8uaAp6V30iff0M8=
IKBy/5c8kY6gaXgWFuSBXZadl6xaRnH1qSg5uun5fEge258W3n09z5u/ZLxxvb3lrT8gfzzTY14WMhFJEaphMbQPD6LwCVhn8FtVPZUuutPb9FthrIxGoIHAhlCXMYzT
IKBy/5c8kY6gaXgWFuSBXaiHFdcEcQpAte1TRUvsnlisfyCpRamjROcPYaaSSqsjrEJLjMeD44eB6C5V8WaL/yvAdSgf9Kkg2+B9Vy2+dhepNZ2yblCltfxVvZLoCcjypCd0ErhavO+3azWkTDn8MQ==
IKBy/5c8kY6gaXgWFuSBXaiHFdcEcQpAte1TRUvsnlisfyCpRamjROcPYaaSSqsjkxvfIQlfhLhayPbArC/s2QD1avitWqCHBZZpCq/cLzH00tOvnBMJfT1ujb8YkjVPK7vB5bEXhXs+yb/ChofY/tNaSso3JpDLWwSJPMEwHLg=
IKBy/5c8kY6gaXgWFuSBXSk6+vGgZXEVt+Sej905tckb8tEbeXz7ChyJzcmkqMxxE6kDoqJVYqD3rTdP3K7n+EL8UH2GBD+OU0bJx0Lrn+uzvx7bD5xZaD+nDGnrwmdP
IKBy/5c8kY6gaXgWFuSBXd/12295Vqn71vMmvV3lcZHsDrmeUYWD1v9nt3Rh+Y3mCixwpnFGE6scMmD4fGr5WCZLWfVwLdHD5W9H5eeIwykUCgfGUgVJIDDRHo7ZVJrW/HA91D+qsUHUqF+O8+TYNg==
IKBy/5c8kY6gaXgWFuSBXd/12295Vqn71vMmvV3lcZEc9A460KbBbKP4wcm6PpPln0hRP8iPCgq1FsogiX1BIxT+7QNsOT38tXiTq2wZb3EXvOOF7FspQMyNRyYE63KwuiXutsFlSlHOKauRb/ECTQ==
IKBy/5c8kY6gaXgWFuSBXd/12295Vqn71vMmvV3lcZEs7d6XHBWh0SzxeUSnIeyKyVVapDeBgEK0iNrqOb2cKImvTVTc7C0f2YzTo4x1IXTOxUnst2WMlu4+8hKIxdl1wt9NwnV1Vw8BwH/Ks/Ox2Q==
IKBy/5c8kY6gaXgWFuSBXd/12295Vqn71vMmvV3lcZEeu17tQfOEaDHzSmj5KHSO04gdu9RwYTi8bQeNyfYohSBhGoNQFNMEtsiZ0RVAQ2LF4sa20TbyMVeOeY92Md2cMS76JqAookUDMhZTxkelcQ==
IKBy/5c8kY6gaXgWFuSBXVVm37PmP95E7/m4NXO5sM18b9sH/D3KGEHUKzZfl4HGOnnTCGXqB5zZX6gaeyU2qUJyXs4TWrOROFQ5HRW9XxBoqrP7OQ5rgHtOJg8HscAimT8VWiw/NSmZ/H5T8Ujwkg==
IKBy/5c8kY6gaXgWFuSBXVVm37PmP95E7/m4NXO5sM18b9sH/D3KGEHUKzZfl4HG2kteMVIZi5q3BhM7vXOAWEzHLntsGYraJhDLIQMtcsLpusaXpek7+l44aukEEtJCMzkorIjR9pDIz5T8UAsNAg==
IKBy/5c8kY6gaXgWFuSBXVVm37PmP95E7/m4NXO5sM2s/VNDcpp29Jv8U5r/BqNEA4hzWByNrdcRoXoe4Wb5Hs1AgqyAhMTxbzVuN/mn12rR2Pk+pXg+QOXytAQfvq2JMp0GZuHKI3yjtCnGINYD7UTRJ/bGlmRzXEGo1oIBBn+3hmj52YkZb/6YkB17RS2q
IKBy/5c8kY6gaXgWFuSBXVVm37PmP95E7/m4NXO5sM0o6GES2/b4Iqbd+9p+Ry0C+GUuoIsmMuC4bm2EuHLLDUgim1qx69+ly6jrLs8DGJIG5sQbCFU9asy9UlLFrAsVpGGn4MQkDyTabZtsrxP8sVWScUesCRwZ07C2xYKrfb9oAYCI0XSi0L3w/nif+H7y
IKBy/5c8kY6gaXgWFuSBXVVm37PmP95E7/m4NXO5sM3KUU6TBkaTqXQban+DYC5zU1epGafI96ngG8RVkJepxr7y5TqI1QF0MKjYxx/Ano2EswbCEStnNFJ6wuaaSb9LiEq5Nsd4lhu7lr6Hka4y0uesXqSNXGymVm3fhZsxpIxsV6GdNT+iUyhj+JFzsoVr
IKBy/5c8kY6gaXgWFuSBXVVm37PmP95E7/m4NXO5sM3KUU6TBkaTqXQban+DYC5zmqZuESb6CcETNNyc2wwuacA4bPPhDBRExsu30DN1Y3cCeA3CySDKVyAbOl+C/jl0Hj6YiU8PlyG6WHLuq6Jptg==
IKBy/5c8kY6gaXgWFuSBXVVm37PmP95E7/m4NXO5sM39UN7DhMqo58qMmIrftqEgW4os3rqOGY1pHSJ/tbugyGmnLsuNu7WZeT9wkIugNoqY0dMEiy180iDNk2CPtUp6oyJLw0ErD0pURn2stTsLnJSAKVGKNAsGQY1OlGs7HZj/UbRstbTl5BoB5AxvN0Z+
IKBy/5c8kY6gaXgWFuSBXVVm37PmP95E7/m4NXO5sM39UN7DhMqo58qMmIrftqEgW4os3rqOGY1pHSJ/tbugyGmnLsuNu7WZeT9wkIugNoqY0dMEiy180iDNk2CPtUp6oyJLw0ErD0pURn2stTsLnJSAKVGKNAsGQY1OlGs7HZj/UbRstbTl5BoB5AxvN0Z+
IKBy/5c8kY6gaXgWFuSBXVVm37PmP95E7/m4NXO5sM19Lwyn2drf74QMdi+OCD1KoZB1vFQMkqRJIfgXcvF8SKT3ySdccjRl8PhxVImI2FTQMBevz0Fpgl2zyN/NrbB28+efzQm5ZQGUqZB/4+iRAw==
IKBy/5c8kY6gaXgWFuSBXSfeoBfaDtUnSgFFify+k6Vjfas3vYU+hEfLAH/UdsoBAZK8gGXkIyNKt+GHUNx6ZTnhvGPsCxppuG2UgldTvKM8X0k5FK+N+APGNF1R9xWc
IKBy/5c8kY6gaXgWFuSBXcNSWD+E2Uvht3aTmWCzVprvmd4pryOBEFDMY6pwPGAhmj1NtaCPvn8TW6Xk/zuxId8KEPjkvcan5NatZCvdZ7xdCmeN5ggiCdGaUB4/Mlal
IKBy/5c8kY6gaXgWFuSBXcjpcdEg+dYA1QT/cWhusl9NF6K3Wbo2u72QFHavc3tTAg3XBhHunFjM+vflh6O06c6/7UcC8FnP/E9EPsO1vvBegrh/FrwbQntdAR3ZPyfDJcVRqbQQS05bfPEfpbqX4A==
IKBy/5c8kY6gaXgWFuSBXcjpcdEg+dYA1QT/cWhusl8Hzc2cX+aAU/9QWqKDT2qYtVNeZTGxGk/sL/R4UBFEi7lm6XeGNnz1D+9A4M9U5F06W0gMWSto4LlqtdXhGTaFwHobSfjRLQFCn9VrI7k9Gw==
IKBy/5c8kY6gaXgWFuSBXcjpcdEg+dYA1QT/cWhusl8IX/oZeJXwSHNEzbRi0M/zJA9lKZ7buUAjg3QPEjIZg1NOUoszWSI871SsQtMgUecDNndVjWpEYOsO0ZoD20O0fXdWp253R6VcNpSQWrIRTw==
IKBy/5c8kY6gaXgWFuSBXcjpcdEg+dYA1QT/cWhusl9WXwP3dL4lXsprjcdHfnAsc0X8pnHCSug3SJqRf+lxtQhIh8vXOjhSF3g58pnI6RbS+WyuZt0DP4ougVcesLBsgZkSfQ8kiLssEPDbAiC2Wg==
IKBy/5c8kY6gaXgWFuSBXZwDnDJKo4FD1hRVhQ4FH5r4fp4oTnvjJdlIXcFUiBPX5z7O+fhDnCpw9+V+rGUUP3LbJwqezwKxRhqPZlvO4+aVCSitm8sgEKl323fLzCUFCN3lrJupNbCxGoq+jsYO0IsxTgWbVrfFsnURj2f6RSr9Qu4Lct20mjjxydB6n4bh
IKBy/5c8kY6gaXgWFuSBXZwDnDJKo4FD1hRVhQ4FH5o7yttTrIdCqRNA2NP8ojYts/tfsc6yE6oTcOmRe/bzPSYzvZDJ7jAY4GTU07xY2eCL4WRhA8RHvH9NmW7rsGLyASrVLC/IaLXENe34/IRrcBXHn5hjg66wif5t/bVyHA72+qruzTBPsWAY6Pim7TID
IKBy/5c8kY6gaXgWFuSBXZwDnDJKo4FD1hRVhQ4FH5o6pwjWV/P5a6L6DyQ+kHYlCfYAy54SnWTwgZNh9o8Y9lVdZrBE/RrKU3cyLHhT8+QEWiLkiwh66FymsmfXm6FMUDQ9RwIkqwV3AzyGQnuptg==
IKBy/5c8kY6gaXgWFuSBXZwDnDJKo4FD1hRVhQ4FH5o7yttTrIdCqRNA2NP8ojYts/tfsc6yE6oTcOmRe/bzPel2wfGOXLCPtcAdNN0FhmfeWjjeTY7I0pa1qchUTp0C
IKBy/5c8kY6gaXgWFuSBXZwDnDJKo4FD1hRVhQ4FH5pyXlfU54+rsHelK5XIObggGwMXummys3R2JGrQdIEGGtNUEDuSi0+UBmA11t4JBs9YmMxJUiZFhqHqp0rowElB2/tqWqE27KmZZPTihSP92/qtLNsIIrIf+6BDUey9EWVNY5Tdz6+baGOMSEvLw8S1
IKBy/5c8kY6gaXgWFuSBXZwDnDJKo4FD1hRVhQ4FH5pyXlfU54+rsHelK5XIObggGwMXummys3R2JGrQdIEGGhDW4Ncf2mC3yr6ouA4vZUwKJIFUXhS2BC40nbzIE1LYmEn2Unbcc34PC8Ev7dpHpDWeX+MVyyyim8aSy+H/ldHxgXeLsoh1U1EwYBj1FFv9
IKBy/5c8kY6gaXgWFuSBXZwDnDJKo4FD1hRVhQ4FH5qQ9x1zHV95LBMQN0n40QAnlqNWeCImv/6jUnoZbHCAtuL8RZe2Ec9vFEefBVtZEWfhwDyjd+X3ogj4bytK2A4J/UYSwByIlN3HWfzfqUk5kg==
IKBy/5c8kY6gaXgWFuSBXZwDnDJKo4FD1hRVhQ4FH5rkJ5jsc1NBT2pEHIB2hmbdA+A7A79LLzx4T9riec72jpzm9xHZWRcF8uY0JKv/49kVmU/j6WnYNcb4pA/0Kyl7cWMEQ/4gxxkfDqgUtQJ4wwJ4bVhFGdEUTMHGAIprcW4=
IKBy/5c8kY6gaXgWFuSBXUYm1FfEEwcf8m9r4CmRteq0mIaIvy2lgin3b79V/q2dhOyErICHJ27bl1vN6WigkhXc67cNr8imEk11Jdv2JiFRWp58HrHSNey0CH5y1WCxe0w4VTd06FIDQFlCFnvH1A==
IKBy/5c8kY6gaXgWFuSBXUYm1FfEEwcf8m9r4CmRteq0mIaIvy2lgin3b79V/q2dfC0Ngvm8NhEkmpo53pCi0BQte66ZkxynTJ4Stl99YncpsLwuvC9tRU5/0UJ4GVIdvfu3rH0yLuf/mfqIQGB23w==
IKBy/5c8kY6gaXgWFuSBXUYm1FfEEwcf8m9r4CmRteo+rPbuJrut+EXd3RTePyVHYDtktnnqSpftgQ3wt6L+LSDYJju5pKnZpWxMWkosq13TvNWaAcCUwnBcavrKtDAKfvqh5uBONmrVleV75NU5TqfM2anSR/+t5bMcZ/K+S+2oZnYDt1fKIN5+eDFpXRMP
IKBy/5c8kY6gaXgWFuSBXUYm1FfEEwcf8m9r4CmRterbDDZW4Aspd/pt0v0usnQjnZs7XM4GpGaoujnhhwhrF7eICtPVdxJabY3x0CZaiOWsGH4pWUFAVQzm1+3UiYAd8iJgEkeDq3IC5lA7MIZ46n/PCbywdplqR02EivUJvcoYcd9iww2fC4yjIXLvK2QZ
IKBy/5c8kY6gaXgWFuSBXUYm1FfEEwcf8m9r4CmRteqDgUnVgDXKKm3muA1W8+V6V0PGjNdWYYNnyJmuIH6573aLfCfQrZsqHvA2IdI1aTH/87NmNLkZjxFnlCOd6uD5Z8TqXIGmh2BgWUQ3WtXyyju8RQRoX2KVbUW3XWi2S3zpd08oiQ0rDjBeteuTa0V6
IKBy/5c8kY6gaXgWFuSBXUYm1FfEEwcf8m9r4CmRtepazFlbn+9lvIPRK1HpDVcFjku1256AsGSVx8zeY6N6HsjmjRMq0NPjlehga+3M6CFdgD/QLUDbl4UEEDUTMA0SDJQhVcuuE9+Q/NUDWSxrDg==
IKBy/5c8kY6gaXgWFuSBXUYm1FfEEwcf8m9r4CmRteqP+y4RpHhKide1BuqybE8HZ7rtbJMrUc/oe0TZdOf+mzZEvVXW+RbwIn2Qwb9elN797JFArQfsxWUP/uB0vdkNtjjMlo3dEXs4tJK6GEVjQbez6QSYtdSsIW/JIXgLDMFdnqLlz2/WOHkf9jkVVOuB
IKBy/5c8kY6gaXgWFuSBXUYm1FfEEwcf8m9r4CmRteqP+y4RpHhKide1BuqybE8HZ7rtbJMrUc/oe0TZdOf+mzZEvVXW+RbwIn2Qwb9elN797JFArQfsxWUP/uB0vdkNtjjMlo3dEXs4tJK6GEVjQbez6QSYtdSsIW/JIXgLDMFdnqLlz2/WOHkf9jkVVOuB
IKBy/5c8kY6gaXgWFuSBXUYm1FfEEwcf8m9r4CmRteqHJrl7SFouD5xcGMXSwEtJZmib+o+ytzhnsu4E0kyTOWRs9DyYkMIm7uOm467MrGmLXS7zq9iRl33vfNpx+RVuvnJyZdqi+PKvuDcFmUXt3g==
IKBy/5c8kY6gaXgWFuSBXUYm1FfEEwcf8m9r4CmRteqz5onizqRJLkbK+xY69tXUpweT7LVaElTj58/NjbJBDYfgSHYfyWCMxurosT7XwgT59/ZYmImxhYb0AYLv8gi3
IKBy/5c8kY6gaXgWFuSBXRZ0h66S47RiHcNVAv0MZynGoOozwT3jdHbwiVPnG7sApI/aiElFg8XE/tD+lz0TmQunDPHozEk+g/NMdcRn8uAjgByil9UCtGeNsKB4pVq08zg5BRn0K4XhTgiCvnNs2Q==
IKBy/5c8kY6gaXgWFuSBXSwbjX9lMhC3kCnlrSUvH813dKghqCWoHFsiRjdzqV9LBarwS3EMcvETnPYu97+ajwRIp2Pok2MVSxRoh1V2nlLn1zbknOvSPu5cuaaF7j6AADCNnzSQIEVFro8qe5oCOA==
IKBy/5c8kY6gaXgWFuSBXSwbjX9lMhC3kCnlrSUvH813dKghqCWoHFsiRjdzqV9LGMj7tQMyKewiknuNOdxfrXSP1D2lAZlvIdRjW4JJOFbaOI6uyZzYFsOr/+oqo1HxX0Z93JVEmWtWALHj/MNeJXd+utybJcV/DyqaAFUzjwU=
IKBy/5c8kY6gaXgWFuSBXSq7s6yJW0ptmVnOt41iTKOCKYZJgwLR7Z5q9ftlHEIMw2THVRrcE8JhQ85pgVLFboYGZOBD3QBoBethHMKhhy+FQadl1LaBoKBWv75D/l6q
IKBy/5c8kY6gaXgWFuSBXXYoCvuvfSxuZIfRdgOtpX7zaDHG6Mef0aE9N4d6Xm26j6ve5OhLlboqmeW7j3/zK2H97yukVnm60Wjz4yZhSNg0nG3VGN9tkHakhiiWhkssg/4WF9N+jq3tbWA2HGT+IA==
IKBy/5c8kY6gaXgWFuSBXXYoCvuvfSxuZIfRdgOtpX6C66JYqA/qWDiLfYQqW14KkZ28xIKxPw1a+qQstnEFSUpYVvCyYN7InCcjzei9uA4NIE4N42abyD0MjznifZywHdu7I7s0JvxWBP6ed8Eh1F8zg1sPmZ9U/Ju6fWsyVNid3tDqSv4DTNSj1RRLiCyb
IKBy/5c8kY6gaXgWFuSBXXYoCvuvfSxuZIfRdgOtpX6C66JYqA/qWDiLfYQqW14KkZ28xIKxPw1a+qQstnEFSfBr/pny9zVGc8R2DwdrbMQAmZqiQpchT8tyIkNiTT9mSPl/x92HMHsWhSW5g8fHDXA1dMBP0dJqpRziK5q/FowPpn4RJow8fkyNam6Cz1us
IKBy/5c8kY6gaXgWFuSBXXYoCvuvfSxuZIfRdgOtpX4R2QApfwX/PNx2txzl7gBXJV2ipyFo9InK5KYlZ9TTCsIc4vR4IuQD1XECysU1rcPLpHQc+dnlgt0J2x2DYjLA
IKBy/5c8kY6gaXgWFuSBXXYoCvuvfSxuZIfRdgOtpX6TX0AzZxfXo01P5bb9+fN7awqLE+TfrfDU+Lwv8IGpNcxKS7qn8WS0XBqXyrEWiFNz9qfaCqquCRomgs1oQaLvBXx4WaVPq//+WsUkiPeUN6ToUP2tKhNEWju94xQsAws=
IKBy/5c8kY6gaXgWFuSBXXYoCvuvfSxuZIfRdgOtpX5DtZlVZU/iyoyz0AdR9NITq+fKxVJHPtyXpzHHFjOhm+EFqa+yHfeCmD2VNOVHl789C/AE3MbCr9s6p4bG5vt0tj6X2h/yVglq9iNN9IurADPf5DtJn/cLQPzXxB6WPMaWZylQfR+BQpqnmpKc90wN
IKBy/5c8kY6gaXgWFuSBXXYoCvuvfSxuZIfRdgOtpX4bjVj0ZiAogADcInGNveyMgcZofElaEH3xke8JPtcrUrobxMtt4Mqc81r3bqXof2oAv7zPDEgXdfbwgSwJPT96XYJ4byMSjIn0pP8TDAMEI9J088o4XaMtmLGS0ajeFWnMW1QMdQEXCP/WUCRQgsAN
IKBy/5c8kY6gaXgWFuSBXXYoCvuvfSxuZIfRdgOtpX60SNEOpwdVmHN/nw8/BqfQP7QtGpyGkOeS9qwq+Bb8FA8BFjgy4W41B2xIpGxexkGB+ZuqYsnGvNa/Vt6Yi8an8iASBe2/Gq9kQc08u+tSAw==
IKBy/5c8kY6gaXgWFuSBXXYoCvuvfSxuZIfRdgOtpX5SG/A6SxP5rlBwYE4RWZguSQ6niUzs18mK+7PZBVSUPiNzTINGjP56YtZJD7JiJjCx64K7b676tJeWm4Tvh5kRR+bd/JjNyhQlGR44aK5fkw==
IKBy/5c8kY6gaXgWFuSBXYGzaSTE1wX6n4yeVk3e5cA+sLbgfCpxpOcu1ZAM/oj+9p+KLl0Zze6vDoc/sSaSDukFfpKwfZEMo6itTW+HIMC/Z3vn77UVhBG7FQux8rW4+1hm7NJUWnnmcioCCNrzlw==
IKBy/5c8kY6gaXgWFuSBXYGzaSTE1wX6n4yeVk3e5cA+sLbgfCpxpOcu1ZAM/oj+CYRPY2Z0lRxObmdgS4WJeCS9RY3xmGeOb/DEggV3ni+ZPAvbzlMk85cgfKDAeOf74nEXKuDzpRUfToMzL5vWn5ehZecxl1yrn7Z0IOpU4dE=
IKBy/5c8kY6gaXgWFuSBXSQUmei9u7ERJzOILduFGj1QZI5an9BswnunyyVYp724bVr6PYjTnSnHRrwW6ztvZc2Ym62Whf0lg8MijZcx2u3lIO3MBhCdM/BGhctRD5TDC9HPGy4LQN54nV0LvZviCg==
IKBy/5c8kY6gaXgWFuSBXSQUmei9u7ERJzOILduFGj1QZI5an9BswnunyyVYp7245pyvkOkM7K0s3724S9tw98wBSNncyX2VN4FsAwJfkI9C+1DVDiGf29Wc+jADDYJIfNj3FjLi/AbW1tkf99XfIw==
IKBy/5c8kY6gaXgWFuSBXSQUmei9u7ERJzOILduFGj1KcLPIDW3aC2qAGAVHE2Y4LivyGy2NA60OVW282D5SnuCbGbHQL50TNOBly67JoRwQGlTAkSIuyp7JHn62jrfzW/8aWquBNEwR98s9U7lvvRUNgM3IsRFws7MnpcI+GX8NOy6TxzfyQsxHjFMgalgk
IKBy/5c8kY6gaXgWFuSBXSQUmei9u7ERJzOILduFGj0BNTnth2n6LgXivgdf3lmzuI1M7c4D+BB/WQYVj9xJBc3n9oyLvsm2om1Dcir2hfECjwvOKuqyJBhp8n9kE7zfLy7DaCZpK11r0DxtK9AZzcpir5uvU/28T5jxzfy/Hjvt8C8Zsby+5GKxT6ynki5m
IKBy/5c8kY6gaXgWFuSBXSQUmei9u7ERJzOILduFGj1D2CCUPgFrhQYmwob79syl9riytLTW2e9O8B9vGsPZ4PG/pHUMVCekD9NmnEeposxv4NC6NHp5sJMUlypLtmkr7CuwmYNWAPwwsCPUcn0NFCMzta0WA3ZaGTTmQAeOyAtSlJmdKcvTxbRpXc+bLqBM
IKBy/5c8kY6gaXgWFuSBXSQUmei9u7ERJzOILduFGj1D2CCUPgFrhQYmwob79syljpOEuckLqEocOTZ5dLws4W2QLKx2lw+o6Gd8PD19jtdN5ULxYDFW0q683rCanZnAeTldpIDDGZPDuLlZX4s3TA==
IKBy/5c8kY6gaXgWFuSBXSQUmei9u7ERJzOILduFGj0OpsL2egLGspGz6e6hFma+FD0rvkXs+H3SyF90PKR2rQDEGjUD5JDjVEkzgAGGy+8pSjP0spBvRDeoavU3bAxc7wkIahrhv2QJVN/bOtoaiF0+xfEmjizm9Bi2F4CT8k7n8ziqwkbkwof1HCOiFHG8
IKBy/5c8kY6gaXgWFuSBXSQUmei9u7ERJzOILduFGj0OpsL2egLGspGz6e6hFma+FD0rvkXs+H3SyF90PKR2rQDEGjUD5JDjVEkzgAGGy+8pSjP0spBvRDeoavU3bAxc7wkIahrhv2QJVN/bOtoaiF0+xfEmjizm9Bi2F4CT8k7n8ziqwkbkwof1HCOiFHG8
IKBy/5c8kY6gaXgWFuSBXSQUmei9u7ERJzOILduFGj3AiV6nvf+K9Qi/ySp4tVy6U1yJahmZl954HJLvSIn08Q6680qBYc4zXXexEo+zv9dlWZ0RqG6SVsgtoIxd0QitxAPAwNf8O4qXQ9mMXY13Jg==
IKBy/5c8kY6gaXgWFuSBXfLRvvA3NKi9j2gJ7fiH5iaGiFXL395F6rAzcFlBj3P5Do1BsqHZH/oyzBdwm/YhBpirThEyDh1cGDQWy2VHiXi0y4w8Ar0Sz7iybLHym4R6
IKBy/5c8kY6gaXgWFuSBXcEXRgydqvykhB2ltpYBd19TFRqimXpn1UkhrCZqQKuRrAQwdfWpBIs1fBEMhufoRMHvTAGmfa+OUVwQ6WHvAbefUD1in1t7O21G6v7rCUsc
IKBy/5c8kY6gaXgWFuSBXW3AJuJKblRQUZLMxjCkwI8PzVdM/luZlpKRRQGx4UbV1ilKbS3Sklxg4YoFXU8iIWhhMFIn599pa3vs+2ydtueO+LCfZo073MYkXpeMmQkgNUMh3k/8C2yB4zpe2Ihcf8DNLvipyBGuoFCOw208T3inqqakVENSgWIB/rWpzhcd
IKBy/5c8kY6gaXgWFuSBXW3AJuJKblRQUZLMxjCkwI8PzVdM/luZlpKRRQGx4UbV1ilKbS3Sklxg4YoFXU8iIcNo9VlWVfnxNkF7Qa+2P2jqM+wwjvnfpwdVN6Z/2zvKpdd0dPYrRWKxTGwUkYSlaXEA4err9v0SND94hOjWDtNVXv/nczw/+LvdBMjrV3hd
IKBy/5c8kY6gaXgWFuSBXW3AJuJKblRQUZLMxjCkwI++nZTEVjvfprs8pTFd8t4+yE7RGfvTUOmzqXos5lXASAFSd1nQa2vyR6IJRSoe5XFruX+XmDCk60ytUg5utFC9
IKBy/5c8kY6gaXgWFuSBXW3AJuJKblRQUZLMxjCkwI/GuukAYlDioDX3gAWwh5N7RgPclblKl4DR6DrVfz0ACPt+ujQBBsJ0P+cBuIeFNv9e6wYY2WUIwWqfo2YvryDicixtWefNxutpeqWhLjNRhw==
IKBy/5c8kY6gaXgWFuSBXW3AJuJKblRQUZLMxjCkwI/0rGWuYGvjcqY3a/PQ8B9LQb4SOmVOem0u9W+06a4eb09ByMMloo8BDNlt7gvJZEcOhfx3dOLJVQQjVy/h2OIhBz6kifx99M8GIvSZosnVkPMlfRH6wDBq2auqkY0RhDp/nLyYvJo9NBC18gysByDk
IKBy/5c8kY6gaXgWFuSBXW3AJuJKblRQUZLMxjCkwI/0rGWuYGvjcqY3a/PQ8B9LQb4SOmVOem0u9W+06a4ebz6lu3+oHRRGWzfKUXkBUWhq7KOPgZ4IXT8xy1rT4njnFklDCd8ViLRcuYKByCvN7/LJ3fiy+a6n9ooFjrI8u+pUKijAL2o0BtgLpGFUOoE3
IKBy/5c8kY6gaXgWFuSBXW3AJuJKblRQUZLMxjCkwI/pg4S47K9FFL2kaftNIP6hQ4jOlQMbPPy/gfu5fLGi5pBLBkP8zELsrgzQeBgxAfeqCDbmJToYWyDMCFk3snGLcuzVJuIB+M69/VdZQzaiKQ==
IKBy/5c8kY6gaXgWFuSBXW3AJuJKblRQUZLMxjCkwI9ueNwMa6fhOFOQkNiYB91pnQPxziy93RoKAvPxPCruz3oTIJ+OE9vF98rI+uXZdwEvmQ/MtyjQrLtwoGouAk/962MbQfGL6DAU4CrYlxBuLw==
IKBy/5c8kY6gaXgWFuSBXW3AJuJKblRQUZLMxjCkwI9YSOHO2BTj9wpMGdjzT4pX+o4FkccUJaM1GrIQq6J0Z5aum03DjCKkSOnUZH1zYGy+bSMQx6AG/oRMLKQNTb3nNHWl+05odTiNOiBtbUJJuxX2roAp45vSUnZML9DNn4k=
IKBy/5c8kY6gaXgWFuSBXW3AJuJKblRQUZLMxjCkwI8nTBoRgm+iCMFOvizxYujV52rVNh6gZxZbh8A1Zy68StZQ3K0ZyWnxpvVQpK64x05vsqpgh27y4nUHjzoHK8ZnI418vLgF2ftVMqPki3XyLSPE3w9s9mmn0jWg0ilsqNI=
IKBy/5c8kY6gaXgWFuSBXW3AJuJKblRQUZLMxjCkwI9BTwTGlkpDj8982D7c0u9UCiUESgA7E4fxWC1Jb+egUsRtWZX0iwx/qQTkqRW1qNJhAmxIGoUNdGLYBOd1z6cwN90Ux5TjUqrY70kFcMichzAupyohlN4rm98OuhgornnQPl4rR3nVgTy0p4POf+BW
IKBy/5c8kY6gaXgWFuSBXW3AJuJKblRQUZLMxjCkwI/jCfJMZcPBfFkNAUsi0IJCh/cuzQjDpn+x4vz56szaJqqTDQgPwTiZboQ1ZhsmuN5pgSmFpIjx5fZDmAxrVtv+S21w5QYEoiP/qqv84YyWJ1PMii6VI83VU8N135Lr0UAv809AP+giw8JVnqIOMKTv
IKBy/5c8kY6gaXgWFuSBXW3AJuJKblRQUZLMxjCkwI81KzlEH82LpkFaSjKtNvp2W/wr3TyxUx1roQbgY8/HeNnThvey95IuJ/IhWbnkwW5pSqGsUnvIylD+jI6bwgYKVdB4lW48PK3p9lCjuo4f9TmeZMbujFtjE77ewv4kyWtlkG3Xe5UoeVdlKKsLv42q
IKBy/5c8kY6gaXgWFuSBXW3AJuJKblRQUZLMxjCkwI81KzlEH82LpkFaSjKtNvp2W/wr3TyxUx1roQbgY8/HeGiz4c/h401+Cp+oRBcuOV5kxgXm9VzOKVQtCTVLKGfPKhkfNlZ4+fiJX7Hz2CqVv4XvPt8BfZ6wnQvDDv1KFzs=
IKBy/5c8kY6gaXgWFuSBXW3AJuJKblRQUZLMxjCkwI/j2fwttVR24VLEOb8T0+Y++Rgo4Z3q876MjD9GIdB5cmENtlhUYDqbakb4bR9KpUYroMkCZthNqLW4msQMFVgg4GkAjvd/mkNKwvhDIUvEJr9aUyrtNXBes/nRJpxUQ8T0cOGIAEOKtzZFuKrjg3gP
IKBy/5c8kY6gaXgWFuSBXW3AJuJKblRQUZLMxjCkwI/j2fwttVR24VLEOb8T0+Y++Rgo4Z3q876MjD9GIdB5cmENtlhUYDqbakb4bR9KpUYroMkCZthNqLW4msQMFVgg4GkAjvd/mkNKwvhDIUvEJr9aUyrtNXBes/nRJpxUQ8T0cOGIAEOKtzZFuKrjg3gP
IKBy/5c8kY6gaXgWFuSBXW3AJuJKblRQUZLMxjCkwI8ztX0yT/EXJy8zlYI9THrLe+l+mw6tfjjAjfOq/46x9wYp1Q2pRrmVfhvOHmycI+WkIbu6a6e5PwAs5ZJE4vAfc0xbGP6g9cMd0cANSg+BgA==
IKBy/5c8kY6gaXgWFuSBXTfDR6KWIscTKZxmPm0AAy/QH9982T7Q+EiYDHoOvPzBCda8l6FS4Nsrl9NseOpUyp4JgkONALDM8Hp8KfNuV/s/N+Zy9/uo9UFRF6LSyoQPQ2nCLSIf4rvvM7Ml768cXw==
IKBy/5c8kY6gaXgWFuSBXTfDR6KWIscTKZxmPm0AAy/QH9982T7Q+EiYDHoOvPzBeKgYk7T6hvrMGbEs7zSolWdkT4sVJRRPCXRcuTdyPSDn6K2U/7xRe/NRrEKYBlE+WAXggx+5LzI7QLaUHQKdkzQde9UWrADJvW+RLv9hX9g=
IKBy/5c8kY6gaXgWFuSBXWxlE3g9YgByyNz83mZ9Sd7xBi+e1/3tbaLiq2+ETz+GVXBySKazchwgMLdopjMzlDig2eit5jpv0XO7Qaq77K+rYsFU2XshJywumjHdnzQR
IKBy/5c8kY6gaXgWFuSBXbtd4rD9N1nhkJS8nKWwKd3K1JihB2wOhw4iqqrrB9nTp4hNbyNrPIoarPntx08jbhPqqoV92whnYx6N3l+E8E34I2D6uwYIBHdE+qMgYUq5
IKBy/5c8kY6gaXgWFuSBXdBlx1Y72eW6DJ+8LNU9B49QHjnzXZnmn4hQbBB+LqN2fzScV8Xo64/9FWPjwFVAaILmXXymu+59GZl+vWwTe57cRtj1ZBm+Bk0+avVMsWAmJlWXdEzIj0vBYTn3kLyus2yK1Frw5NZT4c2D9mU97ttERcDghjAYZIForWMCMNcr
IKBy/5c8kY6gaXgWFuSBXdBlx1Y72eW6DJ+8LNU9B49QHjnzXZnmn4hQbBB+LqN2fzScV8Xo64/9FWPjwFVAaNP5nFJrSBX1W3kVUBv9OiQRPaJRTOrYVoa5fNYnNahbwupUu91eEYQuHI/cXYtvy/0oJJIuTVeaFrK2msiyQCl6gZATM/3XRRmNLV4TIZ7j
IKBy/5c8kY6gaXgWFuSBXdBlx1Y72eW6DJ+8LNU9B48uZ7HaMVclF1VJCkc5kPjfl9B6mrMF7zZJ+m7R+Jn+SEWcyPseAhDIcfexxYrdMqrNWA3ME/3xvoBh+DCcXp48
IKBy/5c8kY6gaXgWFuSBXdBlx1Y72eW6DJ+8LNU9B49YcYW7+dG+1z2uvIuhmTIMxE8v037ZwZpY+p699YLRzmDaWhMcJ6ZpC9z8gwK81Xp3rdMKpQjvy6Um8OIqYvQiEjrLa6O/SIed6BFIvPnkJg==
IKBy/5c8kY6gaXgWFuSBXdBlx1Y72eW6DJ+8LNU9B49ql8ZMT7tGrtlIdyjw6dOQRezqMwj+lDIreQ1X3xTB8kmZ2UigzqjxTunaJ0OkCiTCCnBt5aeVYXNKPczhPFhKmVtaewmCrkbVbtYoR5u8moWGZkXUqqfvqMPhXySX66a1uSf08fEN2l1jnj64KchD
IKBy/5c8kY6gaXgWFuSBXdBlx1Y72eW6DJ+8LNU9B49ql8ZMT7tGrtlIdyjw6dOQRezqMwj+lDIreQ1X3xTB8lJXqgOr6myYUib+4kQqdKleV1H1ik2ZR4gpAvtG44pEd6ylTU+c8tpaXl19yljGILJHRMoX4imuRNa7ER32LODBN7lhnHQvVWvNjzH2mwMo
IKBy/5c8kY6gaXgWFuSBXdBlx1Y72eW6DJ+8LNU9B48B0IkWDCvWGa3gTGiMVK4Nj93Vy4mbdA5lRr+jKsBskUOtndmxolHIUMOjCrrKNufA8FQM60WEHBHWTS2KZrziGZPJa3pvZASmM0h4l2lL3w==
IKBy/5c8kY6gaXgWFuSBXdBlx1Y72eW6DJ+8LNU9B48QQKipaoLtNFmPZkWOWsvXXOzpan2vsSOgaqULOdDCG4sOwDVBmgnhl+OovZK6nG5MgRpoP+2KJkMwLPm1Oojj/YfDHz2njbeqss3rPATHdg==
IKBy/5c8kY6gaXgWFuSBXdBlx1Y72eW6DJ+8LNU9B48A1ei+DYtCznFpQD1WkYwLDFydQWSByoRSrE448uWKMZvIFCX3fcU98aI/mvVSdEWST36VulLBiJT6JiWvvAf/zvTZjGoxqEAZJ4mL2XWvkKQXU7INHep9Aa2N/4EXfe8=
IKBy/5c8kY6gaXgWFuSBXdBlx1Y72eW6DJ+8LNU9B4/wGbMwEned212XlYBgJVwU36BSDeIH8Z8EQtjYApikV/RPgHF4oe9RtoxiQwPKpD6n0yEFpq39lTmS+c0QlrdHiHkMkvuCyJwLVTx9SxVb3aiF1fXb62PkHlFavo0l7W/6hkcr4SF4tTo0q3yBbnQ8
IKBy/5c8kY6gaXgWFuSBXdBlx1Y72eW6DJ+8LNU9B4+KztFxZE3FH0x3t7m82dPM5Y16FwmWUlAUiDH72hWdidn2IS9VwsKcda7FNaYchd/GC+8cA3gGjIej4bPnW/ngQgTIHocrfTRm2Kpb0AkWOOmuSxfmoxx9E11Sd0tMg+0=
IKBy/5c8kY6gaXgWFuSBXdBlx1Y72eW6DJ+8LNU9B49XTSQIJ6bbx30lDwNMhd5fgArnNjYj9ZHu5fl8mzM2snaXMm/q62IGnIr99mYJiYM9MGbi6hNC9B76he8Df1VAfb37QvYnkqSZxtYxMcEfZ/QZdPADDb3qAXtdIHZr/8aVwO0KmOiUh5wd7QsLK2ex
IKBy/5c8kY6gaXgWFuSBXdBlx1Y72eW6DJ+8LNU9B4/Wvy4DkAeCEzCznK8W+k7WA5wtxKDW+0TBajyTm7K8iBT2vgNpHQI6yu7QTXjTzo+UbahcBva8lms+a6m5p7GtDIeAic8kgeSgTuMAy87Edm3XMOXeEyRpKiw4hU7xhQhsCfq91MfsGfabkrPjLirl
IKBy/5c8kY6gaXgWFuSBXdBlx1Y72eW6DJ+8LNU9B4/Wvy4DkAeCEzCznK8W+k7WA5wtxKDW+0TBajyTm7K8iHoGLJMUNBg986Rwffek+RLJ/v/7bdcc+uDNyRiy7iRFn8qQXqYkuKy+FS18Uit+PVFQCzgD5ADeiVpJBV6GiWo=
IKBy/5c8kY6gaXgWFuSBXdBlx1Y72eW6DJ+8LNU9B48ACNF3SxAUTQk4VtiOO45JEHUdVX+1DkAdbtct4hGlH+9Nbk+amfQBJf03jN3eFA1HZqLyQpWoGVRkXHQXCKyJqS6355PJiW8s1XiuivHAv9uPKmWpD+7RKNMsS0o5S8ZyaiyR1RXhFvMlNj7MoZM+
IKBy/5c8kY6gaXgWFuSBXdBlx1Y72eW6DJ+8LNU9B48ACNF3SxAUTQk4VtiOO45JEHUdVX+1DkAdbtct4hGlH+9Nbk+amfQBJf03jN3eFA1HZqLyQpWoGVRkXHQXCKyJqS6355PJiW8s1XiuivHAv9uPKmWpD+7RKNMsS0o5S8ZyaiyR1RXhFvMlNj7MoZM+
IKBy/5c8kY6gaXgWFuSBXdBlx1Y72eW6DJ+8LNU9B4+KwWph+rhOZAoUUZYF489kDyujJ13YzYoZqpcC/KUlJtHe6cxlnzQsAOk1qowCbNl0xpMaCAAdV2n9NZEoBMaGj5C/Gsk8W96gp+esWnRRHQ==
IKBy/5c8kY6gaXgWFuSBXb76GLb3jBQsTPi1jIwiFZ/rmo/swOhuMt30H8ATFjxnIud9prBt+AONYeznBF4Gtf+ucQFEn2n0LH5MrQ6JJ4m8Mlz6bylabZVwXmWPccM7
IKBy/5c8kY6gaXgWFuSBXb76GLb3jBQsTPi1jIwiFZ+M4xjOUMIZqHWWPM3xkaWuOC+LXT0PUPqr4Htil0zPtIvGg9V4cXieKGniZnrsJ1P8rWbndbCJBK7a0y2RCaZBoY4Rhmx1Fhr6/XrQg8ZbWg==
IKBy/5c8kY6gaXgWFuSBXb76GLb3jBQsTPi1jIwiFZ+M4xjOUMIZqHWWPM3xkaWuKlz0Dm1pJcFKySJMljSVwYHrCeQIhjFoythUc6Wr4HhWzEhuJiYSaGsliikJrIqA1OoDNbLlSjwIJSm3hW1L8G5nyBvDhHHdJNkOY+fHyo0=
IKBy/5c8kY6gaXgWFuSBXawS4tk+T3E3aQCIO+ZfLMF9FrRSg/vvYYZpJPMzSsJVy5YlUxsvYp6qZ0HACjaDP9LoQO4GrXOqRPPnVJrEnuQNLgAzaG2pPlyiMx43Vz87
