GmcONIA9PFzHw1gpPLLPoqev3ytAH5KO3S/CJpMsylg=
35kyjVfwBJgytCi6KM5Vug==
FNt9orFfFSbPIXNSbXcP2Q==
gE2g7VQeqq0h5MkG44fPUw==
A4ZCFW7RnVRfEnbtNxUDb8VFIQmzxcIFLuiIjRY2q84=
cwgQW1UgxyVfBeSrdwXHsPE1eoSAri+NViVSjTYe4hg=
pYn3RyiaY4vz2unSybTHuw==
mAzeFbkWBGyzJRgEWJSZYQNn44wFaguEUnqkvHVinQw=
NiGef/LGs6v8Em6sqLz1GYGKB0111uCW/TAqgkiW0+w=
2lfNnhNY+w/3xMaMUxJbE0YFT/wvMlSDz8Vrd5FEs18=
IKBy/5c8kY6gaXgWFuSBXReO/QWRZfqeIf+1hjyLFT6K+Gyll/vMm44HH1eAs1SUOVKX3GL/7uI85P1VfoG9UDc1zpZy+X/eeBFgRgBklhutsobnhZxqhCVNtwZpvTlJ5g9OS6rshkz+M+QrC8J5ng==
IKBy/5c8kY6gaXgWFuSBXReO/QWRZfqeIf+1hjyLFT4PIuexLDptsVmbHHpZwAEGVcdNr3djqsOilVGJm7uE13aOHC9ArUong38Vzqmmz2ynRIPR0HKI/4nVcuH8wSKlLcCI+ymX+PDZC9wJrobsOcRdEdgLKobEDE+Kh7eDghIPnXv3IvWPsFEy9GlsCjwZ
IKBy/5c8kY6gaXgWFuSBXReO/QWRZfqeIf+1hjyLFT4PIuexLDptsVmbHHpZwAEGVcdNr3djqsOilVGJm7uE15bmgQKLWBlQt4uLl0xVUWnIBuAFK7UYqdaN1E00TMDe9XNopSr7QyQDU6f5lcyLKHTzB3gnbbBIpcZYKsu4XDZjUNPgUHwbmK7YjWy1Ueg3
IKBy/5c8kY6gaXgWFuSBXReO/QWRZfqeIf+1hjyLFT6L8UVn+1KdDvzkLyJRktuiMXlBO5fSJwjiPEz2aExJ0xFfR8mGa6rtn1v9M6yu1GNLXUvWekOkB1o6R08EE0b1foNLieXh8mwpk8Nt2VpEF15MF7oUt71bkaKus7H8OVyT7X1QNiqb8fV8De8Ck1yI
IKBy/5c8kY6gaXgWFuSBXReO/QWRZfqeIf+1hjyLFT5IvCWouZvWrvQ89jWw7CrfYaaF5EQFcM+LHwTst/7lzDdlDPGLB6p2i2bao6/PipmEUPG/gRwTZjIxbDF1X0QzOotl02Z6SVebMcCnS7dGqg==
IKBy/5c8kY6gaXgWFuSBXReO/QWRZfqeIf+1hjyLFT5NPN0/yop26JzVd7TUXAJOmHwAHCWIQJeacGRjpWVVJ+QgFK8FVLfWBfXUE0W8yT0jTNc0Pf1Quo1EonuZ1IgRLyMSc6zqFJ/yO+zNAhNHXbVDpzBiqzu6zuYdMOiFxEDVjs1PKcjfgD1dKSZzwTTg
IKBy/5c8kY6gaXgWFuSBXReO/QWRZfqeIf+1hjyLFT5idUVsT4+6qAtZD65+oQAy1NSb0bBGK0EhDi5jxNTEI2X49rq3Nht2na1+WIipU9Vsyv3ALs9z4W7pE+D+2YRf
IKBy/5c8kY6gaXgWFuSBXReO/QWRZfqeIf+1hjyLFT4HG9H9FfKrMN3eBEwmCUCclm5L1LmnEL8oWAdFcUebf1WrTMbDIrlZttodMmoq9L2jt4qovHasgZWtNEVRpVNhOyZU1LNoAnwceNNVeQTF0ChfrTcSueQNCsKxSS5YF7w=
IKBy/5c8kY6gaXgWFuSBXReO/QWRZfqeIf+1hjyLFT6+RVMbuY/+VR8jv/q7Q9gD2Mj0VciRUq1Ws13bSZy48yz069WuHuKWt3SrAvlgbd1FroJk6WRSbET6I0luqYdEcEO8iJDvf6L9ahjSq5YmUQ==
IKBy/5c8kY6gaXgWFuSBXVp5jGksTPQebuAAlGsHtrE7RoHwrUDwM0ARdekYaMDuzN8yhJxjG3Z520dpPgz6n3T49CbLKFmp18Ft4kFpGR7FFNoFAnEtFrks4eMcl2bwtiaE59OpnZ32SdHIM6hVXw==
IKBy/5c8kY6gaXgWFuSBXVp5jGksTPQebuAAlGsHtrE7RoHwrUDwM0ARdekYaMDuwVuj0GLm+gwEG5+tqsMUFEpjEM3aISI1tjnADxIg1FYN5DXblkVSI8jTjed4Q9jaGpiY/SMK8c4FjbCqvcs5mtCV05+F+U9RKlCQGs/sYqU=
IKBy/5c8kY6gaXgWFuSBXQXmDxvNQ4N5t8j2odGgajvN03Qd5nT0AtDM1VO2kKLvbuV7R894RPZbGuOekPA5eq6W64Uw8JVDl6M5XTFdlPgcfnOuIsLn7PBboIF0vWwT64LY8ipkaSKrO85IauUNTQ==
IKBy/5c8kY6gaXgWFuSBXQXmDxvNQ4N5t8j2odGgajtS4V/X7OJkLie66hhRq5MT9913brU7c5hUguPugfJykqYxvjW7GL841H8UrpMHcny/LH+5WaMt6FYZf+fwO6cxvznrUcu13IDHGrNcG+dI6Q==
IKBy/5c8kY6gaXgWFuSBXQXmDxvNQ4N5t8j2odGgajtS4V/X7OJkLie66hhRq5MTVbvCapSKttJOLzV3YRd70mG5PGbu2dYowa+GQ+ZTSmK1RJeHbRMMZbqDHY2E2RD1/v3NFMTe/GbfWpJQ+O5NdA==
IKBy/5c8kY6gaXgWFuSBXQXmDxvNQ4N5t8j2odGgajuvedPjuT4QwURwd+re2gcRyinTy5OU5kB9kfodDkmuWljjgeLF1dCtY/5i/l7xiaVRFUwMxrQYQg/PbgRZFG7ZsJ3Rd8i6Jx6QCPZbEtKyBOiPzYnXOg9eUK7UYLmzAi1CFiFV6F698oNtM8ZayQ8B
IKBy/5c8kY6gaXgWFuSBXQXmDxvNQ4N5t8j2odGgajs4McdzsUorFVy+ohsgjvb2Gm10PtZdb+xqqEveYkUHQdJojxMr1D1GJARPrGZT2uGi7leCRbCnwkPql+utkfbz3QCTFyZhBWTkbR/6gCyQdj4y6rQJguVz9kxtHASn8GOwdRMEZYduklnQrdS3oGXb
IKBy/5c8kY6gaXgWFuSBXQXmDxvNQ4N5t8j2odGgajt5dCwXL4Gv3o6m5uol8NJHPQBqeWuYaazDIkDO1ldZ7R0oWyzuk/wyhl1WyQ5Vmh1dU6OQ7D1jt07765BDb/eOSdAvklLgWIZCtVpQfMAFSgx37jPGX/EM4C8H6wjYePy3yR/Hc/9UE3/pzaF0HjwC
IKBy/5c8kY6gaXgWFuSBXQXmDxvNQ4N5t8j2odGgajt5dCwXL4Gv3o6m5uol8NJHJfJVLtPDdhvb6+5uKALNU5Lh2MTdIHL5A6UZ+Hq8qWusgXtaa0+wwNmLSoPcK8LW1iFuqXs5X1Q07/Lao49lDA==
IKBy/5c8kY6gaXgWFuSBXQXmDxvNQ4N5t8j2odGgajsAqOAoX3gQtqwrpr+84M7Ak/P/khejT+rgFLfQxLO0aSEankfZqRBxR3ioPIpkH3NMTH2hlIgrDVHwaqDUzc7zAnftN2Vlgeap89xl8cXfcaSrBnUN1nuRk7paMirIokgMJDKBWkDxKK2lqsb9Lyju
IKBy/5c8kY6gaXgWFuSBXQXmDxvNQ4N5t8j2odGgajsAqOAoX3gQtqwrpr+84M7Ak/P/khejT+rgFLfQxLO0aSEankfZqRBxR3ioPIpkH3NMTH2hlIgrDVHwaqDUzc7zAnftN2Vlgeap89xl8cXfcaSrBnUN1nuRk7paMirIokgMJDKBWkDxKK2lqsb9Lyju
IKBy/5c8kY6gaXgWFuSBXeKJL570wDlwBVo106+7GnQ5DMxkTe8GEzPDM+DVSbvYUIBssQwQglQCHRRh9388D7zi1ekFq5EgPulKu2e5t0I7Sn2erds3029Az5Fdz/SV
IKBy/5c8kY6gaXgWFuSBXabRD9YyqLwJ9uckGuN+4uRsnuVEJfymxNE8S9W8TGCjtg+2qdM4qjui2dt6f9np9UUxAfTPoIuwZL+BwvqZpQ3wVSHb5Ewa+iyRo38dw7O/
IKBy/5c8kY6gaXgWFuSBXfxDl4KqUE1/Esse5/DKBTMT3TliHT8Fn2f8FH5PPqSeL0Z2nNXm1Z/u7iZC6ZB0uFmGXEReRV/QaOEoKLC8nht98LcqvWWD65gbQXJps4BPbP6RVBovrP0/1kkwyeDGAA==
IKBy/5c8kY6gaXgWFuSBXfxDl4KqUE1/Esse5/DKBTNxjQTPB3WqYEos6CYWDAt/gZ6rOWNPhC9g1zt1+DVjtn10Ksn8TheaNuyf0FedP5W1Go0YeXhs9zp5DYWs9zcWHMjRfTpghRR21qkR5lVjww==
IKBy/5c8kY6gaXgWFuSBXfxDl4KqUE1/Esse5/DKBTMkS7E+De1ZpFjxc9Ls2tUpzbumwcGgghcO7xs/QkSwUkBZN/i2UF1OCMNCE28m31latQKoFivTg83flvSTA8t5b2PE6APTF1a3zehHsX81PQ==
IKBy/5c8kY6gaXgWFuSBXfxDl4KqUE1/Esse5/DKBTOXDYaddfq5LmCVQzeXOPnGHjIDDcvDFuoxy98CDAVj7SPqQ0FI65Y7ayb9PT/j8/DXWAeG/pDFShPcP8zCOepKdYdaiIjNbGSz5+SVtDvnXg==
IKBy/5c8kY6gaXgWFuSBXY5NJGfY3RzJKd2Ko5E4uQ5zUDnsXbqEEfd/gDSw3jXxkxOSWahs0Uagt93jc8iauNcjiOK6N6WI54JkOVhFhFGoMoND1dhOagyYPguitO3Y2ldufQ3uO1cRPXeSe6corg==
IKBy/5c8kY6gaXgWFuSBXY5NJGfY3RzJKd2Ko5E4uQ540GkubbqCR+KeVhhKOAx/iyk23P9KcjKqhtJ4HHPoEkFmQQCydwZ39ZsStaqdq4sovYidAAWmDai7RzP4z8VL2/lU4Msey9s+H26dZh6fDXdtao5pd1xrTz9KvWuTklH13vkvjuEfNGJG1eb+102a
IKBy/5c8kY6gaXgWFuSBXY5NJGfY3RzJKd2Ko5E4uQ540GkubbqCR+KeVhhKOAx/iyk23P9KcjKqhtJ4HHPoEqxEo2YTs2MyNRI4CZb1hmmeQSN2R2agGqpJ6HF8Uv+QLwK+KL6wnU+7Y9pLHDJEqUDxdIoalugcQOohob0eW6EeqR/cYv/Odkwal8ynXVqy
IKBy/5c8kY6gaXgWFuSBXY5NJGfY3RzJKd2Ko5E4uQ7/fYKCGlOgLmBZlQBFIOuuv9x3yARCJ26k+fl6r40o5GOpNPR0PAi9ssi7ksqG/mc+erew2cO6sTUz29VuAK3mfpHZJR+16rGdRoanMv5O+OAx6glYjwrOP+vuwZ6b+I6L6hA7wS/ZIqeyD3K68ERu
IKBy/5c8kY6gaXgWFuSBXY5NJGfY3RzJKd2Ko5E4uQ7/fYKCGlOgLmBZlQBFIOuuv9x3yARCJ26k+fl6r40o5OfriSbDdGzVdmXClLAGh2s0Nq/T0DsovDNG3Xh9PNqPRia4yz1EGf0iodV1Pm4rQ/345mM9yn84qY9LD6XXWpImNmQu6Nqjp/jnpX7q1CF0
IKBy/5c8kY6gaXgWFuSBXY5NJGfY3RzJKd2Ko5E4uQ6yuKLWM5OyMLgeMY5IshzFtxrmEdB0tmV+AYMP/1tU/MTr82fdGPbieyn334q7Qtu15ZZnIwtH/2Nn+tnhZn6uv5EK8xigpRFC4uqAwbAfKA==
IKBy/5c8kY6gaXgWFuSBXY5NJGfY3RzJKd2Ko5E4uQ6sWPNxwnZGu8hRqn5FgfBQBNqI4+wI8oKDGG64vz/2kw0b2l1AqNBgyg+v9mjzFEZGu93IT9RJKP8yGKLaT3T2
IKBy/5c8kY6gaXgWFuSBXY5NJGfY3RzJKd2Ko5E4uQ4DvIb1N8aIiuQs1s1zMsi5keKEnOL5G5kXdGSqwikYzVR3ZgYUYMMCIaNP6Np8sNJj7WGQcHwx9rtkNaPttCsKothi/6+i2tRtg1R3q7hLjQ==
IKBy/5c8kY6gaXgWFuSBXY5NJGfY3RzJKd2Ko5E4uQ4I9If4X/f/4GKYuAtXqq/oKL0WXVULDK5eVAvacFu9BE2lWyOyzClHmIDBKQCP9EglVnf4QtO6OK7TzbNP7GSW8rgX7BcaveZdG9+39ihSoEwecHcpgZn5+lvSGhjuVy4=
IKBy/5c8kY6gaXgWFuSBXYErh4vd18D5IVhX2H5idnJ+ONoy0DSiz7ZblIYae3+Zp2lVKS49q+iKZR6oJtpHlyU/FOwTn3S3kClidXsRAP0O7m2U27l8Cl28p0+YNQdM+jdnpcyGhQJadIGI7aH3jw==
IKBy/5c8kY6gaXgWFuSBXYErh4vd18D5IVhX2H5idnJ+ONoy0DSiz7ZblIYae3+ZtEPS2OagC1mAGu+DfE0gPlu4Sqqa4S1+EzzDwpK0jlaCxVxuaGvO4/jI4oQAD+1NS2l13lcgEJ77VIJ+AfdcaXNXwUghO2/GnnV9PlMSNPk=
IKBy/5c8kY6gaXgWFuSBXclAWT4KEZ0vOxF+GTI3AA7LoucoswD0r0C0I+RoBzeUESYSq+en29JpX4kwVOVsVgSxBvxANyYDPiHHCWPMtL/UWmTquYTShYjetLKyjprj8oNCvAzyrkD8KRhwdRuYTg==
IKBy/5c8kY6gaXgWFuSBXclAWT4KEZ0vOxF+GTI3AA7LoucoswD0r0C0I+RoBzeUjEaBEdso2mI6vybvXFRJ5qCSW5Vsk2+2Nl3RRiQ2UmNfNoR+ILcfB2+nrOGbaF+9OuDoCRNnK0veOOSlPBpEbA==
IKBy/5c8kY6gaXgWFuSBXclAWT4KEZ0vOxF+GTI3AA4gedX+KIrDWOMIfXFtTiFx6hY48Rc5WDJNaBpaWjk4eP2IaMsWaGOSxo6z++6eyzZgikW1w4QQAOyArbc6xhkBIH1Dd+a9i9h0LHNwR6V6Ad8LUtfB33AvUmO6wkkgx3iBSPMeHVTQ8XCpjvfofBdH
IKBy/5c8kY6gaXgWFuSBXclAWT4KEZ0vOxF+GTI3AA5AuCQkPdxF9ZBwaO9ONCrsancQ2vZclQYtIxXHX2npVaOGfE20HNs0s6RUykWIy/NxGZ4pGv6sKFJWqZ5Le6eZFqGaXDezFORcTabNymYObbmjt6JAVhJaOwI6RKakezzJp6vHdHwUr4uNfiWRZwOE
IKBy/5c8kY6gaXgWFuSBXclAWT4KEZ0vOxF+GTI3AA6BcpFW4shBWix5DpMUJdaYCWrRYy0bguK4aL0d/FF9IUgvK7HUuGxeA1eke9UTSzOWb3PFMF/XL7+DlWe7Olg26uJ2Yn6c51BVoxhQD0Uc/8ELYfh0LnpufqV2+Y/h/sPOZgAY/NiwRHTNrHEwXqY9
IKBy/5c8kY6gaXgWFuSBXclAWT4KEZ0vOxF+GTI3AA6BcpFW4shBWix5DpMUJdaYfOI/oqRC7w924LybowVzzDTFr0OMJyjssuwgE2PqHfSqb1A5TebBG/YJciKDf7KSmszRcDLl5mZo4ElPaLeZ5w==
IKBy/5c8kY6gaXgWFuSBXclAWT4KEZ0vOxF+GTI3AA4cYKy26xNXaqWtcBRGH9D92ryCMz+qg4B2QhRI6T1kJKe2Ri+xZHUXvj30Nodmv7G/BrLbhZIYUPp7yd2bzaBdxIGwOf0neSsNKGj2eFRpvlmTXgvnd4v900aCnt2Jp33ElWa5GbwqDW7aYF0Yy8Cc
IKBy/5c8kY6gaXgWFuSBXclAWT4KEZ0vOxF+GTI3AA4cYKy26xNXaqWtcBRGH9D92ryCMz+qg4B2QhRI6T1kJKe2Ri+xZHUXvj30Nodmv7G/BrLbhZIYUPp7yd2bzaBdxIGwOf0neSsNKGj2eFRpvlmTXgvnd4v900aCnt2Jp33ElWa5GbwqDW7aYF0Yy8Cc
IKBy/5c8kY6gaXgWFuSBXclAWT4KEZ0vOxF+GTI3AA4cYKy26xNXaqWtcBRGH9D93WVQTmVpCDLqYrjZki9Bl2I0jnAGrF+xl0nopVO2QdzFb0sWc0r5NsMA4QnZlHowFgQv2YRArixDesorWO1izg==
IKBy/5c8kY6gaXgWFuSBXboxkovVDVp2Vhu55m1RDB+cmUfeEhUz1r6Etkb9Na1FHd2Dn1SgZE04si9R+dQhPARL0xVI5oFqlQ55VUPDXfpT1zHscKURHQRt4a8fO36b
IKBy/5c8kY6gaXgWFuSBXTDO3I9qAeQDDOVRmKMxfHK02H+vaka7HTsYmGIYUyk3f9XLlEOqF1G+lSZRdyWKcp8h6X01GdXOc5yjALmTkmt3TeEv8ytZOj5/Grcf7Bvh
IKBy/5c8kY6gaXgWFuSBXXZeH3LzEOM3MnmmbJIcgusMjRttLqySouod9PB+rVaZDNY+OPXpw4v7DTtT2+WUhnOjOr1YBxA+2HCes7YKnFZCPEBt3jje2tyhSDhOhRRWiBUirn/w6KI3m+kooHUB3g==
IKBy/5c8kY6gaXgWFuSBXXZeH3LzEOM3MnmmbJIcgut7SC/Iy8yl/lmBA0UMMPPDGSuwlVaF/5hKS3+vxJm+QPOtvPvHG40NaiiqavMuZ4/2jLI4blClpbySxqMMXmjlr8ipV+HBB5Lr//ocBP/Sow==
IKBy/5c8kY6gaXgWFuSBXeiXZ6Rs9vCK8FxZ45w1tNyA5PVduKZiLO5CTiSno9F0KEKPrPx88Wptr+q+KQQzpdEXPJ6ItFJI3W26Qn0qwIIDznEYwJQUlrGHfpw9nxt0l8rABYze9gV4Zhk2x1y9EA==
IKBy/5c8kY6gaXgWFuSBXeiXZ6Rs9vCK8FxZ45w1tNxKcWDcK2iJHP5WOLdCKukC3eN6bbbBfRFN1WhNNf49urjUiKzoUZ15yFvPjgXxQj1It+2C6dxvsrok1ZsRDxd2zwobD17Gx2edwbHSYJHbpw==
IKBy/5c8kY6gaXgWFuSBXWRCC3jdlsXMzX5S/tCgI7uSlafWD0vv9Wsi9VuRNPOpaSLzPyEHYbzfRu5VIxEjw5SKQhNK8Qezfwg2rq0vK/CAeHyMghnQhhGVHASWV4FiFp1nUqpZgnj+Q7wx576HjN5MuLVlJJDCvcWRwylyctdb9qBtqXEAr9pMuby6ZGiP
IKBy/5c8kY6gaXgWFuSBXWRCC3jdlsXMzX5S/tCgI7u0ZmQ0lr8sW/WvR+xEQxbJNY9kvPRet2Argw/6lmh9JwWAN3hs5hN5uapxhYGgqxj8PFYxctMS7iHcaKEiibpO/CtC21bmsK7u6ejkJFzvsI41SSOq2Zew/7cdpSlUSR8N9rT8HaAHooePn9MB/p3m
IKBy/5c8kY6gaXgWFuSBXWRCC3jdlsXMzX5S/tCgI7s6wPZHSMt0w94ze8CSDdERRr0t3L1zXz/1AhFpzRV4xrpYdLrEbbCDTAtW13bPT+A6PJkQz/akcvz5TguHLBZkW+s4yYFNnvrftmFAbS8efg==
IKBy/5c8kY6gaXgWFuSBXWRCC3jdlsXMzX5S/tCgI7ukkEHAvsL91wG9E2HPCHzaWS8SgcPLnDCBeIOXcWnaTIHnXbZ6jFRvCZU7uxBGRKME3M2pQVTUs4tYedEB9Ind
IKBy/5c8kY6gaXgWFuSBXWRCC3jdlsXMzX5S/tCgI7siA4qQ1baVVBOGOcYEaWUYL6og9xKVspDErFa7R6kEkGZeBxvMgL5uvxXWxcufRn7xa3AKEoPa38zknewAUurYbk5mKDyzLg5ahrODmevgR+EClVSCLS6q2eKVwPVxs86SjIlmk0hB1UuEpZqPPO/n
IKBy/5c8kY6gaXgWFuSBXWRCC3jdlsXMzX5S/tCgI7siA4qQ1baVVBOGOcYEaWUYL6og9xKVspDErFa7R6kEkCsiDSIwNqIdyS4A87idEF1W/ZQ3WQDrnc56FroK3f1VWBbWTBKPLBVKKuPfz+Nn/5Xaxej8/sUwBoddJTWlfqCWaPPJ5mLZrdK1tKX1OwJo
IKBy/5c8kY6gaXgWFuSBXWRCC3jdlsXMzX5S/tCgI7uTkqsqWSco7sKYL2XzlamoxUJsCSoN+n+dUsOFIbr/CcodsTEi+OYpzuhjfECHXBMPACrRWKp0nhpueJgEvub5MDLgtPxJ0qRd92vVXkERHw==
IKBy/5c8kY6gaXgWFuSBXWRCC3jdlsXMzX5S/tCgI7sWk6Nl2K7abyiMEm6K51N+9FYwyi/7wWM6QPHwEjwOVTSex9Le817HEnM7nG7oVM227SROXLrkUuPWX+4NoptCZhCTxWni1ju0kIRPKn/0Fw==
IKBy/5c8kY6gaXgWFuSBXWRCC3jdlsXMzX5S/tCgI7vzjnRvReTIZd6dcVppntuPyecmsQp0Qm2HVsZst197nP8buvVl5dYqizHw8VFcEEP/xH49ale0SoUs2GgimVVyYOVTGpViSUvootxPMPqZaiTAhXYAvLRr/+TuEUhJ23M=
IKBy/5c8kY6gaXgWFuSBXYdKvnQ7E3d/Ozaga73cqQxLRMWKjtDdg/u2GLIp55dhhz4mpmzRZqM1NR/uOWXHH8xfjzLpit0NbVSykYifis30d8OOqGZtsPreBpwSk6ALkEgPKrvRNG57s/6Feucplg==
IKBy/5c8kY6gaXgWFuSBXYdKvnQ7E3d/Ozaga73cqQxLRMWKjtDdg/u2GLIp55dhSUE9sMVwacbjJIWJaaQadKp4kYEVMue7BNJ7sUdx4VYJ9YyuZ2Gdk5ar3sttStP9KqHthCtR7feDEKVqy+1zZapOSjvfBg4ti5qpB+ut2cw=
IKBy/5c8kY6gaXgWFuSBXYdKvnQ7E3d/Ozaga73cqQxvtJztlnGa2hhhnFdZ8nZXAwBsjvMC3mYt4bxTKCekxwa0GjTGTdmWQlh6V3CWhTfTkCFVkPCLNtq6EuvLIVKnUFw5/mxopYwKjoGs+HxWlg==
IKBy/5c8kY6gaXgWFuSBXYdKvnQ7E3d/Ozaga73cqQxvtJztlnGa2hhhnFdZ8nZXNHkf7+bMqGf0z6nUZ5keOv2b/fRIbgMif569sePRplrvYPB5E7hHtDN2gpWMNfEzqyFMW77XahrhAujR2X3SnA==
IKBy/5c8kY6gaXgWFuSBXYdKvnQ7E3d/Ozaga73cqQxMnqOII+JBuW159yPrk9dFNKDk/G4A6ctOrSJ1OY3xU0wx6OF2mk0j0NR0qdpzoHoxPUmLJ492lFlt6yYvlRuqjMWmS51C0ky63ULgb6lAs4fRMaMzwCzKey8P7shfuAud/XsFD5pPp/ZCJuw/l6cI
IKBy/5c8kY6gaXgWFuSBXYdKvnQ7E3d/Ozaga73cqQwZK7jsIEhcwppQxSii2O+bNgw2Eb8wOpe7tv/9vrHdzGyki+ycSKGxTPI97zpQFASpEiqv1PShATM42vK7l8qfyW7VbON97krBGydwmqp0JgeOHKVLt4C6PK5Z8g+RqK5jKxemjsuJiIJWk/zDfAvJ
IKBy/5c8kY6gaXgWFuSBXYdKvnQ7E3d/Ozaga73cqQwElxROo8Hc3fRi0ndFsNoQ9bLCIKG5YuOVJMhCGjv5BD/k6/DaaoCDC8N+GDy/JLmqbSQMr1taCgoqn3DzEN1NWlKDuqaHJ0u3H1ixKjkqzS4olSwFFUwbrmQz5LrxmuSJ620EAgZj5Zh67eXQg45C
IKBy/5c8kY6gaXgWFuSBXYdKvnQ7E3d/Ozaga73cqQwElxROo8Hc3fRi0ndFsNoQ7z0qUmlaxCP4YlXEcJRYOYLduBAe1AYzech9WW+MP3RHWUnFKOb8RP8nFg7uQhB1664s7vHEMD2njJ+42T4sIA==
IKBy/5c8kY6gaXgWFuSBXYdKvnQ7E3d/Ozaga73cqQwcrR+1DM5zhed1lVTTyyVOtah7Hyop5L7iZdgzMIHLVQWd+JRdCJ+n3aktbS9pKJSz9zrEJdmyoG5ylGUmaWmjXrVhlf0RkqDViEjYELCJAXQAanGYI/L1RIsZSIySFVlPNF6m6YxYK4LliYrJ3Z7l
IKBy/5c8kY6gaXgWFuSBXYdKvnQ7E3d/Ozaga73cqQz+qAgWHumwwty3hPpwv7vh3o4RpxMhe3Lw/e+wPOdL50MCTcOaWzCbrBmcryoMIEDnCLJaW13x9g5FnPs367BqGNtKLruD6587947Ste+bYs5T+P/463FSDo1Fn8mDPDscttfVGynW9gbhAPatZKGb
IKBy/5c8kY6gaXgWFuSBXYdKvnQ7E3d/Ozaga73cqQz+qAgWHumwwty3hPpwv7vhJjwAkZe+E8qBqUQ2n8de1Z1R6MWXZN3ETpc/q/obeB7sypE/GFZ97ojqBZEr4rFJTuIspvzw684sFi8qjMXIAw==
IKBy/5c8kY6gaXgWFuSBXVK4ITI/a173vnr7WYfcQaUPC1kc2RfAFfDREuGqXFWNZtiRfn93ru5ceiaT+VgFF56HEphhmannRN25oUyOysAWNqNdAU5kmY/Ak1xVOFeR
IKBy/5c8kY6gaXgWFuSBXbngTshlNx+ci+yvMq3xgxhT1dRFNuRAxR0fQCf50dsrOkKhS/bRq589gmffspc7BLxZnZi4tz3UIDupCNxZxj8SvCp6rfM5ypAJMmtLiwhd
