GmcONIA9PFzHw1gpPLLPoqev3ytAH5KO3S/CJpMsylg=
35kyjVfwBJgytCi6KM5Vug==
FNt9orFfFSbPIXNSbXcP2Q==
gE2g7VQeqq0h5MkG44fPUw==
A4ZCFW7RnVRfEnbtNxUDb8VFIQmzxcIFLuiIjRY2q84=
cwgQW1UgxyVfBeSrdwXHsPE1eoSAri+NViVSjTYe4hg=
pYn3RyiaY4vz2unSybTHuw==
mAzeFbkWBGyzJRgEWJSZYQNn44wFaguEUnqkvHVinQw=
NiGef/LGs6v8Em6sqLz1GYGKB0111uCW/TAqgkiW0+w=
2lfNnhNY+w/3xMaMUxJbE0YFT/wvMlSDz8Vrd5FEs18=
IKBy/5c8kY6gaXgWFuSBXZglW1DxnisfqdD09hi0756Q9nTz/wR5zm4kynZW0g628e4CnlKn2+sbkLV+Lh5lNFsptPvTEnk1sAchlvz9+EAs8jA8+J9gmJlraULnrwGDxSNdQ9QU/TEGGSJ0MLk996F7jo0o6tWR5GdeY8b4TwOsluo9csvJ8rHc2tWuzo3O
IKBy/5c8kY6gaXgWFuSBXZglW1DxnisfqdD09hi0756Q9nTz/wR5zm4kynZW0g628e4CnlKn2+sbkLV+Lh5lNE+KsOKoUAgb7rLWWB0OG/VoPuX9jeVBbJndtSWm6cDbiXavkmJQfsPMrYxpQnDU0M9CvtbSxbWQix51Mc8I9LtAT88hfXj833Uw9uZ0Kv1x
IKBy/5c8kY6gaXgWFuSBXZglW1DxnisfqdD09hi0757dE3/FdkP83TgwXAYT0GrlTyunzCqWyAW+a7CdysU/jPOygWKE8DSgtzoF+xvsU+9bk7llTAMa8XpfQESyVudV
IKBy/5c8kY6gaXgWFuSBXZglW1DxnisfqdD09hi0757eyfKXoAkqDXzNhMZiHiOLeZEStNRFUefg8W65l2Lo7/yifh9cl4desyCSCXVAyGBeZ/SS6sZVRGCNQ7Hi45FtYH71Vjpxyd/VdGtg7Ea23A==
IKBy/5c8kY6gaXgWFuSBXZglW1DxnisfqdD09hi0756esmvLtuc0Yi5Q9U7vk8so0wv7W06LxytM6/iGYugsH7h39kIRbRgkfjqW8GolNJwUQmQdkEtIQulJCLyrHYytN+NvxAvWMICXPx8vdjHoNF0b3qVpFWKg+uG/U8kFRTg=
IKBy/5c8kY6gaXgWFuSBXZglW1DxnisfqdD09hi0757qGVciL7qHOqp+6EIPiQ9s5WIgl3QvLRXR5b27pm4D1W5o1GVAn81LQSi4hYc+Wot6h64vTh4sRI4YIDcsSst3Sknl7DoyDsRD/By7O7+3k2q1e77c+6YgVbHgtXJmxTeNGvdeUl/nkuI4fjeBTlZg
IKBy/5c8kY6gaXgWFuSBXZglW1DxnisfqdD09hi0757qGVciL7qHOqp+6EIPiQ9s5WIgl3QvLRXR5b27pm4D1bGK3vbFg2UQpFy0t6DFDhaNtN6FSYF2W0rhRxupqMcjicMNF9gH0byKyq34XnT+AaxcqSXRk56YBvZ2S/Zii8WU8lQWSDwLuq8MnvTkNu3D
IKBy/5c8kY6gaXgWFuSBXZglW1DxnisfqdD09hi0756WYKBw2o2q8jD5s5uG/kw5njLLjT0GcJUTPX2S3KKM0BECjA6spXFwZAP5dxjtRmXFc12TqphhFVDO6ZGkn0tCeMLdukraCXrQNk9AxdiibA==
IKBy/5c8kY6gaXgWFuSBXZglW1DxnisfqdD09hi0755iQFCMM1WPLJQRj4WDuqPUDiob6aoFGCbIJhFCsX9vuIw8pBn64p4eH5jo81jKsGJ/MliesHIaj+zm5FTVKgctoQoVNPhu6pXuiLGfDeTLaA==
IKBy/5c8kY6gaXgWFuSBXc5D9U54zvVJvyAaarF+/nxFPa7l9aDs3lKsGGoQTN/uMLkRm7JrFlWGcYnmIwNbnhn6rGwt+ZvFbGR9QD65sTYu3k4yWdDm7C7RvQVT2BwC9w18ejyzMdBJxSf5tYKIYA==
IKBy/5c8kY6gaXgWFuSBXc5D9U54zvVJvyAaarF+/nxFPa7l9aDs3lKsGGoQTN/uQ2fQOJPkDCxZDfxgalC6vTAklxIZH83ME2A/uV6wf2JyU7nJXROGIc8AaNTZA7ReVi1lcmtdG0s5QIYv7NoLBRzt72+Rfrs9ECXyqdl0vuw=
IKBy/5c8kY6gaXgWFuSBXVaGukRFNZl4jukbaSi6jwKFDhlYX5pLqrt8Xs8DDaj8sWURKKMSt6Cj0gTPxNXOtvjH+644DeuZHo3zMuBtwidhc2Tm0wgDt0LM6AeMoPqwLiMmjQjk4bK6LsyVfnDIBsQwhVgv6KDW/DPepX2NfzA5Q8R1D6QkdBFv2CwIOllL
IKBy/5c8kY6gaXgWFuSBXVaGukRFNZl4jukbaSi6jwKFDhlYX5pLqrt8Xs8DDaj8sWURKKMSt6Cj0gTPxNXOtuMc3x0KahFiuZKefnIaQG5UqxsldWuLWseZlhfFojr9a89JgninYjLoE8jwqbFVe54lwp1KSXvHhasFTUlfMq7UrvfMCjq1IauJ71tE7bll
IKBy/5c8kY6gaXgWFuSBXVaGukRFNZl4jukbaSi6jwLTDQ+zNyYR2MMUGDSQDSvTxgx577KIlU3Dr1ZgqLX2wFvbYxL/3OYTkDc5ITd9ucDk8vSmvLHNpmLVAQhl7nKl
IKBy/5c8kY6gaXgWFuSBXVaGukRFNZl4jukbaSi6jwKpZaa3oupFRlDml4fWG3VzBcNj0aFqTn2QRTwsT7r0AFE3bmxjXC8uf11r0oUYmnEXsvs/xC9c7dfHZwXPekAjDjqTFZcZPe5IY3Ks0QFWwg==
IKBy/5c8kY6gaXgWFuSBXVaGukRFNZl4jukbaSi6jwIQLncUpaWjL8XFXm3FMYiJB7Wlb0NK+8dF8qRDQ0RtJOoLTlabbYwJgERxuJoYsTyliVZ18f7QA5/W2aZPUE0Ee6EGGnFNDSRGcsWRJVke7FWNJfdUaYpui1srvaVd3Zynfu0XIIHJ9fDZa3W+akfs
IKBy/5c8kY6gaXgWFuSBXVaGukRFNZl4jukbaSi6jwIQLncUpaWjL8XFXm3FMYiJB7Wlb0NK+8dF8qRDQ0RtJA7aps39bfHmW30DBcT0Ps5q71LeVwevOopxAhCy4LxSQdCf1WxLpr+jGSwaidnV/7VwUdwE6R4wFpYvENjnSq/eEuz5191BlSSzTcF2kgFE
IKBy/5c8kY6gaXgWFuSBXVaGukRFNZl4jukbaSi6jwKjAtXI1vBVOewvmdveryQ/Hr8EOmdHMItmHCJKKi8RoJpA9Spz2jlZ30QO2Ex+5Sxa+4oLX2HoiIH2F8pXL5J5gEFw+C40S32cPhx18MLPOQ==
IKBy/5c8kY6gaXgWFuSBXVaGukRFNZl4jukbaSi6jwKNqOssj7uohnTayo5iPeXEePwTB9cGS9Se/UKgRAqj+kmFrUw7W8p4IadEgsgsVQrznYMFNi7QeL+jhVSZY+RNWTbRmlTbrXcXyacnkICLMw==
IKBy/5c8kY6gaXgWFuSBXVaGukRFNZl4jukbaSi6jwKNqOssj7uohnTayo5iPeXEePwTB9cGS9Se/UKgRAqj+sUr2ATqcIr3CsES9rbfrYZdrt4dVc43fPtXjSXGqtWU63UF5yoRxh1fK39GsGZlYOiMDRNwcqetpZtZV1lIE90=
IKBy/5c8kY6gaXgWFuSBXVaGukRFNZl4jukbaSi6jwKJPx8IVqP29H0QSMUcM3QhFE+TKvsazeVfLJASzANpGry4f/jKlhMawn6oMBxnL/32Zf7VYpCVxMXsux0ehiinl3p3bioRWpADHNhPDW6msYiTGVMnYEPW46Ohjd4Pb6dfIAz7gVdjYaBTB02lEeVn
IKBy/5c8kY6gaXgWFuSBXVaGukRFNZl4jukbaSi6jwIVezHaMvOdjOcKMvWOD+X9KbwXivjx9+oTdzQ7qmFYEEQguSHGqslBbddD7SsXQ8FoirT67ZGK0BGX2nQOYBbyNWq0py+zGoUKyGssh/1wppLEwSld3uWvlOjTt0N9hBdCislrXBxhrbv+xPdrujkt
IKBy/5c8kY6gaXgWFuSBXVaGukRFNZl4jukbaSi6jwIqrxpnb9u06TWlGujTQful8zTp+EXIPhyM9I28M1yx70d+yhKaRu++h037/m3BCJNkEcXEniXDLmYq2c6BP/diZLqV3PQkAmMzw7ao+BasfiEbt/ag4YRuj36t2RzSsGcEc4x8bn08uHGrqvxyShF3
IKBy/5c8kY6gaXgWFuSBXVaGukRFNZl4jukbaSi6jwIqrxpnb9u06TWlGujTQful8zTp+EXIPhyM9I28M1yx7wo624sUPzwXTNpd7yx+kN80phk5llV6hQZVFvfD4cmXJaBdFx+Jz/uTuSx4Z65u7kiCxpIZjIcgbBE7TIQ8EcM=
IKBy/5c8kY6gaXgWFuSBXVaGukRFNZl4jukbaSi6jwIG8oKymRXOB1myB4kMcgK/1NJ7xqmGQ4AaqFzKpF3jb/f7/cRKPofa2EGuU0G2Ly9U/i98tu+csEVCTzodkXS5fFXJqGsdNU+tG8iUNoB9EQsmLU+H3PkgznPVTgSBFhIH26Zv9RS+6U90X1IhCj5h
IKBy/5c8kY6gaXgWFuSBXVaGukRFNZl4jukbaSi6jwIG8oKymRXOB1myB4kMcgK/1NJ7xqmGQ4AaqFzKpF3jb/f7/cRKPofa2EGuU0G2Ly9U/i98tu+csEVCTzodkXS5fFXJqGsdNU+tG8iUNoB9EQsmLU+H3PkgznPVTgSBFhIH26Zv9RS+6U90X1IhCj5h
IKBy/5c8kY6gaXgWFuSBXVaGukRFNZl4jukbaSi6jwIG8oKymRXOB1myB4kMcgK/1NJ7xqmGQ4AaqFzKpF3jb1+WoYGlZIP8VWNJ4ffbacfGuJtGneDvyndrLtYsHHROCA+F4hAlW5txgrWiMeB4tg==
IKBy/5c8kY6gaXgWFuSBXZuoUdD4ZtgWurVxviAdhgjikQQZcCbNuc/MA31EIQ8AhrsJ9NENBB/t3mC+pHjz4fwQnuMtgYq22Rt82I/rD23xCkEr0Dxi6jXu0/SNqQzS
IKBy/5c8kY6gaXgWFuSBXZuoUdD4ZtgWurVxviAdhgiDWKL1bbo/NTiJVBPTcrnhh2rNQU8TuJ1RB4BMDVwgaBCcyrs/aDXuVT1Y1966pPl0LSD3SubT5/nVd6v4RXYdO3tNT0kAZ2ccEMmMIplVz19Nmz+wZiAlyLuPQVRNqGs=
IKBy/5c8kY6gaXgWFuSBXaUhOrF+HR/TkkSejESyLfCjJ3ReNi9zZZBAPvjzRFTdJf9TB4/kpv/opJmKh6B9lm+caBC0aK0+y2BIzw19JkAkFhOgm7i/jow+JwvNQujkXNI38ooWgIL0Ign5Jq3bhw==
IKBy/5c8kY6gaXgWFuSBXaUhOrF+HR/TkkSejESyLfCjJ3ReNi9zZZBAPvjzRFTd4VdPq4G8jlD851iQa/pxJzTadArk7MI14yS8P/wm8LDXKpKYPrK+NRdVhsMgGzAKuxJiucuTsz80f4DVtRPoDep343JkmwdgR81byADh9no=
IKBy/5c8kY6gaXgWFuSBXd7nvzZkW+Q25MtWB3xL4Wj7sFxJXqWEZA6RCpmEf/ytoUgNc2ano2e3lFpN/Wr7EoTZ+KVmGSpwulJTs9oezCTDvs6ymICHYYFPUyzBy2zi
IKBy/5c8kY6gaXgWFuSBXSDjSwjqBrWFURRkQw99/vcmgEPBx+bX7S8zOmurnzamuQ7UbYl0K3dg8qNz+/nMvbEyCs4JOOFdY2yw5j7vCMNbqlP2UkRiFoRnug4fSC8/6sxxPsTxb1eASPu/ZuS+dA==
IKBy/5c8kY6gaXgWFuSBXSDjSwjqBrWFURRkQw99/vfyjwqABWYCB/foWwqPboXqLfL0vhi1QFG65j6PvGgMhRzZCFPmGeSdHj0bKNtA5Jt0F0QQP0XadhvjZg89S+kskFs+EKVpwhXr/iZhyMZ8pA==
IKBy/5c8kY6gaXgWFuSBXSDjSwjqBrWFURRkQw99/veQkG7M2Giu0pH2DDT6yDLi7PfbmOV95K/HLdEuY3l0O0n8swMHNMfAqxB4O8zUNdeMV1wKe6MzE3/fZhVTBk5uCknuYVtcCDKsbHKrxu73NQ==
IKBy/5c8kY6gaXgWFuSBXSDjSwjqBrWFURRkQw99/vc5lvlCA3n6vqaTnZEGy38hu8WC9zBrNZQcFuzIX6qbnQQjDFy1pcdyLbzpsB97kpLdbUzuqMn31Snuux47fbEf0ClVGWakLuTycxew7ILD/w==
IKBy/5c8kY6gaXgWFuSBXdDJ54pxV6LdsQun9gKmpR5rydjzjr7GbHxV3a5f3KYmJoDQzbiRDQacR9LURXQ5oIk292d4KNyQjdiBLAf6ZULWSQ99K5Mom9UtyJyo9hPuwgLGl4tqMPK20XYyxc/16g==
IKBy/5c8kY6gaXgWFuSBXdDJ54pxV6LdsQun9gKmpR5rydjzjr7GbHxV3a5f3KYmC3dVCDxVsapEdcptzK8GbR1UHMtz6gnpd9wWbe458YnhQTK/OC9UUM020mqfaBIXYTpeVhnneAem+ufacQvcMA==
IKBy/5c8kY6gaXgWFuSBXdDJ54pxV6LdsQun9gKmpR5r7ev6jhaSlTdRZ/DTP6EF8vdKkrbzPDWrPmpWKvdXSGpMC7F8LtG7jSRPnn2ccvv8MSexanQIzegYqCyEle3Ac9kynO4rmXI3rcorV9r/+mhq3n9TWBGUR9VVC69mYZM/pyLUA0f3Il0Fj97N09Z7
IKBy/5c8kY6gaXgWFuSBXdDJ54pxV6LdsQun9gKmpR7uoiPlPWdnIPoeVGcyP7pOVLFHY9mHDtdcJ+flmuOVFLAq6lT2nnVqhVT9Tx86TJ7Veo1n/QfWOvOzNrykAgypyHxZLHVqJvVoQUSmiTLOQ7jFn/QFI0X5LBriYvlbwDAYla0c5KxOy8BE3ctvm0U2
IKBy/5c8kY6gaXgWFuSBXdDJ54pxV6LdsQun9gKmpR60W/2nHjdjXXRnDrcD427pprS2hqJnMA6En0Nc5qNeD4fCzuyGLn0FKfg1TJIHJwJYt/rz0xzkfD2E6efjKYdBczsT/S9YCN8drTxrREGOHyueI4G7Hhz8WTQN10b16l6wlrj9pnvGVe0tLxz71ouT
IKBy/5c8kY6gaXgWFuSBXdDJ54pxV6LdsQun9gKmpR60W/2nHjdjXXRnDrcD427pHf2tSmiANJoEuXrdpJmSQ7sq3hDCJxnYEfy4qJsWIZOM9P5Z3AWfDGLRcmeJ7PkpMQoYgXUYqMa5S99adYau3Q==
IKBy/5c8kY6gaXgWFuSBXdDJ54pxV6LdsQun9gKmpR5rZvYANuHPnPCSCDt5NVd3SuAxLFgZ0L4ZNePsZoTQhTVHImzTO2mHsswlpWY8mhLFZjjKjC3z/bIddW2Y+CwBCpV76/HSgcMCaUmoUL7tdZd7KWLH8Xbach6n+PpVTzu8+/dOBEv15blXRcb96Kt4
IKBy/5c8kY6gaXgWFuSBXdDJ54pxV6LdsQun9gKmpR5rZvYANuHPnPCSCDt5NVd3SuAxLFgZ0L4ZNePsZoTQhTVHImzTO2mHsswlpWY8mhLFZjjKjC3z/bIddW2Y+CwBCpV76/HSgcMCaUmoUL7tdZd7KWLH8Xbach6n+PpVTzu8+/dOBEv15blXRcb96Kt4
IKBy/5c8kY6gaXgWFuSBXdDJ54pxV6LdsQun9gKmpR4KYH/76tU9VFT9SAXEDJ+I/sN6x4Uu0ngoON6FlkxRwyZUOyQSgba33Cxl+j6GZhBQUh3u4ZaqdvVxmuMmYaTRbYjb0o/AV7YvknVtVVYkIA==
IKBy/5c8kY6gaXgWFuSBXdDJ54pxV6LdsQun9gKmpR6vsAGB5I1AHRqzq3lwM1tstzVMOx4rSv1g5eKp8Y8mtYPRm/orczLQfVGuXsAH7bWpEsWHMzZcDSQ+ccRUWQAT
IKBy/5c8kY6gaXgWFuSBXTk+t9FuA3YNljmBiWaHoZ81k1R3DvsGSQ8AkeE3TbTjJzAnEhjVor6R4u78M7td908ZOEhzckSuFGjStHdhpDBPrTiTFgjTfJoWWg6aKNxH
IKBy/5c8kY6gaXgWFuSBXfalDzNbltRv0I5ywH/cYaCoNfP08452Z/Q7LxbltofUPodX6wrm6nGUsNwGo5MhD3oxPafZwswavMMpbHW8VdMb75RKO+2yrX6RE0hKBgu6F6s+7Fw9h0gA8HDZsYAGyw==
IKBy/5c8kY6gaXgWFuSBXfalDzNbltRv0I5ywH/cYaCwE4Y33wyCO1WGG54NSN4BG2WSMTDQEKdV2sRlFtgl/Kdy+tLxcQzNmBglDTGkSgIZiosFqmJC9qGbwokEhG2lm5m5RTPrw3RhfsYaFZsRTQ==
IKBy/5c8kY6gaXgWFuSBXfalDzNbltRv0I5ywH/cYaC6e2WaHfvbCm/4WJSqiKEs7zHT84im842SPO9knv2J4Ek2q/nRVraf2zsBlsLZ0olBD69uiJ8y7cqT2Q3VzE9Y6gs1nspn+ZFotWbwih1iug==
IKBy/5c8kY6gaXgWFuSBXfalDzNbltRv0I5ywH/cYaCYJozQno/7jPIqi5cXD9JI3yW+zumTJ7q9hVV+7Wch5XlOk3gKaitHhQon4E6+J19VWKMrO7iO/C1MFTmTVXJgdkK8I9B3eFdUmH4oUt2ylg==
