GmcONIA9PFzHw1gpPLLPoqev3ytAH5KO3S/CJpMsylg=
35kyjVfwBJgytCi6KM5Vug==
FNt9orFfFSbPIXNSbXcP2Q==
gE2g7VQeqq0h5MkG44fPUw==
A4ZCFW7RnVRfEnbtNxUDb8VFIQmzxcIFLuiIjRY2q84=
cwgQW1UgxyVfBeSrdwXHsPE1eoSAri+NViVSjTYe4hg=
pYn3RyiaY4vz2unSybTHuw==
mAzeFbkWBGyzJRgEWJSZYQNn44wFaguEUnqkvHVinQw=
NiGef/LGs6v8Em6sqLz1GYGKB0111uCW/TAqgkiW0+w=
2lfNnhNY+w/3xMaMUxJbE0YFT/wvMlSDz8Vrd5FEs18=
IKBy/5c8kY6gaXgWFuSBXeBU5hxOO0jQJBNtsaQNfrYBYFX8i6B2OXnTWHfUJsT7UUQazRq4YtgDTFarFLz0psDXEpsjnx82BvE+lyjkWpyyd+QG82KvocdwYdhta7CbTxvvQc+vtwz2pOT0DemHu17MryGBvJR4LXBUR1R0RhGYgKS0ZmecQwWbD/9iI9GN
IKBy/5c8kY6gaXgWFuSBXeBU5hxOO0jQJBNtsaQNfrYvGv1uBPLFLb+2sZC7L3bxmpdtirJz8KzsuwoAzD2Cp6wnRfIpJlqF3YC3eiHx+25ikX0dPhDO/SUZS262UyR26d4w5OTKqjieLKIDKdtuBKtxVp/fdqgg12e3TcNoAnhoXAGkW7/pJ4tHElPRRr84
IKBy/5c8kY6gaXgWFuSBXeBU5hxOO0jQJBNtsaQNfrZMjlobxi6jW90+A8AilUSjt+JdnPskAJKrqmHt34ehAXEV35qa8qdvw4oOO5qqPcZ/AUCiCJE0LKO5xy5jcEU5
IKBy/5c8kY6gaXgWFuSBXeBU5hxOO0jQJBNtsaQNfrai88o30v2w90pKret0EBxfH76vdPurLUc57SxkyV8SP+gediimy19c1g65lEhps9SyhSs8RZ/UqUA7n3LTNohn3yGDyLVHKIFzzIqq7da7GA==
IKBy/5c8kY6gaXgWFuSBXeBU5hxOO0jQJBNtsaQNfrajDyUslqSSKj5hivy3304i2D9vRzLZ+VBprdS7SmD9V0mr5yuI/pBkVixoJhVChnvRsTQQu88/4hIAu7jemo7lbx5VzyTf/wsFxZfSSFfLncgqQaWJrFgef8GX0csXuXrClXdc3lGhpSl6NMww03/V
IKBy/5c8kY6gaXgWFuSBXeBU5hxOO0jQJBNtsaQNfrZgYG2N5tUV/8bPIfiD6RnSnGAsLzsaHx9qSELzpS+y1stygqLzJbHGdSWEoTeIwFF9QmEq0+Z6J6F8jdQI4R/xahM6EmWJP71cQVomcPCmSRQ61Y4fTgOKbVTfhdx3BodF7N1MXGPb5XJD8bkpd3In
IKBy/5c8kY6gaXgWFuSBXeBU5hxOO0jQJBNtsaQNfrbejuji6XvTT7ySgfOdwFgVkpOzJwspt82lnO8On4hDTImkm1Ba1whuz4gR4loKwX3i8t4vDlxgA9njU55EJNO9gvPmKpebplPQRL7rC2oNYg==
IKBy/5c8kY6gaXgWFuSBXeBU5hxOO0jQJBNtsaQNfrZLoMjcnJ8cbFKD00V890GYbc7/gvewsMTCxMiErmbswO3DzDKIGVF0GvQp1wTwp7GDvjVZidKPTnT9GS+5daSxUuta/PNr3iWxeczdKoImWg==
IKBy/5c8kY6gaXgWFuSBXeBU5hxOO0jQJBNtsaQNfrbxe+r4NZtUjXRX655eNo1MJM6W0Ao5vAqQXVKSOPRDkausapcxbn6M9JZAJNtCNpdMvytvupEmTKbESfK6jQPdze/w4AzxbbV72bKU9+QROMxmtek8rrREAROMhwC6eSk=
IKBy/5c8kY6gaXgWFuSBXeBU5hxOO0jQJBNtsaQNfrZLoMjcnJ8cbFKD00V890GYbc7/gvewsMTCxMiErmbswO8afDpXyWlWagGtdpnBy/iD4rZW3TT/OXuFT3cRbpncjtqvShyV97qFTfo/MwxIgREgLsnMgCIgW4Wg5uHGIIw=
IKBy/5c8kY6gaXgWFuSBXeBU5hxOO0jQJBNtsaQNfraj7nqWOYbeyoN+VK7BrH4y8+9MmyrWS96LS/KBP3fh8cCyF8oZMTXlk3E6T1HnJYWp3tBJt/qz06p6DqclcgP4cstKnO8yQPBt8eInQdjogSNnVXwF09Xlp1jNNVGSIq68QAYs2ADo2/XrZJnau8jB
IKBy/5c8kY6gaXgWFuSBXeBU5hxOO0jQJBNtsaQNfrYEyrZ9oKSzNo1w33OlJ1lE2f/+S2CXS/Y3iq9CfmA/bDZQfKSk/jZlhVqWoGIb5051aXWKFZfukUzcyC0I9SEp6nJ8WEsbiBUg6TuOx9/CvdW/bR8RtzPbzpioHtO5AwKufBERp1GVpPa28STfA1/5
IKBy/5c8kY6gaXgWFuSBXeBU5hxOO0jQJBNtsaQNfrYivy7MbPgkJO/+x+9oeQhuokXm4DZhnAaGfj3A2yU/aXEATSS/hN1JjEVIzDvAbq5turPLK1adfKkClfOdZSaPVX8frnTonu+lHof2NjWQdPFD8JUoJjN+TKv3A8ygMUTzBQIwePPCd3s31zN1FdTK
IKBy/5c8kY6gaXgWFuSBXeBU5hxOO0jQJBNtsaQNfrY/NxebhLguZBGwFNa8T0o+rB4b7pDKGoW0dT1XI+r5eNIqoJt28TXeEeVImDlJFAN2ZLfcQ+fLVg+YeFtzFH0hYICrIubcJpj+Ew/RjpHNyO1U5DdhkZ4zdoWX6qxiUsg=
IKBy/5c8kY6gaXgWFuSBXeBU5hxOO0jQJBNtsaQNfrbUyGUO0Tf57gaOyJcmHlyoWuoS4NkNIIjuuqepJ60TgNX/V5ZrTp5ug9MxHTgVQDNKYWS5f3zGQbQgVPAXSh+wGXa8vYi1XvNdZrrRcFYQqtvo23I4KZsOQh5TaL/9cMZRX1jxg/LtRimgxhf4JDVk
IKBy/5c8kY6gaXgWFuSBXeBU5hxOO0jQJBNtsaQNfrZo3NbvluEQcpWW8voZiqFhBCCri6amAivJa4QhZJOXb9IU2ubtGxaifsBM61X3x9lqLQCTr6xRoeFQqaZxn7zfdBul4SLozCMCNbW2R+saAjxR0Aos0jaHxZ8C5EfPKrozcn7et4RSIicukksd0lv5
IKBy/5c8kY6gaXgWFuSBXeBU5hxOO0jQJBNtsaQNfrYI4d8bINXnDkQU5NrWuQTCBOurr9nI3vxefhkUZ2L9IlCg3tL2MqhsgouUyF/rVfyl+Q6Ban4KvdiAKB0WPrFsZaBYOLpK3zwrOrWrBAMVWA==
IKBy/5c8kY6gaXgWFuSBXcufdU4a+oCPZDzcny5TWqcISg+r17q+K8Ag4COhBuoEpyFzAgAez2FDWgCizvH75jTHObJkZV6D8l3kah9jmB/NEm5bgpVhGyswWiqzUaeq
IKBy/5c8kY6gaXgWFuSBXcufdU4a+oCPZDzcny5TWqeYtktZqM2ZLG8ze/ynK6ySyXA+ZzRPirqLn9X1Rit7CI60fxu8j9UQSruRxvAdIV0hm13EdRRWEnVJfB9o//3pXW7rZzNhAxOQgcncQbhpvA==
IKBy/5c8kY6gaXgWFuSBXcufdU4a+oCPZDzcny5TWqeYtktZqM2ZLG8ze/ynK6ySqYv6sBcEZBSwpKeU+rEEfOTy7smGewbfGUXhYQNSUaYKXFqeB6KA7LLVyLlNMzTUoD0CrwfxigmcexCQX9h/tuY2Rvc3sXdgk5It/uDfN0o=
IKBy/5c8kY6gaXgWFuSBXRnWQK5XnHfowG1t8BoX17bxdqj9vp6JO5FhTEIE3KSg1gyNzZ0uC5Fwo/LH0oudz2TG/D9ANl+BtKW2EfN0+ZHYY4y8aBsa2GSfKYGI0D5C
IKBy/5c8kY6gaXgWFuSBXT8v5xvZEXFRXbc6kzrsrlsDkXVAfOW0T0coIy6Pbit3r5r/HQjhd8UQWFvLC8YywHsx1sSUU6aZ2Oi9XN/tOHhLLGo8a37JBLjfuV4fo5p5fojRoArhXgvj3T2uIxwF9w==
IKBy/5c8kY6gaXgWFuSBXT8v5xvZEXFRXbc6kzrsrlvXGV+Fp4G30OKDIxDXPQeHB3HLzzkGCMYQ3ccBADj5JLuZoD6aRGuW1tSRiFmEkt7cFEgb88sAPW7sot/Xl3mWJF8xWvOtt5m7KjBK8SPrNg==
IKBy/5c8kY6gaXgWFuSBXT8v5xvZEXFRXbc6kzrsrlsRY3z8CsXItnyi27v6V36HKdPqu7c0CIg5HOkCaF/pqY99ibGLXV/RXHCrgAcOie2/9LW5tR6J5viktdKO/BcsZ50I91sMFp9Bx42EaBjfUQ==
IKBy/5c8kY6gaXgWFuSBXT8v5xvZEXFRXbc6kzrsrltNuzluAMzcCyoNnE0dv/ebETDrS0W48XFB9oQOuu/Cqe6h61rtL8rKRyJWWNESdIQ5Th2lRX1G4m2Iq/kMkCRTcFDPFRmDkUQQVcJ0THWjTQ==
IKBy/5c8kY6gaXgWFuSBXY8ewa2AqRx/Ey14j3vfBkRQACQs9lgrtpNPURxeOYHs9saKEDZ0fVfl2s2aszbfCqn/pGebVf7z8Pdrn7ZVZEET0N9y5bRHsQQbSfJpBH7IFIZCSn0jOft8h+wjdZO5oXNaswnHUhM/tbtascf3inbbFYdgrl4JK8CPbJ7JlKIA
IKBy/5c8kY6gaXgWFuSBXY8ewa2AqRx/Ey14j3vfBkRQACQs9lgrtpNPURxeOYHs9saKEDZ0fVfl2s2aszbfCu5tfnlQWXLpkUdAyeEz2banfQqApKxtgXqYerdmBhPy7IS1ts8q5Ct9/DLpe5PbtszzJwFENjQ9O8bWG+84j8saz1gyFYktnFKhkpAUPg3H
IKBy/5c8kY6gaXgWFuSBXY8ewa2AqRx/Ey14j3vfBkTfAgWmRIsUqRaw9Oh53FOa1uO/tu9ZB0nLnti/axJWbJRAsJFSqKWS9h6DELCmkxANBX6t/9UllfbLFRM36MZI
IKBy/5c8kY6gaXgWFuSBXY8ewa2AqRx/Ey14j3vfBkRk/afCJfT4UZHoMjVWPWPTxVKL4937MfUWgoyfvajkCivty0m0nGWQSUn5kSl5oboOnbofqK3h5ceB3247p51LOWg1gejENiqu6bvJNahIYw==
IKBy/5c8kY6gaXgWFuSBXY8ewa2AqRx/Ey14j3vfBkSjpbU+cgrakFG3hU/h2WGAKNZ0xWRq3PSmUBvzquzB1oWOH9xzgcMNmq/os2ckCm/yvMZjFNM/zPt1H2ZaupdJwyOnBiDj9eVXpvlvCKH0z7MuPqqcjYGBR6COCThKmRsLES+NDc8gukpPnR7DrHPX
IKBy/5c8kY6gaXgWFuSBXY8ewa2AqRx/Ey14j3vfBkSjpbU+cgrakFG3hU/h2WGAKNZ0xWRq3PSmUBvzquzB1vRoLV1zRysqk39tc3vTdZhByRI4T2sNsewn7LVt+M4g1oVS+oAX9UzgJvS2qu9nXXzLN0+c2UYaK0pE6trYWbXqVlItS2te/dUMGtw03G70
IKBy/5c8kY6gaXgWFuSBXY8ewa2AqRx/Ey14j3vfBkQq87DNKOvFUIF75Ph6rQ3EZZky2SNyEtMbgp3ZXXKaJu58Cx4wEjkT7BZi0WsMzwAm49xHBpzwhJ625g2mhFWMY/kfE/3FiyWDMwGNfLrXyw==
IKBy/5c8kY6gaXgWFuSBXY8ewa2AqRx/Ey14j3vfBkTNRkq+H6tBXSYaUosA+Czk9VDgRrwg9kMXfc4mnpQv+Qvt2O3q0pYEHQhOZuEX+TXvSm03ZJvUkcBGw6o2154Y/v5g+WZvB7JoEIbcaMdVYIcLamPemFTbKWJNBBeCQ/s=
IKBy/5c8kY6gaXgWFuSBXY8ewa2AqRx/Ey14j3vfBkQeSVvAN+YumKZHbUjvxd6OWtFbRk+HRyjPcEy5BF/QJIJeDrmO5XQLXZ9B8Qs5mX23080EcY7NKj7Az3wRmxxy5NTdk8NSzYEvuJPjYWHzDw==
IKBy/5c8kY6gaXgWFuSBXZ6J8lsSv74WF9TU04nz+/PEB1Cl1MjMVa5sypeDsVt3SQkcGa1Y+4nqk0IGz4noO/WiXRdzkHvAMxQgepet3B+pGpEgU0V8pSFctBUVlrdG0mj4NTEj37Hq7Rr/YCtKRw==
IKBy/5c8kY6gaXgWFuSBXZ6J8lsSv74WF9TU04nz+/PEB1Cl1MjMVa5sypeDsVt3mxQ6z2ilYSqUDmqdCgzeoM45zXLKzz/vE9QcBrV/uCT1/QBtQ1+4/eM2EdUGpOBAn343cMp5v/qVtuOmGBAmlB7eOU+XT7Pwlh17cgg3q0M=
IKBy/5c8kY6gaXgWFuSBXV+1b7KuX7tfpA29oJ19qne/pfErSmf/H/SOrk4nIRJROxKu4rXpYRqP/ZaXKpbhj4pWb6uM9jHr+3Am0zza0BEe8gYbcQJrtJyChJJka4xtfcNk/Ns5LmQqLyjUAgHB/A==
IKBy/5c8kY6gaXgWFuSBXV+1b7KuX7tfpA29oJ19qncPfzL2+fQ/dSrOWm+sxRFt1t/0fQpwVHXIjaw8rtkt9gaS/+Y7FtpatswppHg63ZTKzD6f7lyTQ6/jn2y57TeUdY88u80MCDIuVWzTQb2xUw==
IKBy/5c8kY6gaXgWFuSBXV+1b7KuX7tfpA29oJ19qndWu57/6aWlKzOWkJc5HvlVZEYgdhAF/w/RqrYKcyPiNGMFx0EJsoA6VmY701qmCLYGVoJ1QLrsKJx+d0PZ1Xt30B3tfoM1y4Wk0bL0TwZQxVcVHGiBQO9fnXzJxB4b7nohCan2lgZoQLkkD5p5ik/8
IKBy/5c8kY6gaXgWFuSBXV+1b7KuX7tfpA29oJ19qndWoF6IWNsGurJnVuAgxyH5lsrKaIf1WNM3TL6X/9hx0JkdME+88KFRg25uoJI7vA44p/nnnY3BM/pzA1YPwY1ugnL+KMioaBjWgyxyF237cTGIifkQUegDPYsKqRdnp9c/hn5IjeHewjf3ojvdtUxL
IKBy/5c8kY6gaXgWFuSBXV+1b7KuX7tfpA29oJ19qnczwJuD9yk+rkJv5MJ3GZj8n30fQraeBMJgbJi0VZNiAaAgZLvVT+oQoXW95HHtxlsWNygrkXLQb1mtMFWpQCBVHKEEFuma8ez0iY/xrnYPAkhccA/OzDkwp7n/nSdqeyS7MbhVQ2COTHaqAUB5SDyv
IKBy/5c8kY6gaXgWFuSBXV+1b7KuX7tfpA29oJ19qnczwJuD9yk+rkJv5MJ3GZj8JaXFr/uXEwF0wmAo7NfO5EE44OXqXpnMNW4nIt94q2FukbeLv17XXA+EK4hBjlI+pnIE40gCsE8pitMrz2yfaw==
IKBy/5c8kY6gaXgWFuSBXV+1b7KuX7tfpA29oJ19qneKKLww5rhJhAHZRvzap0PkZ6BqQlpkc3RI8VZzc/gvJQO+nVsEyE5eTmDKACoZHChnodNnvcft/0tyofozCZtQurA9HrDeShI2sHY0aYfCC5V5G5q9QPGFp8Z+hw4A0NvxaM0M8BZiurqzu0mE8erm
IKBy/5c8kY6gaXgWFuSBXV+1b7KuX7tfpA29oJ19qneKKLww5rhJhAHZRvzap0PkZ6BqQlpkc3RI8VZzc/gvJQO+nVsEyE5eTmDKACoZHChnodNnvcft/0tyofozCZtQurA9HrDeShI2sHY0aYfCC5V5G5q9QPGFp8Z+hw4A0NvxaM0M8BZiurqzu0mE8erm
IKBy/5c8kY6gaXgWFuSBXV+1b7KuX7tfpA29oJ19qnck3xGMOr5V2Py0OyK4AWue8y7zpMnOkPD/Z/vs4nSbQ3Wgjh6FrJBGibJ1YNq5KFXL5fjL5hS9qNJLQjNAVR55qC5eCES3qbfOCxvCd4bsPQ==
IKBy/5c8kY6gaXgWFuSBXV+1b7KuX7tfpA29oJ19qncszv5iy47ZQkNk95pyqZlWo/SRBhqnQvFRGu1PCPjuhNZwPhq5YIc0kRiSg589kKYdNXhwG4a80fRnbuMl4wMd
IKBy/5c8kY6gaXgWFuSBXTka+FdS0rVvALosCN1+RJUNXqC/pycOApmE6vdDCaCDNjJYeg9ilTyv5GZj9lQ/H4bRETAvvt1BeGXFcaehzRZ38Sk0gQNM9GYmemNIfRPv
