GmcONIA9PFzHw1gpPLLPoqev3ytAH5KO3S/CJpMsylg=
35kyjVfwBJgytCi6KM5Vug==
FNt9orFfFSbPIXNSbXcP2Q==
gE2g7VQeqq0h5MkG44fPUw==
ExPkcbYFeYs2lHSAMsaJBjIbQm7FWZ8YCSkKK1z2aPs=
cwgQW1UgxyVfBeSrdwXHsPE1eoSAri+NViVSjTYe4hg=
pYn3RyiaY4vz2unSybTHuw==
mAzeFbkWBGyzJRgEWJSZYQNn44wFaguEUnqkvHVinQw=
NiGef/LGs6v8Em6sqLz1GYGKB0111uCW/TAqgkiW0+w=
2lfNnhNY+w/3xMaMUxJbE0YFT/wvMlSDz8Vrd5FEs18=
TYPG6VbaLNY34T2DV0tiMeJMTdStc0FiXLKsvG+hEgHE6iylSYwCpUHiKEr+tP+IuUAL+AfG18ySU9817LX5cedB/xM+9pEWwvEFW6woC12rwEs2bua8HHINHiZSTU4O
TYPG6VbaLNY34T2DV0tiMeJMTdStc0FiXLKsvG+hEgHiymQ1nQLeDizKUVDkpJ/4Mex+7/A/lakhv6dUhQix/v9Ufz9doFrX6eqEtIclQbD+YOxdyOE/qRR9rlCQZEIPMvSnFEQpPPTYvu3MGqueu4VIGKqq+GcHb98M+paLbb4=
TYPG6VbaLNY34T2DV0tiMRT7D/V/L6bUadMBL8r9qpOob3cN/Z1F/yZs3UTc8NWabG4JM5Ckp0Nzz7YYF0MfvraC0JozB8w4Mik+PruFup0=
TYPG6VbaLNY34T2DV0tiMVCqE69Gz/zCplXmn0aTQHi9T0Be282mVEgwpNFUehlI+MFVhSzoKRbDExN0rdo2xSUIVwZxTcpH+BttBdXKPFA=
TYPG6VbaLNY34T2DV0tiMV/ZGrXnW2CUkRAv2+rTanjsrrIVJ/a3VgJHdfgMKkVe5oBkhDPDRRva9OXlf3Efc21XUjLO1CfZo2bzclGfz2tAvbdpIztDYcdvlc6Ormjf
TYPG6VbaLNY34T2DV0tiMW+a3BejcYJD0Yr8GCh6A7glG4iaH8RqaxDfK7x7F8EGEudi4G3RD8qPYcD7UKmpFYdk6Adg96yLDuZEcskSrtJwekr/2dFGesDKCaejpZx5jw2FuvplDGpj2QLrF2ghCyvIWDS0Agk/HGAwC+DJz7k=
TYPG6VbaLNY34T2DV0tiMT4nX5IT5sIbQbt5MJoGp+wciIWhTjLeSqgPDYteLJ329S080JWI4OuIIwyEFSaR2PtQmYpwmoExQFmrH7h9bz0=
TYPG6VbaLNY34T2DV0tiMV7Q2BDRmOAwNmK94D6Mm9spCe8op0VZfLKkYQGqU3CL08BL8TBq3vLskLYWRUJIdUVHDVccbwZgIqPNLbU/OBqH8jLYyQmjQdOZL0RhzP9mHSloyuj2r0IMHs4YygxnpfFE7B+ekk2unZLUF6irgsE=
TYPG6VbaLNY34T2DV0tiMV7Q2BDRmOAwNmK94D6Mm9spCe8op0VZfLKkYQGqU3CL08BL8TBq3vLskLYWRUJIdUVHDVccbwZgIqPNLbU/OBqH8jLYyQmjQdOZL0RhzP9mHSloyuj2r0IMHs4YygxnpfFE7B+ekk2unZLUF6irgsE=
TYPG6VbaLNY34T2DV0tiMexoO7fwxBevUxI00bnI663+kYw7fvSizSui32M3hIZSiFKpp/JWUh0/wWulko+iubMDkKw0BQpFsPOB8ETHh9PKDfEeQwxeQbWs2XynJGCB
TYPG6VbaLNY34T2DV0tiMU0ylWCgaewrvDgpGLNNsbizxnV2En330/7hFL9G1UJBxcJqcFD7/63tFnROXnVhcvwGzzWvyXkhVu3XK6YvIFPkX9SWDYy0kMoxqMaaId8AzMy8vNv6ONa6/ir1urRFz8hFV5s+VOar2o4JhMXu2VsIIA9eNJS2J2VKKs9G24iL1rHkc50k8uev63tiDq+mqerMKuAyG3OgJmT8wej8hZY=
TYPG6VbaLNY34T2DV0tiMexoO7fwxBevUxI00bnI662+d8+41aw3qmR7Idz7+gwyptulNi+vQq/mNsCyq7rvhuSR4I3tazH7qY8gvXpAvIsVsvZ7DQMr8KUNJ1+bcF+zkCa2vH1zWOflX8Z2ejm7EAAjgVPtHVeWGFV3prWHQvhgXwp6VkluxNeceP3SjJwBNOyrRpziB49TxkaHeXxAmOCdX99aHep6ZpNAFAwP970KhyDyZdgPsIX5PRtXjl+LqgAoR0Q9Kyll4guo8Ae9vg==
TYPG6VbaLNY34T2DV0tiMSxlU9wSRr7PG2C/mawLkbPSTRuykbgqotGw5bhI4EfVt9nnLiKZl3dyziUBKjnIyuNiCamhhYGS514p+YvGH9KwiqUlDOI4ZUBSLFJdq/aC
TYPG6VbaLNY34T2DV0tiMevAniVnsJ/babEsV3PmuLQWy/fDNRE2brJqxPcXBU/gFP/t2YvSskvXlMrkTRlmsM09XeNk4cpUeN9F9Pp93YHiK6SGJNoD1ptubhwga6P6BbWmuGXHBzl4zi+rvF2qonFGjsbCGILpfXSK6IiqBrRPrKE2SrPWZ77v3cBXdqeRFnL+nApeSUpq9ZShFQbZFAsn31+nbl0QKC7hPWAGTiw=
TYPG6VbaLNY34T2DV0tiMSxlU9wSRr7PG2C/mawLkbNOFmUmagbsyDZPIDWpw6wOOmnMiKDSmEMONYuDYynjDj1NX7QO98/KJJyE0GncVM9v0Nrq5Dhz5Np4PtLqWB+eG2WG/VvmbN5Ogr/URRXyGRrlru51ND3L98t2k9CCTGkHOSi8ks/864m2k4c8PgwljdnFG/ftjvzYBeKTiiWxINtPneY+7CjqUMRIcBVMYiLQ9VfZLMIByhVgdS0dAGqeWdACbWEC/nwTXezZmlAkUQ==
TYPG6VbaLNY34T2DV0tiMUnwDeRYzDmS6K/m+Y4oVffqTucmmx9JNDthIkwRZxuOnPLMX7fSyOsFXV+d1LoMX3QmEKbQsSF5P24Go6sUG08=
TYPG6VbaLNY34T2DV0tiMQuVZchgIUqenkU/wafOUDPvHSfWCBCid01yDjf/OCkRf2ND+aWa5kilaL7GFGJNJZsOzTE0MBhz700a47bIVYQs0qYXRSJvUjLwYNCLyOEO
TYPG6VbaLNY34T2DV0tiMQuVZchgIUqenkU/wafOUDM/juBukWol2u9OWkreEbzs2tq82QUU6s4seXsv5gcHncDf5+maj/bSXibFJstOjLDOS39bnl5cLUlvHwpPOsAB
TYPG6VbaLNY34T2DV0tiMQAOqwnMrmhuRc77F4KE8fYVZWg7TXuOzvFCOncVK6q0oyceCr8c7H3FP3drbFPrU6H+ZVU94ROeFgZNlagumD029y68abFCnhACAYiiWxaE7LlKmA0uPlbx4sS57Ci752ohEl8YaHAHiNklNQDdnG4Dou1P0uyrSGopmWKCUi3eHTfc7GMTmWbrTTm0m1yhcYHvHFHyfxN2bqF4o1oP5zA=
TYPG6VbaLNY34T2DV0tiMQuVZchgIUqenkU/wafOUDNf50lyuqaXktIXp3uIHhUpkCc3PmTtHOApPjMD3ecZtpn173VsmR2Z6lzkWhhOKn7KVKC2zBA+N9+ETn1KRVo9u9RnbGadx/oNjLvpvKEQuBPvDHm4Ox0VtbPUom3NyqgWBwD4CeA5Turwx7HG5Wb1lcgHkxh7Nzf7qKd/Nxz5ZfgVWxl8w4aauiSYlYeo2hAZlef9cUBj70WiMnvOCZzHq2rwZZofwe9dOW86ybKTIA==
TYPG6VbaLNY34T2DV0tiMRMmhFm9KzCEbTitY5fkk6HI4zmrwTmpCBzwbUGzYObSFEkezogCQNSyRNnT/YwGpFhQ5/KcBIiDZGqApAI3N9E=
TYPG6VbaLNY34T2DV0tiMXYIPDJgGxzIwY7a016yrbA0JIWJkYD4VAjgwazmUbpqEGu+41mQ+j94Fzu6LLKk53rxjRPhPSObKIE1wykSl9Z2oiMz4FdzqG2UnVmlElFf
TYPG6VbaLNY34T2DV0tiMXweTmelK4ou1cJX+dS7O8t+CDSuXxg9xnY97N7OO5sdfxQwVEIGcD/N4YcWWKy7VLaIbnuzRoOn5c/ls5a+APGDnSsMb4JX7aztY5O2guvAmjoBE0RR67V/oFEUgItevBeLG/R4uDLxWy1fT99HZtA0Mh2Pe4osFIow1CMUxNgX/88vmtG7xCmkaPtuJxwKYi4uSpP8PjUrcG3obDCQC0U=
TYPG6VbaLNY34T2DV0tiMXYIPDJgGxzIwY7a016yrbA0JIWJkYD4VAjgwazmUbpqFuHTydtlMDshmPmPa1tbYn+Zg5GDfQnZzyokp1IoNLw5UHBopFFT7AF7UiizCjBzvjvz1uMPxrC5ZTx8+duRTW0opem5zXH3lePbfVOTjFF8zJHN454h0gVreTFLMD0nPI+Fpxw6pbl822qfddbWcIuTGPY1jOeTdjv2tg9y6kpdY8Gv1wjTEtqi7MBxbWHf+5S2XEPX7vDErvuds6g5zg==
TYPG6VbaLNY34T2DV0tiMZu5t7kzE1AuXF1bXTdE+wXU4H3sCVPfk+nsrC45rIM8nvFuw1lPvRz+wvLEBYIj1G2UOZzQfAOz06yWB8yxv7nBk6Y7mDe023+Apf52rI3L
TYPG6VbaLNY34T2DV0tiMZp1kK9x7SToClIVMvwDR+TzkROlqWH9fMfr6cWLqMKV5cRjrOhtl0QMgNo084IfaXlW5RWbQtDPETt0y9gKg1hBNL5Xi4dyHMR2EM06LdGjgta/IiaOTaUFzJOwE3sxTGqidnTrfPGiEwcwfGgnQgjXkG4PZofBjuJDa49DkU1U9LF60rIEJfE8hgCx82bhLiuuOfbstVQBdrlP/L4yiDk=
TYPG6VbaLNY34T2DV0tiMZu5t7kzE1AuXF1bXTdE+wXU4H3sCVPfk+nsrC45rIM85v19iIQPeGsC5kdnbpWiZtsbj+jrDfkCmjJnfwf6pIeCM5frXFfthwXiinwzw9eycLEGrdJWV1ymCNlFttk7qyLIQc3SMh/zI2C95jNoIfW7I60Ana2Onn1vMZJ0RBj+RZsQt5P5wXypQSjdUD9XCdqIsxQkw58bPvu/wG+nYnXkxmI5egtXlQEl6ceLKx6L0xT4CxcjnsTOt4notTq8Jw==
TYPG6VbaLNY34T2DV0tiMQ5HJD0BkvtYw99BncQjLV6V8eaWHg3/hPQcJVt+Fj6YTR6UjXMTdjApkwg3aGYTTlm11EY0h9GeObhC2arSP61LGMU3pd7dZ01tcDR2esc42jMha0sBkRrXb9Gor10oCEcMQcGjnPkxtPZxZTzXFRk=
TYPG6VbaLNY34T2DV0tiMYc83vxV58rse1x3/VHhmhVaMcfNqQ6BkgwlSFoiZFH2Z9v9gfVS2ubFE2UVOUfJjHP0RyTO6O8K+QEDaHTont42v7+617EvwBoefJ0V2kBcUTGL8dwd0Tt9PD/ebbU6spw0VY9kLeSLObq/63nX2Hs=
TYPG6VbaLNY34T2DV0tiMQKO8OQ23b0JFo/PG46zPoeRaNuR+Br5tJQVXwVHHN240juczukctcjX5TXuGEpgOtplKm32mxx1WfrLzZOffEA=
