GmcONIA9PFzHw1gpPLLPoqev3ytAH5KO3S/CJpMsylg=
35kyjVfwBJgytCi6KM5Vug==
FNt9orFfFSbPIXNSbXcP2Q==
gE2g7VQeqq0h5MkG44fPUw==
A4ZCFW7RnVRfEnbtNxUDb8VFIQmzxcIFLuiIjRY2q84=
cwgQW1UgxyVfBeSrdwXHsPE1eoSAri+NViVSjTYe4hg=
pYn3RyiaY4vz2unSybTHuw==
mAzeFbkWBGyzJRgEWJSZYQNn44wFaguEUnqkvHVinQw=
NiGef/LGs6v8Em6sqLz1GYGKB0111uCW/TAqgkiW0+w=
2lfNnhNY+w/3xMaMUxJbE0YFT/wvMlSDz8Vrd5FEs18=
TYPG6VbaLNY34T2DV0tiMXXA4LiqBi+3c/mZu0e/dPpX/lrK64w1HOgUvGtKglyk61Ob1q3MSBg1z4ULrm6t+g/aeo8DeiG0Sb8j0Nn0otgXOagxbh75m+TrVvto5XVs
TYPG6VbaLNY34T2DV0tiMecZG7D4NWrw04o1HQSgWlRLy4HHF66C56yl9ILud/vpYnESAlnCbCzZkRb+fgf9bMND/OPzuxU7x5jumZpGLaco9mL/MRFWvrpBc5yn0wDaK8FloNeUq4u1aTNLwb4iBHNrDZnWqHUsx8akvVdPWyk=
TYPG6VbaLNY34T2DV0tiMQkqevqBjgVC+EtAVejA7XchdwVygfL/HBXt8irZRUucbTwcd8LOXHMsLSrTqualAiUIFpXC6yc1FYs1J6N61Ew=
TYPG6VbaLNY34T2DV0tiMTEBcRROOc2CaDHVGxSYHicOADxNHK1QyUSTdFJzLRkMYeNqPbh9A9XVx+LUmfjU2iAdBd2NKFRTpzOBM6h+HI5jIUzb1HyMROJUvoqOaLMSlyRSFc7aM40usfoTHTzJaRIxbf6DIpv75rRRiz68Q9I=
TYPG6VbaLNY34T2DV0tiMTEBcRROOc2CaDHVGxSYHicOADxNHK1QyUSTdFJzLRkMYeNqPbh9A9XVx+LUmfjU2iAdBd2NKFRTpzOBM6h+HI5jIUzb1HyMROJUvoqOaLMSlyRSFc7aM40usfoTHTzJaRIxbf6DIpv75rRRiz68Q9I=
TYPG6VbaLNY34T2DV0tiMUiIX3bYEZZaBBxaQ0NZ84Mkga4B70e0T48GhMc/g6TAnWlnizced4i/zYi9P6ezx+X30Kzwgzoj1EA0nQvoWbc3q5ScgYmcIPpfGJNODEri
TYPG6VbaLNY34T2DV0tiMSH7a84dpiR+09SUeCV6JTfba9jYF5g38F/uB4lx9d5hjTdsGDe5N6/5X4NyUPITB1hC5MiXGUz1bX0qPR1IqDzEdP+fdZvJth/EkC4ugMihJwXgd5HMLY5FgtQlul4OIgWxrbg/0DLrSDRyWmoIGlVHOXrXEYCM6wzJ5HkMi/RNBnhSPJ70V9mbm++43245XMW/8d6EKOiupVWih9rF5qE=
TYPG6VbaLNY34T2DV0tiMUiIX3bYEZZaBBxaQ0NZ84MCgQatC7L655yMp+FgMeKfiDkDMpnsrDObdMqdttNeuKxpEXfRIzBdr8SUBLSEl657yDQcXU2fPGP/ofkGk4RdR3z+QI7nyiwbPUW9ASM4MAEcz1m5MB09pwpLwe5K28d/BAdeaRtvYdJ1KGu38yhPEoSTV6rdTuGMubFzVPl3KhNaQm/A3jmUTg9rEew3t4uBztCd7hyv4/LeIH3GvFU/G/b+fC6MlyAz+CDf7Avjtw==
TYPG6VbaLNY34T2DV0tiMRpWkIDEiHAVxHk+b/+hqgzh9E0Rnk7v5O5u/wWxYVwbrEEHJxUnyzlhqxkzn/GtFmva0j5OpbtxpnCuGU5UnXm9ma4rASsyBnOBY3Cv2fQm
TYPG6VbaLNY34T2DV0tiMSE3sLPSFAC1Cn2EcMh6AQiLRh6gr5cyaAIxEPZlxSIERNjDDvO5ltAKvNVPBPYRLUOFfaeSoYOsFCC9hnxLI3gDBQckKKVZvpyBvqPZRrXJtk4x4SNdNp2IsjV978CPvE1FNDxuFnuEes/3fDizOfoCFCZLJZohJ6ZRoo6sZGjmzVGYKAqFK3kg6p05h08tNF+0l+H5mIUelos6AFIAy74=
TYPG6VbaLNY34T2DV0tiMRpWkIDEiHAVxHk+b/+hqgzghcV0APk42McWALSGxSnkUkhZHNZEMrvked9bC8BHaC/9jJLcETrVxcktiDkbJik/eY/7PFPoE5cQ1FxAOq3Pwmnaho3GL9PYoNcus5HR3e1d8ecetMv1cE9omdHuInHHQwuB4+NENDLUQ3YsYBWeIYeUdegFqWW56IzssircI8A5aYHoLvhAf3Hq3PklYLmqtE+bAwb9p0Y35GiRAhHJZgfjL57Zq3hcgqQIOeQf7A==
TYPG6VbaLNY34T2DV0tiMZvnPGj7l3LHZ1iFLz8jWOZKmRCj4nxmbsxjv8NKgmCruIawf9vtWH68kme1+we79qYN0blZH1oZ8Ko/ipAzJ9hWwKUsaetzxFLPoM4YIMcs
TYPG6VbaLNY34T2DV0tiMUmeA4hPD+wNMzRNiCjg6eBgrx2yXhE+jQAn+MtI98Hk21UJyaHKd3NUyh6/rAhCzxeZgkKbrm32dTwc5x+hznzpqgNjD0Q5BokFWHb9BbP/LhC26YaF9ZQi0XFsp9FVB0BryLZj8zrQbU9fjASzfqakKOJuazafUYPgSSF/Y/0JLd6whpZvLI/jn7MfD+2ERNVUDcEdVXCPxPB37Oo5vQE=
TYPG6VbaLNY34T2DV0tiMZvnPGj7l3LHZ1iFLz8jWOagmD4+rmh0dv7nXGnK3ccUr0yjYgLJBkwf6/v/EvLPW2PlISrLIxnZ4lsoqbumcRyApiE0L03WmSnR5GkRCoYgGckHocR+CIhZpQraccroUdtgnP70DZLPdiIJaR1BI7pJZI8pHSMDG91LWBxuNjC2KOHSmohRBqTBwtqJnwnDBvUVYx9BY8v7Lls7LV2SquRBXy2xafYwCfJNi8oV1JL4x8C5Zssj6lGQhUS+3bG5bg==
TYPG6VbaLNY34T2DV0tiMc7VRg3ucBjmpovQdqzqSIBd54XEbDUx4srnppwTXXO6qJltrIkd1E5pKA0RO8kgYHkLTlmWLqoNb/ezFcLn4tugACX6GKaYRI4kHDxO+K+h
TYPG6VbaLNY34T2DV0tiMYfBwR9XeFoSgCCGrIKwDoKqdAT7Ou3e1iTkrf02lcSWQsLTOcOBX+Avx7rA8nuiZXaAIW6TIZPo7MIQDrISS0HmIqPOfkJNgzg0p4gCzGict+9n3S5fi/9ExK+v1ArO7Qyun+KDy+hz3wtHYuWPjpGXjEe/bdfgIRZ1rNl1v8D8GB47IBpWpFtH6LOSwm6Mib7P5WXJ2HwtQIyc8J003G4=
TYPG6VbaLNY34T2DV0tiMc7VRg3ucBjmpovQdqzqSICP6APQOpxjRrpEPVgcYiTql5LRx8hlPOD+A5XZQOLtoQxhHqejhLOEtHsNVBNjeBWgon5l4scRuwzOe9skegI5h5gDDwaSedJCpgtd+m/IN1HBbpwmS/Q7r4sHgABySlIpWjoUJ+XK/BqhFcMrPUtjaU+APmguca7T1Z0LTA5lVQzfWFVBk8Pxv72lLVJMtZHpbE1qO2OL1q0cIbIDIIvy92R9tsMb+WKEMTqf0GtCgA==
TYPG6VbaLNY34T2DV0tiMcs++9sD9zoDiDCouWCi3vcyGdMrj6s/BjikiAPxYSIgHJlavYvKu5861qNqx8wOqKsNG2P4zYKqlRZBXN6H+VrgkOtzlVea9kHU8YrB/fgZ
TYPG6VbaLNY34T2DV0tiMfpKPlC7i/U9ykeMvar+8lJD8zu+mZ0RvALHH1G34wiEdumZztfDBXqhMmDm00e73lEl2X9Zt6igQoze4PAcnxkonnJy5HvFq+ucpg5wMUGzNhkzQZkTSIWUnIQD5sl1b/yjd3de2ekVp4WUT84pwF81F9mNFMV+hQPZ2w48n7lV7VqiaQMiQbSi0yW0Sqy2S2s3GzWkEeVv3sSLdZq1l7E=
TYPG6VbaLNY34T2DV0tiMcs++9sD9zoDiDCouWCi3vc5kbf35dZfR5c8MWYjXTqEulKFIUfhUTBEcfSkCN0cc3DL1iTcmMu+qtBv1aSWTliBf3YFrtCNFV2DBkZyKDGpicnZX736FKAr2MjyoZ5p/JSPDKqaIFWVJhj8/jYJ0ginCVi0CPNrMmfc/cabB4c9ki4nlpsHe4TH1UejcgjfW3cd9v5lmdzRZWaJAIZbmHeFqU3RthmXtCJYh9NtVL03MaJw7B9EiW5dlwzxtBkJhg==
TYPG6VbaLNY34T2DV0tiMQwDn1d2nSc07iZrtOmj4LuqiWCuhRhlIW7zHV+3wCI+KZphmbhDjkcDqS5+DVkWt50qVd9X+gi80QriAskJ1fo=
TYPG6VbaLNY34T2DV0tiMY9mN4fbblJS7gdDwY9QpcLWtHQUtPLbdyFjk65RWyT38ikgBAcm2BFPZGFPVzSJPJQJ69fV7dnkaBBzYJ1PT9o77m5QDjFmhx3BDsEKmDcs
TYPG6VbaLNY34T2DV0tiMS2ZisKIbnLaPYiCl2iID3XLyo1+QbjEQIsMLZE9kxKPJpn4J3pE935i3eU8nnL1DzeflbR3k32XLp8XVY/noNj38XvIfQ6aL5X35cf+NCWR
TYPG6VbaLNY34T2DV0tiMTk/AyaKvqlerzzZgrqIfFx3/I0SGYKuDbofop+gCMRh7rQ2kool7LCoQYLz/E7sDODuCQmgAvsXRqeSo+I0EG4CosdrPaL6YjBwrAP7ZcGykABEgFDUFC2pZx7CYm1XIRoTyvDUHAZDaZQr+yEJ6ed3T+Vla+5ypVn8lIg6043/N+5+uXIPYDvI1GRejdt4LnfQ0h8EAJou+Lg99msSvx4=
TYPG6VbaLNY34T2DV0tiMS2ZisKIbnLaPYiCl2iID3WlcwrZB8ZFohmzA6Z3CsnQc9BBKBtg+E4tSeF8XpNMuhDLe9CXTMTaCGHnhyjJ0vwDRQFCAELOXdy5/o/0MD/M4V88gR7CxlQXQnDwtoTAd/8JOvK6WcTCA+wOCsCULNqHeIS3DS/2YmE6ENQQeEred/pyCXwP5zVvVr+XOzKws7jqUatukXTsBUoJBnoeZzjI40tq3yriuISCKnE54K7U9UpNYVcBPdc4Y84wMavc6Q==
TYPG6VbaLNY34T2DV0tiMZ337O4LQpu39ZQ76HwHgmCM5FRKqfpmc3JDyCCeN/4P0y0ebVZRFs9hCylGzEKdYaN8XjwkZJWToad5wQpXfvQ=
TYPG6VbaLNY34T2DV0tiMWX7n0U4UT7IXbQR34NDnh+wtM44nii3jHm2WSfLFKnGzHE2pwXbhfNqhBy+fMjDmJ1Yux5XL5T1nSqcPKLBk97/Jnnvdcz2WfPs2oeoDe+y
TYPG6VbaLNY34T2DV0tiMauOsUD4YOQabHFGpCh0pwBZFuOY+7lGuRMmrDgQvhXGMc8Y0tumTQqhmSI29S86wb8my3wiuaI+chA3PUvFdRREeZmPY6ZjV5rCwIPfJ89/SFgbsfomzGAoHTIek/ACne0bY6YQMqDu/fyzeSV/s9Y1rybN8IYUhtJx8BN0G8bMSOoYQxwBxOzttmYVKt17euqecSwFF8bdEs/qvBGwOEw=
TYPG6VbaLNY34T2DV0tiMWX7n0U4UT7IXbQR34NDnh8y3wndw2YI15c9mvqquLH3LMNdcVoyd/eJcl0chXgHMhO2xgyQ5IvAIh1ZE3EK4zrIe3BLuxbleciY3S2s4Qcm5hc1uxZlPC77jNhYgYtl5hdeVUpjWONoRaYpo1Eu5VNnMbIrub6l/Q7gAbwQcbrqOZBLhFoB+vXa3hD1WBIn2BI45gC0n/k7ZAae9osHtzS4+w4Ha4wl+6SO7D2jPbV0mwQw4ItAKJXfW6JZfObfKg==
TYPG6VbaLNY34T2DV0tiMU7/nKnwvOOzogUozGVk1fuO6ASCh/UrvBqj5rFZvehJZZVjGB4RaFd6GYnYqunlJwj/x/j9hsjy/oFCX0AmhkDlKP+MNCn16/guub8BX0YQ
TYPG6VbaLNY34T2DV0tiMTGXgxfrt8tQyWUgeB6RKN3QF1gVqvmMzqbabVo0M6MryCyWuAT3IsErUlOdxNJNKtuyk+umTR4UN1/onH2U+Fc7M+aQipp3icN16BgqE3h42nZNSaox/ZZrqQZwco7T1ViFAoL8OX01crPMg6Hd4CpiI2kvwyI7JWrvwVQqQCR/eCflBkxop/po9I3ROmN1ADvyuyrqXhaso4R+YUy5gd4=
TYPG6VbaLNY34T2DV0tiMU7/nKnwvOOzogUozGVk1ftDwxMlq7JBQV4rzZ1E3W+ZvViCDYb5DL02uzEbIPdEiXdQMsnd7+UpvlskX9x2yQBQ6eqBnw0sU4jjyVV7g87a208qsqhHm3o2DczSaYigKgEfSpsNVc3tAe/0WFdSvJlf0P1MdbDkQCgnN+LRQoOrIoT05FBIR2fatmXorE8QWrfNulWUKVT+y2nDZ3BRgd/Qga+qfvEQht3O2PrWSnDF55IyudtuD7s0m+tArehdUw==
TYPG6VbaLNY34T2DV0tiMa+YcRTyIB1EERVM825cNiU27QRdTLRNqGODBkqCVbjhAZfd8Hvli4kXjuclYSo9j92BGqJKvCI93Kq0Oh+NvsS+XZUoOfhuO01VbjESBo99
TYPG6VbaLNY34T2DV0tiMYM/Bge1tswuZbNUulY9h0V3DDXy6SDyIS/NqAvygEYCsgr4GbqgldZvcgD/PaaS5YlmqwLcXCEbFl8/PEYGonhO3kUJOEhxNGARIZ9+HLvRoA21sOGz7qpUAlCSIHnNSZ8wxIMztWoYz5OEpEjeC1sDbju4MsXr45DH3Ha1344+1rdaunjn7z/Nvqb+E3dCCMWK1R/EjJeGiLXX+X1xfMA=
TYPG6VbaLNY34T2DV0tiMa+YcRTyIB1EERVM825cNiVQPwMwHNrnxTy2mQPGmGrFJ5RT6/xUHu1sESvsdsLshX/dxTsP0OI5n/625ogkMyu/SgrKlwARfF9NVxggo6lWzIehLt+ZVFIOH12rUHoCsEEOFbLFSRG5mG7VpaeBDMte9LLXOWPPqznrNGHoCUzgFq9vpzOdgr/q7rNuqhO0pYTIn7wjMK3FnwaQki9JQNZZXyCESFgbGIBLMQuJUUcU21pVAuaUhK24+MPfmqlGpg==
TYPG6VbaLNY34T2DV0tiMV0VPR7D6guMz8/6lueo6zRBQmHLr/9SgcigDWF4hcNU3GQcooN8QSuPEcJ4B+ecsXKzPDVZv2e0VGVfHkPJOmjGfpDzLWKcjbZ+dWZXONol7PgNd0ymiLQNmZy611F6S93loXsd5L5sDCOnk3s5VQI=
TYPG6VbaLNY34T2DV0tiMadCYtD4bhv+/COUCKx/zzcrBIC2QvB6SDKnSLsGewHuHtJjdNLs/wVjpiKWY9ykLMeQ6mQeLpAeyUqgY3ROAYI=
TYPG6VbaLNY34T2DV0tiMRZYNP5DVxc52+V5YLlJ6U5v63YSqUOaX1yW8d8PNmBG9cDhAv/zUJdbz90m3jm+l2QtaQ8yRCTJINCRdaqZBEygyHRmRpph7o/XDL/8wF/B
TYPG6VbaLNY34T2DV0tiMRZYNP5DVxc52+V5YLlJ6U5w5/AqLXFN/F3eL9Xcw/N91jGN8/SsnQK375E8G8KdpsIQByOCyKVU9HsZ4AZbU4r7tCmBLWYExz6glGlwTX+G8nc62fKICRx0cVYcyHplpq0E4jp7MVeZJrXjlJE0+Ok=
TYPG6VbaLNY34T2DV0tiMRZYNP5DVxc52+V5YLlJ6U5s7guWSRypJVz1zkww/maeSfvZQbJ4oQvXeLp6xkZyYdpf3Xdv7C7ETBKtOmo0D+o=
TYPG6VbaLNY34T2DV0tiMfQd1rcV2tUEaUZ7HOFZ9epM7qmM3sqr6KrPWJ7w3OoubtotI2zBIM84YkhUUUxwGKLy6r1bfL3CUtCgEStEr0Y=
