GmcONIA9PFzHw1gpPLLPoqev3ytAH5KO3S/CJpMsylg=
35kyjVfwBJgytCi6KM5Vug==
FNt9orFfFSbPIXNSbXcP2Q==
gE2g7VQeqq0h5MkG44fPUw==
A4ZCFW7RnVRfEnbtNxUDb8VFIQmzxcIFLuiIjRY2q84=
cwgQW1UgxyVfBeSrdwXHsPE1eoSAri+NViVSjTYe4hg=
pYn3RyiaY4vz2unSybTHuw==
mAzeFbkWBGyzJRgEWJSZYQNn44wFaguEUnqkvHVinQw=
NiGef/LGs6v8Em6sqLz1GYGKB0111uCW/TAqgkiW0+w=
2lfNnhNY+w/3xMaMUxJbE0YFT/wvMlSDz8Vrd5FEs18=
xVk70SEymS6PjYWrM5mFfWkneRS9J8wf8U4zNSQOAOZJkgKMSMJju1O24yQo4JnYPiEsNftF2/yVsMZ90cvZPdVJdGPIfyFd+9yYr6vHgYA=
xVk70SEymS6PjYWrM5mFfeJLkB8dIPj1IsNTmA56CSqi5ZVEZwowXcpNRecMQGMYjqxUx4GgU0R8kyICTLd9vg==
xVk70SEymS6PjYWrM5mFfSl0vsJF/N6rpOIsaT8W+VBzCnzzgbANPkq9fA6ovJ00wlUvchHkntlmQecgZ/7LBg==
xVk70SEymS6PjYWrM5mFfd71B4b2WWrGWF1c41OCuOnqOQMs8+VYsZyArJuQzEXtbrSPb6+ycv13TeSwfP1vxA==
xVk70SEymS6PjYWrM5mFfQU/behcbZIDMClSJYLCy3dSAVl9e4RrjML0QF0Nq498KTau1U25ef2eRWjRf0+z1Vd5i/EG8f2U9u9HKe5teS0=
xVk70SEymS6PjYWrM5mFfTYEoRvWzcTcSrbDOrEnSxMvLXPjwGeGGwXXCtLir6Cmd+8Ck9OG+LPq82QVKLPEvg==
xVk70SEymS6PjYWrM5mFfbrzI89gzHGSB66bNnp6P8T/0YqbJ882RVfpqSFQ1HOl+b0NEMzF6nDCxv/ZHSMH6w==
xVk70SEymS6PjYWrM5mFfWMN13ITF6zVIEZcgfMAhBJYysCQWEH3CZZK7sZh50FpTiS/lJd5VHLzy7UqhFwcTw==
xVk70SEymS6PjYWrM5mFfacxQMcyUDG1McH1GhY3/XwrmNiSYxLsp2RtqwsEgtBukGRgKA+8WMyrUHH4BvKn5Q==
xVk70SEymS6PjYWrM5mFfXBXJLz3WFLsXOrcJqCYcmG5CRoTOsl+vLqVeCtbTcpVoGlihRhzJsC6fil9UY0rNg==
xVk70SEymS6PjYWrM5mFfQsgJtwZ/EeVuqYmWyaBtj+PKgYyYIzY4r5BVJojfrcPyOm9R9KgdwarFmV6VbHeig==
xVk70SEymS6PjYWrM5mFfX14rMobd/AOgSRYYD/BXKeCq9/F8D/SQ544caj1/H09yGwS2jqWQfk9Rup0wlUfKndSZPiBquThxsL6BV6ZggM=
xVk70SEymS6PjYWrM5mFfZI7CGfoD2nKZKp9nyA5aFsG9RhLiy57v3n9icP9lI1BXy12ARjPLddV5P3gNo45l0b2cSe3z4e/R7oG5Yck8QE=
xVk70SEymS6PjYWrM5mFfd53Dnoq7cFevbF1PVU0O27YHTvB1BXGghRACHvrLyrfmHANgfwnVHEYYJ8WUJsr28OGqRO1Qb+e0nh5h8sjPGc=
xVk70SEymS6PjYWrM5mFfTwbHStug5Vb0Od39IP+/STPVUDVAE9qXreE4/G3SX+wauN56XKRRQXS2b8mvtomB3YkD+9zxVKvxzjvWY0wcTI=
xVk70SEymS6PjYWrM5mFfTOi7oHyKxDAcGBtNg/sDq2csaokdW16kULqapjda7Uqt8lhNl2B1VKFq+IScaYMhuHWdfBTvHf/qCcDnxqtYDQ=
xVk70SEymS6PjYWrM5mFfUMZm0AxDgohIFsqbrQsF4c6iL+3GUoLMLudxg53BTrz/kBOB5eS5VtjF7YRFJuSk8H4X7bpmDN2i5LRc06bOTA=
xVk70SEymS6PjYWrM5mFfd0NTKk/HCYFsbglGqpucL04WFB7RRRve7y4AVHfjtdSNg25kIxrUix2Bdvw1NtcZiCPfdsinay4bHQpUkQas4w=
xVk70SEymS6PjYWrM5mFfeuULeIbwWMbCo4ImhRo79QmvHPOKmh7sJHyjEqRxN1LSjaDbYPcbmvhLVNIs9Wy8w==
