GmcONIA9PFzHw1gpPLLPoqev3ytAH5KO3S/CJpMsylg=
35kyjVfwBJgytCi6KM5Vug==
FNt9orFfFSbPIXNSbXcP2Q==
gE2g7VQeqq0h5MkG44fPUw==
A4ZCFW7RnVRfEnbtNxUDb8VFIQmzxcIFLuiIjRY2q84=
cwgQW1UgxyVfBeSrdwXHsPE1eoSAri+NViVSjTYe4hg=
pYn3RyiaY4vz2unSybTHuw==
mAzeFbkWBGyzJRgEWJSZYQNn44wFaguEUnqkvHVinQw=
NiGef/LGs6v8Em6sqLz1GYGKB0111uCW/TAqgkiW0+w=
2lfNnhNY+w/3xMaMUxJbE0YFT/wvMlSDz8Vrd5FEs18=
xVk70SEymS6PjYWrM5mFfQYLQ+Xm+dFp5S9ddSOKzbpkqIgCEjnJ0mI/F+bMuDrEq3dA1pmIaTP3ZxgzVaFGc0VxLMpuRXkRsKBKx8/N03o=
xVk70SEymS6PjYWrM5mFfc1dMx3CNL6U6tLRBzjodzXwkRWpVadCjKo+YBjLLylmArHJs0LtMZnZfiQhJXOWiguchyoGOxtYEsOFgy8QAHo=
xVk70SEymS6PjYWrM5mFfWGIZtfSvDcbUuqyf5vxdqGZYloB8xJQ5/0g+B7Zgi15oqz3PSwDvtSUa4jAuyKRQ2Q/XApmlIEomgVkPReXZDw=
xVk70SEymS6PjYWrM5mFfVHUTMoFMiqzpCrUpB+KgsqVBKYITc5oNHckqcEKsfEu15e8LW2IleSXPodQ414Syw==
xVk70SEymS6PjYWrM5mFffO4sJZENpH11aqMcEmxOtXGwYV9H1LxTKpylMAZ8tv+8h7Wglc/yeaFTLG98aIwtQ==
xVk70SEymS6PjYWrM5mFfaQHkmEsbfYwiatKb2Xoh6LaW0dDP1KXM8PDITNGl7h7nrfxHPthUDaGePeU41E6uw==
xVk70SEymS6PjYWrM5mFfRvaIC1+sC63WAW7lKsO1pl9dB5oYAkGYkIS5utOKYVOo9gM6l/Acqz2aU9THOoUmUHcd3m2ROdez/v+Z33Y9A8=
xVk70SEymS6PjYWrM5mFfcBopzp0twqQ9N/9jvEgJQXhA7KknvyIIA1vIoC0YTAevpNP4szAQPqoo/DTHIuNDA==
xVk70SEymS6PjYWrM5mFfa8ugc2FQxKUT2VNcHWPT31zwbkIVWWycf7w246Pih//GsFJVq9JGF/UWKugd+n9iw==
xVk70SEymS6PjYWrM5mFfYtsD1/hDvWJJEy0HvF2X4NKNr+grZP0dIW3pH8qKXMzMxp75snXhuTp8Fo7rMVu/g==
xVk70SEymS6PjYWrM5mFfV2EKWH7a+EBlIK95n/WLF8PFYf1s0gWXbWc3jhciMsIIGLSIpGgfh1bJRXsoNTsneXNdG61C9iGODYeOw73JNE=
xVk70SEymS6PjYWrM5mFfam4waZ02/q8u2RH3Wm5kvklEc48QC7dDo+e7vQUbaRSoL/QRHbDeLtArs5II6XuyDD7SWehs9b6CMlQExTQDqA=
xVk70SEymS6PjYWrM5mFfUIzFlWGHV04+U/lo0B10cZrFxodhnBS5Ezv/s61ZkUzqB24ao9cB1WgSf8exjdwjw==
xVk70SEymS6PjYWrM5mFfdxrp4c97U7TQT1+yQL7dQKrGSuhkixJpzgpuvqbQgBSfpWRAKGwHET2Jw1QgfB1WQ==
