GmcONIA9PFzHw1gpPLLPoqev3ytAH5KO3S/CJpMsylg=
35kyjVfwBJgytCi6KM5Vug==
FNt9orFfFSbPIXNSbXcP2Q==
gE2g7VQeqq0h5MkG44fPUw==
A4ZCFW7RnVRfEnbtNxUDb8VFIQmzxcIFLuiIjRY2q84=
cwgQW1UgxyVfBeSrdwXHsPE1eoSAri+NViVSjTYe4hg=
pYn3RyiaY4vz2unSybTHuw==
mAzeFbkWBGyzJRgEWJSZYQNn44wFaguEUnqkvHVinQw=
NiGef/LGs6v8Em6sqLz1GYGKB0111uCW/TAqgkiW0+w=
2lfNnhNY+w/3xMaMUxJbE0YFT/wvMlSDz8Vrd5FEs18=
xVk70SEymS6PjYWrM5mFfdP+b+SQWK/kbkYz5PN0t5mXkcLP1y/mgrPLNR14oPJsjV1NbyMyrtyUiXIgon7UhICkUjb+as+b733La9uxVC4=
xVk70SEymS6PjYWrM5mFfaRrTb8eUcLuRIRyC5/J4EAUk+Kyb0bL/rs2YCpHACGwRAE+YaSGqNrIYwoy/WjAAw==
xVk70SEymS6PjYWrM5mFfaZECLmFIuzx0Kjs7tQa6Ux9g6etNXrFoL73raTTvFqUP+ksK/pIhGV6tHKAn3ku4g==
xVk70SEymS6PjYWrM5mFfYnyITcqevkkxPq6Ohw6/Hqg9Qf6D8tCkOKfiXUEEeIEqrdtFrJWB4p01Un9XteL+VyT0jxOxutIDje5ssq1rR8=
xVk70SEymS6PjYWrM5mFfQN+bJha0t/TJjwlF3IO/7SVUz8rpH/ry4AP8JJE6SeFYvTi/tLoObU0yAQiNLLaHsAD7LYGBRgXmrbesRKZm/4=
xVk70SEymS6PjYWrM5mFfYtTN1PHE5pjx9cQlkdgknQthNAgEJnO/sT2JtmzaRIE9dIAwLZORRuPgbwbq8oXYjZG4K1nlMOpslR+iGKG+bw=
xVk70SEymS6PjYWrM5mFfUOzp+W0nYVRaCIGjImavSBugg59rsRnNH0gkJiC9v94ZeT3MBLdo6H4vVy97ipCzalsUILaf00MBAwFoics8mg=
xVk70SEymS6PjYWrM5mFff/Ipr7+3YmyLL4wWBWBI8Dk14xW9LuXZ1LzhxGnlwR4hM/ZVHuYOHtpvn5TBfVbk/PuxOuCVNHHBIrlqIStlYk=
xVk70SEymS6PjYWrM5mFfekkkS7pDFf/AzevqmTamYP3ogJbZ8msHZZlwpMFWlazKAiXDV/hVlpsiTw61I69O+sFA1IdydhXwYMOxfMLLAk=
xVk70SEymS6PjYWrM5mFfZ4TWLjdfyRqV1fvxbeyhMGtA4uhZQ7E86P1iC4Q4u+WxaQdFsiIC4bm7elVnGnYHA==
xVk70SEymS6PjYWrM5mFfWBmTkJa5j2xdRP5ho7Zo/UXEq2nSz6OBofn8SjvumLwcKQRNYI9TzMT+ppI4oPKz5I4h+VekpJ78IIUbVQaf2M=
xVk70SEymS6PjYWrM5mFfcCCgsFDIDO511ngrgOOGDp04Xw+UqDUZkzItDJ1wHnbWETseSx/ztyFjNH6fD8WcA==
xVk70SEymS6PjYWrM5mFfRHJT3R3NZM/Hy7BZyD8+yMuo6a3G25q9JiX/QDt9tBB2vVmRgZr0OrFbLew6TTB/e6QLfU4khNq4hFWMkc6F9k=
xVk70SEymS6PjYWrM5mFfd729q+nXORu71GQGKlJJZ8CGz7B6KXxJwz/Ep7j3etXLC/MB1rF/La5t7YP81dVwqwsRVrCdgpbBx2u794eIrs=
xVk70SEymS6PjYWrM5mFfc+llGDnFBAcNvRiteI40hEG2PzvUC1bpEVh5oUmKRGtzthLnUQdMYThldaCoGu4g2jCbpF08tiwiSyf8unh6BQ=
