GmcONIA9PFzHw1gpPLLPoqev3ytAH5KO3S/CJpMsylg=
35kyjVfwBJgytCi6KM5Vug==
FNt9orFfFSbPIXNSbXcP2Q==
gE2g7VQeqq0h5MkG44fPUw==
A4ZCFW7RnVRfEnbtNxUDb8VFIQmzxcIFLuiIjRY2q84=
cwgQW1UgxyVfBeSrdwXHsPE1eoSAri+NViVSjTYe4hg=
pYn3RyiaY4vz2unSybTHuw==
mAzeFbkWBGyzJRgEWJSZYQNn44wFaguEUnqkvHVinQw=
NiGef/LGs6v8Em6sqLz1GYGKB0111uCW/TAqgkiW0+w=
2lfNnhNY+w/3xMaMUxJbE0YFT/wvMlSDz8Vrd5FEs18=
xVk70SEymS6PjYWrM5mFfclwkKr5pZZCgb0bOVsM4PVAoTX9xh3BiLth4FQtHqmxe6yHcFVtqx2T+G7P59fZD+TwMfHnXk/ADnNpgIG6OaE=
xVk70SEymS6PjYWrM5mFfU0VbytIV8PNgYaNq6XdXZN113ACWtj0XPZ8v3PVRwvgb+zGRy1+bSB6CD/UhiHiWMGIdk+0UYe1I7c5D3Ss6ho=
xVk70SEymS6PjYWrM5mFfeq6jsmDHAQmOYg2n7mafrz70yx/9Wnxi4NtWHLRWwCFsgKKeVvgthtIp1aUCJm6Ag==
xVk70SEymS6PjYWrM5mFfU7cENRPfImDqonoDOrjb27H80XRYHIK/s0cGKOHgkMIZzRDsHM4wPQD9cK5YC/kwQ==
xVk70SEymS6PjYWrM5mFfQ7TBD3A2EJoemZTIjA86zVe7v/rCJ78gXljSwZrzOXaFYn9AuKYI1idvYnC1DJmsQ==
xVk70SEymS6PjYWrM5mFfWMvtgsaNMc4wR4cLQIBC9fAFh0euNTEZYqg3eWvSaVrFcUILc5ldiqFZ1NSBa0Tdw==
xVk70SEymS6PjYWrM5mFffkz+902qDuz+SJnwuC324Cwy6e73b2NN9qdzyR32AiXQinZmBasiK7U5mkJbdWtDw==
xVk70SEymS6PjYWrM5mFfdIcvtP7ckYoVa5osS8j7g92GSrNrsCRg3Ivt8TnxIcLQh14yYUoSkaWAT4/RUouXJg8LIG4ucwA3VmOr48CYUM=
xVk70SEymS6PjYWrM5mFfTGv8XNxlmZaGjx5HsHbKvoW+vxOVnxorv2bTQ3MgrKlraUJZ8sX/+KBERk7MEOUeyxwlRbB13a65Ar22cXaisU=
xVk70SEymS6PjYWrM5mFfSdRxWPwF67EWbbfDElWahloi2RLuitkcjDOVfWOlQxmciRKWbqVPNoTndeD4o7nCzuk/sC8QbX/8Djy0u5Njng=
xVk70SEymS6PjYWrM5mFfR6a8RV5BEHjtVkPlE/tkyNHI2MkVfEVbC1U4202FuKrZJL554hmZVzNWC1YQy3Akoq9+f8MjCYSRw5EIXTRzuM=
xVk70SEymS6PjYWrM5mFfXXTSrEV9/J5QxNV/9lAd5jp1SjdDQBT2k1kgLaycS63wcZyeM/e+9e7rX8vHAsO5Lc12Et4U5lmn58AXdnwGpQ=
xVk70SEymS6PjYWrM5mFfS3Cwl+NdY/rY8LsKQCbFaVKl/ltv2TAuDvD2rV9tOXuven13jV3G26Zh5FgDdj1/ABuqr6eP8KsgH2YXOKG3Sw=
