GmcONIA9PFzHw1gpPLLPoqev3ytAH5KO3S/CJpMsylg=
35kyjVfwBJgytCi6KM5Vug==
FNt9orFfFSbPIXNSbXcP2Q==
gE2g7VQeqq0h5MkG44fPUw==
A4ZCFW7RnVRfEnbtNxUDb8VFIQmzxcIFLuiIjRY2q84=
cwgQW1UgxyVfBeSrdwXHsPE1eoSAri+NViVSjTYe4hg=
pYn3RyiaY4vz2unSybTHuw==
mAzeFbkWBGyzJRgEWJSZYQNn44wFaguEUnqkvHVinQw=
NiGef/LGs6v8Em6sqLz1GYGKB0111uCW/TAqgkiW0+w=
2lfNnhNY+w/3xMaMUxJbE0YFT/wvMlSDz8Vrd5FEs18=
xVk70SEymS6PjYWrM5mFfXcDev+Q2wLW77cEEuW7zqa9PKBYKn8ZpNAqVcYdANt/gyl5ZJSj9+WcAo1is7WGsA==
xVk70SEymS6PjYWrM5mFffg3rsjtdQ7kOiiBHvBBhASSVw9Erto2bTsqi3OqHJxHCyfH6IwHa9N5U6DXbulSzg==
xVk70SEymS6PjYWrM5mFfYOnvTavEIwy4o5Q4Mn+86Di4L9x3O9Ra+jHdMgtlvYN2Ho33bykX8r2IQ9EoZ9DOQ==
xVk70SEymS6PjYWrM5mFfXb6rwft6ZFlddKdkvEBvq2G4AsiBWlQS49zGQp6EdfN9xG+QW/0tyvocCvY6iwZj+sdf+PdCP5xCrmxDWz0CX4=
xVk70SEymS6PjYWrM5mFfXTMyklZyhEPWUDpXYc798p8Bpl8PDSLEehTJflhBLwiR4j4abik9K6eS/44aRWQDQ==
xVk70SEymS6PjYWrM5mFfVYI6lAvg7gtkDhGHQOAGNxT6BfD2OYeRXqBBsbnW0ycAVTNCwg35wiUBjnS/qX0EQ==
xVk70SEymS6PjYWrM5mFfTb+YA/XEoSdhSOCqKJY4Rw1/AwTYGcORx+YOADBVgdsgnrHkOW/xqM7G50n6RauBA==
xVk70SEymS6PjYWrM5mFfRd+QG9jahx98RhttEueAXb4c5TTkkNgC9qokyNbCPao7DpqRq7xm1VVoPas4Qb+Ig==
xVk70SEymS6PjYWrM5mFfYXHb9Lmjum2E4Dj3vOF7sAxqIJV7sDju020L7RVQJrwjwMwcGA1vE0kTVzSlQzkzA==
xVk70SEymS6PjYWrM5mFfeMiRXqZtHrT2PGZnY9wpyrv0ubdVGAZqgNodPFalK1PDWgizYYtRGI514krDg+WJw==
xVk70SEymS6PjYWrM5mFffpQh7qU0ZZg0vjq/rIlaZ7+WvNwCCvuboYxroE0iroTibdrEJXOQ94crOU+8hVrvQ==
xVk70SEymS6PjYWrM5mFfUSg0TJaSMtBJrTFCP/pMwewoLConNm/xjuBXfN8+xB4IWa0piEwQo9fEZ1TJMNVz3kIZbtiyuj8VqxteZoXWus=
xVk70SEymS6PjYWrM5mFfT+hEUJP2la28xo+lAvg8hnYswcqQJRI8gD38OT2Nw4bti+7COodE9MS2nNy34mvSA==
xVk70SEymS6PjYWrM5mFfZH5IQIuRpMvm2k0k7LZfyFJJGzb5/KuVDyoqqd6PorumVZLQ1krUcOj7Igcuvtc7A==
xVk70SEymS6PjYWrM5mFfeEX4XxZRxh2aN/2V0MLVzMcySdiHDwHDQXGk2ctB3sJM32IxzvFptcMX8VBitmt2w==
xVk70SEymS6PjYWrM5mFfYq7kyyUobYclOIz3dLo4Eu1S+Ik+4bBgS4wb2k0/1CfwAHFR6bKXmGI6Imyyz3tmA==
