GmcONIA9PFzHw1gpPLLPoqev3ytAH5KO3S/CJpMsylg=
35kyjVfwBJgytCi6KM5Vug==
FNt9orFfFSbPIXNSbXcP2Q==
gE2g7VQeqq0h5MkG44fPUw==
A4ZCFW7RnVRfEnbtNxUDb8VFIQmzxcIFLuiIjRY2q84=
cwgQW1UgxyVfBeSrdwXHsPE1eoSAri+NViVSjTYe4hg=
pYn3RyiaY4vz2unSybTHuw==
mAzeFbkWBGyzJRgEWJSZYQNn44wFaguEUnqkvHVinQw=
NiGef/LGs6v8Em6sqLz1GYGKB0111uCW/TAqgkiW0+w=
2lfNnhNY+w/3xMaMUxJbE0YFT/wvMlSDz8Vrd5FEs18=
Ej0dz+Sw0E5d3SeAN8bzRa6ATSeIV9FCsXaOFGFcaUEsjc2cMBGSRP/yAe2LFGbj5W4msAX0K9ZbnElWU/xfgAFFLG7G7V4Lb/BRZvA8Px8=
Ej0dz+Sw0E5d3SeAN8bzRTGHa5UAYVZvyAjvogy7MO0NTPhsYN6vTMxt3+FS1iAC0V6v42VDQzk4bXgbD8CQyOayGlz3d4GdOfh/5cOMaY4=
Ej0dz+Sw0E5d3SeAN8bzRfn6JmfTL0ifWVtWbK5CMPOTknwBC0g2YbrzDMXke+SV8Rrmh+C4GGcxuE+xWB2ce3MDpAMN4JCZXdMSIoB2isgQJ0e88dVKbGb0erXRhC/3j7X3Dd1jzSoU+gnkCfjEBDvOZB7HZQMBhZe2nOa5gWo=
Ej0dz+Sw0E5d3SeAN8bzRUz/pN/YQqWJXpVljWcsA7wlxJzWb4PwlAFR1HP6vpPapNXgIBuCspdhdV+UkIAVBaWUR8xBK4f3bel6Ln04abw=
Ej0dz+Sw0E5d3SeAN8bzRSSOluCY//jLigoWq8ln1WuNSHNTC84Oo0O6nDgZK+bHKBt+b3nWyrFh5mPTguuZnf80NKxkMzDEUgYVWp+VXCx+e5RJs4P+Jwy/Zdn60iv0LK3nRaTu/UUuQWYAAnf7bYVnAE30QuN23DCYh+qmaV8=
Ej0dz+Sw0E5d3SeAN8bzRVONck+rXA87GeKxFoYYHCfHju/cpwEvSUGP6KC6q8HAx9Gexa5U2jPfzc0trR1KCxfDS53ESTNEaKIBNSrOP2/fJtmcj0hL2GsAcalsXKBbn4KGd/DOrjDW3cLe+QZSaV9v+Yty4XmVC4isJydhdSs=
Ej0dz+Sw0E5d3SeAN8bzRU9P9vxi3IYXzCoRQlkKX6HWkX5sTeaMFzDAu+f48RdyxIZ9FVB3mme1hS+Cb1g0vrB5HKlpsEghbONhdfJcYVs=
Ej0dz+Sw0E5d3SeAN8bzRdfmvHoKkL2ww7Znz0Sai44repeyKc72ZqlQVwi0Od4dXM0iQ3O/FYhDcmt00bqUMwIPQthGJBUhR4eTrmD4frk=
Ej0dz+Sw0E5d3SeAN8bzRRIFvPlSuabY5bgFrNMMEcIq/au60R6cnA09ZT5e1MufesuJPHlJOyygwUiU86Us1mVUIJPT40a5WoDPcNzZm+U=
Ej0dz+Sw0E5d3SeAN8bzRSAAP/EYk9C4Tv71EMwRbKEwjcAiriq2D6XvmwyCgqGBZgqzBX/U/tbV3sYPssKkxy12xNXhCq1vsZtnmsadnR0=
Ej0dz+Sw0E5d3SeAN8bzRSs/pTsnHJhL2KSGM/A/Z8UzMN+kEay40RjQnclbBF6Uw6UCCocs35GGFDqrjqJMY7oO1dm7wLIq6Vjk2E7tvqa49TOvlhGJwwrHm0IDL/92zypoSkDWsJYAqep+sO3aU2UBR60jwMEMGz/m4hLVP98=
Ej0dz+Sw0E5d3SeAN8bzRVH/AyY9mCMty/x9wFurNMmsmx6XoJJwkMa2oEiL2tBZIhQVsauG/VyDqSzN/1jsERc+YumVeKMGGKzpJnSOwoQ=
Ej0dz+Sw0E5d3SeAN8bzRaJ6Gic9b8BF4Ad4y5ek9+1Lkhdsmzk8kToKyY+JE1VAwN2zAyQKOEsbV4WfQJfFDZNuqYGloq9xbuELg9tLf3s=
Ej0dz+Sw0E5d3SeAN8bzRQWHeJLB5VYCNJPKa6TUFrb9muJnW4jq6J2kGp+yJTSKwJIBFyKvuDNHbMltIXCuAmzM13Diwo7+Iy7BEE7Oup2fuRHWOnywgBlU/8Ha/fXoQ+/dSgCg2cE/k5/ykbTWGkiPeoVUMfc4sLpDf9WMLc0=
