GmcONIA9PFzHw1gpPLLPoqev3ytAH5KO3S/CJpMsylg=
35kyjVfwBJgytCi6KM5Vug==
FNt9orFfFSbPIXNSbXcP2Q==
gE2g7VQeqq0h5MkG44fPUw==
A4ZCFW7RnVRfEnbtNxUDb8VFIQmzxcIFLuiIjRY2q84=
cwgQW1UgxyVfBeSrdwXHsPE1eoSAri+NViVSjTYe4hg=
pYn3RyiaY4vz2unSybTHuw==
mAzeFbkWBGyzJRgEWJSZYQNn44wFaguEUnqkvHVinQw=
NiGef/LGs6v8Em6sqLz1GYGKB0111uCW/TAqgkiW0+w=
2lfNnhNY+w/3xMaMUxJbE0YFT/wvMlSDz8Vrd5FEs18=
fFzZHni37f9ceKg55xNBi8Bjv8p4hNhkyEZ7AHGnvZQIYv0ym2zwKb8++2NpsYsiDEZWmkXhMwZ1GAe6stm/wK8UI8t+30Y8D0YWVSwhaFE=
fFzZHni37f9ceKg55xNBi2g2LybaU7Ft7MIcetxpVs7YehCvbFyORe3/dvFz8uai2vroX3hZp1TRT54H8aeqm3Fq1R8pH6UrV9vFzVkn7M4=
fFzZHni37f9ceKg55xNBi25HFPreyLDiYP9WBurElU6ulgQu+Lgt14OikXr0oaDNuxDxaKgsgQ7FZwAXknAakVZr7X/ziX477whwHel2B5aTXJwH7KZjqqxe1sLeTb3KxrPd+QZoEP4G0OpS6/88P88cqqwv7Q0zMVUHf7LYxlQ=
iZIyXmsoobMSO9v+14IpOhJ82YqfpwQwF3JZ08J5ORPe3NCZvm10ng1ukTEHo7cTAX2m3+CGbpsKmD8GH+veJ89aNvthMryZi/YYSR43Q/A=
iZIyXmsoobMSO9v+14IpOp97wFSgZZipL2CYMcxuOYLOK2ppu8vh+MbYNFtHpwTptxyNnpneOxRnyKBbROkpsMtsTPZnUThZ/yUcHileY5iO9laYlo+reFXA0LHAPYKf9XS8CuvmD8aYpl8mYFD4vPI+bdK5QlRvb2dCiDgVu+8=
iZIyXmsoobMSO9v+14IpOtve59rHb/YIfxr5kuqmbEqdWjhQibPGp5ePkoidB9EBx8IhDkwQXtafZnBUrtccR6pM0jATCac6LfjmofDDEQU=
iZIyXmsoobMSO9v+14IpOtBiegzH1H18c3xShAEQk49uUc8qQrLieKg20ubWonbNtwMo68mj4xuaSzELHDMF1y1rLTMq6LvXrhRFjQHj4i1QezB3ZoxpmJCvIYr9XrBPNeR5lH6v/p8vkoLKFtWfBawZH96pnTrr5EvFLK186pU=
iZIyXmsoobMSO9v+14IpOn5sydsH2pJwmqInP0SR6tuTUQNfPuGWofsraxz8GMHBKHHN+rejkJ6vy+uZdCwq65PyTKnw2nrCCweqvzv7Jow=
iZIyXmsoobMSO9v+14IpOs03RC7AHSdFJvhOCJxYAnO1g5TEZ/D0J/2bn5poIB7gIySy5vNBK/o1np+Qopc8wBKHEfWZ+CN7WGuoXz84+2s=
iZIyXmsoobMSO9v+14IpOu+eeBKPocZF2+A5sgPdnZBKS4FROUlSxLuyegULW5/8MFVx7/sQTfVvEIRBOrSwFRtkMdwrtQvv7A9hmCyyu7TOpaVUXTBaWmBAQ6rBINxKqugBihDp05dqbVvkIpaDwmqmflGTM967aNL9SfyGLUM=
iZIyXmsoobMSO9v+14IpOr71dToHljLJzVwxW2dxw3l2NM9qzWZbM32vMQHl40u57B4aE0KQFwKvNemTBiErEOxrCMRwzWMcC+toWgj+Lvc=
iZIyXmsoobMSO9v+14IpOpJnOVVgy3E8mnWZJh06PzWIy3vX/4T9/LCeTAJVcjbF2TgTEqAYfZEKMtiQ5xWK2NJQVXt2TtcEvWd4qMn1kalA3Ta+ouZAz8OXR4kJMB2QVHtW4xGsr9Buj1JivuwlZIWPtwspJ5Rof3wvEW6hxMw=
iZIyXmsoobMSO9v+14IpOqajh7iv6dSmqGTC+CDVGvkBQnRqPum5foM0Wnreb5P8UqFQdZgBRWJq9bd098RUW4mqgPqnB4kFhiH/RiWHOlc=
iZIyXmsoobMSO9v+14IpOg9dg0uZwWHi6a/zED3zWwI1Kd+bjF14axfrB+VrEnfn4nC7wi4xOO8CHbWoVQfZvJgC/lHMdJOFsg06eH2HKaM=
iZIyXmsoobMSO9v+14IpOigD4kMg9z8dIiyiTv+ysCMFlSx7P+nvuHsEDdlNMfOupW68djtvmhd2qst6R29YLnNWgnZkmm7fIrB53VVA8np0lANxFNW0Yob63reFzDhWE2+uPfCc2ebJv3u94YXsjGQjx6UPvCEmIlzUsrjhiMA=
iZIyXmsoobMSO9v+14IpOiHd1F/RCOcNAjg5k6oWM+L1adD/4NOL2Hqc1IB7QftX2/zuxgumkHoWHmFHJR1D//iz9IpPjRm6/YWLfGR6xAs=
iZIyXmsoobMSO9v+14IpOonMYFcMt4FnnIownwh9YVYuDdijTp8uB/KKji2EJc4isj9oxmaZ7O/XOAsTSNjUIvbi0RTIs6J6s6PKV4EkM/ca2LuMglhx0M6HNjBC1EjqQ8Y/zrZgt/Mt0NDP1evxXr2rB/x77BiGRnAW/6sG1pk=
iZIyXmsoobMSO9v+14IpOlqcgmHe1ENfV7YawPehChWx2d8OFvIBISrmGGuQRD2lgUUIQfPLahkKmlujd2O5hgEFxeT2xtZo+ul7P9AEFrk=
iZIyXmsoobMSO9v+14IpOnfHMZN8/KqSONUQqaHY/5AcrkWb4G9Rw9xjkfkMAWfYNufw7ijSyqHch4EaBUltGPOYAHZx7/0xGEx2RM+9v8s=
iZIyXmsoobMSO9v+14IpOl4XXFXzvE6denNzERFUoC1fOTAbglMHRx1KWFnRk34A21NkfF8BD0w8+2C2eWctzHIUrNlMdwpfOREdb4PKHeuC/UsaR9Rdp46boT5F+36PGX9BPQ1DD1fRTQ8Sgk8+ye9EFT+qzseycZL377PU53AQfwTWsradBUqt6vzp6LcY
fFzZHni37f9ceKg55xNBi9/VnwypzXkn9hD1wdDCuSvlxsKYOJh4Ow0M9Zev3dOn7uOUn1iTwHn+2f/leIa6GorXqzyG04EX7SZFDmx3F5E=
fFzZHni37f9ceKg55xNBi8t68eLtcNPAJU+pINz6SD6v1w8WiMesfsnxP30qubVv6JsE9Flne/Yp+HNe5I6S9wdyl7bD87gIFBOTZrbWbs8WSo90hTi+onYgilw+OiiqHxdXmm8xH6VTN10KxEMJ9CA9JbSLOqAoMgFSfXUiT/0vTRAEpU9UdR9nbBv5Be58
fFzZHni37f9ceKg55xNBi5B290fih0QB/bjeZZrSF0aU5szJGpzSauNMHCEcECW8yHFStLJLvU9+0eEUvVOPgo5s/8bbSZ3UGsBNKgtHL8o=
fFzZHni37f9ceKg55xNBi7JzcqxhxMBdhKOZBYApRazJiOieZa/OiAcXm07fJYQJ410Nu6eLHhWJn287MBcfA3oJjlV1BLceuxxVV7/OD88s5PizSkBynX6UGd7rpD5i2wEPqP35Uwa0SvPkXKpDiVEAbM/x9zO170Vf9/AJ/zo48KTE25i/Duv1/6moQn1o
fFzZHni37f9ceKg55xNBi1R8IjOuusiMfxD+VPYQ1HLmPrcr+9O9LoncDqPJT7qnOW1+CcK7vS+DI7KXw21xwUaTnWTJqkKfD0BWMVXXlWPwK58EU7wWc4ZJ6EbYI/6lW1myqSW6RwiEj1DrL13bR1LkzpfT7uUkvhTh8b9yzyc=
fFzZHni37f9ceKg55xNBi4D8/D/I2Fl13mrCU8E+CGZFMw283Oe02uFsIxJAgfB4k3KjkcC1ubS+3ftDtsZHTXpf3yKSROsI7x0pWurXhr4=
fFzZHni37f9ceKg55xNBi3yE4s+8wQyVtIF0TpF7vI2lQeMBGbR+KbCHiEoeLr5by2/VlYmYx4s/CF2YeOPhvRI6YTw7HAktFXDMA3Gk/FzhW6CM1ShCb84nKWqslt46RDw8aMNkFmRsew1z69eOpoGVDp4RQfZu5DIgqwJUsRM=
fFzZHni37f9ceKg55xNBi0AMdX4dcqfPfZ2F0es0cLf0QCAH5yNbSB6wG+sJ5OqtfX+qHCYmRw+9QnVUnDbaUZTmP5w1v2vi2YOmpyZ2QzU=
fFzZHni37f9ceKg55xNBixoIhgS72X0FnSW40QaEGL0M9FdASC6KuXBQW/9J2gnNWgvUQUNuhgpetWh0GLVNaVba5jteM9MRmch0Xbqb+82z5Qulj6zWLB6P3HFgIbUbeYByWC63Jn9IVpDgH91QFEJxQlYvrAry4zVGFQxFDY4=
fFzZHni37f9ceKg55xNBi0s0pQupXYcpuiggYCO7wBMjP2cpguu6EYi9t1SOzGWH9RkJzZEWsU9xhIAe4rYAcTB8U3rP6E/+s9ErpwLQ5Ng=
fFzZHni37f9ceKg55xNBi28kHSfhoHEfSQmsMbUVPc4GAgHI+3K26tpwe06wj+32AraIBDlDBIwmnrhaoDwz7rQr7LZnc6pd9iVfKS6e2C8xwGinqy4AFnTU5RXL6lO6O9UHE9OFMQEGTc13+lcMzglSosFEc7Nz3E+laLWrSHg=
