GmcONIA9PFzHw1gpPLLPoqev3ytAH5KO3S/CJpMsylg=
35kyjVfwBJgytCi6KM5Vug==
FNt9orFfFSbPIXNSbXcP2Q==
gE2g7VQeqq0h5MkG44fPUw==
ExPkcbYFeYs2lHSAMsaJBjIbQm7FWZ8YCSkKK1z2aPs=
cwgQW1UgxyVfBeSrdwXHsPE1eoSAri+NViVSjTYe4hg=
pYn3RyiaY4vz2unSybTHuw==
mAzeFbkWBGyzJRgEWJSZYQNn44wFaguEUnqkvHVinQw=
NiGef/LGs6v8Em6sqLz1GYGKB0111uCW/TAqgkiW0+w=
2lfNnhNY+w/3xMaMUxJbE0YFT/wvMlSDz8Vrd5FEs18=
Ej0dz+Sw0E5d3SeAN8bzRVQZBOz1i3niAMLmfatruiuSup17GPo2GBWNf6aRWp6KpyN5V5lo3sFk5+iyZDV15+Gj6kxpEl/ZofDcqbuKe8o=
Ej0dz+Sw0E5d3SeAN8bzRe3RK7mQsBhe20wOEKzAbWipfiv6C2uO4euGwK4ZkWD8EZKZ/CTw/LRWihzuwa7Nhh6T3LewQdQsBroFvVQqb0o=
Ej0dz+Sw0E5d3SeAN8bzRbp6piTu77qwfhiblOUPoU0tddEwqy5k9PDzmaFEH1uYr/7JYbKiuBoWDXzxk7q3GyhXrf4gO3iE8Bjp69s10WZ9WpyksN3ql8CUssZnL3hVMhoGtJo9pJthHKcFMfxH3shCRHoyBDXLOA5DmszQMiM=
Ej0dz+Sw0E5d3SeAN8bzRbMJsx2UOdjv5wkuf702YDpQAb2DlCd+DbasVm1kInFSjHbn73gHmTipJ9bJNChjGa2mqq+bH4dfhXXj/50rM2s=
Ej0dz+Sw0E5d3SeAN8bzRRb5nblRPSV8QVuXOSTyQgWkeSN9gSP0frQyhdloQxDdCCkfCIRfXvMC5kTgsMyCAtvmyFggGik4ouUTuAsK19g=
Ej0dz+Sw0E5d3SeAN8bzRe0iNg7ME2jR5BEQrNr7Y0TjqtUxRIDbn3XVNBQEqbNyu0ZGQZA/pHWYDUS0KVqdGpMUFPXMBzB3Y+UB7hC6NR/8wWOy64vOTlvU5sprTvjwUiQ2O3LMXGom8NHhQC6TyvEdK1Kb8po163x1Ry/ZYH9xl98aVFTm41ZrZSzjg6s5
Ej0dz+Sw0E5d3SeAN8bzRY9N2D2UehNqLoPRRUfNgdJC4xwmU+Io1Aaoa09A61TvwhAmBnTFicPa0o2/y8ZkkOfjn/bcHZvYi24n9dxCYog=
Ej0dz+Sw0E5d3SeAN8bzRQZX4jSvPx3grLnpbfVsW68TDzj2Pt9thJtTh6RhPjEcCPdddnAJ27Uu4Kb+GqIvIDfSyRfinh0dA7jxIDH5lqX5SokAXkRbYg+sLUzxeswW6xZpOAAHBBSBJMcW1bjAOAfycXCjgMGyMAluwFQYBo0=
Ej0dz+Sw0E5d3SeAN8bzRbuljJZ6si1f0M/jPRCMRQ7jUwfrGZKS6mA8sKojBbhj9cHNOc4hckZ/tBgDMBqG5fBZO/GVbYTlS8A2NbrHcE0=
Ej0dz+Sw0E5d3SeAN8bzRb4BjmQbzjIptqTmRbdG0fT3Gfsr+E5fki+ZaL9sCYaf75CimggM8BaY/xuBnL7fnGuoa/bfEx1JV8dENZhV11I=
Ej0dz+Sw0E5d3SeAN8bzRVmuV8sZ2x78FTIQE6QBzzFIQqLIFBPDioMwkEyqaeAqW81YTJYnLMA3C/Fg4gXbmBV0oKTVhEpBEsLgWNAh3W43zJ2NTcqxsUSpCjmsWSmz6IuaBYGTDvZ/pZXNqpvXqeD6dZM6ZHeZC6k8RDmksez1y4W3SyvZKS+hOFRGjmc+
Ej0dz+Sw0E5d3SeAN8bzRQrCo1ELy5sa1FemasmYrHLR2+G2+EZUeRotqG4eYx9kv6m3HBe2PVH+rNmoxN4UsKCSqRf3x1SPH5qEiGgVYeg=
Ej0dz+Sw0E5d3SeAN8bzRQm3rmR9tMU9nthLm+jIY0ZO1Lmhmyg01Eb0Bv2PSh+XKKBEYlNEARFEE/2LafkPM5bMSLfJzHi6XSVyygC4THnrFVRtkSjQXL65hwJXGTF0kHF+c0XyVKeCUuc2iJ3nU8H32I3D663EiwfWiIj4OrY=
Ej0dz+Sw0E5d3SeAN8bzRQcKxE4U7h47w+mXLDYwgXHBPbj+8OPe05a2QHwdCyrOJoUEoi+lvhH/FXGG3n4aEz3xclzsceUBt6bJb0lFNSw=
Ej0dz+Sw0E5d3SeAN8bzRboljgYXrv8dsS7XAIU1wYHa5W5QAAgIvUlRVZP8888w9hNYjtfW4GofXtf6s3ijKHM8RDIESNpZnGJQSq3hwyY=
Ej0dz+Sw0E5d3SeAN8bzRXUT1+mNG0UHiJnMi/Pt6LuXgnK63wOF6Lq2Y//y5b/LYzkwbuXKacFw9O/O0f+NRse87S9MDpyTldY82Kkth4s=
Ej0dz+Sw0E5d3SeAN8bzRRjMWt/G1ajt56caNwucM2cvJ2C7q1EwV0Diwtlavq3a4uEEYHJEAf1yB9fMj7ZpPTRorhd6YuSPfEvVMc6Uv+ie3Pll2LuEBtnJC/QUewbIcB0b1+aeOfC3v/fb1VNx5aY2UrITXmiLRkAuY1EWrxo=
Ej0dz+Sw0E5d3SeAN8bzRfIA+TfdkiFDwv3MNykyCDTHVh6WiwnV5n2jy13APmewW4sovsA29ZL1IEhQmox3tTze8quKQiQCLJIMTNFwV5A=
Ej0dz+Sw0E5d3SeAN8bzRcoAs1zcbHiXwTDQpPtn+GoG75zGKvlSlzqEK8RxOtSCbKMtffE/Y93z+kl8DUMN8FsmEOR0ZqVl/zI5kETsG3p7poZaZGUYSH/FYTqv1MGbLCjmMkb6ZUXtKulqLbWCAWE0i/XQ6CxcHHFQkkFWDEU=
Ej0dz+Sw0E5d3SeAN8bzRUU4qkn3A+9t+wu2e2rzsBE8jlhR4hRea+qio8dRrmseoPzDkNYjsZA7vC4VjE46oLaRjpbyprSBgaCiYZaxZs8=
Ej0dz+Sw0E5d3SeAN8bzRYs7L/FJRJ5YM+JmtsxejJV4yHqnXZm84LhBJ3oLVBsc6WEIg6ZJf8QU+x+PxTa6lk2OHDEYc6D9Dl2BJMstqNI/eLTexw38mdMSx0LvRlvmjQ4rTRwbsaatOEYl/S9FAOJ8vqUvsTrWHkgcS+Ce/aI=
Ej0dz+Sw0E5d3SeAN8bzRfP2rG+qTWyJMQNWzJA1DydAtMOX18KNO2qSJPZwYTuwl+6drdEGRdzGR6LFFpiHP7GbZw+SreRZasqOUnYf7LY=
Ej0dz+Sw0E5d3SeAN8bzRQLMDG05mBJ7Ntpnv7fROK/JHlOSjwu2hIjx/SvBP4fWVis3T6ADEpBkwmtUgwhCuNLuwW1Afku2o0xxbd+1Hs4=
Ej0dz+Sw0E5d3SeAN8bzRdGpbkcBmrwyZG/+ekWOeemH+0utQFIGxl89/i4f3ESOEDgQWyiONm484lpnh+xtkCdmCQp5edcwv6E0BfsDxGJZasU8aHA9tnZH/oEm0/0ZkVWgiH5PP/v4lwOPuc88OKNwE6w7N73Jf9ytuQR+DOg=
Ej0dz+Sw0E5d3SeAN8bzRTa0pZExvMLg94Dz9CgEc2eXFKiE07VXgeqmJyZJ4n9/VE6631mQdaaqt5EcFDbfePcHTfy6V4aoRWMjveZ/4XM=
Ej0dz+Sw0E5d3SeAN8bzRXwNfJI9ACZ2FugW/l6YIeKotMfopriL6O6hz/LDFBWLQHv+eeOI3U8jqRwg5jvCg10A3dP878fNRqS494f6WlmsvaurOvOfIwYBUU5bnaWRpHIuBnpJU8yzvcijfJouM7SgkosuiDU9QVmyXiJLZ8s=
