GmcONIA9PFzHw1gpPLLPoqev3ytAH5KO3S/CJpMsylg=
35kyjVfwBJgytCi6KM5Vug==
FNt9orFfFSbPIXNSbXcP2Q==
gE2g7VQeqq0h5MkG44fPUw==
A4ZCFW7RnVRfEnbtNxUDb8VFIQmzxcIFLuiIjRY2q84=
cwgQW1UgxyVfBeSrdwXHsPE1eoSAri+NViVSjTYe4hg=
pYn3RyiaY4vz2unSybTHuw==
mAzeFbkWBGyzJRgEWJSZYQNn44wFaguEUnqkvHVinQw=
NiGef/LGs6v8Em6sqLz1GYGKB0111uCW/TAqgkiW0+w=
2lfNnhNY+w/3xMaMUxJbE0YFT/wvMlSDz8Vrd5FEs18=
Ej0dz+Sw0E5d3SeAN8bzRUWRq7B7vknBZNZ0MzAZxNOT8IgEmALLpDzsA8gz7K8iVHbQhvSYRbgsjokzkaxmpjmNgDJtyMi/ekxXSCpbRls=
Ej0dz+Sw0E5d3SeAN8bzRVE24sLgTvyXDAvL/AXXGlApiBuQg4qvOUdL/ClnWGpsvnmZr+y/LxKsPScAoBnXiQJ6eyxoxDZgsMwTfAnRpxc=
Ej0dz+Sw0E5d3SeAN8bzRWWDzZLFpGosd1V8gmwmXspY1icfaMmg9874Q/86nfawc8e1YnSeROZnVH0QDtFbd/xkSdSEFH28JNf3CYja+W7c0E2bDlfKk7dr0kRV+AXyMdpCQDdXCmI0oAoUeLMU6NXGsvB94RK7snvkDuoLloa/cgbvxAmabwT9CNoY6Rd0
Ej0dz+Sw0E5d3SeAN8bzReoIL9Bwlsda/ZbH7Hl1Eb1cK1DYuJsCF4TrlNHBx7YlLNX8C4t3FEjIHjqa7tlga7QzJzrGkbHPNiazOrn6y1I=
Ej0dz+Sw0E5d3SeAN8bzRbXOaXQYXaZ3OqgGoxYuLPGj9fDTk9twmE/ZTgB2h8SJ/AfOnrOGwAOlb9PMhQXZ+xs2dxbUiSFUjW6cVN/Eh6ap3ipKxX3ASrDaSZN8tb0+ECM/AfkgZLg5Qctb7HQ0wjAuujxYR42lJNbdh/26WtU=
Ej0dz+Sw0E5d3SeAN8bzRYQGBPQ2IFtcGKMlWHo57S+4il+Oc//2VuJ2h/4gyiujgPjYHkhH7J4LXUK4fc73qnSdplEoybxi6pMah4TtY5g=
Ej0dz+Sw0E5d3SeAN8bzRY8/5Fz/lfCZ7OEBM7INfaVj19GaGZTp7pc8b2LmB6NxIBzgu2BsnUXMH0XVNZKxXdU5Vjh/x1hdGR0GLg+iScalnnx2e41w3w5Qm+SN3xTcnpJ/9KORpUxym5g3LLXKyk+nkGnmeyKLXj+pHaUAQ0o=
Ej0dz+Sw0E5d3SeAN8bzRQc00FT1zb2D5TLBKmMwGxdVUR1eNP0uGVO6w1utf94KXTcppe8gq2Od0oCsJFMVhoZ0/bE7s37ItDfc5BT9CgI=
Ej0dz+Sw0E5d3SeAN8bzRS8YC3HAHG0PHhuo7hcEjMi9ETjCXYEC6xWj828LeA+b5rPdGuQiobOHMvoxwxjXKSM7KYPxsf6LOkddpTM2ly4UsGXEP+y5R6BgUH6rriWnMbQUyiV+oUE+kWIXwfl/s7p041oBeLT2tdQ8VT+FiVs=
Ej0dz+Sw0E5d3SeAN8bzRU1SywSJveD1QmjDov+u7W8T144je268qmLYL0BNEMUAV7SIHuDjo3L9j8byaD08rNZ69Jv/vJcy++AH15sIDgk=
Ej0dz+Sw0E5d3SeAN8bzRa1PZXRCp1fGSOHSS5TENkNivtRMXjRIvlu8nNSZC3eTiX7EV5MkxbnvwCejkK3Lx8myKJvbBjMrCkB0zpUz6HlPVQaQkKX7fG6NDayPhc2gwyJHW+T21a/ngw7Wv3O94hsiyANrFXXBkXChKVO7Gw8=
Ej0dz+Sw0E5d3SeAN8bzRYdre2lcpFCBKxiR52y170c/FdCBZB+d3sL6siiQBxeVN+dcL2f4u/XsbEJzccbHnM0mMEXdFOTllhghc9AN6TJT/Xayh6lyMVwIFzORrAWVOBqTxXLD3F8JIXM9jDyJrNNFyt8uiMA9YOIYuqsb3Dk=
Ej0dz+Sw0E5d3SeAN8bzRYC5PleIMIl+sb7P80ifgfJObvYbB8nNBpRBV4kTVVJclwgykQkymqfGdangaxCnBFFHyA/TNl2kVRM/Yd3463Q=
Ej0dz+Sw0E5d3SeAN8bzRYbaz14DqLdgXChuGkjc3bm+/OAgQxiRDuT5JoBcVvMGfKNIB+fD3SAZ3GOy1bL9DPVwSQlUmwOEcGTwALsXOo32swtyswkOTfJx1Jt1PH8lDD6zNUnsrea1ctmdDFrLaZya0h7XcOUkHkQgCt9hY+A=
Ej0dz+Sw0E5d3SeAN8bzRUmOpSrbfebmc5m897N0onzpWBS+Rk1B94n88QWYf11E4UAgghpmd11Z7EkkuDscluLIy8sxEYfxH5z8p43LnGE=
Ej0dz+Sw0E5d3SeAN8bzRVH4kySN03vrnw8FT+pRIIdEmtlkqi+Jb844pTVh/Rkf4GkZPRCZZfy3Ed08W23ZhDtNWsgQ+RryhSdJyA/g/JAWKvPoeoC2otBGw6ygPxhjgH9LZWVcCp6BGxkaAtwnLbZe24+DEOiWNuRjoDVO5z0=
Ej0dz+Sw0E5d3SeAN8bzRXBoiLMHZD8Sl0zTji214TdXslsUpCUCuf2UG8mee1fb1KMf2xUDttdk5e4Ye+Hj8abhYlafYv7zZjSVaM6yGCI=
Ej0dz+Sw0E5d3SeAN8bzRRVWk43HxdGT0MDCGV9OFZQ6OwgasNrucHkoRrskEZa32OV5VBhqIKy/mo+FuVGQhiQWTe+P9ubbBIohwV+o+Xo=
Ej0dz+Sw0E5d3SeAN8bzRVS8t5s/hUZWAjJupaC+nK41jhBwYb5WWtTkEhGmLXcLB0kQlb288PmESg/a00CoQrZG/lKzWMiGGZ4r9cbDArom+rYSx+WwQx3k8n8mCXaHfJhjthH5ejqzZkqBCD8cUKyxqXCslrNFFbujIBV0BHk=
Ej0dz+Sw0E5d3SeAN8bzRYJBw5joVQDA9fJzhNyIu0/NatepN9IPl5C3If3O1EcNPaHsciTAWJRY25h4kwpG/dyWmKPqpf9u5b3ym2c4ISM=
Ej0dz+Sw0E5d3SeAN8bzRYyTNuIvYZM5zcLNtsLiS/ajSHG7IFw9rBVXS29p6hRC2GGqJoMEqXmgRZohFurxNA06kPEIlXEaAVFJwfzakwLpQvwbKPMdQjLeYVyg1zsfLhxMSt0IYjPjVk1LCRsF2GKTilPaJlnwO31wlcNud8g=
Ej0dz+Sw0E5d3SeAN8bzRaeMRmA0LveZ7OOkDGL/DZ5tqg35aqZ0dNC3xh9p+uezZ/huVFCWgx4p2U7YXW6flVqbfVYk69fPehoEDolIhvQ=
Ej0dz+Sw0E5d3SeAN8bzRX0qXWo4wgPo27Mg0y1Bpr3+FqiYEEzDG6EPxLISQXWKIDnIWVB2y23FwNYbJwoYY+LuC7YJAgGz6f68H9RR6z0=
Ej0dz+Sw0E5d3SeAN8bzRTXHgYT53tjDv43cV/YVCfV/W9TF4EcrkVe7I5TIpQ8ufFs/aOn7NMKTGukMiwPyJCXYll2Y+GdKd36YlhPE1nKOsHzuRflJ0UXTiK/6+DD6jQWPPHII4iaySIAVofFOjbROOejuyauTdujQDbQuzkUHIc7yEJ1XXA7JgGwtbA6v
Ej0dz+Sw0E5d3SeAN8bzRW4Rbw9+oyhd6bq1gXuQgp4BCmmu4GhWJ5UpaUq/Kz2D/sdjgAn13XTNdxPsft/LEmqVRczfqaPDPnjD+d4q0rC5oewt6PPuHQRmmScAAHhFcMEzXp5+ybnYB/aJBVlHDqAZBEXtWUvCaoYJBJVvE2M=
Ej0dz+Sw0E5d3SeAN8bzRRHL4+WuOiDnq6oDFHDbG3B0ghg+3Kf4DW1wsifsSoo5l4Iu+M0qCRiBef+9EiIglWO4slH8E6NgkXasUBtZtOk=
Ej0dz+Sw0E5d3SeAN8bzRS8bxiskitSI+W0imgSOCYQ1VWOKl1Trl0t3g7IBmWOhEXtX1vY4boC3ji0UzS80xktIKNIXVI6NJi9fU1vVVj3z6/XUEXVYAJ7FohU3ai8waUS0dVyUg8PLeDe8rfDw5kkDsh1BphLJD6mJVzIcoeE=
Ej0dz+Sw0E5d3SeAN8bzRT/o91Pj2Dk2XD4f/hteOiI9AjxfH5nZ12nN+OI/K4JtXf7za5WuaEAGFUma+ZKGxmKTNosxCcdHr37A9FA5B+A=
Ej0dz+Sw0E5d3SeAN8bzRdNKxPNnHnBkMynSZItRP1K1tXfAuC4LqqnNQa5osr0cdsbxDLaXCF29Ntdrk2DWwyBKjiqqdXw9Df9+ysL2F/ss/r/Wm2inepEzbEh3fSZD0pXdYoqUBYNvFmEBdLFfRvmhPZGXt8HsZlduQMqzabI=
Ej0dz+Sw0E5d3SeAN8bzRfbRY15D92DmBlCS1M19/5Tp86FyceOK5mctk9HM4ta16izOSGRAJXsnJz3XlkLa6Y9jaUKmgynXK97Udj0N6Q/JBKfQzoQ2WVWJZV91qC/qmGvQs3pigPvYa/g/yR8SHvlxrHHQtbCDDMj7bwFQEzM=
Ej0dz+Sw0E5d3SeAN8bzRRXJVhD3oUxJKWJyy6ZzWu1+Ac68nHIOcwThgK1FhQ5oYRflip6cS1J5Ze7JCqEPEtBoMeVw1NA+r1UeJSdZ/YY=
Ej0dz+Sw0E5d3SeAN8bzRS2L5RwGWe4H+j2UUFPSCKc/tEgnJjGdwMHs5Ob3z3ngKSI3HoMwYtJJtgJwAH2AKlaSLnaUMJIBlFOYgUbdUy188VwG4VbaxKxWromSN0uT
