GmcONIA9PFzHw1gpPLLPoqev3ytAH5KO3S/CJpMsylg=
35kyjVfwBJgytCi6KM5Vug==
FNt9orFfFSbPIXNSbXcP2Q==
gE2g7VQeqq0h5MkG44fPUw==
A4ZCFW7RnVRfEnbtNxUDb8VFIQmzxcIFLuiIjRY2q84=
cwgQW1UgxyVfBeSrdwXHsPE1eoSAri+NViVSjTYe4hg=
pYn3RyiaY4vz2unSybTHuw==
mAzeFbkWBGyzJRgEWJSZYQNn44wFaguEUnqkvHVinQw=
NiGef/LGs6v8Em6sqLz1GYGKB0111uCW/TAqgkiW0+w=
2lfNnhNY+w/3xMaMUxJbE0YFT/wvMlSDz8Vrd5FEs18=
KTJAyav/3GFdX88Mc1GT/jLSSqeutMNt3wRyJJ2/UxRh0Q5+jqs6RYw3Lrj1QKDb9d3Dl1KSYwpA9/FTHKVyyz6Ck2UV9s2CgZqiVyAn344=
KTJAyav/3GFdX88Mc1GT/jLSSqeutMNt3wRyJJ2/UxRh0Q5+jqs6RYw3Lrj1QKDbDXObsXHF/PHkRrERObX8N/WSW0BaGvL1Z9CUhkVNpdc=
KTJAyav/3GFdX88Mc1GT/hDRk2Q0TazL5LCTlf0lWXXybQvGlUqZaF3p6c4gFMB1jffyhJ2zeOGMEDZR0tt3XUOEgyn8Tp/ZKSYEbl5WbPI=
KTJAyav/3GFdX88Mc1GT/kzaG6kd214iRB1buSntoTPHduchRzyfCoBsVFLD5N/qTzZRUoG+APNvyQng46jrUg==
KTJAyav/3GFdX88Mc1GT/tJjCfai4hYSlUVUkL6rhGptF9u7/Ftrfz8ey5UzBlp9TNsl4k7mz2UukQPNcqRQms45nwW2HDbSHVlTcGrNGobhPJKvCycqBjqUdSegdxFpUsYrwUeYYlH9XK9rLmDBIg==
KTJAyav/3GFdX88Mc1GT/toZHECujR6Z1EYeokqkFKpRc3Yt3iW5b3bwzxXDnJPM0hv9sG5mGANhKzDIwTv7mNFWULDCi/QwCWmdRLBCZmElwJ/+pUSA7T3JjjBK+RK+e2I07lEpPcwXRt4XnSeKFB17zgYcDcFmdFbXJWcaAlkQM7xuk0ajfRDzQIsZpnDB
KTJAyav/3GFdX88Mc1GT/m5DQ+FccXe5fZTBsDhRdJbFjFGxbf9lTL9oC7hqWRy7ZBoOnpt0Hh/OOO2nXFj5ZmCSFpKLbpsYBkZEL/WJh9MuFiO4VTdjrFfWtsgcd97t4RU249tcUPuxDdtnztC7XA==
KTJAyav/3GFdX88Mc1GT/m5DQ+FccXe5fZTBsDhRdJYH5MlxVRrb1yjRxLDhRcqquxOgDSFwnOXUH9iL9n9TYL7xR1SPSlLnFUnyR3JUQjUHBwobDLadtpcOom6AoiAqI8QqjsAns8vBh1YiJJe3DQ==
KTJAyav/3GFdX88Mc1GT/ijGeUoWgfjhxpLJ5YfA/0LbkdEuieYh/bRdU15LDL/2oitwrAiF5bxR4Mq7CQ6Zej4RNVK0A5k3Z4rsbuW34SQn/mQmB5VtoEuAOMGR27raZ47cakcAotGL1zgmTR5Z5L/CCzYZ+KepFykQQyaD5nUbKtqFGJ6Mj9QRGhSwRu0Y
KTJAyav/3GFdX88Mc1GT/ijGeUoWgfjhxpLJ5YfA/0IFcPw1aHeASDNWrxRS1TNhLm2SR8m97JAHOLKga3CeTbP49YJbnOQE8hl984qIC6ZR3cO3CaOOT+1ZfFmq2KJv6QLsSmf1rR4+UJQ96wlxTbvdhCj+WnNNl1Dqd6jXS9TkVXJ+Elux/lxzL9pJ6Q4w
KTJAyav/3GFdX88Mc1GT/kZphPTXq7CYPf2RGvsp7k1JZwclqz1FYXjS/2N3+b0jwybf81XAaTgBeGHUe/ZrE2N5Bpz8fojckX+zs8Be5bk=
KTJAyav/3GFdX88Mc1GT/lm5rXqBuhKvjDgeQT9WnvwoPYeTPexzWuDa2Mp6iw2hGkM5gCW45Rc6JtJe5xf1L6qGl+hWKBCrhxsgjyYbjTQ=
KTJAyav/3GFdX88Mc1GT/uIWEIUWf2vFHCi5Hz/sHjlICiva14O5HI9cFAciBuc68VfRr40ITjMWCjjS6p4dDvwcDbprtO+UA+v56eQMdyo=
KTJAyav/3GFdX88Mc1GT/tPIv2uYNcOL9ap2ztDcQc+nxXdg6RTJGuwbY5gAgtsC8eELHKsU3NA/Cql0RChQWg==
KTJAyav/3GFdX88Mc1GT/qqwoZxXlLPw9HICpw+0I1DJzSgDMRLSzR0RCDNjXvtGfcnv4dFyOgS4hjaNX1R3TIWeayM2KRo8YQsw91wDu7UWFsANmitRtkyHGfWcQsayZeE60J2O6bObuBhWMyjfQEScW4COIL4mel/48gr9a2z9Bm8Jx+ip7JZ1wEjzSEwi
KTJAyav/3GFdX88Mc1GT/lAJS/bWEvYPC1AdP3iMeNAi3bkxim7kf36ohTcoYj077PMdEKNNXe4+uuH8p82vqbOUy83FrvxQaYDFhegMvcuh2DgqvmpnxcmYzN0kvtqD5Y5N6E26H3Jz/lDpAs1IDA==
KTJAyav/3GFdX88Mc1GT/nTULu9nnR9Jh+nHqFnnNJicpBK6qNEVco1xR1FtfTmKOivHCvErGNF9VfAKYLb7Ig5/YebAoL6av/Yzj9wJ0K5r9s68nldxlUX78XmeQvV6kPOTQ7qO+XtGjak7GXmgmQ==
KTJAyav/3GFdX88Mc1GT/tml7tI414VL7904HMsFwss0ewUC3WqV6vrRJH2Fp1yinqCzcGnHkPb6kQhVZI7zSc2jyYKoiraGKCSVZoSJRmNCViATSY+i2v+SvD+Fk+KvS8PNVwlv15IgTxmdGr3/Wg==
KTJAyav/3GFdX88Mc1GT/mDsu+zjNPpisCa5O690aeZM30plAJLb9N/0kpARUQMoapawEc2vCOfp4smQdHRrS/Zco4x+ZpTxsQZRCyjbqzOeMFkUY5a/XIUELCF4FBF18eQvQozgPFpAxMCfiP5CYh8s2kgV4e0FsTAohn3GzaGtO7dg7HZjYwBiLf64Wg6j
KTJAyav/3GFdX88Mc1GT/riWxXZyOZSAKLRcHTlsVef5GdteGkA+olG9R/1kuwINK9/ldA+aOqnFmyHcSXjryDSVkoazdlPoAcaqIofpiz0lkkODZa/1V2amaUuQalZWaS/TVUQM1lkeHdobBpIVlZOZnQotJ4h4dz8pqhmK+KJIUW3Rf7iWBt9Y+9lhknVg
KTJAyav/3GFdX88Mc1GT/gBPt2QgG6a8AJnN2usxje/jECiUVb9kKCvWCdZBTQm75BDSCWxpmVHpdu2SIC2ZT2+kMf69kOkbK5DyivK/4lY=
KTJAyav/3GFdX88Mc1GT/gBPt2QgG6a8AJnN2usxje/jECiUVb9kKCvWCdZBTQm7Ao7vZnhDzYdU5NereXyla7MMMSeVRNZMzOrZ1g8COoE=
KTJAyav/3GFdX88Mc1GT/t8nYkn5WL0HbZOdXMwdNE2m5kd8ggNKxONMlwyMgSUoToiBfkBlM15nunCbIenHgeBcCXkSwrRCIOLK/3A6qds=
KTJAyav/3GFdX88Mc1GT/l5WZ53lU5ImKOGYLQjCyJFwpDZVtDD1v1L2CZKh9yaa20rOo04tDwDkYBogZ7d9Zw==
KTJAyav/3GFdX88Mc1GT/vGVz7pzw9J3/Gbq9GXVAoGzCnKnWgz5qxK/fk0Ng0FhZWFY6WLYaXtZgoWAkxNuuhL6VW5pDCN3NKJI6xKDVkuxUatWTuejimcMS0FxpAEcuNnEXn5Ag51a+mPjefIaQw==
KTJAyav/3GFdX88Mc1GT/qmSc7rw39MWUakGyT55SXQ4Fd8PQkV/fCYH9tM3xBVt4nL9arTJtLcdrjQXVKWJencavGZoOsd2f/IqF/06s2HeidlgDLlIw7OrzQj8Ckfh9DZ4UExEh8eVtAxw8n0N1GOngmMpMVQDOvmbBri4s+PXZuRhPr7lFxpbGKB7gzCn
KTJAyav/3GFdX88Mc1GT/vNGq3RM5vhODjS6izzNr0m04wrfkFFcHOPfgBuju3Pd4tEev9M5pBbfRaKQJyWs6sGb77r1m6Xq1KJ/A55/Mk1MQEVPebQbKPcU5HKTx7FA0+4aVdW2Cz+KtyVjGAqqVA==
KTJAyav/3GFdX88Mc1GT/j+dmRO+CEP/A+YYO6SxCgKHyF1fqs0H3mW25XgIQGw38oBsu2CvppZ0vYAP4jWff/jMKmEVAH/EK6JeKlb0EV+otd1kxrxnUI0XQN8Cykaztho9hk9CCVFHvwJJH1j31Q==
KTJAyav/3GFdX88Mc1GT/mKuygF/l4qnIjwehSiosgrM1ixQ+TgmHyyUDxIGvjgQcNPU9N3Q/Dhf27HsNHIimHcSiMFVYsPMTxv+O5B7KWn9I/gYv3kExGxke8oJP+c6wxq6sGYBz9HmOA/y5nWkL7E+dTNUGaSsvIMmupu3m5tgdMqgnkGDMuU1lGLbnX37
KTJAyav/3GFdX88Mc1GT/mtPSrf34nToAEyUl5ZolC8fErEYGVcHYven7YCM6O6KFuXse4a73ufIIIpAEldrbeRLnUbENb6xYcd7dI976+OBozWoepFEQV/kaeqGD/rBbyNHdV+b0pVKS+NWxAMjA3heijKzXdswvxk+F8SEBkXk84nHFzbtVLOfDjaVpCap
