GmcONIA9PFzHw1gpPLLPoqev3ytAH5KO3S/CJpMsylg=
35kyjVfwBJgytCi6KM5Vug==
FNt9orFfFSbPIXNSbXcP2Q==
gE2g7VQeqq0h5MkG44fPUw==
A4ZCFW7RnVRfEnbtNxUDb8VFIQmzxcIFLuiIjRY2q84=
cwgQW1UgxyVfBeSrdwXHsPE1eoSAri+NViVSjTYe4hg=
pYn3RyiaY4vz2unSybTHuw==
mAzeFbkWBGyzJRgEWJSZYQNn44wFaguEUnqkvHVinQw=
NiGef/LGs6v8Em6sqLz1GYGKB0111uCW/TAqgkiW0+w=
2lfNnhNY+w/3xMaMUxJbE0YFT/wvMlSDz8Vrd5FEs18=
u4F5hWON6/+J9swu036kv4mhJt2OlCYZ993d5BvtfxgUzQNG5+UJe2TNKZkSCJMBUOWALG3YKDGcnKUlIIHcYfGOy1L00z6aUsiHPYMm+UM=
u4F5hWON6/+J9swu036kv+COfKKeE7pmAIQEJGPVvE7NP3H9xE/5zhxE0vrhSFeJtw1aW5+y71aF4ZK47h6FwxpfJ0PxXjc7du1y66wepR0=
u4F5hWON6/+J9swu036kv+COfKKeE7pmAIQEJGPVvE7/FSe84+WAn752o9zSdhqHydYmaJgjzZ27Agkk314ZqRK7081LNym97XwOLKxLolA=
u4F5hWON6/+J9swu036kv+COfKKeE7pmAIQEJGPVvE695D4AcAF9Mt3luOcSDdMchkOleCFr22RQEwnlXb1/ZQEAG0XVXtKc8JBQpMZYcE0=
u4F5hWON6/+J9swu036kv+COfKKeE7pmAIQEJGPVvE7SDoU2qsECcmgrdnDXDJQy1tcJ7ZW472wP3F1KTD4cN+TsAMxH48cTJFIb+qkuWwE=
u4F5hWON6/+J9swu036kv9jMqUUscsQYkSgDNrx+5x6kT0ukJTtEFqtxtErGji0rZjMdf9IiZMNk/sS/vBeCVKYOBfEnG9GO9b0zHeJBQSk=
u4F5hWON6/+J9swu036kv5HP61RF2rTWzrYkMocObEU7Tty7LbaR9urSpz9Wh2dZX1FA+Qset/0srhpKWhUBuU+5RONmq+yxQHZc2100Uok=
u4F5hWON6/+J9swu036kv4teeNC1MSN+i0HClcs4m3UNdwGlLAFsPt1DE44iYWF0OXAt4cLr1Hss/KMkW2QR02PrOEvJtBtsY1Cc2LjRiJM=
u4F5hWON6/+J9swu036kv4teeNC1MSN+i0HClcs4m3VYoGBpVZBwEj7N7iAkMNamzB+njMXjM4eIm28uhYtgjEswZUPTTjizA/L/ffDbspk=
u4F5hWON6/+J9swu036kv4teeNC1MSN+i0HClcs4m3Vd5L6yerB+7HiWTun2Yn/VYkLCgOYcoAxiOA0foV+mRn1K/fb4wm+nx/cU2z7YRtI=
u4F5hWON6/+J9swu036kv9Fgutx3PhKec5y6UbbUpDFDBEPpQff+ghDu+2blEGE7mxAkzDhkKfyJed5IanqDEhbWCIBfubs3Z22XQmDJ9Bw=
u4F5hWON6/+J9swu036kv3CZ5CY7/G2FV7mBc9W7PBqsHduKH1ZDULB4niWCQcPu+kJUeaZY/HJ1uAHHba2kU9SnuNvQmmC+hbOeZfHrxvM=
u4F5hWON6/+J9swu036kv3CZ5CY7/G2FV7mBc9W7PBpvyxZSLUZmU8iQyp+Ct4RGy76fH9anmrdRyKLO/f2yb6YT6czEeqSDPozwNdoLmto=
u4F5hWON6/+J9swu036kv3CZ5CY7/G2FV7mBc9W7PBpXM1mm1mG++FZAZeCuXVuoy+0TqPdBRA/gVI7LKV+HKoEPzN9RVwm5+TRbQlN/HXc=
u4F5hWON6/+J9swu036kv+UiTxvxVBlsPJCBXu/Rxt2Gv+mM4SpQ7t8aqs26zUuvjvmScRmD1S/BQJ3wYG6pXcOkm5xFkK48USTEBtmRpqc=
u4F5hWON6/+J9swu036kv+aN0YjlLLs/TJH5rKtVxFDQBIcB2UvCAEZcu3CIfGQbqyKg9BR7CWnNk5U1D3YGvojbBGHPdMcX/GSu44db4+Q=
u4F5hWON6/+J9swu036kv+aN0YjlLLs/TJH5rKtVxFAVBDxtTtcg5FN1HfVpncTj5hbPa1uw0Wwf884H3xCO47WYdOGpAbt3YKZGdkrrX0w=
u4F5hWON6/+J9swu036kv+aN0YjlLLs/TJH5rKtVxFCiACUYsAQ0Uoaiqn1fQHd1bUZnhru7vCZ8wBFjC/X9VdqFQ56JpXKPn8V27bVebZY=
u4F5hWON6/+J9swu036kv+aN0YjlLLs/TJH5rKtVxFBNNquQ9iW6JTmBse/U9qVzZkA/wGIlcjr4qnqv7/BGeE2aFZ1Nj8AH4dJPBei36jY=
u4F5hWON6/+J9swu036kv+aN0YjlLLs/TJH5rKtVxFCiACUYsAQ0Uoaiqn1fQHd1bUZnhru7vCZ8wBFjC/X9VdqFQ56JpXKPn8V27bVebZY=
u4F5hWON6/+J9swu036kv3mlC47myPUcYF9RLRmSqgHeOraEKy/KIH/Z5ZWEqQPCurETTlxan7kHDuVYs1KEpDi1yklM84/NJRtOFK5l/3s=
u4F5hWON6/+J9swu036kv3mlC47myPUcYF9RLRmSqgFJrcmj025ILuijfgoFXDROHfsofSqftpv5ir7oVb4WgT276LJJWj6aMRfJEM9MDp8=
u4F5hWON6/+J9swu036kv3mlC47myPUcYF9RLRmSqgEdvonlEYE42QugH4fsaxdDu7rVZt+3Mb1zdc6lGr/Ey5x4XkF8poLHts+dUWLj/5Y=
u4F5hWON6/+J9swu036kv3mlC47myPUcYF9RLRmSqgHTsBpvbjaSxr+d2Q+GAKQpCe6KNmZrQeKULpUB3TsZbMUGPYM7W6dykvbtjmpRFzU=
u4F5hWON6/+J9swu036kv2dpytqCDAOUQwnunKlvrS4gasdLqxGuCrr0hgR6GkTxCtq0+eA/t+AgGs3l8mO8O5J9ACtxo0HU6fNtEbQxXQM=
u4F5hWON6/+J9swu036kv2dpytqCDAOUQwnunKlvrS6I9V/QabF84R7yLtogXzmV95prRvmkHIKoeedjUPZR4ltBBlMOQyQbnZWZPLEWbpE=
u4F5hWON6/+J9swu036kv+vqk6U8Bi6yBQhdnyfYWE1AYv37UnJOE1dtL2NrPHwAU+iK8srg+x/PuiqOOqkBaELK7wnw4V22pnsTq3W1x4s=
u4F5hWON6/+J9swu036kv+vqk6U8Bi6yBQhdnyfYWE0g3LsZkY3Z0lM1i2nD/lo25DTcHv55brluPG7xmFxr4LSVMCPmFX+jlMWagKjmq3Y=
u4F5hWON6/+J9swu036kv5OAykCPr+fDEj+4TtNa9G7kFN2S1QsbWP3ZleLeF2BvZ+0kTPm9aWSJ8x8aNqvwaaQo/71M8SX5xFSX/hBMW4g=
u4F5hWON6/+J9swu036kv6tJtfXJdFv9DGdqs+ccJpJ0EheVdDym1ep/d6ape/SbruzoIZr6QvHbd4n7QdH79qerS6+03tstbdHhfcYNHH8=
u4F5hWON6/+J9swu036kv+1VnIJ/dd53Z3J76rIBnFDdKx9mhnieBkWSSJBgb/yCpHfqY5c1O77Dda0QIlwp6axrYLe8QBJlOyR00wDHm+8=
u4F5hWON6/+J9swu036kv+1VnIJ/dd53Z3J76rIBnFBYv5PvZqUJMk1R+KTxaxZFVEAaW3wFy7D+CpqEo27RV1FBhbe4riKOLrYTIHncA1c=
u4F5hWON6/+J9swu036kv+1VnIJ/dd53Z3J76rIBnFAeVkWmpT29nP8m3wZjJNkMCtN4bu9DWsVmrmumVWoWBerbtGcAii7n7vxmhW2K+W0=
u4F5hWON6/+J9swu036kv0kjmB15Yw5nlJbQLOwdpzAuick19IfVgS5uUkn3Z4/Q1JtAnc5nlq38JCOjG4NQ/lyztta2xX5Ly1Y8lxX8D/8=
u4F5hWON6/+J9swu036kv/XTeudtIEXftbHN2sQnJNZTvIZzvJMlNqibXBf93vXJfO5k+M2PK4I5HPysJ9VaINUOHAKG83C1BdEQ3wm3IDw=
u4F5hWON6/+J9swu036kv/XTeudtIEXftbHN2sQnJNYpn/ukFvRxlSkqKt6frHyArO+xfo/e3mHSU3EXaRcUIpCaiCXyN24nnIAv2czpLUQ=
u4F5hWON6/+J9swu036kv/XTeudtIEXftbHN2sQnJNa0SEXp11cWCmZUG6Rigq/tRvrDocgxufxNRjk2eW3n6CaNhLAHk+y+FPSYXAb/taM=
u4F5hWON6/+J9swu036kv/XTeudtIEXftbHN2sQnJNaZVzB0Xb3nF64rbo03zVkLqh519muw7akbtvIDPAUkdbNj+zWwWA7nI8JNPaJtVRY=
u4F5hWON6/+J9swu036kv4nmDxWQQ+p4dXSN381djW/+u83zeN44GSOoqqWrzbihmBQiZoM4Xj4FGUy0HbwtuTXWoEpp9a33s+9FNVZGzMU=
u4F5hWON6/+J9swu036kv4nmDxWQQ+p4dXSN381djW9rCaUDFEBpGl0dBKUNEVC4jFSxNErUgTnkVQtJ9rH+XU2YtUgFeP+2q9TSrYFRsY4=
u4F5hWON6/+J9swu036kv4Y0D07c736vJHQxxNyD09K3WIwolHfaOZcCfLue8oFiGQsVVF6OgoAicqsPtJexHHusXV3J1JjWxnQzgfFMNJg=
u4F5hWON6/+J9swu036kv4Y0D07c736vJHQxxNyD09KvLiu+9g18Rz9nTRzHOZ6IKRIkPeIiX4d6jnMJn5UGDeA1rLSxrCLPszK4RTc1bvI=
u4F5hWON6/+J9swu036kvynJ2dCOKddijD9v2ZqmmFlYcEUpKr9KkgMejunPE9nIjYatUZpSBH6anQ+loVAZ954OzKd2+vdBmRqIAu+Zecc=
u4F5hWON6/+J9swu036kv7uLeBKae478uTTji6rbx4LYyET6duZSUMu3F3yTM08tRaBdHfx3l5f0/OpVEYG5e2yInBr3C422pvDN3OZjOUY=
u4F5hWON6/+J9swu036kv7uLeBKae478uTTji6rbx4KuQCk6LkDldZ0vU5oucGBZsolOyr4JXCr+5bkfuil0xOKdJc3SrTlRn7FqPdvjKuQ=
u4F5hWON6/+J9swu036kv7uLeBKae478uTTji6rbx4LYyET6duZSUMu3F3yTM08tRaBdHfx3l5f0/OpVEYG5e2yInBr3C422pvDN3OZjOUY=
u4F5hWON6/+J9swu036kv7uLeBKae478uTTji6rbx4KQ9UNUTVb4Vxa9M7wQVOIR1t7HAxhkmf89a1beJkxfxa8ob0M+r7LQuCDgbbij/dE=
u4F5hWON6/+J9swu036kv7uLeBKae478uTTji6rbx4I/J2Ro6bPwlrMPuWYBglbZQekgwTfcfdNY5amdLS97kzhj502XMj4uVbDzexGfK2M=
u4F5hWON6/+J9swu036kv7uLeBKae478uTTji6rbx4JIofwpTByTaWmEEz3F8m3Fewq2ehMM0+F86darTlav1O0JA2Ksjr6+C9jKC31ZjYI=
u4F5hWON6/+J9swu036kv7uLeBKae478uTTji6rbx4I/J2Ro6bPwlrMPuWYBglbZQekgwTfcfdNY5amdLS97kzhj502XMj4uVbDzexGfK2M=
u4F5hWON6/+J9swu036kvysBp1DY2yuTLdRT+dBVNNmc81wREV4aNv9/f+7Z51sGwIc80yaU308lAJDUmlu6cOYYEiA8SJjo3pvSnLYeV1E=
u4F5hWON6/+J9swu036kvysBp1DY2yuTLdRT+dBVNNkhfwZhzUy0vj3u67bBoe8Ur1X5lyFISI77reBFhH+7IWNNCKVeeehAgbWO3vKP6xA=
u4F5hWON6/+J9swu036kv4Eiyy30oBIUtp6+TGtji4pAigNNpgKr0T3e0FLFo0+YtYnZo8DazBK1nYfAbi3jFoXKro8ol49FpZwmmSGOGno=
u4F5hWON6/+J9swu036kv0AhKPjSwnSZ5z3kr2ETMQveEzWOvCeR3m4r4tCquqDFE4tolGh7J3VoPIk9Z45r/JiW7UGKMrv8A6brix1e5xE=
u4F5hWON6/+J9swu036kv36OpEPnqggHq6kPpVA7j3eezW6T2Q5lQ0S0cHLTI7ohxuPJGfk4QKMtLAenSHSJQQ7oega0w6Jvbc25t+FM5YE=
u4F5hWON6/+J9swu036kv36OpEPnqggHq6kPpVA7j3cO3Uyh9i3UUV859HUHdWSUF/4pzMfxgiU7bD7JR1QWv9uCtrOCw4EfpEXBtoQYOPk=
u4F5hWON6/+J9swu036kv7acsOk9iB1mv6Y6GiSN1KjBvUxUZqNWgJIoksQC6ar7Fl3hAnOBYcotOtszfLjceGSdZsIU0jBtxG1cRslbRJk=
u4F5hWON6/+J9swu036kv4rsW100KGker9MmsMdbUnF5RJCvO+tOtEV4k5KhksXt2iziloWseqIk5jaczupWX2aN7JW6zCiFdLZqjMbB/bE=
u4F5hWON6/+J9swu036kvwhc5iDeugzGhi2ZURmU48opltFFyAvHT47E9uLla8g6/qv5Pi5EH2UJns6Rl0TzYm9U/QCRfPPq700u5WhAJY4=
u4F5hWON6/+J9swu036kvwhc5iDeugzGhi2ZURmU48oQWGkNav3slcbvoxJ83HCh9VOp+QrZf2XAtndOEmXXQn8ag1WMaLVDTNP3UTNLLs8=
u4F5hWON6/+J9swu036kvwhc5iDeugzGhi2ZURmU48qGYBVCoStoRzDvTej9QWZZscGbv2sIel2rIj1vXbOOz4tDcF43kzfVPhoqXNNEa5A=
u4F5hWON6/+J9swu036kvwhc5iDeugzGhi2ZURmU48ocImZlG7WQwKpn36rkNJCaiv2ZweQi8pSn0IdNMa/jJqy3QQYyQ0v1B/uLaVqPkqY=
u4F5hWON6/+J9swu036kv22ykJ6Fh1db500FQPGGNzmV3M76EUwmxSqZtuzvC8GC/G87s3l9gaOt+Z7AxjErHSeW3VGvfSR3VTnfwjZItTE=
u4F5hWON6/+J9swu036kv8JNoOBdswsE5sOhK0Ujro6kRVf4niKfe8e2MD1tX9v/w9niA8TWsmzun49s70w/S/57z2XSV7neFy5h/hHUTy4=
u4F5hWON6/+J9swu036kv8JNoOBdswsE5sOhK0Ujro4085yqeI+5sK1UaHFBDb4LJcT/BXSgm5Y6n3AaFzWz8lZmqZverQBZPZQGDySQSFU=
u4F5hWON6/+J9swu036kv8JNoOBdswsE5sOhK0Ujro6kRVf4niKfe8e2MD1tX9v/w9niA8TWsmzun49s70w/S/57z2XSV7neFy5h/hHUTy4=
u4F5hWON6/+J9swu036kv8JNoOBdswsE5sOhK0Ujro4085yqeI+5sK1UaHFBDb4LJcT/BXSgm5Y6n3AaFzWz8lZmqZverQBZPZQGDySQSFU=
u4F5hWON6/+J9swu036kv8JNoOBdswsE5sOhK0Ujro4+WiDDL/ef78fKaK43j8kg+0qc9gs8H6QB3KKSAJr6E3OvggwEP/jsRk7IM5xq1YY=
u4F5hWON6/+J9swu036kv8JNoOBdswsE5sOhK0Ujro4TpY6Q2SmcFFd+GMzgzlsW9aGP9kGd7AEdc/euYgaB4/lyURWMGYcEbjBGB80xt1o=
u4F5hWON6/+J9swu036kv8JNoOBdswsE5sOhK0Ujro4+WiDDL/ef78fKaK43j8kg+0qc9gs8H6QB3KKSAJr6E3OvggwEP/jsRk7IM5xq1YY=
