GmcONIA9PFzHw1gpPLLPoqev3ytAH5KO3S/CJpMsylg=
35kyjVfwBJgytCi6KM5Vug==
FNt9orFfFSbPIXNSbXcP2Q==
gE2g7VQeqq0h5MkG44fPUw==
A4ZCFW7RnVRfEnbtNxUDb8VFIQmzxcIFLuiIjRY2q84=
cwgQW1UgxyVfBeSrdwXHsPE1eoSAri+NViVSjTYe4hg=
pYn3RyiaY4vz2unSybTHuw==
mAzeFbkWBGyzJRgEWJSZYQNn44wFaguEUnqkvHVinQw=
NiGef/LGs6v8Em6sqLz1GYGKB0111uCW/TAqgkiW0+w=
2lfNnhNY+w/3xMaMUxJbE0YFT/wvMlSDz8Vrd5FEs18=
u4F5hWON6/+J9swu036kvytsDgYi7Q2urvi3JRUM2UOnN+6DBO/ckVO0lS43aO42+l1LVxQlprCth+pNlQ8aUXMA5LjONbAt7TlXCqtYoA0=
u4F5hWON6/+J9swu036kv7zRbOScqH8tfzfN30KwWBVcQf8FY7P7YgTLYJazxbJ3qa6IN+ntp9XBjttnH5f+kWrpFm7kBiAxDqi1t/lfV14=
u4F5hWON6/+J9swu036kv7zRbOScqH8tfzfN30KwWBUEsonm6YiZwTfR2wA++wLNnHiQCNxhwf5jOhK/jVRQzxLHneoKdlCCuRaLTQKiFsE=
u4F5hWON6/+J9swu036kv7zRbOScqH8tfzfN30KwWBUMiRk8Tu73HXNDE6Ao/S/AaV1+b5fbOr5opuUMe7ErDtcYR5WqXCpCOHY2EuS2t/E=
u4F5hWON6/+J9swu036kv7zRbOScqH8tfzfN30KwWBU7G8UwGBhjjEqZykJ87iE8fXMFPcydsTo0an5F8eWvlgjUir4W2m9sdy2I4EHfJuA=
u4F5hWON6/+J9swu036kv+ZrKJFF8zzER68UT+7mpJS6HYHFfb2T3xjQuZHeZ0N83UMcEZGMxfVljkaRkIXjMdL6P/3/+K5SJrhqbXJMh3E=
u4F5hWON6/+J9swu036kv759d8k6jdTHTOZQY6pgF3MbhYAiQ5ksHKkMNT0k7bS6OrSEJuHgdXz5U09KwlEes3o+nZctmBlsYF11k5x5qlg=
u4F5hWON6/+J9swu036kv759d8k6jdTHTOZQY6pgF3OaGpmZXE36X8VxqQW0gc6SaFpiFEZtFYRz+dgXuB5YYMG2WTKL17M4vphG0ArwpU4=
u4F5hWON6/+J9swu036kv759d8k6jdTHTOZQY6pgF3M7hr2ODBT4gFLO79XEby4lA+ISCBZxnR6OHEvo/qbjZ4VRNmFDkSz502y/0o8Qwqw=
u4F5hWON6/+J9swu036kv5K0kBYleCGio/n8w5C/f7cXkn6aDiMu2lvHg2sx5oPgwBwEhhzCksw+JhmVfcoBu3yrgbFxo/EFY9H+MyuixJg=
u4F5hWON6/+J9swu036kv+M5099fbqc8sMrPZ2azJsU3WNJDNQzzauUIpTky/IalIBQPRScES1UksxC7AZMvjqAp1bWq8JjqvWKaCnFak5c=
u4F5hWON6/+J9swu036kv+M5099fbqc8sMrPZ2azJsV+ejqZIn/XiTf7zrcnPBwiENTJ2r3kw/vesceOS+25uBVl4zB/mJBzdeenEwcEC1A=
u4F5hWON6/+J9swu036kv+M5099fbqc8sMrPZ2azJsUP9olfgDo4k1EBzS8Fe2Ni4wpsITSLMlVnLcbGf9totRg32W25AqoHPpasBZI/9t8=
u4F5hWON6/+J9swu036kv+M5099fbqc8sMrPZ2azJsVwklFk2irL8mIDtblqLFooe2wmnMbG528BwJunX0zaLKlqsnafVDJUXzx7j8a8nc8=
u4F5hWON6/+J9swu036kv+M5099fbqc8sMrPZ2azJsUP9olfgDo4k1EBzS8Fe2Ni4wpsITSLMlVnLcbGf9totRg32W25AqoHPpasBZI/9t8=
u4F5hWON6/+J9swu036kv+M5099fbqc8sMrPZ2azJsVwklFk2irL8mIDtblqLFooe2wmnMbG528BwJunX0zaLKlqsnafVDJUXzx7j8a8nc8=
u4F5hWON6/+J9swu036kv+M5099fbqc8sMrPZ2azJsW3C7TaPYLfhT6tVFxg7bX3JW1a4V1WrOxRjldoBrxQbP+/TZIoJC/QSaJHlb6kf14=
u4F5hWON6/+J9swu036kv3YvaYP6m85DjQVqruaELzR3LkeBVZ0bY2vZhld3FyUVwjfQDCm2h35raSn5PXG0DgDx7QiP5kptZrcP15gbM/c=
u4F5hWON6/+J9swu036kv3YvaYP6m85DjQVqruaELzR3sk3QICKdWzcPj4Vio5ftdRpW+iTkS9XVW5HBIazyXv+/1UdOHDBe6empsDRxkbE=
u4F5hWON6/+J9swu036kv1PRpFzE4QqymV8UeGbyd5DSj7cQAVfg9bUhVYHrpr5qmKH52U2Fru6BCkJ6v+sDrAFabUc1pvEsCuYihSJFWxE=
u4F5hWON6/+J9swu036kv1PRpFzE4QqymV8UeGbyd5BKEmUtIS7QbPm0+rlSi7/Penpf82WTN0YdYLr3E4AOUq5cIaxgOHSvtd5ZnnKC0LM=
u4F5hWON6/+J9swu036kv1PRpFzE4QqymV8UeGbyd5CbPczBZwnnU4+OEh6iMXE5gHpIzsvyIgoRDBIbn3xvQMprKylMgviKpst2MqkQDJ0=
u4F5hWON6/+J9swu036kv1PRpFzE4QqymV8UeGbyd5BLxTIoSq1Kmz0Vp8IxWe850I9tGulU+mjiUHssqmk3wjmI9nxGBY+7Fte+0JQgv3M=
u4F5hWON6/+J9swu036kv33vFLXukC5UpeWAZSxqn24jQc8xkOouQ9Mu+kziMCOR17JvzWxao3G0cWOOEHV4G9pHDNgY7zWTkJevKycxvQw=
u4F5hWON6/+J9swu036kv/dQMoXkFP2eRyx+l/rkBKcqjrR97iEYJ+zMSHRTzh3bjgJkcecwyszfkDazYYdNkUgn9Q544ZxNAJ2IWwY2U48=
u4F5hWON6/+J9swu036kv/dQMoXkFP2eRyx+l/rkBKe5CshgPSB6Z7XlTWt/8O/9yYhsX1JZL7jXOFfTMWYIYY8ayeYOaRSjoLNt2HqTiEk=
u4F5hWON6/+J9swu036kv/dQMoXkFP2eRyx+l/rkBKcqjrR97iEYJ+zMSHRTzh3bjgJkcecwyszfkDazYYdNkUgn9Q544ZxNAJ2IWwY2U48=
u4F5hWON6/+J9swu036kv/dQMoXkFP2eRyx+l/rkBKd753kcvy8JOM0HKWcms29iOdvLRJV6gI4SJxeZqKWKMSMa/Ciofy7tUwTYJ/MvKyU=
u4F5hWON6/+J9swu036kv/dQMoXkFP2eRyx+l/rkBKeOzrggr/Uxc27FsWZJmosJRJNk8cdSJEO/Z92XIHBQ76V9O8f8/JQojeYJ7pT8Frc=
u4F5hWON6/+J9swu036kv/dQMoXkFP2eRyx+l/rkBKd753kcvy8JOM0HKWcms29iOdvLRJV6gI4SJxeZqKWKMSMa/Ciofy7tUwTYJ/MvKyU=
u4F5hWON6/+J9swu036kv/dQMoXkFP2eRyx+l/rkBKdZJueKmSAt/sce83AI+qc+gNdRCv2Idzcnfvzxe08u13SIUzTAe5EKUihQvlMPdCk=
u4F5hWON6/+J9swu036kv4OGZC1PSLfZapLrY4D20I6OospW3082Gz2EDb51hB3z7npT0WAjAlk/RvdzFjWBLudiTckKLLpAOWgDa0VcWuU=
u4F5hWON6/+J9swu036kv4OGZC1PSLfZapLrY4D20I6TW3DOrUJf9Qd2kayrMbJjStsmDTMb72NGolALk2EnW7arBQiqWox9epg0vmT0iwk=
u4F5hWON6/+J9swu036kvw4QywoJDhGWI+F8iQHDnMqzaDONFtLk8sMlQqLOl++5us7X3Eg/leCZVIqLwLTcyE+3qRH71CbOXYwKaGh8s4A=
u4F5hWON6/+J9swu036kvw4QywoJDhGWI+F8iQHDnMo/3dAh5tmFldu6z98AYpzmShPcd2IZZK1CArURSPkm96jRoRPeFoyrTgCgWhwcUOI=
u4F5hWON6/+J9swu036kv7tqz6KPsFHMWgEZzHkZr7iOeztJUtBXIZF5V7NUK2hVS3cJJPIoP87ZdMlO9cD8WmoGl1KBsl9bBc91ZPFTak0=
u4F5hWON6/+J9swu036kv7tqz6KPsFHMWgEZzHkZr7hLISbSEFF9wIS44KwubFYSNGTCjTxqB6CfUhO9p4ufy6m4xjE/HlBa7xZm6U9jE74=
