GmcONIA9PFzHw1gpPLLPoqev3ytAH5KO3S/CJpMsylg=
35kyjVfwBJgytCi6KM5Vug==
FNt9orFfFSbPIXNSbXcP2Q==
gE2g7VQeqq0h5MkG44fPUw==
A4ZCFW7RnVRfEnbtNxUDb8VFIQmzxcIFLuiIjRY2q84=
cwgQW1UgxyVfBeSrdwXHsPE1eoSAri+NViVSjTYe4hg=
pYn3RyiaY4vz2unSybTHuw==
mAzeFbkWBGyzJRgEWJSZYQNn44wFaguEUnqkvHVinQw=
NiGef/LGs6v8Em6sqLz1GYGKB0111uCW/TAqgkiW0+w=
2lfNnhNY+w/3xMaMUxJbE0YFT/wvMlSDz8Vrd5FEs18=
u4F5hWON6/+J9swu036kv5JkKgJUPzMHl0fGo9T8FTTyjN5c3VXggR24/k2a85MMyIZAlcm4ccDPrKE+85qd+xwi9K+XWwNEH4LvgVS7jkA=
u4F5hWON6/+J9swu036kvw1CeWcTNHEw3e5mCQfB1RzTuL88JaxwFNQfl/7tUQGr8dzLxw6Leo1sKH1q/+192an8dNhcPn8VVE2ZQ7T5PXo=
u4F5hWON6/+J9swu036kv7GthJj54NjArvQQgyxdmFoQUqHzcvdtb2gc2HmdXvxlHPB8pvN8x4NHplJi2VYTU3TuS5o9/tYTr1k+/VU/S0k=
u4F5hWON6/+J9swu036kv7GthJj54NjArvQQgyxdmFolyYl2a4vCQ5MaO4SsdHZC/d9W2HSgknxUVHddl1/2zTVxevG4XVC/VDX4nc4vZjA=
u4F5hWON6/+J9swu036kv7GthJj54NjArvQQgyxdmFo921UVZN4smOgb/rmty+veR+MdyleU3Qk+PUC9Aihc35+9FyHKB7J/IeD4pHD2Gf0=
u4F5hWON6/+J9swu036kvxvWqUz5IXklox7aUp/SuowcUpRp6lFLmRzDhCMfBXZFW/S10igETavudkM0+qKJVATZtQsngJpBL4hMF0fdhr0=
u4F5hWON6/+J9swu036kv3xolrlbGD/HlMJuZpUNMTphzYEMm5qzEdMEM6m3FMs/wQZyD75aTD3CM7kzexe3t3jTOCmppVcK/AXuDU23XNw=
u4F5hWON6/+J9swu036kvxUINGek7VHiPmwcD9JX9Nq83CUnEfbJblRD9Lai3O8jy5yHRCKa9OY4pue6d0DlFknif7EZZhEm5TxVi7ewy+4=
u4F5hWON6/+J9swu036kvxUINGek7VHiPmwcD9JX9NrGZpSEUBYvUzHmoYbPdaGlg9koK+XbP23OHUpeHvT2W4LzO8fKVGq0X1GloEk3cfg=
u4F5hWON6/+J9swu036kvxUINGek7VHiPmwcD9JX9NqeRdFnsaf3v4D/wjxyNExcwkAZ0odKGYAgVVoZPxiFnfkkVP+QODrWfy2j3MQntNQ=
u4F5hWON6/+J9swu036kvxPInGSWoYKDQXfayyd4UqKjBTk2JqHgpIInwDS7pVZcFi1HlrxUfcU/ImbAaIwNxJ9zFEs0jfPFqorO9ffjIIg=
u4F5hWON6/+J9swu036kv0ZcEcU5IgtMFkOnyY+TujqcjDGuY+0eOQ9i0fV7Q1dsiCW1/dQxK3UfRE9I93SM6OAl81JXFBEPDyclzOZ4Dp4=
u4F5hWON6/+J9swu036kv0ZcEcU5IgtMFkOnyY+TujozLFsu5RdZve5x3yKQvR6rgXNbL2TWXRM/nh11pBKybQ5OP6Cl/B/3GYXnEGkpnRg=
u4F5hWON6/+J9swu036kv0ZcEcU5IgtMFkOnyY+TujqqT7z2FNuat10pWjxHjpr2f3CuiOWdzARBVrdUXNKEo6zScYJF5MJKlek0+Y2uR6g=
u4F5hWON6/+J9swu036kv0ZcEcU5IgtMFkOnyY+TujrYqoQI1Blb4unn/DhTu+ZqPRzQczh8KtzP4og3RuVCXL/lKrx3ll/+DfYkEv/4S+c=
