GmcONIA9PFzHw1gpPLLPoqev3ytAH5KO3S/CJpMsylg=
35kyjVfwBJgytCi6KM5Vug==
FNt9orFfFSbPIXNSbXcP2Q==
gE2g7VQeqq0h5MkG44fPUw==
A4ZCFW7RnVRfEnbtNxUDb8VFIQmzxcIFLuiIjRY2q84=
cwgQW1UgxyVfBeSrdwXHsPE1eoSAri+NViVSjTYe4hg=
pYn3RyiaY4vz2unSybTHuw==
mAzeFbkWBGyzJRgEWJSZYQNn44wFaguEUnqkvHVinQw=
NiGef/LGs6v8Em6sqLz1GYGKB0111uCW/TAqgkiW0+w=
2lfNnhNY+w/3xMaMUxJbE0YFT/wvMlSDz8Vrd5FEs18=
u4F5hWON6/+J9swu036kvz39QGBJFZNrYrbJn8voXwr2tm1MNoW/k+QsNwexnkYr3Fhor2u0rOIJ1euQ4zFkG4Sa4kjz6bFKfKz3uNeAgi0=
u4F5hWON6/+J9swu036kv8NLk6kxtJvJSa11RVMAQUN7fEZWQXWwbILMq5CYyjuyn9xJ4XDa9IzJhpB42WEZ20TJMX2NTuY8tVjM0Wl05wE=
u4F5hWON6/+J9swu036kv8NLk6kxtJvJSa11RVMAQUPOmi/sA+rsb8klN3RuKChRfZ2PMjGLab9YSyQBtkCEznuqsD6GqwV+3WLI1p9lv3A=
u4F5hWON6/+J9swu036kv8NLk6kxtJvJSa11RVMAQUNkvGEZ8hNKBtxeUWIAL3U09cxRJokCEsoU5yBV/V5jhoukxsZXCXBThgVZTk88T0E=
u4F5hWON6/+J9swu036kv8NLk6kxtJvJSa11RVMAQUPOmi/sA+rsb8klN3RuKChRfZ2PMjGLab9YSyQBtkCEznuqsD6GqwV+3WLI1p9lv3A=
u4F5hWON6/+J9swu036kv4Honmwvk0BLhzqd041qSKvZT1mFcAdE9lnkv7+PSWlvKbe7aKpSumwLrhxjRkwGKGJQwLhrZfoSxjTie62dass=
u4F5hWON6/+J9swu036kv3HOaEQrCmi9g1KiFg3c7y18EgtIAF4qbJzIsFfTlHPPPbtVeT8bI/pgnuwgaUxS2oIyE7bu64lzzeK6xeQqFYI=
u4F5hWON6/+J9swu036kv3HOaEQrCmi9g1KiFg3c7y1NDJizkY7igBUFAHp9jNPDQXmjUZc/6vfDVulfcwCTfDU99p2XXvoNbiHVTydXtoU=
u4F5hWON6/+J9swu036kv3HOaEQrCmi9g1KiFg3c7y1kH4vO3Y+QlRd+px9bFXwpnaR0Cc0JO48Bk6UxW8RMwmsq2RCtK9SrnSs3Hud/Ex4=
u4F5hWON6/+J9swu036kv3HOaEQrCmi9g1KiFg3c7y1PC7Fwuj5+iCbwGzTkSrPzRXxLyb9mLX7lAx5FQbb8NF8n6vZhZbD8js8ZMvB6Y7A=
u4F5hWON6/+J9swu036kv3HOaEQrCmi9g1KiFg3c7y1kH4vO3Y+QlRd+px9bFXwpnaR0Cc0JO48Bk6UxW8RMwmsq2RCtK9SrnSs3Hud/Ex4=
u4F5hWON6/+J9swu036kv3HOaEQrCmi9g1KiFg3c7y1PC7Fwuj5+iCbwGzTkSrPzRXxLyb9mLX7lAx5FQbb8NF8n6vZhZbD8js8ZMvB6Y7A=
u4F5hWON6/+J9swu036kv3HOaEQrCmi9g1KiFg3c7y06a+8K7Hq73Y7pMfgLt6N3tl/ldcTIjLV9Wet8HmOdC7SduqVswIglM+kCvdTZINk=
u4F5hWON6/+J9swu036kv1ID4HxDnJXHyIcrfBkK3U5RonghoMwdwd/7g1g673mL5E5k2UulwebByOarP1SdSLpAtLJRaK8NsSQBH/BsBHM=
u4F5hWON6/+J9swu036kv1ID4HxDnJXHyIcrfBkK3U5COqp1oynLXQYSCVY4FBSVqskTSLSe/JL70LWLZeiRqDBIhH7QOF9mZTuihilTvHI=
u4F5hWON6/+J9swu036kvwMU/qj3E6Q/G9+afe3ixhem0sbmhn30Iv1CnmdhA4hedjedgEOht8etlrOteo3f2pK7z08Uki+zn34f4iOpF5U=
u4F5hWON6/+J9swu036kv02d+wXooC4qpY+ntbbb2mBkOE0+8E6OMcVPm+H4YtecaRA5qyOwJlBtpv8Pp4d5DnjHLnExuB4MU9sbcvNJeNs=
u4F5hWON6/+J9swu036kv7IDIWMajf3aTC8hXCEfdXIJ6OKJPhkvdHhccFgg0gABv64dLxFOh0TrP8dNDaQFmsMTgcfJ1cmOkiW12qaP630=
u4F5hWON6/+J9swu036kv7IDIWMajf3aTC8hXCEfdXJyxp9momxSWIFoSEsmZuOpzoGN+drKFEwF2bI3ZQFKPXxh5KLniDvIPyIii2ZFG+Y=
u4F5hWON6/+J9swu036kv7IDIWMajf3aTC8hXCEfdXIJ6OKJPhkvdHhccFgg0gABv64dLxFOh0TrP8dNDaQFmsMTgcfJ1cmOkiW12qaP630=
u4F5hWON6/+J9swu036kvzt7SDiDJHGSYPkdZ7hzC12KgcvycrMQOuoDerw0KUl9rG/d82bNUYlAGOHCP0wAhGAEWvX+ULDTIz+4kwRi4xs=
u4F5hWON6/+J9swu036kv+MBybUZO4dwY5oH6pz4E0kIBoVavAg08TGMW4vkj4S7lRllNnUZL/oDUEOTF4a4i+rUA/pwCi0Tq9e7DibtAo4=
u4F5hWON6/+J9swu036kv5m2FFnpUaPGquLlF1Z8v8hFFVaSkXeXRx6kEQ+MLV5jScPdTuxejg/80sFn7yiCtgkwGsXwES1tC/oEr4P4a/g=
u4F5hWON6/+J9swu036kv5m2FFnpUaPGquLlF1Z8v8iywXYthOW9wToSLLdW9YN2qZJX0ohj5bmmMuLtKdk+tbKrqh1t7rDK8EjypDgYkjY=
u4F5hWON6/+J9swu036kv5m2FFnpUaPGquLlF1Z8v8hFFVaSkXeXRx6kEQ+MLV5jScPdTuxejg/80sFn7yiCtgkwGsXwES1tC/oEr4P4a/g=
u4F5hWON6/+J9swu036kv6GRQUMGk3+BynHPZosbTHzkE7YBqJZQCmlsnFvA7haKvb3dVuN/+AGWICD0rLtRIJoGfya1pGC22LjxxppN2k4=
u4F5hWON6/+J9swu036kvyhOe4429TOiOIHW8eh4l3x/m6SHH906OdV4hglgNGUXCyTy0gtewP5R5KKC0w/Y3WhWN65BJdfSE9JospKLHX4=
u4F5hWON6/+J9swu036kvyhOe4429TOiOIHW8eh4l3w+aroTp+eXsyB4VCfQIcG11wYNrvAPuy9IPUj3iTQxp+Y/b5BZkF/KtZWJuUVqAOw=
u4F5hWON6/+J9swu036kvyhOe4429TOiOIHW8eh4l3yHj/dNs8vuP15NM+zoBrUMycfa+p+FFkuLVdutj27HZagRrgEd21G06yZU4FBFlls=
u4F5hWON6/+J9swu036kvyhOe4429TOiOIHW8eh4l3zjkEc7f1xusVVhs8ne/as3jbM+6lDDsBKzHlRJdBW4Ju5O72t5L/5dSPLUbAHK65k=
u4F5hWON6/+J9swu036kv/1/8vyjgvM/SWiulJJmU0l1jdwOgAMI+2RlS2tQjjUM/Bir1Lfnw3kp4Q8Fa86V9++6bDUL1tqBXZ4WaDKLnHE=
u4F5hWON6/+J9swu036kv7vAwzR5ExXbqcmx1/QkHDZWrtVde7ne3Lr7C86uVvoqNIMbGEqLnurb3Uo150vIAMUh5LqCWuJ1b2BDOQHn99c=
u4F5hWON6/+J9swu036kvxGxrK023CgfwKiS8YaiUijd6wYMAYYTfBEGO8pfl2C6wEfR0xRmMtMaxgXu1EcWohitDj0R9gJlpatnNqjJ4OA=
u4F5hWON6/+J9swu036kvxGxrK023CgfwKiS8YaiUijAhIFFmr+6xAj6h6XbRZkg6vyfspm7rEQM8tgoFz4DCuwvgcM7KWhJYS5hemVN3lI=
u4F5hWON6/+J9swu036kvyPKTrKvZl+Pw6rs+i/f51MujWV5sYWwW8U+qpkO8738MrsED55DCKFWKB9992VRmBwIbjo09ZpHmGsR/vrayIE=
u4F5hWON6/+J9swu036kvyPKTrKvZl+Pw6rs+i/f51OjiRBxBqfFif6pv6LbJdC3b1SuKd2jpI1mzEORaTScFkn2RDF+Pyc0pjz7b/WjwJs=
u4F5hWON6/+J9swu036kv0+WcuR3+Nxg7LLs6mCXQuRXTwTOwwoExD/oQMm2lPI83l99Ho5iMRnphWSeEU1F0Mo5HhpTc/BBL/FQBDqDMLc=
u4F5hWON6/+J9swu036kv0+WcuR3+Nxg7LLs6mCXQuTOgD+xcoaMP2GJbeWjWMDEGu31njFeVsrf4ttpA+InY+LQWq8LWDeLc2uEoCmMdww=
u4F5hWON6/+J9swu036kv9M1nB4GqN75i2AJ5X9SvKA2wLFC7zoQJD4i8m+alpEc48HrcD++EhqPTEfNURs38L64rUbpWjV1olEnv5aFmyo=
u4F5hWON6/+J9swu036kv0XU4agnz7XHUI561XIzYxI5j/NKxhAIoPcxKp+CT68YKHtV142Z8bu7TPHFBkjd+bJYgQgw1zskRx34yVLih/k=
u4F5hWON6/+J9swu036kv0XU4agnz7XHUI561XIzYxIgxeyl7qvGc51zUUfgSUQJD5KY5ZuPdflSZ4JWG87fq2TDwapEkp3zXNkl1wjn91Y=
u4F5hWON6/+J9swu036kv0XU4agnz7XHUI561XIzYxI6Qzy0WvUrUQaopPTx24u0wZqqRMKGfxaF70PlMvnIGfL5B4xq3Tnk693L2Qr30/w=
u4F5hWON6/+J9swu036kv0XU4agnz7XHUI561XIzYxIgxeyl7qvGc51zUUfgSUQJD5KY5ZuPdflSZ4JWG87fq2TDwapEkp3zXNkl1wjn91Y=
u4F5hWON6/+J9swu036kv0XU4agnz7XHUI561XIzYxInzorK9rI9oHTqsjtszUcUpCSjiJfSQTOrCVm7zxwExXZ8KG+8UMHXNVcQS9iqF7M=
u4F5hWON6/+J9swu036kv0XU4agnz7XHUI561XIzYxLlrdYLRSGftgz8/JQftU+ON0vs2fyclgn/wJkGsPNWLskO4Z7edO5ouH8zY6FzePs=
u4F5hWON6/+J9swu036kv0XU4agnz7XHUI561XIzYxI33KSXkgEEAEv6ergeJSbgOZldncWs6M7EL6MvkG3mv3G9SxuZnz+JvvqsO+yPDCM=
u4F5hWON6/+J9swu036kv0XU4agnz7XHUI561XIzYxIG9FeqOJYYrG1ZEY0c4mSPYUGA93hzUjrH4gjtbFZ/h9QpQ2CVwus+LY79eKO9XOE=
u4F5hWON6/+J9swu036kv0XU4agnz7XHUI561XIzYxI33KSXkgEEAEv6ergeJSbgOZldncWs6M7EL6MvkG3mv3G9SxuZnz+JvvqsO+yPDCM=
