GmcONIA9PFzHw1gpPLLPoqev3ytAH5KO3S/CJpMsylg=
35kyjVfwBJgytCi6KM5Vug==
FNt9orFfFSbPIXNSbXcP2Q==
gE2g7VQeqq0h5MkG44fPUw==
A4ZCFW7RnVRfEnbtNxUDb8VFIQmzxcIFLuiIjRY2q84=
cwgQW1UgxyVfBeSrdwXHsPE1eoSAri+NViVSjTYe4hg=
pYn3RyiaY4vz2unSybTHuw==
mAzeFbkWBGyzJRgEWJSZYQNn44wFaguEUnqkvHVinQw=
NiGef/LGs6v8Em6sqLz1GYGKB0111uCW/TAqgkiW0+w=
2lfNnhNY+w/3xMaMUxJbE0YFT/wvMlSDz8Vrd5FEs18=
91ylcGzipzq3KPuudQKZEjtb6dujZH79wc0oYlZf2xeSfyVoadTHOfUa1OHzJ75ksRzHjjMjvWROX3U76/VAeupdTr9sxVPzb+DwZleOVS38qONvyYFwKpF72w9XThee9ZMDbcQDYoyw1HZgq0TU8DVK8oSwNatpiDNQ8Gj4gAzUaYyJRS9YcgMpb63MZmn+grHPuJjX6FbnKTgNNleZnBNYEB5qD9+QU131VDv/+WKaaSxtphzfeNuqGI6PuGph
Xd3kkpP2vDG4oo+GPXHeRfjSB5H/arUoaebQkl/SYFRQJtk4hPjzWezTXuN7Xt/2+Z7mSQI/C1eE/IgsTm9wnG0jORHFcaQFwcclXH9GYJ8=
Xd3kkpP2vDG4oo+GPXHeRfjSB5H/arUoaebQkl/SYFTWDj48Vxq0q2u3bDiVDX13O34sn8M61OY9ktz29QDC4QsIlSNjnsnvXJFCUiRzE26W+n2VcdS7nX/Sw5YQ+B/g6yCZch1OjZusubksPfOZxKcDA/SdBsdDeBZrse4oat8=
91ylcGzipzq3KPuudQKZEprMJsOzNcrgg/uV22W4NdH+eo9aU0lZkhKmklvRpI/XzjywZuVw0FauCw7RQIThXE09cMSsixH6ZVG54jlFjv2JLoO87uyKbkpOq2eS5Vm6AZt13z2L58jsbpovoVzVuC1y7s1TCH8AnjuIwAwGV+JrbMVfouQTOtAQ/D6/ggyXLPvfOP3ZNxFYywDXQLLBc0Ro0YSNwb5KD3ALVQSIEdqq5CdcIzgg67UzsdhZTdIG
Xd3kkpP2vDG4oo+GPXHeRfjSB5H/arUoaebQkl/SYFQwV+SNxUfWT7GXeTZW3QP9KyOK1GfOQa3IVI5AZ4BdVu6Tc7+DaHTg/8zm23AlPX0=
Xd3kkpP2vDG4oo+GPXHeRfjSB5H/arUoaebQkl/SYFT473eiIP2sCBsDPMmRILFMLOsswRbVbBLVHCAidRiWdB6kQ8121myi3hcoV8Dg1/AzJOyksS/p5aj7bxvfhjNzt3WgGLZIxTaG+N61EwWBXCKZIewZ2somxPaSfWMxbS8=
91ylcGzipzq3KPuudQKZEt4gYuvegCg67gmV8GElHN94YePc3vD+7kCGj7J9slscaxOrL5AAEG/2uz5EYAvnxnD23CV2Ih3QqjmqEXhqnJrKZBz8/srdgLcOMS7EuB+gF4icKr20P+IG7Z/fbfnFc4H1su0nT6aq3hJpMcfl/Kb4xVhE4YTuJVAPAD3aY+Tp3AFuV6YQkt0teOPrO5crmTl0+xIVK8TyDuwnyyxNK/KvqfzBjNptRiToNNFb+NyR
91ylcGzipzq3KPuudQKZEkUNTFaRr7K6iZ5y2r2G0TWNQqiZL4Vqhe2aQ3wB5sHzGU4lUbTIRKd3NZbrpcp3b5Jr5zJU+SO5dg3m+TP5qHDk2D9ZtCWsyz0BnaJsA+Y6CU8AuimmtYMmsfZBhcxdFqjZgFpazQ12o833VGsWFyU87seiapZiKqhUtDpXWRJ2r28KfjorwLLT1RLNJO2wLvKHjeh9Bay+xN9Cba9WXrgx/NuiwzJBdhr3ZuxPEYap
91ylcGzipzq3KPuudQKZEtaf2LtZxMd1yyl1uT2PbWDubtE3yt7gKwm3tzGQwqo2kVsvvIZMTHLZZVD1ckPTj/Kgq584vH41+JWXWgFEr52M+Dsp1kliwWgRGI2Qt7mEjpLSw5tnsDWDlL4DmgWr2mL6/ed2QTpYVBMbVDECjtmjiFT6CSUu/OhlTEtXq2TGde7nZ8a9ReAdp7IhRL95Lq/pXHwqyDETi+7WKb4DOQSB1A+xXMUHVvevw9busIL8
91ylcGzipzq3KPuudQKZEvE+uZSy5rXFkkhGsLrOeFNNTjpzdusfyB2dc5+0GasNkyboOnWhLXAfkV6lfR/C3SUe9VXrxWw6QK0Kop7g4m4HXJv6PGhV4z73fWaJU/1AVyMEBGWJxQSfwGwrgdZDpBXk+gN9n/kMaqJ5H2Oge4vXFVX6e+9e3a0w4Q+MEbCvKxV6VY16UW3ZImEsXeS73sEns96b+O87U3BmijVq+m/a5d7dTLXhEal8BNNBpAdq
91ylcGzipzq3KPuudQKZEs1wBkNI9p3XvBwHi4xEimEKX/osGvHcPmGoVkCFJ2H9jOdSvfnLT8OYaX4wqVjNHYciTrqp4pFzpecwSbb0W8LnOK98OLFITp+4ERZwrsgHczlA96XKxrRIhti4K3NWwpVML/SoIvVa1dri89qzL288G2Pdt5heUHkoy/A+Zvwzeqvlqhqfq+34xtggjL9f1REf3uMjxFgdLIs1v8TA2o5H+OfzUQugC3aZrOk7cvD9
91ylcGzipzq3KPuudQKZEkUNTFaRr7K6iZ5y2r2G0TVuPQPVM5cHAH6/J0h9TYifeebmJNJvOXs/BrV/NdIPc2kawiUTvafQ/tXjmMRTQPXvu1saGjFuryBEHAt+ytAi+myYPIAqSjIUCHy0eSrELuzDE3rhvhRg7xvefV51ikpkVLHyK4Bs7Jw55sJYngu2LaaZ0pBEbjxNoXCt7oEAK3YlBjLQDW+k8NucdSPqS97bj4Sy1KVrcp9TIqHvFsyK
91ylcGzipzq3KPuudQKZEvE+uZSy5rXFkkhGsLrOeFOYL6HG78LMzt6VngsmG3ZBT/bBGKvZxE5LDwUgwizWklNnFHqA1HdpeStjekv04qGIExUR9GrFfYTO9jRytCPpcfWOIZJF+U7+arBb5/xPKfhykp/SzFlniChNZ8DRwo5r1hD8pCtdozsp+ojrEjabygWV8oAtN1PT5bwyTAMVi5AzsgjPhIdFjoNWy1+HrDgMoCNE0bhMR5xZMkmRiHju
