GmcONIA9PFzHw1gpPLLPoqev3ytAH5KO3S/CJpMsylg=
35kyjVfwBJgytCi6KM5Vug==
FNt9orFfFSbPIXNSbXcP2Q==
gE2g7VQeqq0h5MkG44fPUw==
A4ZCFW7RnVRfEnbtNxUDb8VFIQmzxcIFLuiIjRY2q84=
cwgQW1UgxyVfBeSrdwXHsPE1eoSAri+NViVSjTYe4hg=
pYn3RyiaY4vz2unSybTHuw==
mAzeFbkWBGyzJRgEWJSZYQNn44wFaguEUnqkvHVinQw=
NiGef/LGs6v8Em6sqLz1GYGKB0111uCW/TAqgkiW0+w=
2lfNnhNY+w/3xMaMUxJbE0YFT/wvMlSDz8Vrd5FEs18=
91ylcGzipzq3KPuudQKZEgMIQSZywFGSwZGIq8kVHi8i+e0lEBz86iTlo3qEwhAC75rfbNLPVB/Z3IoTQWIb2rrZjeOR43iPaLsae4iLGx4p3sr0IhLgWN5muLha0WH5e7QkQHfVrK1zben3wNMqxk2F4fb7/mu351qBgRWVRnWTIIdWFe017taT9xrmNf0cjRJjXly5xKvAMETpBEcEhePIuEbj2aDESJ2iISgZB1Qb8Ddcvv7fDTDFVcmgl7FC
Xd3kkpP2vDG4oo+GPXHeRQVQNGnUL/SDs402ADxLnkcEr/mC5AQzE4yF5ZZnrfJmrXuQd5KKJ/EUMOxPHPsKdBixdza1W94W7u37oHMw8O4=
Xd3kkpP2vDG4oo+GPXHeRQVQNGnUL/SDs402ADxLnketObHV2w8aVpHvDa4Ft83pBHbmPx1n4fIKUUBBHhcnxOWmZG3yy1Cyztu4I7o9fV1vpUhZcaK0ji+9ZdqvdvFrMKhN4YYnzAzn5A5keFUKh3hcI8QaqZSWWGK1aJ3iLZs=
91ylcGzipzq3KPuudQKZEgsnfLYdjh6ZwEfaw7DOWmac2/4mQA/rakPustxvgCrLPnVFcsQgvba/sjRKmKtjqawOAvZWIDZH9iXLAo/HzWkL28mQHzPBHvlCY+ZFuQgrfQgcyKeHGSp/KPt3KNt9BnRK1dv1Qa3iIRS77KMasKFKjfIffmuyDr8cmouIJSyRPU2jtjT52GtCpnw9GtTKyXCJnI3qux3ZjGcJBLV2YRNgVy20ScvlhJ1/K4RaOZGm
Xd3kkpP2vDG4oo+GPXHeRUg0aPbwT/79QTRsakKctyYEr4eSQGKsx+606qjAOikfQFAX0gCzBw3KdzBwQBRm0MazmYmIHu1LilD4bcNojhI=
Xd3kkpP2vDG4oo+GPXHeRUg0aPbwT/79QTRsakKctyY1lt5A3KiBLOq1JwdwI6RW3qTs1CpEudU+WcfM4+3tj4cT/LrqCQGmvpKhH1qkKTDxWFTCvfIzNaYjjC24ac0vEAH3gbwKrfHe2CywGBLvjDQiZfmXnllD6paoSJ3Bddw=
91ylcGzipzq3KPuudQKZEiy33fmWJiTS//xqq0Y1qbTlEAZ5a4s6K2i8487D9d6/fUelheo+8zj+QtNkJHlr1IQkKP+y53pY/tAGgjfcmeJoYs4+QOyl8eYBl1rV/k167K+i0xdrwK1IDjMBKYwtHpp3pKmaW2DP8D9z/Iv95egFURdVuc4KQrvgo+p7O+jrhp5PNP25g31d8Xlip6ppYdILbLIPpBbqU1xLwhm1tRZ6d4hvhhGQabnDNmGlGChr
91ylcGzipzq3KPuudQKZEue/iSuQDaGtmU8UFgZA8k8VLTuv+U/UCVDUT40BZ5pGhP0YU8BofbPoxy+MARN2fTOKuGFcyo2Jmt0AlTfvOXr96UiwwOYuVbmN4Zfjs5iS/FXE4cdoaDrDRiE2uz0bManRRuwhd6coKfa7onAk7K+Xg8qXnqkILqfe1Z/BpZk6HKQzhsnpE7Iln4Udzz+H9Ft6cVXU+VIZDggiXxeP2IlgcmkzK3uGriYdCjE8gvC9
91ylcGzipzq3KPuudQKZEldxtQhRgww/v94d/5omjshR++lmWzNlWXAtGjd2dKzWd+tGgcFNc/NyUgS9j3r8kf0qnZQeIcdxeeFT8OFaW0Pc+NYUYEMGAUcZ61Ig+rizAqlsk6CEAGg+6HPBmeIhmwohb4YC+AAPCf4SicD4y7ZgQpKloSc8V+8LNGlsjHaEW/IWX4C6EDxUL0tcF2YdFz+W5DmhH903m4COlUHNx2pbilhGTmYSmB5uPIgPuFhV
91ylcGzipzq3KPuudQKZEldxtQhRgww/v94d/5omjsixaMB0GPdycIzKnjO6cRhSjRg3wFXtIyoHQvuQuJjr5QRU1zbSzDtgLY0NJ8NI/mMOKrL9+lCcQrjDrqBxkSwUETZKkFA+mG/kJMccsId4USvZu4pmoW4p8vrWkVmib3EAQwYsCtbduvmIx8Fk3SCQ0EzVbjyXUnhnNA4I53/ZXEjXQQG1uWP01CdNDZCqgdnkEUOVpeoJr5HnDAJPkkzM
91ylcGzipzq3KPuudQKZEle/eUQvzPYEeFxLvhY/+Pj+pZFaLonzB6j3X3UrIAVJEIYdONXcBgOaARFV8qBrpdFLC7+amH7Dq7HLsvNjabKCCRIB23wPndiDQhwvAZbMyskhMVFegtvgfnYhj/50/jyQIOvLoltVrJw88gx2pVeDfGHLd1u2TevhTaipFZJvdOkrGa6a7GUn5J42fgtXc/CfOaXZ6by6PrL2irMIGLl+bKuzsu3REPTac7TKGUI0
91ylcGzipzq3KPuudQKZEle/eUQvzPYEeFxLvhY/+PizDu7f/uoR71Gdt2IZtMUj6rLdVRrG1wSBOs1/+pKJomdKmVQQID/fo1ye6TViFqevvKc2oDAwzzyZO9y9JqEsRk61xAu4krIxMsJrZmVyYma7co5peb+u9MBZW1hq6UqbGzj6VxrLLOR8C6Kc+izdq3O8fITSPf/zVa0rohwRBKu0nQxaoSnB5r1pg64jrt/9yA35kVXxqp9wYCRpjPNU
91ylcGzipzq3KPuudQKZEle/eUQvzPYEeFxLvhY/+PjcD2FD/1G+ozc3cTjCHcxObF3O7r8nGu2seQ2P7vbgL3v2TEUOpNBvFpfyVwdYrpP+INFfdCNCvJEu1hvRNrh0T/rV+buXrUoK3HWIDIGEu3GO06lzGs2DiB266i3RXMIRAo0SwoyLRAntUzaPbkAGbzLDrGOnVBQb46xQDnmtI11uYYuGmGYhWc8mBl4uBOhwVxK1ZMjKx928LsSUOdUe
91ylcGzipzq3KPuudQKZEjiHLUuKP37jZjM8cNTnCnzzezCV4G5mLVXPyA7Lwv2IYXyiNxv/CwtKFv9ou+cmJ0BQbrw7jBYImCGyxGGU5itOalK9zEFXkV40VR7TSttyBIqXQfLv3EhSMBvcmrFnjsUa789lqx6l12PeNzA54sIYFYtzSgi0KcpWJt6PMgUZN8vPk5nUTjXNgxoD2XEZcj0rLm9pGwKHieRfRAHM8vXZPp/hsLsb3Igt/E7MaMng
91ylcGzipzq3KPuudQKZElXA4QhSyr3nVK1i1iixMWUgq7s99T6Dl+vV2lZVPOCCiL8La/Y13OlHeUUcFI5Hukeg8YaKFNfRU5JzrmT+QmQX7UixYgRj0SRLuKW7s51KdNeuYdWEZeqq3B211+Qt4dCs9NPnVbxo2MelZMZnE7CpWb1PT5ijqWj7ujmgiZ+ZgPIkwh3jav4NeGu+tAQlDVawI2mNenUqwLouC6EzGWFkQeIkEe5U7QMdsyI+yNd3
91ylcGzipzq3KPuudQKZEgXc+l8ngPRH6YlBo4hXlxABHvbmgjUAo/wRbxrVZ+rSwj3DO/4qd0oFFuBaFWWZPI5jqnRrSn6ViXQ6w+1cN+MuNkEoMRbR1xDhyK5l2eVl229sE7FNpUi7zcyox1OqdVu0YraDcmin4F00jlFPI4s5sbS8Oe52aTNMrh7WRuav1eu8zv6Oquna5YySfMNhWbcb7t+NgD3r+wHVWCaa+SN8ogohOtxVWSpsPqzqetNL
91ylcGzipzq3KPuudQKZEgLfcNgUreK+Zti8aQ/GN2Lrsd/WB8vjk2VnogVqKc1RYF+CX3tteFqa2QxyLHrmvKly/ycFMsOtqXO6n8APxYykKf+beOKaWNjr5NrdIjMJ8ccPHCVnhJK28jV3GwGzWv2+69xPhCQuEaQV3QvGnnIXzPRSvMKVpsz1ld+Wmg8QZdoy5xTx1fpqlWcw1hGTx0gYcR/KqcK8WWN6seyoRD+Je+7JVYxlFoNdHiKrYDDy
Xd3kkpP2vDG4oo+GPXHeRVOu3vr9jaHhlEzoi0gapd0ta78vApdDqk0eZt5pRQYjRYd1avyVYANoElBmrF7X8XdYsFyzmZFnm6qMuPrFaQ9+rz9kqUgVATrNgNiAyNbX2VabF4tVqP59W2liDJpRoB9FsmIxlG+u0rvJHgjiZm4=
Xd3kkpP2vDG4oo+GPXHeRVOu3vr9jaHhlEzoi0gapd3gwtaKCTFBy49VBiuXcTApKc2Njxcgsa3diCJB701aYF9PIR/xYDDyLSNYDPTX/Ys=
91ylcGzipzq3KPuudQKZEkJ8bYhEzJO24/o/V3GL25ecEssuCu76vM7Vaes2LjbQkqzoorZj7td/3rJGOZXVPsTKUrj25OkJ4iM6X10MyRXtXlKjH5aP0kSoZCUsCLKVHHz6Lg1bXkViRuwk8t6FLE3vpFsBIeh3u2dRUFTTQ/zVVQY4fBm9bip4ZAje1GPThdOBStIoe5BK9JlURMtikVtPJA3dunMGlQQtz5KjpT+r+MHxqxcESioyzg2BKfrj
91ylcGzipzq3KPuudQKZEt4/0N8myVPSKuu/X6b0YDWtYf2L346gKV8qi4hXRy5OoRXnlNCfeyiYc0ON9/FIv0BftxPJkzrcba//Ab8ks82cdsxbbLTY3XZwiuN8DAfIhaGOuja4Lc6KYCfLkKaY7DygE5xq9J48au3C/n2j2ufc2h/XF0fyioQA5CqSVbXLVBvQK/7ZJk2mCW2vEq95kMoRJoMa4WdrzpKU4ge8roorpt0jN6iiaqS7PGLvODBz
91ylcGzipzq3KPuudQKZEmuBmFXQS2gCpdTKs6OV5dIBvrhd/lNSiiI63faXMoD1fILjEwdbiKnBs+nhmDVfCqxoSK1/+SqYoB2/jugI65YAN3i7013JZ2YIxLSARs/Vp/KkXSlwU9GnuL5sFuF7LbwFfrBuvRgdH28wN8zesMh18muEjXpdFH8IKaDKglKuz9zPE2QwmR4c4M/ndcsKF9HACRjLCF84UOqLSmymKMETZW8nfKpJwWQY3ZNdGIqS
91ylcGzipzq3KPuudQKZEmuBmFXQS2gCpdTKs6OV5dJwf8PuDebdnNwI/aT3jZyiFqXL8RutdrLXbid5Ou/2OPV5742S2uo6B+FwzrLzocUeNzT49+d2CGQwLwGeTi4DrXVsfb8uxQN5asaETH79V3nEdMqDXE1Y0OBdC/tLMz5tmpQQ7ph8tR/WUn4jPE5/wxVUHBWcV3KydoLC+Qad3SgxkjwYhIWuG0W6lxQWrXOI9VtW70wuF8Ryd2MTunDu
91ylcGzipzq3KPuudQKZEpU2AOee0INui4ZEIXATmCBZz6mHKl+5zD8DRP6ui0cx+SO4W1RuZI8RqpO2MEGqJ8zJuDEBuixils04pfBNDxOsVgEgy3Qdmz6fAR3g5JmhPlxDmpf9D/Of6yv+Gii7W5mtHMnyWkrJP9vqxLb2fQ6Kbn0ii9ghsdkdp8x6zYRmqJ4mgnM/RpAewzmQbIXybzOa9fAJjMjriVeQCrD0MIFsYS7V5Kfavhda1772sr8B
91ylcGzipzq3KPuudQKZEpU2AOee0INui4ZEIXATmCBZfY3rqyV/YU7TGFfx7aIhaL2Ictx6J+nzf/u7kKKuZKV65Ztv448Sw0L8JmEwXauEWJvBHwiEweF1MWVq3ynJjEca4+y29lIYZY3EzyoAIueUhuQAxZSoXI0gC+5QhI3Koyfx/sKK1KrzQb7cvGic39kXVFdk7BiDW5B3nGHpgpqv6W6egPnbnm5B80q1WMgptDU7mfiiYsNKZEeHZ8WY
91ylcGzipzq3KPuudQKZEr3FQ+CNasRKBIXYhEJUgH1ktcL/1o5d7PMKWi9Bez5AKnFRAjg/W9Rb3P3NRi02MoREb/+eOhnetJP8M8QHyROLCvC+PPJXreD7T6RHAnC8wdHfmQG7ZSvulOA5+EAaWYVlwrE8qsC5RM9BLSAuMBp3QeLAjHCP1e/xa0QU/hBiwsGsHFwJPdpBa08bcnsfk1n+RDhBeNAAz2nIQ16wjBD2FW6YwbhmCoA3XkPo2OO7
91ylcGzipzq3KPuudQKZEv5BcEw6pLP2qoY/LG7/Ax5Ws0LLfuWIN1DiadlyLEGN9nVFGzg6h+ZIt4/5QVzcO8lZMpFuJxQ31W++CWLDXgPQvPMHnkTtfb8ri15wteJDgOG7KJmP5Z9CU31pvPtquvFdnMmnpSLax4nGn4r07DTDwCsf+E1eGzopkE1bLzGUcFTFgIWiKQVWdP9xWanA2RfcPkrhUyceRrVUoEXkZVnxUGImqiaI8UVAhMO1d0cu
91ylcGzipzq3KPuudQKZEuDjGZfhVJ8XJ18qz/+LBLltYFmhOw+6AbJoj3yzIFrYHj3msUMwJvoeVITc4FBpJHjgmRySrtwwzlmQQFd80to8sOdLIsCtydk58SjUwOXFUzfSElZHftIjhE7s2l12hDlLVIqOkYJUQV9MbzBSUE7Zjyjio49OfOrtm6xgtIaKW81TBPh2kQKDH6xAUmmlx8TA50/Sz41yQqnteECAL+HdIEdZozM6fAsZbcAPxTDB
91ylcGzipzq3KPuudQKZEkjquv1Y5JTcytO0kMq0LLJugAQBznGZZ+gLPIPmMVvuXpkGRIemXNZ5q6SbOBhqpy/JbqTl75aAbjBZvHIoivtnE7sBWEmnCXyK+UIfSI8qNxaP23F0njzJdvmtdRl06MQwdO18hu8cWB969RkdIPaZhFGZTW80OR47qBYIVhOPmQoXknTBIa0u8vJ8VVziOoWPwTaO1JW3HAoUFeomc5ElzB8GUlLdO7S8aPe/UulW
91ylcGzipzq3KPuudQKZEsqxlHwZ64mZg/gCK9353ygluPlwG/YbzyMuVKu2C1XDxsayrYlrn2OVp+3ijopJB3ScCuinRigMdZdYm+Zi9BcoBgiKvbMWs8NkldhGttTKccQ4qIB56+wyA9BfIyiH8ZawlmsiKdKrEAKtuT/i7MDok+IW23+AJDB7MBvejZiSu9S5uDOPBUwEaiBUB/y+sVXDpO02q0OTUJ4mhRaTxS645dvgy9WOAir0lKKjYGLB
Xd3kkpP2vDG4oo+GPXHeRaruTmVVcCniGc6dldjydjxr5n0bw/Vlg1l8vFuN7jZmDrgoIohH17TXysNZ3N4xnvAKnlhGGCfmkNFJy85XbEI=
Xd3kkpP2vDG4oo+GPXHeRaruTmVVcCniGc6dldjydjxKnz941izkca7DtrkUcEHXW8+MrdA1SFXHnyIWUup4JQdk/6+Z80dY/Jhe16iS2l4FIr9Vwf4d9/WA6V/Q8mtFgwU6qyr6JV0ok3TwBLLJPVXumuvBD2hV0lylF0EJ9JM=
91ylcGzipzq3KPuudQKZEipKbQYtv7nrI6WnCvXG7KHHUNaw2f2qjPLlVrkCPfvoeicxPPczHjyWTBfp3F7Qt4iwAn4ZN1ezAeNbTUwBA5jpK4tnrIcYzX6sviqgn2l7cQksFzuiC5oZOPubIgOwgS8GHMNmYwCYI0dxQw0gPWVtetFC6bAC4LbznrmEEa4vmN74my7e1MNT1XwocwExTIP2CtOQ5BIL8TW2KW7fx2g9RC4vi/a+709qtJGWtdA1
91ylcGzipzq3KPuudQKZEsbdtlEA3C3jxwaVaLHPTT6hLhXw52YJqC+F4MHpK8SFxS3zWef7Di/3XrfYT3CyVJT1gCNl7muMSxMJTBOlJXCdZO8K1yqAcSqrZfYbWpf9JUVPIZ5jwf55na6uC3KjzHcOPYyI6S161iRwncVH2F4vl20/Ro0m3yrHQKvcoNca9go0/F67aXqKWTEwywPSBF8mQ/XCQ9RPtHCwz59qpvfFzUHuR0eJua/wWfneEbKw
91ylcGzipzq3KPuudQKZEsbdtlEA3C3jxwaVaLHPTT5y//6uWesLYf+2eEBPg2DAhSeUueQShruWQCiua0KP27+WTg8VcqdLwSo59qBEFLKFz9hvPCQ/iOFD7RJdQA+duKKvvejt4jYoOkwdY7PUi3vi6SpKoZGgg1nJX2lePrwRG90kLHwc6OAFa+DjU2D7N02v8WPXZy2qYdjluDcszswoQKoNqwGL2gPYqjATknK8uHE+5njMR4aleWDa47JU
91ylcGzipzq3KPuudQKZEniGCHNfsxfG+GsxgmsP0fdaNF5JMy6uRM0HbN+fv2a0fold6gYcNSbGpBuWMlZV8gLXu8QFjzs+N3cjX1VSOLg67/hsBbf19TuTskuhy0yPn6BtjIIbllDGVNvAatycXf90ff0kP2QF9dpL3zLzOoCDtAG3kT4Rw5M0HETCUj8FpY3F+qI3p5e2qGRw27bNpI8qjcPhBJoPTrkltzvg1Pd8m53THfUKm6wpW05nD0w9
91ylcGzipzq3KPuudQKZEniGCHNfsxfG+GsxgmsP0fftphUnMZxvv2eoBAp8aEhxUJBbN6SvvglX0YsqZJN2UrtjFbFlpJ04Nx4vBUbaJuydggK1WZaYKaBC7yeJfQaJsBhi9hEdP+mPUO+gLs+Ghm3Cn2T4mCJ0Bcegv+lwfWW+jskTzkJOyb7UCxsd8wGqMczNjvXVLbhptC49M3J17uj5wssndHWmyVrX3S8ad/bqbxf2uRmxOhlzActgwmSF
91ylcGzipzq3KPuudQKZEuisVMuYOyZy4brbnf1J+BnLX8MkAHPofmZYZmqH2uxoWcwNP3rMm/txlWv5oh2SLpt6xTkx2lYI4CK7kZEG/EA9dZgfvM6aPaGtJKzKtBChncU6oQLfwEdFLZAYYIJjk0T+lhlZkBNpWzDxIhU+HYlcj54kld7XusMu3vEvK0J/OUfm8dPoMHC5w5ohqsbtmUxNK5B+uy4QmgekDVZAT7ph/eAYWabdF+ReEAeAgv1D
91ylcGzipzq3KPuudQKZEsRvKhzonlHFcBy5eVqvKy04s6cX5Q52uxKdBjkdrYJnxkbbg+++m8QhF5MwZ4be+bNWcQfjG6ntq/FHe5khQf/7/gCNlo6sHxykiQVrVAHMdcMzh25xzwKIr4TcIqX+gMSfYeoRcwhQS5VGBnAYjx6GH/Dmsh40c+R9Mk/KJnk6GlH52c8ZtTcFdnJCnYb5dXAeQoSB4e+kYgHWrqcg8J8KozeaiBlfizodMWamHHU6
91ylcGzipzq3KPuudQKZEqbfusWthAS7kQqfUFXOz6ydrZDt6eFrWy6suFCkzNRDrIZTZMhW2MkhmpBObBFLX3JlPrvet8ZjH8DLEeEiNUgW3wzbe3W18rXG2KFCyh4BhLDyDw3WHeMkI2cfD8xL71MBdzpjhVbcMLdNS75kRsbm2/sGFU3L4SphUtmJ2fbYlirDIdKFRWz38vABoL89udXWt4jkD2syT884RIrZMU39GvytFqniQFYVK1+we3T2
91ylcGzipzq3KPuudQKZEoan2YXsNxSAzZVochMhV13jqhuKZ2bBQs1nMvPeL+jIVdJV9jJjRPodz3GP5qKnfqNvtrM/G9FRyaNk2sLR7djEeEPQywzTnsLi0apHb1lH6FdjZ4p7bjL9DD7cw+8eRe0pRI9DDzo7w8t3vmZd05c2GQaSFrSO0/+PkSZEErIdeARkA5UVQ1zeeTrSVuAC5lGMFToGSX1bU6XofJ/EZO8PAlbiG34QRCyfirGVFQit
91ylcGzipzq3KPuudQKZEv9vJ0Xk62+A9EzgueAVyjLIZtkMqoELtuohsVDXhQyHXsE6YTheD10QkDFR8xtgaJTqdj2URJxOv0xzFsWq3mItnzrVMXtK4TkIOaUMSTMxCWFWUoUC06DIMZbxfpZl6w4XJ+IB7+rf7UzbArMbEVR06qESSLAFL0cmP8baybGdcJYMUkTs7kpBJqQxwa6t9uI11/5rsNGCWK7PjVSLc0LzxYE+JNbjxaizmkkCF74r
91ylcGzipzq3KPuudQKZEoe9oY77nNAQ8lyXv9Y5dyadNA2ikeXWaZ/73aiCks3VsmSOPYxbRLE6GKEMbdVEmSEShvpGnLvzwSzBbqL+VOU5ywBnG6wnLz7i88paiWorFK5Lr/X08RfyeOzPPMk5755YuBmhRdc2W/fLxkdAKoFz/hb8a+nJRyo8cbBziBum21QFxAdak+5Nk2d6kgiQWQ21YcNgDKDecp34+bBmzRhY34NHH6oWrWA1qC+htGQR
Xd3kkpP2vDG4oo+GPXHeRRk2gCBX/Vwz0FgRG94vvzPTcjzQxlcXAG1duD6a6ysL38z1kN3txT+Whm9J7J5EtPXO5THpe/ofnACTI/P/lHg=
Xd3kkpP2vDG4oo+GPXHeRRk2gCBX/Vwz0FgRG94vvzOehmUQwSIvYdOjLgfNB+F8ZvtvgkW3p2TFzfHzauZIi6Jq0juWVc2HiFeeoE71wWVvmlzRif2hzKf62YalTGcgqf0WzzCWwunQl8cI7DTD1Aq+7Ej5mKVGm99txa3j7ms=
91ylcGzipzq3KPuudQKZEhRZmvIgJqMAFPqtJ3PJWHIs2FzDjtwy8FL/dUhZ9IB9kCg4W/a+oFdhwrSWjfDOe2Ny7m5Bg6GdNjBqx5M6mefjwT0vOYYkBmGGxXpvhqT5S9AuEgkPLQzz/er07izdkYWF9Pcesh7wPd8sPUb7kqwKKEUu0utRqlU/6deDTlL/psqlBlGUruwzZoT/eLNmli9BEmvAS33h3d1cxTINsVKmPrtGuCb91YAM/Qkf12M2
91ylcGzipzq3KPuudQKZEt9n3NEptOFFhdsmMNfhAU5p8d0PJ/vnEwMifKRKn0nQh13OM1ntrK+B3XP0B3+QvmRsQmRXv+a4bpvBLnYmwyCj+MRCBuJaKH2hhVah6a/U7gHZzgIswAw6JBXoiQLGk0P5p/TAjuHbRvIyorzxhJGULNMFmKEFKutDofGjySfSoG3KeB6X8coew3ITSRNNP/hnUPqM+daMg8UKLgmmLiRFr1k+ld6768t+cJoeDKWM
91ylcGzipzq3KPuudQKZEoPzFMKR/bS1dSxAHxI8olFwZrcN7n5eHaMjnrFgeHn/ldk79lmrSYJNQbnFVGWHuURta71iXbjyVPUUZU2ooajIb1scxqnBILSmsA2fXqycy5/i+hIA4fhyXsQCYuzw9wFftycrw4To30HgOrxQD0U86/QM8wfVZWQaQKiYdtaLWTIfWzi9QCzkae8K8hnF/SFEXdTm1Ze+JAD6DT6iVkRB9gVcGWBT/2ECt1Pxwwgg
91ylcGzipzq3KPuudQKZEoPzFMKR/bS1dSxAHxI8olGR00KoPTXA0qyDjRMACQNwfE5NEHgJ3TUjadMOw6KUwiZDoq6HRUNKak8IQlC3DNES8HTR6w5t4+4R9OwzrEbSz/houhXyxFIeOfxkL/ArtKCMbsqMpccM1S8vP6BVYK2+ZymO8ymWvzkLdZ1e0v+wHjAfoRkqDB7wbtB01+18Od4Ikkson+PY+UZ6HBKpXFxcL9MrLzyPH6gjRw9VO6nT
91ylcGzipzq3KPuudQKZEsiMDC7Ofwu3Dhkr4b4vZQHLBu968G/AgKkuzKcppjTQRtzWfa1mFrpJbzEJN9g2hsHflkr7jwLe0OhTyrPNn0szNr+vkSqn0SI3h0WBZXHY6G/7nyowNTezBoP2z+Z0tdIqSUKScxRSNHcLNk6AEInLm8EgAbird8xqwu6VLhd2sK2yFFk3FiMC/NgCZ+gQNx/WnL6mLQWTJm50XaXpAdbEd8dl0aIQ+zDqG7RIKkXj
91ylcGzipzq3KPuudQKZEsiMDC7Ofwu3Dhkr4b4vZQHov/b8GZF+lVtudTnEo9zjX0NoxZNHSXyRkq/ohj+R3RUyUFZoDurvm9Z1TNssda8d6la2h+Rt7GeclZ+Sub0N8SI4AkAKqcMG/xLuvUYXI2RnebozXrBOuFVdy2teg3aq8kYUZk3HiIzkj00yHafUTUQoobRZWE4uEJyiVUJ9Ps8xhtiG2re367iybGNOBcibSF6+uyN0e23XK03d9Ml8
91ylcGzipzq3KPuudQKZEsBVJ5UgDMW0D9GOrhZXFeqjwFKrr8UazcllM4vxLcNkmDL0uWuPvxdQUstBqG428fVgvaFB9vc5V1f/fr//xT/0YPqzjrFZ2mvAvp/AZKaopsLYoiNgS3mrFLaKQecgAZkQNQTQpdbjMkCCTHTTjYh4gYNcdxcbEJqWbrYmMA6v5CuW6997xUqFcNEPSPssLd9wfnbwSR0tCXacSfI+hEvz4CRlaAOtOpQjFo9qKlcq
91ylcGzipzq3KPuudQKZEqr3ZLBiWHZZgLvJrV+eQprZw8a0I8EuuBmoLhswGbYTX/ihTy0Tp9TscN3dgMxCAkgGQKbJU1FQwdNUv9WbOgvoVFdj2cBpLMtoQKoC2xRgaAPdjobfbmA1cmuZDiOBg8CWVKXrIqMuarP1kjEg6vXKPsz7REZNaTQBBjLa7e0OQE4kT2vU0httGa3Cxg8U8l5LNUaywwPBr779Wv9c+JM/DrvfMd6XY+VPhrxmp7Uk
91ylcGzipzq3KPuudQKZEuumXeNufGBngUmuWO1Ixa/UYxYOTP2LZmrTbWDMBRnDxhh68nd8RjzI0obloOe95dvOxnobSSmgcjS503SVst7dYw6H/4T+m2fT8uRMsbo2cp0cdIa4EI38yO/evAGngSGMODZBGtL6tQEa9weXNTpuAPSKURf+oEenFOWNUIV3VrEHjMnKKiepg/K9IIXsfF1WwLA2CwspQMnTtpZSqRUfTe0rCCGT6CS8WhCTdwWr
91ylcGzipzq3KPuudQKZEuvnoNS5LC1wzBBiB7Jkzjxx95ARsJn0Pvuok+QY4FUqnSFx2NKtzqnR6ryf1/yApker9t1mCajoh9Cb+NSvpTGbz+UNhqzai/A4BdAzbhpf9gu0kW0LMANdTkwaw3Tclc2HlRZpj/i+Q19nhKj8jYT1AZHN8xIPFs9Jsj36fSRCkgtSl8yAY1AXHptZmIamJDxTjBYelZZVRIpa8MQ5OQvRnwI7E1EM2B/aVMltuJGz
91ylcGzipzq3KPuudQKZEnCU9/1QgwxmCyR6u2hsewY/1ubjLHgHcLhgPzWC6lP4SAQZaR3rheRShSl7js/2noA3nYRtU7KKKk0xdw4Yi/NHzftyRxoNGQg1WrEqwrj1ZX/R+ww5kPZsHNTrkqJlTSQDabz/IW4Eea8cDMo+f5oBHYXWpLVPq/FDIpteTvzu1FDSEBJzG7Fn2SnklGT3VX9bMtixqEIrcZ3cp7zHGiaQ9R99Uk3tj7s9n5O4fxnp
Xd3kkpP2vDG4oo+GPXHeRRk2gCBX/Vwz0FgRG94vvzMclmGpdhxllRVwVhKldwJhMqmSC6adoNHtbBwjD9NJSHZfHrVJZH4tpTnIHGzw66U=
Xd3kkpP2vDG4oo+GPXHeRRk2gCBX/Vwz0FgRG94vvzMy35MXJ3rf0cJoDBeuGZzQ8HDys4Wi5fVTxwL4ARcqQQKmZIs2/cHDf+pGtclDgd1WfWEhnX3tWeCdI7YZHPC4FifNsMlz68+DF5C2s/srlNISl1+prBGUV9nHiIdZdco=
91ylcGzipzq3KPuudQKZErgYYhazObZ9p8uPjGXVqJK6OxJeb5DEUqE8OOU7djXAv6hm0m/QHt/xeSCCMrsH5tYnV8nEVov3dipHOjShHix2Awo35f+8CpswqLYFEIQCbzESmQE7MUOsN2n5+rngdww9VFVR15F/48o+P6jdhh7PNRAvNc9OrEi6jJ+u7YXy83EEi4OLIIYbREs5BSMrWf7Wii7NsE8HprFjd1Gz8FkR2D1AcDbHd+sD/xEQNMKN
91ylcGzipzq3KPuudQKZEvp57KDO8CiiW3NrCS3yUNlQS6iVS2dZPuLect+fIHVu873BRO9QES7NsR2HIAiuGz9y0EtUooNnT2JbyoAURGmCLt5yXomFhBkiUW5iQO//QCXEtlMgBUO2VPj17YShJ8ETJ3j1DLvSptallGBllCosZRKQBIjtNvfJiQ/yTRElmyxxjLx0irVLm19hRD7jmez8Csq69w8fkXTDDJk9QudwM+BEDDJBJh4du6+044/U
91ylcGzipzq3KPuudQKZEvp57KDO8CiiW3NrCS3yUNkcoaQAJI1SpBwlCNTBA6nzBIUAPt3saKRVIHVQBxPgbqAny6T2Y53DWT5wYcCiHzItGKpwhnyWeIKSDtMi2u6KBnPoUaNBXflPscwVerYp2m1RFdLoCdxG3wlBJSWF/8jo0SiJUXX80FgU/SYV1Knl4V4uAfaYcOYtlkAQlAGPkHTrCtz3zpdlaCBc1X7DKM3baGHAeMKh/eidNv9Y49Qp
91ylcGzipzq3KPuudQKZEvjPpjXmz4ktcSeFoHbfdOhncAwfTzf087HLl8CRHXLCJv1HhlBRzspAheqgSbZMX6D5FDelmc/zAP9gEtjUZEV3rRomVAsPMVEwxZbFiR59xtvgTtsHiN5GmTLx0/SRdwr9eJ1XTI10FguVFWGtIEUAiJJ8g3bxqEFom31io1GRkdxxGcUgJEGPItxPInwkFK5fJ87DM0CUa6ydPf86Q+odyEXi+8/9D7Ou8vrBXjEv
91ylcGzipzq3KPuudQKZEnYLcRGUazI8lTCUSYuYx3T+LUxwFeX3bE2UnkfXb5YPpIqdxboawphvrosnmw4pyGwXAsT6Ee9czDgjPjzU/TrhqgLa8ElvAOQaGdP9OdBEVbIJ8QrcQmiYAdXTSOh6W5Gqnlrd62mD1JSu2bmSxdxO5id1o9GlfwuTMdCVHkX4uvJz4scVJN0rLz7HXSCc1/Q8UZm/6Dwd05zQNYkVe96jr3HjXvgEfAzM4eOapZBq
91ylcGzipzq3KPuudQKZEjqL2tU2cJ2YSC0amueSn9bOlvUuosUsZs5rWvJr5kf7p72KM+nBnmPIJa6FcqlrvBzdxkxAIRiQO9f1g+IOAhv6n59HcDWGDxHMftlBJTZAz/Qf7DFP1EBUaSq/aY+D/SXX7e0IQRvyCQOJN5vKHvfnEceY9QB/+uyEE0BtNiOixCTc2HI6r8I8yw+kkIQhCd5F1NubPT3oRS3dgN53NDbgMrRdzEjKAOWAOTsfaDz1
91ylcGzipzq3KPuudQKZEm550ETbFXGKrgFpW3AxRFlGlzZU+QQSNKcqiLQhgVprOpAzsu8m6a+ewVBdhYrGy5BtJEfCOkW6XpL8LLKGwCscpWRIB5Q4M8AmSwOBkZnB6mf/mkvcQcjXWbSxQkBnS67I2+t99jPHs+NwtRmuCZgqJ6KZy+6jgRJwdEPPrDHuCMh6QnJWVvXEJtIVigYcfU7iZ5PvwaF1h7YiNdv2sWKPXdR9Mh2mGExh1tk9rxkT
91ylcGzipzq3KPuudQKZEoFhnoQmIR8xwaJtwuTWdlDaL8zgX56kwJoNext9v+X0i4THw8+CArqX3pZ10yp+vnT2gJdB4H3OgY2QP26PXGh8brypB97/d28VGvNx1sVDeA4EJu1/H+vZakVPzpbGJcLDdgG/r5abZA93POepgg9ZrE1xnTDtyAogVd66LBQCpANppvkI3AvMMlOzOTIgBYP3W07jh+shQQSn6CFPw5a/chfZy18OWqAshFVfma89
91ylcGzipzq3KPuudQKZEuqNFGV5QBCR3vfCBelXtcrVlBGVVIgEhp/2/9a49yDx+uG8ALa6ybZLpZ+V25ozFxUpMGoofKF6bvbe3Rkuo32meVbrvTXH/gaDuySqdv2eSUyTpJdEa9UpIIu68nj+D3/o9qQcQPu45yvdXZbSzKFlHORnaxIMlxdrkV+m3gSXrCjrQ0qpTujvij7C/18B4DR1yYK5AJQHcS8kbQHeCpQg1nST/riEM3/2pDA+ErX3
91ylcGzipzq3KPuudQKZEh/BaaDLV50tyM8DR+dRiHCMPFAluSUybG9OHVoATWqHpHyaDl+imIUPtCntkusLCXg3C6YWn1a04c4VM8YZs1vVEAv9cuxKrWxxl1yXWUCfS3Md6654qSkpBuKD3yeXng9mBdSmrKg3cs9UZYPjXFf6HTPdJpjXfKQLp6+Rjl1kJFqO/vuT0N7txqn571DNZWpT2xJJLbYU++rj0QmNLDVnElCZ1MyHhPPr5yI73XwC
91ylcGzipzq3KPuudQKZEjkEUr0sHF1aemvVxkQqnFaB2iXwspC5krMzOTxKRA3m/J+5KPEM5Y9ZFekt0/x47b6WhYbgun+nlC++z5ObmglIWk1RuHgoyYLN4KoJeUMwl40M3F7Kw2L2fORCR6C7yR5NV76lahWTzE05yHruQt25uVqvQk1EYsaiCNyPF3nbIBIJdnE6ased+QdLAybFjNo5/F+q363GFJHIYVGtsLX0/9pHLbuOgY5WPDUdF158
Xd3kkpP2vDG4oo+GPXHeRWDj4xz7HrezRXtgAA4aydxtelnKkZcUVMTEn4i6fdNcJG5UBYJ0TX1OEE8GPewGMVVWTqM+X/gP4j+Br5ha8+c=
Xd3kkpP2vDG4oo+GPXHeRWDj4xz7HrezRXtgAA4aydymRoNukw2fZQkU8UwvveTEgjWqhSqfOjpd/M6yJjBd2iBKecEtjYr3piELez0wOZ0/FlWvMVS77XgFHB2D7V3KRrlkLl7JtmjMh0mzEoAj/dd9GbyzYHOan2iugmYSTsI=
91ylcGzipzq3KPuudQKZEl4a2q/EVSu7g6+2KWJ7H7Yy99KKIeXiBmQ6dGrPi76+gInYIr9WsXYs39hGEOxFrYaYINpmLLRP5bQ56ott2jUvjmAc6/boxYqxrdwQyIuexc4GqR5t+irMbXCpYDqMtKb95mcIsYmSB/meROba0ye8SJ9zZabn65sZiU4OLGmtyTV6m15Q2wFjl3wm+cI04nDK+6kpx+Rbwhv815J25FzxChHmnz3ALnLN8jpk9ybs
91ylcGzipzq3KPuudQKZEkRMp3lEo8ImB6W/tdJHz1+qvRym7k6LEOJSwzGIR03tBHJ2c4Qmx/gng90lGaDSIkdYBxsJN59/RB+9mCX7q+tZP/a83eTDSTmI6iP1+QpVZgZNHaZujqdwoK169W6s2Oo3UpNHDa/1UcuxdOXA7sBcggurooG8Ci1bDHPf/OdPemQY6rtIN+fhjJTx02OEf7K3E+dN89cpMdwykpzlvO1m4iqXfrmazW+WIh5eGIPd
91ylcGzipzq3KPuudQKZEkZYR+yGT9r9Te8RKM5P+xTCkHHX8TFvVszb/7jW9t3X+6wwh1THNh1K5TAULEXhScpDA+P9qCGiidsEbtx5PUv9KkFNRcuDicw1SnKcfhVEk4F1qVTv2t0vOlWIMPnv0c3ZO2ZKsTjtjpQsK2PxCteStRUeYkUb69xts3oRibvQp7JlsocpbRpjZpKyIh7pFPPun24keZ2+SSw403U7z+IP9bXOE0bctbPhIV1mCeWe
91ylcGzipzq3KPuudQKZEkRMp3lEo8ImB6W/tdJHz18WmFU2nrI5YkDX9CjJCt8cP9aPrgi/mn/lIEDfwK+2NZdVETXUqcm4DLqzHhoXo6gWfrLaKnZq2e4un1vHOERITg1BBO4pWruzSOPKqNUb1n/L6JC5oOtI9mb4JnTrNgJ+Hz4yEOFBQVzDPlYj8VvJ3VYgizfQbUBWiPA1eLi1I7XgGY3JMP4sI/GVKnxWAU5sNAwBzPEoPSZDU98V8xwv
91ylcGzipzq3KPuudQKZEpHRL7j2J69LtnTZANIpLCZwaoHU7rBh4DV1nyVe28/NlJa0qth0yj22nTLgBZgkg5FdOQgLt5ZF+F/s+nZAvyxn0oCFQHOEzL//WZHyyCWON5A0yvPiOsTM/XWRgAHmOr8bGa89+VAIIXl0NI2H7liX77/oTh5G8a4o1W7+Xr2m38ToWy5NY/0tQYZs2e2HMBGFYbf8lMfjIZClecg5ppyFzEv7qxr8aO0M8f+cKIJJ
91ylcGzipzq3KPuudQKZEmOtAP07Bfw3ZiUM41Cr6XuMFUR/351GExxNiFo5qcPr8iEqsKzZEh3nG4pFFyPo6FNyO11fsGuK8QCqPp5A0PbHz4VpBSS3LGs0Rf0ygqJd7Nr36QJOxVOIGmCVXbieRx523/i4eVSojO2eGPJyIahPehn3CdzV2FJyUBtKQVmivXwsoGpt+bhkbfWX+eh8O3/MXEjqUS1x+MzFOaWQiAQ+MaUMSTSEygO2pYv0faS6
91ylcGzipzq3KPuudQKZEmOtAP07Bfw3ZiUM41Cr6XvaccRF573NxNJA3/ctASC/yh3uQJpKR/Ie5LxD4QDcf8jNemstuBWW4iEDfGBqH7qTOMmMlF84PeFGsheSaK0ptiiaN6o0XFCnyBG2cpK3M0ENFrY1p2MqKNW+0gHIgvp4lVHd4sWio8aqtJWJLo0im21lyyi47Sd/XuZHHmjdHKqJwbs98tlYUYyEqzmiCMTIxf3makjuL8OSnh+2yAuc
