GmcONIA9PFzHw1gpPLLPoqev3ytAH5KO3S/CJpMsylg=
35kyjVfwBJgytCi6KM5Vug==
FNt9orFfFSbPIXNSbXcP2Q==
gE2g7VQeqq0h5MkG44fPUw==
A4ZCFW7RnVRfEnbtNxUDb8VFIQmzxcIFLuiIjRY2q84=
cwgQW1UgxyVfBeSrdwXHsPE1eoSAri+NViVSjTYe4hg=
pYn3RyiaY4vz2unSybTHuw==
mAzeFbkWBGyzJRgEWJSZYQNn44wFaguEUnqkvHVinQw=
NiGef/LGs6v8Em6sqLz1GYGKB0111uCW/TAqgkiW0+w=
2lfNnhNY+w/3xMaMUxJbE0YFT/wvMlSDz8Vrd5FEs18=
91ylcGzipzq3KPuudQKZEik4qozFOIVoz4+9emkPvxpyUdh4WMi48Pk13DY0UPtXDNlZRGR8ej5H6suXk4kvBPKvVR+WBHB1tdosX6mmAKUE5STPaoZPo5ekMCHALYkDouZqloK13xXgdUCdY2f+0CMk4RGxftR8tNc3/afrsScYfO1GS3VxU6Hy2Jb+gXA1jTCsCzvFRQkPqaAKqj032Bsu+6LKePclvNGUHkURFuM+qJjEFA5hiW774SVD8l+w
Xd3kkpP2vDG4oo+GPXHeReHiRwsQ9vkRSr3s1oSDfzwLI2+Vt94ijKB/2KBmmuYnU0JGAzg75m+31XzHQBFCREqhzMBPGqA4M6kIQEEWhMY=
Xd3kkpP2vDG4oo+GPXHeReHiRwsQ9vkRSr3s1oSDfzxSAvE/GqqNvd8D3IMifxLDvABlVHiEOj/8LoLVjtNc4VHgyXX47LU2WyaKXk3F1QtlRvJKftZ1TLY0WUX7KfFt6/pP+KoflcYzbwlKZsfxdmIZvsQwXHD0a85s2ijtex0=
91ylcGzipzq3KPuudQKZEqbTiILJsv3aohle0hnF0XGEf/ddnEnqaqTIBvWUebHrSIQEyirP7a9yLFyeNTVOYi+GCz5MVHss0TD7UmWbdZmTUxMqcn6s6iivWz1CNXGro7z6c81aFXCFuxOYrxAxkVIlz/myqkI+pGCp9JQNfsnb+jCz/c5W5Gri0LnfNG89KmHAIpCw8o6ji8yL1/E+tpXXGBwJGwjwt+d7hDvwkm5fPalkBasL6hC7PBm7dtm5
Xd3kkpP2vDG4oo+GPXHeReHiRwsQ9vkRSr3s1oSDfzzY7l/xxDj6fn6We4vCDEKY6A0SxNrn35C83omqri9QAku8ABFz7z2pao1Ep0ejz7s=
Xd3kkpP2vDG4oo+GPXHeReHiRwsQ9vkRSr3s1oSDfzzPjV2a9x9cI/mqCfzEfie+CKx8H1mvkcBBIPug8PtZ41m8o0p9aPXbUh6YoFpvuCb3BOh8LqQ0mXjJCiuwnKouQhvbGnBrxmKZYA18OxrT4LKm86i6swGUAi0pqZ5JoC4=
U48T+bbfA0TDnroB7ZxOJwhrDkdkO+4d7wkrUlMd0ZMCowwoHoJ3cBnAXtrqRrjeuOqPSMF4BPJdJuIURUWzxQ==
xbwEyos8PECzxGIfJyJrAGYl98GEZ56/ehNSF5Y6bF6AWnUVWxw4SwYW10hzEp8C4HzlhD10wK//nhCNcA6hDw==
+m5tXbb1W7nhXZKx+wvOyLo/r7twaEif56Lgy/MLHWWJPX4duqiSqhdtVahpJo4s2yEZHEMtl158TDVPqnjvOw==
tVpcjcrZfjM5Q8i6ya1EQSRbdcTvEybPucUmUT8aMkPwxLs1Ppty0GuFnlNzIl8ZqkR5r+h6bFjmBI040pXDqA==
U48T+bbfA0TDnroB7ZxOJwhrDkdkO+4d7wkrUlMd0ZMN1giud6cv/XIbV6VSHEaIJ4CYbkwID9NefCUpYT/PR0SLKa9zaoQHIcYfWARf3Ts=
xbwEyos8PECzxGIfJyJrAGYl98GEZ56/ehNSF5Y6bF4i3Pch6sBYAHvJXJ7zGL3r4GJ16UdGfr4QZRT1YJGKYO0dExwIzpWv5KyYOfjkP1s=
+m5tXbb1W7nhXZKx+wvOyLo/r7twaEif56Lgy/MLHWWxVFyTLZ54nASaOJRRAHZYwh50m59NbG7y69CARP7CCQ==
tVpcjcrZfjM5Q8i6ya1EQSRbdcTvEybPucUmUT8aMkMfpxK8G8A4fdZpPE1cVazompMsDmUebbIHWiLt8ByqYQ==
U48T+bbfA0TDnroB7ZxOJwhrDkdkO+4d7wkrUlMd0ZO4U6NlU8DcITa3rAdnOhmpltQ1Otdhjj+9a2QF954hT9G6fy8KyBOakEgDSzHfQz8=
xbwEyos8PECzxGIfJyJrAGYl98GEZ56/ehNSF5Y6bF5no4IBJclpftI9iEbRtzkIMXxZrihr/hObXMN+Qt13yfBqNA0QCAGN2uVOf+U5yOA=
xbwEyos8PECzxGIfJyJrAGYl98GEZ56/ehNSF5Y6bF5no4IBJclpftI9iEbRtzkIFSwTqzAOaYe/1RsNBwK1AOjSe+ho/KwM8COotHJb3aI=
+m5tXbb1W7nhXZKx+wvOyIwNzMDDN9F1gXGpeowils93yMkaz5vIUGbcwOHoUazqvTpHjDcAtENj5ApSf1u20w==
tVpcjcrZfjM5Q8i6ya1EQRRZ5Khd+fI2UIL0xfM2I/DprIHea2XFGi9jfW1T3pODR/MJJRHrgWpFNJK/gSWsZw==
U48T+bbfA0TDnroB7ZxOJwhrDkdkO+4d7wkrUlMd0ZNDSEIZYLKpYNsZwLUaCJA22r1CKwqC2Is/PgPKznB8BCW0zV/wYZd41T32dirISlI=
xbwEyos8PECzxGIfJyJrAGYl98GEZ56/ehNSF5Y6bF5MVIBh4ONR6S1wOZ6yMiR4sExwSf2fwjgeUZZ0napoyPkzILk4MHhBYJ1omkzM7TM=
91ylcGzipzq3KPuudQKZEpvJIj359MT9sUnG6Hk2oSv8+oPFy7hAfENMgU0dABATL68t4ACkP5ACIGkBhUeAePmVY44sBWHRdnAvVJ38NCQylOdDXiqeSaLomomwTFsa+9xHnjeCZU008L9DE2yJ9sQT0RJabNuu718W53JQllF+PbRd3t5fQOdTofY5VbkxMUOm47PdVrIrrKDmmTlKjhEfsk9qA6Uo+XTfBnuyjje89RTddO7Hu5Rtbxuf6QvH
91ylcGzipzq3KPuudQKZEjATtcFOprqGY4JQ5om+lV94e3mDunXPZvDVH1xkLWgGTncqN7/K303vajLw0SttJL2FHkdqcxx+BfgS40MouHyVTtbWUeOX4ti4F94gF1GGMkMf4/4uuDmlhhjjRI2id7Hd4CQpeYbGA9D16zvtIn7y/KWnLYVdloFjuUA51qVdQVmjuFtwByIbhQn69dfbDCKWGFP0HdSJZ3sFNak+CqDglSOoIAdR6Osjr/gFhqB2
91ylcGzipzq3KPuudQKZEutzTZ4LUimiUlcFtTWc4ONvY9xrr+IqrBB+gC1uSnW/tdScMiuwJgLO4SZxSc+qw2SJxpI8mXI73tm2+5qi21yx5zbjuh1t2LfaZqQn1Hafkik4utUlXNaIbxVDsSP/CMmPwtwhIi7zN9BbWd8ESMiAfYLKE4GFIfSMvT8vBuUIRLwZhmbhjQsLZZso6jbefd3C+RZSJdyS/ovZlok2RS5nQ6GR8KphJN9Y5YDwVuPO
91ylcGzipzq3KPuudQKZErgstP7ltV9/E6ViIoQsN5qMwKW5GNGOFhJPfVMC2AREOptPRsTWj8LvKFCZBkzCNcJwGYHuVjuv2LQHLyOXliypJ2Lz2syEcnkckQCKpvPXFbHKYCitwvL0SyyDFKMB3u3GeCI6j1kzBkyXSsXaatD8tMrFeKnv7d4RSCGoe69Z8CgenySmKXUy9/6myau/UjouzNIBYQuQxB38kGc+1qNYMS8catUKTtFE/hyCCO/z
91ylcGzipzq3KPuudQKZEhi9toKHiNIwXOxOEEOoDRij8huZYwfCxFL7tX0tF4fyGs6o/cRUocs2LBYiM5VjK6HGw1LGhOWqPuPb9dfCGwCDw2kenM0R4NyPgjA+C/o2LDuHtV9y/ZMw2aDNXl/TkURtzntwpPGL4gWtfhVCCTWASHBlCS1JudCd0t0zwZWWPEhCiPnbF+DTE5TXvFL9BadVyW64dmW+MELB6uUn9s1TFRSLFcmgmgAZQIvy66UC
91ylcGzipzq3KPuudQKZEtOMGVtYInIh2TeTC2BPac7DWNMSMz2awnDJD/6d3wubjkOoqAWEvCYvkDvwmNRoFHMAlx9Lpl4ELh736YJHmQreMgHW1gfDmx63WeC2laNDUgsQFh/IqElRJ6VLOtG9cdScTgVHddRK5Ef9mAVurfDSZMoVJ/4qK4/tVTth/hXD6PFE50trlfbNpcBOQQ3MBjYYEiTWPD6LfvaOi5xqkqah/t5P1ju9qCH4j6KanVUE
91ylcGzipzq3KPuudQKZErtBKj5X+j3i0YZ8c1n9xofTO4LHVEAblLff3egWdFNAd7lbKATR1hKV7N1nQGooGvyxKzFsKn7NvfmCQ/TnIlKftfxDfdSDLTyG+e0m3JoTPlJ1xEBJzNGT3fbqzSn8so/q33wRRsNFJKKnYAxEjzSCVEraPyEQ3H3RPKKVkn/ukrcCbKqkl2DvunsYxLgR+6+Qe8P45Erw+R/xh5l8aRfIc3ppB3Aq7caFtkm91/+9
91ylcGzipzq3KPuudQKZEh76QPuKpWbxwoyw5C15Wxs5yIWbvbHmqArndBsXHWqgLFNE2iUkDFFmelXLsYOme5as660fASRuZL7WtmhFHc4jQBiB/qCp2EH3WskKBn2n3h6wxNWMS+FUi0+iTKVMutzDT0xhaA264m8B9dCAz7vUJEWjrtyeqwW9NLpPvPBfMhA3TuDHGFE76TXrx2yF5Jz+ofOYwq6+eu9pzxhuUdd8bBNrOPWvBQcNSNcU2JBo
91ylcGzipzq3KPuudQKZElHdSjThDJxE4hm/cRq+3GYX+OQI0VHqv7orDMX47/+Y6mhwNFIoM55Y5Asll7orTv73C7wj33iW6k2N6bdZmAnc6srS+6zR6Nil18ufCYAroBmnqn8fu1AF8OBtWOgLhPLobz7sVrXxBkZVUaAwVNrHaVxCDrVAqu7x62jryOR4jSHSNiGpcExovI2wn96GoQuCDOU4UjhCaYnFJKstQXy31HwckyMIAwnoP4J5aeTw
91ylcGzipzq3KPuudQKZElHdSjThDJxE4hm/cRq+3GZyvtfliqbbKdykA/06gftoh8IfJoXPexfbSzUf27eHWZyHTz53hk8bgKHikwIz3zgYSiFVRuIS/ZYTTKn4Rw5AeqJx3lF1/ClHd2yh7kDjVBYaRyYRb2g0K8IxPs6fsqoQpo4KfdaT89YuctlCsWosiA05TsyK3/Jdu1KqTWJkHiVWDX7GY3I68qVSYjd0oHRuxR7bBiBM3Q5D9guaSrKb
91ylcGzipzq3KPuudQKZEiXpiHgQf7P4SHcTSvCXgRKTYIr/YHquhUYnI79lhOF6uRAD+DTVZSb1ySGL9bdB9LXNiCbEzQ4ekopp8/ooip5/ckxf7e9ivXlsQHIfuFJ/pYSff0p4PtgZHEPK+fSJGoQ7ntdP+G73ql0f+6qzMmDYOAOaCX2MBLzeXdDljdj45SX3LdjA88HVwDFBUIKLHMk8AwwuY5Ufxb/EdBl/wJSUTVbVC9MsRehRkKuYfPyJ
91ylcGzipzq3KPuudQKZEp0N/kZ10GWW7hrjYyKWclgUb/Q3/6LjdSh7MWoRb87g+EU5MaEBjy7a6iZC+IX37yz/jxsnQKGYsiyECK/jD7xjHbUyjmtzekEkhRGr+30RggB/dqwEllruR72mEsqTnFdXZCFXYvYuqzDxT9htEnk2Y0sqOu1eH3YaYmRMeiI9GvGT9PPRjE5BWICCjEHrOfQ190mcj8MS9LrUlkn7oU56Q3+5WZ22rdkonTw7cwQt
91ylcGzipzq3KPuudQKZEmCtzO7G+UKSi9GdSC3WywGqLrZ9RrcnYAJtwPVSTmJjZuTshOQ2Xuii9+XBAhN5MH6y/+TKiVUQTfdJnRaJbrhom60pC5Lxgzd0J/Pccp7m0H0dX2ECocBD1SssNWuAQgB2C0WS70UbX/1QYGt+Bj6tj68OsplNF1Z4D+IdVUiJDEh3R11plX8FCj3ESo0ysE/+u5h9kBK5EXAWxMui7Bwl/UTSPlUVaYzRSgz3J+VC
Xd3kkpP2vDG4oo+GPXHeRaODDnn15L5wrIOarbQmdwF3KxjWWZg0gYfCMTVn1Ez3ZoOiFiZNk0OdLI50Vh/w93TzoNbm6062mKFbOKM9iDQ=
Xd3kkpP2vDG4oo+GPXHeRaODDnn15L5wrIOarbQmdwEoJs+PwFHEyCxmEw4QTFf6sA+geF0nU5lj7xXzQDHrV7dT49Z3f59v0aEVOek1encJ0cyoqKyFoVwtKlS+qfG2bF8lJb4eMxmcx8I53oqszFpCGIZ/vXuoF8mPU03Cof8=
91ylcGzipzq3KPuudQKZEoWFVK0YqrTc44rcLqsClJkyql01pou0olgEbHwvdFnh0E4htbW26iXw8mcNkmD2ILufZKHoo9+Offi1xs3P6KWRI8PpV+Vr+5z8+nH0vpsT2166yPxzTxkvdJHAl1kRbr9Kb4jmApRVtItPb1cbfiURZTh6HWEPotGaB9Q1acLiAARI9fAjfEynA1zWQg2Ycb0edOiORsWBaFgznHaOo3J3Idggp8rGyBwK+7hOvanS
91ylcGzipzq3KPuudQKZEirR9Ro0l2tJ4p6FxriSL0wHSSLxQUnjTJnGis+bL3xwGpprnoJi9U1gAQ+gxsUIUR/bhBr5rNz2MLeY7I2iB2Cjo+iv7PtvCsaYjDQcu4acQHmSPDWAsJ+n0HublQVAQOYwCEAiGVWLMdLeGW3DHXvZGPORcOIjjulIUBcWQM6be2l4sBpwRADVJyVhKi7P6DzmRwGRRIpqAOlvuERi9RUGE5AXlPldYbC1iUIFutr8
91ylcGzipzq3KPuudQKZEirR9Ro0l2tJ4p6FxriSL0z5dattZSQYoF5Kx+VRnuj4XLMPSZs4PMK5sWih1BI2OB8ZeL+LfJHUhaCrzn4fi27xwZfP+7oUa5OS7kPYELkodFTN7kNu7PzTEPeQpKRM+7vwH4vc4yNVG9eeRljj3hrUvPsg9qIBydS+hxmw17Jp9zcBy4V6KzAVEnBmbLKHBvbCFbsfk1bi5lMogujuFqMNx/lTvIeYq5S0KnVBiN6u
91ylcGzipzq3KPuudQKZEu/orU5XrEZ7KdsLeWyvPRPoaUUilKmrnt3xT124198zZqrFgh2+M4cqESyW18ZryKYJI6KGXbskkydN8W0SgVY1awJTqPxQLO714cXS6CHtmfaEk9R6hPgUr45W4YY2DeiUOWYm0cNcUmIlTt0yLzNod5OgADZSk9XazWaOZk7JGzUINWDcpFaPfF1qilGTT8NYJ9sTgG+NDU45g4dM2vxQ+Zpc2KAno7Yp/7SwV+C8
91ylcGzipzq3KPuudQKZErb+ZtKLTAxc4174Yi55+dlHP3UCChjL7Vg2lmYv3s3zx5uloSjQu748luXO9aXfoY61SJ9h+DT2Ole7OdYDoGvHJEZkaz/ZsQYx/7hhDo7vRLbTSDGpEYjcj0KPFcG6y2Ca0ElrInpx3aBrZi1nbomOFvMxjauJQz48dmd26MJnSSiBnqhpNLjrtG7JLXw3fgw2R5F20AICj37EpWxI48aP8uNDRQAVCDrTZJSN8LfG
91ylcGzipzq3KPuudQKZEv/VRl7WjT/h1DXW64gbpeuEwolY2fHbP3V0QVSZVtrspe9pJVFvL558lr3xknTS38dbOm0wOA1ZynS7AoxmI1gSG/TkADX0vUj7xqFC4ykOsNTElii26XsnerUqTM6DNux1+y7Sp2Owz+CeI/50OHKa/kodMqE8TIpz+oUCndIh3lNX3BRcnqhloJyXGs9D7X9hj0O+0KFAfFz0uQE1OOqhVbMvSPW44GYDFsqeE3+K
91ylcGzipzq3KPuudQKZEhCzH8CVh4E9paO7GH9Jk9mNNnDf/cwwFhu7mlcLe4aT3hge5bivrSJTkifZjeZX49dllygG04U5Ll0vq3C1Nu2SWixV/sLz4KanEbF8GzsU2pjCOHtXxX9g2kSmqZmlxPch9UYiIBDXz+KUPcCXOzixu50Fzzy23ZjgkjD48xt/HQ2OV6hNXQD6JwFywsLuX+90jsn83qVJWDocMeiISl8A+wi5v7J7p7qvncG+pTXE
91ylcGzipzq3KPuudQKZEkMLfjZIvHYZgWtBSocU1LmxOgh6cItrkzc36DPOJi3pb2oA8swYXuftHqBT6+AlMioOvCLmiIMVl/l/BbSNI+blRvn9Bavta0BwdF+W7gCnqvHnss12zUQLpwxNLHMfhW/yCGX9Eg4oSikQumT00qOA98FRZfCodz5lRV5Yzodv3QD5Zd5PnAXdCFSZF3pDRIy2lw1oLc3uYTQrUQ1dGYGO53WfGHU+RzQ8H1lArGtH
Xd3kkpP2vDG4oo+GPXHeRYIZnKplJ0Fesc34CfoKGrhPhCPDrMnYAdff+tMS4gjiIp/Cm9q2P6V27BlR6JUjPd9z8qKqRYCRs08nrmQo+eM=
Xd3kkpP2vDG4oo+GPXHeRYIZnKplJ0Fesc34CfoKGrhX4KfV9Sofl+dVcolCkqZP9J0HU82v1lxTUBn5I07A7CURRSRO/n1gnKlrYCtzo9vrzV59Ub1VYfCFSgHdAkdXcAF7+NBg/2tBqoHBuIosbocsXiazXhhC1kLC+cOg+jE=
91ylcGzipzq3KPuudQKZEtFvFIC2tN3fp/Vr6KgT4CFny2XArse8uK1gf0BAjvPbw5m+4tb4lkGFVvyVftwD4StUOCW+hutxaPeXARS484V8XnGIsRzocPhbfkWG+MNqF3EYx+yVFKsIcrNvHJULwvE/gNO8ymmIXsT7Pph7kcbj4fIDTzMtejeJ82YQ0ZxHnfKMNHjgD+wU3YyncUeLdoxCcHCVjJSMcUIBNTeeEvZBQhzoj9qfcTh1ReL5d6vB
91ylcGzipzq3KPuudQKZEjcmU+6964PYUsEsQek8vITmAA9VaoUTXP8JgH7CbF142UmWRc6xRF9884fdE0F8Hni4n+A3XlYKrqW/vW1pVuSM+mNGU11UcN7mW/IqOLyev132HhGiQfY6HfKKlr21T9NlerVInMfQGzOPku99vA/aCJWhZbJHTboGcBdy191OZ4B4vQScUlGPZBGQEd7YOnhJavHUVQSSq+5cusCuCmuQ041atqSGMPYs0ylD4DQS
91ylcGzipzq3KPuudQKZEr0q9C6PAEPtgc7+eaMXR8lqou6oeCPsoP13FSotsg65+MwgywhQ1QFTzeIJhONJk5wZqzULnI9zXOQyT54Zo4xpW3Oqvu/l3xob5Sj0cNV3LMh+4BpJ9wSdZYbTNlYTtPs26D4dz99jDy4kwPOYHVCE5rv+b0otNdzt7aY5+Xdrnzn+sb7c+gxLR+0QRUe85yhTlP9dOASXDLw64rImMFQu00wR4kihIrskF+OYcPLo
91ylcGzipzq3KPuudQKZEsp1+6tHLO62MQlbqxC31uYwB8rD3pMdafe8QFqSTyLA9/Q1/WescA1pHsyFA86eFCFe+39SFmFILhgZLpX54h74PpF4xSRN1s8uHPOGU+snwF//XCzzeRY+ibVY9tmwtlPPwQ6l9VAztv5zA13aoLNi7EqIxhyZtXbEw5aS28LH+noL09/IvLwptpAwwOzXepMoqpT8Jdnb5XoSfFXuw97iLKfSXIvqF44tg7jNZ03M
91ylcGzipzq3KPuudQKZEoq5bc4+7Vw+rz7fe7zgK7U83Cpw8kFfNroXWZAKEtsEpX1o+wwPHUNz5ru7TgMBbF3A4R8HYjo8HjF2LbBOP9D85ajtxoco+K5bzMU0t1FV/An9X3v5Tn4gfLpKZCdQyiJSKSRDY8ql8Hqzi3Nfv5RijGL4AGr1Wx2ldk/SdBiJBX1ky//M66bqkeJ5/CL01LXrSpHPD+aW14n7FPYWPVM4c/jKYQ49jmyvX7SMR4wA
91ylcGzipzq3KPuudQKZEoq5bc4+7Vw+rz7fe7zgK7UqZ+JGKcTXCk/4BtSBEVmnh0kSOy78Qliivfheq7GyeKaC0ncGUHSHJkOtvd7OvPnN9UhSeW9LhNu3JK3B27H+hmH0eJazsGOjGvWgXaGGT/657L4NFP/4lCPYOKQVSUq50TZjbFleZy3ExwpG1V/iiXh6kSc2z+/FoNFnkT7LcQktvjFWmHvDDZKhV/oMDYMHAHsdZtAj3yEPOvpWtlGK
91ylcGzipzq3KPuudQKZEoq5bc4+7Vw+rz7fe7zgK7XvLY1hFRr5M9/GDSDFr5VVS4AALD5gLYvupWxHLNDsCAm1OcyUny+a902nLmqKZKiooB92pz5oILYxLC6GzHp7HWqeMxWXOilfJqPuF8SW9mkB91mMKMdbmS8F93HcEzVQ1R4o5wZCYsqt2BgR2mXsGMcc0VBVxTm4TS26R3J5DSAyRT/ohCrFzTJQWWo1lz2PAVhd3l70X3NWnKijfKA4
91ylcGzipzq3KPuudQKZEmwUENQiAE0yWS3GJFlJ1Fc1lROZh7EsqZbpSJ8e3D/92pVsDykCbvQ3PNPVMjp9FIVxD84bldII7tkAQDdCpHspbWiQH1U96BCKzd/DNVkFubhtlADPO0IFVJO5mWywAcVRnXBf3eF3DxQpBM75RONlPWm1L5+hZLhc9nj+/hrHUInpcFxsPYH0lnGUZqYmnH8FKR3jRCBECYxAL120WHfGitoz752xSqRgdbNJDA+m
91ylcGzipzq3KPuudQKZEiPuklvRPkJDip3KdeYL50uLUM5ZkjszjKzd+P1mT9yB1BcK3/c2Ui5JKn0UXp39QS9NFKknip+Z6C9BAliur+T1OKmj9W8U+bQmU+uJAatis3Y0OxqvPdKka2HY2EnSnZLpbgijr8dT5QG85qudBAsY7b6zRJ0/rDgAWg4rm/cp6QcpbS2QmWTsP43N/5dvqUV0P2h//Yf9UliRvjuBuX02tJuobJepxtsjW0cFf7WJ
91ylcGzipzq3KPuudQKZEquo97D+pucx+rogE+YpBKqYuJbg2ziucrJj0fwKb5NgxX1AIzhvEyRCGjkoA6jqu0kmDqj4kw3GQYMOXUTDQYgh47Y8Ll7sj8k1Iuawu3Fvx3eWKLACLfzIGQdUVH/Y4qyp4y+aFideP9qkXY4ZnQD0vUvKc2zOEeAccKd0U1voiWR09z9Y/EkTshNkJuaBSxk54pSitgGjs6WbSeE+F9Z0OW2A95q101WjlqjvsClh
91ylcGzipzq3KPuudQKZEv7SfIRFwQyuOYt+Ig89jruPPEQX3HXQcLh0wf3dZlartsm8a4m+OTdpkezygoTb+kH/Q+xxmRB81lNYNELc57C+r14GBt8lp+aAsyhpzrAYuX9Ylas5GEQwy+104sTmVhjQ82UlY74Cbc1XSAs90uIEkLVDj80zleO7X4NU7t4pfXLPmh4MXUmdthDqwQ6Q7e5VMuwE72b1KGO+Cx6zYh53sMN7/c3NcDCWubyoKdH1
Xd3kkpP2vDG4oo+GPXHeRWgLFPG3uOcIx79ofUhXxVIBZRlEz1VMWDrp0H8jhIHH0BjQF0AnTmYfdOAvoKjX9zbhfTjFxkLyA8IvwRR2+GE=
Xd3kkpP2vDG4oo+GPXHeRWgLFPG3uOcIx79ofUhXxVIwUhWhJ8dBSET8rCtiK0iWPA8h2Me++iGTEnM4PTH8aw3ZitdTqPYfPz8kj8Rki4tHcfeoNoakUXa3CpSluHsYzxh2PrIs7jsPThoKAVoBwq/ywQsBcOHB8l3pss7+UWU=
