GmcONIA9PFzHw1gpPLLPoqev3ytAH5KO3S/CJpMsylg=
35kyjVfwBJgytCi6KM5Vug==
FNt9orFfFSbPIXNSbXcP2Q==
gE2g7VQeqq0h5MkG44fPUw==
A4ZCFW7RnVRfEnbtNxUDb8VFIQmzxcIFLuiIjRY2q84=
cwgQW1UgxyVfBeSrdwXHsPE1eoSAri+NViVSjTYe4hg=
pYn3RyiaY4vz2unSybTHuw==
mAzeFbkWBGyzJRgEWJSZYQNn44wFaguEUnqkvHVinQw=
NiGef/LGs6v8Em6sqLz1GYGKB0111uCW/TAqgkiW0+w=
2lfNnhNY+w/3xMaMUxJbE0YFT/wvMlSDz8Vrd5FEs18=
91ylcGzipzq3KPuudQKZEg7M2xZdUb9Gne4wrpTxj+bKN50iKVy5nC2FlBuirpCe+MCHXQ3k/ThpmOpmA8WvpUBnnwzBh+RtEn7Zu5sHmgfRMytqrYHbyt7//VPT1MvGi5jLrF5xnCYQzAEeyNwrJK5RsA+5ymn81vc8HKknaD+i1w/YMbrSwyYW+sNr4yF5fou1UypjbBJMy+9FBQDRl2GQiLpmb1t68DTUpkYVUY1ovJdgZ/B69IufQOA2NnNx
Xd3kkpP2vDG4oo+GPXHeRb15qKPkB9i1GBysqFVgzBoUgJWHSml3bPRbnhz4lEKAWSZVxMAgdeXClQdu2k1Kn9wMlfd35kOdOynpo04bq9Y=
Xd3kkpP2vDG4oo+GPXHeRb15qKPkB9i1GBysqFVgzBq/6wQlnpagzCxIML+a0ViOD7AEm5CU5Ii/rOOCbKhYu939X6Mmxf66M8k/rVlgrqCv/CDG1fSl1Usbdv+vaDZSL5Rf7DmAhMqdQsBnGYa5nuV/yUq/NSMCO6r9SEqlMH0=
91ylcGzipzq3KPuudQKZEkCG6OgB+4OKCqKUINRFEzGKbCWYLqNlmCH4/xOE3To2f7xhHc5KY3QXwTY+A5Nsi7hLrmuhRC0VqY+w4C9Lkw9uF4sR3+vWSiFsNVRVCD9m3NikyFCmnD0TdB92EyJdQJq+ZtieTswZjAr9N0rVxn+rY4LzYImIAQl/iNPtdEHUylhlmfaulSYyPBX568/cG9VctkTtIs0bSkqrFKpL36YqzbWvkBKSIlnrqPbGCMf1
Xd3kkpP2vDG4oo+GPXHeRU3lBRVP/OV/JdTRbi1w2gTOjd3y+q9AI+HaamZb3Tgkw+cpfyj1sJPE7XB1Dp3menJSWkvTx6+Xyt4hZJHsjTM=
Xd3kkpP2vDG4oo+GPXHeRU3lBRVP/OV/JdTRbi1w2gSvmnFWkn5qEhPNZJtBI7cGY/jsBa2hmvDbXhqgIcN+hWo1X2OM/UqHu/3l6i8MikP9YUDOP9L3Nq9fG+SlhCqxlwbEYPFN/LPuu85mHCGX1W7jlsgRTEQiS89GYD0wg2w=
91ylcGzipzq3KPuudQKZEk9q8isOQYkbC21I6xFN6JLhCNRzhODW1AY/XriISvbuJjUmrx1Xbe7hagy1C9eWychZxc8L9I+wi0BjJbJ87MA=
Xd3kkpP2vDG4oo+GPXHeRU3lBRVP/OV/JdTRbi1w2gSsbIra1XYtNAlGkjS5xu2mKPDI83/+TVJp9UiwsgMuXWNfZna52hea8jWfmAc22Jc=
91ylcGzipzq3KPuudQKZEncnfivFlb/dlEBqljNKfKUtUuPwccLoZvqp6lz3L5ASM1tMeX3zTYlkoCC2fKHmyUojCj7qI/S4vi3hYbO2zKS6I+o55xHZnlwcNLlte0iMgVSdJt+l1J9Mzedx6BSRMwWDT7w0OW2DpJudl1+ivK7rcHTMFTHQLa2yRNeewqX4Pd4WWxBFfUmIFIx0/k3MK36mD/gC8kFfWRcElI1zEwBtKuhA15GIKIGWJZ9kQxyp
Xd3kkpP2vDG4oo+GPXHeRU3lBRVP/OV/JdTRbi1w2gQAxNDgULpTugfAg42aEJLIhXOf7GtzPyI4VCeSScdaFVy/GKoItYNZFM9t0IQsZZ8=
Xd3kkpP2vDG4oo+GPXHeRU3lBRVP/OV/JdTRbi1w2gSdSTN0E4Vtb4EfMIdmfZHjb2alll/3dcttNCgjcOO8SsLii3pGxDC3GeoGWiZ+nl96T2SkJLD99SdC3JxPmGryvC9fQtYLeeWV1jO7WgGLRPcPiT5c1EQ/qqeIVfQmH08=
91ylcGzipzq3KPuudQKZEqw0pbCNBlRp30d/pTsM1l2YnRvz4M1zRF1kyhNWxmPbZ9yF670CoLAYVt5HGQfYqpJiifUY18LT4Qa7d+zp288TgEq9Zhij/Cl+xRUctHbIYXPhhSkz8Sf/nS+CplU/KztmCg9i1WUYwptaNJDlhi1y57bOOji8anfccOv00MDLJpANLs2f7OH6PCbg9iRlvG31TcCXMqVSfcAyCVJYvjpJkjuI74KF2mkvJgDICU7D
Xd3kkpP2vDG4oo+GPXHeRU3lBRVP/OV/JdTRbi1w2gSIhPNCPKrV//ju48j49Xxsgdqw4wAMAeNOesCethr3VG26awCJw2pyf+rAKlVtBLA=
Xd3kkpP2vDG4oo+GPXHeRU3lBRVP/OV/JdTRbi1w2gTmPuXSTRCexIZ1NN9fed4Se0qgoZenvS4k4b1qONr3hklg2P+hed6KFQov4HCNxNFvTWlzWNdT44FTEds9lIViy+LEseCh0jnhtW7L8cS7AXdTx4/89mYo+0KmSSE+PmI=
U48T+bbfA0TDnroB7ZxOJ+ehN5wL3cVjEG+h9H7NIBB3mcgfpMqAgoNs28vV8A2cg7wI9FWOctH8YSGFB5oesg==
xbwEyos8PECzxGIfJyJrAGYl98GEZ56/ehNSF5Y6bF6TdIEgZxtl5W50LorgRWEk9dcyIPjtKD2DtKZT+4wlAw==
+m5tXbb1W7nhXZKx+wvOyJZAfWTxtZAtrXBhuOE5aaPeb4oRLZ2RYl0PaByQ/kJVAYOlmNU85KNLUD6gYejQtg==
tVpcjcrZfjM5Q8i6ya1EQQS0zJZQxsvptcjoTGL31aPNhmoNfZbz9ghy4MAGGkDnbXHTxsR8VPnslWXbiZotAg==
U48T+bbfA0TDnroB7ZxOJ+ehN5wL3cVjEG+h9H7NIBA4ReP7FplBw34gRZF/0wl3fhHtO5urEzq4cPupKS+lS7pOKo6EdPwl3pQpKdlup8A=
xbwEyos8PECzxGIfJyJrAGYl98GEZ56/ehNSF5Y6bF7vajFgKKVi3J3OZUeyRVsgSG5azQb9Gsc7yW/1EmP6WGzceFRq9B0fhJtd4HTJSYs=
+m5tXbb1W7nhXZKx+wvOyJZAfWTxtZAtrXBhuOE5aaOue/St5jW7RI72UdX7VKG/dqHAHx88fIbSl3hOSrpybQ==
tVpcjcrZfjM5Q8i6ya1EQQS0zJZQxsvptcjoTGL31aPcp0Lw3+xZstaaLEdR8vbK2diGGmeAG+CeUuJBmKIZNg==
U48T+bbfA0TDnroB7ZxOJ+ehN5wL3cVjEG+h9H7NIBBfAGAYdh6a8E9BF2x3aKc2wZ9LTKoCobQC5iqFTGpaPCxQnKelcKv43nYOU2KjmzU=
xbwEyos8PECzxGIfJyJrAGYl98GEZ56/ehNSF5Y6bF79M3AjmI7oJfzZdado6Kq2LoQxgRtV4MGxJ7pTsuYiZyb/MJdmduEVWRs0rBTvjro=
xbwEyos8PECzxGIfJyJrAGYl98GEZ56/ehNSF5Y6bF79M3AjmI7oJfzZdado6Kq2/MV4GRIRXP6yLRMO/MLFXbC2zsaiZGfp/j6+i0Ve3vI=
+m5tXbb1W7nhXZKx+wvOyJZAfWTxtZAtrXBhuOE5aaP9wvU1EXCr26kj/VlrkLEAD2vbED5bEwUPFuReZE7SGw==
tVpcjcrZfjM5Q8i6ya1EQQS0zJZQxsvptcjoTGL31aNZRmGtf/NeoGmDs4xKvzua+ykSrTGOK7KBjAZVU+zuMw==
U48T+bbfA0TDnroB7ZxOJ+ehN5wL3cVjEG+h9H7NIBBfAGAYdh6a8E9BF2x3aKc2JVQO6GfE2fyDUTPAp3SNpl1sxyMXonMQFQNim8xMt+g=
xbwEyos8PECzxGIfJyJrAGYl98GEZ56/ehNSF5Y6bF79M3AjmI7oJfzZdado6Kq2/MV4GRIRXP6yLRMO/MLFXbC2zsaiZGfp/j6+i0Ve3vI=
91ylcGzipzq3KPuudQKZEopWwx9LTLu00mdYyOUTX/nBTsC31FQsdQpdWioUQ00dcihDk4PQG9r0l1InGD9SEmezF/KsQidJKhpOqUCzhGVOqbNLufHcXRe4h8j6GhB9tTjwZZOWDhf6/iqAVr1QvZDrHbpPi4gJBbxV9IYjjeDSrR9HRZjfB1kvey+uhobiC1bfyAPVgVZJwIO3FQ2wpfAwz3ytUjVfARgJXZAqX526UFoVoqIEyEmmQSThn0Ua
91ylcGzipzq3KPuudQKZEuzx+U24lpkbc8gxDQxSeElF6HUMq4U74jwjquGojz6w41ht3KcbMXF4UbxMYMWZJx89v0TT8IAS3N6GSh4JXlwj3pZjmDs22MJSZSmYoPvrr8MsrX8Pb5V+81yf5fv0gNyTo+zUR5MAQs2teTLELqutdg5oELyq/4osFnrBdx2g99KxB3xJQZkvtQhK66R+zrnKkwwU4SNxukEE3HFzGRDGB+imFyulkedksLn3OUXW
91ylcGzipzq3KPuudQKZEi5H4o5/li67ieJtpNpr5NdF0HlUJE0hYD70ODUqqhL504IY78yQaQkW9IiVAPSdhB/YZjeGd5uaTL3I6jTDObLuJQ7ERfO+9WbQ/lzDp5ShW2bPxFFlha4I9WBsyMF58Elllh73zPNpmQtDmeXFTZC15Bm0mZH79tPtlfF7jAvEOoONv3oDrs2K680ABn4f+1umvObOo/dclJySbQU2lsl8JI0hbUzehiIZIJRw2sDO
91ylcGzipzq3KPuudQKZEjj3Nt213epTa88pUqLrls/YAR5ASdTlRpImTVnK9sG4x1yUeVqjA+ngLdwifUQxxc9J523VflRfTBjk1J+1nKqcznTgdniAtDSwQDde5iqBeamQcK1uqozQVFHfb+e//TclF1DQQgjdqLIg/Hrmto7RqDVsurpC4K0OQUM3hqERQ7r+Fuh4+c5wDJo/r4QzmWjG4wNCQyIGnGQF8YZFiz9jO7uPw6ieEEdL/douWQ9m
91ylcGzipzq3KPuudQKZEu2s1xU59p/l7VDvFGy8lU0hDg/TqHj8q3UJ7TwHvHjpRJqQUiqW/yRHXjejH2jkMTFhvqVqqS565tmi+azcXYcXmASY3YQK218AjC3WUIkGtYhssYmkEXPbEpQYFXbh/j6t6ZRN+10fo6h7oi4cU9h3u3bQ4IHIKhqktZPeTmvcjFVnvDtyme+FK+rU9RKEcwcBoeMKabP/cZF8XPBBV+rCyayIlxzEmPhpPl4YRUbP
91ylcGzipzq3KPuudQKZEo7xE7QCi13EE9GRVTtqCEbjqMYuZmRXfPlFr3VCnOvq16sLCE2LADM+pQ1wWnMm5fZWbOThYdhAvd9+cMlWSojXwgvy9MDGYl0Ir9dOnF1fag+L/s9fpzt+jXvPLJs+JkYLB89XungrTjQ7A7woVAK7C/St4k0VbqU+d334+At92iqXgqVixny95jBCOZacv2z1AkTTqDtwWTUwd0gefKe/689qAfmlIiv4ZSfRa+h9
91ylcGzipzq3KPuudQKZEvhLJP3W7HhbkQ1wa3/Vigj2En2n5TIXKbBlqsH1vPADDZx54/UMvlqTq7iHVtu7q5nnKoADLDww2PXw0U1ovaLuPKpcQmiTCVTXinVfiSZu/LRpFPaYCRpicApDpd6xt57wvq6bphAMWb2WQkIkM26k9DanLwfb1VQ0vYop7tfAjenZzGwsbFi5v60zXiu6fE0fcQLx3j4YDHFHkyZd/MCCIZ8L5m2zA9nOL49r0r3W
91ylcGzipzq3KPuudQKZEo5cxc+3RDqzdEStZIh2aeMcsrLdjz8DcHSrFg+sSAR6xlaI0H+aXMDoo4OciS/s/jsBwxqdtFMDr2x1uh+ILfYiDxgVAo0g5xuaujLMODVFQCEWfgU2Rb3UUmAb8UZhUuoVCE33jJopa46A0+j5fN4lBQpnwcXJHVcWD+H5Eq22TkLfquAzRxH0vCOBVWgEi2qmNB8HOQRZR3/BtBZXDQf0UYylw4J6ImUZi+l30zBP
91ylcGzipzq3KPuudQKZEkSmHe8YMGR1ECW89pr+x6ddlBh0LaWAUqtLLRBQC7Srb+p8v/HU8rgJFay0xF5bl5uPcDTCqBwh1eDTPLBvIyztw2CJOUW29LZHgnJ4QMHxI7a+Vz1t3cabOlF8iJeZVb2BlHjpH16u+/hf8jQSEFAGJvxAGXiwuTBbHpVkwOvpV+vZ8iqclKi0ZKtei/zo6M3vQPrsQijB4CD4/cMJLfQMM7MsG6Em26jmqSbtoAk0
91ylcGzipzq3KPuudQKZEkSmHe8YMGR1ECW89pr+x6fWXk3ZGjEnJicGhcz/ePhA84ipotjxuo9fDjaQl+z7E1Hirx9a42J6ZIuwEM30jhRtmNiUrtYS0VNTLR+8Mgbc1Y/Q5lhdDZG2RungOcRkeqVTYisDS3qQxwJa5xkAytVc0Whdi0QmVZP8zCTksBcnbDAUCBXZb6Vmnnt3QwGdhLtKEa58utOzqCrXRUW3+bs0WNPJespSPoxsbKkJjV1h
91ylcGzipzq3KPuudQKZEsZeMDlkyGNJIfuE7U8VZKTcs8YeVvL/KYFadZWARQWsbSSTUo6eeT4aTG4XCpk4U+GXFmwRv+H9kR6r7+HtP8hvnUqdmdcyarZZzTiIGmlNWNqvoixXu6835v+zXok4XqklYKp4VapdHZXkHRiO1jbbaH5jCYameuVK+ERflnLKwiZ6YQnyhkUgVBhBOPIEmYoim4bjqkJoH2FAPCXt4rzdBeuSbgjdYb1NvZeqymHn
91ylcGzipzq3KPuudQKZEsZeMDlkyGNJIfuE7U8VZKRAhUxT2IYpuHHeSVgky4+x8MzZTlq/z8Benh2SIEQyCKwDDSrIhOBLKMhN/Z2hfUWGz78Ghbfct/gHUKtPT1/nmzQvpJESGooFUVL6fW3u5yut8vzmrokOjabqiXNaVtvcUrwJSHzScQM1d5w9SBAt6eLbe8oHYpkpBWi2J1iYCBR6zjJg+NubSX1/GYE8pnkwCOp2xTnCMWm9q+tM4o63
91ylcGzipzq3KPuudQKZEsZeMDlkyGNJIfuE7U8VZKStX3TxlNwCVO1qsrlRQuHz3iXLIQ7N0xwf9CM7LZm+a9fAs4PoEzhxJjZHY7Er7ql99tj1l2BWTNL/AHX/cLJHaHuZyhwjJs5rxtNpAioyX9R/Y8N/zd2CTa104SbBAx9rEW7mjOuklvFgg0qZtX5y0KQNmkI5Unwp11P4JQuD3wYtE7LR8XeO9rsRS2qUiT4DPr2eoKNC7jtBE4GMcYIV
91ylcGzipzq3KPuudQKZEqb6KyBkIhcr9ttU18szB9H9Yrcn7AF3PqHr73U30nN5gOPPqmhqbgJhHJrA1/XzVv7UoxbHQT0mDZ4HjUMCD27ZBJ0v8vNwNZwsyERg9XuU+w/ZuGuG3nLI0RgkquxkJWSKBsS6AkHPtRXd24KdJax/1bxL9KQXS1f4/c1JItKAOxJNXbCOt6o3wn/PpP4ZFPv0yWyOHJoIvUcJF1NYH2kp7acMC12+QJ3GNhBtONej
91ylcGzipzq3KPuudQKZEqUM0tEApTe/4Dz8QuuHyvebZzvGrQyac6FwZ9o4o7tYhqoOruEzDfO6bB0xoC/cNFIgN9rulHy2Xnyxs9Csu9IaKzA2ofFUSXOCPUQoFAheWldQ0pe3mNSHXFvw5fOeMV+rjOFgXSI07bDa+iu61E9lAsfH/nCbw61nSXqonaziz3B9wjMaAeFLXTDORJEQ/HlW1PAgCyjwk1LKazhmB3UKixuUCSyE19Q77M5vX7Ei
91ylcGzipzq3KPuudQKZEhKDNx9JC9YnPWfCwfr9ie6sKgjqJ+xizQN0cCERE1q1SylutKiqkDHYDz2wBwN4yw7okwsazCuiP3PBw09qxzo9VC6a/aKrb9TYfjZOuQcsER2PAaiKl0LCx17SvT8DzGRLD6NTJdtC9KFPGKhf7UJ/EswjXBzZ54kVeQyJDf04hTT3k/eW2srSSPpAyc9Y3LY1ptoH8PoVePUZXyjuERewrCnmlUxewK7ATnDDIG5g
91ylcGzipzq3KPuudQKZEhVfNrB8OREoB7mLroxINjqBrMKsw72EAHss78yHFH/r/+Z9fsGW38XbqYqyqZpCmUD5kbn9SxHEe8DArST5OHQlGvlJEfmHCWtY2hys+T0Dtt9lcJ6BfhdFilVvXfIBS7n4uh9durA7FKcxqhNGD14/KU3Q+Helsy68I5ckjwCw4q/I3WiQYCUg7j7zbMcy88dw1qLwT55FXLmF8U5KjU6s5oFH5i5UaYkyHTmlcKMu
Xd3kkpP2vDG4oo+GPXHeRYcHek+xMNWI3q4B1xL880pp9xQXwce958GgDYjfiMp8azD4Gd9cvEN9JbetYRvgFBln1GyhrKA5NDgqAhkRkYo=
Xd3kkpP2vDG4oo+GPXHeRYcHek+xMNWI3q4B1xL880pzk12EzVuUNYu0J5RH/WGHCW75I7ncmZaQH+z2SYaqlT4TL5UdhCaaT7gUQUOm+G325TwSC9wLWnh7evVWF1kZdFUbtlr1A17jKzkWo7NZ46nprNmiiFBZmU3P88iQOXA=
91ylcGzipzq3KPuudQKZEgkzUAfYp0n3cIlmakI3rhL+LSGtKXr4uLHlO5I4H5CVUI3etPfPLeKlGldTdEZ5iPh4nDzpBvaGIT0jSN+EFzA9+/LSD0yF8zHfG4wr0k1YIHefPy8BLGi/CFGc7hkDzm0NZ1crnsKkbCLB9kvVyWhscds1CwQWiWdhdbqUJoSD+ce0qHixu4RyfL9qn3GvD8bGe6+abruVQ0l4qpDNdwa6DK+81ew2HfifqB6fVQma
Xd3kkpP2vDG4oo+GPXHeRRrcgs4P693vosHzi7Q7nmPCH5ArBgS3Z1QoWlpouCXP1AeBJ7ki2GZTUiwhMk4P5tCBhQS8tgr1OE64dudxORI=
Xd3kkpP2vDG4oo+GPXHeRRrcgs4P693vosHzi7Q7nmNqJkcpgV9GccxB403x2NOG+mXZs2wolTnKiDCWc6j5omz84ZAZ56gkr1HBQ1RoRZFhbYfyS5Z3XY/aWayH1YznZGqtwxpsYEMxdsoGiQU7gXwRFyOl1QIUbi9Ki8zbFHw=
91ylcGzipzq3KPuudQKZEvBsIscb878WDZeTrbbrNapIQ/mEjMcd6ZkIfT00ugNWnOcnRkbYMaUQB0lWQLmBxb9N5rBjUskgdapDRSj0SLDdF3Dh+lkBl3n3f2e5QiINAT6IF0uX9OW0rbqqCbmysu4pL4r5uzW+g674Zrfb+nAdW3s/M+tGgptrYZX3n38eti8MPhaDbgD4hzX21Ks5oWXDMl/7LMTrzwAGaSeh+Vx/DS6FXl3R08OTwHME1LNj
Xd3kkpP2vDG4oo+GPXHeRXruNaaTmvnRxc36tiE5OUABjLUbSUWsC1NQZoCKG9hfQmkpzWhrdWUWTOW4bDBKWZuKv835+12HlA6KyDrZ18U=
Xd3kkpP2vDG4oo+GPXHeRXruNaaTmvnRxc36tiE5OUBJWouwk15vy/ji3j+poRYGjP/sekJgfnoBKchZeSYd4Is/3VLTaWySuLOQSCK2rb0CR+MUZy4Myy3E02j/wK2lfyFvD9O9sxuc7blg3MdWZkwWoV4EAc5eNd3ZB3F9nkM=
