GmcONIA9PFzHw1gpPLLPoqev3ytAH5KO3S/CJpMsylg=
35kyjVfwBJgytCi6KM5Vug==
FNt9orFfFSbPIXNSbXcP2Q==
gE2g7VQeqq0h5MkG44fPUw==
A4ZCFW7RnVRfEnbtNxUDb8VFIQmzxcIFLuiIjRY2q84=
cwgQW1UgxyVfBeSrdwXHsPE1eoSAri+NViVSjTYe4hg=
pYn3RyiaY4vz2unSybTHuw==
mAzeFbkWBGyzJRgEWJSZYQNn44wFaguEUnqkvHVinQw=
NiGef/LGs6v8Em6sqLz1GYGKB0111uCW/TAqgkiW0+w=
2lfNnhNY+w/3xMaMUxJbE0YFT/wvMlSDz8Vrd5FEs18=
91ylcGzipzq3KPuudQKZEtEb6vPHW/JtdLzx3E6kPPu4BtGiFh5kOCwjCDUPTex8PVllSz/aSaKE9WBdl+QbpIG0fyNqWRWY8NOJy31nv8M8mA/wINIZ1OkRfaUuSDsipScH8rCSIs9cyKJAUKmPgLK40vC4xfqNy01ejgF9fBgZZeWSyn0SxC8x1EmCLUrepNYEHXdKMvNtsDC5RyHTLghrTWi1+fGO9BGpP2S47Hws5sqp2Jcp5nc/DWKKsEZa
Xd3kkpP2vDG4oo+GPXHeRRk2gCBX/Vwz0FgRG94vvzNt+D2M2gwdjjcCjtgs0sZQFtUcBzm9NgFTA4cecR21K4ckdn9zf2k0n6hy+4E56gw=
Xd3kkpP2vDG4oo+GPXHeRRk2gCBX/Vwz0FgRG94vvzNrroM7p/Jcn5VSckDeHrwYOzQfEu+im24meis5NM6ESVYLj9Qpg95dD5sPuPgihtcCfff3hVlY9oyRyPQwvUj/x+g8v/SO6DMXhorQ+KluYT8gEArkiOI20q2f3AkPOVg=
91ylcGzipzq3KPuudQKZEvg7uoseCWuACCXzQ67YmCGg9ImgJL0+AF5F6q7aLs3JpbHOd4S476n5MQ9AnGy6bx2/BiJ+N69rfeTu/5jxmPH7OxlUxHoCHEcLcloPZ3sgp4TA2DqKNXeoUlcZfwTI2/VSnM3zO9s2o15wXEn9nzaDk3jVrFXUqm1ds6uwOiajppOqbU5V8jv7wX8AgvmXlPxH6XlTfCB/ZDArjJh1iiM5PjGFMeznPQ55u51Et5Xi
Xd3kkpP2vDG4oo+GPXHeRWjEAM3amxaj0AeYf+JH0AE+j4El7ZLGZ458vAPdDVRkGn/o15T1k6ESVvjpUBWeLK9oR17mhfn+cTg3nL0rAYs=
Xd3kkpP2vDG4oo+GPXHeRWjEAM3amxaj0AeYf+JH0AHO4CJJkMdXbg0B49JmbIfVjToBHeIU3bSceZfTEaMKXN8pmJ1zHWIFccoBk3yZTiFcseJBVwPbYJ6VQc+cgl0ccSl6sd+g8Lg5n1t3T2s66Iy7ChN45nCrh09mpmx0Ao8=
91ylcGzipzq3KPuudQKZEqwLLbEo2qQjKJnKaMkjR4SOAsX6vUMnjJGDOrghJN0XuZOsjnNjjsDfZgeW1IZ6kd2Wga4PozPitIL4FtIVHprEKUUOsUzYCIwSyC2uVxXttQqmR7vuPq0RTlmaFa0Dvn+cYVe9YkfeKxXdAWhmIQ5obN8GDaqwSqrdIyTjzjjS/bFjFr9RD+zt7IkTh5UE/1ySjotBQW3EiTSIUb4A63V3ZKPTV6Ri5PUFUtYpAHzm
91ylcGzipzq3KPuudQKZEsXf2BNrZDjgd77wlyXACyonr4diIVV0xv2f8f7ZC1gsrKnob+FKVm7ldalaSYZ63g/46lgPrZqwZZi/LqbXdE2Xtvr3H0V/LKZ5XWVQY2d+Y2DtNKGDTuUqxdaP7Xd/P68jSI63eZuopGGwn6ZgTqDqgZ6uyKGekBFS9eHD7V/ZU4rgPzqjdjUb8ckfBMCnLdtfidezigH/sgr4PZqThR7MN93MJTLT1p6G7GC5AnRl
91ylcGzipzq3KPuudQKZEpubC1ymjkJsEyR5QeF7PLfF8+WWXp7jN+djYXKbZPzl3NxcPaHEqxSEwreBSrHGlxHcQmjij2zIixihNlV/Sann2MhvgFhVPVK2O3HwnUuBYRsGFNF38tCh6I7NPz54ePormUPBRxtakGfrfNLYuUaF/DbAI31guRziE5JmGfxcsPNnbp1+Z42/O5Fa4hVksq9oVO3Q/FzfwB44J3cPNMhIdzYW0TqmbCcKlGaYoVe7
91ylcGzipzq3KPuudQKZEt0JgKmdN6nGbICxntzPzRaEtoT7Ye2GviMcu8FRxhKlAr7rxtrAb2ZNuKqt63BPlwyoWpJwSp0XDsJnErQj8he8X9kGcrYEXfh5W1LXKzgbcQ4DlBqQ0ox7EQdrssO+JAfJii/33mQNONAiwD3hWTOZEgVcmsbe2F8rPMgUil9zHJZMUqW4DImioS8dWl4MBq8HV/8QFw+GyKTVHnLdODraortxtcHk6Vi4GKL++0Fy
91ylcGzipzq3KPuudQKZEnkQ/qS/2m/VXOs6b+F/Y2alMsQEbeo1TMHSQNeQ7qaXveaIb3aBT073A/f0W65weOdk0Lod5TB1n29Kd8xfeqyM1nrzttZjLt6ByQBhwI3VP5Cga0EyTEYXtUMQwHjGPyMrcjX3fOkXQcFMzt8IIwPPXgUB9pnF9+ZXiffR3SqZSTBhhT8sZyV+0669qWxU3t8hI/xWsGTOj1CcrDtDdxygz3V46nxAthrJBKUcOYaV
91ylcGzipzq3KPuudQKZEnkQ/qS/2m/VXOs6b+F/Y2ZUu3owEeJ1M+hxrOKDnkPwuQouiaj6FnwTJhNcmt+8QWj2nzACvZW5ujCG0SA+kiPBX+dp8ScfOr2G+M7Wu3uLv+6vFh8qDUEm/Z2j+UMCNO9n6iZoVSsQHgwRb4aj/PdcneN7Mx6pArwlTesBvfmPNGSCW9IrsP2viKmCbgzT2i9vFY0PvICM2P4+Yc8RvH189RMlzPsRjT5QAv0srJhV
91ylcGzipzq3KPuudQKZEnkQ/qS/2m/VXOs6b+F/Y2arTRezCzRhEKDP7gfnbd0FRunphBkHnYdriFQgHOv6r5B7r6w2QvNM+y6qaRFML8vOWaESQNhh52tANNwNzFX+CJzKUxAdS2ALxWiD+gJiNBX/XJndOagZd63Weai2eI45ceNySxLensm0HW4J+tkxVcplUNO9lcg+IprS8JmrSJxPJ+tX4sSvl7/+btBoxiOC69La189Rb1w3XK7D/Xen
91ylcGzipzq3KPuudQKZEiOIaIG8cWU5sn2G4xjTlctnTh97sJQ/8bZLy/u56DgQZzodxPYECDg2J7rsiYqC6SNWGY60yq8BR6zMM05WFHZrvVMk+mWw5xj8MUxoKPtx41Jha5kYIwVKJs4wwXTHo5D5y3RDGLNEOQHNuQxqfF427BjU+iW/MgIbuSX0q02e51lqCvUPM9ejqqsTiHAeqlXJb+XVaACFJyGhR+46Y0gIIzHSnZnvKyby+rfslt56
91ylcGzipzq3KPuudQKZEiH2Xav4HFiifLGgs/lCW/OF+oLvB2FtkVR2O4t1Qdmopw9UpD91c+YrAyvQwj8O/8tEnz0ceLQB9y+gwk1bTJnErvh2iLrNb0UbWQBBtRMSaKxBFHGdVC0tLaC/jrrhtCdrezGogEqnaKCfi7XQZ+1P62zou0vFdloJaQUVzroQOp37txRwECLPumUg92s8sWibCUz9pK/d+p+bQmHqwOXsxGm9Qcf/02oSfRNSi83J
91ylcGzipzq3KPuudQKZEm++X/7ohvc0x4zBJOIK1BCmjEKeCTJ43r1mc/sK+jHTFyTSiOq/O0/V53tOSthOk7Upvfo5WjwwBMw3W53335rd1eUDRHVOFeSfV5KKVK+bQfzBlgMx6yry0C4kmiA/IJOfqCWh9vleQE6i6GfVTwfwKxuWo7FqYCGO5FN0QU4swE293o8RXzlUCPNeET5Rv6vhUqoCOF1kk4C4XXXL8zP3Fdv7oFnNl46ZCgO5V/aG
91ylcGzipzq3KPuudQKZEsHqHD8PPDkP5adfUEXv2YbdOVdnZRoHYbT5tr2ED/7YGXhj1tWhm2OBj9TgRwql3vq7lIcUCjSTAr0SaYvof9heQuDvHUpQJG2AyoNTaFYZWV+Afm1rFulmx0LHsHg4R03PpT96F87GLgPbzFi/VmD08XNI8GeMJniIzU888nFevmHqs9EYSHmdlo2ubzUO3htWlCIlhiZBnXCtorCRFhcfVAd+i3X4cWSV2VYKNDou
Xd3kkpP2vDG4oo+GPXHeRTFXPTbPARGWpMkKE7t0O6bfiMu8+kZEfEWHrY/ed5K7YEKyaZdYTuFbOG/vI7JIRBD3XmAh002zKf8YtOHexgc=
Xd3kkpP2vDG4oo+GPXHeRTFXPTbPARGWpMkKE7t0O6Y45QOtFR8upO0RGSdUeno1/Bk+kdfnqE4dsYDiLpyhIyT7Db+k1R1/vuCehw2ByY11DPRgVAonOYq+vq/6/SmbBPXrEBV27veERadJmDWdu66mU37QUXHpg93I8sfHK2E=
91ylcGzipzq3KPuudQKZEu9SqEZvCj2CqmHHmThKJIYPi3+9QcsrSRraKr2vYVJFkepYLYKuU4mcoi+Q4B1SybHzFj59N5piRwKWlaErJuZDdLxbMDL82W2l4ruWJ7qRxoCLIMGAVsszYFMWldPfftzNliYfQoYKD/6Bx8vP3lt3kJ/vtyZX5/Tj3lh1O/zprjRW6tmxN0JUABBh1xnsdufpVcW+ltp7oCoeDUVgfGuyxF3njotQKfdCacgU7/7H
91ylcGzipzq3KPuudQKZEoYVEF/u9/i1j7vmVUVi8rD+tI56Ez8DmeHLmy8CcepZoTpNyjIsEGRuoHZYHVdUDU5rg3MJKDA7pGs1Gg7GZ1cJVL2JChvU66G1bYRi70KolMA3Z3rcQm7m1lm0q51+m9BJL+SM98u8v0R0zxg70HFI6f4HyozbSyGUUQZAE1XvhzLLwtKD7s2IskY0JGL4UaOYyFmravMLx6B6C3cHhxyLnCfiHGcF6yfu7z2ccN1c
91ylcGzipzq3KPuudQKZEtadiIA8SX2Dxtxt4ZW+zSVg+c/vdygF2a/waLEjoXWZg+BbvlnymXcUgcPq2R5jrBn9ZDEsFYvV8vS406D8iz8oDjd0GLnLiN4LbYlK/HCjDAqmX9ti148o5udUppuD6RR6pLLuwgkRLaJLDdE1nr+fx26teuKbJl2lkHKaZW4Q9rWo6oYvn1WE/OSJgzfi8POSgcUvbtkTg1Jv559ys+YfLmVuOAd/D4q9vFES3jyv
91ylcGzipzq3KPuudQKZElMbZBkBm0RM96qVewxd1LLaO4oH9qs2yIkPOtzRDpiB2ySQ75t7PPNK0ORidhl20qhzC/mifDrYhXMwNPHbg0b75vDQqh2LgPjxpEhjvAAZ1gtWBqht8uFjksm/mv8xhmrcvkv1wW053a9xVsvX937bAUmvi/IA7pqRuMOYPXYasWXlPmw4mLHhnESoLQ6v96OBJcsId+OIkEZkpVbSUfVN2Up+SWFVjcRzOsRzrnCm
91ylcGzipzq3KPuudQKZEpaOZJ4q2EBDc+HMgFfa56jK15bWhxfN3Rszj7s9eAC3ZqkatyPEKesnHqE2v4VW+Qf/Ay1gA7X8uBn4bJVekBBN7aJnFBSl90NAQlqv+5h65kJjKjqUQKwYCXOgMD8B4aGxbxOj3gmqQIK54qfmO8gYqL96gjw+AIHkLL4giSZ5qlLAwj3AGDOw8GkRzyE2x3L3gTzh8OCFtdNc44isSE71yEfplPI080RlrhdeOaOq
91ylcGzipzq3KPuudQKZEpaOZJ4q2EBDc+HMgFfa56ha72FJnaAl0wLw29MiaDFzN1kbHaE121g04ZJFU6BZzTvlpY6tN8NLTWAO25fGNu+W+iXx6GCypa2jJgSbzkjF4OutINlfvbUmrlEQpEIEAxUKpa6iWIV+Jo2COd5ravK+RiqcjFKfhQJjU6ZIIpIg7qG5xuvwgbheWXqnl1UIxASxRkn8Z1h8EBNNFyWYN5nOsW9wIo4zVJdvi1Mc42Q+
91ylcGzipzq3KPuudQKZEuzuqSbIGR6scCoSzTS6YKXgsk/gs14FH1DOr0Gq83YP1b8joQjiJYWFGC7Mbl+faO+4hvOm61X6OmCpNpxxIJ7cd18vjNk8zTOKhH8Vd12Im6iKPM76ZMITbPc6F5w7PKeCoVFrYxZYUfyWc8u5Ma5oqH3D2a4CegLsje3yvZWhkVk1W7AmcVDDYV19tWjKoYHBrGMA9imtrgRrkBzZxySIiSZ4dQocmHZU7l4qGAgp
