GmcONIA9PFzHw1gpPLLPoqev3ytAH5KO3S/CJpMsylg=
35kyjVfwBJgytCi6KM5Vug==
FNt9orFfFSbPIXNSbXcP2Q==
gE2g7VQeqq0h5MkG44fPUw==
A4ZCFW7RnVRfEnbtNxUDb8VFIQmzxcIFLuiIjRY2q84=
cwgQW1UgxyVfBeSrdwXHsPE1eoSAri+NViVSjTYe4hg=
pYn3RyiaY4vz2unSybTHuw==
mAzeFbkWBGyzJRgEWJSZYQNn44wFaguEUnqkvHVinQw=
NiGef/LGs6v8Em6sqLz1GYGKB0111uCW/TAqgkiW0+w=
2lfNnhNY+w/3xMaMUxJbE0YFT/wvMlSDz8Vrd5FEs18=
AbvdVVkxm01lqDm4ghFs12vuwMcEijrQu7awmvPnRmWR06mLQnLTPPrCvf5m56jQIjYwVkctKivv6/jsabKR1ITj7Mj6HLRQyC0qelaqqbQSxuKmXgirtJZxNV441TRZjtSZ5OOWLqdCuyrc+5J0znebpsgd7Oj5yfqiveaaD9+Fh5XyI+CxjyovSTkw6izjlYyGQDKl77zRg+0+trL0fu2vuwdRStljb+5WAPbOCqk=
AbvdVVkxm01lqDm4ghFs1+I/mbd59FFhRfRr+DoXRr6pnJXQng+lR48mgXJ4cLSH07vy1ilAXzq5sPCM2XTr2qjRFbEASP18vfkliun3nqjW4mBlWdACIR2FfDJ7ZgOU
AbvdVVkxm01lqDm4ghFs12vuwMcEijrQu7awmvPnRmVodgJP+x8DbOeYEFnHpby8Dydm3tcZ5Uo6IKv8uk6UZOgVF9/kS4dy9JKVqUQxy9kpjGkFX3BrayNE5ZljZRDxc8R4UQwk7WzXEjK6Gt1Z70tbF6CiuQvZIK0fahlI9m1AyfiCYSlYmtxg1RLZKvrXLJbn0z3hZcsiY6NgfSpeh/3ZBlAvkt3w0jRxMz2VC+g=
AbvdVVkxm01lqDm4ghFs12vuwMcEijrQu7awmvPnRmUJtsh7Fgbr7zWkHsGjfOr4orBJ6RMjEaRfeuAKP6Vq0VK8657scMkSdzJFoe5ntEfrO9cd9sQOHtUdP5ouV6Aa9CL7AH0qPb1gPPgbGAnv+m6tTHjd9uF5vpPNuX5O5DXYufJ4xxAajIRZLH19h/6HHsiHBI6jNl+7S+s4cVqEAb3FV2W25yM3nAcF5ysMG8M=
AbvdVVkxm01lqDm4ghFs1+I/mbd59FFhRfRr+DoXRr5cWih/aBuOBMj71V3SunXZBA0QeNWXWDdTO9LIiNFdLqR9fWdAnYpawe5PZk8iFqecMFvWC/3sCgx8716/gFFFASjp3Ol825Yx6g6clHnhvNw7MVZlbqc8FWB5rJy6APERsAUa1KwhKyopsAS8kv8/u+kpddauH2hSTmK2Bb4tCNxEY7Ql+4SrWu6fSUJfMcw=
AbvdVVkxm01lqDm4ghFs1+I/mbd59FFhRfRr+DoXRr6pgizxLDzlYdHxZ853H6KDnc3iqDZWjORcIm+dnMo+R2BjogLGIudQ+KqTNiNz14Pwrpu9yyidULE4bI+kf3x8
AbvdVVkxm01lqDm4ghFs1+I/mbd59FFhRfRr+DoXRr4xAdo7cEm23Ezr+9LuKW5CK88eCCBNLh1eNleDjpb+AHuPS3KtX21puWijowlHhQ70xdWN8stiTi7vWaSKMCbx/lhA19CeJ810sm8ll0vlFlErUJy/sH3Hnv8FeKr0jgVngw2UvN8xlBWM3DNv3F1P1W/4Ld7rLA5kqsampIwyg5J6E15EJQgmiMVGwlC5+uA=
AbvdVVkxm01lqDm4ghFs1+I/mbd59FFhRfRr+DoXRr7oHCLeFLPd6F/X5SjpHaGxZPyc4v5nLUlZ983vTtVyNmT3Ifn84o3PAHLp8U9hYFDLwkwhpJsiS1y9T8kyjFUK
AbvdVVkxm01lqDm4ghFs1+I/mbd59FFhRfRr+DoXRr4E5ma+M2nojgQoeOuAWcV1f/CbMVHgkp7oGyxwwn2xz169+OgVjmA6y7v5tp5TmzS1TI1jSX2+FMmVLam/+Q3vRDvTOOI4KxDdIxYqDpJlrlj8TZ4xbwumEtB1RgQESp1yITU3A6FwJnlkEm1GkyMMUiMqaF41UEa65neK8sX1ocfALqKwnih1y9PziLDvOw4=
AbvdVVkxm01lqDm4ghFs12vuwMcEijrQu7awmvPnRmXnd2yg3fFmOs2urK/BwKRYg56gQDGw0ShRcSoO908Lnlh+Gd3bmEgEJIDbuDiRHgGbUJM/Fh3BWSHwNNHWyLoAhc6NC8iFnNqSq1KVBWnR69KyAK2KjvPeEyyTK65bzkvU6GNv9/g+xtnDE29TZpGzDPK8OaAFlKnijt7J4XYFP8xlJPQlxmFZK0iRXtF6sQE=
AbvdVVkxm01lqDm4ghFs1+I/mbd59FFhRfRr+DoXRr4sF4XLIYzC1crdntPx6V2dlO3d/e3UAOr68Sm75G1SmZrxL5Ra6Rg7+0wr5W/XrGXr6zEAzpB2+0wG95HzRztN
AbvdVVkxm01lqDm4ghFs1+I/mbd59FFhRfRr+DoXRr7WnWjiGOGCL1X1PdxnqttxQoSVdIDlgsRAiU+GTBFxyh0DPRwQyu3ElRm01DQPHpKLnNrJSJnSL0NBnWV5wK7eTGqlBrmLhbAPCEmtZaK8VqVX5585wZd9EXAdZxz8RLmQtQk/4k0+Y3/ZGWFx2s6Eg0AfwHEzx9x+4hBTrZ3+gzGH4RfGlTI/s9YYCyv0Ydk=
AbvdVVkxm01lqDm4ghFs1+I/mbd59FFhRfRr+DoXRr60tHKwpUHEPnXmtZ+l8Ilihwu/T4L1rZ4/Liucx6yYlfkuE59BwyvFocpNOY85KQ2TYPDs0Tfa4SxW/bXj0CBd1uL06yOyx1NuhOdaaToFTBcYepIJv8qxQei8iq7hbZNgGhTXVpF7ilYntEneVGDA/0wAy9pjhv19iwdbjVdy/iPKGRdwXZOOr8V98wN8rRA=
AbvdVVkxm01lqDm4ghFs1+I/mbd59FFhRfRr+DoXRr5AmTbaJWP/Fl5Ug4CdaHZ3AsaKZG+wLt/rdOK+TaXXQlDvoLUCGrAFUOltiurh3ioQsOwMZHP+J57W/QLU5Pxw
AbvdVVkxm01lqDm4ghFs1+I/mbd59FFhRfRr+DoXRr4dj8rI+PHBhaB2KWHzsagidx2+Y8Y30X1XWUbfrZS6OPgvn5IKo/c+uWLxBlKE4S+zcCIKlWyCAjDBMZwM4KluOhsjd3qG28/WSOqBavKFaXIiFh1M3aJLg5JV0Oq2UZxe4cNpAwYN/5TDrzYn56C8iVDduvdQifQbUwPvZffHuytxAJ6gVMkBK5JfQkOi8wI=
AbvdVVkxm01lqDm4ghFs1+I/mbd59FFhRfRr+DoXRr6KnTCIVENHKapdHmYyJmXhKP0EWgq+0e3HWBCn+veH4bis/HvAcM05uyjxgxAQbTrrjDw9P0nO/9CTeT5qu3mqOmZqMvDNtE9+VQ3XMv7PrD+G5CvB6XY9By1lcBzy2+1zNkBjGnHFwNtLRGWjq/wqaI9Y9p/M+KeFiGRuw8TbAN0JpDHdFzanjjQJ2UfAbio=
AbvdVVkxm01lqDm4ghFs1+I/mbd59FFhRfRr+DoXRr5DjbQBgJoK7RLYyLfj25rgMFW00+aO9kpXGg4/sra5HNS6ZNcJhTa7YP2fXFvc3Jzfn+VB46lQzJMrD6cYnT1pORWWJoMA9QwFmLvlyd/JhWB38OMcXRii0UjVFazD6IGAHUVTwDeAOLZOHqjxUftu4e6e/U/PnydoLqHvRiHohzwOvd6WNZD+YLoh3ClxUnQ=
AbvdVVkxm01lqDm4ghFs1+I/mbd59FFhRfRr+DoXRr7tdwruMD6cEEcuJv7kTSUPzKfQ8EAUfWP70YOAfD1BD1ehQLTZNuLY18F9PqfVvPzOswhNYTvvjCB3l0dLfBYaZvqqfMFXLtKkkEdHb2tcqaUSVlBE5kZ51fshJHE4ftGQAa0CZ8/5229cKTyA82gI8+9kh+R3EuYuZfExgi/5zzYBL5OGJeyZ+/lck4Z410o=
AbvdVVkxm01lqDm4ghFs1+I/mbd59FFhRfRr+DoXRr7yBtdpB+0CYqWVdTRkZL/t3vncp/nGfcK/ITNvO3Uac1V/GVMEtvff2mCt8unrm2DB+n0VqgMhw9VfR1cZnyJM
AbvdVVkxm01lqDm4ghFs1+I/mbd59FFhRfRr+DoXRr4ERm6frrnJkDhovmXRw15JwrClh0oX8QaEFSG2GTcocEQlF47Ft9tT5btuOnwCE3jQmY7ikdKQqaKA5zjUrfSnaq8MCdx8+bCjysWY0wJIo/SSVohuzNdKRQPSHbBc/Ii1pdBk8OeWzWks3cBs2WngvuqIDjpItqH5Hcfh2YyU3ZaLvwtjUEHGj2Z+FCD9vb8=
