GmcONIA9PFzHw1gpPLLPoqev3ytAH5KO3S/CJpMsylg=
35kyjVfwBJgytCi6KM5Vug==
FNt9orFfFSbPIXNSbXcP2Q==
gE2g7VQeqq0h5MkG44fPUw==
A4ZCFW7RnVRfEnbtNxUDb8VFIQmzxcIFLuiIjRY2q84=
cwgQW1UgxyVfBeSrdwXHsPE1eoSAri+NViVSjTYe4hg=
pYn3RyiaY4vz2unSybTHuw==
mAzeFbkWBGyzJRgEWJSZYQNn44wFaguEUnqkvHVinQw=
NiGef/LGs6v8Em6sqLz1GYGKB0111uCW/TAqgkiW0+w=
2lfNnhNY+w/3xMaMUxJbE0YFT/wvMlSDz8Vrd5FEs18=
AbvdVVkxm01lqDm4ghFs12vuwMcEijrQu7awmvPnRmW2S95aqo0UKp0cA84paC9vwDeiU+/l++zlI/0ZEgqobE7ObYb87F1taRg0o5QkkLRsJ78p/KWjGzk3hLLOSd+IW3zYKl015L95C58hXk/HhmN0MGznwEfw02jJ38HowBUVVIrUXCq4n7dkgg262lZPoGNNjOR8wXXO8Om74MEglEWRnmk3gnAOec9869adpgc=
AbvdVVkxm01lqDm4ghFs1+I/mbd59FFhRfRr+DoXRr7lntm3SD6F0eHyjL2qSDaWUQl68lvutuMkGgZLSihuQBt7Hxk8Vv2h5/fVxFSJlxMRm3tHPTjzxv/KdRUj815M
AbvdVVkxm01lqDm4ghFs12vuwMcEijrQu7awmvPnRmV90TsNcKYufyfZTElNbiQuEamW/W//A862WSwrdA8Whj/uc279gA+btkVipeGP4MLn8/cX5JdUNzzzjUHDZYNhSRLRUCe3z/xYemnFLPNlb2Rm4vNj9aiVztgLZNXtlSfYbJS4dd+cAvXUQI09l9Bel5JPODO3nI+7s08eRBqGEhkXUZ+zWqJHAHpr2Tcu684=
AbvdVVkxm01lqDm4ghFs12vuwMcEijrQu7awmvPnRmU9FIhH8b7IXf8TtPkYQ9DbzxBjv5NNB68K6GeXUv/ILChjaeORSHCe/RpFy45Cl9K8ZhQUGRUWkfANQQjfNrSGpahm6X1PR+J8QVyvEmyMnnbkvjO1i75ZDcqkdSav5Yc6IQJtV2jGxy5tS+gdluEGggX0Z6okwsk2xLPH1DbRUuFV/mVSFgbjfQVhcFjHJKY=
AbvdVVkxm01lqDm4ghFs1+I/mbd59FFhRfRr+DoXRr7a90Pem5gVJ1UT9n3LbivTku3d6dcHS89Odyb2S6Be/J4+G7tr+Qx126XABb126ybBCXgKvHlwn9yp/OxJNG58
AbvdVVkxm01lqDm4ghFs12vuwMcEijrQu7awmvPnRmWGEXKxfSVg4au5MpuPV1HE1KIJIiwtgO6d4VLPPMUFNpicFvT2AOdyoeBSUntJ3i/fyIPpNLgjIyymlxFheG9suxNScegppb9Am7lsSKKc4Gb2MqHRBPCW+bu5+WZzE7ybMOyxXRIwqgpGVdvB/YZInYYMhdkK+hi4A21WVqacGbAEpPswYI8MZcX/lT8tc8U=
AbvdVVkxm01lqDm4ghFs12vuwMcEijrQu7awmvPnRmVjAA8b27yo5VMQA4SRpk5YWYz81D7fYELyvQZOxmjLttUR+skZzYUXdFQYQ9Hl/IqMEFv85ebZo+pSG1NE1KVV3RS8xkz1mHCWeC/DgkqV079OLv2NzY+EYXad51vK6K6x/XEhclyh5EPIptkJIrze6cqoBVBn2rhOsJpL9e5GxnqchJH8mnecGoOTJhWs+og=
AbvdVVkxm01lqDm4ghFs1+I/mbd59FFhRfRr+DoXRr7h0u+C5LgucDsd+l0eZfuodIhVV6YmvS3iogWDuLh/nbSTcVYyIhDx3Hnd+Kd52ywGP83RQgQ6qLWdYXtxLEQc
AbvdVVkxm01lqDm4ghFs12vuwMcEijrQu7awmvPnRmVAJ6aQ9LC67TXPymnOna1jriyhlxN5b4JK37VVDfHWn7aDpgYP+81tU1jmDtkQffoVnay0toRbA9lFXbkZwhO5XhzbL9xNV6HwKjiw1Fp0WswcgT0F640mKD+iuq3YoxfFs/5z+DOVqGmGjlIL2Nv9W1pTFNIZYXuQv94nivZmjLZa/Yv//uyEUZNjh+Ag8z0=
AbvdVVkxm01lqDm4ghFs12vuwMcEijrQu7awmvPnRmVvrmxasqGuV+GlTdbvsQYmomeBDCQF+EJECf1v46phkbRgBfb0Bo0RCc3wad7DC6SAeVYlqPXAn3g9voZ06csHbCQeiE9oqQsm7Iac5KJcAR5bd61Vn3tWndKOfNb2uuq4pWes7lq9fOZWGDAJP5fhbgNPPKpGSBrxkTrsHaXfJYR58Cs9SZsI1oIQj3z+wnI=
AbvdVVkxm01lqDm4ghFs1+I/mbd59FFhRfRr+DoXRr7blaD5v5KvTCfgdTmK7pAnlT/B+2RBy0RphamQp1ivIjpN1TjAaqxgTaW9B8lg14L9aHAlfHj0EC4XCni918dj
AbvdVVkxm01lqDm4ghFs12vuwMcEijrQu7awmvPnRmXUZerFYfBRBXu9yYy4VBVDfk1Fbx+n5luohpCvjQEkwvYDibqeEx4L2JDKybfnTKkIWTlPBHWX7AJOS0guERq8LXfwyzNyWAY+aOkAb9MSGGrKITb8PYdqoyVPjjOg447r8GA4dRNX04fQlnlQYIH3ZhPwb5NXAJkKy9xnqCtzJgvzBE2eZFVEWRrL6H4MBn4=
AbvdVVkxm01lqDm4ghFs12vuwMcEijrQu7awmvPnRmXYjrzyS9s5ocRlTB87Wqg7ZmqqxCYAHpkTD5k5V1XJNgItIa1q00RGSC/5fdF5udlrtnPE/4wLOMWeOT4JpYizZkeBTUXyUTy24F6CU76aBxZOfnFcalRuLvjXyHWHwq4XOSQeJuQsC3SipzscNkZOJ28xkwOC6bRJFLmb8Z9RJ43W0XXmdDwDIzHHXKRTWjw=
AbvdVVkxm01lqDm4ghFs12vuwMcEijrQu7awmvPnRmUomQaiHxNEBrpphKWA9hYFPNBgwyI8NVkvV5/kEnWqhDo8YpdmpIH0Fvt4WDTq1g0GxMSPN8D7pGwxUokwOfpP2luEiYSpGEr5P1p8QpewlWXtCMPKJs4RxjagbFCjwW10ce83Mv5RE/SR+5bk5x5xxslLbwfmFUIQYSpUa3Cd2qP14BUznrEq9EvOOQpt5dM=
AbvdVVkxm01lqDm4ghFs1+I/mbd59FFhRfRr+DoXRr6+oZhHWN7VEl7rf3UjfPkMwfrI+sduHzih7sBIs0Mm4kH+mGCLS12vHswmXQR4xQ0yNbUIukVbVL5vbw1aS0Xf
AbvdVVkxm01lqDm4ghFs12vuwMcEijrQu7awmvPnRmXqB94kga+eRK0j2pofKmpq4tqplfb3k8z504vqKPKRfVlrf/9NSQqR4kQBtpQAXX3PIBUpmvb4zvTTV3LMNlSXZovV/+5nouykTx8aZQYW9X1jxxTaXm+nhmFSl4qM80dkrWv13Zm5xRySVODU0fa8Af+bVTTrBKz8M+AvhhShr7gWh2hdOd1hI2ZEu3a8NPs=
AbvdVVkxm01lqDm4ghFs1+I/mbd59FFhRfRr+DoXRr4z+jKa9qdRE91qLjs5BPPNrJt+y5t+/A8zqalSjt146UnTnR98Fly5zkSFK78A85azU7W3Lx5pd/QnY0DzpGih6zZUUxhzv9V8+DpFw58n6s7pZ7YM3mW39M2lvchfXR9RV3sh4IdMNlwxCN2TrOfu9uaMmvfMY8p0CFUAqS4u6fpjz33f3fOocn+nFBSSmNU=
