GmcONIA9PFzHw1gpPLLPoqev3ytAH5KO3S/CJpMsylg=
35kyjVfwBJgytCi6KM5Vug==
FNt9orFfFSbPIXNSbXcP2Q==
gE2g7VQeqq0h5MkG44fPUw==
A4ZCFW7RnVRfEnbtNxUDb8VFIQmzxcIFLuiIjRY2q84=
cwgQW1UgxyVfBeSrdwXHsPE1eoSAri+NViVSjTYe4hg=
pYn3RyiaY4vz2unSybTHuw==
mAzeFbkWBGyzJRgEWJSZYQNn44wFaguEUnqkvHVinQw=
NiGef/LGs6v8Em6sqLz1GYGKB0111uCW/TAqgkiW0+w=
2lfNnhNY+w/3xMaMUxJbE0YFT/wvMlSDz8Vrd5FEs18=
AbvdVVkxm01lqDm4ghFs12vuwMcEijrQu7awmvPnRmWmE013dTIXy6MiLVhTj+G66xshagDV2dOLRyLqMgUQZ13wGq0ZyEuqztHRixFhlsaI5/va4QKY6kxRWUrYRLv2LQPowemJA+T84TRWivJJm/v+6/7PU6/xJ1fBKKej+OBIKeeHm9oGMjsp4VySPD9jkrENyJIJwmZ8ErVwmFlJXe9G416rw2JH8Mmlcee/ajs=
AbvdVVkxm01lqDm4ghFs1+I/mbd59FFhRfRr+DoXRr5umlBHDfdexgGU+Xk3Bwu6Fwazgriaf3Rrl6vXWPSgImzgiTQ+kPlWKDInTryBAkSHpxf8m0c7EMeJ7e8NWaej
AbvdVVkxm01lqDm4ghFs12vuwMcEijrQu7awmvPnRmWo8wWisgPWnx3ThWmWuNoZy1HSYwAV+Ob8wAufjsZaPzyII5w1VbGuqjhANE9ezy4mZHaitw+8qaWhDR7C0Wr7zWpn+BBgBY4SI8rG1RbZYrLuOqQBwcdvm6VYiI+Y+tRRuLsEP9yQRHhUFkQRxlGjKpcjS3xuTi1sDBj7S14Cr/v9APOdoBCdoXanJ3kl50g=
AbvdVVkxm01lqDm4ghFs12vuwMcEijrQu7awmvPnRmU6j1la2fgOVbNIHEiJUn2acM8xFHiVPbI9lHoTj6PtvOnHpqfgQKyG47Pz0QRP+gjiw/p+PT7XgrQHKaJ7BlJC9n4vc3/ZhMM3bXqCR9TgF6DbV8AxMn15lrrgFF4AwOajTF+I+jxJvBu91UtRnCveOb7YNS7K9eCWPjfurRKSVyFPBLKu5FYuhqGhZMdr6Rg=
AbvdVVkxm01lqDm4ghFs1+I/mbd59FFhRfRr+DoXRr4RIwuWDI8QU5ANLHm+GHavY0Rro4y/pRoCQ6KJLLN259yCGMN01URJTYD4VnPxBaheUvJllGIb8sy8b3Y3CVjx
AbvdVVkxm01lqDm4ghFs12vuwMcEijrQu7awmvPnRmV/wl/W9YmxwN0lg3XBV4Ou1buAlOEWmR15iZdUdUW/JzFBcM8SZEmWwBJrmtYoCpJ8wv7DT/0a+Fsi83FARl8nswkdRZmIOugJvSL1Nl3ADed3+J+O8SFZhMknpXXXKkIKeh8qzkTUVzLsyQo+tPrgi2wiUGt9SAnLDHrOTX+6qSvbLaDKIXhppvm/mCs6DPU=
AbvdVVkxm01lqDm4ghFs12vuwMcEijrQu7awmvPnRmUiZmMDFbljeY2klMYzTMB9Wbp+1yqFHAXog1OFDcdSHHarjneqzaXOpft0bSzrhi+GBez3VlGe5f72gLapD2Ruxqrc/8XDsYbCIznv8LVJxeEXPBEtyWJRynKDA7VoQMiuvedN+mCvKuVbVB6EUznfJn+A0J3F5lEDD3c7KVnPIl4HlFKuGog+xoyr4goEsVQ=
AbvdVVkxm01lqDm4ghFs1+I/mbd59FFhRfRr+DoXRr6oAa6b73spdyTvcboTR0ewltN6fvIb/nfvpBbxfSafO+qh4a/fMNt2yGSowQo/0M8JNW/6PHUEdxu18PIHN+cT
AbvdVVkxm01lqDm4ghFs12vuwMcEijrQu7awmvPnRmUB1idbOyeY2o4L3rdBEuyKCwrenrfDXfFdbRIzWljtIc7uiw+mAG1/k+td6P99ULzoJTuo08NUQYeiE2Fly26TSLpe8SZevtA/oapc9ncW8xARNFyc0cbw6yONINAY4FpAtZBjqC1hW/gVPXz66qFDMSo34WDe5LdHOm6yX7PNXF8uDBKs9g6L1HWVTdv4cgs=
AbvdVVkxm01lqDm4ghFs12vuwMcEijrQu7awmvPnRmWhWvaYpj9q8+lIaoaJh2x9Ct2XDqiXqdT907qKMMQ6ome8rdT/YEQMA6t14p0hTfHUPLPqGIt9BuZ64UAdufioEuuvEk8SuY9SKWRZfJKnnlcSfEtpHoOqovjJrz19HlJ68eO4r2T+6FeKKpfj45J0vM8/1rfK7glkn+qo0/A6ObA/CKYIhfxOUfTxKYNiVPM=
AbvdVVkxm01lqDm4ghFs1+I/mbd59FFhRfRr+DoXRr7LKYQrF/NP7nVGSJOnEy3co1XzMZheXuIO9reFsyJZLDRQAPkyl0Peh4+TufSEgqXLvVMk+1xe6W8bTFR0Hb/EH3x43+Ji0aJDBhp7xWAterpxm5qI/JUmfIfr+ueErpGVAwV+UccLw7lB3fKefm5ZHbf6NCXljgXVLYGENAtR6DiiWDtQ12qDYM2RaQfB5xQ=
AbvdVVkxm01lqDm4ghFs1+I/mbd59FFhRfRr+DoXRr5Or6/niEsyHLdN22YXRQ6Oqm8EPKCuNA3ilTe8IZEZKkiBqKmD5SOTgelnDFRK4BANu1IRjDgALLl89BPnlj6c
AbvdVVkxm01lqDm4ghFs1+I/mbd59FFhRfRr+DoXRr7nGZcSuSXaa2Qqp/x3+cg/FlmMQDPFZiWJpNrqxzPy8Tyy3YZyhTsp+ixeV7e3KdmkoB92RN6yEP3IHe0fJiYgtDwvAHkxyOxuL0FO1BZ1pFHZasV30mosZfV9EiorLvghEJK1oqmZXaroIbjRhVP1kgTwt0eqKUsCcpwcmWrqPjpuuvuzbil60ehuzW7keHw=
AbvdVVkxm01lqDm4ghFs1+I/mbd59FFhRfRr+DoXRr6NvgaRFLdDUdBMfEsE03XTiqjJmu6w2UFrV6EsxtDqwoSGRZnkjgmS9r95G9/w/ZI5gQyBm5VUIiIRXIbr4jW0
AbvdVVkxm01lqDm4ghFs1+I/mbd59FFhRfRr+DoXRr66e/SUhV1IJ8KaKDHy9R1/GoRkPl0qC41JwnLT+iMG8v/MfpF7pymnUIaIe4CVoE7sMD5Ym8zO+Ww33rXq01fsDlvW6fgO7TOVrilQu1hihpPtOWQHp0+Ra7FnbPnNuhv1tWCWUw3rSvwsG/b4FNljMHCVlYwtS3incXjjU7ZhZfgMlSq5Wm2ftI0jShr/jbg=
