GmcONIA9PFzHw1gpPLLPoqev3ytAH5KO3S/CJpMsylg=
35kyjVfwBJgytCi6KM5Vug==
FNt9orFfFSbPIXNSbXcP2Q==
gE2g7VQeqq0h5MkG44fPUw==
A4ZCFW7RnVRfEnbtNxUDb8VFIQmzxcIFLuiIjRY2q84=
cwgQW1UgxyVfBeSrdwXHsPE1eoSAri+NViVSjTYe4hg=
pYn3RyiaY4vz2unSybTHuw==
mAzeFbkWBGyzJRgEWJSZYQNn44wFaguEUnqkvHVinQw=
NiGef/LGs6v8Em6sqLz1GYGKB0111uCW/TAqgkiW0+w=
2lfNnhNY+w/3xMaMUxJbE0YFT/wvMlSDz8Vrd5FEs18=
gitC0GqAVXxyrvAT3MCGCehEzgSo/S+HcUbCgWgM9vvQ6aiGSMOnym3bvZfQ7sxRLTg7zi8aI1la03JcTz0oDg9Te3kuFLl0oguVesWJsq9HO70p97uz7DQbRRJWh7cm
gitC0GqAVXxyrvAT3MCGCehEzgSo/S+HcUbCgWgM9vss1KFvAZOEyUvr+Qim+kKJPAt7qDWWNZLgrLPnRj2P7mSFqCLFrLzcL7po6np1o2tS5JDe2Hn1BiNbomLcSf8KSeHJ3Z6rN8/tin8+aMEOFg==
U0O3rsKPraLHlTkX8EtIf5VOyvvHIx0ZoMXaVfiIrdy3o/CSTU7POIf4ZVhm7Xj3YcUwaFXKvq/gtRkMYQAjvBruiis7nzV4D4w2z2oGNlblqc6fHfDwsyRqJsroMdCWI5K9fjytOu93ZEBi7rExk3E2TRMaa0q2ALgmLpPDT+9dUemE4AGuMp47+avtcqcux4bXS2voCH2dCLi4wchW3hB4SwKzR2eObqPt8PLpMrceR9dCOMg+InQKMcUHC1HZ+272ZGctY/giuGDJL5+xI5SUAruix8xrNoGYcKc1fhW4CubJxxrqzou4xncr+fieNxeSd7rVdj34RgQ4bE1Q93qDyMFM+Q7QtLq79o0orRk=
8RwrAzRtg3YNXuo0XbekupcBSyN07sZtrXromHSoij/sF+v7T8DNsUJhbSau8FfDbTNTXqgEJuFSSG6QeRaWpXaOHP+hFFWTfxXBgKimu8M=
8RwrAzRtg3YNXuo0XbekupcBSyN07sZtrXromHSoij+O7yO4zZlzHsKcu3JUmLzN78PzUz4ndr210+4I05XXVVtK4qKLoEmIrol3cLXa8KI=
LVHHPjDP0um746x8IH1BjeQ8MD7HXcAXpWv+NXAcjOpWNrvVVvz1qztJjVYOWG3xY3XDOx5PkFb8SK76ABr3kZ3ISeT6CB++oy8YuCiZs/5lLFpqnojsGhcXwgds5oEvvaYRURzNADSPubHyRGhzPw==
q2DaVV1re1WQitpu+uAmheqHdj1nKwL83u2lb3ZdncOE+DPcplknUQoCF9/JrdEY7FseVSWz/InO8tvHaUOdzIqiW3aK5fGj0yTv3mrjdkg=
q2DaVV1re1WQitpu+uAmheqHdj1nKwL83u2lb3ZdncPpDXZMq5xPwsFa1yQiJLzWjaVaXdfQTZBKLBSVNNCBtCDEUOlfqq3H9ICdPtb3A2Q=
8RwrAzRtg3YNXuo0XbekupcBSyN07sZtrXromHSoij/JZbnknwgkt48eQB3Sdsht9QpyAEx6OPEAQDEoB4sHSrrYa9PCBxFyPkYqJkmKN7XE0N4ovntzzufHTF8q7uD6O2Be3CtaO7Bv2nQpcykkVfd4Mg7F7pcBLcbwer6IS5q2I04tuWyrscfJw0opqvLT
8RwrAzRtg3YNXuo0XbekupcBSyN07sZtrXromHSoij8GppbbIyI614Sm6gPmlrTbBDWiTdnTJA0QR/mH+w0V6YfVl5nlYhST4TlkReMEZYY=
r0k1IX6lwbRfCgQ7SavX51cK9znGTE+cfl3rTkGyQk/LlGzBwmPkSUoIH8uoGe0H6eFY2DXHFF3loX4uCw1MEHvmvsln447dPqviTiWJ3dMgRHZnu01Ew/pXXjfNbfJN
ddH7lkxP/XhP0iJtVrrnM9+WyyCh/i42CXujduVzDbKbhQrcTTSuKM5vkjowNcIJrpq3JEmo/HZVHdLYr558YyVwOgHh2cxglVDrl50nItOwwM9iEgIrv4dtl2P2AmGU34c5RUvrRtSHKYc40KMIjKXri8PUkw+3+UMWdpfLz4GjvQ9Oebb8XWYKLFi/vTaCRqz0A3GcLZSBBZY9DeWUAaUnyHSCuQUj3bk3BplPDj+DjT1/PVHWpX+NRDnzdJ4tQ/d1vVSyKgk/oGxdqflMnHcImiTgCP/9hXCQp0GjALAWBMbGr6c2EwXKkvX/qWbp
ddH7lkxP/XhP0iJtVrrnM9+WyyCh/i42CXujduVzDbKbhQrcTTSuKM5vkjowNcIJFgRh7uRO4kTv9CRQTkxiHaSUYHHqiYJ7nvxid7VP/ZKpvVN+oeWUM8MBUmF5685yC/7/dPcnRKo0OFq+f1zlgtEyt+2qZmRDGXArkNVpvmel6J4ElCNcAFjDvvxjEA5xLwm8EhPb4TrJVMAQdfXeexFk8AmMam+nAAhd3StK6wpgHOeSbg24CVSnm9xI0RXReRDF6aCQccxXgCOmo65E9leIKp6K2MAjdd585lhGhsY+w7f5kt22rZBrQPv4WWqtnLcXD/bDB9azsP/kxle2GZypE0BLRp+sxwtXHRrYnHM=
VrZDhjP6+5p4Rcz6T089VntU0Yd91kngqQMRN3W/lruikSFbK02MSQsNAqzDhMEJfTB0bTpN9a+LyIPTVMbOoYWLEslfemITq93bPRkBV5c1I9NdPG6tRRn6BM7glUatAmZ9nmM1bsBJT55c5Mwr8w==
azQ7PiJ6ZN+UoIwVUR9JQI9geReX2NGG6L0JmAtf8lhtByP5TP4jERJfeX0T0RUTY8tYdWLVNbX5N12Aw5ui63mfYc1MAhgmkRzDRUXqB4+2Gvy+LyfMw/pwIrux6+wl09TNhnNfLiKxao3xmUamV5xrzpG1mJHhfVVruJVvbs4Nyckh+H4iS0LpyJlGJVeLv9MQcPb0Jeibbf1zzmIVmFVhMiDC9D5cG/3ePg5rSgg7wlSw3hbGA7q8pwGNIPQ/P3Z2zipfKKq4mVNA0b7SYU74YUFRlmOGQORK/XRWQZQ09Na/uk4p53mvZM2UovZekYnRejgShC5uSkrusQ22EkRxK95X6xmeDgho9Lsd7iUxU/aTZwfbVO/xM15ZTJ7CPoSNIMvIjuG+S/Ie2RJv2Q==
oM2X2EjKsR0Wc1s4Qs07q5gAa7MxBValZC1ugfy3PHpHGOiWJGUwYd5IiypyUwiU5DJHLqm5qMTlfCo6gMQrXSH96IHIfohPn2gM5YQ9QDsq+8B8ec3kheQhVkWaNwvS
oM2X2EjKsR0Wc1s4Qs07q/NPvAdf17Er7DZwQobMlgSpLOjj5LQOC/X22lQPu7RXHFaEy9QHLQ4fLnWQMGRS/1ELys+2tPoynQT2nh7c7qDAJa4Ex5n82x9eb5uYi8vtxXit7exqaJ6AxSE9WbaR+2IGA6o2lt3kflSGIuXG6x+3PfH0ON27ztkKQcRyixWqEm14dMrrm9/bqSUjtuGekQWCJUwhPF4tlhjnY2PBc2A=
5H7Hk3Q8s0QtZVC+tSbgFUH0uoRjo10XEyzr/lvc3lMTl3qBo5IVVnzLSJdmjmEYyZuCIJK9nXvs5RLDPYIi6YNnE/lk/D6NKNbjkg1P0Kc=
5H7Hk3Q8s0QtZVC+tSbgFUH0uoRjo10XEyzr/lvc3lOdVazNbOX9DaqmbbnQKL2K7VCpY8cPYbx5gWXMLMIYbA==
oM2X2EjKsR0Wc1s4Qs07q5gAa7MxBValZC1ugfy3PHrReDXa7V8rkxFW/JgkrvQFuJcn2KZmF1YZOtPighCWrcSSlwxLGFHRk9xQyRlrA0Iazs6QEKotmfWK87z0OkWb4LPLIaTK7jYhF+c68KJHzG8+m0fr7AI/SpFZBDxbsYpR/BnFh43i/NaHCCo5u7crD2fO82on2MS7C/Kwkp79RJ3ucRIvRXTCZS/MyfAETXk5Pj9LHk8/8RWgrA+IO7Zvd+cPFuAXcou3lsbMpVnA7LwW+vtoJDpn2y2rT851P6Z1MZsX+M3KMcrrL1715gCSNXIlcUc1ELWLMUO0c/08yiMMDBKRWRB7iN2E1f300ecFVmYwWc+eFSsTr+KpMIU0
nchxn0Mzyw3rgAfdAtLyHBQl40C+n5G8FQNCped4zX7yhL842IRWNMBOr/sccZhQGaVWZ/+IPfZJkfJ9zsWsBMCPXlF1K9hy/jwW9xH02PWz9y98XiWjQcjxnhWP564d7OWPU5FYm5ohUC8BkoZksXqwrbvI8pkOxY6SC7tsdWI7iuylEJMZWPj2BcTzUysteUorEvuA4RiTsw64h2GiFlgd158LQ92cINGnO1HJ6HaNqzLA+C3eTj3DZd/aGakAmIjdhMui/Jqt+XzEVVSbt6VmxsRiL+4bZ+NKIigz7jktEh/WCdITJ+y8eaKARSa6mTyYtZjMMQ+fZdKQuG6xV5zo20s9od92oViyegRWDc4jdgvMfEA6NvnpM4xIikGr
oM2X2EjKsR0Wc1s4Qs07q5gAa7MxBValZC1ugfy3PHpgcTf2hLMLhKZtzdQ87YbRb5RbRW3sGS7b34JHQgu7dGFEEkYEIepSZvrb+HOt2WA9ISOgfp/14mQcrjVNffY9
5H7Hk3Q8s0QtZVC+tSbgFUH0uoRjo10XEyzr/lvc3lNORASkDuJjpE/acNFKwgQf+pUx7jKeHfX9Grbdtoox+A==
gitC0GqAVXxyrvAT3MCGCehEzgSo/S+HcUbCgWgM9vvn4ruGG7wnkE6+3H8fiyhKpKmksJxd5bUNo+n2OOi1ioqMtEDbKQEmu34Ilcx0YEYYo6E/8iSyn5Dgkhx/1DY2BoKIV9e+U1H4YOQD6fkat1B7B6TOeVRVlV807OIf2XI=
5H7Hk3Q8s0QtZVC+tSbgFUH0uoRjo10XEyzr/lvc3lNeMDoqgdtGKCub6rbWZMaurPvTrSg3e1jNfD1Pbr0yVw==
q2DaVV1re1WQitpu+uAmheqHdj1nKwL83u2lb3ZdncMp/29tS5DbVYE+nl3mCJB+TlMNaeivvpySrOzbiJB9B5+ddss3bL9FgdLckfjg1LeMX+ITcidzhZlphjwNrbc8ROpWpVjgbKrXFRrW9gFLuFoN7fhXsRdENFEk1Kz1tdGwabwR9AhFvvr8aiz9gx3O
gitC0GqAVXxyrvAT3MCGCehEzgSo/S+HcUbCgWgM9vtZOSK9+3DWzrsK5CfyIdhYrHnLCtZCGCDRW91FY6pYOoMvVu2TYZpaOS31mIwweOY=
B55icip7Ogm7Cn0GsFr+aMHIRs9Yh3H+rDsS2vZkFqQaYqDkIkElrFco+95K3neRZvnjCzwFmDaVMAJIWBuoeA==
B55icip7Ogm7Cn0GsFr+aMHIRs9Yh3H+rDsS2vZkFqQaYqDkIkElrFco+95K3neRZvnjCzwFmDaVMAJIWBuoeA==
U0O3rsKPraLHlTkX8EtIf5VOyvvHIx0ZoMXaVfiIrdyow34kvK8FuNoWetrdSVtwsjHbHAl+Vj2eaSiu6tAviSfN3a/N3Vrt0zENk8AgYifadJxiW6XSVerhL7+l9igSMxPKLJnobEDPAj9g9c5TtuLRgcsiKzbQl/09tdI9UZ8WTYDos/KyCWiRZHTtDS6rfLDrMNWmuaOspVOE/s2j7x3k7Dai8qkupdnqjzg9l/cDlocVl+TQb6t/iAE90a3xEdUXFx3LFB3CKJREfcFHnXmgVcWxTa6x24cUZoYpUm4kwPOR1voSUkWDeO57gVlEpmlVshbMMzTBzqUc5BjzlbuDvTaFP2m6af3fpsg/Tm6y/UAXZFrNDJuM4uOIyhtV
U0O3rsKPraLHlTkX8EtIf5VOyvvHIx0ZoMXaVfiIrdwF21OwNjm+ZLmy3MPtZtaAvopQjCfJiTjRWAX8I4tCca71/Rd9RhGdGgQb9LXm0G6s0RHYlSP/u+AcIV1JJlj53Avccr3hVCFrtRmbVopy1A==
U0O3rsKPraLHlTkX8EtIf5VOyvvHIx0ZoMXaVfiIrdx6NLNET03PQQNEtfxBqLqSuC4BK0FH8D0wwrHqsXTP/tJI4bwbOsD5oql8Q/DgCiSRrrueH6esM35Vn80vqjXu
r0k1IX6lwbRfCgQ7SavX5xAk3aZVbSz/PtHUpGH7+AlCknpyUo/08vIcstABcGBj0djWXk63oNaMAqbEfK/BOJ+nFE7akRNXw1LjpZ4m6Rw=
r0k1IX6lwbRfCgQ7SavX5xAk3aZVbSz/PtHUpGH7+AmpOILCKVEnh/dBFtKz/L1TlRW+USld5RYRnjSq3JVhHxwOCu8gxyGOUlTzRv/IzI8=
azQ7PiJ6ZN+UoIwVUR9JQIaeaGc96s2RvHTVzEh80zEEUTCHEJenhGkpvm7cjiFtpsDxwW+aWuHK2hh0bGY6wAY2OJcSM5AMtNbBbOx+pf1NWg7nqkEFBXofUqpHL08FZvYaMrp2DtT2w8eG/AqyLr2T319jT5rsUki7SaVcaf7oR5amRyQcoEH1Pk8NG8IF
VrZDhjP6+5p4Rcz6T089VuNsgZsJQqMzaVAmG12T4y7kTgT69c7rqSFhHWSmbFhX0jTJEFOnGi0ksdFg2eOVesrKI07qLawVJWLx+JvoCwlYDKEZooF+xDap+ksBInMd
gitC0GqAVXxyrvAT3MCGCehEzgSo/S+HcUbCgWgM9vsH950a/xibvs5l3jYWwVD61j3XQ2I26kS6uWcFCLMfsA==
B55icip7Ogm7Cn0GsFr+aN9IUO63PTtqLq/7GBgu51+GTiJp3HuJ8TPyiTyi9GoiYlXR0O2R6pJeS5k3XaOxDBbRKKmuupeY0vyzeXXLhvo=
azQ7PiJ6ZN+UoIwVUR9JQI9geReX2NGG6L0JmAtf8lhsI3D+HUeXg3UbC4hG8UCtDbYscIioinXHqIcvmxyhzsdqFJejxLJcQP0OcDKhmujJEh+d4qK2L9bn78Y87jNvv+AuThDWTshRmNhhtIdt957f4B8kbJgXSpG4T2w7GoGTuGflXKQP3kzD3dXDjbWrIxCM4qWCRm7Qx2UDRa6khS6hj4xvTK/fej7nXNzVUYnZYwq2vMb8JPmMdleKsDaiPQo5bZAFkt7PN5ND1NZRaI1UBYTk+uisEi/P0RkRDQQrzgLQRv3FGQBR8Qk+9zSEXRN8hbrnATJW4onw4hyJet6LyyDLUrjnFctS7T4wwZop9FmmS9o6D32moHCcaWRytkwYjiznrfpqKDe4uqFAi6PC2+WvVu4qeblba46k0YM=
U0O3rsKPraLHlTkX8EtIf5VOyvvHIx0ZoMXaVfiIrdxt/k+1rPD8D3OdhFrgy/VGxE2PIE1hcjJQnoXzOvBKk+QWSSdihv58Xc/S624FSNd3Xa4NXhQOF8/Ph/ZC5NOiJH/GMRJ0Si2xgYH/m9ezJPryIyxIoHKwJiuVP2gio35dsPJt992Y/M2F2yTdLrPnU7IA7PfxPO0LtVvV3SEMNpWoKAIBNaoLqDaX4cZlm1cYwQffXzchA261dlT1A9QH8AcLJAlsMHTs247P7bPCnw1PgKLRCKiwryK3uqmsPkUxL8iuhQWF2c0023q9juIoOEMFiZ46+SpKcsB4DOSoinO+orrA0G0BxGQsfQnQb8Ki7lN+gSd10WbqezTbm3EQ
U0O3rsKPraLHlTkX8EtIf5VOyvvHIx0ZoMXaVfiIrdwUcHQJ+BIaL0ag8B0iTEz/NRf49sEfc7CCt2mNiDHY5Hv+hyEo4tO/hMvL0OEFAqxxwsDJgIxaeSqtZa24ka8DG/Cw4mZu1N4PwTvn145/Qw==
U0O3rsKPraLHlTkX8EtIf5VOyvvHIx0ZoMXaVfiIrdwoMKuh+9R7RaVmvXmblGdG1OVEf2rS0eLv2HJGEOnhNpPv9MN/xRYU7BLKk3w4wXG/yzGGc1kLQDI/401AdhKN
azQ7PiJ6ZN+UoIwVUR9JQIaeaGc96s2RvHTVzEh80zGe+mnfyOP4ZcEXi4CN7OZwSI9I8gYqIVmz46lOMt0Bc2m+Ob+M18pbWT2S2DcegBGxc+RWQ3GYL2VcPBEkoQSP+l4gdf3rrxJefjYfeaE1jY2m8ruv+8P/oaHSe3zDXdsmw3+AAvexgWrQFoIz9jhE
VrZDhjP6+5p4Rcz6T089VuNsgZsJQqMzaVAmG12T4y777kJIahJxiga8vMQU12bb3JLKhsfN9B+vqSWbmtzXfyYHiQsiP6Z+JCSg06z1CGzKldiS+SIAFbQb2v32sjFD
gitC0GqAVXxyrvAT3MCGCehEzgSo/S+HcUbCgWgM9vv2E7IBj+TrzCY6ULvJTZ2YD8isnNoKRNwZpxrqZOSSf9KtXUsk4hIRPfkmNu3JxnB9zLVmX8NIZbRYKEN6pXYjnefR6he/kOk7uKUJBCgCEQ==
B55icip7Ogm7Cn0GsFr+aO/h9slMgT6lCuBtD6tmkX4d8I0AcVLmMt/6ADNRPpv40pq4r5gyMBONF48bgXU9p9zQ+NB0bLuLC6NQxnWKwao=
kdntxh+r2qqkDOcEFHYj4Y0IX+Nv37NiVYjEYRQPSWzYYv4rpN2Blx8NuGVFmEHjTGWWrLH1QDtRarf3yVb8LjAujF7l1oXLj2vI/RRwu0TYDI/14rPHGYkbib4I8N+/q0jJg1eCwSHskM/qIsGL76Lvnti+bSu7+9wmbmOSKKrIb8GQOlK2LCcDL7mQ30ydfSYQyk7Pz14hVAFYT8HQTKnsZZxStmJwCc+6WE8C+DkF9uQeEAVfTR2TWoNYdPMo+vT074MqQjdwDRVnTctKKcLXFoZ2gwjm5hpdteGu81vPBK9ef0NC47c2LOoW3UI2
5H7Hk3Q8s0QtZVC+tSbgFUH0uoRjo10XEyzr/lvc3lM1L4BsfiprRaP1SX6WKs2xAUD+KKdHR9FhmnvA1/b4eLhMip/wXzZbRNtNwUCvle0=
5H7Hk3Q8s0QtZVC+tSbgFUH0uoRjo10XEyzr/lvc3lOFfbN3dbGkvjEttUdtL7D5pIESmNdA6vuV1J4QmGtojEwfd+KP9xI+OFvI0n+TOM0=
VOik9vcMKWXO3Nd0U1eXKH8c11wnNEtXhhw/tUlCiBs15vlxFZ3tQ37PO1jZdakgSkHtDEWggG2OtdYPapu134+GgNcoqZGBb6iqZIoQpaA=
kCNsyhFNIk00L4J1qr86kMV1S8aQHlpw1e8DXPqdrjf8eC417GI/luqT+CZQp31JU4bpTSrPTfNUhO1+mXZU2Pbj+7f5B+QMLvih4Modd4UhBhj21DyxfEm4mr9Vnx3g
21YawLQpFO0PxAQGpAa0ljRi+6OSKhinCmaubzgFTEfzgVPB1DWM3EVHsfbdr03tO7A1u25mkr0eIeWldLNj/82IzckaNAcv4ihcvU8vaLnAOtrTUfrr13gPMpXEO640wZd+qwEl1HBajov/PF+zbnf76pSwxrMceuFIRFBlaME=
21YawLQpFO0PxAQGpAa0ljRi+6OSKhinCmaubzgFTEfzgVPB1DWM3EVHsfbdr03taz2Nhyjko9syNXWQtXpP+n1bOSDF3tTwJBLry5nQTWFQXcAg/mbP9CvUBum6Ve0D
21YawLQpFO0PxAQGpAa0ljRi+6OSKhinCmaubzgFTEfzgVPB1DWM3EVHsfbdr03t41ZcAv4DbJIyrlBwhKq1W3ODTsPxrPyDuH+YznBN38EHNLPSyL40hfPZ0wBXXDY0mQnRUjrZ8zi7fBbqfH3rag==
21YawLQpFO0PxAQGpAa0ljRi+6OSKhinCmaubzgFTEfzgVPB1DWM3EVHsfbdr03ta53BZrty5NrC/FoOfR7JHOhfA+hZ+h1daQEz59FPkEWyDyTFr/Lt9Q49SIik4+i7bZPUWAjdbFlIAX3umDxMdg==
kCNsyhFNIk00L4J1qr86kIujkhd+Z3Al0iAGmXrcVdP/cJ9GAucXMWR2yqdfhsSoZW9gLdDJ77cvzkdr8HvDK8B6lcZFliiy9//BGYt9DQM=
kCNsyhFNIk00L4J1qr86kIujkhd+Z3Al0iAGmXrcVdN47gH+CXBBtO5xBj84E4pBib0Gl5BnaV7Qf7N28Chb3+NUW0bPltmbfufn3vRUHY4=
kCNsyhFNIk00L4J1qr86kMIICXc67WoDQueQpH6gXZ4/Yqz3FOgg/BWa0P3QDAB3VnoaoxGCJPX1OG8ZHOVVc4dRv0nKYk4CGbz9amYw+/E=
21YawLQpFO0PxAQGpAa0ljRi+6OSKhinCmaubzgFTEeLFmUezc9mElxEj8SjkI1TK104DNAtBe9T8m7n7BoKBFRQ0cofCuGxvLnLI+GrCn0DeA5sRxKRjSPp3qoyTWkf
21YawLQpFO0PxAQGpAa0ljRi+6OSKhinCmaubzgFTEeLFmUezc9mElxEj8SjkI1TLObjTd2AW5KWABymTCAqJg3RiCwtPN1dyn6ZNuqP8hB5YHkXugZlAsVLe/sAkSwsgT/pQz8SGpDmBwmkwVMxiw==
21YawLQpFO0PxAQGpAa0ljRi+6OSKhinCmaubzgFTEeLFmUezc9mElxEj8SjkI1TV+Sw+TyE4KOeXEJwoblhU7QTl/l2gXW0inJiy/mumw6w3gS6idP/1MY1KsPvDFeQvNTv9EIO2ErDEFHuw4Bg3g==
kCNsyhFNIk00L4J1qr86kFbn0IVDs/f9MAiPD0q90591lF4h0bC/K/hCV+SwyBqlX8wUv2JPlGNQvrHKRHi7aVa2LNKPvg2UnldDmX5i4lA=
kCNsyhFNIk00L4J1qr86kIujkhd+Z3Al0iAGmXrcVdNa2HEquuIcv5oqEkjrT7OH4nmN/W+tJTHbSka0B9wNiyX2INOyt57NL/lmX08j5M8=
21YawLQpFO0PxAQGpAa0ljRi+6OSKhinCmaubzgFTEe/8fj17C1EoAcznqexYmvJzHIBNiZrpwk5Is+KtyxpDKHmlzycyejgWn1yqAV7Um8=
21YawLQpFO0PxAQGpAa0ljRi+6OSKhinCmaubzgFTEeRshEZXy/j3tf18rapyGR4KmfOv/WI8SLsaKn1LVqaOEWDO9BcQ5eeKZT89pXF7CQ=
21YawLQpFO0PxAQGpAa0ljRi+6OSKhinCmaubzgFTEeRshEZXy/j3tf18rapyGR4B889x1BY3O8oxjJhDXq+43qr0y/X1HmNf1EwppiXriQAtBBjqM+v/zPZCtgbQPOcWp9nWE4osqevMmgyJkAkD6ycoNcV1kOX6i9n87kc9DfMAGndKlE1kI1uAr6DZfLj
21YawLQpFO0PxAQGpAa0ljRi+6OSKhinCmaubzgFTEeOKnrq6MRZyovJdCqwevxDMkj0YbburCjBJY+Tbl2HASSYgkn/sxXF+bgXgW5bW/zoN0iMtFoMbcM9aJFTHNGgQrfTnVgHjyFiDPgwHik+FA==
kCNsyhFNIk00L4J1qr86kIujkhd+Z3Al0iAGmXrcVdPvuyVMHNWUjFp22QzMY4QKI08u/45zHmt/TVUyQOUmlwQJy3a0u9cwUJpIf8hqm9w=
kCNsyhFNIk00L4J1qr86kIujkhd+Z3Al0iAGmXrcVdOpJvzzbmXTt7MKmbkqXR8kJZ7vXXNkfWUhjqPVPggAYjmVsXzphtN1AjUOQrA0XqmcRPyQEUA04/Xm1zj+NC3v
kCNsyhFNIk00L4J1qr86kIujkhd+Z3Al0iAGmXrcVdOdTKdMy8uQtYl+XBlO1ig59XJxCRy5iY9ligvONEtDpv61XHgIOtwY/lTCt5gcbyCtiK86dmiu/XxfIPxVnnGzWONl8bJWACe9Pzw+jKKbAA==
kCNsyhFNIk00L4J1qr86kIujkhd+Z3Al0iAGmXrcVdOdTKdMy8uQtYl+XBlO1ig570d/jH5k9E2qF/beGGJcaHwc7M/Op6/QiSw6ip3XXDmX5OMvHw6W4ZISx9FhJs6U
kCNsyhFNIk00L4J1qr86kF6M6rWdr/VJT4nT8p+aiOI5nzFHOvW/d/6zJhCV1zo88CNnwEcNs2ktIZHNwwsmF6kmg0p8ifQvUDSbHaj5gRfq7o5BevTqSBgdvS+uE6ym
kCNsyhFNIk00L4J1qr86kLakAr9ZX/eOCuTda4y0h4i5AvOR80Pgb+erX2Od8W+Syqz2qCOux/+PEhhy+hKx/vbcFYybbMabG57B9qHs2/UurYMyWgbilbc+oyTvi+Zf
kCNsyhFNIk00L4J1qr86kIujkhd+Z3Al0iAGmXrcVdOYfxHodrvL3YQ66wB4QV4LAh0V4XLbXCusWkFwg/po60zmSxyW0mHYGTSn2llAnarhaK0WjTB8zbV2vkk4/N+i
kCNsyhFNIk00L4J1qr86kIujkhd+Z3Al0iAGmXrcVdNYztBttO4mHI/Kw0cKNzkZ7N2Wyfy65+0Z+uqBTG7y+D1/hlvKhBSe8i4fJQjgem88f7bzMPLlVqvUcCWEunXeO9GeNQddV2qNNREkIi6Ftg==
kCNsyhFNIk00L4J1qr86kLakAr9ZX/eOCuTda4y0h4i/QF1HwZNiyi6+T1kDe6piwsUsagrioouS4Trf9u+fjUbE2LdPlc/aBsiT312fXgEf6libBmdqJpYGTABKXaKD
kCNsyhFNIk00L4J1qr86kIujkhd+Z3Al0iAGmXrcVdO/zSrSnwJSyTvPljGiRGV8chi4j2YjHYhHLjunVXwPTrLD7lKuZoxTx5ONYJ6PVbH2BKeaEYvA9zBr+lsnxrk/
kCNsyhFNIk00L4J1qr86kIujkhd+Z3Al0iAGmXrcVdMbHxL9CWWLp/tsQD2sN1w+2SgZcM+vnHbchdxpEUX2M6hqxgtE1oaxEZQ4uvLDeExPpUHMY82M9Q5P39RgdExL
kCNsyhFNIk00L4J1qr86kIujkhd+Z3Al0iAGmXrcVdMbHxL9CWWLp/tsQD2sN1w+0dfPBdrQtderVcvFpMsZpn6l6zUxWSjZSNzn7QgEKUsIn80e1laMMpzN21BzynC9w7y4dPLVXajuAWFqxGF9wg==
kCNsyhFNIk00L4J1qr86kIujkhd+Z3Al0iAGmXrcVdMbHxL9CWWLp/tsQD2sN1w+l0ZgscJXhjtal/w1kkNalsX8orfML3ULSaVyGTvhqUdRnL7YajVNPWH1KwR2aCwD
kCNsyhFNIk00L4J1qr86kN+i4tKBQSYe5H8stG5Ld0NYXdtkc0FXlWL2sK4GPm2VTdbIzW44y1Z2qbjXUEnzY58QHgzLzYjt7swMOY+6XCQw6DdxESsXsjNAPEIqxvvF
kCNsyhFNIk00L4J1qr86kIujkhd+Z3Al0iAGmXrcVdM6bZKIpNwJIE60buS0tjH+SO3mVJZt3pmBi/JXZfqD8cQm8rqPDgAFxZwPTeDQEtJB7s/ENEnsiVfHIWGgLytAeXqn87wwqF+eE5sR72qf7g==
21YawLQpFO0PxAQGpAa0ljRi+6OSKhinCmaubzgFTEe/vZMOm4FvUYZ18zJ6n0x45FIt3ErtZgHLpKHF7Cd+Vo3YRwIZ3OGscSAXxB3GqO0Yc7M57ZHso+M9XYwYAi8f
kCNsyhFNIk00L4J1qr86kMdWD1IyU7vzEPWNcNyjtOfJ4sEq5tOiaU9x3k4N5adK02kJEGAk28vYZ6N01NV2UD0EvzjpsTujbtZRbUjWDzIrrSzm3bG35VYLPFnDMvH/THxs99cF+GCnFznw4/MajlaPwGj9sNI3fFt/RxLva5h2Ad60OF5z+hH5mz72vWhFgnuCSYewTGtWvucaf9ZV02fQJiOiljnaQ0QydgrgnU2nPysHS1T4X6zwOftKouE8FX7VP5W0c8eb019cp0pbO5es5+pH9qhj94e5uq1YttK83J04dNvEWpYdEOjt+X5y
kCNsyhFNIk00L4J1qr86kPq2XE3rDE/sWqg807cC9jpifva9CSMInB34ThQNyUZE3viEjod6oW96qp2ThmAWfegSma942C/MFu6hwG2hdeNlYFgxzOInWT/AfulpEkMGMLBn6wztyo62SZgAkEX/Q9Sss79vXNma1zNOYZ0qsjD9nH+6Tx0+Kj9WeWVpWKDlKgD+OnEu7gj2ejrY2fkh31UAHzjs5iROb/1rZSUmctbezH40YzhnDqY/avGGQD5qBjz3vPyjsmaPBBazxF6Ntvu/VkvpL+2WEha5t22Sn47/Pb1zSMf+TeyX2Cxz2IjVSsFYwalO6FILNthMdp5VgA==
kCNsyhFNIk00L4J1qr86kCLCxHvV+2kcum4o1OWs1+7zyibLBNunSXfs+XqBegSHe5bR8IeYS04wOaxJrjMlOIbQ7q/P4pR1UwFO8dKugDmLhRurK0RoH4lWkBXrtfEE
kCNsyhFNIk00L4J1qr86kOZoIhdLa49aohGdWdyLFuFnFGEfFzh4ab3YxCxQxApzqG+Sfk9TbaK0qR9riCC1ScRTny0u903m9j/AElE2G9WnFUYzj/vvKIOJ0c0tU3G7REw8qYVgWZP+1Ry4XEqPWeeWJrKBKCHEwNFtaR1bqZV9r0S7LLvkxij5KpM4J39t2HMHaPGMo5gO4eZ89NF9r+SoSgvfv4LKnv/TLk0I2y74rPI2Tq5NmPkdNATE8uqxB8Yix2Nb+aYCYxQU+tNo0P3iI8ZFQlgMw7VFCMROkxfgl6dITOtwkqLAzHvehz2Ofpahi3UZ64P/5dPPEHXNLQ==
kCNsyhFNIk00L4J1qr86kFFeZKpTn7dMx0hTe/K51QuhhHc89iYm0EWlaq7fjcBDTB49qhEdio9QtRKvzsfRVBsfYMhAFIXCwMf1Yowij+R63ksN01BYcJG5jm7MzsBX
kCNsyhFNIk00L4J1qr86kGLslbc2dt0BRmV3T15LAuPu4LahuN6NmNo/A8HyVR561fPcnoJ0VNiswUBNd+wNjkIEhzoGOxbwtMAV6DVNK+GES2KXxQw/8/uhRppu4Bfl9pk6qCoDKOvgawhksw+aFnKKW7Rtb/QwktYe4aByIyljg6g9VPh7cwBsNI24v812LsPH01SQYFU4YG5OXMkzCI6nHI8ZpuQznHCl3lmSQBfUj6cGtxRqxnIWGyLlGMx7ysN8ki+WfK2OjdUgrpjCSh/SLft1Nha4OcyWAmJ9BVs6xFG6Bx3B+rVzxYAX5FvNhRyWeedNgEoFC8WycuqUHQ==
21YawLQpFO0PxAQGpAa0ljRi+6OSKhinCmaubzgFTEevSNgdG79jdfE6WW/dTaCBaJMpgWHnkxxvSRKmgiO18ZkuX/hYxD4PULbgL2LW4/ZLmie98omk0gZd7jgUHaEd
kCNsyhFNIk00L4J1qr86kJX4MQC9wjgmgBObhEi8dkE33TO4rngF4qQQ2rVYsbpGYOcqngFgjtMA6JEIzC1qoakxKk0bYiiSFARybxhkAFDXgHkozk0QBw6H+uH8ROTBAfM5OL6K0wIc9JximE0WiLogkCrDSDXVqq/aS5f/2C4=
kCNsyhFNIk00L4J1qr86kCcX9h/9Yhtdqf93Ae25j0egnoxV8TbMS1pEhmWA7+YM2E+M3MTOIhwmo80q7BFjHGGlr7OfCIblsiMJi/BCH9Xdd1GG6Hk/HAzBQK5ERWa5y+aDUz6RB4A1r4QMYcZXspzTEbbXpdCs+mnFNAA1rxU=
kCNsyhFNIk00L4J1qr86kIujkhd+Z3Al0iAGmXrcVdOs8bEuUj0jHFrZnhZ3kTHkIfbumYgz/Kh16/0Fx5R4Awqi7ijdvQbQss9g3FCWVRg=
kCNsyhFNIk00L4J1qr86kIujkhd+Z3Al0iAGmXrcVdObHxsf8I7V7rbG1UrjKgpUKZnaXuSq2rMCGbohGr2QdeYBpkU9Ht7OBDw00v94lUA=
kCNsyhFNIk00L4J1qr86kPc45As0r607CyrWW7X77DNpPlucm4vi7j4ej/FSXPj3QcpCmPq6avg9FCHlDKKY+UsSlEHsvfRXHs4SEjDF79+eyTLM9MqrEf8+r0yiYy6alRpc/2cyEMH56+e9Hc5JzS7XEju9o68se1dCQ8z1jV4=
kCNsyhFNIk00L4J1qr86kIujkhd+Z3Al0iAGmXrcVdPPBp6p1s1BEA+kujgO9cXLKqVof6JtUwX/1Su9Q+AuPssHlSFUuOuBdJBYZf4QjlGY7nDxKDVmlFzHnrR9cYeD
kCNsyhFNIk00L4J1qr86kIujkhd+Z3Al0iAGmXrcVdPPBp6p1s1BEA+kujgO9cXLKqVof6JtUwX/1Su9Q+AuPssHlSFUuOuBdJBYZf4QjlEPyQ6zNsOZYV2DSd+0qTfe
kCNsyhFNIk00L4J1qr86kIujkhd+Z3Al0iAGmXrcVdPeNLxwzv8x6Ktpvh9hI2b6NlZWeYD61xOh9gGgoitTArh/W/h4VcokP3RNvVCdobNkeER+3OWO+RJ6fUJJ/Vy9
kCNsyhFNIk00L4J1qr86kIujkhd+Z3Al0iAGmXrcVdPeNLxwzv8x6Ktpvh9hI2b6tVTsExpeRhwNv7Fx/GcsLCqX8JyV+DuE+iU13lBXm94=
kCNsyhFNIk00L4J1qr86kIujkhd+Z3Al0iAGmXrcVdPeNLxwzv8x6Ktpvh9hI2b6RH+2VJ9z4wDuF2kG9tsQJvOLRxmJysbgvGQ/fTJEnh5xT6Ec2iwb39yNlB3P8Pyg
kCNsyhFNIk00L4J1qr86kIujkhd+Z3Al0iAGmXrcVdPeNLxwzv8x6Ktpvh9hI2b6NlZWeYD61xOh9gGgoitTAjCga3bfkwAU5rAIXqKLiwBNxHmqwvHU0V8gDSL71WVp
kCNsyhFNIk00L4J1qr86kIujkhd+Z3Al0iAGmXrcVdPeNLxwzv8x6Ktpvh9hI2b6szFHSRENQlfnlIT3hrhIrbFUlIGNjBi7kORssgiUb7s=
kCNsyhFNIk00L4J1qr86kIujkhd+Z3Al0iAGmXrcVdPeNLxwzv8x6Ktpvh9hI2b6RH+2VJ9z4wDuF2kG9tsQJvOLRxmJysbgvGQ/fTJEnh4NIJkVXJzz4JbROcdJ+xvo
kCNsyhFNIk00L4J1qr86kIujkhd+Z3Al0iAGmXrcVdM8gBClG7XY+WtYewZKDK6Pf997wH411MSQ0n/cjssoNb9QiLuked7ZnDdU3lNPW+0=
LVHHPjDP0um746x8IH1BjeQ8MD7HXcAXpWv+NXAcjOp8WXfagp39yvP/MNilWjIzK2U7krq2n7AYhy/YSgqjjQ==
LVHHPjDP0um746x8IH1BjeQ8MD7HXcAXpWv+NXAcjOp1UPK4UqN5e1EvhijLxp9CqbPpCibgXx3htHrr8y7qSg==
gitC0GqAVXxyrvAT3MCGCaUxagBthT91kJKBfOMSW10V4oR2DtcsmwMj+p+ZesdJMoZKqbVhgbYPT70lFXMqR7LIz4KzXvYsuh5tCqF5EbOS22gNYvW/fmFlmHGEowviYW5HKoJnDkRYPKmGZmtyYA==
q2DaVV1re1WQitpu+uAmhcW2Nxkf1WGxVGJxVuZ/zo/ScND3R2h5+lUpmesKWMb8zX4WOgm/6PNqoNNxT6mkOQ==
q2DaVV1re1WQitpu+uAmhSQLqN6zRbaWrzDcvTr4QjhXw0aKu2JxEi8oVPesWuexrCkV5R3zFasyp04cYnwbEiqPfEceBuQkfpeCf8vN/Fs=
q2DaVV1re1WQitpu+uAmhSQLqN6zRbaWrzDcvTr4QjjlQ5hnjWYLca6mjYmX2mcetEDbSlgfg6ksv2efmcBdkyY2hlD1cXNr6GRAeFAK4zU=
q2DaVV1re1WQitpu+uAmhSQLqN6zRbaWrzDcvTr4QjgZpdpx/SgMN6Bs//MypCfWNSLT8kPhg8Grx0isCyJ33sZwB2wrmNHW/vlv0F6D2HJJNpqlD0wXjho34qZUMxhzYJ+CVoAGM9DgO1MbUCfjzboE2B1C5YnHsKI9mtvLGD96Y3jvhMSheA2LcwIXv3S6
r0k1IX6lwbRfCgQ7SavX586q3bx0YVLcK9ZGeMEJBGXYbEptEq5AVXDVPN/4D0g6vUv42r2KRQBKVEnUt4eViHGWxPDxfFRPwVvZEPGHk9A+8jhLptRd/KDC50hrOcvt
r0k1IX6lwbRfCgQ7SavX53urh5Ap9Fmc1sk3ao6uLgjArkqba4+agoUjkMrk+y1mNLAecCx1DQ83KjEhxLwy1gLG4XnlX1vfFkwGUYkxu2I=
r0k1IX6lwbRfCgQ7SavX57Xiof9/+KXCoGqZ+lhpWijDVOqq17JnIkhtyyn0jkMEUF/evzQLlS/dDIjpCjT33RpXg5O0ONFUZqwhTtVEu+c=
q2DaVV1re1WQitpu+uAmhSQLqN6zRbaWrzDcvTr4QjjSSO368T0UJ/Cd4RCYzgYpFBm/BXDc+DEcw5/X6Edad/xe59s7ieShDy048wpzZWw=
q2DaVV1re1WQitpu+uAmhSQLqN6zRbaWrzDcvTr4QjjSSO368T0UJ/Cd4RCYzgYpKhRTuzEghBP8bgwAm2JQ754fSm4z/TrpqOVxJ+AU4Sk=
q2DaVV1re1WQitpu+uAmhSQLqN6zRbaWrzDcvTr4QjisVC2NNh3RLUQpCcst6gC52yAh7uYyu+M1lJq0MJOnn8UEg9h6cBm9iiq4TrSp6SNM1DKSFBjoSqRinTk48V64Rvbmi8abAl7GxOcaf/7wHB78VTf4+cbZRtGYUQvnEuamz6qIa/icJ0tCURRDaFho
q2DaVV1re1WQitpu+uAmhSQLqN6zRbaWrzDcvTr4QjiTX9DRkiEmBwpRAGXv6fny6QwS38YdP6YZivK/gjpCZFv4bwBPUOOcS3p4MB4Nqj8=
q2DaVV1re1WQitpu+uAmhSQLqN6zRbaWrzDcvTr4QjjQRpWq3YlmVNB2fFB53olofyDVFSrT13HoJ/ig0UR/nOpFr825uXZw1ENcn9h9NCI=
q2DaVV1re1WQitpu+uAmhSQLqN6zRbaWrzDcvTr4QjgDcP30FdRv6l1vbjQQmNbHY+3H76zpIjiQPiFODToHZUn3PgqOacVD7TpDn16ymY8dOxjp0j7bq+IxBsiAlSizX2sdy7ILYrf0M5cRFc4ZVG+siWASCwJLAd3O7EGLLTrVO0HRJMqJ9tOm37ItO4cH
q2DaVV1re1WQitpu+uAmhSQLqN6zRbaWrzDcvTr4QjhG69RkB6w665Mt16NaFQ0jgpfpBsBKYwbPGc3Tzbd7a4swDgFdr17r5IrtJKxM65o=
q2DaVV1re1WQitpu+uAmhSQLqN6zRbaWrzDcvTr4QjgVczzD+AWBmJwVKyA8QuElT4yFIPa84Kz9m5BezlkJKbwYF7YxNlvNdJ7ndUKcsc8=
q2DaVV1re1WQitpu+uAmhSQLqN6zRbaWrzDcvTr4QjjRZcMWgb2hTFni9D1649nE5UdOWAuiCDYFaBQbFtpab1TZQpEZAVuxlWQuUg16kzpK2ytVQL/qTiFImfzGFvfegJWoaxQ1nmClcIOw5qM/vd7I8ABUnMytVAKBopNLiEhLTA5U9DVyr6X7PJ9jyLHl
q2DaVV1re1WQitpu+uAmhSQLqN6zRbaWrzDcvTr4Qjj6VqG2qEzSiwbVOotXCCsDd4NuD5v91HapkBdhet3b7op0xvQo3PDNjLLcJRFt41w=
q2DaVV1re1WQitpu+uAmhSQLqN6zRbaWrzDcvTr4QjgGUTQ0iQPlQYCB/xf7yk7VMdv+UT+jTcgoQpZKrogyMRqEjP62XugxgCDKvLFg7AQ=
q2DaVV1re1WQitpu+uAmhSQLqN6zRbaWrzDcvTr4QjijNOFYRl9Z+dx+xNDwtHhZyuFkqnaMpvpTIuWHKk2+BePkgWHVt9SlBD9ix5Frd5lSmiArhspmVmAK25H6R9Vf8mC5hQvuSZ15gNCghZtAx1mE6So+7e0qDZ8UTm7M6WER3+n4dQ2SC4frqwhtek4g
