GmcONIA9PFzHw1gpPLLPoqev3ytAH5KO3S/CJpMsylg=
35kyjVfwBJgytCi6KM5Vug==
FNt9orFfFSbPIXNSbXcP2Q==
gE2g7VQeqq0h5MkG44fPUw==
A4ZCFW7RnVRfEnbtNxUDb8VFIQmzxcIFLuiIjRY2q84=
cwgQW1UgxyVfBeSrdwXHsPE1eoSAri+NViVSjTYe4hg=
pYn3RyiaY4vz2unSybTHuw==
mAzeFbkWBGyzJRgEWJSZYQNn44wFaguEUnqkvHVinQw=
NiGef/LGs6v8Em6sqLz1GYGKB0111uCW/TAqgkiW0+w=
2lfNnhNY+w/3xMaMUxJbE0YFT/wvMlSDz8Vrd5FEs18=
gitC0GqAVXxyrvAT3MCGCXet2v0HQK4IsDoc0EHHQQPnDWs35av8EZLf2AjkR+quEFEPrI61lnB5F/kLhzBPQOodeQekLq1hhI03159z5/oTyulznL5y3UV2LjHQNCZQ
gitC0GqAVXxyrvAT3MCGCXet2v0HQK4IsDoc0EHHQQPlnZOekmmCo0ca7qeWz0OLvv3Y44dWPo5VALyAC+X73qxx/fGl3qgayOig7mGqgbiVa5qsbL1REYrmSqsdvnH60LGz4t2ANOgmL8QR9zHBvg==
U0O3rsKPraLHlTkX8EtIf64KsX+NF+hio2vzH+YCKeSP287Wfczrx/UKu0vbH8dCEW9SH86lATMADn4Mazaz5h5xuNQW7HsgXYxduq8hgX82YHY49nHt038sHVEylcMTY9K81e53PGlOiyVDCVt/0JlU3STbqEb8q8YhAL9CsMlVENg5gxwpjbblz8dgjJkBQVa/w0mHhDUL7uud04FdQW1FMkqf2aJZuFKW0LwupYrnEgShRa2E2/Nd/AD80gDg1OdPFfDlHYD8wcPy6J6iFUp4Nu4O63sJoAi6s7B78WD0xHDbVHNu1Uz4lqS6LceahY1+GYHwsTpsvtjDnQKXRRImH19RPydj/W8+KpVD0wM=
8RwrAzRtg3YNXuo0XbekulJCU0z67GzwqB8cF/NurFMigr+wrewI7q3tlPscuL+1ayhbCKpIBDN2a+gq3nxCXztqisPDcNEpCPkxJDWtj/Q=
8RwrAzRtg3YNXuo0XbekulJCU0z67GzwqB8cF/NurFPj5JST8Dr0InDBNPSmnm+batQ1WTnCftfKXKoB2PQVbIfrH5fpaRxdObw8Tw5XQpY=
ddH7lkxP/XhP0iJtVrrnM9+WyyCh/i42CXujduVzDbKWZny9DaSSSRhl+JitucMBPLaGJb9B/tvwp50wNUHjIl3J+R+L5FvQL0/XylJFEnyXew1EvMCVynIVCaWWd9yspBbrIH4C3xVgVPeOd6VhtlULjVeBNIkRDQ+jD2BBMNrTUzByZAC3GupWlUxPShGnjPc/AF8xPsQcfwc8oBl8e+gx3av+8vnPRSKe6bWIko9/uapWuFoJ/E/vfq+AhJJ1J8ViUAwSzAu2ptzw0WCubhFHWOgpovQFEb7f5nE8RWkxEagQDs4Cu84ph/8X2OGU
ddH7lkxP/XhP0iJtVrrnM9+WyyCh/i42CXujduVzDbKWZny9DaSSSRhl+JitucMB2n95TG2ccGbjncW5nTofx3kwKQUn+xusvzRDqKvP11czQgGtqPGa9yoMeo8egvchgU5xqa9ayuToX3K42UVXWIzxrU6Zdwii1wAvcLZ4GY/tX6h06yT8VRG35N33bYWjahlK+Cqd7duKC7rrHORN4Yzv011NxQkVVJ9PfCM3GSv5J60g4Rek7dORqJou4i6eMj5R+AszLUBYKlRsSbakMlGwpPIo3L29VP6ZmXPIPui8lyngrW7W+6Ij+D55HOSrwJLDPV/k77efXyAqsOgP/tlz2lCUU4Du436i95NI9Ss=
VrZDhjP6+5p4Rcz6T089VpBEmDANtKE3jlV76RF4rCD3FUxTe7s2TCwBEVsrfwwGh6JJZD2maNaAd03rlprnmFkgYoJKh/hfE2peCfbGRH0upXuU8RMn5T0wdnBquS9snajSgBzl4qsDKH2Sqv73NQ==
azQ7PiJ6ZN+UoIwVUR9JQDK8j0EndEa8/HgR09IKMFXU+JxPDUwkUYdZ+DzGFF5Hxfevp2wE+z48EqeHellSp/4DYPOeVlGNHJfBuigVwXgbQ/TyoPS23B9qH7sYH+qmzPBIAk7MuVZQD9rqMtCDl0FqtdcRPvAZo0IcB9O4K/slyrtq2rq5qZNp2u8PVasa7dck+MP6q3XP49vPeGi4NHySWmt/r3VSZrJO8i5JbVmnAd8syJYzUfm3vm+bG1ZK2IYuiNCGjPFsIg0FF8Fnz0y2vgry2X4tEK20djyO4tVrbgpS2LaUCfjJ3WyPv1Hpa7G3VUMQtazQhdWVprP1oCuO/is36T/Ldv5oNeC6/2y/G7uOJaiH8uquECAqGwdkDNIzSwNzNJATiDOXsdr4ug==
oM2X2EjKsR0Wc1s4Qs07q8GK9HLnw23ih5imKEESVQBLLJ5u5NkvX+so311HckNmDLEkP0jq/poFrbMpY3W8oyX7HSG9i+VWBr+/F9Q0c/sUCwyNejQXG/pIQX+wbVvL
5H7Hk3Q8s0QtZVC+tSbgFVDNrqhLZDkTswgNxadGB6yKz531de/760Xmdf08VM/ezxpnz1ZkXCGdTeWMZARlwS+yLvC+3Ua4PBwBh9IZHEk=
5H7Hk3Q8s0QtZVC+tSbgFVDNrqhLZDkTswgNxadGB6yKz531de/760Xmdf08VM/eSxplP0/wvf11dzMttv7qsw==
5H7Hk3Q8s0QtZVC+tSbgFVDNrqhLZDkTswgNxadGB6wm2h4Mbu1nckzEcuBMLDiPrQa7bh0eEy/XLS8AVaffpA==
oM2X2EjKsR0Wc1s4Qs07q6ylp3mx+14yqoF7lBcIYjdXzn8gjnjU9dkZUMQsSbTeT6yjd6x9+i/h5v4etwHFLx7aixbICr5LTysmSSJmUPhRTb5sw9Gq74GemRu++rTCeh2AyZO0/6/e+KWWJgNbKJDpUIMQL3FVkz0TrwCiKtum2GGeNY5bOPx7adleN2TSEiJyhRbTAsFrkP3qCXO8LMv4/+Xp34kvzEgfbPYYo6Y=
oM2X2EjKsR0Wc1s4Qs07q8GK9HLnw23ih5imKEESVQASgGvXUJhCaiI+UsVB0ByvV6zR8iN1wyqAAd5VzLHlaYL3wBNc/7+oiz6Ji7YBB/GMpS5GruljBWbot5rgFSt4i4Oa6kaCDnzptbcsyyBjkQ0dImkJLCIERyfav2hJ2nDOv8uC7zeUtDlYIKYarr7fzC14h1LWgmQHiN8Vvkk/JwAZpNldZhjQ6Dubf1t0eblovA2qpKrhwbmbJDGUBbn1lI1P1CJ02J0pTbDTsNmQHUaXkBvWwRRsR+oMsFxmoCB4JeBQRI6ivkRHs7nV3cbZtlgdrybJzaPMYLwYnQs0QAyIYx2XacOoRvQXJ+PcbQBmCooRtsp23btsI7WZjBG3
nchxn0Mzyw3rgAfdAtLyHIB75ib6ehVRygOO/8j6L1ZO9Ei6qQelcgBzkKdhZgQ5rXoiwKGdmTAC+whZEyP7k52vvCr75PL0kbPheXus00jTKPpyEEkAH5I2GkLk1r9IF9njDqiUXs+sGu68Q8wvemXdkdOtOM+xSCwYfSM2MeJdzLP6/M1q4VGKhaSJMJizuXbLJYT7FprrvZnWieIFxcABb6h/vRCFXxZsKyoXy3Sy5TbWeJGpUfw4DWIGWss9FxP6ZulhdOOBU4vSulw7JegJAhujAdaUoEF4SopMx3ufhi8o1OBqo/Q0zLooEABPYuaxGYIlOm/JgDwfPQIECn+MKW6iGbr/fzX26ej0AfC/sIGmoRkhTDmYPpWS9JIE
oM2X2EjKsR0Wc1s4Qs07q8GK9HLnw23ih5imKEESVQBzB9A969js+0wTs/0yYMDOzH/YquUXxWdP08adU14rnCjz0lgTGaNwNEVaWes9tvaFOqdH2XkP1FesAcy9+ebR
LVHHPjDP0um746x8IH1BjeQ8MD7HXcAXpWv+NXAcjOoMyQ2YRGUFUJ/k/2jkBy7fzgAvicA5bNWD60YqrYjrnJC5nePKM8AMf0tdk9rU4BhX1F+lK1XBM+0N2vNbHgw+Zr25u3tdiVBMbCpR2tTWTQ==
q2DaVV1re1WQitpu+uAmhVJEXT/bt/oBdgZcT2w+8OuHWB9EQOMz8aWm+IXFLGT7M5WRizp6ScK2UZONbSp9SKRT9NHHP9nW7TGYDbme7Ac=
q2DaVV1re1WQitpu+uAmhVJEXT/bt/oBdgZcT2w+8OvNh4f0q7DG4XttRcC82N/0BfMSU7muu0kODWScsU206prK/QQGS59CdWxNdQ83E3Y=
8RwrAzRtg3YNXuo0XbekulJCU0z67GzwqB8cF/NurFNBeAVd8SVtH5PSEie8BRl/HtZWCvDEPuX8HCsUMr4o2417PObaLdgFitDMxEdeQbt7rKjNWzS/i60gdofXg6f+Yro8tNJ3qUrTSnlV6w6tsKkjMvBikkfk/epDbrSu6YhEGr4Kt7nCMTQcnZKTMkFA
8RwrAzRtg3YNXuo0XbekulJCU0z67GzwqB8cF/NurFMC4HJ4SLqwmrz+2Qf1Ys9Syg4fADVsDy5WEpD3oqF+clqHWbkAs/c20WNqNQtbk10=
VrZDhjP6+5p4Rcz6T089VgUQ88AYtG37P12RZ1iVGfutGplaiZx2kPMGJJ3m4xOfQ874aUC4LgNeObIPpDdqbSFuKhcmRg7JWIE9pa4iANalYF8DYHYIHC/2F25NZX3Ebsu/YJtAn6610PscyfJueQ==
azQ7PiJ6ZN+UoIwVUR9JQDK8j0EndEa8/HgR09IKMFVE9l7iqxpMgaegfLtehCEF0RJH9xRs3M9lJiW8xJ6YJJEPVYMUvJPfuT6ohyJ57qCCmYyFuFpf47DnFpwNsfq97YMifIWcEe5GHr0Q7+HOWC9cQDFM4jAa5H4Nxe9qug6FjFkRk3i/tSa3MEH9UH31d+5O4FekWyyoF6ogoTysnxcDdx56E6aj343dHI180pgn49cl6LZZTMhkO1ISBkUO5FF1L5g3gIdLaaeHIU4c+nJefw9ipCLKGTKZdKfF6Qkz9xYDDr2LNPv3CtmsTloG7lFwXLmnXLBgF+WxDadTb3kaF15LXMo0J/mTjI5poHsULSrB/JQ18obceB22tAEFBAV8TnCQ9OxSkJI/d7QiWA2h0b/tON9Dy1ZLlqS3ZFo=
oM2X2EjKsR0Wc1s4Qs07q8GK9HLnw23ih5imKEESVQBsL7+3LvNZByfTAfkSJT6c7HoO/QT198tEvOGdx8J46BBMpFCbmFcKQdXwxWvm05MiL8fBEIiyhdCA6eQxAcWb
oM2X2EjKsR0Wc1s4Qs07q6ylp3mx+14yqoF7lBcIYje2Hhi5ohHjff22kYOQHO7z3hmcHDQO8N/GvDM+affEusIcEHWwLpL1k/QP6wVvH1UW8QIVm0SsvxT7l0URjcl/tC9lZVUWLz5cTuj7d2VuN3I25HXSep5kYBdMJCKmXomMQWVbHlfwMxmhOsekVug7hXRLNSypIXqvILUSgubQ1JGd/vcpqDHx2Ii7dWf1Gio=
oM2X2EjKsR0Wc1s4Qs07q8GK9HLnw23ih5imKEESVQAyiQpzZr2ctLCVXvDU+JpC5T4YLEOdKVcSaw5LJwG1wMw/uv4aAKtAct0yMBsNLJ7IMI+Z3TsDZ4/AxZ8pb0GcEXQV+fDaGmMub0T+IkVzxg/p5mUiXihKWvwX/6Ry3ILJ6ogQakG54pHHknMbxxH8co8ksJzmX5hdE1NVUD9u7JCaMqczHhG2HJCdLRWJP80qyPYLSkGoD7AO6llZ+XBwUgq81vfkERsf7wJRdCBsy5b3N4PflW+NdElXxP6ksWYL2csFr7MC8DQo26U4hvrAP4xhsuS5Nl3ULsdmhc0UHqUp4QHtKovOvMkzMwza4BoRT6KdDB4bYgSgFtYo7dW+
nchxn0Mzyw3rgAfdAtLyHIB75ib6ehVRygOO/8j6L1a7b8+F4bHTw3ofd8hPFV55gtyuHCc7MJ40+pW85ZAtFxbI0yOO+YuuXitll/lsVRisQSNChl5uLZ3CuKYHAW2pxzGqgR13QBs/7NmKcEEyAohUKPl99Sk1OrjVQvZZfayS/HFQ0WRhya5OOODnDlmEseQEFTxhrm7Sipth7GRY/yP33A4dMqXgoce2Wk0b3l2BsV8zT4pTHAu7D8JeJnPZdR3SkseR6nAH1OSeGDqeMU3GQ8atX61YGPcLhMTBbAl1oVTqNYBcYuSUxw6pAGfWbfzbLlTbpav9y011ltOpBgcmeWwjxqAeVxcrobq8l5dQexzkfX1Ap7tDmcsKUn3k
oM2X2EjKsR0Wc1s4Qs07q8GK9HLnw23ih5imKEESVQAyiQpzZr2ctLCVXvDU+JpCSMbXnr9WRKrxNFKv7njjqFpDyWLVIZoM3d5UeNfFlnT7Ye4wtx02qgmiPrkmAcNg
q2DaVV1re1WQitpu+uAmhVJEXT/bt/oBdgZcT2w+8Otml0YTuOGiPkBm3qyQoDj229tGo5j7Jk5L1n/uAoYh8WGEW1VjgsPHT6G/BDV31E7JtkNsHHDAXhNWbwopg6g5ZtDlwe/ezDfTI75OOeTP3d6BbNeLb5Ou9w1qrePla/P6IOe0UdLuBVYcBveKZAN2
gitC0GqAVXxyrvAT3MCGCXet2v0HQK4IsDoc0EHHQQOC0PM+zCowrKYdTmuV2uARpKzZWrpKLB88MsT47NHEiOxG9jPb1W7d2KesoIgoQgc=
gitC0GqAVXxyrvAT3MCGCXet2v0HQK4IsDoc0EHHQQMPSN9JN+Q09a7gSPmDEzvG9mHod0Uhji7Phc4zygL5R4wrsQCac81X8k1LL2JZdf0=
r0k1IX6lwbRfCgQ7SavX58TKaQMABwg8Gp02N8XmLv21xy8LQSDKlVdn9wEmiR3macUU1ws3/TikQAo0Ge/rMYC9PxwY9GIInb9IDvDI9pFc7YIkc0gAdonbLpn7L4xh
gitC0GqAVXxyrvAT3MCGCXet2v0HQK4IsDoc0EHHQQN6xlPl+ceanN1Sp2pvOcBvxWTGb4e9fF1n17OkPh9rp0pmSSsH9XPgPWB1s1jzowc=
5H7Hk3Q8s0QtZVC+tSbgFVDNrqhLZDkTswgNxadGB6w1i0dMl8o2hxeMTR+kRlFIBFES9kwn6Mj0CI5BLgbjOrWlj/hStFl03p/p1f5DqOw=
5H7Hk3Q8s0QtZVC+tSbgFVDNrqhLZDkTswgNxadGB6zu8IFf9lRHn1mD0Qp89Sn8oQ9/4nEOXm19CLktcxWx3A==
gitC0GqAVXxyrvAT3MCGCXet2v0HQK4IsDoc0EHHQQNnBvopYyfWRmDD+fKI71J/vwTUb9sVsC6TcoSfppvSMJ+REA7oYkDWnD9eql/Xq+BnBVpNeV4AjN5HSqKRuzfmNsIq9zIk1hJ7uE9yzOWnQHNiNXenXB8dklxK1vximic=
5H7Hk3Q8s0QtZVC+tSbgFVDNrqhLZDkTswgNxadGB6znhs96H8dBI7g+BUKNBEwYt6AFhFWbw2RarYtudsb0QA==
U0O3rsKPraLHlTkX8EtIf64KsX+NF+hio2vzH+YCKeSGnYHodcKXzJjrpM8MCgYx8c8wCr0Kw4n6UNOS7K3A/OXs8pxXR7aJBZxkL7FXoa/AUUa7y63eO9LbmQIRoYxr+j2l3vbIdNAspm470w4Iv8epRI363MSkyBUtqByNepyFJNhEA6hq8TzVeiOqmmDccdfvIoF8Xb6tS/BmIL45uU7xwWreOAPE62z7aKb9RwPPmZqy0QOKIK9dWI8fNz6c3ZHIgqwIqv0tj073B/ZOizrvUNf88t42CIJ+7cwAkMga0rr/Wzv604/J/+h03RTmKkyFfI+wKdHMhlkdu93aiTHF+zqC6ng/Xhpo04Br7Z7JTwxlyT4hSrx/9OTxBtW8
U0O3rsKPraLHlTkX8EtIf64KsX+NF+hio2vzH+YCKeSGnYHodcKXzJjrpM8MCgYxn9xtg8ppakUdNpmyO/XfQoxfX8t1Ub7nLrSp0P2Ik04uWSN28G+IYsMfwaoln4lV+s68yNQnI99dvWYQpP+wtA==
U0O3rsKPraLHlTkX8EtIf64KsX+NF+hio2vzH+YCKeSPUCnd4ehQI+L2QHJ/K+ulm30Hf1IiBgBo3688JQKu6bzYSORF+k5za2C3YzCE33i9BmnOxIzDzVA2p+xTbqS3
r0k1IX6lwbRfCgQ7SavX51rowYvn4b3wHky5ffiOIT2DetCLNNCy81molBEbGPxMbM3ydRVTupiUJJcprVxLcfxJza5sJ86jGCITLxFlbc8=
r0k1IX6lwbRfCgQ7SavX51rowYvn4b3wHky5ffiOIT1quFgPfJ/GJHgWfRJAucWbb9kaht9WXhzwp3bcXgLn6NZiqJrQ87oHDeY60q6U55k=
gitC0GqAVXxyrvAT3MCGCXet2v0HQK4IsDoc0EHHQQNASLDd2nrSDwq2oIxDBy72ArDcOqYbSnqgeKCGYQ3m3cExrXWcvkx0+DLmpL0unFWjg08/3/SnYTb6pp30PbUON6YEHQ109ZC/kx0vaBeE2J58lKj4qtoJNpNR6o/hAxI=
5H7Hk3Q8s0QtZVC+tSbgFVDNrqhLZDkTswgNxadGB6xRxbbiK6Zg7/ST4hEB/+1oYFCESXpx1K/4hH5p+2TntA==
gitC0GqAVXxyrvAT3MCGCXet2v0HQK4IsDoc0EHHQQPATRx1j11TMVHa8Ei6UEoMwHWjW1wmMq+U7f9BQaJ/UWdXsF/pgSvWA/vCOCuz/hSDSQ0hYA45RY3+3/tBfPib3LDM/RnGoOt+ccFgFyWzya5D4gv0eKwTB6GxOuU3k/s=
5H7Hk3Q8s0QtZVC+tSbgFVDNrqhLZDkTswgNxadGB6zeMWKHecoxQ9Kl/xIGBUzOLbL6/cnDkxij9pgls184gA==
B55icip7Ogm7Cn0GsFr+aK2Jg/TbnZfKYlI+8QGlvMZhDCsNrpFx/F3fnyzmi6dxcwDDF5SW+frXbfS3mUrcgg==
B55icip7Ogm7Cn0GsFr+aK2Jg/TbnZfKYlI+8QGlvMZhDCsNrpFx/F3fnyzmi6dxcwDDF5SW+frXbfS3mUrcgg==
azQ7PiJ6ZN+UoIwVUR9JQFugybCotHNPqE8FV6NBNfTs3aGjwbj+vq1pwOGBrCfKwXWFZlJTWv1pmvwWdzJSHNjFivAV+AXra4G8XwY1udewpcLyZBKTVL24BGcgghJEf8zkp501JP2KnSR5u3TaVxZ04ePrEpCbGx1h1zQtQHodFw2Fz5nhT0iuHuHaa4yk
VrZDhjP6+5p4Rcz6T089VgUQ88AYtG37P12RZ1iVGfvxz+sjQiESK22l1Kk+aU2B9IQukrj+2Yx0FZo24RWlQGNQbsu0ToPhX7/E5iJxG7ZVNVT8JzkkSVDoUpoK4rh8
gitC0GqAVXxyrvAT3MCGCXet2v0HQK4IsDoc0EHHQQMDKKqeHPNK0otIISpqEflYU1sMnwPmcB7EWY96YWjThQ==
B55icip7Ogm7Cn0GsFr+aOA90BIPWee6a/eBe4jPb6J6aumHTJ+8pM5DdYoV69PJoKj7U9m6DYMscMFzZ+LBhJLjDWSKB6wjrj5pJuTyLhw=
azQ7PiJ6ZN+UoIwVUR9JQDK8j0EndEa8/HgR09IKMFUqlHs+J8i3dymAcm7CLkA7qojy0pgRHw8zgwWF9+ETDEW3pF/ETDzE+JO833TLyfSutgE6iiwNwWWiU6VTOQq3Xi+/oHEVgAGU/rufDCXPd72XONbqQoAYiH/1p99qoBp1s2z3O2mWODW2YjwSOl0Pnz4o8yuVeAvGen/3y0gTNeglbWhLKdswYr4NRsH/bxYmWL9C+eSAQ3gzJ7gFMm4NEf94f40goJIOIFGF5Z73WCLHqfuQAwgcYEy9EFv1Tnx2RMBcRjagEQ663vC7Di7ysvFtV6K58Q4maUFMVP1cDWI7JcaxHa64R528Hlx9rx3OP7Zv1xIN3Y2rM/D394IaiS+u9YoI3JefyE85WdPmNs0t0bd+fw8BFeiichS3nYE=
U0O3rsKPraLHlTkX8EtIf64KsX+NF+hio2vzH+YCKeSEkrxSoEoQR3UAU+yxebL55iLzyfBuX3BA6BKhLvXaAMCZrrqPCEkKQw6T5UwxxOTMXKYyG1mXklbm2avab+rvrDstibrIJxDOatW64VWqbdfAesicMD4khs/fMUat8kR+cwbFwtBF/YD0E30dcPricyZVrO8KiDpCsVzV4s9nXlnASjSqGhME9deWFAHIDweOT4v8Nj4JVVhELCSY6kie2ZiKc1vIPQsrJvgiPt5yDLhwXEH0AuTorCJfeC/wG5ySDtTE8w3xcpa+ziuLgqlO0CxD7KJZzvvAzmhwKYVrptaVZLajdUlFpPEtPC1gPv1qELYSdr8UOBfm/GBGewI5
U0O3rsKPraLHlTkX8EtIf64KsX+NF+hio2vzH+YCKeSEkrxSoEoQR3UAU+yxebL5No4iYa11GJkF+bYIDA7xAGU6IQ0yqeSh56Wu4lhRSXfJG0mH050dh/6TIS5etKTRy6ZuhM67OCzBGFgzC2n1hA==
gitC0GqAVXxyrvAT3MCGCXet2v0HQK4IsDoc0EHHQQNM7Qt0Yqb8sPiKFG9Bi2k9tjgDrGAMdfU8MyTFvkhvS5s9cTPJzsv6bxlfxD0doKchL1hS3SOIygnDLwMmigPd/IrvVcotTgRiczJbCehRkTzfFIEZQiI1bvkYbsT8yDU=
5H7Hk3Q8s0QtZVC+tSbgFVDNrqhLZDkTswgNxadGB6xQ/WeYrQX1tXgkvis3EgYs6dNv1Z9DESEdjvSPFER4zQ==
gitC0GqAVXxyrvAT3MCGCXet2v0HQK4IsDoc0EHHQQNCFEUmlnCdZfZMxCuS4/m8nsi9/vCKUiR11L9i6HMbz7JRybEG+GJXl6FeyNkkf69qwURST9vPmEwqyUDdECeEiW8lG8DDQ+Qx/3qEk3nc3kx9u5uWJfo3xTYbFvZJJIg=
5H7Hk3Q8s0QtZVC+tSbgFVDNrqhLZDkTswgNxadGB6yweIitAeXL6s0aPVUOG7fYlyvjJ9q97e/iW9LKHB912Q==
U0O3rsKPraLHlTkX8EtIf64KsX+NF+hio2vzH+YCKeRvF0GeKA5uCWad/rwV4BCXN6Rp6is9bCE9xFVit47M7BiJUxlmHs5rt3AMrnixYdlAJ80wOKNtBnNcdlKUJxdF
azQ7PiJ6ZN+UoIwVUR9JQFugybCotHNPqE8FV6NBNfSypKKT2uhFLQ8yVGXj7vqMjF+AjrYVF35mGCgES8DyaDtUSdqk5APKwJ334bSvw4Q8vy6O3C56oY1K4AJDEkSjq9GdwnWUTvTz1P+w82sQ8TwXNv1PE5G+OHaV2Zbce/G6QJdXnuEzMEqkSuNZ4GRl
VrZDhjP6+5p4Rcz6T089VgUQ88AYtG37P12RZ1iVGfvEc1qtPIxslbcFn6W1UA0/XLIONgLAQVMv5BD3Dv8/2ronyVPf4TCydZXymwspNPDBsusqUXZNkRL1xn0eUSys
gitC0GqAVXxyrvAT3MCGCXet2v0HQK4IsDoc0EHHQQO8O+QgOxNjyPbHynXYPR1EIwRbOKr6r2fI+GaY3MaaoJZXMWSaD/2zYGvpYQyaXU/DHC0jSyFpYBy3uLL7Z3jdr8b+TSfrjsCS/UGNUYpdKw==
B55icip7Ogm7Cn0GsFr+aDKmLybZU8DVQh3W+pUdaGvf6xhv9IXAS42db04XiqZKMShnGk+2NFBKQdJyKqSPpu7LTFw8M1HDcmG116whG/s=
kdntxh+r2qqkDOcEFHYj4Y0IX+Nv37NiVYjEYRQPSWxhb84wEuN38WpTLWj2uXImkjEtp4YKAttC57wGWLOQxRbi95xQYRn8rfWY1pbgRikAcrTH/XQRZWY7y4pKL8NeQku5jfuifDaR36Q23ZXnea2hw9KoMRUCFnYXDlVKsQeVQ757nB0Nn6kawBCKexBBzIyETwvl1woQguvZSCJRF28ODrLqKvwXdWJBoKgQsmyCEzFMVjHm9Qoa0QfZ1TF1r4Hl3b+6TSG9bP2H712+S32AvdNXsmUMGEv/9kHO4YvvETgOryNX2Ch1sIJPnaOj
5H7Hk3Q8s0QtZVC+tSbgFVDNrqhLZDkTswgNxadGB6wpZ90YpbQ+93JxujaBVp8seJSTp0FFc+mjPqgIqtNvLtkXGdip4xmdfuMgNYW6/8A=
5H7Hk3Q8s0QtZVC+tSbgFVDNrqhLZDkTswgNxadGB6zlOBppa34VkjASHJ8lVq2pTTt+zYZfNdthJv9TBDJfx9jeSM3xOYaaiy5MavYo+pg=
LVHHPjDP0um746x8IH1BjeQ8MD7HXcAXpWv+NXAcjOrQ1/2resvJKboCHXU5IEcMY0jgzcQBTLc1X+tJLBuzDw==
LVHHPjDP0um746x8IH1BjeQ8MD7HXcAXpWv+NXAcjOp7WrIXuyIWpZ1strKjYF9x4VUnuxzJ0z/EOD376+ko6A==
gitC0GqAVXxyrvAT3MCGCXet2v0HQK4IsDoc0EHHQQPDBO2TMadKeWR4MTwdXMWYZMjp6jAudHmHMBeaQ+Up0que/rqQKhUcMfuiXM4Pv2k5Mz2CAXGH8cAW4++0RLD4nB9aBOPwQ13Nlp4Y3pjbtg==
q2DaVV1re1WQitpu+uAmhT5hUHPNeiWUixT9P6Cki+w6aC1Fa4VVvNn6lLUJ37jK+RPy+70a17CStHFbURbl6Q==
gitC0GqAVXxyrvAT3MCGCdjm7DBb9E1UVQSLTKLz0GjA+C9q6zd/LN77EAlgY/rWlrKVtq0526r5uEf1CWn+8qMzGzwMX9yBvxEAZDbCuAUEXLNEg0We7nrLsIOm15ks
gitC0GqAVXxyrvAT3MCGCdjm7DBb9E1UVQSLTKLz0GjA+C9q6zd/LN77EAlgY/rWlrKVtq0526r5uEf1CWn+8sC4T3TuGgbnsmOU6hZZs4Mzz5IGHRzAbo+mBTtIPLC3uIydWR7rJiu6X+NGZVJ0HA==
U0O3rsKPraLHlTkX8EtIf7ATBvsG0WVdRjJT+XBj6BxM5etkxKNccuCND8XxeK8PFEj56mxLhAjE+e3vGZ1/FWvhYoDsgwcXT10yGS6rX9hklLOYKLDF6w4e6Vv1xGhRs5YD0173/AnrSk+2+eXT2oyhFs0XxAtJcLpGsoyoVnaQc6o5/gvkARyewzIIFH78CNfPqfbWYjaRSOrUo/dDA0w+BH0h4ujCjLmJtQC3hpBC5fpZU5Zn2h26Mg4JPQUgi/jgSdS47FxvRnExg8WeTXuK4CWQ+3kEBOEtRhr8C0qUA5hJr6Xn1bCwS0DLgH//lMQ0HW1dzEBXgKqGXCbfya5gZqfBbo5CCfX6Di3ygs4r4oAj7Ip59NeOo2s2z9aX
8RwrAzRtg3YNXuo0Xbekuq27Yv5P2H4+/r5cTMS9INQC83eqO+jpg9JtwCwixzwyjHc27hkoyxGXMz1jQlfcmEp6PczXKcNPomnybx9tOxs=
8RwrAzRtg3YNXuo0Xbekuq27Yv5P2H4+/r5cTMS9INTRypjF7eGlEJyc3LXf96T8xgv4XQDtt4qd2qME31GI9glkVJ5ORQfeBuTK03bH1Tw=
VrZDhjP6+5p4Rcz6T089Vng6/8Q5ldbvGlaYkAtvB4sbkdLxvocT2HOU1Ri97Gw7Ojq+IwqMtIy3JjClSmTilGMO5JhQ5G2WrPqVYJLKiQoxLzY/uoC9P0nS83mNZlgeoEbClsCh4sVW7DutiJzUkA==
azQ7PiJ6ZN+UoIwVUR9JQNF5BY24k5Ca81gHriWsXuooeuCUmr3RVz0to4O1+jEbP4R/XGuP/yki+Q43cqB57cJ7s1bg4hotIghZWDvI+VE3CtvdNLHsKgFqq4ImU3UI5z7IqpfF30cj7iNh1nDxrml3C+SelsFfG8DiIbI/VAj5aLtw89+pMQnEQ0LTC68At/tQyqHYyP1Ljbiy12ebvhaUZqbB8aqgnVM5nQH5S6DVqhhmsbSx6XTUOYd1KsFQfOEMNg4/pRCZNqu+TDuUkZyX9skbNu7gjgTY90XxCGemO32JSO656U2IFgFZF8+veo0KufBoz/szwOp5QxmA7kjcABaN/sQptlviz4+jJJywHUWA916Vo+20rF1HKWMtyLEn5zqOPOaFWy/1NGzP82U3s+uhxqrDTEIxVHE8Uss=
oM2X2EjKsR0Wc1s4Qs07q1DItUy3h71gGiWtP9DhNNC5AqTBixWS556sKF3CSuOkjRD9xqUomNqX0N+MaF5anC3VmfVttaQ6RJHL7qPF9GeC/4L7GJnpil+1VJFAe9G7
5H7Hk3Q8s0QtZVC+tSbgFVDNrqhLZDkTswgNxadGB6znPDKOSsOelMOq37mIrX1c+DIsJt7VA6XLbZIteGpRrYiY4w731kG+9phLKPgaZiI=
5H7Hk3Q8s0QtZVC+tSbgFVDNrqhLZDkTswgNxadGB6xG6Gh063SN8RFI+Fc5JIRg6/zFbHdIJ1e9y3yH7z3Omg==
oM2X2EjKsR0Wc1s4Qs07qwvK+4/cbxq+qretodsqIjT26pwiVNo2IVkn2E0e/DlStjS8EQG4LdN0qyyyFnZypofh/NJRNSkAg86re0uSsPzhZI1TD31q4vnpto5Bgia5Wjbb0V5jo5cfdP2jHIn9vRbzz2Q+9UR9ftHKDtWekS7Sxqg3b/O+FWSAl9L/2tdRdz+yk7cHIHytFA1q0bSD7YmCcVY3gdZioQEI4979YCc=
oM2X2EjKsR0Wc1s4Qs07q1DItUy3h71gGiWtP9DhNNBabJoX8cQElXA2oblar7Vr2SybJFdDoU5soD+5vo++f9dxymH1xkY6ILcMYk8+hxmVNY7w2sFghC/Mjp0Prfai64WchP+kGerE/ddQYRkTNkOAX0K+fyGxxbJwf1q26HgllBOj06OK8BCkWkN1Tnfg26Xs/QtEgMJ/czVqDgYBCihh07O3Z3KMTfgD+cPNn63UL3MDdCCGJ9JNLDfso+qCUWT5nECWQKLjs+0/kBx3oXaYryUiPOVknsz8fOelI8Ke8W0P82EzHQQa3ohUsimDp8oG4HSQzoFWVHnaBR6wVOD8L1zmwqKXVRfO3RdrWxE1kqcNm8S6Bta2S4OqV/ZF
nchxn0Mzyw3rgAfdAtLyHIB75ib6ehVRygOO/8j6L1bONrYmp7gNZaYayon5Epz800Ziebzl6PYzMqKd2NT0vkREymulpXwhtzbSkeDqPaZdIDy7tji6/QdLg4DsNdqJzdFgNhK0NPRuR08uJz8xAkh9EpdAR3tmkC2ixn6R4/phTJWcR2xr3+A2tE6ZIfiQ5pJUppT0mHxdU5fZRaHzAlTbpKz8AZjwzdQ7aN1lFvYFBZVy+UPfFRYvcir5fvj0I1IfTJnpkncUN30+pX5AMLXKNDV7ZMKPvQjSX0OUrXZk3+fOGgrR/hWOZIQJrhtwJTKQAOHeVEuzE7a2cvvqi5eOqcAvH0tA0mk3VTm6+MzqleLRgO69xdyCg5ZdTMnv
oM2X2EjKsR0Wc1s4Qs07q1DItUy3h71gGiWtP9DhNNA9eJO+1rD57A5Xt9/+F8/s38x7jTXNp72OjmpYVKskI58BopLBVu1EZhPtLaZ91G4hT5FWqsom2K8UmWhp6Fwr
5H7Hk3Q8s0QtZVC+tSbgFVDNrqhLZDkTswgNxadGB6wp+36tb/o/6rC9KoZG3Z5iNssjyiOc0AV3Ctd7ekdBRw==
gitC0GqAVXxyrvAT3MCGCdjm7DBb9E1UVQSLTKLz0GhbMJImogp8Tu7Cl26Ev/tDkxwTosvkG17l8Du2qk8oejZ1dtRaMcdN1NR4v88YhBEq0hUs3rULiPVSOPIQAEF6t9tEfY5cvI0oMvY2iAFUchitGiqNzXxoiqzO6FH5BVg=
5H7Hk3Q8s0QtZVC+tSbgFVDNrqhLZDkTswgNxadGB6xQSH3onh0lGnU/3Ydlryl9churJdQWmDRr3tHIPKTrKg==
q2DaVV1re1WQitpu+uAmhVJEXT/bt/oBdgZcT2w+8Ou8GdbY67Ed0JjS+oR1j7U9BLWWW/OHdRy/69+OrBF1ymGN4ezFgitCISXidqVFM7cDoD9gEi7hqYm79PQcAclMT2/8LOKCg5RSQ5UsO4U9OTNWHmR5yT+KJT7FBc3Xm5CTa8fTjltHcNOqrVuS1Fhn
U0O3rsKPraLHlTkX8EtIf7ATBvsG0WVdRjJT+XBj6BzbbF0wCi1WnNVVdxq3GCjM6XhsjnS1mvGzfafazkPozGY/okf/vzepXEJCHNHyJaVtb2Li7DUnshVda4heoX4dKQmEMNOBVhH6/uBPIL+kC0wdpltMDDk7K7F9mDEeW/0o1KaJ3f3Es/8YoomaQ24O3PbQhoh0B1FBdRZPiiSmmxIY/Rr6uz0woGPR1vZyQNn5jclK32jnCIu0SbiSgmAoENu7Y3ctassnRVTnoomT5OH5QX719Wj2Jrwa0ycA/BsDNXc/Hba1GE1Y/R8ZyrR2AvXOHv3dyyLDHg9jXTtK/gcZE0qTmIeDvrtN4x4YexAk/9XkoL4zo5PrF/rNsXOx
U0O3rsKPraLHlTkX8EtIf7ATBvsG0WVdRjJT+XBj6BwkeaRBPP2q1D4ToDi7ba79/Yl8qiJtUFH4NmQrmuchupw6xZ1KKbPoGc0t/wLiLw+6faSZOJsLzUvLK+HQejB0hHIUkt8ZBXTbg1RTcYIfIg==
LVHHPjDP0um746x8IH1BjeQ8MD7HXcAXpWv+NXAcjOoNW3m3e5mrRZm1m4n9RGsJ7BZQiMXbiatkh+L47hjlBtLhn938Yh7NJpE67IPu/tc+qvNxC5OhlEN6J64FIk2qDwrD0vz+ZOJS1adszQNKuw==
q2DaVV1re1WQitpu+uAmhVJEXT/bt/oBdgZcT2w+8OvfWsMQ7TpjsqPIrOvXM+Fheik5ajxfqLAL0VVpkBxDTvEOxMe9mW5n/YpfMEGcNoM=
q2DaVV1re1WQitpu+uAmhVJEXT/bt/oBdgZcT2w+8OsqEUwMmiKpT7kU8hshiNNA4Ki53j9R3jnVxMlVwJ3CqFmWyed5diVcJNujyDGZjqk=
8RwrAzRtg3YNXuo0Xbekuq27Yv5P2H4+/r5cTMS9INQAB2CnQ7OPvJne8h6jQiFzczpGJY+TmK7EfETRHro3wp6FfFSk25+JGp+C87GcMIE4u9FuyDCifS3mltvXxxYpvkCpWWQ7iBA6fwc5U6OkyypxX64omJuPte4TLhGI3hpwTkKJPZBSmslKSlVOKcok
8RwrAzRtg3YNXuo0Xbekuq27Yv5P2H4+/r5cTMS9INTzbYN6sb9id6QaAlMDtI/q+RQQ98J/XTzVQoLh/ZBMIZwTaVZ9Mbyj+xhmDohE04k=
ddH7lkxP/XhP0iJtVrrnM9+WyyCh/i42CXujduVzDbKDHerbGFYiDhhqpjg3m2dBo5CKeybqMVA86sSooRJcXc8fvlU5AMdxT2Q+VvAIMnT6/dWjvcYnOVB+UOwM5S5JCscIazdomSBW7onKpYsA4xAnbwrvn4FzVsITT4rkk4sS5IQxKhLN8eRjGzpmf32Oc6JOduvBelqOJspTmm18HF9Qvc3xqLnbQPsftIoTVnAKHopc8y0jSrDgTExGVDPVuRhj06jUtgoEs/6ihzyFOTpSCDlnJf/tJezp77KaJBIKuWhc0uDavarMPVbPFsrW
ddH7lkxP/XhP0iJtVrrnM9+WyyCh/i42CXujduVzDbKDHerbGFYiDhhqpjg3m2dBo5CKeybqMVA86sSooRJcXc8fvlU5AMdxT2Q+VvAIMnT6/dWjvcYnOVB+UOwM5S5JCscIazdomSBW7onKpYsA4xAnbwrvn4FzVsITT4rkk4toocDgiRqKPRfMBjQ4FRe7lsR0UEhW2IYm/OD7HVnyWtPkUO9QELjQoVgsFKLDwYI/q5Sz7iTuKaCHSwD4JtCxrBafz/821w2cDPN+UMZM7Oij2Gm1BfuUaXB66u40lI+Oa02KjNmeoFWDJ7Sp/gAby3xIoet6cxbp/DUQ/HQ3vkMaZ+MR+JAzomRcMvLg2LM=
gitC0GqAVXxyrvAT3MCGCdjm7DBb9E1UVQSLTKLz0GiprsDaYor60Swg9jmxTENT75jrTrpx81w25uQquvww9DzNo42oO58tw9hjVHkinqM=
U0O3rsKPraLHlTkX8EtIf7ATBvsG0WVdRjJT+XBj6By27RZfbKIQ6t9oMO8WFmB/jzCVysQJUvk0P1xy8lsDumi+WAhUuI6QoLCrXvsfC6KfjVIV1hOH/ysQ+UFQpdtp
azQ7PiJ6ZN+UoIwVUR9JQCt/ar0/4+PcTyAtYqKaLNg0d8P7RTLJClAm+Ih7CjJerNGS1kX+6db9GtPGJ874x+7qTktS7dd99khJC8fk3z9f4aLPqhzywGPkdIEDReEGGnGWgBAoupHNel988ozYY/bcJyErs9DZWTs9XPZxuSiy+yubzq7nwKOkV7mT8Gke
VrZDhjP6+5p4Rcz6T089Vng6/8Q5ldbvGlaYkAtvB4vlES/p4Vfcz1jzKS1v+YN7ZTCnMf/GjjhcYDW/a0hbftc6QCRNmwyBx84I8FdV6WezFFWO2U3rhYXB2COBC/1o
gitC0GqAVXxyrvAT3MCGCdjm7DBb9E1UVQSLTKLz0GgW95DwiNnagDBaFs1tf8DJ2OIs4uKQCyPOwwDaDENVdbLtxskXljl63q+MR3xiVG39u9Qa35c0VqHSpM4VBE+o3qQY3Z58S5onqvZLu1spAsmXr3/c4QSzmD9YWljn+9k=
5H7Hk3Q8s0QtZVC+tSbgFVDNrqhLZDkTswgNxadGB6znFM4NXwOAFHbpGasj3agd3ERD+kijVUB0Dbptw22Adw==
gitC0GqAVXxyrvAT3MCGCdjm7DBb9E1UVQSLTKLz0Giaic250DKUyA1/sA08K7pF19bPpABaCVf+VLCyzQ61V7J0Az5vZs10fQa+nGNg6BBV9UqKcL3+icEILCBpTTSHQVmh/difhaf4T47YC8GCZA1hRb9YBg0N2vbew3rftaY=
5H7Hk3Q8s0QtZVC+tSbgFVDNrqhLZDkTswgNxadGB6wxVk6+6HMzTX8Z5A5MdJ/0zei7mXDnaEmwmisnQ22Uyg==
gitC0GqAVXxyrvAT3MCGCdjm7DBb9E1UVQSLTKLz0GhThRUIE66zZPi6uguaZV55RkEREb8q7tcG3Zl/7JPtBg6P+1uDXNR4vPXNiG423uZIYjlpD08lt1k7nWwrSToysAf5FynbDETbeTzeTz40plNMTMDLrt+jRNp1Hn1OTx4=
5H7Hk3Q8s0QtZVC+tSbgFVDNrqhLZDkTswgNxadGB6ws2rtYeFdJ2FRuolPwjhRCQeA632npqp3LKINbq1Ahjw==
gitC0GqAVXxyrvAT3MCGCdjm7DBb9E1UVQSLTKLz0GjNBHMIRJG0YMLwiA67iFIShCB5zNC4lizPMuHCIELXyezXaYCh1bLWUqftpCoERA1WrQAv2n7v/cR4Phh3SpIagQDpH4sCbvcD5sxcsw67Uc1BI5tg0SIgSTS9+UQCmtY=
5H7Hk3Q8s0QtZVC+tSbgFVDNrqhLZDkTswgNxadGB6w9qGA6hXgvisruO9JvOkmSodOfB1YtUezxQQPdvJlneA==
gitC0GqAVXxyrvAT3MCGCdjm7DBb9E1UVQSLTKLz0GgFc2k5mX8n2m7s9WUaKx284JKiRQbLxW35c+03xcsz3i09URLL+tdUXtErPB22PgtiNK1UGP9HskgB3HH0flnLDV27eqGvrHNOWOeSnmxlgg==
B55icip7Ogm7Cn0GsFr+aOCCd02nXV189W6/qLQHmgXZqtBgHsi5JXmgH3d13uwgtb/6VKG6DkJgM0XEcr7wTvkN9A89+fd2UengLagKBIw=
kdntxh+r2qqkDOcEFHYj4Y0IX+Nv37NiVYjEYRQPSWyYzw9Stdz/j3NpGFuup6//0ZdwiKGhC/RMaNrriZH3WTEbk7SDO9Cqjdw231QK0b46sWyv6XaHor0amk6Y6FGFcfVXVAXNR3TYNy6nYoK8cZ9K4XVOMuVurh8F+Hc7oqNGNXYADYxHwjJ+YfU2KG6PeA2JBUg4iWEMniz0O780R/4XDMXKl80UlJB1l625rXqN3HfDGAcguld2vv1t4dxN8zK4AuwroOrwGoOsN+eToMolmqcw+n6Sr5E2KuY7OiOnF1qaqqyoxhUj9i2UaFtu
5H7Hk3Q8s0QtZVC+tSbgFVDNrqhLZDkTswgNxadGB6x5lKOgTsmDUHoZmP+rzZy8G+9X2cV/oXZEE9aGXZYO1+rCerZQ9B/Y8dvgXB8Vtxw=
5H7Hk3Q8s0QtZVC+tSbgFVDNrqhLZDkTswgNxadGB6zilPzo4eHTSJNxoAYkw4cdQBntFhPsNDWtnNSL4217TBWkqn3QuJLFg6dp44QqQGc=
VOik9vcMKWXO3Nd0U1eXKABbMM4ttJTsDKfrWKNczcdqkhASK5DbftR2lSEJgGLp70DdUv/mqVF8dSayctCDiYDQSnf/NqiLYZkgcDm2FA8=
kCNsyhFNIk00L4J1qr86kIHWNErHfR54eO4QwP74fks/viU8aOqC5KnaWQoVjFIFGEcowByc+sv4C1/R+B3mQTnaa4bNoxoGEqDxblzQkOqIpZlxSVr7zpMxM324MPmO
21YawLQpFO0PxAQGpAa0ljRi+6OSKhinCmaubzgFTEfDXYdM0yjHfxBZgrb+fjHUSjorCHgeR1AnKPgbVoVFiyIWGUs5wKFar5buEi8oB2jzIlIQvzupzVDWY8Rq/L1Q414nugqaLEpl/3uetKqTdVXyO7xAzUf7mA1miP9oT4Y=
21YawLQpFO0PxAQGpAa0ljRi+6OSKhinCmaubzgFTEfDXYdM0yjHfxBZgrb+fjHU01UfEgKOY0Qw2a7q7Pqrxhqh/0pSDKRwDNSTivAiULGcJphcoNSjhmSakf5JW9Gl
21YawLQpFO0PxAQGpAa0ljRi+6OSKhinCmaubzgFTEfDXYdM0yjHfxBZgrb+fjHUv9zu6XDPg7NZNNFS4wgxmn81SgwGRShD7BpvgBEQ96ily2pBU6vYMtEcq9aHsII0stQXamKxNKEwIQtVgwJujg==
21YawLQpFO0PxAQGpAa0ljRi+6OSKhinCmaubzgFTEfDXYdM0yjHfxBZgrb+fjHUkj3jJGOfdR2KeTMpCmvvBGHpsaa8cTkmRvgSakFEaJcz/lLboY+9fQZTa6D+Duf8nSI8NzA7BeYg8IKBhJbL4g==
kCNsyhFNIk00L4J1qr86kIujkhd+Z3Al0iAGmXrcVdMOSXa6JcYeS9zP5nszrHHC75PVCtam4ve0iRoacsRl/v2BkAfcR7XxeWP2qraDaMs=
kCNsyhFNIk00L4J1qr86kIujkhd+Z3Al0iAGmXrcVdNrCEnmyEzliAxFX4tMomJEkKEvFBbendtPVBQoUNmuW78XYpvVngX1tqR9PFnPRHU=
kCNsyhFNIk00L4J1qr86kCn4ZU8q0x3lNBO/9Rpr9f2vtigf0VsjOayGvXtNZ01WlRgj2/bRwNYaYA6RLVE78t0zGF9XUWN36QON1gkrKNc=
21YawLQpFO0PxAQGpAa0ljRi+6OSKhinCmaubzgFTEeqrMUbA4YY5VBAeNP1dWCYZg5uzvlgrLyXN6uZwyFudsEOo508cHZw5xxwHP8b3adyfUcUXqMjQ013jxMDVI+a
21YawLQpFO0PxAQGpAa0ljRi+6OSKhinCmaubzgFTEeqrMUbA4YY5VBAeNP1dWCYb0PVhqtYX/RiTtkIilfSxagXmY8iy7HoPUmKwt80nqU62+B9UcntWXsm5zW1QLkYwFNXpkms+FfraiiwqMKN8w==
21YawLQpFO0PxAQGpAa0ljRi+6OSKhinCmaubzgFTEeqrMUbA4YY5VBAeNP1dWCYWtXNUNurOPT4+T/o/HmJ16UhbsDCo8h4536bZBqC4juytzikXw1g29S8RSGCarAxhVB9FChPIEk+UNc0uM0XPA==
kCNsyhFNIk00L4J1qr86kA64+neuFGWvZKH3B3iiArfaysTR1nMsvIC1g9M4BVcc2IV/yjGuV3+Dnd/COny/ranuK+AIv5L+UCdRZnu+tpM=
kCNsyhFNIk00L4J1qr86kIujkhd+Z3Al0iAGmXrcVdMC/8XRWj92+RA9B7oVV2dv5NPy/RKu4+vkukh3nXGNUjjZvwFGQ/k7fLZhjJMbaWk=
21YawLQpFO0PxAQGpAa0ljRi+6OSKhinCmaubzgFTEe5I9AbSfVKpzQf0kSPtJYg94+LhPiO26Wi7G5m9G5SkgkXEV8aDWPTFu+DrB9TnaY=
21YawLQpFO0PxAQGpAa0ljRi+6OSKhinCmaubzgFTEe5I9AbSfVKpzQf0kSPtJYgAUBACylb9w+P01xFTbxiz0VPa7TFpCUmhwVc5YbHy8k=
21YawLQpFO0PxAQGpAa0ljRi+6OSKhinCmaubzgFTEe5I9AbSfVKpzQf0kSPtJYgFkPx9r14RUlPnuKZlW/dHJn1OS1wP/suPF1i7S9XYn0a5fmYK5S4qOnArmzd0m7RZv7OnMv7M6toLqqW5Vq0JUL69bwYEhFFydsFPD/aXxuHLUcH4QcUWERkMj42S7WO
21YawLQpFO0PxAQGpAa0ljRi+6OSKhinCmaubzgFTEeQTVS6mdzKAGaOZ4T4mnuPqpBdt0nRHKApQobaA4VwROs2IlTBtOSLUKuIfLYMcXKCzm/kyF16yg+38GuIobeyxRJ6+IVTmeSSX7od4ovtsQ==
kCNsyhFNIk00L4J1qr86kIujkhd+Z3Al0iAGmXrcVdMwVDJ/x9hT6RGo5TnE1gI/rKP6WsPQ5GasTv3gmvfR3BMldDhJvwVYbL30cUjzI8U=
kCNsyhFNIk00L4J1qr86kIujkhd+Z3Al0iAGmXrcVdPMJYsZqvaFHRlZKiTgfIdKbN150TTtOaB9vhYnUoFLFxmTnbP/UE/64zqBdLJm4w7N/Ir2p6NRJnETB49PgsL+
kCNsyhFNIk00L4J1qr86kIujkhd+Z3Al0iAGmXrcVdO3sk5tVTDr1+4M/9emMNF3FMzafx57YPla7BVe61QMJ6f0AFAuJKUsN4ZWkbr1L1+tZjpRLDyzPFAky6xAATAlRj6oQjfU3Me0JxEdissIfg==
kCNsyhFNIk00L4J1qr86kIujkhd+Z3Al0iAGmXrcVdO3sk5tVTDr1+4M/9emMNF3kiuG7HvhV9OECFlJoQ5D7k+vhMCOx+6bbOrlWMp8mCn8zyOZVolqOe1iYLiJqR5o0jRWxwL4FtTmUaYYG7iQzA==
kCNsyhFNIk00L4J1qr86kMO4Y3+Wj45vyD6iEMuXnhbXl5BzWNYYf16UFwFCTeVqV6NeCiheFX1AzCaLrMQpLOpx9q/eOWQj8RMJgQy7Z4mRNSsQAHTu8Dq6gy1cx7vt
kCNsyhFNIk00L4J1qr86kIujkhd+Z3Al0iAGmXrcVdP6Iuc3IjbKpc3jNIpvFv62ZdV993AHJhuOn1jesT6ayvsRq2f5ui/vc0VzufPoAgigp31aUVgUZNe2FfBokZu3
kCNsyhFNIk00L4J1qr86kIujkhd+Z3Al0iAGmXrcVdP6Iuc3IjbKpc3jNIpvFv627gx2O7wwAdYFVZSzazLDw6D2dJBmAVcn3CQGOayY1taprTjJnLUcBn6Po4tFMIUFR/8hsQUuCRLB9ljQcoXA0g==
kCNsyhFNIk00L4J1qr86kIujkhd+Z3Al0iAGmXrcVdND60U9GRyG2kp6cORnTp5AyVortJSsbiDhLJQvH3/ih/QW01lrgbHCvTxmi9iMfr9luCOK7mjDpU37N4q4uYkcbxk6fMKxVKo4BHprHjdF9g==
kCNsyhFNIk00L4J1qr86kIujkhd+Z3Al0iAGmXrcVdPHwehGgOFCQm7KgYayacbN2hhUSzila+mlCVP8DQYlyyUMoiR+zgHqw7nFmo8n/AWdenqRisiQTB+Qs3daPNwo
kCNsyhFNIk00L4J1qr86kIujkhd+Z3Al0iAGmXrcVdPHwehGgOFCQm7KgYayacbNrfo4F4HjEezsI7Fp7IN/aFsYV/O0WCw2axPy1Yw3UcHHyaVTSirJlhYZ4n1vFtuAAMKRFtuY7ixaBsgN8BoNIA==
kCNsyhFNIk00L4J1qr86kIujkhd+Z3Al0iAGmXrcVdPHwehGgOFCQm7KgYayacbNq7xWFZbTxFhRPRQxi3+kizfMhrjG4wpet+0z11Qebn7IzzTAdtmZxXDQhPSTmivIpJWoD+RDKocvaF4z6olaKw==
kCNsyhFNIk00L4J1qr86kHmq4tQwyDitlvLPaykW5byYbhhoJlt1+HMZ50pqVb1rVYNw+cpJyHrcUsmblmWWZ4uRzdI2HpB6HjtmmfhTx4KZS8jWeezxOAALDhSozMV6
kCNsyhFNIk00L4J1qr86kIujkhd+Z3Al0iAGmXrcVdPP7cFhxgY7xpbVLsQP2d982bNxZ3joF5f/zRFiqWttbj2RB7iq662nYRuku5bRsTVoljhvyAMVJ0bG9LdgstqroL7CoLjy8mJI4OP5lGTYXsQE9LfddsJz3MolTcUDSNE=
21YawLQpFO0PxAQGpAa0ljRi+6OSKhinCmaubzgFTEe25sItILOzU9vP/QOnzo5QrpzccMsnZXO2Jq59r9G5dWqT0cMyYmXt1Uwg/MAA7KGJeb0UjMV9JLLk7GTiB8OG
kCNsyhFNIk00L4J1qr86kHKCs9HpFkXfBhasK0xXYYATVfFTbXOWUKwrG//82YE4b1vQvHRn9XNbynWhb1OK5/KnwxzC2kB6KasaGk51cYoxs2s+Hr1zLYWNUV9KoWTFQ4J13Gpf4/1PLBc4Cx4QUfgTcazfMp0OqJ3lkTupFHfgnQipqNDK4L7Ux0aUdNA7Bvpke86n5DPcEnSke6LZ4e3TfLBVyhxvKtawBY+eI7usHWAw6lOjksNaVK2N0uwyIeFuRLmOEXF8IgR5tDOpJae7Jcd264OA0oaqEortik8gmJBSaD8ybpjfc8dAZofmSNCL+QdWWB67eTgZ13kULQ==
kCNsyhFNIk00L4J1qr86kDvIXAQc4bpMfIUNAgGQL+4vgBEsxxn1icGcv7a8Wm4qeEJ0PHPM8lVcP/pJPoW1WmdXtDHqYKpEbporFe5INvmaCmzouPbXwPw8HRYtYxnoBE6j9WCXFIAjV3RtWMaOyw/4Uh6cnl1QYs7ZKMM91B6V5U5q2W9j6Si0uLAYph9WoYO5UJ90NDM+RPV7kpfV8a8i1gzHo6PsghsektsZEBXXVX2Y9yq/616+mRNDBliJdmbIMO+wJ/8dBaurJYZmhGdUd5uYDRe/L3ngnm1Py87saIyj6A/zS2P9MbejcRqX/MvmDe++482Al1hXbD1KXQ==
kCNsyhFNIk00L4J1qr86kPIOgfQPV6F2fQMUYNknqaxXZQDM2fnk9n+Z6Q1bY0aXL6zyNjx8I5rHWNSEahNVsrY1UBA8fSK6BgANxWwWkkCez2cZE/uYjbQMvf0iRkJv
kCNsyhFNIk00L4J1qr86kN8bu7iCk3rvlLYzGKcLM3eRezBMgIevw8Yy2CPltb5E2XQojBVu6nvTrjTWSZXcxJH+YV50pvYkJNAPEm6Ww79WUD5douYivQAPQg4Zc/I5BPTLfFww9QFuxBi8t1HZfY7Hwqqz2Fl/8asvCEgh/QPAxyrTD11Yom7loX121b5ehnWTIZ8ZJhUYn+dzx4B51EXgBOJRNyK9l5XpZOOaDUbcKtC9Zh8dq3Lqx5Xzjc4OoAOaEwig3pxmFpFTOGYvALnsingj3f+SeAzmam0qLT3Mbmu6889P2Ekje79KM8Xq77Le7M5M6DWfLB6Q5V4TkQ==
kCNsyhFNIk00L4J1qr86kMsWJay4dnqtckPbbcOzhP0FbEZ+zUXFrhnD6CwKY3Xk4qw/zowWgd5k3OsCoR7nHGTz810ZR31+5osESNLAAkhnh2jbQ1P/r89XOanTJSHV
kCNsyhFNIk00L4J1qr86kGXjr2uTJAipIC8xGuLmirXZ1RxNcZH/wz+j2mS7r+i50dIuqn8PY4xbKeqfJFXSUG2aMy2KfzSIJO6WTV5k7RsGT03na0E5eXgOj1kX9KVWhLPnnDroW6s/DFkUktJ8zISsRGYB9U+C86jsUxQlBbdhI0v0LZzkE7lFITj79HeNHyz2YTT5yDB9ZNAOxubwlZYyYx+2QHEetBnw4Kt7piOKM8Vl7EOt44x9iWepSbOAJOJ5qn94SI/z8zPC44BMeZNm5QgKl8WVqReRr9n/kMPR2JxanITOONNhles5gG+r7I7IUosh3NzYF18KA1lnDQ==
kCNsyhFNIk00L4J1qr86kBjl/wzE/3MKLz3L7yLphIe0j0MibSDoLunKG1hubjm35QORW43+ksFVfdD/F1dHTnAA8P5VCpxo6DeT/1cBaZ5Dw73hPT/YLr8wmS2bx+Ugfe2ZStm2bgsAkqCpzPL36w==
kCNsyhFNIk00L4J1qr86kE7d9lMWn2Wpi9xGk/D3ssN3CZP0zwceRJbxur4ayk2juGMlcrNqEycYPpXGOj3nyA==
kCNsyhFNIk00L4J1qr86kLPTshc1J9AOKaXwsg0x3XsJ5ymplQeRTVoN1pU9VHfyVq6FXXUGGgOMbZ6a3CzrrgfB76Rk90rBakzmgSx0pPdzcW6+xcbmCSjtD8UMRE7CiA/akHYjOKLLpiUeptPqrhoMCbSm/CZ8vhwzTmLhslc=
kCNsyhFNIk00L4J1qr86kBWs0XufIqZI0U2t0sP1BpnNkJhhdNifujUyFisNa1WK4zPU6KxW5BzZagclRzGQilS1ZhZkThLMjsNRXTOlaKTIa1mVEKtSeF0DohGtd6JdQeyD/BFmfTvWxdBuT6vuNeh/QBL3Fjfjxg1vwl7LOnU=
kCNsyhFNIk00L4J1qr86kAS+OBJ/STTcxxwbtAlqNPc4qiMP6KOh2PeDEijZ3oTg/1ymFo9Aqs1+NWV+HUkKd2EgwVNO9MvowAD4Lfhy17FxngfyVggOfzRObW2jP51v0tTpbSXAy4Vn2IgDEcmddiP0HCZz93nAOapc1SYm2TQ=
21YawLQpFO0PxAQGpAa0ljRi+6OSKhinCmaubzgFTEe9ax8PBlk5dGfrPQbhbRY424Bu2UY8XWPwo6KV2veXXmAqbPn8wHgFC7BgrIAnDP/aEt3EH+R4m1b5LX7E8n1n
kCNsyhFNIk00L4J1qr86kHaexL2Hzc/Aw7LuPJXRJwi88j3Afg3SHB77BsQojY+drPlRM3+c1Fz4yn85cz2uFxSbXQrBdRZPUVwdOkdTppvIYp2F7KaurWrTfWyRJ/itiINJHPeMJ5nVAo6aYllo1llrKj+xInOqfWS3UgHCKJY=
kCNsyhFNIk00L4J1qr86kMZFSwf4FC1aQZfbXsT7N3oMHvp7slSNIQJC4Vgepj4+RFNeUC4/ijZrNSA7wv/sXEGwjlVXosPP5dH7JFGUfLRJEG8x1IMuhn6di2RJ+4YgokG59uXYIYiI/K2BhSqqLb1YOaoj4aadQNFGekmRWpI=
kCNsyhFNIk00L4J1qr86kIujkhd+Z3Al0iAGmXrcVdOzkBPeNl6+vtflp891jOxIFtorATth83cczEd1bZvO9Isy6Ury0EMKnUlBBzDKgG4=
kCNsyhFNIk00L4J1qr86kIujkhd+Z3Al0iAGmXrcVdMT2QD9F9uLCT2IxnuA/jviUWAmJQ4FMEI9pRhOav5K+pp+2Hcq1ndwbkG0HIFsai4=
kCNsyhFNIk00L4J1qr86kEz0CbHJS7d8hcwe2p2PypOfU8MDJOrmLerfRdeLwRrdUrY2O8TNxdNryegwpIPbbX05lP+5RK02eNfBT9uQMehGeUfyFYNlbMo7m+0gCniDs5wymB+9exSo7IavxbnMu6sMoVutvIEjxfVbipCJX1M=
kCNsyhFNIk00L4J1qr86kIujkhd+Z3Al0iAGmXrcVdPI5sdYaky4rqY7QpTyx7Bi5LdWJD1BcdrdKMA4X3BIV0E4jUocBJDc9MaAj3g171/8kKp/IKzgGQkAJsdUDd47
kCNsyhFNIk00L4J1qr86kIujkhd+Z3Al0iAGmXrcVdN5bLf7bYwN7UA1sZ2WqVa0DszFA7WLElp/NINnbzFIpSmCj+mayHyuVLv9HilKZX6tzC/NCgGWTwqNWGwNFYO/
kCNsyhFNIk00L4J1qr86kIujkhd+Z3Al0iAGmXrcVdN5bLf7bYwN7UA1sZ2WqVa0L5oMbqxlFwYAK1AtHIjiYahatqHmqBoqW3KFg5msMjwg7Z87Mj0Q1UNXxTviiWzi
kCNsyhFNIk00L4J1qr86kIujkhd+Z3Al0iAGmXrcVdN5bLf7bYwN7UA1sZ2WqVa0ktnYbKm3H4OYRVDRWpxNwzlpLFwzKVI1f+gtusLIwY4=
kCNsyhFNIk00L4J1qr86kIujkhd+Z3Al0iAGmXrcVdPpbwGbO9ax70cVIenKKgbBk4bkhI6TZFf0iheEs83NrRAOj4ity0If1uiBX7p+JDbT3G3gsZkTQiwFaY92+1R6
kCNsyhFNIk00L4J1qr86kIujkhd+Z3Al0iAGmXrcVdPpbwGbO9ax70cVIenKKgbBjpqNAbJDuLaV1P0vgHXSZhOb0WJFtl8HP1AEAgBUlE2SeHxqimGXp7AkNVI6xVou
kCNsyhFNIk00L4J1qr86kIujkhd+Z3Al0iAGmXrcVdPpbwGbO9ax70cVIenKKgbB/d3VPwkYP0+zkN7QZc8A28QkGiaUAnAGAO/WPi+rUmY=
kCNsyhFNIk00L4J1qr86kIujkhd+Z3Al0iAGmXrcVdPpbwGbO9ax70cVIenKKgbBk4bkhI6TZFf0iheEs83NrRAOj4ity0If1uiBX7p+JDYj3OYjrDaHdMVv1fiU3IhT
kCNsyhFNIk00L4J1qr86kIujkhd+Z3Al0iAGmXrcVdM4a9ElqZwhnWhrjRnNndWXhUCtBsfV4i3ceVFrg43dTygGS0nc2jYxCRlBHiuO5h8=
LVHHPjDP0um746x8IH1BjeQ8MD7HXcAXpWv+NXAcjOpNUYh9fY2BnMVIXyh9bzBWgnxMWQeOe6nTZahgAE+BEw==
LVHHPjDP0um746x8IH1BjeQ8MD7HXcAXpWv+NXAcjOoc3bHI3DiZToXdE+3McKttKdSCCj+eveFXNypun7j3KA==
gitC0GqAVXxyrvAT3MCGCbbKG4kn6olh1XSJx5O7U81vDG9AFlKY5jwecMxnXYI+5YuTIDtd01/9VamIc6OXHbO6KRfGzcgN0EBbiRzhiRorERBncO4PLACZeOnZKdBdrfgDk8GBrvVp0qYyV8grZw==
q2DaVV1re1WQitpu+uAmhT5hUHPNeiWUixT9P6Cki+y2q9jv21CDrSNZpOEZO9vm2TFzGz2bNlLIYs5cC46I1A==
gitC0GqAVXxyrvAT3MCGCbo4Hf1GmyXmRnREUP22EBb5sUKMBqQZlw4AilmMFvF1sXFon7l2V1CWNLCJou+DmeOIg5ehEfqOof2hwJkSpyRI5W7J2UQhj5GlIf/pKPUz
gitC0GqAVXxyrvAT3MCGCbo4Hf1GmyXmRnREUP22EBZHsMNH74F8qrRm/xXekaqSJPAQ5EfRef7F7vkW9NYP+7dkbrgme5YjfFtKkFE6g5OJmLT942ZFLMmPKSH9UDkg2fi4UBxGH8sPVJ+ckgYpdA==
U0O3rsKPraLHlTkX8EtIf3muk2X7fVHqlwX1ovxb6kI9PfZ590vD3ea3dzxwuUM0alcmVo27WqN/mfCgqvM1rfije3RNiq08Go9/BCZu2qQgphwi8zz468hAtoo5vjz2a7vjxKCHqoBWfntqS62WOPqYAySg3DlbjHOkfK2w/cjD91B7JX+0MlHKpNxSyDRIm9VwRZ4UI+R9HM+L0MHZYh5aLqqO//rIhzyRJ8V/wUHvRakYTHmDZ7yPCAMHNpKtp0+BGP2Pq60aPpX3ISnC/1GWPEzY2z0me9/x0BWBXu4mk9BlvstzCLJSHwwGm0Sh1eKYYOhQ/6I9IgAxvNWxAqJJXthAiUmEC/gGQ2/CRDAXlkMPr+ct5n9axx2j5AIN
8RwrAzRtg3YNXuo0XbekurnyYU/NLTjBpjmRug4QgCzWQ2jVOfLcFyOpnx++GAYNB/Z3URFM1v3/52KdstsoOInGHzqro6+8HjKEwIaxUbU=
8RwrAzRtg3YNXuo0XbekurnyYU/NLTjBpjmRug4QgCynjvcHG1Ry8m3xq0BnTs9Et3miuJKdZv6a0Ld+GPv8hL42S7/+Q54xmcPyf19Bkoc=
VrZDhjP6+5p4Rcz6T089VqvN0qbolQ/koyodFInDbMeqqXG0sBQfWK4NB7tyeG59vG63llWaxwTiWwFm8cShfUYOGWTJOqu5eqSGNJf5YyDZu/1k0aapRiUA14ZkyhIasWaEBcGjSWGrB2miYUw/ag==
azQ7PiJ6ZN+UoIwVUR9JQByNVdIbrgVG+HoDiDW/38ZKKLow796a81qnu1YOOKUb/fRKXQt8Kz5NE6sii5rNcd9auGBLxd71xZHFxcXaQFbpWcO1bo2zZs9d8k2ukYrL+xN1lon2SLeUpvNCVjy1mqlwviRsl5/2R50SIkYGaQeB6FL0CLz2T1yps/TLg3tXWjZKyFisQSbgDZ4RsBPnJpvg1kyWME3Fx1S0CYZhta5B/Rf00d90uuTutwPOLjuE/sY7MYmdPLCYbiNuvxedofrMCq6Ov/hJhkIPtP+uyDqkuwA9VAzhpvYfQOFjMBf/9cmqofGkemvzajsXCifIiTHk30vJH97k+78hcltsxp9A551ZExDriYz8lfuce0fu3jS4fIMSUmuZkVtwQmKz0tDDwP1CQ/mscz+v0cZoFiM=
oM2X2EjKsR0Wc1s4Qs07q7FhLnG75Ws6Nzx+8NwSlh+HfgZRQhuUjIt9j0cBCE4Rzt7x+LTruOyk1gAeOLjI4fOcSkR4NiJTOSIAC+XDcK6a1pzi74iwazkAXkY+0UFSH48Gp+PfF98KQ5iGgUzVFA==
oM2X2EjKsR0Wc1s4Qs07q0IgjE0J/Cc8+qXOD6DHVd/3b4gv6xYOAH01vITZWeCcc/cT0E/klATCGqT4N5bUUmoLhW85bGwKmC4HeVj2lVZBp9YUohN9Hy7i6AiCRv0zAmZhTezrWvtYWGWU66d/03/h5lWaSWH1JJ03UfDAO81hGUL+E0s8au++7Fd8dw6sGossXbmI5PpO41hcg36QCGnScF0t2oBD3aMtR2xhvk0=
oM2X2EjKsR0Wc1s4Qs07q7FhLnG75Ws6Nzx+8NwSlh81tu1bJZhIuR0/eErGl4Iy89OMsz1bv6H89A3qmuxjIqWbkMkce8z/3z7TlgBvhrVEe6f3YBdE4CmYP7KmB2yrLGS+anm35S18Azw3HYNw8IcYH+EYVOZZKyqD6JDfjq2fRb293GDzzSjaJYc5FTpIErmidyQUaPIoKyEMSXbo0Lxr6elnMltbA2uSbsDOkXJ4kW9kWb/zteaPpIPpvJyq8J7dtyf+AwPKrWx5pmOhdjPw1eRW1vcU90+PD99SphDGEnCPBQg3x/2qz8cHgznH7H5lvCoscCzR2ScC2rR3psR59MTHULyuAKLDjjS+VlPhOqCkLR9OG0DhBYUl8DCo
nchxn0Mzyw3rgAfdAtLyHIB75ib6ehVRygOO/8j6L1aGQUYNm6KjOJvjLGZY2f4Kic4PSx3SEnI3KRHk0qlYpJ/4Kp5fvu7PUPIVritRaTfD2N4fax8NT8TMDMXz/JR4PUGUFt1oqYdokhLbYxC1Sa/0OULPLqPUahWZsD5A9JcB80UnfhFL0mimr3WlzdaEM4O/Z+jLLa9HEYCJFENv5Kew+QkLvth8htCvYK+AgCx6H2b9fjJxkM1br/tR8bRtVQyMWzlmuNL2fNuG6l0OYIijNgeq+4eWfhcaTPchcChuDgbQ0+xVXA4QHyuXJc4lGK6odkKAYKS1vfCXsWUZqJ0Ez7jYq+OZOw5p+WFLK0RYAnQU+ctMNcZxFyFByVjQ
oM2X2EjKsR0Wc1s4Qs07q7FhLnG75Ws6Nzx+8NwSlh9hGmCMVOhzC4YAb86Vt4TKz+eMytgsNTxsZ4Xshv5cslRFNjV1zEe6f40VzWY6Jr+5pieJCCwKKAQ/03rBicet
5H7Hk3Q8s0QtZVC+tSbgFVDNrqhLZDkTswgNxadGB6zTdZtoPpoX3UpgrVrBYfS7Ni18XHxOuuUQ4NkPV+6g/7a6fxNerUZ059300nzIKRo=
5H7Hk3Q8s0QtZVC+tSbgFVDNrqhLZDkTswgNxadGB6zTdZtoPpoX3UpgrVrBYfS7D8kpOHed2+fRVWUPPmp6/w==
5H7Hk3Q8s0QtZVC+tSbgFVDNrqhLZDkTswgNxadGB6xxPc9oE9HX0fAMhQuJVcj7U1CmzIoWAsujQKFr6jQrcQ==
LVHHPjDP0um746x8IH1BjeQ8MD7HXcAXpWv+NXAcjOqS55uJPGVcvCtca2dGiaNBDekFQBpS4EyduKWE3lCtK5j2Hliw6UB62HlF0A4FfZbqwi4nHndjbcaKs6p98YoTJbQqSLLZBxsz0CucUKJEuQ==
q2DaVV1re1WQitpu+uAmhVJEXT/bt/oBdgZcT2w+8OsGjqJbGlrB3aw4CygOHVL0lAqBCVhHYsEN4CYR2Hn2ordSKbRaEdKLU2Vpx1AZ50s=
q2DaVV1re1WQitpu+uAmhVJEXT/bt/oBdgZcT2w+8OsFp2umeXB1sYRIQ/KEIwwZWbbTo6hR4IV+N15vpYG2WogZUBN0nfDtns20Wi01Lhg=
ddH7lkxP/XhP0iJtVrrnM9+WyyCh/i42CXujduVzDbIQL45TEh7HbhDqo3bRopyMe2I0OiKz0CD2LXl06NNeio2oeX+tCTAPC7AaKqJyMSqmyfiR4RTXDp06ZAckjAHXD4i+IkeAuTBoj00FHRSEkiA5WOSMLTkoFKZ9zMXLieFq7nB9q2VuXCfsjCuhqwLG+osNNbQF7da5CgXJlikUe2l5cW13iSRyKfRJ/8MLNXoHJrg5oAL+55NPRratHqvvnh0VrldWy1Uk7nk2SB6wpkv+8enDc/5XbdHlH6T+z7FlYoPcDbDx83eLhixYgrU2
ddH7lkxP/XhP0iJtVrrnM9+WyyCh/i42CXujduVzDbIQL45TEh7HbhDqo3bRopyMka3qFeNPa8JLNRu1mvNB3UQgEmj1G0Bp2Ld9FxiXinH9yLvdy9qsLDuljq5OQkk8MJRdpyENV5KglN4yVn7NXJqTUvC+i/3Kx9bFE0m9uCLQV6C825kPS7SlZ3hTEG56gDOta81TLQPG85x9PIKoZw0FtZXe5/gNV0IdNML+V/9cg+cPrsgSv6uea19qKv0ruEMCPYwr09kAJmwIBHrjEmdQBaXuFazpsYLsgf0kK+b67s6R2EUJEo5CkgUoBTIb6E6twwO2irDzMRf367ZAlYIa5njC2T4W86FrohYd4L4=
8RwrAzRtg3YNXuo0XbekurnyYU/NLTjBpjmRug4QgCwQWSpIi71TTXVNTGmevxDH8ZGMKsgx19Q4x/SeDg2IzxqgJhQwWlpuDb7bPBeIOASYxN6XItkB/9IbHdmBK+UkKzgRjsnZNvbYF1dlgyPix8sMpstwnN/Ej1PB4vc+Qk0gSXK1Gy5gLvDMfUySx8cj
8RwrAzRtg3YNXuo0XbekurnyYU/NLTjBpjmRug4QgCxZ/qMOnhztBOYTxc4tIG8UreH/t9IpxAeq1k5kZZCT8irL5UewLR5xXkiG4fKDh4s=
VrZDhjP6+5p4Rcz6T089VqvN0qbolQ/koyodFInDbMcfuG2cjS6bV2/SNGkty+VjcWGGqumDSpTizrex+igePQ6cZOedymW3VlH38k/RyM3jSHvBa2uq4v3sCInK2ING16sdf4wBf6yzmkBv/0YjiA==
azQ7PiJ6ZN+UoIwVUR9JQByNVdIbrgVG+HoDiDW/38axPFBLGndmVFWsJOBHzQK/5rEmc7U31Fqy5j3SLaBUzCpI0UiYxRz9QUSV+2v8cJErbhhBmyUPkumYVR87zI7ozoqWDH5KGMGfpUcX0EQA4pqFHMICaMFQzpPKmFiaoBjFWEOYW/rnXtmq4T6dfOWan5hkpMalPBk98mSEukx+gS/MbclLUv5oAMCH4nlZSj0BdoU3x6H7F85mqio2AcrAAejrvoFH5MShatbOd3tmLf70LMC0VMYC0ZRJozDoiZIDwcDvNDlzgKO/B+fYiCZheGA68zgoWqVqEqsfgBvudHudbREgbp+KM5AMqPX4qWUBOuVdZ/EDSzfkD9YHqeJ2omFY+176endAVWmLe/bZ/DsuKA5K9OQI2psR5DViPeE=
oM2X2EjKsR0Wc1s4Qs07q7FhLnG75Ws6Nzx+8NwSlh+Ly+RZwBhJOkGY4SKn//w8evbuf8RDzo3YgWOp4a7Ep2dRt5h87siV0jvzDP1sXVZAoBZSewxGWcMKcIc04n8frNXN4cdGuh4KifrZiXh7WQ==
gitC0GqAVXxyrvAT3MCGCbo4Hf1GmyXmRnREUP22EBae+RQNWl6a8VrcH4Biir1PUA/nPwSrU5udF5LtUchJarjqbp/FMfLjoPDeHiWPcrQ=
oM2X2EjKsR0Wc1s4Qs07q0IgjE0J/Cc8+qXOD6DHVd+4rs6qxP+dIsGHS8kp10uHHYmBXUZln1LWwGEZL+vWPyxg8emnzndz//8orbxCmMC4lllsiSuIjGrN649EEoryNahV8hFM6qc9PP9jqRPexAvb1dMSJxG87a3SG+sk6iy6Q6jcaeaRryje10wIO0oIQvr4zowdR2FV4ITxysdrcKHOrPGbAdmAqIFY9XEVhJo=
oM2X2EjKsR0Wc1s4Qs07q7FhLnG75Ws6Nzx+8NwSlh9t47RxLA/gj6zhJ0p7mbvOb3ORsJ6TxwFitURcoWaWssexDB8EaWZnJ93hj2auXnaPubQ8FHPVjsm/8Od7OdOV4H8IFwZ5wOkTGC3FUonnFxDw0Hcrd85ErcA8iNOQ3ofAjENYx4VkbRJjLL+Z8WiZW0cpOzUBm3S7PJ2WZOaxRVQP7Xiw/DnnAqBNCBLoPfE3ADViYUj4mfUav7/b0zsqwgBFd5Pltfq7IGl5v9EQyiR1vNajhNA3YR/14AeHvEXQln0qhyN5frxeQjbIsIV9rL7+sc7EdkrPyu023f1I2vWqB3HLiZbD7I8m1TLUNVdg/fGy7eLZarXCmDUuKN04
nchxn0Mzyw3rgAfdAtLyHIB75ib6ehVRygOO/8j6L1YxALUcN7i26KS3npV2J+DzbvtfWu0K0dOqyNel0xW+jXSTlw+0S17hbH8w0dErv2kDLAQLnQMgp8NtZw8pWPndxDyL8VHKk+cFysAJGbVPZAA6eR6lk4XAfmBngKByw+CeyVxKxsDKrEC91q3LZRR4klJdNGp8Iuq1zesPNAl4GohX1XdKiUC+25o1zYMM5BudB9BT3AppPNTnr97s3SDLd1IUK83CnO5TawqE5XC+ysmeojB3T4vVvmb4LcYVhoeshSMy23C5uwwBB7HxbJHfvnTxFNju6h0Jw6b0CyftQZWwrtyHSR6k5tChf6hm7s55wfQQdfhKOKhXKQ2WZpNd
oM2X2EjKsR0Wc1s4Qs07q7FhLnG75Ws6Nzx+8NwSlh9AIkq1bIn3TCEJCMholpPtzve89k03bWmVKIXu52l4VSvDtMj65FNK8xngp5PurS+9hYruxvN+8t/iM/BQY9Me
5H7Hk3Q8s0QtZVC+tSbgFVDNrqhLZDkTswgNxadGB6y4AwYbThCUzNCE+9cQQfpUUJuq6rEYzMHPaklkeokg3Idr0JEasDSu4J0krdkipi0=
5H7Hk3Q8s0QtZVC+tSbgFVDNrqhLZDkTswgNxadGB6y4AwYbThCUzNCE+9cQQfpUxBd+7OMq+m9h4TUCxGGwYQ==
gitC0GqAVXxyrvAT3MCGCbo4Hf1GmyXmRnREUP22EBZK/Px66rvr1BjWsuQZBPfjoilYqXIIAOJrcisg6PjezBoO5HW3J1yS/8Q6U9C/uWhURXRDBRC1W9xLhI5RuNSlX8UTc9NZ0PNznZQQKEqfyRVfT2NhOfjjfFJ70+WXpAM=
5H7Hk3Q8s0QtZVC+tSbgFVDNrqhLZDkTswgNxadGB6zj0CGGMr1CQKpaKh0SOutMYygcZD+q2EKksxwSd1qYwA==
q2DaVV1re1WQitpu+uAmhVJEXT/bt/oBdgZcT2w+8OvUD/aOe0M26K/JLcnAHxeTbvEwUzR7w9VVAJRxpNeSgOZsQOs0tBfph9E/HrUvH7p7t6XaiAyWx1vrM/15nUdxq/oM4D/vq/GYWsxQridmyfAupz+1HN7PciDghaoIN07pWzUT6ClkRMqS9ELsmVUK
U0O3rsKPraLHlTkX8EtIf3muk2X7fVHqlwX1ovxb6kLr4dcO3XMm0r4PFpXnZiiysIJG66KQetQUOYVi+ESzxjlRcNtGk0JMG82jc2PE11+5xiDssz69EznmdTLAdgAS4xegjTlGf+I/jcovvykAp0m5WsHD0wu8KUi+/MntcaLS7kdWUfU9nBtCDRhaucHtoLgVQeAaAUzhvVR/Tq/2NKJk6zC9my12mW3KPuxm8q0c5/J4VMoWUEgS6m6hCQmBTqC3FPKhQlVVwOeTLvlu6gS9h+d7IOvDd/gBeda1Dp7jzVjt9p8s0YYtME4vB/tFpdf45yu3b2rnD/EK/TNAxmg/bdQKKsmP6uD8svFw6Zr3iaLXfy56sNvDUhNlczy3
U0O3rsKPraLHlTkX8EtIf3muk2X7fVHqlwX1ovxb6kLr4dcO3XMm0r4PFpXnZiiy8Bba55MYCUyUbnrJdvTnfJCsyxQS0641VrtKSFvPz9T6wU3P+dkTAtHetFErRc0E+rEWI3GVi5H6w+zygXOLzA==
gitC0GqAVXxyrvAT3MCGCbo4Hf1GmyXmRnREUP22EBZUrDhDf8f25HoGJO/82QdoeVou8JPiRbd8z1/OOoJLZGWdwOlpebBEsYcXkQF8xsQ=
U0O3rsKPraLHlTkX8EtIf3muk2X7fVHqlwX1ovxb6kIvLy/1tIIl5XovHL4QWQQpbTpNGnDBIdALh/Lhz5N0j/ARKFoeOA5FeKRB44hnRrMhqmoR9FzD6vbV+u3SAAkaLOv/Ws4O7jdKQ2gXNuy4ug==
5H7Hk3Q8s0QtZVC+tSbgFVDNrqhLZDkTswgNxadGB6yvkNS9UZt3S9aCvmfI3YK2r+Iq2mZaXwjGUu6fRbOj+Q==
gitC0GqAVXxyrvAT3MCGCbo4Hf1GmyXmRnREUP22EBbp1pPKqkDbBxzJjvklSccbAFbqhh5vtJBWuf3Y9s2mJlZp/bgU3cTnkRr4JD2mKOxX1sj96N1V2DnWE6Ty3oWDgPCIojtiI6Wed4lD8vRasg0Sliu+aU6d5U4zEtCc3zg=
5H7Hk3Q8s0QtZVC+tSbgFVDNrqhLZDkTswgNxadGB6wD46Lxew1hkkxUzSv1V0d3zOtjwCSt3nbdxjWP9ZczPA==
gitC0GqAVXxyrvAT3MCGCbo4Hf1GmyXmRnREUP22EBaDFHUcjVkhcAkP/Tj7uKJ9KbpJOm3nQ6JxWG4mZ4LtHUVbG8+oQqtbLZVOtx/mzvo=
azQ7PiJ6ZN+UoIwVUR9JQBwNs8mI7gee7kgij7VRIRNwMjIJOOCrnhmC7qUEJ1RXCk8P/W12CBUgqimFizSp4z0T+d+O1Zdfo41QYVLaw0oC2jLvKb/OVmrqvE2EQ/Gdkekcl8Wdp3YwnQ3vIxWPbODlEnzYS4KTnFtfDWRzQUWJWmzR9/P/LlYU9HSFYm+x
VrZDhjP6+5p4Rcz6T089VqvN0qbolQ/koyodFInDbMfERO8+GmkjN2eQ4ZKxrshvVEP9Xkn3mKUdlkFJyiJfxrCbt5wY1Vh2l/yWIvLvH5PSXR5c/h9Uz/cF/OLQ/opT
gitC0GqAVXxyrvAT3MCGCbo4Hf1GmyXmRnREUP22EBZ0ni4amZu6TfW1ZQ3mRTROx2lcuHHfolsXiuhCvM6SZkA4lc3YM+iI+WJnDbIiz3IotQFeIMdE0202vRW0FEiY5vbZm51PgivV0w9f2MK6XQYIYXfhroM+FcsI5bhSk5M=
gitC0GqAVXxyrvAT3MCGCbo4Hf1GmyXmRnREUP22EBbP0oL1OKWQCnhfNdDQ2AZmCwniZzz+vYXJZ4cVf6PkRgOrmf6sGIoAkFTYyNIAGGwWRiFz7Cvh1TaJKvFZKWYZEbXX0sO2mNBChHPPNAdAUe2n2tCMGSZqWpw00QF7XBU=
5H7Hk3Q8s0QtZVC+tSbgFVDNrqhLZDkTswgNxadGB6xThkGGHEZzAoC0qCo+dtkdAJuKV8Pcp0KrVlDcQpt/wA==
gitC0GqAVXxyrvAT3MCGCbo4Hf1GmyXmRnREUP22EBY9yb20U+GgjI5GXWeAla2c09JC51MENl+LFgv+wCV/0C9AINxtoh2Ka2dsUGCqNaO8U1LEjs8xjkZfjZqJIC6se7i0V6YHzGlOPterSXfIasvJkxIJ9FJYj/twSZ1MsFI=
5H7Hk3Q8s0QtZVC+tSbgFVDNrqhLZDkTswgNxadGB6w3k7LQCKqK+v7Ya+NqU8SXlv0isZruTCYs6LXVjhDFBA==
gitC0GqAVXxyrvAT3MCGCbo4Hf1GmyXmRnREUP22EBan5W09uwthe4KuMHcD9L9pBH3YlB73muEkXJsyVBNCt/5GO5HS8gIK4dspYmqljB16OGODdjs60XSwG9d137Oigqfl3iIE+RzcmKk+SjV+4w==
B55icip7Ogm7Cn0GsFr+aFkaHTrzRbpdCC2NLlBCEzvulipXdcPkh6UgZYzH83YZnrApKkee4z5q8HsZD/oJTsX9eWtcrBbsrtSnAy1e0V0=
kdntxh+r2qqkDOcEFHYj4Y0IX+Nv37NiVYjEYRQPSWxYKH8gHwxSzkN9na/QpY1ZAIoXDI7ScI4+yMVMhhEKNgry8NVFc1A++pzbSkoEU6AtNT9nJY5DUCIYvIcMCY5O4di643mqANVdIppRxE4BggohK2EZX4v9F4PWPA6e8sUKz+/23mniBz4Di0JBfB40475u1aXMojckpjddG2lxh+5Q5Ebf0irmI3jexpG3D20MQcbckMmN9CqlPzouY+zz0q3eHKFWOFabq1vHuM/mD3aq/TWiIczmbPEEYUjLIXQrCejSQIuuqKKthTPLsV8i
5H7Hk3Q8s0QtZVC+tSbgFVDNrqhLZDkTswgNxadGB6x5c5rXC4gTZ3U2UqYtshZcUeHP2G+4vo9UFcuAtpMf3VtFyoFdhR6JQoc8HsCuFII=
5H7Hk3Q8s0QtZVC+tSbgFVDNrqhLZDkTswgNxadGB6y2XMM1Osj07uHZXmLZ6ZWuyYXZIca5ZU8XFZWKLSSDqHOQpc7Utndye4hfuG01IOo=
LVHHPjDP0um746x8IH1BjeQ8MD7HXcAXpWv+NXAcjOr/9UHQmnRBB7/CW4SmJCH1e/jHYv1AUw6cWv4B3ZThpA==
LVHHPjDP0um746x8IH1BjeQ8MD7HXcAXpWv+NXAcjOqS3fFPrDx7lhY3Q55h2ecnL/0rIOhc4kBh040RtS04WQ==
gitC0GqAVXxyrvAT3MCGCbo4Hf1GmyXmRnREUP22EBZkM+OYntTdz3BpqupzHDcdTiZZ8y4vcNGoXN+iK2DdJW+njCSdcRQGfmcjcFkwngAYZQ80H9O5XW0hnqRZbILP7+cpLmDsSMR/2MF9+/3L/A==
q2DaVV1re1WQitpu+uAmhT5hUHPNeiWUixT9P6Cki+xWyaiYHKNMKMDQ95bP+s17WCUS4taveeNxrSIeEE/j9Q==
r0k1IX6lwbRfCgQ7SavX5wrcr5nyHQcxUYiPKDHv7vzXNm+bJpIzBOrGhO+zhjrA+WvTLdz0knIjn/dqfRMiCT+EZPz+O9Cw63nOd+xkg85EEDBFsROxO/k4uP60Av7C
r0k1IX6lwbRfCgQ7SavX55zm76WH2U/f47i+Gw7QxtSfqYHtiJLKjlYO7Aa48/TNQXvAc1We13e56VWsonFvjmqXeujNg5bIA6mqPbh7Bf4=
r0k1IX6lwbRfCgQ7SavX55zm76WH2U/f47i+Gw7QxtQRPRuV6Q6tbtfVyOlzXzPhGHqdexD2NdkwaLcePUyFsQ02WkAOA9yPE0u9fMouhH0=
r0k1IX6lwbRfCgQ7SavX522hcuUfXZ0Z5FUrkMYgHYMBR68ccaYKTVEMEserM7gxDvy7r/2mnYMl3DhqFYSZnoi36B+pUdcMkqVHzhOkjvsQP5N0ZV25T+JuBJpfo81A
r0k1IX6lwbRfCgQ7SavX5+i8vyfckGBcaDM+XgiQOqnQ01c3R3Nwi+LEUX0r9Gfvux0nRv1xCQVzW7sCrqETajWwehThVu3NyNYnAzzJzQk=
r0k1IX6lwbRfCgQ7SavX5+i8vyfckGBcaDM+XgiQOqnSrK7Xlwp6a+Ktx8myfCt+BnqCS94roSEK/WmkNMRFNro5VrbViocWdtCVfXLznIg=
gitC0GqAVXxyrvAT3MCGCRW3xcR/lW3INN8ceGoqrOVByDTzMSJm/OljcOjuMqJvxAQUMSAZEkkD+T3D99mlP94KqMOH1SMpU9+ZTlJX6mCONURT/NX4jCItLKktiKmt
gitC0GqAVXxyrvAT3MCGCRW3xcR/lW3INN8ceGoqrOUmOhQn4RcB7bA6GoIqy/TN5b8AoZVSr/IRoQxDgYhg48tYPfFQRvb+BR1nus8f7VX0Kl8XARNmta/2D7d4lEYcpWawE0vqmmkvtGZWh5bjtQ==
U0O3rsKPraLHlTkX8EtIf4MV0UEtf7Co66xJCWKC2tLcR2wnNZDqdFpPdaVTbH5oXXNxBbEQuYfYhsX49EDMbWYZlBdGuan6ooZpHrGmk5NH9kpLEMxrPPO8VzL4Lm69Pz2BH4MkY9Wj2GNyiPd9FdMp+JLIBYhTxIfT8kmSQ5I+E5tysgocFAzXgrC3QO+OdTpygZBH0YvoT5aPdi1AJpZ1GqWr6HdEmfvJ4mt2m7AmUcFjDOg5rrs3leHdi6EptqgmTzKFxs/jAU2xO7zf8KU/SelfJWa7EshfzpM1XgfSNN0bXIB1ywNyIDuVNrDh3JI3JMteyl1kGQ0m97zh87EJy09lZUqy6TP8nC5wlEE=
8RwrAzRtg3YNXuo0Xbekugp3ZQtUd19BAaUZP4XPXAohc4bUpIfSAoqSbxERQiTy1fTdXEV0bbeiegAnArYrElKCTykXpGgcw7mEtMYz4AI=
8RwrAzRtg3YNXuo0Xbekugp3ZQtUd19BAaUZP4XPXAqc1BJ3ByzcA5hHwJpoBWo1A63VE2fmLmuWrf36KhnR0gzezl8LlVblaSgKRHKGens=
LVHHPjDP0um746x8IH1BjeQ8MD7HXcAXpWv+NXAcjOrLXJpLKpsLcJ14j3+O3A98HWbJHwUrPDATtnso80415+CCiCa9VLlhsqqna3iR9hzFaU/v7jz5Z0me2hKY+KcS7zRuJNhkPswL729/K2ZjNQ==
q2DaVV1re1WQitpu+uAmhVJEXT/bt/oBdgZcT2w+8Ot4gXFU+6VpAw7OrQJZwQhqVv8o1+KAMOqe7I5sr9yuRvnrqsWu2+KK9Pa19GMFIyk=
q2DaVV1re1WQitpu+uAmhVJEXT/bt/oBdgZcT2w+8OvCbJg9BVmZabiJ8j4+2bGpjrS1D0boWlnDpHZQ+J6Qqnz6lkBHlyelTKawZRFeJTc=
ddH7lkxP/XhP0iJtVrrnM9+WyyCh/i42CXujduVzDbLH4eB3EUki5Gzv2u056LUFcl9HGEOtmcPL4xl6fEO7L5QsnzNkWU9TuyE40NfWf1M72InjA3Jtqdh6SBl0AMs0o+Q3euouEthI5MjXW/sEo5as6rvAudQYAmxjHNwcujrEohIYYNqhmFs3aQV4XzcLtHlGSWhWLmOBxQlnW8iSCyfRVKNQfAmRgbvtBrmnQk2Hzw582MytC/Id6tadwWRgCfAnFGs+IRwgLN7gQTEkNfYYA5QV87y7J3bgD4lns03dzJju9kDUdcUAXC4GEwXs
ddH7lkxP/XhP0iJtVrrnM9+WyyCh/i42CXujduVzDbLH4eB3EUki5Gzv2u056LUFBF/FQkgzyUmEIsF8KGfIcRZkhcAcAoI/DxY5GCi56dQ2Sg1zU+pHVOr+5hnoyApq+rjsLslZvtekR9XtqIgVWX4TXfBxxUas0nKR0iiDsAUq/wTvwrFE1hvQvI66MG/UffNufWNmLjA1zelD6pFxbGPGJjM+U5ud3JR/zVoz29rPInVu9AG+IzJ7k0ucEm0w38UH9HStbCeDl2sI2t3w518KZSWdzkHhDs8/KV6kgDPsMOWtnv695eTdEgdRGBG57AK8Ji4JGdwH2PRhd5+w0DPM9Bge0z2AgSaB6TOj7iI=
VrZDhjP6+5p4Rcz6T089Vu/rbiTvkKSBD8imH2D4H4TJRPC0XYXNMl/6BCwXga9RqP0CsKF/9OV3ulaulrAITgP91mbe12HujrfAEBJACJLINEoGheDHBhgkMThshja6EkozNFJXxDCyPBaU3M4aNA==
azQ7PiJ6ZN+UoIwVUR9JQNK9o0Zqoa6huJil2vKWvB74DqCpwKAGSvyEmXRJZU8E6/t+6l8DIykcUKSsaITn8XKWp5TvyfQ4NjNJSOtH46x7tEqcgCl2YdOXGARgAHi4qw2KPMj3on7/yvaG30qRmn95JgWnWOhy9L/zelKlH4loqdvRrgAPhsFvjAC7+f0lfRNLag5GeIMBWN8RTzHRZwb0u9u7YyO9oYoEBF4nSGroApNCWZs+OyVDJIuk1NchtoXdT9J1gjZ0tulFdlMr3fa59Y19pXKe2CGYvdzFbHsrfnwXzIR9Pw+uI+8wW7gtTjOV8W5OaW4/5aF64f8gk4QtUYrXQ+zCfUL90dVTWc58rDqTjE663NiQhUHhAl1sHjruvmz/o7Uh20bkSoPcoA==
oM2X2EjKsR0Wc1s4Qs07q4asOfjXXooFNUHTmT8rxCoyJRcI1wk5sKQsp18itTy8nTA8ge2Bw3owVzaiwOB4dTOWzLplbZI5pYb3F2EnT8oUwO45WFLlBPS3Po3jS3zStAy0y55TyidbAh8B1wyE2g==
5H7Hk3Q8s0QtZVC+tSbgFVDNrqhLZDkTswgNxadGB6zTrcGOPS7NIX7EUkcS0O8LN13LhL7R/UkDi4pmJF1r+3Li+RiDQCzyg2QoySLqsOk=
5H7Hk3Q8s0QtZVC+tSbgFVDNrqhLZDkTswgNxadGB6zTrcGOPS7NIX7EUkcS0O8LQSBEs4+KbO1BBUy1boYR+g==
oM2X2EjKsR0Wc1s4Qs07qxSxOrv12+rOLTJHMOfVMQCGk5mQc9WmqoTwUBDv6rVFrXxPO/stEoU5LtU/ane5xr+J2NkdSG0rtuaH6pAx2rcN48KnbasjLWYAo3ruopzFTC+xWnrITVchIzDP0TS1CoviniWW4kpOOqtnrvUhDdH7XJ8KZ6wqN1F3HYOidOplgzBTF9bjB8Dw+MXHb2KsQRa0kt5/hJqG7n9CF9XVUBk=
oM2X2EjKsR0Wc1s4Qs07q4asOfjXXooFNUHTmT8rxCogRs6jhfgBvBlIAZSyGeqyQWm/NOFuijeQrxLeU90xBX9wbr3OoiIN28voz+mLAiQXi1B4L7ZylEpefGST7u1mXK45AirICha5yh0+vN5TCaTaYwgLYouaqVGJ+5/gE2DvmX0gWJRVO+3xSfWwE5aBQT1wrA8/p0EdwxeezElV7NJ646XinvgBqRO6C4xCL4+wFF2EDxSbzspMVTtXYPabo77qttKXwj1gjs/b5WjipOgn5izWd+FFX0cuk9wVGsfhvsXcHg/EpkA9HpKlW8zA6XukiydjVur7Mu7y2VrAX2ObSghD36nzuBBRlfB3amw47eQ0mv8gGAQPG2LUc5Y+
nchxn0Mzyw3rgAfdAtLyHIB75ib6ehVRygOO/8j6L1YL23cW4uAHzXFEn3aU45iCyvG1ErYX+EIJ4ZrVdnt0T73R1qucsgRN8iInQZHULX4WPswHw+gt1/A4gKJdS6whYivEIvbpwPs8EeAJDxuVfXIphV32dofcpk2oAk2yJEFlcfzrGxf7OyLWQF+fwpElv+AKt4T0Jfu5TUfnuBWEmFHk0++NIQzhvCtImS1RtkOIVMOymthoLnXjWcqdhg0rMmi0MC9Wlrw2VKMI0MPgl7j00IZvXWSJ/ykSrAb+5ekdrtRgnO/sVVJ+Hqyuib6GI8PSCoj5F3WRHj5OiuzytKr/Wtfu0HraoLom6yJBPUoalQTucVv4kyFavMGr60nP
oM2X2EjKsR0Wc1s4Qs07q4asOfjXXooFNUHTmT8rxCrWlJyrMUzTSiInGWZ+td7fceV4z/vgbUI8n+pIbcfC+XYqUmS5A8QvspLqSbzA4RaSOq1OB7SU/GQH+umbZMnV
5H7Hk3Q8s0QtZVC+tSbgFVDNrqhLZDkTswgNxadGB6wLrX4rAr9C5JA17NyxraHJk5s13KU8o8gowtIWMgY04w==
8RwrAzRtg3YNXuo0Xbekugp3ZQtUd19BAaUZP4XPXAqxYrP5bOncn+gI5YFYvabyywuM7yhPfeZ64Irk1rNznLs53BnTrXRLOxut6hz1CuqKIGkaZMY9P/MFV0eTrB+mfLUsVLrDfkHpB0qCW7xYknTxadRRTK4KuedcYa7dvv6GrUrm32iuhn+qe2Vix3wM
8RwrAzRtg3YNXuo0Xbekugp3ZQtUd19BAaUZP4XPXArhKnHm1fCj18sLhPx5OgCQfEbqi+thcfPLFvxtzWAWt6vUKpnorGPTapnSVvgpTcU=
VrZDhjP6+5p4Rcz6T089VrHBzGVnIU8MQaZrhzo7gc5Db4BYTnKqQ++kxP9vq0X1LpqohzwQKowLp9mgfTxkJ6WNej4vQXgmmfOJayfobNQjGY6uQ4kdkqBa+NOoAme4QlTF0KFnzJE7EMvt+tit2w==
azQ7PiJ6ZN+UoIwVUR9JQNK9o0Zqoa6huJil2vKWvB4gEvibsCtvAIAYi0xhfbxbp/Bkc8XWMiMx6Aa2wv7VQHPW6wYQ1iFqC50+zK6MdlTfII1hm6Blu/RDHki9TMFQNLwPhPqX5BOD+a+5civMvhTpaUUiarCHLW1sCXaBAN4QGpPkWYy4w+sDS3baoyJ3d1OuAKgXDXLHN8jgUK/L7gzpIlqRi0m6TwW2R/0IzGdQSnnv2vaqMY6c72O8jpAkgBP3dH17DnS7UM7d1n+QbqQrzNUmDH36H4w1O2uR2E9KvMTlXRZBJKr5m7uqUrWFQUsLInkDbvdo5l8BF0zqVifGXP4b3nQjlIS4gUHJyLm1TXsaAm96HQrhO+QPIQzDy3+Bs4aYL+puGWm0FNfEjLFEg4tA3RAPVUcpbnfcUsc=
oM2X2EjKsR0Wc1s4Qs07q4asOfjXXooFNUHTmT8rxCpz2zeGI8FdkacffvTmQFbdfFVVYYYTbmb5DPBk0HcQszUiLoDNiEZRTcmUSsS/9ypBTcKw0x0SCrUgpx2plOx+KwxOlqw8hNetWbm8GxpXRQ==
oM2X2EjKsR0Wc1s4Qs07qxSxOrv12+rOLTJHMOfVMQBcHFUdMKCnhD6J+dvjPUo7Isf6apkazDicld4W3Twhz08lpYBNAuwCLdnWf6tWsNDP64BHCxfF9AZkoEb+qPidlSSvJBwvFaimn7B4VhuG/osDHW87AI256miG/CukZi8D17QGPImiR34JE1spNKvcAt9w+uWZXkrRmQ45t8d1jSTkCwASQgg/4xqCOA9G6rY=
oM2X2EjKsR0Wc1s4Qs07q4asOfjXXooFNUHTmT8rxCr6+kCcPCDZBjLSwBPwlN+K0cJif06kO+7oZ8oO0AyCX0RPk+JgJWmMD+YxLs58EjCOEdkLPvTfpmYbkCxSjqZJIwAkKvf6Y+L8EfXhZo1poPNjlFCDMSpuPCFhEWcBztGW6gh6Qv0m4FYw3xzlJDFNENDGAIemU+GgC1/lq4Ih4k91C37pJhKD2QAMNpUt9jIW5DFlhj4g0n5k/ojZRS81vrAqf/lrVkOA1nKert1JAEta+9HJAh2h6+7ef75Nsk+E1ggUcIcf8F2uH8T9MZC0yjXwVqyV7sWY9qNMqHE6Zg77/AKd8SzE+oAApkd3zkX2+tWXSsoVdy/PH+92orie
nchxn0Mzyw3rgAfdAtLyHIB75ib6ehVRygOO/8j6L1bux1cCKaat58h8U0Z+F3z3IxrXUa+8y3Umb3WACA3NYqcejplJFM0vTWWNpk5bgoGA9wggv0mtOD2xq3Q8/8VLFOm1i8jmVmgr0CQR/wsMjG211rEBjy2bp//z/AxA9t862pSnFl+WtnhOiIoYnQ/myZXrhZeSZQtoetv+nvvRtOwJ/ZSiP2QgcTYA0rk+QGFatFtL52IrDMPJdX6nCHb+9MMGdN+wOAfNvyeG7QfveV+yMg74Jlw6x1W3ARy13cXBSvNmFPmZHpsWVmk77YL//gHplBO8W61Za1ottZ5J4to4298sUj1afWZff9u1OBtBSNG9JZYLXC2dlkCPidcV
oM2X2EjKsR0Wc1s4Qs07q4asOfjXXooFNUHTmT8rxCq//nMXBuqvBu3VEgo35nYmZSMYdvA59SL7TvHbWfMQkQmvivc3pAjfkSroKse/lrmZo5rPDZ6a1hwXnZECR/to
r0k1IX6lwbRfCgQ7SavX54UlAAImj34/lS4ozZZ3iKU1Fr7m7OvcKvVbhhABoG6Z5EdOryCmPevojmgZYr2MzNxB/UGx9iqPBSj/hfV4AHq9sXap2pLry9x7kXMhUlAc
gitC0GqAVXxyrvAT3MCGCRW3xcR/lW3INN8ceGoqrOXVjoDlJm/Mgn8zEu4ATBUGBlWQWpxiO9qMwRkr2HYRQruFh2Qvhilt2K2NnfFi8c4=
5H7Hk3Q8s0QtZVC+tSbgFVDNrqhLZDkTswgNxadGB6w6VpQP5+RRaumuNHgLCVP3VOzM69AYnHJ0ZLfToZcryXjXTZ5qGTg1VY/bHi6Lq1U=
5H7Hk3Q8s0QtZVC+tSbgFVDNrqhLZDkTswgNxadGB6w6VpQP5+RRaumuNHgLCVP3+0KLd02sC2feWkmCEn0UQA==
gitC0GqAVXxyrvAT3MCGCRW3xcR/lW3INN8ceGoqrOVjGkHjvMoNxgwDWtLwFzuSDSGWkmurRrvtx8H7/ILJHMgNhW8JTv4hj7/sp5WTAgRJd7GZFEloDgPJf+AJK6IaaVLye9M2h/Rxr57iE/wb/XKuw4pyS2DovgEcaGtjuAY=
5H7Hk3Q8s0QtZVC+tSbgFVDNrqhLZDkTswgNxadGB6yCvSZQKeGA3lsKG3QWeTvTb8txxv/t23u00FC7iSB8qw==
q2DaVV1re1WQitpu+uAmhVJEXT/bt/oBdgZcT2w+8OvrpvFRrSixNAPVNJ0IQdNwD5mLfryEBH4qAkJBBgiRnvCurRWbbvb0tLNqnfvSEMU/5rT+1O5Dju2c1Uj32LVvySoJdwjXGV4jSsgNpCi7t/GSg8fHf/ffX565DhyURa7Ee6dBR5cH2w45Q4+1KeC+
gitC0GqAVXxyrvAT3MCGCRW3xcR/lW3INN8ceGoqrOUSKLAvps4V/2OrMYkSinLBQ6qbniNt17F6lYnGvrvOMv2KBUiq5Cer94ZtYj1007Q=
U0O3rsKPraLHlTkX8EtIf4MV0UEtf7Co66xJCWKC2tK0z2o0Bzt8ABw8eC5Ndb1mwSgY0RhLp/5TTtNw81E5J0ufcAJhE+p68AECMpJUfLoBfTB6Izl+NpmIvmkfviEm7lf0fgKP1aPH+pXN86aHC1kpMxDqz+IUDoaxqs80tI0fowLqpaLx5Fmi1qrK8vMkVSrmRTPu/aMD7iLXx9/bWp7vynKqg9il4i5h2Z5PpeUqnzzINZo039yjAsuLIeC33/5k4b8r8ffZ3BKX2s7il03TPb68iQtjLPmBcZpQkbGeofSHGKriVN006Ho4WFHWzF1nDBlDxDKONSwBUcg4wLwvxq5PHUis/uVCAPY4nkKqm6TKq6wFQ6t6ufIqm8lJ
U0O3rsKPraLHlTkX8EtIf4MV0UEtf7Co66xJCWKC2tK0z2o0Bzt8ABw8eC5Ndb1mWqWrXyx1GMGCysFY3U4JNzuDzwo06Ttsxa0vZ1frkEsoAVf+Izf4RxNHLSzRSGFm1s5LWuxTlCpP4M1AxOv6Iw==
gitC0GqAVXxyrvAT3MCGCRW3xcR/lW3INN8ceGoqrOVwVqR4q8E5w6BNkuW0ZWTky4ss26o6Jopt5qepDn7UqgtVReV0ACJ2UwdKkDnukEU=
U0O3rsKPraLHlTkX8EtIf4MV0UEtf7Co66xJCWKC2tJc5LbfjY0L99ppCSD+kxTX8XTevjHKXTppH7h539lGhMWFfwWNeHPUGIOBzMq4uowdP4kstqqLnIzwgFucLnavQI2QobuawXmTqS5htPSVfQ==
r0k1IX6lwbRfCgQ7SavX50KkxwpM9ldkdvOnlYATYuJiVuUq5KAjyJ0uc4WoB+X3WhjqhybvanJ2nAjZETP/lKuqqiwNcl0H5bDMrxKGYK4=
r0k1IX6lwbRfCgQ7SavX50KkxwpM9ldkdvOnlYATYuJxR/OJvsZLjIOAMruAnTF/PNO6eY/+LySWPIcX70GGUonoTUFsQ/nIf0rPKzDRuLQ=
gitC0GqAVXxyrvAT3MCGCRW3xcR/lW3INN8ceGoqrOXp9yd7/SUneRN1+s78gBmqPBmBHyek8tjX8RN1WxTqmLqg53BxUTFa+RdXREtsRV3zyAMskHBUoGCXgTvZcL3mTa5y1ZQGk0PEX2CEq72wLb16OIMjA1FkgICLDY9bxLY=
5H7Hk3Q8s0QtZVC+tSbgFVDNrqhLZDkTswgNxadGB6yHlZh1vVlzmIrGJc1dhUti/IiVVkOgOMxRchbBQo8jdA==
gitC0GqAVXxyrvAT3MCGCRW3xcR/lW3INN8ceGoqrOUn+k3xbjepGToQHNnNGFHgSfpeWXALvXQ9CweZfdKmcfOw/DwF7UaHX5AQ8kRxUo1mrdoaF0mzeJiclDKFVLc90bKQtUt7UIF73l8h51hA2Zc3CmvP7SUmOcBo0qW0oZ0=
5H7Hk3Q8s0QtZVC+tSbgFVDNrqhLZDkTswgNxadGB6z4kLTHHOW3wDmw8tCeNb4mXh0FQQPau/yax8xc0x2pTw==
B55icip7Ogm7Cn0GsFr+aFdl1GcKKt7nP+zXHRvEi1fEOLewpMSbwJhANfVW6AMuooneF11sOJ4/6QrL5xfY2w==
B55icip7Ogm7Cn0GsFr+aFdl1GcKKt7nP+zXHRvEi1fEOLewpMSbwJhANfVW6AMuooneF11sOJ4/6QrL5xfY2w==
azQ7PiJ6ZN+UoIwVUR9JQN+syF224TNOQeP8bQNvlpnBsyVEZF5kCoF/fien4mUwvIj80ty1T4FmRDYy5TThdqHzCb1MV+WLyuZYJ7Y8tTAZBrUm97u+HiH09lgINhjpHRZ6TLHg8evDHLXb6PyVwhBSwKnc0iA+YfUyvEb04IahHS//UqpIMPAm2XzqEAt0
VrZDhjP6+5p4Rcz6T089VrHBzGVnIU8MQaZrhzo7gc4aW5G8XciV18ljOuGBpejUleYjHE17BrPLDmZmfTt++PScs5RzRV4YdNExBPHEd4UEm7aHHFJKhxJRLb77RWgj
gitC0GqAVXxyrvAT3MCGCRW3xcR/lW3INN8ceGoqrOXvEmhjm1ChXeMeLGJhtvn3OIShbQVO9+7nOJRafURccg==
B55icip7Ogm7Cn0GsFr+aLIQ1J1ElUU7hjpTf+RW0qyf1kRA8y5VPNuM2/tO31YLai5+sfpa7AlO97Jlw1dtaA3/60aXRrvFL9RkCcEt7xI=
azQ7PiJ6ZN+UoIwVUR9JQNK9o0Zqoa6huJil2vKWvB6n/nlKlpJ76LT26I3JGYTX4394Hlvo8g226mzQt2TosNd4Tcsnx+LmE002TMatoW48xM/zKM+Z3QJcvDP5LVE2/FWDkZe2ATKXBC97KX8YNvQy2AT7r3cMEkG1JP3cV9azS9DZNFlLtjU7N14wZFNGp7zd0MGm60jr3vSMuJYa9JS9x3nZ14ftDYD4z0VS9Ya/B2QtDBQM5NE9BwopC9YoftalQZsq2KYAy4gNMovoOzVLKs+XNy43XfNthty+m+clr4IYhFAxR6AdWCV3RgTQcuuFXIxrEcYQRn8D2gVPyYD1TO4ZMz+RkTOmfiEJo+yeZQrAs8q9TncLyBXj3U2KGYa3qOGRvxRR0JgYu4IWtbhYScsCP17X9zkEUs1Vi58=
gitC0GqAVXxyrvAT3MCGCRW3xcR/lW3INN8ceGoqrOXG7UYCKEA37w8ol635EoTLseIP50GXytzEyNfcUMSE9zD3U2gmSoNzhbM2Wvq6vhRbSbmyQN3OFxvMxMXzZY4q2cZX9ChJ5pbgvCFSWEUzygitBMUJbemRjZ8LPVsGqZ8=
U0O3rsKPraLHlTkX8EtIf4MV0UEtf7Co66xJCWKC2tIqPPeB1jUkN+CYRn663517ccmwdA1IumgaTdyw70dd2J7mucNvUj+fB7P888ByJRDcPMFYjg8BaA5/qt205IeOWSIUWVW5+AVQqk3Iv1qSLvib6ombs+KYOluMVGvkfbgZ3G6OUoHqSBBaSI6TCwEPBno00O1VukFRWe5K/UZcSrPw1nwdVwdGDwsktrh6K8Nq9nSU7XBU8P03XFEjGbUrHaa6PpFzqmLKtVRVENgrAENTCVkpRTgGqamTBfmREriOwuusC+Da7iakG0C0Ouj2/8t34BZZBk+u5tXGqfezyDAv24nYTM8h9HH3J+UDvM/cYyjCyEbbJLnriVJNLNbj
U0O3rsKPraLHlTkX8EtIf4MV0UEtf7Co66xJCWKC2tIqPPeB1jUkN+CYRn663517z/VXyuUG3Z+hTIzLKM+weeWC2syKhmvsLqvF64DwpQlRVYwSRPDGUHi9/SMwsyCQ1PLM+qEbVSozx5zVwQtdXg==
5H7Hk3Q8s0QtZVC+tSbgFVDNrqhLZDkTswgNxadGB6wMrbTlNiq2lvTxn+l9ZL2Y6EYIj1rooXJv8CZcbhx4BA==
gitC0GqAVXxyrvAT3MCGCRW3xcR/lW3INN8ceGoqrOXQBu/8Gzrntc6LUFm/Idr59e6WuhomKLVeo3YkhWnFDbl3ZHnozqq58dSJSjRWplM3dqxeSymLkcr0XdESPhaH+FrGaEBfTUM9P3ZX7v4T43RIQg/hNoF79okdUcoT52w=
5H7Hk3Q8s0QtZVC+tSbgFVDNrqhLZDkTswgNxadGB6xLR5ocmjxj604xGVWPzKcSYG53WTSyhNto9QfMTc6vWg==
U0O3rsKPraLHlTkX8EtIf4MV0UEtf7Co66xJCWKC2tJCWuEyFe9cV8Mr8RSKGL4hvkCEEpr/V+jtXMu0TCxVpQL9mu/urCtSkU+YZYHQOgBMglSQk0eKuVKSH+8llxGWTnlrhK+PF8RU0y9QtZrj/A==
azQ7PiJ6ZN+UoIwVUR9JQN+syF224TNOQeP8bQNvlpmzYGg0lPV1y16g/ku5RMjvCvbYzRTryRh33IWfjCXvLTF+tzJX2zrCQ1HUnunUunIPqztMf+QeqCnCU4SyL45Vs96WTKi7wWa3/r2hI44w3Wm8mOH0vxTO9E5CXya2vC4lmI+1bDdR9m3suIp1NJBe
VrZDhjP6+5p4Rcz6T089VpbPa30nQfdyCwmIbmWzpKKp9BiH/YkNmQuuVqaWZ+liUpZ0Y3/g7koEWwPWz5iE75Jdp5axfKU3kYX/9Cv/H5SKIgbmJuW98qORb2mkf3j1
gitC0GqAVXxyrvAT3MCGCRW3xcR/lW3INN8ceGoqrOVb4nYyecMBmh3UPa+PoRTLuyNa810WWAfpCT7LAmJ5bONyaoEF2cmcgaL3nulWizypwT/ciDWjJKc8V5ctNAkFRbGfk6anLnyPLpLzhAXhTg==
B55icip7Ogm7Cn0GsFr+aMAO9AmHFWzJnrOHH6a1YetwDXmsg+pcy8597uC2WtCsU43YRYqZD5OHxu3HOQzv1KJ040Sr1DesmPes4F9Mqd0=
kdntxh+r2qqkDOcEFHYj4Y0IX+Nv37NiVYjEYRQPSWypoQ7/dShJzwt7tW5g+f2NCe7w6yIzlgje2EvAol6FEV42SrhEGBIv2K/QqmzKcQe43Hp0H4aG90fppzHM73jwE8QGCYr+MQ/0IzkEWuHWC4tQxXmLlFOqpHEK1OtoMrGyDQ43Jvle5g+lxFt2GAlLF/3XCFolReLvKxd9QfwbbL65gMNIb9tk+vD5ct1dtSKayporczus7oABycV2srrlVDrc5WKzG7Q/vpktecIqGvOLbUTcZv2P36BovCZrA7LgfNY0y6c1z0aFvHWu6O7V
5H7Hk3Q8s0QtZVC+tSbgFVDNrqhLZDkTswgNxadGB6xf4TG70gn4EgAbvBoaNK78JWergzwQfW0Lg6Akadnu2/crV5pSWPuR5/kT17XSLuI=
5H7Hk3Q8s0QtZVC+tSbgFVDNrqhLZDkTswgNxadGB6x9SuzTzQCHkpO93MvvQ6UEDDFkPkTYL6qXfLClUtCm+dz7PtSAVNsh3Jt+kygE5cI=
VOik9vcMKWXO3Nd0U1eXKABbMM4ttJTsDKfrWKNczceYujwP78qRt1hk/rMUya2e4M8L9vcwzBxjioJ2ZcoNo5Q0NTF3XJoXrfMXXFWHa1M=
kCNsyhFNIk00L4J1qr86kJLLKjHuVYgP2N1nErP6XhQUEITPgCPxhNLWr98ogrmEg4MH7R43ziLOneICyNvKH4VVxMaNk2ZQziujiloYqGrCVEh9rWtXEd5BuY03uRSb
21YawLQpFO0PxAQGpAa0ljRi+6OSKhinCmaubzgFTEeoIhmcQyt3078TiQcQ2RYdOmvIY/at6g/sVwAFFxyn6VC8BHzjCPeja38n1QLk+JLQFWXaLIavpmzExutvGJydYMq5boobnJY2Kcf8GIu2Y9OMzM08TyabEEp2QgRHQek=
21YawLQpFO0PxAQGpAa0ljRi+6OSKhinCmaubzgFTEdoTmtYP2OXLKKkKNeE0VNkGW4q5GCXr9FA2jKaOxB0olXvT/cQrHI7pjPEQFJ/6ZWh4ZvocEDDkI4pmrqL5nN1
21YawLQpFO0PxAQGpAa0ljRi+6OSKhinCmaubzgFTEdoTmtYP2OXLKKkKNeE0VNkO1I0fSmD62EDmDgycRFaNPQM88aTHnQN3M0Dc5JqNGZnaHqcrEp82OvndMMv5NfO6OrZQsMi1OQkc8bbYTvMAA==
21YawLQpFO0PxAQGpAa0ljRi+6OSKhinCmaubzgFTEdoTmtYP2OXLKKkKNeE0VNk4T57hk1zNUzQCyK2Z2qU8E/dMhHBqXOmm8KlRpuvAFmeggTPCXVvhNpqNEZPK/+aenNUCMKsmyRq/juMacMfgg==
kCNsyhFNIk00L4J1qr86kIujkhd+Z3Al0iAGmXrcVdMnGMoTm97KPRZJMJAmkaIStWOk6uhFAYhZ4BhcW+89tmYiu6ukIcBj5aVo7Ywrx1A=
kCNsyhFNIk00L4J1qr86kIujkhd+Z3Al0iAGmXrcVdNtoWT+uEme/hRs+vbUtAa1gHYAYZvt+vvbzqgCdLcgPVoOuQTXW8IRRumcrLmgFZk=
kCNsyhFNIk00L4J1qr86kAFm1WpT2hz2jjio2N53aGWgoEanHXC8B80ip95sR+uPJU3MSeBqKLbkpDLiPvgeV27fPxr+CCi891pICLDdvtc=
21YawLQpFO0PxAQGpAa0ljRi+6OSKhinCmaubzgFTEeGOO8CuSJF5LYefQyt7xm0gou/8pr2tt4P52ZeBVnlTqYcNm5xGEpZKKMa7XF0oZbmNxjQWKJMyp1t473tlPk1
21YawLQpFO0PxAQGpAa0ljRi+6OSKhinCmaubzgFTEeGOO8CuSJF5LYefQyt7xm0EHCw4nuJgbWX5N4EDnZLpwo/mQI74vRbNU9AlNXoMhF2q9BfjJsQuPvmxxxEiFU8xRkozT7YHcG5mZMaXshE/Q==
21YawLQpFO0PxAQGpAa0ljRi+6OSKhinCmaubzgFTEeGOO8CuSJF5LYefQyt7xm0YHEIK2wmYccDkeEs8+puxcOrHFRS38OIIMnoqZ1Oja58SNchmsKXzsHSBhgEu8lSs8o8pc5Zt8kfL6CqydR5HA==
kCNsyhFNIk00L4J1qr86kBePf2QK+C9XwGD6qxRnC0YOsCWdV1r0AfQ57OlGfB8yJpqXE6kMEpgHUsEuHuh4lOlmQypYyitvRd01lR9vIls=
kCNsyhFNIk00L4J1qr86kIujkhd+Z3Al0iAGmXrcVdNZvVAEQs5/PghbrE1fa2x2ioLOl6m+UZmi/Hb5gVp4rcAWxky+1KPfO4usGE8ymyw=
21YawLQpFO0PxAQGpAa0ljRi+6OSKhinCmaubzgFTEc+7h0z3AnA81eRG/A7ze5bDeds5NyS5tqo+ZCTX9L8tnNWVgtuVLaU1mB6gfcySGc=
21YawLQpFO0PxAQGpAa0ljRi+6OSKhinCmaubzgFTEfgd6VeEwvFDq7Hsmd6zZMl+oi6fakSnCz8TasMofcbc5P5mhraI6Ui/WgJi6K330g=
21YawLQpFO0PxAQGpAa0ljRi+6OSKhinCmaubzgFTEfgd6VeEwvFDq7Hsmd6zZMlkxheD0bjwoR036dtHHFLVu7Vi6pybRWuCanbU5rzx4Eh1taVzH6aELSXVosV+v5vDMI0h7nXtC+OWlVi6xsAKu3MM6//r6Feh3R/fgu82v2/fUgUJvf7LQJQF3w8Up6C
21YawLQpFO0PxAQGpAa0ljRi+6OSKhinCmaubzgFTEdGOFJWTfa9/o/n8GlcD/PklTBsl81yZtzo9v8xkRMkVuwCD5XZNVRTXO128Su6Z226Is47wNaLvTZv0weTFtjonGK5ZKI76589W/7zNn8Rdg==
kCNsyhFNIk00L4J1qr86kIujkhd+Z3Al0iAGmXrcVdOybh2w51XpMMVurgS9TnvF5xtu6phNZO5biTGV4Z1Ct+toQLe9FyIlWduNio9SFVU=
kCNsyhFNIk00L4J1qr86kIujkhd+Z3Al0iAGmXrcVdPE5DEnlWI679wfnhY7jKEQ8Ae+97WOAkG10qSD2IPUz7vFQjcJUcej9H9UEbiyYOtreK4VVujnv7WGr14c2NL3
kCNsyhFNIk00L4J1qr86kIujkhd+Z3Al0iAGmXrcVdPE5DEnlWI679wfnhY7jKEQFUglxDafrPdRpsdqiJW54vDBvqWym7THUsCX8u1pclC92hlEH7H83Ky+5gg9E7+0LrYtQgosAbkXB5DLzS1V0w==
kCNsyhFNIk00L4J1qr86kIujkhd+Z3Al0iAGmXrcVdPE5DEnlWI679wfnhY7jKEQT8nLwsu7oFd8ri9OhBQr6jVKvZQBi/Kx1id1KHZEtLZDcnrPO9I2apH5pk+OgMyq
kCNsyhFNIk00L4J1qr86kAO8nd2SvXKyqaL/7tzDRYtqjDZf604iSoeqsa/I+tdbVoVjTEeYEnWO9Fa770UuPqRYxQjFoWtpdyBQub3oC9ChPORmNRnR4aQH0FAVoEd+
kCNsyhFNIk00L4J1qr86kIujkhd+Z3Al0iAGmXrcVdMfrDa0qnGzk99tIBGtVO3nY701zK1f3T3diZkhzMJWTwWfSN1G1Ldygbwp52xbrciVFmQcQlA1pihZjlCY9guw
kCNsyhFNIk00L4J1qr86kIujkhd+Z3Al0iAGmXrcVdMfrDa0qnGzk99tIBGtVO3nb1hPdWzzDMkgRm+/jOTBAGvaua9Ngny+FZpVHvbnWY/dyxypYpzU/Y2pfASNwjZa40udhfND8BqAYRrkjp8frA==
kCNsyhFNIk00L4J1qr86kIujkhd+Z3Al0iAGmXrcVdPRrHlRIhrY+kr3d/78wPuGDim3vMAGJgmag18J/Cka8y9mkengZloOolIPIru9DAcJZCdgovDCFYofap45WGQ0
kCNsyhFNIk00L4J1qr86kIujkhd+Z3Al0iAGmXrcVdPfAA+F2Qe1HKCHGPlGbnoP7ONedamsJkDzZx+hrf5/XPpV/BfKYA5WSExJXsV+EDY0RTnwRQawFWG4/ICdtb5q
kCNsyhFNIk00L4J1qr86kIujkhd+Z3Al0iAGmXrcVdPfAA+F2Qe1HKCHGPlGbnoPPhx2u8JLNWwT8/vBhriHkTEtEORXErO8MIYQEcmarZiYwhqtZEyIq2vzFn4/IIaME7/Pv9Uwn5JCda9mESLl/g==
kCNsyhFNIk00L4J1qr86kIujkhd+Z3Al0iAGmXrcVdPfAA+F2Qe1HKCHGPlGbnoPr17KPqWmZqLamMGo7Q8Ndi+jZ5G5ee47y6Bg6joIyxB8u2K5YXp8oRnNq1TGI+so
kCNsyhFNIk00L4J1qr86kL8VPWVX/gs5eFU66bjESkSuVu21rwgSSpCGHPURdPcTLz83joqsuj6YzOGh5U2R8NzvQMr5ZguVe8da8nu7tcFxRdP6pjwDg2Jg5KaI7Eyp
kCNsyhFNIk00L4J1qr86kIujkhd+Z3Al0iAGmXrcVdPwQbTK6WpPobj/d4uD4KCBudYHTbEpj0PF4CG7DFXESowWJmSnyLyJqbMQLIuROP5gykrMLFlK/XrW7WM494xOnVMQsHiI1HUOoXttrXlMQQ==
kCNsyhFNIk00L4J1qr86kIujkhd+Z3Al0iAGmXrcVdPg40hogtVyPs2xYmDYeQbjf91Jf9PVH3zS4JHziMQ5ape91WCMVZoDnBiskdXZGrT/+G40OphXaPJDBp+NZqmd
kCNsyhFNIk00L4J1qr86kIujkhd+Z3Al0iAGmXrcVdPg40hogtVyPs2xYmDYeQbjfrhz+mvMxjjJypcZnDqyl+Klhop6GafUxvuw2/0uRGV2ytIFTrWNRnZ6RVJ9QdOreapvOe5U6pUezkMQ+fRYdA==
kCNsyhFNIk00L4J1qr86kIujkhd+Z3Al0iAGmXrcVdPg40hogtVyPs2xYmDYeQbjcDFqqHSNaXPUBi/4mSWiugktn7rHoPisXKTsKvYycIjmxLltqA1odT5Q1+EBl/8S
kCNsyhFNIk00L4J1qr86kKOH32TiAhm1CsPyLrSB4hiJ2ovtJSIfLvjygQa8jRB2+Gpp2N3UGyILTgozmkGb4q16xHeAoSPdlofXPWbsOu9lHMHl7U8VqeRKlS21BnfW
kCNsyhFNIk00L4J1qr86kIujkhd+Z3Al0iAGmXrcVdONi/D7VpYrRUBAAvtgejSmGtEcqps4pKJ1ehkasFcLZkYPznjbsGrbWNPn9dyZHAl9mJ8ZTxEz8uXkEsgMvICF1Q/sKTgrc2U2to/laaRaByB8xEDxf6PGHiFVQGTXUFM=
kCNsyhFNIk00L4J1qr86kD7zivjctucEWqIsKrAirLTIRG7EfhXqCD5eGsbb7K6F4orsRo2BJklPr1r9LygnHU1WsDQaLu3m7dXfcOZ0oukTk1u0AKs33MnxFgP8EHeCWRXDrWuULP/pXK57N4eZK58Peh7PRDZNYZk2jUqKwT6+a9rx0oC+/rHyPpP+ecXpo5nGXq4ywvyQYRNgMj3Iw0F8NPl2Mls9q61sj6oM3GKv+ZNVt2DWaiRhobAFNqYMpu4PF8rV6KyjAbyt9e285Y02nzVvp/dbjx/6K/XmOSXIB5l0Tj/Bboz+/t4gFCWlhbw7jN1Q0vHteONxDj20eg==
kCNsyhFNIk00L4J1qr86kGkx53uVdeFb5Ej6F7/zCMdBf6xbNkoMGuRABPxWuMNJxXgKL1mhDfK26Ys8BWTVrdUx56LJ7IHC9OtZUtM4+faMHMBQiAOJzTfxhs+HKx1s3hh0I2P6XDUMHWyrpsPbzcdKG7JvZDkNqt2owyF2wubwN0d15c66IM+hTxakDSZ/fGzfAqb+nNuqR9cfwGbbODq75LDkN+QT9W5uOtbrio0b0atr/YxvauV5hmyVrRPMizVUPTnPaYjGL+DrheWgTPzAgRcV/CJ9J4+xsV+X9cDtZQaEXK0P+LI57tDAnF4oR9AddEeSLbJvHhRHPh/0Cg==
kCNsyhFNIk00L4J1qr86kBD5p/slcLLoUwF7MASgyxb8BLLO4OuA5wRBfrBh81Ezp+snRMFgLodm9BlCv6b4+Y1G/2lW+/fuIhabdAAYnWE27xB6574/9PBMl2lnttVoJClxOpUXJieHi0P5Wi9YsxY9iLv2KJw7yvUnZ5HbQ4beZwS/Uk/Bhin8mXOCqNa9Onlw9MaomvfFNHSRe2eep8oBEzVjXlVkHlLjfpRjeIZa/UA/Z4lzg4iOGK5HqN+ubTYdV3sZTZGrp89YPx7/Q7IOmbnTS4ccMw1AxCSxY0omqrtvjPWpHjn9vQIptbCjpztwthxrkcjKOgtrS69syA==
kCNsyhFNIk00L4J1qr86kBk5lx6u6rOQPwwdT5Sf2uFXO0eNuHwFmacw9uuWy0+x3kVE7uwNbyZ17BqyTXc1CFQkKFlR0sqHip5pOodsgFtkIVQzyhlVCfUo0IjJYTIS
kCNsyhFNIk00L4J1qr86kMGwBNTcnRr1Ily+X9T14L2KDA5CID9fSPPNwmywqGHpCIBkx7NeegQe2a2Ux2MeL43UJuFXW6Bnr5xcBUXyBZyTNUyRPQHRa8ruV2xF1aOb9Yl7GhLnr/u0ocpk5ERoUBbgh8yGIB0DYw+ln0IWcFVEoAWAQl/7FqXVajIrDAG6rRZmZGO0t/Fu9NPLTEaRyIpS7vI28ekv1FQI+Nl6lR/4RL0swW0RuJhDHkXL+oD7NcDhAhj3BMPpYIczx0dQ6EtHpExwk5SBk8XTmKS7l0tJAQWylFsUjw6iG6h03bRitSY3QYxXLFV/P2gnfvVQ+w==
kCNsyhFNIk00L4J1qr86kLAWA/ywdyWrIOUhSLWS0+mgA15kWoxWRVfv94pkHJT+0zGuZ6KuDLKUCpX74Q+rr3OBcAlUVGnwj1aejcGSzMqXTgYRVB5LXE9/V1Y69mxL
kCNsyhFNIk00L4J1qr86kPNTSuLb9A23Jj/0CsNh74q/LKNeqUcHl//9eec0hFoVdEVc7YfiELXvAF8teS7VAvJC/urYKNkqE5tW9r91EzfMulMHXZ6PXXpR8KvicDbqlPsS93FO25cIAPaAWLT+zgEG7EfAkvpaUonDIhUKYhA7zELiTAK//LQbnaPMY5MtqgoF5IaSfrBhlko1KzkCnOPhW7NIRMRxebVXoOuL8zW3BbygwJJ9/ynZIOYs6YfOt7iQDCg3Kazs4nUQbQozH76qC8Je77bL6IyIkqVYiURHgdLAI+BHn9uX3r06hfi6hwQyR7S4uwg0bMVHP8d4Ag==
kCNsyhFNIk00L4J1qr86kH3tuLvHmXeD9f3w3PNC9jJFZbd+pUsVfnTbO0FVr0tYKtJz9qJBw6/CWwM64fco0VNg4PO/KcYbSJ3WZDlqngOz/9IWNg7fwLcrIBE7GeM/
kCNsyhFNIk00L4J1qr86kA2K8OdcZmKAIsTNvpc5AYPyH465tjIKbBYRzgi/Z5SnOyfC+brw5uBx63+ZwBtNIriUc64iMWVqgMiGkQfqsqd1/2efC2a73O0lXjx4RbjX4aeQRxZ0xKYO+HonhP1tUk8rhiqfj4qkDiysJSIBEyuh7AoVSJ/Q0R1xhPKe4ax+/zquWyYOAO+Kl1Ix48IawSfgYNDsBp/wUHoUrWiJgy516ZPYlzyK6Ld3oXSv0T8UncDClJDMqWF02WkG/QjoTRAHMjayvf3fuzpMnNRwvQ11I9IFwnLIEK2sJc6HYakz39UxIyxv6gBhgcH+Aeo5eQ==
kCNsyhFNIk00L4J1qr86kCEOOyHhAC3K7hmGy3VTek8bN6crJbraiJRK+Fu5uVobhH/TnBcwag32WVTCEBynCCALU3LsE7io4+xj1l90snF7Is3G7nWiin+NqJeAxdIEk3Ax5mwBwVIV3C4GJ6o+vA==
kCNsyhFNIk00L4J1qr86kO09EJPvtKtCpvwHKxsJsqzqQEYhLiEu7Tx4PfzCDir0uX3Ol+lYjveSHbLpk1zTfQ==
kCNsyhFNIk00L4J1qr86kDb9nagan9KKmYH7cHR2kpPSt7vGpFPJvAIqnJ8IsZJV9Voya1if3QTlIJcZAuee378HpNdXU1b5msAcU1LyG3hoX4OmhegZjYziDKDxvjpWyJC+VElhw+E5JF7+vkurIMZUdk3F2JxFjfpyEvaJTzk=
kCNsyhFNIk00L4J1qr86kKPdgrx11+GJ3ENrJ32+c1CSK+a5Np72i2eM0ZsWhzh4KJEahAfY25ffpxI6QcgkmliHfAGglXHrZWdqr+hRnhON6Kan5cK+luDP8SRCtxgZJOnmy3tj54cyQ6sBymAPpIdkSboEJtJpsApsLOKI6y4=
kCNsyhFNIk00L4J1qr86kJ45WIrkTHZHtX0o7gv8wgS8nUpQ0G+KXiXn7+2//1c5TikqZBGn4Go9zBEN1pfmcdqrAB7CIdKu0yV0DMkb1tOjBG0ZNQ0i98Bh8U0UEPA+PgpIvnNacM3UqMHhjrWRMn15nJcWIJqidm0HKuSCybI=
kCNsyhFNIk00L4J1qr86kFhWFaGCySiFzWVy+IN7GGJdW1/r2WfVzwoFinYmOIQ0eGOU/zwM1C2jfRcAvTVOMyiFxnZ5eVTRSyMs67gQtRpgGeYNkAHNrK1R5TLba5mRoSHIleih1p7XtOsaUHmbT/njEEZnYySUABbuz6OqTi0=
kCNsyhFNIk00L4J1qr86kIujkhd+Z3Al0iAGmXrcVdNv4mzHzZeDihspuxcQgy+mU321uf1do1viPMJcbuRIug7xFa0HBLDlmVl214ozDpIAAFZ0NM9ZzOeyXWMHJhM0
kCNsyhFNIk00L4J1qr86kIujkhd+Z3Al0iAGmXrcVdNv4mzHzZeDihspuxcQgy+m6OGr6apQaAyvE2WNlHZ95a7ClMiZqyrgQ68pLJnmUT+GXgmSHryCVEdVWbe9nPa+ORQII56Z/ED7xO71SydIyA==
kCNsyhFNIk00L4J1qr86kIujkhd+Z3Al0iAGmXrcVdNv4mzHzZeDihspuxcQgy+mtff/NyCjb4SoPg6snnkJfmFfHsoe/MAO8TM7bCbT1OHL3Uh+F/Fs3p0cCypn172I
kCNsyhFNIk00L4J1qr86kPemkFX5n0OMOR/LeTr+fuEUC5TzQhA4K7Omdd33/DxIb8yIvvCpKhRqkP1cnYIrJRPdz8veTsJaROVwpqkVboTPc3nPgcwPpRZVjEQ1XUy/
kCNsyhFNIk00L4J1qr86kIujkhd+Z3Al0iAGmXrcVdNOtSZF7DWC1+Sz0+u456QQnf/IhWK8YB5TowbYK9JQSHCFvv6Y733O26jP38LzGTqP+16hrLhKbBRHKEIdJrkeqQyw3f/xX8BKcnd4OfEnCY+MPQjarNMbjiMoqFLcC/xBWeTr/l+dHVMEuVLUvQkn
21YawLQpFO0PxAQGpAa0ljRi+6OSKhinCmaubzgFTEcLLeSZmjXhQ9rTK66cuXI+WcLRpV7CEmF5Fdbl/5Jpd9uN6vufiBL7nW0tsiBFq9T6gFbLWAj+WGmYySz2uSdf
kCNsyhFNIk00L4J1qr86kIujkhd+Z3Al0iAGmXrcVdPIrWV7HQZ09PvQisRTy/y3xkiwDeqNI1vxY9n3XllWD8a1uRbQt2OQnGhCGi1r2gA=
kCNsyhFNIk00L4J1qr86kIujkhd+Z3Al0iAGmXrcVdPaIC/VDhC6Zz9Adxwewa5Gn8St9vb1lMjGQcJd1KznihyZ7fZ0bVdn4CAKLcbeMMBNVvh5ckvCWVzNqk5SHnhy
kCNsyhFNIk00L4J1qr86kIujkhd+Z3Al0iAGmXrcVdPaIC/VDhC6Zz9Adxwewa5GWFC8xjy4Hs/rMbClZlsWrJ8F0gxQeFXyV20pL4+7KhyvVk/n/1q105Svc10f51lEZGdLvYi+7twqojvCZVj2Lw==
kCNsyhFNIk00L4J1qr86kNnYsbyA4tAqAVW9C/mGD/Ls2z57nxtNE4cuvMrffYtXBCAfJsk3isspvKw9ZqWhX8Py96+FhUsI/YO0ijMbU+QuDy8EMon23ef5z2/abtlFJVWy6lqo/ZRlQKy8R2LSJg==
kCNsyhFNIk00L4J1qr86kJla5zfMSJ8YNPJHYdw+1pScMCAdwN6EGjgsANyZXeaSJbuTXnCVPI+PHRZI7mcrM2TpQ2Ae5BfkOIV1PvvVHnvkIYJgx4MGt+XrmODxHDLVGSdY//rGye/4acpDYxh7Sop4WVYnRDBSQ16odShcTs5uxMG+/BqIbmF8zslMzYhkJ1mqjzkulLnClJQ3KEyEHz3LIfRhogZI2iE3lMkIodVtIMTSaOhsCRz1GtJwm08DRQQgGBkuaq0RM0IdqruenevGKUNThS4sU1SyOrZR8wvbqc8v1VLUSx4cgBgumQ7QA+ZNbsoMkKi8CDX/chDZMQ==
VOik9vcMKWXO3Nd0U1eXKABbMM4ttJTsDKfrWKNczcfa18fsWk7PmuFr6tz41TCLMsNXGOOOfzX3gyxCYpw3MiltxgeQuwH9YSKOk24/S+PT7of9mbyKBp4s/xvhNqnSkrybODm5uiZelVjgj3fFXA==
kCNsyhFNIk00L4J1qr86kIujkhd+Z3Al0iAGmXrcVdOq4xtmtMvp7wxOfMv5Nrqb7fjf5+dI+ptzpua5p7vDPH+KcPPt7W4VVjcygHwUTIVwalGOvAentFEPR/OBvHyj
21YawLQpFO0PxAQGpAa0ljRi+6OSKhinCmaubzgFTEeNY7/aqPiON9zJECDc0y0pAddePyMDdn3Z3Zw2q+rlezR9iL8Kd3pIimEa62EwaCz3UhCBiHjUlOEp0dddKvyZZt5jQDvW888w/SYQOka6lg==
21YawLQpFO0PxAQGpAa0ljRi+6OSKhinCmaubzgFTEeNY7/aqPiON9zJECDc0y0p4WJSsYuKeW/dtOXouZV1/Sk/vuHsAiciWYEWJC43EbY=
21YawLQpFO0PxAQGpAa0ljRi+6OSKhinCmaubzgFTEeNY7/aqPiON9zJECDc0y0pBxieV4ORlvgoWVyd21TYsknn0DbSZSc6hZPE0IXKWBUgx3Sy+cYuztVp00vY36nyswSAbKtxIEyHko24V+FjJ990ETwckytugXaQhTJIuFNgcyfzjZkJLMdSP8bvpdD8
21YawLQpFO0PxAQGpAa0ljRi+6OSKhinCmaubzgFTEeH+7j6L7iD8UD6lZJkfybWy7iFQ2dAHbM9X6gbIAgpac7d1HynYPnT87fyVNQ5qhHwPhOEi+j6Xs7e23EGfQ2IkJ98HGwepVlsW+6vWBCwUw==
kCNsyhFNIk00L4J1qr86kIKE/4bUb0zbLJchKacOzElVD6zVac0vtWXtrBT7MI7mUXpB87dIKRVURXyE3m+vjpzGwVw9sFD4NHkDTAcdM3JkgLyQTV84L0HZT1kOtutg
kCNsyhFNIk00L4J1qr86kMS1hahaFLdzup8VwbEMia3YEWMLdV8da/QbGAy436DklMXZf0FwRliJSz0TTdlt6BoszNbVJbWOqfJu+MnCxRa0lkySuzlrnl2azsh7t697zciJFGONVvNKDP4N+B4czyN2VN56lOG5R07PurthTEBzieDPXpKFuLl4tRQvCpXYgsL65a6lzKhiLR3zkYFDxHeZXZ9p4vA0lfyiB7L5MWmf+6Bh60N3QcVFBX/jVsDwpYKrUBvIfB7WGSZrqslpJhKrsn0qquBXgQSyWM1BrwXEBdppOovn0L7abSX8EP8bG3fgd2/NUr/DyhlowAfuPQ==
kCNsyhFNIk00L4J1qr86kMMiNLWtItf9KYJLtBEdownCv3GOi+4PO8mEshMOTpNkaP5vQ7xQKMmN/Yh7qiSCMlOcKv9VLLX9Zjfo1OeCSPVMU2Tv1nBK7gLSWR6wXDaWBac2n0v/2Zs+dpQhEQgkow==
kCNsyhFNIk00L4J1qr86kKFjQE4siDgJorRYSSp6Jjoz4yO7R45SyBHv7Sg0hYehv1o9kqcBTA6jOh+apHLR+w==
kCNsyhFNIk00L4J1qr86kIOdRjowcG3mVBYfUw+tWLudRDKT7iA8VbrEhIji3Ow32W+UjEOcWjW+R3vtiFleOgnhsWzvKaYvhlpBKmgrqDGt/JF6WRcxJj+OeBGJX1smrKcpkwRhe9/Ahtm32sAeNT2Ljs1OL5vKrciCINor0VU=
kCNsyhFNIk00L4J1qr86kNFWej39x5CMDtFy8xVBngCyJ4M4ZYYEpkl3Q21ELaaeYYFDePh/waJVfVtSGsvM0t6+2M4um+diB8ZIUn9gwFb6iMdcP7at6HaPc2H3RkjSfYl4zgMSpKEqiQjzYhmv/+qcsrh6KdFHsN3CWit98Tc=
kCNsyhFNIk00L4J1qr86kNLYVsFXOtJYA4M4CZ7CTYXnRfXHh2JEKlEqk7Vk+AOCz6qmMR1mO/P9qpLkn59YTqvicWdiCkusB0wpg4qdNYiB5I0OXllITexQ/0J4QvHDHIAC5iyTdcgBowBBTddyGzG5PtXPvT8UYsK70ADBxnU=
21YawLQpFO0PxAQGpAa0ljRi+6OSKhinCmaubzgFTEf0CTIZWG0PMQ09HHQBlvgr6RjBbywkXKlfEZskReCTosbhhATuSDgEDcctGCqIwL5v6N3kqia3kJL+AuSwbk7O
kCNsyhFNIk00L4J1qr86kD9xbiB0EuskTQxNcFGq34H/fLLhjEOcrN8aq/LjnGSTWK/qizCmAUcP5jHYSX0P5TB/C530QI49t/6umDynbInNaXSnVzh0cCJHKjP31FNsAlzB7mC8uyEkb5FOipcbuR6iShMrwEDqtxjzTZUyI9s=
kCNsyhFNIk00L4J1qr86kD0ctDlRF8f4RVYn/cgNVXxkluF+SZruMAt7KJzNfZ3LGaKLxIjgRtckb+AaqL+4D26Cpto5GjphXN5EXOi0phzRUv6XEFQECY//IEo8WfGjlPeCP7mDAoBuPg5pQL74cMgh97iwqIjX3qmECN/TFaA=
kCNsyhFNIk00L4J1qr86kIujkhd+Z3Al0iAGmXrcVdPRuiRaGNOkm8fyD5UAYgWOu/YvysDJOWM7q8ctIRH+B5CZBxvH5xPFmZng8XXveSg=
kCNsyhFNIk00L4J1qr86kIujkhd+Z3Al0iAGmXrcVdNFjzABLst/aqQfVg0bHN8ukabD8WN61N3VwYU1WCfWkWlMEcnNqCC/tBg5XGAwVb8=
kCNsyhFNIk00L4J1qr86kMPpGSAZh8SbNdz9x16Y9cEKxhvmyFYj8a7TAQPQ5WQ0qQrjxMmhHlz8hf3LuPyCKQG5j/GNsz5F5QaYnCc9vwGSty/Hi9cHSBBAtdd4dSoAlIkcLj1767Oj1zhK8xO4estEChn5lc/Zx+BGUaH2noI=
kCNsyhFNIk00L4J1qr86kIujkhd+Z3Al0iAGmXrcVdON0rC/bnlKSW9sGizEAhlVDyk8gANCywLW3gATG1GsEwlfvEfqvd2qwDrXWK4NmdMoYAYRam/MjBuXW4PVJxVc
kCNsyhFNIk00L4J1qr86kIujkhd+Z3Al0iAGmXrcVdOeN22vVcCC0jgicQbA6nlX+orHq/n7KZXvmCApZO9ogdBrXisN4jePWuWsu+vcuhpwieumxuB3BGRkirXcjxcT
kCNsyhFNIk00L4J1qr86kIujkhd+Z3Al0iAGmXrcVdOeN22vVcCC0jgicQbA6nlX+orHq/n7KZXvmCApZO9ogdBrXisN4jePWuWsu+vcuhrEY1xDnUAyi2a4vSbU8nrX
kCNsyhFNIk00L4J1qr86kIujkhd+Z3Al0iAGmXrcVdPq+Ix4ussBHcl3cT0/qxAKtOHW97DCklMKQ2hNfXnJq9suv05K+Dl6nGY8cmjx5DZEAajQZO4fxzhQ47bri3+Y
kCNsyhFNIk00L4J1qr86kIujkhd+Z3Al0iAGmXrcVdPq+Ix4ussBHcl3cT0/qxAKLJUi/v7pENcmYJclVwSiW0gfjsP/WziFFh+kRm2/N0Q=
kCNsyhFNIk00L4J1qr86kIujkhd+Z3Al0iAGmXrcVdPq+Ix4ussBHcl3cT0/qxAKoSbFl60wkq4E8HyIMuOihWt7MS80X5osJ53ueFyugm4B5m847bNggvhdJIkXRBujdNaJCVVqF95HCv54RaIRTySafZU7FSc/jRA8QSkUtas=
kCNsyhFNIk00L4J1qr86kIujkhd+Z3Al0iAGmXrcVdPq+Ix4ussBHcl3cT0/qxAKtOHW97DCklMKQ2hNfXnJq97flc2XWWgnz/vDrT5oWWVzNRFSrswaSpeyiD/6mbja
kCNsyhFNIk00L4J1qr86kIujkhd+Z3Al0iAGmXrcVdPq+Ix4ussBHcl3cT0/qxAKBR16zB45ijgjgNkcBsXsD+moU13HX58u8zzHrLt4/og=
kCNsyhFNIk00L4J1qr86kIujkhd+Z3Al0iAGmXrcVdOPy8STOwETegTOGMEcok+gi+3GQx2g4tCl5UMrM5BeGbct0rVWU3Wj0YPLlMd/pnXvKVuhhKFZvLUQYXCyC6JaSAOFWgYu3KJB4agBqufM6Q==
kCNsyhFNIk00L4J1qr86kIujkhd+Z3Al0iAGmXrcVdOPy8STOwETegTOGMEcok+gGWr74Of0RQovcOsFPLaIZNh8C52K5Paqv1OzRLJfg3mWsHn8/4jOm5/PNq9f9rKm
kCNsyhFNIk00L4J1qr86kIujkhd+Z3Al0iAGmXrcVdOPy8STOwETegTOGMEcok+gr4AW9XBTddBESMak4GvGushsBhuKGqCoioqZglOpF/k=
kCNsyhFNIk00L4J1qr86kIujkhd+Z3Al0iAGmXrcVdOPy8STOwETegTOGMEcok+gi+3GQx2g4tCl5UMrM5BeGbct0rVWU3Wj0YPLlMd/pnXVV2Cvz5l39gI3pI3ZI5DB
kCNsyhFNIk00L4J1qr86kIujkhd+Z3Al0iAGmXrcVdOPy8STOwETegTOGMEcok+gGWr74Of0RQovcOsFPLaIZObengfXw+pv7U4N7y+ouursNs29FEZkSHIUr2t+PW2L
kCNsyhFNIk00L4J1qr86kIujkhd+Z3Al0iAGmXrcVdOPy8STOwETegTOGMEcok+g6cVsfhoWcBxP+uHan3jFq6z3KhJw3yC0LOxXA/gBnuY=
kCNsyhFNIk00L4J1qr86kIujkhd+Z3Al0iAGmXrcVdOPy8STOwETegTOGMEcok+gi+3GQx2g4tCl5UMrM5BeGbct0rVWU3Wj0YPLlMd/pnXtFm2L5/z0kY3mS+pIprwe
kCNsyhFNIk00L4J1qr86kIujkhd+Z3Al0iAGmXrcVdOBPL57qcAJcTx42JxWyrBNS9Iz4HtiuSHSZ4JWUmfEvkL1bnIw+RNKl82P8yw0pmY=
LVHHPjDP0um746x8IH1BjeQ8MD7HXcAXpWv+NXAcjOrZUPRZE7mTpmn63poY76W40q83LUqhW+tWYMoImbhOzA==
LVHHPjDP0um746x8IH1BjeQ8MD7HXcAXpWv+NXAcjOri6U9w3NTy2hVE5cHvQkCB/wr8tybSu15f062ExF2PZA==
