GmcONIA9PFzHw1gpPLLPoqev3ytAH5KO3S/CJpMsylg=
35kyjVfwBJgytCi6KM5Vug==
FNt9orFfFSbPIXNSbXcP2Q==
gE2g7VQeqq0h5MkG44fPUw==
A4ZCFW7RnVRfEnbtNxUDb8VFIQmzxcIFLuiIjRY2q84=
cwgQW1UgxyVfBeSrdwXHsPE1eoSAri+NViVSjTYe4hg=
pYn3RyiaY4vz2unSybTHuw==
mAzeFbkWBGyzJRgEWJSZYQNn44wFaguEUnqkvHVinQw=
NiGef/LGs6v8Em6sqLz1GYGKB0111uCW/TAqgkiW0+w=
2lfNnhNY+w/3xMaMUxJbE0YFT/wvMlSDz8Vrd5FEs18=
QfSsTccS1eyTANpXBQ9QyyVB3pZgOm7RjIZ0gy8Zo8r0yoE1ffqM+UY02XoEBj0XL/lSkEx8gTe6S3e/OFQBtw==
QfSsTccS1eyTANpXBQ9Qyw4UmUPU2a0tKZ5pcvhVMUYp6yx+0r6dY9QEvYzLIMtWyjWCYsla7vqBPKCaioSZ3+wvDzlapME3QjhfqLZxDf+WYPIvr2NAESfCWow4798vLYaOCNQfY2w81448jkMmT1EKfiI7DGqixngitWjJ3V5IM/7oY/VkxfFZo5gQNIoeHi+Ox736KNwAc1p3IylG67dLI6hDlXBfT5gMZh0JlucZnm5gBWmi0fNznGKVitb2h0HyJSz9nmE60QIBwQtoSmsuwWcwouvYWBBuCqhL5eH7xdJhNACtJypcurmQJyTdUfN2BVnw6I481oh6I60QaJuTJrfmFafXaBdYRR2qduoVKCGAvCsLzOEH45qtSHUVP0huEVBNydeqNU3Xd8jMjB0MZFW/cNn0iFVwmQU2UIc=
QfSsTccS1eyTANpXBQ9Qyz9YIvmoD2FdHTBM+mEo7b7LVUqxxwHI5/Gmm518cTCPE1ySQ1hF+FkKJOVYbEexqQ==
QfSsTccS1eyTANpXBQ9Qy4IR6DI8B080l/6XQJwD8f3QdjEZkWrB9twcqdqoiO+uE92kpoh+wvjCctCq9euVrA==
QfSsTccS1eyTANpXBQ9Qy9UVow5OgxfN+noe8lX3MvDpNjCyASnEdRF1sDpD67PCZHZ3J07q+rE/s9HMevGJFptPbWnb9RjDBgpZScB0F9+/S9/fNKABTNbG8/DoTfoQlEdsyJSx5nvqlXy+JteUvIGHgePf/DV6ti7q3SCrpPGcQAGh6nkm0Ci7i3PV4VGuCW3s9YMvpHoG67hH6jkw1VrDsRSUjoirFPYVGnvTa8PJosk0ctPx8Paip075JhnzxTVNeFI3XbxgQucU9+O3hfoMEmWGtaWeYCu1FB+HvBM+xA9wfO+Hym29xazBroeLapHqXDcBjkOdTCk3cQ5nM9oVvBiiZJnG+PeUqHJULfIQVJ9aNU+7OTy/EGQ9uEpdqtlUknXY4hLkpyyDYfdnDVTop/9JK23t5DKsWQZLFRU=
QfSsTccS1eyTANpXBQ9Qy2lbj4LCMGp3RAU5b2WccHGXboINdTkNdljJEaomCgefId1QRZF/SrYpprsr7KDF/g==
QfSsTccS1eyTANpXBQ9Qy/Fs2qofETHY8fEuBaVlZi7ecpknJEfsAjjM6g2IAuyJWeBcmJgs1FD6XWmbUoBYUNl9VezBtZ1XtaYqm6p/S3brBPLdabQLrh2F3VJi9jOSlyewsCQSvfXQBA2NqwLIXMJBapFwlohW0/i+oQIEZM2cDNNMNhjDT0Y8j1cH5Z2VdnPMBtKwnhv5UgSsI/WHYhueXAz8LQjF/P4NEB+j+z8wPoO51Bg39lFvX0ZZ5ysTSA06lNdz+YO+R7sjNNV2zJHJgc62/7v4Tzd7RsyQnFEWhqiJqdwQO5+40pkhHzNOB41lvTOmx12q8zTXzZ+Z4cgj9MjfU5KdEkn35WNAPnQ5/z0jdALhcg0oEVCmfJO6HN8tgVCrGd5ci3aEFrvg2u3nOyGK5TqmRg8ZvGQaLJM=
QfSsTccS1eyTANpXBQ9Qy9xGBsAFjx6Cn1aMXV8rUjAvTJa0Q6epQogvs60uwIYpLnwkpmTr5I20t6Fv4Zk5fA==
QfSsTccS1eyTANpXBQ9Qy4bTw1wcOKM2sy4LeZiGaYABhwnB1m1q7gg+nUus2uT9xLILtnqm4p9b16OxRRBHhkCPdZwPFGwqOf+y5X88Dh8okKsUBIJMEKpxSK9raM//TIceQ3rHoWUl2IqW6gduzthKRfeY/g0gS9qVunfWhquT7pw2QT3ZyDJk1ucfGENW2e8/9pI4uKfXSo4hQ5YcA0IbDGQMNc/aDv9CM3ckkoKOhBclkGx+48+70JLeQXmfZ3H4gQ9UxSORHjTasAwR3VrcXi5ZDMSh1Dvnjtm0IqD0trbQ2RG+8giZogW/DRR1xqBvnSkXUpFsh8AWxOfUOscHYwt/zBWyP5JaN2vOlm+ATydGy6N407n6sWuerf6y+DhXOdCcqxtNr/1V6GByZMT1JDtPNXMePJMw+2Rn1NY=
QfSsTccS1eyTANpXBQ9Qy8CpameN1UJji2gxK5wm1wKrZAwdPEGfDlYimCehQSxLj0eo5unsNc305voPuEmgCQ==
QfSsTccS1eyTANpXBQ9Qy3CcyVTVWimja5QYvZ2Br8DNFFMXHxxE4CBpPLEdaDG5MMTHr7MPVt1Ta7S6Mo/O6Q==
QfSsTccS1eyTANpXBQ9Qy5gJ+EiatXBmL/SmwXuVYm6oqaIsDiIVnXIjMSGb8KGOMb9qg/AffuCEcf3Izsxzk9dQLUo2Lbbh+PrFuI30P/sdPJRrAqK5859eDwUgy4AZyUoDAYXG1Fc4PmzvKWMqmqwMdZCwpkMjA7AdhaCsNULf02l0g14YjsM77gYxGlttU/GGZiJ6BUgKADaJJW7nGug2vA9yMVQfT4rYa3/WDbl5AWgWHaOwDAMKIkOnxVOOwbRA/X9+d0tohU7Ey9/KKYakdfJK2uCaHOqYOQtCCGsMrb5dlEhcnhHKqtxcV8dgEyBfsw3PZRzQja67qiPJzzr6R6EB/89PqJVWgMtS+XYwGLbHkQdY2mLYuMwDp+xdNJHXDggqwDwgBRx5a0beDmNWVbkL73YA8WY/lBJLJIk=
QfSsTccS1eyTANpXBQ9Qy4Tfq7XkQnuK3BkceBmtRSWinI+Zo67w74UUK7CGIjnPkoB9xpoFt0jgEKH9Mfc/dQ==
