GmcONIA9PFzHw1gpPLLPoqev3ytAH5KO3S/CJpMsylg=
35kyjVfwBJgytCi6KM5Vug==
FNt9orFfFSbPIXNSbXcP2Q==
gE2g7VQeqq0h5MkG44fPUw==
A4ZCFW7RnVRfEnbtNxUDb8VFIQmzxcIFLuiIjRY2q84=
cwgQW1UgxyVfBeSrdwXHsPE1eoSAri+NViVSjTYe4hg=
pYn3RyiaY4vz2unSybTHuw==
mAzeFbkWBGyzJRgEWJSZYQNn44wFaguEUnqkvHVinQw=
NiGef/LGs6v8Em6sqLz1GYGKB0111uCW/TAqgkiW0+w=
2lfNnhNY+w/3xMaMUxJbE0YFT/wvMlSDz8Vrd5FEs18=
QfSsTccS1eyTANpXBQ9Qy+5nEuXMqB92SjDeDqWCa/OESzTxXNQZR4BhBrQ+g9mkAP8Nw5yOAabpwpXb4X8RSQ==
QfSsTccS1eyTANpXBQ9Qyw6mvXI642pQoGRzdUqoaPWgK/qhelCRjNQ4UyEdE7OsSOVDe0QsuC9BhbOKxRb7NQXsTUlN1rhR6z5Pq9WEZ8Sx/F99vIWJzmdfl0f5fxxH2dAGNj5n5MJm98ohh6Dp8uxzA9ym11LICWve8/ayU9ipNCaevGPhYI2B/mKabwrFkDiAkg4TBFE4onwwui7YKG8JudP4pRVOCtMcG0ibkCfkeMt2Cb7tJxscg5DgPLo5ozHEDs4GsC0nzrBdAIDhbNgk7/qSiZj8ak1bwOcrBeM0Y8n/k88j4mQmO7FqKBeUOgTuh2iyO9k2H9t+ljT3araAjANGROg1ZcGgbyZLPwAMHbB0SpT0ykhfJLG7MIUI7qSFf59EgPMM4iIkdgfsfMMDdwJbMnKA7h7DQfBse/s=
QfSsTccS1eyTANpXBQ9Qy4sQ/bKkEzZzkVYCzOeV39+wvjCNgFXEdgj4apMfdtIENEL5UxFtchpsv9XCCvEIvg==
QfSsTccS1eyTANpXBQ9Qy9wRbh0CsWStjayJ/W7AQ1uFi/u6Ay8AWseHYWQEOlr3QS7CMimf+TtPzXzlug2IZA==
QfSsTccS1eyTANpXBQ9Qyww0HzkAuJrB9vrtwr5kJN6P54zupZljol/El/DkAeujm0ZH1BhdBrVi/Zw6kEFpXYKX4KOzKg0MZqn0OZeJhnEoJL2q4l3spD/c1NY4fRZktEMt6AVSFAeW2QKCEIwzRkCrl1vWjAKcmnJQ/HHaFstpPMZn4WPJaLNBUhxYn7vtYCf/j/q/xJ1K5DUqE2BC0V20LFbodZWqaatYkkgKj5YhmuESLJJRaQIhp6QgAF1DTq9luQeOzxnSXL5noIuiega4X3HIwYDF2HYHSMG8ZKX5iS76TvHPkzUWywDcIiCPPaEKyuIOrZouLoI6C9PdO3nWBCuYm6DNGjC7fVcf6zuREf4v9AFhAuzEI1qqdmG001JZRnWL2CzUJVnUHKRSZshmA2PEKUGWHswGanhFn7Y=
QfSsTccS1eyTANpXBQ9Qy6KJp5QRcet55T8sViJ/rnLnbrHdt1xJL9NGjR881pdaPr26ZGeW21D/oNynJ9ZZvw==
QfSsTccS1eyTANpXBQ9Qy91QLEvT9aSJPq5f76XQtjrDTsul/+dPsthivoeAnW47VQmOcvbBQlLkVGdLSM3loQ==
QfSsTccS1eyTANpXBQ9Qy9dG8w2UjOH6ZsC6677H8gjFcpLEXXAGjLofA2M5tj1Ba58sRoRkvMSzCPMghryreKO35V7zU2W++LhUTTWQY/KxuPNM8vhgfaGNT7bauVgRd9Wlj4SGBfr/NkF3B0d4LcDpnyIgVCR4BHnfmZzbgnKQv3PDvVfQOB2mANjeFyhheoN8sdZnjiR+x6HSdq+wQ993iKwz949Y9Si9bP7X8WLVKOzhTmJoXaZtgPqFooVdeXYYLycGSmGQp9OmL+PmJ/QEBsokpP+9lqD99mG6+3uAHB2ndUZ2jZx/2MaDC+sIQqIdf/xEzT9ei4UoQak6RUi/602C+cl2f31COChypOWmV/MSpZ+0weZuqE/T+4aaFToq00wIeE+cfMr5B/UPogJuRxZYtx6iRJRPgvIO0Vw=
QfSsTccS1eyTANpXBQ9Qy757v9sMz2YVG9r8CQjpj7SJi1wMNjTDVpL4DJRWIzdICjpRzyG7p/v5YO9J9A6+9g==
QfSsTccS1eyTANpXBQ9QyzSKb1RGmVhV/7KDFYsGo6DD7hoB30izQpgXEVc+LfEwCbTi4CtI5Z3n6CiP31wdSQ==
QfSsTccS1eyTANpXBQ9Qy+hzakRUPpUyH1yH7W1m4Q2ZmW3KD606PKiNwLgbyJGIV2TNfaYxOMbL7eomCH8oKo0wu8z4fxECWw5RQ8OIfjpePK2eCsLc+kJqctL09m6kikczBHM6bVYxVDfb2kFWA2NFd/e+tfGNi59tnoVGwg0xu598CCXMnJrBGiuJx+dve3a3nkqpdoJCuVdEjLhyqcUAShW3KAvQHJFjL++1XEEGLZeq+ftp0kehoX8Xypcn5YpPQgWNQWO6vt/SZJJXpywIKc8ig73XRoqOZNhI0Lrr9BUIhWcU4IUZ5ACCIxRNb5LeeDRtIczGsqt0uOgQ4+P/EbvjQn3UQUnrhyqMDpYzNA4Q57NxHegAUn4TT71MwzU6QmN4e7mXJ6Ght6AfXhvtS6YEfTyX7irg/h+PmK0=
QfSsTccS1eyTANpXBQ9Qy9E3myCVVWH30fnCrIMgNAUNlXpee8una4XvoZ7Pqo1le3zxyhfo3RzBJ9s3QxFpxA==
QfSsTccS1eyTANpXBQ9Qy484UlAPioXgt8xOd1MgTxZxUGyGgmEGuk/lydj9qh6F7lplvgHS7a8xOL32uIuqRA==
QfSsTccS1eyTANpXBQ9Qy9E37WPETzlgAZhY+lMWw+QbJP3CDmqBoBOaJenusErNaa297z9rFyCydiLCt/cQh74RbS4eB01dy8/RZp48A0nQEujb1+74wG49Dn4mq+yWvJV0m8OD4u6Oox5vkXZJBnue/P1Tfg5MyNyk04dXM2q3VknGYaMZoHqNFcnVUlK1/4U0vAhTdxG2FndJnRZHk/P4RU3pDTuhDIwj3/b+EhUUQeUXdT7VTE/L/V9rR46dlJCOOQ7FcPnP9MCG0DpJknkFSuoe+GyOsT5Vtm0PBk+uZaRa6zwkArR1GBg827t/tqxU1/INfpEAyHnmYwgIcBHnXIFqcCR4DVE8XmjoDalQU7sjyqv7G5KrEmAATu3S2fsgs7FffAZCI5RaZwwGBrLG4lBYx24anPDtPvT3LAQ=
QfSsTccS1eyTANpXBQ9Qyzsq/gLtd7ZX9Jrgc+42ObuvJ0OUpMtavX5muYwPuYysCRre0JwaaVmKvGUwf0HMsA==
QfSsTccS1eyTANpXBQ9Qy5wjnSyevGx+0tLZKLLBJpQ5BtP8RZudUdsnul/sGUSeZMO6y6htZam2jBiSdrx24Wqz0PwMb85WkMCKhyEFPkQusMgoY11NhN4XAe7m+HISDX3Zg8cm3P77YicsaEP1w9UeKGHWhvickdGoS3zQdVj8jWVEQr4FZ8TOnhrc1ZV0c8Ib/1NIV3DIRmAgiNHpfEwuLRmNos30lb1pQcJZpRi+fE63k08O9tddFrufDAXFXczAyedserzhXZYeG7e4Hb17JC+wtpQuZZ1Gvdluic3wGr0637sGhVmbjKuMAmxHmaZfQ0IScEOUw55XbGWkOhfcwwmCuf+tMPQTxDHN6B2ZwQ38GsyqxtQqvYHIU984I/lwtbnZBld5UDF+JccHcv//BHujmlNYREnBULF3Q10=
