GmcONIA9PFzHw1gpPLLPoqev3ytAH5KO3S/CJpMsylg=
35kyjVfwBJgytCi6KM5Vug==
FNt9orFfFSbPIXNSbXcP2Q==
gE2g7VQeqq0h5MkG44fPUw==
ExPkcbYFeYs2lHSAMsaJBjIbQm7FWZ8YCSkKK1z2aPs=
cwgQW1UgxyVfBeSrdwXHsPE1eoSAri+NViVSjTYe4hg=
pYn3RyiaY4vz2unSybTHuw==
mAzeFbkWBGyzJRgEWJSZYQNn44wFaguEUnqkvHVinQw=
NiGef/LGs6v8Em6sqLz1GYGKB0111uCW/TAqgkiW0+w=
2lfNnhNY+w/3xMaMUxJbE0YFT/wvMlSDz8Vrd5FEs18=
aoAqZYVtW41CvKehOgjPtzPiiWtXITz1TWa9EjZWa5kaBkT9tjC9RAkDyY6N6rlqrQsOitBm5vKRjEVg7eGPMXMi1i78xtbcDkqHg1lwcJyS0ja+lAbwBID7/LTc9w+62tWaXmPNdP8fB4Qh19r9WNN6hEsSoeU0ZKw1E802VbixCTxnKrXcP8jJI7SkHWRcFqZI5U9BWJfIYfJjvbGo5Hjmj9vv8DYC532GPGVJ/krrv6JNVv1XiCSyyLIX2UATDyjHNvNDBgaAkeQM/h7eLc95g63hMEPnKX2dQBw/zRX64XxJcz/JMLB4ZgL9KkDYc5x18kGGcy6XjYV7nZC5JUPr3QXXqAr9JKxkijvwG9jPdC0LyLA1uvzv74cZOpT4VS9AR6k9Vj7y6JOvBQYDDwesMKZLxMg8evx228g5T6Gn/4Gkb2y/oMLut2RSPYusXOOnS4ycY0PHV8snYKaL/tRH86u87GbdRoUAFy2FpPh+I/+p8pdO+0dQQ6R0xBp3fcTRKxey75C8hBN3QSl9hYCDy8VNAiJDQG487ExBXxd3nF7ViNrSzFcmcsKkAilx6gVRgRHxavKwSAscqcYkgSq7KezzsvvmwTQ0cHTzfUJY4la2SbmS6yvD5ShiZLHQhjVBSIFz8lE5sSApdA5ofQ==
aoAqZYVtW41CvKehOgjPt0ZU+z+FobZfM1tpzAs747hpVfunNcqHYa9qHaF7fAICLSTBqfLGnDqnfM2vHsChIs2meywdhkcs0MZWwqlXIV9nzBPx6ymsECOizpfmyswcgdPppz75RXQTFLlmfeaZO9+PsfEUNS164DlE2i4YFAHcBTNJQtYRX1b+wbDfUuuQMNw27hY1yl+GRsBCOHfpP3X/crRV3sP63l5WGW7quyLcNkRHHDsKejtPJvmS9QCPolIAiBnKpu8DHiPi3Mt1aF2Xg5tLUYzZcANmuNWoeg2SmfEHBg0AUdo/QJdpkBOgKMVpStb3W/0kqlfhrmNHQXoebpSV8EAapGZzexl8LxC6Oz7b/SH0ONZNKcP9qC2ra8WdHHTHXVTyjdOvDvGo/2nH7XezFQkUgJRlqeuI7qQ=
aoAqZYVtW41CvKehOgjPt41PB38UVV/JNl0O5giru2BeXjgEsPVbjDEE/ViiN6Lru6oM4L9oUoJTQpxxqH1yBAsLf29YO4yKKGjfKn5p364XsQGjw6ebvyN6cLsCJ0WzIu/uSEbGZKLUisqs9ubJwWmsMdHwYASlCRs9la+W1Vqs1TRLwpvvfC/cQRo+Yt7RsAA6hTtqEjGEGtjAtq9VneUpbr8UkBRyDJUT6ijUFp0+xPv8oS+MMrAYjEvQqcyWadBNjmzDYBGErbw9Vs3o2fbeB8eH3Q+uy4kmuH9ADJdczpfVwqPP1OcyA/fIcORGPyIiUia1GO5Ams21A5AiVcAvHgrGaLI1gQ58q5lfTFRh80bmljMzDfBV4n/STLa2sf/65HITD+9RzVZGOy2TKdJQOljoEjOFfNiM3/V4FHQdoSvPw6FoZC7nG+7iQz1Ngzu7ij0Qa6VCSTcFOkEIdD1PD2rQfrppnNp+ZFGb7502vvoCSkRiCCxDq7bVV5dyI596p0ZUsUBY4SJXrwssPc+ac3gyQiSW5ifjZc9bRKJfNnU8QbQXFre19E4/EZ6jPO63InjsJqv7UlgtO5OkXXF+FHKEYYO4Jj9VRTL7qGdSK7NgNGqNNuKOAXwUI0UctZrM5ygjlcKilHswv7Ts4g==
aoAqZYVtW41CvKehOgjPt9yJCWbYfL0NYRkqdfgHHoj0R/phCEn3SzKDFrvh3Fjw9a6tlkVF0mJwPZNo0MXZxiyHCHvWvtk1ycA5YA6dEF/JfhqJuE5XACzQfqPKozWPADJQ5FQ45ns53iQit6FrlMUZlfpVL6/2BQmxawUGfU7qCZp6RVR0ojm2DWflF7kwY8mRYPyYSRhL2kBvd4Q/5zWr/gdrOzNSrkGjyz2+1IK1jWaZ3I2nboEEbAglPi5pSyzVJ9w4oDxYermoBIiv7kgEXON6JRySUzX1Pie3EmWE2e/4/CEPR/TeQhrDak3N2acmvZaFZZA1gtMD3MmdqbS2Gjvu6bC/R6wVWTsDI412Ma+pQgd0Yd3Qrcv62Isd2IuphyI+tCdH48Z3P7OiBswYUCVW9CMJtSXsxNiKEmg=
aoAqZYVtW41CvKehOgjPt+t/Vp/icfdVXm4FQelbz1OfH7Gm5eUnpVnTg23yA3OBBZXaZt2ED0lQrYLGJjElPklWZoI+K62rat+AT2tGyy3xC8RUsm4e9sMN/Ni6kFezqavaJOit5w0kyXW2UPGMYKGaq5C6uBC0FtQp5ByY3pOtYgNH9P40q18ioaVt+/S2Hexf/IJoO6ZgCI+iXkDKQaEu1l0liBe3bNkm9HnH/bLSobICtMDrrHZ/rZQTReH/L7dPLuLu4fAVfT3UY+SXL9izOsskp1NOscL49VqBD38GgO3EY6W6Gn3XmSlY/mwqppGPdYTTf0ut18f0yvpAh0U5jzU05qYqT2A9BRJ1TRoAJ8OHngEB6mZzIl5gKpbc21fJqgzPemqzpLTsWjdYSieq7WSLpg99ABw0rv8JTCsll7HNsjR2uQPcGxcjZSdXTylS+n9w0sUOnTTkf/hr5jvcALiuNe3S5Z9QjIqmrgILW3W5KZ1Ou0cwxwPNKhE1xZqKRW9wp8iSNz5hNOi+HRU/5ryyOYuncwK0/uFMNYAKrRt/OKjvnF59Q7olyQasJmRVoiBjyr/Z1fNXXYkUYG1mWXt67GU+macIeblkB1IyxPV6kyjSSGylbyOWNZhnCYPEgc6LyO8w/aBZZMYGcQ==
aoAqZYVtW41CvKehOgjPt30Xs3QxgCYMAQfAuRqKl2ry26gbW8S79Hr8NYXaoM+ewupP58+ZogB/TFH8wi2piqOcljwJHJTT4FtI5V48GJtgm/s3IlxZ5TEXPj38NMCI3CfRQkdVXuVVNsj3j3ETI/iq8PtgCvZlGdi+sR3iZetMfjoGMIsu7O2f7ORDf+AWd51yOqFvrdZhn7xrqvVxs1sLPlwVBc/6ZJ5CU0g7Cet/zZntBBVppdamGjDWBvZH+jLx0/xH80SRJ37ELkA6Tm8jiLv+g5fjOyhDmz4ve8B3Vt4xmOU0my+SrfBMsAJmY9S+bBrha6YuARO5s6oiaPSUXq1u1lrUlzH413gnkGlEGgtsnEgewueQd95BgMCSLEGX0J2yYdUlD7MxdmE/Nzo7IT429tOYYqhmgMRivjY=
aoAqZYVtW41CvKehOgjPt9C2t3w3DK3UA5A2KqZEq89WpAOc4SzExGYWsSBuMvdyijjCNCJLQvN1HumNSAFZwe+VGPydxFCBOS/t3y9mVWa5kSYQOtcNLwRiX2IaujvYDuzrHmMQdYQvx1P1b/mRrAiPISHTvKvrz9CCcas5a+efUIXHa4JF//cKxUxIdrPcQDBJzfilgsrtREAHBLQeDUUJzXasOXme8ql7fwR3BdIjG9hV6XIHpMETyhX7aJERyey87j7j07eCJTzbWC+HI1Ne8tAG9Fw/xq2MKIbTZi63zyIBvsenKDlxkMAcRVTl8hJhTihh+EmB/XCzBf5SuEWztayHQYQT/Rgc3piCqc4IUdizaPKuLlhihNn4wEo2ZEunMAKcwqGvFwWycRg6b+V3Ds6uPMe+IC4DxN67+ISx/lpJ4KEDoDCtN5V9nW/diHopTnAPuTdPXZ8t2BKfrSXNtI+LQvarsQe1chHGPBxyQR+kbQzL3m9mY9hzwzCQjXDzqNk3IC7VcliQXFq5TepmATl0BRKXjOY/of30sXpAN63VsKrfVUqy0iied20ntmMZVD3rBdbh/CpEHdGbtZwwlLRHO3U7gQIBxTZ3SFPwsUbqpwN+72XFYR0KaEKEfaPwiKuS0bl0NhVdlDjdZw==
aoAqZYVtW41CvKehOgjPt6CJ0IN2h1gVWyo3UMLv/jWlu3izbwwH9pYVrl6ePlVqkwEGTOR72p5sHIxRVsdJxbo6EnJI7V9Ydw6fNB+mXOitoyNcXB6/Za3hqxGA7SVYZSct5nDLPCJ4hreLxgimqgkd/DkDOs06eIrl56l4bErpdiQCSKJCgLBu00F/C0oun7Qvf357Vrep0mcaceicB4mEacx/24paEvNSZh8N22tj/YZY1OPLbW7EwFxLhlprHm9hNtRGEO1FQlO3shffifvQ++WGDuAYpgfrFxlPkpD65ye/si/Uc2tC5o7JTMo7/1GhppZk24+96prp4+FHI8QGR/NOH8BdqbW9YOtOi+dIU6k/clAG59CTWiL2aVfVpm62x+QhFB9BwgMMpZIjeW4GVuzujBZNpQBepqY026E=
aoAqZYVtW41CvKehOgjPtzCf+29vR7tOE+XuMumdNJ93bjZ5qmfhDPuRqLHeNXoqwhsaXhKQeGXkqxN7n/EOiSUyBaiaV08eqAWLdr6WIgYnl0Sfs6xaFond1gAOXsLmhAhkbplMpOjWmmswzy97MU5QDhkkS0t5E1BaAALzXu0W34amveu0G+VMSV86Gk3qyAr2R0VqoUFd8Mf9hMw+c1C4It97EHohsbMBMzBvaYYoNz9yKh1jKy7/4xZl8a1wa9LNftlre91NerPN49aIeC3QHKRvz1RqWYiCGLqUvxBRxV+C1CEgEC7ZGytZ/nGqtTei0tvhsPR+9+qgkIWgh0C3NE2mkfIOErWbUIGgOM9fKd++qvDQcEGnM6q2P+AgPAAmUoplHecv40RZhFiEXDLR4Oi3wOoDo9d6r0mTKWF4TL8azudOcMaoNXoYNq+nLvCGoEpuCg+YSUh3n6gC5JXbiXqftKziDootzZNxAtDIKs0xSxt1AiDd5/OvAY5LdPM6KIjf6/bMx5VpsSdMmBZXUq/gJz8TLnbIF+Ilp6d/TYDTuirT1pWe8/JClJ2wpIlVYj+8si9Sb7LqjUZQD71kan7GhPi8LtzZfLfKrlIBQM1xtBjtrRwQhTMctn7P4nja6611iOSACbDeriQKeA==
aoAqZYVtW41CvKehOgjPt0Pg+1B2pux/mZ3TbaWgSnePdHqoA4h8C+LXkwCF9j6Nfwi4m59q9DpNfgyo4TPjDnW/U0m290PZ+fsT2M7iXfJWARe9Qx3HeyfIb4opLisMO/iPt/etvHF4Mv+fUOvFRzNyGOtcA4yfWpNoPYAghUYttyNKN24pFAFaJU5pCAvi6i66xriuzeaU3iEq9SAVqGVO6qy7x13XMbRd67imclcKDiPqLwCVtdbZ7qr/GGOnE4P6cM1ARE/uU4MKR9wSvtG55tvE1gs6z8Wu6WjPezsARtHVZ+9/4oueFCn936BqGIe712WSN6ZeEMS/Z5ax4pcId+Z6R0SsARRxmnZ3BCYl6dyMoWQQuk01X3Il8CT9cKvR6w25F2c+oUcVLYxrTah251dQvOkwguLoCWxqM2k=
