GmcONIA9PFzHw1gpPLLPoqev3ytAH5KO3S/CJpMsylg=
35kyjVfwBJgytCi6KM5Vug==
FNt9orFfFSbPIXNSbXcP2Q==
gE2g7VQeqq0h5MkG44fPUw==
A4ZCFW7RnVRfEnbtNxUDb8VFIQmzxcIFLuiIjRY2q84=
cwgQW1UgxyVfBeSrdwXHsPE1eoSAri+NViVSjTYe4hg=
pYn3RyiaY4vz2unSybTHuw==
mAzeFbkWBGyzJRgEWJSZYQNn44wFaguEUnqkvHVinQw=
NiGef/LGs6v8Em6sqLz1GYGKB0111uCW/TAqgkiW0+w=
2lfNnhNY+w/3xMaMUxJbE0YFT/wvMlSDz8Vrd5FEs18=
aoAqZYVtW41CvKehOgjPt6atNxOixDE/op59sBBAJzFB9ppRCjqmv5C4oIoyCb1yFZ4zYUWOCkM9PqHrBFSnwmpY7cTo7cn4NLrU0A9tM0IDFANZohwW363oI1ubqRs3fJUaHZUVz7F10i3AhD4RcfcgmP9Npy2u0ZBCH4GWYTf+AVGrPGMIfVALt/j0b4QKk9XlUIKGMW2ENLhXCxkiE9pGYs8zrX2onKzFI9JsTNbbnhXF+Ct6Sxz4oQJMD2hMA+ZJdGvNELF244ijIk/7x8VOYOyqRFBcAr4kvsHhl2KWe04Mp3Ad52gkrju/AYGANt5Mftq+2np0IpM/8he+jLydllukw+mp2PNDuFnFT33/G7ipVT33uvABNI5j/9ziQi3FF+iwKsgR/uPfFUqudwUWWYghu8YJYl+FlZGOdnk2kmAaF9CIYXlosikcYLJbso2U5ZXfMrgBq3HKVyIOSajtpGRfnBUgdW16aP6tvNuhhcrdNKXBOmCRo/fe2yA00FZ04VfShMeNzzN5p0avzbYIG83wHtk4IbHLdLurPR2C2bEKHJ9p2UzKcWzqrHMfxLXV++lCoJPJQmINKoaDXgoWXbvMLkZ2kJabgKTfmzjRwPWnISIVR8IY5H6FAnAYFawo81iFpEWHBndEYPbU+g==
aoAqZYVtW41CvKehOgjPt+DaXcabKy6cfGMVenXyry7N3QLNToFjnfeaaNHEATsf/czI4uzW3tf7emyIGX0joM+yMMjlInjJHWPOgGsK64+4rDRSkAPiB2QfEgusnpT5+lXg8E1xLhvG1MTWCmVaxuagmgahh1UdYsambDeFxTIqtAcG5fpaYiwQH3RAkJcUo+osg/+UNKqmm2Ww51C4jFgu3NddsP7fmIKZQN8MA9T40jEPzDt723YcnRhZcwi92L3Ae+wl1QPuTkaoTj4eo24pD75QrPmGThBy7wrpphdcLtikj4m/UgPcN5eUvBRIHKHOrVTDIlQYfuy+7/OjQ/9i/WKyVsDnRlIhSV8kAKS53UU7CSLsZb90V5KmyIsYsugRrLoQiuJ4XJXdEs/PPPe0ZcAui5D3V4vbJdK6kc0=
aoAqZYVtW41CvKehOgjPt7iS+u72qpX1oP50aaEhQ9xOXs2ogrQ8yqxO1Sy0g+NFUiwwS0xmF8+T/oOBLcE8n9QvxgvnbVqgzOzOOUJ+aF/YXmSPdwHdsaYqF6qbOi9spjS/YSxlcG2wKBWL3s1GplYVTglXX1NAVVPjB8rsOBs=
Yxfu40WxoqVoEfR9W8a4SvSkLopm2s6NaPG7o2NcBaL60Jd+Ek0TMa3mP2D66X7+4STnb9P9UYYbN8ZMQ//9SVdwki/5y1tGz4lqQlBbi53wvJe69B3AWxZuO2fGE6QNMT+ERAVH3dr+eGrnH9P53pL5II3SR4QCr7I9fRm33nmo2moeZOf2C/4mtycp/TJaaNCO7ZZTzv+ogtowtZ92lZyZbev4dGHprs23yavdNOc0HJLszcDFzHLFLb5QhMpaatzcP1/Ajry+Rrr1WSHMIStyaqVyV9zoV+giOs4RjDYLod1Wx1zBPg0arwV9fmYHOCXwlvSi+IukaCGSW8WtRHwdoWB8M+pHhb/xegJV3UBJsqxBQLsWlfKJ41Z9kY4jGs51piV13Mbi2K8wEn+oBA==
Yxfu40WxoqVoEfR9W8a4SgYrnSxiTJrKK8Lfdr5eK/unIifGnR3SXxIVgAilbrBP0Nh/eScfD+lqOn/wWJx5K9HPUbX1abM7IBnzZcyviA0XmyId6wMP+IGrcMtZxgzi
Yxfu40WxoqVoEfR9W8a4SgYrnSxiTJrKK8Lfdr5eK/tTZTaxZO1IZMw2GxcRTrqA0emoWpVCxqZxOXj/ZgEXwm0XUeGHwKEGpdw0g5BL9Lj6aIu/cenG456du5VY0fK8
Yxfu40WxoqVoEfR9W8a4Sp7Itpkm3V8tUYD/s+ULY+SvAGCMurqv8QdSlI7j04Xr91Vht15BSMW0bB6f4GwHfwNup2pZIEvAL3Dcjuq0YaC3oVXf3Yr4wBfLH35GF7/2
Yxfu40WxoqVoEfR9W8a4SjckQvLgqBhkoTin5c9pZZC6f5N5ajPCAQHCCbgfpLp3ek3sJlIL62vlCxYvrJrHdD+lMqV1H1vNNo6jEc01I10=
Yxfu40WxoqVoEfR9W8a4Snx0Y3E1r8u0bLXpd6yO+hZwRzNeqQyJfhV4L+75+gFe0uSXkpM7XOy7BjBcc7MZhyt9ahmhomCNQkia+jukcVwcH25UzcnTCTxfCAV+iMG0
Yxfu40WxoqVoEfR9W8a4SnWbRB2dO3woYvOiDvVZJqbLsk1Y1tOQLctK+PbnEeYSA2QtiwzfFNjRUqv2y//6mkGOA1bBcofCQ6Dp9TwYsEo=
Yxfu40WxoqVoEfR9W8a4Sqw5qzIgrTUydw0O802wYs35paSmNR4TlCVw2OxzmrqrRG1my43JnyAaT9Bhmi/OwCSODN0bMZ5snpj7m6OYwQQPd8tAkQhrquElAuQGzN6H
Yxfu40WxoqVoEfR9W8a4SmzcKwjHEZ1AZGpsWvxMly7uRu4pZvzlq/8Xh9f4EVei8zTgDpUvQPGnzm1Hjs/hcl36M0nMaLZq59pWqAvvf40=
aoAqZYVtW41CvKehOgjPtypQ4wBWY25O6kIg+xJnkkVm9LkZtdl6vspqUAZHRaI/wPHzMIQuNRxqecuAFTegqGOzAhI4CeWoksg1rZaIhD+GnESilbFgDt7+eiFVGD7s
aoAqZYVtW41CvKehOgjPt2ks9Y4Q6z45CjD2OxDwtseHtAVxu2RQ/PcdriMws7RhvfoTAXfr/cb2G7kt7sw+wBpyCBt7jskQqQxdcRozpGRMQ6VlsCbGQexmdWHDJ0pie7SJWnFdMvcqvkcZ0Aistg==
aoAqZYVtW41CvKehOgjPt2ks9Y4Q6z45CjD2OxDwtseHtAVxu2RQ/PcdriMws7RhvfoTAXfr/cb2G7kt7sw+wBpyCBt7jskQqQxdcRozpGSVT1cik+jr8ZkHsWA28L/R
Yxfu40WxoqVoEfR9W8a4SmUylNa+Jh8XBOWrQMfA/Lyu+uc6zZhBdUQY7uh2+4oFX5TA4PdpRLHNNQ9EYCXNy/1NM6KAeN2IvdqDgAP5lJnl/7XlF6x+I6AAw2x3IQBm
