GmcONIA9PFzHw1gpPLLPoqev3ytAH5KO3S/CJpMsylg=
35kyjVfwBJgytCi6KM5Vug==
FNt9orFfFSbPIXNSbXcP2Q==
gE2g7VQeqq0h5MkG44fPUw==
A4ZCFW7RnVRfEnbtNxUDb8VFIQmzxcIFLuiIjRY2q84=
cwgQW1UgxyVfBeSrdwXHsPE1eoSAri+NViVSjTYe4hg=
pYn3RyiaY4vz2unSybTHuw==
mAzeFbkWBGyzJRgEWJSZYQNn44wFaguEUnqkvHVinQw=
NiGef/LGs6v8Em6sqLz1GYGKB0111uCW/TAqgkiW0+w=
2lfNnhNY+w/3xMaMUxJbE0YFT/wvMlSDz8Vrd5FEs18=
7tzpNle/btTgW1O6WZRIOmZtBs5dlAznv5qK5rdFoARxqRrRHhe7tAQdH9r53XMyS5msgzN9ZQ8Kl+J9Bopr13Nm6bqLBebE1SSoXoW58kIdDqcaFFaOvZECI5fXqvcHP8fuchD1qQ1FdAJKwyPWEdUS6/J0SMc+m9j5gCZUbJJSWNiHhg+hbwHfklbEzXcYSdnZE2hgkngbPKDVGhek+34NhQ4amSBR5b1RYaF+UGHfOQxx186iwwuzSpPXNQCioC4HST47mmb/RFBga7ISu7lFIVpRIv5z7hY0ft7R5zDPWpN5YSWWtk08RXhWRFNgCPYYNf5+8Mwa4OT0IQrIJjYgsPnJgJNwX0Zc83lEaIA=
7tzpNle/btTgW1O6WZRIOmZtBs5dlAznv5qK5rdFoAQK4/Mmv1CwP8hqrY+0SYpL1i6apNgtm7UX+RS57feVk7rFfXggYiU8ZHu8g6H5F07R+rfIVSUdpGgoKsAISN6iNcboHHftzEtATOV5c6eEr/SvxGJT3L2Y7cBuaaiNwtg=
7tzpNle/btTgW1O6WZRIOmZtBs5dlAznv5qK5rdFoAT4RQZYRPaGlYJwFOF4cVpskLT7B3uwo0ojt3HfcIujWwbQUhX0AQwgT2xU1fsZebPUh4lr0sL+O/Nw5uXOQWKq4E2yrsBIrj/EbP00esiqedmzFzf3qvQqmpth5FN/quUQIXxxsPjf40B46SSTAl9KFbQ4pxPQ2UzvoaneWMF0PmFcJQt0gJBVQfPulEJQBx28lEjpdJYOIfYksyPD20lP2F6zsNfYY9epYCFYUoaQ7ctUpuUJypW+aD8Pb6WDvtk4mhloLaA+Y8VBfHCktHKN77df/6D9oEMWK06x7nn6UA==
7tzpNle/btTgW1O6WZRIOmZtBs5dlAznv5qK5rdFoAR5ZSjTevFmdNuqQlisrJu6MMtj4OhfEVzTkAjzIvTZDvOSFbCYUZbqhkefYDCfyrCxrpARj6RwmgMf7wWUrk0M
7tzpNle/btTgW1O6WZRIOmZtBs5dlAznv5qK5rdFoAR5ZSjTevFmdNuqQlisrJu6htrTvrbAlXzBPBncnoFAFatywRv2kEfsVvoTb/HWmNuWBKeiSi09G6QephsLvSVPjxF+y+kHHYtsA3KtKLeQjkuDFxgc+uECw4BMXqrzDkfiKeQuObEfVQ6XcQa3ojpr4ZNzMhnmhdDkwaSRjOxg6/M+ty/NByX9RsS8ax9/Cmu45qdp2w6NsW/BgcL1+4/4UolOT4rfD/hfJGp37t7yxQTHoCCZ5DoanLVAEiGTLblm/khXVK7YPfwFP0NQmm9kzBGIQYimC5ZHsdDXJoBygmkbch5G1tGB3Ba18gu25/Y=
7tzpNle/btTgW1O6WZRIOmZtBs5dlAznv5qK5rdFoARisepCIAzgkdYet4Ex9ttrcl3mhWbW4a/zaLOaji2a3ZfIEXdWGTIhKjnZuY1tVRMTAWh0jHxKNCrhZHnuIY/r
7tzpNle/btTgW1O6WZRIOmZtBs5dlAznv5qK5rdFoAT3qc9V7pGDzNqGnRwFF5gdwF6yw8LQvArBecMrszm4ng==
7tzpNle/btTgW1O6WZRIOmZtBs5dlAznv5qK5rdFoARXzGT7H8WpIo/SLKUd+npy1yueTCVTGbNVhs3QF36e/YWKqhZYq+tu38D/Ts2Sm2k=
7tzpNle/btTgW1O6WZRIOtOy5Gw5f9yLLswWi7JZ5Ze0ZQSl7BtkPvXK/JBrk2/lhvXg6pA1UIr2xVBi6yfFqbr3vMOw+bCLdyGaLmUCP5M18QSFEd651QWds5Nxjs8f
7tzpNle/btTgW1O6WZRIOtOy5Gw5f9yLLswWi7JZ5Ze/XLf5bS5OOXArHDyNowyxMSZYLSP0U22gK6qtBd7tXVRdfB8ZG0udUKYZxrc02Z8lqijpVKv39gosbWOuWSrb
7tzpNle/btTgW1O6WZRIOtOy5Gw5f9yLLswWi7JZ5ZcToqlGhpmPvAtLew+noNeRPDz/socnfHCJEQVxBdOdhkCflh7JHzvkuf4EfwcY25xbOYxkre7LVTt69ipUWrTY
