GmcONIA9PFzHw1gpPLLPoqev3ytAH5KO3S/CJpMsylg=
35kyjVfwBJgytCi6KM5Vug==
FNt9orFfFSbPIXNSbXcP2Q==
gE2g7VQeqq0h5MkG44fPUw==
A4ZCFW7RnVRfEnbtNxUDb8VFIQmzxcIFLuiIjRY2q84=
cwgQW1UgxyVfBeSrdwXHsPE1eoSAri+NViVSjTYe4hg=
pYn3RyiaY4vz2unSybTHuw==
mAzeFbkWBGyzJRgEWJSZYQNn44wFaguEUnqkvHVinQw=
NiGef/LGs6v8Em6sqLz1GYGKB0111uCW/TAqgkiW0+w=
2lfNnhNY+w/3xMaMUxJbE0YFT/wvMlSDz8Vrd5FEs18=
OT4jQP3Ob4km2kZM2WpbEYY8y7O0FcG8CFcqoWxKIK7w/EHjW3IS1oeTfl6WG13ySU0gg8th6LzSUBwMI6a3HNI95EKQLvjXfGCLGV46IrDjb9WlPCANUsIK0lBeJYw1
OT4jQP3Ob4km2kZM2WpbEYY8y7O0FcG8CFcqoWxKIK5BUklRScbx3/PB8UYnZ/8miMTbCVYtMKu7XfwdRzL+aw==
OT4jQP3Ob4km2kZM2WpbEYY8y7O0FcG8CFcqoWxKIK7/s8OwNy81Ktkn7Pu39/u92QX582sQjRaOeG7AtvvEvCo2Nhf5Ldlz2wRUEDCMelL7B/SL5e+4CDGPsvyq9j9B
OT4jQP3Ob4km2kZM2WpbEYY8y7O0FcG8CFcqoWxKIK4wg8auPyeTAcL39LefMOPetXBeKYaL+5r/JAd/1V0aSrSAJcfZnw7qt+ReDYc4Qnk1jloiTwtySyHNXF+2BziV
OT4jQP3Ob4km2kZM2WpbEXRcCHj07QWMGnfE0E1dgdAblpmdRohnSdMHLLfQn6QqBsEsCV4YuCi9onk54mxTo0Dr9gIoZ7zdOi20tRBuZEZHmJ+NoM1tdIJANsEQGfJ6
OT4jQP3Ob4km2kZM2WpbEXRcCHj07QWMGnfE0E1dgdBIY6Lhn3jGZwmEK/RRvZGluGTD7Q24PD0h5w+kEvZouw==
OT4jQP3Ob4km2kZM2WpbEXRcCHj07QWMGnfE0E1dgdDOxyxcDj+nli92v2CvkqrsQIG/xg41Jl4j7ybpWSr6Y8qEQ7cxMoRLh0NwEMbzfpCn9o0vxxwkqGbYZHHy4jip
OT4jQP3Ob4km2kZM2WpbEXRcCHj07QWMGnfE0E1dgdB6qeLCHtFAtiYAu1OOd+oVCg2F4o1FAG/GMoK/3sSv3mHn+lLHQKF0V/0naS1qIG8Jn0ee55/ZM4StRkp1bLWm
OT4jQP3Ob4km2kZM2WpbERxYlvFkeYlOZ7Url8lfBl2FW4zrXpeswGyKzw/HsaOnZnJ+hLVgPVDWvEcfB9CtwT7UtrD2hdrfIK61z7F/E/HNg4AKzjh85ikKM0hw1huZ
OT4jQP3Ob4km2kZM2WpbERxYlvFkeYlOZ7Url8lfBl0Udj81fYPwTUOaGoYBz1rdjmBus4634lE1+RJI+MBrtg==
OT4jQP3Ob4km2kZM2WpbERxYlvFkeYlOZ7Url8lfBl01POPu0PyxP1BMf/BQ967MJWo4ggcuvQGOijlWTY95GN4UI5Ya6k7mcl5WZueCVxpH3ZNAnhoEnoecEfYjmp2Q
OT4jQP3Ob4km2kZM2WpbERxYlvFkeYlOZ7Url8lfBl1UBoPD8IjhIVRNTdxQGiUBjXTZYyj++93IEYaLoXl8iPc3DUGpR12X3Fr0hhfVSFGcncJnCyfIgA7W4TicMnT/
OT4jQP3Ob4km2kZM2WpbEUp4JhoYA0EWZJbl/CKqruUNkfeiSzsgB69Ulfsp2TqwxuJcO1BuGJ8SiBPTrMj3WpvaJ3yhhwwByxSXl66Vd8f+s2pYFiXupeZO8Q/5YxiZ
OT4jQP3Ob4km2kZM2WpbEUp4JhoYA0EWZJbl/CKqruV/OZUrrwUTx/xqxy9M5R3NeR+x8N3HH9sNDypwk4sm473PpyeBbjEUDddKwRI3EVcoH2nbR/WEqcUTvHB4EjfP
OT4jQP3Ob4km2kZM2WpbEUp4JhoYA0EWZJbl/CKqruXCbZM8KAwhv+Ct6BUVDxwvzf8z2CI3VG0Ny/wlDBLeSeABq7hKiAY/09iuA46oEfQUcH/KbiMEp5R2NGy/aZoG
OT4jQP3Ob4km2kZM2WpbEUp4JhoYA0EWZJbl/CKqruWNM2Pif54rWKlqjl4zoZOBp40T7O8EUHNpg7GheKg3PtHAw9JR3gTow0JA13n6Z4sNig4SIM00++0dnegywjNP
OT4jQP3Ob4km2kZM2WpbEUp4JhoYA0EWZJbl/CKqruUbebCtrDNHy0oL5fsXgFDyRj5feAEMtxg1nywSoqbO9d9Tpbhrwxt3UdMgpniIT3fKc2KF8MmCEmE2/iw32zhT
OT4jQP3Ob4km2kZM2WpbEUp4JhoYA0EWZJbl/CKqruXI/tOkZocqo+QJchLd6AQ/o5mFwlFFOo0FsyUt3kNTqcbg4sUDmZlNgGZRkDiFzYMkwkJj5vzkJ5HPZusRQGBc
OT4jQP3Ob4km2kZM2WpbEUp4JhoYA0EWZJbl/CKqruUO3wl4bEDtaporAQ9+BZJV+lfpIiVx+L0SyqFkfhvxWQ==
OT4jQP3Ob4km2kZM2WpbEUp4JhoYA0EWZJbl/CKqruXYQmS0kc5XPcKQqVBqg3y7+OTXG44oyVs+ub3BNKIGwoSVawRrOAXV18mrjruFKPtFo+UD8IK/znOzxAtt/S6F
OT4jQP3Ob4km2kZM2WpbEUp4JhoYA0EWZJbl/CKqruWm+EyIVC+3AXKKAh7smlFk8zGr7y+x9YX+pALMzVQV1Lpkr94Qk+ci5FAhg+ydWl7fqLOX004XoNuL0YOxQBy0
OT4jQP3Ob4km2kZM2WpbETkYU6QHeI+FxdwUYgKQEo+kA49gExV/suaSYWKSH1nfIv2WR75eoTR3D89wSkjWbV7TTtSMt6gApgqRPFjgkSQJdXsSFGcprjC6zLjABirE
