GmcONIA9PFzHw1gpPLLPoqev3ytAH5KO3S/CJpMsylg=
35kyjVfwBJgytCi6KM5Vug==
FNt9orFfFSbPIXNSbXcP2Q==
gE2g7VQeqq0h5MkG44fPUw==
A4ZCFW7RnVRfEnbtNxUDb8VFIQmzxcIFLuiIjRY2q84=
cwgQW1UgxyVfBeSrdwXHsPE1eoSAri+NViVSjTYe4hg=
pYn3RyiaY4vz2unSybTHuw==
mAzeFbkWBGyzJRgEWJSZYQNn44wFaguEUnqkvHVinQw=
NiGef/LGs6v8Em6sqLz1GYGKB0111uCW/TAqgkiW0+w=
2lfNnhNY+w/3xMaMUxJbE0YFT/wvMlSDz8Vrd5FEs18=
OT4jQP3Ob4km2kZM2WpbEcL/dvh2a3Ws7TaOlwGsLn5kpXL4EY/fA+HLSqeBxjkUKoNSq9QHlvhr27k9QXdN3RowD197ilCJuRUsv5C7vy6PDSywUGR5WQKhl0qgNAiX
OT4jQP3Ob4km2kZM2WpbEcL/dvh2a3Ws7TaOlwGsLn5f+2AxKl/1yhamocWoZcBYEKHZptpEaC11MRpTier+yQ==
OT4jQP3Ob4km2kZM2WpbEcL/dvh2a3Ws7TaOlwGsLn5y1DxOT1gfPFqR/cEioSw66m4x6TUiOYBcLl0x4Uho9VSHbhLQt9KZYir0SGrUQXTqfpkmvm73YH9xRnHYww9v
OT4jQP3Ob4km2kZM2WpbEcL/dvh2a3Ws7TaOlwGsLn78agOMzB9A8WRjFMWDyEwntaaQbW72HYNC5ujg0+Wx+XV/ANazBVrNn8lxuU+PXTXiN1N47giN7KUYRo+KLxK/
OT4jQP3Ob4km2kZM2WpbEYviw2JV0Edj7vUL5rVMINoyJREcxtgy3j6iFsQbemhO2PXyzxODw613VMy9VM5LXRYphYWPm53GuzSpEd2A/lmE1Zg1goB5FBDx+T1hYnki
OT4jQP3Ob4km2kZM2WpbEYvU7J4s4AoDvSdGDy5xYjiRXyhpyBF0Jk2YG3UFO8dHhQgb2QZeiAjlUGUbU5KFHTiagyQZFxKUnPL5k4uOMtwR+XKjbzbtPbIQkrRmQaJ/
OT4jQP3Ob4km2kZM2WpbEYvU7J4s4AoDvSdGDy5xYjiKU4Axrm+gyQ88SL6bmyyKlsfi5jh1AMOv44oPGYSu2Q==
OT4jQP3Ob4km2kZM2WpbEYvU7J4s4AoDvSdGDy5xYjhN6/1SC0ZfUEItJ6cPsWCWyamaezPHUS3V1X4HI84UAa2LZzyjPEBpTt0y7e6+kJNHoKs8L0jZJM7o5stDKRF9
OT4jQP3Ob4km2kZM2WpbEYvU7J4s4AoDvSdGDy5xYjiIWeaRGDBOsp6G0ttLa1iBEQ1p0b84NArMRWRg12D9lA3cQb+PnZJCni2T8JYIiMVqChF7VZ91xem1iwMGA3OD
OT4jQP3Ob4km2kZM2WpbEYvU7J4s4AoDvSdGDy5xYjg4P48WlEVerl7PGDWH0MWSYQiA9r0f6I5dTDA5RStLTiCxR7j8/rUfJAtHyonTxUp06CW7/Lr3TZdtHORynUHh
OT4jQP3Ob4km2kZM2WpbEQFMULVuNJ+sytuWQk0s5OinnWlB33DBhDIWZ+fRFjtD+X0U1krT0+hvofRFZIOZ2g5+pwFzBS7RhITwERRAJZKMTaFhg0Q7vnWknsZSvTlr
OT4jQP3Ob4km2kZM2WpbEXVvU8BbcO59p7PbuxaiXR9DzV6slUxqIaLnEomO4Yj8YMHlWn6JzVtEtkmuMz4jXLx+VJf1gQMdPA8Lkzl/RNmW2NJrsCrzWAU0YLV5L1iz
OT4jQP3Ob4km2kZM2WpbEcVVsqbmw+oD3UXuXZ5xF3Ke66J9gSdCVjnE4AqXq90jVMK2KshQjYs+JUZPMwqx3F9qVygprv+c3nq7BCVRoWXiY6DnIyYiWH82FSIpAkTn
OT4jQP3Ob4km2kZM2WpbEX006q5UL3GNobz2l4YM9DJwWj8saLht8DY+IhnxGTSqZTCERPkUiFfGdikGUzIOO2nENsiChQZmWZlR0noM4C60gRuWqerlpfYu2nm9tix5
OT4jQP3Ob4km2kZM2WpbETkxqNissjMjCoi6IKx+y7Xu+jMxlCuUko+HxQtdDUWbuMZ80kwg/1mTzHzcXEydX+e8c8Yoqg8OaKkh1Z+k0WauEOvV4F8vZE9+2QeeoXOz
OT4jQP3Ob4km2kZM2WpbETkxqNissjMjCoi6IKx+y7UjxTXkJFHoE/hE+gtxqG2DnXgw0qFLcNaCZPrklqvyLVFgHY2fwFICU2MpA9LsYIeV1hhnca/1LYBGrhDPK4FW
OT4jQP3Ob4km2kZM2WpbETkxqNissjMjCoi6IKx+y7XlnZQ1lRV7TTmhFgy4IXkDERnrDblw/mSFi4sUj0fE3FGiBuEwhqLIhnkWy5JVEXtIy/Dhqk5mrgaXQNUDRavI
OT4jQP3Ob4km2kZM2WpbETkxqNissjMjCoi6IKx+y7U5s6nSdMNM9OgdquzZJFHqFW4H5DSd1kXcs4Xs883A8ZSl7CbBmMSWYCaLQevEB5cnaVbIbuchV7KAjvasMwGI
OT4jQP3Ob4km2kZM2WpbEYzbPFgd5V8+seXfFN92GDA2J5o8uunLt7SBY5RSV8DJv3lyH/5JzYAb9+ayhgjEVyonzOlzsssT6gDh14VXfS7N9rAobNiXyZyaxCA4NHMl
OT4jQP3Ob4km2kZM2WpbEYzbPFgd5V8+seXfFN92GDBXzXc4Xuucd3dLlGZL8c11usUUwfjPF90wUIAJbOoD0Q==
OT4jQP3Ob4km2kZM2WpbEYzbPFgd5V8+seXfFN92GDB/gQRcn7PlEThGglBVoMyJL74/P6DLRR4VXDN/IA8mKUnva7wQSdc6MKOMUKyPltbNuitBXQ8MEcrxO9/LKM3j
OT4jQP3Ob4km2kZM2WpbEYzbPFgd5V8+seXfFN92GDADz9eKJMMAEu7rCY7vXaIYnactKHG2Yz1UdNCp4rLLus3fSD5FW7d72iUPuFDiv+bdrrYJzG/kGa5Mas05GPlI
OT4jQP3Ob4km2kZM2WpbEb5bAU4Q+QA9MAC41mxqY+xsYDdkzxr3dx4onO4SuqIQJmuvM9ybn3X5yolc+YrJyaGEgEKnzyj4IqVlIR9nJSSbsZqBbAJBUtgp34NUqFDR
OT4jQP3Ob4km2kZM2WpbERgGgxcD6KMspXPXei5VD7hF6FVm1Wd7uxD1Tu3J6gkB58WgYR3W9z1XO378bVS4/JHd+/UVT2oXcedy/kiiPSyHA6SWWw3E58OfxVGLnPj0
OT4jQP3Ob4km2kZM2WpbEe/DOmUrW4mT/yIfrr7pyLOXRVgCxJKd3U1vB/EIf+pTAjkIGapvxVeRIPhxxtIRcsmTRw72qHutS4T9n/ZqtMe7YWbMFa616YgogQ2dTJNl
OT4jQP3Ob4km2kZM2WpbEe/DOmUrW4mT/yIfrr7pyLPdCcSnI684hsJwaiA4s2xwqLCiOJ/uwsjUyGaD3D1Njw==
OT4jQP3Ob4km2kZM2WpbEe/DOmUrW4mT/yIfrr7pyLNByj31vGy+8I1oYuynOVKDnt7Dufrb0gTPZj8SDqxgnbnOlKS6PRQWH/qvdHMMU1JDZy4ESjaNE7wYqEz1OOON
OT4jQP3Ob4km2kZM2WpbEe/DOmUrW4mT/yIfrr7pyLN8fifxWtdlg5BdbjQa8TO5LTj/Rl8GGby6UWe4Zh/kX4M+PWWmVXnZvzFcyxOARooWOfGZFTcjkqxhCvIKj+Ie
OT4jQP3Ob4km2kZM2WpbEe/DOmUrW4mT/yIfrr7pyLNqRr4js9PjyVbndrLFOEoKgwmf2W8Xsd5Nva1hzih88hJXxbY/FjIcWZiMY4apC99M+Oi8SuflbE/Dvj+sb+/C
