GmcONIA9PFzHw1gpPLLPoqev3ytAH5KO3S/CJpMsylg=
35kyjVfwBJgytCi6KM5Vug==
FNt9orFfFSbPIXNSbXcP2Q==
gE2g7VQeqq0h5MkG44fPUw==
ExPkcbYFeYs2lHSAMsaJBjIbQm7FWZ8YCSkKK1z2aPs=
cwgQW1UgxyVfBeSrdwXHsPE1eoSAri+NViVSjTYe4hg=
pYn3RyiaY4vz2unSybTHuw==
mAzeFbkWBGyzJRgEWJSZYQNn44wFaguEUnqkvHVinQw=
NiGef/LGs6v8Em6sqLz1GYGKB0111uCW/TAqgkiW0+w=
2lfNnhNY+w/3xMaMUxJbE0YFT/wvMlSDz8Vrd5FEs18=
OT4jQP3Ob4km2kZM2WpbEdRbXVZEC0hL6or+U6I33+yXBm+BFinmi1HXt+pWk4e4IZPHj7yNRxj7Mukx+WwwUaNAfCxPoL7dGtIfmnuZ554+dpSgEDoxKnuEa1pjErZ2
OT4jQP3Ob4km2kZM2WpbEZez5dW6oy+iy2nSoTx+AUmZ5muoymdI+o5ilE91nmNWJBlOtq/316b5nmf3h8+D0tyWdOZ8DPZ72+5iEqqdkKd8k32GWOoEhqgpt1eYfCJL
OT4jQP3Ob4km2kZM2WpbEZez5dW6oy+iy2nSoTx+AUnbw3MLwvJbkjv602/50fiLXp/UyFRcpxNS42S4dFshrp9HB+f3H1FQigp4+3bhEvRRVZikNhoo+Xhp0hHd2tfy
OT4jQP3Ob4km2kZM2WpbEW8/h0WDxSNeCBL42JxQbGmR9TiItpF0RzKP6JtVp4uC/oyKpxj0Y7qtvTuKrrq+Lxo+8ZolLWLGkhZC1ut2X6g9MFAvx7XDJx1cRyW24BKx
OT4jQP3Ob4km2kZM2WpbEW8/h0WDxSNeCBL42JxQbGn/1d1WHMDdGCe7bZR0tTt4A6zlwhxUWzcLPLF6V3obuSkI2wxbOlbTG0oBDjZSJwJzLd/3PgUjH2iTHrpNPj+T
OT4jQP3Ob4km2kZM2WpbEW8/h0WDxSNeCBL42JxQbGkhKx1LyvEN/QdMFc5vOaQpAwTLWcpLCLnP2cCP6BjFVIdq5G4/DlbJN9R6+b32lMfQtS6WIhLghj67M2UY+t8L
OT4jQP3Ob4km2kZM2WpbEVl9+ZMmJ9XaGuF7de6AZ3rrhzglj3RUX5kHw/ZbV7VreydX8xsTyWtvV5JC8FUVnyzrtFbAuWpjW0ZyCCxXaOVwxzc6oPEir/Ws+MRLPgty
OT4jQP3Ob4km2kZM2WpbEW8/h0WDxSNeCBL42JxQbGmLbM/w6nNVuqNkr2QL9e3KYcOVxW1F4V1BjEWPUQ7YrCToFoweW6+zhOVXJqoHRtCL0U53eaDGseEem7XBiyFI
OT4jQP3Ob4km2kZM2WpbEZYo9oA/Po3DqSadkXarn+41iHL5/hxhVkK8gB0/H9qfzxgqW9oBw38dyOQHvm//v7qgK4L6CtPejwZALjJcKA3jvpwqZnU7uyZ/aTR4qv76
OT4jQP3Ob4km2kZM2WpbEZYo9oA/Po3DqSadkXarn+6dEvSi6deexkniBRt/T3xtzmlre1xVgFEMKoSRWTEHlg==
OT4jQP3Ob4km2kZM2WpbEZYo9oA/Po3DqSadkXarn+49NiQuO9pYULlDihDzlnYuAp5XaowbkCcbucgQrymrRCYLVC0zu7MuT+fP8l29YS+5EQdZBTsgRc+eaHB7HZQ/
OT4jQP3Ob4km2kZM2WpbEZlVKvVkeuV6u33ryvhN5XUDdYhFTdw2R8WfvoOchY5iEB7WzNcgT89N552T2LKsgyvFxzyYIQVvrWjr6tLxrFeOXHnA06UPNwxVg6eLhHFH
OT4jQP3Ob4km2kZM2WpbEZlVKvVkeuV6u33ryvhN5XVggLvxXoePphC273f4AUput/gz0zq1v72UgUmNAs+LsWRVGoWhivZqqY8L7a+6grjGfPOycmS7IHyGFj2epJqv
OT4jQP3Ob4km2kZM2WpbEXbueepHGld4y2bOuSDR2v0MPRCNx4+etGThs7GP+TD82PzeuVGZBUfkHoxmPF9RWAPqVQSUmPmv6GPplfl7MhiFGzNUnn6ntRIbASuW6BwX
OT4jQP3Ob4km2kZM2WpbEXbueepHGld4y2bOuSDR2v0pIBIpTsqWYM8meIVEjc732j0DQkRRBa6sSiqzEk+Dsw==
OT4jQP3Ob4km2kZM2WpbEXbueepHGld4y2bOuSDR2v1JhwQ23+m8bFDfQnDTmAPUEYysiCMfgmgFvkmwguxmEXrjQc6EBVrOATyRYdYOJqFHlg8CVtbKLssIL3sBbbFY
OT4jQP3Ob4km2kZM2WpbEXbueepHGld4y2bOuSDR2v2OSnelnaEy0Meq3uE4CzVvdx4rUa0Y73tLo+1zszuaJYvEjkfxe73u3zcEprF5X0WgbKy0S5rPrxBLo4+vL8Va
OT4jQP3Ob4km2kZM2WpbEXUhURlnRGiTzo79cORvcu8bMwrZIr0c0GVIqw04SfTk2cwfOtw5F7/E8qgGWVKICbc5I8CJnNIFn7vjjIvTexQt9y5OzqG+KxRhpLdyONW4
OT4jQP3Ob4km2kZM2WpbEXUhURlnRGiTzo79cORvcu+EDKUZ6wsdmC4vBKLy8l6AN0yc6BqXcKG84TRzUKFb+A==
OT4jQP3Ob4km2kZM2WpbEXUhURlnRGiTzo79cORvcu/ziKmdWO6yGY9Dpy96Bh1F5azzMNc/0P9/02Btnj8y0duHUXjSxdu/gsqyqK+TxWw3M6hdL/epE9YuGOk53XZe
OT4jQP3Ob4km2kZM2WpbEXUhURlnRGiTzo79cORvcu8bPk7IU+H3mhPDhn+74zFOWaj+o18o1KujbmqJXbe06BQ0H15C/kGvH7u/4FUIHtGeL1/CTMtJRNMWGUq9PDPM
OT4jQP3Ob4km2kZM2WpbEd+FBt3ZeJT6XDJnuIen6If4LCFOVq5JjjlK7IVfZK90OhoYIg3Tw9PmB4YszdfaZVkD2VqvmVK02Z44UnQRlUrH9eNK7Q1cMayy5ZZvLsre
OT4jQP3Ob4km2kZM2WpbEd+FBt3ZeJT6XDJnuIen6IcNLHK6PfIDQRXZ6e17CO1LW7v5RWhm2kOqcAZbLEBmsQ==
OT4jQP3Ob4km2kZM2WpbEd+FBt3ZeJT6XDJnuIen6IdqheO8fXNgJm/vHUXkrLBysDWAd+cRdgyjpcfTrv9vQn+hm59oL87B1W2X37Mn3g4QlFnaUGK9H5D2R9Q86HNB
OT4jQP3Ob4km2kZM2WpbEd+FBt3ZeJT6XDJnuIen6IeJvdiGFOA2ZvuCP16SrIIh9B06siy2yjdMvds1HIYfDEDVPaQ6QjrCxiDatoKKDHGdQ1U9MqZcC9tHJVt5Ua4T
OT4jQP3Ob4km2kZM2WpbEf0UI/t76TJQSfiV1hR15ezzBLixsg1JPsU0EwoHJEfcUWDqMwxKomHHCJQg53cB1Szcf3pyL1fCidXLtb4RZGVZgpNOSJbKU+mvYdkW5i1s
OT4jQP3Ob4km2kZM2WpbEf0UI/t76TJQSfiV1hR15eyFgDbDkfQ1rHaT7bccrmso71bjMUlFfWB+Ei183mOKSQ==
OT4jQP3Ob4km2kZM2WpbEf0UI/t76TJQSfiV1hR15ezFEaBmvqdzQCsGGmN4VvikKe61ks6OEUpzItLHBhsMa5CZ8dB/OseHlNrAJmcN2cVg0RPwgwfuoyeNF1+bZlMc
OT4jQP3Ob4km2kZM2WpbEf0UI/t76TJQSfiV1hR15ez0wHa2XAHAcTQCccea8aUNP/0WsVQL6R0szz4vI5+JdFli35NgLFHlJBnvbnlSoiCCexZkMUSjL/PzAV+X/6W9
OT4jQP3Ob4km2kZM2WpbEVg1FuzmBsO0w0wudnWQrQrAJaUys+mwBp6U2nmsVcoONZjUTW3rsy+9DqCs39DaoFgG68RrIMB3M08+3rzMJPfzMQ11LAUjGdmw128OKvPR
OT4jQP3Ob4km2kZM2WpbEVg1FuzmBsO0w0wudnWQrQopANjq0CXSW4wlEyVEpfh3b0GO4mFEct5AP2fjUgIZEw==
OT4jQP3Ob4km2kZM2WpbEVg1FuzmBsO0w0wudnWQrQrybljV3peQl371TbtOH2zPhbzXpFk87MKp0VFzTbodHsaxRRXvVlE5/56kWDmhileOGUAE1m/3Gxs7VbzJ6plT
OT4jQP3Ob4km2kZM2WpbEVg1FuzmBsO0w0wudnWQrQrFOybe607NXsj3ICeJB5zWxiJYyJ/jLQoMQlCCsQZ5heCGMKu2oTr1EhG48eh0youttKblSZ+2HE//8MN9m1c2
