GmcONIA9PFzHw1gpPLLPoqev3ytAH5KO3S/CJpMsylg=
35kyjVfwBJgytCi6KM5Vug==
FNt9orFfFSbPIXNSbXcP2Q==
gE2g7VQeqq0h5MkG44fPUw==
A4ZCFW7RnVRfEnbtNxUDb8VFIQmzxcIFLuiIjRY2q84=
cwgQW1UgxyVfBeSrdwXHsPE1eoSAri+NViVSjTYe4hg=
pYn3RyiaY4vz2unSybTHuw==
mAzeFbkWBGyzJRgEWJSZYQNn44wFaguEUnqkvHVinQw=
NiGef/LGs6v8Em6sqLz1GYGKB0111uCW/TAqgkiW0+w=
2lfNnhNY+w/3xMaMUxJbE0YFT/wvMlSDz8Vrd5FEs18=
OT4jQP3Ob4km2kZM2WpbEe8eQttjzIQVIWeiOuzPxrW0XVRCBXj9n7ZfuDEoLaDAo3u3CcE71Jjnuvs4XdwdlN6re1z96SWUmwUNd1buBIDRdS6GvfBGnngTnqAnAzHQ
OT4jQP3Ob4km2kZM2WpbEdrfGC3MfRLz7fvsT3vnWLDi2BPZAt/4HLY/cRx/t+R7c4B6Rj6DLDc4s/SuhFtYs9KbE1lpQCyR7WEe5BiSLBHUVpNuZgvNXGH9OzrivM3v
OT4jQP3Ob4km2kZM2WpbEdrfGC3MfRLz7fvsT3vnWLC+X/QVacxACI0JM/6zVs0JcVSS3plMLrCp0jITvtwBE86W4C5ImfklrvRqoEvEZLEk6xHAT/8Ba66OUD8KmtsM
OT4jQP3Ob4km2kZM2WpbEcFhZTUvpdXApRqTaRl2HF5dKdWMIEl+aWC5+HPRTQKXljiaKqIgzU0krN9jsroyCrzUVZP+6BxAZawLuQEEf8wEKwAeuUmdMEkJEjAYCRA3
OT4jQP3Ob4km2kZM2WpbEcFhZTUvpdXApRqTaRl2HF5ro0GFWePUj/SMVoFCstW29CsLnZopBqtO7CBDGOf3ZCUvjdNQKqGZJ5UkDSK2ma9nRihO77uS+E/w/nO07BWR
OT4jQP3Ob4km2kZM2WpbEcFhZTUvpdXApRqTaRl2HF7fwJjfH7YYxLhJv7o8ee273mFJ43FW5F45PhJJmFZEsVZFh5cdMyy+Gbo6bsp0rNf7DL/6RZm8Y8E0/V6i0keo
OT4jQP3Ob4km2kZM2WpbEcFhZTUvpdXApRqTaRl2HF65Ggx9Vnsi0yvPyNW2TBkdysMDlLpA4tf2HrpMZ1PnpyLMAlp7Sl51Fbb9ANap+vqrzq18MCaweNIkOVn0i+Yo
OT4jQP3Ob4km2kZM2WpbEcFhZTUvpdXApRqTaRl2HF6KkYmgaLhgSEilWJ6uQhU3pfXTeKJiU0Va0Ez+jIZufyRMC6U7g40+72owmg+kv3LL6jBPNMAj7Xihtr9RoamN
OT4jQP3Ob4km2kZM2WpbEbUiylMvqYjxv/j3CQo96J3p0wI705l/SAwimFaD3NfxBVzS9wI7KN9xYe1I4UMYsmWoUsO/BE7Jh8VwoN4qPHIkmjQibS817wjrwE8HF9b8
OT4jQP3Ob4km2kZM2WpbEbUiylMvqYjxv/j3CQo96J38lVMixbyRHE/PIyjLJlfaDdpx0ZQgfilL6ewy8BpQig==
OT4jQP3Ob4km2kZM2WpbEbUiylMvqYjxv/j3CQo96J18NdfdkN+JRPdkQLlxk613C/OQ1xNsVanL8wxAc7HN+Ok9Ij/VlfwKDivb8EHpHEUOJGc0auuxsa7X8IF5VpMq
OT4jQP3Ob4km2kZM2WpbESXQ5dVnYbr9oux7hDgG0e2F5VtbVDHlrMAm5UblokUy5XHeHkLRqMlBHRD8/1PmgDQI9s3Rc9P2ODPitRgiP/BRtZj4nLZbTLLuESq/oDLI
OT4jQP3Ob4km2kZM2WpbEe8eQttjzIQVIWeiOuzPxrV7/7JZ1gLn5VVRdL+2Tiblqj3abiwHsj9A/+WjAFA2D81ERqErFH9vPSzqKMtq19L+JG6NByUiftOk0SD1dnoh
