GmcONIA9PFzHw1gpPLLPoqev3ytAH5KO3S/CJpMsylg=
35kyjVfwBJgytCi6KM5Vug==
FNt9orFfFSbPIXNSbXcP2Q==
gE2g7VQeqq0h5MkG44fPUw==
A4ZCFW7RnVRfEnbtNxUDb8VFIQmzxcIFLuiIjRY2q84=
cwgQW1UgxyVfBeSrdwXHsPE1eoSAri+NViVSjTYe4hg=
pYn3RyiaY4vz2unSybTHuw==
mAzeFbkWBGyzJRgEWJSZYQNn44wFaguEUnqkvHVinQw=
NiGef/LGs6v8Em6sqLz1GYGKB0111uCW/TAqgkiW0+w=
2lfNnhNY+w/3xMaMUxJbE0YFT/wvMlSDz8Vrd5FEs18=
qnbJWVcanQjWTpLxPvYt0eFN0PdQysnnwF9/mDy9A/TlLhjaV/nm0BbIBupIkNzn
qnbJWVcanQjWTpLxPvYt0eFN0PdQysnnwF9/mDy9A/S+ier0hYQL+WzePY66b7z/H5FAG5F+s+ukU7F+bzRlnURKBWWZLCDoYys9juXSUC8=
qnbJWVcanQjWTpLxPvYt0eFN0PdQysnnwF9/mDy9A/TXgWyfa1o+AESpke0Yq3/vskjkFUlNUanRkWbsOSiovU271JyD8gQl9msqDUxpgYEO5JaeeoKlGw8LPnRgRmBCG7OZlcxk7n88WxGfyZX+GX1+BCHViKI/ghr95t86M1MvNeAPrz64zSx4Qj1CLOKjXnbmpkuBY1INRTBII+AcxDxs+5sdVNzd9D46GqoX9DZ4Yqrvjp0RiG57iVa6JyzxaDVLGqIuwNQTFvpGmnWQyc8eWVSIl7E3tNBFQo8gfZ9Dy8ipNv1Hsl/EKcVgYZhSSnzLze8/6HxStPZ53bFl1g==
qnbJWVcanQjWTpLxPvYt0eFN0PdQysnnwF9/mDy9A/SECULfawj1eqz4QRHtfka1Me3/WTUO9uNxQVYVVqJhSCmBHwp47EWitsaYKMsSRragCcTXZDpf7RfikeBlOHuZFp+6+xBvQOq6jnAPj1SugzK0GwgkLwfAAnrcqPw+JKfN/2OocQDucCt8BrL95MsXvv4cQVmZcWjZoiLNtN0Qcleo788mc7qIrfqdB7KtaxjfFqpxLl3Js1De0Qo2rJKA
qnbJWVcanQjWTpLxPvYt0eFN0PdQysnnwF9/mDy9A/Qiro67Jp/RY9m2SflWtzX1PhhEKc36Yi5b2lcXtaWarz/Hethya1pwrWGnA9rIyfHRQM3ZXwQqkQzuOqYym1JT
qnbJWVcanQjWTpLxPvYt0eFN0PdQysnnwF9/mDy9A/SfF/DC7PiPvWnXSxnhZHAD3rW3B8mcdbEoYPPr1R/rjWn96dyQy61JpuM2AXXbPPefDaoepWzdz7U4T4xdYpIE
qnbJWVcanQjWTpLxPvYt0eFN0PdQysnnwF9/mDy9A/SFcd5yp/L8wmLZuKzrXef/C+di/HxO7VdL3doqybx/ssBF+TBEtnZCPNuvMWe10gXVhPc9zch44h1pIcl3zuxewM3ABZI3aXF5ASPFjILtszEdosoLbh+5ew/8Tstj1Zn7Aqqwnj7fqInvS4PUjvVZ
qnbJWVcanQjWTpLxPvYt0eFN0PdQysnnwF9/mDy9A/TcaBvxOpw+64J+X9jUWvGZHVsN4gjblh261r24ZRLJNPvW0hzDHP6st9i6cWFw7NEjKz6xnBEUjNndUm40TV+p
qnbJWVcanQjWTpLxPvYt0eFN0PdQysnnwF9/mDy9A/SQNq+FHdZq/i8/pd9ThBblcpt5FDfXxAZ15c5Wz5Bftyz9jrjYabHP1jrmoVNXWznK9Q0Vwx5agmyiG1tPx2MQdzldnoqYvZNyxP0t15Q999Q4gHATvGDrFrnZiD17b1NsnrnQQpzFQ1lTYjFZEgPR6VYucANyUj4YihuP+/gBhbOON/NeSgnftQ+QHKvGsaY=
qnbJWVcanQjWTpLxPvYt0eFN0PdQysnnwF9/mDy9A/TCwe1cjos2v0wP/sqe76L2vrblt622z7oryK9agOAsxGCSiyDJbFtOIf2V3Cdycj2ooclEaFPP3cY3cti2FrFVxWRQNAHh5Y1Qn/wGvQ8lEC3Q0wnn7qxc0HI0OJ70+rs=
qnbJWVcanQjWTpLxPvYt0eFN0PdQysnnwF9/mDy9A/TXXs6WLmaNrSJ8OfngDLskfAdAP4dR0+piFUGcjkZjxDoRr1IrX+X+sXCrXbYjvLvlzFLLaZcN4mkSSCbwurZ6
qnbJWVcanQjWTpLxPvYt0eFN0PdQysnnwF9/mDy9A/TxesLJJ0vAWGmjYMIotzj95oshcfLSnuk6uXwFz/BNQl6x9QUaKktXQv2TgEKVSNg=
qnbJWVcanQjWTpLxPvYt0eFN0PdQysnnwF9/mDy9A/TBRR9U8mr/r1plb6Tb4QMdTSTPLxvBApfDX3wcqlt7uk91fcTzYjGCNgWrqVEt7LWkLLZ0BkAMgV4FmpkaHpxZ
qnbJWVcanQjWTpLxPvYt0a0pBMDW4q/BjyfGe15vOOln0Ln0k9O/LAIXoDWBS9CcISehSSblZmgWPJmuIBB1YaRv2z+Sn1n5tAlcsi36ILI=
qnbJWVcanQjWTpLxPvYt0a0pBMDW4q/BjyfGe15vOOka7CSJWt6ZroyF3K3ipGesYd1yHuObJvseS+20RchJ5i1/Q4q8kaRDhC1kxbpd72U=
qnbJWVcanQjWTpLxPvYt0a0pBMDW4q/BjyfGe15vOOnhs5SEyh1zzHDhoqChoqFkmzHkza/YcmN6mQWc6pp4cLC/ZLxWtewl7TKY/At7D40=
qnbJWVcanQjWTpLxPvYt0a0pBMDW4q/BjyfGe15vOOlz5YIqU7JiZedL9KjFXapqWRaV7mS+Q9f0gvkaEimuiHNGiod4vpv7s70m64MzkJ4=
qnbJWVcanQjWTpLxPvYt0a0pBMDW4q/BjyfGe15vOOkz8/lizIhxBIA/sctz3Xnr/0hB0MtAiEIImjgPMwHfBiaJ2VFOmz+Upz7fR+3CLR8Lbn8TtNqWK685x/nchuvpXE+WK0lB9NF+scUhIK2gIA==
qnbJWVcanQjWTpLxPvYt0a0pBMDW4q/BjyfGe15vOOkzPwg1iHK+VkswxATNGicRb8mFLvnZVvPHSVHyfAU6jNRaolm6LFbcq7Jd3hYyjbT/Jp3vJX0eBTIebCYl/TeawS/bPvlYuN9mUhMm/MXzLg==
qnbJWVcanQjWTpLxPvYt0a0pBMDW4q/BjyfGe15vOOml8ZEcE8oZlZFTw1EXJ6lLgQ8lGEddWCI8K7zZGla31KsWsjYw90yJgYpemOCRaQU=
qnbJWVcanQjWTpLxPvYt0a0pBMDW4q/BjyfGe15vOOlF7DAgbJz+4ZPOO52ba4X8N0lxYfy9D51dTBX/WpS8yBBRJOZzLNR+dVfEhJRqnraOco5XNM5aF7b0AE7dNvlSEn1njYTwxqGr62sohXHrZw==
qnbJWVcanQjWTpLxPvYt0ZFatGVTRINqADH55aZr3cB2TFcUjYa+LltVNh1ihzUEPHOmCbRExNogHIPvKoQ051Yf5hIWPCzW6CJkd6wHSro=
qnbJWVcanQjWTpLxPvYt0aKYw1R/L5IJVe4HlZgkz7ift7tJmuxGKneybF0TRsiQFiFMwol8XZPyd/zAsfm0uYRLD8m9a34MfcMVWha842k=
qnbJWVcanQjWTpLxPvYt0aKYw1R/L5IJVe4HlZgkz7ig1X0jdOBzq4a+ABPcrFNE9vytv2fi801QiPPe5q/3EWQiC4hdn+TPPM2OPmjNk0A4KZRyK2tU8Zs4X3I2fiHW
qnbJWVcanQjWTpLxPvYt0aKYw1R/L5IJVe4HlZgkz7gaASwzSWyuP70GviCUn8iRMZD+ErJASzNTxw7IHf6Qt1MU5LdychBcFoweydf9FwDkxDLaqjblEFLCPYCrAjbtGnnyud58j+p6b01xG9hmKNc85PEVtB0vGBL6HE2sSrUJApOHUPj6bmDikR9aIzfMmxClY7tUAA6V/ApFINXqrdOkhjUoZyUTgB7gyYKiDiMpbUh2aiEfK/D7AY1V8ZrM
qnbJWVcanQjWTpLxPvYt0aKYw1R/L5IJVe4HlZgkz7i/kG7qEtJaf1T1yEsbnruI3v1ZD2bIAdOldN28B0QOyHcmrBtLhR3qUJmSJ6vqUQ1gaxS+7Y344pSS1NJ62PpW
qnbJWVcanQjWTpLxPvYt0aKYw1R/L5IJVe4HlZgkz7gENjH4GZFxGUR6bOm7ifkyDgrICjLySZ3alPpyB5TNBKBBgQhnDb6mdkHNC74o66zwaZSFbgIw6SLEs6li9cwSc9vmVHYjsWwPTxh7dAwF5g4a4+wzyLS/gDK6zv4lMdTeuu+SLDIEfv3tFM7j5Lmf
qnbJWVcanQjWTpLxPvYt0aKYw1R/L5IJVe4HlZgkz7jxiran54XPAqFitvgKbW+zsErrl2HK2TpAHozK7ffYukmcw3VofjLAF3hQO7IE87qCk3o+ei/utbGC41+FxUebbtmuruw+uwelXeXEDcpPoHyfpWI7FRDeiUSHWP04uEVFJ64EoNYbHq8zXpefdJ9YDNedx9Xux7h4H9u0VE+5aqDGkZju6J0ICxfYPcChJ5jU6VzDO5FvOuAxGwVwl1nzREI42ZMTk7YTQdVxOiHw5w==
qnbJWVcanQjWTpLxPvYt0aKYw1R/L5IJVe4HlZgkz7jxiran54XPAqFitvgKbW+zUHf9ey46aqdGTlIM+S43sXmDWfZ6sbhZSTAA3y/Xrn9LBJTe8c0Ue5gjJF6gSsx0
qnbJWVcanQjWTpLxPvYt0aKYw1R/L5IJVe4HlZgkz7iGIKAmPkGsezRgALkc8zg4EfMFCODB8QfVFv1CWk8q3o898u07HmGhMjRxYZ1cxQtxB20GDVzwmUpwtFKLzgGVQzEGFMq2gOOAuwya+hu/ufJr7ITo5fa1cObLvTVygW/7MukTKGfXcBycuYLo8471ib+iXjGLw8h15LvwEuDgYA==
qnbJWVcanQjWTpLxPvYt0YDBOVhRvwE6dGVU1xLRDESv2d1s2Tp9ITxxCCmNGPZPhvdGxDxSIf/+iBPuXUwNWtslFdoWBrJ1SQtcY5qibDj8+B7e4kwOZ1g1URHPqtlp7OqqM2NYI59CBKeHyxVik/Urd4e0HJahg0/tM/2U2OWA/CWWln925sA4cIOqug70AGPpVK1YcXhVJpo1ZlUa0Q==
qnbJWVcanQjWTpLxPvYt0YDBOVhRvwE6dGVU1xLRDEQWLyKrIj8ytcb/ktbr3swSvIA+Ez9i9Rq5rzUfJ0zkpg9Ah4BooP3vCj59I7R+WBAkcU8eQj5uGPmkA9ZLlO2p
qnbJWVcanQjWTpLxPvYt0XbQ9x+LPNMeNpUlSjQn0G1MGx/kttwPjZt8ZGGD01rVIxTeUwptQ1KD9OFJ6B3IxaSasS8gkMJrCqQYGoOt6Kuodf0Oa10XmT6CSDyc3Bbyihex1bsF7Trz173RqjF9Gw7jh5d0uRShTX/shWuRbZ7PmVWPp2FlWgncIOBwbHZQvudnnh/VB4yrhnLHiwS2Bl0pbkjvpy3E5eQRJAIWUJhVFpjevoFoYpLQCzCR6kxgsluveIvrNecYQyxARZaNPA==
qnbJWVcanQjWTpLxPvYt0XbQ9x+LPNMeNpUlSjQn0G1MGx/kttwPjZt8ZGGD01rV2XyOcL6sE3cSMqGHb2lljosAkw0qAj3HcRSUmQIul9A0jz0iXz7Kqv4twaGbvSmJ
qnbJWVcanQjWTpLxPvYt0XbQ9x+LPNMeNpUlSjQn0G15PvgFFLAToMlSAMOgyeWVwI4yxdZIbGsaGYOEoVwfcaLdhujdpX40EUqilBAWIOXIk0DGvHj6EfrpRjBi3gnduVZlU10YSqZHQMDqgRSsPo+ceC23ZwuwyvOCsmQNDuvKIGtemVFKh4OM3Yf6P+SUrE5w3fPeWrHMjUuuZf5QSw==
qnbJWVcanQjWTpLxPvYt0QcZ9og+dOdzUnXjJQM12kodOizswOeZqTH1xzFN4rB0bDNCLzzurVz0opPyJ75GZ6HbkAbbYTfAyRlQC5Gw1EVedoa11yAR4EYnuCJNZaQA1AlkSksr1vixcFzrocpl/isnY00dCd5rN6EDLuFyfsPgdy452lzBGq7NU0R2O8CMN42LlONLz2bC6tcoDMq1NTN5S1wA+HtXGfciPCeEyVAXhtD/eN8x5tN5d8/qlHV8knr5d41O8ud+x4iXs4x7qg==
qnbJWVcanQjWTpLxPvYt0QcZ9og+dOdzUnXjJQM12kodOizswOeZqTH1xzFN4rB0ujGQAN+Do9EWwVk23j5p1BQDCChidUwpw7Xsh3ftqfDTjIoQjiFFG5KznMgA9Pel
qnbJWVcanQjWTpLxPvYt0QcZ9og+dOdzUnXjJQM12krrDOUX2yJU0JtBashPiT0IwIKYyqUbuUobSEKHjxE4lhPq9xDxQOIsPY/c8HEsRFeN27F0e/og2uGI++NVXuPJXIjbIdl2cripZNWdHBIwsmDamH+2S1eDdql2mdt6i3CQvBgQAXPEzYVpmzLqKKtegYCsBSTp0eQtj9LfVj+FLQ==
qnbJWVcanQjWTpLxPvYt0QcZ9og+dOdzUnXjJQM12kolSJSBlRUkMM9tqczeY+CfttFlz0GERUDRG58YZxSdDLjxvehMQgx5/34STPQmEaGp8i5An9Ka2sSi9fqwPg0EZclviNnhBZfq1xlTGpxs2aT45EbDuKoGLd3+Tjo15EMDLi8MxG8a4SPB4y6F3ftOM3W4O4JpY6sbxQFi89nM+wdhoLm5xmsx4lRf9NCK/ZbQ3905Zc+WthlHuo/QjRRX
qnbJWVcanQjWTpLxPvYt0QcZ9og+dOdzUnXjJQM12kolSJSBlRUkMM9tqczeY+CfZI4v0v2j74tLiKeOE11PYVEgdePcftBkeyzpvkiX0x1gglNp2jjvXHY6Q4ruzc4B
qnbJWVcanQjWTpLxPvYt0QcZ9og+dOdzUnXjJQM12kqzE0lTTIDutT7ZV6NgQVHZ3Pe7K6F0cxwsELMMYK+AeKqaa9XpHrSvlTsR3yQ4CTA0qDdDMx5xavHb+MJGtiPpQyFII/NrcfnafQhCt9Jes5PX15vCFzUX9tIKuddVZbWbL7e8q0gzGmrrYv8aBuX5
qnbJWVcanQjWTpLxPvYt0SIWK1iMZ7vgEf8i3VyTMUXePi3tVuUBkFi4V8jtlMGqA44oxUA6wKFpt9Fh1r29IEcx0S7ohK0l15mgAW5FXALtecMN8oWa2TEvWIv9Rr9rLS/4X7hi/15Kj8j1T0ZJS2Mrv+0wwR3NVIuula67W3Jnql/Qp/tN4yDkdycaTOwJ3AV1JvWkwqHr5o9banqKYULF2K/fxj24YXtPS6T98NTDbi0bQmP8qNNJgpxVGmwc
qnbJWVcanQjWTpLxPvYt0SIWK1iMZ7vgEf8i3VyTMUVBfTFGxO9fuSCZppH4MgYpkQvNBp/ep6UsYujNHP60VZ0uDUsLOu5F8d5txpHKXnsqZkTBaFubHolq5RZiURJ9
qnbJWVcanQjWTpLxPvYt0SIWK1iMZ7vgEf8i3VyTMUWcTOZcmwfGE86A2QtBAPAdzfb/MUYcfoDjG7hAgsKLdQsXL8ShLjCQCf0PCUIjnHv3RMrOwGdCz538TYtmvAaIqlqYfp9UTMIX9TLtvL62MTVC2MyENRbHC5XWpeX++CqZByqSli84KOgWQ8Es+p44
qnbJWVcanQjWTpLxPvYt0QVEfJtkJ61F11VneiCItAznxcaO2EM5gLWVO8cWyJ9kQOvQ4dmgYTjMVykk3/SMo6GcD1GBSIGb0YyIX99T7HZmRfDZFX7U0f3xMhElqoanDpFaAylg4/J02DZeXkBjOtjI6MCkWG9Gq+96mzaIffgCDmEpVX9ufSKHugcIi4TvOSDW9n51MJvZoSwrK9bdwLuff8MMJfBeNWhS3j1d70aBl5py96SiXLk7o7p0VqJD
qnbJWVcanQjWTpLxPvYt0QVEfJtkJ61F11VneiCItAwMFM2bxmTwFY7vxGxp1BnLbqiOFFlinofUHaQZ0qHrwgW2NBz+vrb00TmqKhrIamLQp1m1+u42bKzHwqjmdXEQ
qnbJWVcanQjWTpLxPvYt0QVEfJtkJ61F11VneiCItAxeEPGeTfISjCvWF7N3n28v4n/9SlZg65ke1pt8OFp/38oGB4EhYJ+ruSvV55dm8IoCBQmpB482JwQxiXVNHEFt6ONQheEj/w2cDldRvJCCq8iImjrXLGxyWPfi/B88bT+ZVHQRznVY/LN0swHLVNuO
qnbJWVcanQjWTpLxPvYt0dsBAlHOBv5kziysd63sXABcCtU3Nsk8xuP1s5+ORhqoXACSafkX9DGrPFZvLGO16//XACoYxEik+MOId9iew8wq7Q9fen7H1rPFig3DoT2rlOvWHEVF49EaPahrCf+sRwDjZ+KLm4ZKMandfqzWBrAjnaVdpqJhesTuaZNm9h2u
qnbJWVcanQjWTpLxPvYt0XhRmOHwO5IogI8UhvNxVEgWWi6vq/MTPQaQ4AmrVvEeJl7BuWutI+4Viaxd1yOWoGnBrdeB4oCFJ+moGChA2iR32yx0wOlLBNyhUrlY+ZtQE5nH7JRfJGiHbNaQ44TKznI8UZPc3VXe9LvtYcpwA6US100Huy/5dtyXydrAt79vCD0ieemC5dRk/uXcIzjLpHNA49THZr/jeAwo8/1+nEy2AnCCRMUQuDxEF+KLxbYc
qnbJWVcanQjWTpLxPvYt0XhRmOHwO5IogI8UhvNxVEgWWi6vq/MTPQaQ4AmrVvEeND84rJjC1OZAJ6Ho+ELW7WiBW3pTZwUXypr1o2LGRri7NK3kJhY9d4sk5Fv0L5VY
qnbJWVcanQjWTpLxPvYt0XhRmOHwO5IogI8UhvNxVEga3Fs1YIN0A90USFjng5dbJ+Gj2I0AUWwGif3GpwkzM38ndIcGtPUAcO3TOJ6KZ7Y/pmYumP21oifconY5Q2/ozgRFMyTg3cWXtapSRTsItwSck4fem5tPYaRZql3+jyg9Eq/zE8ZK3hcBLiDpf2lN
qnbJWVcanQjWTpLxPvYt0XhRmOHwO5IogI8UhvNxVEinFPXcqgy3cGC4nrY95ge9jAzjmdb4leFhccomi+pW13K8B0iZ7VRQupZbl/VgO6ZXeEudMpKKezNu+ZONL2VPlflpoC26L8rLbIB/eYOiJRBC4UNwVAKKDEQdRiDDwhV330Lk3vR/bmMoi+Nr1u6Hmk+BdTfQn2Vyk7LlTYYJtautdSM1Z+oM3oe1bi3uSEYpICm2XVrDOWBSbTTlHy2g
qnbJWVcanQjWTpLxPvYt0XhRmOHwO5IogI8UhvNxVEinFPXcqgy3cGC4nrY95ge9wW2/EiNlnvzC6Ft2StXyQrTWNhZ7v+x++mA9+FtZK+Rf3+xeLXQ9FkK9CIjfB40H
qnbJWVcanQjWTpLxPvYt0XhRmOHwO5IogI8UhvNxVEhfmSM7nu/6/jdOqZ7PglTlaEUZBSQ8YCQehnaxKALxk56CGyik3o2Ez3WOOYgKDiFmYkxexjEgMu9I2h70mPZITAtgNmUFdyYF/qpSIO4Ko2sdvQg7VCSUDlpMj8tyNUGhUVRcczon/cxkw181y4Tf
qnbJWVcanQjWTpLxPvYt0eNAcl9mRRR5xzkOdHOSl/CTJpZ4fkb70QcBR1c8JbCiGBgC3679co5AuOZkBEAO3sqq2y/BlsByf1khu1ryX48wFQLq7CX24m9dpP9RKHYuuIFjVqDl5fGQgXr6MZz96pZR2ZnoC/HgExm7PuAtrGeY5ntY9an6IREYQPpRHInaeyqizwEpRtBEFWV//2wTO1MUKO3TEdTTLyL/svmB+1/HDQfhPITla8VF2AZYGo93
qnbJWVcanQjWTpLxPvYt0eNAcl9mRRR5xzkOdHOSl/CTJpZ4fkb70QcBR1c8JbCiOTHntAOeJpXa7yvRrwk6PBo4njVW9vDIq+Wv3l7DsV/D27kAR19pAoD/SFEMp24S
qnbJWVcanQjWTpLxPvYt0eNAcl9mRRR5xzkOdHOSl/AIVipgXGYDDqRZ/M3yD7f9riRkuXse/fkR9aTtbfruaEEpF+dg7M7CF2FUUwsMvhjEqJEbLybZfqtKSai8yiU4+N0Mq5lr188Df3GKq3GerAEyQjdOcQo10wJ99YZqcitbaT04aY5tV5YIagFK8RHS
qnbJWVcanQjWTpLxPvYt0TvkaDU1yY8jpIwnCFO4cjOO96j/xjby+r4Yq+jTxRdltY9MM/mq7PK62pph/FGsYKssIweyo9yvUAQQKy6yFeJIHuNkwk0jmeBQLkdyoOKauRoaT2C5H+l/QUZrHj9JRqbHoKVNqBaTt6/+V+I0iZy3xenSTjfGxjDKXrYDnE0Q6FinfWqmmBUD/PPu1Hu579jHYZQXRWyAuhXRLBpizMJvvU3nObxxPCZaese+SvCP
qnbJWVcanQjWTpLxPvYt0TvkaDU1yY8jpIwnCFO4cjOO96j/xjby+r4Yq+jTxRdlU+WSR21fbMVBg8zo/6/YZl5S/JyXiWIq6JeP+8iUq4TM5XbhAnGovJxzvhNK7UhA
qnbJWVcanQjWTpLxPvYt0TvkaDU1yY8jpIwnCFO4cjPS2Xsl3R/CdrUVp5Pje72rMfjpcHoisK1K1Y3SsApQxtyggJqqOK2RAaJ8ouvDnDJ9e8JtKpW4ERasCghNTxL+I3id3Dq74xcEMheiZz9EHbukSykfnX5iotrdwaQngk9fHC+y9TNlTDqncUVtSYAI
qnbJWVcanQjWTpLxPvYt0Z/HnUJkH+40FG9lZIVq5OxasboxvPIOq1cIYSeHOIptnUN55nRfMasBdEVYLzeLf1eOU79Io+oitIZAh667BFK2hcxdrstwHnIy9wtzjtoCqogPCznHzwO5Z2yeCzXlqVBtTmVboxsVpaIAN9HAFMb/NDVBUf0kDYdiajiinXIH92+6pKHMlVv3o3CBvImR0nZS5PQP10pR3KuiLpKSjVYa3XZ8WXI2TQX9S5XbOL/D
qnbJWVcanQjWTpLxPvYt0Z/HnUJkH+40FG9lZIVq5OxasboxvPIOq1cIYSeHOIptAcXYUEyXRdxrQYJJGstrMMxc+3/24BtNRdnHFbsdM5ug4dV8StYtFkjaHdtzpPf9
qnbJWVcanQjWTpLxPvYt0Z/HnUJkH+40FG9lZIVq5OxCRmgrhbrPwMBuX097StieaPVincL/qzJIBgsP38AacpXJ9x829pXQ34Ibn1cABM3jQW7An5KxxIU8ft9EOQbQZxx+ihbOQ3RICk7oEc4ZbXk1wXeJSizCzoQhcXtN9g7STJ5xawCm2R2RUD8pXyDU
qnbJWVcanQjWTpLxPvYt0c1Fto1qfRuA/6LOLgqY0gGqVpsZNqT0qWpYi0Jd2cqx
qnbJWVcanQjWTpLxPvYt0c1Fto1qfRuA/6LOLgqY0gHVgRSlneAODxpMFC1Wb2zQClKk8MHK3bmdSStFi4biehOouIunF1ETr4u8GwZ8ToI=
qnbJWVcanQjWTpLxPvYt0c1Fto1qfRuA/6LOLgqY0gEhMwnV07bUHwOHRANDq/iUYU9inJT3ndUUvjxg5vxijsdvtW/vyPaxlkdTGv0QNe4EGXW0O42zWUtHG54kh1JXqivsH+fWYT6ZPws1mgMZ2qREt+HNLhGUJr7i/4Jty55MHHdLWGuTYBfkCa6oAMyoPY5kg2rc86wvrT87depJqDqq3EZDSxdDr91LvFI0zcmqOlrtRIjVvTEpJ/Uj3jmVCUcY/Lt++NSyYqj0VLhVxu8v4V+PScdV77qLyyyUgVZRqJpWNE43ktrgkbzY1e2QhcduEKKiuRw2pbyvyVF22w==
qnbJWVcanQjWTpLxPvYt0c1Fto1qfRuA/6LOLgqY0gFF4Z33QJmc7kUKDtUEhH9kwPWXy8tL+pWVXxvyUhBdZOtt3Jvb8w1Gv5WxtqxCP0nfpUW7fvw/9mX2d0+nzmledBKWq3C+6XsIeZ7gJH1Dbd3J1ocjiqVlViVrNj5itb1Fu125WAi+3uJoAPZ3k/TrIPKqhHwRzV7OODKg0ws87PNbk07g5Sfu/ywPXSIZxZ2fRLWvsc9HKhTK21fHHxzm
qnbJWVcanQjWTpLxPvYt0c1Fto1qfRuA/6LOLgqY0gFZoHNh+rvwEfTLb3SLe+8oTvg854lPI25e96krVfpl9g0x1SDFCO0NSH95VAVIJT/xbk9PVxSRTe/QHjgp6Qu7
qnbJWVcanQjWTpLxPvYt0c1Fto1qfRuA/6LOLgqY0gE0dGkCINQ62DgyKDr9O3BTOVbxwsjwxiovsqFUOIeT8GOaSzEhX61vCOj6y3WyhOwtwqg4GS8AnKOHjUFJCRgK
qnbJWVcanQjWTpLxPvYt0c1Fto1qfRuA/6LOLgqY0gHkYTfHRRlndHgd87cYlIYIztxx5Yk22BNEPtnMPkee5JUcakmpnJAuqWq1gkNtprcHQvys4Ktis9bBaLZi7TmhQzeWrLJk6dHvoNT86clZwiYdsP0btqD6pkuv6VXadSWoea0XgmHiL9xp9fPgkVgP
qnbJWVcanQjWTpLxPvYt0c1Fto1qfRuA/6LOLgqY0gGAutaN8iIrvU3Lvnt+pxl5zRCG07Hset+LR7OoXNajKsfk5KwXQzS2sp3piwsSieE19T5W08qAhCcQKxEa6E5k
qnbJWVcanQjWTpLxPvYt0c1Fto1qfRuA/6LOLgqY0gFd8KRoP3IOVnK+Gww65nxhL57ldPxdhWTYCMQpL8Yr8LpRVMaIIQXcFvL0qwxI+G8kgHlq4V5qmgF1QOZhPdPISoDRI+ODtlxfSB20Ah6RrDy6Hqe7meauptZRMfJvgU0UaWmYpOpNXqfg4sz6SQRQsoa4A5XDmUJsxhxJGl3NXJPI/yzFzxUq1xN9RSFj7tc=
qnbJWVcanQjWTpLxPvYt0c1Fto1qfRuA/6LOLgqY0gFN0lZs5KHnNswSqzISfNuMhmZ98UuKcJOzXVqii80F9phYyexaOsQYgmTipx5w8S7CRM10VyDlif9AtOqhS5bitfsctzgPVOxR4d4CdbSuP9lE5OP1EQ3Tz49mqAPkNs0=
qnbJWVcanQjWTpLxPvYt0c1Fto1qfRuA/6LOLgqY0gH0XCc9VkYwoe+lNMDAo4SbDKr/v8RebYWFMwdtiLgjY8NjN6KUwclrnyi3Gk+Ti6SQv62ytegj+Z5e2op9ybga
qnbJWVcanQjWTpLxPvYt0c1Fto1qfRuA/6LOLgqY0gG+mNq4Fg8f2+WQ6v+RQe6wSRaWmjs0p82pQ2bzJyFtw5D+kmqKRT83V/bHa25ocXU=
qnbJWVcanQjWTpLxPvYt0c1Fto1qfRuA/6LOLgqY0gHWeiJttmXBQwCmoKY0Llrd8fBkBX/ANney/YJd1Q4EApapm/Sn/fai8J4QoTt3T6u+efu8WX5vvxNBc+GRqezQ
qnbJWVcanQjWTpLxPvYt0a6oIWgT9sfxpnhuxfThAcK7JCpEqycvwOEgwrKFuveFOassIlVswPgWMtr0wihH1jNpABSHeBaOEOFFQdOuqRDPXYF32n9XCC4r5vzofu4QymhzNhcJP/9s8gs0QqdXvEnjfc6a8SNnL+bHSkzeQfZWzVACSHVy5RCa0WPlG39M
qnbJWVcanQjWTpLxPvYt0UeuTVVoaXhfqo+zRlAoF27oj9LW9mG7e90mjjbDL1KGX6TIUf39rwbDDu5UIUjamex2j5QMGVzaoFXYbUnif1S1DHAYu+TqfIwvXbZ+ssYxSoEoDSvmM1rjVB599bpFjlaOpKJnz+uF+aMJc8/yxICWwNdXRPGY5coN+naf2Tr5le/MF8ivyaAIpOQ6Ixfvu7VenlOITuWFfCI2wpryDa6566DGRKsQC4qBGlc/A/MV
qnbJWVcanQjWTpLxPvYt0UeuTVVoaXhfqo+zRlAoF26IyHCdHBJZqiWu/dQEK4EqGYKYFqnyJrOMz49RzCrXZTKb1baUc5pDNNjE/E86Q915v7vcGBc7ubI+JaOgM2gx
qnbJWVcanQjWTpLxPvYt0UeuTVVoaXhfqo+zRlAoF24IhXTa+zJw6MCoEx0PgjvzCoxQ+bW3iO9DIfmup5hQXYgJNvjnmz47B3xavPFUlbk+Mq16q/ZKUXdX+fFpaiffoqqrpWbCFNQCW7IvdfWCYj8Js53m7mZweNHPqW4KAh3L4NkyxS4QzzFjw+KyCeQo
qnbJWVcanQjWTpLxPvYt0X8bP/ohNk/WAPgflriTfDcwjU4YxwqWNNGEZ7NqpTceb4U8TBWCfM8CiO0V3AQ/GqBcwlXfPaRi1qItVtwpFCgmOV0j+N9fUZTOZJ1AxEpIF954mrfdDDDRicbtuxO52zUhww4fbYjiehiF8xflmWTGpP6LohdzUaonNwOmJDEoAGgOiewI7RnbzZGp1oRdwFPoFpCxTf6ayUqoMUHOWqTC40mTd4YaBHIg7w3xpUXd
qnbJWVcanQjWTpLxPvYt0X8bP/ohNk/WAPgflriTfDcwjU4YxwqWNNGEZ7NqpTceIkoDwQ8H3xvDAYDpP4vJxLp4FrdMCpn1JpFJuZ1PZQpf84lX54rCunQZQVNGxZQi
qnbJWVcanQjWTpLxPvYt0X8bP/ohNk/WAPgflriTfDdiU6L4H6spsFl+K7QG9EoKhNprtdv0W4/bp1IH046QOWPfnLIenvYgWEqywT3QkatMM9KUvqqMVtq8g5Lq8p+SmQjLaAYpcuKm7Wm7Owbdn7WJWfr/5+LUWecKyGDmSEcmrIk56uWlZ6T+Kj091U4y
qnbJWVcanQjWTpLxPvYt0cprpsBeaDm40KWEBRQTi0/HJg0gOu/2rxwDpKtb7uIBMMT7qz5/1db3HO3DPii0XR9IkzgTbYtKET6C0s7jaxa3tJ9vuqipomNJ0SB3fOjEG+FIrcvH8bcBnt2WZV3mEQy7jlmOQm23wg6u+fLsHcJo9FI6y/bKZxFq/0biuk8vrtvWOm/TSWfSIvI4pwb4w4643JXqUHNpGyEN67mD8gqu8wZOj/+zWQUHLvPxtoNqasB0jMBZ64rfX0v9wK0IbQ==
qnbJWVcanQjWTpLxPvYt0cprpsBeaDm40KWEBRQTi08xu09bG/CQ0Ad2BAU9iEEbIKgsH+DSib5pXU87ctD0ayuoAGM6DSg2s3TEIM/Jx9E9GmlQL7N4KUVYFeNshl8+
qnbJWVcanQjWTpLxPvYt0cprpsBeaDm40KWEBRQTi0+d05KF2zgOpJVeS+W7l1EIqYj1yBhXTSblutpHOuMD5pQ6PfGMF9ioj+7hKoUCnE1aLzDIxbU2Rg8OgWlDquYX3YsbZAJL66QXENZOSNpluH2AC/5ed+H/BYoTt7zDpWOuaI1a11nFBjAtaL8YUNKGdluSwOSSao37n7q4xjd41w==
qnbJWVcanQjWTpLxPvYt0cprpsBeaDm40KWEBRQTi08xu09bG/CQ0Ad2BAU9iEEbIKgsH+DSib5pXU87ctD0a4+lR22HVZ1FssX+5W1dhzfn6PFTY9E0XYR8WPZgr+uN
qnbJWVcanQjWTpLxPvYt0cprpsBeaDm40KWEBRQTi0/tYb9Rd6Wx7NAQXVTrq8beklOoQZgKBa2y6xERlS9tea5gU87x/ph3YJVFDr3Bil+AiA0RWpyIRCp6Bbs/8SDTUsWvQXez5ow5hEC5H4iE7eqQRks4l4Vmw/BQyiFNsaE+DtMmeMQpYyq45XQG75lFhMqdTF7IceAl2HqQdUjFFVHMbAINSV56O8XL306XUymKS1CU69iuLLqMOMuit9a9/Ab+yvG4UUJR2+Hl+TlqjytW/wQFVCRFXaL0Qq4ita8=
qnbJWVcanQjWTpLxPvYt0cprpsBeaDm40KWEBRQTi0/tYb9Rd6Wx7NAQXVTrq8berGgyjwhv9nHVH/prLqCqIW+s8zpyE7K7O6NCofRqkoHftcO0RTYjgcAuR++QO58g
qnbJWVcanQjWTpLxPvYt0cprpsBeaDm40KWEBRQTi08FohgQPDMizoK0tCi+KcCeuGju88r7vWleg4+vMcVEU2gPpdp0xygEZVZMpckHPv3wR8bRey5cnbVlXXmU+f6xsu8mfs/NIYnZMwu4fu+rvNQs19/EY37lfHTVUfkgHvW+sdqPBRrkUER6Rkw+4Ft7LhiAzv1NJkHTR+SsTwqp8weFIJiBUmR+3hjsWhcUpg4=
qnbJWVcanQjWTpLxPvYt0WeTmbbKfUlq33JXC6VBRQLmUXqCATn4rV5FmhIe2bMOo+j7xNxUXf7EFkkrUvazePF4OqI+Sqp+DLIl1TZXqv1x1WTFnaqE4NLtAmdQspIY2vBDykO0uY4FLrOfP+RShTe91JQqFmm1/EgcZTECc6mhmNFoYT2IGhMPd5ADgxYYxVUC3jcm7U4KW4+coApKIQ==
qnbJWVcanQjWTpLxPvYt0Z03lENikCD+Te7YY9zB+G69YaLpj0EW9gc3r2RkSClAuK6YHHCO9IgMyF7iWZ4iZK1dh27QyLvcmq5Lv1NAGD4zxdYNv6T7hPbgJPJT9D0LrwdjyylGQ3tHaNVb4EYicjppA4X3pI750uaIRrd89/W9B4uPOh81Ny+6RTAEazuaZXjJGP8jwYKEHRUipWYlSzZK7ZEsPVqMxJMb8zEZtzf5hKmU6s3Gz2DiddhaSVkHjj5n+k0NJ07Fm/ze/zGeeA==
qnbJWVcanQjWTpLxPvYt0Z03lENikCD+Te7YY9zB+G69YaLpj0EW9gc3r2RkSClAv4Czf9uDy8D9R2Vu0TP+s23KfoJSMznFhbXmWhvoACSXu1fbjJaFIM2Lo62LR9PN
qnbJWVcanQjWTpLxPvYt0Z03lENikCD+Te7YY9zB+G6wHu8SgmS+kOItDymyVUPX/+YGtluHw9IQoSJhsFxpQIYzpp/PmgOZzBjl1n9wbVLidxXdNZmYAPSOq7/+1fThfTtwl85Jz+d3d8FFghE87C2hd8+IRYsAaUMzDliNxlnBFMyQF8Mx8sPi5hiLTQQrXIuK2p51uP5wGlylLUHRIQ==
qnbJWVcanQjWTpLxPvYt0Z03lENikCD+Te7YY9zB+G69YaLpj0EW9gc3r2RkSClAv4Czf9uDy8D9R2Vu0TP+s+fk2Kg5JURCSSxqoMhyKup4ykjc6u19tvF01J845rBc
qnbJWVcanQjWTpLxPvYt0Z03lENikCD+Te7YY9zB+G69UT9t0tcVFGjcL64p1Lgnr63sPMv+CNhHS808uXkrEoeQRkBFGg26KEXHbo+XYWOriqFWHrcGHhgby2gNoJ61xWdZUTyzkwbYA2PjSFJMcnU6C4X1S6X7UQBgB3YXeMUh+uAOZxvS8/d5L1eC35u1cwOYb6hDBIHjudmlIL67CT96UUUZZ+78yQ8d5W09TULdZKhWp3jOZSAf+V9cWb79
qnbJWVcanQjWTpLxPvYt0Z03lENikCD+Te7YY9zB+G69UT9t0tcVFGjcL64p1LgnjewbYX1Is/NusvJ4HKcvLri7h4sXmxKjsCMXqIY/IUCqJc11uaCWmekkjRDh6/3f
qnbJWVcanQjWTpLxPvYt0Z03lENikCD+Te7YY9zB+G6TUWNkZOuFqxlBKhLqogIIMIgHhn0CGSC8RUgim8zFQovWAsNBmK7FK7mGlf3JoVQyTWJPvxqup7JMfyKXvgN7zw0MufaejiC4/0LhfjYI3vngmHQ89txMp9Ki8ScDfvB6WtYymFjRHKdKjr/jA6m9
qnbJWVcanQjWTpLxPvYt0Z03lENikCD+Te7YY9zB+G4FlwRcPcSmJVWFZLJRMlPQTWMUZqvAsY18kpGsjlV3g1n1Cd/ZTYTM7NqF1pmaPP/E9hvrLj22rUvy6BSB4Pau2fi/ZxIvmiLG7LiBYZt0z9HHNX3cP3ArczkzhzdGAZWwAsrE8vWNZwU2nie9MsMJ
qnbJWVcanQjWTpLxPvYt0Z03lENikCD+Te7YY9zB+G7PKEloHUOWOxECE2G9jfDERGb2YtF1LtSd25GFcNC9DjOr3HCXmyZ2SQeUN1InWyWj9MNt9uksvk5UzK06+8wS
qnbJWVcanQjWTpLxPvYt0YXuLTCGb+BEfFOvN6+HHajAUJxgF8Snc0UKqUFMDFyjkmU937sBCfBXd4BRzi+6fZJCuP3H46SMpOBlxQq6DU9iUf1y+yCuYRUEnyuHLplT
qnbJWVcanQjWTpLxPvYt0Wjk0C64Hby/k/KZjC2d1So3f5WD0eci1Qbjwf03fHmnsJn7akOjlhSiI7Lp92QtgqsXIRXSysAtLmnlpJg+sRioYSdxnjewnZ+iwwKWJuznLvd4xUNseeX4RshEV5RpowBhsOTK8PBg5f35XSY2YyBoTCxkKTXdoj3HKpynVVTF+cXduK/kEdlBavzJsY4Qck5TifMCwcyY3I1hTQqwkaCM6ww3XrOM5+bJMLTjGiyb
qnbJWVcanQjWTpLxPvYt0Wjk0C64Hby/k/KZjC2d1So3f5WD0eci1Qbjwf03fHmnNFJOGJC2rQ5v74VaojVkcPFe3SStyavg+HsNPwpXqXX6MH8UcLqw7vN8Rm8X3cns
qnbJWVcanQjWTpLxPvYt0Wjk0C64Hby/k/KZjC2d1SppIR6HK7skoUEqfZljOPmzEm4OCEQZGLJZqJisV/Ac+T0AmXsCTTDkTIcmky+PW/emF3vVZ76eH9m0Wy9nqQ/j
qnbJWVcanQjWTpLxPvYt0Wjk0C64Hby/k/KZjC2d1Sov7HJi1MFW5Cg7PlZqveKtwFgmB1mmiK7rADFK6HV1qmXmRnZG4EovdkrQ+QZuutxkE+OYt325p/tB2gZ9Ou2XmOI/LyovaVGjfidftMr4CCxJ7BVZ9Wt0axnIYK4SF10SyIsLAap8s7ILKUnJXD4F
qnbJWVcanQjWTpLxPvYt0Wjk0C64Hby/k/KZjC2d1Sr11usdHfSTkNbIoS0BpcdBj1tjDOeAiQ89+XvgKuhip2kEjap0yA/m8UGWavjRKuY8GpGWa7NkUmttKNHwj9ErLuDkJDvtNYpEDy5MznTZmYbqzAMED5E2Cs6+TdCbsw5JfKcBVOpOFqSzYY3ft7Sp
qnbJWVcanQjWTpLxPvYt0Wjk0C64Hby/k/KZjC2d1SruO/zW2MRfnzEC+U1tdKASZY3EiDkN2tddEGeH+v4Q6e28s3sSc/XhMLTFYCmfJoK+1/yF/JNHZQYp+gI3UpkUekOv4yInW8v1hILe5QT0421IpAP02WbVc7aHD26lwX9CkfofCrmKXNRYp4kvbOZUZGElfspPQRYDqk4Y8iORNbdEN17FARbUjLrzujMbtO8GtK27TVxNf7yshD969k7/
qnbJWVcanQjWTpLxPvYt0Wjk0C64Hby/k/KZjC2d1SruO/zW2MRfnzEC+U1tdKASrHkT3UuXTuxHhRqPskG7nJGxiUN+sknnTyNyPpIMOiCrVW5X8i10Wv2COeTVxE52
qnbJWVcanQjWTpLxPvYt0Wjk0C64Hby/k/KZjC2d1Sr8ti6A4okXr4EeqyTC578/1SyXz1cMRE97MP8iR8+EL3EoKWEAfkHaEq//oZPK+kL5zo2W0VjfYZ5I90HfkBlLz1KW8svInKpOCxRr/qQHr3MnB4zytu3FPILCNe6kh4eGiLkIxVzYfgvBg7ax6b6n
qnbJWVcanQjWTpLxPvYt0Wjk0C64Hby/k/KZjC2d1SrlX3bEkQEV9eD0pj7YrsaUZaK/V/54LTfLb2HI29JgftJ/15dCJvHiZ9LCUzqpEfc=
qnbJWVcanQjWTpLxPvYt0Wjk0C64Hby/k/KZjC2d1SqaEXZWt0FKjSAONfDbLnhr2+MB+4NAxqHUPiXkXOlGIy4lPOTB55egTCQwQCkycRCJhx6AA6smOy5OlSufJ/fYqOLOXJ5j7CN38JaIbcBrXnJqDoIcXvgeZ6VXlXIF2ZWdxbyz/XEi55rX/T02JDaUCs2qVls/F6yS/P1fW9zmCgVEVvS1ai7icy5PgtHBthM=
qnbJWVcanQjWTpLxPvYt0Wjk0C64Hby/k/KZjC2d1SrQ6kGAWwQtlQ1g+wOLGBD8Rl1TkS+T3XH0oDHKmN+8NGxHrvf1LB0j/CaJw56rXvk7GrHYeuscDmrIPuGm9TiqB42A+v2ZC7ybSVsF9S9QV5b5v9TvtP+aFLBVk/U+TaQ=
qnbJWVcanQjWTpLxPvYt0Wjk0C64Hby/k/KZjC2d1SpLpKfBVqi1jSo8Qoy4nYfOp2BwKDGxib9kaqYNqbhYbLNHfoGejAg8C9gOSP1pLcUuOgSaZipmHin81Clyo3GihZmgFAbPSnRtAzFqAWwOFGDMzpaexieFN2APDdc54gLqEWCguX64dXhlcZHkIaH0EChrSdbunn/RCtjiJ4Ggp+KemiMjdpB8r6sRpv0Z8oJhW+vDfklckaxr9wreReUU
qnbJWVcanQjWTpLxPvYt0Wjk0C64Hby/k/KZjC2d1SpLpKfBVqi1jSo8Qoy4nYfOP5olsjSSXb0pp6yV09gheh1OMG/cxHci4weVzUCiGxW0+vwVFCmQjc/RVjg3HmTO
qnbJWVcanQjWTpLxPvYt0Wjk0C64Hby/k/KZjC2d1SrluY1anIzygVuiS7+BGNIdhP/Z6TZRUCb7ErURnkaW1Pr6hihU6Kr/i63KRtWehbBEHg10LkpzUmW3Tmfx4N6ATyPzBc3/QAJ5uIfZas/OQsoCgSaaaTreQNnyiQ0REMLenU9wPwEkfpd74febazofFST1jMS4X8YG6lCp0MHxyZa7ZZ87GuQEHVt9Q86JnebH4NedgWnwxQ4CncQnipA4
qnbJWVcanQjWTpLxPvYt0Wjk0C64Hby/k/KZjC2d1SrluY1anIzygVuiS7+BGNIdbhiF4XSZ7zlrc7uH5dGM30kZ+D8qM6CQ3tc5qhbighW1LU6vi7vR7wM6Vy1XaUdR
qnbJWVcanQjWTpLxPvYt0Wjk0C64Hby/k/KZjC2d1SplgvoLvnfXpyE2K4tyDnM4VCxJG3cGQygqKCY2bjwCVTJEntec9J58bGV+NUuiuDlE7htx+MYJ4p8rWrj3sxtdGW1WdrbZwaQBpb0oaAmfq35YE3SN+U4azE9RR315Msw2/JObMXoqkLR/wdzF8TQp
qnbJWVcanQjWTpLxPvYt0Wjk0C64Hby/k/KZjC2d1SqP+UHnNMmVzEq1jO3iI5f22LJ8qe97IHL+c/ip/DpL+Q==
qnbJWVcanQjWTpLxPvYt0Wjk0C64Hby/k/KZjC2d1SpEdvyYsXHJmOrXrw2RA9VPN5I+I6AaTocSX/2qOply4pnQsIzBJoBgy7/bGFivlbE=
qnbJWVcanQjWTpLxPvYt0Wjk0C64Hby/k/KZjC2d1Sq+9m0pJ4R/0+41mlljF7ewBhLa3I5d/p7l/JyTV5ewwi/xJSeYMClO9ZXRDpY52+DkR/uVtnpAl5HZ0bOIXhLQrH4epPR1gVB++DYcNAmllb/LAqKuFRm+rF3wok4VOz6ekAO78/Bs8Pk/Mn66Xx8YwYAuoetaj6xP/ddI2TS2Fz7WbBL4Y8QlEjoob9tzQNLwuSKNc1XBBCjVVvHMaI4H
qnbJWVcanQjWTpLxPvYt0Wjk0C64Hby/k/KZjC2d1Sq+9m0pJ4R/0+41mlljF7ewaWJmmwAuFfoD8xlL8vMuwDIiYgThVjcU3b/hHLCHFLvjExMJO8Ws4muKHZwAcIUs
qnbJWVcanQjWTpLxPvYt0Wjk0C64Hby/k/KZjC2d1SpuC0Ort/fdwTnFuHPNxOwA/OCfTZiZp6BsWojtxqm4dderAJQwDGZkvpDJg9LbZ4ywnQLehgkjnMocQLK4thAfoeVybn1/UuokJ45kjmm1BBJdjarqxqm5+F/x+bq/dzppLtw0AnLX+f2Muvx6b5KmrlFlDIAe/XPLE9v9W6TF/XLju2SL0CFnHT2hB7zeMSk6YGZv/ooZkWn1cGRZmNjoMgqY39zN3rezIDRFofsVU2YlgWjcr7r6kIouEuu+oqezbHOgWMq4E3M+IRLoNypyGB4IrYuPToD4S02zTltFRA==
qnbJWVcanQjWTpLxPvYt0Wjk0C64Hby/k/KZjC2d1SrYVQGgXueejZ3EvXuJ7ZCIbHNyC8fedK16uDe2xxSkLY1QLzWGiNsQVfTFDUEEBJd+VD9Rf6rIOtafWgEMOVEvIxPftR+c9juxM9LkySaP1RiND0FavBOix2XdLQlUdz96v/VsDS1LeN8O1AUD9XgkMBF6LScmTyBemIRNTytPl8Usf02x0wmuQcmJcIn2NOXkW19l03qOhjnnoZpajdYp
qnbJWVcanQjWTpLxPvYt0Wjk0C64Hby/k/KZjC2d1SrYVQGgXueejZ3EvXuJ7ZCI964iADZdQvXM25oBQH90ekrRqvRNgmNqsHH81ggY9LdGw48MMdHZOfWhxtb9Q4dm
qnbJWVcanQjWTpLxPvYt0Wjk0C64Hby/k/KZjC2d1SoMHVrROI0T6IeAKBhvlZ+jZ1dR/MrHRg+ZNPJERkDEhOsSAJCMKuFT1LaxXxuQCevwzQD9uY2bhe07R1gDFHLnAFGYUmpuiSuav2i/uXNyUH5D8MRJOJRT9pz3lLLmWfv59reknmNa+mG4W9CrqNX2d1wmKZlBDJqJKSRS9F7BeQYOP8JXdrHkyDcuk4dynQA=
qnbJWVcanQjWTpLxPvYt0Wjk0C64Hby/k/KZjC2d1SoR33kKDeI/Bv0fln0Aq5Hn6k+rGzFYiIjAYKz0dyyhw4393lQ5+vK5ogBxPXyJKv3TkpFKVzFECeMgmtNSJUnMhMeDZ8eBsvl2Qi1n9EkZovDNDK8ytt4SJSo8a8+pn78=
qnbJWVcanQjWTpLxPvYt0Wjk0C64Hby/k/KZjC2d1SqzoZ/s/CjkXHcmuXxjYz4bcKmGX5LNZxxKdJCW3eB4wVCQlnITwSX8d9SyEWMuTtCEi81lNKoRX1LrHHdkKBhkM3Ip6CPODuTABQqALGytnqffXPe0/+lVf+qABycbI08xpB+YjI4FuwzW/p5eHqg6
qnbJWVcanQjWTpLxPvYt0Wjk0C64Hby/k/KZjC2d1Sp1PlJzBvfg1KNruKGCuelYga5nlhYA27aXyWxlXCwuk0+XFQZWuJZ+marR65YGtOw3ac1LsKyOtLmJlrUaePnd0H9sHu0HROuWcM/LFSTAPlbQU3OaC3kpyjzUAQMWfGBGuQE5Yqj+n165SI/DD7X50+JKSnL0hXI1l8ilzuQ17ECMu8FW/fIJ1kuIit9Nn9RLRMEHO5fjPQBz1Afh5vGj
qnbJWVcanQjWTpLxPvYt0Wjk0C64Hby/k/KZjC2d1Sp1PlJzBvfg1KNruKGCuelY/Q4BWn5D0eZurRBE56yn8fdodpL5y3ElM9LGUC4g+9HGnr5QqZfMqDl/y2u2v+Be
qnbJWVcanQjWTpLxPvYt0X3O6fueyiE2wLd22b1FRlufaeS6IXlTPJHUg5YyXzZ0voYvJQo5V8qJLXR3klWmYJPvlmvhvK4sEiCARi16EJV6t5iBw8QDyNQIEN7KGwOpxy2lS10LQ8UEtBVlhicHqUmYyFzWfsCGuX53HjxQwy1Yg32aTPcuprnAf5TbbBM7FuluaBt8rFxegLMBu5AL1dWQaByfb5hQWaiuB665XZqFDFF/669vKSbzHRLnlRGX
qnbJWVcanQjWTpLxPvYt0X3O6fueyiE2wLd22b1FRlufaeS6IXlTPJHUg5YyXzZ0dBGr26007f8mRMbWRJig9AYkjTsb0xa6o/IBIH8Ccxf86e+lXBxLa2Ajz8c8VWub
qnbJWVcanQjWTpLxPvYt0bqE2fpRDBivDhQ/TN+WNdOCXHr9pOqsDIv4Fz6kC46O
qnbJWVcanQjWTpLxPvYt0bqE2fpRDBivDhQ/TN+WNdOuYSN09JXvTJZNzCeY2vgVYSTvhEQhLQ17JcLdK+inPVAqxTlW/coFW0qOGmNhAI0=
qnbJWVcanQjWTpLxPvYt0bqE2fpRDBivDhQ/TN+WNdMYnezRNcVHwu1/e42W3l7Qfo7QhLQeiEqmF8nnTqbB9bHGDpgZ85inNkQe9X2bKe5LgzSMTi02uclju1lRA8uJYKpkHkSqWqKMTDuzGlDYfVH2OiYaIHFoLs3bp3VEZj730e8Akx2kXAhMbGQtLEWWMn+4fdsHjTgkGuywLsWEhGkHFWkQ4zxRAM76HBf6kVYz8FOQLclioA2DvxAxoY4xwxwPTWIIkPbD0kepBRfc48PyFYE3zoAQT0EfKZ0RoHaywifhz9kEDLzXrlJ6Fcz94U/kbZWuxzvbkWis3kgJUQ==
qnbJWVcanQjWTpLxPvYt0bqE2fpRDBivDhQ/TN+WNdNPbXlP9G+UXsMQmPZFSA6zNuVOoZOBg7MgYzcEKUu0kWsfAnWauN/dtaGzQEag7pNzH5Ij/BunbYaTHyfEgp/lY+GMufErTaUnne7TpaF2so3SzgjIuQ3mSvD+K6Q4vJ9bXyoXgftV29yg5cz1Jqq9ykUxzdGQ4CagzlOgVRiQA+iSFbBhRKIE29O66+x4ssF2I05bxlp7PLMNkTGJk5Na
qnbJWVcanQjWTpLxPvYt0bqE2fpRDBivDhQ/TN+WNdOydJ3pQ4XzlhwhbQ4HDxmw2TXeQwFprzsUpJdTOtorrbYLIHmLUOB8WQtxRU7FoKgx6TgLE4VNeHEfzE+QZXGK
qnbJWVcanQjWTpLxPvYt0bqE2fpRDBivDhQ/TN+WNdN0bCALCQC8UP1qyygoAbx0E1JGe2JJoyv1Odf+Ca5VTekACZtY2BD+y+e5Ap3joa22CDmxxyDUNvmKRSavvm1c
qnbJWVcanQjWTpLxPvYt0bqE2fpRDBivDhQ/TN+WNdNzxF+zkvmSz7uMjftTQfmEFgIUZiNulcJF72xZSD09EWD/ePbsZUfKWTgmc/Q2Sh9iS+msDqEyiPLL4Tr/BR5hw/R2vR/Wc9OkZrl602Fr2eWTi2gFKfjFBVeDn29GABaj4IA3F8vvbCdg35igaCav
qnbJWVcanQjWTpLxPvYt0bqE2fpRDBivDhQ/TN+WNdNPT4Hy81rrxOHLt12eg6FIuxbqE9kKLMDiJQNIuRxPkAS0W0iWY/0QVrKjm/bHhZXYwbbtk9aPUWJlOxWqVG/Q
qnbJWVcanQjWTpLxPvYt0bqE2fpRDBivDhQ/TN+WNdPrblhvDHoGLHxDEt5KGZI2FB+VNRJAU5FNhJU4l4wz4hQafGUHXKpN+ZLhsz7nt749VfFfGsVHpCBHQayk65jYmA89nmtNMmqryuFytNLGHaPo7E876/ucyDQLtavCr4gKsmFZNRPFrdUCH+qtsipZjd20EOItesQrwjwHlGQ/1toB472rE8Kzr5BWaBcxRdM=
qnbJWVcanQjWTpLxPvYt0bqE2fpRDBivDhQ/TN+WNdP/li3gwRfnhizUH6D+qVEaYS3s3+/GjJbPNJLpkb1TSPu0giwp5HptArlgtnyUbDcv87KKHUZHukeMX6zR6uHr9BcGqfDBv3qbkiefFUewxZ4jiBluVoRgPrxTBEQmSs8=
qnbJWVcanQjWTpLxPvYt0bqE2fpRDBivDhQ/TN+WNdPH2zltx46nPAxCO0KNLGlellbkDcJpA0Ph9jESIPDFt1liRyxFgjyblNC2Uakf/AB/N//grwg9/40tM9MmzY/v
qnbJWVcanQjWTpLxPvYt0bqE2fpRDBivDhQ/TN+WNdPw++j9fcTy+WOgjW/FCZ3F8NJV0UhPkZREuxgbzAe9TjQvujRH8hm7HbUfaB1Ik4o=
qnbJWVcanQjWTpLxPvYt0bqE2fpRDBivDhQ/TN+WNdPiS+grLqLtJzq0QMQblU7g+g/aiAM4E8wYjydaG53aYhrA9u2yIHlUWzhm4XuKR1ku2OUlF1PngkG1Aj6LoTx8
qnbJWVcanQjWTpLxPvYt0ZlapSy+fN+SsFiapoJJc0vDkQKBwGPSKHLgH49dPDcOaA6iwxZHmcrNesxSMUyVR+FYo3orIyKI+hCiIvjrd9vMQphrw5WegO78GNp6c1R1k1mSLDN4lL3756z/4C5ROd/feRJ8aCqCHyjgKptUkbCSQZueX10KUgeD92nGe3QvM8R/jn7Qn53Li9Tvpi3D/rwQ8ctp0b3AlRl1SOjxBXGZMnECLX5bGgJpy/NFb/uJ
qnbJWVcanQjWTpLxPvYt0ZlapSy+fN+SsFiapoJJc0uWABndR9f8hATRvB2ZzK1nGqP+s39rxBO3o8ybtgJVls++ospiW3Qu2V3oNKNBRIig1NN2JNqR7NKJoJYRD466
qnbJWVcanQjWTpLxPvYt0ZlapSy+fN+SsFiapoJJc0vpZeu2gU0wGpDNeJFhKrdSMZ8v+J3zzNU4eSRKV8E4JjEk2Hc1+sPOhLGiViDfjl1VsYO8v0y+njpV8yFgOZHmpMXchWKwk3kZ1+iQDNCYzBxbcoCMKq10M/k/dHT9v5E25sz/rUcXT6KpSlLqu4ra
qnbJWVcanQjWTpLxPvYt0eyz7yK+GuMo0YxjGRp+8+/Vab9xfnd0ZOgyf8nmd45OW8JCX0dz2JBpwmmVs52fZWVGBT7Am1HvTbGzDbYqJdFWd+YHboIcbTmY/bSzj+QV0L2aqgAhIsiV7dDNvpAoyGlpVRrMjnPAskpdDQDfbvUBYQLn33AphOE7JSnW0Yw3O0r5lv0xd+G4a1kRmLRuEwCf0sjKZiyAjE2BZ6Hl3h8qeBF2sJ4DAED1CTRDvX8n
qnbJWVcanQjWTpLxPvYt0eyz7yK+GuMo0YxjGRp+8+/Vab9xfnd0ZOgyf8nmd45OClxJx06F5eMpq9C7+IgZw+CW+A5oNK8yxbejzcHXrJuZ+gV6lVKfl2ArxCeBROpc
qnbJWVcanQjWTpLxPvYt0eyz7yK+GuMo0YxjGRp+8++LGZw3CWgQKBRG1Kn6ve8lmxzFX32L4Eq8bRWz56Td0QYL+PvUWEKLAhJhHDS+lJ5j5DHN8Cvd3ygwdO1TX+ejMFXQa8K6Tb3BAtNUrnka5YG1Czhj5ct01AKd4a9h4rPr82YeGgnUt/N5vrgILOLu
qnbJWVcanQjWTpLxPvYt0cHLrDe0jNMnZ0qJPciBE7zSMhJ0/KzM4GBTQ3EzTSIyiSd3ilJqNTkwUnJmjeV3SAehgu0baaT79G0rb8pZy1GKv9n+vvnargNcKBWiTabx
qnbJWVcanQjWTpLxPvYt0WCcPCx2AL0gE96Qn7fN3RiRgeJC47utOjkEKMigKd7HSdTe0Q9HIDkA9jYku/fe3TE+2i1sbqKb120nYCM9JFJCSQq1R/08vUDE5mozxzrFVNLJajsKy4JD0epZHjumVjM5WohZPpd8PWRjaVjdYANRH/EVo7LELYKUZLuzAomUPiRHKbTNrMj63fzDh0AUZmi1y7HBV1qva+y1xuiZwG243xCVZs97fsEC+eDNWfNA
qnbJWVcanQjWTpLxPvYt0WCcPCx2AL0gE96Qn7fN3RiRgeJC47utOjkEKMigKd7HdF0PZ5vQxvsSDHqJJEPB9q9ZPB4fEnK6fqo92FE9M27ndeAUmPzVJjScM6dj0SGE
qnbJWVcanQjWTpLxPvYt0WCcPCx2AL0gE96Qn7fN3Ric0TnntGy4O7IwLjfBJQXofYomPu7RoTBnIo3ZZ7vTeZNer57wt7dM5wMvBy0lhfQ2EzncKNti1YonyN6PMICmG34wqUKLthp2gUzu6AUOVsNKuq0H5HXYxJFb68LGX3WqBI/sAl/zda1BFu5zeqW2
qnbJWVcanQjWTpLxPvYt0WCcPCx2AL0gE96Qn7fN3RgZowa+LNlHdtgUJmmcNXQAvP7Chyf3KM0jZZgcfTB6vAZdNIZ9MCtINg1YrMCbuHRjmvav+NUgY+JP9vR6q0+s2QzqiIPQES8dj8/EmkstmM1w0XGlHf2r+A8zU4ZQl23oKRsKgQ8rUtng/TcH9bcsnephb7U7NxFazGe6UKBcYfDjaGUrA6PwaF3ppObLTGpw3iqK7oDrJtp3zLvqydyW
qnbJWVcanQjWTpLxPvYt0WCcPCx2AL0gE96Qn7fN3RgZowa+LNlHdtgUJmmcNXQAUGxja2Xp78NHPkyxHxpFk2fqBQlHvXx0HnVgGtBhqYf1Gfgw+IzBIBGsy00CdLPi
qnbJWVcanQjWTpLxPvYt0WCcPCx2AL0gE96Qn7fN3RjIml9OS72Qv3M0xYv76Z+pNs2SrXLBf1bEKT7x5Lkw8m1RMBaDf4NoHaGteCSB1dZH+4uzEmEyyIiZc7W/0aBLdFc1Mf1znsrEPheCIY1ig6mZr7/Q57iogi/17llLE9rfRPeZi/3jMI3gfH88pyAm
qnbJWVcanQjWTpLxPvYt0dlJC4KL3qRhnW3EBA12V/SkNCPNFWRI0LTZMoxtvwOXXL+XUnXORS1rUQW0BAw7VWFGS9jjJ3C6Jw8HZEK6/zYUs0yRE0omc7Mh/7we7MgAUWB18JBXsQ2hWb4N78uisqsUVzcIB+hBMAZVWUgyr5kFdFE9iiI7DzY6Tp2eYo7L5uRe+xN3t7VQwkD+7h8wza8PRzsZxUmQsEgAJII7vBi2ICrCrQeNJflezm9gJ67j
qnbJWVcanQjWTpLxPvYt0dlJC4KL3qRhnW3EBA12V/SkNCPNFWRI0LTZMoxtvwOX9yVrB+FC3bIZQ773li2dpamuGt5K7wBUXqaH2y/yM2GzGtcHOn7qQNVfw2xYpBse
qnbJWVcanQjWTpLxPvYt0dlJC4KL3qRhnW3EBA12V/Tk7bVoMrjdMcMG1wHHmUUPajXbs/LjuOSwGeBjO8e9kH/LiwFp1cO6W0de3l1w0JtqPM9wjtD9M8m0C//fCGfyZbH3Y981/2vw+9fUbK27fNsy39gAn16ha2OG4USg46dPG0/fOhiKR0ahGPoaKgK1
qnbJWVcanQjWTpLxPvYt0TKZYZE98Lno69a2Fe+Bvg/m11X87/oQ/2gBzFBgxd0oAWajVuLkUHZGX/8ubJSMrcCQg6y7VYwOIbhQwPUP25ac0K37nYL14J6IAK7AARIgqv+G0003ChsKtIIQfW8WDytli/7sR/D4oP9ZKdOKBTz0rG7cjbNcMO4K8vlyi+0d0O05kbr92uOus6GC8rzognNDrGkTi6KS5d3S331RF+BMPMqRQpOWSrVbPnFZd6Vm
qnbJWVcanQjWTpLxPvYt0TKZYZE98Lno69a2Fe+Bvg/m11X87/oQ/2gBzFBgxd0oM0WnVg0fKZJspIztREhTfFWQpcoCSyP2ZkGvUvdKfOQ6+YGok7KhS9Dx94Pw7DqO
qnbJWVcanQjWTpLxPvYt0TKZYZE98Lno69a2Fe+Bvg9ZvEl/4XTK2x/TYajPhCmOt5LX5M9q2rdShR5cSkowlFU096MBt1AJvmzxXqS1RlReQvgNbikuyxg7bx8mYymx6CZyou1p+olE2exNUw5CaWvLb/AMdqxhP4IJP2XwPikshp/s4eXDFCgcO0XhIx5q
qnbJWVcanQjWTpLxPvYt0Ux23ZgNE7i97TvXB5CRYgaGRe+Fiu/ZLggTQ7I56c7fhqGGL+GVQO3k6MEFCiXnqmQ73p8Ls8rG5ZaQgsl6xnyrl9jNHihsWiRLHF2dZBqFnn61BlY8GKNFZedv+VXSZ2WdUlW6FbQDxhBZDpDMKduMYZ6khxgD4TirJ9EiZy2XqoSseagxYz9IBomtBRjK6j4s8wfDurAkOWDAPNQmf1+MzvjXAw7Lra/FI7nCyMgU
qnbJWVcanQjWTpLxPvYt0Ux23ZgNE7i97TvXB5CRYgaGRe+Fiu/ZLggTQ7I56c7fDIWtI2WHm3x9QyYjPJUai150f6trgB4ePUiHbT/p/J6N18xyBYZWIc6+wLsWpX+i
qnbJWVcanQjWTpLxPvYt0Ux23ZgNE7i97TvXB5CRYgY1YjPN4W97+Gm3juaPva5Z3wK5hD/+QBzGo4ZbpzsxvI3/AnYgErPd6qk6lqs9vRBOLJ8ORjnXRSW/CW8VwP5QgOgGGHoe6wlfp8e/X7K9DVN9b0AAHA8A+oMqUj1rohG3Ar/ieLrqyEuuMTycoN2F
qnbJWVcanQjWTpLxPvYt0ZybK6Dvh8rC0yJXwN1GU97iTeNKvs4clG52rAY0hJqWQVx2TC73dcF7gczInw/57RkmcQ+lT/+OKDdWA9/FUg+EtvYFW25cYY9HXqFNB0UrUOiyLcV8zWJDTqxK3cRCqwak65j2FdrVdNngvRWogZcEZKL46EVjMzVjWel2ZjtgmqT+UmTrlH/JZJcX8x8BiQma9zZq/7GWFyiTjTD3wtq7wabi5zKZh+72YxsIImez
qnbJWVcanQjWTpLxPvYt0ZybK6Dvh8rC0yJXwN1GU97iTeNKvs4clG52rAY0hJqWSw5xmL/KAVN21pncgz1fHEnfDQcuVw7WxRCP0jZqsshc9oKxmmHL26dJTdduWrYx
qnbJWVcanQjWTpLxPvYt0ZybK6Dvh8rC0yJXwN1GU95HY49cjOfm0HbypeJa5WquH5wu38T2uM5TXyoWIG5e1bhvuIPkrtSJFtrtvpLiaFkq3GHjYL39UHoCQE4V6TDEqxp3bx0YKGVlwKP9KQ3phl3ehNRqVHK37lsGbymDtL/nEgItPpsfW+kxdUPDo6j8
qnbJWVcanQjWTpLxPvYt0Y4Ex1b9CbUU22MMWFIlBbYptwhp2H6tpzXxpnNiNlb5B8/E2NcRLQrUAvE5HoYsOQDIKvIOy6vZ6kwjS8O233Ss0RupZ11NMjFWPA8nJSov
qnbJWVcanQjWTpLxPvYt0dSpHz3oosGSHmipMob780B21WOv5Oos6pZm6nk/7E98
qnbJWVcanQjWTpLxPvYt0dSpHz3oosGSHmipMob780AWYxGupvxMRbWrd6ZPHbTHJTD/SWJuCaO61qom3MipV8kyySXQmuxarx+9cb6J4yw=
qnbJWVcanQjWTpLxPvYt0dSpHz3oosGSHmipMob780Bf2+wkzPXzYi34SjZFeJ7vlVwZOIY/3wwjEFqEX8i5qBx82UVNvc2oPRJhhZTrUvgUGK+lijZP9I55yvASzXHaHZd5F27G1eJBC10uLZrJOALS5vTShFmcNW/SxzX6sU8Ze9rBdidf5nr0hvRUKYlUYwqR2HsKdLTk6uucFhsAfhEc3hYe1dznaYknjbJpKzZ1CyzTTMmZqCG+762NTloQH3uhs8zsCebIoTKTw6BVTJzcLiqK9awr03ktkE1G17htFmaJmu6OytQgl8ZNetTZKPMUcMUQqoSeCZwBYEx/JQ==
qnbJWVcanQjWTpLxPvYt0dSpHz3oosGSHmipMob780B2eTcoRnQcPKEyCppdBzg6/gorjnjRyvvSOOunuHQFZ6RNjtOr0UZs6rISvJuefZZLt1NKJW0X05tgV9HiScp0yw+p9psQSuf3oWdVA5PbDeLZ8NbQRfKdBQyQrtlLD73G5tmwKNt3WN8uu5XV0uxRyPyX9dhO62QilxltsLvSRLoNOcbZNU9P6bOUSfhrP3epu/jla/N78LSOJ+tDLHcS
qnbJWVcanQjWTpLxPvYt0dSpHz3oosGSHmipMob780B2eTcoRnQcPKEyCppdBzg6YzTGf4C1LctX3t71DpqQdbIjeQrbAtSWPMWeXPKYT9+bmNtXom4xaqjVquK9MDWS
qnbJWVcanQjWTpLxPvYt0dSpHz3oosGSHmipMob780DR5M+qF0KN43KEvHwUlcz4C0TBmWIUbrHis0tqOsxvoaro2Bg8qaOEoIaQabnpiV2i3tQAWfgOjlWGjluYb41+
qnbJWVcanQjWTpLxPvYt0dSpHz3oosGSHmipMob780AGqL1gFw1nMHbQbLJyitiDMUK8v0VA1vfMupXcOggDMa1QbX0ImEn+hoWynEZDIXSjqMpiQyymqj6zK++uG6xlBguPZQZB7U/G+dlCRJeE1Q9nw7+4ePJAkKje1i0EYjktgvqSalLC5XEQ4d4ltdAP
qnbJWVcanQjWTpLxPvYt0dSpHz3oosGSHmipMob780Cc4fN4nHedU+6ygZjbsxHGcbMzHelBk7/MohSwgEQzb9yl/av7Rj+MfpB60iTKdcz7Us4HYWuQcktYIcWDJPTt
qnbJWVcanQjWTpLxPvYt0dSpHz3oosGSHmipMob780DuM0FL1OyiOFdJRdntNVwB6K0sFDoebJQrlmqcPWhTfqxAHr+XhBpAnIwfBUg9l7JClKcufhvbsMHWPwv/yyrz212zUWN9ZRWqu/gMZBykqfwgn70mYXtt2kxpxUvvM3n7uW/ywZlzDwP9pXj9LcgPItD9zCEv2jX22+zb+jhpwiTlLEC90k4XonUf+mSgDDo=
qnbJWVcanQjWTpLxPvYt0dSpHz3oosGSHmipMob780Bley63hJTJ9UPJ5GIhLP7IN6CsJQfYa+i4QctbINf/tY2tsN5Brnym3QyX3JIiGJryCRX37ov/b/VcI5zPr3qRLFgsJIB07IXebn4Rey2MFUaBmmku05G/cpqWw35SkI0=
qnbJWVcanQjWTpLxPvYt0dSpHz3oosGSHmipMob780BGaTd9+mt9U15CzLux4l8DswU2JTYIb+JqDtfA3Erq6eL88PU6XuZsQrChCJoReoh33h0hLO53sdZH51pcQ/ro
qnbJWVcanQjWTpLxPvYt0dSpHz3oosGSHmipMob780BsLX5MiLBxtgawm8HcOGbt8I+pFrItvg0OLmee244G5UlA31Y1foc5VhO8nieJ0OU=
qnbJWVcanQjWTpLxPvYt0dSpHz3oosGSHmipMob780D0arpGs/XanlAe8jACDwR3mgtvDTKRaQTDz+ie8LSglnwShjJIfvmbENBG6xdfxi/G7DTY8UpYmdsFLowCu6Xx
qnbJWVcanQjWTpLxPvYt0dSpHz3oosGSHmipMob780Bz06mSIfq225ybwZtPHWTDkB2VJfTfn1FUrCpXJH0u00cy1J2pTUC4VPFl5tdiuHqYjjOe4eow1FFF4l0wUMz8
qnbJWVcanQjWTpLxPvYt0ePDwzAiG1iHlZia4RioJGtR1R3CplTIvGSiAxyGdJoS
qnbJWVcanQjWTpLxPvYt0ePDwzAiG1iHlZia4RioJGur+GPSbrgHYCBKc9uqqiFquUySlCgKyRIZnN5FXeSEPcHbjQcMHbIQvwFTTtTFnQE=
qnbJWVcanQjWTpLxPvYt0ePDwzAiG1iHlZia4RioJGvtU1728Qem6K61ntjyLgzEnzd5BB6XgtLd8htQVRAVm4lPRRcNa5Exsvj3B0xn3F7MFhacHlP1GT+3rJQhoOjAR9J0I8hTtb5gpopzg9nDQ1KTQSdCORTJEWCAe0GwuUketvnGly7lajH6xg+vFHMiS0s2o/dixpX1w1pxfoEQjH3rO6411ve8luz52tiaenoTlBxhvZdM30087F3EZ3BCDLrx5fP48LJ+ii1Vy76c/dYh9zxqCKc/Wz3VBu/yb/6vBDdYlpaetp6zFSl2k/8Ai8CGwTp/npH4UKejRR550A==
qnbJWVcanQjWTpLxPvYt0ePDwzAiG1iHlZia4RioJGvM+ql0PJRgvIG35SVdg8o3cZ9EbQ0LteoAkEqKMsB2m0EGnhE0fFSsDd0PXhUjF5lE4XD1yoG/z95h8gUDbmOPrPodM7za7Zppk0qoHKSWDhSomXKRG8EyvNAlbK8aXKRpFpmPyxqANqM6sb8FSHiThnhnOoe2Qe36bFD2D/Rnc+gDmc69Us9GVbml7mL/6HuJUJGBgGG8SkD6eFWF1s79
qnbJWVcanQjWTpLxPvYt0ePDwzAiG1iHlZia4RioJGvM+ql0PJRgvIG35SVdg8o3NpR1GmL17wWjs+TtmHsO9qMRUZiWS5fzbyJSEy3Mc/HaWQqHJAMw/DHk0+HCXpoO
qnbJWVcanQjWTpLxPvYt0ePDwzAiG1iHlZia4RioJGucS5kAgDJ0g9g1XOOkn5ZKPS8ckd5n2jkdIYmjEFV5+D38uC65ffQA8mMhEmuAfdOL1afsxV0oP1HQ7SLrRK1E
qnbJWVcanQjWTpLxPvYt0ePDwzAiG1iHlZia4RioJGuMxnywUrooPMhi5rdQ1jCPIuZJ/citP6ZvJww2GjppmAnzlEEe1QWUubSas6CrOgUrQ3vi8s1tDgKiK8QbUOeCewM1MpMkAjb8iZlndV2FYMUVWOtZHnyzbXBQxIDBNNHUC8b+0wB9i2FQGLkHl6r4
qnbJWVcanQjWTpLxPvYt0ePDwzAiG1iHlZia4RioJGskrdFfdzfzjiaKTi3/kt5fmb7mpbnW/C2/pTAT6CtGMPDmGgTeSWB7bb55P7l2yHxct4XjR9twbBKRrVXbCB2h
qnbJWVcanQjWTpLxPvYt0ePDwzAiG1iHlZia4RioJGvwWkvJpbUWvZM8W0teQiePuUmjDw9JQMf8qzJxfgCR+7xh5HQ0EQgIa1KOu2drhazklXQgFN7TdqvrBa0njlIKdeSUnO3X1V4r1VXoyWmrdYjpCNtzhizJGwjyfUhwxp63lxvrSoq16FYFfg8MmA/nRXqwJH0IvxsSZ03Ff0J2wsjTZHHPudpeBbi+t+1jNbk=
qnbJWVcanQjWTpLxPvYt0ePDwzAiG1iHlZia4RioJGtoNqfYFgn5YDDr83m5ICccX1iOD9kvTgLyQRlnR3qDz7vtiL1J/jIRvYJT9k7aUvU9YxqrERNxsxqK0hLEwgpOcDfwNAnT8o1mYHm159E03fM8cBmpq2XB6NxWFveK71w=
qnbJWVcanQjWTpLxPvYt0ePDwzAiG1iHlZia4RioJGu86R02H6mdusGygLwcYaCo2wN80YsgT/zONzLqm22ua2pwoz6FMDTyxZ3iMoh+SliKHHHAjbpBA9G0KuUSWDfz
qnbJWVcanQjWTpLxPvYt0ePDwzAiG1iHlZia4RioJGurOQ3jD4tYa7mJnI8awWyhQJeuNcvPRmO8BMRrQX5o+fyOrLLqvH/VnDEfsuwOumA=
qnbJWVcanQjWTpLxPvYt0ePDwzAiG1iHlZia4RioJGugdzNPueYwBBC9EQUXMnLiFJEKewuxRwaAeTfcGpU0CNc2JGXNjm3ztAiKJGYaR1qfkukIXVW4AccLWib9svC4
