GmcONIA9PFzHw1gpPLLPoqev3ytAH5KO3S/CJpMsylg=
35kyjVfwBJgytCi6KM5Vug==
FNt9orFfFSbPIXNSbXcP2Q==
gE2g7VQeqq0h5MkG44fPUw==
A4ZCFW7RnVRfEnbtNxUDb8VFIQmzxcIFLuiIjRY2q84=
cwgQW1UgxyVfBeSrdwXHsPE1eoSAri+NViVSjTYe4hg=
pYn3RyiaY4vz2unSybTHuw==
mAzeFbkWBGyzJRgEWJSZYQNn44wFaguEUnqkvHVinQw=
NiGef/LGs6v8Em6sqLz1GYGKB0111uCW/TAqgkiW0+w=
2lfNnhNY+w/3xMaMUxJbE0YFT/wvMlSDz8Vrd5FEs18=
I/OjXXBiyWOVXYrzhN/ipw/BxU6BFnHRDfhTUDnjJRpX1ZtiZ9aGTn7OId9b1wOZ5BHDA2EXMIvyOBPlkzDH/P4etcUQJckXchBZp+dK4J1Uhv9DILEYeJDqZaC1QIQdmAxoH5oRg5ZzM4gFq3ZpHNwkVyih9mI2zxrXciCQPR7R82229cVSd/kfi8wo/KP1O8JJeVO8aO1xghZlFBS8rA==
I/OjXXBiyWOVXYrzhN/ip1Vy2Hh9RujSc1kESUmnba0/U5W7wSg3UoCQIHSNwZbwW8rYyospBt92qASszbD9dSkHB5aptm7jscTqdMOra2CTj0prIBbabKbL2wkdlSY7wpIRnX0taejMTK4xlzkPCEEDG+3+2+LaKMOaOR56QfK2R0MJ3s6+UWSsfrev0CVIwCffk1BRJXA6IcJKphzI9g==
I/OjXXBiyWOVXYrzhN/ip77aeJgPJflugqIQve4TkfdQxQbqsS/Gj8TO7s5nG1CwEiz8YmjlaJYgN/X2bFJIZYQ5eWvIwxZG2wS9f99OJ6xivJwdVWjwCQNYk1IeYBdMkr922BtbfKNvHC6jlZqFf0BrlNs4YHq7v7KPEin9D9zuDDFqgTb+mqcrV+i1hhqh
I/OjXXBiyWOVXYrzhN/ip3GyZyJA41rswgNpRdnck/57lZ6skQDQJKmJaorJTvRT70R8t30beW8MOq8915kmEfurckML41QqkY8PpwMX0Lg/LAl6L/BORdHhLpUpcSOC
I/OjXXBiyWOVXYrzhN/ip77QHR0vjwpDGra3EA1NNkailWctg4KzQIyv+xH/pRvbz5BcasJUCbH8qy4xSL+zpTuG5QEjPFq/Co7Vk2CghhqkXTMrGV7uei46tuIYKHoy
I/OjXXBiyWOVXYrzhN/ipy14JUZZd1FIl/2R8foeGW4N4BKKxMvlmTA5N4NSHIddsiR3NwjV4AA4X2kORWJhx58lIkMqYNRSgSjBwqNnbbhOiOHYSDKnavhHdy0dYOPA6nB8SwSc8+SkkX+ZXc+crQ==
I/OjXXBiyWOVXYrzhN/ip7CDx7PHUTQlnNv8+vuiNuo63oORbDLyUUNJ7qHAvwMNgdF0KfYpUtEMdHGC2+lKtx19RRKMzHpUnVmCRMOitT38jBArwQtDDjTNE1k35f9a7VQqMjzBfubWq0R8FupNnMDKZQ1M4JJFS4wh2f00USBH+sY/ZXI+KAzLN76kWaRxSuYTOMISxOevdwVflBwadQ==
I/OjXXBiyWOVXYrzhN/ipw7J3DqFeQKVtFuG8/taFj5cw2byWv9j6t5aYGmGccdNdla6IabSHoBHa402Voa7CCvnAOyMvJiLp8fjbEI5AXjdu0fnsbdDlwsyyMsdkQLUk+V/PcpnKJjF/zmEOGqe5KOghD4bb08nwlghi7ce6CKKLwe4x1LSozrATABsJTUP
a9xhNNdliN/KWqicmRMwZMvW5qNeqv7wSPOLFzeci4jWVjzyTtqUXzZ7LOpjFsmfrukxgBJb4msoL2+mM2rf1w==
a9xhNNdliN/KWqicmRMwZHs7IWn30yM5kizowqRGgehRyYi6F7VW8snMJy4zEsZcxo4JXq7ae9dSaQRg+i1mVmN+sDcpCaiMcdVbJNPl4N08/98SAUVS93I2YUd8XImnkenJOL7allypzGc8bBVtHzvc2s7TC0N2Z+uxfNsNYY9Wbhrt0rLnwowb7lE/TWyNFvZpgG/E7pXeC2WtwAtJYFXJNRLoIYYIjNHZzsFfezbSsSBIovPR3+CqYD5vACMSvb7AgcidavBf1TzepAoztDwaQ+hZmDWocFh3j4s1JdDwdgQfjVmVcHqqTcjp5qvBEjJDA6OJNWR0OUZKVHsmgg==
a9xhNNdliN/KWqicmRMwZHs7IWn30yM5kizowqRGgehRyYi6F7VW8snMJy4zEsZcxo4JXq7ae9dSaQRg+i1mVioyPpcn0DxCoKsVPRQevTY=
I/OjXXBiyWOVXYrzhN/ip/I1g4x68wgztr8FxvKV5PrYaqf6b5Yf1cnhqVJbu8Jl5irxMuxprlOWvEhvILh1+be8uGtKQx7uYQl3NzojV5tV+PK8b08kcbg9spVwumXivAC7aaq/f6m4UNU7hCNywvVDZTb/hc3ZK8jM8X6ItSxGMapfzfxKI/Y9aUfBUef6
a9xhNNdliN/KWqicmRMwZPjTAdwv5sLH/LoZ9Jkvcqbq1xAavB30jvxWC1Rr1fAmahmlpNO0WdlSXU3hj4NhuPzoGmSrYp/1iySoFjXZi3IdnANtzeRB6mCKl1J25KBu319beXPDLbr9rnvDDM02LagyZyIKkJiv3TJyLGo0JcFuSGAo8aH/a4W4FVsKp3p5dxfPuqUuauH2zvpio9lGcxead/XwptGYezCP+LqRCZFkZ+hYT8ArKwqG9R3vr9ZGKPFLydsnsy4XqGn3f5PPOACpenyjNvwGz+83GEubBvazRNQ8D/xdpdn15v8zAtNJ9dfk0w0+zJethhQgXV+A6Q==
a9xhNNdliN/KWqicmRMwZPjTAdwv5sLH/LoZ9Jkvcqbq1xAavB30jvxWC1Rr1fAmahmlpNO0WdlSXU3hj4NhuLdWnG74dC8KYBNtoI7bCn4=
I/OjXXBiyWOVXYrzhN/ip47kO5uXmPOwEqcdnjkcBSKaaRgdu9o1Psrc1+I/Ql2ciuBK+rZDNEqM+MppPHva5n8e8hpWgSeR8xxirsnYKZbZYrjNj6FeHjUnI56AbJNi97ItiLIdlHqvGFW80XaikVxDyG+NkdJNfykVrbqVVhDFn/C2S+IDBYJYnUjkmX/jLPSYLxx62KL/ANE6lrfTYw==
I/OjXXBiyWOVXYrzhN/ip5HpbFOsk75k0jEJg0RsFjvn4Cl6HD4miA4QjwR0vjya8o0XIkDbTWmbCA4YJsoRxJx79raLK8+klFwKnCsAwBfs2MLoOSOjb9s9jZmPOy0iCnjO7Moj2cY+yE2/LQprrTVZsxtZJf+BHThnv8EvKv1EHGjxWONOVA+yZTCJvX7jdu4jam1uNO9+YoaLnG6HGA==
I/OjXXBiyWOVXYrzhN/ip5lFtqf5b6pgoTPTpAckrpuOLucuGHxoc4Mg3rzcysQIj4wPF3FyGnRmIQtD8n01uIIFsGv487HRBMZd/7W+hr6bk1zcX7QuUvmBtqE1tI9+fP8i/9+IEW2AtlFwU7PVDOerCgO3wdQtJBAc4k5SYV56LBjHeVbX9O1/f6Ntyc6+
I/OjXXBiyWOVXYrzhN/ip2Wm2wjx7tpRnWJKXOSGfaFHGspuyUAm51g7GIvlBepEzwiGFJEP3whjUBMI0IJFeNJ9whpae3+QK+2dvcyLMg2vE+gQ2G1/bCfnIvkIM7ER
I/OjXXBiyWOVXYrzhN/ipw0345mJilKb+5oXyHKU/yUW8XT7Rx/nUbFXXd34GHeYt3jwu1oZ1KbYIieDP67tTRwdg5fNLPuUn9ejAC2C8JzuVT2TGTZL7AX4enFvGOBH
I/OjXXBiyWOVXYrzhN/ipxL/dfRVgXlz303I0hPXWJvT3UeAZi6St9+ma4rZB5zE9uM6aYzoYQfWd4sFwYdB9tmKMIzUefm6abSGe+scJui7dntaaXAzXRQ6qBEn6CtAnikcuiRpz6N1ya1ahhrDZA==
I/OjXXBiyWOVXYrzhN/ip3v9TSvlL1pAEYs0RUw12MfMq/3ZgC4FTmQcMLNnlUa0duKiOqohx80pKX/sS5Oz1TzBxAGMNZKKb0p6Q7v01Yr954RNzDf+zfvWlf1mXs47pmGQN7WW2yweqweTZhUKOzScUm6E0z56+bRlxP6wiey2H6uGLms3k95otTIE+s7r
a9xhNNdliN/KWqicmRMwZA5fo2fc4kYSmAzKkIaAW/w+AA5O9ybpkd7dzFgaJI+Ue0721YBKWt5EmKrs61PM2mtg3FQZ7DwNzPg+vkF8/ZVnUVM88Iv9wPJqRgVTrQ7b1rYq1J9e7/Igma+OZ/FAgP2vQf1npdnrxKY2se2eDTuOsyjPrM58UmMtcwrc40+CClPkxgHmuM8eGTrW3HZf5GT6VIzY5Dubsd2+d3vCNSX1ePKh4nDPvb3pAL9TH4Wt0rem6q3ptvkthyAoqpj2N68QRhadOjesZDBE10X7EGbpBY6JlYEuud+0vQA69h425h3gwlNHAS0/8jNs+g0Vjw==
a9xhNNdliN/KWqicmRMwZA5fo2fc4kYSmAzKkIaAW/w+AA5O9ybpkd7dzFgaJI+Ue0721YBKWt5EmKrs61PM2t7wZvwLgcZOBNxwptqpKUg=
a9xhNNdliN/KWqicmRMwZPSXJfV9rWnpJ7h+0c32goQPGpd2RryxeEZTfnwW7VE1wFhIwOdz3IIX5PbXJX0yoA==
I/OjXXBiyWOVXYrzhN/ip1DU2KG2Fn1juKGE4R3XvO3Wg7cTIlIWvdaW7vhY6jFu5JChgUD1zTY9UJtiNzp4BCRaBjzqDjXlR5bOQZwmc/PRSrtfM83v8I7f3g7sVgqlvPqobQ+PF93Rg2aKeqmJxhBlqGMkuEln6jTnK3JtuGp5WXUP0r3NB1AKTO6il7nJ
I/OjXXBiyWOVXYrzhN/ip+6jtaxzMjiHaMfKEWOm+O+V9xQZsZ3ZUHEm0FzbU2Lp/gJi917UfT0oz1YNjwCfNS7Vuu7o2waEr6nrm2YD2/y57y12DjrKXJC47Cmc5ERLyPm3Fw1teiebFaLpOdodVWkv/YZ3P5z71+q93zvPFI7h9yfl5ul71ILfIBfeF4lP
a9xhNNdliN/KWqicmRMwZAmmg85ZgDijRhW96J0x/DGZg3vCgEq+o7HPo4i+a8N4ZMHqU768BCPem/V71poBox6wv2F3JJhXI0bONypLts1Ibtzn1M6PP+ZkmFvW9WceRiZgjyy1md0beCN7wjL4f1LYyaFtKXFIq4qe+42U25Ih6u0BaSPqA6QRcSHOyhCxXtoGCclGCYNPYRpJ2XknEIpQfwHxPGsU+cuuatx3SBRKbAZtil6cnb84+By+ugVSe2Ju0vzid2JRfMzzE84l/FKc/0loS/pTRLNDoQZYdbyu/qA9VmfcpRKU/BnZ0oJxN/4oCPYW7dd7CEb/V2g+xg==
a9xhNNdliN/KWqicmRMwZAmmg85ZgDijRhW96J0x/DGZg3vCgEq+o7HPo4i+a8N4ZMHqU768BCPem/V71poBo0AYT3cnsiFJqwW69/OIfqU=
I/OjXXBiyWOVXYrzhN/ip5rZso1td38YfkNeJk4ekLcO5Fk5s7q4zo+H504sb2QwhsdPYJqBOHJRmNHHjEF830FxeQAwp1UmhmWxI3TfJWKo3Vqw89lS9wvAI5QyHXHtqTN1JjO6k+IqqJfmnv2hqEUGxB+ZxlE1eIkpohXbMH5U6JbJ/b3Ghagux7CRvQHQdbZqLRHmE7DotLZc5cz1CQ==
I/OjXXBiyWOVXYrzhN/ip46HGAgIb0SKKzaBh3J5xbP1mOLnNenMsl6Hg7XoE4IZ4a82DHH5icTxhRNExVVP9oaBUr4D0k9dNtkuI6ThRXRkTjS0/HSxXtAvdomoIFIzMPKIeDwwrnmWYzQfUVYqk19vE23GUGJkK3/gc3kWmpJkIpz9cWX1GdlQEj7uG+bzNqUdGyPTk0O05mB7c6TbZA==
I/OjXXBiyWOVXYrzhN/ip6jQUIBvBKFyUDatuvOjouQKOUzdGBQ51vTMRCKMAEINGUbFLs1vfTc1AJIdpkqHu4fID8zIvA26soUKqAx+7kpo6L8blpxK+dOU/fEXiP0SaSPh7sMbAjtVtyrS2354kTB8BXYZv/R+hYjMsdsHBlP99zcxqnCN7ihCkXmkdDkZ
I/OjXXBiyWOVXYrzhN/ip4GizyX2iTznpDWKgySpnQahWdWVjeppbj6Kj5oHtU4D7AXr30T+6yH2ShPEDzC4kDWOLVe7L/M8e/kLnTdwTBmdmTdJsbPUOPvHmXrCQcmk
I/OjXXBiyWOVXYrzhN/ip/J7hTBz+0MoqEvs6BSupnBAJ8mZ2l/9UULkfEoWg6QP9enNJKkRgot6AhsLxFMCRfWYkmskLWcq5BBs48aqwyQgnZt3aRAakYT9Rpmdsp6b
a9xhNNdliN/KWqicmRMwZDN2EQ1ZWIMjUcdqBGXTZ3wT0XwlO52ktMJgwsou/86vrl+eOgvZ62LqXKSWazw87LnGu3nlU0niVs0jRrhXaZtsU3KcdxQEZx5A/v5ovcY+el3wOY0lZRlmmftCpRPcwDskq39d7rSP5f7WQUdiGr+ejPWzxxRqUaBIS/Dp4UKgMGgAy0+AJvLeTo118iM6eDwNU2r/ZaNJQtN7MJ340kqP9PdvcrVR0xDSWYN1ePP8IFAvxXJhAW6quUfCAg54mSr/igKv0c8e5SaOsA+Xu0Kv5thd/G+GOpBl4bBgDyK9XgWKY+ndAZ3lBXmnqfBmMw==
a9xhNNdliN/KWqicmRMwZDN2EQ1ZWIMjUcdqBGXTZ3wT0XwlO52ktMJgwsou/86vrl+eOgvZ62LqXKSWazw87LPJ9rPmYI0DhqPyTtu32EI=
a9xhNNdliN/KWqicmRMwZGEEUGAo1S3DT4LKM3fOUEZXAZbJQtx10EfuPfdbJfsFg1g1HQrL5qs+jw0l1pI5lQ==
I/OjXXBiyWOVXYrzhN/ip84jux9+vExH3p6aIle4t0+htmaHNgx77cdIoKwc9+/0K3Lma2ZDrTRXY+qTF+hQYcYZMIQFHR+B088Xdbl7XoujNp8fgiYLmORpky53U7JWUrgDIm0OHD4dZsZbKFMXR/BXvEjSfLFtqrDHQ6Lp06JrOOoSdez5GGDXsfoIfutr
a9xhNNdliN/KWqicmRMwZBWrsm/e/jzfal3PzRbYI9o4YRio6xyP6FL2EoLP2hZOztNObovajBUZ3HRMGLyt7E0bpymbnL2DrCJYygzjWTDfV2OdkS5zxiBXDHzNSksI8jpsGShNun/6kh6QSZBHPil+Dp3M2Y+MMbup/voN81d+HEWqI9bCVYp47g35Ap2/lw7YAE7Ixi5DhYavbs8DPmZmRTdcDjgoJJqN8jPGGMLNqGbQIicybEfSQoedm2zYdzRulQlvTUJAPLjYCGoLXQa3wx617ln2bkz4ro2jHkHkdUPCdbqg0SN0kv5GMjs++/NDGUvRu6aYwp931E2upg==
a9xhNNdliN/KWqicmRMwZODwFUN5hE7cnoKZv7h+X/6JjSncTovsa8wAsL8qpYfUDko9/sRcxtSbiJqc73fy8rkKUtMO0r1eOhq3arwitWE=
I/OjXXBiyWOVXYrzhN/ipwpMiAIDoP2HgE7xvS/SqMFxlqxvVa3dZAOh4NxhojSETEHj7ePCBIl5CjUgO+QD1jj2FC6kVwaPykEWo7+TwIc+5EF/9LRJLBj5aqwJZ8iLfqkTRJF6Xv6HpJ+fv6317g==
