GmcONIA9PFzHw1gpPLLPoqev3ytAH5KO3S/CJpMsylg=
35kyjVfwBJgytCi6KM5Vug==
FNt9orFfFSbPIXNSbXcP2Q==
gE2g7VQeqq0h5MkG44fPUw==
A4ZCFW7RnVRfEnbtNxUDb8VFIQmzxcIFLuiIjRY2q84=
cwgQW1UgxyVfBeSrdwXHsPE1eoSAri+NViVSjTYe4hg=
pYn3RyiaY4vz2unSybTHuw==
mAzeFbkWBGyzJRgEWJSZYQNn44wFaguEUnqkvHVinQw=
NiGef/LGs6v8Em6sqLz1GYGKB0111uCW/TAqgkiW0+w=
2lfNnhNY+w/3xMaMUxJbE0YFT/wvMlSDz8Vrd5FEs18=
a9xhNNdliN/KWqicmRMwZKVIiJkB4yVeHyFR0N4XfeiD+Ny4lp+0f9Q7v6SS/nPKQoSZMqjEvPXiG0W78LTS1g==
a9xhNNdliN/KWqicmRMwZM8JH7HlD3abCaklxRyo210vhh1H69FzbuYKPgXEuNhyHBTGA1DY+84SxmKKqL172GaXyCvMMOg5XokLrOBJFlKD8ww9m6+iUKW3tvAiJK7vcCLvI9GchzWz47xk02a9/Ezx77OSNmO50oWq5/YwGaiZeViar29QnroolXoV+2621chNyYz+dPXAKQBS9+eVcIaqPqVZvQZpa3ZXxaqnC3iwD8S6Bpk4beoZrehgt1hylajItxfW3jeaxb+gXSsjXDo+u5yv/QVgpPSfYBCmYE/YBoqjH8ASamwBn/rWIjGKKae4gYxsf2x1bVOkfdDKTw==
a9xhNNdliN/KWqicmRMwZM8JH7HlD3abCaklxRyo210vhh1H69FzbuYKPgXEuNhyHBTGA1DY+84SxmKKqL172IZ8rDyoVh1yhq37yeAapM4=
I/OjXXBiyWOVXYrzhN/ip8Bj13Lx3REZFlCx1As3e1Ri9DkMC/QnunzZvYR4yOYZ5Wd2+a66iKYgEIRF48czJTwc/MS/nHNQcSDmicosBV4r60gNJvbO58PlKHwJBHOZxm0TUVKSicOACRAumKkQ4Dd8Q5aw52pG+QRw13/5UIeD+5roeHGLSXBYuLdrVJ+wEysB+D3GVzwfIrv1dr82Tw==
a9xhNNdliN/KWqicmRMwZEmoEFAoe23Dg8R2YVDB6mrxcBGMusepuh83v88YJCghBUzd3L37T/M56qgYK0pKr3vux109EcBaVM+Nacez3CNBjs/FItZgNf3zeWE+7G91sBdVIzz6WW7eAd8Lxpkwuh3Rp4ErMNdWPAuHjxl7GPf+gV5HayysasPbn9Iep/3hJkypZ2nReyttfP2DRMWCgVFwpdNINgpSYnYQbOKmdIotluFZfI/HDZtuIPYamAP3xK5d9eb9Bc9YwFNSlNid9wMdxUM5WBOctKXiCSn5qU0MwzvAvAwLw1vxXGWgW4IqfBhY2uhMtn0APf3eCHyy8g==
a9xhNNdliN/KWqicmRMwZEmoEFAoe23Dg8R2YVDB6mrxcBGMusepuh83v88YJCghBUzd3L37T/M56qgYK0pKrx1ss1EPK7cb+k0bXdmdcw4=
I/OjXXBiyWOVXYrzhN/ip8DIj3z8qGks7cGOTzsR1CExdhaIY4HwzvpmyRB1WgQ5ZGZGDt+UXRxiUaveTb+jvAI+p9PjRzGlDb5tVm4wDOiQl0YEHgN34KphjBoLOfEdYuvk45WiCdhr6/f9K5nmUka3wAWHeqkbl2S4jPbqBkVMWKfOaKmbztJ930kK0xqpf8weyQ1dU4T+rfmyD2KKKQ==
I/OjXXBiyWOVXYrzhN/ip/S90V4oQsRitPSA/XnggG4obazAA/e06zSlDEo1rOzQHMLvZWzadp7ZF9IGZD4QiS8cPozSHCIEvIEvJuqC9gr/b72YLfD3D7qbMwaSJkkDsDdtcN8dOKR4CKNh3OwOkjBjAxoMgO5yo5UrshBtZrtBSVVizW4g/kEacqDLAOJK
I/OjXXBiyWOVXYrzhN/ip7VWjGnoUjeWf5koCAgjCLu1zzL/4V/fSY1ff82xh2F5FdniuBjqR4cz6gcQWQLF6Vpp6yHneF2ezvOBjIRLgz+nmqBBEQcGKdXo3FncvkQ6
I/OjXXBiyWOVXYrzhN/ip3pXBAD/O6dXM9fGi37eWRT1sBCE/CFZ769gcvWoxmHm35SjU3TvIj9izngJwzQ1DhePUXi4vfvsmUO39Ae/wV2Flrc+CYAkBqBeaZxLvb/q
I/OjXXBiyWOVXYrzhN/ip1LfR/71TQz89fvhfofmFVQaxmszjN9wB71H+jZFcJK33ENUN+C95H3hHA72nM4FGtNtricVkYe0rNPIojZWvPSuCXM/fbv4LbgQqLIXIBXvUEd0heO45QMFXSxBziPFnOSo7ihSZgrkCD8dEaasw+LmXuVXf3sNFzc+16tTvMRs
I/OjXXBiyWOVXYrzhN/ip+3BR3Aziz98V2KdeX+FWOkgcvzj47lvm8onMVnTNymIN7xnNbSvaPfvQ0eiLPU+nwXK5SnrYrILMcLp3W+Lc6lMyNF0dRufYtqPkSDun0N1mFeoJTIJvUUC4U8KHEiGFC03Ftke5INjesWF19nhX/mCLB4en/X+9otpzA/2xj45
I/OjXXBiyWOVXYrzhN/ipz8IPit1dQdkor9c4ZurdOhPl/2ezid0RMCLXDatvlowBYhPI/P+sehKWQOotW4GIhnr0At12RbRAotKORKmH9s4X0lo7YMZ9UOtaE41l/+6aKssKwQj+NRxpRgF/xgHw/MWC0ITyeHbSV+3iIpAIVDLGr5HVYTJgjIhbZ17Ailq
I/OjXXBiyWOVXYrzhN/ipwZF7/bZUUCNMd+SOaMTD3/rzRp6om+i1zEY1RRg3D2VCDGJPlck8JgtUQFiBV20wKj2SmpxU9l1mqZf5GCfK3J+x0l3Ltzg4y/FbX2Ly+/PzMkSqAeiIUwTY1/rhkm2tw==
I/OjXXBiyWOVXYrzhN/ip7djT34vIPB2Xjy7YQEu3beqMxqkDcrFFzayWfLqI+MlnMb/Oh0138b2zpwvdDNf4wxdAjS/IO52oQTTKLm4fZUhFYcWEZu65bjY9LCMNxQTILCHtWWtYS/qOktAet5dfDvYiEh1+0eQaXV7Nd1DmpR1LtWnPSKomSiWP3iU1XNe
I/OjXXBiyWOVXYrzhN/ip8PGBS/l6DLSstlE4Mv0OHm3vP2SnQE0epHFtO6pcZ2a5ujcQ7LQCpV/O7GpJwUzfHQDOr7ui6pjHk/VPO0XtIr3gLxzKo7WYD4uVlrR5/P1hRAnXstLN3BBQDrBAo29UXrlCzcDHJAanyscDdx3UrE9axrt6I/aejzmG/59C0/W
I/OjXXBiyWOVXYrzhN/ip9Mo1V3whL8/QhI0D73dNguevYOr74VIew60dVQWCEo//SPxe9qG/MDwUtCcRQkJCq8rBeurvEx0calhIoyylbQcS09OvLAUhM3yeT+Pi8ncUbF15N1bG+cfTBSk6L4TrBaDp3eq36AUABpgRgd9NNMfTLB+IgW8umfBp6r1Rubx
I/OjXXBiyWOVXYrzhN/ip9I+EwNs76oPim0/I39AXlxVb0+wYEfc+sPO7JYvNktgXMjPDCrDOp+FDqC3inuhZA7kNvTV3pQLW8XUNRrutUs3qrBgBZhmg1cG3i7t8QHXNkL4s4Uy1XXcland8eD8oFsY6qDIZ65wF1f9tnNCiAc59ApZL2pFQEr76I5hN2ac
I/OjXXBiyWOVXYrzhN/ipznpha6brhP8tstpybTvuW9bYrwQfIVUZYcLqnxTnytWG7a8qEzGdxmJ9QK8f7eBjr+fUf3BYXkP8AZVJzA6S+YkrWGSg2DOmyhRgWsD+X/qIMIieVNzQymahG3XrtUcoI/6teZOEGJ4brySXmwS5vyAnJMgDpYKa7W97xQQiGwi
I/OjXXBiyWOVXYrzhN/ip/6OLbwPK9TN7tIoxpQiX1/EvrxtpAv/Lm7v22tSf0wYdH7MLWDXbgT1UOJcdtRu4kQpX7tVWZ4utf6Q+0SyV70R96e2Yux1O1KCBNmHE0D30Ulx9qTAtdZURlEz/QZiFxRJqy9hwRNUGPBTQLhgXl0KBBBc2DbG/yynN3W60BAn
I/OjXXBiyWOVXYrzhN/ip5ZFEtOZIW4BY58mKssOa2rWcVbdT4BJ8OtmXRsJGNYaToUlavT7FH38IRjeOomtaOZ7n9z00GiCk0nRQTYP9VskihGzBW9iOipxFZb4AE6L1dlw89Zhb3tYfY7Jf4ucqzf6RxCTRP9eXn3Qy/Ug60tw/yG06XN/HrWbVcLhJezx
I/OjXXBiyWOVXYrzhN/ip5mPBME66PwbA4cTGXlmsE7KfModxlYv8/9rAk9hZWJH5+fPxjLF/6ZJ+zPcgh38I5SHDFWaIye+6D6VLQhR2CIOiXSfDsnksdBbYZvK7DKGdv3nkDy+o8Y9XcvPof3EAvPwzQ27KGiWVgoXWtXS3O6PrIt9iRB1ndoemctlAMKL
I/OjXXBiyWOVXYrzhN/ipz3NDjV3/Aw6qjDX1Vg0URU0ov4NWhnzvqdZswIGpztM2sp0dOYVDoLjg5wFCN8taaeqk1auo+DZ7HKiHqRFvFzdTbxQu3fnOELyjhXNUsQYzqadtv+9r8pmT87TeOKVZwhtyazdhltDSgnZ4ESOBOmM2RRTfGfNKInCzxiThbLb
I/OjXXBiyWOVXYrzhN/ip+gwXmvMN+ifdFioqSAsBH/yssDzpyenheX4aDyvoNanI2HtSb9rFNiEEfUR/xWtsk1cKPHCfHsjk51lcj/vHNkY8Q6kVyS7lgn8e58ZvDB+rv4T0jZ/GIzDq9tttnX7Bf1DGe+/LpCAwFCTQtdxF3SwIiwbHL/W2VPAMRmWcEHX
I/OjXXBiyWOVXYrzhN/ip3moMHsEcGNa/lCTaeve0Euz4b0GB+vMcGs8WzwPlH+EFPAXw6gDRo0X2xX3MsWa0H470bYn3GDPcoOwd+pbXZWxr6gjU8fDauzCdJ+7rNiFg0q0mewYFP1+DRYMQLtVsLl/OQo5xUcsb5qJDmSRTAMUY8+nqBttlg2DvLdFApuh
I/OjXXBiyWOVXYrzhN/ip8yNc5n4GleWcW/RZLuJXR0zxG9WIIpCF7qeDt7LMqqlE0jlmj+0BwJ/WDKPWh2hVFrMEwpIz/myq/3NyyN4mOBPewNX+edtUMqBGXFaKM88pI07qHzuIO3Efi/wXmpIGfdHYtR1x6TKvS4ibDMvZgE5kS82Kocnq9pb4XgxsQlj
I/OjXXBiyWOVXYrzhN/ip5/+NHtGpFnVr4GwlbBsVhX4enXZ4K7sHGizLDzI4zjQgsdUGetuclLxuq9h5CSl98V3gY08cO3ZoVrisTlPPR6bkFdnduJA2WQghyBavy3W3owK2WU6kNU5xLffgSHO/oE4+NtEe2esLVoZCGf1CB3KEfGcmc/+Y8FwVRNl59sa
I/OjXXBiyWOVXYrzhN/ipx0q/lEv/YmPmcHn2q0qrYgtQYFHrRCNFXQEIqIy6Jud3Nvw6skuK+QyL7RrS7F1F3tU+OqKnRde+rSaIlTcHGqJyf/4l+G9F44acsl50A/fKqJVjzyW6qhbt2q83NbUg0VkBipL6u2tCXt9s4pedwt2yvt9h3R1nrR6DOsiRo+S
I/OjXXBiyWOVXYrzhN/ip6zcFyuLPraaJJgq2mD52xd5U0Kq34Pxu335In4DqZ5nGOJqTLkr5cLWVqV6kGZrtKa3k5uQhhRqSnp6uaVM1pfxeJyv/tLOMQmNfscv4yW7fLLK4En0naqpiSZmx9vPQAcuf1104rmJUQprv5jzeSvGTY7Dr5LUhKiWD4uGN3uW
a9xhNNdliN/KWqicmRMwZLBaJYv3k6jZ+C0+QNyhJEsOxntkJXPFZTUIKbapkH/PYc3dMGRourHtvq32b8pnI9lOzBVdMm6mbFszVa1caSiMMFRx3RDizlinYvSOaIejETBK7wnmLeA0Ur2VerI50baP8eOO7ehm434rTxL0LRbKHyV0iYI3+Z2oOmfEY3HCIfC8kFNhI7Kv+dWiQJ1h4PpFRLhUMvmOzfmFKe/rTA0I6CEpGYQj7oQzgtqH82QLfz3qMOuXZK4/hM7pSKQlisuc/QPavdTSZgLbg0rSO629K97BcDzoJaGye/n0GW1oi/nIVPmXmOWTQzhFr3K5Bg==
a9xhNNdliN/KWqicmRMwZLBaJYv3k6jZ+C0+QNyhJEsOxntkJXPFZTUIKbapkH/PYc3dMGRourHtvq32b8pnI1wIK9hU3Xk3Bd3R2m1hy4E=
I/OjXXBiyWOVXYrzhN/ipyDi9ZwHT7T7KpO6+aoRgT2DRKlrTq128tWuzcm/9r7mL2/IaNddGA2dJD9KGTYgTb/1wrVmkIfaxIMLHZ+6neK2pj66zdsvg2pIshUIjF5eIktO+DIftD/mh8IvSAnP/FCPS3yU3hfhfmHqoWILx5De1s1Rn45IDYULZ6/uPAjYFpr8FtmFUTEwV4UKpr8VuQ==
a9xhNNdliN/KWqicmRMwZBmXGDn6mAbil4ZL0LqDkxLgPjReSp7Y9lGM85231GEUqFnGaIAi9+TpV/EUH3OXTg==
a9xhNNdliN/KWqicmRMwZO+jwENMrT/GcgYlMOhwWz/hCxLCtYjC08XEUMOi55nOx4kI4CPazNaPHN2xn+Fs6wVJ87k4/WHyqFPMcDOzzwiV3YJ0xDInN0JFLf+AtM17vB7NwCughJkTxcxrozD1fqE9wE6LXPjuNAW8C+8Aox3wAk19hjH9i1PL5IIQz73sp6fC+HhCr3akfDZnSeSzMSvRywBepEWFtkjqvsGfURln3embBcYCNNk4LRBcj2VCNX0hBRbXKBkoVYkquQ4mNXtfWc04eWPcaPUReQ7lnQMzcV2qfCwPvgmahVlE/sN1qenkmQtHYpMYDFDYyP8slA==
a9xhNNdliN/KWqicmRMwZO+jwENMrT/GcgYlMOhwWz/hCxLCtYjC08XEUMOi55nOx4kI4CPazNaPHN2xn+Fs63BLX9YjyQ/5H9sXUZAKUys=
I/OjXXBiyWOVXYrzhN/ipwDUP0OFh970BuxtJu8uaElcg7/A/WbnJI2CQgR7EAHNxOLfGXKDaifCCvEBah8AuAWt/57nwi9wbSlKrB3DRNbC8ZfZWzDeFI/MZbmvcDHE6S52mbee9q1kXhEwHDtSouitq++5+neQQ6jIMZJg6HXfcM8rXq3X7YQgFsLDHlSZYq6yjpUZgqdDccV+id/zOQ==
I/OjXXBiyWOVXYrzhN/ip2ssHd1Bth+M9EcF15qEAjbe3yXAyUoVVF6TOktEO/46Jye6zdE/WyzYelf5WbgK3S/Lt88hBJWbPdMAtI+5LcapLRPZGoQJyFRuJpEGxRypwM4hU7NkzU9KW5ZIHp1eUoZTN89Mju8DfsAP08swUO0gyCXtjpFx6xPWV/WD+pC4
I/OjXXBiyWOVXYrzhN/ip76P3H1D/xvEWDoTpRqVsm0yZN4pZo/6KjxBbPn7BSJLM/VaEKnBybF5CZq+Tvu6jOjpH0FgCyvzm5Mkf/46HjJWDo7oin/tqjAdnQgio79C
I/OjXXBiyWOVXYrzhN/ipxnmkhgWo6QHynw0EoRcbHIMyuxp9yHcvUWX8lc/zidaoHvoDf9Blk2Qvsc+pvbm3WvzaBmv52QZ46auv/XihuTijBsxIMnBHfmvKvcdlreL
I/OjXXBiyWOVXYrzhN/ip1vUfJqQyfcBILurO777E6EpUgG2dZjs6sNi3XimxY6QU5qEA98K93xmYOoOhMyU2XaF+b1oRCbfmwMfAiiDJRIPbQjuowX2xWy7HLDQb7rP7S6uioz0xFHYlG9fVgjTyXfUdN9saKfViW8zTVsN2Nv9ETACy7EDfw25Hb2kFvi4
a9xhNNdliN/KWqicmRMwZIH5b4IH1bPLpVrrfeMDaVaBjVPTSIwtRFP/bMYrizGE5ImFwpQGyHwBZ7ZTQtrcO5Lq43SebqyuXf8BDF4U1WulKTv+B6TsK5QWn6sxTQaU99O+LndHGRz9zMn95+H+9/dJkeAREIEjJPsrngiSDnKSgvJR3aLVmpYPiFTWPR/+5/2h0Sfc+G+oYDsBSIPFKjrpAPFz0C3dxymBOoKlt40+xxFbdAtD2QSyLiCqQb03YYcWyBDK3S5+sfZlp3aGZqfiF407y3vaQ5bE9VKS1a6XETHDoMVWvuzmJVb++136iScuiqDC8gm69XUW1Gia4g==
a9xhNNdliN/KWqicmRMwZJ8SRUoycAIMb7sZr6IudnRx5Yws0L6LEViNDj56t/v99nM+sF3wl4sbsWoRvwpJtJC3nLG+YRpD7WcjZCHeBUs=
I/OjXXBiyWOVXYrzhN/ipx7ZFdcVCVt23S//kL9CdUyIss09BpVB1x47Zh/R22/6rn/dZTMlGWFI92WGreNHQrpnhBphrS8nhsJq/iLpO4DCLn2rGUN2Tu08Jv+nVsY2zyYpIe2vH0A8762zIHwyGVlJz/8uxyYiFz1/31HUW/3HOR3nsvHRuLbDFLGDRJ0t
I/OjXXBiyWOVXYrzhN/ip4NpDQw+P/ItGBXxZiL52+o/Q+sdYUJcnocnImFR6W7S7tEjPEE/6tTR4mfpzcPgLkMBXD/OqsVWzv+wiJv+vaR7ZrkpdjjYIb+GFoI5WBc18QtsuvgSAqJWH7E4z3NQUjdrpMQ+omj9z/sY/CTXTZtidHaBbEDU5FrAUhveisck
I/OjXXBiyWOVXYrzhN/ip2mt1sEepSqla/wpjjNDL2/zAenXYDScBAJdF8kh6XzdwAZR9i/MwXG0hkVPISVJtLWX4Sz+r+KsdBVEVayU3KSLmX7NUjRcqzebA/HUoOPprnVienwh/uV3AB7tqdKdGg==
a9xhNNdliN/KWqicmRMwZDngcLuAhFElNUTLyVT0YlnAbqqHliaxskeiqeGOvZf4Hev6pLre0zj/1ub1pt+I78KjIrc/0YtM0YpdMybTMIW09+HVheFzvUo0EUyj3i6p2uBHlYcOmpFbUOONqVvCuOpdgaXRooLxF/XCsufKAaAImtZQXgeb8EL6NHNMrYSVoQRZmEQK93AgbMRXFoZWRwcdATBkDsEcVYjaMB/ZwyPHFP1wFKJGRGe4QrCJy9gpD3opqYx5IzGLuDbWfCfAKmthw7N3NBMDnnxhA5VkxgrNQNk4eaSrfRBtBnTMII7p0zEOC5DZ8aBnFUY8uBAI5Q==
a9xhNNdliN/KWqicmRMwZDngcLuAhFElNUTLyVT0YlnAbqqHliaxskeiqeGOvZf4Hev6pLre0zj/1ub1pt+I74LM3zAiwbkUVmJmixhZmYY=
a9xhNNdliN/KWqicmRMwZIck1ia8AHUAmH5JpgRQr17Hk0zEtcUyMBxD7tPy5PD5LkMJjctVoyWOwQ7UP7SB8Q==
I/OjXXBiyWOVXYrzhN/ipy90hlL13OS19SV0WLmpsKVL+SzhjPOntjuIvU3zp0PNMYtDJ4TXm8hL9spqoJaKXNMTfXq2v0gzS/KEEgSpzIfgpb0s3xIUS8N6MdOJf+avFUHA8hr57KXql8sCZRXwRQwUOaNP69aU0CWkLPdgheBvhwZNze3Vs3gUGlexQ0M/iuSOdw2/xGk1OvW3W3/LTw==
I/OjXXBiyWOVXYrzhN/ip98P35YaU3MEfZuLsQwMRP4fTUJoggsFP5ZNgaQ7wyIkHlAFWxq3PXjiDW4rcIT7ndzN2wXRxNSDRMhg30iWoowvFnEnRN+VeSlSov7+A2tnIi+nO5vUKSv0aQM2jvh1ZI8rM8NvDjBQSFfveUa8DYvh3KqHlL9OqPsuVEycZxcsYF2FcP1ZoryqEn7M+JR72A==
I/OjXXBiyWOVXYrzhN/ip/6dj9ufFZqptQPpgrOOg706aSlxNL/nutX42PQ8DrWyMVUXOmQS1uLei0fBST8uu2ReA0H1SyB4RnR5D+7hBCIXiYtuQzAbHTkpLuOC94jm/d9GxNwP84sBuWYR0c9lYCEENt6CkW5pMdd5B+qWMliyt+83kilViM++bavlsWAP
I/OjXXBiyWOVXYrzhN/ip5e6RnosDLmHylzpr75I6YR5IRieBLJeuc+QyBdIxGJhI0HdpcxBknG9P1G89DlHwmMDt4YMi4UHn3g0sMofdzEaSizsxBe179lwhR/FCyPY
I/OjXXBiyWOVXYrzhN/ip8c/OW3qToXOluE0RuZS9EVyeH5hWtsT0NofSrK/Ayy7nYF5vvTddpGUjaO/DSpbksRXBzjXh1yjLJ6OZaObBcJi5EEV9Q8dThpVF+Q09vYn
I/OjXXBiyWOVXYrzhN/ip5C8apbRLFltBPtVegbJlNZkUP9rAS4Mx8C6xguvpmC4Io7oVhkiYpZO+Vl5BWAJnXrgXLbBVTX4goYKIzVJyLo7cEpAqeka7eM9w8PTQErbnhVrtJa0rYAirQbo0BcC3+LUxuF1Cv9TP0V1V2MnrsW+U2foAkOtDLNHzTFUCGve
I/OjXXBiyWOVXYrzhN/ipzTPihicnrvvaaL3G7F/z5cy+dX6xSpgbVJWcqfy80PwtGooV9FWDY3ftguCdLNCZ9uVwJQtpm+2Ntww65oiYBFasirIeD9X2YQsadFJ7dV7HOdGapP19rWW42TO28+1Cw==
a9xhNNdliN/KWqicmRMwZKYbP2FBl1xF7QgGX361XUUDPbGcXkOGnuUun5CNxMeMXsPPd2vNGs236dDCJitXX58p/rxAXGek9Pjn7Zg7nIrZV3NCLjNrYf8Poodb0y4t2lrxqVbgCQfUd2ac11ktqhfZSA5AsN1AtLxqK559TPoOR+C+E1sTi6GNsRJnNXIqKr2U5FWuzwfaH2e7k4JuQzun+mOA7gynq1oF9Ah9HeP9dnKvaUxxm95QDTMqB5hT5IaTlOIT2wURqIt49pagig0v/Xa986azIL08ZbFiG938RfUpFJJr7hFYtiEREkzKOwZSfVxq9I3vrNADu+JVWA==
a9xhNNdliN/KWqicmRMwZBheyrxpd1eEjrl1gvdS/wh7NwZUR0mS2X8ozucyTQ/k21mf9VimZ9XCUsEDhPCkOBEDvBi4CQGnB4hhP9zx1CU=
