GmcONIA9PFzHw1gpPLLPoqev3ytAH5KO3S/CJpMsylg=
35kyjVfwBJgytCi6KM5Vug==
FNt9orFfFSbPIXNSbXcP2Q==
gE2g7VQeqq0h5MkG44fPUw==
A4ZCFW7RnVRfEnbtNxUDb8VFIQmzxcIFLuiIjRY2q84=
cwgQW1UgxyVfBeSrdwXHsPE1eoSAri+NViVSjTYe4hg=
pYn3RyiaY4vz2unSybTHuw==
mAzeFbkWBGyzJRgEWJSZYQNn44wFaguEUnqkvHVinQw=
NiGef/LGs6v8Em6sqLz1GYGKB0111uCW/TAqgkiW0+w=
2lfNnhNY+w/3xMaMUxJbE0YFT/wvMlSDz8Vrd5FEs18=
a9xhNNdliN/KWqicmRMwZNi1xfjQPsfF6Wr+4E1d9SzQalfnu2rPTrJgboSXOiDwk2lWMUM/D4BHq2lCEKFq1A==
a9xhNNdliN/KWqicmRMwZEc/D+qSRsmJD6OiosLhT2e86KcJH98yBo2pPAmALqL4FWdfYZpG5WpBOA1cWqmN4NDH7wLCKcWquKSHl4ZXwPydLyGAR2Fk0LI5N5Gry4XVNLcWaSBVnLCEI6qxTQhwIZiL+myMPlaFpfBb0ub8KSaFHKkNRKXYowiT5htuTxewGXsBGyMyKoEUPEQ3zeiHV8/sBkanG2sVzu84cS9wjWt7BwfkhhLfAShPnwWmFJIqIrHLnMeg2n0bMKR3MAXeXsFEBCfWCrTXTg1sf4MD2lG3D9W6pp7Mf484I8bc9Y9MlgeB/QVi0qIm/zneQOtXLPkUfYYQbQnSNv0oaooOmUhhPDmHSlO4OPer04nJsc1Y8cGUonni0+z1uofhq2Eg2WlNk4dIISOmHYDuEGOocF4WgQMW1at2OFjStuCZ3AXwWc7hcLKrRpIpokGEW2tsWiMhG4WT2Ru8Fw5b6OU8sw6Ixs8xYh6JXcuTIRAy9uUYSTE/ruVpyc5I8Iy9BRLPqkX8CgmslDs3xkJgatLkB4szxM49LwYTyQ+EjJvHap/U3OXoq2NfuWofj0RBI53U5hLi7p7YLdfJFo+4JUsBXT8ew+SjugZKelETbVPI7ky9RqOc5Mr0765HWEmhM76ldGRCtAAQwdIs07cU6+NmsgOPOX58NRwmtqvsX5nZEa8qVuGvR763wNjbSWgMBO9An1PeEtx1fpseKMsLJRIVUa0=
a9xhNNdliN/KWqicmRMwZBeGnh8x+lSo7G3Nx/+MaRs4DbqfWRA6bavnGXGnK80v2TC+aW+CtdtQge1lUxLEr23Uw+P9WeIzcN7MxgRDCkU=
I/OjXXBiyWOVXYrzhN/ip8GEyPhQm2if4rTQOD169K1EoreafSZa4C+n23rbzpaiiPI9GqtKQHrHqATsdF9NmDQo8+jvnMfhmR1USVvO0nLDP4tZnI9E1iqeEEwXr5AdYxw7y3Dpzx85Be+yE7AIHzzy9y8QTa7OBW/65q+vAzdCPFIZ3Mc1a/fLnQOluMWtHplcUoIDfPu1fbvA/jt6sg==
a9xhNNdliN/KWqicmRMwZI2QmrJFHdBw0SJtJM5L94ZOHZh0AMfIs8X8aIt3T/NxHFSR5AESBzaFi/BTDXWoxDoftNmZrrvn757Efe+uRoaxkCteWHD48QN7OGGqZ0PPeBGeN6zOSRtdkk2OGJuafPf0iJRXY24S8HdMna98DxApEkwSfV+JlyT0brZGvhLGt0lEX9ZPVUdJXkINuEOg3/xSMF8keZ1AFSxQzlnt4rLjbd6UUFva5WvCs6GUdiu+QCL4aIqSMxK3VkhmwAKvS4/k2ECsXBLH+aEnam9ohgTSLdPG7E0XQ0fnD6WSW/LHO60Af4wMNo6fh54QY7z3mGIGKytB3F4CmvjzVUmQET6NLhlQtCQ+tTIBJQX2dmlDnkYWb16MKBDoEMwnWcKTWG0DwqM6zykQy6vhrVux4Z/KUhbYZlYyb0iUPJYiK5zT+TPR0HcLlPi2sR5vyfzvpVPZv4NxXVcVqN1DilCqvrglozynV7fOZDCyrCZKo11KeKfdJV7sI/0eUZnKsugrrn36I/2SxAWoUGrnN9JCXByosVlfkoyWn6kKY2mYTWHXdf71cIyuQLehoRm7loCjKviThjjJ+T51NovwSEMOFLJUJFR3UQFx3ZV0xOFtot31GJ2Oibd9XbNOELYQZGgMfJV3RvGXyifyYqiDeJN+09du6JgrjJcnVN7zsVlW6c3buRhiN3PAP7XC8ZDrjRJ/S++uYxHoTpAvjvfuAhjwzb4=
a9xhNNdliN/KWqicmRMwZN9WmqM7fnwDP9Ti1/xm73BoTYjIvOFUQYGu5Hy8kL3niockGdDhM5/kEBq3mSKxGPShmM1mylnqAIqTuYMOvm8=
I/OjXXBiyWOVXYrzhN/ipwMeNmM5EuEC9jHFSsoB1Uc3jtbr8mfchn7g6kbddrohSEbkSZwxDKWMjt3JeRT4EhWxkQsKhra+xrsFxj8HFm9AsGICn1vyg6J9g4yc4qd7qBAZk+8wua0yGaFFsEy+5dLNJU8RGLB50W5L1i9NMPCWJzhpXk0IlUN2P1SwGWWtP/cwhrqxzenCqGMmR9HLvQ==
I/OjXXBiyWOVXYrzhN/ip9yIrkBfTJff8tHCU5DYwnxRVWF6ld47KDWdZLzQLoHPWr87PZnNZx0ihHrXGB9EkLeBlTg4WvwJ7+ZnlvouqWnp5COKSqkymzoIiPEp5UebRFcZBuYVy967JAI/8Jm6R628SW1RNmE4zMT7q8Mblywf0dYzAkIPhcu/NiO9vBrg
I/OjXXBiyWOVXYrzhN/ip135GJhDPavdNZjHrGqzzr7gEVmOv8vryFsdlYFybcbH7RSd8t41BG/YxmN4GYn7L8O0uBfUjmyZ7KY31XEOR9s7kzW/99GOCEIrEF+g4kX4
I/OjXXBiyWOVXYrzhN/ip8snwuyGL9TgZDzBxl37BQpklofwQEQyjqkQAowVxMGu7dSmpvVo+1UgEkkKXKQVKtF8Z6FXMNJJ5M0aZcRV8AzGckdKWim4kK+S3OcSlXAz
I/OjXXBiyWOVXYrzhN/ip3KHHKibBaS6E4dpWhaWEiVHmKltg6gr6iegKvQxQNw1hqcz+Jix3uxhLUjMVXZZATkZB4NagcI1RSs5TeMwQ4Cz96hivEDGLnSdWgDjQhzEy2uag8XTPg8ZPjdJLpCPiKyMAeJQsnwnbO4nxDU1P4PyZdRkoccmCRZtJK0rr1M/
I/OjXXBiyWOVXYrzhN/ip8cs3JqYVn7q7nxqvm69DVhIf7L88RtCahJ5QkVlYFgidmODGco6oi+Q90psydCyYvN7AXaY6J/vBMedRlCUty+icFcJeZLMyb/Qt47YgM9D5n50VKIDH1kD2/AgGUQ8gA==
a9xhNNdliN/KWqicmRMwZJeCeVK6fXRZvW6geRSmNRrSSFwcvLoh/OUfVRdnKGYXNAoNdwgR9gj+qdE6eFFla8ciIj+G8l3llIJZfnF0/JbQGBKr6TjiU0TkEpbUY81kA92BJ/q51v/PyVYWeSq9isxDEMXYplcv+kYa14XOsqvI8OQ1UKepwy3EdgNhJjKPTJuW8Xz3lSogA4QXiyVMhLrQyx2f2hShSclbkS5xTwxMeUB7rqLheaAfXNZeB6ZgzvM6ht7B4BfNXluX8epa1A==
a9xhNNdliN/KWqicmRMwZO7qxC73SDFIPBE79HIPQ9FKyUOEqOfvDeYMWqMN6aF7G53rs4e0U0aOvq3LBJwtjQwjFWfq+ZbsCmLw5Wwlj9khJvvUojKnkixS4GaEJqAIZ+KeXiXHFXWmvlU5F4cOmUsUId1Yat1S7h81d5hOIPOFiMAxfMGZ+LOIAVEGZmqb9pJfDMR62aczEfxVvP5du0f/YJnM9tgmnGwSQOFCKCc=
a9xhNNdliN/KWqicmRMwZAuD62m0ih4hVyj5p3YrBoRCI9ouHLQCPhE+PEPbMr6sISGFZ5jGe5wn32Cc/GCavVo/ptIXuIzJnnE+bJ/SPKz+alNLyVnmaYsoWz1GFENdTgc4payLcv2UZUm/6fhmOvdGMk6YuyKc31FhqKF1Lb9VG6ntgQl+0dLyBuAjmOYpjnx6X7/b/xq4/5pug7ZWAWxtNrdZNSSnQBhyNRE2xF5h7m32xlmsBMyguL89bIDekRA63RyIbMUPx0xaqL4tYNiIDCt+19hrwLqCebhWMM4zfUAKCoC+oFgGnU112zhzEm3AMuSZGZ5ubs3BjgyI6tvHvK9AiuSqVJ+0lq4Qu5WLkyOFJ4WogiiXkwX9OEEz96M9fZIriHuS1sKroOG7uI5ohZRtfjvLFybBx6jsssPmyfgFleIxlLYrAz1Tl9AKjeNNq3kdBNd6wIVuXzdCCcHKXwHIV+3HvVwj89yp/YfRVD07ZcMBBD9TsbLLO/9lZJy/BODVZJ0BRAetYmT8WCTjz1JZEFSFYZ8h1KVVncFkomWxlYLLB1XZIyZf/8NE0gq9hfQr0fq5FNwGx8P1Pn/As5RIqDz8xTPxFTlGOU+dV29FgJyKwuhqaUU1lXyv9ASKr8+mWyBF2sJaR+yDixOg+M8c0vUsbifg5HqEiQp4dNomb279obQm8lwuTggJ6AdnbUROsF/SAnnJhZ6kgFUVl6wpB4vRvB3GOcAcVAU=
a9xhNNdliN/KWqicmRMwZNMaROomd4SbI3hZcQVvTLoopJGNkPYCuA7IC1KEjghHeVlOLCxigRfFcbfA7xjUVrTLHEc5Z7HbAAz3euxtoYE=
a9xhNNdliN/KWqicmRMwZKPqlrnukhqnRZUwR+yIj0K9jYH3cecP7S6QyGFYMI5BpCQ96RcltAcA3owBD6IRTKf+skEigJ/OHkvjjpszGvi3cgA8N2dgfxP2Knc8+lz/7w6rjyUAN8fwBBUbAOFzMj/yqAiQjubfXDhMoB6maz4AiS1SqATdvsVPWvVMJGWEH0NEaaS5FL9x9WEFt/mqHGRvALrweyDuIrLNJlGjDw4Rq1QqYw6bROqEfcFLn85LpFBbEKIQb2Z7L7WyMDegUA==
a9xhNNdliN/KWqicmRMwZOKIvy339ny/hsJkv63Uy6YD3cAUF7/xmYEgBLqS0Y44MFT2P7Lqkyo/PAxFqWYh8rMskDDf7g54QgArAZ7yrAVkciQMfPLWjU0UR7Ajc2QffXJ29M7oaNCLot0VhU0UebddEKIklbzVJzklLb4j6cXbgv4A6hcy7tauqj2RpNkwYjFn33LM/NFq9fpPa9IE7eYf8nDyJbRvUzKGUhC0eFU=
a9xhNNdliN/KWqicmRMwZEjAufSXQ8e2sYd0rEotggZ5seuxtSxEFm6us71Wq7i2Urr66I46oZMmVpw5jNamhw==
a9xhNNdliN/KWqicmRMwZBHdFcZsBKF5cEZWwBMWO1iWhnbN2kRAAU8XxAncvGVgxzbZ4Q0LIKTzdvXeremPRLh2GZkNSNifk7RZ9MV0Ns1k1NEZ5Sk8YobacYycDNViXghTeU23b3YV2NMrcxb6kUDBnbihTVafyOw9MkrzM94lzPTT8mRsejxI3xgJICvdivxtxZ+dYufliUMZiADjZ1Dhz/a/PBkoaA3/kA4SL5Nzb6PJ/ZKP7BXa3tOpefqQ/fe3Bn1REL/FEaGXbTYokuG8Ft7uiuYAwhORZyLyKkf2upyaIAgEd6VFDcWcpd0xIUkJ0bCQZZx8nzpt0LaWcpoMtcDAdU6T86l0qLjnzRe1v+lkUMtvAK3ZEHlz1YchbsP1au+TzGUeuJkNBYitP8mNI/3vTw21cIPWabi0r/2malfpDUZh3215tJZENYKOcwRlMm82OnWp/OcMRXsSbhZVamxtFBy6bQUeoBfH/j/Wdf9umgu62YCN9M5DwoANVSH4yK1qeL7oCwIcWLmj+b9K+oYVwhnFES0Fcn7FLVtSWlrbGKP9UL7k95UuOboeqWLetebWY4WFORiGLopUtNZvbBLlNOfb2pk2dWYT3dJAB21jiCOfHHDf+OjVjeMkqe9QhpkzYcflxjJvsweRYZHKtboD/dp1vZb95xRmcvFdpve8nQocEOG1nAVvJZ4fxNiWEqfGnMKslcn1Q4hgji4k7a4kqjflBcLSLyLqMUQ=
a9xhNNdliN/KWqicmRMwZHwtsgBbkGjiUbbSeBPjY9GOgEYnu85cD35hD4ZXkhOwUmqCCEspOTejOYAknp43G2W3QRwsmCizL91yCLaGNto=
I/OjXXBiyWOVXYrzhN/ip/cAXwhuvLCBLP2pv9wE0ceCDO3Kd/iETS2GGWpjdN6QFdVF3c0dVqzKRojLvAKvdE0VKmWjrRQmD8G378Ru4V4Sb25L8wLMlhnPJ7UXQ+0fZdNvxrY6VeVVxb3grg0V7+Kd+HYmKE2SyliJfJBXh9sKrIm68UviSgkkfXTByaeF3+LHLyKECoGz7urxK/mH8Q==
I/OjXXBiyWOVXYrzhN/ip+ugys+5E+x13u+Q71XrD4k6JHVexaW91A1V97cPXkxjU17Nl9x6Gnff+wYBApyqCYgCnbDSjHxvKJxIRRn8BFmH4+6L6Ypzi2yBimWxsEMqiHWCtU52S4aYu7fm3sY2Kq8lshMAHbM5PYkawKLHj3ZBRf1p/72NzQNIfbZjbLS0Jxavf8MzjnMIKPZ31IqKjQ==
I/OjXXBiyWOVXYrzhN/ip2tK2iK5SS3/mjCbKm5VKpeplOoIdd3Tbb4lLauuqP2dR29zlVtvstiFuBrvWQ5Y2Ii74rUc9k7Yv77H++09NAQ5U+41GZXdqvngovXLkEKES6i3TB8OAgG9+AnDbJL4b/Xwxv7IOANC9mGAYC8ChTc/TewViDyHef5A9oplD2x9
I/OjXXBiyWOVXYrzhN/ip4mXkDE2XHj9GERWmyWuhFZIZRJvvpdi9KSKarjEMcmRjf76VtnX745yCW5bt8xijGVdbO5Mj24L1fmvRQ5ZVqseVmCVkfZJ18DpmCBiD1WW
I/OjXXBiyWOVXYrzhN/ip4Ag91L5ZdMJ87la8+uoJxwY9LSm5efGauRjUviSoVFzaB9CcjosYlMMfWH0rB1Z8SUT4romSmgVdjSLkEVwjc4fwiE+QhX5Ur9JJlLjLv1v
I/OjXXBiyWOVXYrzhN/ip3j0BUZ72toVWmUcdS2n89QoHOFvpbigPt8aGAPzEQE/L+bZsnJj/Q3C/BG8Eq5Av2v1j1D50RQwCrqrPb57iqN5SK+tFiXFSy8s/HGCXHKBm5N7V4QGMRlTAJ/nOqpKYKmKcZdt9tKswX3sUyW2pdlD9rCC9PB9tbpemlWiNbFW
a9xhNNdliN/KWqicmRMwZLlXBgl5o+5v1FuwIEew4TuVjXwDgq1mQUVebkbRYBXD50sgRGE49Z5HsvimjlfDs3IA/mBsNpX3nzNoU5FAzvRkOuJbQxfHlmcSkGYG13e/o5HxCnvIDKnClW2teFamudxbkBSYz8MiAis06tuDM5tq1CFTgDC841qIFhKJzCkhDVxWF4Qiva9z0FvlsMLkPdnfX2KHivAMFgALc7MYXfABj2c2fLBGuYt1zyrCmkgYlsBRmLggjHuHmcTi5ld+Uw==
a9xhNNdliN/KWqicmRMwZNzi0QTkJpKv/wWhgOCGbg4balmcTtUZcfa6Kv4MwzDhwT/TKIzuaK59w+pXZfFUe2abO7sd1PEMvRtAPK+b91CcOkIgQjuVV89kzbYJ2KrbaG0nqPzoqCDSpxzb1sacFcCvYlnrPlRgZCeaY8AffQePqwbHxOocTxTdjjgiAkmexwkYZ7m1KGWa026jhssZDag2sjFxsNVaBI9EusevZzM=
a9xhNNdliN/KWqicmRMwZKoCWEAs59k01ydbisApN42OoA9m3bOXtRQ5bHBqK8BOrc+mqudrGa8xam0q8k4vdkKTbBzwLbzXz4URcEkIFeSHwuWO2LRZji6yerU24//z61cTP/iqDk51o7Lj+jEdO8AJ/BMlYg6f62xfB8uNjV+x/w62sACGfOjL+UQMlm3LBjrv0NJj1LqyGSRFF0CTlPRH2dX/8zgLxlybnux5M6108rvhz4V3bbKm8L7CgMqAXGsXHJneli27uDEi/0gy8w==
a9xhNNdliN/KWqicmRMwZPPMaOL9ZmdICuoit9U3ffWededipGZtny4M+VEYYITWzRP+76HnxI8+kNmODFvQMHyzfyky0qMzSihUY1dVYM6BzqFbRXY9vsP9GQs04X+ChD9Yg53SlH6cDwoUAj64/D1K/ZKRgH4qcW+N7LqrdGtvgT/Ew5Mjrc4pJefpOfa+3falveBuHKKABL0/PbEvnCDKfTinWN1K4boTw00+3tg=
a9xhNNdliN/KWqicmRMwZPFoY8yGpnejwI0IuIb81mY8IzDDycJv7panVw1+lXlS6+etF+CGi4MfJXkqdTNeSMIDuQvpFPy7POYxVfFmxlpYpZ7jTWaMxs5lxSJlxWgd3uLggQ0+Wc85gymV17dAEZTDa73fLZ3dWjr0mM/fhBqblUDjG282JiHEcyi+45mYijJEaT1DJtzS/hVbrxK8SJandZELMbo9UfhXkL06nZBodfLyf6UUfpNoatvBrFnFVj+TAAV+nHIawEdMj2b/gA==
a9xhNNdliN/KWqicmRMwZPFoY8yGpnejwI0IuIb81mY8IzDDycJv7panVw1+lXlS2y9EJvrWbAoJBjSusMQeSARGPYSiEUwsFqbkmRTjtOXLR6g3Qo+khzo+j+/SEWORF1gCIpKsym4CxAQMksN9awCyfRr4HTfYY65MDalgwJHJQdDdmbKKNhNoGObbRIj9P6fszBEZROHYrj3DM8Ne532jBj+bBal7uw3yMu6YDsQ=
I/OjXXBiyWOVXYrzhN/ip2aOo3an+qrVyOHhrgnyIBEPPEmF4ENaI7OQASNs/ZuUYchuBria9pg9mKd/lNqWypSXBAtJVZTVqN3AbOTCwJesCvz+RoU1nMXtQaYODC59u+0n88gLD/buTZvYmMkUDw==
