GmcONIA9PFzHw1gpPLLPoqev3ytAH5KO3S/CJpMsylg=
35kyjVfwBJgytCi6KM5Vug==
FNt9orFfFSbPIXNSbXcP2Q==
gE2g7VQeqq0h5MkG44fPUw==
A4ZCFW7RnVRfEnbtNxUDb8VFIQmzxcIFLuiIjRY2q84=
cwgQW1UgxyVfBeSrdwXHsPE1eoSAri+NViVSjTYe4hg=
pYn3RyiaY4vz2unSybTHuw==
mAzeFbkWBGyzJRgEWJSZYQNn44wFaguEUnqkvHVinQw=
NiGef/LGs6v8Em6sqLz1GYGKB0111uCW/TAqgkiW0+w=
2lfNnhNY+w/3xMaMUxJbE0YFT/wvMlSDz8Vrd5FEs18=
I/OjXXBiyWOVXYrzhN/ip223mwZ0Fpw2KN/sSiDNRA0hHUaPM/BUaDc1DT0AMMHR/5rqSB/MFeae9O9ltVTOIQA+PoUyjtH5tX0P4adEZmHGaNb8D02DMAtK04IpgpdJ1gVnkGfGn6oIb+kerSMHe/AqMIHyzH34k+FNvy88kUKW6md0rm69R8COg0tUEMqmlq1IysHOHZhrLmaaaSKRtw==
I/OjXXBiyWOVXYrzhN/ip1fX2Qb/37NzAvL5vm7EDgoiM/cXFMHmn4zvNR/vtR3zmXscyh5TSzFGGmPrqILEVjX7qAZ1x+SFpqiHQ8v8D6aWIV+0ArV+wh2G5ViUzw0GRWAlnLAwdtwM7K8kkVZwb0rLzmN+tjU2UuIIQVZHkiCiHi8iBaeBKQ+aUqbn+KqRAp5TSh4znX5i5SwI0lVtrQ==
I/OjXXBiyWOVXYrzhN/ip5wwOqXGKJuCBiJ8nzj3reM3HhXsVARwr0zcX9EE937yQgl6pYFRl4sVdusvy5iIu+4Q4B3C8u+y5J3l53a4hFNYlcZdnuG8jZKDEQ30nW/k/71U5o7SGbhSFx1a5d6fcscZnMGqja75XaXSViBQP+tGca6TVv52iF+3uwUoOH8z
I/OjXXBiyWOVXYrzhN/ip1OMNXTmBEbuKYWALqCpw0/XvbyeFu2vFWeB3WmzczxfOkKGa37z9j0/KjR5RCvd52fuk1qc+dUcrsrhMu7cVd4NRPy+UdvyUB9eRX7RW3yj
I/OjXXBiyWOVXYrzhN/ip6aVzNKZIB7epI8YtcxeWh4YQed+bnY2mrGUi/KoYgEG+CSEb3gYYiS2qg1uvoKsQadKV2vHoqmS9AfVncvr0jWJ+tLsBAGRwf0mjC2ucg9G
I/OjXXBiyWOVXYrzhN/ipwbG91xcyRB6HZ468xww+PgfKPtU28vihuGbAB287FPwo+ccQyS115T1J9rRoHMwHKReCI3e+jvkiPxA90bhGJbk5SVsv64LBNphYskUKiAR51U7si74EhZCMhvR9vnKUg==
a9xhNNdliN/KWqicmRMwZHUkcoCx6YfVG7z1ZdqA+eN+ouMr6TiU12cbL7puaDRIljAebCFyUHZ+g3NZpFj4JkcMsWP8z009bMnz1DRDuKySoxazK31KPfOgBCAo5pHJE3AtgIkkxK1P67DzHd9znwuH4CzGEjrylbb+7yYWPCjBGUQMEnFh1Iq0Df4KkxaA52J0ObMBRU1wDQsD0htViZlVOw5vRASgYROZnySd3n6oaIAi3bFbzIM5bMxHtZDIiyhp+yBswpIneeWlkPmrC8IkPSuVuCk2MSG/yu+sWgDhYDZzKS+Zzc3Br1oVZ8sVTsK5JBsS/PcuO+jhbR8Iqw==
a9xhNNdliN/KWqicmRMwZHUkcoCx6YfVG7z1ZdqA+eN+ouMr6TiU12cbL7puaDRIljAebCFyUHZ+g3NZpFj4Jum9c9dFFMbL3sI39C3LPzQ=
a9xhNNdliN/KWqicmRMwZHwRvVw61Fa+q0xWvp23J62TDO4Ym+x3G4f+HB/A02K64GoXmGfay7Z5gDZDBCGyZg==
I/OjXXBiyWOVXYrzhN/ip7Pu/xCPJ6m9RehCUY4TceA89OexA2dy1V+QycrkWW3pRUPnLALpfKOmkUXrsf5vXOYgakbvsgafG9n+L8hbHak4eMf+VDoEJjlHYsjQ6WIw7u2ntfYNxN+J2rRg1o7qtLG0wNdzy+tiPOXk9irKOent8ZQLLRYMr5+7DbuJOgkq
I/OjXXBiyWOVXYrzhN/ipzX/nrN927V++8yT2QID9XbK97qw2SvTlJXv4kjfidmPZlyuEppr7GZLX+WLH+O6ahKc0WAmoNx4ed/x8DZvGChpo2sOShQK4+puyVQfnYHc3lm50kPQxlKaLMv5Dj9hqQzwkVGZ/I0ZRbbsKOq6hDnE7THYM/aO8LnuUh84Mve0
I/OjXXBiyWOVXYrzhN/ip0qHu/RHgE5SBs1ZWbdtZhjsOiGEJlo0ilh60mgxF3DJJkN6nCzeNM+IPC2y9mFSwytz2ggGao8dziEReGlkmlDZnDHY7j5x5FcA4kjKzIGzHdR88QpW8jIm49bGJG7a8ClR290wGj6ca0McUFYFIPnrYu5Ibv+vaUg79NtYFa3D
I/OjXXBiyWOVXYrzhN/ipyw6/l34/pEVe2HvZjIgtc/mTKg6SNiUx3A3J9KBAHNwUSHpF9wwKTwZyf+Zxz/sNWo+xdUdA7kaHfUi2fsSg/Qx4vtfYWWam/FpVt+lMDc622jsGYBIFs05iiRlpr4b2b5TNNslWHMdBFZNOZJnAFPLNEZ3kOwn3I6MvrO+tGaL
I/OjXXBiyWOVXYrzhN/ip8skJWF0p5jPNO19RHfMflq4pGXeCEkG/iftWIT2RNjvEica9uVPViiHIfYG6FIyttrqIq/EDZlRLoxX+wOvWCSQ7aIeKUeb3dGFFLR0XaGKQ4ZJRK19azUhqZg9vTMChK88w3kl08p5FGOdcJmkdShY1gROH5xSVEXnaAWTIq7B
I/OjXXBiyWOVXYrzhN/ip+eH8u8Fd5OnFSIp19cV1hFXv/MfiHoelH53F7ly5y2w5BBh9YKh4uwjFogIOZUKvkSWiyxO0cxmVLksgi3Z8/vfR6n9DEvPVC086HSrMaz28ntJs2/ckDvgeq/0tBw6ccq8lXI0Qkei5Dahb8/xBQbXc/spTLfNjCZwz8yTuIL9
I/OjXXBiyWOVXYrzhN/ip/2RJpXEXAMyTf06/xPCiMYn+/TihR+o6JU2PZdw35XD6d6KnHL3mErSu5DVwkvjPfnNMchg0J5vg66PcH/NTulnhfjEcr4ZWfcmohZCWgaQ8EqZ9hKuwukIfVBdbsbPatKezTu6YcrRrdWwq3NA2QPfXRgaIrUobsQ40zPJ3KiF
a9xhNNdliN/KWqicmRMwZCv81rt2MJ7l960mox2eSS/7sAx3V0ANruZKNsBgGalrcCB1+4D5Uxqbhf9qBvy+IbJbMO4gq0MezylsK7eKYcR5OJ49EdMO0QaawFCeGQGGFUfzjC5RWJG+msTcK4E0CQttRAwDJVGLv2DZZ9i45cOW27jK48jveIBvTOLzo01wvZO3sZSmSp2bTfO+FrbckQGrpOGDKWiliQSX4bB1mcNikfc2Ocry8tfDRv1BkQYo1UVteSZlksCMo+P0ZD2gm9nCls1VLb+wyqnOMW7fnBK+zvVgGaJCqlzvvshXsJHvjjlC/nVP+eo3apeiG9BSHw==
a9xhNNdliN/KWqicmRMwZEljieh/c363M6injzTuCSIcR0P4NxLkm7u6JOHawBAeCQra78EOh89p6noBQ8/h76vMHUI07LvdArPxewAqdzk=
a9xhNNdliN/KWqicmRMwZOXjIAUEIUXNYvykiipkw8fASBdF+1OmhjkpYkPTheRYeECNUMFbYcLxnpKsYv4KRDL/1Z/JNYhPkD5cBpxCm0rVoHPSvJiw0iU024x19PTxbHfATW3O+7rk3P7uH1POGY5pEQxLikAs3mocERxBjGsRH5SDjfTTL/PH0xjD4r01allKZBxXMeR3jZOMrbrxy/Wl3sxXTsfOoT2mQEkEyklHiaba9ee8OAt5IS5ApcrGH7Ka6VZgKJlTmtJhHvezbw==
a9xhNNdliN/KWqicmRMwZBh8ysc0cb9VGt0qil0Fvqhxgs/F/o475WYueuxUoiNt3MWRW4oeEXsczP5fnwtWNiJ2kXsTlNuN9JuFAgX7O8HqJ2JZ6k5Tos6fGntdG9eWRwZ8UDRmwvW8MR2hTb1ckBM4VqsjkcJ4shKJdZAxt1RA7cJUbEvjncnMUj10FrfRZxC5iKKnjvgbo7VMsrdHbXOtPzHVbt5xN+7Jstc9oLw=
I/OjXXBiyWOVXYrzhN/ip0CmujXP5pVX1CE9v3Ut517G3hs7i62YJtAInlsaU8pu82lvLjVpwMupPcdDE+KFw8Vye6i4XfvFiNwNyjK+xDaqcHbT1sW+ykVseECgOKqY5Zx1WsIub0HK3CFBGhILIpsektuSLI7IwX+u5NGaiuZWe7ZolsfF1Jbl3B6W2a4K
I/OjXXBiyWOVXYrzhN/ip/x4j1nUidf6ydcYEeiRUIuGW0zaDMM/BvYGlEu6BbJjMwDTyKWDdktv+XjJ+OYtK5AxvtK075Z0Ul2UZ+fvTcXJAA1R/LRlOMM36fQ1hF6GuzpVjrc7717LRS4EChDHJuvrAOZiHRPrR8u56D41cfQUmA59aWLS8Btld05lAC3T
