GmcONIA9PFzHw1gpPLLPoqev3ytAH5KO3S/CJpMsylg=
35kyjVfwBJgytCi6KM5Vug==
FNt9orFfFSbPIXNSbXcP2Q==
gE2g7VQeqq0h5MkG44fPUw==
A4ZCFW7RnVRfEnbtNxUDb8VFIQmzxcIFLuiIjRY2q84=
cwgQW1UgxyVfBeSrdwXHsPE1eoSAri+NViVSjTYe4hg=
pYn3RyiaY4vz2unSybTHuw==
mAzeFbkWBGyzJRgEWJSZYQNn44wFaguEUnqkvHVinQw=
NiGef/LGs6v8Em6sqLz1GYGKB0111uCW/TAqgkiW0+w=
2lfNnhNY+w/3xMaMUxJbE0YFT/wvMlSDz8Vrd5FEs18=
FLi1+8yztBTrmnRfipcf8jSjDnpiN/x3HDf0MNruKDDBLFtW+Avok321QhsOpZgfBlUOO4t6U/peiVNS7NpRxOWEgJ4YTGqOeWv56mrQcHWfXB3aOp72s99z8E9F0S7A
FLi1+8yztBTrmnRfipcf8jSjDnpiN/x3HDf0MNruKDDBLFtW+Avok321QhsOpZgfcLi9c820oYRI+gEc3bX/963zVvtSeBkbnYrHNepLXFhqkDDPJeSMsgbTX7RrBvxv
FLi1+8yztBTrmnRfipcf8jSjDnpiN/x3HDf0MNruKDDL4INAdgOhwg7BjD/9ijrnLzygpxVMmIWaj6+3rzpgzxLNtxMpLGgvKuiWzllWFHljV2ZULC1sy71XtAslF5A+/B0FvzaOgTrY7r3kw0IOLtiP0eTlmxUxL4saN7vl7tU=
FLi1+8yztBTrmnRfipcf8jSjDnpiN/x3HDf0MNruKDBUizc7/79xvgRzPBz5uCMilpTEczRswPoNnsrdpgMgScCLQVlqpOMlE9T74HU5yNQ=
FLi1+8yztBTrmnRfipcf8uASIrsL8rmwvPjvULST08JzwYUqjwu44GkWjy6TSK1TbLCgL4rf/hYporZaT5hNzZm3kwwJgq1ePL8vM7jrXco=
FLi1+8yztBTrmnRfipcf8uASIrsL8rmwvPjvULST08K+/VuojStN2yrchiLlCHlMMQHrKtEqtw2UMpx2zLGnYZXsESLOFMPdhV3vUisjjuu++N0fthSj4Oa/lKcyDur7pft8SdZ2JGQxxtSjYChxdq8XF8Zt9AlUIz0fBLrfIbE=
FLi1+8yztBTrmnRfipcf8uASIrsL8rmwvPjvULST08Id9z8ZOC++Z7WU0H4BB2jUZRLaBBgiXxtpUUapEPUevEsD4H6aAX9jd9SMGxalse4=
FLi1+8yztBTrmnRfipcf8uASIrsL8rmwvPjvULST08JxgB8Q2qs5EHIqQSjAVHOxOAxje1DCCLyoDR303JFHf+WSOaPH8HvNnMdWh1cgeOY=
FLi1+8yztBTrmnRfipcf8v33QBEkc/9RGg+lW56IzTMsZU5ykkgxYagnb8dlvyl8ari7zf1O0SxmiQBCMZz4F0lTnAo7Bla7kZ10SSiAWufE3W9tyVEqoM4M5ot+XWRsUBRziBvjteFn+qVcU4Im0++dFL6G+12+lIS/riFjLqY=
FLi1+8yztBTrmnRfipcf8v33QBEkc/9RGg+lW56IzTPsTg4LqRKudwYPZCzwVPxyryFSr5TgCMjc6dwxik/W+9A+IV/mpyIi8R0+QjTeY30=
FLi1+8yztBTrmnRfipcf8pFakLkPqbJV4Fu7q7d1WORHkiosDMCQaWH1wQ9bG8I/Aix6kDI1yvlQsdGCm7WM4wMwOp3CvQktNVaYKb15CT0=
FLi1+8yztBTrmnRfipcf8tEXZAUmyUdzPBvRs3tvVxA90Ifv5IcxvPzPFH+Q+xuWRp9ZTLWqbtFa8deFqmqOVszrPJuZLc3jtMEl0P4kTxrOc3kkJHyNWIgOLZIg87FjOtpOnRkqhKi4ytTmUQ0/UN4tWUHfuiClcWh6YtZVAuo=
FLi1+8yztBTrmnRfipcf8tEXZAUmyUdzPBvRs3tvVxCGILE4z33tKPOJmCMc30OqJ44yVC50YKwfVTnswid2mDdQ+PN+O4IZbcQSERU0Iz22yTsv0zYmZj0pWKZrryc1Bz2ya/Kj/rSG4+l4kOuPdZD/cLbCRF0CsMWU0D8xdHk=
FLi1+8yztBTrmnRfipcf8vaZukj94YG9I5zr1Bg80c298EQZcFSUde3tXvqHAzdAkdTZOi7NIWcM3bh0CTr0YlIb5K24yVADBIbR1ym/nxBRcWlUfwpuhZFkInayIkd1
FLi1+8yztBTrmnRfipcf8ps64TYfq8qsp6DZpobvnKqSElvLVHbsPqq+IjmR5p3SBgNRFv6KbQ1OUxgbhV4RUloBKZQAPGDrWvqOiTfu1tE=
FLi1+8yztBTrmnRfipcf8ohMjRviGtQnx3mObCelNkDczU/XktOeNS++/624hK+4NRJWkkciIOZHfFmeOagOrsBw1FcgzRN9ZNqiMNKTiMtwxK3UIQ3ye+0Q4FqNps1vFYs8XEYeEZnfIfsJlVu9ag==
FLi1+8yztBTrmnRfipcf8k0iINGNFPAqiaKRoU8wcM/gil8R7lsTjcM+9YQ0grbrXIWbkAYZt6/rfslJYsrlFWsHEL0YIVuwIIyS5asgifAKdJ6s4upx2x8KuFFdkg8AZLKs0dlAjYpj8cpnqgY9KQ==
FLi1+8yztBTrmnRfipcf8k0iINGNFPAqiaKRoU8wcM8iHyiATCgP+yyPI8bLgHBNeOtxEwLsyml9mmElJqZvAkBKkqkx0UNGlaUxoH1kAZI=
FLi1+8yztBTrmnRfipcf8nMXq78b2aDCUk4qwA0KnwcrAhjsSM9czfLiCRO8iotjnKCOOX2iWmPGpX1ncHfdmXWhVbh4T4PgpkYEByli/5L7xbdkdcJt5AArje/mIdNA
FLi1+8yztBTrmnRfipcf8nMXq78b2aDCUk4qwA0Knwc/GsQqzhJHewuEGbNd9H+V34mmF/1VhYudivS7Y983fdMmjZWRGJI9IDEEZYnf9ws=
FLi1+8yztBTrmnRfipcf8vJBKTHBkdoN09pmTS99gfD9fUcufAtxCLbhZxdzpiEGZxQMnBpOZZGBoywzua4ipOs1IthOD3OzhLFb8TKi4gM=
FLi1+8yztBTrmnRfipcf8vJBKTHBkdoN09pmTS99gfADIjoSef7g7EYFq7YBE0f42Tq30yhdLVwbuTA/JTUBPfYH6a9Bo/hkUflKpExVDbg2SYLvgOCnMaRDOpHumQ6x3bCEwPX75Nrr2/SHeqIJ5g==
FLi1+8yztBTrmnRfipcf8jEvGsu165Go+209npPTGKPMsagDI50NsnL4UfJVIFDQVvlQysFd0YrYwPTusnz9V9X6Cq97qWIELlLp2EXZvfufwXy8Dv+9v2bWKt8YMOqAabfalxVbMByOmWOaOK31yA==
FLi1+8yztBTrmnRfipcf8jEvGsu165Go+209npPTGKMEB98mDobVYdcnOvbVUhaVCENGWrK0MTppZFa9cDIIBz82KqFNcPmCqfUqB2fK1uQ=
FLi1+8yztBTrmnRfipcf8lhhG8u7uCYiD+Bz33MltEk0yeoOlECfEROF6aiLoXvDBWyWepOldmZ5jQ6umDjdLPBUZOI83pq1jJIS8f8wFLs=
FLi1+8yztBTrmnRfipcf8uP/JDxvOZcg09jSVzqIqyU46XVoZrXgxgAmNdlHTUSZT32gtEGNcPUCAWZsg1LNmEwH3XDv77CailFco9t2TxHBGsbBdXEC/1uI08CGrVnCSavgvG4Hp8nEWVCRvFQoyA==
FLi1+8yztBTrmnRfipcf8pd7AnG9QydgG/RO3jAy+UNnPaICCXBsiFdaFSj1mlX4dTgKrcDiCoBYtiupiGBGrnPGLfR6Y6Fe181EQa/BW8k=
FLi1+8yztBTrmnRfipcf8pd7AnG9QydgG/RO3jAy+UMXi6GjBOO4mXdrlmGDpVUmAAWQSJJT+ND1jAGRRFyeY16rEOm15iKphGxnuT68FfKtYS2ERl6yzeYnfY1P+aRaMGaMU8lU7gHVRDZHQBc7Aw==
FLi1+8yztBTrmnRfipcf8rs+Lgea0FtpwGzuxR2nNV7rEKsy1c4OlZ70qqFkQ+5BZonKO0njXshwum91g1JVspmgN7cB+GeHLO7v7Pbrx5Q=
FLi1+8yztBTrmnRfipcf8rs+Lgea0FtpwGzuxR2nNV4VlSoeXKZjzIEhL1wGig2bjnrTuUe7rRGxGEfsV4Izy6WWb0V0V5S7sxS/+o7/061KOZinR7sHVdTjWCIko3P7zuOnOaqhFqiRp++0i4u1JA==
FLi1+8yztBTrmnRfipcf8nXHFSWUGi/Pq4Qo/yuMTAWbEVO0ppmcEwJ5Jlqc4779hRAlKRyA/X2w1gwHdbnjWZW1UE1z07nMIoxz/l6912A=
FLi1+8yztBTrmnRfipcf8nXHFSWUGi/Pq4Qo/yuMTAVfR7n17uQ7cDiiRe7ZW3yisMdEBm9T/mg6eCfyRh8Ea9c3nQoBW4YewYRT7JOwADvns5NCGBJWXmLOFjzh1T/30Zq/qUgRtGNe0lBlVF7kSA==
FLi1+8yztBTrmnRfipcf8vShhXwHx2bELHEIbzIAyfXZkTuEHleSI6DIlwSlHR96W9fzP26h/uTBG6Jm/y24OshVJrbZQI6RAfh30iAxyc0=
FLi1+8yztBTrmnRfipcf8vShhXwHx2bELHEIbzIAyfUrIhtpystZsgKAWNT5rm93wXJm3qqyKJ5rMtUUWEGx7IpXbeBVTQ3NsQU02gg0ej7eNaWwBXgMga1xLuUN5ygOfETLHRDureGqTtcIphA7jA==
FLi1+8yztBTrmnRfipcf8lTdNvN9JOBSTKw3rDN4+LpWMx/7uiXlzAQDM0lDjjqXGUapJOwhKxDBXjpTxBrIg+goiSz560pe2qGZtPzGMyI=
FLi1+8yztBTrmnRfipcf8lTdNvN9JOBSTKw3rDN4+Lo1lC2j7eC6QVGi2iihBfEV5HqbGELmmRyp9j+U8nZxK6dCVVKys0h/qTAFQdA+7rdmnbp1FUABXzS7ar8Z1SB4CPeMtBZNfyBKNhXuKLtRrw==
FLi1+8yztBTrmnRfipcf8g2a3kWKvHQODzbDtcazPrUF46ynqjISHO+g6+HuraGgQkWl6szqXP9/Y2FQoz/NKmJLUyLStPOPIgDi2VYSKLk=
FLi1+8yztBTrmnRfipcf8g2a3kWKvHQODzbDtcazPrXnO9Ur2ZNC0MTXbwF3kGy+XIqVVoVxEL3pcecxPi9W9L3E/I7syQu3YotIT1rDPVyWCwaYhU3pXlgrApiZ1+QNpkvlK8bFmWAi3Vht/i4E2w==
FLi1+8yztBTrmnRfipcf8nPVZeQ8jibhjakLeAIS2AJmLD1FXpI+9NXjjRC+h0DtQvM9BTT89n7L4T76Zsponp8HvtKHeA/GBeKCZ+AAAyM=
FLi1+8yztBTrmnRfipcf8nPVZeQ8jibhjakLeAIS2AKZaGy1BEgp9K1p+SaFz3grRB2c4g3ssP+ZXfBFmubX9CKonKzbekzycNyXP8oFJypppsuFb7D03CJQmcJi6ZxhCJhg3kGY4wmMcV36IJ6ipg==
FLi1+8yztBTrmnRfipcf8lJJ4lEGEM99SViGetBevI5jiWS1oFEj+v6AeeWVNo5URjchLbfVbukLEitwXpojrye00jffOdn53w6+MxIdp+0=
FLi1+8yztBTrmnRfipcf8lJJ4lEGEM99SViGetBevI7BBqgyrlJOJAFk2cZUgxUFjqyVle92EZJBZ6DZdDVpz7I50v9G5tNq5UgiIOjLf85s4R/TAeQdE0vC3dFKnmRfcpgwS3RL8k4W0WyFk+ohlA==
FLi1+8yztBTrmnRfipcf8jHCcFkxcKz5EL2uglfryfhssgIPNodN8pZM807MeXZ50Gu0NAUO/ue47ibrTpOcXYFMTjQNtKUySymjo9mP+tw=
FLi1+8yztBTrmnRfipcf8jHCcFkxcKz5EL2uglfryfitWfuWcjYPdHLcU8DYrmuJVKWrBSQEmu17RmqAvMGL5bCRedEDe5SAL52B9Vdb1UqcX98/v7D5pGt9SeevZ7SXVoX+19RQPipEdJiE+tZvog==
FLi1+8yztBTrmnRfipcf8ld3NFnBq5RV6GoYPpyyaAn3hc+S2nm30PKRjsOo37J68xH9Q98fMD8hwzrr8NBlfMbMxKEo5/pJfdRBINHw4ZcUqjcBONlFfhmcOJQlcbXQjeAJ52QY+c2PlCBbC3YifQ==
FLi1+8yztBTrmnRfipcf8ld3NFnBq5RV6GoYPpyyaAnrg4PboHmFyz83jj4+3PRDKeotHbEuRXAfCe8ymIVaT2Ac2FCIgGXZ4zdvm/0p7Co=
FLi1+8yztBTrmnRfipcf8pacHQfWlU1UqprjARKWJxL4U/MZunqs0JsUK01YEpTNQr5fjgsPQTDhm+CMLU7AZqDpFCH/XQjmLgG+MK+bF+k=
FLi1+8yztBTrmnRfipcf8pacHQfWlU1UqprjARKWJxL6/VRaVpWHbvz6BAp+2rqf0RqgusugP5cSmgyrAiQanTfzzcxVKyML73bGqNniBEsdbbTReCxhyX8Wv4Tn2woisEEYe0t83MmbG9OEI0/W1Q==
FLi1+8yztBTrmnRfipcf8uRMR/LAI2Kx/7thIrJjqiJaEeiVOemHRhurvDrkeXlN8/R+nTklkHGYIL3h5YQcK0lZ9t7LUCYmIt2V9gO+NcE=
FLi1+8yztBTrmnRfipcf8uRMR/LAI2Kx/7thIrJjqiKiC+sVMcodDXHLZ+XJs41iOhn7jLSoMYZXtj3zuXgFcDKlXqCvVt/tISmmCIHE+y9sBKg6Wi6QgeC/ymFp2R/u6lD5cn6gLj6wlAUldxJ0lQ==
FLi1+8yztBTrmnRfipcf8tf5Va9gOn1/KeRn2QS/n35T2meYqCdSQZhYadApv0FwTWJXC2BdDCpLMyqAlnoxXtemGU5hYk8VgmsnxxmlSqQ=
FLi1+8yztBTrmnRfipcf8tf5Va9gOn1/KeRn2QS/n37Yrl2GO5KFEmO5QLbKm2iPHXOgFMbBv8YxK2Fok46B663sm6mqPbXr265XwYkPb/AnQXOtrNvQiLYgQgMbPVDsLs/CNp7NtNpXH35mgJnzoQ==
FLi1+8yztBTrmnRfipcf8pNPwZ4oGydAaBQMPtqRPxWyEJzWwJ04DRwv2zAedIafnoNLdVRSlrmpo1xqa4E+JTgmpWSNSnW2JY0rM6u27iw=
FLi1+8yztBTrmnRfipcf8pNPwZ4oGydAaBQMPtqRPxVcB5fk3ZyksnWcznQ4HHtT8ehfMz5CRa9Lty8ibxHWPozLfrvUjW8cCcktN/tFSd9nMjyMMiqnxHC2QWgqkZOnj5e1F8SNFJrD74e14nshVg==
FLi1+8yztBTrmnRfipcf8h3KD2zUTPV3breBrQztbZejRhPSTcmAtmoGkdiqiw5vif/yKpllo7l6bfIi2JDn57brWsTqpVuMJ50vBFqPupM=
FLi1+8yztBTrmnRfipcf8h3KD2zUTPV3breBrQztbZdpxwe/OVLUDJtc22ZdnP9+ahxhdLTCMUUjhZLzDS3o17kWFK4Cj39hSelki5AvN4z+LqB2Zw9Soi/R7i4L5RnxkJ63ky2ONAOApDGI7tBF+Q==
FLi1+8yztBTrmnRfipcf8p2pA7ZAuzcyJCnjDSXvkoPK/kwxxgmPV10o/6TXPoyqAZHYK4viNybasjbOpJ7hPP8MXtlq31Z29HJ6N83mCh8=
FLi1+8yztBTrmnRfipcf8p2pA7ZAuzcyJCnjDSXvkoOHkxXOSzCGw/jj9UMH/vPf7+PZx/jtD/WpSdoji2CYsE9YeSpt42xht7vKab2dsBnEWIRlO90KgPFPDmZ+hnmfJACFg0XCIrVq7TcI06KfJg==
FLi1+8yztBTrmnRfipcf8h+p6SA81RAOLFR1K5EQjg3PD9X4yaXsinBNct0Ht+zwesZTw6SmMeYraRu8z5ReVJqM7FcITpPyhT62rQubZC0=
FLi1+8yztBTrmnRfipcf8h+p6SA81RAOLFR1K5EQjg02mvSWFi8yawEUBjMf9rVP1eT3ijp0oDHc8wfEUK3dG+rvhNivByZwXOCEw1g63hYdLf7LUgXbPafV29SgZv0+IZANkg8ymQ4ytaCqd5vLpg==
FLi1+8yztBTrmnRfipcf8gt47J4U/hiJIpANfDTvfJra3VNf4e5wbwUeBScVHw9YhhDNZa67eRgh+TyrdVG5Er1qcvK4DEpir1HSPhLMTLPMS/ypyk4n7znEXl7CFl2Jh1L66HLAeRUh9SE5u0KL9w==
FLi1+8yztBTrmnRfipcf8gt47J4U/hiJIpANfDTvfJq5yLw1nI5+lo4z9Frch2oNsoSr6J+I4fjjt+HT5a1tC54I0j8YTg/bWk/ZIKuVGiM=
FLi1+8yztBTrmnRfipcf8upyaQ1UtFvPQnhkCFlBa58+LD5b5zRVDPSsjUB1pKxHdCPZypswdmcXYPEkx/JhBrvfOr8ubvglwFRqpG6tqws=
FLi1+8yztBTrmnRfipcf8upyaQ1UtFvPQnhkCFlBa58bpEZ3Cw89ou6KBZEHzDe77cxSAp9jXsDPzmLpEPDHFvhNBLlmEGvya99im9r7akf19ry29C45OYPQTFt9NvUjks8kPDAcFZYTMoak2Hr1bg==
FLi1+8yztBTrmnRfipcf8h1f089SRGeKA1wozgXixCmjhIMskPHqvz3JZrbxPopqYMoZzBgON4fi4KqwUQzXmkS+IDW2LifZVUHtRm9cgc8=
FLi1+8yztBTrmnRfipcf8h1f089SRGeKA1wozgXixCmLdEfccgKTtPVXiU/jAQw5pCQe2jJgTv570mpWlIdp2fQA0x4XS8CJrMuy0PvuftOETCdlUU/aBzvD+hKoER3n+vM/+DMivGoPPS5IOFTMpg==
FLi1+8yztBTrmnRfipcf8rSBkKBE4FxIKYKCva0pBCVPiandQPsPuxzOTpABQZMA26NFWTekgFydS6MH3Zc7FZoGd9uvGkU/OGVAbufAMqU=
FLi1+8yztBTrmnRfipcf8gqnANX2Uz7B/Y7ROzwisMylrFXpOtMsXDh1PCoQBzT6sSlcBP5EntrgzUaRdDwZxL21U4aXkyyfCY7QllGhBITayZCzNwO8ZxNHBAPudV4MDsZtwXp8smj1SZdfu+zHIg==
FLi1+8yztBTrmnRfipcf8kwlty13RjZGT0atY+Na1RepWfveAbViLVRt0vnjH1wNQoBFxyve5AsMerFFNJSS/aqGqu/AeY/7Y/31Hd5EJ1U=
FLi1+8yztBTrmnRfipcf8kwlty13RjZGT0atY+Na1RdXdc9C1W5m6UVOcthd3b8zs/G3MzkLKoqYphtz7PjW9LMc2qBqx1F1jsK2AXsuyzIH2QEQwiQ7H9vg2DHsm2UgPTFNGPsCE3hPgjwYphRfHA==
FLi1+8yztBTrmnRfipcf8pNs77e4r4uFl8UOd8JFYyccw0F2rlkqt+v2Q1FmmnrbRb0dF1gpHhct+BhZgrdN/0eilKReMtpaRAnLADxBV1s=
FLi1+8yztBTrmnRfipcf8pNs77e4r4uFl8UOd8JFYyeMVDvRpa/PLkjeiFmrmNQ/xaSz0JfwXcNuAL+GRTOnD0eMcZsNTclObc/QdKFwbrr0rf8Ku9uTEpcyqnXh4FrZmr4fDhmP2SDwfD6upsFLKA==
FLi1+8yztBTrmnRfipcf8mII//1rvEPJChBtVszJD8OjlzqqtYKLKtIewHRGZVvGpiH48IGq7J3vQD5wa5kQGCfzhdezyEPh2vfTyGqHUH8=
FLi1+8yztBTrmnRfipcf8mII//1rvEPJChBtVszJD8MTchpM+alXNwnUyRmRGR0DYvtOXz2ipK4rPa3P6ABnsUfQYvTslZPLvIqOlf+28LVAuG0IhiaxuO6j37aLthXU3xPjFGVKKwEE2Dn8FV3ZIA==
FLi1+8yztBTrmnRfipcf8mABvApD8hCnwx+4Uf46PqlyaH5B+oeeeD0YsdvkM7L8PEQ3NcZkjihlpbwbM4LyzqQHF/n/J3XVoAbaw+jATS+OsAEuwGq8qWrKyzhIsiY6PixhOTt8Olc0MbVfK/M2Ww==
FLi1+8yztBTrmnRfipcf8mABvApD8hCnwx+4Uf46Pqk05kfbO/GJRNGSToP/x/9QhnXKN21Sf5L9uFAhrMHLMTBtkM3Yg+LMbbKmJ5S2FgI=
FLi1+8yztBTrmnRfipcf8jTPtVFaJij0xzqIsi3qmNJpTbsaMfKioY1htAmiKzVstrwoSOHviNz9hr87KsfJloLSW3J0WUaDcZprAYLovs8=
FLi1+8yztBTrmnRfipcf8vcT0KGbTZP9vzC5bPsJrxTQ1ZBAZVMmn5JjgqL4wqvGtPHds0VAI+JP/7Gp8LakYszlzfZJoQAtwKXaExh39TZfAcldnGZqj/A097bhMgtJHxUFdx1OFb5OxZ5KiRz4zaTrna/r8kGaJ6t6kbHv+dc=
FLi1+8yztBTrmnRfipcf8vcT0KGbTZP9vzC5bPsJrxTMg025DKSJIbH1EsEuCWUwYq6ma9vdZneZPCkXEEj9ufDCV9o66gqq+CtkZKkj4fqurvYScI/tBst8wBJJGtvklqGvXywAikT2RQSmh+2A36ptVIZPW1U9QlByzfPtrd4=
FLi1+8yztBTrmnRfipcf8s3ByFvUpbgnPNOGq3RhI1zOW9PwYbZKK1hHOO8uD/KU4OfAAwLyf/OQXw2Qo/sQRf/PR1TnCxC0IrVhK/QYWb9jrWfDHr2nxKYFssLXzxjt
FLi1+8yztBTrmnRfipcf8s3ByFvUpbgnPNOGq3RhI1wJTz1zm08iTsMTth0UcDluU1J3klCy3yxnhlAaEUS/0keRKucpAUHdplhMae1fJM8=
FLi1+8yztBTrmnRfipcf8lAH7j2RZyN2mwHHmwRk6VTNFNt/NNXq4XTT7BtOMOcNkyPgvAkzRSukgSbU4banyhawgMwYH2VMZfe3h5/2E0Nby3W6l12mMumza83aYd6h7t1uze+QccXt4HSe349HHw==
FLi1+8yztBTrmnRfipcf8iN9Wn9FNRvAmPvbY7Y90B/6KinUkX7b1Suuwff0X2HAQ6O7Qt1Swb7SFc+k37mA3Sqhc1wdLUQyQ1lvhhOolap4WVhnXFq4NGOHXRk2mkBG
FLi1+8yztBTrmnRfipcf8gsiQaf0QKEqHDNBlKZ/BIk9xouMXLD1iQW9qHGygEUNBGk0neqgtSg5Wh3oLR6MZgdGYh4dv7fv7vkJHQGaj8w=
FLi1+8yztBTrmnRfipcf8qLI5G+t/Hv8zshOnEsnOMlGyvIrmlqPRTaKEWGxky3/W0H27wF4kIHokCHegj+hOXp8WN4snPYxTNajmeR2B3U=
FLi1+8yztBTrmnRfipcf8qLI5G+t/Hv8zshOnEsnOMll0fe4J25H/nU8LDoOMHgRm2F9fHrf3WyyzyTQYcbrrVkrzQTaWqidLHEgq0yNHcxa/C61cA+v6V9NjCthoT28xSCEOU1t3ODXJfKdfvsKAQ==
FLi1+8yztBTrmnRfipcf8sGuAxgajh/VKIqLyZ2AOJH4OpCwIb97Aqt2u4PqRRaE0VHDQGOgsOS+fTuXjBLFMu0Euc+mXElfWkYMwtL8s2g=
FLi1+8yztBTrmnRfipcf8sGuAxgajh/VKIqLyZ2AOJH4OC4u3v8xnCFa9nXuxRmWYDYNeDzOVGtUIzii24RibBS73AMu4s5mevZkciRPDH70PYDBV2GNNHMNujuvcte6buq3G/Oon8c1WaZus0SlbQ==
FLi1+8yztBTrmnRfipcf8rTqXjv88gTLZN6l3MxU3DtWetlhfwunOyB6LH+7XxItNw/TziRqzfSHmB743pO0S1n6VtitQYnoAcq4cIZOaWQ=
FLi1+8yztBTrmnRfipcf8jSTcEiDvrbgBnYxPS7ARyrMQuklXQ+4H1wS/i8VcQG79Tb0XTw+GmCxXSosJJnDg9FO9X0BYie64nAcAkCVzT0vw0sNOU0IVe8RZ4ZPFyuxGZbFYCo5J8zwcIA3RjFG/g==
FLi1+8yztBTrmnRfipcf8uUrQitgceEPvvOJuJ3A0LaQWIFgiw+eqQLOu7j97rtd9g51D+sI3Y5npIMVqB95rjfuQQFn3gd+2ZgUTA28HMPj7givZvqZcTejiPSJNIgRFlb5GZ/nWPE6v3ASZWA5Mg==
FLi1+8yztBTrmnRfipcf8p+0RitJDSItW7pxiqvPQEhVMPmmW/YVgdVuoDx94PZcFWX00rTmMg5QS4mK+nsRAGhc+xsCFToyQ3GcGHUvuEQ=
FLi1+8yztBTrmnRfipcf8t2eWYqLGTneFGl/pemkEHq25uPnPXD2DVdygAGN+0b+YJOiYfqeM6Dh1cTNtmou2b3gGS+ATnJka4XYGeUAVys=
FLi1+8yztBTrmnRfipcf8t2eWYqLGTneFGl/pemkEHrfR8DyY3KAuK72OIiL9ikrFAICEELP3zSH9TooimCugS/XUJEmGieLhMJoHS4H64Urc1PDP52rOn/5+lAn8zC09PXGGFo7lyDU6oxXM1gr+Q==
FLi1+8yztBTrmnRfipcf8vPi/5AJjzIlAYQJYHEH1obaClZYcFIFEmaZDaF3v9jKQvPqxXt7SuDA3NJSt2Z853XDd6IxN00u3v1M0Xtf0QE=
FLi1+8yztBTrmnRfipcf8vPi/5AJjzIlAYQJYHEH1oZ7hm5YCBY9JgzzQ+WGuqzCQbPtyr5iZCYVOEY4YXohHb2Qy+7jXE5zpaOG+EQv5ttr3/w4xy3PASg01Gf1WdqQT0pjqkuodvqmR60csYGRqg==
FLi1+8yztBTrmnRfipcf8r/zJ5tVCCvMZjm0szheteURLijae3pWfI2Z78f0JIbL6JK1nyH1MFSaXM+QWYO5ZOPWxUMKV0o3IlpzxWZ9ifeTIMsL3zEGcwF+p+U/TWOdheh2ReyLrIvYz1mSZjZMzQ==
FLi1+8yztBTrmnRfipcf8hSw4oeR9aiNn95S/JYBBNb38vhHMFMA//EWGvO0Q3T/f2G/643X4LH97ZJHrkZGlgfcokPVlUn/Vpi8+ny4dyc=
FLi1+8yztBTrmnRfipcf8g+ymbmjHQwwku02eXSk4pK0AxVwHcD3AiA3DqmOkNpWnMTPPp5azpacJIA96GNjOBkdh2hUoxI7RhTstiAhM88=
FLi1+8yztBTrmnRfipcf8g+ymbmjHQwwku02eXSk4pJROWJp2WfZZfbhJYs7kw36jy2TxjK6qqt3c0VLroYyuMz3VAdQ3NKAPyEQ2ux5mf6455rOEgRYl8/NV6oXWGQC6zasUOKps7QC8Hz3F7FOeg==
FLi1+8yztBTrmnRfipcf8o4FSp1S5Y1nC/AmxP+l6UiMh2Ye/sZBgu28klApUyk3F8bTMhqRU9pE1l4g1wZrUaSkK90xTpDMmrxPAa3xeBI=
FLi1+8yztBTrmnRfipcf8o4FSp1S5Y1nC/AmxP+l6UgSWgqBqeFbMRD7Ti2SN/kRh6Z2Vom/Ly46K4X0Hv9VMk84Re2q7CQdZzKqaSiW054OhkodYkjwkjZfchFyCCxzgCCqms8uV7o3Q4+T1elIIA==
FLi1+8yztBTrmnRfipcf8ggdcxR/d0Zf3+dc+eVU4KsHPrT2kazqHFaxoonor1hn4utPH8+JyvZUbk2+UJS3IxDCUIUuyv/IZFH4sw2mmlg=
FLi1+8yztBTrmnRfipcf8ggdcxR/d0Zf3+dc+eVU4Kum68QK9YZGUJTFS0l+6cwwEgC8jrfyO4WUVfsMGWMn6btoVd638bmpR1SmpxrczFygFzflj1llilZR11BrdekAMWYn7VAgl3L3+2wVCxBaTA==
FLi1+8yztBTrmnRfipcf8qUrEBWi3lLS0oYMGb7R8bW0mm5NfKpCNcC4FNmmKBWIzUaIqKDrp/9+GfVmduymVDNEW5oNXkD2Dh/0a3e0yck=
FLi1+8yztBTrmnRfipcf8qUrEBWi3lLS0oYMGb7R8bWirRyJYw5gZmYtk1HyanBZl28OfC6suFemxdpbzQ6EUtmXnFXB4Ty3p+aHL+ADiRluzdc7jGNIPjxskjAhzC/Pj91hSsttsDm83kFGHgGiFg==
FLi1+8yztBTrmnRfipcf8okepu5Tz4etlHrcK8qyvMb9gIvGFPg90kPy7MkwKOrVphtnhoTA9KF0CUmvFJq9yDaOhYD/Rwwumsn9EQ2+owQ=
FLi1+8yztBTrmnRfipcf8okepu5Tz4etlHrcK8qyvMah5+p/EcdPRAu/lJi9if4alEdJdypmSvm25pRgIGwsEAclWzYg267vxEAhrCbnhsvDccqLI/BrHTsE2DenbgKz3bI6N3ju0PdAIfmoG3M8zA==
FLi1+8yztBTrmnRfipcf8gAg/5G/oY4UIvAeScd5ui7OVoKmufzn4p5WUlSg1cxD51f/W43FKt3KdeYbU4hSZeu4ZmAvc5cwr64zzYmDAuE=
FLi1+8yztBTrmnRfipcf8j85IJUljYqfOq56SaNGNXsZcXwGGcSyDQDg4UVofg3iGVbRLo1mMuudFj5WC7JrKnjf2K2MdHdwG69nudu1BA1MBUvnNe7YsNTxcpheex8Dnmw/gQytH9ciDH/iwbmJDA==
FLi1+8yztBTrmnRfipcf8gE3FgAldeLkDp2fu0Td/voBJbR5Pxvamqi2E2wClHusBVWctgQzJkZoyy/wzxmgXefVhcsg+N1g1vhPA9vEe1g=
FLi1+8yztBTrmnRfipcf8qQ6ML8DptB+mXA0Iq3ZhKxNNSem5VkfkCpZe+VKNtHq/My1k3qQ0fyiwMzedsd0La+s6GmmVx1p1ktY1FzvI+zTEMRU3dU277WYyT4mDfufshfTHUTOoxIc46cGKRfJYA==
FLi1+8yztBTrmnRfipcf8ujEzOGe/LY9LPQhfF58D+iqDh1lltJ/hjeApxVUxLk334A99l6HE7bPv+4g1sptJn6rZ+u0GoBVXrDK9hL3a1A=
FLi1+8yztBTrmnRfipcf8nWVlVAKc6nS9gRVF5Vm4gDWUIgCiMnzNpdO0OGxvtRPANBPn3WTH0Fl6HkZ6f1OapmmB8kkT/RkImC+0YTwcN9V0sL3+yiY2X0PKGibbs5I5IRDQohKFYzHjiFT7OV8/Q==
FLi1+8yztBTrmnRfipcf8uk90ax0LwfSFfsAKq2xXNFAnY1YqIHIQ8vxr3AsNtqoX9f4yATXrGZWto6b6MbOz1wn6i52Z0q2B/cBXPE4kx9d7hiLbZ/ZV2DkK4cgdihE/h6HbTbvg+tXG41ajJOmPg==
FLi1+8yztBTrmnRfipcf8kjzgp/VDEIxX2N4pHF6Whp0emAuJhNXfvbEKwAwu4+7DYkrhKjosMNI/xW7U+2evVrbIX8v0TpozEE/djTSu5k=
FLi1+8yztBTrmnRfipcf8vyasd4YIMu4An/Bie6feHx60CqJshJ82Af6qRet0/WGtsKfkXHATIgurGXXHrg2wuEe43n4LJgQmlFzQ9KY8vY=
FLi1+8yztBTrmnRfipcf8vyasd4YIMu4An/Bie6feHxjSZXLTtW0Ocg8cLyihFOFcNwRxbcE4AQxp1lM0PdFJ6q6PGpERIGKxYq5Mg7AW2HJUVdzgLisOtN3McaJ8cGBpdqE3Xz7leavgCkpk2d6rQ==
FLi1+8yztBTrmnRfipcf8r/CFprr1lGHqYSqmiglPHQODU+qHbSLZkMChb7ic/CMkVM+pjGm931W3QikBAH7oAovtKGGGoD4VcH0P+ZVI1o=
FLi1+8yztBTrmnRfipcf8r/CFprr1lGHqYSqmiglPHTpfS+LKpmHH2kI1LnS4vZv4id1L2L9voCgn8iaZjvdG859/b+G+z0KsWHJiXyjmD+cQpFtj7HeFvmnHaZ5KfbaTzM4nPUpqKT4jpm7oC+FyQ==
FLi1+8yztBTrmnRfipcf8gwktRxuDgReUTzchjMcZs1AOegFoO0R/di2tLAMouKpW6wq+6ChNFRRPHmtQtier6cuLXKUKNQaRyYv+Tv6lwU=
FLi1+8yztBTrmnRfipcf8gwktRxuDgReUTzchjMcZs0hfm8qo8dpoS0vg59+OTzhCIMxkp7eietwh4tkbiG7j+fqbjOaNe9l+s+Juln+Pg5dMwT+qeIYbn+vFxUINaY4DTntTlmwZD5F3sfmOYMkwQ==
FLi1+8yztBTrmnRfipcf8jjvAah4pWJCsjYdKA2wEstekqzuj5/qFI0Yg3B6Y9Mnglx6KqL49CGecNYjb/IcORvoCuRS8miF5OLzXt4EpjQ=
FLi1+8yztBTrmnRfipcf8jjvAah4pWJCsjYdKA2wEsvQF4KzKiWU4iOx2bP0T7GG4zH9u09i5SWUQbm0udBJHoNBkRkuYjN0A+tuiq4JUcdT0Zu0m9+YtE8UNXw6D2pUApeTzUs2Fo+iP4Q0pAehSQ==
FLi1+8yztBTrmnRfipcf8jB+vGKA7XZgROz/vErwmo70Jkw8dXdIYGhYHz1dkE8GxthhNwZ/LoQ9tLtudewzxdfpqI3vnMiw2sP8GOvkVes=
FLi1+8yztBTrmnRfipcf8jB+vGKA7XZgROz/vErwmo4TNBSOnkhEqTFq0ezgf4S+oviH/WvbbXeN3BDRGuuUvoS799GPT/FOuPSy/u7TeLLAJfnLpG7rtuWq4lNhGblopJSKOQXms0opnFf2TRBNjg==
FLi1+8yztBTrmnRfipcf8oF5+Wq9wEjj/fDLDPH/Fjnd6f7l2btVHPPGgibrPqqhehRJaiNANouz2vtFZ+uLhZFW2wsQ+PMPXzARCqzNBDE=
FLi1+8yztBTrmnRfipcf8oF5+Wq9wEjj/fDLDPH/FjnYKVWeOm3Jv+0Te8nQJQfjZzogvV1xIz3Xoap4xiEd8hw7I8nL7osCnFZPOyPppES7bI9Xw7UICPph4ZCqg9MkDtuSAYCusOBClsvK8X8Qiw==
FLi1+8yztBTrmnRfipcf8vK0o1X59OGPMvbCFxjcVqqZgeN8WqUBubaJQSGbU43n65+ZtYLyX9+1oHuIRiLDJwXJt6eeMJpH6v2n/MMMAM0=
FLi1+8yztBTrmnRfipcf8vK0o1X59OGPMvbCFxjcVqqcTFcRedngRpmCMcnmTqK3Q8atRfsYJP/BYdK8rZMoSKV0LGcvmJV/JQDm3gf3jjrFhZbaKzq7xfNNmKCqjg7rkEP+nZ2AP0OZazDV/T0jPQ==
FLi1+8yztBTrmnRfipcf8k5otucTxI+jWsvTWsDELNQ8KSTxN9sNYd5XCnWQ8PGAWeLZ55za2YYwigfnAJoLb0wu0ETYlqFoeADEz42PDpw=
FLi1+8yztBTrmnRfipcf8k5otucTxI+jWsvTWsDELNS7/EqLHAWQzxmWyYoUjKDyBffXJ618c4SnaXtSLfhlqJz2+mjJuq3BSVqckhIxmGPtWJJJoyPnfWo1UqFFkHaBdndz9Zm4GT+APPwQ/WcOgA==
FLi1+8yztBTrmnRfipcf8ozqBRcaR2oEmmDaCHslvjkevbBxvZcA2vG7tC0Js4PZivM/KhMXWbQ1fQ/7CQoorCnc7cGXv9aAUZTO5A0VWMA=
FLi1+8yztBTrmnRfipcf8ozqBRcaR2oEmmDaCHslvjkAH/I4QbJmt8cWz1GSDh63vXR0gtgIT2znHhen2HG1ExMSkMChxJHWZAGyVcRQVUwguC9aq8eLbZJlHdHnP5uk8qfaF/oiKvOWCx9ZrgQ5Dg==
FLi1+8yztBTrmnRfipcf8pPZLovf+QNbc0O3gscMmgyaskaVbUvNqKlbhzih6KGQMahxFL6vCX9TzN4V7LJhAaLIuKzqu4e8i5biInUMnt0=
FLi1+8yztBTrmnRfipcf8icxqYbMW9Rv32Wse2uZWV6CzWFCioHIh6UO3f7cD0n47f0gHI113KzBKuesTDqaPLC8RPLSEFVwASZert41sP2bQGmJFHD5hyixif2G3NantFIq9rgiM2u7oCe205QUysoLSm6aRIkc9o+vmAPWmdw=
FLi1+8yztBTrmnRfipcf8icxqYbMW9Rv32Wse2uZWV6sFCPpANDcbVWZX99p3mcVF8ufs+FlPP6DFUZrQSJjXlsCzmStIP1Od+aACniEUHftAs63LQTWgPCLBFpr0aAJdeX8+Bx1vgyIaOxRGVfdppeCPIA/azrZQyHNxRRWn1E=
FLi1+8yztBTrmnRfipcf8qfGWYILi+6AnSaX9CFy+1sGrpbd83N0wOq/p/vaQQYMZZn8MzRdqMKHiuzfyvPPBUvvnHWUXfCbNKFlS7FfB+GBN6NzvqXNIYIUD/bn/bbf
FLi1+8yztBTrmnRfipcf8pqDmijdGk4EawydWnlmERpDjurQSb7xbaNpA1p8Jljd2lRUrzX0Psl+wrrrVGsNSCAzvZwMGwb4p9Li2aZvsYvyEJ5tS7yg5PFlau5R3TWyRFfrr/FwsmeraQTcoYGpxw==
FLi1+8yztBTrmnRfipcf8pqDmijdGk4EawydWnlmERqMd9HXUr3cVRGH2hzln3JB7QOjyvGeP3co4k4ZEkuanvJVrXwvehRl+DKOgDQz5I4=
FLi1+8yztBTrmnRfipcf8pBACJYV9NaFJjUGPFb9g3LbrnceytHyvd1ZmldInpWGYBqUUU0gG0pgtwfrT0YIOvJfAR1ZP4+pPB6ypZGUuac=
FLi1+8yztBTrmnRfipcf8pBACJYV9NaFJjUGPFb9g3LrHAdmUvEad7pJPVjqqCVz/D6oRsIBzE22chHGfAl+l4vMnZ3Km11eE91xqzCizr0JjECJZM2h/XgBHtsOJARa
FLi1+8yztBTrmnRfipcf8u19mofvcy0g/KUo0J83Ty81IBxsl6RGT+JmwL+t1rKxUAu/U7glXnhc8GZcEgVxLN8luB/i3Fqrwlc55vri8HA=
FLi1+8yztBTrmnRfipcf8u19mofvcy0g/KUo0J83Ty/t5AnE8MjzWYAo3nFmPJUCFstrT5nTHhLI66vKg+05Nn90dmu5OKHH6Xrappes7MJx/N6gH/F4X+BLPE2tGTkV99cRMNfyQwQtrr+1DvwmGg==
FLi1+8yztBTrmnRfipcf8sK0zwnm9dFMiEyJsNeC+WjA7koBb4+lqbTpe5ic4fhmLRA8BO2CSsocKiThfKygnWr9ImFymV3qQKjGFEx6CY8=
FLi1+8yztBTrmnRfipcf8sK0zwnm9dFMiEyJsNeC+WjKhx6kA+oT6PYwxjHSUyF9UOlXD9/EJoed/OcsIsnCrbrA7J8+2wLgkpQwpecWqIKMc2UWwn8ZmNGihH/+8OrqQQhxzEKJkoTxy+7M8H9qvQ==
FLi1+8yztBTrmnRfipcf8mulKxw6VfaQHdz1OnFskJA4kJ+SkhqmTsNrOIGg/qNs2IutTnNNMUg6ZR/6DG2eZb72R9mAMvr9EBr/65Dsgzk=
FLi1+8yztBTrmnRfipcf8mulKxw6VfaQHdz1OnFskJDYGCq4BRlgf+v01dXUGxFO2bqdtsn9aw0QStuGzKAKZMkcCI2oJqkgbcudiiN4rfheyQHKz4lZa272GaTi9JXtgAaDoajZ151YLfo5NwYq7Q==
FLi1+8yztBTrmnRfipcf8jr8P8UMTkhHyzWCZiC0E/C7iGirgdxQ0qDy+JS8tb9qHU/AeGohG6EcWoLLC5wpjWvptRaOyIcpHolQTTBWijeiL9/HzKB1B53Za2vbInf52JUeaKOh6agGe/iBT3lHhA==
FLi1+8yztBTrmnRfipcf8gMrgB7dhgC4Q3Murm6dlBqK06ZaopnG5HTqqUVJw2ejjeAJbUvfirGLWf1o5Ndp/xpnCIOjpaak3mX6jz0Xm1g=
FLi1+8yztBTrmnRfipcf8qE18xfJ4vFfKvQLMuDV9555xbi3kVetlIlJt9poYxXeqzfLKABxEOMX19D3sf0RQFolcSRVURIIeKyk2SyMi3o=
FLi1+8yztBTrmnRfipcf8qE18xfJ4vFfKvQLMuDV955fKiIC1F7p7UKK4gZL6sqE1M5FSrDuClSlpKw/MdhhKIEcArGOshZa7HRd/Vme3lx6O7rVkxshK9lXRs1xLEfIEFtCJ6F8WvtumPh/v+r7uA==
FLi1+8yztBTrmnRfipcf8s/OmOgIi39hnVWdoCwdL6fljHDS/S+eZ1JwN/9UhblcsWfHzfJ4K2+m5ReFFUTMN3uruo2OSrTQ3RHjSPgG2FE=
FLi1+8yztBTrmnRfipcf8s/OmOgIi39hnVWdoCwdL6frjyKk7ZxYpEnBvhgp605mxnyntpfd+jNaWsEPhWlG4LZjw5Q3PhmrnrdOK1RY76ApkA9dRC0YK04w0VZsPx79F0BM+L6YT92xzd0c85oP4Q==
FLi1+8yztBTrmnRfipcf8uY802AhuTyPICFnTLTiguYjoyyra+ymJyPBPH9DeBETMFGH3O2/kl1LJIurpYf9uTJ9RECPnCJF7tNYIZ49Df5MT327WVLgzaGx57TgjC1PMqtDiVXARuzEvnj/r6C7WQ==
FLi1+8yztBTrmnRfipcf8uY802AhuTyPICFnTLTigubrNoQeeDrLsG9I54gKOoWEhV+RPjGqiKRUi1kPFSbic0Zr63dB1o3wnAfs3UFYRp0=
FLi1+8yztBTrmnRfipcf8l5g+MHWCvGfdwAig1/pTjMNx4RG8GgZFdRU3jV+rrcWbUH3dVndYeYirsXDhz68T6QjEW02fD9WOfBKYLi+Plg=
FLi1+8yztBTrmnRfipcf8l5g+MHWCvGfdwAig1/pTjNbWvRZqYZTfSUlqCxot243dSNn+H2ISbU58VJuMUl/TuGFiNmYrB7ZrNTjZBJ6CLWexpMCtLpMNF8Gk97KBf9QGRtZEF7HJ/kvPQ0u4KY+ew==
FLi1+8yztBTrmnRfipcf8ioESAtFUQFLqnXXKyeiHUTxh/AR2XZCCusxCzvjPloloE9tzcM22S8AElM9QLLu0Xj7vtKUf18wjJzoWaoOZcQ=
FLi1+8yztBTrmnRfipcf8ioESAtFUQFLqnXXKyeiHUTZO+m1vi8d5d72STF7VibJRC2KGJrNQanCDj2I7RoYnzwRxKGeuT23/AWN5ut/xj0h1XCHBGEtyqsWShqneOPRaNHoJUCCrJ5D4clMdoR5vQ==
FLi1+8yztBTrmnRfipcf8ih96HndLm7zAgkdcDFh8h9esq1Oxt/aaH8Yh82RmtxsiMWz1CAfW4LczeU3E6820daq8g2cZeKK0zk6BdHULkr/sgRxCM+wQMlciw5VWPVqjsnjlYgkMfElZ5cs58C+jw==
FLi1+8yztBTrmnRfipcf8ih96HndLm7zAgkdcDFh8h8tm/R4fL17Ge2djKete5fiIrKrvLhDO+vGmlvkF/oRZrH4af2RSujwzRScwU9QyOA=
FLi1+8yztBTrmnRfipcf8lC2TGzM95uHc1t4smHSzXvxYJ56AYCRr/PoRuYMizYWuMDpDnlkEiM8tlckAdiRYXxCTfyHSmRIXeC2y+1e3HhgMNeJ5Cwd4ZiRRGEZHKXDDrShOzsJlKCZSenUx1vnyQ==
FLi1+8yztBTrmnRfipcf8uQMfx5RxvdxaZ7pd5jyhbdX5eKH/ECwB17xGpl4joyimKLf+J4kjagueCmI1rjbZzFHwcxnYA/iCv0u4Vpp6nY=
FLi1+8yztBTrmnRfipcf8pXLi6kmhqGwcs2b5zv+tKjl7W5YTpCMx4/+7NHMwCggrDaQ5S9PSiOVXqYPS2Ly3apS4TOVIItO+bLeOXuPlNY=
FLi1+8yztBTrmnRfipcf8pXLi6kmhqGwcs2b5zv+tKh73PCqD9E9S1JORyRjE2NaYZ/1VcGo+H1HYOZ2IQ4NogCcSRAB4utmS62R0hA6tjxovCVGeT+6du2DXDsQ8WSgZxBlWlIRyydW9qR2+KiGhg==
FLi1+8yztBTrmnRfipcf8q9l1FnQv2OCzqis+SLl+aiF4MUX5kGST2pwFFIdoseBkqf6to4Q3/qIaw+ze7lMiRHJzBaN+t8tKXyUGcwhs44=
FLi1+8yztBTrmnRfipcf8q9l1FnQv2OCzqis+SLl+ajIVaEoikut0kqRQowX5/ZRxSmHxpeYaNgNdTXN7tZ2YpXVUZj7iObJV4KaXFxjge9gkMeI4wzhu3EiWhEuEk4nq8UsX8BaXdxV+UOzxReI+A==
FLi1+8yztBTrmnRfipcf8hOxpIdgNTxujC1diCEmMJcgAcRU5TZKzk7hweNrBh4BHZibmrupw/jWlq3sWyOjQT5VwKjxBcLTs94lveBrQh/oLLWDDZQGPaBK3nCvxPQy3fMnixq/MJuSdM1tNhLAog==
FLi1+8yztBTrmnRfipcf8hOxpIdgNTxujC1diCEmMJc2oKwtCZnKYtRB1Y+zQ5uzuK1GOAVysR5PIeHeEDno7IrntnVCIFLCMonuvS40g6w=
FLi1+8yztBTrmnRfipcf8koPNrb5pR2985etrlyw9k93Oa/XI7Q80G2mjWi+Cr12G0ps8YyHPjvgrQvci8r6YTuEoUsdw1rYrOp4WFYOzF4=
FLi1+8yztBTrmnRfipcf8jAotI+Y154T3BvYtMr8IHY1PubSox+rkDxL9sBTPVlqyEcT+7nOJWLKw6N1pc3nglt0gJvBTYSgut6Jbvl9Q6yGHsfwtTH4pQDFQv0vm25dR8bbt39K/P9OotvK2Wk8uw==
FLi1+8yztBTrmnRfipcf8iUv22mKZ09jDQhGYswjfV5PJ3EmqzuSpfUXhV9dQ2+q0fU2qev5qP0j410yMkemn6djPboMicmESD9+leT3vr+REl322E7Ew06qR0VwVjzZHt0TszSvlKjt101DXjAkag==
FLi1+8yztBTrmnRfipcf8iUv22mKZ09jDQhGYswjfV7lFJEz7BZeR83BI5mlfPvg6lNcbOITTEKPkyPMRwvkvgUZ4VX9UKJk5MIEAZzCj9U=
FLi1+8yztBTrmnRfipcf8rwiAs7tB6cEbCvXZARPRz74ULV5T2ub/QMUtIGDTI++S5rr3aRgYxLZWIFw0If0ZQC+lzdtMRzoAh51U7ypyqoKY+E6YaJKcQGVs3466iBf7kBDtIZmHw06nFJnDk/cUA==
FLi1+8yztBTrmnRfipcf8hnVE9hr0ugbP9LhJogkqM7hzoQd30EUeZcVkoj0FxQr/QNcqCnCnVs06kwwO80xBZy28gWJvPBKOl0vINt4rDM=
FLi1+8yztBTrmnRfipcf8pebHBWIXv2uPEMKcf7myyVtc5rHhow3fj4pEaHQwW7IiBrX57+qit3MtBQ+7UNGmyXWxh2Szobu2txOb7A0sPc=
FLi1+8yztBTrmnRfipcf8pwbJaCg4f+9rNk7hRtztX5daHT7kAiyTdXAehGpFqR+iw3mabOifkzjVn2JVPM292witZ/rlWJD4oQlLxQp5JfgS4mw6hJ1rAt8cFUm0aQsulzu41AbSaO2LA5ugC9ijg==
FLi1+8yztBTrmnRfipcf8h5qUzZydL251fOz7HlZXgJc9iyP2OWgrdT3P5wwQ1nup/3/4Moh1f/FkfGVbHG9EklTUo9gfZlyLbvxBwi+daFl3jgqeGBshgXCCgABhFvOM5CCFkCuIkIcWOrolyQSYQ==
FLi1+8yztBTrmnRfipcf8h5qUzZydL251fOz7HlZXgLZSaVjln8DFcocfauQuSwtaB8DUVXKvCGZTIQUUFIOr+OTi9G+MNT8Dw9ibihPEhM=
FLi1+8yztBTrmnRfipcf8s6/dXQzxbi9cvrs/a1xTUCVVC/WiGMoT9ck2FfSFvDu+Y2VdMKIVZYRmj30v2Dg9JdPqonGxPWXrabrMQVPpDc=
FLi1+8yztBTrmnRfipcf8s6/dXQzxbi9cvrs/a1xTUCzCdetLUqtdD3vJ/UbA4rMYfa4ttIfM70Nt+YHenBHRJOB1hVjDT2nd1RiQyZgv+6cztcM8Xz8hlX/x6keVe9ARUaYvmTePvXkRjAaK60pgw==
FLi1+8yztBTrmnRfipcf8qNg9NprKtGMMIFyRCwINhjccMq2q50TovVt9ZQgJPrfOxh9mgfhvMYnk8u4eGTqS4ww+IIW6C4M5uHlsClPVho=
FLi1+8yztBTrmnRfipcf8qNg9NprKtGMMIFyRCwINhhnsysCog5xAalac0XvkL/j8kw7hslb3RstMzXPuOHAKH3R8gELVto8DHVOsWmfoqgFhvJ51MczTIBuYS8ZO3Sm6VK1kFbSAVo2ig7MYh6ZTw==
FLi1+8yztBTrmnRfipcf8uoR7Yi7sS5v79nfmJyvN8sS91LZSP/hKu9D580O1bwHBi1ZncTM2QtaAVNd0KMVpS/2zdwdkHDdOCJ4SIASdZE=
FLi1+8yztBTrmnRfipcf8uoR7Yi7sS5v79nfmJyvN8vxiBb3z/TsnwKQuiQ0dmIHhyZKq3HGXPgS0x5FzzDBaz/MUGztY88i63AgJLN3iJcuf8suNZroZyXB0jSX3uT+S3NXnjYyxFuGQPEBN83yxQ==
FLi1+8yztBTrmnRfipcf8nQP9sbxWFTfEWTggYj42rVrtrm3a40/DGz+eubiB2vrFPomOsfmhFJfyy69yVhmAID2V1GD78xNQ/QqNrXoZVk=
FLi1+8yztBTrmnRfipcf8nTw5GUdXUZIHFIabnL5tWYYgCnqmMZi2YT3v51CvXVm7BbbqwJsDLJnwD7Xx3SOO63O5RzW8lOZf5mOtMt5BuQAZkHBpFVkYcWW8PFBTeu/4SSQxpiTqQWNapAeo8bxXw==
FLi1+8yztBTrmnRfipcf8gvDf6VxLnRuiHuKR7NP3kahMORDIM5Kjz5z4HNzAjN8p0tKiu0+55r59hrrneWvf8aNxZMEEh4iVxI6i+q/lLA=
FLi1+8yztBTrmnRfipcf8gvDf6VxLnRuiHuKR7NP3ka86K/J/+ykkfZ3ENRmrFATPlEOAIQ8czxxvOPmDI23se6pnIVRWAyT1534LzWRJAMUuxFpQDN7jICpTC1KNNDP2OezOpydk5vszrbDix4UPw==
FLi1+8yztBTrmnRfipcf8qswze74wZKhbSA8DrLSFLzei8BdCGYCJ7/+Vo90XdhcXO8iEF2gDxU5APNiLxeFMsqttd4mPfyC5s9gsIubElDwwv0Tdq7VFKMz2+SXyiqL2j+2mClcKTOw7fRTbYC4vA==
FLi1+8yztBTrmnRfipcf8qswze74wZKhbSA8DrLSFLy6WM5cHXM3jAfT85VTDAF9uY4AwCBo/pu2Fb0tA48NAHluc4JZ0tVD5OdBIt+bfEs=
FLi1+8yztBTrmnRfipcf8jziItjOmCxZ8HQD4Xa8Hwapx/XS3uFGbvjp7y9upJfEhhX/ezPE6elsdgoPf5trlgfY4fdAwP52XzCHfu1PhUY=
FLi1+8yztBTrmnRfipcf8jziItjOmCxZ8HQD4Xa8HwbVX6mO0i6fHlEetSJzxLkoAs+7SrnfEtjlEnRLrVLeTw1c+H+GGBN0O+tdoruq8tTwykM5mrBg5FyIMW0hTueyQHyePiqTn1/Bqf97Wmhlwg==
FLi1+8yztBTrmnRfipcf8tQU5nh/AGLp0G5Qjm1I0tx0MBT8taAcC0Hr5BrMXyPjRnEm7xVC5VQotwRSxbnC+57ILOfOmoXGf2P23Hm7TOkuIRjVgSs6l1/jkiJeKulr01YUSTLddMMiMvoUHUWYZg==
FLi1+8yztBTrmnRfipcf8tQU5nh/AGLp0G5Qjm1I0tz1aXLpSXlE3Nj7wmi2VPEbYE8EJTltikGCTinud9vBw2Zm2gydfPcQoK5c3CLdIRA=
FLi1+8yztBTrmnRfipcf8iFXNcPdu39Tw/PlPrTcLmueipIBLRPWvKwFWZZs69OIUNrs4cuPrd4YPLfiQuNMq2H1jtrXuE5my33Ad/SnBEI=
FLi1+8yztBTrmnRfipcf8iFXNcPdu39Tw/PlPrTcLms9UYi4x7ihjD8WgwGL45AlQTWNY5HxCZG3ogZIgxyD54tH/3ClOR3j1lH9NmbNtiRqfaeineqczIEZeX5D0hZ4FiG7kW18EYquJeY61CjI7g==
FLi1+8yztBTrmnRfipcf8hOhy4kcAwgSUgkOX6zhy2gqg9DoOxhHwE90yBdcl2lviGocWl4u6BNkdkf6g9M3onpO/gGtA+AMKpTyf+h0re8=
FLi1+8yztBTrmnRfipcf8hOhy4kcAwgSUgkOX6zhy2jTXlOhck4JrN+RbkGtU8E98iQLqv0hDn7Y2Uv1JB6chS7IggXk5W9UGogGZI8WDHKkVfNPkIddgWbhSPh5rphH799u0JhS2NxTA0xD9dObxw==
FLi1+8yztBTrmnRfipcf8rMBjcJMN96AzFgGU/jg/UjX1WNCk/KQh+btQLsv81iMOwfFvegUI/2JQWdKHquEiPMw3RZ8uhSappF95Vcygc8=
FLi1+8yztBTrmnRfipcf8rMBjcJMN96AzFgGU/jg/UixGVmgdIsWX+P2SsoR7RE3WhvBKvTnalgYdueFudqH1zigAMZKk+Hkpic0K1uSj/0DGdojVBBxDoJODUXm548k5hveuHUmddpYKz8r7jr57w==
FLi1+8yztBTrmnRfipcf8vWbOU96S1PeljwLtqB3ATYPUI2y7qupEw/SEmTytWp5jRh0EJgC8u8gaB+cHBsNuYwJCG9BdywqaM2lqmijzI1qMcB2Ih4tyv0/4EdAZtyGDKYGhGsSj7SxSEhSrnKn5Q==
FLi1+8yztBTrmnRfipcf8vWbOU96S1PeljwLtqB3ATZY7TEXKNfoatrvkNIW3ljNR6OPMXcq/GGRdUbjaigCoNacDafPhHKmlpCqNQSEmcQ=
FLi1+8yztBTrmnRfipcf8tz/ZsWVG6aGggPP4zdLhfz00Km5M7/CDIom/QU2j/XNbOPyV39/7cLVHBsp8VLbUsp7YFUrB70kRJIcuFn7aYc=
FLi1+8yztBTrmnRfipcf8tgt6WD+5dQpYwvR5L254HoUYWSjpAY/44/FgN6ilvjYe/EcVJnuNAIbEVjNFgI6iU9zmgQ/zIvTSlrHXsxFJ8GazqGC/XfixHs3Kqb8snp9jNgNNZaeGz1afUdsRxi0PA==
FLi1+8yztBTrmnRfipcf8hHvqIxmOtPHcKp6dZwRt8VLdQss9LjiRTAafYwPQpkvA34PJzwZTc6gO3uw2ICIMmZd3dEzXwrsB1J2UvPiHzU=
FLi1+8yztBTrmnRfipcf8jHlgBgpQIe8xzZSj4qxLqMtE1f67a3zG+ha9UyWeBxL34QNhmY6HMGiO70GBzG9yFZzNmxKPuHHQUqivWKEyvjkDAgQJPCGojf4fTQkkpCuM/FnHvsty2ElD57Lgn+j528a7P31ZOCshNTXpCSwjXc=
FLi1+8yztBTrmnRfipcf8lShG7esQvuefy+6OjIKwbxAXYUxvgFMEWLvkeGGC1Z3XKeBdmWXlcdcotTEWzLFeX6tImSAJxKHQFKUPS8Neok=
