GmcONIA9PFzHw1gpPLLPoqev3ytAH5KO3S/CJpMsylg=
35kyjVfwBJgytCi6KM5Vug==
FNt9orFfFSbPIXNSbXcP2Q==
gE2g7VQeqq0h5MkG44fPUw==
A4ZCFW7RnVRfEnbtNxUDb8VFIQmzxcIFLuiIjRY2q84=
cwgQW1UgxyVfBeSrdwXHsPE1eoSAri+NViVSjTYe4hg=
pYn3RyiaY4vz2unSybTHuw==
mAzeFbkWBGyzJRgEWJSZYQNn44wFaguEUnqkvHVinQw=
NiGef/LGs6v8Em6sqLz1GYGKB0111uCW/TAqgkiW0+w=
2lfNnhNY+w/3xMaMUxJbE0YFT/wvMlSDz8Vrd5FEs18=
FLi1+8yztBTrmnRfipcf8kj0PXdWAqm+NctjIzNnDQgp8Pk400K+Dx7p5ew50ciPpd9X8tNWFnZUwxSHCgE97ZcmV4dpKYzzulg61OJLmXdMBkI/3i9L7b39Uu85GRL8
FLi1+8yztBTrmnRfipcf8kj0PXdWAqm+NctjIzNnDQh/WBKK7g6SLI8kwa8rHKSzAJU8G/plpQUAh5t8PU7x2+xFRFP91K2n5VAPWRcZcnofgS+69ERWlHacB2VsXuWM
FLi1+8yztBTrmnRfipcf8kj0PXdWAqm+NctjIzNnDQhKW3OT3673ZgMKCfUNcUtQFqQbMphm55EpxO+9GtWJrR47MvqR9FDojT+y1WXX/Bz7GN99X2BTyOgSkgNbF5nZM3PShVZ9SC2amk7Il4mEicxM2qj9tmMdhNsH+SD/JCQ=
FLi1+8yztBTrmnRfipcf8vbdSmlvMzDlZFcnfAWNDUbLYO/64U7MIPx9yX2S9ZvgJvhyNBjfYAws4zEtL5snb92XGC9CrE9WSEtep5yhQcM=
FLi1+8yztBTrmnRfipcf8vbdSmlvMzDlZFcnfAWNDUYXdmE/i2Pty4hv24fF7c+git5TwKuDYZvFakeO97o82RkwH17h93mCjXln59qPhLw=
FLi1+8yztBTrmnRfipcf8vbdSmlvMzDlZFcnfAWNDUb66R+rQIXARWpBLCkzVPMwD8K5aWy8BOjyhwTJmjngRpI4wPttF5DEjGK/Xv3CH+OvfRSWm6DWTeEfahQvRzaPk4IdfEVjW4LbEkX7Sr+lkxu0BCJofi+pmxLOban1uhM=
FLi1+8yztBTrmnRfipcf8vbdSmlvMzDlZFcnfAWNDUb4mi9IsXu2llmne2IdXszIkd5byDIqOauttqVf32jVcfnZNNbQtG/0INvsFdgEPY4=
FLi1+8yztBTrmnRfipcf8vbdSmlvMzDlZFcnfAWNDUbpnFubIvTMZbji5LsMwfosepzb4UrFhvGWN9G26lXeoj4MbMZZMKkrWisFC9NsquY=
FLi1+8yztBTrmnRfipcf8omIFSMajeGcLIfJQXhByFofcb7t9/kQhtEGl2RHjm4TkAs3AqNuKlQbtrEubYCs24YQ+4XhQPC8gU9EpQNBTx4w+EuJTn61d4vwmIAXfjNWHY5zUW9ooN6+up3WqN0nvGXKUN8szLy0tKOYXw00QqE=
FLi1+8yztBTrmnRfipcf8omIFSMajeGcLIfJQXhByFpgMiIwG2YL5hpb0JySs8t5nc199yXWPb+uUsjl1KL5uKkrF7S9tU8bAtli4DNG6cE=
FLi1+8yztBTrmnRfipcf8hBm7FkSHY0LblNGTbpwmhszvqNe4RqlA44tumEced2auvE0OB2oPMGc/O/lM9sj/tN60Wo4Um35PIlVUaHvWag=
FLi1+8yztBTrmnRfipcf8sXfWx7xgrMgwPDys+ECTsFJqUy55ovCaD1KzunNPnrxKBlpjOGM53tvQfC/FF9ikXm7hZUWgPjR/z/4fUnPoesQmjZnGi/9m8tOVjs5+5A0Q6Vt6Jb8+obImaBBZUHWQwhQY31otfE1KMf7ARwlz/k=
FLi1+8yztBTrmnRfipcf8sXfWx7xgrMgwPDys+ECTsGd7CH/wiQf1Y4dDdfS4yAXCSYesXNOuTBAJKv80ScecdfrvOtb5EUkJpr2iyvdBxA=
FLi1+8yztBTrmnRfipcf8po6pDHEMPf65ay9hemtcA+HfECmB96oJKYUZZB1ujpxoc7gv3wY57llsGOu5lu0mQLVb1PyWzfB91u+nKtnXKU=
FLi1+8yztBTrmnRfipcf8qCv3UP/PV3YB6yHWd5NmRHpwKHBY3fo2zaCkeni7FmDlKYvQLt1nkEbalXQIkUdSA9VKrY+4VkxX/IRAzxyyakvRZiyQjS29TMi58NZub+x2jLdfvI8ctYhAf8JV0+O4o8sE4XE3B0eULwysHEi1Yg=
FLi1+8yztBTrmnRfipcf8qCv3UP/PV3YB6yHWd5NmRGQfvCZnoLEHkEClCjKeVPj/4IylWBJZ47pFT7HimBSOxWY7zVsxiuIcFK+ILXmZCjc9oCanFWcJ9eey4qEdgigKEImgB/FviwDmj5BRvaB73TJpab2dBArqmZ87hDEbtg=
FLi1+8yztBTrmnRfipcf8vppTZ3s5GLTpGzO6xVjaAzjIMtXF8YqGswfjOSSy35and4bBeSENd5Y7eKBYaXOL2fNXV1qmyYAiIlO+q+5HII=
FLi1+8yztBTrmnRfipcf8g4v+GjOQG0BiSZpT4I3UF2EC4kYK9fPvkcVTLlmd6PJ0bRY0Bq8DAzritWSQeDnLVfQAMjoeSd/7Lu2YZ9CSmYBK+0U36W+6TUsTy/KVoNO
FLi1+8yztBTrmnRfipcf8vg+UCEbkK3b55KC2kAwVxMd2uMQFSgYkECDdKtaKVrwiFN6ya0iz3RcnrFpbcXkNWxnoUmUfzuXx3OAdue6V5M9r7i/TAHGF+8vogd0DAcZ
FLi1+8yztBTrmnRfipcf8oJ1rt48c0GnHFbfHk+zy2ntdx8QEnel2h9uZ8IPsuVUvnv4+K7fJfq1mnQWbjwsQ1jouAZCw3dNkIBLzhA4hcs=
FLi1+8yztBTrmnRfipcf8tULhFQsXc84XYkzcTnBhc2X1GloB8OGj/JLOp6LF4SECGNPDX5ojcN5W+a98FVpkaXZEm0Np5eFjrVTCs/qmM4=
FLi1+8yztBTrmnRfipcf8tULhFQsXc84XYkzcTnBhc2Fg66FhODbLH2P2AQrZ+XY6ZWccT5dCSVfFCcDxKwCwkGeBh03AZ2l6Nc4Xf3n5T+OgddINvViaQkeRcB2RWHs
FLi1+8yztBTrmnRfipcf8o58Z4Ema/F7e41zLrvL1OcJET78LldGhQadP98k3iR87sHiMA7nN2sfOyG79myVY8N/A/6LGHrUKuNFeoq8cdiNTJT686PojnmMhGaJ5zC6
FLi1+8yztBTrmnRfipcf8m7i+WZBObnmDEQY3QZMuX0/unL0aBqXK/WkBja2MqvrYCQHUGRLtDdl7wY6b+1yR2K7WV28awu/IT+5/E+Z6QY=
FLi1+8yztBTrmnRfipcf8mGDk2vweoEeuNamUgvXsRD72yaXyg89sVLg1ItxlrHjspBYH1mjcmXBc0G0w55uRSyWXrTlwpVYaYZsX33Otqiax1T8iSz2709Jh4qrFhnjdQqhV0Ve47h5UavoZdo1IlMwbGDRpxnKOw8Vs9vj3us=
FLi1+8yztBTrmnRfipcf8mGDk2vweoEeuNamUgvXsRD7S5CiSu3Ep2UiIZl0z4cEsiayY3dFI0mLdhAeVm9/WFwkvai+q52k86QfJKZLScA=
FLi1+8yztBTrmnRfipcf8styst6Wz/6HWd/Nad92+Ahkswsl/oMMeonA26V5opf3H0wx+Dq54jcYQFpk1mBG53CRAPdYf5+sXCDfpmIzUiQ=
FLi1+8yztBTrmnRfipcf8styst6Wz/6HWd/Nad92+Aj8qPeqaI4pScbYsGLhdJ68ZeZlOyqyKu0b2wx97mY1XkMI39QoBd1UYqr6QlPEzPiz+gU0wmV+1wicY7bTC2yq
FLi1+8yztBTrmnRfipcf8hZcpbbW73VuszzyXUKzARLb8wJH3OBjrD0c6ODAkwnTrXrWPd3N8zVJQvM9E32SRAnfP2ZddZkKfy9QqIL2AjA=
FLi1+8yztBTrmnRfipcf8hZcpbbW73VuszzyXUKzARJn36bt8s4/IifU5L8wVvUxSo1U1lNhbBZBNW7Ki5lIHKgnmljWSKjg3ba39O1ecYpaBZU/crSf+Oj03Xe3pn7+
FLi1+8yztBTrmnRfipcf8uZkSaMv3WoiXFIthUtj5MmyTQEz5MnJ+TBnJU3v4o3DGJ+lcJqVUvIq5D8RVBL+tr3c3lxphhPekSXF/Zg/tyKsdO1hw3MEKwDmuAWz1ZpG
FLi1+8yztBTrmnRfipcf8uZkSaMv3WoiXFIthUtj5Mmx0E5RKEdSmtasRUoCjIoFln/2iUrORzWMJG+q7sFkFGZ2xPYjYsmncwTFP+2znFk=
FLi1+8yztBTrmnRfipcf8h1Mi3558/HjxNHpMbawzqRgHaMDv9CFzGcWCxD3MrlRjs2c8lBLKKmRo1q/rhdyLWAs96xDP6SOxfGARwV+ciY=
FLi1+8yztBTrmnRfipcf8h1Mi3558/HjxNHpMbawzqSM+2uJLj9XXJxBaxB1wmgqg7p360OrphlZAOZ1X42EeAIWYId4y0Z5MHqtETT3M8+Hb2bQuaVsfG8TPVTFuqxB
FLi1+8yztBTrmnRfipcf8nrczS5iDV0oIYr3d8JtxUWE2Wm7r7eS/XATn33Rnq3adOJrhgA89NGu3r5kTqdRfthllKBXG4nwAAmFpf4j7zw=
FLi1+8yztBTrmnRfipcf8nrczS5iDV0oIYr3d8JtxUWYj60KEuuhR5q4aIjyzURahUzoYYxtbNWgsJeZ/1Ab66Y8d3IP77HuHWoX/hzDPI8RyWAZqA10FA32S4aCby+6
FLi1+8yztBTrmnRfipcf8pumtx+XqeHRqwi/VRwgYns9f8I8pyxEkg6wIyRqNCvv/zes66g4XoNYyp/Mk/J6ZzOmvm/ahKRQftNrnkBysmQ=
FLi1+8yztBTrmnRfipcf8pumtx+XqeHRqwi/VRwgYnuhLwwWbID8Y8lRu/ecSmlclqQF+nhPozNSmqqX8SWnLEUj5+taGxGbbgxIhY8CCS2gbpHx/o00AYQilHNXOkJy
FLi1+8yztBTrmnRfipcf8vHHmrVWZLiY/AmDkoc2I76Fv9RxKpXHrE22MIXFp3zt2gIa4za4RsZpwpVpIsm6ZLzryCYFLS0B9hvoDt/5ufg=
FLi1+8yztBTrmnRfipcf8vHHmrVWZLiY/AmDkoc2I75ShJ+1JJTdlGa22HOdEfWXFrhSXs3mykTxyaS70Gog6wgdmA72zpdS/5iqD7MyIrgiDqUcC8Xaskq3Ydg8gv/y
FLi1+8yztBTrmnRfipcf8rU6KtLcer8fvXtnzXhti1+pi8qkN2H6U2PZFW36BamjY4LEBHZz0i1BFp1ZJOGGKzAdsfrg5irFvtZbYf37pGePRBUoZVaAp4iep+ShOh/P
FLi1+8yztBTrmnRfipcf8rU6KtLcer8fvXtnzXhti188PSJGqpSsH55CIUEsImGPGBtXoi+jd+eGmO7DbtgPGsU+RO3PAy4Vs/W8LqnDAc8=
FLi1+8yztBTrmnRfipcf8sWHx1LsmuQg/ZNtknGwQtWDEOfN2FPO6IF5QJKsZu5w22ojtsCzbONvPzJA+sO/5nunUNZHL/c8morRoo/FfLM=
FLi1+8yztBTrmnRfipcf8sWHx1LsmuQg/ZNtknGwQtX22ocrVjfKu2XMjhC3rMUFEv3JzblX2la0ZKJr1ZV6PO/kYopSfTQRfaGygrdWfi/NyffllOfCoXKTDaLOFrv1
FLi1+8yztBTrmnRfipcf8tJUhNSrsmBAP27CDBtK0Hm6O8FwZuQENjt5ecOA70JxoRX2LmJQJQVJZMU9aBQie6cY+g+ggbgHrRUlcRNzcbA=
FLi1+8yztBTrmnRfipcf8tJUhNSrsmBAP27CDBtK0HnY97D4RH5yQj4iEma4PlPyE8RhHvaABahxwChKRmWCPhhsOkC2Gpcxs3FEthjd0BBuWu/MVZqLbv5svcMLKE/o
FLi1+8yztBTrmnRfipcf8nmenQ8GOBRYFRiabM0C5v1gkS1NwjjlIpUe8mrVY3eD2SQTTwKe2vDEHOJI0N7KQbUxG9XczTSLN1oDiorrqJo=
FLi1+8yztBTrmnRfipcf8mz0RdL2wrscc725VRolXYPEYN4FDF++qMB5ZugSfaRW2wYloSuTZLzWy/yMeYtH8xRYIVIksBHGExpuMsHvhD+dq7vDJSb9Q13eerhfNRWl
FLi1+8yztBTrmnRfipcf8gnwWXHf7LMlb004Q1p07e4JjFvlGJOyqAyMPc/PFbSOeZ3voWDLEu8dohccoY9Ip6ZA3nm+QvOeqwZV5pvBySMnzrOGUi03+/K0vaiDROW6
FLi1+8yztBTrmnRfipcf8ufWoL0iOKmdnDjP9FdbYSSCarzb5+OyW4FOBKmn+IKalXzyZInpiZGOPRlDkup68PaFCN8Y1GHHxbFaD3NGSD4=
FLi1+8yztBTrmnRfipcf8p+KuUmo4dfJwlOQj+UpSlN7WCPI2rpa1ET5xnCIHOy3uk/nfUaZcqJ/MQ4vpvjfiguqxH0XmCGB/TONplEc2lE=
FLi1+8yztBTrmnRfipcf8oGU2jg1wbNmQhN7MNGzmD/VuKhgIo0tNo+aEGq3Qfrv74xuPzaNjywaJgK+wUs+vcxo2g2WCHawutds+zG0EEMOb/LGMcxe8KnMuq2ohQ6G
FLi1+8yztBTrmnRfipcf8hhKIoKCedVBZNVnSzJuQNUflo02tr+rVjujSHct1tiYdVodDh3oLwpSOK7WYb6JKr4ZYLygcGpPp7RVeRm10Rc=
FLi1+8yztBTrmnRfipcf8ukdKN4KnRR3Ua0Emoq1QJ2j3wabX0Yx9Jn+9IIncHUtDQZctUJORTQiE/jOTeqZu8UJFFwFe9411Yr9FP+oYYUvV0OLYIxuKou/mquQ46O36p3F+3kYNQKyK6IzKBIH53UzB7baFcLDqFWmZBtk6ls=
FLi1+8yztBTrmnRfipcf8udTLjQtzOCtnJN8J+aGWGDfzeL0bWAkJLBvmPykfEi7Z7G0/PpV4Y0osN8Mb+Pu0kBFPpaPy+QiGdDOeJ0GUtw=
FLi1+8yztBTrmnRfipcf8k84wFd9et1pkj99oKmcByU2LvTBGH/Ifgh8nX3QNsc87ZYzl5sA5XhAS3jm4s2NpINFLidWO9e9kUbpJgPGOsc=
FLi1+8yztBTrmnRfipcf8k84wFd9et1pkj99oKmcByXVNDo4PHp1Qp/XoAo/4QJdqqvzrXq8FHLlmtBdEznrsWun1nmeE+wJRfe6RlnBp9ppWi41ZZq81gcc6CYWuv9b
FLi1+8yztBTrmnRfipcf8mesI9oB/eOjI0DL9BaOQ9qwkFZQLyE8cKtu0wJQ1ww26ZwLBuqEqQFDA1MPAPHZ8MYcXNvaEn55qOffmxChVFU=
FLi1+8yztBTrmnRfipcf8lNMZEmpKICLf0xIywWTQGaR7vp47xjskVtO4s7odOSHBQJOyEekzjrLQ9+jq1jDwkalhtYlzfkAbsuLqLAmBc4KLbKTmvj8Qz4si90LdqF0
FLi1+8yztBTrmnRfipcf8liYMxXdlQu6f16AT633oS6NQ4cNX351Qrae8E0OMhVfC+pA8zKwJjLRhZExeLV6POm+h8mNachNrahZmVe6t9I=
FLi1+8yztBTrmnRfipcf8gvnQoZneRtxEVjs3daFvGeD+LjlOZTrnyablc1a4+++yk2GCk5OECyd1tUrt50ZLdapFfRCMa8P6yN6Fdoz2+v7JxnlugA2JXJG5VUJltOdTzOOo6cj+P44DL7C/FOslIqFIRFZacMf02H1qX3qyVc=
FLi1+8yztBTrmnRfipcf8orBMRbiKg1+KrXVs9w+ZDNPASenzOVwqmXvpiPHolGuzGUdpT9XfbVuad+0miQ/BS4t4tojyeQepARsESDLk9Q=
FLi1+8yztBTrmnRfipcf8irtygOx5b8rQzvMpseVyppX1VjnuouVTEYqtgi/qZ2aAJCmUNRmLGu6RwQdUPtU/iKqbBtYxGLJg4GCAXdjgww=
FLi1+8yztBTrmnRfipcf8irtygOx5b8rQzvMpseVyprcRiLtuhhOEjWON0KhqurrDElNJUqMcrnszLU1bq8cM15HH0+Wiojgh4d5p90nsCG8in77/ZceSKQuad7HC7d+
FLi1+8yztBTrmnRfipcf8snLRfNQjW8kINDm5febc1X9Z7/W7frgJ5g8JgXUer0iqpPl6XFnhs+W2f7SANkE4dirM+Budrw61nmjImufTyU=
FLi1+8yztBTrmnRfipcf8snLRfNQjW8kINDm5febc1XlJ36dmn+t/JTL85TRD8cokcOhm866xYydC7UAisok5ODQYDdVk5fwnMbVVuRAM/OOY/z3l9MQ//iHG17ZmmZ2
FLi1+8yztBTrmnRfipcf8jshzKDy8F+dXw1rps+lUYtcyEGXNAvuoCgiP9qnOzy7sxeJYseODEjSX3VnWE/9ffgTiLFO0NbS+s9UxB0Gi7g=
FLi1+8yztBTrmnRfipcf8jshzKDy8F+dXw1rps+lUYuMOpCIxeD18XWeHimmXuYHQiM7xm54B/C77QzGF0TkJvia63/ZJhtnblc/bUOpqq/jNi36gQNlPtRWZBBO22WO
FLi1+8yztBTrmnRfipcf8nVQHLitcxrRUwnUQdsAkAhciBE9KfqsmZd4IHaPyWQtcXnFHor7NrUobFgzYqLdBdlU9tX6gnMBylwq1ym0UiA=
FLi1+8yztBTrmnRfipcf8nVQHLitcxrRUwnUQdsAkAhE22Ghu5uecNXQJars8Y2IdnjuERhyQMa9H10MAwpFKhApQcyUletDLnxGatpWEv0xiAvmWWYSlWZkJWGqrtn5
FLi1+8yztBTrmnRfipcf8qxhnzQ4n8WRAzNUntMpokho/tTwegVJvYgsRGozGgsN6GEprQBipX9GHGAYRpsa2MeChhB/EH4Pfm4wxvV1DC8=
FLi1+8yztBTrmnRfipcf8qxhnzQ4n8WRAzNUntMpokg/N12LcYQACAIhj6WLOTu7c1WNK6BaR+DEJ3Qr4umcCqpIUTZC5hUIVcFExIZ9vwE95gt/CBldSS+4N77E5jlh
FLi1+8yztBTrmnRfipcf8gkzXFWpr57TGM499T7B7zmi/YjkA16AV9idNJqLuVsmpyHbN3oQw7ZcKWNo4PQ5U9rbeIAYQ3EvpRWyzhifEKg=
FLi1+8yztBTrmnRfipcf8gkzXFWpr57TGM499T7B7zna4bsqStesiyhcQnn7Uyyk0sW40zli0dcftHcHNwFzNbqFhVQ8MKcn8efFuOmRYau4HgRsTDfwPu+VV9Vfd54N
FLi1+8yztBTrmnRfipcf8oIHYoIVLg8m05PuAqq67qRI6CP/U+s24EyOD6nUqBuSnuT7OAn7beBJvn0WXfB9VBIrmh38pgcLLgl6qtMrTiY=
FLi1+8yztBTrmnRfipcf8kKOcGq6/mzInErDnY/PanFXd9swx0JnFb3lNoVmuVoKiUAKD84jRQ8uTK7jRrY1R1+K3P6yAUP5ivsRkdYaAP377ANA8zGUhq8A5Tv2Jddn
FLi1+8yztBTrmnRfipcf8usHliqFpvU8/G2ZonszIDlIMGEtXoQPRg42SgamNxSKf1LjrU0xiQbodabwMULz5/VYjrh0uy62TPwdW3f8O5g=
FLi1+8yztBTrmnRfipcf8usHliqFpvU8/G2ZonszIDlnR8WXLlIyNvjofyKu4k/BjxD/wO4QxIqZejJV8dc/BYBiRKXerOIgoDmFXl3OaYwDUVO/ko+GmJZ4HHBdnQNh
FLi1+8yztBTrmnRfipcf8lxtp9QD/+fQwpr/SD4yoI9Enk3okkhZ3sOrqCTO/pErbTVYWQ6wrVcMpyRR3CtUbJghL/ydvjNWvejMZvxJQRA=
FLi1+8yztBTrmnRfipcf8lxtp9QD/+fQwpr/SD4yoI9XBGI12OOllYgdisGhcDWHk+neDMTMwlKIpTYfriHkWt4SLuE0ydi7z/EGlMzg+zeNL7HoI8Ht+RQbjvOlmzma
FLi1+8yztBTrmnRfipcf8imZuI+GB7jet8HL0C0O7wHEAYFz9pv8c2xmgfYhIWbZ7QhVvUZRFoNVpHdMAcLTzuzeK65FBG6vCh1O7YsIU5c=
FLi1+8yztBTrmnRfipcf8sBBwc4+Ghva23MIZZg1vH+T63kUj2YUI5xQ/ODvWzhn/XqSVusCykE/mVtS+dspNbc2JE68vLeqHTFBOfqv34OSE5nBBC3RHe05+RI4M/fA
FLi1+8yztBTrmnRfipcf8s1B9ad9+y/ZV2XbPVIuwY6D8OA6T24bZlubhcpcNXI06o303I8ROGi70U7RsRDe9/FNDF8ZEJfJ7sL4UQx/LqE=
FLi1+8yztBTrmnRfipcf8s1B9ad9+y/ZV2XbPVIuwY6aeqyW6dKI5XoqgtFTcxbD35gEJHic81xiNbP8PJSpeaQ9PGnnLn8kh9wsBVJqaBqY0aJvfCR6HXmiG5YZGI6S
FLi1+8yztBTrmnRfipcf8ug0sm1ytpPWtCbWY81QXgDbM4FtV9girCWJt1gz+Xje0xCESIwFJXPliDY6fKWfNE4bTm1RawbNp1NfxyBbh4M=
FLi1+8yztBTrmnRfipcf8ug0sm1ytpPWtCbWY81QXgBKLjnNKBzXdO9pPY1RWHGUpoiioyfjUQDwFqvySxybv5cPPKD7upYeDCDKiRgY8+RF7vKUrJLbQueufLLs1mvK
FLi1+8yztBTrmnRfipcf8sqtLfpkin7ZIQJpeBXBXDqeh3+TTcqvrK/n9ktuIwjvtld4OfuSecbKN/gNief4zGoF+P7hgwzzMczLupz6L9s=
FLi1+8yztBTrmnRfipcf8sqtLfpkin7ZIQJpeBXBXDoLLq5T1+HM4/GbJ7jWhmyoV0xYGlnFvoT2oOe7otaU1r+i3Nc8Qis0wgELy6Bb2kg9b3d7w6K0NJrzNKNGQmbd
FLi1+8yztBTrmnRfipcf8qw5vUDheTUlUZ7V0px9beZwrqA5/ULPPfTnyiMdmZNYzlyX00gbI1JtaOMs6Law+gJLnUv6lILKW95neVBPEs8=
FLi1+8yztBTrmnRfipcf8qw5vUDheTUlUZ7V0px9beZR6Zl8tY5xbZ6GMU5W2aVCTtps1N5Z3FDojcVPxMQQllSUZbe9wea5eAqIxyOLVlhd9Wu+k7JPGO6CVF3Hhvaj
FLi1+8yztBTrmnRfipcf8l7KLuTIJf0586N2VAoUu6OZh6q35DPi2sp20ioMHCNkiuPD5o0n1mHEX21B0SOjORdSR6HoAmmrXvCXiohY+z4=
FLi1+8yztBTrmnRfipcf8l7KLuTIJf0586N2VAoUu6N0eBMPF480/QldiNRZUnDYzkq7BluXrGB4GjEb9wKoJa66PAQTLV44CN/R3rlGpkSBuR3I/f1OhcfDR7iuHH45Cj/a0UDzwll7ZXP/Ab5Weztbuppa/ZS489oVH7XQaFc=
FLi1+8yztBTrmnRfipcf8l7KLuTIJf0586N2VAoUu6MIVSfz8MmO+8PEg8GPjl8O++RA9mrRkZvHYfF9JbAmRCa52zAu8L0mHIjp6Oeh9Iw=
FLi1+8yztBTrmnRfipcf8m6NSwQiR/ifYnGU4ou+n2CgG8mv4tfvFuKTgJBb9HpiUs0oPK6l8mwyDaPZLHLbSxofmOhkJF2JOGXrK41Iy2ohZrIS9BwvXyLDRPzpYeIz
FLi1+8yztBTrmnRfipcf8m6NSwQiR/ifYnGU4ou+n2BxQ9xmDn1G4aUrF3wP4YwE6d1vTTJWpRhFerPVnicD0/NH/Ll1ITJhmd5bkx7xmx0=
FLi1+8yztBTrmnRfipcf8iUEcHjZ2zDHyFImgYlpuxmIQaqAGe0iDRFa8eM+seHevIQb9+Wv6U8ngNYQ8dOONsr3687YxdBaeuypBh0Tw7M=
FLi1+8yztBTrmnRfipcf8sKZKcB5oLLFZCi0mGoB0iEkWYjuWVMdSwc4lob9wIrJWRQthO8t39hDhnKlMOzKEWVzH4vEYFqQ1ye2qxC1QJd+rg+O4W8rHiBOrw1nfLLY
FLi1+8yztBTrmnRfipcf8gbkqpS7lHFCpVjbzLZpv5VP+1FPYAPTQ0PAF/HHQZZMXjJaOwTTDo6iVdL/n24EEODgh/JedxXUj/X9w0s/D3Y=
FLi1+8yztBTrmnRfipcf8gbkqpS7lHFCpVjbzLZpv5WMVNLl4Uv4pK+UF2IR2Qu2W6T+0hUbKXo3RcVEilNxRHKbCeK1e0cH9TscQZJS3ImhzsJRjv4uGHHXV/0GWAKomc3lOMhvU2tDkoCt2pL1C7c0oofU9qtb5WRuuy4tOGA=
FLi1+8yztBTrmnRfipcf8jxx0U9CzS4otMr7nLsN5LW1gk9Y6akQSX8Ev2dedmGNQgFfyhiZJYSG7aMXOlBQZd5tUPykR0UOHU9uwIEvWcg=
FLi1+8yztBTrmnRfipcf8sd899sJ9HcFNJcZmJ1LUBSUvyOsymroVPJxUmx5Hp6iqv6LsRL6BnwA+/zBr/FYMa/r/3sKD3qsiNEtthl7BN/WbwbDtydyxMTJeWykkk7G
FLi1+8yztBTrmnRfipcf8sd899sJ9HcFNJcZmJ1LUBQ8LqyQcehFagasfWMYDP7yBytaLuxwhc56qvh4sJa5Rvs7DrmOinm+lybK1J3M+LM=
FLi1+8yztBTrmnRfipcf8ocC3rycea0ezIrSB/yJ9cP8iTs0LsWfAPWtwtL7BQ1ZVu0T74gicsl1kheKQ/PJ89A5VOUkXn0RwlzCdWJ/AGtKaxC0rs35fx+YzWHNogYy
FLi1+8yztBTrmnRfipcf8ocC3rycea0ezIrSB/yJ9cP/9rpUWYMjR+p/LJUVOJS3KXqtwDv/KDLUgH+v2R3uWWXob5/1QYmeAvdz57QTd9s=
FLi1+8yztBTrmnRfipcf8gJUxepiPQ4LTXj65Ut52qbdZorwzX6T8nWODsKpWKbU6N5Nm6eIqw09C5/8IsHPUkIHx3bXh6T0KGEthPgMvWo=
FLi1+8yztBTrmnRfipcf8gJUxepiPQ4LTXj65Ut52qYsXBgP7fbwRCfQYcaMtSC2xguTai/E3Gq1xXlG/kYEj8dYontCHu5Jco95CmCVIyPPteCb0h1SntT4j7hR9RBn
FLi1+8yztBTrmnRfipcf8jRLaaNM7+CYeM/E1pIRpOPXh/yNEbt+z4YfnxstZwmy/2AQxZHAxFdVZ0RFpUC1GXqIkmuah88bqz4GC+gd/Z550tJCWd9DruXM8ShFLsBI
FLi1+8yztBTrmnRfipcf8jRLaaNM7+CYeM/E1pIRpOOwG67Clc3f7y4ubYEmcFgxQoUYZ25vic2nnBMucN7AG5A+YKsr8sdepIl2GklKkxA=
FLi1+8yztBTrmnRfipcf8i6sU+bTdDu1F+DLWzCMIem9B09YX+Goc6kXqcm1+5tlrD7SermASgYs1FnBm7gbDQL7YJ3FrEfmnJ8aUPWu3lRp5ecDvN64iN3uIg2k+e7k
FLi1+8yztBTrmnRfipcf8i6sU+bTdDu1F+DLWzCMIekMH9q9es0RnhmAKmY25pQHb1mjb5UVavskv5lIgITTdwnOlJfpndNqA6c3Vl+PzXs=
FLi1+8yztBTrmnRfipcf8rZ9npYSRSAazTUfePR1QyHvrnYod8wwaDxv0W1G2di8iwS/UG/v+CwSp1k9Qp0ovOVi7ktGJnmfr6xKPGF4K3A=
FLi1+8yztBTrmnRfipcf8rZ9npYSRSAazTUfePR1QyEtJbvOY8e3YeCaBm+OYa+deCqwq1OYwaQKbnRf67eqo745eajRoeg9TKB2Mp7u6dhJI0IO92O+9jXpWDFZoULK
FLi1+8yztBTrmnRfipcf8sy5eWEFXUcHIoxSlg5mBo/65lK08kd6dkMrD76hV5TSsGqfeXYNI9a8U8kwaS1lyt6d7RcpHjJ1pzmXdnM/ry0=
FLi1+8yztBTrmnRfipcf8tysg6Fa4nLqoQs8zjrV6jktODIKTsg4MmbkMaow9CTADG/hUa9GHTmmaEhBywAIIxkGyX3xjBhGie216tjE+iLsAKbrYwgipuO5bGSQuW242mLg6OhwnOCTIrnqA6WxQ8vmP9ZJMkS7yDLsQ/k8yHw=
FLi1+8yztBTrmnRfipcf8tysg6Fa4nLqoQs8zjrV6jnfcCoXUR3eA/FZmJB3df8Qt3aNQ76KX4zfE12DMYdhnTwCWMkEccFJRtTgAY1eoXg=
FLi1+8yztBTrmnRfipcf8jZ2RAp/IQPe+V1UXjQ73v8frzbX54fEWUXUKA1IUwrAoSdG3D9JvrIoMnP7Vz0baGOYCssDXcbw3q2cv7K8eOU=
FLi1+8yztBTrmnRfipcf8qHYShpJ9ZuoGnvM8iVASwFbY+PSGP0NbwTFgHiQaGaRcYv6TbEHfRAbOYqBIx/UsnNntMBBo4939IxOSLdTMsY4YGjbXbRF9bHAgw/07hVH
FLi1+8yztBTrmnRfipcf8hENQYvY5XjSHHh9HQd/QBoW11BYY9ox0KKfOjVoHNope1+IHd4gTI14OnOIhYAVNME/9jB3fhF6zabFv3CJS4I=
FLi1+8yztBTrmnRfipcf8hENQYvY5XjSHHh9HQd/QBpIJk2QMiKE/DRWaX9ktZz7of1qIE8SLrMM75Ds3UJ38D028C2CQnOFL9DmGUAaJtq7Wg8cBFJv/zWoHj7vpBCT
FLi1+8yztBTrmnRfipcf8spMqicgc4DDznl9nDBEjPDdxlZoEbngE2Dv2Tlvg8CYoKCWoDby+7gX0NpETL2agzJUlQk9SrnTt4rQOwmabzc=
FLi1+8yztBTrmnRfipcf8mFF7yWwtGYS5pQEZUeDuJjjWi+TuNhNDbr45pOx8+FnaynagzCDHAd4bOwwuTgcGr/+QVNsteRW3Ln4Mdg55jo7xrtpXFPIKABAQPdcIFAZC96dHQbFVq2P6waaBLBdPZL2AXWTNr6aFegM73FUjjM=
FLi1+8yztBTrmnRfipcf8mFF7yWwtGYS5pQEZUeDuJjqA7HEtrMsHTeXkQnW45PLfNv4uv/i714/nOTLTDTvaLeEESEuZwKdcWd38DQMSas=
FLi1+8yztBTrmnRfipcf8vpAZljoMCA56BqXjLCciFva37nXz61bDJRrY8A+2EdxR8QRWOXuVPT5yUlA0x4FdyVP0tm4UhMceQdYJMeTzzI=
FLi1+8yztBTrmnRfipcf8vpAZljoMCA56BqXjLCciFuuRpbhAnZ7YuTdu1jF8RoY81HWfMVYEiMpCirV4MgWmBs6FZ2QAwP6Z/ePt4Fp7BiwHyWngwdgNUJmmh4w1QA1
FLi1+8yztBTrmnRfipcf8nQiDlxgea8/XiFDkP/LI6vvUHrcjvjmOv4vQq0aM3ghgRDh+KC62kph7ZNlJrd8kYksEJtlq06U56JOMwdaCLE=
FLi1+8yztBTrmnRfipcf8nhQ3KULZhdjpfz9KqyUpUGxUnxIbCU0cR+pIbj3VZnz9nc+Vd8BR3/vq7ZLzJcir7TQKwK5YcqpwFPv1XkqBeTZKYvHldS2hO8dkF7GkNTc
FLi1+8yztBTrmnRfipcf8knqGYicZ/ivuw9RcWG+OCgoKJM8NbSbFPNkpbfnRjxm/4egVgFYeDSxgkoCNhtOuQy0G8mxDdszk7AMhZ1J7Gg=
FLi1+8yztBTrmnRfipcf8knqGYicZ/ivuw9RcWG+OCjqtvsKVeJoa6Kfe89LHsjJ8bI765HW8SAukGt1T8SJLHCxk2YKM2DzAJkrDh1t3mW9ZlGby/00jZb7ddz+q2vQ
FLi1+8yztBTrmnRfipcf8iIluGpLa/sU+dWLU58jA93BIvEXyMTsMSOa1qJVcQKld16rtFGrSiefUun5NdJfC5xZpZgnN4ToJX7josTnQP4=
FLi1+8yztBTrmnRfipcf8lKSH0vExZO4H2aNbehrCBpzAeRsf87W8a9XScYZNhfD2iocKEKrIJIeh6AZmAvsl/vFinoI6satm6HVkkLgceCGDmt+a8nrJSaj8TiwxOD3h75P4Y/AGWsEZZI4xYF0OOZUyq0xlaJ5vj929K48j8U=
FLi1+8yztBTrmnRfipcf8lKSH0vExZO4H2aNbehrCBrmP/DBnL3wrUtAV3P+7ODRymylxOoB8uS93Nkvl6hs9dfEgHnQ3A3hgjX6vlrgsEM=
FLi1+8yztBTrmnRfipcf8phfzb1oxXCu0unKxkO6msM1U3tm0QUlIpsvl/ptVa6nucdQGumOVBp/WvQIU/HOr5pP9mWrJ5Fk2Soc3y2Z7shMOuYFdE4ZhsyZAmDUtmaK
FLi1+8yztBTrmnRfipcf8phfzb1oxXCu0unKxkO6msOwerg2sYhnV5n2F/musfmgY9sYkepY28FVf5EPvls4gWkjD5kd1zNC53l+1sGa8eJOp2ADTzpcSq98ai0Kw00Z
FLi1+8yztBTrmnRfipcf8phfzb1oxXCu0unKxkO6msO4hLtPFHDaKNINprVydu0k5qeTaASxKM/em93S1oyHjg8Q16RlIuTDjsodLt4Dfs6LqjkTlrq49WZ+xvk/PhlTaShmnZG0flR2NPEXNcEsx7ajLDNrEkX7HoamiCwZjmk=
FLi1+8yztBTrmnRfipcf8np5u+hJizoRH1NUrlVfAsOVgem9pXF43VfVIBvA9NjwEMKY4AFMxtI806GW7AxOUz7XkcIkBZP5hagpUzkpRrQ=
FLi1+8yztBTrmnRfipcf8np5u+hJizoRH1NUrlVfAsMF0uouY8QSW4kUfKo8arG2qXnQwgfdBVTQaeMSMV2SIp+g2fdPOHuWF9VHlX3GSZ0=
FLi1+8yztBTrmnRfipcf8np5u+hJizoRH1NUrlVfAsPuADZSoVhE2uZQpHgwctc4K9ElMqZag9UwbB8ha+uupZKPMbZ+FkbLlLojF+iV9BnUW14bad6eLbCBPW2psQqxUxlMhsyWZXp3ovhmnfCG0oZleMH3NLaDEpZ4b8klfvo=
FLi1+8yztBTrmnRfipcf8np5u+hJizoRH1NUrlVfAsNY/rOww/HYqyAgZBl7HHPb1DitbPWY7q4iLgjC1s2Yjn7NfMmS8pIfm2gyjyor1vo=
FLi1+8yztBTrmnRfipcf8np5u+hJizoRH1NUrlVfAsMnhJAvJ2+f0hOxk3R7Weu/lPkyUpOCT2ON037VhBbD0wY7R74twCLKH6EMtU4bPNQ=
FLi1+8yztBTrmnRfipcf8oYzFCjvOn2oF+1bELX7wDvo6AOs4O9lYdvmcjZvyhkjWgqW9BITJ+6xuA7vG9WNKsJN66tFACqearxaQrZMFzWvIHdKcjzQeO9qOosiQHeAyQAatIBJ5WD/l9DLcU5j0beXzpn+k3y/2V37xEFnInU=
FLi1+8yztBTrmnRfipcf8oYzFCjvOn2oF+1bELX7wDtakcdGvRttaRIPiouR9Hm/3IckA/4sCrJauCpZF/0Q1QKp5GHW2Jtwlk2cKjvI87s=
FLi1+8yztBTrmnRfipcf8gcnT2ye5X88H65I69VrCUZY66EynZBF9nDd/iY/lniszWkNQ8KMZfLT3Usmh/0BYXQFiMS555pIXDbq2aTxXow=
FLi1+8yztBTrmnRfipcf8qKsIkT6B2TJiknMWUmsJMxVcqznGbJReo6FQFKyst9SB61tl7qqyrtoWM2hUNHz6eusMKCrSfW9/4hEhJdYkcj0sMeINLg/0eKLPYIYtfYkq60OrBmmBkt423fUmgABln6tA+dscoZHzlP8aoZ2jcA=
FLi1+8yztBTrmnRfipcf8qKsIkT6B2TJiknMWUmsJMzDkHafYoY5DIacrbeEZT6MDvCvKUnxJ6Dz2aLJLGswYRWVxyU2E5GnxbSsBJk4kgOclvMPWfFxrvpM7xoPdJ9HCxSEc/1rs3FVgCaiF4q9fsy5PxMe3zXM10+zG4N7zqI=
FLi1+8yztBTrmnRfipcf8jxcxrcV5tQwijOtgLhNrUudmjbHXXSNygoLYYDqmYkbKrAwRqqtSZ32fmJgEoz265OjDM3hFAsfG7+wFQ6vnZij8gwoza9k8ML90Ulehia3
FLi1+8yztBTrmnRfipcf8p/R8OYoRCqCWQWCUu02qTRGXDntYFfh1oxupZBAQeye+YLqOOc8cEvZNUt6beQOua6oy6d3rDGkmzuLBcKHhkU=
FLi1+8yztBTrmnRfipcf8p/R8OYoRCqCWQWCUu02qTT/fBWxV3yMZtVi9YLQ1Y1pt6fdN72sPNwSAEn69T0txhFaSbUFR2RyJijfhRgjerU6TOm2f9cE1Hpgp8/eJdlN
FLi1+8yztBTrmnRfipcf8oRy4gq/Or9j7KrOUehPUi/TPKtsdWyoQT0hSxkNHe4HXiAkgkZ+14tSQfntkak0a0uX3JN0Wq+N/NAlqX8oV7ZFdFNSodwS8pkhpqnwRGIr
FLi1+8yztBTrmnRfipcf8oRy4gq/Or9j7KrOUehPUi+foJQW6nHMNui/cr/4rtUG3/YuStkNsg/EMiFaoT3W1fxWTaDpj/9//2YBnneZ0Xs=
FLi1+8yztBTrmnRfipcf8tFGEB4/56hRIngu38Y/1wxpFRbLwxhecW7YV8qOsBTU1rkb4UgeeMSCxyOuFP6wlTdD8TnaufqCl2Rrhlp3gUs=
FLi1+8yztBTrmnRfipcf8tFGEB4/56hRIngu38Y/1wxw/Wh13Vvl2Ivh1+9hO+VOMyUdTTBUlBUfuSUQa/hvBQ6WZYyG1lCnrUN8tWhjf5W9VkrIQkqidsMqdMjAvvgw
FLi1+8yztBTrmnRfipcf8tWmHM9m4Bh9BkAuD9TONRsy2qRx+zTnI9JgtyedlUMMnQmwaE6qmwt49hIoR+jKO3AJKqHAB6LlCzWYkeA81ro=
FLi1+8yztBTrmnRfipcf8tWmHM9m4Bh9BkAuD9TONRuL9b1cv1bF/Nx7QH8g0THZAMuhQRSbPhYQjfQ65M8oVxYSnFnxsrx1z7evDdVXJs2EIs5BsMRs313OI4/A53YP
FLi1+8yztBTrmnRfipcf8ue3Dmo1DWOxZ5zkIsRdiQ0rf20JX1QE0Birec0A9eXMPBJ1oS9MufeGngDXa6cnOfo02XkIPKGpgpWbMp1LNHw=
FLi1+8yztBTrmnRfipcf8ue3Dmo1DWOxZ5zkIsRdiQ1gISUBQsnTkLD8t48JE4QPyzfHlARxxVInGfYioRe+XiKfmrClLggGt/EC+HI3/4VVg3OBsXQ6sMW9szEbM2i8
FLi1+8yztBTrmnRfipcf8gGx9puJGJxpWZGB4VQVq+xE9AP7eDsoIisfzh1M6CK4+DXmgSmi39RnC4FPbkBraMmMgQguDT/z73pqQyt+i94=
FLi1+8yztBTrmnRfipcf8gGx9puJGJxpWZGB4VQVq+ydMzHfbeu3tmcMweRLc7Y4gaLe/byQhv39J/7F1DVxHI5/ftSVCyjszVUiw1sTHNOaUxpXZSyOBSvfUmHRySG8
FLi1+8yztBTrmnRfipcf8h1N0UUOAyE3inEmCufZbJCc+RfWTAYULYAkx7PhjKEYXgtNoAWs7X6f2aH2CiBGd0+BMcvFtMiLMy70X8oL+yg=
FLi1+8yztBTrmnRfipcf8h1N0UUOAyE3inEmCufZbJBKkO5ZjLwACJmrKh59hAj8HCExXx0bp4iGfl55o7JdJXTAZ1l5Qbnapn4w5xqVwZaD055HYpqpXzXjrQuo2Mtc
FLi1+8yztBTrmnRfipcf8l+GC+veZtaM7UoXST+zSmT0/H53iqy6WAYa10J3TGtsL/AZWh28gOtPbiQ0V1D5sUMfk56NEhRaQLFgAicip9y3ApvEJ3PCaQTEDPCQmDLh
FLi1+8yztBTrmnRfipcf8l+GC+veZtaM7UoXST+zSmQ3bkSDF30JPhg3mPgSHRjXajhGVk32QSryZjyQVOUzMLUk4KW2plO3gvrLubt4PkE=
FLi1+8yztBTrmnRfipcf8pVPKWWQddeLIlTsd84ioaB07bdLbmIPvRnb/QWY2nkdpNQJFNyYdoHlD34Yn+Ji9vOU0KUboaUHuM83uondwWA=
FLi1+8yztBTrmnRfipcf8pVPKWWQddeLIlTsd84ioaBuk3rUEw4fr0R4qslWzbts8AxIdj5f+eFPX7VRUm8m/vnsV+AInp17Ui8gG+hsmNWHkJR4T8ADb2nPR3uT1u+s
FLi1+8yztBTrmnRfipcf8utoz1JPSXrGs/xIvt/rlA6RWLtT/tTYJI9VYk7GqQEdWgsjTIAeaA9qNjDvjAnSTm+WehBRy2x4Gc1pUisZ3Kc=
FLi1+8yztBTrmnRfipcf8utoz1JPSXrGs/xIvt/rlA7yNueKkvLg7TZ0HK/m5veO+mk/U6gMiIYHoyhirwyFOwYKlJslrgXlXSJvrj6YCSdX2JOuZf+h8Kk0YCh4RPVI
FLi1+8yztBTrmnRfipcf8tsnhlb1ep+i700NQgoTreHKV5IVVS06gJFtL6Y9M68zxJECvF/jE7xPLnN2W36I80BsAu949hBGfXn+MWv7aPc=
FLi1+8yztBTrmnRfipcf8tsnhlb1ep+i700NQgoTreHGINByasgJEnFW1v3YZ5+VCGUfBMCTzoh4hnzbsQtmEiPzky3ihKg7ztEf2h05CB9uKUWVUs5CwZSSDvuUTPgi
FLi1+8yztBTrmnRfipcf8s7tR8uiPjVxCd6AFVlSQ7gTFfFx8a+YQ2brkYgHyuPQOT7xfK4Rm8Kxs2Oi8WgM0ehDz6WGuqEYZjb6blOzFjo=
FLi1+8yztBTrmnRfipcf8s7tR8uiPjVxCd6AFVlSQ7iQ70Kpaum0KPeKjcQCSZULaSAHpDP9talpEHNemP5jhYzPJSJTBZO37zjqwhpi2q3ACU+koqj20D7xK1KsUueKBb7hAwi7ZuA9qA5xZI+Lrbw1PBJ6pcU7g/1OYs/ZeBM=
FLi1+8yztBTrmnRfipcf8tvBaxSiiChEByzpL5NV3QjT8n0FTNGZ6MacvccYAMTTO/C+o4Ke3Zxk/bRbeWH7joCJ0o/pqwlu9BLdvHtJl78=
FLi1+8yztBTrmnRfipcf8mDPgex4JONw4jT+Bz7XrFZWm8FA0Azz8woQkYH2Z51uN8+7IvzVeZNVve6JfAsHxQSxBhWo4d7f1/ZrAYlG++w=
FLi1+8yztBTrmnRfipcf8mDPgex4JONw4jT+Bz7XrFaZFmxaeNA9e63uju2yEuiEyHqC3XSjqkV3WDX2W9cmYzd9sHnyAwbaWUinr8vNqVypwAtNysBI+D7mGZ8feI+v
FLi1+8yztBTrmnRfipcf8uZ7VUW08WwrQr1agaNb9A7QqSEXgYd7xPuU4uQpbH+xEqIN/3Hbkg/izx+iTx1iWS2z6RpMRhB1efl265BTaOM=
FLi1+8yztBTrmnRfipcf8ksgRTDsrZ3kIPrrPOlbNp1JogHtUhCRpxdTGZAz19DBIYZiF+Dyk4PAJ9j7gpKC94UhO1t32Zzadvcf2z0tLuHr2ZWYsz9Bg7oTsXM8OZJLyoBAjSjpQvT4L+YueIrfPRvuBTcf0lL5rJChIo23XhM=
FLi1+8yztBTrmnRfipcf8ksgRTDsrZ3kIPrrPOlbNp1j+O3ZKzb+5tUD+a4JsRqQkx2fbHZtmS7caDgJqw5SNMik6x+ioQjPQJATRm4iZ3s=
FLi1+8yztBTrmnRfipcf8i5TS3g5XxKr7M3xzMI7V37DVa+8mNo8/rhUhEWKmJsg2afmoSSGi68Q2bnflapk1HK39XtxvEmJMmAF8cP/SaI=
FLi1+8yztBTrmnRfipcf8i5TS3g5XxKr7M3xzMI7V37WncEn+bZkyT8lIRa1rOv8/UQGg3Pvn8XfOsIhfRloeSk10pfgZTqnys1zPo//kGKth8LNArSAvcvxbYHeDiNX
FLi1+8yztBTrmnRfipcf8rkjUPwgO8otevXGkl+RdWpJUjCRXufRBssO53ojMK3z1/CcWj3vy7/q9HkqIpPkpVx9kpfuZPDuremg86J6B/0=
FLi1+8yztBTrmnRfipcf8rkjUPwgO8otevXGkl+RdWrxPQfrZaYkCZ8KmUDgjgUvJer+FW0M4k8qL5hKY0M2j0l1mwMK4Pa0wAKJdjiplw1wg19ywglg98Up6h1X5JTn
FLi1+8yztBTrmnRfipcf8hqFFlD+tj6gv+WUae1j61BGbtMsB5o0vhpYc2jVCdrfP4AXJpIfvZcG3Ef9eUHWS2Zv3AH+tc4Wz9lQJri4szE=
FLi1+8yztBTrmnRfipcf8hqFFlD+tj6gv+WUae1j61A9uwoHNaGB3/ZjlJRAlQVoKUN1ex9VhNbUkSNqY1RUAkn3Dyc/ritgtlfd7Y2YDH9mVqmic4YaHlK8LNz3YIGW
FLi1+8yztBTrmnRfipcf8tAppZsm7FJWBi7varppkNxIW8VKD4d+hQwfWRtoYTYkCvDKNbs61mP7rQi6gf02lhrCPeuP4GFH/LJO6hMPLVU=
FLi1+8yztBTrmnRfipcf8tAppZsm7FJWBi7varppkNyRh9LgKHUBuhpHFZgtfHtNbnqj+SL0KtBAL8TvpwU4X3aBOlaBgVfoC+sSF1XrmVEdgL/8NiM8PNW4IfmCz67w
FLi1+8yztBTrmnRfipcf8mQoxsdoYjzV6KO5VRhRePJ9mLZ70ufMC4Wiz7HBkQUO1YfPtSKJyE6KliWZQDanO1IxYHAYYaco5JjtqX+DDZ0=
FLi1+8yztBTrmnRfipcf8mQoxsdoYjzV6KO5VRhRePJnGDWFovd/iNiqwQucZji3PJpqkW0qVQVsWmIcmIyJbLgyOJCUkR8ttN5JE+T4IFwMaWNeKdlmeKwhJ1EbUXq0
FLi1+8yztBTrmnRfipcf8mgUs7wsEj1DgYOdv4LZacNUn7PVHwdYLWthrZN3F82QX7DrtkmcvvpjYEWjiAAxDrG8ifXUnySDWlkS6Caas08=
FLi1+8yztBTrmnRfipcf8mgUs7wsEj1DgYOdv4LZacN8MJzSpfNaSila6N1pm6nIz5O4912LnC65qalJDd/Z0mID+pQmUA2Z+U3ErxXu6Bb7rCoJKlOjjrGN+Q91GwD5
FLi1+8yztBTrmnRfipcf8qdGmitvNMkkT0H6e6gU0cos+Y4xeXlsfE0KVKkt6EATIheEn8pYKOUItoUcrmUivhItjV6b7A/2nU65avXUXJs=
FLi1+8yztBTrmnRfipcf8qdGmitvNMkkT0H6e6gU0crEaB7/C1WAkWH64tP++824zFSpplat81GTcVEPbIquHk3Ki8YZ0MtAYqeebIs+IIgmSN4wega/2mRhLIAYB7uo
FLi1+8yztBTrmnRfipcf8laKvr8lT4UKIKIDMye+18WjXtTFmPxcNhPkfKqOkTKybjPiQE7OOeN3cY5XeKh3ZrQzWDj4S6HfC5wl7ojMYKE=
FLi1+8yztBTrmnRfipcf8laKvr8lT4UKIKIDMye+18Xg1k1dCVMETd2nvD8HfXNrOmdv8wL/+80yty/A7OFd0jI24fi3s3UKBeuBJUuMdB8WfwzfYDfLIabFkiPrj3UW
FLi1+8yztBTrmnRfipcf8i1KF3RXOu82KqbH9Dbh0p/ichLzegCyVrAHh/Iatfz5gTr0pWwQEHbij00JXRZJAGpZ6naK4RO9QV3wZI7D7gc=
FLi1+8yztBTrmnRfipcf8khiFNGZJl5qSzYXQx2OrK0v6nLw9oHYeEpCWYorGHT9AeBjIdhcUISiZ+pVl7LgDAA1Bc/8+JNXGlf+mEcKkev66Vo+TczWsU7X7g28n60z
FLi1+8yztBTrmnRfipcf8u0dwuj78grH35mP8/HjswMrc44WuEMicB/94lHKj1IszxFMHI5kNB3PBFtulmDyycyhdpxYwBZIIVGXgZKUUM8=
FLi1+8yztBTrmnRfipcf8u0dwuj78grH35mP8/HjswOlyRa/hN3olhYkOHbdXELgk2oRPpRYGLziYBoW2OoU4KJyNBdKnJv6hrAYcusJj2Io3+OUIAemrMPTfN+ApqWu
FLi1+8yztBTrmnRfipcf8qZ9ZwgZBht2kuiuB50CyIeh14krX4A8Mw0Y2inQEqiswLE5Ez0v6rfk5bMMPyAaRnFd0o569tybuQqCd+B5rMg=
FLi1+8yztBTrmnRfipcf8qZ9ZwgZBht2kuiuB50CyIc3yHi/x2ZBpEJAJfQxF2NYWFGAriEPr6pcB0FiNxnku/Y5r9rfDiaPocDDFbHo065b3wybHW+wd+pmfc6clcAq
FLi1+8yztBTrmnRfipcf8vtuVZFKKlbJCv6gqoZqhY5Kt2iC3mlGvmHbgCMbmR03/oOtE5xujq2VKZV6nXEBmTKZ1G+sFUEHtCjmt+DTjYc=
FLi1+8yztBTrmnRfipcf8vtuVZFKKlbJCv6gqoZqhY4Jl4vaEhuuwcBD75xN1wSh/zP1iqvx6tUsgSig5L1rUVu2zXnmn24WvnlO1m8W0z18rdpyMv6KCrXhOX5fjdZW
FLi1+8yztBTrmnRfipcf8qzDafQRr74yMKyUSk3BJwtZNzG/qHQljDVJQ4L74J1OjfP5ID6v4YZ5qTlqVLdhZXN7KhBE/iknbxDcy3/lx2s=
FLi1+8yztBTrmnRfipcf8qzDafQRr74yMKyUSk3BJwtOj6n0OXLqdlyaiheSkLBjz6m6cOjO5smI/t06Z3WDbidaLPICG889EpbVlWrCBL8WephBDq5r/9enumWTOaCn
FLi1+8yztBTrmnRfipcf8nOguB03Yv9Z+YZvSh8JbdJ43d4V+RA3jQfxcGuze40pc2ZtgunTviaOJC05ilwmimM6hVLKw0nG66vHXKDvO5Q=
FLi1+8yztBTrmnRfipcf8nOguB03Yv9Z+YZvSh8JbdKyWnk2cr3gkLMgi4qMvEoYQAmWriWs6EHDv1xgyw7Sy2308F4WcwowcKjQEwe7QqGyzAQ+L8sSc3Y7dEUbqpiU
FLi1+8yztBTrmnRfipcf8jBdM43tOE3UcYwGZodqRCzUgpRowEoLunKl9C9TmBRPIm3I5cYuJItJ31xOs6Q8kI/NYBgvtdMTkUjuG/uKaTw=
FLi1+8yztBTrmnRfipcf8jBdM43tOE3UcYwGZodqRCxOTf03Q47Nplc1vqvvZbGbfrve9Ba+ted7wxuovTKRDYzxJJhIQEs145pkS5hBNpzRCs+GLBp2vxWP/dGYNkCw
FLi1+8yztBTrmnRfipcf8lk9D4H9RHCgurhT4wrrouhHicuR5ElbpP3RgW0WwqlT0YzAq4m0xHEdLu0jljqFpJANuMCl4pd4ouzst7tSQYc=
FLi1+8yztBTrmnRfipcf8lk9D4H9RHCgurhT4wrrouhIqwU8SRR5UEfOAylzCiyoqIlIHGx0/WjW23/Cfdph3vos7+x9Lx18NU+5sLLD73dVNOTyJ77Hm6PFPlwgCp7F
FLi1+8yztBTrmnRfipcf8rwvfanICPDcC9GeY8DmDxHOj46dqhUj1L57zHYe70vb/llh/ySl3tWah7XaxH0yLaTLL8RG/cbLtIS0a1/8yLw=
FLi1+8yztBTrmnRfipcf8rwvfanICPDcC9GeY8DmDxGeEzGb/fpjGZgZKBoV6cHNedklZph8JxcrgbmHTvJrpUiOYxJ5dkMsTSfkV73VQmhtnr1wCys876x3timu9wKQ
FLi1+8yztBTrmnRfipcf8orrkki7BlmXZIssICujgfdT9YzoVtWOWWKqILrZMgBbTA8cq1DZQf275AojKW2QSmYVOU3qmVG4GeU3Yr/yrJqNkOcpGJVBfa6t4NyMk2PS
FLi1+8yztBTrmnRfipcf8h/d3lf25+pBv5vqEyICwI8tNjChlHsfK2K83NT4cdFYF24X/IUz4vfuLKtfQtmYDHpJpqqxje9C3jceq+HzrtU=
FLi1+8yztBTrmnRfipcf8jGnuBUrBRJ2jXEBVlwn3u7u6sZCnOz+StJy25ewuN/iye87ErN/Hp6s2IAk09X+48Ku8YzrbZZFKTO/wpyuImw=
FLi1+8yztBTrmnRfipcf8jGnuBUrBRJ2jXEBVlwn3u7yJ61VG/gFTmTegTkLfJk553jW2HW1GiNqfy2J6zYIOsk5+BQ8hjbR1CdV/XmbNqz+JMiME8nxPiHTQuZVw2PQ
FLi1+8yztBTrmnRfipcf8vu+HTazkZM9VC1Xz93TZ4lo49HWl0iPSKWgLF7KqNNmAvyow6+4AUlXEK9c6cNZJZctcTMczF9w6Yhh8r6/csQ=
FLi1+8yztBTrmnRfipcf8vu+HTazkZM9VC1Xz93TZ4nrImLvzsRjpE+38Zc6ok5FrzpfTlzeZigjEf4AKEQXUW1E+KCX5mMPDSnVSdgqcaVrZOeb73Ovwm7MSUTxQQOOgPoHYL87LMYh7LuTnBUOf9DASDW5zvP5org7Jj9zsEU=
FLi1+8yztBTrmnRfipcf8noqQF4EakDRNGSp0vHv9aN8lU8E7FWyU5TFkGdR9lVpi2I0OHoIAvUJ/3LdOGR7a40Th89Mh0y9qPPFdpJ18nE=
FLi1+8yztBTrmnRfipcf8ngtDHM8f0x6Dutrs9PCiNrStjjN07YeQGX0tZxSZRrWvB1bA53i/zIva723+X6P9rIUeCaaTsbIoOG+HfcaKHk=
FLi1+8yztBTrmnRfipcf8t/kgJCcQl7UW/cORAkwE9Vt5R70pfioavPfQ4MTiZejHwUDdUyZPa5ovDBKAiUcnLJuKxoCL+vbBe69zUsJwirzzPQTYmtiu6qrpiBEB29E
FLi1+8yztBTrmnRfipcf8sPDqRiWUwqiTJa3x1RgGE71FXvWtWwLsja3M0FDuiqa5r+Mj/8jbQV8gQA2ESu0lYZujaIN3ZCzEJIIoHWl0nw=
FLi1+8yztBTrmnRfipcf8sPDqRiWUwqiTJa3x1RgGE4WEzI3yeP+IsMQTGlA4or76U+aBGOyN2ClL1JGGgvKYtFIjAWcncFEq+vzvO05cqqFOctL+TYT8/121F0AoCAg
FLi1+8yztBTrmnRfipcf8rU5HmIpAtzUMgGZc6ufLGRTavzhEUN1mlbyTynOYVAUY7R/r1L9D3MDBfWJwrXaF+lNJD80MyN81GjJb8EQARQ=
FLi1+8yztBTrmnRfipcf8rU5HmIpAtzUMgGZc6ufLGQQpkoza5RDP7downsnlWRFOWDd6U4mCRkbDRwLBoI7O1C3yx+eFCzKSChBGzWgf26CykRD+pHTky6zbxTHkofu
FLi1+8yztBTrmnRfipcf8jFKvJaMEVJjOuW4enwOA9vTspNKc9FUYAvK6Am16u5yTfA6AiexVy+XfLsK09ybS7sPjMibMEa6EAlLlG2UeaY=
FLi1+8yztBTrmnRfipcf8jFKvJaMEVJjOuW4enwOA9vFE2cBjnYu9DqwfdoLUnCOW3J6zIrXf+YfgVQ6AGsaw7ZNZSmaLWjnrKxGn33mWYfkmm2RVx3bNdrGiG2SNuRm
FLi1+8yztBTrmnRfipcf8gPXsycwWIJRMvduWNjLEoZni8LV1/t0wRYMajGLkJLLr/8+Vjg3zETbP9K4fo9IpQ7nM3Ozf1qtEAGpdABdbj4=
FLi1+8yztBTrmnRfipcf8gPXsycwWIJRMvduWNjLEoY/a+oo2GSvqQC7ppiYRZXAvttBCTm2l1NEJYeLce422qF7SjqXkqneWUadIwbZcuvwaXguJx/FExXbUPriOMRW
FLi1+8yztBTrmnRfipcf8qfYJ/zpOGhL7kbOkJxqzLzR85tu6W3+rACMMyiApOu7/3gdLn8kxY1V/5lkDyCPzgqQRbTCJnM/YT3MKgZ45n8=
FLi1+8yztBTrmnRfipcf8qfYJ/zpOGhL7kbOkJxqzLz4KIefS4WZeL8caHflzeZC30trZswoEZEsjeT7xsxzORcZtSQHOdqhvwvztPk6kIebt59Gv4PMG08TgpphlGri
FLi1+8yztBTrmnRfipcf8rmGuzHK9TX2z9e/d/3E3whGl0b7L4+41IPzAT7/NIDaYVAzY2fQocIAFJcxDYAO8oIQYKHR3OcX/EYhulJ/EUo=
FLi1+8yztBTrmnRfipcf8rmGuzHK9TX2z9e/d/3E3whk1Ah1PDd/z+iAifZKoOpVz3A1EPW41rOXGs6qrE0+eW3gJBEYUe6sZJi97/4zP9ZhAiJ16a4a/YpGxjUdHeVg
FLi1+8yztBTrmnRfipcf8jWJdClWj8N4RELbyFyTMWqn8cfYvmXMrGaF/3BupT5JvQVc3ZhBqPa2LFlUwcerx0c410izk+IVSt4pBUK6UD0=
FLi1+8yztBTrmnRfipcf8jWJdClWj8N4RELbyFyTMWo59XxqIfAMvQ1YHXRKpwv8G9IbF5Tp3qucZouo3fvfbx9yV6dnQMxmEYB9H4oH6dEgzhdSi42MS9d+tC7HyoNI
FLi1+8yztBTrmnRfipcf8movinkv9otxYBo5ZMYzfNzi29VNJ5Wvjhfq7vH533es7tuMnQm53E1NVNdkecBmcLJlSboDzSadJaYRNHjbF8k=
FLi1+8yztBTrmnRfipcf8movinkv9otxYBo5ZMYzfNw/3XfBIlar/0SM/P4lDTrPW45qP1TU3+p8MEdKD7nWv0y2K2M5+5koITk4peKiICztlw/xU6VGfbaXfHScDMr4
FLi1+8yztBTrmnRfipcf8p9hy9phoyOOtIfG4Lvwwh8nBuHyuOYZP4Opol2Na2Qb5o3s01dr9lMqV64OoJKhI0R5IWBPgH7vo8NOApxUX2U=
FLi1+8yztBTrmnRfipcf8p9hy9phoyOOtIfG4Lvwwh+TSvRJcHDWgUNjkI8/GTzE/6L+nc7nbDhge0PAE01Yw3rZC3Gmf3mstIVkEmj/v4fy1/crCJW/+B5Da/DS4ne3
FLi1+8yztBTrmnRfipcf8lj3VfF+eYrv4bL86+tglP7KCAKDfru8jp4YE1DZ5HVyi/CUprCGaKm8sXm9dW+7+Y0U1VHrNSb+5v2KP92fe3I=
FLi1+8yztBTrmnRfipcf8lj3VfF+eYrv4bL86+tglP6yzrVm87TGcrD9D69qkD4hwKsoz9VqxDujJxEzv8mjI4viVCqjOf9yvlZu//vOV01zWu1fb2phR0iGYYIzM9SQ
FLi1+8yztBTrmnRfipcf8jR9BZ/g6GUaJfOan7sJETdIp/VdT90Mg6bRt6m3UJq1v3aMPw3FuuG/XWxlB3BvPIILp5iYiFt0SYWLK+2nOCM=
FLi1+8yztBTrmnRfipcf8jR9BZ/g6GUaJfOan7sJETd/o0u3YgTsewRsEL9qA4oeeiPXeq2z0fDNMKrCaz7WwgqKveW6HbKvqT66TYEvI9BpuJHzyyXTXzBlX+ZPa7H3
FLi1+8yztBTrmnRfipcf8juW9vvnFQQ/qpBB0xPPRj+KUKAWn5sRH4dt9wLSs6Jv+9k8U4bDxxwnOq5GhkwXxEg/6uY7OhYkxtV8+V+ck6Q=
FLi1+8yztBTrmnRfipcf8juW9vvnFQQ/qpBB0xPPRj95oxTB5K5XfckFtb9hcwWcB72eeyqn6PGdkqwE8Kc5hXm9inodoPRdwK+zHu5beKIuWZquWdoLf6DRF/pk4RlF
FLi1+8yztBTrmnRfipcf8kyVMfMay8lQD9UoNBMH5XrJ3kpFfeVfWHxm+dqccXLcOCKeH7djg430a206QQxUIJQIc6Hhev4qNJ1paLZvdHI=
FLi1+8yztBTrmnRfipcf8kyVMfMay8lQD9UoNBMH5Xr5y1ROtXLgjL2VnRS5DMytfawmOvqrrsiz9WRf6vno4dHVLpY+ZEzUb7L6zRxUb4lfnygmKhbFH5/6RnzU7xxE
FLi1+8yztBTrmnRfipcf8q0oskqlPlPveXyyPFPGVZW/gZYGp4cZIgGv7QjVonw7N10CjufIX7dzd/u/3GVTmHAw6iHed6FFgU3HFCUhmw8=
FLi1+8yztBTrmnRfipcf8q0oskqlPlPveXyyPFPGVZVEl4RBQFvqhHs3terFC2uPaLSpfzkU1B1EM3Lqc/aKhbFIhkv7iq+7f0RWp2xpieOhP0XcEqYPtB1ssR5uAEzP
FLi1+8yztBTrmnRfipcf8rTRMemUPqwdz/ThXplzKwZJ4fb5qcjFDFE2y83ecn/H+yE/hBH8n/2z/y3p1F21PG+eRIZDPSHZsXtn6cgSPPYrKpADG91lKzAheXIRHF3Z
FLi1+8yztBTrmnRfipcf8rTRMemUPqwdz/ThXplzKwZLHTxqe98o5iFRhO7bM/yXTTnCJSZhM5tKSuioZL6jPm+Lx0S53wDLnGbF2WNG/tM=
FLi1+8yztBTrmnRfipcf8ry6ryuKx8wrupl6iSrItcLYSaumriUemcB7UKBpzWndnBOiIYNRrF2x1jG6nq0k4aSscomXYn5zLF9zD68NPFU=
FLi1+8yztBTrmnRfipcf8ry6ryuKx8wrupl6iSrItcIpiilcnDL/zKiRyffHX7Ob9SnI8ZzW6kFYwdLiLcxb9/ul+hzboovoG+Td5BOmw2NnEQNJXVHTKk0xVuEe39/4
FLi1+8yztBTrmnRfipcf8kpDNpaXXok9YRJ8Ns9QrCcyEsuH27yYzN4iiUXKMnkLrGIJdCyoweUttisIFUOtTv7WGkf0j/kDyJmxHO1dG5o=
FLi1+8yztBTrmnRfipcf8kpDNpaXXok9YRJ8Ns9QrCeOxhEk1D8Jnw7MqepLKsIMdJL607qHf0yF/fD5Ugbv+AOI0ErP/Si+f2bJyhR12rdBlrUA3wypxEWXg4oarsr9
FLi1+8yztBTrmnRfipcf8ryB6t+KvOe6DAOvmOJ+vXFIEDxQ//H1i/vFUKLSidzqawYKaEIr9kVcvC4F605doiL5N7iHmsZIO4+/muZDkzI=
FLi1+8yztBTrmnRfipcf8ryB6t+KvOe6DAOvmOJ+vXG5CLcBjC2ofjGqh5ImP/WcOCutweoFnjPMRzWsRa6s8cQHqs9HPt8xuKhqFltrK2o/QQsGal83BCCbbR+sLKXF
FLi1+8yztBTrmnRfipcf8vSgP8w+B0ldF57hjqapN462Av6fIacx7dncY8bNCdqwVTBf+7Gdtwn7C1WW0MzZfBppoXSsC5Dhp1cDGPlvHy4=
FLi1+8yztBTrmnRfipcf8vSgP8w+B0ldF57hjqapN44NzObxFDG85qZSw2szosuaFj8JnRpPBGbwN44T3JDj0T6RB/sb3KiOxUc8tuVKEkEPk04YcQf6naKWb0yL6VlI
FLi1+8yztBTrmnRfipcf8ur1H1i6bpQi4SdnHxJ5YUmDD1aqHuDBGwVW0EBskXMVh5ru5SLOEldFbpnIcfPUFu+/Vebvqh/eibU+rxQDhj0HSdLEUF5O4ni1eru2k8Pt
FLi1+8yztBTrmnRfipcf8ur1H1i6bpQi4SdnHxJ5YUnHP3vWl7UPyECNaabBdWPo1teWwXyziRyvG8DlULsLGQRogdis/LAwqoRZlcyQQFA=
FLi1+8yztBTrmnRfipcf8u+TySi0iB0v7pEO3W39Me4JFTArhvT5WOb0sXM24PddeSYIexjfuNf40G6v6CYuZFy+2wpzJ6oZUny+jXU6m9w=
FLi1+8yztBTrmnRfipcf8u+TySi0iB0v7pEO3W39Me5x6r5WrhzJp4l71NVOmsHBzVAWDVXg/zBItgIp91lYOpvZ1g4W1cXNoKsSkYwe19LwrUjnOfgQrVSmwqcTPwLw
FLi1+8yztBTrmnRfipcf8rw8FCqEStTSbXGvjQ6ua7jnvI/6nUWbyz3anZg901KZ0wLomcVQIw9kLOO+k0tENJ5vFMli4UZg5he8mlJC5Rw=
FLi1+8yztBTrmnRfipcf8tob0bIqEN2CR9prx9pwJKv2kaZehLuzK0q7q/S2LC8JiybtM/D3iSRXXeGUoftsAO3fiJl9i4jpmSYZB5fQ9rhKyKo/0O0sd6Nnc2OCcCiqeWtQ5ND/zPT4cp4Y/tAnlOPLIKuuNYo5revFEYn2Rcs=
FLi1+8yztBTrmnRfipcf8tob0bIqEN2CR9prx9pwJKvTFuKrpIGqoWRrPXu3SlkJPojZSmejnyBSn/MYIBkZ+YvO3QcShGodVJaeiV5KvWw=
FLi1+8yztBTrmnRfipcf8n86aNB0Vm+0pobBiV0sabFTdhD8mJ69J+pgVZB/UPRDeyYZFWg/11aKcXnA1FfmHEQdY/I4Fk/qKrScI5rZccg=
FLi1+8yztBTrmnRfipcf8n86aNB0Vm+0pobBiV0sabHGzi58RgTjTN0deS2Xq8lD4ZfQoaHlsxv32eSaDw5F5xbna73cOeLcDFDLeV0XxnZd1VFMVm6U/K4QmZBPAMlXZBdziQasmmJtllUcWxzZ54f3QiF9sxB6ZGQC55/jbgk=
FLi1+8yztBTrmnRfipcf8sQuYK//bR75teMHBW1uOtcHZPrikjYqMnf3d6lvCb/c/61bAfkixxoLnGkR14ZvQKZzILnrUlFJlyMrrNhbBHU=
FLi1+8yztBTrmnRfipcf8qe2F1XXxLj2M11fAQk//awTEyphq5JhvyhBI3K7TTpnTILC3A7vgJPZ80HUdsSDFvzM5uhwaDDPeYPpSn08cfs=
FLi1+8yztBTrmnRfipcf8kwXjZl7YPj9YkLhklSRyBBRqmKFxyGVDGoMaJ4U/BJI3zpu2CoPVBKcVqJWkflm/vQGoaa2gXFVEp7I4uftZ5T4F1FKumWEerfsCU1pH7EIuawGho/eW64XJxzEnssBlx5vDGqEKffrhLajjeDx4PI=
FLi1+8yztBTrmnRfipcf8kwXjZl7YPj9YkLhklSRyBAnEXbjB+07T9bVWPCV5XsaGYJpkv1ijSQP2VaMRzxImes4T9ZJ09HD9A1ki0WkCzc=
FLi1+8yztBTrmnRfipcf8pv8WxFM2W/64nxI0+cVeAb2ce9eKvElceh/G+1tdonW6XPQhS2JaeIOLMPjxfuza/g5D7Hiew+GLqtxMIXD8DI=
FLi1+8yztBTrmnRfipcf8pv8WxFM2W/64nxI0+cVeAZ5OYKSmTST8SpT/tGhzQbQCRhtcRqafOv21gVGB24jLcRiPt+I2nFCSnQbTVKMHYouL18seqRbtjNU+w9kH5/Bveu2QcfWqCiWI0tKXYfDtkMLmTcWuK7YnGFne39pvYo=
FLi1+8yztBTrmnRfipcf8tseQ0Vmou0rLG8o32EsbZASj8GB69tmbFxB7a6QLuCKI58nlWmwCp4X+oiLm0Xe2LVE7SJM8wRttWV2uV46GV4=
FLi1+8yztBTrmnRfipcf8sPEyFpD0A4q55OsUzaZpv6IO9R1j78bi99CeSfTpKFgLZFn1RUP09JrmV3mZ5VSRNBIoYj+F8Vsrd8IXTH8IyA=
FLi1+8yztBTrmnRfipcf8m61GPXwV9C7bPU5PJBCJn20idg8kWAMuCaRuJyrOjUWTVf1sv3OBCqcNUlefk8ZDAECAdS86EfmTTV4s+Mmegila0Iiqda4jlrJdyE+uGxqZxeIMzr8RBjRiVHzh/8MLT/jGYKaz3Mx72fGkRtynB8=
FLi1+8yztBTrmnRfipcf8m61GPXwV9C7bPU5PJBCJn2QpFvRV5reHRbQ38Y5CihZjbcxXZFsPRgNfegeUdcZcFj6pCaDKkvtIJGNvOWNkbU=
FLi1+8yztBTrmnRfipcf8qqFDXE+cCdd5wEE8YqOvIh5PuQ14anUCooi5JGrDQgSO+oWRxmUBi2SFoHiQ68zH1IiDPHi5tPCWM7wrlPfidU=
FLi1+8yztBTrmnRfipcf8qqFDXE+cCdd5wEE8YqOvIi3frBcQiASB+aptO4VkWbs3kdsVoiptAAnG8Tx6auL0yU9JgLLA3GbKkc8dHZ2pcQ45GjjIvQzk4Rr3l16/etlkzP9tbLeGo7aE57jSY5xDwJkDH7h0zhoLf87m8nvXI0=
FLi1+8yztBTrmnRfipcf8qqFDXE+cCdd5wEE8YqOvIjifp0tfztGpSi+e4lVYUnQiYY/bA3vJtOOq6OHNaHJU1BttXqMQyxPMWdWSRw5xk0=
FLi1+8yztBTrmnRfipcf8uMk22FdL0BAev9EHNnqaOtZXrRjqUKDEkghHGN45JAKzRFYQGz6wITJUe1m8oxkJX/GiwkzWiQJV+xhzIeb45g=
FLi1+8yztBTrmnRfipcf8jjQblCO6iq88zecmAN3vZKLMUSWGqEv3zgYcDWixa/J26wF8vYApwRB+BQ16yxUDIiKXhRygpqraV6mvqhbo7hs7NLXSSogX6FKhmlSQXEKHuyV2d41bny1zFU0nPUCSBDhOPOHXZKhLwJKzkULGHU=
FLi1+8yztBTrmnRfipcf8jjQblCO6iq88zecmAN3vZJm9ENlsIXfm6dkcABlh3tSaJQa1Gw7MRXyjshv4rx7qbODkxsJRssuoHsmge8mUBI=
FLi1+8yztBTrmnRfipcf8u151Dod+hxCKDCjKDH4tBkInQyrpLoUqhZtZOGzGPyV/bpy6BeQSsh96jKDpw2VTKngGpPnTQvkp4Eo3lC7Tw4=
FLi1+8yztBTrmnRfipcf8u151Dod+hxCKDCjKDH4tBmJCAieOvHlCIxiSkb8i+nVzXBzBxNN718j2QiUc1AZsCuvCMDXPiZF0WvieixFixnH0UFmZwKvhIwGkkM7D+/BPjcngkDMFZlraBKLTqhvJenFIMLHxC/4Vr8NAYGQ4rs=
FLi1+8yztBTrmnRfipcf8u151Dod+hxCKDCjKDH4tBlr+bZYcDSGredLFKEqY3x/4QNedPwuPHZ72mCvDyikyGQzfPofRyZWtvBnmhTfUns=
FLi1+8yztBTrmnRfipcf8riM9YXYIzjYx1pThuKVAQLbfgsV4boaRYVidhyenqfnznhZgQBD4pSsYfg6Wyb2OxjBzwimq3iduY+x6Jttlpo=
FLi1+8yztBTrmnRfipcf8riM9YXYIzjYx1pThuKVAQIN03I/2A5qm3PiqKemP9wVNTdKVSorB00uVRhXkmpjF9HQOoCrIIEZrOewqrzoIpq/zAQi6x1ko0Cpg4DgoT7sg4cur6DPp53ZBi9kuk9rLU8SKxCGfcFQDEJg0wBN9M0=
FLi1+8yztBTrmnRfipcf8riM9YXYIzjYx1pThuKVAQL07GiI48EaRHAIXN7Et1IPKKtmsAqeYT2x+abij68wghQcG8nbcldiRpem0+s52U4=
FLi1+8yztBTrmnRfipcf8pP3J/aLuvd3po5rpy+GHaqHZyZxLkfTcbJlajjtDFyaFZk/REN5m1S0rxIfFcbb4tV/yID5jatWwrKjIWqse9M=
FLi1+8yztBTrmnRfipcf8h5dyYXhCjV/XW7ujwD3xQlP5Lb0kmFacBb5XUZu3kkP/0G5YbHSZiQj+44S8SBt6/v/MDnV/gece/lQdZUMfSR5aZzHab9K/JMGvG0/P8TksREyvqw0nNfaOdf5DaKYyJREw/cHkPT1exovsdFcc4g=
FLi1+8yztBTrmnRfipcf8h5dyYXhCjV/XW7ujwD3xQnqBj6wdtmWFQeNZTfGNkLGSdXB0voKeZHYgnusZDYgBRs6BBq6LeUfff7leRcZc6g=
FLi1+8yztBTrmnRfipcf8iqLO+FdZGWEeFckwxh0KiKQ5mGXLDqugTsrpQLhb4pXljJrlSzmF70PKmpb9uGyPAPLVeSwCz5PEcAwRN2XNEc=
FLi1+8yztBTrmnRfipcf8iqLO+FdZGWEeFckwxh0KiJzMN5m5NqjMwIvmWcw2LOBqRfOy7G1feOD5iB4wPVrojigtKHVBQlgwXaqHgBSXOu9f5PFLUIphUZYU5iO71gHfM+uVTDDU7waAdP0KFGLZg9ODXcAQUMqgvmzhiQHaaA=
FLi1+8yztBTrmnRfipcf8iqLO+FdZGWEeFckwxh0KiJpy2nsrrCrv5pep8ogdB9DkmLtxGhUeZq2RFba5geAGZOH6fThh36vEfDDavSalXo=
FLi1+8yztBTrmnRfipcf8u5Xnw7IbvztTXWDt4FCDlUqmqrT2wqgkT5y0l5+WpdRqgMtTAFm47FqSrVxNH3rExIeAePy/tt5damfVg6eGJQ=
FLi1+8yztBTrmnRfipcf8u5Xnw7IbvztTXWDt4FCDlVh3pLyawtDViU8wMMQxadnK2ENT/1dHigHmcuxQFcEGRYfzkWO6nj07Aqx+BS8yP0hYOBZ1pbQp9q8sODIV4jSPtYFjxVREcIlrMY8ftMrhhchKPho3l5pdU39imx+D3E=
FLi1+8yztBTrmnRfipcf8u5Xnw7IbvztTXWDt4FCDlUbC0umgceGIuSiLnSdjCHn/xjkc1pnxoafwfuFJKKd1XMvH88lwf2A9/odFu8xkaY=
FLi1+8yztBTrmnRfipcf8hDDtEF3BMh8HGg1V3wxpi/sMNhjEe9xSvr1wFXmCSVc0Y5LfcJC3yb1kNvD41WjcQDGOAABwPELztde4ZBHrqw=
FLi1+8yztBTrmnRfipcf8hDDtEF3BMh8HGg1V3wxpi9Nl5lDUaee/bym0GmzcDmH8kHWh2aHHcTTGUc6yKUzDg==
FLi1+8yztBTrmnRfipcf8hDDtEF3BMh8HGg1V3wxpi8OPXpZCKr/w/rsIqbBhxBnBZj91NHwMN4Uz4BMykBz5dQfMSfPXXtmDreHE+rJF0Q=
FLi1+8yztBTrmnRfipcf8rQZXRmVL8w85PSEyvsABMA6dLhdghUKS03PnjmIN4Lj9B1bSjI/B3I+lTU0oF+4opDi9PgcqJnRS1YY1bskeMk=
FLi1+8yztBTrmnRfipcf8hypVMM8kpIpyOeEYc69nbB6VeNHJwVgPXv85wu2x9FGNLRXsrLL9CkNXQ9agK6yww==
FLi1+8yztBTrmnRfipcf8hypVMM8kpIpyOeEYc69nbAGn/k7Urw6MbhHV9zjgj+K/e3Eo/+j06SKJhKBP34nvmU4EaUOwtDWWoWpb9MjHEA=
FLi1+8yztBTrmnRfipcf8hB0sHZBypb+LxvfZA2duWyGSbavbUCVwgkuBlURvX+lpkSaRgxwEZ2LwYBksa1DkWoU4Lji8pM0mCjvEFFXnTM=
FLi1+8yztBTrmnRfipcf8hB0sHZBypb+LxvfZA2duWzyyzsk8te0Em/pkITfbJH+j18X8dNeK6PwcwdXgzNjCw==
FLi1+8yztBTrmnRfipcf8hB0sHZBypb+LxvfZA2duWw6RuihUKfMCwj0Tzh0Buwj5YnIXqhkIgoGEOehMN7z+CySZOXBnVR7AL9ymNHdPCc=
FLi1+8yztBTrmnRfipcf8hB0sHZBypb+LxvfZA2duWySD5+J/eKBRsXUEyjWgL4evaitc4XuL6fnJ+ZVu8tv6EI6hZMJPgZ5AS4Ra8m1PaQ=
FLi1+8yztBTrmnRfipcf8jzqfq6iYPCqfHXlB7HTBgQsXIEqNNhYWIi/GxBpc++9y/rTsgnG9/WD8DL+cvBsyA==
FLi1+8yztBTrmnRfipcf8jzqfq6iYPCqfHXlB7HTBgSN9xCy4mGaqugDNS3KhJ07MQPmyQjelQqIavZyL8hO0ZTpnZ6mZa38WG8O0ZjY9zw=
FLi1+8yztBTrmnRfipcf8jzqfq6iYPCqfHXlB7HTBgQiISiHL5SBdchUXlFlGTLTxsi4TZhcA+dq6vucvpf/kaigLKJbILjQLdnbyJJYgh0=
FLi1+8yztBTrmnRfipcf8jzqfq6iYPCqfHXlB7HTBgRAtGzcZbIbccFhHW7el+Ktw0tE9LSOHK3bS5wGHX06LA==
FLi1+8yztBTrmnRfipcf8jzqfq6iYPCqfHXlB7HTBgSPtGKpyb0aaKvGMtvbJ+b/sVXtyGABpJyR6tn18FsUAMAAwVsHNIgPsHRGQNgktrw=
FLi1+8yztBTrmnRfipcf8mRppSu3v8tbKtIMXwPqgMlNCpXickxLjYmNs/66YvAIEDJtsWKr/8GDM2fzffD9HM6K73yIC/MgXOQUcqQQMmI=
FLi1+8yztBTrmnRfipcf8ibPwLDRz/TkQzC+BLxfiTXYh8Tuc7duQfzkli+ytLyOu1XqwerI0CDnPbkassfs8dCYG8q1o6gt1+/z1tbp1IGhDpYO1EA4Z25M7L82SKsSYdsUWa4FYWlSu8TRfkxNbGJjllkoy7rAga10KAzcyTc=
FLi1+8yztBTrmnRfipcf8ibPwLDRz/TkQzC+BLxfiTXQkxgRFPXsY7YN7bgJ+wxyUKbzPjm6jUz/2x+bJmf5NT0EXtzP45fEGT4EoRI5xpk=
FLi1+8yztBTrmnRfipcf8ikh8C7IG2gj3EIwkz+1TWF9X8/nha3e2qBe6rm6W+FF9KlsKgrNt8thEyr/8cYBuWjTfphv1ytxSbIAQYtNqmI=
FLi1+8yztBTrmnRfipcf8hvEEKRUZpJK4e+NVO76s76zgfhHIRyBgnDM6uSLHM/dv1wjheqea6HOuIzr8gRlKUiunbiQLvTg/Qc3u8wH7eaIggWbeVlk/cAkPHx1NIgYeemKTcrfo3EnjdjLbTxNsF4/47TRG2PII12ueC0OUBQ=
FLi1+8yztBTrmnRfipcf8hvEEKRUZpJK4e+NVO76s75Gl8Bj59me0/IUIO6TGGioU3c4HAnDR1UwCBNoU5am8vUawmguf/Us+406ze8ylK4=
FLi1+8yztBTrmnRfipcf8uNuaJH3f4cswCq1+Xn8z3c2m08ITiAU7+NuiXHa86rQ1K57sMAEMZczIfoFC38nxHZ9oUlq1473E+/jzguJeSI=
FLi1+8yztBTrmnRfipcf8tHsQ2VeQRxooMkEw3wmiLC0+wyfO72Fxuu+pyjEYjA4aF3ZXA1aOTd9Pvb/TELYLf4jHLsJ6lNXu9skqSPP1hWWxsYvj/l19Th0hpyWEC+baOiqjOy2kwBAdFoP9LaIVuynZ/qDOE1i1vSi8NcFGTk=
FLi1+8yztBTrmnRfipcf8tHsQ2VeQRxooMkEw3wmiLBkfah+Lj4Vudr52PJb8fXI/0sPPmCZTgEDFs5U4myQsvYUXf7/xnlxuHB56N+oSGU=
FLi1+8yztBTrmnRfipcf8mpla4TZf5DNaMZGiwhIIM5FHEx+9r/nfGH7FxIg5QPF7tE0RgXdXTHR+beWc0O0ZoDH4G0qlCGUNheN5+yoLJQ=
FLi1+8yztBTrmnRfipcf8mpla4TZf5DNaMZGiwhIIM7D5uC8qzLcAN1aMfBDuX+EHcmk5bWp9ZMFhSBx8bJkj7qXYUw3RgSgFWVRTKpjy/OWbzFu5m2HUr+s45k428324UgMpF2tn0Ggmkkts7UTJfMQIJw73O3OCE1e+msC+ZY=
FLi1+8yztBTrmnRfipcf8mpla4TZf5DNaMZGiwhIIM6e3FFyj3Pk8tAwOMRWEa8tVYHeTOEu8tC60mAys76w6OubcQGDsFtI0n8C8FtV9yg=
FLi1+8yztBTrmnRfipcf8vRZ4bWKv0CM8eXQMUMhEkEyqD/EMwjk7Jy5HIpveV9yCHaTyzCq+0WTbiD5hoU2ifUnErNC3EOW/SM3A9nqMkk=
FLi1+8yztBTrmnRfipcf8hNY8qEj516HuOtUgUpT3GHotxqiSRR318rLa2Bdc0ADa+9uydG4OPWXeOhloa88vxcLWa5xL43oQSWsOcE3iq6gJitjHc1pfUxzqot0fg9NoAo3QvxkxOouDfe/JBO5h3jelaoNRw0YpZDZ9JQFHTU=
FLi1+8yztBTrmnRfipcf8hNY8qEj516HuOtUgUpT3GH8HP6B46C6sFrNzn/B75w9XK/yhiUMM3Vij+6L3tl11MhmHUl6ZPx1HHKesKeZF5I=
FLi1+8yztBTrmnRfipcf8jkdITAWrA63SakFGoJJWkzaKFdMlqE5Ub5AAxc8ze94hZ7UHTVo4UKngjdG/0abxWYckjJZOb57tYRHi18oFwQ=
FLi1+8yztBTrmnRfipcf8jkdITAWrA63SakFGoJJWkyBbdDuGjmpDZHodNM7jT0vozzKpv7C/Oqcqkc5mavKF0Hn4irP5pouphJdMrjUzFRyas80izZlQNXZT8xlAvlgJ57KeCkMFV+MUtqAHP9euXCfIy+waWGFyBG3nOCtB4w=
FLi1+8yztBTrmnRfipcf8m5sKqLkzkLQSWxEUxHSUqHFmtpwzO4a1nrsVMgbPZYL+++NECTGpTk3vxQSwnETZbfht5AP5GSXwQXyrpqkv4M=
FLi1+8yztBTrmnRfipcf8lUUXYqYqLUGiJLTfwtMKClF97ZyikHS4xLLIr74f3Ee2qE3Z/eAvkcBTEep75EdJhAIP3IQ2ueAj5FZhGOhMyM=
FLi1+8yztBTrmnRfipcf8lUUXYqYqLUGiJLTfwtMKCm8z1UdETyfblRO1N6ykhgDoS7AfjpEVqtZkC04BP0D0XL3T8adbVGe2aEV93HlDdSPj1BikTFN8GxJ80r8JKuW0XMDX+1m2HfcCrlssr5FKSrxicbcXRUOoU12PLzN4E4=
FLi1+8yztBTrmnRfipcf8lUUXYqYqLUGiJLTfwtMKCktaUXzqW2Atu9tibPI6n+omB+AYTfrjiaA7h+3E7udxsJydc34RsNdLibEBZJhzBg=
FLi1+8yztBTrmnRfipcf8mKi7QHrlV+CeR6Z0bPbqox/qhGGa34BusplYCTbdCL6C4wSp/1xtRuLjFMs3SNP2fcMWvUkdgZQ8My0PpZm3cs=
FLi1+8yztBTrmnRfipcf8mAQyAX+7PDIDRKzvx9RXqWSF6WIIectkPIDL+yIEYHSadN58Mq0FIJ2dCVXrd08ec3QGksk21tbqBuhBbt144zwnX3XO81iPMSvzsUC/BpGJyzW8wiYoKauBbCoN9NwigRBMc4MxQ0on1DZySKfKvA=
FLi1+8yztBTrmnRfipcf8mAQyAX+7PDIDRKzvx9RXqUWpIb+m0DBQqOnO0iCnTCFVbRCOuDj4G4PehFVv2lJPgT4vXZPsa3cD5m78pYUNQ0=
FLi1+8yztBTrmnRfipcf8hO/vhqCT+vOYw4GSm6n1L66meh6KGaeXwdFmxX0iGLmp7F84DxQwEydFyLR7J/SH38LeZlIj9P6EZXHSc3vsUA=
FLi1+8yztBTrmnRfipcf8hO/vhqCT+vOYw4GSm6n1L60rEvNVRcaTkeAb0SUY2IoWdc1wTJIduzDJ2hqbrFHk5IZlhUQqNe2Pw0w96Iw56oOrbnFYjbOuCQ0tEAt4L2cZdRgLB497MT2ZOjmEFxzLXYiUSPER/al3cdLQ2SjebM=
FLi1+8yztBTrmnRfipcf8hO/vhqCT+vOYw4GSm6n1L63NskMCKh49UI+pIdkrKCvEfwJF6yn9Qdjm0Wqvn2Zk4lqoawa+nP4tkZ7gQ0Kr04=
FLi1+8yztBTrmnRfipcf8o5S0nYTDoUcAWpjTg83dAlqiYHnbKAH6sJQOC7v98PJE9x+/w61yQQFUerBWvXPogSdxuhSNP6sJG2L9UouF6M=
FLi1+8yztBTrmnRfipcf8mGXOFaN3e2xUNsS3kj3ZuDhb0RT3wi5Vt7LttlgQxzvBTd+0wt2UfjZl7FL4GoMyG/djuF+G4h0qJEe4WQ1fAFjYCH/V4fFdie3nTTvZHPMFVKtRc/1GcfXWCgggGsmAYHL0im8/fkt80iUfI87K5c=
FLi1+8yztBTrmnRfipcf8mGXOFaN3e2xUNsS3kj3ZuCZ6xTswUevXi620fwzVbwuvRNCp1G13K2Yt+Zh06HUy7oaBChUWS4T3rG6779M0Fw=
FLi1+8yztBTrmnRfipcf8mMClq6G0O2bEi/k0mJ77Rm74dm5tTtiqZLqnZ/YJaT2WknWXBoMjLz/m2Xp5Lgs0ha2Fd3ZCY203VT5q0a4yOA=
FLi1+8yztBTrmnRfipcf8qtNpClzMTAI96NNsDE0H1PBQZcsvk1jwogWUYfkomOFy+pbdodPvdrDy1Exke+ZXJJOB2LHHuB/bA2dvpwUyPwQHCK6bKrlHh2mvT2W4w8bq655zZU/VlXvbfq7K90g5w6aiSjt3EHdqh4y2c3e7AE=
FLi1+8yztBTrmnRfipcf8qtNpClzMTAI96NNsDE0H1PwHco41Iyl/oRkl2OFt/AgMutVzTc0HmRxJ2Cois0Oc35OefUcTso7kzWKKP/0dzg=
FLi1+8yztBTrmnRfipcf8scrEcxEu3IK+8olw6TXF25XpsMQgSIGzfZoJgKQYQBtm0AOee0lSWfO2f2bG7PwRuPDwgIo0EW7s82Aa/M679w=
FLi1+8yztBTrmnRfipcf8u8i3o2WlgZQrooxVuuJVTuNTQaTy+Tw0zjbUh2dB8RuBafwjuWiSohF7n/RF+01DtQXGkoaF8oEJDnkHBuFJpwZMF/mYEUdp1qG0Y8/D2HRV4k1PchaP0r2/81RMc/crao0AGQp2pfySgeDmxUAdo4=
FLi1+8yztBTrmnRfipcf8u8i3o2WlgZQrooxVuuJVTu0ymi1eNESWfGaaAC1yjyLac5EcQH6rzsd6UIDlcJSQooOrgk3bey/WOfG6p7+C1s=
FLi1+8yztBTrmnRfipcf8or6VsPCeyMSm70mGFFevF21plAQ2E+xs5o9Iqwi+oaudTcc/+iVop4ZfooyrINwmKZTnWiizlGEVE91vSjB8/s=
FLi1+8yztBTrmnRfipcf8or6VsPCeyMSm70mGFFevF34hBs1kppgq54krYUfX41kMC4k93luM4+7aejEzRvqsCAQDMyMuvUFa0XWM0YvzMyPYp5emC1G5SwxY6omyWbVReeTd1PzLFjAEdAMHoDgzSvRPbAxcj63UDvZFm0pFKA=
FLi1+8yztBTrmnRfipcf8uQ8fKU0v09wZ84VXyEQ/OX+QpnjutUu66jqNzBXfKw7Oe5y3F4SdxUMfFuecQYJKHdQJf34X0MWPE8CNCeqVtU=
FLi1+8yztBTrmnRfipcf8m8tl5VH1svn2frIklm2WmSn9Ohu8ZNTMlNnvjoiIoBvGcd1firwqMzbTOY4w4RS6D0NVTJ057RH5rUbJKAOa80=
FLi1+8yztBTrmnRfipcf8j5mdBdBdIbzj3Spry5oZAJly0EJTT7UDroRo/ba8Ck573r0kJ5GUlOrcCX6BiSBs9VBJNfiAUdmo1ff85/iyQrlQ9Hrd8/KayRmwDc4x7ZhFtOeALIXU0PFKjPIRSQt60Jigy44P7aM1uM5yp1g9eI=
FLi1+8yztBTrmnRfipcf8j5mdBdBdIbzj3Spry5oZAI/U78f4EpE6eX5VCFJ9EiNHkwegTY+MtbRD9LNbpv8YbS47WJXw/m5KR8Pn+ZmOWo=
FLi1+8yztBTrmnRfipcf8gnJHd25QsA2NKzqvDtei8nYmqbpHPWM+9v93oxDY85z6z4ktWIfH+GXYwTG8/1unIOToNpOXh6XTdniUpoBGYw=
FLi1+8yztBTrmnRfipcf8quWKR4564WsqpxdQazTkrvxAZASBbPWxnxhzjpUCtqgGcHW9TzAljCNllttZCEz2OyexSrMrBc4SMDwNBSXVnvJuxs0PHkKkcQI0Wq8Ohl3qBFDlZU/VEmacO1ccm9HyUXPdAKL1Qw+tYzbgil/uCs=
FLi1+8yztBTrmnRfipcf8quWKR4564WsqpxdQazTkrvMe8XSFw3ptxzZ82P8hIRl+t8hGZrI8gpo6L4z0yqlfxzqcjck9jE9Qn4LGb6U7m8=
FLi1+8yztBTrmnRfipcf8jj3xKxQaOu3W1Hd+F8YUMIBEC6RMG0FYqIPpYjNp/XhASln8gCnkD979RmWGor6FkytdS/AB4OCwkSgU3R/Fk8=
FLi1+8yztBTrmnRfipcf8jj3xKxQaOu3W1Hd+F8YUMKann6umtqCAqbJYgf8H157NQPuGk+fndc/i14N1Gzw7OXZqKKho/Aeg26n6yLrQfujxo3ybkhw4muAU4TFfeOQRBFYumB8cGcw3myxZKi0XcPMmPre7P7MtAyPAnfJt3w=
FLi1+8yztBTrmnRfipcf8jj3xKxQaOu3W1Hd+F8YUML7IlG/yuDJsVG2jPrJxLYBI1wsu1Nhk40hR3SWQBaw9PQITcJ7QVJxQJ3GKZgVKkc=
FLi1+8yztBTrmnRfipcf8tn+n7/PlfJls4oiIGyNzLbTR6TyelybOwHZlwLOK1sEdUTi0CW1CL+RiONtxQdBIXN1y2V7NWuJjJN8pvikwlA=
FLi1+8yztBTrmnRfipcf8gjdhan36M7vmQgSn36ACf096dqXoebdpm5pXqeqVJoVqmDNSKbqRNGGiwKpFJDE/YfK84qQb/PhhRP2WjdnhISMEG5qtZ4yzocN2ZoNWK6RT1NZw5NYcLs+w5IrsgfP18fIOkToksOpnShbbIiy5O8=
FLi1+8yztBTrmnRfipcf8gjdhan36M7vmQgSn36ACf1g0iXmGeLNq3Oti1W+7Q3ltxXuphnIsDKZZcgldknzoSCBNkH7gRrbBN70V2RshQw=
