GmcONIA9PFzHw1gpPLLPoqev3ytAH5KO3S/CJpMsylg=
35kyjVfwBJgytCi6KM5Vug==
FNt9orFfFSbPIXNSbXcP2Q==
gE2g7VQeqq0h5MkG44fPUw==
A4ZCFW7RnVRfEnbtNxUDb8VFIQmzxcIFLuiIjRY2q84=
cwgQW1UgxyVfBeSrdwXHsPE1eoSAri+NViVSjTYe4hg=
pYn3RyiaY4vz2unSybTHuw==
mAzeFbkWBGyzJRgEWJSZYQNn44wFaguEUnqkvHVinQw=
NiGef/LGs6v8Em6sqLz1GYGKB0111uCW/TAqgkiW0+w=
2lfNnhNY+w/3xMaMUxJbE0YFT/wvMlSDz8Vrd5FEs18=
G6bVpNIH8S3+Yis7SYJJ+KNcaAqWsRAr07dNFozA209ZTGCry3pJBn8q+mMG6AJmgPJR5RRfm+TxRMXPLStJtg==
k9qxbUyTgtWdz6LnF1qdjruG42ISHtEQ1zdPDYE+ko7KQnnFXY4sAhhLijtfZ29CpT+UqTDfCiWdOa1mD347mA==
k9qxbUyTgtWdz6LnF1qdjv77/A9fkoUYKIKZy5B99Er2Q3wz7hCSV0I/U5tbvrYZ0N+KB6awTfPRxX7QYU3lonocTl3WRKUJwT4dY+8pPJ/SmEiHkMH8AW1qap98AF7o
JwYsTggJt27oRT0VF/CTAMsGxThCMMi4m1S0w4Yme1wvaczbuyab4QNFxDTqxOGBPh4qPYE3S1qNdAd+h+TjE01VuMDVPzHQNlNShPHbOEQ=
JwYsTggJt27oRT0VF/CTAG04J3tafxIEquWSKIcRSba5V0t5Fgt2VEzmPO0hYKd/AnVZg1q/eFNKHM41EFUJ/LHSB/bYWuIohyRr0GQ9rRo4rBPmUfRYnuU1/MNoPmU+nW20S3UZtwk5SkBjhyU9Jai/c4XA9BHLkj98k9TwmwQ=
JwYsTggJt27oRT0VF/CTAPdporZPFuRrkb7MLbt+tzxcln6vnsK44f3+gRkjfyL5rrA8jFs0egJbDMYJeONwJv02ZRqNkNvM36gn/QlXEHR04iaU4uhg9fM2sb429vi/
JwYsTggJt27oRT0VF/CTABJDi5HcCTwYJ42uC60JN5jAe/Viuc7RpA7D7Eu38chD1Ac91cqaKO0z2BHnG1arUrp5gCWLkzIvf/PCUZ5fJoHzEgwzCmtPxz+JOkSVPvZu8vjoOw008X82zGXLslpXWw==
LpsWIlUS1F5UWTvsHma+xO9CvC8OdBNxW+va2eEp1ZDer8cPsm2llqLxal9UvzSgXPCGm4uqMjZpI5Cz6DJBeQ==
1Jt/DLM0QMkJq4kBbCIknVkdjMrv20WSk0yzhFkRjr3RWbX8aan6wUkPtkS9IaUXxGzfzok9IgFxlqPe0aU+2A==
1Jt/DLM0QMkJq4kBbCIknXbY1Lfy2QKdizkSJalVO41IxN2BiNi2vPnWoM3c1k3eVUrkv8Oa6VTKOpjOD+8AM0grUhkIAxOC/Ffl6HB1IL1jS3u/QWHRHO3502ZbnQNI
1Jt/DLM0QMkJq4kBbCIknayItNbY0dWTrZe+23riWly3H5/nYtMUCXRcpbGYCaEHUz9tZmEBwFREme6zBStO9d1wEKTu4E0c8ofI3mSN096zQWgJxm26mhrfjBCU/aCKIGZGRM20nCFSuLxhg/K1wOH0APsoMOShKIIN3b0fKvs=
1Jt/DLM0QMkJq4kBbCIknf6Im4ujO0hwPjH/ppfdfey3Yu/o/+RQLgcHxBDIBjdDs2aN8z5pmMWnnHo/L+Lk9X8B7YvrYd3zSBz4vGC34yA=
1Jt/DLM0QMkJq4kBbCIknf6Im4ujO0hwPjH/ppfdfey3Yu/o/+RQLgcHxBDIBjdDSbGm5UxNv3qe7+1ZhZwr4pXL6nuJ2MXeUgPjCbhrpZDiYABX6F8m6LnZ1hN9alfxe38YY4v0tohT9aao/L3svQ==
1Jt/DLM0QMkJq4kBbCIknZO91byM4tzwR2yxHuPMnwl5usqXlu8ds2VrnKMaLZOBhCg+Pe85UCoNk3Ird1QniiMG4ZqVmJOPBXXYXrtQfYI=
1Jt/DLM0QMkJq4kBbCIknUZKFEvr3X977vW6ToUxESwdCOflKMGQyKUuQ3WkiCj0TC5g1cS6h592VJBQOYHC2PK9vPuOtRq96Pb4hPvQCySg4MBI1N6+60SzCFz8iD4qS9ilFIlG7AAw/FK8gytagrmEqdnKD176Y7FbsGz+NX0=
1Jt/DLM0QMkJq4kBbCIknaT4ueKvEKoJRNPascwMAXrLcy/9N0sL4KaJn6gzQNK1zs+8LY6nycmINW+YdeY8hTosbR3PAFnDImVRBzmQOGc=
1Jt/DLM0QMkJq4kBbCIknaT4ueKvEKoJRNPascwMAXrLcy/9N0sL4KaJn6gzQNK1RIrYR3zYKNhmR2kD94T4M/QJ+eGV5uWUW8Ls40UxldmTJ/WM9QGUUyWRWaZ36JNjGMiwL5SZZo+zTPo2Ui6y5A==
1Jt/DLM0QMkJq4kBbCIknT4EZnHjMQkdTNgbiJ/5TtxHWAWaUrkQ21Pj76KiRq7E5AfYS4+eJqApQ1a/0YhZDZRKfZ5gq5wzQf4L4ZSCZCdXyGycBywG++f1IhqTQtmgHFizFZxJKPaEOpI9hBo48BuBQokB7I+m8vBOVMKYBeM=
1Jt/DLM0QMkJq4kBbCIknQonmmjWyOIca0U/0R1Y7rlNuYHlsteKgDMRzeYcXCWV4JLTS2DtNY5Tk5tzsbPSuoH/DM6nlq7WF3VuEk5uSL9hf/HgupTerFohtFdg+C8f
1Jt/DLM0QMkJq4kBbCIknUC05RPhHpwltB7ohZCRcZvSxDOGqhtCiSviXwlmDcFhns9zoXEtJrxUVTO4c5o7ViumAbzeGR18dv1LTy0WSoWGWMaCjYTlQU0V6AosxAQ5DNAx8eUpHFmjSjFqe3m1YA==
36m7nruHuNyFJNWR7rPtnRJfKiG1jebIAnhG7gUp7Erahn6Y3I3COq26hO2croxQSiDRhCQn49vvtOJZau2XhA==
36m7nruHuNyFJNWR7rPtnTEGntPUQdSxidQFJGpWtqFIs1wVQfQdIwr6YHcJQdlWbDNrQVx+7CQs1PC09KZXNg==
yFh1JK+UU+liVoxwezGKdW9mE0LWKgMOfqthkUFLe1pkNCVGix1HsZw+lDNVa3B+oP3ZsVlDa+hCWNCFNnFW0Ua0hS9TejfjAHAGSnOjCg6ueKF9XlDZlhgvFgb5olpY
yFh1JK+UU+liVoxwezGKdQqbb/YKwlioquCXxy60nQfVJ5QvJ9eAhCJrb+sIhoBrEnydbA3ES+j6W/TCaQu9jP5Aw0Ro1jb85SuLS4JiPxv04jnfG9rU1Zv/S4KOEhEAT9SwGEpfKnUC6QCWlbRgPo2gDdWsOOc2z4E84mdZ2Dc=
yFh1JK+UU+liVoxwezGKdX+W5Li1qWBT+ptsFfwjSEdvzwKHyRPRQh0JjbO6T/OIpDKGU2zIV8dkf1FeAOKj5gfn426g5j4HszIiZUIfm2pLqaylNqHDrGDIpvNhrZkk8hSPtpsDFRQ/41h/gQoKkYB781jzC1EDfL5G7rVeREI=
yFh1JK+UU+liVoxwezGKdV30x+fnl58P1NNYbXfAUy6MRXGeQlszyjlu6pgH8LN6+Rz94YqlvVT7kYzGCnObsZgY8Z4sxB3TZif+jgKuovs=
yFh1JK+UU+liVoxwezGKdV30x+fnl58P1NNYbXfAUy6MRXGeQlszyjlu6pgH8LN6ycy2RcemY0XBjV2QPDJqApsqSqS45kGnJMSx/q9BJTyFFxV1siwyhJ2QIE8+7kyAwQpZL/9B3JkUi0tqcqWskQ==
yFh1JK+UU+liVoxwezGKddj0rOfQ2mFDeMxBKN4LRny0s9iOdmSJuwB/CAbGHCZE9uIM7VosbOARR4ynddqUzkwfU2AjqZwaVO+rniCpCLg6ChhPq3rsue2/JGrfR4L8
yFh1JK+UU+liVoxwezGKdVY4GbS1f+/uTx3zVuNt/6EAO0oeYDofAKWii5nq8l5cHsb9H63YiHR5jIJzf1xCJHY8soksd5HHL0JgIHt5zwiEbvdfaaL5cmTWLfinzrkWr0M4+iJ4xb9p6LYLP7eHjw==
yFh1JK+UU+liVoxwezGKdWbo55QUmWVFSOzNDYwpQ98nLIhqcEGPAwPV9x3FZpHsyUhOMgqHthKgeQxVb8pe1bxw06V2QLnupomr42Z7/SR0zXVWNHCsKZy1/6EIxcWmsQM1UO5/XMB5w4OxuzR1v6TCbMb9wqf9c3earD9HCy4=
yFh1JK+UU+liVoxwezGKdd+UjVzmeAgMEOlxenZmiUhsrLhmqFyBPpv8ltDpCDxUqXX5YvHgBPSR/rqQCr7+ecBMceHQMfi8fYejRcaCv1Q=
yFh1JK+UU+liVoxwezGKdd+UjVzmeAgMEOlxenZmiUhsrLhmqFyBPpv8ltDpCDxUnvFCxFqhluAYSN9mibaHHkmH8o8Ogg9nRbGwiZVrk+o26wncxSXiyE+p2iZ7AfAzeZspEBc9L3hSQe6cLvkLNg==
yFh1JK+UU+liVoxwezGKdQ+zJHISTbMtzJbRmWPnO0SjyCzWsWdPxn2TK/4ReLW+uX/Dlx5u2+G1ChrvQZmhhetnAJ01z5BRfg/0swy6EyvTv1DKWmrV0a7MSb7QXjKtBsMg26oEiasAsmAL0ydwa85jASEOOBXSTyrtI1XDOLI=
yFh1JK+UU+liVoxwezGKdQ+zJHISTbMtzJbRmWPnO0SjyCzWsWdPxn2TK/4ReLW+xptMMtC554FehZ9/Ru/njSYhKu+J52XwpN3f/GtYNP8=
yFh1JK+UU+liVoxwezGKdQ+zJHISTbMtzJbRmWPnO0SjyCzWsWdPxn2TK/4ReLW+D89XjXpPFbiJytJx9Jz48HQEhQhQVabwSl+8nuX0RJepVJ/FxaMezzsY/2wqraOpAwRgyD8GfJe+4plcswVOHA==
iAt1nxDMOnYotC9sJERmqx4dPZtVMhif1l06oFC/36lmzl4qn1fUdVdeNDKUPNH6QhV6/DTbSxeoMMwUFbq6FVhe2KLex7UwxnKytxeVZx32cW2NJVBykeBFL9/o0f4W2aJx9mnaPgtR1Lqgv7x3yTe+fDN+pOxH4WOAXVcO+5o=
iAt1nxDMOnYotC9sJERmqzwJfAq0UBOMUVLkvq2oGwlVAASJzVMCi7ngRWyebGyam8wkoAokWMFleoxThAmTMIjNb5hz16E5DmWZTroy+E+RhEw15u5bfaOZX4WCuAcX
iAt1nxDMOnYotC9sJERmq4I4Cs/0PI90b8YOzF6ZFoOGYZryN2i9+OO0SSAt/K6zgjFVZgA2mU0R5NXqzWxqdbP3w0LsXNuI6jzr3+oXwlj690h/ofWG9WAEqtTlgndwI5PlyfioxuhPLBs4dYa+sw==
iAt1nxDMOnYotC9sJERmqyh5NktoB+uqoqiEK1oBtm3S4mz8FLiH5Hso+6KDXxmNJduQKYdoTjC4tAnJrMM5OTvKWcQ2HELUa0gaytVlJzVZulH0orQesipm3CVrZzX4ntXnuulm/06Vw5+4CDdZ66B946Jcg610M7yOq3fh/+c=
iAt1nxDMOnYotC9sJERmq3//yxRz/Ofvbg/b+mBUxTqW6qfOftNsqs2RlHBFUgZcqa2pGYu7r81ndw2yiX8EHkDBA+Ltrj3VdZUOBh50cGVvGBxaq1lZs7L9VpgtqATK
iAt1nxDMOnYotC9sJERmq5Pf6duYJ3caNqjUNUxcT8xa45XIilgkhPo+g99D69Rahtji1nR4FZNMwUKW7Q7/IfICw/wrVuII7kl10t5K30H+FX13AE0nQawk7gSxLzHqhHad5PTshQGqV/pUArKhcg==
mFSrLTd5n3gwK+/gFIBPZczQuzk03Qd9nSRP37QFJNPrdK0SyZnxKPWbbqTR0XhjJDDfXa4p8KbQmN2yIzKzNYlxzvcKHJLaKCj0fXIEWlqpCd3rKWIWVkTP35eTeXJKhGsTEjqv+1ynEtokmFcDbuMafOZtgi5j3S8qebUe7Cg=
mFSrLTd5n3gwK+/gFIBPZZG3J1MgSh7L7aNTh/o+7rKeOmBJDgK7cY3W0KSkKw/45HEdCqUJSMk787mT6XftEfA7l13dA8tF5BUgvJj68Vn3cCjYHgEm3HTySGfnnd0K
mFSrLTd5n3gwK+/gFIBPZbVZH5b1OXwhiC6hcEIdOzqIRzGT5euX3ea7FwPHMfz2N8p9A8WhaZpC56NfNQPJFqxqbnLvvNDqz+UU7+1CEMNeHkJl8yvpokbDaZU+lHopcyAzpkFcnoGQqhmX7V9xAA==
mFSrLTd5n3gwK+/gFIBPZRkGtG1DiNI/cfyGgEVVviI6iurywIGjJdNiulZinBZEgxHOGjSmdpViA3m0ZykU10VDWdIWqkaR0tk68L7JmiI3XDNXYcn9N8h1Y7UBLfKY/IzvcTvC5Kcl2amGY6pmy0quw/P06GNu3oXpnG5Bds8=
mFSrLTd5n3gwK+/gFIBPZXBvSXdV9IyEdGhLKlwfHspH5kUdrmfkMu+darGZjXhaU9ce1JzxxSagHQ9T102Y5U5lijl7lewBm+qm8LdycEHNYOWBUB5qYOd+zqvo1MBv
mFSrLTd5n3gwK+/gFIBPZSID707lsH5Q18S9p2RxrZuPdgJdWQxP3htndG6NKqSWlgZYflNUCoHI9yyE8GFj022dptC4UYt2wQJ1/O6Td8FGBr0SHQ3cZNgIWCoP/AxKNKiW53vMuCu6cGgkOAISLg==
3iW1jg52CZZEtxLHM1n61BT4JfXnHPIHewvQ2je1LBIpCaupPM1+vrqvm+1NxfcLGRu+5xi9Yicr/veUdpt7p+h8EC/cXlpxbMohnrAqbH9KpM7694QRZiCZar139jbfIRNLhMHQz4/Sf06WeV2soXEEOcJHqd/STKd/z6/bYHo=
3iW1jg52CZZEtxLHM1n61CDuWdyTsrtgm4LAZP8ZSb3k+darXG3EyrvkKx9qicHGOD5CWsnmKNtuTrLxX5RduzfVXevfsdX68vZWSHl0qvZUrpaDu7SCxgf8CmtXYRKf
3iW1jg52CZZEtxLHM1n61MggjTozSwFRBfCfbpF2BqNPn3vwb3saR6TKlxURa1Znjoa6FbcixcBKo/p8Y3+Vgr5nR+1WCfV463g9T55l2bNEdpZjuxTNdtGxSkkS0hksEEoO1j0tFssCieNSvWI/wQ==
3iW1jg52CZZEtxLHM1n61I0ClHaPVW7kFgmI9GZzGKs5zWcd2lwrKb7HFVCUmdcjMUtnT/VsKo28i9WNqL3e7onEsShfyQC7q0NtkBUo9iijgFn1B5NbDipJEIWfl0BDSGIyyc0XYr7uGMs25Si4CswweOIiTitzKrDTwuGLhBk=
3iW1jg52CZZEtxLHM1n61B+xnyjLncWdGOM3iSDbeDxEwqdsfA3KiWRNn4oqBeXS3/2Jqmbmx79iWU3TkceeYTHsjlt425q+rGOuvBX3V+Q172/Q6HTRL49WBigtds3A
3iW1jg52CZZEtxLHM1n61CbbmrOvUvCDtZyj+YDYci24q1dECpLSb3UU0fQn6pRr4EZn8YZdqziz+x8YvqXTXehXQFBBQd1yUe7jepp2QG8ORLsTQILC1I89USr2fACd39iNiRXdjZJJRWH/eB8HAg==
BfTS/onfkJF3GjY+qU2lcAudvrN4Oua4MN5l+DwPXbaMxaCYrc8uY/EJ19ckvaYb/bsEKjnAXVe+ZdFJNA3j1zOD5Y402rOcSluKQJf4/ojGCl5WZsZEh0SeQANdYEjN37JRyZR7Ft6FTdZvne5NkBghUCOJhIrb0tUDqqA3OYo=
BfTS/onfkJF3GjY+qU2lcIEv7nr52ZQmH3F7/YJAaWBP5PsgNn+eCZoZjX1EeqpESwz9xpcIAguwcRveyOd+OckD3ZD9Knx0gQLHyMNL4fStYhfFcd75dU2hiJrv2YiP
BfTS/onfkJF3GjY+qU2lcBEBWCsr1AnjZ7cRy4AcBJJgyhMTNMosyfujSHfwME2eQlhJ+xFsuI4SOiTWvckOiQN8dk61Z4mKmPqv4Mwu5Ju0q71I85Cgg0Y5V0zhuUOBUIpwW+4HjmcidR3Tt2YBug==
BfTS/onfkJF3GjY+qU2lcDK7El5bLMikiuf3Y/aj2vtg34/cjJ9iDfwZbkGDe5HrSzYF6WDNhAYp0UbLiefoE/ccGggTF7XfXbFZjJfKPo2oYBGWWOoYU5T26r9Icu7x5zqiLYcyJ2pPLhZoo/Hgj9QxRb6GFvRVYdlQw0Mt8ac=
BfTS/onfkJF3GjY+qU2lcNmCyPOsHfajhx6in8NT5xbYSs1YC6CnvLig7dIlOH/3xpYtsBDOvbvfI8lsnNIEY/2PUdsVnP2yXj2wP6A3NmmWZBYIfDxGW+P3/zVTZ1Fh
BfTS/onfkJF3GjY+qU2lcDISlPGbnARKNKYuQrNOCpW15BLjhp/oP8y76yxF6M4rlKVzcfGpXny4zLAbg5FOYFJzD3T4bZAVUk/Qd+xVYtWKfaT1S1+r7qvmLi4oUl3ePSOwEil7QwCAZG7qOs9Cxg==
TsnXgq9Nj57AFvJ6ZT60UsPBa+QH3XVlXz71YLoCl111CUefXzqnQCVhsxkakgccBvDiH4HC0uh1KtKTrvhgk/xBBIkp65lwHvMEuucx8Cl1cjbGyEjYOhIamAwFGDdt5t7HhU9vl1YHP7B4tO9BNZvHBBDJfoS+qn+5MOoo98Y=
TsnXgq9Nj57AFvJ6ZT60UhOk2B2TbXmJNLhQSD1oe0ESzC4A9anK4Jmjn7Q6ZQt6YCv6MQ1ljEgCVygFOFjoda5cjVZCy2Jn/ATjllQzKkwvHrgDeQ72Xvh05ZNOM9U1
TsnXgq9Nj57AFvJ6ZT60UiQ0722tEmd5jRqiXh9ZSQUKb9Dz0htv+P8mACxTdDCJVSN25BlakESFWXLxGMBgmaDCxnWkxdxDXZMld0xT/hOD5NUHRQMzMZEy0eajNvuUewx/gJnp8IZOB4hsxDRxMg==
TsnXgq9Nj57AFvJ6ZT60Uo6ys4RAkeaBGDNWNTcFLVEWAnOcTlavvDr2uHHMkt45fVsD/az3XLXt0AG0IMDwLzLG6gOs8FxTNyMEVcImYvSo5t2TSiPZIvnqglMxl1JMpTtZEtO8w+viaL0dc7PeQVwMLbK45B7deBRaSZ3A0FQ=
TsnXgq9Nj57AFvJ6ZT60UjT3s+O0O6Kf+zt7Tp7NOZqjWk1H0IwvbJ17gwrTITR0ojyagiNVzVFgck2LZCsm3sJFoQvKmk3AXQxV+jl6tylwuLeYlgq24WgZdXsUSZ+E
TsnXgq9Nj57AFvJ6ZT60Urj+d7BfkrsKay0LSYeiVC0DvPYMaaXg6eU9BxvzsEkhkUv5P+IpRnPd6EunpdZgwNjmc2lDMqCY3DkucJ032Hr/x95UBvuTssJ54IqDhi9aJdp/22VJCYvGvy0CxPOrnQ==
Y6NGhoBVPG2GiZm6WAS2uOX1EdY22pDLvpMHi+PPliNShSMF8O8dcFL8HzdYRQ5u104O0jdAf3GxBfoiROlVwEBDvnRQMKUe3KalJga5brg4+QqRPna6Y3Iusir2vifOYaIiMdJ/HzB9V3rfiQl/BZ1ZIt3yxhep/088XvaLdow=
Y6NGhoBVPG2GiZm6WAS2uOIzVYhjh6kF7GBayTp0RuTrJ/nhqloYQn5JCBsYDYDMrGFmKgcZ75O8+9RX327odqiJi4W0dc8QAVoVCtZS7pTBO6mpIdbuOiQmd+XjnSNW
Y6NGhoBVPG2GiZm6WAS2uCCqTVJ75p4rpXBK898mW9Fa2859pGPZy3fjEkn78bi5mh97vx2slGu94d4ZBrvHxaMJmd1lnco0/QUJGJnUkqaCHrJCgIqRhOvXsSuS7KdX7S4uMjqoFUAHmDLR7xzm7Q==
Y6NGhoBVPG2GiZm6WAS2uJMBwBNlTn9VZKv82jL+dn4AqdetY7tksrdWHYwUHF8w4sCUfY0wTVQBGS6ph4BXX/tsgzEeMJpEmnbOxMxN0FwIEh5ibBhYGsJl94zW/jhsXX/TBl2K3mr26omLXqornxgfTsaGvukNe2h1bCaCN2E=
Y6NGhoBVPG2GiZm6WAS2uJ5xHTBfI+RYpuEMmWhUKmu3c6y5K3j5Prbe1DXu2Er5cFeXAzQiBQVdhOyB4lQ5Botb8I42qsYtRjBtfHmZ+Z+Jeaim8zNa/G/W+P6JfY0Q
Y6NGhoBVPG2GiZm6WAS2uMhE9MCKdPRvCwDfkK8ACGzU/XwVwXGFWZYSNKjNsFVgM3ioTsNHJRp2m5rflN8hF9jyNIri4pUBo/P4G3OkiOajBlm+vq7GEyDJhig6sX6O1qi7XI/bwctolMnrAonntg==
dZTBmvjUK3nEcNJb2r4cciBxs5rljooLhVDyBm0K5B1u1uxv6hP46vBTPMmQCSRnmmgVj0sWLJSgof4cw8QH3dT63m6nMUCg/08rvZCyCz2yp5kTMSYYPKrIRcB5BIElW1kCVmdx/OhC0p2vdhWfdAvtKik0i8o/F3p/zMGqpz8=
dZTBmvjUK3nEcNJb2r4ccmCwwCqYmIWreg57I+l61QPWTHi1ZEH8NJVPVs1nsDEm8tDw8DA7al9sHBsuw43PVrxjAq0423BHJtiPTT+H67xBlQvK/DegvoM3+zHbAhw5
dZTBmvjUK3nEcNJb2r4ccuc+iRvt670++VATCzzGWglMO3nvtvTtRVRLPT4PEhttn4siYf8VmNIg2M1aVVtslVdwAtts93uC9gS9hr6ionTZPEWlI9bGfxRV0hv2nqy4mR1DGej9CgTKoK2yNF6Puw==
dZTBmvjUK3nEcNJb2r4ccq6YKg8fO3fPF54yDHe9U2pP1bYy35zw9ohO7729bo/q64nAjZKJiafj4MITXlx6igxF0vCupPEwMYYPLf8AChOHa6aM3vX0dMuKLEDi67KwSZw65v/ewMGZnEy/5n59Q7MuP6dwV94lWG41ldQf1HA=
dZTBmvjUK3nEcNJb2r4ccnjjh8sAPz+/VmOapveWkCADsdvPAhNcbziigNVy1lURr5+pu2DpQWDoyTnnfK/PKaD1cSP1dUAm6ME5tXJtoCkXwtvDdyyPHvco4wCqEi+3
dZTBmvjUK3nEcNJb2r4cciSdgnShMeELbOsFVNl7Tp2JGJCyPWRggECLRDnMkBsBOS+/NlEwO7cIkIsPlqTD8ZGVHEpHEZG9ohXAGaZpU9vTCcxAsfCl7ampbU1/nXRvvcjCiltoLEQUKyDxA3hqSA==
hWtP+m464/ITGAPqGDCJ9dO1pFcmKzvlqsiWPsOLQCTKuFPJGIPnJ2/DpeiOWSFceokiWbq1pF8e72aI3uUdTYHEu6b0ZBJjpdEQ/ArdqIXtRDZmuOB7Qq3l9KaDjkFOrFJxEFBiUgZ48OVaXaH3ZvHX7S6/x4Wc9TqbjYjJ/Ko=
hWtP+m464/ITGAPqGDCJ9a5Obdly7YBr8Xk8x4swCLeoV4b/dw3iY3Jr75w0PgatfsjZINkdenWUill8nvq5jE4unYG4vnsoqQUSfK8naZqMlnsSfQbZluzORifv4dtl
hWtP+m464/ITGAPqGDCJ9cHAHp1cMdTmIUxzRHqA6b1Xnb7UI3omC5uGdjQDxn//HJB+WFG6HNQtAg3h+7tuKd0V47QLphKO+Pboi8Rh3fsG9sQZDksfvg+ce0RKgD6cNKhqB70HG3WKXU5HE5cj7w==
hWtP+m464/ITGAPqGDCJ9ab2DscfL+C/l+Y4g9EK4JfyN9rZ9LxeaD7dZb9AcC+xDFarGjDgfXk8u8/iN1uuo/XvmZCjO7W4l0aKn+NtvR+NIW/un8h7zM6yUddAuJqis+vmSyfX51pY/Ev/SDS7fw2IF1gb3KQnx+BFeVx+pZI=
hWtP+m464/ITGAPqGDCJ9VC231kyoS//oEo2/X0FR7Yref6j+vuA+0Vhyj6NhZd7Cw+v4n3n5/gFsxn8bpE57ViCNjfwXPetQWT4JPEw7+dJ4M94vRXG7tilONlCs5vl
hWtP+m464/ITGAPqGDCJ9elzu9BP5Rqi7Eymh1JQegzOpBpeaGT1ut6hMMK5x38ZXvigZz7lLIKU6/HO07E99AvSwvwPOw0xrbEgI2nZW+CEiMZOqajAZrgch+KAGuhp9ZKHk7/52pOkbR5gn/94Qw==
WTm074I9zeqE1CbiBREH7I7dVH829HuMSQ1gW9jg7S/xyIutryLAEUloXwTCKVBIGZPJQTcesRtvLCXTFSO6WaVTf8rkMZ0zaIZpaqJOxlcCa9/oT5VZxUsDB0zGRL6gpWZ/VgjJFBw++14RKBZT0/IQWWcDd0nFe5LBVq5MKJM=
WTm074I9zeqE1CbiBREH7PBZ/w7DPxmI4i9t1/j4l5V8H4/+rNDLXi7w43B2fvlre3ybIhsUa4S9srVAl2rQv/Vz4Tu+KvSTK2SU/IMDITQ/Dso7VY3n9vPacDGE+aqU
WTm074I9zeqE1CbiBREH7CcrOeGr37C9fqctcBthtiFGpFHNZbJLGWTJqMXTuHDa0ImGu060EW5qOPvw0F2//ActLFUxD1eLS70gpm8nryomUmftN4muCAXDGy01oJR3+5Z3s9ChrAoBbv7EASwNZg==
WTm074I9zeqE1CbiBREH7FO4JO6e4RANcpYgTPyz3Ff/8H5hG+MzdIVht6bQIUSe5pc8miqK+uvg+edgyvJReV4kK/JKZQiLRq9RQ33XHb/NKr8e3nO5017EgUe4PCB4HMi2BWjXC/IBIQUVa4AneiVui+8TxxDdvETabnOeqyg=
WTm074I9zeqE1CbiBREH7NkRjZibe6txa4BNc6qhgOKiG5sX52z+dDJLmM7IL1qig7kc5QesEqBSEv6b7xObmQkB5pEeZGtDuVOXYqAfFEQFV1bY89+rf5MN0a0B3Bl1
WTm074I9zeqE1CbiBREH7EMfmdXJX6iNuo4E2jdKx6ZdC23fhlJ9V+nonc+eSrVGwftswts2J+bIYaIWT2GneIBexmidtQmuhLI7D073WX+pUESZ2i7hU4d3W9e5899j0M2h29sqXTC6P11DSp20FA==
CX7sAQQipRO5R4MKw3cc5NCqeZ1ke1WOH1xEFmxcw3d1IokcFlZQcaesiZDCygnGLJY8MfGbOYUBpWYEuuFDDc/lWyApjTnhpt8JBTRpLI//OnL4DDJcoLTGVZjL7c8jQZSC1kSMdLqULsvEbHXu20QjNeWxLuncAqr6IcbnvQE=
CX7sAQQipRO5R4MKw3cc5NiSLqKsJxBYFUlD4DZcpg+oDlecB6GhkSNo5Sg/vyF0P2+mxJX68IbbpKhyoeoG6aKTnW3nNeeX4twRTcIjNxq1sXcaU7lUKslgO9Q4gq3G
CX7sAQQipRO5R4MKw3cc5BmHFurlqab1M4ozp7Dz/QiH0rlzrSiQ0OMvq0tqIQ+KF8ZZWUrwc/ffS4TkGLVrPoljkqmSINV4aNq+wohHAw+/FWY7u+kklBnu27a+SN2PWIXyh7iRATJPCHMba1i9UA==
CX7sAQQipRO5R4MKw3cc5N30wqac04MS9mfEJ5t+XYLy4Xu46/l/n5NKCmLjCDTBjJhs94mecaAi4caXgPm0DJfR01iFPzd0/sAW238DHZhMrK3dj65FsJ/Gyz2gz74LY2f3BwBZuMl8viDwjAfN6zOWwrBsfgOKVhcZNHSydCY=
CX7sAQQipRO5R4MKw3cc5DrXVVIyLF8wZIkv6kldFrJiahIqhXSXSvcNOE5pkKL5eKZMZHk4+6OzNQl/NiuptFEHnPPyWXbJ6PkK+jclBSOz2J9/J8KfzHmZv8np7amF
CX7sAQQipRO5R4MKw3cc5Kfkj8XWEE84lmGz9pNmCdnagEGJZHGYM6KrhIJ/e2Ao7NjMHnx+Q9y11I0B1rDUXnWmxNuYDOVqPkv+bIwUJ06r/C8DIvMXsTHaYWi6T0Au/hPo29JshatAMIJvJx2GkA==
xXM9c5JcrY3UxJkmoCeGs5XYG9Ipv2l2Fnlb+bX8qPLQmRXlbZcxtN70tlnCU6IMHjJWBWKNGELsqq8pmGdV7U022832odlwkyoqzKP/iuIY/j22cHzl6O5cjseqSv49ConmbSMfLFsMRhftckQZnhbaAZZQSjhTzbV/JZJ1cKg=
xXM9c5JcrY3UxJkmoCeGszXRSc8WvA8ZFac/GBuWtR9RGMaEdtHz6rFOp4a/z1F+DvTrp7P90TfRIeUGhIG7TVi6e9NqMxiRLWAvQceOp/zjTVWLbDTPE0EeDgyDuW54
xXM9c5JcrY3UxJkmoCeGs2UaCBJ1DS5vFqGwkjVLTi1j2OmipA27QPIFfXCEXd0LNylcCh2ZEsK5FnYW920awZMZBRFrAH6Qjz48avipU/zdDhAT5UqJuDrTM61qshuIUTYuPqwZSYt4PX6NbjRc/A==
xXM9c5JcrY3UxJkmoCeGswMdReRI4PoihZLQtBUJzdhYjyIxcGKe7GLaKTkmpAbBlshrjC8Ozj7V7QHTT+7y2I67P6TWjpgCRB4KBJKNMFbJFRZRKr6W2Tm5qMKFgdxYR7MEd9w1axzAAEBK0xTylHD8hGCJV6E7x+xyV0Okpv0=
xXM9c5JcrY3UxJkmoCeGs4mSJvk6sGyv8ToPFGRDpU6L2z/JP76lV7hxhU2K8v6Mk7CLwugdWiOfFkrB9z+oibT1veirA6sk5uXWSviiq/YgDOfmnZPvyU3JsnoMPtw1
xXM9c5JcrY3UxJkmoCeGswMajZWwsvicZc7diAeQcFa64kpzmkDTSi0MMgSWpZGzgWaTwwu+YTL9Oc95ccq1ihLkhS+dZAGSz99hAML3kes9iGED+pkAXt8dSI3ZGM6xAIX5x79t+zyGjevu8Lmrhg==
MNmFsp6/5qmJIDP2J3K7ud38vN2EvGQlNsOeKhT/Tajfr/WCqjLFF0+gVsRAVzvagznKzBgRfU++QyTomJCWwaQYJdu9Ue6PyjnD7FzCn3dLPwBfsrDNs6mGy9njCtetCA8yRtSNYwBa2jO1JKEm/Rw7F+QMRrMlFmrLfpqCa9s=
MNmFsp6/5qmJIDP2J3K7ufUpJo+5QTLrzqsvWSMkc6+syGOwTd5bQPsPp2Za2r6zImimBC9Ypkn939gvwx19p2UWJApRJ35eUPd5mMKLySAzNfGIigmetMF1qnOTM71R
MNmFsp6/5qmJIDP2J3K7uYgNbd9cOvJwKh07qfaPEc1oXiM89+Nq/m0hbX6RDtaTnmK5pdj5KYEUYrQ6wM76T8OislqkD5fh5/JuPJFbkVoZVWLR5eFe/y3E7DPmh/hsnlN6n/daLqWdBSPPy5SmDA==
MNmFsp6/5qmJIDP2J3K7uRLMVfBYLlgN9LcQ5H5mXQ5G9WCC9bKZx0vg8Aru8mdMYghqZGO7EEffNaGp9repb0uVvaW0tkMfwQDJEsOoRxfikX3rDZKyMGl2MOmWuYr30yLEWrfT5xXItG2GFBesID1yIeNv50nNuy5FX2Snzkc=
MNmFsp6/5qmJIDP2J3K7ueTfp8pD4dx7UmSIqqPi8DKt1NC8C9N9KRekUoA7EHKLYkfNycvL2SwxU23c+BR0594sNvDcVHhQJzZ6PViGb7wEtZlUksXK7baNAuqFryMM
MNmFsp6/5qmJIDP2J3K7uW8Ge95VVUHGJSKmifDMPVva/EGl1AIhGcg4wpMKeA4oXYutNzCWFD81RRNKDTPAN8+aM33HPP48NyifSeCgtXdPUbmjw6s2EW9K6LXhWnim9fcLBNH+m2R/srB5ut3ljg==
WbAPQtRwG/WNwWGpAKqd9XS2DK+7B1/RBIER98hRaGINkqB3epDW7CKXNa6Iw8wmGaO4rgpnMw48Idw5/xzlzeTqfUm/bqPQ7kUk8a90T6qsCWZtotSDLldcXpz0Z8DmXiuf+MTPezyW2cL/SF5BjBTcPhymwXTSXkLk3ofStN0=
WbAPQtRwG/WNwWGpAKqd9ZAqwCw0erv0945PzSssm8QtmH7+MPip4qL6/9DtVbV4O4wPyKvU7MaXOpApAn0FqnaxidPtUOExvxx2bj/6oJTy4RjtRM4MDqIYhtbu5HpD
WbAPQtRwG/WNwWGpAKqd9R4BnlcbgS7EI+1TkodWjudDJSse9bm8ZOb1vVxYpVMJcJaUyUd7blC/bNNSxTLmqY5ABWxtUBoKERN2/YTgt9IQC/5WPRbGvCY8a7FkrqpESVWLWUjeNeipxmv9KZW9KQ==
WbAPQtRwG/WNwWGpAKqd9bEWAuQ3Qob2VqTJXcbbbkhTUzK8qVTWIwevHavkxFfFtjm6tN9r8SHr5V9l6Hs3Lp/6HTly9FSZRFSSYsTjJm0lfxbtkapK8tcKQ2mfVBlx0IuExPW8KM7m+DeIPs5qPSJBPu6r4olPIRPkMpY1WhQ=
WbAPQtRwG/WNwWGpAKqd9Xey8Xd1qxeZs26C/pWqzJH1fzPFP67d81U+jAeiT+2aq5Nk8pCw73ux8dunlSA0O3tkefUIrsA7SiP0Nppg1HBivGhrVFF3NRiSt8LUSKEJ
WbAPQtRwG/WNwWGpAKqd9XbOiXhYMdcM4HqanOoWNi9V9nFt30Gl1R/dUpcw2IGoArf8VPShjn5VkZshG5NhRVJNXoVi84KchOfAfusKRl0V1SqyS4+mIUMkbiCxiKIH/AqpJ2XcAhID/FaEHsBbRg==
ujJoPbLGeYB1ZMOtfeMuP5MyqquKHRNZYIfiNAZsZrUNDBnl5L0IjdrWGQx8izx6BFcgXXauW6xylkgL169vHBJLQtJijI/juqDik3IlyCOTn8Alil55CcJWslMEYuNCTzY/RN+7fH+umP4MYIBP7Q6/BwF1jGebVCLoSRGmEdA=
ujJoPbLGeYB1ZMOtfeMuPzVSIR0XrUKVlrKVZVKau1rpNwehOK9hTf4w8kxMVJV8t0tKFkFXFeUTgdWip8MnsvH4SB1u3ERbu+h5Ckq6whnGyX2GrFGmJdfq3L3ZD1Bz
ujJoPbLGeYB1ZMOtfeMuP20h8ehf+L0fx5JDxYY5nOZZmUweEXf/FTb/makdNZo24dauep7ZonLSs4MYt/gWCg433Cu76RbLzMnaWduSZ9QkAuqc9T8wbeC1crEaDFuCK3tBDcxcdehko7t8EbK34A==
ujJoPbLGeYB1ZMOtfeMuPyH2UMNfZ+Q7V+PLqilO4jjOOvyV8dLYawxhlFyo0QoGWoJu+x3LaBUT6OeEtpvl51z4I+sFKvxR4ELkfG6PqyKBgpPM4ZR1i6wZLnsT+BZYoH3fZYYnrjlFkYEOFWCMQiqFmQOm/F/ZMwLwK3HhmPs=
ujJoPbLGeYB1ZMOtfeMuP9lpODFZLg6uARF1O3+GLsxAzJFSl2UaA1mq7rwrScS73EKfY0Q40EXeQmBpZUiZm8rOi4zuZjRN442mDQIcjxC7tusu83ckSWKN9tCJU0l5
ujJoPbLGeYB1ZMOtfeMuP/dt1XIxvvxTaVgyn7eHh6Sg7tyhzTr37RorXb0JHop/HVj3a0UBK6XxYN8rFLbvM2CmIrYC7DZT66I4faN/a/i+JA9anneQKfru7n84kPUap6O3rjhY3jN7OmMlXlfDAA==
9BL3LtGy5Fkgn1zqvtzPS1P593Hm9q9vZbrG8Mb8Nysoe8d2JesBWy7ZNYdIBPKUR2JV8a5jG5T5Sc6K2q2j39w5IHUz6tzvPMNgVHQknNgn3EGkQtdb+g8C/FNSl1GIjJYFBwNom5d6ux+fVvfwRlcvXu8Hvc5CeNYsCfSuFeI=
9BL3LtGy5Fkgn1zqvtzPS1eujEMS7xPmVk2O70PfcUEBmQBclsZsVhwJYJnGOQneGPqtFzIVktQCHRb1iGJOFLk0P91r6bXCpSk2IzHn1vHHGYVem8dBdRXQ5yxYqyhx
9BL3LtGy5Fkgn1zqvtzPS8WnWCThKy+hylI3pytYeHL/e/EEFRbhNxomXPoY0FJtSAYCla6cIJnjNA6Ea4t2nZG7Paix2FjWuqb8JHXYR01K7Tv04vfPVbRJ9vi8oY/ENtVz3zRorJSRjZNEROseLQ==
9BL3LtGy5Fkgn1zqvtzPSwDtZnoekW/tnFHZolYY0+TOWUsRXFP8TDXX0zr2FSTZ3QSM5Zg3es81jBQn1Tj+RwIViWWVo+dm2qfYtolr6SKtxhD8XkisrkuTDX8lX3qiVl0bjuuo/XyVENBVTdpG6Ja12YeRpXV5P0RfTM4xgdE=
9BL3LtGy5Fkgn1zqvtzPS2nHHWMeNH6qxp1fxdTuFSsjmJTuq/UAup6HVkMWpS1OHdDcsmBg5j4SBRjvxtI9kdi9HARSYd2FW2Cq/kZUy5/9+mrnGjQmAwZxHf+Ok+be
9BL3LtGy5Fkgn1zqvtzPS/Ks29mktwzujxl0qy1/k8Nj/84Z/mS1u69V3WwqY408MDwqocOG/d8CLvU0J+99CFs3j3o016N/vrCiwUyynt5bdkoJ2AsnTQs2nNeu6Gr5Wh/MQy3+8RFPczvO54VDPA==
ugjZ4n3Lsv755mL7M3TiN56V5utK3g7YPo4PyEodo+mS8YnAxNfjLBHvNfhB4DJOzyBdVlDk1vVISQ9iz0+yli9QpHYMtPeoNomDtJKo0wJmtxyv9H1F2Z6N2rrCDCF+H/wwEANvvoyuOhRLJ993y9vC+2XfKdvjylVYLLOTbAc=
ugjZ4n3Lsv755mL7M3TiN5AOpMLb3/LyCNiS+GJJAvYlsI3xcg1YTmGK87GZvOfQhDrUMfR8h5ZTLI9C2pA9IRcJ6dcFO9iqQu+H1dxBVBInG+HDjwEZXJUn9DbwdsPV
ugjZ4n3Lsv755mL7M3TiN50iytBVnuEWJ3S+xTr5CstT8+Iq7N5KFdCFFgMNugD+gBvnY+9Cok9aWIRygGMWt7+N4or5LklmqAAEkz8pUXsNu3jtQEXkrOcwhY3VlPn7o0h30OgqGi14i7wcYBzXvA==
ugjZ4n3Lsv755mL7M3TiN1cLimEVAFHB1QlNyHKr6MlnqF95W3F4UkQ80DbDe3vpEIY9Legv6Y5bD8/wvWI5aCPYErQ9dmJT0E801wpO6TOSKQ8XbGx8kqVZUcokD8zHbUwPKrsXSuzgVpM+GhAW3YjwV6F+t4hBBhbn4LuIZTg=
ugjZ4n3Lsv755mL7M3TiN4afGpLVZFnRnOrYgeRAXq5Bs8c4SUFIWHyB6T1aehCSS+RFXIMZBsC7ROTsO3rqCL5S1/PuYDlQ5hP5fWcm1vGd8Wb3CaW94pqHcFU+WvdX
ugjZ4n3Lsv755mL7M3TiN1cJLAIh0sTUTvSKQezjRk9+qgca2ElLsLZREiPv0F0mDGe1f8+V+qRH9TDDmWx188jgfnIx0YLxpLDr76afsJoZFj+efFHsWDpbul3UT+aZ7R8DBQ3v4xNYJIlKjsSOlw==
e9mTcemXyFNDdhrpdxq/Ufjn1kBH1hW9dW4rEtJJRRkh+Zu2peLf808xi22b0dp/RZDuSMEwNyzJVzBUGVSq3svccEoGc/uCEy+CZ9xzHQoNk2qlSeVm/dk8ssw69aeItI036xYR/jZHbx/hDRdu7TkcWQWyrL/KnU4U4ZfFpE4=
e9mTcemXyFNDdhrpdxq/UeP1UVcB8la0JqeNfBkF1lFiqVGQRQtMXcTko1Subd8qFrMEBSv2VEQcrU5aaTI7M97tFRL5F8jSJxRTkmTKpL776CJTsAz0mjP8XAh4qsKf
e9mTcemXyFNDdhrpdxq/Ufohu19Fvop4f9qhWK0DcTLt5m7zNp6j926YwdRbQU17Na6cMArgWqaoSWhj3waO89wuyB+/OfhuGAUu7/DZrZi1DCPQIl/vVrDEEuStcdj288x9nnmaUnCZXnsCb6SI1w==
e9mTcemXyFNDdhrpdxq/UX4h/S2oYJ1E1DogasSr9+csDv/MFG7eoi8Utg9wtaogYWJ1yYeInBvgkr1sbsKBL1niqflZlDo7+TMnWoUZ4RbaENjckg7B+3iIih62OiR3+siIkFpgXp7l5we/ybCtX8HV5pOUVmouOXy3s/SRS2U=
e9mTcemXyFNDdhrpdxq/URftxTd6f0B5X/jZwGCPg4U9oL7uC8gECAl7HKj9N8cBujOZfk6bu6rOXBqr4S6rkRBwjfmHqNC+gIne/MGSkhbwcDaqG49bWwW6xZ8wDRms
e9mTcemXyFNDdhrpdxq/URCLLOqhX+Hrw26phjN7UggZtqNrEXD47YC8k6eb/VHDf6kr2S1M5BMyb7zI6svYpQdpqoNI5D4R73LO6v2lmR5NJmV6CkkqkQ8+ohNXG4SiC1HUuSnxrg2Tps/QoFSPyA==
bYKw+8JiX8pgdx9T88GuANOB3UmzT6dJEy7umxYD0igkIqFfM4/YhyQlHfPmiU5YZdQIMDjLdBUzxEO0gtxAgC3VlvYo5JkSmsZZdCWqNCn+kwzpdojqUdzNQbG2YYNiBjq/X5nMTJiZzoRLzFgBw/rUpKfcA4e5ARmoouvAUhw=
bYKw+8JiX8pgdx9T88GuAL5/CDz2TJarxpFyka18fyx5ypPxwTc/wqh+3eqi+ptBtD3v0EDvrXmuMVW7rPWuqbHrmvKt4PBYALk9Dn40Myduopvz0lR2+3bAnrGrczXt
bYKw+8JiX8pgdx9T88GuAPayBie6GXyAohIl/YsqiN7OESmvKU/qAGUEDZD9+jVNYg3xX6sLoA8hBUT/o0sCU75oQR50WUfHIRzfB4YIa13GkGy80eZdbOTmGCGgMlF/iUENRb9g5SymXKX0qRfV4w==
bYKw+8JiX8pgdx9T88GuAP1CX2VCYX1HJYoZdnMk7fTHwcnn60Ymq9jYJHXxAQl4BSBP2CX2WM1T1DQAnmPeh/rWMfT/OYHETKBXPqjczucSwoHqt7Y6iOhc39gwQDxggFN8unnsT+mIUxbRnnYKq0Ggol836MuKrpADNs26960=
bYKw+8JiX8pgdx9T88GuAMtcU2A6Hp0vUZISu7e1x+FCojnX0ro+7zBrOgATUd5l7PBHBitV3nWZbngvNpdqOmNejnj64sx8VGjbzTT280i5QeHKLi9p0vPDyxdws/hg
bYKw+8JiX8pgdx9T88GuAGJse+hV/GUmuI1EII+tVpdJqrERJ4J4kh3PntbWdcfTHy/GUpPd7al5JfmGp3VICKGAXig3IcFDFl9SGoLrulTWZ3LVFAHjRpAZ7hLojQp7+0F4+CamfubJ4bgy0VGDQA==
htL+xATzucXcTAfDmo+N6InyXol1suVmCTSrix3g8vQ6iAptpxaiI76h6f+heaxzplinVbyIyyuVHw5uulaw9HyTzSyABv89Qx2WsLvARQ4s9o/glEdbB4hvkXNo/SxNB8sryMknwLGYyfFDvK9Wdc5lu4fLyXQ0GNzlCu0/zSg=
htL+xATzucXcTAfDmo+N6Dcf5Y5e0GBDNO9mtSkanaLi/VQe42kASYnGyLbD1jC+TAMnFM1Xlm6E0G+o8X+UoEUiZHXtuaAHQZBXhctMA4sLb8HQ5Z8DgWrzHJZ7hOgx
htL+xATzucXcTAfDmo+N6HLwIr/hReR8rt8+LtJEW7FkF39XoXDPo85gsFk8GbtYf6t/Mm2s7JFJ31YNM+z5twBW3L+wPa93LhIAkvcCbrrw5FhNnPH8NewXCugnWAignCoalAGNerO5gN6GWPXTcQ==
htL+xATzucXcTAfDmo+N6Gw6ujHoJ6og+Gj0Bc8l8ro9rJh1tZkTxGCR+Kts+MOJWwkL5k0H6rSIUPYoB4b/J1Iwba1b2u7Pua8py70G2oj+iS629NkSkd2hUYfwPOr6rwghzpHVP4yBK587O7nblF5FQhBQY+1pqtVA4sVxsEQ=
htL+xATzucXcTAfDmo+N6MLItClEfFx/0M1GXAjhvy4BDOZDexqw6SWx2gBzhkNkT8xn18NPEHDR1LFnzxjqTuBzIVcGJTgANEKvkWLMLdLEyjPIvG23K4h3Q/5uzxYX
htL+xATzucXcTAfDmo+N6Nvt0ee4ZvGBU/hnY/RLIrg46woajaXhVEvvpfLow3FLQQYt7c7Wqo9qKGc/sWxgYlBbhkQC/ty8awMREFiFzyhYhn4JDtYpyKCzj9y2XZZAxdsiJzPpZbURaLgXTCsZLQ==
zqfuknBb50w1JjY/k7CU8umin6aSOf+A6fp5/d+CkEYxBsBHBOLtS3B9vWaXw3G6aoi11P5KS79rolQEhIOY4c8q8kUcHt0EzIl2aIPplPTdpm7quzvenjQX79GgCxIjzjBJpzg5XZGF1AYgHtRXD4a6wHPqynoSVfj23NXnZY4=
zqfuknBb50w1JjY/k7CU8rPp9aW9uWQVBdoYJTk1Wn6zqx9TYK44IR9Qy5e7IqabvPZugFO7lE5/SBZbQM3UHygdQ8R/99L307MESLETahZwCVd2iXgtC0q7GV4bYHau
zqfuknBb50w1JjY/k7CU8iXL5I3XH0F16Ro7u8AO0oObliODcRZkupexeiOYgzmUNq3BuGIhs6+zT013+TqhPxHPgMM7qHJj2mibhz0LTdGxSKW3fFqT5qcbaD6MP8sA4RwAJnjlMRjMuQDEBL+jIQ==
zqfuknBb50w1JjY/k7CU8iX9zOzPPx+IBFaHSEaAmTkcs6ahqMQCaChUCkC58ehddwODcG++Le8uCLSUCDREaRBh/dwWCcWbwsbSfhsTO0Um2JixVq3CFJwAJ1qiW0BNnCsv25kNh0mon15vCX7tqxl/v8edwg7FK+xcyS7txLQ=
zqfuknBb50w1JjY/k7CU8rYgoAtT5tD0bp9LFfDBHW73CLNxCQwTfQcx2oZo9BDuymeXnoGgEJPT37jjhsMh//jx31R/B9+AlL9doeRcfBry4Ne13qqK6s3CkwFuYKoj
zqfuknBb50w1JjY/k7CU8le/8GHG22+qEUW5uDEc9OwgPuTPuGPIA4UNmE6Dex81i8au2HpWhSFxHilRhI+X2qWotIdALYxnP8d/2u5bfuS3n8Y6zo/pgJCfLT7Ep/yRDCYA1rKRTRTtoKsdST9XNA==
GQylMA+klfw6SAJByJzhoSQIBBj8vZSXenBcoY59oox8WTSZwUGF8UDA3bzz5dH5gPn6d1NEqCQA4+PJARhav+uqcigzzT6aLyR3CLERJsQG4Zmbc5CFZmIEhVVRyJHpXo3UynlolX1RTKwW03RR6mTIOzm7mX9YbLRYRmxcNzE=
GQylMA+klfw6SAJByJzhoZJmsPZjkKRG0bXPNquL5GmoTP3HXKLyxMHmabHFlu5DwRzy6Q5mp6XZNNTajxInzPgmIrVJM2RUHWZoxEqhXCfYXNSJL7TZQEynsGSHcDV4
GQylMA+klfw6SAJByJzhoTfTxwIrgTxZHvMwSip4SQFUZzG7xoUc7dHP8Fo8PxWTe/t+Cyi3xsmqvTY9Pt5kb3ZTWZAbc4JfXm0lC+B1dqyKkBsYhyNljhEVeEeikkNoMJAu8UuRvOXmgUJ/R/coEQ==
GQylMA+klfw6SAJByJzhoXNkrHF/dP+no9OrdJffHu49AWuLE7nKaShDvYL1epdhMbYbL2zkhbPlv2C5qDcuco5Avcbl7z0oG5BSJYBDuY8M7EvgsMNw8fXea+aH7aVF8ElXLYEOPACIvJbNhMfnCKka2rhNgitVHumNhbz2vEA=
GQylMA+klfw6SAJByJzhoS+kaHNg2em9+mQu07qP8B+fi5lSDzJ+UCe0BSz9dwUE0mfM/TajlkHTdjpfBXbH2e1HvhxNuFoqNHFFtqflMmn6V8J4F78zJZBp33jCEAfN
GQylMA+klfw6SAJByJzhoWJeC2Ph73g4n20t9qjrtdFdZcxA1gO9omDq/Whll3XAwq9HGLArHGbPBxFFUwt7N3zD8ejZZ4StyLDnUTxLTuU/ZU8VairT+tD2ErwoudRRNINWkt8NV0+TLP1AcRPdiw==
4CEiHZ/g0d7H1PUNt2qkSOA8ucbhDJq9DF5HcKeQpSNGZwn3TQ+IAFRwSnAxtCc+ZAzjb9EzWZYSmcngXmyycD6BiCGz95VeTUI3OP08I7TNZSlao/IgUCJUDl5aDVvKKdoJ6O9y+48zd9tlWwAJPPq3Z8Acix2pKSYwsDLB/zY=
4CEiHZ/g0d7H1PUNt2qkSCiKbSbw3oyjXaTADOptvH9i6H2H62rIToWeGzLIWAJ/uiR0f4blIIXTHRSQSfmXnJ9aCK5JcYiprEQNofEozUowCZuS75pouL9CrRA5gJMf
4CEiHZ/g0d7H1PUNt2qkSHFESt0/LXLu87fuyyvQy+RUGT6oEBrJ2soWtp68q+iv5gyrW9r47bITt4F3+RuqrvYFiv59J+SwgcsTAMVhLK7V8KDijloiogmvvYatbBXQIvqWBSf8w8YmI3n7oxB4wQ==
4CEiHZ/g0d7H1PUNt2qkSNmSZxahLg+ju3x6wbKc5VrdG0HHEDdWXu0C32uND1Wpcm1+cc+vyzgJiCjTB9e1+XVijPi/RUcjFuHAX8ezDZatMTvuzqoaSyOxpF9PIN72BT0dD0DZRIHpvBAsZF2D78Env+7noHq+lLTSO/kFqac=
4CEiHZ/g0d7H1PUNt2qkSO8qTOO+FUmfhtwP6Jj1bmQULb6Zy70/K9TlXbGSPbi25bDcakaeYaONICFEKSQLUByP1Knff55/CpZ9r5YJc0ixKRU0h0BXlnuuETkdTIDm
4CEiHZ/g0d7H1PUNt2qkSPWC1XHdCX4AqwVHc/Zhbg80AlYLYhW6+BdE3I9F/ypq7sydw69Vza9LK6T7AkNYi69FuKovIPmtNcPiR1LCDT6o8eLbtr3W35/PFsPwOYsX6i2zq3nyjwUvxw/+UiWDCQ==
nmH6l5C6IqY36RqKAW0BcuF9tVqzqtKmn+EfnguZmhgHVQEioBEzapLb12SNlvq6q3Ld7+QFy/hI7Ez88JmRUnhOUX1U8MCHhr+I/bXxrRn/yHoc1J4V4uzG6IUU5oi1Icjn+xUGkLdCfUVC9dzKyXexSI2PSjS3CxQOADTXwGI=
nmH6l5C6IqY36RqKAW0BcgTq+XNv6NflR8/ssnCFa1uVvT5d4I/85Vg4NxrPi5ISTokx7QNmO2ppXwGfqfAHH0LU+6lVzwlA8OK1/b8MeqVDjblViaNhdiu6uj9T3m2V
nmH6l5C6IqY36RqKAW0BcodsXyoQwkc+Zwbnr7TPk8Pzf3tG5860lZRDMyn6sqpYA0TQ8y/cM8dcu5iy7qiL6Q589MCCFHRlX6NA0nqIhC5XAAWS0pUl7sO08CISmDGbdhLT0z1unefJ22YegUlUdQ==
nmH6l5C6IqY36RqKAW0BclzTCmTO6/7BmvyK5A6lmV6GLtRI0ZSRIIB8F1cQriTJtkxm117czyluerUgTyjruDa+Ylr8/RZWC84o5EUtjXfK6n4TO8e1g1TD0DCk6pjOQTb2ntMdSfNyffm+CVCs4+GbNiVuMXScV9lTBcOuugs=
nmH6l5C6IqY36RqKAW0Bcm65KoS2srdyGkAmXWRxxRyUZZ6reWZNjM+m/VbZnkma64hD/X+qt5jc53ZYun+tAjlOODZl2EZkRJ5UEn/mlinaCjTpmOfmt9vVZR6p7DOa
nmH6l5C6IqY36RqKAW0BcjMaCHSv7c639YfU3wbmIYlRLgMycCm3WKnWNe4v5pl7AnSbTVYrs2v0RwarF1xApqlPdzzXmFQ9+wwwtxJJnOsVnqtE4oSZOam/91hrW51JSDtWBPrDntJFSiEnEPdTZA==
RVMovX7pYe8/qSab/O7mHXHT1iD3quymjSqe3WNLg4aNqZyTIA4yyDeIlPrRcny0RZN/fXyAiw1597ATF5b1EQ==
xs3Nx4zLeN2TWSn71yDNFmVwc07xolaQapNqN6/oDMfDxtJ/g2GsfRJXCFIIUiPJFF4kB5GrBEjLRnW6H3+a8Q==
xs3Nx4zLeN2TWSn71yDNFghaHGHBgSrGotnwF4FYnbbz+ABMVXcidkUmjXKf6KOB1Yx3r24Jg1lCmqTJeIJETiJjB502O9pn03c1eXwUK/xUuCSTLaGLar4bmDoB+tHf
xs3Nx4zLeN2TWSn71yDNFiFsQpIDJhA57S0HVD0JmtHhbAUxA8JimVzGOTpNPKZ8gpgtZKOGCJ4nc583qkiXhjRIQ0LvuF5RgW0l3JBw2jc=
xs3Nx4zLeN2TWSn71yDNFtk/8vuR+abJPn3A1kvsZDMk09xfqNvBLq6KRahthaTC9L9nsqLcKDtLY/01ZDVb+nR2ANxGBOyhOSaB39TVTg1ZSeYp4b8itOkZlmA13bkVRMb+NLaetMh/jdtMJI4Knzimf4UGEpWP4joaYDAb47s=
xs3Nx4zLeN2TWSn71yDNFoIi+tK4pTpeMV+8hUVy6BZQAhDgWUd0S4Kb/hsijSrNBvFZw9avdcnQZY7cJ7DVPi0QtN/ag3QK1z5tLVEW5PAhGYC6rjmFx/HwfnG+gSlk
xs3Nx4zLeN2TWSn71yDNFi79VZRoZc2KAytEXXsmK8P4a0MPaG7dkn3fmKHSQtUaAE5Zm+TZUd41N49YX4wn9FaSUzIwK0TcRLbgo5MR3vrgfek6juBI0Ih94KTbGDGdNaVnauGjqHpMEn0eyB8TBw==
