GmcONIA9PFzHw1gpPLLPoqev3ytAH5KO3S/CJpMsylg=
35kyjVfwBJgytCi6KM5Vug==
FNt9orFfFSbPIXNSbXcP2Q==
gE2g7VQeqq0h5MkG44fPUw==
A4ZCFW7RnVRfEnbtNxUDb8VFIQmzxcIFLuiIjRY2q84=
cwgQW1UgxyVfBeSrdwXHsPE1eoSAri+NViVSjTYe4hg=
pYn3RyiaY4vz2unSybTHuw==
mAzeFbkWBGyzJRgEWJSZYQNn44wFaguEUnqkvHVinQw=
NiGef/LGs6v8Em6sqLz1GYGKB0111uCW/TAqgkiW0+w=
2lfNnhNY+w/3xMaMUxJbE0YFT/wvMlSDz8Vrd5FEs18=
LzEtrVFx5FVW5uGUQdz1pTDufiS40OcMTDv0pqPp9Nm7na8zGNu/+Rj9k2X0eOF+jF+b/cyNht3h4a+gZV2LmA==
EhjXuj884eyI1d9DQ9Tzj7sBxWa2EQsNZfyWFezB11DH1fGAKea8rsa+X+60QnkL4VldZvrHkLtrN/4GzNFddw==
EhjXuj884eyI1d9DQ9Tzjw1k+e/9Ywz3bLW2+IiGmE5UbLrsHrpiyLUSQ/GuaFUiZuQcaustricDiPJQNwzQC4+dPt1DHr1CHZsQgucMrVahRZEH8DnG4V+Ax70mglGH
EhjXuj884eyI1d9DQ9Tzj0vw6kyUr/ko3UBiA4F8mnoqF1iYAzaJmfu2djVdsW7yETJ8yXgg/G8Si0aPXXHjyZi1BOzjxFCNSi4jAI0EGRY=
EhjXuj884eyI1d9DQ9Tzj3FK+LVgHKoAiUs0Pb6n3KngLJf/VJqvlCRvgSow8RDOs10JR3OxUktapzPo/ysnm3wF9tEkpiwQbsxodXlTZUTOJuG89Hv8+Ncj1jAZgc2l
EhjXuj884eyI1d9DQ9Tzj5ED2dlCdnWrnA1LvrH7mBAPRvmflApTwVT3XaBojp7CQjJVsUj8owDeZrBhnauVKLXit4wmZJ+ikXkYSdeid3VjP3nVXAc0kF7PXHc96UutLFEPODWw1uEidF4vAvCe2w==
EhjXuj884eyI1d9DQ9Tzj+CUXnn8UR8DbFoB8IIeV08UuLkQZDNmyuuSg6DncWLAWF2seFOfxyt2NWqqpbiH0pMLw1wNeW0JiwwyxyShTySqpxz/od7L4yomanjcMg8oDXaD2yjRk/hjA/PK9qMVLbZ5dk2IpKcqq1jRffdL2UU=
mIIb0GhmCnm18muYHmlw17bR84QaBJ12e50XD+9vC5lRnRMGK7w5MYrYWPHQ/q6YIvanPBuZ73xvz+svJFfSIbX0pGr4lCUHEYK5RREm9p1mLFM3pT/ug09bUklDM9Kdeqp8QLkzPWLQsdwfn9/BhyUSlYpk8nFlDRKPIOC8K/M=
mIIb0GhmCnm18muYHmlw17bR84QaBJ12e50XD+9vC5lRnRMGK7w5MYrYWPHQ/q6Y9fzWIXqREujLaPEXofyPb7NCgvYHuXUtiElN1erRpt8=
mIIb0GhmCnm18muYHmlw17bR84QaBJ12e50XD+9vC5lRnRMGK7w5MYrYWPHQ/q6YqKkwa9G66tKviT56qhPObf4tGq+SScAOgF4DQUZVl6FHLgOakMMnC2PVfkRPOEKzfHYVg3+Ty93WPGnLbjsggw==
mIIb0GhmCnm18muYHmlw1/yrOEdFyXeQQzPuPLdq2cboMKbSEKcQNNgOj1/R3x54ak1pwQuRuJyMp6Gg/O8Pk4vwHjASSLfzABqY0URd/wf/sAYK39kBAVnbrKSWy9oYn/actZZt8XlVt+K6dv9tOjJzbzjjkTeHkRueBLxev8c=
mIIb0GhmCnm18muYHmlw1/yrOEdFyXeQQzPuPLdq2cboMKbSEKcQNNgOj1/R3x54aqTNoT5s4cqzRAN7EGch1fm40BFJuzPD7Bw2Jaz61Sg=
mIIb0GhmCnm18muYHmlw1/yrOEdFyXeQQzPuPLdq2cboMKbSEKcQNNgOj1/R3x546dZ8d5i1n6sbCGy/akAgcjqGx+7G2Nte20JQNF3HT/ixvh5LpyhCicbQr5dA98zWuFQu/eA2gK47fV8dB7aGqw==
mIIb0GhmCnm18muYHmlw19H45IzMkUCNchDR+jS2qVBk5zDfwRTjk5XITS88CCnxNLlGM/ayiMxFNJx4n11CTRZehQKWxeJtsMBo+MvSYa+QlkdVjhWZ1Z3PrFDPkGUjo3mr6F5e6BuxNj49nngGBk5qsamXuADQc/IOrcMRTTM=
mIIb0GhmCnm18muYHmlw1/BaFizh5zv4IFh0WMS5HF5dI3era7HDe/Uo4L50YbEyFT3izcJJ1WpiYz9aPyjgOHUa16KWlIsVuYJJ5tOScGQ=
mIIb0GhmCnm18muYHmlw1/BaFizh5zv4IFh0WMS5HF5dI3era7HDe/Uo4L50YbEyZ28PhwbQcX7nEKO1EKA2bn5HObMJzonoP3p7fcFUSVMDo6hWJZjQwZH6SreGTBaJ4FURnbwxv1FgsL8DB2fmxQ==
mIIb0GhmCnm18muYHmlw1yvAhywqXzl5i/kuhCU+GRGcDVaD0Dv6o62syermK9qf1VcSMJ37X8dbLmY0/OSHfB3NFKO0q0d1FjtiZ1qR+pVufnxhHqHFkOfw6RSBnG81aV2E4Nw54kAtzb7LLgltcJOmcC4NFadfCPlx1gQfk0I=
mIIb0GhmCnm18muYHmlw1yvAhywqXzl5i/kuhCU+GRGcDVaD0Dv6o62syermK9qf5nCJGow0OYJbo83Aq66CPLUIV2CAp5NsUS1p42k0e9w=
mIIb0GhmCnm18muYHmlw1yvAhywqXzl5i/kuhCU+GRGcDVaD0Dv6o62syermK9qfzZKGdhNQ8SRzeSwAKy1fmn8AR6YNc/V1o1nQCOLrVLxWZXABmKft51OeQOLS0u5fXP7SR3zHW2UnEQch2YvXEw==
vznL1e1AjFMvQV7eQBahm6WykMqpYnBXCfqsNo9ct/ee2uBFZRKiP/QyO8Tqq2vWLf2rFJxmMAuN9rd8195heg==
vznL1e1AjFMvQV7eQBahmyGJ/5t5q+oTESnpF6whBUY1hjS8vK7HHbLhWWT/++7INDnGZH90Gf9zFxvRQnJTpw==
