GmcONIA9PFzHw1gpPLLPoqev3ytAH5KO3S/CJpMsylg=
35kyjVfwBJgytCi6KM5Vug==
FNt9orFfFSbPIXNSbXcP2Q==
gE2g7VQeqq0h5MkG44fPUw==
A4ZCFW7RnVRfEnbtNxUDb8VFIQmzxcIFLuiIjRY2q84=
cwgQW1UgxyVfBeSrdwXHsPE1eoSAri+NViVSjTYe4hg=
pYn3RyiaY4vz2unSybTHuw==
mAzeFbkWBGyzJRgEWJSZYQNn44wFaguEUnqkvHVinQw=
NiGef/LGs6v8Em6sqLz1GYGKB0111uCW/TAqgkiW0+w=
2lfNnhNY+w/3xMaMUxJbE0YFT/wvMlSDz8Vrd5FEs18=
EujXiG7RfndpAwSA8HragZc+kKXPWDNn8sLDEqndHvRieHW+e5uaNjvv9+u5dgclUpwufdUpaoNQKp9nwVi3hA==
HsGpqzjws2r8uz47azAgmbFo4aNiK9QEK7LzXpHL+61Fh2R5MAflj0SkJzqszQonneLMHngD0CE+bVKoqqMKgQ==
HsGpqzjws2r8uz47azAgmcHX3ZrRVBFXy8JcizhneTULzXfqu54K8dsWU8VUGvK0/EjmXlUvdwVC88prZhXgJGffb0f3KNSZ7orZZM1TjSj5IVcIGIxEOs1g9FAPtQ4Y
HsGpqzjws2r8uz47azAgmT94/ePrlwMxSoQxs3vYdJrSCnPMeU0sWoLoso9nM3IITRZ6HFJ4HLn7mripZwIQaFyckeEPbKSO0lYXaUIcadrUC/7TdxiGCbyjG4yDWKkgrMR087AcU5GA+ub5FXSLe8Cw/ctYdABvqvn8O2Jgs04=
HsGpqzjws2r8uz47azAgmdAwgs0o4kiKIhcUkPSvYeilrT9eLBTm+V2mOC9E85cnoftiMyraiRCmiSBc8wbL7XZH2Mw2VJ5ju3e0/stlREU=
HsGpqzjws2r8uz47azAgmdAwgs0o4kiKIhcUkPSvYeilrT9eLBTm+V2mOC9E85cnXGkj6IbIn70xm6eAsPSTLiMhLbRxgQ2FV0rG1jm4hQ+WxkmzVfjZ4r5dii5RJA6RF+dkFS9sNlngSSF0u6A3Aw==
HsGpqzjws2r8uz47azAgmQDe+3Bch0cwLlqKgKKUU0Opw4tL0i7ZebhhPzTINci6OzucoMty7Vy3tFvFR3qWXQ1pzon5OZOzNuBFhd4z/eE=
HsGpqzjws2r8uz47azAgmcWyrB+tdqDWDsaPbo847DjW5lXwCA5H0wbEx97S3K+IxM/+oWOUdZ7IkGQmJ36Pr4MGwyjeeqYYCWbR1/zkW3VLGUpKvajYKC/oek7HHqv5G7l+ul8Zyk4Vp+L1bb7AN3ktbB4K1B6B64tsiO1qlG0=
HsGpqzjws2r8uz47azAgmcWyrB+tdqDWDsaPbo847DjW5lXwCA5H0wbEx97S3K+IFs93/5ilheKUPk9NMSxSzLqq9Ni+HioRHhHjvfm94bg=
HsGpqzjws2r8uz47azAgmcWyrB+tdqDWDsaPbo847DjW5lXwCA5H0wbEx97S3K+INtU8JVlccJS/etp4iYQI2UTLXVBPSd9/6gfUbxbXdl1uqSuXHcAVYbiyNeaMlnN4kgV1HjCVhvUrolYtW1b2JQ==
HsGpqzjws2r8uz47azAgmYXk/AVMyQJ2aksubRvcT/JCEeiMqkdRuohybPik7/u14vrIkMZszPa09ApshoxPvXNdmFCgdmVJclN8BD8a7qdQJ9WCblM/jwfqdH/0o5Nth56uKbEVbriHCTPcOMlJPHcvMBR7fYiuL0nFbUnTTOY=
HsGpqzjws2r8uz47azAgmbHrN6qFat9nc6yygGHn3Bft/3tOj8sr3imWq42fXJFsUzCfbEa7b4h/Q0o7NZal//592mzN4PsZ54j+C41gJn5FJrurRCBpAqFuMeZeSy4T
HsGpqzjws2r8uz47azAgmdNAM8z4pnZ8AaOsDhGQyP8euyqCTHrrYuVspn1+IUsq7iiNQQIhvhwJ3Ue26jKueAG9NM/LHURBEG/bk8LIzh/aGHTDnz8rFAZ1GkplHYF5e/lNHpFq2dMbyDYmVfkHhw==
ImWM/bHksRZT1ax0/4/BSXWxQw9rt/WnqtOVFUyI/fw07D5FFDYEMxwTVqjgtO7QXxEkZucC05r+hEVyQmAa/w==
ImWM/bHksRZT1ax0/4/BSW1ba9bMaNxFNq9DAl++nJVn4h49ERY73LiljyvejGJwGggP4utqW6e87SLS36hRyA==
Ekuc9C4ex0sQv/2IvSvAWBOASikmscAN2WvUmWavqRIpD58uWB0zH/5eUb8BXr7PIkHwng9o9HYKxkF6uyRBBc5h/H3IfmQkj/T4nLRzJIjyWtd8jAj2MfWMXT/ihf2v
Ekuc9C4ex0sQv/2IvSvAWKHMOQjm8Z3vMy98toVKM5pQEJG1jAGeCgug+ylf1NGBUz1Lk2BgncOOBSDrtma4WZSP6yh7U4xOYd3eT9iGoInC3PrRt4RtfmjsLcz1illPLIE5XMLnx1zN5n6tySrrqQ4MhTbS62ivkNZ1v1FECR0=
Ekuc9C4ex0sQv/2IvSvAWK6xshKd/TQyQNik0xuezGOpL3EsegYLYEDFI6xrf8IdZo2vus8RvGYg7qEaCXC9QUx9XGsdHhN9153+uwffpEHnVuulQ7Y8yI3Hxuj5E5C1
Ekuc9C4ex0sQv/2IvSvAWJl2UUULLranLKt8bZQLrfYnsKlDaSOjUJEU1z9/cuvJ4m+c9NB4NgMoeDGwUbDsFFpzK4w4a0WiEHxPrQtLu2GTwrK9Ah2Jb4/7el77w7KorqeXe6Ch1NZLIqkam0cB7w==
Ekuc9C4ex0sQv/2IvSvAWHEuLuRMwoIwhb/7UlIAMNahi4uYOuekjmOpoN/fmnJXpc/vqOq8TNEJMCm7nsTck+Wg+DxMLH4VWEEtiQJIdHVNOhXCpcJ96Xtm4IlhT3gjzA8HYOLfqmbC30iXerNqCch6PjU3XgIMYCthssfRnew=
Ekuc9C4ex0sQv/2IvSvAWP2YV1kaOL04cEArvAZohK/OP0PGIACNsa+T65IWDT5jQqTAVy6/g9tjBMgpMUHMwKC0VhsfXbOuoIS8wq5EqnY=
Ekuc9C4ex0sQv/2IvSvAWP2YV1kaOL04cEArvAZohK/OP0PGIACNsa+T65IWDT5jkFfOuA/b/vdWMpcpca0qIvZPFRTxdd9dNchXpVTdfEQJWBAfXULQgevn+2NME1qGGznWNI0upP6eDOmshR4rqg==
Ekuc9C4ex0sQv/2IvSvAWGeHZgkmESoTG/OX6jrdUuDiY3RJVWin63BmfpnHx/tX8/AZfwTA4JeaRC7hprleAi68JG1b6BUkofZvTbMcM4ObhRIQTUTh9Vx7jU08uI8vI+mJj19YwEFEoxZMk+beqGJILD5KzyAR4ToIF3ILfSc=
Ekuc9C4ex0sQv/2IvSvAWB6SQN74saYjTAu35W9XooUtsQz/lilxW+VKa80aDAmITFza/z1KNoUP+aiVeNQlE2oUlHgAjUcIhKchkaz1vr0=
Ekuc9C4ex0sQv/2IvSvAWB6SQN74saYjTAu35W9XooUtsQz/lilxW+VKa80aDAmI0zpjvszNu8/64ZlHWBoWOhth37pzdSSUTmm1RjbO3NhXx6YtZLaRbcMbW/4RHHo4zNB6te5laNJn959/9D7J/Q==
Ekuc9C4ex0sQv/2IvSvAWATH5fMMC3HV9phZbkKWOkosMs+v+3DZO3K3Qj6a0VgRXwqa8QiDuS31doPk9REWADGyd9jh1TxyfrBmEvM3A9tBQH0FtWzoVQAqjGBhhuMPFTRmM8ldl97Bnq+1bQj5bztnJu6oZ4QoZC/aPTaB/sk=
Ekuc9C4ex0sQv/2IvSvAWATH5fMMC3HV9phZbkKWOkosMs+v+3DZO3K3Qj6a0VgROz9F7uOB0X1AJHqPVq5G0NC+zK2XXrpmnkpwrfZxLiA=
Ekuc9C4ex0sQv/2IvSvAWLADe5cpOjGPZGe8DIGgoiiWtgLbI+I0RgUsCuHf/8o6o9lQ3795GLkcT8uBgGBXI1wHeq4BhojJOb1bh8E8yfxdNo2NYMamw5KMZI5949jRqszPPis3OLQfXAReYwyUHA==
RZj6TB5lR1JKd1/AdNE2EkXEdhT+1+QkUQhCNq7XD1O7/OuGcH0DYP3IJpStgLRF02bxpsJfxQu3eV99+9PbYN44c2VMnT3S8yXPydPYI7IckKRqa5gdOIeOP0Ox5FSv9ipmqOY6G4YvUjs1gMkaRj9nPf4EG43HH3PNulMlWAA=
RZj6TB5lR1JKd1/AdNE2Eh4u0u6QCDLYQHmlHMv6FDvwz4Sg9bxM3HbmQRJwOhNb1AIEd3z5ilLobU1hkFTwXrQLZQdLey+MVYfeWeyKlbzRMGEEtwFTYsSELtqQxGUh
RZj6TB5lR1JKd1/AdNE2EmMlE8Bi0K0cLIZ3XTV2CHkecoeG1hRHEJCxqoC6y6R0RgyE//5aCNtFaJ/1N/cmUokEF87yv96NghdVcNEM3x6aLD8e3RfgoxZkwssMQYziJJtZ/+Mr+Vwv2WnYYNelOQ==
RZj6TB5lR1JKd1/AdNE2EqR6qMCjSb0fjyVfg5uaYOG8edOW5qTMkLfe6eqX94bTRPbN+57D9azZ4kp27ypz7PNDUTRHatb8cwsQFmFYA4OCDNSy+w6/GNv45a/iax5q5Xb9ZhABoje4FSqDkjHf4T22nsrrkxoRJa6K1Jd5ocM=
RZj6TB5lR1JKd1/AdNE2EqbqR36EFre3Wr28CJrcgfW/XB1totL8uxgPKFLgP8h8MSEY3/zbMPAmScEa9Kdu19qbB9fJav82/tretpcelaTQskh6H0pbk4BjMbyObQ0b
RZj6TB5lR1JKd1/AdNE2Et7CfMaft9Yu//NCKzRvUZLyyoqjKq2KcBzlDMa/sr23piaePhISiCTNLDpzT0b6ET8lQmZ5jGifE1jzZMhW6mPT2zB6cO44vzoGUKZrET+XIBC3/ewnz9DpCTUlC2l+VA==
YZgwHA91KPFD0XcKZj/TNVEzPyHOelX56lmFFEQlCCucpmzV1eykxDRfphYRmNF+svgHh8Ob264Q6tCrgeE10HnAVR9NqwzDezC0bz11Y817ueZEHinNePoBCjerMlia6+XFNixoU2zQsiQB4tOgZ0ri9f/Vz1GyvQZG68nrmZw=
YZgwHA91KPFD0XcKZj/TNWoVduvx39yVm0KXNH6EJMkSZfAYqGeU6gHndKuoPhUklq3xgMG6DsXZu/yYRLrMkZ5T+hyDa/RNoVoz4bRU0cLcll6q/cOKDXmeY1XTDpcn
YZgwHA91KPFD0XcKZj/TNZjQuu66DeZlluiWThqChgXi8OfekEXZVtob5oOlYiitM+rPq+T7+8TOS9mKdueHVu4i31W57FXlcYGN8Ih2r0Q2xKc3nGuc132EUrYyxu+jn1Hq170OkDsP6PZ8ovZThw==
YZgwHA91KPFD0XcKZj/TNc6jXV67p9yXD7yJwtqQcsX4oK0Zb/E3coiIPbvzgRZ6QixdYm3mBjHEDUadrk8l/CsQF+79NBm6B3R1QFVgKC29ZfNOwoFDbgSmk0+OCTudGv8ilBKtEx23ZmrBRvnqGeS3p4WFvpFbCn2MBR4qJnA=
YZgwHA91KPFD0XcKZj/TNe5EQRwTj8WzkceZurOe0RAAdHllhC8Urvwc8PK1Bm7OqN99HCplB7W25hD1k5dtIFu0OmvPX/YBfQe0aRrNy8jAS5pvQM4kH/4/mTzHpcmv
YZgwHA91KPFD0XcKZj/TNSwTfdCPp/rHsWQgWnmYHQTL3f1hA9cmkpVgYAaA3WayS3exMB0+1iwB2qijr2ip0d0U98ryHTqxvqcrcULMJt+xnfi/unfezayDyBDt3yPFlQTyQ/aQRSJYmRTBU/VIdg==
h1ZB9MXUdkRyTNhSHAX2s3DrC2AP6zqVdNDDHXbkK7uIrHY/DG+lDlekraVuWvr3y0N8duQrYT0Ux+0It6yQwc5IqwG26oKMnGiCqpX6sLqXeJgHrEIVLeHKnyd93H7QSRe6CaYsS2tNZdXTdSJLIx2bg0wJXmMmhnZ82u0md0g=
h1ZB9MXUdkRyTNhSHAX2s/PpCvBSPJvd/IZ2LAz0mm///XoaZET+VKDNewEsexXXkIyWmnSHUwu8TTv1kIRIUg4JHQDErmZxxeOu3qj3O46LO+s3poRmesVKL70FHgn1
h1ZB9MXUdkRyTNhSHAX2s2A1LSwUgRFbmVh/VsHI/Yx2+piw706I+aw38BwBECMDydFhYbYEUIl96hQQsiP6hmqcccd7cVtEJZ/N7Pxn5L0WJSSXUF8NlDfZSJTHeO+kJ+7ljiqwyj4VPGwcoZPsZQ==
h1ZB9MXUdkRyTNhSHAX2s11TB05HhwLVsq9VCPG0ubCOULMB7mLfp99HyuHoXhqhhx16QFV+LlqkGTOHmYheD92JmLDgWDvuT/eTNjcW4plUMj8Dghwh06hsOo/m+FRGU9ERbLa91OV3Z826fdIoZQK/cFYumf4QOaG5NBGoVnA=
h1ZB9MXUdkRyTNhSHAX2s4fDTTZ/+MzrqN8HKsttkt+/ljyrxx9+jvlOI6U5USCxr1V7OjKyc0OKd2LczwJwOgVBIb1FmqoIj4YWZMfYIVA8NTc3WJ+gkMJvl3s17T+M
h1ZB9MXUdkRyTNhSHAX2s9z8nYkX9O7x488EyFPsgCNbiFzn6ynl9092HAI/wxY32RztcBW1KqwdZSABDUBNlayVQa3n7LX32ixYT5+BaceJ1gAYlAXQ28FfNjGZwLQnJJ0DEI/T9UelsNnnIst/JQ==
4VqDt8wZ0FswIxU4Yf/UGV4AkHEnSn5kiS+ci0ovaeEP7bvhRbatmwws9er3E53yjByS58NY8Xqnkyq9rhXuKcGe00bA5i3ZhN2FDjlfM5ggdoDmenmw05B3/SeqAUM6Ft5Um9WfvRDcz/aHabN3u7lyas9PNjgxyMC7QHLxsbM=
4VqDt8wZ0FswIxU4Yf/UGcy65MmuxsFXT2Jx6/6uWn8PaJvrJAKb2/ebEIbpa5evEApbx5dD+8jUGzitGQVmtyOZu6Q6BH58OUCHiUqwPDIgOPljonEYvY7iJJjDaodf
4VqDt8wZ0FswIxU4Yf/UGXjRSYGiF+bBl2y1bzQgQ0XtOck3QE1oB16Xag+ivKO9ExPhidPmfdrF/HxXZuqtf/9ALF+CxST0mAG6Qou+J5BN222bU1BwAnJw7pw7udu+ZnVqjpUtlG+1sLZbTDujLQ==
vsjibcJZCaa7a5KPr3bIRHlty7kq4niSLz2MoPxygJBwxOCUiAJQ4i971OEfqQeuNgjfcPBna+mbgriGR7Vl8Q==
jm1IJakIhMVMD9gsFyvpaYNl9NnuNps7ll6Zof06sNHChd17UsVy3q5eecTfapW2zwo9B8RVxyzx5huRvN5r/Q==
jm1IJakIhMVMD9gsFyvpaf1Qei043a2/LfcbNQVhzVvinSZFX/nYklLaZ8p2cvqRtaiVBX62SVfjgQnifNaOvO6qpdDAhAYEf4UXAD/ZB9ZmUpYwkA0RaOz9ltcbDXM6
jm1IJakIhMVMD9gsFyvpaQSQ54K4XBFEhY8QYwwvJuQbkaYOMHxpHUBG+qRSeMi5z9BEZkT9/U7YDj/6N77go7Evdf/arXAxX3uhNRE626+diiYccyxfNO72b3R4bBpf
jm1IJakIhMVMD9gsFyvpaScLbp6ZYIDUiKx7dy0r98l4D1u5BSMl8ekiPLSOu+HDdfSYI4JKTtASaYeR82DME48lk8jJllyoqIot+sYy+sXOm0lrblTkWAr5dpq7fF0xBAAMMh8ipqhosJGc/W8zubyjMzBNhg5p9nnDEx2tBq0=
jm1IJakIhMVMD9gsFyvpafOBcjjPdPlyqRqTyqfx8IhyKLPJk0NIIfAa3ZotTYkeSSxjgarMWr4U83lqHFKDX0vlmDnPVfU9oJ4JH/sB9Ec=
jm1IJakIhMVMD9gsFyvpafOBcjjPdPlyqRqTyqfx8IhyKLPJk0NIIfAa3ZotTYkeGZZErYvFLlIvb254nWgxNZkzph1CX1Tk2l/+Z8bvdeHf1NX9dxx2b9tdbANOxFHZsiJPqBlhfqKe57vRiJwCPg==
jm1IJakIhMVMD9gsFyvpaZG5y85Rw+P04F/ad8Qmm0282vFRnRzVtwtkewxewzMs3EM9wzGC7mbCk35DmkWRELhU9fnkTwhxmGNAytS467s=
jm1IJakIhMVMD9gsFyvpacVr6A3MXycqejcEjml45a/f1R1x4qPv21aFx5DkW1yRoc82oM/ag1tgRFV515r/vS7wzfLxASTojBl2UqSv/12i2sOJjyyus2q1aclwWQs3ruTY5EMIzEk7hjg75VZHgko6CLtXqDJ7eILstIkWuFs=
jm1IJakIhMVMD9gsFyvpacVr6A3MXycqejcEjml45a/f1R1x4qPv21aFx5DkW1yR0wCNQWWv14+xppyWkWRzQ8cs9T6WqHagsjbAybjbqeM=
jm1IJakIhMVMD9gsFyvpacVr6A3MXycqejcEjml45a/f1R1x4qPv21aFx5DkW1yRyMWa4kFN8Wuh8NVRYCPQQMnk1QxPbTx0zLCKnEoxobHGujP1xamIxa6RNcoG/CdVHZrQmaqW+OvJO4S6M96hnw==
jm1IJakIhMVMD9gsFyvpaXV+w6z1HOKAgODpczDRTgJovLIXg0hiYlA7tA0Oqg7KNQbJBrE+vE4IMYfEXpDeGtBwBLHjDb3LvvPQUXhuITAiI1LG4px628N6+hTNMi+iHKKZUQF9wxFb6rUB3NXQ71R3B305iaxKspZjgCjt1Fo=
jm1IJakIhMVMD9gsFyvpaUnL9Bq+75TVRw9DvwMHmhbYBzjLl8ZZlU/bhSJNaNB19YgG3cN5LXzEw0z0TCQTr3N9rj5tREm3Afu4O71G7E4=
jm1IJakIhMVMD9gsFyvpaUnL9Bq+75TVRw9DvwMHmhbYBzjLl8ZZlU/bhSJNaNB1Bg0uqdDb/GI6JllieGWgLWbUjLpRP7XtOLEI7u1i6HBoeUovpZhBBB2OXENB/kI2xIHnZ533gWeecEZcgEerpA==
jm1IJakIhMVMD9gsFyvpab76kwu+ZofpslVAutHyQGz5FeYSpxcczlcmSQcVugxW2mJHBmUjkaHivlZ7hJdasKiWmvbIQJbxKkTOdO/0D+UZAGSr6fjfzQw9O+/p/CqudcPvyIlxdDlhFmQpbroeIr/jfr43T34dvrO/j7lTvF4=
jm1IJakIhMVMD9gsFyvpab76kwu+ZofpslVAutHyQGz5FeYSpxcczlcmSQcVugxWwTb3CLDPZMAdwD3y+bFSJNHuFK1AdohfifpVPrQ5SsE=
jm1IJakIhMVMD9gsFyvpab76kwu+ZofpslVAutHyQGz5FeYSpxcczlcmSQcVugxWWyismE8tjoyjFk0IrNrcas2VTXfRHsq+so2m3KOun+W93UN/IMFWO32Ifu2WurXcg3Z8kXxW6DoPAcHRqYpvDg==
jm1IJakIhMVMD9gsFyvpab76kwu+ZofpslVAutHyQGz5FeYSpxcczlcmSQcVugxW2mJHBmUjkaHivlZ7hJdasKiWmvbIQJbxKkTOdO/0D+UZAGSr6fjfzQw9O+/p/CqudcPvyIlxdDlhFmQpbroeIr/jfr43T34dvrO/j7lTvF4=
jm1IJakIhMVMD9gsFyvpaSspPc8AjSMRBs+EwPYfm9idNcsV84zaggAg2MnhhOoFeQOhwC5j5VzVwUq8PWa6IM7oyNYX4ryJaq13yEs31o0=
jm1IJakIhMVMD9gsFyvpaSspPc8AjSMRBs+EwPYfm9idNcsV84zaggAg2MnhhOoFuO7qRCHCwM/mFhgq77mz3YRgI9bfdtkxf9779EcxoBe1nyKVgCrOH9TJ/LLPA52X3Oj1VscmUc+C6e0VQZj4Ug==
jm1IJakIhMVMD9gsFyvpadFizEsJEBBvzOX4n3yRyyzROvj9Ap7IGcGXYJ26BXmoW9FcTjpmDPg9L/4ZrP+S4TOOcmSgrJpQUxXzK6AanK0NIF1IX/KX11HsJtC+HWEY3zuPA+0YCIwV9wC5U5m6HSx1BhAQehN7p+5lcBFGyyk=
jm1IJakIhMVMD9gsFyvpaSwRin55M42WuwjvALRBO8aqC5M87zCLVepHrhcunX/mDTaamwfh2WvvRS4WnYbyGxoH4gupYHLoVbLtCwCt23w=
jm1IJakIhMVMD9gsFyvpaSwRin55M42WuwjvALRBO8aqC5M87zCLVepHrhcunX/mRouRoOahC27Sr/d0MRsU/AksacybQOtqywxInW5JhljQ0xCYS7Cva+p16HvNc4Vt8sLeMeu1dRDuTspXZYZ/Gg==
MELAQQQ/oa3rJPwchQreU6WKtEYyVW4X2M6Q2FOYw2xry9Fugu8iSuaW0rKIh6GBMH/z5h6HFXDK5Eriade7yiOtJmHjndqG/4wuYpdIxdOD4F+MbtZQ71zJGMLwe25+/URpTVBq8fLdBca0py5NQI0joE1ExryIWmMblgXhMf0=
MELAQQQ/oa3rJPwchQreU2rK8t7qZvFP1hamSh+BnGEXk1SrA5baab0HIPCbgtyq8xv2K5Kb8RS21NqcgHVS3/7LGdQyA3w+pK6pk9PVhUA79PaZzo26mZ64Y/YbntgP
MELAQQQ/oa3rJPwchQreUxA3PebJIFJY1uT1ZW1MgKXyQ/UOt7ivNWkNFAA1tj5fsN0nKfU9i9DD0+xVKGTUV17VhWPfNo3/ZI2HukcTpV2H+JId1U5ynhNL3E3tZ8EaFqHwXS+wWfFHKaOT4ENiuw==
MELAQQQ/oa3rJPwchQreUxkZRAbbD4MaIslO1V7CbndRY1/bR8QXfbSUT3Pm9DDInSzNWNOmraauqqhWDhSaI7raLxakPctQokGkf/I7vHp63/jkBlEKSn17ZtBmEg0tYfvbetn0szlWIgA7wHTvyQ04ZCaeU0yl3P1QGSddjKY=
MELAQQQ/oa3rJPwchQreU6z+GDALii08WIke0qFGqV7LkNbbN2vq+gA+1QjmXZ1bDa/0c7blfNAN4361MF8kxF3fajSaeynC4294NIctUXUcvrKW3UGmmHgZmfDAxExy
MELAQQQ/oa3rJPwchQreUzxm7EQ9icQa6IasPn8IfoH1YaMRTepWpFwnfoqrFprAb3sqaQe7j+5h9Fs11Mtfz+MrN/NFOYgSQ559KYJu7kptK6XCKQqadTMOK+8RxB9Ca6UVLlIu/sX51bX5CbYhsg==
MELAQQQ/oa3rJPwchQreU6MQeZwB2ADzIB5bq5Ra/M0ZbqhhnVz7XuUHvpPgw975437nSvrowETAYI5tW4ew4Q==
MELAQQQ/oa3rJPwchQreU6MQeZwB2ADzIB5bq5Ra/M33svX2z4mOnVMJx9xTUhU1zvjfi79p8ZGPZd0HTFhITQ==
6HDj7qZ7Pj76qPnUbZQy4jzRuoe+8DIEATeOg+gcu7KqZUvNT7Dq2nWCNuPw4IjO80G/uY7Rbs8ZSdVhgNIhA75mYwkFiKeTLoGuJ2ZOBLrftT89ipYxmK3Fb/3ITjRIZz0FYzaOW48C5StPSJ2GQz9Y2bhSditKGATyHDMU6mg=
6HDj7qZ7Pj76qPnUbZQy4ohUdSe0cgezJcrSxH/AM7Rq0U15EP1FvXY8WCJFteM/M35HmnXHUXx295LXOFfAjOouwbxj4gy1Hte+c5DoV+j+mGlysU22GjIWaFhbo2Wl
6HDj7qZ7Pj76qPnUbZQy4vzjZPDuAAkbTN6qzxkOL9whghqCaKnLvBlyW2TmytGnE57WFQunzPpiFvUhbmN44UyPTdIcCFezFDsF75gk8US53BKY+o0LKdZvrgAVypVuYndQXof8h7QLm3d9FgltVw==
6HDj7qZ7Pj76qPnUbZQy4pZit9cgTBZZbOqfWtqEQ9DyJm6X1Ikgzv2pijzdHZ3tkcAqtMAXCHOJd7p0EQbuJ+UFJN9aKeEt0dHDHTnSVEPYGXX2ptWG9vg5RWWstU3UHT0TzxY87tD8MKFQo2HvlFe4BtyYLef3wsVtMkoh1Ms=
6HDj7qZ7Pj76qPnUbZQy4nCcyNAX4b+zHYFlRluZwIGsKWVZ09yQOWp7rPT4s+JjMOq6Y32TVfQarkV9wuDdr2a3YZTFy/T6I5AUE2D9PvFOSOyHcHLZ0XyyUFaPDbmQ
6HDj7qZ7Pj76qPnUbZQy4rSk9sF+CTbW4iQmZctEkkspxeC7dh1FLps85BrqRAALSAtSryGq/ibsRIAHFyhQeUBJ2jvEixril9NyUcMear9B2DmoFXymuZ7w9w1aH7lkcCh7SkCFGvcKK423q1tdcg==
etNEpjdBNi+xReEhttrZCGbvDDSkdk6SjvVPtHwagaubKY2yQJbNNkPKJLdrIF7veGzMAgQER75zat04ZC7gjkl6PI5dwAwooSxekLLMhb0LrY/ntPU7HeznSPPM+yL/N+RxVlEpGAtGg17Y7bdJqKAc6ZmDXwDakPIBOx163dg=
etNEpjdBNi+xReEhttrZCAVyYgQVaPrOievV3O4ns28LFXPJt+VUYWeQjhdRZAal0HNoYyuI06Iyp2dPjW4Eoh1J7s9GQqwD/Y8kiHJ3wAhvD66vePCxa6wdvm2dGNlW
etNEpjdBNi+xReEhttrZCDXo7ihPnKAnSuCXtSeP2YUxlYZhQ5xQRrW1e8jVcdoXEgXvqnHSjScPgR4bTy0G7/Ru4oGJHGgSyHT2QKgdanKNf7cRn4f817eLN+K3SGVHcuK96eEFxgp/ngtfRFxVzw==
etNEpjdBNi+xReEhttrZCMkiGr358MH/8GoFVPw0GBHyVCiVc0RHu+B2HtQYaFViA2/+ePx6Gv6V7zspECtc5PFiYv55WvaGD2+DDa5+hSMbaUaZYl951oCZESBme/NMzxM8W2VX6NcUkXzAUDFjdEffnpJ920eqSxhXeqgCXAY=
etNEpjdBNi+xReEhttrZCNneQfCacy+bxaffSTSksyTXcmx5ax4EWedLPcMhreDZ51rxsBblQW9BTZDFzDSdVkXzf8fJctYvBXzDZbCI/ezF0XLhK6kiCoOLFjNS5P1L
etNEpjdBNi+xReEhttrZCOpjDkSEY8ZJbypdpxQgRzeRyhArbRlqQTtzM03XOIf8nUghAWwYCd7nXcL3e7lcg4WX+CsDdmpRRUB8c4H50pwwB3LRVGWUJtpC3496FKVTQ3V5mtf63x18kMu3GB/TMQ==
P2cTflz/IiufjIjNAabs4NWW/guiYTPJgIyVHslYwOVaR9owLUmO5gGrUvsxLoft0rZDdtLElh2Jl+HDAw9PdSLarhC32rMMRlm/Iws0kS2tKZrlkiIPz2MV5bmrOIvmEJXLQFzhhbKK+nKkND9quEqbHI+Gm5jgUchUUXde7hE=
P2cTflz/IiufjIjNAabs4AvSrIndfMGiUsQvz0j9ygvDrcR0Lep15d8lSHSn1QfhudIA8piTPn7Mpcrb8iq1VIdGuPSYPJ7A+PkDjk+Jv5rckkkcBPs/nE7CyG0JHuts
P2cTflz/IiufjIjNAabs4EzMDlY11yW9Oz1/1tVVLB3Tbxo2BIat9OWwtLtPsyHZe3Yx2bMIpLnQ2FNWgMRDpDsA0Q/BEeBXhfAkV5EDVhbq+FeNE6JTyyu8G+crdU9kab1tqOMLiRiqVWR9Nw6GyQ==
P2cTflz/IiufjIjNAabs4KR+Z4r2v9+TH4sEz+NKGyNq0OVfQPxOCtti1GuM3yyZYGbyR058T5kWactbsAbM/MymfHd7O+IUlaRuD7xcxoswSNgM8E7Lt8KuQHXj+vcqXJq3cjpueJ9pDKEKPuyotB4unOeBzA7KI13OPmd+H9U=
P2cTflz/IiufjIjNAabs4J2YKkqRWTATirhmHtpBYAY1IY1IMYx8kqYRtu4NW8UnLkGBWIhZK2LBUTRUNwCnU1HAi1TNAABVz45kDPk1wrAZ757K1xW1hG++5BVoNzBA
P2cTflz/IiufjIjNAabs4LtxjoxozdFQfFi9p4vKAzZ8yCshXKhkHwAB18ALuVgBbr3L8kynffnI/3dHfycLnDiKoEean3lT6iL2vft1lS+IkTkqZP9P3NqBbrnuD0iWOajL9N5qImFZaMH+Xf2SrQ==
Oxed1qI7hfgJqGYGelVxillcpx78+bPaLJM6P1P0BMDSP+byj/RfzbA480rMrKmIY56R+gh2YfXDZHqW5FBtBMAmMkHK4Qn7sI20IQZPZMtQyIx1SozmBSH1Lr7wF2lVwPzbfvpJiSa1spLeAaELrltPwv18LzJOsupFZvwZkTE=
Oxed1qI7hfgJqGYGelVximg2m6wyohhBPWw8FCMoW+8LP+i0k4DMcgVeKdi+aCnW47OG6QcAvKKRtL8WH/zziAHdrvUkGd41wE79Yp13rx22jl+vK9tuPmncNiJPsXUV
Oxed1qI7hfgJqGYGelVxioypRJgUChZQY78JZ0+LhY0yM/fmFbd0GDwXNKgZapHd1/n2t1GPQqkVdi8sEZsQ4bQ0YoBJVqhsspjkk0fL2pyngbri6sO38BaLI/uVREHsQFp2BU3SoUsUvVKfiO0cHQ==
Oxed1qI7hfgJqGYGelVximsO/t+h91UGEcEsngcVyg/Y9YqQ6kBg1mMOZ7ZojUjXc1w7nHzpRN8wagbHAZETVAm4eysg8KIKSyD9p5J0K40faJn3Xaj3KKbVTmyErgjRo5j936xuzyIda8EA6PJgfLafJfqO+5CrDwFzXcNUelY=
Oxed1qI7hfgJqGYGelVxioyQYiDsid7i6cds8+035oLbnuK7+gMpaaVV+josNxBu+1MuQDmLscSyDaO5516xefkuP0MO0WhlaEIbnU15TlNl1FXFaBTiFgSB829EFjE/
Oxed1qI7hfgJqGYGelVxipHi6qh/Pu0c9BNvQec4VHsS9rl4NpM50Vhl0P919Fs2+r6WQFxj0FWI8vLnmOoPUiEjpZnjpUWG6IdS53aNgcTNt15Oh6U9YKxVfdL4tb3TNhEay2eYN1lJ1swGHr7mbA==
yxnAoD5DfONZ2BDRBRNzn8zrGwtbN/5n3kq/8wOEkQLBwGOAhee4de3aSKsGnLLmUp2c6mzif6LPzZb/GDz/ulntPYKPFGHQkq6hxXJ3bPc766A6xMe9H1Eo+Cn8qko5Sk7KgfdUiy06dx1L50UR3iT5VPJIJGi8T4WnAjvug84=
yxnAoD5DfONZ2BDRBRNzn4hGJFA0Ye6+bmMsm1RiyLaIBVv5yHItHI7IrySrk0mSoEzdZ1VNWb6Bi/4JqsEs+JvfynARuyj1qqJBmsxcjphLmTTdUUi2AXOKS5WZUQso
yxnAoD5DfONZ2BDRBRNzn/9WcasKsFosNg00/pJzCcHZt8Rh0FTCq/iYdUgcmZjCMlhhIBzH5t92vGAZKHHhXAuXAlRdQo8oLA3O4DL6GjQrgisjntDMUluMYCLfw/gOwhqZfeNsZJtWooXBiUwNaw==
yxnAoD5DfONZ2BDRBRNzn5zByQ5LTBnZXsbzBLFSTzSm2ZqD7zQFoRfM/d14SLMDrdcG3IF/H6CLWOPmCPrNoXHQezAobAq6ZFmO6e1gFKaVGMkh/1e2GI5ADeUHbgAEsqN6ITT92S12uTZI+7y1cpfpUyIH7o7FrCoBEFiqXtE=
yxnAoD5DfONZ2BDRBRNzn7c4B85+wVn5oUq6LsEN31xn1Yp7ZaCReO5ULhTZ8fVOYq154VbrMYv1hYMnzjITN5Q8nDGtLZMkoIqLo8idzA2515tSMiUalKJFpIDfLQKq
yxnAoD5DfONZ2BDRBRNzn36ccyIAuAMMokO/8GiH6iiJStE//RshATbfItKMa+M4V9dSTZKYiOIDf8bJXGuFanOX65SHMprYywS2JOiOuX/OpKvBeOVbPeigPviPRZq+TsRtwVd0eXa83TKr7QM0lQ==
c/ozGQbfSOR3crZBtNI1BitLfqCaLmG0AiDtZAqJQbk5flatVLcZOD2Mr+FGF2QJUKm9YXM2UebVXia3CtnGSsOnoVe0QCj7KBy3e8OqjSJCG++SgFnrD3XtyGKlx3BZOEjHk6YArBDHwRKZlUR+FqY1fxGddkS7WVmgtkZZ3bM=
c/ozGQbfSOR3crZBtNI1BsipVYGmAfXWUHQlnnjPpBy+XO7qaYeBwi+x/+JXufR20ooSPcrfEvuMK25sRbqjQmLhjFfNRd/lltNAcLunkcYp4JMxWXvGMu5pJfri2E9r
c/ozGQbfSOR3crZBtNI1Bk/NnT0SpouWkVLGcJSDXyJsGEDsq02hVeZp7M+3B5EHz05mqpqQr0wk3/WQnNfdLGLyPtRdaBSneXug1iBY2KOCmcUVB4fpeFqApCkOcFFhrl5vIO28+eDZd261fRwKsA==
c/ozGQbfSOR3crZBtNI1BnG1XGFE0FQp6YLt3pUP7V82dTfsZzWpj42bP6o9qMwiaF0r3vmhn6cKEI96gHs/i7DBJ3JeBeGqiSUp1eKI6ynqMUHsUBhAgxbXJCS61f2MfFRMsanjKCx4pRGx6dEyoWadb3AK4w5Up6T+DWiGq0U=
c/ozGQbfSOR3crZBtNI1Bt9iL06RX5Sw7b6Q5FdGoI2ktr6KOEoi4rhJGjYP+NrAAxmNamLjHLzhDl59le203N1mBkvU2ISJy14ZQMG9nSI3C7UuQSVfIvw2LiKUOOjL
c/ozGQbfSOR3crZBtNI1Bo1YyVgXAa5pDb0o/TlNROb9k2VuhOtP3+LH8bdTUCis42Ncrx3XpuC+vLrj4vAvrcv89elmvZLCSfXlBZ445bifkU8sachT576YasirnJCTaZaZtdNXYixdQr5+W2ELwg==
0U26GQGC9noEtYOvVReSoa+GwSpSz+Rc+Tl3QB8nuVaFS9CaFsGnSuQjO7BIqt/rnWLyJZ88SGBcYu+j+SAr+d8Zy3xRgncWEm0PhQ0LEnImdw4WK5/c9+6c/hHvL1yLChOOphNXAnuDcn4pTRoyTX1To98WonjRRx+1S9pDVcQ=
0U26GQGC9noEtYOvVReSofUGoy9s+uccJoAgVS2+2KGzJYyjqeBYeiOU61TLCcFSJMbblAEbu3OsNJQ8b8sn4ocq9/8Jn1hk88/owwkD16hSKwrihFu2aH5gu1gmfs1u
0U26GQGC9noEtYOvVReSoWOjeyF1F1WaFv2ssp3hyHdlJLXHMm9qVQ37xcJ3uzjm9Ke8aHGSvWQW/QJfRkwP7Ks47uOcNKZoPMwME5bH4WS0g2790I6yGkX8C3+VbVOJQLvBdOA8+Al3aIVa79u61Q==
0U26GQGC9noEtYOvVReSoVZp3A7m4SNKiA2gzaxnL9Z62RmwxjX4OVY4mU6Q0mW9Vvtl24eZ1NGJCfdwBHFSQL1viCZSy1Uz/VuCg66+ERL50B8IYaHh/nOAfQmat3qM2zZp/YVVGAlVJ88YwfXlppvs6g+15auxpZfc3z+NV+4=
0U26GQGC9noEtYOvVReSoViTb9rrlUEODZZ8ll+AlOF+H2DTR7n5oENcpujg+J3OaRm1ITAg7d2uY/ZB8gnRYMn6dXGo6izMWc4TzFQfLJnZVnJ8d4iwkG9cz6+d5F72
0U26GQGC9noEtYOvVReSoTKyX1oCtsGQ2wWLBFTgPlW+dsMz9Z2z5JAkCSE8aXobS39S8hdF0Q0ynUTWMYZQ/AMYVeY11MrMYFtPIzivTfjX5IS35MggHy5YBip78/rMCFtqe2fOd2iiveKXF5K0XA==
mhO9jhgzsMIXoXC4F8i4nTOZsjLNyfZsvKI93G52zXHZDHFWxNL/DnYFtHrcnv/+uDjPaOBeTDhAdX746mCbzW0Ec3k0WEVm5XcON7g48mQokFzrErPRB6nMP8XIwniC5t881r0bTLFHmMlLcK3Rgv7boEVIYD1bP0mXBu9+4bE=
mhO9jhgzsMIXoXC4F8i4nYx0hlXCyw0taFFPBOtvOocUx08n2fEcIto1G5EJrgXTr5zpNJJ6CTJWXQ0QJgdKEsgW40QggL0bCsINcKJsyO1QBVhlRZXWs2+ThT5Te3pA
mhO9jhgzsMIXoXC4F8i4nRjuanAv4lBN4MG5BvwzL+Dq6el9UYyiVdj4sX5gsePWLuEWIPR5XHlqy9nQhAtCkQ5qK08KafV3cSF1qxPzX3NPEbv1/gqiH2WEJb8OcWv1QDCLM99GHq35Fh0ZEK2yRQ==
mhO9jhgzsMIXoXC4F8i4nYVu1V3YcVeuJ3gTTlGbue0zB12FzW3BwsRHz4slz8DqxB8t/vA9ZS37LmidYpJWRqGuglPe6IDvdLg6gPwJQSej1BMdvdK6ijVEQGPK37LlHLFrdUHEGiou66jMpUH756hlxden2j1RwHcARJs7Las=
mhO9jhgzsMIXoXC4F8i4nTGfNHftjtRFECuTxo0Yx7N8QQMr64XYB9WPHPNL3VFOfX1B3X8ITmOifCvtlEsdz55KoWEPMgqPs9C/+b7L+/E21Cp2qFV1WJRx0YsIjzD3
mhO9jhgzsMIXoXC4F8i4nanleJh98mvwlkl2EdeUlGVDpVFG339gJ0nN3+aecJa8LS66ri3sTWRBRKoeAOi62vXCpFxM3isXXfyox/ZZrlWQB9f2zdh56HIlxMOmhixfRxGe9pXeAWuq021Seto0qQ==
9HIKonHMn088ABKRf+ijh3/nynkA/8T3hgb50Atvu1ZJfl4IXhDsNGrb0OUOM7bzhjOmYrqD1B8gEXp5QyOUTMYcFTncCuzTf4zVBW1I0F3Mc090e2RPjFwaF20OQH5tRlXkHA7cTpITrHvFZowfXVjBde/USZ6YGnkGmNW47ao=
9HIKonHMn088ABKRf+ijh8stBhZH5eZUP0sUaQ6QnM/jZGVjxQ8BKiLFXPsuOcFMwX4sf5dFwyJ12RMSZZb1PRMTzM99/X1Gnz4JktOel7D2Iutu5DW2L4ecUDDAKTRD
9HIKonHMn088ABKRf+ijh+xx5cAb6KFmqGfZtxkzc/XHKUJQXGcxT2gaBDPQqSpj3v4j2VReyfwbaY/HHsk61v1ge8DlvUmG/gvNqtTVBarJ1qUS/ma7Zt1vl0doRBK/d8aeCdKf/E7IyhZF/e2h9w==
9HIKonHMn088ABKRf+ijh8MX7IkLE9N4cJHKRaGs4mwMhZqFjt88Wag8Nw+jwYxsGdfLGDvnLJ5M9W0udBXbXvuFu8c9R4NuJqf/WOEi0WCeMsgd5z6CRpNvM7rEGZ5AUo+/O0JJWsKsjC/JYViN1uCqNS2eCCa0M1btthsoct0=
9HIKonHMn088ABKRf+ijh54zyvWQDryn/NX8Zg89BX9nShz5lmc0xmFPK4QQelADPsdCyX7ua9jOcKoqT7TiEkjDjy0Q8WnFwXr/M2Q5MBs2hReA/VOSUQC4pcEuMl8v
9HIKonHMn088ABKRf+ijhykMlmZkQ159XEpj9KWBc1QEmE/dferEgSToOCl8AQw05li2zGXep6h408O2z0e/GrJP5p2S9wxl49KKg/VbLtfF/49xgOGUWnFhNICb3WL9Ye7/RJaO1DFqPVaKL2y7nw==
I1dmJY1LDaw1AWJuODmBbu1DpxMSs+wX2f43YCQai0PBx8Qfj8pfN96Eeot7k0wm4EA9U32IBriLONdvwJtUsDjhcLoGkogrIgAJVZpmKQMt8A07GzT8yAprzzfEiQWXaFFi/YWV78Wd3Zqmdt020PrxYbf3gBHN/0AouJHevS0=
I1dmJY1LDaw1AWJuODmBbmbYcejqOYQjXjv0QgZUgp8VTOgcL3EipeqX/29Ret5NfpbxA3hON6RtY7fRyuur4HktOV9bFhSBfmamPhNfQ6bLtCAPjOmszshjWZLv7KqC
I1dmJY1LDaw1AWJuODmBbgKgTjaFNAD7AYSmsuI4SgEQH7areeSYLxzd6x5h0ikdDUhDeXD7i12C2IFQw9TxaPq5qyL4tk0k5GLBqgUoFmbf2S1YlQb9KbleeoCmzBPX4clGSQBkxHoctj6hEJ0CVg==
I1dmJY1LDaw1AWJuODmBbmsVd0p1Gxi220R9jNwTxjBUpJ7OlNjQ2p6eKTn9ZBFCGuMEHfy2O3M0KzT8A36r2KGuuwFYlLh7y9MIMLOodRcrgEHnB8Uixicfeb3Jy+hYobX0p56qCceSWZVN87jZV0FME57/qQyzdlJV5bIrGc4=
I1dmJY1LDaw1AWJuODmBbmyCIrYwmaZyan6AvZdE0EDu+lsLgfoteCfQ6w21boeNOClx7sDWqwdBpAymezQg4ZC7Ov+N679kXoYdx5cF8x+BXhoK6u9yO6VZrkbbhNkT
I1dmJY1LDaw1AWJuODmBbvAAlnawNGttik8mKxnv+epXT8+MofDv8L/S1aLbXP29ADWOccWyJDMuXEhoLYQEVxAbdNvEj/+8Ny0/DheAHUxddo1bO0qc7XsXwHzmHTZoYDmcuYAP/FwUU943tscwHQ==
