GmcONIA9PFzHw1gpPLLPoqev3ytAH5KO3S/CJpMsylg=
35kyjVfwBJgytCi6KM5Vug==
FNt9orFfFSbPIXNSbXcP2Q==
gE2g7VQeqq0h5MkG44fPUw==
A4ZCFW7RnVRfEnbtNxUDb8VFIQmzxcIFLuiIjRY2q84=
cwgQW1UgxyVfBeSrdwXHsPE1eoSAri+NViVSjTYe4hg=
pYn3RyiaY4vz2unSybTHuw==
mAzeFbkWBGyzJRgEWJSZYQNn44wFaguEUnqkvHVinQw=
NiGef/LGs6v8Em6sqLz1GYGKB0111uCW/TAqgkiW0+w=
2lfNnhNY+w/3xMaMUxJbE0YFT/wvMlSDz8Vrd5FEs18=
3Ur6oKIPHWPcaT2lS0Zy84izW8aXZc9Dt0ZPtj10/EKApfaRRpPiO5JpOqoTkSRFCw4fHqPROUTXJGtqmqjNlxIHU/w4T/CKPhZrbQcPdjLtu8ZT0DZap+72DffGlDbvX/vpG4f+LuaH9kU6fzmO9TFyoewv6i8RzsZ3ZX5b/4U=
3Ur6oKIPHWPcaT2lS0Zy84izW8aXZc9Dt0ZPtj10/EKDdp+sbCq87YMFul+/K/A/qpPjoqhOvQD3nNKHdfX+6mUvVR30JqhjJMWqemB1dTLB8vhoGLlxwf7qFJ1TVBt5
3Ur6oKIPHWPcaT2lS0Zy82ZlXQtNb46C8PARp4hkp3ICMVF/NCTSAn1d5n1RtoHBuSDXJ/ra/5S/ByCuNLI0gzbiGEM5AH2TAt4ZFUqWLSZ1tEL0CPakx3YrmBs2x7Jay9DgTaHP6bi3Q1CcCPbDBk1OJr9zyXg+2piV7zPVQKs=
3Ur6oKIPHWPcaT2lS0Zy82ZlXQtNb46C8PARp4hkp3K1s7sQfIwiZyR4YgGoOQnUXEker8+VSg4qNTn3k5QSXy6r/kRqKNArPyhUAETnVVFdrQJ9MSuFhWBInDiqrfQAwnNb4myk1M9lvIFekRvbMmu2vyMuI2/beap9ZW0J7NsYrerz8HJr4F5rY+95NFDBLq4QbbPHqqUuUIBhx4/yPLcnE2yaBlu80Da+iaGFFrMXVm9+YxAuw3uG5ROcDB3TAw1ARbMNWvQC7Jl1CCIiLqpPtwG1rhe9fqr+ZQsrxefEobtk82sDr2vsuc7DVVWpCU5pNGf52i9fYBukQqerK7idWOPgFs2jx611DMdXKYWNv7aggIsBtST3gi2LwYtmoDVqA+f8Qk4hv6BSVnrebBXbuSDoN3/Mtzhpa/4Tr0daPyC6OLaXcX11j2zngBWyXFKL3Zd/Nt0zAx1bd9LQUP9EVDZ+uzMgz+CWRShgCnI4wfEPckSqPCSEJzm6yuUEfNpD8vZzjU8Z46FdhAiY/wlSBNT/TDquA+A6QP2ftxOfIHuV7k0KWfVCuI4LjhRzoz7co5GEq1RfNQ+3YxwbO+L6nQD6oYYC+zGWzo6F2Jbj05iU3jT/pIReRLx8hH6vAiOfyGNfE2pbvNeUBoRE1w==
3Ur6oKIPHWPcaT2lS0Zy82ZlXQtNb46C8PARp4hkp3I/k1MwWWkw8ewpNWH+nPalWJI9RMSYFYil34qKdOr8My0FW7ZufbzZqnJ9Q/N9X7Rwm4wYmiP26kabEmkWPLfu0uBIxji9c6PvS2wohw134a2SbqGNiLs9uLww4QKFYrg=
3Ur6oKIPHWPcaT2lS0Zy8/CVkFXICJ1j4BRZayFL8M/kfu4bE4QwA7hNlVgCOfvDFYuGlgmiI/1vby7SvH4TbGsn+8AAnMefGuF/0BiO2VsomWAPUs35lCDxRZbKwmirTxzw7MmlqE3JrIbczrTgAemNyYaF+yz3eQt2tIioskE=
3Ur6oKIPHWPcaT2lS0Zy8wP7u/8zpyHuAN5qNVy8DFwJEeWV64+G7yj7adAES4nkUitf2y/xyavnELHzuR3jU9sKPLrrAyUgSyj07Dt5flMZi/524k0PC9VsvZOjSRxFJjN35ZSEV+BUR5eYQI5y90WNTsDoiu0dIx6xMWm6LI8=
3Ur6oKIPHWPcaT2lS0Zy8wP7u/8zpyHuAN5qNVy8DFxWrBTLSSP1k0+qG7tgFBrVcJqQ5pzmL0FegoWiEStwqN6ZCvf2VmiHYTnGfVwNJG9C/fzi6cIIJCTLOAZr8iC129YbgsNuwstkAA52gW6G+zxB32MpJwB90hBLsGzNdev5AGCthw6iYyANmHWtOkYR/P46FMiN1hG05oaY0fx++xy49MI17x6ea1mKzrcRnqdsXwQl8wsvURhiFRTmHjXS/bzD7WBjD8uoEuohVS2Gu71mb7UmRKO73rYSqeIYXAdMF5YTupnqEeHSfwkOrpatUcQZHpYISLXDiJt+EojsBEXl79ayaLrZ8f5Zxeso7TE/6NNgrjqQ83UVUxy/lKcli1Aodk0ICnwb6gOExChohsIkijeDFnesexvjZepZ/GdDGDsBChfL8guRnCBhTmurkvFYPjrwcaIWZ7D12S0XabhZeXlfbirqG0ez+OcToSxnmRPpuJyIvl7HqTLEHSJ4H3BtIcwzo/WRXY9QZ3ON895fc+lvjgoRE14hP7+I8JNTN8n+tbr0vO7WBXNXmTLxYbKtVnRrvg3p4Po9J8w59EOb+Sew/gEQKBb5BYmFK2rh7HPmD45xfckBwSTm4Q4Kx9pm0cEmHFPMJh5meh/n9ulu6s6DQ/8T60szLk02TxE=
3Ur6oKIPHWPcaT2lS0Zy8wP7u/8zpyHuAN5qNVy8DFxCvW+ojcEi8sw3e10dkLrojh7QiiazYlkwtkWFRDqz5hEbthWA7LHhkgXgv/AbVvlQLw8D3G3ULdnhS+QB1KGVMliXwMO/QcVpfX4WLVgmNvIkpEU9l2hINU0eD5Bq4vk=
3Ur6oKIPHWPcaT2lS0Zy84zSAIdw8MyMZ/CDRueit2bXa1jQQehIZdWgKE+7eG1qmrZqVxKiD8qdvlWvllSqJsTp2/62YA17bYeR7PCKzgRLQXGI0i2csuW7GNLO+carAEv8B6A28L8TGPRl0l+Cetp+IRnyW+a0KEekv0s61yc=
3Ur6oKIPHWPcaT2lS0Zy8zgLnGlLr7EmA+H9kNYWH0X5oAGTuMLYK9FEKvnTWYB0sonCsc7/+DXwFWDFu9OxHeWH+IBUrk3y11ZAYdDOHbalo1/GTY2o052UNy0eko9Iy1BvnY1asa592qYBu2a3UjKAzF1hAfVjj8w2HYUuRbM=
3Ur6oKIPHWPcaT2lS0Zy8zgLnGlLr7EmA+H9kNYWH0XRE3/7CdLDlFG4PggIha9Vi1vDEX8xZKUchMK39Wuzqwd8mkD6jYlgRdm2vj09kolkKlUvmAZCftGhAQVejNg8LzYae2nUAHeMMQEuZyErI0VgTUOzis28STJy5RWcD96EUx14R3DN08FUk0juVn+lx/aQbm0+3QZpuwr94pO6GZM4Exuuh55lxm6aO0iSDrEqiWigUw1hVaw9osFDftqoMINZX8SuJJojLJLfmo0eildth0c9FIYPFZ2Wle/baN2E9lI6XxAGAEeyhYXr1wCIfe4EB6kJSgx7BWgZGLbphZnXed7acpfIwbX37eBXWBqTVeKF9pvaq/FbSBOLngKDYmpXoGCGhIy26Ue/+lSCTwG0vNTkXXEhBh7XRXsZHzCxyc/MIRp3mUTJX4tkmiK73eQ96qq3YK/5uU4Q8Pvsw89O1oQS+vv+l1xHjesLPpXtQZcxInYuQKzEoi1F1twUlDuUtzgXpFE1otSUpK7l6aRBC7t6sd3+zAkA9NeXfYNSuP+KLgg+3rkqqWwtAz8kjJ4EPrP2z/oG6HZQa0KNPtCD5OaDAzJmyzJwIQJGzOwxEhUQLbwx4rGtUtQiQEkosbkk1TDh7uJIk18tT4e0QQ==
3Ur6oKIPHWPcaT2lS0Zy80GjAnr35MvuSFE3QdSm+zz6if99wT0o2t5FMjnMaxW8yUSfxN3fvCqKEDuY9S4fKJjBohg4etgYlpDKValRmbr0u57pZ8EFxYJAbTEz8Nf9Vx7o+IMkwtsHhdAZ8G8BwQzLKHLZGoVP6UnAOdli0Sc=
3Ur6oKIPHWPcaT2lS0Zy80GjAnr35MvuSFE3QdSm+zwVBara6BoaIE2KfEVfsW/M/oMMQCyoKzeRpoNxLIaKMjeeNwnv8wVqQ9r6JtC4a9/RRNyAwfzqx/aOvzdJW8ytMC7St7RG1WDjfvEloao9gQ1GD9Kzhd7rfM1JYLoBUCA=
3Ur6oKIPHWPcaT2lS0Zy8zWu03a2neeGSaYdt9f38JEHaYrintf0luh88bH/FhhlnZ7JiLOqlYNjKz3cXzD4JxzACyMGi+/ZBu6T0bCIyESyLVGGOcQjZetjUOpBFjVLqWSC547FiL2/sKDMvb8yUwQchLMPT9feq+QcnXfaCdk=
3Ur6oKIPHWPcaT2lS0Zy8zWu03a2neeGSaYdt9f38JE0X+qAYTYuVSPsvySHxQGgrkwJRlJogSxD/5XIyfgLgAlo+H8sM+q0A4AKde/Z3TFpKYAzUJ4a7N0lLoADpmVr
3Ur6oKIPHWPcaT2lS0Zy8zWu03a2neeGSaYdt9f38JGD0C3cuemvIsGqchp+9SRXMAkgKKdDXnwZxVDpCyEie7XG7NU1076XP/x70TTyc7nqHAtYp+h9C2JmQlao0VICB/l79KVI0HMhguKQYRXg/12ziuz9SLOXlSwG6GKdM2s=
3Ur6oKIPHWPcaT2lS0Zy8zWu03a2neeGSaYdt9f38JHLMCiFkGNL60BN+jK3otCXPSimkKh+B27Ma5br6nOXImI9NnGT57ZvCY6x0dr1bYG7LMrUFvn6QwIZnEVGkYG/L2Zii6dzBrXru6KtaWPA5br8joMILEqaavxmClbC9SipyLPTAwnbmf/MtfSwcraK6jPnmiBCAzFjm2UEEq2e5xZf1QQQp13w/xAZpHKpWgI9LfXtJ2vaTw4+w+WThsnICEu3FL+X9RaLtMmH9LPWogS5wEM17YobqSiQGfwMZEjZy5uP0kiz9vAncHX7MGO/uR0fHIDYTNJXsWfqZYzTJctr0wb/YTZ7aAakoWIY2ULB51JpYv4A0HCF4OpcheCDWfo00Q+hhsnpuKgksYmyxMROowJBmkV+aswcX0ke7Y+ZkzqcRmGeg2w1dI/93j7Z5MRlPd68nRKYyZ9uG6f1VCF76xc9tx1ai5t1DLoqdOwg8KUkVozseHmK/E9aIHFuXNReGDMgxhE4rMABrUgCZkpVWe3TO02BnrfO0I0ag+hncekFGWzb8qeGAMvvxTrkno0Yk8B/EdCCJI+NoKAhPqzJYQ7RFSxH+hDSnEr42FEtGQ2+dLRz+vW3rJVcxv9zwXvj0FCPTc3zY0ahisJkiw==
3Ur6oKIPHWPcaT2lS0Zy8zWu03a2neeGSaYdt9f38JHnZ/MQ+wjnw1KZgM0RbNE0WZNjTwuJK8d0SI9AjSwLikUWQI+p+3f/cvybuQ98OkA4MepG4lCbAoMvB8EUtzja7zIEPHNKhwgq8xBO321s1FkvoEEheob0tiJeri3eSlQ=
3Ur6oKIPHWPcaT2lS0Zy8/wSdnii1kOvPeoDmfdx29MdrFCeCtOh2irDB+yyZbLnByMfJBJ88oLMOQ9SS+HptcQpe1B7QbtvrqmunPIeVxSy2BxzfNdMaVLao1bSMfdxiscTNCy8+IaVQermsjNuZTFH4gaLG33XSMfBDzzqr+A=
3Ur6oKIPHWPcaT2lS0Zy81wGgbFa69bP+xG7kjAE3uoF3K7ZmKr1ySMCdlapqTgDylmI7cq6Rhwl7Wjyohvz2kyg9KBfZg+FuzRZqv5mI+4P+XnGylSzbKJ38q25awISF44P+dayDMV2bb3KGzEh7zOkAIcUUzATfD6IcCjWPAk=
3Ur6oKIPHWPcaT2lS0Zy81wGgbFa69bP+xG7kjAE3uq9i4FI3vn8HJJ06Yew1Cr5b6fC8coColqmewCBozezWHSGtxDGkt1n828ajX22JPkJ1i48fDI3UFkAMOLGg30tv+IAZtPsMRCSM3gAYjro6mi1gz5ci813Z6DimY/VzImxR+ExE0u6s0VcFYzCzONN1aGqcyboW/0ijWxrs2lrQX9wGYR2LnFlBFEkYsniJWzNBcjj0tYEkN9dD490yb0XOh4Dz8AQie2/4HjOU2wd14cx1lGUG/yFq5MR3rlXPCZjo3XmAjKNhCl7DxRSd/6YffyBICaZvrM0uWIcKRsHQmqk7QkyGEn4k1EykutwAkcEhOrAIDnToHmlD0JGUI7PSzrq2vDm2EbLOrgfNVX9KrWdXfMTxHy3wxfROlj7uymjVHjO3rsAo6VGarbJ34v3cCt/AzlPTBmBuZTsX6S9KJrZZ0YGS/pk+AYXJ4ypVdBqS/5wK9n4JqbFgMg94lz/IFbEqRQ3macCkA1VLlwZnxKCRXt/PFPsk6tqPrW1dKbWPA+ZvV5oKJQDyvN3Iv3L/jtZbeGBRCM7/1x6NOIJWFSJoaOx1SJEgztq2phMQnZRlxz6hmEKg6cF+gXAVFvFK+L/UAW8Y9LC3x5noQs/BVFIeWV3ez8yYGDmcHGYcMY=
3Ur6oKIPHWPcaT2lS0Zy81wGgbFa69bP+xG7kjAE3upKkKvHrV6Wf8YYuSUkpSO/GOp+xqM/eIsNLixUJ2MayNIGU38EUdb7cYsZw5AlP9ixrKc+hc8jSecGBMnvRjPZUHp2bkdtCOVQGwAnk1mBJkQkE46RZLUlBq2c9X3ABzk=
3Ur6oKIPHWPcaT2lS0Zy810yEvbe4KfCiZVylqWFz1ogJJCy+p5aB03IAtd+JsVBDYrT1JdmBDYsdYI/Sk91nhJQpVY3bCVR0zhcOm15ymSGR4RLsS4uQ1WrmjPT5F1WMDE64WTRQh2a6FG0LEIe2/6rxsaS7tfg9m2ZC1yCs0w=
3Ur6oKIPHWPcaT2lS0Zy87KXC9QdxV4hQG8u0TpnlKTAg39XeholwejYpw5yBXNfIG70SVBxOVTc8c0KVA/hydHmWXCwwnp2KdeBwx9RiOV4U9hj0tU7EY3QATrOFJ/YInQuPehfJUbMmG22c0eH6Zg3T1mVe222n1kD9pazStk=
3Ur6oKIPHWPcaT2lS0Zy87KXC9QdxV4hQG8u0TpnlKS11B3qLCk5VLpFiH9zDdJY5GjlsVq0Io5f2AZegaQwLHvQsgIGBEGf5wYrYWatYvQaWr3Vo27XR5WFkK0BfSp9MNW+ZWS8/aum69FaurlpBqSUlgtzNfHHjai9g+dlN3QWOE4QfjMJIe9y5oo79Ext8HuWFa2h3eEBD3w9EzXPP+6E9mOiGZfgDVaDLxBZI1INT/hGOd0cC6Cu1T/0VWa43GHqpPh1YcZA8Vxi2P0vUPZzL70TlznUg5ecl8qiB3bEjlWo3QNSLA+2ew4+RN/GvIXo4ny13AsdHl6XM2000+C8fgi9pcSSZiYuy4XcORQl0d+heinfz5r5P28KgJTGknteYywVKjsU3jpJRQCSKx3FdddIRXlqG7TRLRNV6whrCma4Km8BWFYaASKSP2eTADnZ1QuQjS/4KUWrjT2bVvB4Sbqhqw4hP9kdT1P+5hbMGdQOsJBpXQWMMOFuFlS68xh25KKAP/8KJcYkKgMyikch5Cz/1zhOQPHgm0N7G/PJr20jLUWFYhtJT5fcpOWmygdlWHA6h8A+NLGT80ToaXLqfbtvBgMoVB9PJ4Yma4EY9k3AfaYaGhNYtMa7LCp97ZPFK+fWAkSsfJ8m9ZQKEA==
3Ur6oKIPHWPcaT2lS0Zy87KXC9QdxV4hQG8u0TpnlKQzxtLJ9gF4nXER7QMimv1VAsrLMJy4T+LVGIjcIJ2k4ZCi3CFzWP9gyaLb2j1rtPAD2UnnAEfs3owK1+RAANEXI1ibyorjeswI3DWReDtkcHluiBOj0P1qEuuVeloSoWM=
3Ur6oKIPHWPcaT2lS0Zy84csO5JGQFieoc35KImrF6v3+/DhH+CB47SBOKXr1n6WDvPFN9fOPlfi1a/BVzbLp01zINIBA45atJKV+BN+auZwBopq0dF1pN5LZqE6f3GpK3hz3cRe2GX0j2KvurHdHZQUBRJY3p6pq4FehmDWLgM=
3Ur6oKIPHWPcaT2lS0Zy83bbTWrDNqvFkS3YlXlUztHGLDaP3zHofBqxjcsRl8tX7+CAQVYmEU8/SsXW+Gc4ydmM6P5KztWXB+MP0Zb4CXUlNMrjYeerdFnfGdsUtOnjmScpbDnD39ysbJ71acsiFHE/FBjQ9rP6P+ek5qJouZM=
3Ur6oKIPHWPcaT2lS0Zy83bbTWrDNqvFkS3YlXlUztGgWhymqnsRRAgfzYzauVsRluUJ/yc0GCtY4e0lzQNIMLrNNmZ20P7cK1BlgO17VOs4xjf2sA5FmsLGm4Q9Lx4f
3Ur6oKIPHWPcaT2lS0Zy86Gt6RPe4/lHeWy/TeMPvrAm/leRNij/D/MaLuPBtjV6QAzE0EhrKN/MbWcNPJr0XmOPnbNzVjMeaKo5zE8Iig3j89qHCfKm2RuxvrZdiIzAHGzZI3RuBf3FHdMlGym9w6hZdG2lptTaS6znDdx7VkA=
3Ur6oKIPHWPcaT2lS0Zy86Gt6RPe4/lHeWy/TeMPvrD8xc8puR8dJuo6/objBo8iVRGu/L4OPPcwn2OLQIsGecta/AY1qBwkFV8fzy1CNDet2rYgfjGMTErNd0C2TYIPNL+zrH8q7wkVHT7/ddJosffkNjS92Y7M7ygaX3bH8cMyinFrLwKi4B0FdVedtmFjX/uR5dUgYEleYoLoqZAs/o1klYg04OZAiWahz+kjUpBIvdZLtWhmuJHShYNdYIdjJ2V1OYikly8Iqy5MJbE3IuYjYJcD0HYNeDo4j9FLtxKSSCMPMuiEJ+ECFD4grhPHTcI1zoXX+QEDxezdK7al6oazqu9s+stEauHR1JXFnF9liCe2EkRF8BaRbgpO1ezY/GNZHGpBix3Xiu0Vy1yi+cprfwoVXDN1bP8RS1q3Oa5fJQSIAboq/xxNjKaKerYzl+A41qSO3Q90HQgmMLeD5k33UPDYre3vfssE9R1/+WutvFyTiKot0PtkkAqRA2syRePbSAOOCb7EMgqv+BAUpJQN3tFujgInJOJfzfO4pywbbPjde/J1C4mNXE5V1PYfTIjYXaG5wVyMLjcz4DLfkxV0Ey2eKN2EQQqNyEsnL4cU575qVc7JHC/wqL/Wz3RpgwD/GD9QZEZ0K+LJxOgbrrrLZHyrr8Y5zAYpOwEgWtY=
3Ur6oKIPHWPcaT2lS0Zy86Gt6RPe4/lHeWy/TeMPvrCPYNtnmo4gcZD1IQDcRDHHXJsGcGAOMDkqdkAFI6XUmQsPfE/NfttJLUJopDSFe6jd1t1OHVOuzGIuTCaM66Qw9SeoGT+z3V+lWQqYjXI/yHfQkFW9MFRsF3typB9XYfw=
3Ur6oKIPHWPcaT2lS0Zy86Gt6RPe4/lHeWy/TeMPvrAo4YHaGhwk2lg8ZYf13CEG8HUwdrxL0eYnSH+r3+fzA2sUjtAJCKRPgBGjctt6qnVrhTWSkVAhvEorw/rKSak7iRkjV6QefUlJBW++V1yYcmPwi1adAo+vL0Zb1Cf7lo0=
3Ur6oKIPHWPcaT2lS0Zy85LAJfZ6mi5qBS/yh8Os/3FE1Y1qBF8j5fP7lhiQPfFwa0ngeBUCDCl3NSziS0KVafPEARKaYnJcxkWRyXCFW6PSabJlUnJmyExkg5uFzszh17S+liom4QdmWI6rapuBpD6ga2EaqVDfj5Uiqx/oY4w=
3Ur6oKIPHWPcaT2lS0Zy86KW+1m/3IkBQWkt9K/L/cHvl+xABI8uPjsE3D1Ppy+WlALDR9ZfPyIi//+VwWF00B4p9AbGVDLuqXrDc2CP4QdR8rojk+GSEiUOkDPznculaRyXUaO1HBb+nLVQCpEuqL8jQU+R/sAEC2SHikg02jI=
3Ur6oKIPHWPcaT2lS0Zy86KW+1m/3IkBQWkt9K/L/cHtih15la2kjUCwtsjlG+vOiXJEYsy/lBoeHzuPJhcydPM1ICDNhQU8YStRuUZlaKp4nRfDAKGnKHm/WpwjRkaEx1kG84dSiMlXqs2wrvkIix7tA3fzjs6U5XU0KWJuuX/Y4q8nJgm9M0Jh9of+yQu/67ZYIRIeVIUG1GuRzEKbUz6SaQpTyjOm5M4NBUTVBtiEzF8/ADIAVwDm+Q7XnDUUfn7mrEcMqg5rXsxBGE8R8TjLfYZxqixD1M65o/6Slyg/vsseYnQHEdu96vjDYjksN/jfzJbLncE3LlroiDsfBVCx3nuTcBUojCzZoHVJgO/UzG9yevJXC93EfVduB+a7hxcmi8BCHH3epidp5tnkdIiaau/1mivWeP9whMTnaEyQRWN17D2i/Vzci/uAcupVI+aaeRW2o89IFZ72kGeFWJdTLw0/ZhVkLMPm9WBq6xSGcozknDa75k+LzGoWrqTf3Mw6hfTrZ42GIYedDNqnZ9W1TQ/icu10huIX9jgabMl/WDjc9rnomH7I66pq8zBd/uW8lVa5CD3xouJg7K5DRfeH3mfo42Gbyf03pxiBmiLbLkehavJS80Nw/JR2wo6zKAdHGOEAMxoNpOR8yohU5Q==
