GmcONIA9PFzHw1gpPLLPoqev3ytAH5KO3S/CJpMsylg=
35kyjVfwBJgytCi6KM5Vug==
FNt9orFfFSbPIXNSbXcP2Q==
gE2g7VQeqq0h5MkG44fPUw==
A4ZCFW7RnVRfEnbtNxUDb8VFIQmzxcIFLuiIjRY2q84=
cwgQW1UgxyVfBeSrdwXHsPE1eoSAri+NViVSjTYe4hg=
pYn3RyiaY4vz2unSybTHuw==
mAzeFbkWBGyzJRgEWJSZYQNn44wFaguEUnqkvHVinQw=
NiGef/LGs6v8Em6sqLz1GYGKB0111uCW/TAqgkiW0+w=
2lfNnhNY+w/3xMaMUxJbE0YFT/wvMlSDz8Vrd5FEs18=
3Ur6oKIPHWPcaT2lS0Zy8yfFqZaFEDhx+oaXgVk8OomW3WXln0KNBq0YoKrV0hcV/3nhgfY0YTbymfIqhuV2tdHAQMDC5+BBJWWZt5U3OJ6I/o/q6cmJEF8p3nvV9UQvxDnuUDMjPnJ4yuo+jQRSvRWANiOZQpzjpO5CxJFNObw=
3Ur6oKIPHWPcaT2lS0Zy8yfFqZaFEDhx+oaXgVk8OolebhlJcAYKOXXXXDEXTOqWY/DBygNnn5s2qLakyXaU+O7Vu8xqHuMLFxyFniPltoJrsPsTFTIwySCyr68Q/i4g
3Ur6oKIPHWPcaT2lS0Zy8yfFqZaFEDhx+oaXgVk8OonF+DVk5uYz7gkqXX2x96utS4X9AgWeGkWoCGJqdB9MvLSulDOFPIGvElH+P/tyQTgEZhcqaQTH0iFQuvUhK6aCqca8YikY3lmh4zqr5j3w24PBZOJ53nSLbuuSep/CUU4=
3Ur6oKIPHWPcaT2lS0Zy8yfFqZaFEDhx+oaXgVk8OomuRM06hQ6bJScuiU9xffq7GTFK6RXvr5iEym0MzQvWV7m5Z+D+4A53TlGMOctYqGl0B1X4X+krdRShul233Wu8
3Ur6oKIPHWPcaT2lS0Zy8yfFqZaFEDhx+oaXgVk8OokA7hDhg/LSjsT5yQkj0wBlPhhiRsUZmEGH8RQ502gu9TNRBgqsNIA2ZsnThSvejaGwxgtmPN0TkwAAOu7CLj0ydtyhCOEf/WjPpxWQmDTRO6KcwzyTT9d+ry3oYbJgBR8=
3Ur6oKIPHWPcaT2lS0Zy8yfFqZaFEDhx+oaXgVk8Ool8Bk/e5LpXSM8iBlpLSBCP3fsJn5k0sSiG8ZtQFqIGivn8I2aIIxkeIJrl4xuVKKaM1t4RjOchEzrROe51IEUcTjxOKRS3ZhOumTQXsYmT4aKNV7E6t77v5mTjclck5q1mB1Wog6vI+7COijGmcdwFKu9yPfqHov1kcEh2AsiCrPWu1gZTfuqMzzmW0DMy94ui7EIJZTsrzSr3gU2YZapnFVEVyU/otrJGztFGRsa6b4wwijLjq6X56qq/idOPsQwmlO5wsyySuYkdUamdTqLg711NVzBcFK6tw/JoFYy3eTJnfkI4TQ9bBfYOJKUVTeDmMEx2a7k4SmfpJiRYO8kdjUYNbDUjW3aBsY7NlByOELudkgyLVegu3MJmrJCpHLaPDFTBqX6CPiGVUgb8lVw44uEzWmHVMsOgaHLUZjh15jEgZnv425HFCMszPgG+QQfpBnzIWxozdor6NI+xmvoeUbrtARIWQQReqOOcU9NeypSSnDFioARsdnlRyrA+cX13GaIeGXLksoM9zGfQTkhSr4yGcBPc9ZZH1+dre0vVSMGfH4Ml/aOomh/6hhP9blq7gHQmOgsIa0wlGXKyPLCuzalz6rZLzeJBQ1pO0NMlPCVpEV+Ej1q2LOkMIf9KCMI=
3Ur6oKIPHWPcaT2lS0Zy8yfFqZaFEDhx+oaXgVk8Oomy2wMvqJgHsJhdi93BKCmkyGAqFS8iJcFmzu/kZYGXDWS0uxDfL2LXFNdU4Ed954jyx+hRLctrTHU0ZOQIrZdOXHfcrXQtQsF2TPYmu1KzJqrSdy+eL7yF4DUTJZANfnE=
3Ur6oKIPHWPcaT2lS0Zy88ESA+gCBgO2WKWfekLSM/LaYdJmfy8a3jPWV5Sfsow2sRbcan1JUyE5+tgD23aph6rjjRSf9tVRMdbvB2hBmKoOdYgzt9+65dkR17kJk9VdqypQT1mg8/T7Q87ZofTMkGoXg4KE6iJ5CLqgGHxg90E=
3Ur6oKIPHWPcaT2lS0Zy820wM5q7pCNL4cQ0aXOgtgrJhkn8UQ7hsMfT9WUSOtEuhI62pJMs9+ZQzmWdYsH/LV0sI3p7GXP4sN2ANQ5AuqSjoGXdpQITW4m/lg1XMBKBkAq8M/ecbrKr/NfqLLCtZQs+qQbiPThmBfymE21tpvM=
3Ur6oKIPHWPcaT2lS0Zy820wM5q7pCNL4cQ0aXOgtgre3/hShfRc2AyuJ3HbkKOcfk5NktPux5nyOK83UMFT2JIAcPistVSHr7m1LKhkoSDtEn44BRzgmDJrmEprZlaRNYOlfsRF8xNXQBas9GpqUgJT2mCgWMV4gQtFT/wRxoQEGrnxuBXVSh9qOJD2fjzPtB9LZz0nWkHxNQI7FR9bSormSHyb1gkfub6E4CbirJrx0+8YrAv7+Ge7xkm7ivhzzc7rThqhJx/sZB8CVjrkVGG/WKvQawuoLc+L/C63n0P+b0wfY4hJKRU7QGll2lepNGJBiX8HedtkaTn1vjlcXMlVnP2haocZaxNh18J6PMYOgzBbsOwzBJro4LGLUvwZ/LpWzViQmx5NRHOQPeC4O5ljMFBfsUM3ptA6lXNwTaBZDEPMwTmo2HOJMAkXL9faItqUS5pMVd0e4xNwGx/jk5F7pFhw16mDRRQFddU2KzZ5IiT4EnDzEZKkBE9fFyp278P9gwPlhZcJV6fQfHFfOxVziaTONKnt/DhrqxC3nHedamp9L3mwm1obl8q9LJLlhniF46wroUdfgFkNjAJWWdpvjFRvXoofhY/n4J81q826IwheFdras2W1jro8yC8tu1h8EkERDv54T4Kc9xrPdg==
3Ur6oKIPHWPcaT2lS0Zy8+OezC6nGY0doFtbJoDhcMJqu4xJoiMuoTObL652hXTdsifsaBT8lvCXQxG5PgcjWx3l4QlkrwO4LOwcLwRAjaOl6XVu8+VWgpSkEXdj51s6viMM+QVUcLbcKnh+H3U8Kwg0oewwF/Vlr1D5mHh4sL0=
3Ur6oKIPHWPcaT2lS0Zy8+OezC6nGY0doFtbJoDhcMKZSyva1NRGIqKh/fk5zCy1rFrIuD5hzRc3uaBLp2Bwu49U//mq3enKgSVdkWxOReyeRiq/rcCk9jkrICGfk/8N
3Ur6oKIPHWPcaT2lS0Zy80eJ75w4jnyh26RtrUnbQjRKt9SnVtQ5Q5J+4Uk6d0nuESf8wA0+odtVNODq1q3SDyHij1HkpQDVlbjGyHcJ7fFv5AhBVf4AW2Us0elpgYq4jV4hjDu44lzjOvvxFD5WGay3W03d89iOo9MpU4NDuOE=
3Ur6oKIPHWPcaT2lS0Zy80eJ75w4jnyh26RtrUnbQjR2Coz+vcIfFt8lKJUEQCnQGCmvlnbdjR/nMdnCmB0lRDcXfwSbpSu3vx82GDO0dENw/k3tq2GL2OmvtFYYuCk/SrkSpFG/TX4Sl+RBnT1V5IVHd2wdc+djQK9QbpEKJ/yeSnH88nBKsG7bTgAzJXgCqw+drD0vkZwzXqkPgXCZw6Mvsn4F+syjjnwcsb5GHzDU19YoDhvB/2IuULfzLgRiZLJytNMkotzmZOJBFQl4x0Kdk07wk3SqXcqBJvZYZhAQeWOp0n4Zq7xCS4uv/BYPWgt3r81yekikpyKQgH42LDnvzJYU9IKYSjZKlcnymNKGLrmpIHVAw/fcHXbJt/Ny0n2thk89DM6cNb9kJge3sPPVQVxomTVJJebUH+O7eKyY/3vBIdVMzL1FvvCPl0dQpa/urGlghDJ3wnrSZCXz/9Ty/dc1Fy0jtvFT3ht7uF3N3MBptWCmBPTNVZjAFwwC/wAS/7kKe6SBMORwMZ7++c7bT7uMP4U0Hk9OrBu9rQ50HaudXaIlsGOUUTmRxENgGOOilFvJCe73bfEbYKAH8KZTkxGBk4PjQOHOre3FpDPi2nXFVwLktAqpTGI7LL7kvYWoatyNLyIFL5A9vnAVn1EkX1/xHJ+jKj5KdgEI0MM=
3Ur6oKIPHWPcaT2lS0Zy80eJ75w4jnyh26RtrUnbQjRdSkmErVunMA32Y0K6bv4WHdTnAMnrN6yIuObmGDUrrlOrateJFckVGDOKo5UCuKswZ9Yf5E+NuQMA4vwpRWhk4JRYQym6XHfTLOnYH1VbgEEWU12iTFwN0i3mPszaJEg=
3Ur6oKIPHWPcaT2lS0Zy84iH3bkpvuJ2V/FYensO6G9Ls6R1NoHt2cvjNGFlrmyY0j9bgOF2m8g+FxTjM0tuIWD+Sz6Wj+/e1ZgKOP4CJXtv6IzC6zvZ+NL4gEScxmbTjW+BPMncPieLpzGTOV8NkOBLJfSwpi/Oc1zZZlbk41M=
3Ur6oKIPHWPcaT2lS0Zy82loqso0Uc3WvBHvilrtV18X9YG5FP50y5t2/U8YcUiJOFyNskSCLkzD1dVIU45ZDdxFteN8yy3VgcnX/gTVLFojU8IfTJcD27D3QYp0ts2D0s8XjeE2sG6Z1AFV7P8isf6xT4U5ar26FI1p+fOH/NI=
3Ur6oKIPHWPcaT2lS0Zy82loqso0Uc3WvBHvilrtV1+k5bociJSV7bl4CPfrVl6BcOVKr7w8asF/8fGbJAr0MVSfIDfcZdJoS4qLihxql4XL6EQIVP+RplF2z2/ZSmgYFW/LVvSQzGWIH4s0D9UzZy1D6WMNxhhgOgNxghfe+qy6ORaua0E98AOahqv6Fzv+4Kx+NKSuhJMozUqNUi5cWFBFLLW1tzUod+raRYv9D8ih1R3s7fHP2B4UXCwQgRGI57mcnKU+kItxyavz4h0wSczZcoVoHaMS27lA+12ELFJ6e3x7S6AHXa60wO1SbIph2UhI5Hg5OnJJ+CHM6UJG2UM3csPa5A1BjoNo0QC6AZujmGkRruJcT+YrpwoE87pKpUd1l1DSGdLfVOxZ4JCF3bh5Cepbjg9JlimH3CpCt+Tk5nGPytlXJWaSOCm5ZX6eIhrtHR8uifjXjWWGKAuQcBsGs/TCavPqcaA6BqVrehGQtBdCpOMheV6N0OF5XWDHylO6chzK0H0HTJKcUsoFUEUCub478zskWILbkmczI82TCNUoRITxX08LkM1hYdl/BXdy3Lha1sT+rWIUFARQJLaekLGKgXw3ilcJA/0+9qjXaO4AxAQAUhMYzVCSwkkY/Gu1qu9+HQpApsnpAP2gCw==
3Ur6oKIPHWPcaT2lS0Zy82loqso0Uc3WvBHvilrtV18NcUocPLoNPkgWRzO/ElTJUNL+C357FZr929LUzRokEuNA/EVhgOlrsrV65gg8SzvSFUJN0/i7ztJQQAvIhsFCrxKnwl3FmpPxERwbM9PEg6PxpuJ9LUgijZs0qHjlLso=
3Ur6oKIPHWPcaT2lS0Zy8y1VCg2HZrgj+u0uUTpS6YzMFRvBecPCe3vmnf0mrZXC5HBOpDVOAtkmgdVLKdEjPb3hdYGO7+w3NZfWJj3b1qhjks1tGysDcl/75OsOHaVefzQPfet9v9UsJ2bSD2Kf4g7v8qufFYRFxK9czhbEfc8=
3Ur6oKIPHWPcaT2lS0Zy859D+0gFXQi3CCxhyA0Cdyx3xFF1L2+vFoUUB1DZH0Jin/f+g8GaVw6ayB2yqKjSQac8XM4Rlbq7SP1dZnHhj8UXgJ6YAmivZoE9e/D/BSnqUYGsQMdT3t4Dsu3jEG6hKPPrgkuN1T3bAsNljPr/Wuw=
3Ur6oKIPHWPcaT2lS0Zy859D+0gFXQi3CCxhyA0Cdyy0DXyEgEuUwWUq1r1PXF4ZEQcBfLtazCXrXAW03fGsG+t0pRK1ZiNwlxSvz5HZK9agyNSY3U5lfPZLR414cMtWYVEYuPqKKTO1PI0VUP4mAYvkz3UiqWn02oTiADunK5btcL1cdQu82ANlvdZe2Aj+iYrWvkvf3TGPdUBeXk50PkA7s2XBdUsrb9wLKhACLuT3e8v4HhyvsmRV8cJJoiv4o01aIKPKm5eptBGCjYtJ+K0D7WDJeaI2hoEO8Pr7BL+zuCxdOf5eHOWuUF3XXEuQO6zrw/b/76PLXjUJ43acn7+/COk35C1LZPAXbtMo3VQKSLOnpXN4ghf8azosgRADvFZm3aZxeJ76L3b5BCoZVOmg0Dq6dtHAonhjmfsMZOFDMeMeZ3MqPSS9aD3i1M/LCPpxpETqC5hbQda+IFttppWVwdB7UDfC9GRP8HA71XzCkPd9NGYRLRoVgCkhZ5YQApAm8DabbPKzAwAbYO/KCXelfUOp2HEki80i5NToHcIGkFqYFeaMV9mSzeEWbjMMPuepjMldGXCPTwc3crwvyDxCf9WfZWSsr1hLnhAUDDF3I17n3aXjq2U9jz+fFPG1Z6fuSpwgJ7gPAx7tXPj07gpa0hWZxlFnmvzr+RhL21Y=
3Ur6oKIPHWPcaT2lS0Zy84qyYBo95LVVQfVjY2d3vbneAFGE4WHok2jVKzLNoMiObzRYRZWOse8x2zeIywSHo0PuqZ56ypnIDOazGQTSxX/ONshNXlC39yc2iHE2SJLluzVkVCEDhSP+Q7uODv6OkJJsOpaIkIEl8yAxIU4/a+U=
3Ur6oKIPHWPcaT2lS0Zy84Ps/P9BtWekuvZSdJhTl1sKL/TsxHBRSnunGTXn0WUlRyUzWB/q5fSnbp1AOkpb3k6wmkNkQRQIJntLCFE3wdZBsBCUO1O3yx2o2t08QNmzpcXwFP1Mo0twTKAq1AHPWbag3qm6YSE1juY2mA9SdmI=
