GmcONIA9PFzHw1gpPLLPoqev3ytAH5KO3S/CJpMsylg=
35kyjVfwBJgytCi6KM5Vug==
FNt9orFfFSbPIXNSbXcP2Q==
gE2g7VQeqq0h5MkG44fPUw==
A4ZCFW7RnVRfEnbtNxUDb8VFIQmzxcIFLuiIjRY2q84=
cwgQW1UgxyVfBeSrdwXHsPE1eoSAri+NViVSjTYe4hg=
pYn3RyiaY4vz2unSybTHuw==
mAzeFbkWBGyzJRgEWJSZYQNn44wFaguEUnqkvHVinQw=
NiGef/LGs6v8Em6sqLz1GYGKB0111uCW/TAqgkiW0+w=
2lfNnhNY+w/3xMaMUxJbE0YFT/wvMlSDz8Vrd5FEs18=
3Ur6oKIPHWPcaT2lS0Zy86qkX50Hk4elSbQVqY1jkYHvHHYFXP0Exk2Fs+d5PDayzFX+sDlJ43KKRtKEauSw++p0TCwH2121wnoe5iW7VuR0SLbKDtbMKI16Pvfd6ac02oGNt1asbhYAMrjtnBcMOIuJchUen2yaUFI7BAbp3Fg=
3Ur6oKIPHWPcaT2lS0Zy86qkX50Hk4elSbQVqY1jkYFMqBqXG3cWz3oPW8PIv0OW98fUQppHCnMMeTql64p5O02Gf46uEA4nqgzwSuz63YQhpsqMxSUk0IZCHfB3yzv9
3Ur6oKIPHWPcaT2lS0Zy89q+hVcgcLCEzU1N8i2Caq3D4DIxKE1lB7iMAlyC5bUi/xU+xzxvAjRzuEM34WI4Fa8po5DEcWbyCYEjYqyNkQ4fXZD69BNwFfkMMZtf5C8rijSfHt+JeytbK9fx48K/nmsKjLkrIVsKp5yBPnlokGg=
3Ur6oKIPHWPcaT2lS0Zy89q+hVcgcLCEzU1N8i2Caq3FG5fuc1ufCr+yIUCZV7+dYosPufauyK0DZ2nlTGpsTdMar3TnHMg/1DhYSwgxdqXq4UT8FrVyCA9cdZKNDm60
3Ur6oKIPHWPcaT2lS0Zy89q+hVcgcLCEzU1N8i2Caq0+ix39AGALmbdfHYlJzUk37mqpcV4c43/9PwKL/j+ErNlQne78eAeJ6LeOMnpS43IUUryn6DCoLDfpN0eZ/ZXf+Hte60S9N0D/JJybrHQrzz21Dn1PR74jjik0THe6UmU=
3Ur6oKIPHWPcaT2lS0Zy89q+hVcgcLCEzU1N8i2Caq0BmIMBhJ1AsP3YocUajCRtgRXPfhZqj/rpogwP5aeqlsTEuBb7gSEag7voYfunn/YC4qqQrY5XSuHiq6wrMhZ8iNpgu7iY5RF/0q6iGMy45dM2lWTKgkavezFmY5Fn0BsV2csyUgc1PujtmGo/4wbzMybt3Zhixi4cksh+1xRB0n4XRGRqNVj1I4mIAlz40ddc0KuJMX+rh5QAs8xxXY2IiV0AoDm71hEyJg+kkhsC6PsYOCgNI/HIK2FxDm/nvuqf609/hxDCIfMYNvqPsn9FGAMXtrgfUL02DQaH6HrulXcLM84nvne+WBosD6sNThcpMCa7ZgrU9lv8bAvv557o7f7TCHevpxaTHjz+8Pa6fKk01aw7dFjjuP/vQmn76KIQrZAeTz/MWwpwSUBT2YS41FNyNve1ZOJdL9SXClmAGiqGbkEO+XhewBzXH75ioqXFUV5Z5Ox7uvB+YfwzsF6AHChpGLbyfDA2Xs1m14lTYaztS7Ca4H56vqZ8vgb7rSbgWsnfb2gd8eOpEI6VsUP5NOfy19gnim4PjrmXKcJylwItpYTgCQU8vnPbqowCorU2Ss1L08pjZXbrBdiRQDzUfDujevg2RXA7yY8uAt0fSdqgPkwS/TxTJLkpEnj3ROE=
3Ur6oKIPHWPcaT2lS0Zy81QPDHPeyT0KzoYpExKGDg3XAPNvXsJn+A4QUiwsX704FEtNZfQ2Dbh7Qxhz1D4TTMcxmPaxHyNXC+nIElEAg4w5KKn1gEyHf1Fd8m30CFFFOyr5G4KaTcW6C5V5iMHB98dp/IqN4AuiLeevhXeJidk=
3Ur6oKIPHWPcaT2lS0Zy81QPDHPeyT0KzoYpExKGDg29DfKRzn4r0MzMfHpHJkU0X0HU3M2VtUXshtc3BvAEgaHE2iqWpQ1GA1N/oltAFeeVECa4V9kogieX4/wyjAa8muAcHKpXTla0HyjvDx8uou5yzQr9TZadY+IL5L3TmUE=
3Ur6oKIPHWPcaT2lS0Zy8xeJbIJnNA3nlOMQRH6615LUMHY0XOC+2OugPbSOZvGGUOSyyxTvxSodkTOZopETyfXQVc3PyoczcTbEvCJIv9aewjFHKLok9WhzI0P4X/Cjr/gWe9/Wk9Lu4BPbG6BSIjEIDPwgRaoZc/sUYUQTuZs=
3Ur6oKIPHWPcaT2lS0Zy8xeJbIJnNA3nlOMQRH6615IZ9pcrGsQl39xvjP9Edj/Xsqtsd97wFSXU8jKA93XDW5NRiYlvLO58aI54xCD4bvjln5WIO7lzXsenmxGAIXse6bjLZjlfXV580oytJECCOkXBozY0ugiQQqG5PHdFggFGfvTkTI7sxSTZE+QNu+CKwNDJ1tuBHTL3fZLMouFjcP+yW1ENxzs23uD6mM1thDQ11S9LuVjmye/f5RH2TlRLBctxrzRuQfhNHi6FvXGTJHHpGIOOpqfgyfUX0VEDf9Jpw8C4KfWEeQBRa79+qGx1xOJWBBFO7J60V6ca/xbkKhbmTFhHIOid0GvKuzZrULDihenmZrEGmzNKbsm937sB1eHlKPQ+eMEaifS4u9qGl+hJEw/DqVmo3+WsqKkxRNrKlxOILbNGNSNeoVRigC0Pneze2uMG02LhBcGKYYZeerXuvlcEp3MWyZIP/KYJRMTbBZIdYaBocX9BCM1o6EquGBQFXWjZMF0p+5ksgdcknG/GLOxGKRyW28wyeD+UX6mJ0jgocFHuNoc0wIGPFna2eX9CLWkvX/u9pU13AV4QdGDts8edwozdndZzp4Yt74mxkDBqJE6czlU8O0uGacomQQAtsKtGyCrfTUttgLs0Ag==
3Ur6oKIPHWPcaT2lS0Zy86CJBg/rLlZPxpYu1rPW8PhpWqN0It9Z1aEYtixG/+NIunypF4upBaBJj3aGqmnWycbTKOxqoi6h9n3d74bH2Vs+4xduZ4pHLKah4QypdOZTS5FyKDA/wjHordXO5n8YzRoA7cfg4a4k/URbiQay3oU=
3Ur6oKIPHWPcaT2lS0Zy86CJBg/rLlZPxpYu1rPW8PgIe6znlibJHDYJIE6fUv2yggxTb4sQ/uS0qpyPqvn/7ASdAO54/sBT33caHXYCw0p0XIyiHBSu3pQg+XWHMtO1
3Ur6oKIPHWPcaT2lS0Zy86CJBg/rLlZPxpYu1rPW8PiX8+Fam7JZOuz130cqqZWJ2n+qaEfgXO6G7CpVcwuLibij0loCzFDVKWMyBH8Ji+IAMbnx7+sHYugczyPjut82NGzYByKFbSwNhbvSygGWX24mYEYHZE/y2usVN8YNOjk=
3Ur6oKIPHWPcaT2lS0Zy86CJBg/rLlZPxpYu1rPW8PgLp+QG1hRy6oeKjzdq9Gzt6lXxKT0dhwoF+YHTzzKL9ghD+PlrZddB7rIyzyHcYhgjVD7q/H7f80rPv3NbfTyG
3Ur6oKIPHWPcaT2lS0Zy8/PdWCkDcX9k22lLcx6So3giWV/fFkuKconfUueGtYZ2VnNBV4+oWFRqMhIwH7E7zl6NKd+eqv+CuX7Q5e5A9I4ft3zRaxdhwX33EJtXDGqWI2DFTXRDAGMnSX1yfpN75xW5Oz/kla9KOeiryXzukVY=
3Ur6oKIPHWPcaT2lS0Zy8/PdWCkDcX9k22lLcx6So3jpjs/zO+P/rim1YIvlZHO0aly/yrSc97Dl+bIL7W0XB2FEUiL3nDZE5EWAGzvvC1RN2RmfUp+08IKTLVBSolVBXTEIWTbr1eTzh+Q+dFIV9XiXh7TIsNnV2BG7RXeX0ihg5j1Y+OrehEaFoMQpPAACA7sWx07h7glp4R7PsuYiKhynua0ZujpFArCicIDzlhE7XTlRxnovaQqmkKj8515zvpQIF0TW4QxFY3mUvH6/Z2sAhGbA8wP/a2oJidkEjYCPNdQEPmjUJ/4WessvSwnAa4Gg/ME9Yy46RZCRQ6H3OrLkEXnXZloMkUHWoms0mHhXQgmMZJhPj6O8OITHxHAS5Q1jgCMFP+AB85SdgU2yygN7BU4ah77Ji9ZEZxHBSiazci10i/Nl1zeARNbAz+LbFnECiYWStICSxARyGqnoZ3PjDOMe6yENhUIb4lS5tTPcwd+IEvo+K3TdRKX7rSKyTzo1cWJrMHxkYHZiJ7V/9SwxKeKZUsNUjoOHX4OMAlyelTMupNHroFB0rGg7fWWfkvOkXrAgQnmMXPvkqAokY1U1MqXPjqERumsxn4c5OOjRuosX6lUrVCyKLsaryExVCHHe4geMMwrEbKSpdHyoKuB/HvZqXvieVCmtXR1ZIYA=
3Ur6oKIPHWPcaT2lS0Zy8/PdWCkDcX9k22lLcx6So3j4kWrCTMBDfnNSDDQBIN86uGcmSZYAN2HZ8FrfHM7QpsSgy0XDraelvz96bHlnt9ZmWOdIMK3U2ytJqY261tnOZlCOJuKxqmlCs8bG2aY87a4pLzEY1q0afeQJQwiOKmQ=
3Ur6oKIPHWPcaT2lS0Zy857DWCuxfmcnTgG3284C5r12DurB3yDOWJc5i7Y2fVUvxwO2DR+EKzjQNE8cJepPMJ/5BX5OyjONwe8vHv7SmkTL4n1l96mYVBaiA/A9h3TtoKSCW9uyhPqc2UVKCUHRGgUh6Qo6v0Hy0wvApMylN/g=
3Ur6oKIPHWPcaT2lS0Zy857efBwDZ3Ba75I6K3M07q7R2Xx8ruEE1SbiLZTDFyeW6bzXR7mlg0CqR23LyVY2FK+al3cpGUhTIJlBm64NpKVREl2Lv8zBRm48HurXBM2Vns6sTPycDcEx4EhXCfH3tQCZ0Eh2khsxKn2Wn81HhL4=
3Ur6oKIPHWPcaT2lS0Zy857efBwDZ3Ba75I6K3M07q6I6BrUZg3doDdO87QgNmTIBghR6Hx7OgOp/OrOoBpQXBdjYtOn1w3ChGCD+cwo7bU//iEdGCCYov7MPXm++CZg0dayEvWj5TnQVfXggJbfIudc2WLxh5uyuwi+K1+yPye0dfrLGJGkGcY4FOEh0L0fAxLI6ToZdfqhx08HqETPdFcJh+Y1/39CWyB63magBnuQ0JVpJdLIDxtmj/C6frvBf0HyqWDchiEzJOytS8Pck6dSgrbxO/3K3g8jp9wLBDBrsQUUwmy4GK7NKoDeyI7F5nq/TuWy7EyqfN8b9dr6VnlePyyBM+qvlYd0TACfWAicqeAjiEToHCvrhM8YtM5HYTaIjkH/2LX/0AZR3TC/WQTztt6mT61AAlMP0UTbkE/8p8E/UOgSP3SxScZWDX37/SnlZG4GZQ1vuy4fqR8mE25BDYRylO9dztMata1dUzszBjzMYrHAWsff3ool/VwSBK/27c/vfVUJZX7sdveeOPb6pC8kS8w01qRyXLWoTQ7t/PMknrQOZgddYDE9IR4EITw9Bpc2NLc+lyB4OTEgowBTSnXpf08kaCz2ovQvE751avORhFc2xSBRrbMcbD+qvsctAMVz+fwuamKqtgcyGQ==
3Ur6oKIPHWPcaT2lS0Zy857efBwDZ3Ba75I6K3M07q6abhxLpvhi9Q5qXNOzuzRV1N8fqLvWK3JAv9CcMV4X5e4Q4w9/TIOiYnfYRBVKwsxvhhl00i4d9m82Abvhl+Khcosei7YkI6xv96GIa9Cfwa6hzHuWKMDuH9qJ4hUPCcE=
3Ur6oKIPHWPcaT2lS0Zy82L+ybL0bjhhg5KujGfssg0VMYHwzosXZw0JL+0kyMu3D09YNItw6L1vgFoQyl17b0qn99G4UI8FtK4pL9YzJJg6w8e/zko/DmBxu0rWV7O06t9AXYO8+0zYX319igdVtM+4cYsmDAE1HwU0YqTr+aA=
