GmcONIA9PFzHw1gpPLLPoqev3ytAH5KO3S/CJpMsylg=
35kyjVfwBJgytCi6KM5Vug==
FNt9orFfFSbPIXNSbXcP2Q==
gE2g7VQeqq0h5MkG44fPUw==
A4ZCFW7RnVRfEnbtNxUDb8VFIQmzxcIFLuiIjRY2q84=
cwgQW1UgxyVfBeSrdwXHsPE1eoSAri+NViVSjTYe4hg=
pYn3RyiaY4vz2unSybTHuw==
mAzeFbkWBGyzJRgEWJSZYQNn44wFaguEUnqkvHVinQw=
NiGef/LGs6v8Em6sqLz1GYGKB0111uCW/TAqgkiW0+w=
2lfNnhNY+w/3xMaMUxJbE0YFT/wvMlSDz8Vrd5FEs18=
3Ur6oKIPHWPcaT2lS0Zy81gWO0MxKNganPj/YjtCo3aw8oFDyj1h03l5kvZELgAXcJPhVZV7LN1At2Qg2qt/G+ASKc8JHJVx2r1PaQSlDc9Bop21dvvQ2VFdCzSm9rEdl/No2lqm91SBg1vD9Xl1Z5PWEWN4+sCOoE88X+6cSpw=
3Ur6oKIPHWPcaT2lS0Zy81gWO0MxKNganPj/YjtCo3Z3SaRIe0dceL5sFCm/7hN58RWB/cdQ7iwt6k61nG75VB8KkjYgRPmPeAZNScIhHSndL7QvbQw3EC9YrKm7gihG
3Ur6oKIPHWPcaT2lS0Zy81gWO0MxKNganPj/YjtCo3ZWgrD0iIpN+fbzdv3w6PXcH8eDRcBEH2b5z0+sp5yz/CxPFllxp/7bHAVvZH1qfT4f4Z8iU2hikrer2Tn0O+x6edWvGKgd44EgyudvxZBUXpWLeVinxRzuuiqV1kJOCIk=
3Ur6oKIPHWPcaT2lS0Zy81gWO0MxKNganPj/YjtCo3bdQF7TUUlbubnE5+MpXPx+afwUWbt6tTtHvH54Tjk4u8x/vgiKn1Ee6mLFvQBpSOZeHwIgPls9dCCi75k+90es
3Ur6oKIPHWPcaT2lS0Zy81gWO0MxKNganPj/YjtCo3Z7aZRGEQDl2agiiejFDHz3wGmtkS23zNFeYqkv/qiMXDjgsf/L2calC9Y/WdIRYlTlTBP7eMxPRiaKHZ0PbL8j/5BwpWzyfHmnNCdADlLBhd1sdNlWMgz13zNECn1XDxk=
3Ur6oKIPHWPcaT2lS0Zy81gWO0MxKNganPj/YjtCo3ZuNFaDkqsCzI3ikS4cIx+lpskVSJMAobCwiRfiLceFC6u9S2u6jzPzKkASEuePeRSsVCO7q03L6hote8tvaAkMDzz8605ySCcGpPeOj8NVHrPF9K3tqomCfWUTHziOdI5fCqXBANP0ARrK6vADTsu+Wj/MvY4SU30XjHSKI+SY8bPjoxcDDMHuDUQeAp6tGUyiCYTasbhxlaZCHokZ+ikXoPNvWjIOwnqVIjuPTCYuRL3FpWhWLiA3kvJ7d07yJN+vFUdAPUN8kRnHmZ/pHcYFMiAFVqrdOZk74yKGxVI1Rh+qgJVKIsteqaQVecoGD+518soQbRzueMznH5UJ9l76mf98hoMoBw3Rg7Ozuk3NSnw1iPjOjZWAV7BlE6z+YtxD05EkyQdSaBKhCnD242m1as6Y6VT9vaFeNaC5cbwUGhtKzfbnn9cTsuFrW/AyGPrWJGsxUDV3mdLaEyEU4tzvcIDaUHRQ62Z91pTQCxFL5+EyD3tGutdRi+/zvQ1wcuF6DXdfc0D3o8NzbSc8OpBVSh3U/4E3C2tmpJfqNz5M6RCIuw1Bkc4HX8Pa76NHz1qCzzExTD/rSwlN5TNQ7StTbfu/0xuYyA45RN3kMfMz8FJP87sqdEu8Jmif40/e26E=
3Ur6oKIPHWPcaT2lS0Zy81gWO0MxKNganPj/YjtCo3bTOKUfHhVF/dd+VL7Ed00POJn/Vvv/kFtVwKwInOekvJc2lheVcWQhOBCSt9BlduDI97z/2nW3b3EdenHEBWWAAZlTL346L2T7jNpBJuqFN4kJsLesLMaN6TMRbyt2zyE=
3Ur6oKIPHWPcaT2lS0Zy89uZY0DfB6FgS6VVhpB2QUXW/lKh38vTatTSlPhkuDZXM+Pay36yrEEPjZatwAKxCXpG66fmw4BHe0FWdZe0WMuJyg4cZ13Y+eV23GNynVY/bOLHvKHpCAJt3t88W5hw2KgF9prWPaFKMDVUEDJFrWA=
3Ur6oKIPHWPcaT2lS0Zy89C5W0SZdtzoKEuWy4gqQaxVkDUFqjgI+LUwAjopw2pf8ZZfSSB+7JQFA7DFZgAFXTnWIdsALenCCRdTtVXUUkTgbXEys2TYUcjoy5d5mZ0MLYy+q3SLJF2ExmffYr3EsqnPGQwImgWWTneoGBIO8rs=
3Ur6oKIPHWPcaT2lS0Zy89C5W0SZdtzoKEuWy4gqQawqxfUplGFLRAT3KDTwXAewkgbyjNuS92FMdJjU7fHyfMf4yfXulNLjQ4P07bAp/mN4FlQwp6s0n0g20Cc2rzl7FvC2bDKW1x8DqjZF/dfIHS5xaQPECsHpkD59jqqUfffbIxKs0w+usM0lqEcRU6D0eywCkVfRTcPayfMS48q686nWHsXPC1r6MGTPp0K5HZM+8bBpauWehT+FTSyLH/EwVQr/jojOylIBw3NQwLKP3PjjKnp31il9FjFYrNSQcrUSyzzmXbbDij68dXp3m5caAF7Y0Bs2pYjmYEBQsZ4lmRv/zmewLdUJjd9cu6VU9tsA9s87fEJJ2PRj3BQWLLlK7zzJg4gQphLRK9gixUClMDtFDZTntUjteZGAT6G+9zRA9WHqhlPKsX2CNKvqve8KaLmq7nqQkH/4Ig6qoedf5OWcSafna9K+7gNMyT3BZZG39/Jnvr1ICW6YQmJpgzURdp8zZZUshMsDh+Bwj3cuxQmxXgDyxl2xXDi4eT6+T99x1rm/zsnZ3k5DtEQBxQLHyUys2dO2UZgveNwfGF22v1HuMvfMTCrjknrUyRc5Id0ySgqmihzorgwa5v8qH4ekLA/AnOOHtu2a4Mu2/4osHg==
3Ur6oKIPHWPcaT2lS0Zy80fAkhhbT2h7SFco/zj3lVL8VZYK07ay7QtWU3RAgwWcVhOv52DAw5M2s4mEPa61rES8XlU6ArF1iBAf847hPEuUFvDI9mhJxJmnydDTvF4b/sDY1mtQ0WWxWgebPfCF/BbsOZliD/FTvNt1YoYFsO8=
3Ur6oKIPHWPcaT2lS0Zy80fAkhhbT2h7SFco/zj3lVLigwHMMzh2C3bw0P14a8PkwhmdrluBpvwiK7ZuJUeE9dbbsBuJ4XRv9vK+jgf2dvdBql+R2yQtW1MpKKW20aNo
3Ur6oKIPHWPcaT2lS0Zy80fAkhhbT2h7SFco/zj3lVLVQDpDa9GZ+GvQ0k71kQifoGX0ZBGWeqIYY5ynW2+IToDnEEDDOB4wTgdU1IctnnUXWJi5HBYbk6lmWeDpTo/aJaL8lZzcsZ75rx4bAQdmz7pw8Ml9Xi8Fy6+OXAOodgw=
3Ur6oKIPHWPcaT2lS0Zy80fAkhhbT2h7SFco/zj3lVII4z36ogr1iIv1LSoNYllzf4EwF2+ogqw4tImJpavZdfreQf+6ycQB3jMTvw6/o6rB6pR1mES0PVHuq7JHMAwE
3Ur6oKIPHWPcaT2lS0Zy854D2JDQeHF6seXCcfgBuuhTKGRhz/B3UlM8+tShbQNihZphXo7J+DGZeFZ82FI6o0YnFDLuM7fR7R0Oq/8xhRo6uwpvh3j8o6iwLqRj851V2OwLMfMpLAjzTqKkfWZ9lgPx+Z9tP0U1W4bUGvw1/jw=
3Ur6oKIPHWPcaT2lS0Zy854D2JDQeHF6seXCcfgBuujw6axA/NpwrQqe3Y5ohAXC5HTsHegKpc3NCWiZWl+KdaSHok0scp6poMNB2F66htipvLBkiDseVy/S0Y0ObeqaPvQwuy1EXFqMl/zaCSj+or3U/l0NuqFqQGeOfhBdEeGKiZdVtCCGVboWRp8fMDycV8MoPIN8aAo+ydUO1PP2Tsg2rKM1kwSnKVUp7/DcsE5gSzF5ru6R9UTQGONlhZeB3CjJ6qEICKW6PeifYCVansu4Cmcg92k/4iTB2Z0dR9KxUjrEshuZ3YoqXZe6JfAMsNO8MAX74hnnBBUYEnnDueR7gHSZQDh/M4daz+mAfXxxUoz5Pb2dTPmNg7c2i5xa9hOgcGlxC68HzTSOn7oeuS5oSMMypGv5HGwsRDdoEOFhrvd+dRUOo8D4rkQmP2K6SYStmYZwdXYIjj/CUIdlyMQFTBEJeVWrFzFUd+/BC2ahceEUupOksuIpyNmv0c0txSO4D0cvmSIuzTY2R0qI0R7gwC+TpLJa/ep4VFlZNxvo96bXvg/oCwEG5A4+JpEZoH0ghfkT1RT1PRoW4tul0iZ+2cLD2JeVrYK1coT12wsCrtvjZ2jEGfUrWbMaNmOlk6ioG9j4/I3q1cEH8NYo39RaZFGLiI6HP7JpGhZ2Pe0=
3Ur6oKIPHWPcaT2lS0Zy84EEKVdm7vOhPVuRKBMv4xegE236yK2NJl/ctCcZ2ZQuntZiKiw/0pVzI4Psosjhgw0ZyJ1CaGLNI/IMeqvk0NgodvbK+DQqvVlLN5uz1IqpyKHhXE86kHneMdwjmyAPWd9kDSn0jPMGSng2kJDxQP4=
3Ur6oKIPHWPcaT2lS0Zy84EEKVdm7vOhPVuRKBMv4xcwcs5Kcjy0OyOASVKxm6DiuL2tDUk4lgK7bR5UI30cYdnM7Rn5dOv40s8yo+MAs6+LtTexEeVnNWmty6WhNoaIj035I7FMa+T3HGMHDZoIlN5W6XSPw5x+70XzsHzuSlX7NazpK+N9lDc3M9RRHX2uofxUoDkBqyxKDmlVYMYMPmmnBAV1IR6d82Ge5ZkQJN2tXJb4ttLCv+XJJfEsVwaIPnhdrWvuf44s7LdFHisHFMVBeIHOz7vNN3qCJZhBaDqiWR6FhhE/o/T73E/OpLtLN38JA8eaX6nJ3b0dw4QiNP3FnqCA6eTjmT9z4g2L7PFsLshZ0S4f2sVLYVv09dM/4MvaWr8JmI8Wt+l6b5EkTFDSn+/mGtGRE1lRCndITBHCr0GyrJKAZR3ZMIcYZn91iMPI41IrJxXuZ8H4TYXzDMiqwF5DhEHjrx4+MLZvO9WIJVKDb9yjPUy4i4AKCN5vOEOPWztA7M8jA8cwqy7tdwtHfx/PYkCbhwCjRplEXUD14CqjLzZJlbNgkLg5gSYsztuuHYlts0mTWWhPCj7wOhF98lYdTscKdr+Fwt0W4a1HtA7uwqD9bLngNxHVDf8sPx7xy6eEOLqkMkCTV7s9Gw==
