GmcONIA9PFzHw1gpPLLPoqev3ytAH5KO3S/CJpMsylg=
35kyjVfwBJgytCi6KM5Vug==
FNt9orFfFSbPIXNSbXcP2Q==
gE2g7VQeqq0h5MkG44fPUw==
A4ZCFW7RnVRfEnbtNxUDb8VFIQmzxcIFLuiIjRY2q84=
cwgQW1UgxyVfBeSrdwXHsPE1eoSAri+NViVSjTYe4hg=
pYn3RyiaY4vz2unSybTHuw==
mAzeFbkWBGyzJRgEWJSZYQNn44wFaguEUnqkvHVinQw=
NiGef/LGs6v8Em6sqLz1GYGKB0111uCW/TAqgkiW0+w=
2lfNnhNY+w/3xMaMUxJbE0YFT/wvMlSDz8Vrd5FEs18=
3Ur6oKIPHWPcaT2lS0Zy81sL0InOJVH8Wl5qhXWlNPSSJ0Jp+YAxPV2MNP2OCK2VCvyTsOMJAbpnefJAAs+bFgXTEHQDs3ESpve8sDOp0ox8lRlNDGLP/XAs+FyZaDLVKmr0v10uU5VF92xFVc5Z3WgR2Wm4RjIL49dfeFhGoxE=
3Ur6oKIPHWPcaT2lS0Zy81sL0InOJVH8Wl5qhXWlNPQdrSm4lrtjUnffCTQKQ/21aDuYpZNVNaurGc4WHDGyvjU07OjnTzuIVEluwTaytRCvOCPyMQiM8PBk9EPxUdaq
3Ur6oKIPHWPcaT2lS0Zy80jFWxsBXszbWBFxgg/YwTvJ+/5IQImFM0pgFYHq+WrAIrHhdYDiZDn+gj0XYhtkrbUJi3ZeCfyfSe2wvD+/5Klzar5TMBUt3ii3bxrrBpncyMhHDLAPEbq5+11Gid+9sgn8wFv/tVk7eV+V9vHNJWE=
3Ur6oKIPHWPcaT2lS0Zy80jFWxsBXszbWBFxgg/YwTu+fdF1m783Cr2lxxf7ClbDg3CX/MNLhqBRhg8STdXZ5ocDrxoRevJGYUCd3sioKSMQi1rPNXgwus8rpwy/S9RMZi3QO+T/U4dih+Va9RM2sToeUlJlhFSE22Py2IwYTxOg+7zJMcHK5RyXCpafEumSS7RCzNZDNVcPDNg2OTU/o2aZNTu0I5z8MkRbqhdgJ6DRXAzjKpyAboWEOanFeesmvpG7Twiop+6Z7g02lLEzbIY6ZlHqclhzpOna3Ya+vEanQHPSRAhyuyuDMlc8aqzKuaIb+BkRikxytf7HRg+M+kjN9xqhuBB0ptcASbgrrnbt+YQDWnxiTeNjEDT0TNz9xM1k8QIwlJueCTymYoeQgQGsEE2Ps7vi2x/s2tTGi3EIPq0sgR8RXLyQNDTDEdpYL77duTkAFMQrT3EHa56Jhfq+pqJDR+RvTfF6woVUE7VjvQaTnFTb2NteJK47C+nrNt3fv8d5GP3OZN9pPkDzCsYCtElV1fpgHsxVe5eDs+gVkPSbRFjuajyOzKrU1PF/ck0OGqLnB2HEoR7/rucvEKBJoyYJniUKDXi8mntTrRNdLWdKZ8bDx9doTWQGLDkc14kU01xBhe+M0FzqWp2tnw==
3Ur6oKIPHWPcaT2lS0Zy80jFWxsBXszbWBFxgg/YwTvRNO9Ezrqo4PNH2gJIWNzlNcQZ7D1pGTZI7lD9A6sG6H8pmdOHeK43+6tzdbLY95w9GPn4At0g6a/9iARIKGcJCoN3I0jn1kzwjkutO2MLe3hyGtMZNUxAHreG4+/zfSA=
3Ur6oKIPHWPcaT2lS0Zy80jFWxsBXszbWBFxgg/YwTu6mmSGD6Qmqs4KY6ymYDZaDeVLAH0+xN367jQeKxoUTFQURSM3Dz1JDg/MgNBPr6BIEnq6PHuvuODRu/ZTxqtb47yEcAUw9LgTK8ga0H6iszZ69aKXQmCQ/UcKfUNga/KN7rCQJm4cMlzx33qHfZ87V0+ZDSYJmJelq7h5Z9H/DfDa7+jRqOvdVEqmO8vnLS2146UpNON3EU6xC8Ft/7rXXVYzRjWIoy/PyjH+ih7V39Jj/WRZZrL3agTjOyjgC/yWWWI9oWOmY6824BfIrI3Aqk0EDGxjOKTYhJZHNZQUjLmEn7cahj8k5ewupIrkJ8BkAgUP7e6Q0NYZPRcTjiLWw/6t29KOl1hC2v+ex/gIbIBKL0LDKvwdmWZm83L5+nBfS8iQJUUw3Wkzl2ZmDzbtyLwd7AOOJBE0foKPLhI3DQYDrddAzSh2Q+kqHfGOtDm1QYwizKzwXbCoce2la2qkRCpYPwHt5OXQmjK4zkZ6DuCWWDqOuX80bw64hQOV7SHpU/rhbEQ8jY4Ocpakk0MfO0AQnZp2mGgKwo6C03laQoq/fEcgcNDcl0Bs/a2TUzhx1kVlBKq1abPsug5R/P5JPACCYfacEbe/Dc2HHOq/WN3oIn39rz1yM+3xt83Eb/g=
3Ur6oKIPHWPcaT2lS0Zy80jFWxsBXszbWBFxgg/YwTtCYhuQO4Oq+4pzfqkaeytJo9yGsvXnS2XZClFcSQUUdm4+moimW7i2fFkJ2nUBLV8fiXSPa45eeuKV5JBSmSv6aj2E5fStLivQ98tgoxZ3vgmN4sGPHLRujdsdi+9O0mg=
3Ur6oKIPHWPcaT2lS0Zy80jFWxsBXszbWBFxgg/YwTvosm//a+jJ0m6+MYoY6fB+vkY2qjuR8pELc5m4AavpErkbZuojcm6Nuh2mzNktntiFZLSnbNvsq6z1ViEA2vt2bsebWrtWZAkF8X/iKo+ZkwBItjXRCCrT4O3ZELSrpiY=
3Ur6oKIPHWPcaT2lS0Zy86r95uYmBrTd6NgKlCwBwbIbyE8Tyn2AhR/fEDORxMEOrduojqwegoYoRfnK0gnF+6n2n/POOFDM/FxLEiDEEoo4AH2y7d2KixNbrG/zNgl3G3Q4f5ESqGkPplElClNVv7PYyyvRLLiJapyT+jRYT6A=
3Ur6oKIPHWPcaT2lS0Zy8424Qn87EuRAqH0tScGWV4L2i2si1v+HulZPUcP91wFQ3mLSamWsAmuw5CoU4XU3HVXNi2cfIMTiNe3NvJFga/dD4vpjyNf2E7qca1v0RzP1zLjYTIaCk8fImCTcDgq1aHyZtUEYihgrR6wsNz8yMGQ=
3Ur6oKIPHWPcaT2lS0Zy8424Qn87EuRAqH0tScGWV4KsBoahtZEgeQJ34up/P2CYxRGEEK63UbF0SZhN+z6crwTBlshK3sFtvAM6XoHgg9SGiCpt8+ryF3u8mRjYEVPGsKiWhJifOhrHmCj9Yw2gBwDYw+LdfDKhyjnbiKDLx4Owpyl+NhzJlEza2XcUBvhrlZh33Dzddf8TYmNOmDbgsGQ1VqA9WldCwJZTowcxWX0/o6TPvZmrGT0ZD5NV6GXTVRJkFIofy6TvuBMFcK4idhiMwLWj0GSoz/9/E5aHkboPvtXAw2xvVRKSWp1Ae+jTRc894s+ZwE1XBBjzV+4FURL1k9oO5460IdOr079uGWQEmCkjTEhDsbiKFhTO0q0r+sfHC9VX+9cDxkddntkYXSTU+pBRawD0lyNAstsQp4gprRsq5D48AJm/eu5D8E6272c2N/C7OnL+34kz2iWRaG8p/BgIhg8FZH30B94RCoCZyEIwmdMzz4juDfPP29wjw9/Cq+zRcTq2r8yUHgkygEvSZk0hO71mppNizrv9Np2qso5SaAAjLQtj8dd4X2VCQuTteKrXN2Ht+EZpcIMG6strb0Y9yuwbJHI4JAEdFBklvjlIoOxD5OdOb+kwpi34KIOBWnjX9/TzjVyI3MdfnQ==
3Ur6oKIPHWPcaT2lS0Zy8424Qn87EuRAqH0tScGWV4KJUokqGyYF3lf72XkpEgOiYGuYnsp+coPFQOuKTkBXgAgjiE3K42Bhz2vewNft/0Sxb1sNAthZIwLEnbKELpi0vtAE4E/sgIxuLbCJGDF8IQvc7DsLf5JPqLarq0TCH+A=
3Ur6oKIPHWPcaT2lS0Zy8/8iNGQb0FvmXXXgGNhuJUTAQCDryqjmtQdUi4gQccT/Zzsos4OHQOVPR6E1qm4aDCy0dkPsHTKW1r4i6Gi6YeixgGKStcp4T0KpaiPLjGLcHRAwhJ3M0K2FnBNBcnibol72+nZU08vVOV55ejoVzbI=
3Ur6oKIPHWPcaT2lS0Zy81JJSVoq8NuSpWgiKPCG9ftsXGqhScQTQshMG0ewHG+kZNt5/GeiMnmcgAeQhm4XCaU8if84x2M7oOP5oWa5HzoTX4AaL39ANqKR7tRQ2U7EJwRGoeI08UgV8WOQl5q9IogBkBAtG+k+4PO2NPD5i1A=
3Ur6oKIPHWPcaT2lS0Zy81JJSVoq8NuSpWgiKPCG9fsesPseZ3yL2Ehz8LPXCni3bV/mC9OqSevmO609K8s8qtauJnkVtN8HRncs1nlybNX22LsGMiODb6COpm5sHxjy
3Ur6oKIPHWPcaT2lS0Zy81JJSVoq8NuSpWgiKPCG9fvZprVKwNmX251Uon1zvX2oCYOxRsf5YgZLCfnMG5Rp8E04DM/SE6QCIF7oDH7415QhHPay/JN4sCDU8soGR2QgZWy7cVxBRTFvx3kFy6WcAJvbpFyhYCdxTshZNvod8s8=
3Ur6oKIPHWPcaT2lS0Zy81JJSVoq8NuSpWgiKPCG9ftOjn/E8PmaDTVO80965FBpdd5WYNf6/lbnDwobX2onyvqOxgiZxd1A/JThWgRbnDj1Ab3Fa6OxJH0aQN6UKK75hcmBQR44vxsTM6bhHS66HzYRXmMgF9ZmLDfY6cIhuQW8RNl6/8ZzZm35eO3IjgwYJn1QMEkr99cQw3DGPb1yiKH5fg6321XNNzUZo7xqdQZKnVAxys2xNUtiEJhxiG8aq9LEyUljNZjBj/RaW24fZw/FJyNL023pKe9XbBp6KSTSmo/ovtEcwpz9j9lHoye1+vtzgVBYZc5d97XEBdWWIDHwvXsCImjZwjS43iXKq+4cu+gHS9Tk0ZoDnxSrQXXl6PKPZYAiloOZsurPOdnz60IZ/JLrSdbFRdShpwHyl9mdeuYYO2Cdzhfp3G+bF94ZDfks4dKc6qbdDYBhkxpMY+e8t+80YR5FXIDlzPLz6cZ1dqMA6Cet0iiEbfMciIVHOaT2fUIDE6RZL2vhDzVIl0tbQX3YQxw9fF2uprCmUEM1mjbQqq+NMZnLpy2EiUgVm/aqDA2Gio16ATWOFZNadqxyZYiqkKLYKtErFb16Gvpb83SpuAbBzpWXdd1W/Kbc2bE/KxjDChZcb/JuEDs+OQ==
3Ur6oKIPHWPcaT2lS0Zy82WY81HT51D/VxgCWrUhec+/Burt8BD1r2xHBq9MQI4JqKL9GYpeyKOvTqDyBYHzDYTKvsVdQ5Jfdh23fPjdYBJnCd7yU6Cl2ow0Awoh95ZchM7XyelfCMgfDFeAHQd34fjpLm9+96VQ4AXFWF2ywbI=
3Ur6oKIPHWPcaT2lS0Zy82WY81HT51D/VxgCWrUhec+5ClqHvb5B7RTa5YziSSME7ATEza4903kfUB4BSefKJ4PAo3UVUx4bm10Rif2HIXEpNU549YCTUS8/aGA7IzkXYVmJgvTXI1JJcsh6w5eDugPFTcw2SI9ga/G8v07mQ1Q=
3Ur6oKIPHWPcaT2lS0Zy8z/RVF5UoFZJxk7bKJQjVG7vSm5bllMq9fBr2AU9oBcML4RThekwSuJrxkDk+Q0vhFaTuj457yilUnO1XDl2B2k9QrswyXgGIijdSWSUW6AZkoaT4XPI21GIKqjcfZo9x1kAHhFWDrd4ZNOo41x1Qzc=
3Ur6oKIPHWPcaT2lS0Zy8z/RVF5UoFZJxk7bKJQjVG79VdVlFF+/4n/cudWcEqDFI03CBQXjUcyTJs/R4Uq2gQDYr9nga9DzUNqDpqRa+9UJLwFIiJFN+/i7wwBPy/fKT5rpUIamqdPKb+KIWSyH36+tnEoct8FMK8Cqs3wBhKbYDtydGnkAFppbWcJAKWBr6sFsJUoLWk8fv8rcG64LA5T7104NXIBfGx+bUAcKmj+wOP7evGQBoG6h65yfz+8Gmiwyw0mfNSsxei4Yi18OQ4bub0BhM5x0Lrh/jx37rvD7lu5Ge+vJ40AsxBlGwEc4NELN+lNugqYcyH9p2aqVEQiIVRMTG+WoUwjHfm3OZNSt1kvSkiTK4lrA5UFV9gc8YsdsJ00ne8F96VxyrJDaecD1SPZ6A31VKNRYX0gCt7Lt/J+7uJsNMhB2pn/naCuzBVL0n5uTNOmwPRAcwyb5b/F3fhhlsqsFW8DiyMwn7cBgPngniKvQRl9P5nJpCmJVo4rpEOQzm0wYnOJZB06eLlqlSrGaiWXvAK7y3bYQno7Z6rQEB3sAw28V+ly562P/Z3GQXTd5tmQ3azwdozUsfW3jQbGRLJpE0+tVQ9Byx5HAuPrTdn0gHmaAqOzohx56kmghCCiZh3kUjHE/LAd0b8On5EDdAL6ioHYImdOh4IY=
3Ur6oKIPHWPcaT2lS0Zy8z/RVF5UoFZJxk7bKJQjVG7ibDKwQm48IWqnYUZkltG3n7pBV2hAPKy81WY2fyUInYUsIN4Jt+mcxHAFDbl2QYH79hd2JTolhUX2Jwq0ySAvEX0+KaA5JkO0I42EHjmT8j0xEjUcjEeM/YwP2OM3tIc=
3Ur6oKIPHWPcaT2lS0Zy8z/RVF5UoFZJxk7bKJQjVG5xV/25K3P/t7yHvaQYceDIVYneI7dXq4CiwqGk7vFTYp0oCf6aprAr/d1Bih9Ff2MeVkPsstS/dzL8/BbJYv0E4PpPH8OXWqp6K4PSIyBDX5a/eHivOG3JrR/19EOnsH8=
3Ur6oKIPHWPcaT2lS0Zy84DnEJPasp3bwLdGZOYKZz2zAZFxbq4kQq5cEAYNQ7iyBOetffAMIVe/yEqc1BIsD3Ky1JFgdFW27lHcVpmUPyjDUswdubVMvkuHiLvFvKut82EVZeSLVROHZQqF/AVG9Sf3zQ6xaqUGb+Ad63psCeY=
3Ur6oKIPHWPcaT2lS0Zy84DnEJPasp3bwLdGZOYKZz3v5Ox/K5MhJI4VV1PKUy0XhtvaLGe6uvUKpH+UDc/UHx03Xd9cU43tJ3kxrWCEeTqKBBnVL7OSndinZspZ21yXSB7/ZgDmdZBOTKaA6y1j70bbUHTZ6GKeraFZPfsXvRU=
3Ur6oKIPHWPcaT2lS0Zy8xbT3fWncW00cY8BGgVkxjUwrI66pV9ZIu0MVC/iK78382vn4C1nj/LbycOzgAEOfoUkpNWvzQ4pkcMLvJC9fkihq4nbXisBmVuVL4H+9q6t+hpnJbXl2dBQkUBA1PP73XioMNrMCrUdP2up0IiHT6U=
3Ur6oKIPHWPcaT2lS0Zy8xbT3fWncW00cY8BGgVkxjU/cZXj9XL1N+F/ZjjjnVatPvOtGD6V/eHElM32rTBcSDpEgQ2y9jGU+RO+dUVcIxyijBv7Aq+UgN68Y0Un2qivTrqPdGIozaHvjEfuoK0hHs3aL2z+b4Q/Z4mMCfgfWqI=
3Ur6oKIPHWPcaT2lS0Zy8028YKt5u1adAAQQ44FEnxjIM58pVqm3EwJKcTSdLVjfyQbdZktFuftIoqUnq50EC2XlrxD0J1NKzOs4eKHqoWXbn/Qb34/WmK+Sg5z+4OLWFq45D7ZlEu4KCEB2uM78gEcIJyMEO+uIt39aI1KTbNs=
3Ur6oKIPHWPcaT2lS0Zy85t6rpH2cAnkR+d/iEXEm8eoajzk5bx410+a3/Kcsw615IlzdefgNDu2aS4tOcrm4aiT9mKC4xpTxH9rfyGRK646Ql1d3Uhp7E8XhQDNtNpNCugwDmWblImViKy+vjo3Od45qwfP/vCo5XS48BWlju0=
3Ur6oKIPHWPcaT2lS0Zy85t6rpH2cAnkR+d/iEXEm8c+vu1NAl0/hJQi+QG6IsRC/6yuk0tG7hXTxD4CiRprcxyqxmVrcWclwTOYzC+wotngZdTvEoKv+8JZXncnHZ1GYd5BKxUYZ2zxkurp2VsI/2xRd8uynCjtJw2C3D18IGSNt619/yPOBOHImwvu+cvP6D3TLdwzSKGquvX/l+8nFNb9gTxtuEYmBXVAewA8IXMe3m8pC+fwmN1bH4RRmaj+dk+SIIuKAB5k/iN1+JRYzzJHMbL3SWBqcKK00FQlnf5zlWv6e3YDFEoDxcFZO7RVcB3MB6O9ODh5l+aSdaLcqV1OHFFxfpIICNi8v8njklpDTcXPXxgPxH+B3esVQbpYSTmJQu0dgL+eXHmTkvtnXKh1w9zpfK6PYF0HDFlA/u3o86QfMtV17/KzxXd5Htc0MMLlyWoj0huvAbhUNd0phTZYAJ7SdPFACrJENMc+g3FBiWj8ODIYtE3FIvqzTXQ4I3Ie+sGH3phRQU60amUbrsDu+u3U9QdTjFuBWphPXL0Zga4PBlh2el1eag5ENzXb+UbUVGlnjhaTOB1PaVJBqoIR/i7YV5uco//29FGQFqWK+/keu1YEQPgkM6iZYa1yw9b5ZN/hYi6LCwJm6xYhOA==
3Ur6oKIPHWPcaT2lS0Zy85t6rpH2cAnkR+d/iEXEm8cchCi+5f2+orIx0IACUbFKGkY+/evvULzaWwZLIediU00JIKKUmZDFCD3SVl6ZIuH8Rej8RvJwVABZuXM2WKyZxPqBAM7BE+5YOJ9ysfl8u4h8jmFD77eSdZZvdBGAQGo=
3Ur6oKIPHWPcaT2lS0Zy88/2ImstiXjDbCJAGz4Ad8MO4Uoe9R8WMl76Wpe3fXtL1cW95ZSdpzj6UEy19pUTxVI3K1pex+7lsGq8gA6B+WZxMvXeC5FLYzgGiJyawN8nku76ZNAYKvpSmXV8iCfpbkcRMaT+PsCp7pROI7KmPpQ=
3Ur6oKIPHWPcaT2lS0Zy84zuiqbhUqlMY4VZVVAmos+GH1e0Ldu5pcRK2ZDP+dfo6IHsJ5KYU4Xoqm+lxqi+2Jz5/AKolRj2g+3R63HttoKrgv1o3v/1LxoBfrHhbPUOnVcSgcQEViIxLweJNtg+spG8ehvOxT4JI6zO2uu2ozA=
3Ur6oKIPHWPcaT2lS0Zy84zuiqbhUqlMY4VZVVAmos+u1duageQTLd31EmVP6tsk7u3Sjk37VHZeFeps/g5UH0xjt+RirwkO6j5Fl2GrOG0IOA/OVHaiiEjbaST+T2iWFrEWAkBWSTLpVMfjEFCYiRyx7q95+pCEJM47LYh6QYIRFHWVKb5XGKGvyZFocFpONoDkK9LRNo3s2T6wF/8tk+TBTX+efZsUqPgWqNJ3DqE+bsOCR9a6nWENHFywNee3iQ3Z+nUhl8iOKHFzUvw6FOQLR2PtKeaOCGrAdKA1gHixH3zlh97RBn1sLuaNQTiPItJzVcTQrATgNTP6S2gZ/SKxKpwnAGT5CdysTop4HE5KKpRF8E14T5gKWv7NZPh34cjpCLjBMmvqTAYvyKhD51d+TEiQfeLG0bLtML/oQc7qBBLCk6RuGm6PemtICxJhHQRzy1RG5mIFkLdcj9Xu9ekqk98TluKC9cvBSsY7YACztOCwsBcXEnjwtrEf2I1ZT97dzE38AQxvCyIuJq2/qcnzU2rKhfM8OJ1pxXNx4MvwWL1AjwewZp10Qei/wJ4E9S1qYuBOxFSSolw6McKbADqohmCLUMwl0EmuWvB2TCQ7JrDoUqzY9UdD+WYia9HY7WP1m8iTtzZlPitM8HMUVQqTmfkltqhHCsCUc4EgSEg=
3Ur6oKIPHWPcaT2lS0Zy84zuiqbhUqlMY4VZVVAmos8ogP+O/F3jf52R3G1ZS7Px0WAwbqAwuRmcJ7R1khTh8M8s7gIFVyj14TxcGgEIC8s4+FgMfsoGd3F5j8LVev0e1n3gFhIRRU/JOzkhgmV094tLm0Z8M9SEAvt77gHLAPM=
3Ur6oKIPHWPcaT2lS0Zy84zuiqbhUqlMY4VZVVAmos+dFKR1UVI4P5xMu5M1glCmKuW1xbNFagBOoY75qyn018wcs3ctvjC3smA75U3AlLGcodR5jLRzSxh9TFKuK6pG1sOc01q2sEn34d3q6XuDUV1WBj1uRjg/xG/fRMWbNqA=
3Ur6oKIPHWPcaT2lS0Zy8+iWjl47Rl/caakJrJ7TubD/YxSqUSFy2h+UBy1yJLmMZIdl6P+5lNIHvkMV/ueheZV0J6YGynroT8ojVJsft5zn4uTXDTb4e6aL9h3PWAsOhsE8+xWAK1dks+KDL1SgqspjqEtyuH+x0A8Kmzp1ocg=
3Ur6oKIPHWPcaT2lS0Zy87AeoHQBJlJAlvvM0uHamX7YrXtyzLGdX8shR39cyM/cHhwDF1z/JqHbHLn+wcxa9b0mghl3zFZ31uhK5dvlkUzHR7AdnFSQPK59xewiGFkvrfW7kGzVVhntZvak/MVbAv04Kklubzxsm8yXMarm8r4=
3Ur6oKIPHWPcaT2lS0Zy830rK4JTFxBhCrRdXcC8cV/YY2weoCFBZt9rtF+7njTUiHZ9tcV8cllnIOJwZ5mBczDHG82x+a3FDQO9CsJsfv71DivPdG4VOAzc3L+uVXdjLsUKeT6UCHThDUZs1lwWlMWI6SVqE1br/5CFmCbX8u8=
3Ur6oKIPHWPcaT2lS0Zy81i6LRHg0IbNPsaV/g+zvTeye9zjv9M1Zkid3k335UMNJbLSNJV2c7TEk5wFDoQAoM+4iekIjK6j0sva0LZulZ4VTsp+iPGG7BrzBzvnPvYT9obMXf3KSPo9zN4Cn3/SODc6xEngT/r2/zFm1TffPlw=
3Ur6oKIPHWPcaT2lS0Zy81i6LRHg0IbNPsaV/g+zvTe4Ow0Jto/LcbmetCsBvw3xbwDPG4zMEaA/fNjudhs8qpoUcR/bV/6zh7rsO3xGcOglvocrQEcS+M212/eIQHbc9HhIe/Gr+DJFk49cSlgZFkXkg52g88bWPZGlDYs60hw=
3Ur6oKIPHWPcaT2lS0Zy80TRA+PQdO7T4EK4/xNMj3cJuohwWAwHdwQhEYkN8vcOB9yLG02YM6ccchKUT7wXEMA81vIiC1RLChNGj4QJXDBogpVBwFGDQeofgq4dps5ahHR5OzL9J/qVsoX2qtMUeHSjG5CD81LApkmJsQb2wx4=
3Ur6oKIPHWPcaT2lS0Zy80TRA+PQdO7T4EK4/xNMj3dVBWQ8JYQugK61g/In6ptpcARARTp8TqhnPq9mRK4td7R+crYKVXK3+JA6+s3aKmp9TEpQF3i7tKa0avv28xXD40CBHSaUELKobkjmcTept1pnyLCKGWSJ+4zoY5+la+A=
3Ur6oKIPHWPcaT2lS0Zy8w6ztAI9FTi95WCrjB+udzjLpZhknFSwj/n8RnpLr7hjVDIqJzPRezl12vamTOqocqkux8rcRVWf4TjMdC54kqGBkeyPgKwvFtwjGFZCPgKR7BvJ0/Jh+OVvnnTJa7ypIj8E1MVnxGkQeh9rs03SisY=
3Ur6oKIPHWPcaT2lS0Zy89BcTRtEM5COkTF7fo2HY112Z3dj61llz+kiG7aqzjqqI1SMQ6sDsDRv9EK60me0rZBPE+O8J0yPlGK7gK4DUHELuqSZkautX4o7SMf7nVeuoK8XI9YL7VGB6JiCOYdA6JTbugkmbgyLvuaNXNqYReg=
3Ur6oKIPHWPcaT2lS0Zy89BcTRtEM5COkTF7fo2HY11Cka/6iTblKdHV7rEmxcTiOtLfknfaloCPSRXYHsWYpw+dEzeeFv8hPhfuQbI9U/M+iAvlycl42Ptg7tYB2apyj/G6DlyD5BdmQgDFHZQndI12FRJT23HXjNCMw8aNKYo=
3Ur6oKIPHWPcaT2lS0Zy87s48D19FmGhGbQX1qy2m1t2hErdmmtb1g3j1UqLs6h/iCFAXeoZLWdM58/IF2sWRM0fWE1Hi9DfKPM8ccsa4bozIkz47zt6xFQgVrTJYRUxpvbO+kjxB6iWozXhRYSwqgDJnVmZFzftMFSvf4n+T4o=
3Ur6oKIPHWPcaT2lS0Zy87s48D19FmGhGbQX1qy2m1tNBAt3xyYA8qBYbJGKZO5j8wQY8fBE4gVK66SDa443tichehpzJRcS9lwj2u8tvg4Zw/Vx/QO9IhxekhSGG3vUEtfucelyoJUWHecvJF3shHnIPmbeguBq/DgTqirwLCc=
3Ur6oKIPHWPcaT2lS0Zy87s48D19FmGhGbQX1qy2m1udqfOmmUDfWD3V++RxDkukva7TZgxsaRGiA81aspp8nOchfsVJjwSzgffaxtTzxjOqr50Rp3pb9PqYXbtosxfZGwCnCdKGVsu9IIZ0N0z7DaETJXpIEMu4HxZoe+Fzse+y2gy3Etg+673OVGqct/0a++PTFw0nzCOUhC06O9dITvtIGAxW7swib0RRhdA2uOXluMPW0U5iElkEdKnZEFOqgpmXnL2KWdsLfcfRU+zw2i4HyggRL40YEz8cCBdULz9/cRN8STYA2+OCAYhEocaIg8M243TMMEQ96x16BhvA+bpIrWZx3g1vumUoO+bUeJCYfJ8f+zlO/XrAnn91vblbd2vKKQpalbPzxRDZY8HRxVL8nKAB4nefQs1Qyf5hdiwLAffVmDCjkWYFNOg23lBMBHtvtA5puHhsS6jfcA9LNgTGG7ppUidpWRsfm0X9DZbKKqFLRlshZp6Z5zPd1QppBSqT/6VH6ZfbFl/1wHxA9TysiuXtXjXwGP+4/BJ5o4WgOHt5z2n/k4kZ2fiEH/ps3O+ncnkIRWDw1nYt84m0dn6/wyLMAHrWfKMfpEcykn7+DCb12LTjzX4B7sWmDUy35avYTrjQ+b145vf8n+dFwA==
3Ur6oKIPHWPcaT2lS0Zy8+ZSx7en0cf4tK2BNmC7dRjvJm/gx+X8lgIPO6Qsj5caOZ87kP2xBJtK3Wq6srH0z6opgNadlpH/XVzOtATYsCwtJoSm2thY7xcA8Q0AqNAU8sfUu29dBCvtPq7QEI8Ka8udy1ocGYx+qV9aRh9Su0Y=
3Ur6oKIPHWPcaT2lS0Zy8x/XPGsE+cvnPojnKO382v8ZnQVcDlG8BbgP16j63+URG8shtt44BwnT3cDX2Cc2w1ntz01uThvWUz2m0jv42ryqoUdmahOkp4kdch1qbsCHjYB3IUnQLmx6LSCzUmb4L4I+E6QY0vDiXr0HF/jwW9o=
3Ur6oKIPHWPcaT2lS0Zy81oSXU80dHWFoiw2RWFVnLl3FzIZL99RDv1NjtOJAU86N4p5g2YYKZELew2cfMaY/OfngAPOfl7dynfqqdRxRadv0Lii6rQ6fG97hBcGT2K9GDMaGL5Jpk4j7MAmxnq5ySk+3hhRsol/FvFdliWrwXY=
3Ur6oKIPHWPcaT2lS0Zy81oSXU80dHWFoiw2RWFVnLlJaLanY829wbn9ZF4QLSKXv/4RD8GaNmSjO3r1KC63RMfVyz5+ff9qMwOzirbxJW/i9eO39KefZC8jF6/4By8bY09b8fLmKf7hy3y2b+DZ2sd3XlfsB+K1bx2DSXPnJlWRdH89LxuJza03ikMzaqeymMryu/Ix+KTN/4wvhZJLqByOaCDNFWQOKyjLXH8oS+NMNH9Iw+DfdbNpp9UHSrqosTzY9jIvvBxTRUavENXw4wkYqD0Igqt2A6rL0O6JvInAH3vxLCzHJJ6Y+jOpxz5mYWLkdxotbJxoa4fmImO7e158pplEVG+Z68wUtSYdwYY+yRHg85ZW+dxNlb1frcO+OPqQ3ZEK3/leOpXYas7dJvKemYjfrOclE83QaQc3DTw62u+U+pVDgufcyAOc5YoNaoSyY+OFIrprB4Oz0WxB8tcQTWwt79TV5G/bi44nI/trIl8ho2gGLgRmOph377i+usUGBge2RIX4bTC5HrpZA6mB6AJDn8VEQcA/+ealKSnC2y/zeRwKSjr1BnZtLpxbyBWwxp+LqB2oN+5puniRbZqhuJc7SSW/A6UnTR/GWL6y4+lcqqupcEBmotw/5+6KH63ufkzPRmQ5cjXxdMRENqASX1Pu5fFdM+nkOh7bAOA=
3Ur6oKIPHWPcaT2lS0Zy8z3lBar7Q9vREudLE/gmdYHmX6Z1Tpwc7cXxa0R3XlsRYzy7UnazR/fspi1efuAVdM+tSZngTEeHwknOLOGJZ5n29Ln8uKYsRwyV9J0m2zYyWXyq3MUQm7pqM6ZVNYiF0EgGhyMFB+IXTAcGPExrFG4=
3Ur6oKIPHWPcaT2lS0Zy8z3lBar7Q9vREudLE/gmdYE2+fSfFvHvz+Emxa0e+Har9uuOV7lTzXt1ZSYrFrTCRpGxG/V7bfoneadDB9joU/9ix/fYXN+bgZGXPBOwv8bYQdXy27Mf54PYGHxLr8wkz/9pjzngWd46touQPv+n2QI=
3Ur6oKIPHWPcaT2lS0Zy87DnBt42phNfD9UzgPCyC/IemsV8WPBA8JvG/+6pvZNffiC1SnfWjgZ8UlifsTVOw2OGRVCS75VuITGW3Xr87r5zD6rvj4jm0VeQ+bUHySPLxx7gETLRIwnkikQ2JMXO5pHqh114w9Dby9VWI5SOs3k=
3Ur6oKIPHWPcaT2lS0Zy87DnBt42phNfD9UzgPCyC/JSxxj3seFNPvACJpqfJCTTVC3Mi5tMFCRqnsCFVHp/lJon/HYFZYvw/93M/QIdEEBkVAQ7rfoYA7nmGIunvPUpsTU2/NIcxremclWTCDTT2lauU6PQ8qE/GPnF/Rd+j7ERdMXB/nJ5aHi6Hix8qSkK9aawxFRlW0loOOnSi/dvaMjWhY4ROPp3wyLaGhhTh5W56vGXtN3pGtbl1451sPD5hcMc/jM+pR7DVlgq5+VOWe09qERO3wCWa57DqN3VjuzVIeiynPGMPj6dWObC9fNcWnTtlJ050sb30OKPGkA10bNeI0S7xOfsOP36xJ7Kfl1mgBoQvn+n1//Jjzjy95M+oCEWLmqWweHoOL2mYDXt588eA71ddR/7mAb8v2/0u8PzlgLlf5wnTvQhyoIkcFcAS0FSZCSjCmP/ZSBDdTLEq8RvOSDdsI9Oy6GFG0vL5JyecFPnJtd6b4DglpTWzxpwOiKSsHd8L9pXkkVt6kagYVVbprPKJusVB6WdbJpHl3sVMY6STnHlrHR4Ff1x3drLLCrmPzGaAkRlH8wiGKfzzIK0YByYN955B/SO+5Oj2mHmPfYBACV7GR1gCoDmn7sL8gRKGhYMmCxmSxBUxS+brw==
3Ur6oKIPHWPcaT2lS0Zy87DnBt42phNfD9UzgPCyC/IwtdtonQ2z/IGbx8qXq3oPzKAx3sWcsYafYWv3vvLhB0rpmcppubFzKzVgF0PudKIWsamqWLAFGzfS6d8V1bcM5LJ1D0XMrw0fi3cbdxqroJDOVD3wIlQL6iSDhLBnbnI=
3Ur6oKIPHWPcaT2lS0Zy82Pzd7ax4XJZ2CjrxNnmfxpC9H+RWzBrfy771jbujcJljvr9pxUodB5mH73NOcgSmdKRjm8LsITdq6Qdsj1vjdZGQUE14VyXuPIpyabnso/8rKNwIzYxeNthtpiYwo5WkY2vyk+O0q1BMB+hfem3Z7E=
3Ur6oKIPHWPcaT2lS0Zy8yQSSvE1RrY2KHTmWfVcM/Amp/qkw+GYbwN1N0yieCRiQFcSgQ2+R2XfXWNB/QGATW1SZL+7fTw+9ZQeUlB7g0LvkKr5ZEUtrHIFtSjrn/F+NF2a3Xv0SVIyR+gjb8+ofkyv3dyHdNSnTEwgLFlTOH4=
3Ur6oKIPHWPcaT2lS0Zy8yQSSvE1RrY2KHTmWfVcM/BvrtxtH1W0DEojgu7AmGp54DFzG46iDynlaHQzhyj4y361Kj/BcO/Iv8l2rj8fnAN5XaL5cmjLQ/iHglNvkf929EYwiA032v7BCO0KKJ+md7uZrIqcy8DdWUAfnNPOf+L7oCfaPjMOWRdu5kkgEEcj+vyxXBqa04jeRDhGmNIXyE/XzIoKsJDq8amtOBmPAcw4KY8XdxYx/dEyTKyaBUTcxFdN2W/BZ9s+XoofF3SyFeBUpYdhXZKQP1GdycwmyDjP320E0VQto/tN8JvVa1degC/iAtO2vfIbQYMTj1EL0wMVkxTQgLiVGnKsl+8FbEWoE5pYi+9975X+oOodpchb44iTC7TVANKkNskaGiLGK5JlPXjpif6MjHcfsthXFWf3Xk7FNS0PAb9RkndoCsDHVyMqUl/Z0EGd8+qXP4GSXLRzqhaClZFKH/NqaIieShqWdiBDdujmpI1OEpWZ/tcOazNpNfH+RPWYFxZAmBdffn/p76YRXlk6pKO503UBPZaTLHFwIYhqM6LzKqIgKPTWpHwW8yZ2ywLux2Tch/4r2tOOndBV4t0Voh/eyEdpvnIrvD+bS3hIvCD3337Tl0Q9YVYPClLtccwzPqD/rLZ6T8s1EW1lTYcLjr+s4Znrcs8=
3Ur6oKIPHWPcaT2lS0Zy8yQSSvE1RrY2KHTmWfVcM/DwOi6eq0eu8XWh+1dkb1fJXeyktXgjagHxnS/aXAI6BZcFsCwEE8NaYALkZJ2X+3EGY0C4KukJGGlq4FtflAo6BzL9A2rt7G9mniIj3JYXs+ZFmuwhRUMsRBOx171Gg6c=
3Ur6oKIPHWPcaT2lS0Zy89UGS3bd8xi2i72TyHwwuBOr75+jGagNKQO3WWng2nDeIarN8DhlN93cWjeT4ko7aRFHSzn53O9NFx8Gs0aJnHaMfm1zjh0uGgVpgEDEikh/gLYiIxAtig+7/b97U+tb02bE+dHBAi9EAiBe2f7AdgY=
3Ur6oKIPHWPcaT2lS0Zy8117q44vUazd7F+PwMIAIcQ6NQUW4RbhMOsBxPuBZgFqqoJKzxMU6hEXJqg0xnGSHHgJp4ZPueF7aON3ac0tY49PQp7wEqTo7nQ0YhSay8WQddO7ix/QJhoPQ2MaP3pmXVLKup143bqeZKVziHzTv5U=
3Ur6oKIPHWPcaT2lS0Zy8117q44vUazd7F+PwMIAIcQ9oRRp8aKCFfINLbQBFcGSxP1z0cHV51juubCcHT8W/2rlfpf+cHBSQ48BYiUCQsdFEt0cG78ozmiRgi/KllUk5pRt1UtmZOURqSiN1QVmP6+Hd1Fs9JCJ4bkGrLihgg8=
3Ur6oKIPHWPcaT2lS0Zy8wPIsz7Qz54OrsgB4cqQ6OVeRkDSP/fR9t3wXdH4Cq48tWiZwPHF0u2BNB7OR0hhZax5vGY/tOXMmvtojqb52lCqy7phpr03C2/D8CW7yt9O/50CQHB7UI8Skglvv9vNmDtOT84fEUss/tRBvCf5Xag=
3Ur6oKIPHWPcaT2lS0Zy8wPIsz7Qz54OrsgB4cqQ6OV2m+Gj2TM3FIdfA6diyhlW7q7K7Wu/CxF5Gk2hiBXCBzrTloNUp1zZOC4qtaG7Cuzn2OhXoro+F+NTvmjcivDfAyzdivTuaKC6cTDmJiIKtvryK9K1OFfg+sYcqTk2luI=
3Ur6oKIPHWPcaT2lS0Zy8wPIsz7Qz54OrsgB4cqQ6OWZ2OADWvKuzB6VzA6UMh2t81KjSCy2WKm1xz8cg07UOS5dG+aR4ynH72Nhi0ct0AVUUk5KOvbIgsbWQDPIJHo+7zFdzejm+DNeu5qkwjSJ1dm5I9vOws6MmXTqfga6fo8=
3Ur6oKIPHWPcaT2lS0Zy8w0OvC5pg6jtwBPXcuh50clLrn4mvFGtmBl3IuA/1ybALYTm27IPoq+YpyfhhUWiwe1JmrvOKEqPfw2qzLhy+ydw8B/My5OORlemKai/7FRKoqWXXCAhw/dYNF2IVTd2BS68SbbtFLEskRxyNeI4ams=
3Ur6oKIPHWPcaT2lS0Zy8/DjYNwZxTR2Y/rokvSJLJo0hqp5gml6Y3DECflEWwPuZ6ddPM/tvMIQ/DB/DulxaJttn5TPeIRPiHb+yBsvUPfT6EC4/XBbh6USeOrDU9fuLPt7vMhm5qBzORnuwTaq7rHLbodZldE2HCznoiMtcEM=
3Ur6oKIPHWPcaT2lS0Zy8/DjYNwZxTR2Y/rokvSJLJprSrvZiSB6NzfdHTbqjO5dc2HnON4nhrUraAgev9iTJ2ORvHvwelAQxxHLiZzMXmUmOv6b2bi5D55tUplvOZDGk4OJfM2ZcT0ZwchRDZ5h7T2UbzrHbRYLUw8b+64QKPo=
3Ur6oKIPHWPcaT2lS0Zy8ypY/vfDgFvLLs2O1j3kqknrF1KeDxSefOJI/5nv5MxBJmvKD/dT7HOi0U1MOiKenXoyQgQBtjBQXUw0EDZ5Qgqhzf32TRzvEO35KGslbqShXkFPfBvD7X95D9H1BhL8sI7TdBnycTJi+gdpnfKe5WU=
3Ur6oKIPHWPcaT2lS0Zy85+FqPMPWJbOxNDOYVIJbvAu88IpnigDrR6mhBjUH6f/5EzDEb72LYYNO2bX2CMYZuXbQgKCsDaMNt2zOrzpckNaVDBUl0FWO34tCcUUJ1JhJ3wyj1jKVCQovQU69AwHFxkFBiWBk/ESmLdbU/Hjmyc=
3Ur6oKIPHWPcaT2lS0Zy87KBaU8Ijok3RPQZWvA/Sey43VPyA7BQDcaB00H9hdoTKueCNOddMTDIXitdLLX2fZwGJtgRJeHSciMEoTpmYV0mJmq7WtjV4oNfrlFgPVn3eUcPyVPzMzt1WCRJhHNRn04Bol9Zk227A1eVyBRGODk=
3Ur6oKIPHWPcaT2lS0Zy87KBaU8Ijok3RPQZWvA/SewzJWNNFOofCZnaZwiDvNb0I7xwG6x7GAvSika7Q3YTYvziLDX15LDRwLJORXwE/AS/b79XaK8Vzg5jeYOeW4X4LeQSt5bbvzXxmCLcBGERvzUDuzo8n3N+PxcDUSf5PTQ=
3Ur6oKIPHWPcaT2lS0Zy858ywErPgc9lFgUgK5f1970EclEH+UwVarAOVd0X5dMW2XyovnVycbDwKxnYU8EuaUC/ef16MP3iYS8wwAqj/1BFSEduBR7Ry9CNhyx52EhwRFO90ZA3XMU6hcfUdXJa90m9us+tTaCQEd7vVDPAzJc=
3Ur6oKIPHWPcaT2lS0Zy858ywErPgc9lFgUgK5f1970uWwyxIOWWdCHZHB1tsDNIFM0qfy0SsBMXlyi0q8CgKrUE4o9Jn50GiOWzxDdP5yY2k0adNoh3BPhR2SskiNRUFiQvpwkQjUCg1FmvU0iPDde1n0i0P66w+dTaXOAAlv4=
3Ur6oKIPHWPcaT2lS0Zy87C6D06TBy/G4dkgX+A/Sxt3FjB6lIBOL/KNeiIPDuZoCNk3WTB+Y0IFmSGphSprRyFFIQGieTEJ7N+W/e6ri1bYTdY6gG+lMbCIjh74yF5iLPB2GYNlHxlUI6XeIOPcKqTZeXIgGD9HdyaUVZ84taY=
3Ur6oKIPHWPcaT2lS0Zy81Glier7fIi/gbj6QnNt5lFCnp00nEBK+syIzPWDsZaMvLYJrq7+E/BEs4tdEdwEkBzTPflNXhgUJgai2cabY/pg4ikoJUAVkpIyGPNcMWaOTaDHLlk99mFYI0d7OiXKTNPsDXfuIH+4sLY5MZ8DkK8=
3Ur6oKIPHWPcaT2lS0Zy85fkylKmVof9Tyxr15TFZ/+fm51sKxctrE8yyYAZL/wCvArNaPcL3W32ySyM5ZKBl7TlaaJXirHBxGpow9WIt3kK83P8H7w+QlM6adIjegR9wSDFY3UO2FGbRMBSUbOZd0RD9UZsqH3U/3HXf9Ks+T8=
3Ur6oKIPHWPcaT2lS0Zy85fkylKmVof9Tyxr15TFZ/9GhVIv9bbK+IGgI2qzKKTkTE6YQ6LPqbP8IsZkHoGwF2uBSrAhKdWj0Diyp3/NZ/x4BIo00xH2+ekOPDtNPbPc
3Ur6oKIPHWPcaT2lS0Zy85fkylKmVof9Tyxr15TFZ/+e7xgvqVvi6ab0MxdrDhoLtnFdvQE1Hss8MGQmx1qhYGVwiKy62j7lelbAflV/QfubmpVftbsKbaP05ILZuX7BsdXSTFHMKY+LrY2LgYOS5Gx3hBS8isLcIGK4z9dEyBQ=
3Ur6oKIPHWPcaT2lS0Zy85fkylKmVof9Tyxr15TFZ//z3Bp/X0yJHxNlfvc8AAY1tb2ZIqbWSrjCQciIuy0w+rrL/KIDw37lqcd2lwHOY9Tl5jU8J9n4HwC3r6yxhm6G+7XV51zb3+kbQId3kjPDRSzJ0Hb8RQg3Y0YWP1+ciKLf52tVXLgkvwo3CsB01GD6WFZCeE7EFo6dqUuBjPEIMBX1eTmrsMdirK74s7vd61MY1Ktg2sUTm9Y163TwC9ZHEZQdbH3DIKeR5wViwwuKJF1cLJzT3ew3AgKeYwp8yJMx/sLcjyPClaVBnupanp5RtRL25JD5SFfXyyDtoJpcAIQFlzntG1JEdrZcry9xK19/9PUBWf/j9/Code/BXRJRZNgSI6IFQvNAxF+L8FaRpCemilozXC9Fh4/GvUDQVCkF/YNaK9i1l25w24m20fmp12FkJp9vmgNwYJ4TOivmagpRRA3VnWE5nuVpNeMvU0AfOMxPp0CunpL2y7ag1vcWW4/Swj/mhL4dDnWNiTQvpfeNc9DXXm8029z0HxiEjn/xBWYy97YoiO1xpwPR9cF5cBtFz0ycqiGipjF32PHadfT2xwQTN/KxHaxYQ+z+PvZZfpWolruWfto41671L5IhoVf26QgKF7tbw54X42FS+w==
3Ur6oKIPHWPcaT2lS0Zy8zg4COMPiKX4SFHCO2EZSf4CZB3smtveZA32LDq8ILlYJa9iMv4j/E7MEYRnyfF03RN9pGi7HhKyHE7snqk/9yi8t/ymCG0wu8gWbavExTWNoRFkG2IuHYKT7uANH6TXyllwKsdJCjNO3uQ169mSpOI=
3Ur6oKIPHWPcaT2lS0Zy8893yDKb/rThkmhxrKZVCGIyoKW4lfyVSvBiODOH1QikEWBTiZU4IQckrvj4l7gXzuQUUCnr1WgHNskW/mtP5RyXOIvpzSvTdyOV2F69fjlgIPHyPj32cqMIUD9imcBfegucEkDJINHJA5qS9KvrheU=
3Ur6oKIPHWPcaT2lS0Zy844JH+uGOT4Hn3v2saZnis3I2+O/2w5Ifijivrk9MRM9jkw8IJfWM3pbmVZ8kF41+7SR9ICDsxpHjGFTrHta7o9Yz+oNA1PSncVK14gL7qbjNHl0NX+F10nFLlrn6SjYXXbg4MAj3RpjzdPrxHWUuro=
3Ur6oKIPHWPcaT2lS0Zy844JH+uGOT4Hn3v2saZnis35MPi1wlayRcfNyB85QQtFRxsll5ye8FOyu4SNAZIAUIl9IZashFrrxgx9M95hdqhxzTxg8ktsMWqVM1n7shloaZ16Mden+aKKOYiaLKvKZB9yU06Bhh3BfhNT0vNmTaqMIMto/qZ4P2iIZ63CO1oze+0hfg1RF41s2r0QTtcBcO8KCmx6+Uc07JfrpWPNcxcbPBPoC+55JrBbX2ufbzIGjlfXKMyUo4gOzEYij3GRMYZKBcds7ckBy3mWpvOqxPFhJBXwcZPFqgYu5BMLPFAkXNLVE9l8zbh0Wn0V26NJA4H2itVVRHsPDHe+IJ0BK6KVniywF0PYypC27acEHzFXxuDsZIzcOTWXnM1tnwHSipJdCkgRSSYwKAiOcN6wAgeQSa1X3LVHDV5vckIyKuJ5vTG38Jt8e0zqHjL055USpNFlCofYQYRPReh8xFeXYS9Bk0oZF4WTah/2TAEVPgINTtfKf5JY5Jn1XpdtRBFqYjQo4Myncd2QN4R7Q4mBrdQRbygjT/0ZJvPRwmedxB5uTjs54RoOTLwJumyar8ALmyVpVQZ/+HEqp9g2qhG0oAOhzj06J/Vg63bjfJhnB52BjDHzsqlwh+xtSo0fEDGFpTztK489ySDBKRJK3Cmxs+c=
3Ur6oKIPHWPcaT2lS0Zy844JH+uGOT4Hn3v2saZnis17kCECIszWeMcw254Z+osa6Jnd9kqJkJv/ZD8B84e4F0fLC/kJ5pM4UsqHWU6n8BHFTsptUYqEwZ+4eMrjwo88shp+q7EtfIlND+JigLyAJd4QcUEYfru3PJ0qmsj8M7c=
3Ur6oKIPHWPcaT2lS0Zy8wMaMIhBTfY9JQfuM3KGYSqKHJuSjV4M/Q4QoOhn87hAMDB7f8znuhRW2Z8OuP5zDaCmb4QCc9Rk+ZTRFQ9Ykf3NOQymnjuVOuOw4hR2wZSRgX1ndNJNS6hMGo2xK3w3lJG3yYjEFRKvTffWHpUUOz4=
3Ur6oKIPHWPcaT2lS0Zy8zRJ1Gsf+w8zeVvVTqdjNto1xtppHM+3H2g9/y/UVeUFugu3bG3YMBqTtkYdMkz1CEmYZDKtURbQERI9+UcBGZ7WjFDVpKVb1Y01UBvSugeW/hXAEPzEoVURejrzEQDiHUQ0kXtkyQMYtPq0rhpdujo=
3Ur6oKIPHWPcaT2lS0Zy8zRJ1Gsf+w8zeVvVTqdjNtrvvb1CWkpRuqT8OBlsfUBQyRMwhjrme/pSnheqbHXYJlCrLMx7EfD1pp3hEBRhThmEVjDA2daDL9GU5GoOAzrY8k7XPYY+uw3n7exiYTIMKt+oCc8xfg5oa6kdFzfS1Xg=
3Ur6oKIPHWPcaT2lS0Zy8+HNttVpNe/3h6Nhi8IWmkMh1wWgsEpg/bNzFIcyMsk8P6A0+rhz7bHs1uc4E3z3UnqO+hsvg9PuaG/FM1IUJB3rPl7vH+fVePXw4/Attke6YTDfdMAZwlov2gtHezLB9WoioNAGuxIBK0zIugmLEfU=
3Ur6oKIPHWPcaT2lS0Zy8698BH4LuhhwChmmVLC+Fj5CQDeTqZSU7Mg6eZeTBjBvY/nesqLl3OV2YcLexVxumr36XxSBq5+5clWZ4hSFRODMS3dBKfrRdJsTkIOhsMC/1zjfdSOTZPk3x0ymnDbGUX+RnvTWziqX7PFqbj0VjV0=
3Ur6oKIPHWPcaT2lS0Zy8698BH4LuhhwChmmVLC+Fj6C6WFywuSbrbs9VoFQearTNCe3tUvn7J4aariaf4/7xw64IEqxefHQVYWgZy1NJkhUdZubHOGIoqFGTBbmf2cp+odf66nnvJ7WTZ6gbW8ZwvwU4v7OPMLJekfEvU7uO1A=
3Ur6oKIPHWPcaT2lS0Zy8698BH4LuhhwChmmVLC+Fj6ezFjBK4tjfGJf0czgMi5MVc68hCcOJaPEnhgHGKRYd6pBqkVv6CnmgYKECmCLsdCPRTjWpe8Vttsmij9cYUn6ZbzI/wp8JVeSGQmthxKIiOo7NisROOFTLxKiuzh4XTEYz3JXCZ4IVuamKAxXgB4wqQ4TNjgh/cuSRzkPwiBxWTAALp1RGbWsVi5KEn2G2jWUaqpwV7VUZr4FbBqzPzI2KAwAlX5t1ADBCvzj0iggAzFij5b3ikSbkZI/znSBA3PvKMxxgzT0cS0jQpfaa5F5S3H6REchFYwozoDz5O022SIJkFEIndS1M1xsiB4/u5xJLE3CqhUgNYkF9Qw46JcF29Ovbjt6Fq3kithkmd/37dOtTj/2MSKM6CmEcpo4OJRMEYdD46USttyqfaq/P4xLZJOU6X7KWWZj4M4apw0+BNuOv5dGIdneRUYX05kP/eqwKzTTc31KiAI/Mde2qkro6xUGegaykmcwHkr+n60yku5p0J5KjqI4bFeBNtxEve/+YZIDtAjmQdzRkNnOCEx2TpmmjYtUz+ZJdfXAcuzqCGt3cCmYNiovc21oK1b12R/INkLO1E993rETi7rIAGgK5s26E4Ifvu9mNk2enNwQgA==
3Ur6oKIPHWPcaT2lS0Zy857v6TCWGRuWdPaFuzjoN/LrVU2uKi8MQ7Y0F2Lm8J/sVLhbMze7B9ymww7KN9MMMRvkksGn59bIdRwjnBdngXxDxNCduKUjPnGhfdKsRwSdKG6hAMwUdItnZHfXTSiLVkkwCRGUp4QqmBQ6a7h/xwM=
3Ur6oKIPHWPcaT2lS0Zy857v6TCWGRuWdPaFuzjoN/IP4YZZaD8XBpUgQdGiCcPDRtlNLwg1wdfCZACPKxol47SecCg16dLLGYz4jA04Zwsxjf6yH9VUSZD84HpMSy5z
3Ur6oKIPHWPcaT2lS0Zy857v6TCWGRuWdPaFuzjoN/JgPhrNePkwWjlAn30jTtJpip410kjSBX0H0LiBClBT2eiwQbkVAj0KX6ePbh19oGy8bZLYUqeHEMYshaf1G0VpYL3thHAc5zG+7owZhyEpzAPf6u+kJxEbBMNStLzpZMk=
3Ur6oKIPHWPcaT2lS0Zy857v6TCWGRuWdPaFuzjoN/LxuJfoHfXbdpdHtW0GKs6wJFbwiqSTuRiC9zMwIlFL+MR+Gg5m3bHMpW9QCrA6Tcn8ADdD1qOA4xIe9K0OuVRj
3Ur6oKIPHWPcaT2lS0Zy8+87dL9VpK4lZ7JTw+Kb+XfhSTm5Ax2JYsvRVIwa3cfjkq9ojY3MRsswkcn2Vw6f/y6wkOLw2wd1BFzL5M0x43+PZEB5sRpQSkAZjnMwrWVcq4NOCmuOyTOSmiZ+fxPm6EkbIWhxcM3MOXe1weUMPsE=
3Ur6oKIPHWPcaT2lS0Zy8+87dL9VpK4lZ7JTw+Kb+XfHpo6GAdCvIzJXWXNsDjB0Xubel7gYtB+nlsakDlR/si4Nhu76GJnp6ddTcOUw8KO3VbQs2/FHvorqoraYKznm33F3cHinI+JBvvBQvT7U1tqb4i7AWFjkfTsBLZ47b08PBCVWQLMNGcYlaow5+Us/6Cg2B2n1yr3T9C2RdMXMv/f3eWrxm2QxLLDGREOZQ2Ofcuo9QCNm5rnuhcv+j914t0xB0pkLmp3e5t2ywh9o0ARmR9xBAby5VJekxysDCZJQWa1m0VPn+FPE81M97LVePdpS3v+xwvtBQaG7wk47wcAIr1dDP3C9lrmINrP1/r5YyHvV1tFjVyclQi0GR00PEAW5t0E+t20w7cS4IKaPhj0mXebl1tUKmes2XHepy891e8/mmPXjoYmgRu6eRSM4KlhpOIA2EjzJX5rfYfa+KcPOPVC8B9m5ONUGTYA00iKRnkXY+hpqvnlhLKV9se9guvM17s1wGEiiz3KGCjGKVb/V91IbzTi5aXMQT6SBRUxoGKxZzfnys8h3jVRY2/TpVyUCGQ3BWZzpQatjTueITbyo6zz7XgHdJWMX59UqUEHmdXf316Vv9f5uKZDROTymtgW9X8LlIRPzWXa0bb3Emw==
