GmcONIA9PFzHw1gpPLLPoqev3ytAH5KO3S/CJpMsylg=
35kyjVfwBJgytCi6KM5Vug==
FNt9orFfFSbPIXNSbXcP2Q==
gE2g7VQeqq0h5MkG44fPUw==
A4ZCFW7RnVRfEnbtNxUDb8VFIQmzxcIFLuiIjRY2q84=
cwgQW1UgxyVfBeSrdwXHsPE1eoSAri+NViVSjTYe4hg=
pYn3RyiaY4vz2unSybTHuw==
mAzeFbkWBGyzJRgEWJSZYQNn44wFaguEUnqkvHVinQw=
NiGef/LGs6v8Em6sqLz1GYGKB0111uCW/TAqgkiW0+w=
2lfNnhNY+w/3xMaMUxJbE0YFT/wvMlSDz8Vrd5FEs18=
3Ur6oKIPHWPcaT2lS0Zy8xHSqtujykEIQg0qy+pJVzp5Lco9+0YRDvz9TYpqzXmlR+32IcXDKrJlW8ZBrH2thDM128TU5NClUhmq44PP4+VkUnBi7kkbA74YETE+ns/TrIpnQeNubXiB/yIk1U29SE+i40SbeKES0/2Hyf4oPH8=
3Ur6oKIPHWPcaT2lS0Zy8xHSqtujykEIQg0qy+pJVzqSDw+uike23ZxGaQ6tTfNNhJe1Z+wQiuWrDjSAOUHhXq9ZX7j1d9YTJziBKyuoqWmkMif6MPpas8OMNd5zilIO
3Ur6oKIPHWPcaT2lS0Zy8xEWYCwZNRWYWE7gWIuhFprJk/F2uFmOCu6yC7/ckgrsRF3aDIMiwF1qLXegf1Ew94MHj6TPct59zhW1ZGZCBVV9yYcI3a17NofohwMgsKu0KFFyfG1GvmsK/yJIgvOkQT9j9MsWrgcebcnR72TdSlk=
3Ur6oKIPHWPcaT2lS0Zy8xEWYCwZNRWYWE7gWIuhFpqt6GoM8NPD/xDvNrNYGcaEoraWo6xMYnWkPbWOrSz0J7gMUyap5bjQNjevHAkJfwp18+kTYRJSDNbKRoaAB3T4eFYe8ftRlOtsA1Q1tsghFgv5SyCqL3rge2tF8zI5bp5Mll0O758QRAe+qvINk0NCWHAU4rkoe/LnyY9Ch71H0mVe0k/E7udzetctIRdZc579U/K1bqlLec4qZDIkxTNaNrlvRafHb2o3YmjYXW9BlGziunK0ZZ6SV3Bg/sT3CpsydrhIxnobhCfF+gmyDwxuP+/RNK5jCatlB0opKTxc5WmSOswX5/tg4Nf5S+y3s3OwdkBMgOD8ar0R2kNzEBy8B1IxoEZ6tSJ1gSOMJCO0zjQEc9upc0Tscad9zzZHPWk/Pr9UcwTxSuGrBSuRNYBaUFZFBYNypt3KqFs4omDS2Z7nkKZht/KQVFMeMP1zfKMujAAY4JYpmpMGoFE7gQ9xIvOwuHEgCzBWUVnfXFH7Cl5m+U4kDnhY4EGi7TiuLCTfaldjIVN5sM8IETBoVfRbBj/o0eu90CCG010Jxzy2JYt59dIpn/BqFpfvgR0NLJC+QHE1lwpJgY+3VC51one16ZSGn+DxGRmwboklC3QxHA==
3Ur6oKIPHWPcaT2lS0Zy8yFTexFeE4wXmZ39kirUjYVQZT/+2cEnIL6RLdcDsKpSGCVvdLcawlwR/KUyPEasaq+GSoqyQlxyTjulZ78N2nqRLJ3rd5AD/zizncdnt5PvPFvU6w/kTj+w/CKI2XmN6iU1WnGM/4QBc/tV0/Wnx6w=
3Ur6oKIPHWPcaT2lS0Zy84dQhIqfV5+2pMe0N6nDhpWf9FEwP+OVzU4ZeEPTyCMWmYlI+WdsNlrAPbZqJw5q3gz9/Z1zhVLr2gmPCskDTBymVnLlC8c9DlyzmiU984IRTVta6Es26Ix8+Cg1xKL+MgGYTbddcth29ImEavZFd5k=
3Ur6oKIPHWPcaT2lS0Zy84dQhIqfV5+2pMe0N6nDhpWO/UKQcfYxlU2h79VvFD/ea8QCWjEF8IQKLEoRBunb/ewYGK/j5lxr7diHbnEmaIe/DZnqdvlfNShJ5rGxdT69eilbIQVdogDCUiYFb1W5oSgmsJf8TJbv5V0eO9cpzH7otaSbEFoA9lVcD6/gN1FqgZQwzK64ZgKQzrboo78TuAC8/ilmjXPZZfOpr7NZC1qKHqZ1syMblr1DZKAxpx0wG0II3/GsOye0JMcqBrZof0mkAG86YaMSBNshBtlfF4Bm9gWDPTUyNBAApFakjJGejv6kcbxFgnbB8Jf+fEa/EYtk8LiJHnTuttMn7gHDDsjbubF6NwiCryzfQ4FJsfumh3t3hE8x72q53pAtdZqPDxKXACSt3WPWXQ4BWr/Lk+zjH2nmNc+I4pPh7NroDaemAlpOBU+2hoWx9dIKPGuCsq+M9v+tY5yRdW/xlnVCOrnxZkXbn4jGzqHA+spSb6LGCjjF0Aa5avyeSfm9F4kg1LVOpMTtDCa1Z5kB6HFv3Orek4HIwiktqIUqjiqljfaeFKS0CeDEdkDTYdV7MwleOOQbv4G1GQ0xuCpOCd41yJpMjowdNtUx7f9KcnD0jNGcRcbaJQFcpgv/lXGpYBhy6DE+RRGUORShPP6PblyZrnU=
3Ur6oKIPHWPcaT2lS0Zy8yETD0DCwXWctdDtWqjQBDKmqgwHRQnfch7GfnZae2zOSURVLqOL+1XxRQSXxEpqnbw5EYTzeb35GUP+yrM4iLr5p2845EeEAS894fp8jSGZ3/5nj9BB1EFzmgzZncZanPiYjDRiWvs3uhL3ucVys3M=
3Ur6oKIPHWPcaT2lS0Zy8yETD0DCwXWctdDtWqjQBDKpul76FyOS4BkfE5l6YvrEgOGM7MSrZpuwYMz//pwO+sxHek84BQ9G1tCMCUvZOJGXP8niCsoTznTc3ZPtgqh3Tz9SqgX0SCctlxYvSYvOoxALod0QjxfH6G/k9yXYBXI=
3Ur6oKIPHWPcaT2lS0Zy81PMiLsNtBfLiF4ldocS8/VGysTeKePD5UwIAjishUlyunidQLqEZr4zOtbx6nx4HepxzF5RNaFFyhFrufsF3pZnyar1ac10OCbVMmXxytmQe+8OByLFmU2GAGOoaJs9ObdXDX1uz1sbOJlXdwa+P/o=
3Ur6oKIPHWPcaT2lS0Zy81PMiLsNtBfLiF4ldocS8/U254pAdjaGCIyx5Rv4R8qV4ufuJYZTisNF4UqqEl8nEk9R6XWzleNowZ89/8abxMc92KG9FwrTSNuihdGwRGmkBx9VdMmDKxgt/wKId9E4DLyUxxEFmmyJF9QGXvk4G0Y=
3Ur6oKIPHWPcaT2lS0Zy84vHCqHdFC1AzNeRXwgQJs5NdV/NJqS+iFQRvmMr6P+B/tjVZL7FuY4DhwC7wCU/lfRksy9LpukyPt+Kk5MBeXosLYAqCiq9P2l547YIRg+xO3UxFzCaww/rEJ2OqxZq9Ox368as0OcQydOFbFnQ0GE=
3Ur6oKIPHWPcaT2lS0Zy81qQu26gv+202fxw6w02xdSe+F8yxutscWrgStF2RyMsWZ6nvoPiVeCzrsLlRTqHis/2QwLz6F8loO0daIa3IKaXQSTSnHlhFdi2Y8dTMtLmGma+EN/uoEJi7aA8PfWr1+rMSN8S0wRDJl1wCacwA3o=
3Ur6oKIPHWPcaT2lS0Zy81qQu26gv+202fxw6w02xdSJyN/YwhasDtr/QxNS2ro5mG4gSY4NettCoywmYkfFfWT27R8pyVkvZ1VZ6SWtadeB5O8ndbcKUnGCNuIADdAiozb86HDlRTa8nS7nbUAWjR4ci0M5X0jcZVwV2aZ87ug=
3Ur6oKIPHWPcaT2lS0Zy890h2tgaoT0WghtrlnHUvXmu6hCBpFY4lhEcXPyfzbAlbQUFXC/wNGJKwFFZ9cAiUWyUsi1P5FOSAXng/zun7YexwixbxJgWcG/AjMXRddYRkAKjRYTJREUIyVJBeYuMlEqkdFBAs+1nxbc2tkyZFo8=
3Ur6oKIPHWPcaT2lS0Zy8zVAPhjCR1AwppaNJcb6RXpI2C2HV8Lgc6xWidRR/PEhwmhRSKpUGDRJh8Kapmzx56J7mKbCW2d9fgpxHTi0vXxuHXHXhkYS+Y8RfyyTt9Zy0ibh2L4gK+dQHL2CDSRgjEDZ6yOUhe2/0hvT6rqPWr8=
3Ur6oKIPHWPcaT2lS0Zy8zVAPhjCR1AwppaNJcb6RXqbL97wTf43fkiBkVNJwsXm6C+u88RmituJTcBLvTnnSaLQEteHVktzwvO5GNtxI9X66B3DcPlY+enbBt131EvtHIOTVMy0SCv08p2TtlrzwtSe7OumMw13uyS7mIyIPu9B56rrRM4rbT2b0fncG/fd8ZHxAxg41rbFhUoGxVpMH2pMFDihGoExbGoReya4b69SOn5tsLgnHMROxiDwh+i89lSfVcKXeQLP2qEtm8zak0wYeHqCZ/c6OE7Ugq1G012cWnY1vHPM9h57BhLz3c5aw6L/SJ/9QGT+DhhmNDzwQT0zSvS8xnWvsomoMTaQirMdkioXnEJ2LYyDno+Ibht2EUKXqzJ9Tq2APVpu2//Nn4pSzV33jceA9o4ZIAYoLmcWJ8XR0EjS6DYEfqIB9kryTqQFCXWGvJe+0hOieoDAR31MLd9lhQL5QJz8Zk1pi+u+Cku1w9KDQmMsipUPS0TcbNmlsUDCaunm3Z7ajhUgI2vxPiE7e8HtiikiXNUBLcEKXKJdLF69JAEuzZiX0pq4z7jV2xIa648OAkhPe/gIpupMlPakueiWsaVKjrbX+3jXzZyhesjurASl4NIpoHkrN9XzjpGxaTsp61LPTm23DQ==
3Ur6oKIPHWPcaT2lS0Zy8zVAPhjCR1AwppaNJcb6RXrTgRLy0amHxkg4qXE4r5+6KdjtcULW66u4eS+WScZOCiWcSi3kHIMWAdkgjx7BLtK7GJJdK+8SIflxIMZe9k9mdRrqONjt4rJAJuTV9N7z1Q/EfvMcEQEpIgr3ZglJOVs=
3Ur6oKIPHWPcaT2lS0Zy8+hKhbdNfC80W2aV17xYlvJiSn3DcbjbACYvq7VyYlMpJbP/6Dp25DNQivxbu6dbSknkN0+azt79Dfwwwg5rTYxpiSq4ToIr7dc0otCHURk52k4EQ/L01KF5pA6mvrvipsvt89zjQq2Dr/+KVJGq0aE=
3Ur6oKIPHWPcaT2lS0Zy8+hKhbdNfC80W2aV17xYlvJOlb1MVSpBmuthQkazvoPDnyQU1Wn4Ev53L6i6VJzA0PuWblZBpYbBLzhihtFR5VEhs474kSb1QNiILKJqBs16
3Ur6oKIPHWPcaT2lS0Zy8+hKhbdNfC80W2aV17xYlvL/7iF7lSOjd8Wyw/XWj2XKWaJJ+0tnHWxaTZEvjQAR7BVUsuBlA/+PtJo/TLi8rsiyLHpn/63JUonY9jHvRLSlIpaoGc//thfmn1kSPZXkoRRnh2LG5sIFSzP8mFvmuy8=
3Ur6oKIPHWPcaT2lS0Zy8+hKhbdNfC80W2aV17xYlvLNdMv1hMVddxMqBnGRhc2WKUPzjmYoialfG0Uhnv40yPOwYfmxZ6E4yTdLyWC3+81aNXqtzltP7onrKHqkEKlH
3Ur6oKIPHWPcaT2lS0Zy81kdvk0j7wNDQ5h+rhs1KALZZ2ioHgytjrgE2+TuZ8TwyF+IwQX4ht2CE5SlekfN59AxET6ZeGBgB82FsPJ5LbyCDpH6DpLd8vGhb+xkDrFOvPWvgjuoy5YDceHdUe8kB3wQ1OEDAeRuyMexwnUdiY0=
3Ur6oKIPHWPcaT2lS0Zy81kdvk0j7wNDQ5h+rhs1KAJ1CH7soyQtwug+ayPILHjtiYoQ3Z5wgFGn1LTjPT+NG70Ql5XgpTVwnWxS//Q10W1xIVPA3cWMEG+9xg3oTNQnj9cD+OEqeYERBgvRK4FB4mOJ13/QnC+bI8qKXEpwFmMMSHY+uoJa/RQ7F/H9Tvq0oPQE2msiQRM/1KP0I2EgTjtviS28wGxqCwLpiAyqF2pwTanDAHY6Zdwv21OkvVASrfb3MpbUm7cPojMr3drXMJ1JJ+kyhP+Snn2VaCY1SVmLK9fwdt0QdD9AWZb5J1YbVcAfwA2k75ZlH/lw38r3fVeGzqkG9VGV9cw2PuSKQwGD5j4x2OJw8VloqJXAzwtX2GaxxBl/7jibG96UwpCKSn5GHtayQ+RZLVr+aPMMEYCbp97jfjjFVHj8/J3haX0GTrDD880a6spdn4SDyqA8os/ekZrLaW9rrZKPQUOp/AjRV37S2T0q3oeOSlLTPB85cdi6TmxfRJrMy7hgzswTyzj2GKiPHYjRAKTTPy5oNdwbmIt3dGAIGH4TzAvo8wm63MNt/wv87g7XNISZtZDfDrQcsxpnhkJjBclVxFKYq7YtAfaAErEakyB+00lyucwmFnFysGQ8wzrW1q3ATrEk8g==
3Ur6oKIPHWPcaT2lS0Zy86K0WGrSWreMggyG1s0RaHU1ifErRAwGKF5jO+hzVI8ErfdYE0CqTwtdweyDKAoOnIUMg+9yRBqDpsxeJYLOrN9hdAKusyIHo3aVQ5CMV7rY8sOs4h4cJGz1UTTsMzIxCBo3tAMrwcdq61xYOzWtW6Q=
3Ur6oKIPHWPcaT2lS0Zy86K0WGrSWreMggyG1s0RaHV34DIxknIsmSI664KQkWeyZYcJ6XZEzLpSD/4r9vVbP/YOtEnI6YKfRoVMWehrIns4sNwUM/PW5zmQDPJMxvh3
3Ur6oKIPHWPcaT2lS0Zy86K0WGrSWreMggyG1s0RaHVFqDTMfbE5/ZsRWqXnrBkx7m0R+CRUgYHmWZYYaCibaw5gq8qTEac/tY+w8bK5LScesuC2UnkqUFrFo4GmbZxOgjpj9cAKo8oeCbQFxnubp6v2GLtlsgY8ruYk/GKaqJs=
3Ur6oKIPHWPcaT2lS0Zy86K0WGrSWreMggyG1s0RaHXiiT/YRnP0vRJSzo9J9hahIERFjUo0Sv0yS4AdFcaIwbqn6FY12vD/PxwQbx+kHq9ilhFsYP7HHllXmoQy1vGZMeQ9Tb0j5uy7NWYIwAXlzkf6iIX9OH86MgDEs9uqmuNWQwpLzSTDut3PiHWTuHuLBlzmICOqRIjGWpFw+OeQ42ZEjcyKXtGLevN40LTe4TBWHck+GjtDae+40LN+Vq83vD77ojMoiDXgtWYjM/2jiQFtuXNrbgGS4OakrcJsFcyul3Sdxt9q4x9nuhRMF2ZmRQzN8mgyRRHeyk5Yagx4y8gwuUH04J5NvPLAecaMdOCZyMt6uRzqaIlrjKoFScn3ZOrarKSLrdP7Oq2/XT8B8IVoKekuMrTw2q57MAy7uWRlgXoAkDcB6KOrGldNITRkJmj2kH/w85Toy7pl8H8PZ8m9Ue1U2/E69fCw/ejxUYkW/DF4gEdTiLw4cqvNd4TxazWe3SK+kyitK9l974E3hCADeAQQlSMXK1/D0H5a+f3B5P8Fj0awWxOIPquqpxio8/qhqcjxFuHhzkj7Fm+IMUgnU2U4x+ugk27M7wKeN53xJ4FQvbc7bDGyaPDbnYaVS6IXcrVMGJd2gezJ+3pDFQ==
3Ur6oKIPHWPcaT2lS0Zy83MZhN3jm4UCg3Nfh2NufWoOvlJDT+AF+TgeeEBAjgoKqOZuSAk4um1RiasKwdVjZQXkrmyHYaO3xAAn1ASYc6b6OY6draKMYhceRx01S38uG6CXcNGsoxMXbvDh7rFmaPr1Q+kY3TvKHW7ozZBcSjU=
3Ur6oKIPHWPcaT2lS0Zy83MZhN3jm4UCg3Nfh2NufWooJsJjvsky2bGfE36a3JkWnkPOGjGr/77589iT+zQLWeqLjE7VCYeDKRXMVsT/XznFg2NomVwrEfDrRBvjXslHhl0vJJDaGa+YyaV4ybTok8XFcOjeEo3jlnja4kC2kGY=
3Ur6oKIPHWPcaT2lS0Zy84W77JVZn6Ce/9n001S/xnJAhITmmxR+xn3VNTVwXYcM8jp+5ItOV2U9ms5Dme5MVOQBrC79mtDJlKm00spTQW1/x9SU4M21NrAXqeNVbzCiwEgv0+r9tqVPlv4yFE23CUyFn3uhfvAjLHdrdYTJuOw=
3Ur6oKIPHWPcaT2lS0Zy84W77JVZn6Ce/9n001S/xnKG5YdQmIG1rT4a+nwQu/2MSQSm0ei6+rED3lKrS7PwNr2Yw+aQCibxHN6YH3R3JuqcEkv8UtZJXF5HkukWeXyvw1zHlPx+CCESdQt+vKT7EMsvIwe6goazzN7lh0/Rqvqk+4bW/cNhUD79N7tq/oZm1+s+jDMwtS0A0Wtq2C8eN53HCogQ2HBdNNrow9GrHCmgYFBd2dvOJH0pdLi4x+Czrnaa+EIXPvzPy5v6nC7EHTeiG0ucFX51yxvgNGKezV/AFfqhvcBrzvO7MNVzaYSfSCrrC4eioajRX3bKXuWtceLyzceo/y23bw51jyUk9LucM32G/RBhj+Ff+wWh7aITRhX06InUzMV/rFoM24QOCcS7ynGwjZzaxHjnj/BmKUMEhhT/igD0KbYG+grYOnF3wnD3KI6+cS6CWaiGLcM+yP1KGHoP04DaNJnEAjFT4u0/y3C5XTAtCSb/TYXiqSDtc1CdlrgWahuIW+41w2s7vC8hl8dF20hfqQ7JuduvOra9ufJtEbhCzhjf6fzIv9fjJOf9/dyDnrskQYsJXQQ48vy7kkwi42Ay3LX1ypEfkoqXg1hZLQHgw6stGnZV/2JaHDmHSmkJ/g1+h1dGsYbZaFJDoHdd3NeH8SNxODQgesM=
3Ur6oKIPHWPcaT2lS0Zy80e5y6UvFRvIi+jB8T5Lu1ke9brLUE7+KGb7oNy3WUU6l6lidNuKj41OsOW+WqS7Y+9nVv+p/r2s5Mm7QXp5h/iiL3NYhs85uzS0sjwlUJDwXxncpgHAaYYgrX0lu48hTDLuvp6vPSVeMvOQhgnb2yQ=
3Ur6oKIPHWPcaT2lS0Zy80e5y6UvFRvIi+jB8T5Lu1leL9e9XbLd4fCW7eIIi2QXFmXwXu6J5HLs4mTLdgtTOK7KYvP2WQQerelog+PXmOgo/Hotkp8gPXbjZTf8qQDnelvfZZMZV0D0CiJl3EYX6/9Oef20iDIGh0lMNwDiqFU=
3Ur6oKIPHWPcaT2lS0Zy8wyr+BfQ5EyXDVoUWaruiPDWegX82UC8d1ocF99wga4tj6qdpvmK60W643ANo7JmdNZ0uCd9cyOtYAGEmHdT0U/YCs456fbeoWGZK4t0NR+FqZvVdnbO3BblRCnopZDQIAOpZ4W5ht3KIxRGHCewFUY=
3Ur6oKIPHWPcaT2lS0Zy8wyr+BfQ5EyXDVoUWaruiPDLSRNQn4obzsMH8A1FQ9OM4ZvwS9uxGFswu8x0EbqnyzMiwFS8d2rIUEdH1soGsgWspND9sARNFg2JYovCOGe2jU72SqK3u8TNvrpNBXlc/xjHvfnEqNwUzFTUOdY2Bdq6E85yAjfa69Kf/FXzFAOe1FEoM6tWb3s6ceehH72T1h38eV5RvHI1K4KM0/PL8kOoyTSyamVg7L0k7n9FSJhjMSCgWEYHQ4WRDTf4ssfDmKZk5OYTc3wHnln5ubu18Xh9zQuVUznlFlT9QLh6l6NybWqhmGxhknVl82+Xi5Y8zJkJ10rMPRYN1XALilU8T2vvlUoOcRxXkGFRhMzUxTJfswrZxdPFS7RPCk/YL+4iMRBydRiC1iSvLGqUCK4gR/tXRzfyRjButWA2muS63DzKeN5qIbsTJ/CC8ryUOXDzhN0sok7n3TXc05cnhMdfjtkldQ00lyt31zUwlJTL6VoO83zeUU90WT6No03WLgMHr7yQAX5LuCSU7qGWWaS8KKH0rIIoORhzj5/j0rMAB/2NI1bonwWYIqSDviVGL8NXk1MPBm5d57dLOrtFXgSt6mAE96Z6getdcBx1EWIxm+mB6zz4WJlv24of11bVhH83Gw==
3Ur6oKIPHWPcaT2lS0Zy8wyr+BfQ5EyXDVoUWaruiPAKZm9WJ2wrBofRqmav7+1CUvelgq/B1Gzo+/8DzazHNnaA9llJqu1sk6lRiE7bmvZBXYdhQkDhecrbHlFG+Jx1PPBiTfWB+VB7J6PXmdaPSZVu5cAdad1E5h22L00iTqk=
3Ur6oKIPHWPcaT2lS0Zy8+IUYQ7sYaA7HvONLMSlRzDQu/ltQPxNB1aQGnDNzgXeB5PBuPL7girKN0/4ohDwzYIPQog84HImhiwbcP413VIy1vdWESIa825NEFgTUUHlyzWhxdBD8OuxIIUEmHw6Pl9WQxCnx5rcJkCh2lw0uRY=
3Ur6oKIPHWPcaT2lS0Zy85X/smtdioJPnaSSJabBWPmabis12EgjhU6NJwch95Q1sFhDyyzZEWBEbkn/w12yzymuibL4BPewhUKhPy/54GoVJWnTrJuWYhs/VkWP8UCQqcIchfG4O3uR1adfvacXe0AwJfTeLdzOhCn/PJLNc6c=
3Ur6oKIPHWPcaT2lS0Zy85X/smtdioJPnaSSJabBWPko9uoQA+JZLtGSQLeQwqc15h4dOg0/bSncezZHjlbgN78PysdpnxmHiwIiMb5jN3u/me4uLaTVEKQt83nhyzaS
3Ur6oKIPHWPcaT2lS0Zy85X/smtdioJPnaSSJabBWPm4Rzw7JcIwvJTSwYFRsPVfwl9QI1eRGp1UE2sfnK3j7hExwuvxIZJOUmuiDZemQezzjW0FkJ+W0R/bAC3K40M+JpJgIKFWj691+No6qwJf6D6/Tred8T/yss5ZCiRoeEk=
3Ur6oKIPHWPcaT2lS0Zy85X/smtdioJPnaSSJabBWPkRILctVYrZ5YI96xLUvVZE0SLALcvGViZlv0dZR1GNx2mLeAPXGeVQYsWNrCmq1ty81H1SiloioT5qOiAc6dtG
3Ur6oKIPHWPcaT2lS0Zy81vwBUzK4Eln3rvyE1dhoJpkp54M3L2RGcKTv/SB72K6k0sHa772DOxF5H+2SZRjpRP1yUIAghMRX0nopcb9WjuQsZKn5yrZeOC9VgUnlweJnrcKy07wXWXvr8ut2LVcR/A4gKi5aeQzDbccBnmB0Lc=
3Ur6oKIPHWPcaT2lS0Zy81vwBUzK4Eln3rvyE1dhoJqeaLoyufxuXy9kBFxKVF+vCURuvGmmp80ZZ0R0yBBmRkDj0pm8jzP0PQizKW4lsix1/G8v489kgLecgJieS3qsH14Xoi799KYLV7S8C/LmsXmZSa5a7BT3yihdxeGTQ7yhTmAvxX1x23YwY6toBPWCdGqkHtDl5T5p3wY7WlzbovsI2QZml4cnJ3FlSQfJVfeeoMwnJqilH6//8aiadq+G+i1GgR5bMzDDMb749XO/FlStn+AmPJiZ0JZbrt2G/oNj6BE3nhchtWCo05mutqh9+AwiFYK1lDyjoL5Gd2IBkxs96ClTPMc4bvHhgk965KocGv9Z4sCdmGWfUWC3RJWgrrIKCz+O70ApVJpz1218LegtQoVFi8205CkojJxdoeioJMtwYxPtPhPaG5KOrBB4VbKpTFAgXiYNG1JDQ1SswF5gUYCgScVbgDtjVe4ENENnCQZXJE+UtlQnSbaNNHNzZFDIvuY6WQwavUfkfvH6ud4eKLnaDCk0SrjHZB7bXe7GEkjeHafCwCEOy52rQLHynVzXWrkGrdrX7spYPSyMBonbPftjfniyu5p8X3s+an/SS3U449/slCDm9tVz3Cns1p8z2wxJUsLcxj28pQpcH26r8QrrqBgwR+cDWOQa5X8=
3Ur6oKIPHWPcaT2lS0Zy81vwBUzK4Eln3rvyE1dhoJrntmo7ozIkt8SebdPhrKig3sVqsyHQ7tgmZ+vfZKoWRnb5aw/Tv+p/aiGEvJKup/2dKLc2amNkC3XSWnHIcFdgA2TBTPa24L2SuxGxq5TS8bMMHnR+1mf52iPJjMtFyME=
3Ur6oKIPHWPcaT2lS0Zy81bB6Z3ODX6MtHRumrQXVfxRG92bzZyLZanqli8Cj1JDeQrhSynUOLutT1CDgBxqNeqdAU2MFAPdiLeNrWNJz7NUTrelDrphZyOugFuk/OftlLLka8WMhJRGnFOHcoDmRVfMZORqqT0apYwNh8BKCck=
3Ur6oKIPHWPcaT2lS0Zy8/mWwdfNCAtJKSuno/o3r7VCqAA4p9KC+k5MC1X7B+lvzMZLmiTsn/eBaAe3Iod0E9SsGZgRDKWEeF+Zw6e0+M/xfGOXQJRPNq5SHrCCn9GirQCmbiK0uzMNG9lYpYm71vgDhKue4zbape8VD6fKmoM=
3Ur6oKIPHWPcaT2lS0Zy8/mWwdfNCAtJKSuno/o3r7WxqoumxOMqSI/zTUZBtjw+AoU7VVlUYlvfttVu2SDr/hAZ1qjgsQ1FE/M2K7An6xbCpH7uGetu7pjakfLvJDCloPvfUCK90ah+Tmbxl1ySpKnWzZ0a47rixj+1O6N1oz54vyT714rDUDRmCdZQFWzM07hUWmHCXgYvP+dwXyGIgJRuDdpMLDeWUZZiGFqpStg/dzB/vNim54ChTqHoaIt0ojeaueS84GLiZR/TNfsS/q6DMKCVOLcsYGhjUAS7v5YvYtFVj3z69HjSSzB7mEXYx5JnoIsfmx748+j5Wfef0GvvekzF70JAqDn4ef64sxIcm2zmwua+lhFfnChN0pK9o/CFM24i6dUaD8qZAWuuqcltjeLSrENzc2f64OmN1Pjwb6hVXPv0xystc3yUlhnNI5btV5vS4LStUJB7qQ58d/swCdHuauiLj/byzw9s3HMVvULpK0lniybDBEXktfvGoa4vRNgdEsIBJLVGahU752g0P7KLNGdA9mbbT+TP0X2OQ3AOW3F96WwCw5+qjIJGqDL6mfB06pqzJaB+/kv2fV/IeYtxyDXnSfIswZaXJJbJqcvN48gI+dXWviLEaXtbjJBKrH0/wPQki8dMY8bEng==
3Ur6oKIPHWPcaT2lS0Zy8/mWwdfNCAtJKSuno/o3r7X5XdPGmRh1tLmQTn6ByxBCQwTwt5Wl1z3jdNhvPO+kJDGqvR1NvUYdr9+ssb2hsbQIe/PY7VuprUnKU/jtZHZS5eBknGRbHySW0x0l733bRBN0U/uWYu0GWt1tcHGxBZA=
3Ur6oKIPHWPcaT2lS0Zy8wXM8EtncWw6okQVdlChco/5KBeVx5CR4pnbd5a3rHWwXGdsmt/84qJf4kcKi8eyWzvw9HanISRfdmziaDg8WclO4hBln4HM9ppD6vajINDCpVyzecigDg5eFuxAwD3qK4HoLdd0yc+7dNfajzjt/Rk=
3Ur6oKIPHWPcaT2lS0Zy82YkIuRBHpIrZPUsJbrrOZwGGrryYjLBmV+suE8DtCSa3k6hrF7iG8JPNJJyz+07wA39G/3FmS/dCeiO3ITPktSBAg9K/+YeOEr2Dc5FnCyHHEvh6kED9aMmWWYNkb5wMVsP3rIqmCLwQRiBOQ/1EA4=
3Ur6oKIPHWPcaT2lS0Zy82YkIuRBHpIrZPUsJbrrOZzd8BQ4jkRk6Z8s3YPD+6dgk7LvudQ2upauZZ1dBsYpODfL3JeHgTz6CrJSQ4/WsLYKz0BE9iVibcjRlrDhA5gV5He2KsPg4jftvc0mN740opq/kThzJO8pnoP28ibvK6xe7rA6RN90QFGtyK1dBg5j82pO+SCuw0F1zc1UMPNqI1YLe7I8AWU08jjYiOjYwnRuFDPJKLRMBaMr73QhgHPDCfSVKGO1Zu5m0vI8Xz6zKpbG3oeL8Pdk3HT/6TnwOlnNM8wJ9dP3MbP/+Qz/oD705VqfYCAm8opzpBD/o2bUScWqWOQjXKPuveH0ZWrqsoNLnCOlBAEh6F5YvCN3qGBaJb/kPt6/+NI91Y1j51266CqNScehjqUaAGScQIQsP1+aBNTQ1G5lu1Zd8m7713CRepPR7j+JudpOWT08GGuL2P0mqkzj/ktcDIRPOl00qpWQGufX8k8BivyOC4u15qscGG3b6Kt1o1uE9I7RKhaltfSu+djvvShLezIek/bEgUpaShLDJhAAqxvHV90HAVUDyzrOaDQ05B6dbYWcBxPf+R1hfRudhvf/ZBf2fhPwu9WYMUTK8flXBD2uVrCEqWmWtWzzPuI7rYCMSG3WDv9URRAaaGw2itKfazl18zAbbl0=
3Ur6oKIPHWPcaT2lS0Zy82YkIuRBHpIrZPUsJbrrOZyRzz28ZZwMRVaYQbvn4EtNNmWhPk1ij2xnwJGRG7ga44t76kv4hIG7wKirO1/Fga+TCCs1ml+wtUm4iwugN0ZaOe+mftMfGZO97xL5THy/wlvkDzN494MIw6LH19xxwe8=
3Ur6oKIPHWPcaT2lS0Zy8yQSSvE1RrY2KHTmWfVcM/CNNg8eyhuS7oXUXnECUK7yNjovJ3jFH2hlNGYM/Hib4VgZRODly7QohwC0DaPfdeIeAiU/1dO8FchcrWerx/X96LcAHRnANNkJFimfUeyDjMnVZjJ6Jb8nqrjiB7nBMSc=
3Ur6oKIPHWPcaT2lS0Zy86YSC+adE0Pf2SK/fD1JWE7vuQaNeKTP60h6nN1R2wcEnOXPgZIqvJ0RGRi4LQmkoH2Xdi0pNECXGZwfAjCzl41R6H4TGIW9p9w++y3YhNHtLXBiDf1Rhx4ta16Kg6CC/rCyoZJHGUwlKVYb/863yUM=
3Ur6oKIPHWPcaT2lS0Zy8w7KCD6qP16HnDai88M5e84Y9fWbN/OBPqw6kyHcHlfZQpzShqU0jEPRkR4k8mLLac+rTPvBSCqJeh83z1nO+D/XlnMicTBJZkG03l5zyQmD5A95mpNL/O88Wf1RQJkbf5wYDXBggaf9wHDKEjpeaz0=
3Ur6oKIPHWPcaT2lS0Zy8w7KCD6qP16HnDai88M5e84OOTrNSSRogxRggGCXHzggjdx1vs7pOX/H4btZhUor1b9Uyhz3faGkQGwWuJIJIqSy7b4MEDcPqfy/KXmJrFcs
3Ur6oKIPHWPcaT2lS0Zy892vjhpXbtucqXq34E625UJkzSkPAutwV16MwbjPnJJpPcuWbuF2W/2rRIP+hhe1j9uyJ18ICcJ7rAEtJuPfhQpDv7My98fX+FIvyXDB0h67/61PzFMuhPYDIWqsCZ0b2juxrahbp7xMn+mFJXsIH00=
3Ur6oKIPHWPcaT2lS0Zy892vjhpXbtucqXq34E625UJGHkDN5wfQ6WRpY1HAa36O27Uw7x9FFxZZJLJq8EJK4P1Z8AdmHUykw7irDkQNgtcERdndj/V0LXQy+YQUijkOXYPsHNcCbXwm+79yypr8CiW3pthmqq0qNnrjaN7u6ieh1RHQhZgehPXqdGsgLVhHQfmzUc0eKgOcgBXjuYQZj0PmBRvXoT6F8Hs7OsJ9gJUoctdkIjZEe0ysilRKyLGPv1UNB1uTjuYsEYoKNRySP4IHRbTZtXKoHG4k8rGSxQVyi5wIm1Wyis6Ca8wME+F2Is5B+V7XeMvS0xBP3JM7m6kfHsDZhA5vgmGMBUZj+l1FjRMaEJBocYSUODZ3/O0YOgXbbLILUV92ha/LRTCZr/7Lsvua5qC4OAlJZ52d0OxYxFcrs0D0u/vaG+sksgkBDD/wXHppv/D6pPbgNMNJswdlbf4aWW/b+tkHHIP+3ah9JEuMqrua99xCgUsFnscYRFOtWXmXzvMM+FH3LNbfXzW+Q5OaumQxI04+e7iFSTM+EKUnAFlTta8CCx8WJWe/sC+5g/IS/3kYSwbwLubr2f3J+annisrtZ4FdZPi5LnCh8amovw8Ubc92xb03g/+40p4JO/TSK7vSfO1j3cmR/A==
3Ur6oKIPHWPcaT2lS0Zy892vjhpXbtucqXq34E625ULmTktLyHpE5pBAlE0wZUBXrz9Vedb1SsNLhY1izXNqvlhmRaz96Hz1APr8DUBtNQDW30eewnnBVjHrxzvjuzltjj5vT37V+xC8R8EadgXfeWiX1z08hIhqCEgMtAeseO0=
3Ur6oKIPHWPcaT2lS0Zy85n2H0xcYNqIeubGgvGsBwW1UsRMUa5npgfOP+018JtTbFyPeFY08bOk41HsTHyQ3lDSQ+rL9U7nieIUrscEcChBgAce+kEi8rXQOviqQ3C/xu0JZn8x0/+VSwYtzo3xXkiaG2lVl3uXIxtjcdNgXoc=
3Ur6oKIPHWPcaT2lS0Zy8/+gLx01R7e5PVmPw+4/ktjAc9ikZhSXKXJaOQMInywubh8KDkFEtgrfS2wenVKV6dBpUJII4WbuDGyq+q1MBiPtPfnMNqtnVCEvEWJtzulw8H6Alj+bnhnXQ6o/boN5tRwnLi8zHIbpUVsYTbOZjHI=
3Ur6oKIPHWPcaT2lS0Zy8/+gLx01R7e5PVmPw+4/kthMnVofg+Y2/z8zRbdssbUMRwYDml4hrAiJoGDN44bYn8jFHjhCut9L8f2jcwZHCJUE+1M9Uo6wiaTIerP/SKe5
3Ur6oKIPHWPcaT2lS0Zy8/+gLx01R7e5PVmPw+4/kti2uvJjC4/yx8ITQFPEkk53cw+Aq9VtaJmHnaLnb3iRyaSaJzr1Ty7t0B+lvTJWx0UKb0Wl1okpUhQg0FeG0EUHpIKFqy1phXFAwgVHf1LCrmwu7ll0OYIrN8xrK1SEs+k=
3Ur6oKIPHWPcaT2lS0Zy8/+gLx01R7e5PVmPw+4/kti+zx/D464w7DsEReESt5Ov2/aSUvU5NfF9aITqVMv6lTMW+YWsgiBC//b6B9o1giG6HviGCDINFBtpmt11EaEK
3Ur6oKIPHWPcaT2lS0Zy80tTiIwQm/flV/zywAR5cn9yvLlFzcdDoWNUdqcRhtPAzMqeZt8bemJhDeMn5lt2q50WOHXm64T+LolwWwYrT578n7Q+l5KZ0NCrQ8tG0QoJ6zAOBl8pgdsVGtbXJlkDDbAitI+ilax5uEm8825lkVE=
3Ur6oKIPHWPcaT2lS0Zy80tTiIwQm/flV/zywAR5cn8GhaY8Q6NiPK4QZ4YfRQCYM9hS6p/aAZFTLqmNhthRbari7ZD1ByxthaGV5xcJcytka9hh4eKpavLTgxJ6+fP3QVpVDL5O8Jm1adDe0aFi0NtUAARhZBcX4iKmJwlHAGUgaO/gksIVdMyEZzPF1lEAQuH5lV6+nXITp8iyzl4eB+QvwlAtqvFeheyvyvf718JU4fywCAeiomoKcyBlnYrTcIpOEJcNGwQw+WOv7X2gZqGEM5lGPg+muI4X7eGYdHwgNKw7kLR8D1EUelK0oX0yAe9a5LH6uVoQCeI4sUG/nU+hYWAXUnfYN9d3sq1OMvcBnMJcZ/GSSxfDOICA2s4IJhXEShWjAUPBQ2pwhEGNO0lgOg3a5NdiGKodM7hVW5BLVzUyETmjPAwOeBgHBJRSnfwy6ZCKykk8sNw6M6kYvbOiGd5UkS56iyFlvDScAP+0sTmE36G36EGxtNGYel8YUD8KhtlXdMjyerPVG+XQkrP9HuXG26T/fvRSX2tEbeedyprBx8Pr2LfQ8U7fuewfB9O275aDYU7NWb5aiW+6nGMsSwoUQlOFHkmKL0Q7Ds3Yfoxx/lJ0LVCmOTIZaNHF2dK5cp4KGDk/2wXa3f4Y6nieJcfuhiaaGVrZYG1Phc0=
3Ur6oKIPHWPcaT2lS0Zy80tTiIwQm/flV/zywAR5cn9+JynF3eJ4+LHjKiP13btsTQ+suU/CJyPX8SFZa5Koh7iPR8HrGs3YDU9wtUPkn8KmloM30MTITJidJXhvGYf9xWachXvBIrR+adehkdAlNDEdhYoQtdyDfnbVmT6d6to=
3Ur6oKIPHWPcaT2lS0Zy81JCDtI37HvV/gxabG2a0CyAvnRjDSYmjhzfX1yhhRL2/JqwIGglpUN3WzUIenmxTjt4WsVj+fDjHISgxqMpxAvFQdAhBsN5XjIWu5qgy1ranEZwPdVJDT5v/c5dGkABdDjuRmYYHKRwKm31KvkCVI8=
3Ur6oKIPHWPcaT2lS0Zy88vaz8YDw3I638LTUhvTKGMvWuS1lBl5Qi+cBJukTo3xZhkjnuVMxWPOqU5vIBPw/vBBjJpospBjXPPmOK622YkjzFqKMSD5yNCDN8MzHEJodjqb6ZwTeLHe/UR7IW5ebSkwV7BF+Ei3MaNRhnANjKA=
3Ur6oKIPHWPcaT2lS0Zy88vaz8YDw3I638LTUhvTKGNau15ayEKPfJXEc8VMmKr9Ya16otLbuG/hKNvwcu6Si+Xufg7v/qU7Dfgys6BEFW2hbIfewE/C0U+sR8yqfOGi
3Ur6oKIPHWPcaT2lS0Zy88vaz8YDw3I638LTUhvTKGP2Leu8CZC/RbYL9puBke3y4cp5rI/RSIsH8s+XfY0I7ucf0JtOTTXpbEFS4MbfthNUkp0+zsCZoUXxlqSPyckRvw8m3/GLK4ZpqtxYjtZ99zDqJaBQWqY97l+MRqmf3Mw=
3Ur6oKIPHWPcaT2lS0Zy88vaz8YDw3I638LTUhvTKGP17g3avo1afEcdCnxhi2VxeMc7mNQLNlZdvha4ij04kU80wJFnBVHwfdBJ/AAS+VsNUGM1xdD3HOD/kce1VXV7
3Ur6oKIPHWPcaT2lS0Zy8/wCAzp8CYfOQKthvHmhmWN6dh9BZnbAW/r97dsr8wvdBTZhiAyu8uxKi4ps/TRO0caeRVhRsHwZfvgyi39qGxth1Q/3uyrE7oEZVSf5xmHkeQGAUCAS/+pu4mGV+bQqFMP//WxcZqqPn10M0GNzlRY=
3Ur6oKIPHWPcaT2lS0Zy8/wCAzp8CYfOQKthvHmhmWPVcclZtytUNx6AkiN0VkTOjOoGlrvF6pqn5hhNkXVJ8qLD2k6T2H0x0I38aBsKtvSThZ314ZX0Yduukj/hrVfwn+QWFuSUphRk1MQ9oFLEjj3g9DH6DOQLHbCvN+nV6ZON3Stz9qSrcphaWYqfqvMmGFA5HiqWAxk2y5KQ4gt1vgczEW773PLvla4KpQ/OifX98jl+Jq3awxDPaP41dLnjP0/CH3DvlaoDCJidSLe6ZzuwcBfhnkIrg7rkL18OurPOU2loFsz7PDApzUfughBWASYeD4OFYI6L+fbSuxAmOpig82hP2dTwszku6FimdelRqIiWUbokB7GWTLFNSfdEp/J9iGFS+HSDCkzRUl9gI/T9YJN4mTYWd7v8uPz13MNDrovcJcV7/RT1dj0GUgnIEmAkcY++22kUePpMvV5zIZbzv4vJazefj0F1r3zE6526gcDKm0EiT1LdnogIw8A+3EoZRdbI1hNGhHeDKS5G8EibM1hwTJZ+DqvWPJFNg9bVs4hTj817y8cJNp8QecWXVu0hnboTh1GMPpQ+qLYBjcWk0D6R7yu5F7wLiP6eMJf0wBP38E1KFhM554wh8bHN5WbnleE/AS7QA+TzzuarSg==
3Ur6oKIPHWPcaT2lS0Zy813aPg9FDLedZcmmaQwfgVWkOPCxYulU1AjYni3eiM0z7MOtqd++pxAw07Sia5LDxM8Mq0Dz5XviF5FZMTXuUzmgkv8/ogxNNsJAiAWtWrxcZE++EEdk+5rPwKmv8/F7e6M2lyokXu9tTgpRjJ5HZAg=
3Ur6oKIPHWPcaT2lS0Zy813aPg9FDLedZcmmaQwfgVVYxqUHlYSV58EayCGNzMkMCr7s3xMf/1nhd5RXooO4Blu2mQ0pFf6eF/4bFZ1WB0/sTmlKdIe8i8rTY2g9lNcW
3Ur6oKIPHWPcaT2lS0Zy813aPg9FDLedZcmmaQwfgVV6sVLPu5XUO9rog+A0YtgcanS97Pc6yEvxGRSpekeIRAfdn2ILjTQfOwTPsLBZ49E+dauxa2SWOnnORVwUqVmIWFlkpvwAhKs8w6jTeITNPeXjvq5c2x6SySiQA3YbVxY=
3Ur6oKIPHWPcaT2lS0Zy813aPg9FDLedZcmmaQwfgVURfHfSFJ/eP14D4UCZzz3UYU8PmM80Qe24HPF7WZ80K59sCf61Z5a2z2UKrxcHad3V5VyhHG/iDGX9XIfrPVcCrBHQzEvQlNT7t/KjY4eF5OoGxT/1gL/5Ch/gfu+jPDBnauVLDpk+VLhjB/1OYMMO7Th1IODIbuvU8BdsFRZCTPufYE2lZ7f+umMaqdPF5MDW3rjWT2lGuawJwO/krPQDdkY02sLLf0Quwd1nxVN6Zlb+Z0ucjJto7bEqFy/kmc6ByXwMwjUAxhOD0J9i6wXxKhS6imq9UHXQnBb4yoTQBacOn4yozuSAzf8XHVVbzfE241CD9vMSVeNt6YX6ap0NyDVjb+RNzN7W4KC0zpLggI4pSZZH3POUCVpBQTJnqpiLJrmoyL+kJLDBW99v8cuLsAwwRmP7H8+KNCfj1NCfIdjafqMTq67haSeUI5Dyd/19BxqSgy9qxpwWs5BmfnEwb6RcTg93xcRQrndwk1a0mCfPmqKdGVWBT3UQyzf8gvti6+2/jhlSny3zDGWQ6DmJUIPlUPNuHNuSPQhWUb/oF6cwTpXpeCOihsfIN6nVLWL2UPHg/+QHGSMbrH+6n58OHE+PCmL90FyjLzTbSR/rrg==
3Ur6oKIPHWPcaT2lS0Zy813aPg9FDLedZcmmaQwfgVX4sTFnNrWj10GIu7JRDvLIFIBr9Q3wHAfIgOlLGZ+ZiIy1fWmuYdc//XHql4LORSTe3nVNDSW+toK6G6ohd/I3TRRQuOOJ/0bn4RXYxbFKUjeLMaYwbcYrPX2LdlBCqW8=
3Ur6oKIPHWPcaT2lS0Zy88VTXa5OzI7CWy3SvqGptuoN2tRlZ+qFkpyU7WHel3mz0NCCjpMrHIrRJzYqcNts79C5G9UuJ2M6jfvObjSq0tVL7ouCeiwGSf5PxNmT3MYcMkBYidRTFmTfci5bznMHIeRFtSVxBUVGztqu4fV5pSQ=
3Ur6oKIPHWPcaT2lS0Zy84OnPj96BmsxGF3YQ9VjtXYdD7QJY9dg6ULUP+Fz7/xN9ZiPu/MLNAO5svR0BfJh6HutxlxJO2zFPfKPY3oX5XCiLhULSFdjnPOyquZGEmd9rW7Jnze85Opwf06Q5SaO5Zf9cXN6SNdyWplhXSSUPe0=
3Ur6oKIPHWPcaT2lS0Zy84OnPj96BmsxGF3YQ9VjtXbGC9ChlXRvDEI7kDh3AmD9u3J/qZlwSZQGICEE1do0qRTgT03uFzqJaFfBal+Vxaa7nGogMshK8iPrEB2ID5fv
3Ur6oKIPHWPcaT2lS0Zy84OnPj96BmsxGF3YQ9VjtXb3KIUFjntM1VAZGL5QNG1p7W3Hs5jVGD2tnhLjlAnU06A02tKt65jLASPMkFOTqZXcE9x9TrITLTSCUTFkL/oqvQJOQB7qwvo4f/o7diSSlhdAAhhnHqaYIKKDRMW2TaY=
3Ur6oKIPHWPcaT2lS0Zy84OnPj96BmsxGF3YQ9VjtXbzZPlqydxJo+iS2ts6gcSAK7YKZHw78SUqXxX/Ftn7ZWQu+FJsZ5KN7W+nGCL0DeLbxvoofzTsrEShGroAlCo0
3Ur6oKIPHWPcaT2lS0Zy8zU1I8amoV8BJFo5JfhZcECcWyjP8OZVzdGDEDuYIL7FQ+Z27x29XPESgdcoNinXGGOkGM/XXZauM7vA3zKwnRM0Fcq0rgjXEVMm15gXY0ceBhridrDl0dRCGlafwGf9LJjpBy50jrp/gzRHVlJ0YFE=
3Ur6oKIPHWPcaT2lS0Zy8zU1I8amoV8BJFo5JfhZcECtqPxkTLm9yBvo/uxeMpGo2+gchXF7nYhmgX4FZXVLpj3Fmijq7ikS1liVKGJRG0kCNApYtxed54zwqK5OTwIRO8nglDNLoymlfOzLKfjkHMpp+B3w4YsIPpDVIwqidBSiZxb3J9D78F9OeCCU8zqiya5Spc582cwmqBzWD+sAK8sWuVTKInRr1uORi+C/cUKDsJwHTpXroop+ekv9HdH0Cwh43i+/B+6u/SWSXFwMJq8pd7K+mF9pxgCbLe3LNBZzJ5FYOa6N6pFrjyICq/t6Vga+ZVPg2eZATika1IDXmeIG4NxR6TnUukuOQbBluAA4v5cj8MweZHY66wiPlgvP43wLcBjHSxvj8LAXZh8frpzPwW7+Cmi8vB+zLPdTj14x3HK+mUYqesHbY8LeVa+IQbj+qjA8EEQBotfek/2nVHO6a7KChyCzOESLhRSxPIVrCnAlH6iwgGOnp1iQW+sFdGF2fLk4ck8RVzx7ayHFGJigol0AdRPAJRfLyIedcEz9PdIyaLurZzO9mUo8zhaigb0zfLBQocTM0GpwPUAK6h/neuoRSafmy5icIL8dfVSOGARS/IgS9sZ2evvcz195UbkiNdgmCsQIHkvml9kbyA==
