GmcONIA9PFzHw1gpPLLPoqev3ytAH5KO3S/CJpMsylg=
35kyjVfwBJgytCi6KM5Vug==
FNt9orFfFSbPIXNSbXcP2Q==
gE2g7VQeqq0h5MkG44fPUw==
A4ZCFW7RnVRfEnbtNxUDb8VFIQmzxcIFLuiIjRY2q84=
cwgQW1UgxyVfBeSrdwXHsPE1eoSAri+NViVSjTYe4hg=
pYn3RyiaY4vz2unSybTHuw==
mAzeFbkWBGyzJRgEWJSZYQNn44wFaguEUnqkvHVinQw=
NiGef/LGs6v8Em6sqLz1GYGKB0111uCW/TAqgkiW0+w=
2lfNnhNY+w/3xMaMUxJbE0YFT/wvMlSDz8Vrd5FEs18=
lmeiMKtPjBsZJaSXG7FMNY/ZHaub6LJ1SfIGcY6G1xoB5YS7aoaSf9k+eEYh4UahPzfJv437wtMNffoG3wZHBoH8IMBhsrafcXu4p72vozm372kam38hkAjzQmh7/eswXFFshfmySZgN68ZWV2RKuXc8aTfduUv7SkI7HxHMHMA=
lmeiMKtPjBsZJaSXG7FMNR+Q47uvewnmT9vEB3L0BWdVUTEq/i8gX643eY+Riw57rLk9USX3dudriq+ZAXbktaIdhmtlTQJ7KVoEpRuhts8=
lmeiMKtPjBsZJaSXG7FMNbZHDpRHkx6xf3oYHlb+fgHL4U1AhwC5JjqvdwOmZ/MYn7pDyKrDFiDtm6GNfeHf+6DY6fxcw0AqqU9wCXnWQqBMcIdq7xmBpHG5s8gBmWfYOHfUj1jw3Rw9t1i39pcMBq95OWh5HAMCEqUfqov+nWg=
lmeiMKtPjBsZJaSXG7FMNYkNrEEIPc96NIRcBMbFci69X1K1ZCBDxyZ1sUi7/xCTknrHgNEzhdVhyLP3fjoUubQ4YlmTqCpqTiokt5HNyI4=
lmeiMKtPjBsZJaSXG7FMNR+WmGYSEymbXBrirT4FOaULfq7+xxmwdRZCNST6elpz4ACNMveKNjA2KuajQ7ACqMTFm4If1rTQEr/UJkMLbElMnYNaWwb7thbcDc00gqCyS2udFSdDjaRShQSoCMl+reLPH7xhO6P1zlNy/Jwxv+U=
lmeiMKtPjBsZJaSXG7FMNYyQVws/6O4zIXYEd/QWzRCsN9gYfX1Ti9vdrTHFgLqHicw0AyEE+iNINyQj8FhOXdyj5JN1fgQOycXaVhYeAXc=
lmeiMKtPjBsZJaSXG7FMNYv34QAhiQdWyRDU96srV/dDraH5bouYm0S8M91SIfauq2XJOF+O5J6qAhT8hxJeXO2xSHuotTbenXO6dlR+brtPIluPAXIkkAL+U922U2lSHDyb1r7tZIkRSdSGQG6ttRocFMtHDuRBWB6ZTd6wo2g=
lmeiMKtPjBsZJaSXG7FMNQFjOXqSj+i0cKACm3LKkaJRKR4B7mV9DZCvhdXENKkMbHlFMXRYC8vXcHfvcK5sKsWTF3hY+YSHVvTLZTNcYdg=
lmeiMKtPjBsZJaSXG7FMNWJS5dn7JnsvirvwYsYb2PgRgs04JNuJCeIom1s6pfMnyI9moWSFw0jwDZUGi4mX0kS8/mZxAzsbP48nSbjkJuZwFWm1uOSZ2lzFpmQG7SRCt8KyDM5laWMLM/vhn/Y/kTvGgE18ot8wiVbE5oApnkg=
lmeiMKtPjBsZJaSXG7FMNQ7jH4oxppSYCjjARfL62f4zpGogJs+Sv+YhXM5dbedOLxkFlFFpvwrNYQfzIhGsq3Xnqo6OVQQ/Ta6MHg+vELQ=
lmeiMKtPjBsZJaSXG7FMNaFyJfUSZ3UsU5uJhitojSypDoKTsvOReAd4ThQOI2KUN81FbWItdUFlxwJddDBD4kHAs8h3eKMU4ScR1xzj/1CgiBKRea2rQwZdkks2FOGlp3JpUVBEtZyd2HMoDTBoJFKTKSstPjVZss2qH7fgf1c=
lmeiMKtPjBsZJaSXG7FMNdKOShphfJty3FH3UW3SJ3R6Xe84xILDYOyuBCLdOvQrxRauyLo3L9Frk/sQrvUZN8rqTcRdFiI+sHIu3cLN/VE=
