GmcONIA9PFzHw1gpPLLPoqev3ytAH5KO3S/CJpMsylg=
35kyjVfwBJgytCi6KM5Vug==
FNt9orFfFSbPIXNSbXcP2Q==
gE2g7VQeqq0h5MkG44fPUw==
A4ZCFW7RnVRfEnbtNxUDb8VFIQmzxcIFLuiIjRY2q84=
cwgQW1UgxyVfBeSrdwXHsPE1eoSAri+NViVSjTYe4hg=
pYn3RyiaY4vz2unSybTHuw==
mAzeFbkWBGyzJRgEWJSZYQNn44wFaguEUnqkvHVinQw=
NiGef/LGs6v8Em6sqLz1GYGKB0111uCW/TAqgkiW0+w=
2lfNnhNY+w/3xMaMUxJbE0YFT/wvMlSDz8Vrd5FEs18=
lmeiMKtPjBsZJaSXG7FMNX6wc62za9hjJ5HzudXyKt3SSIh9AKGsIYu8x2Ygk5lM3g5GM9L+/j+nc3rDFfK//l4CQB2XyOis2uGVv9NCnhM=
lmeiMKtPjBsZJaSXG7FMNQIfQmyTX7ypCvTDnfig4lDnDZGejA0AqRmZp/QUo9vcqWME8iB7IERZ7ZiMzIdmU0VfOmweet0Q9UFmKLs5VRaYwp1RvTGggufdOpI8zAzP+WMdOTrSeO2D03DUzM4yLtrVQAyABHAgNzwMzdgqWhA=
lmeiMKtPjBsZJaSXG7FMNZckbFEHZ9pL1IKzmCtc8iG3vSSK7a9Xq6MeHHe6xS32g4jmLHcbthfjhX1LU+v3MONl9XzviX8ehw821El0W4M=
lmeiMKtPjBsZJaSXG7FMNZckbFEHZ9pL1IKzmCtc8iG3vSSK7a9Xq6MeHHe6xS32CpzzbbBM+ofSfsjnKwcblFGZqBMfQ4bXC09dLx1ANJ+h3Z453ANmFI4Hykpiwifu+OsGlCS5thkOwk0v8//KLmN20RefFtZNXwp9K5wh8SA=
lmeiMKtPjBsZJaSXG7FMNWPN+S1C4wPNR+LSQtnnHdgsVqOABNZhJR1hRXTF3NCw9DzmIIFhFQBuYHvWAOlx4amrj6GLYNSY9nf+rKpQsXIxb4UGcO0jzQT7s/WjGOb63RK2aHhJu5YTzknPwqyC8NDXrKRKevrZkjXeYY7yWJU=
lmeiMKtPjBsZJaSXG7FMNXao2FA+3p9zECqhab+xhdsOR0Lb8+TjWpHwJnCs2Vvj29n3rj7Ue4ILewOqSFF/oTbGGbrqo65yxmMYVxTwi1w5Vni0Psv0efCGNyY9Xrfb
lmeiMKtPjBsZJaSXG7FMNRcrigaC7S42t/kOQiaCdf1LF41tIdT8BjiyZqcUBL9BH2IhUpoQZrzyVCcYZjEZ8rS97kOqJ08/2C+yBU2hbKg=
lmeiMKtPjBsZJaSXG7FMNTi3w+DH114I1g05bTY7DbuAF9oRz8nyxertGMaVUxTAQ5mw7qcG/BR0bU+wWOmNbRKKztzonlNFCqfbiZtoqvwWCozOC3b4NuwzYpvcsYqi8wVra+yWZVV8nolGtX2h9Eqxtz34PIxwO8PbFsfb8No=
lmeiMKtPjBsZJaSXG7FMNTe6opbI6Vb+S0T7XXBrLPAKbXQ6loUabfBgoKT4EcZb+K3/F9xYGATDsytKjeue0Qba/8jYMyb5UWUEQv41Hr/uiFByhFmWWDv6aIU3Au/Mc1APg6kw/XIfnVIMcVNTMQ==
lmeiMKtPjBsZJaSXG7FMNduKfkuOWuZ1zeaf4wbRDeTTDSJARZj4XIWphReuwJwT/NOUjEk31CvUmhEkwGgP2DnP4UVsMbJB40SYCWmNIvVShkFEinhvOJe89+nxXNxeGbfbPeSG6W8lpIJQCbwnOso89i4e9OTw4xtv4Ps4dWiaue1AlzTOLnuIzh0W98gz5nO3xl0txjbnREz7d8Vs/RqlcCf7sU1FeMvGFiHh4WdZq508q145vOsMdN/rkWNWTnByXiUrYe0KS+Ybmqkxw686FSxFt/f6GwTTXBz3vWo=
lmeiMKtPjBsZJaSXG7FMNQhmpmYtpH6dpjsowFuslrDZoK7E4P1WerXKIDQAxmY9itHuBr/x8aj81YiKMJaHlt3SeBqV2Q1g6dEfNFsaFR4l5jWwzQpFQJ3b3SHo3h+GK4cjr3eAEEOxbcdnQ4mdv+R5VEV6a1NRgnmNYM/6jQLTpaK+EOLwp6txlCzsm8BS
lmeiMKtPjBsZJaSXG7FMNQhmpmYtpH6dpjsowFuslrDZoK7E4P1WerXKIDQAxmY9o50Nv3swzhB8WFbmUas0rjsS94zVsgb2RUP5xhz7DCk=
lmeiMKtPjBsZJaSXG7FMNcsoF/yOKk4B4uTxfYn8qs2VxAw7hES1+yqKD5WGOfZzCvM+BA44KiCsn52YoLrg2V7nxYVwx79ptx85xHC4aqAPjkb/Pv7brT0RV7qajlne4MwRRzkqALaLsQQqfXdWrRD+ZC6RDPjDsDvdFu286Kw=
lmeiMKtPjBsZJaSXG7FMNVkSE7PZZdTctf759MiMTyFdk8mvE57Euk5MB7x+7fZ6TYi37/MZBompOgqjYUTDM7/0Kp5TKClYlKU7WCXKJ2F3NgrzCnaQef1QF2lNqt1yYlLI7s7QPfGuTgPYx2LC7AxnGBV9s1BglAv5PV0hNBo=
lmeiMKtPjBsZJaSXG7FMNSHepOz5Ut/J2ztunBKsHhFUrOgoT1OwOegQ+wHgHopXcmR+KAqLiOzEYeG/AMqM0fVvhtTOxizBRqAzHXO9Uoz8Nl99CHCuf6HJFsx0lZS3IATLKPYGxCLANxL76VYj5g==
lmeiMKtPjBsZJaSXG7FMNRWgmn2TxQSO9f74jckwNMijaUKthYQ30elqu4i2xPxKV2n8MjN6fVxRd9Hv2sLjuqPAPcaCg+v6Euq0EUm8+EwZqg8yytJNtmU2NHPxrhBHHWLWNqr4qEG79f15hVLOkA==
lmeiMKtPjBsZJaSXG7FMNb8fLo5/pnUstjJxjv5C4U7WnZpsrG2tpYUhTh6Ibu/gF/f5rFsro2ze1iWIDxQF8HGD6jM6f3zonpfnmO3Ccha82NLDF4RK/r1NPWwyaIKEi06w++5LzjhBeaEhzNymig==
lmeiMKtPjBsZJaSXG7FMNd0JPI7UPXIgRhJeUKYxU76QUlNtshSAVpk7c61idy24TW9bKm4XrgfPJg8B6dd8HMDQEKr0ox/SyoLEizqBhT3g9AtnRTNPT0GrCJxhDouQR/JXFx3eoUKlx6P4f/PGgA==
lmeiMKtPjBsZJaSXG7FMNe3gRa4KB1QquJ9DFjbGNXMSqRFA+4K3ryY1TlJNmydTilFHsJRiveX2JouCVZ8DO0vv0vNgFBepZ9qMrr5P8EbqS9X8tvJsivFSujvi+ywUqrwtCNYLe22cLTaosGO4GQ==
lmeiMKtPjBsZJaSXG7FMNZTPFD53Q+WJEHsy4UGKnsx7iQB/9HgFIf6BRjnu7wMYA7H8wTB9OSygqKrm0ybtxQSP44UTTrPAIsVaTcN6s/vh+tu93CbYZRMtMJugzwGPYSZDbvyN71f9c7P7FJy6zg==
lmeiMKtPjBsZJaSXG7FMNYT39AJM/4BrPk1lnP5JYJNxfCGCRMbv2DYhhZi/FK812fRokPsQaqjuFUTTaSq8zbQ8gIKbUtpQhJNoWg41vWH4dH+rBIJaTBKxQEOrLWb8C3JGUvKse1hYAqSgbW+e6Q==
lmeiMKtPjBsZJaSXG7FMNb6tzSj2GWJ8EXsCJFjxq7pmEEYRoPj62TipggxPVlW8UB9+PX7jpRqtWoo6CJzYOyuxO0JkcfCA+/0Agu/IPD7tiUBT/ErEYqmJwtd7Y4NgcQI9k0gdOzmZU06Rmx6EKA==
lmeiMKtPjBsZJaSXG7FMNZuN7uOOKkPgXKdPAfg8vZF4DartTzIWrtEnUQ3r9ZNN4BZwkSB0ldWYf6nCnEz7hmY+NdYJKUl69jCQZBCN/lFXvr+tETKvyX7ix22atxDemqn7pKn+wMPjTnQqjP9MLA==
lmeiMKtPjBsZJaSXG7FMNRI061OkRedb2Sh4CPYky9SLNjDKve7DCn7KHfEg/inAqEmN/BIP2KlRjnJrtoj4aYfhsLDBL5fkrm1eqE9FQSOFYLYxNNgNHei6KfJ9QEoz2hrNbr0h29kj2Fu0uhGaMQ==
lmeiMKtPjBsZJaSXG7FMNZKE75s2wNEyg6rDKzRrvp6owCgvnzOMl3bErjgz+whu+B3el2cYS9InFUkUsLwloFGcBXFh0tUZ8PouIsgMKhRVMuKroVzdkRmXPJSLNZbHImOU7JjZeifNZaACSB8ekw==
lmeiMKtPjBsZJaSXG7FMNc+o6lLLqcFtBM4NKvO06gdrj2BlU8gZRtxpQnbIrBsKMl1kfDB1/13IWQVm5RA2RGHyVJF2g4tWPBr9Chf5LhLEHwTPxLp9BTtGF9Lw9zpNLL5vRGSnflg9uf551QoJi+s0BU4PrtDn7U7XSHpdRdl0IQ2eUFVGzcWUhjBvbKq1
lmeiMKtPjBsZJaSXG7FMNTJrWkSa1oqMn61Y4yy9adaxXOX3/qThrrmMaRGlBIRsUaiQqg3TMk2oPOe2xYIcVc8r8FcGbOQU94HgxyAsBhE=
lmeiMKtPjBsZJaSXG7FMNTuILrA1WeG57p2oZuxEW0gzKPQtzX0bODY+/UK64pwOzbv9vtCmrZnpN4BnPtqaaWV94RO2Eel+EOgSagNRX6z65oGbh6hv2lUavU+C5luSekP5vLfPp6wdkwrGIKM5hHa+kBWpCT4JO9uf/n4HhQI=
lmeiMKtPjBsZJaSXG7FMNRem5UT9q1yAlDuvH80LNeKRuJZIOnj6WFvdaCRcDxVEmHKMw+0WP3juoJZu50h9CkgGv5GP1DDmXNldbBfmFFU=
lmeiMKtPjBsZJaSXG7FMNRem5UT9q1yAlDuvH80LNeKRuJZIOnj6WFvdaCRcDxVEIGbA/WMnDFtBQNDXa7j4X6kNuy4YTu1NqKKKfEzqncp3Rbf93YjaOOMhbKtWwv5K8zcZdfrEFUvqL8POXPOQLprfgte6SI6ce5/LyKihGz4=
lmeiMKtPjBsZJaSXG7FMNYasOd+uzAgi5mPbrkwLPxz5rovRWyJW36BeYOxhpcD3mJfgHf3jy/WqfX8Vf5vvzrpru+4IEZdBB2szkgz72XM1DYTZkin3iMkeORCLY/g0yzIVyRhbWCpphK09naAg88nti6dMRrfgM3V67Pgtl3U=
lmeiMKtPjBsZJaSXG7FMNW4rfUAGuHMgwVQpmu/uKiBQSCPjO/jmJqO9Wyru+VaWnGlanDoPYvmdjsROc5dE6EpJh0bKWly8e5bJ6k/FrohuBL1k47ygDtmqIoq8QQU6xvWjRkkfpTTPIed8zfGk2A==
lmeiMKtPjBsZJaSXG7FMNQB9Xh+JnOVbZtL884YvTSogXUiWxNMWLHUttgSRJ67O1KQx+qZpmutA5LXDKp8s+1Gw9E5/8nDeGid0aYkknMxPZI9Kc1bU6SDefkvMFnXO8nHJiup/g432/pRzHxMyLQ==
lmeiMKtPjBsZJaSXG7FMNT8OXZs/GZF3xtw2NCjMI4w32li3f/510wxFYVwlMPBpQwX9Srqw9CXsQyI0Naix7u0nrWcq/wapgyhQTGwg8reobe2Yw/bxTWXFGjQibtyhpJIG1OJmZPeJUKG4wlUsFQ==
lmeiMKtPjBsZJaSXG7FMNUiokenbqikkZPE1VsIZSoAG/T6bYIUOVihiDBiHUNqtZfrXv6fVMQ9WU+Xdz7XYQIr8x2Ol8rzOPduD3UnXw5jjXvKTaL3VSCy4BjiXOCI83AzURud44mXxLZqg7/WAZg==
lmeiMKtPjBsZJaSXG7FMNdrlG5XOz3olBcOZ+4jA4702doCYgaN5uvni4gAqaff8Qbj6HdEjodbIhbguHWKBWb+tmDin921kJZcN8mgLZ98BGYwvjOeRnQnrCyR3GMbr2UZDOfivhjEXyOaNyyG9CWrrKfeaF6oqiZX/i0ejup+jvlEH5zI7J5/+5ktFqo46FXZiSpG1Hek4/asWpjveCftrpG8M0K53tL1+V5gETGW/4SA5wtei4wI986zpgl0dw8tawboj+bMqkpLzU76gcBYqihJIXFnUxlf7/3ewnytBONkYnzgnC1SERsy19mRm1XIrELWtO68SNpF7bjow0hps8JhgaEyDkKF8y4Bz7xW+9hOZ25Quv0m2ZlcWHpOS
lmeiMKtPjBsZJaSXG7FMNav7+TwbtN0ZuOmUOQNoOzxY282hNbC+SIZi5/EJGjxcn6ySQWCULvacGx2EN2/EX9b6IYwAnPXwAyUeFB0ECDGUN2czDqkcVHMtNyutRxeDlbrS0uBTRFR+bIYkALTAmA==
lmeiMKtPjBsZJaSXG7FMNXU+reo8Fv2xW9Zfi4LkcT79/4hsJHmRZLDutwFtPT3k/x+TOI5UKInr6IbKGTWbeCe08HZfxrYFqerRZvwtP7oOh1KXWsVhkRAw5z87ZynTJXOjTYwHI0DgU3+kZY7aWI3jWc8V0w6pvzYN9sliCUbkXs7ItBpboHCYpcUo9lq1TFAWryRUV7XNF+OXgSJ+sRa5gnU0dZ0eiUmDtNgkBRHaE9OgnlwL2c7vFk/K9TzrXoTYV1H5rFQksg0p4qDHuidgtUBcP5x9kcEokFzFNMZQlozFrcJK06tffqVlwxaip6ddt47gKuHFIXfGXUJ6bcl4JT6iU5/HsRWpxEAKiOg26ei7f/0/ErES9Q7m0efv
lmeiMKtPjBsZJaSXG7FMNc6b8n3X9k0gfWCnKhB+pCj9+xR6fhJXu81cWP7Imb6oTKUfyKQmp/pnC5M03i25bukthwM5Avl7bl/akUP3EyvvqomKPlkROaqP3qQ2d1GBUIuSXf4u6jBpe0rnVe/w7g==
lmeiMKtPjBsZJaSXG7FMNbUNeHEjiW+GoDlp+9mwRLR+Ih57//xnjana5EpRvhDBEA3R5jfgYcv6OUERKwl+Q7yNuLdUObWRCsaErvIRy+Lm+/Bvc0KC2XAVmKNgxxxAXH1ddLIytiHhwgEqHhvpDX85XTBx3hZ00zOemT1DDcUnfc+r6pAhsRFMrNFQRX0XRZcuxoLk6xHRKXylVnuzx/dbIJ0yZOUk5hbMW2VWgrNTYVQn6tyWesEW44eJQtEBnMtVyfcnc281z1I6Fur/7SW9PnNYBBMORHdFbam8BJ+KYIyigQNJ3AUqsDUL9f8CufDvh9+viy7sG0sLRWfa4mFHpQiVJaDDNLgM9RrCGOwGM0vnmqWN1J2uJjobrlVs
lmeiMKtPjBsZJaSXG7FMNbM5dCy4IhiqjgljcfCiZF02m/dzmvnHtlXEhR4dy70vUDzmfTdunUH8iLkPk1ghHZZETWGM8BiaZY0C4Zl0OWSqaVPGzd1kJ9qjmDX8uTYXKWtk4usoWsYLHEFLt+j3P3BZzIGfnFXQJbrSvmiNvvvLeKb/dsrNES6EcGhTsHQb82TfmdcB+hLoYic2OMUtS8bmYEdvPQ9TBdDnLwoM3lpvSkVVup+0qt8YExAxnHjl3UMZFQtDXw8z7+s1iaYk+fumPYH5kB531cSmAnETT0Ib8Ee9KfSnswjOJTr4xm+3HM9gSzrLhJnKGtckzFjjgC6muzQtZGwPdTsRt9vfAvqfLQTqt4zBdRJvoH820TIM
lmeiMKtPjBsZJaSXG7FMNb9im2L/jVUOrr9EbO24O2QaZS6IKY9bFS8XNO63bP2H57ydElH6NfWw8yIsxr7BPhxawAbSCP8Qlk+H+QlwhbbJEi6FbMVd9KXvl9fu9RZ1s7vnzhzKb/28TIdLfhnjFQ==
lmeiMKtPjBsZJaSXG7FMNdRIzNHsK579jpPpwnGS5DY/47oozFGlQ2NKF4Pnn263XUKj2FoY5ww/MGCjL8asYALyQ1w0x/JK/GTI89QJ6mgKA1FJRueJ462I2PgxzuA9Gi5AbRrC4SHsD57osGdVT6+wzW8Rpkyoxl+eDJ/xge0Hi3e2rksR1tpWOKlX5rxeXx7xRY5NxUpMQ7s1ITP8i7p35p+W8wbif9juPZVRczTocbCwe48jGBpFZwIvHyPx9mBGs8HaRas5TNSkPT2g/fPjeEy6Tq3DZrVL/GlL0vqFMXhGhpiiuJW6z9+kMLRhh92c0F1OA1VzNLydK3CA0zISUInV8BsfrIwbHGI94x2y/N6f9DxiUuvSztZSdIYp
lmeiMKtPjBsZJaSXG7FMNZ7gVFBz+EyclcWJMX1TflswRzzwzgJ4t6sfmSxg+jrIwr96L2CBtmaHqUBksaoyHAsZpi1vHTuoVC7QqmJTxSjMr0artQnyRVrf4NMC9uFP9Z1RlivHel0au3w9sMdH8g==
lmeiMKtPjBsZJaSXG7FMNf2zeSyhblM5LbAcY1/4oRhg22ApPnWwRSQ9BWi1xM3vRlqplFkZg0H+TWISsYILfDifjnXp7T9Dl91gDI6zF8WC6sRUysjMbW1jMvL1aB8/vGxBpyUwI+SxO1gGGOoOXA==
lmeiMKtPjBsZJaSXG7FMNW6SaVQkdBada3byzRwvZLeS7Lk5ndE/nfJKDVwhVXMn63kuZoOw2+uzzIliSfwlRtZ0noRCfnLvGEZrDTxQftKf+XuYfHbH14RA1YxGupkh5ON450Spy2ZDqEYIDIvXIaYEWEvbrg5EdMaQlLFfmHUuTs4ksa/XWfh1+nqy1lsU6iWnAkaC11HS8KLyoRQ4LKw/Ti4Ef0ZaZgguO7KuCtPrMDaEzE+dxPreiBKvsw4MQHD74ht1j2SD2QZrjaOjDJHnpGVV8d6q7pa0WI5Tx543LxICkUcdawG6Zrru8eLiPU4chsjBl2Ah68LOVUEJ7kuiccZZ+HYZLqZCmDLLCS4Db+6UGF5Iey2Abq3rb7JV
lmeiMKtPjBsZJaSXG7FMNTwZjzS3arU2w3xiMvWu3TXYIaoiWHw0qFKUpMqi2RhumQWLvv5VK03EEp7JxHNcNiyriv7LxJY20KJUwZLhA3Y9eH5/91ZFTV/9/I1Lr0dNTT1MVPLeAn6ENu0PwQsJaw==
lmeiMKtPjBsZJaSXG7FMNetaZpNRaK/Up+j+4tX1h8IPeclL0pOkBZjJQkGlhu+0C8s6Rmc63YiK8jGeqsmh8rKfNcFMNwXIbMm7MARHVy5LG13nRLVoU+lKDyYMNFJgJok3SzLYja8TzY+T33BbXIizilJN0AdJ/aX497sQkKc7WcJbTzFQPpdM0x1B4md/s63zsYhdSoRBc5mUuN/MM6jUImCqX55qoD4CZQScrLR0wyBT5bWhp8Km0us2yfWj+iUeLhgQ0yBTyFBI30/SbW8HaBk0Q1YrqFuTsJWZ5ll7Z8QcXcKXgARhtf+Hw0nYYIUmkWD3+2FW6wZ97QSamVVcg9hSr5aTJXtmJbYM3f1voeNZDzZyNck6ndypxVfx
lmeiMKtPjBsZJaSXG7FMNfdlF8OcEwD6TNr30Y4Sx4H4FxdOLNCbiRnIrqzJx6JLJxrBCohK6/hjqZz6DN7nmrgfE3ELeHNf5G9s+BD+DuW+3g4y6PQ5r2llfj1kr6KfnRr5kgvP/LRyutyPVEOkJA==
lmeiMKtPjBsZJaSXG7FMNbUXnR19KutkeJzzh4ot3D+pDib9Oa1JuHCJkQyeMfqX9dz7Pgq9EHb49sx5vEU26kSZ9RpY2elhT+PXWJyx9hTexAJEjvBj2CFpXTmlJ+ZSglu5ZE0Hy7Ri4GyljAnm0prcYqbRPeSJt3VBoOlq43XaHnMd/cqwsUHbG4sAL/GzURH7JoWJdIb7ZsmngHGjuM+tXxUS0+ROr2aw/nw39cJwxs8kHxSeUrZVvZPMN/0DwmDmieRJ9CRaLoHqNz2BikORJ0uwRyvCVOnJlhMvi731+LU83ncsNnRAih93kCQJoee5XgmoINuezXm4jIKOD4aFc27ljuTFnmLzQ8KYhoccHs5nDgWm7rwQVjRzGy08
lmeiMKtPjBsZJaSXG7FMNT1x7biLAQsnLTPgIo/C7P9OqmT10uA2IOsENiImmAQzsHXnFXkVwjOK1CEgm4z+VErjv5Xavr8kGpY1IaMBFfxUHTMcFTkwoTZossVdCv0aVl+HNPjGBfj9BaqeHp3m3w==
lmeiMKtPjBsZJaSXG7FMNc5BqDpeVGuarjYzx+RQH14U89b66bhiBbc2ebCJxW/+6NhlLVYGN+stvZEPgVrDg8vFeYZXHp5cYTVFV7Uw2Pt/G+N4LxRC05CAJaywb4bF/TVgB0idtYJrt5ViR+x1Xxc1B+Uzm5dlsHpjoiN8Dou+/zdMMDs2YCK8txrHFk2G
lmeiMKtPjBsZJaSXG7FMNQwsp+pmlHxs+V+5bHfk94nrBY0T9bat17QRovvqgl28g2QcIOUAxfjY6KuUE0NOvSMTOk0Ib8eKr16a9Agatsk=
lmeiMKtPjBsZJaSXG7FMNRJptycsflieTGJWGnniW9UNjEqSR2XPPeyar2ntrOoooSAOmt5OTWHvVavOz05VJlV9JJ3yZsQFZ7t6SPl58V6dLxczSISFsC2Bt/ZJRlkMUC0jHElsdvhdDgBo3TPDNNm6wGnzPVEKThKgLagewuw=
lmeiMKtPjBsZJaSXG7FMNRdXBuHlOHjboHnhnJySBmxvl0OqY29v8k9qT9dMN6ufu12lpU0zy5iv3LD0EkyiiZQBVqgOHaX/+cOJk8UM3s8=
lmeiMKtPjBsZJaSXG7FMNaArVqGEwi6S0P8T2HQRngqhLB66yIfaAS72Vg00ngiMZkWz6hWqjFP4Q/a77Yh0m2jJaNGlLZl0NN+eHmA66CjPQtLEQ1rJCVvzNZS6W550IqV4YDSZcf6aWnpMjbVcpMREqV1XXAF5W8JiRunFOxw=
lmeiMKtPjBsZJaSXG7FMNaJxiuzGFnUChMnspTMds1sANSFJS31x3vmXWU/AuKOvT9uMEgQL+oaURA/0gKLDczVZFtZ/qxxmH3/WKELjBRGIz5JqmnBtCB2/ZIm7t4/X7poF6DK02XXvTAlsqkfXllcuQ35mIWJj6EkId+drYZs=
lmeiMKtPjBsZJaSXG7FMNTLRaRNWrkOPYuKYbXI/zJA7Y7ARgqeNirqKvrLVmq3OGvPHcszgFIma3SUIgcRhM3es+78MlN16qZhbbmz25RPfdqVguaPqPmgywjKDpzTtVTbe5Jp2hxI+7uIfVoVc5a8i8JC1wJrE0DNJDXCcgaRS2GQEMV3rgx0LU3YwzRNCpY8x3sldSrRh/K4vQfbmGByDxW/IuGEnJIzn/cAVoS4YSYOnGzY/i1zWn1ecpvnrf6RGUk0xD5M4wYFJFGCoeMF58cMIlUoJvjGInxqvM1diIS7RxUgkyDXPD76qPodP5BaNJIkicfSZkVW8xadq99bvfA50l4GBU76TNsAgvZLBpz/3+150zUL9UDfgTNZk
lmeiMKtPjBsZJaSXG7FMNZLAr1F8ORmBeNOTr/QC0dyR3JV33TU5PJJzrKkhMIz3/CAUgwsbSn7fIopscLLY6VAT5EwoFaTCo7KDKx/fAUUTr/2BKivGFZ+nm2w9TIX1ENjrEiaMmSlziEy0g6vioA==
lmeiMKtPjBsZJaSXG7FMNZnC/L+ICBOqGFdm99FnBy9OrXFhXaJTOLKLivBCleUGBf/ffVInHA0eKKKJHJIvK2r3sT95SOnTzAs8Bi7fP3fMlYgPPwCfXPKDdQy9qX/k+sLVoRs3mzzK5vq8tjRNPeI+XGhyQSS/BTiBaJCWe6wKOPuPg5q4pfEiKHTn0JchU5w1xnuOEXQ/0+4VMiO7nGod3y8sPxh3qN3SOe/r/1Oxon1bIi49Sl6jJ3X0cFbF4U8sR2gxFpxYxRWWk/0EMoUcSqyuwkaOfAlKeKDbRywWDMBknvQHkhTgVd1jb+iDgxVI1jRRuIyRBNnxoI9l+Mm1g7TmUSXrHjF/6RX7DRbkYh50UGkiXpso/iz8oraX
lmeiMKtPjBsZJaSXG7FMNb9DG/u8OzCvhzs57sHPB6SaxxHaW9HKd0XHDKhF/TzNCpQS1cP8PptXgXNaNjCNqmPF7cFpP/IUAcMouBOPkJz1TTHXdI98UPzX2h7xyfNmVk7F8eo7OlQeyvyNHA0oTA==
lmeiMKtPjBsZJaSXG7FMNXaq1PMG3RwENwIJwB+w2raBdrie0bZ9bLdXTcsQ4x1zhHuJVoV+NQtbptMeK7TQX8V1bQ68MdCzl6cLJSRD6RRYZIT66HDHzvJxeuAC8TDVQ6R/AxMPRU4nKLYcaI1tTO3+dGN+NZbXDMpUcgUxx2XcnjBADJX3YIVJFiEu0Ax3tDwXDycaad4+PcV2Hi8h16gj7oHMlpDJRw9gCFFEnZWKzqBz4AHnsFtALn/Cv7kItADfwcRQKlrxtX3AnEDQ/jk6K2AsmtBTubeeLt1/9S8kxzkECJoHzLMAUyp1f0VZPrRVfFBnhUJBnn+vPN0Q5IGlb+087yPzPd/4mFvHrN4Z29FQCae3cDyBucYqi1/m
lmeiMKtPjBsZJaSXG7FMNTwibpoo5oPdJ1a4qAI/5dZdfCD6gUt+oGyiYitQo3LcP3w9bVxxpRwVb00EUMoNVLxbYJLjvAMkdal5BMD/HqJaLMpsmnIZJIl9VEztzEzzA53YjXNj3Vy9Flit9NbOkZOkUZZZb3Nz/xXBCS6nAocdwxqSrXNY9UfVoSvaLXgs
lmeiMKtPjBsZJaSXG7FMNUz/On0H9GlPWSjBdQjzKfxbRSc8MSSCIMFTlsc03nbas1/d2YuPgCIkfMACt/mq0a9l7cOpUuuUjeRiI+n3qko=
lmeiMKtPjBsZJaSXG7FMNeqvIdOsAuWsbroYzlEF4BUvkQAAL2TQUAIjxDvEQY/3y8ESpVrSpfQ/ZPoXz08+a8fxD+av7RuA4IrvoxLVaZERIXpGorE2SSfMTChgHHhLTpqRYrYhFT92B63p+KHh5LzDludpeebl9qKyDOC3hG8=
lmeiMKtPjBsZJaSXG7FMNf8glsBoOn62kwC2wTz3IsucNpLLAA0obdrVd0GhcyqFyHgAJbBZlAQWKsfQQazAGlXZYd7R1z+GHmd7Dj2U4E3c7wCo9+d2IcWgT2fSsFzq
lmeiMKtPjBsZJaSXG7FMNQJKhc/yYkderMtMW7+ImeqyDy/XODFyd/QGXREwNrX84w0HSsY186HxvVA+/OyTsbmgqAOITB8Hs7uD3AbcFczcw4INBKgKgBEQJ1FKPzvwNa4dsTcM+6FEVpwp19M8lQ==
lmeiMKtPjBsZJaSXG7FMNQ385lmzoT0YMyv3IWrrX9Z8cDKJHFwCX0XXE5wo6nC74lnQJp5z6IG0Uq5niHzko/y9Tj3BVNAFgfleq0fNqCG5RPab71DKdTZlwrMrHQXX
lmeiMKtPjBsZJaSXG7FMNafrZM9R2EbWBEz/BSabMmTKHV4wUEZumAXsHLzKT/DNVhJoP/JdLcWYXl55JOCVW3ol4ssEisZeHT1QUsPxy0mv6WUerpLgy9qtuTTeUfwDbKve/BxGUSK5YU6cnv+5F6qa8NQ0A70bFzu7jS8kHns4TlPxf9jpWRP+a8SIToC6ohp9Da5+2eBeH4UrvuE+9aLyCeMLq57K6QqOxJ5TGP2q3LMJYmwMlduGICmSt/AJ2UGNnzxyvomT9Roa6SLLRikEwLBmn/5OckqS/6hx7F9dhm5l6raIYNp+UNBytOKbTO9oSlL6xVZ+VfZ+vj6iX0QKWfvN7Wq4zqn9qWiMbaeJ4v7NouD1LN/UqViM6zV6
lmeiMKtPjBsZJaSXG7FMNeKdrlweoS27KafuV+8V1wIbDdBKAnWneAB+MjTZQvXYGiNRqiY2yweBw4qH06tRpOA+XS8a++unfSZZZ/1vyPndG4CekrXuCfsklDhqPODIiBLPzvY9brbqgy75pkQlDw==
lmeiMKtPjBsZJaSXG7FMNWie5IUjDF2fZs8B52FeThuqdh9w+jp69z3RHdjBp6kxCV+bFkn1yXKI3PJ/6/t6T1wdOccAbTJfAoNJO6J7PoSCr6K2R/Ibg5w/MHfD6J1EGwdxZR7h1/NYx1F3j7I/Sw==
lmeiMKtPjBsZJaSXG7FMNZAYDveljzawaSOCRABSf3uwXWUO72sn+oVGZGW7MlTzrfOZ1w5rIn7EgCk/e9Y/yRmmiBvStmxZia1Gacmo6kwBlKVbXVBXmhHr+SLShqCYcXVZGuotEv9if3/qKKQ4CzzgYvqLvz+JsOWZgcYyNyFKUqXGivNjRNgoZr1aAhMpa419XloEUiRD+OLyrfFkUAC2OQbPvJKQxuJmY3i7ogFzuaVXAOBhRtFlbPrqi9Ux8PPG/bdhRb+e+kFl9qxHfpkJESwKASgRKKc/uGFw7QD8Q9uwtynKy0s25ojF5NN76WARhFpw94XUMUeXaFZA9tGapbBFBMrVDcpMEvUyoRfnlH/0NY9FZJ7v0CvYTC6z
lmeiMKtPjBsZJaSXG7FMNeA4diXOJILOg1P78g5NWin8vlh3obJ5KtZuC6hku4zNveEtUkn0rhhy1swPWG/4hT9jD8NBmzZ+CHBmDuCeXFrk8+H0nbcE+hfxO3Qq1kmw9LNyV1vFt1a8qBEC/P6awA==
lmeiMKtPjBsZJaSXG7FMNaooa5QrvUhUky+Bucg33EzzMo9mKQH6a/fX9muaekn8f7PbOi/B3w+iSVz1Qld6O9nZYq8XCkc4UDOvKWUuqTEZNbMOdDNhsbEby+zCIN5aMmbMMzIb9lx3Kr6tP+vBunmCRY5PTgfQbfB1lMrH1c3VAnegP1wSMcbr2mlXfFSZH+ouUtrMh5XMfxQC+jEB/pDt8YYvGxTk9tnD7JkETStWyuTiV/WUv3Q35XGhfSqXi5GPlojbZpccerEAA6kkkmCrwqp/meSa8FvnhqEuFeZMICD+LnmagmM2UNPLS/dxTOgzkgzG0XjCLRSQOXDPR0ynaqvgeaG6OcppXNaPdY760oEPVYSNAj2tTiIOtvoD
lmeiMKtPjBsZJaSXG7FMNW+1fcX8Umgz/dofgYz8/lHIiRcbt0WfAUW01rDcIKRqn8v9+zomRz8T/gSBqfufTNn/alzL3mb10AUojlryLFWOYd8wK3grIsOvV9pm8YEE
lmeiMKtPjBsZJaSXG7FMNRlMA9AX9DSczwq7IXb3zNKdoQjMBBIuyOH2Wy3Tl1XFD+qU8EBeUeWI61a9c/Se2lNLRKldV/hVbc7I2OzlpjfId6WyqhgaTFFqzQ9KWT6r1ELTBuk5aFzmxAXr4C5WDuNCUu28cSgorkvEM3SKhWXgJV3Qjcq1fiUJoGkgqBSE
lmeiMKtPjBsZJaSXG7FMNRlMA9AX9DSczwq7IXb3zNKdoQjMBBIuyOH2Wy3Tl1XFLj08mdc01DxEZkSYWjLCvBRDu940zs1r/nJpi8jQhQY=
lmeiMKtPjBsZJaSXG7FMNQhl2xCxWBjGeHrfRKKcnIGULNN9663MrO7DaYRCK0kiArgvdt02wBqFMHGAGHoIIj8Ad1snFAPkQprwA4vWid/TRwHW+QvuwhAnOWBd3yToHR6gkjHUr76D6+6xIZlA9PyZVfM+rfd/avA4iU45zu4=
lmeiMKtPjBsZJaSXG7FMNZEqpLOPwYlnuf9k+Hy6TXGym1WI8O0lYxfXcT1giJhXf2Ojs07ZJmCjCIq2ihtMJqhXaveSCBQUr9gYyHZqWIM=
lmeiMKtPjBsZJaSXG7FMNR3FnC3dEJkY/CMkGTtmGcIjASnIttr1GHg9DlwxBSc1CeIRZR7lERajhvirzNbIBNrv0GnMItDMLXaUNvRzauKjj1SpKUFl3Qxy5nmzxtHbl349XxNkH+ArXXJ71o5D3yS7bVWaPxgEdQzzRkQv4CY=
lmeiMKtPjBsZJaSXG7FMNQ0+giLthTSvJTuMqGdCMyq8MrH8rxOmal8o8h/y5ZLPXGU4m8xzdnhk+Z5C20P6kDNjk6YH3GWveiLMg9fsm23ECBLrE+B4nGfWe68a3diCezrqGwrg4bc3rrq+JRFtB6t5EHUQjj+pOKCQ51xiUL0=
lmeiMKtPjBsZJaSXG7FMNYD8kyXb4KbczVWQ7a216dmOmXXjvNtXqB8h67LWMfEMSTMAo8IJ+AXOB02ya31Xu8CXw2sTlmJ27cYuwKo1y1I=
lmeiMKtPjBsZJaSXG7FMNXV9uL/2FUDELFMLuKJb6MmQG5iPLYGSvZP5rP5MWzj/4vX44AnMZ4W/5RonPSqSoAQeSHRnemW79Swsn0XtBX+psEDC8ljrLwdXP3t5mQX5O6YFoHTkdwBDO4Eoqa2cCue1tpxjY66gSqG6TdztOPc=
lmeiMKtPjBsZJaSXG7FMNemd0f7msWaq3oJpvX3SuOf2PTDbW+Sbg9YejUASQLCVMZF+rmjDSyXgqbKNRHbrJy8s0QRHILxHvfBDxPeujdg=
lmeiMKtPjBsZJaSXG7FMNbbCipfi0uJ/fKdittblg2MuGWwvWee8IdMqIHMkqY2XhpRMeagj4YknL3NiQqKFT/ozzRQpN527ZFz0onIh4MB4bN3fLoLwrrbBWV+uiNwC62JDbyVi69we8sZ0PSK42K0ig0E7a9VEzmp9RiLlIbs=
lmeiMKtPjBsZJaSXG7FMNU5IwmJM2YFC1dYWPiM2I9PLsLD5MG+1zL3Hb+pi24NU5olbUQEayegeduB2tkE3FBWC+ru0c1y9uffzjSfG7tvAMNVzFMrHJyVnye1nTzEl4Mc8W4hkkJqcEDtLp0+QKXFcNHq6H2avDkNR5G8xPwA=
lmeiMKtPjBsZJaSXG7FMNZwSoregY3JXISafL1KZpkZ8xRnSs1g/t8onDnfpMbky8RFb00lHUpYTAE+Dn7O6eFYcOTfYdnUKpLNveT9W58KCg8LP5xfQ85ksegJW3j8YFwQFOtjAI54uTCl709m7M8G5T/pcjCjCVJ0VasIPaZrQH+eJtckdfkIQILy6aeAAD47XrcrGw1uXhH9DvWP39RmvPsuSM8KM7cJxL3m/jmI3TorYoBA64GDsrcR2z3M8OjW+3/ZXU8mZrvn0shGvs54eAIbmCFntlDYNC9rQGQ5zEuCq8FLq7unr/r+PYzMqVePJOme5iPYXOtokXZdo2+HtDmZ5M4ypQLNzrwv/PZB2RKwVtEQjug8VBu15L0uV1SZYxYKuHkilc4+DsMgjBQ==
lmeiMKtPjBsZJaSXG7FMNVwiiCVf3wNaswRrkz0hqZ+Yz+CXPyuKREzks0TWF/ldDdJVUkD4xqa6pDbpEtiMkOYksjcETnh+BzD+NxUfJFAFRE2YCYwGXvPxWdQ4DmVH
lmeiMKtPjBsZJaSXG7FMNcKhvdjyqmUPfXltseycXEoOgSctfWwsBbFb0I1mzDixok8eNlgjYlCLLOAWbQAzAWHcsSZ/KS1KbkHIBlwGmekN9X95M5j0Fws1aIe9nNRD+mV9k7aEwhCyD3AYdlnxFA==
lmeiMKtPjBsZJaSXG7FMNXNEKrnBUmQBto2U/tQrv2Ug4tIxYDtlpc3STA9pF3BhuF3r6Sc29jGCHB3POJjTAgOx8byiSoTADKpJ93HkgUjkRAAn25ammI51/4C6Xqd/jYrW0Gz/awzXYrmreSAglbAWiCovTMPJ9bHflCVD4FQx0ES3thh8uPvq1HWDeY/i8XrkK2PJ9wzlcVoE5JQ9BK7mGqlAtmhFdMxfjrt+l/e1cdfYd46bOXbiW94CSL3iGHcPRiBkQ5n4oIgc4OT5p6p+9QcnCK2nElliXJUdwfABwoEzBUhxEuP3iJbuh6Xzn4tX9zJdwWm5C7y6FJn0HAdjfFooT+xmrw4m6Nyb7rm+7mMSOEk2rpnG7jgcEO+4
lmeiMKtPjBsZJaSXG7FMNacny30k1IReY8ijFTVkof+CQ12OtOl+U6m2ajzb2B4/eFHGa1CZrwQLAVsi97veM39u6VhtWbi30r9qbONkga5Dy2NbOU05SQZQRSEsvUYH
lmeiMKtPjBsZJaSXG7FMNWe4GINLgghp/9CameKUEQWBNkenOBw4GTl1/1tDYFGTtPk2hoOtMiTMQP8prvM7dIN22jvowr2y6I9vo3E0YP57bqhaxp/JI5eG2MPV5WgduEQnkFWHpv5vDWNVUd6sSw==
lmeiMKtPjBsZJaSXG7FMNaG7S/Mc314AqSaeqBSh5PEE2DUqzOoLkL3v0yp82rWrx4sFZbRLlZIyegycHkB2Dq0M52p6cHQ00twvS8M1C4DRIDoBzgE5P4CxW1xQ/9Hc/fmaRFXdV+tVYdQpKpct3XooBolLfavEm08GdgFK1+N3OglwFPCWY+fvPoumePlG+uA4gtTLg9OKC4yPI9ObXN3xfsCzkQZkQWn7CM1svlnrGHKbtWTkkDQPWCpG771nRFTtQcUELdksqR+SJkeIzo1AF4neImEkxlYPStEZyZPKu5Yvw9aEe88fhV9rOlgGfP2CYp0w43i+0oTGApCxlpPlkckPsz2KYZviS33c5hZVHRAq/XFXWYIPoq8h4BLA
lmeiMKtPjBsZJaSXG7FMNbFLfCAB7dkhmxhT9J3KVAIn0AIaZYuN9qYgkt1nCWZRSxcXWE6vTzfoUlzq1NfP5K1mRoiDo60/Gw1oE3jxC6iiHxuhzUc4S7MflmQvmVu5
lmeiMKtPjBsZJaSXG7FMNW2FezXzfKnJBnMD3B5kaPcACFr25qSopnAF7Rb4FdKYGehbl1LfwXSa/xzBLlzD5D3pJiCvVkHQkwFyCJLk7hlcIxF2MamuX/9EQ9NTD3OkoikqKTr8iwb3Y9qcRn1vU0swyoDHMebU1BNjy44RPgvQDqDBcD9fx1E1vkzYNXiqg0x+uSrkILLfRsLDznuoLsledLQwIPsff0O8MaF6WfmiGq24HEO6/lupaH0Ex+harI90RBLHFzm28tsjEita402HwAyORSgq0z6GTG+VszQOqr7TdwHABm7k4jkCnP33IGh7D/hqfRD+eC8IpkZVIlFo75bmLbD4jWqhC5gJKBURJxySs45267VAgdDEaoQc
lmeiMKtPjBsZJaSXG7FMNWLAhRxywnTwrs/aGadaS/XTR5eXkTGzwy2PexPc3bzlt/yEhD/HVVSLRIQqQRr/DN+KvdfmJYT7KSYwtV6zxLewg7TWr+qGaqAmkp+fGdOl
lmeiMKtPjBsZJaSXG7FMNW8BaKQpvxwXJXmF11XVceYGn7AVa09TX3SYlrOZuu7vOjAG7r7fMEukcDMBH+IIo+zwphBLYR5khXT0ia+Tn+ZgRRz7UeKHJfYZqYnww7NQcXgnLY9EtxgBy8Vgva9F0g==
lmeiMKtPjBsZJaSXG7FMNQRGminJEfz4ZT8Ny2dWEeOq3UaI6snJMqDWlVThzs6IcpkYzV3t9VbK8AGOl8g3yyV9Ez200S0kBkP+qYeoYKIKmmx9UdcbBgolZDvlp8rBl2DhntX8mNm2hKe/8eNQjW/TwJswllGMPpKiCwM7KTigWdo5NqDUVDqQ6jge3UlYsMeBCy3GNPTc6rvwKLEJT8enA63cbSe5gkk7VBh6h6vs7NYDkVd76XQwc+Jg8DzsJaORczRj0lkU3TQiLZelGkRdI8LSa3qpjIQsduxRYZ9WgSo7S6Dcydu11cZG2+aPB1tmOuqvAHM19aUHQF/gP07esueA8f4ngvJcqBp03rG+oUl70o/241C7XcU+2X6j
lmeiMKtPjBsZJaSXG7FMNfIw48CD5W2jF2+gpySwECh4kQEejQkQyB+tjZsA9sfcb2uOKQzYNUn7Eod3QZQXSUvrvVWRgucpM2OFoCXZiOM++H1vjzNMi69CPiAozfY2
lmeiMKtPjBsZJaSXG7FMNT0/Pj7uM1cqWSM66k2zxd6fg+GTx5pjOPKVkDiAJcB8i2YttBo3j82bNeMUlvniahZohBht1C+GmeTgXs8HwNPAl1IpRpok22+l0AI3h/ouFZ/XxqFfKEvBVGqIkxCChA==
lmeiMKtPjBsZJaSXG7FMNZR8pv+Vu/xPpI8+9g+MhLxYRB1UEFQluEokwtMuGpP/HZo7o4KlRW20ghNOUa1nS7rzzT7UjM38OA2OKscNRZTV4UKvuCFIqGUIKlDf+1xbFCXVOghMQHbcSv7XmdRAC0OVN4Jwe1d2I3/Asbj2aV9As+38KC4lFXk9exJuB6NlIUB87Z/FvGNO75epkbmtIvdI2ucyA7cIvfispmujsTwCUmP+rinpSz3V1HHMjweacZt7dlNjOFIvRU4O5Nqe3Kn7lcsoG8RlGZ2pcbl5fmCsm5IDkJ+GBo4XKfG6K4a4k2t6KKUVHkC7+k7TUzC6SNe4DdEoma1BIcQwgwZ7xMNaON6nAjeac82rbFSQWqp2
lmeiMKtPjBsZJaSXG7FMNeRh2S1smxmixzpd/H9AmYHx5BGTd4RdPJdOsrUNX8Vq6CKUeHMWMggveGJDd+3JV+13YkThZ2stDQFlk4R70gDvJc6XDPD/zsaB16HRxYyLklPhCWKLzcaDW+rToe1hKg==
lmeiMKtPjBsZJaSXG7FMNW5qY/nDehBB3JZiNioOKs+EApZuLhYN15fPBS7T7TVY1X55uziQJNJLhuVVtu84NmoBf2QTRMPbRBH2hCvlXYL7Bm1Vi3oJPAm0qk6rVxzO3BlW6YoPiFm/Lwv/NJSzJg==
lmeiMKtPjBsZJaSXG7FMNTVgcNjLpcNNilJFPfkGwcWyjrYUD6/BsgimgaeJ6nix3ZH5w4q07Lwhzu/UpVv0rR3h9WocNr8oob77VOTbmGmw3M9SOGmuwtVzZPSLdaCqtSPI3SL3TUQdxli2Pu9f8Tij6ltQcHjQpKZm6QHFRG85QuETmY0c46Z2VPmFp0u1QQDBxCTGhBDqdMJXnIjghx0eMVkopIsKlWDSVwdLp8b17RM4XxccqlUHkGukF38BaGIrY6SVgUItJsBpHQja8178/2o6PsYl2BRmobCgPH9VHADLn1GOUHQx0AqVDZHQRknYMj+4J4XkL8EwnVfngxmQi6a1PiUFF9hpK1rv4jexDja5Xq5ogsS0TFI7A5Ry
lmeiMKtPjBsZJaSXG7FMNYegtaJJmHXRwwpOjCVSxsRee/0cGb8rHy1fZp4QMu8J0i/KGv6EQ44BMIb+Ed14JL49f7i+xc9PQBSneo85iyNydmvQYbopJcPWX652ZqTA5cwgyWlRJ2Z4ke02K2F1dg==
lmeiMKtPjBsZJaSXG7FMNRjFqxdLPC4Me5esiEyvQBB3ePO1GwWCt7PcA1Ypv8V7Y/lCIwOs86ybmgY8a5aTga0qCGiTGE37pH1gDfKqcDXvl7+E51pf9lnUIVcDQh1DF2th+AI6mhikmja55r26yQ==
lmeiMKtPjBsZJaSXG7FMNZgxwjAVEXw/UyCCTakDy+DiA/28RS2M1vigcQFpK+yDHEoxI31XP2aWglGCgkq8GujpZpbAk0NImcZR5itFRbo9m05RvVdfF1I91TY0HmL+VcmwWwlOJrhH5Fpq9ucFprRHwUNIpOwELKmijfjcbOy06DrrtYVDnRPNcAajfEm8CKMOtu+HCAO2N213un+4ZntlEbElwATCPpFMzyW+0ib88RbSxNdQgErIxemsYIvDzWnsskEQ+E0SrMH/aR3MmfI07KCWb/WFwj/qOlpGiHrZE0IYSJOgfAjbTMRcoPA+t4kZ67WpSgWZKGcf/U8HuW6bnDcxwp2c+BpmvBrfZvEdqdneNTgxfmYPlCGf/Nai
lmeiMKtPjBsZJaSXG7FMNWKMTkbNQecVHqtVcZ1F3+7ATbd8PlfPHYyTCX9SgchkTO/bKwarUCHZuvkp9PGhoCWtMIUdiU3QGJft2tNnMOOPdB1zuPVwVlSXC0gMDAyRQkLCYkcIOWZ+zgY6YPLBTlu56UVwssQzuiU+cMV/cdfWDRdy5vBa/s01rAz6p7ZQ
lmeiMKtPjBsZJaSXG7FMNSCyAgRfNb9Cj6y4bI/OwKvlJg53Vpv0PU6GiHg+Z9OZZEEL5GcZSV+HDg7j9BrW2qKzLOMMHkGkGyuI3fVeUk4=
lmeiMKtPjBsZJaSXG7FMNTH//Mslmt+AfOUaK6IVePRvGti/bYmVcFky7Wn6XaSY4W8Q0LLucG+xleFyReZLG/2BlQdeiNZqTcHARU1a235YH+Pryuk2HnuuBkKzxZ9x32R2CNFq4F4t4nEZPG6G2H6yzOgNX0cvQ/+HJxP0shg=
lmeiMKtPjBsZJaSXG7FMNbSUjq294oPZkfau9rRpDR4LeXUMPWFz+GfB/l5+krYGbhUXWTLVdgHodPHWAWtLfE8SyxXeM0Fumt2f+nw8J+8=
lmeiMKtPjBsZJaSXG7FMNaKgBK0YwIgd6Ngsaqk2lwcKS6CZw0Sct/ubpwtYt2wsa8pySgxhG2T65VJS+m7l1nRc3xhng0cfLUOM+PIcFRfg2DqGvGGtOXTrpkNk+o+TyBz/bK22ATuEAXOfPNw39mSLt0HObwszhpuWXcjm1Ug=
lmeiMKtPjBsZJaSXG7FMNWDc9dWl1VDJkU3g+qRoSnbE2eqOLFBc6gIGpvc+MHAyH9rrjMwc0zCTO+BdAnc3tzwcy53zi7oC1XBOTQWXXUtODaEIs/O+kZ+jiw5yqGpVmnsnQi90odX93piBU1NKvRNZodDf9P6NV8BXQ887DEA=
lmeiMKtPjBsZJaSXG7FMNVMg3Ma2JcZzJdW3qn5w0XO1PIDytGA5PQDkssO6Jv0xGg/n5jfArcCRKL8sLG0oeoJugOQOFNqsyvoDguBGeJn3+QWTsPTPKTpqg4Ku21np
lmeiMKtPjBsZJaSXG7FMNbMDs3Jb9VQRzVT7xGma7YtphZSomtTyDEyYos74ETE8kwcspY0MHQnxmMvXMkU/Nmb4mjNgE37BuKVQ2udcmFo91QDsfDqYiVDc7XTL7yjG+9DIWZ09Sgd7viEuy8F38gM5rfo/HOPFeAGumyOPXkIh5qK09B8Bs+gTJD+mWV8Y6m+eTAWYbVn1rXKxCiAeXHKjWeni6Sep0ZvcVUGcRdSZoyGA3nhBnYTx6DwEswmIkFchpRj91UDqXD+Iqm7G9f2vmrMrJNTncUm95ipDYiw1fa9Zp58SQrLqo5G128JCIPvNFYcsasxT3qaw+QNB7dhMKa3HGMJn22of5JdrXpaA+OC05uVwO49XRER0xOQ8bHKL9r3gghVLsU9BwuBplQ==
lmeiMKtPjBsZJaSXG7FMNfS+DkbyoFeszi9QML3nekYu9lnhooE7vkZ3m6tgx2xDwlUN2Lh6O4PHrDb8ohsCDxB8wWeZrfPDrESpPzMRmvNyLrcH1Xuz7GfmpUQmJNq6dwyC586uqboE9OeoJwXhiw==
lmeiMKtPjBsZJaSXG7FMNbGxWQshNlj4XlcYkkNeOJaTu0/IHxy7M6s14PIoUne5uReJhUarYiOgX2HIAY6meHtrmPLVCJYZPuXa3Eu8HLgaWfuOO4Qac0NayT/EGUrr
lmeiMKtPjBsZJaSXG7FMNUMBlxp7eHcYAAIDo32IQdfJQp/EDXsq7EeIg+2UXQhoXnxrqlnF2E3OVjBcMo5dn+wFy0uSfrGVqu0olV1c9uNRIiGzAxtb3NR1x1SrOUgdi8sG2mdLLNjPDMeabl8aNA==
lmeiMKtPjBsZJaSXG7FMNeshIRa88whh1OjlkypnhJfRxqdmzf+aKRKHRHZPUuCrX3k89NNHRKjQ1+AC64GfQAGTyWVmFyTyzhSWth7xyxfFj2JS2xEL3EDUtFvoBvdP7sGua9AX24HerqTSyRVNDTAdfUXlKeRCuLVipUHEFjNvVosLjthHEMCijB4Sbg62zQTMKUMlE/VK+KcxrvinHh7HjSJelstn+m82P4HTG/Cb/mqJ8QjLvcM9DgqmeTuX/r6LIvzKVkm4AgHbHyyS8OQ2I+VBNHH4MSD1wO74WhtwLxfu0X2OcsCO/WdCdUIh6d5ZXY9jE7u3IjgcMv8VmrlsOn0u6PSAtNy0Yvzuj7xATCb3ZtS+IWsnCnVoY7oX
lmeiMKtPjBsZJaSXG7FMNbUXSDvE8KGVJksCWNPB8Le1i8kDmvDRffM8LtnAMeQZETuMjomD4a46MN/OKQGc6Z0UVvjyXzUvExhTxfnC7c58fHxgJlsoyix5Ln2IhFM+
lmeiMKtPjBsZJaSXG7FMNQrMDgrd/ibOgOKk6MZv6t+YFGOk/X3uAF13iWl/9rIVjz+4G3sjvC5Cy2PeGzsWBc8i4h84SJwDNOCZ4Ao0rS/5PmNfzacXw3wTjRly0ysHH2IKEzbQEApWNPoCT00yBg==
lmeiMKtPjBsZJaSXG7FMNUMT/vYzndUgsGmnibgoEvRYh3Zc64nusUhnFJzUKRcJ4YEonxsKM2EhkLG7VxvgsutucdDNNgjtMugJMO0NjJQZOV72KyICLd1O/v9MfY1AS+1fs1ZZ9QEiXBYxQCEoAnSu/2X0jV6xfdZ7E/ihlmiqvMxr8rkjRu9tT/tHrMVwhgWTSHLrbXDfgnk0AYv40wNRFJwAs5LID3RUw4Y5us21ntw9BZH8TeqdBntn0RpJjAhc0qUv6iiPAmWp4qWu1gW17hSkOPzGY3zaAje6W0faGx400IYeJ7NBpTSyoO9z4Rr+wMVxwjLYf0L65zLbAoRx8VeutrKDqafdqYaDC9qoBdmfWdGB41WBW+2l3Bh9
lmeiMKtPjBsZJaSXG7FMNaUgZyRx19vR6kziA1ibVaHqAxcPKb5YDXME44MOJWuE3BcnBoid4z4CrvtJ8LvneOqvET/bdPPxU2PH9kpXuh+k8pk7fWTiWV3eRcgppqLxzmR7bOzomOjQkMpwstN2BA==
lmeiMKtPjBsZJaSXG7FMNfqeDCKd9q7aSdfpt+/Fyq/hX6/YGo0d6hC5vErcygU8f3mlcEBQquKbR2UJK1m3fB7qex7vQk5Y5GYdbl71597wywtOajqTFhQQsaBqoN6Y0IoY4yT/tou2tlHcSlJbBQ==
lmeiMKtPjBsZJaSXG7FMNdlwPFCgoHsG1rRlSyfxu5fo/oQonRBAkPAXT/QrzFrMb3FIXcizI+FyqKE/D+KJHBQz4aU5lpUdS515zjM22gP519cw5EyxUzn2pc8nJAW1SZbbDJPVTcejTsktghO3ZNJ9Xj0F0DkqgD7UPOIHiznKJtfBZZXzonjq1wLnaQZTK9CtvSQoQXdGTuRZYfdO+I7NwiKEIM3/h84a6mxyn9G1wuTTc5wJX2w8AVy2Cp2zL7M2L9Ue3NE2pWAWRaF6Tx8Gm+imybBI3C0+xdeexjKbj3C+i0wZHeVWAOlE61OmcxtzA1dYwDjlbD1OWZDpfOHfaLfA+ELaZ7QshyJ1IpGn8OxrWiJjEYaL3/1JJ+Pl
lmeiMKtPjBsZJaSXG7FMNeEFM1+XHdapVKK7XaFK3sLK4HSYxSQ5X3d7/ZV4JccYZGnOFFWQOduXCpONSNrvLRnDjWuVfE7c/nSGRwI+XEmNixtcnLGEsZGi53CWMoQ9Pb42Fr/bKY6HSXniXDU+QA==
lmeiMKtPjBsZJaSXG7FMNZt3bFwKZZIyKFbhLnO7iVDve6RpDW6FAtHbdP/WwjfTRkAOSI8wbCTtx87OdmEBwA20SzdXWffAneUxIFJgnmuGsD4vS65aLsE+y4L+SX3dX4DcKOjmlq+fxas5ndmCbg==
lmeiMKtPjBsZJaSXG7FMNT+Gcm3t5teVbiiAY29nRtX1tbTCyUDtGWDPPcMPCVBkIWhj4l+JLOiwjpD+LZEWxHZeqwvqML8H/WAyCxK4PGaD5b3dKcNSlPoPgoGg8C4sB/Ty8Yggh09wG8yZ7dO+fkrwPt7tj+YeC8znifJKdOsGB751WgBZgO5isO8+xVe9o4jSX4yAXgvXivPCwke2DVmuGW3dtFyKhbFJYhYf7Ga4KFYRVMHQ6UMPKFq2TNPAFrwxwexfAEqDyLVHh4tXTlYHogjWh0M6x/QanMSAZ2vs4dUJqoLHiLwwjN8ZS7srbgPyrZ5ZOJR/8sy6unuKwOpDFP+u9E6w5sKBpoVa09gKpg/G27INhMXufRchraRylzK9jO564gr7c4AjDqMUQA==
lmeiMKtPjBsZJaSXG7FMNSi72I93yCEKYz+NPOxXcaCy4QhLvlmnFvlo14Y28v7azhlx2ksDzuX4m4jXJXYsADxUQlmgySp8trw1jW/OfmqSh2hylCrXL4MCkWtAG6Ex
lmeiMKtPjBsZJaSXG7FMNc5qS4UMSW1VhkF7eGu2spMhg4Ty6uMXYlLPjoozaUyaOLN2HvJMMEy8TOf6sTudrLxyw5X20RxugLLTwwo4a1VFVfDw/kQBtcHmk6RTlfK93AjPs1ucKwYag/JIJjbL2g==
lmeiMKtPjBsZJaSXG7FMNQVcJ2RqvB6B1TpSo/zvjwsMJ7ZAWCn6euZKkPX7CDxojiK4rT5PkbTag0o3oOWWyWWHYzuJe+PP5grC6SUTAWg8faTDV2ILQsNCwI9fJzzyQsKupl7pg0rAQd3bv9hRrVODE2xaBdwb63nx4BZl7rI6z7TX5pzesyJ8v+3rQYEIkN1uoi2t5knceEpyr+Lz2ax/Js0VrB/wzBMSfJTXcpLPAwolayQD4PPvrFRodhwel+kgAvs5ryInslT9WXbGNGVvE9taxdMn1WQF3zqEhuiuoVicBxEkxIUdYKEev+9qanYOot7HB4CB1xE6aTw6gxbfQEUWJFb4o70Go3PuyW29WrFfyzTywyw+6c1xTgNt
lmeiMKtPjBsZJaSXG7FMNRagSujZoRFKtkP3vYcVEVisK6c4wDk7Dna63PHIhyG9ye6fDe2B55x7m+W8OyfBkxwRK6aI2GcaIG6RGtBPeq3xxBgY9paLxB9mkz4BuHxIb7M8neSdLBDBg8OtakkjVA==
lmeiMKtPjBsZJaSXG7FMNXY2ozFkM7uHTdqFukvT/dgYzwQFRTskPCoVvzNWpbdmTrfia0ZAE65DZT8fm27pBHJx2D0tDrISw77BD+f6nChAVuYzlk+nuLDTQ31sHKA6y+wwpC1SeTzjeGzcM7xNHg==
lmeiMKtPjBsZJaSXG7FMNTVkC2cHf9/id0XMARkxNu0xOfff5v5vvn+gSZh3bOM2QyR1bkSSyJaAehpxM/IIse/r6vxn9Ac7yV5uWknWED8sxJmKWrh0lzuV5lJmA7MI+Q3Kdvmp5yMMTYaph/3rz+INN1i1HTr/FfIIgEAWtXw/VXmXF2qtba2qY+nAokzqVJKYbRIB7JxbI7Qht1FBW5/XDfWijxEH07BifA55gEt/CSlfrNx0m4FUoOyv7Aj78WnO9sGpzeunfx72Zs+6ROx802ABFmVehxQlo+PCgrbQ16uK0etW5y2iO3VYq5qQQJhTnT1ILC4vfB1f09zjkxDijxUP9OPgjjgJGC/mTLEfM+LJ8jHSkHgXB06/b4QglMqpCI2p8tFGsABEYMghyQ==
lmeiMKtPjBsZJaSXG7FMNQHjlJ8fuE5LpMF/8Rdi6K2LMAfuqTTuWVbzPdCL405JZluuRRY11BQFcKwoZdw7gW+3rA1zH9jv1RN4vn8jrf1v1tGntcxUKyYg0ir6KRZLoRewzq4hMwSatcYcB4wvWA==
lmeiMKtPjBsZJaSXG7FMNcD+Mo9Fm+M0Jidu6PglyswqiGuMG9kF+rH+xQo0FraYzlWyJ+OMEwVUR9D+A0sO7sMAPtwqzFF+7UPzFApsZrc9urUJonv8FnREkYEf3fyPlqWG9wGvYLOAg8ZEPU31fw==
lmeiMKtPjBsZJaSXG7FMNQirLkJUQhGQytE5cOYSDF6xu9MAITDvJW6y2iP92iZF2GJ/80FfQdR9xckWYwQqN3DFOs/AqVb2Wz3ALQjCKEwHsreXT8bgkPJpGxu7avAEoEf5hO9liZs9XIQeXexfducDSVmhEC0pyfqey4A+ZovjhQALu1u4O8cceeF9dAcEMY1Mfg4GL0XsU7rIV1QCtZ23wf2Kfsgj/fOObwqNk2eY9+jBoSLMHmJ6ItDOeVcsHeQ6VMfDX/oiNQEXSjl4oa/d6pHMNgqenU4ErZRG/BxkfSvPYPfwLyr/RVaQm+zUqp1v7hXgLrzg4pIT1LspHDC4XCqGgYKVR/7eLSba2CtVIUGbAXJNquASpeVRSAWl
lmeiMKtPjBsZJaSXG7FMNZfjUagPSg+3Agh2OC8MD9VjNp1wJBG7aC6MkIxX0mDvM9wfJBX9GvW2maFm6APVoo9x2uAtY+3dGCEV5Ge5BNrriVt57CkAt2y1S9A71y0vsXvI+tqvocw1zs/oU/92Bg==
lmeiMKtPjBsZJaSXG7FMNWVUamBUBrPt1NDpUD9nIXhPIUV9NdF4Ng3cF65VlmXS3MPROO/xtwJuenCcEkblKTmqSmXBe5YmcjrENyFLdAsYh14KZzy7DqHViikM+VpL0y4X3a9IuVtiyK8YLm708A==
lmeiMKtPjBsZJaSXG7FMNWMs3j3BnHba9eHy/24Kd/KDziXLXIwSn5Vp8k10GL+ef1L3isga3mA9bhI5ksPDQCO14UIFI/+Goy2HZpNPscCmOjGP69Ina4fQhqT6jVP03j32HQHbcghVrxlBT+eHeY4oCZ/6/eHVyFcM1f4o1ctJmW0iBVFJknKSoSSR2zUlF2JFA0ySGU/O3Gt4t7a2bGYr+GcNwuDabuinocaFG0Xpb+V4iiUZEhOANhV4Ii0X/I3LkBNapb5PGfrDMY4l+roUS62swFkgXmkt8ZdCFALzqF3S1sKCOaDM5wn0TWvlOJqMJcVF2wwm+iZ0pnxAgCiKO6EyBoVP8LTNBQQCc0+CL8tWs0gMK/7STJDmG9zi
lmeiMKtPjBsZJaSXG7FMNT/+ptk8jaW2ET6Hg3M8KKVKks6EfU1SA4pq9MyZgbrILEJ/qYsOkgXRyAD9TQ1vIg5+sTiuoi2XByrbXoLdFRseaDUh3ClsHCwSKKoO7A4XQ6nMn6/y29+sdJiAYaR+NQ==
lmeiMKtPjBsZJaSXG7FMNYueawfLm+fhoTiKLbIL16df2lVxZHdEKLzBmbx7coRgpDR0HH5jc1IVAqmSiTV+y9L84UZxyzci5J4ODiY8WI6z4uN8NSFaFv8oHMIMPg+KiktilDln3CwjaOUn+Y74Aw==
lmeiMKtPjBsZJaSXG7FMNc1Ts89XT1NhlVsIURBNdB3IaOgfCXVs1QsJb+TQV35AqyGrTsOfz5Bo3qwtzSxOX4Otp+wKENEhU8DVYiJWjJU/N92nAYCgz+T+P2rHJxm/PUBn01anOdDsdn11tCh8qST6XVBCE53wpMhH4gSZtDBy55p6lu0mRfAy3JirzOOMpI46Wtt8kAQ37yBVEKXjO7Ey/NP3+4Qb9wWyWP8G1ZvhBCQTkCWyyqwXO5nYc1jYHRjbboWo7EhTZqMg/9ib9vxgSnzw4310GZXHqL92JG0w1gUD730/Zp+wet5H0ZwC9Qt0/c933Ye4lnfC8VSJBZtKbBTV02HY57BrgC8aoOZq/QnhDoMaMUOeUBJUb0km
lmeiMKtPjBsZJaSXG7FMNWkxYvy8DKNu0w1nwiazry1LTQLLkREMpwAC2swY51QFrJ+dDf6/uulNTySZbj6BA48ThJXg2ClhuPEJ6zNW88d7mNcY/uTFxC/l2VKlTBU6
lmeiMKtPjBsZJaSXG7FMNUOnOQcSrVJ0s7dappOkVt0sB3SUY4DS1jxBehsU5gDAP+45GvI848rPiXAolvZ/+C4lFAZLsc1Dwwjc3dlCazdafXNwjoEgnNjJhxHmXt0WvhDnALGpAz4xsPj6eX3how==
lmeiMKtPjBsZJaSXG7FMNbXz5rWaarb/eZHh8KnWDpAG1uAPujhIko/9ymEDiIMWj3Vhol2M7BZ4vVSiJtfQPogdcUCk1MBrpWm/x2dl4vltj2vmdv31tGgsy9RA8YnGneHxbjf1WDS8z7Q9vb2FzAtA+67v6/hS725ni6zMqi/lEtZWxr4kEMm7OARrdr8S1rzV3ZAaXU7/vs1S1mZhgP4tY0dlZn6v6WnWfUwGGNc1YaqYpeyatdjE5D9eUbCf0vrwLoLK22cL60j9i9B4Ngs2Ij6/ZrDQoECrcTMOAvrnDTh1rqcD/hsKxXLxjnnk1GCKLN46EAA56RK9Hd2zIhuWQTG0nnsJJrTLf9DZg2sN/JmaBcAG7Hz7DpZwDdwC
lmeiMKtPjBsZJaSXG7FMNZOrgdj2Cjg3KnyItfwX/c/6gg5wnMBZgrNMJhMaAzBlZGBZhDLU4Q5oF7RVbhusaTaaDNOeNInEx94JT9rG/ex7yN6okdxZ4sAlV8KjzR8VZs2DPWfo/iJS7AwMkZdomg==
lmeiMKtPjBsZJaSXG7FMNdR9+zc4HbLUqeFyqWBl0BGiXn6861nfc9xCxP1OUuYM+IEhvcAAAHemCKQlNvoTmxx8FN50oKB2uAlayauXR9NLiMYu5cUBFX8zj80zo3ybdu4wfiNwDJkUUxyvCPWKWg==
lmeiMKtPjBsZJaSXG7FMNVvTDGenTorjGrp8Bw4l5X5B9923xAKOYqwsh4AYabVk7ctvyGjYRn2ooXPeh33DJRJhHbYGCC2dWHz6SYX3TEcCl5P/dwI9EviOwucaqApm0d6OBMWQToksSLexhJPR9Q==
lmeiMKtPjBsZJaSXG7FMNRU0D8YRfOGdrC+fqO0TAldN6FPWzHApQ57UxYM3sW4yLdPBY8CVqxiKD8Mjnvjdb9f6ixDTtLiuHq/evjAXR05XMXIlllWGtDNcz4dOtt1YJJheSl6Bpv4GF8dn1Jih/2OWyqWNiyDXdNkd0Khr0T6Sfh7Ca8bOaaie6M2n4QlixFC4xYhkAnORpXZPCQYU8fbLboCv+Wakj59hRM4KSe6L5ccjRzVRGlkvNuVXL3anH8sLSoq4fA6eff2HUtSXhg5Vgzi4yzyyzbclUwznCwoutOFArljEJUue2EEOc/+YCi0qfjDOX//CmI4gC0bY7Uc5jn1OqQFh2htJqsbMFiJKbcdlZkYvXRal4B0Ysj3w
lmeiMKtPjBsZJaSXG7FMNcPOZQO2QKlp8WzIKQ7dSYMMYLtZi4j9kVeeIiX/YI0jUxEdIam3VjPmf+/YQqGhdRFvy4clkBChO+LWCvBQkHfCVlwQvUupK1mnR9I0l7Rl4YAYyBl/gI88a3/+JX/i0A==
lmeiMKtPjBsZJaSXG7FMNeOmIH8sCGxNjN/zQgj1WeA4ToHHveUDTH+AYzSqadu5svZ8bhYIyasKsOxRpNfhZVSF8fg8i2ewze9Bh8FsxfwWfEOWy0WoUlj9FNbs362DKsULYlVxVZ5bHWyFbW1ruA==
lmeiMKtPjBsZJaSXG7FMNY4o7YRGE0g99npaw1S2/V2jDFBbJBGAlf8bK7u0VfGBDHceR/ls9wWMcQ13R6TtsXBvSHGpRT0s72Xe0KM7dCSQF1gbvmPVQa+9Q4nzbjgaScGN1wOKeZLOJOiYnaoKI4jthqSHlxxfPHiwDHHuZZonhLbBqZgSFu3NV0quHqmn550EUvV2eVMXHq9df8Yu0ZsLyTdV+znbpypMP6ZAy3mF1Y2kOGRC6XtnoqM6TUh14n3Y9VVRu7/FW38au4+o8MLBbZ6uJo6jDP/+1ZmQjPvbVGPKDUoO6NxXNg/l/qhANKhO9Q5VlGPPL5BgRJp/pg4MZmVxCZumNCf2CPf12sx1vPyJqcZBZ+/PwDwxRbus
lmeiMKtPjBsZJaSXG7FMNZj9yUpL3/8f4jlv/rMlq8GtyfBvOXvkAV9AUpRRfgKf9flcXg84+PekcjA2Tn/hHYcnKo1kwMNJiYptXZv8AEUtGsQF+DAeWJP2OGHWO3Rlz5OVITNgk689keC65l97Vw==
lmeiMKtPjBsZJaSXG7FMNQSwfucPIXJADbT/MsTyoFi0KxfUGOmhUNlOIGtudt4vhLpXdeaZjZ6fGQzYHuxk5zwlkl0jjxn++gfBbFtPmezV5ltHO23nyLoSaWMG71NZ4SWguWmhYrtzkDEwvL7uJg==
lmeiMKtPjBsZJaSXG7FMNUqKvvIh6ubPl4NVMwKEtP2iAkqlyrQmnqDGMa+1okHLIDNMqLjWgsHENHLHrQFDbqgcRsKyTO0qPaMFroJQPbdWUCpxjuC57pxL1gsdCzsmU3W7c+vJ9YtdwRSIrP6AVQpjTL4wQ5S+L3R58/K42Ch4j1Jh3PrBSD4Oewj96n+hAVGeuMER1BIb52IWtzfgy66EqX3z4kUFKvLGfey0p2VNp8ujDk6dU/vi/oyMQgy2ieU5eThzE66AhwrkmF3UCWqaMKvV44gXraaJZEu5nmQD8+hS6I10iGAMEBnaQnlgLp/QcFvlJvNcDPsaV+LYEts0rrL4rEneSjoWM61QF5m0TRP7052vow2h6tFN42W2
lmeiMKtPjBsZJaSXG7FMNVpC5xALhg2/dm1SD56CmIi4iweGObkbarvGLQbj5SZmwmkvTp04In8a15FLFNYTLE1hU892ipeykP+li+nFXroM2xWoE7GRxA68IM8enFE3dNKbvFRTafJXhjosfoo5bw==
lmeiMKtPjBsZJaSXG7FMNeVOmRVkMQ/CXmBzUX7Vd0Np5tcKroxqN7qfdyhv0MbFKFAnZYsMZ73OPPo32mY1yI9Qz4+xh18zRxYnSybTH/LPG2UgxT01C4fu5NE7xjwnHrg2OxquhK9/KP/hzDFnlw==
lmeiMKtPjBsZJaSXG7FMNeC+HYjcLbMoJzrGOkmyCKMhu31bFR5W3lKxhSr88qqdt9LexeKkY09kxy+pF7FaQFXaiBWyrcVmklKOl0evaIHccPBfktW7VMXPhpOxxj0bzZ60UCr9SP3nQivGF2Rt+QWC9cOBCRJLGRT+YUe3JQXQaWHUQqpD+CuWNhXYfa8GVx0rg062VpoUj6iTcGdcyqHvIP4SivsH6QzjebFVRzeDVPGEIUal38vM5/B8zgUbpJR0Lqk4Hz+3DaUeudcH29CZ69DCGxNY5FwH4ZGSOQrJb3drzxNWJBpACivlTfp1gbR+3Knmd5AVOfvi8h+VescwS3Tp0UzHQoM9aOW1QepEVMKKAW/zw07+x8HYUNUd
lmeiMKtPjBsZJaSXG7FMNTHwo/qncejGd+JhVMNifGdvyWK86uZf5g0cY3Jm8oJVboGPlkD9ul+/C22i7qgBe36NnFtmcYHh8cwKN/cAvU3JFVAgYZHtizr4oeZX0I9b+hnQhYDnSKBq7AtavG9hfg==
lmeiMKtPjBsZJaSXG7FMNYPrFJfZAtdT1lspxWJbS9wORmEzC+by/i4w5ekhgTXJrSpaE5XTpoM5SDr+ztOhox57WlCfFtC18t4zQznusq6oHcY9Ut/9qf+Jc0Tkmd8ntV2CnQkO3i61PmE+goUEcQ==
lmeiMKtPjBsZJaSXG7FMNSvUji7e1/JdeZ3P7YprLa3qTcyzWsbbH8GBkSj5IWaZSpcrU0zFWmteUWQwKMP9RWAVkrOyB7jBxyck9Jj6fQz+4iYD9dOoJ7nypzzNqFOqN+3I3FJYNZB/MlMKoK7nxuKaa0O70W7Z4Y4BUjnbkpijrzcKJrgBOnbESuKLnXQrL7ZzKH1yUkhJM37n9oKnM7kTJeXtqHNwungQkr0l73+QMctb1ktSFBmy5/IBWharvo321nivRuuEuK2IpKzlfXuPl+fDHVQZ3IR7CjAkXlvx87BCLyMuTEqMx+/gLpJTHQjgUGeyViTwv6jfMPZvUUBM0Zk/51jGsoze7c7Z6q1ZGsgoDbnYQFDQbC/PBgpi
lmeiMKtPjBsZJaSXG7FMNe96JdKG4svNdI+7o3yafb3GevnORuYmcKavlyFjPmWUmVMgEps4tkp958QdUlqMOkhinJRLIi0srVCGRV/dbVwXH6Zm9+DWt7hqhvN1FAGKplePhED4NG0epBSMYVk4NA==
lmeiMKtPjBsZJaSXG7FMNYlEF8HgHMOdn8U3NXM9L5vlgyZi+DPZzwZR6txa9mb+BlsF8bhx9NYJsYc/YGO/CyQ3anu9/bqUi714flopHMhliQJb5DyIzwpdabny8d1TmR0zG8rOA5dRe+RsXxyAfQ==
lmeiMKtPjBsZJaSXG7FMNVFsKasP5vcFi25lA1Ji1yCJvRu5k9C/RfGA1thzkdKEMUik+AWhBPr2V+CvErxOs66MyD6Kj+8Mjl2rVr8hv+0nNbQQBH0FSN61+zV2hnopOs0bJUlDPu6HmXVZmY1Fgqbm0KrkhDOMhiyoc7GJqDUpc6vhvtF2/YRrswJZAK4QTztmYhMtksgGuTTP6d7rkfGlbr/AgoYwXJAvL4leg+50IGIRw88I5SmbLiSINzrQSklBQMG7PI4zr0LFdxQ6r5IWO0BkQeSobSV9Ss5Oe9NyhL0e00QHw0vSSqdXR7QdW8bykhKON3KC4BajMkWozYJ1oVcaHKu0k/kEMhqFwoqVb7JGwY2uAvA/qjfX9p2d
lmeiMKtPjBsZJaSXG7FMNbpLhexUOIV1Mys6Kpgu7wVLc8eQdKz0pkEs8/wQWuoWw8RACCQcVX2+SiIvUwoqg85f6cIF1kxnkP5D8U2rtEE0HpCOSxIoVX6bduiL81lO
lmeiMKtPjBsZJaSXG7FMNY4u9mN5edO50XOvnV3tWrsFSSEIA004acfOi4TPxJQN77x+Sd1XAox/ezTJ94VeUtuaV55LSyMMGrOR9KtcfBugaMrq8MesUZyXZYq/ovT8qEwBuuyeXiawAOWhv+Y79w==
lmeiMKtPjBsZJaSXG7FMNSMZkhCeEPfs50uwvZEawi78OpKruHRQG6GWuh6HIMIso7P3cZk9svAjOZWaG57K6s/d2lHwZ/IpbbxtfnAF7RJYwHrUPRiOTru/+4z1Y5xqSJaEVX0/u2LOFQZ4acGVA+7Ke5pTd/iPFR991n0X52AxPblSRIWHBX2Kcd9Dzs5AODANvoI8qXH3F8QgeVwlO9qQw7cUqd2cgegcVIpCNHHFQMi3IUfisuEr/VMplhd9xFnWyrX13I2WDy+xGVDaoekAaGSn7oF5CA7gXatqN7sDywdfJNIb3JY0NK3hqIb4fY+DOW/Ntmh8hZ73/jn5F/oEUjoMJKekDHlFXCgfWgobCBsJRA/i/3bNJ0ndt9vA
lmeiMKtPjBsZJaSXG7FMNccFhoCHMcZi/LiB/fsgHEmDIgr4+XaJpFrQ9VSuGoUSy5NkY0xCse83XSHKHV5sxKVGojDTkSLtyI0rpEnuMCYcb7SJTowzf+Q5rMVWdtB1
lmeiMKtPjBsZJaSXG7FMNeqjfF+KkFX7fcWHsgckAc4EEtV/uurf9gpH0+F9apDJ6QFy0eh6uRWGwuUIPMynnXzVlDw2k/kl10A2kbEsDsAddmhLfd8ZJJKsvCbVcC+P28LjfCxBp96sBJAOcuvMwQ==
lmeiMKtPjBsZJaSXG7FMNbWM/qMCYcWJi4g32CXVwi44KDPr+o/CNes2iPcfh/JxnhIuEpmRs+W2slvFCUCCV4aoCH3rOuO4t2VEHrOyQIKeen2KsKAQRft1mrTiCFeY/cBuF7R5i+05ZqZipmxwko9ub+NRAX23+0FedM6pUmdFuz49UinDKRgwAIray/WviMhYsr0AqZYrl4SVlbhg2ViFkqoJRiHGNoeCO0jaBkJerME1d2LwI7eOAiy3ZRaPzUxuk9y70F8IA7hHSFO8Eu7HoYWTCBWBG9YIftDv8dAE3tYCJ+FtDyuJZWQKMhKcAeU1G65RhyLdf7f9Nm6GBosHWHQz+gKphshM01h/PNI=
lmeiMKtPjBsZJaSXG7FMNbG/pNxatiDpDmKAA7a9e4djX8/xjWBtg0/9m+7lxEPEMfe1TMpUPuKFfM1+hlGk4bB9VhhFBwdA/n43l6uf04flvUMIstZ9iSAaEgEaHJS+DSWMTalSTnCtAjBwKSAbLA==
lmeiMKtPjBsZJaSXG7FMNX8D1Udh2JB0uYWvcJ+IViN2Dq9Lb0Knh415VP9PwaLegf5pVKhc2XOVgeSmusBBfzhk3l9UQaiEThJ4rpmqXeVrRAbR0Et/vuWd3d8Lqlpuki7sEsMLrKhqUFsTB7LCbA==
lmeiMKtPjBsZJaSXG7FMNWxYdJiHdF4VBFC5PPtBbF5C4esPm/+ClxM35//Op3/JHVkGdh31uhAxhG/UufRStCP0AC1dVfRiQbMv49bjr+2qpbY6Mki+vsuu3ShFzRdbGJ+oWT7S7NZdR+r7PT+Aw6qx2v2sCsOj2S/09q6JTs41OOevhJg5gMNU0FaYZktG2guJtpmElftOEJf4c4wPrmXhI8ajTr3o96BFo6BYJrBHBI6hoz+mpNxAo94X6bMmPOxYEH4VDJdeg8GehGzcrcLp4+P9rM+xDOSombND/oxeJ1HXU/Or5/I+t8CkvUQFb3gkItMZ4MLai7hBqh6PJ7sKa+hudjRm6773VpJpN2gOgrexhBYhCSYV/QMJcfBO
lmeiMKtPjBsZJaSXG7FMNdD5Q1weZOkvR810L+73dN/Yo01NakDil3NpTKK/LJ8xqowZsX7paWldjvE5cuthd8e+mHX+s/49IgellfA9Rp3+CBDZFOjnknN8q5Ub/0HQmVotHHIDLc5AjPzKjf8m6g==
lmeiMKtPjBsZJaSXG7FMNQwv+6H4iXK0UFJ89oD0tnltarfcYNQqKrfaCi5cgwAanCNePd4SenOo36cxqvdNmC1qVmZjdtuKtzzpVLDr2CiHlACCY9LaiYMvYfGdKjTcd0ThL0Pyfus22uS08zFfof6kJKxUGbx2o7BTCqty4/IbrZIr6plx/u9BsK5NHbyzDi8oD4wtFHsrp6OeqaGuV/I4nIILnAGt0C5lNRX8lJlUxjD2/vfHtH8NrwLhlPDbJ+NNXgbg6y/6O8M6ycU0MEXusEA+Fs/HtL2kT88I+55WLoPXg8KncdnW4UK7pi6P1BhoZeKNVWkNGs4wsEiORUb3HtLANFapm2foKeDzNb9ikrfU4wuRe3Z56QWEXQge
lmeiMKtPjBsZJaSXG7FMNXoJWAFMo+KCpU7WWICgT0B4xil/HT8PT8ZNg1Domk77i/IpIlEHj5rt09vxTVznSQNqElii7BqmFiDacExSChe3/0qGP/ORdg1BLrYiCOAdyQAEakvcIOAiCgbBjyJ9Cw==
lmeiMKtPjBsZJaSXG7FMNbCgmTtYsFan3zgFsYMkySAts1ELgBkEEYmaLzSfrJENVapHahGq8rUCN0Z4zq0rOECtX4bPwinepGeaXDNjJ5W7BRDKGEpuvjZNHS9Qy5NkVj9vkSidRoFrvb4COfaU5A==
lmeiMKtPjBsZJaSXG7FMNf98Crn9kDzqCigcN7oIfrImPTHLv9IBPnMgyt4wtvIQmGmiYHgdQmS/J5keD4EQcIqW5Zu06zmXFCZkir6NAYdAaeevqzB/Grgkk6IPYpWyZMcpf3NFLNvRZqGxlsKYuEfFF9J3zmhfGFbCcaK3HJwBMIt4sIhqEUJUtNf/i2xP/gWCTLeZsEcLkpCinVBtA9FELFio8Zjp46fb4E8iNHvrL4zzHpjhVDicc04/ieRFGMyskeOtca14w9dHQv75MzwmZXg8nCb4Fl4O3saFY8W0SavYN8iQuN3LmiS2M5sw6Q/ugeUasA4q0Xp/aywM5gdaDGcjv48z85qWKW2sAQ4/3193e+lBP6zBunA2tDQo
lmeiMKtPjBsZJaSXG7FMNZue4SiNZQsauFKGnZRPfpPz5TOOy7Nhuq55ttFOn/JO7jMiiM1zJGuaR3WbTeZjsgMQtNyJY4fSJxeVhl4I5vQfU/314Ug2fl+Ps1DQT49xl9p7+O7ROCgAHV/S2xjzaA==
lmeiMKtPjBsZJaSXG7FMNXcYOhHKXPacSWctaHfRzce8IKQ/5kFurIBMZHAsMvLEI19d5UjpdsVz00nniIsW40MXu875F5XLN/v1ShlXdfCHpI03wfCBTd5ITCfs+2JWGRzBI8EvItOVDqJcCA6ICw==
lmeiMKtPjBsZJaSXG7FMNSpnIJkU+cRSi/13aoy3uxkr2+miiv5Tbwl0LmiadW9yB4sy+Mq7gv9yR1/ohzQgi71OK1FK2Danv3ZIGnb7d5c0MF4crHYiwbKa4tr3fjHuC5V8TpruDkFaAIStlva3lkm6W2aRmaUqyTL8m4C1wd6tSixX7BAmdGlFA5mt/cKL9CXCFgPY0ldNSHSdnIQicCGR11fw1Um5oJMexkK71P1Y4kc/75h+nq0PoZ1pDq5QVpuyZNIEfzHVbxj6DkSfczqj6+CNGytKMSY0KOZ+O/2znLk0TJO4NMngr5YGD+1OpTbL1UZzLx8Aqz+bwnpF7aIkEWDu/V5srj5QEbDDmCxvoBQEkwDupZ3E0zQ6AGGU
lmeiMKtPjBsZJaSXG7FMNV8rzHT5j3ptsz/lrCoF7yyN+lvJPpYHvS3PcKNgyOIj13r2XcBxxb8TDTseNDRyGfizA/SKgUGme/Nr0karoAzxD4FBT4/sNRcs7oFgJNdvzdCyntpR4lU4BFKF0aKnrQ==
lmeiMKtPjBsZJaSXG7FMNWjjCRfZrDnKmn2XV1MbWxJSPq+SimpIcMHdf2bPl3F5/m6UopFzsIUozFAx1YFy6BgWGyrym8AZWBpKpre6U22JYJaW//AY+ua0rGzLkIgsvd48yjVLBMw5Cg9pmrckJw==
lmeiMKtPjBsZJaSXG7FMNY/ZD7/kviDnLuld2oeh+d71CAfx5pH3dk57mJ9pVTCAn+brC1NxGleS3hx4+84EvRU4kYE7RtLdH/00pNb9cJsYxfWs0nfRNvzdZ+hZqGmRycOQlunAZstmv+WZGfiSCh17xnmgxrgfIqs+gPHjK2kEGxJLjFZ7oTqw4uoXCxGe5P5ozLzVzmDJXG4JgsRqpOhddb8UzEgd4E83GVdoNw0qIpr6sdGb5v/OuCSCnvp7pb0Akciwnr/xTi1uJvPnSQ0DEBGeS1FfThSE/9sK/m2t9hlDQZUD3LqZSVSeLsWJ/NTyGEDMxwKWloEhqYpIZ3GGD2t/90tFhqdNJ2aVjZ2XQdYcfHJrnKBjrTbXQ/ce
lmeiMKtPjBsZJaSXG7FMNTAMPwmdwF+LWWH5isDH6ZddSRXh0Pmxsz1a7eST2UBAckIiPVY7WkHAi91Q2hnDq7vSb4jydnTXsZ2G1pTls+8zEID83iH3atgXNSZ3PajZQ01WTQ5VD7MIOPjK5TGEMQ==
lmeiMKtPjBsZJaSXG7FMNRv7CR/XNv3NY3D/8thbfJaF9ghWp3KAtwa022E7cParqXzAvNAw+MsO6Ui8WqiLt0N13AyDd8mm3x2OZ4e0abE1PyglIxWnus7WRasiEY3tLLbq2ZVRhTXtoseAEE7MFg==
lmeiMKtPjBsZJaSXG7FMNUOQjLzwPTVCUW8bSLnpBrUT6GBLnMS8OjeY5DpOU4gpxY6DAKbIRU3vlVAs28lfnq1sPpbk4fNadNbN7t0B/n25l4Rsm5bjq5wFHy077bdyoH/O9dlXAY4vUB1ZdG1W+6RzL+u3Iu197rk5qAsM4sKNMpT9gkUZE3onkNosFI2hOzKDT4FyGgR7ZeakMVn29/9AYmuEHOj1CKtRuWa/VxUkFj5Dwy4795frnFiFCZOe6W8vM04TPQAVUTKsau5d3+ajnoRc0LFgyZC3IwYYPundFCNC4nkXCRrM58anuN1+NTM1U6OLA2vi7Jgkyg/c2dTuKmEGmLxtAHFgNOEB6D4vNz3oTMuPoXUCjSCqBzfM
lmeiMKtPjBsZJaSXG7FMNZhBVlwwESb9WV2jUIf6Sql5c1wEU3F+hGk4VxONyN5z5ziOOp9TEy6nfDe6uItkQuckfOtqh5/QX8bOWHMbRXoxQSS780y3dxmoT/8b5q3j6625wEl/rroesnhI3cLIlA==
lmeiMKtPjBsZJaSXG7FMNVGZMuZj9Sm3LhdDPw49Uof1TZAAJm0Vz81Iqo7cDcoVXhw8hFBoTm3FOaVmr7A3zDPW9IEqV1l+4+3jN27ho4zToRj13Oor2rbunRV+GZnrUaFmyIUDoHn4SlKiaFlOiQ==
lmeiMKtPjBsZJaSXG7FMNdO6ottYhQc+ti7pCKEQudsb94f7qS57z+XGj+E9qtkMjWFCCaGhgIsvRetsUCil6PdtUuDpgeUBMgFuQ4iJqg2K60qSsDVBtfWfiO4k3PbqjuyFK+F3/iR7kiPLHxhI2Q==
lmeiMKtPjBsZJaSXG7FMNTWjdclKtm97jB7Xfz7nOpchpwA53ADiAf8JoBTJH1VYvW6Kbfxt0196mPo+FdlB+IvedPqFVVy+zKYg7hXkk6PbUpGcA1zWkrrom0/6HmKk7WuTOCCYGPZ2oqW+7Dtyag==
lmeiMKtPjBsZJaSXG7FMNffc6OzBqYtHfFwko1jCTIbIA7caWsEuBzlW2IIkgzp1MCLB6NQmHXoWEzxNZszZAJVHfUA3TWdINEKf1urS+C9mbIl6hy44qxArq2Kmr7+puX6pV6euTUxgo74aqB+DymksHSzAm2QOFKh9l/8K8r/Loz6oHfPFg9MyF95yGOCiSCnmExgehNUQQhLJ8xuLLCaE9ZcUnKbzF0m/2q+sS7DZZgiN+HDaOkEUH/fVQ356ZBvBQDqWofeJK6UZgwrd1Xw0OYgrjdrRjVoU5gKYZ6bR9PcSrf+5Gr7tuL/Dj/nl8o3CHbJ0LKMS/mUrOpuL5ysbKFOYOoX5XdomrMIWweYUhIotCSkBHXShvldSoC82
lmeiMKtPjBsZJaSXG7FMNT0qaHqlNLwnVFsv2A3nHm45sZMKWap93+FRtc3hkrsKY/bb7KRvAVE8BQFHDumhGL7y1z76QNhfhjXW15ZbGDDDcnRPr127iv2JGpg1KG8DIFj94xsZeLdDtRQpYNGurA==
lmeiMKtPjBsZJaSXG7FMNRpeyk2GiE3zsWHeFeIvdMllsCnl6DOnWi9p90GMQUr/hcY01y1VHjXS6VpLoC0qvjVEpqtAQLntmRduHL/3ACl8PgiveLDMxXV/Ynb7bEurUNwewr5JWOBoD14n0E4L6g==
lmeiMKtPjBsZJaSXG7FMNfJ12UypzrwOj/dQCwWVp8QDVlTGZlQazc8Wa968hr6Cak6AUagpgP4+g1UmNnr6QhaEbIuoYAHW6o4bDi+MnsI7aGD1FC4g4OeVZI29wlPPjxbZQIFzfT82ZwYASi0oDNU2HzeEtkZ1naRdVaAMyFp3N3K2EFUOPxoutp8FtifgkvxIA6b9jB1mLWA9SdzpkY6VjzRAI35ZwJMRAy3XbJCoERDgQVHaYf/rlqcUMVhfo/89FUtqBP+QsJhE7DX3Y+izzeP7QBCuvjq5ACJOB/Wvneut8I7Q4D4W3t0lBPFMXwSO4pfq+dEgdjpDCedfW55/7QGRaeCIxGCYsu3SIXXYee12PKL+5L8KhWr5urIa
lmeiMKtPjBsZJaSXG7FMNe8kR8JTcE3q/I3ae4d3uXajxrVxUxXG/MkI+sIxSXMdzlEmczxCzBbKNcDs1bypeL91eNcbWJlRSuW5HNSdhd/LgBl7qkIOhaygJyGfB2i3caQw3HI1Sxlm9ykvVhG/NQ==
lmeiMKtPjBsZJaSXG7FMNbPtJCS1cwgjMMkwFEYrdfa8REobSnf5J39wB9/NMxG17ffxPPvTIlTwWEhyOIJ+4uzrDVtzykzuYd/k6vTD/yniONnygOkJ116fx52NB1Iz2ERHL2JM9jVuT1y5Ski8DQ==
lmeiMKtPjBsZJaSXG7FMNftVwraJ+oevyIMsiWQCPoZNtX/u5IqW0rtkhe88EDaDKN7kta9vW8OOJT6c0dKx2pItpLwJ7VHdQ/UkYm+dyul1yi/hb5G5YxSRiMXmXLAOUgM7o72lfFztVpcVarXWWk5pWZr6GenTpCn9RA8eyJJbMwoeHiIYAmuql9G1QajwY6VbNJ7Wok6Eh+Sfy8S1cJx45q7SGHO8zeAAg9H+KyDa0GpTPako+/asqn8f5asqAO9mBIvwM74UJ4q0Jr2Eeru1YWZZbHUMZs576x/G7smT9zVtfvLnaDP8DmCIonNSQTOtz8QTVQ2LfPKB015lTt2qLsGOoeZ4Wi8kwrwX+5NAfwDzSjpH6KlJnZjnCIZq
lmeiMKtPjBsZJaSXG7FMNRzTH4/Y87332iXc5DecX1mzhITn/dFNSVVIjtQIoUyow706RjEYzkBYyt5Zmq8623mpZcYH2oiCWta580mCm1/n6NDBUADtJqHAjpn9moPQAbhlJJOZ4FzYu43ejVn2VQ==
lmeiMKtPjBsZJaSXG7FMNQrTPRfiTYPFPYp6BZmuaHKZMbavV7dKWH/oYa2AwlbEmUBO0nfMlH0h8s5sYlm++NmJzyMxi4AwOAtiiJxnv7BP5QW0PGoOKgYnPAejrWTYqYYatL2ZO6lXnSM6cbvc0A==
lmeiMKtPjBsZJaSXG7FMNYjnJOPI2TGRa3BgJ3ZXQ3fAC95RacD4ZN15zcZYmGT32lJg5Vb8nUUwSfCFmzYEV6W8H2D07KMg8OzGHtFKipLjzn/Gtgvp2dkOvigtR0Ic7sA7m/JcGe3mZEFuIV+SI59A+BU9/Jy0Cz3PsDfLBuBeTYg4ulEc0VggKIYrH2M9dgg2ZVxD19ZF32t2gLALwueLZtxY1DiMavyjGSkgJHcWdLo6ml8OWqcH5Yy9GbVhi0hFFWb3daBoLYar1YTrv/8eptLA86cNlLSlzHDIyQ9Dqbzqu+KiZ5UErOkDEiDCC92/W5K4OiOUVzeQRCMZpBclEZ3DyZzgaoqfySgIn4sJItd2Js2HNJP2DN4idcdR
lmeiMKtPjBsZJaSXG7FMNeSJiyMuOUO9YI81WE+kwuB9vAqYndySw7winxzmBaVXsn77Bhx8EGil2BrFmS5Iw8wjIwAX7H/QW5AnBSvr9aMuLSSra2YZ74j1nJsxksgmtrhUxqpVprGTH+sR8/P66+iVzCvaYqqWmC/SfDkMRXg91tbdEsr8zert8AmZFNnZXZYwPjY1hIJr/uOxixmxRCIq3K/+SerKHoOW4J2y2wpGbuaElon0b5Pis1lDlIhmh7/nYrq7ExkOXpykLLBJ6uBk/cruuooiSqq3OU/RPrqlhN+S1sy/q6x+EdH/9nDT+wm+M3L9yOcyOvseifwiphkl6qtd8y+FKFf7Ay/y8F4XgXzGzbh3f7rm5ZrHyo8D
lmeiMKtPjBsZJaSXG7FMNVfvg4ROE/45+MJXxkCbo1KBq7v3af0CrBvFknEy+KYlRspCYvOO+RnAF1k3dVjXAq/yLYVShgIB5k40X4YjGG7bPklMnDeRByryWFXZIzQ5
lmeiMKtPjBsZJaSXG7FMNdVgrk7ov+IXcC9P3cedZG7+4PQlX0efsu/6VcRanr5ynYHOIFC7JFEjIZx0sAqn6MDsJwETsdqLgWzpl166ao9lWJpiHaTHOU/ZgeYU0xV90FIIuz2RqVb8dq1FgQOBMg==
lmeiMKtPjBsZJaSXG7FMNcGPXsYYWuEPGTHt5MlqmkMwPjsPoXTujeQPyVfoFICAgJ5DQwqINI4XSm2CNU0vJOn9NdMSEBxCRBcNIsDWaDSVckotJ/YSYHQjehMFK+jIxkUxXapjjWt/dna1njD80w==
lmeiMKtPjBsZJaSXG7FMNfJGuPCDEW47tTSNv8JIGu16w38vXBFgM59JqgbPVlVvbrnCAG66RFWWGCYexZHH/N2Fuo9Q8pjYWB249FoOi1roGNMZcDzeief1fxhx+fzcw0x7qWFIjEgbbvyMVZ0VjQ==
lmeiMKtPjBsZJaSXG7FMNewgm98QXggmd4N+pc9Ee+WeKeSXxh7mlGOsqilH259imG98ENutNSHq6CKtmJl2cZGaSJ6t98VkX2Ttp9Z3oKaJXpf+LfRiweW6XdUe/FRatGyuuff8ULcAIUzNeNKQ0F0x77FKJAK93GSZyhyQsamzFNDqJmzrKc8KElDerlNWq+f7An3WgndB7kLvO53hxgnYq+3GXjW+QSQNfsjOeCOWBZ/rH3i5PNYG+l6R6d9nwCIEvZ5fQOy5rCqV994gnBLfiodwmjfigSeE2Tak7SBqUw2fmHMHjjh+M+7GIOGUociBhq/DOVZY/53bZvLCin9KaVVsskHOh2JXBW6YOPVY7xhd7aguY0MWKpP8aL6u
lmeiMKtPjBsZJaSXG7FMNa0n/kjlUqT4fC/Pyty+FoB6783QzM6dDQ2UROZC5DljvQ/QpsnIkMINN7VUeMeLZHN55QnZEbAZqzRm+xII5j2K/+4DprHnF3navj5Y7pl/7NN1s2N/8uTx2Y5bz7oT7w==
lmeiMKtPjBsZJaSXG7FMNfjWPA4YwdDV5XbNpgfQlLPjWBf8MxGLcSLUclYYNIlXYVKOObcWfCVRpN7YpACiCu/R57UI+c77Mcrf1Ij+oz4htbJU0oyF3Yx9btKK6pYi/8iWb5e6ihphoAXoFQOVFQ==
lmeiMKtPjBsZJaSXG7FMNf7QgFGjRugh9WO2mnljprVSh65jdQq/vajqCpNOpcLCA5lNEYaqXNKQRS0wiTPwowKKL/lSXqaBD231u5C+9fwfipqS4h6evGnTaG2zkNwzTse4KeyZMk/x6b57amtschvMRjFrUaPRbxdfrE/n2mQVH5qNzPYf3+iVpXMoRKgLmZIzMjVNn+Mvi05DgUIDEBzMHlp2kMIeEjJR5Y+D4qldi0wWWf/cUgvbEeDX2zWFA7zxTcPm3guGFpr0S+klcH5JL609q8h9MyWafcFdZiBnaFygbhITYIOr1BwCuzpcfFbIDD/DRIQNp7JqmqKzOc/8AnokFHONFdqhmbnZxvgZmu/8S5AJmNegvlZGgA4Y
lmeiMKtPjBsZJaSXG7FMNU7FkTH1uFv/YRTAsOZezTvQW2kz9cCOba2f2+5Xw2TPe3kJEpMN+5VIZ2zEL5rvSYHd9HunUEpZhTKMfOnCi/ayO+E3Q/XUC4y4P3sITwgGXRYxmnhwc6kjhtLEHDVbSg==
lmeiMKtPjBsZJaSXG7FMNcBxFC6/qW9Ugt+i67C7DmGjCbPI/d4CDvMxCMnWJKgYPyykcpXiDD0SV/Dm1dcf+iZYHs0/lSV0O3Z8tKjpUOrD6/EoFsNkGyKyvE6+wRB0rmWgXvO7Effk5urIjWDbxw==
lmeiMKtPjBsZJaSXG7FMNe6W83Y6ZI5WR8bSHk+gjnYWKDAuFGS/qa2mfg5EFpAiFplqD0unjNEz3xew8W0BDhYVI2IThFkYsEgztESnilorF4NYiXQeRjn54HU2Fa8NGQJyVn6jw7moZY/Iqdwhqb/yVZ6W02dGX6yS0q+CgT+paNwP/Z8WG9/8DisWqwdh
lmeiMKtPjBsZJaSXG7FMNe6W83Y6ZI5WR8bSHk+gjnYWKDAuFGS/qa2mfg5EFpAiTX173xeSvaWW2HY0EMoaVG7lHh59DKGcJJTBLPAq7ys=
lmeiMKtPjBsZJaSXG7FMNSlDOTxECB1/QZxtfHjEijW0IwrwlrnnchdZ2nzChJlm9jL9f2izH/zeIzXRgNP1dwIxcZQnUFTzjRLPKiS6v3auC+Xe4CN0ADKs8l3IlLux3NaN3FXjQ4sWpNxIMW8xBk18bsmh40DhXcS1xLBNbDs=
lmeiMKtPjBsZJaSXG7FMNajj3YPBnh/lqi5f6VnrZDXz1okQro0Swav1kftuJLdTy2i2rn+UdhxMBioR6IVfbt3+4iO/n3m55d0aiuvhyjs=
lmeiMKtPjBsZJaSXG7FMNRRQ9rWjUroGJC+5mr00oueZqGJV3F75VB94WncBJ87UiDEWy9Xr2I7rRXryA4q/OoEw07Q9XFNnRjFLTm/O04+wSvHM0FDdAUDGu2MN8Ba9x81fVxgbou8ZOLqO1vhwqmo4eYQ9dzChe9oFFiMFqX0=
lmeiMKtPjBsZJaSXG7FMNcCHHvxykz5em/2yX1xjdW0oTzNfftGb4CCl21xSUkqOlTVzdBrQgHOY3Pq6W6Yzo53qmLuMznmmhQSVvtJcrITwnEKYG0jT83kYCb3ZD++jhU5XSfErAk0NCooa5JTHGFplCD6AMIJZEoz0kJ4DZQM=
lmeiMKtPjBsZJaSXG7FMNSv4h7tJbuwQNXI33JwLzh0j1D5xFEHxjbSWwXpZZZAUMhRt6AwZ165xnnAnhDu07c86jq5+uU/W0soCkhWYyU1cC75l2fPKm7+uOl7sWwaOCkVTCi5dITDk62EV7ZRh2Q==
lmeiMKtPjBsZJaSXG7FMNajBCn6LUft1YLLJbtEkypI01KpL8pZeWv41/dsFlB5zI3bSDIEk3HX7pHdk7AYMpZYtauknyCGDfh9FC7CIYV5fy9OeSfPOOgoGJ4bpTfKlRiCIdBwYLq+GrkT+UHQFT5sxLSAOhxh1NBkKtwiIsEF0PeB7aiRyoiA1EMCKRosVjegeTO+f5ki0Mh7VZSV55FJ8tFVodvq0+KLf6iNzlkhejZgJwPAEdZPcnhxG9iSkliVh99yy557C0IrFTqWgF5JTwYychjmoh7xxozmcSXIi1PTzDqKu04TltrzrDbv0yrP/9I+JRcMkv7YhqQ/kG+3kpvzgViatj9lSeWAXJ0QUWaHDwnN4lMUWAHQPPVE7
lmeiMKtPjBsZJaSXG7FMNclCIRqktDCVDvapHqw4K7ZgAQV/HMq8begYRQ3oQ6iND0qMUdgWsMai2lDnyD2sBm62KT/dJRnqeQU5RzIYFCOe2oKvbda5Sgp/2o2M9bGkJrM0AFgKMdKkjlt9gZkR/g==
lmeiMKtPjBsZJaSXG7FMNez96qFQB2X0Kj8ZPhlGMgrvwC0SZkJRYx5w22rR1e9Ft+aV+r9gBSI4pQvn5otF6oBB82r5hE+jfgRPDSHY5FjFKttCaGKsLRkH003kiehS7jPSyZcAJyOZk8rzwDTPpQ==
lmeiMKtPjBsZJaSXG7FMNQp/xZ+ihN4TQMgJUcaQzKjwy/GCxdBzUWm0G221509lFeGnOZfgEPgAd0t4Tr36D8AGgaDt2g4RI1dX2n6/uLa9YAPxOsDylWuXaQ+/+Be6tVNzXanJcaJVDUWagzSqop3fqxoVtwQDEbYHq4loI+bLWpGTIFyWVjMy8i4mEbmBxPk77m05qX1tekMRRfPgXS7ehdNoiviXIzhkHROJ8B4bSlhfOsHaAHnqVTqn1ik68kzGf6khsVY7ubqdAuBUubcw59L+mw65ZwN09Sumo4NZQfhH4b0OZpIMn22nxXyNrP3l3XZBrrfk2UKH8AiO/84M2cJGr6m+Vqt/eaDKpTGmwBt5HbD3tyIPLC/hoym9jEV9JUBm/3SWuWQ/2NuXHw==
lmeiMKtPjBsZJaSXG7FMNUM6TnbmjSOKBPqQRV+NkOgr4T8OF26KK+gqcG4w+Qh32F8rW41LMvNCWr3clRhb1u4KgUxE86zT19y2Re5EOoCdgO7gUnd5NCVzNSUHTAYpIcJesQjoSBfvsSZeOFP8qA==
