GmcONIA9PFzHw1gpPLLPoqev3ytAH5KO3S/CJpMsylg=
35kyjVfwBJgytCi6KM5Vug==
FNt9orFfFSbPIXNSbXcP2Q==
gE2g7VQeqq0h5MkG44fPUw==
A4ZCFW7RnVRfEnbtNxUDb8VFIQmzxcIFLuiIjRY2q84=
cwgQW1UgxyVfBeSrdwXHsPE1eoSAri+NViVSjTYe4hg=
pYn3RyiaY4vz2unSybTHuw==
mAzeFbkWBGyzJRgEWJSZYQNn44wFaguEUnqkvHVinQw=
NiGef/LGs6v8Em6sqLz1GYGKB0111uCW/TAqgkiW0+w=
2lfNnhNY+w/3xMaMUxJbE0YFT/wvMlSDz8Vrd5FEs18=
XH4oKaXtxRwEZr2CoAaBkWX4AZ11VCHD9U/n02jPzpabzrgJfm6R0ATNewsHUnEm3jmRT707/rBudprbFU0cO5RMCVxMMOTp8P3XVHbDkpsdWskXaljxkHrWTuY5GKAumpZdm1uJZdA74FU3rNYvcg==
XH4oKaXtxRwEZr2CoAaBkZhMGun0QUM0z4oJh99DoTVH/hr/8PGUkBflzdPR9bVia+XV3Q1nsabyRBfGO7FLLct5cI1p+zGhg5gaMALtE23C/AMg6PZwe8wP0SCalGivfvQ2ILhAvmNqpMg339XgVQ==
XH4oKaXtxRwEZr2CoAaBkZhMGun0QUM0z4oJh99DoTWL2yi6Hqa7Yq1muWdVACTt3bWt6ZA+DWv8Iqn1VMQ2kCHNENrgtDzktd9M9LgPfIHbQUc50KhYScrVJeYUk2QACiKukIFOzGFNrI4EJhMHkA==
XH4oKaXtxRwEZr2CoAaBkWaUzadmm737R64HlYzLfL3w6hwxREb1aRJM1hrUe+vgxOmjEzjsf4t/0+i/Nm8aKPlSLP+o8eJwQ0QizPK08SasALd/HH9WqnkxDsy6LGX+Eb0crJ4G76+ZSHMdXwhCwQ==
XH4oKaXtxRwEZr2CoAaBkUP/aV6GRXFbTb3lBaCH//b5+xrjWSO9UV6MIxcWs5k2ZqbzxpzEU0czuQ6f/agCTmdLGGKLtKIHgpXZ2WbLMhZUhV4pPWcjkl4fZuxXzMPq5ciPSTB03Jds6JxSBNjkpg==
XH4oKaXtxRwEZr2CoAaBkasfK0qdbVMnDkYU+nHsxG558Ck9OxyHqwjnkX6BsgLbPiVfjkyXSoQE6YQZSoJx/mDazpmFxPjcY4sWc/5mVo6LVynhRUA5Pb9Ue+tzf2rCFxdCH7Vmw89GwZnGb7iseQ==
XH4oKaXtxRwEZr2CoAaBkVGnLw4HzRBJtWfuHs42gNzOJwWeJpcmRuwHWFTLmwlOQWYjNbMaguHIjcgcNAMN+ACgFpO2JCS43y6V5S/1WoFzR/sCTVBi9DWBGoxeGZjBXKN7OzGhkSGnqCz7kXwp5Q==
XH4oKaXtxRwEZr2CoAaBkXXiO89h04Yyo0zffJ/iSzJVYp97TQHZBU7pBeqdzz5edxOCq6aC4upupFgVpxRvBv6PFbeuAExlr7O/h8erbpCK3KaUIRNnIAct20ndnmiWruOQbhQcCxGWOU+VNy2p5A==
XH4oKaXtxRwEZr2CoAaBkdemzsEuFWHsarCji8Kj1HixIEVvA58CIV+RMLQta2xxxrYoxF+P2Xg8HxWBhzijDimyKY7ZxecvGxN7YAWKLvCn0quX1kc2HU2b/PNZUI0OjmluRv0w0QN43Dk5BC9OjA==
XH4oKaXtxRwEZr2CoAaBkVYEWBPZPYavhNrheOOkeDpaa+X/mTSzatyHk+Kmpqxjeuuv27/xMsT7V2aGVbRmk0cJr2p5AcBJvql7HddR6o/d+Pt35/EGCU/ODo1a08yRK4u+5L9VbVJINqUj3rO5NA==
XH4oKaXtxRwEZr2CoAaBkWCw50zxW5/cH1iB0VrsJPOuEpZAErww/BEZqLdBTCLg7DW4TxP1Z5dweZFKSN+BikDCYAMYIw6tlyTP825ceJGMrooSaq3lTjcx8xW2gD9e8GwCDN76ptmYWZ4nHdo6eQ==
XH4oKaXtxRwEZr2CoAaBkcDuDhM1kD+gL/DEbEg8+gonq4MWwUrk4l9BLrf7B9iBhVDw+/hXpFwph1G3q37q36TDsatL3TB8Kio+aggKHfAeG018KEJiaYPT+VeZqSE0KRPPk8sZ7FPX3LAhYbPvdg==
XH4oKaXtxRwEZr2CoAaBkSQ5QLlqmHoHJmv076sAdUOD24Bfm+6zCOak7/dYKJQMErZAl59CXXsCin0/GhWIZlPM30cCLifsxH6bRnGfCM0DCLo+e7veXyRcJadh3O1Fh3i2pbNYoADGrgOrtONtAA==
