GmcONIA9PFzHw1gpPLLPoqev3ytAH5KO3S/CJpMsylg=
35kyjVfwBJgytCi6KM5Vug==
FNt9orFfFSbPIXNSbXcP2Q==
gE2g7VQeqq0h5MkG44fPUw==
A4ZCFW7RnVRfEnbtNxUDb8VFIQmzxcIFLuiIjRY2q84=
cwgQW1UgxyVfBeSrdwXHsPE1eoSAri+NViVSjTYe4hg=
pYn3RyiaY4vz2unSybTHuw==
mAzeFbkWBGyzJRgEWJSZYQNn44wFaguEUnqkvHVinQw=
NiGef/LGs6v8Em6sqLz1GYGKB0111uCW/TAqgkiW0+w=
2lfNnhNY+w/3xMaMUxJbE0YFT/wvMlSDz8Vrd5FEs18=
0VN+pJgbF47SeMS5WlTBrawvuyMYBR3jXVIs1FRTPf+M/hVQFk1Ze7CeWOWoMO0diu4rdAluJNr3DvI3gm/yUG9yMfFK/d9lxVyvEz3t3Rj0Akd6odkeEQ43zRnXqNnrtGDW5BsVrx8xrGWZwlebhg==
0VN+pJgbF47SeMS5WlTBrWFz5eA7mPRw1QXdQYSSpHm1L3CkcjEut5YmUShkKGFcNI6boLpJFmmkwnuI9kL+9mj6xO9MglIfsv8y3OupKR0=
0VN+pJgbF47SeMS5WlTBrWFz5eA7mPRw1QXdQYSSpHlZYrKLMPcaYM55CgZE1KdWUiFISXqCaQaKjYsW0w/ZFodUgsSYYiMGZeGrBXOIsTc=
0VN+pJgbF47SeMS5WlTBrfDGl8TrpyAW/AmVXxcpzlfeaW56Orbsi+s19x3UbC5cBWIKKDehz4xvyNjXk+vzkl79yVaT+WdVZfO97XJiV7hhO0Pe0yQ+nSS7qhIT7ifpY3MsfgYHUYl6Fwu3qfNcVw==
0VN+pJgbF47SeMS5WlTBrfDGl8TrpyAW/AmVXxcpzlfeaW56Orbsi+s19x3UbC5cUXJ7TqjOvj8165InMDDqfg==
0VN+pJgbF47SeMS5WlTBrfDGl8TrpyAW/AmVXxcpzldQ/o/jxBSq/YmEKA9nZFrByTR116uZaJV8Eob81u0bRrKFzUjXQ6eb7bLmuAl+fS8kD4/V3xmSR4tHcSk1O8kpMvJwCpjG3N470d2qgq3zN4hGWN4uiwWNPSASVj2KksBD6ZUoABcrCg18vuezdRwzCDn1ReIxMBBmtFaojYobBY36JqYOuMdKpz4BOIqd74QWHye3KpTLUs4K1vnVYUDS5e4lpNGvO3q4G09NnEb2DZUPb4+cmWugTB/+1Tk7cCDjl/LIPFDyUq8X7n33zdBm5JmgjpKXF5ZDO+ZtdrvLXsv25ZJUE869GMyXwuYjr4c=
0VN+pJgbF47SeMS5WlTBrc9mJKVnTuXX9rSnO/Tz1F0xpSZi/qN1Iif2Ky5zVJ/8lztufFm2fQgK7b8jvzukHeL5HZTypu6DqqbbYIRly5/WJna9fd6Lvoe3WB95YecL8E9okqTVY/7rMqezLze0fSQCzGG5xVWrFX9nw4Et95PbbjXVoMSsjXsCrfFBrAdjCExwqthfcQ92JgYjeUWkhtIkWm3u8NMye2Ao0ipRAonooO+ZXbwncFVP0an83J7v5EtG0H9+oyS5k7pm3uo7sm4gUSwA13q0mUGGUIy2P4U=
0VN+pJgbF47SeMS5WlTBrYaaS0DbifGoq5FmY+y4ZGbvizW3fUbcuxQJeUgR/pbAVhHkbKjDEjUe7KYW20J+n3SbQRnmby4iAz6HE5veqfLHBO9HoT2aJW1lC47JpoFx2oApgefpag58PnLPJIN3HEzJ5126TKtfuVcKSnUk4tE=
0VN+pJgbF47SeMS5WlTBrXoTgN6J2LC1LYLvdEL6l5BLPgGRCHySD242d05Vtap16qO7fKuRpTrNxBgIyfSDFfCXETRjRYZt4sG3wMh4T55WzWCROjcLc+VK9ItdqE1TGQDFhzzIAXkMlR+8lJ7mKfHoET/GzMw9C5YAyDDUewRxBdPyBEG5MrC+8hJahdEPj2OHBZLqROhApxyqUkZscg==
0VN+pJgbF47SeMS5WlTBrU6hBXoPhXGmL9UExkDcsP89FWNywMfdvB+vwMWp5or1Seq0mSvlp94eQNryzmzH4YIHRTGRPTrqmAZ317dnC38mbfLwexCXpXtM9ioHftxI1KqdKkkdoolEql0ZRXWzTw==
0VN+pJgbF47SeMS5WlTBrXi+Ms64tBUi2lVIwCgBqQ0I4ktxVcynxs1MMq6HNmSFLI/+4ggO+8dh80cKycSObVq+81UR+nIlDrfSZd4CvpY=
0VN+pJgbF47SeMS5WlTBrS/Rncqc2BDSQzfEj2ECKwtVhjRMbu5t11kPGgGqr6rifGCvVHOc2LTlWqBLgb4uGWstXz20RDQDvyVOIXdHHwrbOn/dDIKlsytnFwkVZ7rDM6lcSa2p44BCOujanEDfy8p7ID2H8a9T8EMl1NqeUagHVZ83lWboNVYM2nbgyNE9
0VN+pJgbF47SeMS5WlTBrePlhSwl1/Kn+qRHorAFARAiSpi+u5n8O+XDEuNe2089GPS6fsqo5+8EqTHaIkGIbzJXXWX7TXertGzA2ditouk=
0VN+pJgbF47SeMS5WlTBrePlhSwl1/Kn+qRHorAFARB/V8cVnU9UrMP+xFNZnQqwHzfE5oVjULXdq8uEQhg99m7/Cj46rJYkoCOMxa3Xwn0=
0VN+pJgbF47SeMS5WlTBrXGgQ8KdDKQmmaW4g0qxqWQ5B0yeK2yE3JYnOteqA9Ro+beD8LHUlHDC4WVSrcI7MzJ1lG/wqYqew168mDxipvyXXgUF11OgJB97qb9HcoU0
0VN+pJgbF47SeMS5WlTBrdV3XMNTSa+1gPn9C8QRDxcjwaYCPx2MNm4omxGq77LQ/B+K06/XcEy2+n62sgkFN0Xn28/TuHd3hi64s8Yae+iZgNPYNDRHaEJMaysmFv5Vn9Aya3CJUj4voPgWr7IexSqrhia+AbXOBzT3LN8v/Lg=
0VN+pJgbF47SeMS5WlTBrVqzF0vyVPkHvsj4vXWT8ggHpWoiOJOWwrnDJ+dMP7Ta/R5cJbkY3gJH89f3Ht9hDq/AB0nGqDI7/PfRm6wfyl49DRHQ7LAVlqUw/uEWxtP7
0VN+pJgbF47SeMS5WlTBrTlCPlOeUcon6Igd6eHUeF7XR8OywL6hcN0/gRyu5Cu5+tSK2g5+IwGLUOdV/iRaAQO3iGSIsn6A//0DKJpyS9rb2AO5XTfoFQs9S3EC5GzAetMQREU+FUT1g9KB1RAP8dqGSD+4FwBEGk9zstujs1m2Y4h8XJYLbzdfDBhyoVELmEjsKSsiwewNrU3M4pkX2iQg3Z/yisKzANWx3v9ugZQYU48vvgADCUPbEoWGKnrE85NdXw3PqqXVERH1lOOf2bDAWWef4rufev4oXKAayY55xJ9qoaPQkS3ccTQKzAAxoSiyqeTm4vUKbdhgpF+ugQ==
0VN+pJgbF47SeMS5WlTBrTlCPlOeUcon6Igd6eHUeF7XR8OywL6hcN0/gRyu5Cu5Y4geihLH0w2IT8SdXO4Jp74cluLmdcP8Sk16kS1Qqyw=
0VN+pJgbF47SeMS5WlTBrTlCPlOeUcon6Igd6eHUeF7vd5LD3kTtSlTR0xJcu4pxIQBBYJt3Lt0B0QcwqbaIZJEKYlzOwRNtsXwalR2CRRctmZsx/Xgb6nVIimkW1JxU86hXwPPop59rY2m7kL7fNw==
0VN+pJgbF47SeMS5WlTBrcghKA5C7A7y8a7UnpPEZD21G6KhTmwTzjCb3hem7K1JJ8K7TKj9de9VsKJS/Gvgn4ajvZsW192bJAxOGRYzJGaEJaYnXkHnkt0yTAWEaXYiYX8Rr5BCjjKRURpKeVKvCy1awWTx+nekdmQ3vJRYe3c=
0VN+pJgbF47SeMS5WlTBrXfO5EsuEHXUy6PvmMxM8MD+WF9+KExOZnYHXAtvbxiQW+rMexN6ajRmzkk0wgF3jPe63pjWVctwXfCx5wb/Si+5eoPGm1IQriudYig4dFaO
0VN+pJgbF47SeMS5WlTBrXfO5EsuEHXUy6PvmMxM8MD+WF9+KExOZnYHXAtvbxiQFmJrIJoNM035GZnp/O+u0FtuDERDYCDh/4Rg8A2jkR8oWRxJ1JvOAlhoSua8Bjno0/DobaJVtcR57s3X0vlcSE9x1cObfwo8kjVtbVAhaOo=
0VN+pJgbF47SeMS5WlTBrS1eYlzdd/twWgitxMhvJ7GHOZIz9TNLHuvPseSxSPMXvAkugpUM6yDerHyMMkGrKsZcolDOOmOr19gNIIsnF+s=
0VN+pJgbF47SeMS5WlTBrUSCXeK0voyDvDSUuRFWHxvtksg1+5a4ep+Vf8hnkx8ITQtROkTxXau0SAA5UqWuEFheoe8kXPfbZtoWHOOQxRU=
0VN+pJgbF47SeMS5WlTBrfn56cgQr5iI388cCjQ1KbbOV+JgsSCw6HTbU9Z5Yz8U6lsAidfVRLUO0al00u33m+9KTnWm9Lfksjv2Q1y+RPQ=
0VN+pJgbF47SeMS5WlTBrfn56cgQr5iI388cCjQ1KbaKXewkPAB3Adop0jI3q/Tv3vHakuuPp4aL3VXFNSsORAmy534gPxigZ4SM8Zq4q9g=
0VN+pJgbF47SeMS5WlTBrZmwAii/gG5fTtOlojBXnVEo0PA/rcDWIlhpCjlFUgy6F2CCzaEGaSq+RFN2mZZ1rsxkDqkmZVysIlYbudMy8SQ=
0VN+pJgbF47SeMS5WlTBrZmwAii/gG5fTtOlojBXnVHDcG+4BXY/MEx8JcCLI7U24ZWKmqYYT+k4vro795zUCFZTdWeOyugLK8hcXG92lh4=
0VN+pJgbF47SeMS5WlTBre63YefLxt2FMCcdT9M6nPH2Cw0QrM/IBhBvaI6TRqGQ3jDJCGJ1uIePfZf8ezOZt8g9HYMOMNfCIhLd7m1GJf4=
0VN+pJgbF47SeMS5WlTBre63YefLxt2FMCcdT9M6nPEe0Z2zjRugRHmh1eiP8+yF5yG8k/4wZUErCLmnuhKXxX0GMVs1oynw+Cmf2bQ2Bgc=
0VN+pJgbF47SeMS5WlTBrZFbeRfACjnS7NbpDP8SyQNqOcoQ2JNvB4sJ1ZFSty9mkZFOvluM4axIlso4cYin/tNAJzs8hmlFFuVSoI2CbVs=
0VN+pJgbF47SeMS5WlTBrZFbeRfACjnS7NbpDP8SyQOPstoIpbPDr3bCTkXfySBaMmS+XxSepE3r9H77h7YS9KOb/fcEWgMfFT4yXoc2rZY=
0VN+pJgbF47SeMS5WlTBrSoUa9LOoctI+v46D/gJr+QMeUz1fUVeLmGyVYDP5Lia57Rt5v1q7ufjFk7Or4TKF5RxhpNncIk0oSdKAwVtJ2c=
0VN+pJgbF47SeMS5WlTBrSoUa9LOoctI+v46D/gJr+QVqLKgDehw6oA9Z9R3jxKzNMwRTQ75s3zrJj5HmyKAaV/3OlZ8S4yLykmCq9w1pLE=
0VN+pJgbF47SeMS5WlTBrZzmy4AUsqtEPfM4aTfwIAc84XJMGPDz9+AzGl9U2bX3zZUtX8huSUUY1dwAmuhVoDDQcJ6pSMaFekzSk6EdYM8=
0VN+pJgbF47SeMS5WlTBrZzmy4AUsqtEPfM4aTfwIAcqbRQQ8kvPEWRLmRtED3XM5mvcBpXS7IWziME/B6KccBAJiOHAHIWoL/+h0DE1uGQ=
0VN+pJgbF47SeMS5WlTBrRVdGUOl0y5ZlUISDbKP+vtcNnDeRyabmUkdxSwL0MiJGU5Gtxz4fdvNkipUE+gAqhs2T78Zd6GZMjYsCVDvtLc=
0VN+pJgbF47SeMS5WlTBrRVdGUOl0y5ZlUISDbKP+vubo/7DAKW+Eg3WNpvnRQB757OkYAatvD49/aukxr5y0e++yNZtPYdA2+rEAADDqMI=
0VN+pJgbF47SeMS5WlTBrQmzrD0mVrkH3OPtxepskCHyyi7ej64vhX/slzJLC9nW+xNcGFSjGzc+cq6iHc/5MCrExXcDK8ow2XOyT9d9ECE=
0VN+pJgbF47SeMS5WlTBrQmzrD0mVrkH3OPtxepskCG4tAY98fy059LmhDTE35ybZRpV7yFjzZCkQorIgjW3dt8cq/Sy6QMF1CPwUhqSU74=
0VN+pJgbF47SeMS5WlTBrS/5oflJiNG92tRCYWaruOguuGTk3XomUtCEUgbUoIscnK7RWGffGmYo/SshrHLV8F++/CgIPSiXxL8v5/vc7UA=
0VN+pJgbF47SeMS5WlTBrS/5oflJiNG92tRCYWaruOjbEvFcid7N5Bky2su/QLMbrFSoDbn8/fN+hORemncHpZ/utI8A/x6pVMfptgEdzo4=
0VN+pJgbF47SeMS5WlTBrftewkN6Pyqb+uQpmALVKSxf35xfMHkCxVCWcosOS2s5R4oGk7BbuW5EzvL7ltrzU+zWhKgArEd83Aez0Mn5rnI=
0VN+pJgbF47SeMS5WlTBrftewkN6Pyqb+uQpmALVKSxyeQSuulHaZ2zACAL0LF+d8GASdUwGz+D5TuELEGjPFbydWh5g3EdIhzLf0Bb7pA8=
0VN+pJgbF47SeMS5WlTBrcjz8C0R7E7/R35Fhq6T26MhiPlMgp6xI0PlVvz76SmZ3bg7xASoufA2zqsBEZIXi1uVG9ZqZITgy+Npx51YIbg=
0VN+pJgbF47SeMS5WlTBrcjz8C0R7E7/R35Fhq6T26PdnPbPTjL6F5HnemN0V++UY0elJTwEL8z24Rz0UXpqkTwK0BAkwdcbiCHwC3zVRRg=
0VN+pJgbF47SeMS5WlTBrR7A85MmUVn63ilIWoK8zfpX1OzDqZ/Zkpi4Nml8ypd7krpJre+EJkLah1iuegvtBwM8CYMWVBVRa2SAd4FWgz0=
0VN+pJgbF47SeMS5WlTBrR7A85MmUVn63ilIWoK8zfp9mRjxWMqFnUhGTy29sZYqd8NII8EXgUMo4VW/st+sBnIIznBX+MOGL60d5bdbyN8=
0VN+pJgbF47SeMS5WlTBrW41OSwuoCvgmuwkGzxXotPx6sGqKgWVzU6IePsBBgzYFP15Yn8kl8Q6NpHnWcx1LOlPN/LroazYj3EICUA96J8=
0VN+pJgbF47SeMS5WlTBrW41OSwuoCvgmuwkGzxXotOsE/AAWUrL6C6+hTytte12zbGMA/FKktCdxopHsUPp2yRtXc8NbwxTPChWjO4++eI=
0VN+pJgbF47SeMS5WlTBrel7nZEG06SouL7bAlC9QR4RyK/2wDAR7/b2V96X3M/TFBIokeIAedjFk/r5rIeqMuJUXiRIOc3856YD3cl8dc0=
0VN+pJgbF47SeMS5WlTBrel7nZEG06SouL7bAlC9QR6BO0lAVoGGJ6xaP+y/atQryChwxLUZVthnxTy3bFB5cLGlpJnS4mR8HToRew1D7QY=
0VN+pJgbF47SeMS5WlTBrRe94rKOACvyaUdmH4TYOcsmr66UNlZ9rc8RmM3lIETZsIa4laJxfSYzV1GcAyShJsnwj6KDwnMYg28VcI0DbYLdIdyvFoaa0GQo7ZDBQXIE5ua7j41/xyCVnFo5lho77LCfqPrTFndK4gQU85Bjflw=
0VN+pJgbF47SeMS5WlTBrZK40mAeqxPYj5gYZwYyjuTS/RIxamjSyWO6lpBXCeVJEGiUUo3kSrO5j0PqvJAdBTlURNZHO9bcmOrT77eQaOTl3h9jKnIPtN6dVrLqJOzowU+vIqGYzyjNqsDzMI3okKiKTbxL/R/OuS5NzsaP20QsZvRFgSNLwBTFCsMkIfvS1eQVWqSD7VF5oq7S9T8hcw==
0VN+pJgbF47SeMS5WlTBrfAtWMESizl/FRwd1cI6oeEwPY6fq9LFyBouwcfYuVufBDhlkuMKCvG30HFhJxhA3TG2LBWL3y33iVQ/Tz56yO1x5izLZ4INV2mSz/XuIttbfQl/mu7RaIwj9b0DKXLatFBZinQzuGlB+AEcxJUOCJU=
0VN+pJgbF47SeMS5WlTBrboeJ5GQ9f+HZbl70PsYiNmfNImVMdozAMCuQwZr7LTuAN0MtP01+zP9smTAcvObt3xesMHaUmLU9olSg/bWZkkuTQEJR6qEyiZyOvJVk1sSdq5/c3c4WqSHXAmZPRFmXcS4tTDpl+5EwmGaH5e0xkFMmA9wICHCiavAE3sZsmOWouuNCcn8H4PhMMa7w28gHg==
0VN+pJgbF47SeMS5WlTBrboeJ5GQ9f+HZbl70PsYiNmfNImVMdozAMCuQwZr7LTurcYq2//CEGYnTbI2h2jsbWVbo/XwINNpnb/G5raJv2YBQJT1eqQiZZw1lLd8CbQe
0VN+pJgbF47SeMS5WlTBrY1cplw3SpSQZfZea5qV35DoGbe7NTDqT8WRxAKm6dryYFHgvWXYwZn52VmcwWXOV6o2xJ7csMBR3ymp8niVfW7HTQ3nHULDS6kod0s9VNqa
0VN+pJgbF47SeMS5WlTBrT7tb8+0/+l+2cHrsNb90mEWtJaxagec8dvJb0yIYS0fE5lPjA2yhq46TRc4jLIt/FFKwPekjdNgwwd85TQv/t9ncAuQmNDu5uDQ7trDZhAcRpqfLnLYxm4KxOZW3XFmAg==
0VN+pJgbF47SeMS5WlTBrYkWl/c+GYx8Z1y5IdFwuTXSXxLrCYQO37mzfmfmcIxE5I82yEBCLyrVxpMcM0aiqj0XvvwXdvHrGxkX6Pvi2DD/HtA3LqciHSrJ2QWQC3F/acUSqf8VS1BJs5xfa7VtAA==
0VN+pJgbF47SeMS5WlTBrdl87GS+GyUrR95NaFe9pLKTY4jpnIZXKM0UM9qhWBypYNvo6lSlVkMiOWLPpQOVpqgxMyR5du4mj3vH1bs+//QvREkzltYrQID2z12ystzI
0VN+pJgbF47SeMS5WlTBrU3MislqkNUOYadOTlC5m2da72Z6iuI1jG/QW67Jqb/9qvyPmki0Q8VguZQvL+t8VqxWcOGm1nawVs1UHBapjKA=
0VN+pJgbF47SeMS5WlTBrUzuxZ9QQAw9AlHRnp3xFsmTOIQ2TZL40Uu9mY0k6ubRiVqJwN/kXqyS2ybxvPG9w1yVoLtLcCsmkd38sABoWIn3jAd4tvkDFCRio5wMb3JFsTdZxf2W+UY0GVbnUo+26w==
0VN+pJgbF47SeMS5WlTBrUzuxZ9QQAw9AlHRnp3xFsmTOIQ2TZL40Uu9mY0k6ubRp1qRLCFKx8yHsoQcqDyHt5bzEGqe4a7fEYfPIdxWJKX3paX2XdEmZmUHsgTj9ONtzl2Q7vmi+ltwEcwLEhbYOw==
0VN+pJgbF47SeMS5WlTBrbvCGQLqRw+v3qSRA6hs7TAMaaZjN+DGyTWTvx9p4mierUdHcs13h7iPDDg5x/FNDao8L7YCmpXQNofQpDQWHvOPrP07rlUdnZ3x31Tr1DEl
0VN+pJgbF47SeMS5WlTBrVr5oDoqXrpBT/V+enoriy6Tv82MR65flLDwgneWAWTwoJZSRtgOYgLL1vtPuJbpuBQ4x8RN0pVB7rt/8sgui5llGJMuCtYfw41k66mr/zXcT+p7SV2rU+dPN+0kugdVTQL2BoANzT+NjiNeP5KhIko=
0VN+pJgbF47SeMS5WlTBrdao9gKgF640jzWK0tvANMiijjBIiGO3XslWuJJ/aOcnsdcEhi6mkJ9XkqWtfxyETgAgat19vF+pEIPJ1PEhM01Gi0E6Ls1B05khJSr1ZuDjj8CU6XIwLAUwrVM4i52zWzo6g9Tm49V6dQY4yfqx7VQU4Q+wx7Are0GIeD+QDUymjbvlvpoOBoBDKLmNhqfIeA==
0VN+pJgbF47SeMS5WlTBrY7A8Kh87Dnl/sjHQ+cba2T9ncXtIA4jOaQM33yQhThcrTS4dINZSqVHa0l7uZlQ2V27ZVTkza01RmUjoik4Q5KoSEUyaoNJWlhxmM8XOyDncf/vIQAbUW3vfirMSsbw3RJo9QaPURtxOM4mEu+EI5o=
0VN+pJgbF47SeMS5WlTBrQXIFBvlu3ig2mWGng0Q8pOGdcEDa+N6CSOphbhYCfiMRAxlkJtXZySxiYZ18oue3pTVTtF+4rQVwORFi1LOzp0o8g3vEcIHeJAbJAdtzQOfPmiTwhB3gAhZKMR6lrxOtLOOnLulxg7nQeH1S6BuyZrKwgJsM1hHi6cL7Og1pLe5m+arvdqWLHtKEOEoi/MN/A==
0VN+pJgbF47SeMS5WlTBrQXIFBvlu3ig2mWGng0Q8pOGdcEDa+N6CSOphbhYCfiMVB7CkUO//1/fO/SXNDQN7SEnzgYNt2GXyLSReZ9keWgOs3vP0LjocSg1qC+3tf8T
0VN+pJgbF47SeMS5WlTBrfZ5+iwIgEhGOBlh6hXL8r9/vCwmvUFgvMEHsbb+X04GKqzWytJOKJrIyE7Mr9FWHPLr4QgOXuVgse87YtSvTsduOGdbIcs/yF7EtXV8Ij0/
0VN+pJgbF47SeMS5WlTBrb2Wr8ToG//08ZY3bidpmoNnRqtb6GlxG7vaOIbW85HIKbIJH6ksOpdrKo3ykXXQSNRDZx4PG5wgDjcdr6yGhrrIlsmjKApJuyWaOkXrIompto/9t6+dxMfUoHfXACtFew==
0VN+pJgbF47SeMS5WlTBrb2Wr8ToG//08ZY3bidpmoNnRqtb6GlxG7vaOIbW85HI+XW8hvYILfFlUqX8CG/i/n5ArjS/dShQmpZcP9Or0iWfjh8rwbW0gg4NFXQ6Satj3M/TWYqaNewg6oGk2gHRqA==
0VN+pJgbF47SeMS5WlTBrVZSg/lDAEnGdaRLg8wGS8/3WSorZg/4jO4P5eAV+NugvZIEki6xmC6hy3EO1nv1DJ6JFT6Jn2maU26syy/855WwYU2NoSsppI5ge4Lozy/9
0VN+pJgbF47SeMS5WlTBrYBdvvnNeFg9fdnPtpxwF0J8Oxq/S7C+J6JiO41KiKYP1KiIacZcYvEE1XImX4+ihyoGcPQ4IQEsxsZ5+ieEYHA=
0VN+pJgbF47SeMS5WlTBrYBdvvnNeFg9fdnPtpxwF0J8Oxq/S7C+J6JiO41KiKYPy+8KeKr/hjfGt0TQreNJbg1XRfpNZWzsbsHymw2Hy93yHcgVZwZSL/b8L0DSMDf6OTmSjIHPHkqZyTOgLH9I4w==
0VN+pJgbF47SeMS5WlTBrYBdvvnNeFg9fdnPtpxwF0J8Oxq/S7C+J6JiO41KiKYPbySV0cUKnlxPfWXjwy+OHCsFyx9OolpfMNL64JnlbbubR+bGwomz790SRPRXOV8E0NOZtZ1FbwHqO2zbCBvR0Q==
0VN+pJgbF47SeMS5WlTBrU0d09JCSX382yTVlXqvh5GNb/IaVtV7QDwZsoh3Baeeakt7MdJ3O1RYzfWT3LhUjOeFcw3cfjvwpB9UGd+v9mqNaKrzbEd9+liEU6Uk44VU
0VN+pJgbF47SeMS5WlTBrdiJQhqxQwq0HMr9xughkbhgGF6AHAWSL4nS3HOpVzpxag19L1SrfJ7IM6ynWKSCTXGZWa1E+JFK/kA6avkXnYPdI/8tE1Hyj44AegmgpOyX0IX/LTLTmg/0p/UJEkdLExTw2QbOB1tnLWZ9NzGZskg=
0VN+pJgbF47SeMS5WlTBrcmOcgm1KLVFBx7pMZ4GyMdUaCHm6NRp5BbZp7KtWh68eeSq/64QjLD4xFI4SBcUOtkN7mrO/d9iw3oX/vZC8+NS0J8t03YJkkndAAyJP53cnQluQ99bgjpf63/ppNQxqm1njg71+3Fm2gj6bQN+6rI6zgLeM6xKZAknarifPaDOmJK5RHIjQiAZoHi3k+c6hg==
0VN+pJgbF47SeMS5WlTBraEmoMtJZ1CW0pA8H2XMgAULVWHXTZoUJPP8IHpEsMHkRU5TNXsru1LQUnJyLB4KNayVj23MKGW5mv3rW6c+De2OvqX+EAPEsgEcKbGS9oyNWGgfww6SkhX3PrjtavChbBfpUWOD12WfhdE0eqavzD0=
0VN+pJgbF47SeMS5WlTBrZzYbrOMwPsnlQPIZQsd2zcGeBXqrdni1EKZpm9rYlqoBuMLAqmYz0MtSZRdcdsHIwNrdZD5DD77qm4VE1JGta92J9zNBLjyX5O8ZLL1QkSZvcJLFFQsZRs9IkwVNU+SEUPFKSBZbHoeCdfJObBIz2f6aFTX2Tf6QVZ95F6NIeJtpArTNaWx3DHvaIHAAfV6hQ==
0VN+pJgbF47SeMS5WlTBrZzYbrOMwPsnlQPIZQsd2zcGeBXqrdni1EKZpm9rYlqo5sUG4ibj8yHIgsCDlmRh8/JvHYCI1u3bWdeIhd4xyq3U1sSJzifa8/172ZzfaQ1N
0VN+pJgbF47SeMS5WlTBrULbj4icT2gvXZPJF8ePxzbEh7FGBqNRs7Uk1KofUq2O8QgniPgY1GNc4Ygav5i9F6pyEALj0s2YMOrHK6q3ZFaxqh9DiEab/X7fAXcHp23o
0VN+pJgbF47SeMS5WlTBrULbj4icT2gvXZPJF8ePxzbEh7FGBqNRs7Uk1KofUq2O235MFGmcUKlaE90RMTFLZQ7WALFX5xqvkE2hbcTf35TLWD6BYkV2yYYU3x+NnUAoefLOXonmhvNcbcylk0lAMQ==
0VN+pJgbF47SeMS5WlTBrcsYjtBO2wRto3yLggC91Eqt/Amcoixd1PBqJpM1crcw0gfJXYmAB7bK+0zqE3Zg2hqFBQ2kJHGHCmEXg3cSVRu8L+TZhyKD3nKi5s4Ap0Uy0l1gNf5vlDcO7xcEAXXOFg==
0VN+pJgbF47SeMS5WlTBrXm6hrJt0iAmt/th82GB8IYy4joI8I8J552sP+y1YWtlIyRyGz4QS2/k3xIBEQgYW5+cWjK5T7Z7JhgsXTCfZu37ODL9xrgSeR8U7DbEwiWO
0VN+pJgbF47SeMS5WlTBrRvA9c+NtJPgL96J03nkIaL5eWHA/5baZCnZjqX3fG/BG65wyOqu0dBmEkeDn+o4+iHdifovfUfmPlSkbtqOjwk=
0VN+pJgbF47SeMS5WlTBrRvA9c+NtJPgL96J03nkIaL5eWHA/5baZCnZjqX3fG/BvjdhjqunDJ+ios/wHC2Skx3Q/U7yffACKVQojfQdKhIFid7Mlau/litpNI+rvjphQYrgi8XyyNURaw8X8hrhpA==
0VN+pJgbF47SeMS5WlTBrRvA9c+NtJPgL96J03nkIaL5eWHA/5baZCnZjqX3fG/Bx5Wzr3djd2G3DnaJf0k2JZP+otRnyTIvJVi0csp0p+qwLMlMcxBJYb/lZh1sCkXGaYlbhkX32ks9jvDy2iONYA==
0VN+pJgbF47SeMS5WlTBrQlPERZ04RgFDekXzxPJRoVmczarNkeS5le9Uwr2BlhyLJEb68QO/0vnUkyb797qkZ7kQK7TYiNwXBRUB7H6jOoBnKLlqnOZNXaSrw5TfOMx
0VN+pJgbF47SeMS5WlTBrfUuMHzSpBqUXN7Mna9JcZXny0cxqffk9vAbXHp2Mg0jk3MsGK3Kt911EP6b3xZzlWn3bxZRnVQISpVupZMqgx/mfnLHYjtWjr2svZzgpMWR065FtnvYWRXY+frf97aJ3z/ByynPZYvqueceBcVsGQw=
0VN+pJgbF47SeMS5WlTBrYCDUcQJODECqTPzKkWUqhvDI0Rz27E18l3WoJFPwbj/jDGcHU0TxoD9MQ5imAZKG+sCvzlL1fyq/QHVoQ9+jfBFl8g0cl/QFak5123MDdR5PliFg7xYSeAjxZbUwGneo9kQyflDwcndLmlus1/4lgVcLEvn1MNgkd263Ppb4lQPSRsCI+72ZRFWmMBy94o/6w==
0VN+pJgbF47SeMS5WlTBrartOPaNqyCx+pZMafVtvQtoN2DEkpRIlZO8dnlRubwQbPIFpUkhohnQtPL/b1bpFwVuCqs7AeXHEGuCKQT/Nkimxs3VqsN29V0z0LLg7KIy7vkxZQxI9jor8lO4eYZUtsZcOa9eB7zVzPpjdfSOyHY=
0VN+pJgbF47SeMS5WlTBrUPcZOLZEEJv874oR5eyRs2oGC3jM1t60Ph/JJ/EIDE/kONi/t7fcWLVn1EivpPVr5z3qMHcqcup/RNOThKWrSeRRUW0zR+8Ow3ixaOaokYkcptf/gZ0ivNiRlechw1jWUVXAyVjPcenOndk4Wdo76oUcizM3PxPRuE80Lul+jHttrZEkmux9KOdUjFJhlD9Mg==
0VN+pJgbF47SeMS5WlTBrUPcZOLZEEJv874oR5eyRs2oGC3jM1t60Ph/JJ/EIDE/4aBDsLwee16X8Epv1SHxYUQm+tlBrhTKOJ8NQC8B2kp0t1Dbz2HFAuPoCE4fB0RF
0VN+pJgbF47SeMS5WlTBrblHPYAfcPdyp4OVd+ljympl30uBS2rIBRLN4C/miafdjlJBxgsvvXxvuV457qgGWr415mQlfbVOkRGBOZBSj/ciwtj0u+izMf2t+Q5wJXvm
0VN+pJgbF47SeMS5WlTBrblHPYAfcPdyp4OVd+ljympl30uBS2rIBRLN4C/miafdiQ/s0IyO2EgwqkSjw4QQeLvi4aW0nfVAoDdPTrDHiqZMFxv7VdaW6gLtZ1IPsYtnsSlpjJ8dQh0yL3MB5UWl5w==
0VN+pJgbF47SeMS5WlTBrblHPYAfcPdyp4OVd+ljympl30uBS2rIBRLN4C/miafd0yqRez16a391nB8XjCpU2Mq4SDdTRTwIvcVfZlFCgoQxUzXHqDJycYzO9hKndANjhekCk5OdrVqMz00xwcRZBw==
0VN+pJgbF47SeMS5WlTBrReGWJGpfKXpdtt6kkNy2gUGuwtP6DBlXugt/XngYrtABOK/1XybjGRtQD83KG1zNXGIgxKrcU/Vi5+tB4DADICaeo0OzmfZD1ps/O6eOs/Y
0VN+pJgbF47SeMS5WlTBrdUhWz39ePcQ4CE3DaGi2DConLgoqfX+ZrMDESwzwza35GsVYd1wuE5NI/Eh7Lm4FGqpWjiLWgVczUM5yh0nZmc=
0VN+pJgbF47SeMS5WlTBrdUhWz39ePcQ4CE3DaGi2DConLgoqfX+ZrMDESwzwza3oyPaIHuswEJvN4VWLNdVsC/5JcnR3voDsrl5uyYPIR7ocVAQRMzspWS0Ak//wKSldVHgyq5Ks46OUomgM/zhdA==
0VN+pJgbF47SeMS5WlTBrdUhWz39ePcQ4CE3DaGi2DConLgoqfX+ZrMDESwzwza3JtteY7MGPITkbTmvKL+aIZ+aMTn5SAYYzYbg0CGKxbMFLE20DbRJKtNTJumhgpFdu89AK0iGVLskEG1woBi5eA==
0VN+pJgbF47SeMS5WlTBrV4pPkoORPQXv+j52+h/eRoCGDXzNj2UH2h6hs5oEUWh+xlTGxd0e7pVMFiGxYm5iMY89w/PbA0rNEzvRpr/A5CI3vusp8fcIw+G3RK3qfWa
0VN+pJgbF47SeMS5WlTBrZ/HoYtv3GlNzPsU+h/B5o/7rl08JjKHUAuqZHfbG5KUGj8vr4FLjiJ08hf3ih1igXwi9lif70wDjtWZJBQbJxDpSwZcrtNAE99qnIpRbiVCl5RsJUlG/xOsXbvuSRGGxbaa3cbK9+hJVi961krwSik=
0VN+pJgbF47SeMS5WlTBrQd90cP3HVmL4r1IN6nQbellgXEk/sCXzOmiW3YZceBvox7UWuYUJ6hw5Vba0T+1QM7Q2Dt9j4vBWK8AMTUilF51JItC/StXqIPr6IgT/s+mVtUyrxerxJ53WLpESRUsQnhBzQSNNggogXeOXjfCRra/LZGR+F0OWNWAdbzYLuKKKuRs9ldAtlWaAVsCV5VeTg==
0VN+pJgbF47SeMS5WlTBrc9Tl1YViXESnV1815me+ESHi1g7vQGt7YkRlamj/sI7JvTga1+CK5B2IWMdHRQMM5hrKeq4O5/yDAj7gBue30WDax7OMIfMJvjWvgHCtEnpliLPDYLJL9OOFzaT3Nm3+KSn0rb0iVfnh0Y6nZ3syJQ=
0VN+pJgbF47SeMS5WlTBrSFmu4PfOm432ofKjoLsJG5UtVlfSgqRf6DZ07jyKDbm7t8S1c8faDOYZJCYG/kcRuNispD/m89rjCf66kLa75RF+dMaDVy6UElgMKCGuLCNBUguQFiZ0Xn5s1EOtOk4TH6Wdx46eArh+ROQCI3197KAZV5/R7Rkd4lWNjnM4VwM7lUZNIOHv3NCJs+pSeVPrg==
0VN+pJgbF47SeMS5WlTBrSFmu4PfOm432ofKjoLsJG5UtVlfSgqRf6DZ07jyKDbmZ9V7n7Nk4KngM1y+T6/G+7UVZJyR7GNc78X6w70Hpxr5+868aFXfb3hWgRpCt8Ce
0VN+pJgbF47SeMS5WlTBrVgNpanbhdDawQpz47467kkhHZBN1iF0XWx9tF7q8+nKNbJmfpuaY7RGd8T/7wGXtnJcFsHcK6VPvDfIi7Az+b1ESVJ0ZeMAwsMDNCzMVH7X
0VN+pJgbF47SeMS5WlTBrU3u05UCA80yM4y4KPFGbkiU6zrovQ1xjX+XG42PNqwv/71mdI4uLxnO/RUwMn2pehR3C5L3tFKB3R/3IPKTMXCeUH3sdhNffqX3CMPkJYxsV9VA5UAdKCHJCigxwgBwAg==
0VN+pJgbF47SeMS5WlTBrU3u05UCA80yM4y4KPFGbkiU6zrovQ1xjX+XG42PNqwvsDGBPK6bv7qse3ioZ8NUXUXPswIEWoaXbeFXTcOO92helniPihtE7s/MJFfgfT8PxnSSlsCLyAG8tIYgamqf9g==
0VN+pJgbF47SeMS5WlTBrWSnNrZp0p21hBNFxjsXzucBjHkWOss+g7ybTxy8jfCxRxzfLLYBmQcQo2AqcYns3CTXXenioH3UAQoSkRFuexkmdhqCEErYcpSlK/RItqVT
0VN+pJgbF47SeMS5WlTBrbAKWJoHgMQ7Dc0Iev5i4VbDFg//LO6zgRTcusGQsmD02ysP3R0nUHfZrlbn/qlVcLcF2RKEWxDcRYKfhdkR/9Q=
0VN+pJgbF47SeMS5WlTBrbAKWJoHgMQ7Dc0Iev5i4VbDFg//LO6zgRTcusGQsmD0EVHXNSvR5Sa7cYrROSK0lPwxJfn8xG6YwIHuT8c3Wswo1l1Xbckkr9ACyoxvD+QO5Sa4ml4la0oUXiVEPBaFRA==
0VN+pJgbF47SeMS5WlTBrbAKWJoHgMQ7Dc0Iev5i4VbDFg//LO6zgRTcusGQsmD0P2n7ly3tDqn6eq9P/pxj2S0cMuZCLt9l2/ZgFfrKn6xiSSDg4wfNeDCkDqrBpt1QBXK3Qx3U2ImA56/J67iVtA==
0VN+pJgbF47SeMS5WlTBrcEdcN7hOWBhui2h1MGIDWjq2WI25UYm014sQrFaEp2HKzIQnP7PVnBJV2ZcXy5Oz7RJ3aM3YOv76MH9lmP/sxxGUaAThCcAPQci1lL6oNWA
0VN+pJgbF47SeMS5WlTBre49FXWqjtzNNQOhE7dtwVqjEREsE6h7RciTeRTZ9SqS9DHTk8shZo7vJx49cC8DxgQXXga8gYFfD/DPc3WFTrzP1MMmOivZK189vr44izhG8DJp/yV9yKJMFBo682r/pRkdP5ueNZbxYJ+W7bcs2tk=
0VN+pJgbF47SeMS5WlTBrVPTOzY5AjHS4liumg6+Ow4d7vhFcKQeWXuGBHBgUV43g7OszkCN062AQtUjfXlIYi35EEDROjE/Lz6IdIUQEjjTE8vuwRgLLMCZZJ6wmbq/36Sx6wgMZ0qM2zkhGVRBC1YfSFHuN4uwYCLAXAjd2UIi9x/n4EGZB/2YJg9NE3nKPfiuBxOdKaBLOdutH4gLDg==
0VN+pJgbF47SeMS5WlTBrRlVvjfjvgTeD4EwWu6c3ZzY7mwjA46uJtSl0Ox3CM3FB64ay0c+RkMN2pcAZx8yPW5nIDWFbmKYKVvsT0UeDfH9jfSHlrDxohJ32HwwRMUQZSfJglxWz6xv4bLF3fSxPkPyhudEORLxBlARVFB9xzs=
0VN+pJgbF47SeMS5WlTBrVi1T0eEn+J5WyRYBfZghY/e5oP/E1KRG6OTjuBrZqSKWIm7tcMt1BcL4XjgBT0+P6hchrs36f0PemRZzwevSrA8raSgQlFbW4CqEUD/2MgbZGn2rLjNko4op4H4WAEqZa26swVx0yakz5ms7NGm+ff+UU0I/C1JSUpHPc4JwYOcXnU4wS2J+WXVryWnjsoFJw==
0VN+pJgbF47SeMS5WlTBrVi1T0eEn+J5WyRYBfZghY/e5oP/E1KRG6OTjuBrZqSKGD63nFrrS1M0a12oAhu+btxz2INrWRzFggcOwNzCNy71FavH94dIFoF0JULOlv10
0VN+pJgbF47SeMS5WlTBrVQMDeMl4tbLlHvYVkIE2VFrsaM2SXjS1XIz9XZD3sPp8YN1rAdFHpBrUWvcg3Il2LQMrUZRQ5xfFHfPi4H0J6pPqKuNrliYTBTlOaK5LQ6D
0VN+pJgbF47SeMS5WlTBrVQMDeMl4tbLlHvYVkIE2VFrsaM2SXjS1XIz9XZD3sPpkZ3DvTA+FSGUNWL3i8tbyB5ZDvhiMSGIXc8VX5lObqrjobLgh45f/+TIabEGV2kiM1HW8aqLdWh4QAyuZqqIkw==
0VN+pJgbF47SeMS5WlTBrVQMDeMl4tbLlHvYVkIE2VFrsaM2SXjS1XIz9XZD3sPpIgZBGcopGnP/e43vQk/FWfG0ZbbtOC5fOPr6zRUkQeFAfgLYDnb1Sb7RI5kf+tstZV9ounfv3CitCTVCUPjX6A==
0VN+pJgbF47SeMS5WlTBrW2Wg3qnywkIh10MSxxP5H6TMz3kiFu/NWz5EVTb0OfHG+rL2hr54Veu3/cjDmZsWslXpaIx+UlJ7TId13N3NhvfXujLyU/l+4EKFYz2VixD
0VN+pJgbF47SeMS5WlTBrShm607/FkagEW0h09ztgeOzeisfdIFJrN/SuHB8A5uwzrNe7sLvd053Ixe+yuct+feVspuzpdpqpgNBJqNTms4=
0VN+pJgbF47SeMS5WlTBrShm607/FkagEW0h09ztgeOzeisfdIFJrN/SuHB8A5uwjFUj+sO1lFtuwujHJe2Zic1EOY8NZJ2va/x45y2EOuTJeEspHDSTkfWGo8XbYxtggt6erPJxjuSq3uzgAuV0zA==
0VN+pJgbF47SeMS5WlTBrShm607/FkagEW0h09ztgeOzeisfdIFJrN/SuHB8A5uwDJzkijV2sFTq++Q9chI6yP3nbPReffGwH2HuQroN7bDOwqlNdNYcSXPNzNTqVE9IYXJ/baY5VMhfLuEVmBGXQw==
0VN+pJgbF47SeMS5WlTBrS0zWWEDEIGje/IfkNhX4FJaNDXveEOEkrxHxaR1y6MY77D2iE+ZUVB+YhRqOIsLpmYTsflUPbmJu1+lhykr8EFRauOH7S/5IcbEkVBd2uzl
0VN+pJgbF47SeMS5WlTBrWeyjzm5TWDcw/3I7f6RXuB3ouEIpNe6BIxVhYZ0BHW2bPUcPozIWvhJlw37X3WjQKwfakvoB/Cnq8AHfOLNV2KVickRc+0qh//2JFlN08a0LQdbLo6yOO5xOLNdXVXRHK2O/gaI3S6a0732oaoOLWw=
0VN+pJgbF47SeMS5WlTBrWyb2gPwrhAjzvSFvxdi1onQ0hrpjMo2VOCTNW3vnchQKMsrYHFDPXr1eKpbwfCUaVNzxoZcI+huW7b3NHMLVwZ3X6UXv+P8lan4tpXhwCCfVX6YxVhX/0s8qT8i4UsOmFETKNMMucWB1NDoJVJvDQE+abOy/4R7UtVtugPysRvNbQ1WOJx7QVjzk95NgYM9mA==
0VN+pJgbF47SeMS5WlTBrbvm41vYyqaI90C1wCpX8xid9ssuGYUqFlFsa1xYkYKPRdfdW4521UDyMGXOI0f9ssiRXlr4OMe5ay3wpGQprfRICGFbxv/5EvYehxc1JAI8VEAr3ychgRMWE96/oEq2igvnO3tw+blUqs8/W60l3FY=
0VN+pJgbF47SeMS5WlTBrdn58ZBf8tVaykoMYLirNIbdJN/vK32+UURu/cOa2gkX7aMXFGSnMSm+la9CQwQwXoMJXhWGpq3KJmUe3fljOpQ7SHu2qIO80Uv+grAGqEHPia44AhgVmjYQgu7MvwElj7557E6WFhtebI9gA3CjOZl0yxTogVaGC327s1OXykFSs4E2yAWHNs6GgVoAReN0ig==
0VN+pJgbF47SeMS5WlTBrdn58ZBf8tVaykoMYLirNIbdJN/vK32+UURu/cOa2gkXQhtK8nC2Tx32qOqK+Q8LR3m9O0poUsV8PvgcbYBxY9FEkHE3tnq8iJceRu1BbCu7
0VN+pJgbF47SeMS5WlTBrYSLC1en6+GmcmMVEe71dcCW0265QHEcP6UEtY4GKVy4bxS7BtGtpcTH4sqOdYQquEJIlR7t4gimIak/IUncpa+o5XCejXlNTnsQQZCE3jli
0VN+pJgbF47SeMS5WlTBrYSLC1en6+GmcmMVEe71dcCW0265QHEcP6UEtY4GKVy4/CL3IvSytQ3ptE9GX2fbyDfdTLnlNwIOHT+8fgJy8L99+k5k/l1h4EL+Yv5uk+kQXyizQseOdtCQQdlIkaDOYw==
0VN+pJgbF47SeMS5WlTBrZDgydsWhmpxfXKt0ZLetESt3UbKVnMkWmi3vIYQoGJsvwJOqY/v2vS4iZ8UmrZ0ZVXMijg6qM2WAM2FCUeEtMVRTLMDoFTeeUCWB7HLngPu9DCzwMdc8Jw7LR7gbOCKgA==
0VN+pJgbF47SeMS5WlTBrfnCTHD6LSXRrUVDjdosj1KhSdhyfF2W40GpABnY3qz1gJXfPKbBXjx0FZvWwrBth7zug3e0F0SDdsMWIeWoSLjNIPFE6ZjB5MxDlpf53l0o
0VN+pJgbF47SeMS5WlTBrSnMY1bBRfMbytcmfcsaSnxTthz/vq/Q5ef1dcz5dnfTOMDVSYvkzgRA6LUOvIW9IfhGM1laKvzxVwsWjVnU6KY=
0VN+pJgbF47SeMS5WlTBrSnMY1bBRfMbytcmfcsaSnxTthz/vq/Q5ef1dcz5dnfT9pQ0LAMfRmZYBp/ESCOS4CxhgJBC9DIgLaMPpJdoHmaW+/kzHybZ9bmmQ09L0IwCoQu7HIDXSvUx0PxptWwWTw==
0VN+pJgbF47SeMS5WlTBrb4vgI2Ko8vrqlpmWmZ+HW1wci1k3P3JhqnBIabWy7S0pY2XbDdbFao+V8GuT+BCmrvn+yxZ23ujaYW+lqvkhEoMZMEvVUeFedaN8EJtj5z1BhYtRdDM3BClCtifQHTO7w==
0VN+pJgbF47SeMS5WlTBrfkpoySR8hA8oTcqzfgOjdCgywB/mDe56yQV5Y60cPxUnHCPFw+QZWWxnieUpcBLR/6zB6E59B+cQ8pCgPgQn5SJW4wsd5hCjOT/Gx5s1X4R
0VN+pJgbF47SeMS5WlTBrUdQJbvBmaej3FzrOML7HaBJLHxClgAjMEJinZUf0C4w77aC3MxX4jJB6+nLxqIs+WWfSVXKahbqWjFugwa+8dEm4iV15cMd8GpFtRJO9hju0vnDcwif8d1nbuKrZi274tjAQbLhSAtkXBjPYS0qkPU=
0VN+pJgbF47SeMS5WlTBrbHZ+kCtSJ5S6ygCV9Ysi9MYvEJLc5UzSaKkdMslFtcUy/opw8BH2/nTVnfDm8nxdmVt2ONRCkTzgN0KuYcfjzk/T7UFcGHtjVsC/Ek3S152cERPduVE9QRaTNk+Y4NNiw15yIA0FFi1zR+sDGmdaMys53XV4e7ZQzOEeNh41pnXh7xj3fhDGRi/19NC8l3Jyw==
0VN+pJgbF47SeMS5WlTBrZT1ZtdqZj0bbK1hvuvHpR+Pmv6+ZAVn2bG9gaiZYnn7mZV9HR5sdrqSIFaMjelgI34VqfbQMqsm4+9HAPGQKOjTjeMHD+CU8eM8lZ1qCBPFQfjmLhTlTT9fhJxyoEysg8fRJOweoljCDBczicNPhU8=
0VN+pJgbF47SeMS5WlTBrdxcdLhWBrvH0FvThKUdjKvLUGvmyE/rqLkgNqrKtvx2wFxOrujo2TfnQsVnZK9PP+MMrxwn6mX2Z52GcZa4R1JTVyq3NtLN0ICeYLDl17uCk5fh+OxPXVENegyXFl9f2UIO/SJYN6Ysacznu2LCZZYfMDD1Qsq2w3mRDhlZFJFA45NTapjCNQCFcSWO0v5bVQ==
0VN+pJgbF47SeMS5WlTBrdcT7sCOL08T44u2FZxeF/8K2PCL5wML52pWe8Z9zDDHEgquijlWxla0szsVzY6GjvcxO4Q30ybEn7pbf+AsytgptSIdIkyoGr99B2baWa22
0VN+pJgbF47SeMS5WlTBrTK1InDXSeH5qIog/wRe1nGv6Hs+CyluCQfPkLfvT+j+drfQccFe0AuywJzlybgv0IFA73EoM7TdLUynUC3LlxUBiWOajDX3hmv/c5KoteOH
0VN+pJgbF47SeMS5WlTBrTK1InDXSeH5qIog/wRe1nGv6Hs+CyluCQfPkLfvT+j+jVCGILAyg1tN1vqI/j8cxJN1P9ZtKRhYPwAfJhLRfBmiPNcpSAs16HWYY4CG+2znuWGprPBg1gk/ChdH0surdA==
0VN+pJgbF47SeMS5WlTBrTK1InDXSeH5qIog/wRe1nGv6Hs+CyluCQfPkLfvT+j+MFRrgTkk9bZ7rsbzx/hnpCQJSBx+/IQIUTz3D0ELL6l9ND09dGMsn9U4k0Gl224rsiiw/hU/HSerPALI25d16Q==
0VN+pJgbF47SeMS5WlTBrfctYEHIJcuTrqb3XYH71iUekzR90nSOoN1N0n81DrkturX22Luci80IZRxsGmq2Rme3rzeJhqwMwSmNJ7tmydi7srswsVYINMRrvuUuCbuq
0VN+pJgbF47SeMS5WlTBrflBKtfNmUY1lCGdI/HxFmRIGdLenEqg1QV2JPh+dfUYfYBvrTsTzLXfdY9jzeAQhzL2cDBw+OFwoscCfLA4nq0=
0VN+pJgbF47SeMS5WlTBrflBKtfNmUY1lCGdI/HxFmRIGdLenEqg1QV2JPh+dfUYzF0OMk0T1eqGDfWI1FFHgI6bPXO/zZwAFAJqr5ONVz687jMPVH2J+a+b9RXhc+yZNXdOPJt2JjUJVgw8NyobLw==
0VN+pJgbF47SeMS5WlTBrflBKtfNmUY1lCGdI/HxFmRIGdLenEqg1QV2JPh+dfUYI8Ibfbb9GgNJNIHX8LfhGKj+fX0nvRW3Luab7+uDAEwWkkfnethmwWKn1m1nFDnRBe9c+U+pyskGC/6jMOQOeg==
0VN+pJgbF47SeMS5WlTBre74eYjdlhh1krPUGrYGLaF72ve258npdLfDG/lrFxn/qOIDOco4HzIuzKpMKaVLURN0oGtuWxEC78Cz2zBzAEjDY0Rza1ddq2xBzKxY0H5+
0VN+pJgbF47SeMS5WlTBrbKd456KRnMQ+4+V9Xn1RBDh88AuNymHydt8OMCm1b6b4FnYVE+/kAZuAU0V+7Bv7aD4NZ28tUXf0xivQhds1vVFIVvzVRUfZSR8pZK0/DcqFvce4NOKk+3W15thxQtYM8T6ZB8aaf3EItvS1lD1hj4=
0VN+pJgbF47SeMS5WlTBrXWoRkI4V4Swxs8oS1wY76olQWfYGH72DZ3aHTqSRPyurXYO134dGiEPOnhfhxHfGigZWDYbaD94/gESqrYuPrrTgLjcQKLi/1O4/1Mv71oTh29c2cXgyPDdSqPziVUlpzjI5rfKoPDNa2KDjAq09/Pi5nuqK6pIze4dsEZue8JN5liVklAqZHbwWBzwmgXdxQ==
0VN+pJgbF47SeMS5WlTBrVozucy5uLb7laiSSD1vPNKNfrbuq63DnUXWzoplh0+qOV5HwfJidl0InjzAu7vGdpRFDtORJrZr/BaskZGJNhtFAdPgRODIAKKz7rrD7uduFrQOWt4jOAp9Zd5Cb4sySsF+JdTXzQ8qgz0LtullqaQ=
0VN+pJgbF47SeMS5WlTBrYeQwKSeWGQH5kl9dAlPxiSe33y6FLaTrRJV3R0s5oWdkxRAHlrHmRD9kXtRVIiHI57u9e+t44rlLeMpEkFiltlX9OLVj04ncf4ZcxDGoE0Np1oEs11mEIrXuJsnEPC8IF3aZNxOTKoYgOcDCXpEropifNJxQVSYpDLpFCr1B54mklb56UJD6fyyzQrRcda9Vw==
0VN+pJgbF47SeMS5WlTBrYeQwKSeWGQH5kl9dAlPxiSe33y6FLaTrRJV3R0s5oWdBQAVLkySB1uKnSYXPHUDI9GAkDXoX2h+jCvrxFVY+Dab2szpUTeGsS3mMb1wt/8r
0VN+pJgbF47SeMS5WlTBrQXc2rxkAVglMjuir6znRbYYwnAvJ8D8Nq589tuFKGxwsJY+BY+EDLwa2b2qqNxKBTJUoSLolfmZ/hPEFvmqPoaFg0AElV4yOU87hzSZd3Yr
0VN+pJgbF47SeMS5WlTBrQXc2rxkAVglMjuir6znRbYYwnAvJ8D8Nq589tuFKGxwNDJ74xXphiR5JgaBqwnG8jlSACUOUyz/lJnJTZmE8IzQAQrtKEYkdMSwqgQm7kpC9W8FwHV4Lk8WnuqjHd3fTA==
0VN+pJgbF47SeMS5WlTBrcxNdnDdoRTrAdI/qiubTglRtKJJbpcje0jbF7FCOmQaJaiZXlUkGlo8RjNaNuQnqxGbFnkc1UIb6gTNu70P5VNNBw2TfUrCp708zh0DfoJlKBiy2RdZOHxjBZAQm+tfKQ==
0VN+pJgbF47SeMS5WlTBrWayKQdXDPurKxZRr/3BvLOtJ7b7iWgpra5dCek5nGpoy4DMeNX9+0S7iHPgrkMimMIKfpZeVg6zeFQgQ9D4C/uqtzK++0fl7vS5Zj0/Tyjg
0VN+pJgbF47SeMS5WlTBrU36Nq46bwdXB5bZGAdpNiAptFhkI+QSNvKwWAX34hXzFl1rbvVtjhEZ+A+nsyxro3WBbNivvDvswjipiM8TN5Y=
0VN+pJgbF47SeMS5WlTBrU36Nq46bwdXB5bZGAdpNiAptFhkI+QSNvKwWAX34hXzMgDHMNFGuNcEvDXSkowKKkTIY0l4hqTCBJVFnuXDiKqaCkZ5iyi9yzhhoIB2afrNv6RRNE+q2pZp/iiV2rXGNA==
0VN+pJgbF47SeMS5WlTBrU36Nq46bwdXB5bZGAdpNiAptFhkI+QSNvKwWAX34hXzugD/sDkI71kOWiIlx1CSRQGdOkzgDdVBBIulJTw/7Psk1ZtCeJuTWCb7Vyv9IWDr9Jvw7Ta6sbiS7Ki7qJQkBw==
0VN+pJgbF47SeMS5WlTBrcE/nrtiunEWozj5xo7qMtbs6hwe9tQZX2LOtfKlX0ubZOT7YfQUsMqbzhXKdxetj6wOGqFVb7ufg1JKdKp8lPg+o5N5dIyIa9ils11nc4jQ
0VN+pJgbF47SeMS5WlTBrTm96ByflCkT1TfDLIaB9El/58kxMCOwsF5QdpAvudIT8nruKsxqvUO8w1a/tXpuE+jKF+LnuZTWy9Bac64UiVE=
0VN+pJgbF47SeMS5WlTBrTm96ByflCkT1TfDLIaB9En9UWP58rlp0AX5JmOTdkvMqb3QGdwx7MNEdyjXjav1rBVGezs4HfzfKN7w3bPO5so=
0VN+pJgbF47SeMS5WlTBrWYKY4jwx7LFpxfrlPBjxCe3NRyU6qfhGYqu6+zlTR+g9UN/HZfpVP77uVgMtdIp6Ree1221wpDqjEDiLH6rRnA=
0VN+pJgbF47SeMS5WlTBrWYKY4jwx7LFpxfrlPBjxCfcfAkz/5dqR1F+C7/rAAKQwnXif7BIMXievxqDqmy7eDnCSNII7m/TBNOYHCrBMvY=
0VN+pJgbF47SeMS5WlTBrQuTpmqmXGM9NMDsnGYCOuO+0x4RGRT2tEWFE5crzHYvfo92azeNSPwF6SsHqGH0L5kcrzHxt+CZO3qX65lA1GDP5fZaROlYGu4puasQx9pDYlXbTpEIrZUMMMKwv65akw==
0VN+pJgbF47SeMS5WlTBrahSgw984qq6UUx0WuvwBWWxclCg1HJ2DabgyzUgX6xqkH7cbxId6vW28ZDBgKDbV+cC81q1qERBzQqHZNZG4bdlQPE1m3efffT02DM58VuOiDUVfoYp2O5TXNOAzf27XiMHSc5qzy/iB543jIbWNwhvnFqxLOZo370LPNVdeqH7YqBD1lNOgp0QRAs2DBTU/d6NGc62yzo6xUV8cJLSrSv95I3rQ0jpvKlK/13ldU0GG4s2H8fMuSI9mkBsquvQkU69fnqx62MohGsXiiK6leQlwGFSFHCAXnXl0B96dIAWXQrvh++EqbYmTeePZ/HV4EjsxII8K80Ke3/AvLDGF1E=
0VN+pJgbF47SeMS5WlTBrahSgw984qq6UUx0WuvwBWWfh85Wdut7jeVdW5aIPV0vQ2VvJzm05m6cG4D25VrueT4GcBUHHL09Zk23EcpFYz7Mq7uAtxczKWS/5esRUyjeDYrAc8K8XBWgL8Vbpu6rlw==
0VN+pJgbF47SeMS5WlTBrTzMxNEfCs5D+IcioDkGgCYtf90cHhj80KBsPpLgZzdDQeMBnA4wnyfOhvB4AsccrP92w7P9bh11+a4ix/at8Co=
0VN+pJgbF47SeMS5WlTBrZOy2xZSX6huKW7fyfIm7sBbKEjdvniFiFKAdiJVW2sMvexzZMchWL2axmZdWHoyVEaLVk5/+7Scse+tAV2o2+c=
0VN+pJgbF47SeMS5WlTBrcM9A9p/66SynD5Q+5JrgR3TVp/plcKGS4yXuV5w3+hPNq80ZN9vAiJEvPsutVUZcgNHUA5I2CRQFYEN1Nvl4zs=
0VN+pJgbF47SeMS5WlTBrcM9A9p/66SynD5Q+5JrgR3jMSXDH+mNdXPNzhVscYlxJ6ZC2S7UvNkN+33klbCcwL3b24Vut1kgyunitPT18j8=
0VN+pJgbF47SeMS5WlTBrSXegcTCXM7zh05iiYQwI3cLViHhh5YQFBv3JoR71hbeKOfQtjEH/z4T1QsshH/314hXHwEkY3TdZ61z3MhikgxZqmf1CNcYRYL5NKhXb3QrKqS9wdFlVLqRGa2aTVvfl1R6jdoWnaoVN2Zgs+PfwYvpwaxOKQ5JiecCCNhb0/IxAXwFaNWQa1+24J8CVrpL1F6Rx5fJ49ex32Xod/XOxTAHWemou5vD5nTMB1ol02U/TOnOCU6uyT3AalWyz9dOl6Vz9r22QbGk0UlGHxBTzAk=
0VN+pJgbF47SeMS5WlTBrdMqNyNC5xSjWK4B86eXKHnxAim+x6kYjJaWtc5Y/WA0SxC4mlxuzp9FjcNPC1D0hMJcTV4572Fkegn04EJ/EKqCT32j1W4YjObxqydTuJpATIavA59sa3OLEsk0Y2MZI4vXYW/Os2E1LDP8HWJXcQs=
0VN+pJgbF47SeMS5WlTBrY6m9ouSElMd8jmDSH/GXgueojOvG8MbzX3aI5nze2uXXM2DR71U3do4RMYIifCxP00VfyLMyRkp2S5ucJFhv736AgQDHacDneNweNde+d6VQen68yjQudE9aFi6HPWpMQ==
0VN+pJgbF47SeMS5WlTBrTHWmX6flIUPN7ymODQoh25GnOqeGcn6Xcg/f+junKIWezskk+g0gWVuWsLidBvtfbZw+W6mkxpY+me73FjAgbQvub6DkEyaJl/0wfns6fRB9CLrRYneFDx1ujFrVd18ON1qvElrqWPyKiHidqUm6bBY60ivgp65sdCspcvaB4g3tHYka92iLMdwXsn+x8NyCWjcdqsgzTS8SjRpcsD8hZTa+deue90egO+UzYc5U6QdcWeT48nn8ivsj+A0ufcll09YrZGkcJSLhRnw449cJgs1xhK97jb1TF7EBXNhkkYhHnz8Nu51CQ1bK3YOBchVdAXbxFCo0q5g/6RXJnxhdQk=
0VN+pJgbF47SeMS5WlTBrbc4ywYxZkey6Pn+21IelCB88YrY03kbGkydqOJcrwL/Ui9M0pFehpJ5SlwnVug98Z6i9irNP6Be5/VuIsS3VE+0Pu4iPhY1RGrZ+++5QDRrzqpRnVSG6BnTWyrCh26faDnq49I8WhxlSmXLWB/7aAf9fA4aQZltiQsILOE9IMJQ
0VN+pJgbF47SeMS5WlTBrSJdwVpLD7SG4nRL4FUzTkg+xpidruk88SnlzaQR2+I2Mcwb1eB0FZFc+WMKlKteJKA3qahafQ52ij+7Re9tMkyNxcwgav8axuefb99VMxTTDdqMUlHThHkpkMJhFEWIOQ==
0VN+pJgbF47SeMS5WlTBrSGtDCP3n5zg5eLkYVIT+UIJuKJgiepCzhks+bSnVcpaetbSMnpX2ryACtOjzbjKmn5XSKmv9QFVSF9p1A3FJLAQRI3k1SfT0m4wu4WYy83k0J9rNkjlElkVMgBiEdaaMQPs67k96uRlpu2J44ouT2Cb2negJJJYUJ55I3uEaK8ESaij8G+inFbNC293aUTFGJIzm5if9y0NbnxlkuT7FeT2acUlgr+64d22cgpdy2YON6Yp+aEon+YfChh4eKLOVZDvW4/8L81UkHGHPAoslDVLX/Z3aTP08Hf6k52W7zoAQFW+J9+r2zVLl9GsLrSHF0yeVpKqHyTm6kFyhHy0Qx4=
0VN+pJgbF47SeMS5WlTBrSGtDCP3n5zg5eLkYVIT+UIJuKJgiepCzhks+bSnVcpaFSlatv1nk7ifb0iiv9/tOGgz0o58Ym3JiH2Pc0N/0I/oXBsT1cALSPcn7KY5n6IshPyZ+FFKVdeYgh6sYRTJgQ==
0VN+pJgbF47SeMS5WlTBrSGtDCP3n5zg5eLkYVIT+UIJuKJgiepCzhks+bSnVcpaetbSMnpX2ryACtOjzbjKmktRvKWFnDuoXR78Y05Ss0HAK2+zWkzXPZiB02RpRv/ZVbfaqOw06fXLiHP1k2ImS5XSZWXiqOpfJNvLHVrjpyJBFL4txlguZQ+UJmalpM+6/faqEIk3GuUd5wUeyvkZ9Nn+pi7J14AfDXc7OBjrLk8OWAp6vDWqHisa5P7LHriITPebXoZDCahOgwq83fHtu2ZINSG5KsybHUDhvfV1xfIilE+6NhPeLUzm1I8+TiXW
0VN+pJgbF47SeMS5WlTBrXnx/ufg/XVcmfTmq0vhTNPvp+FbUJ7n3KmMo9qKGor0CyKGWAKNBpD0JaYTzsiqcHVJNhMBh7ascRUwtC6zfeWSzzIrqXaptYOWZZlBcqZf
0VN+pJgbF47SeMS5WlTBrVXC52apRdf7mAH725Yfzn193YRminVlmo+oLuIRWksHOXREI2S9bcK3w3s+Nccd6+RuTIUgnyZNKRDBAL3dMSQCoAhx+UDl1bsRGIL/4l7xswfj0BHy6uaIWlLy8H0Py4lt3B/o1CfXetoAfoSSgkOFLosV1Qr09W0KoDFJhBJVO5q8qDDwOaBMQfo1gfxRR8yUsqZdp/YJ/zYQqF2XFrbChqYQ9Zj6hLiIFP1HyB7hU6Fw/uM3CLmg5GtuLOX/vc8CVuSgVVyHpqy2x7FRRBGa2SnBgtcf/R5pBLGZYppFl+OfPUTlEPRe5+Zyefx9fw==
0VN+pJgbF47SeMS5WlTBrVXC52apRdf7mAH725Yfzn193YRminVlmo+oLuIRWksH8tjxAG/ofRiM5MdbqOHjRyUq5ikMFKK6soCfgKP4Rtg=
0VN+pJgbF47SeMS5WlTBrVXC52apRdf7mAH725Yfzn30agDPR+N5HbtbTlMS6TCTbV/hTFXNudgXZXZeqCbB4ZMiW1o75+3gumrdN8XP/+FbkZGfm5ij/S5NfYQCEO5E/xK43MjUqydRHfGtljYtyg==
0VN+pJgbF47SeMS5WlTBreFScVSXIVEzHRfGXJEVDaT5usAuc+JGcPeF4C85162M3bX3qjQliLh4p9Ssq4fwzYTw0MvcaHdguoeaTMTr8SEjdaXxPks7qPCMh6cOHYNitI0vlIMKLRZvNkpNpimG++5p9JxYwFn/lZR1ai+1H8Y=
0VN+pJgbF47SeMS5WlTBrQbI7lgSJYobCTsPrnuhku2nYrcrHwPUE1LHvHLI/T+5PaL2TDS/ctoYxHGFunKJ8Wu6MP12mAuM0BToDyoKnZcmIXvXkzz3omeJjLXGx4yjnx3IKPSJWq8awkOA77DmlAjc2Z10BNzeWCHeBYCsx2tyWRnqYqAUmBuq2MqvDH0sh+zAfpUj51D94dFQC0GU0bTs7UfVzYZrFPQTi5FOK28i1ZqhDLvOLCj29cZ+BmphQ6Xr6OXflbzhtg1fLqHlLxFKhZytFg+aEPjPLcFVdCZGl8GeTpnY/51jqKeX93wxkVK5KOkt7EtaTF3hy1UqjA==
0VN+pJgbF47SeMS5WlTBrQbI7lgSJYobCTsPrnuhku2nYrcrHwPUE1LHvHLI/T+5DaIqy+Q1z7mawktY7Dvzr5lN59iNbwRlSKojd4Q0t+U=
0VN+pJgbF47SeMS5WlTBrTu++lbxzEuUPIvsjeqr3HSAV4+RW7000a+4YBFWVovTyA9sohN3ITvO6rmw6y2VLcE+maDNJcF89O5O6icj6OAf7nkskEWwefm5AecF3NsvFGESglhiQ6MJBcZZnheyoQ==
0VN+pJgbF47SeMS5WlTBrQbI7lgSJYobCTsPrnuhku2nYrcrHwPUE1LHvHLI/T+534iUvI0UtIkWVyAIII/VaFqeaUXVylT13ODXGOG0ykI7yievzwh3pHVfFjWrSZnw
0VN+pJgbF47SeMS5WlTBrRsoeNYWNqD5drk61qLSC7JhvHoJR20zck2VaTv0Tv7KYzuEEIhbnPZGs4zEJT78zgrLgFHrQ4Shi794/eCg2N1EfyUGxzf0MKfeYZWATSLDVwpkt84b9RG4/PZh5cYD5Q==
0VN+pJgbF47SeMS5WlTBrRsoeNYWNqD5drk61qLSC7JhvHoJR20zck2VaTv0Tv7KgPbtUak1IICsxI1qNBa5gSNq5ENYu6xdVOojOii0O8s1tCrJoGAOz1ONFSzpdDhz
0VN+pJgbF47SeMS5WlTBrRsoeNYWNqD5drk61qLSC7JhvHoJR20zck2VaTv0Tv7KIQZmdRcfC2THNaNkgT2L2yy6DDrE9DQABgcBcyOEYDzL4EWMm4gX0e7BfPcoitGOPki2/rELZh907ElL2kmK7A==
0VN+pJgbF47SeMS5WlTBrRsoeNYWNqD5drk61qLSC7JhvHoJR20zck2VaTv0Tv7KYzuEEIhbnPZGs4zEJT78zgrLgFHrQ4Shi794/eCg2N3gK8IHL9kbELT0xHUVyojdwIrA4btwebPf6eoxP+Tn9g==
0VN+pJgbF47SeMS5WlTBrcFDH7FYLJOZPTMiOADJnJ18RlurP+cKOTGtLmTG9GD3B5PqQmEVg6RORx3D69Nevc+W1AsZCi4pGHQOiKgTaF3Aq7VeR7sL2t4hOdgWcnLtTIBFtqxY8OqQ3Dm0cL9Jnw==
0VN+pJgbF47SeMS5WlTBrcFDH7FYLJOZPTMiOADJnJ18RlurP+cKOTGtLmTG9GD3U6LsdVw4T0gTT/+oF8KBnNmMGPCaPoWgn8ZaBQH/mUE=
0VN+pJgbF47SeMS5WlTBrcFDH7FYLJOZPTMiOADJnJ18RlurP+cKOTGtLmTG9GD3lLfreiOmaeVHr5eIQ4/vtvnjs6h3ra/MxHYMdyu+iFG/823sEyPsda4vYx0brnTG5xFHlh3ry5L4M7nDgi3qKQ==
0VN+pJgbF47SeMS5WlTBrcFDH7FYLJOZPTMiOADJnJ18RlurP+cKOTGtLmTG9GD3B5PqQmEVg6RORx3D69NevW81lYr4I/+Js3L1FAlCwEzVPqXfMriYGhyePdPi57HAMmC5cNe+21EOMKJ4NKI/ZA==
0VN+pJgbF47SeMS5WlTBrTwjYj7BWQGvTy0tSQJUKNk+oSTeXOFD77w840u3US1XP/6iVEvst5BMNz9GtZHoZI4iABtLuNfe+JT2ctOZXrtcnbFOQwjVEdDoobsEr7weQzGBjZk1l9d+PlxiawmwmWycWGWChJXMkpVrtV6nOl/+7OOtd91ggu1XBm00eMRTDRfL9QCbDy7WhKWDdlXoQw==
0VN+pJgbF47SeMS5WlTBrTwjYj7BWQGvTy0tSQJUKNk+oSTeXOFD77w840u3US1XP/6iVEvst5BMNz9GtZHoZI4iABtLuNfe+JT2ctOZXrtcnbFOQwjVEdDoobsEr7weQzGBjZk1l9d+PlxiawmwmWycWGWChJXMkpVrtV6nOl/+7OOtd91ggu1XBm00eMRTVqAdm2VHsx7Rz+uOh7SNKA==
0VN+pJgbF47SeMS5WlTBrZ4tK1IYfQMvrFIMxenTvFIu/lfspEA54OacZZ4vHsYK1l8W9vq4UKg4E03jfWU6k+mR9mw0bvJaIWsGh+lhzok+bsQdEEonVKTZPx8ovILE
0VN+pJgbF47SeMS5WlTBrZ4tK1IYfQMvrFIMxenTvFIu/lfspEA54OacZZ4vHsYKxRaVPmmKCKIshDPbk+QVQV/y/8azbxvDTrBNQCIJr2k9hL0sY2HRGqkLXhoUwqvW
0VN+pJgbF47SeMS5WlTBreHVLgvJ0u/MdkcK4ZCYoFI+tt3rGEDoDfxL73XSv9qQpyEB9+DcD88n1W5h3JG2E6Y1PMKR67CzFfu5tfqr0FU=
0VN+pJgbF47SeMS5WlTBrQpH+y9YT4LeXKYog7GpuqTScPNmcif6gpfaYd8Re+t3RFexZU6tsUCIRvFZL5XzZR8aRi6wTfpmt/HPPLGJO4YFdw/RrgOLEokYkosVLEpV
0VN+pJgbF47SeMS5WlTBrTd+lKGCHQWPLOp3Eec/oSex/aHtE2i+x0iA9UTNjGOg/nbsSCN8U38ijuMDqUJJyUsHh4UGt1gosj4ZAqhc/3I=
0VN+pJgbF47SeMS5WlTBre0oa8VAjP+Mtv6sgb5Z1f8RLTapdiTzjvDJm81NRUg4/1zXSuDJEFdP0q52P19tayHFG2Aw8CUrIL2fvkZ2NnpTEp/MSpZQXTu8MLNVc4+x
0VN+pJgbF47SeMS5WlTBre0oa8VAjP+Mtv6sgb5Z1f8RLTapdiTzjvDJm81NRUg4/1zXSuDJEFdP0q52P19ta55BlXtRLLyaGoN7f5eJflyZ7daLmHFmrAWvsYTaJ9Ji
0VN+pJgbF47SeMS5WlTBrfqWNCkw3HxcGNHnvTQYvkv/WVR83uAjXJLQBXMKJPOxTeJFO6dzKIPtdMRUb5mS03JlYABP02OItw45d6RukHI=
0VN+pJgbF47SeMS5WlTBrfqWNCkw3HxcGNHnvTQYvkvFsFf441Xvo14ojHTy8M5w8WiH1rayxYcskn3zx7FElqAyLAk0YfIM7qUVzXJ4P28=
0VN+pJgbF47SeMS5WlTBrb0H/qlIEU9RqtPYJwn/aF5vJRaNUcjwFlrbfdNUB7YuTr3/K9vbo0f4gZ/d3bwuS2AriHn2oqlnHFTG4r5KNh0=
0VN+pJgbF47SeMS5WlTBrb0H/qlIEU9RqtPYJwn/aF5IzUl4fkaeF/37MExFy1J0VO6sfcsOsPyr+5NNe4qnZHF/FML5RRGYNN1WHtKqLm4=
0VN+pJgbF47SeMS5WlTBrd//mzaCSwudZHP2v3yn3iKcd1DbIEMRdtuTYspPQjHtkNIpK4JuGegcWWQxo9bOGH3lhx6eiE9EwNLU+Ui2xok=
0VN+pJgbF47SeMS5WlTBrd//mzaCSwudZHP2v3yn3iLgl1YsQiZlpevHTrMJMdZUsYfI7SqXw42XHRDnpmdi6XfyliRW1ux2hSEufC6eqVs=
0VN+pJgbF47SeMS5WlTBretJBb3IQreEsb5E98Vohk4/CklS2Wwu6E0xHPBdZdKrBWIR01eX50xR1C5/MAtj18DjTaJ92DaUWjhbw9yHibg=
0VN+pJgbF47SeMS5WlTBretJBb3IQreEsb5E98Vohk7r3T7XQLjxSW+X5K1omJG0hmqs6E1XAuxhaUlRk8+KmszJB0iIH3aczYN5IhHv/EU=
0VN+pJgbF47SeMS5WlTBrZL7kio+ArwVk+/SVIFoWtcRCH6yVvjGS3oouTwSwO6XG/DwoAVFp+3+acKwYLMwQ7rIHts4H54OyD8rV6lvD4Y=
0VN+pJgbF47SeMS5WlTBrZL7kio+ArwVk+/SVIFoWteXEWDYJymzF9mZqt4gzczcvC9DMmQfFMIcXUljQ1BrkPQr6oWFMTKz8G4bxhfiYOE=
0VN+pJgbF47SeMS5WlTBrekkT5vzWlg2DoVzE7m57eCn3aeUPGdlOZC5Xlg9Myc9KNhVTcja2htUNy3coRcTlgOzD2ISAD+QkPFLLHCYxtbU0y28mCYlIDATzadSSb16rFciyDwJWaFvwO3USfdQMQ==
