GmcONIA9PFzHw1gpPLLPoqev3ytAH5KO3S/CJpMsylg=
35kyjVfwBJgytCi6KM5Vug==
FNt9orFfFSbPIXNSbXcP2Q==
gE2g7VQeqq0h5MkG44fPUw==
A4ZCFW7RnVRfEnbtNxUDb8VFIQmzxcIFLuiIjRY2q84=
cwgQW1UgxyVfBeSrdwXHsPE1eoSAri+NViVSjTYe4hg=
pYn3RyiaY4vz2unSybTHuw==
mAzeFbkWBGyzJRgEWJSZYQNn44wFaguEUnqkvHVinQw=
NiGef/LGs6v8Em6sqLz1GYGKB0111uCW/TAqgkiW0+w=
2lfNnhNY+w/3xMaMUxJbE0YFT/wvMlSDz8Vrd5FEs18=
Y/0vUaSCoXWoYH6sHxbZ+ARSLzm/F9+HRjeE2EQ2MXTbOJbRSf1ZSqy0E29FezJQbSP/BLxhrN6+zwDAPqBRBc+tBdRazfmBkUWxDOMA/bWm6sNb6yEVOv0bHA0OR7V9DlAm15FmAalOJnBGfG61KQ==
Y/0vUaSCoXWoYH6sHxbZ+E19UxcGdYL4niqPAlKAPHKRYDBLx6KDtw7N2gvQIE81pSZkZeZuVKx7PZRmhlftVDXC5DYmUfS+AqqVR3zLijs=
Y/0vUaSCoXWoYH6sHxbZ+E19UxcGdYL4niqPAlKAPHJCrbELGdOovqryDNjxZLzxnYtjX9YjUXLetEtScOMaaXW6NQq1gGg0pSZt1P2Pckc=
Y/0vUaSCoXWoYH6sHxbZ+G/WsT2FfcIMDPqVn4e9f8QlXNuvUA2yQgFhUDMZqa/yMJZiOMNy+OiH9MzVg39HtX/hehRRGn6PPK/DGyW7cyNndobNR+0UKbJ6ZVLvrbbsygGqduFevYVXy1lJ6rV/Ag==
Y/0vUaSCoXWoYH6sHxbZ+G/WsT2FfcIMDPqVn4e9f8QlXNuvUA2yQgFhUDMZqa/yCm/qMVfCpSUvLCC8at7+5w==
Y/0vUaSCoXWoYH6sHxbZ+G/WsT2FfcIMDPqVn4e9f8RUJYpcY1KYWRdk3i00PoX42Ik4hYXOMWUS9QBTfSRvUsW0+IC0cKJlRT/U6ZNAXKhLpBYJP75S2ypXbbJ4OYMAbc/swW8HzgGWTRVHpz15D3dlrEH9Y7W/x33CN8jouNbST/ehevw111K4QdksnrnB5VYHbXsJZE56rrwkkgUkB8MdX2xLDWPaSH/aQgeHdjq/0dgIyZMRwqMoKdtlZSlqEbhxu6aXrpi7b1pEPKDICX1/7uR6ei+7ZaWkwW2shNuWw7DjfQaZaSf5EGuWK2XXvA3viDS/9eUZm5krsqgx1CwQ2VGFXp9kU1Z7FfILeBU=
Y/0vUaSCoXWoYH6sHxbZ+DhMgmRg68dFETHPeaU9jUCYtpS3RFW/uu4UZayPRE3C5gblSFikUvLaUIsGRW7YQqb706ESrvGfrZ0gJPpG4HC8S7ef1X3YwAADFh1dKFR58/kMBrFsOxAUPWfFUbeKaGO1KxxAFA4JRwtAulUaIIKMjKy6e6QuO8DHziN7D721+21w7Rbv5EbskqhHmU2pkrxVrXMgsfu71sU+4KXoySER4XZNQF+aQdTYGDfAr/YT775vzxJ/Py3iayI5Z0YaZkfrvjPkH9yPOx+xZzBdufk=
Y/0vUaSCoXWoYH6sHxbZ+G+jRRFvnx1Ua38Bx69zmicXgH93SB4LzRKpViC8wBjzxagqv9+IXJblQMY3NTPqed7fI4DTuuIS6Dn/NSAKogjieBuYXd6nYU7+7mUsOKbdPfGoj+CEPs/liMMTUgm3l4XBigcAdgG2EEStwkOvwEE=
Y/0vUaSCoXWoYH6sHxbZ+P56WKIlcgBfnHp9cMwbKxyoC5P0RDmnZRKsiQAnDv6taA5MnfwgFnINxaobl02RoTDOX2Rhkm8MNg7hXjeNTfONoDTaPAV3peQuECKWa/RLZqKx09NAccM8px+LYNidqIGlpGXP2ltyWQpz6LE0XNphNFI3O8fTot4v54VNrxEHAKvQOynJtJKFTnTa3pc79A==
Y/0vUaSCoXWoYH6sHxbZ+J9wENt3RSOuohaCzdag/UGAm01StGxoX6iI8pIvSwppD/J4gW/vtE2ymMqr5DVZTgL5OejtO2dQu0o4LDp4WqEbFUtR7/t+rtcfm2Eix2qjIDg8EpIZ43rq6d8AzXIjag==
Y/0vUaSCoXWoYH6sHxbZ+OKMt0B1fVyUrYXd1Z3OaDILL15t/Bshw1o3wR7jXuDyOOBVnmH0sHrfz+VR4MfTv2Z0MVorNGJ695NLQ8fNt8E=
Y/0vUaSCoXWoYH6sHxbZ+DKewSLEL0Lch/i+DM1oxdcQodf9xytAHNviX9ZE3NvHg10l6emGM1V9D9WCghKz1Eu/URHpZe+X+poTGVDj0KLxK0EcgtV58+YdDSs7ol9ckcqq2qlYAXelifILep0zoRs1dkwxD5OUwyjkF/96nzV79hBfTRSK7AvLZ8Axf3WX
Y/0vUaSCoXWoYH6sHxbZ+CS7WCriblOj68EOCoE90jST68wBZHpHoUnJLHpCoW9XOCXDLpOnpTMtBqz/AiEx4GO5rxobaPM9d0jlYfXIbUw=
Y/0vUaSCoXWoYH6sHxbZ+CS7WCriblOj68EOCoE90jQfmKuNhkJouaN0RhvJ6BASzGZNfBIbS7PapFSu1YZTIouqdL/L47bbSKX4g/yfhf4=
Y/0vUaSCoXWoYH6sHxbZ+MSZ/E0DWSek4SiWSS0HykMtJgdLGUYW8LxkHqXMFrotX8V5/mOcbBCpLTMmDGWbn9SzZVf3v/eZ5rq22RNPKA2Be4SL7B4vWC4QeE6WdJ0/
Y/0vUaSCoXWoYH6sHxbZ+Kxq/41j1BwcPx3qNdO49YQ5GZpQX3QzD+fCBYqTXGMGGmEOCfb4xL7uggWOA+0ri6PoM01qquCkTndTtYsCT1UMQxpM/43QMOaGBiRQ0rqDV5Hp3hJ8RDtgLPuSz/M/NvRLx7vnw5pppThmfHERx0g=
Y/0vUaSCoXWoYH6sHxbZ+DrsRjgVK9th6ukPwE+yrGNjNU+e+Att53KpjScrGI6Az6BM5//5xsNGZWmQf/TUfLg1DIGSafzYjKUjJGf9k9S7pYhg0TVCcgMeH+/4sOXF
Y/0vUaSCoXWoYH6sHxbZ+BH9GOv3rNMu1Xhz0J9OR0/XWDqFEKSZ5++n+pYuNO/sfDV5RuvWOFWdp4hbAz+p1ZyWLMzLg5LDiLWY87W5HMxtS4RY3kK1j19UXoLdAhn8d87ylpOqdSFbEeNwjoor60ci/ojz2Q1i2lXEWtUNSJf/9BdNHo/hDudHC/dkAQuQjOpDzCQjTrZ+9Hd0P4JXERi64NF89CTShOKNKszHVIXHV6yPx+or7kowI1Q3QnQyf9atGVDjaETnQNuiNSXjxSMQT/6di1jyFwWJkzgLrXBDEBzO9FVJxppzxswoijJ601mF2wvOLilTaYOnqKAeZw==
Y/0vUaSCoXWoYH6sHxbZ+BH9GOv3rNMu1Xhz0J9OR0/XWDqFEKSZ5++n+pYuNO/sNWsE9+2UvFjZk6XElLzZwg+TWQFvAcGRiI+ceFbl0Ck=
Y/0vUaSCoXWoYH6sHxbZ+LDP0fTROVPZIOInV/N8QmnDRpeEisT1S0m3NDHln3Ai79mGF4O5AU5KGweEwHZK0kndXIDys2M/SNDBHMG+K21rXZd4yfGXmUoxv6SW7XpfbkfsQXOgMfxZUD4xufclog==
Y/0vUaSCoXWoYH6sHxbZ+LDP0fTROVPZIOInV/N8QmlcGlW4lCdN/ITiVp+6U5469GGkRI/XgSZTlpsPQzUKrIMAgE14Odfr5HiDQcPsYE1/IbQRtSUVqa28z+X6ncxl55O1Yct0ZaUsHQ9TZqXUrxCVFe1tWonQdjBTqmlzbAc=
Y/0vUaSCoXWoYH6sHxbZ+C7X9Jk7JxKsVDdrDE67yeFWYOi8+YzpmO5wDUYQnQcciSd6Mh53PoWGIknqsyd7+DvfTYxtky5tfbBJ8+bGRxqARFtA78S4cX9cDQIyq+fO
Y/0vUaSCoXWoYH6sHxbZ+C7X9Jk7JxKsVDdrDE67yeFWYOi8+YzpmO5wDUYQnQccVpijWqDWH5m4lZEXIQHOZNIMOHNDO1z4YQj8Kau4CCuONI7t5rcqGR3YpyZ4FS7P/mMNZ8ZSuRdcKlONbjwcd53bXF8h2KIdrMHl5t6riu4=
Y/0vUaSCoXWoYH6sHxbZ+A4ZaIB54CT4xCjGr6jaz7Ooc7EUMRGQDdBxeCUO0fb3gU/FPiAGZ23SbLw4pxO4eLz37E0DAccpSsslWmis+m8=
Y/0vUaSCoXWoYH6sHxbZ+A4ZaIB54CT4xCjGr6jaz7NJAo+xanB7W+31HznWKnjj13eRqUqd0ny9XSXGQuKj+HO1rLNtVDWcp6IcnG7zAPg=
Y/0vUaSCoXWoYH6sHxbZ+HcMbLGefpj8Uxq3vRDbaS7pn52yz7vpztf+20DZnDnVpuTbUV1JfY80rYryxq4ujVD3MEwh4gL36UrIfKI2zmA=
Y/0vUaSCoXWoYH6sHxbZ+HcMbLGefpj8Uxq3vRDbaS6GtCRxqbRbA+4/T2Hz2erKctle/E7jq4Au/srEynh6mZXhFnn7HkZhuzcZzJ0ZBIU=
Y/0vUaSCoXWoYH6sHxbZ+CCVazNCRBxhGstGFAsN9OYMhmTO27yB/w9XHVHno4CCTGQKC5t4+2GCPYcLrVoJ29Qe+aJIh9k50izDdhlCfa4=
Y/0vUaSCoXWoYH6sHxbZ+CCVazNCRBxhGstGFAsN9ObHNPinjr7orha4M+nX5InBElQQior952zoNTDrEZGPdpmq/f/QIkmzFV8+S+F5/wY=
Y/0vUaSCoXWoYH6sHxbZ+GunXDyu88Q19CJPwPE7H/SZI5JmeurV19iCtKKOvJO8lzsxC+T1q5LrvbV+Xx4iX9Ro2Iih6Dz41Pg2Epz4Bs4=
Y/0vUaSCoXWoYH6sHxbZ+GunXDyu88Q19CJPwPE7H/QeFjho5NWfMNAZ493r0YURxMZXC91g3C3PFGxDBR6hto9dnNFEPxWIzOjuW2amMAA=
Y/0vUaSCoXWoYH6sHxbZ+AKiQIJoi4d5KrY00ZGgkzDjnd/ZtrAl6ubwhx6RPoIvLpf/7BOtK5Gsjxw3+Qd/3/Hav5qWBSiRan5Xk2YUr7A=
Y/0vUaSCoXWoYH6sHxbZ+AKiQIJoi4d5KrY00ZGgkzAKdlbKuPazVRR0H4h9kdUrnkQ7I9AE5zAZGSFkyVlXURkDROO2Sp2m+YdMFzyyijg=
Y/0vUaSCoXWoYH6sHxbZ+NxlzAox5ECBzt5zD4Dj2xIO5SsrytAdKDQ7H3qRTdsU0hOY9gCc331ZUmxrYlb+WVbmcmZMxFb7QDdamilskW8=
Y/0vUaSCoXWoYH6sHxbZ+H2Owd2VWzaleOUYoUvZ5Nhf3hnff8RVBvMgh2yOS7J2QSmBmaUVAqULLZliRPWMiz9M0hIFG2Nzjh7daVhfa2A=
Y/0vUaSCoXWoYH6sHxbZ+AQgVHvjXI0zeD/DIp8Z3XRxPx0LLOLWJPcmI7SMo3EgAlW9YU+NddFoJ9PAueUrlyIc6PXrDHIAx/CC6BqhdKk=
Y/0vUaSCoXWoYH6sHxbZ+IRB1B0bvCv29jk6bDsMtpXq9UjFlJSwiq2L+f1xaptc7+FBb8yXIYeydUgmHf8xG+j8K0ES2qjq8m45qkHGsBE=
Y/0vUaSCoXWoYH6sHxbZ+Am8KdEObyYFT0J9U+2Tos+yvLYqJjTL4LEtfQAQCeBxIQ1iIOO26unmG9QRr+H3uVG5uiorcMc34A/h5nKKOhE=
Y/0vUaSCoXWoYH6sHxbZ+Am8KdEObyYFT0J9U+2Tos/C4YAjzTx5TdXQ1ZoyKIfh6AgE8atG8IiC5msL0VlcNCBEGc1OZpv8OmukxreylZY=
Y/0vUaSCoXWoYH6sHxbZ+Oe03tqdQumcyw65/Gs57bxFcU0WxPVOKCQF70O5wokMuDRJLFbOczatOx0yHcl9iO/iVhLGE1GB725h17csG64=
Y/0vUaSCoXWoYH6sHxbZ+Oe03tqdQumcyw65/Gs57bw0yjxJaNdv03+cQGdqF3PUWHTG22RGaQouUNo+kBZjB/CGyqY+wAfix49iWHS6+cY=
Y/0vUaSCoXWoYH6sHxbZ+HkVP0j3Uf7+1SCywtNXMVzJz7FDTkfT7DmIiHrRTcDVtetwZtgazk4mYBRNrpLYs+BtDe7dvAqnLxL5KjECNbw=
Y/0vUaSCoXWoYH6sHxbZ+Gy6YiW0scnjBgq2zhlZZV+2/zOXHFa5X4z7GAT9ypWZMXhKeeznuXaFgE78dlaYPT89xG8XGsXeXLtSSL3Dk+Y=
Y/0vUaSCoXWoYH6sHxbZ+CUKdd4i0r7+X37O9467bdYPfPtTKOC4z57ceemIMEbwxAXoeb4EtIY95Otqg4STUbb+hATpiybv/Y4NIN954ek=
Y/0vUaSCoXWoYH6sHxbZ+CUKdd4i0r7+X37O9467bdYE+E5cDC17A1eItjcDYI6gqe9+MPntnaFu6diAwdsYF1oTrdas7oeIjkpugDNXsFQ=
Y/0vUaSCoXWoYH6sHxbZ+FHS2Ev+9MaRkwjTFc2Y8Ca5WMTYiBI9Fnj36m5b+4rPZLAJw0SOlIOhMxC5ihZ9eRLueeYeTUF9CaOM569phLE=
Y/0vUaSCoXWoYH6sHxbZ+FHS2Ev+9MaRkwjTFc2Y8CaFHuumtnOAxBz3slCU8WHFM+EKn964dJToQZmSs4hVaAQF+t9KNHgph2uV0cJ2i+k=
Y/0vUaSCoXWoYH6sHxbZ+FaCDm/mPhmtoPDF1nRzyMpo71z7w695cZjPImb21OvSvokp6hKBrZsTTY0IMScAxJTwU3QXDP7Wlj2PLuxk1l4=
Y/0vUaSCoXWoYH6sHxbZ+AjGxkqeDA249o5X6YYnsteGgn/A4tdGVpZPD1GO4VX4l2l92SpB+k4pvPT2CfzKWIYqkx2vvLeJGwxFMos7AQs=
Y/0vUaSCoXWoYH6sHxbZ+GjpYo0TRY4iaD31nEBU8HRjdhXVUJam0aW3deCdOdBB41VhRXZXcJSNN3NUHBDX4O7g+Ep99fdnAoAaQ4Ux5RQ=
Y/0vUaSCoXWoYH6sHxbZ+A5tqNKv9UOcDCEWdV2F2hSgJBUWEKjN6I5XGDP/8T+F1N6T3U0X/y2Xjxv4knPXRe0C9ntmkpUnj8bkYCA8gf4=
Y/0vUaSCoXWoYH6sHxbZ+DiKu5/9lAXs0d9UG6JJ655drDXgHG68YOnrp9CbPvSEuxCJmUoUUpuQLPYhKT4b9dKqvfXjPN5JRTpvZoagLNE=
Y/0vUaSCoXWoYH6sHxbZ+DiKu5/9lAXs0d9UG6JJ655UQ+O29Uzj2cJMp+uxzjHTBDogc3px/qb72n+Bn8wRUvUu3we461qekEH/6mmSFYY=
Y/0vUaSCoXWoYH6sHxbZ+FgmopMpSkiRFo7sSBLx0I7+P/EtozBsP96FTsZ2PZPPGDQiuv167xGW1kgdjIswMWQWRJtx5YT+KXhH6sTPvSo=
Y/0vUaSCoXWoYH6sHxbZ+FgmopMpSkiRFo7sSBLx0I7OlKHv0QP64JMNHRZdkV1GXeOyk1eQcUEGkzDzN4gQb3XqsbhzHMMgDakY6Ge6ah8=
Y/0vUaSCoXWoYH6sHxbZ+Bdx8Y4MAjZF6gynzNjDIBDqlD8Iu5seeoOpOH9U3p8GLH7zZUhhbTrhUTUSqcrkCQ3/9ydxSJERLf3n4x64Xwku57YgSuz1KmyXmluzi4KCxf8OcN37NveCK3JRZAc0sQ==
Y/0vUaSCoXWoYH6sHxbZ+Cm+uxDFw1EvVOvmLr+ejDNBZlYEV8CrOP8U+gLF8Q707q2J+MStHt2CVTGil3qj6GyXSYwIxNumZN8IfxztekxBGBeaxZnL04UQMNZt2K7rL60RAboZX5ycL7mnIyOeOQ==
Y/0vUaSCoXWoYH6sHxbZ+MeToyVbnSrtGz7pYtnh4EI2RYFhWAnfReYMtpFdKkCNM+4PUFDVS/0oG5U9e99Hv2FBb98ToDLllWwI10moz3s=
Y/0vUaSCoXWoYH6sHxbZ+MeToyVbnSrtGz7pYtnh4EJkwi/pK0By3P4trppBgRmx58OTvPBSuk422VE8xSrO4Vtjgs6KWyRB9Uo8HIHwqKA=
Y/0vUaSCoXWoYH6sHxbZ+OmM3sIsBCQ2JB/VAmcVAl7kSAC2HTi+eXUK8UNCiZBIHDWx0/ITNG/iNqEo6e0+j8vTFvkcx+8/4ZQJmaAN4LY4ARHm6p4zB8y0khRLO9HcXIBKi6m/+nHK4H9kaVn51A==
Y/0vUaSCoXWoYH6sHxbZ+N1BGUaEXe7wVjWUtknG+KMyUirsyGqPJbajZvrS6klJY7Qgf19o28zBE4L+66G0kg==
Y/0vUaSCoXWoYH6sHxbZ+N1BGUaEXe7wVjWUtknG+KP57YmDuQffe62OJ2Ldn/jP2wRKGz7URnmlw3AzCZdCGjOHEOXzzg1KKyc4WXnk1rnEaTGuuz6/z1XrDEncdaCzAqmMhpyp8DiU9I1be2kbx74yZnbRtfK7l5JDNnNzaSjJTY7DpUYVBFVHJSWSUmIdDz+/nbvXndiu5cDusuPpMKIp5Z8zMDh+fcdtXmK8+uuMw6XpIEDYspkXLwWT1gUh0UM+1RqrRjyjuWf5AHJIbvANOHvYBmsH4LgX22uTB8ZVbjf1d6zmg/Zoq4Zj7poy3T5xpxeqwFEImVTkRQSIa6xL2XInT5HEG+pQ0EYiWOQ=
Y/0vUaSCoXWoYH6sHxbZ+GxpYByde32xLBvfK/rYu8UWVDyQiiLZ+Y1TIsKjwqLA3e6jRQPwyEmlL198bmIGguGltsvb85hqvS3/R38nyxqcWyoOz3rPFMsBdKJ6009d1C54OsBne9jLw0EVcTN7T8DlwwnPiIJBFA+oNy5o8W7Oi5IuXdG0/9cAklabexGZWC+M0j7pKWL3r2g9ZOVvuCahAWuD8Y7nm6dnbmkukXy+ZDXyPLi2Ti8JUZLdu1CTl/PxqQYCIwwmla6do5D3zpDF/rgGdBlB2rM+KrIPLZA=
Y/0vUaSCoXWoYH6sHxbZ+KQFRgjW3r83N3WgqJq+7+FZlqwCWEHjmdHpPQiAsyPTEJi0Hx581tvLJf+tnbF8eOR/ru3EFdZYg8LUDcKlJ6fRTBA92QicS7GukOhRORtnTpFTB8gKVayrsuZZrivRDX/Hhh31EeWxwFQNvAFkAok=
Y/0vUaSCoXWoYH6sHxbZ+FfH7owBwnuWyt+Gdj7pAXPGA94hIcXyB4TsMxVVYUvEb4E2E9M8cd3e864y1Fi2I54doGNJ7bJfEAGP1SAQ5u9dbauvpdvbeTQtd0vo1GFDiCmSdny3r9mFjC+P+IqBMOGl270vRKo6J1nBEqEUeLdl51YUodKvO8keU/iKL8SUt5KbjZMu+Ij/8chCFpH7Mw==
Y/0vUaSCoXWoYH6sHxbZ+DMt5tDAAsiOu+Zd8Q3RpNPjjMIxEhqFmiNxDHGgcfhHAFj9xaS3RsWkD6DwY9KsXGMWFJb2Z+NzywulV1kN6YPzxycXEHSmCI6LtVEwDbEZ0OsZN/543ssQ2kqN3C3rqg==
Y/0vUaSCoXWoYH6sHxbZ+CNRixu+OnRGvUGKVMT841zN1J41LExLnxxmVukTnCu/w9JgaOFIIcX/dpdvbFlpcceEK/2TkqU94MfzMbfeY0g=
Y/0vUaSCoXWoYH6sHxbZ+E2cfnT4HCAD3bW08ngo38qJ2/hziru85hRggMH6wVDA/Lv7CwQo+gTQb5VgKUsXb7jn04nK6TtzXgkZPgTJ3g82znTxnz7u1d+drlPj+f3Pz857CKxlf4tRnlNG/JhwscZh4NUe11zvI7VMk2VaKXw6Eg3SgX2EsFPHX2jzxuNJ
Y/0vUaSCoXWoYH6sHxbZ+NvBTrvwwZGwhQ0ComnBhBF9qlbdz0TyOXIjasGjmSOkwwCPzwCpGn58Ns6ou0nNbbTDzYivEH3bmz4cBMlp6B4=
Y/0vUaSCoXWoYH6sHxbZ+NvBTrvwwZGwhQ0ComnBhBE5PrguM6dLn/PVwnPD7KwywEtFUcB66U0P6F+43gOx37felhc4WwUUibHDgF/rKFc=
Y/0vUaSCoXWoYH6sHxbZ+D9p6Ub82VIRWhMFNbxNQia3EWz9Q7V2rPvOURM49TzpPrmlqDpR0IIifswbFG6/Xd3vLCK2msZ/qOQ+PF+Z330=
Y/0vUaSCoXWoYH6sHxbZ+D9p6Ub82VIRWhMFNbxNQiYBF4MP0U9oc+6FYfhxSgEUpqRMVEfgX4sJ1VfhXoPJdoDMF1F/PRL9KxCh/mi1C7c=
Y/0vUaSCoXWoYH6sHxbZ+Pw8V2g8Um7uysaMdmHA/zvs/ROYy7rVySeBzCXovjqtXarTH9vPOseqVPcjp91aICgWulkOy7yHC4OuAcqV880=
Y/0vUaSCoXWoYH6sHxbZ+Pw8V2g8Um7uysaMdmHA/zvaLr3pwkjTgOXGNlXK+ozxXTcMMWkQV6IzFSx9BiDoLC+4HaMF/LhJX2xDZYE+8mk=
Y/0vUaSCoXWoYH6sHxbZ+P3kioanhXf2Akp78himHEDUg4gJt18CYW4fBwGn6xp0x+2TvtEU4YU0pxfUwQK05tgDBz1dMC438oJZcrWE4yg=
Y/0vUaSCoXWoYH6sHxbZ+P3kioanhXf2Akp78himHEB8nSZ3HAx/Fio5l6ucuT9Xo0ik3B3iZZfmRebL4Zp1/buoZWJqNVEEJ80HIb+i6y4=
Y/0vUaSCoXWoYH6sHxbZ+P3kioanhXf2Akp78himHEDUg4gJt18CYW4fBwGn6xp0x+2TvtEU4YU0pxfUwQK05tgDBz1dMC438oJZcrWE4yg=
Y/0vUaSCoXWoYH6sHxbZ+P3kioanhXf2Akp78himHEB8nSZ3HAx/Fio5l6ucuT9Xo0ik3B3iZZfmRebL4Zp1/buoZWJqNVEEJ80HIb+i6y4=
Y/0vUaSCoXWoYH6sHxbZ+EvCuo6jh7JbkQDB7p/5I+dumetif3ACLvPzKsHrlZ8hEKMrPukltFGXGBGQ6ByyVcig/8I5j3W3ga9cyDBOzgkePPIuruKfRNaEn2ZobIFE
Y/0vUaSCoXWoYH6sHxbZ+IGnOory34JqgEmW56VqtBDluntpKUobwKofmDmqLto7Hl+T2qQ5qaEmwAoNtgDp3+NiIJ5kVaMXrhjqkMz0GqDN61JUcvntv9HzdAoz7PTbDSkJR7JCcHd0rvd5kJBe1sQ0eCYcTBSySby+n+FEv6w=
Y/0vUaSCoXWoYH6sHxbZ+BtMPemLZY8p4rfPutwwad2QHod4EY9qBy/fE7EIztjiUd3X2M5cXLkBAJkHlWOrjrRrn1sGLarYm1GfJgm6d1k=
Y/0vUaSCoXWoYH6sHxbZ+BtMPemLZY8p4rfPutwwad1bNwZ2mn8VBOBLh9zGCAanfax0IjWq5FlTZDp5I7F3jjqvU7lYzsdRrgI05VJMMMI=
Y/0vUaSCoXWoYH6sHxbZ+OMCjnxr5IFfkPvp4euQ8YJhmZoTCKYDv1R4GVv7+MuyG40urwAfxWM5jguLUmIisc9YBdjSzu82YaJHsYBtojc=
Y/0vUaSCoXWoYH6sHxbZ+OMCjnxr5IFfkPvp4euQ8YK7KYIhmrq8cj2zxgDLsMDmrCzn+xKymDufwcFeyL+VmCbmTh7aXsWddHeFJpYR9Ss=
Y/0vUaSCoXWoYH6sHxbZ+B+2gdODj+m7tQlCF6/Ggus2RWrpuWNYR6SA3x5yQ3FRL4EQH8jhlp7ly5oGrRUrQtRJ4IFCsJwRc6ukfHt4DHE=
Y/0vUaSCoXWoYH6sHxbZ+LzyMIBEI1JjTysE8EKLspDcZVlXOpATePYWrDoQ0Ghvs3X/ySRu0bqwuKjulPAhS8ZP3+yLEIPilsjM+qPw5zI=
Y/0vUaSCoXWoYH6sHxbZ+GUoy4JeAFpytaRUj9IDxwEsQrcprenfIVAL771Ovx2mtkXcxidDE7NisrfPW6KWpOnJaUMon2U/87LgaVcvsPQ=
Y/0vUaSCoXWoYH6sHxbZ+GUoy4JeAFpytaRUj9IDxwF1H/1TJ0jTh/MN7zMfCcIzUzuNjxP2RAG7OPR26plyxVI7DzyEso1jHx5edxffX2E=
Y/0vUaSCoXWoYH6sHxbZ+HE9RO4e/aZoIs3di/nP1auHSPpfleCaVUvmErkmm/U75MmfX/4sog9QFwB+oPGJPQ8dA0l11ki9mEZi/po/SNHZCW9k1sCbsUXMn//KrXA4
Y/0vUaSCoXWoYH6sHxbZ+P/x6ARD83H9ytuuVVYMBd3ZQMpL6oXjm5KgNJNvx3hV9mkPRGY7Q8jjvllYRKorzbYTtQz2ADdnT9OsgixSOdXYqmO63eTDH2aQLoQBQ4fxQmZ4jEyMfFalSuWxqv+TyqgpwewdjbC85LOTHPqIBsrbgSLHG78JQwTyAVfniZcvPVhi3tODYzMOlQ15xtIt8UQHM2GfRDOZph5eyJB9PvcrwO4UGfUie43j8qpAoPE1QtoXnWJKUP88mpHAPw0H/ing+DE0/rpdM/STVjOx7AcrZKX/RJwC/8PFf4Vxx2O81CeY1/QiqYkBt690FHKK6Q==
Y/0vUaSCoXWoYH6sHxbZ+P/x6ARD83H9ytuuVVYMBd3ZQMpL6oXjm5KgNJNvx3hVmn3QY1M9QscW+EMR6WojRq9b58F3eERk8Neg3l5xQgw=
Y/0vUaSCoXWoYH6sHxbZ+F7HkKL5iJPVGIlfVcSfNopYBXLlS0tbUUsvQr4SFPbR/j9xAIgNOU0c5obXUyZoLHTe4dN6wFuiYDNImSVeDqL0OtvVUU2eXt9gENLzuDOKbNrRrbKHRgI4mxJwdu9xOQ==
Y/0vUaSCoXWoYH6sHxbZ+F7HkKL5iJPVGIlfVcSfNoq6X9NoEVLpv/WvYGjeOLF7i833CoMwXUF1CDdJqSkQ2Sz/cQ36eROf252pEFzYW8jqzo20FcFS4p02yw8MuOJgrNZ1bxsFjkuFmI6bjRIH8wmxQp4ZIjZoa6u1rgdjVk8=
Y/0vUaSCoXWoYH6sHxbZ+Be2Oqs2WxSWbA1FdiXUxWdkdYgqstG/yH9lMNkEJC5Vm0srPAq44FzzO72qpOg3jk7ADdXgtuUUBDIJBlydvHzXG4HLaDuHX8nN5RVQ/SuS
Y/0vUaSCoXWoYH6sHxbZ+CL3Uy4Vg8/5TVvFv6YzfRZU2ZnAgZ5pTSj5sWs84Ylr5ZYAh5gao/sLrWILmCy9MnH576UagJAZzAJveiR/Xi6dIz/gtJVE3Ikukxyh2CtOj7HA5AbOFMvKQQnowIfkfB9i+IuMcAJhJhfzrHW2F78=
Y/0vUaSCoXWoYH6sHxbZ+OLpbBsE7KGefCuumcHX0LKfTHG/RWiUBGOdkbCPb1jOMjUsK2OJbE3kdKOEBfPI493IrnoVHlKQ67F/ie+TkDo=
Y/0vUaSCoXWoYH6sHxbZ+OLpbBsE7KGefCuumcHX0LInt7zDGOf6nffT8JzpK0a2qqnhotO1UYVODEeIK13mLTIH/8rPJCUmzUMaEa4FayA=
Y/0vUaSCoXWoYH6sHxbZ+FxpA8elwBJa6Z5hxpSII3nWWLabZ0aLFMDAA1c2UhEhiuX+7Itm4hfV3/g9YiCRIq9oVquOqgR23gqM8paeDlw=
Y/0vUaSCoXWoYH6sHxbZ+FxpA8elwBJa6Z5hxpSII3mohRmF+rhiAByXOVnyCK4ZwTmVqBPLhtnK5PEEhjhtCmW8Dl08zPZrWaU6t3EuxHo=
Y/0vUaSCoXWoYH6sHxbZ+A4Ao1oIa6uFkbzupY+0759eqYoFUmaeNcb4IXQtCt1h2mRt+julc4QTyfXy0EV0/sQuJndxsO3yAaIJQbU1FJY=
Y/0vUaSCoXWoYH6sHxbZ+A4Ao1oIa6uFkbzupY+075/7BgN76pzrsGFTvXZRwts2T+Ghp94LYDHhbo2odPPh/0Y2oFKtBnJdk/fOPKp9cHk=
Y/0vUaSCoXWoYH6sHxbZ+N5DF502sXTP+VLhCHAOHTmnb0ZhNyUwBT8pDddWK11nRr8elauxS7MC082Vo42rHeFStpYbzGT9t0LmK+76Vrs=
Y/0vUaSCoXWoYH6sHxbZ+N5DF502sXTP+VLhCHAOHTm6COPjm6gLXwx3+5qK3sKHe4vvdVK3zcIpX5xWPESIm4o/1rkpwbub/d4/xAD9gMU=
Y/0vUaSCoXWoYH6sHxbZ+Cv3gojrgUBNAPBzhpatNYkg80tFDONs/FDJQkXDoNOC3hN3Lp5fkkZTNKSGt/nJQM973lg3T0c9cb/ZyMemS+Q=
Y/0vUaSCoXWoYH6sHxbZ+Cv3gojrgUBNAPBzhpatNYlQvg+GrS32trS2iPfF+TW5mAxfYa+OyV6CWWUTyx3wdGMzhXJGxPPGt4GMrh8KUzA=
Y/0vUaSCoXWoYH6sHxbZ+L7TC5cOq+8DiEBIzpVial2hYxX9G4wqXgFOKlNbpH2aFUmWI/h1BQBv9TUkWFEVSFfaCgYXf1ZadAjONTwL9xg=
Y/0vUaSCoXWoYH6sHxbZ+L7TC5cOq+8DiEBIzpVial392P7+TdTqr8qgOnn4N9f4WZZxgiBTFI47b9ZU1xGamjWd3/htJOjdVcJE2h49pQo=
Y/0vUaSCoXWoYH6sHxbZ+GoXLkSRyyYWWS9M1fytPrsHBd+gKA/MLEp2AAgf1qZ0ueVho0rUpDrAfGQLjlnfM6odvWF0gCTjHUu+pzz1XYs=
Y/0vUaSCoXWoYH6sHxbZ+GoXLkSRyyYWWS9M1fytPrvP4cMSb9fAKmhWBM4MbmascBj1SudOP3j1rHnKo0FdDF6VNDUfPGIGuZ9jyzrtLS4=
Y/0vUaSCoXWoYH6sHxbZ+FkxcBMjkl+3niBRutKRJAR0lgXvVDhNwavq7eXL+3wJR9PcJUC0zbQ7FHK2Bx52ihqzYcmjaIQkRbDiACD79yw=
Y/0vUaSCoXWoYH6sHxbZ+FkxcBMjkl+3niBRutKRJAQkthd405P0dZYp+Kw5b+apTAj4JfETdDgiJM/gbrHSk2lc7G/TQY8CWm+H32M8JPg=
Y/0vUaSCoXWoYH6sHxbZ+AJdr4md0PU0bXbJK0hwrUEUFqH6T8VYsTndpHy5XvhZ65FSco2Pc4iH6YfMSZB5X6jd4sbsH25oSmbwCdQxNy4=
Y/0vUaSCoXWoYH6sHxbZ+AJdr4md0PU0bXbJK0hwrUG9fzL9aMyE//oa5+TC8UFufOAJWafXBxzgAaKcBdwaqlUsr2vf2fsz7KMJk6fRAGU=
Y/0vUaSCoXWoYH6sHxbZ+D8PcVdLt3Y8R30d880UvhGr99DFmyu58SJrIg8S0qc7oUF0k+kt33M3IkLw5J4iiSt8BmxXztiAcrpvwtYwvRY=
Y/0vUaSCoXWoYH6sHxbZ+D8PcVdLt3Y8R30d880UvhEFNOFDbzlQG2nve6pcrmItXWt49g91QM/npAyiqBu6lcGd/q3hin26c0bMCmwMilU=
Y/0vUaSCoXWoYH6sHxbZ+AOqJc48YupDsJ67Z00F/hBmuYqAhgr0jquuZt+oiynU7TGfBJyAsL/jh+y44Y/ATE5hx9Wa8kZkEcMxBvrpQVw=
Y/0vUaSCoXWoYH6sHxbZ+MGaF2eEUMs/UPPsqQ13b/yeGPSIQeoWl16W9ksqg9fDAeVHUecK0XYdcWQdXZpK1y79jAUJmcoL6hJuhZP6C3o=
Y/0vUaSCoXWoYH6sHxbZ+H8XVAPgC8b4HMtZPCklgwAn2ojAZHw1p/8mfOAAsq/mpluHAn/NA84VASaTYndCE0Q1kdG/TKQozG8mYFvzPSc=
Y/0vUaSCoXWoYH6sHxbZ+H8XVAPgC8b4HMtZPCklgwDzR+LjJxFFr8Eiu1J1GMumrkgcUtjHJvyd9fz30eKdNlgX7Q5TPzbPniqXaEhFBNs=
Y/0vUaSCoXWoYH6sHxbZ+Kc+0F+UamVWcPK7hn26uXfbCXSm4sNzKdOF9Ln0rer98cR22M0GZC5r2YFJhiWHCTvYjItKD+W3JAZ1uj1wl4s=
Y/0vUaSCoXWoYH6sHxbZ+Kc+0F+UamVWcPK7hn26uXdqBowQKaXyixTaadvoByfZbfDMFfw7j+a/bzvr/OLbFmCkJnffXrJ9mosTf4JikWU=
Y/0vUaSCoXWoYH6sHxbZ+F6cDrUwU/0ZWMWB9AvQKD8vqc4JZFsyec3vKnBNhj2+jsBGxGFoGmn7w3Su3rEuEvjlgrA4Pvxl1e3F6XqGB1E=
Y/0vUaSCoXWoYH6sHxbZ+F6cDrUwU/0ZWMWB9AvQKD8z1A/6wH7hbCzAo1ANInc9SmoflslIr6BQzwjOT+BE6UU2UAje0/Xc/ZZJkgSILkE=
Y/0vUaSCoXWoYH6sHxbZ+C2jEqd4Z62oDO24eUbqKcEfwKrm8faOLTmAalCbK4NFCV0dEUDeoiLYtMfC47SK8z4MBCP/mg8lMAjTl9uWEx8=
Y/0vUaSCoXWoYH6sHxbZ+C2jEqd4Z62oDO24eUbqKcGEe6fpHBVXVVcpEop+onOSNaUHOwpEpE38AyeLi4qPElU4XKjqdLmhINbL0j9ZUGw=
Y/0vUaSCoXWoYH6sHxbZ+OjqI4iVelDhKa8iKKRspBgfG7Z0/xMOH6Wf6d2WglFxboI2Xj1GXrbzNQujmcNFZP4/8MH4UML9AIOZFA/snG4=
Y/0vUaSCoXWoYH6sHxbZ+OjqI4iVelDhKa8iKKRspBig4fJ8oMqBTiCvE84xx/Ua3NOXYeyu+Bx9FT3CMsynLpfKf/M4UDiQmYcgIMZ5a1Q=
Y/0vUaSCoXWoYH6sHxbZ+H7zmbau25LQnagyY4JurJNh+LfqMEMYzdkU5Z8sk59bPjCo34Yme1A0jFOEF6L86NHjsw9WyhSkMzTH6Sg+yhM=
Y/0vUaSCoXWoYH6sHxbZ+H7zmbau25LQnagyY4JurJO6+GQEiTmU6SLLW3D/Z0E/QJKNyvp8/GBaDLZlAbB7hQNjdt0g8TkOW4+/C2lkVQQ=
Y/0vUaSCoXWoYH6sHxbZ+E+HPGc//pSNH9VeTvsrT51hfba7AH7t8Cj9VBbyk2CUEIrlilNENDTAiF+RJUson1wAyTmdngRKwLMHbFZt+Ig=
Y/0vUaSCoXWoYH6sHxbZ+E+HPGc//pSNH9VeTvsrT506nUHbtXHW3PIe+OudCfYY2LCG88e+QiLv64kWz0unaHIuLMEOshCZk4txuqwf2oY=
Y/0vUaSCoXWoYH6sHxbZ+EhjSznGkqfCUyE1zaBUixle/V2wM9gBm627DAlfuu91Zt8FtGmbk235OQ/wlsS9RTh7PCZ9HmVECuJDKPA5B+k=
Y/0vUaSCoXWoYH6sHxbZ+EhjSznGkqfCUyE1zaBUixkDGLYk1xY7yETCzQ1ptsATvxPiyozUCpyNu37+zTNsDY5ZaFouHznM1UHzw7+wrjM=
Y/0vUaSCoXWoYH6sHxbZ+Grx6k3vmh0kC5NwQJvXpKlMI1MI2AU/3EdVY2JfunDc+kiQHu92x+5gGbcqhJd3WmIUT859DDtPiDIZ2h0ux0k=
Y/0vUaSCoXWoYH6sHxbZ+Grx6k3vmh0kC5NwQJvXpKl7hL4Lu3J2VS7dZ+qZj2tBd2zU9kUSZnZR51D9VAHIq4tr2nSWBM9lP3+zOHEXvdM=
Y/0vUaSCoXWoYH6sHxbZ+F7eA2Nb2A2bLlmSyx4VAD9F4fusez6gFZRzS2e0ns3qM5gmjj5dfsCjdEc9S9kIxJsbNXxrJD6k2nEhTRSCykg=
Y/0vUaSCoXWoYH6sHxbZ+F7eA2Nb2A2bLlmSyx4VAD+qvooaKFFixsmIFvWDWpsZ3H4TxVmfIGHS9pAzAXCm1ZnnSGEWMa9+/RuWnj1hL0s=
Y/0vUaSCoXWoYH6sHxbZ+Pdrb//0QcT0ym//FJtQXrqdXv/KWRG4OoOZ4fBcplhR9Gtl9w7HBWgN3yXeAAI7Y2C37bMTzVu6Z/oViDuFTY0=
Y/0vUaSCoXWoYH6sHxbZ+Pdrb//0QcT0ym//FJtQXrotbgp/qDilUpn/M2I2n0HWXgmzHokn0FOgKZZG5kkcWTlihCuxe5wIsFNkeXuvfaw=
Y/0vUaSCoXWoYH6sHxbZ+Bd68rfPl3ee7I2DQg9r/SrofkA+L6uAfBo32KbR7Eyqtu8PJXJESNtFf7vg2hITR8xEDOhwWCR44+wIgiEuYGw=
Y/0vUaSCoXWoYH6sHxbZ+Bd68rfPl3ee7I2DQg9r/Srv/KFBuRbcnbt2lVivsdskDKvItCc1fKLmHB3XgyNh62TSzdQ8qxzwZ7cZGnR4RZ4=
Y/0vUaSCoXWoYH6sHxbZ+NQTyO5E4jGQY5tJkMf2M3lBaR7AlqXXzygQKyGZmLID3lJSiX8wPQZi6XS/Fe+Syz0zo8+T/GGrEWosNjwMtSnVb9k1HGv9Fbx4hwMUL5s/
Y/0vUaSCoXWoYH6sHxbZ+NQTyO5E4jGQY5tJkMf2M3lBaR7AlqXXzygQKyGZmLIDvDHJLJdp2i4IukkwSkdHZ5s+v/v66aLwl8AsyuaOqRHYIt3opkHMQvuljoZFovszpcemb196sKaQQembKpVnfWwqu7VwYuuGbpE1hay16Kk=
Y/0vUaSCoXWoYH6sHxbZ+Aa9ZywLmkRpj5hEwVNB7BafKZNouFvscSDA0ebGuufKoYlo5WwaoytYrIfmPvJIJkaMwqMHC+HELfcaQwPOA/s=
Y/0vUaSCoXWoYH6sHxbZ+Aa9ZywLmkRpj5hEwVNB7BZP8G+FBCUViMh5qbDSNK++z2biIohKW0x60Wzc7CL7UM6QfFNBOacySwWcojt6ngo=
Y/0vUaSCoXWoYH6sHxbZ+LZsQKqrHzDJStOtQ9ahs1FXq7njh9VTT8VfYnCPZMN2gF6EYLw2QoZjW1xJ3whtkkgefGe5/xlSMPXTTAgqF20=
Y/0vUaSCoXWoYH6sHxbZ+LZsQKqrHzDJStOtQ9ahs1ErXzTDFoglzwDB01AwRYnY9mthPyDk5DN3LXRXHs8pmP+Gk+nA9VIJAEmtpKJ6OH4=
Y/0vUaSCoXWoYH6sHxbZ+OOKqAKCIkC1I/fsmUdtIbEt5kxI1Xn76AmYUV0H88k6S5l9c7oweNPc7ojlOCvhVvBcGy0JSFn6iwkRFU/L9SE=
Y/0vUaSCoXWoYH6sHxbZ+OOKqAKCIkC1I/fsmUdtIbEXxXgZoomJN2J2n3v4T927mBmevyGeanql3IXpg98P6l6fEWvrPG5bj945fzKqPuY=
Y/0vUaSCoXWoYH6sHxbZ+NREpLuFqknLSlQCPJ6axW2HPZ+EfVhJoiZxSLHthjgUqUgFvArkXFaFeUvcOT9LPfwh85yRbM0/Qki7E53pcmc=
Y/0vUaSCoXWoYH6sHxbZ+NREpLuFqknLSlQCPJ6axW3VTVCgdZZwrz3aMPd1HQFQFx41WNbyxpQtFxGQCbgbAUdT6y6AVQNa8uMAJqg9Aiw=
Y/0vUaSCoXWoYH6sHxbZ+BNVKz/g6j0aR9lAxqTMzShap5gHc/hg4SVizX/5xkvLMH8lE0AcWXtQhUCMsfEk3NxIbCKl58sf3bnGFXAe3TQ=
Y/0vUaSCoXWoYH6sHxbZ+BNVKz/g6j0aR9lAxqTMzSg+6DI8fQDWct0wMpWOd/l4nnynePp490mz2wRaU6T7JLFxdD4fhim3bbIHAI2e5ng=
Y/0vUaSCoXWoYH6sHxbZ+H+fGvhVafpmcfw20h+fzJj1lmfIOn1lyMK6V4ualXx0I/lRdzrF3yH2cbPt47JMbu72wggo7Je5OdfzAOeO9bGQj9IbWYPBRR16QVh6c8Xu
Y/0vUaSCoXWoYH6sHxbZ+H+fGvhVafpmcfw20h+fzJj1lmfIOn1lyMK6V4ualXx0t1jxgD2roEbvpXtUg7z8p8SpiNah/0XBcTHXms4ZDTwnV6k9Fh/YDd1DN9OqbWGKoYHZH1y/LljP2UpDIZTQ44nh+3cfgfvGVrneQ5scjCE=
Y/0vUaSCoXWoYH6sHxbZ+MpVCrpTLUiiGFunZQThNirK1XLd2hRbZwm49oQA9e027fpAQsYBhLcd7FUNtRnZKqBTDwIabwgK5esi3Ok07YrS561TPFXyvyb+mA67Txvdj+GS4AYB3H2zoBv/p1COVg==
Y/0vUaSCoXWoYH6sHxbZ+EVKHsB0hqYSA5s5BWzgzP0ktPdgcvUIq6l4hNLsXlBgJjxZZZcLmdhEt+pw2igbxWknSYMwx0c9CG7MxtPo1noyPwBqrJqpfgyEKLX+CcHSALJFxawJU0z0OzPjHMpYgA==
Y/0vUaSCoXWoYH6sHxbZ+H6M79F2zuO3wBmzVY94B3V8ZhmfBdoU96RDk1rh2VCqrOgo0yZglx83dtYxNx+u2TZzGvmm+quAdlwcgHZFPsE=
Y/0vUaSCoXWoYH6sHxbZ+H6M79F2zuO3wBmzVY94B3XHWobRVHSuC4Xu6BjkDv42+EJuMe6sDaRbcaL8riGPubiVZK5eEDrWHYNVFaTsjJo=
Y/0vUaSCoXWoYH6sHxbZ+MnSiSTbJGW3oWIGhmK/D6M6thCWw7VRpy2Uou/93BIWLZFaEzUIkobIdPhnD51BvWR8UZEg4gXfK+fywN76G+xqnmZ1es49kP5HSkpRYF4s+l7+OUchDVy0U6BWcAvPBQ==
Y/0vUaSCoXWoYH6sHxbZ+MnSiSTbJGW3oWIGhmK/D6M6thCWw7VRpy2Uou/93BIWFh9INe4SchUz0cE5vS9I4A==
Y/0vUaSCoXWoYH6sHxbZ+MnSiSTbJGW3oWIGhmK/D6MAJTtVneyYbz2lW7McfwxY9nL59tKoXsKvyAwy1qIo7OZOBflqy9j8awEeBs065SiYJDDMFfttS2p0mDDcbt0cPDkFefpAuwzlbpoNbmgSE973fj+/73Yx5fYwqWD3mW0nNB94y6rUFaOumf5XkSSbhFcwrMdwlzwrafsFS+Hg5RI9id2tbud8EgPASxQ9eGZdYYiEZS22IarIbl7O8IsDZEJt2u/h3pjaK2yudeV21ajy5N0B84A3sPwawXwxdOjaodnI1t9vGDjhKi6ibLUGpOFZo3Hg6xKshT290GLWovYdW4jkSshpOeb/EbwDYfI=
Y/0vUaSCoXWoYH6sHxbZ+L1a7JE0fkdQCQTjxXEzfKQcIFyHPMosA8/0OkfszDHcPdaYh1iXhVe3voSr1ge48PkQjS19+UoOPJsMjspAk0rCNe75hqUXuodeRU5ZyoiafUh/wmg9uqvZYztkwnyp58grSQJ8uxyqDEYo+ktw2tAQ+G76JLulgrnP9PrvK7Pxi2yM6FxPjuGwNEeSJsfgTp7ZdtC5I3cvtLmcQ6h/RRvSOt1qzOm2owWdc2sNDNEmaSCpDVi/+qLGzTSnEgNps/HO8kydGZ9PPLjUjjrHDOs=
Y/0vUaSCoXWoYH6sHxbZ+JN/Yca8DmG4jj7PcT8sGAWkqOpF7b39w/CxKeuvSYqtTj/5RVag34CzOt/vUEI6Zeh1FaYKIJwMC4x+rlU5goccrnlPhGG/pZoqLxt0/7k7MeHZGoH50exDmZ1umXSk3OPFXX7aw1Ta1QiU3/SOGug=
Y/0vUaSCoXWoYH6sHxbZ+AdDHqiui/k0UszsPowsa/CmeO8XO+rq02RQs5hIrxWJ85qF3tnyn0cYP7yKp8lzpkSxIfN6+mRIHD404eIV99CvbhcooxyhUKSZ8veuYY+qY2wnHoD4yxNJcTpzyzvDkqmlkbuALkDX0U9EDC4b8vG5nrUhzYLL7IHKP0HTOT9KG0PlxFyiUw564gGprIEyqQ==
Y/0vUaSCoXWoYH6sHxbZ+Bl+HmflJY2JGqh6GSso1JQKOm6hvU7vSQiDSUA8bqdqwPZA1gD1oT//JC6i0jSZnOEqgUQ4IkMqc/RlJuhZrIK0eaVsefTOjaouwOQePyLpleq4u+inFCDdvBbBARSLzw==
Y/0vUaSCoXWoYH6sHxbZ+LA+1TRVdDM3VBNjhwEl2NeCkGd/mOFpSShkzQuGag0fWc66CAj6RSN/RiAGblQY2iqNG8lFctl5PYtrhDr9wfQ=
Y/0vUaSCoXWoYH6sHxbZ+IK/i5BUzrjTF7SLehLedWTIYlZ5UDZSCK8CET9dxIGG4UwEM6cXRBrP3vN5kjLXBpBQMiN5P15tWEklF48xIjmgYPx9w6fNQzvqXsetAtLdI2+xNikKNT5u+mtSuOHm6fwRRY+1cHopubnfbBIS8OceCLNaYHxPnlGcbT1tXzNR
Y/0vUaSCoXWoYH6sHxbZ+GvsL01pGHkUo57MIF/kOjivXCfu5RR/mFm8kmVUNdedobtsl3GqKsDmfZ6xK6sI31ozelewOBQbRly87bBDrE0=
Y/0vUaSCoXWoYH6sHxbZ+GvsL01pGHkUo57MIF/kOjjYkelvkSCyPyBk74CwE0sTmuTuEJBSWJDtsLiiaUuvPZDGuRIGYDhq5XUc1ZqZf6w=
Y/0vUaSCoXWoYH6sHxbZ+K3kv2l/xHuCs1u0cXPkVKvGTAn+1DFzQ0Sb2aJkFpixpCLixYlJlLZRTpV2Cgf7BCS7i2x/2YbFHiQJHjWmwdM=
Y/0vUaSCoXWoYH6sHxbZ+K3kv2l/xHuCs1u0cXPkVKtdVfqxNfoG8VnPle0SOrpbUcHB4IFCXXW2Nl+TgYHStqCjhF0SNbwuVXH0UeyScoc=
Y/0vUaSCoXWoYH6sHxbZ+PfEb99StMoFSPGrQ8Nd+elCyLHIMjcjYyJEWnjg93sasGVkQar4J/l3ZPW0c3h0pgij3rHYwlSNTeTqw7zotCc=
Y/0vUaSCoXWoYH6sHxbZ+PfEb99StMoFSPGrQ8Nd+emJWYf3wXZda6JFL0ch/noeNidjqJS+g/k6vrl8eOskqlAIEFeFLIixFPC49k4oHxY=
Y/0vUaSCoXWoYH6sHxbZ+M4C1G8iwgNflwfMnPxYezRFhLnGSwomOCr+yNxn10nNj6RdObrOhBG2EGWcPnXgSbPDMg9gQxfkHmJgJvTNrMc=
Y/0vUaSCoXWoYH6sHxbZ+M4C1G8iwgNflwfMnPxYezTL/dugeosMbazB0Kqbf9XZplpERWkC3rYUtzIEEmlvtXm0ChsS2KEeVrLzIMsRMDA=
Y/0vUaSCoXWoYH6sHxbZ+M4C1G8iwgNflwfMnPxYezRFhLnGSwomOCr+yNxn10nNj6RdObrOhBG2EGWcPnXgSbPDMg9gQxfkHmJgJvTNrMc=
Y/0vUaSCoXWoYH6sHxbZ+M4C1G8iwgNflwfMnPxYezTL/dugeosMbazB0Kqbf9XZplpERWkC3rYUtzIEEmlvtXm0ChsS2KEeVrLzIMsRMDA=
Y/0vUaSCoXWoYH6sHxbZ+NWWZI4D0tP6LHjdSuOQ8nVsjT1OgWMPMUrDwTIS00cKzW1YJsW8bW9/+k/MS472PhIDnAhhvM7OUEml01fqmf2hb1AkaUopwl05HUMHXB3Z
Y/0vUaSCoXWoYH6sHxbZ+IspFxgZtA+1qDXOv8s4c2ZM5EnvtwCH5wRWzm9b+vYu2ro4H0UzqYM6Md5N02mtgYRclhoWK3WV5DEkvQvY5r1g4KCiBT3q3/9Wf727AIbtGdQB+4H0RGV9fBj0iz0DbURYe0uwSEQNfEL7QrITgjY=
Y/0vUaSCoXWoYH6sHxbZ+Jy7xFOoyJMtsuLHeJTHASkNwY8XQ6z3juM2jYWBPCDFzY1Y2ltlar8Tx69JFFrmkXoh2O4PkLYIfpMYicVzAJA=
Y/0vUaSCoXWoYH6sHxbZ+Jy7xFOoyJMtsuLHeJTHASlUO8an99Vxi7Ssg71/MG75FNegjA8hXpCyrLx2Ah4ARw59tAnxAeNwo2sBvn+5RNI=
Y/0vUaSCoXWoYH6sHxbZ+MEvFjMBm0HUm3yd1o4KKeQZRG9Wwu/+KEJPbNm8bjlIU7dyY9PoPegbWRbcL+24SBB0rJ2OXFikCWMxYJAeM7Q=
Y/0vUaSCoXWoYH6sHxbZ+MEvFjMBm0HUm3yd1o4KKeQdFDlgkPx+D3RVfgq1nTNi9NfWyE1kP1zQdVk9V1TyD4zflgohzgA9gTV5zpRiCfs=
Y/0vUaSCoXWoYH6sHxbZ+MD8ZsrxqLakBKffLo8QRua9oyIdtGUBMBgzxaQQb4mPiTue8MKPAzGFpL8P+7NO+uKRw24U5iVy0XBYstZ1W8E=
Y/0vUaSCoXWoYH6sHxbZ+MD8ZsrxqLakBKffLo8QRuZbVUCGpgPw9TOtAkvG2qZ+OAReQYW5FaI8budiEK94NhbCA4Nr0dmfDAVOM4JG5W8=
Y/0vUaSCoXWoYH6sHxbZ+JchpEuPX3C3MRAJzuHqILnkMU6/r9IVlVT4EabIdNOg5mIrtkVWcdeZgkuY1fA3GVQ2r9N6LNKgwG8JWFknoh0=
Y/0vUaSCoXWoYH6sHxbZ+JchpEuPX3C3MRAJzuHqILnFYP/PLa5SyztetUIaW5F9zf4zeWDBJAl9I5L38jwb9/5LP0Xrn0maZp7XSYOZCzY=
Y/0vUaSCoXWoYH6sHxbZ+GHYl7MoS8V5jhUT3n3f4kITMauUs+r8+bwR/ZHYR/k+/h4GraxeEG9eNAU38WWDT2xbjFwYg6VANWckcSjsf+6b43umeB1fMd4HmeCUi3+z
Y/0vUaSCoXWoYH6sHxbZ+NwzLqhe6xDQnxKtcWACr1zG/KF5aN00/OE9CxNF3ub/fV9O7EOIryNYcBOEq3VCyylCQzK2FPEUhVvQ+w9rLU3H8YCtrtaTtCaLdtwsAlq+bBPgeLKKRYeAiyfC/I+w6PXdsSZLP9YSNDHUEaMtcyEGOxEHVQEAgX6DRTNLcPxNpx/LjPMRNgpNDvW1GpPfjA9S7LJnq2Lb4P4FhjwrG55VpJa2h6Uj0/Ouptqt3r9KjOqfnBRsqmAfPTDjM45ujIog3hzrtvWczMVnlvMKwGbnIFZzN9RnHUGswl1oZAhhifU0yzwBti8HFuA1Dr4pMQ==
Y/0vUaSCoXWoYH6sHxbZ+NwzLqhe6xDQnxKtcWACr1zG/KF5aN00/OE9CxNF3ub/Va5PF9EGdQ4aAlps9ADJlCymFngF3L3VLUAcAf9fcgQ=
Y/0vUaSCoXWoYH6sHxbZ+AhkVS/XOcjFteFzWBy+GmL81lMrJWXoraQLviI4qjB0a3Kjbcagggm6FNXXLz5icuESiYlmjjGHgBL4qprK6jqfVK608ldwBIm3WpmbPOpa7h7+BxlduOo0yT4nUFXVkg==
Y/0vUaSCoXWoYH6sHxbZ+BQnEt0LwG36PaN/qwCl3mBf+WBxUmzb2HmZben6OZL2YcjrWpvPI93eQURifmzg92c9nvTCtDVa4R3uhlq9aefib2xbvf0KEr7PDee9xAVpVBoj3Z9YaIiycBttrESEzAi2c0+Ye0rDbhTxf+fawYM=
Y/0vUaSCoXWoYH6sHxbZ+HZ7sSRvUrhrHaIQob7lgQdGIWDBkaMk8NwO4UqZw62QPpV5p51KeGTNchcjjuYI8TNHo7UPg/0ITWTlr3BRhfLkJB7hoLs66b9rcmt7bjcx
Y/0vUaSCoXWoYH6sHxbZ+D6I/9vxd/fgTPUqujBsFzyC/gny/IV4vEkSLnwe7zDmptIHKFEwJZyALY4LyTlkaLN5WxSRAk6l/X3updgNOI4e0r7V9wOXmssYB31am5yueG7u5kGeWnQKah2dhScO8WIVXX921Irkz4GJ5I6qwMI=
Y/0vUaSCoXWoYH6sHxbZ+D3riQ3C/rig7sPCDRH7ojeXplzUabuPcemnfUkXhcGXI+lusFBqZpsrlpiJoFV8H3GTr62V19nIpncRB3Pza6I=
Y/0vUaSCoXWoYH6sHxbZ+D3riQ3C/rig7sPCDRH7ojewkA0MHOo+gBj4ErD0z6uA2WneEHtfH03RX7aJOjzUtzS0jGmShTJUm0VBGJivAzE=
Y/0vUaSCoXWoYH6sHxbZ+K+q3LxAJzVHKCngBslHc7UPO/WQqdTlv3zUGWCOnaO4VKulLWtLFbvqyQdFn4BB705jv+fz4XXHzcnntHfjBpg=
Y/0vUaSCoXWoYH6sHxbZ+K+q3LxAJzVHKCngBslHc7UwwwmWc0p0ZFkpe+BIKZz5VXIOBci24yk2628YpEokKJozHtqtGLdtkeEsTIx13TI=
Y/0vUaSCoXWoYH6sHxbZ+KhhKxfsFC75rGDiqmb950z4gvMITuOujPZMLTW4ZFLtSM15izPoatDLdKlZ0D31wSvsjcX4Twi4u910fNkEElo=
Y/0vUaSCoXWoYH6sHxbZ+KhhKxfsFC75rGDiqmb950zGi2gP+dDWVb2bZagOB+wEfo8r8RsOtkSFSX45Lojq+l2J6QFl6Xrs/KnjdrigF1I=
Y/0vUaSCoXWoYH6sHxbZ+Ik6WY+KzO3YWf0F86GjEWs4KesvVvEGs6zPSeB6Juui1NFza5IL7eSrjUXL0vsVfp1a5KrFDA2NIMpEXgBiNgY=
Y/0vUaSCoXWoYH6sHxbZ+Ik6WY+KzO3YWf0F86GjEWul5qyFCWdpV/UPujp2z+sRahf+mZVtVJ1LU6ghEweY+UkuNajLXjxtPwW+TnFjrOk=
Y/0vUaSCoXWoYH6sHxbZ+I4lxsaT/blFsX9Lw05JtSfjytseZEBKnNflft/vDANLIcekAz/MrSo/aY4f02GLEUUnYFYrJd23lrUlmTkDR/g=
Y/0vUaSCoXWoYH6sHxbZ+I4lxsaT/blFsX9Lw05JtSfN6ecAp5alRgpmSzoDqKk1nCtYZZpKPeirxk6OhhMi43Sanc4UaQH+jDkhW67BDB0=
Y/0vUaSCoXWoYH6sHxbZ+OZqv2FCIim2JXJ6ceQGUuc7JELqoV2mSPd/t9nqqp4YIqqvCw5d0lwv2f6c4GgHBJveKq4rohoArJuY0JrUgUE=
Y/0vUaSCoXWoYH6sHxbZ+Br3EJGMV5THQrsIabpUeCYN2fZyNZQ03WrO8Lu9JmHFLt9N76916vcm+QaluZ6u5USyPIqfUMUfLDMxVmGhuHg=
Y/0vUaSCoXWoYH6sHxbZ+ANrgkwxBEf985XrztqIsEJCmWVLGsEEBD7EormkyRLbsTdZsiW3BtESlQ6YJ0jgGP+1cJfU/iEXjIrdYDBV5qA=
Y/0vUaSCoXWoYH6sHxbZ+ANrgkwxBEf985XrztqIsEJk1b4XpfI2dlTPYDLHxw8MYLX7Bwr+BH6qKVPCvpwugvRsF/1fzJ8g00fwvlNDhOE=
Y/0vUaSCoXWoYH6sHxbZ+A4KvBhvsM4jmgG20JmbEvqIr8MWQOGweCAoS7MO9odKVzWIkp9x85+tZMMMuCWpUA4tdgBuRQZJQP9asAwz4dU=
Y/0vUaSCoXWoYH6sHxbZ+A4KvBhvsM4jmgG20JmbEvp95ls5TZpNvPYQEZMtQ499S2os2Xqp3NN5vxEHKj4eAr1murcvV/gusLTslISHb00=
Y/0vUaSCoXWoYH6sHxbZ+CUWNzGsFMjV94IL0RjslZ4urpRnsyKK82wpFTEFkRne330lt9xhe/55poXodET//3vwOXMNC/oUHudkPRps1Jw=
Y/0vUaSCoXWoYH6sHxbZ+KAKH9khm86d8M+k33L3g5pSE2YkZV2WK+LdUiyF2g5IrPAI47QCAKQGgdFmuU3bUxnC0kqXkj9wdfJekUSNDs0=
Y/0vUaSCoXWoYH6sHxbZ+GQYU+jCdQJeA+Qkm3TWUlpp+cBW/N2RbdBB3z4YVFQz0HJeEGs282f4LQWWiIFAD0md4HHHtWkemvrIbzrVKes=
Y/0vUaSCoXWoYH6sHxbZ+GQYU+jCdQJeA+Qkm3TWUlqtYeJMzqVSVpmwjgYDYMYCHHqxePxHa5DOVuSVuNC/Wcw0vLhpHmhv1hr3pvMwDMU=
Y/0vUaSCoXWoYH6sHxbZ+BEEkuQC69ReK3qaFXQLB9f8EIJ5yvBCz0CQmSfYrlEBnQihwxedVs7Oc17hsDeTYLtwPd9Y/FVXHiO4pyYjf8o=
Y/0vUaSCoXWoYH6sHxbZ+BEEkuQC69ReK3qaFXQLB9eNCGCEnlf4NacuI9gZqVal5sirQvK927l8UbkgE7XNqhZHP9gkVEkUBToz3rjKzs8=
Y/0vUaSCoXWoYH6sHxbZ+Ic9RmLWh71cMRXKOFT3jrcdJruAaBAoSaIU5e3QwE/vO/RRT8/CMlG8QGksIcuQDmZpfO2OOvfdOrYBoscMH/A=
Y/0vUaSCoXWoYH6sHxbZ+Ic9RmLWh71cMRXKOFT3jrdoBPMTaH+MH36VMm8DaC+I8hqKymCucMhbOWpBZEV5meDJn1Ywh7oX/NyoIhRN65k=
Y/0vUaSCoXWoYH6sHxbZ+BTmgKY6N0mS9Ym8Tr80F5uU/QXXYNSXBXdplBVeBB7sQ4VyhIAu/F3mSCHYH0i8i/Kd5+SfWfPl6wjXWkj+FlE=
Y/0vUaSCoXWoYH6sHxbZ+BTmgKY6N0mS9Ym8Tr80F5tdWDuyaMRxAcnR7GK8GjP1R+O/55is6gN6HRj6Hg+QLEnfL+OgcWE6V9eWtE2Iaf8=
Y/0vUaSCoXWoYH6sHxbZ+Ny5QC8dps2A9GATD528Z1ZHt2yTHBXNTAfpo9xoRC+aklXVA5fleDNrNxOaUOR8jggbjgQRtsbkfHzGOCag8zw=
Y/0vUaSCoXWoYH6sHxbZ+Ny5QC8dps2A9GATD528Z1bwoRxusD5cuxucwIJh5ZPUyVFxVYd+K5wm87CcSqd1y5mIl2X8ZhuFSPkEQIc974A=
Y/0vUaSCoXWoYH6sHxbZ+C5BHklMca6ZQa3xi/DTui7OI3mgj7anz4fTcCRUSj5I3IhVDpK3KvEV4n2WQkVoR/6RzVDbONK2rJLFCyIitac=
Y/0vUaSCoXWoYH6sHxbZ+ON9fMUxhUbd2DuPJAdd6PGg+g9FraEkSinJlBxaThs8vpcL1iOpD9GqyWE2HJ8x7gU64bK0AhgEOnvUwNAiCyA=
Y/0vUaSCoXWoYH6sHxbZ+N5r1DBeEFJvGY61fgOKJC/ynqBcdwVwEdYki4oT/8Y+VL5liRkEXGGw8505YBsjWODAPqHKT0ooRCJ2544JyW8=
Y/0vUaSCoXWoYH6sHxbZ+N5r1DBeEFJvGY61fgOKJC8Ddj6MD81vUzokP9a7j6TnImU5lv8BvsA74ud7W9p5DesRfFaInv61YObATkRE8Ew=
Y/0vUaSCoXWoYH6sHxbZ+JtdVpW2sDOhDNjAzUSZS6BpizmBJuXiWhAlRAEE6zjpKuU/yY9bZv8Q/kQQYyrGBu4UXE51FwUi7i9e+ndS3cU=
Y/0vUaSCoXWoYH6sHxbZ+LLDcjujxQ7wlg6aa9hWKXEnIy4IcE2OmYtKQ1aUyu1mLRDGHGZFwWtyY3sszCY4MCmCivksWgBwGHvPsSjmQOw=
Y/0vUaSCoXWoYH6sHxbZ+GpCdzU1V3jYOlDQe2cRcdEHfcXAb/gfR3jOSxfYAT2+Ny2jLJ38tgRz9v7u8H9i12sbkItnznC8kTtT34VZih4=
Y/0vUaSCoXWoYH6sHxbZ+GpCdzU1V3jYOlDQe2cRcdHkNc7TYj4hUJCmBqsM2NJIIy0SAbq5M4XabSMYyl64omJxH2KJA4mlUDrCASAj4UI=
Y/0vUaSCoXWoYH6sHxbZ+KWaYhlW30sTk+xZ2EDmu8i8DP8jTfnFqTmQCAWYYpKeRx28mHhueB8AUjYaasNpwSQXCsDa+H1W7jhjbdGLkMgQjggBLdgZGWOs/9Y/CMJPMrtkwQ77/aoECD/7A4ThKcDXUwddbYk28kCdOXCVkww=
Y/0vUaSCoXWoYH6sHxbZ+PUHOhjmUgZdtpieyUuVlu4+cx+/rYTtpm9D8laFRXUMU8LFL/9mNGcvbsDwvMljFNd2nUL75ihKBuubSRS183l6u78rvpqb2Sn6lYXIZJfoEbr4dynDCXl9TSYiE01YYY0lRQUeOgDc8xtqLe2tl0L7jIv3Rsb44A2l2Y5RN5RXyARc96ZzHdCZXG6c1WbV7Q==
Y/0vUaSCoXWoYH6sHxbZ+MEvRXmLWd8rR7C1A0lPvKphq6wMjGyzmcxAX9J4vnAofp0es4iZOO0TUdbjtVZ6TNohvZrFw6Xl02fC7VTb7mD0fEoy+WMa1VXS2cIevOQ4QR8TOCP35edtc4BV3GPkpQWBrVhi5B4MfBqUSL4wiqA=
Y/0vUaSCoXWoYH6sHxbZ+HMzSKrMzbjVGll3lprRz5t2BKfhPW1KEbSQoM9i4jPl3EBs1VYxBn7g7RQtRIuTUzWhWAWFy2gJDNvRWdajw94hKL5U//g8LIRRbXIPDFy08HwhVi/pN+IJYt+2FU4XVdboAF+nsZhXzWvclJorLznz/raj0HDS3mMYYq+h3yijRBffI2dmCyGT+xT274ZL9Q==
Y/0vUaSCoXWoYH6sHxbZ+HMzSKrMzbjVGll3lprRz5t2BKfhPW1KEbSQoM9i4jPl8EFOQlykd4VrG9STaXvn4hldfZPpB8kDvmNU/VSeOD8P5KX3dGsRseWfOw6smOp/
Y/0vUaSCoXWoYH6sHxbZ+Oc4Y5aK3W4EDY0fnulkQr/iCPYzz6rcv0HXivCsEfaw/375ksGzVXd+RM/oyafoid05gzFu8ROc9c9vKhx9SzK3JL0sGZiGDh5z+ZwKxfn9
Y/0vUaSCoXWoYH6sHxbZ+Oc4Y5aK3W4EDY0fnulkQr/iCPYzz6rcv0HXivCsEfawU2j+efh/TnM7Nu2WdV9/A7DgWDLIzxk4nxKNZE0AKnFifH3e6sYr8pBrXoftOj3hcRMhaJV1ZKYIbsvNhL1XwQ==
Y/0vUaSCoXWoYH6sHxbZ+A6prOT9MWLdPkj304cKTOhFmmHG72/Q36B1L1z0v8fKl7o5w+LcxfAPOTKq3YfJ4Wc7zD/9MqxNJ4xFF6KjL2T4/mWpFtBw2H9DHq2tQImPFSnRn3YCSex5lrpmX+huJg==
Y/0vUaSCoXWoYH6sHxbZ+FmGjXSD4MTgSwpgPmr5PqRWLVC5I1cRNFZuUCgfln3gBV3DUkt27Fx2tTV4ArcWYikHydfv6EFiy5VtNHcg7p0tySCsGgCUIrU2NI25NLG1
Y/0vUaSCoXWoYH6sHxbZ+AjJ8s2bNleI0vUkmvQwOdEZSoaBKV7tAAwBhnDy2DVubEl/JYwh/AeaCcMZfHpor3JFCEazYBkCC43OxxN0ryo=
Y/0vUaSCoXWoYH6sHxbZ+AjJ8s2bNleI0vUkmvQwOdEZSoaBKV7tAAwBhnDy2DVuuPn4kcipmbFWnElOwo/nvZPmv58d+UudTyqBJXSldRLwtKWCZjCn91C88jwBqvaioURgSWcxp/lIU8uFyvzc9g==
Y/0vUaSCoXWoYH6sHxbZ+AjJ8s2bNleI0vUkmvQwOdEZSoaBKV7tAAwBhnDy2DVuZIMsCd+k8a1idczAXfBCoW9W5f1RMnc/xtG2bC4PVgYn3pIzglzdiGZaiT3LmPj+cD2wxImWDvUVpeFyGt+fBQ==
Y/0vUaSCoXWoYH6sHxbZ+EAghb0NXJd5dW1X80cx041c2CFrqMzfJuB5IAVHlWdoXykyowDCdSYLz5/9wgk0W0+b8rRMFxC9Yw8HM7qKxK+is+LXIeYA0PDqOJ0Oj8Z0
Y/0vUaSCoXWoYH6sHxbZ+LLxg+8DgrpVjjlMhDzHR5+rTcfjkUaYa9rX+2z1tF8zKAy2y96yWNyANYVB9OUSU/CJGjVDp62Tc8h+cXeFlkqQ48eRg5/FoezQONX6yGfNrpo5pEpcH2MCJdPyRLqntWqTCi8VFytmJ2gBUD/ioVE=
Y/0vUaSCoXWoYH6sHxbZ+POZOP7MKXnpIXEIWMrJq3035zK4WwYSGJuVw4vlzEPuOGWIF3fMDbUJUW8aPPqqOwtgpuiyWu8PkrSi6gN57jojgcyC1TY/0VyrRrOk300qpKub6TeTYnPumrXQ4eayOlzE2KvwRKlEb4KHvot1RrO4fiYwma45cEIV0WeFkt6Ij9E01x43XeHwsmsHY8qUmA==
Y/0vUaSCoXWoYH6sHxbZ+A0BUl+KJlGcIIa/SmuE5CXbrvH3ilI5fM1KeuxZHUaMR1sMd2zzgN3PiKEjzEzpexbyMJ4fAYPQSc0DdpiSXMDPfse5Si+gM/qQksSrLTt4UusIOkOn+LhCWvzTo0AP01Hn1kpyLtmBQDL4DUZ88Ew=
Y/0vUaSCoXWoYH6sHxbZ+JgMlg43V/Dv5bvUMx/P6VlvkN5Vgdn7Ye7jIBy3XNmdep6uh4+w9EdljEiqjX0z73q0vT00soJrgszoZXN+KsNc/+ztS8RjgUY306bK3jzBQRQq+e6Wy91gTfgkcY3xEVwHqxmE3t+SBMuunq9Ql76bZ3lmJOeBrcTQU1Zi/o2iCfm0O6TbzikggzCVI6iybQ==
Y/0vUaSCoXWoYH6sHxbZ+JgMlg43V/Dv5bvUMx/P6VlvkN5Vgdn7Ye7jIBy3XNmdaRp87SaP42eyydkiEZsdXCuB3Ove9vJEizLndaH5zJJx8icE9/EzjUYwuRmQTznB
Y/0vUaSCoXWoYH6sHxbZ+BCXeGzbax0JuLmJUmBWC0/H6mGjNgnUd0wJ2+uLix3xUpYd5RY8M9OYnJWsOXidj/hebX1Rrddf7RtQV7f/xzzzAutHin0n4MfO31J8LUsM
Y/0vUaSCoXWoYH6sHxbZ+BCXeGzbax0JuLmJUmBWC0/H6mGjNgnUd0wJ2+uLix3xyO/+HPJY/aX6eXufuOYx7WysosoePv1tINmTlKyv9rxS9u2HExzDEuVyMVU66juGz3BswpeOPkhyBnWtbl1l+A==
Y/0vUaSCoXWoYH6sHxbZ+BCXeGzbax0JuLmJUmBWC0/H6mGjNgnUd0wJ2+uLix3xRng9wmmvLAorafoz54JZ5EW5dmQ8tcAmRJAjaqreyopsqUJBRZbmL6KdvjthTylyAFuG9KkSTLysv2DrNU76gg==
Y/0vUaSCoXWoYH6sHxbZ+PHZObisD/yhEbgtL6M52J6z2A12BhWcxqlGXY3OzXjhktvXsm5jyhyzIHg10BmqdZDA0I/wDGnVz6iPHOiTWTL1Us8I28TLsMEMyplQ7TKW
Y/0vUaSCoXWoYH6sHxbZ+NdGdPnQm7q9PHojD5Jbp4LCIQAvZdgNKIyAzWccKfHd14MFEcEZ8CCCC9MJA7GUnyoUYIspsHR0g88011DcBcY=
Y/0vUaSCoXWoYH6sHxbZ+NdGdPnQm7q9PHojD5Jbp4LCIQAvZdgNKIyAzWccKfHdoI7v8yQXpKH5Bx4sNJZHokBp9wwrHCYzFcNEDbn/PL1T5pSt6gmjx/SpLaOJAd/uzNueRSED63DvAudxNscvyw==
Y/0vUaSCoXWoYH6sHxbZ+NdGdPnQm7q9PHojD5Jbp4LCIQAvZdgNKIyAzWccKfHdJjldsmTAiRVUN2CAiu7GWBCgBwI4dBlAWRUVwFAXDIsX+jTb2QPX6SNK7MoF0Q1nMw6YB2b0bKywpW86bOHJHA==
Y/0vUaSCoXWoYH6sHxbZ+GTW+QnxyQ5cHdWMukS1HdLyMhXAg907bKcfVhtJ/nX88fbgHF1U8NFJk0JMIAKysl2o1fuCW4oIQrPf7CufWyIZSKxCJx0wmTH0OPuiWRKr
