GmcONIA9PFzHw1gpPLLPoqev3ytAH5KO3S/CJpMsylg=
35kyjVfwBJgytCi6KM5Vug==
FNt9orFfFSbPIXNSbXcP2Q==
gE2g7VQeqq0h5MkG44fPUw==
A4ZCFW7RnVRfEnbtNxUDb8VFIQmzxcIFLuiIjRY2q84=
cwgQW1UgxyVfBeSrdwXHsPE1eoSAri+NViVSjTYe4hg=
pYn3RyiaY4vz2unSybTHuw==
mAzeFbkWBGyzJRgEWJSZYQNn44wFaguEUnqkvHVinQw=
NiGef/LGs6v8Em6sqLz1GYGKB0111uCW/TAqgkiW0+w=
2lfNnhNY+w/3xMaMUxJbE0YFT/wvMlSDz8Vrd5FEs18=
T8Y8+5/WlaGF9jpDrjd+6SRgPU2aPf17quacOsZL0aSwvIBJWsc8rwiYCJWnA2VB2QOYrd32vbVTnVpMaBo/jObMTIjVO/0TqI1MaP4Vf6GYAzgGlFoJfd6vzAAoXRtD
T8Y8+5/WlaGF9jpDrjd+6SRgPU2aPf17quacOsZL0aTGbfR+s1BE8EkYGsUKxBgenNs8zY9AiQKfwiAk9f4xahcMLK1C2NHYMYE6tLlFxJo/n5pkOAI/FQL63Iyo2DjcGVmOlSovcTdCEiD+t7Av7FzaMh0UBKksP1As4UP15/I=
T8Y8+5/WlaGF9jpDrjd+6SRgPU2aPf17quacOsZL0aSByNNmxiDVy7R3InJsVBdM0HBV/mKi/PhB2uFNGm4VfTiDOw6ks2NkZa5Y4VPlGcnrTlhy0YOb91b5g6It+eWILj9Etsq+JvcaOkVLFpyyWVL+awHWhQitJ+nkaAkCgiyspKPAicvT3xp6y06Xz6FM
T8Y8+5/WlaGF9jpDrjd+6SRgPU2aPf17quacOsZL0aSByNNmxiDVy7R3InJsVBdM0HBV/mKi/PhB2uFNGm4VfTiDOw6ks2NkZa5Y4VPlGcng/uBbmfsVqP0vg2WxPOojHV7SpglXbgQqH17EzeTuZP6+1TQsfALqzr3vZ7F1+FXXOhbTcU30EfliDURLIO5v6+UviQ2Wr+/V+GrRvFapUILa62pvN3oPQX6/+pSEGNBBE6Ik57fhUwTq2uuay+UM
T8Y8+5/WlaGF9jpDrjd+6Rr3PnwUZhFadicO/bZfVmyGEexJi8NvV0CcucmieCgF7zsK8HrvYBmzDmQBtBsG2mWbeGS7NGGGdQUGN8eZSqxrsaTVfGzWWpV6n06Rz1Ec
T8Y8+5/WlaGF9jpDrjd+6Rr3PnwUZhFadicO/bZfVmwcb7bQ0EcJt0DTrX3O46PXjQjz/kuj9JfYS+OKKZtXpdJ7cKQ37tWRH1VpHCJ55FQ1zFUiJ/pkBu1uarc5jIPkw1JSyUdFlneuOAp6j0jQAnI+Bn4rG67zlAQEFhnkwck=
T8Y8+5/WlaGF9jpDrjd+6Rr3PnwUZhFadicO/bZfVmyTUAoNrm8lEMJiHm+52NKKV11Oc1Xutx1xGlaFU7jHiy/lwTE80AtTG7bWJuFW12TvpgV3xec8Vh6mwd8ysHV10lEDsDImCc6OnMl+CDPZ9ooOAUh5pK0X5jyGaPWtdl8y89qhIeUPwoHSKAxrt8ce
T8Y8+5/WlaGF9jpDrjd+6Rr3PnwUZhFadicO/bZfVmwlEh9S4bRtBaLSzac+E8ICXLpdY4+MTgHHJGTOkxjwbuOmr5DZmRtEcFEi5OIoWKELFGA1VLcnb7KAiluqow6u/ffQhnvzfLppA84kmy+Xj8KPPCTctVTtuhm4s+ElVSXjVwoZCbdsxJDxTUWKaye51E3/aa2wwLbyy1YfjCHHLk74oWGS0YQQqOOTRFSX/OZF0VvoyjpBKI60S2vUoWC5
T8Y8+5/WlaGF9jpDrjd+6VYy6QxlHRA1Ur6Pj3yOkcElVzahD2ppz/juy147X1NdXniJeibsg+HBXfMcuTNltp2YDkFUrpzQZtc+lpY2Q8rkHW3ti1krpc8MXdHhnznV0QDlrLKstbrvC/loj0U74w==
T8Y8+5/WlaGF9jpDrjd+6VYy6QxlHRA1Ur6Pj3yOkcGATHPv66PTFVFfk7NjL2dnE8MtdTusHkkFsKDKeAOxTnoCS5Lz4IkNNUWFr5Id/gR7NieZEftw6BvWw1FVmIWU
T8Y8+5/WlaGF9jpDrjd+6VYy6QxlHRA1Ur6Pj3yOkcFbc1kKRuo92fjl88UWg0nu2l70v11GBp1Mtq1p7TbHV8E8fA4wZ7mD+s/7ZO9MvKsqai0Z7C4W6G3SyDGW+PJOOoiqYJUshkIm7+IuxKCxPGQ4O781lb8ebGY6Gof9sx4=
T8Y8+5/WlaGF9jpDrjd+6VYy6QxlHRA1Ur6Pj3yOkcFbc1kKRuo92fjl88UWg0nu2l70v11GBp1Mtq1p7TbHVwltKJeboxPiz2ICC2YPXLukF+ekyUj+svDF72VfgMCCU1k/80z/8kdsUSXcCPThODgA2rV0eG+92wMHNvLLHaVnmr8KiMChUbJh7kIyU4zR
T8Y8+5/WlaGF9jpDrjd+6VYy6QxlHRA1Ur6Pj3yOkcG4B7a2AHyIV/ji5xqbyYcsCyKfZ5Ba0aoc86j7QKHwLyZqc/2s9PvTgmTlKUx06MMZ6mIteZDE/6dQKq1vZRdeBZ4VWYZoi7f770GwYgJLh9c+pYpQzjKH/jcrPEaZPuJOnQUdIi1g04qsWzpkXr4tcQ0Ac/mTszo7a9EvWarSp35qbV5YP2cRzsCQBYVds13P1GMyTR7/3mmuJT1B+Gv0
T8Y8+5/WlaGF9jpDrjd+6VYy6QxlHRA1Ur6Pj3yOkcHVZwla7Oq+W8otLIjbYCh6EYxUTnnkmzKgJ0N2f7an3zgDq4cOLj1x5kLjFHvik59QAv55rf3Pi2ostdmzatqx
T8Y8+5/WlaGF9jpDrjd+6VYy6QxlHRA1Ur6Pj3yOkcEDJm4Km1XSUAC3WJiOqCAPhyf1pgFY3djn5m4hsMFjh/3WEgV1LoHMAx6YjzNuDXaPSQEXyorGk21mD1VbYPbo
T8Y8+5/WlaGF9jpDrjd+6VYy6QxlHRA1Ur6Pj3yOkcEMXdCfq2jKDbte/fQ0taa7w7a1W+zjNJ2l12GLPokYiDQrLTB7KYtaxvYGiQvbnt4Rb48RIxuT5lALRs7IH9A7
T8Y8+5/WlaGF9jpDrjd+6VYy6QxlHRA1Ur6Pj3yOkcHbbQkSKDsOWcBGfNbUdWGxdtW60+k0OD5uYTvTzCVpuAL4nqzgNZXnKJPYtUcecz36EUOl67B9vKyCJkdcYLOi1o3tf83jkXXgAmBsJsRTfg==
T8Y8+5/WlaGF9jpDrjd+6VYy6QxlHRA1Ur6Pj3yOkcEflQwR6NDYibtETZfFU4Xpo2GJmTlxmmBz6v3weTdpnlhkz2H/vpLUH7QIUhA8YOxMnsQr4NB7nxuOUo5X0TQb
T8Y8+5/WlaGF9jpDrjd+6VYy6QxlHRA1Ur6Pj3yOkcHoELxBm+RC85SJ83J4MXl24Z+mw1If3F9UTb5BOIwvyMLNxbDXHGhWK7n0gPQ7D8i4BqXl4tjApxhIp4SXv9zqda67ATTefBwEf0Bt3J6tAg==
T8Y8+5/WlaGF9jpDrjd+6VYy6QxlHRA1Ur6Pj3yOkcHoELxBm+RC85SJ83J4MXl24Z+mw1If3F9UTb5BOIwvyJniNTiMZAScrzd+WtoDaUsFl4VTl4jypPzS90uv5HM340hDhGyjvlDyyShFhO4nfRS7QYfggLuo1/ZAhn3NpMrJD+MpCtbns5iCbOYpinxH
T8Y8+5/WlaGF9jpDrjd+6VYy6QxlHRA1Ur6Pj3yOkcHoELxBm+RC85SJ83J4MXl24Z+mw1If3F9UTb5BOIwvyJniNTiMZAScrzd+WtoDaUsWAYeX4IHYFXMGAhplhLpMTi68bRlpOZ/R06oMyKGhW/oxwWZc1l5xWTwTDZBq9bdEMKQC1+QdixSH2dvCTT8Lkp1LiOPwYNTwtp1keOYw3EIMjnJ45fNRZ/zsnhMdHmvHP60SoIOCdhWHgDQtZdV2
T8Y8+5/WlaGF9jpDrjd+6amW3mQoumlIeuCsDH0prVZAs+UESoKZ5goGL/a06DY8U9+sXYVEm0ZJRwf10fTAF/4EJKuJmaGNt7vC0KYRthwkiF2z+JOepNFm9cICsF3A9cNnBZN8C7BDWiMpob+fag==
T8Y8+5/WlaGF9jpDrjd+6amW3mQoumlIeuCsDH0prVZR6+Hpl/VVCsQwekst6P3ods8z4yk/pcmdRb7BnBigPVLG/tdZ4+mSFgj9wiSzADMoX260CcjVV4WXSEtT5o5T
T8Y8+5/WlaGF9jpDrjd+6amW3mQoumlIeuCsDH0prVYzmdWTCTYsbsnEs/n9yy2E3H2arnuOwRly/qBF0H2SKsxICN+S1O7U1AkUcbZsRczvowioQf/nRriRfIiu2JaeXyXwnzHrzJTE0OrO4Yk5Xg==
T8Y8+5/WlaGF9jpDrjd+6amW3mQoumlIeuCsDH0prVYzmdWTCTYsbsnEs/n9yy2E3H2arnuOwRly/qBF0H2SKufnJ7aYv741PmlGEzzWLJMrX71Ggduaruc8wBVR05sv8KLhk/FZts6hv6ZKNlnTxUIczZUYEcfYZgERwToa2lcilKSaT62jRcMBtpepxDFR
T8Y8+5/WlaGF9jpDrjd+6amW3mQoumlIeuCsDH0prVa0Fs1zJe9ZeHq5YaNK0Zt4PzEolSggHGQQIbJ+KiRB9ksTB8MgsuaIUi7KKEYazdv2q3QmOZiJ5W5xgjoCd8Kc9vFgASafox+TdvvEWW1LFuJsS0WjAL7afPqRXyjur7B8odFVPyf64IoMmtC4WkbdG7zfbp/PabnzD8X0yLjAaUzye9DOvxCvUnpmhDDrn1ulsBuonPp2oHTX26Nhwmhf
T8Y8+5/WlaGF9jpDrjd+6amW3mQoumlIeuCsDH0prVZ5vu5N2kuXebpg5kwdACXhPkZd+wwA7XrXyKIPnRUAVohop7dUvluQCsflfF9sx0aTH6GgIJoTLoxSpQ6D2aYS
T8Y8+5/WlaGF9jpDrjd+6amW3mQoumlIeuCsDH0prVahQ0XTJUHQLZ0zcr3dDMCJly2mJj348OitDGB6UA0oq6Wrvo4HH6EUEqzgxUzdpgISfG7uCouhKYRJku8FXfq4
T8Y8+5/WlaGF9jpDrjd+6amW3mQoumlIeuCsDH0prVbQFlrUZLy0mp7AtCdM4/5np24QW2Dftt1JZNz5xGgTORKrmSXfyrsjjkqSBqdu9bA/U9hLMwp3hY51XYyzcNIt
T8Y8+5/WlaGF9jpDrjd+6amW3mQoumlIeuCsDH0prVYq1AtrA7cur/4vtw9sVBkQ4EA+jcnOpTqNmIRnETlNB6nKubEX9pRxEQdgpd0s2/qPQFY8ovkBepefixsJo4pB4zIzvDW8W3ca1FQD6OMoLA==
T8Y8+5/WlaGF9jpDrjd+6amW3mQoumlIeuCsDH0prVasNWFv9Jn4uXDYS636NN6m/++8WqBQuWLNehvdRQnNd3FtUhFt2Uhc4m8ZKG8wTOFeHT+fAemgTUxd5UBWsDyf
T8Y8+5/WlaGF9jpDrjd+6amW3mQoumlIeuCsDH0prVa5YHI0vUCSpMiKBUGzscdFw9U+ocY8AWTnik1szIQ3vYeyN2V61nkpdnJMNDvcdnvzo1jWom9WrrgfOtdoMHClXvsm49Qj6nrBZUvrFd5VCA==
T8Y8+5/WlaGF9jpDrjd+6amW3mQoumlIeuCsDH0prVa5YHI0vUCSpMiKBUGzscdFw9U+ocY8AWTnik1szIQ3vQhSuD0bm0FOEtlJasrqn7XAbvYDplBPS9znxWwNnny5o3Dsy1ncs0hruTrNspfR9RTef8oR2VQDOFQX0IoRgkZL8v6uBTNn802PHT+IRRRt
T8Y8+5/WlaGF9jpDrjd+6amW3mQoumlIeuCsDH0prVa5YHI0vUCSpMiKBUGzscdFw9U+ocY8AWTnik1szIQ3vQhSuD0bm0FOEtlJasrqn7Wr5/TCBB+yJEhKF126eJtOmIuKUVGjOe09WRzlJhQLli9K+MJbgyqIm7SyZrHjjGKXOmbP0LiWTphGqVeKBY3ULB/dY1yj8b4CBENgkucKgUHysj2+ZZpViHgt6BxE1tUWxd28hL4IgoEut5LRPz3N
T8Y8+5/WlaGF9jpDrjd+6dQoC+ISk+Vkmj7Hcy/EzekM4smOT13cubgu5XPK2XAIiwElUHPjNCOqebkElXmz94PhINKClLxu3elNI5SpBf5cCRFOx/tARPu332zx0itQl6Af9dZBmNSPKtKxfn7rRg==
T8Y8+5/WlaGF9jpDrjd+6dQoC+ISk+Vkmj7Hcy/EzenV3hs/F96Nxt3CFYhoxaMZtVe3FX/vctVvNlkGZjVqHjo3SDXODehwPvjyAoxcBj+7AGFBeJRQC44yybDDEYKf
T8Y8+5/WlaGF9jpDrjd+6dQoC+ISk+Vkmj7Hcy/EzelTFl3OWrB6NB5hiIu417CxqOFFWfwAaAK5fQkc+2sFpibWUFAzqe5i9OAcd294BSF3voYRrlEdKBgUZvF6WTny0T2qZf00f9ekcymmFsPb6A==
T8Y8+5/WlaGF9jpDrjd+6dQoC+ISk+Vkmj7Hcy/EzenODIyvzqMXCu9MO+SDSf4rV2MA2qut5hOVyQBo9PVeQR60FgieDCbK9+DiyZ389I98Vw0O8TSw1Tda0hdRBVH9o3zBEEsyFtMTI3OYoeXeaa1lfYPxpUDdB2qHqhhI8wdzMouTkkWRP9zwpsPYtdhZ
T8Y8+5/WlaGF9jpDrjd+6dQoC+ISk+Vkmj7Hcy/EzekBpDgozSLNuzD2h6zKUsIqIpBeQuYO1qpQHeln9kkcvgvh3BTNCbPLIP4VBhf92m/elfar0VSxvlpdjOHAheOXeSiNtqprWg3atrmB4Hy1f2DZsjKoVjX9gKZxiTxUOpSVZEXNcKUMCJ8SYXAHq51P75RiC4idih+YWdKDhMIunoKZsg/ZG6bGSCE6fyv0JCWTV8bU1mlxH2cWWTGgHi6k
T8Y8+5/WlaGF9jpDrjd+6dQoC+ISk+Vkmj7Hcy/EzemS6psABRmrXdMT+FAMl7zaG2kG+yl3ghNSiST93Jkyypxk/fMr7mwaWs6K7vAaMu5apJk+sQeuDC5UJbye8yqq
T8Y8+5/WlaGF9jpDrjd+6dQoC+ISk+Vkmj7Hcy/Ezel73HnLnTalMThBqhU16WTeM9Q4jbAHhuEon28OIanFI/7kdc0m8ti+Xi4Um18bz0d8Q7pDXoXjrLBdnwvijd6I
T8Y8+5/WlaGF9jpDrjd+6dQoC+ISk+Vkmj7Hcy/EzeljfuB5ZwHJb3qPu8jNYq5HtzIQLYCIrKEyLBQiizmlb2zUCrKn0CuOmSr6Hm8AvkHq7qlmVaxFMpfA4cmKriCh
T8Y8+5/WlaGF9jpDrjd+6eL2+s/aaZPFQ0pzyBA/goNU6nX0UcyfhJGDuLIbiDv5Q/HdcjnGg//5qIw92O7nZAQ2+oDopb4ekHbVbh9++PKu9y3/RARDk5jn1/lUycVb0iTuPOBoN/Tpp9fCZD27tQ==
T8Y8+5/WlaGF9jpDrjd+6eL2+s/aaZPFQ0pzyBA/goOXSAAHkKWfxjcJEhRFMwhtAT6b2EAlKs+YubctQEgsP/HdOEgzZCu1YMEk9vYBpagqpg5tDYxUXXs86QcTf2B5
T8Y8+5/WlaGF9jpDrjd+6eL2+s/aaZPFQ0pzyBA/goPbOc3jnftRssu0MfyQHVfUq/0lRc8bnCjrh2umfzMe/FnFLRPrTAVlY9pY4ylhX/hsHtB/sYmqeUWk9reI7forJu9kkj6QdHxLqzu6wezxaA==
T8Y8+5/WlaGF9jpDrjd+6eL2+s/aaZPFQ0pzyBA/goPbOc3jnftRssu0MfyQHVfUq/0lRc8bnCjrh2umfzMe/OfEkCipN9QcPTgTT1rv13ZFuAI7+ViTyYbb9XkdBRVIz3nvBEQkIQgKeh1ov6ququ7tcG4pqav6G8Bby3kltdNdcUyih44ju5JL9EvhmITF
T8Y8+5/WlaGF9jpDrjd+6eL2+s/aaZPFQ0pzyBA/goMw211uiSeP0bkLD/VGY0UcqE0WEJ/leP096yE4zv1zlgv4JlLMUsd07WGoeBZwr+F5FJ0Cd4b/dIlR057AxsEvDBknbayDFLsXF0Uj+PVoEf4skEibxAIjyPh+7dyZwkriMlhi+XAc54lwYeFZSEYckzMjGlkQpUGHZ5bcmRCaOUqV1dijQ3D6m8YaINIC0uaJD/+LFYkOJ2kzaxTO7rDZ
T8Y8+5/WlaGF9jpDrjd+6eL2+s/aaZPFQ0pzyBA/goNckBcwHl5D8M6Yzbr5gqwo39QiziGyAcpxAPC8q5FKI020ORmGBCoF6QVQqQgunlvnYBmZ/5WZqto0iQ7HwAjZzloB4Z5gQcCvzk+9Rcymaw==
T8Y8+5/WlaGF9jpDrjd+6eL2+s/aaZPFQ0pzyBA/goN18JUDnjhJ3x292PRU6hzEharTQxy3Ji0TL/h9d5Fei8x1klzyvB0KO8pXd21GCoXbCrSg10RVnxlPzJz5VU8B
T8Y8+5/WlaGF9jpDrjd+6eL2+s/aaZPFQ0pzyBA/goNeayucyAEWPrXhyU6eKVV16eG1u0h/c10bii+N0nDFrErfDQyXbhzMB5X+LCLplhN3jQnFNKpZ2+15vXXbMvzD9faS2zA4mccw6eluFUp8Ag==
T8Y8+5/WlaGF9jpDrjd+6eL2+s/aaZPFQ0pzyBA/goNeayucyAEWPrXhyU6eKVV16eG1u0h/c10bii+N0nDFrJrI1f/PlpXYzF0byZkXQF7lVzQgpKsN9bR91kt9NTTle+PlPbCQNg4udDsgyLXQz6fa8txh/rJa+gTd3a6BglFgEuITV8ZKy5XakurGTZIP
T8Y8+5/WlaGF9jpDrjd+6eL2+s/aaZPFQ0pzyBA/goNeayucyAEWPrXhyU6eKVV16eG1u0h/c10bii+N0nDFrJrI1f/PlpXYzF0byZkXQF6BeYOGS4UWXBRCXKFHsojflxW6DykXJh9t4+kS/W/zeikuSZnHt4KkKFHHyTfb29VlD4+BE4LGeUMUCAso4CebPlZsizYgR6jdmOp3wpiO03dIFYa5zEwKZnkPQUlkgiRUYCwxL4Tle3JJdJT7WZn4
T8Y8+5/WlaGF9jpDrjd+6eL2+s/aaZPFQ0pzyBA/goOOAYfDfYm4RNc+C9k+I/TEfAHLzvQkmUCrGFlJdtLDQas2Xcm/+tWxO3dzLxNu24AFUJnJZ0XDnDHbpjBnMAcN
T8Y8+5/WlaGF9jpDrjd+6eL2+s/aaZPFQ0pzyBA/goMAQeEY4/uzPx7N/6QggJj9FPOOJLlKTQ7AgMihdF7XVD9Im128v80PeHiciQVaBFiigcEtvgFi5jBv2Tv1LHyv
T8Y8+5/WlaGF9jpDrjd+6eL2+s/aaZPFQ0pzyBA/goOdWRUp1ZCXVXBghZ0JNEGrhM/gYY0rcda8JU0uF2oKpE/kr5Y51WVqqQLSt8zwsgmqKSnA/G7bSP0nAhPPMrtq
T8Y8+5/WlaGF9jpDrjd+6eL2+s/aaZPFQ0pzyBA/goP7PIqNyJ5Hqr/UbEADvVAbOOSzf+ogQ5xkXHkDCcgFdWqPFdkupUzg4finVvgezSp3yJQCCeLLMuxLF6SnymXV
T8Y8+5/WlaGF9jpDrjd+6eL2+s/aaZPFQ0pzyBA/goPMUcHpTZpFDcGKNKPmAaAzwDFVOFr0cOleoibi64HAi0KMjE7e4eBnmYnq6uehXcUP02v6min7I2zlGsCc49uTdnnT4bZ2Kd64qx2rgiF8jw==
T8Y8+5/WlaGF9jpDrjd+6eL2+s/aaZPFQ0pzyBA/goOig2bv6gTnjCXJBy3D0JwLlbSC5riWn80CNBek9x77tLwksw4YXGX0FQi/K2ZVekYSdtQU79VsaRm7l/baiexE
T8Y8+5/WlaGF9jpDrjd+6eL2+s/aaZPFQ0pzyBA/goMBAMg/ZKQlw77SUJsz2nMnwUOCUzEfgRZumcynRZ/MQucNQU1o5CPKiGKZvwUkvHHirHj79QynI144U0iKndCZRdcFRkjWlSfPUw3YNk1Vrg==
T8Y8+5/WlaGF9jpDrjd+6eL2+s/aaZPFQ0pzyBA/goMBAMg/ZKQlw77SUJsz2nMnwUOCUzEfgRZumcynRZ/MQo5bt3+9icHWZLzLkYUkmIeOhdBIYTIuh54/7Y1GsMX8+1TH9dz1h/DlUltEMf6gTdeg8wXb8lwVSXtGVYKHjqIyJ7ivsA49XEN+e6ZyhNwY
T8Y8+5/WlaGF9jpDrjd+6eL2+s/aaZPFQ0pzyBA/goMBAMg/ZKQlw77SUJsz2nMnwUOCUzEfgRZumcynRZ/MQo5bt3+9icHWZLzLkYUkmIczVG5BDY3vSBEs5ESmXlLutCVlmLwKRYIkJ/bGgiTJ+NF96bj14H8Ox3EL10XoRHWhwGsa4BQ4rmIOxD1XY+T/GgWNyDCep/+IVtVeQOxWazI48qO1tJzTc6niWGqDB5gGsRJkFiM2xNluU1BxHl3u
T8Y8+5/WlaGF9jpDrjd+6RtaqiCm/z7p5ZaEQ2NRSKgPTga5HkEIqsojxRjv/l7BGIkVIuydBRv/SPTzJBbGSTO6tq0TKSo1/pkP5XjsUvpUMOXT1Wpc4iObh76hyu5j9ramxklG3uzKX2ynIr1YOA==
T8Y8+5/WlaGF9jpDrjd+6RtaqiCm/z7p5ZaEQ2NRSKgi6tjZ7rC6E6574hokOjIfXjbcWMH3RO6C5dCehl81ra+DJQN7x22aPgBBNyJpIGMgwCa3UDXpq7+gJoaC4Gmv
T8Y8+5/WlaGF9jpDrjd+6RtaqiCm/z7p5ZaEQ2NRSKi6H8pUqq6WVD1ficbP7JvWJzsUFFDk0l797BtNAc/VFC3+IhFWITbhgIc+yefqFsPbsSpYV0dMRutXFtAPLDGiaWSj2FtuiwIy6w6BvfUjtg==
T8Y8+5/WlaGF9jpDrjd+6RtaqiCm/z7p5ZaEQ2NRSKghb/YB0+tFLOQgNswiJF+sJ6x3BxD6vj/rml42bndrM0hMl2qYBj7IpCyIqbAbj4Zm54cRNh/gOQ/5lYvnBdlE6gYi0CyYYy9JIzUO++yQ9Um7ecslXCjkQENymaOgRm3TaMI7iWzvVa1DG/ypnwkb
T8Y8+5/WlaGF9jpDrjd+6RtaqiCm/z7p5ZaEQ2NRSKghb/YB0+tFLOQgNswiJF+sJ6x3BxD6vj/rml42bndrM0hMl2qYBj7IpCyIqbAbj4bDvZvRTyKSCMla13gY0qHR5sE+Tamls7tqbBiSnK/DMpe3Rd/sBquWrbFPbbJQd8f4IUyjslykv6OQNeEnXzZrs2jwFb1mtUvVW0HoZv3NhOWOFWyGu18RWTRLUJr2FjUh5CDvnBPV/SAWLPNcD9jv
T8Y8+5/WlaGF9jpDrjd+6RtaqiCm/z7p5ZaEQ2NRSKh3GRRBqqzx58sERKsdvVrFhtVtUBoONDGHe7sZeuOVp04WNR/OZZ5XdwgH+QgarTRx6Ln+8z6GHGl+Zw62Y97G
T8Y8+5/WlaGF9jpDrjd+6RtaqiCm/z7p5ZaEQ2NRSKiKoPaOB7fpXhQ7laIjzXQO56iH5ZT/yGh70/fKyQEhMDfhEHsaSjmLCxpwVVKW/1iMTCERpONxlbjM4AuEhJ7+
T8Y8+5/WlaGF9jpDrjd+6RtaqiCm/z7p5ZaEQ2NRSKiHClKBo6nSNjIFJhGkvHXhFGPwY05jwwZj9oXLmq2nl9NVVTlnOC6rtnYW/ubn2lL7+iJfv606Kgj7MZkyLAe5
T8Y8+5/WlaGF9jpDrjd+6RtaqiCm/z7p5ZaEQ2NRSKjIKLV6kWIPj0Z4cbjBgDfCLJuXNwwdF/ZeVMZONdvSITrkXzsrYcGLuPI2mlQw04L2WWavc2bGod0r9E8r7KDZ5msxWLzCn2WG3vwcyGjqGw==
T8Y8+5/WlaGF9jpDrjd+6RtaqiCm/z7p5ZaEQ2NRSKiFFUdvbZ5Ohokmp6POV9QFD1hn6SPvr1VOIc0I1jKAulv9zOFCVJG4qhDJMsln5NCKfI6A+pS5DYIYh/8NibCh
T8Y8+5/WlaGF9jpDrjd+6RtaqiCm/z7p5ZaEQ2NRSKhZxAC8A2t3hetvhnlvZfJVw+Yffd+Gbd28RoSYMob5xmICwJYwE4kaTRDwRGlR/BGhmKnyPyMnghKaRV+jtB5zd75DavZE1IImHXCiYQA8Mw==
T8Y8+5/WlaGF9jpDrjd+6RtaqiCm/z7p5ZaEQ2NRSKhZxAC8A2t3hetvhnlvZfJVw+Yffd+Gbd28RoSYMob5xph076Er1wTZrQSaX98RGSFC1TLCRtKWfrkaexzpRk6wdA0l0Zmv85tbgYES9t2BvU70t7ydiSgIBJcMKQ2fwsKSuE91hqFwAK2qkUetEXBy
T8Y8+5/WlaGF9jpDrjd+6RtaqiCm/z7p5ZaEQ2NRSKhZxAC8A2t3hetvhnlvZfJVw+Yffd+Gbd28RoSYMob5xph076Er1wTZrQSaX98RGSFLxR7HLcuiy8payxw5BqdcWXl2rQXE3AAJYqyUbp7VdtWNNYcXgpxGBNVMJPvz/pA9w6JvYE1scrcK6KPmuoNcz+xXJbheQmyL7yI0dROsdb9yTdJBJutRiuORew5zoCJeT9bFxVfa0Z6QRnJyzHGm
T8Y8+5/WlaGF9jpDrjd+6RtaqiCm/z7p5ZaEQ2NRSKjqOktmsKQ3H/z1RJy+84m6I4xXaOgxIzrnWb9op4cDgSAtVoQ67rWtY5DHBiEF2JmtnMfwBvDpCAyySfc70nTkM+lJY/+0ynPWQVN2qv7dDQ==
T8Y8+5/WlaGF9jpDrjd+6RtaqiCm/z7p5ZaEQ2NRSKhbUnoj4zsXSxfsr8s2IFPrqcB9Xn21IqtsCFYPtvDtBoF/opE2yaIWcymZAc1fLt2vsthJNjJ7BEHim04WZZqa
T8Y8+5/WlaGF9jpDrjd+6RtaqiCm/z7p5ZaEQ2NRSKhjhB5GLHoCEShOUx2vcT6YJH1c3qiLcVaOPP+Rxw2t8QoeVuhV5cD+x1VtkAmrxUwmr3gQHVLFrvS/LN2FaKXbnLAWYdSKxougyAiRG1RWbA==
T8Y8+5/WlaGF9jpDrjd+6RtaqiCm/z7p5ZaEQ2NRSKhjhB5GLHoCEShOUx2vcT6YJH1c3qiLcVaOPP+Rxw2t8WzEauQ6J9uUNfhOQyZ1eTq3mZ4hWI8G/Ib6UKKHg8Z5KBKjDjrUtFPvbZi/SbZ6kGWbcYBkk8Om09for7zqNXFCpYltfDi7ZmtivqQXGXgh
T8Y8+5/WlaGF9jpDrjd+6RtaqiCm/z7p5ZaEQ2NRSKgx0kxuPc6so98yMxr/GJXYfy0as39Pj5YC2pEi6rii8ZQ7bCiZnrSovg5olTPobn4NMDhcv2qMNEpgdNLcfG1Kx1xEP+DkwukVGkxxhwhiwtkcpseOtAa3Od+BI0TQsZoZRAo7CodGk740HHwbVyA5fZQvvQw5DE09TbJadyhmuLIjwueuqA5Ydp42DEpBDxwRkXYW/1y1x1g4IyphxdaN
T8Y8+5/WlaGF9jpDrjd+6RtaqiCm/z7p5ZaEQ2NRSKgnuCt2Ss9FAhiRvprqqt854w5dEDxjV0Frqr3/gQBIgDMYRgAWKKgXkoHYgB/sbosT+q9VDnWbMZOHiva9NwHE
T8Y8+5/WlaGF9jpDrjd+6RtaqiCm/z7p5ZaEQ2NRSKiLa5x9QrKqJdFuJBHeve1dIFXXdTpJhvHxbnfa9QEGlppxXS3n7s/NeNschXtiYyC6FZdUD1IhYlHJDypVWr21
T8Y8+5/WlaGF9jpDrjd+6RtaqiCm/z7p5ZaEQ2NRSKhAi+JSY/oqvRx3x8jrqIgpAOkEQYTabVnzHIklrKkAm4QK3zhoufktoms6zH0hVEppit+s2iRO3Qu8SDttuy+4
