GmcONIA9PFzHw1gpPLLPoqev3ytAH5KO3S/CJpMsylg=
35kyjVfwBJgytCi6KM5Vug==
FNt9orFfFSbPIXNSbXcP2Q==
gE2g7VQeqq0h5MkG44fPUw==
A4ZCFW7RnVRfEnbtNxUDb8VFIQmzxcIFLuiIjRY2q84=
cwgQW1UgxyVfBeSrdwXHsPE1eoSAri+NViVSjTYe4hg=
pYn3RyiaY4vz2unSybTHuw==
mAzeFbkWBGyzJRgEWJSZYQNn44wFaguEUnqkvHVinQw=
NiGef/LGs6v8Em6sqLz1GYGKB0111uCW/TAqgkiW0+w=
2lfNnhNY+w/3xMaMUxJbE0YFT/wvMlSDz8Vrd5FEs18=
T8Y8+5/WlaGF9jpDrjd+6aCjUw60ZqvkJSybghEECMlgo0/yOpbBzd8AJD1G1J2ajAHCxmsh+wvgoTJUeeVEslUeKiiBPBh/slSSkZuTCS1l2LZcLJ+yfeZvTJYIVyaH
T8Y8+5/WlaGF9jpDrjd+6aCjUw60ZqvkJSybghEECMmpPba6RvvFsyiK54eCeDlFLHhPpXHKFqZVozWmlAsXisvK0xnmdl79lUJUldJONuKHfXYhCSxULV52gKqv4Ad7wHXvFRRiEsI9Xr3wU87zYrSHmjhV9TijEUQl3BWFOzg=
T8Y8+5/WlaGF9jpDrjd+6aCjUw60ZqvkJSybghEECMkKSVmVBtN1WK66Noe13ehqv+VJfWoYG/2gu7QiNLBF4m5x1hBX7mxdyCfXbyQJuyQbY+YVb3KdIht7mmP4ifw/M+8q3w+8StdioGqtbFZTdXoBE8RG1X+WWqhfAxx/b8BVRRR3Imdv8ekuZ0+FTT0C
T8Y8+5/WlaGF9jpDrjd+6aCjUw60ZqvkJSybghEECMkxe+ARVyguUMupsIDxgFygwDrsppuw0TcmMv9hQyXNfKIt3eU+1aKTeWZdUCsk5/wsk5ojMiQRHKKjAA63t5B9FHazceZfW/EQqkFB7mokWgkF+Go8IGqG/sCmvkOZirtCqJR3BMBl41BxgrQfEbEYJAHyFG+PsfzpVPc7kipHmlR7wFkfqoloU+a7uP8sgihQuyQczCWZwNyGFqpQPgua
T8Y8+5/WlaGF9jpDrjd+6Xc9YA+y05twGVszEqwIl6REtrC/+edT4F0miujEYFvwjeJTYG0KuCvQgeKh873bh8YkH9kBFnwQyuf6ZFE4feR0YHhUyH0Gcz2m3fIjPoF/7dfSUWMnqZ+c3v+8GcowIg==
T8Y8+5/WlaGF9jpDrjd+6Xc9YA+y05twGVszEqwIl6QMgXNIo4QefiI1llT1tY26QomakQAWmynopfWha8x73+uFgvBjMATxZKcbE47uXasWrTb6jaNv0n7njxyHZSeV
T8Y8+5/WlaGF9jpDrjd+6Xc9YA+y05twGVszEqwIl6RdVA+9b6HkTQwpQKqbCDgB+oxf4ar3St688QydzHO8c/TD7LoZ30vXDdx1Kl46QmfaLnEOKFDxgmQCZGGkFaDIHFJUDgNibS0Si1Pec08Rg7ySzEMXYLO/6lSyus3W+ho=
T8Y8+5/WlaGF9jpDrjd+6Xc9YA+y05twGVszEqwIl6RdVA+9b6HkTQwpQKqbCDgB+oxf4ar3St688QydzHO8cyvCILMT0QRBrrtqCBeqn0HzuukuSXGqwDFrUsNmOZVDv4Er5pCfq0gWyKfVNXTZUYcGfn9FyNqofj1MvEn5zDG6BEMijbo45Qz3ri1hEBjN
T8Y8+5/WlaGF9jpDrjd+6Xc9YA+y05twGVszEqwIl6RdVA+9b6HkTQwpQKqbCDgB+oxf4ar3St688QydzHO8cyvCILMT0QRBrrtqCBeqn0HMX7AUPHBprs0Pn63WPoBVJTb8WK5OM1AXG0wdtBAh+TGMaDu4mCVSsorEwea01KnYdV25FknW+Zn9nYjRWeHBlSRT4FLOLbGUdH71ZqyHuvgxpTp64w9sjguFuyyoIkn4V/n5JqCRwNlbGwLihnZD
T8Y8+5/WlaGF9jpDrjd+6Xc9YA+y05twGVszEqwIl6T1RBS+UPCTag8DnEGyhcNbL6qI6y300AwCkIPOpkkEgcA+yV/vihRWdKykTC8X/LAXiE2ihi4BNonRXiswgbBP
T8Y8+5/WlaGF9jpDrjd+6Xc9YA+y05twGVszEqwIl6QfV7kLXUa3o2pqQY0DlLGgE0Y5A4FQN+9SBp9neiwIZydsn5vZqxFBTojz5x3UGaJbGwfQkoo9mXlR4AeGccKB
T8Y8+5/WlaGF9jpDrjd+6Xc9YA+y05twGVszEqwIl6S7uFN/SAU8ZwL1M+/mcumNnG4qPGS+7g2URDn50nkRYq5mQHMmJHrwJOGFEbHq+dXLqFz2d+10rFNha/BnzXP8
T8Y8+5/WlaGF9jpDrjd+6Xc9YA+y05twGVszEqwIl6S0c5ORQMI4x8+yHstM2gVION5riH5podp3xUCn8irhHXJ9+DHWQrHBMOJ3kuvw8R6XJK+MdJbeBs6JM7SdIsLy
T8Y8+5/WlaGF9jpDrjd+6Xc9YA+y05twGVszEqwIl6Rb6Un78ILY7UvDG+nWSFeL2BgiyICDvFPX64NdfJXi3IhqDlLXLYN8cIN+oTDUVqPkI4wmeAwNjAgx7v3v51NhecL8m+ayjVSbPGnpyQX9cg==
T8Y8+5/WlaGF9jpDrjd+6Xc9YA+y05twGVszEqwIl6SvFepUonBkyZ8FkF84qEgcnpCtakRJXwRJxVx/352IilXAEGEEV7NBAG66OHHtDkzjW5w6AVAYc3CaATNINoN0
T8Y8+5/WlaGF9jpDrjd+6Xc9YA+y05twGVszEqwIl6T755LDmp2Qf3usAn2O50ez++CpvLqtG/9P7x9l1rEL9YNR55wkkUgAWPWn/8rQfY77pBt3lDiBvlFoiwHSjnjYKqipabUsYviLTj5dNiErEA==
T8Y8+5/WlaGF9jpDrjd+6Xc9YA+y05twGVszEqwIl6T755LDmp2Qf3usAn2O50ez++CpvLqtG/9P7x9l1rEL9XI7sMMlCDBD4fTsfLCCBZfLNQ+3H6grimHjuLGsUspoUwunIYC6xSw8TTVuWmdUEmKfv9hm0wXMyTNlnYe3HH/fM19husjvOn/2adM8YFbQ
T8Y8+5/WlaGF9jpDrjd+6Xc9YA+y05twGVszEqwIl6RIC0TQ6rfTj8k9WYLZfWY7fGT28RR4MeTdc9llg7oIiyeVnZUQilbQA4mTmlKBfhi4e7iREADlm/nvmsJIa5QAkco3HGJYNSQ0qs3a1B5nJl34FH8yAKEgOgsUTiG4xgUAMocb4i2sJUuMutjZCXbOeaKnb7Fuz93T9Tv5UOGXfNtZQ4xmvXcpWvrQSBl4t+gWIgo7/X5+oyvkPm8lSpmT
T8Y8+5/WlaGF9jpDrjd+6Xc9YA+y05twGVszEqwIl6RYwFCmSu/U5Bf4rotgd6zfZouPrhEH+RhZkHVgPn2/0/UEe4Uf2GHv9NaUW2ZFWk6IJ36abDu8AnExOLegZhapp3y4sdIj2SLHAAFoM5OODw==
T8Y8+5/WlaGF9jpDrjd+6Xc9YA+y05twGVszEqwIl6SFrlhgY+3eLMR1706rSoLliRDbXkVG/wVDbXz/w46Djo/+hlA2f1M3dW4fdRd25hIgCXyskfk8nHI1JHAt6iWK
T8Y8+5/WlaGF9jpDrjd+6Xc9YA+y05twGVszEqwIl6QPCZcY7nsGbEObhd3Qs90HdtI9SZgl8rj9T326SxqipCwcGCooXWU9uVpkKO8HabUidCZxDRaZunimrJgu7pyrPPUp1SQJihhvp4DE+b4PnA==
T8Y8+5/WlaGF9jpDrjd+6Xc9YA+y05twGVszEqwIl6S2q7P92yB5kRdDAg1ZI269bJ1xUF9xWobx1eZWPOXmZAfzg44AJIBD7NwNuHmIYLAPMGCPeByTO1X8MsnNBcFP8mDTIJiPiFrz76O0+wTSfiZ9G0edHeh+UU3lzdusRXlUsUlD01fyMHQiWeHbvYJM
T8Y8+5/WlaGF9jpDrjd+6Xc9YA+y05twGVszEqwIl6S2q7P92yB5kRdDAg1ZI269bJ1xUF9xWobx1eZWPOXmZAfzg44AJIBD7NwNuHmIYLAoQdhMqPduW0MCWAtuexzEsMcLlXhZNiG6g76a09dm6COyYPW7riOfNpIfpDLNCRfaL0T+Dck91vtNsJYCPl1VZowsN4El/WnfS00g5La/E5QPImN75xptCONOHMis2t9fgzR+t9pB4cnO7ittH0SZ
T8Y8+5/WlaGF9jpDrjd+6Xc9YA+y05twGVszEqwIl6TFaZn3JJ3NlQZMK1wu8kNTsR896JRtXnVYdhnXvBrSF7+T9SNEbqNFaXbJHF6H1Bzy+fLFiI/NJ/s03Z4d7z8R
T8Y8+5/WlaGF9jpDrjd+6Xc9YA+y05twGVszEqwIl6SuXzwKrKJqY2tloYI4t/YAI99SfKcXAjUDOg9lut/6J0B2tDNyssGll0lf0SB7TyX2qhW49SDcXvRd0Laqdy4K
T8Y8+5/WlaGF9jpDrjd+6Xc9YA+y05twGVszEqwIl6TLlT9VMnTLmHDaceuXtrYd61/GixMxBhVQB+9O2Chvk0KQSbXpqVEuor/Wr4DfPydWAHT/YhSnUkER5og39lul
T8Y8+5/WlaGF9jpDrjd+6Xc9YA+y05twGVszEqwIl6SSO7bt3FP+aEipsI47UIDQPnzVLySGH3XvZGJAUsirbeEQ52RCGE85vKXXBFLiYrkFyOOf3VepsNmCCpqevnzq
T8Y8+5/WlaGF9jpDrjd+6Xc9YA+y05twGVszEqwIl6RvnD+zJ8ZM66c8f5Bz0GavmCq1Clek2Tu9HELo7m4C8TjscSiwHFamyBxMY6ABg3kceDh4VmBx35QMsBTFVIAJ
T8Y8+5/WlaGF9jpDrjd+6Xc9YA+y05twGVszEqwIl6QGtp+yILpQWj5obkg/59PuE/opcTZGXeGBsVeWrRG0FENs3Wg8lZJA9Gecd5+H2tJqnpDqImKeLJTB6KknBrn0
T8Y8+5/WlaGF9jpDrjd+6Xc9YA+y05twGVszEqwIl6RotXDfGgMq06/MOiDqKA4siu/oLNwW+DMAl2OTtoOVjOZjfRlAqRH9EahmVAAIBhpfw3D1bmE6702t3WmOjZ5mI0wsx6Mqs1CyBwxu6DVJQg==
T8Y8+5/WlaGF9jpDrjd+6Xc9YA+y05twGVszEqwIl6SJ1DoWhqKKyNrd6z/tdmEeJbkUKo80wSgn4y8U/jQep7FyoiWUaz3Y9Cr/t5i3rX9BMEZAQKgqcPYQbI6Sh9I1
T8Y8+5/WlaGF9jpDrjd+6Xc9YA+y05twGVszEqwIl6SH4ORcrZ2xPS9603YcYUvqaqrsxEXgK69CGsCDU6rIJFSHTdWjfmGV5eVONg8F66RHjYdq8JCzjxCrzpdJHAvkF7JJi2IsyzfFI9mfiwbj3w==
T8Y8+5/WlaGF9jpDrjd+6Xc9YA+y05twGVszEqwIl6T0uMbwnVh0yfAS+yRDklhkWwVrh9uy+C2tZgdrVZ0h0uRuODOEzZY7Jd62QU33j+AN3Ug6yYS/o64V4kK2YxaKAyNuJjotKGvVADwICkaYhBDWlnwBPnjWenzBpE3x0dl4ymqlvFh9rxZCeGUUz55F
T8Y8+5/WlaGF9jpDrjd+6Xc9YA+y05twGVszEqwIl6T0uMbwnVh0yfAS+yRDklhkWwVrh9uy+C2tZgdrVZ0h0uRuODOEzZY7Jd62QU33j+BSf2odS51CgWBhqaX8/khm+SKC/4/uENBEKhx2G0tXv4de+wu5afvrnvBK2lKHiz8H6u+iBQzdkqKlTiSFN2CNjFwxHVxIIhCZDRBdxDesrWsK5BVlCHkEv72iuINx3q4g6sCBuSTOfRc5mioPNBix
