GmcONIA9PFzHw1gpPLLPoqev3ytAH5KO3S/CJpMsylg=
35kyjVfwBJgytCi6KM5Vug==
FNt9orFfFSbPIXNSbXcP2Q==
gE2g7VQeqq0h5MkG44fPUw==
A4ZCFW7RnVRfEnbtNxUDb8VFIQmzxcIFLuiIjRY2q84=
cwgQW1UgxyVfBeSrdwXHsPE1eoSAri+NViVSjTYe4hg=
pYn3RyiaY4vz2unSybTHuw==
mAzeFbkWBGyzJRgEWJSZYQNn44wFaguEUnqkvHVinQw=
NiGef/LGs6v8Em6sqLz1GYGKB0111uCW/TAqgkiW0+w=
2lfNnhNY+w/3xMaMUxJbE0YFT/wvMlSDz8Vrd5FEs18=
T8Y8+5/WlaGF9jpDrjd+6fGgj1Y6tnhUm70LrAmVHC+Z432/3wFWdDc+jh6r4GysQxXHCqKO32WdMDhkSM85GMl+XEoOg7RzjNHcZIQjp6z6z324E2klPOi7KGRvR2dU
T8Y8+5/WlaGF9jpDrjd+6fGgj1Y6tnhUm70LrAmVHC9lpVRdRQAc/QFvciirqZCQm9UCOjyOgIKlDoyMuUi//tNw8vt5X+jrY9b6RgcYrD5gJ+HsEBVSbJHP4KCEMRe3uRn3SBqwkp7inQV12/CngS7dX24btrW8P9BMSXcUO9k=
T8Y8+5/WlaGF9jpDrjd+6fGgj1Y6tnhUm70LrAmVHC83MHdpZn15ptTEmOUFFEcFkTaUB40K2oa1np56k/G1Gah5+9W9YoH5BJv2LOpoMihWPrYZUdwkUkhstI6pZDwSy8TKfaOLJFi95QmDfNxpBh1NJXvOHrHZvLZMxZNSbiGEwZkQKME221O/uEii7hiQ
T8Y8+5/WlaGF9jpDrjd+6fGgj1Y6tnhUm70LrAmVHC83MHdpZn15ptTEmOUFFEcFkTaUB40K2oa1np56k/G1Gah5+9W9YoH5BJv2LOpoMij7TXqGrfMHe3ItsGgC0qohIlYf/W3OWnZJKXojmkSW2c8AbaaN7lJ7SOhxBV7RXhLyeA4PPFFZUR5rWMaa3Gu+oA88bsyVroFJ2uX6CZScO7SMyJ00uUvij29u+EGNuYYN08kC9+AIYBjIQTmO9yA/
T8Y8+5/WlaGF9jpDrjd+6a0o348aCAJxCEG7LszIjtIHgop3w7lTCwFpZBijpxTRAfQEMBjumbCcuZiHzSKlKzxPg0OMQyTQ2T7aRPiBFzMi3Vkxi2aDwB6zhkx4tgMuLFEfSx6dz88nogUDPPTHog==
T8Y8+5/WlaGF9jpDrjd+6a0o348aCAJxCEG7LszIjtIbdf6iZG2p1AL2oO6bwpe6iXKdMPPMVDSsZ0RSeE0d5xlsmGR24KEw6aRUkR9SEr2sWLqCL2qzbDs+WwWl/4nC
T8Y8+5/WlaGF9jpDrjd+6a0o348aCAJxCEG7LszIjtIBJpW1aa6V9JoACs57U5ETD/kHJ5OrFSjoufl25k9YrTPA5KvaleA/RmLLpppaFDjINa87nvFhH2zv3JPj8bP4wplhd/giQTdnKeOtssxdWOyN5/nhoUqacfR6R7eBCCA=
T8Y8+5/WlaGF9jpDrjd+6a0o348aCAJxCEG7LszIjtIBJpW1aa6V9JoACs57U5ETD/kHJ5OrFSjoufl25k9YrWiJxT8Vc3HA6e88l6WguKP1b4SiZ0Q0NeRCQjrhVr35ICq6xCWPO6US4KTf8A2DEpm51x/xI08tNbwpX5z4OKhEL097bSAlh3jmX7B691iZ
T8Y8+5/WlaGF9jpDrjd+6a0o348aCAJxCEG7LszIjtIBJpW1aa6V9JoACs57U5ETD/kHJ5OrFSjoufl25k9YrWiJxT8Vc3HA6e88l6WguKO+0VWXzV9RlaUgg5P2Kk75MpIOwpty4kh/xMV1sgKccReZAqtEio12hhDfYLWvA+X4WIQXgWpU68kXxybdI7yz1VsAISwEOZA6nG0f5uI3gsdtnFpy4xRRGRWuPm0pAfFNRu0UFyC7YhLyREOvJZmQ
T8Y8+5/WlaGF9jpDrjd+6a0o348aCAJxCEG7LszIjtIZV90j8XZeoMwyIMA21yauzP6rbnUV7XSf/uL3NobKWU+tavsBaJVaG8C7ffof9aGGUwSuzvT+pQwtN7S256I1
T8Y8+5/WlaGF9jpDrjd+6a0o348aCAJxCEG7LszIjtLBGRaE6CpvrrUQ5tWpxoeFxaoCGsDQ0wQlVDRXELQeqvt0KvHxkka1JChaASxi96VLzUbUOGAD3VHSo1DDyk2w
T8Y8+5/WlaGF9jpDrjd+6a0o348aCAJxCEG7LszIjtITzonjk5T6WpjRZe86/eAdhwZLck6pFRxvRjvlDEyhNnorouaAEa2MbFdAzfmbLT+WlAYSM5JPn6f0ZKab5IGZ
T8Y8+5/WlaGF9jpDrjd+6a0o348aCAJxCEG7LszIjtKaxe0i0tFz5tNf0Ba1o+D7wPPLgEo4FggZ8sXqDF9oDGYtttHQ4O8F4/nMgmf7kVbl6PmgGtDvRN7epzIaaMdyVUjEcKm8UqFsJ9INKh+RrKjfIiOG+YG88I0ADjYAhpk=
T8Y8+5/WlaGF9jpDrjd+6fa4/d/I2BNKVeVuzTC5G69XfyUP5E6/2BBwj5zpgHUOdZ85L6H0+mg+3t91Lrj5kKjAHo3HRLdMV9goExMevkhRpZRr6SHCirhSthxFUPEm
T8Y8+5/WlaGF9jpDrjd+6fa4/d/I2BNKVeVuzTC5G697qqgtfpm/7qMZa1Vhv6+fqpvlJQYvAqEbNeHuQSPUbmr5j3+BMSqQrEiM3XG1i0Adwri2DvJzZzIlaBmwIuFBRNJZMl0u4xyFN/R3hndIObwCBp5uAqJEg8WEUeqk5HM=
T8Y8+5/WlaGF9jpDrjd+6fa4/d/I2BNKVeVuzTC5G68Nof8SdJdPaxrv0yym6DJvJgZJDExurf6QQRG1Mej+/NrZzQw6VFX3Fto2NecZ0nVkWQgfgMrnqHhchlPAN++r03363BXgTVzd6zpmAEFzrpYBWdHrJdq3OUx6drzwRNlDxaH+joSHE830xGhqlmd7
T8Y8+5/WlaGF9jpDrjd+6fa4/d/I2BNKVeVuzTC5G6/RqT7FK2DW95u9huHDWUCcykAi00bxZGL1MbBPeaucTXwqAmiWbhMQ7qBY7M8BFJMxMBJJweDbG1QP9dGH9YtR8yDsTFQKGhLxCF39C4NxC9vHP208LWN55y0xZURgAmlrg8tCNwrzL3k7jaE4XxbQqVJGzqO69KPIqxum6tweeUz5j09+poh6UzLPUWHo7Ffw/kV6XO/8v5qRM/QDwWgX
