GmcONIA9PFzHw1gpPLLPoqev3ytAH5KO3S/CJpMsylg=
35kyjVfwBJgytCi6KM5Vug==
FNt9orFfFSbPIXNSbXcP2Q==
gE2g7VQeqq0h5MkG44fPUw==
A4ZCFW7RnVRfEnbtNxUDb8VFIQmzxcIFLuiIjRY2q84=
cwgQW1UgxyVfBeSrdwXHsPE1eoSAri+NViVSjTYe4hg=
pYn3RyiaY4vz2unSybTHuw==
mAzeFbkWBGyzJRgEWJSZYQNn44wFaguEUnqkvHVinQw=
NiGef/LGs6v8Em6sqLz1GYGKB0111uCW/TAqgkiW0+w=
2lfNnhNY+w/3xMaMUxJbE0YFT/wvMlSDz8Vrd5FEs18=
T8Y8+5/WlaGF9jpDrjd+6akFpeR4YPVyw9eMiYdo2qXpB1s5v358LmnMS/xcvvX8FolZvvz0JO0HnJkqIHGnl1iniDDKhmZ3EadoQ51Y6ho1TwxcYAJXJBsAnqVjL6ri
T8Y8+5/WlaGF9jpDrjd+6akFpeR4YPVyw9eMiYdo2qXpTCLgIWtJDc8hVolo4W2B9xCWGsP1cFcqBiJxGDY0aO81FmvT9kIxq4IiFsNAj6Tj8Glnlxs6+9DjiY22LHjfjGMP8+czFXuLGUh7mv+UTCmpnO8ooNn9tk4HBl09bUI=
T8Y8+5/WlaGF9jpDrjd+6akFpeR4YPVyw9eMiYdo2qWvKb6ypmvBN9yPfMZqzKr6zOM8NR7c80Mx5zBoLiPdCRhvsKWoqEGK/A1suqPjio1lAQFcR1RP8gKrCB6t6aC/p2rsBmDgkFJfChl1VXNoXs7Fklp1dQGlDW0bbCq6m6J0XCnuTXPngG5bArOs6KaH
T8Y8+5/WlaGF9jpDrjd+6akFpeR4YPVyw9eMiYdo2qUMcDohbJTV+xpAMSdz4WmWo9GCkeguZIZeou+lX1vYsqJ60gBjnhi06yzRooy8VZZ2Y2UCrgjlq73pe3I/OK81ruV3u9dpsDUX99L6cleJLo1PjgQgxodUeGGgxKcTEi24mShPVCw6YBbb9byTKK0WKPKK4O0OGYoe+RkciBaxEE7zszz7KlNT3jhxG2I1Xq9AzM2bDV+UJiyaO9iIFve9
T8Y8+5/WlaGF9jpDrjd+6akFpeR4YPVyw9eMiYdo2qWuQBvwOHZY7nr5QUsFUNf4WnPORr+xoFpKkk1uBdny0QthUNjyHC3DFRs/4I2SwCGy+ebOU6I+ximzAbE8J3byy75sFp5s4wJWJujjfq9GXQ==
T8Y8+5/WlaGF9jpDrjd+6akFpeR4YPVyw9eMiYdo2qUyfOXSZBJY/GxGkoi8Sl/N/J7RraqBAibNF2ofbY19/mf731EN2uO3W11I9OVOCjQHDQ9RWWP95i+RojoeUCxh
T8Y8+5/WlaGF9jpDrjd+6akFpeR4YPVyw9eMiYdo2qWbe3Vi23z5del79XxZfdIB4TrN5vFxmsj+Vom3kibsAzRrzGNfdu9PyQ6XVpPCnHk7VukB4YGt52rSPE1nm2p1LxZZZhymaSbtGbqiSJR/i2qy8BZRAgtvBINR966Blho=
T8Y8+5/WlaGF9jpDrjd+6akFpeR4YPVyw9eMiYdo2qWbe3Vi23z5del79XxZfdIB4TrN5vFxmsj+Vom3kibsA4Ph66uGAd4JcgZHm0+OBJ1LLROgUQlDfuyHPrxAJxxggblQM4DUeKAXHF5j41pY6OdNNdswMEIQsHLSdvXcmZrW1tnhFsg8UNDTXWB/JKFz
T8Y8+5/WlaGF9jpDrjd+6akFpeR4YPVyw9eMiYdo2qWbe3Vi23z5del79XxZfdIB4TrN5vFxmsj+Vom3kibsA4Ph66uGAd4JcgZHm0+OBJ3YS0drjhZKAVJZfCj0z0KuUEE/aCnmS9jWVMZYNOWzxEn1rGFitJjWX51DS3DSecz0cAMEuItNC40wKIvqngWW+w1pAASa3RYPYVSvhEXU8V5fgFjrFbMW047MQukG+v9qKxW0RmJqOM/ACL+EOICv
T8Y8+5/WlaGF9jpDrjd+6akFpeR4YPVyw9eMiYdo2qVZr0B8yi0XD0ngfeMCJxnhYSRH+F9F59xbf/NE3DNWj9MbqnVCrT2AVZzKlPjkarak/hHvGFPmksbgRkXuF4zV
T8Y8+5/WlaGF9jpDrjd+6akFpeR4YPVyw9eMiYdo2qUaGg81V2vH3BVrQ4UpAhebuxkemvweyLeq1gSaMBWkSYUxmzuhR35Qa38zU/uLaLAiw2tFf317+a1kWuDr17wQ
T8Y8+5/WlaGF9jpDrjd+6akFpeR4YPVyw9eMiYdo2qW4CII3uqBf43RZvGJZl5HhSt8LzTCh/S1NEGcmR59Ui/hw9ITdqAKgkE586wfPXha+UHnhhSza5W15IUBdXxTd
T8Y8+5/WlaGF9jpDrjd+6akFpeR4YPVyw9eMiYdo2qW4hFIy33qFYirH0NOsjdH+M3G1f0vIrnOzWdXDoe4lP9N0a3XKPn0bpT8RdqzjmEIwZri4c3cA8eF+t8AR6CxM8GvDrZKrc/v9yrhXUYN4eR5Pn5fd+bO9PzHnKpSvbi0=
