GmcONIA9PFzHw1gpPLLPoqev3ytAH5KO3S/CJpMsylg=
35kyjVfwBJgytCi6KM5Vug==
FNt9orFfFSbPIXNSbXcP2Q==
gE2g7VQeqq0h5MkG44fPUw==
A4ZCFW7RnVRfEnbtNxUDb8VFIQmzxcIFLuiIjRY2q84=
cwgQW1UgxyVfBeSrdwXHsPE1eoSAri+NViVSjTYe4hg=
pYn3RyiaY4vz2unSybTHuw==
mAzeFbkWBGyzJRgEWJSZYQNn44wFaguEUnqkvHVinQw=
NiGef/LGs6v8Em6sqLz1GYGKB0111uCW/TAqgkiW0+w=
2lfNnhNY+w/3xMaMUxJbE0YFT/wvMlSDz8Vrd5FEs18=
T8Y8+5/WlaGF9jpDrjd+6em9xBsU/ZQSccFmyKhVeiVg8aWC4VO69zSG7qUYO2gbbns6eawwT9enlMltu0fYhYVbtVOxPt8STkCfck/53dJrFzzEg5NGuWYE79BQe/Fv
T8Y8+5/WlaGF9jpDrjd+6em9xBsU/ZQSccFmyKhVeiUWGgsIJLr55tMzMTXismeoP7zJZG5M+Y1LrIdluAyZ6eTadoBv2UQV6EW8RWymwSkNQbHnV0Ko27wOwL6Tv10Y/PylBZk3gIn9ggL00C8NpLwMwDMXqrdmfUClGKsc6qY=
T8Y8+5/WlaGF9jpDrjd+6em9xBsU/ZQSccFmyKhVeiUWGgsIJLr55tMzMTXismeoP7zJZG5M+Y1LrIdluAyZ6a0gsltI2z6Tp91tf5/BrUMhMq7MwPCuvgcD+9+HOEGfdIev9xUgE5FGQ4ISW1Yg6yg5//wftpves+q0VYNvaSHOugdrFaePZucnbEepbVmN
T8Y8+5/WlaGF9jpDrjd+6em9xBsU/ZQSccFmyKhVeiUWGgsIJLr55tMzMTXismeoP7zJZG5M+Y1LrIdluAyZ6a0gsltI2z6Tp91tf5/BrUOVJnjncV+y0nzOonAAK2pPd5iY9m3YshKVG/YjdkJuZTZacK0YK0/+kQLZpa8/zFzleMtGTuh5v6WHw8WBZrSyMhIt3lF2E/xGbSaW1z/62exKJ/HKvnWyPOZi9bMXpAYAuYWiEaVGHOxF3VsJdB9x
T8Y8+5/WlaGF9jpDrjd+6RFKsmDrz85l2mSv/jlu+GYGNwhfGh2nAkOcCm1SILYAJdeAtGlQtMb7oG4m2Sb0NLEPQvCjpLp8Cs2F+es22gs9wV1zsy7UlP3jq2UKsE+v3GkKzZ0LzaCF/vWUxRtJQAp3eq0yAg8MXtqhUWi9mCc=
T8Y8+5/WlaGF9jpDrjd+6RFKsmDrz85l2mSv/jlu+GbANShnL6GYfqIeYPQHgNy6pMf6SK6ocEmE3+sDhwLzcseqLeOXRtbBqsIPlf/8oVVfSmddGLgvusKJPxXr9CB9
T8Y8+5/WlaGF9jpDrjd+6RFKsmDrz85l2mSv/jlu+GYFABt2eWYsLZ4O29oSdcXbwTVC7A6WWNW4u0Gd0xtYdmSR37LPzTMNJIjfZhtkFsFHobm2z3cFWdazjasZVpe9V+zgtNutDjGzkCWWxhXBQv7gjEP74UDehx/SArecC5g=
T8Y8+5/WlaGF9jpDrjd+6RFKsmDrz85l2mSv/jlu+GYL+rrUOtV4LTHo58qQkw8f/dTTOMWiqTpOFs8BMcrGBSXK+WgIf9uOhK/qobilFXEmxgRL595MG5WaBcOXjPFsDoGZZnWPuChpXKOt0eHS/45LhO9nRAcTgK6+r7iXc8ccTNsMn5WswPVAyc8Seu3X
T8Y8+5/WlaGF9jpDrjd+6RFKsmDrz85l2mSv/jlu+GYL+rrUOtV4LTHo58qQkw8f/dTTOMWiqTpOFs8BMcrGBSXK+WgIf9uOhK/qobilFXG6PAn7kMQThpYzbeTbXRHJ3VXhuC/KoDMWoP5fsK6yur1r4Z0LC8acoHMBtTlnlcGHLmd0PbpiTYrSWbU4NCtDuymXAq0keKE+IMU51iIeeIooPy2YDhpZquV9LNCykY1YZDwBxuo1C0o5WLSztqxA
T8Y8+5/WlaGF9jpDrjd+6RFKsmDrz85l2mSv/jlu+GZM/9xPtn8nyrwfJw11GoiMj89/qxtkfKZDKReyr3R4DQ1HLTgX3F3+Dj3h6s6r15Vgcb3oURIDhVJPTuHimCbaJ3ylcs8uzqKTCGqgszeYqog+U5ejF83lKg6A0OfvHzs=
T8Y8+5/WlaGF9jpDrjd+6RFKsmDrz85l2mSv/jlu+Gb3Tnsr1j8+HePe+zkATPYsFfmhObrkW83EGUL5xbwYxUYod+u+uFAZzatNps+ZTGt0L0lK9YEnKcfSIvTtOveQ
T8Y8+5/WlaGF9jpDrjd+6RFKsmDrz85l2mSv/jlu+GYG5jCkXhHy7rwz2rkJgv/Eoy+nWzy6iJjI6+CJw1iACK3mukglb8uvcLe8XgA22/J2rYkBu0WhQDApyS5H3NuyVcMS8gBoteR4n5F1HwdwRbpNXGX0Q80V70Hi+P8BcYo=
T8Y8+5/WlaGF9jpDrjd+6RFKsmDrz85l2mSv/jlu+GZ6p5yeeGgsbbH28NBLf46EIzLSx69mOj8OTRjZr16H03HUZwlNcFI/IQZB8Bc5SiIthnhaQx71dnXn4zJhkLNp/s9wOcdNdcFoMZXhJMJOwZjY72UN/SokzQu4xiv84OaBYjamAMAFgNk94Nbb60df
T8Y8+5/WlaGF9jpDrjd+6RFKsmDrz85l2mSv/jlu+GblHveXasFLPbvEk8cJLKLM/rgzqEbq2A/R/78+oyrf1bF2qk3BYfR3c4Xgbu/nl1GdsEZhZdq1W48wHLnjb3C225pjpDNF8mYMzqwbx9fv5hFQlFHuD2NiSRZ5VsV1pbdlvrRy+9nWUifI9E3N6/T15ZwItkfBvdWERiCNGHXnmNIo3EX22XAwK3JG+PZjci/ZjRHvSvRB3f0/qiMpIuGI
T8Y8+5/WlaGF9jpDrjd+6RFKsmDrz85l2mSv/jlu+GY6rFC8BNc3vK/a8jeEUfmER4quhmJPqpaZBmvB/r6PIGppPJYtCq4FPI0bTIZ1TGdPLcJi5d02bM4aYX6Sov3jdlWtfwWHqN89bm1Gqh9utqxt9QlWFE4cYl8SGdW/F7Q=
T8Y8+5/WlaGF9jpDrjd+6RFKsmDrz85l2mSv/jlu+GYrTovkwYVLlCQ3LHZPwGJnyceF9GujivDDUDsHU/Ul2HKmbIEr68RxlBxE2zX0lVQDsoGN3HHmqXt9Anzp+EJK
T8Y8+5/WlaGF9jpDrjd+6RFKsmDrz85l2mSv/jlu+GZxwltVWBlI/EMoKuVT8gQ5wdtXxv0Btlp2C4GB+X3LjkJcQ4TNofni618gccXNEqUC8+9G7t4Xhtm/z/oIS1VGdGNDvxYQOcbe9/HtmRdkHel6zwLjYYimMXoihlVIzDY=
T8Y8+5/WlaGF9jpDrjd+6RFKsmDrz85l2mSv/jlu+GZxwltVWBlI/EMoKuVT8gQ5wdtXxv0Btlp2C4GB+X3Ljn/CrzfqTZlg+D7Dluk4QWAoCKftmb25xwYFT+sK3yoCqwtoXFfZ2KKTFNlPwkrD8opWc8JaemHThdjGY0mVPLmCbB7zFrMkTOhkLwpMb6CO
T8Y8+5/WlaGF9jpDrjd+6RFKsmDrz85l2mSv/jlu+GZxwltVWBlI/EMoKuVT8gQ5wdtXxv0Btlp2C4GB+X3Ljn/CrzfqTZlg+D7Dluk4QWAIfwuJ6KjbTNiMzcisowN6efGqpVR9dVogTrYSSLMrD7HgoIvaZ/5IToybX0ZwyVW4yvZYqaaNG0UHFiZ5RLGgdEtL/A5Oyr0X+pM12bre+ovIzHoOut0oSD6XRrpl2aoLc09lVzufY7VpvPQUy97j
T8Y8+5/WlaGF9jpDrjd+6RFKsmDrz85l2mSv/jlu+GZLttuHF3NdjqBYaHRfiDvW2fO7Q6CvU/nHOrtB4Mvr5vAUVjapMesmBsAUbaWaAEpsS0jdtDA05RViZYTXV+oD
T8Y8+5/WlaGF9jpDrjd+6RFKsmDrz85l2mSv/jlu+GYL59HEoweiTE7I9HqGQuQjTr5rc2G/byW/J6KC1BH3+dX4lzIFClZpC4QM/q9pqwYndfjO7hMr1WGTVkUZlqga4tMyCW4L+LrJX0o341d/uo0xQlS8UTMmHf3s0lXXyHc=
T8Y8+5/WlaGF9jpDrjd+6RFKsmDrz85l2mSv/jlu+GbbdlHxxnqg1nn5bWvBL3yBosry84zepUBxFswuQw+hMrFBoYSj74qPJx1QuHcO6cDAaM69bmVaNbntkthcr0H64Vddgo7iKtbWTX283CyMHGRtFnhjN77LiPCabGYjRQYo9ZTOUuXNiEzJ2rtIxIac
T8Y8+5/WlaGF9jpDrjd+6RFKsmDrz85l2mSv/jlu+GZc11WFtX7RuhQA3bMhFLYa2CM9maGotrrWBDef+qI8xEq638OaKMpmEhzKxE8O68iHNWT3/JEZ25S1Qj18/6PMC8kXMMkf6vXYrrSfO+4lV9m0U/6MIJtV7gL0jFyZhrBnZbBNsTTcjoSE0uKvJbuOS5LbceUFiCpda3b28OiJ/bYK1Mhf2CXVXKa4uviD8i6rXBMd+s85UtJkvgLa+SYY
T8Y8+5/WlaGF9jpDrjd+6RFKsmDrz85l2mSv/jlu+Ga4nC1t1uyNwx+peaFgqds8v7EP+o4vcQ4o/i/ydtw98rnL79prGjBBR0Ow4m3/fWapOczIxANgs481H+K8i6z2
T8Y8+5/WlaGF9jpDrjd+6RFKsmDrz85l2mSv/jlu+Gbihp4DNDKP/E2mFrvsw14vwhpucj8QXJb5kaCbrVPO44Jh3cLH1CZ2WmvIttayF6ammRcY3aMs+4aqjfMMxtC/
T8Y8+5/WlaGF9jpDrjd+6RFKsmDrz85l2mSv/jlu+Gay67aNXBtKBjQ4Bg1drT6pyF9m/Vf9ikvK2JVlWReFOXli+qDEEb4ybn8XvlDPemuS6IF6O62BKpNvWbRGisHZ
T8Y8+5/WlaGF9jpDrjd+6RFKsmDrz85l2mSv/jlu+GbUH+/nZ8zycE0pv/IyFmtlpnwcG/oJ3LcOFHhYsEHI/VL7aJnQfjeWhyQYxrNkf6KKXBlEIB42DgAV/ZwpJd7u
T8Y8+5/WlaGF9jpDrjd+6RFKsmDrz85l2mSv/jlu+GaEg5CUgIMBZyTVfd3j24i0TcJziD4/vO9X6n0XdHe5zuuuip1HHhEbLWAnjIyOxGWnb8LmxEoGLY+yFNk9gjXx
T8Y8+5/WlaGF9jpDrjd+6RFKsmDrz85l2mSv/jlu+GYtANByCqM5UJzFrmcorB4qb5jfNpDosDN5z7JFEzcw6qQAke577wy4TLGjq1I9XLTr3CXtfp/Y1wgkfH3UJBas
T8Y8+5/WlaGF9jpDrjd+6RFKsmDrz85l2mSv/jlu+GYtANByCqM5UJzFrmcorB4qb5jfNpDosDN5z7JFEzcw6qQAke577wy4TLGjq1I9XLTr3CXtfp/Y1wgkfH3UJBas
T8Y8+5/WlaGF9jpDrjd+6RFKsmDrz85l2mSv/jlu+GbDNSEqORwvFB4mbwfCIZxev3J7QIOP3Tl6lrnC1cOHzwAwExEK5zpgngRLKnSXhGZUJxKbMha5R0xKoC0EyUVOjUF4I/jNkNNC2V8YdY6+7w==
T8Y8+5/WlaGF9jpDrjd+6RFKsmDrz85l2mSv/jlu+GaXuTCn2mD9GIJafJBLKyUSDuN8Hi1quvm+lSuPIJ/e471cn8so/7oWiwhaXWJpnrIIRTdEPzhXtirtIc9u8rMz
T8Y8+5/WlaGF9jpDrjd+6RFKsmDrz85l2mSv/jlu+GYtxAuB4qDVTEUJXoCNP6sm4w8DRT6xwn9nZL5kG7SMaUcJ8IG0QL7NFjGlUPhxoOYFWCwzqyNktErg9Qs5B5bzU4/IffB6ZyT73pxNoy60/yd+35Nx9/8rFKyPDFVLAgY=
T8Y8+5/WlaGF9jpDrjd+6RFKsmDrz85l2mSv/jlu+GYtxAuB4qDVTEUJXoCNP6sm4w8DRT6xwn9nZL5kG7SMaSe6X6dvapqlbCi2JGBqBV/iICWa3Igzw5czhBH8JWQtXxbkqWOXnIeE4l2YXdifv6eRLqem49HPwFnj1i+TQWhV9d6Xj5Pti0x+9aVgdcfl
T8Y8+5/WlaGF9jpDrjd+6RFKsmDrz85l2mSv/jlu+GbxF9GrajjLgpP6cijkPusJw16yMSgUiU76Iu06t6sUUjeEZuxAPR5Kx2xaz+QzKDEI4uRC7yUR9KZ2gkIwNfPkazO16eQ/1aJ+iylNlmPQQvr28CHH9GMdVl3dsS240MvjbtCjbQ0UIUHsZP+IM+IUMBFHnnwZikeGy6eyB0tsBh+wMkJj7oU6y8GkgZbsyEyiBpzJreVoCSRBhldrUghv
T8Y8+5/WlaGF9jpDrjd+6RFKsmDrz85l2mSv/jlu+GaXMYC/Cux7ghC7DHiPyjm9nLzLq/nf2zOKbDCAWkxS1owfibQKt1uahnn2OVVBSJLB77cRym4l+7Q/LfLwuqMF
T8Y8+5/WlaGF9jpDrjd+6RFKsmDrz85l2mSv/jlu+GbVLBrPkAHAKhx3nApQ7ISfKXZmokaCwBpnEeVcotTjY8p7vCHMGw1MJQcwW5dyf2Zu15sITUHuw9D3ABm72VoH
T8Y8+5/WlaGF9jpDrjd+6RFKsmDrz85l2mSv/jlu+GbVLBrPkAHAKhx3nApQ7ISfKXZmokaCwBpnEeVcotTjY8p7vCHMGw1MJQcwW5dyf2Zu15sITUHuw9D3ABm72VoH
T8Y8+5/WlaGF9jpDrjd+6RFKsmDrz85l2mSv/jlu+GZNy1y8MZBiRZeIh4SrbQDdBF4X933+7IdXmiQR8QwIebSpSFouC8pLWt+HaclVGONDBY/rk7R1E8U7NTY5sxHK
T8Y8+5/WlaGF9jpDrjd+6RFKsmDrz85l2mSv/jlu+GZNy1y8MZBiRZeIh4SrbQDdBF4X933+7IdXmiQR8QwIebSpSFouC8pLWt+HaclVGONDBY/rk7R1E8U7NTY5sxHK
T8Y8+5/WlaGF9jpDrjd+6RFKsmDrz85l2mSv/jlu+Gb7fuzjVwQ57+Vr0/UnV4aUE7aW89znB3vJ0UJvGu6FRk8qs35g6X36RRnc++MthQROwBCXD1E/uUI6cBn2zs+G
T8Y8+5/WlaGF9jpDrjd+6RFKsmDrz85l2mSv/jlu+GZsr47coMBLpsbv5ZCx8XIK4DmEaw40ybXoCg0IUMmcuK06RfLFSRc6Uc6n0qpkSZnqCI9V4r7hDTYGTgjPZMT6
T8Y8+5/WlaGF9jpDrjd+6alhuBANsF7awoRwD20g7K/vQD1GzWieFNBK1AHnkaJwCxSFEtZO3PGwQIaIHN9c/+ELbs5oSG28t0Sax3RSZBtpIZVuVtA8JK7SiXzjbJYD0urnNYTu6mi77ODKKqVozg==
T8Y8+5/WlaGF9jpDrjd+6alhuBANsF7awoRwD20g7K+1NtQJMDg8C/qL3GwyFKmAW0u8YCNykrYrVGmBoXsriGBmiqmimfcPSoSdKq9q7ukPoy/Was51B8xApyoWdHl+
T8Y8+5/WlaGF9jpDrjd+6alhuBANsF7awoRwD20g7K8USa0YYSU5oz+1F0NbZzgonVqGLhBgmX6JqHoJLqGwNW+eyHQ7PCxF1cWDnscu80VTP4jaQvUKCS7LLbaygFdJXvEaONPvni/s3USgvDOHoefYpPPgkIhun+dsNMqiOmw=
T8Y8+5/WlaGF9jpDrjd+6alhuBANsF7awoRwD20g7K8USa0YYSU5oz+1F0NbZzgonVqGLhBgmX6JqHoJLqGwNTpNZ/YnsSHWJCtQz6tdGqPezIkZJmj6W0LWdiEqlumlidkS1/H7KO5U3/DntL6mNJOFN4mVvi/0h05YNkCdAvekKrjwYyL5LYtrsSTsN5Ap
T8Y8+5/WlaGF9jpDrjd+6alhuBANsF7awoRwD20g7K+CooD6xx5z+ELqp+hxs512tVIedxHiUtcdA3olJS7a8J66+YZN00SsUXwF9aqQA4S6PQKV4nEz9TxQbHw1KMdSI1TNhfECAPCTKtQJuWxFNRxKqr4TwmmuSpuWfTfSI+aBxqDxx12ojd0SQMGOkNd+OiTn7+WjNrklusKrn1P/TAg7d/j/Nj+NM/JnjmJArlkl0A1t4uSyA9IEUfEQs1I9
T8Y8+5/WlaGF9jpDrjd+6alhuBANsF7awoRwD20g7K/R63J7lfe8CpyG/NsyKV0J/UhsWgHZjKpfpnWVSceDrwUfFaVxf3hxcFbKIjUmoxYvkz0SIlxO4fClj9+duXku
T8Y8+5/WlaGF9jpDrjd+6alhuBANsF7awoRwD20g7K/lnOi0weSzQOQZ2CYHnBM2Ud2Irol1RkfzvOH1xUkm58Rqx0upGEhdCBUaUufDkTAdZdLn8BAP9YGsnouWejv/rbOSXwsfOj95kqMuMGaH9w==
T8Y8+5/WlaGF9jpDrjd+6alhuBANsF7awoRwD20g7K/3yVUJ2KEUpjH77alTwtYQEsoJ8dPNwHAav8JYUzwSNnd28b68iEb/Ci5f6rkVoYH5QrTCFYCkJhY6zYc1XZ2Q
T8Y8+5/WlaGF9jpDrjd+6alhuBANsF7awoRwD20g7K92GJJkD7IMLEZ4YEzCAXeVzaEFNOa5fjs41XRsaomfydgAhs+Nj4mM5dvyFE2jJ5e3dNHmAxuJNjjC2CNZFtibx+q3kqfm0veIc8eX9h+nOVOhvQOQkQKUQG7gCdprBxo=
T8Y8+5/WlaGF9jpDrjd+6alhuBANsF7awoRwD20g7K92GJJkD7IMLEZ4YEzCAXeVzaEFNOa5fjs41XRsaomfyR4eCxWphs9C7qA6ySevyD+BuYlBq6EjCtGZkl9pZsR6M7EwxDs/c52jphR5m7X+rdLJyFuQRyQ4qxNLXc7GdKrauH5tMkMw+ZDSaWIW9suP
T8Y8+5/WlaGF9jpDrjd+6alhuBANsF7awoRwD20g7K92GJJkD7IMLEZ4YEzCAXeVzaEFNOa5fjs41XRsaomfyR4eCxWphs9C7qA6ySevyD+qXFxb+ObLaPehXI5h3w6NQXW56Zwn8jBcDeX/7vmpkhqiULxsZXa3BHLoJu8EI8ew6c7jhNvQ4VHzSzUHw8lTCFQkMslZBfEUFtrCO7gDUnd+M3i9tPxoxXbAs9GajVy1CKaSrwrhlabLEWoYvPje
T8Y8+5/WlaGF9jpDrjd+6alhuBANsF7awoRwD20g7K8uL+iPh+46yJ1FF+3fHug/ck4WVUfVDLYo29qnvkSLm54L4P8/c+QMtyZ+ZWtOC7vGXASCre+XgaZ+D8puX3fi
T8Y8+5/WlaGF9jpDrjd+6alhuBANsF7awoRwD20g7K+6+eNzJy+dQE8kcWjHrYxmuob9ZYyTSAWusl3zbB/+s9diP6JJ6T5kOPgYehkDnF7xeMRJBnTjzE89KRSQVNwQ
T8Y8+5/WlaGF9jpDrjd+6alhuBANsF7awoRwD20g7K+6+eNzJy+dQE8kcWjHrYxmuob9ZYyTSAWusl3zbB/+s9diP6JJ6T5kOPgYehkDnF7xeMRJBnTjzE89KRSQVNwQ
T8Y8+5/WlaGF9jpDrjd+6alhuBANsF7awoRwD20g7K/oFWijp5j7oBRpbh8QvyACsqX8dtT5IW85EOba1ly6jiGK8hUO7wVh7Q5PfYUQyP53QjkVx4BYyFMHHKIz7WPw
T8Y8+5/WlaGF9jpDrjd+6alhuBANsF7awoRwD20g7K98R06T5aXADHIimupV7OKKStTg1l9RNCk4eqGndaAB6vdkMsGtTwhiDr4ox3Ll0e/bpgwmbPfKANxzGuWn4tv2
T8Y8+5/WlaGF9jpDrjd+6alhuBANsF7awoRwD20g7K+r+2YiyQEw9c3k5CLO2tVHHKDfB43HFrM37j+gq8Qit2VN4hw0QX/UspcIZmdbsmiaVVAEIKDHJg4tR0ekfojz
T8Y8+5/WlaGF9jpDrjd+6alhuBANsF7awoRwD20g7K+r+2YiyQEw9c3k5CLO2tVHHKDfB43HFrM37j+gq8Qit2VN4hw0QX/UspcIZmdbsmiaVVAEIKDHJg4tR0ekfojz
T8Y8+5/WlaGF9jpDrjd+6alhuBANsF7awoRwD20g7K+TaYFJsk6aQhRw9pyAwI5caGIp9yg9DWhu8+mU/c/T36hF5xMC/SptbbmYxIfzQY9Ken4Hj6SneQDOXimx64f3OeLvdH2TqkCNMRFYhq7sbw==
T8Y8+5/WlaGF9jpDrjd+6alhuBANsF7awoRwD20g7K+F7HHZGAyv7dwpWFFm2cnyyUhGsIbfQ7p1oGbHsoMLNwkGOh6OG7U3nW2HG0WXPhRTm5n7vTnbZWmT0eCskaYD9nehz8bJP21CbpuhCdc/jQ==
T8Y8+5/WlaGF9jpDrjd+6alhuBANsF7awoRwD20g7K/md16rAPftukhT94g5w0+4iZkyIj3Be8yE65a0hBE7230GCQTovTxOC2xGTU8z1rKIe2loAzY9Fbm7EJwkuZkn
T8Y8+5/WlaGF9jpDrjd+6alhuBANsF7awoRwD20g7K9+AS3ff1or35/TqegWUkPjobQd19JFF5+BPpywsoWosHQF8e3IWUmratsmTGMUmlOb/4tWCSvwM6inJ8xVOOp3BsVtWW2Ef67p+X2N0nk64SrsaSEfFjLJOnXCiLJXoRg=
T8Y8+5/WlaGF9jpDrjd+6alhuBANsF7awoRwD20g7K9+AS3ff1or35/TqegWUkPjobQd19JFF5+BPpywsoWosDXKM5rKDb7UQm6msKBdrTmk1ADO4R5tjUe9pf0dUTjh6um4tLjJo8Wxqr6oQKkkygkW5cqAQUrhdEiOvDnJSkgpHD1fCUkPZ8QQcqD7wDSM
T8Y8+5/WlaGF9jpDrjd+6alhuBANsF7awoRwD20g7K9+AS3ff1or35/TqegWUkPjobQd19JFF5+BPpywsoWosDXKM5rKDb7UQm6msKBdrTkdg1n5tT1GQdzYAddzIFjHo5UnuAkAUsU+q60WdQmrXh8DpLgyOe2bjYFQVssiKybO0odz657jjYBqiHjWgsUy6fwZ+GoiSieh9CJBHDfLAGvHBHNhgaBcpwuwLGXvSvB0VXVBCzWvsgsJagM2KqRr
T8Y8+5/WlaGF9jpDrjd+6alhuBANsF7awoRwD20g7K+kW6y3lTURfZy3+vYdUS+ECva+oS8odJzrGDpLj/VZ1ngJZP6AwlbKeFzgGowOGLQ2jNLIE4WM+ZYoUmrAxFI/
T8Y8+5/WlaGF9jpDrjd+6alhuBANsF7awoRwD20g7K8uiB/B80PqCygjq0VwoKHQY4eSARAB1VeaGGgH9MHOkvQ4cWOk/8i8ZTalrparG7oXMqUAeupQLyFhWn+F72IX
T8Y8+5/WlaGF9jpDrjd+6alhuBANsF7awoRwD20g7K9XB8E49D1a5DxAegNxHVUEbBc3dW36Y4TSoruZVJ8U9qMSah52LbOmj8vuz+CrxhiA72cibjJow4eIsLJ3K32p
T8Y8+5/WlaGF9jpDrjd+6alhuBANsF7awoRwD20g7K8hneboYJ4JyJEjU7JhQ0mQ0v3lDXAeGcce7MnaRnVlbWQEozSys6Q6C7XHm3N+NoSuFYutZF462PWP6JdGkFX1BFUXNmzdLwNqNbufZh5Vsg==
T8Y8+5/WlaGF9jpDrjd+6alhuBANsF7awoRwD20g7K/0anrLOLtagoleGuo9Bn+L57Bq23qSJpZ2v71ruWwBZuEHG95HTbEyIsHQl/26x1a91bszCknCgsmKbxHN6Dea
T8Y8+5/WlaGF9jpDrjd+6alhuBANsF7awoRwD20g7K+gBYNdWP0OfLrr2a7yV9niZ1pJ+tZtvhSdsSVb5m6s4AU9XALnFX3mjzVDop+QmwcxSBd8uRWdN/7bMWMmRcybcznaMVzyVxyG/CuAyToI/Q==
T8Y8+5/WlaGF9jpDrjd+6alhuBANsF7awoRwD20g7K+gBYNdWP0OfLrr2a7yV9niZ1pJ+tZtvhSdsSVb5m6s4M3sCUqapnhGya3K2nNiFNsj47k1UcdijmJDoDnld2Eh5ttjMzEWv686y1v0Y6G0Kw+AgYnonxcs4+MT16R8drHm743S3TWWUOj0SJt6bKav
T8Y8+5/WlaGF9jpDrjd+6alhuBANsF7awoRwD20g7K9BBkv+jJKqycUgq3zUJsPUAsFWXvy2LjPVr6Fi5VZhWE+NeUS0kqws0IpDAuTYXXiajPqR865BG9lXrrO2hRA1bnDvgIFSiJe/eW45eDMpMz+NOp2Gh8eijzwShhHpPP5pY5369+NsB4PgHBlKcWu7baDWwqTD71iwHc24Be/XdDHn8XA0jfzjxHv5LvwHWyp7VB1nz3Hj7iwFysdn/mNz
T8Y8+5/WlaGF9jpDrjd+6VeT4zsvH7xN0rsGKyQ4MAJMdcmnIqWQL09nrVO2nD9ARhNpPWegmzE5VSqtfs07iXE7HR19BCGinx7JaZ5Ey+JpHqJK3SCsmRogY9pv/UGT
T8Y8+5/WlaGF9jpDrjd+6VeT4zsvH7xN0rsGKyQ4MAIjaAS47NWumUZakc6aHvGRNaDgNqM12MZ74jMZCsqAliba/FQjQFnJ1jZGh233TdYDDoFJqFdxwLfFt8NDBpHde1km/B/Gstnx0hIKy079iD3QGtNYyI4TbDPeAdnMQUA=
T8Y8+5/WlaGF9jpDrjd+6VeT4zsvH7xN0rsGKyQ4MAIxOf5GzhVO35RudEe+GWnYujrmjZ6snTlXYEgttrnvfi4CHnoE7+S4zgUvl8Q+LjaBiQCaqzTyn8H0GhYeijdrp92pWZFDaJL9eNZt2pbdYD9xQ82A9O4X/RKEGhlkyDfweUtvfdGmLQXMKhD77Y2Q
T8Y8+5/WlaGF9jpDrjd+6VeT4zsvH7xN0rsGKyQ4MAIxOf5GzhVO35RudEe+GWnYujrmjZ6snTlXYEgttrnvfi4CHnoE7+S4zgUvl8Q+LjZJ2XLMHU86nOJjQenv9Mfcu1dG7LcX8QhLMoHH3tiUUbr+cg0ApjECEVSXCc2qCxEpz7pKRUr+CMrlrWqaZeekdiSSmHoPc4cNWbIBvuv04K0lBBFuKS0YwSU1ILTvF212k932qrJhQEjbqT5TJcMN
T8Y8+5/WlaGF9jpDrjd+6VeT4zsvH7xN0rsGKyQ4MAJnEcXHZXiZ0cfWma4vC5FiIhyQ7zhkudCuLlLID58k1uwCWMx02zn0CX75S+TDSxJ+fH88GvBTovx4FoAbu32ccJuEueuPC2bdGTmNHzbkzNRvQ/nDT524cVZD2j2jrHY=
T8Y8+5/WlaGF9jpDrjd+6S1eJj0Dugs5NyoxmVXR6pXoR6PJgVaFuP4vhDBg5a4QOreNIxHkXpWu9y0F6w+pyRYNqNSPAk91CQEMQ+Xw1UteSJhLls5Thl4SxRx5K/SR
T8Y8+5/WlaGF9jpDrjd+6S1eJj0Dugs5NyoxmVXR6pWt5rpXjrnnJfpvZbVOLUc9JTd5GNAOzq5+kOrqcFWp06LzoJsaCts7QsHRvu6evoIhCXLRMULcEgRpsveuV9PhNAz01WdVVHetu8W5goKCjxBiMMtjN5joot9gAnh6/nY=
T8Y8+5/WlaGF9jpDrjd+6S1eJj0Dugs5NyoxmVXR6pVyu7QNcaF2swCKMiy7sLESUUuaXkdnrqIAoYrIe928JFfIkMrcEbcFx5tACr1pDzCd0H7sg6AOtufkqL/vD8hyhxK+ws12YoM4OSgWvuIV4EQJycxq/e158oQy5j3eScl1nPThqm158+zJZ5x7+6Te
T8Y8+5/WlaGF9jpDrjd+6S1eJj0Dugs5NyoxmVXR6pVUHCPCiZZQWAYAdijQdTh1C7Adb0Qyt6y114qZYblQIBjMoBDN6NvkrjjqCKVD2QJattbB4qZVfZyUT6zqyXMUmwHJcu1sGmzJXuPTLXWUTnR8k8I6Mf7wMQFYG8TYmsamjGxuEH3E6IxOuuclaJo/z8eWxJRC+XGjzbihET79rfLhep2xHCTG2UUS1UFcAi5R7mHMhy9M8xllZzNyh99/
