GmcONIA9PFzHw1gpPLLPoqev3ytAH5KO3S/CJpMsylg=
35kyjVfwBJgytCi6KM5Vug==
FNt9orFfFSbPIXNSbXcP2Q==
gE2g7VQeqq0h5MkG44fPUw==
A4ZCFW7RnVRfEnbtNxUDb8VFIQmzxcIFLuiIjRY2q84=
cwgQW1UgxyVfBeSrdwXHsPE1eoSAri+NViVSjTYe4hg=
pYn3RyiaY4vz2unSybTHuw==
mAzeFbkWBGyzJRgEWJSZYQNn44wFaguEUnqkvHVinQw=
NiGef/LGs6v8Em6sqLz1GYGKB0111uCW/TAqgkiW0+w=
2lfNnhNY+w/3xMaMUxJbE0YFT/wvMlSDz8Vrd5FEs18=
iudpZgiyEbnLNwhhZP56oGibcOuAzNDVsv2BUaDBNLy/iawI2f0eaAI83lzADnWm/GZBxRYENzMVjyNBuG3l7ShmwKWyfan2ENcBUc84LjDvV/jUgyck7SC5cxVDkZ/5
R3YNQs99XuowBp0PKm5z/cq1AZBc/eoNW/xg4asbzw3IVv2yZTigrmEeDzaAIjz4mvUTsQRgX6QY+9SIAzuSWhuN6mLW8pR6fsFZXBP/p6RvlHQujsiC1e/VjYz/vTFKAIwv+xaqfHwZ25yqRDdNrQ==
R3YNQs99XuowBp0PKm5z/cq1AZBc/eoNW/xg4asbzw3IVv2yZTigrmEeDzaAIjz4dDtQJT63NIvPx7w/h6g5CF6sHnVY/B3CGknDlzD1Kf0=
R3YNQs99XuowBp0PKm5z/dxmuPiznVxG2+mNw9bloDbZv+b/Tk5vq0P4ds2EWSOd/Vid8xZ0HvJXlvR7eny+C1mMLP/AwqYk2XnD4e58CGU=
iudpZgiyEbnLNwhhZP56oPauaUq9HkMlC0NHGgrbWjfTcmK5oIG/+YFoJaQ+RG80npW532kjqD7nr2JuG/CZQz80qO+8s44IEFE5+e82IETl9t2Vm8qEZ0VxdRnqQVqJ
R3YNQs99XuowBp0PKm5z/RYSynxP/GLH/pdwgOtd+N71vD0U+ewbMjksof+Qqg2Ua1NN9i2yZa8EzbfeAchTr2G5c6Ti5Lyqd9McIhiqD/vcWmtw+UyYIT6yTbaWspe4WT6apHyJqCCK7lRUB40jCA==
R3YNQs99XuowBp0PKm5z/RYSynxP/GLH/pdwgOtd+N71vD0U+ewbMjksof+Qqg2UMWjtGXsBaSUbcRTU0SqEOgPNtjJ2DGxtw2OaHH2B/So=
R3YNQs99XuowBp0PKm5z/ZQ3JAWPAIMI4lJlgh7U8spRoxMGpcCo3ngd9l8KwDHRLev0Q1wuzQJ92uyHCNGkKe9QlF9TupkcfijlGoXuSlM=
iudpZgiyEbnLNwhhZP56oK+Jv05cVjtPh9uTHgT5yb5/Q1FzD0kVPH7eW9Aun0ct6peQT+Au/5bjri0rpBtSuOeTJ3n9lamLC0b7h5QkHZJ7PY3jte49vs+0yf7m6dC1
R3YNQs99XuowBp0PKm5z/YrblTyqO/YtLPXYhy6HQ7xsJ/NKY1SteEADBm1GJcI6Oicg9c33vML1dZlaGgESKaezfXW9XsNPDUMvJHo2jHo=
R3YNQs99XuowBp0PKm5z/QzV5Ev0eEmvhp/ssKcNk0xFUYT4QqEstVGKnX9kAQvO8SBN+RgSwMdOwt8aII61guMXJ4L8Mfl9BI5/eY1Ojj8=
iudpZgiyEbnLNwhhZP56oNf4AgHmgEZWm3KEQYvSmKpaukbseVFp91uGx5jrzhqM+W0U12nAg5D5Kv+leXMccru9/rjIZsryjDr6oW8Th2cBbCZksJLTYPsDpmb7ED+s
R3YNQs99XuowBp0PKm5z/YPWOFCunImJmLocRx/TLL5jc2er+1rBAvNEQL4NtprjFrKaxzxYUoFTQN5+jp68BHyzkXQ3Rb3cbB93/JDnQDzCndoFNn0WiYbsaZOSq47sk0gEAm/zYlAKCfTcC5QLBg==
R3YNQs99XuowBp0PKm5z/YPWOFCunImJmLocRx/TLL5jc2er+1rBAvNEQL4NtprjT7LhiUjO8NhMKhkBEsNiOJBGGv2dtKk2TeaJSP801CY=
R3YNQs99XuowBp0PKm5z/Rrzqbdyq15cMud9GYtaQR7g/TW5qdIa2cox6Jq2+ADdjrlC4pjMVwN20KlLjfnlBUq3mphI8M6ltr1z8XqZ7FA=
