GmcONIA9PFzHw1gpPLLPoqev3ytAH5KO3S/CJpMsylg=
35kyjVfwBJgytCi6KM5Vug==
FNt9orFfFSbPIXNSbXcP2Q==
gE2g7VQeqq0h5MkG44fPUw==
A4ZCFW7RnVRfEnbtNxUDb8VFIQmzxcIFLuiIjRY2q84=
cwgQW1UgxyVfBeSrdwXHsPE1eoSAri+NViVSjTYe4hg=
pYn3RyiaY4vz2unSybTHuw==
mAzeFbkWBGyzJRgEWJSZYQNn44wFaguEUnqkvHVinQw=
NiGef/LGs6v8Em6sqLz1GYGKB0111uCW/TAqgkiW0+w=
2lfNnhNY+w/3xMaMUxJbE0YFT/wvMlSDz8Vrd5FEs18=
iudpZgiyEbnLNwhhZP56oJgpnutTzE+3ob85U3Ez4dYYWibkHjff02ev35XGJQ4EAYwuilxs2u3oFg4m67r/c+D+SUH9oNgLSJAUDLXnYKIjP2EbFWTJ5F+8ToMC/S2S
R3YNQs99XuowBp0PKm5z/S7oQ/aFvb1aqDT+sJNL1RHxm+Z3wHG6O+IX0WhnvBYgtCCjglpOdDgspH+bVomOvl5KSk+AECa2skJITEpkofv+xRkz10yk+apoATqHTMC07zLf55aDcaXksKPTSVtMkw==
R3YNQs99XuowBp0PKm5z/S7oQ/aFvb1aqDT+sJNL1RHxm+Z3wHG6O+IX0WhnvBYgLEAEsPCacMzzj7PsTQho6nXpdHP1dWmIT9GZXEKY3K8=
iudpZgiyEbnLNwhhZP56oMPak4rj9Up7hwK5B6V1PNdH0f8a6XiAfY8nJ1i+IJAVZBHc8uumMKyFDl/frrEPpVh+hbQFqsCHAi6cMpWqXJeh+Mw/4zep/qAD7B4c2OVv
R3YNQs99XuowBp0PKm5z/TvuUve9Fzhclz3cP8zH0Q5lSQ424ilecPVixz2c4+VW/jhznfDRSFRoeMUUhQK3n0uwgVnqJyoiAxpnXW+gEO4=
R3YNQs99XuowBp0PKm5z/e3upkK/AP18+D8d73YeYqEFi0IbZORMTqhW0MeqasZO9VmgrtBR2eGHske0FedaWBCVVoAk/LN3Dgd4xXk/0eImbnQaTgf6H8eGflqTiRhZ3UhrWbPIjDIdgMKM50EECA==
R3YNQs99XuowBp0PKm5z/e3upkK/AP18+D8d73YeYqEFi0IbZORMTqhW0MeqasZORjUGUzNddrNphaRKYHn1PWIULNTZr5FznL90yct23P0=
iudpZgiyEbnLNwhhZP56oDk/R8SKmqsoMKCraWCDNNKFDlRhYPSY7A6gDkTDJOb3bT+IXlq1EmHjeORo29YwXKc7rQGYICNvZys4Gy9DjBAWmA1/ZT0G0OdaY/SDbq8h
R3YNQs99XuowBp0PKm5z/UE2d1//h9/VPlQDNfTXCiKRB7LlNcXwjbGezKTO9UxVZWzAc8oOPnf2dqeDPl/ysVlhQu+KkaXZmNcmv475e5rVDlvEkhm0SVoWZo0Qxg7gFJRrbY6gQRFgcQDMa+QVcA==
R3YNQs99XuowBp0PKm5z/UE2d1//h9/VPlQDNfTXCiKRB7LlNcXwjbGezKTO9UxVdA5DBpk6ylT4vXd3w+6Bn3aQ++JJWSj6fOstEHmEhsA=
