GmcONIA9PFzHw1gpPLLPoqev3ytAH5KO3S/CJpMsylg=
35kyjVfwBJgytCi6KM5Vug==
FNt9orFfFSbPIXNSbXcP2Q==
gE2g7VQeqq0h5MkG44fPUw==
A4ZCFW7RnVRfEnbtNxUDb8VFIQmzxcIFLuiIjRY2q84=
cwgQW1UgxyVfBeSrdwXHsPE1eoSAri+NViVSjTYe4hg=
pYn3RyiaY4vz2unSybTHuw==
mAzeFbkWBGyzJRgEWJSZYQNn44wFaguEUnqkvHVinQw=
NiGef/LGs6v8Em6sqLz1GYGKB0111uCW/TAqgkiW0+w=
2lfNnhNY+w/3xMaMUxJbE0YFT/wvMlSDz8Vrd5FEs18=
iudpZgiyEbnLNwhhZP56oEhi6TNJg0PG4NFvo90Y32iIvnP3dcsG6cShuoRKdwMuInDRIY87r2bkM3IHGs0XrvrJ8J/EllUVywFPKGBsNEx2OG7kJKOtHJXhxTg6grND
R3YNQs99XuowBp0PKm5z/SowqfyGzgkUv/Dun6JWPsGIvHAEHaMgVblaRy35I+lVqQubMuyyUa1fXC+ogLvhlsc0gloQEp9QN10RCk0stjIRb4Qt4ewQ49sJiRPfV3Ym0V/LmlVitLQWR0THF7R/rA==
R3YNQs99XuowBp0PKm5z/SowqfyGzgkUv/Dun6JWPsGIvHAEHaMgVblaRy35I+lVIOOCiPY8snygGnVfyDhvlYfUjo3myGc9z1wGqUgj9EI=
R3YNQs99XuowBp0PKm5z/b0c4NFUte+rgxnl6kNWEJM4BTGVOrBmmtt/txllbfmB1+tF84WTeBr+7k5tRGxKkNNnsZfknEAY2Jr3x/x5N70=
iudpZgiyEbnLNwhhZP56oJJdGf7QsFZ4oePOpr6IWyFHbkQVGyjL3nT4Xttj+FMiDMaKdVG9LwjjXhI5eaKw8wu/t1mRFRs6b+PRkcxDZfCYxxEW8MK5IDdcBwx+pFVQ
R3YNQs99XuowBp0PKm5z/U1b0bP2c1uSsc790QDcmGiFpjalTfx7mscYnDfHhgoz6ZhwdQ65IXZzJyj8MQia6yJh+DiJxaK+h841/JwuQGICcNEL5mpI766hU5jiiRhqgi25JFP25u6IqEabN55AMQ==
R3YNQs99XuowBp0PKm5z/U1b0bP2c1uSsc790QDcmGiFpjalTfx7mscYnDfHhgozPyhSV2GhYdSB3PNqdsPPNKRk7CnHQvFAZk2jtaZrusM=
iudpZgiyEbnLNwhhZP56oNHpUjzFpjiKfrwNC80ymRA8ehirEo1NfmyMfJEPpoiq1aWxdk//qDYPvhLAD6EvMEvv4gdB8yNbFxGCLxPWQlWWW8ZjuruEoJXrobtPJq87
R3YNQs99XuowBp0PKm5z/WNgYhXgG6P9N/j+GsIHOeuaXtt5YH5sYjqRoRyuCx17pbLKVwPHpCcuSJmRi1KhUAeTKs/xzXO5sWPssA1bNQm1rApQVxTpQXU/0pHa8GIWKALJ8Lr+Yhco9tpn7RUd/Q==
R3YNQs99XuowBp0PKm5z/WNgYhXgG6P9N/j+GsIHOeuaXtt5YH5sYjqRoRyuCx17Y5oW2Zsx+fZ+KGJfNFNb93QtTbNyx082yyAHY3LnE2A=
R3YNQs99XuowBp0PKm5z/TxoeAa2nv2xyCHk0OHLOv0AksUksFCcC/ZzLAJG3ySwnpGmzKTdTExgovzMvuHeWI4aqePRpcYwRyUbBUspRrg=
iudpZgiyEbnLNwhhZP56oDbDFfwQVqZ2G46nFkYElhX4B8+qYBQUVFPJ+0QQ48dKY4lxf+GXzICat1oLBfQP4jvEeMI/9vGvLhQXmVJ8D4k0gpZkIiqS4AuarYqPwMGm
R3YNQs99XuowBp0PKm5z/Zr8hqAptuBc89n8q8Hh7ddr/ym4+9/krP+q16MFhOv1euhSiutw7KJnYSYjN18kv12fpt6Fn9Ks8CmQHmRbRso=
R3YNQs99XuowBp0PKm5z/Y/kttbcstla3aLG2WA6I2SwmEwmuPr+BRtIYjZzSzl5hFuIsKahUK1VKU5Y6nhim64lVgeL3K9oP896WG9PzAJTug760g1L77tk3RnMEalvlkA/hvHBocj2ym+zXgDXtg==
R3YNQs99XuowBp0PKm5z/Y/kttbcstla3aLG2WA6I2SwmEwmuPr+BRtIYjZzSzl5pUGMDxpxUMR3JD0WHK2KclgzibmTheiCC7XJ5wiW4MU=
R3YNQs99XuowBp0PKm5z/Ubab5EemMpyMcPdY90kEgYprt3xEhBGb9D6jmWiTQgfZVSPgLsiWyn//2gErVkr4HhuvZ6qMKgXqXz9HFSDLZ8=
iudpZgiyEbnLNwhhZP56oKu4tmPHqTckCoMjnWbaXKabm3VJ74EgcK0KnQcKwE6hbpu1FHW5m3avm7FKpTnfhmBEbu+/OJlVAjjMh9OQhD1H2dui6xKIIFF9yWjt/dT/
R3YNQs99XuowBp0PKm5z/XmRR4N7Vi2wOaJhMByG65icmWVxvGS8Er1Cl0+Jtx92R0O+c1XAPaotB0ptItcTdG2b1985BTYQhRSr1C6IqYcgVqaAeceGfdj8ARaUN6GOAA9q6h+OcXu/HvZQ9GCs2g==
R3YNQs99XuowBp0PKm5z/XmRR4N7Vi2wOaJhMByG65icmWVxvGS8Er1Cl0+Jtx92kwknqd23ErQ2hUersfwMixg/hD4SysbtpeqAc06PtWM=
iudpZgiyEbnLNwhhZP56oDqDuTugk3hBwaVjcVA0eQxKRRR/CkFAvKmUNBuxQ4v6WvhagJYgoKWRKpUj/7thfWNF2RjjGNBMK2nrmin4yGTmLyFsgqeV8KMVRU2HT/MJ
R3YNQs99XuowBp0PKm5z/Z8RHiHKkFjzkET8W/ZR4021Pp1bYA20SD2q1+wdDZj8TX4FGsISEE8T6LQChN7qtHOvif7ZjSaAtvkHGeuTSJo=
R3YNQs99XuowBp0PKm5z/Q0GmDJwPkckp9tjX17hjL5IPKeFvR0NY7JeCJ81adOEHcEFYiPQrLFoRcHXXkkkyDNPR21ekkHgLY0n6+RmWsf4hCF3mnqaQb6C32+B6oXBW8be4FGDqs6WELKPbERcyg==
R3YNQs99XuowBp0PKm5z/Q0GmDJwPkckp9tjX17hjL5IPKeFvR0NY7JeCJ81adOEsc8lJ1Cm2uFGKjTpdfugKshYRVC4z57iI3p/OQlzpPI=
iudpZgiyEbnLNwhhZP56oIMaaKila/4LuVZOnIImG8cV99SeKcLvtGgTwDuQWIjQj9dqLLogw8fdlr7smnAtPlG9s1Hzgr/P+fDmWJNZV4BUC2Ye5iVlwt4YAxFxPEhS
R3YNQs99XuowBp0PKm5z/XeFuRa/i+C4Tqda5Dtw1BMUprL5lH6tPnbY+2/U4kYWEqpFL2oDtMfsYNVz/e1eDkSBhdu5SscPVvCGpY79u8zqnJ1zDWKu3bPtFbSwp9LBVjx2zQGyiVnMB0hJKKHcLA==
R3YNQs99XuowBp0PKm5z/XeFuRa/i+C4Tqda5Dtw1BMUprL5lH6tPnbY+2/U4kYW2r10CisAfRM+4yDIUtyJTPSYbZU+i0uNKD+L3kWJmHA=
iudpZgiyEbnLNwhhZP56oFZPwkRjp2DqlXxB8O2EjHRLuM70Xj1Ycp/TmP5ARB9Q4EtwYPWT+8mbN5kCJ4CmSjF5ZbR58s1JY5uR0IMkt95jI/HsE7LDPZH0qd8oBvzA
R3YNQs99XuowBp0PKm5z/cT5X1JzILG6ueEgGegzq9Gv27EnVowTZrx6yLZJoag4upg/CfRLb9y20vy2/mVB8026c9JyMxcQu74h158HOP/VYDOp32lfBdkPxCIG2CXoUnM38E5JEB4R/waq9tC0zw==
R3YNQs99XuowBp0PKm5z/bBOI/gUf3zfVbyBoKwlgNEUyBDDxwvJSly44Ym867QjOi9+HwT881hzJXWROXZ0vUoypz19cc6VRMVFtTUBF0k=
iudpZgiyEbnLNwhhZP56oLuzNs3FfVtf7BuITb+A68gW7QYU1zVUNUOYo5w0y4x2p5/HLaE4AXDvExf08X7JzJWGDD4lhlycdmGr7Oo0O3FBs01ywfslftcFwRl4kbxe
R3YNQs99XuowBp0PKm5z/fRlgVlEfpvpENSbDU2gQramDq/mXV+oXT1twfGP9vq6d+lgGYwgz9OrlmTc/sUxfzjd7oET5mYzxp7zY8XpEaCszopCNI380HNzs3PxvEfPvD6OwmzR2JO3yM1bELcIxg==
R3YNQs99XuowBp0PKm5z/fRlgVlEfpvpENSbDU2gQramDq/mXV+oXT1twfGP9vq6KNz3kIHj+RG2ly201Qxjqp6MhKvZ3cxPAH4kR/RWCFs=
