GmcONIA9PFzHw1gpPLLPoqev3ytAH5KO3S/CJpMsylg=
35kyjVfwBJgytCi6KM5Vug==
FNt9orFfFSbPIXNSbXcP2Q==
gE2g7VQeqq0h5MkG44fPUw==
ExPkcbYFeYs2lHSAMsaJBjIbQm7FWZ8YCSkKK1z2aPs=
cwgQW1UgxyVfBeSrdwXHsPE1eoSAri+NViVSjTYe4hg=
pYn3RyiaY4vz2unSybTHuw==
mAzeFbkWBGyzJRgEWJSZYQNn44wFaguEUnqkvHVinQw=
NiGef/LGs6v8Em6sqLz1GYGKB0111uCW/TAqgkiW0+w=
2lfNnhNY+w/3xMaMUxJbE0YFT/wvMlSDz8Vrd5FEs18=
BQ2JnBJq/a1WOhHIP0GC3/U3KzEvGxK9rb+0L1fysPRMpa6mRmT2B2qWQCUq5cBN9bAQFmTmYCFkRwLLvB1FVhoa8KN6tPwKqyo8DO29arTaR3ZqI77xwGLPcaS+B7an
BQ2JnBJq/a1WOhHIP0GC3/U3KzEvGxK9rb+0L1fysPRMpa6mRmT2B2qWQCUq5cBNCfagxv/1mwXVz4axUQYIM1WUG25uiqObtE7uAWxJZqTaofbzcH8YNMWNg+564khK
BQ2JnBJq/a1WOhHIP0GC3/U3KzEvGxK9rb+0L1fysPRMpa6mRmT2B2qWQCUq5cBNajXuqW3K+66SqR+bkH4TGnLVOU9ShPgTjY1B63n28+HrsVAT7hsTZO5mKINZmPQ7
BQ2JnBJq/a1WOhHIP0GC3/U3KzEvGxK9rb+0L1fysPRMpa6mRmT2B2qWQCUq5cBNuJRKE+6cFoksFEzikb4pfc8dE4r4uryBcrr078Adf/4PUqOjdl0PNMTkogqn6IuY
BQ2JnBJq/a1WOhHIP0GC3/U3KzEvGxK9rb+0L1fysPRMpa6mRmT2B2qWQCUq5cBNqW3Nc+ZI58lgf8odI9GwEMWNc3LAz2ktNfF0I2u29nR/0uqER5CUW6ngL6CnE5ci
BQ2JnBJq/a1WOhHIP0GC3/U3KzEvGxK9rb+0L1fysPRMpa6mRmT2B2qWQCUq5cBNEMg9tczvrHn7RaBrbb0rKBw4VJcg0+NKyKSN5wOAM3GkYARyWOln4WGRpXDqwB8P
BQ2JnBJq/a1WOhHIP0GC3/U3KzEvGxK9rb+0L1fysPRMpa6mRmT2B2qWQCUq5cBNH4vjwKRokDRH2Tsh48j763vnf35pbfncw+nOpAv0ASljxPuwYN6SQVgFvmDXQDBZ
BQ2JnBJq/a1WOhHIP0GC3/U3KzEvGxK9rb+0L1fysPRMpa6mRmT2B2qWQCUq5cBNzI7O+UjTXzWyHRZJnwJuD8UYn2D+CkvlriSwyvvp8MBpRd6Fo/xk7GcYAuPoRhET
BQ2JnBJq/a1WOhHIP0GC3/U3KzEvGxK9rb+0L1fysPRMpa6mRmT2B2qWQCUq5cBNWthYy0SFIHgq6w8DKWVOA04C330Dzepnc3M61Gmcw2hc3ouO+sy0Uewq4WgECVId
BQ2JnBJq/a1WOhHIP0GC3/U3KzEvGxK9rb+0L1fysPRMpa6mRmT2B2qWQCUq5cBNoj+BPmYIh0luasAXn0EbydQJ98DUSaqsiyTcX3ukVhSkSbf4UxXBZo7NT/BppZbq
BQ2JnBJq/a1WOhHIP0GC3/U3KzEvGxK9rb+0L1fysPRMpa6mRmT2B2qWQCUq5cBNauyatDgi10H7tRTri0eRDFHfAA4eR9dRyGHCKmVk9b39Gj32RB3lLtGUthdqrg5x
BQ2JnBJq/a1WOhHIP0GC3/U3KzEvGxK9rb+0L1fysPRMpa6mRmT2B2qWQCUq5cBNCfQassMY48acKbJIJtjITmoN/CRckw+kuRbX6W2pvXkIWML1SR5Lmy+P3rE8RYxN
BQ2JnBJq/a1WOhHIP0GC3/U3KzEvGxK9rb+0L1fysPRMpa6mRmT2B2qWQCUq5cBNOqlUklbLeC8Cyz1jr1rdIgLwmonGnrZuVuH0Ds+ixYbtAKIjBj9U1f+B+HG3cXDi
BQ2JnBJq/a1WOhHIP0GC3/U3KzEvGxK9rb+0L1fysPRMpa6mRmT2B2qWQCUq5cBNGu1/htmKQCBalYWcwddCXm5a5xrVLTYdsy/1KJV1jiSP7yS/pAk5ph7xRdmfQFZJ
BQ2JnBJq/a1WOhHIP0GC3/U3KzEvGxK9rb+0L1fysPRMpa6mRmT2B2qWQCUq5cBN3Wa6NbTMj/kYhEHJGjs+Drpo5QSntqf3cZH1nzZ1q//Bs9knIJBLsBBw89aTWhXn
