GmcONIA9PFzHw1gpPLLPoqev3ytAH5KO3S/CJpMsylg=
35kyjVfwBJgytCi6KM5Vug==
FNt9orFfFSbPIXNSbXcP2Q==
gE2g7VQeqq0h5MkG44fPUw==
A4ZCFW7RnVRfEnbtNxUDb8VFIQmzxcIFLuiIjRY2q84=
cwgQW1UgxyVfBeSrdwXHsPE1eoSAri+NViVSjTYe4hg=
pYn3RyiaY4vz2unSybTHuw==
mAzeFbkWBGyzJRgEWJSZYQNn44wFaguEUnqkvHVinQw=
NiGef/LGs6v8Em6sqLz1GYGKB0111uCW/TAqgkiW0+w=
2lfNnhNY+w/3xMaMUxJbE0YFT/wvMlSDz8Vrd5FEs18=
BQ2JnBJq/a1WOhHIP0GC3/U3KzEvGxK9rb+0L1fysPQItCq32syxlCugU/UkYefbrhx7771AxTKrSZdD1CMt8XWJ8F3WeiPVhZ31PhLfYl6eouysUeExl+sUdNF+SaRg
BQ2JnBJq/a1WOhHIP0GC3/U3KzEvGxK9rb+0L1fysPQItCq32syxlCugU/UkYefbE2jbgbMND/xmwd/lDgfKEeMHpUDCyQUU5hFxaFtvUzZRJcttBuNgdFG6w3Fvt6pN
BQ2JnBJq/a1WOhHIP0GC3/U3KzEvGxK9rb+0L1fysPQS7AeHrwwffpJGBz//5KsjIc82Wvs2fDeEnbCTsUfMx3nQqglJAKLv4manDXvhAjb3OcODW0v3KPoXjlA4z0C8
BQ2JnBJq/a1WOhHIP0GC3/U3KzEvGxK9rb+0L1fysPQS7AeHrwwffpJGBz//5KsjxDE2zXTTdU5/y6Ot3M0XR+kkERnUAd1f1DOAKiU97sH4xIXwbNCHeT9FW6Oq9ScK
BQ2JnBJq/a1WOhHIP0GC3/U3KzEvGxK9rb+0L1fysPQS7AeHrwwffpJGBz//5KsjLOY/I3/VCKumdf+eKUBO/SdLSa3ZjUoZDqKwFmwhPxhOdjGWkmUOVEPZR5R/YvrM
BQ2JnBJq/a1WOhHIP0GC3/U3KzEvGxK9rb+0L1fysPQS7AeHrwwffpJGBz//5KsjSDR40dj8gD5HO9N5FJU9HxV/HA/LId4wkcqlcm0bcsKsEvMTk8/j28mngQ+xrSJ5
BQ2JnBJq/a1WOhHIP0GC3/U3KzEvGxK9rb+0L1fysPQS7AeHrwwffpJGBz//5KsjITmqRLQFQQTrwW4UP/JAhhXVwS+e5HKLWkxJWdHdxvjfMMb+QLTh/jwfgyCHAYy5
BQ2JnBJq/a1WOhHIP0GC3/U3KzEvGxK9rb+0L1fysPQS7AeHrwwffpJGBz//5Ksj+9E3gfxM9isd4hw+RY1IMpw8qMmTE4U81+Qi8D5eN3FzqeMUWsmz1cK3R1BeO+az
BQ2JnBJq/a1WOhHIP0GC3/U3KzEvGxK9rb+0L1fysPQS7AeHrwwffpJGBz//5KsjfyAHKDRTCUj7bnMW9fowhdQ+ZupL8jEym06VkKuf7X1KnY5Qa7EreVCWq/OW345O
BQ2JnBJq/a1WOhHIP0GC3/U3KzEvGxK9rb+0L1fysPQS7AeHrwwffpJGBz//5KsjRQC3ICZfeKFyAQcTdqDDeMOdC+EbtxJzwV0/GZgiQTsNjipE1e3xNtMo6+BY2J7v
BQ2JnBJq/a1WOhHIP0GC3/U3KzEvGxK9rb+0L1fysPQS7AeHrwwffpJGBz//5KsjTptxVvySnPFVhralbCfcnzl4IB10978ABubnM2l0oX6MQpgzaMF0pyP6XwqoV27r
BQ2JnBJq/a1WOhHIP0GC3/U3KzEvGxK9rb+0L1fysPQS7AeHrwwffpJGBz//5KsjRI/pjK8ZKBgjqYJtI+4thl5oVyW3aWMgI38sHKwK1hKmkcRwagN9dIykyAx6/7uR
BQ2JnBJq/a1WOhHIP0GC3/U3KzEvGxK9rb+0L1fysPQS7AeHrwwffpJGBz//5KsjTmqbjz0ETMvotH1sFU9RSY75lyJe+IMbusozLeBEl2RZES3pN8fgsJIYoru5hl2X
BQ2JnBJq/a1WOhHIP0GC3/U3KzEvGxK9rb+0L1fysPQS7AeHrwwffpJGBz//5KsjZ9NQq3KtPUyULLUvio04lQTwuxsUmFEbqb7eGRrCD43z+GInao7PK83Mnli92I46
BQ2JnBJq/a1WOhHIP0GC3/U3KzEvGxK9rb+0L1fysPQS7AeHrwwffpJGBz//5Ksja0RJfiemimq+lJ+aPGjxUg38voGNW63ghJuGlKq0/alPDJJsF0HsUEPjO8K+oSno
BQ2JnBJq/a1WOhHIP0GC3/U3KzEvGxK9rb+0L1fysPQS7AeHrwwffpJGBz//5KsjcA5LfGy+LQVpjZyA71K88gk9hinFl2d18CVM888COGp+VxxdYsJGQCEWSLvc0q4u
BQ2JnBJq/a1WOhHIP0GC3/U3KzEvGxK9rb+0L1fysPQS7AeHrwwffpJGBz//5Ksjh1aibMGPfQbVFpWmIGDWnZm/oMl/V5Kytl3s+2hCu2AFKWejrBI3umjYpW2N+eUR
BQ2JnBJq/a1WOhHIP0GC3/U3KzEvGxK9rb+0L1fysPQS7AeHrwwffpJGBz//5Ksj9LM1Xlu3lRqq9jg6UHhrY1EMHdo10HtEYOqxoBKJC4X6gZogLMvmYvnOIlSStjo0
BQ2JnBJq/a1WOhHIP0GC3/U3KzEvGxK9rb+0L1fysPQS7AeHrwwffpJGBz//5Ksj7Lyvu4M4bpwP/lzyddQBwZPy87kbHbptnoGgFRf0aPeAA8zSI8AcW7gI023OTvn/
BQ2JnBJq/a1WOhHIP0GC3/U3KzEvGxK9rb+0L1fysPQS7AeHrwwffpJGBz//5KsjElx+NMeQQoOUFYh8o/MovDQhtuYnVYOmsxsqqhH6V9MPEBeXdrRn5/ijNhgFI5qG
BQ2JnBJq/a1WOhHIP0GC3/U3KzEvGxK9rb+0L1fysPQS7AeHrwwffpJGBz//5KsjkqjVFLI74MrZ48dBDH9sy9l+V2V+X3+tevFcAlkwgP+Jbvj0x7dyY2FJkftgJj9/
BQ2JnBJq/a1WOhHIP0GC3/U3KzEvGxK9rb+0L1fysPQS7AeHrwwffpJGBz//5KsjLpyhY0M7dsI0UhaomVoe/YypOGoeOW4kwx3fndpACbQpeGzzOMsWfAX6dN50wsNb
BQ2JnBJq/a1WOhHIP0GC3/U3KzEvGxK9rb+0L1fysPQS7AeHrwwffpJGBz//5Ksjm1a68pn/EhIKMeUuZJYg72kd6+XBg1miXtd2CBzxnNv73W86Mmn+3tZMHHx+bdCX
