GmcONIA9PFzHw1gpPLLPoqev3ytAH5KO3S/CJpMsylg=
35kyjVfwBJgytCi6KM5Vug==
FNt9orFfFSbPIXNSbXcP2Q==
gE2g7VQeqq0h5MkG44fPUw==
A4ZCFW7RnVRfEnbtNxUDb8VFIQmzxcIFLuiIjRY2q84=
cwgQW1UgxyVfBeSrdwXHsPE1eoSAri+NViVSjTYe4hg=
pYn3RyiaY4vz2unSybTHuw==
mAzeFbkWBGyzJRgEWJSZYQNn44wFaguEUnqkvHVinQw=
NiGef/LGs6v8Em6sqLz1GYGKB0111uCW/TAqgkiW0+w=
2lfNnhNY+w/3xMaMUxJbE0YFT/wvMlSDz8Vrd5FEs18=
px4oU1siCBCy8VtUsx7QFp42Qddi/JG1XhvwRtcssvuNc99FQXCehBYYFMRV9tqK9y565OnqzqFc6pgqY3Kqbg==
px4oU1siCBCy8VtUsx7QFp42Qddi/JG1XhvwRtcssvvp6mhdfbenivw6FD818koVMvitAA5dO6rQc0wAltNI9w==
NVKuJpvrUQQ21sfnMavwnahFwtfQZYRsk9K0I6zmjhCnLBpo0oowbL4TrVDb3+7NplaVFtyoL6TL+lFVmp295Q==
px4oU1siCBCy8VtUsx7QFp42Qddi/JG1XhvwRtcssvsRg6J0mjBwjsP8P9K7LPv76ACNjSk/chT08nLjJt1lKQ==
NVKuJpvrUQQ21sfnMavwnahFwtfQZYRsk9K0I6zmjhA5sxspD79plLernbVML/xsGSdoqiXxC85St1/JMM/9tA==
px4oU1siCBCy8VtUsx7QFp42Qddi/JG1XhvwRtcssvv4nAripe0mYgWPYjJnhL+NZQYYIZntd5+9sZp+AbhUBg==
sxAV59lHm8SruzY3uDrTctJ1BO2xagLfZNwRiKwxxSenPSqSTI/rLQNa3oWqifFWu63YzIJXcRs4B0i+VloQvi7lt6whjRV0ZKhSQKyB/7e9xHawkhA55a3K7r1tRsO2
sxAV59lHm8SruzY3uDrTctJ1BO2xagLfZNwRiKwxxSdFncoS82+hZsnuejDJ0eKFqEb4gpn9UaTIGITSA6WpWw==
sxAV59lHm8SruzY3uDrTctJ1BO2xagLfZNwRiKwxxSe+BkCxOIN4N9nvNwCmG7AlzG7AF2z36ufgV17T5ktcxibPmJDNnQOiC8E76u0gRV7aXEOCNu8pe29CT9MkGSivZhc0ADWI8pyTEGcBqMD5RQ==
sxAV59lHm8SruzY3uDrTcndCQlWJynGHfuFdXFzfxW0Li96eG5TQkRT45XkZPRzbJ5WybKq4wSOlmhUoFAFIebBXabLx27COai1fxz78p4ZXbsmIxNMwvuKGGW3+cDSG
sxAV59lHm8SruzY3uDrTcndCQlWJynGHfuFdXFzfxW30F/tR3j0zl31lrzovwSiNz9aIIAcpql99m0FQGfA4SHH+hrtLma6zWCG1t28c/7eNI2lPy/QGl11PPF+0CO6v
sxAV59lHm8SruzY3uDrTctJ1BO2xagLfZNwRiKwxxScHVkVc9zrssLTxaWtDqtqvMYin2IPFyaxJogPDlPZkjo31/OI9hXHekqsDRtTayCY=
NVKuJpvrUQQ21sfnMavwnahFwtfQZYRsk9K0I6zmjhDerzCZJNySdoJMaxFXxgeLlSTSWjouLrgWaZqGnM/JJA==
px4oU1siCBCy8VtUsx7QFp42Qddi/JG1XhvwRtcssvuGGa+ZckJ4nhs0OG9e8m2Y0/8co9sL9JmQcLSq/wYA0g==
sxAV59lHm8SruzY3uDrTcndCQlWJynGHfuFdXFzfxW18QNK6bsEXRCP0SMtqzdA0FbDs/BS+05IBIZjUS1Uwo44xxaUynAb4u7x7jFlbfmtrni3U28d1L7IVtJEQq6dp
NVKuJpvrUQQ21sfnMavwnahFwtfQZYRsk9K0I6zmjhAxSFkTK58uLIKelXne77+jCmGjXIABTXJY48EA9grIDQ==
px4oU1siCBCy8VtUsx7QFp42Qddi/JG1XhvwRtcssvs52Xn/TlQjnIBk/OTzt54koN6tlO+tZ8WLUIqKAV7qDw==
sxAV59lHm8SruzY3uDrTctJ1BO2xagLfZNwRiKwxxSc30AEMcry+HfDvwIdtGnk0Ziq2Yqx4ALzYSJOEIOCMK7AdMTMaX7LDqWDEKrr2mdY=
NVKuJpvrUQQ21sfnMavwnahFwtfQZYRsk9K0I6zmjhDKMPePoeuLlK5kRYURQkdprfHcPlGwQH+2/YlNwSa7wA==
px4oU1siCBCy8VtUsx7QFp42Qddi/JG1XhvwRtcssvt53IxRPBEE0gTXxGzXmR37//GiwXtYou6vpC59g6g79w==
px4oU1siCBCy8VtUsx7QFt5Bgbi8WlKKSXE7TwuGzcJVE/Qa/BBlmUQOt+VGhrpIb8pfhaHzou1LR3uscqjAMw==
px4oU1siCBCy8VtUsx7QFt5Bgbi8WlKKSXE7TwuGzcLrnMN/x1efJ5iPj7cQfLrOWfCbT90oHn0hKNt9am+Tbg==
NVKuJpvrUQQ21sfnMavwnahFwtfQZYRsk9K0I6zmjhD7A90AXBGmMky3LolD8W2eefQsfpmbVTa9qQqUFok15Q==
px4oU1siCBCy8VtUsx7QFt5Bgbi8WlKKSXE7TwuGzcIxwO4JbQmQMRw+yEycwOTc2abKcb/UGEWqzK/wf9oBOQ==
NVKuJpvrUQQ21sfnMavwnahFwtfQZYRsk9K0I6zmjhCily+b+crws5eYDf2ugX17zXLqAJIvFo5354JGCcQ0ug==
px4oU1siCBCy8VtUsx7QFt5Bgbi8WlKKSXE7TwuGzcL/JZFkRyPyR69ob83jZDPi3npJDdiQaCAwfJGhPGvX1g==
px4oU1siCBCy8VtUsx7QFt5Bgbi8WlKKSXE7TwuGzcKOdoqxrh6RwMtSqQ+YBwe6A/oRxxRmBHoNLNtKIOYCdw==
NVKuJpvrUQQ21sfnMavwnahFwtfQZYRsk9K0I6zmjhDLvFQwSi0ArdNrKVaolB7Vi3A0KY8cRwFbQRGtdX0BpQ==
px4oU1siCBCy8VtUsx7QFt5Bgbi8WlKKSXE7TwuGzcITv78O6XLgNTWLZ7icVQroNRJ5Esu21xH6KNmRwhEy7Q==
sxAV59lHm8SruzY3uDrTctJ1BO2xagLfZNwRiKwxxSfVZrFcYPMjdygmW3C2B5DCDlKsp0eEorfl8ikll3b+hR6aomnUMqwgJQGQOnpnZTq6NbE0BZy1bT5k9Nkdm6zR
sxAV59lHm8SruzY3uDrTctJ1BO2xagLfZNwRiKwxxSe3QUplL+kab3y+Ue0Lf210w3LpjFGTA3/VNz6ciew6WA==
sxAV59lHm8SruzY3uDrTctJ1BO2xagLfZNwRiKwxxSetL3WPCZ1Xc8OFaQ5EOKQvACKQopUiZqGjXHglEugporgoiTaePxETA0FB3WMZhmAEQhCZez1vsuk5Moea6imuiP39c01xeubP3MJfannnEQ==
sxAV59lHm8SruzY3uDrTcndCQlWJynGHfuFdXFzfxW02zoRB0Vo6AZIl8/J1Jb6Ik26moYNFKD7WndWTk4O0BJF36R6wDBMJeHaRj9IUDfny6+jibnY4e9N82e0P9lfK
sxAV59lHm8SruzY3uDrTcndCQlWJynGHfuFdXFzfxW2Ata7XOyiRf+YW16eSrOneWfIEkL8EwO0qH7gYob2vVnXiJ+iFz7LsOERCTRO9J/cvzdDjwwdt+uaetzmP/A/0
NVKuJpvrUQQ21sfnMavwnahFwtfQZYRsk9K0I6zmjhCqdqU/H221tBilzB0MnOe7arfwIixR+bsxd9GSuUGAkw==
px4oU1siCBCy8VtUsx7QFt5Bgbi8WlKKSXE7TwuGzcIqxq8geN6NEp1RolSrjF2qOUBqR73z3Dzd5oTK70CkYA==
sxAV59lHm8SruzY3uDrTcndCQlWJynGHfuFdXFzfxW2UThcYbUDIvceHRQrPwjAwaDLsr1iicjlPNLaD+TjQ1DBIfRUtxSj9bafBwVgqNrYe1+N1BhLTRUJOmdJ7CEaO
sxAV59lHm8SruzY3uDrTctJ1BO2xagLfZNwRiKwxxSce82D6AT9wghgvd56k1jCZZr3YQ7gBQvKvz3wAZn3ZDWs4JvB9fJwipSWX+Wh9E6A=
NVKuJpvrUQQ21sfnMavwnahFwtfQZYRsk9K0I6zmjhA4zk40DIPC2cBNHVZw2ul+tBDRh5UBk/TjQnz5gsBH1Q==
px4oU1siCBCy8VtUsx7QFt5Bgbi8WlKKSXE7TwuGzcLcUrTBpNxai7wgwzmXd2RGU7vEQ6PgePSD3bZUqKextw==
sxAV59lHm8SruzY3uDrTctJ1BO2xagLfZNwRiKwxxSfmniXCiSWRLThX7DfT3x7r+ZA0V6lzOGFdx3T2k+ucP6XEAiQeSUj3ZZKdaXdROt8=
px4oU1siCBCy8VtUsx7QFt5Bgbi8WlKKSXE7TwuGzcJq8trOJcZdXStFxkelQEsTs30Lqlx5oWEuF22lHNub+w==
NVKuJpvrUQQ21sfnMavwnahFwtfQZYRsk9K0I6zmjhB6D/kIa0PLjlX6DmxIJfZiB4Cu0paSrY9WknghXNAQnw==
px4oU1siCBCy8VtUsx7QFt5Bgbi8WlKKSXE7TwuGzcLOSwfvNBK5YwG2sbVBjLCnluM27oeZy6YrmN/rASeL4A==
NVKuJpvrUQQ21sfnMavwnahFwtfQZYRsk9K0I6zmjhApGbhgULaZ36TriYek15mrva59IV/D1klz2lWLCGOOeA==
px4oU1siCBCy8VtUsx7QFt5Bgbi8WlKKSXE7TwuGzcJnIPybxAfDN9XwJ2SoojtqG5ilu81RhWaUYU7bYg5W/g==
sxAV59lHm8SruzY3uDrTctJ1BO2xagLfZNwRiKwxxSdDR+vKRLTh1EX+yx9TnevnslIbGydNc5+YQ9c7QlQnAOJIRm94DYh3B+79TRuRLH2GCrSqDxEMlPsEkZVUzDob
sxAV59lHm8SruzY3uDrTctJ1BO2xagLfZNwRiKwxxSf6Db3fNhazA7v4noZ20QftE6bniZzbvMBEXVtiqavCtA==
sxAV59lHm8SruzY3uDrTctJ1BO2xagLfZNwRiKwxxSdp/Knsv3Ywpk2C5XAg7WP6otbDG0KfYvBgNQb+SLppl+xy8XvoJPPHqwL/5l4013aiXteJJI8QsqUdbItK65TxwAs8RzFJu4mkIpxo3iOsnw==
sxAV59lHm8SruzY3uDrTcndCQlWJynGHfuFdXFzfxW1rsEyZMRFGQ0dmhB5oEQ8kuy6PudV9RjGV26xQflUm+hyt3mC4+rFlHF97uiJPDxWXfhvdsQyHymOeDigT5SNP
sxAV59lHm8SruzY3uDrTcndCQlWJynGHfuFdXFzfxW2A62dbYCl/YxiwbnifNSMDPA+sDsptfiFQHmqoSFZn3rjPSVgQ8jsRXvBbXg6yVaQ+4OMActzzPocvUxSKACvp
sxAV59lHm8SruzY3uDrTcndCQlWJynGHfuFdXFzfxW2Lk+ZiJzQD1FCeGT+kM8D+ksO0ahy0ZMn9Rr0z4GRl2cS+PHyk/lR8skZAv6u0x7hpzoXkEq2LlroEPqkIKur0
sxAV59lHm8SruzY3uDrTctJ1BO2xagLfZNwRiKwxxSdsFl65x1yhhh2eDvYgzWLt1bVCijHytwUL1YogGSfvdDJFLkiznjbqocA4kcrXXXM=
NVKuJpvrUQQ21sfnMavwnahFwtfQZYRsk9K0I6zmjhCfECI8w8aOlhkdtoZ+Bpb4lh2pvaKKhl7evh1rmrcKYw==
px4oU1siCBCy8VtUsx7QFt5Bgbi8WlKKSXE7TwuGzcIpgvjgE3eWXdFSOwA6nD38yVt7aj7yDbcqk6v8QEN+UQ==
sxAV59lHm8SruzY3uDrTcndCQlWJynGHfuFdXFzfxW33u1dfSoiyT0rmZ9VhGG3PNMRs0KlmjOv91Fum/1w3FvXucdHqoFr9FMbW8m/PlFL7QGnCX+obrRvQsbXw2d/X
NVKuJpvrUQQ21sfnMavwnahFwtfQZYRsk9K0I6zmjhCDGDjJazRZqmSduws/GLBRVhHwOoY+oO/a0U2x0AZ8wg==
px4oU1siCBCy8VtUsx7QFtkXKr2YFmJcPNhDZmhJmPEzqosJ+u7ErK6BFg7wj4YPf+p23rZ6ZqcS35w0Q4A9wA==
NVKuJpvrUQQ21sfnMavwnahFwtfQZYRsk9K0I6zmjhDQAGzkL290kbi7KpbDdqtx+97oFxFNpCBQLB3/lkLglw==
px4oU1siCBCy8VtUsx7QFtkXKr2YFmJcPNhDZmhJmPFZPnv+0YFY2YDiqxKpAQAYvc5ZH2Vs6xjd1rFzHFv9IA==
sxAV59lHm8SruzY3uDrTctJ1BO2xagLfZNwRiKwxxSek6kNvO2DqhgDyNkNN392w7XoZ9qqGptHpN9tJatabbGuI17d4lFaAulXn1DcLahI=
