GmcONIA9PFzHw1gpPLLPoqev3ytAH5KO3S/CJpMsylg=
35kyjVfwBJgytCi6KM5Vug==
FNt9orFfFSbPIXNSbXcP2Q==
gE2g7VQeqq0h5MkG44fPUw==
A4ZCFW7RnVRfEnbtNxUDb8VFIQmzxcIFLuiIjRY2q84=
cwgQW1UgxyVfBeSrdwXHsPE1eoSAri+NViVSjTYe4hg=
pYn3RyiaY4vz2unSybTHuw==
mAzeFbkWBGyzJRgEWJSZYQNn44wFaguEUnqkvHVinQw=
NiGef/LGs6v8Em6sqLz1GYGKB0111uCW/TAqgkiW0+w=
2lfNnhNY+w/3xMaMUxJbE0YFT/wvMlSDz8Vrd5FEs18=
V95QPdC1zb2koit4Oi1TchybDRuKHMz+FXPljnl2ZDsN3ul0s0FfndTzmiyBHGLa76HXIpjkq81PyVgkgGik7E0k32y+cbnGNt3Y1yqR3398acdVtaddf6Lu7yBZpOEn
V95QPdC1zb2koit4Oi1TchybDRuKHMz+FXPljnl2ZDsN3ul0s0FfndTzmiyBHGLa89Swrn6h4/fxngeRE5GLejfqVA/USuzX1811RVFdK+VvpvflbUhz5MIkkfkbQSo2
V95QPdC1zb2koit4Oi1TchybDRuKHMz+FXPljnl2ZDsN3ul0s0FfndTzmiyBHGLaYKgd4fVf5C+70tWu+8LB0qhCY5NoiT9iDfl8jvXKSWD7zTLTUfigDiAqVdZLmER7
V95QPdC1zb2koit4Oi1TchybDRuKHMz+FXPljnl2ZDsN3ul0s0FfndTzmiyBHGLa2SAMp5tw11k6ZDc8ZWDQuRiOxVthrXa0wXKkbzG65V53dyWYP1Q0rWgNmpiwsrvrTQipos4dZ3ZGiEsntYUZ5A==
V95QPdC1zb2koit4Oi1TchybDRuKHMz+FXPljnl2ZDsN3ul0s0FfndTzmiyBHGLaZ83I5bKOuT0Fh0K2i9HWmIZkv+5aUrDh0bhfded6YMPzH1jtv1JrNKqKLtAWs0grnY0x2DBNqztq7l/RK0d5p2IVU97VCjOUqRK0ChieQpg55+YOpTKIkzAu/Oq7EPRMNsmTkhQOhmOzuMTOfrIxx4gvcHBq+kefXj1URce8CyAxwgzgUl67vzDXhDlE6/U/FX+hrKmMirzspjt5SBY7F8PCn8i9mFXU54pFH6cIDpjWFv6LYZ+XbxMEpKKccHOHJ2gqmkB0m9XEoU7FP4kG21neXBsixbA76Y6/ad0WmLCGmmJbnpeJlaKbZs1NWboU25tB0OJNIDg462noYmZOyN3iPRoJgOfOX9TWj0MFOIxf/AweZujUSMa4ZtmVKHuV
V95QPdC1zb2koit4Oi1TchybDRuKHMz+FXPljnl2ZDsN3ul0s0FfndTzmiyBHGLa5cIVgdweSPDdY2Vmtfl877hXbScHQei8rcD3t7gq2qoSjmEa2wv2TwZ8Srjwaf7igCXbvYhqoCWfpNXpSCzyH3x/d7FP2UmeYJxhqamllz6ciocUMh+SzNj4Po1KaCELB8P5eP36NHENt175IhAll8desWxSAwWXsz1BgR7ewc1QcP+FFf8hz/juD6PfCjhXzPcC6WNVxrXDs+GXO8/SdPLl1DWrUInA8XQPdsle3YUZzx3AHk/vUgU4O8Ux9i/f8t4Jnw7srh2W3E6BEuHrG3mSavThe7DX/vEK6qhyMutCXhLvJ0fQaE4N9uBMosqOVvZTFLGZswdlWUDe2eiQrvM63yLCQ0R/Q8MGARALJEvn0ng0nQFDY4E9/IV/kJFT
V95QPdC1zb2koit4Oi1TchybDRuKHMz+FXPljnl2ZDvrkb13TyY9dz8dUNjyEtR+cgt2dRKgXLgZglqpnfGJH/aGYIVV/M2si3RW3Aw0EX8HuNeiwW5yjuZsxGqVcfyj9wG0C7z576G6PbMT+yauWQIbFz/w0JQQDmmTcBElGYU=
V95QPdC1zb2koit4Oi1TchybDRuKHMz+FXPljnl2ZDvrkb13TyY9dz8dUNjyEtR+j0ctun89+KkWxXRwW/oYYBBvqj8vkR5STYjgSSEthesB7Qhf4ljiH0qt6Y7oi/XPjlZ9fPhm2BYL//1D5V4QzMNmmj4YrPaHPMPaQODxV8TZK1fHdkHYIbJPVAriBzPyxkix2JIGqihGeGCMBIKN3x40FxzSZ3v74dLwPwXKx7EfL+UoPCX0URH0ez6ZC8tRCSoPcZSYmvQIGZpK6No6CT5pGF4XNxJed2SOtpoU6ZB5oUvE5WXTa4Tuv32rwwLNIEfXGB4TnEGetnoyqwObVU76X2hoE134Mru4LUknNTC5w4jHd0dfdMcN61SedYcPWDt75qzwzkkBHEZ31x3reCKg80CH1YTJHrD4YG+tgkIImUDfPcLu7yblIXIVUowM
V95QPdC1zb2koit4Oi1TchybDRuKHMz+FXPljnl2ZDsHZCgK340tJMvcvtrQhNCWYRxize/joO+CGOeE76NBTm+NWXob4sGfbCUw/niHRmmwhALP1a++vr+7OjTjxaKG
V95QPdC1zb2koit4Oi1TchybDRuKHMz+FXPljnl2ZDuxJFtY76n1yLEyRd+9KzGori0H5dMDSFvvR/tIxFEmokRcHX2YRxSl31SqnYOwO2M=
V95QPdC1zb2koit4Oi1TchybDRuKHMz+FXPljnl2ZDs6D2yOFKXLbQB8bGA7et6wYBjGLQX4YcCo7JDn5wvvi/7nlLWxOOjAjj5fKQLKnGw=
V95QPdC1zb2koit4Oi1TchybDRuKHMz+FXPljnl2ZDs6D2yOFKXLbQB8bGA7et6wnohkYTqZn0cnoAdOJTlm5rVa4otzO/8wRLa2yQ6yV4Q1DO3gI7rrJPUgKo/mfhnB
V95QPdC1zb2koit4Oi1TchybDRuKHMz+FXPljnl2ZDs6D2yOFKXLbQB8bGA7et6wBj8ceKa/KczZtlK0ieJ85UdTFucpDgfONcV+ep54tzjwCKAXYmRL0FXvz7Qbyzyt
V95QPdC1zb2koit4Oi1TchybDRuKHMz+FXPljnl2ZDs6D2yOFKXLbQB8bGA7et6w6KSt9dQxwQUMOm3apppQPgILUo801YXsaAuKQkpo/36UVd0Sp0pdmXeLoMsEcLQ8epwpwZlzRXCTAIucPmsmig==
V95QPdC1zb2koit4Oi1TchybDRuKHMz+FXPljnl2ZDs6D2yOFKXLbQB8bGA7et6wPTTpkw2/vkEJJCr0Gi0knSBRirkAQrH4OdpwIN0U0IqjnvYDBQZU6WqS4ISEcxVQzbytT7oyxr8L0u+M+jLPmTAVtwhcxLxeJvWGbYTRfkDamTxLdtjaMhK5hX9gDuHnTEQNJEn0YFPJmy72JUckAAX7eVMox07+2S0XJ7azHpxsH3HzPtoOxovT9lpfsIKc+ADv0bmlil5HMvWYhJYz1zVrZ2j/QdiIHixdbcvct4TcEtP+Fvw7pkWBH/O2Nd6QCcWOp0RlfmVI2a9wcqi6DTKeef8QeNHrTTzmTovupM13TLgbkroC/TLKUAUcfGBpUV17MdH2wvU1svDues0QfSEg1BTr4V+mAxTQBukp+FflfVihxfr2tdo+UZ7qyHuV
V95QPdC1zb2koit4Oi1TchybDRuKHMz+FXPljnl2ZDs6D2yOFKXLbQB8bGA7et6wvCQ2jkqk3nSD0blC8cfh65zzLcByyvdrrzkAU7yc0KGVMwrt4JdfTFwA8ApOEPfSBYt07gP2deHuXEJgixceLRcFi1bCBVBO8uMQHU5o5fb6uoh4FvfTtF2iFKbmCh0kuuHwtvwWbKUJylPB0zH7LD4jLYKntQfFaffJu3lWGmuVbeNHBW3rE8jrDSpX1ADmEkQi9uAm4lor4Ercpq+2/Ye9sGtXWG0vEYqVr7GiAaQteFFzFJ5EjkT5SL6AIlFygxoLbJU4b2D8vD3one3knBQlRj2l8kNaFt7OGj9obtIiqHAMbgASZmzeFhRa3Bu5en6CFwFxZZwx6eIBJYRlSXDkI0XtcQA2AqLJWDpB1xM5OKNydshN0KZzo43U82i+
V95QPdC1zb2koit4Oi1TchybDRuKHMz+FXPljnl2ZDugYufrkK1QF6bYtIw+ssfDhnbENDWKJtuw0hV+mwd2JS4zuB8nocjxIPt5PbJuht2r3gz4SaxwuF6jtS91KBVo
V95QPdC1zb2koit4Oi1TchybDRuKHMz+FXPljnl2ZDu76K4r+CwAoQKrxHq/fjvc3Dnroc5l5uY3yC8Nc01oqf7A0kiM/2dqbMqfkg85Z0NWq4A2//h/80IO1LBRnvxcD/w+rclYUWwFdZfdb7DuicpvnohBp2eqwVuxXqacY9IvFm8OkVCCZzLVSII/Dv3xJ29XLOM5E/SYMld0kqZnAN6n8fvtlW5XaguDOwEtAVYPxZ+9hAORPf2aKueEGgY5g9tB7pNZoadZ5j25ioV75kqc7u+GFxsGfopzPTkQxAvURkPIQqIgNn3n81qz4f2BFRZFhNGS3rdgdRH/gUMn/GP1Dd+MIMYTqqgygvyFxqBrEbxuWrSMJvxMT3B7jt7RubHaCXrNG110uboWu3ply/bT4mQD7ti7Mj9ZItDaAwtS49YXbafvqN8PTKcX7T/8
V95QPdC1zb2koit4Oi1TchybDRuKHMz+FXPljnl2ZDu76K4r+CwAoQKrxHq/fjvc2kYkyvNxF+okjBn49fIEl2pI+28TLK2UBREmtd0L3CW/3QqftPjLnKiJbu7B+THbco+ElHlXW/CDT37LqXpkewxMrmly1YdOBGf4qU6AsWo=
V95QPdC1zb2koit4Oi1TchybDRuKHMz+FXPljnl2ZDu9PgVs0TaT712VGIkw24moobS8q14sBzjbz/3DnBbLTRX7tr/RBY2CTrzGw/byj2StKHZZN2qwID2EXvBQ4yZLtzJpdpcaQzphnXUvW6zacgl1qPpiAfXM3DhTCb6AIeo=
V95QPdC1zb2koit4Oi1TchybDRuKHMz+FXPljnl2ZDu9PgVs0TaT712VGIkw24mofsMHnlnqCxhAePmCU/8vmbOpo6OuI2TYX8LNPPt3eApFomWsh8JwM8ufjRkApitkvKmDgDHSwxC67/64brkoysMtiVkc9dh9OdmRrg1/YCEaf4xZRmIxDNSFikE5TMskTAdWjXo22duecdMYqj77PKugVIR7pD1CalbzwPbOzVFAoiOWY3nijn/nybfdPc1beh9uuJJ/MINsuW8WLf+i20xZiNezqOA9OBCdQV4JExnOw4bjSPvFI9nOnyzhOvZx3JnD+YgBx3ORtxD0v5HdwwdunEuguqT/Tlr7oLjHZnukqdjS/PPS37APmkRd+uKrTdp5rSyARz4jrPcydr3ZMBDd5xSGy6jKSvjwjzKYDB+ZJ1ciY0vVbvrBt7ikuKZ1
