GmcONIA9PFzHw1gpPLLPoqev3ytAH5KO3S/CJpMsylg=
35kyjVfwBJgytCi6KM5Vug==
FNt9orFfFSbPIXNSbXcP2Q==
gE2g7VQeqq0h5MkG44fPUw==
A4ZCFW7RnVRfEnbtNxUDb8VFIQmzxcIFLuiIjRY2q84=
cwgQW1UgxyVfBeSrdwXHsPE1eoSAri+NViVSjTYe4hg=
pYn3RyiaY4vz2unSybTHuw==
mAzeFbkWBGyzJRgEWJSZYQNn44wFaguEUnqkvHVinQw=
NiGef/LGs6v8Em6sqLz1GYGKB0111uCW/TAqgkiW0+w=
2lfNnhNY+w/3xMaMUxJbE0YFT/wvMlSDz8Vrd5FEs18=
V95QPdC1zb2koit4Oi1TchybDRuKHMz+FXPljnl2ZDv6667ehKdTmtybDPmwSkLepAkFT8+nFvoD0ddbvvLW0cGya5zrpL6ie19CZ59KpVc=
V95QPdC1zb2koit4Oi1TchybDRuKHMz+FXPljnl2ZDv6667ehKdTmtybDPmwSkLeDIhgrx3d88r2omSc2KBe1ZRoyDeNJILQ/GrqC5r2rnmHBHQ+AbBxnTUwI/KZdzFf
V95QPdC1zb2koit4Oi1TchybDRuKHMz+FXPljnl2ZDv6667ehKdTmtybDPmwSkLeS6STGP24h02Rd9ckFx95jzsz/Uopw77ocBd3DqIws9k138E2gBMt2SSOKSVTvAyj
V95QPdC1zb2koit4Oi1TchybDRuKHMz+FXPljnl2ZDv6667ehKdTmtybDPmwSkLeve4kgFm1k2w9AFHdjZtVPclM7xaRN8Z94bSRgSG/OaHEauSpf9r/aMrIPL86kE5I3+/2zBN+sWdjilkSwCCl7g==
V95QPdC1zb2koit4Oi1TchybDRuKHMz+FXPljnl2ZDtsvoieidXdb769sRyqhBZVm/XKwbZ2LTiNng8Qxk18KAnxXeR0NDHM0Y+8sfC5muId+9IBbPxA2LrgiofQx+FdOc9K9Iz8bqTjUprJOaM8mApesgnuEd8hGXQJmMdLqQraapwJN3Accxaq6NS+RXn7b8WD4kkg8NQSaoRgvemtJcvHoewewcBJErEh5B03ujM5Vusdr3IWLOektOgpviesYwgL9GHDDQZl8cd4EmBjtBM5l0Pd+/oKbxkIPJhMQv7ssiFInzao6v+Ugj3w9Q6I2V7wFNECqHxXAguL0jEsTHgeLRF1xWSouZzR8ipifzsDu6upc0E4Dttftdkz6zMCn9XFOtomQX7mHvuaoSdf4E70K1C3H7HUh0WHRQWk6raW9Vku2FsDid4ne5uVZMGc
V95QPdC1zb2koit4Oi1TchybDRuKHMz+FXPljnl2ZDtsvoieidXdb769sRyqhBZVm/XKwbZ2LTiNng8Qxk18KHbeL4DYGdXvtlSy/ZHIrjjpbzzWmNREgEvIjVr6prEYgD2Q7oPVBSX1+ECIUR2IM4s1cuV0/b5yEkU3BTkvEvE+GnTZN1I11sTIGmr3HSiNrtyMfnw0ntmgMMobMFqJdBvZGcnkPsLa/dkFoT7uSmvzLsQj9345ihVkBpVFAydNwXoDd80/WcLowLuym4nYYir2xqf2BVOOlIQHaKrm07ar9+rSUqWIAAwY3aqTdDw5dG+4FnPVO7dzJRgd8+oGqm1qarSQnx3KDqy4rZwOQOKxf/oT4W8tVakqW6DighN8JLPL9J0gRBlBAyXjNsr/AdY52sta/d6OdlYxIdCG+4yx7lk2iu/nqoF1cGivTB9x
V95QPdC1zb2koit4Oi1TchybDRuKHMz+FXPljnl2ZDtsvoieidXdb769sRyqhBZVF7m0pkbQWmaw3cm73ijq/ly8ZqeESonI8fV24v5An67D1+jn/YyInm1FTMr4Hsnm
V95QPdC1zb2koit4Oi1TchybDRuKHMz+FXPljnl2ZDsxpybeW4+UTFRjUoLpDThi+fD1SSZ008q3/X4dCUOFBhueOG0MVhm5eMukFJ/sycCM6k2WMJIIayGcUfFyeEa4hFLoRS8ReDDGU08ozrmqu5HyLvk5B31Hre3wmGD5wCs=
V95QPdC1zb2koit4Oi1TchybDRuKHMz+FXPljnl2ZDsxpybeW4+UTFRjUoLpDThiBy+0rmk6AuvnDOX/HEwRX3HRpPxYXNul7EGrfUtquiIGvbMoFRLGRI/0tL4ykj0XTq0dhU1ZHkdE8k9xRXy8OZaXczEd+eN50x+HaqREi68NZ9/Oz8i8PL11sKQhUeFrvcPNsiACj071wDOQGDdDHFmjyB/Wj6+oeX9zaKR1BhzYvCKAIc47yGYSZT1aSqKucFndXTbnEQyoUBuj6qtZhg5u1ubTQRGXmCOOaggMm+UkzuOq++ZOwet7+jVDnIkQp4Vjiwhu5Bn+EWSTsVSciL03AYNxI7HbCYyqrQWzTo3XQ/VTs/b4/fOahQ5+UxBH5pI4hmiLUEHeZAHnADpOgnXg29QBvK74seN4+ct1lFtrWVhWPjiZDAA8XjhM1rjd
V95QPdC1zb2koit4Oi1TchybDRuKHMz+FXPljnl2ZDshJv0glEF4aMhFIjyN/N0YR509sp+KuRoH5/CIryj/PN+LACXS6/wXXCRnukcAVSl463un4YBpJjsBpykaebGb
V95QPdC1zb2koit4Oi1TchybDRuKHMz+FXPljnl2ZDs8jGAvzpcZUQr9Wr3ffVjJbLgdzpzVCo5rZee7R/yrNyWdax3t4UXWtFpR0FqBv3p0pQeTX+9HksGNp0DuLkdV
V95QPdC1zb2koit4Oi1TchybDRuKHMz+FXPljnl2ZDszJAtvIRlTTxyJ4q7Jp9YK6ptOnc0nxcgKSyDEOL4rMr9uFY290GFi2W9k/BD4V0k0NLNoGywpQafz9wt9Os0q
V95QPdC1zb2koit4Oi1TchybDRuKHMz+FXPljnl2ZDsEXsPNzBXpJoJYICIIALKDl+ZXLsdWf1DH9mhZk5GKUph7eo4CqRKukBp6J3XtXiE=
V95QPdC1zb2koit4Oi1TchybDRuKHMz+FXPljnl2ZDt/a1DMzcW0eMKd3gPzzauAiyLpl9Ln7gM8Lfjo4bkYph5SJ32LVI+PAMB9EVjxap0=
V95QPdC1zb2koit4Oi1TchybDRuKHMz+FXPljnl2ZDt/a1DMzcW0eMKd3gPzzauAc3I+AfokcdzWcabW3jsRb/tVhM/5VZ8wChHP0rXSeRPL9E8PA25g2ODs97QkhzPQ
V95QPdC1zb2koit4Oi1TchybDRuKHMz+FXPljnl2ZDt/a1DMzcW0eMKd3gPzzauAwC34QE++hBSAzhwlI5suJMx9Ky2NsY+0FUsuHTvWfqeH/xtN/0s33xC112vtLEM0
V95QPdC1zb2koit4Oi1TchybDRuKHMz+FXPljnl2ZDt/a1DMzcW0eMKd3gPzzauAHC6gfiu8pnC1hZqlp7pVF0GOOF3B0JzkfT6s1F4CWFzWLA0PI3uUPnLqtBqWoRPIG7RG97Dn6HY+wKjKFXn3eA==
V95QPdC1zb2koit4Oi1TchybDRuKHMz+FXPljnl2ZDt/a1DMzcW0eMKd3gPzzauADw48A5Vf9lyODWazeaWUPbMbc4cmZrW7/z5eUWEV+rogm5Eq0ic2MhcfZ/5tBYwQ7DRJdtwrq1QTOG0kBwVT40IFqO+lDCKFr34XU1gne1mACiVd4r0He0asn8BajFbIVIMBEpjuC+z/wnw5C2ASQ0CDIKTJN+c3WYpxwOu4JXx/c0jaw3mYEobaHcHCGTrS35fIjmSRX+kq3tJgV302YK+fJLbBmqH/QOn+19UUPr8zgaWwiHPF43mcw62K2F+WgWivflWLKrgnYbBqM/T3WotKNFcuC2ZQRhDigq3oKj3BBlBl8sZCr/CC5W6gveO5EnpU2gRswgMV657gaVrrgnuEFXxl8egBZANuMoYUh6++CoqhHiLj9c6TCu57EJsb
V95QPdC1zb2koit4Oi1TchybDRuKHMz+FXPljnl2ZDt/a1DMzcW0eMKd3gPzzauADw48A5Vf9lyODWazeaWUPT2FH1JgXlji2iM9U1McH8wa6wdO3/kGkJfKyz/NVu//Xu4eCTSV/9rxvAtFfnzj0I5r4KKmgo2Hmu39PICN8XTx5aOnegPXkSdxjq8YB6Jqr8xksigvvnWEeSpJe8II+OqEkYBXrgS3hAiSMnwXKkrOCGaGli6T1NYiyscfh0S8fWmaS2ELT9wliAqIt3yZTIGnnHlDuuipeHqL+c5ZZPBWEnU76m8nESAfRRizFt1SRJno50sD9NMSWpgGwiUgMB/ZXhLMzdFRrUJ0bBzxqpgNjmpkhYGzTwBJwovdy2vWiYSHZidzmA5ThH87dSwsKxH/3e3LVQz073QT6dF3AMmZEQ/q8D8lD3heNt6qvCcV
V95QPdC1zb2koit4Oi1TchybDRuKHMz+FXPljnl2ZDuueM2wRfuxVmRigLIsBcoBQBiET5y+dSXVZ2uKsja76zQbD+fo1Nm0f27ycLsyvD6Tx+Bf0A4Kv3dmQ6/9VUva
V95QPdC1zb2koit4Oi1TchybDRuKHMz+FXPljnl2ZDsd9Bvi7qLH7IsyjdKRg3OGVqtQn5UIXy6c355PCvGinFBmOB7k/c6sxG8Viia7Mxg=
V95QPdC1zb2koit4Oi1TchybDRuKHMz+FXPljnl2ZDuP/7Px0wH5FhKCEbaT0PgI0JqkFtDBQoeU5Pj2GmFco5zJJkJjZsxWgKdAsWX8rx9Z1V2h85fsXBcxQPqR2jZw
V95QPdC1zb2koit4Oi1TchybDRuKHMz+FXPljnl2ZDuP/7Px0wH5FhKCEbaT0PgIC8nvv96AxIHmeXDIjC2WknsHK7IHrS87B4j/8cJp0ZU=
V95QPdC1zb2koit4Oi1TchybDRuKHMz+FXPljnl2ZDt0XHYja0AezArWxdCt1LNZpe8Rqdk5KHOg7+dR0a7aFlWK6YdLxKI4vv8VdB+I/ZMd/vQ+M8cVJ8f7AS2NeeBA
V95QPdC1zb2koit4Oi1TchybDRuKHMz+FXPljnl2ZDuZJJmUc7ikXQdThvf9o+AWdhx6E7mHKbDLf6u4WPwpW2yOFCEj9GBHFK4imOMk3cY=
V95QPdC1zb2koit4Oi1TchybDRuKHMz+FXPljnl2ZDvGcYybnaMv92kJVaiYaacklKBHAcO+95Z0/125HpuG5uvzAHm8CwjYyc39Wdp/wVGi19NcjmE6OV3z/dzSYaCk
V95QPdC1zb2koit4Oi1TchybDRuKHMz+FXPljnl2ZDtmSas0YR6N7pqONrevHyoJiIhJOFhh18GiHu4k0q9JdW0aQKh+NlcSKpHygym/y7w=
V95QPdC1zb2koit4Oi1TchybDRuKHMz+FXPljnl2ZDtSXX1dlA8mUj9++TlqFo6QKQp/CnN1M3sjgpP7fwwMUqlnebJ/7lvPgMJ/2CDpYgdoVJ+KMMIRdfXtTEjLuhFM
V95QPdC1zb2koit4Oi1TchybDRuKHMz+FXPljnl2ZDvw8yB4AwC4STHWAbqlqgoPLZQrUZjvu6iSVwk7Px1QqJ+PktL0iJtcCAOfNZAj1tQ=
V95QPdC1zb2koit4Oi1TchybDRuKHMz+FXPljnl2ZDtnM2Brga1fBFkDlcZQfsaykYvd8UaMp8sNxUREIteO6qDpUwH9QDBx5g+2XuNaPVlgQBxfDL/VxL4y6JzlpABO
V95QPdC1zb2koit4Oi1TchybDRuKHMz+FXPljnl2ZDtYaeva7V2mL8c+USzmngbu87t2QU3fbtwWDAWozCE8ovmD+U6wSUTannBIGUnBvOY=
V95QPdC1zb2koit4Oi1TchybDRuKHMz+FXPljnl2ZDsGqOcMI39JuxdpNt/H6gOFwEQnn++/yBu3/heA0T9dREyV7vrJ04v/KHCtwGMGxGYqBT5vkwRMTuWpZo9G1NZa
V95QPdC1zb2koit4Oi1TchybDRuKHMz+FXPljnl2ZDvq/EPeVomGTOjA+z9I6bGOgy65xqb6S6bvyClhTAr9vZF2rzv1zASamOdhwZ+ojY8=
V95QPdC1zb2koit4Oi1TchybDRuKHMz+FXPljnl2ZDsvQ0oRS6ntN0/JB0K4ivNPABBleXm2q75H0bCObRGAq19Nb8pC9ly4zm6kNQL2FyMrpBVaV/IFGCd2XNa7CiVt
V95QPdC1zb2koit4Oi1TchybDRuKHMz+FXPljnl2ZDuWGFy0t1fKlEdS37XgB6pnOWuulUiXF7nA6xtum2CrNHLsnZWhKcczgrRK52RIslw=
V95QPdC1zb2koit4Oi1TchybDRuKHMz+FXPljnl2ZDuKm3/G94EJ4bz9WAKMxX6iaF/IAtdjcRcuk5s89bp49YD4h9H9I6R3S02AxzcVUEM=
V95QPdC1zb2koit4Oi1TchybDRuKHMz+FXPljnl2ZDuKm3/G94EJ4bz9WAKMxX6iWPF6zqDt+isILUHjqgFz2cEIEVq3wQUH8sE7QhTWUxotQh7NvPni20IGR3GTdqKO
V95QPdC1zb2koit4Oi1TchybDRuKHMz+FXPljnl2ZDuKm3/G94EJ4bz9WAKMxX6i+TVzLE42J3cdY+Z8HB955iyddf/l4yGodz2K2PIiqo3xwTY2V0ofWlyUEVRKSPFo
V95QPdC1zb2koit4Oi1TchybDRuKHMz+FXPljnl2ZDuKm3/G94EJ4bz9WAKMxX6icETLCarWTTgCxdhuHTgLfAmmw3S0LiTQUBm4hyLO7aX/bjHkBWp2nRDfwWh6tGY/LF2Gt1Y+d1mmn9I0hbHWIg==
V95QPdC1zb2koit4Oi1TchybDRuKHMz+FXPljnl2ZDuKm3/G94EJ4bz9WAKMxX6iGNaoDyqdTVPPqB0ujANXkLbCO5huJsjA5cVnaD+2FBfJkMapdEQrdjQHACCdzypx2BvWT0IhRiHLSSYjIRbEBdsEbla0AdCCZwvzr1f+/Lt8dxPZEcRsdP13suXwbQ2fBANO75m2CuKURAcMQAn85jLO/V1aX+2cvd1eUdII9gUbqVWjSrIvv7AucH1/Hql0sAw7GJYrPH4X3J6wiiZT06SdQDZA9UjzrLcbl5t8yLssplVx55+KSJfr2PkiLu/uNVCyUTOmePgHtFIFGZcfJ8S5gb1LulOHVV/VGPbID55GbXWTzVEVD0yimr9zj7MSQmbh42cF6GhCOsijq/aIj+dh1fRY39wI6N/q7MiwDysQx6UWQT51+lJb+7fMmnz7
V95QPdC1zb2koit4Oi1TchybDRuKHMz+FXPljnl2ZDuKm3/G94EJ4bz9WAKMxX6iTij2vnGawOexZ3u6shTWQhApK2EukcTU7wZbwR23xLDjeNm7+e0l/rsNLUWzFeDX0Z+AS5T3xqdQyYL5f0lU3Xc6ZV6kL5URpuoVBY9Sp2+M8LfR38dA23MfzQnujkXhhscj83GIoPQ9IvSVEwMgNqirlh3hJKzQFbW1BZfQR9vt7uGwDM2ThcLnuxDwBAlTRi5fpolSwy9uLamVyK2dHeTLKUoW1ChQTEZ3pLnU1sI6kI/0tD1GSisBvzaqzJdDLYJcrAPPOlpGJp6hNf5q8r/CAEeXSTp9hsiULk1IMp9C7lmP55ht8f0TL1vK8dNiWmCsJ9Laktird1rNQJkhFRSN9ttV4sb668QHu9bHrU6g96gjInvBRCTiSN+J7zO8
V95QPdC1zb2koit4Oi1TchybDRuKHMz+FXPljnl2ZDswbQLAXU3122ggR1IzISeSGnuyQYe8yJloafqLLu/45yEVWUfyWwgJNbjfDjQdhlq87S8pAseEx/Vds0RbHos5
V95QPdC1zb2koit4Oi1TchybDRuKHMz+FXPljnl2ZDt1pw5M8U+N4t1PrCJayYViLQOefI1xwBx+RQRQXpYnLMY24C8BihLiHXwmUWcocE8=
V95QPdC1zb2koit4Oi1TchybDRuKHMz+FXPljnl2ZDvFE/Ie3jxm42nnbqGpB/rNxlBm1n9vGzwvIh7tSQcnRgdBmo880zStEV36s0uOTGSuX7UjLqB3Ckhwp1hfyrBP
V95QPdC1zb2koit4Oi1TchybDRuKHMz+FXPljnl2ZDuhycaTroGD364BhQre9LFViv87AgmFl7oXeUBLu3kjAKrm75B0bN8zB5PfPsjcMrs=
V95QPdC1zb2koit4Oi1TchybDRuKHMz+FXPljnl2ZDuhycaTroGD364BhQre9LFV0MdXwNA8i5C/RsZzIhjAdCE0DWUG9DdjVilwVdUPeoMXuhzGiymsQo+1BC3RdceT
V95QPdC1zb2koit4Oi1TchybDRuKHMz+FXPljnl2ZDuhycaTroGD364BhQre9LFVPLuhB9gebBmJKNIGyk4V1Ol1C381nrbeWQi80JaswUqPZhB9TSglJdDVo0bH7+zn
V95QPdC1zb2koit4Oi1TchybDRuKHMz+FXPljnl2ZDuhycaTroGD364BhQre9LFVOSf/9S6GLeUIomlVV1b1sqDvkuxMIhHEQcPT+WZzs9hXohFqOVm9TQvAHXU40tc+bBeazfKmD7U7iCT15BQJAw==
V95QPdC1zb2koit4Oi1TchybDRuKHMz+FXPljnl2ZDuhycaTroGD364BhQre9LFV397O7EnbACwNX34ljfUoMuDZvQ79Tjr7YtdSu7GECjG0RuOK+JHNXn/NAhDeWHxgXy2K8hOwSumumaHaQHJCDs9BETdJtSPpkDpyz1G2dC3g/WvifjMLpSCNaR+5Y3OzxPKsafjOOFC3P2gN5DcXaY3630xIb/bo5tuQ3Woou7RJwPf+o/0zMMMEyjvssUVCwqf8JF4V9ySVWPmb/0iq5csiyU08gxDLtX1b7cwBJfaDZR7p9qIQtGlSb6xqO0rxQPls6t5psDSOu7zY026mZ1HwbIGVDpZQZiz+dp3twpUo/Z96bg9pApYLko/PoRPS0AvhOMBy18kutsr88KVnrUearrb1DS14q8mnsvzEdNAmJz9GfoCPsRBQwO+/zNqJ
V95QPdC1zb2koit4Oi1TchybDRuKHMz+FXPljnl2ZDuhycaTroGD364BhQre9LFV397O7EnbACwNX34ljfUoMuu2wU7oerOlfVZ3DWsZVk+XstCkWX8GKmGEnyIYxonhK7fHbZdTo4ax283s+JjO7a46ERWAkN9Cxc3oeyYQ+USQvweWJU5oH032aIosV004ZW++YVV0deHcpMpqK6046kjv7PNXj+NhQE5NHNk4u0jqvRykvT/Bx4IsJTVPKmMTC3r6e1oPfSJ+OsryNFweWdW6ryl20gf7Xg/Xi+tbCWExB3i+YINaAZdhswIzXHh4PHNnmhOETSzKfaspwa2l/lRxJffgq28rJBaImoKEo04GbdOdyNj4EeXYD3/y9fMMxjfXMYhM0IEydm0PcYhmBIJKE6DKyHE5QzvEkozeFesessbSw5qk8uSC2vspKho8
