GmcONIA9PFzHw1gpPLLPoqev3ytAH5KO3S/CJpMsylg=
35kyjVfwBJgytCi6KM5Vug==
FNt9orFfFSbPIXNSbXcP2Q==
gE2g7VQeqq0h5MkG44fPUw==
A4ZCFW7RnVRfEnbtNxUDb8VFIQmzxcIFLuiIjRY2q84=
cwgQW1UgxyVfBeSrdwXHsPE1eoSAri+NViVSjTYe4hg=
pYn3RyiaY4vz2unSybTHuw==
mAzeFbkWBGyzJRgEWJSZYQNn44wFaguEUnqkvHVinQw=
NiGef/LGs6v8Em6sqLz1GYGKB0111uCW/TAqgkiW0+w=
2lfNnhNY+w/3xMaMUxJbE0YFT/wvMlSDz8Vrd5FEs18=
V95QPdC1zb2koit4Oi1TchybDRuKHMz+FXPljnl2ZDtVtbf4GEKTk9XV/Xpn1hu7mVeHTWJBbvluTND8trRmreD/O7Y/bBF9gKcFcqC3wmO2CsnztcS9PGbWySiJdHgf
V95QPdC1zb2koit4Oi1TchybDRuKHMz+FXPljnl2ZDtVtbf4GEKTk9XV/Xpn1hu7acXTd7Fe5mLqcOnY1KB+WBOsyxrm78rQzcbTzX36eqObcRhAxrBaKVffvoXlGZFG
V95QPdC1zb2koit4Oi1TchybDRuKHMz+FXPljnl2ZDtVtbf4GEKTk9XV/Xpn1hu7CVw/bhagqx5Gc7D8dGKm9v0rGN6Jluo29/MF22ImAsyXbhFCtgG+O23iMznyP/Ty
V95QPdC1zb2koit4Oi1TchybDRuKHMz+FXPljnl2ZDtVtbf4GEKTk9XV/Xpn1hu7M+nehg9dGkOozaGTysSvv9vR8JqRN3ScAlMV28ZBHPivxAOkD7zC75zqWNWvzLxYL+JBGds4SU74cWN1HIKAWA==
V95QPdC1zb2koit4Oi1TchybDRuKHMz+FXPljnl2ZDtVtbf4GEKTk9XV/Xpn1hu7O8LB6be9zpN8H04C4lGoBZ3BO/xy4gLfb78WZpVPKXVVQxNMJRj6kt0DWFxAC0mManSiEBJmgUvPKHYoiEYgvRYWNOR6UKaDR3nnjvmwRCHQEvspYziu13B/HQZSnRUy5PwqugvQYgbRHPivk3kiO+krrz/AuBojggDTUZbTxOPlYcxcv9wDoj0BTjXQZlVzoQwmrw+eObwNRDda99NTkJOyNOyorRpSto/8aVcINkXcJ9c5HF7SdpZlSt8MYhwokVM+lntYXQsfDpHeGcCuE4RKVxz4WlqK9r0FjL8Wr6gka3yUR5S4gCJUiOwF3CcC3rB/NDLc74W4oxSURlzvz66PV83g37HWBr5E7qnrPztudamIQQ7EliKqaOGvhmhM
V95QPdC1zb2koit4Oi1TchybDRuKHMz+FXPljnl2ZDtVtbf4GEKTk9XV/Xpn1hu7atdEpuQlEgZ3eoejgtXwhXEDQQD3ALqVL0dyDJxSw+wXiOpMtFZ1ODegpURcCqYUr+0Q/hSw+vuJQLkyAwT8IOMDYwArWDes2h3Y/LOFJPvbu1lIYDmzN1kMkOWrFZfSrlvDd4xDG4jztwZD5PYCyImOVDn5DOj171er8hQOvuRamGEt2EBvH5SyWOmFeguCAHWh/w4h9BMyMWte1JihzK0idylvX0b9BMcMFSExI9dJ588xas4oyYgRpDum4qFFpiJKxZew7JX7MjcTnFgtWValyCtQu+GhkMA5+fqcnlXP0dlFtuvYngUUHB0o+wRg0T7HT1WtrLgDqN0OykTW3Y3iAt7kQ0uYEQ1GeMhcVUkehweBqUJ55S033WeyDfFv
V95QPdC1zb2koit4Oi1TchybDRuKHMz+FXPljnl2ZDvXi+PNqoNJ1U5smaONduGLEahiSsU9xh2IJCOHe1sSR0aPKsbkd6df5E2XI4U78R0aDbMRqjyU+7jLH6Dx2w5cAogM0FLqQRkc0zyuYZEca2mbGSMIlxMleExjaLtrIFgcGcHM7Rvi1n9alAULPle4ieOPsNGSfJOr0wDjm5vzZLvlP3YmbMKG4ubU1FEaKzj8dSuwucN8Zn3np5kXlddHOidk9NY1xntdtLEh1slYmBueE1J3lhXZo0EIvZS1XFLybExbgUbRrwBmAqXnbN+baSAkOA9kpdsnODe61UK3lAI3a8UiGa32Kr1g8r4YnppQ6hiZWkz1m+AeaThkOkt7d7UhJd/V+fUSDq6K6rtZYL7ZsPDNYe05t4B07YIUwj1RdBlmqSAUNA1juxEGG98D
V95QPdC1zb2koit4Oi1TchybDRuKHMz+FXPljnl2ZDvXi+PNqoNJ1U5smaONduGLpQrkBMGdcXNqIeVdgMhJw/SEDadxOzEkdCZkipt4Zgb4Ayj1FbZUycMfJMBiJymD77PZFYAF+IH/vlpx31nwr0KOGpJe+ZkbESPui/ycJQM=
V95QPdC1zb2koit4Oi1TchybDRuKHMz+FXPljnl2ZDuwxPfWsr/WVBMBIBVzyqBVhCu1NmcgZhntI6i7lui0W1TJCmx9jO6RXHP0ZYwfgGkWVB7iL+MoA6udt2pZCE0ul66AKwq9LJdTt40l6RaTYY1iNewfNqmC5GsTL2nUy2g=
V95QPdC1zb2koit4Oi1TchybDRuKHMz+FXPljnl2ZDuwxPfWsr/WVBMBIBVzyqBVY4did/pdvU/Zvoyo0yFJIxjI5HRjdNqEP+osNu/Hd6jJ+JOaDnedj/fScmC5xuFLbHS0ncj9mLYKMDVt13lDtuXk+Ii/rlgpWDYF4u8KnXj+vY+Kf/UFWu7LOkPvKv65nk7p3nfihTVu6j+dshQVs1+spO4sH9i7IHsGVEuKahDSHQLsW0LdSaU4WW0k6WIE1MsqCwPBGyBcC9t2zEZUHdDReES+K2i+om2A7xCYdHrtWFyN4DN6NSo9TFGn0PaHaYUMugkG7kzgqtvkePCi7hmepyWiqy9k/gwRFFxcikpynQla39N4ch7TDQ2txq3gOa5zA0bqOPA3lBGLn6+VybVBSSBTF+S4IgpgSsO9OumJ1Myo5Bq3sF41WvJ73wMo
V95QPdC1zb2koit4Oi1TchybDRuKHMz+FXPljnl2ZDtgVuN5f7aJrrXIoCDYDyym/0GN7T4Y0A/TKBYCCH4JlOOr3uSy1u0XsUvV08iQkrH16gfikptGQyk4pz++brnR
V95QPdC1zb2koit4Oi1TchybDRuKHMz+FXPljnl2ZDtgVuN5f7aJrrXIoCDYDyymZcsngphVSDKmaQT3bXQlWanXi2SwDhv7YM69CE55hgOgxzPCmceALQsUEEHheY8i
V95QPdC1zb2koit4Oi1TchybDRuKHMz+FXPljnl2ZDtgVuN5f7aJrrXIoCDYDyym86q21y1wtNsMkSCrvKFgDQZl7mZuSvUnwJhJBRKfCf+Soh3Fv1OOrdiXC8l6Gn7U
V95QPdC1zb2koit4Oi1TchybDRuKHMz+FXPljnl2ZDtgVuN5f7aJrrXIoCDYDyym+zl8++rl/USMmNN99XMygKsMFhCmq2l32w93/JW730ks33ZskpT968kPJYdNuc3v2byprtPvO+m9SOe6oIZO7w==
V95QPdC1zb2koit4Oi1TchybDRuKHMz+FXPljnl2ZDtgVuN5f7aJrrXIoCDYDyymruBgg0TxnGeao7eOaQ6f81Oca1K4byFOmVfHykgZWsf/2ay4l+W82WLsfKgAWzShNO9I9s/+hHkoUx+thnmVZwBb7jZXN1brNFU1E6qepCCfkJhkUCNQrNVW5PawEjdvpboSpA5426OrD5bgwnPZAviAm6bTzwsjbs19zh/M1RFyHB+cA1jr4/0WaSI68DVB9SmhUyaybMp8pVxt0kOHDo7Mws47d1gsvIjhxFBY5zTA2ZkteYgxqIJigrpE7BErdT4SVN57YKi7PuGIUhVfMIKASSRqGm58GC8iWrYGAcPYgj8aUSOvRzI1BlpnhOGF5CbYtCmNT9MRO6BGViGpeTp2GS4gKmtfQvis25MvgjAyfMU7wCVcS9sc+byyg7zz
V95QPdC1zb2koit4Oi1TchybDRuKHMz+FXPljnl2ZDtgVuN5f7aJrrXIoCDYDyymbYcTlBxKORIl3B7gwMwsFcU+RbA5i1178Er5q6nP/zs9FQGiJxldOt4jOeYVquHEyxDI3VxGAE/2eV9jcpH4zZE81vTG0rssjGA+hD/aQbKlnGb3XNjdOXahezKbUx/S958DlNYAL2X5PLv/dRl3Dgb3H5T51hvaylTO2mqyVGnOvmbOuF4xqcnAULFKQkH+cB5bdRUhRil9YxLfg0PLfSx1CXYJKQSNPVA0AGXD1xu66jbbmSzdDAixrCjJCBzhk+3xOXBB9HXTgbeBd33MiYCeY8W3A1UdjM0kLqFxrUbaIjgcjV7O1gtdRkR7r1kgRgjhrbgt97888Af5iXjNJ5Hiof82nL+p4Ns8nX5qlotKCjJz7kBE9ANc0tMkuqda
V95QPdC1zb2koit4Oi1TchybDRuKHMz+FXPljnl2ZDs6D2yOFKXLbQB8bGA7et6w6xb3xaBDp5ysXzG3ddTwgoi1p9atz3FE+4Tv+AwNTvwyo+zBrHQY6EP2oKg1GVxnAF3lxg5SsAWwnaa8JxN+vQf+ZSFVGyGYWMFMNwDuEOSlXW+hmxbC0fZUtElUjH5kqtnmsbp22km9l3dsJ+HCAEqAzd76jjSP3rCDjr2QxXyRqJGscJrP7Vr37AOv50u+AESWEHHNDlPzE872D23Gl5EBFGAqOcAcoup4XdHP80u1CeoIxj9PBTh9FezurY81+fnukeWBfvokrIrQbtuRAk06AxYXu5jHMMnNqVE99JlHxX34lnQW5Xhy2mhlRRT0Owfn0AgNTAf8ZxSIfFpwZj/DwOz7J2K5mM7otaAuZl+s1q7jPUSHcRwIpIlGjrKH
V95QPdC1zb2koit4Oi1TchybDRuKHMz+FXPljnl2ZDs6D2yOFKXLbQB8bGA7et6wovix4At5RsS/0yS6r4JZQaGgJ7b30raOdM+jVGQIxcGfD1e2Z7K2CcJNeR8bfQ2BAyDn6ou/OJqHv/p+dw2E59/6MLO0MYcnfv8b0O8WimQ=
V95QPdC1zb2koit4Oi1TchybDRuKHMz+FXPljnl2ZDuEqiJzgOS4ju/5rd5qZaNKaCzcPHNPCL4YMdbLndpkc8txgLFmnQ1vAf9rKkGKmPQ=
V95QPdC1zb2koit4Oi1TchybDRuKHMz+FXPljnl2ZDsXR9PF03BUlkDzX9XzpEz2yL44P1Ygl3IMwX0BVWbYl9bzFZfP5c0YTu3Cc6jJbC8T/KDaKrdIv8+ZN+6fupSa
V95QPdC1zb2koit4Oi1TchybDRuKHMz+FXPljnl2ZDukRzoM/Aodk1oPCKU1N5ibv4TB1t4U/9aKTiNMONVgh8xrFvSmjpvzZUfdH1kNFkwhu7PKKWscHk7uGPXzLHgrDDcMPeYiLwCKYjY5v73Z4j7km1uToRnScuEjWBsoJEOdzaojJKqV3y9KV9dtj//cgRiD4HxpjNKoVBEbY5mM/HTkPlWg4RUy0Y6X/JtMlzF1NRv07SVIPw3BLl36t8eh53WA9kmLXRT91+cztwWpu6FrZ8VrIEbGrUuqSxdjEVltg6UjWhamuGAaggUnIZ5hx5/5nLVUG6ZI67o55loFjprvXxOmJlDYeq4HnaPRT+e/oo6KFjDIqJd7ANvAgldgFI5WCATZCmPauHeQVuqYhm9+i74kRZ3PhPAzLI6I6rulCDlUAFFirigvp7TxOul2
V95QPdC1zb2koit4Oi1TchybDRuKHMz+FXPljnl2ZDukRzoM/Aodk1oPCKU1N5ib3RO4tXTfVN32LRNYfK1dnTNJcqGow06VEmM/q3Ol699Y5oPaLKe/d7lpQcwG416GAuMFSkwr83kyAN4rUjMF+Euq29XBxflPFsBtPoK7dkI=
