GmcONIA9PFzHw1gpPLLPoqev3ytAH5KO3S/CJpMsylg=
35kyjVfwBJgytCi6KM5Vug==
FNt9orFfFSbPIXNSbXcP2Q==
gE2g7VQeqq0h5MkG44fPUw==
A4ZCFW7RnVRfEnbtNxUDb8VFIQmzxcIFLuiIjRY2q84=
cwgQW1UgxyVfBeSrdwXHsPE1eoSAri+NViVSjTYe4hg=
pYn3RyiaY4vz2unSybTHuw==
mAzeFbkWBGyzJRgEWJSZYQNn44wFaguEUnqkvHVinQw=
NiGef/LGs6v8Em6sqLz1GYGKB0111uCW/TAqgkiW0+w=
2lfNnhNY+w/3xMaMUxJbE0YFT/wvMlSDz8Vrd5FEs18=
V95QPdC1zb2koit4Oi1TchybDRuKHMz+FXPljnl2ZDsvLr/QA4Jb85LEZDSEKlRiRL5c+012DxY2TwvYr5qffq++wQMFiFDYNM+7+bAkmBE=
V95QPdC1zb2koit4Oi1TchybDRuKHMz+FXPljnl2ZDsvLr/QA4Jb85LEZDSEKlRi8T83Fdu7iaaxznPsJ+Ru+mgsPdJqq54HWouDaKEKFWgsGN7zHveF9amdhO9DjHD3
V95QPdC1zb2koit4Oi1TchybDRuKHMz+FXPljnl2ZDsvLr/QA4Jb85LEZDSEKlRiebV4q3FmVENbJr8NdEqH7I66tECco5ksIc1jHiZPatoor31pUP0lZNgvZvgRTs55
V95QPdC1zb2koit4Oi1TchybDRuKHMz+FXPljnl2ZDsvLr/QA4Jb85LEZDSEKlRiLncYAyt4PNq9zo8q5Sl5ComSmLV/VzoB5Bgl7AzQN0RWy1fjd5c1eJuBJMBf5gD5hvEbxpeuxHZIvGnvcc3smw==
V95QPdC1zb2koit4Oi1TchybDRuKHMz+FXPljnl2ZDsvLr/QA4Jb85LEZDSEKlRiIPNxtk9PbSMyTvVQ/TGZQNLFuk6kkmlLshp8UZdf8ODHDfxrtQQX4/W06wGpkdZz9k8PSYxhXwR4+pvJX3g2Dy9rDw73ezAfDZ0EJ/kxj+rF00lr3eb6q+vMAIw6Rye4c/AOsX8XT1AZwBYITjYLiOMQXPug57ajm3V7a3IMCgWm0ZLvZEX7s3/HrHmUWq7mb4FKlpUdKAI00eEHV9/Jufc7HmjFFCCRMEndFKimQKWs4FH3qKUSpwuvqvh8+iG6+XZdZgQL2WF0aNseRC7DHM0AToXWbR6/+TNFiNHL0iJpLSFb9HlKHCIUoJX/mruEjKUBoUknjRPrQEIXYY7OkQwbu4xtpMtJBOBMLAR/yifSDUQT/MGzwHt883ZOo3bf
V95QPdC1zb2koit4Oi1TchybDRuKHMz+FXPljnl2ZDsvLr/QA4Jb85LEZDSEKlRi2i8BhdRn2Ir+1vSMQ1Hq72AnZrEkVnd4IlhJBNQon3dT62zrPiu1xcJpI2PLroXXuLbYD3x3lvwp34nCunKYSU27qzkX6ALGBhha88IsJmJGLnsOrgi1dx8kRej1EBIxKCjgSk7UwczqqxAD6DCWSLwqeYQu9TInuST2Nd9w2mnLbc1EOw3P8N1qrGpMgOMJt0sshLovK0cIJ0Qmys/2s+1VGFgrg+Ycq/dEboePiuPpWjqk4AK2RvtaYVY4k2eY6elJXnbodmdu/PzKeYrp8oOVbkn3YhPlAZioD7thvcITb9gmjVcGGT6GDf46PhQ/DDxnHzgHvgID8MbQmXHOHrIL3he2lzmPtTHfWDJNn8peEP483iy37JHte9VeMrc5
V95QPdC1zb2koit4Oi1TchybDRuKHMz+FXPljnl2ZDvnNFA/RoW9ZN33h6VTzVVtcKuVfePkw+mvg4xbepxvvc0Uso3rbJ0zqxmQae3eRNMLGl1UZeQppMoMLcBF4fqr
V95QPdC1zb2koit4Oi1TchybDRuKHMz+FXPljnl2ZDvnNFA/RoW9ZN33h6VTzVVtlygDUXSFL9VomRM1PIyDQhZO/ZwqlgRslcMk2XB+ek4p5JfbmPj6RHbZB9jP73h2
V95QPdC1zb2koit4Oi1TchybDRuKHMz+FXPljnl2ZDvnNFA/RoW9ZN33h6VTzVVt+mfVHwYDXyWXxUFjLG9Wbb3k75x757PapZ38Mn78b/sNoTH+HeK621icpWgoGLPP
V95QPdC1zb2koit4Oi1TchybDRuKHMz+FXPljnl2ZDvnNFA/RoW9ZN33h6VTzVVtSYukiqEmZdRrR6ra3NCFMG2/OhaCnKIHSY3DDp0LtA2gXUIIUAcFl1GF8DopAEWuszjz/h6ARpKmgyn0YGXCAA==
V95QPdC1zb2koit4Oi1TchybDRuKHMz+FXPljnl2ZDvnNFA/RoW9ZN33h6VTzVVtn2UcJm/EtgMhZ0eghQkFjxJaKflhxogIh9ZF34TNqSBmE1JPMSnXVBPtfHwu5uctIEQ07sMwnrlEJ++cf1lj0ly5e3SuWJn1f3b3v9vnuftsVCudv/y+OIrtFLLf1PVEWIi35RFmJElsKOLijNml5+jnoIwtYsyE9ILVXH6loel72z3te7A1/VWvIoHBNDcHGNAAhj7u1FOzLlXggoxmNKRtsSF4sOekcKFAfUPJmo5NyixfCCTyusqkBIz1oGg+UG1eZ0evRMkD1uDjqyCSMKLISjtrKeelcNOQaMt1CAQM8vWgjzh+zgB/+L4nIi/eLoag00OGqSfjpM7ecQi7Dj97kxTDT9rMUxSGTzMA+QNvXOx5APIk2Xfjkb2Zf9Ag
V95QPdC1zb2koit4Oi1TchybDRuKHMz+FXPljnl2ZDvnNFA/RoW9ZN33h6VTzVVt1LDQfRHzD9CNRREJC5cu2kwiEhfj+HAARVD7CKH2V9FHrsWfm5QDnT0vOcRTgQ6pY9Ap+h8nPdEPQ/I2tfBIsv2TO2CTnV+XwnWmY8Ktej/b3RHx1dUJkIJBBXfsresSFnJxDlL0DEK4qxI52e2+q0CldWLjhw/D5LbzMioc1t8/h4++z7ea34tImAbBopSqQZj2PKLuWLH36peXbEisav7mQyp0jzdFaF2BXTYurT7LtyOlGONIC7k7q0ohA+Dt9KrqJ//ZL4GqnCz2RCWyULfNJr9IfdEcqOWOApCC4icjAooLjESw6RZTPccC5XAxecahMZZeptB4JhXVWubaP2echhdOsGMNdYeBQwHuDW6kshUmzHxK8NB7ypAdlPwP
V95QPdC1zb2koit4Oi1TchybDRuKHMz+FXPljnl2ZDunSF4yF2NWHk++hDISYMOrtbqeHnMyPjBP7DhQeZ6IRyq2T/YQbJDaVTt1wlOdvFJy6ZZa+ayQ/VkJyDxtC9bbQYOdip92Fp+7ou6QVH/8LivxEvKItXp/iBkDz0qkDXQ=
V95QPdC1zb2koit4Oi1TchybDRuKHMz+FXPljnl2ZDtLLAUV5qywv/WMaowQKLWQxUxrB74/mTSCSQlnwAPTpdHVPj4HqC14msMxKbuIy4UWF1y7vF20TEvGnrO3hwKNSeTOPPduAsSTafJIEtd7rhN5rg10XskxjSg9NEZFQH0EKTQ+oReXNOsQqgaCd8F0ung1BPX5r4chTzOJOv1MZiJLlYVve/QbYb3CWPpKGFJxyYm1/Ung5t0+ynWpY6uM2+A/CEhYwM3T5y9bXvJ8CP+5HMtmHNW7hRCxw8W7W9CeroIetg0ce4rZ/8w7MNUa27o0EYpB+qCi1W9bnwK37yE/28ALvcKrER97vp9IGZwRUedyk0xoDCEVCZNEyRh2Hqtpp8kAlW0VD2SVeT6U5itlp1GgX7oYQiE2xQ2p4XdXLqcD96MXgNRW+Uex92UG
V95QPdC1zb2koit4Oi1TchybDRuKHMz+FXPljnl2ZDu403qBCbV6CUrcsGis8mJMiMRjxWd6TkS+DxmKIQyGoXnU0O4Nzbb9ruQkqjzOIRUjoRkWsJh8fRw5DLcgL2qPXLqBNTQW0Z0CZ2eLPNor4xTyfzP/inVktpU22z+BDjk=
V95QPdC1zb2koit4Oi1TchybDRuKHMz+FXPljnl2ZDu403qBCbV6CUrcsGis8mJMt+B2avSX8Z0PmTzubjJxt7MjTbCKqFSt9pEIvMeamnaYQwxCiRGBrQykwtaKutQULs6BEb87MIlvSL/DmAKfTfPyUjUCta7qIymtOEycLWcj7cyslOKcY1YSaXgOgTtwdVVhyFeVYZmcnYeFjmRg1gNYeZV/fjW9qLN3bf+WeXw5JXFkTOp8dRxMkbsoxQgD6FcIRAIcI+Amh91yGZKyK/+QtJ7smC2yqk2zBP0bZhr/xtk/I0lH6ptu4Ca7ePwINJZJv8RqnOSC+RTfV1GN7X4xqdvpyVf1I87NmgNZHif+XppiILSXchv59iBhDRbuJOsZVISCIOjbDXXJv212fikSeDsizYPNtBZ2gjHWH+7pHrmbAZm56O3MEpEMYkSW
V95QPdC1zb2koit4Oi1TchybDRuKHMz+FXPljnl2ZDtVe13PKhNFRBFTjjLXUvuEsr1W/Kv/6TaJEpkWDQMG1ix10sUBY6iAkjPihlvxGvtb4kA+pmiL+eVho0TUBUNJ
V95QPdC1zb2koit4Oi1TchybDRuKHMz+FXPljnl2ZDuXmh3hnMR6S+i8rA6vPKXN352DtJwjSYhrFKK7TUSCSfZZ3Lhsy2+11rU8dHYXc3liEBB0Gii/ayd1ipUyDjsH
V95QPdC1zb2koit4Oi1TchybDRuKHMz+FXPljnl2ZDt5oWbjbTMzdRpXZrfU2uKFBIFcqHSO0DWo7ejWJKAjMHTImPx3lz382MTKFx/2p7UVtX2MTAtvoHLFmdDReNYtRcu2muNUtjLtYyUVvhqGPh1QGHD/kW0ZdikPXifJ8HE=
V95QPdC1zb2koit4Oi1TchybDRuKHMz+FXPljnl2ZDt5oWbjbTMzdRpXZrfU2uKFUXiyHscMYB+vcqBPGddjvJ3ua7lCR0xHqUYtQrSoc2I80bFANtd/lUjRgPHp0qwNT5EJaZ2ydETUo+8BLq18TbN01JpDdAueaP8p/zBF2it53pDDdps10Fm00iOgehC9fbJmJrGW2bqFBqNXh6N32SNi0wqTmKp3vTgh2jHN+UDf8xKuGM6Dn2HUUO+D4nG1acDjgk9dFm+ZHOM4klD9uUpGQ4QvkFIDYu/6veejQUy4thD9rWYoSyi2M26i4HZJ5j8WxL1MUrxAPkLp4zjbQp8KE+XWWnzO0Wj7a/iMT7FbGROn9YDITHVCheh0kt1Ennz3M1ugyRwCvg+PG4UadYuJRZX7UJ5QxZiqz1pul1HIqogGqApepM+7RLHAkEct
V95QPdC1zb2koit4Oi1TchybDRuKHMz+FXPljnl2ZDtU+rVAfpIiEg1KdN78OF2bytfN9E8Bu10SoFt2qhnJyzioSf/d9cpCrCqmjjrCsDg=
V95QPdC1zb2koit4Oi1TchybDRuKHMz+FXPljnl2ZDttDPwmJ5Z6/owDBgCP7IAEclPtEc3Hyg072ofGl840zZagmdBNFbOnBb+8Mwoj17JE9pTghAoSIhXPW0IYktVL
V95QPdC1zb2koit4Oi1TchybDRuKHMz+FXPljnl2ZDvHOb31IlGGxm3BzA9PgTEZlTafOExYn+vHX2V6iDLipSZZGFcEhnFCcwdvDG6Q0T6+3DhAV/TG6BzpWiKSV+8MLd41jlbhiJjfMmHnQTeQHRgazjiDcBz14aPihXLUTDw=
V95QPdC1zb2koit4Oi1TchybDRuKHMz+FXPljnl2ZDszEFvZ7liVNYQVaRHGSyLB7ALzkswW4iPpGHCEI3DBll5ZbmGCssYnH5Emw0iAIFx91ftEHDzrOdfKr9yxaROEzN58dsg5RNZs32isrAtk+Xz7D1IRLrjbyH59vpaUPfPKAPDxwyk0OQiTMlC/OJiGUGtW0xBy7ZUUC9jXfhW0Yzni+KhyBeq4z8ZAc+fkLzAomNZvFCC9yyZhdERHWf1F/V6G8aHfdpZ58GUn+eWnXwk1G/MDNWJZvntsqVAN5qJA+ddKByoOFM/Dr+kxexLGXNBGiCTPgXfpIKMAUHoginaFXzys0WtWuWPseL9ATjm4edfEY9+eGieqovczgLSHGBw1Nkl7kDCaUNhHg2Sd3XtXD1547nBUuPXy0OxY+HSeXySBuKWAK/CN7TRFx560
V95QPdC1zb2koit4Oi1TchybDRuKHMz+FXPljnl2ZDtkd4VnfnFBnqprKLKtXslTGAMzGVKXf0yJAKA1VByeVhHgvtChjLgxgXyoVSOZsiw=
