GmcONIA9PFzHw1gpPLLPoqev3ytAH5KO3S/CJpMsylg=
35kyjVfwBJgytCi6KM5Vug==
FNt9orFfFSbPIXNSbXcP2Q==
gE2g7VQeqq0h5MkG44fPUw==
ExPkcbYFeYs2lHSAMsaJBjIbQm7FWZ8YCSkKK1z2aPs=
cwgQW1UgxyVfBeSrdwXHsPE1eoSAri+NViVSjTYe4hg=
pYn3RyiaY4vz2unSybTHuw==
mAzeFbkWBGyzJRgEWJSZYQNn44wFaguEUnqkvHVinQw=
NiGef/LGs6v8Em6sqLz1GYGKB0111uCW/TAqgkiW0+w=
2lfNnhNY+w/3xMaMUxJbE0YFT/wvMlSDz8Vrd5FEs18=
V95QPdC1zb2koit4Oi1TchybDRuKHMz+FXPljnl2ZDslxZZOtE0Ald8MvrlmqX44O8y91TVixBP5L/XQ286JXXp1tHRmHQomviwJrrk9VG0=
V95QPdC1zb2koit4Oi1TchybDRuKHMz+FXPljnl2ZDslxZZOtE0Ald8MvrlmqX44zeiNPMfLYcn76CEb5fOQHrezYK/fsmNdb1u019kb7gxfho0mfok+7v8XeJhfHMrA
V95QPdC1zb2koit4Oi1TchybDRuKHMz+FXPljnl2ZDslxZZOtE0Ald8MvrlmqX44I6kYsKe40IeTCFiq5DNzXgg/6UWJVPva0+BEBGByq3pBgiyz/jPsO55UZpYrlSoy
V95QPdC1zb2koit4Oi1TchybDRuKHMz+FXPljnl2ZDslxZZOtE0Ald8MvrlmqX44rLBiruSGXDzZqT3t09t8Jvknh971223sHHQg1jcXKrlB5qu18enFkZ67X7TKtQavQLrmmzV2QUAg28FFtZ3iiw==
V95QPdC1zb2koit4Oi1TchybDRuKHMz+FXPljnl2ZDslxZZOtE0Ald8MvrlmqX44ni/om29AsLPWWtydJBRy4jWp8MDd5o5YO7to7d6G9siT20cJqbitlShw+rGKGIFCMdB2K/j0pj+54Uiv49WEPpyZHSUeY+Rcj1KhBfMT4/0ke7368NlslpbVvPOfF2+3kRFNwWk0IYxx2/h9WTGYmLzczw1R2VpZuX72xqq7UL/IXruE9XfDmw+QKk3cKLpLwFbpQekWsHaeiEiR3s7m6Fl6Gs7thU1IBO1T4rb1H85z4Vx23gH6zZpksAQZqOX8UdUn50La/aGydWIVsBMZEb7ugS3Y2knJGAlpYI318ONcvVqqhdyShySd0bPZYHAV8RGA+x5tCLpnJzSpA5nZgpmLO6xnVQoM3VE9BFyPlxwepInuWN/CG29NNVaRLRQ4
V95QPdC1zb2koit4Oi1TchybDRuKHMz+FXPljnl2ZDslxZZOtE0Ald8MvrlmqX44ni/om29AsLPWWtydJBRy4h6ocoqIteKTBxNlPeZH+ZjdtXfeD3vgkAhHpmiMUWm03+x95kdnfPmJyhhPD3Wc+WCudKWy+w9FEJbdNPzEDGf/D8dF3iLiUt3kgsAskOU3O4qDR+lGtFq7Dvgzl3DSmy1BTEbA/L8MDfSrx+IgDpGcH5L6V9XM1kfjopOyl1oXbTl4EaTkeAnijdkG0iL7O/3fJDX89yGnTgVXNrt2ycyHKivZTuRTPn8HZsbp5lIgB550WxLz3+jC/V9BH6TWDkA1T+OCMYedCNRbjA97cvmJbRXTipeRS3nnOaAVSiiBBsIFsfA3MzztTg+eyhZ+OtfOLrrhqqh3rZ3+aiLwegAP65uzaIQMzM6VjatMkgO7
V95QPdC1zb2koit4Oi1TchybDRuKHMz+FXPljnl2ZDuZSAuQZzOo5fQRAUwQAdLkf6o6+bMc/pkRQd1p9r7YYXHW6hvr+jJAq10HszmZ8d3IVop0Lweghazw6yuyoZHx
V95QPdC1zb2koit4Oi1TchybDRuKHMz+FXPljnl2ZDu/6ACALfRge8rIkvyJBvZQN6+8LAQ3sGhexVdDf4lZqZM9oND2vECxOGzVGrxZzuUys3W0ng56tAPEgKTb2Xs+UzF+b6iIvXPNVboo7pTJN42cKBaGAolT+bHSZFj26Mk=
V95QPdC1zb2koit4Oi1TchybDRuKHMz+FXPljnl2ZDu/6ACALfRge8rIkvyJBvZQs1yEc4DfVsJLIty7evc4kPB9cZWvCQi928lmPyJ5hgNyC9uY0VhmOS/rmHE++NOOK4QPxlXdIcfPKHfqXYbzemr3JQiF83gHsbU2+od4i9/Q6F4Ftb6iVigh+wa1Rx96TpDojwFUMZWEiQKb4l1a3MTMoo8WU6z95SeYCI/32QH+BlEayIgSlgpMXGyPjuagfKq0g01bAMr3ZUe3IcBLBskcbPcqtbPUtbBut9oCPmSYdBb7TK9jhPKpgqfhoj7xe2CooYGNssV632ql0KcaponDyynl51ln9PAn4fx9yrNTRVfLk9EyvvFsCcq1dGmICw/RHy8bQAD83HFl+wesK6QNeUOhhe5B2dDFHfRBykwI2EaBL9/8CjvgmuwYXnwY
V95QPdC1zb2koit4Oi1TchybDRuKHMz+FXPljnl2ZDvKxET1lReIp1zR1N1xUlbx/BQ3nA7muCc5XfjVNFQwReHGPUrmtYqmPdkkfiScNdDpYkivEyBIn/xWJJ57Eq03
V95QPdC1zb2koit4Oi1TchybDRuKHMz+FXPljnl2ZDtFeLjoZ0oBt7hPFraW5qEg8MqwLrY/l0k1OupoKwtKcKIHT/T5YZc5/oyGpS7ToAQ=
V95QPdC1zb2koit4Oi1TchybDRuKHMz+FXPljnl2ZDtFeLjoZ0oBt7hPFraW5qEgpw1U9qvgP8j7N6OKe+pN+MDhivQpaeXusT+Fp2BTePIKximFn2vAuAPFyIAGomfj
V95QPdC1zb2koit4Oi1TchybDRuKHMz+FXPljnl2ZDtFeLjoZ0oBt7hPFraW5qEgdN9EFv97N84UEx0c34Q+Vw3SbhU+mVJd3WrCOlUGPpTBjtKFSKDj0Mau6+CYZ0U2
V95QPdC1zb2koit4Oi1TchybDRuKHMz+FXPljnl2ZDtFeLjoZ0oBt7hPFraW5qEgjXQxrmW7sZuuaM1pl2yDxFqGGVbYVt74FxS5k7Yl9kGlbuTAgiAPyhdrz+6kFISoKQ61LnGcIDrBlc68VSQQyw==
V95QPdC1zb2koit4Oi1TchybDRuKHMz+FXPljnl2ZDtFeLjoZ0oBt7hPFraW5qEgi0cTQJSZ82vTOdbPSYBI/40SbHAlp4XeWcJVcTF9k3egw3wS6q/upN8pLb8eW7rwC+CJ4J6uMJtEbrUVCqU7z8C2UgxSEoXQoQ8WAOSbS4Er3iDQdsBurmsHUqUhdbKD8hJwQ9qK57JkeQ0X4Y+gbi9fYZnREuk3b8GrCGY5fYm9sen5VMW+/GEIre2+rvAZ+i0rn/p1f6bH64UJg0M8LHxRankfrnEKRK4pGOCqs+LRmwS/jxy1Vqz0bOh5r/OUD0VMXWf5NgIr7L6vZJNan+uNVStj7UjSLuySG14GJmiJ3s0MQi6Q6cebXBg0iJMS9wikED1JUM10EANaYoUDl1IdYrofnUAGoL6+SOmtBG/YyC7Om0fqn4gpLBA4h1Gc
V95QPdC1zb2koit4Oi1TchybDRuKHMz+FXPljnl2ZDtFeLjoZ0oBt7hPFraW5qEgi0cTQJSZ82vTOdbPSYBI/yjPwE2cDQSWVCrE+eHbaos+t9lJyLT6t6SkGnp7AgIIF2A94mNDprowg4qF3qJrGBk25PACwtnb5ikOx6zDs+qOcaCAPYoraM76aQCjPFUgkAQkpzoWxaLLqcWCQGChQboHvTlqxANol+WBLy6lUKm+91KyFECnb/3vAwg1ZbOVed6ri8P0ltS+idpzxhf7LyJUIcAv917xI8U1th+ZtEXurZyc5QwdCJMd7vQk//CmIWIPdr5W8CfgCTIHMsgxZQQ8yhRq0tJyJNDy8dJJWS4iOxffJSwxR5WFJN6GkaVbmyXS2n7AjU/xkTzt4zY82Jv6hs2Fh+ifBKy5m2Xx1yKWExhFJjPOcDBE8MU4mNRn
V95QPdC1zb2koit4Oi1TchybDRuKHMz+FXPljnl2ZDtt6S+ejXwhrUXw87AQzLUELsqPLR1nAs3I6A32FOTGhZDWgFC9PFdc3anL1Zqqa2Lk5B1Sca2IssybjfdAZPG4
V95QPdC1zb2koit4Oi1TchybDRuKHMz+FXPljnl2ZDt39jkbXuSDWjkJBSQcCDzGvUSIM1F9yahVWib69050eSGKFuS3INwthFk8EtU8QG0VAMBgSWSn8/Ku2TYlOCjqR7IYbfmX4FoE9eV1CtueA2e50pCDbnlvdYIhf1DW21K/7++hgK7GE8dkdvRIWJbgKtqaBfyNdwVXujKL/7eSzRz7vycSS2qBf/55RhD0mEepqZWsFwglahRkzKtqqLQcdarSfDqGwiL/FXrIZd1EEWxAiDXWLq8Y/yvyrC85nW7YL43VEqIA6q6EOaU95Z8EhLL7xHwQOgnsAVj0Dw21GJ7YZdi05i2TyoUIN37akczXuv7lSeddO8XuIOiTNvsCfvReO4t14sE5i4BzobHDGMo0wXXs/F/z0G9d6MjKAizcBFd6+NCvesdhc6BH89Z1
V95QPdC1zb2koit4Oi1TchybDRuKHMz+FXPljnl2ZDt39jkbXuSDWjkJBSQcCDzGxZKT2Ql9tUD1kZfZoFPJPfB+9JGjWHUMr7bxnOy7MX1ehsPje8TeNn+NJ2M/mTXfhLjkgj7m+dwwD2MonMAKj2h/F5Wwbqptk308rEqNsvI=
V95QPdC1zb2koit4Oi1TchybDRuKHMz+FXPljnl2ZDuVZ+tLT4W5MQpTecWzmV2OhJrqAdm0hgHZYLq+iowAcuDTqC8rYcqazlyKTlYbrlc=
V95QPdC1zb2koit4Oi1TchybDRuKHMz+FXPljnl2ZDuVZ+tLT4W5MQpTecWzmV2Oyuz/yjh5CPz4ZktFQm8YrBH/YpehhI12rQzTUENrO5TFW8fWXUJn9NzkAzEIwuL4
V95QPdC1zb2koit4Oi1TchybDRuKHMz+FXPljnl2ZDuVZ+tLT4W5MQpTecWzmV2O0Q25tDmovWeZxtSzjOMmr4aL5TfoEG36PeuSCbz4vmfg4WQZcJcN/UhQoasDzqWI
V95QPdC1zb2koit4Oi1TchybDRuKHMz+FXPljnl2ZDuVZ+tLT4W5MQpTecWzmV2OpgmFuIUK73DX/JaDnXndvZ/UzvTzd34mmCUTBCIg1lHmo41gudBIjohuo/5eBdpCCAJhve5YHaepHWVAhYcu3A==
V95QPdC1zb2koit4Oi1TchybDRuKHMz+FXPljnl2ZDuVZ+tLT4W5MQpTecWzmV2OBy09DYbPbGSA9NhHK3FXsaREUZFRZyri7///RuhLxyPp5Ddu6h6d8354B51cf1Z6WwyAsWPwA/jxjjbwsoxuAEa0Hp2gdsuvmfEMMmbSCQ/HXmDUpWLqcd3zbHMhJqNHqWc71iQxoMXpAJHJoGqm1eJuhpplZvc7jtNJ/hjC+w276CCWd5tm3Pf18kX3Cu8V6kJg/3gez/oDw6SAIEJIHm8UmrfDMvSLtqa24eAwFyRWU/Io9CvrVyCtBcdgkIdjKQ7DDrqNZPPpNxr4+CVFIHB8qOXjwcUNTGY6hSzYpiu32S/k8Nzr0s78e7txi1/EEIsnQRL38nmid69Ldd1iYL7igc9CG2Yeu2UXX4ThcGjSpYgyU34AIXuqjRuG6n2s
V95QPdC1zb2koit4Oi1TchybDRuKHMz+FXPljnl2ZDuVZ+tLT4W5MQpTecWzmV2OBy09DYbPbGSA9NhHK3FXsTCeWMT+NLzagMJyKX9MRHf5YvvZvY8wl09py+9jIrQ/BZvA/Z77FScaCA6/epJGppilI3fVK2bJaY8lylFfszdosc9vZfD63BKqZDHaIdqSaYxt2AukvCblZuylfJOi/PABxV96g7KVtgdntNNbjyd9haZvlCSFJh1ms/PRAyruF0z0p8Q7EfzBfpXa8yknwmaKhzja8ShhGDl65+NKg4j5JRLQE8ggAUwUwlH9IkNmhx/RPWT8lU/Yek83rsRuqfWQ+kIDtAh/ctU8PnuFLmaxqSbQXJI008KPGITFy1GuQUjhzf4oRFGkW3arcIYS8sm3FCAzE+Q4PXiNQFc0JyJvnjIZXoKBrX3NKMF/YNo/
V95QPdC1zb2koit4Oi1TchybDRuKHMz+FXPljnl2ZDuVZ+tLT4W5MQpTecWzmV2O4pP3OoL8b6t063eW0OKOFQBtEX24a9E4nMVxEsYXugtIcmZJCd6SzB6/kb1G4T0Y
V95QPdC1zb2koit4Oi1TchybDRuKHMz+FXPljnl2ZDsq5MDm3FtoB6axay3TblOLE0HM21hJQ9tvXpqUbXKu29yd5qDn5JfHt+0aF+z+x93ltxDs1ujk0fe+nq7wJtQl
V95QPdC1zb2koit4Oi1TchybDRuKHMz+FXPljnl2ZDsq5MDm3FtoB6axay3TblOLRwnyj1fy+kpjbz4ag/zuNgUiIllQ0iowM1CZkGcq08ussHQAmX5/hLdxk4K66kwc
V95QPdC1zb2koit4Oi1TchybDRuKHMz+FXPljnl2ZDsq5MDm3FtoB6axay3TblOLF34T4f+ag+Th32WZvjL4QnK9VpD4Vdo90cO3AhZcxduzEVoVYj75VhgOCGVsL98P
V95QPdC1zb2koit4Oi1TchybDRuKHMz+FXPljnl2ZDsq5MDm3FtoB6axay3TblOLHLsLISQGEbnKusVaFozLtcURSNRFDfzIruuSFkLwc5yjeZedc9OX/OY4mV9LE+vY1vIMPhBOeUIQHwVNobB/Aw==
V95QPdC1zb2koit4Oi1TchybDRuKHMz+FXPljnl2ZDsq5MDm3FtoB6axay3TblOLsCWwPrDff9qC37gJKV3nQZOHaRYwwIqfAxKJJQJdVnMf/Sxs+fGsqfodowi7NEY2Po5bCC0QW3zt2av6yZT+AcpA3tDzJeoekB/GF5Gen73ddcR5HzXcU97gSTwWje0pOnwIVRWnlTa9n0ekJvEhrdu7fEkCDTkc/PZ3ayLu4peK5i9w/6arbJrAmX20iOELZ60qv0X62K6L9vb2659TZndzka20Gf5xqLxTRr+QPUQGRGok7A+Kv80Crx1QQ4LNnnoo3HpKZA6VcyvYsLhQjeZNgXa1Wmk4J19wHD4c7M1bywoBWy01iIya/KV4RuYRFJSetymYx+sC1yT61n+qW6riXxD8bmO9KDvwxljDwQM/3soYcpV1BevvkL7LaB+8
V95QPdC1zb2koit4Oi1TchybDRuKHMz+FXPljnl2ZDsq5MDm3FtoB6axay3TblOLzS1++JmW9jCc/5E1mh5L+Mxj0MHWrcilbZgd/xOARc2kDLyoB6iaqWvkZOrqpdD8l1BC5upe2Bo5+Y3Qhkcx7AXEsvM5E3c2NhRZ8hqAB+UFNN9Zxz6zOCjm7exgGxCPOCVWjfd8qWQ1KWO9ixziIKkAVr+GKvDaPRrNNNgzE8CxrE6zlX1JCScW+Uum9HeTONShvsZUJLQgC9VZ5YVvpaT4Jo1+60heRHP8B7HY593kvKrjOtwa35XOUHiWeKHJP/v/f4K/A+BITNjU2mLNK81jGGesC9jrNBMaCtX88J6ZQk6hTgYHT/h60IXSI1m1jzWmycqdZiAyxcTJL/eHnhGlZshLTn8VH8HMo3Lr3Ij11avVzra33UUArMiUo340
V95QPdC1zb2koit4Oi1TchybDRuKHMz+FXPljnl2ZDs+F/dOm1xg0JTCwfMEUN1+8/BOdzr9VWUZCYj1Lrd5/8oKUljTOHUokmYb5RZqsWncJZVl0sUBolI5xRrV5zZejS0nSKPIdkzmx+69ytq9JLJNBFv0Sqou6WR3k7e9LAc=
V95QPdC1zb2koit4Oi1TchybDRuKHMz+FXPljnl2ZDs+F/dOm1xg0JTCwfMEUN1+/yG4Zq47z/Htpiv2sjJzKtZFh34Xg1sM+bBCmgWWuZgT3XldIO3qeemdBDxTzSFyBdjZZaKQ6Bg9VVC6gY14HSaviFA9R0Azx16kvR2BmHrLGQZCth57C0RW3gZyf1aAFdatS0OeFWxkCx7hkMWqWjv6BrR+ScwqUJoyh/f06PaeG32+IfKI5NjbOr7fwH8bO8jD4OZoX6DTIfo8BbxuFmtkU75OPXch5dh17eHc0n08NYnXGGifWQOwBKPtGFgpnkiNU3/XuMDnvyaVEsl0I5LUn4hC6TlUpyPkFxB1hIWeqHODHtzqf3NSvgm05px/EqkamoYGsHV/2eJKh0nEt7x4Sk7Z81ilxw8QOBmuQiYlDNmqU9O3H/cLaFJ1D1yC
V95QPdC1zb2koit4Oi1TchybDRuKHMz+FXPljnl2ZDsN+tsFMjCU8sGLL+ogFHBHDzsHO/UF+C//VBb6P3tWgZWDc+4Vd7lJ3izhQxgIzxg=
V95QPdC1zb2koit4Oi1TchybDRuKHMz+FXPljnl2ZDsslAvs1yqTjchsW2UtDQkBELi++U9BGllqhQakJFi7MjbUjjO1eMgZMQU8Z+uHJYo0r6A7iJ8ux6jKij1wm9tU
V95QPdC1zb2koit4Oi1TchybDRuKHMz+FXPljnl2ZDsslAvs1yqTjchsW2UtDQkBkgIMTP5iNW5bmkS9/2OE1pNxYQGaVvDj/BJq0FeP6KeT1Y40jB6azhqBd4ERf13P
V95QPdC1zb2koit4Oi1TchybDRuKHMz+FXPljnl2ZDsslAvs1yqTjchsW2UtDQkBhMCmP9ImRKDA9xS2xg6buVBgdQwr+3VlmtdpMly0SZ8dhLx6Igcobfi6DmkRjWdM
V95QPdC1zb2koit4Oi1TchybDRuKHMz+FXPljnl2ZDsslAvs1yqTjchsW2UtDQkB8dzrbRc/JYTK7goI/alf/1CT/BY38qECr10eWRWbrDeWL1jcz7J/ZhuZ0kZ9sksyn5jgYYSzDmgOcPDeWftVdw==
V95QPdC1zb2koit4Oi1TchybDRuKHMz+FXPljnl2ZDsslAvs1yqTjchsW2UtDQkBEVgp8ow5Y7nq/evY5GczYPCxJE7n2UMjbj52iGxS1nTPnuFZlGxK0rWFiwIe+iyssXepW55OPAXt4yjm+7dVHLVgyxVQROduktTj7TAAj1bMcX9+/AaQlVp2dF0+kXnXIDkPbDW9LPHGIFvQiScFy+mOU7dMNulgtoZD69ASSvsW/FVl+VmwyxCnwRuw6sZPhI8MSIakhhkGdjw9a9B8a+ivYupwjFenVBHtdGlh1i2PNTbIFqZWdSMi9sbylvOY3v99ZSQLbjT/4sF1FHD1YxZMdMO8kECWnrkN/qhxilF/W8kXsYmnL/W9cCiNTgyBszl++gKGmIX8XUxxNtwGGquFWFH5TlFP3vC3vkJbY7PgobVaKDNkjT9C9eY3hKd1
V95QPdC1zb2koit4Oi1TchybDRuKHMz+FXPljnl2ZDsslAvs1yqTjchsW2UtDQkBq1u58wXku94YoDxmzpppkzXSf0F0GzrWA88LOdnNmTlGdHpt9iIU9QThzKC7+EE1MDm9V111W9V9uj/Gq7te5w0nvlnntpPBgTgxtELcwP1yS5V9gYN6ze4qsGYADeAOxnzy2KziGZjhBZ4WJUJByG9Fm4avET9o85uDpWGpHS1NQgbbyXbgsW74ccIr0Ksp5WTlTpYLYiKdjgyjkhePDjbgcy2o2hItIyGVaHOjCWZZKNxNbr7fYkzAArVDvEPj5SHkiDUNBL9IrWgxJEdcK3GikrEhxE+q4z6etCHM5PbeKQAX9mGWxDEtghbbR+rF56auUsNacJo+G0gr4yVLtLhIeBnAq/ff/I2R+hwtWjboMSTFoiBe/8AHW21kAJ3r
V95QPdC1zb2koit4Oi1TchybDRuKHMz+FXPljnl2ZDsu5dNpIE65qeIW9Fm+Nq1bsD3xqr1jx7dRHa0t7VazMJPlqCKvcPf7dTFvgOLRDeECxvJzjG63mnMmE5DDUg1xsHLTXvgAUQarHk4nHn3g+ISqH95Tq4x6lP0Y/lWRGlE=
V95QPdC1zb2koit4Oi1TchybDRuKHMz+FXPljnl2ZDsu5dNpIE65qeIW9Fm+Nq1bBF8pofy507OMGgFRh6OeMW79mDCMFqDFxqWQ/3evR8tYyaf1btWtyteOPL9iVyfGea6veFoRgmnpkDSmc1RRvx8owj3fkRT2ThrOi6ihXC0rPbtqS3AZ4PjTPyxok2oWmbMIDDUYNrPjFMdLGo1fxWOndAM662kddGL0Odp3Vzh2LE5sqXzm4in+TW35L1rEM7iz/L7XAD1I2gtMnQ7vlWik+JoYXoMeC0tJwpuROE37p/n0k4KXEhgcete9/oBzHiMm3x9WVJPr05iDHRSX3O3UKZggKK5RrzJuagol4xgAOBGtcoBkIqbBX0ci7xGNQRxfipeJDIjqNOlJ3My3NA5gY9twznOKqKYGVZdCHk9iLD4/Wbk5YD3KvQqXOcCc
